<?xml version="1.0" encoding="UTF-8"?>
<testsuite xmlns:xsi="http://www.w3.org/2001/XMLSchema-instance" xsi:noNamespaceSchemaLocation="https://maven.apache.org/surefire/maven-surefire-plugin/xsd/surefire-test-report.xsd" name="org.apache.hadoop.ozone.client.rpc.TestDeleteWithSlowFollower" time="132.989" tests="1" errors="0" skipped="0" failures="1">
  <properties>
    <property name="awt.toolkit" value="sun.awt.X11.XToolkit"/>
    <property name="file.encoding.pkg" value="sun.io"/>
    <property name="java.specification.version" value="1.8"/>
    <property name="sun.cpu.isalist" value=""/>
    <property name="sun.jnu.encoding" value="ANSI_X3.4-1968"/>
    <property name="java.class.path" value="/workdir/hadoop-ozone/integration-test/target/test-classes:/workdir/hadoop-ozone/integration-test/target/classes:/home/user/.m2/repository/org/apache/hadoop/hadoop-ozone-common/0.5.0-SNAPSHOT/hadoop-ozone-common-0.5.0-SNAPSHOT.jar:/home/user/.m2/repository/org/apache/commons/commons-compress/1.4.1/commons-compress-1.4.1.jar:/home/user/.m2/repository/org/tukaani/xz/1.0/xz-1.0.jar:/home/user/.m2/repository/org/apache/hadoop/hadoop-common/3.2.0/hadoop-common-3.2.0.jar:/home/user/.m2/repository/org/apache/hadoop/hadoop-hdfs/3.2.0/hadoop-hdfs-3.2.0.jar:/home/user/.m2/repository/org/apache/hadoop/hadoop-hdfs-client/3.2.0/hadoop-hdfs-client-3.2.0.jar:/home/user/.m2/repository/com/fasterxml/jackson/core/jackson-annotations/2.9.9/jackson-annotations-2.9.9.jar:/home/user/.m2/repository/org/apache/hadoop/hadoop-hdds-common/0.5.0-SNAPSHOT/hadoop-hdds-common-0.5.0-SNAPSHOT.jar:/home/user/.m2/repository/javax/annotation/javax.annotation-api/1.2/javax.annotation-api-1.2.jar:/home/user/.m2/repository/org/apache/ratis/ratis-server/0.5.0-3f446aa-SNAPSHOT/ratis-server-0.5.0-3f446aa-SNAPSHOT.jar:/home/user/.m2/repository/org/apache/ratis/ratis-thirdparty-misc/0.2.0/ratis-thirdparty-misc-0.2.0.jar:/home/user/.m2/repository/org/apache/ratis/ratis-proto/0.5.0-3f446aa-SNAPSHOT/ratis-proto-0.5.0-3f446aa-SNAPSHOT.jar:/home/user/.m2/repository/org/apache/ratis/ratis-common/0.5.0-3f446aa-SNAPSHOT/ratis-common-0.5.0-3f446aa-SNAPSHOT.jar:/home/user/.m2/repository/org/apache/ratis/ratis-client/0.5.0-3f446aa-SNAPSHOT/ratis-client-0.5.0-3f446aa-SNAPSHOT.jar:/home/user/.m2/repository/org/apache/ratis/ratis-metrics/0.5.0-3f446aa-SNAPSHOT/ratis-metrics-0.5.0-3f446aa-SNAPSHOT.jar:/home/user/.m2/repository/com/github/joshelser/dropwizard-metrics-hadoop-metrics2-reporter/0.1.2/dropwizard-metrics-hadoop-metrics2-reporter-0.1.2.jar:/home/user/.m2/repository/io/dropwizard/metrics/metrics-jvm/3.2.5/metrics-jvm-3.2.5.jar:/home/user/.m2/repository/io/dropwizard/metrics/metrics-ganglia/3.2.5/metrics-ganglia-3.2.5.jar:/home/user/.m2/repository/info/ganglia/gmetric4j/gmetric4j/1.0.7/gmetric4j-1.0.7.jar:/home/user/.m2/repository/org/apache/ratis/ratis-netty/0.5.0-3f446aa-SNAPSHOT/ratis-netty-0.5.0-3f446aa-SNAPSHOT.jar:/home/user/.m2/repository/org/apache/ratis/ratis-grpc/0.5.0-3f446aa-SNAPSHOT/ratis-grpc-0.5.0-3f446aa-SNAPSHOT.jar:/home/user/.m2/repository/org/rocksdb/rocksdbjni/6.0.1/rocksdbjni-6.0.1.jar:/home/user/.m2/repository/org/apache/logging/log4j/log4j-api/2.11.0/log4j-api-2.11.0.jar:/home/user/.m2/repository/org/apache/logging/log4j/log4j-core/2.11.0/log4j-core-2.11.0.jar:/home/user/.m2/repository/com/lmax/disruptor/3.4.2/disruptor-3.4.2.jar:/home/user/.m2/repository/org/apache/commons/commons-pool2/2.6.0/commons-pool2-2.6.0.jar:/home/user/.m2/repository/org/bouncycastle/bcpkix-jdk15on/1.60/bcpkix-jdk15on-1.60.jar:/home/user/.m2/repository/commons-validator/commons-validator/1.6/commons-validator-1.6.jar:/home/user/.m2/repository/commons-digester/commons-digester/1.8.1/commons-digester-1.8.1.jar:/home/user/.m2/repository/io/jaegertracing/jaeger-client/0.34.0/jaeger-client-0.34.0.jar:/home/user/.m2/repository/io/jaegertracing/jaeger-thrift/0.34.0/jaeger-thrift-0.34.0.jar:/home/user/.m2/repository/org/apache/thrift/libthrift/0.12.0/libthrift-0.12.0.jar:/home/user/.m2/repository/com/squareup/okhttp3/okhttp/3.9.0/okhttp-3.9.0.jar:/home/user/.m2/repository/com/squareup/okio/okio/1.13.0/okio-1.13.0.jar:/home/user/.m2/repository/io/jaegertracing/jaeger-core/0.34.0/jaeger-core-0.34.0.jar:/home/user/.m2/repository/io/jaegertracing/jaeger-tracerresolver/0.34.0/jaeger-tracerresolver-0.34.0.jar:/home/user/.m2/repository/io/opentracing/contrib/opentracing-tracerresolver/0.1.5/opentracing-tracerresolver-0.1.5.jar:/home/user/.m2/repository/io/opentracing/opentracing-util/0.31.0/opentracing-util-0.31.0.jar:/home/user/.m2/repository/io/opentracing/opentracing-api/0.31.0/opentracing-api-0.31.0.jar:/home/user/.m2/repository/io/opentracing/opentracing-noop/0.31.0/opentracing-noop-0.31.0.jar:/home/user/.m2/repository/org/apache/hadoop/hadoop-hdds-server-framework/0.5.0-SNAPSHOT/hadoop-hdds-server-framework-0.5.0-SNAPSHOT.jar:/home/user/.m2/repository/org/apache/hadoop/hadoop-hdds-container-service/0.5.0-SNAPSHOT/hadoop-hdds-container-service-0.5.0-SNAPSHOT.jar:/home/user/.m2/repository/org/apache/hadoop/hadoop-hdds-client/0.5.0-SNAPSHOT/hadoop-hdds-client-0.5.0-SNAPSHOT.jar:/home/user/.m2/repository/org/apache/hadoop/hadoop-hdds-tools/0.5.0-SNAPSHOT/hadoop-hdds-tools-0.5.0-SNAPSHOT.jar:/home/user/.m2/repository/org/apache/hadoop/hadoop-hdds-server-scm/0.5.0-SNAPSHOT/hadoop-hdds-server-scm-0.5.0-SNAPSHOT.jar:/home/user/.m2/repository/org/apache/hadoop/hadoop-hdds-docs/0.5.0-SNAPSHOT/hadoop-hdds-docs-0.5.0-SNAPSHOT.jar:/home/user/.m2/repository/io/dropwizard/metrics/metrics-core/3.2.4/metrics-core-3.2.4.jar:/home/user/.m2/repository/org/hamcrest/hamcrest-all/1.3/hamcrest-all-1.3.jar:/home/user/.m2/repository/org/bouncycastle/bcprov-jdk15on/1.60/bcprov-jdk15on-1.60.jar:/home/user/.m2/repository/info/picocli/picocli/3.9.6/picocli-3.9.6.jar:/home/user/.m2/repository/com/google/protobuf/protobuf-java/2.5.0/protobuf-java-2.5.0.jar:/home/user/.m2/repository/com/google/guava/guava/11.0.2/guava-11.0.2.jar:/home/user/.m2/repository/org/apache/hadoop/hadoop-ozone-ozone-manager/0.5.0-SNAPSHOT/hadoop-ozone-ozone-manager-0.5.0-SNAPSHOT.jar:/home/user/.m2/repository/org/apache/hadoop/hadoop-minikdc/3.2.0/hadoop-minikdc-3.2.0.jar:/home/user/.m2/repository/commons-io/commons-io/2.5/commons-io-2.5.jar:/home/user/.m2/repository/org/apache/kerby/kerb-simplekdc/1.0.1/kerb-simplekdc-1.0.1.jar:/home/user/.m2/repository/org/apache/kerby/kerb-client/1.0.1/kerb-client-1.0.1.jar:/home/user/.m2/repository/org/apache/kerby/kerby-config/1.0.1/kerby-config-1.0.1.jar:/home/user/.m2/repository/org/apache/kerby/kerb-core/1.0.1/kerb-core-1.0.1.jar:/home/user/.m2/repository/org/apache/kerby/kerby-pkix/1.0.1/kerby-pkix-1.0.1.jar:/home/user/.m2/repository/org/apache/kerby/kerby-asn1/1.0.1/kerby-asn1-1.0.1.jar:/home/user/.m2/repository/org/apache/kerby/kerby-util/1.0.1/kerby-util-1.0.1.jar:/home/user/.m2/repository/org/apache/kerby/kerb-common/1.0.1/kerb-common-1.0.1.jar:/home/user/.m2/repository/org/apache/kerby/kerb-crypto/1.0.1/kerb-crypto-1.0.1.jar:/home/user/.m2/repository/org/apache/kerby/kerb-util/1.0.1/kerb-util-1.0.1.jar:/home/user/.m2/repository/org/apache/kerby/token-provider/1.0.1/token-provider-1.0.1.jar:/home/user/.m2/repository/org/apache/kerby/kerb-admin/1.0.1/kerb-admin-1.0.1.jar:/home/user/.m2/repository/org/apache/kerby/kerb-server/1.0.1/kerb-server-1.0.1.jar:/home/user/.m2/repository/org/apache/kerby/kerb-identity/1.0.1/kerb-identity-1.0.1.jar:/home/user/.m2/repository/org/apache/kerby/kerby-xdr/1.0.1/kerby-xdr-1.0.1.jar:/home/user/.m2/repository/org/slf4j/slf4j-log4j12/1.7.25/slf4j-log4j12-1.7.25.jar:/home/user/.m2/repository/org/apache/hadoop/hadoop-ozone-s3gateway/0.5.0-SNAPSHOT/hadoop-ozone-s3gateway-0.5.0-SNAPSHOT.jar:/home/user/.m2/repository/org/jboss/weld/servlet/weld-servlet/2.4.7.Final/weld-servlet-2.4.7.Final.jar:/home/user/.m2/repository/org/glassfish/jersey/containers/jersey-container-servlet-core/2.27/jersey-container-servlet-core-2.27.jar:/home/user/.m2/repository/org/glassfish/hk2/external/javax.inject/2.5.0-b42/javax.inject-2.5.0-b42.jar:/home/user/.m2/repository/org/glassfish/jersey/core/jersey-common/2.27/jersey-common-2.27.jar:/home/user/.m2/repository/org/glassfish/hk2/osgi-resource-locator/1.0.1/osgi-resource-locator-1.0.1.jar:/home/user/.m2/repository/javax/ws/rs/javax.ws.rs-api/2.1/javax.ws.rs-api-2.1.jar:/home/user/.m2/repository/org/glassfish/jersey/ext/cdi/jersey-cdi1x/2.27/jersey-cdi1x-2.27.jar:/home/user/.m2/repository/org/glassfish/jersey/inject/jersey-hk2/2.27/jersey-hk2-2.27.jar:/home/user/.m2/repository/org/glassfish/hk2/hk2-locator/2.5.0-b42/hk2-locator-2.5.0-b42.jar:/home/user/.m2/repository/org/javassist/javassist/3.22.0-CR2/javassist-3.22.0-CR2.jar:/home/user/.m2/repository/org/glassfish/hk2/hk2-api/2.5.0/hk2-api-2.5.0.jar:/home/user/.m2/repository/org/glassfish/hk2/external/jakarta.inject/2.5.0/jakarta.inject-2.5.0.jar:/home/user/.m2/repository/org/glassfish/hk2/hk2-utils/2.5.0/hk2-utils-2.5.0.jar:/home/user/.m2/repository/jakarta/annotation/jakarta.annotation-api/1.3.4/jakarta.annotation-api-1.3.4.jar:/home/user/.m2/repository/org/glassfish/hk2/external/aopalliance-repackaged/2.5.0/aopalliance-repackaged-2.5.0.jar:/home/user/.m2/repository/com/fasterxml/jackson/dataformat/jackson-dataformat-xml/2.9.0/jackson-dataformat-xml-2.9.0.jar:/home/user/.m2/repository/com/fasterxml/jackson/core/jackson-core/2.9.9/jackson-core-2.9.9.jar:/home/user/.m2/repository/com/fasterxml/jackson/module/jackson-module-jaxb-annotations/2.9.9/jackson-module-jaxb-annotations-2.9.9.jar:/home/user/.m2/repository/javax/enterprise/cdi-api/1.2/cdi-api-1.2.jar:/home/user/.m2/repository/javax/el/javax.el-api/3.0.0/javax.el-api-3.0.0.jar:/home/user/.m2/repository/javax/interceptor/javax.interceptor-api/1.2/javax.interceptor-api-1.2.jar:/home/user/.m2/repository/javax/inject/javax.inject/1/javax.inject-1.jar:/home/user/.m2/repository/com/sun/xml/bind/jaxb-impl/2.3.0.1/jaxb-impl-2.3.0.1.jar:/home/user/.m2/repository/com/sun/xml/bind/jaxb-core/2.3.0.1/jaxb-core-2.3.0.1.jar:/home/user/.m2/repository/javax/xml/bind/jaxb-api/2.3.0/jaxb-api-2.3.0.jar:/home/user/.m2/repository/javax/activation/activation/1.1.1/activation-1.1.1.jar:/home/user/.m2/repository/org/apache/hadoop/hadoop-ozone-csi/0.5.0-SNAPSHOT/hadoop-ozone-csi-0.5.0-SNAPSHOT.jar:/home/user/.m2/repository/com/google/protobuf/protobuf-java-util/3.5.1/protobuf-java-util-3.5.1.jar:/home/user/.m2/repository/org/apache/hadoop/hadoop-hdds-config/0.5.0-SNAPSHOT/hadoop-hdds-config-0.5.0-SNAPSHOT.jar:/home/user/.m2/repository/io/grpc/grpc-netty/1.17.1/grpc-netty-1.17.1.jar:/home/user/.m2/repository/io/grpc/grpc-core/1.17.1/grpc-core-1.17.1.jar:/home/user/.m2/repository/io/grpc/grpc-context/1.17.1/grpc-context-1.17.1.jar:/home/user/.m2/repository/com/google/errorprone/error_prone_annotations/2.2.0/error_prone_annotations-2.2.0.jar:/home/user/.m2/repository/org/codehaus/mojo/animal-sniffer-annotations/1.17/animal-sniffer-annotations-1.17.jar:/home/user/.m2/repository/io/opencensus/opencensus-api/0.17.0/opencensus-api-0.17.0.jar:/home/user/.m2/repository/io/opencensus/opencensus-contrib-grpc-metrics/0.17.0/opencensus-contrib-grpc-metrics-0.17.0.jar:/home/user/.m2/repository/io/netty/netty-codec-http2/4.1.30.Final/netty-codec-http2-4.1.30.Final.jar:/home/user/.m2/repository/io/netty/netty-codec-http/4.1.30.Final/netty-codec-http-4.1.30.Final.jar:/home/user/.m2/repository/io/netty/netty-codec/4.1.30.Final/netty-codec-4.1.30.Final.jar:/home/user/.m2/repository/io/netty/netty-handler/4.1.30.Final/netty-handler-4.1.30.Final.jar:/home/user/.m2/repository/io/netty/netty-handler-proxy/4.1.30.Final/netty-handler-proxy-4.1.30.Final.jar:/home/user/.m2/repository/io/netty/netty-codec-socks/4.1.30.Final/netty-codec-socks-4.1.30.Final.jar:/home/user/.m2/repository/io/netty/netty-transport-native-epoll/4.1.30.Final/netty-transport-native-epoll-4.1.30.Final.jar:/home/user/.m2/repository/io/netty/netty-common/4.1.30.Final/netty-common-4.1.30.Final.jar:/home/user/.m2/repository/io/netty/netty-buffer/4.1.30.Final/netty-buffer-4.1.30.Final.jar:/home/user/.m2/repository/io/netty/netty-transport/4.1.30.Final/netty-transport-4.1.30.Final.jar:/home/user/.m2/repository/io/netty/netty-resolver/4.1.30.Final/netty-resolver-4.1.30.Final.jar:/home/user/.m2/repository/io/netty/netty-transport-native-unix-common/4.1.30.Final/netty-transport-native-unix-common-4.1.30.Final.jar:/home/user/.m2/repository/io/grpc/grpc-protobuf/1.17.1/grpc-protobuf-1.17.1.jar:/home/user/.m2/repository/com/google/api/grpc/proto-google-common-protos/1.0.0/proto-google-common-protos-1.0.0.jar:/home/user/.m2/repository/io/grpc/grpc-protobuf-lite/1.17.1/grpc-protobuf-lite-1.17.1.jar:/home/user/.m2/repository/io/grpc/grpc-stub/1.17.1/grpc-stub-1.17.1.jar:/home/user/.m2/repository/org/apache/hadoop/hadoop-ozone-recon/0.5.0-SNAPSHOT/hadoop-ozone-recon-0.5.0-SNAPSHOT.jar:/home/user/.m2/repository/org/apache/hadoop/hadoop-ozone-reconcodegen/0.5.0-SNAPSHOT/hadoop-ozone-reconcodegen-0.5.0-SNAPSHOT.jar:/home/user/.m2/repository/com/google/inject/extensions/guice-multibindings/4.0/guice-multibindings-4.0.jar:/home/user/.m2/repository/com/google/inject/guice/4.0/guice-4.0.jar:/home/user/.m2/repository/aopalliance/aopalliance/1.0/aopalliance-1.0.jar:/home/user/.m2/repository/com/google/inject/extensions/guice-servlet/4.0/guice-servlet-4.0.jar:/home/user/.m2/repository/org/glassfish/jersey/containers/jersey-container-servlet/2.27/jersey-container-servlet-2.27.jar:/home/user/.m2/repository/org/glassfish/hk2/guice-bridge/2.5.0/guice-bridge-2.5.0.jar:/home/user/.m2/repository/org/glassfish/jersey/core/jersey-server/2.27/jersey-server-2.27.jar:/home/user/.m2/repository/org/glassfish/jersey/core/jersey-client/2.27/jersey-client-2.27.jar:/home/user/.m2/repository/org/glassfish/jersey/media/jersey-media-jaxb/2.27/jersey-media-jaxb-2.27.jar:/home/user/.m2/repository/javax/validation/validation-api/1.1.0.Final/validation-api-1.1.0.Final.jar:/home/user/.m2/repository/org/glassfish/jersey/media/jersey-media-json-jackson/2.27/jersey-media-json-jackson-2.27.jar:/home/user/.m2/repository/org/glassfish/jersey/ext/jersey-entity-filtering/2.27/jersey-entity-filtering-2.27.jar:/home/user/.m2/repository/com/google/inject/extensions/guice-assistedinject/4.0/guice-assistedinject-4.0.jar:/home/user/.m2/repository/org/jooq/jooq/3.11.10/jooq-3.11.10.jar:/home/user/.m2/repository/org/jooq/jooq-meta/3.11.10/jooq-meta-3.11.10.jar:/home/user/.m2/repository/org/jooq/jooq-codegen/3.11.10/jooq-codegen-3.11.10.jar:/home/user/.m2/repository/com/jolbox/bonecp/0.8.0.RELEASE/bonecp-0.8.0.RELEASE.jar:/home/user/.m2/repository/org/xerial/sqlite-jdbc/3.25.2/sqlite-jdbc-3.25.2.jar:/home/user/.m2/repository/org/springframework/spring-jdbc/5.1.3.RELEASE/spring-jdbc-5.1.3.RELEASE.jar:/home/user/.m2/repository/org/springframework/spring-beans/5.1.3.RELEASE/spring-beans-5.1.3.RELEASE.jar:/home/user/.m2/repository/org/springframework/spring-core/5.1.3.RELEASE/spring-core-5.1.3.RELEASE.jar:/home/user/.m2/repository/org/springframework/spring-jcl/5.1.3.RELEASE/spring-jcl-5.1.3.RELEASE.jar:/home/user/.m2/repository/org/springframework/spring-tx/5.1.3.RELEASE/spring-tx-5.1.3.RELEASE.jar:/home/user/.m2/repository/org/apache/hadoop/hadoop-ozone-client/0.5.0-SNAPSHOT/hadoop-ozone-client-0.5.0-SNAPSHOT.jar:/home/user/.m2/repository/commons-lang/commons-lang/2.6/commons-lang-2.6.jar:/home/user/.m2/repository/org/apache/hadoop/hadoop-ozone-ozone-manager/0.5.0-SNAPSHOT/hadoop-ozone-ozone-manager-0.5.0-SNAPSHOT-tests.jar:/home/user/.m2/repository/junit/junit/4.11/junit-4.11.jar:/home/user/.m2/repository/org/hamcrest/hamcrest-core/1.3/hamcrest-core-1.3.jar:/home/user/.m2/repository/org/openjdk/jmh/jmh-core/1.19/jmh-core-1.19.jar:/home/user/.m2/repository/net/sf/jopt-simple/jopt-simple/4.6/jopt-simple-4.6.jar:/home/user/.m2/repository/org/apache/commons/commons-math3/3.1.1/commons-math3-3.1.1.jar:/home/user/.m2/repository/org/openjdk/jmh/jmh-generator-annprocess/1.19/jmh-generator-annprocess-1.19.jar:/home/user/.m2/repository/org/mockito/mockito-all/1.8.5/mockito-all-1.8.5.jar:/home/user/.m2/repository/org/apache/hadoop/hadoop-kms/3.2.0/hadoop-kms-3.2.0.jar:/home/user/.m2/repository/org/apache/hadoop/hadoop-auth/3.2.0/hadoop-auth-3.2.0.jar:/home/user/.m2/repository/com/nimbusds/nimbus-jose-jwt/4.41.1/nimbus-jose-jwt-4.41.1.jar:/home/user/.m2/repository/com/github/stephenc/jcip/jcip-annotations/1.0-1/jcip-annotations-1.0-1.jar:/home/user/.m2/repository/net/minidev/json-smart/2.3/json-smart-2.3.jar:/home/user/.m2/repository/net/minidev/accessors-smart/1.2/accessors-smart-1.2.jar:/home/user/.m2/repository/org/ow2/asm/asm/5.0.4/asm-5.0.4.jar:/home/user/.m2/repository/org/apache/curator/curator-framework/2.12.0/curator-framework-2.12.0.jar:/home/user/.m2/repository/com/sun/jersey/jersey-core/1.19/jersey-core-1.19.jar:/home/user/.m2/repository/javax/ws/rs/jsr311-api/1.1.1/jsr311-api-1.1.1.jar:/home/user/.m2/repository/com/sun/jersey/jersey-server/1.19/jersey-server-1.19.jar:/home/user/.m2/repository/javax/servlet/javax.servlet-api/3.1.0/javax.servlet-api-3.1.0.jar:/home/user/.m2/repository/org/eclipse/jetty/jetty-server/9.3.25.v20180904/jetty-server-9.3.25.v20180904.jar:/home/user/.m2/repository/org/eclipse/jetty/jetty-http/9.3.25.v20180904/jetty-http-9.3.25.v20180904.jar:/home/user/.m2/repository/org/eclipse/jetty/jetty-io/9.3.25.v20180904/jetty-io-9.3.25.v20180904.jar:/home/user/.m2/repository/org/eclipse/jetty/jetty-webapp/9.3.25.v20180904/jetty-webapp-9.3.25.v20180904.jar:/home/user/.m2/repository/org/eclipse/jetty/jetty-xml/9.3.25.v20180904/jetty-xml-9.3.25.v20180904.jar:/home/user/.m2/repository/log4j/log4j/1.2.17/log4j-1.2.17.jar:/home/user/.m2/repository/org/slf4j/slf4j-api/1.7.25/slf4j-api-1.7.25.jar:/home/user/.m2/repository/org/slf4j/jul-to-slf4j/1.7.25/jul-to-slf4j-1.7.25.jar:/home/user/.m2/repository/org/eclipse/jetty/jetty-util/9.3.25.v20180904/jetty-util-9.3.25.v20180904.jar:/home/user/.m2/repository/com/fasterxml/jackson/core/jackson-databind/2.9.9/jackson-databind-2.9.9.jar:/home/user/.m2/repository/org/apache/hadoop/hadoop-kms/3.2.0/hadoop-kms-3.2.0-tests.jar:/home/user/.m2/repository/org/apache/hadoop/hadoop-hdds-server-scm/0.5.0-SNAPSHOT/hadoop-hdds-server-scm-0.5.0-SNAPSHOT-tests.jar:/home/user/.m2/repository/org/apache/hadoop/hadoop-hdds-container-service/0.5.0-SNAPSHOT/hadoop-hdds-container-service-0.5.0-SNAPSHOT-tests.jar:/home/user/.m2/repository/org/yaml/snakeyaml/1.16/snakeyaml-1.16.jar:/home/user/.m2/repository/org/apache/hadoop/hadoop-common/3.2.0/hadoop-common-3.2.0-tests.jar:/home/user/.m2/repository/org/apache/hadoop/hadoop-annotations/3.2.0/hadoop-annotations-3.2.0.jar:/usr/lib/jvm/java-1.8.0-openjdk-1.8.0.222.b10-1.el7_7.x86_64/jre/../lib/tools.jar:/home/user/.m2/repository/commons-cli/commons-cli/1.2/commons-cli-1.2.jar:/home/user/.m2/repository/org/apache/httpcomponents/httpclient/4.5.2/httpclient-4.5.2.jar:/home/user/.m2/repository/org/apache/httpcomponents/httpcore/4.4.4/httpcore-4.4.4.jar:/home/user/.m2/repository/commons-codec/commons-codec/1.11/commons-codec-1.11.jar:/home/user/.m2/repository/commons-net/commons-net/3.6/commons-net-3.6.jar:/home/user/.m2/repository/commons-collections/commons-collections/3.2.2/commons-collections-3.2.2.jar:/home/user/.m2/repository/org/eclipse/jetty/jetty-servlet/9.3.25.v20180904/jetty-servlet-9.3.25.v20180904.jar:/home/user/.m2/repository/org/eclipse/jetty/jetty-security/9.3.25.v20180904/jetty-security-9.3.25.v20180904.jar:/home/user/.m2/repository/javax/servlet/jsp/jsp-api/2.1/jsp-api-2.1.jar:/home/user/.m2/repository/com/sun/jersey/jersey-servlet/1.19/jersey-servlet-1.19.jar:/home/user/.m2/repository/com/sun/jersey/jersey-json/1.19/jersey-json-1.19.jar:/home/user/.m2/repository/org/codehaus/jettison/jettison/1.1/jettison-1.1.jar:/home/user/.m2/repository/org/codehaus/jackson/jackson-core-asl/1.9.13/jackson-core-asl-1.9.13.jar:/home/user/.m2/repository/org/codehaus/jackson/jackson-mapper-asl/1.9.13/jackson-mapper-asl-1.9.13.jar:/home/user/.m2/repository/org/codehaus/jackson/jackson-jaxrs/1.9.13/jackson-jaxrs-1.9.13.jar:/home/user/.m2/repository/org/codehaus/jackson/jackson-xc/1.9.13/jackson-xc-1.9.13.jar:/home/user/.m2/repository/commons-logging/commons-logging/1.1.3/commons-logging-1.1.3.jar:/home/user/.m2/repository/commons-beanutils/commons-beanutils/1.9.4/commons-beanutils-1.9.4.jar:/home/user/.m2/repository/org/apache/commons/commons-configuration2/2.1.1/commons-configuration2-2.1.1.jar:/home/user/.m2/repository/org/apache/commons/commons-lang3/3.7/commons-lang3-3.7.jar:/home/user/.m2/repository/org/apache/commons/commons-text/1.4/commons-text-1.4.jar:/home/user/.m2/repository/org/apache/avro/avro/1.7.7/avro-1.7.7.jar:/home/user/.m2/repository/com/thoughtworks/paranamer/paranamer/2.3/paranamer-2.3.jar:/home/user/.m2/repository/org/xerial/snappy/snappy-java/1.0.5/snappy-java-1.0.5.jar:/home/user/.m2/repository/com/google/re2j/re2j/1.1/re2j-1.1.jar:/home/user/.m2/repository/com/google/code/gson/gson/2.2.4/gson-2.2.4.jar:/home/user/.m2/repository/com/jcraft/jsch/0.1.54/jsch-0.1.54.jar:/home/user/.m2/repository/org/apache/curator/curator-client/2.12.0/curator-client-2.12.0.jar:/home/user/.m2/repository/org/apache/curator/curator-recipes/2.12.0/curator-recipes-2.12.0.jar:/home/user/.m2/repository/com/google/code/findbugs/jsr305/3.0.0/jsr305-3.0.0.jar:/home/user/.m2/repository/org/apache/htrace/htrace-core4/4.1.0-incubating/htrace-core4-4.1.0-incubating.jar:/home/user/.m2/repository/org/apache/zookeeper/zookeeper/3.4.13/zookeeper-3.4.13.jar:/home/user/.m2/repository/jline/jline/0.9.94/jline-0.9.94.jar:/home/user/.m2/repository/org/apache/yetus/audience-annotations/0.5.0/audience-annotations-0.5.0.jar:/home/user/.m2/repository/org/codehaus/woodstox/stax2-api/3.1.4/stax2-api-3.1.4.jar:/home/user/.m2/repository/com/fasterxml/woodstox/woodstox-core/5.0.3/woodstox-core-5.0.3.jar:/home/user/.m2/repository/dnsjava/dnsjava/2.1.7/dnsjava-2.1.7.jar:/home/user/.m2/repository/org/apache/hadoop/hadoop-hdfs/3.2.0/hadoop-hdfs-3.2.0-tests.jar:/home/user/.m2/repository/org/eclipse/jetty/jetty-util-ajax/9.3.25.v20180904/jetty-util-ajax-9.3.25.v20180904.jar:/home/user/.m2/repository/commons-daemon/commons-daemon/1.0.13/commons-daemon-1.0.13.jar:/home/user/.m2/repository/io/netty/netty/3.10.5.Final/netty-3.10.5.Final.jar:/home/user/.m2/repository/io/netty/netty-all/4.0.52.Final/netty-all-4.0.52.Final.jar:/home/user/.m2/repository/org/fusesource/leveldbjni/leveldbjni-all/1.8/leveldbjni-all-1.8.jar:"/>
    <property name="java.vm.vendor" value="Oracle Corporation"/>
    <property name="sun.arch.data.model" value="64"/>
    <property name="test.build.dir" value="/workdir/hadoop-ozone/integration-test/target/test-dir"/>
    <property name="test.cache.data" value=""/>
    <property name="java.vendor.url" value="http://java.oracle.com/"/>
    <property name="user.timezone" value=""/>
    <property name="java.vm.specification.version" value="1.8"/>
    <property name="os.name" value="Linux"/>
    <property name="test.build.data" value="/workdir/hadoop-ozone/integration-test/target/test-dir"/>
    <property name="user.country" value="US"/>
    <property name="sun.java.launcher" value="SUN_STANDARD"/>
    <property name="sun.boot.library.path" value="/usr/lib/jvm/java-1.8.0-openjdk-1.8.0.222.b10-1.el7_7.x86_64/jre/lib/amd64"/>
    <property name="sun.java.command" value="/workdir/hadoop-ozone/integration-test/target/surefire/surefirebooter8943038624299851560.jar /workdir/hadoop-ozone/integration-test/target/surefire 2019-10-18T13-24-55_466-jvmRun1 surefire5596131405149861925tmp surefire_266808209364072698036tmp"/>
    <property name="surefire.test.class.path" value="/workdir/hadoop-ozone/integration-test/target/test-classes:/workdir/hadoop-ozone/integration-test/target/classes:/home/user/.m2/repository/org/apache/hadoop/hadoop-ozone-common/0.5.0-SNAPSHOT/hadoop-ozone-common-0.5.0-SNAPSHOT.jar:/home/user/.m2/repository/org/apache/commons/commons-compress/1.4.1/commons-compress-1.4.1.jar:/home/user/.m2/repository/org/tukaani/xz/1.0/xz-1.0.jar:/home/user/.m2/repository/org/apache/hadoop/hadoop-common/3.2.0/hadoop-common-3.2.0.jar:/home/user/.m2/repository/org/apache/hadoop/hadoop-hdfs/3.2.0/hadoop-hdfs-3.2.0.jar:/home/user/.m2/repository/org/apache/hadoop/hadoop-hdfs-client/3.2.0/hadoop-hdfs-client-3.2.0.jar:/home/user/.m2/repository/com/fasterxml/jackson/core/jackson-annotations/2.9.9/jackson-annotations-2.9.9.jar:/home/user/.m2/repository/org/apache/hadoop/hadoop-hdds-common/0.5.0-SNAPSHOT/hadoop-hdds-common-0.5.0-SNAPSHOT.jar:/home/user/.m2/repository/javax/annotation/javax.annotation-api/1.2/javax.annotation-api-1.2.jar:/home/user/.m2/repository/org/apache/ratis/ratis-server/0.5.0-3f446aa-SNAPSHOT/ratis-server-0.5.0-3f446aa-SNAPSHOT.jar:/home/user/.m2/repository/org/apache/ratis/ratis-thirdparty-misc/0.2.0/ratis-thirdparty-misc-0.2.0.jar:/home/user/.m2/repository/org/apache/ratis/ratis-proto/0.5.0-3f446aa-SNAPSHOT/ratis-proto-0.5.0-3f446aa-SNAPSHOT.jar:/home/user/.m2/repository/org/apache/ratis/ratis-common/0.5.0-3f446aa-SNAPSHOT/ratis-common-0.5.0-3f446aa-SNAPSHOT.jar:/home/user/.m2/repository/org/apache/ratis/ratis-client/0.5.0-3f446aa-SNAPSHOT/ratis-client-0.5.0-3f446aa-SNAPSHOT.jar:/home/user/.m2/repository/org/apache/ratis/ratis-metrics/0.5.0-3f446aa-SNAPSHOT/ratis-metrics-0.5.0-3f446aa-SNAPSHOT.jar:/home/user/.m2/repository/com/github/joshelser/dropwizard-metrics-hadoop-metrics2-reporter/0.1.2/dropwizard-metrics-hadoop-metrics2-reporter-0.1.2.jar:/home/user/.m2/repository/io/dropwizard/metrics/metrics-jvm/3.2.5/metrics-jvm-3.2.5.jar:/home/user/.m2/repository/io/dropwizard/metrics/metrics-ganglia/3.2.5/metrics-ganglia-3.2.5.jar:/home/user/.m2/repository/info/ganglia/gmetric4j/gmetric4j/1.0.7/gmetric4j-1.0.7.jar:/home/user/.m2/repository/org/apache/ratis/ratis-netty/0.5.0-3f446aa-SNAPSHOT/ratis-netty-0.5.0-3f446aa-SNAPSHOT.jar:/home/user/.m2/repository/org/apache/ratis/ratis-grpc/0.5.0-3f446aa-SNAPSHOT/ratis-grpc-0.5.0-3f446aa-SNAPSHOT.jar:/home/user/.m2/repository/org/rocksdb/rocksdbjni/6.0.1/rocksdbjni-6.0.1.jar:/home/user/.m2/repository/org/apache/logging/log4j/log4j-api/2.11.0/log4j-api-2.11.0.jar:/home/user/.m2/repository/org/apache/logging/log4j/log4j-core/2.11.0/log4j-core-2.11.0.jar:/home/user/.m2/repository/com/lmax/disruptor/3.4.2/disruptor-3.4.2.jar:/home/user/.m2/repository/org/apache/commons/commons-pool2/2.6.0/commons-pool2-2.6.0.jar:/home/user/.m2/repository/org/bouncycastle/bcpkix-jdk15on/1.60/bcpkix-jdk15on-1.60.jar:/home/user/.m2/repository/commons-validator/commons-validator/1.6/commons-validator-1.6.jar:/home/user/.m2/repository/commons-digester/commons-digester/1.8.1/commons-digester-1.8.1.jar:/home/user/.m2/repository/io/jaegertracing/jaeger-client/0.34.0/jaeger-client-0.34.0.jar:/home/user/.m2/repository/io/jaegertracing/jaeger-thrift/0.34.0/jaeger-thrift-0.34.0.jar:/home/user/.m2/repository/org/apache/thrift/libthrift/0.12.0/libthrift-0.12.0.jar:/home/user/.m2/repository/com/squareup/okhttp3/okhttp/3.9.0/okhttp-3.9.0.jar:/home/user/.m2/repository/com/squareup/okio/okio/1.13.0/okio-1.13.0.jar:/home/user/.m2/repository/io/jaegertracing/jaeger-core/0.34.0/jaeger-core-0.34.0.jar:/home/user/.m2/repository/io/jaegertracing/jaeger-tracerresolver/0.34.0/jaeger-tracerresolver-0.34.0.jar:/home/user/.m2/repository/io/opentracing/contrib/opentracing-tracerresolver/0.1.5/opentracing-tracerresolver-0.1.5.jar:/home/user/.m2/repository/io/opentracing/opentracing-util/0.31.0/opentracing-util-0.31.0.jar:/home/user/.m2/repository/io/opentracing/opentracing-api/0.31.0/opentracing-api-0.31.0.jar:/home/user/.m2/repository/io/opentracing/opentracing-noop/0.31.0/opentracing-noop-0.31.0.jar:/home/user/.m2/repository/org/apache/hadoop/hadoop-hdds-server-framework/0.5.0-SNAPSHOT/hadoop-hdds-server-framework-0.5.0-SNAPSHOT.jar:/home/user/.m2/repository/org/apache/hadoop/hadoop-hdds-container-service/0.5.0-SNAPSHOT/hadoop-hdds-container-service-0.5.0-SNAPSHOT.jar:/home/user/.m2/repository/org/apache/hadoop/hadoop-hdds-client/0.5.0-SNAPSHOT/hadoop-hdds-client-0.5.0-SNAPSHOT.jar:/home/user/.m2/repository/org/apache/hadoop/hadoop-hdds-tools/0.5.0-SNAPSHOT/hadoop-hdds-tools-0.5.0-SNAPSHOT.jar:/home/user/.m2/repository/org/apache/hadoop/hadoop-hdds-server-scm/0.5.0-SNAPSHOT/hadoop-hdds-server-scm-0.5.0-SNAPSHOT.jar:/home/user/.m2/repository/org/apache/hadoop/hadoop-hdds-docs/0.5.0-SNAPSHOT/hadoop-hdds-docs-0.5.0-SNAPSHOT.jar:/home/user/.m2/repository/io/dropwizard/metrics/metrics-core/3.2.4/metrics-core-3.2.4.jar:/home/user/.m2/repository/org/hamcrest/hamcrest-all/1.3/hamcrest-all-1.3.jar:/home/user/.m2/repository/org/bouncycastle/bcprov-jdk15on/1.60/bcprov-jdk15on-1.60.jar:/home/user/.m2/repository/info/picocli/picocli/3.9.6/picocli-3.9.6.jar:/home/user/.m2/repository/com/google/protobuf/protobuf-java/2.5.0/protobuf-java-2.5.0.jar:/home/user/.m2/repository/com/google/guava/guava/11.0.2/guava-11.0.2.jar:/home/user/.m2/repository/org/apache/hadoop/hadoop-ozone-ozone-manager/0.5.0-SNAPSHOT/hadoop-ozone-ozone-manager-0.5.0-SNAPSHOT.jar:/home/user/.m2/repository/org/apache/hadoop/hadoop-minikdc/3.2.0/hadoop-minikdc-3.2.0.jar:/home/user/.m2/repository/commons-io/commons-io/2.5/commons-io-2.5.jar:/home/user/.m2/repository/org/apache/kerby/kerb-simplekdc/1.0.1/kerb-simplekdc-1.0.1.jar:/home/user/.m2/repository/org/apache/kerby/kerb-client/1.0.1/kerb-client-1.0.1.jar:/home/user/.m2/repository/org/apache/kerby/kerby-config/1.0.1/kerby-config-1.0.1.jar:/home/user/.m2/repository/org/apache/kerby/kerb-core/1.0.1/kerb-core-1.0.1.jar:/home/user/.m2/repository/org/apache/kerby/kerby-pkix/1.0.1/kerby-pkix-1.0.1.jar:/home/user/.m2/repository/org/apache/kerby/kerby-asn1/1.0.1/kerby-asn1-1.0.1.jar:/home/user/.m2/repository/org/apache/kerby/kerby-util/1.0.1/kerby-util-1.0.1.jar:/home/user/.m2/repository/org/apache/kerby/kerb-common/1.0.1/kerb-common-1.0.1.jar:/home/user/.m2/repository/org/apache/kerby/kerb-crypto/1.0.1/kerb-crypto-1.0.1.jar:/home/user/.m2/repository/org/apache/kerby/kerb-util/1.0.1/kerb-util-1.0.1.jar:/home/user/.m2/repository/org/apache/kerby/token-provider/1.0.1/token-provider-1.0.1.jar:/home/user/.m2/repository/org/apache/kerby/kerb-admin/1.0.1/kerb-admin-1.0.1.jar:/home/user/.m2/repository/org/apache/kerby/kerb-server/1.0.1/kerb-server-1.0.1.jar:/home/user/.m2/repository/org/apache/kerby/kerb-identity/1.0.1/kerb-identity-1.0.1.jar:/home/user/.m2/repository/org/apache/kerby/kerby-xdr/1.0.1/kerby-xdr-1.0.1.jar:/home/user/.m2/repository/org/slf4j/slf4j-log4j12/1.7.25/slf4j-log4j12-1.7.25.jar:/home/user/.m2/repository/org/apache/hadoop/hadoop-ozone-s3gateway/0.5.0-SNAPSHOT/hadoop-ozone-s3gateway-0.5.0-SNAPSHOT.jar:/home/user/.m2/repository/org/jboss/weld/servlet/weld-servlet/2.4.7.Final/weld-servlet-2.4.7.Final.jar:/home/user/.m2/repository/org/glassfish/jersey/containers/jersey-container-servlet-core/2.27/jersey-container-servlet-core-2.27.jar:/home/user/.m2/repository/org/glassfish/hk2/external/javax.inject/2.5.0-b42/javax.inject-2.5.0-b42.jar:/home/user/.m2/repository/org/glassfish/jersey/core/jersey-common/2.27/jersey-common-2.27.jar:/home/user/.m2/repository/org/glassfish/hk2/osgi-resource-locator/1.0.1/osgi-resource-locator-1.0.1.jar:/home/user/.m2/repository/javax/ws/rs/javax.ws.rs-api/2.1/javax.ws.rs-api-2.1.jar:/home/user/.m2/repository/org/glassfish/jersey/ext/cdi/jersey-cdi1x/2.27/jersey-cdi1x-2.27.jar:/home/user/.m2/repository/org/glassfish/jersey/inject/jersey-hk2/2.27/jersey-hk2-2.27.jar:/home/user/.m2/repository/org/glassfish/hk2/hk2-locator/2.5.0-b42/hk2-locator-2.5.0-b42.jar:/home/user/.m2/repository/org/javassist/javassist/3.22.0-CR2/javassist-3.22.0-CR2.jar:/home/user/.m2/repository/org/glassfish/hk2/hk2-api/2.5.0/hk2-api-2.5.0.jar:/home/user/.m2/repository/org/glassfish/hk2/external/jakarta.inject/2.5.0/jakarta.inject-2.5.0.jar:/home/user/.m2/repository/org/glassfish/hk2/hk2-utils/2.5.0/hk2-utils-2.5.0.jar:/home/user/.m2/repository/jakarta/annotation/jakarta.annotation-api/1.3.4/jakarta.annotation-api-1.3.4.jar:/home/user/.m2/repository/org/glassfish/hk2/external/aopalliance-repackaged/2.5.0/aopalliance-repackaged-2.5.0.jar:/home/user/.m2/repository/com/fasterxml/jackson/dataformat/jackson-dataformat-xml/2.9.0/jackson-dataformat-xml-2.9.0.jar:/home/user/.m2/repository/com/fasterxml/jackson/core/jackson-core/2.9.9/jackson-core-2.9.9.jar:/home/user/.m2/repository/com/fasterxml/jackson/module/jackson-module-jaxb-annotations/2.9.9/jackson-module-jaxb-annotations-2.9.9.jar:/home/user/.m2/repository/javax/enterprise/cdi-api/1.2/cdi-api-1.2.jar:/home/user/.m2/repository/javax/el/javax.el-api/3.0.0/javax.el-api-3.0.0.jar:/home/user/.m2/repository/javax/interceptor/javax.interceptor-api/1.2/javax.interceptor-api-1.2.jar:/home/user/.m2/repository/javax/inject/javax.inject/1/javax.inject-1.jar:/home/user/.m2/repository/com/sun/xml/bind/jaxb-impl/2.3.0.1/jaxb-impl-2.3.0.1.jar:/home/user/.m2/repository/com/sun/xml/bind/jaxb-core/2.3.0.1/jaxb-core-2.3.0.1.jar:/home/user/.m2/repository/javax/xml/bind/jaxb-api/2.3.0/jaxb-api-2.3.0.jar:/home/user/.m2/repository/javax/activation/activation/1.1.1/activation-1.1.1.jar:/home/user/.m2/repository/org/apache/hadoop/hadoop-ozone-csi/0.5.0-SNAPSHOT/hadoop-ozone-csi-0.5.0-SNAPSHOT.jar:/home/user/.m2/repository/com/google/protobuf/protobuf-java-util/3.5.1/protobuf-java-util-3.5.1.jar:/home/user/.m2/repository/org/apache/hadoop/hadoop-hdds-config/0.5.0-SNAPSHOT/hadoop-hdds-config-0.5.0-SNAPSHOT.jar:/home/user/.m2/repository/io/grpc/grpc-netty/1.17.1/grpc-netty-1.17.1.jar:/home/user/.m2/repository/io/grpc/grpc-core/1.17.1/grpc-core-1.17.1.jar:/home/user/.m2/repository/io/grpc/grpc-context/1.17.1/grpc-context-1.17.1.jar:/home/user/.m2/repository/com/google/errorprone/error_prone_annotations/2.2.0/error_prone_annotations-2.2.0.jar:/home/user/.m2/repository/org/codehaus/mojo/animal-sniffer-annotations/1.17/animal-sniffer-annotations-1.17.jar:/home/user/.m2/repository/io/opencensus/opencensus-api/0.17.0/opencensus-api-0.17.0.jar:/home/user/.m2/repository/io/opencensus/opencensus-contrib-grpc-metrics/0.17.0/opencensus-contrib-grpc-metrics-0.17.0.jar:/home/user/.m2/repository/io/netty/netty-codec-http2/4.1.30.Final/netty-codec-http2-4.1.30.Final.jar:/home/user/.m2/repository/io/netty/netty-codec-http/4.1.30.Final/netty-codec-http-4.1.30.Final.jar:/home/user/.m2/repository/io/netty/netty-codec/4.1.30.Final/netty-codec-4.1.30.Final.jar:/home/user/.m2/repository/io/netty/netty-handler/4.1.30.Final/netty-handler-4.1.30.Final.jar:/home/user/.m2/repository/io/netty/netty-handler-proxy/4.1.30.Final/netty-handler-proxy-4.1.30.Final.jar:/home/user/.m2/repository/io/netty/netty-codec-socks/4.1.30.Final/netty-codec-socks-4.1.30.Final.jar:/home/user/.m2/repository/io/netty/netty-transport-native-epoll/4.1.30.Final/netty-transport-native-epoll-4.1.30.Final.jar:/home/user/.m2/repository/io/netty/netty-common/4.1.30.Final/netty-common-4.1.30.Final.jar:/home/user/.m2/repository/io/netty/netty-buffer/4.1.30.Final/netty-buffer-4.1.30.Final.jar:/home/user/.m2/repository/io/netty/netty-transport/4.1.30.Final/netty-transport-4.1.30.Final.jar:/home/user/.m2/repository/io/netty/netty-resolver/4.1.30.Final/netty-resolver-4.1.30.Final.jar:/home/user/.m2/repository/io/netty/netty-transport-native-unix-common/4.1.30.Final/netty-transport-native-unix-common-4.1.30.Final.jar:/home/user/.m2/repository/io/grpc/grpc-protobuf/1.17.1/grpc-protobuf-1.17.1.jar:/home/user/.m2/repository/com/google/api/grpc/proto-google-common-protos/1.0.0/proto-google-common-protos-1.0.0.jar:/home/user/.m2/repository/io/grpc/grpc-protobuf-lite/1.17.1/grpc-protobuf-lite-1.17.1.jar:/home/user/.m2/repository/io/grpc/grpc-stub/1.17.1/grpc-stub-1.17.1.jar:/home/user/.m2/repository/org/apache/hadoop/hadoop-ozone-recon/0.5.0-SNAPSHOT/hadoop-ozone-recon-0.5.0-SNAPSHOT.jar:/home/user/.m2/repository/org/apache/hadoop/hadoop-ozone-reconcodegen/0.5.0-SNAPSHOT/hadoop-ozone-reconcodegen-0.5.0-SNAPSHOT.jar:/home/user/.m2/repository/com/google/inject/extensions/guice-multibindings/4.0/guice-multibindings-4.0.jar:/home/user/.m2/repository/com/google/inject/guice/4.0/guice-4.0.jar:/home/user/.m2/repository/aopalliance/aopalliance/1.0/aopalliance-1.0.jar:/home/user/.m2/repository/com/google/inject/extensions/guice-servlet/4.0/guice-servlet-4.0.jar:/home/user/.m2/repository/org/glassfish/jersey/containers/jersey-container-servlet/2.27/jersey-container-servlet-2.27.jar:/home/user/.m2/repository/org/glassfish/hk2/guice-bridge/2.5.0/guice-bridge-2.5.0.jar:/home/user/.m2/repository/org/glassfish/jersey/core/jersey-server/2.27/jersey-server-2.27.jar:/home/user/.m2/repository/org/glassfish/jersey/core/jersey-client/2.27/jersey-client-2.27.jar:/home/user/.m2/repository/org/glassfish/jersey/media/jersey-media-jaxb/2.27/jersey-media-jaxb-2.27.jar:/home/user/.m2/repository/javax/validation/validation-api/1.1.0.Final/validation-api-1.1.0.Final.jar:/home/user/.m2/repository/org/glassfish/jersey/media/jersey-media-json-jackson/2.27/jersey-media-json-jackson-2.27.jar:/home/user/.m2/repository/org/glassfish/jersey/ext/jersey-entity-filtering/2.27/jersey-entity-filtering-2.27.jar:/home/user/.m2/repository/com/google/inject/extensions/guice-assistedinject/4.0/guice-assistedinject-4.0.jar:/home/user/.m2/repository/org/jooq/jooq/3.11.10/jooq-3.11.10.jar:/home/user/.m2/repository/org/jooq/jooq-meta/3.11.10/jooq-meta-3.11.10.jar:/home/user/.m2/repository/org/jooq/jooq-codegen/3.11.10/jooq-codegen-3.11.10.jar:/home/user/.m2/repository/com/jolbox/bonecp/0.8.0.RELEASE/bonecp-0.8.0.RELEASE.jar:/home/user/.m2/repository/org/xerial/sqlite-jdbc/3.25.2/sqlite-jdbc-3.25.2.jar:/home/user/.m2/repository/org/springframework/spring-jdbc/5.1.3.RELEASE/spring-jdbc-5.1.3.RELEASE.jar:/home/user/.m2/repository/org/springframework/spring-beans/5.1.3.RELEASE/spring-beans-5.1.3.RELEASE.jar:/home/user/.m2/repository/org/springframework/spring-core/5.1.3.RELEASE/spring-core-5.1.3.RELEASE.jar:/home/user/.m2/repository/org/springframework/spring-jcl/5.1.3.RELEASE/spring-jcl-5.1.3.RELEASE.jar:/home/user/.m2/repository/org/springframework/spring-tx/5.1.3.RELEASE/spring-tx-5.1.3.RELEASE.jar:/home/user/.m2/repository/org/apache/hadoop/hadoop-ozone-client/0.5.0-SNAPSHOT/hadoop-ozone-client-0.5.0-SNAPSHOT.jar:/home/user/.m2/repository/commons-lang/commons-lang/2.6/commons-lang-2.6.jar:/home/user/.m2/repository/org/apache/hadoop/hadoop-ozone-ozone-manager/0.5.0-SNAPSHOT/hadoop-ozone-ozone-manager-0.5.0-SNAPSHOT-tests.jar:/home/user/.m2/repository/junit/junit/4.11/junit-4.11.jar:/home/user/.m2/repository/org/hamcrest/hamcrest-core/1.3/hamcrest-core-1.3.jar:/home/user/.m2/repository/org/openjdk/jmh/jmh-core/1.19/jmh-core-1.19.jar:/home/user/.m2/repository/net/sf/jopt-simple/jopt-simple/4.6/jopt-simple-4.6.jar:/home/user/.m2/repository/org/apache/commons/commons-math3/3.1.1/commons-math3-3.1.1.jar:/home/user/.m2/repository/org/openjdk/jmh/jmh-generator-annprocess/1.19/jmh-generator-annprocess-1.19.jar:/home/user/.m2/repository/org/mockito/mockito-all/1.8.5/mockito-all-1.8.5.jar:/home/user/.m2/repository/org/apache/hadoop/hadoop-kms/3.2.0/hadoop-kms-3.2.0.jar:/home/user/.m2/repository/org/apache/hadoop/hadoop-auth/3.2.0/hadoop-auth-3.2.0.jar:/home/user/.m2/repository/com/nimbusds/nimbus-jose-jwt/4.41.1/nimbus-jose-jwt-4.41.1.jar:/home/user/.m2/repository/com/github/stephenc/jcip/jcip-annotations/1.0-1/jcip-annotations-1.0-1.jar:/home/user/.m2/repository/net/minidev/json-smart/2.3/json-smart-2.3.jar:/home/user/.m2/repository/net/minidev/accessors-smart/1.2/accessors-smart-1.2.jar:/home/user/.m2/repository/org/ow2/asm/asm/5.0.4/asm-5.0.4.jar:/home/user/.m2/repository/org/apache/curator/curator-framework/2.12.0/curator-framework-2.12.0.jar:/home/user/.m2/repository/com/sun/jersey/jersey-core/1.19/jersey-core-1.19.jar:/home/user/.m2/repository/javax/ws/rs/jsr311-api/1.1.1/jsr311-api-1.1.1.jar:/home/user/.m2/repository/com/sun/jersey/jersey-server/1.19/jersey-server-1.19.jar:/home/user/.m2/repository/javax/servlet/javax.servlet-api/3.1.0/javax.servlet-api-3.1.0.jar:/home/user/.m2/repository/org/eclipse/jetty/jetty-server/9.3.25.v20180904/jetty-server-9.3.25.v20180904.jar:/home/user/.m2/repository/org/eclipse/jetty/jetty-http/9.3.25.v20180904/jetty-http-9.3.25.v20180904.jar:/home/user/.m2/repository/org/eclipse/jetty/jetty-io/9.3.25.v20180904/jetty-io-9.3.25.v20180904.jar:/home/user/.m2/repository/org/eclipse/jetty/jetty-webapp/9.3.25.v20180904/jetty-webapp-9.3.25.v20180904.jar:/home/user/.m2/repository/org/eclipse/jetty/jetty-xml/9.3.25.v20180904/jetty-xml-9.3.25.v20180904.jar:/home/user/.m2/repository/log4j/log4j/1.2.17/log4j-1.2.17.jar:/home/user/.m2/repository/org/slf4j/slf4j-api/1.7.25/slf4j-api-1.7.25.jar:/home/user/.m2/repository/org/slf4j/jul-to-slf4j/1.7.25/jul-to-slf4j-1.7.25.jar:/home/user/.m2/repository/org/eclipse/jetty/jetty-util/9.3.25.v20180904/jetty-util-9.3.25.v20180904.jar:/home/user/.m2/repository/com/fasterxml/jackson/core/jackson-databind/2.9.9/jackson-databind-2.9.9.jar:/home/user/.m2/repository/org/apache/hadoop/hadoop-kms/3.2.0/hadoop-kms-3.2.0-tests.jar:/home/user/.m2/repository/org/apache/hadoop/hadoop-hdds-server-scm/0.5.0-SNAPSHOT/hadoop-hdds-server-scm-0.5.0-SNAPSHOT-tests.jar:/home/user/.m2/repository/org/apache/hadoop/hadoop-hdds-container-service/0.5.0-SNAPSHOT/hadoop-hdds-container-service-0.5.0-SNAPSHOT-tests.jar:/home/user/.m2/repository/org/yaml/snakeyaml/1.16/snakeyaml-1.16.jar:/home/user/.m2/repository/org/apache/hadoop/hadoop-common/3.2.0/hadoop-common-3.2.0-tests.jar:/home/user/.m2/repository/org/apache/hadoop/hadoop-annotations/3.2.0/hadoop-annotations-3.2.0.jar:/usr/lib/jvm/java-1.8.0-openjdk-1.8.0.222.b10-1.el7_7.x86_64/jre/../lib/tools.jar:/home/user/.m2/repository/commons-cli/commons-cli/1.2/commons-cli-1.2.jar:/home/user/.m2/repository/org/apache/httpcomponents/httpclient/4.5.2/httpclient-4.5.2.jar:/home/user/.m2/repository/org/apache/httpcomponents/httpcore/4.4.4/httpcore-4.4.4.jar:/home/user/.m2/repository/commons-codec/commons-codec/1.11/commons-codec-1.11.jar:/home/user/.m2/repository/commons-net/commons-net/3.6/commons-net-3.6.jar:/home/user/.m2/repository/commons-collections/commons-collections/3.2.2/commons-collections-3.2.2.jar:/home/user/.m2/repository/org/eclipse/jetty/jetty-servlet/9.3.25.v20180904/jetty-servlet-9.3.25.v20180904.jar:/home/user/.m2/repository/org/eclipse/jetty/jetty-security/9.3.25.v20180904/jetty-security-9.3.25.v20180904.jar:/home/user/.m2/repository/javax/servlet/jsp/jsp-api/2.1/jsp-api-2.1.jar:/home/user/.m2/repository/com/sun/jersey/jersey-servlet/1.19/jersey-servlet-1.19.jar:/home/user/.m2/repository/com/sun/jersey/jersey-json/1.19/jersey-json-1.19.jar:/home/user/.m2/repository/org/codehaus/jettison/jettison/1.1/jettison-1.1.jar:/home/user/.m2/repository/org/codehaus/jackson/jackson-core-asl/1.9.13/jackson-core-asl-1.9.13.jar:/home/user/.m2/repository/org/codehaus/jackson/jackson-mapper-asl/1.9.13/jackson-mapper-asl-1.9.13.jar:/home/user/.m2/repository/org/codehaus/jackson/jackson-jaxrs/1.9.13/jackson-jaxrs-1.9.13.jar:/home/user/.m2/repository/org/codehaus/jackson/jackson-xc/1.9.13/jackson-xc-1.9.13.jar:/home/user/.m2/repository/commons-logging/commons-logging/1.1.3/commons-logging-1.1.3.jar:/home/user/.m2/repository/commons-beanutils/commons-beanutils/1.9.4/commons-beanutils-1.9.4.jar:/home/user/.m2/repository/org/apache/commons/commons-configuration2/2.1.1/commons-configuration2-2.1.1.jar:/home/user/.m2/repository/org/apache/commons/commons-lang3/3.7/commons-lang3-3.7.jar:/home/user/.m2/repository/org/apache/commons/commons-text/1.4/commons-text-1.4.jar:/home/user/.m2/repository/org/apache/avro/avro/1.7.7/avro-1.7.7.jar:/home/user/.m2/repository/com/thoughtworks/paranamer/paranamer/2.3/paranamer-2.3.jar:/home/user/.m2/repository/org/xerial/snappy/snappy-java/1.0.5/snappy-java-1.0.5.jar:/home/user/.m2/repository/com/google/re2j/re2j/1.1/re2j-1.1.jar:/home/user/.m2/repository/com/google/code/gson/gson/2.2.4/gson-2.2.4.jar:/home/user/.m2/repository/com/jcraft/jsch/0.1.54/jsch-0.1.54.jar:/home/user/.m2/repository/org/apache/curator/curator-client/2.12.0/curator-client-2.12.0.jar:/home/user/.m2/repository/org/apache/curator/curator-recipes/2.12.0/curator-recipes-2.12.0.jar:/home/user/.m2/repository/com/google/code/findbugs/jsr305/3.0.0/jsr305-3.0.0.jar:/home/user/.m2/repository/org/apache/htrace/htrace-core4/4.1.0-incubating/htrace-core4-4.1.0-incubating.jar:/home/user/.m2/repository/org/apache/zookeeper/zookeeper/3.4.13/zookeeper-3.4.13.jar:/home/user/.m2/repository/jline/jline/0.9.94/jline-0.9.94.jar:/home/user/.m2/repository/org/apache/yetus/audience-annotations/0.5.0/audience-annotations-0.5.0.jar:/home/user/.m2/repository/org/codehaus/woodstox/stax2-api/3.1.4/stax2-api-3.1.4.jar:/home/user/.m2/repository/com/fasterxml/woodstox/woodstox-core/5.0.3/woodstox-core-5.0.3.jar:/home/user/.m2/repository/dnsjava/dnsjava/2.1.7/dnsjava-2.1.7.jar:/home/user/.m2/repository/org/apache/hadoop/hadoop-hdfs/3.2.0/hadoop-hdfs-3.2.0-tests.jar:/home/user/.m2/repository/org/eclipse/jetty/jetty-util-ajax/9.3.25.v20180904/jetty-util-ajax-9.3.25.v20180904.jar:/home/user/.m2/repository/commons-daemon/commons-daemon/1.0.13/commons-daemon-1.0.13.jar:/home/user/.m2/repository/io/netty/netty/3.10.5.Final/netty-3.10.5.Final.jar:/home/user/.m2/repository/io/netty/netty-all/4.0.52.Final/netty-all-4.0.52.Final.jar:/home/user/.m2/repository/org/fusesource/leveldbjni/leveldbjni-all/1.8/leveldbjni-all-1.8.jar:"/>
    <property name="sun.cpu.endian" value="little"/>
    <property name="user.home" value="/home/user"/>
    <property name="user.language" value="en"/>
    <property name="java.specification.vendor" value="Oracle Corporation"/>
    <property name="java.home" value="/usr/lib/jvm/java-1.8.0-openjdk-1.8.0.222.b10-1.el7_7.x86_64/jre"/>
    <property name="surefire.excludesFile" value="/tools/ozone-bad-unit-tests"/>
    <property name="java.security.krb5.conf" value="/workdir/hadoop-ozone/integration-test/target/test-classes/krb5.conf"/>
    <property name="basedir" value="/workdir/hadoop-ozone/integration-test"/>
    <property name="file.separator" value="/"/>
    <property name="line.separator" value="&#10;"/>
    <property name="java.vm.specification.vendor" value="Oracle Corporation"/>
    <property name="java.specification.name" value="Java Platform API Specification"/>
    <property name="java.awt.graphicsenv" value="sun.awt.X11GraphicsEnvironment"/>
    <property name="surefire.real.class.path" value="/workdir/hadoop-ozone/integration-test/target/surefire/surefirebooter8943038624299851560.jar"/>
    <property name="hadoop.log.dir" value="/workdir/hadoop-ozone/integration-test/target/log"/>
    <property name="sun.boot.class.path" value="/usr/lib/jvm/java-1.8.0-openjdk-1.8.0.222.b10-1.el7_7.x86_64/jre/lib/resources.jar:/usr/lib/jvm/java-1.8.0-openjdk-1.8.0.222.b10-1.el7_7.x86_64/jre/lib/rt.jar:/usr/lib/jvm/java-1.8.0-openjdk-1.8.0.222.b10-1.el7_7.x86_64/jre/lib/sunrsasign.jar:/usr/lib/jvm/java-1.8.0-openjdk-1.8.0.222.b10-1.el7_7.x86_64/jre/lib/jsse.jar:/usr/lib/jvm/java-1.8.0-openjdk-1.8.0.222.b10-1.el7_7.x86_64/jre/lib/jce.jar:/usr/lib/jvm/java-1.8.0-openjdk-1.8.0.222.b10-1.el7_7.x86_64/jre/lib/charsets.jar:/usr/lib/jvm/java-1.8.0-openjdk-1.8.0.222.b10-1.el7_7.x86_64/jre/lib/jfr.jar:/usr/lib/jvm/java-1.8.0-openjdk-1.8.0.222.b10-1.el7_7.x86_64/jre/classes"/>
    <property name="sun.management.compiler" value="HotSpot 64-Bit Tiered Compilers"/>
    <property name="java.runtime.version" value="1.8.0_222-b10"/>
    <property name="java.net.preferIPv4Stack" value="true"/>
    <property name="user.name" value="jenkins1000"/>
    <property name="path.separator" value=":"/>
    <property name="java.security.egd" value="file:///dev/urandom"/>
    <property name="os.version" value="3.10.0-957.12.2.el7.x86_64"/>
    <property name="java.endorsed.dirs" value="/usr/lib/jvm/java-1.8.0-openjdk-1.8.0.222.b10-1.el7_7.x86_64/jre/lib/endorsed"/>
    <property name="java.runtime.name" value="OpenJDK Runtime Environment"/>
    <property name="file.encoding" value="ANSI_X3.4-1968"/>
    <property name="java.vm.name" value="OpenJDK 64-Bit Server VM"/>
    <property name="test.build.webapps" value=""/>
    <property name="localRepository" value="/home/user/.m2/repository"/>
    <property name="java.vendor.url.bug" value="http://bugreport.sun.com/bugreport/"/>
    <property name="java.io.tmpdir" value="/tmp"/>
    <property name="require.test.libhadoop" value=""/>
    <property name="java.version" value="1.8.0_222"/>
    <property name="user.dir" value="/workdir/hadoop-ozone/integration-test"/>
    <property name="os.arch" value="amd64"/>
    <property name="java.vm.specification.name" value="Java Virtual Machine Specification"/>
    <property name="test.build.classes" value="/workdir/hadoop-ozone/integration-test/target/test-classes"/>
    <property name="java.awt.printerjob" value="sun.print.PSPrinterJob"/>
    <property name="sun.os.patch.level" value="unknown"/>
    <property name="hadoop.tmp.dir" value="/workdir/hadoop-ozone/integration-test/target/tmp"/>
    <property name="java.library.path" value="/usr/lib:/workdir/hadoop-ozone/integration-test/target/native/target/usr/local/lib:/workdir/hadoop-ozone/integration-test/../../hadoop-common-project/hadoop-common/target/native/target/usr/local/lib:/usr/java/packages/lib/amd64:/usr/lib64:/lib64:/lib:/usr/lib"/>
    <property name="java.vm.info" value="mixed mode"/>
    <property name="java.vendor" value="Oracle Corporation"/>
    <property name="java.vm.version" value="25.222-b10"/>
    <property name="java.ext.dirs" value="/usr/lib/jvm/java-1.8.0-openjdk-1.8.0.222.b10-1.el7_7.x86_64/jre/lib/ext:/usr/java/packages/lib/ext"/>
    <property name="sun.io.unicode.encoding" value="UnicodeLittle"/>
    <property name="java.class.version" value="52.0"/>
  </properties>
  <testcase name="testDeleteKeyWithSlowFollower" classname="org.apache.hadoop.ozone.client.rpc.TestDeleteWithSlowFollower" time="111.707">
    <failure type="java.lang.AssertionError">java.lang.AssertionError
	at org.junit.Assert.fail(Assert.java:86)
	at org.junit.Assert.assertTrue(Assert.java:41)
	at org.junit.Assert.assertTrue(Assert.java:52)
	at org.apache.hadoop.ozone.client.rpc.TestDeleteWithSlowFollower.testDeleteKeyWithSlowFollower(TestDeleteWithSlowFollower.java:265)
	at sun.reflect.NativeMethodAccessorImpl.invoke0(Native Method)
	at sun.reflect.NativeMethodAccessorImpl.invoke(NativeMethodAccessorImpl.java:62)
	at sun.reflect.DelegatingMethodAccessorImpl.invoke(DelegatingMethodAccessorImpl.java:43)
	at java.lang.reflect.Method.invoke(Method.java:498)
	at org.junit.runners.model.FrameworkMethod$1.runReflectiveCall(FrameworkMethod.java:47)
	at org.junit.internal.runners.model.ReflectiveCallable.run(ReflectiveCallable.java:12)
	at org.junit.runners.model.FrameworkMethod.invokeExplosively(FrameworkMethod.java:44)
	at org.junit.internal.runners.statements.InvokeMethod.evaluate(InvokeMethod.java:17)
	at org.junit.runners.ParentRunner.runLeaf(ParentRunner.java:271)
	at org.junit.runners.BlockJUnit4ClassRunner.runChild(BlockJUnit4ClassRunner.java:70)
	at org.junit.runners.BlockJUnit4ClassRunner.runChild(BlockJUnit4ClassRunner.java:50)
	at org.junit.runners.ParentRunner$3.run(ParentRunner.java:238)
	at org.junit.runners.ParentRunner$1.schedule(ParentRunner.java:63)
	at org.junit.runners.ParentRunner.runChildren(ParentRunner.java:236)
	at org.junit.runners.ParentRunner.access$000(ParentRunner.java:53)
	at org.junit.runners.ParentRunner$2.evaluate(ParentRunner.java:229)
	at org.junit.internal.runners.statements.RunBefores.evaluate(RunBefores.java:26)
	at org.junit.internal.runners.statements.RunAfters.evaluate(RunAfters.java:27)
	at org.junit.runners.ParentRunner.run(ParentRunner.java:309)
	at org.apache.maven.surefire.junit4.JUnit4Provider.execute(JUnit4Provider.java:365)
	at org.apache.maven.surefire.junit4.JUnit4Provider.executeWithRerun(JUnit4Provider.java:273)
	at org.apache.maven.surefire.junit4.JUnit4Provider.executeTestSet(JUnit4Provider.java:238)
	at org.apache.maven.surefire.junit4.JUnit4Provider.invoke(JUnit4Provider.java:159)
	at org.apache.maven.surefire.booter.ForkedBooter.invokeProviderInSameClassLoader(ForkedBooter.java:384)
	at org.apache.maven.surefire.booter.ForkedBooter.runSuitesInProcess(ForkedBooter.java:345)
	at org.apache.maven.surefire.booter.ForkedBooter.execute(ForkedBooter.java:126)
	at org.apache.maven.surefire.booter.ForkedBooter.main(ForkedBooter.java:418)
</failure>
    <system-out><![CDATA[2019-10-18 14:01:31,178 [main] WARN  server.ServerUtils (ServerUtils.java:getScmDbDir(145)) - ozone.scm.db.dirs is not configured. We recommend adding this setting. Falling back to ozone.metadata.dirs instead.
2019-10-18 14:01:31,291 [main] WARN  server.ServerUtils (ServerUtils.java:getScmDbDir(145)) - ozone.scm.db.dirs is not configured. We recommend adding this setting. Falling back to ozone.metadata.dirs instead.
2019-10-18 14:01:31,294 [main] WARN  server.ServerUtils (ServerUtils.java:getScmDbDir(145)) - ozone.scm.db.dirs is not configured. We recommend adding this setting. Falling back to ozone.metadata.dirs instead.
2019-10-18 14:01:31,320 [main] INFO  util.log (Log.java:initialized(192)) - Logging initialized @883ms
2019-10-18 14:01:31,426 [main] INFO  db.DBStoreBuilder (DBStoreBuilder.java:addTable(117)) - using custom profile for table: deletedBlocks
2019-10-18 14:01:31,427 [main] INFO  db.DBStoreBuilder (DBStoreBuilder.java:processTables(168)) - Using default column profile:DBProfile.DISK for Table:deletedBlocks
2019-10-18 14:01:31,427 [main] INFO  db.DBStoreBuilder (DBStoreBuilder.java:addTable(117)) - using custom profile for table: validCerts
2019-10-18 14:01:31,427 [main] INFO  db.DBStoreBuilder (DBStoreBuilder.java:processTables(168)) - Using default column profile:DBProfile.DISK for Table:validCerts
2019-10-18 14:01:31,428 [main] INFO  db.DBStoreBuilder (DBStoreBuilder.java:addTable(117)) - using custom profile for table: revokedCerts
2019-10-18 14:01:31,428 [main] INFO  db.DBStoreBuilder (DBStoreBuilder.java:processTables(168)) - Using default column profile:DBProfile.DISK for Table:revokedCerts
2019-10-18 14:01:31,440 [main] INFO  db.DBStoreBuilder (DBStoreBuilder.java:addTable(117)) - using custom profile for table: default
2019-10-18 14:01:31,441 [main] INFO  db.DBStoreBuilder (DBStoreBuilder.java:processTables(174)) - Using default column profile:DBProfile.DISK for Table:default
2019-10-18 14:01:31,442 [main] INFO  db.DBStoreBuilder (DBStoreBuilder.java:getDbProfile(205)) - Using default options. DBProfile.DISK
2019-10-18 14:01:31,780 [main] INFO  net.NodeSchemaLoader (NodeSchemaLoader.java:loadSchemaFromFile(125)) - Loading file from sun.misc.CompoundEnumeration@74235045
2019-10-18 14:01:31,782 [main] INFO  net.NodeSchemaLoader (NodeSchemaLoader.java:loadSchema(171)) - Loading network topology layer schema file
2019-10-18 14:01:31,842 [main] WARN  server.ServerUtils (ServerUtils.java:sanitizeUserArgs(70)) - ozone.scm.stale.node.interval value = 1000000 is larger than max = 100000 based on the key value of ozone.scm.heartbeat.thread.interval, reset to the max value 100000.
2019-10-18 14:01:31,844 [main] WARN  server.ServerUtils (ServerUtils.java:sanitizeUserArgs(70)) - ozone.scm.stale.node.interval value = 1000000 is larger than max = 100000 based on the key value of ozone.scm.heartbeat.thread.interval, reset to the max value 100000.
2019-10-18 14:01:31,846 [main] INFO  node.SCMNodeManager (SCMNodeManager.java:<init>(116)) - Entering startup safe mode.
2019-10-18 14:01:31,908 [main] INFO  algorithms.ContainerPlacementPolicyFactory (ContainerPlacementPolicyFactory.java:getPolicy(57)) - Create container placement policy of type org.apache.hadoop.hdds.scm.container.placement.algorithms.SCMContainerPlacementRandom
2019-10-18 14:01:31,922 [main] WARN  server.ServerUtils (ServerUtils.java:getScmDbDir(145)) - ozone.scm.db.dirs is not configured. We recommend adding this setting. Falling back to ozone.metadata.dirs instead.
2019-10-18 14:01:32,037 [main] INFO  pipeline.SCMPipelineManager (SCMPipelineManager.java:initializePipelineState(132)) - No pipeline exists in current db
2019-10-18 14:01:32,039 [main] WARN  server.ServerUtils (ServerUtils.java:getScmDbDir(145)) - ozone.scm.db.dirs is not configured. We recommend adding this setting. Falling back to ozone.metadata.dirs instead.
2019-10-18 14:01:32,181 [main] WARN  events.EventQueue (EventQueue.java:fireEvent(183)) - No event handler registered for event TypedEvent{payloadType=SafeModeStatus, name='SafeModeStatus'}
2019-10-18 14:01:32,554 [main] INFO  ipc.CallQueueManager (CallQueueManager.java:<init>(84)) - Using callQueue: class java.util.concurrent.LinkedBlockingQueue, queueCapacity: 2000, scheduler: class org.apache.hadoop.ipc.DefaultRpcScheduler, ipcBackoff: false.
2019-10-18 14:01:32,656 [Socket Reader #1 for port 43835] INFO  ipc.Server (Server.java:run(1074)) - Starting Socket Reader #1 for port 43835
2019-10-18 14:01:32,691 [main] INFO  ipc.CallQueueManager (CallQueueManager.java:<init>(84)) - Using callQueue: class java.util.concurrent.LinkedBlockingQueue, queueCapacity: 2000, scheduler: class org.apache.hadoop.ipc.DefaultRpcScheduler, ipcBackoff: false.
2019-10-18 14:01:32,692 [Socket Reader #1 for port 36292] INFO  ipc.Server (Server.java:run(1074)) - Starting Socket Reader #1 for port 36292
2019-10-18 14:01:32,702 [main] INFO  ipc.CallQueueManager (CallQueueManager.java:<init>(84)) - Using callQueue: class java.util.concurrent.LinkedBlockingQueue, queueCapacity: 2000, scheduler: class org.apache.hadoop.ipc.DefaultRpcScheduler, ipcBackoff: false.
2019-10-18 14:01:32,703 [Socket Reader #1 for port 41597] INFO  ipc.Server (Server.java:run(1074)) - Starting Socket Reader #1 for port 41597
2019-10-18 14:01:32,727 [main] INFO  hdfs.DFSUtil (DFSUtil.java:httpServerTemplateForNNAndJN(1641)) - Starting Web-server for scm at: http://0.0.0.0:0
2019-10-18 14:01:32,908 [main] INFO  server.AuthenticationFilter (AuthenticationFilter.java:constructSecretProvider(240)) - Unable to initialize FileSignerSecretProvider, falling back to use random secrets.
2019-10-18 14:01:32,918 [main] WARN  http.HttpRequestLog (HttpRequestLog.java:getRequestLog(97)) - Jetty request log can only be enabled using Log4j
2019-10-18 14:01:32,926 [main] INFO  http.HttpServer2 (HttpServer2.java:addGlobalFilter(975)) - Added global filter 'safety' (class=org.apache.hadoop.http.HttpServer2$QuotingInputFilter)
2019-10-18 14:01:32,929 [main] INFO  http.HttpServer2 (HttpServer2.java:addFilter(948)) - Added filter static_user_filter (class=org.apache.hadoop.http.lib.StaticUserWebFilter$StaticUserFilter) to context scm
2019-10-18 14:01:32,929 [main] INFO  http.HttpServer2 (HttpServer2.java:addFilter(958)) - Added filter static_user_filter (class=org.apache.hadoop.http.lib.StaticUserWebFilter$StaticUserFilter) to context logs
2019-10-18 14:01:32,930 [main] INFO  http.HttpServer2 (HttpServer2.java:addFilter(958)) - Added filter static_user_filter (class=org.apache.hadoop.http.lib.StaticUserWebFilter$StaticUserFilter) to context static
2019-10-18 14:01:32,967 [main] INFO  server.StorageContainerManager (StorageContainerManager.java:start(772)) - StorageContainerLocationProtocol RPC server is listening at /0.0.0.0:41597
2019-10-18 14:01:33,040 [main] WARN  impl.MetricsConfig (MetricsConfig.java:loadFirst(134)) - Cannot locate configuration: tried hadoop-metrics2-storagecontainermanager.properties,hadoop-metrics2.properties
2019-10-18 14:01:33,060 [main] INFO  impl.MetricsSystemImpl (MetricsSystemImpl.java:startTimer(374)) - Scheduled Metric snapshot period at 10 second(s).
2019-10-18 14:01:33,060 [main] INFO  impl.MetricsSystemImpl (MetricsSystemImpl.java:start(191)) - StorageContainerManager metrics system started
2019-10-18 14:01:33,348 [main] INFO  server.SCMClientProtocolServer (SCMClientProtocolServer.java:start(159)) - RPC server for Client  is listening at /0.0.0.0:41597
2019-10-18 14:01:33,349 [IPC Server Responder] INFO  ipc.Server (Server.java:run(1314)) - IPC Server Responder: starting
2019-10-18 14:01:33,349 [IPC Server listener on 41597] INFO  ipc.Server (Server.java:run(1153)) - IPC Server listener on 41597: starting
2019-10-18 14:01:33,352 [main] INFO  server.StorageContainerManager (StorageContainerManager.java:start(782)) - ScmBlockLocationProtocol RPC server is listening at /0.0.0.0:36292
2019-10-18 14:01:33,353 [main] INFO  server.SCMBlockProtocolServer (SCMBlockProtocolServer.java:start(146)) - RPC server for Block Protocol is listening at /0.0.0.0:36292
2019-10-18 14:01:33,354 [IPC Server Responder] INFO  ipc.Server (Server.java:run(1314)) - IPC Server Responder: starting
2019-10-18 14:01:33,354 [IPC Server listener on 36292] INFO  ipc.Server (Server.java:run(1153)) - IPC Server listener on 36292: starting
2019-10-18 14:01:33,356 [main] INFO  server.StorageContainerManager (StorageContainerManager.java:start(786)) - ScmDatanodeProtocl RPC server is listening at /0.0.0.0:43835
2019-10-18 14:01:33,356 [main] INFO  server.SCMDatanodeProtocolServer (SCMDatanodeProtocolServer.java:start(169)) - RPC server for DataNodes is listening at /0.0.0.0:43835
2019-10-18 14:01:33,358 [IPC Server Responder] INFO  ipc.Server (Server.java:run(1314)) - IPC Server Responder: starting
2019-10-18 14:01:33,358 [IPC Server listener on 43835] INFO  ipc.Server (Server.java:run(1153)) - IPC Server listener on 43835: starting
2019-10-18 14:01:33,362 [main] INFO  http.HttpServer2 (HttpServer2.java:bindListener(1191)) - Jetty bound to port 36287
2019-10-18 14:01:33,364 [main] INFO  server.Server (Server.java:doStart(351)) - jetty-9.3.25.v20180904, build timestamp: 2018-09-04T21:11:46Z, git hash: 3ce520221d0240229c862b122d2b06c12a625732
2019-10-18 14:01:33,406 [main] INFO  handler.ContextHandler (ContextHandler.java:doStart(781)) - Started o.e.j.s.ServletContextHandler@42f8285e{/logs,file:///workdir/hadoop-ozone/integration-test/target/log,AVAILABLE}
2019-10-18 14:01:33,407 [main] INFO  handler.ContextHandler (ContextHandler.java:doStart(781)) - Started o.e.j.s.ServletContextHandler@3724af13{/static,file:///workdir/hadoop-ozone/integration-test/target/test-classes/webapps/static,AVAILABLE}
2019-10-18 14:01:33,440 [main] INFO  handler.ContextHandler (ContextHandler.java:doStart(781)) - Started o.e.j.w.WebAppContext@24a1c17f{/,file:///workdir/hadoop-ozone/integration-test/target/test-classes/webapps/scm/,AVAILABLE}{/scm}
2019-10-18 14:01:33,445 [main] INFO  server.AbstractConnector (AbstractConnector.java:doStart(278)) - Started ServerConnector@4d63b624{HTTP/1.1,[http/1.1]}{0.0.0.0:36287}
2019-10-18 14:01:33,446 [main] INFO  server.Server (Server.java:doStart(419)) - Started @3010ms
2019-10-18 14:01:33,448 [main] INFO  impl.MetricsSinkAdapter (MetricsSinkAdapter.java:start(204)) - Sink prometheus started
2019-10-18 14:01:33,448 [main] INFO  impl.MetricsSystemImpl (MetricsSystemImpl.java:registerSink(301)) - Registered sink prometheus
2019-10-18 14:01:33,450 [main] INFO  server.BaseHttpServer (BaseHttpServer.java:updateConnectorAddress(215)) - HTTP server of SCM is listening at http://0.0.0.0:36287
2019-10-18 14:01:33,455 [org.apache.hadoop.util.JvmPauseMonitor$Monitor@4b629f13] INFO  util.JvmPauseMonitor (JvmPauseMonitor.java:run(188)) - Starting JVM pause monitor
2019-10-18 14:01:33,459 [main] WARN  server.ServerUtils (ServerUtils.java:getDBPath(222)) - ozone.om.db.dirs is not configured. We recommend adding this setting. Falling back to ozone.metadata.dirs instead.
2019-10-18 14:01:33,562 [main] INFO  ha.OMHANodeDetails (OMHANodeDetails.java:loadOMHAConfig(190)) - Configuration either no ozone.om.address set. Falling back to the default OM address /127.0.0.1:0
2019-10-18 14:01:33,562 [main] INFO  ha.OMHANodeDetails (OMHANodeDetails.java:getOMNodeDetails(220)) - OM Service ID is not set. Setting it to the default ID: omServiceIdDefault
2019-10-18 14:01:33,564 [main] WARN  server.ServerUtils (ServerUtils.java:getDBPath(222)) - ozone.om.db.dirs is not configured. We recommend adding this setting. Falling back to ozone.metadata.dirs instead.
2019-10-18 14:01:33,565 [main] WARN  server.ServerUtils (ServerUtils.java:getDBPath(222)) - ozone.om.db.dirs is not configured. We recommend adding this setting. Falling back to ozone.metadata.dirs instead.
2019-10-18 14:01:34,203 [main] WARN  server.ServerUtils (ServerUtils.java:getDBPath(222)) - ozone.om.db.dirs is not configured. We recommend adding this setting. Falling back to ozone.metadata.dirs instead.
2019-10-18 14:01:34,210 [main] INFO  db.DBStoreBuilder (DBStoreBuilder.java:addTable(117)) - using custom profile for table: userTable
2019-10-18 14:01:34,210 [main] INFO  db.DBStoreBuilder (DBStoreBuilder.java:processTables(168)) - Using default column profile:DBProfile.DISK for Table:userTable
2019-10-18 14:01:34,211 [main] INFO  db.DBStoreBuilder (DBStoreBuilder.java:addTable(117)) - using custom profile for table: volumeTable
2019-10-18 14:01:34,211 [main] INFO  db.DBStoreBuilder (DBStoreBuilder.java:processTables(168)) - Using default column profile:DBProfile.DISK for Table:volumeTable
2019-10-18 14:01:34,211 [main] INFO  db.DBStoreBuilder (DBStoreBuilder.java:addTable(117)) - using custom profile for table: bucketTable
2019-10-18 14:01:34,211 [main] INFO  db.DBStoreBuilder (DBStoreBuilder.java:processTables(168)) - Using default column profile:DBProfile.DISK for Table:bucketTable
2019-10-18 14:01:34,212 [main] INFO  db.DBStoreBuilder (DBStoreBuilder.java:addTable(117)) - using custom profile for table: keyTable
2019-10-18 14:01:34,212 [main] INFO  db.DBStoreBuilder (DBStoreBuilder.java:processTables(168)) - Using default column profile:DBProfile.DISK for Table:keyTable
2019-10-18 14:01:34,212 [main] INFO  db.DBStoreBuilder (DBStoreBuilder.java:addTable(117)) - using custom profile for table: deletedTable
2019-10-18 14:01:34,212 [main] INFO  db.DBStoreBuilder (DBStoreBuilder.java:processTables(168)) - Using default column profile:DBProfile.DISK for Table:deletedTable
2019-10-18 14:01:34,213 [main] INFO  db.DBStoreBuilder (DBStoreBuilder.java:addTable(117)) - using custom profile for table: openKeyTable
2019-10-18 14:01:34,213 [main] INFO  db.DBStoreBuilder (DBStoreBuilder.java:processTables(168)) - Using default column profile:DBProfile.DISK for Table:openKeyTable
2019-10-18 14:01:34,213 [main] INFO  db.DBStoreBuilder (DBStoreBuilder.java:addTable(117)) - using custom profile for table: s3Table
2019-10-18 14:01:34,213 [main] INFO  db.DBStoreBuilder (DBStoreBuilder.java:processTables(168)) - Using default column profile:DBProfile.DISK for Table:s3Table
2019-10-18 14:01:34,213 [main] INFO  db.DBStoreBuilder (DBStoreBuilder.java:addTable(117)) - using custom profile for table: multipartInfoTable
2019-10-18 14:01:34,214 [main] INFO  db.DBStoreBuilder (DBStoreBuilder.java:processTables(168)) - Using default column profile:DBProfile.DISK for Table:multipartInfoTable
2019-10-18 14:01:34,214 [main] INFO  db.DBStoreBuilder (DBStoreBuilder.java:addTable(117)) - using custom profile for table: dTokenTable
2019-10-18 14:01:34,214 [main] INFO  db.DBStoreBuilder (DBStoreBuilder.java:processTables(168)) - Using default column profile:DBProfile.DISK for Table:dTokenTable
2019-10-18 14:01:34,214 [main] INFO  db.DBStoreBuilder (DBStoreBuilder.java:addTable(117)) - using custom profile for table: s3SecretTable
2019-10-18 14:01:34,214 [main] INFO  db.DBStoreBuilder (DBStoreBuilder.java:processTables(168)) - Using default column profile:DBProfile.DISK for Table:s3SecretTable
2019-10-18 14:01:34,215 [main] INFO  db.DBStoreBuilder (DBStoreBuilder.java:addTable(117)) - using custom profile for table: prefixTable
2019-10-18 14:01:34,215 [main] INFO  db.DBStoreBuilder (DBStoreBuilder.java:processTables(168)) - Using default column profile:DBProfile.DISK for Table:prefixTable
2019-10-18 14:01:34,215 [main] INFO  db.DBStoreBuilder (DBStoreBuilder.java:addTable(117)) - using custom profile for table: default
2019-10-18 14:01:34,215 [main] INFO  db.DBStoreBuilder (DBStoreBuilder.java:processTables(174)) - Using default column profile:DBProfile.DISK for Table:default
2019-10-18 14:01:34,216 [main] INFO  db.DBStoreBuilder (DBStoreBuilder.java:getDbProfile(205)) - Using default options. DBProfile.DISK
2019-10-18 14:01:34,770 [main] INFO  ipc.CallQueueManager (CallQueueManager.java:<init>(84)) - Using callQueue: class java.util.concurrent.LinkedBlockingQueue, queueCapacity: 2000, scheduler: class org.apache.hadoop.ipc.DefaultRpcScheduler, ipcBackoff: false.
2019-10-18 14:01:34,771 [Socket Reader #1 for port 43648] INFO  ipc.Server (Server.java:run(1074)) - Starting Socket Reader #1 for port 43648
2019-10-18 14:01:34,791 [main] INFO  om.OzoneManager (OzoneManager.java:start(1074)) - OzoneManager RPC server is listening at localhost/127.0.0.1:43648
2019-10-18 14:01:34,791 [main] INFO  impl.MetricsSystemImpl (MetricsSystemImpl.java:init(158)) - OzoneManager metrics system started (again)
2019-10-18 14:01:34,799 [IPC Server Responder] INFO  ipc.Server (Server.java:run(1314)) - IPC Server Responder: starting
2019-10-18 14:01:34,799 [IPC Server listener on 43648] INFO  ipc.Server (Server.java:run(1153)) - IPC Server listener on 43648: starting
2019-10-18 14:01:34,806 [main] INFO  hdfs.DFSUtil (DFSUtil.java:httpServerTemplateForNNAndJN(1641)) - Starting Web-server for ozoneManager at: http://0.0.0.0:0
2019-10-18 14:01:34,809 [main] INFO  server.AuthenticationFilter (AuthenticationFilter.java:constructSecretProvider(240)) - Unable to initialize FileSignerSecretProvider, falling back to use random secrets.
2019-10-18 14:01:34,810 [main] WARN  http.HttpRequestLog (HttpRequestLog.java:getRequestLog(97)) - Jetty request log can only be enabled using Log4j
2019-10-18 14:01:34,813 [main] INFO  http.HttpServer2 (HttpServer2.java:addGlobalFilter(975)) - Added global filter 'safety' (class=org.apache.hadoop.http.HttpServer2$QuotingInputFilter)
2019-10-18 14:01:34,815 [main] INFO  http.HttpServer2 (HttpServer2.java:addFilter(948)) - Added filter static_user_filter (class=org.apache.hadoop.http.lib.StaticUserWebFilter$StaticUserFilter) to context ozoneManager
2019-10-18 14:01:34,815 [main] INFO  http.HttpServer2 (HttpServer2.java:addFilter(958)) - Added filter static_user_filter (class=org.apache.hadoop.http.lib.StaticUserWebFilter$StaticUserFilter) to context static
2019-10-18 14:01:34,815 [main] INFO  http.HttpServer2 (HttpServer2.java:addFilter(958)) - Added filter static_user_filter (class=org.apache.hadoop.http.lib.StaticUserWebFilter$StaticUserFilter) to context logs
2019-10-18 14:01:34,819 [main] INFO  http.HttpServer2 (HttpServer2.java:bindListener(1191)) - Jetty bound to port 36008
2019-10-18 14:01:34,819 [main] INFO  server.Server (Server.java:doStart(351)) - jetty-9.3.25.v20180904, build timestamp: 2018-09-04T21:11:46Z, git hash: 3ce520221d0240229c862b122d2b06c12a625732
2019-10-18 14:01:34,822 [main] INFO  handler.ContextHandler (ContextHandler.java:doStart(781)) - Started o.e.j.s.ServletContextHandler@aa10649{/logs,file:///workdir/hadoop-ozone/integration-test/target/log,AVAILABLE}
2019-10-18 14:01:34,822 [main] INFO  handler.ContextHandler (ContextHandler.java:doStart(781)) - Started o.e.j.s.ServletContextHandler@37095ded{/static,file:///workdir/hadoop-ozone/integration-test/target/test-classes/webapps/static,AVAILABLE}
2019-10-18 14:01:34,830 [main] INFO  handler.ContextHandler (ContextHandler.java:doStart(781)) - Started o.e.j.w.WebAppContext@75b3673{/,file:///workdir/hadoop-ozone/integration-test/target/test-classes/webapps/ozoneManager/,AVAILABLE}{/ozoneManager}
2019-10-18 14:01:34,831 [main] INFO  server.AbstractConnector (AbstractConnector.java:doStart(278)) - Started ServerConnector@1bcb79c2{HTTP/1.1,[http/1.1]}{0.0.0.0:36008}
2019-10-18 14:01:34,831 [main] INFO  server.Server (Server.java:doStart(419)) - Started @4395ms
2019-10-18 14:01:34,832 [main] WARN  impl.MetricsSystemImpl (MetricsSystemImpl.java:register(276)) - Sink prometheus already exists!
2019-10-18 14:01:34,833 [main] INFO  server.BaseHttpServer (BaseHttpServer.java:updateConnectorAddress(215)) - HTTP server of OZONEMANAGER is listening at http://0.0.0.0:36008
2019-10-18 14:01:35,081 [main] INFO  impl.MetricsSystemImpl (MetricsSystemImpl.java:init(158)) - HddsDatanode metrics system started (again)
2019-10-18 14:01:35,126 [main] INFO  ozone.HddsDatanodeService (HddsDatanodeService.java:start(184)) - HddsDatanodeService host:pr-hdds-2293-fsv7b-60401721 ip:192.168.69.124
2019-10-18 14:01:35,158 [main] INFO  volume.HddsVolume (HddsVolume.java:<init>(176)) - Creating Volume: /workdir/hadoop-ozone/integration-test/target/test-dir/MiniOzoneClusterImpl-0aed760e-6e1a-4be6-abfb-431785f69e2b/datanode-0/data/containers/hdds of  storage type : DISK and capacity : 1482555576320
2019-10-18 14:01:35,159 [main] INFO  volume.VolumeSet (VolumeSet.java:initializeVolumeSet(170)) - Added Volume : /workdir/hadoop-ozone/integration-test/target/test-dir/MiniOzoneClusterImpl-0aed760e-6e1a-4be6-abfb-431785f69e2b/datanode-0/data/containers/hdds to VolumeSet
2019-10-18 14:01:35,162 [main] INFO  volume.ThrottledAsyncChecker (ThrottledAsyncChecker.java:schedule(141)) - Scheduling a check for /workdir/hadoop-ozone/integration-test/target/test-dir/MiniOzoneClusterImpl-0aed760e-6e1a-4be6-abfb-431785f69e2b/datanode-0/data/containers/hdds
2019-10-18 14:01:35,184 [main] INFO  volume.HddsVolumeChecker (HddsVolumeChecker.java:checkAllVolumes(204)) - Scheduled health check for volume /workdir/hadoop-ozone/integration-test/target/test-dir/MiniOzoneClusterImpl-0aed760e-6e1a-4be6-abfb-431785f69e2b/datanode-0/data/containers/hdds
2019-10-18 14:01:35,315 [main] INFO  impl.RaftServerProxy (ConfUtils.java:logGet(43)) - raft.rpc.type = GRPC (default)
2019-10-18 14:01:35,375 [main] INFO  grpc.GrpcFactory (GrpcFactory.java:checkPooledByteBufAllocatorUseCacheForAllThreads(45)) - PERFORMANCE WARNING: useCacheForAllThreads is true that may cause Netty to create a lot garbage objects and, as a result, trigger GC.
	It is recommended to disable useCacheForAllThreads by setting -Dorg.apache.ratis.thirdparty.io.netty.allocator.useCacheForAllThreads=false in command line.
2019-10-18 14:01:35,380 [main] INFO  grpc.GrpcConfigKeys$Server (ConfUtils.java:logGet(43)) - raft.grpc.server.port = 0 (default)
2019-10-18 14:01:35,381 [main] INFO  server.GrpcService (ConfUtils.java:logGet(43)) - raft.grpc.message.size.max = 33570816 (custom)
2019-10-18 14:01:35,382 [main] INFO  server.RaftServerConfigKeys (ConfUtils.java:logGet(43)) - raft.server.log.appender.buffer.byte-limit = 33554432 (custom)
2019-10-18 14:01:35,382 [main] INFO  server.GrpcService (ConfUtils.java:logGet(43)) - raft.grpc.flow.control.window = 1MB (=1048576) (default)
2019-10-18 14:01:35,383 [main] INFO  server.RaftServerConfigKeys (ConfUtils.java:logGet(43)) - raft.server.rpc.request.timeout = 3000ms (default)
2019-10-18 14:01:35,523 [main] INFO  server.RaftServerConfigKeys (ConfUtils.java:logGet(43)) - raft.server.storage.dir = [/workdir/hadoop-ozone/integration-test/target/test-dir/MiniOzoneClusterImpl-0aed760e-6e1a-4be6-abfb-431785f69e2b/datanode-0/data/ratis] (custom)
2019-10-18 14:01:35,569 [main] INFO  hdfs.DFSUtil (DFSUtil.java:httpServerTemplateForNNAndJN(1641)) - Starting Web-server for hddsDatanode at: http://0.0.0.0:0
2019-10-18 14:01:35,572 [main] INFO  server.AuthenticationFilter (AuthenticationFilter.java:constructSecretProvider(240)) - Unable to initialize FileSignerSecretProvider, falling back to use random secrets.
2019-10-18 14:01:35,572 [main] WARN  http.HttpRequestLog (HttpRequestLog.java:getRequestLog(97)) - Jetty request log can only be enabled using Log4j
2019-10-18 14:01:35,575 [main] INFO  http.HttpServer2 (HttpServer2.java:addGlobalFilter(975)) - Added global filter 'safety' (class=org.apache.hadoop.http.HttpServer2$QuotingInputFilter)
2019-10-18 14:01:35,576 [main] INFO  http.HttpServer2 (HttpServer2.java:addFilter(948)) - Added filter static_user_filter (class=org.apache.hadoop.http.lib.StaticUserWebFilter$StaticUserFilter) to context hddsDatanode
2019-10-18 14:01:35,576 [main] INFO  http.HttpServer2 (HttpServer2.java:addFilter(958)) - Added filter static_user_filter (class=org.apache.hadoop.http.lib.StaticUserWebFilter$StaticUserFilter) to context logs
2019-10-18 14:01:35,576 [main] INFO  http.HttpServer2 (HttpServer2.java:addFilter(958)) - Added filter static_user_filter (class=org.apache.hadoop.http.lib.StaticUserWebFilter$StaticUserFilter) to context static
2019-10-18 14:01:35,578 [main] INFO  http.HttpServer2 (HttpServer2.java:bindListener(1191)) - Jetty bound to port 38701
2019-10-18 14:01:35,578 [main] INFO  server.Server (Server.java:doStart(351)) - jetty-9.3.25.v20180904, build timestamp: 2018-09-04T21:11:46Z, git hash: 3ce520221d0240229c862b122d2b06c12a625732
2019-10-18 14:01:35,581 [main] INFO  handler.ContextHandler (ContextHandler.java:doStart(781)) - Started o.e.j.s.ServletContextHandler@60cf62ad{/logs,file:///workdir/hadoop-ozone/integration-test/target/log,AVAILABLE}
2019-10-18 14:01:35,581 [main] INFO  handler.ContextHandler (ContextHandler.java:doStart(781)) - Started o.e.j.s.ServletContextHandler@1ac4ccad{/static,jar:file:/home/user/.m2/repository/org/apache/hadoop/hadoop-hdds-container-service/0.5.0-SNAPSHOT/hadoop-hdds-container-service-0.5.0-SNAPSHOT.jar!/webapps/static,AVAILABLE}
2019-10-18 14:01:35,620 [main] INFO  handler.ContextHandler (ContextHandler.java:doStart(781)) - Started o.e.j.w.WebAppContext@de8039f{/,file:///tmp/jetty-0.0.0.0-38701-hddsDatanode-_-any-8894281704072989482.dir/webapp/,AVAILABLE}{/hddsDatanode}
2019-10-18 14:01:35,622 [main] INFO  server.AbstractConnector (AbstractConnector.java:doStart(278)) - Started ServerConnector@1deceb67{HTTP/1.1,[http/1.1]}{0.0.0.0:38701}
2019-10-18 14:01:35,623 [main] INFO  server.Server (Server.java:doStart(419)) - Started @5186ms
2019-10-18 14:01:35,623 [main] WARN  impl.MetricsSystemImpl (MetricsSystemImpl.java:register(276)) - Sink prometheus already exists!
2019-10-18 14:01:35,625 [main] INFO  server.BaseHttpServer (BaseHttpServer.java:updateConnectorAddress(215)) - HTTP server of HDDSDATANODE is listening at http://0.0.0.0:38701
2019-10-18 14:01:35,627 [main] INFO  impl.MetricsSystemImpl (MetricsSystemImpl.java:init(158)) - HddsDatanode metrics system started (again)
2019-10-18 14:01:35,631 [main] INFO  ozone.HddsDatanodeService (HddsDatanodeService.java:start(184)) - HddsDatanodeService host:pr-hdds-2293-fsv7b-60401721 ip:192.168.69.124
2019-10-18 14:01:35,633 [org.apache.hadoop.util.JvmPauseMonitor$Monitor@4b490900] INFO  util.JvmPauseMonitor (JvmPauseMonitor.java:run(188)) - Starting JVM pause monitor
2019-10-18 14:01:35,642 [main] INFO  volume.HddsVolume (HddsVolume.java:<init>(176)) - Creating Volume: /workdir/hadoop-ozone/integration-test/target/test-dir/MiniOzoneClusterImpl-0aed760e-6e1a-4be6-abfb-431785f69e2b/datanode-1/data/containers/hdds of  storage type : DISK and capacity : 1482555576320
2019-10-18 14:01:35,642 [main] INFO  volume.VolumeSet (VolumeSet.java:initializeVolumeSet(170)) - Added Volume : /workdir/hadoop-ozone/integration-test/target/test-dir/MiniOzoneClusterImpl-0aed760e-6e1a-4be6-abfb-431785f69e2b/datanode-1/data/containers/hdds to VolumeSet
2019-10-18 14:01:35,642 [main] INFO  volume.ThrottledAsyncChecker (ThrottledAsyncChecker.java:schedule(141)) - Scheduling a check for /workdir/hadoop-ozone/integration-test/target/test-dir/MiniOzoneClusterImpl-0aed760e-6e1a-4be6-abfb-431785f69e2b/datanode-1/data/containers/hdds
2019-10-18 14:01:35,643 [main] INFO  volume.HddsVolumeChecker (HddsVolumeChecker.java:checkAllVolumes(204)) - Scheduled health check for volume /workdir/hadoop-ozone/integration-test/target/test-dir/MiniOzoneClusterImpl-0aed760e-6e1a-4be6-abfb-431785f69e2b/datanode-1/data/containers/hdds
2019-10-18 14:01:35,658 [main] INFO  impl.RaftServerProxy (ConfUtils.java:logGet(43)) - raft.rpc.type = GRPC (default)
2019-10-18 14:01:35,659 [main] INFO  grpc.GrpcFactory (GrpcFactory.java:checkPooledByteBufAllocatorUseCacheForAllThreads(45)) - PERFORMANCE WARNING: useCacheForAllThreads is true that may cause Netty to create a lot garbage objects and, as a result, trigger GC.
	It is recommended to disable useCacheForAllThreads by setting -Dorg.apache.ratis.thirdparty.io.netty.allocator.useCacheForAllThreads=false in command line.
2019-10-18 14:01:35,659 [main] INFO  grpc.GrpcConfigKeys$Server (ConfUtils.java:logGet(43)) - raft.grpc.server.port = 0 (default)
2019-10-18 14:01:35,659 [main] INFO  server.GrpcService (ConfUtils.java:logGet(43)) - raft.grpc.message.size.max = 33570816 (custom)
2019-10-18 14:01:35,659 [main] INFO  server.RaftServerConfigKeys (ConfUtils.java:logGet(43)) - raft.server.log.appender.buffer.byte-limit = 33554432 (custom)
2019-10-18 14:01:35,660 [main] INFO  server.GrpcService (ConfUtils.java:logGet(43)) - raft.grpc.flow.control.window = 1MB (=1048576) (default)
2019-10-18 14:01:35,660 [main] INFO  server.RaftServerConfigKeys (ConfUtils.java:logGet(43)) - raft.server.rpc.request.timeout = 3000ms (default)
2019-10-18 14:01:35,662 [main] INFO  server.RaftServerConfigKeys (ConfUtils.java:logGet(43)) - raft.server.storage.dir = [/workdir/hadoop-ozone/integration-test/target/test-dir/MiniOzoneClusterImpl-0aed760e-6e1a-4be6-abfb-431785f69e2b/datanode-1/data/ratis] (custom)
2019-10-18 14:01:35,665 [main] INFO  hdfs.DFSUtil (DFSUtil.java:httpServerTemplateForNNAndJN(1641)) - Starting Web-server for hddsDatanode at: http://0.0.0.0:0
2019-10-18 14:01:35,667 [main] INFO  server.AuthenticationFilter (AuthenticationFilter.java:constructSecretProvider(240)) - Unable to initialize FileSignerSecretProvider, falling back to use random secrets.
2019-10-18 14:01:35,667 [main] WARN  http.HttpRequestLog (HttpRequestLog.java:getRequestLog(97)) - Jetty request log can only be enabled using Log4j
2019-10-18 14:01:35,670 [main] INFO  http.HttpServer2 (HttpServer2.java:addGlobalFilter(975)) - Added global filter 'safety' (class=org.apache.hadoop.http.HttpServer2$QuotingInputFilter)
2019-10-18 14:01:35,671 [main] INFO  http.HttpServer2 (HttpServer2.java:addFilter(948)) - Added filter static_user_filter (class=org.apache.hadoop.http.lib.StaticUserWebFilter$StaticUserFilter) to context hddsDatanode
2019-10-18 14:01:35,672 [main] INFO  http.HttpServer2 (HttpServer2.java:addFilter(958)) - Added filter static_user_filter (class=org.apache.hadoop.http.lib.StaticUserWebFilter$StaticUserFilter) to context logs
2019-10-18 14:01:35,672 [main] INFO  http.HttpServer2 (HttpServer2.java:addFilter(958)) - Added filter static_user_filter (class=org.apache.hadoop.http.lib.StaticUserWebFilter$StaticUserFilter) to context static
2019-10-18 14:01:35,673 [main] INFO  http.HttpServer2 (HttpServer2.java:bindListener(1191)) - Jetty bound to port 40329
2019-10-18 14:01:35,673 [main] INFO  server.Server (Server.java:doStart(351)) - jetty-9.3.25.v20180904, build timestamp: 2018-09-04T21:11:46Z, git hash: 3ce520221d0240229c862b122d2b06c12a625732
2019-10-18 14:01:35,677 [main] INFO  handler.ContextHandler (ContextHandler.java:doStart(781)) - Started o.e.j.s.ServletContextHandler@5e65afb6{/logs,file:///workdir/hadoop-ozone/integration-test/target/log,AVAILABLE}
2019-10-18 14:01:35,678 [main] INFO  handler.ContextHandler (ContextHandler.java:doStart(781)) - Started o.e.j.s.ServletContextHandler@8851ce1{/static,jar:file:/home/user/.m2/repository/org/apache/hadoop/hadoop-hdds-container-service/0.5.0-SNAPSHOT/hadoop-hdds-container-service-0.5.0-SNAPSHOT.jar!/webapps/static,AVAILABLE}
2019-10-18 14:01:35,721 [main] INFO  handler.ContextHandler (ContextHandler.java:doStart(781)) - Started o.e.j.w.WebAppContext@7a0ef219{/,file:///tmp/jetty-0.0.0.0-40329-hddsDatanode-_-any-6942427675409702825.dir/webapp/,AVAILABLE}{/hddsDatanode}
2019-10-18 14:01:35,722 [main] INFO  server.AbstractConnector (AbstractConnector.java:doStart(278)) - Started ServerConnector@1b1f5012{HTTP/1.1,[http/1.1]}{0.0.0.0:40329}
2019-10-18 14:01:35,723 [main] INFO  server.Server (Server.java:doStart(419)) - Started @5286ms
2019-10-18 14:01:35,723 [main] WARN  impl.MetricsSystemImpl (MetricsSystemImpl.java:register(276)) - Sink prometheus already exists!
2019-10-18 14:01:35,725 [main] INFO  server.BaseHttpServer (BaseHttpServer.java:updateConnectorAddress(215)) - HTTP server of HDDSDATANODE is listening at http://0.0.0.0:40329
2019-10-18 14:01:35,725 [main] INFO  impl.MetricsSystemImpl (MetricsSystemImpl.java:init(158)) - HddsDatanode metrics system started (again)
2019-10-18 14:01:35,728 [org.apache.hadoop.util.JvmPauseMonitor$Monitor@64fc4014] INFO  util.JvmPauseMonitor (JvmPauseMonitor.java:run(188)) - Starting JVM pause monitor
2019-10-18 14:01:35,729 [main] INFO  ozone.HddsDatanodeService (HddsDatanodeService.java:start(184)) - HddsDatanodeService host:pr-hdds-2293-fsv7b-60401721 ip:192.168.69.124
2019-10-18 14:01:35,739 [main] INFO  volume.HddsVolume (HddsVolume.java:<init>(176)) - Creating Volume: /workdir/hadoop-ozone/integration-test/target/test-dir/MiniOzoneClusterImpl-0aed760e-6e1a-4be6-abfb-431785f69e2b/datanode-2/data/containers/hdds of  storage type : DISK and capacity : 1482555576320
2019-10-18 14:01:35,739 [main] INFO  volume.VolumeSet (VolumeSet.java:initializeVolumeSet(170)) - Added Volume : /workdir/hadoop-ozone/integration-test/target/test-dir/MiniOzoneClusterImpl-0aed760e-6e1a-4be6-abfb-431785f69e2b/datanode-2/data/containers/hdds to VolumeSet
2019-10-18 14:01:35,740 [main] INFO  volume.ThrottledAsyncChecker (ThrottledAsyncChecker.java:schedule(141)) - Scheduling a check for /workdir/hadoop-ozone/integration-test/target/test-dir/MiniOzoneClusterImpl-0aed760e-6e1a-4be6-abfb-431785f69e2b/datanode-2/data/containers/hdds
2019-10-18 14:01:35,740 [main] INFO  volume.HddsVolumeChecker (HddsVolumeChecker.java:checkAllVolumes(204)) - Scheduled health check for volume /workdir/hadoop-ozone/integration-test/target/test-dir/MiniOzoneClusterImpl-0aed760e-6e1a-4be6-abfb-431785f69e2b/datanode-2/data/containers/hdds
2019-10-18 14:01:35,754 [Datanode State Machine Thread - 0] INFO  datanode.InitDatanodeState (InitDatanodeState.java:persistContainerDatanodeDetails(140)) - DatanodeDetails is persisted to /workdir/hadoop-ozone/integration-test/target/test-dir/MiniOzoneClusterImpl-0aed760e-6e1a-4be6-abfb-431785f69e2b/datanode-0/meta/datanode.id
2019-10-18 14:01:35,758 [Datanode State Machine Thread - 0] INFO  datanode.InitDatanodeState (InitDatanodeState.java:persistContainerDatanodeDetails(140)) - DatanodeDetails is persisted to /workdir/hadoop-ozone/integration-test/target/test-dir/MiniOzoneClusterImpl-0aed760e-6e1a-4be6-abfb-431785f69e2b/datanode-1/meta/datanode.id
2019-10-18 14:01:35,761 [main] INFO  impl.RaftServerProxy (ConfUtils.java:logGet(43)) - raft.rpc.type = GRPC (default)
2019-10-18 14:01:35,762 [main] INFO  grpc.GrpcFactory (GrpcFactory.java:checkPooledByteBufAllocatorUseCacheForAllThreads(45)) - PERFORMANCE WARNING: useCacheForAllThreads is true that may cause Netty to create a lot garbage objects and, as a result, trigger GC.
	It is recommended to disable useCacheForAllThreads by setting -Dorg.apache.ratis.thirdparty.io.netty.allocator.useCacheForAllThreads=false in command line.
2019-10-18 14:01:35,762 [main] INFO  grpc.GrpcConfigKeys$Server (ConfUtils.java:logGet(43)) - raft.grpc.server.port = 0 (default)
2019-10-18 14:01:35,762 [main] INFO  server.GrpcService (ConfUtils.java:logGet(43)) - raft.grpc.message.size.max = 33570816 (custom)
2019-10-18 14:01:35,763 [main] INFO  server.RaftServerConfigKeys (ConfUtils.java:logGet(43)) - raft.server.log.appender.buffer.byte-limit = 33554432 (custom)
2019-10-18 14:01:35,763 [main] INFO  server.GrpcService (ConfUtils.java:logGet(43)) - raft.grpc.flow.control.window = 1MB (=1048576) (default)
2019-10-18 14:01:35,764 [main] INFO  server.RaftServerConfigKeys (ConfUtils.java:logGet(43)) - raft.server.rpc.request.timeout = 3000ms (default)
2019-10-18 14:01:35,764 [main] INFO  server.RaftServerConfigKeys (ConfUtils.java:logGet(43)) - raft.server.storage.dir = [/workdir/hadoop-ozone/integration-test/target/test-dir/MiniOzoneClusterImpl-0aed760e-6e1a-4be6-abfb-431785f69e2b/datanode-2/data/ratis] (custom)
2019-10-18 14:01:35,767 [main] INFO  hdfs.DFSUtil (DFSUtil.java:httpServerTemplateForNNAndJN(1641)) - Starting Web-server for hddsDatanode at: http://0.0.0.0:0
2019-10-18 14:01:35,768 [main] INFO  server.AuthenticationFilter (AuthenticationFilter.java:constructSecretProvider(240)) - Unable to initialize FileSignerSecretProvider, falling back to use random secrets.
2019-10-18 14:01:35,769 [main] WARN  http.HttpRequestLog (HttpRequestLog.java:getRequestLog(97)) - Jetty request log can only be enabled using Log4j
2019-10-18 14:01:35,771 [main] INFO  http.HttpServer2 (HttpServer2.java:addGlobalFilter(975)) - Added global filter 'safety' (class=org.apache.hadoop.http.HttpServer2$QuotingInputFilter)
2019-10-18 14:01:35,772 [main] INFO  http.HttpServer2 (HttpServer2.java:addFilter(948)) - Added filter static_user_filter (class=org.apache.hadoop.http.lib.StaticUserWebFilter$StaticUserFilter) to context hddsDatanode
2019-10-18 14:01:35,772 [main] INFO  http.HttpServer2 (HttpServer2.java:addFilter(958)) - Added filter static_user_filter (class=org.apache.hadoop.http.lib.StaticUserWebFilter$StaticUserFilter) to context logs
2019-10-18 14:01:35,772 [main] INFO  http.HttpServer2 (HttpServer2.java:addFilter(958)) - Added filter static_user_filter (class=org.apache.hadoop.http.lib.StaticUserWebFilter$StaticUserFilter) to context static
2019-10-18 14:01:35,773 [main] INFO  http.HttpServer2 (HttpServer2.java:bindListener(1191)) - Jetty bound to port 37786
2019-10-18 14:01:35,773 [main] INFO  server.Server (Server.java:doStart(351)) - jetty-9.3.25.v20180904, build timestamp: 2018-09-04T21:11:46Z, git hash: 3ce520221d0240229c862b122d2b06c12a625732
2019-10-18 14:01:35,776 [main] INFO  handler.ContextHandler (ContextHandler.java:doStart(781)) - Started o.e.j.s.ServletContextHandler@5fa23c{/logs,file:///workdir/hadoop-ozone/integration-test/target/log,AVAILABLE}
2019-10-18 14:01:35,776 [main] INFO  handler.ContextHandler (ContextHandler.java:doStart(781)) - Started o.e.j.s.ServletContextHandler@433348bc{/static,jar:file:/home/user/.m2/repository/org/apache/hadoop/hadoop-hdds-container-service/0.5.0-SNAPSHOT/hadoop-hdds-container-service-0.5.0-SNAPSHOT.jar!/webapps/static,AVAILABLE}
2019-10-18 14:01:35,809 [main] INFO  handler.ContextHandler (ContextHandler.java:doStart(781)) - Started o.e.j.w.WebAppContext@43e9089{/,file:///tmp/jetty-0.0.0.0-37786-hddsDatanode-_-any-5042915025224103472.dir/webapp/,AVAILABLE}{/hddsDatanode}
2019-10-18 14:01:35,809 [main] INFO  server.AbstractConnector (AbstractConnector.java:doStart(278)) - Started ServerConnector@3c5dbdf8{HTTP/1.1,[http/1.1]}{0.0.0.0:37786}
2019-10-18 14:01:35,810 [main] INFO  server.Server (Server.java:doStart(419)) - Started @5373ms
2019-10-18 14:01:35,810 [main] WARN  impl.MetricsSystemImpl (MetricsSystemImpl.java:register(276)) - Sink prometheus already exists!
2019-10-18 14:01:35,811 [main] INFO  server.BaseHttpServer (BaseHttpServer.java:updateConnectorAddress(215)) - HTTP server of HDDSDATANODE is listening at http://0.0.0.0:37786
2019-10-18 14:01:35,813 [main] INFO  ozone.MiniOzoneClusterImpl (MiniOzoneClusterImpl.java:lambda$waitForClusterToBeReady$0(147)) - Waiting for cluster to be ready. Got 0 of 3 DN Heartbeats.
2019-10-18 14:01:35,815 [org.apache.hadoop.util.JvmPauseMonitor$Monitor@58e1a5cb] INFO  util.JvmPauseMonitor (JvmPauseMonitor.java:run(188)) - Starting JVM pause monitor
2019-10-18 14:01:35,818 [Datanode State Machine Thread - 0] INFO  datanode.InitDatanodeState (InitDatanodeState.java:persistContainerDatanodeDetails(140)) - DatanodeDetails is persisted to /workdir/hadoop-ozone/integration-test/target/test-dir/MiniOzoneClusterImpl-0aed760e-6e1a-4be6-abfb-431785f69e2b/datanode-2/meta/datanode.id
2019-10-18 14:01:36,814 [main] INFO  ozone.MiniOzoneClusterImpl (MiniOzoneClusterImpl.java:lambda$waitForClusterToBeReady$0(147)) - Waiting for cluster to be ready. Got 0 of 3 DN Heartbeats.
2019-10-18 14:01:37,707 [Datanode State Machine Thread - 0] INFO  ozoneimpl.OzoneContainer (OzoneContainer.java:start(213)) - Attempting to start container services.
2019-10-18 14:01:37,710 [Datanode State Machine Thread - 0] INFO  ozoneimpl.OzoneContainer (OzoneContainer.java:startContainerScrub(177)) - Background container scanner has been disabled.
2019-10-18 14:01:37,710 [Datanode State Machine Thread - 0] INFO  ratis.XceiverServerRatis (XceiverServerRatis.java:start(418)) - Starting XceiverServerRatis 967a5d84-883e-4fc5-aa88-430cc6c4b93a at port 0
2019-10-18 14:01:37,733 [Datanode State Machine Thread - 0] INFO  impl.RaftServerProxy (RaftServerProxy.java:lambda$start$3(299)) - 967a5d84-883e-4fc5-aa88-430cc6c4b93a: start RPC server
2019-10-18 14:01:37,745 [Datanode State Machine Thread - 0] INFO  ozoneimpl.OzoneContainer (OzoneContainer.java:start(213)) - Attempting to start container services.
2019-10-18 14:01:37,750 [Datanode State Machine Thread - 0] INFO  ozoneimpl.OzoneContainer (OzoneContainer.java:startContainerScrub(177)) - Background container scanner has been disabled.
2019-10-18 14:01:37,751 [Datanode State Machine Thread - 0] INFO  ratis.XceiverServerRatis (XceiverServerRatis.java:start(418)) - Starting XceiverServerRatis 524d4c73-bbaf-4142-9273-d20c5a8628b4 at port 0
2019-10-18 14:01:37,761 [Datanode State Machine Thread - 0] INFO  impl.RaftServerProxy (RaftServerProxy.java:lambda$start$3(299)) - 524d4c73-bbaf-4142-9273-d20c5a8628b4: start RPC server
2019-10-18 14:01:37,814 [main] INFO  ozone.MiniOzoneClusterImpl (MiniOzoneClusterImpl.java:lambda$waitForClusterToBeReady$0(147)) - Waiting for cluster to be ready. Got 0 of 3 DN Heartbeats.
2019-10-18 14:01:37,832 [Datanode State Machine Thread - 0] INFO  ozoneimpl.OzoneContainer (OzoneContainer.java:start(213)) - Attempting to start container services.
2019-10-18 14:01:37,833 [Datanode State Machine Thread - 0] INFO  ozoneimpl.OzoneContainer (OzoneContainer.java:startContainerScrub(177)) - Background container scanner has been disabled.
2019-10-18 14:01:37,833 [Datanode State Machine Thread - 0] INFO  ratis.XceiverServerRatis (XceiverServerRatis.java:start(418)) - Starting XceiverServerRatis 0eccc4cb-77af-4c43-89bd-f01b83be0073 at port 0
2019-10-18 14:01:37,841 [Datanode State Machine Thread - 0] INFO  impl.RaftServerProxy (RaftServerProxy.java:lambda$start$3(299)) - 0eccc4cb-77af-4c43-89bd-f01b83be0073: start RPC server
2019-10-18 14:01:37,885 [Datanode State Machine Thread - 0] INFO  server.GrpcService (GrpcService.java:startImpl(158)) - 524d4c73-bbaf-4142-9273-d20c5a8628b4: GrpcService started, listening on 0.0.0.0/0.0.0.0:36511
2019-10-18 14:01:37,885 [Datanode State Machine Thread - 0] INFO  server.GrpcService (GrpcService.java:startImpl(158)) - 967a5d84-883e-4fc5-aa88-430cc6c4b93a: GrpcService started, listening on 0.0.0.0/0.0.0.0:45994
2019-10-18 14:01:37,885 [Datanode State Machine Thread - 0] INFO  server.GrpcService (GrpcService.java:startImpl(158)) - 0eccc4cb-77af-4c43-89bd-f01b83be0073: GrpcService started, listening on 0.0.0.0/0.0.0.0:38580
2019-10-18 14:01:37,886 [Datanode State Machine Thread - 0] INFO  ratis.XceiverServerRatis (XceiverServerRatis.java:start(428)) - XceiverServerRatis 967a5d84-883e-4fc5-aa88-430cc6c4b93a is started using port 45994
2019-10-18 14:01:37,886 [Datanode State Machine Thread - 0] INFO  ratis.XceiverServerRatis (XceiverServerRatis.java:start(428)) - XceiverServerRatis 524d4c73-bbaf-4142-9273-d20c5a8628b4 is started using port 36511
2019-10-18 14:01:37,886 [Datanode State Machine Thread - 0] INFO  ratis.XceiverServerRatis (XceiverServerRatis.java:start(428)) - XceiverServerRatis 0eccc4cb-77af-4c43-89bd-f01b83be0073 is started using port 38580
2019-10-18 14:01:37,891 [Datanode State Machine Thread - 0] INFO  server.XceiverServerGrpc (XceiverServerGrpc.java:start(149)) - XceiverServerGrpc 0eccc4cb-77af-4c43-89bd-f01b83be0073 is started using port 42138
2019-10-18 14:01:37,891 [Datanode State Machine Thread - 0] INFO  server.XceiverServerGrpc (XceiverServerGrpc.java:start(149)) - XceiverServerGrpc 524d4c73-bbaf-4142-9273-d20c5a8628b4 is started using port 45157
2019-10-18 14:01:37,892 [Datanode State Machine Thread - 0] INFO  server.XceiverServerGrpc (XceiverServerGrpc.java:start(149)) - XceiverServerGrpc 967a5d84-883e-4fc5-aa88-430cc6c4b93a is started using port 39146
2019-10-18 14:01:38,816 [main] INFO  ozone.MiniOzoneClusterImpl (MiniOzoneClusterImpl.java:lambda$waitForClusterToBeReady$0(147)) - Waiting for cluster to be ready. Got 0 of 3 DN Heartbeats.
2019-10-18 14:01:39,660 [IPC Server handler 2 on 43835] INFO  net.NetworkTopology (NetworkTopologyImpl.java:add(111)) - Added a new node: /default-rack/967a5d84-883e-4fc5-aa88-430cc6c4b93a
2019-10-18 14:01:39,661 [IPC Server handler 2 on 43835] INFO  node.SCMNodeManager (SCMNodeManager.java:register(268)) - Registered Data node : 967a5d84-883e-4fc5-aa88-430cc6c4b93a{ip: 192.168.69.124, host: pr-hdds-2293-fsv7b-60401721, networkLocation: /default-rack, certSerialId: null}
2019-10-18 14:01:39,664 [EventQueue-NodeRegistrationContainerReportForDataNodeSafeModeRule] INFO  safemode.SCMSafeModeManager (DataNodeSafeModeRule.java:process(71)) - SCM in safe mode. 1 DataNodes registered, 1 required.
2019-10-18 14:01:39,664 [EventQueue-NodeRegistrationContainerReportForDataNodeSafeModeRule] INFO  safemode.SCMSafeModeManager (SCMSafeModeManager.java:validateSafeModeExitRules(177)) - ScmSafeModeManager, all rules are successfully validated
2019-10-18 14:01:39,664 [EventQueue-NodeRegistrationContainerReportForDataNodeSafeModeRule] INFO  safemode.SCMSafeModeManager (SCMSafeModeManager.java:exitSafeMode(193)) - SCM exiting safe mode.
2019-10-18 14:01:39,730 [IPC Server handler 0 on 43835] INFO  net.NetworkTopology (NetworkTopologyImpl.java:add(111)) - Added a new node: /default-rack/524d4c73-bbaf-4142-9273-d20c5a8628b4
2019-10-18 14:01:39,730 [IPC Server handler 0 on 43835] INFO  node.SCMNodeManager (SCMNodeManager.java:register(268)) - Registered Data node : 524d4c73-bbaf-4142-9273-d20c5a8628b4{ip: 192.168.69.124, host: pr-hdds-2293-fsv7b-60401721, networkLocation: /default-rack, certSerialId: null}
2019-10-18 14:01:39,817 [main] INFO  ozone.MiniOzoneClusterImpl (MiniOzoneClusterImpl.java:lambda$waitForClusterToBeReady$0(147)) - Waiting for cluster to be ready. Got 2 of 3 DN Heartbeats.
2019-10-18 14:01:39,817 [IPC Server handler 3 on 43835] INFO  net.NetworkTopology (NetworkTopologyImpl.java:add(111)) - Added a new node: /default-rack/0eccc4cb-77af-4c43-89bd-f01b83be0073
2019-10-18 14:01:39,818 [IPC Server handler 3 on 43835] INFO  node.SCMNodeManager (SCMNodeManager.java:register(268)) - Registered Data node : 0eccc4cb-77af-4c43-89bd-f01b83be0073{ip: 192.168.69.124, host: pr-hdds-2293-fsv7b-60401721, networkLocation: /default-rack, certSerialId: null}
2019-10-18 14:01:40,129 [grpc-default-executor-0] INFO  impl.RaftServerProxy (RaftServerProxy.java:addNew(89)) - 967a5d84-883e-4fc5-aa88-430cc6c4b93a: addNew group-339793E46C3A:[967a5d84-883e-4fc5-aa88-430cc6c4b93a:192.168.69.124:45994] returns group-339793E46C3A:java.util.concurrent.CompletableFuture@1dcfc604[Not completed]
2019-10-18 14:01:40,140 [pool-27-thread-1] INFO  impl.RaftServerImpl (RaftServerImpl.java:<init>(104)) - 967a5d84-883e-4fc5-aa88-430cc6c4b93a: new RaftServerImpl for group-339793E46C3A:[967a5d84-883e-4fc5-aa88-430cc6c4b93a:192.168.69.124:45994] with ContainerStateMachine:uninitialized
2019-10-18 14:01:40,142 [pool-27-thread-1] INFO  server.RaftServerConfigKeys (ConfUtils.java:logGet(43)) - raft.server.rpc.timeout.min = 5s (custom)
2019-10-18 14:01:40,142 [pool-27-thread-1] INFO  server.RaftServerConfigKeys (ConfUtils.java:logGet(43)) - raft.server.rpc.timeout.max = 5200ms (custom)
2019-10-18 14:01:40,143 [pool-27-thread-1] INFO  server.RaftServerConfigKeys (ConfUtils.java:logGet(43)) - raft.server.rpcslowness.timeout = 1000s (custom)
2019-10-18 14:01:40,143 [pool-27-thread-1] INFO  server.RaftServerConfigKeys (ConfUtils.java:logGet(43)) - raft.server.sleep.deviation.threshold = 300 (default)
2019-10-18 14:01:40,144 [pool-27-thread-1] INFO  server.RaftServerConfigKeys (ConfUtils.java:logGet(43)) - raft.server.log.appender.install.snapshot.enabled = false (custom)
2019-10-18 14:01:40,151 [pool-27-thread-1] INFO  impl.RaftServerImpl (ServerState.java:<init>(103)) - 967a5d84-883e-4fc5-aa88-430cc6c4b93a@group-339793E46C3A: ConfigurationManager, init=-1: [967a5d84-883e-4fc5-aa88-430cc6c4b93a:192.168.69.124:45994], old=null, confs=<EMPTY_MAP>
2019-10-18 14:01:40,151 [pool-27-thread-1] INFO  server.RaftServerConfigKeys (ConfUtils.java:logGet(43)) - raft.server.storage.dir = [/workdir/hadoop-ozone/integration-test/target/test-dir/MiniOzoneClusterImpl-0aed760e-6e1a-4be6-abfb-431785f69e2b/datanode-0/data/ratis] (custom)
2019-10-18 14:01:40,157 [pool-27-thread-1] INFO  server.RaftServerConfigKeys (ConfUtils.java:logGet(43)) - raft.server.log.corruption.policy = EXCEPTION (default)
2019-10-18 14:01:40,159 [pool-27-thread-1] INFO  storage.RaftStorageDirectory (RaftStorageDirectory.java:analyzeStorage(246)) - The storage directory /workdir/hadoop-ozone/integration-test/target/test-dir/MiniOzoneClusterImpl-0aed760e-6e1a-4be6-abfb-431785f69e2b/datanode-0/data/ratis/15b2d74c-5351-4625-9937-339793e46c3a does not exist. Creating ...
2019-10-18 14:01:40,174 [pool-27-thread-1] INFO  storage.RaftStorageDirectory (RaftStorageDirectory.java:tryLock(328)) - Lock on /workdir/hadoop-ozone/integration-test/target/test-dir/MiniOzoneClusterImpl-0aed760e-6e1a-4be6-abfb-431785f69e2b/datanode-0/data/ratis/15b2d74c-5351-4625-9937-339793e46c3a/in_use.lock acquired by nodename 29037@pr-hdds-2293-fsv7b-60401721
2019-10-18 14:01:40,202 [pool-27-thread-1] INFO  storage.RaftStorage (RaftStorage.java:format(84)) - Storage directory /workdir/hadoop-ozone/integration-test/target/test-dir/MiniOzoneClusterImpl-0aed760e-6e1a-4be6-abfb-431785f69e2b/datanode-0/data/ratis/15b2d74c-5351-4625-9937-339793e46c3a has been successfully formatted.
2019-10-18 14:01:40,205 [pool-27-thread-1] INFO  ratis.ContainerStateMachine (ContainerStateMachine.java:loadSnapshot(231)) - group-339793E46C3A: The snapshot info is null. Setting the last applied indexto:(t:0, i:~)
2019-10-18 14:01:40,205 [pool-27-thread-1] INFO  server.RaftServerConfigKeys (ConfUtils.java:logGet(43)) - raft.server.notification.no-leader.timeout = 1000s (custom)
2019-10-18 14:01:40,208 [pool-27-thread-1] INFO  server.RaftServerConfigKeys (ConfUtils.java:logGet(43)) - raft.server.log.use.memory = false (default)
2019-10-18 14:01:40,213 [pool-27-thread-1] INFO  server.RaftServerConfigKeys (ConfUtils.java:logGet(43)) - raft.server.log.purge.gap = 1000000 (custom)
2019-10-18 14:01:40,213 [pool-27-thread-1] INFO  server.RaftServerConfigKeys (ConfUtils.java:logGet(43)) - raft.server.log.appender.buffer.byte-limit = 33554432 (custom)
2019-10-18 14:01:40,215 [pool-27-thread-1] INFO  server.RaftServerConfigKeys (ConfUtils.java:logGet(43)) - raft.server.log.segment.size.max = 1048576 (custom)
2019-10-18 14:01:40,217 [pool-27-thread-1] INFO  impl.MetricsSystemImpl (MetricsSystemImpl.java:init(158)) - ratis metrics system started (again)
2019-10-18 14:01:40,221 [pool-27-thread-1] INFO  metrics.MetricRegistries (MetricRegistriesLoader.java:load(64)) - Loaded MetricRegistries class org.apache.ratis.metrics.impl.MetricRegistriesImpl
2019-10-18 14:01:40,253 [pool-27-thread-1] INFO  server.RaftServerConfigKeys (ConfUtils.java:logGet(43)) - raft.server.log.segment.cache.num.max = 2 (custom)
2019-10-18 14:01:40,258 [pool-27-thread-1] INFO  segmented.SegmentedRaftLogWorker (SegmentedRaftLogWorker.java:<init>(173)) - new 967a5d84-883e-4fc5-aa88-430cc6c4b93a@group-339793E46C3A-SegmentedRaftLogWorker for RaftStorage:Storage Directory /workdir/hadoop-ozone/integration-test/target/test-dir/MiniOzoneClusterImpl-0aed760e-6e1a-4be6-abfb-431785f69e2b/datanode-0/data/ratis/15b2d74c-5351-4625-9937-339793e46c3a
2019-10-18 14:01:40,258 [pool-27-thread-1] INFO  server.RaftServerConfigKeys (ConfUtils.java:logGet(43)) - raft.server.log.queue.byte-limit = 2147483647 (custom)
2019-10-18 14:01:40,259 [pool-27-thread-1] INFO  server.RaftServerConfigKeys (ConfUtils.java:logGet(43)) - raft.server.log.queue.element-limit = 1024 (custom)
2019-10-18 14:01:40,260 [pool-27-thread-1] INFO  server.RaftServerConfigKeys (ConfUtils.java:logGet(43)) - raft.server.log.segment.size.max = 1048576 (custom)
2019-10-18 14:01:40,260 [pool-27-thread-1] INFO  server.RaftServerConfigKeys (ConfUtils.java:logGet(43)) - raft.server.log.preallocated.size = 16384 (custom)
2019-10-18 14:01:40,261 [pool-27-thread-1] INFO  server.RaftServerConfigKeys (ConfUtils.java:logGet(43)) - raft.server.log.write.buffer.size = 33554432 (custom)
2019-10-18 14:01:40,262 [pool-27-thread-1] INFO  server.RaftServerConfigKeys (ConfUtils.java:logGet(43)) - raft.server.log.force.sync.num = 128 (default)
2019-10-18 14:01:40,263 [pool-27-thread-1] INFO  server.RaftServerConfigKeys (ConfUtils.java:logGet(43)) - raft.server.log.statemachine.data.sync = true (default)
2019-10-18 14:01:40,263 [pool-27-thread-1] INFO  server.RaftServerConfigKeys (ConfUtils.java:logGet(43)) - raft.server.log.statemachine.data.sync.timeout = 10s (default)
2019-10-18 14:01:40,264 [pool-27-thread-1] INFO  server.RaftServerConfigKeys (ConfUtils.java:logGet(43)) - raft.server.log.statemachine.data.sync.timeout.retry = -1 (default)
2019-10-18 14:01:40,275 [pool-27-thread-1] INFO  server.RaftServerConfigKeys (ConfUtils.java:logGet(43)) - raft.server.log.statemachine.data.caching.enabled = true (custom)
2019-10-18 14:01:40,280 [pool-27-thread-1] INFO  segmented.SegmentedRaftLogWorker (SegmentedRaftLogWorker.java:lambda$new$0(128)) - 967a5d84-883e-4fc5-aa88-430cc6c4b93a@group-339793E46C3A-SegmentedRaftLogWorker: flushIndex: setUnconditionally 0 -> -1
2019-10-18 14:01:40,284 [pool-27-thread-1] INFO  server.RaftServerConfigKeys (ConfUtils.java:logGet(43)) - raft.server.snapshot.auto.trigger.enabled = true (custom)
2019-10-18 14:01:40,285 [pool-27-thread-1] INFO  server.RaftServerConfigKeys (ConfUtils.java:logGet(43)) - raft.server.snapshot.auto.trigger.threshold = 10000 (custom)
2019-10-18 14:01:40,285 [pool-27-thread-1] INFO  server.RaftServerConfigKeys (ConfUtils.java:logGet(43)) - raft.server.snapshot.retention.file.num = 5 (custom)
2019-10-18 14:01:40,286 [pool-27-thread-1] INFO  server.RaftServerConfigKeys (ConfUtils.java:logGet(43)) - raft.server.retrycache.expirytime = 600000ms (custom)
2019-10-18 14:01:40,317 [pool-27-thread-1] INFO  impl.RaftServerImpl (RaftServerImpl.java:start(195)) - 967a5d84-883e-4fc5-aa88-430cc6c4b93a@group-339793E46C3A: start as a follower, conf=-1: [967a5d84-883e-4fc5-aa88-430cc6c4b93a:192.168.69.124:45994], old=null
2019-10-18 14:01:40,319 [pool-27-thread-1] INFO  impl.RaftServerImpl (RaftServerImpl.java:setRole(184)) - 967a5d84-883e-4fc5-aa88-430cc6c4b93a@group-339793E46C3A: changes role from      null to FOLLOWER at term 0 for startAsFollower
2019-10-18 14:01:40,320 [pool-27-thread-1] INFO  impl.RoleInfo (RoleInfo.java:updateAndGet(143)) - 967a5d84-883e-4fc5-aa88-430cc6c4b93a: start FollowerState
2019-10-18 14:01:40,322 [pool-27-thread-1] INFO  util.JmxRegister (JmxRegister.java:tryRegister(44)) - Successfully registered JMX Bean with object name Ratis:service=RaftServer,group=group-339793E46C3A,id=967a5d84-883e-4fc5-aa88-430cc6c4b93a
2019-10-18 14:01:40,336 [Thread-186] INFO  impl.FollowerState (FollowerState.java:run(108)) - 967a5d84-883e-4fc5-aa88-430cc6c4b93a@group-339793E46C3A-FollowerState: change to CANDIDATE, lastRpcTime:16ms, electionTimeout:15ms
2019-10-18 14:01:40,340 [Thread-186] INFO  impl.RoleInfo (RoleInfo.java:shutdownFollowerState(121)) - 967a5d84-883e-4fc5-aa88-430cc6c4b93a: shutdown FollowerState
2019-10-18 14:01:40,341 [Thread-186] INFO  impl.RaftServerImpl (RaftServerImpl.java:setRole(184)) - 967a5d84-883e-4fc5-aa88-430cc6c4b93a@group-339793E46C3A: changes role from  FOLLOWER to CANDIDATE at term 0 for changeToCandidate
2019-10-18 14:01:40,347 [Thread-186] INFO  impl.RoleInfo (RoleInfo.java:updateAndGet(143)) - 967a5d84-883e-4fc5-aa88-430cc6c4b93a: start LeaderElection
2019-10-18 14:01:40,359 [967a5d84-883e-4fc5-aa88-430cc6c4b93a@group-339793E46C3A-LeaderElection1] INFO  impl.LeaderElection (LeaderElection.java:askForVotes(178)) - 967a5d84-883e-4fc5-aa88-430cc6c4b93a@group-339793E46C3A-LeaderElection1: begin an election at term 1 for -1: [967a5d84-883e-4fc5-aa88-430cc6c4b93a:192.168.69.124:45994], old=null
2019-10-18 14:01:40,361 [967a5d84-883e-4fc5-aa88-430cc6c4b93a@group-339793E46C3A-LeaderElection1] INFO  impl.RoleInfo (RoleInfo.java:shutdownLeaderElection(134)) - 967a5d84-883e-4fc5-aa88-430cc6c4b93a: shutdown LeaderElection
2019-10-18 14:01:40,361 [967a5d84-883e-4fc5-aa88-430cc6c4b93a@group-339793E46C3A-LeaderElection1] INFO  impl.RaftServerImpl (RaftServerImpl.java:setRole(184)) - 967a5d84-883e-4fc5-aa88-430cc6c4b93a@group-339793E46C3A: changes role from CANDIDATE to LEADER at term 1 for changeToLeader
2019-10-18 14:01:40,362 [967a5d84-883e-4fc5-aa88-430cc6c4b93a@group-339793E46C3A-LeaderElection1] INFO  impl.RaftServerImpl (ServerState.java:setLeader(256)) - 967a5d84-883e-4fc5-aa88-430cc6c4b93a@group-339793E46C3A: change Leader from null to 967a5d84-883e-4fc5-aa88-430cc6c4b93a at term 1 for becomeLeader, leader elected after 156ms
2019-10-18 14:01:40,370 [967a5d84-883e-4fc5-aa88-430cc6c4b93a@group-339793E46C3A-LeaderElection1] INFO  server.RaftServerConfigKeys (ConfUtils.java:logGet(43)) - raft.server.staging.catchup.gap = 1000 (default)
2019-10-18 14:01:40,370 [967a5d84-883e-4fc5-aa88-430cc6c4b93a@group-339793E46C3A-LeaderElection1] INFO  server.RaftServerConfigKeys (ConfUtils.java:logGet(43)) - raft.server.rpc.sleep.time = 25ms (default)
2019-10-18 14:01:40,375 [967a5d84-883e-4fc5-aa88-430cc6c4b93a@group-339793E46C3A-LeaderElection1] INFO  server.RaftServerConfigKeys (ConfUtils.java:logGet(43)) - raft.server.write.element-limit = 4096 (default)
2019-10-18 14:01:40,378 [967a5d84-883e-4fc5-aa88-430cc6c4b93a@group-339793E46C3A-LeaderElection1] INFO  server.RaftServerConfigKeys (ConfUtils.java:logGet(43)) - raft.server.watch.timeout = 10s (default)
2019-10-18 14:01:40,378 [967a5d84-883e-4fc5-aa88-430cc6c4b93a@group-339793E46C3A-LeaderElection1] INFO  server.RaftServerConfigKeys (ConfUtils.java:logGet(43)) - raft.server.watch.timeout.denomination = 1s (default)
2019-10-18 14:01:40,379 [967a5d84-883e-4fc5-aa88-430cc6c4b93a@group-339793E46C3A-LeaderElection1] INFO  server.RaftServerConfigKeys (ConfUtils.java:logGet(43)) - raft.server.watch.element-limit = 65536 (default)
2019-10-18 14:01:40,410 [RatisPipelineUtilsThread] INFO  pipeline.PipelineStateManager (PipelineStateManager.java:addPipeline(56)) - Created pipeline Pipeline[ Id: 15b2d74c-5351-4625-9937-339793e46c3a, Nodes: 967a5d84-883e-4fc5-aa88-430cc6c4b93a{ip: 192.168.69.124, host: pr-hdds-2293-fsv7b-60401721, networkLocation: /default-rack, certSerialId: null}, Type:RATIS, Factor:ONE, State:OPEN]
2019-10-18 14:01:40,413 [967a5d84-883e-4fc5-aa88-430cc6c4b93a@group-339793E46C3A-LeaderElection1] INFO  impl.RoleInfo (RoleInfo.java:updateAndGet(143)) - 967a5d84-883e-4fc5-aa88-430cc6c4b93a: start LeaderState
2019-10-18 14:01:40,427 [grpc-default-executor-0] INFO  impl.RaftServerProxy (RaftServerProxy.java:addNew(89)) - 0eccc4cb-77af-4c43-89bd-f01b83be0073: addNew group-EF32841D93FD:[0eccc4cb-77af-4c43-89bd-f01b83be0073:192.168.69.124:38580] returns group-EF32841D93FD:java.util.concurrent.CompletableFuture@7117dd64[Not completed]
2019-10-18 14:01:40,429 [pool-47-thread-1] INFO  impl.RaftServerImpl (RaftServerImpl.java:<init>(104)) - 0eccc4cb-77af-4c43-89bd-f01b83be0073: new RaftServerImpl for group-EF32841D93FD:[0eccc4cb-77af-4c43-89bd-f01b83be0073:192.168.69.124:38580] with ContainerStateMachine:uninitialized
2019-10-18 14:01:40,429 [pool-47-thread-1] INFO  server.RaftServerConfigKeys (ConfUtils.java:logGet(43)) - raft.server.rpc.timeout.min = 5s (custom)
2019-10-18 14:01:40,430 [pool-47-thread-1] INFO  server.RaftServerConfigKeys (ConfUtils.java:logGet(43)) - raft.server.rpc.timeout.max = 5200ms (custom)
2019-10-18 14:01:40,430 [pool-47-thread-1] INFO  server.RaftServerConfigKeys (ConfUtils.java:logGet(43)) - raft.server.rpcslowness.timeout = 1000s (custom)
2019-10-18 14:01:40,430 [pool-47-thread-1] INFO  server.RaftServerConfigKeys (ConfUtils.java:logGet(43)) - raft.server.sleep.deviation.threshold = 300 (default)
2019-10-18 14:01:40,430 [pool-47-thread-1] INFO  server.RaftServerConfigKeys (ConfUtils.java:logGet(43)) - raft.server.log.appender.install.snapshot.enabled = false (custom)
2019-10-18 14:01:40,431 [pool-47-thread-1] INFO  impl.RaftServerImpl (ServerState.java:<init>(103)) - 0eccc4cb-77af-4c43-89bd-f01b83be0073@group-EF32841D93FD: ConfigurationManager, init=-1: [0eccc4cb-77af-4c43-89bd-f01b83be0073:192.168.69.124:38580], old=null, confs=<EMPTY_MAP>
2019-10-18 14:01:40,431 [pool-47-thread-1] INFO  server.RaftServerConfigKeys (ConfUtils.java:logGet(43)) - raft.server.storage.dir = [/workdir/hadoop-ozone/integration-test/target/test-dir/MiniOzoneClusterImpl-0aed760e-6e1a-4be6-abfb-431785f69e2b/datanode-2/data/ratis] (custom)
2019-10-18 14:01:40,431 [pool-47-thread-1] INFO  server.RaftServerConfigKeys (ConfUtils.java:logGet(43)) - raft.server.log.corruption.policy = EXCEPTION (default)
2019-10-18 14:01:40,432 [pool-47-thread-1] INFO  storage.RaftStorageDirectory (RaftStorageDirectory.java:analyzeStorage(246)) - The storage directory /workdir/hadoop-ozone/integration-test/target/test-dir/MiniOzoneClusterImpl-0aed760e-6e1a-4be6-abfb-431785f69e2b/datanode-2/data/ratis/77375461-083c-49bc-b792-ef32841d93fd does not exist. Creating ...
2019-10-18 14:01:40,438 [967a5d84-883e-4fc5-aa88-430cc6c4b93a@group-339793E46C3A-LeaderElection1] INFO  segmented.SegmentedRaftLogWorker (SegmentedRaftLogWorker.java:startLogSegment(385)) - 967a5d84-883e-4fc5-aa88-430cc6c4b93a@group-339793E46C3A-SegmentedRaftLogWorker: Starting segment from index:0
2019-10-18 14:01:40,445 [pool-47-thread-1] INFO  storage.RaftStorageDirectory (RaftStorageDirectory.java:tryLock(328)) - Lock on /workdir/hadoop-ozone/integration-test/target/test-dir/MiniOzoneClusterImpl-0aed760e-6e1a-4be6-abfb-431785f69e2b/datanode-2/data/ratis/77375461-083c-49bc-b792-ef32841d93fd/in_use.lock acquired by nodename 29037@pr-hdds-2293-fsv7b-60401721
2019-10-18 14:01:40,447 [967a5d84-883e-4fc5-aa88-430cc6c4b93a@group-339793E46C3A-LeaderElection1] INFO  impl.RaftServerImpl (ServerState.java:setRaftConf(357)) - 967a5d84-883e-4fc5-aa88-430cc6c4b93a@group-339793E46C3A: set configuration 0: [967a5d84-883e-4fc5-aa88-430cc6c4b93a:192.168.69.124:45994], old=null at 0
2019-10-18 14:01:40,458 [pool-47-thread-1] INFO  storage.RaftStorage (RaftStorage.java:format(84)) - Storage directory /workdir/hadoop-ozone/integration-test/target/test-dir/MiniOzoneClusterImpl-0aed760e-6e1a-4be6-abfb-431785f69e2b/datanode-2/data/ratis/77375461-083c-49bc-b792-ef32841d93fd has been successfully formatted.
2019-10-18 14:01:40,459 [pool-47-thread-1] INFO  ratis.ContainerStateMachine (ContainerStateMachine.java:loadSnapshot(231)) - group-EF32841D93FD: The snapshot info is null. Setting the last applied indexto:(t:0, i:~)
2019-10-18 14:01:40,460 [pool-47-thread-1] INFO  server.RaftServerConfigKeys (ConfUtils.java:logGet(43)) - raft.server.notification.no-leader.timeout = 1000s (custom)
2019-10-18 14:01:40,460 [pool-47-thread-1] INFO  server.RaftServerConfigKeys (ConfUtils.java:logGet(43)) - raft.server.log.use.memory = false (default)
2019-10-18 14:01:40,460 [pool-47-thread-1] INFO  server.RaftServerConfigKeys (ConfUtils.java:logGet(43)) - raft.server.log.purge.gap = 1000000 (custom)
2019-10-18 14:01:40,460 [pool-47-thread-1] INFO  server.RaftServerConfigKeys (ConfUtils.java:logGet(43)) - raft.server.log.appender.buffer.byte-limit = 33554432 (custom)
2019-10-18 14:01:40,460 [pool-47-thread-1] INFO  server.RaftServerConfigKeys (ConfUtils.java:logGet(43)) - raft.server.log.segment.size.max = 1048576 (custom)
2019-10-18 14:01:40,486 [pool-47-thread-1] INFO  server.RaftServerConfigKeys (ConfUtils.java:logGet(43)) - raft.server.log.segment.cache.num.max = 2 (custom)
2019-10-18 14:01:40,486 [pool-47-thread-1] INFO  segmented.SegmentedRaftLogWorker (SegmentedRaftLogWorker.java:<init>(173)) - new 0eccc4cb-77af-4c43-89bd-f01b83be0073@group-EF32841D93FD-SegmentedRaftLogWorker for RaftStorage:Storage Directory /workdir/hadoop-ozone/integration-test/target/test-dir/MiniOzoneClusterImpl-0aed760e-6e1a-4be6-abfb-431785f69e2b/datanode-2/data/ratis/77375461-083c-49bc-b792-ef32841d93fd
2019-10-18 14:01:40,486 [pool-47-thread-1] INFO  server.RaftServerConfigKeys (ConfUtils.java:logGet(43)) - raft.server.log.queue.byte-limit = 2147483647 (custom)
2019-10-18 14:01:40,487 [pool-47-thread-1] INFO  server.RaftServerConfigKeys (ConfUtils.java:logGet(43)) - raft.server.log.queue.element-limit = 1024 (custom)
2019-10-18 14:01:40,487 [pool-47-thread-1] INFO  server.RaftServerConfigKeys (ConfUtils.java:logGet(43)) - raft.server.log.segment.size.max = 1048576 (custom)
2019-10-18 14:01:40,487 [pool-47-thread-1] INFO  server.RaftServerConfigKeys (ConfUtils.java:logGet(43)) - raft.server.log.preallocated.size = 16384 (custom)
2019-10-18 14:01:40,487 [pool-47-thread-1] INFO  server.RaftServerConfigKeys (ConfUtils.java:logGet(43)) - raft.server.log.write.buffer.size = 33554432 (custom)
2019-10-18 14:01:40,487 [pool-47-thread-1] INFO  server.RaftServerConfigKeys (ConfUtils.java:logGet(43)) - raft.server.log.force.sync.num = 128 (default)
2019-10-18 14:01:40,488 [pool-47-thread-1] INFO  server.RaftServerConfigKeys (ConfUtils.java:logGet(43)) - raft.server.log.statemachine.data.sync = true (default)
2019-10-18 14:01:40,488 [pool-47-thread-1] INFO  server.RaftServerConfigKeys (ConfUtils.java:logGet(43)) - raft.server.log.statemachine.data.sync.timeout = 10s (default)
2019-10-18 14:01:40,488 [pool-47-thread-1] INFO  server.RaftServerConfigKeys (ConfUtils.java:logGet(43)) - raft.server.log.statemachine.data.sync.timeout.retry = -1 (default)
2019-10-18 14:01:40,489 [pool-47-thread-1] INFO  server.RaftServerConfigKeys (ConfUtils.java:logGet(43)) - raft.server.log.statemachine.data.caching.enabled = true (custom)
2019-10-18 14:01:40,489 [pool-47-thread-1] INFO  segmented.SegmentedRaftLogWorker (SegmentedRaftLogWorker.java:lambda$new$0(128)) - 0eccc4cb-77af-4c43-89bd-f01b83be0073@group-EF32841D93FD-SegmentedRaftLogWorker: flushIndex: setUnconditionally 0 -> -1
2019-10-18 14:01:40,490 [pool-47-thread-1] INFO  server.RaftServerConfigKeys (ConfUtils.java:logGet(43)) - raft.server.snapshot.auto.trigger.enabled = true (custom)
2019-10-18 14:01:40,490 [pool-47-thread-1] INFO  server.RaftServerConfigKeys (ConfUtils.java:logGet(43)) - raft.server.snapshot.auto.trigger.threshold = 10000 (custom)
2019-10-18 14:01:40,490 [pool-47-thread-1] INFO  server.RaftServerConfigKeys (ConfUtils.java:logGet(43)) - raft.server.snapshot.retention.file.num = 5 (custom)
2019-10-18 14:01:40,491 [pool-47-thread-1] INFO  server.RaftServerConfigKeys (ConfUtils.java:logGet(43)) - raft.server.retrycache.expirytime = 600000ms (custom)
2019-10-18 14:01:40,501 [pool-47-thread-1] INFO  impl.RaftServerImpl (RaftServerImpl.java:start(195)) - 0eccc4cb-77af-4c43-89bd-f01b83be0073@group-EF32841D93FD: start as a follower, conf=-1: [0eccc4cb-77af-4c43-89bd-f01b83be0073:192.168.69.124:38580], old=null
2019-10-18 14:01:40,501 [pool-47-thread-1] INFO  impl.RaftServerImpl (RaftServerImpl.java:setRole(184)) - 0eccc4cb-77af-4c43-89bd-f01b83be0073@group-EF32841D93FD: changes role from      null to FOLLOWER at term 0 for startAsFollower
2019-10-18 14:01:40,501 [pool-47-thread-1] INFO  impl.RoleInfo (RoleInfo.java:updateAndGet(143)) - 0eccc4cb-77af-4c43-89bd-f01b83be0073: start FollowerState
2019-10-18 14:01:40,502 [pool-47-thread-1] INFO  util.JmxRegister (JmxRegister.java:tryRegister(44)) - Successfully registered JMX Bean with object name Ratis:service=RaftServer,group=group-EF32841D93FD,id=0eccc4cb-77af-4c43-89bd-f01b83be0073
2019-10-18 14:01:40,516 [RatisPipelineUtilsThread] INFO  pipeline.PipelineStateManager (PipelineStateManager.java:addPipeline(56)) - Created pipeline Pipeline[ Id: 77375461-083c-49bc-b792-ef32841d93fd, Nodes: 0eccc4cb-77af-4c43-89bd-f01b83be0073{ip: 192.168.69.124, host: pr-hdds-2293-fsv7b-60401721, networkLocation: /default-rack, certSerialId: null}, Type:RATIS, Factor:ONE, State:OPEN]
2019-10-18 14:01:40,532 [grpc-default-executor-0] INFO  impl.RaftServerProxy (RaftServerProxy.java:addNew(89)) - 524d4c73-bbaf-4142-9273-d20c5a8628b4: addNew group-8579581B6893:[524d4c73-bbaf-4142-9273-d20c5a8628b4:192.168.69.124:36511] returns group-8579581B6893:java.util.concurrent.CompletableFuture@fcf919[Not completed]
2019-10-18 14:01:40,540 [pool-37-thread-1] INFO  impl.RaftServerImpl (RaftServerImpl.java:<init>(104)) - 524d4c73-bbaf-4142-9273-d20c5a8628b4: new RaftServerImpl for group-8579581B6893:[524d4c73-bbaf-4142-9273-d20c5a8628b4:192.168.69.124:36511] with ContainerStateMachine:uninitialized
2019-10-18 14:01:40,541 [pool-37-thread-1] INFO  server.RaftServerConfigKeys (ConfUtils.java:logGet(43)) - raft.server.rpc.timeout.min = 5s (custom)
2019-10-18 14:01:40,541 [pool-37-thread-1] INFO  server.RaftServerConfigKeys (ConfUtils.java:logGet(43)) - raft.server.rpc.timeout.max = 5200ms (custom)
2019-10-18 14:01:40,542 [pool-37-thread-1] INFO  server.RaftServerConfigKeys (ConfUtils.java:logGet(43)) - raft.server.rpcslowness.timeout = 1000s (custom)
2019-10-18 14:01:40,542 [pool-37-thread-1] INFO  server.RaftServerConfigKeys (ConfUtils.java:logGet(43)) - raft.server.sleep.deviation.threshold = 300 (default)
2019-10-18 14:01:40,542 [pool-37-thread-1] INFO  server.RaftServerConfigKeys (ConfUtils.java:logGet(43)) - raft.server.log.appender.install.snapshot.enabled = false (custom)
2019-10-18 14:01:40,542 [pool-37-thread-1] INFO  impl.RaftServerImpl (ServerState.java:<init>(103)) - 524d4c73-bbaf-4142-9273-d20c5a8628b4@group-8579581B6893: ConfigurationManager, init=-1: [524d4c73-bbaf-4142-9273-d20c5a8628b4:192.168.69.124:36511], old=null, confs=<EMPTY_MAP>
2019-10-18 14:01:40,542 [pool-37-thread-1] INFO  server.RaftServerConfigKeys (ConfUtils.java:logGet(43)) - raft.server.storage.dir = [/workdir/hadoop-ozone/integration-test/target/test-dir/MiniOzoneClusterImpl-0aed760e-6e1a-4be6-abfb-431785f69e2b/datanode-1/data/ratis] (custom)
2019-10-18 14:01:40,543 [pool-37-thread-1] INFO  server.RaftServerConfigKeys (ConfUtils.java:logGet(43)) - raft.server.log.corruption.policy = EXCEPTION (default)
2019-10-18 14:01:40,543 [pool-37-thread-1] INFO  storage.RaftStorageDirectory (RaftStorageDirectory.java:analyzeStorage(246)) - The storage directory /workdir/hadoop-ozone/integration-test/target/test-dir/MiniOzoneClusterImpl-0aed760e-6e1a-4be6-abfb-431785f69e2b/datanode-1/data/ratis/789817e8-d208-442d-8d4f-8579581b6893 does not exist. Creating ...
2019-10-18 14:01:40,557 [pool-37-thread-1] INFO  storage.RaftStorageDirectory (RaftStorageDirectory.java:tryLock(328)) - Lock on /workdir/hadoop-ozone/integration-test/target/test-dir/MiniOzoneClusterImpl-0aed760e-6e1a-4be6-abfb-431785f69e2b/datanode-1/data/ratis/789817e8-d208-442d-8d4f-8579581b6893/in_use.lock acquired by nodename 29037@pr-hdds-2293-fsv7b-60401721
2019-10-18 14:01:40,570 [pool-37-thread-1] INFO  storage.RaftStorage (RaftStorage.java:format(84)) - Storage directory /workdir/hadoop-ozone/integration-test/target/test-dir/MiniOzoneClusterImpl-0aed760e-6e1a-4be6-abfb-431785f69e2b/datanode-1/data/ratis/789817e8-d208-442d-8d4f-8579581b6893 has been successfully formatted.
2019-10-18 14:01:40,570 [pool-37-thread-1] INFO  ratis.ContainerStateMachine (ContainerStateMachine.java:loadSnapshot(231)) - group-8579581B6893: The snapshot info is null. Setting the last applied indexto:(t:0, i:~)
2019-10-18 14:01:40,570 [pool-37-thread-1] INFO  server.RaftServerConfigKeys (ConfUtils.java:logGet(43)) - raft.server.notification.no-leader.timeout = 1000s (custom)
2019-10-18 14:01:40,570 [pool-37-thread-1] INFO  server.RaftServerConfigKeys (ConfUtils.java:logGet(43)) - raft.server.log.use.memory = false (default)
2019-10-18 14:01:40,570 [pool-37-thread-1] INFO  server.RaftServerConfigKeys (ConfUtils.java:logGet(43)) - raft.server.log.purge.gap = 1000000 (custom)
2019-10-18 14:01:40,570 [pool-37-thread-1] INFO  server.RaftServerConfigKeys (ConfUtils.java:logGet(43)) - raft.server.log.appender.buffer.byte-limit = 33554432 (custom)
2019-10-18 14:01:40,571 [pool-37-thread-1] INFO  server.RaftServerConfigKeys (ConfUtils.java:logGet(43)) - raft.server.log.segment.size.max = 1048576 (custom)
2019-10-18 14:01:40,573 [pool-37-thread-1] INFO  server.RaftServerConfigKeys (ConfUtils.java:logGet(43)) - raft.server.log.segment.cache.num.max = 2 (custom)
2019-10-18 14:01:40,574 [pool-37-thread-1] INFO  segmented.SegmentedRaftLogWorker (SegmentedRaftLogWorker.java:<init>(173)) - new 524d4c73-bbaf-4142-9273-d20c5a8628b4@group-8579581B6893-SegmentedRaftLogWorker for RaftStorage:Storage Directory /workdir/hadoop-ozone/integration-test/target/test-dir/MiniOzoneClusterImpl-0aed760e-6e1a-4be6-abfb-431785f69e2b/datanode-1/data/ratis/789817e8-d208-442d-8d4f-8579581b6893
2019-10-18 14:01:40,574 [pool-37-thread-1] INFO  server.RaftServerConfigKeys (ConfUtils.java:logGet(43)) - raft.server.log.queue.byte-limit = 2147483647 (custom)
2019-10-18 14:01:40,574 [pool-37-thread-1] INFO  server.RaftServerConfigKeys (ConfUtils.java:logGet(43)) - raft.server.log.queue.element-limit = 1024 (custom)
2019-10-18 14:01:40,574 [pool-37-thread-1] INFO  server.RaftServerConfigKeys (ConfUtils.java:logGet(43)) - raft.server.log.segment.size.max = 1048576 (custom)
2019-10-18 14:01:40,574 [pool-37-thread-1] INFO  server.RaftServerConfigKeys (ConfUtils.java:logGet(43)) - raft.server.log.preallocated.size = 16384 (custom)
2019-10-18 14:01:40,574 [pool-37-thread-1] INFO  server.RaftServerConfigKeys (ConfUtils.java:logGet(43)) - raft.server.log.write.buffer.size = 33554432 (custom)
2019-10-18 14:01:40,574 [pool-37-thread-1] INFO  server.RaftServerConfigKeys (ConfUtils.java:logGet(43)) - raft.server.log.force.sync.num = 128 (default)
2019-10-18 14:01:40,574 [pool-37-thread-1] INFO  server.RaftServerConfigKeys (ConfUtils.java:logGet(43)) - raft.server.log.statemachine.data.sync = true (default)
2019-10-18 14:01:40,575 [pool-37-thread-1] INFO  server.RaftServerConfigKeys (ConfUtils.java:logGet(43)) - raft.server.log.statemachine.data.sync.timeout = 10s (default)
2019-10-18 14:01:40,575 [pool-37-thread-1] INFO  server.RaftServerConfigKeys (ConfUtils.java:logGet(43)) - raft.server.log.statemachine.data.sync.timeout.retry = -1 (default)
2019-10-18 14:01:40,575 [pool-37-thread-1] INFO  server.RaftServerConfigKeys (ConfUtils.java:logGet(43)) - raft.server.log.statemachine.data.caching.enabled = true (custom)
2019-10-18 14:01:40,576 [pool-37-thread-1] INFO  segmented.SegmentedRaftLogWorker (SegmentedRaftLogWorker.java:lambda$new$0(128)) - 524d4c73-bbaf-4142-9273-d20c5a8628b4@group-8579581B6893-SegmentedRaftLogWorker: flushIndex: setUnconditionally 0 -> -1
2019-10-18 14:01:40,576 [pool-37-thread-1] INFO  server.RaftServerConfigKeys (ConfUtils.java:logGet(43)) - raft.server.snapshot.auto.trigger.enabled = true (custom)
2019-10-18 14:01:40,576 [pool-37-thread-1] INFO  server.RaftServerConfigKeys (ConfUtils.java:logGet(43)) - raft.server.snapshot.auto.trigger.threshold = 10000 (custom)
2019-10-18 14:01:40,576 [pool-37-thread-1] INFO  server.RaftServerConfigKeys (ConfUtils.java:logGet(43)) - raft.server.snapshot.retention.file.num = 5 (custom)
2019-10-18 14:01:40,576 [pool-37-thread-1] INFO  server.RaftServerConfigKeys (ConfUtils.java:logGet(43)) - raft.server.retrycache.expirytime = 600000ms (custom)
2019-10-18 14:01:40,580 [pool-37-thread-1] INFO  impl.RaftServerImpl (RaftServerImpl.java:start(195)) - 524d4c73-bbaf-4142-9273-d20c5a8628b4@group-8579581B6893: start as a follower, conf=-1: [524d4c73-bbaf-4142-9273-d20c5a8628b4:192.168.69.124:36511], old=null
2019-10-18 14:01:40,580 [pool-37-thread-1] INFO  impl.RaftServerImpl (RaftServerImpl.java:setRole(184)) - 524d4c73-bbaf-4142-9273-d20c5a8628b4@group-8579581B6893: changes role from      null to FOLLOWER at term 0 for startAsFollower
2019-10-18 14:01:40,581 [pool-37-thread-1] INFO  impl.RoleInfo (RoleInfo.java:updateAndGet(143)) - 524d4c73-bbaf-4142-9273-d20c5a8628b4: start FollowerState
2019-10-18 14:01:40,581 [pool-37-thread-1] INFO  util.JmxRegister (JmxRegister.java:tryRegister(44)) - Successfully registered JMX Bean with object name Ratis:service=RaftServer,group=group-8579581B6893,id=524d4c73-bbaf-4142-9273-d20c5a8628b4
2019-10-18 14:01:40,594 [RatisPipelineUtilsThread] INFO  pipeline.PipelineStateManager (PipelineStateManager.java:addPipeline(56)) - Created pipeline Pipeline[ Id: 789817e8-d208-442d-8d4f-8579581b6893, Nodes: 524d4c73-bbaf-4142-9273-d20c5a8628b4{ip: 192.168.69.124, host: pr-hdds-2293-fsv7b-60401721, networkLocation: /default-rack, certSerialId: null}, Type:RATIS, Factor:ONE, State:OPEN]
2019-10-18 14:01:40,620 [grpc-default-executor-2] INFO  impl.RaftServerProxy (RaftServerProxy.java:addNew(89)) - 0eccc4cb-77af-4c43-89bd-f01b83be0073: addNew group-1C08CD4F7525:[967a5d84-883e-4fc5-aa88-430cc6c4b93a:192.168.69.124:45994, 524d4c73-bbaf-4142-9273-d20c5a8628b4:192.168.69.124:36511, 0eccc4cb-77af-4c43-89bd-f01b83be0073:192.168.69.124:38580] returns group-1C08CD4F7525:java.util.concurrent.CompletableFuture@68f1ab92[Not completed]
2019-10-18 14:01:40,621 [grpc-default-executor-1] INFO  impl.RaftServerProxy (RaftServerProxy.java:addNew(89)) - 967a5d84-883e-4fc5-aa88-430cc6c4b93a: addNew group-1C08CD4F7525:[967a5d84-883e-4fc5-aa88-430cc6c4b93a:192.168.69.124:45994, 524d4c73-bbaf-4142-9273-d20c5a8628b4:192.168.69.124:36511, 0eccc4cb-77af-4c43-89bd-f01b83be0073:192.168.69.124:38580] returns group-1C08CD4F7525:java.util.concurrent.CompletableFuture@17a9eb6a[Not completed]
2019-10-18 14:01:40,622 [grpc-default-executor-1] INFO  impl.RaftServerProxy (RaftServerProxy.java:addNew(89)) - 524d4c73-bbaf-4142-9273-d20c5a8628b4: addNew group-1C08CD4F7525:[967a5d84-883e-4fc5-aa88-430cc6c4b93a:192.168.69.124:45994, 524d4c73-bbaf-4142-9273-d20c5a8628b4:192.168.69.124:36511, 0eccc4cb-77af-4c43-89bd-f01b83be0073:192.168.69.124:38580] returns group-1C08CD4F7525:java.util.concurrent.CompletableFuture@52ab67fb[Not completed]
2019-10-18 14:01:40,623 [pool-47-thread-1] INFO  impl.RaftServerImpl (RaftServerImpl.java:<init>(104)) - 0eccc4cb-77af-4c43-89bd-f01b83be0073: new RaftServerImpl for group-1C08CD4F7525:[967a5d84-883e-4fc5-aa88-430cc6c4b93a:192.168.69.124:45994, 524d4c73-bbaf-4142-9273-d20c5a8628b4:192.168.69.124:36511, 0eccc4cb-77af-4c43-89bd-f01b83be0073:192.168.69.124:38580] with ContainerStateMachine:uninitialized
2019-10-18 14:01:40,624 [pool-47-thread-1] INFO  server.RaftServerConfigKeys (ConfUtils.java:logGet(43)) - raft.server.rpc.timeout.min = 5s (custom)
2019-10-18 14:01:40,624 [pool-47-thread-1] INFO  server.RaftServerConfigKeys (ConfUtils.java:logGet(43)) - raft.server.rpc.timeout.max = 5200ms (custom)
2019-10-18 14:01:40,624 [pool-47-thread-1] INFO  server.RaftServerConfigKeys (ConfUtils.java:logGet(43)) - raft.server.rpcslowness.timeout = 1000s (custom)
2019-10-18 14:01:40,624 [pool-47-thread-1] INFO  server.RaftServerConfigKeys (ConfUtils.java:logGet(43)) - raft.server.sleep.deviation.threshold = 300 (default)
2019-10-18 14:01:40,624 [pool-47-thread-1] INFO  server.RaftServerConfigKeys (ConfUtils.java:logGet(43)) - raft.server.log.appender.install.snapshot.enabled = false (custom)
2019-10-18 14:01:40,624 [pool-37-thread-1] INFO  impl.RaftServerImpl (RaftServerImpl.java:<init>(104)) - 524d4c73-bbaf-4142-9273-d20c5a8628b4: new RaftServerImpl for group-1C08CD4F7525:[967a5d84-883e-4fc5-aa88-430cc6c4b93a:192.168.69.124:45994, 524d4c73-bbaf-4142-9273-d20c5a8628b4:192.168.69.124:36511, 0eccc4cb-77af-4c43-89bd-f01b83be0073:192.168.69.124:38580] with ContainerStateMachine:uninitialized
2019-10-18 14:01:40,624 [pool-47-thread-1] INFO  impl.RaftServerImpl (ServerState.java:<init>(103)) - 0eccc4cb-77af-4c43-89bd-f01b83be0073@group-1C08CD4F7525: ConfigurationManager, init=-1: [967a5d84-883e-4fc5-aa88-430cc6c4b93a:192.168.69.124:45994, 524d4c73-bbaf-4142-9273-d20c5a8628b4:192.168.69.124:36511, 0eccc4cb-77af-4c43-89bd-f01b83be0073:192.168.69.124:38580], old=null, confs=<EMPTY_MAP>
2019-10-18 14:01:40,625 [pool-37-thread-1] INFO  server.RaftServerConfigKeys (ConfUtils.java:logGet(43)) - raft.server.rpc.timeout.min = 5s (custom)
2019-10-18 14:01:40,625 [pool-47-thread-1] INFO  server.RaftServerConfigKeys (ConfUtils.java:logGet(43)) - raft.server.storage.dir = [/workdir/hadoop-ozone/integration-test/target/test-dir/MiniOzoneClusterImpl-0aed760e-6e1a-4be6-abfb-431785f69e2b/datanode-2/data/ratis] (custom)
2019-10-18 14:01:40,625 [pool-27-thread-1] INFO  impl.RaftServerImpl (RaftServerImpl.java:<init>(104)) - 967a5d84-883e-4fc5-aa88-430cc6c4b93a: new RaftServerImpl for group-1C08CD4F7525:[967a5d84-883e-4fc5-aa88-430cc6c4b93a:192.168.69.124:45994, 524d4c73-bbaf-4142-9273-d20c5a8628b4:192.168.69.124:36511, 0eccc4cb-77af-4c43-89bd-f01b83be0073:192.168.69.124:38580] with ContainerStateMachine:uninitialized
2019-10-18 14:01:40,625 [pool-37-thread-1] INFO  server.RaftServerConfigKeys (ConfUtils.java:logGet(43)) - raft.server.rpc.timeout.max = 5200ms (custom)
2019-10-18 14:01:40,625 [pool-27-thread-1] INFO  server.RaftServerConfigKeys (ConfUtils.java:logGet(43)) - raft.server.rpc.timeout.min = 5s (custom)
2019-10-18 14:01:40,625 [pool-47-thread-1] INFO  server.RaftServerConfigKeys (ConfUtils.java:logGet(43)) - raft.server.log.corruption.policy = EXCEPTION (default)
2019-10-18 14:01:40,626 [pool-27-thread-1] INFO  server.RaftServerConfigKeys (ConfUtils.java:logGet(43)) - raft.server.rpc.timeout.max = 5200ms (custom)
2019-10-18 14:01:40,625 [pool-37-thread-1] INFO  server.RaftServerConfigKeys (ConfUtils.java:logGet(43)) - raft.server.rpcslowness.timeout = 1000s (custom)
2019-10-18 14:01:40,626 [pool-27-thread-1] INFO  server.RaftServerConfigKeys (ConfUtils.java:logGet(43)) - raft.server.rpcslowness.timeout = 1000s (custom)
2019-10-18 14:01:40,626 [pool-47-thread-1] INFO  storage.RaftStorageDirectory (RaftStorageDirectory.java:analyzeStorage(246)) - The storage directory /workdir/hadoop-ozone/integration-test/target/test-dir/MiniOzoneClusterImpl-0aed760e-6e1a-4be6-abfb-431785f69e2b/datanode-2/data/ratis/08f27b3d-1876-4e46-af5a-1c08cd4f7525 does not exist. Creating ...
2019-10-18 14:01:40,626 [pool-27-thread-1] INFO  server.RaftServerConfigKeys (ConfUtils.java:logGet(43)) - raft.server.sleep.deviation.threshold = 300 (default)
2019-10-18 14:01:40,626 [pool-37-thread-1] INFO  server.RaftServerConfigKeys (ConfUtils.java:logGet(43)) - raft.server.sleep.deviation.threshold = 300 (default)
2019-10-18 14:01:40,626 [pool-27-thread-1] INFO  server.RaftServerConfigKeys (ConfUtils.java:logGet(43)) - raft.server.log.appender.install.snapshot.enabled = false (custom)
2019-10-18 14:01:40,626 [pool-37-thread-1] INFO  server.RaftServerConfigKeys (ConfUtils.java:logGet(43)) - raft.server.log.appender.install.snapshot.enabled = false (custom)
2019-10-18 14:01:40,627 [pool-27-thread-1] INFO  impl.RaftServerImpl (ServerState.java:<init>(103)) - 967a5d84-883e-4fc5-aa88-430cc6c4b93a@group-1C08CD4F7525: ConfigurationManager, init=-1: [967a5d84-883e-4fc5-aa88-430cc6c4b93a:192.168.69.124:45994, 524d4c73-bbaf-4142-9273-d20c5a8628b4:192.168.69.124:36511, 0eccc4cb-77af-4c43-89bd-f01b83be0073:192.168.69.124:38580], old=null, confs=<EMPTY_MAP>
2019-10-18 14:01:40,627 [pool-37-thread-1] INFO  impl.RaftServerImpl (ServerState.java:<init>(103)) - 524d4c73-bbaf-4142-9273-d20c5a8628b4@group-1C08CD4F7525: ConfigurationManager, init=-1: [967a5d84-883e-4fc5-aa88-430cc6c4b93a:192.168.69.124:45994, 524d4c73-bbaf-4142-9273-d20c5a8628b4:192.168.69.124:36511, 0eccc4cb-77af-4c43-89bd-f01b83be0073:192.168.69.124:38580], old=null, confs=<EMPTY_MAP>
2019-10-18 14:01:40,627 [pool-27-thread-1] INFO  server.RaftServerConfigKeys (ConfUtils.java:logGet(43)) - raft.server.storage.dir = [/workdir/hadoop-ozone/integration-test/target/test-dir/MiniOzoneClusterImpl-0aed760e-6e1a-4be6-abfb-431785f69e2b/datanode-0/data/ratis] (custom)
2019-10-18 14:01:40,627 [pool-37-thread-1] INFO  server.RaftServerConfigKeys (ConfUtils.java:logGet(43)) - raft.server.storage.dir = [/workdir/hadoop-ozone/integration-test/target/test-dir/MiniOzoneClusterImpl-0aed760e-6e1a-4be6-abfb-431785f69e2b/datanode-1/data/ratis] (custom)
2019-10-18 14:01:40,627 [pool-27-thread-1] INFO  server.RaftServerConfigKeys (ConfUtils.java:logGet(43)) - raft.server.log.corruption.policy = EXCEPTION (default)
2019-10-18 14:01:40,627 [pool-37-thread-1] INFO  server.RaftServerConfigKeys (ConfUtils.java:logGet(43)) - raft.server.log.corruption.policy = EXCEPTION (default)
2019-10-18 14:01:40,627 [pool-27-thread-1] INFO  storage.RaftStorageDirectory (RaftStorageDirectory.java:analyzeStorage(246)) - The storage directory /workdir/hadoop-ozone/integration-test/target/test-dir/MiniOzoneClusterImpl-0aed760e-6e1a-4be6-abfb-431785f69e2b/datanode-0/data/ratis/08f27b3d-1876-4e46-af5a-1c08cd4f7525 does not exist. Creating ...
2019-10-18 14:01:40,627 [pool-37-thread-1] INFO  storage.RaftStorageDirectory (RaftStorageDirectory.java:analyzeStorage(246)) - The storage directory /workdir/hadoop-ozone/integration-test/target/test-dir/MiniOzoneClusterImpl-0aed760e-6e1a-4be6-abfb-431785f69e2b/datanode-1/data/ratis/08f27b3d-1876-4e46-af5a-1c08cd4f7525 does not exist. Creating ...
2019-10-18 14:01:40,640 [pool-47-thread-1] INFO  storage.RaftStorageDirectory (RaftStorageDirectory.java:tryLock(328)) - Lock on /workdir/hadoop-ozone/integration-test/target/test-dir/MiniOzoneClusterImpl-0aed760e-6e1a-4be6-abfb-431785f69e2b/datanode-2/data/ratis/08f27b3d-1876-4e46-af5a-1c08cd4f7525/in_use.lock acquired by nodename 29037@pr-hdds-2293-fsv7b-60401721
2019-10-18 14:01:40,640 [pool-37-thread-1] INFO  storage.RaftStorageDirectory (RaftStorageDirectory.java:tryLock(328)) - Lock on /workdir/hadoop-ozone/integration-test/target/test-dir/MiniOzoneClusterImpl-0aed760e-6e1a-4be6-abfb-431785f69e2b/datanode-1/data/ratis/08f27b3d-1876-4e46-af5a-1c08cd4f7525/in_use.lock acquired by nodename 29037@pr-hdds-2293-fsv7b-60401721
2019-10-18 14:01:40,640 [pool-27-thread-1] INFO  storage.RaftStorageDirectory (RaftStorageDirectory.java:tryLock(328)) - Lock on /workdir/hadoop-ozone/integration-test/target/test-dir/MiniOzoneClusterImpl-0aed760e-6e1a-4be6-abfb-431785f69e2b/datanode-0/data/ratis/08f27b3d-1876-4e46-af5a-1c08cd4f7525/in_use.lock acquired by nodename 29037@pr-hdds-2293-fsv7b-60401721
2019-10-18 14:01:40,650 [Thread-194] INFO  impl.FollowerState (FollowerState.java:run(108)) - 524d4c73-bbaf-4142-9273-d20c5a8628b4@group-8579581B6893-FollowerState: change to CANDIDATE, lastRpcTime:69ms, electionTimeout:69ms
2019-10-18 14:01:40,663 [pool-27-thread-1] INFO  storage.RaftStorage (RaftStorage.java:format(84)) - Storage directory /workdir/hadoop-ozone/integration-test/target/test-dir/MiniOzoneClusterImpl-0aed760e-6e1a-4be6-abfb-431785f69e2b/datanode-0/data/ratis/08f27b3d-1876-4e46-af5a-1c08cd4f7525 has been successfully formatted.
2019-10-18 14:01:40,663 [pool-47-thread-1] INFO  storage.RaftStorage (RaftStorage.java:format(84)) - Storage directory /workdir/hadoop-ozone/integration-test/target/test-dir/MiniOzoneClusterImpl-0aed760e-6e1a-4be6-abfb-431785f69e2b/datanode-2/data/ratis/08f27b3d-1876-4e46-af5a-1c08cd4f7525 has been successfully formatted.
2019-10-18 14:01:40,663 [pool-37-thread-1] INFO  storage.RaftStorage (RaftStorage.java:format(84)) - Storage directory /workdir/hadoop-ozone/integration-test/target/test-dir/MiniOzoneClusterImpl-0aed760e-6e1a-4be6-abfb-431785f69e2b/datanode-1/data/ratis/08f27b3d-1876-4e46-af5a-1c08cd4f7525 has been successfully formatted.
2019-10-18 14:01:40,663 [pool-27-thread-1] INFO  ratis.ContainerStateMachine (ContainerStateMachine.java:loadSnapshot(231)) - group-1C08CD4F7525: The snapshot info is null. Setting the last applied indexto:(t:0, i:~)
2019-10-18 14:01:40,663 [Thread-194] INFO  impl.RoleInfo (RoleInfo.java:shutdownFollowerState(121)) - 524d4c73-bbaf-4142-9273-d20c5a8628b4: shutdown FollowerState
2019-10-18 14:01:40,664 [pool-27-thread-1] INFO  server.RaftServerConfigKeys (ConfUtils.java:logGet(43)) - raft.server.notification.no-leader.timeout = 1000s (custom)
2019-10-18 14:01:40,664 [Thread-194] INFO  impl.RaftServerImpl (RaftServerImpl.java:setRole(184)) - 524d4c73-bbaf-4142-9273-d20c5a8628b4@group-8579581B6893: changes role from  FOLLOWER to CANDIDATE at term 0 for changeToCandidate
2019-10-18 14:01:40,664 [pool-37-thread-1] INFO  ratis.ContainerStateMachine (ContainerStateMachine.java:loadSnapshot(231)) - group-1C08CD4F7525: The snapshot info is null. Setting the last applied indexto:(t:0, i:~)
2019-10-18 14:01:40,664 [pool-47-thread-1] INFO  ratis.ContainerStateMachine (ContainerStateMachine.java:loadSnapshot(231)) - group-1C08CD4F7525: The snapshot info is null. Setting the last applied indexto:(t:0, i:~)
2019-10-18 14:01:40,664 [pool-37-thread-1] INFO  server.RaftServerConfigKeys (ConfUtils.java:logGet(43)) - raft.server.notification.no-leader.timeout = 1000s (custom)
2019-10-18 14:01:40,664 [Thread-194] INFO  impl.RoleInfo (RoleInfo.java:updateAndGet(143)) - 524d4c73-bbaf-4142-9273-d20c5a8628b4: start LeaderElection
2019-10-18 14:01:40,664 [pool-27-thread-1] INFO  server.RaftServerConfigKeys (ConfUtils.java:logGet(43)) - raft.server.log.use.memory = false (default)
2019-10-18 14:01:40,665 [pool-37-thread-1] INFO  server.RaftServerConfigKeys (ConfUtils.java:logGet(43)) - raft.server.log.use.memory = false (default)
2019-10-18 14:01:40,665 [pool-47-thread-1] INFO  server.RaftServerConfigKeys (ConfUtils.java:logGet(43)) - raft.server.notification.no-leader.timeout = 1000s (custom)
2019-10-18 14:01:40,665 [pool-37-thread-1] INFO  server.RaftServerConfigKeys (ConfUtils.java:logGet(43)) - raft.server.log.purge.gap = 1000000 (custom)
2019-10-18 14:01:40,665 [pool-27-thread-1] INFO  server.RaftServerConfigKeys (ConfUtils.java:logGet(43)) - raft.server.log.purge.gap = 1000000 (custom)
2019-10-18 14:01:40,667 [pool-37-thread-1] INFO  server.RaftServerConfigKeys (ConfUtils.java:logGet(43)) - raft.server.log.appender.buffer.byte-limit = 33554432 (custom)
2019-10-18 14:01:40,665 [pool-47-thread-1] INFO  server.RaftServerConfigKeys (ConfUtils.java:logGet(43)) - raft.server.log.use.memory = false (default)
2019-10-18 14:01:40,667 [pool-37-thread-1] INFO  server.RaftServerConfigKeys (ConfUtils.java:logGet(43)) - raft.server.log.segment.size.max = 1048576 (custom)
2019-10-18 14:01:40,667 [pool-27-thread-1] INFO  server.RaftServerConfigKeys (ConfUtils.java:logGet(43)) - raft.server.log.appender.buffer.byte-limit = 33554432 (custom)
2019-10-18 14:01:40,667 [pool-37-thread-1] INFO  server.RaftServerConfigKeys (ConfUtils.java:logGet(43)) - raft.server.log.segment.cache.num.max = 2 (custom)
2019-10-18 14:01:40,667 [pool-47-thread-1] INFO  server.RaftServerConfigKeys (ConfUtils.java:logGet(43)) - raft.server.log.purge.gap = 1000000 (custom)
2019-10-18 14:01:40,668 [pool-37-thread-1] INFO  segmented.SegmentedRaftLogWorker (SegmentedRaftLogWorker.java:<init>(173)) - new 524d4c73-bbaf-4142-9273-d20c5a8628b4@group-1C08CD4F7525-SegmentedRaftLogWorker for RaftStorage:Storage Directory /workdir/hadoop-ozone/integration-test/target/test-dir/MiniOzoneClusterImpl-0aed760e-6e1a-4be6-abfb-431785f69e2b/datanode-1/data/ratis/08f27b3d-1876-4e46-af5a-1c08cd4f7525
2019-10-18 14:01:40,667 [pool-27-thread-1] INFO  server.RaftServerConfigKeys (ConfUtils.java:logGet(43)) - raft.server.log.segment.size.max = 1048576 (custom)
2019-10-18 14:01:40,668 [pool-37-thread-1] INFO  server.RaftServerConfigKeys (ConfUtils.java:logGet(43)) - raft.server.log.queue.byte-limit = 2147483647 (custom)
2019-10-18 14:01:40,668 [pool-47-thread-1] INFO  server.RaftServerConfigKeys (ConfUtils.java:logGet(43)) - raft.server.log.appender.buffer.byte-limit = 33554432 (custom)
2019-10-18 14:01:40,668 [pool-37-thread-1] INFO  server.RaftServerConfigKeys (ConfUtils.java:logGet(43)) - raft.server.log.queue.element-limit = 1024 (custom)
2019-10-18 14:01:40,668 [pool-27-thread-1] INFO  server.RaftServerConfigKeys (ConfUtils.java:logGet(43)) - raft.server.log.segment.cache.num.max = 2 (custom)
2019-10-18 14:01:40,669 [pool-37-thread-1] INFO  server.RaftServerConfigKeys (ConfUtils.java:logGet(43)) - raft.server.log.segment.size.max = 1048576 (custom)
2019-10-18 14:01:40,668 [pool-47-thread-1] INFO  server.RaftServerConfigKeys (ConfUtils.java:logGet(43)) - raft.server.log.segment.size.max = 1048576 (custom)
2019-10-18 14:01:40,669 [pool-37-thread-1] INFO  server.RaftServerConfigKeys (ConfUtils.java:logGet(43)) - raft.server.log.preallocated.size = 16384 (custom)
2019-10-18 14:01:40,669 [pool-27-thread-1] INFO  segmented.SegmentedRaftLogWorker (SegmentedRaftLogWorker.java:<init>(173)) - new 967a5d84-883e-4fc5-aa88-430cc6c4b93a@group-1C08CD4F7525-SegmentedRaftLogWorker for RaftStorage:Storage Directory /workdir/hadoop-ozone/integration-test/target/test-dir/MiniOzoneClusterImpl-0aed760e-6e1a-4be6-abfb-431785f69e2b/datanode-0/data/ratis/08f27b3d-1876-4e46-af5a-1c08cd4f7525
2019-10-18 14:01:40,669 [pool-37-thread-1] INFO  server.RaftServerConfigKeys (ConfUtils.java:logGet(43)) - raft.server.log.write.buffer.size = 33554432 (custom)
2019-10-18 14:01:40,669 [pool-47-thread-1] INFO  server.RaftServerConfigKeys (ConfUtils.java:logGet(43)) - raft.server.log.segment.cache.num.max = 2 (custom)
2019-10-18 14:01:40,669 [pool-37-thread-1] INFO  server.RaftServerConfigKeys (ConfUtils.java:logGet(43)) - raft.server.log.force.sync.num = 128 (default)
2019-10-18 14:01:40,669 [pool-27-thread-1] INFO  server.RaftServerConfigKeys (ConfUtils.java:logGet(43)) - raft.server.log.queue.byte-limit = 2147483647 (custom)
2019-10-18 14:01:40,670 [pool-37-thread-1] INFO  server.RaftServerConfigKeys (ConfUtils.java:logGet(43)) - raft.server.log.statemachine.data.sync = true (default)
2019-10-18 14:01:40,670 [pool-47-thread-1] INFO  segmented.SegmentedRaftLogWorker (SegmentedRaftLogWorker.java:<init>(173)) - new 0eccc4cb-77af-4c43-89bd-f01b83be0073@group-1C08CD4F7525-SegmentedRaftLogWorker for RaftStorage:Storage Directory /workdir/hadoop-ozone/integration-test/target/test-dir/MiniOzoneClusterImpl-0aed760e-6e1a-4be6-abfb-431785f69e2b/datanode-2/data/ratis/08f27b3d-1876-4e46-af5a-1c08cd4f7525
2019-10-18 14:01:40,670 [pool-37-thread-1] INFO  server.RaftServerConfigKeys (ConfUtils.java:logGet(43)) - raft.server.log.statemachine.data.sync.timeout = 10s (default)
2019-10-18 14:01:40,670 [pool-27-thread-1] INFO  server.RaftServerConfigKeys (ConfUtils.java:logGet(43)) - raft.server.log.queue.element-limit = 1024 (custom)
2019-10-18 14:01:40,670 [pool-37-thread-1] INFO  server.RaftServerConfigKeys (ConfUtils.java:logGet(43)) - raft.server.log.statemachine.data.sync.timeout.retry = -1 (default)
2019-10-18 14:01:40,670 [pool-47-thread-1] INFO  server.RaftServerConfigKeys (ConfUtils.java:logGet(43)) - raft.server.log.queue.byte-limit = 2147483647 (custom)
2019-10-18 14:01:40,671 [pool-27-thread-1] INFO  server.RaftServerConfigKeys (ConfUtils.java:logGet(43)) - raft.server.log.segment.size.max = 1048576 (custom)
2019-10-18 14:01:40,671 [pool-47-thread-1] INFO  server.RaftServerConfigKeys (ConfUtils.java:logGet(43)) - raft.server.log.queue.element-limit = 1024 (custom)
2019-10-18 14:01:40,671 [pool-37-thread-1] INFO  server.RaftServerConfigKeys (ConfUtils.java:logGet(43)) - raft.server.log.statemachine.data.caching.enabled = true (custom)
2019-10-18 14:01:40,671 [pool-47-thread-1] INFO  server.RaftServerConfigKeys (ConfUtils.java:logGet(43)) - raft.server.log.segment.size.max = 1048576 (custom)
2019-10-18 14:01:40,671 [pool-27-thread-1] INFO  server.RaftServerConfigKeys (ConfUtils.java:logGet(43)) - raft.server.log.preallocated.size = 16384 (custom)
2019-10-18 14:01:40,671 [pool-47-thread-1] INFO  server.RaftServerConfigKeys (ConfUtils.java:logGet(43)) - raft.server.log.preallocated.size = 16384 (custom)
2019-10-18 14:01:40,671 [pool-27-thread-1] INFO  server.RaftServerConfigKeys (ConfUtils.java:logGet(43)) - raft.server.log.write.buffer.size = 33554432 (custom)
2019-10-18 14:01:40,671 [pool-37-thread-1] INFO  segmented.SegmentedRaftLogWorker (SegmentedRaftLogWorker.java:lambda$new$0(128)) - 524d4c73-bbaf-4142-9273-d20c5a8628b4@group-1C08CD4F7525-SegmentedRaftLogWorker: flushIndex: setUnconditionally 0 -> -1
2019-10-18 14:01:40,672 [pool-27-thread-1] INFO  server.RaftServerConfigKeys (ConfUtils.java:logGet(43)) - raft.server.log.force.sync.num = 128 (default)
2019-10-18 14:01:40,672 [pool-47-thread-1] INFO  server.RaftServerConfigKeys (ConfUtils.java:logGet(43)) - raft.server.log.write.buffer.size = 33554432 (custom)
2019-10-18 14:01:40,672 [pool-37-thread-1] INFO  server.RaftServerConfigKeys (ConfUtils.java:logGet(43)) - raft.server.snapshot.auto.trigger.enabled = true (custom)
2019-10-18 14:01:40,672 [pool-27-thread-1] INFO  server.RaftServerConfigKeys (ConfUtils.java:logGet(43)) - raft.server.log.statemachine.data.sync = true (default)
2019-10-18 14:01:40,672 [pool-37-thread-1] INFO  server.RaftServerConfigKeys (ConfUtils.java:logGet(43)) - raft.server.snapshot.auto.trigger.threshold = 10000 (custom)
2019-10-18 14:01:40,672 [pool-47-thread-1] INFO  server.RaftServerConfigKeys (ConfUtils.java:logGet(43)) - raft.server.log.force.sync.num = 128 (default)
2019-10-18 14:01:40,673 [pool-37-thread-1] INFO  server.RaftServerConfigKeys (ConfUtils.java:logGet(43)) - raft.server.snapshot.retention.file.num = 5 (custom)
2019-10-18 14:01:40,672 [pool-27-thread-1] INFO  server.RaftServerConfigKeys (ConfUtils.java:logGet(43)) - raft.server.log.statemachine.data.sync.timeout = 10s (default)
2019-10-18 14:01:40,673 [pool-37-thread-1] INFO  server.RaftServerConfigKeys (ConfUtils.java:logGet(43)) - raft.server.retrycache.expirytime = 600000ms (custom)
2019-10-18 14:01:40,673 [pool-47-thread-1] INFO  server.RaftServerConfigKeys (ConfUtils.java:logGet(43)) - raft.server.log.statemachine.data.sync = true (default)
2019-10-18 14:01:40,673 [pool-27-thread-1] INFO  server.RaftServerConfigKeys (ConfUtils.java:logGet(43)) - raft.server.log.statemachine.data.sync.timeout.retry = -1 (default)
2019-10-18 14:01:40,673 [pool-47-thread-1] INFO  server.RaftServerConfigKeys (ConfUtils.java:logGet(43)) - raft.server.log.statemachine.data.sync.timeout = 10s (default)
2019-10-18 14:01:40,673 [pool-27-thread-1] INFO  server.RaftServerConfigKeys (ConfUtils.java:logGet(43)) - raft.server.log.statemachine.data.caching.enabled = true (custom)
2019-10-18 14:01:40,673 [pool-47-thread-1] INFO  server.RaftServerConfigKeys (ConfUtils.java:logGet(43)) - raft.server.log.statemachine.data.sync.timeout.retry = -1 (default)
2019-10-18 14:01:40,674 [pool-27-thread-1] INFO  segmented.SegmentedRaftLogWorker (SegmentedRaftLogWorker.java:lambda$new$0(128)) - 967a5d84-883e-4fc5-aa88-430cc6c4b93a@group-1C08CD4F7525-SegmentedRaftLogWorker: flushIndex: setUnconditionally 0 -> -1
2019-10-18 14:01:40,674 [pool-47-thread-1] INFO  server.RaftServerConfigKeys (ConfUtils.java:logGet(43)) - raft.server.log.statemachine.data.caching.enabled = true (custom)
2019-10-18 14:01:40,674 [pool-27-thread-1] INFO  server.RaftServerConfigKeys (ConfUtils.java:logGet(43)) - raft.server.snapshot.auto.trigger.enabled = true (custom)
2019-10-18 14:01:40,674 [pool-47-thread-1] INFO  segmented.SegmentedRaftLogWorker (SegmentedRaftLogWorker.java:lambda$new$0(128)) - 0eccc4cb-77af-4c43-89bd-f01b83be0073@group-1C08CD4F7525-SegmentedRaftLogWorker: flushIndex: setUnconditionally 0 -> -1
2019-10-18 14:01:40,674 [pool-27-thread-1] INFO  server.RaftServerConfigKeys (ConfUtils.java:logGet(43)) - raft.server.snapshot.auto.trigger.threshold = 10000 (custom)
2019-10-18 14:01:40,675 [pool-27-thread-1] INFO  server.RaftServerConfigKeys (ConfUtils.java:logGet(43)) - raft.server.snapshot.retention.file.num = 5 (custom)
2019-10-18 14:01:40,675 [pool-47-thread-1] INFO  server.RaftServerConfigKeys (ConfUtils.java:logGet(43)) - raft.server.snapshot.auto.trigger.enabled = true (custom)
2019-10-18 14:01:40,675 [pool-27-thread-1] INFO  server.RaftServerConfigKeys (ConfUtils.java:logGet(43)) - raft.server.retrycache.expirytime = 600000ms (custom)
2019-10-18 14:01:40,675 [pool-47-thread-1] INFO  server.RaftServerConfigKeys (ConfUtils.java:logGet(43)) - raft.server.snapshot.auto.trigger.threshold = 10000 (custom)
2019-10-18 14:01:40,675 [pool-47-thread-1] INFO  server.RaftServerConfigKeys (ConfUtils.java:logGet(43)) - raft.server.snapshot.retention.file.num = 5 (custom)
2019-10-18 14:01:40,675 [pool-47-thread-1] INFO  server.RaftServerConfigKeys (ConfUtils.java:logGet(43)) - raft.server.retrycache.expirytime = 600000ms (custom)
2019-10-18 14:01:40,676 [pool-37-thread-1] INFO  impl.RaftServerImpl (RaftServerImpl.java:start(195)) - 524d4c73-bbaf-4142-9273-d20c5a8628b4@group-1C08CD4F7525: start as a follower, conf=-1: [967a5d84-883e-4fc5-aa88-430cc6c4b93a:192.168.69.124:45994, 524d4c73-bbaf-4142-9273-d20c5a8628b4:192.168.69.124:36511, 0eccc4cb-77af-4c43-89bd-f01b83be0073:192.168.69.124:38580], old=null
2019-10-18 14:01:40,676 [pool-37-thread-1] INFO  impl.RaftServerImpl (RaftServerImpl.java:setRole(184)) - 524d4c73-bbaf-4142-9273-d20c5a8628b4@group-1C08CD4F7525: changes role from      null to FOLLOWER at term 0 for startAsFollower
2019-10-18 14:01:40,676 [pool-37-thread-1] INFO  impl.RoleInfo (RoleInfo.java:updateAndGet(143)) - 524d4c73-bbaf-4142-9273-d20c5a8628b4: start FollowerState
2019-10-18 14:01:40,677 [pool-37-thread-1] INFO  util.JmxRegister (JmxRegister.java:tryRegister(44)) - Successfully registered JMX Bean with object name Ratis:service=RaftServer,group=group-1C08CD4F7525,id=524d4c73-bbaf-4142-9273-d20c5a8628b4
2019-10-18 14:01:40,678 [pool-27-thread-1] INFO  impl.RaftServerImpl (RaftServerImpl.java:start(195)) - 967a5d84-883e-4fc5-aa88-430cc6c4b93a@group-1C08CD4F7525: start as a follower, conf=-1: [967a5d84-883e-4fc5-aa88-430cc6c4b93a:192.168.69.124:45994, 524d4c73-bbaf-4142-9273-d20c5a8628b4:192.168.69.124:36511, 0eccc4cb-77af-4c43-89bd-f01b83be0073:192.168.69.124:38580], old=null
2019-10-18 14:01:40,678 [pool-27-thread-1] INFO  impl.RaftServerImpl (RaftServerImpl.java:setRole(184)) - 967a5d84-883e-4fc5-aa88-430cc6c4b93a@group-1C08CD4F7525: changes role from      null to FOLLOWER at term 0 for startAsFollower
2019-10-18 14:01:40,678 [pool-27-thread-1] INFO  impl.RoleInfo (RoleInfo.java:updateAndGet(143)) - 967a5d84-883e-4fc5-aa88-430cc6c4b93a: start FollowerState
2019-10-18 14:01:40,678 [pool-47-thread-1] INFO  impl.RaftServerImpl (RaftServerImpl.java:start(195)) - 0eccc4cb-77af-4c43-89bd-f01b83be0073@group-1C08CD4F7525: start as a follower, conf=-1: [967a5d84-883e-4fc5-aa88-430cc6c4b93a:192.168.69.124:45994, 524d4c73-bbaf-4142-9273-d20c5a8628b4:192.168.69.124:36511, 0eccc4cb-77af-4c43-89bd-f01b83be0073:192.168.69.124:38580], old=null
2019-10-18 14:01:40,678 [pool-27-thread-1] INFO  util.JmxRegister (JmxRegister.java:tryRegister(44)) - Successfully registered JMX Bean with object name Ratis:service=RaftServer,group=group-1C08CD4F7525,id=967a5d84-883e-4fc5-aa88-430cc6c4b93a
2019-10-18 14:01:40,678 [pool-47-thread-1] INFO  impl.RaftServerImpl (RaftServerImpl.java:setRole(184)) - 0eccc4cb-77af-4c43-89bd-f01b83be0073@group-1C08CD4F7525: changes role from      null to FOLLOWER at term 0 for startAsFollower
2019-10-18 14:01:40,679 [pool-47-thread-1] INFO  impl.RoleInfo (RoleInfo.java:updateAndGet(143)) - 0eccc4cb-77af-4c43-89bd-f01b83be0073: start FollowerState
2019-10-18 14:01:40,679 [pool-47-thread-1] INFO  util.JmxRegister (JmxRegister.java:tryRegister(44)) - Successfully registered JMX Bean with object name Ratis:service=RaftServer,group=group-1C08CD4F7525,id=0eccc4cb-77af-4c43-89bd-f01b83be0073
2019-10-18 14:01:40,689 [Thread-191] INFO  impl.FollowerState (FollowerState.java:run(108)) - 0eccc4cb-77af-4c43-89bd-f01b83be0073@group-EF32841D93FD-FollowerState: change to CANDIDATE, lastRpcTime:187ms, electionTimeout:184ms
2019-10-18 14:01:40,689 [Thread-191] INFO  impl.RoleInfo (RoleInfo.java:shutdownFollowerState(121)) - 0eccc4cb-77af-4c43-89bd-f01b83be0073: shutdown FollowerState
2019-10-18 14:01:40,689 [Thread-191] INFO  impl.RaftServerImpl (RaftServerImpl.java:setRole(184)) - 0eccc4cb-77af-4c43-89bd-f01b83be0073@group-EF32841D93FD: changes role from  FOLLOWER to CANDIDATE at term 0 for changeToCandidate
2019-10-18 14:01:40,690 [Thread-191] INFO  impl.RoleInfo (RoleInfo.java:updateAndGet(143)) - 0eccc4cb-77af-4c43-89bd-f01b83be0073: start LeaderElection
2019-10-18 14:01:40,692 [967a5d84-883e-4fc5-aa88-430cc6c4b93a@group-339793E46C3A-SegmentedRaftLogWorker] INFO  segmented.SegmentedRaftLogWorker (SegmentedRaftLogWorker.java:execute(576)) - 967a5d84-883e-4fc5-aa88-430cc6c4b93a@group-339793E46C3A-SegmentedRaftLogWorker: created new log segment /workdir/hadoop-ozone/integration-test/target/test-dir/MiniOzoneClusterImpl-0aed760e-6e1a-4be6-abfb-431785f69e2b/datanode-0/data/ratis/15b2d74c-5351-4625-9937-339793e46c3a/current/log_inprogress_0
2019-10-18 14:01:40,692 [524d4c73-bbaf-4142-9273-d20c5a8628b4@group-8579581B6893-LeaderElection2] INFO  impl.LeaderElection (LeaderElection.java:askForVotes(178)) - 524d4c73-bbaf-4142-9273-d20c5a8628b4@group-8579581B6893-LeaderElection2: begin an election at term 1 for -1: [524d4c73-bbaf-4142-9273-d20c5a8628b4:192.168.69.124:36511], old=null
2019-10-18 14:01:40,694 [524d4c73-bbaf-4142-9273-d20c5a8628b4@group-8579581B6893-LeaderElection2] INFO  impl.RoleInfo (RoleInfo.java:shutdownLeaderElection(134)) - 524d4c73-bbaf-4142-9273-d20c5a8628b4: shutdown LeaderElection
2019-10-18 14:01:40,694 [524d4c73-bbaf-4142-9273-d20c5a8628b4@group-8579581B6893-LeaderElection2] INFO  impl.RaftServerImpl (RaftServerImpl.java:setRole(184)) - 524d4c73-bbaf-4142-9273-d20c5a8628b4@group-8579581B6893: changes role from CANDIDATE to LEADER at term 1 for changeToLeader
2019-10-18 14:01:40,694 [524d4c73-bbaf-4142-9273-d20c5a8628b4@group-8579581B6893-LeaderElection2] INFO  impl.RaftServerImpl (ServerState.java:setLeader(256)) - 524d4c73-bbaf-4142-9273-d20c5a8628b4@group-8579581B6893: change Leader from null to 524d4c73-bbaf-4142-9273-d20c5a8628b4 at term 1 for becomeLeader, leader elected after 124ms
2019-10-18 14:01:40,694 [524d4c73-bbaf-4142-9273-d20c5a8628b4@group-8579581B6893-LeaderElection2] INFO  server.RaftServerConfigKeys (ConfUtils.java:logGet(43)) - raft.server.staging.catchup.gap = 1000 (default)
2019-10-18 14:01:40,695 [524d4c73-bbaf-4142-9273-d20c5a8628b4@group-8579581B6893-LeaderElection2] INFO  server.RaftServerConfigKeys (ConfUtils.java:logGet(43)) - raft.server.rpc.sleep.time = 25ms (default)
2019-10-18 14:01:40,695 [524d4c73-bbaf-4142-9273-d20c5a8628b4@group-8579581B6893-LeaderElection2] INFO  server.RaftServerConfigKeys (ConfUtils.java:logGet(43)) - raft.server.write.element-limit = 4096 (default)
2019-10-18 14:01:40,696 [524d4c73-bbaf-4142-9273-d20c5a8628b4@group-8579581B6893-LeaderElection2] INFO  server.RaftServerConfigKeys (ConfUtils.java:logGet(43)) - raft.server.watch.timeout = 10s (default)
2019-10-18 14:01:40,699 [524d4c73-bbaf-4142-9273-d20c5a8628b4@group-8579581B6893-LeaderElection2] INFO  server.RaftServerConfigKeys (ConfUtils.java:logGet(43)) - raft.server.watch.timeout.denomination = 1s (default)
2019-10-18 14:01:40,700 [524d4c73-bbaf-4142-9273-d20c5a8628b4@group-8579581B6893-LeaderElection2] INFO  server.RaftServerConfigKeys (ConfUtils.java:logGet(43)) - raft.server.watch.element-limit = 65536 (default)
2019-10-18 14:01:40,705 [Thread-200] INFO  impl.FollowerState (FollowerState.java:run(108)) - 524d4c73-bbaf-4142-9273-d20c5a8628b4@group-1C08CD4F7525-FollowerState: change to CANDIDATE, lastRpcTime:28ms, electionTimeout:28ms
2019-10-18 14:01:40,705 [Thread-200] INFO  impl.RoleInfo (RoleInfo.java:shutdownFollowerState(121)) - 524d4c73-bbaf-4142-9273-d20c5a8628b4: shutdown FollowerState
2019-10-18 14:01:40,705 [Thread-200] INFO  impl.RaftServerImpl (RaftServerImpl.java:setRole(184)) - 524d4c73-bbaf-4142-9273-d20c5a8628b4@group-1C08CD4F7525: changes role from  FOLLOWER to CANDIDATE at term 0 for changeToCandidate
2019-10-18 14:01:40,705 [Thread-200] INFO  impl.RoleInfo (RoleInfo.java:updateAndGet(143)) - 524d4c73-bbaf-4142-9273-d20c5a8628b4: start LeaderElection
2019-10-18 14:01:40,706 [524d4c73-bbaf-4142-9273-d20c5a8628b4@group-8579581B6893-LeaderElection2] INFO  impl.RoleInfo (RoleInfo.java:updateAndGet(143)) - 524d4c73-bbaf-4142-9273-d20c5a8628b4: start LeaderState
2019-10-18 14:01:40,706 [RatisPipelineUtilsThread] INFO  pipeline.PipelineStateManager (PipelineStateManager.java:addPipeline(56)) - Created pipeline Pipeline[ Id: 08f27b3d-1876-4e46-af5a-1c08cd4f7525, Nodes: 0eccc4cb-77af-4c43-89bd-f01b83be0073{ip: 192.168.69.124, host: pr-hdds-2293-fsv7b-60401721, networkLocation: /default-rack, certSerialId: null}524d4c73-bbaf-4142-9273-d20c5a8628b4{ip: 192.168.69.124, host: pr-hdds-2293-fsv7b-60401721, networkLocation: /default-rack, certSerialId: null}967a5d84-883e-4fc5-aa88-430cc6c4b93a{ip: 192.168.69.124, host: pr-hdds-2293-fsv7b-60401721, networkLocation: /default-rack, certSerialId: null}, Type:RATIS, Factor:THREE, State:OPEN]
2019-10-18 14:01:40,707 [524d4c73-bbaf-4142-9273-d20c5a8628b4@group-8579581B6893-LeaderElection2] INFO  segmented.SegmentedRaftLogWorker (SegmentedRaftLogWorker.java:startLogSegment(385)) - 524d4c73-bbaf-4142-9273-d20c5a8628b4@group-8579581B6893-SegmentedRaftLogWorker: Starting segment from index:0
2019-10-18 14:01:40,708 [524d4c73-bbaf-4142-9273-d20c5a8628b4@group-8579581B6893-LeaderElection2] INFO  impl.RaftServerImpl (ServerState.java:setRaftConf(357)) - 524d4c73-bbaf-4142-9273-d20c5a8628b4@group-8579581B6893: set configuration 0: [524d4c73-bbaf-4142-9273-d20c5a8628b4:192.168.69.124:36511], old=null at 0
2019-10-18 14:01:40,733 [0eccc4cb-77af-4c43-89bd-f01b83be0073@group-EF32841D93FD-LeaderElection3] INFO  impl.LeaderElection (LeaderElection.java:askForVotes(178)) - 0eccc4cb-77af-4c43-89bd-f01b83be0073@group-EF32841D93FD-LeaderElection3: begin an election at term 1 for -1: [0eccc4cb-77af-4c43-89bd-f01b83be0073:192.168.69.124:38580], old=null
2019-10-18 14:01:40,733 [524d4c73-bbaf-4142-9273-d20c5a8628b4@group-1C08CD4F7525-LeaderElection4] INFO  impl.LeaderElection (LeaderElection.java:askForVotes(178)) - 524d4c73-bbaf-4142-9273-d20c5a8628b4@group-1C08CD4F7525-LeaderElection4: begin an election at term 1 for -1: [967a5d84-883e-4fc5-aa88-430cc6c4b93a:192.168.69.124:45994, 524d4c73-bbaf-4142-9273-d20c5a8628b4:192.168.69.124:36511, 0eccc4cb-77af-4c43-89bd-f01b83be0073:192.168.69.124:38580], old=null
2019-10-18 14:01:40,735 [0eccc4cb-77af-4c43-89bd-f01b83be0073@group-EF32841D93FD-LeaderElection3] INFO  impl.RoleInfo (RoleInfo.java:shutdownLeaderElection(134)) - 0eccc4cb-77af-4c43-89bd-f01b83be0073: shutdown LeaderElection
2019-10-18 14:01:40,735 [0eccc4cb-77af-4c43-89bd-f01b83be0073@group-EF32841D93FD-LeaderElection3] INFO  impl.RaftServerImpl (RaftServerImpl.java:setRole(184)) - 0eccc4cb-77af-4c43-89bd-f01b83be0073@group-EF32841D93FD: changes role from CANDIDATE to LEADER at term 1 for changeToLeader
2019-10-18 14:01:40,735 [0eccc4cb-77af-4c43-89bd-f01b83be0073@group-EF32841D93FD-LeaderElection3] INFO  impl.RaftServerImpl (ServerState.java:setLeader(256)) - 0eccc4cb-77af-4c43-89bd-f01b83be0073@group-EF32841D93FD: change Leader from null to 0eccc4cb-77af-4c43-89bd-f01b83be0073 at term 1 for becomeLeader, leader elected after 275ms
2019-10-18 14:01:40,735 [0eccc4cb-77af-4c43-89bd-f01b83be0073@group-EF32841D93FD-LeaderElection3] INFO  server.RaftServerConfigKeys (ConfUtils.java:logGet(43)) - raft.server.staging.catchup.gap = 1000 (default)
2019-10-18 14:01:40,735 [0eccc4cb-77af-4c43-89bd-f01b83be0073@group-EF32841D93FD-LeaderElection3] INFO  server.RaftServerConfigKeys (ConfUtils.java:logGet(43)) - raft.server.rpc.sleep.time = 25ms (default)
2019-10-18 14:01:40,736 [0eccc4cb-77af-4c43-89bd-f01b83be0073@group-EF32841D93FD-LeaderElection3] INFO  server.RaftServerConfigKeys (ConfUtils.java:logGet(43)) - raft.server.write.element-limit = 4096 (default)
2019-10-18 14:01:40,736 [0eccc4cb-77af-4c43-89bd-f01b83be0073@group-EF32841D93FD-LeaderElection3] INFO  server.RaftServerConfigKeys (ConfUtils.java:logGet(43)) - raft.server.watch.timeout = 10s (default)
2019-10-18 14:01:40,736 [0eccc4cb-77af-4c43-89bd-f01b83be0073@group-EF32841D93FD-LeaderElection3] INFO  server.RaftServerConfigKeys (ConfUtils.java:logGet(43)) - raft.server.watch.timeout.denomination = 1s (default)
2019-10-18 14:01:40,736 [0eccc4cb-77af-4c43-89bd-f01b83be0073@group-EF32841D93FD-LeaderElection3] INFO  server.RaftServerConfigKeys (ConfUtils.java:logGet(43)) - raft.server.watch.element-limit = 65536 (default)
2019-10-18 14:01:40,738 [Thread-201] INFO  impl.FollowerState (FollowerState.java:run(108)) - 967a5d84-883e-4fc5-aa88-430cc6c4b93a@group-1C08CD4F7525-FollowerState: change to CANDIDATE, lastRpcTime:59ms, electionTimeout:59ms
2019-10-18 14:01:40,738 [Thread-201] INFO  impl.RoleInfo (RoleInfo.java:shutdownFollowerState(121)) - 967a5d84-883e-4fc5-aa88-430cc6c4b93a: shutdown FollowerState
2019-10-18 14:01:40,738 [Thread-201] INFO  impl.RaftServerImpl (RaftServerImpl.java:setRole(184)) - 967a5d84-883e-4fc5-aa88-430cc6c4b93a@group-1C08CD4F7525: changes role from  FOLLOWER to CANDIDATE at term 0 for changeToCandidate
2019-10-18 14:01:40,738 [Thread-201] INFO  impl.RoleInfo (RoleInfo.java:updateAndGet(143)) - 967a5d84-883e-4fc5-aa88-430cc6c4b93a: start LeaderElection
2019-10-18 14:01:40,738 [0eccc4cb-77af-4c43-89bd-f01b83be0073@group-EF32841D93FD-LeaderElection3] INFO  impl.RoleInfo (RoleInfo.java:updateAndGet(143)) - 0eccc4cb-77af-4c43-89bd-f01b83be0073: start LeaderState
2019-10-18 14:01:40,740 [0eccc4cb-77af-4c43-89bd-f01b83be0073@group-EF32841D93FD-LeaderElection3] INFO  segmented.SegmentedRaftLogWorker (SegmentedRaftLogWorker.java:startLogSegment(385)) - 0eccc4cb-77af-4c43-89bd-f01b83be0073@group-EF32841D93FD-SegmentedRaftLogWorker: Starting segment from index:0
2019-10-18 14:01:40,741 [0eccc4cb-77af-4c43-89bd-f01b83be0073@group-EF32841D93FD-LeaderElection3] INFO  impl.RaftServerImpl (ServerState.java:setRaftConf(357)) - 0eccc4cb-77af-4c43-89bd-f01b83be0073@group-EF32841D93FD: set configuration 0: [0eccc4cb-77af-4c43-89bd-f01b83be0073:192.168.69.124:38580], old=null at 0
2019-10-18 14:01:40,769 [524d4c73-bbaf-4142-9273-d20c5a8628b4@group-8579581B6893-SegmentedRaftLogWorker] INFO  segmented.SegmentedRaftLogWorker (SegmentedRaftLogWorker.java:execute(576)) - 524d4c73-bbaf-4142-9273-d20c5a8628b4@group-8579581B6893-SegmentedRaftLogWorker: created new log segment /workdir/hadoop-ozone/integration-test/target/test-dir/MiniOzoneClusterImpl-0aed760e-6e1a-4be6-abfb-431785f69e2b/datanode-1/data/ratis/789817e8-d208-442d-8d4f-8579581b6893/current/log_inprogress_0
2019-10-18 14:01:40,769 [967a5d84-883e-4fc5-aa88-430cc6c4b93a@group-1C08CD4F7525-LeaderElection5] INFO  impl.LeaderElection (LeaderElection.java:askForVotes(178)) - 967a5d84-883e-4fc5-aa88-430cc6c4b93a@group-1C08CD4F7525-LeaderElection5: begin an election at term 1 for -1: [967a5d84-883e-4fc5-aa88-430cc6c4b93a:192.168.69.124:45994, 524d4c73-bbaf-4142-9273-d20c5a8628b4:192.168.69.124:36511, 0eccc4cb-77af-4c43-89bd-f01b83be0073:192.168.69.124:38580], old=null
2019-10-18 14:01:40,779 [524d4c73-bbaf-4142-9273-d20c5a8628b4@group-1C08CD4F7525-LeaderElection4] INFO  impl.LeaderElection (LeaderElection.java:logAndReturn(56)) - 524d4c73-bbaf-4142-9273-d20c5a8628b4@group-1C08CD4F7525-LeaderElection4: Election TIMEOUT; received 0 response(s) [] and 0 exception(s); 524d4c73-bbaf-4142-9273-d20c5a8628b4@group-1C08CD4F7525:t1, leader=null, voted=524d4c73-bbaf-4142-9273-d20c5a8628b4, raftlog=524d4c73-bbaf-4142-9273-d20c5a8628b4@group-1C08CD4F7525-SegmentedRaftLog:OPENED:c-1,f-1,i0, conf=-1: [967a5d84-883e-4fc5-aa88-430cc6c4b93a:192.168.69.124:45994, 524d4c73-bbaf-4142-9273-d20c5a8628b4:192.168.69.124:36511, 0eccc4cb-77af-4c43-89bd-f01b83be0073:192.168.69.124:38580], old=null
2019-10-18 14:01:40,783 [0eccc4cb-77af-4c43-89bd-f01b83be0073@group-EF32841D93FD-SegmentedRaftLogWorker] INFO  segmented.SegmentedRaftLogWorker (SegmentedRaftLogWorker.java:execute(576)) - 0eccc4cb-77af-4c43-89bd-f01b83be0073@group-EF32841D93FD-SegmentedRaftLogWorker: created new log segment /workdir/hadoop-ozone/integration-test/target/test-dir/MiniOzoneClusterImpl-0aed760e-6e1a-4be6-abfb-431785f69e2b/datanode-2/data/ratis/77375461-083c-49bc-b792-ef32841d93fd/current/log_inprogress_0
2019-10-18 14:01:40,798 [grpc-default-executor-2] INFO  impl.RaftServerImpl (RaftServerImpl.java:setRole(184)) - 0eccc4cb-77af-4c43-89bd-f01b83be0073@group-1C08CD4F7525: changes role from  FOLLOWER to FOLLOWER at term 1 for recognizeCandidate:524d4c73-bbaf-4142-9273-d20c5a8628b4
2019-10-18 14:01:40,799 [524d4c73-bbaf-4142-9273-d20c5a8628b4@group-1C08CD4F7525-LeaderElection4] INFO  impl.LeaderElection (LeaderElection.java:askForVotes(178)) - 524d4c73-bbaf-4142-9273-d20c5a8628b4@group-1C08CD4F7525-LeaderElection4: begin an election at term 2 for -1: [967a5d84-883e-4fc5-aa88-430cc6c4b93a:192.168.69.124:45994, 524d4c73-bbaf-4142-9273-d20c5a8628b4:192.168.69.124:36511, 0eccc4cb-77af-4c43-89bd-f01b83be0073:192.168.69.124:38580], old=null
2019-10-18 14:01:40,799 [grpc-default-executor-2] INFO  impl.RoleInfo (RoleInfo.java:shutdownFollowerState(121)) - 0eccc4cb-77af-4c43-89bd-f01b83be0073: shutdown FollowerState
2019-10-18 14:01:40,799 [Thread-202] INFO  impl.FollowerState (FollowerState.java:run(117)) - 0eccc4cb-77af-4c43-89bd-f01b83be0073@group-1C08CD4F7525-FollowerState was interrupted: java.lang.InterruptedException: sleep interrupted
2019-10-18 14:01:40,799 [grpc-default-executor-2] INFO  impl.RoleInfo (RoleInfo.java:updateAndGet(143)) - 0eccc4cb-77af-4c43-89bd-f01b83be0073: start FollowerState
2019-10-18 14:01:40,810 [967a5d84-883e-4fc5-aa88-430cc6c4b93a@group-1C08CD4F7525-LeaderElection5] INFO  impl.LeaderElection (LeaderElection.java:logAndReturn(56)) - 967a5d84-883e-4fc5-aa88-430cc6c4b93a@group-1C08CD4F7525-LeaderElection5: Election DISCOVERED_A_NEW_TERM; received 1 response(s) [967a5d84-883e-4fc5-aa88-430cc6c4b93a<-524d4c73-bbaf-4142-9273-d20c5a8628b4#0:FAIL-t2] and 0 exception(s); 967a5d84-883e-4fc5-aa88-430cc6c4b93a@group-1C08CD4F7525:t1, leader=null, voted=967a5d84-883e-4fc5-aa88-430cc6c4b93a, raftlog=967a5d84-883e-4fc5-aa88-430cc6c4b93a@group-1C08CD4F7525-SegmentedRaftLog:OPENED:c-1,f-1,i0, conf=-1: [967a5d84-883e-4fc5-aa88-430cc6c4b93a:192.168.69.124:45994, 524d4c73-bbaf-4142-9273-d20c5a8628b4:192.168.69.124:36511, 0eccc4cb-77af-4c43-89bd-f01b83be0073:192.168.69.124:38580], old=null
2019-10-18 14:01:40,813 [967a5d84-883e-4fc5-aa88-430cc6c4b93a@group-1C08CD4F7525-LeaderElection5] INFO  impl.RaftServerImpl (RaftServerImpl.java:setRole(184)) - 967a5d84-883e-4fc5-aa88-430cc6c4b93a@group-1C08CD4F7525: changes role from CANDIDATE to FOLLOWER at term 2 for DISCOVERED_A_NEW_TERM
2019-10-18 14:01:40,813 [967a5d84-883e-4fc5-aa88-430cc6c4b93a@group-1C08CD4F7525-LeaderElection5] INFO  impl.RoleInfo (RoleInfo.java:shutdownLeaderElection(134)) - 967a5d84-883e-4fc5-aa88-430cc6c4b93a: shutdown LeaderElection
2019-10-18 14:01:40,814 [967a5d84-883e-4fc5-aa88-430cc6c4b93a@group-1C08CD4F7525-LeaderElection5] INFO  impl.RoleInfo (RoleInfo.java:updateAndGet(143)) - 967a5d84-883e-4fc5-aa88-430cc6c4b93a: start FollowerState
2019-10-18 14:01:40,818 [main] INFO  ozone.MiniOzoneClusterImpl (MiniOzoneClusterImpl.java:lambda$waitForClusterToBeReady$0(147)) - Cluster is ready. Got 3 of 3 DN Heartbeats.
2019-10-18 14:01:40,829 [grpc-default-executor-3] INFO  impl.RaftServerImpl (RaftServerImpl.java:setRole(184)) - 0eccc4cb-77af-4c43-89bd-f01b83be0073@group-1C08CD4F7525: changes role from  FOLLOWER to FOLLOWER at term 2 for recognizeCandidate:524d4c73-bbaf-4142-9273-d20c5a8628b4
2019-10-18 14:01:40,829 [grpc-default-executor-1] INFO  impl.RaftServerImpl (RaftServerImpl.java:setRole(184)) - 967a5d84-883e-4fc5-aa88-430cc6c4b93a@group-1C08CD4F7525: changes role from  FOLLOWER to FOLLOWER at term 2 for recognizeCandidate:524d4c73-bbaf-4142-9273-d20c5a8628b4
2019-10-18 14:01:40,831 [grpc-default-executor-3] INFO  impl.RoleInfo (RoleInfo.java:shutdownFollowerState(121)) - 0eccc4cb-77af-4c43-89bd-f01b83be0073: shutdown FollowerState
2019-10-18 14:01:40,831 [grpc-default-executor-1] INFO  impl.RoleInfo (RoleInfo.java:shutdownFollowerState(121)) - 967a5d84-883e-4fc5-aa88-430cc6c4b93a: shutdown FollowerState
2019-10-18 14:01:40,831 [Thread-215] INFO  impl.FollowerState (FollowerState.java:run(117)) - 0eccc4cb-77af-4c43-89bd-f01b83be0073@group-1C08CD4F7525-FollowerState was interrupted: java.lang.InterruptedException: sleep interrupted
2019-10-18 14:01:40,831 [Thread-218] INFO  impl.FollowerState (FollowerState.java:run(117)) - 967a5d84-883e-4fc5-aa88-430cc6c4b93a@group-1C08CD4F7525-FollowerState was interrupted: java.lang.InterruptedException: sleep interrupted
2019-10-18 14:01:40,834 [grpc-default-executor-1] INFO  impl.RoleInfo (RoleInfo.java:updateAndGet(143)) - 967a5d84-883e-4fc5-aa88-430cc6c4b93a: start FollowerState
2019-10-18 14:01:40,834 [grpc-default-executor-3] INFO  impl.RoleInfo (RoleInfo.java:updateAndGet(143)) - 0eccc4cb-77af-4c43-89bd-f01b83be0073: start FollowerState
2019-10-18 14:01:40,847 [524d4c73-bbaf-4142-9273-d20c5a8628b4@group-1C08CD4F7525-LeaderElection4] INFO  impl.LeaderElection (LeaderElection.java:logAndReturn(56)) - 524d4c73-bbaf-4142-9273-d20c5a8628b4@group-1C08CD4F7525-LeaderElection4: Election PASSED; received 1 response(s) [524d4c73-bbaf-4142-9273-d20c5a8628b4<-0eccc4cb-77af-4c43-89bd-f01b83be0073#0:OK-t2] and 0 exception(s); 524d4c73-bbaf-4142-9273-d20c5a8628b4@group-1C08CD4F7525:t2, leader=null, voted=524d4c73-bbaf-4142-9273-d20c5a8628b4, raftlog=524d4c73-bbaf-4142-9273-d20c5a8628b4@group-1C08CD4F7525-SegmentedRaftLog:OPENED:c-1,f-1,i0, conf=-1: [967a5d84-883e-4fc5-aa88-430cc6c4b93a:192.168.69.124:45994, 524d4c73-bbaf-4142-9273-d20c5a8628b4:192.168.69.124:36511, 0eccc4cb-77af-4c43-89bd-f01b83be0073:192.168.69.124:38580], old=null
2019-10-18 14:01:40,848 [524d4c73-bbaf-4142-9273-d20c5a8628b4@group-1C08CD4F7525-LeaderElection4] INFO  impl.RoleInfo (RoleInfo.java:shutdownLeaderElection(134)) - 524d4c73-bbaf-4142-9273-d20c5a8628b4: shutdown LeaderElection
2019-10-18 14:01:40,850 [524d4c73-bbaf-4142-9273-d20c5a8628b4@group-1C08CD4F7525-LeaderElection4] INFO  impl.RaftServerImpl (RaftServerImpl.java:setRole(184)) - 524d4c73-bbaf-4142-9273-d20c5a8628b4@group-1C08CD4F7525: changes role from CANDIDATE to LEADER at term 2 for changeToLeader
2019-10-18 14:01:40,850 [524d4c73-bbaf-4142-9273-d20c5a8628b4@group-1C08CD4F7525-LeaderElection4] INFO  impl.RaftServerImpl (ServerState.java:setLeader(256)) - 524d4c73-bbaf-4142-9273-d20c5a8628b4@group-1C08CD4F7525: change Leader from null to 524d4c73-bbaf-4142-9273-d20c5a8628b4 at term 2 for becomeLeader, leader elected after 185ms
2019-10-18 14:01:40,850 [524d4c73-bbaf-4142-9273-d20c5a8628b4@group-1C08CD4F7525-LeaderElection4] INFO  server.RaftServerConfigKeys (ConfUtils.java:logGet(43)) - raft.server.staging.catchup.gap = 1000 (default)
2019-10-18 14:01:40,850 [524d4c73-bbaf-4142-9273-d20c5a8628b4@group-1C08CD4F7525-LeaderElection4] INFO  server.RaftServerConfigKeys (ConfUtils.java:logGet(43)) - raft.server.rpc.sleep.time = 25ms (default)
2019-10-18 14:01:40,852 [524d4c73-bbaf-4142-9273-d20c5a8628b4@group-1C08CD4F7525-LeaderElection4] INFO  server.RaftServerConfigKeys (ConfUtils.java:logGet(43)) - raft.server.write.element-limit = 4096 (default)
2019-10-18 14:01:40,852 [524d4c73-bbaf-4142-9273-d20c5a8628b4@group-1C08CD4F7525-LeaderElection4] INFO  server.RaftServerConfigKeys (ConfUtils.java:logGet(43)) - raft.server.watch.timeout = 10s (default)
2019-10-18 14:01:40,852 [524d4c73-bbaf-4142-9273-d20c5a8628b4@group-1C08CD4F7525-LeaderElection4] INFO  server.RaftServerConfigKeys (ConfUtils.java:logGet(43)) - raft.server.watch.timeout.denomination = 1s (default)
2019-10-18 14:01:40,852 [524d4c73-bbaf-4142-9273-d20c5a8628b4@group-1C08CD4F7525-LeaderElection4] INFO  server.RaftServerConfigKeys (ConfUtils.java:logGet(43)) - raft.server.watch.element-limit = 65536 (default)
2019-10-18 14:01:40,859 [524d4c73-bbaf-4142-9273-d20c5a8628b4@group-1C08CD4F7525-LeaderElection4] INFO  server.RaftServerConfigKeys (ConfUtils.java:logGet(43)) - raft.server.log.appender.snapshot.chunk.size.max = 16MB (=16777216) (default)
2019-10-18 14:01:40,859 [524d4c73-bbaf-4142-9273-d20c5a8628b4@group-1C08CD4F7525-LeaderElection4] INFO  server.RaftServerConfigKeys (ConfUtils.java:logGet(43)) - raft.server.log.appender.buffer.byte-limit = 33554432 (custom)
2019-10-18 14:01:40,859 [524d4c73-bbaf-4142-9273-d20c5a8628b4@group-1C08CD4F7525-LeaderElection4] INFO  server.RaftServerConfigKeys (ConfUtils.java:logGet(43)) - raft.server.log.appender.buffer.element-limit = 1 (custom)
2019-10-18 14:01:40,863 [524d4c73-bbaf-4142-9273-d20c5a8628b4@group-1C08CD4F7525-LeaderElection4] INFO  grpc.GrpcConfigKeys$Server (ConfUtils.java:logGet(43)) - raft.grpc.server.leader.outstanding.appends.max = 128 (default)
2019-10-18 14:01:40,864 [524d4c73-bbaf-4142-9273-d20c5a8628b4@group-1C08CD4F7525-LeaderElection4] INFO  server.RaftServerConfigKeys (ConfUtils.java:logGet(43)) - raft.server.rpc.request.timeout = 3000ms (default)
2019-10-18 14:01:40,864 [524d4c73-bbaf-4142-9273-d20c5a8628b4@group-1C08CD4F7525-LeaderElection4] INFO  server.RaftServerConfigKeys (ConfUtils.java:logGet(43)) - raft.server.log.appender.install.snapshot.enabled = false (custom)
2019-10-18 14:01:40,868 [524d4c73-bbaf-4142-9273-d20c5a8628b4@group-1C08CD4F7525-LeaderElection4] INFO  server.RaftServerConfigKeys (ConfUtils.java:logGet(43)) - raft.server.log.appender.snapshot.chunk.size.max = 16MB (=16777216) (default)
2019-10-18 14:01:40,869 [524d4c73-bbaf-4142-9273-d20c5a8628b4@group-1C08CD4F7525-LeaderElection4] INFO  server.RaftServerConfigKeys (ConfUtils.java:logGet(43)) - raft.server.log.appender.buffer.byte-limit = 33554432 (custom)
2019-10-18 14:01:40,869 [524d4c73-bbaf-4142-9273-d20c5a8628b4@group-1C08CD4F7525-LeaderElection4] INFO  server.RaftServerConfigKeys (ConfUtils.java:logGet(43)) - raft.server.log.appender.buffer.element-limit = 1 (custom)
2019-10-18 14:01:40,869 [524d4c73-bbaf-4142-9273-d20c5a8628b4@group-1C08CD4F7525-LeaderElection4] INFO  grpc.GrpcConfigKeys$Server (ConfUtils.java:logGet(43)) - raft.grpc.server.leader.outstanding.appends.max = 128 (default)
2019-10-18 14:01:40,869 [524d4c73-bbaf-4142-9273-d20c5a8628b4@group-1C08CD4F7525-LeaderElection4] INFO  server.RaftServerConfigKeys (ConfUtils.java:logGet(43)) - raft.server.rpc.request.timeout = 3000ms (default)
2019-10-18 14:01:40,869 [524d4c73-bbaf-4142-9273-d20c5a8628b4@group-1C08CD4F7525-LeaderElection4] INFO  server.RaftServerConfigKeys (ConfUtils.java:logGet(43)) - raft.server.log.appender.install.snapshot.enabled = false (custom)
2019-10-18 14:01:40,874 [524d4c73-bbaf-4142-9273-d20c5a8628b4@group-1C08CD4F7525-LeaderElection4] INFO  impl.RoleInfo (RoleInfo.java:updateAndGet(143)) - 524d4c73-bbaf-4142-9273-d20c5a8628b4: start LeaderState
2019-10-18 14:01:40,875 [524d4c73-bbaf-4142-9273-d20c5a8628b4@group-1C08CD4F7525-LeaderElection4] INFO  segmented.SegmentedRaftLogWorker (SegmentedRaftLogWorker.java:startLogSegment(385)) - 524d4c73-bbaf-4142-9273-d20c5a8628b4@group-1C08CD4F7525-SegmentedRaftLogWorker: Starting segment from index:0
2019-10-18 14:01:40,876 [524d4c73-bbaf-4142-9273-d20c5a8628b4@group-1C08CD4F7525-LeaderElection4] INFO  impl.RaftServerImpl (ServerState.java:setRaftConf(357)) - 524d4c73-bbaf-4142-9273-d20c5a8628b4@group-1C08CD4F7525: set configuration 0: [967a5d84-883e-4fc5-aa88-430cc6c4b93a:192.168.69.124:45994, 524d4c73-bbaf-4142-9273-d20c5a8628b4:192.168.69.124:36511, 0eccc4cb-77af-4c43-89bd-f01b83be0073:192.168.69.124:38580], old=null at 0
2019-10-18 14:01:40,925 [grpc-default-executor-3] INFO  impl.RaftServerImpl (ServerState.java:setLeader(256)) - 0eccc4cb-77af-4c43-89bd-f01b83be0073@group-1C08CD4F7525: change Leader from null to 524d4c73-bbaf-4142-9273-d20c5a8628b4 at term 2 for appendEntries, leader elected after 260ms
2019-10-18 14:01:40,926 [524d4c73-bbaf-4142-9273-d20c5a8628b4@group-1C08CD4F7525-SegmentedRaftLogWorker] INFO  segmented.SegmentedRaftLogWorker (SegmentedRaftLogWorker.java:execute(576)) - 524d4c73-bbaf-4142-9273-d20c5a8628b4@group-1C08CD4F7525-SegmentedRaftLogWorker: created new log segment /workdir/hadoop-ozone/integration-test/target/test-dir/MiniOzoneClusterImpl-0aed760e-6e1a-4be6-abfb-431785f69e2b/datanode-1/data/ratis/08f27b3d-1876-4e46-af5a-1c08cd4f7525/current/log_inprogress_0
2019-10-18 14:01:40,925 [grpc-default-executor-0] INFO  impl.RaftServerImpl (ServerState.java:setLeader(256)) - 967a5d84-883e-4fc5-aa88-430cc6c4b93a@group-1C08CD4F7525: change Leader from null to 524d4c73-bbaf-4142-9273-d20c5a8628b4 at term 2 for appendEntries, leader elected after 261ms
2019-10-18 14:01:40,949 [grpc-default-executor-0] INFO  impl.RaftServerImpl (ServerState.java:setRaftConf(357)) - 967a5d84-883e-4fc5-aa88-430cc6c4b93a@group-1C08CD4F7525: set configuration 0: [967a5d84-883e-4fc5-aa88-430cc6c4b93a:192.168.69.124:45994, 524d4c73-bbaf-4142-9273-d20c5a8628b4:192.168.69.124:36511, 0eccc4cb-77af-4c43-89bd-f01b83be0073:192.168.69.124:38580], old=null at 0
2019-10-18 14:01:40,949 [grpc-default-executor-3] INFO  impl.RaftServerImpl (ServerState.java:setRaftConf(357)) - 0eccc4cb-77af-4c43-89bd-f01b83be0073@group-1C08CD4F7525: set configuration 0: [967a5d84-883e-4fc5-aa88-430cc6c4b93a:192.168.69.124:45994, 524d4c73-bbaf-4142-9273-d20c5a8628b4:192.168.69.124:36511, 0eccc4cb-77af-4c43-89bd-f01b83be0073:192.168.69.124:38580], old=null at 0
2019-10-18 14:01:40,949 [grpc-default-executor-0] INFO  segmented.SegmentedRaftLogWorker (SegmentedRaftLogWorker.java:startLogSegment(385)) - 967a5d84-883e-4fc5-aa88-430cc6c4b93a@group-1C08CD4F7525-SegmentedRaftLogWorker: Starting segment from index:0
2019-10-18 14:01:40,949 [grpc-default-executor-3] INFO  segmented.SegmentedRaftLogWorker (SegmentedRaftLogWorker.java:startLogSegment(385)) - 0eccc4cb-77af-4c43-89bd-f01b83be0073@group-1C08CD4F7525-SegmentedRaftLogWorker: Starting segment from index:0
2019-10-18 14:01:40,987 [967a5d84-883e-4fc5-aa88-430cc6c4b93a@group-1C08CD4F7525-SegmentedRaftLogWorker] INFO  segmented.SegmentedRaftLogWorker (SegmentedRaftLogWorker.java:execute(576)) - 967a5d84-883e-4fc5-aa88-430cc6c4b93a@group-1C08CD4F7525-SegmentedRaftLogWorker: created new log segment /workdir/hadoop-ozone/integration-test/target/test-dir/MiniOzoneClusterImpl-0aed760e-6e1a-4be6-abfb-431785f69e2b/datanode-0/data/ratis/08f27b3d-1876-4e46-af5a-1c08cd4f7525/current/log_inprogress_0
2019-10-18 14:01:40,988 [0eccc4cb-77af-4c43-89bd-f01b83be0073@group-1C08CD4F7525-SegmentedRaftLogWorker] INFO  segmented.SegmentedRaftLogWorker (SegmentedRaftLogWorker.java:execute(576)) - 0eccc4cb-77af-4c43-89bd-f01b83be0073@group-1C08CD4F7525-SegmentedRaftLogWorker: created new log segment /workdir/hadoop-ozone/integration-test/target/test-dir/MiniOzoneClusterImpl-0aed760e-6e1a-4be6-abfb-431785f69e2b/datanode-2/data/ratis/08f27b3d-1876-4e46-af5a-1c08cd4f7525/current/log_inprogress_0
2019-10-18 14:01:41,633 [main] INFO  rpc.RpcClient (RpcClient.java:createVolume(272)) - Creating Volume: testcontainerstatemachinefailures, with jenkins1000 as owner.
2019-10-18 14:01:41,713 [IPC Server handler 3 on 43648] INFO  volume.OMVolumeCreateRequest (OMVolumeCreateRequest.java:validateAndUpdateCache(193)) - created volume:testcontainerstatemachinefailures for user:jenkins1000
2019-10-18 14:01:41,731 [main] INFO  rpc.RpcClient (RpcClient.java:createBucket(411)) - Creating Bucket: testcontainerstatemachinefailures/testcontainerstatemachinefailures, with Versioning false and Storage Type set to DISK and Encryption set to false 
2019-10-18 14:01:41,850 [main] INFO  impl.MetricsSystemImpl (MetricsSystemImpl.java:init(158)) - XceiverClientMetrics metrics system started (again)
2019-10-18 14:01:42,313 [Datanode State Machine Thread - 0] INFO  statemachine.DatanodeStateMachine (DatanodeStateMachine.java:lambda$startDaemon$0(350)) - Ozone container server started.
2019-10-18 14:01:42,668 [Thread-181] INFO  container.ReplicationManager (ReplicationManager.java:start(162)) - Starting Replication Monitor Thread.
2019-10-18 14:01:42,670 [ReplicationMonitor] INFO  container.ReplicationManager (ReplicationManager.java:run(225)) - Replication Monitor Thread took 1 milliseconds for processing 1 containers.
2019-10-18 14:01:47,313 [main] INFO  ozoneimpl.OzoneContainer (OzoneContainer.java:stop(227)) - Attempting to stop container services.
2019-10-18 14:01:47,315 [main] INFO  impl.RaftServerProxy (RaftServerProxy.java:lambda$close$4(314)) - 0eccc4cb-77af-4c43-89bd-f01b83be0073: close
2019-10-18 14:01:47,317 [main] INFO  impl.RaftServerImpl (RaftServerImpl.java:lambda$shutdown$3(261)) - 0eccc4cb-77af-4c43-89bd-f01b83be0073@group-EF32841D93FD: shutdown
2019-10-18 14:01:47,317 [main] INFO  util.JmxRegister (JmxRegister.java:unregister(73)) - Successfully un-registered JMX Bean with object name Ratis:service=RaftServer,group=group-EF32841D93FD,id=0eccc4cb-77af-4c43-89bd-f01b83be0073
2019-10-18 14:01:47,317 [main] INFO  impl.RoleInfo (RoleInfo.java:shutdownLeaderState(104)) - 0eccc4cb-77af-4c43-89bd-f01b83be0073: shutdown LeaderState
2019-10-18 14:01:47,318 [main] INFO  impl.PendingRequests (PendingRequests.java:sendNotLeaderResponses(202)) - 0eccc4cb-77af-4c43-89bd-f01b83be0073@group-EF32841D93FD-PendingRequests: sendNotLeaderResponses
2019-10-18 14:01:47,320 [main] INFO  impl.StateMachineUpdater (StateMachineUpdater.java:stopAndJoin(136)) - 0eccc4cb-77af-4c43-89bd-f01b83be0073@group-EF32841D93FD-StateMachineUpdater: set stopIndex = 0
2019-10-18 14:01:47,323 [main] INFO  impl.RaftServerImpl (ServerState.java:close(388)) - 0eccc4cb-77af-4c43-89bd-f01b83be0073@group-EF32841D93FD: closes. applyIndex: 0
2019-10-18 14:01:47,325 [0eccc4cb-77af-4c43-89bd-f01b83be0073@group-EF32841D93FD-SegmentedRaftLogWorker] INFO  segmented.SegmentedRaftLogWorker (SegmentedRaftLogWorker.java:run(316)) - 0eccc4cb-77af-4c43-89bd-f01b83be0073@group-EF32841D93FD-SegmentedRaftLogWorker was interrupted, exiting. There are 0 tasks remaining in the queue.
2019-10-18 14:01:47,326 [main] INFO  segmented.SegmentedRaftLogWorker (SegmentedRaftLogWorker.java:close(224)) - 0eccc4cb-77af-4c43-89bd-f01b83be0073@group-EF32841D93FD-SegmentedRaftLogWorker close()
2019-10-18 14:01:47,328 [main] INFO  impl.RaftServerImpl (RaftServerImpl.java:lambda$shutdown$3(261)) - 0eccc4cb-77af-4c43-89bd-f01b83be0073@group-1C08CD4F7525: shutdown
2019-10-18 14:01:47,328 [main] INFO  util.JmxRegister (JmxRegister.java:unregister(73)) - Successfully un-registered JMX Bean with object name Ratis:service=RaftServer,group=group-1C08CD4F7525,id=0eccc4cb-77af-4c43-89bd-f01b83be0073
2019-10-18 14:01:47,329 [main] INFO  impl.RoleInfo (RoleInfo.java:shutdownFollowerState(121)) - 0eccc4cb-77af-4c43-89bd-f01b83be0073: shutdown FollowerState
2019-10-18 14:01:47,329 [main] INFO  impl.StateMachineUpdater (StateMachineUpdater.java:stopAndJoin(136)) - 0eccc4cb-77af-4c43-89bd-f01b83be0073@group-1C08CD4F7525-StateMachineUpdater: set stopIndex = 4
2019-10-18 14:01:47,329 [0eccc4cb-77af-4c43-89bd-f01b83be0073@group-1C08CD4F7525-StateMachineUpdater] INFO  ratis.ContainerStateMachine (ContainerStateMachine.java:takeSnapshot(294)) - group-1C08CD4F7525: Taking a snapshot at:(t:2, i:3) file /workdir/hadoop-ozone/integration-test/target/test-dir/MiniOzoneClusterImpl-0aed760e-6e1a-4be6-abfb-431785f69e2b/datanode-2/data/ratis/08f27b3d-1876-4e46-af5a-1c08cd4f7525/sm/snapshot.2_3
2019-10-18 14:01:47,329 [Thread-219] INFO  impl.FollowerState (FollowerState.java:run(117)) - 0eccc4cb-77af-4c43-89bd-f01b83be0073@group-1C08CD4F7525-FollowerState was interrupted: java.lang.InterruptedException: sleep interrupted
2019-10-18 14:01:47,420 [0eccc4cb-77af-4c43-89bd-f01b83be0073@group-1C08CD4F7525-StateMachineUpdater] INFO  ratis.ContainerStateMachine (ContainerStateMachine.java:takeSnapshot(305)) - group-1C08CD4F7525: Finished taking a snapshot at:(t:2, i:3) file:/workdir/hadoop-ozone/integration-test/target/test-dir/MiniOzoneClusterImpl-0aed760e-6e1a-4be6-abfb-431785f69e2b/datanode-2/data/ratis/08f27b3d-1876-4e46-af5a-1c08cd4f7525/sm/snapshot.2_3 time:91
2019-10-18 14:01:47,422 [0eccc4cb-77af-4c43-89bd-f01b83be0073@group-1C08CD4F7525-StateMachineUpdater] INFO  impl.StateMachineUpdater (StateMachineUpdater.java:takeSnapshot(269)) - 0eccc4cb-77af-4c43-89bd-f01b83be0073@group-1C08CD4F7525-StateMachineUpdater: Took a snapshot at index 3
2019-10-18 14:01:47,425 [0eccc4cb-77af-4c43-89bd-f01b83be0073@group-1C08CD4F7525-StateMachineUpdater] INFO  impl.StateMachineUpdater (StateMachineUpdater.java:lambda$new$0(84)) - 0eccc4cb-77af-4c43-89bd-f01b83be0073@group-1C08CD4F7525-StateMachineUpdater: snapshotIndex: updateIncreasingly -1 -> 3
2019-10-18 14:01:47,431 [0eccc4cb-77af-4c43-89bd-f01b83be0073@group-1C08CD4F7525-StateMachineUpdater] INFO  ratis.ContainerStateMachine (ContainerStateMachine.java:takeSnapshot(294)) - group-1C08CD4F7525: Taking a snapshot at:(t:2, i:3) file /workdir/hadoop-ozone/integration-test/target/test-dir/MiniOzoneClusterImpl-0aed760e-6e1a-4be6-abfb-431785f69e2b/datanode-2/data/ratis/08f27b3d-1876-4e46-af5a-1c08cd4f7525/sm/snapshot.2_3
2019-10-18 14:01:47,445 [0eccc4cb-77af-4c43-89bd-f01b83be0073@group-1C08CD4F7525-StateMachineUpdater] INFO  ratis.ContainerStateMachine (ContainerStateMachine.java:takeSnapshot(305)) - group-1C08CD4F7525: Finished taking a snapshot at:(t:2, i:3) file:/workdir/hadoop-ozone/integration-test/target/test-dir/MiniOzoneClusterImpl-0aed760e-6e1a-4be6-abfb-431785f69e2b/datanode-2/data/ratis/08f27b3d-1876-4e46-af5a-1c08cd4f7525/sm/snapshot.2_3 time:15
2019-10-18 14:01:47,445 [0eccc4cb-77af-4c43-89bd-f01b83be0073@group-1C08CD4F7525-StateMachineUpdater] INFO  impl.StateMachineUpdater (StateMachineUpdater.java:takeSnapshot(269)) - 0eccc4cb-77af-4c43-89bd-f01b83be0073@group-1C08CD4F7525-StateMachineUpdater: Took a snapshot at index 3
2019-10-18 14:01:47,445 [0eccc4cb-77af-4c43-89bd-f01b83be0073@group-1C08CD4F7525-StateMachineUpdater] INFO  impl.StateMachineUpdater (StateMachineUpdater.java:lambda$new$0(84)) - 0eccc4cb-77af-4c43-89bd-f01b83be0073@group-1C08CD4F7525-StateMachineUpdater: snapshotIndex: updateIncreasingly 3 -> 3
2019-10-18 14:01:47,446 [main] INFO  impl.RaftServerImpl (ServerState.java:close(388)) - 0eccc4cb-77af-4c43-89bd-f01b83be0073@group-1C08CD4F7525: closes. applyIndex: 4
2019-10-18 14:01:47,446 [0eccc4cb-77af-4c43-89bd-f01b83be0073@group-1C08CD4F7525-SegmentedRaftLogWorker] INFO  segmented.SegmentedRaftLogWorker (SegmentedRaftLogWorker.java:run(316)) - 0eccc4cb-77af-4c43-89bd-f01b83be0073@group-1C08CD4F7525-SegmentedRaftLogWorker was interrupted, exiting. There are 0 tasks remaining in the queue.
2019-10-18 14:01:47,447 [main] INFO  segmented.SegmentedRaftLogWorker (SegmentedRaftLogWorker.java:close(224)) - 0eccc4cb-77af-4c43-89bd-f01b83be0073@group-1C08CD4F7525-SegmentedRaftLogWorker close()
2019-10-18 14:01:47,449 [main] INFO  server.GrpcService (GrpcService.java:closeImpl(164)) - 0eccc4cb-77af-4c43-89bd-f01b83be0073: shutdown server with port 38580 now
2019-10-18 14:01:47,455 [main] INFO  server.GrpcService (GrpcService.java:closeImpl(172)) - 0eccc4cb-77af-4c43-89bd-f01b83be0073: shutdown server with port 38580 successfully
2019-10-18 14:01:47,455 [grpc-default-executor-1] WARN  server.GrpcServerProtocolService (LogUtils.java:warn(134)) - 0eccc4cb-77af-4c43-89bd-f01b83be0073: installSnapshot onError, lastRequest: 524d4c73-bbaf-4142-9273-d20c5a8628b4->0eccc4cb-77af-4c43-89bd-f01b83be0073#7-t2, previous=(t:2, i:4), leaderCommit=4, initializing? false, entries: <empty>: org.apache.ratis.thirdparty.io.grpc.StatusRuntimeException: CANCELLED: cancelled before receiving half close
2019-10-18 14:01:47,458 [refreshUsed-/workdir/hadoop-ozone/integration-test/target/test-dir/MiniOzoneClusterImpl-0aed760e-6e1a-4be6-abfb-431785f69e2b/datanode-2/data/containers] WARN  fs.CachingGetSpaceUsed (CachingGetSpaceUsed.java:run(183)) - Thread Interrupted waiting to refresh disk information: sleep interrupted
2019-10-18 14:01:47,459 [grpc-default-executor-3] WARN  server.GrpcLogAppender (LogUtils.java:warn(134)) - 524d4c73-bbaf-4142-9273-d20c5a8628b4@group-1C08CD4F7525->0eccc4cb-77af-4c43-89bd-f01b83be0073-AppendLogResponseHandler: Failed appendEntries: org.apache.ratis.thirdparty.io.grpc.StatusRuntimeException: CANCELLED: HTTP/2 error code: CANCEL
Received Rst Stream
2019-10-18 14:01:47,477 [main] INFO  utils.BackgroundService (BackgroundService.java:shutdown(151)) - Shutting down service BlockDeletingService
2019-10-18 14:01:47,481 [main] INFO  statemachine.DatanodeStateMachine (DatanodeStateMachine.java:stopDaemon(395)) - Ozone container server stopped.
2019-10-18 14:01:47,484 [main] INFO  handler.ContextHandler (ContextHandler.java:doStop(910)) - Stopped o.e.j.w.WebAppContext@43e9089{/,null,UNAVAILABLE}{/hddsDatanode}
2019-10-18 14:01:47,489 [main] INFO  server.AbstractConnector (AbstractConnector.java:doStop(318)) - Stopped ServerConnector@3c5dbdf8{HTTP/1.1,[http/1.1]}{0.0.0.0:0}
2019-10-18 14:01:47,490 [main] INFO  handler.ContextHandler (ContextHandler.java:doStop(910)) - Stopped o.e.j.s.ServletContextHandler@433348bc{/static,jar:file:/home/user/.m2/repository/org/apache/hadoop/hadoop-hdds-container-service/0.5.0-SNAPSHOT/hadoop-hdds-container-service-0.5.0-SNAPSHOT.jar!/webapps/static,UNAVAILABLE}
2019-10-18 14:01:47,490 [main] INFO  handler.ContextHandler (ContextHandler.java:doStop(910)) - Stopped o.e.j.s.ServletContextHandler@5fa23c{/logs,file:///workdir/hadoop-ozone/integration-test/target/log,UNAVAILABLE}
2019-10-18 14:01:50,496 [java.util.concurrent.ThreadPoolExecutor$Worker@3e376dad[State = -1, empty queue]] WARN  server.GrpcLogAppender (GrpcLogAppender.java:timeoutAppendRequest(209)) - 524d4c73-bbaf-4142-9273-d20c5a8628b4@group-1C08CD4F7525->0eccc4cb-77af-4c43-89bd-f01b83be0073-GrpcLogAppender: appendEntries Timeout, request=524d4c73-bbaf-4142-9273-d20c5a8628b4->0eccc4cb-77af-4c43-89bd-f01b83be0073#8-t2, previous=(t:2, i:4), leaderCommit=4, initializing? false, entries: size=1, first=(t:2, i:5), STATEMACHINELOGENTRY, client-D27B19DE1784, cid=8
2019-10-18 14:01:50,498 [java.util.concurrent.ThreadPoolExecutor$Worker@3e376dad[State = -1, empty queue]] WARN  server.GrpcLogAppender (GrpcLogAppender.java:timeoutAppendRequest(209)) - 524d4c73-bbaf-4142-9273-d20c5a8628b4@group-1C08CD4F7525->0eccc4cb-77af-4c43-89bd-f01b83be0073-GrpcLogAppender: appendEntries Timeout, request=524d4c73-bbaf-4142-9273-d20c5a8628b4->0eccc4cb-77af-4c43-89bd-f01b83be0073#9-t2, previous=(t:2, i:5), leaderCommit=4, initializing? false, entries: size=1, first=(t:2, i:6), STATEMACHINELOGENTRY, client-D27B19DE1784, cid=9
2019-10-18 14:01:50,504 [java.util.concurrent.ThreadPoolExecutor$Worker@3e376dad[State = -1, empty queue]] WARN  server.GrpcLogAppender (GrpcLogAppender.java:timeoutAppendRequest(209)) - 524d4c73-bbaf-4142-9273-d20c5a8628b4@group-1C08CD4F7525->0eccc4cb-77af-4c43-89bd-f01b83be0073-GrpcLogAppender: appendEntries Timeout, request=524d4c73-bbaf-4142-9273-d20c5a8628b4->0eccc4cb-77af-4c43-89bd-f01b83be0073#10-t2, previous=(t:2, i:6), leaderCommit=5, initializing? false, entries: size=1, first=(t:2, i:7), METADATAENTRY(c5)
2019-10-18 14:01:50,507 [java.util.concurrent.ThreadPoolExecutor$Worker@3e376dad[State = -1, empty queue]] WARN  server.GrpcLogAppender (GrpcLogAppender.java:timeoutAppendRequest(209)) - 524d4c73-bbaf-4142-9273-d20c5a8628b4@group-1C08CD4F7525->0eccc4cb-77af-4c43-89bd-f01b83be0073-GrpcLogAppender: appendEntries Timeout, request=524d4c73-bbaf-4142-9273-d20c5a8628b4->0eccc4cb-77af-4c43-89bd-f01b83be0073#11-t2, previous=(t:2, i:7), leaderCommit=6, initializing? false, entries: size=1, first=(t:2, i:8), METADATAENTRY(c6)
2019-10-18 14:01:53,009 [java.util.concurrent.ThreadPoolExecutor$Worker@3e376dad[State = -1, empty queue]] WARN  server.GrpcLogAppender (GrpcLogAppender.java:timeoutAppendRequest(209)) - 524d4c73-bbaf-4142-9273-d20c5a8628b4@group-1C08CD4F7525->0eccc4cb-77af-4c43-89bd-f01b83be0073-GrpcLogAppender: appendEntries Timeout, request=524d4c73-bbaf-4142-9273-d20c5a8628b4->0eccc4cb-77af-4c43-89bd-f01b83be0073#12-t2, previous=(t:2, i:8), leaderCommit=8, initializing? false, entries: <empty>
2019-10-18 14:01:55,510 [java.util.concurrent.ThreadPoolExecutor$Worker@3e376dad[State = -1, empty queue]] WARN  server.GrpcLogAppender (GrpcLogAppender.java:timeoutAppendRequest(209)) - 524d4c73-bbaf-4142-9273-d20c5a8628b4@group-1C08CD4F7525->0eccc4cb-77af-4c43-89bd-f01b83be0073-GrpcLogAppender: appendEntries Timeout, request=524d4c73-bbaf-4142-9273-d20c5a8628b4->0eccc4cb-77af-4c43-89bd-f01b83be0073#13-t2, previous=(t:2, i:8), leaderCommit=8, initializing? false, entries: <empty>
2019-10-18 14:01:57,887 [Thread-289] INFO  client.GrpcClientProtocolService (GrpcClientProtocolService.java:lambda$processClientRequest$0(278)) - Failed RaftClientRequest:client-D27B19DE1784->524d4c73-bbaf-4142-9273-d20c5a8628b4@group-1C08CD4F7525, cid=10, seq=0, Watch-ALL_COMMITTED(6), Message:<EMPTY>, reply=RaftClientReply:client-D27B19DE1784->524d4c73-bbaf-4142-9273-d20c5a8628b4@group-1C08CD4F7525, cid=10, FAILED org.apache.ratis.protocol.NotReplicatedException: Request with call Id 10 and log index 6 is not yet replicated to ALL_COMMITTED, logIndex=6, commits[524d4c73-bbaf-4142-9273-d20c5a8628b4:c8, 967a5d84-883e-4fc5-aa88-430cc6c4b93a:c8, 0eccc4cb-77af-4c43-89bd-f01b83be0073:c4]
2019-10-18 14:01:58,011 [java.util.concurrent.ThreadPoolExecutor$Worker@3e376dad[State = -1, empty queue]] WARN  server.GrpcLogAppender (GrpcLogAppender.java:timeoutAppendRequest(209)) - 524d4c73-bbaf-4142-9273-d20c5a8628b4@group-1C08CD4F7525->0eccc4cb-77af-4c43-89bd-f01b83be0073-GrpcLogAppender: appendEntries Timeout, request=524d4c73-bbaf-4142-9273-d20c5a8628b4->0eccc4cb-77af-4c43-89bd-f01b83be0073#14-t2, previous=(t:2, i:8), leaderCommit=8, initializing? false, entries: <empty>
2019-10-18 14:02:00,512 [java.util.concurrent.ThreadPoolExecutor$Worker@3e376dad[State = -1, empty queue]] WARN  server.GrpcLogAppender (GrpcLogAppender.java:timeoutAppendRequest(209)) - 524d4c73-bbaf-4142-9273-d20c5a8628b4@group-1C08CD4F7525->0eccc4cb-77af-4c43-89bd-f01b83be0073-GrpcLogAppender: appendEntries Timeout, request=524d4c73-bbaf-4142-9273-d20c5a8628b4->0eccc4cb-77af-4c43-89bd-f01b83be0073#15-t2, previous=(t:2, i:8), leaderCommit=8, initializing? false, entries: <empty>
2019-10-18 14:02:03,013 [java.util.concurrent.ThreadPoolExecutor$Worker@3e376dad[State = -1, empty queue]] WARN  server.GrpcLogAppender (GrpcLogAppender.java:timeoutAppendRequest(209)) - 524d4c73-bbaf-4142-9273-d20c5a8628b4@group-1C08CD4F7525->0eccc4cb-77af-4c43-89bd-f01b83be0073-GrpcLogAppender: appendEntries Timeout, request=524d4c73-bbaf-4142-9273-d20c5a8628b4->0eccc4cb-77af-4c43-89bd-f01b83be0073#16-t2, previous=(t:2, i:8), leaderCommit=8, initializing? false, entries: <empty>
2019-10-18 14:02:05,517 [java.util.concurrent.ThreadPoolExecutor$Worker@3e376dad[State = -1, empty queue]] WARN  server.GrpcLogAppender (GrpcLogAppender.java:timeoutAppendRequest(209)) - 524d4c73-bbaf-4142-9273-d20c5a8628b4@group-1C08CD4F7525->0eccc4cb-77af-4c43-89bd-f01b83be0073-GrpcLogAppender: appendEntries Timeout, request=524d4c73-bbaf-4142-9273-d20c5a8628b4->0eccc4cb-77af-4c43-89bd-f01b83be0073#17-t2, previous=(t:2, i:8), leaderCommit=8, initializing? false, entries: <empty>
2019-10-18 14:02:07,885 [Thread-298] INFO  client.GrpcClientProtocolService (GrpcClientProtocolService.java:lambda$processClientRequest$0(278)) - Failed RaftClientRequest:client-D27B19DE1784->524d4c73-bbaf-4142-9273-d20c5a8628b4@group-1C08CD4F7525, cid=10, seq=0, Watch-ALL_COMMITTED(6), Message:<EMPTY>, reply=RaftClientReply:client-D27B19DE1784->524d4c73-bbaf-4142-9273-d20c5a8628b4@group-1C08CD4F7525, cid=10, FAILED org.apache.ratis.protocol.NotReplicatedException: Request with call Id 10 and log index 6 is not yet replicated to ALL_COMMITTED, logIndex=6, commits[524d4c73-bbaf-4142-9273-d20c5a8628b4:c8, 967a5d84-883e-4fc5-aa88-430cc6c4b93a:c8, 0eccc4cb-77af-4c43-89bd-f01b83be0073:c4]
2019-10-18 14:02:08,018 [java.util.concurrent.ThreadPoolExecutor$Worker@3e376dad[State = -1, empty queue]] WARN  server.GrpcLogAppender (GrpcLogAppender.java:timeoutAppendRequest(209)) - 524d4c73-bbaf-4142-9273-d20c5a8628b4@group-1C08CD4F7525->0eccc4cb-77af-4c43-89bd-f01b83be0073-GrpcLogAppender: appendEntries Timeout, request=524d4c73-bbaf-4142-9273-d20c5a8628b4->0eccc4cb-77af-4c43-89bd-f01b83be0073#18-t2, previous=(t:2, i:8), leaderCommit=8, initializing? false, entries: <empty>
2019-10-18 14:02:10,519 [java.util.concurrent.ThreadPoolExecutor$Worker@3e376dad[State = -1, empty queue]] WARN  server.GrpcLogAppender (GrpcLogAppender.java:timeoutAppendRequest(209)) - 524d4c73-bbaf-4142-9273-d20c5a8628b4@group-1C08CD4F7525->0eccc4cb-77af-4c43-89bd-f01b83be0073-GrpcLogAppender: appendEntries Timeout, request=524d4c73-bbaf-4142-9273-d20c5a8628b4->0eccc4cb-77af-4c43-89bd-f01b83be0073#19-t2, previous=(t:2, i:8), leaderCommit=8, initializing? false, entries: <empty>
2019-10-18 14:02:13,020 [java.util.concurrent.ThreadPoolExecutor$Worker@3e376dad[State = -1, empty queue]] WARN  server.GrpcLogAppender (GrpcLogAppender.java:timeoutAppendRequest(209)) - 524d4c73-bbaf-4142-9273-d20c5a8628b4@group-1C08CD4F7525->0eccc4cb-77af-4c43-89bd-f01b83be0073-GrpcLogAppender: appendEntries Timeout, request=524d4c73-bbaf-4142-9273-d20c5a8628b4->0eccc4cb-77af-4c43-89bd-f01b83be0073#20-t2, previous=(t:2, i:8), leaderCommit=8, initializing? false, entries: <empty>
2019-10-18 14:02:15,524 [java.util.concurrent.ThreadPoolExecutor$Worker@3e376dad[State = -1, empty queue]] WARN  server.GrpcLogAppender (GrpcLogAppender.java:timeoutAppendRequest(209)) - 524d4c73-bbaf-4142-9273-d20c5a8628b4@group-1C08CD4F7525->0eccc4cb-77af-4c43-89bd-f01b83be0073-GrpcLogAppender: appendEntries Timeout, request=524d4c73-bbaf-4142-9273-d20c5a8628b4->0eccc4cb-77af-4c43-89bd-f01b83be0073#21-t2, previous=(t:2, i:8), leaderCommit=8, initializing? false, entries: <empty>
2019-10-18 14:02:17,522 [main] WARN  scm.XceiverClientRatis (XceiverClientRatis.java:watchForCommit(277)) - 3 way commit failed on pipeline Pipeline[ Id: 08f27b3d-1876-4e46-af5a-1c08cd4f7525, Nodes: 0eccc4cb-77af-4c43-89bd-f01b83be0073{ip: 192.168.69.124, host: pr-hdds-2293-fsv7b-60401721, networkLocation: /default-rack, certSerialId: null}524d4c73-bbaf-4142-9273-d20c5a8628b4{ip: 192.168.69.124, host: pr-hdds-2293-fsv7b-60401721, networkLocation: /default-rack, certSerialId: null}967a5d84-883e-4fc5-aa88-430cc6c4b93a{ip: 192.168.69.124, host: pr-hdds-2293-fsv7b-60401721, networkLocation: /default-rack, certSerialId: null}, Type:RATIS, Factor:THREE, State:OPEN]
java.util.concurrent.TimeoutException
	at java.util.concurrent.CompletableFuture.timedGet(CompletableFuture.java:1771)
	at java.util.concurrent.CompletableFuture.get(CompletableFuture.java:1915)
	at org.apache.hadoop.hdds.scm.XceiverClientRatis.watchForCommit(XceiverClientRatis.java:274)
	at org.apache.hadoop.hdds.scm.storage.CommitWatcher.watchForCommit(CommitWatcher.java:198)
	at org.apache.hadoop.hdds.scm.storage.CommitWatcher.watchOnLastIndex(CommitWatcher.java:161)
	at org.apache.hadoop.hdds.scm.storage.BlockOutputStream.watchForCommit(BlockOutputStream.java:346)
	at org.apache.hadoop.hdds.scm.storage.BlockOutputStream.handleFlush(BlockOutputStream.java:482)
	at org.apache.hadoop.hdds.scm.storage.BlockOutputStream.close(BlockOutputStream.java:496)
	at org.apache.hadoop.ozone.client.io.BlockOutputStreamEntry.close(BlockOutputStreamEntry.java:143)
	at org.apache.hadoop.ozone.client.io.KeyOutputStream.handleFlushOrClose(KeyOutputStream.java:435)
	at org.apache.hadoop.ozone.client.io.KeyOutputStream.close(KeyOutputStream.java:473)
	at org.apache.hadoop.ozone.client.io.OzoneOutputStream.close(OzoneOutputStream.java:60)
	at org.apache.hadoop.ozone.client.rpc.TestDeleteWithSlowFollower.testDeleteKeyWithSlowFollower(TestDeleteWithSlowFollower.java:193)
	at sun.reflect.NativeMethodAccessorImpl.invoke0(Native Method)
	at sun.reflect.NativeMethodAccessorImpl.invoke(NativeMethodAccessorImpl.java:62)
	at sun.reflect.DelegatingMethodAccessorImpl.invoke(DelegatingMethodAccessorImpl.java:43)
	at java.lang.reflect.Method.invoke(Method.java:498)
	at org.junit.runners.model.FrameworkMethod$1.runReflectiveCall(FrameworkMethod.java:47)
	at org.junit.internal.runners.model.ReflectiveCallable.run(ReflectiveCallable.java:12)
	at org.junit.runners.model.FrameworkMethod.invokeExplosively(FrameworkMethod.java:44)
	at org.junit.internal.runners.statements.InvokeMethod.evaluate(InvokeMethod.java:17)
	at org.junit.runners.ParentRunner.runLeaf(ParentRunner.java:271)
	at org.junit.runners.BlockJUnit4ClassRunner.runChild(BlockJUnit4ClassRunner.java:70)
	at org.junit.runners.BlockJUnit4ClassRunner.runChild(BlockJUnit4ClassRunner.java:50)
	at org.junit.runners.ParentRunner$3.run(ParentRunner.java:238)
	at org.junit.runners.ParentRunner$1.schedule(ParentRunner.java:63)
	at org.junit.runners.ParentRunner.runChildren(ParentRunner.java:236)
	at org.junit.runners.ParentRunner.access$000(ParentRunner.java:53)
	at org.junit.runners.ParentRunner$2.evaluate(ParentRunner.java:229)
	at org.junit.internal.runners.statements.RunBefores.evaluate(RunBefores.java:26)
	at org.junit.internal.runners.statements.RunAfters.evaluate(RunAfters.java:27)
	at org.junit.runners.ParentRunner.run(ParentRunner.java:309)
	at org.apache.maven.surefire.junit4.JUnit4Provider.execute(JUnit4Provider.java:365)
	at org.apache.maven.surefire.junit4.JUnit4Provider.executeWithRerun(JUnit4Provider.java:273)
	at org.apache.maven.surefire.junit4.JUnit4Provider.executeTestSet(JUnit4Provider.java:238)
	at org.apache.maven.surefire.junit4.JUnit4Provider.invoke(JUnit4Provider.java:159)
	at org.apache.maven.surefire.booter.ForkedBooter.invokeProviderInSameClassLoader(ForkedBooter.java:384)
	at org.apache.maven.surefire.booter.ForkedBooter.runSuitesInProcess(ForkedBooter.java:345)
	at org.apache.maven.surefire.booter.ForkedBooter.execute(ForkedBooter.java:126)
	at org.apache.maven.surefire.booter.ForkedBooter.main(ForkedBooter.java:418)
2019-10-18 14:02:17,546 [main] INFO  scm.XceiverClientRatis (XceiverClientRatis.java:lambda$watchForCommit$5(295)) - Could not commit index 6 on pipeline Pipeline[ Id: 08f27b3d-1876-4e46-af5a-1c08cd4f7525, Nodes: 0eccc4cb-77af-4c43-89bd-f01b83be0073{ip: 192.168.69.124, host: pr-hdds-2293-fsv7b-60401721, networkLocation: /default-rack, certSerialId: null}524d4c73-bbaf-4142-9273-d20c5a8628b4{ip: 192.168.69.124, host: pr-hdds-2293-fsv7b-60401721, networkLocation: /default-rack, certSerialId: null}967a5d84-883e-4fc5-aa88-430cc6c4b93a{ip: 192.168.69.124, host: pr-hdds-2293-fsv7b-60401721, networkLocation: /default-rack, certSerialId: null}, Type:RATIS, Factor:THREE, State:OPEN] to all the nodes. Server 0eccc4cb-77af-4c43-89bd-f01b83be0073 has failed. Committed by majority.
2019-10-18 14:02:17,547 [main] WARN  storage.BlockOutputStream (BlockOutputStream.java:watchForCommit(352)) - Failed to commit BlockId conID: 1 locID: 102983748929978368 bcsId: 6 on Pipeline[ Id: 08f27b3d-1876-4e46-af5a-1c08cd4f7525, Nodes: 0eccc4cb-77af-4c43-89bd-f01b83be0073{ip: 192.168.69.124, host: pr-hdds-2293-fsv7b-60401721, networkLocation: /default-rack, certSerialId: null}524d4c73-bbaf-4142-9273-d20c5a8628b4{ip: 192.168.69.124, host: pr-hdds-2293-fsv7b-60401721, networkLocation: /default-rack, certSerialId: null}967a5d84-883e-4fc5-aa88-430cc6c4b93a{ip: 192.168.69.124, host: pr-hdds-2293-fsv7b-60401721, networkLocation: /default-rack, certSerialId: null}, Type:RATIS, Factor:THREE, State:OPEN]. Failed nodes: [0eccc4cb-77af-4c43-89bd-f01b83be0073{ip: null, host: null, networkLocation: /default-rack, certSerialId: null}]
2019-10-18 14:02:17,884 [Thread-312] INFO  client.GrpcClientProtocolService (GrpcClientProtocolService.java:lambda$processClientRequest$0(278)) - Failed RaftClientRequest:client-D27B19DE1784->524d4c73-bbaf-4142-9273-d20c5a8628b4@group-1C08CD4F7525, cid=10, seq=0, Watch-ALL_COMMITTED(6), Message:<EMPTY>, reply=RaftClientReply:client-D27B19DE1784->524d4c73-bbaf-4142-9273-d20c5a8628b4@group-1C08CD4F7525, cid=10, FAILED org.apache.ratis.protocol.NotReplicatedException: Request with call Id 10 and log index 6 is not yet replicated to ALL_COMMITTED, logIndex=6, commits[524d4c73-bbaf-4142-9273-d20c5a8628b4:c8, 967a5d84-883e-4fc5-aa88-430cc6c4b93a:c8, 0eccc4cb-77af-4c43-89bd-f01b83be0073:c4]
2019-10-18 14:02:18,028 [java.util.concurrent.ThreadPoolExecutor$Worker@3e376dad[State = -1, empty queue]] WARN  server.GrpcLogAppender (GrpcLogAppender.java:timeoutAppendRequest(209)) - 524d4c73-bbaf-4142-9273-d20c5a8628b4@group-1C08CD4F7525->0eccc4cb-77af-4c43-89bd-f01b83be0073-GrpcLogAppender: appendEntries Timeout, request=524d4c73-bbaf-4142-9273-d20c5a8628b4->0eccc4cb-77af-4c43-89bd-f01b83be0073#22-t2, previous=(t:2, i:8), leaderCommit=8, initializing? false, entries: <empty>
2019-10-18 14:02:18,648 [EventQueue-IncrementalContainerReportForIncrementalContainerReportHandler] WARN  container.IncrementalContainerReportHandler (AbstractContainerReportHandler.java:updateContainerState(145)) - Container #1 is in OPEN state, but the datanode 524d4c73-bbaf-4142-9273-d20c5a8628b4{ip: 192.168.69.124, host: pr-hdds-2293-fsv7b-60401721, networkLocation: /default-rack, certSerialId: null} reports an CLOSING replica.
2019-10-18 14:02:18,660 [RatisApplyTransactionExecutor 1] INFO  interfaces.Container (KeyValueContainer.java:flushAndSyncDB(386)) - Container 1 is synced with bcsId 6.
2019-10-18 14:02:18,660 [RatisApplyTransactionExecutor 1] INFO  interfaces.Container (KeyValueContainer.java:flushAndSyncDB(386)) - Container 1 is synced with bcsId 6.
2019-10-18 14:02:18,695 [RatisApplyTransactionExecutor 1] INFO  interfaces.Container (KeyValueContainer.java:close(335)) - Container 1 is closed with bcsId 6.
2019-10-18 14:02:18,697 [EventQueue-IncrementalContainerReportForIncrementalContainerReportHandler] WARN  container.IncrementalContainerReportHandler (AbstractContainerReportHandler.java:updateContainerState(145)) - Container #1 is in OPEN state, but the datanode 967a5d84-883e-4fc5-aa88-430cc6c4b93a{ip: 192.168.69.124, host: pr-hdds-2293-fsv7b-60401721, networkLocation: /default-rack, certSerialId: null} reports an CLOSING replica.
2019-10-18 14:02:18,697 [EventQueue-IncrementalContainerReportForIncrementalContainerReportHandler] WARN  container.IncrementalContainerReportHandler (AbstractContainerReportHandler.java:updateContainerState(145)) - Container #1 is in OPEN state, but the datanode 524d4c73-bbaf-4142-9273-d20c5a8628b4{ip: 192.168.69.124, host: pr-hdds-2293-fsv7b-60401721, networkLocation: /default-rack, certSerialId: null} reports an CLOSED replica.
2019-10-18 14:02:18,706 [RatisApplyTransactionExecutor 1] INFO  interfaces.Container (KeyValueContainer.java:flushAndSyncDB(386)) - Container 1 is synced with bcsId 6.
2019-10-18 14:02:18,707 [RatisApplyTransactionExecutor 1] INFO  interfaces.Container (KeyValueContainer.java:flushAndSyncDB(386)) - Container 1 is synced with bcsId 6.
2019-10-18 14:02:18,719 [RatisApplyTransactionExecutor 1] INFO  interfaces.Container (KeyValueContainer.java:close(335)) - Container 1 is closed with bcsId 6.
2019-10-18 14:02:18,720 [EventQueue-IncrementalContainerReportForIncrementalContainerReportHandler] WARN  container.IncrementalContainerReportHandler (AbstractContainerReportHandler.java:updateContainerState(145)) - Container #1 is in OPEN state, but the datanode 967a5d84-883e-4fc5-aa88-430cc6c4b93a{ip: 192.168.69.124, host: pr-hdds-2293-fsv7b-60401721, networkLocation: /default-rack, certSerialId: null} reports an CLOSED replica.
2019-10-18 14:02:18,821 [EventQueue-ContainerReportForContainerReportHandler] WARN  container.ContainerReportHandler (AbstractContainerReportHandler.java:updateContainerState(145)) - Container #1 is in OPEN state, but the datanode 967a5d84-883e-4fc5-aa88-430cc6c4b93a{ip: 192.168.69.124, host: pr-hdds-2293-fsv7b-60401721, networkLocation: /default-rack, certSerialId: null} reports an CLOSED replica.
2019-10-18 14:02:18,844 [IPC Server handler 7 on 36292] INFO  server.SCMBlockProtocolServer (SCMBlockProtocolServer.java:deleteKeyBlocks(212)) - SCM is informed by OM to delete 1 blocks
2019-10-18 14:02:18,845 [IPC Server handler 7 on 36292] INFO  block.BlockManagerImpl (BlockManagerImpl.java:deleteBlocks(285)) - Deleting blocks conID: 1 locID: 102983748929978368 bcsId: 0
2019-10-18 14:02:18,926 [BlockDeletingService#2] WARN  background.BlockDeletingService (BlockDeletingService.java:isDeletionAllowed(187)) - Close Container log Index 6 is not replicated across allthe servers in the pipeline 08f27b3d-1876-4e46-af5a-1c08cd4f7525 as the min replicated index is 4. Deletion is not allowed in this container yet.
2019-10-18 14:02:18,927 [BlockDeletingService#2] WARN  background.BlockDeletingService (BlockDeletingService.java:isDeletionAllowed(187)) - Close Container log Index 6 is not replicated across allthe servers in the pipeline 08f27b3d-1876-4e46-af5a-1c08cd4f7525 as the min replicated index is 4. Deletion is not allowed in this container yet.
2019-10-18 14:02:18,995 [EventQueue-ContainerReportForContainerReportHandler] WARN  container.ContainerReportHandler (AbstractContainerReportHandler.java:updateContainerState(145)) - Container #1 is in OPEN state, but the datanode 524d4c73-bbaf-4142-9273-d20c5a8628b4{ip: 192.168.69.124, host: pr-hdds-2293-fsv7b-60401721, networkLocation: /default-rack, certSerialId: null} reports an CLOSED replica.
2019-10-18 14:02:19,120 [EventQueue-ContainerReportForContainerReportHandler] WARN  container.ContainerReportHandler (AbstractContainerReportHandler.java:updateContainerState(145)) - Container #1 is in OPEN state, but the datanode 967a5d84-883e-4fc5-aa88-430cc6c4b93a{ip: 192.168.69.124, host: pr-hdds-2293-fsv7b-60401721, networkLocation: /default-rack, certSerialId: null} reports an CLOSED replica.
2019-10-18 14:02:19,296 [EventQueue-ContainerReportForContainerReportHandler] WARN  container.ContainerReportHandler (AbstractContainerReportHandler.java:updateContainerState(145)) - Container #1 is in OPEN state, but the datanode 524d4c73-bbaf-4142-9273-d20c5a8628b4{ip: 192.168.69.124, host: pr-hdds-2293-fsv7b-60401721, networkLocation: /default-rack, certSerialId: null} reports an CLOSED replica.
2019-10-18 14:02:19,320 [EventQueue-ContainerReportForContainerReportHandler] WARN  container.ContainerReportHandler (AbstractContainerReportHandler.java:updateContainerState(145)) - Container #1 is in OPEN state, but the datanode 967a5d84-883e-4fc5-aa88-430cc6c4b93a{ip: 192.168.69.124, host: pr-hdds-2293-fsv7b-60401721, networkLocation: /default-rack, certSerialId: null} reports an CLOSED replica.
2019-10-18 14:02:19,596 [EventQueue-ContainerReportForContainerReportHandler] WARN  container.ContainerReportHandler (AbstractContainerReportHandler.java:updateContainerState(145)) - Container #1 is in OPEN state, but the datanode 524d4c73-bbaf-4142-9273-d20c5a8628b4{ip: 192.168.69.124, host: pr-hdds-2293-fsv7b-60401721, networkLocation: /default-rack, certSerialId: null} reports an CLOSED replica.
2019-10-18 14:02:19,620 [EventQueue-ContainerReportForContainerReportHandler] WARN  container.ContainerReportHandler (AbstractContainerReportHandler.java:updateContainerState(145)) - Container #1 is in OPEN state, but the datanode 967a5d84-883e-4fc5-aa88-430cc6c4b93a{ip: 192.168.69.124, host: pr-hdds-2293-fsv7b-60401721, networkLocation: /default-rack, certSerialId: null} reports an CLOSED replica.
2019-10-18 14:02:19,928 [BlockDeletingService#2] WARN  background.BlockDeletingService (BlockDeletingService.java:isDeletionAllowed(187)) - Close Container log Index 6 is not replicated across allthe servers in the pipeline 08f27b3d-1876-4e46-af5a-1c08cd4f7525 as the min replicated index is 4. Deletion is not allowed in this container yet.
2019-10-18 14:02:19,930 [BlockDeletingService#2] WARN  background.BlockDeletingService (BlockDeletingService.java:isDeletionAllowed(187)) - Close Container log Index 6 is not replicated across allthe servers in the pipeline 08f27b3d-1876-4e46-af5a-1c08cd4f7525 as the min replicated index is 4. Deletion is not allowed in this container yet.
2019-10-18 14:02:19,996 [EventQueue-ContainerReportForContainerReportHandler] WARN  container.ContainerReportHandler (AbstractContainerReportHandler.java:updateContainerState(145)) - Container #1 is in OPEN state, but the datanode 524d4c73-bbaf-4142-9273-d20c5a8628b4{ip: 192.168.69.124, host: pr-hdds-2293-fsv7b-60401721, networkLocation: /default-rack, certSerialId: null} reports an CLOSED replica.
2019-10-18 14:02:20,020 [EventQueue-ContainerReportForContainerReportHandler] WARN  container.ContainerReportHandler (AbstractContainerReportHandler.java:updateContainerState(145)) - Container #1 is in OPEN state, but the datanode 967a5d84-883e-4fc5-aa88-430cc6c4b93a{ip: 192.168.69.124, host: pr-hdds-2293-fsv7b-60401721, networkLocation: /default-rack, certSerialId: null} reports an CLOSED replica.
2019-10-18 14:02:20,220 [EventQueue-ContainerReportForContainerReportHandler] WARN  container.ContainerReportHandler (AbstractContainerReportHandler.java:updateContainerState(145)) - Container #1 is in OPEN state, but the datanode 967a5d84-883e-4fc5-aa88-430cc6c4b93a{ip: 192.168.69.124, host: pr-hdds-2293-fsv7b-60401721, networkLocation: /default-rack, certSerialId: null} reports an CLOSED replica.
2019-10-18 14:02:20,295 [EventQueue-ContainerReportForContainerReportHandler] WARN  container.ContainerReportHandler (AbstractContainerReportHandler.java:updateContainerState(145)) - Container #1 is in OPEN state, but the datanode 524d4c73-bbaf-4142-9273-d20c5a8628b4{ip: 192.168.69.124, host: pr-hdds-2293-fsv7b-60401721, networkLocation: /default-rack, certSerialId: null} reports an CLOSED replica.
2019-10-18 14:02:20,496 [EventQueue-ContainerReportForContainerReportHandler] WARN  container.ContainerReportHandler (AbstractContainerReportHandler.java:updateContainerState(145)) - Container #1 is in OPEN state, but the datanode 524d4c73-bbaf-4142-9273-d20c5a8628b4{ip: 192.168.69.124, host: pr-hdds-2293-fsv7b-60401721, networkLocation: /default-rack, certSerialId: null} reports an CLOSED replica.
2019-10-18 14:02:20,520 [EventQueue-ContainerReportForContainerReportHandler] WARN  container.ContainerReportHandler (AbstractContainerReportHandler.java:updateContainerState(145)) - Container #1 is in OPEN state, but the datanode 967a5d84-883e-4fc5-aa88-430cc6c4b93a{ip: 192.168.69.124, host: pr-hdds-2293-fsv7b-60401721, networkLocation: /default-rack, certSerialId: null} reports an CLOSED replica.
2019-10-18 14:02:20,528 [java.util.concurrent.ThreadPoolExecutor$Worker@3e376dad[State = -1, empty queue]] WARN  server.GrpcLogAppender (GrpcLogAppender.java:timeoutAppendRequest(209)) - 524d4c73-bbaf-4142-9273-d20c5a8628b4@group-1C08CD4F7525->0eccc4cb-77af-4c43-89bd-f01b83be0073-GrpcLogAppender: appendEntries Timeout, request=524d4c73-bbaf-4142-9273-d20c5a8628b4->0eccc4cb-77af-4c43-89bd-f01b83be0073#23-t2, previous=(t:2, i:8), leaderCommit=8, initializing? false, entries: <empty>
2019-10-18 14:02:20,821 [EventQueue-ContainerReportForContainerReportHandler] WARN  container.ContainerReportHandler (AbstractContainerReportHandler.java:updateContainerState(145)) - Container #1 is in OPEN state, but the datanode 967a5d84-883e-4fc5-aa88-430cc6c4b93a{ip: 192.168.69.124, host: pr-hdds-2293-fsv7b-60401721, networkLocation: /default-rack, certSerialId: null} reports an CLOSED replica.
2019-10-18 14:02:20,895 [EventQueue-ContainerReportForContainerReportHandler] WARN  container.ContainerReportHandler (AbstractContainerReportHandler.java:updateContainerState(145)) - Container #1 is in OPEN state, but the datanode 524d4c73-bbaf-4142-9273-d20c5a8628b4{ip: 192.168.69.124, host: pr-hdds-2293-fsv7b-60401721, networkLocation: /default-rack, certSerialId: null} reports an CLOSED replica.
2019-10-18 14:02:20,929 [BlockDeletingService#2] WARN  background.BlockDeletingService (BlockDeletingService.java:isDeletionAllowed(187)) - Close Container log Index 6 is not replicated across allthe servers in the pipeline 08f27b3d-1876-4e46-af5a-1c08cd4f7525 as the min replicated index is 4. Deletion is not allowed in this container yet.
2019-10-18 14:02:20,931 [BlockDeletingService#2] WARN  background.BlockDeletingService (BlockDeletingService.java:isDeletionAllowed(187)) - Close Container log Index 6 is not replicated across allthe servers in the pipeline 08f27b3d-1876-4e46-af5a-1c08cd4f7525 as the min replicated index is 4. Deletion is not allowed in this container yet.
2019-10-18 14:02:21,123 [EventQueue-ContainerReportForContainerReportHandler] WARN  container.ContainerReportHandler (AbstractContainerReportHandler.java:updateContainerState(145)) - Container #1 is in OPEN state, but the datanode 967a5d84-883e-4fc5-aa88-430cc6c4b93a{ip: 192.168.69.124, host: pr-hdds-2293-fsv7b-60401721, networkLocation: /default-rack, certSerialId: null} reports an CLOSED replica.
2019-10-18 14:02:21,296 [EventQueue-ContainerReportForContainerReportHandler] WARN  container.ContainerReportHandler (AbstractContainerReportHandler.java:updateContainerState(145)) - Container #1 is in OPEN state, but the datanode 524d4c73-bbaf-4142-9273-d20c5a8628b4{ip: 192.168.69.124, host: pr-hdds-2293-fsv7b-60401721, networkLocation: /default-rack, certSerialId: null} reports an CLOSED replica.
2019-10-18 14:02:21,321 [EventQueue-ContainerReportForContainerReportHandler] WARN  container.ContainerReportHandler (AbstractContainerReportHandler.java:updateContainerState(145)) - Container #1 is in OPEN state, but the datanode 967a5d84-883e-4fc5-aa88-430cc6c4b93a{ip: 192.168.69.124, host: pr-hdds-2293-fsv7b-60401721, networkLocation: /default-rack, certSerialId: null} reports an CLOSED replica.
2019-10-18 14:02:21,596 [EventQueue-ContainerReportForContainerReportHandler] WARN  container.ContainerReportHandler (AbstractContainerReportHandler.java:updateContainerState(145)) - Container #1 is in OPEN state, but the datanode 524d4c73-bbaf-4142-9273-d20c5a8628b4{ip: 192.168.69.124, host: pr-hdds-2293-fsv7b-60401721, networkLocation: /default-rack, certSerialId: null} reports an CLOSED replica.
2019-10-18 14:02:21,607 [java.util.concurrent.ThreadPoolExecutor$Worker@3e376dad[State = -1, empty queue]] WARN  server.GrpcLogAppender (GrpcLogAppender.java:timeoutAppendRequest(209)) - 524d4c73-bbaf-4142-9273-d20c5a8628b4@group-1C08CD4F7525->0eccc4cb-77af-4c43-89bd-f01b83be0073-GrpcLogAppender: appendEntries Timeout, request=524d4c73-bbaf-4142-9273-d20c5a8628b4->0eccc4cb-77af-4c43-89bd-f01b83be0073#24-t2, previous=(t:2, i:8), leaderCommit=8, initializing? false, entries: size=1, first=(t:2, i:9), STATEMACHINELOGENTRY, client-F438E1B11A91, cid=12
2019-10-18 14:02:21,621 [EventQueue-ContainerReportForContainerReportHandler] WARN  container.ContainerReportHandler (AbstractContainerReportHandler.java:updateContainerState(145)) - Container #1 is in OPEN state, but the datanode 967a5d84-883e-4fc5-aa88-430cc6c4b93a{ip: 192.168.69.124, host: pr-hdds-2293-fsv7b-60401721, networkLocation: /default-rack, certSerialId: null} reports an CLOSED replica.
2019-10-18 14:02:21,622 [java.util.concurrent.ThreadPoolExecutor$Worker@3e376dad[State = -1, empty queue]] WARN  server.GrpcLogAppender (GrpcLogAppender.java:timeoutAppendRequest(209)) - 524d4c73-bbaf-4142-9273-d20c5a8628b4@group-1C08CD4F7525->0eccc4cb-77af-4c43-89bd-f01b83be0073-GrpcLogAppender: appendEntries Timeout, request=524d4c73-bbaf-4142-9273-d20c5a8628b4->0eccc4cb-77af-4c43-89bd-f01b83be0073#25-t2, previous=(t:2, i:9), leaderCommit=9, initializing? false, entries: size=1, first=(t:2, i:10), METADATAENTRY(c9)
2019-10-18 14:02:21,897 [EventQueue-ContainerReportForContainerReportHandler] WARN  container.ContainerReportHandler (AbstractContainerReportHandler.java:updateContainerState(145)) - Container #1 is in OPEN state, but the datanode 524d4c73-bbaf-4142-9273-d20c5a8628b4{ip: 192.168.69.124, host: pr-hdds-2293-fsv7b-60401721, networkLocation: /default-rack, certSerialId: null} reports an CLOSED replica.
2019-10-18 14:02:21,922 [EventQueue-ContainerReportForContainerReportHandler] WARN  container.ContainerReportHandler (AbstractContainerReportHandler.java:updateContainerState(145)) - Container #1 is in OPEN state, but the datanode 967a5d84-883e-4fc5-aa88-430cc6c4b93a{ip: 192.168.69.124, host: pr-hdds-2293-fsv7b-60401721, networkLocation: /default-rack, certSerialId: null} reports an CLOSED replica.
2019-10-18 14:02:21,932 [BlockDeletingService#2] WARN  background.BlockDeletingService (BlockDeletingService.java:isDeletionAllowed(187)) - Close Container log Index 6 is not replicated across allthe servers in the pipeline 08f27b3d-1876-4e46-af5a-1c08cd4f7525 as the min replicated index is 4. Deletion is not allowed in this container yet.
2019-10-18 14:02:21,932 [BlockDeletingService#2] WARN  background.BlockDeletingService (BlockDeletingService.java:isDeletionAllowed(187)) - Close Container log Index 6 is not replicated across allthe servers in the pipeline 08f27b3d-1876-4e46-af5a-1c08cd4f7525 as the min replicated index is 4. Deletion is not allowed in this container yet.
2019-10-18 14:02:22,223 [EventQueue-ContainerReportForContainerReportHandler] WARN  container.ContainerReportHandler (AbstractContainerReportHandler.java:updateContainerState(145)) - Container #1 is in OPEN state, but the datanode 967a5d84-883e-4fc5-aa88-430cc6c4b93a{ip: 192.168.69.124, host: pr-hdds-2293-fsv7b-60401721, networkLocation: /default-rack, certSerialId: null} reports an CLOSED replica.
2019-10-18 14:02:22,296 [EventQueue-ContainerReportForContainerReportHandler] WARN  container.ContainerReportHandler (AbstractContainerReportHandler.java:updateContainerState(145)) - Container #1 is in OPEN state, but the datanode 524d4c73-bbaf-4142-9273-d20c5a8628b4{ip: 192.168.69.124, host: pr-hdds-2293-fsv7b-60401721, networkLocation: /default-rack, certSerialId: null} reports an CLOSED replica.
2019-10-18 14:02:22,524 [EventQueue-ContainerReportForContainerReportHandler] WARN  container.ContainerReportHandler (AbstractContainerReportHandler.java:updateContainerState(145)) - Container #1 is in OPEN state, but the datanode 967a5d84-883e-4fc5-aa88-430cc6c4b93a{ip: 192.168.69.124, host: pr-hdds-2293-fsv7b-60401721, networkLocation: /default-rack, certSerialId: null} reports an CLOSED replica.
2019-10-18 14:02:22,596 [EventQueue-ContainerReportForContainerReportHandler] WARN  container.ContainerReportHandler (AbstractContainerReportHandler.java:updateContainerState(145)) - Container #1 is in OPEN state, but the datanode 524d4c73-bbaf-4142-9273-d20c5a8628b4{ip: 192.168.69.124, host: pr-hdds-2293-fsv7b-60401721, networkLocation: /default-rack, certSerialId: null} reports an CLOSED replica.
2019-10-18 14:02:22,897 [EventQueue-ContainerReportForContainerReportHandler] WARN  container.ContainerReportHandler (AbstractContainerReportHandler.java:updateContainerState(145)) - Container #1 is in OPEN state, but the datanode 524d4c73-bbaf-4142-9273-d20c5a8628b4{ip: 192.168.69.124, host: pr-hdds-2293-fsv7b-60401721, networkLocation: /default-rack, certSerialId: null} reports an CLOSED replica.
2019-10-18 14:02:22,923 [EventQueue-ContainerReportForContainerReportHandler] WARN  container.ContainerReportHandler (AbstractContainerReportHandler.java:updateContainerState(145)) - Container #1 is in OPEN state, but the datanode 967a5d84-883e-4fc5-aa88-430cc6c4b93a{ip: 192.168.69.124, host: pr-hdds-2293-fsv7b-60401721, networkLocation: /default-rack, certSerialId: null} reports an CLOSED replica.
2019-10-18 14:02:22,936 [BlockDeletingService#2] WARN  background.BlockDeletingService (BlockDeletingService.java:isDeletionAllowed(187)) - Close Container log Index 6 is not replicated across allthe servers in the pipeline 08f27b3d-1876-4e46-af5a-1c08cd4f7525 as the min replicated index is 4. Deletion is not allowed in this container yet.
2019-10-18 14:02:22,936 [BlockDeletingService#2] WARN  background.BlockDeletingService (BlockDeletingService.java:isDeletionAllowed(187)) - Close Container log Index 6 is not replicated across allthe servers in the pipeline 08f27b3d-1876-4e46-af5a-1c08cd4f7525 as the min replicated index is 4. Deletion is not allowed in this container yet.
2019-10-18 14:02:23,196 [EventQueue-ContainerReportForContainerReportHandler] WARN  container.ContainerReportHandler (AbstractContainerReportHandler.java:updateContainerState(145)) - Container #1 is in OPEN state, but the datanode 524d4c73-bbaf-4142-9273-d20c5a8628b4{ip: 192.168.69.124, host: pr-hdds-2293-fsv7b-60401721, networkLocation: /default-rack, certSerialId: null} reports an CLOSED replica.
2019-10-18 14:02:23,223 [EventQueue-ContainerReportForContainerReportHandler] WARN  container.ContainerReportHandler (AbstractContainerReportHandler.java:updateContainerState(145)) - Container #1 is in OPEN state, but the datanode 967a5d84-883e-4fc5-aa88-430cc6c4b93a{ip: 192.168.69.124, host: pr-hdds-2293-fsv7b-60401721, networkLocation: /default-rack, certSerialId: null} reports an CLOSED replica.
2019-10-18 14:02:23,497 [EventQueue-ContainerReportForContainerReportHandler] WARN  container.ContainerReportHandler (AbstractContainerReportHandler.java:updateContainerState(145)) - Container #1 is in OPEN state, but the datanode 524d4c73-bbaf-4142-9273-d20c5a8628b4{ip: 192.168.69.124, host: pr-hdds-2293-fsv7b-60401721, networkLocation: /default-rack, certSerialId: null} reports an CLOSED replica.
2019-10-18 14:02:23,523 [EventQueue-ContainerReportForContainerReportHandler] WARN  container.ContainerReportHandler (AbstractContainerReportHandler.java:updateContainerState(145)) - Container #1 is in OPEN state, but the datanode 967a5d84-883e-4fc5-aa88-430cc6c4b93a{ip: 192.168.69.124, host: pr-hdds-2293-fsv7b-60401721, networkLocation: /default-rack, certSerialId: null} reports an CLOSED replica.
2019-10-18 14:02:23,798 [EventQueue-ContainerReportForContainerReportHandler] WARN  container.ContainerReportHandler (AbstractContainerReportHandler.java:updateContainerState(145)) - Container #1 is in OPEN state, but the datanode 524d4c73-bbaf-4142-9273-d20c5a8628b4{ip: 192.168.69.124, host: pr-hdds-2293-fsv7b-60401721, networkLocation: /default-rack, certSerialId: null} reports an CLOSED replica.
2019-10-18 14:02:23,823 [EventQueue-ContainerReportForContainerReportHandler] WARN  container.ContainerReportHandler (AbstractContainerReportHandler.java:updateContainerState(145)) - Container #1 is in OPEN state, but the datanode 967a5d84-883e-4fc5-aa88-430cc6c4b93a{ip: 192.168.69.124, host: pr-hdds-2293-fsv7b-60401721, networkLocation: /default-rack, certSerialId: null} reports an CLOSED replica.
2019-10-18 14:02:23,939 [BlockDeletingService#2] WARN  background.BlockDeletingService (BlockDeletingService.java:isDeletionAllowed(187)) - Close Container log Index 6 is not replicated across allthe servers in the pipeline 08f27b3d-1876-4e46-af5a-1c08cd4f7525 as the min replicated index is 4. Deletion is not allowed in this container yet.
2019-10-18 14:02:23,939 [BlockDeletingService#2] WARN  background.BlockDeletingService (BlockDeletingService.java:isDeletionAllowed(187)) - Close Container log Index 6 is not replicated across allthe servers in the pipeline 08f27b3d-1876-4e46-af5a-1c08cd4f7525 as the min replicated index is 4. Deletion is not allowed in this container yet.
2019-10-18 14:02:23,998 [EventQueue-ContainerReportForContainerReportHandler] WARN  container.ContainerReportHandler (AbstractContainerReportHandler.java:updateContainerState(145)) - Container #1 is in OPEN state, but the datanode 524d4c73-bbaf-4142-9273-d20c5a8628b4{ip: 192.168.69.124, host: pr-hdds-2293-fsv7b-60401721, networkLocation: /default-rack, certSerialId: null} reports an CLOSED replica.
2019-10-18 14:02:24,124 [java.util.concurrent.ThreadPoolExecutor$Worker@3e376dad[State = -1, empty queue]] WARN  server.GrpcLogAppender (GrpcLogAppender.java:timeoutAppendRequest(209)) - 524d4c73-bbaf-4142-9273-d20c5a8628b4@group-1C08CD4F7525->0eccc4cb-77af-4c43-89bd-f01b83be0073-GrpcLogAppender: appendEntries Timeout, request=524d4c73-bbaf-4142-9273-d20c5a8628b4->0eccc4cb-77af-4c43-89bd-f01b83be0073#26-t2, previous=(t:2, i:10), leaderCommit=10, initializing? false, entries: <empty>
2019-10-18 14:02:24,223 [EventQueue-ContainerReportForContainerReportHandler] WARN  container.ContainerReportHandler (AbstractContainerReportHandler.java:updateContainerState(145)) - Container #1 is in OPEN state, but the datanode 967a5d84-883e-4fc5-aa88-430cc6c4b93a{ip: 192.168.69.124, host: pr-hdds-2293-fsv7b-60401721, networkLocation: /default-rack, certSerialId: null} reports an CLOSED replica.
2019-10-18 14:02:24,299 [EventQueue-ContainerReportForContainerReportHandler] WARN  container.ContainerReportHandler (AbstractContainerReportHandler.java:updateContainerState(145)) - Container #1 is in OPEN state, but the datanode 524d4c73-bbaf-4142-9273-d20c5a8628b4{ip: 192.168.69.124, host: pr-hdds-2293-fsv7b-60401721, networkLocation: /default-rack, certSerialId: null} reports an CLOSED replica.
2019-10-18 14:02:24,523 [EventQueue-ContainerReportForContainerReportHandler] WARN  container.ContainerReportHandler (AbstractContainerReportHandler.java:updateContainerState(145)) - Container #1 is in OPEN state, but the datanode 967a5d84-883e-4fc5-aa88-430cc6c4b93a{ip: 192.168.69.124, host: pr-hdds-2293-fsv7b-60401721, networkLocation: /default-rack, certSerialId: null} reports an CLOSED replica.
2019-10-18 14:02:24,699 [EventQueue-ContainerReportForContainerReportHandler] WARN  container.ContainerReportHandler (AbstractContainerReportHandler.java:updateContainerState(145)) - Container #1 is in OPEN state, but the datanode 524d4c73-bbaf-4142-9273-d20c5a8628b4{ip: 192.168.69.124, host: pr-hdds-2293-fsv7b-60401721, networkLocation: /default-rack, certSerialId: null} reports an CLOSED replica.
2019-10-18 14:02:24,900 [EventQueue-ContainerReportForContainerReportHandler] WARN  container.ContainerReportHandler (AbstractContainerReportHandler.java:updateContainerState(145)) - Container #1 is in OPEN state, but the datanode 524d4c73-bbaf-4142-9273-d20c5a8628b4{ip: 192.168.69.124, host: pr-hdds-2293-fsv7b-60401721, networkLocation: /default-rack, certSerialId: null} reports an CLOSED replica.
2019-10-18 14:02:24,923 [EventQueue-ContainerReportForContainerReportHandler] WARN  container.ContainerReportHandler (AbstractContainerReportHandler.java:updateContainerState(145)) - Container #1 is in OPEN state, but the datanode 967a5d84-883e-4fc5-aa88-430cc6c4b93a{ip: 192.168.69.124, host: pr-hdds-2293-fsv7b-60401721, networkLocation: /default-rack, certSerialId: null} reports an CLOSED replica.
2019-10-18 14:02:24,942 [BlockDeletingService#2] WARN  background.BlockDeletingService (BlockDeletingService.java:isDeletionAllowed(187)) - Close Container log Index 6 is not replicated across allthe servers in the pipeline 08f27b3d-1876-4e46-af5a-1c08cd4f7525 as the min replicated index is 4. Deletion is not allowed in this container yet.
2019-10-18 14:02:24,942 [BlockDeletingService#2] WARN  background.BlockDeletingService (BlockDeletingService.java:isDeletionAllowed(187)) - Close Container log Index 6 is not replicated across allthe servers in the pipeline 08f27b3d-1876-4e46-af5a-1c08cd4f7525 as the min replicated index is 4. Deletion is not allowed in this container yet.
2019-10-18 14:02:25,199 [EventQueue-ContainerReportForContainerReportHandler] WARN  container.ContainerReportHandler (AbstractContainerReportHandler.java:updateContainerState(145)) - Container #1 is in OPEN state, but the datanode 524d4c73-bbaf-4142-9273-d20c5a8628b4{ip: 192.168.69.124, host: pr-hdds-2293-fsv7b-60401721, networkLocation: /default-rack, certSerialId: null} reports an CLOSED replica.
2019-10-18 14:02:25,224 [EventQueue-ContainerReportForContainerReportHandler] WARN  container.ContainerReportHandler (AbstractContainerReportHandler.java:updateContainerState(145)) - Container #1 is in OPEN state, but the datanode 967a5d84-883e-4fc5-aa88-430cc6c4b93a{ip: 192.168.69.124, host: pr-hdds-2293-fsv7b-60401721, networkLocation: /default-rack, certSerialId: null} reports an CLOSED replica.
2019-10-18 14:02:25,424 [EventQueue-ContainerReportForContainerReportHandler] WARN  container.ContainerReportHandler (AbstractContainerReportHandler.java:updateContainerState(145)) - Container #1 is in OPEN state, but the datanode 967a5d84-883e-4fc5-aa88-430cc6c4b93a{ip: 192.168.69.124, host: pr-hdds-2293-fsv7b-60401721, networkLocation: /default-rack, certSerialId: null} reports an CLOSED replica.
2019-10-18 14:02:25,600 [EventQueue-ContainerReportForContainerReportHandler] WARN  container.ContainerReportHandler (AbstractContainerReportHandler.java:updateContainerState(145)) - Container #1 is in OPEN state, but the datanode 524d4c73-bbaf-4142-9273-d20c5a8628b4{ip: 192.168.69.124, host: pr-hdds-2293-fsv7b-60401721, networkLocation: /default-rack, certSerialId: null} reports an CLOSED replica.
2019-10-18 14:02:25,725 [EventQueue-ContainerReportForContainerReportHandler] WARN  container.ContainerReportHandler (AbstractContainerReportHandler.java:updateContainerState(145)) - Container #1 is in OPEN state, but the datanode 967a5d84-883e-4fc5-aa88-430cc6c4b93a{ip: 192.168.69.124, host: pr-hdds-2293-fsv7b-60401721, networkLocation: /default-rack, certSerialId: null} reports an CLOSED replica.
2019-10-18 14:02:25,902 [EventQueue-ContainerReportForContainerReportHandler] WARN  container.ContainerReportHandler (AbstractContainerReportHandler.java:updateContainerState(145)) - Container #1 is in OPEN state, but the datanode 524d4c73-bbaf-4142-9273-d20c5a8628b4{ip: 192.168.69.124, host: pr-hdds-2293-fsv7b-60401721, networkLocation: /default-rack, certSerialId: null} reports an CLOSED replica.
2019-10-18 14:02:25,945 [BlockDeletingService#2] WARN  background.BlockDeletingService (BlockDeletingService.java:isDeletionAllowed(187)) - Close Container log Index 6 is not replicated across allthe servers in the pipeline 08f27b3d-1876-4e46-af5a-1c08cd4f7525 as the min replicated index is 4. Deletion is not allowed in this container yet.
2019-10-18 14:02:25,945 [BlockDeletingService#2] WARN  background.BlockDeletingService (BlockDeletingService.java:isDeletionAllowed(187)) - Close Container log Index 6 is not replicated across allthe servers in the pipeline 08f27b3d-1876-4e46-af5a-1c08cd4f7525 as the min replicated index is 4. Deletion is not allowed in this container yet.
2019-10-18 14:02:26,101 [EventQueue-ContainerReportForContainerReportHandler] WARN  container.ContainerReportHandler (AbstractContainerReportHandler.java:updateContainerState(145)) - Container #1 is in OPEN state, but the datanode 524d4c73-bbaf-4142-9273-d20c5a8628b4{ip: 192.168.69.124, host: pr-hdds-2293-fsv7b-60401721, networkLocation: /default-rack, certSerialId: null} reports an CLOSED replica.
2019-10-18 14:02:26,124 [EventQueue-ContainerReportForContainerReportHandler] WARN  container.ContainerReportHandler (AbstractContainerReportHandler.java:updateContainerState(145)) - Container #1 is in OPEN state, but the datanode 967a5d84-883e-4fc5-aa88-430cc6c4b93a{ip: 192.168.69.124, host: pr-hdds-2293-fsv7b-60401721, networkLocation: /default-rack, certSerialId: null} reports an CLOSED replica.
2019-10-18 14:02:26,324 [EventQueue-ContainerReportForContainerReportHandler] WARN  container.ContainerReportHandler (AbstractContainerReportHandler.java:updateContainerState(145)) - Container #1 is in OPEN state, but the datanode 967a5d84-883e-4fc5-aa88-430cc6c4b93a{ip: 192.168.69.124, host: pr-hdds-2293-fsv7b-60401721, networkLocation: /default-rack, certSerialId: null} reports an CLOSED replica.
2019-10-18 14:02:26,400 [EventQueue-ContainerReportForContainerReportHandler] WARN  container.ContainerReportHandler (AbstractContainerReportHandler.java:updateContainerState(145)) - Container #1 is in OPEN state, but the datanode 524d4c73-bbaf-4142-9273-d20c5a8628b4{ip: 192.168.69.124, host: pr-hdds-2293-fsv7b-60401721, networkLocation: /default-rack, certSerialId: null} reports an CLOSED replica.
2019-10-18 14:02:26,525 [EventQueue-ContainerReportForContainerReportHandler] WARN  container.ContainerReportHandler (AbstractContainerReportHandler.java:updateContainerState(145)) - Container #1 is in OPEN state, but the datanode 967a5d84-883e-4fc5-aa88-430cc6c4b93a{ip: 192.168.69.124, host: pr-hdds-2293-fsv7b-60401721, networkLocation: /default-rack, certSerialId: null} reports an CLOSED replica.
2019-10-18 14:02:26,609 [Thread-339] INFO  client.GrpcClientProtocolService (GrpcClientProtocolService.java:lambda$processClientRequest$0(278)) - Failed RaftClientRequest:client-D27B19DE1784->967a5d84-883e-4fc5-aa88-430cc6c4b93a@group-1C08CD4F7525, cid=10, seq=0, Watch-ALL_COMMITTED(6), Message:<EMPTY>, reply=RaftClientReply:client-D27B19DE1784->967a5d84-883e-4fc5-aa88-430cc6c4b93a@group-1C08CD4F7525, cid=10, FAILED org.apache.ratis.protocol.NotLeaderException: Server 967a5d84-883e-4fc5-aa88-430cc6c4b93a@group-1C08CD4F7525 is not the leader 524d4c73-bbaf-4142-9273-d20c5a8628b4:192.168.69.124:36511, logIndex=0, commits[967a5d84-883e-4fc5-aa88-430cc6c4b93a:c10, 524d4c73-bbaf-4142-9273-d20c5a8628b4:c10, 0eccc4cb-77af-4c43-89bd-f01b83be0073:c4]
2019-10-18 14:02:26,627 [java.util.concurrent.ThreadPoolExecutor$Worker@3e376dad[State = -1, empty queue]] WARN  server.GrpcLogAppender (GrpcLogAppender.java:timeoutAppendRequest(209)) - 524d4c73-bbaf-4142-9273-d20c5a8628b4@group-1C08CD4F7525->0eccc4cb-77af-4c43-89bd-f01b83be0073-GrpcLogAppender: appendEntries Timeout, request=524d4c73-bbaf-4142-9273-d20c5a8628b4->0eccc4cb-77af-4c43-89bd-f01b83be0073#27-t2, previous=(t:2, i:10), leaderCommit=10, initializing? false, entries: <empty>
2019-10-18 14:02:26,725 [EventQueue-ContainerReportForContainerReportHandler] WARN  container.ContainerReportHandler (AbstractContainerReportHandler.java:updateContainerState(145)) - Container #1 is in OPEN state, but the datanode 967a5d84-883e-4fc5-aa88-430cc6c4b93a{ip: 192.168.69.124, host: pr-hdds-2293-fsv7b-60401721, networkLocation: /default-rack, certSerialId: null} reports an CLOSED replica.
2019-10-18 14:02:26,801 [EventQueue-ContainerReportForContainerReportHandler] WARN  container.ContainerReportHandler (AbstractContainerReportHandler.java:updateContainerState(145)) - Container #1 is in OPEN state, but the datanode 524d4c73-bbaf-4142-9273-d20c5a8628b4{ip: 192.168.69.124, host: pr-hdds-2293-fsv7b-60401721, networkLocation: /default-rack, certSerialId: null} reports an CLOSED replica.
2019-10-18 14:02:26,947 [BlockDeletingService#2] WARN  background.BlockDeletingService (BlockDeletingService.java:isDeletionAllowed(187)) - Close Container log Index 6 is not replicated across allthe servers in the pipeline 08f27b3d-1876-4e46-af5a-1c08cd4f7525 as the min replicated index is 4. Deletion is not allowed in this container yet.
2019-10-18 14:02:26,947 [BlockDeletingService#2] WARN  background.BlockDeletingService (BlockDeletingService.java:isDeletionAllowed(187)) - Close Container log Index 6 is not replicated across allthe servers in the pipeline 08f27b3d-1876-4e46-af5a-1c08cd4f7525 as the min replicated index is 4. Deletion is not allowed in this container yet.
2019-10-18 14:02:27,102 [EventQueue-ContainerReportForContainerReportHandler] WARN  container.ContainerReportHandler (AbstractContainerReportHandler.java:updateContainerState(145)) - Container #1 is in OPEN state, but the datanode 524d4c73-bbaf-4142-9273-d20c5a8628b4{ip: 192.168.69.124, host: pr-hdds-2293-fsv7b-60401721, networkLocation: /default-rack, certSerialId: null} reports an CLOSED replica.
2019-10-18 14:02:27,125 [EventQueue-ContainerReportForContainerReportHandler] WARN  container.ContainerReportHandler (AbstractContainerReportHandler.java:updateContainerState(145)) - Container #1 is in OPEN state, but the datanode 967a5d84-883e-4fc5-aa88-430cc6c4b93a{ip: 192.168.69.124, host: pr-hdds-2293-fsv7b-60401721, networkLocation: /default-rack, certSerialId: null} reports an CLOSED replica.
2019-10-18 14:02:27,426 [EventQueue-ContainerReportForContainerReportHandler] WARN  container.ContainerReportHandler (AbstractContainerReportHandler.java:updateContainerState(145)) - Container #1 is in OPEN state, but the datanode 967a5d84-883e-4fc5-aa88-430cc6c4b93a{ip: 192.168.69.124, host: pr-hdds-2293-fsv7b-60401721, networkLocation: /default-rack, certSerialId: null} reports an CLOSED replica.
2019-10-18 14:02:27,500 [EventQueue-ContainerReportForContainerReportHandler] WARN  container.ContainerReportHandler (AbstractContainerReportHandler.java:updateContainerState(145)) - Container #1 is in OPEN state, but the datanode 524d4c73-bbaf-4142-9273-d20c5a8628b4{ip: 192.168.69.124, host: pr-hdds-2293-fsv7b-60401721, networkLocation: /default-rack, certSerialId: null} reports an CLOSED replica.
2019-10-18 14:02:27,701 [EventQueue-ContainerReportForContainerReportHandler] WARN  container.ContainerReportHandler (AbstractContainerReportHandler.java:updateContainerState(145)) - Container #1 is in OPEN state, but the datanode 524d4c73-bbaf-4142-9273-d20c5a8628b4{ip: 192.168.69.124, host: pr-hdds-2293-fsv7b-60401721, networkLocation: /default-rack, certSerialId: null} reports an CLOSED replica.
2019-10-18 14:02:27,730 [EventQueue-ContainerReportForContainerReportHandler] WARN  container.ContainerReportHandler (AbstractContainerReportHandler.java:updateContainerState(145)) - Container #1 is in OPEN state, but the datanode 967a5d84-883e-4fc5-aa88-430cc6c4b93a{ip: 192.168.69.124, host: pr-hdds-2293-fsv7b-60401721, networkLocation: /default-rack, certSerialId: null} reports an CLOSED replica.
2019-10-18 14:02:27,885 [Thread-344] INFO  client.GrpcClientProtocolService (GrpcClientProtocolService.java:lambda$processClientRequest$0(278)) - Failed RaftClientRequest:client-D27B19DE1784->524d4c73-bbaf-4142-9273-d20c5a8628b4@group-1C08CD4F7525, cid=10, seq=0, Watch-ALL_COMMITTED(6), Message:<EMPTY>, reply=RaftClientReply:client-D27B19DE1784->524d4c73-bbaf-4142-9273-d20c5a8628b4@group-1C08CD4F7525, cid=10, FAILED org.apache.ratis.protocol.NotReplicatedException: Request with call Id 10 and log index 6 is not yet replicated to ALL_COMMITTED, logIndex=6, commits[524d4c73-bbaf-4142-9273-d20c5a8628b4:c10, 967a5d84-883e-4fc5-aa88-430cc6c4b93a:c10, 0eccc4cb-77af-4c43-89bd-f01b83be0073:c4]
2019-10-18 14:02:27,949 [BlockDeletingService#2] WARN  background.BlockDeletingService (BlockDeletingService.java:isDeletionAllowed(187)) - Close Container log Index 6 is not replicated across allthe servers in the pipeline 08f27b3d-1876-4e46-af5a-1c08cd4f7525 as the min replicated index is 4. Deletion is not allowed in this container yet.
2019-10-18 14:02:27,949 [BlockDeletingService#2] WARN  background.BlockDeletingService (BlockDeletingService.java:isDeletionAllowed(187)) - Close Container log Index 6 is not replicated across allthe servers in the pipeline 08f27b3d-1876-4e46-af5a-1c08cd4f7525 as the min replicated index is 4. Deletion is not allowed in this container yet.
2019-10-18 14:02:28,100 [EventQueue-ContainerReportForContainerReportHandler] WARN  container.ContainerReportHandler (AbstractContainerReportHandler.java:updateContainerState(145)) - Container #1 is in OPEN state, but the datanode 524d4c73-bbaf-4142-9273-d20c5a8628b4{ip: 192.168.69.124, host: pr-hdds-2293-fsv7b-60401721, networkLocation: /default-rack, certSerialId: null} reports an CLOSED replica.
2019-10-18 14:02:28,126 [EventQueue-ContainerReportForContainerReportHandler] WARN  container.ContainerReportHandler (AbstractContainerReportHandler.java:updateContainerState(145)) - Container #1 is in OPEN state, but the datanode 967a5d84-883e-4fc5-aa88-430cc6c4b93a{ip: 192.168.69.124, host: pr-hdds-2293-fsv7b-60401721, networkLocation: /default-rack, certSerialId: null} reports an CLOSED replica.
2019-10-18 14:02:28,301 [EventQueue-ContainerReportForContainerReportHandler] WARN  container.ContainerReportHandler (AbstractContainerReportHandler.java:updateContainerState(145)) - Container #1 is in OPEN state, but the datanode 524d4c73-bbaf-4142-9273-d20c5a8628b4{ip: 192.168.69.124, host: pr-hdds-2293-fsv7b-60401721, networkLocation: /default-rack, certSerialId: null} reports an CLOSED replica.
2019-10-18 14:02:28,326 [EventQueue-ContainerReportForContainerReportHandler] WARN  container.ContainerReportHandler (AbstractContainerReportHandler.java:updateContainerState(145)) - Container #1 is in OPEN state, but the datanode 967a5d84-883e-4fc5-aa88-430cc6c4b93a{ip: 192.168.69.124, host: pr-hdds-2293-fsv7b-60401721, networkLocation: /default-rack, certSerialId: null} reports an CLOSED replica.
2019-10-18 14:02:28,601 [EventQueue-ContainerReportForContainerReportHandler] WARN  container.ContainerReportHandler (AbstractContainerReportHandler.java:updateContainerState(145)) - Container #1 is in OPEN state, but the datanode 524d4c73-bbaf-4142-9273-d20c5a8628b4{ip: 192.168.69.124, host: pr-hdds-2293-fsv7b-60401721, networkLocation: /default-rack, certSerialId: null} reports an CLOSED replica.
2019-10-18 14:02:28,626 [EventQueue-ContainerReportForContainerReportHandler] WARN  container.ContainerReportHandler (AbstractContainerReportHandler.java:updateContainerState(145)) - Container #1 is in OPEN state, but the datanode 967a5d84-883e-4fc5-aa88-430cc6c4b93a{ip: 192.168.69.124, host: pr-hdds-2293-fsv7b-60401721, networkLocation: /default-rack, certSerialId: null} reports an CLOSED replica.
2019-10-18 14:02:28,900 [EventQueue-ContainerReportForContainerReportHandler] WARN  container.ContainerReportHandler (AbstractContainerReportHandler.java:updateContainerState(145)) - Container #1 is in OPEN state, but the datanode 524d4c73-bbaf-4142-9273-d20c5a8628b4{ip: 192.168.69.124, host: pr-hdds-2293-fsv7b-60401721, networkLocation: /default-rack, certSerialId: null} reports an CLOSED replica.
2019-10-18 14:02:28,926 [EventQueue-ContainerReportForContainerReportHandler] WARN  container.ContainerReportHandler (AbstractContainerReportHandler.java:updateContainerState(145)) - Container #1 is in OPEN state, but the datanode 967a5d84-883e-4fc5-aa88-430cc6c4b93a{ip: 192.168.69.124, host: pr-hdds-2293-fsv7b-60401721, networkLocation: /default-rack, certSerialId: null} reports an CLOSED replica.
2019-10-18 14:02:28,952 [BlockDeletingService#0] WARN  background.BlockDeletingService (BlockDeletingService.java:isDeletionAllowed(187)) - Close Container log Index 6 is not replicated across allthe servers in the pipeline 08f27b3d-1876-4e46-af5a-1c08cd4f7525 as the min replicated index is 4. Deletion is not allowed in this container yet.
2019-10-18 14:02:28,953 [BlockDeletingService#2] WARN  background.BlockDeletingService (BlockDeletingService.java:isDeletionAllowed(187)) - Close Container log Index 6 is not replicated across allthe servers in the pipeline 08f27b3d-1876-4e46-af5a-1c08cd4f7525 as the min replicated index is 4. Deletion is not allowed in this container yet.
2019-10-18 14:02:29,128 [EventQueue-ContainerReportForContainerReportHandler] WARN  container.ContainerReportHandler (AbstractContainerReportHandler.java:updateContainerState(145)) - Container #1 is in OPEN state, but the datanode 967a5d84-883e-4fc5-aa88-430cc6c4b93a{ip: 192.168.69.124, host: pr-hdds-2293-fsv7b-60401721, networkLocation: /default-rack, certSerialId: null} reports an CLOSED replica.
2019-10-18 14:02:29,128 [java.util.concurrent.ThreadPoolExecutor$Worker@3e376dad[State = -1, empty queue]] WARN  server.GrpcLogAppender (GrpcLogAppender.java:timeoutAppendRequest(209)) - 524d4c73-bbaf-4142-9273-d20c5a8628b4@group-1C08CD4F7525->0eccc4cb-77af-4c43-89bd-f01b83be0073-GrpcLogAppender: appendEntries Timeout, request=524d4c73-bbaf-4142-9273-d20c5a8628b4->0eccc4cb-77af-4c43-89bd-f01b83be0073#28-t2, previous=(t:2, i:10), leaderCommit=10, initializing? false, entries: <empty>
2019-10-18 14:02:29,200 [EventQueue-ContainerReportForContainerReportHandler] WARN  container.ContainerReportHandler (AbstractContainerReportHandler.java:updateContainerState(145)) - Container #1 is in OPEN state, but the datanode 524d4c73-bbaf-4142-9273-d20c5a8628b4{ip: 192.168.69.124, host: pr-hdds-2293-fsv7b-60401721, networkLocation: /default-rack, certSerialId: null} reports an CLOSED replica.
2019-10-18 14:02:29,430 [EventQueue-ContainerReportForContainerReportHandler] WARN  container.ContainerReportHandler (AbstractContainerReportHandler.java:updateContainerState(145)) - Container #1 is in OPEN state, but the datanode 967a5d84-883e-4fc5-aa88-430cc6c4b93a{ip: 192.168.69.124, host: pr-hdds-2293-fsv7b-60401721, networkLocation: /default-rack, certSerialId: null} reports an CLOSED replica.
2019-10-18 14:02:29,500 [EventQueue-ContainerReportForContainerReportHandler] WARN  container.ContainerReportHandler (AbstractContainerReportHandler.java:updateContainerState(145)) - Container #1 is in OPEN state, but the datanode 524d4c73-bbaf-4142-9273-d20c5a8628b4{ip: 192.168.69.124, host: pr-hdds-2293-fsv7b-60401721, networkLocation: /default-rack, certSerialId: null} reports an CLOSED replica.
2019-10-18 14:02:29,730 [EventQueue-ContainerReportForContainerReportHandler] WARN  container.ContainerReportHandler (AbstractContainerReportHandler.java:updateContainerState(145)) - Container #1 is in OPEN state, but the datanode 967a5d84-883e-4fc5-aa88-430cc6c4b93a{ip: 192.168.69.124, host: pr-hdds-2293-fsv7b-60401721, networkLocation: /default-rack, certSerialId: null} reports an CLOSED replica.
2019-10-18 14:02:29,900 [EventQueue-ContainerReportForContainerReportHandler] WARN  container.ContainerReportHandler (AbstractContainerReportHandler.java:updateContainerState(145)) - Container #1 is in OPEN state, but the datanode 524d4c73-bbaf-4142-9273-d20c5a8628b4{ip: 192.168.69.124, host: pr-hdds-2293-fsv7b-60401721, networkLocation: /default-rack, certSerialId: null} reports an CLOSED replica.
2019-10-18 14:02:29,955 [BlockDeletingService#2] WARN  background.BlockDeletingService (BlockDeletingService.java:isDeletionAllowed(187)) - Close Container log Index 6 is not replicated across allthe servers in the pipeline 08f27b3d-1876-4e46-af5a-1c08cd4f7525 as the min replicated index is 4. Deletion is not allowed in this container yet.
2019-10-18 14:02:29,955 [BlockDeletingService#0] WARN  background.BlockDeletingService (BlockDeletingService.java:isDeletionAllowed(187)) - Close Container log Index 6 is not replicated across allthe servers in the pipeline 08f27b3d-1876-4e46-af5a-1c08cd4f7525 as the min replicated index is 4. Deletion is not allowed in this container yet.
2019-10-18 14:02:30,029 [EventQueue-ContainerReportForContainerReportHandler] WARN  container.ContainerReportHandler (AbstractContainerReportHandler.java:updateContainerState(145)) - Container #1 is in OPEN state, but the datanode 967a5d84-883e-4fc5-aa88-430cc6c4b93a{ip: 192.168.69.124, host: pr-hdds-2293-fsv7b-60401721, networkLocation: /default-rack, certSerialId: null} reports an CLOSED replica.
2019-10-18 14:02:30,303 [EventQueue-ContainerReportForContainerReportHandler] WARN  container.ContainerReportHandler (AbstractContainerReportHandler.java:updateContainerState(145)) - Container #1 is in OPEN state, but the datanode 524d4c73-bbaf-4142-9273-d20c5a8628b4{ip: 192.168.69.124, host: pr-hdds-2293-fsv7b-60401721, networkLocation: /default-rack, certSerialId: null} reports an CLOSED replica.
2019-10-18 14:02:30,329 [EventQueue-ContainerReportForContainerReportHandler] WARN  container.ContainerReportHandler (AbstractContainerReportHandler.java:updateContainerState(145)) - Container #1 is in OPEN state, but the datanode 967a5d84-883e-4fc5-aa88-430cc6c4b93a{ip: 192.168.69.124, host: pr-hdds-2293-fsv7b-60401721, networkLocation: /default-rack, certSerialId: null} reports an CLOSED replica.
2019-10-18 14:02:30,529 [EventQueue-ContainerReportForContainerReportHandler] WARN  container.ContainerReportHandler (AbstractContainerReportHandler.java:updateContainerState(145)) - Container #1 is in OPEN state, but the datanode 967a5d84-883e-4fc5-aa88-430cc6c4b93a{ip: 192.168.69.124, host: pr-hdds-2293-fsv7b-60401721, networkLocation: /default-rack, certSerialId: null} reports an CLOSED replica.
2019-10-18 14:02:30,602 [EventQueue-ContainerReportForContainerReportHandler] WARN  container.ContainerReportHandler (AbstractContainerReportHandler.java:updateContainerState(145)) - Container #1 is in OPEN state, but the datanode 524d4c73-bbaf-4142-9273-d20c5a8628b4{ip: 192.168.69.124, host: pr-hdds-2293-fsv7b-60401721, networkLocation: /default-rack, certSerialId: null} reports an CLOSED replica.
2019-10-18 14:02:30,729 [EventQueue-ContainerReportForContainerReportHandler] WARN  container.ContainerReportHandler (AbstractContainerReportHandler.java:updateContainerState(145)) - Container #1 is in OPEN state, but the datanode 967a5d84-883e-4fc5-aa88-430cc6c4b93a{ip: 192.168.69.124, host: pr-hdds-2293-fsv7b-60401721, networkLocation: /default-rack, certSerialId: null} reports an CLOSED replica.
2019-10-18 14:02:30,901 [EventQueue-ContainerReportForContainerReportHandler] WARN  container.ContainerReportHandler (AbstractContainerReportHandler.java:updateContainerState(145)) - Container #1 is in OPEN state, but the datanode 524d4c73-bbaf-4142-9273-d20c5a8628b4{ip: 192.168.69.124, host: pr-hdds-2293-fsv7b-60401721, networkLocation: /default-rack, certSerialId: null} reports an CLOSED replica.
2019-10-18 14:02:30,958 [BlockDeletingService#0] WARN  background.BlockDeletingService (BlockDeletingService.java:isDeletionAllowed(187)) - Close Container log Index 6 is not replicated across allthe servers in the pipeline 08f27b3d-1876-4e46-af5a-1c08cd4f7525 as the min replicated index is 4. Deletion is not allowed in this container yet.
2019-10-18 14:02:30,958 [BlockDeletingService#2] WARN  background.BlockDeletingService (BlockDeletingService.java:isDeletionAllowed(187)) - Close Container log Index 6 is not replicated across allthe servers in the pipeline 08f27b3d-1876-4e46-af5a-1c08cd4f7525 as the min replicated index is 4. Deletion is not allowed in this container yet.
2019-10-18 14:02:31,029 [EventQueue-ContainerReportForContainerReportHandler] WARN  container.ContainerReportHandler (AbstractContainerReportHandler.java:updateContainerState(145)) - Container #1 is in OPEN state, but the datanode 967a5d84-883e-4fc5-aa88-430cc6c4b93a{ip: 192.168.69.124, host: pr-hdds-2293-fsv7b-60401721, networkLocation: /default-rack, certSerialId: null} reports an CLOSED replica.
2019-10-18 14:02:31,102 [EventQueue-ContainerReportForContainerReportHandler] WARN  container.ContainerReportHandler (AbstractContainerReportHandler.java:updateContainerState(145)) - Container #1 is in OPEN state, but the datanode 524d4c73-bbaf-4142-9273-d20c5a8628b4{ip: 192.168.69.124, host: pr-hdds-2293-fsv7b-60401721, networkLocation: /default-rack, certSerialId: null} reports an CLOSED replica.
2019-10-18 14:02:31,329 [EventQueue-ContainerReportForContainerReportHandler] WARN  container.ContainerReportHandler (AbstractContainerReportHandler.java:updateContainerState(145)) - Container #1 is in OPEN state, but the datanode 967a5d84-883e-4fc5-aa88-430cc6c4b93a{ip: 192.168.69.124, host: pr-hdds-2293-fsv7b-60401721, networkLocation: /default-rack, certSerialId: null} reports an CLOSED replica.
2019-10-18 14:02:31,501 [EventQueue-ContainerReportForContainerReportHandler] WARN  container.ContainerReportHandler (AbstractContainerReportHandler.java:updateContainerState(145)) - Container #1 is in OPEN state, but the datanode 524d4c73-bbaf-4142-9273-d20c5a8628b4{ip: 192.168.69.124, host: pr-hdds-2293-fsv7b-60401721, networkLocation: /default-rack, certSerialId: null} reports an CLOSED replica.
2019-10-18 14:02:31,629 [java.util.concurrent.ThreadPoolExecutor$Worker@3e376dad[State = -1, empty queue]] WARN  server.GrpcLogAppender (GrpcLogAppender.java:timeoutAppendRequest(209)) - 524d4c73-bbaf-4142-9273-d20c5a8628b4@group-1C08CD4F7525->0eccc4cb-77af-4c43-89bd-f01b83be0073-GrpcLogAppender: appendEntries Timeout, request=524d4c73-bbaf-4142-9273-d20c5a8628b4->0eccc4cb-77af-4c43-89bd-f01b83be0073#29-t2, previous=(t:2, i:10), leaderCommit=10, initializing? false, entries: <empty>
2019-10-18 14:02:31,729 [EventQueue-ContainerReportForContainerReportHandler] WARN  container.ContainerReportHandler (AbstractContainerReportHandler.java:updateContainerState(145)) - Container #1 is in OPEN state, but the datanode 967a5d84-883e-4fc5-aa88-430cc6c4b93a{ip: 192.168.69.124, host: pr-hdds-2293-fsv7b-60401721, networkLocation: /default-rack, certSerialId: null} reports an CLOSED replica.
2019-10-18 14:02:31,902 [EventQueue-ContainerReportForContainerReportHandler] WARN  container.ContainerReportHandler (AbstractContainerReportHandler.java:updateContainerState(145)) - Container #1 is in OPEN state, but the datanode 524d4c73-bbaf-4142-9273-d20c5a8628b4{ip: 192.168.69.124, host: pr-hdds-2293-fsv7b-60401721, networkLocation: /default-rack, certSerialId: null} reports an CLOSED replica.
2019-10-18 14:02:31,961 [BlockDeletingService#2] WARN  background.BlockDeletingService (BlockDeletingService.java:isDeletionAllowed(187)) - Close Container log Index 6 is not replicated across allthe servers in the pipeline 08f27b3d-1876-4e46-af5a-1c08cd4f7525 as the min replicated index is 4. Deletion is not allowed in this container yet.
2019-10-18 14:02:31,961 [BlockDeletingService#0] WARN  background.BlockDeletingService (BlockDeletingService.java:isDeletionAllowed(187)) - Close Container log Index 6 is not replicated across allthe servers in the pipeline 08f27b3d-1876-4e46-af5a-1c08cd4f7525 as the min replicated index is 4. Deletion is not allowed in this container yet.
2019-10-18 14:02:32,029 [EventQueue-ContainerReportForContainerReportHandler] WARN  container.ContainerReportHandler (AbstractContainerReportHandler.java:updateContainerState(145)) - Container #1 is in OPEN state, but the datanode 967a5d84-883e-4fc5-aa88-430cc6c4b93a{ip: 192.168.69.124, host: pr-hdds-2293-fsv7b-60401721, networkLocation: /default-rack, certSerialId: null} reports an CLOSED replica.
2019-10-18 14:02:32,101 [EventQueue-ContainerReportForContainerReportHandler] WARN  container.ContainerReportHandler (AbstractContainerReportHandler.java:updateContainerState(145)) - Container #1 is in OPEN state, but the datanode 524d4c73-bbaf-4142-9273-d20c5a8628b4{ip: 192.168.69.124, host: pr-hdds-2293-fsv7b-60401721, networkLocation: /default-rack, certSerialId: null} reports an CLOSED replica.
2019-10-18 14:02:32,330 [EventQueue-ContainerReportForContainerReportHandler] WARN  container.ContainerReportHandler (AbstractContainerReportHandler.java:updateContainerState(145)) - Container #1 is in OPEN state, but the datanode 967a5d84-883e-4fc5-aa88-430cc6c4b93a{ip: 192.168.69.124, host: pr-hdds-2293-fsv7b-60401721, networkLocation: /default-rack, certSerialId: null} reports an CLOSED replica.
2019-10-18 14:02:32,401 [EventQueue-ContainerReportForContainerReportHandler] WARN  container.ContainerReportHandler (AbstractContainerReportHandler.java:updateContainerState(145)) - Container #1 is in OPEN state, but the datanode 524d4c73-bbaf-4142-9273-d20c5a8628b4{ip: 192.168.69.124, host: pr-hdds-2293-fsv7b-60401721, networkLocation: /default-rack, certSerialId: null} reports an CLOSED replica.
2019-10-18 14:02:32,630 [EventQueue-ContainerReportForContainerReportHandler] WARN  container.ContainerReportHandler (AbstractContainerReportHandler.java:updateContainerState(145)) - Container #1 is in OPEN state, but the datanode 967a5d84-883e-4fc5-aa88-430cc6c4b93a{ip: 192.168.69.124, host: pr-hdds-2293-fsv7b-60401721, networkLocation: /default-rack, certSerialId: null} reports an CLOSED replica.
2019-10-18 14:02:32,702 [EventQueue-ContainerReportForContainerReportHandler] WARN  container.ContainerReportHandler (AbstractContainerReportHandler.java:updateContainerState(145)) - Container #1 is in OPEN state, but the datanode 524d4c73-bbaf-4142-9273-d20c5a8628b4{ip: 192.168.69.124, host: pr-hdds-2293-fsv7b-60401721, networkLocation: /default-rack, certSerialId: null} reports an CLOSED replica.
2019-10-18 14:02:32,831 [EventQueue-ContainerReportForContainerReportHandler] WARN  container.ContainerReportHandler (AbstractContainerReportHandler.java:updateContainerState(145)) - Container #1 is in OPEN state, but the datanode 967a5d84-883e-4fc5-aa88-430cc6c4b93a{ip: 192.168.69.124, host: pr-hdds-2293-fsv7b-60401721, networkLocation: /default-rack, certSerialId: null} reports an CLOSED replica.
2019-10-18 14:02:32,964 [BlockDeletingService#2] WARN  background.BlockDeletingService (BlockDeletingService.java:isDeletionAllowed(187)) - Close Container log Index 6 is not replicated across allthe servers in the pipeline 08f27b3d-1876-4e46-af5a-1c08cd4f7525 as the min replicated index is 4. Deletion is not allowed in this container yet.
2019-10-18 14:02:32,964 [BlockDeletingService#0] WARN  background.BlockDeletingService (BlockDeletingService.java:isDeletionAllowed(187)) - Close Container log Index 6 is not replicated across allthe servers in the pipeline 08f27b3d-1876-4e46-af5a-1c08cd4f7525 as the min replicated index is 4. Deletion is not allowed in this container yet.
2019-10-18 14:02:33,002 [EventQueue-ContainerReportForContainerReportHandler] WARN  container.ContainerReportHandler (AbstractContainerReportHandler.java:updateContainerState(145)) - Container #1 is in OPEN state, but the datanode 524d4c73-bbaf-4142-9273-d20c5a8628b4{ip: 192.168.69.124, host: pr-hdds-2293-fsv7b-60401721, networkLocation: /default-rack, certSerialId: null} reports an CLOSED replica.
2019-10-18 14:02:33,133 [EventQueue-ContainerReportForContainerReportHandler] WARN  container.ContainerReportHandler (AbstractContainerReportHandler.java:updateContainerState(145)) - Container #1 is in OPEN state, but the datanode 967a5d84-883e-4fc5-aa88-430cc6c4b93a{ip: 192.168.69.124, host: pr-hdds-2293-fsv7b-60401721, networkLocation: /default-rack, certSerialId: null} reports an CLOSED replica.
2019-10-18 14:02:33,202 [EventQueue-ContainerReportForContainerReportHandler] WARN  container.ContainerReportHandler (AbstractContainerReportHandler.java:updateContainerState(145)) - Container #1 is in OPEN state, but the datanode 524d4c73-bbaf-4142-9273-d20c5a8628b4{ip: 192.168.69.124, host: pr-hdds-2293-fsv7b-60401721, networkLocation: /default-rack, certSerialId: null} reports an CLOSED replica.
2019-10-18 14:02:33,503 [EventQueue-ContainerReportForContainerReportHandler] WARN  container.ContainerReportHandler (AbstractContainerReportHandler.java:updateContainerState(145)) - Container #1 is in OPEN state, but the datanode 524d4c73-bbaf-4142-9273-d20c5a8628b4{ip: 192.168.69.124, host: pr-hdds-2293-fsv7b-60401721, networkLocation: /default-rack, certSerialId: null} reports an CLOSED replica.
2019-10-18 14:02:33,533 [EventQueue-ContainerReportForContainerReportHandler] WARN  container.ContainerReportHandler (AbstractContainerReportHandler.java:updateContainerState(145)) - Container #1 is in OPEN state, but the datanode 967a5d84-883e-4fc5-aa88-430cc6c4b93a{ip: 192.168.69.124, host: pr-hdds-2293-fsv7b-60401721, networkLocation: /default-rack, certSerialId: null} reports an CLOSED replica.
2019-10-18 14:02:33,835 [EventQueue-ContainerReportForContainerReportHandler] WARN  container.ContainerReportHandler (AbstractContainerReportHandler.java:updateContainerState(145)) - Container #1 is in OPEN state, but the datanode 967a5d84-883e-4fc5-aa88-430cc6c4b93a{ip: 192.168.69.124, host: pr-hdds-2293-fsv7b-60401721, networkLocation: /default-rack, certSerialId: null} reports an CLOSED replica.
2019-10-18 14:02:33,903 [EventQueue-ContainerReportForContainerReportHandler] WARN  container.ContainerReportHandler (AbstractContainerReportHandler.java:updateContainerState(145)) - Container #1 is in OPEN state, but the datanode 524d4c73-bbaf-4142-9273-d20c5a8628b4{ip: 192.168.69.124, host: pr-hdds-2293-fsv7b-60401721, networkLocation: /default-rack, certSerialId: null} reports an CLOSED replica.
2019-10-18 14:02:33,966 [BlockDeletingService#0] WARN  background.BlockDeletingService (BlockDeletingService.java:isDeletionAllowed(187)) - Close Container log Index 6 is not replicated across allthe servers in the pipeline 08f27b3d-1876-4e46-af5a-1c08cd4f7525 as the min replicated index is 4. Deletion is not allowed in this container yet.
2019-10-18 14:02:33,966 [BlockDeletingService#2] WARN  background.BlockDeletingService (BlockDeletingService.java:isDeletionAllowed(187)) - Close Container log Index 6 is not replicated across allthe servers in the pipeline 08f27b3d-1876-4e46-af5a-1c08cd4f7525 as the min replicated index is 4. Deletion is not allowed in this container yet.
2019-10-18 14:02:34,103 [EventQueue-ContainerReportForContainerReportHandler] WARN  container.ContainerReportHandler (AbstractContainerReportHandler.java:updateContainerState(145)) - Container #1 is in OPEN state, but the datanode 524d4c73-bbaf-4142-9273-d20c5a8628b4{ip: 192.168.69.124, host: pr-hdds-2293-fsv7b-60401721, networkLocation: /default-rack, certSerialId: null} reports an CLOSED replica.
2019-10-18 14:02:34,131 [java.util.concurrent.ThreadPoolExecutor$Worker@3e376dad[State = -1, empty queue]] WARN  server.GrpcLogAppender (GrpcLogAppender.java:timeoutAppendRequest(209)) - 524d4c73-bbaf-4142-9273-d20c5a8628b4@group-1C08CD4F7525->0eccc4cb-77af-4c43-89bd-f01b83be0073-GrpcLogAppender: appendEntries Timeout, request=524d4c73-bbaf-4142-9273-d20c5a8628b4->0eccc4cb-77af-4c43-89bd-f01b83be0073#30-t2, previous=(t:2, i:10), leaderCommit=10, initializing? false, entries: <empty>
2019-10-18 14:02:34,136 [EventQueue-ContainerReportForContainerReportHandler] WARN  container.ContainerReportHandler (AbstractContainerReportHandler.java:updateContainerState(145)) - Container #1 is in OPEN state, but the datanode 967a5d84-883e-4fc5-aa88-430cc6c4b93a{ip: 192.168.69.124, host: pr-hdds-2293-fsv7b-60401721, networkLocation: /default-rack, certSerialId: null} reports an CLOSED replica.
2019-10-18 14:02:34,336 [EventQueue-ContainerReportForContainerReportHandler] WARN  container.ContainerReportHandler (AbstractContainerReportHandler.java:updateContainerState(145)) - Container #1 is in OPEN state, but the datanode 967a5d84-883e-4fc5-aa88-430cc6c4b93a{ip: 192.168.69.124, host: pr-hdds-2293-fsv7b-60401721, networkLocation: /default-rack, certSerialId: null} reports an CLOSED replica.
2019-10-18 14:02:34,404 [EventQueue-ContainerReportForContainerReportHandler] WARN  container.ContainerReportHandler (AbstractContainerReportHandler.java:updateContainerState(145)) - Container #1 is in OPEN state, but the datanode 524d4c73-bbaf-4142-9273-d20c5a8628b4{ip: 192.168.69.124, host: pr-hdds-2293-fsv7b-60401721, networkLocation: /default-rack, certSerialId: null} reports an CLOSED replica.
2019-10-18 14:02:34,636 [EventQueue-ContainerReportForContainerReportHandler] WARN  container.ContainerReportHandler (AbstractContainerReportHandler.java:updateContainerState(145)) - Container #1 is in OPEN state, but the datanode 967a5d84-883e-4fc5-aa88-430cc6c4b93a{ip: 192.168.69.124, host: pr-hdds-2293-fsv7b-60401721, networkLocation: /default-rack, certSerialId: null} reports an CLOSED replica.
2019-10-18 14:02:34,705 [EventQueue-ContainerReportForContainerReportHandler] WARN  container.ContainerReportHandler (AbstractContainerReportHandler.java:updateContainerState(145)) - Container #1 is in OPEN state, but the datanode 524d4c73-bbaf-4142-9273-d20c5a8628b4{ip: 192.168.69.124, host: pr-hdds-2293-fsv7b-60401721, networkLocation: /default-rack, certSerialId: null} reports an CLOSED replica.
2019-10-18 14:02:34,967 [BlockDeletingService#0] WARN  background.BlockDeletingService (BlockDeletingService.java:isDeletionAllowed(187)) - Close Container log Index 6 is not replicated across allthe servers in the pipeline 08f27b3d-1876-4e46-af5a-1c08cd4f7525 as the min replicated index is 4. Deletion is not allowed in this container yet.
2019-10-18 14:02:34,968 [BlockDeletingService#2] WARN  background.BlockDeletingService (BlockDeletingService.java:isDeletionAllowed(187)) - Close Container log Index 6 is not replicated across allthe servers in the pipeline 08f27b3d-1876-4e46-af5a-1c08cd4f7525 as the min replicated index is 4. Deletion is not allowed in this container yet.
2019-10-18 14:02:35,036 [EventQueue-ContainerReportForContainerReportHandler] WARN  container.ContainerReportHandler (AbstractContainerReportHandler.java:updateContainerState(145)) - Container #1 is in OPEN state, but the datanode 967a5d84-883e-4fc5-aa88-430cc6c4b93a{ip: 192.168.69.124, host: pr-hdds-2293-fsv7b-60401721, networkLocation: /default-rack, certSerialId: null} reports an CLOSED replica.
2019-10-18 14:02:35,106 [EventQueue-ContainerReportForContainerReportHandler] WARN  container.ContainerReportHandler (AbstractContainerReportHandler.java:updateContainerState(145)) - Container #1 is in OPEN state, but the datanode 524d4c73-bbaf-4142-9273-d20c5a8628b4{ip: 192.168.69.124, host: pr-hdds-2293-fsv7b-60401721, networkLocation: /default-rack, certSerialId: null} reports an CLOSED replica.
2019-10-18 14:02:35,337 [EventQueue-ContainerReportForContainerReportHandler] WARN  container.ContainerReportHandler (AbstractContainerReportHandler.java:updateContainerState(145)) - Container #1 is in OPEN state, but the datanode 967a5d84-883e-4fc5-aa88-430cc6c4b93a{ip: 192.168.69.124, host: pr-hdds-2293-fsv7b-60401721, networkLocation: /default-rack, certSerialId: null} reports an CLOSED replica.
2019-10-18 14:02:35,407 [EventQueue-ContainerReportForContainerReportHandler] WARN  container.ContainerReportHandler (AbstractContainerReportHandler.java:updateContainerState(145)) - Container #1 is in OPEN state, but the datanode 524d4c73-bbaf-4142-9273-d20c5a8628b4{ip: 192.168.69.124, host: pr-hdds-2293-fsv7b-60401721, networkLocation: /default-rack, certSerialId: null} reports an CLOSED replica.
2019-10-18 14:02:35,538 [EventQueue-ContainerReportForContainerReportHandler] WARN  container.ContainerReportHandler (AbstractContainerReportHandler.java:updateContainerState(145)) - Container #1 is in OPEN state, but the datanode 967a5d84-883e-4fc5-aa88-430cc6c4b93a{ip: 192.168.69.124, host: pr-hdds-2293-fsv7b-60401721, networkLocation: /default-rack, certSerialId: null} reports an CLOSED replica.
2019-10-18 14:02:35,707 [EventQueue-ContainerReportForContainerReportHandler] WARN  container.ContainerReportHandler (AbstractContainerReportHandler.java:updateContainerState(145)) - Container #1 is in OPEN state, but the datanode 524d4c73-bbaf-4142-9273-d20c5a8628b4{ip: 192.168.69.124, host: pr-hdds-2293-fsv7b-60401721, networkLocation: /default-rack, certSerialId: null} reports an CLOSED replica.
2019-10-18 14:02:35,738 [EventQueue-ContainerReportForContainerReportHandler] WARN  container.ContainerReportHandler (AbstractContainerReportHandler.java:updateContainerState(145)) - Container #1 is in OPEN state, but the datanode 967a5d84-883e-4fc5-aa88-430cc6c4b93a{ip: 192.168.69.124, host: pr-hdds-2293-fsv7b-60401721, networkLocation: /default-rack, certSerialId: null} reports an CLOSED replica.
2019-10-18 14:02:35,906 [EventQueue-ContainerReportForContainerReportHandler] WARN  container.ContainerReportHandler (AbstractContainerReportHandler.java:updateContainerState(145)) - Container #1 is in OPEN state, but the datanode 524d4c73-bbaf-4142-9273-d20c5a8628b4{ip: 192.168.69.124, host: pr-hdds-2293-fsv7b-60401721, networkLocation: /default-rack, certSerialId: null} reports an CLOSED replica.
2019-10-18 14:02:35,969 [BlockDeletingService#0] WARN  background.BlockDeletingService (BlockDeletingService.java:isDeletionAllowed(187)) - Close Container log Index 6 is not replicated across allthe servers in the pipeline 08f27b3d-1876-4e46-af5a-1c08cd4f7525 as the min replicated index is 4. Deletion is not allowed in this container yet.
2019-10-18 14:02:35,969 [BlockDeletingService#2] WARN  background.BlockDeletingService (BlockDeletingService.java:isDeletionAllowed(187)) - Close Container log Index 6 is not replicated across allthe servers in the pipeline 08f27b3d-1876-4e46-af5a-1c08cd4f7525 as the min replicated index is 4. Deletion is not allowed in this container yet.
2019-10-18 14:02:36,038 [EventQueue-ContainerReportForContainerReportHandler] WARN  container.ContainerReportHandler (AbstractContainerReportHandler.java:updateContainerState(145)) - Container #1 is in OPEN state, but the datanode 967a5d84-883e-4fc5-aa88-430cc6c4b93a{ip: 192.168.69.124, host: pr-hdds-2293-fsv7b-60401721, networkLocation: /default-rack, certSerialId: null} reports an CLOSED replica.
2019-10-18 14:02:36,107 [EventQueue-ContainerReportForContainerReportHandler] WARN  container.ContainerReportHandler (AbstractContainerReportHandler.java:updateContainerState(145)) - Container #1 is in OPEN state, but the datanode 524d4c73-bbaf-4142-9273-d20c5a8628b4{ip: 192.168.69.124, host: pr-hdds-2293-fsv7b-60401721, networkLocation: /default-rack, certSerialId: null} reports an CLOSED replica.
2019-10-18 14:02:36,338 [EventQueue-ContainerReportForContainerReportHandler] WARN  container.ContainerReportHandler (AbstractContainerReportHandler.java:updateContainerState(145)) - Container #1 is in OPEN state, but the datanode 967a5d84-883e-4fc5-aa88-430cc6c4b93a{ip: 192.168.69.124, host: pr-hdds-2293-fsv7b-60401721, networkLocation: /default-rack, certSerialId: null} reports an CLOSED replica.
2019-10-18 14:02:36,508 [EventQueue-ContainerReportForContainerReportHandler] WARN  container.ContainerReportHandler (AbstractContainerReportHandler.java:updateContainerState(145)) - Container #1 is in OPEN state, but the datanode 524d4c73-bbaf-4142-9273-d20c5a8628b4{ip: 192.168.69.124, host: pr-hdds-2293-fsv7b-60401721, networkLocation: /default-rack, certSerialId: null} reports an CLOSED replica.
2019-10-18 14:02:36,634 [java.util.concurrent.ThreadPoolExecutor$Worker@3e376dad[State = -1, empty queue]] WARN  server.GrpcLogAppender (GrpcLogAppender.java:timeoutAppendRequest(209)) - 524d4c73-bbaf-4142-9273-d20c5a8628b4@group-1C08CD4F7525->0eccc4cb-77af-4c43-89bd-f01b83be0073-GrpcLogAppender: appendEntries Timeout, request=524d4c73-bbaf-4142-9273-d20c5a8628b4->0eccc4cb-77af-4c43-89bd-f01b83be0073#31-t2, previous=(t:2, i:10), leaderCommit=10, initializing? false, entries: <empty>
2019-10-18 14:02:36,739 [EventQueue-ContainerReportForContainerReportHandler] WARN  container.ContainerReportHandler (AbstractContainerReportHandler.java:updateContainerState(145)) - Container #1 is in OPEN state, but the datanode 967a5d84-883e-4fc5-aa88-430cc6c4b93a{ip: 192.168.69.124, host: pr-hdds-2293-fsv7b-60401721, networkLocation: /default-rack, certSerialId: null} reports an CLOSED replica.
2019-10-18 14:02:36,809 [EventQueue-ContainerReportForContainerReportHandler] WARN  container.ContainerReportHandler (AbstractContainerReportHandler.java:updateContainerState(145)) - Container #1 is in OPEN state, but the datanode 524d4c73-bbaf-4142-9273-d20c5a8628b4{ip: 192.168.69.124, host: pr-hdds-2293-fsv7b-60401721, networkLocation: /default-rack, certSerialId: null} reports an CLOSED replica.
2019-10-18 14:02:36,884 [Thread-372] INFO  client.GrpcClientProtocolService (GrpcClientProtocolService.java:lambda$processClientRequest$0(278)) - Failed RaftClientRequest:client-D27B19DE1784->524d4c73-bbaf-4142-9273-d20c5a8628b4@group-1C08CD4F7525, cid=10, seq=0, Watch-ALL_COMMITTED(6), Message:<EMPTY>, reply=RaftClientReply:client-D27B19DE1784->524d4c73-bbaf-4142-9273-d20c5a8628b4@group-1C08CD4F7525, cid=10, FAILED org.apache.ratis.protocol.NotReplicatedException: Request with call Id 10 and log index 6 is not yet replicated to ALL_COMMITTED, logIndex=6, commits[524d4c73-bbaf-4142-9273-d20c5a8628b4:c10, 967a5d84-883e-4fc5-aa88-430cc6c4b93a:c10, 0eccc4cb-77af-4c43-89bd-f01b83be0073:c4]
2019-10-18 14:02:36,940 [EventQueue-ContainerReportForContainerReportHandler] WARN  container.ContainerReportHandler (AbstractContainerReportHandler.java:updateContainerState(145)) - Container #1 is in OPEN state, but the datanode 967a5d84-883e-4fc5-aa88-430cc6c4b93a{ip: 192.168.69.124, host: pr-hdds-2293-fsv7b-60401721, networkLocation: /default-rack, certSerialId: null} reports an CLOSED replica.
2019-10-18 14:02:36,970 [BlockDeletingService#0] WARN  background.BlockDeletingService (BlockDeletingService.java:isDeletionAllowed(187)) - Close Container log Index 6 is not replicated across allthe servers in the pipeline 08f27b3d-1876-4e46-af5a-1c08cd4f7525 as the min replicated index is 4. Deletion is not allowed in this container yet.
2019-10-18 14:02:36,970 [BlockDeletingService#2] WARN  background.BlockDeletingService (BlockDeletingService.java:isDeletionAllowed(187)) - Close Container log Index 6 is not replicated across allthe servers in the pipeline 08f27b3d-1876-4e46-af5a-1c08cd4f7525 as the min replicated index is 4. Deletion is not allowed in this container yet.
2019-10-18 14:02:37,108 [EventQueue-ContainerReportForContainerReportHandler] WARN  container.ContainerReportHandler (AbstractContainerReportHandler.java:updateContainerState(145)) - Container #1 is in OPEN state, but the datanode 524d4c73-bbaf-4142-9273-d20c5a8628b4{ip: 192.168.69.124, host: pr-hdds-2293-fsv7b-60401721, networkLocation: /default-rack, certSerialId: null} reports an CLOSED replica.
2019-10-18 14:02:37,239 [EventQueue-ContainerReportForContainerReportHandler] WARN  container.ContainerReportHandler (AbstractContainerReportHandler.java:updateContainerState(145)) - Container #1 is in OPEN state, but the datanode 967a5d84-883e-4fc5-aa88-430cc6c4b93a{ip: 192.168.69.124, host: pr-hdds-2293-fsv7b-60401721, networkLocation: /default-rack, certSerialId: null} reports an CLOSED replica.
2019-10-18 14:02:37,410 [EventQueue-ContainerReportForContainerReportHandler] WARN  container.ContainerReportHandler (AbstractContainerReportHandler.java:updateContainerState(145)) - Container #1 is in OPEN state, but the datanode 524d4c73-bbaf-4142-9273-d20c5a8628b4{ip: 192.168.69.124, host: pr-hdds-2293-fsv7b-60401721, networkLocation: /default-rack, certSerialId: null} reports an CLOSED replica.
2019-10-18 14:02:37,539 [EventQueue-ContainerReportForContainerReportHandler] WARN  container.ContainerReportHandler (AbstractContainerReportHandler.java:updateContainerState(145)) - Container #1 is in OPEN state, but the datanode 967a5d84-883e-4fc5-aa88-430cc6c4b93a{ip: 192.168.69.124, host: pr-hdds-2293-fsv7b-60401721, networkLocation: /default-rack, certSerialId: null} reports an CLOSED replica.
2019-10-18 14:02:37,739 [EventQueue-ContainerReportForContainerReportHandler] WARN  container.ContainerReportHandler (AbstractContainerReportHandler.java:updateContainerState(145)) - Container #1 is in OPEN state, but the datanode 967a5d84-883e-4fc5-aa88-430cc6c4b93a{ip: 192.168.69.124, host: pr-hdds-2293-fsv7b-60401721, networkLocation: /default-rack, certSerialId: null} reports an CLOSED replica.
2019-10-18 14:02:37,810 [EventQueue-ContainerReportForContainerReportHandler] WARN  container.ContainerReportHandler (AbstractContainerReportHandler.java:updateContainerState(145)) - Container #1 is in OPEN state, but the datanode 524d4c73-bbaf-4142-9273-d20c5a8628b4{ip: 192.168.69.124, host: pr-hdds-2293-fsv7b-60401721, networkLocation: /default-rack, certSerialId: null} reports an CLOSED replica.
2019-10-18 14:02:37,974 [BlockDeletingService#0] WARN  background.BlockDeletingService (BlockDeletingService.java:isDeletionAllowed(187)) - Close Container log Index 6 is not replicated across allthe servers in the pipeline 08f27b3d-1876-4e46-af5a-1c08cd4f7525 as the min replicated index is 4. Deletion is not allowed in this container yet.
2019-10-18 14:02:37,974 [BlockDeletingService#2] WARN  background.BlockDeletingService (BlockDeletingService.java:isDeletionAllowed(187)) - Close Container log Index 6 is not replicated across allthe servers in the pipeline 08f27b3d-1876-4e46-af5a-1c08cd4f7525 as the min replicated index is 4. Deletion is not allowed in this container yet.
2019-10-18 14:02:38,039 [EventQueue-ContainerReportForContainerReportHandler] WARN  container.ContainerReportHandler (AbstractContainerReportHandler.java:updateContainerState(145)) - Container #1 is in OPEN state, but the datanode 967a5d84-883e-4fc5-aa88-430cc6c4b93a{ip: 192.168.69.124, host: pr-hdds-2293-fsv7b-60401721, networkLocation: /default-rack, certSerialId: null} reports an CLOSED replica.
2019-10-18 14:02:38,210 [EventQueue-ContainerReportForContainerReportHandler] WARN  container.ContainerReportHandler (AbstractContainerReportHandler.java:updateContainerState(145)) - Container #1 is in OPEN state, but the datanode 524d4c73-bbaf-4142-9273-d20c5a8628b4{ip: 192.168.69.124, host: pr-hdds-2293-fsv7b-60401721, networkLocation: /default-rack, certSerialId: null} reports an CLOSED replica.
2019-10-18 14:02:38,340 [EventQueue-ContainerReportForContainerReportHandler] WARN  container.ContainerReportHandler (AbstractContainerReportHandler.java:updateContainerState(145)) - Container #1 is in OPEN state, but the datanode 967a5d84-883e-4fc5-aa88-430cc6c4b93a{ip: 192.168.69.124, host: pr-hdds-2293-fsv7b-60401721, networkLocation: /default-rack, certSerialId: null} reports an CLOSED replica.
2019-10-18 14:02:38,511 [EventQueue-ContainerReportForContainerReportHandler] WARN  container.ContainerReportHandler (AbstractContainerReportHandler.java:updateContainerState(145)) - Container #1 is in OPEN state, but the datanode 524d4c73-bbaf-4142-9273-d20c5a8628b4{ip: 192.168.69.124, host: pr-hdds-2293-fsv7b-60401721, networkLocation: /default-rack, certSerialId: null} reports an CLOSED replica.
2019-10-18 14:02:38,739 [EventQueue-ContainerReportForContainerReportHandler] WARN  container.ContainerReportHandler (AbstractContainerReportHandler.java:updateContainerState(145)) - Container #1 is in OPEN state, but the datanode 967a5d84-883e-4fc5-aa88-430cc6c4b93a{ip: 192.168.69.124, host: pr-hdds-2293-fsv7b-60401721, networkLocation: /default-rack, certSerialId: null} reports an CLOSED replica.
2019-10-18 14:02:38,810 [EventQueue-ContainerReportForContainerReportHandler] WARN  container.ContainerReportHandler (AbstractContainerReportHandler.java:updateContainerState(145)) - Container #1 is in OPEN state, but the datanode 524d4c73-bbaf-4142-9273-d20c5a8628b4{ip: 192.168.69.124, host: pr-hdds-2293-fsv7b-60401721, networkLocation: /default-rack, certSerialId: null} reports an CLOSED replica.
2019-10-18 14:02:38,977 [BlockDeletingService#2] WARN  background.BlockDeletingService (BlockDeletingService.java:isDeletionAllowed(187)) - Close Container log Index 6 is not replicated across allthe servers in the pipeline 08f27b3d-1876-4e46-af5a-1c08cd4f7525 as the min replicated index is 4. Deletion is not allowed in this container yet.
2019-10-18 14:02:38,977 [BlockDeletingService#0] WARN  background.BlockDeletingService (BlockDeletingService.java:isDeletionAllowed(187)) - Close Container log Index 6 is not replicated across allthe servers in the pipeline 08f27b3d-1876-4e46-af5a-1c08cd4f7525 as the min replicated index is 4. Deletion is not allowed in this container yet.
2019-10-18 14:02:39,010 [EventQueue-ContainerReportForContainerReportHandler] WARN  container.ContainerReportHandler (AbstractContainerReportHandler.java:updateContainerState(145)) - Container #1 is in OPEN state, but the datanode 524d4c73-bbaf-4142-9273-d20c5a8628b4{ip: 192.168.69.124, host: pr-hdds-2293-fsv7b-60401721, networkLocation: /default-rack, certSerialId: null} reports an CLOSED replica.
2019-10-18 14:02:39,135 [java.util.concurrent.ThreadPoolExecutor$Worker@3e376dad[State = -1, empty queue]] WARN  server.GrpcLogAppender (GrpcLogAppender.java:timeoutAppendRequest(209)) - 524d4c73-bbaf-4142-9273-d20c5a8628b4@group-1C08CD4F7525->0eccc4cb-77af-4c43-89bd-f01b83be0073-GrpcLogAppender: appendEntries Timeout, request=524d4c73-bbaf-4142-9273-d20c5a8628b4->0eccc4cb-77af-4c43-89bd-f01b83be0073#32-t2, previous=(t:2, i:10), leaderCommit=10, initializing? false, entries: <empty>
2019-10-18 14:02:39,140 [EventQueue-ContainerReportForContainerReportHandler] WARN  container.ContainerReportHandler (AbstractContainerReportHandler.java:updateContainerState(145)) - Container #1 is in OPEN state, but the datanode 967a5d84-883e-4fc5-aa88-430cc6c4b93a{ip: 192.168.69.124, host: pr-hdds-2293-fsv7b-60401721, networkLocation: /default-rack, certSerialId: null} reports an CLOSED replica.
2019-10-18 14:02:39,317 [EventQueue-ContainerReportForContainerReportHandler] WARN  container.ContainerReportHandler (AbstractContainerReportHandler.java:updateContainerState(145)) - Container #1 is in OPEN state, but the datanode 524d4c73-bbaf-4142-9273-d20c5a8628b4{ip: 192.168.69.124, host: pr-hdds-2293-fsv7b-60401721, networkLocation: /default-rack, certSerialId: null} reports an CLOSED replica.
2019-10-18 14:02:39,339 [EventQueue-ContainerReportForContainerReportHandler] WARN  container.ContainerReportHandler (AbstractContainerReportHandler.java:updateContainerState(145)) - Container #1 is in OPEN state, but the datanode 967a5d84-883e-4fc5-aa88-430cc6c4b93a{ip: 192.168.69.124, host: pr-hdds-2293-fsv7b-60401721, networkLocation: /default-rack, certSerialId: null} reports an CLOSED replica.
2019-10-18 14:02:39,513 [EventQueue-ContainerReportForContainerReportHandler] WARN  container.ContainerReportHandler (AbstractContainerReportHandler.java:updateContainerState(145)) - Container #1 is in OPEN state, but the datanode 524d4c73-bbaf-4142-9273-d20c5a8628b4{ip: 192.168.69.124, host: pr-hdds-2293-fsv7b-60401721, networkLocation: /default-rack, certSerialId: null} reports an CLOSED replica.
2019-10-18 14:02:39,639 [EventQueue-ContainerReportForContainerReportHandler] WARN  container.ContainerReportHandler (AbstractContainerReportHandler.java:updateContainerState(145)) - Container #1 is in OPEN state, but the datanode 967a5d84-883e-4fc5-aa88-430cc6c4b93a{ip: 192.168.69.124, host: pr-hdds-2293-fsv7b-60401721, networkLocation: /default-rack, certSerialId: null} reports an CLOSED replica.
2019-10-18 14:02:39,815 [EventQueue-ContainerReportForContainerReportHandler] WARN  container.ContainerReportHandler (AbstractContainerReportHandler.java:updateContainerState(145)) - Container #1 is in OPEN state, but the datanode 524d4c73-bbaf-4142-9273-d20c5a8628b4{ip: 192.168.69.124, host: pr-hdds-2293-fsv7b-60401721, networkLocation: /default-rack, certSerialId: null} reports an CLOSED replica.
2019-10-18 14:02:39,941 [EventQueue-ContainerReportForContainerReportHandler] WARN  container.ContainerReportHandler (AbstractContainerReportHandler.java:updateContainerState(145)) - Container #1 is in OPEN state, but the datanode 967a5d84-883e-4fc5-aa88-430cc6c4b93a{ip: 192.168.69.124, host: pr-hdds-2293-fsv7b-60401721, networkLocation: /default-rack, certSerialId: null} reports an CLOSED replica.
2019-10-18 14:02:39,980 [BlockDeletingService#2] WARN  background.BlockDeletingService (BlockDeletingService.java:isDeletionAllowed(187)) - Close Container log Index 6 is not replicated across allthe servers in the pipeline 08f27b3d-1876-4e46-af5a-1c08cd4f7525 as the min replicated index is 4. Deletion is not allowed in this container yet.
2019-10-18 14:02:39,980 [BlockDeletingService#0] WARN  background.BlockDeletingService (BlockDeletingService.java:isDeletionAllowed(187)) - Close Container log Index 6 is not replicated across allthe servers in the pipeline 08f27b3d-1876-4e46-af5a-1c08cd4f7525 as the min replicated index is 4. Deletion is not allowed in this container yet.
2019-10-18 14:02:40,016 [EventQueue-ContainerReportForContainerReportHandler] WARN  container.ContainerReportHandler (AbstractContainerReportHandler.java:updateContainerState(145)) - Container #1 is in OPEN state, but the datanode 524d4c73-bbaf-4142-9273-d20c5a8628b4{ip: 192.168.69.124, host: pr-hdds-2293-fsv7b-60401721, networkLocation: /default-rack, certSerialId: null} reports an CLOSED replica.
2019-10-18 14:02:40,216 [EventQueue-ContainerReportForContainerReportHandler] WARN  container.ContainerReportHandler (AbstractContainerReportHandler.java:updateContainerState(145)) - Container #1 is in OPEN state, but the datanode 524d4c73-bbaf-4142-9273-d20c5a8628b4{ip: 192.168.69.124, host: pr-hdds-2293-fsv7b-60401721, networkLocation: /default-rack, certSerialId: null} reports an CLOSED replica.
2019-10-18 14:02:40,340 [EventQueue-ContainerReportForContainerReportHandler] WARN  container.ContainerReportHandler (AbstractContainerReportHandler.java:updateContainerState(145)) - Container #1 is in OPEN state, but the datanode 967a5d84-883e-4fc5-aa88-430cc6c4b93a{ip: 192.168.69.124, host: pr-hdds-2293-fsv7b-60401721, networkLocation: /default-rack, certSerialId: null} reports an CLOSED replica.
2019-10-18 14:02:40,515 [EventQueue-ContainerReportForContainerReportHandler] WARN  container.ContainerReportHandler (AbstractContainerReportHandler.java:updateContainerState(145)) - Container #1 is in OPEN state, but the datanode 524d4c73-bbaf-4142-9273-d20c5a8628b4{ip: 192.168.69.124, host: pr-hdds-2293-fsv7b-60401721, networkLocation: /default-rack, certSerialId: null} reports an CLOSED replica.
2019-10-18 14:02:40,642 [EventQueue-ContainerReportForContainerReportHandler] WARN  container.ContainerReportHandler (AbstractContainerReportHandler.java:updateContainerState(145)) - Container #1 is in OPEN state, but the datanode 967a5d84-883e-4fc5-aa88-430cc6c4b93a{ip: 192.168.69.124, host: pr-hdds-2293-fsv7b-60401721, networkLocation: /default-rack, certSerialId: null} reports an CLOSED replica.
2019-10-18 14:02:40,715 [EventQueue-ContainerReportForContainerReportHandler] WARN  container.ContainerReportHandler (AbstractContainerReportHandler.java:updateContainerState(145)) - Container #1 is in OPEN state, but the datanode 524d4c73-bbaf-4142-9273-d20c5a8628b4{ip: 192.168.69.124, host: pr-hdds-2293-fsv7b-60401721, networkLocation: /default-rack, certSerialId: null} reports an CLOSED replica.
2019-10-18 14:02:40,981 [BlockDeletingService#2] WARN  background.BlockDeletingService (BlockDeletingService.java:isDeletionAllowed(187)) - Close Container log Index 6 is not replicated across allthe servers in the pipeline 08f27b3d-1876-4e46-af5a-1c08cd4f7525 as the min replicated index is 4. Deletion is not allowed in this container yet.
2019-10-18 14:02:40,982 [BlockDeletingService#0] WARN  background.BlockDeletingService (BlockDeletingService.java:isDeletionAllowed(187)) - Close Container log Index 6 is not replicated across allthe servers in the pipeline 08f27b3d-1876-4e46-af5a-1c08cd4f7525 as the min replicated index is 4. Deletion is not allowed in this container yet.
2019-10-18 14:02:41,042 [EventQueue-ContainerReportForContainerReportHandler] WARN  container.ContainerReportHandler (AbstractContainerReportHandler.java:updateContainerState(145)) - Container #1 is in OPEN state, but the datanode 967a5d84-883e-4fc5-aa88-430cc6c4b93a{ip: 192.168.69.124, host: pr-hdds-2293-fsv7b-60401721, networkLocation: /default-rack, certSerialId: null} reports an CLOSED replica.
2019-10-18 14:02:41,116 [EventQueue-ContainerReportForContainerReportHandler] WARN  container.ContainerReportHandler (AbstractContainerReportHandler.java:updateContainerState(145)) - Container #1 is in OPEN state, but the datanode 524d4c73-bbaf-4142-9273-d20c5a8628b4{ip: 192.168.69.124, host: pr-hdds-2293-fsv7b-60401721, networkLocation: /default-rack, certSerialId: null} reports an CLOSED replica.
2019-10-18 14:02:41,241 [EventQueue-ContainerReportForContainerReportHandler] WARN  container.ContainerReportHandler (AbstractContainerReportHandler.java:updateContainerState(145)) - Container #1 is in OPEN state, but the datanode 967a5d84-883e-4fc5-aa88-430cc6c4b93a{ip: 192.168.69.124, host: pr-hdds-2293-fsv7b-60401721, networkLocation: /default-rack, certSerialId: null} reports an CLOSED replica.
2019-10-18 14:02:41,317 [EventQueue-ContainerReportForContainerReportHandler] WARN  container.ContainerReportHandler (AbstractContainerReportHandler.java:updateContainerState(145)) - Container #1 is in OPEN state, but the datanode 524d4c73-bbaf-4142-9273-d20c5a8628b4{ip: 192.168.69.124, host: pr-hdds-2293-fsv7b-60401721, networkLocation: /default-rack, certSerialId: null} reports an CLOSED replica.
2019-10-18 14:02:41,542 [EventQueue-ContainerReportForContainerReportHandler] WARN  container.ContainerReportHandler (AbstractContainerReportHandler.java:updateContainerState(145)) - Container #1 is in OPEN state, but the datanode 967a5d84-883e-4fc5-aa88-430cc6c4b93a{ip: 192.168.69.124, host: pr-hdds-2293-fsv7b-60401721, networkLocation: /default-rack, certSerialId: null} reports an CLOSED replica.
2019-10-18 14:02:41,618 [EventQueue-ContainerReportForContainerReportHandler] WARN  container.ContainerReportHandler (AbstractContainerReportHandler.java:updateContainerState(145)) - Container #1 is in OPEN state, but the datanode 524d4c73-bbaf-4142-9273-d20c5a8628b4{ip: 192.168.69.124, host: pr-hdds-2293-fsv7b-60401721, networkLocation: /default-rack, certSerialId: null} reports an CLOSED replica.
2019-10-18 14:02:41,636 [java.util.concurrent.ThreadPoolExecutor$Worker@3e376dad[State = -1, empty queue]] WARN  server.GrpcLogAppender (GrpcLogAppender.java:timeoutAppendRequest(209)) - 524d4c73-bbaf-4142-9273-d20c5a8628b4@group-1C08CD4F7525->0eccc4cb-77af-4c43-89bd-f01b83be0073-GrpcLogAppender: appendEntries Timeout, request=524d4c73-bbaf-4142-9273-d20c5a8628b4->0eccc4cb-77af-4c43-89bd-f01b83be0073#33-t2, previous=(t:2, i:10), leaderCommit=10, initializing? false, entries: <empty>
2019-10-18 14:02:41,842 [EventQueue-ContainerReportForContainerReportHandler] WARN  container.ContainerReportHandler (AbstractContainerReportHandler.java:updateContainerState(145)) - Container #1 is in OPEN state, but the datanode 967a5d84-883e-4fc5-aa88-430cc6c4b93a{ip: 192.168.69.124, host: pr-hdds-2293-fsv7b-60401721, networkLocation: /default-rack, certSerialId: null} reports an CLOSED replica.
2019-10-18 14:02:41,918 [EventQueue-ContainerReportForContainerReportHandler] WARN  container.ContainerReportHandler (AbstractContainerReportHandler.java:updateContainerState(145)) - Container #1 is in OPEN state, but the datanode 524d4c73-bbaf-4142-9273-d20c5a8628b4{ip: 192.168.69.124, host: pr-hdds-2293-fsv7b-60401721, networkLocation: /default-rack, certSerialId: null} reports an CLOSED replica.
2019-10-18 14:02:41,985 [BlockDeletingService#0] WARN  background.BlockDeletingService (BlockDeletingService.java:isDeletionAllowed(187)) - Close Container log Index 6 is not replicated across allthe servers in the pipeline 08f27b3d-1876-4e46-af5a-1c08cd4f7525 as the min replicated index is 4. Deletion is not allowed in this container yet.
2019-10-18 14:02:41,985 [BlockDeletingService#2] WARN  background.BlockDeletingService (BlockDeletingService.java:isDeletionAllowed(187)) - Close Container log Index 6 is not replicated across allthe servers in the pipeline 08f27b3d-1876-4e46-af5a-1c08cd4f7525 as the min replicated index is 4. Deletion is not allowed in this container yet.
2019-10-18 14:02:42,143 [EventQueue-ContainerReportForContainerReportHandler] WARN  container.ContainerReportHandler (AbstractContainerReportHandler.java:updateContainerState(145)) - Container #1 is in OPEN state, but the datanode 967a5d84-883e-4fc5-aa88-430cc6c4b93a{ip: 192.168.69.124, host: pr-hdds-2293-fsv7b-60401721, networkLocation: /default-rack, certSerialId: null} reports an CLOSED replica.
2019-10-18 14:02:42,218 [EventQueue-ContainerReportForContainerReportHandler] WARN  container.ContainerReportHandler (AbstractContainerReportHandler.java:updateContainerState(145)) - Container #1 is in OPEN state, but the datanode 524d4c73-bbaf-4142-9273-d20c5a8628b4{ip: 192.168.69.124, host: pr-hdds-2293-fsv7b-60401721, networkLocation: /default-rack, certSerialId: null} reports an CLOSED replica.
2019-10-18 14:02:42,342 [EventQueue-ContainerReportForContainerReportHandler] WARN  container.ContainerReportHandler (AbstractContainerReportHandler.java:updateContainerState(145)) - Container #1 is in OPEN state, but the datanode 967a5d84-883e-4fc5-aa88-430cc6c4b93a{ip: 192.168.69.124, host: pr-hdds-2293-fsv7b-60401721, networkLocation: /default-rack, certSerialId: null} reports an CLOSED replica.
2019-10-18 14:02:42,518 [EventQueue-ContainerReportForContainerReportHandler] WARN  container.ContainerReportHandler (AbstractContainerReportHandler.java:updateContainerState(145)) - Container #1 is in OPEN state, but the datanode 524d4c73-bbaf-4142-9273-d20c5a8628b4{ip: 192.168.69.124, host: pr-hdds-2293-fsv7b-60401721, networkLocation: /default-rack, certSerialId: null} reports an CLOSED replica.
2019-10-18 14:02:42,743 [EventQueue-ContainerReportForContainerReportHandler] WARN  container.ContainerReportHandler (AbstractContainerReportHandler.java:updateContainerState(145)) - Container #1 is in OPEN state, but the datanode 967a5d84-883e-4fc5-aa88-430cc6c4b93a{ip: 192.168.69.124, host: pr-hdds-2293-fsv7b-60401721, networkLocation: /default-rack, certSerialId: null} reports an CLOSED replica.
2019-10-18 14:02:42,819 [EventQueue-ContainerReportForContainerReportHandler] WARN  container.ContainerReportHandler (AbstractContainerReportHandler.java:updateContainerState(145)) - Container #1 is in OPEN state, but the datanode 524d4c73-bbaf-4142-9273-d20c5a8628b4{ip: 192.168.69.124, host: pr-hdds-2293-fsv7b-60401721, networkLocation: /default-rack, certSerialId: null} reports an CLOSED replica.
2019-10-18 14:02:42,987 [BlockDeletingService#0] WARN  background.BlockDeletingService (BlockDeletingService.java:isDeletionAllowed(187)) - Close Container log Index 6 is not replicated across allthe servers in the pipeline 08f27b3d-1876-4e46-af5a-1c08cd4f7525 as the min replicated index is 4. Deletion is not allowed in this container yet.
2019-10-18 14:02:42,987 [BlockDeletingService#2] WARN  background.BlockDeletingService (BlockDeletingService.java:isDeletionAllowed(187)) - Close Container log Index 6 is not replicated across allthe servers in the pipeline 08f27b3d-1876-4e46-af5a-1c08cd4f7525 as the min replicated index is 4. Deletion is not allowed in this container yet.
2019-10-18 14:02:43,120 [EventQueue-ContainerReportForContainerReportHandler] WARN  container.ContainerReportHandler (AbstractContainerReportHandler.java:updateContainerState(145)) - Container #1 is in OPEN state, but the datanode 524d4c73-bbaf-4142-9273-d20c5a8628b4{ip: 192.168.69.124, host: pr-hdds-2293-fsv7b-60401721, networkLocation: /default-rack, certSerialId: null} reports an CLOSED replica.
2019-10-18 14:02:43,143 [EventQueue-ContainerReportForContainerReportHandler] WARN  container.ContainerReportHandler (AbstractContainerReportHandler.java:updateContainerState(145)) - Container #1 is in OPEN state, but the datanode 967a5d84-883e-4fc5-aa88-430cc6c4b93a{ip: 192.168.69.124, host: pr-hdds-2293-fsv7b-60401721, networkLocation: /default-rack, certSerialId: null} reports an CLOSED replica.
2019-10-18 14:02:43,421 [EventQueue-ContainerReportForContainerReportHandler] WARN  container.ContainerReportHandler (AbstractContainerReportHandler.java:updateContainerState(145)) - Container #1 is in OPEN state, but the datanode 524d4c73-bbaf-4142-9273-d20c5a8628b4{ip: 192.168.69.124, host: pr-hdds-2293-fsv7b-60401721, networkLocation: /default-rack, certSerialId: null} reports an CLOSED replica.
2019-10-18 14:02:43,443 [EventQueue-ContainerReportForContainerReportHandler] WARN  container.ContainerReportHandler (AbstractContainerReportHandler.java:updateContainerState(145)) - Container #1 is in OPEN state, but the datanode 967a5d84-883e-4fc5-aa88-430cc6c4b93a{ip: 192.168.69.124, host: pr-hdds-2293-fsv7b-60401721, networkLocation: /default-rack, certSerialId: null} reports an CLOSED replica.
2019-10-18 14:02:43,621 [EventQueue-ContainerReportForContainerReportHandler] WARN  container.ContainerReportHandler (AbstractContainerReportHandler.java:updateContainerState(145)) - Container #1 is in OPEN state, but the datanode 524d4c73-bbaf-4142-9273-d20c5a8628b4{ip: 192.168.69.124, host: pr-hdds-2293-fsv7b-60401721, networkLocation: /default-rack, certSerialId: null} reports an CLOSED replica.
2019-10-18 14:02:43,643 [EventQueue-ContainerReportForContainerReportHandler] WARN  container.ContainerReportHandler (AbstractContainerReportHandler.java:updateContainerState(145)) - Container #1 is in OPEN state, but the datanode 967a5d84-883e-4fc5-aa88-430cc6c4b93a{ip: 192.168.69.124, host: pr-hdds-2293-fsv7b-60401721, networkLocation: /default-rack, certSerialId: null} reports an CLOSED replica.
2019-10-18 14:02:43,922 [EventQueue-ContainerReportForContainerReportHandler] WARN  container.ContainerReportHandler (AbstractContainerReportHandler.java:updateContainerState(145)) - Container #1 is in OPEN state, but the datanode 524d4c73-bbaf-4142-9273-d20c5a8628b4{ip: 192.168.69.124, host: pr-hdds-2293-fsv7b-60401721, networkLocation: /default-rack, certSerialId: null} reports an CLOSED replica.
2019-10-18 14:02:43,943 [EventQueue-ContainerReportForContainerReportHandler] WARN  container.ContainerReportHandler (AbstractContainerReportHandler.java:updateContainerState(145)) - Container #1 is in OPEN state, but the datanode 967a5d84-883e-4fc5-aa88-430cc6c4b93a{ip: 192.168.69.124, host: pr-hdds-2293-fsv7b-60401721, networkLocation: /default-rack, certSerialId: null} reports an CLOSED replica.
2019-10-18 14:02:43,989 [BlockDeletingService#2] WARN  background.BlockDeletingService (BlockDeletingService.java:isDeletionAllowed(187)) - Close Container log Index 6 is not replicated across allthe servers in the pipeline 08f27b3d-1876-4e46-af5a-1c08cd4f7525 as the min replicated index is 4. Deletion is not allowed in this container yet.
2019-10-18 14:02:43,989 [BlockDeletingService#0] WARN  background.BlockDeletingService (BlockDeletingService.java:isDeletionAllowed(187)) - Close Container log Index 6 is not replicated across allthe servers in the pipeline 08f27b3d-1876-4e46-af5a-1c08cd4f7525 as the min replicated index is 4. Deletion is not allowed in this container yet.
2019-10-18 14:02:44,138 [java.util.concurrent.ThreadPoolExecutor$Worker@3e376dad[State = -1, empty queue]] WARN  server.GrpcLogAppender (GrpcLogAppender.java:timeoutAppendRequest(209)) - 524d4c73-bbaf-4142-9273-d20c5a8628b4@group-1C08CD4F7525->0eccc4cb-77af-4c43-89bd-f01b83be0073-GrpcLogAppender: appendEntries Timeout, request=524d4c73-bbaf-4142-9273-d20c5a8628b4->0eccc4cb-77af-4c43-89bd-f01b83be0073#34-t2, previous=(t:2, i:10), leaderCommit=10, initializing? false, entries: <empty>
2019-10-18 14:02:44,324 [EventQueue-ContainerReportForContainerReportHandler] WARN  container.ContainerReportHandler (AbstractContainerReportHandler.java:updateContainerState(145)) - Container #1 is in OPEN state, but the datanode 524d4c73-bbaf-4142-9273-d20c5a8628b4{ip: 192.168.69.124, host: pr-hdds-2293-fsv7b-60401721, networkLocation: /default-rack, certSerialId: null} reports an CLOSED replica.
2019-10-18 14:02:44,343 [EventQueue-ContainerReportForContainerReportHandler] WARN  container.ContainerReportHandler (AbstractContainerReportHandler.java:updateContainerState(145)) - Container #1 is in OPEN state, but the datanode 967a5d84-883e-4fc5-aa88-430cc6c4b93a{ip: 192.168.69.124, host: pr-hdds-2293-fsv7b-60401721, networkLocation: /default-rack, certSerialId: null} reports an CLOSED replica.
2019-10-18 14:02:44,643 [EventQueue-ContainerReportForContainerReportHandler] WARN  container.ContainerReportHandler (AbstractContainerReportHandler.java:updateContainerState(145)) - Container #1 is in OPEN state, but the datanode 967a5d84-883e-4fc5-aa88-430cc6c4b93a{ip: 192.168.69.124, host: pr-hdds-2293-fsv7b-60401721, networkLocation: /default-rack, certSerialId: null} reports an CLOSED replica.
2019-10-18 14:02:44,724 [EventQueue-ContainerReportForContainerReportHandler] WARN  container.ContainerReportHandler (AbstractContainerReportHandler.java:updateContainerState(145)) - Container #1 is in OPEN state, but the datanode 524d4c73-bbaf-4142-9273-d20c5a8628b4{ip: 192.168.69.124, host: pr-hdds-2293-fsv7b-60401721, networkLocation: /default-rack, certSerialId: null} reports an CLOSED replica.
2019-10-18 14:02:44,924 [EventQueue-ContainerReportForContainerReportHandler] WARN  container.ContainerReportHandler (AbstractContainerReportHandler.java:updateContainerState(145)) - Container #1 is in OPEN state, but the datanode 524d4c73-bbaf-4142-9273-d20c5a8628b4{ip: 192.168.69.124, host: pr-hdds-2293-fsv7b-60401721, networkLocation: /default-rack, certSerialId: null} reports an CLOSED replica.
2019-10-18 14:02:44,991 [BlockDeletingService#2] WARN  background.BlockDeletingService (BlockDeletingService.java:isDeletionAllowed(187)) - Close Container log Index 6 is not replicated across allthe servers in the pipeline 08f27b3d-1876-4e46-af5a-1c08cd4f7525 as the min replicated index is 4. Deletion is not allowed in this container yet.
2019-10-18 14:02:44,991 [BlockDeletingService#0] WARN  background.BlockDeletingService (BlockDeletingService.java:isDeletionAllowed(187)) - Close Container log Index 6 is not replicated across allthe servers in the pipeline 08f27b3d-1876-4e46-af5a-1c08cd4f7525 as the min replicated index is 4. Deletion is not allowed in this container yet.
2019-10-18 14:02:45,043 [EventQueue-ContainerReportForContainerReportHandler] WARN  container.ContainerReportHandler (AbstractContainerReportHandler.java:updateContainerState(145)) - Container #1 is in OPEN state, but the datanode 967a5d84-883e-4fc5-aa88-430cc6c4b93a{ip: 192.168.69.124, host: pr-hdds-2293-fsv7b-60401721, networkLocation: /default-rack, certSerialId: null} reports an CLOSED replica.
2019-10-18 14:02:45,126 [EventQueue-ContainerReportForContainerReportHandler] WARN  container.ContainerReportHandler (AbstractContainerReportHandler.java:updateContainerState(145)) - Container #1 is in OPEN state, but the datanode 524d4c73-bbaf-4142-9273-d20c5a8628b4{ip: 192.168.69.124, host: pr-hdds-2293-fsv7b-60401721, networkLocation: /default-rack, certSerialId: null} reports an CLOSED replica.
2019-10-18 14:02:45,423 [EventQueue-ContainerReportForContainerReportHandler] WARN  container.ContainerReportHandler (AbstractContainerReportHandler.java:updateContainerState(145)) - Container #1 is in OPEN state, but the datanode 524d4c73-bbaf-4142-9273-d20c5a8628b4{ip: 192.168.69.124, host: pr-hdds-2293-fsv7b-60401721, networkLocation: /default-rack, certSerialId: null} reports an CLOSED replica.
2019-10-18 14:02:45,443 [EventQueue-ContainerReportForContainerReportHandler] WARN  container.ContainerReportHandler (AbstractContainerReportHandler.java:updateContainerState(145)) - Container #1 is in OPEN state, but the datanode 967a5d84-883e-4fc5-aa88-430cc6c4b93a{ip: 192.168.69.124, host: pr-hdds-2293-fsv7b-60401721, networkLocation: /default-rack, certSerialId: null} reports an CLOSED replica.
2019-10-18 14:02:45,666 [Thread-396] INFO  client.GrpcClientProtocolService (GrpcClientProtocolService.java:lambda$processClientRequest$0(278)) - Failed RaftClientRequest:client-D27B19DE1784->967a5d84-883e-4fc5-aa88-430cc6c4b93a@group-1C08CD4F7525, cid=10, seq=0, Watch-ALL_COMMITTED(6), Message:<EMPTY>, reply=RaftClientReply:client-D27B19DE1784->967a5d84-883e-4fc5-aa88-430cc6c4b93a@group-1C08CD4F7525, cid=10, FAILED org.apache.ratis.protocol.NotLeaderException: Server 967a5d84-883e-4fc5-aa88-430cc6c4b93a@group-1C08CD4F7525 is not the leader 524d4c73-bbaf-4142-9273-d20c5a8628b4:192.168.69.124:36511, logIndex=0, commits[967a5d84-883e-4fc5-aa88-430cc6c4b93a:c10, 524d4c73-bbaf-4142-9273-d20c5a8628b4:c10, 0eccc4cb-77af-4c43-89bd-f01b83be0073:c4]
2019-10-18 14:02:45,744 [EventQueue-ContainerReportForContainerReportHandler] WARN  container.ContainerReportHandler (AbstractContainerReportHandler.java:updateContainerState(145)) - Container #1 is in OPEN state, but the datanode 967a5d84-883e-4fc5-aa88-430cc6c4b93a{ip: 192.168.69.124, host: pr-hdds-2293-fsv7b-60401721, networkLocation: /default-rack, certSerialId: null} reports an CLOSED replica.
2019-10-18 14:02:45,825 [EventQueue-ContainerReportForContainerReportHandler] WARN  container.ContainerReportHandler (AbstractContainerReportHandler.java:updateContainerState(145)) - Container #1 is in OPEN state, but the datanode 524d4c73-bbaf-4142-9273-d20c5a8628b4{ip: 192.168.69.124, host: pr-hdds-2293-fsv7b-60401721, networkLocation: /default-rack, certSerialId: null} reports an CLOSED replica.
2019-10-18 14:02:45,993 [BlockDeletingService#2] WARN  background.BlockDeletingService (BlockDeletingService.java:isDeletionAllowed(187)) - Close Container log Index 6 is not replicated across allthe servers in the pipeline 08f27b3d-1876-4e46-af5a-1c08cd4f7525 as the min replicated index is 4. Deletion is not allowed in this container yet.
2019-10-18 14:02:45,993 [BlockDeletingService#0] WARN  background.BlockDeletingService (BlockDeletingService.java:isDeletionAllowed(187)) - Close Container log Index 6 is not replicated across allthe servers in the pipeline 08f27b3d-1876-4e46-af5a-1c08cd4f7525 as the min replicated index is 4. Deletion is not allowed in this container yet.
2019-10-18 14:02:46,025 [EventQueue-ContainerReportForContainerReportHandler] WARN  container.ContainerReportHandler (AbstractContainerReportHandler.java:updateContainerState(145)) - Container #1 is in OPEN state, but the datanode 524d4c73-bbaf-4142-9273-d20c5a8628b4{ip: 192.168.69.124, host: pr-hdds-2293-fsv7b-60401721, networkLocation: /default-rack, certSerialId: null} reports an CLOSED replica.
2019-10-18 14:02:46,144 [EventQueue-ContainerReportForContainerReportHandler] WARN  container.ContainerReportHandler (AbstractContainerReportHandler.java:updateContainerState(145)) - Container #1 is in OPEN state, but the datanode 967a5d84-883e-4fc5-aa88-430cc6c4b93a{ip: 192.168.69.124, host: pr-hdds-2293-fsv7b-60401721, networkLocation: /default-rack, certSerialId: null} reports an CLOSED replica.
2019-10-18 14:02:46,326 [EventQueue-ContainerReportForContainerReportHandler] WARN  container.ContainerReportHandler (AbstractContainerReportHandler.java:updateContainerState(145)) - Container #1 is in OPEN state, but the datanode 524d4c73-bbaf-4142-9273-d20c5a8628b4{ip: 192.168.69.124, host: pr-hdds-2293-fsv7b-60401721, networkLocation: /default-rack, certSerialId: null} reports an CLOSED replica.
2019-10-18 14:02:46,444 [EventQueue-ContainerReportForContainerReportHandler] WARN  container.ContainerReportHandler (AbstractContainerReportHandler.java:updateContainerState(145)) - Container #1 is in OPEN state, but the datanode 967a5d84-883e-4fc5-aa88-430cc6c4b93a{ip: 192.168.69.124, host: pr-hdds-2293-fsv7b-60401721, networkLocation: /default-rack, certSerialId: null} reports an CLOSED replica.
2019-10-18 14:02:46,640 [java.util.concurrent.ThreadPoolExecutor$Worker@3e376dad[State = -1, empty queue]] WARN  server.GrpcLogAppender (GrpcLogAppender.java:timeoutAppendRequest(209)) - 524d4c73-bbaf-4142-9273-d20c5a8628b4@group-1C08CD4F7525->0eccc4cb-77af-4c43-89bd-f01b83be0073-GrpcLogAppender: appendEntries Timeout, request=524d4c73-bbaf-4142-9273-d20c5a8628b4->0eccc4cb-77af-4c43-89bd-f01b83be0073#35-t2, previous=(t:2, i:10), leaderCommit=10, initializing? false, entries: <empty>
2019-10-18 14:02:46,725 [EventQueue-ContainerReportForContainerReportHandler] WARN  container.ContainerReportHandler (AbstractContainerReportHandler.java:updateContainerState(145)) - Container #1 is in OPEN state, but the datanode 524d4c73-bbaf-4142-9273-d20c5a8628b4{ip: 192.168.69.124, host: pr-hdds-2293-fsv7b-60401721, networkLocation: /default-rack, certSerialId: null} reports an CLOSED replica.
2019-10-18 14:02:46,845 [EventQueue-ContainerReportForContainerReportHandler] WARN  container.ContainerReportHandler (AbstractContainerReportHandler.java:updateContainerState(145)) - Container #1 is in OPEN state, but the datanode 967a5d84-883e-4fc5-aa88-430cc6c4b93a{ip: 192.168.69.124, host: pr-hdds-2293-fsv7b-60401721, networkLocation: /default-rack, certSerialId: null} reports an CLOSED replica.
2019-10-18 14:02:46,884 [Thread-402] INFO  client.GrpcClientProtocolService (GrpcClientProtocolService.java:lambda$processClientRequest$0(278)) - Failed RaftClientRequest:client-D27B19DE1784->524d4c73-bbaf-4142-9273-d20c5a8628b4@group-1C08CD4F7525, cid=10, seq=0, Watch-ALL_COMMITTED(6), Message:<EMPTY>, reply=RaftClientReply:client-D27B19DE1784->524d4c73-bbaf-4142-9273-d20c5a8628b4@group-1C08CD4F7525, cid=10, FAILED org.apache.ratis.protocol.NotReplicatedException: Request with call Id 10 and log index 6 is not yet replicated to ALL_COMMITTED, logIndex=6, commits[524d4c73-bbaf-4142-9273-d20c5a8628b4:c10, 967a5d84-883e-4fc5-aa88-430cc6c4b93a:c10, 0eccc4cb-77af-4c43-89bd-f01b83be0073:c4]
2019-10-18 14:02:46,995 [BlockDeletingService#2] WARN  background.BlockDeletingService (BlockDeletingService.java:isDeletionAllowed(187)) - Close Container log Index 6 is not replicated across allthe servers in the pipeline 08f27b3d-1876-4e46-af5a-1c08cd4f7525 as the min replicated index is 4. Deletion is not allowed in this container yet.
2019-10-18 14:02:46,995 [BlockDeletingService#0] WARN  background.BlockDeletingService (BlockDeletingService.java:isDeletionAllowed(187)) - Close Container log Index 6 is not replicated across allthe servers in the pipeline 08f27b3d-1876-4e46-af5a-1c08cd4f7525 as the min replicated index is 4. Deletion is not allowed in this container yet.
2019-10-18 14:02:47,025 [EventQueue-ContainerReportForContainerReportHandler] WARN  container.ContainerReportHandler (AbstractContainerReportHandler.java:updateContainerState(145)) - Container #1 is in OPEN state, but the datanode 524d4c73-bbaf-4142-9273-d20c5a8628b4{ip: 192.168.69.124, host: pr-hdds-2293-fsv7b-60401721, networkLocation: /default-rack, certSerialId: null} reports an CLOSED replica.
2019-10-18 14:02:47,245 [EventQueue-ContainerReportForContainerReportHandler] WARN  container.ContainerReportHandler (AbstractContainerReportHandler.java:updateContainerState(145)) - Container #1 is in OPEN state, but the datanode 967a5d84-883e-4fc5-aa88-430cc6c4b93a{ip: 192.168.69.124, host: pr-hdds-2293-fsv7b-60401721, networkLocation: /default-rack, certSerialId: null} reports an CLOSED replica.
2019-10-18 14:02:47,325 [EventQueue-ContainerReportForContainerReportHandler] WARN  container.ContainerReportHandler (AbstractContainerReportHandler.java:updateContainerState(145)) - Container #1 is in OPEN state, but the datanode 524d4c73-bbaf-4142-9273-d20c5a8628b4{ip: 192.168.69.124, host: pr-hdds-2293-fsv7b-60401721, networkLocation: /default-rack, certSerialId: null} reports an CLOSED replica.
2019-10-18 14:02:47,546 [EventQueue-ContainerReportForContainerReportHandler] WARN  container.ContainerReportHandler (AbstractContainerReportHandler.java:updateContainerState(145)) - Container #1 is in OPEN state, but the datanode 967a5d84-883e-4fc5-aa88-430cc6c4b93a{ip: 192.168.69.124, host: pr-hdds-2293-fsv7b-60401721, networkLocation: /default-rack, certSerialId: null} reports an CLOSED replica.
2019-10-18 14:02:47,625 [EventQueue-ContainerReportForContainerReportHandler] WARN  container.ContainerReportHandler (AbstractContainerReportHandler.java:updateContainerState(145)) - Container #1 is in OPEN state, but the datanode 524d4c73-bbaf-4142-9273-d20c5a8628b4{ip: 192.168.69.124, host: pr-hdds-2293-fsv7b-60401721, networkLocation: /default-rack, certSerialId: null} reports an CLOSED replica.
2019-10-18 14:02:47,849 [EventQueue-ContainerReportForContainerReportHandler] WARN  container.ContainerReportHandler (AbstractContainerReportHandler.java:updateContainerState(145)) - Container #1 is in OPEN state, but the datanode 967a5d84-883e-4fc5-aa88-430cc6c4b93a{ip: 192.168.69.124, host: pr-hdds-2293-fsv7b-60401721, networkLocation: /default-rack, certSerialId: null} reports an CLOSED replica.
2019-10-18 14:02:47,997 [BlockDeletingService#2] WARN  background.BlockDeletingService (BlockDeletingService.java:isDeletionAllowed(187)) - Close Container log Index 6 is not replicated across allthe servers in the pipeline 08f27b3d-1876-4e46-af5a-1c08cd4f7525 as the min replicated index is 4. Deletion is not allowed in this container yet.
2019-10-18 14:02:47,998 [BlockDeletingService#0] WARN  background.BlockDeletingService (BlockDeletingService.java:isDeletionAllowed(187)) - Close Container log Index 6 is not replicated across allthe servers in the pipeline 08f27b3d-1876-4e46-af5a-1c08cd4f7525 as the min replicated index is 4. Deletion is not allowed in this container yet.
2019-10-18 14:02:48,025 [EventQueue-ContainerReportForContainerReportHandler] WARN  container.ContainerReportHandler (AbstractContainerReportHandler.java:updateContainerState(145)) - Container #1 is in OPEN state, but the datanode 524d4c73-bbaf-4142-9273-d20c5a8628b4{ip: 192.168.69.124, host: pr-hdds-2293-fsv7b-60401721, networkLocation: /default-rack, certSerialId: null} reports an CLOSED replica.
2019-10-18 14:02:48,049 [EventQueue-ContainerReportForContainerReportHandler] WARN  container.ContainerReportHandler (AbstractContainerReportHandler.java:updateContainerState(145)) - Container #1 is in OPEN state, but the datanode 967a5d84-883e-4fc5-aa88-430cc6c4b93a{ip: 192.168.69.124, host: pr-hdds-2293-fsv7b-60401721, networkLocation: /default-rack, certSerialId: null} reports an CLOSED replica.
2019-10-18 14:02:48,325 [EventQueue-ContainerReportForContainerReportHandler] WARN  container.ContainerReportHandler (AbstractContainerReportHandler.java:updateContainerState(145)) - Container #1 is in OPEN state, but the datanode 524d4c73-bbaf-4142-9273-d20c5a8628b4{ip: 192.168.69.124, host: pr-hdds-2293-fsv7b-60401721, networkLocation: /default-rack, certSerialId: null} reports an CLOSED replica.
2019-10-18 14:02:48,348 [EventQueue-ContainerReportForContainerReportHandler] WARN  container.ContainerReportHandler (AbstractContainerReportHandler.java:updateContainerState(145)) - Container #1 is in OPEN state, but the datanode 967a5d84-883e-4fc5-aa88-430cc6c4b93a{ip: 192.168.69.124, host: pr-hdds-2293-fsv7b-60401721, networkLocation: /default-rack, certSerialId: null} reports an CLOSED replica.
2019-10-18 14:02:48,525 [EventQueue-ContainerReportForContainerReportHandler] WARN  container.ContainerReportHandler (AbstractContainerReportHandler.java:updateContainerState(145)) - Container #1 is in OPEN state, but the datanode 524d4c73-bbaf-4142-9273-d20c5a8628b4{ip: 192.168.69.124, host: pr-hdds-2293-fsv7b-60401721, networkLocation: /default-rack, certSerialId: null} reports an CLOSED replica.
2019-10-18 14:02:48,648 [EventQueue-ContainerReportForContainerReportHandler] WARN  container.ContainerReportHandler (AbstractContainerReportHandler.java:updateContainerState(145)) - Container #1 is in OPEN state, but the datanode 967a5d84-883e-4fc5-aa88-430cc6c4b93a{ip: 192.168.69.124, host: pr-hdds-2293-fsv7b-60401721, networkLocation: /default-rack, certSerialId: null} reports an CLOSED replica.
2019-10-18 14:02:48,825 [EventQueue-ContainerReportForContainerReportHandler] WARN  container.ContainerReportHandler (AbstractContainerReportHandler.java:updateContainerState(145)) - Container #1 is in OPEN state, but the datanode 524d4c73-bbaf-4142-9273-d20c5a8628b4{ip: 192.168.69.124, host: pr-hdds-2293-fsv7b-60401721, networkLocation: /default-rack, certSerialId: null} reports an CLOSED replica.
2019-10-18 14:02:48,948 [EventQueue-ContainerReportForContainerReportHandler] WARN  container.ContainerReportHandler (AbstractContainerReportHandler.java:updateContainerState(145)) - Container #1 is in OPEN state, but the datanode 967a5d84-883e-4fc5-aa88-430cc6c4b93a{ip: 192.168.69.124, host: pr-hdds-2293-fsv7b-60401721, networkLocation: /default-rack, certSerialId: null} reports an CLOSED replica.
2019-10-18 14:02:48,999 [BlockDeletingService#2] WARN  background.BlockDeletingService (BlockDeletingService.java:isDeletionAllowed(187)) - Close Container log Index 6 is not replicated across allthe servers in the pipeline 08f27b3d-1876-4e46-af5a-1c08cd4f7525 as the min replicated index is 4. Deletion is not allowed in this container yet.
2019-10-18 14:02:48,999 [BlockDeletingService#0] WARN  background.BlockDeletingService (BlockDeletingService.java:isDeletionAllowed(187)) - Close Container log Index 6 is not replicated across allthe servers in the pipeline 08f27b3d-1876-4e46-af5a-1c08cd4f7525 as the min replicated index is 4. Deletion is not allowed in this container yet.
2019-10-18 14:02:49,126 [EventQueue-ContainerReportForContainerReportHandler] WARN  container.ContainerReportHandler (AbstractContainerReportHandler.java:updateContainerState(145)) - Container #1 is in OPEN state, but the datanode 524d4c73-bbaf-4142-9273-d20c5a8628b4{ip: 192.168.69.124, host: pr-hdds-2293-fsv7b-60401721, networkLocation: /default-rack, certSerialId: null} reports an CLOSED replica.
2019-10-18 14:02:49,141 [java.util.concurrent.ThreadPoolExecutor$Worker@3e376dad[State = -1, empty queue]] WARN  server.GrpcLogAppender (GrpcLogAppender.java:timeoutAppendRequest(209)) - 524d4c73-bbaf-4142-9273-d20c5a8628b4@group-1C08CD4F7525->0eccc4cb-77af-4c43-89bd-f01b83be0073-GrpcLogAppender: appendEntries Timeout, request=524d4c73-bbaf-4142-9273-d20c5a8628b4->0eccc4cb-77af-4c43-89bd-f01b83be0073#36-t2, previous=(t:2, i:10), leaderCommit=10, initializing? false, entries: <empty>
2019-10-18 14:02:49,248 [EventQueue-ContainerReportForContainerReportHandler] WARN  container.ContainerReportHandler (AbstractContainerReportHandler.java:updateContainerState(145)) - Container #1 is in OPEN state, but the datanode 967a5d84-883e-4fc5-aa88-430cc6c4b93a{ip: 192.168.69.124, host: pr-hdds-2293-fsv7b-60401721, networkLocation: /default-rack, certSerialId: null} reports an CLOSED replica.
2019-10-18 14:02:49,427 [EventQueue-ContainerReportForContainerReportHandler] WARN  container.ContainerReportHandler (AbstractContainerReportHandler.java:updateContainerState(145)) - Container #1 is in OPEN state, but the datanode 524d4c73-bbaf-4142-9273-d20c5a8628b4{ip: 192.168.69.124, host: pr-hdds-2293-fsv7b-60401721, networkLocation: /default-rack, certSerialId: null} reports an CLOSED replica.
2019-10-18 14:02:49,549 [EventQueue-ContainerReportForContainerReportHandler] WARN  container.ContainerReportHandler (AbstractContainerReportHandler.java:updateContainerState(145)) - Container #1 is in OPEN state, but the datanode 967a5d84-883e-4fc5-aa88-430cc6c4b93a{ip: 192.168.69.124, host: pr-hdds-2293-fsv7b-60401721, networkLocation: /default-rack, certSerialId: null} reports an CLOSED replica.
2019-10-18 14:02:49,726 [EventQueue-ContainerReportForContainerReportHandler] WARN  container.ContainerReportHandler (AbstractContainerReportHandler.java:updateContainerState(145)) - Container #1 is in OPEN state, but the datanode 524d4c73-bbaf-4142-9273-d20c5a8628b4{ip: 192.168.69.124, host: pr-hdds-2293-fsv7b-60401721, networkLocation: /default-rack, certSerialId: null} reports an CLOSED replica.
2019-10-18 14:02:49,850 [EventQueue-ContainerReportForContainerReportHandler] WARN  container.ContainerReportHandler (AbstractContainerReportHandler.java:updateContainerState(145)) - Container #1 is in OPEN state, but the datanode 967a5d84-883e-4fc5-aa88-430cc6c4b93a{ip: 192.168.69.124, host: pr-hdds-2293-fsv7b-60401721, networkLocation: /default-rack, certSerialId: null} reports an CLOSED replica.
2019-10-18 14:02:49,926 [EventQueue-ContainerReportForContainerReportHandler] WARN  container.ContainerReportHandler (AbstractContainerReportHandler.java:updateContainerState(145)) - Container #1 is in OPEN state, but the datanode 524d4c73-bbaf-4142-9273-d20c5a8628b4{ip: 192.168.69.124, host: pr-hdds-2293-fsv7b-60401721, networkLocation: /default-rack, certSerialId: null} reports an CLOSED replica.
2019-10-18 14:02:50,001 [BlockDeletingService#0] WARN  background.BlockDeletingService (BlockDeletingService.java:isDeletionAllowed(187)) - Close Container log Index 6 is not replicated across allthe servers in the pipeline 08f27b3d-1876-4e46-af5a-1c08cd4f7525 as the min replicated index is 4. Deletion is not allowed in this container yet.
2019-10-18 14:02:50,001 [BlockDeletingService#2] WARN  background.BlockDeletingService (BlockDeletingService.java:isDeletionAllowed(187)) - Close Container log Index 6 is not replicated across allthe servers in the pipeline 08f27b3d-1876-4e46-af5a-1c08cd4f7525 as the min replicated index is 4. Deletion is not allowed in this container yet.
2019-10-18 14:02:50,151 [EventQueue-ContainerReportForContainerReportHandler] WARN  container.ContainerReportHandler (AbstractContainerReportHandler.java:updateContainerState(145)) - Container #1 is in OPEN state, but the datanode 967a5d84-883e-4fc5-aa88-430cc6c4b93a{ip: 192.168.69.124, host: pr-hdds-2293-fsv7b-60401721, networkLocation: /default-rack, certSerialId: null} reports an CLOSED replica.
2019-10-18 14:02:50,226 [EventQueue-ContainerReportForContainerReportHandler] WARN  container.ContainerReportHandler (AbstractContainerReportHandler.java:updateContainerState(145)) - Container #1 is in OPEN state, but the datanode 524d4c73-bbaf-4142-9273-d20c5a8628b4{ip: 192.168.69.124, host: pr-hdds-2293-fsv7b-60401721, networkLocation: /default-rack, certSerialId: null} reports an CLOSED replica.
2019-10-18 14:02:50,451 [EventQueue-ContainerReportForContainerReportHandler] WARN  container.ContainerReportHandler (AbstractContainerReportHandler.java:updateContainerState(145)) - Container #1 is in OPEN state, but the datanode 967a5d84-883e-4fc5-aa88-430cc6c4b93a{ip: 192.168.69.124, host: pr-hdds-2293-fsv7b-60401721, networkLocation: /default-rack, certSerialId: null} reports an CLOSED replica.
2019-10-18 14:02:50,526 [EventQueue-ContainerReportForContainerReportHandler] WARN  container.ContainerReportHandler (AbstractContainerReportHandler.java:updateContainerState(145)) - Container #1 is in OPEN state, but the datanode 524d4c73-bbaf-4142-9273-d20c5a8628b4{ip: 192.168.69.124, host: pr-hdds-2293-fsv7b-60401721, networkLocation: /default-rack, certSerialId: null} reports an CLOSED replica.
2019-10-18 14:02:50,750 [EventQueue-ContainerReportForContainerReportHandler] WARN  container.ContainerReportHandler (AbstractContainerReportHandler.java:updateContainerState(145)) - Container #1 is in OPEN state, but the datanode 967a5d84-883e-4fc5-aa88-430cc6c4b93a{ip: 192.168.69.124, host: pr-hdds-2293-fsv7b-60401721, networkLocation: /default-rack, certSerialId: null} reports an CLOSED replica.
2019-10-18 14:02:50,826 [EventQueue-ContainerReportForContainerReportHandler] WARN  container.ContainerReportHandler (AbstractContainerReportHandler.java:updateContainerState(145)) - Container #1 is in OPEN state, but the datanode 524d4c73-bbaf-4142-9273-d20c5a8628b4{ip: 192.168.69.124, host: pr-hdds-2293-fsv7b-60401721, networkLocation: /default-rack, certSerialId: null} reports an CLOSED replica.
2019-10-18 14:02:50,950 [EventQueue-ContainerReportForContainerReportHandler] WARN  container.ContainerReportHandler (AbstractContainerReportHandler.java:updateContainerState(145)) - Container #1 is in OPEN state, but the datanode 967a5d84-883e-4fc5-aa88-430cc6c4b93a{ip: 192.168.69.124, host: pr-hdds-2293-fsv7b-60401721, networkLocation: /default-rack, certSerialId: null} reports an CLOSED replica.
2019-10-18 14:02:51,005 [BlockDeletingService#2] WARN  background.BlockDeletingService (BlockDeletingService.java:isDeletionAllowed(187)) - Close Container log Index 6 is not replicated across allthe servers in the pipeline 08f27b3d-1876-4e46-af5a-1c08cd4f7525 as the min replicated index is 4. Deletion is not allowed in this container yet.
2019-10-18 14:02:51,005 [BlockDeletingService#0] WARN  background.BlockDeletingService (BlockDeletingService.java:isDeletionAllowed(187)) - Close Container log Index 6 is not replicated across allthe servers in the pipeline 08f27b3d-1876-4e46-af5a-1c08cd4f7525 as the min replicated index is 4. Deletion is not allowed in this container yet.
2019-10-18 14:02:51,026 [EventQueue-ContainerReportForContainerReportHandler] WARN  container.ContainerReportHandler (AbstractContainerReportHandler.java:updateContainerState(145)) - Container #1 is in OPEN state, but the datanode 524d4c73-bbaf-4142-9273-d20c5a8628b4{ip: 192.168.69.124, host: pr-hdds-2293-fsv7b-60401721, networkLocation: /default-rack, certSerialId: null} reports an CLOSED replica.
2019-10-18 14:02:51,326 [EventQueue-ContainerReportForContainerReportHandler] WARN  container.ContainerReportHandler (AbstractContainerReportHandler.java:updateContainerState(145)) - Container #1 is in OPEN state, but the datanode 524d4c73-bbaf-4142-9273-d20c5a8628b4{ip: 192.168.69.124, host: pr-hdds-2293-fsv7b-60401721, networkLocation: /default-rack, certSerialId: null} reports an CLOSED replica.
2019-10-18 14:02:51,351 [EventQueue-ContainerReportForContainerReportHandler] WARN  container.ContainerReportHandler (AbstractContainerReportHandler.java:updateContainerState(145)) - Container #1 is in OPEN state, but the datanode 967a5d84-883e-4fc5-aa88-430cc6c4b93a{ip: 192.168.69.124, host: pr-hdds-2293-fsv7b-60401721, networkLocation: /default-rack, certSerialId: null} reports an CLOSED replica.
2019-10-18 14:02:51,551 [EventQueue-ContainerReportForContainerReportHandler] WARN  container.ContainerReportHandler (AbstractContainerReportHandler.java:updateContainerState(145)) - Container #1 is in OPEN state, but the datanode 967a5d84-883e-4fc5-aa88-430cc6c4b93a{ip: 192.168.69.124, host: pr-hdds-2293-fsv7b-60401721, networkLocation: /default-rack, certSerialId: null} reports an CLOSED replica.
2019-10-18 14:02:51,642 [java.util.concurrent.ThreadPoolExecutor$Worker@3e376dad[State = -1, empty queue]] WARN  server.GrpcLogAppender (GrpcLogAppender.java:timeoutAppendRequest(209)) - 524d4c73-bbaf-4142-9273-d20c5a8628b4@group-1C08CD4F7525->0eccc4cb-77af-4c43-89bd-f01b83be0073-GrpcLogAppender: appendEntries Timeout, request=524d4c73-bbaf-4142-9273-d20c5a8628b4->0eccc4cb-77af-4c43-89bd-f01b83be0073#37-t2, previous=(t:2, i:10), leaderCommit=10, initializing? false, entries: <empty>
2019-10-18 14:02:51,726 [EventQueue-ContainerReportForContainerReportHandler] WARN  container.ContainerReportHandler (AbstractContainerReportHandler.java:updateContainerState(145)) - Container #1 is in OPEN state, but the datanode 524d4c73-bbaf-4142-9273-d20c5a8628b4{ip: 192.168.69.124, host: pr-hdds-2293-fsv7b-60401721, networkLocation: /default-rack, certSerialId: null} reports an CLOSED replica.
2019-10-18 14:02:51,852 [EventQueue-ContainerReportForContainerReportHandler] WARN  container.ContainerReportHandler (AbstractContainerReportHandler.java:updateContainerState(145)) - Container #1 is in OPEN state, but the datanode 967a5d84-883e-4fc5-aa88-430cc6c4b93a{ip: 192.168.69.124, host: pr-hdds-2293-fsv7b-60401721, networkLocation: /default-rack, certSerialId: null} reports an CLOSED replica.
2019-10-18 14:02:52,007 [BlockDeletingService#2] WARN  background.BlockDeletingService (BlockDeletingService.java:isDeletionAllowed(187)) - Close Container log Index 6 is not replicated across allthe servers in the pipeline 08f27b3d-1876-4e46-af5a-1c08cd4f7525 as the min replicated index is 4. Deletion is not allowed in this container yet.
2019-10-18 14:02:52,007 [BlockDeletingService#0] WARN  background.BlockDeletingService (BlockDeletingService.java:isDeletionAllowed(187)) - Close Container log Index 6 is not replicated across allthe servers in the pipeline 08f27b3d-1876-4e46-af5a-1c08cd4f7525 as the min replicated index is 4. Deletion is not allowed in this container yet.
2019-10-18 14:02:52,126 [EventQueue-ContainerReportForContainerReportHandler] WARN  container.ContainerReportHandler (AbstractContainerReportHandler.java:updateContainerState(145)) - Container #1 is in OPEN state, but the datanode 524d4c73-bbaf-4142-9273-d20c5a8628b4{ip: 192.168.69.124, host: pr-hdds-2293-fsv7b-60401721, networkLocation: /default-rack, certSerialId: null} reports an CLOSED replica.
2019-10-18 14:02:52,152 [EventQueue-ContainerReportForContainerReportHandler] WARN  container.ContainerReportHandler (AbstractContainerReportHandler.java:updateContainerState(145)) - Container #1 is in OPEN state, but the datanode 967a5d84-883e-4fc5-aa88-430cc6c4b93a{ip: 192.168.69.124, host: pr-hdds-2293-fsv7b-60401721, networkLocation: /default-rack, certSerialId: null} reports an CLOSED replica.
2019-10-18 14:02:52,326 [EventQueue-ContainerReportForContainerReportHandler] WARN  container.ContainerReportHandler (AbstractContainerReportHandler.java:updateContainerState(145)) - Container #1 is in OPEN state, but the datanode 524d4c73-bbaf-4142-9273-d20c5a8628b4{ip: 192.168.69.124, host: pr-hdds-2293-fsv7b-60401721, networkLocation: /default-rack, certSerialId: null} reports an CLOSED replica.
2019-10-18 14:02:52,452 [EventQueue-ContainerReportForContainerReportHandler] WARN  container.ContainerReportHandler (AbstractContainerReportHandler.java:updateContainerState(145)) - Container #1 is in OPEN state, but the datanode 967a5d84-883e-4fc5-aa88-430cc6c4b93a{ip: 192.168.69.124, host: pr-hdds-2293-fsv7b-60401721, networkLocation: /default-rack, certSerialId: null} reports an CLOSED replica.
2019-10-18 14:02:52,527 [EventQueue-ContainerReportForContainerReportHandler] WARN  container.ContainerReportHandler (AbstractContainerReportHandler.java:updateContainerState(145)) - Container #1 is in OPEN state, but the datanode 524d4c73-bbaf-4142-9273-d20c5a8628b4{ip: 192.168.69.124, host: pr-hdds-2293-fsv7b-60401721, networkLocation: /default-rack, certSerialId: null} reports an CLOSED replica.
2019-10-18 14:02:52,854 [EventQueue-ContainerReportForContainerReportHandler] WARN  container.ContainerReportHandler (AbstractContainerReportHandler.java:updateContainerState(145)) - Container #1 is in OPEN state, but the datanode 967a5d84-883e-4fc5-aa88-430cc6c4b93a{ip: 192.168.69.124, host: pr-hdds-2293-fsv7b-60401721, networkLocation: /default-rack, certSerialId: null} reports an CLOSED replica.
2019-10-18 14:02:52,926 [EventQueue-ContainerReportForContainerReportHandler] WARN  container.ContainerReportHandler (AbstractContainerReportHandler.java:updateContainerState(145)) - Container #1 is in OPEN state, but the datanode 524d4c73-bbaf-4142-9273-d20c5a8628b4{ip: 192.168.69.124, host: pr-hdds-2293-fsv7b-60401721, networkLocation: /default-rack, certSerialId: null} reports an CLOSED replica.
2019-10-18 14:02:53,009 [BlockDeletingService#2] WARN  background.BlockDeletingService (BlockDeletingService.java:isDeletionAllowed(187)) - Close Container log Index 6 is not replicated across allthe servers in the pipeline 08f27b3d-1876-4e46-af5a-1c08cd4f7525 as the min replicated index is 4. Deletion is not allowed in this container yet.
2019-10-18 14:02:53,009 [BlockDeletingService#0] WARN  background.BlockDeletingService (BlockDeletingService.java:isDeletionAllowed(187)) - Close Container log Index 6 is not replicated across allthe servers in the pipeline 08f27b3d-1876-4e46-af5a-1c08cd4f7525 as the min replicated index is 4. Deletion is not allowed in this container yet.
2019-10-18 14:02:53,054 [EventQueue-ContainerReportForContainerReportHandler] WARN  container.ContainerReportHandler (AbstractContainerReportHandler.java:updateContainerState(145)) - Container #1 is in OPEN state, but the datanode 967a5d84-883e-4fc5-aa88-430cc6c4b93a{ip: 192.168.69.124, host: pr-hdds-2293-fsv7b-60401721, networkLocation: /default-rack, certSerialId: null} reports an CLOSED replica.
2019-10-18 14:02:53,226 [EventQueue-ContainerReportForContainerReportHandler] WARN  container.ContainerReportHandler (AbstractContainerReportHandler.java:updateContainerState(145)) - Container #1 is in OPEN state, but the datanode 524d4c73-bbaf-4142-9273-d20c5a8628b4{ip: 192.168.69.124, host: pr-hdds-2293-fsv7b-60401721, networkLocation: /default-rack, certSerialId: null} reports an CLOSED replica.
2019-10-18 14:02:53,355 [EventQueue-ContainerReportForContainerReportHandler] WARN  container.ContainerReportHandler (AbstractContainerReportHandler.java:updateContainerState(145)) - Container #1 is in OPEN state, but the datanode 967a5d84-883e-4fc5-aa88-430cc6c4b93a{ip: 192.168.69.124, host: pr-hdds-2293-fsv7b-60401721, networkLocation: /default-rack, certSerialId: null} reports an CLOSED replica.
2019-10-18 14:02:53,526 [EventQueue-ContainerReportForContainerReportHandler] WARN  container.ContainerReportHandler (AbstractContainerReportHandler.java:updateContainerState(145)) - Container #1 is in OPEN state, but the datanode 524d4c73-bbaf-4142-9273-d20c5a8628b4{ip: 192.168.69.124, host: pr-hdds-2293-fsv7b-60401721, networkLocation: /default-rack, certSerialId: null} reports an CLOSED replica.
2019-10-18 14:02:53,654 [EventQueue-ContainerReportForContainerReportHandler] WARN  container.ContainerReportHandler (AbstractContainerReportHandler.java:updateContainerState(145)) - Container #1 is in OPEN state, but the datanode 967a5d84-883e-4fc5-aa88-430cc6c4b93a{ip: 192.168.69.124, host: pr-hdds-2293-fsv7b-60401721, networkLocation: /default-rack, certSerialId: null} reports an CLOSED replica.
2019-10-18 14:02:53,926 [EventQueue-ContainerReportForContainerReportHandler] WARN  container.ContainerReportHandler (AbstractContainerReportHandler.java:updateContainerState(145)) - Container #1 is in OPEN state, but the datanode 524d4c73-bbaf-4142-9273-d20c5a8628b4{ip: 192.168.69.124, host: pr-hdds-2293-fsv7b-60401721, networkLocation: /default-rack, certSerialId: null} reports an CLOSED replica.
2019-10-18 14:02:53,955 [EventQueue-ContainerReportForContainerReportHandler] WARN  container.ContainerReportHandler (AbstractContainerReportHandler.java:updateContainerState(145)) - Container #1 is in OPEN state, but the datanode 967a5d84-883e-4fc5-aa88-430cc6c4b93a{ip: 192.168.69.124, host: pr-hdds-2293-fsv7b-60401721, networkLocation: /default-rack, certSerialId: null} reports an CLOSED replica.
2019-10-18 14:02:54,011 [BlockDeletingService#2] WARN  background.BlockDeletingService (BlockDeletingService.java:isDeletionAllowed(187)) - Close Container log Index 6 is not replicated across allthe servers in the pipeline 08f27b3d-1876-4e46-af5a-1c08cd4f7525 as the min replicated index is 4. Deletion is not allowed in this container yet.
2019-10-18 14:02:54,011 [BlockDeletingService#0] WARN  background.BlockDeletingService (BlockDeletingService.java:isDeletionAllowed(187)) - Close Container log Index 6 is not replicated across allthe servers in the pipeline 08f27b3d-1876-4e46-af5a-1c08cd4f7525 as the min replicated index is 4. Deletion is not allowed in this container yet.
2019-10-18 14:02:54,144 [java.util.concurrent.ThreadPoolExecutor$Worker@3e376dad[State = -1, empty queue]] WARN  server.GrpcLogAppender (GrpcLogAppender.java:timeoutAppendRequest(209)) - 524d4c73-bbaf-4142-9273-d20c5a8628b4@group-1C08CD4F7525->0eccc4cb-77af-4c43-89bd-f01b83be0073-GrpcLogAppender: appendEntries Timeout, request=524d4c73-bbaf-4142-9273-d20c5a8628b4->0eccc4cb-77af-4c43-89bd-f01b83be0073#38-t2, previous=(t:2, i:10), leaderCommit=10, initializing? false, entries: <empty>
2019-10-18 14:02:54,255 [EventQueue-ContainerReportForContainerReportHandler] WARN  container.ContainerReportHandler (AbstractContainerReportHandler.java:updateContainerState(145)) - Container #1 is in OPEN state, but the datanode 967a5d84-883e-4fc5-aa88-430cc6c4b93a{ip: 192.168.69.124, host: pr-hdds-2293-fsv7b-60401721, networkLocation: /default-rack, certSerialId: null} reports an CLOSED replica.
2019-10-18 14:02:54,327 [EventQueue-ContainerReportForContainerReportHandler] WARN  container.ContainerReportHandler (AbstractContainerReportHandler.java:updateContainerState(145)) - Container #1 is in OPEN state, but the datanode 524d4c73-bbaf-4142-9273-d20c5a8628b4{ip: 192.168.69.124, host: pr-hdds-2293-fsv7b-60401721, networkLocation: /default-rack, certSerialId: null} reports an CLOSED replica.
2019-10-18 14:02:54,526 [EventQueue-ContainerReportForContainerReportHandler] WARN  container.ContainerReportHandler (AbstractContainerReportHandler.java:updateContainerState(145)) - Container #1 is in OPEN state, but the datanode 524d4c73-bbaf-4142-9273-d20c5a8628b4{ip: 192.168.69.124, host: pr-hdds-2293-fsv7b-60401721, networkLocation: /default-rack, certSerialId: null} reports an CLOSED replica.
2019-10-18 14:02:54,655 [EventQueue-ContainerReportForContainerReportHandler] WARN  container.ContainerReportHandler (AbstractContainerReportHandler.java:updateContainerState(145)) - Container #1 is in OPEN state, but the datanode 967a5d84-883e-4fc5-aa88-430cc6c4b93a{ip: 192.168.69.124, host: pr-hdds-2293-fsv7b-60401721, networkLocation: /default-rack, certSerialId: null} reports an CLOSED replica.
2019-10-18 14:02:54,827 [EventQueue-ContainerReportForContainerReportHandler] WARN  container.ContainerReportHandler (AbstractContainerReportHandler.java:updateContainerState(145)) - Container #1 is in OPEN state, but the datanode 524d4c73-bbaf-4142-9273-d20c5a8628b4{ip: 192.168.69.124, host: pr-hdds-2293-fsv7b-60401721, networkLocation: /default-rack, certSerialId: null} reports an CLOSED replica.
2019-10-18 14:02:54,855 [EventQueue-ContainerReportForContainerReportHandler] WARN  container.ContainerReportHandler (AbstractContainerReportHandler.java:updateContainerState(145)) - Container #1 is in OPEN state, but the datanode 967a5d84-883e-4fc5-aa88-430cc6c4b93a{ip: 192.168.69.124, host: pr-hdds-2293-fsv7b-60401721, networkLocation: /default-rack, certSerialId: null} reports an CLOSED replica.
2019-10-18 14:02:55,013 [BlockDeletingService#2] WARN  background.BlockDeletingService (BlockDeletingService.java:isDeletionAllowed(187)) - Close Container log Index 6 is not replicated across allthe servers in the pipeline 08f27b3d-1876-4e46-af5a-1c08cd4f7525 as the min replicated index is 4. Deletion is not allowed in this container yet.
2019-10-18 14:02:55,013 [BlockDeletingService#0] WARN  background.BlockDeletingService (BlockDeletingService.java:isDeletionAllowed(187)) - Close Container log Index 6 is not replicated across allthe servers in the pipeline 08f27b3d-1876-4e46-af5a-1c08cd4f7525 as the min replicated index is 4. Deletion is not allowed in this container yet.
2019-10-18 14:02:55,027 [EventQueue-ContainerReportForContainerReportHandler] WARN  container.ContainerReportHandler (AbstractContainerReportHandler.java:updateContainerState(145)) - Container #1 is in OPEN state, but the datanode 524d4c73-bbaf-4142-9273-d20c5a8628b4{ip: 192.168.69.124, host: pr-hdds-2293-fsv7b-60401721, networkLocation: /default-rack, certSerialId: null} reports an CLOSED replica.
2019-10-18 14:02:55,255 [EventQueue-ContainerReportForContainerReportHandler] WARN  container.ContainerReportHandler (AbstractContainerReportHandler.java:updateContainerState(145)) - Container #1 is in OPEN state, but the datanode 967a5d84-883e-4fc5-aa88-430cc6c4b93a{ip: 192.168.69.124, host: pr-hdds-2293-fsv7b-60401721, networkLocation: /default-rack, certSerialId: null} reports an CLOSED replica.
2019-10-18 14:02:55,428 [EventQueue-ContainerReportForContainerReportHandler] WARN  container.ContainerReportHandler (AbstractContainerReportHandler.java:updateContainerState(145)) - Container #1 is in OPEN state, but the datanode 524d4c73-bbaf-4142-9273-d20c5a8628b4{ip: 192.168.69.124, host: pr-hdds-2293-fsv7b-60401721, networkLocation: /default-rack, certSerialId: null} reports an CLOSED replica.
2019-10-18 14:02:55,555 [EventQueue-ContainerReportForContainerReportHandler] WARN  container.ContainerReportHandler (AbstractContainerReportHandler.java:updateContainerState(145)) - Container #1 is in OPEN state, but the datanode 967a5d84-883e-4fc5-aa88-430cc6c4b93a{ip: 192.168.69.124, host: pr-hdds-2293-fsv7b-60401721, networkLocation: /default-rack, certSerialId: null} reports an CLOSED replica.
2019-10-18 14:02:55,727 [EventQueue-ContainerReportForContainerReportHandler] WARN  container.ContainerReportHandler (AbstractContainerReportHandler.java:updateContainerState(145)) - Container #1 is in OPEN state, but the datanode 524d4c73-bbaf-4142-9273-d20c5a8628b4{ip: 192.168.69.124, host: pr-hdds-2293-fsv7b-60401721, networkLocation: /default-rack, certSerialId: null} reports an CLOSED replica.
2019-10-18 14:02:55,855 [EventQueue-ContainerReportForContainerReportHandler] WARN  container.ContainerReportHandler (AbstractContainerReportHandler.java:updateContainerState(145)) - Container #1 is in OPEN state, but the datanode 967a5d84-883e-4fc5-aa88-430cc6c4b93a{ip: 192.168.69.124, host: pr-hdds-2293-fsv7b-60401721, networkLocation: /default-rack, certSerialId: null} reports an CLOSED replica.
2019-10-18 14:02:55,884 [Thread-428] INFO  client.GrpcClientProtocolService (GrpcClientProtocolService.java:lambda$processClientRequest$0(278)) - Failed RaftClientRequest:client-D27B19DE1784->524d4c73-bbaf-4142-9273-d20c5a8628b4@group-1C08CD4F7525, cid=10, seq=0, Watch-ALL_COMMITTED(6), Message:<EMPTY>, reply=RaftClientReply:client-D27B19DE1784->524d4c73-bbaf-4142-9273-d20c5a8628b4@group-1C08CD4F7525, cid=10, FAILED org.apache.ratis.protocol.NotReplicatedException: Request with call Id 10 and log index 6 is not yet replicated to ALL_COMMITTED, logIndex=6, commits[524d4c73-bbaf-4142-9273-d20c5a8628b4:c10, 967a5d84-883e-4fc5-aa88-430cc6c4b93a:c10, 0eccc4cb-77af-4c43-89bd-f01b83be0073:c4]
2019-10-18 14:02:56,015 [BlockDeletingService#2] WARN  background.BlockDeletingService (BlockDeletingService.java:isDeletionAllowed(187)) - Close Container log Index 6 is not replicated across allthe servers in the pipeline 08f27b3d-1876-4e46-af5a-1c08cd4f7525 as the min replicated index is 4. Deletion is not allowed in this container yet.
2019-10-18 14:02:56,015 [BlockDeletingService#0] WARN  background.BlockDeletingService (BlockDeletingService.java:isDeletionAllowed(187)) - Close Container log Index 6 is not replicated across allthe servers in the pipeline 08f27b3d-1876-4e46-af5a-1c08cd4f7525 as the min replicated index is 4. Deletion is not allowed in this container yet.
2019-10-18 14:02:56,127 [EventQueue-ContainerReportForContainerReportHandler] WARN  container.ContainerReportHandler (AbstractContainerReportHandler.java:updateContainerState(145)) - Container #1 is in OPEN state, but the datanode 524d4c73-bbaf-4142-9273-d20c5a8628b4{ip: 192.168.69.124, host: pr-hdds-2293-fsv7b-60401721, networkLocation: /default-rack, certSerialId: null} reports an CLOSED replica.
2019-10-18 14:02:56,155 [EventQueue-ContainerReportForContainerReportHandler] WARN  container.ContainerReportHandler (AbstractContainerReportHandler.java:updateContainerState(145)) - Container #1 is in OPEN state, but the datanode 967a5d84-883e-4fc5-aa88-430cc6c4b93a{ip: 192.168.69.124, host: pr-hdds-2293-fsv7b-60401721, networkLocation: /default-rack, certSerialId: null} reports an CLOSED replica.
2019-10-18 14:02:56,427 [EventQueue-ContainerReportForContainerReportHandler] WARN  container.ContainerReportHandler (AbstractContainerReportHandler.java:updateContainerState(145)) - Container #1 is in OPEN state, but the datanode 524d4c73-bbaf-4142-9273-d20c5a8628b4{ip: 192.168.69.124, host: pr-hdds-2293-fsv7b-60401721, networkLocation: /default-rack, certSerialId: null} reports an CLOSED replica.
2019-10-18 14:02:56,455 [EventQueue-ContainerReportForContainerReportHandler] WARN  container.ContainerReportHandler (AbstractContainerReportHandler.java:updateContainerState(145)) - Container #1 is in OPEN state, but the datanode 967a5d84-883e-4fc5-aa88-430cc6c4b93a{ip: 192.168.69.124, host: pr-hdds-2293-fsv7b-60401721, networkLocation: /default-rack, certSerialId: null} reports an CLOSED replica.
2019-10-18 14:02:56,645 [java.util.concurrent.ThreadPoolExecutor$Worker@3e376dad[State = -1, empty queue]] WARN  server.GrpcLogAppender (GrpcLogAppender.java:timeoutAppendRequest(209)) - 524d4c73-bbaf-4142-9273-d20c5a8628b4@group-1C08CD4F7525->0eccc4cb-77af-4c43-89bd-f01b83be0073-GrpcLogAppender: appendEntries Timeout, request=524d4c73-bbaf-4142-9273-d20c5a8628b4->0eccc4cb-77af-4c43-89bd-f01b83be0073#39-t2, previous=(t:2, i:10), leaderCommit=10, initializing? false, entries: <empty>
2019-10-18 14:02:56,655 [EventQueue-ContainerReportForContainerReportHandler] WARN  container.ContainerReportHandler (AbstractContainerReportHandler.java:updateContainerState(145)) - Container #1 is in OPEN state, but the datanode 967a5d84-883e-4fc5-aa88-430cc6c4b93a{ip: 192.168.69.124, host: pr-hdds-2293-fsv7b-60401721, networkLocation: /default-rack, certSerialId: null} reports an CLOSED replica.
2019-10-18 14:02:56,728 [EventQueue-ContainerReportForContainerReportHandler] WARN  container.ContainerReportHandler (AbstractContainerReportHandler.java:updateContainerState(145)) - Container #1 is in OPEN state, but the datanode 524d4c73-bbaf-4142-9273-d20c5a8628b4{ip: 192.168.69.124, host: pr-hdds-2293-fsv7b-60401721, networkLocation: /default-rack, certSerialId: null} reports an CLOSED replica.
2019-10-18 14:02:57,017 [BlockDeletingService#2] WARN  background.BlockDeletingService (BlockDeletingService.java:isDeletionAllowed(187)) - Close Container log Index 6 is not replicated across allthe servers in the pipeline 08f27b3d-1876-4e46-af5a-1c08cd4f7525 as the min replicated index is 4. Deletion is not allowed in this container yet.
2019-10-18 14:02:57,019 [BlockDeletingService#0] WARN  background.BlockDeletingService (BlockDeletingService.java:isDeletionAllowed(187)) - Close Container log Index 6 is not replicated across allthe servers in the pipeline 08f27b3d-1876-4e46-af5a-1c08cd4f7525 as the min replicated index is 4. Deletion is not allowed in this container yet.
2019-10-18 14:02:57,055 [EventQueue-ContainerReportForContainerReportHandler] WARN  container.ContainerReportHandler (AbstractContainerReportHandler.java:updateContainerState(145)) - Container #1 is in OPEN state, but the datanode 967a5d84-883e-4fc5-aa88-430cc6c4b93a{ip: 192.168.69.124, host: pr-hdds-2293-fsv7b-60401721, networkLocation: /default-rack, certSerialId: null} reports an CLOSED replica.
2019-10-18 14:02:57,128 [EventQueue-ContainerReportForContainerReportHandler] WARN  container.ContainerReportHandler (AbstractContainerReportHandler.java:updateContainerState(145)) - Container #1 is in OPEN state, but the datanode 524d4c73-bbaf-4142-9273-d20c5a8628b4{ip: 192.168.69.124, host: pr-hdds-2293-fsv7b-60401721, networkLocation: /default-rack, certSerialId: null} reports an CLOSED replica.
2019-10-18 14:02:57,257 [EventQueue-ContainerReportForContainerReportHandler] WARN  container.ContainerReportHandler (AbstractContainerReportHandler.java:updateContainerState(145)) - Container #1 is in OPEN state, but the datanode 967a5d84-883e-4fc5-aa88-430cc6c4b93a{ip: 192.168.69.124, host: pr-hdds-2293-fsv7b-60401721, networkLocation: /default-rack, certSerialId: null} reports an CLOSED replica.
2019-10-18 14:02:57,429 [EventQueue-ContainerReportForContainerReportHandler] WARN  container.ContainerReportHandler (AbstractContainerReportHandler.java:updateContainerState(145)) - Container #1 is in OPEN state, but the datanode 524d4c73-bbaf-4142-9273-d20c5a8628b4{ip: 192.168.69.124, host: pr-hdds-2293-fsv7b-60401721, networkLocation: /default-rack, certSerialId: null} reports an CLOSED replica.
2019-10-18 14:02:57,558 [EventQueue-ContainerReportForContainerReportHandler] WARN  container.ContainerReportHandler (AbstractContainerReportHandler.java:updateContainerState(145)) - Container #1 is in OPEN state, but the datanode 967a5d84-883e-4fc5-aa88-430cc6c4b93a{ip: 192.168.69.124, host: pr-hdds-2293-fsv7b-60401721, networkLocation: /default-rack, certSerialId: null} reports an CLOSED replica.
2019-10-18 14:02:57,630 [EventQueue-ContainerReportForContainerReportHandler] WARN  container.ContainerReportHandler (AbstractContainerReportHandler.java:updateContainerState(145)) - Container #1 is in OPEN state, but the datanode 524d4c73-bbaf-4142-9273-d20c5a8628b4{ip: 192.168.69.124, host: pr-hdds-2293-fsv7b-60401721, networkLocation: /default-rack, certSerialId: null} reports an CLOSED replica.
2019-10-18 14:02:57,930 [EventQueue-ContainerReportForContainerReportHandler] WARN  container.ContainerReportHandler (AbstractContainerReportHandler.java:updateContainerState(145)) - Container #1 is in OPEN state, but the datanode 524d4c73-bbaf-4142-9273-d20c5a8628b4{ip: 192.168.69.124, host: pr-hdds-2293-fsv7b-60401721, networkLocation: /default-rack, certSerialId: null} reports an CLOSED replica.
2019-10-18 14:02:57,957 [EventQueue-ContainerReportForContainerReportHandler] WARN  container.ContainerReportHandler (AbstractContainerReportHandler.java:updateContainerState(145)) - Container #1 is in OPEN state, but the datanode 967a5d84-883e-4fc5-aa88-430cc6c4b93a{ip: 192.168.69.124, host: pr-hdds-2293-fsv7b-60401721, networkLocation: /default-rack, certSerialId: null} reports an CLOSED replica.
2019-10-18 14:02:58,022 [BlockDeletingService#0] WARN  background.BlockDeletingService (BlockDeletingService.java:isDeletionAllowed(187)) - Close Container log Index 6 is not replicated across allthe servers in the pipeline 08f27b3d-1876-4e46-af5a-1c08cd4f7525 as the min replicated index is 4. Deletion is not allowed in this container yet.
2019-10-18 14:02:58,022 [BlockDeletingService#2] WARN  background.BlockDeletingService (BlockDeletingService.java:isDeletionAllowed(187)) - Close Container log Index 6 is not replicated across allthe servers in the pipeline 08f27b3d-1876-4e46-af5a-1c08cd4f7525 as the min replicated index is 4. Deletion is not allowed in this container yet.
2019-10-18 14:02:58,159 [EventQueue-ContainerReportForContainerReportHandler] WARN  container.ContainerReportHandler (AbstractContainerReportHandler.java:updateContainerState(145)) - Container #1 is in OPEN state, but the datanode 967a5d84-883e-4fc5-aa88-430cc6c4b93a{ip: 192.168.69.124, host: pr-hdds-2293-fsv7b-60401721, networkLocation: /default-rack, certSerialId: null} reports an CLOSED replica.
2019-10-18 14:02:58,332 [EventQueue-ContainerReportForContainerReportHandler] WARN  container.ContainerReportHandler (AbstractContainerReportHandler.java:updateContainerState(145)) - Container #1 is in OPEN state, but the datanode 524d4c73-bbaf-4142-9273-d20c5a8628b4{ip: 192.168.69.124, host: pr-hdds-2293-fsv7b-60401721, networkLocation: /default-rack, certSerialId: null} reports an CLOSED replica.
2019-10-18 14:02:58,458 [EventQueue-ContainerReportForContainerReportHandler] WARN  container.ContainerReportHandler (AbstractContainerReportHandler.java:updateContainerState(145)) - Container #1 is in OPEN state, but the datanode 967a5d84-883e-4fc5-aa88-430cc6c4b93a{ip: 192.168.69.124, host: pr-hdds-2293-fsv7b-60401721, networkLocation: /default-rack, certSerialId: null} reports an CLOSED replica.
2019-10-18 14:02:58,631 [EventQueue-ContainerReportForContainerReportHandler] WARN  container.ContainerReportHandler (AbstractContainerReportHandler.java:updateContainerState(145)) - Container #1 is in OPEN state, but the datanode 524d4c73-bbaf-4142-9273-d20c5a8628b4{ip: 192.168.69.124, host: pr-hdds-2293-fsv7b-60401721, networkLocation: /default-rack, certSerialId: null} reports an CLOSED replica.
2019-10-18 14:02:58,658 [EventQueue-ContainerReportForContainerReportHandler] WARN  container.ContainerReportHandler (AbstractContainerReportHandler.java:updateContainerState(145)) - Container #1 is in OPEN state, but the datanode 967a5d84-883e-4fc5-aa88-430cc6c4b93a{ip: 192.168.69.124, host: pr-hdds-2293-fsv7b-60401721, networkLocation: /default-rack, certSerialId: null} reports an CLOSED replica.
2019-10-18 14:02:58,931 [EventQueue-ContainerReportForContainerReportHandler] WARN  container.ContainerReportHandler (AbstractContainerReportHandler.java:updateContainerState(145)) - Container #1 is in OPEN state, but the datanode 524d4c73-bbaf-4142-9273-d20c5a8628b4{ip: 192.168.69.124, host: pr-hdds-2293-fsv7b-60401721, networkLocation: /default-rack, certSerialId: null} reports an CLOSED replica.
2019-10-18 14:02:59,024 [BlockDeletingService#2] WARN  background.BlockDeletingService (BlockDeletingService.java:isDeletionAllowed(187)) - Close Container log Index 6 is not replicated across allthe servers in the pipeline 08f27b3d-1876-4e46-af5a-1c08cd4f7525 as the min replicated index is 4. Deletion is not allowed in this container yet.
2019-10-18 14:02:59,024 [BlockDeletingService#0] WARN  background.BlockDeletingService (BlockDeletingService.java:isDeletionAllowed(187)) - Close Container log Index 6 is not replicated across allthe servers in the pipeline 08f27b3d-1876-4e46-af5a-1c08cd4f7525 as the min replicated index is 4. Deletion is not allowed in this container yet.
2019-10-18 14:02:59,059 [EventQueue-ContainerReportForContainerReportHandler] WARN  container.ContainerReportHandler (AbstractContainerReportHandler.java:updateContainerState(145)) - Container #1 is in OPEN state, but the datanode 967a5d84-883e-4fc5-aa88-430cc6c4b93a{ip: 192.168.69.124, host: pr-hdds-2293-fsv7b-60401721, networkLocation: /default-rack, certSerialId: null} reports an CLOSED replica.
2019-10-18 14:02:59,146 [java.util.concurrent.ThreadPoolExecutor$Worker@3e376dad[State = -1, empty queue]] WARN  server.GrpcLogAppender (GrpcLogAppender.java:timeoutAppendRequest(209)) - 524d4c73-bbaf-4142-9273-d20c5a8628b4@group-1C08CD4F7525->0eccc4cb-77af-4c43-89bd-f01b83be0073-GrpcLogAppender: appendEntries Timeout, request=524d4c73-bbaf-4142-9273-d20c5a8628b4->0eccc4cb-77af-4c43-89bd-f01b83be0073#40-t2, previous=(t:2, i:10), leaderCommit=10, initializing? false, entries: <empty>
2019-10-18 14:02:59,231 [EventQueue-ContainerReportForContainerReportHandler] WARN  container.ContainerReportHandler (AbstractContainerReportHandler.java:updateContainerState(145)) - Container #1 is in OPEN state, but the datanode 524d4c73-bbaf-4142-9273-d20c5a8628b4{ip: 192.168.69.124, host: pr-hdds-2293-fsv7b-60401721, networkLocation: /default-rack, certSerialId: null} reports an CLOSED replica.
2019-10-18 14:02:59,260 [EventQueue-ContainerReportForContainerReportHandler] WARN  container.ContainerReportHandler (AbstractContainerReportHandler.java:updateContainerState(145)) - Container #1 is in OPEN state, but the datanode 967a5d84-883e-4fc5-aa88-430cc6c4b93a{ip: 192.168.69.124, host: pr-hdds-2293-fsv7b-60401721, networkLocation: /default-rack, certSerialId: null} reports an CLOSED replica.
2019-10-18 14:02:59,632 [EventQueue-ContainerReportForContainerReportHandler] WARN  container.ContainerReportHandler (AbstractContainerReportHandler.java:updateContainerState(145)) - Container #1 is in OPEN state, but the datanode 524d4c73-bbaf-4142-9273-d20c5a8628b4{ip: 192.168.69.124, host: pr-hdds-2293-fsv7b-60401721, networkLocation: /default-rack, certSerialId: null} reports an CLOSED replica.
2019-10-18 14:02:59,660 [EventQueue-ContainerReportForContainerReportHandler] WARN  container.ContainerReportHandler (AbstractContainerReportHandler.java:updateContainerState(145)) - Container #1 is in OPEN state, but the datanode 967a5d84-883e-4fc5-aa88-430cc6c4b93a{ip: 192.168.69.124, host: pr-hdds-2293-fsv7b-60401721, networkLocation: /default-rack, certSerialId: null} reports an CLOSED replica.
2019-10-18 14:02:59,831 [EventQueue-ContainerReportForContainerReportHandler] WARN  container.ContainerReportHandler (AbstractContainerReportHandler.java:updateContainerState(145)) - Container #1 is in OPEN state, but the datanode 524d4c73-bbaf-4142-9273-d20c5a8628b4{ip: 192.168.69.124, host: pr-hdds-2293-fsv7b-60401721, networkLocation: /default-rack, certSerialId: null} reports an CLOSED replica.
2019-10-18 14:02:59,960 [EventQueue-ContainerReportForContainerReportHandler] WARN  container.ContainerReportHandler (AbstractContainerReportHandler.java:updateContainerState(145)) - Container #1 is in OPEN state, but the datanode 967a5d84-883e-4fc5-aa88-430cc6c4b93a{ip: 192.168.69.124, host: pr-hdds-2293-fsv7b-60401721, networkLocation: /default-rack, certSerialId: null} reports an CLOSED replica.
2019-10-18 14:03:00,027 [BlockDeletingService#2] WARN  background.BlockDeletingService (BlockDeletingService.java:isDeletionAllowed(187)) - Close Container log Index 6 is not replicated across allthe servers in the pipeline 08f27b3d-1876-4e46-af5a-1c08cd4f7525 as the min replicated index is 4. Deletion is not allowed in this container yet.
2019-10-18 14:03:00,027 [BlockDeletingService#0] WARN  background.BlockDeletingService (BlockDeletingService.java:isDeletionAllowed(187)) - Close Container log Index 6 is not replicated across allthe servers in the pipeline 08f27b3d-1876-4e46-af5a-1c08cd4f7525 as the min replicated index is 4. Deletion is not allowed in this container yet.
2019-10-18 14:03:00,231 [EventQueue-ContainerReportForContainerReportHandler] WARN  container.ContainerReportHandler (AbstractContainerReportHandler.java:updateContainerState(145)) - Container #1 is in OPEN state, but the datanode 524d4c73-bbaf-4142-9273-d20c5a8628b4{ip: 192.168.69.124, host: pr-hdds-2293-fsv7b-60401721, networkLocation: /default-rack, certSerialId: null} reports an CLOSED replica.
2019-10-18 14:03:00,363 [EventQueue-ContainerReportForContainerReportHandler] WARN  container.ContainerReportHandler (AbstractContainerReportHandler.java:updateContainerState(145)) - Container #1 is in OPEN state, but the datanode 967a5d84-883e-4fc5-aa88-430cc6c4b93a{ip: 192.168.69.124, host: pr-hdds-2293-fsv7b-60401721, networkLocation: /default-rack, certSerialId: null} reports an CLOSED replica.
2019-10-18 14:03:00,532 [EventQueue-ContainerReportForContainerReportHandler] WARN  container.ContainerReportHandler (AbstractContainerReportHandler.java:updateContainerState(145)) - Container #1 is in OPEN state, but the datanode 524d4c73-bbaf-4142-9273-d20c5a8628b4{ip: 192.168.69.124, host: pr-hdds-2293-fsv7b-60401721, networkLocation: /default-rack, certSerialId: null} reports an CLOSED replica.
2019-10-18 14:03:00,563 [EventQueue-ContainerReportForContainerReportHandler] WARN  container.ContainerReportHandler (AbstractContainerReportHandler.java:updateContainerState(145)) - Container #1 is in OPEN state, but the datanode 967a5d84-883e-4fc5-aa88-430cc6c4b93a{ip: 192.168.69.124, host: pr-hdds-2293-fsv7b-60401721, networkLocation: /default-rack, certSerialId: null} reports an CLOSED replica.
2019-10-18 14:03:00,836 [EventQueue-ContainerReportForContainerReportHandler] WARN  container.ContainerReportHandler (AbstractContainerReportHandler.java:updateContainerState(145)) - Container #1 is in OPEN state, but the datanode 524d4c73-bbaf-4142-9273-d20c5a8628b4{ip: 192.168.69.124, host: pr-hdds-2293-fsv7b-60401721, networkLocation: /default-rack, certSerialId: null} reports an CLOSED replica.
2019-10-18 14:03:00,962 [EventQueue-ContainerReportForContainerReportHandler] WARN  container.ContainerReportHandler (AbstractContainerReportHandler.java:updateContainerState(145)) - Container #1 is in OPEN state, but the datanode 967a5d84-883e-4fc5-aa88-430cc6c4b93a{ip: 192.168.69.124, host: pr-hdds-2293-fsv7b-60401721, networkLocation: /default-rack, certSerialId: null} reports an CLOSED replica.
2019-10-18 14:03:01,030 [BlockDeletingService#2] WARN  background.BlockDeletingService (BlockDeletingService.java:isDeletionAllowed(187)) - Close Container log Index 6 is not replicated across allthe servers in the pipeline 08f27b3d-1876-4e46-af5a-1c08cd4f7525 as the min replicated index is 4. Deletion is not allowed in this container yet.
2019-10-18 14:03:01,030 [BlockDeletingService#0] WARN  background.BlockDeletingService (BlockDeletingService.java:isDeletionAllowed(187)) - Close Container log Index 6 is not replicated across allthe servers in the pipeline 08f27b3d-1876-4e46-af5a-1c08cd4f7525 as the min replicated index is 4. Deletion is not allowed in this container yet.
2019-10-18 14:03:01,033 [EventQueue-ContainerReportForContainerReportHandler] WARN  container.ContainerReportHandler (AbstractContainerReportHandler.java:updateContainerState(145)) - Container #1 is in OPEN state, but the datanode 524d4c73-bbaf-4142-9273-d20c5a8628b4{ip: 192.168.69.124, host: pr-hdds-2293-fsv7b-60401721, networkLocation: /default-rack, certSerialId: null} reports an CLOSED replica.
2019-10-18 14:03:01,262 [EventQueue-ContainerReportForContainerReportHandler] WARN  container.ContainerReportHandler (AbstractContainerReportHandler.java:updateContainerState(145)) - Container #1 is in OPEN state, but the datanode 967a5d84-883e-4fc5-aa88-430cc6c4b93a{ip: 192.168.69.124, host: pr-hdds-2293-fsv7b-60401721, networkLocation: /default-rack, certSerialId: null} reports an CLOSED replica.
2019-10-18 14:03:01,433 [EventQueue-ContainerReportForContainerReportHandler] WARN  container.ContainerReportHandler (AbstractContainerReportHandler.java:updateContainerState(145)) - Container #1 is in OPEN state, but the datanode 524d4c73-bbaf-4142-9273-d20c5a8628b4{ip: 192.168.69.124, host: pr-hdds-2293-fsv7b-60401721, networkLocation: /default-rack, certSerialId: null} reports an CLOSED replica.
2019-10-18 14:03:01,562 [EventQueue-ContainerReportForContainerReportHandler] WARN  container.ContainerReportHandler (AbstractContainerReportHandler.java:updateContainerState(145)) - Container #1 is in OPEN state, but the datanode 967a5d84-883e-4fc5-aa88-430cc6c4b93a{ip: 192.168.69.124, host: pr-hdds-2293-fsv7b-60401721, networkLocation: /default-rack, certSerialId: null} reports an CLOSED replica.
2019-10-18 14:03:01,634 [EventQueue-ContainerReportForContainerReportHandler] WARN  container.ContainerReportHandler (AbstractContainerReportHandler.java:updateContainerState(145)) - Container #1 is in OPEN state, but the datanode 524d4c73-bbaf-4142-9273-d20c5a8628b4{ip: 192.168.69.124, host: pr-hdds-2293-fsv7b-60401721, networkLocation: /default-rack, certSerialId: null} reports an CLOSED replica.
2019-10-18 14:03:01,649 [java.util.concurrent.ThreadPoolExecutor$Worker@3e376dad[State = -1, empty queue]] WARN  server.GrpcLogAppender (GrpcLogAppender.java:timeoutAppendRequest(209)) - 524d4c73-bbaf-4142-9273-d20c5a8628b4@group-1C08CD4F7525->0eccc4cb-77af-4c43-89bd-f01b83be0073-GrpcLogAppender: appendEntries Timeout, request=524d4c73-bbaf-4142-9273-d20c5a8628b4->0eccc4cb-77af-4c43-89bd-f01b83be0073#41-t2, previous=(t:2, i:10), leaderCommit=10, initializing? false, entries: <empty>
2019-10-18 14:03:01,762 [EventQueue-ContainerReportForContainerReportHandler] WARN  container.ContainerReportHandler (AbstractContainerReportHandler.java:updateContainerState(145)) - Container #1 is in OPEN state, but the datanode 967a5d84-883e-4fc5-aa88-430cc6c4b93a{ip: 192.168.69.124, host: pr-hdds-2293-fsv7b-60401721, networkLocation: /default-rack, certSerialId: null} reports an CLOSED replica.
2019-10-18 14:03:02,032 [BlockDeletingService#2] WARN  background.BlockDeletingService (BlockDeletingService.java:isDeletionAllowed(187)) - Close Container log Index 6 is not replicated across allthe servers in the pipeline 08f27b3d-1876-4e46-af5a-1c08cd4f7525 as the min replicated index is 4. Deletion is not allowed in this container yet.
2019-10-18 14:03:02,032 [BlockDeletingService#0] WARN  background.BlockDeletingService (BlockDeletingService.java:isDeletionAllowed(187)) - Close Container log Index 6 is not replicated across allthe servers in the pipeline 08f27b3d-1876-4e46-af5a-1c08cd4f7525 as the min replicated index is 4. Deletion is not allowed in this container yet.
2019-10-18 14:03:02,034 [EventQueue-ContainerReportForContainerReportHandler] WARN  container.ContainerReportHandler (AbstractContainerReportHandler.java:updateContainerState(145)) - Container #1 is in OPEN state, but the datanode 524d4c73-bbaf-4142-9273-d20c5a8628b4{ip: 192.168.69.124, host: pr-hdds-2293-fsv7b-60401721, networkLocation: /default-rack, certSerialId: null} reports an CLOSED replica.
2019-10-18 14:03:02,063 [EventQueue-ContainerReportForContainerReportHandler] WARN  container.ContainerReportHandler (AbstractContainerReportHandler.java:updateContainerState(145)) - Container #1 is in OPEN state, but the datanode 967a5d84-883e-4fc5-aa88-430cc6c4b93a{ip: 192.168.69.124, host: pr-hdds-2293-fsv7b-60401721, networkLocation: /default-rack, certSerialId: null} reports an CLOSED replica.
2019-10-18 14:03:02,334 [EventQueue-ContainerReportForContainerReportHandler] WARN  container.ContainerReportHandler (AbstractContainerReportHandler.java:updateContainerState(145)) - Container #1 is in OPEN state, but the datanode 524d4c73-bbaf-4142-9273-d20c5a8628b4{ip: 192.168.69.124, host: pr-hdds-2293-fsv7b-60401721, networkLocation: /default-rack, certSerialId: null} reports an CLOSED replica.
2019-10-18 14:03:02,463 [EventQueue-ContainerReportForContainerReportHandler] WARN  container.ContainerReportHandler (AbstractContainerReportHandler.java:updateContainerState(145)) - Container #1 is in OPEN state, but the datanode 967a5d84-883e-4fc5-aa88-430cc6c4b93a{ip: 192.168.69.124, host: pr-hdds-2293-fsv7b-60401721, networkLocation: /default-rack, certSerialId: null} reports an CLOSED replica.
2019-10-18 14:03:02,534 [EventQueue-ContainerReportForContainerReportHandler] WARN  container.ContainerReportHandler (AbstractContainerReportHandler.java:updateContainerState(145)) - Container #1 is in OPEN state, but the datanode 524d4c73-bbaf-4142-9273-d20c5a8628b4{ip: 192.168.69.124, host: pr-hdds-2293-fsv7b-60401721, networkLocation: /default-rack, certSerialId: null} reports an CLOSED replica.
2019-10-18 14:03:02,763 [EventQueue-ContainerReportForContainerReportHandler] WARN  container.ContainerReportHandler (AbstractContainerReportHandler.java:updateContainerState(145)) - Container #1 is in OPEN state, but the datanode 967a5d84-883e-4fc5-aa88-430cc6c4b93a{ip: 192.168.69.124, host: pr-hdds-2293-fsv7b-60401721, networkLocation: /default-rack, certSerialId: null} reports an CLOSED replica.
2019-10-18 14:03:02,834 [EventQueue-ContainerReportForContainerReportHandler] WARN  container.ContainerReportHandler (AbstractContainerReportHandler.java:updateContainerState(145)) - Container #1 is in OPEN state, but the datanode 524d4c73-bbaf-4142-9273-d20c5a8628b4{ip: 192.168.69.124, host: pr-hdds-2293-fsv7b-60401721, networkLocation: /default-rack, certSerialId: null} reports an CLOSED replica.
2019-10-18 14:03:03,033 [BlockDeletingService#2] WARN  background.BlockDeletingService (BlockDeletingService.java:isDeletionAllowed(187)) - Close Container log Index 6 is not replicated across allthe servers in the pipeline 08f27b3d-1876-4e46-af5a-1c08cd4f7525 as the min replicated index is 4. Deletion is not allowed in this container yet.
2019-10-18 14:03:03,034 [BlockDeletingService#0] WARN  background.BlockDeletingService (BlockDeletingService.java:isDeletionAllowed(187)) - Close Container log Index 6 is not replicated across allthe servers in the pipeline 08f27b3d-1876-4e46-af5a-1c08cd4f7525 as the min replicated index is 4. Deletion is not allowed in this container yet.
2019-10-18 14:03:03,064 [EventQueue-ContainerReportForContainerReportHandler] WARN  container.ContainerReportHandler (AbstractContainerReportHandler.java:updateContainerState(145)) - Container #1 is in OPEN state, but the datanode 967a5d84-883e-4fc5-aa88-430cc6c4b93a{ip: 192.168.69.124, host: pr-hdds-2293-fsv7b-60401721, networkLocation: /default-rack, certSerialId: null} reports an CLOSED replica.
2019-10-18 14:03:03,134 [EventQueue-ContainerReportForContainerReportHandler] WARN  container.ContainerReportHandler (AbstractContainerReportHandler.java:updateContainerState(145)) - Container #1 is in OPEN state, but the datanode 524d4c73-bbaf-4142-9273-d20c5a8628b4{ip: 192.168.69.124, host: pr-hdds-2293-fsv7b-60401721, networkLocation: /default-rack, certSerialId: null} reports an CLOSED replica.
2019-10-18 14:03:03,364 [EventQueue-ContainerReportForContainerReportHandler] WARN  container.ContainerReportHandler (AbstractContainerReportHandler.java:updateContainerState(145)) - Container #1 is in OPEN state, but the datanode 967a5d84-883e-4fc5-aa88-430cc6c4b93a{ip: 192.168.69.124, host: pr-hdds-2293-fsv7b-60401721, networkLocation: /default-rack, certSerialId: null} reports an CLOSED replica.
2019-10-18 14:03:03,435 [EventQueue-ContainerReportForContainerReportHandler] WARN  container.ContainerReportHandler (AbstractContainerReportHandler.java:updateContainerState(145)) - Container #1 is in OPEN state, but the datanode 524d4c73-bbaf-4142-9273-d20c5a8628b4{ip: 192.168.69.124, host: pr-hdds-2293-fsv7b-60401721, networkLocation: /default-rack, certSerialId: null} reports an CLOSED replica.
2019-10-18 14:03:03,635 [EventQueue-ContainerReportForContainerReportHandler] WARN  container.ContainerReportHandler (AbstractContainerReportHandler.java:updateContainerState(145)) - Container #1 is in OPEN state, but the datanode 524d4c73-bbaf-4142-9273-d20c5a8628b4{ip: 192.168.69.124, host: pr-hdds-2293-fsv7b-60401721, networkLocation: /default-rack, certSerialId: null} reports an CLOSED replica.
2019-10-18 14:03:03,664 [EventQueue-ContainerReportForContainerReportHandler] WARN  container.ContainerReportHandler (AbstractContainerReportHandler.java:updateContainerState(145)) - Container #1 is in OPEN state, but the datanode 967a5d84-883e-4fc5-aa88-430cc6c4b93a{ip: 192.168.69.124, host: pr-hdds-2293-fsv7b-60401721, networkLocation: /default-rack, certSerialId: null} reports an CLOSED replica.
2019-10-18 14:03:04,035 [BlockDeletingService#2] WARN  background.BlockDeletingService (BlockDeletingService.java:isDeletionAllowed(187)) - Close Container log Index 6 is not replicated across allthe servers in the pipeline 08f27b3d-1876-4e46-af5a-1c08cd4f7525 as the min replicated index is 4. Deletion is not allowed in this container yet.
2019-10-18 14:03:04,035 [BlockDeletingService#0] WARN  background.BlockDeletingService (BlockDeletingService.java:isDeletionAllowed(187)) - Close Container log Index 6 is not replicated across allthe servers in the pipeline 08f27b3d-1876-4e46-af5a-1c08cd4f7525 as the min replicated index is 4. Deletion is not allowed in this container yet.
2019-10-18 14:03:04,037 [EventQueue-ContainerReportForContainerReportHandler] WARN  container.ContainerReportHandler (AbstractContainerReportHandler.java:updateContainerState(145)) - Container #1 is in OPEN state, but the datanode 524d4c73-bbaf-4142-9273-d20c5a8628b4{ip: 192.168.69.124, host: pr-hdds-2293-fsv7b-60401721, networkLocation: /default-rack, certSerialId: null} reports an CLOSED replica.
2019-10-18 14:03:04,065 [EventQueue-ContainerReportForContainerReportHandler] WARN  container.ContainerReportHandler (AbstractContainerReportHandler.java:updateContainerState(145)) - Container #1 is in OPEN state, but the datanode 967a5d84-883e-4fc5-aa88-430cc6c4b93a{ip: 192.168.69.124, host: pr-hdds-2293-fsv7b-60401721, networkLocation: /default-rack, certSerialId: null} reports an CLOSED replica.
2019-10-18 14:03:04,151 [java.util.concurrent.ThreadPoolExecutor$Worker@3e376dad[State = -1, empty queue]] WARN  server.GrpcLogAppender (GrpcLogAppender.java:timeoutAppendRequest(209)) - 524d4c73-bbaf-4142-9273-d20c5a8628b4@group-1C08CD4F7525->0eccc4cb-77af-4c43-89bd-f01b83be0073-GrpcLogAppender: appendEntries Timeout, request=524d4c73-bbaf-4142-9273-d20c5a8628b4->0eccc4cb-77af-4c43-89bd-f01b83be0073#42-t2, previous=(t:2, i:10), leaderCommit=10, initializing? false, entries: <empty>
2019-10-18 14:03:04,336 [EventQueue-ContainerReportForContainerReportHandler] WARN  container.ContainerReportHandler (AbstractContainerReportHandler.java:updateContainerState(145)) - Container #1 is in OPEN state, but the datanode 524d4c73-bbaf-4142-9273-d20c5a8628b4{ip: 192.168.69.124, host: pr-hdds-2293-fsv7b-60401721, networkLocation: /default-rack, certSerialId: null} reports an CLOSED replica.
2019-10-18 14:03:04,365 [EventQueue-ContainerReportForContainerReportHandler] WARN  container.ContainerReportHandler (AbstractContainerReportHandler.java:updateContainerState(145)) - Container #1 is in OPEN state, but the datanode 967a5d84-883e-4fc5-aa88-430cc6c4b93a{ip: 192.168.69.124, host: pr-hdds-2293-fsv7b-60401721, networkLocation: /default-rack, certSerialId: null} reports an CLOSED replica.
2019-10-18 14:03:04,665 [EventQueue-ContainerReportForContainerReportHandler] WARN  container.ContainerReportHandler (AbstractContainerReportHandler.java:updateContainerState(145)) - Container #1 is in OPEN state, but the datanode 967a5d84-883e-4fc5-aa88-430cc6c4b93a{ip: 192.168.69.124, host: pr-hdds-2293-fsv7b-60401721, networkLocation: /default-rack, certSerialId: null} reports an CLOSED replica.
2019-10-18 14:03:04,739 [EventQueue-ContainerReportForContainerReportHandler] WARN  container.ContainerReportHandler (AbstractContainerReportHandler.java:updateContainerState(145)) - Container #1 is in OPEN state, but the datanode 524d4c73-bbaf-4142-9273-d20c5a8628b4{ip: 192.168.69.124, host: pr-hdds-2293-fsv7b-60401721, networkLocation: /default-rack, certSerialId: null} reports an CLOSED replica.
2019-10-18 14:03:04,865 [EventQueue-ContainerReportForContainerReportHandler] WARN  container.ContainerReportHandler (AbstractContainerReportHandler.java:updateContainerState(145)) - Container #1 is in OPEN state, but the datanode 967a5d84-883e-4fc5-aa88-430cc6c4b93a{ip: 192.168.69.124, host: pr-hdds-2293-fsv7b-60401721, networkLocation: /default-rack, certSerialId: null} reports an CLOSED replica.
2019-10-18 14:03:04,940 [EventQueue-ContainerReportForContainerReportHandler] WARN  container.ContainerReportHandler (AbstractContainerReportHandler.java:updateContainerState(145)) - Container #1 is in OPEN state, but the datanode 524d4c73-bbaf-4142-9273-d20c5a8628b4{ip: 192.168.69.124, host: pr-hdds-2293-fsv7b-60401721, networkLocation: /default-rack, certSerialId: null} reports an CLOSED replica.
2019-10-18 14:03:05,037 [BlockDeletingService#2] WARN  background.BlockDeletingService (BlockDeletingService.java:isDeletionAllowed(187)) - Close Container log Index 6 is not replicated across allthe servers in the pipeline 08f27b3d-1876-4e46-af5a-1c08cd4f7525 as the min replicated index is 4. Deletion is not allowed in this container yet.
2019-10-18 14:03:05,037 [BlockDeletingService#0] WARN  background.BlockDeletingService (BlockDeletingService.java:isDeletionAllowed(187)) - Close Container log Index 6 is not replicated across allthe servers in the pipeline 08f27b3d-1876-4e46-af5a-1c08cd4f7525 as the min replicated index is 4. Deletion is not allowed in this container yet.
2019-10-18 14:03:05,165 [EventQueue-ContainerReportForContainerReportHandler] WARN  container.ContainerReportHandler (AbstractContainerReportHandler.java:updateContainerState(145)) - Container #1 is in OPEN state, but the datanode 967a5d84-883e-4fc5-aa88-430cc6c4b93a{ip: 192.168.69.124, host: pr-hdds-2293-fsv7b-60401721, networkLocation: /default-rack, certSerialId: null} reports an CLOSED replica.
2019-10-18 14:03:05,241 [EventQueue-ContainerReportForContainerReportHandler] WARN  container.ContainerReportHandler (AbstractContainerReportHandler.java:updateContainerState(145)) - Container #1 is in OPEN state, but the datanode 524d4c73-bbaf-4142-9273-d20c5a8628b4{ip: 192.168.69.124, host: pr-hdds-2293-fsv7b-60401721, networkLocation: /default-rack, certSerialId: null} reports an CLOSED replica.
2019-10-18 14:03:05,365 [EventQueue-ContainerReportForContainerReportHandler] WARN  container.ContainerReportHandler (AbstractContainerReportHandler.java:updateContainerState(145)) - Container #1 is in OPEN state, but the datanode 967a5d84-883e-4fc5-aa88-430cc6c4b93a{ip: 192.168.69.124, host: pr-hdds-2293-fsv7b-60401721, networkLocation: /default-rack, certSerialId: null} reports an CLOSED replica.
2019-10-18 14:03:05,640 [EventQueue-ContainerReportForContainerReportHandler] WARN  container.ContainerReportHandler (AbstractContainerReportHandler.java:updateContainerState(145)) - Container #1 is in OPEN state, but the datanode 524d4c73-bbaf-4142-9273-d20c5a8628b4{ip: 192.168.69.124, host: pr-hdds-2293-fsv7b-60401721, networkLocation: /default-rack, certSerialId: null} reports an CLOSED replica.
2019-10-18 14:03:05,665 [EventQueue-ContainerReportForContainerReportHandler] WARN  container.ContainerReportHandler (AbstractContainerReportHandler.java:updateContainerState(145)) - Container #1 is in OPEN state, but the datanode 967a5d84-883e-4fc5-aa88-430cc6c4b93a{ip: 192.168.69.124, host: pr-hdds-2293-fsv7b-60401721, networkLocation: /default-rack, certSerialId: null} reports an CLOSED replica.
2019-10-18 14:03:05,885 [Thread-457] INFO  client.GrpcClientProtocolService (GrpcClientProtocolService.java:lambda$processClientRequest$0(278)) - Failed RaftClientRequest:client-D27B19DE1784->524d4c73-bbaf-4142-9273-d20c5a8628b4@group-1C08CD4F7525, cid=10, seq=0, Watch-ALL_COMMITTED(6), Message:<EMPTY>, reply=RaftClientReply:client-D27B19DE1784->524d4c73-bbaf-4142-9273-d20c5a8628b4@group-1C08CD4F7525, cid=10, FAILED org.apache.ratis.protocol.NotReplicatedException: Request with call Id 10 and log index 6 is not yet replicated to ALL_COMMITTED, logIndex=6, commits[524d4c73-bbaf-4142-9273-d20c5a8628b4:c10, 967a5d84-883e-4fc5-aa88-430cc6c4b93a:c10, 0eccc4cb-77af-4c43-89bd-f01b83be0073:c4]
2019-10-18 14:03:05,941 [EventQueue-ContainerReportForContainerReportHandler] WARN  container.ContainerReportHandler (AbstractContainerReportHandler.java:updateContainerState(145)) - Container #1 is in OPEN state, but the datanode 524d4c73-bbaf-4142-9273-d20c5a8628b4{ip: 192.168.69.124, host: pr-hdds-2293-fsv7b-60401721, networkLocation: /default-rack, certSerialId: null} reports an CLOSED replica.
2019-10-18 14:03:06,039 [BlockDeletingService#0] WARN  background.BlockDeletingService (BlockDeletingService.java:isDeletionAllowed(187)) - Close Container log Index 6 is not replicated across allthe servers in the pipeline 08f27b3d-1876-4e46-af5a-1c08cd4f7525 as the min replicated index is 4. Deletion is not allowed in this container yet.
2019-10-18 14:03:06,039 [BlockDeletingService#2] WARN  background.BlockDeletingService (BlockDeletingService.java:isDeletionAllowed(187)) - Close Container log Index 6 is not replicated across allthe servers in the pipeline 08f27b3d-1876-4e46-af5a-1c08cd4f7525 as the min replicated index is 4. Deletion is not allowed in this container yet.
2019-10-18 14:03:06,065 [EventQueue-ContainerReportForContainerReportHandler] WARN  container.ContainerReportHandler (AbstractContainerReportHandler.java:updateContainerState(145)) - Container #1 is in OPEN state, but the datanode 967a5d84-883e-4fc5-aa88-430cc6c4b93a{ip: 192.168.69.124, host: pr-hdds-2293-fsv7b-60401721, networkLocation: /default-rack, certSerialId: null} reports an CLOSED replica.
2019-10-18 14:03:06,265 [EventQueue-ContainerReportForContainerReportHandler] WARN  container.ContainerReportHandler (AbstractContainerReportHandler.java:updateContainerState(145)) - Container #1 is in OPEN state, but the datanode 967a5d84-883e-4fc5-aa88-430cc6c4b93a{ip: 192.168.69.124, host: pr-hdds-2293-fsv7b-60401721, networkLocation: /default-rack, certSerialId: null} reports an CLOSED replica.
2019-10-18 14:03:06,342 [EventQueue-ContainerReportForContainerReportHandler] WARN  container.ContainerReportHandler (AbstractContainerReportHandler.java:updateContainerState(145)) - Container #1 is in OPEN state, but the datanode 524d4c73-bbaf-4142-9273-d20c5a8628b4{ip: 192.168.69.124, host: pr-hdds-2293-fsv7b-60401721, networkLocation: /default-rack, certSerialId: null} reports an CLOSED replica.
2019-10-18 14:03:06,565 [EventQueue-ContainerReportForContainerReportHandler] WARN  container.ContainerReportHandler (AbstractContainerReportHandler.java:updateContainerState(145)) - Container #1 is in OPEN state, but the datanode 967a5d84-883e-4fc5-aa88-430cc6c4b93a{ip: 192.168.69.124, host: pr-hdds-2293-fsv7b-60401721, networkLocation: /default-rack, certSerialId: null} reports an CLOSED replica.
2019-10-18 14:03:06,642 [EventQueue-ContainerReportForContainerReportHandler] WARN  container.ContainerReportHandler (AbstractContainerReportHandler.java:updateContainerState(145)) - Container #1 is in OPEN state, but the datanode 524d4c73-bbaf-4142-9273-d20c5a8628b4{ip: 192.168.69.124, host: pr-hdds-2293-fsv7b-60401721, networkLocation: /default-rack, certSerialId: null} reports an CLOSED replica.
2019-10-18 14:03:06,652 [java.util.concurrent.ThreadPoolExecutor$Worker@3e376dad[State = -1, empty queue]] WARN  server.GrpcLogAppender (GrpcLogAppender.java:timeoutAppendRequest(209)) - 524d4c73-bbaf-4142-9273-d20c5a8628b4@group-1C08CD4F7525->0eccc4cb-77af-4c43-89bd-f01b83be0073-GrpcLogAppender: appendEntries Timeout, request=524d4c73-bbaf-4142-9273-d20c5a8628b4->0eccc4cb-77af-4c43-89bd-f01b83be0073#43-t2, previous=(t:2, i:10), leaderCommit=10, initializing? false, entries: <empty>
2019-10-18 14:03:06,943 [EventQueue-ContainerReportForContainerReportHandler] WARN  container.ContainerReportHandler (AbstractContainerReportHandler.java:updateContainerState(145)) - Container #1 is in OPEN state, but the datanode 524d4c73-bbaf-4142-9273-d20c5a8628b4{ip: 192.168.69.124, host: pr-hdds-2293-fsv7b-60401721, networkLocation: /default-rack, certSerialId: null} reports an CLOSED replica.
2019-10-18 14:03:06,966 [EventQueue-ContainerReportForContainerReportHandler] WARN  container.ContainerReportHandler (AbstractContainerReportHandler.java:updateContainerState(145)) - Container #1 is in OPEN state, but the datanode 967a5d84-883e-4fc5-aa88-430cc6c4b93a{ip: 192.168.69.124, host: pr-hdds-2293-fsv7b-60401721, networkLocation: /default-rack, certSerialId: null} reports an CLOSED replica.
2019-10-18 14:03:07,044 [BlockDeletingService#2] WARN  background.BlockDeletingService (BlockDeletingService.java:isDeletionAllowed(187)) - Close Container log Index 6 is not replicated across allthe servers in the pipeline 08f27b3d-1876-4e46-af5a-1c08cd4f7525 as the min replicated index is 4. Deletion is not allowed in this container yet.
2019-10-18 14:03:07,044 [BlockDeletingService#0] WARN  background.BlockDeletingService (BlockDeletingService.java:isDeletionAllowed(187)) - Close Container log Index 6 is not replicated across allthe servers in the pipeline 08f27b3d-1876-4e46-af5a-1c08cd4f7525 as the min replicated index is 4. Deletion is not allowed in this container yet.
2019-10-18 14:03:07,266 [EventQueue-ContainerReportForContainerReportHandler] WARN  container.ContainerReportHandler (AbstractContainerReportHandler.java:updateContainerState(145)) - Container #1 is in OPEN state, but the datanode 967a5d84-883e-4fc5-aa88-430cc6c4b93a{ip: 192.168.69.124, host: pr-hdds-2293-fsv7b-60401721, networkLocation: /default-rack, certSerialId: null} reports an CLOSED replica.
2019-10-18 14:03:07,345 [EventQueue-ContainerReportForContainerReportHandler] WARN  container.ContainerReportHandler (AbstractContainerReportHandler.java:updateContainerState(145)) - Container #1 is in OPEN state, but the datanode 524d4c73-bbaf-4142-9273-d20c5a8628b4{ip: 192.168.69.124, host: pr-hdds-2293-fsv7b-60401721, networkLocation: /default-rack, certSerialId: null} reports an CLOSED replica.
2019-10-18 14:03:07,466 [EventQueue-ContainerReportForContainerReportHandler] WARN  container.ContainerReportHandler (AbstractContainerReportHandler.java:updateContainerState(145)) - Container #1 is in OPEN state, but the datanode 967a5d84-883e-4fc5-aa88-430cc6c4b93a{ip: 192.168.69.124, host: pr-hdds-2293-fsv7b-60401721, networkLocation: /default-rack, certSerialId: null} reports an CLOSED replica.
2019-10-18 14:03:07,545 [EventQueue-ContainerReportForContainerReportHandler] WARN  container.ContainerReportHandler (AbstractContainerReportHandler.java:updateContainerState(145)) - Container #1 is in OPEN state, but the datanode 524d4c73-bbaf-4142-9273-d20c5a8628b4{ip: 192.168.69.124, host: pr-hdds-2293-fsv7b-60401721, networkLocation: /default-rack, certSerialId: null} reports an CLOSED replica.
2019-10-18 14:03:07,845 [EventQueue-ContainerReportForContainerReportHandler] WARN  container.ContainerReportHandler (AbstractContainerReportHandler.java:updateContainerState(145)) - Container #1 is in OPEN state, but the datanode 524d4c73-bbaf-4142-9273-d20c5a8628b4{ip: 192.168.69.124, host: pr-hdds-2293-fsv7b-60401721, networkLocation: /default-rack, certSerialId: null} reports an CLOSED replica.
2019-10-18 14:03:07,866 [EventQueue-ContainerReportForContainerReportHandler] WARN  container.ContainerReportHandler (AbstractContainerReportHandler.java:updateContainerState(145)) - Container #1 is in OPEN state, but the datanode 967a5d84-883e-4fc5-aa88-430cc6c4b93a{ip: 192.168.69.124, host: pr-hdds-2293-fsv7b-60401721, networkLocation: /default-rack, certSerialId: null} reports an CLOSED replica.
2019-10-18 14:03:08,046 [BlockDeletingService#2] WARN  background.BlockDeletingService (BlockDeletingService.java:isDeletionAllowed(187)) - Close Container log Index 6 is not replicated across allthe servers in the pipeline 08f27b3d-1876-4e46-af5a-1c08cd4f7525 as the min replicated index is 4. Deletion is not allowed in this container yet.
2019-10-18 14:03:08,046 [BlockDeletingService#0] WARN  background.BlockDeletingService (BlockDeletingService.java:isDeletionAllowed(187)) - Close Container log Index 6 is not replicated across allthe servers in the pipeline 08f27b3d-1876-4e46-af5a-1c08cd4f7525 as the min replicated index is 4. Deletion is not allowed in this container yet.
2019-10-18 14:03:08,145 [EventQueue-ContainerReportForContainerReportHandler] WARN  container.ContainerReportHandler (AbstractContainerReportHandler.java:updateContainerState(145)) - Container #1 is in OPEN state, but the datanode 524d4c73-bbaf-4142-9273-d20c5a8628b4{ip: 192.168.69.124, host: pr-hdds-2293-fsv7b-60401721, networkLocation: /default-rack, certSerialId: null} reports an CLOSED replica.
2019-10-18 14:03:08,166 [EventQueue-ContainerReportForContainerReportHandler] WARN  container.ContainerReportHandler (AbstractContainerReportHandler.java:updateContainerState(145)) - Container #1 is in OPEN state, but the datanode 967a5d84-883e-4fc5-aa88-430cc6c4b93a{ip: 192.168.69.124, host: pr-hdds-2293-fsv7b-60401721, networkLocation: /default-rack, certSerialId: null} reports an CLOSED replica.
2019-10-18 14:03:08,366 [EventQueue-ContainerReportForContainerReportHandler] WARN  container.ContainerReportHandler (AbstractContainerReportHandler.java:updateContainerState(145)) - Container #1 is in OPEN state, but the datanode 967a5d84-883e-4fc5-aa88-430cc6c4b93a{ip: 192.168.69.124, host: pr-hdds-2293-fsv7b-60401721, networkLocation: /default-rack, certSerialId: null} reports an CLOSED replica.
2019-10-18 14:03:08,445 [EventQueue-ContainerReportForContainerReportHandler] WARN  container.ContainerReportHandler (AbstractContainerReportHandler.java:updateContainerState(145)) - Container #1 is in OPEN state, but the datanode 524d4c73-bbaf-4142-9273-d20c5a8628b4{ip: 192.168.69.124, host: pr-hdds-2293-fsv7b-60401721, networkLocation: /default-rack, certSerialId: null} reports an CLOSED replica.
2019-10-18 14:03:08,645 [EventQueue-ContainerReportForContainerReportHandler] WARN  container.ContainerReportHandler (AbstractContainerReportHandler.java:updateContainerState(145)) - Container #1 is in OPEN state, but the datanode 524d4c73-bbaf-4142-9273-d20c5a8628b4{ip: 192.168.69.124, host: pr-hdds-2293-fsv7b-60401721, networkLocation: /default-rack, certSerialId: null} reports an CLOSED replica.
2019-10-18 14:03:08,666 [EventQueue-ContainerReportForContainerReportHandler] WARN  container.ContainerReportHandler (AbstractContainerReportHandler.java:updateContainerState(145)) - Container #1 is in OPEN state, but the datanode 967a5d84-883e-4fc5-aa88-430cc6c4b93a{ip: 192.168.69.124, host: pr-hdds-2293-fsv7b-60401721, networkLocation: /default-rack, certSerialId: null} reports an CLOSED replica.
2019-10-18 14:03:08,950 [EventQueue-ContainerReportForContainerReportHandler] WARN  container.ContainerReportHandler (AbstractContainerReportHandler.java:updateContainerState(145)) - Container #1 is in OPEN state, but the datanode 524d4c73-bbaf-4142-9273-d20c5a8628b4{ip: 192.168.69.124, host: pr-hdds-2293-fsv7b-60401721, networkLocation: /default-rack, certSerialId: null} reports an CLOSED replica.
2019-10-18 14:03:08,966 [EventQueue-ContainerReportForContainerReportHandler] WARN  container.ContainerReportHandler (AbstractContainerReportHandler.java:updateContainerState(145)) - Container #1 is in OPEN state, but the datanode 967a5d84-883e-4fc5-aa88-430cc6c4b93a{ip: 192.168.69.124, host: pr-hdds-2293-fsv7b-60401721, networkLocation: /default-rack, certSerialId: null} reports an CLOSED replica.
2019-10-18 14:03:09,048 [BlockDeletingService#2] WARN  background.BlockDeletingService (BlockDeletingService.java:isDeletionAllowed(187)) - Close Container log Index 6 is not replicated across allthe servers in the pipeline 08f27b3d-1876-4e46-af5a-1c08cd4f7525 as the min replicated index is 4. Deletion is not allowed in this container yet.
2019-10-18 14:03:09,048 [BlockDeletingService#0] WARN  background.BlockDeletingService (BlockDeletingService.java:isDeletionAllowed(187)) - Close Container log Index 6 is not replicated across allthe servers in the pipeline 08f27b3d-1876-4e46-af5a-1c08cd4f7525 as the min replicated index is 4. Deletion is not allowed in this container yet.
2019-10-18 14:03:09,153 [java.util.concurrent.ThreadPoolExecutor$Worker@3e376dad[State = -1, empty queue]] WARN  server.GrpcLogAppender (GrpcLogAppender.java:timeoutAppendRequest(209)) - 524d4c73-bbaf-4142-9273-d20c5a8628b4@group-1C08CD4F7525->0eccc4cb-77af-4c43-89bd-f01b83be0073-GrpcLogAppender: appendEntries Timeout, request=524d4c73-bbaf-4142-9273-d20c5a8628b4->0eccc4cb-77af-4c43-89bd-f01b83be0073#44-t2, previous=(t:2, i:10), leaderCommit=10, initializing? false, entries: <empty>
2019-10-18 14:03:09,266 [EventQueue-ContainerReportForContainerReportHandler] WARN  container.ContainerReportHandler (AbstractContainerReportHandler.java:updateContainerState(145)) - Container #1 is in OPEN state, but the datanode 967a5d84-883e-4fc5-aa88-430cc6c4b93a{ip: 192.168.69.124, host: pr-hdds-2293-fsv7b-60401721, networkLocation: /default-rack, certSerialId: null} reports an CLOSED replica.
2019-10-18 14:03:09,350 [EventQueue-ContainerReportForContainerReportHandler] WARN  container.ContainerReportHandler (AbstractContainerReportHandler.java:updateContainerState(145)) - Container #1 is in OPEN state, but the datanode 524d4c73-bbaf-4142-9273-d20c5a8628b4{ip: 192.168.69.124, host: pr-hdds-2293-fsv7b-60401721, networkLocation: /default-rack, certSerialId: null} reports an CLOSED replica.
2019-10-18 14:03:09,567 [EventQueue-ContainerReportForContainerReportHandler] WARN  container.ContainerReportHandler (AbstractContainerReportHandler.java:updateContainerState(145)) - Container #1 is in OPEN state, but the datanode 967a5d84-883e-4fc5-aa88-430cc6c4b93a{ip: 192.168.69.124, host: pr-hdds-2293-fsv7b-60401721, networkLocation: /default-rack, certSerialId: null} reports an CLOSED replica.
2019-10-18 14:03:09,651 [EventQueue-ContainerReportForContainerReportHandler] WARN  container.ContainerReportHandler (AbstractContainerReportHandler.java:updateContainerState(145)) - Container #1 is in OPEN state, but the datanode 524d4c73-bbaf-4142-9273-d20c5a8628b4{ip: 192.168.69.124, host: pr-hdds-2293-fsv7b-60401721, networkLocation: /default-rack, certSerialId: null} reports an CLOSED replica.
2019-10-18 14:03:09,768 [EventQueue-ContainerReportForContainerReportHandler] WARN  container.ContainerReportHandler (AbstractContainerReportHandler.java:updateContainerState(145)) - Container #1 is in OPEN state, but the datanode 967a5d84-883e-4fc5-aa88-430cc6c4b93a{ip: 192.168.69.124, host: pr-hdds-2293-fsv7b-60401721, networkLocation: /default-rack, certSerialId: null} reports an CLOSED replica.
2019-10-18 14:03:09,952 [EventQueue-ContainerReportForContainerReportHandler] WARN  container.ContainerReportHandler (AbstractContainerReportHandler.java:updateContainerState(145)) - Container #1 is in OPEN state, but the datanode 524d4c73-bbaf-4142-9273-d20c5a8628b4{ip: 192.168.69.124, host: pr-hdds-2293-fsv7b-60401721, networkLocation: /default-rack, certSerialId: null} reports an CLOSED replica.
2019-10-18 14:03:10,049 [BlockDeletingService#0] WARN  background.BlockDeletingService (BlockDeletingService.java:isDeletionAllowed(187)) - Close Container log Index 6 is not replicated across allthe servers in the pipeline 08f27b3d-1876-4e46-af5a-1c08cd4f7525 as the min replicated index is 4. Deletion is not allowed in this container yet.
2019-10-18 14:03:10,049 [BlockDeletingService#2] WARN  background.BlockDeletingService (BlockDeletingService.java:isDeletionAllowed(187)) - Close Container log Index 6 is not replicated across allthe servers in the pipeline 08f27b3d-1876-4e46-af5a-1c08cd4f7525 as the min replicated index is 4. Deletion is not allowed in this container yet.
2019-10-18 14:03:10,167 [EventQueue-ContainerReportForContainerReportHandler] WARN  container.ContainerReportHandler (AbstractContainerReportHandler.java:updateContainerState(145)) - Container #1 is in OPEN state, but the datanode 967a5d84-883e-4fc5-aa88-430cc6c4b93a{ip: 192.168.69.124, host: pr-hdds-2293-fsv7b-60401721, networkLocation: /default-rack, certSerialId: null} reports an CLOSED replica.
2019-10-18 14:03:10,253 [EventQueue-ContainerReportForContainerReportHandler] WARN  container.ContainerReportHandler (AbstractContainerReportHandler.java:updateContainerState(145)) - Container #1 is in OPEN state, but the datanode 524d4c73-bbaf-4142-9273-d20c5a8628b4{ip: 192.168.69.124, host: pr-hdds-2293-fsv7b-60401721, networkLocation: /default-rack, certSerialId: null} reports an CLOSED replica.
2019-10-18 14:03:10,454 [EventQueue-ContainerReportForContainerReportHandler] WARN  container.ContainerReportHandler (AbstractContainerReportHandler.java:updateContainerState(145)) - Container #1 is in OPEN state, but the datanode 524d4c73-bbaf-4142-9273-d20c5a8628b4{ip: 192.168.69.124, host: pr-hdds-2293-fsv7b-60401721, networkLocation: /default-rack, certSerialId: null} reports an CLOSED replica.
2019-10-18 14:03:10,467 [EventQueue-ContainerReportForContainerReportHandler] WARN  container.ContainerReportHandler (AbstractContainerReportHandler.java:updateContainerState(145)) - Container #1 is in OPEN state, but the datanode 967a5d84-883e-4fc5-aa88-430cc6c4b93a{ip: 192.168.69.124, host: pr-hdds-2293-fsv7b-60401721, networkLocation: /default-rack, certSerialId: null} reports an CLOSED replica.
2019-10-18 14:03:10,668 [EventQueue-ContainerReportForContainerReportHandler] WARN  container.ContainerReportHandler (AbstractContainerReportHandler.java:updateContainerState(145)) - Container #1 is in OPEN state, but the datanode 967a5d84-883e-4fc5-aa88-430cc6c4b93a{ip: 192.168.69.124, host: pr-hdds-2293-fsv7b-60401721, networkLocation: /default-rack, certSerialId: null} reports an CLOSED replica.
2019-10-18 14:03:10,755 [EventQueue-ContainerReportForContainerReportHandler] WARN  container.ContainerReportHandler (AbstractContainerReportHandler.java:updateContainerState(145)) - Container #1 is in OPEN state, but the datanode 524d4c73-bbaf-4142-9273-d20c5a8628b4{ip: 192.168.69.124, host: pr-hdds-2293-fsv7b-60401721, networkLocation: /default-rack, certSerialId: null} reports an CLOSED replica.
2019-10-18 14:03:10,967 [EventQueue-ContainerReportForContainerReportHandler] WARN  container.ContainerReportHandler (AbstractContainerReportHandler.java:updateContainerState(145)) - Container #1 is in OPEN state, but the datanode 967a5d84-883e-4fc5-aa88-430cc6c4b93a{ip: 192.168.69.124, host: pr-hdds-2293-fsv7b-60401721, networkLocation: /default-rack, certSerialId: null} reports an CLOSED replica.
2019-10-18 14:03:11,051 [BlockDeletingService#2] WARN  background.BlockDeletingService (BlockDeletingService.java:isDeletionAllowed(187)) - Close Container log Index 6 is not replicated across allthe servers in the pipeline 08f27b3d-1876-4e46-af5a-1c08cd4f7525 as the min replicated index is 4. Deletion is not allowed in this container yet.
2019-10-18 14:03:11,051 [BlockDeletingService#0] WARN  background.BlockDeletingService (BlockDeletingService.java:isDeletionAllowed(187)) - Close Container log Index 6 is not replicated across allthe servers in the pipeline 08f27b3d-1876-4e46-af5a-1c08cd4f7525 as the min replicated index is 4. Deletion is not allowed in this container yet.
2019-10-18 14:03:11,056 [EventQueue-ContainerReportForContainerReportHandler] WARN  container.ContainerReportHandler (AbstractContainerReportHandler.java:updateContainerState(145)) - Container #1 is in OPEN state, but the datanode 524d4c73-bbaf-4142-9273-d20c5a8628b4{ip: 192.168.69.124, host: pr-hdds-2293-fsv7b-60401721, networkLocation: /default-rack, certSerialId: null} reports an CLOSED replica.
2019-10-18 14:03:11,267 [EventQueue-ContainerReportForContainerReportHandler] WARN  container.ContainerReportHandler (AbstractContainerReportHandler.java:updateContainerState(145)) - Container #1 is in OPEN state, but the datanode 967a5d84-883e-4fc5-aa88-430cc6c4b93a{ip: 192.168.69.124, host: pr-hdds-2293-fsv7b-60401721, networkLocation: /default-rack, certSerialId: null} reports an CLOSED replica.
2019-10-18 14:03:11,456 [EventQueue-ContainerReportForContainerReportHandler] WARN  container.ContainerReportHandler (AbstractContainerReportHandler.java:updateContainerState(145)) - Container #1 is in OPEN state, but the datanode 524d4c73-bbaf-4142-9273-d20c5a8628b4{ip: 192.168.69.124, host: pr-hdds-2293-fsv7b-60401721, networkLocation: /default-rack, certSerialId: null} reports an CLOSED replica.
2019-10-18 14:03:11,568 [EventQueue-ContainerReportForContainerReportHandler] WARN  container.ContainerReportHandler (AbstractContainerReportHandler.java:updateContainerState(145)) - Container #1 is in OPEN state, but the datanode 967a5d84-883e-4fc5-aa88-430cc6c4b93a{ip: 192.168.69.124, host: pr-hdds-2293-fsv7b-60401721, networkLocation: /default-rack, certSerialId: null} reports an CLOSED replica.
2019-10-18 14:03:11,654 [java.util.concurrent.ThreadPoolExecutor$Worker@3e376dad[State = -1, empty queue]] WARN  server.GrpcLogAppender (GrpcLogAppender.java:timeoutAppendRequest(209)) - 524d4c73-bbaf-4142-9273-d20c5a8628b4@group-1C08CD4F7525->0eccc4cb-77af-4c43-89bd-f01b83be0073-GrpcLogAppender: appendEntries Timeout, request=524d4c73-bbaf-4142-9273-d20c5a8628b4->0eccc4cb-77af-4c43-89bd-f01b83be0073#45-t2, previous=(t:2, i:10), leaderCommit=10, initializing? false, entries: <empty>
2019-10-18 14:03:11,756 [EventQueue-ContainerReportForContainerReportHandler] WARN  container.ContainerReportHandler (AbstractContainerReportHandler.java:updateContainerState(145)) - Container #1 is in OPEN state, but the datanode 524d4c73-bbaf-4142-9273-d20c5a8628b4{ip: 192.168.69.124, host: pr-hdds-2293-fsv7b-60401721, networkLocation: /default-rack, certSerialId: null} reports an CLOSED replica.
2019-10-18 14:03:11,968 [EventQueue-ContainerReportForContainerReportHandler] WARN  container.ContainerReportHandler (AbstractContainerReportHandler.java:updateContainerState(145)) - Container #1 is in OPEN state, but the datanode 967a5d84-883e-4fc5-aa88-430cc6c4b93a{ip: 192.168.69.124, host: pr-hdds-2293-fsv7b-60401721, networkLocation: /default-rack, certSerialId: null} reports an CLOSED replica.
2019-10-18 14:03:12,053 [BlockDeletingService#2] WARN  background.BlockDeletingService (BlockDeletingService.java:isDeletionAllowed(187)) - Close Container log Index 6 is not replicated across allthe servers in the pipeline 08f27b3d-1876-4e46-af5a-1c08cd4f7525 as the min replicated index is 4. Deletion is not allowed in this container yet.
2019-10-18 14:03:12,053 [BlockDeletingService#0] WARN  background.BlockDeletingService (BlockDeletingService.java:isDeletionAllowed(187)) - Close Container log Index 6 is not replicated across allthe servers in the pipeline 08f27b3d-1876-4e46-af5a-1c08cd4f7525 as the min replicated index is 4. Deletion is not allowed in this container yet.
2019-10-18 14:03:12,056 [EventQueue-ContainerReportForContainerReportHandler] WARN  container.ContainerReportHandler (AbstractContainerReportHandler.java:updateContainerState(145)) - Container #1 is in OPEN state, but the datanode 524d4c73-bbaf-4142-9273-d20c5a8628b4{ip: 192.168.69.124, host: pr-hdds-2293-fsv7b-60401721, networkLocation: /default-rack, certSerialId: null} reports an CLOSED replica.
2019-10-18 14:03:12,268 [EventQueue-ContainerReportForContainerReportHandler] WARN  container.ContainerReportHandler (AbstractContainerReportHandler.java:updateContainerState(145)) - Container #1 is in OPEN state, but the datanode 967a5d84-883e-4fc5-aa88-430cc6c4b93a{ip: 192.168.69.124, host: pr-hdds-2293-fsv7b-60401721, networkLocation: /default-rack, certSerialId: null} reports an CLOSED replica.
2019-10-18 14:03:12,357 [EventQueue-ContainerReportForContainerReportHandler] WARN  container.ContainerReportHandler (AbstractContainerReportHandler.java:updateContainerState(145)) - Container #1 is in OPEN state, but the datanode 524d4c73-bbaf-4142-9273-d20c5a8628b4{ip: 192.168.69.124, host: pr-hdds-2293-fsv7b-60401721, networkLocation: /default-rack, certSerialId: null} reports an CLOSED replica.
2019-10-18 14:03:12,668 [EventQueue-ContainerReportForContainerReportHandler] WARN  container.ContainerReportHandler (AbstractContainerReportHandler.java:updateContainerState(145)) - Container #1 is in OPEN state, but the datanode 967a5d84-883e-4fc5-aa88-430cc6c4b93a{ip: 192.168.69.124, host: pr-hdds-2293-fsv7b-60401721, networkLocation: /default-rack, certSerialId: null} reports an CLOSED replica.
2019-10-18 14:03:12,758 [EventQueue-ContainerReportForContainerReportHandler] WARN  container.ContainerReportHandler (AbstractContainerReportHandler.java:updateContainerState(145)) - Container #1 is in OPEN state, but the datanode 524d4c73-bbaf-4142-9273-d20c5a8628b4{ip: 192.168.69.124, host: pr-hdds-2293-fsv7b-60401721, networkLocation: /default-rack, certSerialId: null} reports an CLOSED replica.
2019-10-18 14:03:12,968 [EventQueue-ContainerReportForContainerReportHandler] WARN  container.ContainerReportHandler (AbstractContainerReportHandler.java:updateContainerState(145)) - Container #1 is in OPEN state, but the datanode 967a5d84-883e-4fc5-aa88-430cc6c4b93a{ip: 192.168.69.124, host: pr-hdds-2293-fsv7b-60401721, networkLocation: /default-rack, certSerialId: null} reports an CLOSED replica.
2019-10-18 14:03:13,055 [BlockDeletingService#2] WARN  background.BlockDeletingService (BlockDeletingService.java:isDeletionAllowed(187)) - Close Container log Index 6 is not replicated across allthe servers in the pipeline 08f27b3d-1876-4e46-af5a-1c08cd4f7525 as the min replicated index is 4. Deletion is not allowed in this container yet.
2019-10-18 14:03:13,055 [BlockDeletingService#0] WARN  background.BlockDeletingService (BlockDeletingService.java:isDeletionAllowed(187)) - Close Container log Index 6 is not replicated across allthe servers in the pipeline 08f27b3d-1876-4e46-af5a-1c08cd4f7525 as the min replicated index is 4. Deletion is not allowed in this container yet.
2019-10-18 14:03:13,061 [EventQueue-ContainerReportForContainerReportHandler] WARN  container.ContainerReportHandler (AbstractContainerReportHandler.java:updateContainerState(145)) - Container #1 is in OPEN state, but the datanode 524d4c73-bbaf-4142-9273-d20c5a8628b4{ip: 192.168.69.124, host: pr-hdds-2293-fsv7b-60401721, networkLocation: /default-rack, certSerialId: null} reports an CLOSED replica.
2019-10-18 14:03:13,168 [EventQueue-ContainerReportForContainerReportHandler] WARN  container.ContainerReportHandler (AbstractContainerReportHandler.java:updateContainerState(145)) - Container #1 is in OPEN state, but the datanode 967a5d84-883e-4fc5-aa88-430cc6c4b93a{ip: 192.168.69.124, host: pr-hdds-2293-fsv7b-60401721, networkLocation: /default-rack, certSerialId: null} reports an CLOSED replica.
2019-10-18 14:03:13,361 [EventQueue-ContainerReportForContainerReportHandler] WARN  container.ContainerReportHandler (AbstractContainerReportHandler.java:updateContainerState(145)) - Container #1 is in OPEN state, but the datanode 524d4c73-bbaf-4142-9273-d20c5a8628b4{ip: 192.168.69.124, host: pr-hdds-2293-fsv7b-60401721, networkLocation: /default-rack, certSerialId: null} reports an CLOSED replica.
2019-10-18 14:03:13,468 [EventQueue-ContainerReportForContainerReportHandler] WARN  container.ContainerReportHandler (AbstractContainerReportHandler.java:updateContainerState(145)) - Container #1 is in OPEN state, but the datanode 967a5d84-883e-4fc5-aa88-430cc6c4b93a{ip: 192.168.69.124, host: pr-hdds-2293-fsv7b-60401721, networkLocation: /default-rack, certSerialId: null} reports an CLOSED replica.
2019-10-18 14:03:13,561 [EventQueue-ContainerReportForContainerReportHandler] WARN  container.ContainerReportHandler (AbstractContainerReportHandler.java:updateContainerState(145)) - Container #1 is in OPEN state, but the datanode 524d4c73-bbaf-4142-9273-d20c5a8628b4{ip: 192.168.69.124, host: pr-hdds-2293-fsv7b-60401721, networkLocation: /default-rack, certSerialId: null} reports an CLOSED replica.
2019-10-18 14:03:13,668 [EventQueue-ContainerReportForContainerReportHandler] WARN  container.ContainerReportHandler (AbstractContainerReportHandler.java:updateContainerState(145)) - Container #1 is in OPEN state, but the datanode 967a5d84-883e-4fc5-aa88-430cc6c4b93a{ip: 192.168.69.124, host: pr-hdds-2293-fsv7b-60401721, networkLocation: /default-rack, certSerialId: null} reports an CLOSED replica.
2019-10-18 14:03:13,861 [EventQueue-ContainerReportForContainerReportHandler] WARN  container.ContainerReportHandler (AbstractContainerReportHandler.java:updateContainerState(145)) - Container #1 is in OPEN state, but the datanode 524d4c73-bbaf-4142-9273-d20c5a8628b4{ip: 192.168.69.124, host: pr-hdds-2293-fsv7b-60401721, networkLocation: /default-rack, certSerialId: null} reports an CLOSED replica.
2019-10-18 14:03:14,056 [BlockDeletingService#2] WARN  background.BlockDeletingService (BlockDeletingService.java:isDeletionAllowed(187)) - Close Container log Index 6 is not replicated across allthe servers in the pipeline 08f27b3d-1876-4e46-af5a-1c08cd4f7525 as the min replicated index is 4. Deletion is not allowed in this container yet.
2019-10-18 14:03:14,056 [BlockDeletingService#0] WARN  background.BlockDeletingService (BlockDeletingService.java:isDeletionAllowed(187)) - Close Container log Index 6 is not replicated across allthe servers in the pipeline 08f27b3d-1876-4e46-af5a-1c08cd4f7525 as the min replicated index is 4. Deletion is not allowed in this container yet.
2019-10-18 14:03:14,068 [EventQueue-ContainerReportForContainerReportHandler] WARN  container.ContainerReportHandler (AbstractContainerReportHandler.java:updateContainerState(145)) - Container #1 is in OPEN state, but the datanode 967a5d84-883e-4fc5-aa88-430cc6c4b93a{ip: 192.168.69.124, host: pr-hdds-2293-fsv7b-60401721, networkLocation: /default-rack, certSerialId: null} reports an CLOSED replica.
2019-10-18 14:03:14,155 [java.util.concurrent.ThreadPoolExecutor$Worker@3e376dad[State = -1, empty queue]] WARN  server.GrpcLogAppender (GrpcLogAppender.java:timeoutAppendRequest(209)) - 524d4c73-bbaf-4142-9273-d20c5a8628b4@group-1C08CD4F7525->0eccc4cb-77af-4c43-89bd-f01b83be0073-GrpcLogAppender: appendEntries Timeout, request=524d4c73-bbaf-4142-9273-d20c5a8628b4->0eccc4cb-77af-4c43-89bd-f01b83be0073#46-t2, previous=(t:2, i:10), leaderCommit=10, initializing? false, entries: <empty>
2019-10-18 14:03:14,161 [EventQueue-ContainerReportForContainerReportHandler] WARN  container.ContainerReportHandler (AbstractContainerReportHandler.java:updateContainerState(145)) - Container #1 is in OPEN state, but the datanode 524d4c73-bbaf-4142-9273-d20c5a8628b4{ip: 192.168.69.124, host: pr-hdds-2293-fsv7b-60401721, networkLocation: /default-rack, certSerialId: null} reports an CLOSED replica.
2019-10-18 14:03:14,369 [EventQueue-ContainerReportForContainerReportHandler] WARN  container.ContainerReportHandler (AbstractContainerReportHandler.java:updateContainerState(145)) - Container #1 is in OPEN state, but the datanode 967a5d84-883e-4fc5-aa88-430cc6c4b93a{ip: 192.168.69.124, host: pr-hdds-2293-fsv7b-60401721, networkLocation: /default-rack, certSerialId: null} reports an CLOSED replica.
2019-10-18 14:03:14,563 [EventQueue-ContainerReportForContainerReportHandler] WARN  container.ContainerReportHandler (AbstractContainerReportHandler.java:updateContainerState(145)) - Container #1 is in OPEN state, but the datanode 524d4c73-bbaf-4142-9273-d20c5a8628b4{ip: 192.168.69.124, host: pr-hdds-2293-fsv7b-60401721, networkLocation: /default-rack, certSerialId: null} reports an CLOSED replica.
2019-10-18 14:03:14,669 [EventQueue-ContainerReportForContainerReportHandler] WARN  container.ContainerReportHandler (AbstractContainerReportHandler.java:updateContainerState(145)) - Container #1 is in OPEN state, but the datanode 967a5d84-883e-4fc5-aa88-430cc6c4b93a{ip: 192.168.69.124, host: pr-hdds-2293-fsv7b-60401721, networkLocation: /default-rack, certSerialId: null} reports an CLOSED replica.
2019-10-18 14:03:14,871 [EventQueue-ContainerReportForContainerReportHandler] WARN  container.ContainerReportHandler (AbstractContainerReportHandler.java:updateContainerState(145)) - Container #1 is in OPEN state, but the datanode 967a5d84-883e-4fc5-aa88-430cc6c4b93a{ip: 192.168.69.124, host: pr-hdds-2293-fsv7b-60401721, networkLocation: /default-rack, certSerialId: null} reports an CLOSED replica.
2019-10-18 14:03:14,963 [EventQueue-ContainerReportForContainerReportHandler] WARN  container.ContainerReportHandler (AbstractContainerReportHandler.java:updateContainerState(145)) - Container #1 is in OPEN state, but the datanode 524d4c73-bbaf-4142-9273-d20c5a8628b4{ip: 192.168.69.124, host: pr-hdds-2293-fsv7b-60401721, networkLocation: /default-rack, certSerialId: null} reports an CLOSED replica.
2019-10-18 14:03:15,058 [BlockDeletingService#2] WARN  background.BlockDeletingService (BlockDeletingService.java:isDeletionAllowed(187)) - Close Container log Index 6 is not replicated across allthe servers in the pipeline 08f27b3d-1876-4e46-af5a-1c08cd4f7525 as the min replicated index is 4. Deletion is not allowed in this container yet.
2019-10-18 14:03:15,058 [BlockDeletingService#0] WARN  background.BlockDeletingService (BlockDeletingService.java:isDeletionAllowed(187)) - Close Container log Index 6 is not replicated across allthe servers in the pipeline 08f27b3d-1876-4e46-af5a-1c08cd4f7525 as the min replicated index is 4. Deletion is not allowed in this container yet.
2019-10-18 14:03:15,071 [EventQueue-ContainerReportForContainerReportHandler] WARN  container.ContainerReportHandler (AbstractContainerReportHandler.java:updateContainerState(145)) - Container #1 is in OPEN state, but the datanode 967a5d84-883e-4fc5-aa88-430cc6c4b93a{ip: 192.168.69.124, host: pr-hdds-2293-fsv7b-60401721, networkLocation: /default-rack, certSerialId: null} reports an CLOSED replica.
2019-10-18 14:03:15,363 [EventQueue-ContainerReportForContainerReportHandler] WARN  container.ContainerReportHandler (AbstractContainerReportHandler.java:updateContainerState(145)) - Container #1 is in OPEN state, but the datanode 524d4c73-bbaf-4142-9273-d20c5a8628b4{ip: 192.168.69.124, host: pr-hdds-2293-fsv7b-60401721, networkLocation: /default-rack, certSerialId: null} reports an CLOSED replica.
2019-10-18 14:03:15,371 [EventQueue-ContainerReportForContainerReportHandler] WARN  container.ContainerReportHandler (AbstractContainerReportHandler.java:updateContainerState(145)) - Container #1 is in OPEN state, but the datanode 967a5d84-883e-4fc5-aa88-430cc6c4b93a{ip: 192.168.69.124, host: pr-hdds-2293-fsv7b-60401721, networkLocation: /default-rack, certSerialId: null} reports an CLOSED replica.
2019-10-18 14:03:15,571 [EventQueue-ContainerReportForContainerReportHandler] WARN  container.ContainerReportHandler (AbstractContainerReportHandler.java:updateContainerState(145)) - Container #1 is in OPEN state, but the datanode 967a5d84-883e-4fc5-aa88-430cc6c4b93a{ip: 192.168.69.124, host: pr-hdds-2293-fsv7b-60401721, networkLocation: /default-rack, certSerialId: null} reports an CLOSED replica.
2019-10-18 14:03:15,664 [EventQueue-ContainerReportForContainerReportHandler] WARN  container.ContainerReportHandler (AbstractContainerReportHandler.java:updateContainerState(145)) - Container #1 is in OPEN state, but the datanode 524d4c73-bbaf-4142-9273-d20c5a8628b4{ip: 192.168.69.124, host: pr-hdds-2293-fsv7b-60401721, networkLocation: /default-rack, certSerialId: null} reports an CLOSED replica.
2019-10-18 14:03:15,864 [EventQueue-ContainerReportForContainerReportHandler] WARN  container.ContainerReportHandler (AbstractContainerReportHandler.java:updateContainerState(145)) - Container #1 is in OPEN state, but the datanode 524d4c73-bbaf-4142-9273-d20c5a8628b4{ip: 192.168.69.124, host: pr-hdds-2293-fsv7b-60401721, networkLocation: /default-rack, certSerialId: null} reports an CLOSED replica.
2019-10-18 14:03:15,872 [EventQueue-ContainerReportForContainerReportHandler] WARN  container.ContainerReportHandler (AbstractContainerReportHandler.java:updateContainerState(145)) - Container #1 is in OPEN state, but the datanode 967a5d84-883e-4fc5-aa88-430cc6c4b93a{ip: 192.168.69.124, host: pr-hdds-2293-fsv7b-60401721, networkLocation: /default-rack, certSerialId: null} reports an CLOSED replica.
2019-10-18 14:03:15,884 [Thread-486] INFO  client.GrpcClientProtocolService (GrpcClientProtocolService.java:lambda$processClientRequest$0(278)) - Failed RaftClientRequest:client-D27B19DE1784->524d4c73-bbaf-4142-9273-d20c5a8628b4@group-1C08CD4F7525, cid=10, seq=0, Watch-ALL_COMMITTED(6), Message:<EMPTY>, reply=RaftClientReply:client-D27B19DE1784->524d4c73-bbaf-4142-9273-d20c5a8628b4@group-1C08CD4F7525, cid=10, FAILED org.apache.ratis.protocol.NotReplicatedException: Request with call Id 10 and log index 6 is not yet replicated to ALL_COMMITTED, logIndex=6, commits[524d4c73-bbaf-4142-9273-d20c5a8628b4:c10, 967a5d84-883e-4fc5-aa88-430cc6c4b93a:c10, 0eccc4cb-77af-4c43-89bd-f01b83be0073:c4]
2019-10-18 14:03:16,060 [BlockDeletingService#2] WARN  background.BlockDeletingService (BlockDeletingService.java:isDeletionAllowed(187)) - Close Container log Index 6 is not replicated across allthe servers in the pipeline 08f27b3d-1876-4e46-af5a-1c08cd4f7525 as the min replicated index is 4. Deletion is not allowed in this container yet.
2019-10-18 14:03:16,060 [BlockDeletingService#0] WARN  background.BlockDeletingService (BlockDeletingService.java:isDeletionAllowed(187)) - Close Container log Index 6 is not replicated across allthe servers in the pipeline 08f27b3d-1876-4e46-af5a-1c08cd4f7525 as the min replicated index is 4. Deletion is not allowed in this container yet.
2019-10-18 14:03:16,173 [EventQueue-ContainerReportForContainerReportHandler] WARN  container.ContainerReportHandler (AbstractContainerReportHandler.java:updateContainerState(145)) - Container #1 is in OPEN state, but the datanode 967a5d84-883e-4fc5-aa88-430cc6c4b93a{ip: 192.168.69.124, host: pr-hdds-2293-fsv7b-60401721, networkLocation: /default-rack, certSerialId: null} reports an CLOSED replica.
2019-10-18 14:03:16,265 [EventQueue-ContainerReportForContainerReportHandler] WARN  container.ContainerReportHandler (AbstractContainerReportHandler.java:updateContainerState(145)) - Container #1 is in OPEN state, but the datanode 524d4c73-bbaf-4142-9273-d20c5a8628b4{ip: 192.168.69.124, host: pr-hdds-2293-fsv7b-60401721, networkLocation: /default-rack, certSerialId: null} reports an CLOSED replica.
2019-10-18 14:03:16,473 [EventQueue-ContainerReportForContainerReportHandler] WARN  container.ContainerReportHandler (AbstractContainerReportHandler.java:updateContainerState(145)) - Container #1 is in OPEN state, but the datanode 967a5d84-883e-4fc5-aa88-430cc6c4b93a{ip: 192.168.69.124, host: pr-hdds-2293-fsv7b-60401721, networkLocation: /default-rack, certSerialId: null} reports an CLOSED replica.
2019-10-18 14:03:16,656 [java.util.concurrent.ThreadPoolExecutor$Worker@3e376dad[State = -1, empty queue]] WARN  server.GrpcLogAppender (GrpcLogAppender.java:timeoutAppendRequest(209)) - 524d4c73-bbaf-4142-9273-d20c5a8628b4@group-1C08CD4F7525->0eccc4cb-77af-4c43-89bd-f01b83be0073-GrpcLogAppender: appendEntries Timeout, request=524d4c73-bbaf-4142-9273-d20c5a8628b4->0eccc4cb-77af-4c43-89bd-f01b83be0073#47-t2, previous=(t:2, i:10), leaderCommit=10, initializing? false, entries: <empty>
2019-10-18 14:03:16,665 [EventQueue-ContainerReportForContainerReportHandler] WARN  container.ContainerReportHandler (AbstractContainerReportHandler.java:updateContainerState(145)) - Container #1 is in OPEN state, but the datanode 524d4c73-bbaf-4142-9273-d20c5a8628b4{ip: 192.168.69.124, host: pr-hdds-2293-fsv7b-60401721, networkLocation: /default-rack, certSerialId: null} reports an CLOSED replica.
2019-10-18 14:03:16,773 [EventQueue-ContainerReportForContainerReportHandler] WARN  container.ContainerReportHandler (AbstractContainerReportHandler.java:updateContainerState(145)) - Container #1 is in OPEN state, but the datanode 967a5d84-883e-4fc5-aa88-430cc6c4b93a{ip: 192.168.69.124, host: pr-hdds-2293-fsv7b-60401721, networkLocation: /default-rack, certSerialId: null} reports an CLOSED replica.
2019-10-18 14:03:16,965 [EventQueue-ContainerReportForContainerReportHandler] WARN  container.ContainerReportHandler (AbstractContainerReportHandler.java:updateContainerState(145)) - Container #1 is in OPEN state, but the datanode 524d4c73-bbaf-4142-9273-d20c5a8628b4{ip: 192.168.69.124, host: pr-hdds-2293-fsv7b-60401721, networkLocation: /default-rack, certSerialId: null} reports an CLOSED replica.
2019-10-18 14:03:17,062 [BlockDeletingService#2] WARN  background.BlockDeletingService (BlockDeletingService.java:isDeletionAllowed(187)) - Close Container log Index 6 is not replicated across allthe servers in the pipeline 08f27b3d-1876-4e46-af5a-1c08cd4f7525 as the min replicated index is 4. Deletion is not allowed in this container yet.
2019-10-18 14:03:17,066 [BlockDeletingService#0] WARN  background.BlockDeletingService (BlockDeletingService.java:isDeletionAllowed(187)) - Close Container log Index 6 is not replicated across allthe servers in the pipeline 08f27b3d-1876-4e46-af5a-1c08cd4f7525 as the min replicated index is 4. Deletion is not allowed in this container yet.
2019-10-18 14:03:17,074 [EventQueue-ContainerReportForContainerReportHandler] WARN  container.ContainerReportHandler (AbstractContainerReportHandler.java:updateContainerState(145)) - Container #1 is in OPEN state, but the datanode 967a5d84-883e-4fc5-aa88-430cc6c4b93a{ip: 192.168.69.124, host: pr-hdds-2293-fsv7b-60401721, networkLocation: /default-rack, certSerialId: null} reports an CLOSED replica.
2019-10-18 14:03:17,274 [EventQueue-ContainerReportForContainerReportHandler] WARN  container.ContainerReportHandler (AbstractContainerReportHandler.java:updateContainerState(145)) - Container #1 is in OPEN state, but the datanode 967a5d84-883e-4fc5-aa88-430cc6c4b93a{ip: 192.168.69.124, host: pr-hdds-2293-fsv7b-60401721, networkLocation: /default-rack, certSerialId: null} reports an CLOSED replica.
2019-10-18 14:03:17,365 [EventQueue-ContainerReportForContainerReportHandler] WARN  container.ContainerReportHandler (AbstractContainerReportHandler.java:updateContainerState(145)) - Container #1 is in OPEN state, but the datanode 524d4c73-bbaf-4142-9273-d20c5a8628b4{ip: 192.168.69.124, host: pr-hdds-2293-fsv7b-60401721, networkLocation: /default-rack, certSerialId: null} reports an CLOSED replica.
2019-10-18 14:03:17,574 [EventQueue-ContainerReportForContainerReportHandler] WARN  container.ContainerReportHandler (AbstractContainerReportHandler.java:updateContainerState(145)) - Container #1 is in OPEN state, but the datanode 967a5d84-883e-4fc5-aa88-430cc6c4b93a{ip: 192.168.69.124, host: pr-hdds-2293-fsv7b-60401721, networkLocation: /default-rack, certSerialId: null} reports an CLOSED replica.
2019-10-18 14:03:17,665 [EventQueue-ContainerReportForContainerReportHandler] WARN  container.ContainerReportHandler (AbstractContainerReportHandler.java:updateContainerState(145)) - Container #1 is in OPEN state, but the datanode 524d4c73-bbaf-4142-9273-d20c5a8628b4{ip: 192.168.69.124, host: pr-hdds-2293-fsv7b-60401721, networkLocation: /default-rack, certSerialId: null} reports an CLOSED replica.
2019-10-18 14:03:17,774 [EventQueue-ContainerReportForContainerReportHandler] WARN  container.ContainerReportHandler (AbstractContainerReportHandler.java:updateContainerState(145)) - Container #1 is in OPEN state, but the datanode 967a5d84-883e-4fc5-aa88-430cc6c4b93a{ip: 192.168.69.124, host: pr-hdds-2293-fsv7b-60401721, networkLocation: /default-rack, certSerialId: null} reports an CLOSED replica.
2019-10-18 14:03:17,965 [EventQueue-ContainerReportForContainerReportHandler] WARN  container.ContainerReportHandler (AbstractContainerReportHandler.java:updateContainerState(145)) - Container #1 is in OPEN state, but the datanode 524d4c73-bbaf-4142-9273-d20c5a8628b4{ip: 192.168.69.124, host: pr-hdds-2293-fsv7b-60401721, networkLocation: /default-rack, certSerialId: null} reports an CLOSED replica.
2019-10-18 14:03:17,973 [EventQueue-ContainerReportForContainerReportHandler] WARN  container.ContainerReportHandler (AbstractContainerReportHandler.java:updateContainerState(145)) - Container #1 is in OPEN state, but the datanode 967a5d84-883e-4fc5-aa88-430cc6c4b93a{ip: 192.168.69.124, host: pr-hdds-2293-fsv7b-60401721, networkLocation: /default-rack, certSerialId: null} reports an CLOSED replica.
2019-10-18 14:03:18,064 [BlockDeletingService#2] WARN  background.BlockDeletingService (BlockDeletingService.java:isDeletionAllowed(187)) - Close Container log Index 6 is not replicated across allthe servers in the pipeline 08f27b3d-1876-4e46-af5a-1c08cd4f7525 as the min replicated index is 4. Deletion is not allowed in this container yet.
2019-10-18 14:03:18,067 [BlockDeletingService#0] WARN  background.BlockDeletingService (BlockDeletingService.java:isDeletionAllowed(187)) - Close Container log Index 6 is not replicated across allthe servers in the pipeline 08f27b3d-1876-4e46-af5a-1c08cd4f7525 as the min replicated index is 4. Deletion is not allowed in this container yet.
2019-10-18 14:03:18,175 [EventQueue-ContainerReportForContainerReportHandler] WARN  container.ContainerReportHandler (AbstractContainerReportHandler.java:updateContainerState(145)) - Container #1 is in OPEN state, but the datanode 967a5d84-883e-4fc5-aa88-430cc6c4b93a{ip: 192.168.69.124, host: pr-hdds-2293-fsv7b-60401721, networkLocation: /default-rack, certSerialId: null} reports an CLOSED replica.
2019-10-18 14:03:18,365 [EventQueue-ContainerReportForContainerReportHandler] WARN  container.ContainerReportHandler (AbstractContainerReportHandler.java:updateContainerState(145)) - Container #1 is in OPEN state, but the datanode 524d4c73-bbaf-4142-9273-d20c5a8628b4{ip: 192.168.69.124, host: pr-hdds-2293-fsv7b-60401721, networkLocation: /default-rack, certSerialId: null} reports an CLOSED replica.
2019-10-18 14:03:18,374 [EventQueue-ContainerReportForContainerReportHandler] WARN  container.ContainerReportHandler (AbstractContainerReportHandler.java:updateContainerState(145)) - Container #1 is in OPEN state, but the datanode 967a5d84-883e-4fc5-aa88-430cc6c4b93a{ip: 192.168.69.124, host: pr-hdds-2293-fsv7b-60401721, networkLocation: /default-rack, certSerialId: null} reports an CLOSED replica.
2019-10-18 14:03:18,765 [EventQueue-ContainerReportForContainerReportHandler] WARN  container.ContainerReportHandler (AbstractContainerReportHandler.java:updateContainerState(145)) - Container #1 is in OPEN state, but the datanode 524d4c73-bbaf-4142-9273-d20c5a8628b4{ip: 192.168.69.124, host: pr-hdds-2293-fsv7b-60401721, networkLocation: /default-rack, certSerialId: null} reports an CLOSED replica.
2019-10-18 14:03:18,780 [EventQueue-ContainerReportForContainerReportHandler] WARN  container.ContainerReportHandler (AbstractContainerReportHandler.java:updateContainerState(145)) - Container #1 is in OPEN state, but the datanode 967a5d84-883e-4fc5-aa88-430cc6c4b93a{ip: 192.168.69.124, host: pr-hdds-2293-fsv7b-60401721, networkLocation: /default-rack, certSerialId: null} reports an CLOSED replica.
2019-10-18 14:03:19,065 [EventQueue-ContainerReportForContainerReportHandler] WARN  container.ContainerReportHandler (AbstractContainerReportHandler.java:updateContainerState(145)) - Container #1 is in OPEN state, but the datanode 524d4c73-bbaf-4142-9273-d20c5a8628b4{ip: 192.168.69.124, host: pr-hdds-2293-fsv7b-60401721, networkLocation: /default-rack, certSerialId: null} reports an CLOSED replica.
2019-10-18 14:03:19,067 [BlockDeletingService#2] WARN  background.BlockDeletingService (BlockDeletingService.java:isDeletionAllowed(187)) - Close Container log Index 6 is not replicated across allthe servers in the pipeline 08f27b3d-1876-4e46-af5a-1c08cd4f7525 as the min replicated index is 4. Deletion is not allowed in this container yet.
2019-10-18 14:03:19,068 [BlockDeletingService#0] WARN  background.BlockDeletingService (BlockDeletingService.java:isDeletionAllowed(187)) - Close Container log Index 6 is not replicated across allthe servers in the pipeline 08f27b3d-1876-4e46-af5a-1c08cd4f7525 as the min replicated index is 4. Deletion is not allowed in this container yet.
2019-10-18 14:03:19,157 [java.util.concurrent.ThreadPoolExecutor$Worker@3e376dad[State = -1, empty queue]] WARN  server.GrpcLogAppender (GrpcLogAppender.java:timeoutAppendRequest(209)) - 524d4c73-bbaf-4142-9273-d20c5a8628b4@group-1C08CD4F7525->0eccc4cb-77af-4c43-89bd-f01b83be0073-GrpcLogAppender: appendEntries Timeout, request=524d4c73-bbaf-4142-9273-d20c5a8628b4->0eccc4cb-77af-4c43-89bd-f01b83be0073#48-t2, previous=(t:2, i:10), leaderCommit=10, initializing? false, entries: <empty>
2019-10-18 14:03:19,174 [EventQueue-ContainerReportForContainerReportHandler] WARN  container.ContainerReportHandler (AbstractContainerReportHandler.java:updateContainerState(145)) - Container #1 is in OPEN state, but the datanode 967a5d84-883e-4fc5-aa88-430cc6c4b93a{ip: 192.168.69.124, host: pr-hdds-2293-fsv7b-60401721, networkLocation: /default-rack, certSerialId: null} reports an CLOSED replica.
2019-10-18 14:03:19,265 [EventQueue-ContainerReportForContainerReportHandler] WARN  container.ContainerReportHandler (AbstractContainerReportHandler.java:updateContainerState(145)) - Container #1 is in OPEN state, but the datanode 524d4c73-bbaf-4142-9273-d20c5a8628b4{ip: 192.168.69.124, host: pr-hdds-2293-fsv7b-60401721, networkLocation: /default-rack, certSerialId: null} reports an CLOSED replica.
2019-10-18 14:03:19,374 [EventQueue-ContainerReportForContainerReportHandler] WARN  container.ContainerReportHandler (AbstractContainerReportHandler.java:updateContainerState(145)) - Container #1 is in OPEN state, but the datanode 967a5d84-883e-4fc5-aa88-430cc6c4b93a{ip: 192.168.69.124, host: pr-hdds-2293-fsv7b-60401721, networkLocation: /default-rack, certSerialId: null} reports an CLOSED replica.
2019-10-18 14:03:19,465 [EventQueue-ContainerReportForContainerReportHandler] WARN  container.ContainerReportHandler (AbstractContainerReportHandler.java:updateContainerState(145)) - Container #1 is in OPEN state, but the datanode 524d4c73-bbaf-4142-9273-d20c5a8628b4{ip: 192.168.69.124, host: pr-hdds-2293-fsv7b-60401721, networkLocation: /default-rack, certSerialId: null} reports an CLOSED replica.
2019-10-18 14:03:19,666 [EventQueue-ContainerReportForContainerReportHandler] WARN  container.ContainerReportHandler (AbstractContainerReportHandler.java:updateContainerState(145)) - Container #1 is in OPEN state, but the datanode 524d4c73-bbaf-4142-9273-d20c5a8628b4{ip: 192.168.69.124, host: pr-hdds-2293-fsv7b-60401721, networkLocation: /default-rack, certSerialId: null} reports an CLOSED replica.
2019-10-18 14:03:19,675 [EventQueue-ContainerReportForContainerReportHandler] WARN  container.ContainerReportHandler (AbstractContainerReportHandler.java:updateContainerState(145)) - Container #1 is in OPEN state, but the datanode 967a5d84-883e-4fc5-aa88-430cc6c4b93a{ip: 192.168.69.124, host: pr-hdds-2293-fsv7b-60401721, networkLocation: /default-rack, certSerialId: null} reports an CLOSED replica.
2019-10-18 14:03:19,966 [EventQueue-ContainerReportForContainerReportHandler] WARN  container.ContainerReportHandler (AbstractContainerReportHandler.java:updateContainerState(145)) - Container #1 is in OPEN state, but the datanode 524d4c73-bbaf-4142-9273-d20c5a8628b4{ip: 192.168.69.124, host: pr-hdds-2293-fsv7b-60401721, networkLocation: /default-rack, certSerialId: null} reports an CLOSED replica.
2019-10-18 14:03:20,068 [BlockDeletingService#2] WARN  background.BlockDeletingService (BlockDeletingService.java:isDeletionAllowed(187)) - Close Container log Index 6 is not replicated across allthe servers in the pipeline 08f27b3d-1876-4e46-af5a-1c08cd4f7525 as the min replicated index is 4. Deletion is not allowed in this container yet.
2019-10-18 14:03:20,069 [BlockDeletingService#0] WARN  background.BlockDeletingService (BlockDeletingService.java:isDeletionAllowed(187)) - Close Container log Index 6 is not replicated across allthe servers in the pipeline 08f27b3d-1876-4e46-af5a-1c08cd4f7525 as the min replicated index is 4. Deletion is not allowed in this container yet.
2019-10-18 14:03:20,075 [EventQueue-ContainerReportForContainerReportHandler] WARN  container.ContainerReportHandler (AbstractContainerReportHandler.java:updateContainerState(145)) - Container #1 is in OPEN state, but the datanode 967a5d84-883e-4fc5-aa88-430cc6c4b93a{ip: 192.168.69.124, host: pr-hdds-2293-fsv7b-60401721, networkLocation: /default-rack, certSerialId: null} reports an CLOSED replica.
2019-10-18 14:03:20,266 [EventQueue-ContainerReportForContainerReportHandler] WARN  container.ContainerReportHandler (AbstractContainerReportHandler.java:updateContainerState(145)) - Container #1 is in OPEN state, but the datanode 524d4c73-bbaf-4142-9273-d20c5a8628b4{ip: 192.168.69.124, host: pr-hdds-2293-fsv7b-60401721, networkLocation: /default-rack, certSerialId: null} reports an CLOSED replica.
2019-10-18 14:03:20,275 [EventQueue-ContainerReportForContainerReportHandler] WARN  container.ContainerReportHandler (AbstractContainerReportHandler.java:updateContainerState(145)) - Container #1 is in OPEN state, but the datanode 967a5d84-883e-4fc5-aa88-430cc6c4b93a{ip: 192.168.69.124, host: pr-hdds-2293-fsv7b-60401721, networkLocation: /default-rack, certSerialId: null} reports an CLOSED replica.
2019-10-18 14:03:20,566 [EventQueue-ContainerReportForContainerReportHandler] WARN  container.ContainerReportHandler (AbstractContainerReportHandler.java:updateContainerState(145)) - Container #1 is in OPEN state, but the datanode 524d4c73-bbaf-4142-9273-d20c5a8628b4{ip: 192.168.69.124, host: pr-hdds-2293-fsv7b-60401721, networkLocation: /default-rack, certSerialId: null} reports an CLOSED replica.
2019-10-18 14:03:20,575 [EventQueue-ContainerReportForContainerReportHandler] WARN  container.ContainerReportHandler (AbstractContainerReportHandler.java:updateContainerState(145)) - Container #1 is in OPEN state, but the datanode 967a5d84-883e-4fc5-aa88-430cc6c4b93a{ip: 192.168.69.124, host: pr-hdds-2293-fsv7b-60401721, networkLocation: /default-rack, certSerialId: null} reports an CLOSED replica.
2019-10-18 14:03:20,969 [EventQueue-ContainerReportForContainerReportHandler] WARN  container.ContainerReportHandler (AbstractContainerReportHandler.java:updateContainerState(145)) - Container #1 is in OPEN state, but the datanode 524d4c73-bbaf-4142-9273-d20c5a8628b4{ip: 192.168.69.124, host: pr-hdds-2293-fsv7b-60401721, networkLocation: /default-rack, certSerialId: null} reports an CLOSED replica.
2019-10-18 14:03:20,975 [EventQueue-ContainerReportForContainerReportHandler] WARN  container.ContainerReportHandler (AbstractContainerReportHandler.java:updateContainerState(145)) - Container #1 is in OPEN state, but the datanode 967a5d84-883e-4fc5-aa88-430cc6c4b93a{ip: 192.168.69.124, host: pr-hdds-2293-fsv7b-60401721, networkLocation: /default-rack, certSerialId: null} reports an CLOSED replica.
2019-10-18 14:03:21,071 [BlockDeletingService#0] WARN  background.BlockDeletingService (BlockDeletingService.java:isDeletionAllowed(187)) - Close Container log Index 6 is not replicated across allthe servers in the pipeline 08f27b3d-1876-4e46-af5a-1c08cd4f7525 as the min replicated index is 4. Deletion is not allowed in this container yet.
2019-10-18 14:03:21,071 [BlockDeletingService#2] WARN  background.BlockDeletingService (BlockDeletingService.java:isDeletionAllowed(187)) - Close Container log Index 6 is not replicated across allthe servers in the pipeline 08f27b3d-1876-4e46-af5a-1c08cd4f7525 as the min replicated index is 4. Deletion is not allowed in this container yet.
2019-10-18 14:03:21,168 [EventQueue-ContainerReportForContainerReportHandler] WARN  container.ContainerReportHandler (AbstractContainerReportHandler.java:updateContainerState(145)) - Container #1 is in OPEN state, but the datanode 524d4c73-bbaf-4142-9273-d20c5a8628b4{ip: 192.168.69.124, host: pr-hdds-2293-fsv7b-60401721, networkLocation: /default-rack, certSerialId: null} reports an CLOSED replica.
2019-10-18 14:03:21,376 [EventQueue-ContainerReportForContainerReportHandler] WARN  container.ContainerReportHandler (AbstractContainerReportHandler.java:updateContainerState(145)) - Container #1 is in OPEN state, but the datanode 967a5d84-883e-4fc5-aa88-430cc6c4b93a{ip: 192.168.69.124, host: pr-hdds-2293-fsv7b-60401721, networkLocation: /default-rack, certSerialId: null} reports an CLOSED replica.
2019-10-18 14:03:21,569 [EventQueue-ContainerReportForContainerReportHandler] WARN  container.ContainerReportHandler (AbstractContainerReportHandler.java:updateContainerState(145)) - Container #1 is in OPEN state, but the datanode 524d4c73-bbaf-4142-9273-d20c5a8628b4{ip: 192.168.69.124, host: pr-hdds-2293-fsv7b-60401721, networkLocation: /default-rack, certSerialId: null} reports an CLOSED replica.
2019-10-18 14:03:21,576 [EventQueue-ContainerReportForContainerReportHandler] WARN  container.ContainerReportHandler (AbstractContainerReportHandler.java:updateContainerState(145)) - Container #1 is in OPEN state, but the datanode 967a5d84-883e-4fc5-aa88-430cc6c4b93a{ip: 192.168.69.124, host: pr-hdds-2293-fsv7b-60401721, networkLocation: /default-rack, certSerialId: null} reports an CLOSED replica.
2019-10-18 14:03:21,659 [java.util.concurrent.ThreadPoolExecutor$Worker@3e376dad[State = -1, empty queue]] WARN  server.GrpcLogAppender (GrpcLogAppender.java:timeoutAppendRequest(209)) - 524d4c73-bbaf-4142-9273-d20c5a8628b4@group-1C08CD4F7525->0eccc4cb-77af-4c43-89bd-f01b83be0073-GrpcLogAppender: appendEntries Timeout, request=524d4c73-bbaf-4142-9273-d20c5a8628b4->0eccc4cb-77af-4c43-89bd-f01b83be0073#49-t2, previous=(t:2, i:10), leaderCommit=10, initializing? false, entries: <empty>
2019-10-18 14:03:21,868 [EventQueue-ContainerReportForContainerReportHandler] WARN  container.ContainerReportHandler (AbstractContainerReportHandler.java:updateContainerState(145)) - Container #1 is in OPEN state, but the datanode 524d4c73-bbaf-4142-9273-d20c5a8628b4{ip: 192.168.69.124, host: pr-hdds-2293-fsv7b-60401721, networkLocation: /default-rack, certSerialId: null} reports an CLOSED replica.
2019-10-18 14:03:21,876 [EventQueue-ContainerReportForContainerReportHandler] WARN  container.ContainerReportHandler (AbstractContainerReportHandler.java:updateContainerState(145)) - Container #1 is in OPEN state, but the datanode 967a5d84-883e-4fc5-aa88-430cc6c4b93a{ip: 192.168.69.124, host: pr-hdds-2293-fsv7b-60401721, networkLocation: /default-rack, certSerialId: null} reports an CLOSED replica.
2019-10-18 14:03:22,068 [EventQueue-ContainerReportForContainerReportHandler] WARN  container.ContainerReportHandler (AbstractContainerReportHandler.java:updateContainerState(145)) - Container #1 is in OPEN state, but the datanode 524d4c73-bbaf-4142-9273-d20c5a8628b4{ip: 192.168.69.124, host: pr-hdds-2293-fsv7b-60401721, networkLocation: /default-rack, certSerialId: null} reports an CLOSED replica.
2019-10-18 14:03:22,073 [BlockDeletingService#2] WARN  background.BlockDeletingService (BlockDeletingService.java:isDeletionAllowed(187)) - Close Container log Index 6 is not replicated across allthe servers in the pipeline 08f27b3d-1876-4e46-af5a-1c08cd4f7525 as the min replicated index is 4. Deletion is not allowed in this container yet.
2019-10-18 14:03:22,073 [BlockDeletingService#0] WARN  background.BlockDeletingService (BlockDeletingService.java:isDeletionAllowed(187)) - Close Container log Index 6 is not replicated across allthe servers in the pipeline 08f27b3d-1876-4e46-af5a-1c08cd4f7525 as the min replicated index is 4. Deletion is not allowed in this container yet.
2019-10-18 14:03:22,077 [EventQueue-ContainerReportForContainerReportHandler] WARN  container.ContainerReportHandler (AbstractContainerReportHandler.java:updateContainerState(145)) - Container #1 is in OPEN state, but the datanode 967a5d84-883e-4fc5-aa88-430cc6c4b93a{ip: 192.168.69.124, host: pr-hdds-2293-fsv7b-60401721, networkLocation: /default-rack, certSerialId: null} reports an CLOSED replica.
2019-10-18 14:03:22,249 [EventQueue-StaleNodeForStaleNodeHandler] INFO  node.StaleNodeHandler (StaleNodeHandler.java:onMessage(58)) - Datanode 0eccc4cb-77af-4c43-89bd-f01b83be0073{ip: 192.168.69.124, host: pr-hdds-2293-fsv7b-60401721, networkLocation: /default-rack, certSerialId: null} moved to stale state. Finalizing its pipelines [PipelineID=77375461-083c-49bc-b792-ef32841d93fd, PipelineID=08f27b3d-1876-4e46-af5a-1c08cd4f7525]
2019-10-18 14:03:22,250 [EventQueue-StaleNodeForStaleNodeHandler] INFO  pipeline.SCMPipelineManager (SCMPipelineManager.java:finalizeAndDestroyPipeline(315)) - destroying pipeline:Pipeline[ Id: 77375461-083c-49bc-b792-ef32841d93fd, Nodes: 0eccc4cb-77af-4c43-89bd-f01b83be0073{ip: 192.168.69.124, host: pr-hdds-2293-fsv7b-60401721, networkLocation: /default-rack, certSerialId: null}, Type:RATIS, Factor:ONE, State:OPEN]
2019-10-18 14:03:22,253 [EventQueue-StaleNodeForStaleNodeHandler] INFO  pipeline.PipelineStateManager (PipelineStateManager.java:finalizePipeline(123)) - Pipeline Pipeline[ Id: 77375461-083c-49bc-b792-ef32841d93fd, Nodes: 0eccc4cb-77af-4c43-89bd-f01b83be0073{ip: 192.168.69.124, host: pr-hdds-2293-fsv7b-60401721, networkLocation: /default-rack, certSerialId: null}, Type:RATIS, Factor:ONE, State:CLOSED] moved to CLOSED state
2019-10-18 14:03:22,255 [EventQueue-StaleNodeForStaleNodeHandler] INFO  pipeline.SCMPipelineManager (SCMPipelineManager.java:finalizeAndDestroyPipeline(315)) - destroying pipeline:Pipeline[ Id: 08f27b3d-1876-4e46-af5a-1c08cd4f7525, Nodes: 0eccc4cb-77af-4c43-89bd-f01b83be0073{ip: 192.168.69.124, host: pr-hdds-2293-fsv7b-60401721, networkLocation: /default-rack, certSerialId: null}524d4c73-bbaf-4142-9273-d20c5a8628b4{ip: 192.168.69.124, host: pr-hdds-2293-fsv7b-60401721, networkLocation: /default-rack, certSerialId: null}967a5d84-883e-4fc5-aa88-430cc6c4b93a{ip: 192.168.69.124, host: pr-hdds-2293-fsv7b-60401721, networkLocation: /default-rack, certSerialId: null}, Type:RATIS, Factor:THREE, State:OPEN]
2019-10-18 14:03:22,255 [EventQueue-StaleNodeForStaleNodeHandler] INFO  pipeline.PipelineStateManager (PipelineStateManager.java:finalizePipeline(123)) - Pipeline Pipeline[ Id: 08f27b3d-1876-4e46-af5a-1c08cd4f7525, Nodes: 0eccc4cb-77af-4c43-89bd-f01b83be0073{ip: 192.168.69.124, host: pr-hdds-2293-fsv7b-60401721, networkLocation: /default-rack, certSerialId: null}524d4c73-bbaf-4142-9273-d20c5a8628b4{ip: 192.168.69.124, host: pr-hdds-2293-fsv7b-60401721, networkLocation: /default-rack, certSerialId: null}967a5d84-883e-4fc5-aa88-430cc6c4b93a{ip: 192.168.69.124, host: pr-hdds-2293-fsv7b-60401721, networkLocation: /default-rack, certSerialId: null}, Type:RATIS, Factor:THREE, State:CLOSED] moved to CLOSED state
2019-10-18 14:03:22,256 [EventQueue-CloseContainerForCloseContainerEventHandler] INFO  container.CloseContainerEventHandler (CloseContainerEventHandler.java:onMessage(61)) - Close container Event triggered for container : #1
2019-10-18 14:03:22,278 [EventQueue-ContainerReportForContainerReportHandler] INFO  container.ContainerReportHandler (AbstractContainerReportHandler.java:updateContainerState(178)) - Moving container #1 to CLOSED state, datanode 967a5d84-883e-4fc5-aa88-430cc6c4b93a{ip: 192.168.69.124, host: pr-hdds-2293-fsv7b-60401721, networkLocation: /default-rack, certSerialId: null} reported CLOSED replica.
2019-10-18 14:03:22,678 [SCMBlockDeletingService#0] INFO  block.SCMBlockDeletingService (SCMBlockDeletingService.java:call(184)) - Totally added 3 delete blocks command for 3 datanodes, task elapsed time: 5ms
2019-10-18 14:03:22,770 [EventQueue-PendingDeleteStatusForPendingDeleteHandler] INFO  block.SCMBlockDeletingService (SCMBlockDeletingService.java:handlePendingDeletes(115)) - Block deletion txnID mismatch in datanode 524d4c73-bbaf-4142-9273-d20c5a8628b4 for containerID 1. Datanode delete txnID: 0, SCM txnID: 1
2019-10-18 14:03:22,779 [Command processor thread] INFO  commandhandler.DeleteBlocksCommandHandler (DeleteBlocksCommandHandler.java:handle(106)) - Start to delete container blocks, TXIDs=[1(0)], numOfContainers=1, numOfBlocks=1
2019-10-18 14:03:22,868 [Command processor thread] INFO  commandhandler.DeleteBlocksCommandHandler (DeleteBlocksCommandHandler.java:handle(106)) - Start to delete container blocks, TXIDs=[1(0)], numOfContainers=1, numOfBlocks=1
2019-10-18 14:03:23,076 [BlockDeletingService#0] WARN  background.BlockDeletingService (BlockDeletingService.java:isDeletionAllowed(187)) - Close Container log Index 6 is not replicated across allthe servers in the pipeline 08f27b3d-1876-4e46-af5a-1c08cd4f7525 as the min replicated index is 4. Deletion is not allowed in this container yet.
2019-10-18 14:03:23,076 [BlockDeletingService#2] WARN  background.BlockDeletingService (BlockDeletingService.java:isDeletionAllowed(187)) - Close Container log Index 6 is not replicated across allthe servers in the pipeline 08f27b3d-1876-4e46-af5a-1c08cd4f7525 as the min replicated index is 4. Deletion is not allowed in this container yet.
2019-10-18 14:03:23,241 [main] INFO  impl.MetricsSystemImpl (MetricsSystemImpl.java:init(158)) - HddsDatanode metrics system started (again)
2019-10-18 14:03:23,294 [main] INFO  ozone.HddsDatanodeService (HddsDatanodeService.java:start(184)) - HddsDatanodeService host:pr-hdds-2293-fsv7b-60401721 ip:192.168.69.124
2019-10-18 14:03:23,299 [main] INFO  volume.VolumeUsage (VolumeUsage.java:loadScmUsed(144)) - Cached ScmUsed found for /workdir/hadoop-ozone/integration-test/target/test-dir/MiniOzoneClusterImpl-0aed760e-6e1a-4be6-abfb-431785f69e2b/datanode-2/data/containers : 4096 
2019-10-18 14:03:23,300 [main] INFO  volume.HddsVolume (HddsVolume.java:<init>(176)) - Creating Volume: /workdir/hadoop-ozone/integration-test/target/test-dir/MiniOzoneClusterImpl-0aed760e-6e1a-4be6-abfb-431785f69e2b/datanode-2/data/containers/hdds of  storage type : DISK and capacity : 1482555576320
2019-10-18 14:03:23,301 [main] INFO  volume.VolumeSet (VolumeSet.java:initializeVolumeSet(170)) - Added Volume : /workdir/hadoop-ozone/integration-test/target/test-dir/MiniOzoneClusterImpl-0aed760e-6e1a-4be6-abfb-431785f69e2b/datanode-2/data/containers/hdds to VolumeSet
2019-10-18 14:03:23,301 [main] INFO  volume.ThrottledAsyncChecker (ThrottledAsyncChecker.java:schedule(141)) - Scheduling a check for /workdir/hadoop-ozone/integration-test/target/test-dir/MiniOzoneClusterImpl-0aed760e-6e1a-4be6-abfb-431785f69e2b/datanode-2/data/containers/hdds
2019-10-18 14:03:23,302 [main] INFO  volume.HddsVolumeChecker (HddsVolumeChecker.java:checkAllVolumes(204)) - Scheduled health check for volume /workdir/hadoop-ozone/integration-test/target/test-dir/MiniOzoneClusterImpl-0aed760e-6e1a-4be6-abfb-431785f69e2b/datanode-2/data/containers/hdds
2019-10-18 14:03:23,343 [main] INFO  impl.RaftServerProxy (ConfUtils.java:logGet(43)) - raft.rpc.type = GRPC (default)
2019-10-18 14:03:23,343 [main] INFO  grpc.GrpcFactory (GrpcFactory.java:checkPooledByteBufAllocatorUseCacheForAllThreads(45)) - PERFORMANCE WARNING: useCacheForAllThreads is true that may cause Netty to create a lot garbage objects and, as a result, trigger GC.
	It is recommended to disable useCacheForAllThreads by setting -Dorg.apache.ratis.thirdparty.io.netty.allocator.useCacheForAllThreads=false in command line.
2019-10-18 14:03:23,343 [main] INFO  grpc.GrpcConfigKeys$Server (ConfUtils.java:logGet(43)) - raft.grpc.server.port = 38580 (custom)
2019-10-18 14:03:23,344 [main] INFO  server.GrpcService (ConfUtils.java:logGet(43)) - raft.grpc.message.size.max = 33570816 (custom)
2019-10-18 14:03:23,344 [main] INFO  server.RaftServerConfigKeys (ConfUtils.java:logGet(43)) - raft.server.log.appender.buffer.byte-limit = 33554432 (custom)
2019-10-18 14:03:23,344 [main] INFO  server.GrpcService (ConfUtils.java:logGet(43)) - raft.grpc.flow.control.window = 1MB (=1048576) (default)
2019-10-18 14:03:23,345 [main] INFO  server.RaftServerConfigKeys (ConfUtils.java:logGet(43)) - raft.server.rpc.request.timeout = 3000ms (default)
2019-10-18 14:03:23,346 [main] INFO  server.RaftServerConfigKeys (ConfUtils.java:logGet(43)) - raft.server.storage.dir = [/workdir/hadoop-ozone/integration-test/target/test-dir/MiniOzoneClusterImpl-0aed760e-6e1a-4be6-abfb-431785f69e2b/datanode-2/data/ratis] (custom)
2019-10-18 14:03:23,346 [main] INFO  impl.RaftServerProxy (RaftServerProxy.java:lambda$null$0(191)) - 0eccc4cb-77af-4c43-89bd-f01b83be0073: found a subdirectory /workdir/hadoop-ozone/integration-test/target/test-dir/MiniOzoneClusterImpl-0aed760e-6e1a-4be6-abfb-431785f69e2b/datanode-2/data/ratis/08f27b3d-1876-4e46-af5a-1c08cd4f7525
2019-10-18 14:03:23,347 [main] INFO  impl.RaftServerProxy (RaftServerProxy.java:addNew(89)) - 0eccc4cb-77af-4c43-89bd-f01b83be0073: addNew group-1C08CD4F7525:[] returns group-1C08CD4F7525:java.util.concurrent.CompletableFuture@6801b414[Not completed]
2019-10-18 14:03:23,348 [main] INFO  impl.RaftServerProxy (RaftServerProxy.java:lambda$null$0(191)) - 0eccc4cb-77af-4c43-89bd-f01b83be0073: found a subdirectory /workdir/hadoop-ozone/integration-test/target/test-dir/MiniOzoneClusterImpl-0aed760e-6e1a-4be6-abfb-431785f69e2b/datanode-2/data/ratis/77375461-083c-49bc-b792-ef32841d93fd
2019-10-18 14:03:23,348 [main] INFO  impl.RaftServerProxy (RaftServerProxy.java:addNew(89)) - 0eccc4cb-77af-4c43-89bd-f01b83be0073: addNew group-EF32841D93FD:[] returns group-EF32841D93FD:java.util.concurrent.CompletableFuture@177c41d7[Not completed]
2019-10-18 14:03:23,355 [main] INFO  hdfs.DFSUtil (DFSUtil.java:httpServerTemplateForNNAndJN(1641)) - Starting Web-server for hddsDatanode at: http://0.0.0.0:37786
2019-10-18 14:03:23,355 [pool-59-thread-1] INFO  impl.RaftServerImpl (RaftServerImpl.java:<init>(104)) - 0eccc4cb-77af-4c43-89bd-f01b83be0073: new RaftServerImpl for group-1C08CD4F7525:[] with ContainerStateMachine:uninitialized
2019-10-18 14:03:23,356 [pool-59-thread-1] INFO  server.RaftServerConfigKeys (ConfUtils.java:logGet(43)) - raft.server.rpc.timeout.min = 5s (custom)
2019-10-18 14:03:23,356 [pool-59-thread-1] INFO  server.RaftServerConfigKeys (ConfUtils.java:logGet(43)) - raft.server.rpc.timeout.max = 5200ms (custom)
2019-10-18 14:03:23,356 [pool-59-thread-1] INFO  server.RaftServerConfigKeys (ConfUtils.java:logGet(43)) - raft.server.rpcslowness.timeout = 1000s (custom)
2019-10-18 14:03:23,356 [pool-59-thread-1] INFO  server.RaftServerConfigKeys (ConfUtils.java:logGet(43)) - raft.server.sleep.deviation.threshold = 300 (default)
2019-10-18 14:03:23,356 [pool-59-thread-1] INFO  server.RaftServerConfigKeys (ConfUtils.java:logGet(43)) - raft.server.log.appender.install.snapshot.enabled = false (custom)
2019-10-18 14:03:23,357 [pool-59-thread-1] INFO  impl.RaftServerImpl (ServerState.java:<init>(103)) - 0eccc4cb-77af-4c43-89bd-f01b83be0073@group-1C08CD4F7525: ConfigurationManager, init=-1: [], old=null, confs=<EMPTY_MAP>
2019-10-18 14:03:23,357 [pool-59-thread-1] INFO  server.RaftServerConfigKeys (ConfUtils.java:logGet(43)) - raft.server.storage.dir = [/workdir/hadoop-ozone/integration-test/target/test-dir/MiniOzoneClusterImpl-0aed760e-6e1a-4be6-abfb-431785f69e2b/datanode-2/data/ratis] (custom)
2019-10-18 14:03:23,357 [pool-59-thread-1] INFO  server.RaftServerConfigKeys (ConfUtils.java:logGet(43)) - raft.server.log.corruption.policy = EXCEPTION (default)
2019-10-18 14:03:23,359 [main] INFO  server.AuthenticationFilter (AuthenticationFilter.java:constructSecretProvider(240)) - Unable to initialize FileSignerSecretProvider, falling back to use random secrets.
2019-10-18 14:03:23,359 [main] WARN  http.HttpRequestLog (HttpRequestLog.java:getRequestLog(97)) - Jetty request log can only be enabled using Log4j
2019-10-18 14:03:23,362 [main] INFO  http.HttpServer2 (HttpServer2.java:addGlobalFilter(975)) - Added global filter 'safety' (class=org.apache.hadoop.http.HttpServer2$QuotingInputFilter)
2019-10-18 14:03:23,363 [main] INFO  http.HttpServer2 (HttpServer2.java:addFilter(948)) - Added filter static_user_filter (class=org.apache.hadoop.http.lib.StaticUserWebFilter$StaticUserFilter) to context hddsDatanode
2019-10-18 14:03:23,364 [main] INFO  http.HttpServer2 (HttpServer2.java:addFilter(958)) - Added filter static_user_filter (class=org.apache.hadoop.http.lib.StaticUserWebFilter$StaticUserFilter) to context static
2019-10-18 14:03:23,364 [main] INFO  http.HttpServer2 (HttpServer2.java:addFilter(958)) - Added filter static_user_filter (class=org.apache.hadoop.http.lib.StaticUserWebFilter$StaticUserFilter) to context logs
2019-10-18 14:03:23,365 [main] INFO  http.HttpServer2 (HttpServer2.java:bindListener(1191)) - Jetty bound to port 37786
2019-10-18 14:03:23,366 [main] INFO  server.Server (Server.java:doStart(351)) - jetty-9.3.25.v20180904, build timestamp: 2018-09-04T21:11:46Z, git hash: 3ce520221d0240229c862b122d2b06c12a625732
2019-10-18 14:03:23,368 [main] INFO  handler.ContextHandler (ContextHandler.java:doStart(781)) - Started o.e.j.s.ServletContextHandler@41a374be{/logs,file:///workdir/hadoop-ozone/integration-test/target/log,AVAILABLE}
2019-10-18 14:03:23,369 [main] INFO  handler.ContextHandler (ContextHandler.java:doStart(781)) - Started o.e.j.s.ServletContextHandler@8cc8cdb{/static,jar:file:/home/user/.m2/repository/org/apache/hadoop/hadoop-hdds-container-service/0.5.0-SNAPSHOT/hadoop-hdds-container-service-0.5.0-SNAPSHOT.jar!/webapps/static,AVAILABLE}
2019-10-18 14:03:23,391 [pool-59-thread-1] INFO  storage.RaftStorageDirectory (RaftStorageDirectory.java:tryLock(328)) - Lock on /workdir/hadoop-ozone/integration-test/target/test-dir/MiniOzoneClusterImpl-0aed760e-6e1a-4be6-abfb-431785f69e2b/datanode-2/data/ratis/08f27b3d-1876-4e46-af5a-1c08cd4f7525/in_use.lock acquired by nodename 29037@pr-hdds-2293-fsv7b-60401721
2019-10-18 14:03:23,395 [pool-59-thread-1] INFO  ratis.ContainerStateMachine (ContainerStateMachine.java:loadSnapshot(240)) - group-1C08CD4F7525: Setting the last applied index to (t:2, i:3)
2019-10-18 14:03:23,401 [pool-59-thread-1] INFO  impl.RaftServerImpl (ServerState.java:setRaftConf(357)) - 0eccc4cb-77af-4c43-89bd-f01b83be0073@group-1C08CD4F7525: set configuration 0: [967a5d84-883e-4fc5-aa88-430cc6c4b93a:192.168.69.124:45994, 524d4c73-bbaf-4142-9273-d20c5a8628b4:192.168.69.124:36511, 0eccc4cb-77af-4c43-89bd-f01b83be0073:192.168.69.124:38580], old=null at 0
2019-10-18 14:03:23,401 [pool-59-thread-1] INFO  server.RaftServerConfigKeys (ConfUtils.java:logGet(43)) - raft.server.notification.no-leader.timeout = 1000s (custom)
2019-10-18 14:03:23,402 [pool-59-thread-1] INFO  server.RaftServerConfigKeys (ConfUtils.java:logGet(43)) - raft.server.log.use.memory = false (default)
2019-10-18 14:03:23,402 [pool-59-thread-1] INFO  server.RaftServerConfigKeys (ConfUtils.java:logGet(43)) - raft.server.log.purge.gap = 1000000 (custom)
2019-10-18 14:03:23,402 [pool-59-thread-1] INFO  server.RaftServerConfigKeys (ConfUtils.java:logGet(43)) - raft.server.log.appender.buffer.byte-limit = 33554432 (custom)
2019-10-18 14:03:23,402 [pool-59-thread-1] INFO  server.RaftServerConfigKeys (ConfUtils.java:logGet(43)) - raft.server.log.segment.size.max = 1048576 (custom)
2019-10-18 14:03:23,402 [pool-59-thread-1] INFO  server.RaftServerConfigKeys (ConfUtils.java:logGet(43)) - raft.server.log.segment.cache.num.max = 2 (custom)
2019-10-18 14:03:23,403 [pool-59-thread-1] INFO  segmented.SegmentedRaftLogWorker (SegmentedRaftLogWorker.java:<init>(173)) - new 0eccc4cb-77af-4c43-89bd-f01b83be0073@group-1C08CD4F7525-SegmentedRaftLogWorker for RaftStorage:Storage Directory /workdir/hadoop-ozone/integration-test/target/test-dir/MiniOzoneClusterImpl-0aed760e-6e1a-4be6-abfb-431785f69e2b/datanode-2/data/ratis/08f27b3d-1876-4e46-af5a-1c08cd4f7525
2019-10-18 14:03:23,403 [pool-59-thread-1] INFO  server.RaftServerConfigKeys (ConfUtils.java:logGet(43)) - raft.server.log.queue.byte-limit = 2147483647 (custom)
2019-10-18 14:03:23,403 [pool-59-thread-1] INFO  server.RaftServerConfigKeys (ConfUtils.java:logGet(43)) - raft.server.log.queue.element-limit = 1024 (custom)
2019-10-18 14:03:23,403 [pool-59-thread-1] INFO  server.RaftServerConfigKeys (ConfUtils.java:logGet(43)) - raft.server.log.segment.size.max = 1048576 (custom)
2019-10-18 14:03:23,403 [pool-59-thread-1] INFO  server.RaftServerConfigKeys (ConfUtils.java:logGet(43)) - raft.server.log.preallocated.size = 16384 (custom)
2019-10-18 14:03:23,403 [pool-59-thread-1] INFO  server.RaftServerConfigKeys (ConfUtils.java:logGet(43)) - raft.server.log.write.buffer.size = 33554432 (custom)
2019-10-18 14:03:23,403 [pool-59-thread-1] INFO  server.RaftServerConfigKeys (ConfUtils.java:logGet(43)) - raft.server.log.force.sync.num = 128 (default)
2019-10-18 14:03:23,404 [pool-59-thread-1] INFO  server.RaftServerConfigKeys (ConfUtils.java:logGet(43)) - raft.server.log.statemachine.data.sync = true (default)
2019-10-18 14:03:23,404 [pool-59-thread-1] INFO  server.RaftServerConfigKeys (ConfUtils.java:logGet(43)) - raft.server.log.statemachine.data.sync.timeout = 10s (default)
2019-10-18 14:03:23,404 [pool-59-thread-1] INFO  server.RaftServerConfigKeys (ConfUtils.java:logGet(43)) - raft.server.log.statemachine.data.sync.timeout.retry = -1 (default)
2019-10-18 14:03:23,404 [pool-59-thread-1] INFO  server.RaftServerConfigKeys (ConfUtils.java:logGet(43)) - raft.server.log.statemachine.data.caching.enabled = true (custom)
2019-10-18 14:03:23,412 [pool-59-thread-1] INFO  impl.RaftServerImpl (ServerState.java:setRaftConf(357)) - 0eccc4cb-77af-4c43-89bd-f01b83be0073@group-1C08CD4F7525: set configuration 0: [967a5d84-883e-4fc5-aa88-430cc6c4b93a:192.168.69.124:45994, 524d4c73-bbaf-4142-9273-d20c5a8628b4:192.168.69.124:36511, 0eccc4cb-77af-4c43-89bd-f01b83be0073:192.168.69.124:38580], old=null at 0
2019-10-18 14:03:23,413 [pool-59-thread-1] INFO  segmented.LogSegment (LogSegment.java:loadSegment(140)) - Successfully read 5 entries from segment file /workdir/hadoop-ozone/integration-test/target/test-dir/MiniOzoneClusterImpl-0aed760e-6e1a-4be6-abfb-431785f69e2b/datanode-2/data/ratis/08f27b3d-1876-4e46-af5a-1c08cd4f7525/current/log_inprogress_0
2019-10-18 14:03:23,413 [pool-59-thread-1] INFO  segmented.SegmentedRaftLogWorker (SegmentedRaftLogWorker.java:lambda$new$0(128)) - 0eccc4cb-77af-4c43-89bd-f01b83be0073@group-1C08CD4F7525-SegmentedRaftLogWorker: flushIndex: setUnconditionally 0 -> 4
2019-10-18 14:03:23,421 [main] INFO  handler.ContextHandler (ContextHandler.java:doStart(781)) - Started o.e.j.w.WebAppContext@f1dd5b4{/,file:///tmp/jetty-0.0.0.0-37786-hddsDatanode-_-any-1918846670586160153.dir/webapp/,AVAILABLE}{/hddsDatanode}
2019-10-18 14:03:23,422 [main] INFO  server.AbstractConnector (AbstractConnector.java:doStart(278)) - Started ServerConnector@73809e7{HTTP/1.1,[http/1.1]}{0.0.0.0:37786}
2019-10-18 14:03:23,442 [pool-59-thread-1] INFO  raftlog.RaftLog (RaftLog.java:lambda$new$0(61)) - 0eccc4cb-77af-4c43-89bd-f01b83be0073@group-1C08CD4F7525-SegmentedRaftLog: commitIndex: updateToMax old=3, new=3, updated? false
2019-10-18 14:03:23,443 [main] INFO  server.Server (Server.java:doStart(419)) - Started @113006ms
2019-10-18 14:03:23,443 [main] WARN  impl.MetricsSystemImpl (MetricsSystemImpl.java:register(276)) - Sink prometheus already exists!
2019-10-18 14:03:23,443 [pool-59-thread-1] INFO  server.RaftServerConfigKeys (ConfUtils.java:logGet(43)) - raft.server.snapshot.auto.trigger.enabled = true (custom)
2019-10-18 14:03:23,443 [pool-59-thread-1] INFO  server.RaftServerConfigKeys (ConfUtils.java:logGet(43)) - raft.server.snapshot.auto.trigger.threshold = 10000 (custom)
2019-10-18 14:03:23,443 [pool-59-thread-1] INFO  server.RaftServerConfigKeys (ConfUtils.java:logGet(43)) - raft.server.snapshot.retention.file.num = 5 (custom)
2019-10-18 14:03:23,443 [pool-59-thread-1] INFO  server.RaftServerConfigKeys (ConfUtils.java:logGet(43)) - raft.server.retrycache.expirytime = 600000ms (custom)
2019-10-18 14:03:23,444 [main] INFO  server.BaseHttpServer (BaseHttpServer.java:updateConnectorAddress(215)) - HTTP server of HDDSDATANODE is listening at http://0.0.0.0:37786
2019-10-18 14:03:23,445 [pool-59-thread-1] INFO  impl.RaftServerImpl (RaftServerImpl.java:<init>(104)) - 0eccc4cb-77af-4c43-89bd-f01b83be0073: new RaftServerImpl for group-EF32841D93FD:[] with ContainerStateMachine:uninitialized
2019-10-18 14:03:23,445 [pool-59-thread-1] INFO  server.RaftServerConfigKeys (ConfUtils.java:logGet(43)) - raft.server.rpc.timeout.min = 5s (custom)
2019-10-18 14:03:23,446 [pool-59-thread-1] INFO  server.RaftServerConfigKeys (ConfUtils.java:logGet(43)) - raft.server.rpc.timeout.max = 5200ms (custom)
2019-10-18 14:03:23,446 [pool-59-thread-1] INFO  server.RaftServerConfigKeys (ConfUtils.java:logGet(43)) - raft.server.rpcslowness.timeout = 1000s (custom)
2019-10-18 14:03:23,446 [pool-59-thread-1] INFO  server.RaftServerConfigKeys (ConfUtils.java:logGet(43)) - raft.server.sleep.deviation.threshold = 300 (default)
2019-10-18 14:03:23,446 [org.apache.hadoop.util.JvmPauseMonitor$Monitor@7638db4f] INFO  util.JvmPauseMonitor (JvmPauseMonitor.java:run(188)) - Starting JVM pause monitor
2019-10-18 14:03:23,446 [pool-59-thread-1] INFO  server.RaftServerConfigKeys (ConfUtils.java:logGet(43)) - raft.server.log.appender.install.snapshot.enabled = false (custom)
2019-10-18 14:03:23,446 [pool-59-thread-1] INFO  impl.RaftServerImpl (ServerState.java:<init>(103)) - 0eccc4cb-77af-4c43-89bd-f01b83be0073@group-EF32841D93FD: ConfigurationManager, init=-1: [], old=null, confs=<EMPTY_MAP>
2019-10-18 14:03:23,446 [pool-59-thread-1] INFO  server.RaftServerConfigKeys (ConfUtils.java:logGet(43)) - raft.server.storage.dir = [/workdir/hadoop-ozone/integration-test/target/test-dir/MiniOzoneClusterImpl-0aed760e-6e1a-4be6-abfb-431785f69e2b/datanode-2/data/ratis] (custom)
2019-10-18 14:03:23,447 [pool-59-thread-1] INFO  server.RaftServerConfigKeys (ConfUtils.java:logGet(43)) - raft.server.log.corruption.policy = EXCEPTION (default)
2019-10-18 14:03:23,459 [pool-59-thread-1] INFO  storage.RaftStorageDirectory (RaftStorageDirectory.java:tryLock(328)) - Lock on /workdir/hadoop-ozone/integration-test/target/test-dir/MiniOzoneClusterImpl-0aed760e-6e1a-4be6-abfb-431785f69e2b/datanode-2/data/ratis/77375461-083c-49bc-b792-ef32841d93fd/in_use.lock acquired by nodename 29037@pr-hdds-2293-fsv7b-60401721
2019-10-18 14:03:23,459 [pool-59-thread-1] INFO  ratis.ContainerStateMachine (ContainerStateMachine.java:loadSnapshot(231)) - group-EF32841D93FD: The snapshot info is null. Setting the last applied indexto:(t:0, i:~)
2019-10-18 14:03:23,460 [pool-59-thread-1] INFO  server.RaftServerConfigKeys (ConfUtils.java:logGet(43)) - raft.server.notification.no-leader.timeout = 1000s (custom)
2019-10-18 14:03:23,460 [pool-59-thread-1] INFO  server.RaftServerConfigKeys (ConfUtils.java:logGet(43)) - raft.server.log.use.memory = false (default)
2019-10-18 14:03:23,460 [pool-59-thread-1] INFO  server.RaftServerConfigKeys (ConfUtils.java:logGet(43)) - raft.server.log.purge.gap = 1000000 (custom)
2019-10-18 14:03:23,460 [pool-59-thread-1] INFO  server.RaftServerConfigKeys (ConfUtils.java:logGet(43)) - raft.server.log.appender.buffer.byte-limit = 33554432 (custom)
2019-10-18 14:03:23,460 [pool-59-thread-1] INFO  server.RaftServerConfigKeys (ConfUtils.java:logGet(43)) - raft.server.log.segment.size.max = 1048576 (custom)
2019-10-18 14:03:23,460 [pool-59-thread-1] INFO  server.RaftServerConfigKeys (ConfUtils.java:logGet(43)) - raft.server.log.segment.cache.num.max = 2 (custom)
2019-10-18 14:03:23,461 [pool-59-thread-1] INFO  segmented.SegmentedRaftLogWorker (SegmentedRaftLogWorker.java:<init>(173)) - new 0eccc4cb-77af-4c43-89bd-f01b83be0073@group-EF32841D93FD-SegmentedRaftLogWorker for RaftStorage:Storage Directory /workdir/hadoop-ozone/integration-test/target/test-dir/MiniOzoneClusterImpl-0aed760e-6e1a-4be6-abfb-431785f69e2b/datanode-2/data/ratis/77375461-083c-49bc-b792-ef32841d93fd
2019-10-18 14:03:23,461 [pool-59-thread-1] INFO  server.RaftServerConfigKeys (ConfUtils.java:logGet(43)) - raft.server.log.queue.byte-limit = 2147483647 (custom)
2019-10-18 14:03:23,461 [pool-59-thread-1] INFO  server.RaftServerConfigKeys (ConfUtils.java:logGet(43)) - raft.server.log.queue.element-limit = 1024 (custom)
2019-10-18 14:03:23,461 [pool-59-thread-1] INFO  server.RaftServerConfigKeys (ConfUtils.java:logGet(43)) - raft.server.log.segment.size.max = 1048576 (custom)
2019-10-18 14:03:23,461 [pool-59-thread-1] INFO  server.RaftServerConfigKeys (ConfUtils.java:logGet(43)) - raft.server.log.preallocated.size = 16384 (custom)
2019-10-18 14:03:23,461 [pool-59-thread-1] INFO  server.RaftServerConfigKeys (ConfUtils.java:logGet(43)) - raft.server.log.write.buffer.size = 33554432 (custom)
2019-10-18 14:03:23,461 [pool-59-thread-1] INFO  server.RaftServerConfigKeys (ConfUtils.java:logGet(43)) - raft.server.log.force.sync.num = 128 (default)
2019-10-18 14:03:23,461 [pool-59-thread-1] INFO  server.RaftServerConfigKeys (ConfUtils.java:logGet(43)) - raft.server.log.statemachine.data.sync = true (default)
2019-10-18 14:03:23,462 [pool-59-thread-1] INFO  server.RaftServerConfigKeys (ConfUtils.java:logGet(43)) - raft.server.log.statemachine.data.sync.timeout = 10s (default)
2019-10-18 14:03:23,462 [pool-59-thread-1] INFO  server.RaftServerConfigKeys (ConfUtils.java:logGet(43)) - raft.server.log.statemachine.data.sync.timeout.retry = -1 (default)
2019-10-18 14:03:23,462 [pool-59-thread-1] INFO  server.RaftServerConfigKeys (ConfUtils.java:logGet(43)) - raft.server.log.statemachine.data.caching.enabled = true (custom)
2019-10-18 14:03:23,463 [pool-59-thread-1] INFO  impl.RaftServerImpl (ServerState.java:setRaftConf(357)) - 0eccc4cb-77af-4c43-89bd-f01b83be0073@group-EF32841D93FD: set configuration 0: [0eccc4cb-77af-4c43-89bd-f01b83be0073:192.168.69.124:38580], old=null at 0
2019-10-18 14:03:23,463 [pool-59-thread-1] INFO  segmented.LogSegment (LogSegment.java:loadSegment(140)) - Successfully read 1 entries from segment file /workdir/hadoop-ozone/integration-test/target/test-dir/MiniOzoneClusterImpl-0aed760e-6e1a-4be6-abfb-431785f69e2b/datanode-2/data/ratis/77375461-083c-49bc-b792-ef32841d93fd/current/log_inprogress_0
2019-10-18 14:03:23,463 [pool-59-thread-1] INFO  segmented.SegmentedRaftLogWorker (SegmentedRaftLogWorker.java:lambda$new$0(128)) - 0eccc4cb-77af-4c43-89bd-f01b83be0073@group-EF32841D93FD-SegmentedRaftLogWorker: flushIndex: setUnconditionally 0 -> 0
2019-10-18 14:03:23,495 [pool-59-thread-1] INFO  server.RaftServerConfigKeys (ConfUtils.java:logGet(43)) - raft.server.snapshot.auto.trigger.enabled = true (custom)
2019-10-18 14:03:23,495 [pool-59-thread-1] INFO  server.RaftServerConfigKeys (ConfUtils.java:logGet(43)) - raft.server.snapshot.auto.trigger.threshold = 10000 (custom)
2019-10-18 14:03:23,495 [pool-59-thread-1] INFO  server.RaftServerConfigKeys (ConfUtils.java:logGet(43)) - raft.server.snapshot.retention.file.num = 5 (custom)
2019-10-18 14:03:23,495 [pool-59-thread-1] INFO  server.RaftServerConfigKeys (ConfUtils.java:logGet(43)) - raft.server.retrycache.expirytime = 600000ms (custom)
2019-10-18 14:03:23,679 [SCMBlockDeletingService#0] INFO  block.SCMBlockDeletingService (SCMBlockDeletingService.java:call(184)) - Totally added 1 delete blocks command for 1 datanodes, task elapsed time: 0ms
2019-10-18 14:03:23,680 [pool-7-thread-1] INFO  commands.RetriableDatanodeEventWatcher (RetriableDatanodeEventWatcher.java:onTimeout(47)) - RetriableDatanodeCommand type=deleteBlocksCommand with id=1571407402677 timed out. Retrying.
2019-10-18 14:03:24,077 [BlockDeletingService#0] WARN  background.BlockDeletingService (BlockDeletingService.java:isDeletionAllowed(187)) - Close Container log Index 6 is not replicated across allthe servers in the pipeline 08f27b3d-1876-4e46-af5a-1c08cd4f7525 as the min replicated index is 4. Deletion is not allowed in this container yet.
2019-10-18 14:03:24,077 [BlockDeletingService#2] WARN  background.BlockDeletingService (BlockDeletingService.java:isDeletionAllowed(187)) - Close Container log Index 6 is not replicated across allthe servers in the pipeline 08f27b3d-1876-4e46-af5a-1c08cd4f7525 as the min replicated index is 4. Deletion is not allowed in this container yet.
2019-10-18 14:03:24,160 [java.util.concurrent.ThreadPoolExecutor$Worker@3e376dad[State = -1, empty queue]] WARN  server.GrpcLogAppender (GrpcLogAppender.java:timeoutAppendRequest(209)) - 524d4c73-bbaf-4142-9273-d20c5a8628b4@group-1C08CD4F7525->0eccc4cb-77af-4c43-89bd-f01b83be0073-GrpcLogAppender: appendEntries Timeout, request=524d4c73-bbaf-4142-9273-d20c5a8628b4->0eccc4cb-77af-4c43-89bd-f01b83be0073#50-t2, previous=(t:2, i:10), leaderCommit=10, initializing? false, entries: <empty>
2019-10-18 14:03:24,679 [pool-7-thread-1] INFO  commands.RetriableDatanodeEventWatcher (RetriableDatanodeEventWatcher.java:onTimeout(47)) - RetriableDatanodeCommand type=deleteBlocksCommand with id=1571407402680 timed out. Retrying.
2019-10-18 14:03:24,680 [SCMBlockDeletingService#0] INFO  block.SCMBlockDeletingService (SCMBlockDeletingService.java:call(184)) - Totally added 1 delete blocks command for 1 datanodes, task elapsed time: 0ms
2019-10-18 14:03:24,681 [pool-7-thread-1] INFO  commands.RetriableDatanodeEventWatcher (RetriableDatanodeEventWatcher.java:onTimeout(47)) - RetriableDatanodeCommand type=deleteBlocksCommand with id=1571407402677 timed out. Retrying.
2019-10-18 14:03:24,800 [Thread-534] INFO  client.GrpcClientProtocolService (GrpcClientProtocolService.java:lambda$processClientRequest$0(278)) - Failed RaftClientRequest:client-D27B19DE1784->967a5d84-883e-4fc5-aa88-430cc6c4b93a@group-1C08CD4F7525, cid=10, seq=0, Watch-ALL_COMMITTED(6), Message:<EMPTY>, reply=RaftClientReply:client-D27B19DE1784->967a5d84-883e-4fc5-aa88-430cc6c4b93a@group-1C08CD4F7525, cid=10, FAILED org.apache.ratis.protocol.NotLeaderException: Server 967a5d84-883e-4fc5-aa88-430cc6c4b93a@group-1C08CD4F7525 is not the leader 524d4c73-bbaf-4142-9273-d20c5a8628b4:192.168.69.124:36511, logIndex=0, commits[967a5d84-883e-4fc5-aa88-430cc6c4b93a:c10, 524d4c73-bbaf-4142-9273-d20c5a8628b4:c10, 0eccc4cb-77af-4c43-89bd-f01b83be0073:c4]
2019-10-18 14:03:25,079 [BlockDeletingService#2] WARN  background.BlockDeletingService (BlockDeletingService.java:isDeletionAllowed(187)) - Close Container log Index 6 is not replicated across allthe servers in the pipeline 08f27b3d-1876-4e46-af5a-1c08cd4f7525 as the min replicated index is 4. Deletion is not allowed in this container yet.
2019-10-18 14:03:25,079 [BlockDeletingService#0] WARN  background.BlockDeletingService (BlockDeletingService.java:isDeletionAllowed(187)) - Close Container log Index 6 is not replicated across allthe servers in the pipeline 08f27b3d-1876-4e46-af5a-1c08cd4f7525 as the min replicated index is 4. Deletion is not allowed in this container yet.
2019-10-18 14:03:25,448 [Datanode State Machine Thread - 0] INFO  ozoneimpl.OzoneContainer (OzoneContainer.java:start(213)) - Attempting to start container services.
2019-10-18 14:03:25,449 [Datanode State Machine Thread - 0] INFO  ozoneimpl.OzoneContainer (OzoneContainer.java:startContainerScrub(177)) - Background container scanner has been disabled.
2019-10-18 14:03:25,449 [Datanode State Machine Thread - 0] INFO  ratis.XceiverServerRatis (XceiverServerRatis.java:start(418)) - Starting XceiverServerRatis 0eccc4cb-77af-4c43-89bd-f01b83be0073 at port 38580
2019-10-18 14:03:25,456 [Datanode State Machine Thread - 0] INFO  impl.RaftServerImpl (RaftServerImpl.java:start(195)) - 0eccc4cb-77af-4c43-89bd-f01b83be0073@group-1C08CD4F7525: start as a follower, conf=0: [967a5d84-883e-4fc5-aa88-430cc6c4b93a:192.168.69.124:45994, 524d4c73-bbaf-4142-9273-d20c5a8628b4:192.168.69.124:36511, 0eccc4cb-77af-4c43-89bd-f01b83be0073:192.168.69.124:38580], old=null
2019-10-18 14:03:25,457 [ForkJoinPool.commonPool-worker-0] INFO  impl.RaftServerImpl (RaftServerImpl.java:start(195)) - 0eccc4cb-77af-4c43-89bd-f01b83be0073@group-EF32841D93FD: start as a follower, conf=0: [0eccc4cb-77af-4c43-89bd-f01b83be0073:192.168.69.124:38580], old=null
2019-10-18 14:03:25,457 [Datanode State Machine Thread - 0] INFO  impl.RaftServerImpl (RaftServerImpl.java:setRole(184)) - 0eccc4cb-77af-4c43-89bd-f01b83be0073@group-1C08CD4F7525: changes role from      null to FOLLOWER at term 2 for startAsFollower
2019-10-18 14:03:25,457 [ForkJoinPool.commonPool-worker-0] INFO  impl.RaftServerImpl (RaftServerImpl.java:setRole(184)) - 0eccc4cb-77af-4c43-89bd-f01b83be0073@group-EF32841D93FD: changes role from      null to FOLLOWER at term 1 for startAsFollower
2019-10-18 14:03:25,457 [Datanode State Machine Thread - 0] INFO  impl.RoleInfo (RoleInfo.java:updateAndGet(143)) - 0eccc4cb-77af-4c43-89bd-f01b83be0073: start FollowerState
2019-10-18 14:03:25,457 [ForkJoinPool.commonPool-worker-0] INFO  impl.RoleInfo (RoleInfo.java:updateAndGet(143)) - 0eccc4cb-77af-4c43-89bd-f01b83be0073: start FollowerState
2019-10-18 14:03:25,458 [ForkJoinPool.commonPool-worker-0] INFO  util.JmxRegister (JmxRegister.java:tryRegister(44)) - Successfully registered JMX Bean with object name Ratis:service=RaftServer,group=group-EF32841D93FD,id=0eccc4cb-77af-4c43-89bd-f01b83be0073
2019-10-18 14:03:25,458 [Datanode State Machine Thread - 0] INFO  util.JmxRegister (JmxRegister.java:tryRegister(44)) - Successfully registered JMX Bean with object name Ratis:service=RaftServer,group=group-1C08CD4F7525,id=0eccc4cb-77af-4c43-89bd-f01b83be0073
2019-10-18 14:03:25,459 [Datanode State Machine Thread - 0] INFO  impl.RaftServerProxy (RaftServerProxy.java:lambda$start$3(299)) - 0eccc4cb-77af-4c43-89bd-f01b83be0073: start RPC server
2019-10-18 14:03:25,461 [Datanode State Machine Thread - 0] INFO  server.GrpcService (GrpcService.java:startImpl(158)) - 0eccc4cb-77af-4c43-89bd-f01b83be0073: GrpcService started, listening on 0.0.0.0/0.0.0.0:38580
2019-10-18 14:03:25,536 [Thread-540] INFO  impl.FollowerState (FollowerState.java:run(108)) - 0eccc4cb-77af-4c43-89bd-f01b83be0073@group-EF32841D93FD-FollowerState: change to CANDIDATE, lastRpcTime:78ms, electionTimeout:78ms
2019-10-18 14:03:25,536 [Thread-540] INFO  impl.RoleInfo (RoleInfo.java:shutdownFollowerState(121)) - 0eccc4cb-77af-4c43-89bd-f01b83be0073: shutdown FollowerState
2019-10-18 14:03:25,536 [Thread-540] INFO  impl.RaftServerImpl (RaftServerImpl.java:setRole(184)) - 0eccc4cb-77af-4c43-89bd-f01b83be0073@group-EF32841D93FD: changes role from  FOLLOWER to CANDIDATE at term 1 for changeToCandidate
2019-10-18 14:03:25,536 [Thread-540] INFO  impl.RoleInfo (RoleInfo.java:updateAndGet(143)) - 0eccc4cb-77af-4c43-89bd-f01b83be0073: start LeaderElection
2019-10-18 14:03:25,549 [Thread-539] INFO  impl.FollowerState (FollowerState.java:run(108)) - 0eccc4cb-77af-4c43-89bd-f01b83be0073@group-1C08CD4F7525-FollowerState: change to CANDIDATE, lastRpcTime:91ms, electionTimeout:91ms
2019-10-18 14:03:25,549 [Thread-539] INFO  impl.RoleInfo (RoleInfo.java:shutdownFollowerState(121)) - 0eccc4cb-77af-4c43-89bd-f01b83be0073: shutdown FollowerState
2019-10-18 14:03:25,549 [Thread-539] INFO  impl.RaftServerImpl (RaftServerImpl.java:setRole(184)) - 0eccc4cb-77af-4c43-89bd-f01b83be0073@group-1C08CD4F7525: changes role from  FOLLOWER to CANDIDATE at term 2 for changeToCandidate
2019-10-18 14:03:25,549 [Thread-539] INFO  impl.RoleInfo (RoleInfo.java:updateAndGet(143)) - 0eccc4cb-77af-4c43-89bd-f01b83be0073: start LeaderElection
2019-10-18 14:03:25,569 [0eccc4cb-77af-4c43-89bd-f01b83be0073@group-EF32841D93FD-LeaderElection6] INFO  impl.LeaderElection (LeaderElection.java:askForVotes(178)) - 0eccc4cb-77af-4c43-89bd-f01b83be0073@group-EF32841D93FD-LeaderElection6: begin an election at term 2 for 0: [0eccc4cb-77af-4c43-89bd-f01b83be0073:192.168.69.124:38580], old=null
2019-10-18 14:03:25,569 [0eccc4cb-77af-4c43-89bd-f01b83be0073@group-EF32841D93FD-LeaderElection6] INFO  impl.RoleInfo (RoleInfo.java:shutdownLeaderElection(134)) - 0eccc4cb-77af-4c43-89bd-f01b83be0073: shutdown LeaderElection
2019-10-18 14:03:25,569 [0eccc4cb-77af-4c43-89bd-f01b83be0073@group-EF32841D93FD-LeaderElection6] INFO  impl.RaftServerImpl (RaftServerImpl.java:setRole(184)) - 0eccc4cb-77af-4c43-89bd-f01b83be0073@group-EF32841D93FD: changes role from CANDIDATE to LEADER at term 2 for changeToLeader
2019-10-18 14:03:25,569 [0eccc4cb-77af-4c43-89bd-f01b83be0073@group-EF32841D93FD-LeaderElection6] INFO  impl.RaftServerImpl (ServerState.java:setLeader(256)) - 0eccc4cb-77af-4c43-89bd-f01b83be0073@group-EF32841D93FD: change Leader from null to 0eccc4cb-77af-4c43-89bd-f01b83be0073 at term 2 for becomeLeader, leader elected after 2109ms
2019-10-18 14:03:25,570 [0eccc4cb-77af-4c43-89bd-f01b83be0073@group-EF32841D93FD-LeaderElection6] INFO  server.RaftServerConfigKeys (ConfUtils.java:logGet(43)) - raft.server.staging.catchup.gap = 1000 (default)
2019-10-18 14:03:25,570 [0eccc4cb-77af-4c43-89bd-f01b83be0073@group-1C08CD4F7525-LeaderElection7] INFO  impl.LeaderElection (LeaderElection.java:askForVotes(178)) - 0eccc4cb-77af-4c43-89bd-f01b83be0073@group-1C08CD4F7525-LeaderElection7: begin an election at term 3 for 0: [967a5d84-883e-4fc5-aa88-430cc6c4b93a:192.168.69.124:45994, 524d4c73-bbaf-4142-9273-d20c5a8628b4:192.168.69.124:36511, 0eccc4cb-77af-4c43-89bd-f01b83be0073:192.168.69.124:38580], old=null
2019-10-18 14:03:25,570 [0eccc4cb-77af-4c43-89bd-f01b83be0073@group-EF32841D93FD-LeaderElection6] INFO  server.RaftServerConfigKeys (ConfUtils.java:logGet(43)) - raft.server.rpc.sleep.time = 25ms (default)
2019-10-18 14:03:25,571 [0eccc4cb-77af-4c43-89bd-f01b83be0073@group-EF32841D93FD-LeaderElection6] INFO  server.RaftServerConfigKeys (ConfUtils.java:logGet(43)) - raft.server.write.element-limit = 4096 (default)
2019-10-18 14:03:25,571 [0eccc4cb-77af-4c43-89bd-f01b83be0073@group-EF32841D93FD-LeaderElection6] INFO  server.RaftServerConfigKeys (ConfUtils.java:logGet(43)) - raft.server.watch.timeout = 10s (default)
2019-10-18 14:03:25,571 [0eccc4cb-77af-4c43-89bd-f01b83be0073@group-EF32841D93FD-LeaderElection6] INFO  server.RaftServerConfigKeys (ConfUtils.java:logGet(43)) - raft.server.watch.timeout.denomination = 1s (default)
2019-10-18 14:03:25,571 [0eccc4cb-77af-4c43-89bd-f01b83be0073@group-EF32841D93FD-LeaderElection6] INFO  server.RaftServerConfigKeys (ConfUtils.java:logGet(43)) - raft.server.watch.element-limit = 65536 (default)
2019-10-18 14:03:25,572 [0eccc4cb-77af-4c43-89bd-f01b83be0073@group-EF32841D93FD-LeaderElection6] INFO  impl.RoleInfo (RoleInfo.java:updateAndGet(143)) - 0eccc4cb-77af-4c43-89bd-f01b83be0073: start LeaderState
2019-10-18 14:03:25,573 [0eccc4cb-77af-4c43-89bd-f01b83be0073@group-EF32841D93FD-LeaderElection6] INFO  segmented.SegmentedRaftLogWorker (SegmentedRaftLogWorker.java:rollLogSegment(390)) - 0eccc4cb-77af-4c43-89bd-f01b83be0073@group-EF32841D93FD-SegmentedRaftLogWorker: Rolling segment log-0_0 to index:0
2019-10-18 14:03:25,581 [0eccc4cb-77af-4c43-89bd-f01b83be0073@group-EF32841D93FD-LeaderElection6] INFO  impl.RaftServerImpl (ServerState.java:setRaftConf(357)) - 0eccc4cb-77af-4c43-89bd-f01b83be0073@group-EF32841D93FD: set configuration 1: [0eccc4cb-77af-4c43-89bd-f01b83be0073:192.168.69.124:38580], old=null at 1
2019-10-18 14:03:25,582 [0eccc4cb-77af-4c43-89bd-f01b83be0073@group-EF32841D93FD-SegmentedRaftLogWorker] INFO  segmented.SegmentedRaftLogWorker (SegmentedRaftLogWorker.java:execute(533)) - 0eccc4cb-77af-4c43-89bd-f01b83be0073@group-EF32841D93FD-SegmentedRaftLogWorker: Rolled log segment from /workdir/hadoop-ozone/integration-test/target/test-dir/MiniOzoneClusterImpl-0aed760e-6e1a-4be6-abfb-431785f69e2b/datanode-2/data/ratis/77375461-083c-49bc-b792-ef32841d93fd/current/log_inprogress_0 to /workdir/hadoop-ozone/integration-test/target/test-dir/MiniOzoneClusterImpl-0aed760e-6e1a-4be6-abfb-431785f69e2b/datanode-2/data/ratis/77375461-083c-49bc-b792-ef32841d93fd/current/log_0-0
2019-10-18 14:03:25,609 [grpc-default-executor-3] INFO  impl.RaftServerImpl (ServerState.java:setLeader(256)) - 524d4c73-bbaf-4142-9273-d20c5a8628b4@group-1C08CD4F7525: change Leader from 524d4c73-bbaf-4142-9273-d20c5a8628b4 to null at term 3 for updateCurrentTerm
2019-10-18 14:03:25,610 [grpc-default-executor-3] INFO  impl.RaftServerImpl (RaftServerImpl.java:setRole(184)) - 524d4c73-bbaf-4142-9273-d20c5a8628b4@group-1C08CD4F7525: changes role from    LEADER to FOLLOWER at term 3 for recognizeCandidate:0eccc4cb-77af-4c43-89bd-f01b83be0073
2019-10-18 14:03:25,609 [grpc-default-executor-1] INFO  impl.RaftServerImpl (ServerState.java:setLeader(256)) - 967a5d84-883e-4fc5-aa88-430cc6c4b93a@group-1C08CD4F7525: change Leader from 524d4c73-bbaf-4142-9273-d20c5a8628b4 to null at term 3 for updateCurrentTerm
2019-10-18 14:03:25,612 [grpc-default-executor-1] INFO  impl.RaftServerImpl (RaftServerImpl.java:setRole(184)) - 967a5d84-883e-4fc5-aa88-430cc6c4b93a@group-1C08CD4F7525: changes role from  FOLLOWER to FOLLOWER at term 3 for recognizeCandidate:0eccc4cb-77af-4c43-89bd-f01b83be0073
2019-10-18 14:03:25,610 [grpc-default-executor-3] INFO  impl.RoleInfo (RoleInfo.java:shutdownLeaderState(104)) - 524d4c73-bbaf-4142-9273-d20c5a8628b4: shutdown LeaderState
2019-10-18 14:03:25,612 [grpc-default-executor-1] INFO  impl.RoleInfo (RoleInfo.java:shutdownFollowerState(121)) - 967a5d84-883e-4fc5-aa88-430cc6c4b93a: shutdown FollowerState
2019-10-18 14:03:25,614 [grpc-default-executor-3] INFO  impl.PendingRequests (PendingRequests.java:sendNotLeaderResponses(202)) - 524d4c73-bbaf-4142-9273-d20c5a8628b4@group-1C08CD4F7525-PendingRequests: sendNotLeaderResponses
2019-10-18 14:03:25,614 [org.apache.ratis.server.impl.LogAppender$AppenderDaemon$$Lambda$395/604086139@6b7b391f] WARN  server.GrpcLogAppender (GrpcLogAppender.java:mayWait(149)) - 524d4c73-bbaf-4142-9273-d20c5a8628b4@group-1C08CD4F7525->967a5d84-883e-4fc5-aa88-430cc6c4b93a-GrpcLogAppender: Wait interrupted by java.lang.InterruptedException
2019-10-18 14:03:25,614 [Thread-220] INFO  impl.FollowerState (FollowerState.java:run(117)) - 967a5d84-883e-4fc5-aa88-430cc6c4b93a@group-1C08CD4F7525-FollowerState was interrupted: java.lang.InterruptedException: sleep interrupted
2019-10-18 14:03:25,614 [grpc-default-executor-1] INFO  impl.RoleInfo (RoleInfo.java:updateAndGet(143)) - 967a5d84-883e-4fc5-aa88-430cc6c4b93a: start FollowerState
2019-10-18 14:03:25,614 [org.apache.ratis.server.impl.LogAppender$AppenderDaemon$$Lambda$395/604086139@9538eee] WARN  server.GrpcLogAppender (GrpcLogAppender.java:mayWait(149)) - 524d4c73-bbaf-4142-9273-d20c5a8628b4@group-1C08CD4F7525->0eccc4cb-77af-4c43-89bd-f01b83be0073-GrpcLogAppender: Wait interrupted by java.lang.InterruptedException
2019-10-18 14:03:25,618 [Thread-549] INFO  client.GrpcClientProtocolService (GrpcClientProtocolService.java:lambda$processClientRequest$0(278)) - Failed RaftClientRequest:client-D27B19DE1784->524d4c73-bbaf-4142-9273-d20c5a8628b4@group-1C08CD4F7525, cid=10, seq=0, Watch-ALL_COMMITTED(6), Message:<EMPTY>, reply=RaftClientReply:client-D27B19DE1784->524d4c73-bbaf-4142-9273-d20c5a8628b4@group-1C08CD4F7525, cid=10, FAILED org.apache.ratis.protocol.NotLeaderException: Server 524d4c73-bbaf-4142-9273-d20c5a8628b4@group-1C08CD4F7525 is not the leader, logIndex=0, commits[524d4c73-bbaf-4142-9273-d20c5a8628b4:c10, 967a5d84-883e-4fc5-aa88-430cc6c4b93a:c10, 0eccc4cb-77af-4c43-89bd-f01b83be0073:c4]
2019-10-18 14:03:25,620 [Thread-550] INFO  client.GrpcClientProtocolService (GrpcClientProtocolService.java:lambda$processClientRequest$0(278)) - Failed RaftClientRequest:client-D27B19DE1784->524d4c73-bbaf-4142-9273-d20c5a8628b4@group-1C08CD4F7525, cid=10, seq=0, Watch-ALL_COMMITTED(6), Message:<EMPTY>, reply=RaftClientReply:client-D27B19DE1784->524d4c73-bbaf-4142-9273-d20c5a8628b4@group-1C08CD4F7525, cid=10, FAILED org.apache.ratis.protocol.NotLeaderException: Server 524d4c73-bbaf-4142-9273-d20c5a8628b4@group-1C08CD4F7525 is not the leader, logIndex=0, commits[524d4c73-bbaf-4142-9273-d20c5a8628b4:c10, 967a5d84-883e-4fc5-aa88-430cc6c4b93a:c10, 0eccc4cb-77af-4c43-89bd-f01b83be0073:c4]
2019-10-18 14:03:25,620 [grpc-default-executor-3] INFO  impl.RoleInfo (RoleInfo.java:updateAndGet(143)) - 524d4c73-bbaf-4142-9273-d20c5a8628b4: start FollowerState
2019-10-18 14:03:25,621 [0eccc4cb-77af-4c43-89bd-f01b83be0073@group-EF32841D93FD-SegmentedRaftLogWorker] INFO  segmented.SegmentedRaftLogWorker (SegmentedRaftLogWorker.java:execute(576)) - 0eccc4cb-77af-4c43-89bd-f01b83be0073@group-EF32841D93FD-SegmentedRaftLogWorker: created new log segment /workdir/hadoop-ozone/integration-test/target/test-dir/MiniOzoneClusterImpl-0aed760e-6e1a-4be6-abfb-431785f69e2b/datanode-2/data/ratis/77375461-083c-49bc-b792-ef32841d93fd/current/log_inprogress_1
2019-10-18 14:03:25,622 [grpc-default-executor-0] INFO  server.GrpcServerProtocolService (GrpcServerProtocolService.java:onCompleted(113)) - 967a5d84-883e-4fc5-aa88-430cc6c4b93a: Completed APPEND_ENTRIES, lastRequest: 524d4c73-bbaf-4142-9273-d20c5a8628b4->967a5d84-883e-4fc5-aa88-430cc6c4b93a#51-t2, previous=(t:2, i:10), leaderCommit=10, initializing? false, entries: <empty>
2019-10-18 14:03:25,628 [grpc-default-executor-4] INFO  server.GrpcLogAppender (GrpcLogAppender.java:onCompleted(308)) - 524d4c73-bbaf-4142-9273-d20c5a8628b4@group-1C08CD4F7525->967a5d84-883e-4fc5-aa88-430cc6c4b93a-AppendLogResponseHandler: follower responses appendEntries COMPLETED
2019-10-18 14:03:25,635 [grpc-default-executor-4] INFO  impl.FollowerInfo (FollowerInfo.java:lambda$new$0(51)) - 524d4c73-bbaf-4142-9273-d20c5a8628b4@group-1C08CD4F7525->967a5d84-883e-4fc5-aa88-430cc6c4b93a: nextIndex: updateUnconditionally 11 -> 10
2019-10-18 14:03:25,639 [0eccc4cb-77af-4c43-89bd-f01b83be0073@group-1C08CD4F7525-LeaderElection7] INFO  impl.LeaderElection (LeaderElection.java:logAndReturn(56)) - 0eccc4cb-77af-4c43-89bd-f01b83be0073@group-1C08CD4F7525-LeaderElection7: Election REJECTED; received 2 response(s) [0eccc4cb-77af-4c43-89bd-f01b83be0073<-967a5d84-883e-4fc5-aa88-430cc6c4b93a#0:FAIL-t3, 0eccc4cb-77af-4c43-89bd-f01b83be0073<-524d4c73-bbaf-4142-9273-d20c5a8628b4#0:FAIL-t3] and 0 exception(s); 0eccc4cb-77af-4c43-89bd-f01b83be0073@group-1C08CD4F7525:t3, leader=null, voted=0eccc4cb-77af-4c43-89bd-f01b83be0073, raftlog=0eccc4cb-77af-4c43-89bd-f01b83be0073@group-1C08CD4F7525-SegmentedRaftLog:OPENED:c3,f4,i4, conf=0: [967a5d84-883e-4fc5-aa88-430cc6c4b93a:192.168.69.124:45994, 524d4c73-bbaf-4142-9273-d20c5a8628b4:192.168.69.124:36511, 0eccc4cb-77af-4c43-89bd-f01b83be0073:192.168.69.124:38580], old=null
2019-10-18 14:03:25,639 [0eccc4cb-77af-4c43-89bd-f01b83be0073@group-1C08CD4F7525-LeaderElection7] INFO  impl.RaftServerImpl (RaftServerImpl.java:setRole(184)) - 0eccc4cb-77af-4c43-89bd-f01b83be0073@group-1C08CD4F7525: changes role from CANDIDATE to FOLLOWER at term 3 for DISCOVERED_A_NEW_TERM
2019-10-18 14:03:25,640 [0eccc4cb-77af-4c43-89bd-f01b83be0073@group-1C08CD4F7525-LeaderElection7] INFO  impl.RoleInfo (RoleInfo.java:shutdownLeaderElection(134)) - 0eccc4cb-77af-4c43-89bd-f01b83be0073: shutdown LeaderElection
2019-10-18 14:03:25,641 [0eccc4cb-77af-4c43-89bd-f01b83be0073@group-1C08CD4F7525-LeaderElection7] INFO  impl.RoleInfo (RoleInfo.java:updateAndGet(143)) - 0eccc4cb-77af-4c43-89bd-f01b83be0073: start FollowerState
2019-10-18 14:03:25,678 [pool-7-thread-1] INFO  commands.RetriableDatanodeEventWatcher (RetriableDatanodeEventWatcher.java:onTimeout(47)) - RetriableDatanodeCommand type=deleteBlocksCommand with id=1571407402680 timed out. Retrying.
2019-10-18 14:03:25,679 [pool-7-thread-1] INFO  commands.RetriableDatanodeEventWatcher (RetriableDatanodeEventWatcher.java:onTimeout(47)) - RetriableDatanodeCommand type=deleteBlocksCommand with id=1571407402681 timed out. Retrying.
2019-10-18 14:03:25,681 [pool-7-thread-1] INFO  commands.RetriableDatanodeEventWatcher (RetriableDatanodeEventWatcher.java:onTimeout(47)) - RetriableDatanodeCommand type=deleteBlocksCommand with id=1571407402677 timed out. Retrying.
2019-10-18 14:03:25,681 [SCMBlockDeletingService#0] INFO  block.SCMBlockDeletingService (SCMBlockDeletingService.java:call(184)) - Totally added 1 delete blocks command for 1 datanodes, task elapsed time: 0ms
2019-10-18 14:03:25,713 [Thread-553] INFO  impl.FollowerState (FollowerState.java:run(108)) - 0eccc4cb-77af-4c43-89bd-f01b83be0073@group-1C08CD4F7525-FollowerState: change to CANDIDATE, lastRpcTime:72ms, electionTimeout:72ms
2019-10-18 14:03:25,714 [Thread-553] INFO  impl.RoleInfo (RoleInfo.java:shutdownFollowerState(121)) - 0eccc4cb-77af-4c43-89bd-f01b83be0073: shutdown FollowerState
2019-10-18 14:03:25,714 [Thread-553] INFO  impl.RaftServerImpl (RaftServerImpl.java:setRole(184)) - 0eccc4cb-77af-4c43-89bd-f01b83be0073@group-1C08CD4F7525: changes role from  FOLLOWER to CANDIDATE at term 3 for changeToCandidate
2019-10-18 14:03:25,714 [Thread-553] INFO  impl.RoleInfo (RoleInfo.java:updateAndGet(143)) - 0eccc4cb-77af-4c43-89bd-f01b83be0073: start LeaderElection
2019-10-18 14:03:25,727 [0eccc4cb-77af-4c43-89bd-f01b83be0073@group-1C08CD4F7525-LeaderElection8] INFO  impl.LeaderElection (LeaderElection.java:askForVotes(178)) - 0eccc4cb-77af-4c43-89bd-f01b83be0073@group-1C08CD4F7525-LeaderElection8: begin an election at term 4 for 0: [967a5d84-883e-4fc5-aa88-430cc6c4b93a:192.168.69.124:45994, 524d4c73-bbaf-4142-9273-d20c5a8628b4:192.168.69.124:36511, 0eccc4cb-77af-4c43-89bd-f01b83be0073:192.168.69.124:38580], old=null
2019-10-18 14:03:25,734 [grpc-default-executor-4] INFO  impl.RaftServerImpl (RaftServerImpl.java:setRole(184)) - 967a5d84-883e-4fc5-aa88-430cc6c4b93a@group-1C08CD4F7525: changes role from  FOLLOWER to FOLLOWER at term 4 for recognizeCandidate:0eccc4cb-77af-4c43-89bd-f01b83be0073
2019-10-18 14:03:25,734 [grpc-default-executor-4] INFO  impl.RoleInfo (RoleInfo.java:shutdownFollowerState(121)) - 967a5d84-883e-4fc5-aa88-430cc6c4b93a: shutdown FollowerState
2019-10-18 14:03:25,734 [grpc-default-executor-5] INFO  impl.RaftServerImpl (RaftServerImpl.java:setRole(184)) - 524d4c73-bbaf-4142-9273-d20c5a8628b4@group-1C08CD4F7525: changes role from  FOLLOWER to FOLLOWER at term 4 for recognizeCandidate:0eccc4cb-77af-4c43-89bd-f01b83be0073
2019-10-18 14:03:25,735 [grpc-default-executor-4] INFO  impl.RoleInfo (RoleInfo.java:updateAndGet(143)) - 967a5d84-883e-4fc5-aa88-430cc6c4b93a: start FollowerState
2019-10-18 14:03:25,735 [Thread-548] INFO  impl.FollowerState (FollowerState.java:run(117)) - 967a5d84-883e-4fc5-aa88-430cc6c4b93a@group-1C08CD4F7525-FollowerState was interrupted: java.lang.InterruptedException: sleep interrupted
2019-10-18 14:03:25,735 [grpc-default-executor-5] INFO  impl.RoleInfo (RoleInfo.java:shutdownFollowerState(121)) - 524d4c73-bbaf-4142-9273-d20c5a8628b4: shutdown FollowerState
2019-10-18 14:03:25,736 [Thread-551] INFO  impl.FollowerState (FollowerState.java:run(117)) - 524d4c73-bbaf-4142-9273-d20c5a8628b4@group-1C08CD4F7525-FollowerState was interrupted: java.lang.InterruptedException: sleep interrupted
2019-10-18 14:03:25,737 [grpc-default-executor-5] INFO  impl.RoleInfo (RoleInfo.java:updateAndGet(143)) - 524d4c73-bbaf-4142-9273-d20c5a8628b4: start FollowerState
2019-10-18 14:03:25,747 [0eccc4cb-77af-4c43-89bd-f01b83be0073@group-1C08CD4F7525-LeaderElection8] INFO  impl.LeaderElection (LeaderElection.java:logAndReturn(56)) - 0eccc4cb-77af-4c43-89bd-f01b83be0073@group-1C08CD4F7525-LeaderElection8: Election REJECTED; received 2 response(s) [0eccc4cb-77af-4c43-89bd-f01b83be0073<-967a5d84-883e-4fc5-aa88-430cc6c4b93a#0:FAIL-t4, 0eccc4cb-77af-4c43-89bd-f01b83be0073<-524d4c73-bbaf-4142-9273-d20c5a8628b4#0:FAIL-t4] and 0 exception(s); 0eccc4cb-77af-4c43-89bd-f01b83be0073@group-1C08CD4F7525:t4, leader=null, voted=0eccc4cb-77af-4c43-89bd-f01b83be0073, raftlog=0eccc4cb-77af-4c43-89bd-f01b83be0073@group-1C08CD4F7525-SegmentedRaftLog:OPENED:c3,f4,i4, conf=0: [967a5d84-883e-4fc5-aa88-430cc6c4b93a:192.168.69.124:45994, 524d4c73-bbaf-4142-9273-d20c5a8628b4:192.168.69.124:36511, 0eccc4cb-77af-4c43-89bd-f01b83be0073:192.168.69.124:38580], old=null
2019-10-18 14:03:25,747 [0eccc4cb-77af-4c43-89bd-f01b83be0073@group-1C08CD4F7525-LeaderElection8] INFO  impl.RaftServerImpl (RaftServerImpl.java:setRole(184)) - 0eccc4cb-77af-4c43-89bd-f01b83be0073@group-1C08CD4F7525: changes role from CANDIDATE to FOLLOWER at term 4 for DISCOVERED_A_NEW_TERM
2019-10-18 14:03:25,751 [0eccc4cb-77af-4c43-89bd-f01b83be0073@group-1C08CD4F7525-LeaderElection8] INFO  impl.RoleInfo (RoleInfo.java:shutdownLeaderElection(134)) - 0eccc4cb-77af-4c43-89bd-f01b83be0073: shutdown LeaderElection
2019-10-18 14:03:25,751 [0eccc4cb-77af-4c43-89bd-f01b83be0073@group-1C08CD4F7525-LeaderElection8] INFO  impl.RoleInfo (RoleInfo.java:updateAndGet(143)) - 0eccc4cb-77af-4c43-89bd-f01b83be0073: start FollowerState
2019-10-18 14:03:25,762 [Thread-559] INFO  impl.FollowerState (FollowerState.java:run(108)) - 0eccc4cb-77af-4c43-89bd-f01b83be0073@group-1C08CD4F7525-FollowerState: change to CANDIDATE, lastRpcTime:11ms, electionTimeout:11ms
2019-10-18 14:03:25,763 [Thread-559] INFO  impl.RoleInfo (RoleInfo.java:shutdownFollowerState(121)) - 0eccc4cb-77af-4c43-89bd-f01b83be0073: shutdown FollowerState
2019-10-18 14:03:25,763 [Thread-559] INFO  impl.RaftServerImpl (RaftServerImpl.java:setRole(184)) - 0eccc4cb-77af-4c43-89bd-f01b83be0073@group-1C08CD4F7525: changes role from  FOLLOWER to CANDIDATE at term 4 for changeToCandidate
2019-10-18 14:03:25,763 [Thread-559] INFO  impl.RoleInfo (RoleInfo.java:updateAndGet(143)) - 0eccc4cb-77af-4c43-89bd-f01b83be0073: start LeaderElection
2019-10-18 14:03:25,768 [0eccc4cb-77af-4c43-89bd-f01b83be0073@group-1C08CD4F7525-LeaderElection9] INFO  impl.LeaderElection (LeaderElection.java:askForVotes(178)) - 0eccc4cb-77af-4c43-89bd-f01b83be0073@group-1C08CD4F7525-LeaderElection9: begin an election at term 5 for 0: [967a5d84-883e-4fc5-aa88-430cc6c4b93a:192.168.69.124:45994, 524d4c73-bbaf-4142-9273-d20c5a8628b4:192.168.69.124:36511, 0eccc4cb-77af-4c43-89bd-f01b83be0073:192.168.69.124:38580], old=null
2019-10-18 14:03:25,772 [grpc-default-executor-5] INFO  impl.RaftServerImpl (RaftServerImpl.java:setRole(184)) - 967a5d84-883e-4fc5-aa88-430cc6c4b93a@group-1C08CD4F7525: changes role from  FOLLOWER to FOLLOWER at term 5 for recognizeCandidate:0eccc4cb-77af-4c43-89bd-f01b83be0073
2019-10-18 14:03:25,772 [grpc-default-executor-5] INFO  impl.RoleInfo (RoleInfo.java:shutdownFollowerState(121)) - 967a5d84-883e-4fc5-aa88-430cc6c4b93a: shutdown FollowerState
2019-10-18 14:03:25,772 [grpc-default-executor-4] INFO  impl.RaftServerImpl (RaftServerImpl.java:setRole(184)) - 524d4c73-bbaf-4142-9273-d20c5a8628b4@group-1C08CD4F7525: changes role from  FOLLOWER to FOLLOWER at term 5 for recognizeCandidate:0eccc4cb-77af-4c43-89bd-f01b83be0073
2019-10-18 14:03:25,773 [grpc-default-executor-4] INFO  impl.RoleInfo (RoleInfo.java:shutdownFollowerState(121)) - 524d4c73-bbaf-4142-9273-d20c5a8628b4: shutdown FollowerState
2019-10-18 14:03:25,773 [Thread-557] INFO  impl.FollowerState (FollowerState.java:run(117)) - 967a5d84-883e-4fc5-aa88-430cc6c4b93a@group-1C08CD4F7525-FollowerState was interrupted: java.lang.InterruptedException: sleep interrupted
2019-10-18 14:03:25,773 [grpc-default-executor-5] INFO  impl.RoleInfo (RoleInfo.java:updateAndGet(143)) - 967a5d84-883e-4fc5-aa88-430cc6c4b93a: start FollowerState
2019-10-18 14:03:25,773 [Thread-558] INFO  impl.FollowerState (FollowerState.java:run(117)) - 524d4c73-bbaf-4142-9273-d20c5a8628b4@group-1C08CD4F7525-FollowerState was interrupted: java.lang.InterruptedException: sleep interrupted
2019-10-18 14:03:25,773 [grpc-default-executor-4] INFO  impl.RoleInfo (RoleInfo.java:updateAndGet(143)) - 524d4c73-bbaf-4142-9273-d20c5a8628b4: start FollowerState
2019-10-18 14:03:25,783 [0eccc4cb-77af-4c43-89bd-f01b83be0073@group-1C08CD4F7525-LeaderElection9] INFO  impl.LeaderElection (LeaderElection.java:logAndReturn(56)) - 0eccc4cb-77af-4c43-89bd-f01b83be0073@group-1C08CD4F7525-LeaderElection9: Election REJECTED; received 2 response(s) [0eccc4cb-77af-4c43-89bd-f01b83be0073<-967a5d84-883e-4fc5-aa88-430cc6c4b93a#0:FAIL-t5, 0eccc4cb-77af-4c43-89bd-f01b83be0073<-524d4c73-bbaf-4142-9273-d20c5a8628b4#0:FAIL-t5] and 0 exception(s); 0eccc4cb-77af-4c43-89bd-f01b83be0073@group-1C08CD4F7525:t5, leader=null, voted=0eccc4cb-77af-4c43-89bd-f01b83be0073, raftlog=0eccc4cb-77af-4c43-89bd-f01b83be0073@group-1C08CD4F7525-SegmentedRaftLog:OPENED:c3,f4,i4, conf=0: [967a5d84-883e-4fc5-aa88-430cc6c4b93a:192.168.69.124:45994, 524d4c73-bbaf-4142-9273-d20c5a8628b4:192.168.69.124:36511, 0eccc4cb-77af-4c43-89bd-f01b83be0073:192.168.69.124:38580], old=null
2019-10-18 14:03:25,783 [0eccc4cb-77af-4c43-89bd-f01b83be0073@group-1C08CD4F7525-LeaderElection9] INFO  impl.RaftServerImpl (RaftServerImpl.java:setRole(184)) - 0eccc4cb-77af-4c43-89bd-f01b83be0073@group-1C08CD4F7525: changes role from CANDIDATE to FOLLOWER at term 5 for DISCOVERED_A_NEW_TERM
2019-10-18 14:03:25,784 [0eccc4cb-77af-4c43-89bd-f01b83be0073@group-1C08CD4F7525-LeaderElection9] INFO  impl.RoleInfo (RoleInfo.java:shutdownLeaderElection(134)) - 0eccc4cb-77af-4c43-89bd-f01b83be0073: shutdown LeaderElection
2019-10-18 14:03:25,784 [0eccc4cb-77af-4c43-89bd-f01b83be0073@group-1C08CD4F7525-LeaderElection9] INFO  impl.RoleInfo (RoleInfo.java:updateAndGet(143)) - 0eccc4cb-77af-4c43-89bd-f01b83be0073: start FollowerState
2019-10-18 14:03:25,863 [Thread-565] INFO  impl.FollowerState (FollowerState.java:run(108)) - 0eccc4cb-77af-4c43-89bd-f01b83be0073@group-1C08CD4F7525-FollowerState: change to CANDIDATE, lastRpcTime:78ms, electionTimeout:78ms
2019-10-18 14:03:25,865 [Thread-565] INFO  impl.RoleInfo (RoleInfo.java:shutdownFollowerState(121)) - 0eccc4cb-77af-4c43-89bd-f01b83be0073: shutdown FollowerState
2019-10-18 14:03:25,865 [Thread-565] INFO  impl.RaftServerImpl (RaftServerImpl.java:setRole(184)) - 0eccc4cb-77af-4c43-89bd-f01b83be0073@group-1C08CD4F7525: changes role from  FOLLOWER to CANDIDATE at term 5 for changeToCandidate
2019-10-18 14:03:25,865 [Thread-565] INFO  impl.RoleInfo (RoleInfo.java:updateAndGet(143)) - 0eccc4cb-77af-4c43-89bd-f01b83be0073: start LeaderElection
2019-10-18 14:03:25,887 [0eccc4cb-77af-4c43-89bd-f01b83be0073@group-1C08CD4F7525-LeaderElection10] INFO  impl.LeaderElection (LeaderElection.java:askForVotes(178)) - 0eccc4cb-77af-4c43-89bd-f01b83be0073@group-1C08CD4F7525-LeaderElection10: begin an election at term 6 for 0: [967a5d84-883e-4fc5-aa88-430cc6c4b93a:192.168.69.124:45994, 524d4c73-bbaf-4142-9273-d20c5a8628b4:192.168.69.124:36511, 0eccc4cb-77af-4c43-89bd-f01b83be0073:192.168.69.124:38580], old=null
2019-10-18 14:03:25,892 [grpc-default-executor-4] INFO  impl.RaftServerImpl (RaftServerImpl.java:setRole(184)) - 524d4c73-bbaf-4142-9273-d20c5a8628b4@group-1C08CD4F7525: changes role from  FOLLOWER to FOLLOWER at term 6 for recognizeCandidate:0eccc4cb-77af-4c43-89bd-f01b83be0073
2019-10-18 14:03:25,892 [grpc-default-executor-4] INFO  impl.RoleInfo (RoleInfo.java:shutdownFollowerState(121)) - 524d4c73-bbaf-4142-9273-d20c5a8628b4: shutdown FollowerState
2019-10-18 14:03:25,892 [grpc-default-executor-5] INFO  impl.RaftServerImpl (RaftServerImpl.java:setRole(184)) - 967a5d84-883e-4fc5-aa88-430cc6c4b93a@group-1C08CD4F7525: changes role from  FOLLOWER to FOLLOWER at term 6 for recognizeCandidate:0eccc4cb-77af-4c43-89bd-f01b83be0073
2019-10-18 14:03:25,893 [Thread-564] INFO  impl.FollowerState (FollowerState.java:run(117)) - 524d4c73-bbaf-4142-9273-d20c5a8628b4@group-1C08CD4F7525-FollowerState was interrupted: java.lang.InterruptedException: sleep interrupted
2019-10-18 14:03:25,893 [grpc-default-executor-4] INFO  impl.RoleInfo (RoleInfo.java:updateAndGet(143)) - 524d4c73-bbaf-4142-9273-d20c5a8628b4: start FollowerState
2019-10-18 14:03:25,893 [grpc-default-executor-5] INFO  impl.RoleInfo (RoleInfo.java:shutdownFollowerState(121)) - 967a5d84-883e-4fc5-aa88-430cc6c4b93a: shutdown FollowerState
2019-10-18 14:03:25,897 [Thread-563] INFO  impl.FollowerState (FollowerState.java:run(117)) - 967a5d84-883e-4fc5-aa88-430cc6c4b93a@group-1C08CD4F7525-FollowerState was interrupted: java.lang.InterruptedException: sleep interrupted
2019-10-18 14:03:25,897 [grpc-default-executor-5] INFO  impl.RoleInfo (RoleInfo.java:updateAndGet(143)) - 967a5d84-883e-4fc5-aa88-430cc6c4b93a: start FollowerState
2019-10-18 14:03:25,917 [0eccc4cb-77af-4c43-89bd-f01b83be0073@group-1C08CD4F7525-LeaderElection10] INFO  impl.LeaderElection (LeaderElection.java:logAndReturn(56)) - 0eccc4cb-77af-4c43-89bd-f01b83be0073@group-1C08CD4F7525-LeaderElection10: Election REJECTED; received 2 response(s) [0eccc4cb-77af-4c43-89bd-f01b83be0073<-967a5d84-883e-4fc5-aa88-430cc6c4b93a#0:FAIL-t6, 0eccc4cb-77af-4c43-89bd-f01b83be0073<-524d4c73-bbaf-4142-9273-d20c5a8628b4#0:FAIL-t6] and 0 exception(s); 0eccc4cb-77af-4c43-89bd-f01b83be0073@group-1C08CD4F7525:t6, leader=null, voted=0eccc4cb-77af-4c43-89bd-f01b83be0073, raftlog=0eccc4cb-77af-4c43-89bd-f01b83be0073@group-1C08CD4F7525-SegmentedRaftLog:OPENED:c3,f4,i4, conf=0: [967a5d84-883e-4fc5-aa88-430cc6c4b93a:192.168.69.124:45994, 524d4c73-bbaf-4142-9273-d20c5a8628b4:192.168.69.124:36511, 0eccc4cb-77af-4c43-89bd-f01b83be0073:192.168.69.124:38580], old=null
2019-10-18 14:03:25,917 [0eccc4cb-77af-4c43-89bd-f01b83be0073@group-1C08CD4F7525-LeaderElection10] INFO  impl.RaftServerImpl (RaftServerImpl.java:setRole(184)) - 0eccc4cb-77af-4c43-89bd-f01b83be0073@group-1C08CD4F7525: changes role from CANDIDATE to FOLLOWER at term 6 for DISCOVERED_A_NEW_TERM
2019-10-18 14:03:25,918 [0eccc4cb-77af-4c43-89bd-f01b83be0073@group-1C08CD4F7525-LeaderElection10] INFO  impl.RoleInfo (RoleInfo.java:shutdownLeaderElection(134)) - 0eccc4cb-77af-4c43-89bd-f01b83be0073: shutdown LeaderElection
2019-10-18 14:03:25,918 [0eccc4cb-77af-4c43-89bd-f01b83be0073@group-1C08CD4F7525-LeaderElection10] INFO  impl.RoleInfo (RoleInfo.java:updateAndGet(143)) - 0eccc4cb-77af-4c43-89bd-f01b83be0073: start FollowerState
2019-10-18 14:03:26,075 [Thread-571] INFO  impl.FollowerState (FollowerState.java:run(108)) - 0eccc4cb-77af-4c43-89bd-f01b83be0073@group-1C08CD4F7525-FollowerState: change to CANDIDATE, lastRpcTime:157ms, electionTimeout:156ms
2019-10-18 14:03:26,077 [Thread-571] INFO  impl.RoleInfo (RoleInfo.java:shutdownFollowerState(121)) - 0eccc4cb-77af-4c43-89bd-f01b83be0073: shutdown FollowerState
2019-10-18 14:03:26,077 [Thread-571] INFO  impl.RaftServerImpl (RaftServerImpl.java:setRole(184)) - 0eccc4cb-77af-4c43-89bd-f01b83be0073@group-1C08CD4F7525: changes role from  FOLLOWER to CANDIDATE at term 6 for changeToCandidate
2019-10-18 14:03:26,077 [Thread-571] INFO  impl.RoleInfo (RoleInfo.java:updateAndGet(143)) - 0eccc4cb-77af-4c43-89bd-f01b83be0073: start LeaderElection
2019-10-18 14:03:26,080 [BlockDeletingService#2] WARN  background.BlockDeletingService (BlockDeletingService.java:isDeletionAllowed(187)) - Close Container log Index 6 is not replicated across allthe servers in the pipeline 08f27b3d-1876-4e46-af5a-1c08cd4f7525 as the min replicated index is 4. Deletion is not allowed in this container yet.
2019-10-18 14:03:26,082 [BlockDeletingService#0] WARN  background.BlockDeletingService (BlockDeletingService.java:isDeletionAllowed(187)) - Close Container log Index 6 is not replicated across allthe servers in the pipeline 08f27b3d-1876-4e46-af5a-1c08cd4f7525 as the min replicated index is 4. Deletion is not allowed in this container yet.
2019-10-18 14:03:26,104 [0eccc4cb-77af-4c43-89bd-f01b83be0073@group-1C08CD4F7525-LeaderElection11] INFO  impl.LeaderElection (LeaderElection.java:askForVotes(178)) - 0eccc4cb-77af-4c43-89bd-f01b83be0073@group-1C08CD4F7525-LeaderElection11: begin an election at term 7 for 0: [967a5d84-883e-4fc5-aa88-430cc6c4b93a:192.168.69.124:45994, 524d4c73-bbaf-4142-9273-d20c5a8628b4:192.168.69.124:36511, 0eccc4cb-77af-4c43-89bd-f01b83be0073:192.168.69.124:38580], old=null
2019-10-18 14:03:26,109 [grpc-default-executor-5] INFO  impl.RaftServerImpl (RaftServerImpl.java:setRole(184)) - 524d4c73-bbaf-4142-9273-d20c5a8628b4@group-1C08CD4F7525: changes role from  FOLLOWER to FOLLOWER at term 7 for recognizeCandidate:0eccc4cb-77af-4c43-89bd-f01b83be0073
2019-10-18 14:03:26,109 [grpc-default-executor-4] INFO  impl.RaftServerImpl (RaftServerImpl.java:setRole(184)) - 967a5d84-883e-4fc5-aa88-430cc6c4b93a@group-1C08CD4F7525: changes role from  FOLLOWER to FOLLOWER at term 7 for recognizeCandidate:0eccc4cb-77af-4c43-89bd-f01b83be0073
2019-10-18 14:03:26,109 [grpc-default-executor-5] INFO  impl.RoleInfo (RoleInfo.java:shutdownFollowerState(121)) - 524d4c73-bbaf-4142-9273-d20c5a8628b4: shutdown FollowerState
2019-10-18 14:03:26,109 [grpc-default-executor-4] INFO  impl.RoleInfo (RoleInfo.java:shutdownFollowerState(121)) - 967a5d84-883e-4fc5-aa88-430cc6c4b93a: shutdown FollowerState
2019-10-18 14:03:26,109 [grpc-default-executor-5] INFO  impl.RoleInfo (RoleInfo.java:updateAndGet(143)) - 524d4c73-bbaf-4142-9273-d20c5a8628b4: start FollowerState
2019-10-18 14:03:26,109 [Thread-569] INFO  impl.FollowerState (FollowerState.java:run(117)) - 524d4c73-bbaf-4142-9273-d20c5a8628b4@group-1C08CD4F7525-FollowerState was interrupted: java.lang.InterruptedException: sleep interrupted
2019-10-18 14:03:26,109 [grpc-default-executor-4] INFO  impl.RoleInfo (RoleInfo.java:updateAndGet(143)) - 967a5d84-883e-4fc5-aa88-430cc6c4b93a: start FollowerState
2019-10-18 14:03:26,109 [Thread-570] INFO  impl.FollowerState (FollowerState.java:run(117)) - 967a5d84-883e-4fc5-aa88-430cc6c4b93a@group-1C08CD4F7525-FollowerState was interrupted: java.lang.InterruptedException: sleep interrupted
2019-10-18 14:03:26,134 [0eccc4cb-77af-4c43-89bd-f01b83be0073@group-1C08CD4F7525-LeaderElection11] INFO  impl.LeaderElection (LeaderElection.java:logAndReturn(56)) - 0eccc4cb-77af-4c43-89bd-f01b83be0073@group-1C08CD4F7525-LeaderElection11: Election REJECTED; received 2 response(s) [0eccc4cb-77af-4c43-89bd-f01b83be0073<-967a5d84-883e-4fc5-aa88-430cc6c4b93a#0:FAIL-t7, 0eccc4cb-77af-4c43-89bd-f01b83be0073<-524d4c73-bbaf-4142-9273-d20c5a8628b4#0:FAIL-t7] and 0 exception(s); 0eccc4cb-77af-4c43-89bd-f01b83be0073@group-1C08CD4F7525:t7, leader=null, voted=0eccc4cb-77af-4c43-89bd-f01b83be0073, raftlog=0eccc4cb-77af-4c43-89bd-f01b83be0073@group-1C08CD4F7525-SegmentedRaftLog:OPENED:c3,f4,i4, conf=0: [967a5d84-883e-4fc5-aa88-430cc6c4b93a:192.168.69.124:45994, 524d4c73-bbaf-4142-9273-d20c5a8628b4:192.168.69.124:36511, 0eccc4cb-77af-4c43-89bd-f01b83be0073:192.168.69.124:38580], old=null
2019-10-18 14:03:26,134 [0eccc4cb-77af-4c43-89bd-f01b83be0073@group-1C08CD4F7525-LeaderElection11] INFO  impl.RaftServerImpl (RaftServerImpl.java:setRole(184)) - 0eccc4cb-77af-4c43-89bd-f01b83be0073@group-1C08CD4F7525: changes role from CANDIDATE to FOLLOWER at term 7 for DISCOVERED_A_NEW_TERM
2019-10-18 14:03:26,135 [0eccc4cb-77af-4c43-89bd-f01b83be0073@group-1C08CD4F7525-LeaderElection11] INFO  impl.RoleInfo (RoleInfo.java:shutdownLeaderElection(134)) - 0eccc4cb-77af-4c43-89bd-f01b83be0073: shutdown LeaderElection
2019-10-18 14:03:26,135 [0eccc4cb-77af-4c43-89bd-f01b83be0073@group-1C08CD4F7525-LeaderElection11] INFO  impl.RoleInfo (RoleInfo.java:updateAndGet(143)) - 0eccc4cb-77af-4c43-89bd-f01b83be0073: start FollowerState
2019-10-18 14:03:26,294 [Thread-579] INFO  impl.FollowerState (FollowerState.java:run(108)) - 0eccc4cb-77af-4c43-89bd-f01b83be0073@group-1C08CD4F7525-FollowerState: change to CANDIDATE, lastRpcTime:158ms, electionTimeout:157ms
2019-10-18 14:03:26,295 [Thread-579] INFO  impl.RoleInfo (RoleInfo.java:shutdownFollowerState(121)) - 0eccc4cb-77af-4c43-89bd-f01b83be0073: shutdown FollowerState
2019-10-18 14:03:26,295 [Thread-579] INFO  impl.RaftServerImpl (RaftServerImpl.java:setRole(184)) - 0eccc4cb-77af-4c43-89bd-f01b83be0073@group-1C08CD4F7525: changes role from  FOLLOWER to CANDIDATE at term 7 for changeToCandidate
2019-10-18 14:03:26,295 [Thread-579] INFO  impl.RoleInfo (RoleInfo.java:updateAndGet(143)) - 0eccc4cb-77af-4c43-89bd-f01b83be0073: start LeaderElection
2019-10-18 14:03:26,319 [0eccc4cb-77af-4c43-89bd-f01b83be0073@group-1C08CD4F7525-LeaderElection12] INFO  impl.LeaderElection (LeaderElection.java:askForVotes(178)) - 0eccc4cb-77af-4c43-89bd-f01b83be0073@group-1C08CD4F7525-LeaderElection12: begin an election at term 8 for 0: [967a5d84-883e-4fc5-aa88-430cc6c4b93a:192.168.69.124:45994, 524d4c73-bbaf-4142-9273-d20c5a8628b4:192.168.69.124:36511, 0eccc4cb-77af-4c43-89bd-f01b83be0073:192.168.69.124:38580], old=null
2019-10-18 14:03:26,323 [grpc-default-executor-5] INFO  impl.RaftServerImpl (RaftServerImpl.java:setRole(184)) - 524d4c73-bbaf-4142-9273-d20c5a8628b4@group-1C08CD4F7525: changes role from  FOLLOWER to FOLLOWER at term 8 for recognizeCandidate:0eccc4cb-77af-4c43-89bd-f01b83be0073
2019-10-18 14:03:26,323 [grpc-default-executor-4] INFO  impl.RaftServerImpl (RaftServerImpl.java:setRole(184)) - 967a5d84-883e-4fc5-aa88-430cc6c4b93a@group-1C08CD4F7525: changes role from  FOLLOWER to FOLLOWER at term 8 for recognizeCandidate:0eccc4cb-77af-4c43-89bd-f01b83be0073
2019-10-18 14:03:26,324 [grpc-default-executor-5] INFO  impl.RoleInfo (RoleInfo.java:shutdownFollowerState(121)) - 524d4c73-bbaf-4142-9273-d20c5a8628b4: shutdown FollowerState
2019-10-18 14:03:26,324 [grpc-default-executor-4] INFO  impl.RoleInfo (RoleInfo.java:shutdownFollowerState(121)) - 967a5d84-883e-4fc5-aa88-430cc6c4b93a: shutdown FollowerState
2019-10-18 14:03:26,324 [grpc-default-executor-5] INFO  impl.RoleInfo (RoleInfo.java:updateAndGet(143)) - 524d4c73-bbaf-4142-9273-d20c5a8628b4: start FollowerState
2019-10-18 14:03:26,324 [Thread-577] INFO  impl.FollowerState (FollowerState.java:run(117)) - 524d4c73-bbaf-4142-9273-d20c5a8628b4@group-1C08CD4F7525-FollowerState was interrupted: java.lang.InterruptedException: sleep interrupted
2019-10-18 14:03:26,324 [grpc-default-executor-4] INFO  impl.RoleInfo (RoleInfo.java:updateAndGet(143)) - 967a5d84-883e-4fc5-aa88-430cc6c4b93a: start FollowerState
2019-10-18 14:03:26,324 [Thread-578] INFO  impl.FollowerState (FollowerState.java:run(117)) - 967a5d84-883e-4fc5-aa88-430cc6c4b93a@group-1C08CD4F7525-FollowerState was interrupted: java.lang.InterruptedException: sleep interrupted
2019-10-18 14:03:26,332 [0eccc4cb-77af-4c43-89bd-f01b83be0073@group-1C08CD4F7525-LeaderElection12] INFO  impl.LeaderElection (LeaderElection.java:logAndReturn(56)) - 0eccc4cb-77af-4c43-89bd-f01b83be0073@group-1C08CD4F7525-LeaderElection12: Election REJECTED; received 2 response(s) [0eccc4cb-77af-4c43-89bd-f01b83be0073<-967a5d84-883e-4fc5-aa88-430cc6c4b93a#0:FAIL-t8, 0eccc4cb-77af-4c43-89bd-f01b83be0073<-524d4c73-bbaf-4142-9273-d20c5a8628b4#0:FAIL-t8] and 0 exception(s); 0eccc4cb-77af-4c43-89bd-f01b83be0073@group-1C08CD4F7525:t8, leader=null, voted=0eccc4cb-77af-4c43-89bd-f01b83be0073, raftlog=0eccc4cb-77af-4c43-89bd-f01b83be0073@group-1C08CD4F7525-SegmentedRaftLog:OPENED:c3,f4,i4, conf=0: [967a5d84-883e-4fc5-aa88-430cc6c4b93a:192.168.69.124:45994, 524d4c73-bbaf-4142-9273-d20c5a8628b4:192.168.69.124:36511, 0eccc4cb-77af-4c43-89bd-f01b83be0073:192.168.69.124:38580], old=null
2019-10-18 14:03:26,332 [0eccc4cb-77af-4c43-89bd-f01b83be0073@group-1C08CD4F7525-LeaderElection12] INFO  impl.RaftServerImpl (RaftServerImpl.java:setRole(184)) - 0eccc4cb-77af-4c43-89bd-f01b83be0073@group-1C08CD4F7525: changes role from CANDIDATE to FOLLOWER at term 8 for DISCOVERED_A_NEW_TERM
2019-10-18 14:03:26,333 [0eccc4cb-77af-4c43-89bd-f01b83be0073@group-1C08CD4F7525-LeaderElection12] INFO  impl.RoleInfo (RoleInfo.java:shutdownLeaderElection(134)) - 0eccc4cb-77af-4c43-89bd-f01b83be0073: shutdown LeaderElection
2019-10-18 14:03:26,334 [0eccc4cb-77af-4c43-89bd-f01b83be0073@group-1C08CD4F7525-LeaderElection12] INFO  impl.RoleInfo (RoleInfo.java:updateAndGet(143)) - 0eccc4cb-77af-4c43-89bd-f01b83be0073: start FollowerState
2019-10-18 14:03:26,343 [Thread-585] INFO  impl.FollowerState (FollowerState.java:run(108)) - 0eccc4cb-77af-4c43-89bd-f01b83be0073@group-1C08CD4F7525-FollowerState: change to CANDIDATE, lastRpcTime:9ms, electionTimeout:8ms
2019-10-18 14:03:26,344 [Thread-585] INFO  impl.RoleInfo (RoleInfo.java:shutdownFollowerState(121)) - 0eccc4cb-77af-4c43-89bd-f01b83be0073: shutdown FollowerState
2019-10-18 14:03:26,344 [Thread-585] INFO  impl.RaftServerImpl (RaftServerImpl.java:setRole(184)) - 0eccc4cb-77af-4c43-89bd-f01b83be0073@group-1C08CD4F7525: changes role from  FOLLOWER to CANDIDATE at term 8 for changeToCandidate
2019-10-18 14:03:26,344 [Thread-585] INFO  impl.RoleInfo (RoleInfo.java:updateAndGet(143)) - 0eccc4cb-77af-4c43-89bd-f01b83be0073: start LeaderElection
2019-10-18 14:03:26,349 [0eccc4cb-77af-4c43-89bd-f01b83be0073@group-1C08CD4F7525-LeaderElection13] INFO  impl.LeaderElection (LeaderElection.java:askForVotes(178)) - 0eccc4cb-77af-4c43-89bd-f01b83be0073@group-1C08CD4F7525-LeaderElection13: begin an election at term 9 for 0: [967a5d84-883e-4fc5-aa88-430cc6c4b93a:192.168.69.124:45994, 524d4c73-bbaf-4142-9273-d20c5a8628b4:192.168.69.124:36511, 0eccc4cb-77af-4c43-89bd-f01b83be0073:192.168.69.124:38580], old=null
2019-10-18 14:03:26,352 [grpc-default-executor-5] INFO  impl.RaftServerImpl (RaftServerImpl.java:setRole(184)) - 967a5d84-883e-4fc5-aa88-430cc6c4b93a@group-1C08CD4F7525: changes role from  FOLLOWER to FOLLOWER at term 9 for recognizeCandidate:0eccc4cb-77af-4c43-89bd-f01b83be0073
2019-10-18 14:03:26,352 [grpc-default-executor-4] INFO  impl.RaftServerImpl (RaftServerImpl.java:setRole(184)) - 524d4c73-bbaf-4142-9273-d20c5a8628b4@group-1C08CD4F7525: changes role from  FOLLOWER to FOLLOWER at term 9 for recognizeCandidate:0eccc4cb-77af-4c43-89bd-f01b83be0073
2019-10-18 14:03:26,352 [grpc-default-executor-5] INFO  impl.RoleInfo (RoleInfo.java:shutdownFollowerState(121)) - 967a5d84-883e-4fc5-aa88-430cc6c4b93a: shutdown FollowerState
2019-10-18 14:03:26,353 [grpc-default-executor-4] INFO  impl.RoleInfo (RoleInfo.java:shutdownFollowerState(121)) - 524d4c73-bbaf-4142-9273-d20c5a8628b4: shutdown FollowerState
2019-10-18 14:03:26,353 [Thread-584] INFO  impl.FollowerState (FollowerState.java:run(117)) - 967a5d84-883e-4fc5-aa88-430cc6c4b93a@group-1C08CD4F7525-FollowerState was interrupted: java.lang.InterruptedException: sleep interrupted
2019-10-18 14:03:26,353 [grpc-default-executor-5] INFO  impl.RoleInfo (RoleInfo.java:updateAndGet(143)) - 967a5d84-883e-4fc5-aa88-430cc6c4b93a: start FollowerState
2019-10-18 14:03:26,353 [grpc-default-executor-4] INFO  impl.RoleInfo (RoleInfo.java:updateAndGet(143)) - 524d4c73-bbaf-4142-9273-d20c5a8628b4: start FollowerState
2019-10-18 14:03:26,353 [Thread-583] INFO  impl.FollowerState (FollowerState.java:run(117)) - 524d4c73-bbaf-4142-9273-d20c5a8628b4@group-1C08CD4F7525-FollowerState was interrupted: java.lang.InterruptedException: sleep interrupted
2019-10-18 14:03:26,361 [0eccc4cb-77af-4c43-89bd-f01b83be0073@group-1C08CD4F7525-LeaderElection13] INFO  impl.LeaderElection (LeaderElection.java:logAndReturn(56)) - 0eccc4cb-77af-4c43-89bd-f01b83be0073@group-1C08CD4F7525-LeaderElection13: Election REJECTED; received 2 response(s) [0eccc4cb-77af-4c43-89bd-f01b83be0073<-967a5d84-883e-4fc5-aa88-430cc6c4b93a#0:FAIL-t9, 0eccc4cb-77af-4c43-89bd-f01b83be0073<-524d4c73-bbaf-4142-9273-d20c5a8628b4#0:FAIL-t9] and 0 exception(s); 0eccc4cb-77af-4c43-89bd-f01b83be0073@group-1C08CD4F7525:t9, leader=null, voted=0eccc4cb-77af-4c43-89bd-f01b83be0073, raftlog=0eccc4cb-77af-4c43-89bd-f01b83be0073@group-1C08CD4F7525-SegmentedRaftLog:OPENED:c3,f4,i4, conf=0: [967a5d84-883e-4fc5-aa88-430cc6c4b93a:192.168.69.124:45994, 524d4c73-bbaf-4142-9273-d20c5a8628b4:192.168.69.124:36511, 0eccc4cb-77af-4c43-89bd-f01b83be0073:192.168.69.124:38580], old=null
2019-10-18 14:03:26,362 [0eccc4cb-77af-4c43-89bd-f01b83be0073@group-1C08CD4F7525-LeaderElection13] INFO  impl.RaftServerImpl (RaftServerImpl.java:setRole(184)) - 0eccc4cb-77af-4c43-89bd-f01b83be0073@group-1C08CD4F7525: changes role from CANDIDATE to FOLLOWER at term 9 for DISCOVERED_A_NEW_TERM
2019-10-18 14:03:26,363 [0eccc4cb-77af-4c43-89bd-f01b83be0073@group-1C08CD4F7525-LeaderElection13] INFO  impl.RoleInfo (RoleInfo.java:shutdownLeaderElection(134)) - 0eccc4cb-77af-4c43-89bd-f01b83be0073: shutdown LeaderElection
2019-10-18 14:03:26,363 [0eccc4cb-77af-4c43-89bd-f01b83be0073@group-1C08CD4F7525-LeaderElection13] INFO  impl.RoleInfo (RoleInfo.java:updateAndGet(143)) - 0eccc4cb-77af-4c43-89bd-f01b83be0073: start FollowerState
2019-10-18 14:03:26,384 [Thread-591] INFO  impl.FollowerState (FollowerState.java:run(108)) - 0eccc4cb-77af-4c43-89bd-f01b83be0073@group-1C08CD4F7525-FollowerState: change to CANDIDATE, lastRpcTime:21ms, electionTimeout:20ms
2019-10-18 14:03:26,385 [Thread-591] INFO  impl.RoleInfo (RoleInfo.java:shutdownFollowerState(121)) - 0eccc4cb-77af-4c43-89bd-f01b83be0073: shutdown FollowerState
2019-10-18 14:03:26,385 [Thread-591] INFO  impl.RaftServerImpl (RaftServerImpl.java:setRole(184)) - 0eccc4cb-77af-4c43-89bd-f01b83be0073@group-1C08CD4F7525: changes role from  FOLLOWER to CANDIDATE at term 9 for changeToCandidate
2019-10-18 14:03:26,385 [Thread-591] INFO  impl.RoleInfo (RoleInfo.java:updateAndGet(143)) - 0eccc4cb-77af-4c43-89bd-f01b83be0073: start LeaderElection
2019-10-18 14:03:26,399 [0eccc4cb-77af-4c43-89bd-f01b83be0073@group-1C08CD4F7525-LeaderElection14] INFO  impl.LeaderElection (LeaderElection.java:askForVotes(178)) - 0eccc4cb-77af-4c43-89bd-f01b83be0073@group-1C08CD4F7525-LeaderElection14: begin an election at term 10 for 0: [967a5d84-883e-4fc5-aa88-430cc6c4b93a:192.168.69.124:45994, 524d4c73-bbaf-4142-9273-d20c5a8628b4:192.168.69.124:36511, 0eccc4cb-77af-4c43-89bd-f01b83be0073:192.168.69.124:38580], old=null
2019-10-18 14:03:26,403 [grpc-default-executor-4] INFO  impl.RaftServerImpl (RaftServerImpl.java:setRole(184)) - 524d4c73-bbaf-4142-9273-d20c5a8628b4@group-1C08CD4F7525: changes role from  FOLLOWER to FOLLOWER at term 10 for recognizeCandidate:0eccc4cb-77af-4c43-89bd-f01b83be0073
2019-10-18 14:03:26,403 [grpc-default-executor-4] INFO  impl.RoleInfo (RoleInfo.java:shutdownFollowerState(121)) - 524d4c73-bbaf-4142-9273-d20c5a8628b4: shutdown FollowerState
2019-10-18 14:03:26,404 [grpc-default-executor-4] INFO  impl.RoleInfo (RoleInfo.java:updateAndGet(143)) - 524d4c73-bbaf-4142-9273-d20c5a8628b4: start FollowerState
2019-10-18 14:03:26,404 [Thread-590] INFO  impl.FollowerState (FollowerState.java:run(117)) - 524d4c73-bbaf-4142-9273-d20c5a8628b4@group-1C08CD4F7525-FollowerState was interrupted: java.lang.InterruptedException: sleep interrupted
2019-10-18 14:03:26,404 [grpc-default-executor-5] INFO  impl.RaftServerImpl (RaftServerImpl.java:setRole(184)) - 967a5d84-883e-4fc5-aa88-430cc6c4b93a@group-1C08CD4F7525: changes role from  FOLLOWER to FOLLOWER at term 10 for recognizeCandidate:0eccc4cb-77af-4c43-89bd-f01b83be0073
2019-10-18 14:03:26,405 [grpc-default-executor-5] INFO  impl.RoleInfo (RoleInfo.java:shutdownFollowerState(121)) - 967a5d84-883e-4fc5-aa88-430cc6c4b93a: shutdown FollowerState
2019-10-18 14:03:26,405 [grpc-default-executor-5] INFO  impl.RoleInfo (RoleInfo.java:updateAndGet(143)) - 967a5d84-883e-4fc5-aa88-430cc6c4b93a: start FollowerState
2019-10-18 14:03:26,405 [Thread-589] INFO  impl.FollowerState (FollowerState.java:run(117)) - 967a5d84-883e-4fc5-aa88-430cc6c4b93a@group-1C08CD4F7525-FollowerState was interrupted: java.lang.InterruptedException: sleep interrupted
2019-10-18 14:03:26,419 [0eccc4cb-77af-4c43-89bd-f01b83be0073@group-1C08CD4F7525-LeaderElection14] INFO  impl.LeaderElection (LeaderElection.java:logAndReturn(56)) - 0eccc4cb-77af-4c43-89bd-f01b83be0073@group-1C08CD4F7525-LeaderElection14: Election REJECTED; received 2 response(s) [0eccc4cb-77af-4c43-89bd-f01b83be0073<-967a5d84-883e-4fc5-aa88-430cc6c4b93a#0:FAIL-t10, 0eccc4cb-77af-4c43-89bd-f01b83be0073<-524d4c73-bbaf-4142-9273-d20c5a8628b4#0:FAIL-t10] and 0 exception(s); 0eccc4cb-77af-4c43-89bd-f01b83be0073@group-1C08CD4F7525:t10, leader=null, voted=0eccc4cb-77af-4c43-89bd-f01b83be0073, raftlog=0eccc4cb-77af-4c43-89bd-f01b83be0073@group-1C08CD4F7525-SegmentedRaftLog:OPENED:c3,f4,i4, conf=0: [967a5d84-883e-4fc5-aa88-430cc6c4b93a:192.168.69.124:45994, 524d4c73-bbaf-4142-9273-d20c5a8628b4:192.168.69.124:36511, 0eccc4cb-77af-4c43-89bd-f01b83be0073:192.168.69.124:38580], old=null
2019-10-18 14:03:26,419 [0eccc4cb-77af-4c43-89bd-f01b83be0073@group-1C08CD4F7525-LeaderElection14] INFO  impl.RaftServerImpl (RaftServerImpl.java:setRole(184)) - 0eccc4cb-77af-4c43-89bd-f01b83be0073@group-1C08CD4F7525: changes role from CANDIDATE to FOLLOWER at term 10 for DISCOVERED_A_NEW_TERM
2019-10-18 14:03:26,420 [0eccc4cb-77af-4c43-89bd-f01b83be0073@group-1C08CD4F7525-LeaderElection14] INFO  impl.RoleInfo (RoleInfo.java:shutdownLeaderElection(134)) - 0eccc4cb-77af-4c43-89bd-f01b83be0073: shutdown LeaderElection
2019-10-18 14:03:26,420 [0eccc4cb-77af-4c43-89bd-f01b83be0073@group-1C08CD4F7525-LeaderElection14] INFO  impl.RoleInfo (RoleInfo.java:updateAndGet(143)) - 0eccc4cb-77af-4c43-89bd-f01b83be0073: start FollowerState
2019-10-18 14:03:26,536 [Thread-597] INFO  impl.FollowerState (FollowerState.java:run(108)) - 0eccc4cb-77af-4c43-89bd-f01b83be0073@group-1C08CD4F7525-FollowerState: change to CANDIDATE, lastRpcTime:116ms, electionTimeout:115ms
2019-10-18 14:03:26,538 [Thread-597] INFO  impl.RoleInfo (RoleInfo.java:shutdownFollowerState(121)) - 0eccc4cb-77af-4c43-89bd-f01b83be0073: shutdown FollowerState
2019-10-18 14:03:26,538 [Thread-597] INFO  impl.RaftServerImpl (RaftServerImpl.java:setRole(184)) - 0eccc4cb-77af-4c43-89bd-f01b83be0073@group-1C08CD4F7525: changes role from  FOLLOWER to CANDIDATE at term 10 for changeToCandidate
2019-10-18 14:03:26,539 [Thread-597] INFO  impl.RoleInfo (RoleInfo.java:updateAndGet(143)) - 0eccc4cb-77af-4c43-89bd-f01b83be0073: start LeaderElection
2019-10-18 14:03:26,565 [0eccc4cb-77af-4c43-89bd-f01b83be0073@group-1C08CD4F7525-LeaderElection15] INFO  impl.LeaderElection (LeaderElection.java:askForVotes(178)) - 0eccc4cb-77af-4c43-89bd-f01b83be0073@group-1C08CD4F7525-LeaderElection15: begin an election at term 11 for 0: [967a5d84-883e-4fc5-aa88-430cc6c4b93a:192.168.69.124:45994, 524d4c73-bbaf-4142-9273-d20c5a8628b4:192.168.69.124:36511, 0eccc4cb-77af-4c43-89bd-f01b83be0073:192.168.69.124:38580], old=null
2019-10-18 14:03:26,571 [grpc-default-executor-4] INFO  impl.RaftServerImpl (RaftServerImpl.java:setRole(184)) - 967a5d84-883e-4fc5-aa88-430cc6c4b93a@group-1C08CD4F7525: changes role from  FOLLOWER to FOLLOWER at term 11 for recognizeCandidate:0eccc4cb-77af-4c43-89bd-f01b83be0073
2019-10-18 14:03:26,571 [grpc-default-executor-5] INFO  impl.RaftServerImpl (RaftServerImpl.java:setRole(184)) - 524d4c73-bbaf-4142-9273-d20c5a8628b4@group-1C08CD4F7525: changes role from  FOLLOWER to FOLLOWER at term 11 for recognizeCandidate:0eccc4cb-77af-4c43-89bd-f01b83be0073
2019-10-18 14:03:26,571 [grpc-default-executor-4] INFO  impl.RoleInfo (RoleInfo.java:shutdownFollowerState(121)) - 967a5d84-883e-4fc5-aa88-430cc6c4b93a: shutdown FollowerState
2019-10-18 14:03:26,571 [grpc-default-executor-5] INFO  impl.RoleInfo (RoleInfo.java:shutdownFollowerState(121)) - 524d4c73-bbaf-4142-9273-d20c5a8628b4: shutdown FollowerState
2019-10-18 14:03:26,571 [Thread-596] INFO  impl.FollowerState (FollowerState.java:run(117)) - 967a5d84-883e-4fc5-aa88-430cc6c4b93a@group-1C08CD4F7525-FollowerState was interrupted: java.lang.InterruptedException: sleep interrupted
2019-10-18 14:03:26,571 [grpc-default-executor-5] INFO  impl.RoleInfo (RoleInfo.java:updateAndGet(143)) - 524d4c73-bbaf-4142-9273-d20c5a8628b4: start FollowerState
2019-10-18 14:03:26,571 [grpc-default-executor-4] INFO  impl.RoleInfo (RoleInfo.java:updateAndGet(143)) - 967a5d84-883e-4fc5-aa88-430cc6c4b93a: start FollowerState
2019-10-18 14:03:26,571 [Thread-595] INFO  impl.FollowerState (FollowerState.java:run(117)) - 524d4c73-bbaf-4142-9273-d20c5a8628b4@group-1C08CD4F7525-FollowerState was interrupted: java.lang.InterruptedException: sleep interrupted
2019-10-18 14:03:26,589 [0eccc4cb-77af-4c43-89bd-f01b83be0073@group-1C08CD4F7525-LeaderElection15] INFO  impl.LeaderElection (LeaderElection.java:logAndReturn(56)) - 0eccc4cb-77af-4c43-89bd-f01b83be0073@group-1C08CD4F7525-LeaderElection15: Election REJECTED; received 2 response(s) [0eccc4cb-77af-4c43-89bd-f01b83be0073<-967a5d84-883e-4fc5-aa88-430cc6c4b93a#0:FAIL-t11, 0eccc4cb-77af-4c43-89bd-f01b83be0073<-524d4c73-bbaf-4142-9273-d20c5a8628b4#0:FAIL-t11] and 0 exception(s); 0eccc4cb-77af-4c43-89bd-f01b83be0073@group-1C08CD4F7525:t11, leader=null, voted=0eccc4cb-77af-4c43-89bd-f01b83be0073, raftlog=0eccc4cb-77af-4c43-89bd-f01b83be0073@group-1C08CD4F7525-SegmentedRaftLog:OPENED:c3,f4,i4, conf=0: [967a5d84-883e-4fc5-aa88-430cc6c4b93a:192.168.69.124:45994, 524d4c73-bbaf-4142-9273-d20c5a8628b4:192.168.69.124:36511, 0eccc4cb-77af-4c43-89bd-f01b83be0073:192.168.69.124:38580], old=null
2019-10-18 14:03:26,589 [0eccc4cb-77af-4c43-89bd-f01b83be0073@group-1C08CD4F7525-LeaderElection15] INFO  impl.RaftServerImpl (RaftServerImpl.java:setRole(184)) - 0eccc4cb-77af-4c43-89bd-f01b83be0073@group-1C08CD4F7525: changes role from CANDIDATE to FOLLOWER at term 11 for DISCOVERED_A_NEW_TERM
2019-10-18 14:03:26,593 [0eccc4cb-77af-4c43-89bd-f01b83be0073@group-1C08CD4F7525-LeaderElection15] INFO  impl.RoleInfo (RoleInfo.java:shutdownLeaderElection(134)) - 0eccc4cb-77af-4c43-89bd-f01b83be0073: shutdown LeaderElection
2019-10-18 14:03:26,593 [0eccc4cb-77af-4c43-89bd-f01b83be0073@group-1C08CD4F7525-LeaderElection15] INFO  impl.RoleInfo (RoleInfo.java:updateAndGet(143)) - 0eccc4cb-77af-4c43-89bd-f01b83be0073: start FollowerState
2019-10-18 14:03:26,644 [Thread-606] INFO  client.GrpcClientProtocolService (GrpcClientProtocolService.java:lambda$processClientRequest$0(278)) - Failed RaftClientRequest:client-D27B19DE1784->0eccc4cb-77af-4c43-89bd-f01b83be0073@group-1C08CD4F7525, cid=10, seq=0, Watch-ALL_COMMITTED(6), Message:<EMPTY>, reply=RaftClientReply:client-D27B19DE1784->0eccc4cb-77af-4c43-89bd-f01b83be0073@group-1C08CD4F7525, cid=10, FAILED org.apache.ratis.protocol.NotLeaderException: Server 0eccc4cb-77af-4c43-89bd-f01b83be0073@group-1C08CD4F7525 is not the leader, logIndex=0, commits[0eccc4cb-77af-4c43-89bd-f01b83be0073:c3]
2019-10-18 14:03:26,661 [java.util.concurrent.ThreadPoolExecutor$Worker@3e376dad[State = -1, empty queue]] WARN  server.GrpcLogAppender (GrpcLogAppender.java:timeoutAppendRequest(209)) - 524d4c73-bbaf-4142-9273-d20c5a8628b4@group-1C08CD4F7525->0eccc4cb-77af-4c43-89bd-f01b83be0073-GrpcLogAppender: appendEntries Timeout, request=524d4c73-bbaf-4142-9273-d20c5a8628b4->0eccc4cb-77af-4c43-89bd-f01b83be0073#51-t2, previous=(t:2, i:10), leaderCommit=10, initializing? false, entries: <empty>
2019-10-18 14:03:26,680 [pool-7-thread-1] INFO  commands.RetriableDatanodeEventWatcher (RetriableDatanodeEventWatcher.java:onTimeout(47)) - RetriableDatanodeCommand type=deleteBlocksCommand with id=1571407402681 timed out. Retrying.
2019-10-18 14:03:26,681 [pool-7-thread-2] INFO  commands.RetriableDatanodeEventWatcher (RetriableDatanodeEventWatcher.java:onTimeout(47)) - RetriableDatanodeCommand type=deleteBlocksCommand with id=1571407402680 timed out. Retrying.
2019-10-18 14:03:26,682 [pool-7-thread-2] INFO  commands.RetriableDatanodeEventWatcher (RetriableDatanodeEventWatcher.java:onTimeout(47)) - RetriableDatanodeCommand type=deleteBlocksCommand with id=1571407402677 timed out. Retrying.
2019-10-18 14:03:26,682 [SCMBlockDeletingService#0] INFO  block.SCMBlockDeletingService (SCMBlockDeletingService.java:call(184)) - Totally added 1 delete blocks command for 1 datanodes, task elapsed time: 1ms
2019-10-18 14:03:26,682 [pool-7-thread-1] INFO  commands.RetriableDatanodeEventWatcher (RetriableDatanodeEventWatcher.java:onTimeout(47)) - RetriableDatanodeCommand type=deleteBlocksCommand with id=1571407402682 timed out. Retrying.
2019-10-18 14:03:26,783 [Thread-604] INFO  impl.FollowerState (FollowerState.java:run(108)) - 0eccc4cb-77af-4c43-89bd-f01b83be0073@group-1C08CD4F7525-FollowerState: change to CANDIDATE, lastRpcTime:189ms, electionTimeout:189ms
2019-10-18 14:03:26,783 [Thread-604] INFO  impl.RoleInfo (RoleInfo.java:shutdownFollowerState(121)) - 0eccc4cb-77af-4c43-89bd-f01b83be0073: shutdown FollowerState
2019-10-18 14:03:26,783 [Thread-604] INFO  impl.RaftServerImpl (RaftServerImpl.java:setRole(184)) - 0eccc4cb-77af-4c43-89bd-f01b83be0073@group-1C08CD4F7525: changes role from  FOLLOWER to CANDIDATE at term 11 for changeToCandidate
2019-10-18 14:03:26,783 [Thread-604] INFO  impl.RoleInfo (RoleInfo.java:updateAndGet(143)) - 0eccc4cb-77af-4c43-89bd-f01b83be0073: start LeaderElection
2019-10-18 14:03:26,811 [0eccc4cb-77af-4c43-89bd-f01b83be0073@group-1C08CD4F7525-LeaderElection16] INFO  impl.LeaderElection (LeaderElection.java:askForVotes(178)) - 0eccc4cb-77af-4c43-89bd-f01b83be0073@group-1C08CD4F7525-LeaderElection16: begin an election at term 12 for 0: [967a5d84-883e-4fc5-aa88-430cc6c4b93a:192.168.69.124:45994, 524d4c73-bbaf-4142-9273-d20c5a8628b4:192.168.69.124:36511, 0eccc4cb-77af-4c43-89bd-f01b83be0073:192.168.69.124:38580], old=null
2019-10-18 14:03:26,819 [grpc-default-executor-4] INFO  impl.RaftServerImpl (RaftServerImpl.java:setRole(184)) - 524d4c73-bbaf-4142-9273-d20c5a8628b4@group-1C08CD4F7525: changes role from  FOLLOWER to FOLLOWER at term 12 for recognizeCandidate:0eccc4cb-77af-4c43-89bd-f01b83be0073
2019-10-18 14:03:26,819 [grpc-default-executor-5] INFO  impl.RaftServerImpl (RaftServerImpl.java:setRole(184)) - 967a5d84-883e-4fc5-aa88-430cc6c4b93a@group-1C08CD4F7525: changes role from  FOLLOWER to FOLLOWER at term 12 for recognizeCandidate:0eccc4cb-77af-4c43-89bd-f01b83be0073
2019-10-18 14:03:26,820 [grpc-default-executor-4] INFO  impl.RoleInfo (RoleInfo.java:shutdownFollowerState(121)) - 524d4c73-bbaf-4142-9273-d20c5a8628b4: shutdown FollowerState
2019-10-18 14:03:26,820 [grpc-default-executor-5] INFO  impl.RoleInfo (RoleInfo.java:shutdownFollowerState(121)) - 967a5d84-883e-4fc5-aa88-430cc6c4b93a: shutdown FollowerState
2019-10-18 14:03:26,820 [Thread-603] INFO  impl.FollowerState (FollowerState.java:run(117)) - 524d4c73-bbaf-4142-9273-d20c5a8628b4@group-1C08CD4F7525-FollowerState was interrupted: java.lang.InterruptedException: sleep interrupted
2019-10-18 14:03:26,820 [grpc-default-executor-4] INFO  impl.RoleInfo (RoleInfo.java:updateAndGet(143)) - 524d4c73-bbaf-4142-9273-d20c5a8628b4: start FollowerState
2019-10-18 14:03:26,820 [grpc-default-executor-5] INFO  impl.RoleInfo (RoleInfo.java:updateAndGet(143)) - 967a5d84-883e-4fc5-aa88-430cc6c4b93a: start FollowerState
2019-10-18 14:03:26,820 [Thread-602] INFO  impl.FollowerState (FollowerState.java:run(117)) - 967a5d84-883e-4fc5-aa88-430cc6c4b93a@group-1C08CD4F7525-FollowerState was interrupted: java.lang.InterruptedException: sleep interrupted
2019-10-18 14:03:26,830 [0eccc4cb-77af-4c43-89bd-f01b83be0073@group-1C08CD4F7525-LeaderElection16] INFO  impl.LeaderElection (LeaderElection.java:logAndReturn(56)) - 0eccc4cb-77af-4c43-89bd-f01b83be0073@group-1C08CD4F7525-LeaderElection16: Election TIMEOUT; received 0 response(s) [] and 0 exception(s); 0eccc4cb-77af-4c43-89bd-f01b83be0073@group-1C08CD4F7525:t12, leader=null, voted=0eccc4cb-77af-4c43-89bd-f01b83be0073, raftlog=0eccc4cb-77af-4c43-89bd-f01b83be0073@group-1C08CD4F7525-SegmentedRaftLog:OPENED:c3,f4,i4, conf=0: [967a5d84-883e-4fc5-aa88-430cc6c4b93a:192.168.69.124:45994, 524d4c73-bbaf-4142-9273-d20c5a8628b4:192.168.69.124:36511, 0eccc4cb-77af-4c43-89bd-f01b83be0073:192.168.69.124:38580], old=null
2019-10-18 14:03:26,837 [0eccc4cb-77af-4c43-89bd-f01b83be0073@group-1C08CD4F7525-LeaderElection16] INFO  impl.LeaderElection (LeaderElection.java:askForVotes(178)) - 0eccc4cb-77af-4c43-89bd-f01b83be0073@group-1C08CD4F7525-LeaderElection16: begin an election at term 13 for 0: [967a5d84-883e-4fc5-aa88-430cc6c4b93a:192.168.69.124:45994, 524d4c73-bbaf-4142-9273-d20c5a8628b4:192.168.69.124:36511, 0eccc4cb-77af-4c43-89bd-f01b83be0073:192.168.69.124:38580], old=null
2019-10-18 14:03:26,840 [grpc-default-executor-5] INFO  impl.RaftServerImpl (RaftServerImpl.java:setRole(184)) - 524d4c73-bbaf-4142-9273-d20c5a8628b4@group-1C08CD4F7525: changes role from  FOLLOWER to FOLLOWER at term 13 for recognizeCandidate:0eccc4cb-77af-4c43-89bd-f01b83be0073
2019-10-18 14:03:26,840 [grpc-default-executor-4] INFO  impl.RaftServerImpl (RaftServerImpl.java:setRole(184)) - 967a5d84-883e-4fc5-aa88-430cc6c4b93a@group-1C08CD4F7525: changes role from  FOLLOWER to FOLLOWER at term 13 for recognizeCandidate:0eccc4cb-77af-4c43-89bd-f01b83be0073
2019-10-18 14:03:26,841 [grpc-default-executor-5] INFO  impl.RoleInfo (RoleInfo.java:shutdownFollowerState(121)) - 524d4c73-bbaf-4142-9273-d20c5a8628b4: shutdown FollowerState
2019-10-18 14:03:26,841 [grpc-default-executor-4] INFO  impl.RoleInfo (RoleInfo.java:shutdownFollowerState(121)) - 967a5d84-883e-4fc5-aa88-430cc6c4b93a: shutdown FollowerState
2019-10-18 14:03:26,841 [grpc-default-executor-5] INFO  impl.RoleInfo (RoleInfo.java:updateAndGet(143)) - 524d4c73-bbaf-4142-9273-d20c5a8628b4: start FollowerState
2019-10-18 14:03:26,841 [Thread-611] INFO  impl.FollowerState (FollowerState.java:run(117)) - 524d4c73-bbaf-4142-9273-d20c5a8628b4@group-1C08CD4F7525-FollowerState was interrupted: java.lang.InterruptedException: sleep interrupted
2019-10-18 14:03:26,842 [Thread-612] INFO  impl.FollowerState (FollowerState.java:run(117)) - 967a5d84-883e-4fc5-aa88-430cc6c4b93a@group-1C08CD4F7525-FollowerState was interrupted: java.lang.InterruptedException: sleep interrupted
2019-10-18 14:03:26,842 [grpc-default-executor-4] INFO  impl.RoleInfo (RoleInfo.java:updateAndGet(143)) - 967a5d84-883e-4fc5-aa88-430cc6c4b93a: start FollowerState
2019-10-18 14:03:26,861 [0eccc4cb-77af-4c43-89bd-f01b83be0073@group-1C08CD4F7525-LeaderElection16] INFO  impl.LeaderElection (LeaderElection.java:logAndReturn(56)) - 0eccc4cb-77af-4c43-89bd-f01b83be0073@group-1C08CD4F7525-LeaderElection16: Election REJECTED; received 2 response(s) [0eccc4cb-77af-4c43-89bd-f01b83be0073<-967a5d84-883e-4fc5-aa88-430cc6c4b93a#0:FAIL-t13, 0eccc4cb-77af-4c43-89bd-f01b83be0073<-524d4c73-bbaf-4142-9273-d20c5a8628b4#0:FAIL-t13] and 0 exception(s); 0eccc4cb-77af-4c43-89bd-f01b83be0073@group-1C08CD4F7525:t13, leader=null, voted=0eccc4cb-77af-4c43-89bd-f01b83be0073, raftlog=0eccc4cb-77af-4c43-89bd-f01b83be0073@group-1C08CD4F7525-SegmentedRaftLog:OPENED:c3,f4,i4, conf=0: [967a5d84-883e-4fc5-aa88-430cc6c4b93a:192.168.69.124:45994, 524d4c73-bbaf-4142-9273-d20c5a8628b4:192.168.69.124:36511, 0eccc4cb-77af-4c43-89bd-f01b83be0073:192.168.69.124:38580], old=null
2019-10-18 14:03:26,862 [0eccc4cb-77af-4c43-89bd-f01b83be0073@group-1C08CD4F7525-LeaderElection16] INFO  impl.RaftServerImpl (RaftServerImpl.java:setRole(184)) - 0eccc4cb-77af-4c43-89bd-f01b83be0073@group-1C08CD4F7525: changes role from CANDIDATE to FOLLOWER at term 13 for DISCOVERED_A_NEW_TERM
2019-10-18 14:03:26,862 [0eccc4cb-77af-4c43-89bd-f01b83be0073@group-1C08CD4F7525-LeaderElection16] INFO  impl.RoleInfo (RoleInfo.java:shutdownLeaderElection(134)) - 0eccc4cb-77af-4c43-89bd-f01b83be0073: shutdown LeaderElection
2019-10-18 14:03:26,862 [0eccc4cb-77af-4c43-89bd-f01b83be0073@group-1C08CD4F7525-LeaderElection16] INFO  impl.RoleInfo (RoleInfo.java:updateAndGet(143)) - 0eccc4cb-77af-4c43-89bd-f01b83be0073: start FollowerState
2019-10-18 14:03:26,995 [Thread-617] INFO  impl.FollowerState (FollowerState.java:run(108)) - 0eccc4cb-77af-4c43-89bd-f01b83be0073@group-1C08CD4F7525-FollowerState: change to CANDIDATE, lastRpcTime:133ms, electionTimeout:133ms
2019-10-18 14:03:26,997 [Thread-617] INFO  impl.RoleInfo (RoleInfo.java:shutdownFollowerState(121)) - 0eccc4cb-77af-4c43-89bd-f01b83be0073: shutdown FollowerState
2019-10-18 14:03:26,997 [Thread-617] INFO  impl.RaftServerImpl (RaftServerImpl.java:setRole(184)) - 0eccc4cb-77af-4c43-89bd-f01b83be0073@group-1C08CD4F7525: changes role from  FOLLOWER to CANDIDATE at term 13 for changeToCandidate
2019-10-18 14:03:26,997 [Thread-617] INFO  impl.RoleInfo (RoleInfo.java:updateAndGet(143)) - 0eccc4cb-77af-4c43-89bd-f01b83be0073: start LeaderElection
2019-10-18 14:03:27,011 [0eccc4cb-77af-4c43-89bd-f01b83be0073@group-1C08CD4F7525-LeaderElection17] INFO  impl.LeaderElection (LeaderElection.java:askForVotes(178)) - 0eccc4cb-77af-4c43-89bd-f01b83be0073@group-1C08CD4F7525-LeaderElection17: begin an election at term 14 for 0: [967a5d84-883e-4fc5-aa88-430cc6c4b93a:192.168.69.124:45994, 524d4c73-bbaf-4142-9273-d20c5a8628b4:192.168.69.124:36511, 0eccc4cb-77af-4c43-89bd-f01b83be0073:192.168.69.124:38580], old=null
2019-10-18 14:03:27,014 [grpc-default-executor-4] INFO  impl.RaftServerImpl (RaftServerImpl.java:setRole(184)) - 967a5d84-883e-4fc5-aa88-430cc6c4b93a@group-1C08CD4F7525: changes role from  FOLLOWER to FOLLOWER at term 14 for recognizeCandidate:0eccc4cb-77af-4c43-89bd-f01b83be0073
2019-10-18 14:03:27,014 [grpc-default-executor-5] INFO  impl.RaftServerImpl (RaftServerImpl.java:setRole(184)) - 524d4c73-bbaf-4142-9273-d20c5a8628b4@group-1C08CD4F7525: changes role from  FOLLOWER to FOLLOWER at term 14 for recognizeCandidate:0eccc4cb-77af-4c43-89bd-f01b83be0073
2019-10-18 14:03:27,015 [grpc-default-executor-4] INFO  impl.RoleInfo (RoleInfo.java:shutdownFollowerState(121)) - 967a5d84-883e-4fc5-aa88-430cc6c4b93a: shutdown FollowerState
2019-10-18 14:03:27,015 [grpc-default-executor-5] INFO  impl.RoleInfo (RoleInfo.java:shutdownFollowerState(121)) - 524d4c73-bbaf-4142-9273-d20c5a8628b4: shutdown FollowerState
2019-10-18 14:03:27,015 [grpc-default-executor-4] INFO  impl.RoleInfo (RoleInfo.java:updateAndGet(143)) - 967a5d84-883e-4fc5-aa88-430cc6c4b93a: start FollowerState
2019-10-18 14:03:27,015 [Thread-616] INFO  impl.FollowerState (FollowerState.java:run(117)) - 967a5d84-883e-4fc5-aa88-430cc6c4b93a@group-1C08CD4F7525-FollowerState was interrupted: java.lang.InterruptedException: sleep interrupted
2019-10-18 14:03:27,015 [Thread-615] INFO  impl.FollowerState (FollowerState.java:run(117)) - 524d4c73-bbaf-4142-9273-d20c5a8628b4@group-1C08CD4F7525-FollowerState was interrupted: java.lang.InterruptedException: sleep interrupted
2019-10-18 14:03:27,015 [grpc-default-executor-5] INFO  impl.RoleInfo (RoleInfo.java:updateAndGet(143)) - 524d4c73-bbaf-4142-9273-d20c5a8628b4: start FollowerState
2019-10-18 14:03:27,031 [0eccc4cb-77af-4c43-89bd-f01b83be0073@group-1C08CD4F7525-LeaderElection17] INFO  impl.LeaderElection (LeaderElection.java:logAndReturn(56)) - 0eccc4cb-77af-4c43-89bd-f01b83be0073@group-1C08CD4F7525-LeaderElection17: Election REJECTED; received 2 response(s) [0eccc4cb-77af-4c43-89bd-f01b83be0073<-967a5d84-883e-4fc5-aa88-430cc6c4b93a#0:FAIL-t14, 0eccc4cb-77af-4c43-89bd-f01b83be0073<-524d4c73-bbaf-4142-9273-d20c5a8628b4#0:FAIL-t14] and 0 exception(s); 0eccc4cb-77af-4c43-89bd-f01b83be0073@group-1C08CD4F7525:t14, leader=null, voted=0eccc4cb-77af-4c43-89bd-f01b83be0073, raftlog=0eccc4cb-77af-4c43-89bd-f01b83be0073@group-1C08CD4F7525-SegmentedRaftLog:OPENED:c3,f4,i4, conf=0: [967a5d84-883e-4fc5-aa88-430cc6c4b93a:192.168.69.124:45994, 524d4c73-bbaf-4142-9273-d20c5a8628b4:192.168.69.124:36511, 0eccc4cb-77af-4c43-89bd-f01b83be0073:192.168.69.124:38580], old=null
2019-10-18 14:03:27,031 [0eccc4cb-77af-4c43-89bd-f01b83be0073@group-1C08CD4F7525-LeaderElection17] INFO  impl.RaftServerImpl (RaftServerImpl.java:setRole(184)) - 0eccc4cb-77af-4c43-89bd-f01b83be0073@group-1C08CD4F7525: changes role from CANDIDATE to FOLLOWER at term 14 for DISCOVERED_A_NEW_TERM
2019-10-18 14:03:27,031 [0eccc4cb-77af-4c43-89bd-f01b83be0073@group-1C08CD4F7525-LeaderElection17] INFO  impl.RoleInfo (RoleInfo.java:shutdownLeaderElection(134)) - 0eccc4cb-77af-4c43-89bd-f01b83be0073: shutdown LeaderElection
2019-10-18 14:03:27,032 [0eccc4cb-77af-4c43-89bd-f01b83be0073@group-1C08CD4F7525-LeaderElection17] INFO  impl.RoleInfo (RoleInfo.java:updateAndGet(143)) - 0eccc4cb-77af-4c43-89bd-f01b83be0073: start FollowerState
2019-10-18 14:03:27,082 [BlockDeletingService#2] WARN  background.BlockDeletingService (BlockDeletingService.java:isDeletionAllowed(187)) - Close Container log Index 6 is not replicated across allthe servers in the pipeline 08f27b3d-1876-4e46-af5a-1c08cd4f7525 as the min replicated index is 4. Deletion is not allowed in this container yet.
2019-10-18 14:03:27,087 [BlockDeletingService#0] WARN  background.BlockDeletingService (BlockDeletingService.java:isDeletionAllowed(187)) - Close Container log Index 6 is not replicated across allthe servers in the pipeline 08f27b3d-1876-4e46-af5a-1c08cd4f7525 as the min replicated index is 4. Deletion is not allowed in this container yet.
2019-10-18 14:03:27,138 [Thread-623] INFO  impl.FollowerState (FollowerState.java:run(108)) - 0eccc4cb-77af-4c43-89bd-f01b83be0073@group-1C08CD4F7525-FollowerState: change to CANDIDATE, lastRpcTime:106ms, electionTimeout:106ms
2019-10-18 14:03:27,138 [Thread-623] INFO  impl.RoleInfo (RoleInfo.java:shutdownFollowerState(121)) - 0eccc4cb-77af-4c43-89bd-f01b83be0073: shutdown FollowerState
2019-10-18 14:03:27,139 [Thread-623] INFO  impl.RaftServerImpl (RaftServerImpl.java:setRole(184)) - 0eccc4cb-77af-4c43-89bd-f01b83be0073@group-1C08CD4F7525: changes role from  FOLLOWER to CANDIDATE at term 14 for changeToCandidate
2019-10-18 14:03:27,139 [Thread-623] INFO  impl.RoleInfo (RoleInfo.java:updateAndGet(143)) - 0eccc4cb-77af-4c43-89bd-f01b83be0073: start LeaderElection
2019-10-18 14:03:27,165 [0eccc4cb-77af-4c43-89bd-f01b83be0073@group-1C08CD4F7525-LeaderElection18] INFO  impl.LeaderElection (LeaderElection.java:askForVotes(178)) - 0eccc4cb-77af-4c43-89bd-f01b83be0073@group-1C08CD4F7525-LeaderElection18: begin an election at term 15 for 0: [967a5d84-883e-4fc5-aa88-430cc6c4b93a:192.168.69.124:45994, 524d4c73-bbaf-4142-9273-d20c5a8628b4:192.168.69.124:36511, 0eccc4cb-77af-4c43-89bd-f01b83be0073:192.168.69.124:38580], old=null
2019-10-18 14:03:27,169 [grpc-default-executor-4] INFO  impl.RaftServerImpl (RaftServerImpl.java:setRole(184)) - 524d4c73-bbaf-4142-9273-d20c5a8628b4@group-1C08CD4F7525: changes role from  FOLLOWER to FOLLOWER at term 15 for recognizeCandidate:0eccc4cb-77af-4c43-89bd-f01b83be0073
2019-10-18 14:03:27,169 [grpc-default-executor-5] INFO  impl.RaftServerImpl (RaftServerImpl.java:setRole(184)) - 967a5d84-883e-4fc5-aa88-430cc6c4b93a@group-1C08CD4F7525: changes role from  FOLLOWER to FOLLOWER at term 15 for recognizeCandidate:0eccc4cb-77af-4c43-89bd-f01b83be0073
2019-10-18 14:03:27,169 [grpc-default-executor-4] INFO  impl.RoleInfo (RoleInfo.java:shutdownFollowerState(121)) - 524d4c73-bbaf-4142-9273-d20c5a8628b4: shutdown FollowerState
2019-10-18 14:03:27,169 [grpc-default-executor-5] INFO  impl.RoleInfo (RoleInfo.java:shutdownFollowerState(121)) - 967a5d84-883e-4fc5-aa88-430cc6c4b93a: shutdown FollowerState
2019-10-18 14:03:27,170 [Thread-622] INFO  impl.FollowerState (FollowerState.java:run(117)) - 524d4c73-bbaf-4142-9273-d20c5a8628b4@group-1C08CD4F7525-FollowerState was interrupted: java.lang.InterruptedException: sleep interrupted
2019-10-18 14:03:27,170 [grpc-default-executor-4] INFO  impl.RoleInfo (RoleInfo.java:updateAndGet(143)) - 524d4c73-bbaf-4142-9273-d20c5a8628b4: start FollowerState
2019-10-18 14:03:27,170 [grpc-default-executor-5] INFO  impl.RoleInfo (RoleInfo.java:updateAndGet(143)) - 967a5d84-883e-4fc5-aa88-430cc6c4b93a: start FollowerState
2019-10-18 14:03:27,170 [Thread-621] INFO  impl.FollowerState (FollowerState.java:run(117)) - 967a5d84-883e-4fc5-aa88-430cc6c4b93a@group-1C08CD4F7525-FollowerState was interrupted: java.lang.InterruptedException: sleep interrupted
2019-10-18 14:03:27,185 [0eccc4cb-77af-4c43-89bd-f01b83be0073@group-1C08CD4F7525-LeaderElection18] INFO  impl.LeaderElection (LeaderElection.java:logAndReturn(56)) - 0eccc4cb-77af-4c43-89bd-f01b83be0073@group-1C08CD4F7525-LeaderElection18: Election REJECTED; received 2 response(s) [0eccc4cb-77af-4c43-89bd-f01b83be0073<-967a5d84-883e-4fc5-aa88-430cc6c4b93a#0:FAIL-t15, 0eccc4cb-77af-4c43-89bd-f01b83be0073<-524d4c73-bbaf-4142-9273-d20c5a8628b4#0:FAIL-t15] and 0 exception(s); 0eccc4cb-77af-4c43-89bd-f01b83be0073@group-1C08CD4F7525:t15, leader=null, voted=0eccc4cb-77af-4c43-89bd-f01b83be0073, raftlog=0eccc4cb-77af-4c43-89bd-f01b83be0073@group-1C08CD4F7525-SegmentedRaftLog:OPENED:c3,f4,i4, conf=0: [967a5d84-883e-4fc5-aa88-430cc6c4b93a:192.168.69.124:45994, 524d4c73-bbaf-4142-9273-d20c5a8628b4:192.168.69.124:36511, 0eccc4cb-77af-4c43-89bd-f01b83be0073:192.168.69.124:38580], old=null
2019-10-18 14:03:27,186 [0eccc4cb-77af-4c43-89bd-f01b83be0073@group-1C08CD4F7525-LeaderElection18] INFO  impl.RaftServerImpl (RaftServerImpl.java:setRole(184)) - 0eccc4cb-77af-4c43-89bd-f01b83be0073@group-1C08CD4F7525: changes role from CANDIDATE to FOLLOWER at term 15 for DISCOVERED_A_NEW_TERM
2019-10-18 14:03:27,186 [0eccc4cb-77af-4c43-89bd-f01b83be0073@group-1C08CD4F7525-LeaderElection18] INFO  impl.RoleInfo (RoleInfo.java:shutdownLeaderElection(134)) - 0eccc4cb-77af-4c43-89bd-f01b83be0073: shutdown LeaderElection
2019-10-18 14:03:27,186 [0eccc4cb-77af-4c43-89bd-f01b83be0073@group-1C08CD4F7525-LeaderElection18] INFO  impl.RoleInfo (RoleInfo.java:updateAndGet(143)) - 0eccc4cb-77af-4c43-89bd-f01b83be0073: start FollowerState
2019-10-18 14:03:27,344 [Thread-631] INFO  impl.FollowerState (FollowerState.java:run(108)) - 0eccc4cb-77af-4c43-89bd-f01b83be0073@group-1C08CD4F7525-FollowerState: change to CANDIDATE, lastRpcTime:157ms, electionTimeout:157ms
2019-10-18 14:03:27,344 [Thread-631] INFO  impl.RoleInfo (RoleInfo.java:shutdownFollowerState(121)) - 0eccc4cb-77af-4c43-89bd-f01b83be0073: shutdown FollowerState
2019-10-18 14:03:27,344 [Thread-631] INFO  impl.RaftServerImpl (RaftServerImpl.java:setRole(184)) - 0eccc4cb-77af-4c43-89bd-f01b83be0073@group-1C08CD4F7525: changes role from  FOLLOWER to CANDIDATE at term 15 for changeToCandidate
2019-10-18 14:03:27,344 [Thread-631] INFO  impl.RoleInfo (RoleInfo.java:updateAndGet(143)) - 0eccc4cb-77af-4c43-89bd-f01b83be0073: start LeaderElection
2019-10-18 14:03:27,367 [0eccc4cb-77af-4c43-89bd-f01b83be0073@group-1C08CD4F7525-LeaderElection19] INFO  impl.LeaderElection (LeaderElection.java:askForVotes(178)) - 0eccc4cb-77af-4c43-89bd-f01b83be0073@group-1C08CD4F7525-LeaderElection19: begin an election at term 16 for 0: [967a5d84-883e-4fc5-aa88-430cc6c4b93a:192.168.69.124:45994, 524d4c73-bbaf-4142-9273-d20c5a8628b4:192.168.69.124:36511, 0eccc4cb-77af-4c43-89bd-f01b83be0073:192.168.69.124:38580], old=null
2019-10-18 14:03:27,370 [grpc-default-executor-5] INFO  impl.RaftServerImpl (RaftServerImpl.java:setRole(184)) - 524d4c73-bbaf-4142-9273-d20c5a8628b4@group-1C08CD4F7525: changes role from  FOLLOWER to FOLLOWER at term 16 for recognizeCandidate:0eccc4cb-77af-4c43-89bd-f01b83be0073
2019-10-18 14:03:27,370 [grpc-default-executor-4] INFO  impl.RaftServerImpl (RaftServerImpl.java:setRole(184)) - 967a5d84-883e-4fc5-aa88-430cc6c4b93a@group-1C08CD4F7525: changes role from  FOLLOWER to FOLLOWER at term 16 for recognizeCandidate:0eccc4cb-77af-4c43-89bd-f01b83be0073
2019-10-18 14:03:27,371 [grpc-default-executor-5] INFO  impl.RoleInfo (RoleInfo.java:shutdownFollowerState(121)) - 524d4c73-bbaf-4142-9273-d20c5a8628b4: shutdown FollowerState
2019-10-18 14:03:27,371 [grpc-default-executor-4] INFO  impl.RoleInfo (RoleInfo.java:shutdownFollowerState(121)) - 967a5d84-883e-4fc5-aa88-430cc6c4b93a: shutdown FollowerState
2019-10-18 14:03:27,371 [grpc-default-executor-5] INFO  impl.RoleInfo (RoleInfo.java:updateAndGet(143)) - 524d4c73-bbaf-4142-9273-d20c5a8628b4: start FollowerState
2019-10-18 14:03:27,371 [Thread-629] INFO  impl.FollowerState (FollowerState.java:run(117)) - 524d4c73-bbaf-4142-9273-d20c5a8628b4@group-1C08CD4F7525-FollowerState was interrupted: java.lang.InterruptedException: sleep interrupted
2019-10-18 14:03:27,371 [Thread-630] INFO  impl.FollowerState (FollowerState.java:run(117)) - 967a5d84-883e-4fc5-aa88-430cc6c4b93a@group-1C08CD4F7525-FollowerState was interrupted: java.lang.InterruptedException: sleep interrupted
2019-10-18 14:03:27,371 [grpc-default-executor-4] INFO  impl.RoleInfo (RoleInfo.java:updateAndGet(143)) - 967a5d84-883e-4fc5-aa88-430cc6c4b93a: start FollowerState
2019-10-18 14:03:27,388 [0eccc4cb-77af-4c43-89bd-f01b83be0073@group-1C08CD4F7525-LeaderElection19] INFO  impl.LeaderElection (LeaderElection.java:logAndReturn(56)) - 0eccc4cb-77af-4c43-89bd-f01b83be0073@group-1C08CD4F7525-LeaderElection19: Election REJECTED; received 2 response(s) [0eccc4cb-77af-4c43-89bd-f01b83be0073<-967a5d84-883e-4fc5-aa88-430cc6c4b93a#0:FAIL-t16, 0eccc4cb-77af-4c43-89bd-f01b83be0073<-524d4c73-bbaf-4142-9273-d20c5a8628b4#0:FAIL-t16] and 0 exception(s); 0eccc4cb-77af-4c43-89bd-f01b83be0073@group-1C08CD4F7525:t16, leader=null, voted=0eccc4cb-77af-4c43-89bd-f01b83be0073, raftlog=0eccc4cb-77af-4c43-89bd-f01b83be0073@group-1C08CD4F7525-SegmentedRaftLog:OPENED:c3,f4,i4, conf=0: [967a5d84-883e-4fc5-aa88-430cc6c4b93a:192.168.69.124:45994, 524d4c73-bbaf-4142-9273-d20c5a8628b4:192.168.69.124:36511, 0eccc4cb-77af-4c43-89bd-f01b83be0073:192.168.69.124:38580], old=null
2019-10-18 14:03:27,388 [0eccc4cb-77af-4c43-89bd-f01b83be0073@group-1C08CD4F7525-LeaderElection19] INFO  impl.RaftServerImpl (RaftServerImpl.java:setRole(184)) - 0eccc4cb-77af-4c43-89bd-f01b83be0073@group-1C08CD4F7525: changes role from CANDIDATE to FOLLOWER at term 16 for DISCOVERED_A_NEW_TERM
2019-10-18 14:03:27,388 [0eccc4cb-77af-4c43-89bd-f01b83be0073@group-1C08CD4F7525-LeaderElection19] INFO  impl.RoleInfo (RoleInfo.java:shutdownLeaderElection(134)) - 0eccc4cb-77af-4c43-89bd-f01b83be0073: shutdown LeaderElection
2019-10-18 14:03:27,388 [0eccc4cb-77af-4c43-89bd-f01b83be0073@group-1C08CD4F7525-LeaderElection19] INFO  impl.RoleInfo (RoleInfo.java:updateAndGet(143)) - 0eccc4cb-77af-4c43-89bd-f01b83be0073: start FollowerState
2019-10-18 14:03:27,408 [Thread-637] INFO  impl.FollowerState (FollowerState.java:run(108)) - 0eccc4cb-77af-4c43-89bd-f01b83be0073@group-1C08CD4F7525-FollowerState: change to CANDIDATE, lastRpcTime:19ms, electionTimeout:19ms
2019-10-18 14:03:27,408 [Thread-637] INFO  impl.RoleInfo (RoleInfo.java:shutdownFollowerState(121)) - 0eccc4cb-77af-4c43-89bd-f01b83be0073: shutdown FollowerState
2019-10-18 14:03:27,408 [Thread-637] INFO  impl.RaftServerImpl (RaftServerImpl.java:setRole(184)) - 0eccc4cb-77af-4c43-89bd-f01b83be0073@group-1C08CD4F7525: changes role from  FOLLOWER to CANDIDATE at term 16 for changeToCandidate
2019-10-18 14:03:27,408 [Thread-637] INFO  impl.RoleInfo (RoleInfo.java:updateAndGet(143)) - 0eccc4cb-77af-4c43-89bd-f01b83be0073: start LeaderElection
2019-10-18 14:03:27,422 [0eccc4cb-77af-4c43-89bd-f01b83be0073@group-1C08CD4F7525-LeaderElection20] INFO  impl.LeaderElection (LeaderElection.java:askForVotes(178)) - 0eccc4cb-77af-4c43-89bd-f01b83be0073@group-1C08CD4F7525-LeaderElection20: begin an election at term 17 for 0: [967a5d84-883e-4fc5-aa88-430cc6c4b93a:192.168.69.124:45994, 524d4c73-bbaf-4142-9273-d20c5a8628b4:192.168.69.124:36511, 0eccc4cb-77af-4c43-89bd-f01b83be0073:192.168.69.124:38580], old=null
2019-10-18 14:03:27,425 [grpc-default-executor-5] INFO  impl.RaftServerImpl (RaftServerImpl.java:setRole(184)) - 967a5d84-883e-4fc5-aa88-430cc6c4b93a@group-1C08CD4F7525: changes role from  FOLLOWER to FOLLOWER at term 17 for recognizeCandidate:0eccc4cb-77af-4c43-89bd-f01b83be0073
2019-10-18 14:03:27,425 [grpc-default-executor-5] INFO  impl.RoleInfo (RoleInfo.java:shutdownFollowerState(121)) - 967a5d84-883e-4fc5-aa88-430cc6c4b93a: shutdown FollowerState
2019-10-18 14:03:27,425 [grpc-default-executor-4] INFO  impl.RaftServerImpl (RaftServerImpl.java:setRole(184)) - 524d4c73-bbaf-4142-9273-d20c5a8628b4@group-1C08CD4F7525: changes role from  FOLLOWER to FOLLOWER at term 17 for recognizeCandidate:0eccc4cb-77af-4c43-89bd-f01b83be0073
2019-10-18 14:03:27,425 [grpc-default-executor-5] INFO  impl.RoleInfo (RoleInfo.java:updateAndGet(143)) - 967a5d84-883e-4fc5-aa88-430cc6c4b93a: start FollowerState
2019-10-18 14:03:27,425 [Thread-636] INFO  impl.FollowerState (FollowerState.java:run(117)) - 967a5d84-883e-4fc5-aa88-430cc6c4b93a@group-1C08CD4F7525-FollowerState was interrupted: java.lang.InterruptedException: sleep interrupted
2019-10-18 14:03:27,425 [grpc-default-executor-4] INFO  impl.RoleInfo (RoleInfo.java:shutdownFollowerState(121)) - 524d4c73-bbaf-4142-9273-d20c5a8628b4: shutdown FollowerState
2019-10-18 14:03:27,426 [grpc-default-executor-4] INFO  impl.RoleInfo (RoleInfo.java:updateAndGet(143)) - 524d4c73-bbaf-4142-9273-d20c5a8628b4: start FollowerState
2019-10-18 14:03:27,426 [Thread-635] INFO  impl.FollowerState (FollowerState.java:run(117)) - 524d4c73-bbaf-4142-9273-d20c5a8628b4@group-1C08CD4F7525-FollowerState was interrupted: java.lang.InterruptedException: sleep interrupted
2019-10-18 14:03:27,440 [0eccc4cb-77af-4c43-89bd-f01b83be0073@group-1C08CD4F7525-LeaderElection20] INFO  impl.LeaderElection (LeaderElection.java:logAndReturn(56)) - 0eccc4cb-77af-4c43-89bd-f01b83be0073@group-1C08CD4F7525-LeaderElection20: Election REJECTED; received 2 response(s) [0eccc4cb-77af-4c43-89bd-f01b83be0073<-967a5d84-883e-4fc5-aa88-430cc6c4b93a#0:FAIL-t17, 0eccc4cb-77af-4c43-89bd-f01b83be0073<-524d4c73-bbaf-4142-9273-d20c5a8628b4#0:FAIL-t17] and 0 exception(s); 0eccc4cb-77af-4c43-89bd-f01b83be0073@group-1C08CD4F7525:t17, leader=null, voted=0eccc4cb-77af-4c43-89bd-f01b83be0073, raftlog=0eccc4cb-77af-4c43-89bd-f01b83be0073@group-1C08CD4F7525-SegmentedRaftLog:OPENED:c3,f4,i4, conf=0: [967a5d84-883e-4fc5-aa88-430cc6c4b93a:192.168.69.124:45994, 524d4c73-bbaf-4142-9273-d20c5a8628b4:192.168.69.124:36511, 0eccc4cb-77af-4c43-89bd-f01b83be0073:192.168.69.124:38580], old=null
2019-10-18 14:03:27,440 [0eccc4cb-77af-4c43-89bd-f01b83be0073@group-1C08CD4F7525-LeaderElection20] INFO  impl.RaftServerImpl (RaftServerImpl.java:setRole(184)) - 0eccc4cb-77af-4c43-89bd-f01b83be0073@group-1C08CD4F7525: changes role from CANDIDATE to FOLLOWER at term 17 for DISCOVERED_A_NEW_TERM
2019-10-18 14:03:27,440 [0eccc4cb-77af-4c43-89bd-f01b83be0073@group-1C08CD4F7525-LeaderElection20] INFO  impl.RoleInfo (RoleInfo.java:shutdownLeaderElection(134)) - 0eccc4cb-77af-4c43-89bd-f01b83be0073: shutdown LeaderElection
2019-10-18 14:03:27,440 [0eccc4cb-77af-4c43-89bd-f01b83be0073@group-1C08CD4F7525-LeaderElection20] INFO  impl.RoleInfo (RoleInfo.java:updateAndGet(143)) - 0eccc4cb-77af-4c43-89bd-f01b83be0073: start FollowerState
2019-10-18 14:03:27,447 [EventQueue-PendingDeleteStatusForPendingDeleteHandler] INFO  block.SCMBlockDeletingService (SCMBlockDeletingService.java:handlePendingDeletes(115)) - Block deletion txnID mismatch in datanode 0eccc4cb-77af-4c43-89bd-f01b83be0073 for containerID 1. Datanode delete txnID: 0, SCM txnID: 1
2019-10-18 14:03:27,529 [Thread-643] INFO  impl.FollowerState (FollowerState.java:run(108)) - 0eccc4cb-77af-4c43-89bd-f01b83be0073@group-1C08CD4F7525-FollowerState: change to CANDIDATE, lastRpcTime:88ms, electionTimeout:88ms
2019-10-18 14:03:27,529 [Thread-643] INFO  impl.RoleInfo (RoleInfo.java:shutdownFollowerState(121)) - 0eccc4cb-77af-4c43-89bd-f01b83be0073: shutdown FollowerState
2019-10-18 14:03:27,529 [Thread-643] INFO  impl.RaftServerImpl (RaftServerImpl.java:setRole(184)) - 0eccc4cb-77af-4c43-89bd-f01b83be0073@group-1C08CD4F7525: changes role from  FOLLOWER to CANDIDATE at term 17 for changeToCandidate
2019-10-18 14:03:27,529 [Thread-643] INFO  impl.RoleInfo (RoleInfo.java:updateAndGet(143)) - 0eccc4cb-77af-4c43-89bd-f01b83be0073: start LeaderElection
2019-10-18 14:03:27,543 [0eccc4cb-77af-4c43-89bd-f01b83be0073@group-1C08CD4F7525-LeaderElection21] INFO  impl.LeaderElection (LeaderElection.java:askForVotes(178)) - 0eccc4cb-77af-4c43-89bd-f01b83be0073@group-1C08CD4F7525-LeaderElection21: begin an election at term 18 for 0: [967a5d84-883e-4fc5-aa88-430cc6c4b93a:192.168.69.124:45994, 524d4c73-bbaf-4142-9273-d20c5a8628b4:192.168.69.124:36511, 0eccc4cb-77af-4c43-89bd-f01b83be0073:192.168.69.124:38580], old=null
2019-10-18 14:03:27,546 [grpc-default-executor-5] INFO  impl.RaftServerImpl (RaftServerImpl.java:setRole(184)) - 524d4c73-bbaf-4142-9273-d20c5a8628b4@group-1C08CD4F7525: changes role from  FOLLOWER to FOLLOWER at term 18 for recognizeCandidate:0eccc4cb-77af-4c43-89bd-f01b83be0073
2019-10-18 14:03:27,546 [grpc-default-executor-4] INFO  impl.RaftServerImpl (RaftServerImpl.java:setRole(184)) - 967a5d84-883e-4fc5-aa88-430cc6c4b93a@group-1C08CD4F7525: changes role from  FOLLOWER to FOLLOWER at term 18 for recognizeCandidate:0eccc4cb-77af-4c43-89bd-f01b83be0073
2019-10-18 14:03:27,546 [grpc-default-executor-5] INFO  impl.RoleInfo (RoleInfo.java:shutdownFollowerState(121)) - 524d4c73-bbaf-4142-9273-d20c5a8628b4: shutdown FollowerState
2019-10-18 14:03:27,546 [grpc-default-executor-4] INFO  impl.RoleInfo (RoleInfo.java:shutdownFollowerState(121)) - 967a5d84-883e-4fc5-aa88-430cc6c4b93a: shutdown FollowerState
2019-10-18 14:03:27,547 [Thread-642] INFO  impl.FollowerState (FollowerState.java:run(117)) - 524d4c73-bbaf-4142-9273-d20c5a8628b4@group-1C08CD4F7525-FollowerState was interrupted: java.lang.InterruptedException: sleep interrupted
2019-10-18 14:03:27,547 [Thread-641] INFO  impl.FollowerState (FollowerState.java:run(117)) - 967a5d84-883e-4fc5-aa88-430cc6c4b93a@group-1C08CD4F7525-FollowerState was interrupted: java.lang.InterruptedException: sleep interrupted
2019-10-18 14:03:27,547 [grpc-default-executor-5] INFO  impl.RoleInfo (RoleInfo.java:updateAndGet(143)) - 524d4c73-bbaf-4142-9273-d20c5a8628b4: start FollowerState
2019-10-18 14:03:27,547 [grpc-default-executor-4] INFO  impl.RoleInfo (RoleInfo.java:updateAndGet(143)) - 967a5d84-883e-4fc5-aa88-430cc6c4b93a: start FollowerState
2019-10-18 14:03:27,561 [0eccc4cb-77af-4c43-89bd-f01b83be0073@group-1C08CD4F7525-LeaderElection21] INFO  impl.LeaderElection (LeaderElection.java:logAndReturn(56)) - 0eccc4cb-77af-4c43-89bd-f01b83be0073@group-1C08CD4F7525-LeaderElection21: Election REJECTED; received 2 response(s) [0eccc4cb-77af-4c43-89bd-f01b83be0073<-967a5d84-883e-4fc5-aa88-430cc6c4b93a#0:FAIL-t18, 0eccc4cb-77af-4c43-89bd-f01b83be0073<-524d4c73-bbaf-4142-9273-d20c5a8628b4#0:FAIL-t18] and 0 exception(s); 0eccc4cb-77af-4c43-89bd-f01b83be0073@group-1C08CD4F7525:t18, leader=null, voted=0eccc4cb-77af-4c43-89bd-f01b83be0073, raftlog=0eccc4cb-77af-4c43-89bd-f01b83be0073@group-1C08CD4F7525-SegmentedRaftLog:OPENED:c3,f4,i4, conf=0: [967a5d84-883e-4fc5-aa88-430cc6c4b93a:192.168.69.124:45994, 524d4c73-bbaf-4142-9273-d20c5a8628b4:192.168.69.124:36511, 0eccc4cb-77af-4c43-89bd-f01b83be0073:192.168.69.124:38580], old=null
2019-10-18 14:03:27,561 [0eccc4cb-77af-4c43-89bd-f01b83be0073@group-1C08CD4F7525-LeaderElection21] INFO  impl.RaftServerImpl (RaftServerImpl.java:setRole(184)) - 0eccc4cb-77af-4c43-89bd-f01b83be0073@group-1C08CD4F7525: changes role from CANDIDATE to FOLLOWER at term 18 for DISCOVERED_A_NEW_TERM
2019-10-18 14:03:27,561 [0eccc4cb-77af-4c43-89bd-f01b83be0073@group-1C08CD4F7525-LeaderElection21] INFO  impl.RoleInfo (RoleInfo.java:shutdownLeaderElection(134)) - 0eccc4cb-77af-4c43-89bd-f01b83be0073: shutdown LeaderElection
2019-10-18 14:03:27,561 [0eccc4cb-77af-4c43-89bd-f01b83be0073@group-1C08CD4F7525-LeaderElection21] INFO  impl.RoleInfo (RoleInfo.java:updateAndGet(143)) - 0eccc4cb-77af-4c43-89bd-f01b83be0073: start FollowerState
2019-10-18 14:03:27,626 [Thread-650] INFO  impl.FollowerState (FollowerState.java:run(108)) - 0eccc4cb-77af-4c43-89bd-f01b83be0073@group-1C08CD4F7525-FollowerState: change to CANDIDATE, lastRpcTime:65ms, electionTimeout:65ms
2019-10-18 14:03:27,627 [Thread-650] INFO  impl.RoleInfo (RoleInfo.java:shutdownFollowerState(121)) - 0eccc4cb-77af-4c43-89bd-f01b83be0073: shutdown FollowerState
2019-10-18 14:03:27,627 [Thread-650] INFO  impl.RaftServerImpl (RaftServerImpl.java:setRole(184)) - 0eccc4cb-77af-4c43-89bd-f01b83be0073@group-1C08CD4F7525: changes role from  FOLLOWER to CANDIDATE at term 18 for changeToCandidate
2019-10-18 14:03:27,627 [Thread-650] INFO  impl.RoleInfo (RoleInfo.java:updateAndGet(143)) - 0eccc4cb-77af-4c43-89bd-f01b83be0073: start LeaderElection
2019-10-18 14:03:27,649 [0eccc4cb-77af-4c43-89bd-f01b83be0073@group-1C08CD4F7525-LeaderElection22] INFO  impl.LeaderElection (LeaderElection.java:askForVotes(178)) - 0eccc4cb-77af-4c43-89bd-f01b83be0073@group-1C08CD4F7525-LeaderElection22: begin an election at term 19 for 0: [967a5d84-883e-4fc5-aa88-430cc6c4b93a:192.168.69.124:45994, 524d4c73-bbaf-4142-9273-d20c5a8628b4:192.168.69.124:36511, 0eccc4cb-77af-4c43-89bd-f01b83be0073:192.168.69.124:38580], old=null
2019-10-18 14:03:27,652 [grpc-default-executor-4] INFO  impl.RaftServerImpl (RaftServerImpl.java:setRole(184)) - 967a5d84-883e-4fc5-aa88-430cc6c4b93a@group-1C08CD4F7525: changes role from  FOLLOWER to FOLLOWER at term 19 for recognizeCandidate:0eccc4cb-77af-4c43-89bd-f01b83be0073
2019-10-18 14:03:27,653 [grpc-default-executor-4] INFO  impl.RoleInfo (RoleInfo.java:shutdownFollowerState(121)) - 967a5d84-883e-4fc5-aa88-430cc6c4b93a: shutdown FollowerState
2019-10-18 14:03:27,652 [grpc-default-executor-5] INFO  impl.RaftServerImpl (RaftServerImpl.java:setRole(184)) - 524d4c73-bbaf-4142-9273-d20c5a8628b4@group-1C08CD4F7525: changes role from  FOLLOWER to FOLLOWER at term 19 for recognizeCandidate:0eccc4cb-77af-4c43-89bd-f01b83be0073
2019-10-18 14:03:27,653 [Thread-649] INFO  impl.FollowerState (FollowerState.java:run(117)) - 967a5d84-883e-4fc5-aa88-430cc6c4b93a@group-1C08CD4F7525-FollowerState was interrupted: java.lang.InterruptedException: sleep interrupted
2019-10-18 14:03:27,653 [grpc-default-executor-4] INFO  impl.RoleInfo (RoleInfo.java:updateAndGet(143)) - 967a5d84-883e-4fc5-aa88-430cc6c4b93a: start FollowerState
2019-10-18 14:03:27,653 [grpc-default-executor-5] INFO  impl.RoleInfo (RoleInfo.java:shutdownFollowerState(121)) - 524d4c73-bbaf-4142-9273-d20c5a8628b4: shutdown FollowerState
2019-10-18 14:03:27,653 [Thread-648] INFO  impl.FollowerState (FollowerState.java:run(117)) - 524d4c73-bbaf-4142-9273-d20c5a8628b4@group-1C08CD4F7525-FollowerState was interrupted: java.lang.InterruptedException: sleep interrupted
2019-10-18 14:03:27,653 [grpc-default-executor-5] INFO  impl.RoleInfo (RoleInfo.java:updateAndGet(143)) - 524d4c73-bbaf-4142-9273-d20c5a8628b4: start FollowerState
2019-10-18 14:03:27,663 [Thread-657] INFO  client.GrpcClientProtocolService (GrpcClientProtocolService.java:lambda$processClientRequest$0(278)) - Failed RaftClientRequest:client-D27B19DE1784->524d4c73-bbaf-4142-9273-d20c5a8628b4@group-1C08CD4F7525, cid=10, seq=0, Watch-ALL_COMMITTED(6), Message:<EMPTY>, reply=RaftClientReply:client-D27B19DE1784->524d4c73-bbaf-4142-9273-d20c5a8628b4@group-1C08CD4F7525, cid=10, FAILED org.apache.ratis.protocol.NotLeaderException: Server 524d4c73-bbaf-4142-9273-d20c5a8628b4@group-1C08CD4F7525 is not the leader, logIndex=0, commits[524d4c73-bbaf-4142-9273-d20c5a8628b4:c10, 967a5d84-883e-4fc5-aa88-430cc6c4b93a:c10, 0eccc4cb-77af-4c43-89bd-f01b83be0073:c4]
2019-10-18 14:03:27,671 [0eccc4cb-77af-4c43-89bd-f01b83be0073@group-1C08CD4F7525-LeaderElection22] INFO  impl.LeaderElection (LeaderElection.java:logAndReturn(56)) - 0eccc4cb-77af-4c43-89bd-f01b83be0073@group-1C08CD4F7525-LeaderElection22: Election REJECTED; received 2 response(s) [0eccc4cb-77af-4c43-89bd-f01b83be0073<-967a5d84-883e-4fc5-aa88-430cc6c4b93a#0:FAIL-t19, 0eccc4cb-77af-4c43-89bd-f01b83be0073<-524d4c73-bbaf-4142-9273-d20c5a8628b4#0:FAIL-t19] and 0 exception(s); 0eccc4cb-77af-4c43-89bd-f01b83be0073@group-1C08CD4F7525:t19, leader=null, voted=0eccc4cb-77af-4c43-89bd-f01b83be0073, raftlog=0eccc4cb-77af-4c43-89bd-f01b83be0073@group-1C08CD4F7525-SegmentedRaftLog:OPENED:c3,f4,i4, conf=0: [967a5d84-883e-4fc5-aa88-430cc6c4b93a:192.168.69.124:45994, 524d4c73-bbaf-4142-9273-d20c5a8628b4:192.168.69.124:36511, 0eccc4cb-77af-4c43-89bd-f01b83be0073:192.168.69.124:38580], old=null
2019-10-18 14:03:27,671 [0eccc4cb-77af-4c43-89bd-f01b83be0073@group-1C08CD4F7525-LeaderElection22] INFO  impl.RaftServerImpl (RaftServerImpl.java:setRole(184)) - 0eccc4cb-77af-4c43-89bd-f01b83be0073@group-1C08CD4F7525: changes role from CANDIDATE to FOLLOWER at term 19 for DISCOVERED_A_NEW_TERM
2019-10-18 14:03:27,672 [0eccc4cb-77af-4c43-89bd-f01b83be0073@group-1C08CD4F7525-LeaderElection22] INFO  impl.RoleInfo (RoleInfo.java:shutdownLeaderElection(134)) - 0eccc4cb-77af-4c43-89bd-f01b83be0073: shutdown LeaderElection
2019-10-18 14:03:27,672 [0eccc4cb-77af-4c43-89bd-f01b83be0073@group-1C08CD4F7525-LeaderElection22] INFO  impl.RoleInfo (RoleInfo.java:updateAndGet(143)) - 0eccc4cb-77af-4c43-89bd-f01b83be0073: start FollowerState
2019-10-18 14:03:27,682 [pool-7-thread-2] INFO  commands.RetriableDatanodeEventWatcher (RetriableDatanodeEventWatcher.java:onTimeout(47)) - RetriableDatanodeCommand type=deleteBlocksCommand with id=1571407402681 timed out. Retrying.
2019-10-18 14:03:27,682 [pool-7-thread-1] INFO  commands.RetriableDatanodeEventWatcher (RetriableDatanodeEventWatcher.java:onTimeout(47)) - RetriableDatanodeCommand type=deleteBlocksCommand with id=1571407402683 timed out. Retrying.
2019-10-18 14:03:27,682 [pool-7-thread-3] INFO  commands.RetriableDatanodeEventWatcher (RetriableDatanodeEventWatcher.java:onTimeout(47)) - RetriableDatanodeCommand type=deleteBlocksCommand with id=1571407402680 timed out. Retrying.
2019-10-18 14:03:27,683 [pool-7-thread-3] INFO  commands.RetriableDatanodeEventWatcher (RetriableDatanodeEventWatcher.java:onTimeout(47)) - RetriableDatanodeCommand type=deleteBlocksCommand with id=1571407402677 timed out. Retrying.
2019-10-18 14:03:27,683 [pool-7-thread-1] INFO  commands.RetriableDatanodeEventWatcher (RetriableDatanodeEventWatcher.java:onTimeout(47)) - RetriableDatanodeCommand type=deleteBlocksCommand with id=1571407402682 timed out. Retrying.
2019-10-18 14:03:27,683 [SCMBlockDeletingService#0] INFO  block.SCMBlockDeletingService (SCMBlockDeletingService.java:call(184)) - Totally added 1 delete blocks command for 1 datanodes, task elapsed time: 1ms
2019-10-18 14:03:27,696 [Thread-659] INFO  impl.FollowerState (FollowerState.java:run(108)) - 0eccc4cb-77af-4c43-89bd-f01b83be0073@group-1C08CD4F7525-FollowerState: change to CANDIDATE, lastRpcTime:23ms, electionTimeout:23ms
2019-10-18 14:03:27,696 [Thread-659] INFO  impl.RoleInfo (RoleInfo.java:shutdownFollowerState(121)) - 0eccc4cb-77af-4c43-89bd-f01b83be0073: shutdown FollowerState
2019-10-18 14:03:27,696 [Thread-659] INFO  impl.RaftServerImpl (RaftServerImpl.java:setRole(184)) - 0eccc4cb-77af-4c43-89bd-f01b83be0073@group-1C08CD4F7525: changes role from  FOLLOWER to CANDIDATE at term 19 for changeToCandidate
2019-10-18 14:03:27,696 [Thread-659] INFO  impl.RoleInfo (RoleInfo.java:updateAndGet(143)) - 0eccc4cb-77af-4c43-89bd-f01b83be0073: start LeaderElection
2019-10-18 14:03:27,710 [0eccc4cb-77af-4c43-89bd-f01b83be0073@group-1C08CD4F7525-LeaderElection23] INFO  impl.LeaderElection (LeaderElection.java:askForVotes(178)) - 0eccc4cb-77af-4c43-89bd-f01b83be0073@group-1C08CD4F7525-LeaderElection23: begin an election at term 20 for 0: [967a5d84-883e-4fc5-aa88-430cc6c4b93a:192.168.69.124:45994, 524d4c73-bbaf-4142-9273-d20c5a8628b4:192.168.69.124:36511, 0eccc4cb-77af-4c43-89bd-f01b83be0073:192.168.69.124:38580], old=null
2019-10-18 14:03:27,713 [grpc-default-executor-5] INFO  impl.RaftServerImpl (RaftServerImpl.java:setRole(184)) - 524d4c73-bbaf-4142-9273-d20c5a8628b4@group-1C08CD4F7525: changes role from  FOLLOWER to FOLLOWER at term 20 for recognizeCandidate:0eccc4cb-77af-4c43-89bd-f01b83be0073
2019-10-18 14:03:27,713 [grpc-default-executor-4] INFO  impl.RaftServerImpl (RaftServerImpl.java:setRole(184)) - 967a5d84-883e-4fc5-aa88-430cc6c4b93a@group-1C08CD4F7525: changes role from  FOLLOWER to FOLLOWER at term 20 for recognizeCandidate:0eccc4cb-77af-4c43-89bd-f01b83be0073
2019-10-18 14:03:27,713 [grpc-default-executor-5] INFO  impl.RoleInfo (RoleInfo.java:shutdownFollowerState(121)) - 524d4c73-bbaf-4142-9273-d20c5a8628b4: shutdown FollowerState
2019-10-18 14:03:27,713 [grpc-default-executor-4] INFO  impl.RoleInfo (RoleInfo.java:shutdownFollowerState(121)) - 967a5d84-883e-4fc5-aa88-430cc6c4b93a: shutdown FollowerState
2019-10-18 14:03:27,713 [Thread-655] INFO  impl.FollowerState (FollowerState.java:run(117)) - 524d4c73-bbaf-4142-9273-d20c5a8628b4@group-1C08CD4F7525-FollowerState was interrupted: java.lang.InterruptedException: sleep interrupted
2019-10-18 14:03:27,713 [Thread-654] INFO  impl.FollowerState (FollowerState.java:run(117)) - 967a5d84-883e-4fc5-aa88-430cc6c4b93a@group-1C08CD4F7525-FollowerState was interrupted: java.lang.InterruptedException: sleep interrupted
2019-10-18 14:03:27,713 [grpc-default-executor-5] INFO  impl.RoleInfo (RoleInfo.java:updateAndGet(143)) - 524d4c73-bbaf-4142-9273-d20c5a8628b4: start FollowerState
2019-10-18 14:03:27,713 [grpc-default-executor-4] INFO  impl.RoleInfo (RoleInfo.java:updateAndGet(143)) - 967a5d84-883e-4fc5-aa88-430cc6c4b93a: start FollowerState
2019-10-18 14:03:27,728 [0eccc4cb-77af-4c43-89bd-f01b83be0073@group-1C08CD4F7525-LeaderElection23] INFO  impl.LeaderElection (LeaderElection.java:logAndReturn(56)) - 0eccc4cb-77af-4c43-89bd-f01b83be0073@group-1C08CD4F7525-LeaderElection23: Election REJECTED; received 2 response(s) [0eccc4cb-77af-4c43-89bd-f01b83be0073<-967a5d84-883e-4fc5-aa88-430cc6c4b93a#0:FAIL-t20, 0eccc4cb-77af-4c43-89bd-f01b83be0073<-524d4c73-bbaf-4142-9273-d20c5a8628b4#0:FAIL-t20] and 0 exception(s); 0eccc4cb-77af-4c43-89bd-f01b83be0073@group-1C08CD4F7525:t20, leader=null, voted=0eccc4cb-77af-4c43-89bd-f01b83be0073, raftlog=0eccc4cb-77af-4c43-89bd-f01b83be0073@group-1C08CD4F7525-SegmentedRaftLog:OPENED:c3,f4,i4, conf=0: [967a5d84-883e-4fc5-aa88-430cc6c4b93a:192.168.69.124:45994, 524d4c73-bbaf-4142-9273-d20c5a8628b4:192.168.69.124:36511, 0eccc4cb-77af-4c43-89bd-f01b83be0073:192.168.69.124:38580], old=null
2019-10-18 14:03:27,729 [0eccc4cb-77af-4c43-89bd-f01b83be0073@group-1C08CD4F7525-LeaderElection23] INFO  impl.RaftServerImpl (RaftServerImpl.java:setRole(184)) - 0eccc4cb-77af-4c43-89bd-f01b83be0073@group-1C08CD4F7525: changes role from CANDIDATE to FOLLOWER at term 20 for DISCOVERED_A_NEW_TERM
2019-10-18 14:03:27,729 [0eccc4cb-77af-4c43-89bd-f01b83be0073@group-1C08CD4F7525-LeaderElection23] INFO  impl.RoleInfo (RoleInfo.java:shutdownLeaderElection(134)) - 0eccc4cb-77af-4c43-89bd-f01b83be0073: shutdown LeaderElection
2019-10-18 14:03:27,729 [0eccc4cb-77af-4c43-89bd-f01b83be0073@group-1C08CD4F7525-LeaderElection23] INFO  impl.RoleInfo (RoleInfo.java:updateAndGet(143)) - 0eccc4cb-77af-4c43-89bd-f01b83be0073: start FollowerState
2019-10-18 14:03:27,840 [Thread-665] INFO  impl.FollowerState (FollowerState.java:run(108)) - 0eccc4cb-77af-4c43-89bd-f01b83be0073@group-1C08CD4F7525-FollowerState: change to CANDIDATE, lastRpcTime:111ms, electionTimeout:111ms
2019-10-18 14:03:27,840 [Thread-665] INFO  impl.RoleInfo (RoleInfo.java:shutdownFollowerState(121)) - 0eccc4cb-77af-4c43-89bd-f01b83be0073: shutdown FollowerState
2019-10-18 14:03:27,841 [Thread-665] INFO  impl.RaftServerImpl (RaftServerImpl.java:setRole(184)) - 0eccc4cb-77af-4c43-89bd-f01b83be0073@group-1C08CD4F7525: changes role from  FOLLOWER to CANDIDATE at term 20 for changeToCandidate
2019-10-18 14:03:27,841 [Thread-665] INFO  impl.RoleInfo (RoleInfo.java:updateAndGet(143)) - 0eccc4cb-77af-4c43-89bd-f01b83be0073: start LeaderElection
2019-10-18 14:03:27,867 [0eccc4cb-77af-4c43-89bd-f01b83be0073@group-1C08CD4F7525-LeaderElection24] INFO  impl.LeaderElection (LeaderElection.java:askForVotes(178)) - 0eccc4cb-77af-4c43-89bd-f01b83be0073@group-1C08CD4F7525-LeaderElection24: begin an election at term 21 for 0: [967a5d84-883e-4fc5-aa88-430cc6c4b93a:192.168.69.124:45994, 524d4c73-bbaf-4142-9273-d20c5a8628b4:192.168.69.124:36511, 0eccc4cb-77af-4c43-89bd-f01b83be0073:192.168.69.124:38580], old=null
2019-10-18 14:03:27,870 [grpc-default-executor-4] INFO  impl.RaftServerImpl (RaftServerImpl.java:setRole(184)) - 524d4c73-bbaf-4142-9273-d20c5a8628b4@group-1C08CD4F7525: changes role from  FOLLOWER to FOLLOWER at term 21 for recognizeCandidate:0eccc4cb-77af-4c43-89bd-f01b83be0073
2019-10-18 14:03:27,870 [grpc-default-executor-5] INFO  impl.RaftServerImpl (RaftServerImpl.java:setRole(184)) - 967a5d84-883e-4fc5-aa88-430cc6c4b93a@group-1C08CD4F7525: changes role from  FOLLOWER to FOLLOWER at term 21 for recognizeCandidate:0eccc4cb-77af-4c43-89bd-f01b83be0073
2019-10-18 14:03:27,870 [grpc-default-executor-4] INFO  impl.RoleInfo (RoleInfo.java:shutdownFollowerState(121)) - 524d4c73-bbaf-4142-9273-d20c5a8628b4: shutdown FollowerState
2019-10-18 14:03:27,870 [grpc-default-executor-5] INFO  impl.RoleInfo (RoleInfo.java:shutdownFollowerState(121)) - 967a5d84-883e-4fc5-aa88-430cc6c4b93a: shutdown FollowerState
2019-10-18 14:03:27,871 [grpc-default-executor-4] INFO  impl.RoleInfo (RoleInfo.java:updateAndGet(143)) - 524d4c73-bbaf-4142-9273-d20c5a8628b4: start FollowerState
2019-10-18 14:03:27,871 [Thread-664] INFO  impl.FollowerState (FollowerState.java:run(117)) - 967a5d84-883e-4fc5-aa88-430cc6c4b93a@group-1C08CD4F7525-FollowerState was interrupted: java.lang.InterruptedException: sleep interrupted
2019-10-18 14:03:27,871 [grpc-default-executor-5] INFO  impl.RoleInfo (RoleInfo.java:updateAndGet(143)) - 967a5d84-883e-4fc5-aa88-430cc6c4b93a: start FollowerState
2019-10-18 14:03:27,871 [Thread-663] INFO  impl.FollowerState (FollowerState.java:run(117)) - 524d4c73-bbaf-4142-9273-d20c5a8628b4@group-1C08CD4F7525-FollowerState was interrupted: java.lang.InterruptedException: sleep interrupted
2019-10-18 14:03:27,875 [0eccc4cb-77af-4c43-89bd-f01b83be0073@group-1C08CD4F7525-LeaderElection24] INFO  impl.LeaderElection (LeaderElection.java:logAndReturn(56)) - 0eccc4cb-77af-4c43-89bd-f01b83be0073@group-1C08CD4F7525-LeaderElection24: Election TIMEOUT; received 0 response(s) [] and 0 exception(s); 0eccc4cb-77af-4c43-89bd-f01b83be0073@group-1C08CD4F7525:t21, leader=null, voted=0eccc4cb-77af-4c43-89bd-f01b83be0073, raftlog=0eccc4cb-77af-4c43-89bd-f01b83be0073@group-1C08CD4F7525-SegmentedRaftLog:OPENED:c3,f4,i4, conf=0: [967a5d84-883e-4fc5-aa88-430cc6c4b93a:192.168.69.124:45994, 524d4c73-bbaf-4142-9273-d20c5a8628b4:192.168.69.124:36511, 0eccc4cb-77af-4c43-89bd-f01b83be0073:192.168.69.124:38580], old=null
2019-10-18 14:03:27,885 [0eccc4cb-77af-4c43-89bd-f01b83be0073@group-1C08CD4F7525-LeaderElection24] INFO  impl.LeaderElection (LeaderElection.java:askForVotes(178)) - 0eccc4cb-77af-4c43-89bd-f01b83be0073@group-1C08CD4F7525-LeaderElection24: begin an election at term 22 for 0: [967a5d84-883e-4fc5-aa88-430cc6c4b93a:192.168.69.124:45994, 524d4c73-bbaf-4142-9273-d20c5a8628b4:192.168.69.124:36511, 0eccc4cb-77af-4c43-89bd-f01b83be0073:192.168.69.124:38580], old=null
2019-10-18 14:03:27,888 [grpc-default-executor-5] INFO  impl.RaftServerImpl (RaftServerImpl.java:setRole(184)) - 967a5d84-883e-4fc5-aa88-430cc6c4b93a@group-1C08CD4F7525: changes role from  FOLLOWER to FOLLOWER at term 22 for recognizeCandidate:0eccc4cb-77af-4c43-89bd-f01b83be0073
2019-10-18 14:03:27,888 [grpc-default-executor-5] INFO  impl.RoleInfo (RoleInfo.java:shutdownFollowerState(121)) - 967a5d84-883e-4fc5-aa88-430cc6c4b93a: shutdown FollowerState
2019-10-18 14:03:27,888 [Thread-670] INFO  impl.FollowerState (FollowerState.java:run(117)) - 967a5d84-883e-4fc5-aa88-430cc6c4b93a@group-1C08CD4F7525-FollowerState was interrupted: java.lang.InterruptedException: sleep interrupted
2019-10-18 14:03:27,888 [grpc-default-executor-5] INFO  impl.RoleInfo (RoleInfo.java:updateAndGet(143)) - 967a5d84-883e-4fc5-aa88-430cc6c4b93a: start FollowerState
2019-10-18 14:03:27,888 [grpc-default-executor-4] INFO  impl.RaftServerImpl (RaftServerImpl.java:setRole(184)) - 524d4c73-bbaf-4142-9273-d20c5a8628b4@group-1C08CD4F7525: changes role from  FOLLOWER to FOLLOWER at term 22 for recognizeCandidate:0eccc4cb-77af-4c43-89bd-f01b83be0073
2019-10-18 14:03:27,889 [grpc-default-executor-4] INFO  impl.RoleInfo (RoleInfo.java:shutdownFollowerState(121)) - 524d4c73-bbaf-4142-9273-d20c5a8628b4: shutdown FollowerState
2019-10-18 14:03:27,889 [grpc-default-executor-4] INFO  impl.RoleInfo (RoleInfo.java:updateAndGet(143)) - 524d4c73-bbaf-4142-9273-d20c5a8628b4: start FollowerState
2019-10-18 14:03:27,889 [Thread-669] INFO  impl.FollowerState (FollowerState.java:run(117)) - 524d4c73-bbaf-4142-9273-d20c5a8628b4@group-1C08CD4F7525-FollowerState was interrupted: java.lang.InterruptedException: sleep interrupted
2019-10-18 14:03:27,903 [0eccc4cb-77af-4c43-89bd-f01b83be0073@group-1C08CD4F7525-LeaderElection24] INFO  impl.LeaderElection (LeaderElection.java:logAndReturn(56)) - 0eccc4cb-77af-4c43-89bd-f01b83be0073@group-1C08CD4F7525-LeaderElection24: Election REJECTED; received 2 response(s) [0eccc4cb-77af-4c43-89bd-f01b83be0073<-967a5d84-883e-4fc5-aa88-430cc6c4b93a#0:FAIL-t22, 0eccc4cb-77af-4c43-89bd-f01b83be0073<-524d4c73-bbaf-4142-9273-d20c5a8628b4#0:FAIL-t22] and 0 exception(s); 0eccc4cb-77af-4c43-89bd-f01b83be0073@group-1C08CD4F7525:t22, leader=null, voted=0eccc4cb-77af-4c43-89bd-f01b83be0073, raftlog=0eccc4cb-77af-4c43-89bd-f01b83be0073@group-1C08CD4F7525-SegmentedRaftLog:OPENED:c3,f4,i4, conf=0: [967a5d84-883e-4fc5-aa88-430cc6c4b93a:192.168.69.124:45994, 524d4c73-bbaf-4142-9273-d20c5a8628b4:192.168.69.124:36511, 0eccc4cb-77af-4c43-89bd-f01b83be0073:192.168.69.124:38580], old=null
2019-10-18 14:03:27,903 [0eccc4cb-77af-4c43-89bd-f01b83be0073@group-1C08CD4F7525-LeaderElection24] INFO  impl.RaftServerImpl (RaftServerImpl.java:setRole(184)) - 0eccc4cb-77af-4c43-89bd-f01b83be0073@group-1C08CD4F7525: changes role from CANDIDATE to FOLLOWER at term 22 for DISCOVERED_A_NEW_TERM
2019-10-18 14:03:27,903 [0eccc4cb-77af-4c43-89bd-f01b83be0073@group-1C08CD4F7525-LeaderElection24] INFO  impl.RoleInfo (RoleInfo.java:shutdownLeaderElection(134)) - 0eccc4cb-77af-4c43-89bd-f01b83be0073: shutdown LeaderElection
2019-10-18 14:03:27,903 [0eccc4cb-77af-4c43-89bd-f01b83be0073@group-1C08CD4F7525-LeaderElection24] INFO  impl.RoleInfo (RoleInfo.java:updateAndGet(143)) - 0eccc4cb-77af-4c43-89bd-f01b83be0073: start FollowerState
2019-10-18 14:03:28,075 [Thread-675] INFO  impl.FollowerState (FollowerState.java:run(108)) - 0eccc4cb-77af-4c43-89bd-f01b83be0073@group-1C08CD4F7525-FollowerState: change to CANDIDATE, lastRpcTime:171ms, electionTimeout:171ms
2019-10-18 14:03:28,075 [Thread-675] INFO  impl.RoleInfo (RoleInfo.java:shutdownFollowerState(121)) - 0eccc4cb-77af-4c43-89bd-f01b83be0073: shutdown FollowerState
2019-10-18 14:03:28,075 [Thread-675] INFO  impl.RaftServerImpl (RaftServerImpl.java:setRole(184)) - 0eccc4cb-77af-4c43-89bd-f01b83be0073@group-1C08CD4F7525: changes role from  FOLLOWER to CANDIDATE at term 22 for changeToCandidate
2019-10-18 14:03:28,075 [Thread-675] INFO  impl.RoleInfo (RoleInfo.java:updateAndGet(143)) - 0eccc4cb-77af-4c43-89bd-f01b83be0073: start LeaderElection
2019-10-18 14:03:28,088 [BlockDeletingService#2] WARN  background.BlockDeletingService (BlockDeletingService.java:isDeletionAllowed(187)) - Close Container log Index 6 is not replicated across allthe servers in the pipeline 08f27b3d-1876-4e46-af5a-1c08cd4f7525 as the min replicated index is 4. Deletion is not allowed in this container yet.
2019-10-18 14:03:28,088 [BlockDeletingService#0] WARN  background.BlockDeletingService (BlockDeletingService.java:isDeletionAllowed(187)) - Close Container log Index 6 is not replicated across allthe servers in the pipeline 08f27b3d-1876-4e46-af5a-1c08cd4f7525 as the min replicated index is 4. Deletion is not allowed in this container yet.
2019-10-18 14:03:28,089 [0eccc4cb-77af-4c43-89bd-f01b83be0073@group-1C08CD4F7525-LeaderElection25] INFO  impl.LeaderElection (LeaderElection.java:askForVotes(178)) - 0eccc4cb-77af-4c43-89bd-f01b83be0073@group-1C08CD4F7525-LeaderElection25: begin an election at term 23 for 0: [967a5d84-883e-4fc5-aa88-430cc6c4b93a:192.168.69.124:45994, 524d4c73-bbaf-4142-9273-d20c5a8628b4:192.168.69.124:36511, 0eccc4cb-77af-4c43-89bd-f01b83be0073:192.168.69.124:38580], old=null
2019-10-18 14:03:28,092 [grpc-default-executor-4] INFO  impl.RaftServerImpl (RaftServerImpl.java:setRole(184)) - 967a5d84-883e-4fc5-aa88-430cc6c4b93a@group-1C08CD4F7525: changes role from  FOLLOWER to FOLLOWER at term 23 for recognizeCandidate:0eccc4cb-77af-4c43-89bd-f01b83be0073
2019-10-18 14:03:28,092 [grpc-default-executor-5] INFO  impl.RaftServerImpl (RaftServerImpl.java:setRole(184)) - 524d4c73-bbaf-4142-9273-d20c5a8628b4@group-1C08CD4F7525: changes role from  FOLLOWER to FOLLOWER at term 23 for recognizeCandidate:0eccc4cb-77af-4c43-89bd-f01b83be0073
2019-10-18 14:03:28,092 [grpc-default-executor-4] INFO  impl.RoleInfo (RoleInfo.java:shutdownFollowerState(121)) - 967a5d84-883e-4fc5-aa88-430cc6c4b93a: shutdown FollowerState
2019-10-18 14:03:28,092 [grpc-default-executor-5] INFO  impl.RoleInfo (RoleInfo.java:shutdownFollowerState(121)) - 524d4c73-bbaf-4142-9273-d20c5a8628b4: shutdown FollowerState
2019-10-18 14:03:28,093 [Thread-673] INFO  impl.FollowerState (FollowerState.java:run(117)) - 967a5d84-883e-4fc5-aa88-430cc6c4b93a@group-1C08CD4F7525-FollowerState was interrupted: java.lang.InterruptedException: sleep interrupted
2019-10-18 14:03:28,093 [grpc-default-executor-4] INFO  impl.RoleInfo (RoleInfo.java:updateAndGet(143)) - 967a5d84-883e-4fc5-aa88-430cc6c4b93a: start FollowerState
2019-10-18 14:03:28,093 [grpc-default-executor-5] INFO  impl.RoleInfo (RoleInfo.java:updateAndGet(143)) - 524d4c73-bbaf-4142-9273-d20c5a8628b4: start FollowerState
2019-10-18 14:03:28,093 [Thread-674] INFO  impl.FollowerState (FollowerState.java:run(117)) - 524d4c73-bbaf-4142-9273-d20c5a8628b4@group-1C08CD4F7525-FollowerState was interrupted: java.lang.InterruptedException: sleep interrupted
2019-10-18 14:03:28,107 [0eccc4cb-77af-4c43-89bd-f01b83be0073@group-1C08CD4F7525-LeaderElection25] INFO  impl.LeaderElection (LeaderElection.java:logAndReturn(56)) - 0eccc4cb-77af-4c43-89bd-f01b83be0073@group-1C08CD4F7525-LeaderElection25: Election REJECTED; received 2 response(s) [0eccc4cb-77af-4c43-89bd-f01b83be0073<-967a5d84-883e-4fc5-aa88-430cc6c4b93a#0:FAIL-t23, 0eccc4cb-77af-4c43-89bd-f01b83be0073<-524d4c73-bbaf-4142-9273-d20c5a8628b4#0:FAIL-t23] and 0 exception(s); 0eccc4cb-77af-4c43-89bd-f01b83be0073@group-1C08CD4F7525:t23, leader=null, voted=0eccc4cb-77af-4c43-89bd-f01b83be0073, raftlog=0eccc4cb-77af-4c43-89bd-f01b83be0073@group-1C08CD4F7525-SegmentedRaftLog:OPENED:c3,f4,i4, conf=0: [967a5d84-883e-4fc5-aa88-430cc6c4b93a:192.168.69.124:45994, 524d4c73-bbaf-4142-9273-d20c5a8628b4:192.168.69.124:36511, 0eccc4cb-77af-4c43-89bd-f01b83be0073:192.168.69.124:38580], old=null
2019-10-18 14:03:28,107 [0eccc4cb-77af-4c43-89bd-f01b83be0073@group-1C08CD4F7525-LeaderElection25] INFO  impl.RaftServerImpl (RaftServerImpl.java:setRole(184)) - 0eccc4cb-77af-4c43-89bd-f01b83be0073@group-1C08CD4F7525: changes role from CANDIDATE to FOLLOWER at term 23 for DISCOVERED_A_NEW_TERM
2019-10-18 14:03:28,107 [0eccc4cb-77af-4c43-89bd-f01b83be0073@group-1C08CD4F7525-LeaderElection25] INFO  impl.RoleInfo (RoleInfo.java:shutdownLeaderElection(134)) - 0eccc4cb-77af-4c43-89bd-f01b83be0073: shutdown LeaderElection
2019-10-18 14:03:28,107 [0eccc4cb-77af-4c43-89bd-f01b83be0073@group-1C08CD4F7525-LeaderElection25] INFO  impl.RoleInfo (RoleInfo.java:updateAndGet(143)) - 0eccc4cb-77af-4c43-89bd-f01b83be0073: start FollowerState
2019-10-18 14:03:28,265 [Thread-683] INFO  impl.FollowerState (FollowerState.java:run(108)) - 0eccc4cb-77af-4c43-89bd-f01b83be0073@group-1C08CD4F7525-FollowerState: change to CANDIDATE, lastRpcTime:158ms, electionTimeout:158ms
2019-10-18 14:03:28,266 [Thread-683] INFO  impl.RoleInfo (RoleInfo.java:shutdownFollowerState(121)) - 0eccc4cb-77af-4c43-89bd-f01b83be0073: shutdown FollowerState
2019-10-18 14:03:28,266 [Thread-683] INFO  impl.RaftServerImpl (RaftServerImpl.java:setRole(184)) - 0eccc4cb-77af-4c43-89bd-f01b83be0073@group-1C08CD4F7525: changes role from  FOLLOWER to CANDIDATE at term 23 for changeToCandidate
2019-10-18 14:03:28,266 [Thread-683] INFO  impl.RoleInfo (RoleInfo.java:updateAndGet(143)) - 0eccc4cb-77af-4c43-89bd-f01b83be0073: start LeaderElection
2019-10-18 14:03:28,280 [0eccc4cb-77af-4c43-89bd-f01b83be0073@group-1C08CD4F7525-LeaderElection26] INFO  impl.LeaderElection (LeaderElection.java:askForVotes(178)) - 0eccc4cb-77af-4c43-89bd-f01b83be0073@group-1C08CD4F7525-LeaderElection26: begin an election at term 24 for 0: [967a5d84-883e-4fc5-aa88-430cc6c4b93a:192.168.69.124:45994, 524d4c73-bbaf-4142-9273-d20c5a8628b4:192.168.69.124:36511, 0eccc4cb-77af-4c43-89bd-f01b83be0073:192.168.69.124:38580], old=null
2019-10-18 14:03:28,283 [grpc-default-executor-5] INFO  impl.RaftServerImpl (RaftServerImpl.java:setRole(184)) - 967a5d84-883e-4fc5-aa88-430cc6c4b93a@group-1C08CD4F7525: changes role from  FOLLOWER to FOLLOWER at term 24 for recognizeCandidate:0eccc4cb-77af-4c43-89bd-f01b83be0073
2019-10-18 14:03:28,283 [grpc-default-executor-4] INFO  impl.RaftServerImpl (RaftServerImpl.java:setRole(184)) - 524d4c73-bbaf-4142-9273-d20c5a8628b4@group-1C08CD4F7525: changes role from  FOLLOWER to FOLLOWER at term 24 for recognizeCandidate:0eccc4cb-77af-4c43-89bd-f01b83be0073
2019-10-18 14:03:28,283 [grpc-default-executor-5] INFO  impl.RoleInfo (RoleInfo.java:shutdownFollowerState(121)) - 967a5d84-883e-4fc5-aa88-430cc6c4b93a: shutdown FollowerState
2019-10-18 14:03:28,283 [grpc-default-executor-4] INFO  impl.RoleInfo (RoleInfo.java:shutdownFollowerState(121)) - 524d4c73-bbaf-4142-9273-d20c5a8628b4: shutdown FollowerState
2019-10-18 14:03:28,283 [Thread-681] INFO  impl.FollowerState (FollowerState.java:run(117)) - 967a5d84-883e-4fc5-aa88-430cc6c4b93a@group-1C08CD4F7525-FollowerState was interrupted: java.lang.InterruptedException: sleep interrupted
2019-10-18 14:03:28,283 [grpc-default-executor-5] INFO  impl.RoleInfo (RoleInfo.java:updateAndGet(143)) - 967a5d84-883e-4fc5-aa88-430cc6c4b93a: start FollowerState
2019-10-18 14:03:28,283 [Thread-682] INFO  impl.FollowerState (FollowerState.java:run(117)) - 524d4c73-bbaf-4142-9273-d20c5a8628b4@group-1C08CD4F7525-FollowerState was interrupted: java.lang.InterruptedException: sleep interrupted
2019-10-18 14:03:28,283 [grpc-default-executor-4] INFO  impl.RoleInfo (RoleInfo.java:updateAndGet(143)) - 524d4c73-bbaf-4142-9273-d20c5a8628b4: start FollowerState
2019-10-18 14:03:28,299 [0eccc4cb-77af-4c43-89bd-f01b83be0073@group-1C08CD4F7525-LeaderElection26] INFO  impl.LeaderElection (LeaderElection.java:logAndReturn(56)) - 0eccc4cb-77af-4c43-89bd-f01b83be0073@group-1C08CD4F7525-LeaderElection26: Election REJECTED; received 2 response(s) [0eccc4cb-77af-4c43-89bd-f01b83be0073<-967a5d84-883e-4fc5-aa88-430cc6c4b93a#0:FAIL-t24, 0eccc4cb-77af-4c43-89bd-f01b83be0073<-524d4c73-bbaf-4142-9273-d20c5a8628b4#0:FAIL-t24] and 0 exception(s); 0eccc4cb-77af-4c43-89bd-f01b83be0073@group-1C08CD4F7525:t24, leader=null, voted=0eccc4cb-77af-4c43-89bd-f01b83be0073, raftlog=0eccc4cb-77af-4c43-89bd-f01b83be0073@group-1C08CD4F7525-SegmentedRaftLog:OPENED:c3,f4,i4, conf=0: [967a5d84-883e-4fc5-aa88-430cc6c4b93a:192.168.69.124:45994, 524d4c73-bbaf-4142-9273-d20c5a8628b4:192.168.69.124:36511, 0eccc4cb-77af-4c43-89bd-f01b83be0073:192.168.69.124:38580], old=null
2019-10-18 14:03:28,299 [0eccc4cb-77af-4c43-89bd-f01b83be0073@group-1C08CD4F7525-LeaderElection26] INFO  impl.RaftServerImpl (RaftServerImpl.java:setRole(184)) - 0eccc4cb-77af-4c43-89bd-f01b83be0073@group-1C08CD4F7525: changes role from CANDIDATE to FOLLOWER at term 24 for DISCOVERED_A_NEW_TERM
2019-10-18 14:03:28,299 [0eccc4cb-77af-4c43-89bd-f01b83be0073@group-1C08CD4F7525-LeaderElection26] INFO  impl.RoleInfo (RoleInfo.java:shutdownLeaderElection(134)) - 0eccc4cb-77af-4c43-89bd-f01b83be0073: shutdown LeaderElection
2019-10-18 14:03:28,299 [0eccc4cb-77af-4c43-89bd-f01b83be0073@group-1C08CD4F7525-LeaderElection26] INFO  impl.RoleInfo (RoleInfo.java:updateAndGet(143)) - 0eccc4cb-77af-4c43-89bd-f01b83be0073: start FollowerState
2019-10-18 14:03:28,340 [Thread-689] INFO  impl.FollowerState (FollowerState.java:run(108)) - 0eccc4cb-77af-4c43-89bd-f01b83be0073@group-1C08CD4F7525-FollowerState: change to CANDIDATE, lastRpcTime:40ms, electionTimeout:40ms
2019-10-18 14:03:28,340 [Thread-689] INFO  impl.RoleInfo (RoleInfo.java:shutdownFollowerState(121)) - 0eccc4cb-77af-4c43-89bd-f01b83be0073: shutdown FollowerState
2019-10-18 14:03:28,340 [Thread-689] INFO  impl.RaftServerImpl (RaftServerImpl.java:setRole(184)) - 0eccc4cb-77af-4c43-89bd-f01b83be0073@group-1C08CD4F7525: changes role from  FOLLOWER to CANDIDATE at term 24 for changeToCandidate
2019-10-18 14:03:28,340 [Thread-689] INFO  impl.RoleInfo (RoleInfo.java:updateAndGet(143)) - 0eccc4cb-77af-4c43-89bd-f01b83be0073: start LeaderElection
2019-10-18 14:03:28,354 [0eccc4cb-77af-4c43-89bd-f01b83be0073@group-1C08CD4F7525-LeaderElection27] INFO  impl.LeaderElection (LeaderElection.java:askForVotes(178)) - 0eccc4cb-77af-4c43-89bd-f01b83be0073@group-1C08CD4F7525-LeaderElection27: begin an election at term 25 for 0: [967a5d84-883e-4fc5-aa88-430cc6c4b93a:192.168.69.124:45994, 524d4c73-bbaf-4142-9273-d20c5a8628b4:192.168.69.124:36511, 0eccc4cb-77af-4c43-89bd-f01b83be0073:192.168.69.124:38580], old=null
2019-10-18 14:03:28,357 [grpc-default-executor-4] INFO  impl.RaftServerImpl (RaftServerImpl.java:setRole(184)) - 524d4c73-bbaf-4142-9273-d20c5a8628b4@group-1C08CD4F7525: changes role from  FOLLOWER to FOLLOWER at term 25 for recognizeCandidate:0eccc4cb-77af-4c43-89bd-f01b83be0073
2019-10-18 14:03:28,357 [grpc-default-executor-5] INFO  impl.RaftServerImpl (RaftServerImpl.java:setRole(184)) - 967a5d84-883e-4fc5-aa88-430cc6c4b93a@group-1C08CD4F7525: changes role from  FOLLOWER to FOLLOWER at term 25 for recognizeCandidate:0eccc4cb-77af-4c43-89bd-f01b83be0073
2019-10-18 14:03:28,357 [grpc-default-executor-4] INFO  impl.RoleInfo (RoleInfo.java:shutdownFollowerState(121)) - 524d4c73-bbaf-4142-9273-d20c5a8628b4: shutdown FollowerState
2019-10-18 14:03:28,357 [grpc-default-executor-5] INFO  impl.RoleInfo (RoleInfo.java:shutdownFollowerState(121)) - 967a5d84-883e-4fc5-aa88-430cc6c4b93a: shutdown FollowerState
2019-10-18 14:03:28,358 [grpc-default-executor-4] INFO  impl.RoleInfo (RoleInfo.java:updateAndGet(143)) - 524d4c73-bbaf-4142-9273-d20c5a8628b4: start FollowerState
2019-10-18 14:03:28,358 [Thread-687] INFO  impl.FollowerState (FollowerState.java:run(117)) - 967a5d84-883e-4fc5-aa88-430cc6c4b93a@group-1C08CD4F7525-FollowerState was interrupted: java.lang.InterruptedException: sleep interrupted
2019-10-18 14:03:28,358 [grpc-default-executor-5] INFO  impl.RoleInfo (RoleInfo.java:updateAndGet(143)) - 967a5d84-883e-4fc5-aa88-430cc6c4b93a: start FollowerState
2019-10-18 14:03:28,358 [Thread-688] INFO  impl.FollowerState (FollowerState.java:run(117)) - 524d4c73-bbaf-4142-9273-d20c5a8628b4@group-1C08CD4F7525-FollowerState was interrupted: java.lang.InterruptedException: sleep interrupted
2019-10-18 14:03:28,373 [0eccc4cb-77af-4c43-89bd-f01b83be0073@group-1C08CD4F7525-LeaderElection27] INFO  impl.LeaderElection (LeaderElection.java:logAndReturn(56)) - 0eccc4cb-77af-4c43-89bd-f01b83be0073@group-1C08CD4F7525-LeaderElection27: Election REJECTED; received 2 response(s) [0eccc4cb-77af-4c43-89bd-f01b83be0073<-967a5d84-883e-4fc5-aa88-430cc6c4b93a#0:FAIL-t25, 0eccc4cb-77af-4c43-89bd-f01b83be0073<-524d4c73-bbaf-4142-9273-d20c5a8628b4#0:FAIL-t25] and 0 exception(s); 0eccc4cb-77af-4c43-89bd-f01b83be0073@group-1C08CD4F7525:t25, leader=null, voted=0eccc4cb-77af-4c43-89bd-f01b83be0073, raftlog=0eccc4cb-77af-4c43-89bd-f01b83be0073@group-1C08CD4F7525-SegmentedRaftLog:OPENED:c3,f4,i4, conf=0: [967a5d84-883e-4fc5-aa88-430cc6c4b93a:192.168.69.124:45994, 524d4c73-bbaf-4142-9273-d20c5a8628b4:192.168.69.124:36511, 0eccc4cb-77af-4c43-89bd-f01b83be0073:192.168.69.124:38580], old=null
2019-10-18 14:03:28,374 [0eccc4cb-77af-4c43-89bd-f01b83be0073@group-1C08CD4F7525-LeaderElection27] INFO  impl.RaftServerImpl (RaftServerImpl.java:setRole(184)) - 0eccc4cb-77af-4c43-89bd-f01b83be0073@group-1C08CD4F7525: changes role from CANDIDATE to FOLLOWER at term 25 for DISCOVERED_A_NEW_TERM
2019-10-18 14:03:28,374 [0eccc4cb-77af-4c43-89bd-f01b83be0073@group-1C08CD4F7525-LeaderElection27] INFO  impl.RoleInfo (RoleInfo.java:shutdownLeaderElection(134)) - 0eccc4cb-77af-4c43-89bd-f01b83be0073: shutdown LeaderElection
2019-10-18 14:03:28,374 [0eccc4cb-77af-4c43-89bd-f01b83be0073@group-1C08CD4F7525-LeaderElection27] INFO  impl.RoleInfo (RoleInfo.java:updateAndGet(143)) - 0eccc4cb-77af-4c43-89bd-f01b83be0073: start FollowerState
2019-10-18 14:03:28,482 [Thread-695] INFO  impl.FollowerState (FollowerState.java:run(108)) - 0eccc4cb-77af-4c43-89bd-f01b83be0073@group-1C08CD4F7525-FollowerState: change to CANDIDATE, lastRpcTime:107ms, electionTimeout:107ms
2019-10-18 14:03:28,482 [Thread-695] INFO  impl.RoleInfo (RoleInfo.java:shutdownFollowerState(121)) - 0eccc4cb-77af-4c43-89bd-f01b83be0073: shutdown FollowerState
2019-10-18 14:03:28,482 [Thread-695] INFO  impl.RaftServerImpl (RaftServerImpl.java:setRole(184)) - 0eccc4cb-77af-4c43-89bd-f01b83be0073@group-1C08CD4F7525: changes role from  FOLLOWER to CANDIDATE at term 25 for changeToCandidate
2019-10-18 14:03:28,482 [Thread-695] INFO  impl.RoleInfo (RoleInfo.java:updateAndGet(143)) - 0eccc4cb-77af-4c43-89bd-f01b83be0073: start LeaderElection
2019-10-18 14:03:28,608 [0eccc4cb-77af-4c43-89bd-f01b83be0073@group-1C08CD4F7525-LeaderElection28] INFO  impl.LeaderElection (LeaderElection.java:askForVotes(178)) - 0eccc4cb-77af-4c43-89bd-f01b83be0073@group-1C08CD4F7525-LeaderElection28: begin an election at term 26 for 0: [967a5d84-883e-4fc5-aa88-430cc6c4b93a:192.168.69.124:45994, 524d4c73-bbaf-4142-9273-d20c5a8628b4:192.168.69.124:36511, 0eccc4cb-77af-4c43-89bd-f01b83be0073:192.168.69.124:38580], old=null
2019-10-18 14:03:28,611 [grpc-default-executor-5] INFO  impl.RaftServerImpl (RaftServerImpl.java:setRole(184)) - 524d4c73-bbaf-4142-9273-d20c5a8628b4@group-1C08CD4F7525: changes role from  FOLLOWER to FOLLOWER at term 26 for recognizeCandidate:0eccc4cb-77af-4c43-89bd-f01b83be0073
2019-10-18 14:03:28,611 [grpc-default-executor-4] INFO  impl.RaftServerImpl (RaftServerImpl.java:setRole(184)) - 967a5d84-883e-4fc5-aa88-430cc6c4b93a@group-1C08CD4F7525: changes role from  FOLLOWER to FOLLOWER at term 26 for recognizeCandidate:0eccc4cb-77af-4c43-89bd-f01b83be0073
2019-10-18 14:03:28,612 [grpc-default-executor-5] INFO  impl.RoleInfo (RoleInfo.java:shutdownFollowerState(121)) - 524d4c73-bbaf-4142-9273-d20c5a8628b4: shutdown FollowerState
2019-10-18 14:03:28,612 [grpc-default-executor-4] INFO  impl.RoleInfo (RoleInfo.java:shutdownFollowerState(121)) - 967a5d84-883e-4fc5-aa88-430cc6c4b93a: shutdown FollowerState
2019-10-18 14:03:28,612 [Thread-693] INFO  impl.FollowerState (FollowerState.java:run(117)) - 524d4c73-bbaf-4142-9273-d20c5a8628b4@group-1C08CD4F7525-FollowerState was interrupted: java.lang.InterruptedException: sleep interrupted
2019-10-18 14:03:28,612 [Thread-694] INFO  impl.FollowerState (FollowerState.java:run(117)) - 967a5d84-883e-4fc5-aa88-430cc6c4b93a@group-1C08CD4F7525-FollowerState was interrupted: java.lang.InterruptedException: sleep interrupted
2019-10-18 14:03:28,612 [grpc-default-executor-4] INFO  impl.RoleInfo (RoleInfo.java:updateAndGet(143)) - 967a5d84-883e-4fc5-aa88-430cc6c4b93a: start FollowerState
2019-10-18 14:03:28,612 [grpc-default-executor-5] INFO  impl.RoleInfo (RoleInfo.java:updateAndGet(143)) - 524d4c73-bbaf-4142-9273-d20c5a8628b4: start FollowerState
2019-10-18 14:03:28,640 [0eccc4cb-77af-4c43-89bd-f01b83be0073@group-1C08CD4F7525-LeaderElection28] INFO  impl.LeaderElection (LeaderElection.java:logAndReturn(56)) - 0eccc4cb-77af-4c43-89bd-f01b83be0073@group-1C08CD4F7525-LeaderElection28: Election TIMEOUT; received 0 response(s) [] and 0 exception(s); 0eccc4cb-77af-4c43-89bd-f01b83be0073@group-1C08CD4F7525:t26, leader=null, voted=0eccc4cb-77af-4c43-89bd-f01b83be0073, raftlog=0eccc4cb-77af-4c43-89bd-f01b83be0073@group-1C08CD4F7525-SegmentedRaftLog:OPENED:c3,f4,i4, conf=0: [967a5d84-883e-4fc5-aa88-430cc6c4b93a:192.168.69.124:45994, 524d4c73-bbaf-4142-9273-d20c5a8628b4:192.168.69.124:36511, 0eccc4cb-77af-4c43-89bd-f01b83be0073:192.168.69.124:38580], old=null
2019-10-18 14:03:28,659 [0eccc4cb-77af-4c43-89bd-f01b83be0073@group-1C08CD4F7525-LeaderElection28] INFO  impl.LeaderElection (LeaderElection.java:askForVotes(178)) - 0eccc4cb-77af-4c43-89bd-f01b83be0073@group-1C08CD4F7525-LeaderElection28: begin an election at term 27 for 0: [967a5d84-883e-4fc5-aa88-430cc6c4b93a:192.168.69.124:45994, 524d4c73-bbaf-4142-9273-d20c5a8628b4:192.168.69.124:36511, 0eccc4cb-77af-4c43-89bd-f01b83be0073:192.168.69.124:38580], old=null
2019-10-18 14:03:28,662 [grpc-default-executor-4] INFO  impl.RaftServerImpl (RaftServerImpl.java:setRole(184)) - 967a5d84-883e-4fc5-aa88-430cc6c4b93a@group-1C08CD4F7525: changes role from  FOLLOWER to FOLLOWER at term 27 for recognizeCandidate:0eccc4cb-77af-4c43-89bd-f01b83be0073
2019-10-18 14:03:28,662 [grpc-default-executor-4] INFO  impl.RoleInfo (RoleInfo.java:shutdownFollowerState(121)) - 967a5d84-883e-4fc5-aa88-430cc6c4b93a: shutdown FollowerState
2019-10-18 14:03:28,662 [grpc-default-executor-5] INFO  impl.RaftServerImpl (RaftServerImpl.java:setRole(184)) - 524d4c73-bbaf-4142-9273-d20c5a8628b4@group-1C08CD4F7525: changes role from  FOLLOWER to FOLLOWER at term 27 for recognizeCandidate:0eccc4cb-77af-4c43-89bd-f01b83be0073
2019-10-18 14:03:28,662 [Thread-701] INFO  impl.FollowerState (FollowerState.java:run(117)) - 967a5d84-883e-4fc5-aa88-430cc6c4b93a@group-1C08CD4F7525-FollowerState was interrupted: java.lang.InterruptedException: sleep interrupted
2019-10-18 14:03:28,662 [grpc-default-executor-4] INFO  impl.RoleInfo (RoleInfo.java:updateAndGet(143)) - 967a5d84-883e-4fc5-aa88-430cc6c4b93a: start FollowerState
2019-10-18 14:03:28,662 [grpc-default-executor-5] INFO  impl.RoleInfo (RoleInfo.java:shutdownFollowerState(121)) - 524d4c73-bbaf-4142-9273-d20c5a8628b4: shutdown FollowerState
2019-10-18 14:03:28,663 [grpc-default-executor-5] INFO  impl.RoleInfo (RoleInfo.java:updateAndGet(143)) - 524d4c73-bbaf-4142-9273-d20c5a8628b4: start FollowerState
2019-10-18 14:03:28,663 [Thread-700] INFO  impl.FollowerState (FollowerState.java:run(117)) - 524d4c73-bbaf-4142-9273-d20c5a8628b4@group-1C08CD4F7525-FollowerState was interrupted: java.lang.InterruptedException: sleep interrupted
2019-10-18 14:03:28,678 [0eccc4cb-77af-4c43-89bd-f01b83be0073@group-1C08CD4F7525-LeaderElection28] INFO  impl.LeaderElection (LeaderElection.java:logAndReturn(56)) - 0eccc4cb-77af-4c43-89bd-f01b83be0073@group-1C08CD4F7525-LeaderElection28: Election REJECTED; received 2 response(s) [0eccc4cb-77af-4c43-89bd-f01b83be0073<-967a5d84-883e-4fc5-aa88-430cc6c4b93a#0:FAIL-t27, 0eccc4cb-77af-4c43-89bd-f01b83be0073<-524d4c73-bbaf-4142-9273-d20c5a8628b4#0:FAIL-t27] and 0 exception(s); 0eccc4cb-77af-4c43-89bd-f01b83be0073@group-1C08CD4F7525:t27, leader=null, voted=0eccc4cb-77af-4c43-89bd-f01b83be0073, raftlog=0eccc4cb-77af-4c43-89bd-f01b83be0073@group-1C08CD4F7525-SegmentedRaftLog:OPENED:c3,f4,i4, conf=0: [967a5d84-883e-4fc5-aa88-430cc6c4b93a:192.168.69.124:45994, 524d4c73-bbaf-4142-9273-d20c5a8628b4:192.168.69.124:36511, 0eccc4cb-77af-4c43-89bd-f01b83be0073:192.168.69.124:38580], old=null
2019-10-18 14:03:28,678 [0eccc4cb-77af-4c43-89bd-f01b83be0073@group-1C08CD4F7525-LeaderElection28] INFO  impl.RaftServerImpl (RaftServerImpl.java:setRole(184)) - 0eccc4cb-77af-4c43-89bd-f01b83be0073@group-1C08CD4F7525: changes role from CANDIDATE to FOLLOWER at term 27 for DISCOVERED_A_NEW_TERM
2019-10-18 14:03:28,678 [0eccc4cb-77af-4c43-89bd-f01b83be0073@group-1C08CD4F7525-LeaderElection28] INFO  impl.RoleInfo (RoleInfo.java:shutdownLeaderElection(134)) - 0eccc4cb-77af-4c43-89bd-f01b83be0073: shutdown LeaderElection
2019-10-18 14:03:28,678 [0eccc4cb-77af-4c43-89bd-f01b83be0073@group-1C08CD4F7525-LeaderElection28] INFO  impl.RoleInfo (RoleInfo.java:updateAndGet(143)) - 0eccc4cb-77af-4c43-89bd-f01b83be0073: start FollowerState
2019-10-18 14:03:28,679 [Thread-708] INFO  client.GrpcClientProtocolService (GrpcClientProtocolService.java:lambda$processClientRequest$0(278)) - Failed RaftClientRequest:client-D27B19DE1784->967a5d84-883e-4fc5-aa88-430cc6c4b93a@group-1C08CD4F7525, cid=10, seq=0, Watch-ALL_COMMITTED(6), Message:<EMPTY>, reply=RaftClientReply:client-D27B19DE1784->967a5d84-883e-4fc5-aa88-430cc6c4b93a@group-1C08CD4F7525, cid=10, FAILED org.apache.ratis.protocol.NotLeaderException: Server 967a5d84-883e-4fc5-aa88-430cc6c4b93a@group-1C08CD4F7525 is not the leader, logIndex=0, commits[967a5d84-883e-4fc5-aa88-430cc6c4b93a:c10, 524d4c73-bbaf-4142-9273-d20c5a8628b4:c10, 0eccc4cb-77af-4c43-89bd-f01b83be0073:c4]
2019-10-18 14:03:28,682 [pool-7-thread-1] INFO  commands.RetriableDatanodeEventWatcher (RetriableDatanodeEventWatcher.java:onTimeout(47)) - RetriableDatanodeCommand type=deleteBlocksCommand with id=1571407402677 timed out. Retrying.
2019-10-18 14:03:28,683 [pool-7-thread-3] INFO  commands.RetriableDatanodeEventWatcher (RetriableDatanodeEventWatcher.java:onTimeout(47)) - RetriableDatanodeCommand type=deleteBlocksCommand with id=1571407402683 timed out. Retrying.
2019-10-18 14:03:28,684 [pool-7-thread-2] INFO  commands.RetriableDatanodeEventWatcher (RetriableDatanodeEventWatcher.java:onTimeout(47)) - RetriableDatanodeCommand type=deleteBlocksCommand with id=1571407402681 timed out. Retrying.
2019-10-18 14:03:28,684 [pool-7-thread-3] INFO  commands.RetriableDatanodeEventWatcher (RetriableDatanodeEventWatcher.java:onTimeout(47)) - RetriableDatanodeCommand type=deleteBlocksCommand with id=1571407402682 timed out. Retrying.
2019-10-18 14:03:28,684 [pool-7-thread-4] INFO  commands.RetriableDatanodeEventWatcher (RetriableDatanodeEventWatcher.java:onTimeout(47)) - RetriableDatanodeCommand type=deleteBlocksCommand with id=1571407402680 timed out. Retrying.
2019-10-18 14:03:28,685 [pool-7-thread-1] INFO  commands.RetriableDatanodeEventWatcher (RetriableDatanodeEventWatcher.java:onTimeout(47)) - RetriableDatanodeCommand type=deleteBlocksCommand with id=1571407402684 timed out. Retrying.
2019-10-18 14:03:28,685 [SCMBlockDeletingService#0] INFO  block.SCMBlockDeletingService (SCMBlockDeletingService.java:call(184)) - Totally added 1 delete blocks command for 1 datanodes, task elapsed time: 0ms
2019-10-18 14:03:28,845 [Thread-707] INFO  impl.FollowerState (FollowerState.java:run(108)) - 0eccc4cb-77af-4c43-89bd-f01b83be0073@group-1C08CD4F7525-FollowerState: change to CANDIDATE, lastRpcTime:166ms, electionTimeout:166ms
2019-10-18 14:03:28,845 [Thread-707] INFO  impl.RoleInfo (RoleInfo.java:shutdownFollowerState(121)) - 0eccc4cb-77af-4c43-89bd-f01b83be0073: shutdown FollowerState
2019-10-18 14:03:28,845 [Thread-707] INFO  impl.RaftServerImpl (RaftServerImpl.java:setRole(184)) - 0eccc4cb-77af-4c43-89bd-f01b83be0073@group-1C08CD4F7525: changes role from  FOLLOWER to CANDIDATE at term 27 for changeToCandidate
2019-10-18 14:03:28,845 [Thread-707] INFO  impl.RoleInfo (RoleInfo.java:updateAndGet(143)) - 0eccc4cb-77af-4c43-89bd-f01b83be0073: start LeaderElection
2019-10-18 14:03:28,871 [0eccc4cb-77af-4c43-89bd-f01b83be0073@group-1C08CD4F7525-LeaderElection29] INFO  impl.LeaderElection (LeaderElection.java:askForVotes(178)) - 0eccc4cb-77af-4c43-89bd-f01b83be0073@group-1C08CD4F7525-LeaderElection29: begin an election at term 28 for 0: [967a5d84-883e-4fc5-aa88-430cc6c4b93a:192.168.69.124:45994, 524d4c73-bbaf-4142-9273-d20c5a8628b4:192.168.69.124:36511, 0eccc4cb-77af-4c43-89bd-f01b83be0073:192.168.69.124:38580], old=null
2019-10-18 14:03:28,875 [grpc-default-executor-5] INFO  impl.RaftServerImpl (RaftServerImpl.java:setRole(184)) - 524d4c73-bbaf-4142-9273-d20c5a8628b4@group-1C08CD4F7525: changes role from  FOLLOWER to FOLLOWER at term 28 for recognizeCandidate:0eccc4cb-77af-4c43-89bd-f01b83be0073
2019-10-18 14:03:28,875 [grpc-default-executor-4] INFO  impl.RaftServerImpl (RaftServerImpl.java:setRole(184)) - 967a5d84-883e-4fc5-aa88-430cc6c4b93a@group-1C08CD4F7525: changes role from  FOLLOWER to FOLLOWER at term 28 for recognizeCandidate:0eccc4cb-77af-4c43-89bd-f01b83be0073
2019-10-18 14:03:28,875 [grpc-default-executor-5] INFO  impl.RoleInfo (RoleInfo.java:shutdownFollowerState(121)) - 524d4c73-bbaf-4142-9273-d20c5a8628b4: shutdown FollowerState
2019-10-18 14:03:28,875 [grpc-default-executor-4] INFO  impl.RoleInfo (RoleInfo.java:shutdownFollowerState(121)) - 967a5d84-883e-4fc5-aa88-430cc6c4b93a: shutdown FollowerState
2019-10-18 14:03:28,875 [grpc-default-executor-5] INFO  impl.RoleInfo (RoleInfo.java:updateAndGet(143)) - 524d4c73-bbaf-4142-9273-d20c5a8628b4: start FollowerState
2019-10-18 14:03:28,875 [Thread-705] INFO  impl.FollowerState (FollowerState.java:run(117)) - 524d4c73-bbaf-4142-9273-d20c5a8628b4@group-1C08CD4F7525-FollowerState was interrupted: java.lang.InterruptedException: sleep interrupted
2019-10-18 14:03:28,875 [Thread-704] INFO  impl.FollowerState (FollowerState.java:run(117)) - 967a5d84-883e-4fc5-aa88-430cc6c4b93a@group-1C08CD4F7525-FollowerState was interrupted: java.lang.InterruptedException: sleep interrupted
2019-10-18 14:03:28,875 [grpc-default-executor-4] INFO  impl.RoleInfo (RoleInfo.java:updateAndGet(143)) - 967a5d84-883e-4fc5-aa88-430cc6c4b93a: start FollowerState
2019-10-18 14:03:28,890 [0eccc4cb-77af-4c43-89bd-f01b83be0073@group-1C08CD4F7525-LeaderElection29] INFO  impl.LeaderElection (LeaderElection.java:logAndReturn(56)) - 0eccc4cb-77af-4c43-89bd-f01b83be0073@group-1C08CD4F7525-LeaderElection29: Election REJECTED; received 2 response(s) [0eccc4cb-77af-4c43-89bd-f01b83be0073<-967a5d84-883e-4fc5-aa88-430cc6c4b93a#0:FAIL-t28, 0eccc4cb-77af-4c43-89bd-f01b83be0073<-524d4c73-bbaf-4142-9273-d20c5a8628b4#0:FAIL-t28] and 0 exception(s); 0eccc4cb-77af-4c43-89bd-f01b83be0073@group-1C08CD4F7525:t28, leader=null, voted=0eccc4cb-77af-4c43-89bd-f01b83be0073, raftlog=0eccc4cb-77af-4c43-89bd-f01b83be0073@group-1C08CD4F7525-SegmentedRaftLog:OPENED:c3,f4,i4, conf=0: [967a5d84-883e-4fc5-aa88-430cc6c4b93a:192.168.69.124:45994, 524d4c73-bbaf-4142-9273-d20c5a8628b4:192.168.69.124:36511, 0eccc4cb-77af-4c43-89bd-f01b83be0073:192.168.69.124:38580], old=null
2019-10-18 14:03:28,890 [0eccc4cb-77af-4c43-89bd-f01b83be0073@group-1C08CD4F7525-LeaderElection29] INFO  impl.RaftServerImpl (RaftServerImpl.java:setRole(184)) - 0eccc4cb-77af-4c43-89bd-f01b83be0073@group-1C08CD4F7525: changes role from CANDIDATE to FOLLOWER at term 28 for DISCOVERED_A_NEW_TERM
2019-10-18 14:03:28,890 [0eccc4cb-77af-4c43-89bd-f01b83be0073@group-1C08CD4F7525-LeaderElection29] INFO  impl.RoleInfo (RoleInfo.java:shutdownLeaderElection(134)) - 0eccc4cb-77af-4c43-89bd-f01b83be0073: shutdown LeaderElection
2019-10-18 14:03:28,891 [0eccc4cb-77af-4c43-89bd-f01b83be0073@group-1C08CD4F7525-LeaderElection29] INFO  impl.RoleInfo (RoleInfo.java:updateAndGet(143)) - 0eccc4cb-77af-4c43-89bd-f01b83be0073: start FollowerState
2019-10-18 14:03:29,003 [Thread-715] INFO  impl.FollowerState (FollowerState.java:run(108)) - 0eccc4cb-77af-4c43-89bd-f01b83be0073@group-1C08CD4F7525-FollowerState: change to CANDIDATE, lastRpcTime:112ms, electionTimeout:112ms
2019-10-18 14:03:29,003 [Thread-715] INFO  impl.RoleInfo (RoleInfo.java:shutdownFollowerState(121)) - 0eccc4cb-77af-4c43-89bd-f01b83be0073: shutdown FollowerState
2019-10-18 14:03:29,003 [Thread-715] INFO  impl.RaftServerImpl (RaftServerImpl.java:setRole(184)) - 0eccc4cb-77af-4c43-89bd-f01b83be0073@group-1C08CD4F7525: changes role from  FOLLOWER to CANDIDATE at term 28 for changeToCandidate
2019-10-18 14:03:29,004 [Thread-715] INFO  impl.RoleInfo (RoleInfo.java:updateAndGet(143)) - 0eccc4cb-77af-4c43-89bd-f01b83be0073: start LeaderElection
2019-10-18 14:03:29,017 [0eccc4cb-77af-4c43-89bd-f01b83be0073@group-1C08CD4F7525-LeaderElection30] INFO  impl.LeaderElection (LeaderElection.java:askForVotes(178)) - 0eccc4cb-77af-4c43-89bd-f01b83be0073@group-1C08CD4F7525-LeaderElection30: begin an election at term 29 for 0: [967a5d84-883e-4fc5-aa88-430cc6c4b93a:192.168.69.124:45994, 524d4c73-bbaf-4142-9273-d20c5a8628b4:192.168.69.124:36511, 0eccc4cb-77af-4c43-89bd-f01b83be0073:192.168.69.124:38580], old=null
2019-10-18 14:03:29,020 [grpc-default-executor-5] INFO  impl.RaftServerImpl (RaftServerImpl.java:setRole(184)) - 524d4c73-bbaf-4142-9273-d20c5a8628b4@group-1C08CD4F7525: changes role from  FOLLOWER to FOLLOWER at term 29 for recognizeCandidate:0eccc4cb-77af-4c43-89bd-f01b83be0073
2019-10-18 14:03:29,020 [grpc-default-executor-4] INFO  impl.RaftServerImpl (RaftServerImpl.java:setRole(184)) - 967a5d84-883e-4fc5-aa88-430cc6c4b93a@group-1C08CD4F7525: changes role from  FOLLOWER to FOLLOWER at term 29 for recognizeCandidate:0eccc4cb-77af-4c43-89bd-f01b83be0073
2019-10-18 14:03:29,020 [grpc-default-executor-5] INFO  impl.RoleInfo (RoleInfo.java:shutdownFollowerState(121)) - 524d4c73-bbaf-4142-9273-d20c5a8628b4: shutdown FollowerState
2019-10-18 14:03:29,020 [grpc-default-executor-4] INFO  impl.RoleInfo (RoleInfo.java:shutdownFollowerState(121)) - 967a5d84-883e-4fc5-aa88-430cc6c4b93a: shutdown FollowerState
2019-10-18 14:03:29,021 [grpc-default-executor-5] INFO  impl.RoleInfo (RoleInfo.java:updateAndGet(143)) - 524d4c73-bbaf-4142-9273-d20c5a8628b4: start FollowerState
2019-10-18 14:03:29,021 [Thread-713] INFO  impl.FollowerState (FollowerState.java:run(117)) - 524d4c73-bbaf-4142-9273-d20c5a8628b4@group-1C08CD4F7525-FollowerState was interrupted: java.lang.InterruptedException: sleep interrupted
2019-10-18 14:03:29,021 [Thread-714] INFO  impl.FollowerState (FollowerState.java:run(117)) - 967a5d84-883e-4fc5-aa88-430cc6c4b93a@group-1C08CD4F7525-FollowerState was interrupted: java.lang.InterruptedException: sleep interrupted
2019-10-18 14:03:29,021 [grpc-default-executor-4] INFO  impl.RoleInfo (RoleInfo.java:updateAndGet(143)) - 967a5d84-883e-4fc5-aa88-430cc6c4b93a: start FollowerState
2019-10-18 14:03:29,036 [0eccc4cb-77af-4c43-89bd-f01b83be0073@group-1C08CD4F7525-LeaderElection30] INFO  impl.LeaderElection (LeaderElection.java:logAndReturn(56)) - 0eccc4cb-77af-4c43-89bd-f01b83be0073@group-1C08CD4F7525-LeaderElection30: Election REJECTED; received 2 response(s) [0eccc4cb-77af-4c43-89bd-f01b83be0073<-967a5d84-883e-4fc5-aa88-430cc6c4b93a#0:FAIL-t29, 0eccc4cb-77af-4c43-89bd-f01b83be0073<-524d4c73-bbaf-4142-9273-d20c5a8628b4#0:FAIL-t29] and 0 exception(s); 0eccc4cb-77af-4c43-89bd-f01b83be0073@group-1C08CD4F7525:t29, leader=null, voted=0eccc4cb-77af-4c43-89bd-f01b83be0073, raftlog=0eccc4cb-77af-4c43-89bd-f01b83be0073@group-1C08CD4F7525-SegmentedRaftLog:OPENED:c3,f4,i4, conf=0: [967a5d84-883e-4fc5-aa88-430cc6c4b93a:192.168.69.124:45994, 524d4c73-bbaf-4142-9273-d20c5a8628b4:192.168.69.124:36511, 0eccc4cb-77af-4c43-89bd-f01b83be0073:192.168.69.124:38580], old=null
2019-10-18 14:03:29,036 [0eccc4cb-77af-4c43-89bd-f01b83be0073@group-1C08CD4F7525-LeaderElection30] INFO  impl.RaftServerImpl (RaftServerImpl.java:setRole(184)) - 0eccc4cb-77af-4c43-89bd-f01b83be0073@group-1C08CD4F7525: changes role from CANDIDATE to FOLLOWER at term 29 for DISCOVERED_A_NEW_TERM
2019-10-18 14:03:29,036 [0eccc4cb-77af-4c43-89bd-f01b83be0073@group-1C08CD4F7525-LeaderElection30] INFO  impl.RoleInfo (RoleInfo.java:shutdownLeaderElection(134)) - 0eccc4cb-77af-4c43-89bd-f01b83be0073: shutdown LeaderElection
2019-10-18 14:03:29,036 [0eccc4cb-77af-4c43-89bd-f01b83be0073@group-1C08CD4F7525-LeaderElection30] INFO  impl.RoleInfo (RoleInfo.java:updateAndGet(143)) - 0eccc4cb-77af-4c43-89bd-f01b83be0073: start FollowerState
2019-10-18 14:03:29,089 [BlockDeletingService#2] WARN  background.BlockDeletingService (BlockDeletingService.java:isDeletionAllowed(187)) - Close Container log Index 6 is not replicated across allthe servers in the pipeline 08f27b3d-1876-4e46-af5a-1c08cd4f7525 as the min replicated index is 4. Deletion is not allowed in this container yet.
2019-10-18 14:03:29,089 [BlockDeletingService#0] WARN  background.BlockDeletingService (BlockDeletingService.java:isDeletionAllowed(187)) - Close Container log Index 6 is not replicated across allthe servers in the pipeline 08f27b3d-1876-4e46-af5a-1c08cd4f7525 as the min replicated index is 4. Deletion is not allowed in this container yet.
2019-10-18 14:03:29,232 [Thread-721] INFO  impl.FollowerState (FollowerState.java:run(108)) - 0eccc4cb-77af-4c43-89bd-f01b83be0073@group-1C08CD4F7525-FollowerState: change to CANDIDATE, lastRpcTime:195ms, electionTimeout:195ms
2019-10-18 14:03:29,232 [Thread-721] INFO  impl.RoleInfo (RoleInfo.java:shutdownFollowerState(121)) - 0eccc4cb-77af-4c43-89bd-f01b83be0073: shutdown FollowerState
2019-10-18 14:03:29,232 [Thread-721] INFO  impl.RaftServerImpl (RaftServerImpl.java:setRole(184)) - 0eccc4cb-77af-4c43-89bd-f01b83be0073@group-1C08CD4F7525: changes role from  FOLLOWER to CANDIDATE at term 29 for changeToCandidate
2019-10-18 14:03:29,232 [Thread-721] INFO  impl.RoleInfo (RoleInfo.java:updateAndGet(143)) - 0eccc4cb-77af-4c43-89bd-f01b83be0073: start LeaderElection
2019-10-18 14:03:29,246 [0eccc4cb-77af-4c43-89bd-f01b83be0073@group-1C08CD4F7525-LeaderElection31] INFO  impl.LeaderElection (LeaderElection.java:askForVotes(178)) - 0eccc4cb-77af-4c43-89bd-f01b83be0073@group-1C08CD4F7525-LeaderElection31: begin an election at term 30 for 0: [967a5d84-883e-4fc5-aa88-430cc6c4b93a:192.168.69.124:45994, 524d4c73-bbaf-4142-9273-d20c5a8628b4:192.168.69.124:36511, 0eccc4cb-77af-4c43-89bd-f01b83be0073:192.168.69.124:38580], old=null
2019-10-18 14:03:29,249 [grpc-default-executor-5] INFO  impl.RaftServerImpl (RaftServerImpl.java:setRole(184)) - 524d4c73-bbaf-4142-9273-d20c5a8628b4@group-1C08CD4F7525: changes role from  FOLLOWER to FOLLOWER at term 30 for recognizeCandidate:0eccc4cb-77af-4c43-89bd-f01b83be0073
2019-10-18 14:03:29,249 [grpc-default-executor-4] INFO  impl.RaftServerImpl (RaftServerImpl.java:setRole(184)) - 967a5d84-883e-4fc5-aa88-430cc6c4b93a@group-1C08CD4F7525: changes role from  FOLLOWER to FOLLOWER at term 30 for recognizeCandidate:0eccc4cb-77af-4c43-89bd-f01b83be0073
2019-10-18 14:03:29,249 [grpc-default-executor-5] INFO  impl.RoleInfo (RoleInfo.java:shutdownFollowerState(121)) - 524d4c73-bbaf-4142-9273-d20c5a8628b4: shutdown FollowerState
2019-10-18 14:03:29,249 [grpc-default-executor-4] INFO  impl.RoleInfo (RoleInfo.java:shutdownFollowerState(121)) - 967a5d84-883e-4fc5-aa88-430cc6c4b93a: shutdown FollowerState
2019-10-18 14:03:29,249 [grpc-default-executor-5] INFO  impl.RoleInfo (RoleInfo.java:updateAndGet(143)) - 524d4c73-bbaf-4142-9273-d20c5a8628b4: start FollowerState
2019-10-18 14:03:29,249 [Thread-719] INFO  impl.FollowerState (FollowerState.java:run(117)) - 524d4c73-bbaf-4142-9273-d20c5a8628b4@group-1C08CD4F7525-FollowerState was interrupted: java.lang.InterruptedException: sleep interrupted
2019-10-18 14:03:29,250 [grpc-default-executor-4] INFO  impl.RoleInfo (RoleInfo.java:updateAndGet(143)) - 967a5d84-883e-4fc5-aa88-430cc6c4b93a: start FollowerState
2019-10-18 14:03:29,250 [Thread-720] INFO  impl.FollowerState (FollowerState.java:run(117)) - 967a5d84-883e-4fc5-aa88-430cc6c4b93a@group-1C08CD4F7525-FollowerState was interrupted: java.lang.InterruptedException: sleep interrupted
2019-10-18 14:03:29,265 [0eccc4cb-77af-4c43-89bd-f01b83be0073@group-1C08CD4F7525-LeaderElection31] INFO  impl.LeaderElection (LeaderElection.java:logAndReturn(56)) - 0eccc4cb-77af-4c43-89bd-f01b83be0073@group-1C08CD4F7525-LeaderElection31: Election REJECTED; received 2 response(s) [0eccc4cb-77af-4c43-89bd-f01b83be0073<-967a5d84-883e-4fc5-aa88-430cc6c4b93a#0:FAIL-t30, 0eccc4cb-77af-4c43-89bd-f01b83be0073<-524d4c73-bbaf-4142-9273-d20c5a8628b4#0:FAIL-t30] and 0 exception(s); 0eccc4cb-77af-4c43-89bd-f01b83be0073@group-1C08CD4F7525:t30, leader=null, voted=0eccc4cb-77af-4c43-89bd-f01b83be0073, raftlog=0eccc4cb-77af-4c43-89bd-f01b83be0073@group-1C08CD4F7525-SegmentedRaftLog:OPENED:c3,f4,i4, conf=0: [967a5d84-883e-4fc5-aa88-430cc6c4b93a:192.168.69.124:45994, 524d4c73-bbaf-4142-9273-d20c5a8628b4:192.168.69.124:36511, 0eccc4cb-77af-4c43-89bd-f01b83be0073:192.168.69.124:38580], old=null
2019-10-18 14:03:29,265 [0eccc4cb-77af-4c43-89bd-f01b83be0073@group-1C08CD4F7525-LeaderElection31] INFO  impl.RaftServerImpl (RaftServerImpl.java:setRole(184)) - 0eccc4cb-77af-4c43-89bd-f01b83be0073@group-1C08CD4F7525: changes role from CANDIDATE to FOLLOWER at term 30 for DISCOVERED_A_NEW_TERM
2019-10-18 14:03:29,266 [0eccc4cb-77af-4c43-89bd-f01b83be0073@group-1C08CD4F7525-LeaderElection31] INFO  impl.RoleInfo (RoleInfo.java:shutdownLeaderElection(134)) - 0eccc4cb-77af-4c43-89bd-f01b83be0073: shutdown LeaderElection
2019-10-18 14:03:29,266 [0eccc4cb-77af-4c43-89bd-f01b83be0073@group-1C08CD4F7525-LeaderElection31] INFO  impl.RoleInfo (RoleInfo.java:updateAndGet(143)) - 0eccc4cb-77af-4c43-89bd-f01b83be0073: start FollowerState
2019-10-18 14:03:29,440 [Thread-729] INFO  impl.FollowerState (FollowerState.java:run(108)) - 0eccc4cb-77af-4c43-89bd-f01b83be0073@group-1C08CD4F7525-FollowerState: change to CANDIDATE, lastRpcTime:174ms, electionTimeout:174ms
2019-10-18 14:03:29,441 [Thread-729] INFO  impl.RoleInfo (RoleInfo.java:shutdownFollowerState(121)) - 0eccc4cb-77af-4c43-89bd-f01b83be0073: shutdown FollowerState
2019-10-18 14:03:29,441 [Thread-729] INFO  impl.RaftServerImpl (RaftServerImpl.java:setRole(184)) - 0eccc4cb-77af-4c43-89bd-f01b83be0073@group-1C08CD4F7525: changes role from  FOLLOWER to CANDIDATE at term 30 for changeToCandidate
2019-10-18 14:03:29,441 [Thread-729] INFO  impl.RoleInfo (RoleInfo.java:updateAndGet(143)) - 0eccc4cb-77af-4c43-89bd-f01b83be0073: start LeaderElection
2019-10-18 14:03:29,447 [EventQueue-PendingDeleteStatusForPendingDeleteHandler] INFO  block.SCMBlockDeletingService (SCMBlockDeletingService.java:handlePendingDeletes(115)) - Block deletion txnID mismatch in datanode 0eccc4cb-77af-4c43-89bd-f01b83be0073 for containerID 1. Datanode delete txnID: 0, SCM txnID: 1
2019-10-18 14:03:29,467 [0eccc4cb-77af-4c43-89bd-f01b83be0073@group-1C08CD4F7525-LeaderElection32] INFO  impl.LeaderElection (LeaderElection.java:askForVotes(178)) - 0eccc4cb-77af-4c43-89bd-f01b83be0073@group-1C08CD4F7525-LeaderElection32: begin an election at term 31 for 0: [967a5d84-883e-4fc5-aa88-430cc6c4b93a:192.168.69.124:45994, 524d4c73-bbaf-4142-9273-d20c5a8628b4:192.168.69.124:36511, 0eccc4cb-77af-4c43-89bd-f01b83be0073:192.168.69.124:38580], old=null
2019-10-18 14:03:29,470 [grpc-default-executor-5] INFO  impl.RaftServerImpl (RaftServerImpl.java:setRole(184)) - 967a5d84-883e-4fc5-aa88-430cc6c4b93a@group-1C08CD4F7525: changes role from  FOLLOWER to FOLLOWER at term 31 for recognizeCandidate:0eccc4cb-77af-4c43-89bd-f01b83be0073
2019-10-18 14:03:29,470 [grpc-default-executor-4] INFO  impl.RaftServerImpl (RaftServerImpl.java:setRole(184)) - 524d4c73-bbaf-4142-9273-d20c5a8628b4@group-1C08CD4F7525: changes role from  FOLLOWER to FOLLOWER at term 31 for recognizeCandidate:0eccc4cb-77af-4c43-89bd-f01b83be0073
2019-10-18 14:03:29,470 [grpc-default-executor-5] INFO  impl.RoleInfo (RoleInfo.java:shutdownFollowerState(121)) - 967a5d84-883e-4fc5-aa88-430cc6c4b93a: shutdown FollowerState
2019-10-18 14:03:29,470 [grpc-default-executor-4] INFO  impl.RoleInfo (RoleInfo.java:shutdownFollowerState(121)) - 524d4c73-bbaf-4142-9273-d20c5a8628b4: shutdown FollowerState
2019-10-18 14:03:29,471 [Thread-728] INFO  impl.FollowerState (FollowerState.java:run(117)) - 967a5d84-883e-4fc5-aa88-430cc6c4b93a@group-1C08CD4F7525-FollowerState was interrupted: java.lang.InterruptedException: sleep interrupted
2019-10-18 14:03:29,471 [grpc-default-executor-5] INFO  impl.RoleInfo (RoleInfo.java:updateAndGet(143)) - 967a5d84-883e-4fc5-aa88-430cc6c4b93a: start FollowerState
2019-10-18 14:03:29,471 [Thread-727] INFO  impl.FollowerState (FollowerState.java:run(117)) - 524d4c73-bbaf-4142-9273-d20c5a8628b4@group-1C08CD4F7525-FollowerState was interrupted: java.lang.InterruptedException: sleep interrupted
2019-10-18 14:03:29,471 [grpc-default-executor-4] INFO  impl.RoleInfo (RoleInfo.java:updateAndGet(143)) - 524d4c73-bbaf-4142-9273-d20c5a8628b4: start FollowerState
2019-10-18 14:03:29,493 [grpc-default-executor-3] INFO  impl.RaftServerProxy (RaftServerProxy.java:addNew(89)) - 0eccc4cb-77af-4c43-89bd-f01b83be0073: addNew group-01ABF9DDDBF2:[0eccc4cb-77af-4c43-89bd-f01b83be0073:192.168.69.124:38580] returns group-01ABF9DDDBF2:java.util.concurrent.CompletableFuture@1b3f4f24[Not completed]
2019-10-18 14:03:29,495 [pool-59-thread-1] INFO  impl.RaftServerImpl (RaftServerImpl.java:<init>(104)) - 0eccc4cb-77af-4c43-89bd-f01b83be0073: new RaftServerImpl for group-01ABF9DDDBF2:[0eccc4cb-77af-4c43-89bd-f01b83be0073:192.168.69.124:38580] with ContainerStateMachine:uninitialized
2019-10-18 14:03:29,495 [pool-59-thread-1] INFO  server.RaftServerConfigKeys (ConfUtils.java:logGet(43)) - raft.server.rpc.timeout.min = 5s (custom)
2019-10-18 14:03:29,495 [pool-59-thread-1] INFO  server.RaftServerConfigKeys (ConfUtils.java:logGet(43)) - raft.server.rpc.timeout.max = 5200ms (custom)
2019-10-18 14:03:29,495 [pool-59-thread-1] INFO  server.RaftServerConfigKeys (ConfUtils.java:logGet(43)) - raft.server.rpcslowness.timeout = 1000s (custom)
2019-10-18 14:03:29,495 [pool-59-thread-1] INFO  server.RaftServerConfigKeys (ConfUtils.java:logGet(43)) - raft.server.sleep.deviation.threshold = 300 (default)
2019-10-18 14:03:29,496 [pool-59-thread-1] INFO  server.RaftServerConfigKeys (ConfUtils.java:logGet(43)) - raft.server.log.appender.install.snapshot.enabled = false (custom)
2019-10-18 14:03:29,496 [pool-59-thread-1] INFO  impl.RaftServerImpl (ServerState.java:<init>(103)) - 0eccc4cb-77af-4c43-89bd-f01b83be0073@group-01ABF9DDDBF2: ConfigurationManager, init=-1: [0eccc4cb-77af-4c43-89bd-f01b83be0073:192.168.69.124:38580], old=null, confs=<EMPTY_MAP>
2019-10-18 14:03:29,496 [pool-59-thread-1] INFO  server.RaftServerConfigKeys (ConfUtils.java:logGet(43)) - raft.server.storage.dir = [/workdir/hadoop-ozone/integration-test/target/test-dir/MiniOzoneClusterImpl-0aed760e-6e1a-4be6-abfb-431785f69e2b/datanode-2/data/ratis] (custom)
2019-10-18 14:03:29,496 [pool-59-thread-1] INFO  server.RaftServerConfigKeys (ConfUtils.java:logGet(43)) - raft.server.log.corruption.policy = EXCEPTION (default)
2019-10-18 14:03:29,496 [pool-59-thread-1] INFO  storage.RaftStorageDirectory (RaftStorageDirectory.java:analyzeStorage(246)) - The storage directory /workdir/hadoop-ozone/integration-test/target/test-dir/MiniOzoneClusterImpl-0aed760e-6e1a-4be6-abfb-431785f69e2b/datanode-2/data/ratis/46d604ad-1951-4754-92ce-01abf9dddbf2 does not exist. Creating ...
2019-10-18 14:03:29,497 [0eccc4cb-77af-4c43-89bd-f01b83be0073@group-1C08CD4F7525-LeaderElection32] INFO  impl.LeaderElection (LeaderElection.java:logAndReturn(56)) - 0eccc4cb-77af-4c43-89bd-f01b83be0073@group-1C08CD4F7525-LeaderElection32: Election REJECTED; received 2 response(s) [0eccc4cb-77af-4c43-89bd-f01b83be0073<-967a5d84-883e-4fc5-aa88-430cc6c4b93a#0:FAIL-t31, 0eccc4cb-77af-4c43-89bd-f01b83be0073<-524d4c73-bbaf-4142-9273-d20c5a8628b4#0:FAIL-t31] and 0 exception(s); 0eccc4cb-77af-4c43-89bd-f01b83be0073@group-1C08CD4F7525:t31, leader=null, voted=0eccc4cb-77af-4c43-89bd-f01b83be0073, raftlog=0eccc4cb-77af-4c43-89bd-f01b83be0073@group-1C08CD4F7525-SegmentedRaftLog:OPENED:c3,f4,i4, conf=0: [967a5d84-883e-4fc5-aa88-430cc6c4b93a:192.168.69.124:45994, 524d4c73-bbaf-4142-9273-d20c5a8628b4:192.168.69.124:36511, 0eccc4cb-77af-4c43-89bd-f01b83be0073:192.168.69.124:38580], old=null
2019-10-18 14:03:29,497 [0eccc4cb-77af-4c43-89bd-f01b83be0073@group-1C08CD4F7525-LeaderElection32] INFO  impl.RaftServerImpl (RaftServerImpl.java:setRole(184)) - 0eccc4cb-77af-4c43-89bd-f01b83be0073@group-1C08CD4F7525: changes role from CANDIDATE to FOLLOWER at term 31 for DISCOVERED_A_NEW_TERM
2019-10-18 14:03:29,497 [0eccc4cb-77af-4c43-89bd-f01b83be0073@group-1C08CD4F7525-LeaderElection32] INFO  impl.RoleInfo (RoleInfo.java:shutdownLeaderElection(134)) - 0eccc4cb-77af-4c43-89bd-f01b83be0073: shutdown LeaderElection
2019-10-18 14:03:29,497 [0eccc4cb-77af-4c43-89bd-f01b83be0073@group-1C08CD4F7525-LeaderElection32] INFO  impl.RoleInfo (RoleInfo.java:updateAndGet(143)) - 0eccc4cb-77af-4c43-89bd-f01b83be0073: start FollowerState
2019-10-18 14:03:29,510 [pool-59-thread-1] INFO  storage.RaftStorageDirectory (RaftStorageDirectory.java:tryLock(328)) - Lock on /workdir/hadoop-ozone/integration-test/target/test-dir/MiniOzoneClusterImpl-0aed760e-6e1a-4be6-abfb-431785f69e2b/datanode-2/data/ratis/46d604ad-1951-4754-92ce-01abf9dddbf2/in_use.lock acquired by nodename 29037@pr-hdds-2293-fsv7b-60401721
2019-10-18 14:03:29,522 [pool-59-thread-1] INFO  storage.RaftStorage (RaftStorage.java:format(84)) - Storage directory /workdir/hadoop-ozone/integration-test/target/test-dir/MiniOzoneClusterImpl-0aed760e-6e1a-4be6-abfb-431785f69e2b/datanode-2/data/ratis/46d604ad-1951-4754-92ce-01abf9dddbf2 has been successfully formatted.
2019-10-18 14:03:29,523 [pool-59-thread-1] INFO  ratis.ContainerStateMachine (ContainerStateMachine.java:loadSnapshot(231)) - group-01ABF9DDDBF2: The snapshot info is null. Setting the last applied indexto:(t:0, i:~)
2019-10-18 14:03:29,523 [pool-59-thread-1] INFO  server.RaftServerConfigKeys (ConfUtils.java:logGet(43)) - raft.server.notification.no-leader.timeout = 1000s (custom)
2019-10-18 14:03:29,523 [pool-59-thread-1] INFO  server.RaftServerConfigKeys (ConfUtils.java:logGet(43)) - raft.server.log.use.memory = false (default)
2019-10-18 14:03:29,523 [pool-59-thread-1] INFO  server.RaftServerConfigKeys (ConfUtils.java:logGet(43)) - raft.server.log.purge.gap = 1000000 (custom)
2019-10-18 14:03:29,523 [pool-59-thread-1] INFO  server.RaftServerConfigKeys (ConfUtils.java:logGet(43)) - raft.server.log.appender.buffer.byte-limit = 33554432 (custom)
2019-10-18 14:03:29,523 [pool-59-thread-1] INFO  server.RaftServerConfigKeys (ConfUtils.java:logGet(43)) - raft.server.log.segment.size.max = 1048576 (custom)
2019-10-18 14:03:29,523 [pool-59-thread-1] INFO  server.RaftServerConfigKeys (ConfUtils.java:logGet(43)) - raft.server.log.segment.cache.num.max = 2 (custom)
2019-10-18 14:03:29,523 [pool-59-thread-1] INFO  segmented.SegmentedRaftLogWorker (SegmentedRaftLogWorker.java:<init>(173)) - new 0eccc4cb-77af-4c43-89bd-f01b83be0073@group-01ABF9DDDBF2-SegmentedRaftLogWorker for RaftStorage:Storage Directory /workdir/hadoop-ozone/integration-test/target/test-dir/MiniOzoneClusterImpl-0aed760e-6e1a-4be6-abfb-431785f69e2b/datanode-2/data/ratis/46d604ad-1951-4754-92ce-01abf9dddbf2
2019-10-18 14:03:29,524 [pool-59-thread-1] INFO  server.RaftServerConfigKeys (ConfUtils.java:logGet(43)) - raft.server.log.queue.byte-limit = 2147483647 (custom)
2019-10-18 14:03:29,524 [pool-59-thread-1] INFO  server.RaftServerConfigKeys (ConfUtils.java:logGet(43)) - raft.server.log.queue.element-limit = 1024 (custom)
2019-10-18 14:03:29,524 [pool-59-thread-1] INFO  server.RaftServerConfigKeys (ConfUtils.java:logGet(43)) - raft.server.log.segment.size.max = 1048576 (custom)
2019-10-18 14:03:29,524 [pool-59-thread-1] INFO  server.RaftServerConfigKeys (ConfUtils.java:logGet(43)) - raft.server.log.preallocated.size = 16384 (custom)
2019-10-18 14:03:29,524 [pool-59-thread-1] INFO  server.RaftServerConfigKeys (ConfUtils.java:logGet(43)) - raft.server.log.write.buffer.size = 33554432 (custom)
2019-10-18 14:03:29,524 [pool-59-thread-1] INFO  server.RaftServerConfigKeys (ConfUtils.java:logGet(43)) - raft.server.log.force.sync.num = 128 (default)
2019-10-18 14:03:29,524 [pool-59-thread-1] INFO  server.RaftServerConfigKeys (ConfUtils.java:logGet(43)) - raft.server.log.statemachine.data.sync = true (default)
2019-10-18 14:03:29,524 [pool-59-thread-1] INFO  server.RaftServerConfigKeys (ConfUtils.java:logGet(43)) - raft.server.log.statemachine.data.sync.timeout = 10s (default)
2019-10-18 14:03:29,524 [pool-59-thread-1] INFO  server.RaftServerConfigKeys (ConfUtils.java:logGet(43)) - raft.server.log.statemachine.data.sync.timeout.retry = -1 (default)
2019-10-18 14:03:29,524 [pool-59-thread-1] INFO  server.RaftServerConfigKeys (ConfUtils.java:logGet(43)) - raft.server.log.statemachine.data.caching.enabled = true (custom)
2019-10-18 14:03:29,525 [pool-59-thread-1] INFO  segmented.SegmentedRaftLogWorker (SegmentedRaftLogWorker.java:lambda$new$0(128)) - 0eccc4cb-77af-4c43-89bd-f01b83be0073@group-01ABF9DDDBF2-SegmentedRaftLogWorker: flushIndex: setUnconditionally 0 -> -1
2019-10-18 14:03:29,525 [pool-59-thread-1] INFO  server.RaftServerConfigKeys (ConfUtils.java:logGet(43)) - raft.server.snapshot.auto.trigger.enabled = true (custom)
2019-10-18 14:03:29,525 [pool-59-thread-1] INFO  server.RaftServerConfigKeys (ConfUtils.java:logGet(43)) - raft.server.snapshot.auto.trigger.threshold = 10000 (custom)
2019-10-18 14:03:29,525 [pool-59-thread-1] INFO  server.RaftServerConfigKeys (ConfUtils.java:logGet(43)) - raft.server.snapshot.retention.file.num = 5 (custom)
2019-10-18 14:03:29,525 [pool-59-thread-1] INFO  server.RaftServerConfigKeys (ConfUtils.java:logGet(43)) - raft.server.retrycache.expirytime = 600000ms (custom)
2019-10-18 14:03:29,527 [pool-59-thread-1] INFO  impl.RaftServerImpl (RaftServerImpl.java:start(195)) - 0eccc4cb-77af-4c43-89bd-f01b83be0073@group-01ABF9DDDBF2: start as a follower, conf=-1: [0eccc4cb-77af-4c43-89bd-f01b83be0073:192.168.69.124:38580], old=null
2019-10-18 14:03:29,527 [pool-59-thread-1] INFO  impl.RaftServerImpl (RaftServerImpl.java:setRole(184)) - 0eccc4cb-77af-4c43-89bd-f01b83be0073@group-01ABF9DDDBF2: changes role from      null to FOLLOWER at term 0 for startAsFollower
2019-10-18 14:03:29,528 [pool-59-thread-1] INFO  impl.RoleInfo (RoleInfo.java:updateAndGet(143)) - 0eccc4cb-77af-4c43-89bd-f01b83be0073: start FollowerState
2019-10-18 14:03:29,528 [pool-59-thread-1] INFO  util.JmxRegister (JmxRegister.java:tryRegister(44)) - Successfully registered JMX Bean with object name Ratis:service=RaftServer,group=group-01ABF9DDDBF2,id=0eccc4cb-77af-4c43-89bd-f01b83be0073
2019-10-18 14:03:29,534 [RatisPipelineUtilsThread] INFO  pipeline.PipelineStateManager (PipelineStateManager.java:addPipeline(56)) - Created pipeline Pipeline[ Id: 46d604ad-1951-4754-92ce-01abf9dddbf2, Nodes: 0eccc4cb-77af-4c43-89bd-f01b83be0073{ip: 192.168.69.124, host: pr-hdds-2293-fsv7b-60401721, networkLocation: /default-rack, certSerialId: null}, Type:RATIS, Factor:ONE, State:OPEN]
2019-10-18 14:03:29,550 [EventQueue-PendingDeleteStatusForPendingDeleteHandler] INFO  block.SCMBlockDeletingService (SCMBlockDeletingService.java:handlePendingDeletes(115)) - Block deletion txnID mismatch in datanode 0eccc4cb-77af-4c43-89bd-f01b83be0073 for containerID 1. Datanode delete txnID: 0, SCM txnID: 1
2019-10-18 14:03:29,552 [grpc-default-executor-3] INFO  impl.RaftServerProxy (RaftServerProxy.java:addNew(89)) - 524d4c73-bbaf-4142-9273-d20c5a8628b4: addNew group-30BADBDD61D1:[967a5d84-883e-4fc5-aa88-430cc6c4b93a:192.168.69.124:45994, 524d4c73-bbaf-4142-9273-d20c5a8628b4:192.168.69.124:36511, 0eccc4cb-77af-4c43-89bd-f01b83be0073:192.168.69.124:38580] returns group-30BADBDD61D1:java.util.concurrent.CompletableFuture@11a0e0a2[Not completed]
2019-10-18 14:03:29,552 [grpc-default-executor-4] INFO  impl.RaftServerProxy (RaftServerProxy.java:addNew(89)) - 967a5d84-883e-4fc5-aa88-430cc6c4b93a: addNew group-30BADBDD61D1:[967a5d84-883e-4fc5-aa88-430cc6c4b93a:192.168.69.124:45994, 524d4c73-bbaf-4142-9273-d20c5a8628b4:192.168.69.124:36511, 0eccc4cb-77af-4c43-89bd-f01b83be0073:192.168.69.124:38580] returns group-30BADBDD61D1:java.util.concurrent.CompletableFuture@7efcce84[Not completed]
2019-10-18 14:03:29,553 [grpc-default-executor-3] INFO  impl.RaftServerProxy (RaftServerProxy.java:addNew(89)) - 0eccc4cb-77af-4c43-89bd-f01b83be0073: addNew group-30BADBDD61D1:[967a5d84-883e-4fc5-aa88-430cc6c4b93a:192.168.69.124:45994, 524d4c73-bbaf-4142-9273-d20c5a8628b4:192.168.69.124:36511, 0eccc4cb-77af-4c43-89bd-f01b83be0073:192.168.69.124:38580] returns group-30BADBDD61D1:java.util.concurrent.CompletableFuture@1988ceb8[Not completed]
2019-10-18 14:03:29,554 [pool-37-thread-1] INFO  impl.RaftServerImpl (RaftServerImpl.java:<init>(104)) - 524d4c73-bbaf-4142-9273-d20c5a8628b4: new RaftServerImpl for group-30BADBDD61D1:[967a5d84-883e-4fc5-aa88-430cc6c4b93a:192.168.69.124:45994, 524d4c73-bbaf-4142-9273-d20c5a8628b4:192.168.69.124:36511, 0eccc4cb-77af-4c43-89bd-f01b83be0073:192.168.69.124:38580] with ContainerStateMachine:uninitialized
2019-10-18 14:03:29,554 [pool-37-thread-1] INFO  server.RaftServerConfigKeys (ConfUtils.java:logGet(43)) - raft.server.rpc.timeout.min = 5s (custom)
2019-10-18 14:03:29,555 [pool-37-thread-1] INFO  server.RaftServerConfigKeys (ConfUtils.java:logGet(43)) - raft.server.rpc.timeout.max = 5200ms (custom)
2019-10-18 14:03:29,555 [pool-37-thread-1] INFO  server.RaftServerConfigKeys (ConfUtils.java:logGet(43)) - raft.server.rpcslowness.timeout = 1000s (custom)
2019-10-18 14:03:29,555 [pool-37-thread-1] INFO  server.RaftServerConfigKeys (ConfUtils.java:logGet(43)) - raft.server.sleep.deviation.threshold = 300 (default)
2019-10-18 14:03:29,555 [pool-59-thread-1] INFO  impl.RaftServerImpl (RaftServerImpl.java:<init>(104)) - 0eccc4cb-77af-4c43-89bd-f01b83be0073: new RaftServerImpl for group-30BADBDD61D1:[967a5d84-883e-4fc5-aa88-430cc6c4b93a:192.168.69.124:45994, 524d4c73-bbaf-4142-9273-d20c5a8628b4:192.168.69.124:36511, 0eccc4cb-77af-4c43-89bd-f01b83be0073:192.168.69.124:38580] with ContainerStateMachine:uninitialized
2019-10-18 14:03:29,555 [pool-37-thread-1] INFO  server.RaftServerConfigKeys (ConfUtils.java:logGet(43)) - raft.server.log.appender.install.snapshot.enabled = false (custom)
2019-10-18 14:03:29,555 [pool-59-thread-1] INFO  server.RaftServerConfigKeys (ConfUtils.java:logGet(43)) - raft.server.rpc.timeout.min = 5s (custom)
2019-10-18 14:03:29,555 [pool-37-thread-1] INFO  impl.RaftServerImpl (ServerState.java:<init>(103)) - 524d4c73-bbaf-4142-9273-d20c5a8628b4@group-30BADBDD61D1: ConfigurationManager, init=-1: [967a5d84-883e-4fc5-aa88-430cc6c4b93a:192.168.69.124:45994, 524d4c73-bbaf-4142-9273-d20c5a8628b4:192.168.69.124:36511, 0eccc4cb-77af-4c43-89bd-f01b83be0073:192.168.69.124:38580], old=null, confs=<EMPTY_MAP>
2019-10-18 14:03:29,555 [pool-59-thread-1] INFO  server.RaftServerConfigKeys (ConfUtils.java:logGet(43)) - raft.server.rpc.timeout.max = 5200ms (custom)
2019-10-18 14:03:29,556 [pool-37-thread-1] INFO  server.RaftServerConfigKeys (ConfUtils.java:logGet(43)) - raft.server.storage.dir = [/workdir/hadoop-ozone/integration-test/target/test-dir/MiniOzoneClusterImpl-0aed760e-6e1a-4be6-abfb-431785f69e2b/datanode-1/data/ratis] (custom)
2019-10-18 14:03:29,556 [pool-59-thread-1] INFO  server.RaftServerConfigKeys (ConfUtils.java:logGet(43)) - raft.server.rpcslowness.timeout = 1000s (custom)
2019-10-18 14:03:29,556 [pool-59-thread-1] INFO  server.RaftServerConfigKeys (ConfUtils.java:logGet(43)) - raft.server.sleep.deviation.threshold = 300 (default)
2019-10-18 14:03:29,556 [pool-59-thread-1] INFO  server.RaftServerConfigKeys (ConfUtils.java:logGet(43)) - raft.server.log.appender.install.snapshot.enabled = false (custom)
2019-10-18 14:03:29,556 [pool-27-thread-1] INFO  impl.RaftServerImpl (RaftServerImpl.java:<init>(104)) - 967a5d84-883e-4fc5-aa88-430cc6c4b93a: new RaftServerImpl for group-30BADBDD61D1:[967a5d84-883e-4fc5-aa88-430cc6c4b93a:192.168.69.124:45994, 524d4c73-bbaf-4142-9273-d20c5a8628b4:192.168.69.124:36511, 0eccc4cb-77af-4c43-89bd-f01b83be0073:192.168.69.124:38580] with ContainerStateMachine:uninitialized
2019-10-18 14:03:29,556 [pool-37-thread-1] INFO  server.RaftServerConfigKeys (ConfUtils.java:logGet(43)) - raft.server.log.corruption.policy = EXCEPTION (default)
2019-10-18 14:03:29,556 [pool-27-thread-1] INFO  server.RaftServerConfigKeys (ConfUtils.java:logGet(43)) - raft.server.rpc.timeout.min = 5s (custom)
2019-10-18 14:03:29,556 [pool-59-thread-1] INFO  impl.RaftServerImpl (ServerState.java:<init>(103)) - 0eccc4cb-77af-4c43-89bd-f01b83be0073@group-30BADBDD61D1: ConfigurationManager, init=-1: [967a5d84-883e-4fc5-aa88-430cc6c4b93a:192.168.69.124:45994, 524d4c73-bbaf-4142-9273-d20c5a8628b4:192.168.69.124:36511, 0eccc4cb-77af-4c43-89bd-f01b83be0073:192.168.69.124:38580], old=null, confs=<EMPTY_MAP>
2019-10-18 14:03:29,557 [pool-37-thread-1] INFO  storage.RaftStorageDirectory (RaftStorageDirectory.java:analyzeStorage(246)) - The storage directory /workdir/hadoop-ozone/integration-test/target/test-dir/MiniOzoneClusterImpl-0aed760e-6e1a-4be6-abfb-431785f69e2b/datanode-1/data/ratis/9d45c675-cfd8-457c-9c5a-30badbdd61d1 does not exist. Creating ...
2019-10-18 14:03:29,557 [pool-27-thread-1] INFO  server.RaftServerConfigKeys (ConfUtils.java:logGet(43)) - raft.server.rpc.timeout.max = 5200ms (custom)
2019-10-18 14:03:29,557 [pool-59-thread-1] INFO  server.RaftServerConfigKeys (ConfUtils.java:logGet(43)) - raft.server.storage.dir = [/workdir/hadoop-ozone/integration-test/target/test-dir/MiniOzoneClusterImpl-0aed760e-6e1a-4be6-abfb-431785f69e2b/datanode-2/data/ratis] (custom)
2019-10-18 14:03:29,557 [pool-27-thread-1] INFO  server.RaftServerConfigKeys (ConfUtils.java:logGet(43)) - raft.server.rpcslowness.timeout = 1000s (custom)
2019-10-18 14:03:29,557 [pool-27-thread-1] INFO  server.RaftServerConfigKeys (ConfUtils.java:logGet(43)) - raft.server.sleep.deviation.threshold = 300 (default)
2019-10-18 14:03:29,557 [pool-59-thread-1] INFO  server.RaftServerConfigKeys (ConfUtils.java:logGet(43)) - raft.server.log.corruption.policy = EXCEPTION (default)
2019-10-18 14:03:29,557 [pool-27-thread-1] INFO  server.RaftServerConfigKeys (ConfUtils.java:logGet(43)) - raft.server.log.appender.install.snapshot.enabled = false (custom)
2019-10-18 14:03:29,557 [pool-59-thread-1] INFO  storage.RaftStorageDirectory (RaftStorageDirectory.java:analyzeStorage(246)) - The storage directory /workdir/hadoop-ozone/integration-test/target/test-dir/MiniOzoneClusterImpl-0aed760e-6e1a-4be6-abfb-431785f69e2b/datanode-2/data/ratis/9d45c675-cfd8-457c-9c5a-30badbdd61d1 does not exist. Creating ...
2019-10-18 14:03:29,557 [pool-27-thread-1] INFO  impl.RaftServerImpl (ServerState.java:<init>(103)) - 967a5d84-883e-4fc5-aa88-430cc6c4b93a@group-30BADBDD61D1: ConfigurationManager, init=-1: [967a5d84-883e-4fc5-aa88-430cc6c4b93a:192.168.69.124:45994, 524d4c73-bbaf-4142-9273-d20c5a8628b4:192.168.69.124:36511, 0eccc4cb-77af-4c43-89bd-f01b83be0073:192.168.69.124:38580], old=null, confs=<EMPTY_MAP>
2019-10-18 14:03:29,558 [pool-27-thread-1] INFO  server.RaftServerConfigKeys (ConfUtils.java:logGet(43)) - raft.server.storage.dir = [/workdir/hadoop-ozone/integration-test/target/test-dir/MiniOzoneClusterImpl-0aed760e-6e1a-4be6-abfb-431785f69e2b/datanode-0/data/ratis] (custom)
2019-10-18 14:03:29,558 [pool-27-thread-1] INFO  server.RaftServerConfigKeys (ConfUtils.java:logGet(43)) - raft.server.log.corruption.policy = EXCEPTION (default)
2019-10-18 14:03:29,558 [pool-27-thread-1] INFO  storage.RaftStorageDirectory (RaftStorageDirectory.java:analyzeStorage(246)) - The storage directory /workdir/hadoop-ozone/integration-test/target/test-dir/MiniOzoneClusterImpl-0aed760e-6e1a-4be6-abfb-431785f69e2b/datanode-0/data/ratis/9d45c675-cfd8-457c-9c5a-30badbdd61d1 does not exist. Creating ...
2019-10-18 14:03:29,569 [Thread-737] INFO  impl.FollowerState (FollowerState.java:run(108)) - 0eccc4cb-77af-4c43-89bd-f01b83be0073@group-1C08CD4F7525-FollowerState: change to CANDIDATE, lastRpcTime:71ms, electionTimeout:71ms
2019-10-18 14:03:29,569 [Thread-737] INFO  impl.RoleInfo (RoleInfo.java:shutdownFollowerState(121)) - 0eccc4cb-77af-4c43-89bd-f01b83be0073: shutdown FollowerState
2019-10-18 14:03:29,569 [Thread-737] INFO  impl.RaftServerImpl (RaftServerImpl.java:setRole(184)) - 0eccc4cb-77af-4c43-89bd-f01b83be0073@group-1C08CD4F7525: changes role from  FOLLOWER to CANDIDATE at term 31 for changeToCandidate
2019-10-18 14:03:29,569 [Thread-737] INFO  impl.RoleInfo (RoleInfo.java:updateAndGet(143)) - 0eccc4cb-77af-4c43-89bd-f01b83be0073: start LeaderElection
2019-10-18 14:03:29,582 [pool-27-thread-1] INFO  storage.RaftStorageDirectory (RaftStorageDirectory.java:tryLock(328)) - Lock on /workdir/hadoop-ozone/integration-test/target/test-dir/MiniOzoneClusterImpl-0aed760e-6e1a-4be6-abfb-431785f69e2b/datanode-0/data/ratis/9d45c675-cfd8-457c-9c5a-30badbdd61d1/in_use.lock acquired by nodename 29037@pr-hdds-2293-fsv7b-60401721
2019-10-18 14:03:29,582 [pool-59-thread-1] INFO  storage.RaftStorageDirectory (RaftStorageDirectory.java:tryLock(328)) - Lock on /workdir/hadoop-ozone/integration-test/target/test-dir/MiniOzoneClusterImpl-0aed760e-6e1a-4be6-abfb-431785f69e2b/datanode-2/data/ratis/9d45c675-cfd8-457c-9c5a-30badbdd61d1/in_use.lock acquired by nodename 29037@pr-hdds-2293-fsv7b-60401721
2019-10-18 14:03:29,582 [pool-37-thread-1] INFO  storage.RaftStorageDirectory (RaftStorageDirectory.java:tryLock(328)) - Lock on /workdir/hadoop-ozone/integration-test/target/test-dir/MiniOzoneClusterImpl-0aed760e-6e1a-4be6-abfb-431785f69e2b/datanode-1/data/ratis/9d45c675-cfd8-457c-9c5a-30badbdd61d1/in_use.lock acquired by nodename 29037@pr-hdds-2293-fsv7b-60401721
2019-10-18 14:03:29,587 [0eccc4cb-77af-4c43-89bd-f01b83be0073@group-1C08CD4F7525-LeaderElection33] INFO  impl.LeaderElection (LeaderElection.java:askForVotes(178)) - 0eccc4cb-77af-4c43-89bd-f01b83be0073@group-1C08CD4F7525-LeaderElection33: begin an election at term 32 for 0: [967a5d84-883e-4fc5-aa88-430cc6c4b93a:192.168.69.124:45994, 524d4c73-bbaf-4142-9273-d20c5a8628b4:192.168.69.124:36511, 0eccc4cb-77af-4c43-89bd-f01b83be0073:192.168.69.124:38580], old=null
2019-10-18 14:03:29,588 [Thread-739] INFO  impl.FollowerState (FollowerState.java:run(108)) - 0eccc4cb-77af-4c43-89bd-f01b83be0073@group-01ABF9DDDBF2-FollowerState: change to CANDIDATE, lastRpcTime:60ms, electionTimeout:60ms
2019-10-18 14:03:29,588 [Thread-739] INFO  impl.RoleInfo (RoleInfo.java:shutdownFollowerState(121)) - 0eccc4cb-77af-4c43-89bd-f01b83be0073: shutdown FollowerState
2019-10-18 14:03:29,588 [Thread-739] INFO  impl.RaftServerImpl (RaftServerImpl.java:setRole(184)) - 0eccc4cb-77af-4c43-89bd-f01b83be0073@group-01ABF9DDDBF2: changes role from  FOLLOWER to CANDIDATE at term 0 for changeToCandidate
2019-10-18 14:03:29,589 [Thread-739] INFO  impl.RoleInfo (RoleInfo.java:updateAndGet(143)) - 0eccc4cb-77af-4c43-89bd-f01b83be0073: start LeaderElection
2019-10-18 14:03:29,591 [grpc-default-executor-3] INFO  impl.RaftServerImpl (RaftServerImpl.java:setRole(184)) - 967a5d84-883e-4fc5-aa88-430cc6c4b93a@group-1C08CD4F7525: changes role from  FOLLOWER to FOLLOWER at term 32 for recognizeCandidate:0eccc4cb-77af-4c43-89bd-f01b83be0073
2019-10-18 14:03:29,592 [grpc-default-executor-3] INFO  impl.RoleInfo (RoleInfo.java:shutdownFollowerState(121)) - 967a5d84-883e-4fc5-aa88-430cc6c4b93a: shutdown FollowerState
2019-10-18 14:03:29,592 [grpc-default-executor-4] INFO  impl.RaftServerImpl (RaftServerImpl.java:setRole(184)) - 524d4c73-bbaf-4142-9273-d20c5a8628b4@group-1C08CD4F7525: changes role from  FOLLOWER to FOLLOWER at term 32 for recognizeCandidate:0eccc4cb-77af-4c43-89bd-f01b83be0073
2019-10-18 14:03:29,592 [grpc-default-executor-3] INFO  impl.RoleInfo (RoleInfo.java:updateAndGet(143)) - 967a5d84-883e-4fc5-aa88-430cc6c4b93a: start FollowerState
2019-10-18 14:03:29,592 [Thread-734] INFO  impl.FollowerState (FollowerState.java:run(117)) - 967a5d84-883e-4fc5-aa88-430cc6c4b93a@group-1C08CD4F7525-FollowerState was interrupted: java.lang.InterruptedException: sleep interrupted
2019-10-18 14:03:29,592 [grpc-default-executor-4] INFO  impl.RoleInfo (RoleInfo.java:shutdownFollowerState(121)) - 524d4c73-bbaf-4142-9273-d20c5a8628b4: shutdown FollowerState
2019-10-18 14:03:29,592 [grpc-default-executor-4] INFO  impl.RoleInfo (RoleInfo.java:updateAndGet(143)) - 524d4c73-bbaf-4142-9273-d20c5a8628b4: start FollowerState
2019-10-18 14:03:29,592 [Thread-735] INFO  impl.FollowerState (FollowerState.java:run(117)) - 524d4c73-bbaf-4142-9273-d20c5a8628b4@group-1C08CD4F7525-FollowerState was interrupted: java.lang.InterruptedException: sleep interrupted
2019-10-18 14:03:29,598 [pool-59-thread-1] INFO  storage.RaftStorage (RaftStorage.java:format(84)) - Storage directory /workdir/hadoop-ozone/integration-test/target/test-dir/MiniOzoneClusterImpl-0aed760e-6e1a-4be6-abfb-431785f69e2b/datanode-2/data/ratis/9d45c675-cfd8-457c-9c5a-30badbdd61d1 has been successfully formatted.
2019-10-18 14:03:29,598 [pool-27-thread-1] INFO  storage.RaftStorage (RaftStorage.java:format(84)) - Storage directory /workdir/hadoop-ozone/integration-test/target/test-dir/MiniOzoneClusterImpl-0aed760e-6e1a-4be6-abfb-431785f69e2b/datanode-0/data/ratis/9d45c675-cfd8-457c-9c5a-30badbdd61d1 has been successfully formatted.
2019-10-18 14:03:29,598 [pool-37-thread-1] INFO  storage.RaftStorage (RaftStorage.java:format(84)) - Storage directory /workdir/hadoop-ozone/integration-test/target/test-dir/MiniOzoneClusterImpl-0aed760e-6e1a-4be6-abfb-431785f69e2b/datanode-1/data/ratis/9d45c675-cfd8-457c-9c5a-30badbdd61d1 has been successfully formatted.
2019-10-18 14:03:29,599 [pool-37-thread-1] INFO  ratis.ContainerStateMachine (ContainerStateMachine.java:loadSnapshot(231)) - group-30BADBDD61D1: The snapshot info is null. Setting the last applied indexto:(t:0, i:~)
2019-10-18 14:03:29,599 [pool-59-thread-1] INFO  ratis.ContainerStateMachine (ContainerStateMachine.java:loadSnapshot(231)) - group-30BADBDD61D1: The snapshot info is null. Setting the last applied indexto:(t:0, i:~)
2019-10-18 14:03:29,599 [pool-27-thread-1] INFO  ratis.ContainerStateMachine (ContainerStateMachine.java:loadSnapshot(231)) - group-30BADBDD61D1: The snapshot info is null. Setting the last applied indexto:(t:0, i:~)
2019-10-18 14:03:29,599 [pool-59-thread-1] INFO  server.RaftServerConfigKeys (ConfUtils.java:logGet(43)) - raft.server.notification.no-leader.timeout = 1000s (custom)
2019-10-18 14:03:29,599 [pool-37-thread-1] INFO  server.RaftServerConfigKeys (ConfUtils.java:logGet(43)) - raft.server.notification.no-leader.timeout = 1000s (custom)
2019-10-18 14:03:29,600 [pool-59-thread-1] INFO  server.RaftServerConfigKeys (ConfUtils.java:logGet(43)) - raft.server.log.use.memory = false (default)
2019-10-18 14:03:29,600 [pool-27-thread-1] INFO  server.RaftServerConfigKeys (ConfUtils.java:logGet(43)) - raft.server.notification.no-leader.timeout = 1000s (custom)
2019-10-18 14:03:29,600 [pool-59-thread-1] INFO  server.RaftServerConfigKeys (ConfUtils.java:logGet(43)) - raft.server.log.purge.gap = 1000000 (custom)
2019-10-18 14:03:29,600 [pool-37-thread-1] INFO  server.RaftServerConfigKeys (ConfUtils.java:logGet(43)) - raft.server.log.use.memory = false (default)
2019-10-18 14:03:29,600 [0eccc4cb-77af-4c43-89bd-f01b83be0073@group-01ABF9DDDBF2-LeaderElection34] INFO  impl.LeaderElection (LeaderElection.java:askForVotes(178)) - 0eccc4cb-77af-4c43-89bd-f01b83be0073@group-01ABF9DDDBF2-LeaderElection34: begin an election at term 1 for -1: [0eccc4cb-77af-4c43-89bd-f01b83be0073:192.168.69.124:38580], old=null
2019-10-18 14:03:29,601 [pool-37-thread-1] INFO  server.RaftServerConfigKeys (ConfUtils.java:logGet(43)) - raft.server.log.purge.gap = 1000000 (custom)
2019-10-18 14:03:29,600 [pool-59-thread-1] INFO  server.RaftServerConfigKeys (ConfUtils.java:logGet(43)) - raft.server.log.appender.buffer.byte-limit = 33554432 (custom)
2019-10-18 14:03:29,600 [pool-27-thread-1] INFO  server.RaftServerConfigKeys (ConfUtils.java:logGet(43)) - raft.server.log.use.memory = false (default)
2019-10-18 14:03:29,601 [pool-59-thread-1] INFO  server.RaftServerConfigKeys (ConfUtils.java:logGet(43)) - raft.server.log.segment.size.max = 1048576 (custom)
2019-10-18 14:03:29,601 [0eccc4cb-77af-4c43-89bd-f01b83be0073@group-1C08CD4F7525-LeaderElection33] INFO  impl.LeaderElection (LeaderElection.java:logAndReturn(56)) - 0eccc4cb-77af-4c43-89bd-f01b83be0073@group-1C08CD4F7525-LeaderElection33: Election REJECTED; received 2 response(s) [0eccc4cb-77af-4c43-89bd-f01b83be0073<-967a5d84-883e-4fc5-aa88-430cc6c4b93a#0:FAIL-t32, 0eccc4cb-77af-4c43-89bd-f01b83be0073<-524d4c73-bbaf-4142-9273-d20c5a8628b4#0:FAIL-t32] and 0 exception(s); 0eccc4cb-77af-4c43-89bd-f01b83be0073@group-1C08CD4F7525:t32, leader=null, voted=0eccc4cb-77af-4c43-89bd-f01b83be0073, raftlog=0eccc4cb-77af-4c43-89bd-f01b83be0073@group-1C08CD4F7525-SegmentedRaftLog:OPENED:c3,f4,i4, conf=0: [967a5d84-883e-4fc5-aa88-430cc6c4b93a:192.168.69.124:45994, 524d4c73-bbaf-4142-9273-d20c5a8628b4:192.168.69.124:36511, 0eccc4cb-77af-4c43-89bd-f01b83be0073:192.168.69.124:38580], old=null
2019-10-18 14:03:29,601 [pool-37-thread-1] INFO  server.RaftServerConfigKeys (ConfUtils.java:logGet(43)) - raft.server.log.appender.buffer.byte-limit = 33554432 (custom)
2019-10-18 14:03:29,601 [0eccc4cb-77af-4c43-89bd-f01b83be0073@group-01ABF9DDDBF2-LeaderElection34] INFO  impl.RoleInfo (RoleInfo.java:shutdownLeaderElection(134)) - 0eccc4cb-77af-4c43-89bd-f01b83be0073: shutdown LeaderElection
2019-10-18 14:03:29,602 [pool-37-thread-1] INFO  server.RaftServerConfigKeys (ConfUtils.java:logGet(43)) - raft.server.log.segment.size.max = 1048576 (custom)
2019-10-18 14:03:29,601 [0eccc4cb-77af-4c43-89bd-f01b83be0073@group-1C08CD4F7525-LeaderElection33] INFO  impl.RaftServerImpl (RaftServerImpl.java:setRole(184)) - 0eccc4cb-77af-4c43-89bd-f01b83be0073@group-1C08CD4F7525: changes role from CANDIDATE to FOLLOWER at term 32 for DISCOVERED_A_NEW_TERM
2019-10-18 14:03:29,602 [0eccc4cb-77af-4c43-89bd-f01b83be0073@group-1C08CD4F7525-LeaderElection33] INFO  impl.RoleInfo (RoleInfo.java:shutdownLeaderElection(134)) - 0eccc4cb-77af-4c43-89bd-f01b83be0073: shutdown LeaderElection
2019-10-18 14:03:29,601 [pool-59-thread-1] INFO  server.RaftServerConfigKeys (ConfUtils.java:logGet(43)) - raft.server.log.segment.cache.num.max = 2 (custom)
2019-10-18 14:03:29,601 [pool-27-thread-1] INFO  server.RaftServerConfigKeys (ConfUtils.java:logGet(43)) - raft.server.log.purge.gap = 1000000 (custom)
2019-10-18 14:03:29,603 [pool-59-thread-1] INFO  segmented.SegmentedRaftLogWorker (SegmentedRaftLogWorker.java:<init>(173)) - new 0eccc4cb-77af-4c43-89bd-f01b83be0073@group-30BADBDD61D1-SegmentedRaftLogWorker for RaftStorage:Storage Directory /workdir/hadoop-ozone/integration-test/target/test-dir/MiniOzoneClusterImpl-0aed760e-6e1a-4be6-abfb-431785f69e2b/datanode-2/data/ratis/9d45c675-cfd8-457c-9c5a-30badbdd61d1
2019-10-18 14:03:29,602 [0eccc4cb-77af-4c43-89bd-f01b83be0073@group-1C08CD4F7525-LeaderElection33] INFO  impl.RoleInfo (RoleInfo.java:updateAndGet(143)) - 0eccc4cb-77af-4c43-89bd-f01b83be0073: start FollowerState
2019-10-18 14:03:29,602 [pool-37-thread-1] INFO  server.RaftServerConfigKeys (ConfUtils.java:logGet(43)) - raft.server.log.segment.cache.num.max = 2 (custom)
2019-10-18 14:03:29,603 [pool-37-thread-1] INFO  segmented.SegmentedRaftLogWorker (SegmentedRaftLogWorker.java:<init>(173)) - new 524d4c73-bbaf-4142-9273-d20c5a8628b4@group-30BADBDD61D1-SegmentedRaftLogWorker for RaftStorage:Storage Directory /workdir/hadoop-ozone/integration-test/target/test-dir/MiniOzoneClusterImpl-0aed760e-6e1a-4be6-abfb-431785f69e2b/datanode-1/data/ratis/9d45c675-cfd8-457c-9c5a-30badbdd61d1
2019-10-18 14:03:29,602 [0eccc4cb-77af-4c43-89bd-f01b83be0073@group-01ABF9DDDBF2-LeaderElection34] INFO  impl.RaftServerImpl (RaftServerImpl.java:setRole(184)) - 0eccc4cb-77af-4c43-89bd-f01b83be0073@group-01ABF9DDDBF2: changes role from CANDIDATE to LEADER at term 1 for changeToLeader
2019-10-18 14:03:29,603 [pool-37-thread-1] INFO  server.RaftServerConfigKeys (ConfUtils.java:logGet(43)) - raft.server.log.queue.byte-limit = 2147483647 (custom)
2019-10-18 14:03:29,603 [pool-59-thread-1] INFO  server.RaftServerConfigKeys (ConfUtils.java:logGet(43)) - raft.server.log.queue.byte-limit = 2147483647 (custom)
2019-10-18 14:03:29,603 [pool-27-thread-1] INFO  server.RaftServerConfigKeys (ConfUtils.java:logGet(43)) - raft.server.log.appender.buffer.byte-limit = 33554432 (custom)
2019-10-18 14:03:29,604 [pool-59-thread-1] INFO  server.RaftServerConfigKeys (ConfUtils.java:logGet(43)) - raft.server.log.queue.element-limit = 1024 (custom)
2019-10-18 14:03:29,604 [pool-37-thread-1] INFO  server.RaftServerConfigKeys (ConfUtils.java:logGet(43)) - raft.server.log.queue.element-limit = 1024 (custom)
2019-10-18 14:03:29,604 [0eccc4cb-77af-4c43-89bd-f01b83be0073@group-01ABF9DDDBF2-LeaderElection34] INFO  impl.RaftServerImpl (ServerState.java:setLeader(256)) - 0eccc4cb-77af-4c43-89bd-f01b83be0073@group-01ABF9DDDBF2: change Leader from null to 0eccc4cb-77af-4c43-89bd-f01b83be0073 at term 1 for becomeLeader, leader elected after 80ms
2019-10-18 14:03:29,604 [pool-37-thread-1] INFO  server.RaftServerConfigKeys (ConfUtils.java:logGet(43)) - raft.server.log.segment.size.max = 1048576 (custom)
2019-10-18 14:03:29,604 [pool-59-thread-1] INFO  server.RaftServerConfigKeys (ConfUtils.java:logGet(43)) - raft.server.log.segment.size.max = 1048576 (custom)
2019-10-18 14:03:29,605 [pool-59-thread-1] INFO  server.RaftServerConfigKeys (ConfUtils.java:logGet(43)) - raft.server.log.preallocated.size = 16384 (custom)
2019-10-18 14:03:29,604 [pool-27-thread-1] INFO  server.RaftServerConfigKeys (ConfUtils.java:logGet(43)) - raft.server.log.segment.size.max = 1048576 (custom)
2019-10-18 14:03:29,605 [pool-59-thread-1] INFO  server.RaftServerConfigKeys (ConfUtils.java:logGet(43)) - raft.server.log.write.buffer.size = 33554432 (custom)
2019-10-18 14:03:29,605 [pool-59-thread-1] INFO  server.RaftServerConfigKeys (ConfUtils.java:logGet(43)) - raft.server.log.force.sync.num = 128 (default)
2019-10-18 14:03:29,605 [pool-37-thread-1] INFO  server.RaftServerConfigKeys (ConfUtils.java:logGet(43)) - raft.server.log.preallocated.size = 16384 (custom)
2019-10-18 14:03:29,605 [0eccc4cb-77af-4c43-89bd-f01b83be0073@group-01ABF9DDDBF2-LeaderElection34] INFO  server.RaftServerConfigKeys (ConfUtils.java:logGet(43)) - raft.server.staging.catchup.gap = 1000 (default)
2019-10-18 14:03:29,606 [pool-37-thread-1] INFO  server.RaftServerConfigKeys (ConfUtils.java:logGet(43)) - raft.server.log.write.buffer.size = 33554432 (custom)
2019-10-18 14:03:29,605 [pool-59-thread-1] INFO  server.RaftServerConfigKeys (ConfUtils.java:logGet(43)) - raft.server.log.statemachine.data.sync = true (default)
2019-10-18 14:03:29,605 [pool-27-thread-1] INFO  server.RaftServerConfigKeys (ConfUtils.java:logGet(43)) - raft.server.log.segment.cache.num.max = 2 (custom)
2019-10-18 14:03:29,606 [pool-59-thread-1] INFO  server.RaftServerConfigKeys (ConfUtils.java:logGet(43)) - raft.server.log.statemachine.data.sync.timeout = 10s (default)
2019-10-18 14:03:29,606 [pool-37-thread-1] INFO  server.RaftServerConfigKeys (ConfUtils.java:logGet(43)) - raft.server.log.force.sync.num = 128 (default)
2019-10-18 14:03:29,607 [pool-37-thread-1] INFO  server.RaftServerConfigKeys (ConfUtils.java:logGet(43)) - raft.server.log.statemachine.data.sync = true (default)
2019-10-18 14:03:29,606 [0eccc4cb-77af-4c43-89bd-f01b83be0073@group-01ABF9DDDBF2-LeaderElection34] INFO  server.RaftServerConfigKeys (ConfUtils.java:logGet(43)) - raft.server.rpc.sleep.time = 25ms (default)
2019-10-18 14:03:29,607 [pool-37-thread-1] INFO  server.RaftServerConfigKeys (ConfUtils.java:logGet(43)) - raft.server.log.statemachine.data.sync.timeout = 10s (default)
2019-10-18 14:03:29,607 [pool-59-thread-1] INFO  server.RaftServerConfigKeys (ConfUtils.java:logGet(43)) - raft.server.log.statemachine.data.sync.timeout.retry = -1 (default)
2019-10-18 14:03:29,606 [pool-27-thread-1] INFO  segmented.SegmentedRaftLogWorker (SegmentedRaftLogWorker.java:<init>(173)) - new 967a5d84-883e-4fc5-aa88-430cc6c4b93a@group-30BADBDD61D1-SegmentedRaftLogWorker for RaftStorage:Storage Directory /workdir/hadoop-ozone/integration-test/target/test-dir/MiniOzoneClusterImpl-0aed760e-6e1a-4be6-abfb-431785f69e2b/datanode-0/data/ratis/9d45c675-cfd8-457c-9c5a-30badbdd61d1
2019-10-18 14:03:29,607 [pool-59-thread-1] INFO  server.RaftServerConfigKeys (ConfUtils.java:logGet(43)) - raft.server.log.statemachine.data.caching.enabled = true (custom)
2019-10-18 14:03:29,607 [0eccc4cb-77af-4c43-89bd-f01b83be0073@group-01ABF9DDDBF2-LeaderElection34] INFO  server.RaftServerConfigKeys (ConfUtils.java:logGet(43)) - raft.server.write.element-limit = 4096 (default)
2019-10-18 14:03:29,607 [pool-37-thread-1] INFO  server.RaftServerConfigKeys (ConfUtils.java:logGet(43)) - raft.server.log.statemachine.data.sync.timeout.retry = -1 (default)
2019-10-18 14:03:29,608 [pool-59-thread-1] INFO  segmented.SegmentedRaftLogWorker (SegmentedRaftLogWorker.java:lambda$new$0(128)) - 0eccc4cb-77af-4c43-89bd-f01b83be0073@group-30BADBDD61D1-SegmentedRaftLogWorker: flushIndex: setUnconditionally 0 -> -1
2019-10-18 14:03:29,608 [0eccc4cb-77af-4c43-89bd-f01b83be0073@group-01ABF9DDDBF2-LeaderElection34] INFO  server.RaftServerConfigKeys (ConfUtils.java:logGet(43)) - raft.server.watch.timeout = 10s (default)
2019-10-18 14:03:29,607 [pool-27-thread-1] INFO  server.RaftServerConfigKeys (ConfUtils.java:logGet(43)) - raft.server.log.queue.byte-limit = 2147483647 (custom)
2019-10-18 14:03:29,608 [0eccc4cb-77af-4c43-89bd-f01b83be0073@group-01ABF9DDDBF2-LeaderElection34] INFO  server.RaftServerConfigKeys (ConfUtils.java:logGet(43)) - raft.server.watch.timeout.denomination = 1s (default)
2019-10-18 14:03:29,608 [pool-59-thread-1] INFO  server.RaftServerConfigKeys (ConfUtils.java:logGet(43)) - raft.server.snapshot.auto.trigger.enabled = true (custom)
2019-10-18 14:03:29,608 [pool-37-thread-1] INFO  server.RaftServerConfigKeys (ConfUtils.java:logGet(43)) - raft.server.log.statemachine.data.caching.enabled = true (custom)
2019-10-18 14:03:29,609 [pool-59-thread-1] INFO  server.RaftServerConfigKeys (ConfUtils.java:logGet(43)) - raft.server.snapshot.auto.trigger.threshold = 10000 (custom)
2019-10-18 14:03:29,609 [0eccc4cb-77af-4c43-89bd-f01b83be0073@group-01ABF9DDDBF2-LeaderElection34] INFO  server.RaftServerConfigKeys (ConfUtils.java:logGet(43)) - raft.server.watch.element-limit = 65536 (default)
2019-10-18 14:03:29,609 [pool-27-thread-1] INFO  server.RaftServerConfigKeys (ConfUtils.java:logGet(43)) - raft.server.log.queue.element-limit = 1024 (custom)
2019-10-18 14:03:29,609 [pool-37-thread-1] INFO  segmented.SegmentedRaftLogWorker (SegmentedRaftLogWorker.java:lambda$new$0(128)) - 524d4c73-bbaf-4142-9273-d20c5a8628b4@group-30BADBDD61D1-SegmentedRaftLogWorker: flushIndex: setUnconditionally 0 -> -1
2019-10-18 14:03:29,609 [pool-59-thread-1] INFO  server.RaftServerConfigKeys (ConfUtils.java:logGet(43)) - raft.server.snapshot.retention.file.num = 5 (custom)
2019-10-18 14:03:29,610 [pool-37-thread-1] INFO  server.RaftServerConfigKeys (ConfUtils.java:logGet(43)) - raft.server.snapshot.auto.trigger.enabled = true (custom)
2019-10-18 14:03:29,609 [pool-27-thread-1] INFO  server.RaftServerConfigKeys (ConfUtils.java:logGet(43)) - raft.server.log.segment.size.max = 1048576 (custom)
2019-10-18 14:03:29,610 [pool-37-thread-1] INFO  server.RaftServerConfigKeys (ConfUtils.java:logGet(43)) - raft.server.snapshot.auto.trigger.threshold = 10000 (custom)
2019-10-18 14:03:29,610 [pool-59-thread-1] INFO  server.RaftServerConfigKeys (ConfUtils.java:logGet(43)) - raft.server.retrycache.expirytime = 600000ms (custom)
2019-10-18 14:03:29,610 [pool-37-thread-1] INFO  server.RaftServerConfigKeys (ConfUtils.java:logGet(43)) - raft.server.snapshot.retention.file.num = 5 (custom)
2019-10-18 14:03:29,610 [pool-27-thread-1] INFO  server.RaftServerConfigKeys (ConfUtils.java:logGet(43)) - raft.server.log.preallocated.size = 16384 (custom)
2019-10-18 14:03:29,610 [pool-37-thread-1] INFO  server.RaftServerConfigKeys (ConfUtils.java:logGet(43)) - raft.server.retrycache.expirytime = 600000ms (custom)
2019-10-18 14:03:29,611 [pool-27-thread-1] INFO  server.RaftServerConfigKeys (ConfUtils.java:logGet(43)) - raft.server.log.write.buffer.size = 33554432 (custom)
2019-10-18 14:03:29,611 [pool-27-thread-1] INFO  server.RaftServerConfigKeys (ConfUtils.java:logGet(43)) - raft.server.log.force.sync.num = 128 (default)
2019-10-18 14:03:29,611 [pool-27-thread-1] INFO  server.RaftServerConfigKeys (ConfUtils.java:logGet(43)) - raft.server.log.statemachine.data.sync = true (default)
2019-10-18 14:03:29,611 [pool-27-thread-1] INFO  server.RaftServerConfigKeys (ConfUtils.java:logGet(43)) - raft.server.log.statemachine.data.sync.timeout = 10s (default)
2019-10-18 14:03:29,611 [pool-27-thread-1] INFO  server.RaftServerConfigKeys (ConfUtils.java:logGet(43)) - raft.server.log.statemachine.data.sync.timeout.retry = -1 (default)
2019-10-18 14:03:29,611 [pool-27-thread-1] INFO  server.RaftServerConfigKeys (ConfUtils.java:logGet(43)) - raft.server.log.statemachine.data.caching.enabled = true (custom)
2019-10-18 14:03:29,612 [pool-27-thread-1] INFO  segmented.SegmentedRaftLogWorker (SegmentedRaftLogWorker.java:lambda$new$0(128)) - 967a5d84-883e-4fc5-aa88-430cc6c4b93a@group-30BADBDD61D1-SegmentedRaftLogWorker: flushIndex: setUnconditionally 0 -> -1
2019-10-18 14:03:29,612 [pool-27-thread-1] INFO  server.RaftServerConfigKeys (ConfUtils.java:logGet(43)) - raft.server.snapshot.auto.trigger.enabled = true (custom)
2019-10-18 14:03:29,612 [pool-27-thread-1] INFO  server.RaftServerConfigKeys (ConfUtils.java:logGet(43)) - raft.server.snapshot.auto.trigger.threshold = 10000 (custom)
2019-10-18 14:03:29,612 [pool-27-thread-1] INFO  server.RaftServerConfigKeys (ConfUtils.java:logGet(43)) - raft.server.snapshot.retention.file.num = 5 (custom)
2019-10-18 14:03:29,612 [pool-27-thread-1] INFO  server.RaftServerConfigKeys (ConfUtils.java:logGet(43)) - raft.server.retrycache.expirytime = 600000ms (custom)
2019-10-18 14:03:29,614 [0eccc4cb-77af-4c43-89bd-f01b83be0073@group-01ABF9DDDBF2-LeaderElection34] INFO  impl.RoleInfo (RoleInfo.java:updateAndGet(143)) - 0eccc4cb-77af-4c43-89bd-f01b83be0073: start LeaderState
2019-10-18 14:03:29,615 [0eccc4cb-77af-4c43-89bd-f01b83be0073@group-01ABF9DDDBF2-LeaderElection34] INFO  segmented.SegmentedRaftLogWorker (SegmentedRaftLogWorker.java:startLogSegment(385)) - 0eccc4cb-77af-4c43-89bd-f01b83be0073@group-01ABF9DDDBF2-SegmentedRaftLogWorker: Starting segment from index:0
2019-10-18 14:03:29,615 [0eccc4cb-77af-4c43-89bd-f01b83be0073@group-01ABF9DDDBF2-LeaderElection34] INFO  impl.RaftServerImpl (ServerState.java:setRaftConf(357)) - 0eccc4cb-77af-4c43-89bd-f01b83be0073@group-01ABF9DDDBF2: set configuration 0: [0eccc4cb-77af-4c43-89bd-f01b83be0073:192.168.69.124:38580], old=null at 0
2019-10-18 14:03:29,616 [pool-59-thread-1] INFO  impl.RaftServerImpl (RaftServerImpl.java:start(195)) - 0eccc4cb-77af-4c43-89bd-f01b83be0073@group-30BADBDD61D1: start as a follower, conf=-1: [967a5d84-883e-4fc5-aa88-430cc6c4b93a:192.168.69.124:45994, 524d4c73-bbaf-4142-9273-d20c5a8628b4:192.168.69.124:36511, 0eccc4cb-77af-4c43-89bd-f01b83be0073:192.168.69.124:38580], old=null
2019-10-18 14:03:29,616 [pool-59-thread-1] INFO  impl.RaftServerImpl (RaftServerImpl.java:setRole(184)) - 0eccc4cb-77af-4c43-89bd-f01b83be0073@group-30BADBDD61D1: changes role from      null to FOLLOWER at term 0 for startAsFollower
2019-10-18 14:03:29,616 [pool-59-thread-1] INFO  impl.RoleInfo (RoleInfo.java:updateAndGet(143)) - 0eccc4cb-77af-4c43-89bd-f01b83be0073: start FollowerState
2019-10-18 14:03:29,616 [pool-37-thread-1] INFO  impl.RaftServerImpl (RaftServerImpl.java:start(195)) - 524d4c73-bbaf-4142-9273-d20c5a8628b4@group-30BADBDD61D1: start as a follower, conf=-1: [967a5d84-883e-4fc5-aa88-430cc6c4b93a:192.168.69.124:45994, 524d4c73-bbaf-4142-9273-d20c5a8628b4:192.168.69.124:36511, 0eccc4cb-77af-4c43-89bd-f01b83be0073:192.168.69.124:38580], old=null
2019-10-18 14:03:29,616 [pool-37-thread-1] INFO  impl.RaftServerImpl (RaftServerImpl.java:setRole(184)) - 524d4c73-bbaf-4142-9273-d20c5a8628b4@group-30BADBDD61D1: changes role from      null to FOLLOWER at term 0 for startAsFollower
2019-10-18 14:03:29,617 [pool-59-thread-1] INFO  util.JmxRegister (JmxRegister.java:tryRegister(44)) - Successfully registered JMX Bean with object name Ratis:service=RaftServer,group=group-30BADBDD61D1,id=0eccc4cb-77af-4c43-89bd-f01b83be0073
2019-10-18 14:03:29,617 [pool-37-thread-1] INFO  impl.RoleInfo (RoleInfo.java:updateAndGet(143)) - 524d4c73-bbaf-4142-9273-d20c5a8628b4: start FollowerState
2019-10-18 14:03:29,617 [pool-27-thread-1] INFO  impl.RaftServerImpl (RaftServerImpl.java:start(195)) - 967a5d84-883e-4fc5-aa88-430cc6c4b93a@group-30BADBDD61D1: start as a follower, conf=-1: [967a5d84-883e-4fc5-aa88-430cc6c4b93a:192.168.69.124:45994, 524d4c73-bbaf-4142-9273-d20c5a8628b4:192.168.69.124:36511, 0eccc4cb-77af-4c43-89bd-f01b83be0073:192.168.69.124:38580], old=null
2019-10-18 14:03:29,617 [pool-37-thread-1] INFO  util.JmxRegister (JmxRegister.java:tryRegister(44)) - Successfully registered JMX Bean with object name Ratis:service=RaftServer,group=group-30BADBDD61D1,id=524d4c73-bbaf-4142-9273-d20c5a8628b4
2019-10-18 14:03:29,617 [pool-27-thread-1] INFO  impl.RaftServerImpl (RaftServerImpl.java:setRole(184)) - 967a5d84-883e-4fc5-aa88-430cc6c4b93a@group-30BADBDD61D1: changes role from      null to FOLLOWER at term 0 for startAsFollower
2019-10-18 14:03:29,618 [pool-27-thread-1] INFO  impl.RoleInfo (RoleInfo.java:updateAndGet(143)) - 967a5d84-883e-4fc5-aa88-430cc6c4b93a: start FollowerState
2019-10-18 14:03:29,618 [pool-27-thread-1] INFO  util.JmxRegister (JmxRegister.java:tryRegister(44)) - Successfully registered JMX Bean with object name Ratis:service=RaftServer,group=group-30BADBDD61D1,id=967a5d84-883e-4fc5-aa88-430cc6c4b93a
2019-10-18 14:03:29,653 [RatisPipelineUtilsThread] INFO  pipeline.PipelineStateManager (PipelineStateManager.java:addPipeline(56)) - Created pipeline Pipeline[ Id: 9d45c675-cfd8-457c-9c5a-30badbdd61d1, Nodes: 0eccc4cb-77af-4c43-89bd-f01b83be0073{ip: 192.168.69.124, host: pr-hdds-2293-fsv7b-60401721, networkLocation: /default-rack, certSerialId: null}524d4c73-bbaf-4142-9273-d20c5a8628b4{ip: 192.168.69.124, host: pr-hdds-2293-fsv7b-60401721, networkLocation: /default-rack, certSerialId: null}967a5d84-883e-4fc5-aa88-430cc6c4b93a{ip: 192.168.69.124, host: pr-hdds-2293-fsv7b-60401721, networkLocation: /default-rack, certSerialId: null}, Type:RATIS, Factor:THREE, State:OPEN]
2019-10-18 14:03:29,672 [0eccc4cb-77af-4c43-89bd-f01b83be0073@group-01ABF9DDDBF2-SegmentedRaftLogWorker] INFO  segmented.SegmentedRaftLogWorker (SegmentedRaftLogWorker.java:execute(576)) - 0eccc4cb-77af-4c43-89bd-f01b83be0073@group-01ABF9DDDBF2-SegmentedRaftLogWorker: created new log segment /workdir/hadoop-ozone/integration-test/target/test-dir/MiniOzoneClusterImpl-0aed760e-6e1a-4be6-abfb-431785f69e2b/datanode-2/data/ratis/46d604ad-1951-4754-92ce-01abf9dddbf2/current/log_inprogress_0
2019-10-18 14:03:29,683 [pool-7-thread-1] INFO  commands.RetriableDatanodeEventWatcher (RetriableDatanodeEventWatcher.java:onTimeout(47)) - RetriableDatanodeCommand type=deleteBlocksCommand with id=1571407402677 timed out. Retrying.
2019-10-18 14:03:29,685 [pool-7-thread-1] INFO  commands.RetriableDatanodeEventWatcher (RetriableDatanodeEventWatcher.java:onTimeout(47)) - RetriableDatanodeCommand type=deleteBlocksCommand with id=1571407402683 timed out. Retrying.
2019-10-18 14:03:29,685 [pool-7-thread-4] INFO  commands.RetriableDatanodeEventWatcher (RetriableDatanodeEventWatcher.java:onTimeout(47)) - RetriableDatanodeCommand type=deleteBlocksCommand with id=1571407402682 timed out. Retrying.
2019-10-18 14:03:29,685 [pool-7-thread-5] INFO  commands.RetriableDatanodeEventWatcher (RetriableDatanodeEventWatcher.java:onTimeout(47)) - RetriableDatanodeCommand type=deleteBlocksCommand with id=1571407402685 timed out. Retrying.
2019-10-18 14:03:29,685 [pool-7-thread-1] INFO  commands.RetriableDatanodeEventWatcher (RetriableDatanodeEventWatcher.java:onTimeout(47)) - RetriableDatanodeCommand type=deleteBlocksCommand with id=1571407402684 timed out. Retrying.
2019-10-18 14:03:29,685 [pool-7-thread-2] INFO  commands.RetriableDatanodeEventWatcher (RetriableDatanodeEventWatcher.java:onTimeout(47)) - RetriableDatanodeCommand type=deleteBlocksCommand with id=1571407402680 timed out. Retrying.
2019-10-18 14:03:29,686 [pool-7-thread-3] INFO  commands.RetriableDatanodeEventWatcher (RetriableDatanodeEventWatcher.java:onTimeout(47)) - RetriableDatanodeCommand type=deleteBlocksCommand with id=1571407402681 timed out. Retrying.
2019-10-18 14:03:29,686 [SCMBlockDeletingService#0] INFO  block.SCMBlockDeletingService (SCMBlockDeletingService.java:call(184)) - Totally added 1 delete blocks command for 1 datanodes, task elapsed time: 0ms
2019-10-18 14:03:29,694 [Thread-759] INFO  client.GrpcClientProtocolService (GrpcClientProtocolService.java:lambda$processClientRequest$0(278)) - Failed RaftClientRequest:client-D27B19DE1784->524d4c73-bbaf-4142-9273-d20c5a8628b4@group-1C08CD4F7525, cid=10, seq=0, Watch-ALL_COMMITTED(6), Message:<EMPTY>, reply=RaftClientReply:client-D27B19DE1784->524d4c73-bbaf-4142-9273-d20c5a8628b4@group-1C08CD4F7525, cid=10, FAILED org.apache.ratis.protocol.NotLeaderException: Server 524d4c73-bbaf-4142-9273-d20c5a8628b4@group-1C08CD4F7525 is not the leader, logIndex=0, commits[524d4c73-bbaf-4142-9273-d20c5a8628b4:c10, 967a5d84-883e-4fc5-aa88-430cc6c4b93a:c10, 0eccc4cb-77af-4c43-89bd-f01b83be0073:c4]
2019-10-18 14:03:29,697 [Thread-752] INFO  impl.FollowerState (FollowerState.java:run(108)) - 0eccc4cb-77af-4c43-89bd-f01b83be0073@group-30BADBDD61D1-FollowerState: change to CANDIDATE, lastRpcTime:80ms, electionTimeout:80ms
2019-10-18 14:03:29,697 [Thread-752] INFO  impl.RoleInfo (RoleInfo.java:shutdownFollowerState(121)) - 0eccc4cb-77af-4c43-89bd-f01b83be0073: shutdown FollowerState
2019-10-18 14:03:29,697 [Thread-752] INFO  impl.RaftServerImpl (RaftServerImpl.java:setRole(184)) - 0eccc4cb-77af-4c43-89bd-f01b83be0073@group-30BADBDD61D1: changes role from  FOLLOWER to CANDIDATE at term 0 for changeToCandidate
2019-10-18 14:03:29,697 [Thread-752] INFO  impl.RoleInfo (RoleInfo.java:updateAndGet(143)) - 0eccc4cb-77af-4c43-89bd-f01b83be0073: start LeaderElection
2019-10-18 14:03:29,701 [Thread-747] INFO  impl.FollowerState (FollowerState.java:run(108)) - 0eccc4cb-77af-4c43-89bd-f01b83be0073@group-1C08CD4F7525-FollowerState: change to CANDIDATE, lastRpcTime:98ms, electionTimeout:98ms
2019-10-18 14:03:29,702 [Thread-747] INFO  impl.RoleInfo (RoleInfo.java:shutdownFollowerState(121)) - 0eccc4cb-77af-4c43-89bd-f01b83be0073: shutdown FollowerState
2019-10-18 14:03:29,704 [Thread-747] INFO  impl.RaftServerImpl (RaftServerImpl.java:setRole(184)) - 0eccc4cb-77af-4c43-89bd-f01b83be0073@group-1C08CD4F7525: changes role from  FOLLOWER to CANDIDATE at term 32 for changeToCandidate
2019-10-18 14:03:29,704 [Thread-747] INFO  impl.RoleInfo (RoleInfo.java:updateAndGet(143)) - 0eccc4cb-77af-4c43-89bd-f01b83be0073: start LeaderElection
2019-10-18 14:03:29,717 [0eccc4cb-77af-4c43-89bd-f01b83be0073@group-1C08CD4F7525-LeaderElection36] INFO  impl.LeaderElection (LeaderElection.java:askForVotes(178)) - 0eccc4cb-77af-4c43-89bd-f01b83be0073@group-1C08CD4F7525-LeaderElection36: begin an election at term 33 for 0: [967a5d84-883e-4fc5-aa88-430cc6c4b93a:192.168.69.124:45994, 524d4c73-bbaf-4142-9273-d20c5a8628b4:192.168.69.124:36511, 0eccc4cb-77af-4c43-89bd-f01b83be0073:192.168.69.124:38580], old=null
2019-10-18 14:03:29,717 [0eccc4cb-77af-4c43-89bd-f01b83be0073@group-30BADBDD61D1-LeaderElection35] INFO  impl.LeaderElection (LeaderElection.java:askForVotes(178)) - 0eccc4cb-77af-4c43-89bd-f01b83be0073@group-30BADBDD61D1-LeaderElection35: begin an election at term 1 for -1: [967a5d84-883e-4fc5-aa88-430cc6c4b93a:192.168.69.124:45994, 524d4c73-bbaf-4142-9273-d20c5a8628b4:192.168.69.124:36511, 0eccc4cb-77af-4c43-89bd-f01b83be0073:192.168.69.124:38580], old=null
2019-10-18 14:03:29,720 [grpc-default-executor-3] INFO  impl.RaftServerImpl (RaftServerImpl.java:setRole(184)) - 524d4c73-bbaf-4142-9273-d20c5a8628b4@group-1C08CD4F7525: changes role from  FOLLOWER to FOLLOWER at term 33 for recognizeCandidate:0eccc4cb-77af-4c43-89bd-f01b83be0073
2019-10-18 14:03:29,721 [grpc-default-executor-3] INFO  impl.RoleInfo (RoleInfo.java:shutdownFollowerState(121)) - 524d4c73-bbaf-4142-9273-d20c5a8628b4: shutdown FollowerState
2019-10-18 14:03:29,720 [grpc-default-executor-4] INFO  impl.RaftServerImpl (RaftServerImpl.java:setRole(184)) - 524d4c73-bbaf-4142-9273-d20c5a8628b4@group-30BADBDD61D1: changes role from  FOLLOWER to FOLLOWER at term 1 for recognizeCandidate:0eccc4cb-77af-4c43-89bd-f01b83be0073
2019-10-18 14:03:29,722 [grpc-default-executor-3] INFO  impl.RoleInfo (RoleInfo.java:updateAndGet(143)) - 524d4c73-bbaf-4142-9273-d20c5a8628b4: start FollowerState
2019-10-18 14:03:29,722 [Thread-746] INFO  impl.FollowerState (FollowerState.java:run(117)) - 524d4c73-bbaf-4142-9273-d20c5a8628b4@group-1C08CD4F7525-FollowerState was interrupted: java.lang.InterruptedException: sleep interrupted
2019-10-18 14:03:29,721 [grpc-default-executor-5] INFO  impl.RaftServerImpl (RaftServerImpl.java:setRole(184)) - 967a5d84-883e-4fc5-aa88-430cc6c4b93a@group-1C08CD4F7525: changes role from  FOLLOWER to FOLLOWER at term 33 for recognizeCandidate:0eccc4cb-77af-4c43-89bd-f01b83be0073
2019-10-18 14:03:29,721 [grpc-default-executor-1] INFO  impl.RaftServerImpl (RaftServerImpl.java:setRole(184)) - 967a5d84-883e-4fc5-aa88-430cc6c4b93a@group-30BADBDD61D1: changes role from  FOLLOWER to FOLLOWER at term 1 for recognizeCandidate:0eccc4cb-77af-4c43-89bd-f01b83be0073
2019-10-18 14:03:29,722 [grpc-default-executor-1] INFO  impl.RoleInfo (RoleInfo.java:shutdownFollowerState(121)) - 967a5d84-883e-4fc5-aa88-430cc6c4b93a: shutdown FollowerState
2019-10-18 14:03:29,722 [grpc-default-executor-5] INFO  impl.RoleInfo (RoleInfo.java:shutdownFollowerState(121)) - 967a5d84-883e-4fc5-aa88-430cc6c4b93a: shutdown FollowerState
2019-10-18 14:03:29,722 [grpc-default-executor-4] INFO  impl.RoleInfo (RoleInfo.java:shutdownFollowerState(121)) - 524d4c73-bbaf-4142-9273-d20c5a8628b4: shutdown FollowerState
2019-10-18 14:03:29,723 [Thread-745] INFO  impl.FollowerState (FollowerState.java:run(117)) - 967a5d84-883e-4fc5-aa88-430cc6c4b93a@group-1C08CD4F7525-FollowerState was interrupted: java.lang.InterruptedException: sleep interrupted
2019-10-18 14:03:29,723 [grpc-default-executor-5] INFO  impl.RoleInfo (RoleInfo.java:updateAndGet(143)) - 967a5d84-883e-4fc5-aa88-430cc6c4b93a: start FollowerState
2019-10-18 14:03:29,722 [Thread-754] INFO  impl.FollowerState (FollowerState.java:run(117)) - 967a5d84-883e-4fc5-aa88-430cc6c4b93a@group-30BADBDD61D1-FollowerState was interrupted: java.lang.InterruptedException: sleep interrupted
2019-10-18 14:03:29,722 [grpc-default-executor-1] INFO  impl.RoleInfo (RoleInfo.java:updateAndGet(143)) - 967a5d84-883e-4fc5-aa88-430cc6c4b93a: start FollowerState
2019-10-18 14:03:29,723 [grpc-default-executor-4] INFO  impl.RoleInfo (RoleInfo.java:updateAndGet(143)) - 524d4c73-bbaf-4142-9273-d20c5a8628b4: start FollowerState
2019-10-18 14:03:29,723 [Thread-753] INFO  impl.FollowerState (FollowerState.java:run(117)) - 524d4c73-bbaf-4142-9273-d20c5a8628b4@group-30BADBDD61D1-FollowerState was interrupted: java.lang.InterruptedException: sleep interrupted
2019-10-18 14:03:29,737 [0eccc4cb-77af-4c43-89bd-f01b83be0073@group-30BADBDD61D1-LeaderElection35] INFO  impl.LeaderElection (LeaderElection.java:logAndReturn(56)) - 0eccc4cb-77af-4c43-89bd-f01b83be0073@group-30BADBDD61D1-LeaderElection35: Election PASSED; received 1 response(s) [0eccc4cb-77af-4c43-89bd-f01b83be0073<-967a5d84-883e-4fc5-aa88-430cc6c4b93a#0:OK-t1] and 0 exception(s); 0eccc4cb-77af-4c43-89bd-f01b83be0073@group-30BADBDD61D1:t1, leader=null, voted=0eccc4cb-77af-4c43-89bd-f01b83be0073, raftlog=0eccc4cb-77af-4c43-89bd-f01b83be0073@group-30BADBDD61D1-SegmentedRaftLog:OPENED:c-1,f-1,i0, conf=-1: [967a5d84-883e-4fc5-aa88-430cc6c4b93a:192.168.69.124:45994, 524d4c73-bbaf-4142-9273-d20c5a8628b4:192.168.69.124:36511, 0eccc4cb-77af-4c43-89bd-f01b83be0073:192.168.69.124:38580], old=null
2019-10-18 14:03:29,737 [0eccc4cb-77af-4c43-89bd-f01b83be0073@group-30BADBDD61D1-LeaderElection35] INFO  impl.RoleInfo (RoleInfo.java:shutdownLeaderElection(134)) - 0eccc4cb-77af-4c43-89bd-f01b83be0073: shutdown LeaderElection
2019-10-18 14:03:29,737 [0eccc4cb-77af-4c43-89bd-f01b83be0073@group-1C08CD4F7525-LeaderElection36] INFO  impl.LeaderElection (LeaderElection.java:logAndReturn(56)) - 0eccc4cb-77af-4c43-89bd-f01b83be0073@group-1C08CD4F7525-LeaderElection36: Election REJECTED; received 2 response(s) [0eccc4cb-77af-4c43-89bd-f01b83be0073<-967a5d84-883e-4fc5-aa88-430cc6c4b93a#0:FAIL-t33, 0eccc4cb-77af-4c43-89bd-f01b83be0073<-524d4c73-bbaf-4142-9273-d20c5a8628b4#0:FAIL-t33] and 0 exception(s); 0eccc4cb-77af-4c43-89bd-f01b83be0073@group-1C08CD4F7525:t33, leader=null, voted=0eccc4cb-77af-4c43-89bd-f01b83be0073, raftlog=0eccc4cb-77af-4c43-89bd-f01b83be0073@group-1C08CD4F7525-SegmentedRaftLog:OPENED:c3,f4,i4, conf=0: [967a5d84-883e-4fc5-aa88-430cc6c4b93a:192.168.69.124:45994, 524d4c73-bbaf-4142-9273-d20c5a8628b4:192.168.69.124:36511, 0eccc4cb-77af-4c43-89bd-f01b83be0073:192.168.69.124:38580], old=null
2019-10-18 14:03:29,737 [0eccc4cb-77af-4c43-89bd-f01b83be0073@group-30BADBDD61D1-LeaderElection35] INFO  impl.RaftServerImpl (RaftServerImpl.java:setRole(184)) - 0eccc4cb-77af-4c43-89bd-f01b83be0073@group-30BADBDD61D1: changes role from CANDIDATE to LEADER at term 1 for changeToLeader
2019-10-18 14:03:29,738 [0eccc4cb-77af-4c43-89bd-f01b83be0073@group-1C08CD4F7525-LeaderElection36] INFO  impl.RaftServerImpl (RaftServerImpl.java:setRole(184)) - 0eccc4cb-77af-4c43-89bd-f01b83be0073@group-1C08CD4F7525: changes role from CANDIDATE to FOLLOWER at term 33 for DISCOVERED_A_NEW_TERM
2019-10-18 14:03:29,738 [0eccc4cb-77af-4c43-89bd-f01b83be0073@group-30BADBDD61D1-LeaderElection35] INFO  impl.RaftServerImpl (ServerState.java:setLeader(256)) - 0eccc4cb-77af-4c43-89bd-f01b83be0073@group-30BADBDD61D1: change Leader from null to 0eccc4cb-77af-4c43-89bd-f01b83be0073 at term 1 for becomeLeader, leader elected after 138ms
2019-10-18 14:03:29,738 [0eccc4cb-77af-4c43-89bd-f01b83be0073@group-1C08CD4F7525-LeaderElection36] INFO  impl.RoleInfo (RoleInfo.java:shutdownLeaderElection(134)) - 0eccc4cb-77af-4c43-89bd-f01b83be0073: shutdown LeaderElection
2019-10-18 14:03:29,738 [0eccc4cb-77af-4c43-89bd-f01b83be0073@group-30BADBDD61D1-LeaderElection35] INFO  server.RaftServerConfigKeys (ConfUtils.java:logGet(43)) - raft.server.staging.catchup.gap = 1000 (default)
2019-10-18 14:03:29,738 [0eccc4cb-77af-4c43-89bd-f01b83be0073@group-1C08CD4F7525-LeaderElection36] INFO  impl.RoleInfo (RoleInfo.java:updateAndGet(143)) - 0eccc4cb-77af-4c43-89bd-f01b83be0073: start FollowerState
2019-10-18 14:03:29,738 [0eccc4cb-77af-4c43-89bd-f01b83be0073@group-30BADBDD61D1-LeaderElection35] INFO  server.RaftServerConfigKeys (ConfUtils.java:logGet(43)) - raft.server.rpc.sleep.time = 25ms (default)
2019-10-18 14:03:29,738 [0eccc4cb-77af-4c43-89bd-f01b83be0073@group-30BADBDD61D1-LeaderElection35] INFO  server.RaftServerConfigKeys (ConfUtils.java:logGet(43)) - raft.server.write.element-limit = 4096 (default)
2019-10-18 14:03:29,739 [0eccc4cb-77af-4c43-89bd-f01b83be0073@group-30BADBDD61D1-LeaderElection35] INFO  server.RaftServerConfigKeys (ConfUtils.java:logGet(43)) - raft.server.watch.timeout = 10s (default)
2019-10-18 14:03:29,739 [0eccc4cb-77af-4c43-89bd-f01b83be0073@group-30BADBDD61D1-LeaderElection35] INFO  server.RaftServerConfigKeys (ConfUtils.java:logGet(43)) - raft.server.watch.timeout.denomination = 1s (default)
2019-10-18 14:03:29,739 [0eccc4cb-77af-4c43-89bd-f01b83be0073@group-30BADBDD61D1-LeaderElection35] INFO  server.RaftServerConfigKeys (ConfUtils.java:logGet(43)) - raft.server.watch.element-limit = 65536 (default)
2019-10-18 14:03:29,741 [0eccc4cb-77af-4c43-89bd-f01b83be0073@group-30BADBDD61D1-LeaderElection35] INFO  server.RaftServerConfigKeys (ConfUtils.java:logGet(43)) - raft.server.log.appender.snapshot.chunk.size.max = 16MB (=16777216) (default)
2019-10-18 14:03:29,741 [0eccc4cb-77af-4c43-89bd-f01b83be0073@group-30BADBDD61D1-LeaderElection35] INFO  server.RaftServerConfigKeys (ConfUtils.java:logGet(43)) - raft.server.log.appender.buffer.byte-limit = 33554432 (custom)
2019-10-18 14:03:29,741 [0eccc4cb-77af-4c43-89bd-f01b83be0073@group-30BADBDD61D1-LeaderElection35] INFO  server.RaftServerConfigKeys (ConfUtils.java:logGet(43)) - raft.server.log.appender.buffer.element-limit = 1 (custom)
2019-10-18 14:03:29,742 [0eccc4cb-77af-4c43-89bd-f01b83be0073@group-30BADBDD61D1-LeaderElection35] INFO  grpc.GrpcConfigKeys$Server (ConfUtils.java:logGet(43)) - raft.grpc.server.leader.outstanding.appends.max = 128 (default)
2019-10-18 14:03:29,742 [0eccc4cb-77af-4c43-89bd-f01b83be0073@group-30BADBDD61D1-LeaderElection35] INFO  server.RaftServerConfigKeys (ConfUtils.java:logGet(43)) - raft.server.rpc.request.timeout = 3000ms (default)
2019-10-18 14:03:29,742 [0eccc4cb-77af-4c43-89bd-f01b83be0073@group-30BADBDD61D1-LeaderElection35] INFO  server.RaftServerConfigKeys (ConfUtils.java:logGet(43)) - raft.server.log.appender.install.snapshot.enabled = false (custom)
2019-10-18 14:03:29,744 [0eccc4cb-77af-4c43-89bd-f01b83be0073@group-30BADBDD61D1-LeaderElection35] INFO  server.RaftServerConfigKeys (ConfUtils.java:logGet(43)) - raft.server.log.appender.snapshot.chunk.size.max = 16MB (=16777216) (default)
2019-10-18 14:03:29,744 [0eccc4cb-77af-4c43-89bd-f01b83be0073@group-30BADBDD61D1-LeaderElection35] INFO  server.RaftServerConfigKeys (ConfUtils.java:logGet(43)) - raft.server.log.appender.buffer.byte-limit = 33554432 (custom)
2019-10-18 14:03:29,745 [0eccc4cb-77af-4c43-89bd-f01b83be0073@group-30BADBDD61D1-LeaderElection35] INFO  server.RaftServerConfigKeys (ConfUtils.java:logGet(43)) - raft.server.log.appender.buffer.element-limit = 1 (custom)
2019-10-18 14:03:29,745 [0eccc4cb-77af-4c43-89bd-f01b83be0073@group-30BADBDD61D1-LeaderElection35] INFO  grpc.GrpcConfigKeys$Server (ConfUtils.java:logGet(43)) - raft.grpc.server.leader.outstanding.appends.max = 128 (default)
2019-10-18 14:03:29,745 [0eccc4cb-77af-4c43-89bd-f01b83be0073@group-30BADBDD61D1-LeaderElection35] INFO  server.RaftServerConfigKeys (ConfUtils.java:logGet(43)) - raft.server.rpc.request.timeout = 3000ms (default)
2019-10-18 14:03:29,745 [0eccc4cb-77af-4c43-89bd-f01b83be0073@group-30BADBDD61D1-LeaderElection35] INFO  server.RaftServerConfigKeys (ConfUtils.java:logGet(43)) - raft.server.log.appender.install.snapshot.enabled = false (custom)
2019-10-18 14:03:29,748 [0eccc4cb-77af-4c43-89bd-f01b83be0073@group-30BADBDD61D1-LeaderElection35] INFO  impl.RoleInfo (RoleInfo.java:updateAndGet(143)) - 0eccc4cb-77af-4c43-89bd-f01b83be0073: start LeaderState
2019-10-18 14:03:29,748 [0eccc4cb-77af-4c43-89bd-f01b83be0073@group-30BADBDD61D1-LeaderElection35] INFO  segmented.SegmentedRaftLogWorker (SegmentedRaftLogWorker.java:startLogSegment(385)) - 0eccc4cb-77af-4c43-89bd-f01b83be0073@group-30BADBDD61D1-SegmentedRaftLogWorker: Starting segment from index:0
2019-10-18 14:03:29,749 [0eccc4cb-77af-4c43-89bd-f01b83be0073@group-30BADBDD61D1-LeaderElection35] INFO  impl.RaftServerImpl (ServerState.java:setRaftConf(357)) - 0eccc4cb-77af-4c43-89bd-f01b83be0073@group-30BADBDD61D1: set configuration 0: [967a5d84-883e-4fc5-aa88-430cc6c4b93a:192.168.69.124:45994, 524d4c73-bbaf-4142-9273-d20c5a8628b4:192.168.69.124:36511, 0eccc4cb-77af-4c43-89bd-f01b83be0073:192.168.69.124:38580], old=null at 0
2019-10-18 14:03:29,749 [EventQueue-PendingDeleteStatusForPendingDeleteHandler] INFO  block.SCMBlockDeletingService (SCMBlockDeletingService.java:handlePendingDeletes(115)) - Block deletion txnID mismatch in datanode 0eccc4cb-77af-4c43-89bd-f01b83be0073 for containerID 1. Datanode delete txnID: 0, SCM txnID: 1
2019-10-18 14:03:29,751 [grpc-default-executor-4] INFO  impl.RaftServerImpl (ServerState.java:setLeader(256)) - 524d4c73-bbaf-4142-9273-d20c5a8628b4@group-30BADBDD61D1: change Leader from null to 0eccc4cb-77af-4c43-89bd-f01b83be0073 at term 1 for appendEntries, leader elected after 151ms
2019-10-18 14:03:29,777 [grpc-default-executor-5] INFO  impl.RaftServerImpl (ServerState.java:setLeader(256)) - 967a5d84-883e-4fc5-aa88-430cc6c4b93a@group-30BADBDD61D1: change Leader from null to 0eccc4cb-77af-4c43-89bd-f01b83be0073 at term 1 for appendEntries, leader elected after 177ms
2019-10-18 14:03:29,781 [grpc-default-executor-4] INFO  impl.RaftServerImpl (ServerState.java:setRaftConf(357)) - 524d4c73-bbaf-4142-9273-d20c5a8628b4@group-30BADBDD61D1: set configuration 0: [967a5d84-883e-4fc5-aa88-430cc6c4b93a:192.168.69.124:45994, 524d4c73-bbaf-4142-9273-d20c5a8628b4:192.168.69.124:36511, 0eccc4cb-77af-4c43-89bd-f01b83be0073:192.168.69.124:38580], old=null at 0
2019-10-18 14:03:29,781 [grpc-default-executor-5] INFO  impl.RaftServerImpl (ServerState.java:setRaftConf(357)) - 967a5d84-883e-4fc5-aa88-430cc6c4b93a@group-30BADBDD61D1: set configuration 0: [967a5d84-883e-4fc5-aa88-430cc6c4b93a:192.168.69.124:45994, 524d4c73-bbaf-4142-9273-d20c5a8628b4:192.168.69.124:36511, 0eccc4cb-77af-4c43-89bd-f01b83be0073:192.168.69.124:38580], old=null at 0
2019-10-18 14:03:29,781 [grpc-default-executor-4] INFO  segmented.SegmentedRaftLogWorker (SegmentedRaftLogWorker.java:startLogSegment(385)) - 524d4c73-bbaf-4142-9273-d20c5a8628b4@group-30BADBDD61D1-SegmentedRaftLogWorker: Starting segment from index:0
2019-10-18 14:03:29,781 [grpc-default-executor-5] INFO  segmented.SegmentedRaftLogWorker (SegmentedRaftLogWorker.java:startLogSegment(385)) - 967a5d84-883e-4fc5-aa88-430cc6c4b93a@group-30BADBDD61D1-SegmentedRaftLogWorker: Starting segment from index:0
2019-10-18 14:03:29,802 [0eccc4cb-77af-4c43-89bd-f01b83be0073@group-30BADBDD61D1-SegmentedRaftLogWorker] INFO  segmented.SegmentedRaftLogWorker (SegmentedRaftLogWorker.java:execute(576)) - 0eccc4cb-77af-4c43-89bd-f01b83be0073@group-30BADBDD61D1-SegmentedRaftLogWorker: created new log segment /workdir/hadoop-ozone/integration-test/target/test-dir/MiniOzoneClusterImpl-0aed760e-6e1a-4be6-abfb-431785f69e2b/datanode-2/data/ratis/9d45c675-cfd8-457c-9c5a-30badbdd61d1/current/log_inprogress_0
2019-10-18 14:03:29,816 [967a5d84-883e-4fc5-aa88-430cc6c4b93a@group-30BADBDD61D1-SegmentedRaftLogWorker] INFO  segmented.SegmentedRaftLogWorker (SegmentedRaftLogWorker.java:execute(576)) - 967a5d84-883e-4fc5-aa88-430cc6c4b93a@group-30BADBDD61D1-SegmentedRaftLogWorker: created new log segment /workdir/hadoop-ozone/integration-test/target/test-dir/MiniOzoneClusterImpl-0aed760e-6e1a-4be6-abfb-431785f69e2b/datanode-0/data/ratis/9d45c675-cfd8-457c-9c5a-30badbdd61d1/current/log_inprogress_0
2019-10-18 14:03:29,816 [524d4c73-bbaf-4142-9273-d20c5a8628b4@group-30BADBDD61D1-SegmentedRaftLogWorker] INFO  segmented.SegmentedRaftLogWorker (SegmentedRaftLogWorker.java:execute(576)) - 524d4c73-bbaf-4142-9273-d20c5a8628b4@group-30BADBDD61D1-SegmentedRaftLogWorker: created new log segment /workdir/hadoop-ozone/integration-test/target/test-dir/MiniOzoneClusterImpl-0aed760e-6e1a-4be6-abfb-431785f69e2b/datanode-1/data/ratis/9d45c675-cfd8-457c-9c5a-30badbdd61d1/current/log_inprogress_0
2019-10-18 14:03:29,847 [Thread-771] INFO  impl.FollowerState (FollowerState.java:run(108)) - 0eccc4cb-77af-4c43-89bd-f01b83be0073@group-1C08CD4F7525-FollowerState: change to CANDIDATE, lastRpcTime:108ms, electionTimeout:108ms
2019-10-18 14:03:29,847 [Thread-771] INFO  impl.RoleInfo (RoleInfo.java:shutdownFollowerState(121)) - 0eccc4cb-77af-4c43-89bd-f01b83be0073: shutdown FollowerState
2019-10-18 14:03:29,847 [Thread-771] INFO  impl.RaftServerImpl (RaftServerImpl.java:setRole(184)) - 0eccc4cb-77af-4c43-89bd-f01b83be0073@group-1C08CD4F7525: changes role from  FOLLOWER to CANDIDATE at term 33 for changeToCandidate
2019-10-18 14:03:29,847 [Thread-771] INFO  impl.RoleInfo (RoleInfo.java:updateAndGet(143)) - 0eccc4cb-77af-4c43-89bd-f01b83be0073: start LeaderElection
2019-10-18 14:03:29,860 [0eccc4cb-77af-4c43-89bd-f01b83be0073@group-1C08CD4F7525-LeaderElection37] INFO  impl.LeaderElection (LeaderElection.java:askForVotes(178)) - 0eccc4cb-77af-4c43-89bd-f01b83be0073@group-1C08CD4F7525-LeaderElection37: begin an election at term 34 for 0: [967a5d84-883e-4fc5-aa88-430cc6c4b93a:192.168.69.124:45994, 524d4c73-bbaf-4142-9273-d20c5a8628b4:192.168.69.124:36511, 0eccc4cb-77af-4c43-89bd-f01b83be0073:192.168.69.124:38580], old=null
2019-10-18 14:03:29,862 [grpc-default-executor-4] INFO  impl.RaftServerImpl (RaftServerImpl.java:setRole(184)) - 967a5d84-883e-4fc5-aa88-430cc6c4b93a@group-1C08CD4F7525: changes role from  FOLLOWER to FOLLOWER at term 34 for recognizeCandidate:0eccc4cb-77af-4c43-89bd-f01b83be0073
2019-10-18 14:03:29,862 [grpc-default-executor-4] INFO  impl.RoleInfo (RoleInfo.java:shutdownFollowerState(121)) - 967a5d84-883e-4fc5-aa88-430cc6c4b93a: shutdown FollowerState
2019-10-18 14:03:29,862 [grpc-default-executor-5] INFO  impl.RaftServerImpl (RaftServerImpl.java:setRole(184)) - 524d4c73-bbaf-4142-9273-d20c5a8628b4@group-1C08CD4F7525: changes role from  FOLLOWER to FOLLOWER at term 34 for recognizeCandidate:0eccc4cb-77af-4c43-89bd-f01b83be0073
2019-10-18 14:03:29,862 [Thread-769] INFO  impl.FollowerState (FollowerState.java:run(117)) - 967a5d84-883e-4fc5-aa88-430cc6c4b93a@group-1C08CD4F7525-FollowerState was interrupted: java.lang.InterruptedException: sleep interrupted
2019-10-18 14:03:29,862 [grpc-default-executor-4] INFO  impl.RoleInfo (RoleInfo.java:updateAndGet(143)) - 967a5d84-883e-4fc5-aa88-430cc6c4b93a: start FollowerState
2019-10-18 14:03:29,863 [grpc-default-executor-5] INFO  impl.RoleInfo (RoleInfo.java:shutdownFollowerState(121)) - 524d4c73-bbaf-4142-9273-d20c5a8628b4: shutdown FollowerState
2019-10-18 14:03:29,863 [grpc-default-executor-5] INFO  impl.RoleInfo (RoleInfo.java:updateAndGet(143)) - 524d4c73-bbaf-4142-9273-d20c5a8628b4: start FollowerState
2019-10-18 14:03:29,863 [Thread-767] INFO  impl.FollowerState (FollowerState.java:run(117)) - 524d4c73-bbaf-4142-9273-d20c5a8628b4@group-1C08CD4F7525-FollowerState was interrupted: java.lang.InterruptedException: sleep interrupted
2019-10-18 14:03:29,877 [0eccc4cb-77af-4c43-89bd-f01b83be0073@group-1C08CD4F7525-LeaderElection37] INFO  impl.LeaderElection (LeaderElection.java:logAndReturn(56)) - 0eccc4cb-77af-4c43-89bd-f01b83be0073@group-1C08CD4F7525-LeaderElection37: Election REJECTED; received 2 response(s) [0eccc4cb-77af-4c43-89bd-f01b83be0073<-967a5d84-883e-4fc5-aa88-430cc6c4b93a#0:FAIL-t34, 0eccc4cb-77af-4c43-89bd-f01b83be0073<-524d4c73-bbaf-4142-9273-d20c5a8628b4#0:FAIL-t34] and 0 exception(s); 0eccc4cb-77af-4c43-89bd-f01b83be0073@group-1C08CD4F7525:t34, leader=null, voted=0eccc4cb-77af-4c43-89bd-f01b83be0073, raftlog=0eccc4cb-77af-4c43-89bd-f01b83be0073@group-1C08CD4F7525-SegmentedRaftLog:OPENED:c3,f4,i4, conf=0: [967a5d84-883e-4fc5-aa88-430cc6c4b93a:192.168.69.124:45994, 524d4c73-bbaf-4142-9273-d20c5a8628b4:192.168.69.124:36511, 0eccc4cb-77af-4c43-89bd-f01b83be0073:192.168.69.124:38580], old=null
2019-10-18 14:03:29,877 [0eccc4cb-77af-4c43-89bd-f01b83be0073@group-1C08CD4F7525-LeaderElection37] INFO  impl.RaftServerImpl (RaftServerImpl.java:setRole(184)) - 0eccc4cb-77af-4c43-89bd-f01b83be0073@group-1C08CD4F7525: changes role from CANDIDATE to FOLLOWER at term 34 for DISCOVERED_A_NEW_TERM
2019-10-18 14:03:29,877 [0eccc4cb-77af-4c43-89bd-f01b83be0073@group-1C08CD4F7525-LeaderElection37] INFO  impl.RoleInfo (RoleInfo.java:shutdownLeaderElection(134)) - 0eccc4cb-77af-4c43-89bd-f01b83be0073: shutdown LeaderElection
2019-10-18 14:03:29,877 [0eccc4cb-77af-4c43-89bd-f01b83be0073@group-1C08CD4F7525-LeaderElection37] INFO  impl.RoleInfo (RoleInfo.java:updateAndGet(143)) - 0eccc4cb-77af-4c43-89bd-f01b83be0073: start FollowerState
2019-10-18 14:03:29,916 [Thread-786] INFO  impl.FollowerState (FollowerState.java:run(108)) - 0eccc4cb-77af-4c43-89bd-f01b83be0073@group-1C08CD4F7525-FollowerState: change to CANDIDATE, lastRpcTime:38ms, electionTimeout:38ms
2019-10-18 14:03:29,916 [Thread-786] INFO  impl.RoleInfo (RoleInfo.java:shutdownFollowerState(121)) - 0eccc4cb-77af-4c43-89bd-f01b83be0073: shutdown FollowerState
2019-10-18 14:03:29,916 [Thread-786] INFO  impl.RaftServerImpl (RaftServerImpl.java:setRole(184)) - 0eccc4cb-77af-4c43-89bd-f01b83be0073@group-1C08CD4F7525: changes role from  FOLLOWER to CANDIDATE at term 34 for changeToCandidate
2019-10-18 14:03:29,916 [Thread-786] INFO  impl.RoleInfo (RoleInfo.java:updateAndGet(143)) - 0eccc4cb-77af-4c43-89bd-f01b83be0073: start LeaderElection
2019-10-18 14:03:29,929 [0eccc4cb-77af-4c43-89bd-f01b83be0073@group-1C08CD4F7525-LeaderElection38] INFO  impl.LeaderElection (LeaderElection.java:askForVotes(178)) - 0eccc4cb-77af-4c43-89bd-f01b83be0073@group-1C08CD4F7525-LeaderElection38: begin an election at term 35 for 0: [967a5d84-883e-4fc5-aa88-430cc6c4b93a:192.168.69.124:45994, 524d4c73-bbaf-4142-9273-d20c5a8628b4:192.168.69.124:36511, 0eccc4cb-77af-4c43-89bd-f01b83be0073:192.168.69.124:38580], old=null
2019-10-18 14:03:29,932 [grpc-default-executor-4] INFO  impl.RaftServerImpl (RaftServerImpl.java:setRole(184)) - 524d4c73-bbaf-4142-9273-d20c5a8628b4@group-1C08CD4F7525: changes role from  FOLLOWER to FOLLOWER at term 35 for recognizeCandidate:0eccc4cb-77af-4c43-89bd-f01b83be0073
2019-10-18 14:03:29,932 [grpc-default-executor-4] INFO  impl.RoleInfo (RoleInfo.java:shutdownFollowerState(121)) - 524d4c73-bbaf-4142-9273-d20c5a8628b4: shutdown FollowerState
2019-10-18 14:03:29,932 [grpc-default-executor-5] INFO  impl.RaftServerImpl (RaftServerImpl.java:setRole(184)) - 967a5d84-883e-4fc5-aa88-430cc6c4b93a@group-1C08CD4F7525: changes role from  FOLLOWER to FOLLOWER at term 35 for recognizeCandidate:0eccc4cb-77af-4c43-89bd-f01b83be0073
2019-10-18 14:03:29,932 [Thread-785] INFO  impl.FollowerState (FollowerState.java:run(117)) - 524d4c73-bbaf-4142-9273-d20c5a8628b4@group-1C08CD4F7525-FollowerState was interrupted: java.lang.InterruptedException: sleep interrupted
2019-10-18 14:03:29,932 [grpc-default-executor-4] INFO  impl.RoleInfo (RoleInfo.java:updateAndGet(143)) - 524d4c73-bbaf-4142-9273-d20c5a8628b4: start FollowerState
2019-10-18 14:03:29,932 [grpc-default-executor-5] INFO  impl.RoleInfo (RoleInfo.java:shutdownFollowerState(121)) - 967a5d84-883e-4fc5-aa88-430cc6c4b93a: shutdown FollowerState
2019-10-18 14:03:29,933 [grpc-default-executor-5] INFO  impl.RoleInfo (RoleInfo.java:updateAndGet(143)) - 967a5d84-883e-4fc5-aa88-430cc6c4b93a: start FollowerState
2019-10-18 14:03:29,933 [Thread-784] INFO  impl.FollowerState (FollowerState.java:run(117)) - 967a5d84-883e-4fc5-aa88-430cc6c4b93a@group-1C08CD4F7525-FollowerState was interrupted: java.lang.InterruptedException: sleep interrupted
2019-10-18 14:03:29,949 [0eccc4cb-77af-4c43-89bd-f01b83be0073@group-1C08CD4F7525-LeaderElection38] INFO  impl.LeaderElection (LeaderElection.java:logAndReturn(56)) - 0eccc4cb-77af-4c43-89bd-f01b83be0073@group-1C08CD4F7525-LeaderElection38: Election REJECTED; received 2 response(s) [0eccc4cb-77af-4c43-89bd-f01b83be0073<-967a5d84-883e-4fc5-aa88-430cc6c4b93a#0:FAIL-t35, 0eccc4cb-77af-4c43-89bd-f01b83be0073<-524d4c73-bbaf-4142-9273-d20c5a8628b4#0:FAIL-t35] and 0 exception(s); 0eccc4cb-77af-4c43-89bd-f01b83be0073@group-1C08CD4F7525:t35, leader=null, voted=0eccc4cb-77af-4c43-89bd-f01b83be0073, raftlog=0eccc4cb-77af-4c43-89bd-f01b83be0073@group-1C08CD4F7525-SegmentedRaftLog:OPENED:c3,f4,i4, conf=0: [967a5d84-883e-4fc5-aa88-430cc6c4b93a:192.168.69.124:45994, 524d4c73-bbaf-4142-9273-d20c5a8628b4:192.168.69.124:36511, 0eccc4cb-77af-4c43-89bd-f01b83be0073:192.168.69.124:38580], old=null
2019-10-18 14:03:29,949 [0eccc4cb-77af-4c43-89bd-f01b83be0073@group-1C08CD4F7525-LeaderElection38] INFO  impl.RaftServerImpl (RaftServerImpl.java:setRole(184)) - 0eccc4cb-77af-4c43-89bd-f01b83be0073@group-1C08CD4F7525: changes role from CANDIDATE to FOLLOWER at term 35 for DISCOVERED_A_NEW_TERM
2019-10-18 14:03:29,949 [0eccc4cb-77af-4c43-89bd-f01b83be0073@group-1C08CD4F7525-LeaderElection38] INFO  impl.RoleInfo (RoleInfo.java:shutdownLeaderElection(134)) - 0eccc4cb-77af-4c43-89bd-f01b83be0073: shutdown LeaderElection
2019-10-18 14:03:29,949 [0eccc4cb-77af-4c43-89bd-f01b83be0073@group-1C08CD4F7525-LeaderElection38] INFO  impl.RoleInfo (RoleInfo.java:updateAndGet(143)) - 0eccc4cb-77af-4c43-89bd-f01b83be0073: start FollowerState
2019-10-18 14:03:29,951 [EventQueue-PendingDeleteStatusForPendingDeleteHandler] INFO  block.SCMBlockDeletingService (SCMBlockDeletingService.java:handlePendingDeletes(115)) - Block deletion txnID mismatch in datanode 0eccc4cb-77af-4c43-89bd-f01b83be0073 for containerID 1. Datanode delete txnID: 0, SCM txnID: 1
2019-10-18 14:03:30,036 [Thread-792] INFO  impl.FollowerState (FollowerState.java:run(108)) - 0eccc4cb-77af-4c43-89bd-f01b83be0073@group-1C08CD4F7525-FollowerState: change to CANDIDATE, lastRpcTime:87ms, electionTimeout:87ms
2019-10-18 14:03:30,037 [Thread-792] INFO  impl.RoleInfo (RoleInfo.java:shutdownFollowerState(121)) - 0eccc4cb-77af-4c43-89bd-f01b83be0073: shutdown FollowerState
2019-10-18 14:03:30,037 [Thread-792] INFO  impl.RaftServerImpl (RaftServerImpl.java:setRole(184)) - 0eccc4cb-77af-4c43-89bd-f01b83be0073@group-1C08CD4F7525: changes role from  FOLLOWER to CANDIDATE at term 35 for changeToCandidate
2019-10-18 14:03:30,037 [Thread-792] INFO  impl.RoleInfo (RoleInfo.java:updateAndGet(143)) - 0eccc4cb-77af-4c43-89bd-f01b83be0073: start LeaderElection
2019-10-18 14:03:30,051 [0eccc4cb-77af-4c43-89bd-f01b83be0073@group-1C08CD4F7525-LeaderElection39] INFO  impl.LeaderElection (LeaderElection.java:askForVotes(178)) - 0eccc4cb-77af-4c43-89bd-f01b83be0073@group-1C08CD4F7525-LeaderElection39: begin an election at term 36 for 0: [967a5d84-883e-4fc5-aa88-430cc6c4b93a:192.168.69.124:45994, 524d4c73-bbaf-4142-9273-d20c5a8628b4:192.168.69.124:36511, 0eccc4cb-77af-4c43-89bd-f01b83be0073:192.168.69.124:38580], old=null
2019-10-18 14:03:30,053 [grpc-default-executor-4] INFO  impl.RaftServerImpl (RaftServerImpl.java:setRole(184)) - 967a5d84-883e-4fc5-aa88-430cc6c4b93a@group-1C08CD4F7525: changes role from  FOLLOWER to FOLLOWER at term 36 for recognizeCandidate:0eccc4cb-77af-4c43-89bd-f01b83be0073
2019-10-18 14:03:30,053 [grpc-default-executor-4] INFO  impl.RoleInfo (RoleInfo.java:shutdownFollowerState(121)) - 967a5d84-883e-4fc5-aa88-430cc6c4b93a: shutdown FollowerState
2019-10-18 14:03:30,053 [grpc-default-executor-4] INFO  impl.RoleInfo (RoleInfo.java:updateAndGet(143)) - 967a5d84-883e-4fc5-aa88-430cc6c4b93a: start FollowerState
2019-10-18 14:03:30,053 [grpc-default-executor-5] INFO  impl.RaftServerImpl (RaftServerImpl.java:setRole(184)) - 524d4c73-bbaf-4142-9273-d20c5a8628b4@group-1C08CD4F7525: changes role from  FOLLOWER to FOLLOWER at term 36 for recognizeCandidate:0eccc4cb-77af-4c43-89bd-f01b83be0073
2019-10-18 14:03:30,053 [Thread-791] INFO  impl.FollowerState (FollowerState.java:run(117)) - 967a5d84-883e-4fc5-aa88-430cc6c4b93a@group-1C08CD4F7525-FollowerState was interrupted: java.lang.InterruptedException: sleep interrupted
2019-10-18 14:03:30,054 [grpc-default-executor-5] INFO  impl.RoleInfo (RoleInfo.java:shutdownFollowerState(121)) - 524d4c73-bbaf-4142-9273-d20c5a8628b4: shutdown FollowerState
2019-10-18 14:03:30,054 [Thread-790] INFO  impl.FollowerState (FollowerState.java:run(117)) - 524d4c73-bbaf-4142-9273-d20c5a8628b4@group-1C08CD4F7525-FollowerState was interrupted: java.lang.InterruptedException: sleep interrupted
2019-10-18 14:03:30,054 [grpc-default-executor-5] INFO  impl.RoleInfo (RoleInfo.java:updateAndGet(143)) - 524d4c73-bbaf-4142-9273-d20c5a8628b4: start FollowerState
2019-10-18 14:03:30,076 [0eccc4cb-77af-4c43-89bd-f01b83be0073@group-1C08CD4F7525-LeaderElection39] INFO  impl.LeaderElection (LeaderElection.java:logAndReturn(56)) - 0eccc4cb-77af-4c43-89bd-f01b83be0073@group-1C08CD4F7525-LeaderElection39: Election REJECTED; received 2 response(s) [0eccc4cb-77af-4c43-89bd-f01b83be0073<-967a5d84-883e-4fc5-aa88-430cc6c4b93a#0:FAIL-t36, 0eccc4cb-77af-4c43-89bd-f01b83be0073<-524d4c73-bbaf-4142-9273-d20c5a8628b4#0:FAIL-t36] and 0 exception(s); 0eccc4cb-77af-4c43-89bd-f01b83be0073@group-1C08CD4F7525:t36, leader=null, voted=0eccc4cb-77af-4c43-89bd-f01b83be0073, raftlog=0eccc4cb-77af-4c43-89bd-f01b83be0073@group-1C08CD4F7525-SegmentedRaftLog:OPENED:c3,f4,i4, conf=0: [967a5d84-883e-4fc5-aa88-430cc6c4b93a:192.168.69.124:45994, 524d4c73-bbaf-4142-9273-d20c5a8628b4:192.168.69.124:36511, 0eccc4cb-77af-4c43-89bd-f01b83be0073:192.168.69.124:38580], old=null
2019-10-18 14:03:30,076 [0eccc4cb-77af-4c43-89bd-f01b83be0073@group-1C08CD4F7525-LeaderElection39] INFO  impl.RaftServerImpl (RaftServerImpl.java:setRole(184)) - 0eccc4cb-77af-4c43-89bd-f01b83be0073@group-1C08CD4F7525: changes role from CANDIDATE to FOLLOWER at term 36 for DISCOVERED_A_NEW_TERM
2019-10-18 14:03:30,077 [0eccc4cb-77af-4c43-89bd-f01b83be0073@group-1C08CD4F7525-LeaderElection39] INFO  impl.RoleInfo (RoleInfo.java:shutdownLeaderElection(134)) - 0eccc4cb-77af-4c43-89bd-f01b83be0073: shutdown LeaderElection
2019-10-18 14:03:30,077 [0eccc4cb-77af-4c43-89bd-f01b83be0073@group-1C08CD4F7525-LeaderElection39] INFO  impl.RoleInfo (RoleInfo.java:updateAndGet(143)) - 0eccc4cb-77af-4c43-89bd-f01b83be0073: start FollowerState
2019-10-18 14:03:30,091 [BlockDeletingService#2] WARN  background.BlockDeletingService (BlockDeletingService.java:isDeletionAllowed(187)) - Close Container log Index 6 is not replicated across allthe servers in the pipeline 08f27b3d-1876-4e46-af5a-1c08cd4f7525 as the min replicated index is 4. Deletion is not allowed in this container yet.
2019-10-18 14:03:30,091 [BlockDeletingService#0] WARN  background.BlockDeletingService (BlockDeletingService.java:isDeletionAllowed(187)) - Close Container log Index 6 is not replicated across allthe servers in the pipeline 08f27b3d-1876-4e46-af5a-1c08cd4f7525 as the min replicated index is 4. Deletion is not allowed in this container yet.
2019-10-18 14:03:30,165 [Thread-798] INFO  impl.FollowerState (FollowerState.java:run(108)) - 0eccc4cb-77af-4c43-89bd-f01b83be0073@group-1C08CD4F7525-FollowerState: change to CANDIDATE, lastRpcTime:88ms, electionTimeout:88ms
2019-10-18 14:03:30,165 [Thread-798] INFO  impl.RoleInfo (RoleInfo.java:shutdownFollowerState(121)) - 0eccc4cb-77af-4c43-89bd-f01b83be0073: shutdown FollowerState
2019-10-18 14:03:30,166 [Thread-798] INFO  impl.RaftServerImpl (RaftServerImpl.java:setRole(184)) - 0eccc4cb-77af-4c43-89bd-f01b83be0073@group-1C08CD4F7525: changes role from  FOLLOWER to CANDIDATE at term 36 for changeToCandidate
2019-10-18 14:03:30,166 [Thread-798] INFO  impl.RoleInfo (RoleInfo.java:updateAndGet(143)) - 0eccc4cb-77af-4c43-89bd-f01b83be0073: start LeaderElection
2019-10-18 14:03:30,179 [0eccc4cb-77af-4c43-89bd-f01b83be0073@group-1C08CD4F7525-LeaderElection40] INFO  impl.LeaderElection (LeaderElection.java:askForVotes(178)) - 0eccc4cb-77af-4c43-89bd-f01b83be0073@group-1C08CD4F7525-LeaderElection40: begin an election at term 37 for 0: [967a5d84-883e-4fc5-aa88-430cc6c4b93a:192.168.69.124:45994, 524d4c73-bbaf-4142-9273-d20c5a8628b4:192.168.69.124:36511, 0eccc4cb-77af-4c43-89bd-f01b83be0073:192.168.69.124:38580], old=null
2019-10-18 14:03:30,182 [grpc-default-executor-4] INFO  impl.RaftServerImpl (RaftServerImpl.java:setRole(184)) - 967a5d84-883e-4fc5-aa88-430cc6c4b93a@group-1C08CD4F7525: changes role from  FOLLOWER to FOLLOWER at term 37 for recognizeCandidate:0eccc4cb-77af-4c43-89bd-f01b83be0073
2019-10-18 14:03:30,182 [grpc-default-executor-5] INFO  impl.RaftServerImpl (RaftServerImpl.java:setRole(184)) - 524d4c73-bbaf-4142-9273-d20c5a8628b4@group-1C08CD4F7525: changes role from  FOLLOWER to FOLLOWER at term 37 for recognizeCandidate:0eccc4cb-77af-4c43-89bd-f01b83be0073
2019-10-18 14:03:30,182 [grpc-default-executor-4] INFO  impl.RoleInfo (RoleInfo.java:shutdownFollowerState(121)) - 967a5d84-883e-4fc5-aa88-430cc6c4b93a: shutdown FollowerState
2019-10-18 14:03:30,182 [grpc-default-executor-5] INFO  impl.RoleInfo (RoleInfo.java:shutdownFollowerState(121)) - 524d4c73-bbaf-4142-9273-d20c5a8628b4: shutdown FollowerState
2019-10-18 14:03:30,182 [Thread-796] INFO  impl.FollowerState (FollowerState.java:run(117)) - 967a5d84-883e-4fc5-aa88-430cc6c4b93a@group-1C08CD4F7525-FollowerState was interrupted: java.lang.InterruptedException: sleep interrupted
2019-10-18 14:03:30,182 [grpc-default-executor-4] INFO  impl.RoleInfo (RoleInfo.java:updateAndGet(143)) - 967a5d84-883e-4fc5-aa88-430cc6c4b93a: start FollowerState
2019-10-18 14:03:30,182 [Thread-797] INFO  impl.FollowerState (FollowerState.java:run(117)) - 524d4c73-bbaf-4142-9273-d20c5a8628b4@group-1C08CD4F7525-FollowerState was interrupted: java.lang.InterruptedException: sleep interrupted
2019-10-18 14:03:30,182 [grpc-default-executor-5] INFO  impl.RoleInfo (RoleInfo.java:updateAndGet(143)) - 524d4c73-bbaf-4142-9273-d20c5a8628b4: start FollowerState
2019-10-18 14:03:30,209 [0eccc4cb-77af-4c43-89bd-f01b83be0073@group-1C08CD4F7525-LeaderElection40] INFO  impl.LeaderElection (LeaderElection.java:logAndReturn(56)) - 0eccc4cb-77af-4c43-89bd-f01b83be0073@group-1C08CD4F7525-LeaderElection40: Election REJECTED; received 2 response(s) [0eccc4cb-77af-4c43-89bd-f01b83be0073<-967a5d84-883e-4fc5-aa88-430cc6c4b93a#0:FAIL-t37, 0eccc4cb-77af-4c43-89bd-f01b83be0073<-524d4c73-bbaf-4142-9273-d20c5a8628b4#0:FAIL-t37] and 0 exception(s); 0eccc4cb-77af-4c43-89bd-f01b83be0073@group-1C08CD4F7525:t37, leader=null, voted=0eccc4cb-77af-4c43-89bd-f01b83be0073, raftlog=0eccc4cb-77af-4c43-89bd-f01b83be0073@group-1C08CD4F7525-SegmentedRaftLog:OPENED:c3,f4,i4, conf=0: [967a5d84-883e-4fc5-aa88-430cc6c4b93a:192.168.69.124:45994, 524d4c73-bbaf-4142-9273-d20c5a8628b4:192.168.69.124:36511, 0eccc4cb-77af-4c43-89bd-f01b83be0073:192.168.69.124:38580], old=null
2019-10-18 14:03:30,209 [0eccc4cb-77af-4c43-89bd-f01b83be0073@group-1C08CD4F7525-LeaderElection40] INFO  impl.RaftServerImpl (RaftServerImpl.java:setRole(184)) - 0eccc4cb-77af-4c43-89bd-f01b83be0073@group-1C08CD4F7525: changes role from CANDIDATE to FOLLOWER at term 37 for DISCOVERED_A_NEW_TERM
2019-10-18 14:03:30,209 [0eccc4cb-77af-4c43-89bd-f01b83be0073@group-1C08CD4F7525-LeaderElection40] INFO  impl.RoleInfo (RoleInfo.java:shutdownLeaderElection(134)) - 0eccc4cb-77af-4c43-89bd-f01b83be0073: shutdown LeaderElection
2019-10-18 14:03:30,209 [0eccc4cb-77af-4c43-89bd-f01b83be0073@group-1C08CD4F7525-LeaderElection40] INFO  impl.RoleInfo (RoleInfo.java:updateAndGet(143)) - 0eccc4cb-77af-4c43-89bd-f01b83be0073: start FollowerState
2019-10-18 14:03:30,249 [Thread-806] INFO  impl.FollowerState (FollowerState.java:run(108)) - 0eccc4cb-77af-4c43-89bd-f01b83be0073@group-1C08CD4F7525-FollowerState: change to CANDIDATE, lastRpcTime:39ms, electionTimeout:39ms
2019-10-18 14:03:30,249 [Thread-806] INFO  impl.RoleInfo (RoleInfo.java:shutdownFollowerState(121)) - 0eccc4cb-77af-4c43-89bd-f01b83be0073: shutdown FollowerState
2019-10-18 14:03:30,249 [Thread-806] INFO  impl.RaftServerImpl (RaftServerImpl.java:setRole(184)) - 0eccc4cb-77af-4c43-89bd-f01b83be0073@group-1C08CD4F7525: changes role from  FOLLOWER to CANDIDATE at term 37 for changeToCandidate
2019-10-18 14:03:30,249 [Thread-806] INFO  impl.RoleInfo (RoleInfo.java:updateAndGet(143)) - 0eccc4cb-77af-4c43-89bd-f01b83be0073: start LeaderElection
2019-10-18 14:03:30,263 [0eccc4cb-77af-4c43-89bd-f01b83be0073@group-1C08CD4F7525-LeaderElection41] INFO  impl.LeaderElection (LeaderElection.java:askForVotes(178)) - 0eccc4cb-77af-4c43-89bd-f01b83be0073@group-1C08CD4F7525-LeaderElection41: begin an election at term 38 for 0: [967a5d84-883e-4fc5-aa88-430cc6c4b93a:192.168.69.124:45994, 524d4c73-bbaf-4142-9273-d20c5a8628b4:192.168.69.124:36511, 0eccc4cb-77af-4c43-89bd-f01b83be0073:192.168.69.124:38580], old=null
2019-10-18 14:03:30,265 [grpc-default-executor-5] INFO  impl.RaftServerImpl (RaftServerImpl.java:setRole(184)) - 524d4c73-bbaf-4142-9273-d20c5a8628b4@group-1C08CD4F7525: changes role from  FOLLOWER to FOLLOWER at term 38 for recognizeCandidate:0eccc4cb-77af-4c43-89bd-f01b83be0073
2019-10-18 14:03:30,265 [grpc-default-executor-4] INFO  impl.RaftServerImpl (RaftServerImpl.java:setRole(184)) - 967a5d84-883e-4fc5-aa88-430cc6c4b93a@group-1C08CD4F7525: changes role from  FOLLOWER to FOLLOWER at term 38 for recognizeCandidate:0eccc4cb-77af-4c43-89bd-f01b83be0073
2019-10-18 14:03:30,265 [grpc-default-executor-5] INFO  impl.RoleInfo (RoleInfo.java:shutdownFollowerState(121)) - 524d4c73-bbaf-4142-9273-d20c5a8628b4: shutdown FollowerState
2019-10-18 14:03:30,265 [grpc-default-executor-4] INFO  impl.RoleInfo (RoleInfo.java:shutdownFollowerState(121)) - 967a5d84-883e-4fc5-aa88-430cc6c4b93a: shutdown FollowerState
2019-10-18 14:03:30,266 [Thread-805] INFO  impl.FollowerState (FollowerState.java:run(117)) - 524d4c73-bbaf-4142-9273-d20c5a8628b4@group-1C08CD4F7525-FollowerState was interrupted: java.lang.InterruptedException: sleep interrupted
2019-10-18 14:03:30,266 [grpc-default-executor-5] INFO  impl.RoleInfo (RoleInfo.java:updateAndGet(143)) - 524d4c73-bbaf-4142-9273-d20c5a8628b4: start FollowerState
2019-10-18 14:03:30,266 [Thread-804] INFO  impl.FollowerState (FollowerState.java:run(117)) - 967a5d84-883e-4fc5-aa88-430cc6c4b93a@group-1C08CD4F7525-FollowerState was interrupted: java.lang.InterruptedException: sleep interrupted
2019-10-18 14:03:30,266 [grpc-default-executor-4] INFO  impl.RoleInfo (RoleInfo.java:updateAndGet(143)) - 967a5d84-883e-4fc5-aa88-430cc6c4b93a: start FollowerState
2019-10-18 14:03:30,281 [0eccc4cb-77af-4c43-89bd-f01b83be0073@group-1C08CD4F7525-LeaderElection41] INFO  impl.LeaderElection (LeaderElection.java:logAndReturn(56)) - 0eccc4cb-77af-4c43-89bd-f01b83be0073@group-1C08CD4F7525-LeaderElection41: Election REJECTED; received 2 response(s) [0eccc4cb-77af-4c43-89bd-f01b83be0073<-967a5d84-883e-4fc5-aa88-430cc6c4b93a#0:FAIL-t38, 0eccc4cb-77af-4c43-89bd-f01b83be0073<-524d4c73-bbaf-4142-9273-d20c5a8628b4#0:FAIL-t38] and 0 exception(s); 0eccc4cb-77af-4c43-89bd-f01b83be0073@group-1C08CD4F7525:t38, leader=null, voted=0eccc4cb-77af-4c43-89bd-f01b83be0073, raftlog=0eccc4cb-77af-4c43-89bd-f01b83be0073@group-1C08CD4F7525-SegmentedRaftLog:OPENED:c3,f4,i4, conf=0: [967a5d84-883e-4fc5-aa88-430cc6c4b93a:192.168.69.124:45994, 524d4c73-bbaf-4142-9273-d20c5a8628b4:192.168.69.124:36511, 0eccc4cb-77af-4c43-89bd-f01b83be0073:192.168.69.124:38580], old=null
2019-10-18 14:03:30,281 [0eccc4cb-77af-4c43-89bd-f01b83be0073@group-1C08CD4F7525-LeaderElection41] INFO  impl.RaftServerImpl (RaftServerImpl.java:setRole(184)) - 0eccc4cb-77af-4c43-89bd-f01b83be0073@group-1C08CD4F7525: changes role from CANDIDATE to FOLLOWER at term 38 for DISCOVERED_A_NEW_TERM
2019-10-18 14:03:30,281 [0eccc4cb-77af-4c43-89bd-f01b83be0073@group-1C08CD4F7525-LeaderElection41] INFO  impl.RoleInfo (RoleInfo.java:shutdownLeaderElection(134)) - 0eccc4cb-77af-4c43-89bd-f01b83be0073: shutdown LeaderElection
2019-10-18 14:03:30,281 [0eccc4cb-77af-4c43-89bd-f01b83be0073@group-1C08CD4F7525-LeaderElection41] INFO  impl.RoleInfo (RoleInfo.java:updateAndGet(143)) - 0eccc4cb-77af-4c43-89bd-f01b83be0073: start FollowerState
2019-10-18 14:03:30,351 [EventQueue-PendingDeleteStatusForPendingDeleteHandler] INFO  block.SCMBlockDeletingService (SCMBlockDeletingService.java:handlePendingDeletes(115)) - Block deletion txnID mismatch in datanode 0eccc4cb-77af-4c43-89bd-f01b83be0073 for containerID 1. Datanode delete txnID: 0, SCM txnID: 1
2019-10-18 14:03:30,415 [Thread-812] INFO  impl.FollowerState (FollowerState.java:run(108)) - 0eccc4cb-77af-4c43-89bd-f01b83be0073@group-1C08CD4F7525-FollowerState: change to CANDIDATE, lastRpcTime:133ms, electionTimeout:133ms
2019-10-18 14:03:30,415 [Thread-812] INFO  impl.RoleInfo (RoleInfo.java:shutdownFollowerState(121)) - 0eccc4cb-77af-4c43-89bd-f01b83be0073: shutdown FollowerState
2019-10-18 14:03:30,415 [Thread-812] INFO  impl.RaftServerImpl (RaftServerImpl.java:setRole(184)) - 0eccc4cb-77af-4c43-89bd-f01b83be0073@group-1C08CD4F7525: changes role from  FOLLOWER to CANDIDATE at term 38 for changeToCandidate
2019-10-18 14:03:30,415 [Thread-812] INFO  impl.RoleInfo (RoleInfo.java:updateAndGet(143)) - 0eccc4cb-77af-4c43-89bd-f01b83be0073: start LeaderElection
2019-10-18 14:03:30,429 [0eccc4cb-77af-4c43-89bd-f01b83be0073@group-1C08CD4F7525-LeaderElection42] INFO  impl.LeaderElection (LeaderElection.java:askForVotes(178)) - 0eccc4cb-77af-4c43-89bd-f01b83be0073@group-1C08CD4F7525-LeaderElection42: begin an election at term 39 for 0: [967a5d84-883e-4fc5-aa88-430cc6c4b93a:192.168.69.124:45994, 524d4c73-bbaf-4142-9273-d20c5a8628b4:192.168.69.124:36511, 0eccc4cb-77af-4c43-89bd-f01b83be0073:192.168.69.124:38580], old=null
2019-10-18 14:03:30,432 [grpc-default-executor-4] INFO  impl.RaftServerImpl (RaftServerImpl.java:setRole(184)) - 524d4c73-bbaf-4142-9273-d20c5a8628b4@group-1C08CD4F7525: changes role from  FOLLOWER to FOLLOWER at term 39 for recognizeCandidate:0eccc4cb-77af-4c43-89bd-f01b83be0073
2019-10-18 14:03:30,432 [grpc-default-executor-5] INFO  impl.RaftServerImpl (RaftServerImpl.java:setRole(184)) - 967a5d84-883e-4fc5-aa88-430cc6c4b93a@group-1C08CD4F7525: changes role from  FOLLOWER to FOLLOWER at term 39 for recognizeCandidate:0eccc4cb-77af-4c43-89bd-f01b83be0073
2019-10-18 14:03:30,432 [grpc-default-executor-4] INFO  impl.RoleInfo (RoleInfo.java:shutdownFollowerState(121)) - 524d4c73-bbaf-4142-9273-d20c5a8628b4: shutdown FollowerState
2019-10-18 14:03:30,433 [grpc-default-executor-5] INFO  impl.RoleInfo (RoleInfo.java:shutdownFollowerState(121)) - 967a5d84-883e-4fc5-aa88-430cc6c4b93a: shutdown FollowerState
2019-10-18 14:03:30,433 [grpc-default-executor-4] INFO  impl.RoleInfo (RoleInfo.java:updateAndGet(143)) - 524d4c73-bbaf-4142-9273-d20c5a8628b4: start FollowerState
2019-10-18 14:03:30,433 [Thread-810] INFO  impl.FollowerState (FollowerState.java:run(117)) - 524d4c73-bbaf-4142-9273-d20c5a8628b4@group-1C08CD4F7525-FollowerState was interrupted: java.lang.InterruptedException: sleep interrupted
2019-10-18 14:03:30,433 [grpc-default-executor-5] INFO  impl.RoleInfo (RoleInfo.java:updateAndGet(143)) - 967a5d84-883e-4fc5-aa88-430cc6c4b93a: start FollowerState
2019-10-18 14:03:30,433 [Thread-811] INFO  impl.FollowerState (FollowerState.java:run(117)) - 967a5d84-883e-4fc5-aa88-430cc6c4b93a@group-1C08CD4F7525-FollowerState was interrupted: java.lang.InterruptedException: sleep interrupted
2019-10-18 14:03:30,472 [0eccc4cb-77af-4c43-89bd-f01b83be0073@group-1C08CD4F7525-LeaderElection42] INFO  impl.LeaderElection (LeaderElection.java:logAndReturn(56)) - 0eccc4cb-77af-4c43-89bd-f01b83be0073@group-1C08CD4F7525-LeaderElection42: Election REJECTED; received 2 response(s) [0eccc4cb-77af-4c43-89bd-f01b83be0073<-967a5d84-883e-4fc5-aa88-430cc6c4b93a#0:FAIL-t39, 0eccc4cb-77af-4c43-89bd-f01b83be0073<-524d4c73-bbaf-4142-9273-d20c5a8628b4#0:FAIL-t39] and 0 exception(s); 0eccc4cb-77af-4c43-89bd-f01b83be0073@group-1C08CD4F7525:t39, leader=null, voted=0eccc4cb-77af-4c43-89bd-f01b83be0073, raftlog=0eccc4cb-77af-4c43-89bd-f01b83be0073@group-1C08CD4F7525-SegmentedRaftLog:OPENED:c3,f4,i4, conf=0: [967a5d84-883e-4fc5-aa88-430cc6c4b93a:192.168.69.124:45994, 524d4c73-bbaf-4142-9273-d20c5a8628b4:192.168.69.124:36511, 0eccc4cb-77af-4c43-89bd-f01b83be0073:192.168.69.124:38580], old=null
2019-10-18 14:03:30,472 [0eccc4cb-77af-4c43-89bd-f01b83be0073@group-1C08CD4F7525-LeaderElection42] INFO  impl.RaftServerImpl (RaftServerImpl.java:setRole(184)) - 0eccc4cb-77af-4c43-89bd-f01b83be0073@group-1C08CD4F7525: changes role from CANDIDATE to FOLLOWER at term 39 for DISCOVERED_A_NEW_TERM
2019-10-18 14:03:30,472 [0eccc4cb-77af-4c43-89bd-f01b83be0073@group-1C08CD4F7525-LeaderElection42] INFO  impl.RoleInfo (RoleInfo.java:shutdownLeaderElection(134)) - 0eccc4cb-77af-4c43-89bd-f01b83be0073: shutdown LeaderElection
2019-10-18 14:03:30,472 [0eccc4cb-77af-4c43-89bd-f01b83be0073@group-1C08CD4F7525-LeaderElection42] INFO  impl.RoleInfo (RoleInfo.java:updateAndGet(143)) - 0eccc4cb-77af-4c43-89bd-f01b83be0073: start FollowerState
2019-10-18 14:03:30,473 [Command processor thread] INFO  commandhandler.DeleteBlocksCommandHandler (DeleteBlocksCommandHandler.java:handle(106)) - Start to delete container blocks, TXIDs=[1(0)], numOfContainers=1, numOfBlocks=1
2019-10-18 14:03:30,474 [Command processor thread] INFO  commandhandler.DeleteBlocksCommandHandler (DeleteBlocksCommandHandler.java:handle(106)) - Start to delete container blocks, TXIDs=[1(2)], numOfContainers=1, numOfBlocks=1
2019-10-18 14:03:30,474 [Command processor thread] INFO  commandhandler.DeleteBlocksCommandHandler (DeleteBlocksCommandHandler.java:handle(106)) - Start to delete container blocks, TXIDs=[1(0)], numOfContainers=1, numOfBlocks=1
2019-10-18 14:03:30,474 [Command processor thread] INFO  commandhandler.DeleteBlocksCommandHandler (DeleteBlocksCommandHandler.java:handle(106)) - Start to delete container blocks, TXIDs=[1(2)], numOfContainers=1, numOfBlocks=1
2019-10-18 14:03:30,475 [Command processor thread] INFO  commandhandler.DeleteBlocksCommandHandler (DeleteBlocksCommandHandler.java:handle(106)) - Start to delete container blocks, TXIDs=[1(2)], numOfContainers=1, numOfBlocks=1
2019-10-18 14:03:30,475 [Command processor thread] INFO  commandhandler.DeleteBlocksCommandHandler (DeleteBlocksCommandHandler.java:handle(106)) - Start to delete container blocks, TXIDs=[1(0)], numOfContainers=1, numOfBlocks=1
2019-10-18 14:03:30,475 [Command processor thread] INFO  commandhandler.DeleteBlocksCommandHandler (DeleteBlocksCommandHandler.java:handle(106)) - Start to delete container blocks, TXIDs=[1(2)], numOfContainers=1, numOfBlocks=1
2019-10-18 14:03:30,475 [Command processor thread] INFO  commandhandler.DeleteBlocksCommandHandler (DeleteBlocksCommandHandler.java:handle(106)) - Start to delete container blocks, TXIDs=[1(2)], numOfContainers=1, numOfBlocks=1
2019-10-18 14:03:30,475 [Command processor thread] INFO  commandhandler.DeleteBlocksCommandHandler (DeleteBlocksCommandHandler.java:handle(106)) - Start to delete container blocks, TXIDs=[1(2)], numOfContainers=1, numOfBlocks=1
2019-10-18 14:03:30,476 [Command processor thread] INFO  commandhandler.DeleteBlocksCommandHandler (DeleteBlocksCommandHandler.java:handle(106)) - Start to delete container blocks, TXIDs=[1(0)], numOfContainers=1, numOfBlocks=1
2019-10-18 14:03:30,476 [Command processor thread] INFO  commandhandler.DeleteBlocksCommandHandler (DeleteBlocksCommandHandler.java:handle(106)) - Start to delete container blocks, TXIDs=[1(2)], numOfContainers=1, numOfBlocks=1
2019-10-18 14:03:30,476 [Command processor thread] INFO  commandhandler.DeleteBlocksCommandHandler (DeleteBlocksCommandHandler.java:handle(106)) - Start to delete container blocks, TXIDs=[1(2)], numOfContainers=1, numOfBlocks=1
2019-10-18 14:03:30,476 [Command processor thread] INFO  commandhandler.DeleteBlocksCommandHandler (DeleteBlocksCommandHandler.java:handle(106)) - Start to delete container blocks, TXIDs=[1(2)], numOfContainers=1, numOfBlocks=1
2019-10-18 14:03:30,477 [Command processor thread] INFO  commandhandler.DeleteBlocksCommandHandler (DeleteBlocksCommandHandler.java:handle(106)) - Start to delete container blocks, TXIDs=[1(0)], numOfContainers=1, numOfBlocks=1
2019-10-18 14:03:30,477 [Command processor thread] INFO  commandhandler.DeleteBlocksCommandHandler (DeleteBlocksCommandHandler.java:handle(106)) - Start to delete container blocks, TXIDs=[1(2)], numOfContainers=1, numOfBlocks=1
2019-10-18 14:03:30,477 [Command processor thread] INFO  commandhandler.DeleteBlocksCommandHandler (DeleteBlocksCommandHandler.java:handle(106)) - Start to delete container blocks, TXIDs=[1(2)], numOfContainers=1, numOfBlocks=1
2019-10-18 14:03:30,477 [Command processor thread] INFO  commandhandler.DeleteBlocksCommandHandler (DeleteBlocksCommandHandler.java:handle(106)) - Start to delete container blocks, TXIDs=[1(2)], numOfContainers=1, numOfBlocks=1
2019-10-18 14:03:30,478 [Command processor thread] INFO  commandhandler.DeleteBlocksCommandHandler (DeleteBlocksCommandHandler.java:handle(106)) - Start to delete container blocks, TXIDs=[1(2)], numOfContainers=1, numOfBlocks=1
2019-10-18 14:03:30,478 [Command processor thread] INFO  commandhandler.DeleteBlocksCommandHandler (DeleteBlocksCommandHandler.java:handle(106)) - Start to delete container blocks, TXIDs=[1(0)], numOfContainers=1, numOfBlocks=1
2019-10-18 14:03:30,478 [Command processor thread] INFO  commandhandler.DeleteBlocksCommandHandler (DeleteBlocksCommandHandler.java:handle(106)) - Start to delete container blocks, TXIDs=[1(2)], numOfContainers=1, numOfBlocks=1
2019-10-18 14:03:30,478 [Command processor thread] INFO  commandhandler.DeleteBlocksCommandHandler (DeleteBlocksCommandHandler.java:handle(106)) - Start to delete container blocks, TXIDs=[1(2)], numOfContainers=1, numOfBlocks=1
2019-10-18 14:03:30,478 [Command processor thread] INFO  commandhandler.DeleteBlocksCommandHandler (DeleteBlocksCommandHandler.java:handle(106)) - Start to delete container blocks, TXIDs=[1(0)], numOfContainers=1, numOfBlocks=1
2019-10-18 14:03:30,479 [Command processor thread] INFO  commandhandler.DeleteBlocksCommandHandler (DeleteBlocksCommandHandler.java:handle(106)) - Start to delete container blocks, TXIDs=[1(2)], numOfContainers=1, numOfBlocks=1
2019-10-18 14:03:30,479 [Command processor thread] INFO  commandhandler.DeleteBlocksCommandHandler (DeleteBlocksCommandHandler.java:handle(106)) - Start to delete container blocks, TXIDs=[1(2)], numOfContainers=1, numOfBlocks=1
2019-10-18 14:03:30,479 [Command processor thread] INFO  commandhandler.DeleteBlocksCommandHandler (DeleteBlocksCommandHandler.java:handle(106)) - Start to delete container blocks, TXIDs=[1(2)], numOfContainers=1, numOfBlocks=1
2019-10-18 14:03:30,479 [Command processor thread] INFO  commandhandler.DeleteBlocksCommandHandler (DeleteBlocksCommandHandler.java:handle(106)) - Start to delete container blocks, TXIDs=[1(2)], numOfContainers=1, numOfBlocks=1
2019-10-18 14:03:30,480 [Command processor thread] INFO  commandhandler.DeleteBlocksCommandHandler (DeleteBlocksCommandHandler.java:handle(106)) - Start to delete container blocks, TXIDs=[1(2)], numOfContainers=1, numOfBlocks=1
2019-10-18 14:03:30,480 [Command processor thread] INFO  commandhandler.DeleteBlocksCommandHandler (DeleteBlocksCommandHandler.java:handle(106)) - Start to delete container blocks, TXIDs=[1(2)], numOfContainers=1, numOfBlocks=1
2019-10-18 14:03:30,480 [Command processor thread] INFO  commandhandler.DeleteBlocksCommandHandler (DeleteBlocksCommandHandler.java:handle(106)) - Start to delete container blocks, TXIDs=[1(0)], numOfContainers=1, numOfBlocks=1
2019-10-18 14:03:30,480 [Command processor thread] INFO  commandhandler.DeleteBlocksCommandHandler (DeleteBlocksCommandHandler.java:handle(106)) - Start to delete container blocks, TXIDs=[1(2)], numOfContainers=1, numOfBlocks=1
2019-10-18 14:03:30,480 [Command processor thread] INFO  commandhandler.DeleteBlocksCommandHandler (DeleteBlocksCommandHandler.java:handle(106)) - Start to delete container blocks, TXIDs=[1(2)], numOfContainers=1, numOfBlocks=1
2019-10-18 14:03:30,481 [Command processor thread] INFO  commandhandler.DeleteBlocksCommandHandler (DeleteBlocksCommandHandler.java:handle(106)) - Start to delete container blocks, TXIDs=[1(2)], numOfContainers=1, numOfBlocks=1
2019-10-18 14:03:30,481 [Command processor thread] INFO  commandhandler.DeleteBlocksCommandHandler (DeleteBlocksCommandHandler.java:handle(106)) - Start to delete container blocks, TXIDs=[1(2)], numOfContainers=1, numOfBlocks=1
2019-10-18 14:03:30,481 [Command processor thread] INFO  commandhandler.DeleteBlocksCommandHandler (DeleteBlocksCommandHandler.java:handle(106)) - Start to delete container blocks, TXIDs=[1(30)], numOfContainers=1, numOfBlocks=1
2019-10-18 14:03:30,481 [Command processor thread] INFO  commandhandler.DeleteBlocksCommandHandler (DeleteBlocksCommandHandler.java:handle(106)) - Start to delete container blocks, TXIDs=[1(2)], numOfContainers=1, numOfBlocks=1
2019-10-18 14:03:30,481 [Command processor thread] INFO  commandhandler.DeleteBlocksCommandHandler (DeleteBlocksCommandHandler.java:handle(106)) - Start to delete container blocks, TXIDs=[1(2)], numOfContainers=1, numOfBlocks=1
2019-10-18 14:03:30,529 [Thread-819] INFO  impl.FollowerState (FollowerState.java:run(108)) - 0eccc4cb-77af-4c43-89bd-f01b83be0073@group-1C08CD4F7525-FollowerState: change to CANDIDATE, lastRpcTime:56ms, electionTimeout:56ms
2019-10-18 14:03:30,529 [Thread-819] INFO  impl.RoleInfo (RoleInfo.java:shutdownFollowerState(121)) - 0eccc4cb-77af-4c43-89bd-f01b83be0073: shutdown FollowerState
2019-10-18 14:03:30,529 [Thread-819] INFO  impl.RaftServerImpl (RaftServerImpl.java:setRole(184)) - 0eccc4cb-77af-4c43-89bd-f01b83be0073@group-1C08CD4F7525: changes role from  FOLLOWER to CANDIDATE at term 39 for changeToCandidate
2019-10-18 14:03:30,529 [Thread-819] INFO  impl.RoleInfo (RoleInfo.java:updateAndGet(143)) - 0eccc4cb-77af-4c43-89bd-f01b83be0073: start LeaderElection
2019-10-18 14:03:30,543 [0eccc4cb-77af-4c43-89bd-f01b83be0073@group-1C08CD4F7525-LeaderElection43] INFO  impl.LeaderElection (LeaderElection.java:askForVotes(178)) - 0eccc4cb-77af-4c43-89bd-f01b83be0073@group-1C08CD4F7525-LeaderElection43: begin an election at term 40 for 0: [967a5d84-883e-4fc5-aa88-430cc6c4b93a:192.168.69.124:45994, 524d4c73-bbaf-4142-9273-d20c5a8628b4:192.168.69.124:36511, 0eccc4cb-77af-4c43-89bd-f01b83be0073:192.168.69.124:38580], old=null
2019-10-18 14:03:30,545 [grpc-default-executor-4] INFO  impl.RaftServerImpl (RaftServerImpl.java:setRole(184)) - 967a5d84-883e-4fc5-aa88-430cc6c4b93a@group-1C08CD4F7525: changes role from  FOLLOWER to FOLLOWER at term 40 for recognizeCandidate:0eccc4cb-77af-4c43-89bd-f01b83be0073
2019-10-18 14:03:30,546 [grpc-default-executor-4] INFO  impl.RoleInfo (RoleInfo.java:shutdownFollowerState(121)) - 967a5d84-883e-4fc5-aa88-430cc6c4b93a: shutdown FollowerState
2019-10-18 14:03:30,546 [grpc-default-executor-5] INFO  impl.RaftServerImpl (RaftServerImpl.java:setRole(184)) - 524d4c73-bbaf-4142-9273-d20c5a8628b4@group-1C08CD4F7525: changes role from  FOLLOWER to FOLLOWER at term 40 for recognizeCandidate:0eccc4cb-77af-4c43-89bd-f01b83be0073
2019-10-18 14:03:30,546 [Thread-817] INFO  impl.FollowerState (FollowerState.java:run(117)) - 967a5d84-883e-4fc5-aa88-430cc6c4b93a@group-1C08CD4F7525-FollowerState was interrupted: java.lang.InterruptedException: sleep interrupted
2019-10-18 14:03:30,546 [grpc-default-executor-4] INFO  impl.RoleInfo (RoleInfo.java:updateAndGet(143)) - 967a5d84-883e-4fc5-aa88-430cc6c4b93a: start FollowerState
2019-10-18 14:03:30,546 [grpc-default-executor-5] INFO  impl.RoleInfo (RoleInfo.java:shutdownFollowerState(121)) - 524d4c73-bbaf-4142-9273-d20c5a8628b4: shutdown FollowerState
2019-10-18 14:03:30,547 [Thread-816] INFO  impl.FollowerState (FollowerState.java:run(117)) - 524d4c73-bbaf-4142-9273-d20c5a8628b4@group-1C08CD4F7525-FollowerState was interrupted: java.lang.InterruptedException: sleep interrupted
2019-10-18 14:03:30,547 [grpc-default-executor-5] INFO  impl.RoleInfo (RoleInfo.java:updateAndGet(143)) - 524d4c73-bbaf-4142-9273-d20c5a8628b4: start FollowerState
2019-10-18 14:03:30,574 [0eccc4cb-77af-4c43-89bd-f01b83be0073@group-1C08CD4F7525-LeaderElection43] INFO  impl.LeaderElection (LeaderElection.java:logAndReturn(56)) - 0eccc4cb-77af-4c43-89bd-f01b83be0073@group-1C08CD4F7525-LeaderElection43: Election REJECTED; received 2 response(s) [0eccc4cb-77af-4c43-89bd-f01b83be0073<-967a5d84-883e-4fc5-aa88-430cc6c4b93a#0:FAIL-t40, 0eccc4cb-77af-4c43-89bd-f01b83be0073<-524d4c73-bbaf-4142-9273-d20c5a8628b4#0:FAIL-t40] and 0 exception(s); 0eccc4cb-77af-4c43-89bd-f01b83be0073@group-1C08CD4F7525:t40, leader=null, voted=0eccc4cb-77af-4c43-89bd-f01b83be0073, raftlog=0eccc4cb-77af-4c43-89bd-f01b83be0073@group-1C08CD4F7525-SegmentedRaftLog:OPENED:c3,f4,i4, conf=0: [967a5d84-883e-4fc5-aa88-430cc6c4b93a:192.168.69.124:45994, 524d4c73-bbaf-4142-9273-d20c5a8628b4:192.168.69.124:36511, 0eccc4cb-77af-4c43-89bd-f01b83be0073:192.168.69.124:38580], old=null
2019-10-18 14:03:30,574 [0eccc4cb-77af-4c43-89bd-f01b83be0073@group-1C08CD4F7525-LeaderElection43] INFO  impl.RaftServerImpl (RaftServerImpl.java:setRole(184)) - 0eccc4cb-77af-4c43-89bd-f01b83be0073@group-1C08CD4F7525: changes role from CANDIDATE to FOLLOWER at term 40 for DISCOVERED_A_NEW_TERM
2019-10-18 14:03:30,574 [0eccc4cb-77af-4c43-89bd-f01b83be0073@group-1C08CD4F7525-LeaderElection43] INFO  impl.RoleInfo (RoleInfo.java:shutdownLeaderElection(134)) - 0eccc4cb-77af-4c43-89bd-f01b83be0073: shutdown LeaderElection
2019-10-18 14:03:30,574 [0eccc4cb-77af-4c43-89bd-f01b83be0073@group-1C08CD4F7525-LeaderElection43] INFO  impl.RoleInfo (RoleInfo.java:updateAndGet(143)) - 0eccc4cb-77af-4c43-89bd-f01b83be0073: start FollowerState
2019-10-18 14:03:30,612 [Thread-825] INFO  impl.FollowerState (FollowerState.java:run(108)) - 0eccc4cb-77af-4c43-89bd-f01b83be0073@group-1C08CD4F7525-FollowerState: change to CANDIDATE, lastRpcTime:37ms, electionTimeout:37ms
2019-10-18 14:03:30,612 [Thread-825] INFO  impl.RoleInfo (RoleInfo.java:shutdownFollowerState(121)) - 0eccc4cb-77af-4c43-89bd-f01b83be0073: shutdown FollowerState
2019-10-18 14:03:30,612 [Thread-825] INFO  impl.RaftServerImpl (RaftServerImpl.java:setRole(184)) - 0eccc4cb-77af-4c43-89bd-f01b83be0073@group-1C08CD4F7525: changes role from  FOLLOWER to CANDIDATE at term 40 for changeToCandidate
2019-10-18 14:03:30,612 [Thread-825] INFO  impl.RoleInfo (RoleInfo.java:updateAndGet(143)) - 0eccc4cb-77af-4c43-89bd-f01b83be0073: start LeaderElection
2019-10-18 14:03:30,615 [0eccc4cb-77af-4c43-89bd-f01b83be0073@group-1C08CD4F7525-LeaderElection44] INFO  impl.LeaderElection (LeaderElection.java:askForVotes(178)) - 0eccc4cb-77af-4c43-89bd-f01b83be0073@group-1C08CD4F7525-LeaderElection44: begin an election at term 41 for 0: [967a5d84-883e-4fc5-aa88-430cc6c4b93a:192.168.69.124:45994, 524d4c73-bbaf-4142-9273-d20c5a8628b4:192.168.69.124:36511, 0eccc4cb-77af-4c43-89bd-f01b83be0073:192.168.69.124:38580], old=null
2019-10-18 14:03:30,618 [grpc-default-executor-4] INFO  impl.RaftServerImpl (RaftServerImpl.java:setRole(184)) - 524d4c73-bbaf-4142-9273-d20c5a8628b4@group-1C08CD4F7525: changes role from  FOLLOWER to FOLLOWER at term 41 for recognizeCandidate:0eccc4cb-77af-4c43-89bd-f01b83be0073
2019-10-18 14:03:30,618 [grpc-default-executor-5] INFO  impl.RaftServerImpl (RaftServerImpl.java:setRole(184)) - 967a5d84-883e-4fc5-aa88-430cc6c4b93a@group-1C08CD4F7525: changes role from  FOLLOWER to FOLLOWER at term 41 for recognizeCandidate:0eccc4cb-77af-4c43-89bd-f01b83be0073
2019-10-18 14:03:30,618 [grpc-default-executor-5] INFO  impl.RoleInfo (RoleInfo.java:shutdownFollowerState(121)) - 967a5d84-883e-4fc5-aa88-430cc6c4b93a: shutdown FollowerState
2019-10-18 14:03:30,618 [grpc-default-executor-4] INFO  impl.RoleInfo (RoleInfo.java:shutdownFollowerState(121)) - 524d4c73-bbaf-4142-9273-d20c5a8628b4: shutdown FollowerState
2019-10-18 14:03:30,618 [Thread-823] INFO  impl.FollowerState (FollowerState.java:run(117)) - 967a5d84-883e-4fc5-aa88-430cc6c4b93a@group-1C08CD4F7525-FollowerState was interrupted: java.lang.InterruptedException: sleep interrupted
2019-10-18 14:03:30,618 [grpc-default-executor-5] INFO  impl.RoleInfo (RoleInfo.java:updateAndGet(143)) - 967a5d84-883e-4fc5-aa88-430cc6c4b93a: start FollowerState
2019-10-18 14:03:30,619 [0eccc4cb-77af-4c43-89bd-f01b83be0073@group-1C08CD4F7525-LeaderElection44] INFO  impl.LeaderElection (LeaderElection.java:logAndReturn(56)) - 0eccc4cb-77af-4c43-89bd-f01b83be0073@group-1C08CD4F7525-LeaderElection44: Election TIMEOUT; received 0 response(s) [] and 0 exception(s); 0eccc4cb-77af-4c43-89bd-f01b83be0073@group-1C08CD4F7525:t41, leader=null, voted=0eccc4cb-77af-4c43-89bd-f01b83be0073, raftlog=0eccc4cb-77af-4c43-89bd-f01b83be0073@group-1C08CD4F7525-SegmentedRaftLog:OPENED:c3,f4,i4, conf=0: [967a5d84-883e-4fc5-aa88-430cc6c4b93a:192.168.69.124:45994, 524d4c73-bbaf-4142-9273-d20c5a8628b4:192.168.69.124:36511, 0eccc4cb-77af-4c43-89bd-f01b83be0073:192.168.69.124:38580], old=null
2019-10-18 14:03:30,618 [Thread-824] INFO  impl.FollowerState (FollowerState.java:run(117)) - 524d4c73-bbaf-4142-9273-d20c5a8628b4@group-1C08CD4F7525-FollowerState was interrupted: java.lang.InterruptedException: sleep interrupted
2019-10-18 14:03:30,618 [grpc-default-executor-4] INFO  impl.RoleInfo (RoleInfo.java:updateAndGet(143)) - 524d4c73-bbaf-4142-9273-d20c5a8628b4: start FollowerState
2019-10-18 14:03:30,629 [0eccc4cb-77af-4c43-89bd-f01b83be0073@group-1C08CD4F7525-LeaderElection44] INFO  impl.LeaderElection (LeaderElection.java:askForVotes(178)) - 0eccc4cb-77af-4c43-89bd-f01b83be0073@group-1C08CD4F7525-LeaderElection44: begin an election at term 42 for 0: [967a5d84-883e-4fc5-aa88-430cc6c4b93a:192.168.69.124:45994, 524d4c73-bbaf-4142-9273-d20c5a8628b4:192.168.69.124:36511, 0eccc4cb-77af-4c43-89bd-f01b83be0073:192.168.69.124:38580], old=null
2019-10-18 14:03:30,631 [grpc-default-executor-5] INFO  impl.RaftServerImpl (RaftServerImpl.java:setRole(184)) - 967a5d84-883e-4fc5-aa88-430cc6c4b93a@group-1C08CD4F7525: changes role from  FOLLOWER to FOLLOWER at term 42 for recognizeCandidate:0eccc4cb-77af-4c43-89bd-f01b83be0073
2019-10-18 14:03:30,632 [grpc-default-executor-5] INFO  impl.RoleInfo (RoleInfo.java:shutdownFollowerState(121)) - 967a5d84-883e-4fc5-aa88-430cc6c4b93a: shutdown FollowerState
2019-10-18 14:03:30,632 [Thread-829] INFO  impl.FollowerState (FollowerState.java:run(117)) - 967a5d84-883e-4fc5-aa88-430cc6c4b93a@group-1C08CD4F7525-FollowerState was interrupted: java.lang.InterruptedException: sleep interrupted
2019-10-18 14:03:30,632 [grpc-default-executor-5] INFO  impl.RoleInfo (RoleInfo.java:updateAndGet(143)) - 967a5d84-883e-4fc5-aa88-430cc6c4b93a: start FollowerState
2019-10-18 14:03:30,632 [grpc-default-executor-4] INFO  impl.RaftServerImpl (RaftServerImpl.java:setRole(184)) - 524d4c73-bbaf-4142-9273-d20c5a8628b4@group-1C08CD4F7525: changes role from  FOLLOWER to FOLLOWER at term 42 for recognizeCandidate:0eccc4cb-77af-4c43-89bd-f01b83be0073
2019-10-18 14:03:30,632 [grpc-default-executor-4] INFO  impl.RoleInfo (RoleInfo.java:shutdownFollowerState(121)) - 524d4c73-bbaf-4142-9273-d20c5a8628b4: shutdown FollowerState
2019-10-18 14:03:30,632 [grpc-default-executor-4] INFO  impl.RoleInfo (RoleInfo.java:updateAndGet(143)) - 524d4c73-bbaf-4142-9273-d20c5a8628b4: start FollowerState
2019-10-18 14:03:30,632 [Thread-830] INFO  impl.FollowerState (FollowerState.java:run(117)) - 524d4c73-bbaf-4142-9273-d20c5a8628b4@group-1C08CD4F7525-FollowerState was interrupted: java.lang.InterruptedException: sleep interrupted
2019-10-18 14:03:30,658 [0eccc4cb-77af-4c43-89bd-f01b83be0073@group-1C08CD4F7525-LeaderElection44] INFO  impl.LeaderElection (LeaderElection.java:logAndReturn(56)) - 0eccc4cb-77af-4c43-89bd-f01b83be0073@group-1C08CD4F7525-LeaderElection44: Election REJECTED; received 2 response(s) [0eccc4cb-77af-4c43-89bd-f01b83be0073<-967a5d84-883e-4fc5-aa88-430cc6c4b93a#0:FAIL-t42, 0eccc4cb-77af-4c43-89bd-f01b83be0073<-524d4c73-bbaf-4142-9273-d20c5a8628b4#0:FAIL-t42] and 0 exception(s); 0eccc4cb-77af-4c43-89bd-f01b83be0073@group-1C08CD4F7525:t42, leader=null, voted=0eccc4cb-77af-4c43-89bd-f01b83be0073, raftlog=0eccc4cb-77af-4c43-89bd-f01b83be0073@group-1C08CD4F7525-SegmentedRaftLog:OPENED:c3,f4,i4, conf=0: [967a5d84-883e-4fc5-aa88-430cc6c4b93a:192.168.69.124:45994, 524d4c73-bbaf-4142-9273-d20c5a8628b4:192.168.69.124:36511, 0eccc4cb-77af-4c43-89bd-f01b83be0073:192.168.69.124:38580], old=null
2019-10-18 14:03:30,658 [0eccc4cb-77af-4c43-89bd-f01b83be0073@group-1C08CD4F7525-LeaderElection44] INFO  impl.RaftServerImpl (RaftServerImpl.java:setRole(184)) - 0eccc4cb-77af-4c43-89bd-f01b83be0073@group-1C08CD4F7525: changes role from CANDIDATE to FOLLOWER at term 42 for DISCOVERED_A_NEW_TERM
2019-10-18 14:03:30,658 [0eccc4cb-77af-4c43-89bd-f01b83be0073@group-1C08CD4F7525-LeaderElection44] INFO  impl.RoleInfo (RoleInfo.java:shutdownLeaderElection(134)) - 0eccc4cb-77af-4c43-89bd-f01b83be0073: shutdown LeaderElection
2019-10-18 14:03:30,658 [0eccc4cb-77af-4c43-89bd-f01b83be0073@group-1C08CD4F7525-LeaderElection44] INFO  impl.RoleInfo (RoleInfo.java:updateAndGet(143)) - 0eccc4cb-77af-4c43-89bd-f01b83be0073: start FollowerState
2019-10-18 14:03:30,676 [EventQueue-DeleteBlockStatusForDeletedBlockLogImpl] WARN  block.DeletedBlockLogImpl (DeletedBlockLogImpl.java:commitTransactions(205)) - Transaction txId=1 commit by dnId=0eccc4cb-77af-4c43-89bd-f01b83be0073 for containerID=#1 failed. Corresponding entry not found.
2019-10-18 14:03:30,676 [EventQueue-DeleteBlockStatusForDeletedBlockLogImpl] WARN  block.DeletedBlockLogImpl (DeletedBlockLogImpl.java:commitTransactions(205)) - Transaction txId=1 commit by dnId=0eccc4cb-77af-4c43-89bd-f01b83be0073 for containerID=#1 failed. Corresponding entry not found.
2019-10-18 14:03:30,676 [EventQueue-DeleteBlockStatusForDeletedBlockLogImpl] WARN  block.DeletedBlockLogImpl (DeletedBlockLogImpl.java:commitTransactions(205)) - Transaction txId=1 commit by dnId=0eccc4cb-77af-4c43-89bd-f01b83be0073 for containerID=#1 failed. Corresponding entry not found.
2019-10-18 14:03:30,676 [EventQueue-DeleteBlockStatusForDeletedBlockLogImpl] WARN  block.DeletedBlockLogImpl (DeletedBlockLogImpl.java:commitTransactions(205)) - Transaction txId=1 commit by dnId=0eccc4cb-77af-4c43-89bd-f01b83be0073 for containerID=#1 failed. Corresponding entry not found.
2019-10-18 14:03:30,676 [EventQueue-DeleteBlockStatusForDeletedBlockLogImpl] WARN  block.DeletedBlockLogImpl (DeletedBlockLogImpl.java:commitTransactions(205)) - Transaction txId=1 commit by dnId=0eccc4cb-77af-4c43-89bd-f01b83be0073 for containerID=#1 failed. Corresponding entry not found.
2019-10-18 14:03:30,676 [EventQueue-DeleteBlockStatusForDeletedBlockLogImpl] WARN  block.DeletedBlockLogImpl (DeletedBlockLogImpl.java:commitTransactions(205)) - Transaction txId=1 commit by dnId=0eccc4cb-77af-4c43-89bd-f01b83be0073 for containerID=#1 failed. Corresponding entry not found.
2019-10-18 14:03:30,676 [EventQueue-DeleteBlockStatusForDeletedBlockLogImpl] WARN  block.DeletedBlockLogImpl (DeletedBlockLogImpl.java:commitTransactions(205)) - Transaction txId=1 commit by dnId=0eccc4cb-77af-4c43-89bd-f01b83be0073 for containerID=#1 failed. Corresponding entry not found.
2019-10-18 14:03:30,714 [Thread-837] INFO  client.GrpcClientProtocolService (GrpcClientProtocolService.java:lambda$processClientRequest$0(278)) - Failed RaftClientRequest:client-D27B19DE1784->967a5d84-883e-4fc5-aa88-430cc6c4b93a@group-1C08CD4F7525, cid=10, seq=0, Watch-ALL_COMMITTED(6), Message:<EMPTY>, reply=RaftClientReply:client-D27B19DE1784->967a5d84-883e-4fc5-aa88-430cc6c4b93a@group-1C08CD4F7525, cid=10, FAILED org.apache.ratis.protocol.NotLeaderException: Server 967a5d84-883e-4fc5-aa88-430cc6c4b93a@group-1C08CD4F7525 is not the leader, logIndex=0, commits[967a5d84-883e-4fc5-aa88-430cc6c4b93a:c10, 524d4c73-bbaf-4142-9273-d20c5a8628b4:c10, 0eccc4cb-77af-4c43-89bd-f01b83be0073:c4]
2019-10-18 14:03:30,784 [Thread-835] INFO  impl.FollowerState (FollowerState.java:run(108)) - 0eccc4cb-77af-4c43-89bd-f01b83be0073@group-1C08CD4F7525-FollowerState: change to CANDIDATE, lastRpcTime:125ms, electionTimeout:125ms
2019-10-18 14:03:30,784 [Thread-835] INFO  impl.RoleInfo (RoleInfo.java:shutdownFollowerState(121)) - 0eccc4cb-77af-4c43-89bd-f01b83be0073: shutdown FollowerState
2019-10-18 14:03:30,784 [Thread-835] INFO  impl.RaftServerImpl (RaftServerImpl.java:setRole(184)) - 0eccc4cb-77af-4c43-89bd-f01b83be0073@group-1C08CD4F7525: changes role from  FOLLOWER to CANDIDATE at term 42 for changeToCandidate
2019-10-18 14:03:30,784 [Thread-835] INFO  impl.RoleInfo (RoleInfo.java:updateAndGet(143)) - 0eccc4cb-77af-4c43-89bd-f01b83be0073: start LeaderElection
2019-10-18 14:03:30,798 [0eccc4cb-77af-4c43-89bd-f01b83be0073@group-1C08CD4F7525-LeaderElection45] INFO  impl.LeaderElection (LeaderElection.java:askForVotes(178)) - 0eccc4cb-77af-4c43-89bd-f01b83be0073@group-1C08CD4F7525-LeaderElection45: begin an election at term 43 for 0: [967a5d84-883e-4fc5-aa88-430cc6c4b93a:192.168.69.124:45994, 524d4c73-bbaf-4142-9273-d20c5a8628b4:192.168.69.124:36511, 0eccc4cb-77af-4c43-89bd-f01b83be0073:192.168.69.124:38580], old=null
2019-10-18 14:03:30,801 [grpc-default-executor-5] INFO  impl.RaftServerImpl (RaftServerImpl.java:setRole(184)) - 967a5d84-883e-4fc5-aa88-430cc6c4b93a@group-1C08CD4F7525: changes role from  FOLLOWER to FOLLOWER at term 43 for recognizeCandidate:0eccc4cb-77af-4c43-89bd-f01b83be0073
2019-10-18 14:03:30,801 [grpc-default-executor-4] INFO  impl.RaftServerImpl (RaftServerImpl.java:setRole(184)) - 524d4c73-bbaf-4142-9273-d20c5a8628b4@group-1C08CD4F7525: changes role from  FOLLOWER to FOLLOWER at term 43 for recognizeCandidate:0eccc4cb-77af-4c43-89bd-f01b83be0073
2019-10-18 14:03:30,801 [grpc-default-executor-5] INFO  impl.RoleInfo (RoleInfo.java:shutdownFollowerState(121)) - 967a5d84-883e-4fc5-aa88-430cc6c4b93a: shutdown FollowerState
2019-10-18 14:03:30,802 [grpc-default-executor-4] INFO  impl.RoleInfo (RoleInfo.java:shutdownFollowerState(121)) - 524d4c73-bbaf-4142-9273-d20c5a8628b4: shutdown FollowerState
2019-10-18 14:03:30,802 [Thread-833] INFO  impl.FollowerState (FollowerState.java:run(117)) - 967a5d84-883e-4fc5-aa88-430cc6c4b93a@group-1C08CD4F7525-FollowerState was interrupted: java.lang.InterruptedException: sleep interrupted
2019-10-18 14:03:30,802 [grpc-default-executor-5] INFO  impl.RoleInfo (RoleInfo.java:updateAndGet(143)) - 967a5d84-883e-4fc5-aa88-430cc6c4b93a: start FollowerState
2019-10-18 14:03:30,802 [Thread-834] INFO  impl.FollowerState (FollowerState.java:run(117)) - 524d4c73-bbaf-4142-9273-d20c5a8628b4@group-1C08CD4F7525-FollowerState was interrupted: java.lang.InterruptedException: sleep interrupted
2019-10-18 14:03:30,802 [grpc-default-executor-4] INFO  impl.RoleInfo (RoleInfo.java:updateAndGet(143)) - 524d4c73-bbaf-4142-9273-d20c5a8628b4: start FollowerState
2019-10-18 14:03:30,818 [0eccc4cb-77af-4c43-89bd-f01b83be0073@group-1C08CD4F7525-LeaderElection45] INFO  impl.LeaderElection (LeaderElection.java:logAndReturn(56)) - 0eccc4cb-77af-4c43-89bd-f01b83be0073@group-1C08CD4F7525-LeaderElection45: Election REJECTED; received 2 response(s) [0eccc4cb-77af-4c43-89bd-f01b83be0073<-967a5d84-883e-4fc5-aa88-430cc6c4b93a#0:FAIL-t43, 0eccc4cb-77af-4c43-89bd-f01b83be0073<-524d4c73-bbaf-4142-9273-d20c5a8628b4#0:FAIL-t43] and 0 exception(s); 0eccc4cb-77af-4c43-89bd-f01b83be0073@group-1C08CD4F7525:t43, leader=null, voted=0eccc4cb-77af-4c43-89bd-f01b83be0073, raftlog=0eccc4cb-77af-4c43-89bd-f01b83be0073@group-1C08CD4F7525-SegmentedRaftLog:OPENED:c3,f4,i4, conf=0: [967a5d84-883e-4fc5-aa88-430cc6c4b93a:192.168.69.124:45994, 524d4c73-bbaf-4142-9273-d20c5a8628b4:192.168.69.124:36511, 0eccc4cb-77af-4c43-89bd-f01b83be0073:192.168.69.124:38580], old=null
2019-10-18 14:03:30,818 [0eccc4cb-77af-4c43-89bd-f01b83be0073@group-1C08CD4F7525-LeaderElection45] INFO  impl.RaftServerImpl (RaftServerImpl.java:setRole(184)) - 0eccc4cb-77af-4c43-89bd-f01b83be0073@group-1C08CD4F7525: changes role from CANDIDATE to FOLLOWER at term 43 for DISCOVERED_A_NEW_TERM
2019-10-18 14:03:30,818 [0eccc4cb-77af-4c43-89bd-f01b83be0073@group-1C08CD4F7525-LeaderElection45] INFO  impl.RoleInfo (RoleInfo.java:shutdownLeaderElection(134)) - 0eccc4cb-77af-4c43-89bd-f01b83be0073: shutdown LeaderElection
2019-10-18 14:03:30,818 [0eccc4cb-77af-4c43-89bd-f01b83be0073@group-1C08CD4F7525-LeaderElection45] INFO  impl.RoleInfo (RoleInfo.java:updateAndGet(143)) - 0eccc4cb-77af-4c43-89bd-f01b83be0073: start FollowerState
2019-10-18 14:03:30,951 [Thread-844] INFO  impl.FollowerState (FollowerState.java:run(108)) - 0eccc4cb-77af-4c43-89bd-f01b83be0073@group-1C08CD4F7525-FollowerState: change to CANDIDATE, lastRpcTime:133ms, electionTimeout:133ms
2019-10-18 14:03:30,952 [Thread-844] INFO  impl.RoleInfo (RoleInfo.java:shutdownFollowerState(121)) - 0eccc4cb-77af-4c43-89bd-f01b83be0073: shutdown FollowerState
2019-10-18 14:03:30,952 [Thread-844] INFO  impl.RaftServerImpl (RaftServerImpl.java:setRole(184)) - 0eccc4cb-77af-4c43-89bd-f01b83be0073@group-1C08CD4F7525: changes role from  FOLLOWER to CANDIDATE at term 43 for changeToCandidate
2019-10-18 14:03:30,952 [Thread-844] INFO  impl.RoleInfo (RoleInfo.java:updateAndGet(143)) - 0eccc4cb-77af-4c43-89bd-f01b83be0073: start LeaderElection
2019-10-18 14:03:30,989 [0eccc4cb-77af-4c43-89bd-f01b83be0073@group-1C08CD4F7525-LeaderElection46] INFO  impl.LeaderElection (LeaderElection.java:askForVotes(178)) - 0eccc4cb-77af-4c43-89bd-f01b83be0073@group-1C08CD4F7525-LeaderElection46: begin an election at term 44 for 0: [967a5d84-883e-4fc5-aa88-430cc6c4b93a:192.168.69.124:45994, 524d4c73-bbaf-4142-9273-d20c5a8628b4:192.168.69.124:36511, 0eccc4cb-77af-4c43-89bd-f01b83be0073:192.168.69.124:38580], old=null
2019-10-18 14:03:30,992 [grpc-default-executor-5] INFO  impl.RaftServerImpl (RaftServerImpl.java:setRole(184)) - 967a5d84-883e-4fc5-aa88-430cc6c4b93a@group-1C08CD4F7525: changes role from  FOLLOWER to FOLLOWER at term 44 for recognizeCandidate:0eccc4cb-77af-4c43-89bd-f01b83be0073
2019-10-18 14:03:30,992 [grpc-default-executor-4] INFO  impl.RaftServerImpl (RaftServerImpl.java:setRole(184)) - 524d4c73-bbaf-4142-9273-d20c5a8628b4@group-1C08CD4F7525: changes role from  FOLLOWER to FOLLOWER at term 44 for recognizeCandidate:0eccc4cb-77af-4c43-89bd-f01b83be0073
2019-10-18 14:03:30,992 [grpc-default-executor-5] INFO  impl.RoleInfo (RoleInfo.java:shutdownFollowerState(121)) - 967a5d84-883e-4fc5-aa88-430cc6c4b93a: shutdown FollowerState
2019-10-18 14:03:30,992 [grpc-default-executor-4] INFO  impl.RoleInfo (RoleInfo.java:shutdownFollowerState(121)) - 524d4c73-bbaf-4142-9273-d20c5a8628b4: shutdown FollowerState
2019-10-18 14:03:30,992 [grpc-default-executor-5] INFO  impl.RoleInfo (RoleInfo.java:updateAndGet(143)) - 967a5d84-883e-4fc5-aa88-430cc6c4b93a: start FollowerState
2019-10-18 14:03:30,992 [Thread-842] INFO  impl.FollowerState (FollowerState.java:run(117)) - 967a5d84-883e-4fc5-aa88-430cc6c4b93a@group-1C08CD4F7525-FollowerState was interrupted: java.lang.InterruptedException: sleep interrupted
2019-10-18 14:03:30,993 [Thread-843] INFO  impl.FollowerState (FollowerState.java:run(117)) - 524d4c73-bbaf-4142-9273-d20c5a8628b4@group-1C08CD4F7525-FollowerState was interrupted: java.lang.InterruptedException: sleep interrupted
2019-10-18 14:03:30,993 [grpc-default-executor-4] INFO  impl.RoleInfo (RoleInfo.java:updateAndGet(143)) - 524d4c73-bbaf-4142-9273-d20c5a8628b4: start FollowerState
2019-10-18 14:03:31,008 [0eccc4cb-77af-4c43-89bd-f01b83be0073@group-1C08CD4F7525-LeaderElection46] INFO  impl.LeaderElection (LeaderElection.java:logAndReturn(56)) - 0eccc4cb-77af-4c43-89bd-f01b83be0073@group-1C08CD4F7525-LeaderElection46: Election REJECTED; received 2 response(s) [0eccc4cb-77af-4c43-89bd-f01b83be0073<-967a5d84-883e-4fc5-aa88-430cc6c4b93a#0:FAIL-t44, 0eccc4cb-77af-4c43-89bd-f01b83be0073<-524d4c73-bbaf-4142-9273-d20c5a8628b4#0:FAIL-t44] and 0 exception(s); 0eccc4cb-77af-4c43-89bd-f01b83be0073@group-1C08CD4F7525:t44, leader=null, voted=0eccc4cb-77af-4c43-89bd-f01b83be0073, raftlog=0eccc4cb-77af-4c43-89bd-f01b83be0073@group-1C08CD4F7525-SegmentedRaftLog:OPENED:c3,f4,i4, conf=0: [967a5d84-883e-4fc5-aa88-430cc6c4b93a:192.168.69.124:45994, 524d4c73-bbaf-4142-9273-d20c5a8628b4:192.168.69.124:36511, 0eccc4cb-77af-4c43-89bd-f01b83be0073:192.168.69.124:38580], old=null
2019-10-18 14:03:31,008 [0eccc4cb-77af-4c43-89bd-f01b83be0073@group-1C08CD4F7525-LeaderElection46] INFO  impl.RaftServerImpl (RaftServerImpl.java:setRole(184)) - 0eccc4cb-77af-4c43-89bd-f01b83be0073@group-1C08CD4F7525: changes role from CANDIDATE to FOLLOWER at term 44 for DISCOVERED_A_NEW_TERM
2019-10-18 14:03:31,008 [0eccc4cb-77af-4c43-89bd-f01b83be0073@group-1C08CD4F7525-LeaderElection46] INFO  impl.RoleInfo (RoleInfo.java:shutdownLeaderElection(134)) - 0eccc4cb-77af-4c43-89bd-f01b83be0073: shutdown LeaderElection
2019-10-18 14:03:31,008 [0eccc4cb-77af-4c43-89bd-f01b83be0073@group-1C08CD4F7525-LeaderElection46] INFO  impl.RoleInfo (RoleInfo.java:updateAndGet(143)) - 0eccc4cb-77af-4c43-89bd-f01b83be0073: start FollowerState
2019-10-18 14:03:31,077 [Thread-850] INFO  impl.FollowerState (FollowerState.java:run(108)) - 0eccc4cb-77af-4c43-89bd-f01b83be0073@group-1C08CD4F7525-FollowerState: change to CANDIDATE, lastRpcTime:68ms, electionTimeout:68ms
2019-10-18 14:03:31,077 [Thread-850] INFO  impl.RoleInfo (RoleInfo.java:shutdownFollowerState(121)) - 0eccc4cb-77af-4c43-89bd-f01b83be0073: shutdown FollowerState
2019-10-18 14:03:31,077 [Thread-850] INFO  impl.RaftServerImpl (RaftServerImpl.java:setRole(184)) - 0eccc4cb-77af-4c43-89bd-f01b83be0073@group-1C08CD4F7525: changes role from  FOLLOWER to CANDIDATE at term 44 for changeToCandidate
2019-10-18 14:03:31,077 [Thread-850] INFO  impl.RoleInfo (RoleInfo.java:updateAndGet(143)) - 0eccc4cb-77af-4c43-89bd-f01b83be0073: start LeaderElection
2019-10-18 14:03:31,092 [BlockDeletingService#0] WARN  background.BlockDeletingService (BlockDeletingService.java:isDeletionAllowed(187)) - Close Container log Index 6 is not replicated across allthe servers in the pipeline 08f27b3d-1876-4e46-af5a-1c08cd4f7525 as the min replicated index is 4. Deletion is not allowed in this container yet.
2019-10-18 14:03:31,092 [BlockDeletingService#2] WARN  background.BlockDeletingService (BlockDeletingService.java:isDeletionAllowed(187)) - Close Container log Index 6 is not replicated across allthe servers in the pipeline 08f27b3d-1876-4e46-af5a-1c08cd4f7525 as the min replicated index is 4. Deletion is not allowed in this container yet.
2019-10-18 14:03:31,103 [0eccc4cb-77af-4c43-89bd-f01b83be0073@group-1C08CD4F7525-LeaderElection47] INFO  impl.LeaderElection (LeaderElection.java:askForVotes(178)) - 0eccc4cb-77af-4c43-89bd-f01b83be0073@group-1C08CD4F7525-LeaderElection47: begin an election at term 45 for 0: [967a5d84-883e-4fc5-aa88-430cc6c4b93a:192.168.69.124:45994, 524d4c73-bbaf-4142-9273-d20c5a8628b4:192.168.69.124:36511, 0eccc4cb-77af-4c43-89bd-f01b83be0073:192.168.69.124:38580], old=null
2019-10-18 14:03:31,106 [grpc-default-executor-5] INFO  impl.RaftServerImpl (RaftServerImpl.java:setRole(184)) - 967a5d84-883e-4fc5-aa88-430cc6c4b93a@group-1C08CD4F7525: changes role from  FOLLOWER to FOLLOWER at term 45 for recognizeCandidate:0eccc4cb-77af-4c43-89bd-f01b83be0073
2019-10-18 14:03:31,106 [grpc-default-executor-5] INFO  impl.RoleInfo (RoleInfo.java:shutdownFollowerState(121)) - 967a5d84-883e-4fc5-aa88-430cc6c4b93a: shutdown FollowerState
2019-10-18 14:03:31,106 [grpc-default-executor-4] INFO  impl.RaftServerImpl (RaftServerImpl.java:setRole(184)) - 524d4c73-bbaf-4142-9273-d20c5a8628b4@group-1C08CD4F7525: changes role from  FOLLOWER to FOLLOWER at term 45 for recognizeCandidate:0eccc4cb-77af-4c43-89bd-f01b83be0073
2019-10-18 14:03:31,107 [Thread-848] INFO  impl.FollowerState (FollowerState.java:run(117)) - 967a5d84-883e-4fc5-aa88-430cc6c4b93a@group-1C08CD4F7525-FollowerState was interrupted: java.lang.InterruptedException: sleep interrupted
2019-10-18 14:03:31,107 [grpc-default-executor-5] INFO  impl.RoleInfo (RoleInfo.java:updateAndGet(143)) - 967a5d84-883e-4fc5-aa88-430cc6c4b93a: start FollowerState
2019-10-18 14:03:31,107 [grpc-default-executor-4] INFO  impl.RoleInfo (RoleInfo.java:shutdownFollowerState(121)) - 524d4c73-bbaf-4142-9273-d20c5a8628b4: shutdown FollowerState
2019-10-18 14:03:31,107 [grpc-default-executor-4] INFO  impl.RoleInfo (RoleInfo.java:updateAndGet(143)) - 524d4c73-bbaf-4142-9273-d20c5a8628b4: start FollowerState
2019-10-18 14:03:31,108 [Thread-849] INFO  impl.FollowerState (FollowerState.java:run(117)) - 524d4c73-bbaf-4142-9273-d20c5a8628b4@group-1C08CD4F7525-FollowerState was interrupted: java.lang.InterruptedException: sleep interrupted
2019-10-18 14:03:31,120 [0eccc4cb-77af-4c43-89bd-f01b83be0073@group-1C08CD4F7525-LeaderElection47] INFO  impl.LeaderElection (LeaderElection.java:logAndReturn(56)) - 0eccc4cb-77af-4c43-89bd-f01b83be0073@group-1C08CD4F7525-LeaderElection47: Election TIMEOUT; received 0 response(s) [] and 0 exception(s); 0eccc4cb-77af-4c43-89bd-f01b83be0073@group-1C08CD4F7525:t45, leader=null, voted=0eccc4cb-77af-4c43-89bd-f01b83be0073, raftlog=0eccc4cb-77af-4c43-89bd-f01b83be0073@group-1C08CD4F7525-SegmentedRaftLog:OPENED:c3,f4,i4, conf=0: [967a5d84-883e-4fc5-aa88-430cc6c4b93a:192.168.69.124:45994, 524d4c73-bbaf-4142-9273-d20c5a8628b4:192.168.69.124:36511, 0eccc4cb-77af-4c43-89bd-f01b83be0073:192.168.69.124:38580], old=null
2019-10-18 14:03:31,142 [0eccc4cb-77af-4c43-89bd-f01b83be0073@group-1C08CD4F7525-LeaderElection47] INFO  impl.LeaderElection (LeaderElection.java:askForVotes(178)) - 0eccc4cb-77af-4c43-89bd-f01b83be0073@group-1C08CD4F7525-LeaderElection47: begin an election at term 46 for 0: [967a5d84-883e-4fc5-aa88-430cc6c4b93a:192.168.69.124:45994, 524d4c73-bbaf-4142-9273-d20c5a8628b4:192.168.69.124:36511, 0eccc4cb-77af-4c43-89bd-f01b83be0073:192.168.69.124:38580], old=null
2019-10-18 14:03:31,145 [grpc-default-executor-4] INFO  impl.RaftServerImpl (RaftServerImpl.java:setRole(184)) - 524d4c73-bbaf-4142-9273-d20c5a8628b4@group-1C08CD4F7525: changes role from  FOLLOWER to FOLLOWER at term 46 for recognizeCandidate:0eccc4cb-77af-4c43-89bd-f01b83be0073
2019-10-18 14:03:31,145 [grpc-default-executor-4] INFO  impl.RoleInfo (RoleInfo.java:shutdownFollowerState(121)) - 524d4c73-bbaf-4142-9273-d20c5a8628b4: shutdown FollowerState
2019-10-18 14:03:31,145 [grpc-default-executor-5] INFO  impl.RaftServerImpl (RaftServerImpl.java:setRole(184)) - 967a5d84-883e-4fc5-aa88-430cc6c4b93a@group-1C08CD4F7525: changes role from  FOLLOWER to FOLLOWER at term 46 for recognizeCandidate:0eccc4cb-77af-4c43-89bd-f01b83be0073
2019-10-18 14:03:31,145 [Thread-857] INFO  impl.FollowerState (FollowerState.java:run(117)) - 524d4c73-bbaf-4142-9273-d20c5a8628b4@group-1C08CD4F7525-FollowerState was interrupted: java.lang.InterruptedException: sleep interrupted
2019-10-18 14:03:31,145 [grpc-default-executor-4] INFO  impl.RoleInfo (RoleInfo.java:updateAndGet(143)) - 524d4c73-bbaf-4142-9273-d20c5a8628b4: start FollowerState
2019-10-18 14:03:31,145 [grpc-default-executor-5] INFO  impl.RoleInfo (RoleInfo.java:shutdownFollowerState(121)) - 967a5d84-883e-4fc5-aa88-430cc6c4b93a: shutdown FollowerState
2019-10-18 14:03:31,146 [Thread-856] INFO  impl.FollowerState (FollowerState.java:run(117)) - 967a5d84-883e-4fc5-aa88-430cc6c4b93a@group-1C08CD4F7525-FollowerState was interrupted: java.lang.InterruptedException: sleep interrupted
2019-10-18 14:03:31,146 [grpc-default-executor-5] INFO  impl.RoleInfo (RoleInfo.java:updateAndGet(143)) - 967a5d84-883e-4fc5-aa88-430cc6c4b93a: start FollowerState
2019-10-18 14:03:31,160 [0eccc4cb-77af-4c43-89bd-f01b83be0073@group-1C08CD4F7525-LeaderElection47] INFO  impl.LeaderElection (LeaderElection.java:logAndReturn(56)) - 0eccc4cb-77af-4c43-89bd-f01b83be0073@group-1C08CD4F7525-LeaderElection47: Election REJECTED; received 2 response(s) [0eccc4cb-77af-4c43-89bd-f01b83be0073<-967a5d84-883e-4fc5-aa88-430cc6c4b93a#0:FAIL-t46, 0eccc4cb-77af-4c43-89bd-f01b83be0073<-524d4c73-bbaf-4142-9273-d20c5a8628b4#0:FAIL-t46] and 0 exception(s); 0eccc4cb-77af-4c43-89bd-f01b83be0073@group-1C08CD4F7525:t46, leader=null, voted=0eccc4cb-77af-4c43-89bd-f01b83be0073, raftlog=0eccc4cb-77af-4c43-89bd-f01b83be0073@group-1C08CD4F7525-SegmentedRaftLog:OPENED:c3,f4,i4, conf=0: [967a5d84-883e-4fc5-aa88-430cc6c4b93a:192.168.69.124:45994, 524d4c73-bbaf-4142-9273-d20c5a8628b4:192.168.69.124:36511, 0eccc4cb-77af-4c43-89bd-f01b83be0073:192.168.69.124:38580], old=null
2019-10-18 14:03:31,161 [0eccc4cb-77af-4c43-89bd-f01b83be0073@group-1C08CD4F7525-LeaderElection47] INFO  impl.RaftServerImpl (RaftServerImpl.java:setRole(184)) - 0eccc4cb-77af-4c43-89bd-f01b83be0073@group-1C08CD4F7525: changes role from CANDIDATE to FOLLOWER at term 46 for DISCOVERED_A_NEW_TERM
2019-10-18 14:03:31,161 [0eccc4cb-77af-4c43-89bd-f01b83be0073@group-1C08CD4F7525-LeaderElection47] INFO  impl.RoleInfo (RoleInfo.java:shutdownLeaderElection(134)) - 0eccc4cb-77af-4c43-89bd-f01b83be0073: shutdown LeaderElection
2019-10-18 14:03:31,161 [0eccc4cb-77af-4c43-89bd-f01b83be0073@group-1C08CD4F7525-LeaderElection47] INFO  impl.RoleInfo (RoleInfo.java:updateAndGet(143)) - 0eccc4cb-77af-4c43-89bd-f01b83be0073: start FollowerState
2019-10-18 14:03:31,266 [Thread-862] INFO  impl.FollowerState (FollowerState.java:run(108)) - 0eccc4cb-77af-4c43-89bd-f01b83be0073@group-1C08CD4F7525-FollowerState: change to CANDIDATE, lastRpcTime:104ms, electionTimeout:104ms
2019-10-18 14:03:31,266 [Thread-862] INFO  impl.RoleInfo (RoleInfo.java:shutdownFollowerState(121)) - 0eccc4cb-77af-4c43-89bd-f01b83be0073: shutdown FollowerState
2019-10-18 14:03:31,266 [Thread-862] INFO  impl.RaftServerImpl (RaftServerImpl.java:setRole(184)) - 0eccc4cb-77af-4c43-89bd-f01b83be0073@group-1C08CD4F7525: changes role from  FOLLOWER to CANDIDATE at term 46 for changeToCandidate
2019-10-18 14:03:31,266 [Thread-862] INFO  impl.RoleInfo (RoleInfo.java:updateAndGet(143)) - 0eccc4cb-77af-4c43-89bd-f01b83be0073: start LeaderElection
2019-10-18 14:03:31,280 [0eccc4cb-77af-4c43-89bd-f01b83be0073@group-1C08CD4F7525-LeaderElection48] INFO  impl.LeaderElection (LeaderElection.java:askForVotes(178)) - 0eccc4cb-77af-4c43-89bd-f01b83be0073@group-1C08CD4F7525-LeaderElection48: begin an election at term 47 for 0: [967a5d84-883e-4fc5-aa88-430cc6c4b93a:192.168.69.124:45994, 524d4c73-bbaf-4142-9273-d20c5a8628b4:192.168.69.124:36511, 0eccc4cb-77af-4c43-89bd-f01b83be0073:192.168.69.124:38580], old=null
2019-10-18 14:03:31,284 [grpc-default-executor-4] INFO  impl.RaftServerImpl (RaftServerImpl.java:setRole(184)) - 967a5d84-883e-4fc5-aa88-430cc6c4b93a@group-1C08CD4F7525: changes role from  FOLLOWER to FOLLOWER at term 47 for recognizeCandidate:0eccc4cb-77af-4c43-89bd-f01b83be0073
2019-10-18 14:03:31,284 [grpc-default-executor-5] INFO  impl.RaftServerImpl (RaftServerImpl.java:setRole(184)) - 524d4c73-bbaf-4142-9273-d20c5a8628b4@group-1C08CD4F7525: changes role from  FOLLOWER to FOLLOWER at term 47 for recognizeCandidate:0eccc4cb-77af-4c43-89bd-f01b83be0073
2019-10-18 14:03:31,284 [grpc-default-executor-4] INFO  impl.RoleInfo (RoleInfo.java:shutdownFollowerState(121)) - 967a5d84-883e-4fc5-aa88-430cc6c4b93a: shutdown FollowerState
2019-10-18 14:03:31,284 [grpc-default-executor-5] INFO  impl.RoleInfo (RoleInfo.java:shutdownFollowerState(121)) - 524d4c73-bbaf-4142-9273-d20c5a8628b4: shutdown FollowerState
2019-10-18 14:03:31,285 [Thread-861] INFO  impl.FollowerState (FollowerState.java:run(117)) - 967a5d84-883e-4fc5-aa88-430cc6c4b93a@group-1C08CD4F7525-FollowerState was interrupted: java.lang.InterruptedException: sleep interrupted
2019-10-18 14:03:31,285 [grpc-default-executor-5] INFO  impl.RoleInfo (RoleInfo.java:updateAndGet(143)) - 524d4c73-bbaf-4142-9273-d20c5a8628b4: start FollowerState
2019-10-18 14:03:31,285 [grpc-default-executor-4] INFO  impl.RoleInfo (RoleInfo.java:updateAndGet(143)) - 967a5d84-883e-4fc5-aa88-430cc6c4b93a: start FollowerState
2019-10-18 14:03:31,285 [Thread-860] INFO  impl.FollowerState (FollowerState.java:run(117)) - 524d4c73-bbaf-4142-9273-d20c5a8628b4@group-1C08CD4F7525-FollowerState was interrupted: java.lang.InterruptedException: sleep interrupted
2019-10-18 14:03:31,299 [0eccc4cb-77af-4c43-89bd-f01b83be0073@group-1C08CD4F7525-LeaderElection48] INFO  impl.LeaderElection (LeaderElection.java:logAndReturn(56)) - 0eccc4cb-77af-4c43-89bd-f01b83be0073@group-1C08CD4F7525-LeaderElection48: Election REJECTED; received 2 response(s) [0eccc4cb-77af-4c43-89bd-f01b83be0073<-967a5d84-883e-4fc5-aa88-430cc6c4b93a#0:FAIL-t47, 0eccc4cb-77af-4c43-89bd-f01b83be0073<-524d4c73-bbaf-4142-9273-d20c5a8628b4#0:FAIL-t47] and 0 exception(s); 0eccc4cb-77af-4c43-89bd-f01b83be0073@group-1C08CD4F7525:t47, leader=null, voted=0eccc4cb-77af-4c43-89bd-f01b83be0073, raftlog=0eccc4cb-77af-4c43-89bd-f01b83be0073@group-1C08CD4F7525-SegmentedRaftLog:OPENED:c3,f4,i4, conf=0: [967a5d84-883e-4fc5-aa88-430cc6c4b93a:192.168.69.124:45994, 524d4c73-bbaf-4142-9273-d20c5a8628b4:192.168.69.124:36511, 0eccc4cb-77af-4c43-89bd-f01b83be0073:192.168.69.124:38580], old=null
2019-10-18 14:03:31,299 [0eccc4cb-77af-4c43-89bd-f01b83be0073@group-1C08CD4F7525-LeaderElection48] INFO  impl.RaftServerImpl (RaftServerImpl.java:setRole(184)) - 0eccc4cb-77af-4c43-89bd-f01b83be0073@group-1C08CD4F7525: changes role from CANDIDATE to FOLLOWER at term 47 for DISCOVERED_A_NEW_TERM
2019-10-18 14:03:31,299 [0eccc4cb-77af-4c43-89bd-f01b83be0073@group-1C08CD4F7525-LeaderElection48] INFO  impl.RoleInfo (RoleInfo.java:shutdownLeaderElection(134)) - 0eccc4cb-77af-4c43-89bd-f01b83be0073: shutdown LeaderElection
2019-10-18 14:03:31,299 [0eccc4cb-77af-4c43-89bd-f01b83be0073@group-1C08CD4F7525-LeaderElection48] INFO  impl.RoleInfo (RoleInfo.java:updateAndGet(143)) - 0eccc4cb-77af-4c43-89bd-f01b83be0073: start FollowerState
2019-10-18 14:03:31,322 [Thread-868] INFO  impl.FollowerState (FollowerState.java:run(108)) - 0eccc4cb-77af-4c43-89bd-f01b83be0073@group-1C08CD4F7525-FollowerState: change to CANDIDATE, lastRpcTime:22ms, electionTimeout:22ms
2019-10-18 14:03:31,322 [Thread-868] INFO  impl.RoleInfo (RoleInfo.java:shutdownFollowerState(121)) - 0eccc4cb-77af-4c43-89bd-f01b83be0073: shutdown FollowerState
2019-10-18 14:03:31,322 [Thread-868] INFO  impl.RaftServerImpl (RaftServerImpl.java:setRole(184)) - 0eccc4cb-77af-4c43-89bd-f01b83be0073@group-1C08CD4F7525: changes role from  FOLLOWER to CANDIDATE at term 47 for changeToCandidate
2019-10-18 14:03:31,322 [Thread-868] INFO  impl.RoleInfo (RoleInfo.java:updateAndGet(143)) - 0eccc4cb-77af-4c43-89bd-f01b83be0073: start LeaderElection
2019-10-18 14:03:31,336 [0eccc4cb-77af-4c43-89bd-f01b83be0073@group-1C08CD4F7525-LeaderElection49] INFO  impl.LeaderElection (LeaderElection.java:askForVotes(178)) - 0eccc4cb-77af-4c43-89bd-f01b83be0073@group-1C08CD4F7525-LeaderElection49: begin an election at term 48 for 0: [967a5d84-883e-4fc5-aa88-430cc6c4b93a:192.168.69.124:45994, 524d4c73-bbaf-4142-9273-d20c5a8628b4:192.168.69.124:36511, 0eccc4cb-77af-4c43-89bd-f01b83be0073:192.168.69.124:38580], old=null
2019-10-18 14:03:31,339 [grpc-default-executor-4] INFO  impl.RaftServerImpl (RaftServerImpl.java:setRole(184)) - 524d4c73-bbaf-4142-9273-d20c5a8628b4@group-1C08CD4F7525: changes role from  FOLLOWER to FOLLOWER at term 48 for recognizeCandidate:0eccc4cb-77af-4c43-89bd-f01b83be0073
2019-10-18 14:03:31,339 [grpc-default-executor-4] INFO  impl.RoleInfo (RoleInfo.java:shutdownFollowerState(121)) - 524d4c73-bbaf-4142-9273-d20c5a8628b4: shutdown FollowerState
2019-10-18 14:03:31,339 [grpc-default-executor-4] INFO  impl.RoleInfo (RoleInfo.java:updateAndGet(143)) - 524d4c73-bbaf-4142-9273-d20c5a8628b4: start FollowerState
2019-10-18 14:03:31,339 [Thread-867] INFO  impl.FollowerState (FollowerState.java:run(117)) - 524d4c73-bbaf-4142-9273-d20c5a8628b4@group-1C08CD4F7525-FollowerState was interrupted: java.lang.InterruptedException: sleep interrupted
2019-10-18 14:03:31,339 [grpc-default-executor-5] INFO  impl.RaftServerImpl (RaftServerImpl.java:setRole(184)) - 967a5d84-883e-4fc5-aa88-430cc6c4b93a@group-1C08CD4F7525: changes role from  FOLLOWER to FOLLOWER at term 48 for recognizeCandidate:0eccc4cb-77af-4c43-89bd-f01b83be0073
2019-10-18 14:03:31,339 [grpc-default-executor-5] INFO  impl.RoleInfo (RoleInfo.java:shutdownFollowerState(121)) - 967a5d84-883e-4fc5-aa88-430cc6c4b93a: shutdown FollowerState
2019-10-18 14:03:31,340 [Thread-866] INFO  impl.FollowerState (FollowerState.java:run(117)) - 967a5d84-883e-4fc5-aa88-430cc6c4b93a@group-1C08CD4F7525-FollowerState was interrupted: java.lang.InterruptedException: sleep interrupted
2019-10-18 14:03:31,340 [grpc-default-executor-5] INFO  impl.RoleInfo (RoleInfo.java:updateAndGet(143)) - 967a5d84-883e-4fc5-aa88-430cc6c4b93a: start FollowerState
2019-10-18 14:03:31,353 [0eccc4cb-77af-4c43-89bd-f01b83be0073@group-1C08CD4F7525-LeaderElection49] INFO  impl.LeaderElection (LeaderElection.java:logAndReturn(56)) - 0eccc4cb-77af-4c43-89bd-f01b83be0073@group-1C08CD4F7525-LeaderElection49: Election REJECTED; received 2 response(s) [0eccc4cb-77af-4c43-89bd-f01b83be0073<-967a5d84-883e-4fc5-aa88-430cc6c4b93a#0:FAIL-t48, 0eccc4cb-77af-4c43-89bd-f01b83be0073<-524d4c73-bbaf-4142-9273-d20c5a8628b4#0:FAIL-t48] and 0 exception(s); 0eccc4cb-77af-4c43-89bd-f01b83be0073@group-1C08CD4F7525:t48, leader=null, voted=0eccc4cb-77af-4c43-89bd-f01b83be0073, raftlog=0eccc4cb-77af-4c43-89bd-f01b83be0073@group-1C08CD4F7525-SegmentedRaftLog:OPENED:c3,f4,i4, conf=0: [967a5d84-883e-4fc5-aa88-430cc6c4b93a:192.168.69.124:45994, 524d4c73-bbaf-4142-9273-d20c5a8628b4:192.168.69.124:36511, 0eccc4cb-77af-4c43-89bd-f01b83be0073:192.168.69.124:38580], old=null
2019-10-18 14:03:31,353 [0eccc4cb-77af-4c43-89bd-f01b83be0073@group-1C08CD4F7525-LeaderElection49] INFO  impl.RaftServerImpl (RaftServerImpl.java:setRole(184)) - 0eccc4cb-77af-4c43-89bd-f01b83be0073@group-1C08CD4F7525: changes role from CANDIDATE to FOLLOWER at term 48 for DISCOVERED_A_NEW_TERM
2019-10-18 14:03:31,353 [0eccc4cb-77af-4c43-89bd-f01b83be0073@group-1C08CD4F7525-LeaderElection49] INFO  impl.RoleInfo (RoleInfo.java:shutdownLeaderElection(134)) - 0eccc4cb-77af-4c43-89bd-f01b83be0073: shutdown LeaderElection
2019-10-18 14:03:31,354 [0eccc4cb-77af-4c43-89bd-f01b83be0073@group-1C08CD4F7525-LeaderElection49] INFO  impl.RoleInfo (RoleInfo.java:updateAndGet(143)) - 0eccc4cb-77af-4c43-89bd-f01b83be0073: start FollowerState
2019-10-18 14:03:31,458 [Thread-874] INFO  impl.FollowerState (FollowerState.java:run(108)) - 0eccc4cb-77af-4c43-89bd-f01b83be0073@group-1C08CD4F7525-FollowerState: change to CANDIDATE, lastRpcTime:104ms, electionTimeout:104ms
2019-10-18 14:03:31,458 [Thread-874] INFO  impl.RoleInfo (RoleInfo.java:shutdownFollowerState(121)) - 0eccc4cb-77af-4c43-89bd-f01b83be0073: shutdown FollowerState
2019-10-18 14:03:31,458 [Thread-874] INFO  impl.RaftServerImpl (RaftServerImpl.java:setRole(184)) - 0eccc4cb-77af-4c43-89bd-f01b83be0073@group-1C08CD4F7525: changes role from  FOLLOWER to CANDIDATE at term 48 for changeToCandidate
2019-10-18 14:03:31,459 [Thread-874] INFO  impl.RoleInfo (RoleInfo.java:updateAndGet(143)) - 0eccc4cb-77af-4c43-89bd-f01b83be0073: start LeaderElection
2019-10-18 14:03:31,467 [0eccc4cb-77af-4c43-89bd-f01b83be0073@group-1C08CD4F7525-LeaderElection50] INFO  impl.LeaderElection (LeaderElection.java:askForVotes(178)) - 0eccc4cb-77af-4c43-89bd-f01b83be0073@group-1C08CD4F7525-LeaderElection50: begin an election at term 49 for 0: [967a5d84-883e-4fc5-aa88-430cc6c4b93a:192.168.69.124:45994, 524d4c73-bbaf-4142-9273-d20c5a8628b4:192.168.69.124:36511, 0eccc4cb-77af-4c43-89bd-f01b83be0073:192.168.69.124:38580], old=null
2019-10-18 14:03:31,470 [grpc-default-executor-5] INFO  impl.RaftServerImpl (RaftServerImpl.java:setRole(184)) - 524d4c73-bbaf-4142-9273-d20c5a8628b4@group-1C08CD4F7525: changes role from  FOLLOWER to FOLLOWER at term 49 for recognizeCandidate:0eccc4cb-77af-4c43-89bd-f01b83be0073
2019-10-18 14:03:31,470 [grpc-default-executor-4] INFO  impl.RaftServerImpl (RaftServerImpl.java:setRole(184)) - 967a5d84-883e-4fc5-aa88-430cc6c4b93a@group-1C08CD4F7525: changes role from  FOLLOWER to FOLLOWER at term 49 for recognizeCandidate:0eccc4cb-77af-4c43-89bd-f01b83be0073
2019-10-18 14:03:31,470 [grpc-default-executor-5] INFO  impl.RoleInfo (RoleInfo.java:shutdownFollowerState(121)) - 524d4c73-bbaf-4142-9273-d20c5a8628b4: shutdown FollowerState
2019-10-18 14:03:31,470 [grpc-default-executor-4] INFO  impl.RoleInfo (RoleInfo.java:shutdownFollowerState(121)) - 967a5d84-883e-4fc5-aa88-430cc6c4b93a: shutdown FollowerState
2019-10-18 14:03:31,470 [grpc-default-executor-5] INFO  impl.RoleInfo (RoleInfo.java:updateAndGet(143)) - 524d4c73-bbaf-4142-9273-d20c5a8628b4: start FollowerState
2019-10-18 14:03:31,470 [Thread-872] INFO  impl.FollowerState (FollowerState.java:run(117)) - 524d4c73-bbaf-4142-9273-d20c5a8628b4@group-1C08CD4F7525-FollowerState was interrupted: java.lang.InterruptedException: sleep interrupted
2019-10-18 14:03:31,470 [grpc-default-executor-4] INFO  impl.RoleInfo (RoleInfo.java:updateAndGet(143)) - 967a5d84-883e-4fc5-aa88-430cc6c4b93a: start FollowerState
2019-10-18 14:03:31,470 [Thread-873] INFO  impl.FollowerState (FollowerState.java:run(117)) - 967a5d84-883e-4fc5-aa88-430cc6c4b93a@group-1C08CD4F7525-FollowerState was interrupted: java.lang.InterruptedException: sleep interrupted
2019-10-18 14:03:31,491 [0eccc4cb-77af-4c43-89bd-f01b83be0073@group-1C08CD4F7525-LeaderElection50] INFO  impl.LeaderElection (LeaderElection.java:logAndReturn(56)) - 0eccc4cb-77af-4c43-89bd-f01b83be0073@group-1C08CD4F7525-LeaderElection50: Election REJECTED; received 2 response(s) [0eccc4cb-77af-4c43-89bd-f01b83be0073<-967a5d84-883e-4fc5-aa88-430cc6c4b93a#0:FAIL-t49, 0eccc4cb-77af-4c43-89bd-f01b83be0073<-524d4c73-bbaf-4142-9273-d20c5a8628b4#0:FAIL-t49] and 0 exception(s); 0eccc4cb-77af-4c43-89bd-f01b83be0073@group-1C08CD4F7525:t49, leader=null, voted=0eccc4cb-77af-4c43-89bd-f01b83be0073, raftlog=0eccc4cb-77af-4c43-89bd-f01b83be0073@group-1C08CD4F7525-SegmentedRaftLog:OPENED:c3,f4,i4, conf=0: [967a5d84-883e-4fc5-aa88-430cc6c4b93a:192.168.69.124:45994, 524d4c73-bbaf-4142-9273-d20c5a8628b4:192.168.69.124:36511, 0eccc4cb-77af-4c43-89bd-f01b83be0073:192.168.69.124:38580], old=null
2019-10-18 14:03:31,491 [0eccc4cb-77af-4c43-89bd-f01b83be0073@group-1C08CD4F7525-LeaderElection50] INFO  impl.RaftServerImpl (RaftServerImpl.java:setRole(184)) - 0eccc4cb-77af-4c43-89bd-f01b83be0073@group-1C08CD4F7525: changes role from CANDIDATE to FOLLOWER at term 49 for DISCOVERED_A_NEW_TERM
2019-10-18 14:03:31,491 [0eccc4cb-77af-4c43-89bd-f01b83be0073@group-1C08CD4F7525-LeaderElection50] INFO  impl.RoleInfo (RoleInfo.java:shutdownLeaderElection(134)) - 0eccc4cb-77af-4c43-89bd-f01b83be0073: shutdown LeaderElection
2019-10-18 14:03:31,491 [0eccc4cb-77af-4c43-89bd-f01b83be0073@group-1C08CD4F7525-LeaderElection50] INFO  impl.RoleInfo (RoleInfo.java:updateAndGet(143)) - 0eccc4cb-77af-4c43-89bd-f01b83be0073: start FollowerState
2019-10-18 14:03:31,512 [Thread-881] INFO  impl.FollowerState (FollowerState.java:run(108)) - 0eccc4cb-77af-4c43-89bd-f01b83be0073@group-1C08CD4F7525-FollowerState: change to CANDIDATE, lastRpcTime:21ms, electionTimeout:21ms
2019-10-18 14:03:31,513 [Thread-881] INFO  impl.RoleInfo (RoleInfo.java:shutdownFollowerState(121)) - 0eccc4cb-77af-4c43-89bd-f01b83be0073: shutdown FollowerState
2019-10-18 14:03:31,513 [Thread-881] INFO  impl.RaftServerImpl (RaftServerImpl.java:setRole(184)) - 0eccc4cb-77af-4c43-89bd-f01b83be0073@group-1C08CD4F7525: changes role from  FOLLOWER to CANDIDATE at term 49 for changeToCandidate
2019-10-18 14:03:31,513 [Thread-881] INFO  impl.RoleInfo (RoleInfo.java:updateAndGet(143)) - 0eccc4cb-77af-4c43-89bd-f01b83be0073: start LeaderElection
2019-10-18 14:03:31,525 [0eccc4cb-77af-4c43-89bd-f01b83be0073@group-1C08CD4F7525-LeaderElection51] INFO  impl.LeaderElection (LeaderElection.java:askForVotes(178)) - 0eccc4cb-77af-4c43-89bd-f01b83be0073@group-1C08CD4F7525-LeaderElection51: begin an election at term 50 for 0: [967a5d84-883e-4fc5-aa88-430cc6c4b93a:192.168.69.124:45994, 524d4c73-bbaf-4142-9273-d20c5a8628b4:192.168.69.124:36511, 0eccc4cb-77af-4c43-89bd-f01b83be0073:192.168.69.124:38580], old=null
2019-10-18 14:03:31,528 [grpc-default-executor-5] INFO  impl.RaftServerImpl (RaftServerImpl.java:setRole(184)) - 967a5d84-883e-4fc5-aa88-430cc6c4b93a@group-1C08CD4F7525: changes role from  FOLLOWER to FOLLOWER at term 50 for recognizeCandidate:0eccc4cb-77af-4c43-89bd-f01b83be0073
2019-10-18 14:03:31,528 [grpc-default-executor-5] INFO  impl.RoleInfo (RoleInfo.java:shutdownFollowerState(121)) - 967a5d84-883e-4fc5-aa88-430cc6c4b93a: shutdown FollowerState
2019-10-18 14:03:31,528 [grpc-default-executor-4] INFO  impl.RaftServerImpl (RaftServerImpl.java:setRole(184)) - 524d4c73-bbaf-4142-9273-d20c5a8628b4@group-1C08CD4F7525: changes role from  FOLLOWER to FOLLOWER at term 50 for recognizeCandidate:0eccc4cb-77af-4c43-89bd-f01b83be0073
2019-10-18 14:03:31,528 [grpc-default-executor-5] INFO  impl.RoleInfo (RoleInfo.java:updateAndGet(143)) - 967a5d84-883e-4fc5-aa88-430cc6c4b93a: start FollowerState
2019-10-18 14:03:31,528 [Thread-880] INFO  impl.FollowerState (FollowerState.java:run(117)) - 967a5d84-883e-4fc5-aa88-430cc6c4b93a@group-1C08CD4F7525-FollowerState was interrupted: java.lang.InterruptedException: sleep interrupted
2019-10-18 14:03:31,528 [grpc-default-executor-4] INFO  impl.RoleInfo (RoleInfo.java:shutdownFollowerState(121)) - 524d4c73-bbaf-4142-9273-d20c5a8628b4: shutdown FollowerState
2019-10-18 14:03:31,529 [grpc-default-executor-4] INFO  impl.RoleInfo (RoleInfo.java:updateAndGet(143)) - 524d4c73-bbaf-4142-9273-d20c5a8628b4: start FollowerState
2019-10-18 14:03:31,529 [Thread-879] INFO  impl.FollowerState (FollowerState.java:run(117)) - 524d4c73-bbaf-4142-9273-d20c5a8628b4@group-1C08CD4F7525-FollowerState was interrupted: java.lang.InterruptedException: sleep interrupted
2019-10-18 14:03:31,539 [0eccc4cb-77af-4c43-89bd-f01b83be0073@group-1C08CD4F7525-LeaderElection51] INFO  impl.LeaderElection (LeaderElection.java:logAndReturn(56)) - 0eccc4cb-77af-4c43-89bd-f01b83be0073@group-1C08CD4F7525-LeaderElection51: Election TIMEOUT; received 0 response(s) [] and 0 exception(s); 0eccc4cb-77af-4c43-89bd-f01b83be0073@group-1C08CD4F7525:t50, leader=null, voted=0eccc4cb-77af-4c43-89bd-f01b83be0073, raftlog=0eccc4cb-77af-4c43-89bd-f01b83be0073@group-1C08CD4F7525-SegmentedRaftLog:OPENED:c3,f4,i4, conf=0: [967a5d84-883e-4fc5-aa88-430cc6c4b93a:192.168.69.124:45994, 524d4c73-bbaf-4142-9273-d20c5a8628b4:192.168.69.124:36511, 0eccc4cb-77af-4c43-89bd-f01b83be0073:192.168.69.124:38580], old=null
2019-10-18 14:03:31,543 [0eccc4cb-77af-4c43-89bd-f01b83be0073@group-1C08CD4F7525-LeaderElection51] INFO  impl.LeaderElection (LeaderElection.java:askForVotes(178)) - 0eccc4cb-77af-4c43-89bd-f01b83be0073@group-1C08CD4F7525-LeaderElection51: begin an election at term 51 for 0: [967a5d84-883e-4fc5-aa88-430cc6c4b93a:192.168.69.124:45994, 524d4c73-bbaf-4142-9273-d20c5a8628b4:192.168.69.124:36511, 0eccc4cb-77af-4c43-89bd-f01b83be0073:192.168.69.124:38580], old=null
2019-10-18 14:03:31,545 [grpc-default-executor-4] INFO  impl.RaftServerImpl (RaftServerImpl.java:setRole(184)) - 524d4c73-bbaf-4142-9273-d20c5a8628b4@group-1C08CD4F7525: changes role from  FOLLOWER to FOLLOWER at term 51 for recognizeCandidate:0eccc4cb-77af-4c43-89bd-f01b83be0073
2019-10-18 14:03:31,545 [grpc-default-executor-5] INFO  impl.RaftServerImpl (RaftServerImpl.java:setRole(184)) - 967a5d84-883e-4fc5-aa88-430cc6c4b93a@group-1C08CD4F7525: changes role from  FOLLOWER to FOLLOWER at term 51 for recognizeCandidate:0eccc4cb-77af-4c43-89bd-f01b83be0073
2019-10-18 14:03:31,545 [grpc-default-executor-4] INFO  impl.RoleInfo (RoleInfo.java:shutdownFollowerState(121)) - 524d4c73-bbaf-4142-9273-d20c5a8628b4: shutdown FollowerState
2019-10-18 14:03:31,545 [grpc-default-executor-5] INFO  impl.RoleInfo (RoleInfo.java:shutdownFollowerState(121)) - 967a5d84-883e-4fc5-aa88-430cc6c4b93a: shutdown FollowerState
2019-10-18 14:03:31,546 [Thread-886] INFO  impl.FollowerState (FollowerState.java:run(117)) - 524d4c73-bbaf-4142-9273-d20c5a8628b4@group-1C08CD4F7525-FollowerState was interrupted: java.lang.InterruptedException: sleep interrupted
2019-10-18 14:03:31,546 [grpc-default-executor-4] INFO  impl.RoleInfo (RoleInfo.java:updateAndGet(143)) - 524d4c73-bbaf-4142-9273-d20c5a8628b4: start FollowerState
2019-10-18 14:03:31,546 [grpc-default-executor-5] INFO  impl.RoleInfo (RoleInfo.java:updateAndGet(143)) - 967a5d84-883e-4fc5-aa88-430cc6c4b93a: start FollowerState
2019-10-18 14:03:31,546 [Thread-885] INFO  impl.FollowerState (FollowerState.java:run(117)) - 967a5d84-883e-4fc5-aa88-430cc6c4b93a@group-1C08CD4F7525-FollowerState was interrupted: java.lang.InterruptedException: sleep interrupted
2019-10-18 14:03:31,560 [0eccc4cb-77af-4c43-89bd-f01b83be0073@group-1C08CD4F7525-LeaderElection51] INFO  impl.LeaderElection (LeaderElection.java:logAndReturn(56)) - 0eccc4cb-77af-4c43-89bd-f01b83be0073@group-1C08CD4F7525-LeaderElection51: Election REJECTED; received 2 response(s) [0eccc4cb-77af-4c43-89bd-f01b83be0073<-967a5d84-883e-4fc5-aa88-430cc6c4b93a#0:FAIL-t51, 0eccc4cb-77af-4c43-89bd-f01b83be0073<-524d4c73-bbaf-4142-9273-d20c5a8628b4#0:FAIL-t51] and 0 exception(s); 0eccc4cb-77af-4c43-89bd-f01b83be0073@group-1C08CD4F7525:t51, leader=null, voted=0eccc4cb-77af-4c43-89bd-f01b83be0073, raftlog=0eccc4cb-77af-4c43-89bd-f01b83be0073@group-1C08CD4F7525-SegmentedRaftLog:OPENED:c3,f4,i4, conf=0: [967a5d84-883e-4fc5-aa88-430cc6c4b93a:192.168.69.124:45994, 524d4c73-bbaf-4142-9273-d20c5a8628b4:192.168.69.124:36511, 0eccc4cb-77af-4c43-89bd-f01b83be0073:192.168.69.124:38580], old=null
2019-10-18 14:03:31,560 [0eccc4cb-77af-4c43-89bd-f01b83be0073@group-1C08CD4F7525-LeaderElection51] INFO  impl.RaftServerImpl (RaftServerImpl.java:setRole(184)) - 0eccc4cb-77af-4c43-89bd-f01b83be0073@group-1C08CD4F7525: changes role from CANDIDATE to FOLLOWER at term 51 for DISCOVERED_A_NEW_TERM
2019-10-18 14:03:31,560 [0eccc4cb-77af-4c43-89bd-f01b83be0073@group-1C08CD4F7525-LeaderElection51] INFO  impl.RoleInfo (RoleInfo.java:shutdownLeaderElection(134)) - 0eccc4cb-77af-4c43-89bd-f01b83be0073: shutdown LeaderElection
2019-10-18 14:03:31,560 [0eccc4cb-77af-4c43-89bd-f01b83be0073@group-1C08CD4F7525-LeaderElection51] INFO  impl.RoleInfo (RoleInfo.java:updateAndGet(143)) - 0eccc4cb-77af-4c43-89bd-f01b83be0073: start FollowerState
2019-10-18 14:03:31,710 [Thread-891] INFO  impl.FollowerState (FollowerState.java:run(108)) - 0eccc4cb-77af-4c43-89bd-f01b83be0073@group-1C08CD4F7525-FollowerState: change to CANDIDATE, lastRpcTime:150ms, electionTimeout:150ms
2019-10-18 14:03:31,710 [Thread-891] INFO  impl.RoleInfo (RoleInfo.java:shutdownFollowerState(121)) - 0eccc4cb-77af-4c43-89bd-f01b83be0073: shutdown FollowerState
2019-10-18 14:03:31,710 [Thread-891] INFO  impl.RaftServerImpl (RaftServerImpl.java:setRole(184)) - 0eccc4cb-77af-4c43-89bd-f01b83be0073@group-1C08CD4F7525: changes role from  FOLLOWER to CANDIDATE at term 51 for changeToCandidate
2019-10-18 14:03:31,711 [Thread-891] INFO  impl.RoleInfo (RoleInfo.java:updateAndGet(143)) - 0eccc4cb-77af-4c43-89bd-f01b83be0073: start LeaderElection
2019-10-18 14:03:31,726 [0eccc4cb-77af-4c43-89bd-f01b83be0073@group-1C08CD4F7525-LeaderElection52] INFO  impl.LeaderElection (LeaderElection.java:askForVotes(178)) - 0eccc4cb-77af-4c43-89bd-f01b83be0073@group-1C08CD4F7525-LeaderElection52: begin an election at term 52 for 0: [967a5d84-883e-4fc5-aa88-430cc6c4b93a:192.168.69.124:45994, 524d4c73-bbaf-4142-9273-d20c5a8628b4:192.168.69.124:36511, 0eccc4cb-77af-4c43-89bd-f01b83be0073:192.168.69.124:38580], old=null
2019-10-18 14:03:31,730 [grpc-default-executor-5] INFO  impl.RaftServerImpl (RaftServerImpl.java:setRole(184)) - 967a5d84-883e-4fc5-aa88-430cc6c4b93a@group-1C08CD4F7525: changes role from  FOLLOWER to FOLLOWER at term 52 for recognizeCandidate:0eccc4cb-77af-4c43-89bd-f01b83be0073
2019-10-18 14:03:31,730 [grpc-default-executor-5] INFO  impl.RoleInfo (RoleInfo.java:shutdownFollowerState(121)) - 967a5d84-883e-4fc5-aa88-430cc6c4b93a: shutdown FollowerState
2019-10-18 14:03:31,730 [grpc-default-executor-5] INFO  impl.RoleInfo (RoleInfo.java:updateAndGet(143)) - 967a5d84-883e-4fc5-aa88-430cc6c4b93a: start FollowerState
2019-10-18 14:03:31,730 [Thread-890] INFO  impl.FollowerState (FollowerState.java:run(117)) - 967a5d84-883e-4fc5-aa88-430cc6c4b93a@group-1C08CD4F7525-FollowerState was interrupted: java.lang.InterruptedException: sleep interrupted
2019-10-18 14:03:31,730 [grpc-default-executor-4] INFO  impl.RaftServerImpl (RaftServerImpl.java:setRole(184)) - 524d4c73-bbaf-4142-9273-d20c5a8628b4@group-1C08CD4F7525: changes role from  FOLLOWER to FOLLOWER at term 52 for recognizeCandidate:0eccc4cb-77af-4c43-89bd-f01b83be0073
2019-10-18 14:03:31,730 [grpc-default-executor-4] INFO  impl.RoleInfo (RoleInfo.java:shutdownFollowerState(121)) - 524d4c73-bbaf-4142-9273-d20c5a8628b4: shutdown FollowerState
2019-10-18 14:03:31,730 [grpc-default-executor-4] INFO  impl.RoleInfo (RoleInfo.java:updateAndGet(143)) - 524d4c73-bbaf-4142-9273-d20c5a8628b4: start FollowerState
2019-10-18 14:03:31,730 [Thread-889] INFO  impl.FollowerState (FollowerState.java:run(117)) - 524d4c73-bbaf-4142-9273-d20c5a8628b4@group-1C08CD4F7525-FollowerState was interrupted: java.lang.InterruptedException: sleep interrupted
2019-10-18 14:03:31,731 [Thread-898] INFO  client.GrpcClientProtocolService (GrpcClientProtocolService.java:lambda$processClientRequest$0(278)) - Failed RaftClientRequest:client-D27B19DE1784->0eccc4cb-77af-4c43-89bd-f01b83be0073@group-1C08CD4F7525, cid=10, seq=0, Watch-ALL_COMMITTED(6), Message:<EMPTY>, reply=RaftClientReply:client-D27B19DE1784->0eccc4cb-77af-4c43-89bd-f01b83be0073@group-1C08CD4F7525, cid=10, FAILED org.apache.ratis.protocol.NotLeaderException: Server 0eccc4cb-77af-4c43-89bd-f01b83be0073@group-1C08CD4F7525 is not the leader, logIndex=0, commits[0eccc4cb-77af-4c43-89bd-f01b83be0073:c3]
2019-10-18 14:03:31,744 [0eccc4cb-77af-4c43-89bd-f01b83be0073@group-1C08CD4F7525-LeaderElection52] INFO  impl.LeaderElection (LeaderElection.java:logAndReturn(56)) - 0eccc4cb-77af-4c43-89bd-f01b83be0073@group-1C08CD4F7525-LeaderElection52: Election REJECTED; received 2 response(s) [0eccc4cb-77af-4c43-89bd-f01b83be0073<-967a5d84-883e-4fc5-aa88-430cc6c4b93a#0:FAIL-t52, 0eccc4cb-77af-4c43-89bd-f01b83be0073<-524d4c73-bbaf-4142-9273-d20c5a8628b4#0:FAIL-t52] and 0 exception(s); 0eccc4cb-77af-4c43-89bd-f01b83be0073@group-1C08CD4F7525:t52, leader=null, voted=0eccc4cb-77af-4c43-89bd-f01b83be0073, raftlog=0eccc4cb-77af-4c43-89bd-f01b83be0073@group-1C08CD4F7525-SegmentedRaftLog:OPENED:c3,f4,i4, conf=0: [967a5d84-883e-4fc5-aa88-430cc6c4b93a:192.168.69.124:45994, 524d4c73-bbaf-4142-9273-d20c5a8628b4:192.168.69.124:36511, 0eccc4cb-77af-4c43-89bd-f01b83be0073:192.168.69.124:38580], old=null
2019-10-18 14:03:31,744 [0eccc4cb-77af-4c43-89bd-f01b83be0073@group-1C08CD4F7525-LeaderElection52] INFO  impl.RaftServerImpl (RaftServerImpl.java:setRole(184)) - 0eccc4cb-77af-4c43-89bd-f01b83be0073@group-1C08CD4F7525: changes role from CANDIDATE to FOLLOWER at term 52 for DISCOVERED_A_NEW_TERM
2019-10-18 14:03:31,744 [0eccc4cb-77af-4c43-89bd-f01b83be0073@group-1C08CD4F7525-LeaderElection52] INFO  impl.RoleInfo (RoleInfo.java:shutdownLeaderElection(134)) - 0eccc4cb-77af-4c43-89bd-f01b83be0073: shutdown LeaderElection
2019-10-18 14:03:31,744 [0eccc4cb-77af-4c43-89bd-f01b83be0073@group-1C08CD4F7525-LeaderElection52] INFO  impl.RoleInfo (RoleInfo.java:updateAndGet(143)) - 0eccc4cb-77af-4c43-89bd-f01b83be0073: start FollowerState
2019-10-18 14:03:31,923 [Thread-900] INFO  impl.FollowerState (FollowerState.java:run(108)) - 0eccc4cb-77af-4c43-89bd-f01b83be0073@group-1C08CD4F7525-FollowerState: change to CANDIDATE, lastRpcTime:178ms, electionTimeout:178ms
2019-10-18 14:03:31,923 [Thread-900] INFO  impl.RoleInfo (RoleInfo.java:shutdownFollowerState(121)) - 0eccc4cb-77af-4c43-89bd-f01b83be0073: shutdown FollowerState
2019-10-18 14:03:31,923 [Thread-900] INFO  impl.RaftServerImpl (RaftServerImpl.java:setRole(184)) - 0eccc4cb-77af-4c43-89bd-f01b83be0073@group-1C08CD4F7525: changes role from  FOLLOWER to CANDIDATE at term 52 for changeToCandidate
2019-10-18 14:03:31,923 [Thread-900] INFO  impl.RoleInfo (RoleInfo.java:updateAndGet(143)) - 0eccc4cb-77af-4c43-89bd-f01b83be0073: start LeaderElection
2019-10-18 14:03:31,937 [0eccc4cb-77af-4c43-89bd-f01b83be0073@group-1C08CD4F7525-LeaderElection53] INFO  impl.LeaderElection (LeaderElection.java:askForVotes(178)) - 0eccc4cb-77af-4c43-89bd-f01b83be0073@group-1C08CD4F7525-LeaderElection53: begin an election at term 53 for 0: [967a5d84-883e-4fc5-aa88-430cc6c4b93a:192.168.69.124:45994, 524d4c73-bbaf-4142-9273-d20c5a8628b4:192.168.69.124:36511, 0eccc4cb-77af-4c43-89bd-f01b83be0073:192.168.69.124:38580], old=null
2019-10-18 14:03:31,939 [grpc-default-executor-4] INFO  impl.RaftServerImpl (RaftServerImpl.java:setRole(184)) - 967a5d84-883e-4fc5-aa88-430cc6c4b93a@group-1C08CD4F7525: changes role from  FOLLOWER to FOLLOWER at term 53 for recognizeCandidate:0eccc4cb-77af-4c43-89bd-f01b83be0073
2019-10-18 14:03:31,939 [grpc-default-executor-4] INFO  impl.RoleInfo (RoleInfo.java:shutdownFollowerState(121)) - 967a5d84-883e-4fc5-aa88-430cc6c4b93a: shutdown FollowerState
2019-10-18 14:03:31,940 [grpc-default-executor-5] INFO  impl.RaftServerImpl (RaftServerImpl.java:setRole(184)) - 524d4c73-bbaf-4142-9273-d20c5a8628b4@group-1C08CD4F7525: changes role from  FOLLOWER to FOLLOWER at term 53 for recognizeCandidate:0eccc4cb-77af-4c43-89bd-f01b83be0073
2019-10-18 14:03:31,940 [grpc-default-executor-4] INFO  impl.RoleInfo (RoleInfo.java:updateAndGet(143)) - 967a5d84-883e-4fc5-aa88-430cc6c4b93a: start FollowerState
2019-10-18 14:03:31,940 [grpc-default-executor-5] INFO  impl.RoleInfo (RoleInfo.java:shutdownFollowerState(121)) - 524d4c73-bbaf-4142-9273-d20c5a8628b4: shutdown FollowerState
2019-10-18 14:03:31,940 [Thread-896] INFO  impl.FollowerState (FollowerState.java:run(117)) - 967a5d84-883e-4fc5-aa88-430cc6c4b93a@group-1C08CD4F7525-FollowerState was interrupted: java.lang.InterruptedException: sleep interrupted
2019-10-18 14:03:31,940 [Thread-897] INFO  impl.FollowerState (FollowerState.java:run(117)) - 524d4c73-bbaf-4142-9273-d20c5a8628b4@group-1C08CD4F7525-FollowerState was interrupted: java.lang.InterruptedException: sleep interrupted
2019-10-18 14:03:31,940 [grpc-default-executor-5] INFO  impl.RoleInfo (RoleInfo.java:updateAndGet(143)) - 524d4c73-bbaf-4142-9273-d20c5a8628b4: start FollowerState
2019-10-18 14:03:31,956 [0eccc4cb-77af-4c43-89bd-f01b83be0073@group-1C08CD4F7525-LeaderElection53] INFO  impl.LeaderElection (LeaderElection.java:logAndReturn(56)) - 0eccc4cb-77af-4c43-89bd-f01b83be0073@group-1C08CD4F7525-LeaderElection53: Election REJECTED; received 2 response(s) [0eccc4cb-77af-4c43-89bd-f01b83be0073<-967a5d84-883e-4fc5-aa88-430cc6c4b93a#0:FAIL-t53, 0eccc4cb-77af-4c43-89bd-f01b83be0073<-524d4c73-bbaf-4142-9273-d20c5a8628b4#0:FAIL-t53] and 0 exception(s); 0eccc4cb-77af-4c43-89bd-f01b83be0073@group-1C08CD4F7525:t53, leader=null, voted=0eccc4cb-77af-4c43-89bd-f01b83be0073, raftlog=0eccc4cb-77af-4c43-89bd-f01b83be0073@group-1C08CD4F7525-SegmentedRaftLog:OPENED:c3,f4,i4, conf=0: [967a5d84-883e-4fc5-aa88-430cc6c4b93a:192.168.69.124:45994, 524d4c73-bbaf-4142-9273-d20c5a8628b4:192.168.69.124:36511, 0eccc4cb-77af-4c43-89bd-f01b83be0073:192.168.69.124:38580], old=null
2019-10-18 14:03:31,956 [0eccc4cb-77af-4c43-89bd-f01b83be0073@group-1C08CD4F7525-LeaderElection53] INFO  impl.RaftServerImpl (RaftServerImpl.java:setRole(184)) - 0eccc4cb-77af-4c43-89bd-f01b83be0073@group-1C08CD4F7525: changes role from CANDIDATE to FOLLOWER at term 53 for DISCOVERED_A_NEW_TERM
2019-10-18 14:03:31,956 [0eccc4cb-77af-4c43-89bd-f01b83be0073@group-1C08CD4F7525-LeaderElection53] INFO  impl.RoleInfo (RoleInfo.java:shutdownLeaderElection(134)) - 0eccc4cb-77af-4c43-89bd-f01b83be0073: shutdown LeaderElection
2019-10-18 14:03:31,956 [0eccc4cb-77af-4c43-89bd-f01b83be0073@group-1C08CD4F7525-LeaderElection53] INFO  impl.RoleInfo (RoleInfo.java:updateAndGet(143)) - 0eccc4cb-77af-4c43-89bd-f01b83be0073: start FollowerState
2019-10-18 14:03:32,093 [BlockDeletingService#0] WARN  background.BlockDeletingService (BlockDeletingService.java:isDeletionAllowed(187)) - Close Container log Index 6 is not replicated across allthe servers in the pipeline 08f27b3d-1876-4e46-af5a-1c08cd4f7525 as the min replicated index is 4. Deletion is not allowed in this container yet.
2019-10-18 14:03:32,094 [BlockDeletingService#2] WARN  background.BlockDeletingService (BlockDeletingService.java:isDeletionAllowed(187)) - Close Container log Index 6 is not replicated across allthe servers in the pipeline 08f27b3d-1876-4e46-af5a-1c08cd4f7525 as the min replicated index is 4. Deletion is not allowed in this container yet.
2019-10-18 14:03:32,111 [Thread-906] INFO  impl.FollowerState (FollowerState.java:run(108)) - 0eccc4cb-77af-4c43-89bd-f01b83be0073@group-1C08CD4F7525-FollowerState: change to CANDIDATE, lastRpcTime:154ms, electionTimeout:154ms
2019-10-18 14:03:32,111 [Thread-906] INFO  impl.RoleInfo (RoleInfo.java:shutdownFollowerState(121)) - 0eccc4cb-77af-4c43-89bd-f01b83be0073: shutdown FollowerState
2019-10-18 14:03:32,111 [Thread-906] INFO  impl.RaftServerImpl (RaftServerImpl.java:setRole(184)) - 0eccc4cb-77af-4c43-89bd-f01b83be0073@group-1C08CD4F7525: changes role from  FOLLOWER to CANDIDATE at term 53 for changeToCandidate
2019-10-18 14:03:32,111 [Thread-906] INFO  impl.RoleInfo (RoleInfo.java:updateAndGet(143)) - 0eccc4cb-77af-4c43-89bd-f01b83be0073: start LeaderElection
2019-10-18 14:03:32,125 [0eccc4cb-77af-4c43-89bd-f01b83be0073@group-1C08CD4F7525-LeaderElection54] INFO  impl.LeaderElection (LeaderElection.java:askForVotes(178)) - 0eccc4cb-77af-4c43-89bd-f01b83be0073@group-1C08CD4F7525-LeaderElection54: begin an election at term 54 for 0: [967a5d84-883e-4fc5-aa88-430cc6c4b93a:192.168.69.124:45994, 524d4c73-bbaf-4142-9273-d20c5a8628b4:192.168.69.124:36511, 0eccc4cb-77af-4c43-89bd-f01b83be0073:192.168.69.124:38580], old=null
2019-10-18 14:03:32,128 [grpc-default-executor-4] INFO  impl.RaftServerImpl (RaftServerImpl.java:setRole(184)) - 967a5d84-883e-4fc5-aa88-430cc6c4b93a@group-1C08CD4F7525: changes role from  FOLLOWER to FOLLOWER at term 54 for recognizeCandidate:0eccc4cb-77af-4c43-89bd-f01b83be0073
2019-10-18 14:03:32,128 [grpc-default-executor-4] INFO  impl.RoleInfo (RoleInfo.java:shutdownFollowerState(121)) - 967a5d84-883e-4fc5-aa88-430cc6c4b93a: shutdown FollowerState
2019-10-18 14:03:32,128 [grpc-default-executor-5] INFO  impl.RaftServerImpl (RaftServerImpl.java:setRole(184)) - 524d4c73-bbaf-4142-9273-d20c5a8628b4@group-1C08CD4F7525: changes role from  FOLLOWER to FOLLOWER at term 54 for recognizeCandidate:0eccc4cb-77af-4c43-89bd-f01b83be0073
2019-10-18 14:03:32,128 [grpc-default-executor-4] INFO  impl.RoleInfo (RoleInfo.java:updateAndGet(143)) - 967a5d84-883e-4fc5-aa88-430cc6c4b93a: start FollowerState
2019-10-18 14:03:32,128 [Thread-904] INFO  impl.FollowerState (FollowerState.java:run(117)) - 967a5d84-883e-4fc5-aa88-430cc6c4b93a@group-1C08CD4F7525-FollowerState was interrupted: java.lang.InterruptedException: sleep interrupted
2019-10-18 14:03:32,128 [grpc-default-executor-5] INFO  impl.RoleInfo (RoleInfo.java:shutdownFollowerState(121)) - 524d4c73-bbaf-4142-9273-d20c5a8628b4: shutdown FollowerState
2019-10-18 14:03:32,129 [grpc-default-executor-5] INFO  impl.RoleInfo (RoleInfo.java:updateAndGet(143)) - 524d4c73-bbaf-4142-9273-d20c5a8628b4: start FollowerState
2019-10-18 14:03:32,129 [Thread-905] INFO  impl.FollowerState (FollowerState.java:run(117)) - 524d4c73-bbaf-4142-9273-d20c5a8628b4@group-1C08CD4F7525-FollowerState was interrupted: java.lang.InterruptedException: sleep interrupted
2019-10-18 14:03:32,144 [0eccc4cb-77af-4c43-89bd-f01b83be0073@group-1C08CD4F7525-LeaderElection54] INFO  impl.LeaderElection (LeaderElection.java:logAndReturn(56)) - 0eccc4cb-77af-4c43-89bd-f01b83be0073@group-1C08CD4F7525-LeaderElection54: Election REJECTED; received 2 response(s) [0eccc4cb-77af-4c43-89bd-f01b83be0073<-967a5d84-883e-4fc5-aa88-430cc6c4b93a#0:FAIL-t54, 0eccc4cb-77af-4c43-89bd-f01b83be0073<-524d4c73-bbaf-4142-9273-d20c5a8628b4#0:FAIL-t54] and 0 exception(s); 0eccc4cb-77af-4c43-89bd-f01b83be0073@group-1C08CD4F7525:t54, leader=null, voted=0eccc4cb-77af-4c43-89bd-f01b83be0073, raftlog=0eccc4cb-77af-4c43-89bd-f01b83be0073@group-1C08CD4F7525-SegmentedRaftLog:OPENED:c3,f4,i4, conf=0: [967a5d84-883e-4fc5-aa88-430cc6c4b93a:192.168.69.124:45994, 524d4c73-bbaf-4142-9273-d20c5a8628b4:192.168.69.124:36511, 0eccc4cb-77af-4c43-89bd-f01b83be0073:192.168.69.124:38580], old=null
2019-10-18 14:03:32,144 [0eccc4cb-77af-4c43-89bd-f01b83be0073@group-1C08CD4F7525-LeaderElection54] INFO  impl.RaftServerImpl (RaftServerImpl.java:setRole(184)) - 0eccc4cb-77af-4c43-89bd-f01b83be0073@group-1C08CD4F7525: changes role from CANDIDATE to FOLLOWER at term 54 for DISCOVERED_A_NEW_TERM
2019-10-18 14:03:32,144 [0eccc4cb-77af-4c43-89bd-f01b83be0073@group-1C08CD4F7525-LeaderElection54] INFO  impl.RoleInfo (RoleInfo.java:shutdownLeaderElection(134)) - 0eccc4cb-77af-4c43-89bd-f01b83be0073: shutdown LeaderElection
2019-10-18 14:03:32,144 [0eccc4cb-77af-4c43-89bd-f01b83be0073@group-1C08CD4F7525-LeaderElection54] INFO  impl.RoleInfo (RoleInfo.java:updateAndGet(143)) - 0eccc4cb-77af-4c43-89bd-f01b83be0073: start FollowerState
2019-10-18 14:03:32,273 [Thread-914] INFO  impl.FollowerState (FollowerState.java:run(108)) - 0eccc4cb-77af-4c43-89bd-f01b83be0073@group-1C08CD4F7525-FollowerState: change to CANDIDATE, lastRpcTime:128ms, electionTimeout:128ms
2019-10-18 14:03:32,273 [Thread-914] INFO  impl.RoleInfo (RoleInfo.java:shutdownFollowerState(121)) - 0eccc4cb-77af-4c43-89bd-f01b83be0073: shutdown FollowerState
2019-10-18 14:03:32,273 [Thread-914] INFO  impl.RaftServerImpl (RaftServerImpl.java:setRole(184)) - 0eccc4cb-77af-4c43-89bd-f01b83be0073@group-1C08CD4F7525: changes role from  FOLLOWER to CANDIDATE at term 54 for changeToCandidate
2019-10-18 14:03:32,274 [Thread-914] INFO  impl.RoleInfo (RoleInfo.java:updateAndGet(143)) - 0eccc4cb-77af-4c43-89bd-f01b83be0073: start LeaderElection
2019-10-18 14:03:32,287 [0eccc4cb-77af-4c43-89bd-f01b83be0073@group-1C08CD4F7525-LeaderElection55] INFO  impl.LeaderElection (LeaderElection.java:askForVotes(178)) - 0eccc4cb-77af-4c43-89bd-f01b83be0073@group-1C08CD4F7525-LeaderElection55: begin an election at term 55 for 0: [967a5d84-883e-4fc5-aa88-430cc6c4b93a:192.168.69.124:45994, 524d4c73-bbaf-4142-9273-d20c5a8628b4:192.168.69.124:36511, 0eccc4cb-77af-4c43-89bd-f01b83be0073:192.168.69.124:38580], old=null
2019-10-18 14:03:32,291 [grpc-default-executor-5] INFO  impl.RaftServerImpl (RaftServerImpl.java:setRole(184)) - 967a5d84-883e-4fc5-aa88-430cc6c4b93a@group-1C08CD4F7525: changes role from  FOLLOWER to FOLLOWER at term 55 for recognizeCandidate:0eccc4cb-77af-4c43-89bd-f01b83be0073
2019-10-18 14:03:32,291 [grpc-default-executor-5] INFO  impl.RoleInfo (RoleInfo.java:shutdownFollowerState(121)) - 967a5d84-883e-4fc5-aa88-430cc6c4b93a: shutdown FollowerState
2019-10-18 14:03:32,291 [grpc-default-executor-4] INFO  impl.RaftServerImpl (RaftServerImpl.java:setRole(184)) - 524d4c73-bbaf-4142-9273-d20c5a8628b4@group-1C08CD4F7525: changes role from  FOLLOWER to FOLLOWER at term 55 for recognizeCandidate:0eccc4cb-77af-4c43-89bd-f01b83be0073
2019-10-18 14:03:32,291 [Thread-912] INFO  impl.FollowerState (FollowerState.java:run(117)) - 967a5d84-883e-4fc5-aa88-430cc6c4b93a@group-1C08CD4F7525-FollowerState was interrupted: java.lang.InterruptedException: sleep interrupted
2019-10-18 14:03:32,291 [grpc-default-executor-5] INFO  impl.RoleInfo (RoleInfo.java:updateAndGet(143)) - 967a5d84-883e-4fc5-aa88-430cc6c4b93a: start FollowerState
2019-10-18 14:03:32,291 [grpc-default-executor-4] INFO  impl.RoleInfo (RoleInfo.java:shutdownFollowerState(121)) - 524d4c73-bbaf-4142-9273-d20c5a8628b4: shutdown FollowerState
2019-10-18 14:03:32,292 [grpc-default-executor-4] INFO  impl.RoleInfo (RoleInfo.java:updateAndGet(143)) - 524d4c73-bbaf-4142-9273-d20c5a8628b4: start FollowerState
2019-10-18 14:03:32,292 [Thread-913] INFO  impl.FollowerState (FollowerState.java:run(117)) - 524d4c73-bbaf-4142-9273-d20c5a8628b4@group-1C08CD4F7525-FollowerState was interrupted: java.lang.InterruptedException: sleep interrupted
2019-10-18 14:03:32,303 [0eccc4cb-77af-4c43-89bd-f01b83be0073@group-1C08CD4F7525-LeaderElection55] INFO  impl.LeaderElection (LeaderElection.java:logAndReturn(56)) - 0eccc4cb-77af-4c43-89bd-f01b83be0073@group-1C08CD4F7525-LeaderElection55: Election REJECTED; received 2 response(s) [0eccc4cb-77af-4c43-89bd-f01b83be0073<-967a5d84-883e-4fc5-aa88-430cc6c4b93a#0:FAIL-t55, 0eccc4cb-77af-4c43-89bd-f01b83be0073<-524d4c73-bbaf-4142-9273-d20c5a8628b4#0:FAIL-t55] and 0 exception(s); 0eccc4cb-77af-4c43-89bd-f01b83be0073@group-1C08CD4F7525:t55, leader=null, voted=0eccc4cb-77af-4c43-89bd-f01b83be0073, raftlog=0eccc4cb-77af-4c43-89bd-f01b83be0073@group-1C08CD4F7525-SegmentedRaftLog:OPENED:c3,f4,i4, conf=0: [967a5d84-883e-4fc5-aa88-430cc6c4b93a:192.168.69.124:45994, 524d4c73-bbaf-4142-9273-d20c5a8628b4:192.168.69.124:36511, 0eccc4cb-77af-4c43-89bd-f01b83be0073:192.168.69.124:38580], old=null
2019-10-18 14:03:32,304 [0eccc4cb-77af-4c43-89bd-f01b83be0073@group-1C08CD4F7525-LeaderElection55] INFO  impl.RaftServerImpl (RaftServerImpl.java:setRole(184)) - 0eccc4cb-77af-4c43-89bd-f01b83be0073@group-1C08CD4F7525: changes role from CANDIDATE to FOLLOWER at term 55 for DISCOVERED_A_NEW_TERM
2019-10-18 14:03:32,304 [0eccc4cb-77af-4c43-89bd-f01b83be0073@group-1C08CD4F7525-LeaderElection55] INFO  impl.RoleInfo (RoleInfo.java:shutdownLeaderElection(134)) - 0eccc4cb-77af-4c43-89bd-f01b83be0073: shutdown LeaderElection
2019-10-18 14:03:32,304 [0eccc4cb-77af-4c43-89bd-f01b83be0073@group-1C08CD4F7525-LeaderElection55] INFO  impl.RoleInfo (RoleInfo.java:updateAndGet(143)) - 0eccc4cb-77af-4c43-89bd-f01b83be0073: start FollowerState
2019-10-18 14:03:32,417 [Thread-920] INFO  impl.FollowerState (FollowerState.java:run(108)) - 0eccc4cb-77af-4c43-89bd-f01b83be0073@group-1C08CD4F7525-FollowerState: change to CANDIDATE, lastRpcTime:113ms, electionTimeout:113ms
2019-10-18 14:03:32,418 [Thread-920] INFO  impl.RoleInfo (RoleInfo.java:shutdownFollowerState(121)) - 0eccc4cb-77af-4c43-89bd-f01b83be0073: shutdown FollowerState
2019-10-18 14:03:32,418 [Thread-920] INFO  impl.RaftServerImpl (RaftServerImpl.java:setRole(184)) - 0eccc4cb-77af-4c43-89bd-f01b83be0073@group-1C08CD4F7525: changes role from  FOLLOWER to CANDIDATE at term 55 for changeToCandidate
2019-10-18 14:03:32,418 [Thread-920] INFO  impl.RoleInfo (RoleInfo.java:updateAndGet(143)) - 0eccc4cb-77af-4c43-89bd-f01b83be0073: start LeaderElection
2019-10-18 14:03:32,444 [0eccc4cb-77af-4c43-89bd-f01b83be0073@group-1C08CD4F7525-LeaderElection56] INFO  impl.LeaderElection (LeaderElection.java:askForVotes(178)) - 0eccc4cb-77af-4c43-89bd-f01b83be0073@group-1C08CD4F7525-LeaderElection56: begin an election at term 56 for 0: [967a5d84-883e-4fc5-aa88-430cc6c4b93a:192.168.69.124:45994, 524d4c73-bbaf-4142-9273-d20c5a8628b4:192.168.69.124:36511, 0eccc4cb-77af-4c43-89bd-f01b83be0073:192.168.69.124:38580], old=null
2019-10-18 14:03:32,448 [grpc-default-executor-5] INFO  impl.RaftServerImpl (RaftServerImpl.java:setRole(184)) - 524d4c73-bbaf-4142-9273-d20c5a8628b4@group-1C08CD4F7525: changes role from  FOLLOWER to FOLLOWER at term 56 for recognizeCandidate:0eccc4cb-77af-4c43-89bd-f01b83be0073
2019-10-18 14:03:32,448 [grpc-default-executor-4] INFO  impl.RaftServerImpl (RaftServerImpl.java:setRole(184)) - 967a5d84-883e-4fc5-aa88-430cc6c4b93a@group-1C08CD4F7525: changes role from  FOLLOWER to FOLLOWER at term 56 for recognizeCandidate:0eccc4cb-77af-4c43-89bd-f01b83be0073
2019-10-18 14:03:32,448 [grpc-default-executor-5] INFO  impl.RoleInfo (RoleInfo.java:shutdownFollowerState(121)) - 524d4c73-bbaf-4142-9273-d20c5a8628b4: shutdown FollowerState
2019-10-18 14:03:32,448 [grpc-default-executor-4] INFO  impl.RoleInfo (RoleInfo.java:shutdownFollowerState(121)) - 967a5d84-883e-4fc5-aa88-430cc6c4b93a: shutdown FollowerState
2019-10-18 14:03:32,448 [Thread-919] INFO  impl.FollowerState (FollowerState.java:run(117)) - 524d4c73-bbaf-4142-9273-d20c5a8628b4@group-1C08CD4F7525-FollowerState was interrupted: java.lang.InterruptedException: sleep interrupted
2019-10-18 14:03:32,448 [grpc-default-executor-5] INFO  impl.RoleInfo (RoleInfo.java:updateAndGet(143)) - 524d4c73-bbaf-4142-9273-d20c5a8628b4: start FollowerState
2019-10-18 14:03:32,449 [Thread-918] INFO  impl.FollowerState (FollowerState.java:run(117)) - 967a5d84-883e-4fc5-aa88-430cc6c4b93a@group-1C08CD4F7525-FollowerState was interrupted: java.lang.InterruptedException: sleep interrupted
2019-10-18 14:03:32,449 [grpc-default-executor-4] INFO  impl.RoleInfo (RoleInfo.java:updateAndGet(143)) - 967a5d84-883e-4fc5-aa88-430cc6c4b93a: start FollowerState
2019-10-18 14:03:32,464 [0eccc4cb-77af-4c43-89bd-f01b83be0073@group-1C08CD4F7525-LeaderElection56] INFO  impl.LeaderElection (LeaderElection.java:logAndReturn(56)) - 0eccc4cb-77af-4c43-89bd-f01b83be0073@group-1C08CD4F7525-LeaderElection56: Election REJECTED; received 2 response(s) [0eccc4cb-77af-4c43-89bd-f01b83be0073<-967a5d84-883e-4fc5-aa88-430cc6c4b93a#0:FAIL-t56, 0eccc4cb-77af-4c43-89bd-f01b83be0073<-524d4c73-bbaf-4142-9273-d20c5a8628b4#0:FAIL-t56] and 0 exception(s); 0eccc4cb-77af-4c43-89bd-f01b83be0073@group-1C08CD4F7525:t56, leader=null, voted=0eccc4cb-77af-4c43-89bd-f01b83be0073, raftlog=0eccc4cb-77af-4c43-89bd-f01b83be0073@group-1C08CD4F7525-SegmentedRaftLog:OPENED:c3,f4,i4, conf=0: [967a5d84-883e-4fc5-aa88-430cc6c4b93a:192.168.69.124:45994, 524d4c73-bbaf-4142-9273-d20c5a8628b4:192.168.69.124:36511, 0eccc4cb-77af-4c43-89bd-f01b83be0073:192.168.69.124:38580], old=null
2019-10-18 14:03:32,464 [0eccc4cb-77af-4c43-89bd-f01b83be0073@group-1C08CD4F7525-LeaderElection56] INFO  impl.RaftServerImpl (RaftServerImpl.java:setRole(184)) - 0eccc4cb-77af-4c43-89bd-f01b83be0073@group-1C08CD4F7525: changes role from CANDIDATE to FOLLOWER at term 56 for DISCOVERED_A_NEW_TERM
2019-10-18 14:03:32,464 [0eccc4cb-77af-4c43-89bd-f01b83be0073@group-1C08CD4F7525-LeaderElection56] INFO  impl.RoleInfo (RoleInfo.java:shutdownLeaderElection(134)) - 0eccc4cb-77af-4c43-89bd-f01b83be0073: shutdown LeaderElection
2019-10-18 14:03:32,464 [0eccc4cb-77af-4c43-89bd-f01b83be0073@group-1C08CD4F7525-LeaderElection56] INFO  impl.RoleInfo (RoleInfo.java:updateAndGet(143)) - 0eccc4cb-77af-4c43-89bd-f01b83be0073: start FollowerState
2019-10-18 14:03:32,543 [Thread-928] INFO  impl.FollowerState (FollowerState.java:run(108)) - 0eccc4cb-77af-4c43-89bd-f01b83be0073@group-1C08CD4F7525-FollowerState: change to CANDIDATE, lastRpcTime:78ms, electionTimeout:78ms
2019-10-18 14:03:32,543 [Thread-928] INFO  impl.RoleInfo (RoleInfo.java:shutdownFollowerState(121)) - 0eccc4cb-77af-4c43-89bd-f01b83be0073: shutdown FollowerState
2019-10-18 14:03:32,543 [Thread-928] INFO  impl.RaftServerImpl (RaftServerImpl.java:setRole(184)) - 0eccc4cb-77af-4c43-89bd-f01b83be0073@group-1C08CD4F7525: changes role from  FOLLOWER to CANDIDATE at term 56 for changeToCandidate
2019-10-18 14:03:32,543 [Thread-928] INFO  impl.RoleInfo (RoleInfo.java:updateAndGet(143)) - 0eccc4cb-77af-4c43-89bd-f01b83be0073: start LeaderElection
2019-10-18 14:03:32,557 [0eccc4cb-77af-4c43-89bd-f01b83be0073@group-1C08CD4F7525-LeaderElection57] INFO  impl.LeaderElection (LeaderElection.java:askForVotes(178)) - 0eccc4cb-77af-4c43-89bd-f01b83be0073@group-1C08CD4F7525-LeaderElection57: begin an election at term 57 for 0: [967a5d84-883e-4fc5-aa88-430cc6c4b93a:192.168.69.124:45994, 524d4c73-bbaf-4142-9273-d20c5a8628b4:192.168.69.124:36511, 0eccc4cb-77af-4c43-89bd-f01b83be0073:192.168.69.124:38580], old=null
2019-10-18 14:03:32,560 [grpc-default-executor-4] INFO  impl.RaftServerImpl (RaftServerImpl.java:setRole(184)) - 967a5d84-883e-4fc5-aa88-430cc6c4b93a@group-1C08CD4F7525: changes role from  FOLLOWER to FOLLOWER at term 57 for recognizeCandidate:0eccc4cb-77af-4c43-89bd-f01b83be0073
2019-10-18 14:03:32,560 [grpc-default-executor-5] INFO  impl.RaftServerImpl (RaftServerImpl.java:setRole(184)) - 524d4c73-bbaf-4142-9273-d20c5a8628b4@group-1C08CD4F7525: changes role from  FOLLOWER to FOLLOWER at term 57 for recognizeCandidate:0eccc4cb-77af-4c43-89bd-f01b83be0073
2019-10-18 14:03:32,560 [grpc-default-executor-4] INFO  impl.RoleInfo (RoleInfo.java:shutdownFollowerState(121)) - 967a5d84-883e-4fc5-aa88-430cc6c4b93a: shutdown FollowerState
2019-10-18 14:03:32,560 [grpc-default-executor-5] INFO  impl.RoleInfo (RoleInfo.java:shutdownFollowerState(121)) - 524d4c73-bbaf-4142-9273-d20c5a8628b4: shutdown FollowerState
2019-10-18 14:03:32,560 [0eccc4cb-77af-4c43-89bd-f01b83be0073@group-1C08CD4F7525-LeaderElection57] INFO  impl.LeaderElection (LeaderElection.java:logAndReturn(56)) - 0eccc4cb-77af-4c43-89bd-f01b83be0073@group-1C08CD4F7525-LeaderElection57: Election TIMEOUT; received 0 response(s) [] and 0 exception(s); 0eccc4cb-77af-4c43-89bd-f01b83be0073@group-1C08CD4F7525:t57, leader=null, voted=0eccc4cb-77af-4c43-89bd-f01b83be0073, raftlog=0eccc4cb-77af-4c43-89bd-f01b83be0073@group-1C08CD4F7525-SegmentedRaftLog:OPENED:c3,f4,i4, conf=0: [967a5d84-883e-4fc5-aa88-430cc6c4b93a:192.168.69.124:45994, 524d4c73-bbaf-4142-9273-d20c5a8628b4:192.168.69.124:36511, 0eccc4cb-77af-4c43-89bd-f01b83be0073:192.168.69.124:38580], old=null
2019-10-18 14:03:32,560 [Thread-927] INFO  impl.FollowerState (FollowerState.java:run(117)) - 967a5d84-883e-4fc5-aa88-430cc6c4b93a@group-1C08CD4F7525-FollowerState was interrupted: java.lang.InterruptedException: sleep interrupted
2019-10-18 14:03:32,560 [grpc-default-executor-4] INFO  impl.RoleInfo (RoleInfo.java:updateAndGet(143)) - 967a5d84-883e-4fc5-aa88-430cc6c4b93a: start FollowerState
2019-10-18 14:03:32,560 [Thread-926] INFO  impl.FollowerState (FollowerState.java:run(117)) - 524d4c73-bbaf-4142-9273-d20c5a8628b4@group-1C08CD4F7525-FollowerState was interrupted: java.lang.InterruptedException: sleep interrupted
2019-10-18 14:03:32,560 [grpc-default-executor-5] INFO  impl.RoleInfo (RoleInfo.java:updateAndGet(143)) - 524d4c73-bbaf-4142-9273-d20c5a8628b4: start FollowerState
2019-10-18 14:03:32,573 [0eccc4cb-77af-4c43-89bd-f01b83be0073@group-1C08CD4F7525-LeaderElection57] INFO  impl.LeaderElection (LeaderElection.java:askForVotes(178)) - 0eccc4cb-77af-4c43-89bd-f01b83be0073@group-1C08CD4F7525-LeaderElection57: begin an election at term 58 for 0: [967a5d84-883e-4fc5-aa88-430cc6c4b93a:192.168.69.124:45994, 524d4c73-bbaf-4142-9273-d20c5a8628b4:192.168.69.124:36511, 0eccc4cb-77af-4c43-89bd-f01b83be0073:192.168.69.124:38580], old=null
2019-10-18 14:03:32,575 [grpc-default-executor-5] INFO  impl.RaftServerImpl (RaftServerImpl.java:setRole(184)) - 967a5d84-883e-4fc5-aa88-430cc6c4b93a@group-1C08CD4F7525: changes role from  FOLLOWER to FOLLOWER at term 58 for recognizeCandidate:0eccc4cb-77af-4c43-89bd-f01b83be0073
2019-10-18 14:03:32,576 [grpc-default-executor-5] INFO  impl.RoleInfo (RoleInfo.java:shutdownFollowerState(121)) - 967a5d84-883e-4fc5-aa88-430cc6c4b93a: shutdown FollowerState
2019-10-18 14:03:32,576 [grpc-default-executor-5] INFO  impl.RoleInfo (RoleInfo.java:updateAndGet(143)) - 967a5d84-883e-4fc5-aa88-430cc6c4b93a: start FollowerState
2019-10-18 14:03:32,576 [Thread-933] INFO  impl.FollowerState (FollowerState.java:run(117)) - 967a5d84-883e-4fc5-aa88-430cc6c4b93a@group-1C08CD4F7525-FollowerState was interrupted: java.lang.InterruptedException: sleep interrupted
2019-10-18 14:03:32,576 [grpc-default-executor-4] INFO  impl.RaftServerImpl (RaftServerImpl.java:setRole(184)) - 524d4c73-bbaf-4142-9273-d20c5a8628b4@group-1C08CD4F7525: changes role from  FOLLOWER to FOLLOWER at term 58 for recognizeCandidate:0eccc4cb-77af-4c43-89bd-f01b83be0073
2019-10-18 14:03:32,576 [grpc-default-executor-4] INFO  impl.RoleInfo (RoleInfo.java:shutdownFollowerState(121)) - 524d4c73-bbaf-4142-9273-d20c5a8628b4: shutdown FollowerState
2019-10-18 14:03:32,576 [grpc-default-executor-4] INFO  impl.RoleInfo (RoleInfo.java:updateAndGet(143)) - 524d4c73-bbaf-4142-9273-d20c5a8628b4: start FollowerState
2019-10-18 14:03:32,576 [Thread-934] INFO  impl.FollowerState (FollowerState.java:run(117)) - 524d4c73-bbaf-4142-9273-d20c5a8628b4@group-1C08CD4F7525-FollowerState was interrupted: java.lang.InterruptedException: sleep interrupted
2019-10-18 14:03:32,588 [0eccc4cb-77af-4c43-89bd-f01b83be0073@group-1C08CD4F7525-LeaderElection57] INFO  impl.LeaderElection (LeaderElection.java:logAndReturn(56)) - 0eccc4cb-77af-4c43-89bd-f01b83be0073@group-1C08CD4F7525-LeaderElection57: Election REJECTED; received 2 response(s) [0eccc4cb-77af-4c43-89bd-f01b83be0073<-967a5d84-883e-4fc5-aa88-430cc6c4b93a#0:FAIL-t58, 0eccc4cb-77af-4c43-89bd-f01b83be0073<-524d4c73-bbaf-4142-9273-d20c5a8628b4#0:FAIL-t58] and 0 exception(s); 0eccc4cb-77af-4c43-89bd-f01b83be0073@group-1C08CD4F7525:t58, leader=null, voted=0eccc4cb-77af-4c43-89bd-f01b83be0073, raftlog=0eccc4cb-77af-4c43-89bd-f01b83be0073@group-1C08CD4F7525-SegmentedRaftLog:OPENED:c3,f4,i4, conf=0: [967a5d84-883e-4fc5-aa88-430cc6c4b93a:192.168.69.124:45994, 524d4c73-bbaf-4142-9273-d20c5a8628b4:192.168.69.124:36511, 0eccc4cb-77af-4c43-89bd-f01b83be0073:192.168.69.124:38580], old=null
2019-10-18 14:03:32,588 [0eccc4cb-77af-4c43-89bd-f01b83be0073@group-1C08CD4F7525-LeaderElection57] INFO  impl.RaftServerImpl (RaftServerImpl.java:setRole(184)) - 0eccc4cb-77af-4c43-89bd-f01b83be0073@group-1C08CD4F7525: changes role from CANDIDATE to FOLLOWER at term 58 for DISCOVERED_A_NEW_TERM
2019-10-18 14:03:32,590 [0eccc4cb-77af-4c43-89bd-f01b83be0073@group-1C08CD4F7525-LeaderElection57] INFO  impl.RoleInfo (RoleInfo.java:shutdownLeaderElection(134)) - 0eccc4cb-77af-4c43-89bd-f01b83be0073: shutdown LeaderElection
2019-10-18 14:03:32,591 [0eccc4cb-77af-4c43-89bd-f01b83be0073@group-1C08CD4F7525-LeaderElection57] INFO  impl.RoleInfo (RoleInfo.java:updateAndGet(143)) - 0eccc4cb-77af-4c43-89bd-f01b83be0073: start FollowerState
2019-10-18 14:03:32,693 [Thread-939] INFO  impl.FollowerState (FollowerState.java:run(108)) - 0eccc4cb-77af-4c43-89bd-f01b83be0073@group-1C08CD4F7525-FollowerState: change to CANDIDATE, lastRpcTime:102ms, electionTimeout:102ms
2019-10-18 14:03:32,693 [Thread-939] INFO  impl.RoleInfo (RoleInfo.java:shutdownFollowerState(121)) - 0eccc4cb-77af-4c43-89bd-f01b83be0073: shutdown FollowerState
2019-10-18 14:03:32,693 [Thread-939] INFO  impl.RaftServerImpl (RaftServerImpl.java:setRole(184)) - 0eccc4cb-77af-4c43-89bd-f01b83be0073@group-1C08CD4F7525: changes role from  FOLLOWER to CANDIDATE at term 58 for changeToCandidate
2019-10-18 14:03:32,694 [Thread-939] INFO  impl.RoleInfo (RoleInfo.java:updateAndGet(143)) - 0eccc4cb-77af-4c43-89bd-f01b83be0073: start LeaderElection
2019-10-18 14:03:32,719 [0eccc4cb-77af-4c43-89bd-f01b83be0073@group-1C08CD4F7525-LeaderElection58] INFO  impl.LeaderElection (LeaderElection.java:askForVotes(178)) - 0eccc4cb-77af-4c43-89bd-f01b83be0073@group-1C08CD4F7525-LeaderElection58: begin an election at term 59 for 0: [967a5d84-883e-4fc5-aa88-430cc6c4b93a:192.168.69.124:45994, 524d4c73-bbaf-4142-9273-d20c5a8628b4:192.168.69.124:36511, 0eccc4cb-77af-4c43-89bd-f01b83be0073:192.168.69.124:38580], old=null
2019-10-18 14:03:32,722 [grpc-default-executor-5] INFO  impl.RaftServerImpl (RaftServerImpl.java:setRole(184)) - 967a5d84-883e-4fc5-aa88-430cc6c4b93a@group-1C08CD4F7525: changes role from  FOLLOWER to FOLLOWER at term 59 for recognizeCandidate:0eccc4cb-77af-4c43-89bd-f01b83be0073
2019-10-18 14:03:32,722 [grpc-default-executor-5] INFO  impl.RoleInfo (RoleInfo.java:shutdownFollowerState(121)) - 967a5d84-883e-4fc5-aa88-430cc6c4b93a: shutdown FollowerState
2019-10-18 14:03:32,722 [grpc-default-executor-5] INFO  impl.RoleInfo (RoleInfo.java:updateAndGet(143)) - 967a5d84-883e-4fc5-aa88-430cc6c4b93a: start FollowerState
2019-10-18 14:03:32,722 [grpc-default-executor-4] INFO  impl.RaftServerImpl (RaftServerImpl.java:setRole(184)) - 524d4c73-bbaf-4142-9273-d20c5a8628b4@group-1C08CD4F7525: changes role from  FOLLOWER to FOLLOWER at term 59 for recognizeCandidate:0eccc4cb-77af-4c43-89bd-f01b83be0073
2019-10-18 14:03:32,722 [grpc-default-executor-4] INFO  impl.RoleInfo (RoleInfo.java:shutdownFollowerState(121)) - 524d4c73-bbaf-4142-9273-d20c5a8628b4: shutdown FollowerState
2019-10-18 14:03:32,722 [Thread-937] INFO  impl.FollowerState (FollowerState.java:run(117)) - 967a5d84-883e-4fc5-aa88-430cc6c4b93a@group-1C08CD4F7525-FollowerState was interrupted: java.lang.InterruptedException: sleep interrupted
2019-10-18 14:03:32,723 [Thread-938] INFO  impl.FollowerState (FollowerState.java:run(117)) - 524d4c73-bbaf-4142-9273-d20c5a8628b4@group-1C08CD4F7525-FollowerState was interrupted: java.lang.InterruptedException: sleep interrupted
2019-10-18 14:03:32,723 [grpc-default-executor-4] INFO  impl.RoleInfo (RoleInfo.java:updateAndGet(143)) - 524d4c73-bbaf-4142-9273-d20c5a8628b4: start FollowerState
2019-10-18 14:03:32,738 [0eccc4cb-77af-4c43-89bd-f01b83be0073@group-1C08CD4F7525-LeaderElection58] INFO  impl.LeaderElection (LeaderElection.java:logAndReturn(56)) - 0eccc4cb-77af-4c43-89bd-f01b83be0073@group-1C08CD4F7525-LeaderElection58: Election REJECTED; received 2 response(s) [0eccc4cb-77af-4c43-89bd-f01b83be0073<-967a5d84-883e-4fc5-aa88-430cc6c4b93a#0:FAIL-t59, 0eccc4cb-77af-4c43-89bd-f01b83be0073<-524d4c73-bbaf-4142-9273-d20c5a8628b4#0:FAIL-t59] and 0 exception(s); 0eccc4cb-77af-4c43-89bd-f01b83be0073@group-1C08CD4F7525:t59, leader=null, voted=0eccc4cb-77af-4c43-89bd-f01b83be0073, raftlog=0eccc4cb-77af-4c43-89bd-f01b83be0073@group-1C08CD4F7525-SegmentedRaftLog:OPENED:c3,f4,i4, conf=0: [967a5d84-883e-4fc5-aa88-430cc6c4b93a:192.168.69.124:45994, 524d4c73-bbaf-4142-9273-d20c5a8628b4:192.168.69.124:36511, 0eccc4cb-77af-4c43-89bd-f01b83be0073:192.168.69.124:38580], old=null
2019-10-18 14:03:32,738 [0eccc4cb-77af-4c43-89bd-f01b83be0073@group-1C08CD4F7525-LeaderElection58] INFO  impl.RaftServerImpl (RaftServerImpl.java:setRole(184)) - 0eccc4cb-77af-4c43-89bd-f01b83be0073@group-1C08CD4F7525: changes role from CANDIDATE to FOLLOWER at term 59 for DISCOVERED_A_NEW_TERM
2019-10-18 14:03:32,738 [0eccc4cb-77af-4c43-89bd-f01b83be0073@group-1C08CD4F7525-LeaderElection58] INFO  impl.RoleInfo (RoleInfo.java:shutdownLeaderElection(134)) - 0eccc4cb-77af-4c43-89bd-f01b83be0073: shutdown LeaderElection
2019-10-18 14:03:32,738 [0eccc4cb-77af-4c43-89bd-f01b83be0073@group-1C08CD4F7525-LeaderElection58] INFO  impl.RoleInfo (RoleInfo.java:updateAndGet(143)) - 0eccc4cb-77af-4c43-89bd-f01b83be0073: start FollowerState
2019-10-18 14:03:32,740 [Thread-945] INFO  impl.FollowerState (FollowerState.java:run(108)) - 0eccc4cb-77af-4c43-89bd-f01b83be0073@group-1C08CD4F7525-FollowerState: change to CANDIDATE, lastRpcTime:1ms, electionTimeout:1ms
2019-10-18 14:03:32,740 [Thread-945] INFO  impl.RoleInfo (RoleInfo.java:shutdownFollowerState(121)) - 0eccc4cb-77af-4c43-89bd-f01b83be0073: shutdown FollowerState
2019-10-18 14:03:32,740 [Thread-945] INFO  impl.RaftServerImpl (RaftServerImpl.java:setRole(184)) - 0eccc4cb-77af-4c43-89bd-f01b83be0073@group-1C08CD4F7525: changes role from  FOLLOWER to CANDIDATE at term 59 for changeToCandidate
2019-10-18 14:03:32,740 [Thread-945] INFO  impl.RoleInfo (RoleInfo.java:updateAndGet(143)) - 0eccc4cb-77af-4c43-89bd-f01b83be0073: start LeaderElection
2019-10-18 14:03:32,753 [Thread-948] INFO  client.GrpcClientProtocolService (GrpcClientProtocolService.java:lambda$processClientRequest$0(278)) - Failed RaftClientRequest:client-D27B19DE1784->524d4c73-bbaf-4142-9273-d20c5a8628b4@group-1C08CD4F7525, cid=10, seq=0, Watch-ALL_COMMITTED(6), Message:<EMPTY>, reply=RaftClientReply:client-D27B19DE1784->524d4c73-bbaf-4142-9273-d20c5a8628b4@group-1C08CD4F7525, cid=10, FAILED org.apache.ratis.protocol.NotLeaderException: Server 524d4c73-bbaf-4142-9273-d20c5a8628b4@group-1C08CD4F7525 is not the leader, logIndex=0, commits[524d4c73-bbaf-4142-9273-d20c5a8628b4:c10, 967a5d84-883e-4fc5-aa88-430cc6c4b93a:c10, 0eccc4cb-77af-4c43-89bd-f01b83be0073:c4]
2019-10-18 14:03:32,756 [0eccc4cb-77af-4c43-89bd-f01b83be0073@group-1C08CD4F7525-LeaderElection59] INFO  impl.LeaderElection (LeaderElection.java:askForVotes(178)) - 0eccc4cb-77af-4c43-89bd-f01b83be0073@group-1C08CD4F7525-LeaderElection59: begin an election at term 60 for 0: [967a5d84-883e-4fc5-aa88-430cc6c4b93a:192.168.69.124:45994, 524d4c73-bbaf-4142-9273-d20c5a8628b4:192.168.69.124:36511, 0eccc4cb-77af-4c43-89bd-f01b83be0073:192.168.69.124:38580], old=null
2019-10-18 14:03:32,763 [grpc-default-executor-4] INFO  impl.RaftServerImpl (RaftServerImpl.java:setRole(184)) - 967a5d84-883e-4fc5-aa88-430cc6c4b93a@group-1C08CD4F7525: changes role from  FOLLOWER to FOLLOWER at term 60 for recognizeCandidate:0eccc4cb-77af-4c43-89bd-f01b83be0073
2019-10-18 14:03:32,763 [grpc-default-executor-4] INFO  impl.RoleInfo (RoleInfo.java:shutdownFollowerState(121)) - 967a5d84-883e-4fc5-aa88-430cc6c4b93a: shutdown FollowerState
2019-10-18 14:03:32,763 [grpc-default-executor-4] INFO  impl.RoleInfo (RoleInfo.java:updateAndGet(143)) - 967a5d84-883e-4fc5-aa88-430cc6c4b93a: start FollowerState
2019-10-18 14:03:32,763 [Thread-943] INFO  impl.FollowerState (FollowerState.java:run(117)) - 967a5d84-883e-4fc5-aa88-430cc6c4b93a@group-1C08CD4F7525-FollowerState was interrupted: java.lang.InterruptedException: sleep interrupted
2019-10-18 14:03:32,763 [grpc-default-executor-5] INFO  impl.RaftServerImpl (RaftServerImpl.java:setRole(184)) - 524d4c73-bbaf-4142-9273-d20c5a8628b4@group-1C08CD4F7525: changes role from  FOLLOWER to FOLLOWER at term 60 for recognizeCandidate:0eccc4cb-77af-4c43-89bd-f01b83be0073
2019-10-18 14:03:32,764 [grpc-default-executor-5] INFO  impl.RoleInfo (RoleInfo.java:shutdownFollowerState(121)) - 524d4c73-bbaf-4142-9273-d20c5a8628b4: shutdown FollowerState
2019-10-18 14:03:32,764 [grpc-default-executor-5] INFO  impl.RoleInfo (RoleInfo.java:updateAndGet(143)) - 524d4c73-bbaf-4142-9273-d20c5a8628b4: start FollowerState
2019-10-18 14:03:32,764 [Thread-944] INFO  impl.FollowerState (FollowerState.java:run(117)) - 524d4c73-bbaf-4142-9273-d20c5a8628b4@group-1C08CD4F7525-FollowerState was interrupted: java.lang.InterruptedException: sleep interrupted
2019-10-18 14:03:32,779 [0eccc4cb-77af-4c43-89bd-f01b83be0073@group-1C08CD4F7525-LeaderElection59] INFO  impl.LeaderElection (LeaderElection.java:logAndReturn(56)) - 0eccc4cb-77af-4c43-89bd-f01b83be0073@group-1C08CD4F7525-LeaderElection59: Election REJECTED; received 2 response(s) [0eccc4cb-77af-4c43-89bd-f01b83be0073<-967a5d84-883e-4fc5-aa88-430cc6c4b93a#0:FAIL-t60, 0eccc4cb-77af-4c43-89bd-f01b83be0073<-524d4c73-bbaf-4142-9273-d20c5a8628b4#0:FAIL-t60] and 0 exception(s); 0eccc4cb-77af-4c43-89bd-f01b83be0073@group-1C08CD4F7525:t60, leader=null, voted=0eccc4cb-77af-4c43-89bd-f01b83be0073, raftlog=0eccc4cb-77af-4c43-89bd-f01b83be0073@group-1C08CD4F7525-SegmentedRaftLog:OPENED:c3,f4,i4, conf=0: [967a5d84-883e-4fc5-aa88-430cc6c4b93a:192.168.69.124:45994, 524d4c73-bbaf-4142-9273-d20c5a8628b4:192.168.69.124:36511, 0eccc4cb-77af-4c43-89bd-f01b83be0073:192.168.69.124:38580], old=null
2019-10-18 14:03:32,780 [0eccc4cb-77af-4c43-89bd-f01b83be0073@group-1C08CD4F7525-LeaderElection59] INFO  impl.RaftServerImpl (RaftServerImpl.java:setRole(184)) - 0eccc4cb-77af-4c43-89bd-f01b83be0073@group-1C08CD4F7525: changes role from CANDIDATE to FOLLOWER at term 60 for DISCOVERED_A_NEW_TERM
2019-10-18 14:03:32,780 [0eccc4cb-77af-4c43-89bd-f01b83be0073@group-1C08CD4F7525-LeaderElection59] INFO  impl.RoleInfo (RoleInfo.java:shutdownLeaderElection(134)) - 0eccc4cb-77af-4c43-89bd-f01b83be0073: shutdown LeaderElection
2019-10-18 14:03:32,780 [0eccc4cb-77af-4c43-89bd-f01b83be0073@group-1C08CD4F7525-LeaderElection59] INFO  impl.RoleInfo (RoleInfo.java:updateAndGet(143)) - 0eccc4cb-77af-4c43-89bd-f01b83be0073: start FollowerState
2019-10-18 14:03:32,897 [Thread-954] INFO  impl.FollowerState (FollowerState.java:run(108)) - 0eccc4cb-77af-4c43-89bd-f01b83be0073@group-1C08CD4F7525-FollowerState: change to CANDIDATE, lastRpcTime:117ms, electionTimeout:117ms
2019-10-18 14:03:32,898 [Thread-954] INFO  impl.RoleInfo (RoleInfo.java:shutdownFollowerState(121)) - 0eccc4cb-77af-4c43-89bd-f01b83be0073: shutdown FollowerState
2019-10-18 14:03:32,898 [Thread-954] INFO  impl.RaftServerImpl (RaftServerImpl.java:setRole(184)) - 0eccc4cb-77af-4c43-89bd-f01b83be0073@group-1C08CD4F7525: changes role from  FOLLOWER to CANDIDATE at term 60 for changeToCandidate
2019-10-18 14:03:32,898 [Thread-954] INFO  impl.RoleInfo (RoleInfo.java:updateAndGet(143)) - 0eccc4cb-77af-4c43-89bd-f01b83be0073: start LeaderElection
2019-10-18 14:03:32,924 [0eccc4cb-77af-4c43-89bd-f01b83be0073@group-1C08CD4F7525-LeaderElection60] INFO  impl.LeaderElection (LeaderElection.java:askForVotes(178)) - 0eccc4cb-77af-4c43-89bd-f01b83be0073@group-1C08CD4F7525-LeaderElection60: begin an election at term 61 for 0: [967a5d84-883e-4fc5-aa88-430cc6c4b93a:192.168.69.124:45994, 524d4c73-bbaf-4142-9273-d20c5a8628b4:192.168.69.124:36511, 0eccc4cb-77af-4c43-89bd-f01b83be0073:192.168.69.124:38580], old=null
2019-10-18 14:03:32,924 [0eccc4cb-77af-4c43-89bd-f01b83be0073@group-1C08CD4F7525-LeaderElection60] INFO  impl.LeaderElection (LeaderElection.java:logAndReturn(56)) - 0eccc4cb-77af-4c43-89bd-f01b83be0073@group-1C08CD4F7525-LeaderElection60: Election TIMEOUT; received 0 response(s) [] and 0 exception(s); 0eccc4cb-77af-4c43-89bd-f01b83be0073@group-1C08CD4F7525:t61, leader=null, voted=0eccc4cb-77af-4c43-89bd-f01b83be0073, raftlog=0eccc4cb-77af-4c43-89bd-f01b83be0073@group-1C08CD4F7525-SegmentedRaftLog:OPENED:c3,f4,i4, conf=0: [967a5d84-883e-4fc5-aa88-430cc6c4b93a:192.168.69.124:45994, 524d4c73-bbaf-4142-9273-d20c5a8628b4:192.168.69.124:36511, 0eccc4cb-77af-4c43-89bd-f01b83be0073:192.168.69.124:38580], old=null
2019-10-18 14:03:32,927 [grpc-default-executor-4] INFO  impl.RaftServerImpl (RaftServerImpl.java:setRole(184)) - 967a5d84-883e-4fc5-aa88-430cc6c4b93a@group-1C08CD4F7525: changes role from  FOLLOWER to FOLLOWER at term 61 for recognizeCandidate:0eccc4cb-77af-4c43-89bd-f01b83be0073
2019-10-18 14:03:32,927 [grpc-default-executor-5] INFO  impl.RaftServerImpl (RaftServerImpl.java:setRole(184)) - 524d4c73-bbaf-4142-9273-d20c5a8628b4@group-1C08CD4F7525: changes role from  FOLLOWER to FOLLOWER at term 61 for recognizeCandidate:0eccc4cb-77af-4c43-89bd-f01b83be0073
2019-10-18 14:03:32,927 [grpc-default-executor-4] INFO  impl.RoleInfo (RoleInfo.java:shutdownFollowerState(121)) - 967a5d84-883e-4fc5-aa88-430cc6c4b93a: shutdown FollowerState
2019-10-18 14:03:32,927 [grpc-default-executor-5] INFO  impl.RoleInfo (RoleInfo.java:shutdownFollowerState(121)) - 524d4c73-bbaf-4142-9273-d20c5a8628b4: shutdown FollowerState
2019-10-18 14:03:32,928 [Thread-952] INFO  impl.FollowerState (FollowerState.java:run(117)) - 967a5d84-883e-4fc5-aa88-430cc6c4b93a@group-1C08CD4F7525-FollowerState was interrupted: java.lang.InterruptedException: sleep interrupted
2019-10-18 14:03:32,928 [grpc-default-executor-5] INFO  impl.RoleInfo (RoleInfo.java:updateAndGet(143)) - 524d4c73-bbaf-4142-9273-d20c5a8628b4: start FollowerState
2019-10-18 14:03:32,927 [grpc-default-executor-4] INFO  impl.RoleInfo (RoleInfo.java:updateAndGet(143)) - 967a5d84-883e-4fc5-aa88-430cc6c4b93a: start FollowerState
2019-10-18 14:03:32,928 [Thread-953] INFO  impl.FollowerState (FollowerState.java:run(117)) - 524d4c73-bbaf-4142-9273-d20c5a8628b4@group-1C08CD4F7525-FollowerState was interrupted: java.lang.InterruptedException: sleep interrupted
2019-10-18 14:03:32,939 [0eccc4cb-77af-4c43-89bd-f01b83be0073@group-1C08CD4F7525-LeaderElection60] INFO  impl.LeaderElection (LeaderElection.java:askForVotes(178)) - 0eccc4cb-77af-4c43-89bd-f01b83be0073@group-1C08CD4F7525-LeaderElection60: begin an election at term 62 for 0: [967a5d84-883e-4fc5-aa88-430cc6c4b93a:192.168.69.124:45994, 524d4c73-bbaf-4142-9273-d20c5a8628b4:192.168.69.124:36511, 0eccc4cb-77af-4c43-89bd-f01b83be0073:192.168.69.124:38580], old=null
2019-10-18 14:03:32,941 [grpc-default-executor-4] INFO  impl.RaftServerImpl (RaftServerImpl.java:setRole(184)) - 524d4c73-bbaf-4142-9273-d20c5a8628b4@group-1C08CD4F7525: changes role from  FOLLOWER to FOLLOWER at term 62 for recognizeCandidate:0eccc4cb-77af-4c43-89bd-f01b83be0073
2019-10-18 14:03:32,941 [grpc-default-executor-5] INFO  impl.RaftServerImpl (RaftServerImpl.java:setRole(184)) - 967a5d84-883e-4fc5-aa88-430cc6c4b93a@group-1C08CD4F7525: changes role from  FOLLOWER to FOLLOWER at term 62 for recognizeCandidate:0eccc4cb-77af-4c43-89bd-f01b83be0073
2019-10-18 14:03:32,941 [grpc-default-executor-4] INFO  impl.RoleInfo (RoleInfo.java:shutdownFollowerState(121)) - 524d4c73-bbaf-4142-9273-d20c5a8628b4: shutdown FollowerState
2019-10-18 14:03:32,942 [grpc-default-executor-5] INFO  impl.RoleInfo (RoleInfo.java:shutdownFollowerState(121)) - 967a5d84-883e-4fc5-aa88-430cc6c4b93a: shutdown FollowerState
2019-10-18 14:03:32,942 [Thread-959] INFO  impl.FollowerState (FollowerState.java:run(117)) - 524d4c73-bbaf-4142-9273-d20c5a8628b4@group-1C08CD4F7525-FollowerState was interrupted: java.lang.InterruptedException: sleep interrupted
2019-10-18 14:03:32,942 [grpc-default-executor-4] INFO  impl.RoleInfo (RoleInfo.java:updateAndGet(143)) - 524d4c73-bbaf-4142-9273-d20c5a8628b4: start FollowerState
2019-10-18 14:03:32,942 [Thread-958] INFO  impl.FollowerState (FollowerState.java:run(117)) - 967a5d84-883e-4fc5-aa88-430cc6c4b93a@group-1C08CD4F7525-FollowerState was interrupted: java.lang.InterruptedException: sleep interrupted
2019-10-18 14:03:32,942 [grpc-default-executor-5] INFO  impl.RoleInfo (RoleInfo.java:updateAndGet(143)) - 967a5d84-883e-4fc5-aa88-430cc6c4b93a: start FollowerState
2019-10-18 14:03:32,957 [0eccc4cb-77af-4c43-89bd-f01b83be0073@group-1C08CD4F7525-LeaderElection60] INFO  impl.LeaderElection (LeaderElection.java:logAndReturn(56)) - 0eccc4cb-77af-4c43-89bd-f01b83be0073@group-1C08CD4F7525-LeaderElection60: Election REJECTED; received 2 response(s) [0eccc4cb-77af-4c43-89bd-f01b83be0073<-967a5d84-883e-4fc5-aa88-430cc6c4b93a#0:FAIL-t62, 0eccc4cb-77af-4c43-89bd-f01b83be0073<-524d4c73-bbaf-4142-9273-d20c5a8628b4#0:FAIL-t62] and 0 exception(s); 0eccc4cb-77af-4c43-89bd-f01b83be0073@group-1C08CD4F7525:t62, leader=null, voted=0eccc4cb-77af-4c43-89bd-f01b83be0073, raftlog=0eccc4cb-77af-4c43-89bd-f01b83be0073@group-1C08CD4F7525-SegmentedRaftLog:OPENED:c3,f4,i4, conf=0: [967a5d84-883e-4fc5-aa88-430cc6c4b93a:192.168.69.124:45994, 524d4c73-bbaf-4142-9273-d20c5a8628b4:192.168.69.124:36511, 0eccc4cb-77af-4c43-89bd-f01b83be0073:192.168.69.124:38580], old=null
2019-10-18 14:03:32,957 [0eccc4cb-77af-4c43-89bd-f01b83be0073@group-1C08CD4F7525-LeaderElection60] INFO  impl.RaftServerImpl (RaftServerImpl.java:setRole(184)) - 0eccc4cb-77af-4c43-89bd-f01b83be0073@group-1C08CD4F7525: changes role from CANDIDATE to FOLLOWER at term 62 for DISCOVERED_A_NEW_TERM
2019-10-18 14:03:32,957 [0eccc4cb-77af-4c43-89bd-f01b83be0073@group-1C08CD4F7525-LeaderElection60] INFO  impl.RoleInfo (RoleInfo.java:shutdownLeaderElection(134)) - 0eccc4cb-77af-4c43-89bd-f01b83be0073: shutdown LeaderElection
2019-10-18 14:03:32,957 [0eccc4cb-77af-4c43-89bd-f01b83be0073@group-1C08CD4F7525-LeaderElection60] INFO  impl.RoleInfo (RoleInfo.java:updateAndGet(143)) - 0eccc4cb-77af-4c43-89bd-f01b83be0073: start FollowerState
2019-10-18 14:03:33,034 [Thread-964] INFO  impl.FollowerState (FollowerState.java:run(108)) - 0eccc4cb-77af-4c43-89bd-f01b83be0073@group-1C08CD4F7525-FollowerState: change to CANDIDATE, lastRpcTime:76ms, electionTimeout:76ms
2019-10-18 14:03:33,034 [Thread-964] INFO  impl.RoleInfo (RoleInfo.java:shutdownFollowerState(121)) - 0eccc4cb-77af-4c43-89bd-f01b83be0073: shutdown FollowerState
2019-10-18 14:03:33,034 [Thread-964] INFO  impl.RaftServerImpl (RaftServerImpl.java:setRole(184)) - 0eccc4cb-77af-4c43-89bd-f01b83be0073@group-1C08CD4F7525: changes role from  FOLLOWER to CANDIDATE at term 62 for changeToCandidate
2019-10-18 14:03:33,034 [Thread-964] INFO  impl.RoleInfo (RoleInfo.java:updateAndGet(143)) - 0eccc4cb-77af-4c43-89bd-f01b83be0073: start LeaderElection
2019-10-18 14:03:33,048 [0eccc4cb-77af-4c43-89bd-f01b83be0073@group-1C08CD4F7525-LeaderElection61] INFO  impl.LeaderElection (LeaderElection.java:askForVotes(178)) - 0eccc4cb-77af-4c43-89bd-f01b83be0073@group-1C08CD4F7525-LeaderElection61: begin an election at term 63 for 0: [967a5d84-883e-4fc5-aa88-430cc6c4b93a:192.168.69.124:45994, 524d4c73-bbaf-4142-9273-d20c5a8628b4:192.168.69.124:36511, 0eccc4cb-77af-4c43-89bd-f01b83be0073:192.168.69.124:38580], old=null
2019-10-18 14:03:33,051 [grpc-default-executor-4] INFO  impl.RaftServerImpl (RaftServerImpl.java:setRole(184)) - 967a5d84-883e-4fc5-aa88-430cc6c4b93a@group-1C08CD4F7525: changes role from  FOLLOWER to FOLLOWER at term 63 for recognizeCandidate:0eccc4cb-77af-4c43-89bd-f01b83be0073
2019-10-18 14:03:33,051 [grpc-default-executor-4] INFO  impl.RoleInfo (RoleInfo.java:shutdownFollowerState(121)) - 967a5d84-883e-4fc5-aa88-430cc6c4b93a: shutdown FollowerState
2019-10-18 14:03:33,051 [grpc-default-executor-4] INFO  impl.RoleInfo (RoleInfo.java:updateAndGet(143)) - 967a5d84-883e-4fc5-aa88-430cc6c4b93a: start FollowerState
2019-10-18 14:03:33,051 [grpc-default-executor-5] INFO  impl.RaftServerImpl (RaftServerImpl.java:setRole(184)) - 524d4c73-bbaf-4142-9273-d20c5a8628b4@group-1C08CD4F7525: changes role from  FOLLOWER to FOLLOWER at term 63 for recognizeCandidate:0eccc4cb-77af-4c43-89bd-f01b83be0073
2019-10-18 14:03:33,051 [Thread-963] INFO  impl.FollowerState (FollowerState.java:run(117)) - 967a5d84-883e-4fc5-aa88-430cc6c4b93a@group-1C08CD4F7525-FollowerState was interrupted: java.lang.InterruptedException: sleep interrupted
2019-10-18 14:03:33,051 [grpc-default-executor-5] INFO  impl.RoleInfo (RoleInfo.java:shutdownFollowerState(121)) - 524d4c73-bbaf-4142-9273-d20c5a8628b4: shutdown FollowerState
2019-10-18 14:03:33,052 [Thread-962] INFO  impl.FollowerState (FollowerState.java:run(117)) - 524d4c73-bbaf-4142-9273-d20c5a8628b4@group-1C08CD4F7525-FollowerState was interrupted: java.lang.InterruptedException: sleep interrupted
2019-10-18 14:03:33,052 [grpc-default-executor-5] INFO  impl.RoleInfo (RoleInfo.java:updateAndGet(143)) - 524d4c73-bbaf-4142-9273-d20c5a8628b4: start FollowerState
2019-10-18 14:03:33,068 [0eccc4cb-77af-4c43-89bd-f01b83be0073@group-1C08CD4F7525-LeaderElection61] INFO  impl.LeaderElection (LeaderElection.java:logAndReturn(56)) - 0eccc4cb-77af-4c43-89bd-f01b83be0073@group-1C08CD4F7525-LeaderElection61: Election REJECTED; received 2 response(s) [0eccc4cb-77af-4c43-89bd-f01b83be0073<-967a5d84-883e-4fc5-aa88-430cc6c4b93a#0:FAIL-t63, 0eccc4cb-77af-4c43-89bd-f01b83be0073<-524d4c73-bbaf-4142-9273-d20c5a8628b4#0:FAIL-t63] and 0 exception(s); 0eccc4cb-77af-4c43-89bd-f01b83be0073@group-1C08CD4F7525:t63, leader=null, voted=0eccc4cb-77af-4c43-89bd-f01b83be0073, raftlog=0eccc4cb-77af-4c43-89bd-f01b83be0073@group-1C08CD4F7525-SegmentedRaftLog:OPENED:c3,f4,i4, conf=0: [967a5d84-883e-4fc5-aa88-430cc6c4b93a:192.168.69.124:45994, 524d4c73-bbaf-4142-9273-d20c5a8628b4:192.168.69.124:36511, 0eccc4cb-77af-4c43-89bd-f01b83be0073:192.168.69.124:38580], old=null
2019-10-18 14:03:33,071 [0eccc4cb-77af-4c43-89bd-f01b83be0073@group-1C08CD4F7525-LeaderElection61] INFO  impl.RaftServerImpl (RaftServerImpl.java:setRole(184)) - 0eccc4cb-77af-4c43-89bd-f01b83be0073@group-1C08CD4F7525: changes role from CANDIDATE to FOLLOWER at term 63 for DISCOVERED_A_NEW_TERM
2019-10-18 14:03:33,071 [0eccc4cb-77af-4c43-89bd-f01b83be0073@group-1C08CD4F7525-LeaderElection61] INFO  impl.RoleInfo (RoleInfo.java:shutdownLeaderElection(134)) - 0eccc4cb-77af-4c43-89bd-f01b83be0073: shutdown LeaderElection
2019-10-18 14:03:33,072 [0eccc4cb-77af-4c43-89bd-f01b83be0073@group-1C08CD4F7525-LeaderElection61] INFO  impl.RoleInfo (RoleInfo.java:updateAndGet(143)) - 0eccc4cb-77af-4c43-89bd-f01b83be0073: start FollowerState
2019-10-18 14:03:33,120 [BlockDeletingService#0] WARN  background.BlockDeletingService (BlockDeletingService.java:isDeletionAllowed(187)) - Close Container log Index 6 is not replicated across allthe servers in the pipeline 08f27b3d-1876-4e46-af5a-1c08cd4f7525 as the min replicated index is 4. Deletion is not allowed in this container yet.
2019-10-18 14:03:33,120 [BlockDeletingService#2] WARN  background.BlockDeletingService (BlockDeletingService.java:isDeletionAllowed(187)) - Close Container log Index 6 is not replicated across allthe servers in the pipeline 08f27b3d-1876-4e46-af5a-1c08cd4f7525 as the min replicated index is 4. Deletion is not allowed in this container yet.
2019-10-18 14:03:33,261 [Thread-970] INFO  impl.FollowerState (FollowerState.java:run(108)) - 0eccc4cb-77af-4c43-89bd-f01b83be0073@group-1C08CD4F7525-FollowerState: change to CANDIDATE, lastRpcTime:189ms, electionTimeout:189ms
2019-10-18 14:03:33,261 [Thread-970] INFO  impl.RoleInfo (RoleInfo.java:shutdownFollowerState(121)) - 0eccc4cb-77af-4c43-89bd-f01b83be0073: shutdown FollowerState
2019-10-18 14:03:33,262 [Thread-970] INFO  impl.RaftServerImpl (RaftServerImpl.java:setRole(184)) - 0eccc4cb-77af-4c43-89bd-f01b83be0073@group-1C08CD4F7525: changes role from  FOLLOWER to CANDIDATE at term 63 for changeToCandidate
2019-10-18 14:03:33,262 [Thread-970] INFO  impl.RoleInfo (RoleInfo.java:updateAndGet(143)) - 0eccc4cb-77af-4c43-89bd-f01b83be0073: start LeaderElection
2019-10-18 14:03:33,288 [0eccc4cb-77af-4c43-89bd-f01b83be0073@group-1C08CD4F7525-LeaderElection62] INFO  impl.LeaderElection (LeaderElection.java:askForVotes(178)) - 0eccc4cb-77af-4c43-89bd-f01b83be0073@group-1C08CD4F7525-LeaderElection62: begin an election at term 64 for 0: [967a5d84-883e-4fc5-aa88-430cc6c4b93a:192.168.69.124:45994, 524d4c73-bbaf-4142-9273-d20c5a8628b4:192.168.69.124:36511, 0eccc4cb-77af-4c43-89bd-f01b83be0073:192.168.69.124:38580], old=null
2019-10-18 14:03:33,290 [grpc-default-executor-4] INFO  impl.RaftServerImpl (RaftServerImpl.java:setRole(184)) - 524d4c73-bbaf-4142-9273-d20c5a8628b4@group-1C08CD4F7525: changes role from  FOLLOWER to FOLLOWER at term 64 for recognizeCandidate:0eccc4cb-77af-4c43-89bd-f01b83be0073
2019-10-18 14:03:33,290 [grpc-default-executor-5] INFO  impl.RaftServerImpl (RaftServerImpl.java:setRole(184)) - 967a5d84-883e-4fc5-aa88-430cc6c4b93a@group-1C08CD4F7525: changes role from  FOLLOWER to FOLLOWER at term 64 for recognizeCandidate:0eccc4cb-77af-4c43-89bd-f01b83be0073
2019-10-18 14:03:33,291 [grpc-default-executor-5] INFO  impl.RoleInfo (RoleInfo.java:shutdownFollowerState(121)) - 967a5d84-883e-4fc5-aa88-430cc6c4b93a: shutdown FollowerState
2019-10-18 14:03:33,291 [grpc-default-executor-4] INFO  impl.RoleInfo (RoleInfo.java:shutdownFollowerState(121)) - 524d4c73-bbaf-4142-9273-d20c5a8628b4: shutdown FollowerState
2019-10-18 14:03:33,291 [Thread-968] INFO  impl.FollowerState (FollowerState.java:run(117)) - 967a5d84-883e-4fc5-aa88-430cc6c4b93a@group-1C08CD4F7525-FollowerState was interrupted: java.lang.InterruptedException: sleep interrupted
2019-10-18 14:03:33,291 [grpc-default-executor-5] INFO  impl.RoleInfo (RoleInfo.java:updateAndGet(143)) - 967a5d84-883e-4fc5-aa88-430cc6c4b93a: start FollowerState
2019-10-18 14:03:33,291 [Thread-969] INFO  impl.FollowerState (FollowerState.java:run(117)) - 524d4c73-bbaf-4142-9273-d20c5a8628b4@group-1C08CD4F7525-FollowerState was interrupted: java.lang.InterruptedException: sleep interrupted
2019-10-18 14:03:33,291 [grpc-default-executor-4] INFO  impl.RoleInfo (RoleInfo.java:updateAndGet(143)) - 524d4c73-bbaf-4142-9273-d20c5a8628b4: start FollowerState
2019-10-18 14:03:33,306 [0eccc4cb-77af-4c43-89bd-f01b83be0073@group-1C08CD4F7525-LeaderElection62] INFO  impl.LeaderElection (LeaderElection.java:logAndReturn(56)) - 0eccc4cb-77af-4c43-89bd-f01b83be0073@group-1C08CD4F7525-LeaderElection62: Election REJECTED; received 2 response(s) [0eccc4cb-77af-4c43-89bd-f01b83be0073<-967a5d84-883e-4fc5-aa88-430cc6c4b93a#0:FAIL-t64, 0eccc4cb-77af-4c43-89bd-f01b83be0073<-524d4c73-bbaf-4142-9273-d20c5a8628b4#0:FAIL-t64] and 0 exception(s); 0eccc4cb-77af-4c43-89bd-f01b83be0073@group-1C08CD4F7525:t64, leader=null, voted=0eccc4cb-77af-4c43-89bd-f01b83be0073, raftlog=0eccc4cb-77af-4c43-89bd-f01b83be0073@group-1C08CD4F7525-SegmentedRaftLog:OPENED:c3,f4,i4, conf=0: [967a5d84-883e-4fc5-aa88-430cc6c4b93a:192.168.69.124:45994, 524d4c73-bbaf-4142-9273-d20c5a8628b4:192.168.69.124:36511, 0eccc4cb-77af-4c43-89bd-f01b83be0073:192.168.69.124:38580], old=null
2019-10-18 14:03:33,306 [0eccc4cb-77af-4c43-89bd-f01b83be0073@group-1C08CD4F7525-LeaderElection62] INFO  impl.RaftServerImpl (RaftServerImpl.java:setRole(184)) - 0eccc4cb-77af-4c43-89bd-f01b83be0073@group-1C08CD4F7525: changes role from CANDIDATE to FOLLOWER at term 64 for DISCOVERED_A_NEW_TERM
2019-10-18 14:03:33,306 [0eccc4cb-77af-4c43-89bd-f01b83be0073@group-1C08CD4F7525-LeaderElection62] INFO  impl.RoleInfo (RoleInfo.java:shutdownLeaderElection(134)) - 0eccc4cb-77af-4c43-89bd-f01b83be0073: shutdown LeaderElection
2019-10-18 14:03:33,306 [0eccc4cb-77af-4c43-89bd-f01b83be0073@group-1C08CD4F7525-LeaderElection62] INFO  impl.RoleInfo (RoleInfo.java:updateAndGet(143)) - 0eccc4cb-77af-4c43-89bd-f01b83be0073: start FollowerState
2019-10-18 14:03:33,390 [Thread-978] INFO  impl.FollowerState (FollowerState.java:run(108)) - 0eccc4cb-77af-4c43-89bd-f01b83be0073@group-1C08CD4F7525-FollowerState: change to CANDIDATE, lastRpcTime:83ms, electionTimeout:83ms
2019-10-18 14:03:33,390 [Thread-978] INFO  impl.RoleInfo (RoleInfo.java:shutdownFollowerState(121)) - 0eccc4cb-77af-4c43-89bd-f01b83be0073: shutdown FollowerState
2019-10-18 14:03:33,390 [Thread-978] INFO  impl.RaftServerImpl (RaftServerImpl.java:setRole(184)) - 0eccc4cb-77af-4c43-89bd-f01b83be0073@group-1C08CD4F7525: changes role from  FOLLOWER to CANDIDATE at term 64 for changeToCandidate
2019-10-18 14:03:33,390 [Thread-978] INFO  impl.RoleInfo (RoleInfo.java:updateAndGet(143)) - 0eccc4cb-77af-4c43-89bd-f01b83be0073: start LeaderElection
2019-10-18 14:03:33,404 [0eccc4cb-77af-4c43-89bd-f01b83be0073@group-1C08CD4F7525-LeaderElection63] INFO  impl.LeaderElection (LeaderElection.java:askForVotes(178)) - 0eccc4cb-77af-4c43-89bd-f01b83be0073@group-1C08CD4F7525-LeaderElection63: begin an election at term 65 for 0: [967a5d84-883e-4fc5-aa88-430cc6c4b93a:192.168.69.124:45994, 524d4c73-bbaf-4142-9273-d20c5a8628b4:192.168.69.124:36511, 0eccc4cb-77af-4c43-89bd-f01b83be0073:192.168.69.124:38580], old=null
2019-10-18 14:03:33,407 [grpc-default-executor-4] INFO  impl.RaftServerImpl (RaftServerImpl.java:setRole(184)) - 524d4c73-bbaf-4142-9273-d20c5a8628b4@group-1C08CD4F7525: changes role from  FOLLOWER to FOLLOWER at term 65 for recognizeCandidate:0eccc4cb-77af-4c43-89bd-f01b83be0073
2019-10-18 14:03:33,407 [grpc-default-executor-4] INFO  impl.RoleInfo (RoleInfo.java:shutdownFollowerState(121)) - 524d4c73-bbaf-4142-9273-d20c5a8628b4: shutdown FollowerState
2019-10-18 14:03:33,407 [grpc-default-executor-4] INFO  impl.RoleInfo (RoleInfo.java:updateAndGet(143)) - 524d4c73-bbaf-4142-9273-d20c5a8628b4: start FollowerState
2019-10-18 14:03:33,407 [Thread-977] INFO  impl.FollowerState (FollowerState.java:run(117)) - 524d4c73-bbaf-4142-9273-d20c5a8628b4@group-1C08CD4F7525-FollowerState was interrupted: java.lang.InterruptedException: sleep interrupted
2019-10-18 14:03:33,408 [grpc-default-executor-5] INFO  impl.RaftServerImpl (RaftServerImpl.java:setRole(184)) - 967a5d84-883e-4fc5-aa88-430cc6c4b93a@group-1C08CD4F7525: changes role from  FOLLOWER to FOLLOWER at term 65 for recognizeCandidate:0eccc4cb-77af-4c43-89bd-f01b83be0073
2019-10-18 14:03:33,408 [grpc-default-executor-5] INFO  impl.RoleInfo (RoleInfo.java:shutdownFollowerState(121)) - 967a5d84-883e-4fc5-aa88-430cc6c4b93a: shutdown FollowerState
2019-10-18 14:03:33,408 [grpc-default-executor-5] INFO  impl.RoleInfo (RoleInfo.java:updateAndGet(143)) - 967a5d84-883e-4fc5-aa88-430cc6c4b93a: start FollowerState
2019-10-18 14:03:33,408 [Thread-976] INFO  impl.FollowerState (FollowerState.java:run(117)) - 967a5d84-883e-4fc5-aa88-430cc6c4b93a@group-1C08CD4F7525-FollowerState was interrupted: java.lang.InterruptedException: sleep interrupted
2019-10-18 14:03:33,423 [0eccc4cb-77af-4c43-89bd-f01b83be0073@group-1C08CD4F7525-LeaderElection63] INFO  impl.LeaderElection (LeaderElection.java:logAndReturn(56)) - 0eccc4cb-77af-4c43-89bd-f01b83be0073@group-1C08CD4F7525-LeaderElection63: Election REJECTED; received 2 response(s) [0eccc4cb-77af-4c43-89bd-f01b83be0073<-967a5d84-883e-4fc5-aa88-430cc6c4b93a#0:FAIL-t65, 0eccc4cb-77af-4c43-89bd-f01b83be0073<-524d4c73-bbaf-4142-9273-d20c5a8628b4#0:FAIL-t65] and 0 exception(s); 0eccc4cb-77af-4c43-89bd-f01b83be0073@group-1C08CD4F7525:t65, leader=null, voted=0eccc4cb-77af-4c43-89bd-f01b83be0073, raftlog=0eccc4cb-77af-4c43-89bd-f01b83be0073@group-1C08CD4F7525-SegmentedRaftLog:OPENED:c3,f4,i4, conf=0: [967a5d84-883e-4fc5-aa88-430cc6c4b93a:192.168.69.124:45994, 524d4c73-bbaf-4142-9273-d20c5a8628b4:192.168.69.124:36511, 0eccc4cb-77af-4c43-89bd-f01b83be0073:192.168.69.124:38580], old=null
2019-10-18 14:03:33,423 [0eccc4cb-77af-4c43-89bd-f01b83be0073@group-1C08CD4F7525-LeaderElection63] INFO  impl.RaftServerImpl (RaftServerImpl.java:setRole(184)) - 0eccc4cb-77af-4c43-89bd-f01b83be0073@group-1C08CD4F7525: changes role from CANDIDATE to FOLLOWER at term 65 for DISCOVERED_A_NEW_TERM
2019-10-18 14:03:33,423 [0eccc4cb-77af-4c43-89bd-f01b83be0073@group-1C08CD4F7525-LeaderElection63] INFO  impl.RoleInfo (RoleInfo.java:shutdownLeaderElection(134)) - 0eccc4cb-77af-4c43-89bd-f01b83be0073: shutdown LeaderElection
2019-10-18 14:03:33,423 [0eccc4cb-77af-4c43-89bd-f01b83be0073@group-1C08CD4F7525-LeaderElection63] INFO  impl.RoleInfo (RoleInfo.java:updateAndGet(143)) - 0eccc4cb-77af-4c43-89bd-f01b83be0073: start FollowerState
]]></system-out>
    <system-err><![CDATA[ERROR StatusLogger No Log4j 2 configuration file found. Using default configuration (logging only errors to the console), or user programmatically provided configurations. Set system property 'log4j2.debug' to show Log4j 2 internal initialization logging. See https://logging.apache.org/log4j/2.x/manual/configuration.html for instructions on how to configure Log4j 2
Oct 18, 2019 2:01:47 PM org.apache.ratis.thirdparty.io.grpc.internal.SerializingExecutor run
SEVERE: Exception while executing runnable org.apache.ratis.thirdparty.io.grpc.internal.ServerImpl$JumpToApplicationThreadServerStreamListener$1Closed@1e800c3a
org.apache.ratis.thirdparty.io.grpc.StatusRuntimeException: CANCELLED: call already cancelled
	at org.apache.ratis.thirdparty.io.grpc.Status.asRuntimeException(Status.java:517)
	at org.apache.ratis.thirdparty.io.grpc.stub.ServerCalls$ServerCallStreamObserverImpl.onCompleted(ServerCalls.java:356)
	at org.apache.ratis.grpc.server.GrpcServerProtocolService$ServerRequestStreamObserver.onError(GrpcServerProtocolService.java:121)
	at org.apache.ratis.thirdparty.io.grpc.stub.ServerCalls$StreamingServerCallHandler$StreamingServerCallListener.onCancel(ServerCalls.java:269)
	at org.apache.ratis.thirdparty.io.grpc.internal.ServerCallImpl$ServerStreamListenerImpl.closed(ServerCallImpl.java:293)
	at org.apache.ratis.thirdparty.io.grpc.internal.ServerImpl$JumpToApplicationThreadServerStreamListener$1Closed.runInContext(ServerImpl.java:741)
	at org.apache.ratis.thirdparty.io.grpc.internal.ContextRunnable.run(ContextRunnable.java:37)
	at org.apache.ratis.thirdparty.io.grpc.internal.SerializingExecutor.run(SerializingExecutor.java:123)
	at java.util.concurrent.ThreadPoolExecutor.runWorker(ThreadPoolExecutor.java:1149)
	at java.util.concurrent.ThreadPoolExecutor$Worker.run(ThreadPoolExecutor.java:624)
	at java.lang.Thread.run(Thread.java:748)

Oct 18, 2019 2:01:47 PM org.apache.ratis.thirdparty.io.grpc.internal.SerializingExecutor run
SEVERE: Exception while executing runnable org.apache.ratis.thirdparty.io.grpc.internal.ClientCallImpl$ClientStreamListenerImpl$1StreamClosed@554b207a
java.lang.NullPointerException
	at org.apache.ratis.grpc.server.GrpcLogAppender$AppendLogResponseHandler.onError(GrpcLogAppender.java:303)
	at org.apache.ratis.thirdparty.io.grpc.stub.ClientCalls$StreamObserverToCallListenerAdapter.onClose(ClientCalls.java:434)
	at org.apache.ratis.thirdparty.io.grpc.PartialForwardingClientCallListener.onClose(PartialForwardingClientCallListener.java:39)
	at org.apache.ratis.thirdparty.io.grpc.ForwardingClientCallListener.onClose(ForwardingClientCallListener.java:23)
	at org.apache.ratis.thirdparty.io.grpc.ForwardingClientCallListener$SimpleForwardingClientCallListener.onClose(ForwardingClientCallListener.java:40)
	at org.apache.ratis.thirdparty.io.grpc.internal.CensusStatsModule$StatsClientInterceptor$1$1.onClose(CensusStatsModule.java:678)
	at org.apache.ratis.thirdparty.io.grpc.PartialForwardingClientCallListener.onClose(PartialForwardingClientCallListener.java:39)
	at org.apache.ratis.thirdparty.io.grpc.ForwardingClientCallListener.onClose(ForwardingClientCallListener.java:23)
	at org.apache.ratis.thirdparty.io.grpc.ForwardingClientCallListener$SimpleForwardingClientCallListener.onClose(ForwardingClientCallListener.java:40)
	at org.apache.ratis.thirdparty.io.grpc.internal.CensusTracingModule$TracingClientInterceptor$1$1.onClose(CensusTracingModule.java:397)
	at org.apache.ratis.thirdparty.io.grpc.internal.ClientCallImpl.closeObserver(ClientCallImpl.java:459)
	at org.apache.ratis.thirdparty.io.grpc.internal.ClientCallImpl.access$300(ClientCallImpl.java:63)
	at org.apache.ratis.thirdparty.io.grpc.internal.ClientCallImpl$ClientStreamListenerImpl.close(ClientCallImpl.java:546)
	at org.apache.ratis.thirdparty.io.grpc.internal.ClientCallImpl$ClientStreamListenerImpl.access$600(ClientCallImpl.java:467)
	at org.apache.ratis.thirdparty.io.grpc.internal.ClientCallImpl$ClientStreamListenerImpl$1StreamClosed.runInContext(ClientCallImpl.java:584)
	at org.apache.ratis.thirdparty.io.grpc.internal.ContextRunnable.run(ContextRunnable.java:37)
	at org.apache.ratis.thirdparty.io.grpc.internal.SerializingExecutor.run(SerializingExecutor.java:123)
	at java.util.concurrent.ThreadPoolExecutor.runWorker(ThreadPoolExecutor.java:1149)
	at java.util.concurrent.ThreadPoolExecutor$Worker.run(ThreadPoolExecutor.java:624)
	at java.lang.Thread.run(Thread.java:748)

]]></system-err>
  </testcase>
</testsuite>