<?xml version="1.0" encoding="UTF-8"?>
<testsuite xmlns:xsi="http://www.w3.org/2001/XMLSchema-instance" xsi:noNamespaceSchemaLocation="https://maven.apache.org/surefire/maven-surefire-plugin/xsd/surefire-test-report.xsd" name="org.apache.hadoop.ozone.client.rpc.TestWatchForCommit" time="268.378" tests="5" errors="1" skipped="0" failures="1">
  <properties>
    <property name="awt.toolkit" value="sun.awt.X11.XToolkit"/>
    <property name="file.encoding.pkg" value="sun.io"/>
    <property name="java.specification.version" value="1.8"/>
    <property name="sun.cpu.isalist" value=""/>
    <property name="sun.jnu.encoding" value="UTF-8"/>
    <property name="java.class.path" value="/workdir/hadoop-ozone/integration-test/target/test-classes:/workdir/hadoop-ozone/integration-test/target/classes:/home/user/.m2/repository/org/apache/hadoop/hadoop-ozone-common/0.5.0-SNAPSHOT/hadoop-ozone-common-0.5.0-SNAPSHOT.jar:/home/user/.m2/repository/org/apache/commons/commons-compress/1.4.1/commons-compress-1.4.1.jar:/home/user/.m2/repository/org/tukaani/xz/1.0/xz-1.0.jar:/home/user/.m2/repository/org/apache/hadoop/hadoop-common/3.2.0/hadoop-common-3.2.0.jar:/home/user/.m2/repository/org/apache/hadoop/hadoop-hdfs/3.2.0/hadoop-hdfs-3.2.0.jar:/home/user/.m2/repository/org/apache/hadoop/hadoop-hdfs-client/3.2.0/hadoop-hdfs-client-3.2.0.jar:/home/user/.m2/repository/com/fasterxml/jackson/core/jackson-annotations/2.9.9/jackson-annotations-2.9.9.jar:/home/user/.m2/repository/org/apache/hadoop/hadoop-hdds-common/0.5.0-SNAPSHOT/hadoop-hdds-common-0.5.0-SNAPSHOT.jar:/home/user/.m2/repository/javax/annotation/javax.annotation-api/1.2/javax.annotation-api-1.2.jar:/home/user/.m2/repository/org/apache/ratis/ratis-server/0.5.0-201fc85-SNAPSHOT/ratis-server-0.5.0-201fc85-SNAPSHOT.jar:/home/user/.m2/repository/org/apache/ratis/ratis-thirdparty-misc/0.2.0/ratis-thirdparty-misc-0.2.0.jar:/home/user/.m2/repository/org/apache/ratis/ratis-proto/0.5.0-201fc85-SNAPSHOT/ratis-proto-0.5.0-201fc85-SNAPSHOT.jar:/home/user/.m2/repository/org/apache/ratis/ratis-common/0.5.0-201fc85-SNAPSHOT/ratis-common-0.5.0-201fc85-SNAPSHOT.jar:/home/user/.m2/repository/org/apache/ratis/ratis-client/0.5.0-201fc85-SNAPSHOT/ratis-client-0.5.0-201fc85-SNAPSHOT.jar:/home/user/.m2/repository/org/apache/ratis/ratis-metrics/0.5.0-201fc85-SNAPSHOT/ratis-metrics-0.5.0-201fc85-SNAPSHOT.jar:/home/user/.m2/repository/com/github/joshelser/dropwizard-metrics-hadoop-metrics2-reporter/0.1.2/dropwizard-metrics-hadoop-metrics2-reporter-0.1.2.jar:/home/user/.m2/repository/io/dropwizard/metrics/metrics-jvm/3.2.5/metrics-jvm-3.2.5.jar:/home/user/.m2/repository/io/dropwizard/metrics/metrics-ganglia/3.2.5/metrics-ganglia-3.2.5.jar:/home/user/.m2/repository/info/ganglia/gmetric4j/gmetric4j/1.0.7/gmetric4j-1.0.7.jar:/home/user/.m2/repository/org/apache/ratis/ratis-netty/0.5.0-201fc85-SNAPSHOT/ratis-netty-0.5.0-201fc85-SNAPSHOT.jar:/home/user/.m2/repository/org/apache/ratis/ratis-grpc/0.5.0-201fc85-SNAPSHOT/ratis-grpc-0.5.0-201fc85-SNAPSHOT.jar:/home/user/.m2/repository/org/rocksdb/rocksdbjni/6.0.1/rocksdbjni-6.0.1.jar:/home/user/.m2/repository/org/apache/logging/log4j/log4j-api/2.11.0/log4j-api-2.11.0.jar:/home/user/.m2/repository/org/apache/logging/log4j/log4j-core/2.11.0/log4j-core-2.11.0.jar:/home/user/.m2/repository/com/lmax/disruptor/3.4.2/disruptor-3.4.2.jar:/home/user/.m2/repository/org/apache/commons/commons-pool2/2.6.0/commons-pool2-2.6.0.jar:/home/user/.m2/repository/org/bouncycastle/bcpkix-jdk15on/1.60/bcpkix-jdk15on-1.60.jar:/home/user/.m2/repository/commons-validator/commons-validator/1.6/commons-validator-1.6.jar:/home/user/.m2/repository/commons-digester/commons-digester/1.8.1/commons-digester-1.8.1.jar:/home/user/.m2/repository/io/jaegertracing/jaeger-client/0.34.0/jaeger-client-0.34.0.jar:/home/user/.m2/repository/io/jaegertracing/jaeger-thrift/0.34.0/jaeger-thrift-0.34.0.jar:/home/user/.m2/repository/org/apache/thrift/libthrift/0.12.0/libthrift-0.12.0.jar:/home/user/.m2/repository/com/squareup/okhttp3/okhttp/3.9.0/okhttp-3.9.0.jar:/home/user/.m2/repository/com/squareup/okio/okio/1.13.0/okio-1.13.0.jar:/home/user/.m2/repository/io/jaegertracing/jaeger-core/0.34.0/jaeger-core-0.34.0.jar:/home/user/.m2/repository/io/jaegertracing/jaeger-tracerresolver/0.34.0/jaeger-tracerresolver-0.34.0.jar:/home/user/.m2/repository/io/opentracing/contrib/opentracing-tracerresolver/0.1.5/opentracing-tracerresolver-0.1.5.jar:/home/user/.m2/repository/io/opentracing/opentracing-util/0.31.0/opentracing-util-0.31.0.jar:/home/user/.m2/repository/io/opentracing/opentracing-api/0.31.0/opentracing-api-0.31.0.jar:/home/user/.m2/repository/io/opentracing/opentracing-noop/0.31.0/opentracing-noop-0.31.0.jar:/home/user/.m2/repository/org/apache/hadoop/hadoop-hdds-server-framework/0.5.0-SNAPSHOT/hadoop-hdds-server-framework-0.5.0-SNAPSHOT.jar:/home/user/.m2/repository/org/apache/hadoop/hadoop-hdds-container-service/0.5.0-SNAPSHOT/hadoop-hdds-container-service-0.5.0-SNAPSHOT.jar:/home/user/.m2/repository/org/apache/hadoop/hadoop-hdds-client/0.5.0-SNAPSHOT/hadoop-hdds-client-0.5.0-SNAPSHOT.jar:/home/user/.m2/repository/org/apache/hadoop/hadoop-hdds-tools/0.5.0-SNAPSHOT/hadoop-hdds-tools-0.5.0-SNAPSHOT.jar:/home/user/.m2/repository/org/apache/hadoop/hadoop-hdds-server-scm/0.5.0-SNAPSHOT/hadoop-hdds-server-scm-0.5.0-SNAPSHOT.jar:/home/user/.m2/repository/org/apache/hadoop/hadoop-hdds-docs/0.5.0-SNAPSHOT/hadoop-hdds-docs-0.5.0-SNAPSHOT.jar:/home/user/.m2/repository/io/dropwizard/metrics/metrics-core/3.2.4/metrics-core-3.2.4.jar:/home/user/.m2/repository/org/hamcrest/hamcrest-all/1.3/hamcrest-all-1.3.jar:/home/user/.m2/repository/org/bouncycastle/bcprov-jdk15on/1.60/bcprov-jdk15on-1.60.jar:/home/user/.m2/repository/info/picocli/picocli/3.9.6/picocli-3.9.6.jar:/home/user/.m2/repository/com/google/protobuf/protobuf-java/2.5.0/protobuf-java-2.5.0.jar:/home/user/.m2/repository/com/google/guava/guava/11.0.2/guava-11.0.2.jar:/home/user/.m2/repository/org/apache/hadoop/hadoop-ozone-ozone-manager/0.5.0-SNAPSHOT/hadoop-ozone-ozone-manager-0.5.0-SNAPSHOT.jar:/home/user/.m2/repository/org/apache/hadoop/hadoop-minikdc/3.2.0/hadoop-minikdc-3.2.0.jar:/home/user/.m2/repository/commons-io/commons-io/2.5/commons-io-2.5.jar:/home/user/.m2/repository/org/apache/kerby/kerb-simplekdc/1.0.1/kerb-simplekdc-1.0.1.jar:/home/user/.m2/repository/org/apache/kerby/kerb-client/1.0.1/kerb-client-1.0.1.jar:/home/user/.m2/repository/org/apache/kerby/kerby-config/1.0.1/kerby-config-1.0.1.jar:/home/user/.m2/repository/org/apache/kerby/kerb-core/1.0.1/kerb-core-1.0.1.jar:/home/user/.m2/repository/org/apache/kerby/kerby-pkix/1.0.1/kerby-pkix-1.0.1.jar:/home/user/.m2/repository/org/apache/kerby/kerby-asn1/1.0.1/kerby-asn1-1.0.1.jar:/home/user/.m2/repository/org/apache/kerby/kerby-util/1.0.1/kerby-util-1.0.1.jar:/home/user/.m2/repository/org/apache/kerby/kerb-common/1.0.1/kerb-common-1.0.1.jar:/home/user/.m2/repository/org/apache/kerby/kerb-crypto/1.0.1/kerb-crypto-1.0.1.jar:/home/user/.m2/repository/org/apache/kerby/kerb-util/1.0.1/kerb-util-1.0.1.jar:/home/user/.m2/repository/org/apache/kerby/token-provider/1.0.1/token-provider-1.0.1.jar:/home/user/.m2/repository/org/apache/kerby/kerb-admin/1.0.1/kerb-admin-1.0.1.jar:/home/user/.m2/repository/org/apache/kerby/kerb-server/1.0.1/kerb-server-1.0.1.jar:/home/user/.m2/repository/org/apache/kerby/kerb-identity/1.0.1/kerb-identity-1.0.1.jar:/home/user/.m2/repository/org/apache/kerby/kerby-xdr/1.0.1/kerby-xdr-1.0.1.jar:/home/user/.m2/repository/org/slf4j/slf4j-log4j12/1.7.25/slf4j-log4j12-1.7.25.jar:/home/user/.m2/repository/org/apache/hadoop/hadoop-ozone-s3gateway/0.5.0-SNAPSHOT/hadoop-ozone-s3gateway-0.5.0-SNAPSHOT.jar:/home/user/.m2/repository/org/jboss/weld/servlet/weld-servlet/2.4.7.Final/weld-servlet-2.4.7.Final.jar:/home/user/.m2/repository/org/glassfish/jersey/containers/jersey-container-servlet-core/2.27/jersey-container-servlet-core-2.27.jar:/home/user/.m2/repository/org/glassfish/hk2/external/javax.inject/2.5.0-b42/javax.inject-2.5.0-b42.jar:/home/user/.m2/repository/org/glassfish/jersey/core/jersey-common/2.27/jersey-common-2.27.jar:/home/user/.m2/repository/org/glassfish/hk2/osgi-resource-locator/1.0.1/osgi-resource-locator-1.0.1.jar:/home/user/.m2/repository/javax/ws/rs/javax.ws.rs-api/2.1/javax.ws.rs-api-2.1.jar:/home/user/.m2/repository/org/glassfish/jersey/ext/cdi/jersey-cdi1x/2.27/jersey-cdi1x-2.27.jar:/home/user/.m2/repository/org/glassfish/jersey/inject/jersey-hk2/2.27/jersey-hk2-2.27.jar:/home/user/.m2/repository/org/glassfish/hk2/hk2-locator/2.5.0-b42/hk2-locator-2.5.0-b42.jar:/home/user/.m2/repository/org/javassist/javassist/3.22.0-CR2/javassist-3.22.0-CR2.jar:/home/user/.m2/repository/org/glassfish/hk2/hk2-api/2.5.0/hk2-api-2.5.0.jar:/home/user/.m2/repository/org/glassfish/hk2/external/jakarta.inject/2.5.0/jakarta.inject-2.5.0.jar:/home/user/.m2/repository/org/glassfish/hk2/hk2-utils/2.5.0/hk2-utils-2.5.0.jar:/home/user/.m2/repository/jakarta/annotation/jakarta.annotation-api/1.3.4/jakarta.annotation-api-1.3.4.jar:/home/user/.m2/repository/org/glassfish/hk2/external/aopalliance-repackaged/2.5.0/aopalliance-repackaged-2.5.0.jar:/home/user/.m2/repository/com/fasterxml/jackson/dataformat/jackson-dataformat-xml/2.9.0/jackson-dataformat-xml-2.9.0.jar:/home/user/.m2/repository/com/fasterxml/jackson/core/jackson-core/2.9.9/jackson-core-2.9.9.jar:/home/user/.m2/repository/com/fasterxml/jackson/module/jackson-module-jaxb-annotations/2.9.9/jackson-module-jaxb-annotations-2.9.9.jar:/home/user/.m2/repository/javax/enterprise/cdi-api/1.2/cdi-api-1.2.jar:/home/user/.m2/repository/javax/el/javax.el-api/3.0.0/javax.el-api-3.0.0.jar:/home/user/.m2/repository/javax/interceptor/javax.interceptor-api/1.2/javax.interceptor-api-1.2.jar:/home/user/.m2/repository/javax/inject/javax.inject/1/javax.inject-1.jar:/home/user/.m2/repository/com/sun/xml/bind/jaxb-impl/2.3.0.1/jaxb-impl-2.3.0.1.jar:/home/user/.m2/repository/com/sun/xml/bind/jaxb-core/2.3.0.1/jaxb-core-2.3.0.1.jar:/home/user/.m2/repository/javax/xml/bind/jaxb-api/2.3.0/jaxb-api-2.3.0.jar:/home/user/.m2/repository/javax/activation/activation/1.1.1/activation-1.1.1.jar:/home/user/.m2/repository/org/apache/hadoop/hadoop-ozone-csi/0.5.0-SNAPSHOT/hadoop-ozone-csi-0.5.0-SNAPSHOT.jar:/home/user/.m2/repository/com/google/protobuf/protobuf-java-util/3.5.1/protobuf-java-util-3.5.1.jar:/home/user/.m2/repository/org/apache/hadoop/hadoop-hdds-config/0.5.0-SNAPSHOT/hadoop-hdds-config-0.5.0-SNAPSHOT.jar:/home/user/.m2/repository/io/grpc/grpc-netty/1.17.1/grpc-netty-1.17.1.jar:/home/user/.m2/repository/io/grpc/grpc-core/1.17.1/grpc-core-1.17.1.jar:/home/user/.m2/repository/io/grpc/grpc-context/1.17.1/grpc-context-1.17.1.jar:/home/user/.m2/repository/com/google/errorprone/error_prone_annotations/2.2.0/error_prone_annotations-2.2.0.jar:/home/user/.m2/repository/org/codehaus/mojo/animal-sniffer-annotations/1.17/animal-sniffer-annotations-1.17.jar:/home/user/.m2/repository/io/opencensus/opencensus-api/0.17.0/opencensus-api-0.17.0.jar:/home/user/.m2/repository/io/opencensus/opencensus-contrib-grpc-metrics/0.17.0/opencensus-contrib-grpc-metrics-0.17.0.jar:/home/user/.m2/repository/io/netty/netty-codec-http2/4.1.30.Final/netty-codec-http2-4.1.30.Final.jar:/home/user/.m2/repository/io/netty/netty-codec-http/4.1.30.Final/netty-codec-http-4.1.30.Final.jar:/home/user/.m2/repository/io/netty/netty-codec/4.1.30.Final/netty-codec-4.1.30.Final.jar:/home/user/.m2/repository/io/netty/netty-handler/4.1.30.Final/netty-handler-4.1.30.Final.jar:/home/user/.m2/repository/io/netty/netty-handler-proxy/4.1.30.Final/netty-handler-proxy-4.1.30.Final.jar:/home/user/.m2/repository/io/netty/netty-codec-socks/4.1.30.Final/netty-codec-socks-4.1.30.Final.jar:/home/user/.m2/repository/io/netty/netty-transport-native-epoll/4.1.30.Final/netty-transport-native-epoll-4.1.30.Final.jar:/home/user/.m2/repository/io/netty/netty-common/4.1.30.Final/netty-common-4.1.30.Final.jar:/home/user/.m2/repository/io/netty/netty-buffer/4.1.30.Final/netty-buffer-4.1.30.Final.jar:/home/user/.m2/repository/io/netty/netty-transport/4.1.30.Final/netty-transport-4.1.30.Final.jar:/home/user/.m2/repository/io/netty/netty-resolver/4.1.30.Final/netty-resolver-4.1.30.Final.jar:/home/user/.m2/repository/io/netty/netty-transport-native-unix-common/4.1.30.Final/netty-transport-native-unix-common-4.1.30.Final.jar:/home/user/.m2/repository/io/grpc/grpc-protobuf/1.17.1/grpc-protobuf-1.17.1.jar:/home/user/.m2/repository/com/google/api/grpc/proto-google-common-protos/1.0.0/proto-google-common-protos-1.0.0.jar:/home/user/.m2/repository/io/grpc/grpc-protobuf-lite/1.17.1/grpc-protobuf-lite-1.17.1.jar:/home/user/.m2/repository/io/grpc/grpc-stub/1.17.1/grpc-stub-1.17.1.jar:/home/user/.m2/repository/org/apache/hadoop/hadoop-ozone-recon/0.5.0-SNAPSHOT/hadoop-ozone-recon-0.5.0-SNAPSHOT.jar:/home/user/.m2/repository/org/apache/hadoop/hadoop-ozone-reconcodegen/0.5.0-SNAPSHOT/hadoop-ozone-reconcodegen-0.5.0-SNAPSHOT.jar:/home/user/.m2/repository/com/google/inject/extensions/guice-multibindings/4.0/guice-multibindings-4.0.jar:/home/user/.m2/repository/com/google/inject/guice/4.0/guice-4.0.jar:/home/user/.m2/repository/aopalliance/aopalliance/1.0/aopalliance-1.0.jar:/home/user/.m2/repository/com/google/inject/extensions/guice-servlet/4.0/guice-servlet-4.0.jar:/home/user/.m2/repository/org/glassfish/jersey/containers/jersey-container-servlet/2.27/jersey-container-servlet-2.27.jar:/home/user/.m2/repository/org/glassfish/hk2/guice-bridge/2.5.0/guice-bridge-2.5.0.jar:/home/user/.m2/repository/org/glassfish/jersey/core/jersey-server/2.27/jersey-server-2.27.jar:/home/user/.m2/repository/org/glassfish/jersey/core/jersey-client/2.27/jersey-client-2.27.jar:/home/user/.m2/repository/org/glassfish/jersey/media/jersey-media-jaxb/2.27/jersey-media-jaxb-2.27.jar:/home/user/.m2/repository/javax/validation/validation-api/1.1.0.Final/validation-api-1.1.0.Final.jar:/home/user/.m2/repository/org/glassfish/jersey/media/jersey-media-json-jackson/2.27/jersey-media-json-jackson-2.27.jar:/home/user/.m2/repository/org/glassfish/jersey/ext/jersey-entity-filtering/2.27/jersey-entity-filtering-2.27.jar:/home/user/.m2/repository/com/google/inject/extensions/guice-assistedinject/4.0/guice-assistedinject-4.0.jar:/home/user/.m2/repository/org/jooq/jooq/3.11.10/jooq-3.11.10.jar:/home/user/.m2/repository/org/jooq/jooq-meta/3.11.10/jooq-meta-3.11.10.jar:/home/user/.m2/repository/org/jooq/jooq-codegen/3.11.10/jooq-codegen-3.11.10.jar:/home/user/.m2/repository/com/jolbox/bonecp/0.8.0.RELEASE/bonecp-0.8.0.RELEASE.jar:/home/user/.m2/repository/org/xerial/sqlite-jdbc/3.25.2/sqlite-jdbc-3.25.2.jar:/home/user/.m2/repository/org/springframework/spring-jdbc/5.1.3.RELEASE/spring-jdbc-5.1.3.RELEASE.jar:/home/user/.m2/repository/org/springframework/spring-beans/5.1.3.RELEASE/spring-beans-5.1.3.RELEASE.jar:/home/user/.m2/repository/org/springframework/spring-core/5.1.3.RELEASE/spring-core-5.1.3.RELEASE.jar:/home/user/.m2/repository/org/springframework/spring-jcl/5.1.3.RELEASE/spring-jcl-5.1.3.RELEASE.jar:/home/user/.m2/repository/org/springframework/spring-tx/5.1.3.RELEASE/spring-tx-5.1.3.RELEASE.jar:/home/user/.m2/repository/org/apache/hadoop/hadoop-ozone-client/0.5.0-SNAPSHOT/hadoop-ozone-client-0.5.0-SNAPSHOT.jar:/home/user/.m2/repository/commons-lang/commons-lang/2.6/commons-lang-2.6.jar:/home/user/.m2/repository/org/apache/hadoop/hadoop-ozone-ozone-manager/0.5.0-SNAPSHOT/hadoop-ozone-ozone-manager-0.5.0-SNAPSHOT-tests.jar:/home/user/.m2/repository/junit/junit/4.11/junit-4.11.jar:/home/user/.m2/repository/org/hamcrest/hamcrest-core/1.3/hamcrest-core-1.3.jar:/home/user/.m2/repository/org/openjdk/jmh/jmh-core/1.19/jmh-core-1.19.jar:/home/user/.m2/repository/net/sf/jopt-simple/jopt-simple/4.6/jopt-simple-4.6.jar:/home/user/.m2/repository/org/apache/commons/commons-math3/3.1.1/commons-math3-3.1.1.jar:/home/user/.m2/repository/org/openjdk/jmh/jmh-generator-annprocess/1.19/jmh-generator-annprocess-1.19.jar:/home/user/.m2/repository/org/mockito/mockito-all/1.8.5/mockito-all-1.8.5.jar:/home/user/.m2/repository/org/apache/hadoop/hadoop-kms/3.2.0/hadoop-kms-3.2.0.jar:/home/user/.m2/repository/org/apache/hadoop/hadoop-auth/3.2.0/hadoop-auth-3.2.0.jar:/home/user/.m2/repository/com/nimbusds/nimbus-jose-jwt/4.41.1/nimbus-jose-jwt-4.41.1.jar:/home/user/.m2/repository/com/github/stephenc/jcip/jcip-annotations/1.0-1/jcip-annotations-1.0-1.jar:/home/user/.m2/repository/net/minidev/json-smart/2.3/json-smart-2.3.jar:/home/user/.m2/repository/net/minidev/accessors-smart/1.2/accessors-smart-1.2.jar:/home/user/.m2/repository/org/ow2/asm/asm/5.0.4/asm-5.0.4.jar:/home/user/.m2/repository/org/apache/curator/curator-framework/2.12.0/curator-framework-2.12.0.jar:/home/user/.m2/repository/com/sun/jersey/jersey-core/1.19/jersey-core-1.19.jar:/home/user/.m2/repository/javax/ws/rs/jsr311-api/1.1.1/jsr311-api-1.1.1.jar:/home/user/.m2/repository/com/sun/jersey/jersey-server/1.19/jersey-server-1.19.jar:/home/user/.m2/repository/javax/servlet/javax.servlet-api/3.1.0/javax.servlet-api-3.1.0.jar:/home/user/.m2/repository/org/eclipse/jetty/jetty-server/9.3.25.v20180904/jetty-server-9.3.25.v20180904.jar:/home/user/.m2/repository/org/eclipse/jetty/jetty-http/9.3.25.v20180904/jetty-http-9.3.25.v20180904.jar:/home/user/.m2/repository/org/eclipse/jetty/jetty-io/9.3.25.v20180904/jetty-io-9.3.25.v20180904.jar:/home/user/.m2/repository/org/eclipse/jetty/jetty-webapp/9.3.25.v20180904/jetty-webapp-9.3.25.v20180904.jar:/home/user/.m2/repository/org/eclipse/jetty/jetty-xml/9.3.25.v20180904/jetty-xml-9.3.25.v20180904.jar:/home/user/.m2/repository/log4j/log4j/1.2.17/log4j-1.2.17.jar:/home/user/.m2/repository/org/slf4j/slf4j-api/1.7.25/slf4j-api-1.7.25.jar:/home/user/.m2/repository/org/slf4j/jul-to-slf4j/1.7.25/jul-to-slf4j-1.7.25.jar:/home/user/.m2/repository/org/eclipse/jetty/jetty-util/9.3.25.v20180904/jetty-util-9.3.25.v20180904.jar:/home/user/.m2/repository/com/fasterxml/jackson/core/jackson-databind/2.9.9/jackson-databind-2.9.9.jar:/home/user/.m2/repository/org/apache/hadoop/hadoop-kms/3.2.0/hadoop-kms-3.2.0-tests.jar:/home/user/.m2/repository/org/apache/hadoop/hadoop-hdds-server-scm/0.5.0-SNAPSHOT/hadoop-hdds-server-scm-0.5.0-SNAPSHOT-tests.jar:/home/user/.m2/repository/org/apache/hadoop/hadoop-hdds-container-service/0.5.0-SNAPSHOT/hadoop-hdds-container-service-0.5.0-SNAPSHOT-tests.jar:/home/user/.m2/repository/org/yaml/snakeyaml/1.16/snakeyaml-1.16.jar:/home/user/.m2/repository/org/apache/hadoop/hadoop-common/3.2.0/hadoop-common-3.2.0-tests.jar:/home/user/.m2/repository/org/apache/hadoop/hadoop-annotations/3.2.0/hadoop-annotations-3.2.0.jar:/usr/lib/jvm/java-1.8-openjdk/jre/../lib/tools.jar:/home/user/.m2/repository/commons-cli/commons-cli/1.2/commons-cli-1.2.jar:/home/user/.m2/repository/org/apache/httpcomponents/httpclient/4.5.2/httpclient-4.5.2.jar:/home/user/.m2/repository/org/apache/httpcomponents/httpcore/4.4.4/httpcore-4.4.4.jar:/home/user/.m2/repository/commons-codec/commons-codec/1.11/commons-codec-1.11.jar:/home/user/.m2/repository/commons-net/commons-net/3.6/commons-net-3.6.jar:/home/user/.m2/repository/commons-collections/commons-collections/3.2.2/commons-collections-3.2.2.jar:/home/user/.m2/repository/org/eclipse/jetty/jetty-servlet/9.3.25.v20180904/jetty-servlet-9.3.25.v20180904.jar:/home/user/.m2/repository/org/eclipse/jetty/jetty-security/9.3.25.v20180904/jetty-security-9.3.25.v20180904.jar:/home/user/.m2/repository/javax/servlet/jsp/jsp-api/2.1/jsp-api-2.1.jar:/home/user/.m2/repository/com/sun/jersey/jersey-servlet/1.19/jersey-servlet-1.19.jar:/home/user/.m2/repository/com/sun/jersey/jersey-json/1.19/jersey-json-1.19.jar:/home/user/.m2/repository/org/codehaus/jettison/jettison/1.1/jettison-1.1.jar:/home/user/.m2/repository/org/codehaus/jackson/jackson-core-asl/1.9.13/jackson-core-asl-1.9.13.jar:/home/user/.m2/repository/org/codehaus/jackson/jackson-mapper-asl/1.9.13/jackson-mapper-asl-1.9.13.jar:/home/user/.m2/repository/org/codehaus/jackson/jackson-jaxrs/1.9.13/jackson-jaxrs-1.9.13.jar:/home/user/.m2/repository/org/codehaus/jackson/jackson-xc/1.9.13/jackson-xc-1.9.13.jar:/home/user/.m2/repository/commons-logging/commons-logging/1.1.3/commons-logging-1.1.3.jar:/home/user/.m2/repository/commons-beanutils/commons-beanutils/1.9.4/commons-beanutils-1.9.4.jar:/home/user/.m2/repository/org/apache/commons/commons-configuration2/2.1.1/commons-configuration2-2.1.1.jar:/home/user/.m2/repository/org/apache/commons/commons-lang3/3.7/commons-lang3-3.7.jar:/home/user/.m2/repository/org/apache/commons/commons-text/1.4/commons-text-1.4.jar:/home/user/.m2/repository/org/apache/avro/avro/1.7.7/avro-1.7.7.jar:/home/user/.m2/repository/com/thoughtworks/paranamer/paranamer/2.3/paranamer-2.3.jar:/home/user/.m2/repository/org/xerial/snappy/snappy-java/1.0.5/snappy-java-1.0.5.jar:/home/user/.m2/repository/com/google/re2j/re2j/1.1/re2j-1.1.jar:/home/user/.m2/repository/com/google/code/gson/gson/2.2.4/gson-2.2.4.jar:/home/user/.m2/repository/com/jcraft/jsch/0.1.54/jsch-0.1.54.jar:/home/user/.m2/repository/org/apache/curator/curator-client/2.12.0/curator-client-2.12.0.jar:/home/user/.m2/repository/org/apache/curator/curator-recipes/2.12.0/curator-recipes-2.12.0.jar:/home/user/.m2/repository/com/google/code/findbugs/jsr305/3.0.0/jsr305-3.0.0.jar:/home/user/.m2/repository/org/apache/htrace/htrace-core4/4.1.0-incubating/htrace-core4-4.1.0-incubating.jar:/home/user/.m2/repository/org/apache/zookeeper/zookeeper/3.4.13/zookeeper-3.4.13.jar:/home/user/.m2/repository/jline/jline/0.9.94/jline-0.9.94.jar:/home/user/.m2/repository/org/apache/yetus/audience-annotations/0.5.0/audience-annotations-0.5.0.jar:/home/user/.m2/repository/org/codehaus/woodstox/stax2-api/3.1.4/stax2-api-3.1.4.jar:/home/user/.m2/repository/com/fasterxml/woodstox/woodstox-core/5.0.3/woodstox-core-5.0.3.jar:/home/user/.m2/repository/dnsjava/dnsjava/2.1.7/dnsjava-2.1.7.jar:/home/user/.m2/repository/org/apache/hadoop/hadoop-hdfs/3.2.0/hadoop-hdfs-3.2.0-tests.jar:/home/user/.m2/repository/org/eclipse/jetty/jetty-util-ajax/9.3.25.v20180904/jetty-util-ajax-9.3.25.v20180904.jar:/home/user/.m2/repository/commons-daemon/commons-daemon/1.0.13/commons-daemon-1.0.13.jar:/home/user/.m2/repository/io/netty/netty/3.10.5.Final/netty-3.10.5.Final.jar:/home/user/.m2/repository/io/netty/netty-all/4.0.52.Final/netty-all-4.0.52.Final.jar:/home/user/.m2/repository/org/fusesource/leveldbjni/leveldbjni-all/1.8/leveldbjni-all-1.8.jar:"/>
    <property name="java.vm.vendor" value="IcedTea"/>
    <property name="sun.arch.data.model" value="64"/>
    <property name="test.build.dir" value="/workdir/hadoop-ozone/integration-test/target/test-dir"/>
    <property name="test.cache.data" value=""/>
    <property name="java.vendor.url" value="https://icedtea.classpath.org"/>
    <property name="user.timezone" value=""/>
    <property name="java.vm.specification.version" value="1.8"/>
    <property name="os.name" value="Linux"/>
    <property name="test.build.data" value="/workdir/hadoop-ozone/integration-test/target/test-dir"/>
    <property name="user.country" value="US"/>
    <property name="sun.java.launcher" value="SUN_STANDARD"/>
    <property name="sun.boot.library.path" value="/usr/lib/jvm/java-1.8-openjdk/jre/lib/amd64"/>
    <property name="sun.java.command" value="/workdir/hadoop-ozone/integration-test/target/surefire/surefirebooter4122536024462607775.jar /workdir/hadoop-ozone/integration-test/target/surefire 2019-10-07T10-34-04_037-jvmRun1 surefire6053193929128213571tmp surefire_205247573231542499860tmp"/>
    <property name="test" value="!TestMiniChaosOzoneCluster"/>
    <property name="surefire.test.class.path" value="/workdir/hadoop-ozone/integration-test/target/test-classes:/workdir/hadoop-ozone/integration-test/target/classes:/home/user/.m2/repository/org/apache/hadoop/hadoop-ozone-common/0.5.0-SNAPSHOT/hadoop-ozone-common-0.5.0-SNAPSHOT.jar:/home/user/.m2/repository/org/apache/commons/commons-compress/1.4.1/commons-compress-1.4.1.jar:/home/user/.m2/repository/org/tukaani/xz/1.0/xz-1.0.jar:/home/user/.m2/repository/org/apache/hadoop/hadoop-common/3.2.0/hadoop-common-3.2.0.jar:/home/user/.m2/repository/org/apache/hadoop/hadoop-hdfs/3.2.0/hadoop-hdfs-3.2.0.jar:/home/user/.m2/repository/org/apache/hadoop/hadoop-hdfs-client/3.2.0/hadoop-hdfs-client-3.2.0.jar:/home/user/.m2/repository/com/fasterxml/jackson/core/jackson-annotations/2.9.9/jackson-annotations-2.9.9.jar:/home/user/.m2/repository/org/apache/hadoop/hadoop-hdds-common/0.5.0-SNAPSHOT/hadoop-hdds-common-0.5.0-SNAPSHOT.jar:/home/user/.m2/repository/javax/annotation/javax.annotation-api/1.2/javax.annotation-api-1.2.jar:/home/user/.m2/repository/org/apache/ratis/ratis-server/0.5.0-201fc85-SNAPSHOT/ratis-server-0.5.0-201fc85-SNAPSHOT.jar:/home/user/.m2/repository/org/apache/ratis/ratis-thirdparty-misc/0.2.0/ratis-thirdparty-misc-0.2.0.jar:/home/user/.m2/repository/org/apache/ratis/ratis-proto/0.5.0-201fc85-SNAPSHOT/ratis-proto-0.5.0-201fc85-SNAPSHOT.jar:/home/user/.m2/repository/org/apache/ratis/ratis-common/0.5.0-201fc85-SNAPSHOT/ratis-common-0.5.0-201fc85-SNAPSHOT.jar:/home/user/.m2/repository/org/apache/ratis/ratis-client/0.5.0-201fc85-SNAPSHOT/ratis-client-0.5.0-201fc85-SNAPSHOT.jar:/home/user/.m2/repository/org/apache/ratis/ratis-metrics/0.5.0-201fc85-SNAPSHOT/ratis-metrics-0.5.0-201fc85-SNAPSHOT.jar:/home/user/.m2/repository/com/github/joshelser/dropwizard-metrics-hadoop-metrics2-reporter/0.1.2/dropwizard-metrics-hadoop-metrics2-reporter-0.1.2.jar:/home/user/.m2/repository/io/dropwizard/metrics/metrics-jvm/3.2.5/metrics-jvm-3.2.5.jar:/home/user/.m2/repository/io/dropwizard/metrics/metrics-ganglia/3.2.5/metrics-ganglia-3.2.5.jar:/home/user/.m2/repository/info/ganglia/gmetric4j/gmetric4j/1.0.7/gmetric4j-1.0.7.jar:/home/user/.m2/repository/org/apache/ratis/ratis-netty/0.5.0-201fc85-SNAPSHOT/ratis-netty-0.5.0-201fc85-SNAPSHOT.jar:/home/user/.m2/repository/org/apache/ratis/ratis-grpc/0.5.0-201fc85-SNAPSHOT/ratis-grpc-0.5.0-201fc85-SNAPSHOT.jar:/home/user/.m2/repository/org/rocksdb/rocksdbjni/6.0.1/rocksdbjni-6.0.1.jar:/home/user/.m2/repository/org/apache/logging/log4j/log4j-api/2.11.0/log4j-api-2.11.0.jar:/home/user/.m2/repository/org/apache/logging/log4j/log4j-core/2.11.0/log4j-core-2.11.0.jar:/home/user/.m2/repository/com/lmax/disruptor/3.4.2/disruptor-3.4.2.jar:/home/user/.m2/repository/org/apache/commons/commons-pool2/2.6.0/commons-pool2-2.6.0.jar:/home/user/.m2/repository/org/bouncycastle/bcpkix-jdk15on/1.60/bcpkix-jdk15on-1.60.jar:/home/user/.m2/repository/commons-validator/commons-validator/1.6/commons-validator-1.6.jar:/home/user/.m2/repository/commons-digester/commons-digester/1.8.1/commons-digester-1.8.1.jar:/home/user/.m2/repository/io/jaegertracing/jaeger-client/0.34.0/jaeger-client-0.34.0.jar:/home/user/.m2/repository/io/jaegertracing/jaeger-thrift/0.34.0/jaeger-thrift-0.34.0.jar:/home/user/.m2/repository/org/apache/thrift/libthrift/0.12.0/libthrift-0.12.0.jar:/home/user/.m2/repository/com/squareup/okhttp3/okhttp/3.9.0/okhttp-3.9.0.jar:/home/user/.m2/repository/com/squareup/okio/okio/1.13.0/okio-1.13.0.jar:/home/user/.m2/repository/io/jaegertracing/jaeger-core/0.34.0/jaeger-core-0.34.0.jar:/home/user/.m2/repository/io/jaegertracing/jaeger-tracerresolver/0.34.0/jaeger-tracerresolver-0.34.0.jar:/home/user/.m2/repository/io/opentracing/contrib/opentracing-tracerresolver/0.1.5/opentracing-tracerresolver-0.1.5.jar:/home/user/.m2/repository/io/opentracing/opentracing-util/0.31.0/opentracing-util-0.31.0.jar:/home/user/.m2/repository/io/opentracing/opentracing-api/0.31.0/opentracing-api-0.31.0.jar:/home/user/.m2/repository/io/opentracing/opentracing-noop/0.31.0/opentracing-noop-0.31.0.jar:/home/user/.m2/repository/org/apache/hadoop/hadoop-hdds-server-framework/0.5.0-SNAPSHOT/hadoop-hdds-server-framework-0.5.0-SNAPSHOT.jar:/home/user/.m2/repository/org/apache/hadoop/hadoop-hdds-container-service/0.5.0-SNAPSHOT/hadoop-hdds-container-service-0.5.0-SNAPSHOT.jar:/home/user/.m2/repository/org/apache/hadoop/hadoop-hdds-client/0.5.0-SNAPSHOT/hadoop-hdds-client-0.5.0-SNAPSHOT.jar:/home/user/.m2/repository/org/apache/hadoop/hadoop-hdds-tools/0.5.0-SNAPSHOT/hadoop-hdds-tools-0.5.0-SNAPSHOT.jar:/home/user/.m2/repository/org/apache/hadoop/hadoop-hdds-server-scm/0.5.0-SNAPSHOT/hadoop-hdds-server-scm-0.5.0-SNAPSHOT.jar:/home/user/.m2/repository/org/apache/hadoop/hadoop-hdds-docs/0.5.0-SNAPSHOT/hadoop-hdds-docs-0.5.0-SNAPSHOT.jar:/home/user/.m2/repository/io/dropwizard/metrics/metrics-core/3.2.4/metrics-core-3.2.4.jar:/home/user/.m2/repository/org/hamcrest/hamcrest-all/1.3/hamcrest-all-1.3.jar:/home/user/.m2/repository/org/bouncycastle/bcprov-jdk15on/1.60/bcprov-jdk15on-1.60.jar:/home/user/.m2/repository/info/picocli/picocli/3.9.6/picocli-3.9.6.jar:/home/user/.m2/repository/com/google/protobuf/protobuf-java/2.5.0/protobuf-java-2.5.0.jar:/home/user/.m2/repository/com/google/guava/guava/11.0.2/guava-11.0.2.jar:/home/user/.m2/repository/org/apache/hadoop/hadoop-ozone-ozone-manager/0.5.0-SNAPSHOT/hadoop-ozone-ozone-manager-0.5.0-SNAPSHOT.jar:/home/user/.m2/repository/org/apache/hadoop/hadoop-minikdc/3.2.0/hadoop-minikdc-3.2.0.jar:/home/user/.m2/repository/commons-io/commons-io/2.5/commons-io-2.5.jar:/home/user/.m2/repository/org/apache/kerby/kerb-simplekdc/1.0.1/kerb-simplekdc-1.0.1.jar:/home/user/.m2/repository/org/apache/kerby/kerb-client/1.0.1/kerb-client-1.0.1.jar:/home/user/.m2/repository/org/apache/kerby/kerby-config/1.0.1/kerby-config-1.0.1.jar:/home/user/.m2/repository/org/apache/kerby/kerb-core/1.0.1/kerb-core-1.0.1.jar:/home/user/.m2/repository/org/apache/kerby/kerby-pkix/1.0.1/kerby-pkix-1.0.1.jar:/home/user/.m2/repository/org/apache/kerby/kerby-asn1/1.0.1/kerby-asn1-1.0.1.jar:/home/user/.m2/repository/org/apache/kerby/kerby-util/1.0.1/kerby-util-1.0.1.jar:/home/user/.m2/repository/org/apache/kerby/kerb-common/1.0.1/kerb-common-1.0.1.jar:/home/user/.m2/repository/org/apache/kerby/kerb-crypto/1.0.1/kerb-crypto-1.0.1.jar:/home/user/.m2/repository/org/apache/kerby/kerb-util/1.0.1/kerb-util-1.0.1.jar:/home/user/.m2/repository/org/apache/kerby/token-provider/1.0.1/token-provider-1.0.1.jar:/home/user/.m2/repository/org/apache/kerby/kerb-admin/1.0.1/kerb-admin-1.0.1.jar:/home/user/.m2/repository/org/apache/kerby/kerb-server/1.0.1/kerb-server-1.0.1.jar:/home/user/.m2/repository/org/apache/kerby/kerb-identity/1.0.1/kerb-identity-1.0.1.jar:/home/user/.m2/repository/org/apache/kerby/kerby-xdr/1.0.1/kerby-xdr-1.0.1.jar:/home/user/.m2/repository/org/slf4j/slf4j-log4j12/1.7.25/slf4j-log4j12-1.7.25.jar:/home/user/.m2/repository/org/apache/hadoop/hadoop-ozone-s3gateway/0.5.0-SNAPSHOT/hadoop-ozone-s3gateway-0.5.0-SNAPSHOT.jar:/home/user/.m2/repository/org/jboss/weld/servlet/weld-servlet/2.4.7.Final/weld-servlet-2.4.7.Final.jar:/home/user/.m2/repository/org/glassfish/jersey/containers/jersey-container-servlet-core/2.27/jersey-container-servlet-core-2.27.jar:/home/user/.m2/repository/org/glassfish/hk2/external/javax.inject/2.5.0-b42/javax.inject-2.5.0-b42.jar:/home/user/.m2/repository/org/glassfish/jersey/core/jersey-common/2.27/jersey-common-2.27.jar:/home/user/.m2/repository/org/glassfish/hk2/osgi-resource-locator/1.0.1/osgi-resource-locator-1.0.1.jar:/home/user/.m2/repository/javax/ws/rs/javax.ws.rs-api/2.1/javax.ws.rs-api-2.1.jar:/home/user/.m2/repository/org/glassfish/jersey/ext/cdi/jersey-cdi1x/2.27/jersey-cdi1x-2.27.jar:/home/user/.m2/repository/org/glassfish/jersey/inject/jersey-hk2/2.27/jersey-hk2-2.27.jar:/home/user/.m2/repository/org/glassfish/hk2/hk2-locator/2.5.0-b42/hk2-locator-2.5.0-b42.jar:/home/user/.m2/repository/org/javassist/javassist/3.22.0-CR2/javassist-3.22.0-CR2.jar:/home/user/.m2/repository/org/glassfish/hk2/hk2-api/2.5.0/hk2-api-2.5.0.jar:/home/user/.m2/repository/org/glassfish/hk2/external/jakarta.inject/2.5.0/jakarta.inject-2.5.0.jar:/home/user/.m2/repository/org/glassfish/hk2/hk2-utils/2.5.0/hk2-utils-2.5.0.jar:/home/user/.m2/repository/jakarta/annotation/jakarta.annotation-api/1.3.4/jakarta.annotation-api-1.3.4.jar:/home/user/.m2/repository/org/glassfish/hk2/external/aopalliance-repackaged/2.5.0/aopalliance-repackaged-2.5.0.jar:/home/user/.m2/repository/com/fasterxml/jackson/dataformat/jackson-dataformat-xml/2.9.0/jackson-dataformat-xml-2.9.0.jar:/home/user/.m2/repository/com/fasterxml/jackson/core/jackson-core/2.9.9/jackson-core-2.9.9.jar:/home/user/.m2/repository/com/fasterxml/jackson/module/jackson-module-jaxb-annotations/2.9.9/jackson-module-jaxb-annotations-2.9.9.jar:/home/user/.m2/repository/javax/enterprise/cdi-api/1.2/cdi-api-1.2.jar:/home/user/.m2/repository/javax/el/javax.el-api/3.0.0/javax.el-api-3.0.0.jar:/home/user/.m2/repository/javax/interceptor/javax.interceptor-api/1.2/javax.interceptor-api-1.2.jar:/home/user/.m2/repository/javax/inject/javax.inject/1/javax.inject-1.jar:/home/user/.m2/repository/com/sun/xml/bind/jaxb-impl/2.3.0.1/jaxb-impl-2.3.0.1.jar:/home/user/.m2/repository/com/sun/xml/bind/jaxb-core/2.3.0.1/jaxb-core-2.3.0.1.jar:/home/user/.m2/repository/javax/xml/bind/jaxb-api/2.3.0/jaxb-api-2.3.0.jar:/home/user/.m2/repository/javax/activation/activation/1.1.1/activation-1.1.1.jar:/home/user/.m2/repository/org/apache/hadoop/hadoop-ozone-csi/0.5.0-SNAPSHOT/hadoop-ozone-csi-0.5.0-SNAPSHOT.jar:/home/user/.m2/repository/com/google/protobuf/protobuf-java-util/3.5.1/protobuf-java-util-3.5.1.jar:/home/user/.m2/repository/org/apache/hadoop/hadoop-hdds-config/0.5.0-SNAPSHOT/hadoop-hdds-config-0.5.0-SNAPSHOT.jar:/home/user/.m2/repository/io/grpc/grpc-netty/1.17.1/grpc-netty-1.17.1.jar:/home/user/.m2/repository/io/grpc/grpc-core/1.17.1/grpc-core-1.17.1.jar:/home/user/.m2/repository/io/grpc/grpc-context/1.17.1/grpc-context-1.17.1.jar:/home/user/.m2/repository/com/google/errorprone/error_prone_annotations/2.2.0/error_prone_annotations-2.2.0.jar:/home/user/.m2/repository/org/codehaus/mojo/animal-sniffer-annotations/1.17/animal-sniffer-annotations-1.17.jar:/home/user/.m2/repository/io/opencensus/opencensus-api/0.17.0/opencensus-api-0.17.0.jar:/home/user/.m2/repository/io/opencensus/opencensus-contrib-grpc-metrics/0.17.0/opencensus-contrib-grpc-metrics-0.17.0.jar:/home/user/.m2/repository/io/netty/netty-codec-http2/4.1.30.Final/netty-codec-http2-4.1.30.Final.jar:/home/user/.m2/repository/io/netty/netty-codec-http/4.1.30.Final/netty-codec-http-4.1.30.Final.jar:/home/user/.m2/repository/io/netty/netty-codec/4.1.30.Final/netty-codec-4.1.30.Final.jar:/home/user/.m2/repository/io/netty/netty-handler/4.1.30.Final/netty-handler-4.1.30.Final.jar:/home/user/.m2/repository/io/netty/netty-handler-proxy/4.1.30.Final/netty-handler-proxy-4.1.30.Final.jar:/home/user/.m2/repository/io/netty/netty-codec-socks/4.1.30.Final/netty-codec-socks-4.1.30.Final.jar:/home/user/.m2/repository/io/netty/netty-transport-native-epoll/4.1.30.Final/netty-transport-native-epoll-4.1.30.Final.jar:/home/user/.m2/repository/io/netty/netty-common/4.1.30.Final/netty-common-4.1.30.Final.jar:/home/user/.m2/repository/io/netty/netty-buffer/4.1.30.Final/netty-buffer-4.1.30.Final.jar:/home/user/.m2/repository/io/netty/netty-transport/4.1.30.Final/netty-transport-4.1.30.Final.jar:/home/user/.m2/repository/io/netty/netty-resolver/4.1.30.Final/netty-resolver-4.1.30.Final.jar:/home/user/.m2/repository/io/netty/netty-transport-native-unix-common/4.1.30.Final/netty-transport-native-unix-common-4.1.30.Final.jar:/home/user/.m2/repository/io/grpc/grpc-protobuf/1.17.1/grpc-protobuf-1.17.1.jar:/home/user/.m2/repository/com/google/api/grpc/proto-google-common-protos/1.0.0/proto-google-common-protos-1.0.0.jar:/home/user/.m2/repository/io/grpc/grpc-protobuf-lite/1.17.1/grpc-protobuf-lite-1.17.1.jar:/home/user/.m2/repository/io/grpc/grpc-stub/1.17.1/grpc-stub-1.17.1.jar:/home/user/.m2/repository/org/apache/hadoop/hadoop-ozone-recon/0.5.0-SNAPSHOT/hadoop-ozone-recon-0.5.0-SNAPSHOT.jar:/home/user/.m2/repository/org/apache/hadoop/hadoop-ozone-reconcodegen/0.5.0-SNAPSHOT/hadoop-ozone-reconcodegen-0.5.0-SNAPSHOT.jar:/home/user/.m2/repository/com/google/inject/extensions/guice-multibindings/4.0/guice-multibindings-4.0.jar:/home/user/.m2/repository/com/google/inject/guice/4.0/guice-4.0.jar:/home/user/.m2/repository/aopalliance/aopalliance/1.0/aopalliance-1.0.jar:/home/user/.m2/repository/com/google/inject/extensions/guice-servlet/4.0/guice-servlet-4.0.jar:/home/user/.m2/repository/org/glassfish/jersey/containers/jersey-container-servlet/2.27/jersey-container-servlet-2.27.jar:/home/user/.m2/repository/org/glassfish/hk2/guice-bridge/2.5.0/guice-bridge-2.5.0.jar:/home/user/.m2/repository/org/glassfish/jersey/core/jersey-server/2.27/jersey-server-2.27.jar:/home/user/.m2/repository/org/glassfish/jersey/core/jersey-client/2.27/jersey-client-2.27.jar:/home/user/.m2/repository/org/glassfish/jersey/media/jersey-media-jaxb/2.27/jersey-media-jaxb-2.27.jar:/home/user/.m2/repository/javax/validation/validation-api/1.1.0.Final/validation-api-1.1.0.Final.jar:/home/user/.m2/repository/org/glassfish/jersey/media/jersey-media-json-jackson/2.27/jersey-media-json-jackson-2.27.jar:/home/user/.m2/repository/org/glassfish/jersey/ext/jersey-entity-filtering/2.27/jersey-entity-filtering-2.27.jar:/home/user/.m2/repository/com/google/inject/extensions/guice-assistedinject/4.0/guice-assistedinject-4.0.jar:/home/user/.m2/repository/org/jooq/jooq/3.11.10/jooq-3.11.10.jar:/home/user/.m2/repository/org/jooq/jooq-meta/3.11.10/jooq-meta-3.11.10.jar:/home/user/.m2/repository/org/jooq/jooq-codegen/3.11.10/jooq-codegen-3.11.10.jar:/home/user/.m2/repository/com/jolbox/bonecp/0.8.0.RELEASE/bonecp-0.8.0.RELEASE.jar:/home/user/.m2/repository/org/xerial/sqlite-jdbc/3.25.2/sqlite-jdbc-3.25.2.jar:/home/user/.m2/repository/org/springframework/spring-jdbc/5.1.3.RELEASE/spring-jdbc-5.1.3.RELEASE.jar:/home/user/.m2/repository/org/springframework/spring-beans/5.1.3.RELEASE/spring-beans-5.1.3.RELEASE.jar:/home/user/.m2/repository/org/springframework/spring-core/5.1.3.RELEASE/spring-core-5.1.3.RELEASE.jar:/home/user/.m2/repository/org/springframework/spring-jcl/5.1.3.RELEASE/spring-jcl-5.1.3.RELEASE.jar:/home/user/.m2/repository/org/springframework/spring-tx/5.1.3.RELEASE/spring-tx-5.1.3.RELEASE.jar:/home/user/.m2/repository/org/apache/hadoop/hadoop-ozone-client/0.5.0-SNAPSHOT/hadoop-ozone-client-0.5.0-SNAPSHOT.jar:/home/user/.m2/repository/commons-lang/commons-lang/2.6/commons-lang-2.6.jar:/home/user/.m2/repository/org/apache/hadoop/hadoop-ozone-ozone-manager/0.5.0-SNAPSHOT/hadoop-ozone-ozone-manager-0.5.0-SNAPSHOT-tests.jar:/home/user/.m2/repository/junit/junit/4.11/junit-4.11.jar:/home/user/.m2/repository/org/hamcrest/hamcrest-core/1.3/hamcrest-core-1.3.jar:/home/user/.m2/repository/org/openjdk/jmh/jmh-core/1.19/jmh-core-1.19.jar:/home/user/.m2/repository/net/sf/jopt-simple/jopt-simple/4.6/jopt-simple-4.6.jar:/home/user/.m2/repository/org/apache/commons/commons-math3/3.1.1/commons-math3-3.1.1.jar:/home/user/.m2/repository/org/openjdk/jmh/jmh-generator-annprocess/1.19/jmh-generator-annprocess-1.19.jar:/home/user/.m2/repository/org/mockito/mockito-all/1.8.5/mockito-all-1.8.5.jar:/home/user/.m2/repository/org/apache/hadoop/hadoop-kms/3.2.0/hadoop-kms-3.2.0.jar:/home/user/.m2/repository/org/apache/hadoop/hadoop-auth/3.2.0/hadoop-auth-3.2.0.jar:/home/user/.m2/repository/com/nimbusds/nimbus-jose-jwt/4.41.1/nimbus-jose-jwt-4.41.1.jar:/home/user/.m2/repository/com/github/stephenc/jcip/jcip-annotations/1.0-1/jcip-annotations-1.0-1.jar:/home/user/.m2/repository/net/minidev/json-smart/2.3/json-smart-2.3.jar:/home/user/.m2/repository/net/minidev/accessors-smart/1.2/accessors-smart-1.2.jar:/home/user/.m2/repository/org/ow2/asm/asm/5.0.4/asm-5.0.4.jar:/home/user/.m2/repository/org/apache/curator/curator-framework/2.12.0/curator-framework-2.12.0.jar:/home/user/.m2/repository/com/sun/jersey/jersey-core/1.19/jersey-core-1.19.jar:/home/user/.m2/repository/javax/ws/rs/jsr311-api/1.1.1/jsr311-api-1.1.1.jar:/home/user/.m2/repository/com/sun/jersey/jersey-server/1.19/jersey-server-1.19.jar:/home/user/.m2/repository/javax/servlet/javax.servlet-api/3.1.0/javax.servlet-api-3.1.0.jar:/home/user/.m2/repository/org/eclipse/jetty/jetty-server/9.3.25.v20180904/jetty-server-9.3.25.v20180904.jar:/home/user/.m2/repository/org/eclipse/jetty/jetty-http/9.3.25.v20180904/jetty-http-9.3.25.v20180904.jar:/home/user/.m2/repository/org/eclipse/jetty/jetty-io/9.3.25.v20180904/jetty-io-9.3.25.v20180904.jar:/home/user/.m2/repository/org/eclipse/jetty/jetty-webapp/9.3.25.v20180904/jetty-webapp-9.3.25.v20180904.jar:/home/user/.m2/repository/org/eclipse/jetty/jetty-xml/9.3.25.v20180904/jetty-xml-9.3.25.v20180904.jar:/home/user/.m2/repository/log4j/log4j/1.2.17/log4j-1.2.17.jar:/home/user/.m2/repository/org/slf4j/slf4j-api/1.7.25/slf4j-api-1.7.25.jar:/home/user/.m2/repository/org/slf4j/jul-to-slf4j/1.7.25/jul-to-slf4j-1.7.25.jar:/home/user/.m2/repository/org/eclipse/jetty/jetty-util/9.3.25.v20180904/jetty-util-9.3.25.v20180904.jar:/home/user/.m2/repository/com/fasterxml/jackson/core/jackson-databind/2.9.9/jackson-databind-2.9.9.jar:/home/user/.m2/repository/org/apache/hadoop/hadoop-kms/3.2.0/hadoop-kms-3.2.0-tests.jar:/home/user/.m2/repository/org/apache/hadoop/hadoop-hdds-server-scm/0.5.0-SNAPSHOT/hadoop-hdds-server-scm-0.5.0-SNAPSHOT-tests.jar:/home/user/.m2/repository/org/apache/hadoop/hadoop-hdds-container-service/0.5.0-SNAPSHOT/hadoop-hdds-container-service-0.5.0-SNAPSHOT-tests.jar:/home/user/.m2/repository/org/yaml/snakeyaml/1.16/snakeyaml-1.16.jar:/home/user/.m2/repository/org/apache/hadoop/hadoop-common/3.2.0/hadoop-common-3.2.0-tests.jar:/home/user/.m2/repository/org/apache/hadoop/hadoop-annotations/3.2.0/hadoop-annotations-3.2.0.jar:/usr/lib/jvm/java-1.8-openjdk/jre/../lib/tools.jar:/home/user/.m2/repository/commons-cli/commons-cli/1.2/commons-cli-1.2.jar:/home/user/.m2/repository/org/apache/httpcomponents/httpclient/4.5.2/httpclient-4.5.2.jar:/home/user/.m2/repository/org/apache/httpcomponents/httpcore/4.4.4/httpcore-4.4.4.jar:/home/user/.m2/repository/commons-codec/commons-codec/1.11/commons-codec-1.11.jar:/home/user/.m2/repository/commons-net/commons-net/3.6/commons-net-3.6.jar:/home/user/.m2/repository/commons-collections/commons-collections/3.2.2/commons-collections-3.2.2.jar:/home/user/.m2/repository/org/eclipse/jetty/jetty-servlet/9.3.25.v20180904/jetty-servlet-9.3.25.v20180904.jar:/home/user/.m2/repository/org/eclipse/jetty/jetty-security/9.3.25.v20180904/jetty-security-9.3.25.v20180904.jar:/home/user/.m2/repository/javax/servlet/jsp/jsp-api/2.1/jsp-api-2.1.jar:/home/user/.m2/repository/com/sun/jersey/jersey-servlet/1.19/jersey-servlet-1.19.jar:/home/user/.m2/repository/com/sun/jersey/jersey-json/1.19/jersey-json-1.19.jar:/home/user/.m2/repository/org/codehaus/jettison/jettison/1.1/jettison-1.1.jar:/home/user/.m2/repository/org/codehaus/jackson/jackson-core-asl/1.9.13/jackson-core-asl-1.9.13.jar:/home/user/.m2/repository/org/codehaus/jackson/jackson-mapper-asl/1.9.13/jackson-mapper-asl-1.9.13.jar:/home/user/.m2/repository/org/codehaus/jackson/jackson-jaxrs/1.9.13/jackson-jaxrs-1.9.13.jar:/home/user/.m2/repository/org/codehaus/jackson/jackson-xc/1.9.13/jackson-xc-1.9.13.jar:/home/user/.m2/repository/commons-logging/commons-logging/1.1.3/commons-logging-1.1.3.jar:/home/user/.m2/repository/commons-beanutils/commons-beanutils/1.9.4/commons-beanutils-1.9.4.jar:/home/user/.m2/repository/org/apache/commons/commons-configuration2/2.1.1/commons-configuration2-2.1.1.jar:/home/user/.m2/repository/org/apache/commons/commons-lang3/3.7/commons-lang3-3.7.jar:/home/user/.m2/repository/org/apache/commons/commons-text/1.4/commons-text-1.4.jar:/home/user/.m2/repository/org/apache/avro/avro/1.7.7/avro-1.7.7.jar:/home/user/.m2/repository/com/thoughtworks/paranamer/paranamer/2.3/paranamer-2.3.jar:/home/user/.m2/repository/org/xerial/snappy/snappy-java/1.0.5/snappy-java-1.0.5.jar:/home/user/.m2/repository/com/google/re2j/re2j/1.1/re2j-1.1.jar:/home/user/.m2/repository/com/google/code/gson/gson/2.2.4/gson-2.2.4.jar:/home/user/.m2/repository/com/jcraft/jsch/0.1.54/jsch-0.1.54.jar:/home/user/.m2/repository/org/apache/curator/curator-client/2.12.0/curator-client-2.12.0.jar:/home/user/.m2/repository/org/apache/curator/curator-recipes/2.12.0/curator-recipes-2.12.0.jar:/home/user/.m2/repository/com/google/code/findbugs/jsr305/3.0.0/jsr305-3.0.0.jar:/home/user/.m2/repository/org/apache/htrace/htrace-core4/4.1.0-incubating/htrace-core4-4.1.0-incubating.jar:/home/user/.m2/repository/org/apache/zookeeper/zookeeper/3.4.13/zookeeper-3.4.13.jar:/home/user/.m2/repository/jline/jline/0.9.94/jline-0.9.94.jar:/home/user/.m2/repository/org/apache/yetus/audience-annotations/0.5.0/audience-annotations-0.5.0.jar:/home/user/.m2/repository/org/codehaus/woodstox/stax2-api/3.1.4/stax2-api-3.1.4.jar:/home/user/.m2/repository/com/fasterxml/woodstox/woodstox-core/5.0.3/woodstox-core-5.0.3.jar:/home/user/.m2/repository/dnsjava/dnsjava/2.1.7/dnsjava-2.1.7.jar:/home/user/.m2/repository/org/apache/hadoop/hadoop-hdfs/3.2.0/hadoop-hdfs-3.2.0-tests.jar:/home/user/.m2/repository/org/eclipse/jetty/jetty-util-ajax/9.3.25.v20180904/jetty-util-ajax-9.3.25.v20180904.jar:/home/user/.m2/repository/commons-daemon/commons-daemon/1.0.13/commons-daemon-1.0.13.jar:/home/user/.m2/repository/io/netty/netty/3.10.5.Final/netty-3.10.5.Final.jar:/home/user/.m2/repository/io/netty/netty-all/4.0.52.Final/netty-all-4.0.52.Final.jar:/home/user/.m2/repository/org/fusesource/leveldbjni/leveldbjni-all/1.8/leveldbjni-all-1.8.jar:"/>
    <property name="sun.cpu.endian" value="little"/>
    <property name="user.home" value="/home/user"/>
    <property name="user.language" value="en"/>
    <property name="java.specification.vendor" value="Oracle Corporation"/>
    <property name="java.home" value="/usr/lib/jvm/java-1.8-openjdk/jre"/>
    <property name="java.security.krb5.conf" value="/workdir/hadoop-ozone/integration-test/target/test-classes/krb5.conf"/>
    <property name="basedir" value="/workdir/hadoop-ozone/integration-test"/>
    <property name="file.separator" value="/"/>
    <property name="line.separator" value="&#10;"/>
    <property name="java.vm.specification.vendor" value="Oracle Corporation"/>
    <property name="java.specification.name" value="Java Platform API Specification"/>
    <property name="java.awt.graphicsenv" value="sun.awt.X11GraphicsEnvironment"/>
    <property name="surefire.real.class.path" value="/workdir/hadoop-ozone/integration-test/target/surefire/surefirebooter4122536024462607775.jar"/>
    <property name="hadoop.log.dir" value="/workdir/hadoop-ozone/integration-test/target/log"/>
    <property name="sun.boot.class.path" value="/usr/lib/jvm/java-1.8-openjdk/jre/lib/resources.jar:/usr/lib/jvm/java-1.8-openjdk/jre/lib/rt.jar:/usr/lib/jvm/java-1.8-openjdk/jre/lib/sunrsasign.jar:/usr/lib/jvm/java-1.8-openjdk/jre/lib/jsse.jar:/usr/lib/jvm/java-1.8-openjdk/jre/lib/jce.jar:/usr/lib/jvm/java-1.8-openjdk/jre/lib/charsets.jar:/usr/lib/jvm/java-1.8-openjdk/jre/lib/jfr.jar:/usr/lib/jvm/java-1.8-openjdk/jre/classes"/>
    <property name="sun.management.compiler" value="HotSpot 64-Bit Tiered Compilers"/>
    <property name="java.runtime.version" value="1.8.0_212-b04"/>
    <property name="java.net.preferIPv4Stack" value="true"/>
    <property name="user.name" value="jenkins1000"/>
    <property name="path.separator" value=":"/>
    <property name="java.security.egd" value="file:///dev/urandom"/>
    <property name="os.version" value="3.10.0-957.12.2.el7.x86_64"/>
    <property name="java.endorsed.dirs" value="/usr/lib/jvm/java-1.8-openjdk/jre/lib/endorsed"/>
    <property name="java.runtime.name" value="OpenJDK Runtime Environment"/>
    <property name="file.encoding" value="UTF-8"/>
    <property name="java.vm.name" value="OpenJDK 64-Bit Server VM"/>
    <property name="test.build.webapps" value=""/>
    <property name="localRepository" value="/home/user/.m2/repository"/>
    <property name="java.vendor.url.bug" value="https://icedtea.classpath.org/bugzilla"/>
    <property name="java.io.tmpdir" value="/tmp"/>
    <property name="require.test.libhadoop" value=""/>
    <property name="java.version" value="1.8.0_212"/>
    <property name="user.dir" value="/workdir/hadoop-ozone/integration-test"/>
    <property name="os.arch" value="amd64"/>
    <property name="java.vm.specification.name" value="Java Virtual Machine Specification"/>
    <property name="test.build.classes" value="/workdir/hadoop-ozone/integration-test/target/test-classes"/>
    <property name="java.awt.printerjob" value="sun.print.PSPrinterJob"/>
    <property name="sun.os.patch.level" value="unknown"/>
    <property name="hadoop.tmp.dir" value="/workdir/hadoop-ozone/integration-test/target/tmp"/>
    <property name="java.library.path" value="/usr/lib/jvm/java-1.8-openjdk/jre/lib/amd64/server:/usr/lib/jvm/java-1.8-openjdk/jre/lib/amd64:/usr/lib/jvm/java-1.8-openjdk/jre/../lib/amd64:/workdir/hadoop-ozone/integration-test/target/native/target/usr/local/lib:/workdir/hadoop-ozone/integration-test/../../hadoop-common-project/hadoop-common/target/native/target/usr/local/lib:/usr/java/packages/lib/amd64:/usr/lib64:/lib64:/lib:/usr/lib"/>
    <property name="java.vm.info" value="mixed mode"/>
    <property name="java.vendor" value="IcedTea"/>
    <property name="java.vm.version" value="25.212-b04"/>
    <property name="java.ext.dirs" value="/usr/lib/jvm/java-1.8-openjdk/jre/lib/ext:/usr/java/packages/lib/ext"/>
    <property name="sun.io.unicode.encoding" value="UnicodeLittle"/>
    <property name="java.class.version" value="52.0"/>
  </properties>
  <testcase name="testWatchForCommitWithKeyWrite" classname="org.apache.hadoop.ozone.client.rpc.TestWatchForCommit" time="80.907"/>
  <testcase name="testWatchForCommitWithSmallerTimeoutValue" classname="org.apache.hadoop.ozone.client.rpc.TestWatchForCommit" time="52.788"/>
  <testcase name="testWatchForCommitForRetryfailure" classname="org.apache.hadoop.ozone.client.rpc.TestWatchForCommit" time="68.291">
    <failure type="java.lang.AssertionError">java.lang.AssertionError
	at org.junit.Assert.fail(Assert.java:86)
	at org.junit.Assert.assertTrue(Assert.java:41)
	at org.junit.Assert.assertTrue(Assert.java:52)
	at org.apache.hadoop.ozone.client.rpc.TestWatchForCommit.testWatchForCommitForRetryfailure(TestWatchForCommit.java:348)
	at sun.reflect.NativeMethodAccessorImpl.invoke0(Native Method)
	at sun.reflect.NativeMethodAccessorImpl.invoke(NativeMethodAccessorImpl.java:62)
	at sun.reflect.DelegatingMethodAccessorImpl.invoke(DelegatingMethodAccessorImpl.java:43)
	at java.lang.reflect.Method.invoke(Method.java:498)
	at org.junit.runners.model.FrameworkMethod$1.runReflectiveCall(FrameworkMethod.java:47)
	at org.junit.internal.runners.model.ReflectiveCallable.run(ReflectiveCallable.java:12)
	at org.junit.runners.model.FrameworkMethod.invokeExplosively(FrameworkMethod.java:44)
	at org.junit.internal.runners.statements.InvokeMethod.evaluate(InvokeMethod.java:17)
	at org.junit.runners.ParentRunner.runLeaf(ParentRunner.java:271)
	at org.junit.runners.BlockJUnit4ClassRunner.runChild(BlockJUnit4ClassRunner.java:70)
	at org.junit.runners.BlockJUnit4ClassRunner.runChild(BlockJUnit4ClassRunner.java:50)
	at org.junit.runners.ParentRunner$3.run(ParentRunner.java:238)
	at org.junit.runners.ParentRunner$1.schedule(ParentRunner.java:63)
	at org.junit.runners.ParentRunner.runChildren(ParentRunner.java:236)
	at org.junit.runners.ParentRunner.access$000(ParentRunner.java:53)
	at org.junit.runners.ParentRunner$2.evaluate(ParentRunner.java:229)
	at org.junit.runners.ParentRunner.run(ParentRunner.java:309)
	at org.apache.maven.surefire.junit4.JUnit4Provider.execute(JUnit4Provider.java:365)
	at org.apache.maven.surefire.junit4.JUnit4Provider.executeWithRerun(JUnit4Provider.java:273)
	at org.apache.maven.surefire.junit4.JUnit4Provider.executeTestSet(JUnit4Provider.java:238)
	at org.apache.maven.surefire.junit4.JUnit4Provider.invoke(JUnit4Provider.java:159)
	at org.apache.maven.surefire.booter.ForkedBooter.invokeProviderInSameClassLoader(ForkedBooter.java:384)
	at org.apache.maven.surefire.booter.ForkedBooter.runSuitesInProcess(ForkedBooter.java:345)
	at org.apache.maven.surefire.booter.ForkedBooter.execute(ForkedBooter.java:126)
	at org.apache.maven.surefire.booter.ForkedBooter.main(ForkedBooter.java:418)
</failure>
    <system-out><![CDATA[2019-10-07 10:51:49,118 [main] WARN  server.ServerUtils (ServerUtils.java:getScmDbDir(145)) - ozone.scm.db.dirs is not configured. We recommend adding this setting. Falling back to ozone.metadata.dirs instead.
2019-10-07 10:51:49,134 [main] WARN  server.ServerUtils (ServerUtils.java:getScmDbDir(145)) - ozone.scm.db.dirs is not configured. We recommend adding this setting. Falling back to ozone.metadata.dirs instead.
2019-10-07 10:51:49,135 [main] WARN  server.ServerUtils (ServerUtils.java:getScmDbDir(145)) - ozone.scm.db.dirs is not configured. We recommend adding this setting. Falling back to ozone.metadata.dirs instead.
2019-10-07 10:51:49,135 [main] INFO  db.DBStoreBuilder (DBStoreBuilder.java:addTable(117)) - using custom profile for table: deletedBlocks
2019-10-07 10:51:49,136 [main] INFO  db.DBStoreBuilder (DBStoreBuilder.java:processTables(168)) - Using default column profile:DBProfile.DISK for Table:deletedBlocks
2019-10-07 10:51:49,136 [main] INFO  db.DBStoreBuilder (DBStoreBuilder.java:addTable(117)) - using custom profile for table: validCerts
2019-10-07 10:51:49,136 [main] INFO  db.DBStoreBuilder (DBStoreBuilder.java:processTables(168)) - Using default column profile:DBProfile.DISK for Table:validCerts
2019-10-07 10:51:49,136 [main] INFO  db.DBStoreBuilder (DBStoreBuilder.java:addTable(117)) - using custom profile for table: revokedCerts
2019-10-07 10:51:49,137 [main] INFO  db.DBStoreBuilder (DBStoreBuilder.java:processTables(168)) - Using default column profile:DBProfile.DISK for Table:revokedCerts
2019-10-07 10:51:49,137 [main] INFO  db.DBStoreBuilder (DBStoreBuilder.java:addTable(117)) - using custom profile for table: default
2019-10-07 10:51:49,137 [main] INFO  db.DBStoreBuilder (DBStoreBuilder.java:processTables(174)) - Using default column profile:DBProfile.DISK for Table:default
2019-10-07 10:51:49,137 [main] INFO  db.DBStoreBuilder (DBStoreBuilder.java:getDbProfile(205)) - Using default options. DBProfile.DISK
2019-10-07 10:51:49,290 [main] INFO  net.NodeSchemaLoader (NodeSchemaLoader.java:loadSchemaFromFile(125)) - Loading file from sun.misc.CompoundEnumeration@2fd72332
2019-10-07 10:51:49,291 [main] INFO  net.NodeSchemaLoader (NodeSchemaLoader.java:loadSchema(171)) - Loading network topology layer schema file
2019-10-07 10:51:49,295 [main] WARN  server.ServerUtils (ServerUtils.java:sanitizeUserArgs(70)) - ozone.scm.stale.node.interval value = 300000 is larger than max = 100000 based on the key value of ozone.scm.heartbeat.thread.interval, reset to the max value 100000.
2019-10-07 10:51:49,295 [main] WARN  server.ServerUtils (ServerUtils.java:sanitizeUserArgs(70)) - ozone.scm.stale.node.interval value = 300000 is larger than max = 100000 based on the key value of ozone.scm.heartbeat.thread.interval, reset to the max value 100000.
2019-10-07 10:51:49,296 [main] INFO  node.SCMNodeManager (SCMNodeManager.java:<init>(116)) - Entering startup safe mode.
2019-10-07 10:51:49,297 [main] INFO  algorithms.ContainerPlacementPolicyFactory (ContainerPlacementPolicyFactory.java:getPolicy(57)) - Create container placement policy of type org.apache.hadoop.hdds.scm.container.placement.algorithms.SCMContainerPlacementRandom
2019-10-07 10:51:49,297 [main] WARN  server.ServerUtils (ServerUtils.java:getScmDbDir(145)) - ozone.scm.db.dirs is not configured. We recommend adding this setting. Falling back to ozone.metadata.dirs instead.
2019-10-07 10:51:49,346 [main] INFO  pipeline.SCMPipelineManager (SCMPipelineManager.java:initializePipelineState(132)) - No pipeline exists in current db
2019-10-07 10:51:49,347 [main] WARN  server.ServerUtils (ServerUtils.java:getScmDbDir(145)) - ozone.scm.db.dirs is not configured. We recommend adding this setting. Falling back to ozone.metadata.dirs instead.
2019-10-07 10:51:49,398 [main] WARN  events.EventQueue (EventQueue.java:fireEvent(183)) - No event handler registered for event TypedEvent{payloadType=SafeModeStatus, name='SafeModeStatus'}
2019-10-07 10:51:49,399 [main] INFO  ipc.CallQueueManager (CallQueueManager.java:<init>(84)) - Using callQueue: class java.util.concurrent.LinkedBlockingQueue, queueCapacity: 2000, scheduler: class org.apache.hadoop.ipc.DefaultRpcScheduler, ipcBackoff: false.
2019-10-07 10:51:49,400 [Socket Reader #1 for port 38578] INFO  ipc.Server (Server.java:run(1074)) - Starting Socket Reader #1 for port 38578
2019-10-07 10:51:49,402 [main] INFO  ipc.CallQueueManager (CallQueueManager.java:<init>(84)) - Using callQueue: class java.util.concurrent.LinkedBlockingQueue, queueCapacity: 2000, scheduler: class org.apache.hadoop.ipc.DefaultRpcScheduler, ipcBackoff: false.
2019-10-07 10:51:49,403 [Socket Reader #1 for port 36833] INFO  ipc.Server (Server.java:run(1074)) - Starting Socket Reader #1 for port 36833
2019-10-07 10:51:49,405 [main] INFO  ipc.CallQueueManager (CallQueueManager.java:<init>(84)) - Using callQueue: class java.util.concurrent.LinkedBlockingQueue, queueCapacity: 2000, scheduler: class org.apache.hadoop.ipc.DefaultRpcScheduler, ipcBackoff: false.
2019-10-07 10:51:49,406 [Socket Reader #1 for port 40993] INFO  ipc.Server (Server.java:run(1074)) - Starting Socket Reader #1 for port 40993
2019-10-07 10:51:49,410 [main] INFO  hdfs.DFSUtil (DFSUtil.java:httpServerTemplateForNNAndJN(1641)) - Starting Web-server for scm at: http://0.0.0.0:0
2019-10-07 10:51:49,412 [main] INFO  server.AuthenticationFilter (AuthenticationFilter.java:constructSecretProvider(240)) - Unable to initialize FileSignerSecretProvider, falling back to use random secrets.
2019-10-07 10:51:49,413 [main] WARN  http.HttpRequestLog (HttpRequestLog.java:getRequestLog(97)) - Jetty request log can only be enabled using Log4j
2019-10-07 10:51:49,416 [main] INFO  http.HttpServer2 (HttpServer2.java:addGlobalFilter(975)) - Added global filter 'safety' (class=org.apache.hadoop.http.HttpServer2$QuotingInputFilter)
2019-10-07 10:51:49,417 [main] INFO  http.HttpServer2 (HttpServer2.java:addFilter(948)) - Added filter static_user_filter (class=org.apache.hadoop.http.lib.StaticUserWebFilter$StaticUserFilter) to context scm
2019-10-07 10:51:49,417 [main] INFO  http.HttpServer2 (HttpServer2.java:addFilter(958)) - Added filter static_user_filter (class=org.apache.hadoop.http.lib.StaticUserWebFilter$StaticUserFilter) to context static
2019-10-07 10:51:49,417 [main] INFO  http.HttpServer2 (HttpServer2.java:addFilter(958)) - Added filter static_user_filter (class=org.apache.hadoop.http.lib.StaticUserWebFilter$StaticUserFilter) to context logs
2019-10-07 10:51:49,420 [main] INFO  server.StorageContainerManager (StorageContainerManager.java:start(770)) - StorageContainerLocationProtocol RPC server is listening at /0.0.0.0:40993
2019-10-07 10:51:49,423 [main] WARN  impl.MetricsConfig (MetricsConfig.java:loadFirst(134)) - Cannot locate configuration: tried hadoop-metrics2-storagecontainermanager.properties,hadoop-metrics2.properties
2019-10-07 10:51:49,424 [main] INFO  impl.MetricsSystemImpl (MetricsSystemImpl.java:startTimer(374)) - Scheduled Metric snapshot period at 10 second(s).
2019-10-07 10:51:49,425 [main] INFO  impl.MetricsSystemImpl (MetricsSystemImpl.java:start(191)) - StorageContainerManager metrics system started
2019-10-07 10:51:49,449 [main] INFO  lib.Interns (Interns.java:removeEldestEntry(50)) - Metrics intern cache overflow at 2011 for MetricsSystem={MetricsSystem=MetricsInfoImpl{name=MetricsSystem, description=MetricsSystem}, MetricsSystem record=MetricsInfoImpl{name=MetricsSystem, description=MetricsSystem record}}
2019-10-07 10:51:49,476 [main] WARN  impl.MetricsSystemImpl (MetricsSystemImpl.java:register(276)) - Sink prometheus already exists!
2019-10-07 10:51:49,525 [main] INFO  server.SCMClientProtocolServer (SCMClientProtocolServer.java:start(159)) - RPC server for Client  is listening at /0.0.0.0:40993
2019-10-07 10:51:49,526 [IPC Server Responder] INFO  ipc.Server (Server.java:run(1314)) - IPC Server Responder: starting
2019-10-07 10:51:49,526 [IPC Server listener on 40993] INFO  ipc.Server (Server.java:run(1153)) - IPC Server listener on 40993: starting
2019-10-07 10:51:49,530 [main] INFO  server.StorageContainerManager (StorageContainerManager.java:start(780)) - ScmBlockLocationProtocol RPC server is listening at /0.0.0.0:36833
2019-10-07 10:51:49,531 [main] INFO  server.SCMBlockProtocolServer (SCMBlockProtocolServer.java:start(146)) - RPC server for Block Protocol is listening at /0.0.0.0:36833
2019-10-07 10:51:49,531 [IPC Server Responder] INFO  ipc.Server (Server.java:run(1314)) - IPC Server Responder: starting
2019-10-07 10:51:49,531 [IPC Server listener on 36833] INFO  ipc.Server (Server.java:run(1153)) - IPC Server listener on 36833: starting
2019-10-07 10:51:49,536 [main] INFO  server.StorageContainerManager (StorageContainerManager.java:start(784)) - ScmDatanodeProtocl RPC server is listening at /0.0.0.0:38578
2019-10-07 10:51:49,536 [main] INFO  server.SCMDatanodeProtocolServer (SCMDatanodeProtocolServer.java:start(169)) - RPC server for DataNodes is listening at /0.0.0.0:38578
2019-10-07 10:51:49,536 [IPC Server Responder] INFO  ipc.Server (Server.java:run(1314)) - IPC Server Responder: starting
2019-10-07 10:51:49,537 [IPC Server listener on 38578] INFO  ipc.Server (Server.java:run(1153)) - IPC Server listener on 38578: starting
2019-10-07 10:51:49,541 [main] INFO  http.HttpServer2 (HttpServer2.java:bindListener(1191)) - Jetty bound to port 38074
2019-10-07 10:51:49,541 [main] INFO  server.Server (Server.java:doStart(351)) - jetty-9.3.25.v20180904, build timestamp: 2018-09-04T21:11:46Z, git hash: 3ce520221d0240229c862b122d2b06c12a625732
2019-10-07 10:51:49,543 [main] INFO  handler.ContextHandler (ContextHandler.java:doStart(781)) - Started o.e.j.s.ServletContextHandler@e09f1b6{/logs,file:///workdir/hadoop-ozone/integration-test/target/log,AVAILABLE}
2019-10-07 10:51:49,544 [main] INFO  handler.ContextHandler (ContextHandler.java:doStart(781)) - Started o.e.j.s.ServletContextHandler@11b32a14{/static,file:///workdir/hadoop-ozone/integration-test/target/test-classes/webapps/static,AVAILABLE}
2019-10-07 10:51:49,549 [main] INFO  handler.ContextHandler (ContextHandler.java:doStart(781)) - Started o.e.j.w.WebAppContext@1dad01fe{/,file:///workdir/hadoop-ozone/integration-test/target/test-classes/webapps/scm/,AVAILABLE}{/scm}
2019-10-07 10:51:49,549 [main] INFO  server.AbstractConnector (AbstractConnector.java:doStart(278)) - Started ServerConnector@3728a578{HTTP/1.1,[http/1.1]}{0.0.0.0:38074}
2019-10-07 10:51:49,550 [main] INFO  server.Server (Server.java:doStart(419)) - Started @134513ms
2019-10-07 10:51:49,551 [main] WARN  impl.MetricsSystemImpl (MetricsSystemImpl.java:register(276)) - Sink prometheus already exists!
2019-10-07 10:51:49,551 [main] INFO  server.BaseHttpServer (BaseHttpServer.java:updateConnectorAddress(215)) - HTTP server of SCM is listening at http://0.0.0.0:38074
2019-10-07 10:51:49,552 [main] WARN  server.ServerUtils (ServerUtils.java:getDBPath(222)) - ozone.om.db.dirs is not configured. We recommend adding this setting. Falling back to ozone.metadata.dirs instead.
2019-10-07 10:51:49,552 [org.apache.hadoop.util.JvmPauseMonitor$Monitor@1de0641b] INFO  util.JvmPauseMonitor (JvmPauseMonitor.java:run(188)) - Starting JVM pause monitor
2019-10-07 10:51:49,566 [main] INFO  ha.OMHANodeDetails (OMHANodeDetails.java:loadOMHAConfig(190)) - Configuration either no ozone.om.address set. Falling back to the default OM address /127.0.0.1:0
2019-10-07 10:51:49,566 [main] INFO  ha.OMHANodeDetails (OMHANodeDetails.java:getOMNodeDetails(220)) - OM Service ID is not set. Setting it to the default ID: omServiceIdDefault
2019-10-07 10:51:49,567 [main] WARN  server.ServerUtils (ServerUtils.java:getDBPath(222)) - ozone.om.db.dirs is not configured. We recommend adding this setting. Falling back to ozone.metadata.dirs instead.
2019-10-07 10:51:49,567 [main] WARN  server.ServerUtils (ServerUtils.java:getDBPath(222)) - ozone.om.db.dirs is not configured. We recommend adding this setting. Falling back to ozone.metadata.dirs instead.
2019-10-07 10:51:49,575 [main] WARN  server.ServerUtils (ServerUtils.java:getDBPath(222)) - ozone.om.db.dirs is not configured. We recommend adding this setting. Falling back to ozone.metadata.dirs instead.
2019-10-07 10:51:49,576 [main] INFO  db.DBStoreBuilder (DBStoreBuilder.java:addTable(117)) - using custom profile for table: userTable
2019-10-07 10:51:49,576 [main] INFO  db.DBStoreBuilder (DBStoreBuilder.java:processTables(168)) - Using default column profile:DBProfile.DISK for Table:userTable
2019-10-07 10:51:49,576 [main] INFO  db.DBStoreBuilder (DBStoreBuilder.java:addTable(117)) - using custom profile for table: volumeTable
2019-10-07 10:51:49,577 [main] INFO  db.DBStoreBuilder (DBStoreBuilder.java:processTables(168)) - Using default column profile:DBProfile.DISK for Table:volumeTable
2019-10-07 10:51:49,577 [main] INFO  db.DBStoreBuilder (DBStoreBuilder.java:addTable(117)) - using custom profile for table: bucketTable
2019-10-07 10:51:49,577 [main] INFO  db.DBStoreBuilder (DBStoreBuilder.java:processTables(168)) - Using default column profile:DBProfile.DISK for Table:bucketTable
2019-10-07 10:51:49,577 [main] INFO  db.DBStoreBuilder (DBStoreBuilder.java:addTable(117)) - using custom profile for table: keyTable
2019-10-07 10:51:49,578 [main] INFO  db.DBStoreBuilder (DBStoreBuilder.java:processTables(168)) - Using default column profile:DBProfile.DISK for Table:keyTable
2019-10-07 10:51:49,578 [main] INFO  db.DBStoreBuilder (DBStoreBuilder.java:addTable(117)) - using custom profile for table: deletedTable
2019-10-07 10:51:49,578 [main] INFO  db.DBStoreBuilder (DBStoreBuilder.java:processTables(168)) - Using default column profile:DBProfile.DISK for Table:deletedTable
2019-10-07 10:51:49,578 [main] INFO  db.DBStoreBuilder (DBStoreBuilder.java:addTable(117)) - using custom profile for table: openKeyTable
2019-10-07 10:51:49,578 [main] INFO  db.DBStoreBuilder (DBStoreBuilder.java:processTables(168)) - Using default column profile:DBProfile.DISK for Table:openKeyTable
2019-10-07 10:51:49,579 [main] INFO  db.DBStoreBuilder (DBStoreBuilder.java:addTable(117)) - using custom profile for table: s3Table
2019-10-07 10:51:49,579 [main] INFO  db.DBStoreBuilder (DBStoreBuilder.java:processTables(168)) - Using default column profile:DBProfile.DISK for Table:s3Table
2019-10-07 10:51:49,579 [main] INFO  db.DBStoreBuilder (DBStoreBuilder.java:addTable(117)) - using custom profile for table: multipartInfoTable
2019-10-07 10:51:49,579 [main] INFO  db.DBStoreBuilder (DBStoreBuilder.java:processTables(168)) - Using default column profile:DBProfile.DISK for Table:multipartInfoTable
2019-10-07 10:51:49,580 [main] INFO  db.DBStoreBuilder (DBStoreBuilder.java:addTable(117)) - using custom profile for table: dTokenTable
2019-10-07 10:51:49,580 [main] INFO  db.DBStoreBuilder (DBStoreBuilder.java:processTables(168)) - Using default column profile:DBProfile.DISK for Table:dTokenTable
2019-10-07 10:51:49,580 [main] INFO  db.DBStoreBuilder (DBStoreBuilder.java:addTable(117)) - using custom profile for table: s3SecretTable
2019-10-07 10:51:49,580 [main] INFO  db.DBStoreBuilder (DBStoreBuilder.java:processTables(168)) - Using default column profile:DBProfile.DISK for Table:s3SecretTable
2019-10-07 10:51:49,581 [main] INFO  db.DBStoreBuilder (DBStoreBuilder.java:addTable(117)) - using custom profile for table: prefixTable
2019-10-07 10:51:49,581 [main] INFO  db.DBStoreBuilder (DBStoreBuilder.java:processTables(168)) - Using default column profile:DBProfile.DISK for Table:prefixTable
2019-10-07 10:51:49,581 [main] INFO  db.DBStoreBuilder (DBStoreBuilder.java:addTable(117)) - using custom profile for table: default
2019-10-07 10:51:49,581 [main] INFO  db.DBStoreBuilder (DBStoreBuilder.java:processTables(174)) - Using default column profile:DBProfile.DISK for Table:default
2019-10-07 10:51:49,582 [main] INFO  db.DBStoreBuilder (DBStoreBuilder.java:getDbProfile(205)) - Using default options. DBProfile.DISK
2019-10-07 10:51:50,073 [main] INFO  ipc.CallQueueManager (CallQueueManager.java:<init>(84)) - Using callQueue: class java.util.concurrent.LinkedBlockingQueue, queueCapacity: 2000, scheduler: class org.apache.hadoop.ipc.DefaultRpcScheduler, ipcBackoff: false.
2019-10-07 10:51:50,074 [Socket Reader #1 for port 36030] INFO  ipc.Server (Server.java:run(1074)) - Starting Socket Reader #1 for port 36030
2019-10-07 10:51:50,094 [main] INFO  om.OzoneManager (OzoneManager.java:start(1069)) - OzoneManager RPC server is listening at localhost/127.0.0.1:36030
2019-10-07 10:51:50,094 [main] INFO  impl.MetricsSystemImpl (MetricsSystemImpl.java:init(158)) - OzoneManager metrics system started (again)
2019-10-07 10:51:50,096 [IPC Server Responder] INFO  ipc.Server (Server.java:run(1314)) - IPC Server Responder: starting
2019-10-07 10:51:50,097 [IPC Server listener on 36030] INFO  ipc.Server (Server.java:run(1153)) - IPC Server listener on 36030: starting
2019-10-07 10:51:50,103 [main] INFO  hdfs.DFSUtil (DFSUtil.java:httpServerTemplateForNNAndJN(1641)) - Starting Web-server for ozoneManager at: http://0.0.0.0:0
2019-10-07 10:51:50,104 [main] INFO  server.AuthenticationFilter (AuthenticationFilter.java:constructSecretProvider(240)) - Unable to initialize FileSignerSecretProvider, falling back to use random secrets.
2019-10-07 10:51:50,105 [main] WARN  http.HttpRequestLog (HttpRequestLog.java:getRequestLog(97)) - Jetty request log can only be enabled using Log4j
2019-10-07 10:51:50,107 [main] INFO  http.HttpServer2 (HttpServer2.java:addGlobalFilter(975)) - Added global filter 'safety' (class=org.apache.hadoop.http.HttpServer2$QuotingInputFilter)
2019-10-07 10:51:50,108 [main] INFO  http.HttpServer2 (HttpServer2.java:addFilter(948)) - Added filter static_user_filter (class=org.apache.hadoop.http.lib.StaticUserWebFilter$StaticUserFilter) to context ozoneManager
2019-10-07 10:51:50,108 [main] INFO  http.HttpServer2 (HttpServer2.java:addFilter(958)) - Added filter static_user_filter (class=org.apache.hadoop.http.lib.StaticUserWebFilter$StaticUserFilter) to context logs
2019-10-07 10:51:50,108 [main] INFO  http.HttpServer2 (HttpServer2.java:addFilter(958)) - Added filter static_user_filter (class=org.apache.hadoop.http.lib.StaticUserWebFilter$StaticUserFilter) to context static
2019-10-07 10:51:50,109 [main] INFO  http.HttpServer2 (HttpServer2.java:bindListener(1191)) - Jetty bound to port 41550
2019-10-07 10:51:50,109 [main] INFO  server.Server (Server.java:doStart(351)) - jetty-9.3.25.v20180904, build timestamp: 2018-09-04T21:11:46Z, git hash: 3ce520221d0240229c862b122d2b06c12a625732
2019-10-07 10:51:50,111 [main] INFO  handler.ContextHandler (ContextHandler.java:doStart(781)) - Started o.e.j.s.ServletContextHandler@fd09e43{/logs,file:///workdir/hadoop-ozone/integration-test/target/log,AVAILABLE}
2019-10-07 10:51:50,112 [main] INFO  handler.ContextHandler (ContextHandler.java:doStart(781)) - Started o.e.j.s.ServletContextHandler@7ebe2e47{/static,file:///workdir/hadoop-ozone/integration-test/target/test-classes/webapps/static,AVAILABLE}
2019-10-07 10:51:50,117 [main] INFO  handler.ContextHandler (ContextHandler.java:doStart(781)) - Started o.e.j.w.WebAppContext@77d381e6{/,file:///workdir/hadoop-ozone/integration-test/target/test-classes/webapps/ozoneManager/,AVAILABLE}{/ozoneManager}
2019-10-07 10:51:50,117 [main] INFO  server.AbstractConnector (AbstractConnector.java:doStart(278)) - Started ServerConnector@2272cbb0{HTTP/1.1,[http/1.1]}{0.0.0.0:41550}
2019-10-07 10:51:50,118 [main] INFO  server.Server (Server.java:doStart(419)) - Started @135081ms
2019-10-07 10:51:50,119 [main] WARN  impl.MetricsSystemImpl (MetricsSystemImpl.java:register(276)) - Sink prometheus already exists!
2019-10-07 10:51:50,119 [main] INFO  server.BaseHttpServer (BaseHttpServer.java:updateConnectorAddress(215)) - HTTP server of OZONEMANAGER is listening at http://0.0.0.0:41550
2019-10-07 10:51:50,144 [main] INFO  impl.MetricsSystemImpl (MetricsSystemImpl.java:init(158)) - HddsDatanode metrics system started (again)
2019-10-07 10:51:50,148 [main] INFO  ozone.HddsDatanodeService (HddsDatanodeService.java:start(184)) - HddsDatanodeService host:pr-hdds-2238-6jxtw-691721237 ip:192.168.5.148
2019-10-07 10:51:50,155 [main] INFO  volume.HddsVolume (HddsVolume.java:<init>(176)) - Creating Volume: /workdir/hadoop-ozone/integration-test/target/test-dir/MiniOzoneClusterImpl-2b840c3e-75e3-4038-9799-12e6f62700d9/datanode-0/data/containers/hdds of  storage type : DISK and capacity : 1482555576320
2019-10-07 10:51:50,155 [main] INFO  volume.VolumeSet (VolumeSet.java:initializeVolumeSet(170)) - Added Volume : /workdir/hadoop-ozone/integration-test/target/test-dir/MiniOzoneClusterImpl-2b840c3e-75e3-4038-9799-12e6f62700d9/datanode-0/data/containers/hdds to VolumeSet
2019-10-07 10:51:50,156 [main] INFO  volume.ThrottledAsyncChecker (ThrottledAsyncChecker.java:schedule(139)) - Scheduling a check for org.apache.hadoop.ozone.container.common.volume.HddsVolume@5a058be5
2019-10-07 10:51:50,157 [main] INFO  volume.HddsVolumeChecker (HddsVolumeChecker.java:checkAllVolumes(202)) - Scheduled health check for volume org.apache.hadoop.ozone.container.common.volume.HddsVolume@5a058be5
2019-10-07 10:51:50,180 [main] INFO  impl.RaftServerProxy (ConfUtils.java:logGet(43)) - raft.rpc.type = GRPC (default)
2019-10-07 10:51:50,180 [main] INFO  grpc.GrpcFactory (GrpcFactory.java:checkPooledByteBufAllocatorUseCacheForAllThreads(45)) - PERFORMANCE WARNING: useCacheForAllThreads is true that may cause Netty to create a lot garbage objects and, as a result, trigger GC.
	It is recommended to disable useCacheForAllThreads by setting -Dorg.apache.ratis.thirdparty.io.netty.allocator.useCacheForAllThreads=false in command line.
2019-10-07 10:51:50,180 [main] INFO  grpc.GrpcConfigKeys$Server (ConfUtils.java:logGet(43)) - raft.grpc.server.port = 0 (default)
2019-10-07 10:51:50,181 [main] INFO  server.GrpcService (ConfUtils.java:logGet(43)) - raft.grpc.message.size.max = 33570816 (custom)
2019-10-07 10:51:50,181 [main] INFO  server.RaftServerConfigKeys (ConfUtils.java:logGet(43)) - raft.server.log.appender.buffer.byte-limit = 33554432 (custom)
2019-10-07 10:51:50,181 [main] INFO  server.GrpcService (ConfUtils.java:logGet(43)) - raft.grpc.flow.control.window = 1MB (=1048576) (default)
2019-10-07 10:51:50,182 [main] INFO  server.RaftServerConfigKeys (ConfUtils.java:logGet(43)) - raft.server.rpc.request.timeout = 3000ms (default)
2019-10-07 10:51:50,182 [main] INFO  server.RaftServerConfigKeys (ConfUtils.java:logGet(43)) - raft.server.storage.dir = [/workdir/hadoop-ozone/integration-test/target/test-dir/MiniOzoneClusterImpl-2b840c3e-75e3-4038-9799-12e6f62700d9/datanode-0/data/ratis] (custom)
2019-10-07 10:51:50,184 [main] INFO  hdfs.DFSUtil (DFSUtil.java:httpServerTemplateForNNAndJN(1641)) - Starting Web-server for hddsDatanode at: http://0.0.0.0:0
2019-10-07 10:51:50,189 [main] INFO  server.AuthenticationFilter (AuthenticationFilter.java:constructSecretProvider(240)) - Unable to initialize FileSignerSecretProvider, falling back to use random secrets.
2019-10-07 10:51:50,189 [main] WARN  http.HttpRequestLog (HttpRequestLog.java:getRequestLog(97)) - Jetty request log can only be enabled using Log4j
2019-10-07 10:51:50,191 [main] INFO  http.HttpServer2 (HttpServer2.java:addGlobalFilter(975)) - Added global filter 'safety' (class=org.apache.hadoop.http.HttpServer2$QuotingInputFilter)
2019-10-07 10:51:50,192 [main] INFO  http.HttpServer2 (HttpServer2.java:addFilter(948)) - Added filter static_user_filter (class=org.apache.hadoop.http.lib.StaticUserWebFilter$StaticUserFilter) to context hddsDatanode
2019-10-07 10:51:50,192 [main] INFO  http.HttpServer2 (HttpServer2.java:addFilter(958)) - Added filter static_user_filter (class=org.apache.hadoop.http.lib.StaticUserWebFilter$StaticUserFilter) to context static
2019-10-07 10:51:50,192 [main] INFO  http.HttpServer2 (HttpServer2.java:addFilter(958)) - Added filter static_user_filter (class=org.apache.hadoop.http.lib.StaticUserWebFilter$StaticUserFilter) to context logs
2019-10-07 10:51:50,193 [main] INFO  http.HttpServer2 (HttpServer2.java:bindListener(1191)) - Jetty bound to port 46084
2019-10-07 10:51:50,193 [main] INFO  server.Server (Server.java:doStart(351)) - jetty-9.3.25.v20180904, build timestamp: 2018-09-04T21:11:46Z, git hash: 3ce520221d0240229c862b122d2b06c12a625732
2019-10-07 10:51:50,195 [main] INFO  handler.ContextHandler (ContextHandler.java:doStart(781)) - Started o.e.j.s.ServletContextHandler@16c1519e{/logs,file:///workdir/hadoop-ozone/integration-test/target/log,AVAILABLE}
2019-10-07 10:51:50,196 [main] INFO  handler.ContextHandler (ContextHandler.java:doStart(781)) - Started o.e.j.s.ServletContextHandler@5eabff6b{/static,jar:file:/home/user/.m2/repository/org/apache/hadoop/hadoop-hdds-container-service/0.5.0-SNAPSHOT/hadoop-hdds-container-service-0.5.0-SNAPSHOT.jar!/webapps/static,AVAILABLE}
2019-10-07 10:51:50,234 [main] INFO  handler.ContextHandler (ContextHandler.java:doStart(781)) - Started o.e.j.w.WebAppContext@4a50d04a{/,file:///tmp/jetty-0.0.0.0-46084-hddsDatanode-_-any-6823040206810714659.dir/webapp/,AVAILABLE}{/hddsDatanode}
2019-10-07 10:51:50,234 [main] INFO  server.AbstractConnector (AbstractConnector.java:doStart(278)) - Started ServerConnector@5099c59b{HTTP/1.1,[http/1.1]}{0.0.0.0:46084}
2019-10-07 10:51:50,237 [main] INFO  server.Server (Server.java:doStart(419)) - Started @135199ms
2019-10-07 10:51:50,237 [main] WARN  impl.MetricsSystemImpl (MetricsSystemImpl.java:register(276)) - Sink prometheus already exists!
2019-10-07 10:51:50,238 [main] INFO  server.BaseHttpServer (BaseHttpServer.java:updateConnectorAddress(215)) - HTTP server of HDDSDATANODE is listening at http://0.0.0.0:46084
2019-10-07 10:51:50,238 [main] INFO  impl.MetricsSystemImpl (MetricsSystemImpl.java:init(158)) - HddsDatanode metrics system started (again)
2019-10-07 10:51:50,241 [org.apache.hadoop.util.JvmPauseMonitor$Monitor@631e2db9] INFO  util.JvmPauseMonitor (JvmPauseMonitor.java:run(188)) - Starting JVM pause monitor
2019-10-07 10:51:50,241 [main] INFO  ozone.HddsDatanodeService (HddsDatanodeService.java:start(184)) - HddsDatanodeService host:pr-hdds-2238-6jxtw-691721237 ip:192.168.5.148
2019-10-07 10:51:50,245 [Datanode State Machine Thread - 0] INFO  datanode.InitDatanodeState (InitDatanodeState.java:persistContainerDatanodeDetails(140)) - DatanodeDetails is persisted to /workdir/hadoop-ozone/integration-test/target/test-dir/MiniOzoneClusterImpl-2b840c3e-75e3-4038-9799-12e6f62700d9/datanode-0/meta/datanode.id
2019-10-07 10:51:50,248 [main] INFO  volume.HddsVolume (HddsVolume.java:<init>(176)) - Creating Volume: /workdir/hadoop-ozone/integration-test/target/test-dir/MiniOzoneClusterImpl-2b840c3e-75e3-4038-9799-12e6f62700d9/datanode-1/data/containers/hdds of  storage type : DISK and capacity : 1482555576320
2019-10-07 10:51:50,248 [main] INFO  volume.VolumeSet (VolumeSet.java:initializeVolumeSet(170)) - Added Volume : /workdir/hadoop-ozone/integration-test/target/test-dir/MiniOzoneClusterImpl-2b840c3e-75e3-4038-9799-12e6f62700d9/datanode-1/data/containers/hdds to VolumeSet
2019-10-07 10:51:50,249 [main] INFO  volume.ThrottledAsyncChecker (ThrottledAsyncChecker.java:schedule(139)) - Scheduling a check for org.apache.hadoop.ozone.container.common.volume.HddsVolume@2accaec2
2019-10-07 10:51:50,249 [main] INFO  volume.HddsVolumeChecker (HddsVolumeChecker.java:checkAllVolumes(202)) - Scheduled health check for volume org.apache.hadoop.ozone.container.common.volume.HddsVolume@2accaec2
2019-10-07 10:51:50,264 [main] INFO  impl.RaftServerProxy (ConfUtils.java:logGet(43)) - raft.rpc.type = GRPC (default)
2019-10-07 10:51:50,264 [main] INFO  grpc.GrpcFactory (GrpcFactory.java:checkPooledByteBufAllocatorUseCacheForAllThreads(45)) - PERFORMANCE WARNING: useCacheForAllThreads is true that may cause Netty to create a lot garbage objects and, as a result, trigger GC.
	It is recommended to disable useCacheForAllThreads by setting -Dorg.apache.ratis.thirdparty.io.netty.allocator.useCacheForAllThreads=false in command line.
2019-10-07 10:51:50,264 [main] INFO  grpc.GrpcConfigKeys$Server (ConfUtils.java:logGet(43)) - raft.grpc.server.port = 0 (default)
2019-10-07 10:51:50,264 [main] INFO  server.GrpcService (ConfUtils.java:logGet(43)) - raft.grpc.message.size.max = 33570816 (custom)
2019-10-07 10:51:50,264 [main] INFO  server.RaftServerConfigKeys (ConfUtils.java:logGet(43)) - raft.server.log.appender.buffer.byte-limit = 33554432 (custom)
2019-10-07 10:51:50,265 [main] INFO  server.GrpcService (ConfUtils.java:logGet(43)) - raft.grpc.flow.control.window = 1MB (=1048576) (default)
2019-10-07 10:51:50,265 [main] INFO  server.RaftServerConfigKeys (ConfUtils.java:logGet(43)) - raft.server.rpc.request.timeout = 3000ms (default)
2019-10-07 10:51:50,265 [main] INFO  server.RaftServerConfigKeys (ConfUtils.java:logGet(43)) - raft.server.storage.dir = [/workdir/hadoop-ozone/integration-test/target/test-dir/MiniOzoneClusterImpl-2b840c3e-75e3-4038-9799-12e6f62700d9/datanode-1/data/ratis] (custom)
2019-10-07 10:51:50,268 [main] INFO  hdfs.DFSUtil (DFSUtil.java:httpServerTemplateForNNAndJN(1641)) - Starting Web-server for hddsDatanode at: http://0.0.0.0:0
2019-10-07 10:51:50,269 [main] INFO  server.AuthenticationFilter (AuthenticationFilter.java:constructSecretProvider(240)) - Unable to initialize FileSignerSecretProvider, falling back to use random secrets.
2019-10-07 10:51:50,269 [main] WARN  http.HttpRequestLog (HttpRequestLog.java:getRequestLog(97)) - Jetty request log can only be enabled using Log4j
2019-10-07 10:51:50,270 [main] INFO  http.HttpServer2 (HttpServer2.java:addGlobalFilter(975)) - Added global filter 'safety' (class=org.apache.hadoop.http.HttpServer2$QuotingInputFilter)
2019-10-07 10:51:50,271 [main] INFO  http.HttpServer2 (HttpServer2.java:addFilter(948)) - Added filter static_user_filter (class=org.apache.hadoop.http.lib.StaticUserWebFilter$StaticUserFilter) to context hddsDatanode
2019-10-07 10:51:50,271 [main] INFO  http.HttpServer2 (HttpServer2.java:addFilter(958)) - Added filter static_user_filter (class=org.apache.hadoop.http.lib.StaticUserWebFilter$StaticUserFilter) to context logs
2019-10-07 10:51:50,271 [main] INFO  http.HttpServer2 (HttpServer2.java:addFilter(958)) - Added filter static_user_filter (class=org.apache.hadoop.http.lib.StaticUserWebFilter$StaticUserFilter) to context static
2019-10-07 10:51:50,272 [main] INFO  http.HttpServer2 (HttpServer2.java:bindListener(1191)) - Jetty bound to port 44558
2019-10-07 10:51:50,272 [main] INFO  server.Server (Server.java:doStart(351)) - jetty-9.3.25.v20180904, build timestamp: 2018-09-04T21:11:46Z, git hash: 3ce520221d0240229c862b122d2b06c12a625732
2019-10-07 10:51:50,274 [main] INFO  handler.ContextHandler (ContextHandler.java:doStart(781)) - Started o.e.j.s.ServletContextHandler@10244722{/logs,file:///workdir/hadoop-ozone/integration-test/target/log,AVAILABLE}
2019-10-07 10:51:50,274 [main] INFO  handler.ContextHandler (ContextHandler.java:doStart(781)) - Started o.e.j.s.ServletContextHandler@721d8ab5{/static,jar:file:/home/user/.m2/repository/org/apache/hadoop/hadoop-hdds-container-service/0.5.0-SNAPSHOT/hadoop-hdds-container-service-0.5.0-SNAPSHOT.jar!/webapps/static,AVAILABLE}
2019-10-07 10:51:50,302 [main] INFO  handler.ContextHandler (ContextHandler.java:doStart(781)) - Started o.e.j.w.WebAppContext@5ae1c281{/,file:///tmp/jetty-0.0.0.0-44558-hddsDatanode-_-any-1680297264907595205.dir/webapp/,AVAILABLE}{/hddsDatanode}
2019-10-07 10:51:50,303 [main] INFO  server.AbstractConnector (AbstractConnector.java:doStart(278)) - Started ServerConnector@4ac8768e{HTTP/1.1,[http/1.1]}{0.0.0.0:44558}
2019-10-07 10:51:50,304 [main] INFO  server.Server (Server.java:doStart(419)) - Started @135266ms
2019-10-07 10:51:50,304 [main] WARN  impl.MetricsSystemImpl (MetricsSystemImpl.java:register(276)) - Sink prometheus already exists!
2019-10-07 10:51:50,304 [main] INFO  server.BaseHttpServer (BaseHttpServer.java:updateConnectorAddress(215)) - HTTP server of HDDSDATANODE is listening at http://0.0.0.0:44558
2019-10-07 10:51:50,305 [main] INFO  impl.MetricsSystemImpl (MetricsSystemImpl.java:init(158)) - HddsDatanode metrics system started (again)
2019-10-07 10:51:50,307 [org.apache.hadoop.util.JvmPauseMonitor$Monitor@7ccf6aa3] INFO  util.JvmPauseMonitor (JvmPauseMonitor.java:run(188)) - Starting JVM pause monitor
2019-10-07 10:51:50,308 [main] INFO  ozone.HddsDatanodeService (HddsDatanodeService.java:start(184)) - HddsDatanodeService host:pr-hdds-2238-6jxtw-691721237 ip:192.168.5.148
2019-10-07 10:51:50,311 [Datanode State Machine Thread - 0] INFO  datanode.InitDatanodeState (InitDatanodeState.java:persistContainerDatanodeDetails(140)) - DatanodeDetails is persisted to /workdir/hadoop-ozone/integration-test/target/test-dir/MiniOzoneClusterImpl-2b840c3e-75e3-4038-9799-12e6f62700d9/datanode-1/meta/datanode.id
2019-10-07 10:51:50,314 [main] INFO  volume.HddsVolume (HddsVolume.java:<init>(176)) - Creating Volume: /workdir/hadoop-ozone/integration-test/target/test-dir/MiniOzoneClusterImpl-2b840c3e-75e3-4038-9799-12e6f62700d9/datanode-2/data/containers/hdds of  storage type : DISK and capacity : 1482555576320
2019-10-07 10:51:50,314 [main] INFO  volume.VolumeSet (VolumeSet.java:initializeVolumeSet(170)) - Added Volume : /workdir/hadoop-ozone/integration-test/target/test-dir/MiniOzoneClusterImpl-2b840c3e-75e3-4038-9799-12e6f62700d9/datanode-2/data/containers/hdds to VolumeSet
2019-10-07 10:51:50,314 [main] INFO  volume.ThrottledAsyncChecker (ThrottledAsyncChecker.java:schedule(139)) - Scheduling a check for org.apache.hadoop.ozone.container.common.volume.HddsVolume@9accff0
2019-10-07 10:51:50,315 [main] INFO  volume.HddsVolumeChecker (HddsVolumeChecker.java:checkAllVolumes(202)) - Scheduled health check for volume org.apache.hadoop.ozone.container.common.volume.HddsVolume@9accff0
2019-10-07 10:51:50,327 [main] INFO  impl.RaftServerProxy (ConfUtils.java:logGet(43)) - raft.rpc.type = GRPC (default)
2019-10-07 10:51:50,328 [main] INFO  grpc.GrpcFactory (GrpcFactory.java:checkPooledByteBufAllocatorUseCacheForAllThreads(45)) - PERFORMANCE WARNING: useCacheForAllThreads is true that may cause Netty to create a lot garbage objects and, as a result, trigger GC.
	It is recommended to disable useCacheForAllThreads by setting -Dorg.apache.ratis.thirdparty.io.netty.allocator.useCacheForAllThreads=false in command line.
2019-10-07 10:51:50,328 [main] INFO  grpc.GrpcConfigKeys$Server (ConfUtils.java:logGet(43)) - raft.grpc.server.port = 0 (default)
2019-10-07 10:51:50,328 [main] INFO  server.GrpcService (ConfUtils.java:logGet(43)) - raft.grpc.message.size.max = 33570816 (custom)
2019-10-07 10:51:50,328 [main] INFO  server.RaftServerConfigKeys (ConfUtils.java:logGet(43)) - raft.server.log.appender.buffer.byte-limit = 33554432 (custom)
2019-10-07 10:51:50,329 [main] INFO  server.GrpcService (ConfUtils.java:logGet(43)) - raft.grpc.flow.control.window = 1MB (=1048576) (default)
2019-10-07 10:51:50,329 [main] INFO  server.RaftServerConfigKeys (ConfUtils.java:logGet(43)) - raft.server.rpc.request.timeout = 3000ms (default)
2019-10-07 10:51:50,329 [main] INFO  server.RaftServerConfigKeys (ConfUtils.java:logGet(43)) - raft.server.storage.dir = [/workdir/hadoop-ozone/integration-test/target/test-dir/MiniOzoneClusterImpl-2b840c3e-75e3-4038-9799-12e6f62700d9/datanode-2/data/ratis] (custom)
2019-10-07 10:51:50,331 [main] INFO  hdfs.DFSUtil (DFSUtil.java:httpServerTemplateForNNAndJN(1641)) - Starting Web-server for hddsDatanode at: http://0.0.0.0:0
2019-10-07 10:51:50,333 [main] INFO  server.AuthenticationFilter (AuthenticationFilter.java:constructSecretProvider(240)) - Unable to initialize FileSignerSecretProvider, falling back to use random secrets.
2019-10-07 10:51:50,333 [main] WARN  http.HttpRequestLog (HttpRequestLog.java:getRequestLog(97)) - Jetty request log can only be enabled using Log4j
2019-10-07 10:51:50,334 [main] INFO  http.HttpServer2 (HttpServer2.java:addGlobalFilter(975)) - Added global filter 'safety' (class=org.apache.hadoop.http.HttpServer2$QuotingInputFilter)
2019-10-07 10:51:50,335 [main] INFO  http.HttpServer2 (HttpServer2.java:addFilter(948)) - Added filter static_user_filter (class=org.apache.hadoop.http.lib.StaticUserWebFilter$StaticUserFilter) to context hddsDatanode
2019-10-07 10:51:50,335 [main] INFO  http.HttpServer2 (HttpServer2.java:addFilter(958)) - Added filter static_user_filter (class=org.apache.hadoop.http.lib.StaticUserWebFilter$StaticUserFilter) to context logs
2019-10-07 10:51:50,335 [main] INFO  http.HttpServer2 (HttpServer2.java:addFilter(958)) - Added filter static_user_filter (class=org.apache.hadoop.http.lib.StaticUserWebFilter$StaticUserFilter) to context static
2019-10-07 10:51:50,336 [main] INFO  http.HttpServer2 (HttpServer2.java:bindListener(1191)) - Jetty bound to port 44569
2019-10-07 10:51:50,336 [main] INFO  server.Server (Server.java:doStart(351)) - jetty-9.3.25.v20180904, build timestamp: 2018-09-04T21:11:46Z, git hash: 3ce520221d0240229c862b122d2b06c12a625732
2019-10-07 10:51:50,337 [main] INFO  handler.ContextHandler (ContextHandler.java:doStart(781)) - Started o.e.j.s.ServletContextHandler@5700c9db{/logs,file:///workdir/hadoop-ozone/integration-test/target/log,AVAILABLE}
2019-10-07 10:51:50,338 [main] INFO  handler.ContextHandler (ContextHandler.java:doStart(781)) - Started o.e.j.s.ServletContextHandler@6babffb5{/static,jar:file:/home/user/.m2/repository/org/apache/hadoop/hadoop-hdds-container-service/0.5.0-SNAPSHOT/hadoop-hdds-container-service-0.5.0-SNAPSHOT.jar!/webapps/static,AVAILABLE}
2019-10-07 10:51:50,367 [main] INFO  handler.ContextHandler (ContextHandler.java:doStart(781)) - Started o.e.j.w.WebAppContext@26865482{/,file:///tmp/jetty-0.0.0.0-44569-hddsDatanode-_-any-6489297221837813655.dir/webapp/,AVAILABLE}{/hddsDatanode}
2019-10-07 10:51:50,367 [main] INFO  server.AbstractConnector (AbstractConnector.java:doStart(278)) - Started ServerConnector@34451ed8{HTTP/1.1,[http/1.1]}{0.0.0.0:44569}
2019-10-07 10:51:50,368 [main] INFO  server.Server (Server.java:doStart(419)) - Started @135330ms
2019-10-07 10:51:50,368 [main] WARN  impl.MetricsSystemImpl (MetricsSystemImpl.java:register(276)) - Sink prometheus already exists!
2019-10-07 10:51:50,369 [main] INFO  server.BaseHttpServer (BaseHttpServer.java:updateConnectorAddress(215)) - HTTP server of HDDSDATANODE is listening at http://0.0.0.0:44569
2019-10-07 10:51:50,369 [main] INFO  impl.MetricsSystemImpl (MetricsSystemImpl.java:init(158)) - HddsDatanode metrics system started (again)
2019-10-07 10:51:50,372 [org.apache.hadoop.util.JvmPauseMonitor$Monitor@56b2a460] INFO  util.JvmPauseMonitor (JvmPauseMonitor.java:run(188)) - Starting JVM pause monitor
2019-10-07 10:51:50,373 [main] INFO  ozone.HddsDatanodeService (HddsDatanodeService.java:start(184)) - HddsDatanodeService host:pr-hdds-2238-6jxtw-691721237 ip:192.168.5.148
2019-10-07 10:51:50,374 [Datanode State Machine Thread - 0] INFO  datanode.InitDatanodeState (InitDatanodeState.java:persistContainerDatanodeDetails(140)) - DatanodeDetails is persisted to /workdir/hadoop-ozone/integration-test/target/test-dir/MiniOzoneClusterImpl-2b840c3e-75e3-4038-9799-12e6f62700d9/datanode-2/meta/datanode.id
2019-10-07 10:51:50,379 [main] INFO  volume.HddsVolume (HddsVolume.java:<init>(176)) - Creating Volume: /workdir/hadoop-ozone/integration-test/target/test-dir/MiniOzoneClusterImpl-2b840c3e-75e3-4038-9799-12e6f62700d9/datanode-3/data/containers/hdds of  storage type : DISK and capacity : 1482555576320
2019-10-07 10:51:50,379 [main] INFO  volume.VolumeSet (VolumeSet.java:initializeVolumeSet(170)) - Added Volume : /workdir/hadoop-ozone/integration-test/target/test-dir/MiniOzoneClusterImpl-2b840c3e-75e3-4038-9799-12e6f62700d9/datanode-3/data/containers/hdds to VolumeSet
2019-10-07 10:51:50,380 [main] INFO  volume.ThrottledAsyncChecker (ThrottledAsyncChecker.java:schedule(139)) - Scheduling a check for org.apache.hadoop.ozone.container.common.volume.HddsVolume@5c134052
2019-10-07 10:51:50,380 [main] INFO  volume.HddsVolumeChecker (HddsVolumeChecker.java:checkAllVolumes(202)) - Scheduled health check for volume org.apache.hadoop.ozone.container.common.volume.HddsVolume@5c134052
2019-10-07 10:51:50,394 [main] INFO  impl.RaftServerProxy (ConfUtils.java:logGet(43)) - raft.rpc.type = GRPC (default)
2019-10-07 10:51:50,394 [main] INFO  grpc.GrpcFactory (GrpcFactory.java:checkPooledByteBufAllocatorUseCacheForAllThreads(45)) - PERFORMANCE WARNING: useCacheForAllThreads is true that may cause Netty to create a lot garbage objects and, as a result, trigger GC.
	It is recommended to disable useCacheForAllThreads by setting -Dorg.apache.ratis.thirdparty.io.netty.allocator.useCacheForAllThreads=false in command line.
2019-10-07 10:51:50,394 [main] INFO  grpc.GrpcConfigKeys$Server (ConfUtils.java:logGet(43)) - raft.grpc.server.port = 0 (default)
2019-10-07 10:51:50,394 [main] INFO  server.GrpcService (ConfUtils.java:logGet(43)) - raft.grpc.message.size.max = 33570816 (custom)
2019-10-07 10:51:50,395 [main] INFO  server.RaftServerConfigKeys (ConfUtils.java:logGet(43)) - raft.server.log.appender.buffer.byte-limit = 33554432 (custom)
2019-10-07 10:51:50,395 [main] INFO  server.GrpcService (ConfUtils.java:logGet(43)) - raft.grpc.flow.control.window = 1MB (=1048576) (default)
2019-10-07 10:51:50,395 [main] INFO  server.RaftServerConfigKeys (ConfUtils.java:logGet(43)) - raft.server.rpc.request.timeout = 3000ms (default)
2019-10-07 10:51:50,395 [main] INFO  server.RaftServerConfigKeys (ConfUtils.java:logGet(43)) - raft.server.storage.dir = [/workdir/hadoop-ozone/integration-test/target/test-dir/MiniOzoneClusterImpl-2b840c3e-75e3-4038-9799-12e6f62700d9/datanode-3/data/ratis] (custom)
2019-10-07 10:51:50,397 [main] INFO  hdfs.DFSUtil (DFSUtil.java:httpServerTemplateForNNAndJN(1641)) - Starting Web-server for hddsDatanode at: http://0.0.0.0:0
2019-10-07 10:51:50,398 [main] INFO  server.AuthenticationFilter (AuthenticationFilter.java:constructSecretProvider(240)) - Unable to initialize FileSignerSecretProvider, falling back to use random secrets.
2019-10-07 10:51:50,399 [main] WARN  http.HttpRequestLog (HttpRequestLog.java:getRequestLog(97)) - Jetty request log can only be enabled using Log4j
2019-10-07 10:51:50,400 [main] INFO  http.HttpServer2 (HttpServer2.java:addGlobalFilter(975)) - Added global filter 'safety' (class=org.apache.hadoop.http.HttpServer2$QuotingInputFilter)
2019-10-07 10:51:50,400 [main] INFO  http.HttpServer2 (HttpServer2.java:addFilter(948)) - Added filter static_user_filter (class=org.apache.hadoop.http.lib.StaticUserWebFilter$StaticUserFilter) to context hddsDatanode
2019-10-07 10:51:50,400 [main] INFO  http.HttpServer2 (HttpServer2.java:addFilter(958)) - Added filter static_user_filter (class=org.apache.hadoop.http.lib.StaticUserWebFilter$StaticUserFilter) to context static
2019-10-07 10:51:50,401 [main] INFO  http.HttpServer2 (HttpServer2.java:addFilter(958)) - Added filter static_user_filter (class=org.apache.hadoop.http.lib.StaticUserWebFilter$StaticUserFilter) to context logs
2019-10-07 10:51:50,401 [main] INFO  http.HttpServer2 (HttpServer2.java:bindListener(1191)) - Jetty bound to port 33495
2019-10-07 10:51:50,401 [main] INFO  server.Server (Server.java:doStart(351)) - jetty-9.3.25.v20180904, build timestamp: 2018-09-04T21:11:46Z, git hash: 3ce520221d0240229c862b122d2b06c12a625732
2019-10-07 10:51:50,403 [main] INFO  handler.ContextHandler (ContextHandler.java:doStart(781)) - Started o.e.j.s.ServletContextHandler@2e5e6fc4{/logs,file:///workdir/hadoop-ozone/integration-test/target/log,AVAILABLE}
2019-10-07 10:51:50,404 [main] INFO  handler.ContextHandler (ContextHandler.java:doStart(781)) - Started o.e.j.s.ServletContextHandler@79980d8d{/static,jar:file:/home/user/.m2/repository/org/apache/hadoop/hadoop-hdds-container-service/0.5.0-SNAPSHOT/hadoop-hdds-container-service-0.5.0-SNAPSHOT.jar!/webapps/static,AVAILABLE}
2019-10-07 10:51:50,433 [main] INFO  handler.ContextHandler (ContextHandler.java:doStart(781)) - Started o.e.j.w.WebAppContext@7a9ceddf{/,file:///tmp/jetty-0.0.0.0-33495-hddsDatanode-_-any-3711019285942576142.dir/webapp/,AVAILABLE}{/hddsDatanode}
2019-10-07 10:51:50,433 [main] INFO  server.AbstractConnector (AbstractConnector.java:doStart(278)) - Started ServerConnector@28157173{HTTP/1.1,[http/1.1]}{0.0.0.0:33495}
2019-10-07 10:51:50,435 [main] INFO  server.Server (Server.java:doStart(419)) - Started @135397ms
2019-10-07 10:51:50,435 [main] WARN  impl.MetricsSystemImpl (MetricsSystemImpl.java:register(276)) - Sink prometheus already exists!
2019-10-07 10:51:50,436 [main] INFO  server.BaseHttpServer (BaseHttpServer.java:updateConnectorAddress(215)) - HTTP server of HDDSDATANODE is listening at http://0.0.0.0:33495
2019-10-07 10:51:50,436 [main] INFO  impl.MetricsSystemImpl (MetricsSystemImpl.java:init(158)) - HddsDatanode metrics system started (again)
2019-10-07 10:51:50,439 [org.apache.hadoop.util.JvmPauseMonitor$Monitor@326c3f9a] INFO  util.JvmPauseMonitor (JvmPauseMonitor.java:run(188)) - Starting JVM pause monitor
2019-10-07 10:51:50,440 [main] INFO  ozone.HddsDatanodeService (HddsDatanodeService.java:start(184)) - HddsDatanodeService host:pr-hdds-2238-6jxtw-691721237 ip:192.168.5.148
2019-10-07 10:51:50,441 [Datanode State Machine Thread - 0] INFO  datanode.InitDatanodeState (InitDatanodeState.java:persistContainerDatanodeDetails(140)) - DatanodeDetails is persisted to /workdir/hadoop-ozone/integration-test/target/test-dir/MiniOzoneClusterImpl-2b840c3e-75e3-4038-9799-12e6f62700d9/datanode-3/meta/datanode.id
2019-10-07 10:51:50,450 [main] INFO  volume.HddsVolume (HddsVolume.java:<init>(176)) - Creating Volume: /workdir/hadoop-ozone/integration-test/target/test-dir/MiniOzoneClusterImpl-2b840c3e-75e3-4038-9799-12e6f62700d9/datanode-4/data/containers/hdds of  storage type : DISK and capacity : 1482555576320
2019-10-07 10:51:50,450 [main] INFO  volume.VolumeSet (VolumeSet.java:initializeVolumeSet(170)) - Added Volume : /workdir/hadoop-ozone/integration-test/target/test-dir/MiniOzoneClusterImpl-2b840c3e-75e3-4038-9799-12e6f62700d9/datanode-4/data/containers/hdds to VolumeSet
2019-10-07 10:51:50,450 [main] INFO  volume.ThrottledAsyncChecker (ThrottledAsyncChecker.java:schedule(139)) - Scheduling a check for org.apache.hadoop.ozone.container.common.volume.HddsVolume@3aed69dd
2019-10-07 10:51:50,451 [main] INFO  volume.HddsVolumeChecker (HddsVolumeChecker.java:checkAllVolumes(202)) - Scheduled health check for volume org.apache.hadoop.ozone.container.common.volume.HddsVolume@3aed69dd
2019-10-07 10:51:50,463 [main] INFO  impl.RaftServerProxy (ConfUtils.java:logGet(43)) - raft.rpc.type = GRPC (default)
2019-10-07 10:51:50,464 [main] INFO  grpc.GrpcFactory (GrpcFactory.java:checkPooledByteBufAllocatorUseCacheForAllThreads(45)) - PERFORMANCE WARNING: useCacheForAllThreads is true that may cause Netty to create a lot garbage objects and, as a result, trigger GC.
	It is recommended to disable useCacheForAllThreads by setting -Dorg.apache.ratis.thirdparty.io.netty.allocator.useCacheForAllThreads=false in command line.
2019-10-07 10:51:50,464 [main] INFO  grpc.GrpcConfigKeys$Server (ConfUtils.java:logGet(43)) - raft.grpc.server.port = 0 (default)
2019-10-07 10:51:50,464 [main] INFO  server.GrpcService (ConfUtils.java:logGet(43)) - raft.grpc.message.size.max = 33570816 (custom)
2019-10-07 10:51:50,464 [main] INFO  server.RaftServerConfigKeys (ConfUtils.java:logGet(43)) - raft.server.log.appender.buffer.byte-limit = 33554432 (custom)
2019-10-07 10:51:50,464 [main] INFO  server.GrpcService (ConfUtils.java:logGet(43)) - raft.grpc.flow.control.window = 1MB (=1048576) (default)
2019-10-07 10:51:50,464 [main] INFO  server.RaftServerConfigKeys (ConfUtils.java:logGet(43)) - raft.server.rpc.request.timeout = 3000ms (default)
2019-10-07 10:51:50,465 [main] INFO  server.RaftServerConfigKeys (ConfUtils.java:logGet(43)) - raft.server.storage.dir = [/workdir/hadoop-ozone/integration-test/target/test-dir/MiniOzoneClusterImpl-2b840c3e-75e3-4038-9799-12e6f62700d9/datanode-4/data/ratis] (custom)
2019-10-07 10:51:50,466 [main] INFO  hdfs.DFSUtil (DFSUtil.java:httpServerTemplateForNNAndJN(1641)) - Starting Web-server for hddsDatanode at: http://0.0.0.0:0
2019-10-07 10:51:50,467 [main] INFO  server.AuthenticationFilter (AuthenticationFilter.java:constructSecretProvider(240)) - Unable to initialize FileSignerSecretProvider, falling back to use random secrets.
2019-10-07 10:51:50,468 [main] WARN  http.HttpRequestLog (HttpRequestLog.java:getRequestLog(97)) - Jetty request log can only be enabled using Log4j
2019-10-07 10:51:50,469 [main] INFO  http.HttpServer2 (HttpServer2.java:addGlobalFilter(975)) - Added global filter 'safety' (class=org.apache.hadoop.http.HttpServer2$QuotingInputFilter)
2019-10-07 10:51:50,470 [main] INFO  http.HttpServer2 (HttpServer2.java:addFilter(948)) - Added filter static_user_filter (class=org.apache.hadoop.http.lib.StaticUserWebFilter$StaticUserFilter) to context hddsDatanode
2019-10-07 10:51:50,470 [main] INFO  http.HttpServer2 (HttpServer2.java:addFilter(958)) - Added filter static_user_filter (class=org.apache.hadoop.http.lib.StaticUserWebFilter$StaticUserFilter) to context logs
2019-10-07 10:51:50,470 [main] INFO  http.HttpServer2 (HttpServer2.java:addFilter(958)) - Added filter static_user_filter (class=org.apache.hadoop.http.lib.StaticUserWebFilter$StaticUserFilter) to context static
2019-10-07 10:51:50,471 [main] INFO  http.HttpServer2 (HttpServer2.java:bindListener(1191)) - Jetty bound to port 40698
2019-10-07 10:51:50,471 [main] INFO  server.Server (Server.java:doStart(351)) - jetty-9.3.25.v20180904, build timestamp: 2018-09-04T21:11:46Z, git hash: 3ce520221d0240229c862b122d2b06c12a625732
2019-10-07 10:51:50,472 [main] INFO  handler.ContextHandler (ContextHandler.java:doStart(781)) - Started o.e.j.s.ServletContextHandler@789c3057{/logs,file:///workdir/hadoop-ozone/integration-test/target/log,AVAILABLE}
2019-10-07 10:51:50,473 [main] INFO  handler.ContextHandler (ContextHandler.java:doStart(781)) - Started o.e.j.s.ServletContextHandler@6f5d0190{/static,jar:file:/home/user/.m2/repository/org/apache/hadoop/hadoop-hdds-container-service/0.5.0-SNAPSHOT/hadoop-hdds-container-service-0.5.0-SNAPSHOT.jar!/webapps/static,AVAILABLE}
2019-10-07 10:51:50,500 [main] INFO  handler.ContextHandler (ContextHandler.java:doStart(781)) - Started o.e.j.w.WebAppContext@1983b48a{/,file:///tmp/jetty-0.0.0.0-40698-hddsDatanode-_-any-5916245106050647026.dir/webapp/,AVAILABLE}{/hddsDatanode}
2019-10-07 10:51:50,501 [main] INFO  server.AbstractConnector (AbstractConnector.java:doStart(278)) - Started ServerConnector@629a9f26{HTTP/1.1,[http/1.1]}{0.0.0.0:40698}
2019-10-07 10:51:50,502 [main] INFO  server.Server (Server.java:doStart(419)) - Started @135465ms
2019-10-07 10:51:50,503 [main] WARN  impl.MetricsSystemImpl (MetricsSystemImpl.java:register(276)) - Sink prometheus already exists!
2019-10-07 10:51:50,503 [main] INFO  server.BaseHttpServer (BaseHttpServer.java:updateConnectorAddress(215)) - HTTP server of HDDSDATANODE is listening at http://0.0.0.0:40698
2019-10-07 10:51:50,503 [main] INFO  impl.MetricsSystemImpl (MetricsSystemImpl.java:init(158)) - HddsDatanode metrics system started (again)
2019-10-07 10:51:50,507 [main] INFO  ozone.HddsDatanodeService (HddsDatanodeService.java:start(184)) - HddsDatanodeService host:pr-hdds-2238-6jxtw-691721237 ip:192.168.5.148
2019-10-07 10:51:50,507 [org.apache.hadoop.util.JvmPauseMonitor$Monitor@55607993] INFO  util.JvmPauseMonitor (JvmPauseMonitor.java:run(188)) - Starting JVM pause monitor
2019-10-07 10:51:50,509 [Datanode State Machine Thread - 0] INFO  datanode.InitDatanodeState (InitDatanodeState.java:persistContainerDatanodeDetails(140)) - DatanodeDetails is persisted to /workdir/hadoop-ozone/integration-test/target/test-dir/MiniOzoneClusterImpl-2b840c3e-75e3-4038-9799-12e6f62700d9/datanode-4/meta/datanode.id
2019-10-07 10:51:50,514 [main] INFO  volume.HddsVolume (HddsVolume.java:<init>(176)) - Creating Volume: /workdir/hadoop-ozone/integration-test/target/test-dir/MiniOzoneClusterImpl-2b840c3e-75e3-4038-9799-12e6f62700d9/datanode-5/data/containers/hdds of  storage type : DISK and capacity : 1482555576320
2019-10-07 10:51:50,514 [main] INFO  volume.VolumeSet (VolumeSet.java:initializeVolumeSet(170)) - Added Volume : /workdir/hadoop-ozone/integration-test/target/test-dir/MiniOzoneClusterImpl-2b840c3e-75e3-4038-9799-12e6f62700d9/datanode-5/data/containers/hdds to VolumeSet
2019-10-07 10:51:50,514 [main] INFO  volume.ThrottledAsyncChecker (ThrottledAsyncChecker.java:schedule(139)) - Scheduling a check for org.apache.hadoop.ozone.container.common.volume.HddsVolume@64bebd55
2019-10-07 10:51:50,515 [main] INFO  volume.HddsVolumeChecker (HddsVolumeChecker.java:checkAllVolumes(202)) - Scheduled health check for volume org.apache.hadoop.ozone.container.common.volume.HddsVolume@64bebd55
2019-10-07 10:51:50,528 [main] INFO  impl.RaftServerProxy (ConfUtils.java:logGet(43)) - raft.rpc.type = GRPC (default)
2019-10-07 10:51:50,529 [main] INFO  grpc.GrpcFactory (GrpcFactory.java:checkPooledByteBufAllocatorUseCacheForAllThreads(45)) - PERFORMANCE WARNING: useCacheForAllThreads is true that may cause Netty to create a lot garbage objects and, as a result, trigger GC.
	It is recommended to disable useCacheForAllThreads by setting -Dorg.apache.ratis.thirdparty.io.netty.allocator.useCacheForAllThreads=false in command line.
2019-10-07 10:51:50,529 [main] INFO  grpc.GrpcConfigKeys$Server (ConfUtils.java:logGet(43)) - raft.grpc.server.port = 0 (default)
2019-10-07 10:51:50,529 [main] INFO  server.GrpcService (ConfUtils.java:logGet(43)) - raft.grpc.message.size.max = 33570816 (custom)
2019-10-07 10:51:50,529 [main] INFO  server.RaftServerConfigKeys (ConfUtils.java:logGet(43)) - raft.server.log.appender.buffer.byte-limit = 33554432 (custom)
2019-10-07 10:51:50,529 [main] INFO  server.GrpcService (ConfUtils.java:logGet(43)) - raft.grpc.flow.control.window = 1MB (=1048576) (default)
2019-10-07 10:51:50,529 [main] INFO  server.RaftServerConfigKeys (ConfUtils.java:logGet(43)) - raft.server.rpc.request.timeout = 3000ms (default)
2019-10-07 10:51:50,530 [main] INFO  server.RaftServerConfigKeys (ConfUtils.java:logGet(43)) - raft.server.storage.dir = [/workdir/hadoop-ozone/integration-test/target/test-dir/MiniOzoneClusterImpl-2b840c3e-75e3-4038-9799-12e6f62700d9/datanode-5/data/ratis] (custom)
2019-10-07 10:51:50,531 [main] INFO  hdfs.DFSUtil (DFSUtil.java:httpServerTemplateForNNAndJN(1641)) - Starting Web-server for hddsDatanode at: http://0.0.0.0:0
2019-10-07 10:51:50,532 [main] INFO  server.AuthenticationFilter (AuthenticationFilter.java:constructSecretProvider(240)) - Unable to initialize FileSignerSecretProvider, falling back to use random secrets.
2019-10-07 10:51:50,532 [main] WARN  http.HttpRequestLog (HttpRequestLog.java:getRequestLog(97)) - Jetty request log can only be enabled using Log4j
2019-10-07 10:51:50,533 [main] INFO  http.HttpServer2 (HttpServer2.java:addGlobalFilter(975)) - Added global filter 'safety' (class=org.apache.hadoop.http.HttpServer2$QuotingInputFilter)
2019-10-07 10:51:50,534 [main] INFO  http.HttpServer2 (HttpServer2.java:addFilter(948)) - Added filter static_user_filter (class=org.apache.hadoop.http.lib.StaticUserWebFilter$StaticUserFilter) to context hddsDatanode
2019-10-07 10:51:50,534 [main] INFO  http.HttpServer2 (HttpServer2.java:addFilter(958)) - Added filter static_user_filter (class=org.apache.hadoop.http.lib.StaticUserWebFilter$StaticUserFilter) to context static
2019-10-07 10:51:50,534 [main] INFO  http.HttpServer2 (HttpServer2.java:addFilter(958)) - Added filter static_user_filter (class=org.apache.hadoop.http.lib.StaticUserWebFilter$StaticUserFilter) to context logs
2019-10-07 10:51:50,535 [main] INFO  http.HttpServer2 (HttpServer2.java:bindListener(1191)) - Jetty bound to port 35832
2019-10-07 10:51:50,535 [main] INFO  server.Server (Server.java:doStart(351)) - jetty-9.3.25.v20180904, build timestamp: 2018-09-04T21:11:46Z, git hash: 3ce520221d0240229c862b122d2b06c12a625732
2019-10-07 10:51:50,537 [main] INFO  handler.ContextHandler (ContextHandler.java:doStart(781)) - Started o.e.j.s.ServletContextHandler@3a8cea24{/logs,file:///workdir/hadoop-ozone/integration-test/target/log,AVAILABLE}
2019-10-07 10:51:50,537 [main] INFO  handler.ContextHandler (ContextHandler.java:doStart(781)) - Started o.e.j.s.ServletContextHandler@5d318e91{/static,jar:file:/home/user/.m2/repository/org/apache/hadoop/hadoop-hdds-container-service/0.5.0-SNAPSHOT/hadoop-hdds-container-service-0.5.0-SNAPSHOT.jar!/webapps/static,AVAILABLE}
2019-10-07 10:51:50,565 [main] INFO  handler.ContextHandler (ContextHandler.java:doStart(781)) - Started o.e.j.w.WebAppContext@1f992a3a{/,file:///tmp/jetty-0.0.0.0-35832-hddsDatanode-_-any-7297985660468072319.dir/webapp/,AVAILABLE}{/hddsDatanode}
2019-10-07 10:51:50,565 [main] INFO  server.AbstractConnector (AbstractConnector.java:doStart(278)) - Started ServerConnector@30bf26df{HTTP/1.1,[http/1.1]}{0.0.0.0:35832}
2019-10-07 10:51:50,567 [main] INFO  server.Server (Server.java:doStart(419)) - Started @135529ms
2019-10-07 10:51:50,567 [main] WARN  impl.MetricsSystemImpl (MetricsSystemImpl.java:register(276)) - Sink prometheus already exists!
2019-10-07 10:51:50,568 [main] INFO  server.BaseHttpServer (BaseHttpServer.java:updateConnectorAddress(215)) - HTTP server of HDDSDATANODE is listening at http://0.0.0.0:35832
2019-10-07 10:51:50,568 [main] INFO  impl.MetricsSystemImpl (MetricsSystemImpl.java:init(158)) - HddsDatanode metrics system started (again)
2019-10-07 10:51:50,572 [main] INFO  ozone.HddsDatanodeService (HddsDatanodeService.java:start(184)) - HddsDatanodeService host:pr-hdds-2238-6jxtw-691721237 ip:192.168.5.148
2019-10-07 10:51:50,572 [org.apache.hadoop.util.JvmPauseMonitor$Monitor@85b4352] INFO  util.JvmPauseMonitor (JvmPauseMonitor.java:run(188)) - Starting JVM pause monitor
2019-10-07 10:51:50,573 [Datanode State Machine Thread - 0] INFO  datanode.InitDatanodeState (InitDatanodeState.java:persistContainerDatanodeDetails(140)) - DatanodeDetails is persisted to /workdir/hadoop-ozone/integration-test/target/test-dir/MiniOzoneClusterImpl-2b840c3e-75e3-4038-9799-12e6f62700d9/datanode-5/meta/datanode.id
2019-10-07 10:51:50,578 [main] INFO  volume.HddsVolume (HddsVolume.java:<init>(176)) - Creating Volume: /workdir/hadoop-ozone/integration-test/target/test-dir/MiniOzoneClusterImpl-2b840c3e-75e3-4038-9799-12e6f62700d9/datanode-6/data/containers/hdds of  storage type : DISK and capacity : 1482555576320
2019-10-07 10:51:50,579 [main] INFO  volume.VolumeSet (VolumeSet.java:initializeVolumeSet(170)) - Added Volume : /workdir/hadoop-ozone/integration-test/target/test-dir/MiniOzoneClusterImpl-2b840c3e-75e3-4038-9799-12e6f62700d9/datanode-6/data/containers/hdds to VolumeSet
2019-10-07 10:51:50,579 [main] INFO  volume.ThrottledAsyncChecker (ThrottledAsyncChecker.java:schedule(139)) - Scheduling a check for org.apache.hadoop.ozone.container.common.volume.HddsVolume@3b24087d
2019-10-07 10:51:50,579 [main] INFO  volume.HddsVolumeChecker (HddsVolumeChecker.java:checkAllVolumes(202)) - Scheduled health check for volume org.apache.hadoop.ozone.container.common.volume.HddsVolume@3b24087d
2019-10-07 10:51:50,593 [main] INFO  impl.RaftServerProxy (ConfUtils.java:logGet(43)) - raft.rpc.type = GRPC (default)
2019-10-07 10:51:50,593 [main] INFO  grpc.GrpcFactory (GrpcFactory.java:checkPooledByteBufAllocatorUseCacheForAllThreads(45)) - PERFORMANCE WARNING: useCacheForAllThreads is true that may cause Netty to create a lot garbage objects and, as a result, trigger GC.
	It is recommended to disable useCacheForAllThreads by setting -Dorg.apache.ratis.thirdparty.io.netty.allocator.useCacheForAllThreads=false in command line.
2019-10-07 10:51:50,593 [main] INFO  grpc.GrpcConfigKeys$Server (ConfUtils.java:logGet(43)) - raft.grpc.server.port = 0 (default)
2019-10-07 10:51:50,593 [main] INFO  server.GrpcService (ConfUtils.java:logGet(43)) - raft.grpc.message.size.max = 33570816 (custom)
2019-10-07 10:51:50,593 [main] INFO  server.RaftServerConfigKeys (ConfUtils.java:logGet(43)) - raft.server.log.appender.buffer.byte-limit = 33554432 (custom)
2019-10-07 10:51:50,594 [main] INFO  server.GrpcService (ConfUtils.java:logGet(43)) - raft.grpc.flow.control.window = 1MB (=1048576) (default)
2019-10-07 10:51:50,594 [main] INFO  server.RaftServerConfigKeys (ConfUtils.java:logGet(43)) - raft.server.rpc.request.timeout = 3000ms (default)
2019-10-07 10:51:50,594 [main] INFO  server.RaftServerConfigKeys (ConfUtils.java:logGet(43)) - raft.server.storage.dir = [/workdir/hadoop-ozone/integration-test/target/test-dir/MiniOzoneClusterImpl-2b840c3e-75e3-4038-9799-12e6f62700d9/datanode-6/data/ratis] (custom)
2019-10-07 10:51:50,595 [main] INFO  hdfs.DFSUtil (DFSUtil.java:httpServerTemplateForNNAndJN(1641)) - Starting Web-server for hddsDatanode at: http://0.0.0.0:0
2019-10-07 10:51:50,596 [main] INFO  server.AuthenticationFilter (AuthenticationFilter.java:constructSecretProvider(240)) - Unable to initialize FileSignerSecretProvider, falling back to use random secrets.
2019-10-07 10:51:50,597 [main] WARN  http.HttpRequestLog (HttpRequestLog.java:getRequestLog(97)) - Jetty request log can only be enabled using Log4j
2019-10-07 10:51:50,598 [main] INFO  http.HttpServer2 (HttpServer2.java:addGlobalFilter(975)) - Added global filter 'safety' (class=org.apache.hadoop.http.HttpServer2$QuotingInputFilter)
2019-10-07 10:51:50,598 [main] INFO  http.HttpServer2 (HttpServer2.java:addFilter(948)) - Added filter static_user_filter (class=org.apache.hadoop.http.lib.StaticUserWebFilter$StaticUserFilter) to context hddsDatanode
2019-10-07 10:51:50,598 [main] INFO  http.HttpServer2 (HttpServer2.java:addFilter(958)) - Added filter static_user_filter (class=org.apache.hadoop.http.lib.StaticUserWebFilter$StaticUserFilter) to context logs
2019-10-07 10:51:50,598 [main] INFO  http.HttpServer2 (HttpServer2.java:addFilter(958)) - Added filter static_user_filter (class=org.apache.hadoop.http.lib.StaticUserWebFilter$StaticUserFilter) to context static
2019-10-07 10:51:50,599 [main] INFO  http.HttpServer2 (HttpServer2.java:bindListener(1191)) - Jetty bound to port 35405
2019-10-07 10:51:50,599 [main] INFO  server.Server (Server.java:doStart(351)) - jetty-9.3.25.v20180904, build timestamp: 2018-09-04T21:11:46Z, git hash: 3ce520221d0240229c862b122d2b06c12a625732
2019-10-07 10:51:50,601 [main] INFO  handler.ContextHandler (ContextHandler.java:doStart(781)) - Started o.e.j.s.ServletContextHandler@11d86b9d{/logs,file:///workdir/hadoop-ozone/integration-test/target/log,AVAILABLE}
2019-10-07 10:51:50,601 [main] INFO  handler.ContextHandler (ContextHandler.java:doStart(781)) - Started o.e.j.s.ServletContextHandler@11381415{/static,jar:file:/home/user/.m2/repository/org/apache/hadoop/hadoop-hdds-container-service/0.5.0-SNAPSHOT/hadoop-hdds-container-service-0.5.0-SNAPSHOT.jar!/webapps/static,AVAILABLE}
2019-10-07 10:51:50,629 [main] INFO  handler.ContextHandler (ContextHandler.java:doStart(781)) - Started o.e.j.w.WebAppContext@4bb147ec{/,file:///tmp/jetty-0.0.0.0-35405-hddsDatanode-_-any-7015910627882073028.dir/webapp/,AVAILABLE}{/hddsDatanode}
2019-10-07 10:51:50,629 [main] INFO  server.AbstractConnector (AbstractConnector.java:doStart(278)) - Started ServerConnector@33f2cfda{HTTP/1.1,[http/1.1]}{0.0.0.0:35405}
2019-10-07 10:51:50,631 [main] INFO  server.Server (Server.java:doStart(419)) - Started @135593ms
2019-10-07 10:51:50,631 [main] WARN  impl.MetricsSystemImpl (MetricsSystemImpl.java:register(276)) - Sink prometheus already exists!
2019-10-07 10:51:50,631 [main] INFO  server.BaseHttpServer (BaseHttpServer.java:updateConnectorAddress(215)) - HTTP server of HDDSDATANODE is listening at http://0.0.0.0:35405
2019-10-07 10:51:50,632 [main] INFO  ozone.MiniOzoneClusterImpl (MiniOzoneClusterImpl.java:lambda$waitForClusterToBeReady$0(147)) - Waiting for cluster to be ready. Got 0 of 7 DN Heartbeats.
2019-10-07 10:51:50,633 [org.apache.hadoop.util.JvmPauseMonitor$Monitor@1b816113] INFO  util.JvmPauseMonitor (JvmPauseMonitor.java:run(188)) - Starting JVM pause monitor
2019-10-07 10:51:50,634 [Datanode State Machine Thread - 0] INFO  datanode.InitDatanodeState (InitDatanodeState.java:persistContainerDatanodeDetails(140)) - DatanodeDetails is persisted to /workdir/hadoop-ozone/integration-test/target/test-dir/MiniOzoneClusterImpl-2b840c3e-75e3-4038-9799-12e6f62700d9/datanode-6/meta/datanode.id
2019-10-07 10:51:51,635 [main] INFO  ozone.MiniOzoneClusterImpl (MiniOzoneClusterImpl.java:lambda$waitForClusterToBeReady$0(147)) - Waiting for cluster to be ready. Got 0 of 7 DN Heartbeats.
2019-10-07 10:51:52,277 [Datanode State Machine Thread - 0] INFO  ozoneimpl.OzoneContainer (OzoneContainer.java:start(213)) - Attempting to start container services.
2019-10-07 10:51:52,279 [Datanode State Machine Thread - 0] INFO  ozoneimpl.OzoneContainer (OzoneContainer.java:startContainerScrub(177)) - Background container scanner has been disabled.
2019-10-07 10:51:52,279 [Datanode State Machine Thread - 0] INFO  ratis.XceiverServerRatis (XceiverServerRatis.java:start(418)) - Starting XceiverServerRatis 24476e73-5d23-4249-9898-8edc248c0287 at port 0
2019-10-07 10:51:52,288 [Datanode State Machine Thread - 0] INFO  impl.RaftServerProxy (RaftServerProxy.java:lambda$start$3(299)) - 24476e73-5d23-4249-9898-8edc248c0287: start RPC server
2019-10-07 10:51:52,291 [Datanode State Machine Thread - 0] INFO  server.GrpcService (GrpcService.java:startImpl(158)) - 24476e73-5d23-4249-9898-8edc248c0287: GrpcService started, listening on 0.0.0.0/0.0.0.0:41742
2019-10-07 10:51:52,291 [Datanode State Machine Thread - 0] INFO  ratis.XceiverServerRatis (XceiverServerRatis.java:start(428)) - XceiverServerRatis 24476e73-5d23-4249-9898-8edc248c0287 is started using port 41742
2019-10-07 10:51:52,293 [Datanode State Machine Thread - 0] INFO  server.XceiverServerGrpc (XceiverServerGrpc.java:start(149)) - XceiverServerGrpc 24476e73-5d23-4249-9898-8edc248c0287 is started using port 41185
2019-10-07 10:51:52,325 [Datanode State Machine Thread - 0] INFO  ozoneimpl.OzoneContainer (OzoneContainer.java:start(213)) - Attempting to start container services.
2019-10-07 10:51:52,325 [Datanode State Machine Thread - 0] INFO  ozoneimpl.OzoneContainer (OzoneContainer.java:startContainerScrub(177)) - Background container scanner has been disabled.
2019-10-07 10:51:52,326 [Datanode State Machine Thread - 0] INFO  ratis.XceiverServerRatis (XceiverServerRatis.java:start(418)) - Starting XceiverServerRatis bb83a435-2a27-45e3-804f-80018d84be95 at port 0
2019-10-07 10:51:52,333 [Datanode State Machine Thread - 0] INFO  impl.RaftServerProxy (RaftServerProxy.java:lambda$start$3(299)) - bb83a435-2a27-45e3-804f-80018d84be95: start RPC server
2019-10-07 10:51:52,336 [Datanode State Machine Thread - 0] INFO  server.GrpcService (GrpcService.java:startImpl(158)) - bb83a435-2a27-45e3-804f-80018d84be95: GrpcService started, listening on 0.0.0.0/0.0.0.0:42266
2019-10-07 10:51:52,336 [Datanode State Machine Thread - 0] INFO  ratis.XceiverServerRatis (XceiverServerRatis.java:start(428)) - XceiverServerRatis bb83a435-2a27-45e3-804f-80018d84be95 is started using port 42266
2019-10-07 10:51:52,336 [Datanode State Machine Thread - 0] INFO  server.XceiverServerGrpc (XceiverServerGrpc.java:start(149)) - XceiverServerGrpc bb83a435-2a27-45e3-804f-80018d84be95 is started using port 44369
2019-10-07 10:51:52,387 [Datanode State Machine Thread - 0] INFO  ozoneimpl.OzoneContainer (OzoneContainer.java:start(213)) - Attempting to start container services.
2019-10-07 10:51:52,390 [Datanode State Machine Thread - 0] INFO  ozoneimpl.OzoneContainer (OzoneContainer.java:startContainerScrub(177)) - Background container scanner has been disabled.
2019-10-07 10:51:52,390 [Datanode State Machine Thread - 0] INFO  ratis.XceiverServerRatis (XceiverServerRatis.java:start(418)) - Starting XceiverServerRatis f0c02f1b-7192-45ee-be91-59a0f18f6150 at port 0
2019-10-07 10:51:52,398 [Datanode State Machine Thread - 0] INFO  impl.RaftServerProxy (RaftServerProxy.java:lambda$start$3(299)) - f0c02f1b-7192-45ee-be91-59a0f18f6150: start RPC server
2019-10-07 10:51:52,400 [Datanode State Machine Thread - 0] INFO  server.GrpcService (GrpcService.java:startImpl(158)) - f0c02f1b-7192-45ee-be91-59a0f18f6150: GrpcService started, listening on 0.0.0.0/0.0.0.0:37217
2019-10-07 10:51:52,400 [Datanode State Machine Thread - 0] INFO  ratis.XceiverServerRatis (XceiverServerRatis.java:start(428)) - XceiverServerRatis f0c02f1b-7192-45ee-be91-59a0f18f6150 is started using port 37217
2019-10-07 10:51:52,402 [Datanode State Machine Thread - 0] INFO  server.XceiverServerGrpc (XceiverServerGrpc.java:start(149)) - XceiverServerGrpc f0c02f1b-7192-45ee-be91-59a0f18f6150 is started using port 38862
2019-10-07 10:51:52,444 [Datanode State Machine Thread - 0] INFO  ozoneimpl.OzoneContainer (OzoneContainer.java:start(213)) - Attempting to start container services.
2019-10-07 10:51:52,445 [Datanode State Machine Thread - 0] INFO  ozoneimpl.OzoneContainer (OzoneContainer.java:startContainerScrub(177)) - Background container scanner has been disabled.
2019-10-07 10:51:52,445 [Datanode State Machine Thread - 0] INFO  ratis.XceiverServerRatis (XceiverServerRatis.java:start(418)) - Starting XceiverServerRatis c9d37369-928a-4e05-9ec2-247ed1de362b at port 0
2019-10-07 10:51:52,452 [Datanode State Machine Thread - 0] INFO  impl.RaftServerProxy (RaftServerProxy.java:lambda$start$3(299)) - c9d37369-928a-4e05-9ec2-247ed1de362b: start RPC server
2019-10-07 10:51:52,455 [Datanode State Machine Thread - 0] INFO  server.GrpcService (GrpcService.java:startImpl(158)) - c9d37369-928a-4e05-9ec2-247ed1de362b: GrpcService started, listening on 0.0.0.0/0.0.0.0:44450
2019-10-07 10:51:52,455 [Datanode State Machine Thread - 0] INFO  ratis.XceiverServerRatis (XceiverServerRatis.java:start(428)) - XceiverServerRatis c9d37369-928a-4e05-9ec2-247ed1de362b is started using port 44450
2019-10-07 10:51:52,457 [Datanode State Machine Thread - 0] INFO  server.XceiverServerGrpc (XceiverServerGrpc.java:start(149)) - XceiverServerGrpc c9d37369-928a-4e05-9ec2-247ed1de362b is started using port 37283
2019-10-07 10:51:52,522 [Datanode State Machine Thread - 0] INFO  ozoneimpl.OzoneContainer (OzoneContainer.java:start(213)) - Attempting to start container services.
2019-10-07 10:51:52,522 [Datanode State Machine Thread - 0] INFO  ozoneimpl.OzoneContainer (OzoneContainer.java:startContainerScrub(177)) - Background container scanner has been disabled.
2019-10-07 10:51:52,522 [Datanode State Machine Thread - 0] INFO  ratis.XceiverServerRatis (XceiverServerRatis.java:start(418)) - Starting XceiverServerRatis 0f65acb1-626d-48ee-8fe7-71ca17c87d6c at port 0
2019-10-07 10:51:52,538 [Datanode State Machine Thread - 0] INFO  impl.RaftServerProxy (RaftServerProxy.java:lambda$start$3(299)) - 0f65acb1-626d-48ee-8fe7-71ca17c87d6c: start RPC server
2019-10-07 10:51:52,541 [Datanode State Machine Thread - 0] INFO  server.GrpcService (GrpcService.java:startImpl(158)) - 0f65acb1-626d-48ee-8fe7-71ca17c87d6c: GrpcService started, listening on 0.0.0.0/0.0.0.0:38194
2019-10-07 10:51:52,541 [Datanode State Machine Thread - 0] INFO  ratis.XceiverServerRatis (XceiverServerRatis.java:start(428)) - XceiverServerRatis 0f65acb1-626d-48ee-8fe7-71ca17c87d6c is started using port 38194
2019-10-07 10:51:52,543 [Datanode State Machine Thread - 0] INFO  server.XceiverServerGrpc (XceiverServerGrpc.java:start(149)) - XceiverServerGrpc 0f65acb1-626d-48ee-8fe7-71ca17c87d6c is started using port 45568
2019-10-07 10:51:52,588 [Datanode State Machine Thread - 0] INFO  ozoneimpl.OzoneContainer (OzoneContainer.java:start(213)) - Attempting to start container services.
2019-10-07 10:51:52,588 [Datanode State Machine Thread - 0] INFO  ozoneimpl.OzoneContainer (OzoneContainer.java:startContainerScrub(177)) - Background container scanner has been disabled.
2019-10-07 10:51:52,588 [Datanode State Machine Thread - 0] INFO  ratis.XceiverServerRatis (XceiverServerRatis.java:start(418)) - Starting XceiverServerRatis 9feb3379-7171-4df4-b299-4b714504f75e at port 0
2019-10-07 10:51:52,596 [Datanode State Machine Thread - 0] INFO  impl.RaftServerProxy (RaftServerProxy.java:lambda$start$3(299)) - 9feb3379-7171-4df4-b299-4b714504f75e: start RPC server
2019-10-07 10:51:52,611 [Datanode State Machine Thread - 0] INFO  server.GrpcService (GrpcService.java:startImpl(158)) - 9feb3379-7171-4df4-b299-4b714504f75e: GrpcService started, listening on 0.0.0.0/0.0.0.0:36247
2019-10-07 10:51:52,611 [Datanode State Machine Thread - 0] INFO  ratis.XceiverServerRatis (XceiverServerRatis.java:start(428)) - XceiverServerRatis 9feb3379-7171-4df4-b299-4b714504f75e is started using port 36247
2019-10-07 10:51:52,616 [Datanode State Machine Thread - 0] INFO  server.XceiverServerGrpc (XceiverServerGrpc.java:start(149)) - XceiverServerGrpc 9feb3379-7171-4df4-b299-4b714504f75e is started using port 39768
2019-10-07 10:51:52,637 [main] INFO  ozone.MiniOzoneClusterImpl (MiniOzoneClusterImpl.java:lambda$waitForClusterToBeReady$0(147)) - Waiting for cluster to be ready. Got 0 of 7 DN Heartbeats.
2019-10-07 10:51:52,648 [Datanode State Machine Thread - 0] INFO  ozoneimpl.OzoneContainer (OzoneContainer.java:start(213)) - Attempting to start container services.
2019-10-07 10:51:52,649 [Datanode State Machine Thread - 0] INFO  ozoneimpl.OzoneContainer (OzoneContainer.java:startContainerScrub(177)) - Background container scanner has been disabled.
2019-10-07 10:51:52,649 [Datanode State Machine Thread - 0] INFO  ratis.XceiverServerRatis (XceiverServerRatis.java:start(418)) - Starting XceiverServerRatis 818478d2-41a1-4e77-b964-c69b50d36fc4 at port 0
2019-10-07 10:51:52,656 [Datanode State Machine Thread - 0] INFO  impl.RaftServerProxy (RaftServerProxy.java:lambda$start$3(299)) - 818478d2-41a1-4e77-b964-c69b50d36fc4: start RPC server
2019-10-07 10:51:52,659 [Datanode State Machine Thread - 0] INFO  server.GrpcService (GrpcService.java:startImpl(158)) - 818478d2-41a1-4e77-b964-c69b50d36fc4: GrpcService started, listening on 0.0.0.0/0.0.0.0:39506
2019-10-07 10:51:52,660 [Datanode State Machine Thread - 0] INFO  ratis.XceiverServerRatis (XceiverServerRatis.java:start(428)) - XceiverServerRatis 818478d2-41a1-4e77-b964-c69b50d36fc4 is started using port 39506
2019-10-07 10:51:52,662 [Datanode State Machine Thread - 0] INFO  server.XceiverServerGrpc (XceiverServerGrpc.java:start(149)) - XceiverServerGrpc 818478d2-41a1-4e77-b964-c69b50d36fc4 is started using port 45077
2019-10-07 10:51:53,637 [main] INFO  ozone.MiniOzoneClusterImpl (MiniOzoneClusterImpl.java:lambda$waitForClusterToBeReady$0(147)) - Waiting for cluster to be ready. Got 0 of 7 DN Heartbeats.
2019-10-07 10:51:54,247 [IPC Server handler 3 on 38578] INFO  net.NetworkTopology (NetworkTopologyImpl.java:add(111)) - Added a new node: /default-rack/24476e73-5d23-4249-9898-8edc248c0287
2019-10-07 10:51:54,250 [IPC Server handler 3 on 38578] INFO  node.SCMNodeManager (SCMNodeManager.java:register(268)) - Registered Data node : 24476e73-5d23-4249-9898-8edc248c0287{ip: 192.168.5.148, host: pr-hdds-2238-6jxtw-691721237, networkLocation: /default-rack, certSerialId: null}
2019-10-07 10:51:54,251 [EventQueue-NodeRegistrationContainerReportForDataNodeSafeModeRule] INFO  safemode.SCMSafeModeManager (DataNodeSafeModeRule.java:process(71)) - SCM in safe mode. 1 DataNodes registered, 1 required.
2019-10-07 10:51:54,253 [EventQueue-NodeRegistrationContainerReportForDataNodeSafeModeRule] INFO  safemode.SCMSafeModeManager (SCMSafeModeManager.java:validateSafeModeExitRules(177)) - ScmSafeModeManager, all rules are successfully validated
2019-10-07 10:51:54,253 [EventQueue-NodeRegistrationContainerReportForDataNodeSafeModeRule] INFO  safemode.SCMSafeModeManager (SCMSafeModeManager.java:exitSafeMode(193)) - SCM exiting safe mode.
2019-10-07 10:51:54,265 [grpc-default-executor-0] INFO  impl.RaftServerProxy (RaftServerProxy.java:addNew(89)) - 24476e73-5d23-4249-9898-8edc248c0287: addNew group-A4E6D5AB18A3:[24476e73-5d23-4249-9898-8edc248c0287:192.168.5.148:41742] returns group-A4E6D5AB18A3:java.util.concurrent.CompletableFuture@d45f31a[Not completed]
2019-10-07 10:51:54,268 [pool-207-thread-1] INFO  impl.RaftServerImpl (RaftServerImpl.java:<init>(95)) - 24476e73-5d23-4249-9898-8edc248c0287: new RaftServerImpl for group-A4E6D5AB18A3:[24476e73-5d23-4249-9898-8edc248c0287:192.168.5.148:41742] with ContainerStateMachine:uninitialized
2019-10-07 10:51:54,269 [pool-207-thread-1] INFO  server.RaftServerConfigKeys (ConfUtils.java:logGet(43)) - raft.server.rpc.timeout.min = 5s (custom)
2019-10-07 10:51:54,269 [pool-207-thread-1] INFO  server.RaftServerConfigKeys (ConfUtils.java:logGet(43)) - raft.server.rpc.timeout.max = 5200ms (custom)
2019-10-07 10:51:54,269 [pool-207-thread-1] INFO  server.RaftServerConfigKeys (ConfUtils.java:logGet(43)) - raft.server.rpcslowness.timeout = 120s (custom)
2019-10-07 10:51:54,269 [pool-207-thread-1] INFO  server.RaftServerConfigKeys (ConfUtils.java:logGet(43)) - raft.server.sleep.deviation.threshold = 300 (default)
2019-10-07 10:51:54,269 [pool-207-thread-1] INFO  server.RaftServerConfigKeys (ConfUtils.java:logGet(43)) - raft.server.log.appender.install.snapshot.enabled = false (custom)
2019-10-07 10:51:54,269 [pool-207-thread-1] INFO  impl.RaftServerImpl (ServerState.java:<init>(103)) - 24476e73-5d23-4249-9898-8edc248c0287@group-A4E6D5AB18A3: ConfigurationManager, init=-1: [24476e73-5d23-4249-9898-8edc248c0287:192.168.5.148:41742], old=null, confs=<EMPTY_MAP>
2019-10-07 10:51:54,270 [pool-207-thread-1] INFO  server.RaftServerConfigKeys (ConfUtils.java:logGet(43)) - raft.server.storage.dir = [/workdir/hadoop-ozone/integration-test/target/test-dir/MiniOzoneClusterImpl-2b840c3e-75e3-4038-9799-12e6f62700d9/datanode-0/data/ratis] (custom)
2019-10-07 10:51:54,270 [pool-207-thread-1] INFO  server.RaftServerConfigKeys (ConfUtils.java:logGet(43)) - raft.server.log.corruption.policy = EXCEPTION (default)
2019-10-07 10:51:54,270 [pool-207-thread-1] INFO  storage.RaftStorageDirectory (RaftStorageDirectory.java:analyzeStorage(246)) - The storage directory /workdir/hadoop-ozone/integration-test/target/test-dir/MiniOzoneClusterImpl-2b840c3e-75e3-4038-9799-12e6f62700d9/datanode-0/data/ratis/66557b6c-640e-435d-a519-a4e6d5ab18a3 does not exist. Creating ...
2019-10-07 10:51:54,283 [pool-207-thread-1] INFO  storage.RaftStorageDirectory (RaftStorageDirectory.java:tryLock(328)) - Lock on /workdir/hadoop-ozone/integration-test/target/test-dir/MiniOzoneClusterImpl-2b840c3e-75e3-4038-9799-12e6f62700d9/datanode-0/data/ratis/66557b6c-640e-435d-a519-a4e6d5ab18a3/in_use.lock acquired by nodename 24021@pr-hdds-2238-6jxtw-691721237
2019-10-07 10:51:54,296 [pool-207-thread-1] INFO  storage.RaftStorage (RaftStorage.java:format(84)) - Storage directory /workdir/hadoop-ozone/integration-test/target/test-dir/MiniOzoneClusterImpl-2b840c3e-75e3-4038-9799-12e6f62700d9/datanode-0/data/ratis/66557b6c-640e-435d-a519-a4e6d5ab18a3 has been successfully formatted.
2019-10-07 10:51:54,296 [pool-207-thread-1] INFO  ratis.ContainerStateMachine (ContainerStateMachine.java:loadSnapshot(231)) - group-A4E6D5AB18A3: The snapshot info is null. Setting the last applied indexto:(t:0, i:~)
2019-10-07 10:51:54,297 [pool-207-thread-1] INFO  server.RaftServerConfigKeys (ConfUtils.java:logGet(43)) - raft.server.notification.no-leader.timeout = 120s (custom)
2019-10-07 10:51:54,297 [pool-207-thread-1] INFO  server.RaftServerConfigKeys (ConfUtils.java:logGet(43)) - raft.server.log.use.memory = false (default)
2019-10-07 10:51:54,297 [pool-207-thread-1] INFO  server.RaftServerConfigKeys (ConfUtils.java:logGet(43)) - raft.server.log.purge.gap = 1000000 (custom)
2019-10-07 10:51:54,297 [pool-207-thread-1] INFO  server.RaftServerConfigKeys (ConfUtils.java:logGet(43)) - raft.server.log.appender.buffer.byte-limit = 33554432 (custom)
2019-10-07 10:51:54,297 [pool-207-thread-1] INFO  server.RaftServerConfigKeys (ConfUtils.java:logGet(43)) - raft.server.log.segment.size.max = 1048576 (custom)
2019-10-07 10:51:54,299 [pool-207-thread-1] INFO  server.RaftServerConfigKeys (ConfUtils.java:logGet(43)) - raft.server.log.segment.cache.num.max = 2 (custom)
2019-10-07 10:51:54,299 [pool-207-thread-1] INFO  segmented.SegmentedRaftLogWorker (SegmentedRaftLogWorker.java:<init>(173)) - new 24476e73-5d23-4249-9898-8edc248c0287@group-A4E6D5AB18A3-SegmentedRaftLogWorker for RaftStorage:Storage Directory /workdir/hadoop-ozone/integration-test/target/test-dir/MiniOzoneClusterImpl-2b840c3e-75e3-4038-9799-12e6f62700d9/datanode-0/data/ratis/66557b6c-640e-435d-a519-a4e6d5ab18a3
2019-10-07 10:51:54,299 [pool-207-thread-1] INFO  server.RaftServerConfigKeys (ConfUtils.java:logGet(43)) - raft.server.log.queue.byte-limit = 2147483647 (custom)
2019-10-07 10:51:54,299 [pool-207-thread-1] INFO  server.RaftServerConfigKeys (ConfUtils.java:logGet(43)) - raft.server.log.queue.element-limit = 1024 (custom)
2019-10-07 10:51:54,299 [pool-207-thread-1] INFO  server.RaftServerConfigKeys (ConfUtils.java:logGet(43)) - raft.server.log.segment.size.max = 1048576 (custom)
2019-10-07 10:51:54,299 [pool-207-thread-1] INFO  server.RaftServerConfigKeys (ConfUtils.java:logGet(43)) - raft.server.log.preallocated.size = 16384 (custom)
2019-10-07 10:51:54,300 [pool-207-thread-1] INFO  server.RaftServerConfigKeys (ConfUtils.java:logGet(43)) - raft.server.log.write.buffer.size = 33554432 (custom)
2019-10-07 10:51:54,300 [pool-207-thread-1] INFO  server.RaftServerConfigKeys (ConfUtils.java:logGet(43)) - raft.server.log.force.sync.num = 128 (default)
2019-10-07 10:51:54,300 [pool-207-thread-1] INFO  server.RaftServerConfigKeys (ConfUtils.java:logGet(43)) - raft.server.log.statemachine.data.sync = true (default)
2019-10-07 10:51:54,300 [pool-207-thread-1] INFO  server.RaftServerConfigKeys (ConfUtils.java:logGet(43)) - raft.server.log.statemachine.data.sync.timeout = 10s (default)
2019-10-07 10:51:54,300 [pool-207-thread-1] INFO  server.RaftServerConfigKeys (ConfUtils.java:logGet(43)) - raft.server.log.statemachine.data.sync.timeout.retry = -1 (default)
2019-10-07 10:51:54,300 [pool-207-thread-1] INFO  server.RaftServerConfigKeys (ConfUtils.java:logGet(43)) - raft.server.log.statemachine.data.caching.enabled = true (custom)
2019-10-07 10:51:54,301 [pool-207-thread-1] INFO  segmented.SegmentedRaftLogWorker (SegmentedRaftLogWorker.java:lambda$new$0(128)) - 24476e73-5d23-4249-9898-8edc248c0287@group-A4E6D5AB18A3-SegmentedRaftLogWorker: flushIndex: setUnconditionally 0 -> -1
2019-10-07 10:51:54,301 [pool-207-thread-1] INFO  server.RaftServerConfigKeys (ConfUtils.java:logGet(43)) - raft.server.snapshot.auto.trigger.enabled = true (custom)
2019-10-07 10:51:54,301 [pool-207-thread-1] INFO  server.RaftServerConfigKeys (ConfUtils.java:logGet(43)) - raft.server.snapshot.auto.trigger.threshold = 10000 (custom)
2019-10-07 10:51:54,301 [pool-207-thread-1] INFO  server.RaftServerConfigKeys (ConfUtils.java:logGet(43)) - raft.server.snapshot.retention.file.num = 5 (custom)
2019-10-07 10:51:54,301 [pool-207-thread-1] INFO  server.RaftServerConfigKeys (ConfUtils.java:logGet(43)) - raft.server.retrycache.expirytime = 600000ms (custom)
2019-10-07 10:51:54,303 [pool-207-thread-1] INFO  impl.RaftServerImpl (RaftServerImpl.java:start(181)) - 24476e73-5d23-4249-9898-8edc248c0287@group-A4E6D5AB18A3: start as a follower, conf=-1: [24476e73-5d23-4249-9898-8edc248c0287:192.168.5.148:41742], old=null
2019-10-07 10:51:54,303 [pool-207-thread-1] INFO  impl.RaftServerImpl (RaftServerImpl.java:setRole(170)) - 24476e73-5d23-4249-9898-8edc248c0287@group-A4E6D5AB18A3: changes role from      null to FOLLOWER at term 0 for startAsFollower
2019-10-07 10:51:54,303 [pool-207-thread-1] INFO  impl.RoleInfo (RoleInfo.java:updateAndGet(143)) - 24476e73-5d23-4249-9898-8edc248c0287: start FollowerState
2019-10-07 10:51:54,303 [pool-207-thread-1] INFO  util.JmxRegister (JmxRegister.java:tryRegister(44)) - Successfully registered JMX Bean with object name Ratis:service=RaftServer,group=group-A4E6D5AB18A3,id=24476e73-5d23-4249-9898-8edc248c0287
2019-10-07 10:51:54,308 [RatisPipelineUtilsThread] INFO  pipeline.PipelineStateManager (PipelineStateManager.java:addPipeline(56)) - Created pipeline Pipeline[ Id: 66557b6c-640e-435d-a519-a4e6d5ab18a3, Nodes: 24476e73-5d23-4249-9898-8edc248c0287{ip: 192.168.5.148, host: pr-hdds-2238-6jxtw-691721237, networkLocation: /default-rack, certSerialId: null}, Type:RATIS, Factor:ONE, State:OPEN]
2019-10-07 10:51:54,309 [IPC Server handler 4 on 38578] INFO  net.NetworkTopology (NetworkTopologyImpl.java:add(111)) - Added a new node: /default-rack/bb83a435-2a27-45e3-804f-80018d84be95
2019-10-07 10:51:54,309 [IPC Server handler 4 on 38578] INFO  node.SCMNodeManager (SCMNodeManager.java:register(268)) - Registered Data node : bb83a435-2a27-45e3-804f-80018d84be95{ip: 192.168.5.148, host: pr-hdds-2238-6jxtw-691721237, networkLocation: /default-rack, certSerialId: null}
2019-10-07 10:51:54,374 [IPC Server handler 6 on 38578] INFO  net.NetworkTopology (NetworkTopologyImpl.java:add(111)) - Added a new node: /default-rack/f0c02f1b-7192-45ee-be91-59a0f18f6150
2019-10-07 10:51:54,374 [IPC Server handler 6 on 38578] INFO  node.SCMNodeManager (SCMNodeManager.java:register(268)) - Registered Data node : f0c02f1b-7192-45ee-be91-59a0f18f6150{ip: 192.168.5.148, host: pr-hdds-2238-6jxtw-691721237, networkLocation: /default-rack, certSerialId: null}
2019-10-07 10:51:54,387 [grpc-default-executor-0] INFO  impl.RaftServerProxy (RaftServerProxy.java:addNew(89)) - f0c02f1b-7192-45ee-be91-59a0f18f6150: addNew group-1BB43F90BC4F:[f0c02f1b-7192-45ee-be91-59a0f18f6150:192.168.5.148:37217] returns group-1BB43F90BC4F:java.util.concurrent.CompletableFuture@3bae126f[Not completed]
2019-10-07 10:51:54,388 [pool-227-thread-1] INFO  impl.RaftServerImpl (RaftServerImpl.java:<init>(95)) - f0c02f1b-7192-45ee-be91-59a0f18f6150: new RaftServerImpl for group-1BB43F90BC4F:[f0c02f1b-7192-45ee-be91-59a0f18f6150:192.168.5.148:37217] with ContainerStateMachine:uninitialized
2019-10-07 10:51:54,389 [pool-227-thread-1] INFO  server.RaftServerConfigKeys (ConfUtils.java:logGet(43)) - raft.server.rpc.timeout.min = 5s (custom)
2019-10-07 10:51:54,389 [pool-227-thread-1] INFO  server.RaftServerConfigKeys (ConfUtils.java:logGet(43)) - raft.server.rpc.timeout.max = 5200ms (custom)
2019-10-07 10:51:54,389 [pool-227-thread-1] INFO  server.RaftServerConfigKeys (ConfUtils.java:logGet(43)) - raft.server.rpcslowness.timeout = 120s (custom)
2019-10-07 10:51:54,389 [pool-227-thread-1] INFO  server.RaftServerConfigKeys (ConfUtils.java:logGet(43)) - raft.server.sleep.deviation.threshold = 300 (default)
2019-10-07 10:51:54,389 [pool-227-thread-1] INFO  server.RaftServerConfigKeys (ConfUtils.java:logGet(43)) - raft.server.log.appender.install.snapshot.enabled = false (custom)
2019-10-07 10:51:54,389 [pool-227-thread-1] INFO  impl.RaftServerImpl (ServerState.java:<init>(103)) - f0c02f1b-7192-45ee-be91-59a0f18f6150@group-1BB43F90BC4F: ConfigurationManager, init=-1: [f0c02f1b-7192-45ee-be91-59a0f18f6150:192.168.5.148:37217], old=null, confs=<EMPTY_MAP>
2019-10-07 10:51:54,389 [pool-227-thread-1] INFO  server.RaftServerConfigKeys (ConfUtils.java:logGet(43)) - raft.server.storage.dir = [/workdir/hadoop-ozone/integration-test/target/test-dir/MiniOzoneClusterImpl-2b840c3e-75e3-4038-9799-12e6f62700d9/datanode-2/data/ratis] (custom)
2019-10-07 10:51:54,390 [pool-227-thread-1] INFO  server.RaftServerConfigKeys (ConfUtils.java:logGet(43)) - raft.server.log.corruption.policy = EXCEPTION (default)
2019-10-07 10:51:54,390 [pool-227-thread-1] INFO  storage.RaftStorageDirectory (RaftStorageDirectory.java:analyzeStorage(246)) - The storage directory /workdir/hadoop-ozone/integration-test/target/test-dir/MiniOzoneClusterImpl-2b840c3e-75e3-4038-9799-12e6f62700d9/datanode-2/data/ratis/3960240e-9246-48c0-adec-1bb43f90bc4f does not exist. Creating ...
2019-10-07 10:51:54,402 [pool-227-thread-1] INFO  storage.RaftStorageDirectory (RaftStorageDirectory.java:tryLock(328)) - Lock on /workdir/hadoop-ozone/integration-test/target/test-dir/MiniOzoneClusterImpl-2b840c3e-75e3-4038-9799-12e6f62700d9/datanode-2/data/ratis/3960240e-9246-48c0-adec-1bb43f90bc4f/in_use.lock acquired by nodename 24021@pr-hdds-2238-6jxtw-691721237
2019-10-07 10:51:54,415 [pool-227-thread-1] INFO  storage.RaftStorage (RaftStorage.java:format(84)) - Storage directory /workdir/hadoop-ozone/integration-test/target/test-dir/MiniOzoneClusterImpl-2b840c3e-75e3-4038-9799-12e6f62700d9/datanode-2/data/ratis/3960240e-9246-48c0-adec-1bb43f90bc4f has been successfully formatted.
2019-10-07 10:51:54,415 [pool-227-thread-1] INFO  ratis.ContainerStateMachine (ContainerStateMachine.java:loadSnapshot(231)) - group-1BB43F90BC4F: The snapshot info is null. Setting the last applied indexto:(t:0, i:~)
2019-10-07 10:51:54,415 [pool-227-thread-1] INFO  server.RaftServerConfigKeys (ConfUtils.java:logGet(43)) - raft.server.notification.no-leader.timeout = 120s (custom)
2019-10-07 10:51:54,415 [pool-227-thread-1] INFO  server.RaftServerConfigKeys (ConfUtils.java:logGet(43)) - raft.server.log.use.memory = false (default)
2019-10-07 10:51:54,415 [pool-227-thread-1] INFO  server.RaftServerConfigKeys (ConfUtils.java:logGet(43)) - raft.server.log.purge.gap = 1000000 (custom)
2019-10-07 10:51:54,416 [pool-227-thread-1] INFO  server.RaftServerConfigKeys (ConfUtils.java:logGet(43)) - raft.server.log.appender.buffer.byte-limit = 33554432 (custom)
2019-10-07 10:51:54,416 [pool-227-thread-1] INFO  server.RaftServerConfigKeys (ConfUtils.java:logGet(43)) - raft.server.log.segment.size.max = 1048576 (custom)
2019-10-07 10:51:54,419 [pool-227-thread-1] INFO  server.RaftServerConfigKeys (ConfUtils.java:logGet(43)) - raft.server.log.segment.cache.num.max = 2 (custom)
2019-10-07 10:51:54,419 [pool-227-thread-1] INFO  segmented.SegmentedRaftLogWorker (SegmentedRaftLogWorker.java:<init>(173)) - new f0c02f1b-7192-45ee-be91-59a0f18f6150@group-1BB43F90BC4F-SegmentedRaftLogWorker for RaftStorage:Storage Directory /workdir/hadoop-ozone/integration-test/target/test-dir/MiniOzoneClusterImpl-2b840c3e-75e3-4038-9799-12e6f62700d9/datanode-2/data/ratis/3960240e-9246-48c0-adec-1bb43f90bc4f
2019-10-07 10:51:54,419 [pool-227-thread-1] INFO  server.RaftServerConfigKeys (ConfUtils.java:logGet(43)) - raft.server.log.queue.byte-limit = 2147483647 (custom)
2019-10-07 10:51:54,419 [pool-227-thread-1] INFO  server.RaftServerConfigKeys (ConfUtils.java:logGet(43)) - raft.server.log.queue.element-limit = 1024 (custom)
2019-10-07 10:51:54,419 [pool-227-thread-1] INFO  server.RaftServerConfigKeys (ConfUtils.java:logGet(43)) - raft.server.log.segment.size.max = 1048576 (custom)
2019-10-07 10:51:54,419 [pool-227-thread-1] INFO  server.RaftServerConfigKeys (ConfUtils.java:logGet(43)) - raft.server.log.preallocated.size = 16384 (custom)
2019-10-07 10:51:54,419 [pool-227-thread-1] INFO  server.RaftServerConfigKeys (ConfUtils.java:logGet(43)) - raft.server.log.write.buffer.size = 33554432 (custom)
2019-10-07 10:51:54,420 [pool-227-thread-1] INFO  server.RaftServerConfigKeys (ConfUtils.java:logGet(43)) - raft.server.log.force.sync.num = 128 (default)
2019-10-07 10:51:54,420 [pool-227-thread-1] INFO  server.RaftServerConfigKeys (ConfUtils.java:logGet(43)) - raft.server.log.statemachine.data.sync = true (default)
2019-10-07 10:51:54,420 [pool-227-thread-1] INFO  server.RaftServerConfigKeys (ConfUtils.java:logGet(43)) - raft.server.log.statemachine.data.sync.timeout = 10s (default)
2019-10-07 10:51:54,420 [pool-227-thread-1] INFO  server.RaftServerConfigKeys (ConfUtils.java:logGet(43)) - raft.server.log.statemachine.data.sync.timeout.retry = -1 (default)
2019-10-07 10:51:54,420 [pool-227-thread-1] INFO  server.RaftServerConfigKeys (ConfUtils.java:logGet(43)) - raft.server.log.statemachine.data.caching.enabled = true (custom)
2019-10-07 10:51:54,421 [pool-227-thread-1] INFO  segmented.SegmentedRaftLogWorker (SegmentedRaftLogWorker.java:lambda$new$0(128)) - f0c02f1b-7192-45ee-be91-59a0f18f6150@group-1BB43F90BC4F-SegmentedRaftLogWorker: flushIndex: setUnconditionally 0 -> -1
2019-10-07 10:51:54,421 [pool-227-thread-1] INFO  server.RaftServerConfigKeys (ConfUtils.java:logGet(43)) - raft.server.snapshot.auto.trigger.enabled = true (custom)
2019-10-07 10:51:54,421 [pool-227-thread-1] INFO  server.RaftServerConfigKeys (ConfUtils.java:logGet(43)) - raft.server.snapshot.auto.trigger.threshold = 10000 (custom)
2019-10-07 10:51:54,421 [pool-227-thread-1] INFO  server.RaftServerConfigKeys (ConfUtils.java:logGet(43)) - raft.server.snapshot.retention.file.num = 5 (custom)
2019-10-07 10:51:54,421 [pool-227-thread-1] INFO  server.RaftServerConfigKeys (ConfUtils.java:logGet(43)) - raft.server.retrycache.expirytime = 600000ms (custom)
2019-10-07 10:51:54,423 [pool-227-thread-1] INFO  impl.RaftServerImpl (RaftServerImpl.java:start(181)) - f0c02f1b-7192-45ee-be91-59a0f18f6150@group-1BB43F90BC4F: start as a follower, conf=-1: [f0c02f1b-7192-45ee-be91-59a0f18f6150:192.168.5.148:37217], old=null
2019-10-07 10:51:54,423 [pool-227-thread-1] INFO  impl.RaftServerImpl (RaftServerImpl.java:setRole(170)) - f0c02f1b-7192-45ee-be91-59a0f18f6150@group-1BB43F90BC4F: changes role from      null to FOLLOWER at term 0 for startAsFollower
2019-10-07 10:51:54,423 [pool-227-thread-1] INFO  impl.RoleInfo (RoleInfo.java:updateAndGet(143)) - f0c02f1b-7192-45ee-be91-59a0f18f6150: start FollowerState
2019-10-07 10:51:54,424 [pool-227-thread-1] INFO  util.JmxRegister (JmxRegister.java:tryRegister(44)) - Successfully registered JMX Bean with object name Ratis:service=RaftServer,group=group-1BB43F90BC4F,id=f0c02f1b-7192-45ee-be91-59a0f18f6150
2019-10-07 10:51:54,428 [RatisPipelineUtilsThread] INFO  pipeline.PipelineStateManager (PipelineStateManager.java:addPipeline(56)) - Created pipeline Pipeline[ Id: 3960240e-9246-48c0-adec-1bb43f90bc4f, Nodes: f0c02f1b-7192-45ee-be91-59a0f18f6150{ip: 192.168.5.148, host: pr-hdds-2238-6jxtw-691721237, networkLocation: /default-rack, certSerialId: null}, Type:RATIS, Factor:ONE, State:OPEN]
2019-10-07 10:51:54,434 [grpc-default-executor-0] INFO  impl.RaftServerProxy (RaftServerProxy.java:addNew(89)) - bb83a435-2a27-45e3-804f-80018d84be95: addNew group-DDE7C8B178E6:[bb83a435-2a27-45e3-804f-80018d84be95:192.168.5.148:42266] returns group-DDE7C8B178E6:java.util.concurrent.CompletableFuture@8d8137f[Not completed]
2019-10-07 10:51:54,435 [pool-217-thread-1] INFO  impl.RaftServerImpl (RaftServerImpl.java:<init>(95)) - bb83a435-2a27-45e3-804f-80018d84be95: new RaftServerImpl for group-DDE7C8B178E6:[bb83a435-2a27-45e3-804f-80018d84be95:192.168.5.148:42266] with ContainerStateMachine:uninitialized
2019-10-07 10:51:54,436 [pool-217-thread-1] INFO  server.RaftServerConfigKeys (ConfUtils.java:logGet(43)) - raft.server.rpc.timeout.min = 5s (custom)
2019-10-07 10:51:54,436 [pool-217-thread-1] INFO  server.RaftServerConfigKeys (ConfUtils.java:logGet(43)) - raft.server.rpc.timeout.max = 5200ms (custom)
2019-10-07 10:51:54,436 [pool-217-thread-1] INFO  server.RaftServerConfigKeys (ConfUtils.java:logGet(43)) - raft.server.rpcslowness.timeout = 120s (custom)
2019-10-07 10:51:54,436 [pool-217-thread-1] INFO  server.RaftServerConfigKeys (ConfUtils.java:logGet(43)) - raft.server.sleep.deviation.threshold = 300 (default)
2019-10-07 10:51:54,436 [pool-217-thread-1] INFO  server.RaftServerConfigKeys (ConfUtils.java:logGet(43)) - raft.server.log.appender.install.snapshot.enabled = false (custom)
2019-10-07 10:51:54,436 [pool-217-thread-1] INFO  impl.RaftServerImpl (ServerState.java:<init>(103)) - bb83a435-2a27-45e3-804f-80018d84be95@group-DDE7C8B178E6: ConfigurationManager, init=-1: [bb83a435-2a27-45e3-804f-80018d84be95:192.168.5.148:42266], old=null, confs=<EMPTY_MAP>
2019-10-07 10:51:54,436 [pool-217-thread-1] INFO  server.RaftServerConfigKeys (ConfUtils.java:logGet(43)) - raft.server.storage.dir = [/workdir/hadoop-ozone/integration-test/target/test-dir/MiniOzoneClusterImpl-2b840c3e-75e3-4038-9799-12e6f62700d9/datanode-1/data/ratis] (custom)
2019-10-07 10:51:54,436 [pool-217-thread-1] INFO  server.RaftServerConfigKeys (ConfUtils.java:logGet(43)) - raft.server.log.corruption.policy = EXCEPTION (default)
2019-10-07 10:51:54,437 [pool-217-thread-1] INFO  storage.RaftStorageDirectory (RaftStorageDirectory.java:analyzeStorage(246)) - The storage directory /workdir/hadoop-ozone/integration-test/target/test-dir/MiniOzoneClusterImpl-2b840c3e-75e3-4038-9799-12e6f62700d9/datanode-1/data/ratis/80c3b4bf-ef12-4e09-8542-dde7c8b178e6 does not exist. Creating ...
2019-10-07 10:51:54,441 [IPC Server handler 13 on 38578] INFO  net.NetworkTopology (NetworkTopologyImpl.java:add(111)) - Added a new node: /default-rack/c9d37369-928a-4e05-9ec2-247ed1de362b
2019-10-07 10:51:54,441 [IPC Server handler 13 on 38578] INFO  node.SCMNodeManager (SCMNodeManager.java:register(268)) - Registered Data node : c9d37369-928a-4e05-9ec2-247ed1de362b{ip: 192.168.5.148, host: pr-hdds-2238-6jxtw-691721237, networkLocation: /default-rack, certSerialId: null}
2019-10-07 10:51:54,457 [pool-217-thread-1] INFO  storage.RaftStorageDirectory (RaftStorageDirectory.java:tryLock(328)) - Lock on /workdir/hadoop-ozone/integration-test/target/test-dir/MiniOzoneClusterImpl-2b840c3e-75e3-4038-9799-12e6f62700d9/datanode-1/data/ratis/80c3b4bf-ef12-4e09-8542-dde7c8b178e6/in_use.lock acquired by nodename 24021@pr-hdds-2238-6jxtw-691721237
2019-10-07 10:51:54,470 [pool-217-thread-1] INFO  storage.RaftStorage (RaftStorage.java:format(84)) - Storage directory /workdir/hadoop-ozone/integration-test/target/test-dir/MiniOzoneClusterImpl-2b840c3e-75e3-4038-9799-12e6f62700d9/datanode-1/data/ratis/80c3b4bf-ef12-4e09-8542-dde7c8b178e6 has been successfully formatted.
2019-10-07 10:51:54,470 [pool-217-thread-1] INFO  ratis.ContainerStateMachine (ContainerStateMachine.java:loadSnapshot(231)) - group-DDE7C8B178E6: The snapshot info is null. Setting the last applied indexto:(t:0, i:~)
2019-10-07 10:51:54,470 [pool-217-thread-1] INFO  server.RaftServerConfigKeys (ConfUtils.java:logGet(43)) - raft.server.notification.no-leader.timeout = 120s (custom)
2019-10-07 10:51:54,471 [pool-217-thread-1] INFO  server.RaftServerConfigKeys (ConfUtils.java:logGet(43)) - raft.server.log.use.memory = false (default)
2019-10-07 10:51:54,471 [pool-217-thread-1] INFO  server.RaftServerConfigKeys (ConfUtils.java:logGet(43)) - raft.server.log.purge.gap = 1000000 (custom)
2019-10-07 10:51:54,471 [pool-217-thread-1] INFO  server.RaftServerConfigKeys (ConfUtils.java:logGet(43)) - raft.server.log.appender.buffer.byte-limit = 33554432 (custom)
2019-10-07 10:51:54,471 [pool-217-thread-1] INFO  server.RaftServerConfigKeys (ConfUtils.java:logGet(43)) - raft.server.log.segment.size.max = 1048576 (custom)
2019-10-07 10:51:54,473 [pool-217-thread-1] INFO  server.RaftServerConfigKeys (ConfUtils.java:logGet(43)) - raft.server.log.segment.cache.num.max = 2 (custom)
2019-10-07 10:51:54,473 [pool-217-thread-1] INFO  segmented.SegmentedRaftLogWorker (SegmentedRaftLogWorker.java:<init>(173)) - new bb83a435-2a27-45e3-804f-80018d84be95@group-DDE7C8B178E6-SegmentedRaftLogWorker for RaftStorage:Storage Directory /workdir/hadoop-ozone/integration-test/target/test-dir/MiniOzoneClusterImpl-2b840c3e-75e3-4038-9799-12e6f62700d9/datanode-1/data/ratis/80c3b4bf-ef12-4e09-8542-dde7c8b178e6
2019-10-07 10:51:54,473 [pool-217-thread-1] INFO  server.RaftServerConfigKeys (ConfUtils.java:logGet(43)) - raft.server.log.queue.byte-limit = 2147483647 (custom)
2019-10-07 10:51:54,473 [pool-217-thread-1] INFO  server.RaftServerConfigKeys (ConfUtils.java:logGet(43)) - raft.server.log.queue.element-limit = 1024 (custom)
2019-10-07 10:51:54,474 [pool-217-thread-1] INFO  server.RaftServerConfigKeys (ConfUtils.java:logGet(43)) - raft.server.log.segment.size.max = 1048576 (custom)
2019-10-07 10:51:54,474 [pool-217-thread-1] INFO  server.RaftServerConfigKeys (ConfUtils.java:logGet(43)) - raft.server.log.preallocated.size = 16384 (custom)
2019-10-07 10:51:54,474 [pool-217-thread-1] INFO  server.RaftServerConfigKeys (ConfUtils.java:logGet(43)) - raft.server.log.write.buffer.size = 33554432 (custom)
2019-10-07 10:51:54,474 [pool-217-thread-1] INFO  server.RaftServerConfigKeys (ConfUtils.java:logGet(43)) - raft.server.log.force.sync.num = 128 (default)
2019-10-07 10:51:54,474 [pool-217-thread-1] INFO  server.RaftServerConfigKeys (ConfUtils.java:logGet(43)) - raft.server.log.statemachine.data.sync = true (default)
2019-10-07 10:51:54,474 [pool-217-thread-1] INFO  server.RaftServerConfigKeys (ConfUtils.java:logGet(43)) - raft.server.log.statemachine.data.sync.timeout = 10s (default)
2019-10-07 10:51:54,474 [pool-217-thread-1] INFO  server.RaftServerConfigKeys (ConfUtils.java:logGet(43)) - raft.server.log.statemachine.data.sync.timeout.retry = -1 (default)
2019-10-07 10:51:54,475 [pool-217-thread-1] INFO  server.RaftServerConfigKeys (ConfUtils.java:logGet(43)) - raft.server.log.statemachine.data.caching.enabled = true (custom)
2019-10-07 10:51:54,475 [pool-217-thread-1] INFO  segmented.SegmentedRaftLogWorker (SegmentedRaftLogWorker.java:lambda$new$0(128)) - bb83a435-2a27-45e3-804f-80018d84be95@group-DDE7C8B178E6-SegmentedRaftLogWorker: flushIndex: setUnconditionally 0 -> -1
2019-10-07 10:51:54,475 [pool-217-thread-1] INFO  server.RaftServerConfigKeys (ConfUtils.java:logGet(43)) - raft.server.snapshot.auto.trigger.enabled = true (custom)
2019-10-07 10:51:54,475 [pool-217-thread-1] INFO  server.RaftServerConfigKeys (ConfUtils.java:logGet(43)) - raft.server.snapshot.auto.trigger.threshold = 10000 (custom)
2019-10-07 10:51:54,476 [pool-217-thread-1] INFO  server.RaftServerConfigKeys (ConfUtils.java:logGet(43)) - raft.server.snapshot.retention.file.num = 5 (custom)
2019-10-07 10:51:54,476 [pool-217-thread-1] INFO  server.RaftServerConfigKeys (ConfUtils.java:logGet(43)) - raft.server.retrycache.expirytime = 600000ms (custom)
2019-10-07 10:51:54,478 [pool-217-thread-1] INFO  impl.RaftServerImpl (RaftServerImpl.java:start(181)) - bb83a435-2a27-45e3-804f-80018d84be95@group-DDE7C8B178E6: start as a follower, conf=-1: [bb83a435-2a27-45e3-804f-80018d84be95:192.168.5.148:42266], old=null
2019-10-07 10:51:54,478 [pool-217-thread-1] INFO  impl.RaftServerImpl (RaftServerImpl.java:setRole(170)) - bb83a435-2a27-45e3-804f-80018d84be95@group-DDE7C8B178E6: changes role from      null to FOLLOWER at term 0 for startAsFollower
2019-10-07 10:51:54,478 [pool-217-thread-1] INFO  impl.RoleInfo (RoleInfo.java:updateAndGet(143)) - bb83a435-2a27-45e3-804f-80018d84be95: start FollowerState
2019-10-07 10:51:54,478 [pool-217-thread-1] INFO  util.JmxRegister (JmxRegister.java:tryRegister(44)) - Successfully registered JMX Bean with object name Ratis:service=RaftServer,group=group-DDE7C8B178E6,id=bb83a435-2a27-45e3-804f-80018d84be95
2019-10-07 10:51:54,484 [RatisPipelineUtilsThread] INFO  pipeline.PipelineStateManager (PipelineStateManager.java:addPipeline(56)) - Created pipeline Pipeline[ Id: 80c3b4bf-ef12-4e09-8542-dde7c8b178e6, Nodes: bb83a435-2a27-45e3-804f-80018d84be95{ip: 192.168.5.148, host: pr-hdds-2238-6jxtw-691721237, networkLocation: /default-rack, certSerialId: null}, Type:RATIS, Factor:ONE, State:OPEN]
2019-10-07 10:51:54,491 [grpc-default-executor-0] INFO  impl.RaftServerProxy (RaftServerProxy.java:addNew(89)) - c9d37369-928a-4e05-9ec2-247ed1de362b: addNew group-09BDA06E719F:[c9d37369-928a-4e05-9ec2-247ed1de362b:192.168.5.148:44450] returns group-09BDA06E719F:java.util.concurrent.CompletableFuture@7d085e27[Not completed]
2019-10-07 10:51:54,494 [pool-237-thread-1] INFO  impl.RaftServerImpl (RaftServerImpl.java:<init>(95)) - c9d37369-928a-4e05-9ec2-247ed1de362b: new RaftServerImpl for group-09BDA06E719F:[c9d37369-928a-4e05-9ec2-247ed1de362b:192.168.5.148:44450] with ContainerStateMachine:uninitialized
2019-10-07 10:51:54,494 [pool-237-thread-1] INFO  server.RaftServerConfigKeys (ConfUtils.java:logGet(43)) - raft.server.rpc.timeout.min = 5s (custom)
2019-10-07 10:51:54,494 [pool-237-thread-1] INFO  server.RaftServerConfigKeys (ConfUtils.java:logGet(43)) - raft.server.rpc.timeout.max = 5200ms (custom)
2019-10-07 10:51:54,494 [pool-237-thread-1] INFO  server.RaftServerConfigKeys (ConfUtils.java:logGet(43)) - raft.server.rpcslowness.timeout = 120s (custom)
2019-10-07 10:51:54,494 [pool-237-thread-1] INFO  server.RaftServerConfigKeys (ConfUtils.java:logGet(43)) - raft.server.sleep.deviation.threshold = 300 (default)
2019-10-07 10:51:54,494 [pool-237-thread-1] INFO  server.RaftServerConfigKeys (ConfUtils.java:logGet(43)) - raft.server.log.appender.install.snapshot.enabled = false (custom)
2019-10-07 10:51:54,494 [pool-237-thread-1] INFO  impl.RaftServerImpl (ServerState.java:<init>(103)) - c9d37369-928a-4e05-9ec2-247ed1de362b@group-09BDA06E719F: ConfigurationManager, init=-1: [c9d37369-928a-4e05-9ec2-247ed1de362b:192.168.5.148:44450], old=null, confs=<EMPTY_MAP>
2019-10-07 10:51:54,495 [pool-237-thread-1] INFO  server.RaftServerConfigKeys (ConfUtils.java:logGet(43)) - raft.server.storage.dir = [/workdir/hadoop-ozone/integration-test/target/test-dir/MiniOzoneClusterImpl-2b840c3e-75e3-4038-9799-12e6f62700d9/datanode-3/data/ratis] (custom)
2019-10-07 10:51:54,495 [pool-237-thread-1] INFO  server.RaftServerConfigKeys (ConfUtils.java:logGet(43)) - raft.server.log.corruption.policy = EXCEPTION (default)
2019-10-07 10:51:54,495 [pool-237-thread-1] INFO  storage.RaftStorageDirectory (RaftStorageDirectory.java:analyzeStorage(246)) - The storage directory /workdir/hadoop-ozone/integration-test/target/test-dir/MiniOzoneClusterImpl-2b840c3e-75e3-4038-9799-12e6f62700d9/datanode-3/data/ratis/3b78db83-562d-40c9-bba6-09bda06e719f does not exist. Creating ...
2019-10-07 10:51:54,508 [pool-237-thread-1] INFO  storage.RaftStorageDirectory (RaftStorageDirectory.java:tryLock(328)) - Lock on /workdir/hadoop-ozone/integration-test/target/test-dir/MiniOzoneClusterImpl-2b840c3e-75e3-4038-9799-12e6f62700d9/datanode-3/data/ratis/3b78db83-562d-40c9-bba6-09bda06e719f/in_use.lock acquired by nodename 24021@pr-hdds-2238-6jxtw-691721237
2019-10-07 10:51:54,508 [IPC Server handler 14 on 38578] INFO  net.NetworkTopology (NetworkTopologyImpl.java:add(111)) - Added a new node: /default-rack/0f65acb1-626d-48ee-8fe7-71ca17c87d6c
2019-10-07 10:51:54,508 [IPC Server handler 14 on 38578] INFO  node.SCMNodeManager (SCMNodeManager.java:register(268)) - Registered Data node : 0f65acb1-626d-48ee-8fe7-71ca17c87d6c{ip: 192.168.5.148, host: pr-hdds-2238-6jxtw-691721237, networkLocation: /default-rack, certSerialId: null}
2019-10-07 10:51:54,521 [pool-237-thread-1] INFO  storage.RaftStorage (RaftStorage.java:format(84)) - Storage directory /workdir/hadoop-ozone/integration-test/target/test-dir/MiniOzoneClusterImpl-2b840c3e-75e3-4038-9799-12e6f62700d9/datanode-3/data/ratis/3b78db83-562d-40c9-bba6-09bda06e719f has been successfully formatted.
2019-10-07 10:51:54,521 [pool-237-thread-1] INFO  ratis.ContainerStateMachine (ContainerStateMachine.java:loadSnapshot(231)) - group-09BDA06E719F: The snapshot info is null. Setting the last applied indexto:(t:0, i:~)
2019-10-07 10:51:54,522 [pool-237-thread-1] INFO  server.RaftServerConfigKeys (ConfUtils.java:logGet(43)) - raft.server.notification.no-leader.timeout = 120s (custom)
2019-10-07 10:51:54,522 [pool-237-thread-1] INFO  server.RaftServerConfigKeys (ConfUtils.java:logGet(43)) - raft.server.log.use.memory = false (default)
2019-10-07 10:51:54,522 [pool-237-thread-1] INFO  server.RaftServerConfigKeys (ConfUtils.java:logGet(43)) - raft.server.log.purge.gap = 1000000 (custom)
2019-10-07 10:51:54,522 [pool-237-thread-1] INFO  server.RaftServerConfigKeys (ConfUtils.java:logGet(43)) - raft.server.log.appender.buffer.byte-limit = 33554432 (custom)
2019-10-07 10:51:54,522 [pool-237-thread-1] INFO  server.RaftServerConfigKeys (ConfUtils.java:logGet(43)) - raft.server.log.segment.size.max = 1048576 (custom)
2019-10-07 10:51:54,524 [pool-237-thread-1] INFO  server.RaftServerConfigKeys (ConfUtils.java:logGet(43)) - raft.server.log.segment.cache.num.max = 2 (custom)
2019-10-07 10:51:54,524 [pool-237-thread-1] INFO  segmented.SegmentedRaftLogWorker (SegmentedRaftLogWorker.java:<init>(173)) - new c9d37369-928a-4e05-9ec2-247ed1de362b@group-09BDA06E719F-SegmentedRaftLogWorker for RaftStorage:Storage Directory /workdir/hadoop-ozone/integration-test/target/test-dir/MiniOzoneClusterImpl-2b840c3e-75e3-4038-9799-12e6f62700d9/datanode-3/data/ratis/3b78db83-562d-40c9-bba6-09bda06e719f
2019-10-07 10:51:54,524 [pool-237-thread-1] INFO  server.RaftServerConfigKeys (ConfUtils.java:logGet(43)) - raft.server.log.queue.byte-limit = 2147483647 (custom)
2019-10-07 10:51:54,524 [pool-237-thread-1] INFO  server.RaftServerConfigKeys (ConfUtils.java:logGet(43)) - raft.server.log.queue.element-limit = 1024 (custom)
2019-10-07 10:51:54,524 [pool-237-thread-1] INFO  server.RaftServerConfigKeys (ConfUtils.java:logGet(43)) - raft.server.log.segment.size.max = 1048576 (custom)
2019-10-07 10:51:54,524 [pool-237-thread-1] INFO  server.RaftServerConfigKeys (ConfUtils.java:logGet(43)) - raft.server.log.preallocated.size = 16384 (custom)
2019-10-07 10:51:54,524 [pool-237-thread-1] INFO  server.RaftServerConfigKeys (ConfUtils.java:logGet(43)) - raft.server.log.write.buffer.size = 33554432 (custom)
2019-10-07 10:51:54,524 [pool-237-thread-1] INFO  server.RaftServerConfigKeys (ConfUtils.java:logGet(43)) - raft.server.log.force.sync.num = 128 (default)
2019-10-07 10:51:54,524 [pool-237-thread-1] INFO  server.RaftServerConfigKeys (ConfUtils.java:logGet(43)) - raft.server.log.statemachine.data.sync = true (default)
2019-10-07 10:51:54,524 [pool-237-thread-1] INFO  server.RaftServerConfigKeys (ConfUtils.java:logGet(43)) - raft.server.log.statemachine.data.sync.timeout = 10s (default)
2019-10-07 10:51:54,524 [pool-237-thread-1] INFO  server.RaftServerConfigKeys (ConfUtils.java:logGet(43)) - raft.server.log.statemachine.data.sync.timeout.retry = -1 (default)
2019-10-07 10:51:54,525 [pool-237-thread-1] INFO  server.RaftServerConfigKeys (ConfUtils.java:logGet(43)) - raft.server.log.statemachine.data.caching.enabled = true (custom)
2019-10-07 10:51:54,526 [pool-237-thread-1] INFO  segmented.SegmentedRaftLogWorker (SegmentedRaftLogWorker.java:lambda$new$0(128)) - c9d37369-928a-4e05-9ec2-247ed1de362b@group-09BDA06E719F-SegmentedRaftLogWorker: flushIndex: setUnconditionally 0 -> -1
2019-10-07 10:51:54,526 [pool-237-thread-1] INFO  server.RaftServerConfigKeys (ConfUtils.java:logGet(43)) - raft.server.snapshot.auto.trigger.enabled = true (custom)
2019-10-07 10:51:54,526 [pool-237-thread-1] INFO  server.RaftServerConfigKeys (ConfUtils.java:logGet(43)) - raft.server.snapshot.auto.trigger.threshold = 10000 (custom)
2019-10-07 10:51:54,526 [pool-237-thread-1] INFO  server.RaftServerConfigKeys (ConfUtils.java:logGet(43)) - raft.server.snapshot.retention.file.num = 5 (custom)
2019-10-07 10:51:54,526 [pool-237-thread-1] INFO  server.RaftServerConfigKeys (ConfUtils.java:logGet(43)) - raft.server.retrycache.expirytime = 600000ms (custom)
2019-10-07 10:51:54,527 [pool-237-thread-1] INFO  impl.RaftServerImpl (RaftServerImpl.java:start(181)) - c9d37369-928a-4e05-9ec2-247ed1de362b@group-09BDA06E719F: start as a follower, conf=-1: [c9d37369-928a-4e05-9ec2-247ed1de362b:192.168.5.148:44450], old=null
2019-10-07 10:51:54,528 [pool-237-thread-1] INFO  impl.RaftServerImpl (RaftServerImpl.java:setRole(170)) - c9d37369-928a-4e05-9ec2-247ed1de362b@group-09BDA06E719F: changes role from      null to FOLLOWER at term 0 for startAsFollower
2019-10-07 10:51:54,528 [pool-237-thread-1] INFO  impl.RoleInfo (RoleInfo.java:updateAndGet(143)) - c9d37369-928a-4e05-9ec2-247ed1de362b: start FollowerState
2019-10-07 10:51:54,528 [pool-237-thread-1] INFO  util.JmxRegister (JmxRegister.java:tryRegister(44)) - Successfully registered JMX Bean with object name Ratis:service=RaftServer,group=group-09BDA06E719F,id=c9d37369-928a-4e05-9ec2-247ed1de362b
2019-10-07 10:51:54,532 [RatisPipelineUtilsThread] INFO  pipeline.PipelineStateManager (PipelineStateManager.java:addPipeline(56)) - Created pipeline Pipeline[ Id: 3b78db83-562d-40c9-bba6-09bda06e719f, Nodes: c9d37369-928a-4e05-9ec2-247ed1de362b{ip: 192.168.5.148, host: pr-hdds-2238-6jxtw-691721237, networkLocation: /default-rack, certSerialId: null}, Type:RATIS, Factor:ONE, State:OPEN]
2019-10-07 10:51:54,544 [grpc-default-executor-0] INFO  impl.RaftServerProxy (RaftServerProxy.java:addNew(89)) - 0f65acb1-626d-48ee-8fe7-71ca17c87d6c: addNew group-642FFD96143F:[0f65acb1-626d-48ee-8fe7-71ca17c87d6c:192.168.5.148:38194] returns group-642FFD96143F:java.util.concurrent.CompletableFuture@54e1375a[Not completed]
2019-10-07 10:51:54,545 [pool-247-thread-1] INFO  impl.RaftServerImpl (RaftServerImpl.java:<init>(95)) - 0f65acb1-626d-48ee-8fe7-71ca17c87d6c: new RaftServerImpl for group-642FFD96143F:[0f65acb1-626d-48ee-8fe7-71ca17c87d6c:192.168.5.148:38194] with ContainerStateMachine:uninitialized
2019-10-07 10:51:54,545 [pool-247-thread-1] INFO  server.RaftServerConfigKeys (ConfUtils.java:logGet(43)) - raft.server.rpc.timeout.min = 5s (custom)
2019-10-07 10:51:54,546 [pool-247-thread-1] INFO  server.RaftServerConfigKeys (ConfUtils.java:logGet(43)) - raft.server.rpc.timeout.max = 5200ms (custom)
2019-10-07 10:51:54,546 [pool-247-thread-1] INFO  server.RaftServerConfigKeys (ConfUtils.java:logGet(43)) - raft.server.rpcslowness.timeout = 120s (custom)
2019-10-07 10:51:54,546 [pool-247-thread-1] INFO  server.RaftServerConfigKeys (ConfUtils.java:logGet(43)) - raft.server.sleep.deviation.threshold = 300 (default)
2019-10-07 10:51:54,546 [pool-247-thread-1] INFO  server.RaftServerConfigKeys (ConfUtils.java:logGet(43)) - raft.server.log.appender.install.snapshot.enabled = false (custom)
2019-10-07 10:51:54,546 [pool-247-thread-1] INFO  impl.RaftServerImpl (ServerState.java:<init>(103)) - 0f65acb1-626d-48ee-8fe7-71ca17c87d6c@group-642FFD96143F: ConfigurationManager, init=-1: [0f65acb1-626d-48ee-8fe7-71ca17c87d6c:192.168.5.148:38194], old=null, confs=<EMPTY_MAP>
2019-10-07 10:51:54,546 [pool-247-thread-1] INFO  server.RaftServerConfigKeys (ConfUtils.java:logGet(43)) - raft.server.storage.dir = [/workdir/hadoop-ozone/integration-test/target/test-dir/MiniOzoneClusterImpl-2b840c3e-75e3-4038-9799-12e6f62700d9/datanode-4/data/ratis] (custom)
2019-10-07 10:51:54,546 [pool-247-thread-1] INFO  server.RaftServerConfigKeys (ConfUtils.java:logGet(43)) - raft.server.log.corruption.policy = EXCEPTION (default)
2019-10-07 10:51:54,547 [pool-247-thread-1] INFO  storage.RaftStorageDirectory (RaftStorageDirectory.java:analyzeStorage(246)) - The storage directory /workdir/hadoop-ozone/integration-test/target/test-dir/MiniOzoneClusterImpl-2b840c3e-75e3-4038-9799-12e6f62700d9/datanode-4/data/ratis/1ac5a7b6-7db3-4214-80d1-642ffd96143f does not exist. Creating ...
2019-10-07 10:51:54,559 [pool-247-thread-1] INFO  storage.RaftStorageDirectory (RaftStorageDirectory.java:tryLock(328)) - Lock on /workdir/hadoop-ozone/integration-test/target/test-dir/MiniOzoneClusterImpl-2b840c3e-75e3-4038-9799-12e6f62700d9/datanode-4/data/ratis/1ac5a7b6-7db3-4214-80d1-642ffd96143f/in_use.lock acquired by nodename 24021@pr-hdds-2238-6jxtw-691721237
2019-10-07 10:51:54,572 [pool-247-thread-1] INFO  storage.RaftStorage (RaftStorage.java:format(84)) - Storage directory /workdir/hadoop-ozone/integration-test/target/test-dir/MiniOzoneClusterImpl-2b840c3e-75e3-4038-9799-12e6f62700d9/datanode-4/data/ratis/1ac5a7b6-7db3-4214-80d1-642ffd96143f has been successfully formatted.
2019-10-07 10:51:54,573 [pool-247-thread-1] INFO  ratis.ContainerStateMachine (ContainerStateMachine.java:loadSnapshot(231)) - group-642FFD96143F: The snapshot info is null. Setting the last applied indexto:(t:0, i:~)
2019-10-07 10:51:54,573 [pool-247-thread-1] INFO  server.RaftServerConfigKeys (ConfUtils.java:logGet(43)) - raft.server.notification.no-leader.timeout = 120s (custom)
2019-10-07 10:51:54,573 [pool-247-thread-1] INFO  server.RaftServerConfigKeys (ConfUtils.java:logGet(43)) - raft.server.log.use.memory = false (default)
2019-10-07 10:51:54,573 [pool-247-thread-1] INFO  server.RaftServerConfigKeys (ConfUtils.java:logGet(43)) - raft.server.log.purge.gap = 1000000 (custom)
2019-10-07 10:51:54,573 [pool-247-thread-1] INFO  server.RaftServerConfigKeys (ConfUtils.java:logGet(43)) - raft.server.log.appender.buffer.byte-limit = 33554432 (custom)
2019-10-07 10:51:54,573 [pool-247-thread-1] INFO  server.RaftServerConfigKeys (ConfUtils.java:logGet(43)) - raft.server.log.segment.size.max = 1048576 (custom)
2019-10-07 10:51:54,575 [IPC Server handler 0 on 38578] INFO  net.NetworkTopology (NetworkTopologyImpl.java:add(111)) - Added a new node: /default-rack/9feb3379-7171-4df4-b299-4b714504f75e
2019-10-07 10:51:54,575 [pool-247-thread-1] INFO  server.RaftServerConfigKeys (ConfUtils.java:logGet(43)) - raft.server.log.segment.cache.num.max = 2 (custom)
2019-10-07 10:51:54,575 [IPC Server handler 0 on 38578] INFO  node.SCMNodeManager (SCMNodeManager.java:register(268)) - Registered Data node : 9feb3379-7171-4df4-b299-4b714504f75e{ip: 192.168.5.148, host: pr-hdds-2238-6jxtw-691721237, networkLocation: /default-rack, certSerialId: null}
2019-10-07 10:51:54,575 [pool-247-thread-1] INFO  segmented.SegmentedRaftLogWorker (SegmentedRaftLogWorker.java:<init>(173)) - new 0f65acb1-626d-48ee-8fe7-71ca17c87d6c@group-642FFD96143F-SegmentedRaftLogWorker for RaftStorage:Storage Directory /workdir/hadoop-ozone/integration-test/target/test-dir/MiniOzoneClusterImpl-2b840c3e-75e3-4038-9799-12e6f62700d9/datanode-4/data/ratis/1ac5a7b6-7db3-4214-80d1-642ffd96143f
2019-10-07 10:51:54,576 [pool-247-thread-1] INFO  server.RaftServerConfigKeys (ConfUtils.java:logGet(43)) - raft.server.log.queue.byte-limit = 2147483647 (custom)
2019-10-07 10:51:54,576 [pool-247-thread-1] INFO  server.RaftServerConfigKeys (ConfUtils.java:logGet(43)) - raft.server.log.queue.element-limit = 1024 (custom)
2019-10-07 10:51:54,576 [pool-247-thread-1] INFO  server.RaftServerConfigKeys (ConfUtils.java:logGet(43)) - raft.server.log.segment.size.max = 1048576 (custom)
2019-10-07 10:51:54,576 [pool-247-thread-1] INFO  server.RaftServerConfigKeys (ConfUtils.java:logGet(43)) - raft.server.log.preallocated.size = 16384 (custom)
2019-10-07 10:51:54,576 [pool-247-thread-1] INFO  server.RaftServerConfigKeys (ConfUtils.java:logGet(43)) - raft.server.log.write.buffer.size = 33554432 (custom)
2019-10-07 10:51:54,576 [pool-247-thread-1] INFO  server.RaftServerConfigKeys (ConfUtils.java:logGet(43)) - raft.server.log.force.sync.num = 128 (default)
2019-10-07 10:51:54,576 [pool-247-thread-1] INFO  server.RaftServerConfigKeys (ConfUtils.java:logGet(43)) - raft.server.log.statemachine.data.sync = true (default)
2019-10-07 10:51:54,577 [pool-247-thread-1] INFO  server.RaftServerConfigKeys (ConfUtils.java:logGet(43)) - raft.server.log.statemachine.data.sync.timeout = 10s (default)
2019-10-07 10:51:54,577 [pool-247-thread-1] INFO  server.RaftServerConfigKeys (ConfUtils.java:logGet(43)) - raft.server.log.statemachine.data.sync.timeout.retry = -1 (default)
2019-10-07 10:51:54,577 [pool-247-thread-1] INFO  server.RaftServerConfigKeys (ConfUtils.java:logGet(43)) - raft.server.log.statemachine.data.caching.enabled = true (custom)
2019-10-07 10:51:54,577 [pool-247-thread-1] INFO  segmented.SegmentedRaftLogWorker (SegmentedRaftLogWorker.java:lambda$new$0(128)) - 0f65acb1-626d-48ee-8fe7-71ca17c87d6c@group-642FFD96143F-SegmentedRaftLogWorker: flushIndex: setUnconditionally 0 -> -1
2019-10-07 10:51:54,578 [pool-247-thread-1] INFO  server.RaftServerConfigKeys (ConfUtils.java:logGet(43)) - raft.server.snapshot.auto.trigger.enabled = true (custom)
2019-10-07 10:51:54,578 [pool-247-thread-1] INFO  server.RaftServerConfigKeys (ConfUtils.java:logGet(43)) - raft.server.snapshot.auto.trigger.threshold = 10000 (custom)
2019-10-07 10:51:54,578 [pool-247-thread-1] INFO  server.RaftServerConfigKeys (ConfUtils.java:logGet(43)) - raft.server.snapshot.retention.file.num = 5 (custom)
2019-10-07 10:51:54,578 [pool-247-thread-1] INFO  server.RaftServerConfigKeys (ConfUtils.java:logGet(43)) - raft.server.retrycache.expirytime = 600000ms (custom)
2019-10-07 10:51:54,580 [pool-247-thread-1] INFO  impl.RaftServerImpl (RaftServerImpl.java:start(181)) - 0f65acb1-626d-48ee-8fe7-71ca17c87d6c@group-642FFD96143F: start as a follower, conf=-1: [0f65acb1-626d-48ee-8fe7-71ca17c87d6c:192.168.5.148:38194], old=null
2019-10-07 10:51:54,580 [pool-247-thread-1] INFO  impl.RaftServerImpl (RaftServerImpl.java:setRole(170)) - 0f65acb1-626d-48ee-8fe7-71ca17c87d6c@group-642FFD96143F: changes role from      null to FOLLOWER at term 0 for startAsFollower
2019-10-07 10:51:54,580 [pool-247-thread-1] INFO  impl.RoleInfo (RoleInfo.java:updateAndGet(143)) - 0f65acb1-626d-48ee-8fe7-71ca17c87d6c: start FollowerState
2019-10-07 10:51:54,581 [pool-247-thread-1] INFO  util.JmxRegister (JmxRegister.java:tryRegister(44)) - Successfully registered JMX Bean with object name Ratis:service=RaftServer,group=group-642FFD96143F,id=0f65acb1-626d-48ee-8fe7-71ca17c87d6c
2019-10-07 10:51:54,585 [RatisPipelineUtilsThread] INFO  pipeline.PipelineStateManager (PipelineStateManager.java:addPipeline(56)) - Created pipeline Pipeline[ Id: 1ac5a7b6-7db3-4214-80d1-642ffd96143f, Nodes: 0f65acb1-626d-48ee-8fe7-71ca17c87d6c{ip: 192.168.5.148, host: pr-hdds-2238-6jxtw-691721237, networkLocation: /default-rack, certSerialId: null}, Type:RATIS, Factor:ONE, State:OPEN]
2019-10-07 10:51:54,595 [grpc-default-executor-0] INFO  impl.RaftServerProxy (RaftServerProxy.java:addNew(89)) - 9feb3379-7171-4df4-b299-4b714504f75e: addNew group-FDE088A2E2CD:[9feb3379-7171-4df4-b299-4b714504f75e:192.168.5.148:36247] returns group-FDE088A2E2CD:java.util.concurrent.CompletableFuture@787459f9[Not completed]
2019-10-07 10:51:54,596 [pool-257-thread-1] INFO  impl.RaftServerImpl (RaftServerImpl.java:<init>(95)) - 9feb3379-7171-4df4-b299-4b714504f75e: new RaftServerImpl for group-FDE088A2E2CD:[9feb3379-7171-4df4-b299-4b714504f75e:192.168.5.148:36247] with ContainerStateMachine:uninitialized
2019-10-07 10:51:54,596 [pool-257-thread-1] INFO  server.RaftServerConfigKeys (ConfUtils.java:logGet(43)) - raft.server.rpc.timeout.min = 5s (custom)
2019-10-07 10:51:54,596 [pool-257-thread-1] INFO  server.RaftServerConfigKeys (ConfUtils.java:logGet(43)) - raft.server.rpc.timeout.max = 5200ms (custom)
2019-10-07 10:51:54,596 [pool-257-thread-1] INFO  server.RaftServerConfigKeys (ConfUtils.java:logGet(43)) - raft.server.rpcslowness.timeout = 120s (custom)
2019-10-07 10:51:54,596 [pool-257-thread-1] INFO  server.RaftServerConfigKeys (ConfUtils.java:logGet(43)) - raft.server.sleep.deviation.threshold = 300 (default)
2019-10-07 10:51:54,596 [pool-257-thread-1] INFO  server.RaftServerConfigKeys (ConfUtils.java:logGet(43)) - raft.server.log.appender.install.snapshot.enabled = false (custom)
2019-10-07 10:51:54,596 [pool-257-thread-1] INFO  impl.RaftServerImpl (ServerState.java:<init>(103)) - 9feb3379-7171-4df4-b299-4b714504f75e@group-FDE088A2E2CD: ConfigurationManager, init=-1: [9feb3379-7171-4df4-b299-4b714504f75e:192.168.5.148:36247], old=null, confs=<EMPTY_MAP>
2019-10-07 10:51:54,597 [pool-257-thread-1] INFO  server.RaftServerConfigKeys (ConfUtils.java:logGet(43)) - raft.server.storage.dir = [/workdir/hadoop-ozone/integration-test/target/test-dir/MiniOzoneClusterImpl-2b840c3e-75e3-4038-9799-12e6f62700d9/datanode-5/data/ratis] (custom)
2019-10-07 10:51:54,597 [pool-257-thread-1] INFO  server.RaftServerConfigKeys (ConfUtils.java:logGet(43)) - raft.server.log.corruption.policy = EXCEPTION (default)
2019-10-07 10:51:54,597 [pool-257-thread-1] INFO  storage.RaftStorageDirectory (RaftStorageDirectory.java:analyzeStorage(246)) - The storage directory /workdir/hadoop-ozone/integration-test/target/test-dir/MiniOzoneClusterImpl-2b840c3e-75e3-4038-9799-12e6f62700d9/datanode-5/data/ratis/142368aa-2035-4e13-8076-fde088a2e2cd does not exist. Creating ...
2019-10-07 10:51:54,609 [pool-257-thread-1] INFO  storage.RaftStorageDirectory (RaftStorageDirectory.java:tryLock(328)) - Lock on /workdir/hadoop-ozone/integration-test/target/test-dir/MiniOzoneClusterImpl-2b840c3e-75e3-4038-9799-12e6f62700d9/datanode-5/data/ratis/142368aa-2035-4e13-8076-fde088a2e2cd/in_use.lock acquired by nodename 24021@pr-hdds-2238-6jxtw-691721237
2019-10-07 10:51:54,622 [pool-257-thread-1] INFO  storage.RaftStorage (RaftStorage.java:format(84)) - Storage directory /workdir/hadoop-ozone/integration-test/target/test-dir/MiniOzoneClusterImpl-2b840c3e-75e3-4038-9799-12e6f62700d9/datanode-5/data/ratis/142368aa-2035-4e13-8076-fde088a2e2cd has been successfully formatted.
2019-10-07 10:51:54,622 [pool-257-thread-1] INFO  ratis.ContainerStateMachine (ContainerStateMachine.java:loadSnapshot(231)) - group-FDE088A2E2CD: The snapshot info is null. Setting the last applied indexto:(t:0, i:~)
2019-10-07 10:51:54,622 [pool-257-thread-1] INFO  server.RaftServerConfigKeys (ConfUtils.java:logGet(43)) - raft.server.notification.no-leader.timeout = 120s (custom)
2019-10-07 10:51:54,622 [pool-257-thread-1] INFO  server.RaftServerConfigKeys (ConfUtils.java:logGet(43)) - raft.server.log.use.memory = false (default)
2019-10-07 10:51:54,622 [pool-257-thread-1] INFO  server.RaftServerConfigKeys (ConfUtils.java:logGet(43)) - raft.server.log.purge.gap = 1000000 (custom)
2019-10-07 10:51:54,622 [pool-257-thread-1] INFO  server.RaftServerConfigKeys (ConfUtils.java:logGet(43)) - raft.server.log.appender.buffer.byte-limit = 33554432 (custom)
2019-10-07 10:51:54,623 [pool-257-thread-1] INFO  server.RaftServerConfigKeys (ConfUtils.java:logGet(43)) - raft.server.log.segment.size.max = 1048576 (custom)
2019-10-07 10:51:54,624 [pool-257-thread-1] INFO  server.RaftServerConfigKeys (ConfUtils.java:logGet(43)) - raft.server.log.segment.cache.num.max = 2 (custom)
2019-10-07 10:51:54,625 [pool-257-thread-1] INFO  segmented.SegmentedRaftLogWorker (SegmentedRaftLogWorker.java:<init>(173)) - new 9feb3379-7171-4df4-b299-4b714504f75e@group-FDE088A2E2CD-SegmentedRaftLogWorker for RaftStorage:Storage Directory /workdir/hadoop-ozone/integration-test/target/test-dir/MiniOzoneClusterImpl-2b840c3e-75e3-4038-9799-12e6f62700d9/datanode-5/data/ratis/142368aa-2035-4e13-8076-fde088a2e2cd
2019-10-07 10:51:54,625 [pool-257-thread-1] INFO  server.RaftServerConfigKeys (ConfUtils.java:logGet(43)) - raft.server.log.queue.byte-limit = 2147483647 (custom)
2019-10-07 10:51:54,625 [pool-257-thread-1] INFO  server.RaftServerConfigKeys (ConfUtils.java:logGet(43)) - raft.server.log.queue.element-limit = 1024 (custom)
2019-10-07 10:51:54,625 [pool-257-thread-1] INFO  server.RaftServerConfigKeys (ConfUtils.java:logGet(43)) - raft.server.log.segment.size.max = 1048576 (custom)
2019-10-07 10:51:54,625 [pool-257-thread-1] INFO  server.RaftServerConfigKeys (ConfUtils.java:logGet(43)) - raft.server.log.preallocated.size = 16384 (custom)
2019-10-07 10:51:54,625 [pool-257-thread-1] INFO  server.RaftServerConfigKeys (ConfUtils.java:logGet(43)) - raft.server.log.write.buffer.size = 33554432 (custom)
2019-10-07 10:51:54,625 [pool-257-thread-1] INFO  server.RaftServerConfigKeys (ConfUtils.java:logGet(43)) - raft.server.log.force.sync.num = 128 (default)
2019-10-07 10:51:54,625 [pool-257-thread-1] INFO  server.RaftServerConfigKeys (ConfUtils.java:logGet(43)) - raft.server.log.statemachine.data.sync = true (default)
2019-10-07 10:51:54,626 [pool-257-thread-1] INFO  server.RaftServerConfigKeys (ConfUtils.java:logGet(43)) - raft.server.log.statemachine.data.sync.timeout = 10s (default)
2019-10-07 10:51:54,626 [pool-257-thread-1] INFO  server.RaftServerConfigKeys (ConfUtils.java:logGet(43)) - raft.server.log.statemachine.data.sync.timeout.retry = -1 (default)
2019-10-07 10:51:54,626 [pool-257-thread-1] INFO  server.RaftServerConfigKeys (ConfUtils.java:logGet(43)) - raft.server.log.statemachine.data.caching.enabled = true (custom)
2019-10-07 10:51:54,626 [pool-257-thread-1] INFO  segmented.SegmentedRaftLogWorker (SegmentedRaftLogWorker.java:lambda$new$0(128)) - 9feb3379-7171-4df4-b299-4b714504f75e@group-FDE088A2E2CD-SegmentedRaftLogWorker: flushIndex: setUnconditionally 0 -> -1
2019-10-07 10:51:54,627 [pool-257-thread-1] INFO  server.RaftServerConfigKeys (ConfUtils.java:logGet(43)) - raft.server.snapshot.auto.trigger.enabled = true (custom)
2019-10-07 10:51:54,627 [pool-257-thread-1] INFO  server.RaftServerConfigKeys (ConfUtils.java:logGet(43)) - raft.server.snapshot.auto.trigger.threshold = 10000 (custom)
2019-10-07 10:51:54,627 [pool-257-thread-1] INFO  server.RaftServerConfigKeys (ConfUtils.java:logGet(43)) - raft.server.snapshot.retention.file.num = 5 (custom)
2019-10-07 10:51:54,627 [pool-257-thread-1] INFO  server.RaftServerConfigKeys (ConfUtils.java:logGet(43)) - raft.server.retrycache.expirytime = 600000ms (custom)
2019-10-07 10:51:54,628 [pool-257-thread-1] INFO  impl.RaftServerImpl (RaftServerImpl.java:start(181)) - 9feb3379-7171-4df4-b299-4b714504f75e@group-FDE088A2E2CD: start as a follower, conf=-1: [9feb3379-7171-4df4-b299-4b714504f75e:192.168.5.148:36247], old=null
2019-10-07 10:51:54,629 [pool-257-thread-1] INFO  impl.RaftServerImpl (RaftServerImpl.java:setRole(170)) - 9feb3379-7171-4df4-b299-4b714504f75e@group-FDE088A2E2CD: changes role from      null to FOLLOWER at term 0 for startAsFollower
2019-10-07 10:51:54,629 [pool-257-thread-1] INFO  impl.RoleInfo (RoleInfo.java:updateAndGet(143)) - 9feb3379-7171-4df4-b299-4b714504f75e: start FollowerState
2019-10-07 10:51:54,629 [pool-257-thread-1] INFO  util.JmxRegister (JmxRegister.java:tryRegister(44)) - Successfully registered JMX Bean with object name Ratis:service=RaftServer,group=group-FDE088A2E2CD,id=9feb3379-7171-4df4-b299-4b714504f75e
2019-10-07 10:51:54,633 [RatisPipelineUtilsThread] INFO  pipeline.PipelineStateManager (PipelineStateManager.java:addPipeline(56)) - Created pipeline Pipeline[ Id: 142368aa-2035-4e13-8076-fde088a2e2cd, Nodes: 9feb3379-7171-4df4-b299-4b714504f75e{ip: 192.168.5.148, host: pr-hdds-2238-6jxtw-691721237, networkLocation: /default-rack, certSerialId: null}, Type:RATIS, Factor:ONE, State:OPEN]
2019-10-07 10:51:54,635 [IPC Server handler 3 on 38578] INFO  net.NetworkTopology (NetworkTopologyImpl.java:add(111)) - Added a new node: /default-rack/818478d2-41a1-4e77-b964-c69b50d36fc4
2019-10-07 10:51:54,635 [IPC Server handler 3 on 38578] INFO  node.SCMNodeManager (SCMNodeManager.java:register(268)) - Registered Data node : 818478d2-41a1-4e77-b964-c69b50d36fc4{ip: 192.168.5.148, host: pr-hdds-2238-6jxtw-691721237, networkLocation: /default-rack, certSerialId: null}
2019-10-07 10:51:54,639 [main] INFO  ozone.MiniOzoneClusterImpl (MiniOzoneClusterImpl.java:lambda$waitForClusterToBeReady$0(147)) - Cluster is ready. Got 7 of 7 DN Heartbeats.
2019-10-07 10:51:54,641 [grpc-default-executor-3] INFO  impl.RaftServerProxy (RaftServerProxy.java:addNew(89)) - 24476e73-5d23-4249-9898-8edc248c0287: addNew group-9C0F0BB22B1E:[24476e73-5d23-4249-9898-8edc248c0287:192.168.5.148:41742, 9feb3379-7171-4df4-b299-4b714504f75e:192.168.5.148:36247, f0c02f1b-7192-45ee-be91-59a0f18f6150:192.168.5.148:37217] returns group-9C0F0BB22B1E:java.util.concurrent.CompletableFuture@41b44dd[Not completed]
2019-10-07 10:51:54,644 [grpc-default-executor-1] INFO  impl.RaftServerProxy (RaftServerProxy.java:addNew(89)) - 9feb3379-7171-4df4-b299-4b714504f75e: addNew group-9C0F0BB22B1E:[24476e73-5d23-4249-9898-8edc248c0287:192.168.5.148:41742, 9feb3379-7171-4df4-b299-4b714504f75e:192.168.5.148:36247, f0c02f1b-7192-45ee-be91-59a0f18f6150:192.168.5.148:37217] returns group-9C0F0BB22B1E:java.util.concurrent.CompletableFuture@786d5847[Not completed]
2019-10-07 10:51:54,644 [grpc-default-executor-0] INFO  impl.RaftServerProxy (RaftServerProxy.java:addNew(89)) - f0c02f1b-7192-45ee-be91-59a0f18f6150: addNew group-9C0F0BB22B1E:[24476e73-5d23-4249-9898-8edc248c0287:192.168.5.148:41742, 9feb3379-7171-4df4-b299-4b714504f75e:192.168.5.148:36247, f0c02f1b-7192-45ee-be91-59a0f18f6150:192.168.5.148:37217] returns group-9C0F0BB22B1E:java.util.concurrent.CompletableFuture@7397c7f9[Not completed]
2019-10-07 10:51:54,645 [pool-207-thread-1] INFO  impl.RaftServerImpl (RaftServerImpl.java:<init>(95)) - 24476e73-5d23-4249-9898-8edc248c0287: new RaftServerImpl for group-9C0F0BB22B1E:[24476e73-5d23-4249-9898-8edc248c0287:192.168.5.148:41742, 9feb3379-7171-4df4-b299-4b714504f75e:192.168.5.148:36247, f0c02f1b-7192-45ee-be91-59a0f18f6150:192.168.5.148:37217] with ContainerStateMachine:uninitialized
2019-10-07 10:51:54,645 [pool-207-thread-1] INFO  server.RaftServerConfigKeys (ConfUtils.java:logGet(43)) - raft.server.rpc.timeout.min = 5s (custom)
2019-10-07 10:51:54,645 [pool-207-thread-1] INFO  server.RaftServerConfigKeys (ConfUtils.java:logGet(43)) - raft.server.rpc.timeout.max = 5200ms (custom)
2019-10-07 10:51:54,645 [pool-207-thread-1] INFO  server.RaftServerConfigKeys (ConfUtils.java:logGet(43)) - raft.server.rpcslowness.timeout = 120s (custom)
2019-10-07 10:51:54,646 [pool-207-thread-1] INFO  server.RaftServerConfigKeys (ConfUtils.java:logGet(43)) - raft.server.sleep.deviation.threshold = 300 (default)
2019-10-07 10:51:54,646 [pool-207-thread-1] INFO  server.RaftServerConfigKeys (ConfUtils.java:logGet(43)) - raft.server.log.appender.install.snapshot.enabled = false (custom)
2019-10-07 10:51:54,646 [pool-207-thread-1] INFO  impl.RaftServerImpl (ServerState.java:<init>(103)) - 24476e73-5d23-4249-9898-8edc248c0287@group-9C0F0BB22B1E: ConfigurationManager, init=-1: [24476e73-5d23-4249-9898-8edc248c0287:192.168.5.148:41742, 9feb3379-7171-4df4-b299-4b714504f75e:192.168.5.148:36247, f0c02f1b-7192-45ee-be91-59a0f18f6150:192.168.5.148:37217], old=null, confs=<EMPTY_MAP>
2019-10-07 10:51:54,646 [pool-207-thread-1] INFO  server.RaftServerConfigKeys (ConfUtils.java:logGet(43)) - raft.server.storage.dir = [/workdir/hadoop-ozone/integration-test/target/test-dir/MiniOzoneClusterImpl-2b840c3e-75e3-4038-9799-12e6f62700d9/datanode-0/data/ratis] (custom)
2019-10-07 10:51:54,646 [pool-227-thread-1] INFO  impl.RaftServerImpl (RaftServerImpl.java:<init>(95)) - f0c02f1b-7192-45ee-be91-59a0f18f6150: new RaftServerImpl for group-9C0F0BB22B1E:[24476e73-5d23-4249-9898-8edc248c0287:192.168.5.148:41742, 9feb3379-7171-4df4-b299-4b714504f75e:192.168.5.148:36247, f0c02f1b-7192-45ee-be91-59a0f18f6150:192.168.5.148:37217] with ContainerStateMachine:uninitialized
2019-10-07 10:51:54,646 [pool-207-thread-1] INFO  server.RaftServerConfigKeys (ConfUtils.java:logGet(43)) - raft.server.log.corruption.policy = EXCEPTION (default)
2019-10-07 10:51:54,646 [pool-227-thread-1] INFO  server.RaftServerConfigKeys (ConfUtils.java:logGet(43)) - raft.server.rpc.timeout.min = 5s (custom)
2019-10-07 10:51:54,646 [pool-207-thread-1] INFO  storage.RaftStorageDirectory (RaftStorageDirectory.java:analyzeStorage(246)) - The storage directory /workdir/hadoop-ozone/integration-test/target/test-dir/MiniOzoneClusterImpl-2b840c3e-75e3-4038-9799-12e6f62700d9/datanode-0/data/ratis/5157b187-12d4-4fa4-aa35-9c0f0bb22b1e does not exist. Creating ...
2019-10-07 10:51:54,646 [pool-257-thread-1] INFO  impl.RaftServerImpl (RaftServerImpl.java:<init>(95)) - 9feb3379-7171-4df4-b299-4b714504f75e: new RaftServerImpl for group-9C0F0BB22B1E:[24476e73-5d23-4249-9898-8edc248c0287:192.168.5.148:41742, 9feb3379-7171-4df4-b299-4b714504f75e:192.168.5.148:36247, f0c02f1b-7192-45ee-be91-59a0f18f6150:192.168.5.148:37217] with ContainerStateMachine:uninitialized
2019-10-07 10:51:54,647 [pool-227-thread-1] INFO  server.RaftServerConfigKeys (ConfUtils.java:logGet(43)) - raft.server.rpc.timeout.max = 5200ms (custom)
2019-10-07 10:51:54,647 [pool-257-thread-1] INFO  server.RaftServerConfigKeys (ConfUtils.java:logGet(43)) - raft.server.rpc.timeout.min = 5s (custom)
2019-10-07 10:51:54,647 [pool-227-thread-1] INFO  server.RaftServerConfigKeys (ConfUtils.java:logGet(43)) - raft.server.rpcslowness.timeout = 120s (custom)
2019-10-07 10:51:54,647 [pool-257-thread-1] INFO  server.RaftServerConfigKeys (ConfUtils.java:logGet(43)) - raft.server.rpc.timeout.max = 5200ms (custom)
2019-10-07 10:51:54,647 [pool-227-thread-1] INFO  server.RaftServerConfigKeys (ConfUtils.java:logGet(43)) - raft.server.sleep.deviation.threshold = 300 (default)
2019-10-07 10:51:54,647 [pool-257-thread-1] INFO  server.RaftServerConfigKeys (ConfUtils.java:logGet(43)) - raft.server.rpcslowness.timeout = 120s (custom)
2019-10-07 10:51:54,647 [pool-227-thread-1] INFO  server.RaftServerConfigKeys (ConfUtils.java:logGet(43)) - raft.server.log.appender.install.snapshot.enabled = false (custom)
2019-10-07 10:51:54,650 [pool-257-thread-1] INFO  server.RaftServerConfigKeys (ConfUtils.java:logGet(43)) - raft.server.sleep.deviation.threshold = 300 (default)
2019-10-07 10:51:54,652 [pool-227-thread-1] INFO  impl.RaftServerImpl (ServerState.java:<init>(103)) - f0c02f1b-7192-45ee-be91-59a0f18f6150@group-9C0F0BB22B1E: ConfigurationManager, init=-1: [24476e73-5d23-4249-9898-8edc248c0287:192.168.5.148:41742, 9feb3379-7171-4df4-b299-4b714504f75e:192.168.5.148:36247, f0c02f1b-7192-45ee-be91-59a0f18f6150:192.168.5.148:37217], old=null, confs=<EMPTY_MAP>
2019-10-07 10:51:54,652 [pool-257-thread-1] INFO  server.RaftServerConfigKeys (ConfUtils.java:logGet(43)) - raft.server.log.appender.install.snapshot.enabled = false (custom)
2019-10-07 10:51:54,653 [pool-227-thread-1] INFO  server.RaftServerConfigKeys (ConfUtils.java:logGet(43)) - raft.server.storage.dir = [/workdir/hadoop-ozone/integration-test/target/test-dir/MiniOzoneClusterImpl-2b840c3e-75e3-4038-9799-12e6f62700d9/datanode-2/data/ratis] (custom)
2019-10-07 10:51:54,653 [pool-257-thread-1] INFO  impl.RaftServerImpl (ServerState.java:<init>(103)) - 9feb3379-7171-4df4-b299-4b714504f75e@group-9C0F0BB22B1E: ConfigurationManager, init=-1: [24476e73-5d23-4249-9898-8edc248c0287:192.168.5.148:41742, 9feb3379-7171-4df4-b299-4b714504f75e:192.168.5.148:36247, f0c02f1b-7192-45ee-be91-59a0f18f6150:192.168.5.148:37217], old=null, confs=<EMPTY_MAP>
2019-10-07 10:51:54,653 [pool-227-thread-1] INFO  server.RaftServerConfigKeys (ConfUtils.java:logGet(43)) - raft.server.log.corruption.policy = EXCEPTION (default)
2019-10-07 10:51:54,653 [pool-257-thread-1] INFO  server.RaftServerConfigKeys (ConfUtils.java:logGet(43)) - raft.server.storage.dir = [/workdir/hadoop-ozone/integration-test/target/test-dir/MiniOzoneClusterImpl-2b840c3e-75e3-4038-9799-12e6f62700d9/datanode-5/data/ratis] (custom)
2019-10-07 10:51:54,653 [pool-227-thread-1] INFO  storage.RaftStorageDirectory (RaftStorageDirectory.java:analyzeStorage(246)) - The storage directory /workdir/hadoop-ozone/integration-test/target/test-dir/MiniOzoneClusterImpl-2b840c3e-75e3-4038-9799-12e6f62700d9/datanode-2/data/ratis/5157b187-12d4-4fa4-aa35-9c0f0bb22b1e does not exist. Creating ...
2019-10-07 10:51:54,654 [pool-257-thread-1] INFO  server.RaftServerConfigKeys (ConfUtils.java:logGet(43)) - raft.server.log.corruption.policy = EXCEPTION (default)
2019-10-07 10:51:54,654 [pool-257-thread-1] INFO  storage.RaftStorageDirectory (RaftStorageDirectory.java:analyzeStorage(246)) - The storage directory /workdir/hadoop-ozone/integration-test/target/test-dir/MiniOzoneClusterImpl-2b840c3e-75e3-4038-9799-12e6f62700d9/datanode-5/data/ratis/5157b187-12d4-4fa4-aa35-9c0f0bb22b1e does not exist. Creating ...
2019-10-07 10:51:54,661 [pool-207-thread-1] INFO  storage.RaftStorageDirectory (RaftStorageDirectory.java:tryLock(328)) - Lock on /workdir/hadoop-ozone/integration-test/target/test-dir/MiniOzoneClusterImpl-2b840c3e-75e3-4038-9799-12e6f62700d9/datanode-0/data/ratis/5157b187-12d4-4fa4-aa35-9c0f0bb22b1e/in_use.lock acquired by nodename 24021@pr-hdds-2238-6jxtw-691721237
2019-10-07 10:51:54,661 [pool-257-thread-1] INFO  storage.RaftStorageDirectory (RaftStorageDirectory.java:tryLock(328)) - Lock on /workdir/hadoop-ozone/integration-test/target/test-dir/MiniOzoneClusterImpl-2b840c3e-75e3-4038-9799-12e6f62700d9/datanode-5/data/ratis/5157b187-12d4-4fa4-aa35-9c0f0bb22b1e/in_use.lock acquired by nodename 24021@pr-hdds-2238-6jxtw-691721237
2019-10-07 10:51:54,663 [pool-227-thread-1] INFO  storage.RaftStorageDirectory (RaftStorageDirectory.java:tryLock(328)) - Lock on /workdir/hadoop-ozone/integration-test/target/test-dir/MiniOzoneClusterImpl-2b840c3e-75e3-4038-9799-12e6f62700d9/datanode-2/data/ratis/5157b187-12d4-4fa4-aa35-9c0f0bb22b1e/in_use.lock acquired by nodename 24021@pr-hdds-2238-6jxtw-691721237
2019-10-07 10:51:54,678 [main] INFO  rpc.RpcClient (RpcClient.java:createVolume(277)) - Creating Volume: watchforcommithandlingtest, with jenkins1000 as owner.
2019-10-07 10:51:54,680 [IPC Server handler 2 on 36030] INFO  volume.OMVolumeCreateRequest (OMVolumeCreateRequest.java:validateAndUpdateCache(193)) - created volume:watchforcommithandlingtest for user:jenkins1000
2019-10-07 10:51:54,681 [pool-257-thread-1] INFO  storage.RaftStorage (RaftStorage.java:format(84)) - Storage directory /workdir/hadoop-ozone/integration-test/target/test-dir/MiniOzoneClusterImpl-2b840c3e-75e3-4038-9799-12e6f62700d9/datanode-5/data/ratis/5157b187-12d4-4fa4-aa35-9c0f0bb22b1e has been successfully formatted.
2019-10-07 10:51:54,681 [pool-227-thread-1] INFO  storage.RaftStorage (RaftStorage.java:format(84)) - Storage directory /workdir/hadoop-ozone/integration-test/target/test-dir/MiniOzoneClusterImpl-2b840c3e-75e3-4038-9799-12e6f62700d9/datanode-2/data/ratis/5157b187-12d4-4fa4-aa35-9c0f0bb22b1e has been successfully formatted.
2019-10-07 10:51:54,682 [pool-257-thread-1] INFO  ratis.ContainerStateMachine (ContainerStateMachine.java:loadSnapshot(231)) - group-9C0F0BB22B1E: The snapshot info is null. Setting the last applied indexto:(t:0, i:~)
2019-10-07 10:51:54,681 [pool-207-thread-1] INFO  storage.RaftStorage (RaftStorage.java:format(84)) - Storage directory /workdir/hadoop-ozone/integration-test/target/test-dir/MiniOzoneClusterImpl-2b840c3e-75e3-4038-9799-12e6f62700d9/datanode-0/data/ratis/5157b187-12d4-4fa4-aa35-9c0f0bb22b1e has been successfully formatted.
2019-10-07 10:51:54,682 [pool-257-thread-1] INFO  server.RaftServerConfigKeys (ConfUtils.java:logGet(43)) - raft.server.notification.no-leader.timeout = 120s (custom)
2019-10-07 10:51:54,682 [pool-227-thread-1] INFO  ratis.ContainerStateMachine (ContainerStateMachine.java:loadSnapshot(231)) - group-9C0F0BB22B1E: The snapshot info is null. Setting the last applied indexto:(t:0, i:~)
2019-10-07 10:51:54,684 [pool-207-thread-1] INFO  ratis.ContainerStateMachine (ContainerStateMachine.java:loadSnapshot(231)) - group-9C0F0BB22B1E: The snapshot info is null. Setting the last applied indexto:(t:0, i:~)
2019-10-07 10:51:54,684 [pool-257-thread-1] INFO  server.RaftServerConfigKeys (ConfUtils.java:logGet(43)) - raft.server.log.use.memory = false (default)
2019-10-07 10:51:54,684 [pool-207-thread-1] INFO  server.RaftServerConfigKeys (ConfUtils.java:logGet(43)) - raft.server.notification.no-leader.timeout = 120s (custom)
2019-10-07 10:51:54,684 [pool-227-thread-1] INFO  server.RaftServerConfigKeys (ConfUtils.java:logGet(43)) - raft.server.notification.no-leader.timeout = 120s (custom)
2019-10-07 10:51:54,685 [pool-207-thread-1] INFO  server.RaftServerConfigKeys (ConfUtils.java:logGet(43)) - raft.server.log.use.memory = false (default)
2019-10-07 10:51:54,685 [pool-257-thread-1] INFO  server.RaftServerConfigKeys (ConfUtils.java:logGet(43)) - raft.server.log.purge.gap = 1000000 (custom)
2019-10-07 10:51:54,693 [pool-207-thread-1] INFO  server.RaftServerConfigKeys (ConfUtils.java:logGet(43)) - raft.server.log.purge.gap = 1000000 (custom)
2019-10-07 10:51:54,685 [pool-227-thread-1] INFO  server.RaftServerConfigKeys (ConfUtils.java:logGet(43)) - raft.server.log.use.memory = false (default)
2019-10-07 10:51:54,693 [pool-207-thread-1] INFO  server.RaftServerConfigKeys (ConfUtils.java:logGet(43)) - raft.server.log.appender.buffer.byte-limit = 33554432 (custom)
2019-10-07 10:51:54,693 [pool-257-thread-1] INFO  server.RaftServerConfigKeys (ConfUtils.java:logGet(43)) - raft.server.log.appender.buffer.byte-limit = 33554432 (custom)
2019-10-07 10:51:54,693 [pool-207-thread-1] INFO  server.RaftServerConfigKeys (ConfUtils.java:logGet(43)) - raft.server.log.segment.size.max = 1048576 (custom)
2019-10-07 10:51:54,693 [pool-227-thread-1] INFO  server.RaftServerConfigKeys (ConfUtils.java:logGet(43)) - raft.server.log.purge.gap = 1000000 (custom)
2019-10-07 10:51:54,693 [pool-207-thread-1] INFO  server.RaftServerConfigKeys (ConfUtils.java:logGet(43)) - raft.server.log.segment.cache.num.max = 2 (custom)
2019-10-07 10:51:54,693 [pool-257-thread-1] INFO  server.RaftServerConfigKeys (ConfUtils.java:logGet(43)) - raft.server.log.segment.size.max = 1048576 (custom)
2019-10-07 10:51:54,693 [main] INFO  rpc.RpcClient (RpcClient.java:createBucket(416)) - Creating Bucket: watchforcommithandlingtest/watchforcommithandlingtest, with Versioning false and Storage Type set to DISK and Encryption set to false 
2019-10-07 10:51:54,694 [pool-257-thread-1] INFO  server.RaftServerConfigKeys (ConfUtils.java:logGet(43)) - raft.server.log.segment.cache.num.max = 2 (custom)
2019-10-07 10:51:54,694 [pool-207-thread-1] INFO  segmented.SegmentedRaftLogWorker (SegmentedRaftLogWorker.java:<init>(173)) - new 24476e73-5d23-4249-9898-8edc248c0287@group-9C0F0BB22B1E-SegmentedRaftLogWorker for RaftStorage:Storage Directory /workdir/hadoop-ozone/integration-test/target/test-dir/MiniOzoneClusterImpl-2b840c3e-75e3-4038-9799-12e6f62700d9/datanode-0/data/ratis/5157b187-12d4-4fa4-aa35-9c0f0bb22b1e
2019-10-07 10:51:54,694 [pool-227-thread-1] INFO  server.RaftServerConfigKeys (ConfUtils.java:logGet(43)) - raft.server.log.appender.buffer.byte-limit = 33554432 (custom)
2019-10-07 10:51:54,694 [pool-207-thread-1] INFO  server.RaftServerConfigKeys (ConfUtils.java:logGet(43)) - raft.server.log.queue.byte-limit = 2147483647 (custom)
2019-10-07 10:51:54,694 [pool-257-thread-1] INFO  segmented.SegmentedRaftLogWorker (SegmentedRaftLogWorker.java:<init>(173)) - new 9feb3379-7171-4df4-b299-4b714504f75e@group-9C0F0BB22B1E-SegmentedRaftLogWorker for RaftStorage:Storage Directory /workdir/hadoop-ozone/integration-test/target/test-dir/MiniOzoneClusterImpl-2b840c3e-75e3-4038-9799-12e6f62700d9/datanode-5/data/ratis/5157b187-12d4-4fa4-aa35-9c0f0bb22b1e
2019-10-07 10:51:54,695 [pool-207-thread-1] INFO  server.RaftServerConfigKeys (ConfUtils.java:logGet(43)) - raft.server.log.queue.element-limit = 1024 (custom)
2019-10-07 10:51:54,694 [pool-227-thread-1] INFO  server.RaftServerConfigKeys (ConfUtils.java:logGet(43)) - raft.server.log.segment.size.max = 1048576 (custom)
2019-10-07 10:51:54,695 [pool-207-thread-1] INFO  server.RaftServerConfigKeys (ConfUtils.java:logGet(43)) - raft.server.log.segment.size.max = 1048576 (custom)
2019-10-07 10:51:54,695 [pool-257-thread-1] INFO  server.RaftServerConfigKeys (ConfUtils.java:logGet(43)) - raft.server.log.queue.byte-limit = 2147483647 (custom)
2019-10-07 10:51:54,695 [pool-207-thread-1] INFO  server.RaftServerConfigKeys (ConfUtils.java:logGet(43)) - raft.server.log.preallocated.size = 16384 (custom)
2019-10-07 10:51:54,695 [pool-207-thread-1] INFO  server.RaftServerConfigKeys (ConfUtils.java:logGet(43)) - raft.server.log.write.buffer.size = 33554432 (custom)
2019-10-07 10:51:54,695 [pool-227-thread-1] INFO  server.RaftServerConfigKeys (ConfUtils.java:logGet(43)) - raft.server.log.segment.cache.num.max = 2 (custom)
2019-10-07 10:51:54,697 [pool-207-thread-1] INFO  server.RaftServerConfigKeys (ConfUtils.java:logGet(43)) - raft.server.log.force.sync.num = 128 (default)
2019-10-07 10:51:54,695 [pool-257-thread-1] INFO  server.RaftServerConfigKeys (ConfUtils.java:logGet(43)) - raft.server.log.queue.element-limit = 1024 (custom)
2019-10-07 10:51:54,697 [pool-207-thread-1] INFO  server.RaftServerConfigKeys (ConfUtils.java:logGet(43)) - raft.server.log.statemachine.data.sync = true (default)
2019-10-07 10:51:54,697 [pool-227-thread-1] INFO  segmented.SegmentedRaftLogWorker (SegmentedRaftLogWorker.java:<init>(173)) - new f0c02f1b-7192-45ee-be91-59a0f18f6150@group-9C0F0BB22B1E-SegmentedRaftLogWorker for RaftStorage:Storage Directory /workdir/hadoop-ozone/integration-test/target/test-dir/MiniOzoneClusterImpl-2b840c3e-75e3-4038-9799-12e6f62700d9/datanode-2/data/ratis/5157b187-12d4-4fa4-aa35-9c0f0bb22b1e
2019-10-07 10:51:54,698 [pool-207-thread-1] INFO  server.RaftServerConfigKeys (ConfUtils.java:logGet(43)) - raft.server.log.statemachine.data.sync.timeout = 10s (default)
2019-10-07 10:51:54,698 [pool-207-thread-1] INFO  server.RaftServerConfigKeys (ConfUtils.java:logGet(43)) - raft.server.log.statemachine.data.sync.timeout.retry = -1 (default)
2019-10-07 10:51:54,698 [pool-257-thread-1] INFO  server.RaftServerConfigKeys (ConfUtils.java:logGet(43)) - raft.server.log.segment.size.max = 1048576 (custom)
2019-10-07 10:51:54,698 [pool-207-thread-1] INFO  server.RaftServerConfigKeys (ConfUtils.java:logGet(43)) - raft.server.log.statemachine.data.caching.enabled = true (custom)
2019-10-07 10:51:54,698 [main] INFO  ozone.MiniOzoneClusterImpl (MiniOzoneClusterImpl.java:getStorageContainerLocationClient(234)) - Creating StorageContainerLocationProtocol RPC client with address /0.0.0.0:40993
2019-10-07 10:51:54,698 [pool-227-thread-1] INFO  server.RaftServerConfigKeys (ConfUtils.java:logGet(43)) - raft.server.log.queue.byte-limit = 2147483647 (custom)
2019-10-07 10:51:54,698 [pool-207-thread-1] INFO  segmented.SegmentedRaftLogWorker (SegmentedRaftLogWorker.java:lambda$new$0(128)) - 24476e73-5d23-4249-9898-8edc248c0287@group-9C0F0BB22B1E-SegmentedRaftLogWorker: flushIndex: setUnconditionally 0 -> -1
2019-10-07 10:51:54,698 [pool-257-thread-1] INFO  server.RaftServerConfigKeys (ConfUtils.java:logGet(43)) - raft.server.log.preallocated.size = 16384 (custom)
2019-10-07 10:51:54,699 [pool-207-thread-1] INFO  server.RaftServerConfigKeys (ConfUtils.java:logGet(43)) - raft.server.snapshot.auto.trigger.enabled = true (custom)
2019-10-07 10:51:54,699 [pool-227-thread-1] INFO  server.RaftServerConfigKeys (ConfUtils.java:logGet(43)) - raft.server.log.queue.element-limit = 1024 (custom)
2019-10-07 10:51:54,699 [pool-207-thread-1] INFO  server.RaftServerConfigKeys (ConfUtils.java:logGet(43)) - raft.server.snapshot.auto.trigger.threshold = 10000 (custom)
2019-10-07 10:51:54,699 [pool-257-thread-1] INFO  server.RaftServerConfigKeys (ConfUtils.java:logGet(43)) - raft.server.log.write.buffer.size = 33554432 (custom)
2019-10-07 10:51:54,699 [pool-207-thread-1] INFO  server.RaftServerConfigKeys (ConfUtils.java:logGet(43)) - raft.server.snapshot.retention.file.num = 5 (custom)
2019-10-07 10:51:54,699 [pool-227-thread-1] INFO  server.RaftServerConfigKeys (ConfUtils.java:logGet(43)) - raft.server.log.segment.size.max = 1048576 (custom)
2019-10-07 10:51:54,700 [pool-207-thread-1] INFO  server.RaftServerConfigKeys (ConfUtils.java:logGet(43)) - raft.server.retrycache.expirytime = 600000ms (custom)
2019-10-07 10:51:54,699 [pool-257-thread-1] INFO  server.RaftServerConfigKeys (ConfUtils.java:logGet(43)) - raft.server.log.force.sync.num = 128 (default)
2019-10-07 10:51:54,700 [pool-227-thread-1] INFO  server.RaftServerConfigKeys (ConfUtils.java:logGet(43)) - raft.server.log.preallocated.size = 16384 (custom)
2019-10-07 10:51:54,700 [pool-257-thread-1] INFO  server.RaftServerConfigKeys (ConfUtils.java:logGet(43)) - raft.server.log.statemachine.data.sync = true (default)
2019-10-07 10:51:54,700 [pool-227-thread-1] INFO  server.RaftServerConfigKeys (ConfUtils.java:logGet(43)) - raft.server.log.write.buffer.size = 33554432 (custom)
2019-10-07 10:51:54,700 [pool-257-thread-1] INFO  server.RaftServerConfigKeys (ConfUtils.java:logGet(43)) - raft.server.log.statemachine.data.sync.timeout = 10s (default)
2019-10-07 10:51:54,700 [pool-227-thread-1] INFO  server.RaftServerConfigKeys (ConfUtils.java:logGet(43)) - raft.server.log.force.sync.num = 128 (default)
2019-10-07 10:51:54,700 [pool-257-thread-1] INFO  server.RaftServerConfigKeys (ConfUtils.java:logGet(43)) - raft.server.log.statemachine.data.sync.timeout.retry = -1 (default)
2019-10-07 10:51:54,701 [pool-227-thread-1] INFO  server.RaftServerConfigKeys (ConfUtils.java:logGet(43)) - raft.server.log.statemachine.data.sync = true (default)
2019-10-07 10:51:54,701 [pool-257-thread-1] INFO  server.RaftServerConfigKeys (ConfUtils.java:logGet(43)) - raft.server.log.statemachine.data.caching.enabled = true (custom)
2019-10-07 10:51:54,701 [pool-227-thread-1] INFO  server.RaftServerConfigKeys (ConfUtils.java:logGet(43)) - raft.server.log.statemachine.data.sync.timeout = 10s (default)
2019-10-07 10:51:54,701 [pool-207-thread-1] INFO  impl.RaftServerImpl (RaftServerImpl.java:start(181)) - 24476e73-5d23-4249-9898-8edc248c0287@group-9C0F0BB22B1E: start as a follower, conf=-1: [24476e73-5d23-4249-9898-8edc248c0287:192.168.5.148:41742, 9feb3379-7171-4df4-b299-4b714504f75e:192.168.5.148:36247, f0c02f1b-7192-45ee-be91-59a0f18f6150:192.168.5.148:37217], old=null
2019-10-07 10:51:54,701 [pool-227-thread-1] INFO  server.RaftServerConfigKeys (ConfUtils.java:logGet(43)) - raft.server.log.statemachine.data.sync.timeout.retry = -1 (default)
2019-10-07 10:51:54,701 [pool-207-thread-1] INFO  impl.RaftServerImpl (RaftServerImpl.java:setRole(170)) - 24476e73-5d23-4249-9898-8edc248c0287@group-9C0F0BB22B1E: changes role from      null to FOLLOWER at term 0 for startAsFollower
2019-10-07 10:51:54,701 [pool-257-thread-1] INFO  segmented.SegmentedRaftLogWorker (SegmentedRaftLogWorker.java:lambda$new$0(128)) - 9feb3379-7171-4df4-b299-4b714504f75e@group-9C0F0BB22B1E-SegmentedRaftLogWorker: flushIndex: setUnconditionally 0 -> -1
2019-10-07 10:51:54,701 [pool-207-thread-1] INFO  impl.RoleInfo (RoleInfo.java:updateAndGet(143)) - 24476e73-5d23-4249-9898-8edc248c0287: start FollowerState
2019-10-07 10:51:54,701 [pool-227-thread-1] INFO  server.RaftServerConfigKeys (ConfUtils.java:logGet(43)) - raft.server.log.statemachine.data.caching.enabled = true (custom)
2019-10-07 10:51:54,702 [pool-257-thread-1] INFO  server.RaftServerConfigKeys (ConfUtils.java:logGet(43)) - raft.server.snapshot.auto.trigger.enabled = true (custom)
2019-10-07 10:51:54,702 [pool-227-thread-1] INFO  segmented.SegmentedRaftLogWorker (SegmentedRaftLogWorker.java:lambda$new$0(128)) - f0c02f1b-7192-45ee-be91-59a0f18f6150@group-9C0F0BB22B1E-SegmentedRaftLogWorker: flushIndex: setUnconditionally 0 -> -1
2019-10-07 10:51:54,702 [pool-207-thread-1] INFO  util.JmxRegister (JmxRegister.java:tryRegister(44)) - Successfully registered JMX Bean with object name Ratis:service=RaftServer,group=group-9C0F0BB22B1E,id=24476e73-5d23-4249-9898-8edc248c0287
2019-10-07 10:51:54,702 [pool-257-thread-1] INFO  server.RaftServerConfigKeys (ConfUtils.java:logGet(43)) - raft.server.snapshot.auto.trigger.threshold = 10000 (custom)
2019-10-07 10:51:54,702 [pool-227-thread-1] INFO  server.RaftServerConfigKeys (ConfUtils.java:logGet(43)) - raft.server.snapshot.auto.trigger.enabled = true (custom)
2019-10-07 10:51:54,702 [pool-257-thread-1] INFO  server.RaftServerConfigKeys (ConfUtils.java:logGet(43)) - raft.server.snapshot.retention.file.num = 5 (custom)
2019-10-07 10:51:54,702 [pool-227-thread-1] INFO  server.RaftServerConfigKeys (ConfUtils.java:logGet(43)) - raft.server.snapshot.auto.trigger.threshold = 10000 (custom)
2019-10-07 10:51:54,702 [pool-257-thread-1] INFO  server.RaftServerConfigKeys (ConfUtils.java:logGet(43)) - raft.server.retrycache.expirytime = 600000ms (custom)
2019-10-07 10:51:54,703 [pool-227-thread-1] INFO  server.RaftServerConfigKeys (ConfUtils.java:logGet(43)) - raft.server.snapshot.retention.file.num = 5 (custom)
2019-10-07 10:51:54,703 [pool-227-thread-1] INFO  server.RaftServerConfigKeys (ConfUtils.java:logGet(43)) - raft.server.retrycache.expirytime = 600000ms (custom)
2019-10-07 10:51:54,705 [pool-257-thread-1] INFO  impl.RaftServerImpl (RaftServerImpl.java:start(181)) - 9feb3379-7171-4df4-b299-4b714504f75e@group-9C0F0BB22B1E: start as a follower, conf=-1: [24476e73-5d23-4249-9898-8edc248c0287:192.168.5.148:41742, 9feb3379-7171-4df4-b299-4b714504f75e:192.168.5.148:36247, f0c02f1b-7192-45ee-be91-59a0f18f6150:192.168.5.148:37217], old=null
2019-10-07 10:51:54,705 [pool-227-thread-1] INFO  impl.RaftServerImpl (RaftServerImpl.java:start(181)) - f0c02f1b-7192-45ee-be91-59a0f18f6150@group-9C0F0BB22B1E: start as a follower, conf=-1: [24476e73-5d23-4249-9898-8edc248c0287:192.168.5.148:41742, 9feb3379-7171-4df4-b299-4b714504f75e:192.168.5.148:36247, f0c02f1b-7192-45ee-be91-59a0f18f6150:192.168.5.148:37217], old=null
2019-10-07 10:51:54,706 [pool-257-thread-1] INFO  impl.RaftServerImpl (RaftServerImpl.java:setRole(170)) - 9feb3379-7171-4df4-b299-4b714504f75e@group-9C0F0BB22B1E: changes role from      null to FOLLOWER at term 0 for startAsFollower
2019-10-07 10:51:54,706 [pool-227-thread-1] INFO  impl.RaftServerImpl (RaftServerImpl.java:setRole(170)) - f0c02f1b-7192-45ee-be91-59a0f18f6150@group-9C0F0BB22B1E: changes role from      null to FOLLOWER at term 0 for startAsFollower
2019-10-07 10:51:54,706 [pool-257-thread-1] INFO  impl.RoleInfo (RoleInfo.java:updateAndGet(143)) - 9feb3379-7171-4df4-b299-4b714504f75e: start FollowerState
2019-10-07 10:51:54,706 [pool-227-thread-1] INFO  impl.RoleInfo (RoleInfo.java:updateAndGet(143)) - f0c02f1b-7192-45ee-be91-59a0f18f6150: start FollowerState
2019-10-07 10:51:54,706 [pool-257-thread-1] INFO  util.JmxRegister (JmxRegister.java:tryRegister(44)) - Successfully registered JMX Bean with object name Ratis:service=RaftServer,group=group-9C0F0BB22B1E,id=9feb3379-7171-4df4-b299-4b714504f75e
2019-10-07 10:51:54,706 [pool-227-thread-1] INFO  util.JmxRegister (JmxRegister.java:tryRegister(44)) - Successfully registered JMX Bean with object name Ratis:service=RaftServer,group=group-9C0F0BB22B1E,id=f0c02f1b-7192-45ee-be91-59a0f18f6150
2019-10-07 10:51:54,712 [RatisPipelineUtilsThread] INFO  pipeline.PipelineStateManager (PipelineStateManager.java:addPipeline(56)) - Created pipeline Pipeline[ Id: 5157b187-12d4-4fa4-aa35-9c0f0bb22b1e, Nodes: 24476e73-5d23-4249-9898-8edc248c0287{ip: 192.168.5.148, host: pr-hdds-2238-6jxtw-691721237, networkLocation: /default-rack, certSerialId: null}9feb3379-7171-4df4-b299-4b714504f75e{ip: 192.168.5.148, host: pr-hdds-2238-6jxtw-691721237, networkLocation: /default-rack, certSerialId: null}f0c02f1b-7192-45ee-be91-59a0f18f6150{ip: 192.168.5.148, host: pr-hdds-2238-6jxtw-691721237, networkLocation: /default-rack, certSerialId: null}, Type:RATIS, Factor:THREE, State:OPEN]
2019-10-07 10:51:54,720 [grpc-default-executor-1] INFO  impl.RaftServerProxy (RaftServerProxy.java:addNew(89)) - 818478d2-41a1-4e77-b964-c69b50d36fc4: addNew group-9284E328257B:[bb83a435-2a27-45e3-804f-80018d84be95:192.168.5.148:42266, c9d37369-928a-4e05-9ec2-247ed1de362b:192.168.5.148:44450, 818478d2-41a1-4e77-b964-c69b50d36fc4:192.168.5.148:39506] returns group-9284E328257B:java.util.concurrent.CompletableFuture@7dde8839[Not completed]
2019-10-07 10:51:54,721 [grpc-default-executor-3] INFO  impl.RaftServerProxy (RaftServerProxy.java:addNew(89)) - c9d37369-928a-4e05-9ec2-247ed1de362b: addNew group-9284E328257B:[bb83a435-2a27-45e3-804f-80018d84be95:192.168.5.148:42266, c9d37369-928a-4e05-9ec2-247ed1de362b:192.168.5.148:44450, 818478d2-41a1-4e77-b964-c69b50d36fc4:192.168.5.148:39506] returns group-9284E328257B:java.util.concurrent.CompletableFuture@17f597bd[Not completed]
2019-10-07 10:51:54,721 [grpc-default-executor-1] INFO  impl.RaftServerProxy (RaftServerProxy.java:addNew(89)) - bb83a435-2a27-45e3-804f-80018d84be95: addNew group-9284E328257B:[bb83a435-2a27-45e3-804f-80018d84be95:192.168.5.148:42266, c9d37369-928a-4e05-9ec2-247ed1de362b:192.168.5.148:44450, 818478d2-41a1-4e77-b964-c69b50d36fc4:192.168.5.148:39506] returns group-9284E328257B:java.util.concurrent.CompletableFuture@6f6358a5[Not completed]
2019-10-07 10:51:54,725 [pool-267-thread-1] INFO  impl.RaftServerImpl (RaftServerImpl.java:<init>(95)) - 818478d2-41a1-4e77-b964-c69b50d36fc4: new RaftServerImpl for group-9284E328257B:[bb83a435-2a27-45e3-804f-80018d84be95:192.168.5.148:42266, c9d37369-928a-4e05-9ec2-247ed1de362b:192.168.5.148:44450, 818478d2-41a1-4e77-b964-c69b50d36fc4:192.168.5.148:39506] with ContainerStateMachine:uninitialized
2019-10-07 10:51:54,725 [pool-267-thread-1] INFO  server.RaftServerConfigKeys (ConfUtils.java:logGet(43)) - raft.server.rpc.timeout.min = 5s (custom)
2019-10-07 10:51:54,725 [pool-267-thread-1] INFO  server.RaftServerConfigKeys (ConfUtils.java:logGet(43)) - raft.server.rpc.timeout.max = 5200ms (custom)
2019-10-07 10:51:54,725 [pool-267-thread-1] INFO  server.RaftServerConfigKeys (ConfUtils.java:logGet(43)) - raft.server.rpcslowness.timeout = 120s (custom)
2019-10-07 10:51:54,725 [pool-267-thread-1] INFO  server.RaftServerConfigKeys (ConfUtils.java:logGet(43)) - raft.server.sleep.deviation.threshold = 300 (default)
2019-10-07 10:51:54,725 [pool-267-thread-1] INFO  server.RaftServerConfigKeys (ConfUtils.java:logGet(43)) - raft.server.log.appender.install.snapshot.enabled = false (custom)
2019-10-07 10:51:54,726 [pool-267-thread-1] INFO  impl.RaftServerImpl (ServerState.java:<init>(103)) - 818478d2-41a1-4e77-b964-c69b50d36fc4@group-9284E328257B: ConfigurationManager, init=-1: [bb83a435-2a27-45e3-804f-80018d84be95:192.168.5.148:42266, c9d37369-928a-4e05-9ec2-247ed1de362b:192.168.5.148:44450, 818478d2-41a1-4e77-b964-c69b50d36fc4:192.168.5.148:39506], old=null, confs=<EMPTY_MAP>
2019-10-07 10:51:54,726 [pool-217-thread-1] INFO  impl.RaftServerImpl (RaftServerImpl.java:<init>(95)) - bb83a435-2a27-45e3-804f-80018d84be95: new RaftServerImpl for group-9284E328257B:[bb83a435-2a27-45e3-804f-80018d84be95:192.168.5.148:42266, c9d37369-928a-4e05-9ec2-247ed1de362b:192.168.5.148:44450, 818478d2-41a1-4e77-b964-c69b50d36fc4:192.168.5.148:39506] with ContainerStateMachine:uninitialized
2019-10-07 10:51:54,726 [pool-267-thread-1] INFO  server.RaftServerConfigKeys (ConfUtils.java:logGet(43)) - raft.server.storage.dir = [/workdir/hadoop-ozone/integration-test/target/test-dir/MiniOzoneClusterImpl-2b840c3e-75e3-4038-9799-12e6f62700d9/datanode-6/data/ratis] (custom)
2019-10-07 10:51:54,726 [pool-217-thread-1] INFO  server.RaftServerConfigKeys (ConfUtils.java:logGet(43)) - raft.server.rpc.timeout.min = 5s (custom)
2019-10-07 10:51:54,726 [pool-267-thread-1] INFO  server.RaftServerConfigKeys (ConfUtils.java:logGet(43)) - raft.server.log.corruption.policy = EXCEPTION (default)
2019-10-07 10:51:54,726 [pool-217-thread-1] INFO  server.RaftServerConfigKeys (ConfUtils.java:logGet(43)) - raft.server.rpc.timeout.max = 5200ms (custom)
2019-10-07 10:51:54,726 [pool-237-thread-1] INFO  impl.RaftServerImpl (RaftServerImpl.java:<init>(95)) - c9d37369-928a-4e05-9ec2-247ed1de362b: new RaftServerImpl for group-9284E328257B:[bb83a435-2a27-45e3-804f-80018d84be95:192.168.5.148:42266, c9d37369-928a-4e05-9ec2-247ed1de362b:192.168.5.148:44450, 818478d2-41a1-4e77-b964-c69b50d36fc4:192.168.5.148:39506] with ContainerStateMachine:uninitialized
2019-10-07 10:51:54,726 [pool-217-thread-1] INFO  server.RaftServerConfigKeys (ConfUtils.java:logGet(43)) - raft.server.rpcslowness.timeout = 120s (custom)
2019-10-07 10:51:54,726 [pool-267-thread-1] INFO  storage.RaftStorageDirectory (RaftStorageDirectory.java:analyzeStorage(246)) - The storage directory /workdir/hadoop-ozone/integration-test/target/test-dir/MiniOzoneClusterImpl-2b840c3e-75e3-4038-9799-12e6f62700d9/datanode-6/data/ratis/39955cfa-0fc6-46e1-9c7f-9284e328257b does not exist. Creating ...
2019-10-07 10:51:54,726 [pool-217-thread-1] INFO  server.RaftServerConfigKeys (ConfUtils.java:logGet(43)) - raft.server.sleep.deviation.threshold = 300 (default)
2019-10-07 10:51:54,727 [pool-217-thread-1] INFO  server.RaftServerConfigKeys (ConfUtils.java:logGet(43)) - raft.server.log.appender.install.snapshot.enabled = false (custom)
2019-10-07 10:51:54,726 [pool-237-thread-1] INFO  server.RaftServerConfigKeys (ConfUtils.java:logGet(43)) - raft.server.rpc.timeout.min = 5s (custom)
2019-10-07 10:51:54,727 [pool-217-thread-1] INFO  impl.RaftServerImpl (ServerState.java:<init>(103)) - bb83a435-2a27-45e3-804f-80018d84be95@group-9284E328257B: ConfigurationManager, init=-1: [bb83a435-2a27-45e3-804f-80018d84be95:192.168.5.148:42266, c9d37369-928a-4e05-9ec2-247ed1de362b:192.168.5.148:44450, 818478d2-41a1-4e77-b964-c69b50d36fc4:192.168.5.148:39506], old=null, confs=<EMPTY_MAP>
2019-10-07 10:51:54,727 [pool-237-thread-1] INFO  server.RaftServerConfigKeys (ConfUtils.java:logGet(43)) - raft.server.rpc.timeout.max = 5200ms (custom)
2019-10-07 10:51:54,727 [pool-217-thread-1] INFO  server.RaftServerConfigKeys (ConfUtils.java:logGet(43)) - raft.server.storage.dir = [/workdir/hadoop-ozone/integration-test/target/test-dir/MiniOzoneClusterImpl-2b840c3e-75e3-4038-9799-12e6f62700d9/datanode-1/data/ratis] (custom)
2019-10-07 10:51:54,727 [pool-237-thread-1] INFO  server.RaftServerConfigKeys (ConfUtils.java:logGet(43)) - raft.server.rpcslowness.timeout = 120s (custom)
2019-10-07 10:51:54,727 [pool-237-thread-1] INFO  server.RaftServerConfigKeys (ConfUtils.java:logGet(43)) - raft.server.sleep.deviation.threshold = 300 (default)
2019-10-07 10:51:54,727 [pool-217-thread-1] INFO  server.RaftServerConfigKeys (ConfUtils.java:logGet(43)) - raft.server.log.corruption.policy = EXCEPTION (default)
2019-10-07 10:51:54,727 [pool-237-thread-1] INFO  server.RaftServerConfigKeys (ConfUtils.java:logGet(43)) - raft.server.log.appender.install.snapshot.enabled = false (custom)
2019-10-07 10:51:54,728 [pool-217-thread-1] INFO  storage.RaftStorageDirectory (RaftStorageDirectory.java:analyzeStorage(246)) - The storage directory /workdir/hadoop-ozone/integration-test/target/test-dir/MiniOzoneClusterImpl-2b840c3e-75e3-4038-9799-12e6f62700d9/datanode-1/data/ratis/39955cfa-0fc6-46e1-9c7f-9284e328257b does not exist. Creating ...
2019-10-07 10:51:54,728 [pool-237-thread-1] INFO  impl.RaftServerImpl (ServerState.java:<init>(103)) - c9d37369-928a-4e05-9ec2-247ed1de362b@group-9284E328257B: ConfigurationManager, init=-1: [bb83a435-2a27-45e3-804f-80018d84be95:192.168.5.148:42266, c9d37369-928a-4e05-9ec2-247ed1de362b:192.168.5.148:44450, 818478d2-41a1-4e77-b964-c69b50d36fc4:192.168.5.148:39506], old=null, confs=<EMPTY_MAP>
2019-10-07 10:51:54,728 [pool-237-thread-1] INFO  server.RaftServerConfigKeys (ConfUtils.java:logGet(43)) - raft.server.storage.dir = [/workdir/hadoop-ozone/integration-test/target/test-dir/MiniOzoneClusterImpl-2b840c3e-75e3-4038-9799-12e6f62700d9/datanode-3/data/ratis] (custom)
2019-10-07 10:51:54,728 [pool-237-thread-1] INFO  server.RaftServerConfigKeys (ConfUtils.java:logGet(43)) - raft.server.log.corruption.policy = EXCEPTION (default)
2019-10-07 10:51:54,728 [pool-237-thread-1] INFO  storage.RaftStorageDirectory (RaftStorageDirectory.java:analyzeStorage(246)) - The storage directory /workdir/hadoop-ozone/integration-test/target/test-dir/MiniOzoneClusterImpl-2b840c3e-75e3-4038-9799-12e6f62700d9/datanode-3/data/ratis/39955cfa-0fc6-46e1-9c7f-9284e328257b does not exist. Creating ...
2019-10-07 10:51:54,740 [pool-267-thread-1] INFO  storage.RaftStorageDirectory (RaftStorageDirectory.java:tryLock(328)) - Lock on /workdir/hadoop-ozone/integration-test/target/test-dir/MiniOzoneClusterImpl-2b840c3e-75e3-4038-9799-12e6f62700d9/datanode-6/data/ratis/39955cfa-0fc6-46e1-9c7f-9284e328257b/in_use.lock acquired by nodename 24021@pr-hdds-2238-6jxtw-691721237
2019-10-07 10:51:54,740 [pool-237-thread-1] INFO  storage.RaftStorageDirectory (RaftStorageDirectory.java:tryLock(328)) - Lock on /workdir/hadoop-ozone/integration-test/target/test-dir/MiniOzoneClusterImpl-2b840c3e-75e3-4038-9799-12e6f62700d9/datanode-3/data/ratis/39955cfa-0fc6-46e1-9c7f-9284e328257b/in_use.lock acquired by nodename 24021@pr-hdds-2238-6jxtw-691721237
2019-10-07 10:51:54,740 [pool-217-thread-1] INFO  storage.RaftStorageDirectory (RaftStorageDirectory.java:tryLock(328)) - Lock on /workdir/hadoop-ozone/integration-test/target/test-dir/MiniOzoneClusterImpl-2b840c3e-75e3-4038-9799-12e6f62700d9/datanode-1/data/ratis/39955cfa-0fc6-46e1-9c7f-9284e328257b/in_use.lock acquired by nodename 24021@pr-hdds-2238-6jxtw-691721237
2019-10-07 10:51:54,754 [pool-217-thread-1] INFO  storage.RaftStorage (RaftStorage.java:format(84)) - Storage directory /workdir/hadoop-ozone/integration-test/target/test-dir/MiniOzoneClusterImpl-2b840c3e-75e3-4038-9799-12e6f62700d9/datanode-1/data/ratis/39955cfa-0fc6-46e1-9c7f-9284e328257b has been successfully formatted.
2019-10-07 10:51:54,754 [pool-237-thread-1] INFO  storage.RaftStorage (RaftStorage.java:format(84)) - Storage directory /workdir/hadoop-ozone/integration-test/target/test-dir/MiniOzoneClusterImpl-2b840c3e-75e3-4038-9799-12e6f62700d9/datanode-3/data/ratis/39955cfa-0fc6-46e1-9c7f-9284e328257b has been successfully formatted.
2019-10-07 10:51:54,754 [pool-217-thread-1] INFO  ratis.ContainerStateMachine (ContainerStateMachine.java:loadSnapshot(231)) - group-9284E328257B: The snapshot info is null. Setting the last applied indexto:(t:0, i:~)
2019-10-07 10:51:54,754 [pool-267-thread-1] INFO  storage.RaftStorage (RaftStorage.java:format(84)) - Storage directory /workdir/hadoop-ozone/integration-test/target/test-dir/MiniOzoneClusterImpl-2b840c3e-75e3-4038-9799-12e6f62700d9/datanode-6/data/ratis/39955cfa-0fc6-46e1-9c7f-9284e328257b has been successfully formatted.
2019-10-07 10:51:54,755 [pool-217-thread-1] INFO  server.RaftServerConfigKeys (ConfUtils.java:logGet(43)) - raft.server.notification.no-leader.timeout = 120s (custom)
2019-10-07 10:51:54,754 [pool-237-thread-1] INFO  ratis.ContainerStateMachine (ContainerStateMachine.java:loadSnapshot(231)) - group-9284E328257B: The snapshot info is null. Setting the last applied indexto:(t:0, i:~)
2019-10-07 10:51:54,755 [pool-217-thread-1] INFO  server.RaftServerConfigKeys (ConfUtils.java:logGet(43)) - raft.server.log.use.memory = false (default)
2019-10-07 10:51:54,755 [pool-267-thread-1] INFO  ratis.ContainerStateMachine (ContainerStateMachine.java:loadSnapshot(231)) - group-9284E328257B: The snapshot info is null. Setting the last applied indexto:(t:0, i:~)
2019-10-07 10:51:54,755 [pool-217-thread-1] INFO  server.RaftServerConfigKeys (ConfUtils.java:logGet(43)) - raft.server.log.purge.gap = 1000000 (custom)
2019-10-07 10:51:54,755 [pool-237-thread-1] INFO  server.RaftServerConfigKeys (ConfUtils.java:logGet(43)) - raft.server.notification.no-leader.timeout = 120s (custom)
2019-10-07 10:51:54,755 [pool-217-thread-1] INFO  server.RaftServerConfigKeys (ConfUtils.java:logGet(43)) - raft.server.log.appender.buffer.byte-limit = 33554432 (custom)
2019-10-07 10:51:54,755 [pool-267-thread-1] INFO  server.RaftServerConfigKeys (ConfUtils.java:logGet(43)) - raft.server.notification.no-leader.timeout = 120s (custom)
2019-10-07 10:51:54,756 [pool-217-thread-1] INFO  server.RaftServerConfigKeys (ConfUtils.java:logGet(43)) - raft.server.log.segment.size.max = 1048576 (custom)
2019-10-07 10:51:54,756 [pool-237-thread-1] INFO  server.RaftServerConfigKeys (ConfUtils.java:logGet(43)) - raft.server.log.use.memory = false (default)
2019-10-07 10:51:54,756 [pool-217-thread-1] INFO  server.RaftServerConfigKeys (ConfUtils.java:logGet(43)) - raft.server.log.segment.cache.num.max = 2 (custom)
2019-10-07 10:51:54,756 [pool-267-thread-1] INFO  server.RaftServerConfigKeys (ConfUtils.java:logGet(43)) - raft.server.log.use.memory = false (default)
2019-10-07 10:51:54,756 [pool-217-thread-1] INFO  segmented.SegmentedRaftLogWorker (SegmentedRaftLogWorker.java:<init>(173)) - new bb83a435-2a27-45e3-804f-80018d84be95@group-9284E328257B-SegmentedRaftLogWorker for RaftStorage:Storage Directory /workdir/hadoop-ozone/integration-test/target/test-dir/MiniOzoneClusterImpl-2b840c3e-75e3-4038-9799-12e6f62700d9/datanode-1/data/ratis/39955cfa-0fc6-46e1-9c7f-9284e328257b
2019-10-07 10:51:54,756 [pool-217-thread-1] INFO  server.RaftServerConfigKeys (ConfUtils.java:logGet(43)) - raft.server.log.queue.byte-limit = 2147483647 (custom)
2019-10-07 10:51:54,756 [pool-237-thread-1] INFO  server.RaftServerConfigKeys (ConfUtils.java:logGet(43)) - raft.server.log.purge.gap = 1000000 (custom)
2019-10-07 10:51:54,757 [pool-217-thread-1] INFO  server.RaftServerConfigKeys (ConfUtils.java:logGet(43)) - raft.server.log.queue.element-limit = 1024 (custom)
2019-10-07 10:51:54,756 [pool-267-thread-1] INFO  server.RaftServerConfigKeys (ConfUtils.java:logGet(43)) - raft.server.log.purge.gap = 1000000 (custom)
2019-10-07 10:51:54,757 [pool-217-thread-1] INFO  server.RaftServerConfigKeys (ConfUtils.java:logGet(43)) - raft.server.log.segment.size.max = 1048576 (custom)
2019-10-07 10:51:54,757 [pool-237-thread-1] INFO  server.RaftServerConfigKeys (ConfUtils.java:logGet(43)) - raft.server.log.appender.buffer.byte-limit = 33554432 (custom)
2019-10-07 10:51:54,757 [pool-217-thread-1] INFO  server.RaftServerConfigKeys (ConfUtils.java:logGet(43)) - raft.server.log.preallocated.size = 16384 (custom)
2019-10-07 10:51:54,757 [pool-267-thread-1] INFO  server.RaftServerConfigKeys (ConfUtils.java:logGet(43)) - raft.server.log.appender.buffer.byte-limit = 33554432 (custom)
2019-10-07 10:51:54,758 [pool-217-thread-1] INFO  server.RaftServerConfigKeys (ConfUtils.java:logGet(43)) - raft.server.log.write.buffer.size = 33554432 (custom)
2019-10-07 10:51:54,757 [pool-237-thread-1] INFO  server.RaftServerConfigKeys (ConfUtils.java:logGet(43)) - raft.server.log.segment.size.max = 1048576 (custom)
2019-10-07 10:51:54,758 [pool-217-thread-1] INFO  server.RaftServerConfigKeys (ConfUtils.java:logGet(43)) - raft.server.log.force.sync.num = 128 (default)
2019-10-07 10:51:54,758 [pool-267-thread-1] INFO  server.RaftServerConfigKeys (ConfUtils.java:logGet(43)) - raft.server.log.segment.size.max = 1048576 (custom)
2019-10-07 10:51:54,758 [pool-217-thread-1] INFO  server.RaftServerConfigKeys (ConfUtils.java:logGet(43)) - raft.server.log.statemachine.data.sync = true (default)
2019-10-07 10:51:54,758 [pool-237-thread-1] INFO  server.RaftServerConfigKeys (ConfUtils.java:logGet(43)) - raft.server.log.segment.cache.num.max = 2 (custom)
2019-10-07 10:51:54,758 [pool-217-thread-1] INFO  server.RaftServerConfigKeys (ConfUtils.java:logGet(43)) - raft.server.log.statemachine.data.sync.timeout = 10s (default)
2019-10-07 10:51:54,759 [pool-237-thread-1] INFO  segmented.SegmentedRaftLogWorker (SegmentedRaftLogWorker.java:<init>(173)) - new c9d37369-928a-4e05-9ec2-247ed1de362b@group-9284E328257B-SegmentedRaftLogWorker for RaftStorage:Storage Directory /workdir/hadoop-ozone/integration-test/target/test-dir/MiniOzoneClusterImpl-2b840c3e-75e3-4038-9799-12e6f62700d9/datanode-3/data/ratis/39955cfa-0fc6-46e1-9c7f-9284e328257b
2019-10-07 10:51:54,759 [pool-217-thread-1] INFO  server.RaftServerConfigKeys (ConfUtils.java:logGet(43)) - raft.server.log.statemachine.data.sync.timeout.retry = -1 (default)
2019-10-07 10:51:54,759 [pool-237-thread-1] INFO  server.RaftServerConfigKeys (ConfUtils.java:logGet(43)) - raft.server.log.queue.byte-limit = 2147483647 (custom)
2019-10-07 10:51:54,759 [pool-237-thread-1] INFO  server.RaftServerConfigKeys (ConfUtils.java:logGet(43)) - raft.server.log.queue.element-limit = 1024 (custom)
2019-10-07 10:51:54,759 [pool-217-thread-1] INFO  server.RaftServerConfigKeys (ConfUtils.java:logGet(43)) - raft.server.log.statemachine.data.caching.enabled = true (custom)
2019-10-07 10:51:54,759 [pool-237-thread-1] INFO  server.RaftServerConfigKeys (ConfUtils.java:logGet(43)) - raft.server.log.segment.size.max = 1048576 (custom)
2019-10-07 10:51:54,759 [pool-237-thread-1] INFO  server.RaftServerConfigKeys (ConfUtils.java:logGet(43)) - raft.server.log.preallocated.size = 16384 (custom)
2019-10-07 10:51:54,759 [pool-237-thread-1] INFO  server.RaftServerConfigKeys (ConfUtils.java:logGet(43)) - raft.server.log.write.buffer.size = 33554432 (custom)
2019-10-07 10:51:54,760 [pool-267-thread-1] INFO  server.RaftServerConfigKeys (ConfUtils.java:logGet(43)) - raft.server.log.segment.cache.num.max = 2 (custom)
2019-10-07 10:51:54,760 [pool-217-thread-1] INFO  segmented.SegmentedRaftLogWorker (SegmentedRaftLogWorker.java:lambda$new$0(128)) - bb83a435-2a27-45e3-804f-80018d84be95@group-9284E328257B-SegmentedRaftLogWorker: flushIndex: setUnconditionally 0 -> -1
2019-10-07 10:51:54,760 [pool-267-thread-1] INFO  segmented.SegmentedRaftLogWorker (SegmentedRaftLogWorker.java:<init>(173)) - new 818478d2-41a1-4e77-b964-c69b50d36fc4@group-9284E328257B-SegmentedRaftLogWorker for RaftStorage:Storage Directory /workdir/hadoop-ozone/integration-test/target/test-dir/MiniOzoneClusterImpl-2b840c3e-75e3-4038-9799-12e6f62700d9/datanode-6/data/ratis/39955cfa-0fc6-46e1-9c7f-9284e328257b
2019-10-07 10:51:54,760 [pool-237-thread-1] INFO  server.RaftServerConfigKeys (ConfUtils.java:logGet(43)) - raft.server.log.force.sync.num = 128 (default)
2019-10-07 10:51:54,760 [pool-217-thread-1] INFO  server.RaftServerConfigKeys (ConfUtils.java:logGet(43)) - raft.server.snapshot.auto.trigger.enabled = true (custom)
2019-10-07 10:51:54,760 [pool-267-thread-1] INFO  server.RaftServerConfigKeys (ConfUtils.java:logGet(43)) - raft.server.log.queue.byte-limit = 2147483647 (custom)
2019-10-07 10:51:54,760 [pool-217-thread-1] INFO  server.RaftServerConfigKeys (ConfUtils.java:logGet(43)) - raft.server.snapshot.auto.trigger.threshold = 10000 (custom)
2019-10-07 10:51:54,760 [pool-237-thread-1] INFO  server.RaftServerConfigKeys (ConfUtils.java:logGet(43)) - raft.server.log.statemachine.data.sync = true (default)
2019-10-07 10:51:54,761 [pool-217-thread-1] INFO  server.RaftServerConfigKeys (ConfUtils.java:logGet(43)) - raft.server.snapshot.retention.file.num = 5 (custom)
2019-10-07 10:51:54,760 [pool-267-thread-1] INFO  server.RaftServerConfigKeys (ConfUtils.java:logGet(43)) - raft.server.log.queue.element-limit = 1024 (custom)
2019-10-07 10:51:54,761 [pool-217-thread-1] INFO  server.RaftServerConfigKeys (ConfUtils.java:logGet(43)) - raft.server.retrycache.expirytime = 600000ms (custom)
2019-10-07 10:51:54,761 [pool-237-thread-1] INFO  server.RaftServerConfigKeys (ConfUtils.java:logGet(43)) - raft.server.log.statemachine.data.sync.timeout = 10s (default)
2019-10-07 10:51:54,761 [pool-267-thread-1] INFO  server.RaftServerConfigKeys (ConfUtils.java:logGet(43)) - raft.server.log.segment.size.max = 1048576 (custom)
2019-10-07 10:51:54,761 [pool-237-thread-1] INFO  server.RaftServerConfigKeys (ConfUtils.java:logGet(43)) - raft.server.log.statemachine.data.sync.timeout.retry = -1 (default)
2019-10-07 10:51:54,761 [pool-267-thread-1] INFO  server.RaftServerConfigKeys (ConfUtils.java:logGet(43)) - raft.server.log.preallocated.size = 16384 (custom)
2019-10-07 10:51:54,761 [pool-237-thread-1] INFO  server.RaftServerConfigKeys (ConfUtils.java:logGet(43)) - raft.server.log.statemachine.data.caching.enabled = true (custom)
2019-10-07 10:51:54,761 [pool-267-thread-1] INFO  server.RaftServerConfigKeys (ConfUtils.java:logGet(43)) - raft.server.log.write.buffer.size = 33554432 (custom)
2019-10-07 10:51:54,762 [pool-267-thread-1] INFO  server.RaftServerConfigKeys (ConfUtils.java:logGet(43)) - raft.server.log.force.sync.num = 128 (default)
2019-10-07 10:51:54,762 [pool-237-thread-1] INFO  segmented.SegmentedRaftLogWorker (SegmentedRaftLogWorker.java:lambda$new$0(128)) - c9d37369-928a-4e05-9ec2-247ed1de362b@group-9284E328257B-SegmentedRaftLogWorker: flushIndex: setUnconditionally 0 -> -1
2019-10-07 10:51:54,762 [pool-267-thread-1] INFO  server.RaftServerConfigKeys (ConfUtils.java:logGet(43)) - raft.server.log.statemachine.data.sync = true (default)
2019-10-07 10:51:54,762 [pool-267-thread-1] INFO  server.RaftServerConfigKeys (ConfUtils.java:logGet(43)) - raft.server.log.statemachine.data.sync.timeout = 10s (default)
2019-10-07 10:51:54,762 [pool-237-thread-1] INFO  server.RaftServerConfigKeys (ConfUtils.java:logGet(43)) - raft.server.snapshot.auto.trigger.enabled = true (custom)
2019-10-07 10:51:54,762 [pool-267-thread-1] INFO  server.RaftServerConfigKeys (ConfUtils.java:logGet(43)) - raft.server.log.statemachine.data.sync.timeout.retry = -1 (default)
2019-10-07 10:51:54,762 [pool-237-thread-1] INFO  server.RaftServerConfigKeys (ConfUtils.java:logGet(43)) - raft.server.snapshot.auto.trigger.threshold = 10000 (custom)
2019-10-07 10:51:54,763 [pool-237-thread-1] INFO  server.RaftServerConfigKeys (ConfUtils.java:logGet(43)) - raft.server.snapshot.retention.file.num = 5 (custom)
2019-10-07 10:51:54,763 [pool-237-thread-1] INFO  server.RaftServerConfigKeys (ConfUtils.java:logGet(43)) - raft.server.retrycache.expirytime = 600000ms (custom)
2019-10-07 10:51:54,763 [pool-267-thread-1] INFO  server.RaftServerConfigKeys (ConfUtils.java:logGet(43)) - raft.server.log.statemachine.data.caching.enabled = true (custom)
2019-10-07 10:51:54,763 [pool-267-thread-1] INFO  segmented.SegmentedRaftLogWorker (SegmentedRaftLogWorker.java:lambda$new$0(128)) - 818478d2-41a1-4e77-b964-c69b50d36fc4@group-9284E328257B-SegmentedRaftLogWorker: flushIndex: setUnconditionally 0 -> -1
2019-10-07 10:51:54,763 [pool-267-thread-1] INFO  server.RaftServerConfigKeys (ConfUtils.java:logGet(43)) - raft.server.snapshot.auto.trigger.enabled = true (custom)
2019-10-07 10:51:54,763 [pool-267-thread-1] INFO  server.RaftServerConfigKeys (ConfUtils.java:logGet(43)) - raft.server.snapshot.auto.trigger.threshold = 10000 (custom)
2019-10-07 10:51:54,764 [pool-267-thread-1] INFO  server.RaftServerConfigKeys (ConfUtils.java:logGet(43)) - raft.server.snapshot.retention.file.num = 5 (custom)
2019-10-07 10:51:54,764 [pool-217-thread-1] INFO  impl.RaftServerImpl (RaftServerImpl.java:start(181)) - bb83a435-2a27-45e3-804f-80018d84be95@group-9284E328257B: start as a follower, conf=-1: [bb83a435-2a27-45e3-804f-80018d84be95:192.168.5.148:42266, c9d37369-928a-4e05-9ec2-247ed1de362b:192.168.5.148:44450, 818478d2-41a1-4e77-b964-c69b50d36fc4:192.168.5.148:39506], old=null
2019-10-07 10:51:54,764 [pool-267-thread-1] INFO  server.RaftServerConfigKeys (ConfUtils.java:logGet(43)) - raft.server.retrycache.expirytime = 600000ms (custom)
2019-10-07 10:51:54,764 [pool-217-thread-1] INFO  impl.RaftServerImpl (RaftServerImpl.java:setRole(170)) - bb83a435-2a27-45e3-804f-80018d84be95@group-9284E328257B: changes role from      null to FOLLOWER at term 0 for startAsFollower
2019-10-07 10:51:54,764 [pool-217-thread-1] INFO  impl.RoleInfo (RoleInfo.java:updateAndGet(143)) - bb83a435-2a27-45e3-804f-80018d84be95: start FollowerState
2019-10-07 10:51:54,764 [pool-237-thread-1] INFO  impl.RaftServerImpl (RaftServerImpl.java:start(181)) - c9d37369-928a-4e05-9ec2-247ed1de362b@group-9284E328257B: start as a follower, conf=-1: [bb83a435-2a27-45e3-804f-80018d84be95:192.168.5.148:42266, c9d37369-928a-4e05-9ec2-247ed1de362b:192.168.5.148:44450, 818478d2-41a1-4e77-b964-c69b50d36fc4:192.168.5.148:39506], old=null
2019-10-07 10:51:54,764 [pool-237-thread-1] INFO  impl.RaftServerImpl (RaftServerImpl.java:setRole(170)) - c9d37369-928a-4e05-9ec2-247ed1de362b@group-9284E328257B: changes role from      null to FOLLOWER at term 0 for startAsFollower
2019-10-07 10:51:54,764 [pool-237-thread-1] INFO  impl.RoleInfo (RoleInfo.java:updateAndGet(143)) - c9d37369-928a-4e05-9ec2-247ed1de362b: start FollowerState
2019-10-07 10:51:54,765 [pool-217-thread-1] INFO  util.JmxRegister (JmxRegister.java:tryRegister(44)) - Successfully registered JMX Bean with object name Ratis:service=RaftServer,group=group-9284E328257B,id=bb83a435-2a27-45e3-804f-80018d84be95
2019-10-07 10:51:54,765 [pool-237-thread-1] INFO  util.JmxRegister (JmxRegister.java:tryRegister(44)) - Successfully registered JMX Bean with object name Ratis:service=RaftServer,group=group-9284E328257B,id=c9d37369-928a-4e05-9ec2-247ed1de362b
2019-10-07 10:51:54,766 [pool-267-thread-1] INFO  impl.RaftServerImpl (RaftServerImpl.java:start(181)) - 818478d2-41a1-4e77-b964-c69b50d36fc4@group-9284E328257B: start as a follower, conf=-1: [bb83a435-2a27-45e3-804f-80018d84be95:192.168.5.148:42266, c9d37369-928a-4e05-9ec2-247ed1de362b:192.168.5.148:44450, 818478d2-41a1-4e77-b964-c69b50d36fc4:192.168.5.148:39506], old=null
2019-10-07 10:51:54,766 [pool-267-thread-1] INFO  impl.RaftServerImpl (RaftServerImpl.java:setRole(170)) - 818478d2-41a1-4e77-b964-c69b50d36fc4@group-9284E328257B: changes role from      null to FOLLOWER at term 0 for startAsFollower
2019-10-07 10:51:54,766 [pool-267-thread-1] INFO  impl.RoleInfo (RoleInfo.java:updateAndGet(143)) - 818478d2-41a1-4e77-b964-c69b50d36fc4: start FollowerState
2019-10-07 10:51:54,767 [pool-267-thread-1] INFO  util.JmxRegister (JmxRegister.java:tryRegister(44)) - Successfully registered JMX Bean with object name Ratis:service=RaftServer,group=group-9284E328257B,id=818478d2-41a1-4e77-b964-c69b50d36fc4
2019-10-07 10:51:54,771 [RatisPipelineUtilsThread] INFO  pipeline.PipelineStateManager (PipelineStateManager.java:addPipeline(56)) - Created pipeline Pipeline[ Id: 39955cfa-0fc6-46e1-9c7f-9284e328257b, Nodes: 818478d2-41a1-4e77-b964-c69b50d36fc4{ip: 192.168.5.148, host: pr-hdds-2238-6jxtw-691721237, networkLocation: /default-rack, certSerialId: null}c9d37369-928a-4e05-9ec2-247ed1de362b{ip: 192.168.5.148, host: pr-hdds-2238-6jxtw-691721237, networkLocation: /default-rack, certSerialId: null}bb83a435-2a27-45e3-804f-80018d84be95{ip: 192.168.5.148, host: pr-hdds-2238-6jxtw-691721237, networkLocation: /default-rack, certSerialId: null}, Type:RATIS, Factor:THREE, State:OPEN]
2019-10-07 10:51:57,255 [Thread-1508] INFO  container.ReplicationManager (ReplicationManager.java:start(162)) - Starting Replication Monitor Thread.
2019-10-07 10:51:57,259 [ReplicationMonitor] INFO  container.ReplicationManager (ReplicationManager.java:run(225)) - Replication Monitor Thread took 0 milliseconds for processing 1 containers.
2019-10-07 10:51:59,417 [Thread-1510] INFO  impl.FollowerState (FollowerState.java:run(108)) - 24476e73-5d23-4249-9898-8edc248c0287@group-A4E6D5AB18A3-FollowerState: change to CANDIDATE, lastRpcTime:5113ms, electionTimeout:5113ms
2019-10-07 10:51:59,420 [Thread-1510] INFO  impl.RoleInfo (RoleInfo.java:shutdownFollowerState(121)) - 24476e73-5d23-4249-9898-8edc248c0287: shutdown FollowerState
2019-10-07 10:51:59,421 [Thread-1510] INFO  impl.RaftServerImpl (RaftServerImpl.java:setRole(170)) - 24476e73-5d23-4249-9898-8edc248c0287@group-A4E6D5AB18A3: changes role from  FOLLOWER to CANDIDATE at term 0 for changeToCandidate
2019-10-07 10:51:59,422 [Thread-1510] INFO  impl.RoleInfo (RoleInfo.java:updateAndGet(143)) - 24476e73-5d23-4249-9898-8edc248c0287: start LeaderElection
2019-10-07 10:51:59,448 [24476e73-5d23-4249-9898-8edc248c0287@group-A4E6D5AB18A3-LeaderElection41] INFO  impl.LeaderElection (LeaderElection.java:askForVotes(178)) - 24476e73-5d23-4249-9898-8edc248c0287@group-A4E6D5AB18A3-LeaderElection41: begin an election at term 1 for -1: [24476e73-5d23-4249-9898-8edc248c0287:192.168.5.148:41742], old=null
2019-10-07 10:51:59,449 [24476e73-5d23-4249-9898-8edc248c0287@group-A4E6D5AB18A3-LeaderElection41] INFO  impl.RoleInfo (RoleInfo.java:shutdownLeaderElection(134)) - 24476e73-5d23-4249-9898-8edc248c0287: shutdown LeaderElection
2019-10-07 10:51:59,449 [24476e73-5d23-4249-9898-8edc248c0287@group-A4E6D5AB18A3-LeaderElection41] INFO  impl.RaftServerImpl (RaftServerImpl.java:setRole(170)) - 24476e73-5d23-4249-9898-8edc248c0287@group-A4E6D5AB18A3: changes role from CANDIDATE to LEADER at term 1 for changeToLeader
2019-10-07 10:51:59,449 [24476e73-5d23-4249-9898-8edc248c0287@group-A4E6D5AB18A3-LeaderElection41] INFO  impl.RaftServerImpl (ServerState.java:setLeader(255)) - 24476e73-5d23-4249-9898-8edc248c0287@group-A4E6D5AB18A3: change Leader from null to 24476e73-5d23-4249-9898-8edc248c0287 at term 1 for becomeLeader, leader elected after 5152ms
2019-10-07 10:51:59,449 [24476e73-5d23-4249-9898-8edc248c0287@group-A4E6D5AB18A3-LeaderElection41] INFO  server.RaftServerConfigKeys (ConfUtils.java:logGet(43)) - raft.server.staging.catchup.gap = 1000 (default)
2019-10-07 10:51:59,449 [24476e73-5d23-4249-9898-8edc248c0287@group-A4E6D5AB18A3-LeaderElection41] INFO  server.RaftServerConfigKeys (ConfUtils.java:logGet(43)) - raft.server.rpc.sleep.time = 25ms (default)
2019-10-07 10:51:59,450 [24476e73-5d23-4249-9898-8edc248c0287@group-A4E6D5AB18A3-LeaderElection41] INFO  server.RaftServerConfigKeys (ConfUtils.java:logGet(43)) - raft.server.write.element-limit = 4096 (default)
2019-10-07 10:51:59,450 [24476e73-5d23-4249-9898-8edc248c0287@group-A4E6D5AB18A3-LeaderElection41] INFO  server.RaftServerConfigKeys (ConfUtils.java:logGet(43)) - raft.server.watch.timeout = 10s (default)
2019-10-07 10:51:59,450 [24476e73-5d23-4249-9898-8edc248c0287@group-A4E6D5AB18A3-LeaderElection41] INFO  server.RaftServerConfigKeys (ConfUtils.java:logGet(43)) - raft.server.watch.timeout.denomination = 1s (default)
2019-10-07 10:51:59,450 [24476e73-5d23-4249-9898-8edc248c0287@group-A4E6D5AB18A3-LeaderElection41] INFO  server.RaftServerConfigKeys (ConfUtils.java:logGet(43)) - raft.server.watch.element-limit = 65536 (default)
2019-10-07 10:51:59,453 [24476e73-5d23-4249-9898-8edc248c0287@group-A4E6D5AB18A3-LeaderElection41] INFO  impl.RoleInfo (RoleInfo.java:updateAndGet(143)) - 24476e73-5d23-4249-9898-8edc248c0287: start LeaderState
2019-10-07 10:51:59,453 [24476e73-5d23-4249-9898-8edc248c0287@group-A4E6D5AB18A3-LeaderElection41] INFO  segmented.SegmentedRaftLogWorker (SegmentedRaftLogWorker.java:startLogSegment(385)) - 24476e73-5d23-4249-9898-8edc248c0287@group-A4E6D5AB18A3-SegmentedRaftLogWorker: Starting segment from index:0
2019-10-07 10:51:59,454 [24476e73-5d23-4249-9898-8edc248c0287@group-A4E6D5AB18A3-LeaderElection41] INFO  impl.RaftServerImpl (ServerState.java:setRaftConf(356)) - 24476e73-5d23-4249-9898-8edc248c0287@group-A4E6D5AB18A3: set configuration 0: [24476e73-5d23-4249-9898-8edc248c0287:192.168.5.148:41742], old=null at 0
2019-10-07 10:51:59,501 [24476e73-5d23-4249-9898-8edc248c0287@group-A4E6D5AB18A3-SegmentedRaftLogWorker] INFO  segmented.SegmentedRaftLogWorker (SegmentedRaftLogWorker.java:execute(574)) - 24476e73-5d23-4249-9898-8edc248c0287@group-A4E6D5AB18A3-SegmentedRaftLogWorker: created new log segment /workdir/hadoop-ozone/integration-test/target/test-dir/MiniOzoneClusterImpl-2b840c3e-75e3-4038-9799-12e6f62700d9/datanode-0/data/ratis/66557b6c-640e-435d-a519-a4e6d5ab18a3/current/log_inprogress_0
2019-10-07 10:51:59,547 [Thread-1513] INFO  impl.FollowerState (FollowerState.java:run(108)) - f0c02f1b-7192-45ee-be91-59a0f18f6150@group-1BB43F90BC4F-FollowerState: change to CANDIDATE, lastRpcTime:5123ms, electionTimeout:5123ms
2019-10-07 10:51:59,547 [Thread-1513] INFO  impl.RoleInfo (RoleInfo.java:shutdownFollowerState(121)) - f0c02f1b-7192-45ee-be91-59a0f18f6150: shutdown FollowerState
2019-10-07 10:51:59,547 [Thread-1513] INFO  impl.RaftServerImpl (RaftServerImpl.java:setRole(170)) - f0c02f1b-7192-45ee-be91-59a0f18f6150@group-1BB43F90BC4F: changes role from  FOLLOWER to CANDIDATE at term 0 for changeToCandidate
2019-10-07 10:51:59,548 [Thread-1513] INFO  impl.RoleInfo (RoleInfo.java:updateAndGet(143)) - f0c02f1b-7192-45ee-be91-59a0f18f6150: start LeaderElection
2019-10-07 10:51:59,566 [f0c02f1b-7192-45ee-be91-59a0f18f6150@group-1BB43F90BC4F-LeaderElection42] INFO  impl.LeaderElection (LeaderElection.java:askForVotes(178)) - f0c02f1b-7192-45ee-be91-59a0f18f6150@group-1BB43F90BC4F-LeaderElection42: begin an election at term 1 for -1: [f0c02f1b-7192-45ee-be91-59a0f18f6150:192.168.5.148:37217], old=null
2019-10-07 10:51:59,566 [f0c02f1b-7192-45ee-be91-59a0f18f6150@group-1BB43F90BC4F-LeaderElection42] INFO  impl.RoleInfo (RoleInfo.java:shutdownLeaderElection(134)) - f0c02f1b-7192-45ee-be91-59a0f18f6150: shutdown LeaderElection
2019-10-07 10:51:59,566 [f0c02f1b-7192-45ee-be91-59a0f18f6150@group-1BB43F90BC4F-LeaderElection42] INFO  impl.RaftServerImpl (RaftServerImpl.java:setRole(170)) - f0c02f1b-7192-45ee-be91-59a0f18f6150@group-1BB43F90BC4F: changes role from CANDIDATE to LEADER at term 1 for changeToLeader
2019-10-07 10:51:59,566 [f0c02f1b-7192-45ee-be91-59a0f18f6150@group-1BB43F90BC4F-LeaderElection42] INFO  impl.RaftServerImpl (ServerState.java:setLeader(255)) - f0c02f1b-7192-45ee-be91-59a0f18f6150@group-1BB43F90BC4F: change Leader from null to f0c02f1b-7192-45ee-be91-59a0f18f6150 at term 1 for becomeLeader, leader elected after 5151ms
2019-10-07 10:51:59,566 [f0c02f1b-7192-45ee-be91-59a0f18f6150@group-1BB43F90BC4F-LeaderElection42] INFO  server.RaftServerConfigKeys (ConfUtils.java:logGet(43)) - raft.server.staging.catchup.gap = 1000 (default)
2019-10-07 10:51:59,566 [f0c02f1b-7192-45ee-be91-59a0f18f6150@group-1BB43F90BC4F-LeaderElection42] INFO  server.RaftServerConfigKeys (ConfUtils.java:logGet(43)) - raft.server.rpc.sleep.time = 25ms (default)
2019-10-07 10:51:59,567 [f0c02f1b-7192-45ee-be91-59a0f18f6150@group-1BB43F90BC4F-LeaderElection42] INFO  server.RaftServerConfigKeys (ConfUtils.java:logGet(43)) - raft.server.write.element-limit = 4096 (default)
2019-10-07 10:51:59,567 [f0c02f1b-7192-45ee-be91-59a0f18f6150@group-1BB43F90BC4F-LeaderElection42] INFO  server.RaftServerConfigKeys (ConfUtils.java:logGet(43)) - raft.server.watch.timeout = 10s (default)
2019-10-07 10:51:59,567 [f0c02f1b-7192-45ee-be91-59a0f18f6150@group-1BB43F90BC4F-LeaderElection42] INFO  server.RaftServerConfigKeys (ConfUtils.java:logGet(43)) - raft.server.watch.timeout.denomination = 1s (default)
2019-10-07 10:51:59,567 [f0c02f1b-7192-45ee-be91-59a0f18f6150@group-1BB43F90BC4F-LeaderElection42] INFO  server.RaftServerConfigKeys (ConfUtils.java:logGet(43)) - raft.server.watch.element-limit = 65536 (default)
2019-10-07 10:51:59,568 [f0c02f1b-7192-45ee-be91-59a0f18f6150@group-1BB43F90BC4F-LeaderElection42] INFO  impl.RoleInfo (RoleInfo.java:updateAndGet(143)) - f0c02f1b-7192-45ee-be91-59a0f18f6150: start LeaderState
2019-10-07 10:51:59,569 [f0c02f1b-7192-45ee-be91-59a0f18f6150@group-1BB43F90BC4F-LeaderElection42] INFO  segmented.SegmentedRaftLogWorker (SegmentedRaftLogWorker.java:startLogSegment(385)) - f0c02f1b-7192-45ee-be91-59a0f18f6150@group-1BB43F90BC4F-SegmentedRaftLogWorker: Starting segment from index:0
2019-10-07 10:51:59,569 [f0c02f1b-7192-45ee-be91-59a0f18f6150@group-1BB43F90BC4F-LeaderElection42] INFO  impl.RaftServerImpl (ServerState.java:setRaftConf(356)) - f0c02f1b-7192-45ee-be91-59a0f18f6150@group-1BB43F90BC4F: set configuration 0: [f0c02f1b-7192-45ee-be91-59a0f18f6150:192.168.5.148:37217], old=null at 0
2019-10-07 10:51:59,617 [f0c02f1b-7192-45ee-be91-59a0f18f6150@group-1BB43F90BC4F-SegmentedRaftLogWorker] INFO  segmented.SegmentedRaftLogWorker (SegmentedRaftLogWorker.java:execute(574)) - f0c02f1b-7192-45ee-be91-59a0f18f6150@group-1BB43F90BC4F-SegmentedRaftLogWorker: created new log segment /workdir/hadoop-ozone/integration-test/target/test-dir/MiniOzoneClusterImpl-2b840c3e-75e3-4038-9799-12e6f62700d9/datanode-2/data/ratis/3960240e-9246-48c0-adec-1bb43f90bc4f/current/log_inprogress_0
2019-10-07 10:51:59,637 [Thread-1519] INFO  impl.FollowerState (FollowerState.java:run(108)) - c9d37369-928a-4e05-9ec2-247ed1de362b@group-09BDA06E719F-FollowerState: change to CANDIDATE, lastRpcTime:5109ms, electionTimeout:5109ms
2019-10-07 10:51:59,637 [Thread-1519] INFO  impl.RoleInfo (RoleInfo.java:shutdownFollowerState(121)) - c9d37369-928a-4e05-9ec2-247ed1de362b: shutdown FollowerState
2019-10-07 10:51:59,637 [Thread-1519] INFO  impl.RaftServerImpl (RaftServerImpl.java:setRole(170)) - c9d37369-928a-4e05-9ec2-247ed1de362b@group-09BDA06E719F: changes role from  FOLLOWER to CANDIDATE at term 0 for changeToCandidate
2019-10-07 10:51:59,638 [Thread-1519] INFO  impl.RoleInfo (RoleInfo.java:updateAndGet(143)) - c9d37369-928a-4e05-9ec2-247ed1de362b: start LeaderElection
2019-10-07 10:51:59,659 [c9d37369-928a-4e05-9ec2-247ed1de362b@group-09BDA06E719F-LeaderElection43] INFO  impl.LeaderElection (LeaderElection.java:askForVotes(178)) - c9d37369-928a-4e05-9ec2-247ed1de362b@group-09BDA06E719F-LeaderElection43: begin an election at term 1 for -1: [c9d37369-928a-4e05-9ec2-247ed1de362b:192.168.5.148:44450], old=null
2019-10-07 10:51:59,659 [c9d37369-928a-4e05-9ec2-247ed1de362b@group-09BDA06E719F-LeaderElection43] INFO  impl.RoleInfo (RoleInfo.java:shutdownLeaderElection(134)) - c9d37369-928a-4e05-9ec2-247ed1de362b: shutdown LeaderElection
2019-10-07 10:51:59,659 [c9d37369-928a-4e05-9ec2-247ed1de362b@group-09BDA06E719F-LeaderElection43] INFO  impl.RaftServerImpl (RaftServerImpl.java:setRole(170)) - c9d37369-928a-4e05-9ec2-247ed1de362b@group-09BDA06E719F: changes role from CANDIDATE to LEADER at term 1 for changeToLeader
2019-10-07 10:51:59,659 [c9d37369-928a-4e05-9ec2-247ed1de362b@group-09BDA06E719F-LeaderElection43] INFO  impl.RaftServerImpl (ServerState.java:setLeader(255)) - c9d37369-928a-4e05-9ec2-247ed1de362b@group-09BDA06E719F: change Leader from null to c9d37369-928a-4e05-9ec2-247ed1de362b at term 1 for becomeLeader, leader elected after 5137ms
2019-10-07 10:51:59,659 [c9d37369-928a-4e05-9ec2-247ed1de362b@group-09BDA06E719F-LeaderElection43] INFO  server.RaftServerConfigKeys (ConfUtils.java:logGet(43)) - raft.server.staging.catchup.gap = 1000 (default)
2019-10-07 10:51:59,660 [c9d37369-928a-4e05-9ec2-247ed1de362b@group-09BDA06E719F-LeaderElection43] INFO  server.RaftServerConfigKeys (ConfUtils.java:logGet(43)) - raft.server.rpc.sleep.time = 25ms (default)
2019-10-07 10:51:59,660 [c9d37369-928a-4e05-9ec2-247ed1de362b@group-09BDA06E719F-LeaderElection43] INFO  server.RaftServerConfigKeys (ConfUtils.java:logGet(43)) - raft.server.write.element-limit = 4096 (default)
2019-10-07 10:51:59,660 [c9d37369-928a-4e05-9ec2-247ed1de362b@group-09BDA06E719F-LeaderElection43] INFO  server.RaftServerConfigKeys (ConfUtils.java:logGet(43)) - raft.server.watch.timeout = 10s (default)
2019-10-07 10:51:59,660 [c9d37369-928a-4e05-9ec2-247ed1de362b@group-09BDA06E719F-LeaderElection43] INFO  server.RaftServerConfigKeys (ConfUtils.java:logGet(43)) - raft.server.watch.timeout.denomination = 1s (default)
2019-10-07 10:51:59,660 [c9d37369-928a-4e05-9ec2-247ed1de362b@group-09BDA06E719F-LeaderElection43] INFO  server.RaftServerConfigKeys (ConfUtils.java:logGet(43)) - raft.server.watch.element-limit = 65536 (default)
2019-10-07 10:51:59,663 [c9d37369-928a-4e05-9ec2-247ed1de362b@group-09BDA06E719F-LeaderElection43] INFO  impl.RoleInfo (RoleInfo.java:updateAndGet(143)) - c9d37369-928a-4e05-9ec2-247ed1de362b: start LeaderState
2019-10-07 10:51:59,663 [c9d37369-928a-4e05-9ec2-247ed1de362b@group-09BDA06E719F-LeaderElection43] INFO  segmented.SegmentedRaftLogWorker (SegmentedRaftLogWorker.java:startLogSegment(385)) - c9d37369-928a-4e05-9ec2-247ed1de362b@group-09BDA06E719F-SegmentedRaftLogWorker: Starting segment from index:0
2019-10-07 10:51:59,664 [c9d37369-928a-4e05-9ec2-247ed1de362b@group-09BDA06E719F-LeaderElection43] INFO  impl.RaftServerImpl (ServerState.java:setRaftConf(356)) - c9d37369-928a-4e05-9ec2-247ed1de362b@group-09BDA06E719F: set configuration 0: [c9d37369-928a-4e05-9ec2-247ed1de362b:192.168.5.148:44450], old=null at 0
2019-10-07 10:51:59,664 [Thread-1516] INFO  impl.FollowerState (FollowerState.java:run(108)) - bb83a435-2a27-45e3-804f-80018d84be95@group-DDE7C8B178E6-FollowerState: change to CANDIDATE, lastRpcTime:5185ms, electionTimeout:5185ms
2019-10-07 10:51:59,664 [Thread-1516] INFO  impl.RoleInfo (RoleInfo.java:shutdownFollowerState(121)) - bb83a435-2a27-45e3-804f-80018d84be95: shutdown FollowerState
2019-10-07 10:51:59,664 [Thread-1516] INFO  impl.RaftServerImpl (RaftServerImpl.java:setRole(170)) - bb83a435-2a27-45e3-804f-80018d84be95@group-DDE7C8B178E6: changes role from  FOLLOWER to CANDIDATE at term 0 for changeToCandidate
2019-10-07 10:51:59,664 [Thread-1516] INFO  impl.RoleInfo (RoleInfo.java:updateAndGet(143)) - bb83a435-2a27-45e3-804f-80018d84be95: start LeaderElection
2019-10-07 10:51:59,717 [c9d37369-928a-4e05-9ec2-247ed1de362b@group-09BDA06E719F-SegmentedRaftLogWorker] INFO  segmented.SegmentedRaftLogWorker (SegmentedRaftLogWorker.java:execute(574)) - c9d37369-928a-4e05-9ec2-247ed1de362b@group-09BDA06E719F-SegmentedRaftLogWorker: created new log segment /workdir/hadoop-ozone/integration-test/target/test-dir/MiniOzoneClusterImpl-2b840c3e-75e3-4038-9799-12e6f62700d9/datanode-3/data/ratis/3b78db83-562d-40c9-bba6-09bda06e719f/current/log_inprogress_0
2019-10-07 10:51:59,717 [bb83a435-2a27-45e3-804f-80018d84be95@group-DDE7C8B178E6-LeaderElection44] INFO  impl.LeaderElection (LeaderElection.java:askForVotes(178)) - bb83a435-2a27-45e3-804f-80018d84be95@group-DDE7C8B178E6-LeaderElection44: begin an election at term 1 for -1: [bb83a435-2a27-45e3-804f-80018d84be95:192.168.5.148:42266], old=null
2019-10-07 10:51:59,718 [bb83a435-2a27-45e3-804f-80018d84be95@group-DDE7C8B178E6-LeaderElection44] INFO  impl.RoleInfo (RoleInfo.java:shutdownLeaderElection(134)) - bb83a435-2a27-45e3-804f-80018d84be95: shutdown LeaderElection
2019-10-07 10:51:59,718 [bb83a435-2a27-45e3-804f-80018d84be95@group-DDE7C8B178E6-LeaderElection44] INFO  impl.RaftServerImpl (RaftServerImpl.java:setRole(170)) - bb83a435-2a27-45e3-804f-80018d84be95@group-DDE7C8B178E6: changes role from CANDIDATE to LEADER at term 1 for changeToLeader
2019-10-07 10:51:59,718 [bb83a435-2a27-45e3-804f-80018d84be95@group-DDE7C8B178E6-LeaderElection44] INFO  impl.RaftServerImpl (ServerState.java:setLeader(255)) - bb83a435-2a27-45e3-804f-80018d84be95@group-DDE7C8B178E6: change Leader from null to bb83a435-2a27-45e3-804f-80018d84be95 at term 1 for becomeLeader, leader elected after 5247ms
2019-10-07 10:51:59,718 [bb83a435-2a27-45e3-804f-80018d84be95@group-DDE7C8B178E6-LeaderElection44] INFO  server.RaftServerConfigKeys (ConfUtils.java:logGet(43)) - raft.server.staging.catchup.gap = 1000 (default)
2019-10-07 10:51:59,718 [bb83a435-2a27-45e3-804f-80018d84be95@group-DDE7C8B178E6-LeaderElection44] INFO  server.RaftServerConfigKeys (ConfUtils.java:logGet(43)) - raft.server.rpc.sleep.time = 25ms (default)
2019-10-07 10:51:59,719 [bb83a435-2a27-45e3-804f-80018d84be95@group-DDE7C8B178E6-LeaderElection44] INFO  server.RaftServerConfigKeys (ConfUtils.java:logGet(43)) - raft.server.write.element-limit = 4096 (default)
2019-10-07 10:51:59,719 [bb83a435-2a27-45e3-804f-80018d84be95@group-DDE7C8B178E6-LeaderElection44] INFO  server.RaftServerConfigKeys (ConfUtils.java:logGet(43)) - raft.server.watch.timeout = 10s (default)
2019-10-07 10:51:59,719 [bb83a435-2a27-45e3-804f-80018d84be95@group-DDE7C8B178E6-LeaderElection44] INFO  server.RaftServerConfigKeys (ConfUtils.java:logGet(43)) - raft.server.watch.timeout.denomination = 1s (default)
2019-10-07 10:51:59,719 [bb83a435-2a27-45e3-804f-80018d84be95@group-DDE7C8B178E6-LeaderElection44] INFO  server.RaftServerConfigKeys (ConfUtils.java:logGet(43)) - raft.server.watch.element-limit = 65536 (default)
2019-10-07 10:51:59,721 [bb83a435-2a27-45e3-804f-80018d84be95@group-DDE7C8B178E6-LeaderElection44] INFO  impl.RoleInfo (RoleInfo.java:updateAndGet(143)) - bb83a435-2a27-45e3-804f-80018d84be95: start LeaderState
2019-10-07 10:51:59,721 [bb83a435-2a27-45e3-804f-80018d84be95@group-DDE7C8B178E6-LeaderElection44] INFO  segmented.SegmentedRaftLogWorker (SegmentedRaftLogWorker.java:startLogSegment(385)) - bb83a435-2a27-45e3-804f-80018d84be95@group-DDE7C8B178E6-SegmentedRaftLogWorker: Starting segment from index:0
2019-10-07 10:51:59,722 [bb83a435-2a27-45e3-804f-80018d84be95@group-DDE7C8B178E6-LeaderElection44] INFO  impl.RaftServerImpl (ServerState.java:setRaftConf(356)) - bb83a435-2a27-45e3-804f-80018d84be95@group-DDE7C8B178E6: set configuration 0: [bb83a435-2a27-45e3-804f-80018d84be95:192.168.5.148:42266], old=null at 0
2019-10-07 10:51:59,741 [Thread-1522] INFO  impl.FollowerState (FollowerState.java:run(108)) - 0f65acb1-626d-48ee-8fe7-71ca17c87d6c@group-642FFD96143F-FollowerState: change to CANDIDATE, lastRpcTime:5160ms, electionTimeout:5160ms
2019-10-07 10:51:59,741 [Thread-1522] INFO  impl.RoleInfo (RoleInfo.java:shutdownFollowerState(121)) - 0f65acb1-626d-48ee-8fe7-71ca17c87d6c: shutdown FollowerState
2019-10-07 10:51:59,741 [Thread-1522] INFO  impl.RaftServerImpl (RaftServerImpl.java:setRole(170)) - 0f65acb1-626d-48ee-8fe7-71ca17c87d6c@group-642FFD96143F: changes role from  FOLLOWER to CANDIDATE at term 0 for changeToCandidate
2019-10-07 10:51:59,742 [Thread-1522] INFO  impl.RoleInfo (RoleInfo.java:updateAndGet(143)) - 0f65acb1-626d-48ee-8fe7-71ca17c87d6c: start LeaderElection
2019-10-07 10:51:59,762 [Thread-1525] INFO  impl.FollowerState (FollowerState.java:run(108)) - 9feb3379-7171-4df4-b299-4b714504f75e@group-FDE088A2E2CD-FollowerState: change to CANDIDATE, lastRpcTime:5113ms, electionTimeout:5113ms
2019-10-07 10:51:59,767 [Thread-1525] INFO  impl.RoleInfo (RoleInfo.java:shutdownFollowerState(121)) - 9feb3379-7171-4df4-b299-4b714504f75e: shutdown FollowerState
2019-10-07 10:51:59,767 [Thread-1525] INFO  impl.RaftServerImpl (RaftServerImpl.java:setRole(170)) - 9feb3379-7171-4df4-b299-4b714504f75e@group-FDE088A2E2CD: changes role from  FOLLOWER to CANDIDATE at term 0 for changeToCandidate
2019-10-07 10:51:59,767 [Thread-1525] INFO  impl.RoleInfo (RoleInfo.java:updateAndGet(143)) - 9feb3379-7171-4df4-b299-4b714504f75e: start LeaderElection
2019-10-07 10:51:59,775 [bb83a435-2a27-45e3-804f-80018d84be95@group-DDE7C8B178E6-SegmentedRaftLogWorker] INFO  segmented.SegmentedRaftLogWorker (SegmentedRaftLogWorker.java:execute(574)) - bb83a435-2a27-45e3-804f-80018d84be95@group-DDE7C8B178E6-SegmentedRaftLogWorker: created new log segment /workdir/hadoop-ozone/integration-test/target/test-dir/MiniOzoneClusterImpl-2b840c3e-75e3-4038-9799-12e6f62700d9/datanode-1/data/ratis/80c3b4bf-ef12-4e09-8542-dde7c8b178e6/current/log_inprogress_0
2019-10-07 10:51:59,775 [0f65acb1-626d-48ee-8fe7-71ca17c87d6c@group-642FFD96143F-LeaderElection45] INFO  impl.LeaderElection (LeaderElection.java:askForVotes(178)) - 0f65acb1-626d-48ee-8fe7-71ca17c87d6c@group-642FFD96143F-LeaderElection45: begin an election at term 1 for -1: [0f65acb1-626d-48ee-8fe7-71ca17c87d6c:192.168.5.148:38194], old=null
2019-10-07 10:51:59,775 [0f65acb1-626d-48ee-8fe7-71ca17c87d6c@group-642FFD96143F-LeaderElection45] INFO  impl.RoleInfo (RoleInfo.java:shutdownLeaderElection(134)) - 0f65acb1-626d-48ee-8fe7-71ca17c87d6c: shutdown LeaderElection
2019-10-07 10:51:59,775 [0f65acb1-626d-48ee-8fe7-71ca17c87d6c@group-642FFD96143F-LeaderElection45] INFO  impl.RaftServerImpl (RaftServerImpl.java:setRole(170)) - 0f65acb1-626d-48ee-8fe7-71ca17c87d6c@group-642FFD96143F: changes role from CANDIDATE to LEADER at term 1 for changeToLeader
2019-10-07 10:51:59,776 [0f65acb1-626d-48ee-8fe7-71ca17c87d6c@group-642FFD96143F-LeaderElection45] INFO  impl.RaftServerImpl (ServerState.java:setLeader(255)) - 0f65acb1-626d-48ee-8fe7-71ca17c87d6c@group-642FFD96143F: change Leader from null to 0f65acb1-626d-48ee-8fe7-71ca17c87d6c at term 1 for becomeLeader, leader elected after 5202ms
2019-10-07 10:51:59,776 [0f65acb1-626d-48ee-8fe7-71ca17c87d6c@group-642FFD96143F-LeaderElection45] INFO  server.RaftServerConfigKeys (ConfUtils.java:logGet(43)) - raft.server.staging.catchup.gap = 1000 (default)
2019-10-07 10:51:59,776 [0f65acb1-626d-48ee-8fe7-71ca17c87d6c@group-642FFD96143F-LeaderElection45] INFO  server.RaftServerConfigKeys (ConfUtils.java:logGet(43)) - raft.server.rpc.sleep.time = 25ms (default)
2019-10-07 10:51:59,776 [0f65acb1-626d-48ee-8fe7-71ca17c87d6c@group-642FFD96143F-LeaderElection45] INFO  server.RaftServerConfigKeys (ConfUtils.java:logGet(43)) - raft.server.write.element-limit = 4096 (default)
2019-10-07 10:51:59,777 [0f65acb1-626d-48ee-8fe7-71ca17c87d6c@group-642FFD96143F-LeaderElection45] INFO  server.RaftServerConfigKeys (ConfUtils.java:logGet(43)) - raft.server.watch.timeout = 10s (default)
2019-10-07 10:51:59,777 [0f65acb1-626d-48ee-8fe7-71ca17c87d6c@group-642FFD96143F-LeaderElection45] INFO  server.RaftServerConfigKeys (ConfUtils.java:logGet(43)) - raft.server.watch.timeout.denomination = 1s (default)
2019-10-07 10:51:59,777 [0f65acb1-626d-48ee-8fe7-71ca17c87d6c@group-642FFD96143F-LeaderElection45] INFO  server.RaftServerConfigKeys (ConfUtils.java:logGet(43)) - raft.server.watch.element-limit = 65536 (default)
2019-10-07 10:51:59,781 [0f65acb1-626d-48ee-8fe7-71ca17c87d6c@group-642FFD96143F-LeaderElection45] INFO  impl.RoleInfo (RoleInfo.java:updateAndGet(143)) - 0f65acb1-626d-48ee-8fe7-71ca17c87d6c: start LeaderState
2019-10-07 10:51:59,781 [0f65acb1-626d-48ee-8fe7-71ca17c87d6c@group-642FFD96143F-LeaderElection45] INFO  segmented.SegmentedRaftLogWorker (SegmentedRaftLogWorker.java:startLogSegment(385)) - 0f65acb1-626d-48ee-8fe7-71ca17c87d6c@group-642FFD96143F-SegmentedRaftLogWorker: Starting segment from index:0
2019-10-07 10:51:59,782 [0f65acb1-626d-48ee-8fe7-71ca17c87d6c@group-642FFD96143F-LeaderElection45] INFO  impl.RaftServerImpl (ServerState.java:setRaftConf(356)) - 0f65acb1-626d-48ee-8fe7-71ca17c87d6c@group-642FFD96143F: set configuration 0: [0f65acb1-626d-48ee-8fe7-71ca17c87d6c:192.168.5.148:38194], old=null at 0
2019-10-07 10:51:59,786 [Thread-1535] INFO  impl.FollowerState (FollowerState.java:run(108)) - f0c02f1b-7192-45ee-be91-59a0f18f6150@group-9C0F0BB22B1E-FollowerState: change to CANDIDATE, lastRpcTime:5079ms, electionTimeout:5079ms
2019-10-07 10:51:59,786 [Thread-1535] INFO  impl.RoleInfo (RoleInfo.java:shutdownFollowerState(121)) - f0c02f1b-7192-45ee-be91-59a0f18f6150: shutdown FollowerState
2019-10-07 10:51:59,786 [Thread-1535] INFO  impl.RaftServerImpl (RaftServerImpl.java:setRole(170)) - f0c02f1b-7192-45ee-be91-59a0f18f6150@group-9C0F0BB22B1E: changes role from  FOLLOWER to CANDIDATE at term 0 for changeToCandidate
2019-10-07 10:51:59,786 [Thread-1535] INFO  impl.RoleInfo (RoleInfo.java:updateAndGet(143)) - f0c02f1b-7192-45ee-be91-59a0f18f6150: start LeaderElection
2019-10-07 10:51:59,820 [Thread-1534] INFO  impl.FollowerState (FollowerState.java:run(108)) - 9feb3379-7171-4df4-b299-4b714504f75e@group-9C0F0BB22B1E-FollowerState: change to CANDIDATE, lastRpcTime:5114ms, electionTimeout:5106ms
2019-10-07 10:51:59,820 [Thread-1530] INFO  impl.FollowerState (FollowerState.java:run(108)) - 24476e73-5d23-4249-9898-8edc248c0287@group-9C0F0BB22B1E-FollowerState: change to CANDIDATE, lastRpcTime:5118ms, electionTimeout:5118ms
2019-10-07 10:51:59,821 [Thread-1534] INFO  impl.RoleInfo (RoleInfo.java:shutdownFollowerState(121)) - 9feb3379-7171-4df4-b299-4b714504f75e: shutdown FollowerState
2019-10-07 10:51:59,821 [9feb3379-7171-4df4-b299-4b714504f75e@group-FDE088A2E2CD-LeaderElection46] INFO  impl.LeaderElection (LeaderElection.java:askForVotes(178)) - 9feb3379-7171-4df4-b299-4b714504f75e@group-FDE088A2E2CD-LeaderElection46: begin an election at term 1 for -1: [9feb3379-7171-4df4-b299-4b714504f75e:192.168.5.148:36247], old=null
2019-10-07 10:51:59,824 [Thread-1534] INFO  impl.RaftServerImpl (RaftServerImpl.java:setRole(170)) - 9feb3379-7171-4df4-b299-4b714504f75e@group-9C0F0BB22B1E: changes role from  FOLLOWER to CANDIDATE at term 0 for changeToCandidate
2019-10-07 10:51:59,824 [Thread-1530] INFO  impl.RoleInfo (RoleInfo.java:shutdownFollowerState(121)) - 24476e73-5d23-4249-9898-8edc248c0287: shutdown FollowerState
2019-10-07 10:51:59,824 [Thread-1534] INFO  impl.RoleInfo (RoleInfo.java:updateAndGet(143)) - 9feb3379-7171-4df4-b299-4b714504f75e: start LeaderElection
2019-10-07 10:51:59,824 [9feb3379-7171-4df4-b299-4b714504f75e@group-FDE088A2E2CD-LeaderElection46] INFO  impl.RoleInfo (RoleInfo.java:shutdownLeaderElection(134)) - 9feb3379-7171-4df4-b299-4b714504f75e: shutdown LeaderElection
2019-10-07 10:51:59,824 [Thread-1530] INFO  impl.RaftServerImpl (RaftServerImpl.java:setRole(170)) - 24476e73-5d23-4249-9898-8edc248c0287@group-9C0F0BB22B1E: changes role from  FOLLOWER to CANDIDATE at term 0 for changeToCandidate
2019-10-07 10:51:59,825 [9feb3379-7171-4df4-b299-4b714504f75e@group-FDE088A2E2CD-LeaderElection46] INFO  impl.RaftServerImpl (RaftServerImpl.java:setRole(170)) - 9feb3379-7171-4df4-b299-4b714504f75e@group-FDE088A2E2CD: changes role from CANDIDATE to LEADER at term 1 for changeToLeader
2019-10-07 10:51:59,828 [Thread-1530] INFO  impl.RoleInfo (RoleInfo.java:updateAndGet(143)) - 24476e73-5d23-4249-9898-8edc248c0287: start LeaderElection
2019-10-07 10:51:59,830 [9feb3379-7171-4df4-b299-4b714504f75e@group-FDE088A2E2CD-LeaderElection46] INFO  impl.RaftServerImpl (ServerState.java:setLeader(255)) - 9feb3379-7171-4df4-b299-4b714504f75e@group-FDE088A2E2CD: change Leader from null to 9feb3379-7171-4df4-b299-4b714504f75e at term 1 for becomeLeader, leader elected after 5208ms
2019-10-07 10:51:59,831 [9feb3379-7171-4df4-b299-4b714504f75e@group-FDE088A2E2CD-LeaderElection46] INFO  server.RaftServerConfigKeys (ConfUtils.java:logGet(43)) - raft.server.staging.catchup.gap = 1000 (default)
2019-10-07 10:51:59,833 [0f65acb1-626d-48ee-8fe7-71ca17c87d6c@group-642FFD96143F-SegmentedRaftLogWorker] INFO  segmented.SegmentedRaftLogWorker (SegmentedRaftLogWorker.java:execute(574)) - 0f65acb1-626d-48ee-8fe7-71ca17c87d6c@group-642FFD96143F-SegmentedRaftLogWorker: created new log segment /workdir/hadoop-ozone/integration-test/target/test-dir/MiniOzoneClusterImpl-2b840c3e-75e3-4038-9799-12e6f62700d9/datanode-4/data/ratis/1ac5a7b6-7db3-4214-80d1-642ffd96143f/current/log_inprogress_0
2019-10-07 10:51:59,833 [9feb3379-7171-4df4-b299-4b714504f75e@group-FDE088A2E2CD-LeaderElection46] INFO  server.RaftServerConfigKeys (ConfUtils.java:logGet(43)) - raft.server.rpc.sleep.time = 25ms (default)
2019-10-07 10:51:59,836 [f0c02f1b-7192-45ee-be91-59a0f18f6150@group-9C0F0BB22B1E-LeaderElection47] INFO  impl.LeaderElection (LeaderElection.java:askForVotes(178)) - f0c02f1b-7192-45ee-be91-59a0f18f6150@group-9C0F0BB22B1E-LeaderElection47: begin an election at term 1 for -1: [24476e73-5d23-4249-9898-8edc248c0287:192.168.5.148:41742, 9feb3379-7171-4df4-b299-4b714504f75e:192.168.5.148:36247, f0c02f1b-7192-45ee-be91-59a0f18f6150:192.168.5.148:37217], old=null
2019-10-07 10:51:59,836 [9feb3379-7171-4df4-b299-4b714504f75e@group-FDE088A2E2CD-LeaderElection46] INFO  server.RaftServerConfigKeys (ConfUtils.java:logGet(43)) - raft.server.write.element-limit = 4096 (default)
2019-10-07 10:51:59,837 [9feb3379-7171-4df4-b299-4b714504f75e@group-FDE088A2E2CD-LeaderElection46] INFO  server.RaftServerConfigKeys (ConfUtils.java:logGet(43)) - raft.server.watch.timeout = 10s (default)
2019-10-07 10:51:59,837 [9feb3379-7171-4df4-b299-4b714504f75e@group-FDE088A2E2CD-LeaderElection46] INFO  server.RaftServerConfigKeys (ConfUtils.java:logGet(43)) - raft.server.watch.timeout.denomination = 1s (default)
2019-10-07 10:51:59,837 [9feb3379-7171-4df4-b299-4b714504f75e@group-FDE088A2E2CD-LeaderElection46] INFO  server.RaftServerConfigKeys (ConfUtils.java:logGet(43)) - raft.server.watch.element-limit = 65536 (default)
2019-10-07 10:51:59,840 [9feb3379-7171-4df4-b299-4b714504f75e@group-FDE088A2E2CD-LeaderElection46] INFO  impl.RoleInfo (RoleInfo.java:updateAndGet(143)) - 9feb3379-7171-4df4-b299-4b714504f75e: start LeaderState
2019-10-07 10:51:59,841 [9feb3379-7171-4df4-b299-4b714504f75e@group-FDE088A2E2CD-LeaderElection46] INFO  segmented.SegmentedRaftLogWorker (SegmentedRaftLogWorker.java:startLogSegment(385)) - 9feb3379-7171-4df4-b299-4b714504f75e@group-FDE088A2E2CD-SegmentedRaftLogWorker: Starting segment from index:0
2019-10-07 10:51:59,842 [9feb3379-7171-4df4-b299-4b714504f75e@group-FDE088A2E2CD-LeaderElection46] INFO  impl.RaftServerImpl (ServerState.java:setRaftConf(356)) - 9feb3379-7171-4df4-b299-4b714504f75e@group-FDE088A2E2CD: set configuration 0: [9feb3379-7171-4df4-b299-4b714504f75e:192.168.5.148:36247], old=null at 0
2019-10-07 10:51:59,849 [24476e73-5d23-4249-9898-8edc248c0287@group-9C0F0BB22B1E-LeaderElection49] INFO  impl.LeaderElection (LeaderElection.java:askForVotes(178)) - 24476e73-5d23-4249-9898-8edc248c0287@group-9C0F0BB22B1E-LeaderElection49: begin an election at term 1 for -1: [24476e73-5d23-4249-9898-8edc248c0287:192.168.5.148:41742, 9feb3379-7171-4df4-b299-4b714504f75e:192.168.5.148:36247, f0c02f1b-7192-45ee-be91-59a0f18f6150:192.168.5.148:37217], old=null
2019-10-07 10:51:59,849 [9feb3379-7171-4df4-b299-4b714504f75e@group-9C0F0BB22B1E-LeaderElection48] INFO  impl.LeaderElection (LeaderElection.java:askForVotes(178)) - 9feb3379-7171-4df4-b299-4b714504f75e@group-9C0F0BB22B1E-LeaderElection48: begin an election at term 1 for -1: [24476e73-5d23-4249-9898-8edc248c0287:192.168.5.148:41742, 9feb3379-7171-4df4-b299-4b714504f75e:192.168.5.148:36247, f0c02f1b-7192-45ee-be91-59a0f18f6150:192.168.5.148:37217], old=null
2019-10-07 10:51:59,851 [f0c02f1b-7192-45ee-be91-59a0f18f6150@group-9C0F0BB22B1E-LeaderElection47] INFO  impl.LeaderElection (LeaderElection.java:logAndReturn(56)) - f0c02f1b-7192-45ee-be91-59a0f18f6150@group-9C0F0BB22B1E-LeaderElection47: Election REJECTED; received 2 response(s) [f0c02f1b-7192-45ee-be91-59a0f18f6150<-24476e73-5d23-4249-9898-8edc248c0287#0:FAIL-t1, f0c02f1b-7192-45ee-be91-59a0f18f6150<-9feb3379-7171-4df4-b299-4b714504f75e#0:FAIL-t1] and 0 exception(s); f0c02f1b-7192-45ee-be91-59a0f18f6150@group-9C0F0BB22B1E:t1, leader=null, voted=f0c02f1b-7192-45ee-be91-59a0f18f6150, raftlog=f0c02f1b-7192-45ee-be91-59a0f18f6150@group-9C0F0BB22B1E-SegmentedRaftLog:OPENED:c-1,f-1,i0, conf=-1: [24476e73-5d23-4249-9898-8edc248c0287:192.168.5.148:41742, 9feb3379-7171-4df4-b299-4b714504f75e:192.168.5.148:36247, f0c02f1b-7192-45ee-be91-59a0f18f6150:192.168.5.148:37217], old=null
2019-10-07 10:51:59,851 [f0c02f1b-7192-45ee-be91-59a0f18f6150@group-9C0F0BB22B1E-LeaderElection47] INFO  impl.RaftServerImpl (RaftServerImpl.java:setRole(170)) - f0c02f1b-7192-45ee-be91-59a0f18f6150@group-9C0F0BB22B1E: changes role from CANDIDATE to FOLLOWER at term 1 for DISCOVERED_A_NEW_TERM
2019-10-07 10:51:59,851 [f0c02f1b-7192-45ee-be91-59a0f18f6150@group-9C0F0BB22B1E-LeaderElection47] INFO  impl.RoleInfo (RoleInfo.java:shutdownLeaderElection(134)) - f0c02f1b-7192-45ee-be91-59a0f18f6150: shutdown LeaderElection
2019-10-07 10:51:59,852 [f0c02f1b-7192-45ee-be91-59a0f18f6150@group-9C0F0BB22B1E-LeaderElection47] INFO  impl.RoleInfo (RoleInfo.java:updateAndGet(143)) - f0c02f1b-7192-45ee-be91-59a0f18f6150: start FollowerState
2019-10-07 10:51:59,856 [24476e73-5d23-4249-9898-8edc248c0287@group-9C0F0BB22B1E-LeaderElection49] INFO  impl.LeaderElection (LeaderElection.java:logAndReturn(56)) - 24476e73-5d23-4249-9898-8edc248c0287@group-9C0F0BB22B1E-LeaderElection49: Election REJECTED; received 2 response(s) [24476e73-5d23-4249-9898-8edc248c0287<-9feb3379-7171-4df4-b299-4b714504f75e#0:FAIL-t1, 24476e73-5d23-4249-9898-8edc248c0287<-f0c02f1b-7192-45ee-be91-59a0f18f6150#0:FAIL-t1] and 0 exception(s); 24476e73-5d23-4249-9898-8edc248c0287@group-9C0F0BB22B1E:t1, leader=null, voted=24476e73-5d23-4249-9898-8edc248c0287, raftlog=24476e73-5d23-4249-9898-8edc248c0287@group-9C0F0BB22B1E-SegmentedRaftLog:OPENED:c-1,f-1,i0, conf=-1: [24476e73-5d23-4249-9898-8edc248c0287:192.168.5.148:41742, 9feb3379-7171-4df4-b299-4b714504f75e:192.168.5.148:36247, f0c02f1b-7192-45ee-be91-59a0f18f6150:192.168.5.148:37217], old=null
2019-10-07 10:51:59,885 [24476e73-5d23-4249-9898-8edc248c0287@group-9C0F0BB22B1E-LeaderElection49] INFO  impl.RaftServerImpl (RaftServerImpl.java:setRole(170)) - 24476e73-5d23-4249-9898-8edc248c0287@group-9C0F0BB22B1E: changes role from CANDIDATE to FOLLOWER at term 1 for DISCOVERED_A_NEW_TERM
2019-10-07 10:51:59,885 [24476e73-5d23-4249-9898-8edc248c0287@group-9C0F0BB22B1E-LeaderElection49] INFO  impl.RoleInfo (RoleInfo.java:shutdownLeaderElection(134)) - 24476e73-5d23-4249-9898-8edc248c0287: shutdown LeaderElection
2019-10-07 10:51:59,885 [9feb3379-7171-4df4-b299-4b714504f75e@group-9C0F0BB22B1E-LeaderElection48] INFO  impl.LeaderElection (LeaderElection.java:logAndReturn(56)) - 9feb3379-7171-4df4-b299-4b714504f75e@group-9C0F0BB22B1E-LeaderElection48: Election REJECTED; received 2 response(s) [9feb3379-7171-4df4-b299-4b714504f75e<-24476e73-5d23-4249-9898-8edc248c0287#0:FAIL-t1, 9feb3379-7171-4df4-b299-4b714504f75e<-f0c02f1b-7192-45ee-be91-59a0f18f6150#0:FAIL-t1] and 0 exception(s); 9feb3379-7171-4df4-b299-4b714504f75e@group-9C0F0BB22B1E:t1, leader=null, voted=9feb3379-7171-4df4-b299-4b714504f75e, raftlog=9feb3379-7171-4df4-b299-4b714504f75e@group-9C0F0BB22B1E-SegmentedRaftLog:OPENED:c-1,f-1,i0, conf=-1: [24476e73-5d23-4249-9898-8edc248c0287:192.168.5.148:41742, 9feb3379-7171-4df4-b299-4b714504f75e:192.168.5.148:36247, f0c02f1b-7192-45ee-be91-59a0f18f6150:192.168.5.148:37217], old=null
2019-10-07 10:51:59,900 [9feb3379-7171-4df4-b299-4b714504f75e@group-FDE088A2E2CD-SegmentedRaftLogWorker] INFO  segmented.SegmentedRaftLogWorker (SegmentedRaftLogWorker.java:execute(574)) - 9feb3379-7171-4df4-b299-4b714504f75e@group-FDE088A2E2CD-SegmentedRaftLogWorker: created new log segment /workdir/hadoop-ozone/integration-test/target/test-dir/MiniOzoneClusterImpl-2b840c3e-75e3-4038-9799-12e6f62700d9/datanode-5/data/ratis/142368aa-2035-4e13-8076-fde088a2e2cd/current/log_inprogress_0
2019-10-07 10:51:59,903 [9feb3379-7171-4df4-b299-4b714504f75e@group-9C0F0BB22B1E-LeaderElection48] INFO  impl.RaftServerImpl (RaftServerImpl.java:setRole(170)) - 9feb3379-7171-4df4-b299-4b714504f75e@group-9C0F0BB22B1E: changes role from CANDIDATE to FOLLOWER at term 1 for DISCOVERED_A_NEW_TERM
2019-10-07 10:51:59,905 [24476e73-5d23-4249-9898-8edc248c0287@group-9C0F0BB22B1E-LeaderElection49] INFO  impl.RoleInfo (RoleInfo.java:updateAndGet(143)) - 24476e73-5d23-4249-9898-8edc248c0287: start FollowerState
2019-10-07 10:51:59,905 [9feb3379-7171-4df4-b299-4b714504f75e@group-9C0F0BB22B1E-LeaderElection48] INFO  impl.RoleInfo (RoleInfo.java:shutdownLeaderElection(134)) - 9feb3379-7171-4df4-b299-4b714504f75e: shutdown LeaderElection
2019-10-07 10:51:59,906 [9feb3379-7171-4df4-b299-4b714504f75e@group-9C0F0BB22B1E-LeaderElection48] INFO  impl.RoleInfo (RoleInfo.java:updateAndGet(143)) - 9feb3379-7171-4df4-b299-4b714504f75e: start FollowerState
2019-10-07 10:51:59,906 [Thread-1541] INFO  impl.FollowerState (FollowerState.java:run(108)) - bb83a435-2a27-45e3-804f-80018d84be95@group-9284E328257B-FollowerState: change to CANDIDATE, lastRpcTime:5141ms, electionTimeout:5141ms
2019-10-07 10:51:59,906 [Thread-1541] INFO  impl.RoleInfo (RoleInfo.java:shutdownFollowerState(121)) - bb83a435-2a27-45e3-804f-80018d84be95: shutdown FollowerState
2019-10-07 10:51:59,906 [Thread-1541] INFO  impl.RaftServerImpl (RaftServerImpl.java:setRole(170)) - bb83a435-2a27-45e3-804f-80018d84be95@group-9284E328257B: changes role from  FOLLOWER to CANDIDATE at term 0 for changeToCandidate
2019-10-07 10:51:59,906 [Thread-1541] INFO  impl.RoleInfo (RoleInfo.java:updateAndGet(143)) - bb83a435-2a27-45e3-804f-80018d84be95: start LeaderElection
2019-10-07 10:51:59,918 [bb83a435-2a27-45e3-804f-80018d84be95@group-9284E328257B-LeaderElection50] INFO  impl.LeaderElection (LeaderElection.java:askForVotes(178)) - bb83a435-2a27-45e3-804f-80018d84be95@group-9284E328257B-LeaderElection50: begin an election at term 1 for -1: [bb83a435-2a27-45e3-804f-80018d84be95:192.168.5.148:42266, c9d37369-928a-4e05-9ec2-247ed1de362b:192.168.5.148:44450, 818478d2-41a1-4e77-b964-c69b50d36fc4:192.168.5.148:39506], old=null
2019-10-07 10:51:59,930 [Thread-1543] INFO  impl.FollowerState (FollowerState.java:run(108)) - 818478d2-41a1-4e77-b964-c69b50d36fc4@group-9284E328257B-FollowerState: change to CANDIDATE, lastRpcTime:5163ms, electionTimeout:5163ms
2019-10-07 10:51:59,930 [Thread-1543] INFO  impl.RoleInfo (RoleInfo.java:shutdownFollowerState(121)) - 818478d2-41a1-4e77-b964-c69b50d36fc4: shutdown FollowerState
2019-10-07 10:51:59,931 [Thread-1543] INFO  impl.RaftServerImpl (RaftServerImpl.java:setRole(170)) - 818478d2-41a1-4e77-b964-c69b50d36fc4@group-9284E328257B: changes role from  FOLLOWER to CANDIDATE at term 0 for changeToCandidate
2019-10-07 10:51:59,931 [Thread-1543] INFO  impl.RoleInfo (RoleInfo.java:updateAndGet(143)) - 818478d2-41a1-4e77-b964-c69b50d36fc4: start LeaderElection
2019-10-07 10:51:59,937 [Thread-1542] INFO  impl.FollowerState (FollowerState.java:run(108)) - c9d37369-928a-4e05-9ec2-247ed1de362b@group-9284E328257B-FollowerState: change to CANDIDATE, lastRpcTime:5172ms, electionTimeout:5172ms
2019-10-07 10:51:59,940 [Thread-1542] INFO  impl.RoleInfo (RoleInfo.java:shutdownFollowerState(121)) - c9d37369-928a-4e05-9ec2-247ed1de362b: shutdown FollowerState
2019-10-07 10:51:59,940 [Thread-1542] INFO  impl.RaftServerImpl (RaftServerImpl.java:setRole(170)) - c9d37369-928a-4e05-9ec2-247ed1de362b@group-9284E328257B: changes role from  FOLLOWER to CANDIDATE at term 0 for changeToCandidate
2019-10-07 10:51:59,940 [Thread-1542] INFO  impl.RoleInfo (RoleInfo.java:updateAndGet(143)) - c9d37369-928a-4e05-9ec2-247ed1de362b: start LeaderElection
2019-10-07 10:51:59,944 [grpc-default-executor-0] INFO  impl.RaftServerImpl (RaftServerImpl.java:setRole(170)) - c9d37369-928a-4e05-9ec2-247ed1de362b@group-9284E328257B: changes role from CANDIDATE to FOLLOWER at term 1 for recognizeCandidate:bb83a435-2a27-45e3-804f-80018d84be95
2019-10-07 10:51:59,944 [grpc-default-executor-0] INFO  impl.RoleInfo (RoleInfo.java:shutdownLeaderElection(134)) - c9d37369-928a-4e05-9ec2-247ed1de362b: shutdown LeaderElection
2019-10-07 10:51:59,944 [grpc-default-executor-0] INFO  impl.RoleInfo (RoleInfo.java:updateAndGet(143)) - c9d37369-928a-4e05-9ec2-247ed1de362b: start FollowerState
2019-10-07 10:51:59,952 [818478d2-41a1-4e77-b964-c69b50d36fc4@group-9284E328257B-LeaderElection51] INFO  impl.LeaderElection (LeaderElection.java:askForVotes(178)) - 818478d2-41a1-4e77-b964-c69b50d36fc4@group-9284E328257B-LeaderElection51: begin an election at term 1 for -1: [bb83a435-2a27-45e3-804f-80018d84be95:192.168.5.148:42266, c9d37369-928a-4e05-9ec2-247ed1de362b:192.168.5.148:44450, 818478d2-41a1-4e77-b964-c69b50d36fc4:192.168.5.148:39506], old=null
2019-10-07 10:51:59,954 [bb83a435-2a27-45e3-804f-80018d84be95@group-9284E328257B-LeaderElection50] INFO  impl.LeaderElection (LeaderElection.java:logAndReturn(56)) - bb83a435-2a27-45e3-804f-80018d84be95@group-9284E328257B-LeaderElection50: Election REJECTED; received 2 response(s) [bb83a435-2a27-45e3-804f-80018d84be95<-c9d37369-928a-4e05-9ec2-247ed1de362b#0:FAIL-t1, bb83a435-2a27-45e3-804f-80018d84be95<-818478d2-41a1-4e77-b964-c69b50d36fc4#0:FAIL-t1] and 0 exception(s); bb83a435-2a27-45e3-804f-80018d84be95@group-9284E328257B:t1, leader=null, voted=bb83a435-2a27-45e3-804f-80018d84be95, raftlog=bb83a435-2a27-45e3-804f-80018d84be95@group-9284E328257B-SegmentedRaftLog:OPENED:c-1,f-1,i0, conf=-1: [bb83a435-2a27-45e3-804f-80018d84be95:192.168.5.148:42266, c9d37369-928a-4e05-9ec2-247ed1de362b:192.168.5.148:44450, 818478d2-41a1-4e77-b964-c69b50d36fc4:192.168.5.148:39506], old=null
2019-10-07 10:51:59,954 [bb83a435-2a27-45e3-804f-80018d84be95@group-9284E328257B-LeaderElection50] INFO  impl.RaftServerImpl (RaftServerImpl.java:setRole(170)) - bb83a435-2a27-45e3-804f-80018d84be95@group-9284E328257B: changes role from CANDIDATE to FOLLOWER at term 1 for DISCOVERED_A_NEW_TERM
2019-10-07 10:51:59,954 [bb83a435-2a27-45e3-804f-80018d84be95@group-9284E328257B-LeaderElection50] INFO  impl.RoleInfo (RoleInfo.java:shutdownLeaderElection(134)) - bb83a435-2a27-45e3-804f-80018d84be95: shutdown LeaderElection
2019-10-07 10:51:59,954 [bb83a435-2a27-45e3-804f-80018d84be95@group-9284E328257B-LeaderElection50] INFO  impl.RoleInfo (RoleInfo.java:updateAndGet(143)) - bb83a435-2a27-45e3-804f-80018d84be95: start FollowerState
2019-10-07 10:51:59,966 [c9d37369-928a-4e05-9ec2-247ed1de362b@group-9284E328257B-LeaderElection52] INFO  impl.LeaderElection (LeaderElection.java:askForVotes(178)) - c9d37369-928a-4e05-9ec2-247ed1de362b@group-9284E328257B-LeaderElection52: begin an election at term 2 for -1: [bb83a435-2a27-45e3-804f-80018d84be95:192.168.5.148:42266, c9d37369-928a-4e05-9ec2-247ed1de362b:192.168.5.148:44450, 818478d2-41a1-4e77-b964-c69b50d36fc4:192.168.5.148:39506], old=null
2019-10-07 10:51:59,968 [c9d37369-928a-4e05-9ec2-247ed1de362b@group-9284E328257B-LeaderElection52] INFO  impl.LeaderElection (LeaderElection.java:logAndReturn(56)) - c9d37369-928a-4e05-9ec2-247ed1de362b@group-9284E328257B-LeaderElection52: Election REJECTED; received 0 response(s) [] and 0 exception(s); c9d37369-928a-4e05-9ec2-247ed1de362b@group-9284E328257B:t2, leader=null, voted=c9d37369-928a-4e05-9ec2-247ed1de362b, raftlog=c9d37369-928a-4e05-9ec2-247ed1de362b@group-9284E328257B-SegmentedRaftLog:OPENED:c-1,f-1,i0, conf=-1: [bb83a435-2a27-45e3-804f-80018d84be95:192.168.5.148:42266, c9d37369-928a-4e05-9ec2-247ed1de362b:192.168.5.148:44450, 818478d2-41a1-4e77-b964-c69b50d36fc4:192.168.5.148:39506], old=null
2019-10-07 10:51:59,969 [818478d2-41a1-4e77-b964-c69b50d36fc4@group-9284E328257B-LeaderElection51] INFO  impl.LeaderElection (LeaderElection.java:logAndReturn(56)) - 818478d2-41a1-4e77-b964-c69b50d36fc4@group-9284E328257B-LeaderElection51: Election DISCOVERED_A_NEW_TERM; received 2 response(s) [818478d2-41a1-4e77-b964-c69b50d36fc4<-bb83a435-2a27-45e3-804f-80018d84be95#0:FAIL-t1, 818478d2-41a1-4e77-b964-c69b50d36fc4<-c9d37369-928a-4e05-9ec2-247ed1de362b#0:FAIL-t2] and 0 exception(s); 818478d2-41a1-4e77-b964-c69b50d36fc4@group-9284E328257B:t1, leader=null, voted=818478d2-41a1-4e77-b964-c69b50d36fc4, raftlog=818478d2-41a1-4e77-b964-c69b50d36fc4@group-9284E328257B-SegmentedRaftLog:OPENED:c-1,f-1,i0, conf=-1: [bb83a435-2a27-45e3-804f-80018d84be95:192.168.5.148:42266, c9d37369-928a-4e05-9ec2-247ed1de362b:192.168.5.148:44450, 818478d2-41a1-4e77-b964-c69b50d36fc4:192.168.5.148:39506], old=null
2019-10-07 10:51:59,969 [818478d2-41a1-4e77-b964-c69b50d36fc4@group-9284E328257B-LeaderElection51] INFO  impl.RaftServerImpl (RaftServerImpl.java:setRole(170)) - 818478d2-41a1-4e77-b964-c69b50d36fc4@group-9284E328257B: changes role from CANDIDATE to FOLLOWER at term 2 for DISCOVERED_A_NEW_TERM
2019-10-07 10:51:59,969 [818478d2-41a1-4e77-b964-c69b50d36fc4@group-9284E328257B-LeaderElection51] INFO  impl.RoleInfo (RoleInfo.java:shutdownLeaderElection(134)) - 818478d2-41a1-4e77-b964-c69b50d36fc4: shutdown LeaderElection
2019-10-07 10:51:59,969 [818478d2-41a1-4e77-b964-c69b50d36fc4@group-9284E328257B-LeaderElection51] INFO  impl.RoleInfo (RoleInfo.java:updateAndGet(143)) - 818478d2-41a1-4e77-b964-c69b50d36fc4: start FollowerState
2019-10-07 10:51:59,971 [grpc-default-executor-0] INFO  impl.RaftServerImpl (RaftServerImpl.java:setRole(170)) - bb83a435-2a27-45e3-804f-80018d84be95@group-9284E328257B: changes role from  FOLLOWER to FOLLOWER at term 2 for recognizeCandidate:c9d37369-928a-4e05-9ec2-247ed1de362b
2019-10-07 10:51:59,974 [grpc-default-executor-0] INFO  impl.RoleInfo (RoleInfo.java:shutdownFollowerState(121)) - bb83a435-2a27-45e3-804f-80018d84be95: shutdown FollowerState
2019-10-07 10:51:59,974 [grpc-default-executor-0] INFO  impl.RoleInfo (RoleInfo.java:updateAndGet(143)) - bb83a435-2a27-45e3-804f-80018d84be95: start FollowerState
2019-10-07 10:51:59,974 [Thread-1593] INFO  impl.FollowerState (FollowerState.java:run(117)) - bb83a435-2a27-45e3-804f-80018d84be95@group-9284E328257B-FollowerState was interrupted: java.lang.InterruptedException: sleep interrupted
2019-10-07 10:51:59,982 [grpc-default-executor-4] INFO  impl.RaftServerImpl (RaftServerImpl.java:setRole(170)) - 818478d2-41a1-4e77-b964-c69b50d36fc4@group-9284E328257B: changes role from  FOLLOWER to FOLLOWER at term 2 for recognizeCandidate:c9d37369-928a-4e05-9ec2-247ed1de362b
2019-10-07 10:51:59,982 [grpc-default-executor-4] INFO  impl.RoleInfo (RoleInfo.java:shutdownFollowerState(121)) - 818478d2-41a1-4e77-b964-c69b50d36fc4: shutdown FollowerState
2019-10-07 10:51:59,982 [grpc-default-executor-4] INFO  impl.RoleInfo (RoleInfo.java:updateAndGet(143)) - 818478d2-41a1-4e77-b964-c69b50d36fc4: start FollowerState
2019-10-07 10:51:59,982 [Thread-1596] INFO  impl.FollowerState (FollowerState.java:run(117)) - 818478d2-41a1-4e77-b964-c69b50d36fc4@group-9284E328257B-FollowerState was interrupted: java.lang.InterruptedException: sleep interrupted
2019-10-07 10:52:04,877 [Thread-1580] INFO  impl.FollowerState (FollowerState.java:run(108)) - f0c02f1b-7192-45ee-be91-59a0f18f6150@group-9C0F0BB22B1E-FollowerState: change to CANDIDATE, lastRpcTime:5025ms, electionTimeout:5024ms
2019-10-07 10:52:04,878 [Thread-1580] INFO  impl.RoleInfo (RoleInfo.java:shutdownFollowerState(121)) - f0c02f1b-7192-45ee-be91-59a0f18f6150: shutdown FollowerState
2019-10-07 10:52:04,878 [Thread-1580] INFO  impl.RaftServerImpl (RaftServerImpl.java:setRole(170)) - f0c02f1b-7192-45ee-be91-59a0f18f6150@group-9C0F0BB22B1E: changes role from  FOLLOWER to CANDIDATE at term 1 for changeToCandidate
2019-10-07 10:52:04,879 [Thread-1580] INFO  impl.RoleInfo (RoleInfo.java:updateAndGet(143)) - f0c02f1b-7192-45ee-be91-59a0f18f6150: start LeaderElection
2019-10-07 10:52:04,898 [f0c02f1b-7192-45ee-be91-59a0f18f6150@group-9C0F0BB22B1E-LeaderElection53] INFO  impl.LeaderElection (LeaderElection.java:askForVotes(178)) - f0c02f1b-7192-45ee-be91-59a0f18f6150@group-9C0F0BB22B1E-LeaderElection53: begin an election at term 2 for -1: [24476e73-5d23-4249-9898-8edc248c0287:192.168.5.148:41742, 9feb3379-7171-4df4-b299-4b714504f75e:192.168.5.148:36247, f0c02f1b-7192-45ee-be91-59a0f18f6150:192.168.5.148:37217], old=null
2019-10-07 10:52:04,904 [grpc-default-executor-4] INFO  impl.RaftServerImpl (RaftServerImpl.java:setRole(170)) - 24476e73-5d23-4249-9898-8edc248c0287@group-9C0F0BB22B1E: changes role from  FOLLOWER to FOLLOWER at term 2 for recognizeCandidate:f0c02f1b-7192-45ee-be91-59a0f18f6150
2019-10-07 10:52:04,905 [grpc-default-executor-4] INFO  impl.RoleInfo (RoleInfo.java:shutdownFollowerState(121)) - 24476e73-5d23-4249-9898-8edc248c0287: shutdown FollowerState
2019-10-07 10:52:04,904 [grpc-default-executor-0] INFO  impl.RaftServerImpl (RaftServerImpl.java:setRole(170)) - 9feb3379-7171-4df4-b299-4b714504f75e@group-9C0F0BB22B1E: changes role from  FOLLOWER to FOLLOWER at term 2 for recognizeCandidate:f0c02f1b-7192-45ee-be91-59a0f18f6150
2019-10-07 10:52:04,905 [grpc-default-executor-4] INFO  impl.RoleInfo (RoleInfo.java:updateAndGet(143)) - 24476e73-5d23-4249-9898-8edc248c0287: start FollowerState
2019-10-07 10:52:04,905 [grpc-default-executor-0] INFO  impl.RoleInfo (RoleInfo.java:shutdownFollowerState(121)) - 9feb3379-7171-4df4-b299-4b714504f75e: shutdown FollowerState
2019-10-07 10:52:04,906 [Thread-1581] INFO  impl.FollowerState (FollowerState.java:run(117)) - 24476e73-5d23-4249-9898-8edc248c0287@group-9C0F0BB22B1E-FollowerState was interrupted: java.lang.InterruptedException: sleep interrupted
2019-10-07 10:52:04,906 [grpc-default-executor-0] INFO  impl.RoleInfo (RoleInfo.java:updateAndGet(143)) - 9feb3379-7171-4df4-b299-4b714504f75e: start FollowerState
2019-10-07 10:52:04,909 [Thread-1583] INFO  impl.FollowerState (FollowerState.java:run(117)) - 9feb3379-7171-4df4-b299-4b714504f75e@group-9C0F0BB22B1E-FollowerState was interrupted: java.lang.InterruptedException: sleep interrupted
2019-10-07 10:52:04,927 [f0c02f1b-7192-45ee-be91-59a0f18f6150@group-9C0F0BB22B1E-LeaderElection53] INFO  impl.LeaderElection (LeaderElection.java:logAndReturn(56)) - f0c02f1b-7192-45ee-be91-59a0f18f6150@group-9C0F0BB22B1E-LeaderElection53: Election PASSED; received 1 response(s) [f0c02f1b-7192-45ee-be91-59a0f18f6150<-9feb3379-7171-4df4-b299-4b714504f75e#0:OK-t2] and 0 exception(s); f0c02f1b-7192-45ee-be91-59a0f18f6150@group-9C0F0BB22B1E:t2, leader=null, voted=f0c02f1b-7192-45ee-be91-59a0f18f6150, raftlog=f0c02f1b-7192-45ee-be91-59a0f18f6150@group-9C0F0BB22B1E-SegmentedRaftLog:OPENED:c-1,f-1,i0, conf=-1: [24476e73-5d23-4249-9898-8edc248c0287:192.168.5.148:41742, 9feb3379-7171-4df4-b299-4b714504f75e:192.168.5.148:36247, f0c02f1b-7192-45ee-be91-59a0f18f6150:192.168.5.148:37217], old=null
2019-10-07 10:52:04,928 [f0c02f1b-7192-45ee-be91-59a0f18f6150@group-9C0F0BB22B1E-LeaderElection53] INFO  impl.RoleInfo (RoleInfo.java:shutdownLeaderElection(134)) - f0c02f1b-7192-45ee-be91-59a0f18f6150: shutdown LeaderElection
2019-10-07 10:52:04,928 [f0c02f1b-7192-45ee-be91-59a0f18f6150@group-9C0F0BB22B1E-LeaderElection53] INFO  impl.RaftServerImpl (RaftServerImpl.java:setRole(170)) - f0c02f1b-7192-45ee-be91-59a0f18f6150@group-9C0F0BB22B1E: changes role from CANDIDATE to LEADER at term 2 for changeToLeader
2019-10-07 10:52:04,928 [f0c02f1b-7192-45ee-be91-59a0f18f6150@group-9C0F0BB22B1E-LeaderElection53] INFO  impl.RaftServerImpl (ServerState.java:setLeader(255)) - f0c02f1b-7192-45ee-be91-59a0f18f6150@group-9C0F0BB22B1E: change Leader from null to f0c02f1b-7192-45ee-be91-59a0f18f6150 at term 2 for becomeLeader, leader elected after 10243ms
2019-10-07 10:52:04,929 [f0c02f1b-7192-45ee-be91-59a0f18f6150@group-9C0F0BB22B1E-LeaderElection53] INFO  server.RaftServerConfigKeys (ConfUtils.java:logGet(43)) - raft.server.staging.catchup.gap = 1000 (default)
2019-10-07 10:52:04,929 [f0c02f1b-7192-45ee-be91-59a0f18f6150@group-9C0F0BB22B1E-LeaderElection53] INFO  server.RaftServerConfigKeys (ConfUtils.java:logGet(43)) - raft.server.rpc.sleep.time = 25ms (default)
2019-10-07 10:52:04,929 [f0c02f1b-7192-45ee-be91-59a0f18f6150@group-9C0F0BB22B1E-LeaderElection53] INFO  server.RaftServerConfigKeys (ConfUtils.java:logGet(43)) - raft.server.write.element-limit = 4096 (default)
2019-10-07 10:52:04,930 [f0c02f1b-7192-45ee-be91-59a0f18f6150@group-9C0F0BB22B1E-LeaderElection53] INFO  server.RaftServerConfigKeys (ConfUtils.java:logGet(43)) - raft.server.watch.timeout = 10s (default)
2019-10-07 10:52:04,930 [f0c02f1b-7192-45ee-be91-59a0f18f6150@group-9C0F0BB22B1E-LeaderElection53] INFO  server.RaftServerConfigKeys (ConfUtils.java:logGet(43)) - raft.server.watch.timeout.denomination = 1s (default)
2019-10-07 10:52:04,930 [f0c02f1b-7192-45ee-be91-59a0f18f6150@group-9C0F0BB22B1E-LeaderElection53] INFO  server.RaftServerConfigKeys (ConfUtils.java:logGet(43)) - raft.server.watch.element-limit = 65536 (default)
2019-10-07 10:52:04,935 [f0c02f1b-7192-45ee-be91-59a0f18f6150@group-9C0F0BB22B1E-LeaderElection53] INFO  server.RaftServerConfigKeys (ConfUtils.java:logGet(43)) - raft.server.log.appender.snapshot.chunk.size.max = 16MB (=16777216) (default)
2019-10-07 10:52:04,935 [f0c02f1b-7192-45ee-be91-59a0f18f6150@group-9C0F0BB22B1E-LeaderElection53] INFO  server.RaftServerConfigKeys (ConfUtils.java:logGet(43)) - raft.server.log.appender.buffer.byte-limit = 33554432 (custom)
2019-10-07 10:52:04,935 [f0c02f1b-7192-45ee-be91-59a0f18f6150@group-9C0F0BB22B1E-LeaderElection53] INFO  server.RaftServerConfigKeys (ConfUtils.java:logGet(43)) - raft.server.log.appender.buffer.element-limit = 1 (custom)
2019-10-07 10:52:04,936 [f0c02f1b-7192-45ee-be91-59a0f18f6150@group-9C0F0BB22B1E-LeaderElection53] INFO  grpc.GrpcConfigKeys$Server (ConfUtils.java:logGet(43)) - raft.grpc.server.leader.outstanding.appends.max = 128 (default)
2019-10-07 10:52:04,936 [f0c02f1b-7192-45ee-be91-59a0f18f6150@group-9C0F0BB22B1E-LeaderElection53] INFO  server.RaftServerConfigKeys (ConfUtils.java:logGet(43)) - raft.server.rpc.request.timeout = 3000ms (default)
2019-10-07 10:52:04,936 [f0c02f1b-7192-45ee-be91-59a0f18f6150@group-9C0F0BB22B1E-LeaderElection53] INFO  server.RaftServerConfigKeys (ConfUtils.java:logGet(43)) - raft.server.log.appender.install.snapshot.enabled = false (custom)
2019-10-07 10:52:04,937 [f0c02f1b-7192-45ee-be91-59a0f18f6150@group-9C0F0BB22B1E-LeaderElection53] INFO  server.RaftServerConfigKeys (ConfUtils.java:logGet(43)) - raft.server.log.appender.snapshot.chunk.size.max = 16MB (=16777216) (default)
2019-10-07 10:52:04,937 [f0c02f1b-7192-45ee-be91-59a0f18f6150@group-9C0F0BB22B1E-LeaderElection53] INFO  server.RaftServerConfigKeys (ConfUtils.java:logGet(43)) - raft.server.log.appender.buffer.byte-limit = 33554432 (custom)
2019-10-07 10:52:04,937 [f0c02f1b-7192-45ee-be91-59a0f18f6150@group-9C0F0BB22B1E-LeaderElection53] INFO  server.RaftServerConfigKeys (ConfUtils.java:logGet(43)) - raft.server.log.appender.buffer.element-limit = 1 (custom)
2019-10-07 10:52:04,938 [f0c02f1b-7192-45ee-be91-59a0f18f6150@group-9C0F0BB22B1E-LeaderElection53] INFO  grpc.GrpcConfigKeys$Server (ConfUtils.java:logGet(43)) - raft.grpc.server.leader.outstanding.appends.max = 128 (default)
2019-10-07 10:52:04,938 [f0c02f1b-7192-45ee-be91-59a0f18f6150@group-9C0F0BB22B1E-LeaderElection53] INFO  server.RaftServerConfigKeys (ConfUtils.java:logGet(43)) - raft.server.rpc.request.timeout = 3000ms (default)
2019-10-07 10:52:04,938 [f0c02f1b-7192-45ee-be91-59a0f18f6150@group-9C0F0BB22B1E-LeaderElection53] INFO  server.RaftServerConfigKeys (ConfUtils.java:logGet(43)) - raft.server.log.appender.install.snapshot.enabled = false (custom)
2019-10-07 10:52:04,938 [f0c02f1b-7192-45ee-be91-59a0f18f6150@group-9C0F0BB22B1E-LeaderElection53] INFO  impl.RoleInfo (RoleInfo.java:updateAndGet(143)) - f0c02f1b-7192-45ee-be91-59a0f18f6150: start LeaderState
2019-10-07 10:52:04,939 [f0c02f1b-7192-45ee-be91-59a0f18f6150@group-9C0F0BB22B1E-LeaderElection53] INFO  segmented.SegmentedRaftLogWorker (SegmentedRaftLogWorker.java:startLogSegment(385)) - f0c02f1b-7192-45ee-be91-59a0f18f6150@group-9C0F0BB22B1E-SegmentedRaftLogWorker: Starting segment from index:0
2019-10-07 10:52:04,940 [f0c02f1b-7192-45ee-be91-59a0f18f6150@group-9C0F0BB22B1E-LeaderElection53] INFO  impl.RaftServerImpl (ServerState.java:setRaftConf(356)) - f0c02f1b-7192-45ee-be91-59a0f18f6150@group-9C0F0BB22B1E: set configuration 0: [24476e73-5d23-4249-9898-8edc248c0287:192.168.5.148:41742, 9feb3379-7171-4df4-b299-4b714504f75e:192.168.5.148:36247, f0c02f1b-7192-45ee-be91-59a0f18f6150:192.168.5.148:37217], old=null at 0
2019-10-07 10:52:04,979 [grpc-default-executor-4] INFO  impl.RaftServerImpl (ServerState.java:setLeader(255)) - 24476e73-5d23-4249-9898-8edc248c0287@group-9C0F0BB22B1E: change Leader from null to f0c02f1b-7192-45ee-be91-59a0f18f6150 at term 2 for appendEntries, leader elected after 10294ms
2019-10-07 10:52:04,979 [grpc-default-executor-0] INFO  impl.RaftServerImpl (ServerState.java:setLeader(255)) - 9feb3379-7171-4df4-b299-4b714504f75e@group-9C0F0BB22B1E: change Leader from null to f0c02f1b-7192-45ee-be91-59a0f18f6150 at term 2 for appendEntries, leader elected after 10296ms
2019-10-07 10:52:04,986 [grpc-default-executor-0] INFO  impl.RaftServerImpl (ServerState.java:setRaftConf(356)) - 9feb3379-7171-4df4-b299-4b714504f75e@group-9C0F0BB22B1E: set configuration 0: [24476e73-5d23-4249-9898-8edc248c0287:192.168.5.148:41742, 9feb3379-7171-4df4-b299-4b714504f75e:192.168.5.148:36247, f0c02f1b-7192-45ee-be91-59a0f18f6150:192.168.5.148:37217], old=null at 0
2019-10-07 10:52:04,986 [grpc-default-executor-4] INFO  impl.RaftServerImpl (ServerState.java:setRaftConf(356)) - 24476e73-5d23-4249-9898-8edc248c0287@group-9C0F0BB22B1E: set configuration 0: [24476e73-5d23-4249-9898-8edc248c0287:192.168.5.148:41742, 9feb3379-7171-4df4-b299-4b714504f75e:192.168.5.148:36247, f0c02f1b-7192-45ee-be91-59a0f18f6150:192.168.5.148:37217], old=null at 0
2019-10-07 10:52:04,986 [grpc-default-executor-0] INFO  segmented.SegmentedRaftLogWorker (SegmentedRaftLogWorker.java:startLogSegment(385)) - 9feb3379-7171-4df4-b299-4b714504f75e@group-9C0F0BB22B1E-SegmentedRaftLogWorker: Starting segment from index:0
2019-10-07 10:52:04,986 [grpc-default-executor-4] INFO  segmented.SegmentedRaftLogWorker (SegmentedRaftLogWorker.java:startLogSegment(385)) - 24476e73-5d23-4249-9898-8edc248c0287@group-9C0F0BB22B1E-SegmentedRaftLogWorker: Starting segment from index:0
2019-10-07 10:52:05,027 [f0c02f1b-7192-45ee-be91-59a0f18f6150@group-9C0F0BB22B1E-SegmentedRaftLogWorker] INFO  segmented.SegmentedRaftLogWorker (SegmentedRaftLogWorker.java:execute(574)) - f0c02f1b-7192-45ee-be91-59a0f18f6150@group-9C0F0BB22B1E-SegmentedRaftLogWorker: created new log segment /workdir/hadoop-ozone/integration-test/target/test-dir/MiniOzoneClusterImpl-2b840c3e-75e3-4038-9799-12e6f62700d9/datanode-2/data/ratis/5157b187-12d4-4fa4-aa35-9c0f0bb22b1e/current/log_inprogress_0
2019-10-07 10:52:05,027 [Thread-1597] INFO  impl.FollowerState (FollowerState.java:run(108)) - bb83a435-2a27-45e3-804f-80018d84be95@group-9284E328257B-FollowerState: change to CANDIDATE, lastRpcTime:5052ms, electionTimeout:5035ms
2019-10-07 10:52:05,028 [Thread-1597] INFO  impl.RoleInfo (RoleInfo.java:shutdownFollowerState(121)) - bb83a435-2a27-45e3-804f-80018d84be95: shutdown FollowerState
2019-10-07 10:52:05,028 [Thread-1597] INFO  impl.RaftServerImpl (RaftServerImpl.java:setRole(170)) - bb83a435-2a27-45e3-804f-80018d84be95@group-9284E328257B: changes role from  FOLLOWER to CANDIDATE at term 2 for changeToCandidate
2019-10-07 10:52:05,028 [Thread-1597] INFO  impl.RoleInfo (RoleInfo.java:updateAndGet(143)) - bb83a435-2a27-45e3-804f-80018d84be95: start LeaderElection
2019-10-07 10:52:05,038 [24476e73-5d23-4249-9898-8edc248c0287@group-9C0F0BB22B1E-SegmentedRaftLogWorker] INFO  segmented.SegmentedRaftLogWorker (SegmentedRaftLogWorker.java:execute(574)) - 24476e73-5d23-4249-9898-8edc248c0287@group-9C0F0BB22B1E-SegmentedRaftLogWorker: created new log segment /workdir/hadoop-ozone/integration-test/target/test-dir/MiniOzoneClusterImpl-2b840c3e-75e3-4038-9799-12e6f62700d9/datanode-0/data/ratis/5157b187-12d4-4fa4-aa35-9c0f0bb22b1e/current/log_inprogress_0
2019-10-07 10:52:05,038 [9feb3379-7171-4df4-b299-4b714504f75e@group-9C0F0BB22B1E-SegmentedRaftLogWorker] INFO  segmented.SegmentedRaftLogWorker (SegmentedRaftLogWorker.java:execute(574)) - 9feb3379-7171-4df4-b299-4b714504f75e@group-9C0F0BB22B1E-SegmentedRaftLogWorker: created new log segment /workdir/hadoop-ozone/integration-test/target/test-dir/MiniOzoneClusterImpl-2b840c3e-75e3-4038-9799-12e6f62700d9/datanode-5/data/ratis/5157b187-12d4-4fa4-aa35-9c0f0bb22b1e/current/log_inprogress_0
2019-10-07 10:52:05,038 [bb83a435-2a27-45e3-804f-80018d84be95@group-9284E328257B-LeaderElection54] INFO  impl.LeaderElection (LeaderElection.java:askForVotes(178)) - bb83a435-2a27-45e3-804f-80018d84be95@group-9284E328257B-LeaderElection54: begin an election at term 3 for -1: [bb83a435-2a27-45e3-804f-80018d84be95:192.168.5.148:42266, c9d37369-928a-4e05-9ec2-247ed1de362b:192.168.5.148:44450, 818478d2-41a1-4e77-b964-c69b50d36fc4:192.168.5.148:39506], old=null
2019-10-07 10:52:05,042 [grpc-default-executor-0] INFO  impl.RaftServerImpl (RaftServerImpl.java:setRole(170)) - c9d37369-928a-4e05-9ec2-247ed1de362b@group-9284E328257B: changes role from  FOLLOWER to FOLLOWER at term 3 for recognizeCandidate:bb83a435-2a27-45e3-804f-80018d84be95
2019-10-07 10:52:05,042 [grpc-default-executor-0] INFO  impl.RoleInfo (RoleInfo.java:shutdownFollowerState(121)) - c9d37369-928a-4e05-9ec2-247ed1de362b: shutdown FollowerState
2019-10-07 10:52:05,043 [grpc-default-executor-0] INFO  impl.RoleInfo (RoleInfo.java:updateAndGet(143)) - c9d37369-928a-4e05-9ec2-247ed1de362b: start FollowerState
2019-10-07 10:52:05,043 [grpc-default-executor-4] INFO  impl.RaftServerImpl (RaftServerImpl.java:setRole(170)) - 818478d2-41a1-4e77-b964-c69b50d36fc4@group-9284E328257B: changes role from  FOLLOWER to FOLLOWER at term 3 for recognizeCandidate:bb83a435-2a27-45e3-804f-80018d84be95
2019-10-07 10:52:05,043 [Thread-1590] INFO  impl.FollowerState (FollowerState.java:run(117)) - c9d37369-928a-4e05-9ec2-247ed1de362b@group-9284E328257B-FollowerState was interrupted: java.lang.InterruptedException: sleep interrupted
2019-10-07 10:52:05,043 [grpc-default-executor-4] INFO  impl.RoleInfo (RoleInfo.java:shutdownFollowerState(121)) - 818478d2-41a1-4e77-b964-c69b50d36fc4: shutdown FollowerState
2019-10-07 10:52:05,047 [grpc-default-executor-4] INFO  impl.RoleInfo (RoleInfo.java:updateAndGet(143)) - 818478d2-41a1-4e77-b964-c69b50d36fc4: start FollowerState
2019-10-07 10:52:05,047 [Thread-1598] INFO  impl.FollowerState (FollowerState.java:run(117)) - 818478d2-41a1-4e77-b964-c69b50d36fc4@group-9284E328257B-FollowerState was interrupted: java.lang.InterruptedException: sleep interrupted
2019-10-07 10:52:05,082 [bb83a435-2a27-45e3-804f-80018d84be95@group-9284E328257B-LeaderElection54] INFO  impl.LeaderElection (LeaderElection.java:logAndReturn(56)) - bb83a435-2a27-45e3-804f-80018d84be95@group-9284E328257B-LeaderElection54: Election PASSED; received 1 response(s) [bb83a435-2a27-45e3-804f-80018d84be95<-818478d2-41a1-4e77-b964-c69b50d36fc4#0:OK-t3] and 0 exception(s); bb83a435-2a27-45e3-804f-80018d84be95@group-9284E328257B:t3, leader=null, voted=bb83a435-2a27-45e3-804f-80018d84be95, raftlog=bb83a435-2a27-45e3-804f-80018d84be95@group-9284E328257B-SegmentedRaftLog:OPENED:c-1,f-1,i0, conf=-1: [bb83a435-2a27-45e3-804f-80018d84be95:192.168.5.148:42266, c9d37369-928a-4e05-9ec2-247ed1de362b:192.168.5.148:44450, 818478d2-41a1-4e77-b964-c69b50d36fc4:192.168.5.148:39506], old=null
2019-10-07 10:52:05,082 [bb83a435-2a27-45e3-804f-80018d84be95@group-9284E328257B-LeaderElection54] INFO  impl.RoleInfo (RoleInfo.java:shutdownLeaderElection(134)) - bb83a435-2a27-45e3-804f-80018d84be95: shutdown LeaderElection
2019-10-07 10:52:05,082 [bb83a435-2a27-45e3-804f-80018d84be95@group-9284E328257B-LeaderElection54] INFO  impl.RaftServerImpl (RaftServerImpl.java:setRole(170)) - bb83a435-2a27-45e3-804f-80018d84be95@group-9284E328257B: changes role from CANDIDATE to LEADER at term 3 for changeToLeader
2019-10-07 10:52:05,082 [bb83a435-2a27-45e3-804f-80018d84be95@group-9284E328257B-LeaderElection54] INFO  impl.RaftServerImpl (ServerState.java:setLeader(255)) - bb83a435-2a27-45e3-804f-80018d84be95@group-9284E328257B: change Leader from null to bb83a435-2a27-45e3-804f-80018d84be95 at term 3 for becomeLeader, leader elected after 10327ms
2019-10-07 10:52:05,083 [bb83a435-2a27-45e3-804f-80018d84be95@group-9284E328257B-LeaderElection54] INFO  server.RaftServerConfigKeys (ConfUtils.java:logGet(43)) - raft.server.staging.catchup.gap = 1000 (default)
2019-10-07 10:52:05,083 [bb83a435-2a27-45e3-804f-80018d84be95@group-9284E328257B-LeaderElection54] INFO  server.RaftServerConfigKeys (ConfUtils.java:logGet(43)) - raft.server.rpc.sleep.time = 25ms (default)
2019-10-07 10:52:05,083 [bb83a435-2a27-45e3-804f-80018d84be95@group-9284E328257B-LeaderElection54] INFO  server.RaftServerConfigKeys (ConfUtils.java:logGet(43)) - raft.server.write.element-limit = 4096 (default)
2019-10-07 10:52:05,083 [bb83a435-2a27-45e3-804f-80018d84be95@group-9284E328257B-LeaderElection54] INFO  server.RaftServerConfigKeys (ConfUtils.java:logGet(43)) - raft.server.watch.timeout = 10s (default)
2019-10-07 10:52:05,083 [bb83a435-2a27-45e3-804f-80018d84be95@group-9284E328257B-LeaderElection54] INFO  server.RaftServerConfigKeys (ConfUtils.java:logGet(43)) - raft.server.watch.timeout.denomination = 1s (default)
2019-10-07 10:52:05,083 [bb83a435-2a27-45e3-804f-80018d84be95@group-9284E328257B-LeaderElection54] INFO  server.RaftServerConfigKeys (ConfUtils.java:logGet(43)) - raft.server.watch.element-limit = 65536 (default)
2019-10-07 10:52:05,086 [bb83a435-2a27-45e3-804f-80018d84be95@group-9284E328257B-LeaderElection54] INFO  server.RaftServerConfigKeys (ConfUtils.java:logGet(43)) - raft.server.log.appender.snapshot.chunk.size.max = 16MB (=16777216) (default)
2019-10-07 10:52:05,086 [bb83a435-2a27-45e3-804f-80018d84be95@group-9284E328257B-LeaderElection54] INFO  server.RaftServerConfigKeys (ConfUtils.java:logGet(43)) - raft.server.log.appender.buffer.byte-limit = 33554432 (custom)
2019-10-07 10:52:05,086 [bb83a435-2a27-45e3-804f-80018d84be95@group-9284E328257B-LeaderElection54] INFO  server.RaftServerConfigKeys (ConfUtils.java:logGet(43)) - raft.server.log.appender.buffer.element-limit = 1 (custom)
2019-10-07 10:52:05,086 [bb83a435-2a27-45e3-804f-80018d84be95@group-9284E328257B-LeaderElection54] INFO  grpc.GrpcConfigKeys$Server (ConfUtils.java:logGet(43)) - raft.grpc.server.leader.outstanding.appends.max = 128 (default)
2019-10-07 10:52:05,087 [bb83a435-2a27-45e3-804f-80018d84be95@group-9284E328257B-LeaderElection54] INFO  server.RaftServerConfigKeys (ConfUtils.java:logGet(43)) - raft.server.rpc.request.timeout = 3000ms (default)
2019-10-07 10:52:05,087 [bb83a435-2a27-45e3-804f-80018d84be95@group-9284E328257B-LeaderElection54] INFO  server.RaftServerConfigKeys (ConfUtils.java:logGet(43)) - raft.server.log.appender.install.snapshot.enabled = false (custom)
2019-10-07 10:52:05,087 [bb83a435-2a27-45e3-804f-80018d84be95@group-9284E328257B-LeaderElection54] INFO  server.RaftServerConfigKeys (ConfUtils.java:logGet(43)) - raft.server.log.appender.snapshot.chunk.size.max = 16MB (=16777216) (default)
2019-10-07 10:52:05,087 [bb83a435-2a27-45e3-804f-80018d84be95@group-9284E328257B-LeaderElection54] INFO  server.RaftServerConfigKeys (ConfUtils.java:logGet(43)) - raft.server.log.appender.buffer.byte-limit = 33554432 (custom)
2019-10-07 10:52:05,087 [bb83a435-2a27-45e3-804f-80018d84be95@group-9284E328257B-LeaderElection54] INFO  server.RaftServerConfigKeys (ConfUtils.java:logGet(43)) - raft.server.log.appender.buffer.element-limit = 1 (custom)
2019-10-07 10:52:05,088 [bb83a435-2a27-45e3-804f-80018d84be95@group-9284E328257B-LeaderElection54] INFO  grpc.GrpcConfigKeys$Server (ConfUtils.java:logGet(43)) - raft.grpc.server.leader.outstanding.appends.max = 128 (default)
2019-10-07 10:52:05,088 [bb83a435-2a27-45e3-804f-80018d84be95@group-9284E328257B-LeaderElection54] INFO  server.RaftServerConfigKeys (ConfUtils.java:logGet(43)) - raft.server.rpc.request.timeout = 3000ms (default)
2019-10-07 10:52:05,088 [bb83a435-2a27-45e3-804f-80018d84be95@group-9284E328257B-LeaderElection54] INFO  server.RaftServerConfigKeys (ConfUtils.java:logGet(43)) - raft.server.log.appender.install.snapshot.enabled = false (custom)
2019-10-07 10:52:05,088 [bb83a435-2a27-45e3-804f-80018d84be95@group-9284E328257B-LeaderElection54] INFO  impl.RoleInfo (RoleInfo.java:updateAndGet(143)) - bb83a435-2a27-45e3-804f-80018d84be95: start LeaderState
2019-10-07 10:52:05,089 [bb83a435-2a27-45e3-804f-80018d84be95@group-9284E328257B-LeaderElection54] INFO  segmented.SegmentedRaftLogWorker (SegmentedRaftLogWorker.java:startLogSegment(385)) - bb83a435-2a27-45e3-804f-80018d84be95@group-9284E328257B-SegmentedRaftLogWorker: Starting segment from index:0
2019-10-07 10:52:05,090 [bb83a435-2a27-45e3-804f-80018d84be95@group-9284E328257B-LeaderElection54] INFO  impl.RaftServerImpl (ServerState.java:setRaftConf(356)) - bb83a435-2a27-45e3-804f-80018d84be95@group-9284E328257B: set configuration 0: [bb83a435-2a27-45e3-804f-80018d84be95:192.168.5.148:42266, c9d37369-928a-4e05-9ec2-247ed1de362b:192.168.5.148:44450, 818478d2-41a1-4e77-b964-c69b50d36fc4:192.168.5.148:39506], old=null at 0
2019-10-07 10:52:05,091 [grpc-default-executor-0] INFO  impl.RaftServerImpl (ServerState.java:setLeader(255)) - c9d37369-928a-4e05-9ec2-247ed1de362b@group-9284E328257B: change Leader from null to bb83a435-2a27-45e3-804f-80018d84be95 at term 3 for appendEntries, leader elected after 10336ms
2019-10-07 10:52:05,130 [grpc-default-executor-0] INFO  impl.RaftServerImpl (ServerState.java:setLeader(255)) - 818478d2-41a1-4e77-b964-c69b50d36fc4@group-9284E328257B: change Leader from null to bb83a435-2a27-45e3-804f-80018d84be95 at term 3 for appendEntries, leader elected after 10375ms
2019-10-07 10:52:05,132 [grpc-default-executor-0] INFO  impl.RaftServerImpl (ServerState.java:setRaftConf(356)) - c9d37369-928a-4e05-9ec2-247ed1de362b@group-9284E328257B: set configuration 0: [bb83a435-2a27-45e3-804f-80018d84be95:192.168.5.148:42266, c9d37369-928a-4e05-9ec2-247ed1de362b:192.168.5.148:44450, 818478d2-41a1-4e77-b964-c69b50d36fc4:192.168.5.148:39506], old=null at 0
2019-10-07 10:52:05,132 [grpc-default-executor-0] INFO  segmented.SegmentedRaftLogWorker (SegmentedRaftLogWorker.java:startLogSegment(385)) - c9d37369-928a-4e05-9ec2-247ed1de362b@group-9284E328257B-SegmentedRaftLogWorker: Starting segment from index:0
2019-10-07 10:52:05,133 [grpc-default-executor-4] INFO  impl.RaftServerImpl (ServerState.java:setRaftConf(356)) - 818478d2-41a1-4e77-b964-c69b50d36fc4@group-9284E328257B: set configuration 0: [bb83a435-2a27-45e3-804f-80018d84be95:192.168.5.148:42266, c9d37369-928a-4e05-9ec2-247ed1de362b:192.168.5.148:44450, 818478d2-41a1-4e77-b964-c69b50d36fc4:192.168.5.148:39506], old=null at 0
2019-10-07 10:52:05,134 [grpc-default-executor-4] INFO  segmented.SegmentedRaftLogWorker (SegmentedRaftLogWorker.java:startLogSegment(385)) - 818478d2-41a1-4e77-b964-c69b50d36fc4@group-9284E328257B-SegmentedRaftLogWorker: Starting segment from index:0
2019-10-07 10:52:05,141 [bb83a435-2a27-45e3-804f-80018d84be95@group-9284E328257B-SegmentedRaftLogWorker] INFO  segmented.SegmentedRaftLogWorker (SegmentedRaftLogWorker.java:execute(574)) - bb83a435-2a27-45e3-804f-80018d84be95@group-9284E328257B-SegmentedRaftLogWorker: created new log segment /workdir/hadoop-ozone/integration-test/target/test-dir/MiniOzoneClusterImpl-2b840c3e-75e3-4038-9799-12e6f62700d9/datanode-1/data/ratis/39955cfa-0fc6-46e1-9c7f-9284e328257b/current/log_inprogress_0
2019-10-07 10:52:05,187 [c9d37369-928a-4e05-9ec2-247ed1de362b@group-9284E328257B-SegmentedRaftLogWorker] INFO  segmented.SegmentedRaftLogWorker (SegmentedRaftLogWorker.java:execute(574)) - c9d37369-928a-4e05-9ec2-247ed1de362b@group-9284E328257B-SegmentedRaftLogWorker: created new log segment /workdir/hadoop-ozone/integration-test/target/test-dir/MiniOzoneClusterImpl-2b840c3e-75e3-4038-9799-12e6f62700d9/datanode-3/data/ratis/39955cfa-0fc6-46e1-9c7f-9284e328257b/current/log_inprogress_0
2019-10-07 10:52:05,187 [818478d2-41a1-4e77-b964-c69b50d36fc4@group-9284E328257B-SegmentedRaftLogWorker] INFO  segmented.SegmentedRaftLogWorker (SegmentedRaftLogWorker.java:execute(574)) - 818478d2-41a1-4e77-b964-c69b50d36fc4@group-9284E328257B-SegmentedRaftLogWorker: created new log segment /workdir/hadoop-ozone/integration-test/target/test-dir/MiniOzoneClusterImpl-2b840c3e-75e3-4038-9799-12e6f62700d9/datanode-6/data/ratis/39955cfa-0fc6-46e1-9c7f-9284e328257b/current/log_inprogress_0
2019-10-07 10:52:07,203 [Datanode State Machine Thread - 0] INFO  statemachine.DatanodeStateMachine (DatanodeStateMachine.java:lambda$startDaemon$0(350)) - Ozone container server started.
2019-10-07 10:52:12,189 [main] INFO  ozoneimpl.OzoneContainer (OzoneContainer.java:stop(227)) - Attempting to stop container services.
2019-10-07 10:52:12,191 [main] INFO  impl.RaftServerProxy (RaftServerProxy.java:lambda$close$4(314)) - 24476e73-5d23-4249-9898-8edc248c0287: close
2019-10-07 10:52:12,192 [main] INFO  impl.RaftServerImpl (RaftServerImpl.java:lambda$shutdown$3(247)) - 24476e73-5d23-4249-9898-8edc248c0287@group-9C0F0BB22B1E: shutdown
2019-10-07 10:52:12,192 [ForkJoinPool.commonPool-worker-1] INFO  impl.RaftServerImpl (RaftServerImpl.java:lambda$shutdown$3(247)) - 24476e73-5d23-4249-9898-8edc248c0287@group-A4E6D5AB18A3: shutdown
2019-10-07 10:52:12,192 [main] INFO  util.JmxRegister (JmxRegister.java:unregister(73)) - Successfully un-registered JMX Bean with object name Ratis:service=RaftServer,group=group-9C0F0BB22B1E,id=24476e73-5d23-4249-9898-8edc248c0287
2019-10-07 10:52:12,193 [ForkJoinPool.commonPool-worker-1] INFO  util.JmxRegister (JmxRegister.java:unregister(73)) - Successfully un-registered JMX Bean with object name Ratis:service=RaftServer,group=group-A4E6D5AB18A3,id=24476e73-5d23-4249-9898-8edc248c0287
2019-10-07 10:52:12,193 [main] INFO  impl.RoleInfo (RoleInfo.java:shutdownFollowerState(121)) - 24476e73-5d23-4249-9898-8edc248c0287: shutdown FollowerState
2019-10-07 10:52:12,193 [ForkJoinPool.commonPool-worker-1] INFO  impl.RoleInfo (RoleInfo.java:shutdownLeaderState(104)) - 24476e73-5d23-4249-9898-8edc248c0287: shutdown LeaderState
2019-10-07 10:52:12,194 [main] INFO  impl.StateMachineUpdater (StateMachineUpdater.java:stopAndJoin(136)) - 24476e73-5d23-4249-9898-8edc248c0287@group-9C0F0BB22B1E-StateMachineUpdater: set stopIndex = 2
2019-10-07 10:52:12,194 [24476e73-5d23-4249-9898-8edc248c0287@group-9C0F0BB22B1E-StateMachineUpdater] INFO  ratis.ContainerStateMachine (ContainerStateMachine.java:takeSnapshot(294)) - group-9C0F0BB22B1E: Taking a snapshot at:(t:2, i:1) file /workdir/hadoop-ozone/integration-test/target/test-dir/MiniOzoneClusterImpl-2b840c3e-75e3-4038-9799-12e6f62700d9/datanode-0/data/ratis/5157b187-12d4-4fa4-aa35-9c0f0bb22b1e/sm/snapshot.2_1
2019-10-07 10:52:12,194 [ForkJoinPool.commonPool-worker-1] INFO  impl.PendingRequests (PendingRequests.java:sendNotLeaderResponses(202)) - 24476e73-5d23-4249-9898-8edc248c0287@group-A4E6D5AB18A3-PendingRequests: sendNotLeaderResponses
2019-10-07 10:52:12,194 [Thread-1610] INFO  impl.FollowerState (FollowerState.java:run(117)) - 24476e73-5d23-4249-9898-8edc248c0287@group-9C0F0BB22B1E-FollowerState was interrupted: java.lang.InterruptedException: sleep interrupted
2019-10-07 10:52:12,195 [ForkJoinPool.commonPool-worker-1] INFO  impl.StateMachineUpdater (StateMachineUpdater.java:stopAndJoin(136)) - 24476e73-5d23-4249-9898-8edc248c0287@group-A4E6D5AB18A3-StateMachineUpdater: set stopIndex = 0
2019-10-07 10:52:12,196 [ForkJoinPool.commonPool-worker-1] INFO  impl.RaftServerImpl (ServerState.java:close(387)) - 24476e73-5d23-4249-9898-8edc248c0287@group-A4E6D5AB18A3: closes. applyIndex: 0
2019-10-07 10:52:12,197 [24476e73-5d23-4249-9898-8edc248c0287@group-A4E6D5AB18A3-SegmentedRaftLogWorker] INFO  segmented.SegmentedRaftLogWorker (SegmentedRaftLogWorker.java:run(316)) - 24476e73-5d23-4249-9898-8edc248c0287@group-A4E6D5AB18A3-SegmentedRaftLogWorker was interrupted, exiting. There are 0 tasks remaining in the queue.
2019-10-07 10:52:12,205 [ForkJoinPool.commonPool-worker-1] INFO  segmented.SegmentedRaftLogWorker (SegmentedRaftLogWorker.java:close(224)) - 24476e73-5d23-4249-9898-8edc248c0287@group-A4E6D5AB18A3-SegmentedRaftLogWorker close()
2019-10-07 10:52:12,208 [24476e73-5d23-4249-9898-8edc248c0287@group-9C0F0BB22B1E-StateMachineUpdater] INFO  ratis.ContainerStateMachine (ContainerStateMachine.java:takeSnapshot(305)) - group-9C0F0BB22B1E: Finished taking a snapshot at:(t:2, i:1) file:/workdir/hadoop-ozone/integration-test/target/test-dir/MiniOzoneClusterImpl-2b840c3e-75e3-4038-9799-12e6f62700d9/datanode-0/data/ratis/5157b187-12d4-4fa4-aa35-9c0f0bb22b1e/sm/snapshot.2_1 time:14
2019-10-07 10:52:12,209 [24476e73-5d23-4249-9898-8edc248c0287@group-9C0F0BB22B1E-StateMachineUpdater] INFO  impl.StateMachineUpdater (StateMachineUpdater.java:takeSnapshot(269)) - 24476e73-5d23-4249-9898-8edc248c0287@group-9C0F0BB22B1E-StateMachineUpdater: Took a snapshot at index 1
2019-10-07 10:52:12,209 [24476e73-5d23-4249-9898-8edc248c0287@group-9C0F0BB22B1E-StateMachineUpdater] INFO  impl.StateMachineUpdater (StateMachineUpdater.java:lambda$new$0(84)) - 24476e73-5d23-4249-9898-8edc248c0287@group-9C0F0BB22B1E-StateMachineUpdater: snapshotIndex: updateIncreasingly -1 -> 1
2019-10-07 10:52:12,210 [24476e73-5d23-4249-9898-8edc248c0287@group-9C0F0BB22B1E-StateMachineUpdater] INFO  ratis.ContainerStateMachine (ContainerStateMachine.java:takeSnapshot(294)) - group-9C0F0BB22B1E: Taking a snapshot at:(t:2, i:1) file /workdir/hadoop-ozone/integration-test/target/test-dir/MiniOzoneClusterImpl-2b840c3e-75e3-4038-9799-12e6f62700d9/datanode-0/data/ratis/5157b187-12d4-4fa4-aa35-9c0f0bb22b1e/sm/snapshot.2_1
2019-10-07 10:52:12,222 [24476e73-5d23-4249-9898-8edc248c0287@group-9C0F0BB22B1E-StateMachineUpdater] INFO  ratis.ContainerStateMachine (ContainerStateMachine.java:takeSnapshot(305)) - group-9C0F0BB22B1E: Finished taking a snapshot at:(t:2, i:1) file:/workdir/hadoop-ozone/integration-test/target/test-dir/MiniOzoneClusterImpl-2b840c3e-75e3-4038-9799-12e6f62700d9/datanode-0/data/ratis/5157b187-12d4-4fa4-aa35-9c0f0bb22b1e/sm/snapshot.2_1 time:13
2019-10-07 10:52:12,222 [24476e73-5d23-4249-9898-8edc248c0287@group-9C0F0BB22B1E-StateMachineUpdater] INFO  impl.StateMachineUpdater (StateMachineUpdater.java:takeSnapshot(269)) - 24476e73-5d23-4249-9898-8edc248c0287@group-9C0F0BB22B1E-StateMachineUpdater: Took a snapshot at index 1
2019-10-07 10:52:12,222 [24476e73-5d23-4249-9898-8edc248c0287@group-9C0F0BB22B1E-StateMachineUpdater] INFO  impl.StateMachineUpdater (StateMachineUpdater.java:lambda$new$0(84)) - 24476e73-5d23-4249-9898-8edc248c0287@group-9C0F0BB22B1E-StateMachineUpdater: snapshotIndex: updateIncreasingly 1 -> 1
2019-10-07 10:52:12,223 [main] INFO  impl.RaftServerImpl (ServerState.java:close(387)) - 24476e73-5d23-4249-9898-8edc248c0287@group-9C0F0BB22B1E: closes. applyIndex: 2
2019-10-07 10:52:12,223 [24476e73-5d23-4249-9898-8edc248c0287@group-9C0F0BB22B1E-SegmentedRaftLogWorker] INFO  segmented.SegmentedRaftLogWorker (SegmentedRaftLogWorker.java:run(316)) - 24476e73-5d23-4249-9898-8edc248c0287@group-9C0F0BB22B1E-SegmentedRaftLogWorker was interrupted, exiting. There are 0 tasks remaining in the queue.
2019-10-07 10:52:12,227 [main] INFO  segmented.SegmentedRaftLogWorker (SegmentedRaftLogWorker.java:close(224)) - 24476e73-5d23-4249-9898-8edc248c0287@group-9C0F0BB22B1E-SegmentedRaftLogWorker close()
2019-10-07 10:52:12,232 [main] INFO  server.GrpcService (GrpcService.java:closeImpl(164)) - 24476e73-5d23-4249-9898-8edc248c0287: shutdown server with port 41742 now
2019-10-07 10:52:12,234 [grpc-default-executor-0] WARN  server.GrpcServerProtocolService (LogUtils.java:warn(134)) - 24476e73-5d23-4249-9898-8edc248c0287: installSnapshot onError, lastRequest: f0c02f1b-7192-45ee-be91-59a0f18f6150->24476e73-5d23-4249-9898-8edc248c0287#5-t2, previous=(t:2, i:2), leaderCommit=2, initializing? false, entries: <empty>: org.apache.ratis.thirdparty.io.grpc.StatusRuntimeException: CANCELLED: cancelled before receiving half close
2019-10-07 10:52:12,234 [main] INFO  server.GrpcService (GrpcService.java:closeImpl(172)) - 24476e73-5d23-4249-9898-8edc248c0287: shutdown server with port 41742 successfully
2019-10-07 10:52:12,234 [grpc-default-executor-4] WARN  server.GrpcLogAppender (LogUtils.java:warn(134)) - f0c02f1b-7192-45ee-be91-59a0f18f6150@group-9C0F0BB22B1E->24476e73-5d23-4249-9898-8edc248c0287-AppendLogResponseHandler: Failed appendEntries: org.apache.ratis.thirdparty.io.grpc.StatusRuntimeException: CANCELLED: HTTP/2 error code: CANCEL
Received Rst Stream
2019-10-07 10:52:12,235 [grpc-default-executor-4] INFO  impl.FollowerInfo (FollowerInfo.java:lambda$new$0(51)) - f0c02f1b-7192-45ee-be91-59a0f18f6150@group-9C0F0BB22B1E->24476e73-5d23-4249-9898-8edc248c0287: nextIndex: updateUnconditionally 3 -> 2
2019-10-07 10:52:12,242 [refreshUsed-/workdir/hadoop-ozone/integration-test/target/test-dir/MiniOzoneClusterImpl-2b840c3e-75e3-4038-9799-12e6f62700d9/datanode-0/data/containers] WARN  fs.CachingGetSpaceUsed (CachingGetSpaceUsed.java:run(183)) - Thread Interrupted waiting to refresh disk information: sleep interrupted
2019-10-07 10:52:12,260 [main] INFO  utils.BackgroundService (BackgroundService.java:shutdown(148)) - Shutting down service BlockDeletingService
2019-10-07 10:52:12,271 [main] INFO  statemachine.DatanodeStateMachine (DatanodeStateMachine.java:stopDaemon(395)) - Ozone container server stopped.
2019-10-07 10:52:12,273 [main] INFO  handler.ContextHandler (ContextHandler.java:doStop(910)) - Stopped o.e.j.w.WebAppContext@4a50d04a{/,null,UNAVAILABLE}{/hddsDatanode}
2019-10-07 10:52:12,276 [main] INFO  server.AbstractConnector (AbstractConnector.java:doStop(318)) - Stopped ServerConnector@5099c59b{HTTP/1.1,[http/1.1]}{0.0.0.0:0}
2019-10-07 10:52:12,276 [main] INFO  handler.ContextHandler (ContextHandler.java:doStop(910)) - Stopped o.e.j.s.ServletContextHandler@5eabff6b{/static,jar:file:/home/user/.m2/repository/org/apache/hadoop/hadoop-hdds-container-service/0.5.0-SNAPSHOT/hadoop-hdds-container-service-0.5.0-SNAPSHOT.jar!/webapps/static,UNAVAILABLE}
2019-10-07 10:52:12,277 [main] INFO  handler.ContextHandler (ContextHandler.java:doStop(910)) - Stopped o.e.j.s.ServletContextHandler@16c1519e{/logs,file:///workdir/hadoop-ozone/integration-test/target/log,UNAVAILABLE}
2019-10-07 10:52:13,205 [Datanode State Machine Thread - 0] INFO  statemachine.DatanodeStateMachine (DatanodeStateMachine.java:lambda$startDaemon$0(350)) - Ozone container server started.
2019-10-07 10:52:14,635 [grpc-default-executor-0] WARN  server.GrpcLogAppender (LogUtils.java:warn(134)) - f0c02f1b-7192-45ee-be91-59a0f18f6150@group-9C0F0BB22B1E->24476e73-5d23-4249-9898-8edc248c0287-AppendLogResponseHandler: Failed appendEntries: org.apache.ratis.thirdparty.io.grpc.StatusRuntimeException: UNAVAILABLE: io exception
2019-10-07 10:52:14,635 [grpc-default-executor-0] INFO  impl.FollowerInfo (FollowerInfo.java:lambda$new$0(51)) - f0c02f1b-7192-45ee-be91-59a0f18f6150@group-9C0F0BB22B1E->24476e73-5d23-4249-9898-8edc248c0287: nextIndex: updateUnconditionally 2 -> 1
2019-10-07 10:52:17,140 [grpc-default-executor-1] WARN  server.GrpcLogAppender (LogUtils.java:warn(134)) - f0c02f1b-7192-45ee-be91-59a0f18f6150@group-9C0F0BB22B1E->24476e73-5d23-4249-9898-8edc248c0287-AppendLogResponseHandler: Failed appendEntries: org.apache.ratis.thirdparty.io.grpc.StatusRuntimeException: UNAVAILABLE: io exception
2019-10-07 10:52:17,143 [grpc-default-executor-1] INFO  impl.FollowerInfo (FollowerInfo.java:lambda$new$0(51)) - f0c02f1b-7192-45ee-be91-59a0f18f6150@group-9C0F0BB22B1E->24476e73-5d23-4249-9898-8edc248c0287: nextIndex: updateUnconditionally 1 -> 0
2019-10-07 10:52:17,280 [main] INFO  ozoneimpl.OzoneContainer (OzoneContainer.java:stop(227)) - Attempting to stop container services.
2019-10-07 10:52:17,282 [main] INFO  impl.RaftServerProxy (RaftServerProxy.java:lambda$close$4(314)) - 9feb3379-7171-4df4-b299-4b714504f75e: close
2019-10-07 10:52:17,283 [main] INFO  impl.RaftServerImpl (RaftServerImpl.java:lambda$shutdown$3(247)) - 9feb3379-7171-4df4-b299-4b714504f75e@group-FDE088A2E2CD: shutdown
2019-10-07 10:52:17,284 [main] INFO  util.JmxRegister (JmxRegister.java:unregister(73)) - Successfully un-registered JMX Bean with object name Ratis:service=RaftServer,group=group-FDE088A2E2CD,id=9feb3379-7171-4df4-b299-4b714504f75e
2019-10-07 10:52:17,284 [main] INFO  impl.RoleInfo (RoleInfo.java:shutdownLeaderState(104)) - 9feb3379-7171-4df4-b299-4b714504f75e: shutdown LeaderState
2019-10-07 10:52:17,284 [main] INFO  impl.PendingRequests (PendingRequests.java:sendNotLeaderResponses(202)) - 9feb3379-7171-4df4-b299-4b714504f75e@group-FDE088A2E2CD-PendingRequests: sendNotLeaderResponses
2019-10-07 10:52:17,285 [main] INFO  impl.StateMachineUpdater (StateMachineUpdater.java:stopAndJoin(136)) - 9feb3379-7171-4df4-b299-4b714504f75e@group-FDE088A2E2CD-StateMachineUpdater: set stopIndex = 0
2019-10-07 10:52:17,286 [main] INFO  impl.RaftServerImpl (ServerState.java:close(387)) - 9feb3379-7171-4df4-b299-4b714504f75e@group-FDE088A2E2CD: closes. applyIndex: 0
2019-10-07 10:52:17,287 [9feb3379-7171-4df4-b299-4b714504f75e@group-FDE088A2E2CD-SegmentedRaftLogWorker] INFO  segmented.SegmentedRaftLogWorker (SegmentedRaftLogWorker.java:run(316)) - 9feb3379-7171-4df4-b299-4b714504f75e@group-FDE088A2E2CD-SegmentedRaftLogWorker was interrupted, exiting. There are 0 tasks remaining in the queue.
2019-10-07 10:52:17,293 [main] INFO  segmented.SegmentedRaftLogWorker (SegmentedRaftLogWorker.java:close(224)) - 9feb3379-7171-4df4-b299-4b714504f75e@group-FDE088A2E2CD-SegmentedRaftLogWorker close()
2019-10-07 10:52:17,297 [main] INFO  impl.RaftServerImpl (RaftServerImpl.java:lambda$shutdown$3(247)) - 9feb3379-7171-4df4-b299-4b714504f75e@group-9C0F0BB22B1E: shutdown
2019-10-07 10:52:17,297 [main] INFO  util.JmxRegister (JmxRegister.java:unregister(73)) - Successfully un-registered JMX Bean with object name Ratis:service=RaftServer,group=group-9C0F0BB22B1E,id=9feb3379-7171-4df4-b299-4b714504f75e
2019-10-07 10:52:17,297 [main] INFO  impl.RoleInfo (RoleInfo.java:shutdownFollowerState(121)) - 9feb3379-7171-4df4-b299-4b714504f75e: shutdown FollowerState
2019-10-07 10:52:17,298 [main] INFO  impl.StateMachineUpdater (StateMachineUpdater.java:stopAndJoin(136)) - 9feb3379-7171-4df4-b299-4b714504f75e@group-9C0F0BB22B1E-StateMachineUpdater: set stopIndex = 2
2019-10-07 10:52:17,298 [9feb3379-7171-4df4-b299-4b714504f75e@group-9C0F0BB22B1E-StateMachineUpdater] INFO  ratis.ContainerStateMachine (ContainerStateMachine.java:takeSnapshot(294)) - group-9C0F0BB22B1E: Taking a snapshot at:(t:2, i:1) file /workdir/hadoop-ozone/integration-test/target/test-dir/MiniOzoneClusterImpl-2b840c3e-75e3-4038-9799-12e6f62700d9/datanode-5/data/ratis/5157b187-12d4-4fa4-aa35-9c0f0bb22b1e/sm/snapshot.2_1
2019-10-07 10:52:17,298 [Thread-1611] INFO  impl.FollowerState (FollowerState.java:run(117)) - 9feb3379-7171-4df4-b299-4b714504f75e@group-9C0F0BB22B1E-FollowerState was interrupted: java.lang.InterruptedException: sleep interrupted
2019-10-07 10:52:17,307 [9feb3379-7171-4df4-b299-4b714504f75e@group-9C0F0BB22B1E-StateMachineUpdater] INFO  ratis.ContainerStateMachine (ContainerStateMachine.java:takeSnapshot(305)) - group-9C0F0BB22B1E: Finished taking a snapshot at:(t:2, i:1) file:/workdir/hadoop-ozone/integration-test/target/test-dir/MiniOzoneClusterImpl-2b840c3e-75e3-4038-9799-12e6f62700d9/datanode-5/data/ratis/5157b187-12d4-4fa4-aa35-9c0f0bb22b1e/sm/snapshot.2_1 time:9
2019-10-07 10:52:17,308 [9feb3379-7171-4df4-b299-4b714504f75e@group-9C0F0BB22B1E-StateMachineUpdater] INFO  impl.StateMachineUpdater (StateMachineUpdater.java:takeSnapshot(269)) - 9feb3379-7171-4df4-b299-4b714504f75e@group-9C0F0BB22B1E-StateMachineUpdater: Took a snapshot at index 1
2019-10-07 10:52:17,308 [9feb3379-7171-4df4-b299-4b714504f75e@group-9C0F0BB22B1E-StateMachineUpdater] INFO  impl.StateMachineUpdater (StateMachineUpdater.java:lambda$new$0(84)) - 9feb3379-7171-4df4-b299-4b714504f75e@group-9C0F0BB22B1E-StateMachineUpdater: snapshotIndex: updateIncreasingly -1 -> 1
2019-10-07 10:52:17,308 [9feb3379-7171-4df4-b299-4b714504f75e@group-9C0F0BB22B1E-StateMachineUpdater] INFO  ratis.ContainerStateMachine (ContainerStateMachine.java:takeSnapshot(294)) - group-9C0F0BB22B1E: Taking a snapshot at:(t:2, i:1) file /workdir/hadoop-ozone/integration-test/target/test-dir/MiniOzoneClusterImpl-2b840c3e-75e3-4038-9799-12e6f62700d9/datanode-5/data/ratis/5157b187-12d4-4fa4-aa35-9c0f0bb22b1e/sm/snapshot.2_1
2019-10-07 10:52:17,320 [9feb3379-7171-4df4-b299-4b714504f75e@group-9C0F0BB22B1E-StateMachineUpdater] INFO  ratis.ContainerStateMachine (ContainerStateMachine.java:takeSnapshot(305)) - group-9C0F0BB22B1E: Finished taking a snapshot at:(t:2, i:1) file:/workdir/hadoop-ozone/integration-test/target/test-dir/MiniOzoneClusterImpl-2b840c3e-75e3-4038-9799-12e6f62700d9/datanode-5/data/ratis/5157b187-12d4-4fa4-aa35-9c0f0bb22b1e/sm/snapshot.2_1 time:12
2019-10-07 10:52:17,321 [9feb3379-7171-4df4-b299-4b714504f75e@group-9C0F0BB22B1E-StateMachineUpdater] INFO  impl.StateMachineUpdater (StateMachineUpdater.java:takeSnapshot(269)) - 9feb3379-7171-4df4-b299-4b714504f75e@group-9C0F0BB22B1E-StateMachineUpdater: Took a snapshot at index 1
2019-10-07 10:52:17,321 [9feb3379-7171-4df4-b299-4b714504f75e@group-9C0F0BB22B1E-StateMachineUpdater] INFO  impl.StateMachineUpdater (StateMachineUpdater.java:lambda$new$0(84)) - 9feb3379-7171-4df4-b299-4b714504f75e@group-9C0F0BB22B1E-StateMachineUpdater: snapshotIndex: updateIncreasingly 1 -> 1
2019-10-07 10:52:17,321 [main] INFO  impl.RaftServerImpl (ServerState.java:close(387)) - 9feb3379-7171-4df4-b299-4b714504f75e@group-9C0F0BB22B1E: closes. applyIndex: 2
2019-10-07 10:52:17,322 [9feb3379-7171-4df4-b299-4b714504f75e@group-9C0F0BB22B1E-SegmentedRaftLogWorker] INFO  segmented.SegmentedRaftLogWorker (SegmentedRaftLogWorker.java:run(316)) - 9feb3379-7171-4df4-b299-4b714504f75e@group-9C0F0BB22B1E-SegmentedRaftLogWorker was interrupted, exiting. There are 0 tasks remaining in the queue.
2019-10-07 10:52:17,324 [main] INFO  segmented.SegmentedRaftLogWorker (SegmentedRaftLogWorker.java:close(224)) - 9feb3379-7171-4df4-b299-4b714504f75e@group-9C0F0BB22B1E-SegmentedRaftLogWorker close()
2019-10-07 10:52:17,328 [main] INFO  server.GrpcService (GrpcService.java:closeImpl(164)) - 9feb3379-7171-4df4-b299-4b714504f75e: shutdown server with port 36247 now
2019-10-07 10:52:17,329 [grpc-default-executor-0] WARN  server.GrpcServerProtocolService (LogUtils.java:warn(134)) - 9feb3379-7171-4df4-b299-4b714504f75e: installSnapshot onError, lastRequest: f0c02f1b-7192-45ee-be91-59a0f18f6150->9feb3379-7171-4df4-b299-4b714504f75e#7-t2, previous=(t:2, i:2), leaderCommit=2, initializing? false, entries: <empty>: org.apache.ratis.thirdparty.io.grpc.StatusRuntimeException: CANCELLED: cancelled before receiving half close
2019-10-07 10:52:17,330 [grpc-default-executor-1] WARN  server.GrpcLogAppender (LogUtils.java:warn(134)) - f0c02f1b-7192-45ee-be91-59a0f18f6150@group-9C0F0BB22B1E->9feb3379-7171-4df4-b299-4b714504f75e-AppendLogResponseHandler: Failed appendEntries: org.apache.ratis.thirdparty.io.grpc.StatusRuntimeException: CANCELLED: HTTP/2 error code: CANCEL
Received Rst Stream
2019-10-07 10:52:17,330 [main] INFO  server.GrpcService (GrpcService.java:closeImpl(172)) - 9feb3379-7171-4df4-b299-4b714504f75e: shutdown server with port 36247 successfully
2019-10-07 10:52:17,330 [grpc-default-executor-1] INFO  impl.FollowerInfo (FollowerInfo.java:lambda$new$0(51)) - f0c02f1b-7192-45ee-be91-59a0f18f6150@group-9C0F0BB22B1E->9feb3379-7171-4df4-b299-4b714504f75e: nextIndex: updateUnconditionally 3 -> 2
2019-10-07 10:52:17,333 [refreshUsed-/workdir/hadoop-ozone/integration-test/target/test-dir/MiniOzoneClusterImpl-2b840c3e-75e3-4038-9799-12e6f62700d9/datanode-5/data/containers] WARN  fs.CachingGetSpaceUsed (CachingGetSpaceUsed.java:run(183)) - Thread Interrupted waiting to refresh disk information: sleep interrupted
2019-10-07 10:52:17,355 [main] INFO  utils.BackgroundService (BackgroundService.java:shutdown(148)) - Shutting down service BlockDeletingService
2019-10-07 10:52:17,361 [main] INFO  statemachine.DatanodeStateMachine (DatanodeStateMachine.java:stopDaemon(395)) - Ozone container server stopped.
2019-10-07 10:52:17,363 [main] INFO  handler.ContextHandler (ContextHandler.java:doStop(910)) - Stopped o.e.j.w.WebAppContext@1f992a3a{/,null,UNAVAILABLE}{/hddsDatanode}
2019-10-07 10:52:17,364 [main] INFO  server.AbstractConnector (AbstractConnector.java:doStop(318)) - Stopped ServerConnector@30bf26df{HTTP/1.1,[http/1.1]}{0.0.0.0:0}
2019-10-07 10:52:17,365 [main] INFO  handler.ContextHandler (ContextHandler.java:doStop(910)) - Stopped o.e.j.s.ServletContextHandler@5d318e91{/static,jar:file:/home/user/.m2/repository/org/apache/hadoop/hadoop-hdds-container-service/0.5.0-SNAPSHOT/hadoop-hdds-container-service-0.5.0-SNAPSHOT.jar!/webapps/static,UNAVAILABLE}
2019-10-07 10:52:17,365 [main] INFO  handler.ContextHandler (ContextHandler.java:doStop(910)) - Stopped o.e.j.s.ServletContextHandler@3a8cea24{/logs,file:///workdir/hadoop-ozone/integration-test/target/log,UNAVAILABLE}
2019-10-07 10:52:19,637 [grpc-default-executor-4] WARN  server.GrpcLogAppender (LogUtils.java:warn(134)) - f0c02f1b-7192-45ee-be91-59a0f18f6150@group-9C0F0BB22B1E->24476e73-5d23-4249-9898-8edc248c0287-AppendLogResponseHandler: Failed appendEntries: org.apache.ratis.thirdparty.io.grpc.StatusRuntimeException: UNAVAILABLE: io exception
2019-10-07 10:52:19,638 [grpc-default-executor-4] INFO  impl.FollowerInfo (FollowerInfo.java:lambda$new$0(51)) - f0c02f1b-7192-45ee-be91-59a0f18f6150@group-9C0F0BB22B1E->24476e73-5d23-4249-9898-8edc248c0287: nextIndex: updateUnconditionally 0 -> 0
2019-10-07 10:52:19,644 [grpc-default-executor-1] WARN  server.GrpcLogAppender (LogUtils.java:warn(134)) - f0c02f1b-7192-45ee-be91-59a0f18f6150@group-9C0F0BB22B1E->9feb3379-7171-4df4-b299-4b714504f75e-AppendLogResponseHandler: Failed appendEntries: org.apache.ratis.thirdparty.io.grpc.StatusRuntimeException: UNAVAILABLE: io exception
2019-10-07 10:52:19,645 [grpc-default-executor-1] INFO  impl.FollowerInfo (FollowerInfo.java:lambda$new$0(51)) - f0c02f1b-7192-45ee-be91-59a0f18f6150@group-9C0F0BB22B1E->9feb3379-7171-4df4-b299-4b714504f75e: nextIndex: updateUnconditionally 2 -> 1
2019-10-07 10:52:22,138 [grpc-default-executor-0] WARN  server.GrpcLogAppender (LogUtils.java:warn(134)) - f0c02f1b-7192-45ee-be91-59a0f18f6150@group-9C0F0BB22B1E->24476e73-5d23-4249-9898-8edc248c0287-AppendLogResponseHandler: Failed appendEntries: org.apache.ratis.thirdparty.io.grpc.StatusRuntimeException: UNAVAILABLE: io exception
2019-10-07 10:52:22,139 [grpc-default-executor-0] INFO  impl.FollowerInfo (FollowerInfo.java:lambda$new$0(51)) - f0c02f1b-7192-45ee-be91-59a0f18f6150@group-9C0F0BB22B1E->24476e73-5d23-4249-9898-8edc248c0287: nextIndex: updateUnconditionally 0 -> 0
2019-10-07 10:52:22,145 [grpc-default-executor-1] WARN  server.GrpcLogAppender (LogUtils.java:warn(134)) - f0c02f1b-7192-45ee-be91-59a0f18f6150@group-9C0F0BB22B1E->9feb3379-7171-4df4-b299-4b714504f75e-AppendLogResponseHandler: Failed appendEntries: org.apache.ratis.thirdparty.io.grpc.StatusRuntimeException: UNAVAILABLE: io exception
2019-10-07 10:52:22,146 [grpc-default-executor-1] INFO  impl.FollowerInfo (FollowerInfo.java:lambda$new$0(51)) - f0c02f1b-7192-45ee-be91-59a0f18f6150@group-9C0F0BB22B1E->9feb3379-7171-4df4-b299-4b714504f75e: nextIndex: updateUnconditionally 1 -> 0
2019-10-07 10:52:24,643 [grpc-default-executor-0] WARN  server.GrpcLogAppender (LogUtils.java:warn(134)) - f0c02f1b-7192-45ee-be91-59a0f18f6150@group-9C0F0BB22B1E->24476e73-5d23-4249-9898-8edc248c0287-AppendLogResponseHandler: Failed appendEntries: org.apache.ratis.thirdparty.io.grpc.StatusRuntimeException: UNAVAILABLE: io exception
2019-10-07 10:52:24,644 [grpc-default-executor-0] INFO  impl.FollowerInfo (FollowerInfo.java:lambda$new$0(51)) - f0c02f1b-7192-45ee-be91-59a0f18f6150@group-9C0F0BB22B1E->24476e73-5d23-4249-9898-8edc248c0287: nextIndex: updateUnconditionally 0 -> 0
2019-10-07 10:52:24,645 [grpc-default-executor-4] WARN  server.GrpcLogAppender (LogUtils.java:warn(134)) - f0c02f1b-7192-45ee-be91-59a0f18f6150@group-9C0F0BB22B1E->9feb3379-7171-4df4-b299-4b714504f75e-AppendLogResponseHandler: Failed appendEntries: org.apache.ratis.thirdparty.io.grpc.StatusRuntimeException: UNAVAILABLE: io exception
2019-10-07 10:52:24,646 [grpc-default-executor-4] INFO  impl.FollowerInfo (FollowerInfo.java:lambda$new$0(51)) - f0c02f1b-7192-45ee-be91-59a0f18f6150@group-9C0F0BB22B1E->9feb3379-7171-4df4-b299-4b714504f75e: nextIndex: updateUnconditionally 0 -> 0
2019-10-07 10:52:27,144 [grpc-default-executor-0] WARN  server.GrpcLogAppender (LogUtils.java:warn(134)) - f0c02f1b-7192-45ee-be91-59a0f18f6150@group-9C0F0BB22B1E->24476e73-5d23-4249-9898-8edc248c0287-AppendLogResponseHandler: Failed appendEntries: org.apache.ratis.thirdparty.io.grpc.StatusRuntimeException: UNAVAILABLE: io exception
2019-10-07 10:52:27,147 [grpc-default-executor-0] INFO  impl.FollowerInfo (FollowerInfo.java:lambda$new$0(51)) - f0c02f1b-7192-45ee-be91-59a0f18f6150@group-9C0F0BB22B1E->24476e73-5d23-4249-9898-8edc248c0287: nextIndex: updateUnconditionally 0 -> 0
2019-10-07 10:52:27,147 [grpc-default-executor-4] WARN  server.GrpcLogAppender (LogUtils.java:warn(134)) - f0c02f1b-7192-45ee-be91-59a0f18f6150@group-9C0F0BB22B1E->9feb3379-7171-4df4-b299-4b714504f75e-AppendLogResponseHandler: Failed appendEntries: org.apache.ratis.thirdparty.io.grpc.StatusRuntimeException: UNAVAILABLE: io exception
2019-10-07 10:52:27,147 [grpc-default-executor-4] INFO  impl.FollowerInfo (FollowerInfo.java:lambda$new$0(51)) - f0c02f1b-7192-45ee-be91-59a0f18f6150@group-9C0F0BB22B1E->9feb3379-7171-4df4-b299-4b714504f75e: nextIndex: updateUnconditionally 0 -> 0
2019-10-07 10:52:27,863 [Thread-1679] INFO  client.GrpcClientProtocolService (GrpcClientProtocolService.java:lambda$processClientRequest$0(278)) - Failed RaftClientRequest:client-F15BD1286516->f0c02f1b-7192-45ee-be91-59a0f18f6150@group-9C0F0BB22B1E, cid=66, seq=0, Watch-ALL_COMMITTED(69), Message:<EMPTY>, reply=RaftClientReply:client-F15BD1286516->f0c02f1b-7192-45ee-be91-59a0f18f6150@group-9C0F0BB22B1E, cid=66, FAILED org.apache.ratis.protocol.NotReplicatedException: Request with call Id 66 and log index 69 is not yet replicated to ALL_COMMITTED, logIndex=69, commits[f0c02f1b-7192-45ee-be91-59a0f18f6150:c2, 24476e73-5d23-4249-9898-8edc248c0287:c2, 9feb3379-7171-4df4-b299-4b714504f75e:c2]
2019-10-07 10:52:29,645 [grpc-default-executor-4] WARN  server.GrpcLogAppender (LogUtils.java:warn(134)) - f0c02f1b-7192-45ee-be91-59a0f18f6150@group-9C0F0BB22B1E->24476e73-5d23-4249-9898-8edc248c0287-AppendLogResponseHandler: Failed appendEntries: org.apache.ratis.thirdparty.io.grpc.StatusRuntimeException: UNAVAILABLE: io exception
2019-10-07 10:52:29,645 [grpc-default-executor-4] INFO  impl.FollowerInfo (FollowerInfo.java:lambda$new$0(51)) - f0c02f1b-7192-45ee-be91-59a0f18f6150@group-9C0F0BB22B1E->24476e73-5d23-4249-9898-8edc248c0287: nextIndex: updateUnconditionally 0 -> 0
2019-10-07 10:52:29,647 [grpc-default-executor-1] WARN  server.GrpcLogAppender (LogUtils.java:warn(134)) - f0c02f1b-7192-45ee-be91-59a0f18f6150@group-9C0F0BB22B1E->9feb3379-7171-4df4-b299-4b714504f75e-AppendLogResponseHandler: Failed appendEntries: org.apache.ratis.thirdparty.io.grpc.StatusRuntimeException: UNAVAILABLE: io exception
2019-10-07 10:52:29,650 [grpc-default-executor-1] INFO  impl.FollowerInfo (FollowerInfo.java:lambda$new$0(51)) - f0c02f1b-7192-45ee-be91-59a0f18f6150@group-9C0F0BB22B1E->9feb3379-7171-4df4-b299-4b714504f75e: nextIndex: updateUnconditionally 0 -> 0
2019-10-07 10:52:32,148 [grpc-default-executor-4] WARN  server.GrpcLogAppender (LogUtils.java:warn(134)) - f0c02f1b-7192-45ee-be91-59a0f18f6150@group-9C0F0BB22B1E->24476e73-5d23-4249-9898-8edc248c0287-AppendLogResponseHandler: Failed appendEntries: org.apache.ratis.thirdparty.io.grpc.StatusRuntimeException: UNAVAILABLE: io exception
2019-10-07 10:52:32,148 [grpc-default-executor-3] WARN  server.GrpcLogAppender (LogUtils.java:warn(134)) - f0c02f1b-7192-45ee-be91-59a0f18f6150@group-9C0F0BB22B1E->9feb3379-7171-4df4-b299-4b714504f75e-AppendLogResponseHandler: Failed appendEntries: org.apache.ratis.thirdparty.io.grpc.StatusRuntimeException: UNAVAILABLE: io exception
2019-10-07 10:52:32,149 [grpc-default-executor-4] INFO  impl.FollowerInfo (FollowerInfo.java:lambda$new$0(51)) - f0c02f1b-7192-45ee-be91-59a0f18f6150@group-9C0F0BB22B1E->24476e73-5d23-4249-9898-8edc248c0287: nextIndex: updateUnconditionally 0 -> 0
2019-10-07 10:52:32,149 [grpc-default-executor-3] INFO  impl.FollowerInfo (FollowerInfo.java:lambda$new$0(51)) - f0c02f1b-7192-45ee-be91-59a0f18f6150@group-9C0F0BB22B1E->9feb3379-7171-4df4-b299-4b714504f75e: nextIndex: updateUnconditionally 0 -> 0
2019-10-07 10:52:34,651 [grpc-default-executor-4] WARN  server.GrpcLogAppender (LogUtils.java:warn(134)) - f0c02f1b-7192-45ee-be91-59a0f18f6150@group-9C0F0BB22B1E->24476e73-5d23-4249-9898-8edc248c0287-AppendLogResponseHandler: Failed appendEntries: org.apache.ratis.thirdparty.io.grpc.StatusRuntimeException: UNAVAILABLE: io exception
2019-10-07 10:52:34,651 [grpc-default-executor-3] WARN  server.GrpcLogAppender (LogUtils.java:warn(134)) - f0c02f1b-7192-45ee-be91-59a0f18f6150@group-9C0F0BB22B1E->9feb3379-7171-4df4-b299-4b714504f75e-AppendLogResponseHandler: Failed appendEntries: org.apache.ratis.thirdparty.io.grpc.StatusRuntimeException: UNAVAILABLE: io exception
2019-10-07 10:52:34,652 [grpc-default-executor-4] INFO  impl.FollowerInfo (FollowerInfo.java:lambda$new$0(51)) - f0c02f1b-7192-45ee-be91-59a0f18f6150@group-9C0F0BB22B1E->24476e73-5d23-4249-9898-8edc248c0287: nextIndex: updateUnconditionally 0 -> 0
2019-10-07 10:52:34,652 [grpc-default-executor-3] INFO  impl.FollowerInfo (FollowerInfo.java:lambda$new$0(51)) - f0c02f1b-7192-45ee-be91-59a0f18f6150@group-9C0F0BB22B1E->9feb3379-7171-4df4-b299-4b714504f75e: nextIndex: updateUnconditionally 0 -> 0
2019-10-07 10:52:37,153 [grpc-default-executor-3] WARN  server.GrpcLogAppender (LogUtils.java:warn(134)) - f0c02f1b-7192-45ee-be91-59a0f18f6150@group-9C0F0BB22B1E->24476e73-5d23-4249-9898-8edc248c0287-AppendLogResponseHandler: Failed appendEntries: org.apache.ratis.thirdparty.io.grpc.StatusRuntimeException: UNAVAILABLE: io exception
2019-10-07 10:52:37,153 [grpc-default-executor-6] WARN  server.GrpcLogAppender (LogUtils.java:warn(134)) - f0c02f1b-7192-45ee-be91-59a0f18f6150@group-9C0F0BB22B1E->9feb3379-7171-4df4-b299-4b714504f75e-AppendLogResponseHandler: Failed appendEntries: org.apache.ratis.thirdparty.io.grpc.StatusRuntimeException: UNAVAILABLE: io exception
2019-10-07 10:52:37,154 [grpc-default-executor-3] INFO  impl.FollowerInfo (FollowerInfo.java:lambda$new$0(51)) - f0c02f1b-7192-45ee-be91-59a0f18f6150@group-9C0F0BB22B1E->24476e73-5d23-4249-9898-8edc248c0287: nextIndex: updateUnconditionally 0 -> 0
2019-10-07 10:52:37,154 [grpc-default-executor-6] INFO  impl.FollowerInfo (FollowerInfo.java:lambda$new$0(51)) - f0c02f1b-7192-45ee-be91-59a0f18f6150@group-9C0F0BB22B1E->9feb3379-7171-4df4-b299-4b714504f75e: nextIndex: updateUnconditionally 0 -> 0
2019-10-07 10:52:37,368 [main] WARN  scm.XceiverClientRatis (XceiverClientRatis.java:watchForCommit(269)) - 3 way commit failed on pipeline Pipeline[ Id: 5157b187-12d4-4fa4-aa35-9c0f0bb22b1e, Nodes: 24476e73-5d23-4249-9898-8edc248c0287{ip: 192.168.5.148, host: pr-hdds-2238-6jxtw-691721237, networkLocation: /default-rack, certSerialId: null}9feb3379-7171-4df4-b299-4b714504f75e{ip: 192.168.5.148, host: pr-hdds-2238-6jxtw-691721237, networkLocation: /default-rack, certSerialId: null}f0c02f1b-7192-45ee-be91-59a0f18f6150{ip: 192.168.5.148, host: pr-hdds-2238-6jxtw-691721237, networkLocation: /default-rack, certSerialId: null}, Type:RATIS, Factor:THREE, State:OPEN]
java.util.concurrent.TimeoutException
	at java.util.concurrent.CompletableFuture.timedGet(CompletableFuture.java:1771)
	at java.util.concurrent.CompletableFuture.get(CompletableFuture.java:1915)
	at org.apache.hadoop.hdds.scm.XceiverClientRatis.watchForCommit(XceiverClientRatis.java:266)
	at org.apache.hadoop.ozone.client.rpc.TestWatchForCommit.testWatchForCommitForRetryfailure(TestWatchForCommit.java:345)
	at sun.reflect.NativeMethodAccessorImpl.invoke0(Native Method)
	at sun.reflect.NativeMethodAccessorImpl.invoke(NativeMethodAccessorImpl.java:62)
	at sun.reflect.DelegatingMethodAccessorImpl.invoke(DelegatingMethodAccessorImpl.java:43)
	at java.lang.reflect.Method.invoke(Method.java:498)
	at org.junit.runners.model.FrameworkMethod$1.runReflectiveCall(FrameworkMethod.java:47)
	at org.junit.internal.runners.model.ReflectiveCallable.run(ReflectiveCallable.java:12)
	at org.junit.runners.model.FrameworkMethod.invokeExplosively(FrameworkMethod.java:44)
	at org.junit.internal.runners.statements.InvokeMethod.evaluate(InvokeMethod.java:17)
	at org.junit.runners.ParentRunner.runLeaf(ParentRunner.java:271)
	at org.junit.runners.BlockJUnit4ClassRunner.runChild(BlockJUnit4ClassRunner.java:70)
	at org.junit.runners.BlockJUnit4ClassRunner.runChild(BlockJUnit4ClassRunner.java:50)
	at org.junit.runners.ParentRunner$3.run(ParentRunner.java:238)
	at org.junit.runners.ParentRunner$1.schedule(ParentRunner.java:63)
	at org.junit.runners.ParentRunner.runChildren(ParentRunner.java:236)
	at org.junit.runners.ParentRunner.access$000(ParentRunner.java:53)
	at org.junit.runners.ParentRunner$2.evaluate(ParentRunner.java:229)
	at org.junit.runners.ParentRunner.run(ParentRunner.java:309)
	at org.apache.maven.surefire.junit4.JUnit4Provider.execute(JUnit4Provider.java:365)
	at org.apache.maven.surefire.junit4.JUnit4Provider.executeWithRerun(JUnit4Provider.java:273)
	at org.apache.maven.surefire.junit4.JUnit4Provider.executeTestSet(JUnit4Provider.java:238)
	at org.apache.maven.surefire.junit4.JUnit4Provider.invoke(JUnit4Provider.java:159)
	at org.apache.maven.surefire.booter.ForkedBooter.invokeProviderInSameClassLoader(ForkedBooter.java:384)
	at org.apache.maven.surefire.booter.ForkedBooter.runSuitesInProcess(ForkedBooter.java:345)
	at org.apache.maven.surefire.booter.ForkedBooter.execute(ForkedBooter.java:126)
	at org.apache.maven.surefire.booter.ForkedBooter.main(ForkedBooter.java:418)
2019-10-07 10:52:38,857 [Thread-1693] INFO  client.GrpcClientProtocolService (GrpcClientProtocolService.java:lambda$processClientRequest$0(278)) - Failed RaftClientRequest:client-F15BD1286516->f0c02f1b-7192-45ee-be91-59a0f18f6150@group-9C0F0BB22B1E, cid=66, seq=0, Watch-ALL_COMMITTED(69), Message:<EMPTY>, reply=RaftClientReply:client-F15BD1286516->f0c02f1b-7192-45ee-be91-59a0f18f6150@group-9C0F0BB22B1E, cid=66, FAILED org.apache.ratis.protocol.NotReplicatedException: Request with call Id 66 and log index 69 is not yet replicated to ALL_COMMITTED, logIndex=69, commits[f0c02f1b-7192-45ee-be91-59a0f18f6150:c2, 24476e73-5d23-4249-9898-8edc248c0287:c2, 9feb3379-7171-4df4-b299-4b714504f75e:c2]
2019-10-07 10:52:39,657 [grpc-default-executor-1] WARN  server.GrpcLogAppender (LogUtils.java:warn(134)) - f0c02f1b-7192-45ee-be91-59a0f18f6150@group-9C0F0BB22B1E->9feb3379-7171-4df4-b299-4b714504f75e-AppendLogResponseHandler: Failed appendEntries: org.apache.ratis.thirdparty.io.grpc.StatusRuntimeException: UNAVAILABLE: io exception
2019-10-07 10:52:39,657 [grpc-default-executor-6] WARN  server.GrpcLogAppender (LogUtils.java:warn(134)) - f0c02f1b-7192-45ee-be91-59a0f18f6150@group-9C0F0BB22B1E->24476e73-5d23-4249-9898-8edc248c0287-AppendLogResponseHandler: Failed appendEntries: org.apache.ratis.thirdparty.io.grpc.StatusRuntimeException: UNAVAILABLE: io exception
2019-10-07 10:52:39,663 [grpc-default-executor-1] INFO  impl.FollowerInfo (FollowerInfo.java:lambda$new$0(51)) - f0c02f1b-7192-45ee-be91-59a0f18f6150@group-9C0F0BB22B1E->9feb3379-7171-4df4-b299-4b714504f75e: nextIndex: updateUnconditionally 0 -> 0
2019-10-07 10:52:39,664 [grpc-default-executor-6] INFO  impl.FollowerInfo (FollowerInfo.java:lambda$new$0(51)) - f0c02f1b-7192-45ee-be91-59a0f18f6150@group-9C0F0BB22B1E->24476e73-5d23-4249-9898-8edc248c0287: nextIndex: updateUnconditionally 0 -> 0
2019-10-07 10:52:42,162 [grpc-default-executor-6] WARN  server.GrpcLogAppender (LogUtils.java:warn(134)) - f0c02f1b-7192-45ee-be91-59a0f18f6150@group-9C0F0BB22B1E->9feb3379-7171-4df4-b299-4b714504f75e-AppendLogResponseHandler: Failed appendEntries: org.apache.ratis.thirdparty.io.grpc.StatusRuntimeException: UNAVAILABLE: io exception
2019-10-07 10:52:42,162 [grpc-default-executor-1] WARN  server.GrpcLogAppender (LogUtils.java:warn(134)) - f0c02f1b-7192-45ee-be91-59a0f18f6150@group-9C0F0BB22B1E->24476e73-5d23-4249-9898-8edc248c0287-AppendLogResponseHandler: Failed appendEntries: org.apache.ratis.thirdparty.io.grpc.StatusRuntimeException: UNAVAILABLE: io exception
2019-10-07 10:52:42,164 [grpc-default-executor-6] INFO  impl.FollowerInfo (FollowerInfo.java:lambda$new$0(51)) - f0c02f1b-7192-45ee-be91-59a0f18f6150@group-9C0F0BB22B1E->9feb3379-7171-4df4-b299-4b714504f75e: nextIndex: updateUnconditionally 0 -> 0
2019-10-07 10:52:42,164 [grpc-default-executor-1] INFO  impl.FollowerInfo (FollowerInfo.java:lambda$new$0(51)) - f0c02f1b-7192-45ee-be91-59a0f18f6150@group-9C0F0BB22B1E->24476e73-5d23-4249-9898-8edc248c0287: nextIndex: updateUnconditionally 0 -> 0
2019-10-07 10:52:44,666 [grpc-default-executor-6] WARN  server.GrpcLogAppender (LogUtils.java:warn(134)) - f0c02f1b-7192-45ee-be91-59a0f18f6150@group-9C0F0BB22B1E->9feb3379-7171-4df4-b299-4b714504f75e-AppendLogResponseHandler: Failed appendEntries: org.apache.ratis.thirdparty.io.grpc.StatusRuntimeException: UNAVAILABLE: io exception
2019-10-07 10:52:44,666 [grpc-default-executor-1] WARN  server.GrpcLogAppender (LogUtils.java:warn(134)) - f0c02f1b-7192-45ee-be91-59a0f18f6150@group-9C0F0BB22B1E->24476e73-5d23-4249-9898-8edc248c0287-AppendLogResponseHandler: Failed appendEntries: org.apache.ratis.thirdparty.io.grpc.StatusRuntimeException: UNAVAILABLE: io exception
2019-10-07 10:52:44,669 [grpc-default-executor-6] INFO  impl.FollowerInfo (FollowerInfo.java:lambda$new$0(51)) - f0c02f1b-7192-45ee-be91-59a0f18f6150@group-9C0F0BB22B1E->9feb3379-7171-4df4-b299-4b714504f75e: nextIndex: updateUnconditionally 0 -> 0
2019-10-07 10:52:44,669 [grpc-default-executor-1] INFO  impl.FollowerInfo (FollowerInfo.java:lambda$new$0(51)) - f0c02f1b-7192-45ee-be91-59a0f18f6150@group-9C0F0BB22B1E->24476e73-5d23-4249-9898-8edc248c0287: nextIndex: updateUnconditionally 0 -> 0
2019-10-07 10:52:47,165 [grpc-default-executor-1] WARN  server.GrpcLogAppender (LogUtils.java:warn(134)) - f0c02f1b-7192-45ee-be91-59a0f18f6150@group-9C0F0BB22B1E->9feb3379-7171-4df4-b299-4b714504f75e-AppendLogResponseHandler: Failed appendEntries: org.apache.ratis.thirdparty.io.grpc.StatusRuntimeException: UNAVAILABLE: io exception
2019-10-07 10:52:47,165 [grpc-default-executor-0] WARN  server.GrpcLogAppender (LogUtils.java:warn(134)) - f0c02f1b-7192-45ee-be91-59a0f18f6150@group-9C0F0BB22B1E->24476e73-5d23-4249-9898-8edc248c0287-AppendLogResponseHandler: Failed appendEntries: org.apache.ratis.thirdparty.io.grpc.StatusRuntimeException: UNAVAILABLE: io exception
2019-10-07 10:52:47,166 [grpc-default-executor-1] INFO  impl.FollowerInfo (FollowerInfo.java:lambda$new$0(51)) - f0c02f1b-7192-45ee-be91-59a0f18f6150@group-9C0F0BB22B1E->9feb3379-7171-4df4-b299-4b714504f75e: nextIndex: updateUnconditionally 0 -> 0
2019-10-07 10:52:47,166 [grpc-default-executor-0] INFO  impl.FollowerInfo (FollowerInfo.java:lambda$new$0(51)) - f0c02f1b-7192-45ee-be91-59a0f18f6150@group-9C0F0BB22B1E->24476e73-5d23-4249-9898-8edc248c0287: nextIndex: updateUnconditionally 0 -> 0
2019-10-07 10:52:47,858 [Thread-1708] INFO  client.GrpcClientProtocolService (GrpcClientProtocolService.java:lambda$processClientRequest$0(278)) - Failed RaftClientRequest:client-F15BD1286516->f0c02f1b-7192-45ee-be91-59a0f18f6150@group-9C0F0BB22B1E, cid=66, seq=0, Watch-ALL_COMMITTED(69), Message:<EMPTY>, reply=RaftClientReply:client-F15BD1286516->f0c02f1b-7192-45ee-be91-59a0f18f6150@group-9C0F0BB22B1E, cid=66, FAILED org.apache.ratis.protocol.NotReplicatedException: Request with call Id 66 and log index 69 is not yet replicated to ALL_COMMITTED, logIndex=69, commits[f0c02f1b-7192-45ee-be91-59a0f18f6150:c2, 24476e73-5d23-4249-9898-8edc248c0287:c2, 9feb3379-7171-4df4-b299-4b714504f75e:c2]
2019-10-07 10:52:48,860 [Thread-1709] INFO  client.GrpcClientProtocolService (GrpcClientProtocolService.java:lambda$processClientRequest$0(278)) - Failed RaftClientRequest:client-F15BD1286516->f0c02f1b-7192-45ee-be91-59a0f18f6150@group-9C0F0BB22B1E, cid=67, seq=0, Watch-MAJORITY_COMMITTED(69), Message:<EMPTY>, reply=RaftClientReply:client-F15BD1286516->f0c02f1b-7192-45ee-be91-59a0f18f6150@group-9C0F0BB22B1E, cid=67, FAILED org.apache.ratis.protocol.NotReplicatedException: Request with call Id 67 and log index 69 is not yet replicated to MAJORITY_COMMITTED, logIndex=69, commits[f0c02f1b-7192-45ee-be91-59a0f18f6150:c2, 24476e73-5d23-4249-9898-8edc248c0287:c2, 9feb3379-7171-4df4-b299-4b714504f75e:c2]
2019-10-07 10:52:49,669 [grpc-default-executor-1] WARN  server.GrpcLogAppender (LogUtils.java:warn(134)) - f0c02f1b-7192-45ee-be91-59a0f18f6150@group-9C0F0BB22B1E->9feb3379-7171-4df4-b299-4b714504f75e-AppendLogResponseHandler: Failed appendEntries: org.apache.ratis.thirdparty.io.grpc.StatusRuntimeException: UNAVAILABLE: io exception
2019-10-07 10:52:49,669 [grpc-default-executor-0] WARN  server.GrpcLogAppender (LogUtils.java:warn(134)) - f0c02f1b-7192-45ee-be91-59a0f18f6150@group-9C0F0BB22B1E->24476e73-5d23-4249-9898-8edc248c0287-AppendLogResponseHandler: Failed appendEntries: org.apache.ratis.thirdparty.io.grpc.StatusRuntimeException: UNAVAILABLE: io exception
2019-10-07 10:52:49,674 [grpc-default-executor-1] INFO  impl.FollowerInfo (FollowerInfo.java:lambda$new$0(51)) - f0c02f1b-7192-45ee-be91-59a0f18f6150@group-9C0F0BB22B1E->9feb3379-7171-4df4-b299-4b714504f75e: nextIndex: updateUnconditionally 0 -> 0
2019-10-07 10:52:49,674 [grpc-default-executor-0] INFO  impl.FollowerInfo (FollowerInfo.java:lambda$new$0(51)) - f0c02f1b-7192-45ee-be91-59a0f18f6150@group-9C0F0BB22B1E->24476e73-5d23-4249-9898-8edc248c0287: nextIndex: updateUnconditionally 0 -> 0
2019-10-07 10:52:52,169 [grpc-default-executor-4] WARN  server.GrpcLogAppender (LogUtils.java:warn(134)) - f0c02f1b-7192-45ee-be91-59a0f18f6150@group-9C0F0BB22B1E->9feb3379-7171-4df4-b299-4b714504f75e-AppendLogResponseHandler: Failed appendEntries: org.apache.ratis.thirdparty.io.grpc.StatusRuntimeException: UNAVAILABLE: io exception
2019-10-07 10:52:52,169 [grpc-default-executor-7] WARN  server.GrpcLogAppender (LogUtils.java:warn(134)) - f0c02f1b-7192-45ee-be91-59a0f18f6150@group-9C0F0BB22B1E->24476e73-5d23-4249-9898-8edc248c0287-AppendLogResponseHandler: Failed appendEntries: org.apache.ratis.thirdparty.io.grpc.StatusRuntimeException: UNAVAILABLE: io exception
2019-10-07 10:52:52,169 [grpc-default-executor-4] INFO  impl.FollowerInfo (FollowerInfo.java:lambda$new$0(51)) - f0c02f1b-7192-45ee-be91-59a0f18f6150@group-9C0F0BB22B1E->9feb3379-7171-4df4-b299-4b714504f75e: nextIndex: updateUnconditionally 0 -> 0
2019-10-07 10:52:52,170 [grpc-default-executor-7] INFO  impl.FollowerInfo (FollowerInfo.java:lambda$new$0(51)) - f0c02f1b-7192-45ee-be91-59a0f18f6150@group-9C0F0BB22B1E->24476e73-5d23-4249-9898-8edc248c0287: nextIndex: updateUnconditionally 0 -> 0
2019-10-07 10:52:54,670 [grpc-default-executor-4] WARN  server.GrpcLogAppender (LogUtils.java:warn(134)) - f0c02f1b-7192-45ee-be91-59a0f18f6150@group-9C0F0BB22B1E->9feb3379-7171-4df4-b299-4b714504f75e-AppendLogResponseHandler: Failed appendEntries: org.apache.ratis.thirdparty.io.grpc.StatusRuntimeException: UNAVAILABLE: io exception
2019-10-07 10:52:54,670 [grpc-default-executor-7] WARN  server.GrpcLogAppender (LogUtils.java:warn(134)) - f0c02f1b-7192-45ee-be91-59a0f18f6150@group-9C0F0BB22B1E->24476e73-5d23-4249-9898-8edc248c0287-AppendLogResponseHandler: Failed appendEntries: org.apache.ratis.thirdparty.io.grpc.StatusRuntimeException: UNAVAILABLE: io exception
2019-10-07 10:52:54,670 [grpc-default-executor-4] INFO  impl.FollowerInfo (FollowerInfo.java:lambda$new$0(51)) - f0c02f1b-7192-45ee-be91-59a0f18f6150@group-9C0F0BB22B1E->9feb3379-7171-4df4-b299-4b714504f75e: nextIndex: updateUnconditionally 0 -> 0
2019-10-07 10:52:54,670 [grpc-default-executor-7] INFO  impl.FollowerInfo (FollowerInfo.java:lambda$new$0(51)) - f0c02f1b-7192-45ee-be91-59a0f18f6150@group-9C0F0BB22B1E->24476e73-5d23-4249-9898-8edc248c0287: nextIndex: updateUnconditionally 0 -> 0
2019-10-07 10:52:57,171 [grpc-default-executor-7] WARN  server.GrpcLogAppender (LogUtils.java:warn(134)) - f0c02f1b-7192-45ee-be91-59a0f18f6150@group-9C0F0BB22B1E->9feb3379-7171-4df4-b299-4b714504f75e-AppendLogResponseHandler: Failed appendEntries: org.apache.ratis.thirdparty.io.grpc.StatusRuntimeException: UNAVAILABLE: io exception
2019-10-07 10:52:57,171 [grpc-default-executor-0] WARN  server.GrpcLogAppender (LogUtils.java:warn(134)) - f0c02f1b-7192-45ee-be91-59a0f18f6150@group-9C0F0BB22B1E->24476e73-5d23-4249-9898-8edc248c0287-AppendLogResponseHandler: Failed appendEntries: org.apache.ratis.thirdparty.io.grpc.StatusRuntimeException: UNAVAILABLE: io exception
2019-10-07 10:52:57,172 [grpc-default-executor-7] INFO  impl.FollowerInfo (FollowerInfo.java:lambda$new$0(51)) - f0c02f1b-7192-45ee-be91-59a0f18f6150@group-9C0F0BB22B1E->9feb3379-7171-4df4-b299-4b714504f75e: nextIndex: updateUnconditionally 0 -> 0
2019-10-07 10:52:57,172 [grpc-default-executor-0] INFO  impl.FollowerInfo (FollowerInfo.java:lambda$new$0(51)) - f0c02f1b-7192-45ee-be91-59a0f18f6150@group-9C0F0BB22B1E->24476e73-5d23-4249-9898-8edc248c0287: nextIndex: updateUnconditionally 0 -> 0
]]></system-out>
    <system-err><![CDATA[Oct 07, 2019 10:52:12 AM org.apache.ratis.thirdparty.io.grpc.internal.SerializingExecutor run
SEVERE: Exception while executing runnable org.apache.ratis.thirdparty.io.grpc.internal.ServerImpl$JumpToApplicationThreadServerStreamListener$1Closed@429c7d9f
org.apache.ratis.thirdparty.io.grpc.StatusRuntimeException: CANCELLED: call already cancelled
	at org.apache.ratis.thirdparty.io.grpc.Status.asRuntimeException(Status.java:517)
	at org.apache.ratis.thirdparty.io.grpc.stub.ServerCalls$ServerCallStreamObserverImpl.onCompleted(ServerCalls.java:356)
	at org.apache.ratis.grpc.server.GrpcServerProtocolService$ServerRequestStreamObserver.onError(GrpcServerProtocolService.java:121)
	at org.apache.ratis.thirdparty.io.grpc.stub.ServerCalls$StreamingServerCallHandler$StreamingServerCallListener.onCancel(ServerCalls.java:269)
	at org.apache.ratis.thirdparty.io.grpc.internal.ServerCallImpl$ServerStreamListenerImpl.closed(ServerCallImpl.java:293)
	at org.apache.ratis.thirdparty.io.grpc.internal.ServerImpl$JumpToApplicationThreadServerStreamListener$1Closed.runInContext(ServerImpl.java:741)
	at org.apache.ratis.thirdparty.io.grpc.internal.ContextRunnable.run(ContextRunnable.java:37)
	at org.apache.ratis.thirdparty.io.grpc.internal.SerializingExecutor.run(SerializingExecutor.java:123)
	at java.util.concurrent.ThreadPoolExecutor.runWorker(ThreadPoolExecutor.java:1149)
	at java.util.concurrent.ThreadPoolExecutor$Worker.run(ThreadPoolExecutor.java:624)
	at java.lang.Thread.run(Thread.java:748)

Oct 07, 2019 10:52:17 AM org.apache.ratis.thirdparty.io.grpc.internal.SerializingExecutor run
SEVERE: Exception while executing runnable org.apache.ratis.thirdparty.io.grpc.internal.ServerImpl$JumpToApplicationThreadServerStreamListener$1Closed@6e4ab502
org.apache.ratis.thirdparty.io.grpc.StatusRuntimeException: CANCELLED: call already cancelled
	at org.apache.ratis.thirdparty.io.grpc.Status.asRuntimeException(Status.java:517)
	at org.apache.ratis.thirdparty.io.grpc.stub.ServerCalls$ServerCallStreamObserverImpl.onCompleted(ServerCalls.java:356)
	at org.apache.ratis.grpc.server.GrpcServerProtocolService$ServerRequestStreamObserver.onError(GrpcServerProtocolService.java:121)
	at org.apache.ratis.thirdparty.io.grpc.stub.ServerCalls$StreamingServerCallHandler$StreamingServerCallListener.onCancel(ServerCalls.java:269)
	at org.apache.ratis.thirdparty.io.grpc.internal.ServerCallImpl$ServerStreamListenerImpl.closed(ServerCallImpl.java:293)
	at org.apache.ratis.thirdparty.io.grpc.internal.ServerImpl$JumpToApplicationThreadServerStreamListener$1Closed.runInContext(ServerImpl.java:741)
	at org.apache.ratis.thirdparty.io.grpc.internal.ContextRunnable.run(ContextRunnable.java:37)
	at org.apache.ratis.thirdparty.io.grpc.internal.SerializingExecutor.run(SerializingExecutor.java:123)
	at java.util.concurrent.ThreadPoolExecutor.runWorker(ThreadPoolExecutor.java:1149)
	at java.util.concurrent.ThreadPoolExecutor$Worker.run(ThreadPoolExecutor.java:624)
	at java.lang.Thread.run(Thread.java:748)

]]></system-err>
  </testcase>
  <testcase name="testWatchForCommitForGroupMismatchException" classname="org.apache.hadoop.ozone.client.rpc.TestWatchForCommit" time="42.914"/>
  <testcase name="test2WayCommitForTimeoutException" classname="org.apache.hadoop.ozone.client.rpc.TestWatchForCommit" time="23.388">
    <error type="java.util.concurrent.TimeoutException">java.util.concurrent.TimeoutException
	at java.util.concurrent.CompletableFuture.timedGet(CompletableFuture.java:1771)
	at java.util.concurrent.CompletableFuture.get(CompletableFuture.java:1915)
	at org.apache.hadoop.hdds.scm.XceiverClientRatis.watchForCommit(XceiverClientRatis.java:275)
	at org.apache.hadoop.ozone.client.rpc.TestWatchForCommit.test2WayCommitForTimeoutException(TestWatchForCommit.java:391)
	at sun.reflect.NativeMethodAccessorImpl.invoke0(Native Method)
	at sun.reflect.NativeMethodAccessorImpl.invoke(NativeMethodAccessorImpl.java:62)
	at sun.reflect.DelegatingMethodAccessorImpl.invoke(DelegatingMethodAccessorImpl.java:43)
	at java.lang.reflect.Method.invoke(Method.java:498)
	at org.junit.runners.model.FrameworkMethod$1.runReflectiveCall(FrameworkMethod.java:47)
	at org.junit.internal.runners.model.ReflectiveCallable.run(ReflectiveCallable.java:12)
	at org.junit.runners.model.FrameworkMethod.invokeExplosively(FrameworkMethod.java:44)
	at org.junit.internal.runners.statements.InvokeMethod.evaluate(InvokeMethod.java:17)
	at org.junit.runners.ParentRunner.runLeaf(ParentRunner.java:271)
	at org.junit.runners.BlockJUnit4ClassRunner.runChild(BlockJUnit4ClassRunner.java:70)
	at org.junit.runners.BlockJUnit4ClassRunner.runChild(BlockJUnit4ClassRunner.java:50)
	at org.junit.runners.ParentRunner$3.run(ParentRunner.java:238)
	at org.junit.runners.ParentRunner$1.schedule(ParentRunner.java:63)
	at org.junit.runners.ParentRunner.runChildren(ParentRunner.java:236)
	at org.junit.runners.ParentRunner.access$000(ParentRunner.java:53)
	at org.junit.runners.ParentRunner$2.evaluate(ParentRunner.java:229)
	at org.junit.runners.ParentRunner.run(ParentRunner.java:309)
	at org.apache.maven.surefire.junit4.JUnit4Provider.execute(JUnit4Provider.java:365)
	at org.apache.maven.surefire.junit4.JUnit4Provider.executeWithRerun(JUnit4Provider.java:273)
	at org.apache.maven.surefire.junit4.JUnit4Provider.executeTestSet(JUnit4Provider.java:238)
	at org.apache.maven.surefire.junit4.JUnit4Provider.invoke(JUnit4Provider.java:159)
	at org.apache.maven.surefire.booter.ForkedBooter.invokeProviderInSameClassLoader(ForkedBooter.java:384)
	at org.apache.maven.surefire.booter.ForkedBooter.runSuitesInProcess(ForkedBooter.java:345)
	at org.apache.maven.surefire.booter.ForkedBooter.execute(ForkedBooter.java:126)
	at org.apache.maven.surefire.booter.ForkedBooter.main(ForkedBooter.java:418)
</error>
    <system-out><![CDATA[2019-10-07 10:53:40,317 [main] WARN  server.ServerUtils (ServerUtils.java:getScmDbDir(145)) - ozone.scm.db.dirs is not configured. We recommend adding this setting. Falling back to ozone.metadata.dirs instead.
2019-10-07 10:53:40,333 [main] WARN  server.ServerUtils (ServerUtils.java:getScmDbDir(145)) - ozone.scm.db.dirs is not configured. We recommend adding this setting. Falling back to ozone.metadata.dirs instead.
2019-10-07 10:53:40,333 [main] WARN  server.ServerUtils (ServerUtils.java:getScmDbDir(145)) - ozone.scm.db.dirs is not configured. We recommend adding this setting. Falling back to ozone.metadata.dirs instead.
2019-10-07 10:53:40,334 [main] INFO  db.DBStoreBuilder (DBStoreBuilder.java:addTable(117)) - using custom profile for table: deletedBlocks
2019-10-07 10:53:40,334 [main] INFO  db.DBStoreBuilder (DBStoreBuilder.java:processTables(168)) - Using default column profile:DBProfile.DISK for Table:deletedBlocks
2019-10-07 10:53:40,334 [main] INFO  db.DBStoreBuilder (DBStoreBuilder.java:addTable(117)) - using custom profile for table: validCerts
2019-10-07 10:53:40,334 [main] INFO  db.DBStoreBuilder (DBStoreBuilder.java:processTables(168)) - Using default column profile:DBProfile.DISK for Table:validCerts
2019-10-07 10:53:40,335 [main] INFO  db.DBStoreBuilder (DBStoreBuilder.java:addTable(117)) - using custom profile for table: revokedCerts
2019-10-07 10:53:40,335 [main] INFO  db.DBStoreBuilder (DBStoreBuilder.java:processTables(168)) - Using default column profile:DBProfile.DISK for Table:revokedCerts
2019-10-07 10:53:40,335 [main] INFO  db.DBStoreBuilder (DBStoreBuilder.java:addTable(117)) - using custom profile for table: default
2019-10-07 10:53:40,335 [main] INFO  db.DBStoreBuilder (DBStoreBuilder.java:processTables(174)) - Using default column profile:DBProfile.DISK for Table:default
2019-10-07 10:53:40,336 [main] INFO  db.DBStoreBuilder (DBStoreBuilder.java:getDbProfile(205)) - Using default options. DBProfile.DISK
2019-10-07 10:53:40,480 [main] INFO  net.NodeSchemaLoader (NodeSchemaLoader.java:loadSchemaFromFile(125)) - Loading file from sun.misc.CompoundEnumeration@3b435211
2019-10-07 10:53:40,480 [main] INFO  net.NodeSchemaLoader (NodeSchemaLoader.java:loadSchema(171)) - Loading network topology layer schema file
2019-10-07 10:53:40,484 [main] WARN  server.ServerUtils (ServerUtils.java:sanitizeUserArgs(70)) - ozone.scm.stale.node.interval value = 300000 is larger than max = 100000 based on the key value of ozone.scm.heartbeat.thread.interval, reset to the max value 100000.
2019-10-07 10:53:40,484 [main] WARN  server.ServerUtils (ServerUtils.java:sanitizeUserArgs(70)) - ozone.scm.stale.node.interval value = 300000 is larger than max = 100000 based on the key value of ozone.scm.heartbeat.thread.interval, reset to the max value 100000.
2019-10-07 10:53:40,484 [main] INFO  node.SCMNodeManager (SCMNodeManager.java:<init>(116)) - Entering startup safe mode.
2019-10-07 10:53:40,485 [main] INFO  algorithms.ContainerPlacementPolicyFactory (ContainerPlacementPolicyFactory.java:getPolicy(57)) - Create container placement policy of type org.apache.hadoop.hdds.scm.container.placement.algorithms.SCMContainerPlacementRandom
2019-10-07 10:53:40,485 [main] WARN  server.ServerUtils (ServerUtils.java:getScmDbDir(145)) - ozone.scm.db.dirs is not configured. We recommend adding this setting. Falling back to ozone.metadata.dirs instead.
2019-10-07 10:53:40,512 [main] INFO  pipeline.SCMPipelineManager (SCMPipelineManager.java:initializePipelineState(132)) - No pipeline exists in current db
2019-10-07 10:53:40,512 [main] WARN  server.ServerUtils (ServerUtils.java:getScmDbDir(145)) - ozone.scm.db.dirs is not configured. We recommend adding this setting. Falling back to ozone.metadata.dirs instead.
2019-10-07 10:53:40,547 [main] WARN  events.EventQueue (EventQueue.java:fireEvent(183)) - No event handler registered for event TypedEvent{payloadType=SafeModeStatus, name='SafeModeStatus'}
2019-10-07 10:53:40,548 [main] INFO  ipc.CallQueueManager (CallQueueManager.java:<init>(84)) - Using callQueue: class java.util.concurrent.LinkedBlockingQueue, queueCapacity: 2000, scheduler: class org.apache.hadoop.ipc.DefaultRpcScheduler, ipcBackoff: false.
2019-10-07 10:53:40,549 [Socket Reader #1 for port 33700] INFO  ipc.Server (Server.java:run(1074)) - Starting Socket Reader #1 for port 33700
2019-10-07 10:53:40,553 [main] INFO  ipc.CallQueueManager (CallQueueManager.java:<init>(84)) - Using callQueue: class java.util.concurrent.LinkedBlockingQueue, queueCapacity: 2000, scheduler: class org.apache.hadoop.ipc.DefaultRpcScheduler, ipcBackoff: false.
2019-10-07 10:53:40,554 [Socket Reader #1 for port 35570] INFO  ipc.Server (Server.java:run(1074)) - Starting Socket Reader #1 for port 35570
2019-10-07 10:53:40,557 [main] INFO  ipc.CallQueueManager (CallQueueManager.java:<init>(84)) - Using callQueue: class java.util.concurrent.LinkedBlockingQueue, queueCapacity: 2000, scheduler: class org.apache.hadoop.ipc.DefaultRpcScheduler, ipcBackoff: false.
2019-10-07 10:53:40,558 [Socket Reader #1 for port 33893] INFO  ipc.Server (Server.java:run(1074)) - Starting Socket Reader #1 for port 33893
2019-10-07 10:53:40,563 [main] INFO  hdfs.DFSUtil (DFSUtil.java:httpServerTemplateForNNAndJN(1641)) - Starting Web-server for scm at: http://0.0.0.0:0
2019-10-07 10:53:40,564 [main] INFO  server.AuthenticationFilter (AuthenticationFilter.java:constructSecretProvider(240)) - Unable to initialize FileSignerSecretProvider, falling back to use random secrets.
2019-10-07 10:53:40,565 [main] WARN  http.HttpRequestLog (HttpRequestLog.java:getRequestLog(97)) - Jetty request log can only be enabled using Log4j
2019-10-07 10:53:40,567 [main] INFO  http.HttpServer2 (HttpServer2.java:addGlobalFilter(975)) - Added global filter 'safety' (class=org.apache.hadoop.http.HttpServer2$QuotingInputFilter)
2019-10-07 10:53:40,567 [main] INFO  http.HttpServer2 (HttpServer2.java:addFilter(948)) - Added filter static_user_filter (class=org.apache.hadoop.http.lib.StaticUserWebFilter$StaticUserFilter) to context scm
2019-10-07 10:53:40,567 [main] INFO  http.HttpServer2 (HttpServer2.java:addFilter(958)) - Added filter static_user_filter (class=org.apache.hadoop.http.lib.StaticUserWebFilter$StaticUserFilter) to context logs
2019-10-07 10:53:40,567 [main] INFO  http.HttpServer2 (HttpServer2.java:addFilter(958)) - Added filter static_user_filter (class=org.apache.hadoop.http.lib.StaticUserWebFilter$StaticUserFilter) to context static
2019-10-07 10:53:40,569 [main] INFO  server.StorageContainerManager (StorageContainerManager.java:start(770)) - StorageContainerLocationProtocol RPC server is listening at /0.0.0.0:33893
2019-10-07 10:53:40,571 [main] WARN  impl.MetricsConfig (MetricsConfig.java:loadFirst(134)) - Cannot locate configuration: tried hadoop-metrics2-storagecontainermanager.properties,hadoop-metrics2.properties
2019-10-07 10:53:40,572 [main] INFO  impl.MetricsSystemImpl (MetricsSystemImpl.java:startTimer(374)) - Scheduled Metric snapshot period at 10 second(s).
2019-10-07 10:53:40,572 [main] INFO  impl.MetricsSystemImpl (MetricsSystemImpl.java:start(191)) - StorageContainerManager metrics system started
2019-10-07 10:53:40,937 [main] WARN  impl.MetricsSystemImpl (MetricsSystemImpl.java:register(276)) - Sink prometheus already exists!
2019-10-07 10:53:41,210 [main] INFO  server.SCMClientProtocolServer (SCMClientProtocolServer.java:start(159)) - RPC server for Client  is listening at /0.0.0.0:33893
2019-10-07 10:53:41,210 [IPC Server Responder] INFO  ipc.Server (Server.java:run(1314)) - IPC Server Responder: starting
2019-10-07 10:53:41,210 [IPC Server listener on 33893] INFO  ipc.Server (Server.java:run(1153)) - IPC Server listener on 33893: starting
2019-10-07 10:53:41,220 [main] INFO  server.StorageContainerManager (StorageContainerManager.java:start(780)) - ScmBlockLocationProtocol RPC server is listening at /0.0.0.0:35570
2019-10-07 10:53:41,220 [main] INFO  server.SCMBlockProtocolServer (SCMBlockProtocolServer.java:start(146)) - RPC server for Block Protocol is listening at /0.0.0.0:35570
2019-10-07 10:53:41,220 [IPC Server Responder] INFO  ipc.Server (Server.java:run(1314)) - IPC Server Responder: starting
2019-10-07 10:53:41,221 [IPC Server listener on 35570] INFO  ipc.Server (Server.java:run(1153)) - IPC Server listener on 35570: starting
2019-10-07 10:53:41,236 [main] INFO  server.StorageContainerManager (StorageContainerManager.java:start(784)) - ScmDatanodeProtocl RPC server is listening at /0.0.0.0:33700
2019-10-07 10:53:41,236 [main] INFO  server.SCMDatanodeProtocolServer (SCMDatanodeProtocolServer.java:start(169)) - RPC server for DataNodes is listening at /0.0.0.0:33700
2019-10-07 10:53:41,236 [IPC Server Responder] INFO  ipc.Server (Server.java:run(1314)) - IPC Server Responder: starting
2019-10-07 10:53:41,236 [IPC Server listener on 33700] INFO  ipc.Server (Server.java:run(1153)) - IPC Server listener on 33700: starting
2019-10-07 10:53:41,243 [main] INFO  http.HttpServer2 (HttpServer2.java:bindListener(1191)) - Jetty bound to port 41528
2019-10-07 10:53:41,243 [main] INFO  server.Server (Server.java:doStart(351)) - jetty-9.3.25.v20180904, build timestamp: 2018-09-04T21:11:46Z, git hash: 3ce520221d0240229c862b122d2b06c12a625732
2019-10-07 10:53:41,244 [main] INFO  handler.ContextHandler (ContextHandler.java:doStart(781)) - Started o.e.j.s.ServletContextHandler@3c28e5b6{/logs,file:///workdir/hadoop-ozone/integration-test/target/log,AVAILABLE}
2019-10-07 10:53:41,245 [main] INFO  handler.ContextHandler (ContextHandler.java:doStart(781)) - Started o.e.j.s.ServletContextHandler@3a296107{/static,file:///workdir/hadoop-ozone/integration-test/target/test-classes/webapps/static,AVAILABLE}
2019-10-07 10:53:41,248 [main] INFO  handler.ContextHandler (ContextHandler.java:doStart(781)) - Started o.e.j.w.WebAppContext@240f350a{/,file:///workdir/hadoop-ozone/integration-test/target/test-classes/webapps/scm/,AVAILABLE}{/scm}
2019-10-07 10:53:41,249 [main] INFO  server.AbstractConnector (AbstractConnector.java:doStart(278)) - Started ServerConnector@706f6d26{HTTP/1.1,[http/1.1]}{0.0.0.0:41528}
2019-10-07 10:53:41,251 [main] INFO  server.Server (Server.java:doStart(419)) - Started @246214ms
2019-10-07 10:53:41,251 [main] WARN  impl.MetricsSystemImpl (MetricsSystemImpl.java:register(276)) - Sink prometheus already exists!
2019-10-07 10:53:41,252 [main] INFO  server.BaseHttpServer (BaseHttpServer.java:updateConnectorAddress(215)) - HTTP server of SCM is listening at http://0.0.0.0:41528
2019-10-07 10:53:41,253 [main] WARN  server.ServerUtils (ServerUtils.java:getDBPath(222)) - ozone.om.db.dirs is not configured. We recommend adding this setting. Falling back to ozone.metadata.dirs instead.
2019-10-07 10:53:41,253 [org.apache.hadoop.util.JvmPauseMonitor$Monitor@6af65f29] INFO  util.JvmPauseMonitor (JvmPauseMonitor.java:run(188)) - Starting JVM pause monitor
2019-10-07 10:53:41,269 [main] INFO  ha.OMHANodeDetails (OMHANodeDetails.java:loadOMHAConfig(190)) - Configuration either no ozone.om.address set. Falling back to the default OM address /127.0.0.1:0
2019-10-07 10:53:41,269 [main] INFO  ha.OMHANodeDetails (OMHANodeDetails.java:getOMNodeDetails(220)) - OM Service ID is not set. Setting it to the default ID: omServiceIdDefault
2019-10-07 10:53:41,269 [main] WARN  server.ServerUtils (ServerUtils.java:getDBPath(222)) - ozone.om.db.dirs is not configured. We recommend adding this setting. Falling back to ozone.metadata.dirs instead.
2019-10-07 10:53:41,269 [main] WARN  server.ServerUtils (ServerUtils.java:getDBPath(222)) - ozone.om.db.dirs is not configured. We recommend adding this setting. Falling back to ozone.metadata.dirs instead.
2019-10-07 10:53:41,278 [main] WARN  server.ServerUtils (ServerUtils.java:getDBPath(222)) - ozone.om.db.dirs is not configured. We recommend adding this setting. Falling back to ozone.metadata.dirs instead.
2019-10-07 10:53:41,279 [main] INFO  db.DBStoreBuilder (DBStoreBuilder.java:addTable(117)) - using custom profile for table: userTable
2019-10-07 10:53:41,279 [main] INFO  db.DBStoreBuilder (DBStoreBuilder.java:processTables(168)) - Using default column profile:DBProfile.DISK for Table:userTable
2019-10-07 10:53:41,279 [main] INFO  db.DBStoreBuilder (DBStoreBuilder.java:addTable(117)) - using custom profile for table: volumeTable
2019-10-07 10:53:41,279 [main] INFO  db.DBStoreBuilder (DBStoreBuilder.java:processTables(168)) - Using default column profile:DBProfile.DISK for Table:volumeTable
2019-10-07 10:53:41,280 [main] INFO  db.DBStoreBuilder (DBStoreBuilder.java:addTable(117)) - using custom profile for table: bucketTable
2019-10-07 10:53:41,280 [main] INFO  db.DBStoreBuilder (DBStoreBuilder.java:processTables(168)) - Using default column profile:DBProfile.DISK for Table:bucketTable
2019-10-07 10:53:41,280 [main] INFO  db.DBStoreBuilder (DBStoreBuilder.java:addTable(117)) - using custom profile for table: keyTable
2019-10-07 10:53:41,280 [main] INFO  db.DBStoreBuilder (DBStoreBuilder.java:processTables(168)) - Using default column profile:DBProfile.DISK for Table:keyTable
2019-10-07 10:53:41,280 [main] INFO  db.DBStoreBuilder (DBStoreBuilder.java:addTable(117)) - using custom profile for table: deletedTable
2019-10-07 10:53:41,281 [main] INFO  db.DBStoreBuilder (DBStoreBuilder.java:processTables(168)) - Using default column profile:DBProfile.DISK for Table:deletedTable
2019-10-07 10:53:41,281 [main] INFO  db.DBStoreBuilder (DBStoreBuilder.java:addTable(117)) - using custom profile for table: openKeyTable
2019-10-07 10:53:41,281 [main] INFO  db.DBStoreBuilder (DBStoreBuilder.java:processTables(168)) - Using default column profile:DBProfile.DISK for Table:openKeyTable
2019-10-07 10:53:41,281 [main] INFO  db.DBStoreBuilder (DBStoreBuilder.java:addTable(117)) - using custom profile for table: s3Table
2019-10-07 10:53:41,281 [main] INFO  db.DBStoreBuilder (DBStoreBuilder.java:processTables(168)) - Using default column profile:DBProfile.DISK for Table:s3Table
2019-10-07 10:53:41,281 [main] INFO  db.DBStoreBuilder (DBStoreBuilder.java:addTable(117)) - using custom profile for table: multipartInfoTable
2019-10-07 10:53:41,282 [main] INFO  db.DBStoreBuilder (DBStoreBuilder.java:processTables(168)) - Using default column profile:DBProfile.DISK for Table:multipartInfoTable
2019-10-07 10:53:41,282 [main] INFO  db.DBStoreBuilder (DBStoreBuilder.java:addTable(117)) - using custom profile for table: dTokenTable
2019-10-07 10:53:41,282 [main] INFO  db.DBStoreBuilder (DBStoreBuilder.java:processTables(168)) - Using default column profile:DBProfile.DISK for Table:dTokenTable
2019-10-07 10:53:41,282 [main] INFO  db.DBStoreBuilder (DBStoreBuilder.java:addTable(117)) - using custom profile for table: s3SecretTable
2019-10-07 10:53:41,282 [main] INFO  db.DBStoreBuilder (DBStoreBuilder.java:processTables(168)) - Using default column profile:DBProfile.DISK for Table:s3SecretTable
2019-10-07 10:53:41,282 [main] INFO  db.DBStoreBuilder (DBStoreBuilder.java:addTable(117)) - using custom profile for table: prefixTable
2019-10-07 10:53:41,282 [main] INFO  db.DBStoreBuilder (DBStoreBuilder.java:processTables(168)) - Using default column profile:DBProfile.DISK for Table:prefixTable
2019-10-07 10:53:41,283 [main] INFO  db.DBStoreBuilder (DBStoreBuilder.java:addTable(117)) - using custom profile for table: default
2019-10-07 10:53:41,283 [main] INFO  db.DBStoreBuilder (DBStoreBuilder.java:processTables(174)) - Using default column profile:DBProfile.DISK for Table:default
2019-10-07 10:53:41,283 [main] INFO  db.DBStoreBuilder (DBStoreBuilder.java:getDbProfile(205)) - Using default options. DBProfile.DISK
2019-10-07 10:53:41,771 [main] INFO  ipc.CallQueueManager (CallQueueManager.java:<init>(84)) - Using callQueue: class java.util.concurrent.LinkedBlockingQueue, queueCapacity: 2000, scheduler: class org.apache.hadoop.ipc.DefaultRpcScheduler, ipcBackoff: false.
2019-10-07 10:53:41,771 [Socket Reader #1 for port 33204] INFO  ipc.Server (Server.java:run(1074)) - Starting Socket Reader #1 for port 33204
2019-10-07 10:53:41,786 [main] INFO  om.OzoneManager (OzoneManager.java:start(1069)) - OzoneManager RPC server is listening at localhost/127.0.0.1:33204
2019-10-07 10:53:41,786 [main] INFO  impl.MetricsSystemImpl (MetricsSystemImpl.java:init(158)) - OzoneManager metrics system started (again)
2019-10-07 10:53:41,787 [IPC Server listener on 33204] INFO  ipc.Server (Server.java:run(1153)) - IPC Server listener on 33204: starting
2019-10-07 10:53:41,787 [IPC Server Responder] INFO  ipc.Server (Server.java:run(1314)) - IPC Server Responder: starting
2019-10-07 10:53:41,801 [main] INFO  hdfs.DFSUtil (DFSUtil.java:httpServerTemplateForNNAndJN(1641)) - Starting Web-server for ozoneManager at: http://0.0.0.0:0
2019-10-07 10:53:41,803 [main] INFO  server.AuthenticationFilter (AuthenticationFilter.java:constructSecretProvider(240)) - Unable to initialize FileSignerSecretProvider, falling back to use random secrets.
2019-10-07 10:53:41,803 [main] WARN  http.HttpRequestLog (HttpRequestLog.java:getRequestLog(97)) - Jetty request log can only be enabled using Log4j
2019-10-07 10:53:41,804 [main] INFO  http.HttpServer2 (HttpServer2.java:addGlobalFilter(975)) - Added global filter 'safety' (class=org.apache.hadoop.http.HttpServer2$QuotingInputFilter)
2019-10-07 10:53:41,805 [main] INFO  http.HttpServer2 (HttpServer2.java:addFilter(948)) - Added filter static_user_filter (class=org.apache.hadoop.http.lib.StaticUserWebFilter$StaticUserFilter) to context ozoneManager
2019-10-07 10:53:41,805 [main] INFO  http.HttpServer2 (HttpServer2.java:addFilter(958)) - Added filter static_user_filter (class=org.apache.hadoop.http.lib.StaticUserWebFilter$StaticUserFilter) to context logs
2019-10-07 10:53:41,805 [main] INFO  http.HttpServer2 (HttpServer2.java:addFilter(958)) - Added filter static_user_filter (class=org.apache.hadoop.http.lib.StaticUserWebFilter$StaticUserFilter) to context static
2019-10-07 10:53:41,806 [main] INFO  http.HttpServer2 (HttpServer2.java:bindListener(1191)) - Jetty bound to port 39977
2019-10-07 10:53:41,806 [main] INFO  server.Server (Server.java:doStart(351)) - jetty-9.3.25.v20180904, build timestamp: 2018-09-04T21:11:46Z, git hash: 3ce520221d0240229c862b122d2b06c12a625732
2019-10-07 10:53:41,808 [main] INFO  handler.ContextHandler (ContextHandler.java:doStart(781)) - Started o.e.j.s.ServletContextHandler@153d6d74{/logs,file:///workdir/hadoop-ozone/integration-test/target/log,AVAILABLE}
2019-10-07 10:53:41,808 [main] INFO  handler.ContextHandler (ContextHandler.java:doStart(781)) - Started o.e.j.s.ServletContextHandler@299b9851{/static,file:///workdir/hadoop-ozone/integration-test/target/test-classes/webapps/static,AVAILABLE}
2019-10-07 10:53:41,811 [main] INFO  handler.ContextHandler (ContextHandler.java:doStart(781)) - Started o.e.j.w.WebAppContext@281b2dfd{/,file:///workdir/hadoop-ozone/integration-test/target/test-classes/webapps/ozoneManager/,AVAILABLE}{/ozoneManager}
2019-10-07 10:53:41,811 [main] INFO  server.AbstractConnector (AbstractConnector.java:doStart(278)) - Started ServerConnector@492be039{HTTP/1.1,[http/1.1]}{0.0.0.0:39977}
2019-10-07 10:53:41,814 [main] INFO  server.Server (Server.java:doStart(419)) - Started @246776ms
2019-10-07 10:53:41,814 [main] WARN  impl.MetricsSystemImpl (MetricsSystemImpl.java:register(276)) - Sink prometheus already exists!
2019-10-07 10:53:41,815 [main] INFO  server.BaseHttpServer (BaseHttpServer.java:updateConnectorAddress(215)) - HTTP server of OZONEMANAGER is listening at http://0.0.0.0:39977
2019-10-07 10:53:41,826 [main] INFO  impl.MetricsSystemImpl (MetricsSystemImpl.java:init(158)) - HddsDatanode metrics system started (again)
2019-10-07 10:53:41,841 [main] INFO  ozone.HddsDatanodeService (HddsDatanodeService.java:start(184)) - HddsDatanodeService host:pr-hdds-2238-6jxtw-691721237 ip:192.168.5.148
2019-10-07 10:53:41,851 [main] INFO  volume.HddsVolume (HddsVolume.java:<init>(176)) - Creating Volume: /workdir/hadoop-ozone/integration-test/target/test-dir/MiniOzoneClusterImpl-ffc42c2b-17b1-476b-b296-1f3a80d212c9/datanode-0/data/containers/hdds of  storage type : DISK and capacity : 1482555576320
2019-10-07 10:53:41,851 [main] INFO  volume.VolumeSet (VolumeSet.java:initializeVolumeSet(170)) - Added Volume : /workdir/hadoop-ozone/integration-test/target/test-dir/MiniOzoneClusterImpl-ffc42c2b-17b1-476b-b296-1f3a80d212c9/datanode-0/data/containers/hdds to VolumeSet
2019-10-07 10:53:41,851 [main] INFO  volume.ThrottledAsyncChecker (ThrottledAsyncChecker.java:schedule(139)) - Scheduling a check for org.apache.hadoop.ozone.container.common.volume.HddsVolume@372f0a99
2019-10-07 10:53:41,852 [main] INFO  volume.HddsVolumeChecker (HddsVolumeChecker.java:checkAllVolumes(202)) - Scheduled health check for volume org.apache.hadoop.ozone.container.common.volume.HddsVolume@372f0a99
2019-10-07 10:53:41,867 [main] INFO  impl.RaftServerProxy (ConfUtils.java:logGet(43)) - raft.rpc.type = GRPC (default)
2019-10-07 10:53:41,868 [main] INFO  grpc.GrpcFactory (GrpcFactory.java:checkPooledByteBufAllocatorUseCacheForAllThreads(45)) - PERFORMANCE WARNING: useCacheForAllThreads is true that may cause Netty to create a lot garbage objects and, as a result, trigger GC.
	It is recommended to disable useCacheForAllThreads by setting -Dorg.apache.ratis.thirdparty.io.netty.allocator.useCacheForAllThreads=false in command line.
2019-10-07 10:53:41,868 [main] INFO  grpc.GrpcConfigKeys$Server (ConfUtils.java:logGet(43)) - raft.grpc.server.port = 0 (default)
2019-10-07 10:53:41,868 [main] INFO  server.GrpcService (ConfUtils.java:logGet(43)) - raft.grpc.message.size.max = 33570816 (custom)
2019-10-07 10:53:41,868 [main] INFO  server.RaftServerConfigKeys (ConfUtils.java:logGet(43)) - raft.server.log.appender.buffer.byte-limit = 33554432 (custom)
2019-10-07 10:53:41,868 [main] INFO  server.GrpcService (ConfUtils.java:logGet(43)) - raft.grpc.flow.control.window = 1MB (=1048576) (default)
2019-10-07 10:53:41,868 [main] INFO  server.RaftServerConfigKeys (ConfUtils.java:logGet(43)) - raft.server.rpc.request.timeout = 3000ms (default)
2019-10-07 10:53:41,869 [main] INFO  server.RaftServerConfigKeys (ConfUtils.java:logGet(43)) - raft.server.storage.dir = [/workdir/hadoop-ozone/integration-test/target/test-dir/MiniOzoneClusterImpl-ffc42c2b-17b1-476b-b296-1f3a80d212c9/datanode-0/data/ratis] (custom)
2019-10-07 10:53:41,870 [main] INFO  hdfs.DFSUtil (DFSUtil.java:httpServerTemplateForNNAndJN(1641)) - Starting Web-server for hddsDatanode at: http://0.0.0.0:0
2019-10-07 10:53:41,871 [main] INFO  server.AuthenticationFilter (AuthenticationFilter.java:constructSecretProvider(240)) - Unable to initialize FileSignerSecretProvider, falling back to use random secrets.
2019-10-07 10:53:41,871 [main] WARN  http.HttpRequestLog (HttpRequestLog.java:getRequestLog(97)) - Jetty request log can only be enabled using Log4j
2019-10-07 10:53:41,872 [main] INFO  http.HttpServer2 (HttpServer2.java:addGlobalFilter(975)) - Added global filter 'safety' (class=org.apache.hadoop.http.HttpServer2$QuotingInputFilter)
2019-10-07 10:53:41,873 [main] INFO  http.HttpServer2 (HttpServer2.java:addFilter(948)) - Added filter static_user_filter (class=org.apache.hadoop.http.lib.StaticUserWebFilter$StaticUserFilter) to context hddsDatanode
2019-10-07 10:53:41,873 [main] INFO  http.HttpServer2 (HttpServer2.java:addFilter(958)) - Added filter static_user_filter (class=org.apache.hadoop.http.lib.StaticUserWebFilter$StaticUserFilter) to context logs
2019-10-07 10:53:41,873 [main] INFO  http.HttpServer2 (HttpServer2.java:addFilter(958)) - Added filter static_user_filter (class=org.apache.hadoop.http.lib.StaticUserWebFilter$StaticUserFilter) to context static
2019-10-07 10:53:41,873 [main] INFO  http.HttpServer2 (HttpServer2.java:bindListener(1191)) - Jetty bound to port 43858
2019-10-07 10:53:41,873 [main] INFO  server.Server (Server.java:doStart(351)) - jetty-9.3.25.v20180904, build timestamp: 2018-09-04T21:11:46Z, git hash: 3ce520221d0240229c862b122d2b06c12a625732
2019-10-07 10:53:41,875 [main] INFO  handler.ContextHandler (ContextHandler.java:doStart(781)) - Started o.e.j.s.ServletContextHandler@6da54910{/logs,file:///workdir/hadoop-ozone/integration-test/target/log,AVAILABLE}
2019-10-07 10:53:41,875 [main] INFO  handler.ContextHandler (ContextHandler.java:doStart(781)) - Started o.e.j.s.ServletContextHandler@24134cbc{/static,jar:file:/home/user/.m2/repository/org/apache/hadoop/hadoop-hdds-container-service/0.5.0-SNAPSHOT/hadoop-hdds-container-service-0.5.0-SNAPSHOT.jar!/webapps/static,AVAILABLE}
2019-10-07 10:53:41,900 [main] INFO  handler.ContextHandler (ContextHandler.java:doStart(781)) - Started o.e.j.w.WebAppContext@5fef0c19{/,file:///tmp/jetty-0.0.0.0-43858-hddsDatanode-_-any-1326643688685300736.dir/webapp/,AVAILABLE}{/hddsDatanode}
2019-10-07 10:53:41,900 [main] INFO  server.AbstractConnector (AbstractConnector.java:doStart(278)) - Started ServerConnector@2e6d76ba{HTTP/1.1,[http/1.1]}{0.0.0.0:43858}
2019-10-07 10:53:41,903 [main] INFO  server.Server (Server.java:doStart(419)) - Started @246866ms
2019-10-07 10:53:41,903 [main] WARN  impl.MetricsSystemImpl (MetricsSystemImpl.java:register(276)) - Sink prometheus already exists!
2019-10-07 10:53:41,904 [main] INFO  server.BaseHttpServer (BaseHttpServer.java:updateConnectorAddress(215)) - HTTP server of HDDSDATANODE is listening at http://0.0.0.0:43858
2019-10-07 10:53:41,904 [main] INFO  impl.MetricsSystemImpl (MetricsSystemImpl.java:init(158)) - HddsDatanode metrics system started (again)
2019-10-07 10:53:41,919 [org.apache.hadoop.util.JvmPauseMonitor$Monitor@2b227c3d] INFO  util.JvmPauseMonitor (JvmPauseMonitor.java:run(188)) - Starting JVM pause monitor
2019-10-07 10:53:41,920 [main] INFO  ozone.HddsDatanodeService (HddsDatanodeService.java:start(184)) - HddsDatanodeService host:pr-hdds-2238-6jxtw-691721237 ip:192.168.5.148
2019-10-07 10:53:41,921 [Datanode State Machine Thread - 0] INFO  datanode.InitDatanodeState (InitDatanodeState.java:persistContainerDatanodeDetails(140)) - DatanodeDetails is persisted to /workdir/hadoop-ozone/integration-test/target/test-dir/MiniOzoneClusterImpl-ffc42c2b-17b1-476b-b296-1f3a80d212c9/datanode-0/meta/datanode.id
2019-10-07 10:53:41,930 [main] INFO  volume.HddsVolume (HddsVolume.java:<init>(176)) - Creating Volume: /workdir/hadoop-ozone/integration-test/target/test-dir/MiniOzoneClusterImpl-ffc42c2b-17b1-476b-b296-1f3a80d212c9/datanode-1/data/containers/hdds of  storage type : DISK and capacity : 1482555576320
2019-10-07 10:53:41,930 [main] INFO  volume.VolumeSet (VolumeSet.java:initializeVolumeSet(170)) - Added Volume : /workdir/hadoop-ozone/integration-test/target/test-dir/MiniOzoneClusterImpl-ffc42c2b-17b1-476b-b296-1f3a80d212c9/datanode-1/data/containers/hdds to VolumeSet
2019-10-07 10:53:41,930 [main] INFO  volume.ThrottledAsyncChecker (ThrottledAsyncChecker.java:schedule(139)) - Scheduling a check for org.apache.hadoop.ozone.container.common.volume.HddsVolume@50598a1a
2019-10-07 10:53:41,931 [main] INFO  volume.HddsVolumeChecker (HddsVolumeChecker.java:checkAllVolumes(202)) - Scheduled health check for volume org.apache.hadoop.ozone.container.common.volume.HddsVolume@50598a1a
2019-10-07 10:53:41,947 [main] INFO  impl.RaftServerProxy (ConfUtils.java:logGet(43)) - raft.rpc.type = GRPC (default)
2019-10-07 10:53:41,947 [main] INFO  grpc.GrpcFactory (GrpcFactory.java:checkPooledByteBufAllocatorUseCacheForAllThreads(45)) - PERFORMANCE WARNING: useCacheForAllThreads is true that may cause Netty to create a lot garbage objects and, as a result, trigger GC.
	It is recommended to disable useCacheForAllThreads by setting -Dorg.apache.ratis.thirdparty.io.netty.allocator.useCacheForAllThreads=false in command line.
2019-10-07 10:53:41,947 [main] INFO  grpc.GrpcConfigKeys$Server (ConfUtils.java:logGet(43)) - raft.grpc.server.port = 0 (default)
2019-10-07 10:53:41,948 [main] INFO  server.GrpcService (ConfUtils.java:logGet(43)) - raft.grpc.message.size.max = 33570816 (custom)
2019-10-07 10:53:41,948 [main] INFO  server.RaftServerConfigKeys (ConfUtils.java:logGet(43)) - raft.server.log.appender.buffer.byte-limit = 33554432 (custom)
2019-10-07 10:53:41,948 [main] INFO  server.GrpcService (ConfUtils.java:logGet(43)) - raft.grpc.flow.control.window = 1MB (=1048576) (default)
2019-10-07 10:53:41,948 [main] INFO  server.RaftServerConfigKeys (ConfUtils.java:logGet(43)) - raft.server.rpc.request.timeout = 3000ms (default)
2019-10-07 10:53:41,948 [main] INFO  server.RaftServerConfigKeys (ConfUtils.java:logGet(43)) - raft.server.storage.dir = [/workdir/hadoop-ozone/integration-test/target/test-dir/MiniOzoneClusterImpl-ffc42c2b-17b1-476b-b296-1f3a80d212c9/datanode-1/data/ratis] (custom)
2019-10-07 10:53:41,950 [main] INFO  hdfs.DFSUtil (DFSUtil.java:httpServerTemplateForNNAndJN(1641)) - Starting Web-server for hddsDatanode at: http://0.0.0.0:0
2019-10-07 10:53:41,951 [main] INFO  server.AuthenticationFilter (AuthenticationFilter.java:constructSecretProvider(240)) - Unable to initialize FileSignerSecretProvider, falling back to use random secrets.
2019-10-07 10:53:41,951 [main] WARN  http.HttpRequestLog (HttpRequestLog.java:getRequestLog(97)) - Jetty request log can only be enabled using Log4j
2019-10-07 10:53:41,953 [main] INFO  http.HttpServer2 (HttpServer2.java:addGlobalFilter(975)) - Added global filter 'safety' (class=org.apache.hadoop.http.HttpServer2$QuotingInputFilter)
2019-10-07 10:53:41,953 [main] INFO  http.HttpServer2 (HttpServer2.java:addFilter(948)) - Added filter static_user_filter (class=org.apache.hadoop.http.lib.StaticUserWebFilter$StaticUserFilter) to context hddsDatanode
2019-10-07 10:53:41,953 [main] INFO  http.HttpServer2 (HttpServer2.java:addFilter(958)) - Added filter static_user_filter (class=org.apache.hadoop.http.lib.StaticUserWebFilter$StaticUserFilter) to context logs
2019-10-07 10:53:41,954 [main] INFO  http.HttpServer2 (HttpServer2.java:addFilter(958)) - Added filter static_user_filter (class=org.apache.hadoop.http.lib.StaticUserWebFilter$StaticUserFilter) to context static
2019-10-07 10:53:41,954 [main] INFO  http.HttpServer2 (HttpServer2.java:bindListener(1191)) - Jetty bound to port 44324
2019-10-07 10:53:41,954 [main] INFO  server.Server (Server.java:doStart(351)) - jetty-9.3.25.v20180904, build timestamp: 2018-09-04T21:11:46Z, git hash: 3ce520221d0240229c862b122d2b06c12a625732
2019-10-07 10:53:41,956 [main] INFO  handler.ContextHandler (ContextHandler.java:doStart(781)) - Started o.e.j.s.ServletContextHandler@8b13d91{/logs,file:///workdir/hadoop-ozone/integration-test/target/log,AVAILABLE}
2019-10-07 10:53:41,957 [main] INFO  handler.ContextHandler (ContextHandler.java:doStart(781)) - Started o.e.j.s.ServletContextHandler@2589d787{/static,jar:file:/home/user/.m2/repository/org/apache/hadoop/hadoop-hdds-container-service/0.5.0-SNAPSHOT/hadoop-hdds-container-service-0.5.0-SNAPSHOT.jar!/webapps/static,AVAILABLE}
2019-10-07 10:53:41,989 [main] INFO  handler.ContextHandler (ContextHandler.java:doStart(781)) - Started o.e.j.w.WebAppContext@6cbb7a7d{/,file:///tmp/jetty-0.0.0.0-44324-hddsDatanode-_-any-6582919512595277397.dir/webapp/,AVAILABLE}{/hddsDatanode}
2019-10-07 10:53:41,990 [main] INFO  server.AbstractConnector (AbstractConnector.java:doStart(278)) - Started ServerConnector@cdb3c85{HTTP/1.1,[http/1.1]}{0.0.0.0:44324}
2019-10-07 10:53:41,993 [main] INFO  server.Server (Server.java:doStart(419)) - Started @246955ms
2019-10-07 10:53:41,993 [main] WARN  impl.MetricsSystemImpl (MetricsSystemImpl.java:register(276)) - Sink prometheus already exists!
2019-10-07 10:53:41,994 [main] INFO  server.BaseHttpServer (BaseHttpServer.java:updateConnectorAddress(215)) - HTTP server of HDDSDATANODE is listening at http://0.0.0.0:44324
2019-10-07 10:53:41,994 [main] INFO  impl.MetricsSystemImpl (MetricsSystemImpl.java:init(158)) - HddsDatanode metrics system started (again)
2019-10-07 10:53:42,016 [org.apache.hadoop.util.JvmPauseMonitor$Monitor@614f5b30] INFO  util.JvmPauseMonitor (JvmPauseMonitor.java:run(188)) - Starting JVM pause monitor
2019-10-07 10:53:42,017 [Datanode State Machine Thread - 0] INFO  datanode.InitDatanodeState (InitDatanodeState.java:persistContainerDatanodeDetails(140)) - DatanodeDetails is persisted to /workdir/hadoop-ozone/integration-test/target/test-dir/MiniOzoneClusterImpl-ffc42c2b-17b1-476b-b296-1f3a80d212c9/datanode-1/meta/datanode.id
2019-10-07 10:53:42,018 [main] INFO  ozone.HddsDatanodeService (HddsDatanodeService.java:start(184)) - HddsDatanodeService host:pr-hdds-2238-6jxtw-691721237 ip:192.168.5.148
2019-10-07 10:53:42,029 [main] INFO  volume.HddsVolume (HddsVolume.java:<init>(176)) - Creating Volume: /workdir/hadoop-ozone/integration-test/target/test-dir/MiniOzoneClusterImpl-ffc42c2b-17b1-476b-b296-1f3a80d212c9/datanode-2/data/containers/hdds of  storage type : DISK and capacity : 1482555576320
2019-10-07 10:53:42,029 [main] INFO  volume.VolumeSet (VolumeSet.java:initializeVolumeSet(170)) - Added Volume : /workdir/hadoop-ozone/integration-test/target/test-dir/MiniOzoneClusterImpl-ffc42c2b-17b1-476b-b296-1f3a80d212c9/datanode-2/data/containers/hdds to VolumeSet
2019-10-07 10:53:42,029 [main] INFO  volume.ThrottledAsyncChecker (ThrottledAsyncChecker.java:schedule(139)) - Scheduling a check for org.apache.hadoop.ozone.container.common.volume.HddsVolume@34279b8a
2019-10-07 10:53:42,030 [main] INFO  volume.HddsVolumeChecker (HddsVolumeChecker.java:checkAllVolumes(202)) - Scheduled health check for volume org.apache.hadoop.ozone.container.common.volume.HddsVolume@34279b8a
2019-10-07 10:53:42,050 [main] INFO  impl.RaftServerProxy (ConfUtils.java:logGet(43)) - raft.rpc.type = GRPC (default)
2019-10-07 10:53:42,050 [main] INFO  grpc.GrpcFactory (GrpcFactory.java:checkPooledByteBufAllocatorUseCacheForAllThreads(45)) - PERFORMANCE WARNING: useCacheForAllThreads is true that may cause Netty to create a lot garbage objects and, as a result, trigger GC.
	It is recommended to disable useCacheForAllThreads by setting -Dorg.apache.ratis.thirdparty.io.netty.allocator.useCacheForAllThreads=false in command line.
2019-10-07 10:53:42,050 [main] INFO  grpc.GrpcConfigKeys$Server (ConfUtils.java:logGet(43)) - raft.grpc.server.port = 0 (default)
2019-10-07 10:53:42,051 [main] INFO  server.GrpcService (ConfUtils.java:logGet(43)) - raft.grpc.message.size.max = 33570816 (custom)
2019-10-07 10:53:42,051 [main] INFO  server.RaftServerConfigKeys (ConfUtils.java:logGet(43)) - raft.server.log.appender.buffer.byte-limit = 33554432 (custom)
2019-10-07 10:53:42,051 [main] INFO  server.GrpcService (ConfUtils.java:logGet(43)) - raft.grpc.flow.control.window = 1MB (=1048576) (default)
2019-10-07 10:53:42,051 [main] INFO  server.RaftServerConfigKeys (ConfUtils.java:logGet(43)) - raft.server.rpc.request.timeout = 3000ms (default)
2019-10-07 10:53:42,052 [main] INFO  server.RaftServerConfigKeys (ConfUtils.java:logGet(43)) - raft.server.storage.dir = [/workdir/hadoop-ozone/integration-test/target/test-dir/MiniOzoneClusterImpl-ffc42c2b-17b1-476b-b296-1f3a80d212c9/datanode-2/data/ratis] (custom)
2019-10-07 10:53:42,053 [main] INFO  hdfs.DFSUtil (DFSUtil.java:httpServerTemplateForNNAndJN(1641)) - Starting Web-server for hddsDatanode at: http://0.0.0.0:0
2019-10-07 10:53:42,054 [main] INFO  server.AuthenticationFilter (AuthenticationFilter.java:constructSecretProvider(240)) - Unable to initialize FileSignerSecretProvider, falling back to use random secrets.
2019-10-07 10:53:42,054 [main] WARN  http.HttpRequestLog (HttpRequestLog.java:getRequestLog(97)) - Jetty request log can only be enabled using Log4j
2019-10-07 10:53:42,056 [main] INFO  http.HttpServer2 (HttpServer2.java:addGlobalFilter(975)) - Added global filter 'safety' (class=org.apache.hadoop.http.HttpServer2$QuotingInputFilter)
2019-10-07 10:53:42,057 [main] INFO  http.HttpServer2 (HttpServer2.java:addFilter(948)) - Added filter static_user_filter (class=org.apache.hadoop.http.lib.StaticUserWebFilter$StaticUserFilter) to context hddsDatanode
2019-10-07 10:53:42,057 [main] INFO  http.HttpServer2 (HttpServer2.java:addFilter(958)) - Added filter static_user_filter (class=org.apache.hadoop.http.lib.StaticUserWebFilter$StaticUserFilter) to context static
2019-10-07 10:53:42,057 [main] INFO  http.HttpServer2 (HttpServer2.java:addFilter(958)) - Added filter static_user_filter (class=org.apache.hadoop.http.lib.StaticUserWebFilter$StaticUserFilter) to context logs
2019-10-07 10:53:42,058 [main] INFO  http.HttpServer2 (HttpServer2.java:bindListener(1191)) - Jetty bound to port 46707
2019-10-07 10:53:42,058 [main] INFO  server.Server (Server.java:doStart(351)) - jetty-9.3.25.v20180904, build timestamp: 2018-09-04T21:11:46Z, git hash: 3ce520221d0240229c862b122d2b06c12a625732
2019-10-07 10:53:42,060 [main] INFO  handler.ContextHandler (ContextHandler.java:doStart(781)) - Started o.e.j.s.ServletContextHandler@69a40b3c{/logs,file:///workdir/hadoop-ozone/integration-test/target/log,AVAILABLE}
2019-10-07 10:53:42,060 [main] INFO  handler.ContextHandler (ContextHandler.java:doStart(781)) - Started o.e.j.s.ServletContextHandler@6629643d{/static,jar:file:/home/user/.m2/repository/org/apache/hadoop/hadoop-hdds-container-service/0.5.0-SNAPSHOT/hadoop-hdds-container-service-0.5.0-SNAPSHOT.jar!/webapps/static,AVAILABLE}
2019-10-07 10:53:42,094 [main] INFO  handler.ContextHandler (ContextHandler.java:doStart(781)) - Started o.e.j.w.WebAppContext@2725ca05{/,file:///tmp/jetty-0.0.0.0-46707-hddsDatanode-_-any-1163258697472714354.dir/webapp/,AVAILABLE}{/hddsDatanode}
2019-10-07 10:53:42,094 [main] INFO  server.AbstractConnector (AbstractConnector.java:doStart(278)) - Started ServerConnector@7b9088f2{HTTP/1.1,[http/1.1]}{0.0.0.0:46707}
2019-10-07 10:53:42,097 [main] INFO  server.Server (Server.java:doStart(419)) - Started @247060ms
2019-10-07 10:53:42,098 [main] WARN  impl.MetricsSystemImpl (MetricsSystemImpl.java:register(276)) - Sink prometheus already exists!
2019-10-07 10:53:42,098 [main] INFO  server.BaseHttpServer (BaseHttpServer.java:updateConnectorAddress(215)) - HTTP server of HDDSDATANODE is listening at http://0.0.0.0:46707
2019-10-07 10:53:42,098 [main] INFO  impl.MetricsSystemImpl (MetricsSystemImpl.java:init(158)) - HddsDatanode metrics system started (again)
2019-10-07 10:53:42,117 [org.apache.hadoop.util.JvmPauseMonitor$Monitor@2070356a] INFO  util.JvmPauseMonitor (JvmPauseMonitor.java:run(188)) - Starting JVM pause monitor
2019-10-07 10:53:42,118 [Datanode State Machine Thread - 0] INFO  datanode.InitDatanodeState (InitDatanodeState.java:persistContainerDatanodeDetails(140)) - DatanodeDetails is persisted to /workdir/hadoop-ozone/integration-test/target/test-dir/MiniOzoneClusterImpl-ffc42c2b-17b1-476b-b296-1f3a80d212c9/datanode-2/meta/datanode.id
2019-10-07 10:53:42,119 [main] INFO  ozone.HddsDatanodeService (HddsDatanodeService.java:start(184)) - HddsDatanodeService host:pr-hdds-2238-6jxtw-691721237 ip:192.168.5.148
2019-10-07 10:53:42,129 [main] INFO  volume.HddsVolume (HddsVolume.java:<init>(176)) - Creating Volume: /workdir/hadoop-ozone/integration-test/target/test-dir/MiniOzoneClusterImpl-ffc42c2b-17b1-476b-b296-1f3a80d212c9/datanode-3/data/containers/hdds of  storage type : DISK and capacity : 1482555576320
2019-10-07 10:53:42,130 [main] INFO  volume.VolumeSet (VolumeSet.java:initializeVolumeSet(170)) - Added Volume : /workdir/hadoop-ozone/integration-test/target/test-dir/MiniOzoneClusterImpl-ffc42c2b-17b1-476b-b296-1f3a80d212c9/datanode-3/data/containers/hdds to VolumeSet
2019-10-07 10:53:42,130 [main] INFO  volume.ThrottledAsyncChecker (ThrottledAsyncChecker.java:schedule(139)) - Scheduling a check for org.apache.hadoop.ozone.container.common.volume.HddsVolume@6ac45c0c
2019-10-07 10:53:42,130 [main] INFO  volume.HddsVolumeChecker (HddsVolumeChecker.java:checkAllVolumes(202)) - Scheduled health check for volume org.apache.hadoop.ozone.container.common.volume.HddsVolume@6ac45c0c
2019-10-07 10:53:42,151 [main] INFO  impl.RaftServerProxy (ConfUtils.java:logGet(43)) - raft.rpc.type = GRPC (default)
2019-10-07 10:53:42,151 [main] INFO  grpc.GrpcFactory (GrpcFactory.java:checkPooledByteBufAllocatorUseCacheForAllThreads(45)) - PERFORMANCE WARNING: useCacheForAllThreads is true that may cause Netty to create a lot garbage objects and, as a result, trigger GC.
	It is recommended to disable useCacheForAllThreads by setting -Dorg.apache.ratis.thirdparty.io.netty.allocator.useCacheForAllThreads=false in command line.
2019-10-07 10:53:42,152 [main] INFO  grpc.GrpcConfigKeys$Server (ConfUtils.java:logGet(43)) - raft.grpc.server.port = 0 (default)
2019-10-07 10:53:42,152 [main] INFO  server.GrpcService (ConfUtils.java:logGet(43)) - raft.grpc.message.size.max = 33570816 (custom)
2019-10-07 10:53:42,152 [main] INFO  server.RaftServerConfigKeys (ConfUtils.java:logGet(43)) - raft.server.log.appender.buffer.byte-limit = 33554432 (custom)
2019-10-07 10:53:42,153 [main] INFO  server.GrpcService (ConfUtils.java:logGet(43)) - raft.grpc.flow.control.window = 1MB (=1048576) (default)
2019-10-07 10:53:42,153 [main] INFO  server.RaftServerConfigKeys (ConfUtils.java:logGet(43)) - raft.server.rpc.request.timeout = 3000ms (default)
2019-10-07 10:53:42,154 [main] INFO  server.RaftServerConfigKeys (ConfUtils.java:logGet(43)) - raft.server.storage.dir = [/workdir/hadoop-ozone/integration-test/target/test-dir/MiniOzoneClusterImpl-ffc42c2b-17b1-476b-b296-1f3a80d212c9/datanode-3/data/ratis] (custom)
2019-10-07 10:53:42,155 [main] INFO  hdfs.DFSUtil (DFSUtil.java:httpServerTemplateForNNAndJN(1641)) - Starting Web-server for hddsDatanode at: http://0.0.0.0:0
2019-10-07 10:53:42,156 [main] INFO  server.AuthenticationFilter (AuthenticationFilter.java:constructSecretProvider(240)) - Unable to initialize FileSignerSecretProvider, falling back to use random secrets.
2019-10-07 10:53:42,157 [main] WARN  http.HttpRequestLog (HttpRequestLog.java:getRequestLog(97)) - Jetty request log can only be enabled using Log4j
2019-10-07 10:53:42,158 [main] INFO  http.HttpServer2 (HttpServer2.java:addGlobalFilter(975)) - Added global filter 'safety' (class=org.apache.hadoop.http.HttpServer2$QuotingInputFilter)
2019-10-07 10:53:42,158 [main] INFO  http.HttpServer2 (HttpServer2.java:addFilter(948)) - Added filter static_user_filter (class=org.apache.hadoop.http.lib.StaticUserWebFilter$StaticUserFilter) to context hddsDatanode
2019-10-07 10:53:42,159 [main] INFO  http.HttpServer2 (HttpServer2.java:addFilter(958)) - Added filter static_user_filter (class=org.apache.hadoop.http.lib.StaticUserWebFilter$StaticUserFilter) to context logs
2019-10-07 10:53:42,159 [main] INFO  http.HttpServer2 (HttpServer2.java:addFilter(958)) - Added filter static_user_filter (class=org.apache.hadoop.http.lib.StaticUserWebFilter$StaticUserFilter) to context static
2019-10-07 10:53:42,159 [main] INFO  http.HttpServer2 (HttpServer2.java:bindListener(1191)) - Jetty bound to port 44303
2019-10-07 10:53:42,160 [main] INFO  server.Server (Server.java:doStart(351)) - jetty-9.3.25.v20180904, build timestamp: 2018-09-04T21:11:46Z, git hash: 3ce520221d0240229c862b122d2b06c12a625732
2019-10-07 10:53:42,161 [main] INFO  handler.ContextHandler (ContextHandler.java:doStart(781)) - Started o.e.j.s.ServletContextHandler@7d59e968{/logs,file:///workdir/hadoop-ozone/integration-test/target/log,AVAILABLE}
2019-10-07 10:53:42,162 [main] INFO  handler.ContextHandler (ContextHandler.java:doStart(781)) - Started o.e.j.s.ServletContextHandler@581c9bb7{/static,jar:file:/home/user/.m2/repository/org/apache/hadoop/hadoop-hdds-container-service/0.5.0-SNAPSHOT/hadoop-hdds-container-service-0.5.0-SNAPSHOT.jar!/webapps/static,AVAILABLE}
2019-10-07 10:53:42,187 [main] INFO  handler.ContextHandler (ContextHandler.java:doStart(781)) - Started o.e.j.w.WebAppContext@28b8f98a{/,file:///tmp/jetty-0.0.0.0-44303-hddsDatanode-_-any-925671808414874438.dir/webapp/,AVAILABLE}{/hddsDatanode}
2019-10-07 10:53:42,187 [main] INFO  server.AbstractConnector (AbstractConnector.java:doStart(278)) - Started ServerConnector@3b4ef59f{HTTP/1.1,[http/1.1]}{0.0.0.0:44303}
2019-10-07 10:53:42,191 [main] INFO  server.Server (Server.java:doStart(419)) - Started @247153ms
2019-10-07 10:53:42,191 [main] WARN  impl.MetricsSystemImpl (MetricsSystemImpl.java:register(276)) - Sink prometheus already exists!
2019-10-07 10:53:42,192 [main] INFO  server.BaseHttpServer (BaseHttpServer.java:updateConnectorAddress(215)) - HTTP server of HDDSDATANODE is listening at http://0.0.0.0:44303
2019-10-07 10:53:42,192 [main] INFO  impl.MetricsSystemImpl (MetricsSystemImpl.java:init(158)) - HddsDatanode metrics system started (again)
2019-10-07 10:53:42,193 [grpc-default-executor-4] WARN  server.GrpcLogAppender (LogUtils.java:warn(134)) - f0c02f1b-7192-45ee-be91-59a0f18f6150@group-9C0F0BB22B1E->9feb3379-7171-4df4-b299-4b714504f75e-AppendLogResponseHandler: Failed appendEntries: org.apache.ratis.thirdparty.io.grpc.StatusRuntimeException: UNAVAILABLE: io exception
2019-10-07 10:53:42,193 [grpc-default-executor-3] WARN  server.GrpcLogAppender (LogUtils.java:warn(134)) - f0c02f1b-7192-45ee-be91-59a0f18f6150@group-9C0F0BB22B1E->24476e73-5d23-4249-9898-8edc248c0287-AppendLogResponseHandler: Failed appendEntries: org.apache.ratis.thirdparty.io.grpc.StatusRuntimeException: UNAVAILABLE: io exception
2019-10-07 10:53:42,193 [grpc-default-executor-4] INFO  impl.FollowerInfo (FollowerInfo.java:lambda$new$0(51)) - f0c02f1b-7192-45ee-be91-59a0f18f6150@group-9C0F0BB22B1E->9feb3379-7171-4df4-b299-4b714504f75e: nextIndex: updateUnconditionally 0 -> 0
2019-10-07 10:53:42,193 [grpc-default-executor-3] INFO  impl.FollowerInfo (FollowerInfo.java:lambda$new$0(51)) - f0c02f1b-7192-45ee-be91-59a0f18f6150@group-9C0F0BB22B1E->24476e73-5d23-4249-9898-8edc248c0287: nextIndex: updateUnconditionally 0 -> 0
2019-10-07 10:53:42,210 [org.apache.hadoop.util.JvmPauseMonitor$Monitor@5c3b5e2e] INFO  util.JvmPauseMonitor (JvmPauseMonitor.java:run(188)) - Starting JVM pause monitor
2019-10-07 10:53:42,211 [Datanode State Machine Thread - 0] INFO  datanode.InitDatanodeState (InitDatanodeState.java:persistContainerDatanodeDetails(140)) - DatanodeDetails is persisted to /workdir/hadoop-ozone/integration-test/target/test-dir/MiniOzoneClusterImpl-ffc42c2b-17b1-476b-b296-1f3a80d212c9/datanode-3/meta/datanode.id
2019-10-07 10:53:42,211 [main] INFO  ozone.HddsDatanodeService (HddsDatanodeService.java:start(184)) - HddsDatanodeService host:pr-hdds-2238-6jxtw-691721237 ip:192.168.5.148
2019-10-07 10:53:42,222 [main] INFO  volume.HddsVolume (HddsVolume.java:<init>(176)) - Creating Volume: /workdir/hadoop-ozone/integration-test/target/test-dir/MiniOzoneClusterImpl-ffc42c2b-17b1-476b-b296-1f3a80d212c9/datanode-4/data/containers/hdds of  storage type : DISK and capacity : 1482555576320
2019-10-07 10:53:42,223 [main] INFO  volume.VolumeSet (VolumeSet.java:initializeVolumeSet(170)) - Added Volume : /workdir/hadoop-ozone/integration-test/target/test-dir/MiniOzoneClusterImpl-ffc42c2b-17b1-476b-b296-1f3a80d212c9/datanode-4/data/containers/hdds to VolumeSet
2019-10-07 10:53:42,223 [main] INFO  volume.ThrottledAsyncChecker (ThrottledAsyncChecker.java:schedule(139)) - Scheduling a check for org.apache.hadoop.ozone.container.common.volume.HddsVolume@5eb87338
2019-10-07 10:53:42,223 [main] INFO  volume.HddsVolumeChecker (HddsVolumeChecker.java:checkAllVolumes(202)) - Scheduled health check for volume org.apache.hadoop.ozone.container.common.volume.HddsVolume@5eb87338
2019-10-07 10:53:42,238 [main] INFO  impl.RaftServerProxy (ConfUtils.java:logGet(43)) - raft.rpc.type = GRPC (default)
2019-10-07 10:53:42,238 [main] INFO  grpc.GrpcFactory (GrpcFactory.java:checkPooledByteBufAllocatorUseCacheForAllThreads(45)) - PERFORMANCE WARNING: useCacheForAllThreads is true that may cause Netty to create a lot garbage objects and, as a result, trigger GC.
	It is recommended to disable useCacheForAllThreads by setting -Dorg.apache.ratis.thirdparty.io.netty.allocator.useCacheForAllThreads=false in command line.
2019-10-07 10:53:42,239 [main] INFO  grpc.GrpcConfigKeys$Server (ConfUtils.java:logGet(43)) - raft.grpc.server.port = 0 (default)
2019-10-07 10:53:42,239 [main] INFO  server.GrpcService (ConfUtils.java:logGet(43)) - raft.grpc.message.size.max = 33570816 (custom)
2019-10-07 10:53:42,239 [main] INFO  server.RaftServerConfigKeys (ConfUtils.java:logGet(43)) - raft.server.log.appender.buffer.byte-limit = 33554432 (custom)
2019-10-07 10:53:42,239 [main] INFO  server.GrpcService (ConfUtils.java:logGet(43)) - raft.grpc.flow.control.window = 1MB (=1048576) (default)
2019-10-07 10:53:42,239 [main] INFO  server.RaftServerConfigKeys (ConfUtils.java:logGet(43)) - raft.server.rpc.request.timeout = 3000ms (default)
2019-10-07 10:53:42,240 [main] INFO  server.RaftServerConfigKeys (ConfUtils.java:logGet(43)) - raft.server.storage.dir = [/workdir/hadoop-ozone/integration-test/target/test-dir/MiniOzoneClusterImpl-ffc42c2b-17b1-476b-b296-1f3a80d212c9/datanode-4/data/ratis] (custom)
2019-10-07 10:53:42,241 [main] INFO  hdfs.DFSUtil (DFSUtil.java:httpServerTemplateForNNAndJN(1641)) - Starting Web-server for hddsDatanode at: http://0.0.0.0:0
2019-10-07 10:53:42,242 [main] INFO  server.AuthenticationFilter (AuthenticationFilter.java:constructSecretProvider(240)) - Unable to initialize FileSignerSecretProvider, falling back to use random secrets.
2019-10-07 10:53:42,242 [main] WARN  http.HttpRequestLog (HttpRequestLog.java:getRequestLog(97)) - Jetty request log can only be enabled using Log4j
2019-10-07 10:53:42,243 [main] INFO  http.HttpServer2 (HttpServer2.java:addGlobalFilter(975)) - Added global filter 'safety' (class=org.apache.hadoop.http.HttpServer2$QuotingInputFilter)
2019-10-07 10:53:42,244 [main] INFO  http.HttpServer2 (HttpServer2.java:addFilter(948)) - Added filter static_user_filter (class=org.apache.hadoop.http.lib.StaticUserWebFilter$StaticUserFilter) to context hddsDatanode
2019-10-07 10:53:42,244 [main] INFO  http.HttpServer2 (HttpServer2.java:addFilter(958)) - Added filter static_user_filter (class=org.apache.hadoop.http.lib.StaticUserWebFilter$StaticUserFilter) to context static
2019-10-07 10:53:42,244 [main] INFO  http.HttpServer2 (HttpServer2.java:addFilter(958)) - Added filter static_user_filter (class=org.apache.hadoop.http.lib.StaticUserWebFilter$StaticUserFilter) to context logs
2019-10-07 10:53:42,244 [main] INFO  http.HttpServer2 (HttpServer2.java:bindListener(1191)) - Jetty bound to port 42524
2019-10-07 10:53:42,245 [main] INFO  server.Server (Server.java:doStart(351)) - jetty-9.3.25.v20180904, build timestamp: 2018-09-04T21:11:46Z, git hash: 3ce520221d0240229c862b122d2b06c12a625732
2019-10-07 10:53:42,246 [main] INFO  handler.ContextHandler (ContextHandler.java:doStart(781)) - Started o.e.j.s.ServletContextHandler@5b8853{/logs,file:///workdir/hadoop-ozone/integration-test/target/log,AVAILABLE}
2019-10-07 10:53:42,247 [main] INFO  handler.ContextHandler (ContextHandler.java:doStart(781)) - Started o.e.j.s.ServletContextHandler@5d1bdd4a{/static,jar:file:/home/user/.m2/repository/org/apache/hadoop/hadoop-hdds-container-service/0.5.0-SNAPSHOT/hadoop-hdds-container-service-0.5.0-SNAPSHOT.jar!/webapps/static,AVAILABLE}
2019-10-07 10:53:42,272 [main] INFO  handler.ContextHandler (ContextHandler.java:doStart(781)) - Started o.e.j.w.WebAppContext@7a606260{/,file:///tmp/jetty-0.0.0.0-42524-hddsDatanode-_-any-4245945358484269899.dir/webapp/,AVAILABLE}{/hddsDatanode}
2019-10-07 10:53:42,272 [main] INFO  server.AbstractConnector (AbstractConnector.java:doStart(278)) - Started ServerConnector@5dbab232{HTTP/1.1,[http/1.1]}{0.0.0.0:42524}
2019-10-07 10:53:42,275 [main] INFO  server.Server (Server.java:doStart(419)) - Started @247238ms
2019-10-07 10:53:42,276 [main] WARN  impl.MetricsSystemImpl (MetricsSystemImpl.java:register(276)) - Sink prometheus already exists!
2019-10-07 10:53:42,276 [main] INFO  server.BaseHttpServer (BaseHttpServer.java:updateConnectorAddress(215)) - HTTP server of HDDSDATANODE is listening at http://0.0.0.0:42524
2019-10-07 10:53:42,277 [main] INFO  impl.MetricsSystemImpl (MetricsSystemImpl.java:init(158)) - HddsDatanode metrics system started (again)
2019-10-07 10:53:42,295 [org.apache.hadoop.util.JvmPauseMonitor$Monitor@12823b86] INFO  util.JvmPauseMonitor (JvmPauseMonitor.java:run(188)) - Starting JVM pause monitor
2019-10-07 10:53:42,296 [Datanode State Machine Thread - 0] INFO  datanode.InitDatanodeState (InitDatanodeState.java:persistContainerDatanodeDetails(140)) - DatanodeDetails is persisted to /workdir/hadoop-ozone/integration-test/target/test-dir/MiniOzoneClusterImpl-ffc42c2b-17b1-476b-b296-1f3a80d212c9/datanode-4/meta/datanode.id
2019-10-07 10:53:42,297 [main] INFO  ozone.HddsDatanodeService (HddsDatanodeService.java:start(184)) - HddsDatanodeService host:pr-hdds-2238-6jxtw-691721237 ip:192.168.5.148
2019-10-07 10:53:42,307 [main] INFO  volume.HddsVolume (HddsVolume.java:<init>(176)) - Creating Volume: /workdir/hadoop-ozone/integration-test/target/test-dir/MiniOzoneClusterImpl-ffc42c2b-17b1-476b-b296-1f3a80d212c9/datanode-5/data/containers/hdds of  storage type : DISK and capacity : 1482555576320
2019-10-07 10:53:42,307 [main] INFO  volume.VolumeSet (VolumeSet.java:initializeVolumeSet(170)) - Added Volume : /workdir/hadoop-ozone/integration-test/target/test-dir/MiniOzoneClusterImpl-ffc42c2b-17b1-476b-b296-1f3a80d212c9/datanode-5/data/containers/hdds to VolumeSet
2019-10-07 10:53:42,308 [main] INFO  volume.ThrottledAsyncChecker (ThrottledAsyncChecker.java:schedule(139)) - Scheduling a check for org.apache.hadoop.ozone.container.common.volume.HddsVolume@511da44f
2019-10-07 10:53:42,308 [main] INFO  volume.HddsVolumeChecker (HddsVolumeChecker.java:checkAllVolumes(202)) - Scheduled health check for volume org.apache.hadoop.ozone.container.common.volume.HddsVolume@511da44f
2019-10-07 10:53:42,324 [main] INFO  impl.RaftServerProxy (ConfUtils.java:logGet(43)) - raft.rpc.type = GRPC (default)
2019-10-07 10:53:42,325 [main] INFO  grpc.GrpcFactory (GrpcFactory.java:checkPooledByteBufAllocatorUseCacheForAllThreads(45)) - PERFORMANCE WARNING: useCacheForAllThreads is true that may cause Netty to create a lot garbage objects and, as a result, trigger GC.
	It is recommended to disable useCacheForAllThreads by setting -Dorg.apache.ratis.thirdparty.io.netty.allocator.useCacheForAllThreads=false in command line.
2019-10-07 10:53:42,325 [main] INFO  grpc.GrpcConfigKeys$Server (ConfUtils.java:logGet(43)) - raft.grpc.server.port = 0 (default)
2019-10-07 10:53:42,325 [main] INFO  server.GrpcService (ConfUtils.java:logGet(43)) - raft.grpc.message.size.max = 33570816 (custom)
2019-10-07 10:53:42,325 [main] INFO  server.RaftServerConfigKeys (ConfUtils.java:logGet(43)) - raft.server.log.appender.buffer.byte-limit = 33554432 (custom)
2019-10-07 10:53:42,325 [main] INFO  server.GrpcService (ConfUtils.java:logGet(43)) - raft.grpc.flow.control.window = 1MB (=1048576) (default)
2019-10-07 10:53:42,325 [main] INFO  server.RaftServerConfigKeys (ConfUtils.java:logGet(43)) - raft.server.rpc.request.timeout = 3000ms (default)
2019-10-07 10:53:42,326 [main] INFO  server.RaftServerConfigKeys (ConfUtils.java:logGet(43)) - raft.server.storage.dir = [/workdir/hadoop-ozone/integration-test/target/test-dir/MiniOzoneClusterImpl-ffc42c2b-17b1-476b-b296-1f3a80d212c9/datanode-5/data/ratis] (custom)
2019-10-07 10:53:42,327 [main] INFO  hdfs.DFSUtil (DFSUtil.java:httpServerTemplateForNNAndJN(1641)) - Starting Web-server for hddsDatanode at: http://0.0.0.0:0
2019-10-07 10:53:42,328 [main] INFO  server.AuthenticationFilter (AuthenticationFilter.java:constructSecretProvider(240)) - Unable to initialize FileSignerSecretProvider, falling back to use random secrets.
2019-10-07 10:53:42,328 [main] WARN  http.HttpRequestLog (HttpRequestLog.java:getRequestLog(97)) - Jetty request log can only be enabled using Log4j
2019-10-07 10:53:42,329 [main] INFO  http.HttpServer2 (HttpServer2.java:addGlobalFilter(975)) - Added global filter 'safety' (class=org.apache.hadoop.http.HttpServer2$QuotingInputFilter)
2019-10-07 10:53:42,330 [main] INFO  http.HttpServer2 (HttpServer2.java:addFilter(948)) - Added filter static_user_filter (class=org.apache.hadoop.http.lib.StaticUserWebFilter$StaticUserFilter) to context hddsDatanode
2019-10-07 10:53:42,330 [main] INFO  http.HttpServer2 (HttpServer2.java:addFilter(958)) - Added filter static_user_filter (class=org.apache.hadoop.http.lib.StaticUserWebFilter$StaticUserFilter) to context logs
2019-10-07 10:53:42,330 [main] INFO  http.HttpServer2 (HttpServer2.java:addFilter(958)) - Added filter static_user_filter (class=org.apache.hadoop.http.lib.StaticUserWebFilter$StaticUserFilter) to context static
2019-10-07 10:53:42,330 [main] INFO  http.HttpServer2 (HttpServer2.java:bindListener(1191)) - Jetty bound to port 44438
2019-10-07 10:53:42,331 [main] INFO  server.Server (Server.java:doStart(351)) - jetty-9.3.25.v20180904, build timestamp: 2018-09-04T21:11:46Z, git hash: 3ce520221d0240229c862b122d2b06c12a625732
2019-10-07 10:53:42,332 [main] INFO  handler.ContextHandler (ContextHandler.java:doStart(781)) - Started o.e.j.s.ServletContextHandler@36478bce{/logs,file:///workdir/hadoop-ozone/integration-test/target/log,AVAILABLE}
2019-10-07 10:53:42,333 [main] INFO  handler.ContextHandler (ContextHandler.java:doStart(781)) - Started o.e.j.s.ServletContextHandler@75793f17{/static,jar:file:/home/user/.m2/repository/org/apache/hadoop/hadoop-hdds-container-service/0.5.0-SNAPSHOT/hadoop-hdds-container-service-0.5.0-SNAPSHOT.jar!/webapps/static,AVAILABLE}
2019-10-07 10:53:42,358 [main] INFO  handler.ContextHandler (ContextHandler.java:doStart(781)) - Started o.e.j.w.WebAppContext@430df350{/,file:///tmp/jetty-0.0.0.0-44438-hddsDatanode-_-any-2792600410372518369.dir/webapp/,AVAILABLE}{/hddsDatanode}
2019-10-07 10:53:42,358 [main] INFO  server.AbstractConnector (AbstractConnector.java:doStart(278)) - Started ServerConnector@1373e3ee{HTTP/1.1,[http/1.1]}{0.0.0.0:44438}
2019-10-07 10:53:42,361 [main] INFO  server.Server (Server.java:doStart(419)) - Started @247324ms
2019-10-07 10:53:42,361 [main] WARN  impl.MetricsSystemImpl (MetricsSystemImpl.java:register(276)) - Sink prometheus already exists!
2019-10-07 10:53:42,362 [main] INFO  server.BaseHttpServer (BaseHttpServer.java:updateConnectorAddress(215)) - HTTP server of HDDSDATANODE is listening at http://0.0.0.0:44438
2019-10-07 10:53:42,362 [main] INFO  impl.MetricsSystemImpl (MetricsSystemImpl.java:init(158)) - HddsDatanode metrics system started (again)
2019-10-07 10:53:42,382 [org.apache.hadoop.util.JvmPauseMonitor$Monitor@53060d0e] INFO  util.JvmPauseMonitor (JvmPauseMonitor.java:run(188)) - Starting JVM pause monitor
2019-10-07 10:53:42,383 [Datanode State Machine Thread - 0] INFO  datanode.InitDatanodeState (InitDatanodeState.java:persistContainerDatanodeDetails(140)) - DatanodeDetails is persisted to /workdir/hadoop-ozone/integration-test/target/test-dir/MiniOzoneClusterImpl-ffc42c2b-17b1-476b-b296-1f3a80d212c9/datanode-5/meta/datanode.id
2019-10-07 10:53:42,383 [main] INFO  ozone.HddsDatanodeService (HddsDatanodeService.java:start(184)) - HddsDatanodeService host:pr-hdds-2238-6jxtw-691721237 ip:192.168.5.148
2019-10-07 10:53:42,393 [main] INFO  volume.HddsVolume (HddsVolume.java:<init>(176)) - Creating Volume: /workdir/hadoop-ozone/integration-test/target/test-dir/MiniOzoneClusterImpl-ffc42c2b-17b1-476b-b296-1f3a80d212c9/datanode-6/data/containers/hdds of  storage type : DISK and capacity : 1482555576320
2019-10-07 10:53:42,393 [main] INFO  volume.VolumeSet (VolumeSet.java:initializeVolumeSet(170)) - Added Volume : /workdir/hadoop-ozone/integration-test/target/test-dir/MiniOzoneClusterImpl-ffc42c2b-17b1-476b-b296-1f3a80d212c9/datanode-6/data/containers/hdds to VolumeSet
2019-10-07 10:53:42,393 [main] INFO  volume.ThrottledAsyncChecker (ThrottledAsyncChecker.java:schedule(139)) - Scheduling a check for org.apache.hadoop.ozone.container.common.volume.HddsVolume@60591e1b
2019-10-07 10:53:42,394 [main] INFO  volume.HddsVolumeChecker (HddsVolumeChecker.java:checkAllVolumes(202)) - Scheduled health check for volume org.apache.hadoop.ozone.container.common.volume.HddsVolume@60591e1b
2019-10-07 10:53:42,410 [main] INFO  impl.RaftServerProxy (ConfUtils.java:logGet(43)) - raft.rpc.type = GRPC (default)
2019-10-07 10:53:42,410 [main] INFO  grpc.GrpcFactory (GrpcFactory.java:checkPooledByteBufAllocatorUseCacheForAllThreads(45)) - PERFORMANCE WARNING: useCacheForAllThreads is true that may cause Netty to create a lot garbage objects and, as a result, trigger GC.
	It is recommended to disable useCacheForAllThreads by setting -Dorg.apache.ratis.thirdparty.io.netty.allocator.useCacheForAllThreads=false in command line.
2019-10-07 10:53:42,410 [main] INFO  grpc.GrpcConfigKeys$Server (ConfUtils.java:logGet(43)) - raft.grpc.server.port = 0 (default)
2019-10-07 10:53:42,411 [main] INFO  server.GrpcService (ConfUtils.java:logGet(43)) - raft.grpc.message.size.max = 33570816 (custom)
2019-10-07 10:53:42,411 [main] INFO  server.RaftServerConfigKeys (ConfUtils.java:logGet(43)) - raft.server.log.appender.buffer.byte-limit = 33554432 (custom)
2019-10-07 10:53:42,411 [main] INFO  server.GrpcService (ConfUtils.java:logGet(43)) - raft.grpc.flow.control.window = 1MB (=1048576) (default)
2019-10-07 10:53:42,411 [main] INFO  server.RaftServerConfigKeys (ConfUtils.java:logGet(43)) - raft.server.rpc.request.timeout = 3000ms (default)
2019-10-07 10:53:42,411 [main] INFO  server.RaftServerConfigKeys (ConfUtils.java:logGet(43)) - raft.server.storage.dir = [/workdir/hadoop-ozone/integration-test/target/test-dir/MiniOzoneClusterImpl-ffc42c2b-17b1-476b-b296-1f3a80d212c9/datanode-6/data/ratis] (custom)
2019-10-07 10:53:42,413 [main] INFO  hdfs.DFSUtil (DFSUtil.java:httpServerTemplateForNNAndJN(1641)) - Starting Web-server for hddsDatanode at: http://0.0.0.0:0
2019-10-07 10:53:42,414 [main] INFO  server.AuthenticationFilter (AuthenticationFilter.java:constructSecretProvider(240)) - Unable to initialize FileSignerSecretProvider, falling back to use random secrets.
2019-10-07 10:53:42,414 [main] WARN  http.HttpRequestLog (HttpRequestLog.java:getRequestLog(97)) - Jetty request log can only be enabled using Log4j
2019-10-07 10:53:42,415 [main] INFO  http.HttpServer2 (HttpServer2.java:addGlobalFilter(975)) - Added global filter 'safety' (class=org.apache.hadoop.http.HttpServer2$QuotingInputFilter)
2019-10-07 10:53:42,415 [main] INFO  http.HttpServer2 (HttpServer2.java:addFilter(948)) - Added filter static_user_filter (class=org.apache.hadoop.http.lib.StaticUserWebFilter$StaticUserFilter) to context hddsDatanode
2019-10-07 10:53:42,415 [main] INFO  http.HttpServer2 (HttpServer2.java:addFilter(958)) - Added filter static_user_filter (class=org.apache.hadoop.http.lib.StaticUserWebFilter$StaticUserFilter) to context logs
2019-10-07 10:53:42,416 [main] INFO  http.HttpServer2 (HttpServer2.java:addFilter(958)) - Added filter static_user_filter (class=org.apache.hadoop.http.lib.StaticUserWebFilter$StaticUserFilter) to context static
2019-10-07 10:53:42,416 [main] INFO  http.HttpServer2 (HttpServer2.java:bindListener(1191)) - Jetty bound to port 40938
2019-10-07 10:53:42,416 [main] INFO  server.Server (Server.java:doStart(351)) - jetty-9.3.25.v20180904, build timestamp: 2018-09-04T21:11:46Z, git hash: 3ce520221d0240229c862b122d2b06c12a625732
2019-10-07 10:53:42,418 [main] INFO  handler.ContextHandler (ContextHandler.java:doStart(781)) - Started o.e.j.s.ServletContextHandler@4a1a412e{/logs,file:///workdir/hadoop-ozone/integration-test/target/log,AVAILABLE}
2019-10-07 10:53:42,418 [main] INFO  handler.ContextHandler (ContextHandler.java:doStart(781)) - Started o.e.j.s.ServletContextHandler@5fd43e58{/static,jar:file:/home/user/.m2/repository/org/apache/hadoop/hadoop-hdds-container-service/0.5.0-SNAPSHOT/hadoop-hdds-container-service-0.5.0-SNAPSHOT.jar!/webapps/static,AVAILABLE}
2019-10-07 10:53:42,443 [main] INFO  handler.ContextHandler (ContextHandler.java:doStart(781)) - Started o.e.j.w.WebAppContext@33eb0d4{/,file:///tmp/jetty-0.0.0.0-40938-hddsDatanode-_-any-3106658062036622638.dir/webapp/,AVAILABLE}{/hddsDatanode}
2019-10-07 10:53:42,443 [main] INFO  server.AbstractConnector (AbstractConnector.java:doStart(278)) - Started ServerConnector@224d86d2{HTTP/1.1,[http/1.1]}{0.0.0.0:40938}
2019-10-07 10:53:42,446 [main] INFO  server.Server (Server.java:doStart(419)) - Started @247409ms
2019-10-07 10:53:42,447 [main] WARN  impl.MetricsSystemImpl (MetricsSystemImpl.java:register(276)) - Sink prometheus already exists!
2019-10-07 10:53:42,447 [main] INFO  server.BaseHttpServer (BaseHttpServer.java:updateConnectorAddress(215)) - HTTP server of HDDSDATANODE is listening at http://0.0.0.0:40938
2019-10-07 10:53:42,448 [main] INFO  ozone.MiniOzoneClusterImpl (MiniOzoneClusterImpl.java:lambda$waitForClusterToBeReady$0(147)) - Waiting for cluster to be ready. Got 0 of 7 DN Heartbeats.
2019-10-07 10:53:42,449 [org.apache.hadoop.util.JvmPauseMonitor$Monitor@4bb7a246] INFO  util.JvmPauseMonitor (JvmPauseMonitor.java:run(188)) - Starting JVM pause monitor
2019-10-07 10:53:42,450 [Datanode State Machine Thread - 0] INFO  datanode.InitDatanodeState (InitDatanodeState.java:persistContainerDatanodeDetails(140)) - DatanodeDetails is persisted to /workdir/hadoop-ozone/integration-test/target/test-dir/MiniOzoneClusterImpl-ffc42c2b-17b1-476b-b296-1f3a80d212c9/datanode-6/meta/datanode.id
2019-10-07 10:53:43,448 [main] INFO  ozone.MiniOzoneClusterImpl (MiniOzoneClusterImpl.java:lambda$waitForClusterToBeReady$0(147)) - Waiting for cluster to be ready. Got 0 of 7 DN Heartbeats.
2019-10-07 10:53:44,012 [Datanode State Machine Thread - 0] INFO  ozoneimpl.OzoneContainer (OzoneContainer.java:start(213)) - Attempting to start container services.
2019-10-07 10:53:44,012 [Datanode State Machine Thread - 0] INFO  ozoneimpl.OzoneContainer (OzoneContainer.java:startContainerScrub(177)) - Background container scanner has been disabled.
2019-10-07 10:53:44,012 [Datanode State Machine Thread - 0] INFO  ratis.XceiverServerRatis (XceiverServerRatis.java:start(418)) - Starting XceiverServerRatis 296cec83-c9ad-42f6-99b8-eb602f6667cc at port 0
2019-10-07 10:53:44,025 [Datanode State Machine Thread - 0] INFO  impl.RaftServerProxy (RaftServerProxy.java:lambda$start$3(299)) - 296cec83-c9ad-42f6-99b8-eb602f6667cc: start RPC server
2019-10-07 10:53:44,026 [Datanode State Machine Thread - 0] INFO  server.GrpcService (GrpcService.java:startImpl(158)) - 296cec83-c9ad-42f6-99b8-eb602f6667cc: GrpcService started, listening on 0.0.0.0/0.0.0.0:39753
2019-10-07 10:53:44,026 [Datanode State Machine Thread - 0] INFO  ratis.XceiverServerRatis (XceiverServerRatis.java:start(428)) - XceiverServerRatis 296cec83-c9ad-42f6-99b8-eb602f6667cc is started using port 39753
2019-10-07 10:53:44,039 [Datanode State Machine Thread - 0] INFO  server.XceiverServerGrpc (XceiverServerGrpc.java:start(149)) - XceiverServerGrpc 296cec83-c9ad-42f6-99b8-eb602f6667cc is started using port 39160
2019-10-07 10:53:44,039 [Datanode State Machine Thread - 0] INFO  ozoneimpl.OzoneContainer (OzoneContainer.java:start(213)) - Attempting to start container services.
2019-10-07 10:53:44,040 [Datanode State Machine Thread - 0] INFO  ozoneimpl.OzoneContainer (OzoneContainer.java:startContainerScrub(177)) - Background container scanner has been disabled.
2019-10-07 10:53:44,040 [Datanode State Machine Thread - 0] INFO  ratis.XceiverServerRatis (XceiverServerRatis.java:start(418)) - Starting XceiverServerRatis 20195c7f-f776-4f87-a7b3-d6dc926a8b4d at port 0
2019-10-07 10:53:44,051 [Datanode State Machine Thread - 0] INFO  impl.RaftServerProxy (RaftServerProxy.java:lambda$start$3(299)) - 20195c7f-f776-4f87-a7b3-d6dc926a8b4d: start RPC server
2019-10-07 10:53:44,055 [Datanode State Machine Thread - 0] INFO  server.GrpcService (GrpcService.java:startImpl(158)) - 20195c7f-f776-4f87-a7b3-d6dc926a8b4d: GrpcService started, listening on 0.0.0.0/0.0.0.0:38224
2019-10-07 10:53:44,055 [Datanode State Machine Thread - 0] INFO  ratis.XceiverServerRatis (XceiverServerRatis.java:start(428)) - XceiverServerRatis 20195c7f-f776-4f87-a7b3-d6dc926a8b4d is started using port 38224
2019-10-07 10:53:44,056 [Datanode State Machine Thread - 0] INFO  server.XceiverServerGrpc (XceiverServerGrpc.java:start(149)) - XceiverServerGrpc 20195c7f-f776-4f87-a7b3-d6dc926a8b4d is started using port 40059
2019-10-07 10:53:44,132 [Datanode State Machine Thread - 0] INFO  ozoneimpl.OzoneContainer (OzoneContainer.java:start(213)) - Attempting to start container services.
2019-10-07 10:53:44,132 [Datanode State Machine Thread - 0] INFO  ozoneimpl.OzoneContainer (OzoneContainer.java:startContainerScrub(177)) - Background container scanner has been disabled.
2019-10-07 10:53:44,132 [Datanode State Machine Thread - 0] INFO  ratis.XceiverServerRatis (XceiverServerRatis.java:start(418)) - Starting XceiverServerRatis 36416ac6-6aa8-473c-bdd6-7540be97e6e8 at port 0
2019-10-07 10:53:44,139 [Datanode State Machine Thread - 0] INFO  impl.RaftServerProxy (RaftServerProxy.java:lambda$start$3(299)) - 36416ac6-6aa8-473c-bdd6-7540be97e6e8: start RPC server
2019-10-07 10:53:44,140 [Datanode State Machine Thread - 0] INFO  server.GrpcService (GrpcService.java:startImpl(158)) - 36416ac6-6aa8-473c-bdd6-7540be97e6e8: GrpcService started, listening on 0.0.0.0/0.0.0.0:32791
2019-10-07 10:53:44,140 [Datanode State Machine Thread - 0] INFO  ratis.XceiverServerRatis (XceiverServerRatis.java:start(428)) - XceiverServerRatis 36416ac6-6aa8-473c-bdd6-7540be97e6e8 is started using port 32791
2019-10-07 10:53:44,141 [Datanode State Machine Thread - 0] INFO  server.XceiverServerGrpc (XceiverServerGrpc.java:start(149)) - XceiverServerGrpc 36416ac6-6aa8-473c-bdd6-7540be97e6e8 is started using port 39328
2019-10-07 10:53:44,224 [Datanode State Machine Thread - 0] INFO  ozoneimpl.OzoneContainer (OzoneContainer.java:start(213)) - Attempting to start container services.
2019-10-07 10:53:44,224 [Datanode State Machine Thread - 0] INFO  ozoneimpl.OzoneContainer (OzoneContainer.java:startContainerScrub(177)) - Background container scanner has been disabled.
2019-10-07 10:53:44,224 [Datanode State Machine Thread - 0] INFO  ratis.XceiverServerRatis (XceiverServerRatis.java:start(418)) - Starting XceiverServerRatis 5f4b0b8a-293c-44f2-89a7-be5121b1219a at port 0
2019-10-07 10:53:44,231 [Datanode State Machine Thread - 0] INFO  impl.RaftServerProxy (RaftServerProxy.java:lambda$start$3(299)) - 5f4b0b8a-293c-44f2-89a7-be5121b1219a: start RPC server
2019-10-07 10:53:44,232 [Datanode State Machine Thread - 0] INFO  server.GrpcService (GrpcService.java:startImpl(158)) - 5f4b0b8a-293c-44f2-89a7-be5121b1219a: GrpcService started, listening on 0.0.0.0/0.0.0.0:33362
2019-10-07 10:53:44,232 [Datanode State Machine Thread - 0] INFO  ratis.XceiverServerRatis (XceiverServerRatis.java:start(428)) - XceiverServerRatis 5f4b0b8a-293c-44f2-89a7-be5121b1219a is started using port 33362
2019-10-07 10:53:44,232 [Datanode State Machine Thread - 0] INFO  server.XceiverServerGrpc (XceiverServerGrpc.java:start(149)) - XceiverServerGrpc 5f4b0b8a-293c-44f2-89a7-be5121b1219a is started using port 40665
2019-10-07 10:53:44,312 [Datanode State Machine Thread - 0] INFO  ozoneimpl.OzoneContainer (OzoneContainer.java:start(213)) - Attempting to start container services.
2019-10-07 10:53:44,312 [Datanode State Machine Thread - 0] INFO  ozoneimpl.OzoneContainer (OzoneContainer.java:startContainerScrub(177)) - Background container scanner has been disabled.
2019-10-07 10:53:44,313 [Datanode State Machine Thread - 0] INFO  ratis.XceiverServerRatis (XceiverServerRatis.java:start(418)) - Starting XceiverServerRatis 0e51aef5-f20c-490d-b0e0-642ea0a184f8 at port 0
2019-10-07 10:53:44,322 [Datanode State Machine Thread - 0] INFO  impl.RaftServerProxy (RaftServerProxy.java:lambda$start$3(299)) - 0e51aef5-f20c-490d-b0e0-642ea0a184f8: start RPC server
2019-10-07 10:53:44,323 [Datanode State Machine Thread - 0] INFO  server.GrpcService (GrpcService.java:startImpl(158)) - 0e51aef5-f20c-490d-b0e0-642ea0a184f8: GrpcService started, listening on 0.0.0.0/0.0.0.0:44282
2019-10-07 10:53:44,323 [Datanode State Machine Thread - 0] INFO  ratis.XceiverServerRatis (XceiverServerRatis.java:start(428)) - XceiverServerRatis 0e51aef5-f20c-490d-b0e0-642ea0a184f8 is started using port 44282
2019-10-07 10:53:44,324 [Datanode State Machine Thread - 0] INFO  server.XceiverServerGrpc (XceiverServerGrpc.java:start(149)) - XceiverServerGrpc 0e51aef5-f20c-490d-b0e0-642ea0a184f8 is started using port 38677
2019-10-07 10:53:44,397 [Datanode State Machine Thread - 0] INFO  ozoneimpl.OzoneContainer (OzoneContainer.java:start(213)) - Attempting to start container services.
2019-10-07 10:53:44,398 [Datanode State Machine Thread - 0] INFO  ozoneimpl.OzoneContainer (OzoneContainer.java:startContainerScrub(177)) - Background container scanner has been disabled.
2019-10-07 10:53:44,398 [Datanode State Machine Thread - 0] INFO  ratis.XceiverServerRatis (XceiverServerRatis.java:start(418)) - Starting XceiverServerRatis d145b607-db3a-46d5-8e94-f1137714c886 at port 0
2019-10-07 10:53:44,405 [Datanode State Machine Thread - 0] INFO  impl.RaftServerProxy (RaftServerProxy.java:lambda$start$3(299)) - d145b607-db3a-46d5-8e94-f1137714c886: start RPC server
2019-10-07 10:53:44,410 [Datanode State Machine Thread - 0] INFO  server.GrpcService (GrpcService.java:startImpl(158)) - d145b607-db3a-46d5-8e94-f1137714c886: GrpcService started, listening on 0.0.0.0/0.0.0.0:36887
2019-10-07 10:53:44,410 [Datanode State Machine Thread - 0] INFO  ratis.XceiverServerRatis (XceiverServerRatis.java:start(428)) - XceiverServerRatis d145b607-db3a-46d5-8e94-f1137714c886 is started using port 36887
2019-10-07 10:53:44,410 [Datanode State Machine Thread - 0] INFO  server.XceiverServerGrpc (XceiverServerGrpc.java:start(149)) - XceiverServerGrpc d145b607-db3a-46d5-8e94-f1137714c886 is started using port 45852
2019-10-07 10:53:44,448 [main] INFO  ozone.MiniOzoneClusterImpl (MiniOzoneClusterImpl.java:lambda$waitForClusterToBeReady$0(147)) - Waiting for cluster to be ready. Got 0 of 7 DN Heartbeats.
2019-10-07 10:53:44,462 [Datanode State Machine Thread - 0] INFO  ozoneimpl.OzoneContainer (OzoneContainer.java:start(213)) - Attempting to start container services.
2019-10-07 10:53:44,464 [Datanode State Machine Thread - 0] INFO  ozoneimpl.OzoneContainer (OzoneContainer.java:startContainerScrub(177)) - Background container scanner has been disabled.
2019-10-07 10:53:44,464 [Datanode State Machine Thread - 0] INFO  ratis.XceiverServerRatis (XceiverServerRatis.java:start(418)) - Starting XceiverServerRatis 5fd55432-8dae-414a-b6ed-876ba2625996 at port 0
2019-10-07 10:53:44,471 [Datanode State Machine Thread - 0] INFO  impl.RaftServerProxy (RaftServerProxy.java:lambda$start$3(299)) - 5fd55432-8dae-414a-b6ed-876ba2625996: start RPC server
2019-10-07 10:53:44,473 [Datanode State Machine Thread - 0] INFO  server.GrpcService (GrpcService.java:startImpl(158)) - 5fd55432-8dae-414a-b6ed-876ba2625996: GrpcService started, listening on 0.0.0.0/0.0.0.0:44883
2019-10-07 10:53:44,473 [Datanode State Machine Thread - 0] INFO  ratis.XceiverServerRatis (XceiverServerRatis.java:start(428)) - XceiverServerRatis 5fd55432-8dae-414a-b6ed-876ba2625996 is started using port 44883
2019-10-07 10:53:44,473 [Datanode State Machine Thread - 0] INFO  server.XceiverServerGrpc (XceiverServerGrpc.java:start(149)) - XceiverServerGrpc 5fd55432-8dae-414a-b6ed-876ba2625996 is started using port 35261
2019-10-07 10:53:44,697 [grpc-default-executor-3] WARN  server.GrpcLogAppender (LogUtils.java:warn(134)) - f0c02f1b-7192-45ee-be91-59a0f18f6150@group-9C0F0BB22B1E->9feb3379-7171-4df4-b299-4b714504f75e-AppendLogResponseHandler: Failed appendEntries: org.apache.ratis.thirdparty.io.grpc.StatusRuntimeException: UNAVAILABLE: io exception
2019-10-07 10:53:44,697 [grpc-default-executor-4] WARN  server.GrpcLogAppender (LogUtils.java:warn(134)) - f0c02f1b-7192-45ee-be91-59a0f18f6150@group-9C0F0BB22B1E->24476e73-5d23-4249-9898-8edc248c0287-AppendLogResponseHandler: Failed appendEntries: org.apache.ratis.thirdparty.io.grpc.StatusRuntimeException: UNAVAILABLE: io exception
2019-10-07 10:53:44,698 [grpc-default-executor-3] INFO  impl.FollowerInfo (FollowerInfo.java:lambda$new$0(51)) - f0c02f1b-7192-45ee-be91-59a0f18f6150@group-9C0F0BB22B1E->9feb3379-7171-4df4-b299-4b714504f75e: nextIndex: updateUnconditionally 0 -> 0
2019-10-07 10:53:44,698 [grpc-default-executor-4] INFO  impl.FollowerInfo (FollowerInfo.java:lambda$new$0(51)) - f0c02f1b-7192-45ee-be91-59a0f18f6150@group-9C0F0BB22B1E->24476e73-5d23-4249-9898-8edc248c0287: nextIndex: updateUnconditionally 0 -> 0
2019-10-07 10:53:45,449 [main] INFO  ozone.MiniOzoneClusterImpl (MiniOzoneClusterImpl.java:lambda$waitForClusterToBeReady$0(147)) - Waiting for cluster to be ready. Got 0 of 7 DN Heartbeats.
2019-10-07 10:53:45,928 [IPC Server handler 3 on 33700] INFO  net.NetworkTopology (NetworkTopologyImpl.java:add(111)) - Added a new node: /default-rack/296cec83-c9ad-42f6-99b8-eb602f6667cc
2019-10-07 10:53:45,933 [IPC Server handler 3 on 33700] INFO  node.SCMNodeManager (SCMNodeManager.java:register(268)) - Registered Data node : 296cec83-c9ad-42f6-99b8-eb602f6667cc{ip: 192.168.5.148, host: pr-hdds-2238-6jxtw-691721237, networkLocation: /default-rack, certSerialId: null}
2019-10-07 10:53:45,934 [EventQueue-NodeRegistrationContainerReportForDataNodeSafeModeRule] INFO  safemode.SCMSafeModeManager (DataNodeSafeModeRule.java:process(71)) - SCM in safe mode. 1 DataNodes registered, 1 required.
2019-10-07 10:53:45,938 [EventQueue-NodeRegistrationContainerReportForDataNodeSafeModeRule] INFO  safemode.SCMSafeModeManager (SCMSafeModeManager.java:validateSafeModeExitRules(177)) - ScmSafeModeManager, all rules are successfully validated
2019-10-07 10:53:45,938 [EventQueue-NodeRegistrationContainerReportForDataNodeSafeModeRule] INFO  safemode.SCMSafeModeManager (SCMSafeModeManager.java:exitSafeMode(193)) - SCM exiting safe mode.
2019-10-07 10:53:45,949 [grpc-default-executor-3] INFO  impl.RaftServerProxy (RaftServerProxy.java:addNew(89)) - 296cec83-c9ad-42f6-99b8-eb602f6667cc: addNew group-8E4DF49E2C2D:[296cec83-c9ad-42f6-99b8-eb602f6667cc:192.168.5.148:39753] returns group-8E4DF49E2C2D:java.util.concurrent.CompletableFuture@7198ead[Not completed]
2019-10-07 10:53:45,953 [pool-383-thread-1] INFO  impl.RaftServerImpl (RaftServerImpl.java:<init>(95)) - 296cec83-c9ad-42f6-99b8-eb602f6667cc: new RaftServerImpl for group-8E4DF49E2C2D:[296cec83-c9ad-42f6-99b8-eb602f6667cc:192.168.5.148:39753] with ContainerStateMachine:uninitialized
2019-10-07 10:53:45,954 [pool-383-thread-1] INFO  server.RaftServerConfigKeys (ConfUtils.java:logGet(43)) - raft.server.rpc.timeout.min = 5s (custom)
2019-10-07 10:53:45,954 [pool-383-thread-1] INFO  server.RaftServerConfigKeys (ConfUtils.java:logGet(43)) - raft.server.rpc.timeout.max = 5200ms (custom)
2019-10-07 10:53:45,954 [pool-383-thread-1] INFO  server.RaftServerConfigKeys (ConfUtils.java:logGet(43)) - raft.server.rpcslowness.timeout = 120s (custom)
2019-10-07 10:53:45,954 [pool-383-thread-1] INFO  server.RaftServerConfigKeys (ConfUtils.java:logGet(43)) - raft.server.sleep.deviation.threshold = 300 (default)
2019-10-07 10:53:45,954 [pool-383-thread-1] INFO  server.RaftServerConfigKeys (ConfUtils.java:logGet(43)) - raft.server.log.appender.install.snapshot.enabled = false (custom)
2019-10-07 10:53:45,955 [pool-383-thread-1] INFO  impl.RaftServerImpl (ServerState.java:<init>(103)) - 296cec83-c9ad-42f6-99b8-eb602f6667cc@group-8E4DF49E2C2D: ConfigurationManager, init=-1: [296cec83-c9ad-42f6-99b8-eb602f6667cc:192.168.5.148:39753], old=null, confs=<EMPTY_MAP>
2019-10-07 10:53:45,955 [pool-383-thread-1] INFO  server.RaftServerConfigKeys (ConfUtils.java:logGet(43)) - raft.server.storage.dir = [/workdir/hadoop-ozone/integration-test/target/test-dir/MiniOzoneClusterImpl-ffc42c2b-17b1-476b-b296-1f3a80d212c9/datanode-0/data/ratis] (custom)
2019-10-07 10:53:45,956 [pool-383-thread-1] INFO  server.RaftServerConfigKeys (ConfUtils.java:logGet(43)) - raft.server.log.corruption.policy = EXCEPTION (default)
2019-10-07 10:53:45,956 [pool-383-thread-1] INFO  storage.RaftStorageDirectory (RaftStorageDirectory.java:analyzeStorage(246)) - The storage directory /workdir/hadoop-ozone/integration-test/target/test-dir/MiniOzoneClusterImpl-ffc42c2b-17b1-476b-b296-1f3a80d212c9/datanode-0/data/ratis/047e287b-6166-465c-a27b-8e4df49e2c2d does not exist. Creating ...
2019-10-07 10:53:45,969 [pool-383-thread-1] INFO  storage.RaftStorageDirectory (RaftStorageDirectory.java:tryLock(328)) - Lock on /workdir/hadoop-ozone/integration-test/target/test-dir/MiniOzoneClusterImpl-ffc42c2b-17b1-476b-b296-1f3a80d212c9/datanode-0/data/ratis/047e287b-6166-465c-a27b-8e4df49e2c2d/in_use.lock acquired by nodename 24021@pr-hdds-2238-6jxtw-691721237
2019-10-07 10:53:45,982 [pool-383-thread-1] INFO  storage.RaftStorage (RaftStorage.java:format(84)) - Storage directory /workdir/hadoop-ozone/integration-test/target/test-dir/MiniOzoneClusterImpl-ffc42c2b-17b1-476b-b296-1f3a80d212c9/datanode-0/data/ratis/047e287b-6166-465c-a27b-8e4df49e2c2d has been successfully formatted.
2019-10-07 10:53:45,983 [pool-383-thread-1] INFO  ratis.ContainerStateMachine (ContainerStateMachine.java:loadSnapshot(231)) - group-8E4DF49E2C2D: The snapshot info is null. Setting the last applied indexto:(t:0, i:~)
2019-10-07 10:53:45,983 [pool-383-thread-1] INFO  server.RaftServerConfigKeys (ConfUtils.java:logGet(43)) - raft.server.notification.no-leader.timeout = 120s (custom)
2019-10-07 10:53:45,983 [pool-383-thread-1] INFO  server.RaftServerConfigKeys (ConfUtils.java:logGet(43)) - raft.server.log.use.memory = false (default)
2019-10-07 10:53:45,983 [pool-383-thread-1] INFO  server.RaftServerConfigKeys (ConfUtils.java:logGet(43)) - raft.server.log.purge.gap = 1000000 (custom)
2019-10-07 10:53:45,983 [pool-383-thread-1] INFO  server.RaftServerConfigKeys (ConfUtils.java:logGet(43)) - raft.server.log.appender.buffer.byte-limit = 33554432 (custom)
2019-10-07 10:53:45,983 [pool-383-thread-1] INFO  server.RaftServerConfigKeys (ConfUtils.java:logGet(43)) - raft.server.log.segment.size.max = 1048576 (custom)
2019-10-07 10:53:45,986 [pool-383-thread-1] INFO  server.RaftServerConfigKeys (ConfUtils.java:logGet(43)) - raft.server.log.segment.cache.num.max = 2 (custom)
2019-10-07 10:53:45,986 [pool-383-thread-1] INFO  segmented.SegmentedRaftLogWorker (SegmentedRaftLogWorker.java:<init>(173)) - new 296cec83-c9ad-42f6-99b8-eb602f6667cc@group-8E4DF49E2C2D-SegmentedRaftLogWorker for RaftStorage:Storage Directory /workdir/hadoop-ozone/integration-test/target/test-dir/MiniOzoneClusterImpl-ffc42c2b-17b1-476b-b296-1f3a80d212c9/datanode-0/data/ratis/047e287b-6166-465c-a27b-8e4df49e2c2d
2019-10-07 10:53:45,986 [pool-383-thread-1] INFO  server.RaftServerConfigKeys (ConfUtils.java:logGet(43)) - raft.server.log.queue.byte-limit = 2147483647 (custom)
2019-10-07 10:53:45,986 [pool-383-thread-1] INFO  server.RaftServerConfigKeys (ConfUtils.java:logGet(43)) - raft.server.log.queue.element-limit = 1024 (custom)
2019-10-07 10:53:45,986 [pool-383-thread-1] INFO  server.RaftServerConfigKeys (ConfUtils.java:logGet(43)) - raft.server.log.segment.size.max = 1048576 (custom)
2019-10-07 10:53:45,987 [pool-383-thread-1] INFO  server.RaftServerConfigKeys (ConfUtils.java:logGet(43)) - raft.server.log.preallocated.size = 16384 (custom)
2019-10-07 10:53:45,987 [pool-383-thread-1] INFO  server.RaftServerConfigKeys (ConfUtils.java:logGet(43)) - raft.server.log.write.buffer.size = 33554432 (custom)
2019-10-07 10:53:45,987 [pool-383-thread-1] INFO  server.RaftServerConfigKeys (ConfUtils.java:logGet(43)) - raft.server.log.force.sync.num = 128 (default)
2019-10-07 10:53:45,987 [pool-383-thread-1] INFO  server.RaftServerConfigKeys (ConfUtils.java:logGet(43)) - raft.server.log.statemachine.data.sync = true (default)
2019-10-07 10:53:45,987 [pool-383-thread-1] INFO  server.RaftServerConfigKeys (ConfUtils.java:logGet(43)) - raft.server.log.statemachine.data.sync.timeout = 10s (default)
2019-10-07 10:53:45,987 [pool-383-thread-1] INFO  server.RaftServerConfigKeys (ConfUtils.java:logGet(43)) - raft.server.log.statemachine.data.sync.timeout.retry = -1 (default)
2019-10-07 10:53:45,988 [pool-383-thread-1] INFO  server.RaftServerConfigKeys (ConfUtils.java:logGet(43)) - raft.server.log.statemachine.data.caching.enabled = true (custom)
2019-10-07 10:53:45,988 [pool-383-thread-1] INFO  segmented.SegmentedRaftLogWorker (SegmentedRaftLogWorker.java:lambda$new$0(128)) - 296cec83-c9ad-42f6-99b8-eb602f6667cc@group-8E4DF49E2C2D-SegmentedRaftLogWorker: flushIndex: setUnconditionally 0 -> -1
2019-10-07 10:53:45,989 [pool-383-thread-1] INFO  server.RaftServerConfigKeys (ConfUtils.java:logGet(43)) - raft.server.snapshot.auto.trigger.enabled = true (custom)
2019-10-07 10:53:45,989 [pool-383-thread-1] INFO  server.RaftServerConfigKeys (ConfUtils.java:logGet(43)) - raft.server.snapshot.auto.trigger.threshold = 10000 (custom)
2019-10-07 10:53:45,989 [pool-383-thread-1] INFO  server.RaftServerConfigKeys (ConfUtils.java:logGet(43)) - raft.server.snapshot.retention.file.num = 5 (custom)
2019-10-07 10:53:45,989 [pool-383-thread-1] INFO  server.RaftServerConfigKeys (ConfUtils.java:logGet(43)) - raft.server.retrycache.expirytime = 600000ms (custom)
2019-10-07 10:53:45,991 [pool-383-thread-1] INFO  impl.RaftServerImpl (RaftServerImpl.java:start(181)) - 296cec83-c9ad-42f6-99b8-eb602f6667cc@group-8E4DF49E2C2D: start as a follower, conf=-1: [296cec83-c9ad-42f6-99b8-eb602f6667cc:192.168.5.148:39753], old=null
2019-10-07 10:53:45,991 [pool-383-thread-1] INFO  impl.RaftServerImpl (RaftServerImpl.java:setRole(170)) - 296cec83-c9ad-42f6-99b8-eb602f6667cc@group-8E4DF49E2C2D: changes role from      null to FOLLOWER at term 0 for startAsFollower
2019-10-07 10:53:45,991 [pool-383-thread-1] INFO  impl.RoleInfo (RoleInfo.java:updateAndGet(143)) - 296cec83-c9ad-42f6-99b8-eb602f6667cc: start FollowerState
2019-10-07 10:53:45,992 [pool-383-thread-1] INFO  util.JmxRegister (JmxRegister.java:tryRegister(44)) - Successfully registered JMX Bean with object name Ratis:service=RaftServer,group=group-8E4DF49E2C2D,id=296cec83-c9ad-42f6-99b8-eb602f6667cc
2019-10-07 10:53:46,007 [RatisPipelineUtilsThread] INFO  pipeline.PipelineStateManager (PipelineStateManager.java:addPipeline(56)) - Created pipeline Pipeline[ Id: 047e287b-6166-465c-a27b-8e4df49e2c2d, Nodes: 296cec83-c9ad-42f6-99b8-eb602f6667cc{ip: 192.168.5.148, host: pr-hdds-2238-6jxtw-691721237, networkLocation: /default-rack, certSerialId: null}, Type:RATIS, Factor:ONE, State:OPEN]
2019-10-07 10:53:46,019 [IPC Server handler 4 on 33700] INFO  net.NetworkTopology (NetworkTopologyImpl.java:add(111)) - Added a new node: /default-rack/20195c7f-f776-4f87-a7b3-d6dc926a8b4d
2019-10-07 10:53:46,019 [IPC Server handler 4 on 33700] INFO  node.SCMNodeManager (SCMNodeManager.java:register(268)) - Registered Data node : 20195c7f-f776-4f87-a7b3-d6dc926a8b4d{ip: 192.168.5.148, host: pr-hdds-2238-6jxtw-691721237, networkLocation: /default-rack, certSerialId: null}
2019-10-07 10:53:46,028 [grpc-default-executor-3] INFO  impl.RaftServerProxy (RaftServerProxy.java:addNew(89)) - 20195c7f-f776-4f87-a7b3-d6dc926a8b4d: addNew group-E2C15BD2F83F:[20195c7f-f776-4f87-a7b3-d6dc926a8b4d:192.168.5.148:38224] returns group-E2C15BD2F83F:java.util.concurrent.CompletableFuture@759f43c9[Not completed]
2019-10-07 10:53:46,030 [pool-393-thread-1] INFO  impl.RaftServerImpl (RaftServerImpl.java:<init>(95)) - 20195c7f-f776-4f87-a7b3-d6dc926a8b4d: new RaftServerImpl for group-E2C15BD2F83F:[20195c7f-f776-4f87-a7b3-d6dc926a8b4d:192.168.5.148:38224] with ContainerStateMachine:uninitialized
2019-10-07 10:53:46,030 [pool-393-thread-1] INFO  server.RaftServerConfigKeys (ConfUtils.java:logGet(43)) - raft.server.rpc.timeout.min = 5s (custom)
2019-10-07 10:53:46,030 [pool-393-thread-1] INFO  server.RaftServerConfigKeys (ConfUtils.java:logGet(43)) - raft.server.rpc.timeout.max = 5200ms (custom)
2019-10-07 10:53:46,031 [pool-393-thread-1] INFO  server.RaftServerConfigKeys (ConfUtils.java:logGet(43)) - raft.server.rpcslowness.timeout = 120s (custom)
2019-10-07 10:53:46,031 [pool-393-thread-1] INFO  server.RaftServerConfigKeys (ConfUtils.java:logGet(43)) - raft.server.sleep.deviation.threshold = 300 (default)
2019-10-07 10:53:46,031 [pool-393-thread-1] INFO  server.RaftServerConfigKeys (ConfUtils.java:logGet(43)) - raft.server.log.appender.install.snapshot.enabled = false (custom)
2019-10-07 10:53:46,031 [pool-393-thread-1] INFO  impl.RaftServerImpl (ServerState.java:<init>(103)) - 20195c7f-f776-4f87-a7b3-d6dc926a8b4d@group-E2C15BD2F83F: ConfigurationManager, init=-1: [20195c7f-f776-4f87-a7b3-d6dc926a8b4d:192.168.5.148:38224], old=null, confs=<EMPTY_MAP>
2019-10-07 10:53:46,031 [pool-393-thread-1] INFO  server.RaftServerConfigKeys (ConfUtils.java:logGet(43)) - raft.server.storage.dir = [/workdir/hadoop-ozone/integration-test/target/test-dir/MiniOzoneClusterImpl-ffc42c2b-17b1-476b-b296-1f3a80d212c9/datanode-1/data/ratis] (custom)
2019-10-07 10:53:46,032 [pool-393-thread-1] INFO  server.RaftServerConfigKeys (ConfUtils.java:logGet(43)) - raft.server.log.corruption.policy = EXCEPTION (default)
2019-10-07 10:53:46,032 [pool-393-thread-1] INFO  storage.RaftStorageDirectory (RaftStorageDirectory.java:analyzeStorage(246)) - The storage directory /workdir/hadoop-ozone/integration-test/target/test-dir/MiniOzoneClusterImpl-ffc42c2b-17b1-476b-b296-1f3a80d212c9/datanode-1/data/ratis/51e40c87-3e09-4979-a0b9-e2c15bd2f83f does not exist. Creating ...
2019-10-07 10:53:46,045 [pool-393-thread-1] INFO  storage.RaftStorageDirectory (RaftStorageDirectory.java:tryLock(328)) - Lock on /workdir/hadoop-ozone/integration-test/target/test-dir/MiniOzoneClusterImpl-ffc42c2b-17b1-476b-b296-1f3a80d212c9/datanode-1/data/ratis/51e40c87-3e09-4979-a0b9-e2c15bd2f83f/in_use.lock acquired by nodename 24021@pr-hdds-2238-6jxtw-691721237
2019-10-07 10:53:46,058 [pool-393-thread-1] INFO  storage.RaftStorage (RaftStorage.java:format(84)) - Storage directory /workdir/hadoop-ozone/integration-test/target/test-dir/MiniOzoneClusterImpl-ffc42c2b-17b1-476b-b296-1f3a80d212c9/datanode-1/data/ratis/51e40c87-3e09-4979-a0b9-e2c15bd2f83f has been successfully formatted.
2019-10-07 10:53:46,058 [pool-393-thread-1] INFO  ratis.ContainerStateMachine (ContainerStateMachine.java:loadSnapshot(231)) - group-E2C15BD2F83F: The snapshot info is null. Setting the last applied indexto:(t:0, i:~)
2019-10-07 10:53:46,058 [pool-393-thread-1] INFO  server.RaftServerConfigKeys (ConfUtils.java:logGet(43)) - raft.server.notification.no-leader.timeout = 120s (custom)
2019-10-07 10:53:46,058 [pool-393-thread-1] INFO  server.RaftServerConfigKeys (ConfUtils.java:logGet(43)) - raft.server.log.use.memory = false (default)
2019-10-07 10:53:46,059 [pool-393-thread-1] INFO  server.RaftServerConfigKeys (ConfUtils.java:logGet(43)) - raft.server.log.purge.gap = 1000000 (custom)
2019-10-07 10:53:46,059 [pool-393-thread-1] INFO  server.RaftServerConfigKeys (ConfUtils.java:logGet(43)) - raft.server.log.appender.buffer.byte-limit = 33554432 (custom)
2019-10-07 10:53:46,059 [pool-393-thread-1] INFO  server.RaftServerConfigKeys (ConfUtils.java:logGet(43)) - raft.server.log.segment.size.max = 1048576 (custom)
2019-10-07 10:53:46,061 [pool-393-thread-1] INFO  server.RaftServerConfigKeys (ConfUtils.java:logGet(43)) - raft.server.log.segment.cache.num.max = 2 (custom)
2019-10-07 10:53:46,061 [pool-393-thread-1] INFO  segmented.SegmentedRaftLogWorker (SegmentedRaftLogWorker.java:<init>(173)) - new 20195c7f-f776-4f87-a7b3-d6dc926a8b4d@group-E2C15BD2F83F-SegmentedRaftLogWorker for RaftStorage:Storage Directory /workdir/hadoop-ozone/integration-test/target/test-dir/MiniOzoneClusterImpl-ffc42c2b-17b1-476b-b296-1f3a80d212c9/datanode-1/data/ratis/51e40c87-3e09-4979-a0b9-e2c15bd2f83f
2019-10-07 10:53:46,061 [pool-393-thread-1] INFO  server.RaftServerConfigKeys (ConfUtils.java:logGet(43)) - raft.server.log.queue.byte-limit = 2147483647 (custom)
2019-10-07 10:53:46,062 [pool-393-thread-1] INFO  server.RaftServerConfigKeys (ConfUtils.java:logGet(43)) - raft.server.log.queue.element-limit = 1024 (custom)
2019-10-07 10:53:46,062 [pool-393-thread-1] INFO  server.RaftServerConfigKeys (ConfUtils.java:logGet(43)) - raft.server.log.segment.size.max = 1048576 (custom)
2019-10-07 10:53:46,062 [pool-393-thread-1] INFO  server.RaftServerConfigKeys (ConfUtils.java:logGet(43)) - raft.server.log.preallocated.size = 16384 (custom)
2019-10-07 10:53:46,062 [pool-393-thread-1] INFO  server.RaftServerConfigKeys (ConfUtils.java:logGet(43)) - raft.server.log.write.buffer.size = 33554432 (custom)
2019-10-07 10:53:46,062 [pool-393-thread-1] INFO  server.RaftServerConfigKeys (ConfUtils.java:logGet(43)) - raft.server.log.force.sync.num = 128 (default)
2019-10-07 10:53:46,062 [pool-393-thread-1] INFO  server.RaftServerConfigKeys (ConfUtils.java:logGet(43)) - raft.server.log.statemachine.data.sync = true (default)
2019-10-07 10:53:46,063 [pool-393-thread-1] INFO  server.RaftServerConfigKeys (ConfUtils.java:logGet(43)) - raft.server.log.statemachine.data.sync.timeout = 10s (default)
2019-10-07 10:53:46,063 [pool-393-thread-1] INFO  server.RaftServerConfigKeys (ConfUtils.java:logGet(43)) - raft.server.log.statemachine.data.sync.timeout.retry = -1 (default)
2019-10-07 10:53:46,063 [pool-393-thread-1] INFO  server.RaftServerConfigKeys (ConfUtils.java:logGet(43)) - raft.server.log.statemachine.data.caching.enabled = true (custom)
2019-10-07 10:53:46,064 [pool-393-thread-1] INFO  segmented.SegmentedRaftLogWorker (SegmentedRaftLogWorker.java:lambda$new$0(128)) - 20195c7f-f776-4f87-a7b3-d6dc926a8b4d@group-E2C15BD2F83F-SegmentedRaftLogWorker: flushIndex: setUnconditionally 0 -> -1
2019-10-07 10:53:46,064 [pool-393-thread-1] INFO  server.RaftServerConfigKeys (ConfUtils.java:logGet(43)) - raft.server.snapshot.auto.trigger.enabled = true (custom)
2019-10-07 10:53:46,064 [pool-393-thread-1] INFO  server.RaftServerConfigKeys (ConfUtils.java:logGet(43)) - raft.server.snapshot.auto.trigger.threshold = 10000 (custom)
2019-10-07 10:53:46,064 [pool-393-thread-1] INFO  server.RaftServerConfigKeys (ConfUtils.java:logGet(43)) - raft.server.snapshot.retention.file.num = 5 (custom)
2019-10-07 10:53:46,064 [pool-393-thread-1] INFO  server.RaftServerConfigKeys (ConfUtils.java:logGet(43)) - raft.server.retrycache.expirytime = 600000ms (custom)
2019-10-07 10:53:46,066 [pool-393-thread-1] INFO  impl.RaftServerImpl (RaftServerImpl.java:start(181)) - 20195c7f-f776-4f87-a7b3-d6dc926a8b4d@group-E2C15BD2F83F: start as a follower, conf=-1: [20195c7f-f776-4f87-a7b3-d6dc926a8b4d:192.168.5.148:38224], old=null
2019-10-07 10:53:46,067 [pool-393-thread-1] INFO  impl.RaftServerImpl (RaftServerImpl.java:setRole(170)) - 20195c7f-f776-4f87-a7b3-d6dc926a8b4d@group-E2C15BD2F83F: changes role from      null to FOLLOWER at term 0 for startAsFollower
2019-10-07 10:53:46,067 [pool-393-thread-1] INFO  impl.RoleInfo (RoleInfo.java:updateAndGet(143)) - 20195c7f-f776-4f87-a7b3-d6dc926a8b4d: start FollowerState
2019-10-07 10:53:46,067 [pool-393-thread-1] INFO  util.JmxRegister (JmxRegister.java:tryRegister(44)) - Successfully registered JMX Bean with object name Ratis:service=RaftServer,group=group-E2C15BD2F83F,id=20195c7f-f776-4f87-a7b3-d6dc926a8b4d
2019-10-07 10:53:46,071 [RatisPipelineUtilsThread] INFO  pipeline.PipelineStateManager (PipelineStateManager.java:addPipeline(56)) - Created pipeline Pipeline[ Id: 51e40c87-3e09-4979-a0b9-e2c15bd2f83f, Nodes: 20195c7f-f776-4f87-a7b3-d6dc926a8b4d{ip: 192.168.5.148, host: pr-hdds-2238-6jxtw-691721237, networkLocation: /default-rack, certSerialId: null}, Type:RATIS, Factor:ONE, State:OPEN]
2019-10-07 10:53:46,120 [IPC Server handler 5 on 33700] INFO  net.NetworkTopology (NetworkTopologyImpl.java:add(111)) - Added a new node: /default-rack/36416ac6-6aa8-473c-bdd6-7540be97e6e8
2019-10-07 10:53:46,120 [IPC Server handler 5 on 33700] INFO  node.SCMNodeManager (SCMNodeManager.java:register(268)) - Registered Data node : 36416ac6-6aa8-473c-bdd6-7540be97e6e8{ip: 192.168.5.148, host: pr-hdds-2238-6jxtw-691721237, networkLocation: /default-rack, certSerialId: null}
2019-10-07 10:53:46,129 [grpc-default-executor-3] INFO  impl.RaftServerProxy (RaftServerProxy.java:addNew(89)) - 36416ac6-6aa8-473c-bdd6-7540be97e6e8: addNew group-A3AF3AADF4C3:[36416ac6-6aa8-473c-bdd6-7540be97e6e8:192.168.5.148:32791] returns group-A3AF3AADF4C3:java.util.concurrent.CompletableFuture@3c060f45[Not completed]
2019-10-07 10:53:46,130 [pool-403-thread-1] INFO  impl.RaftServerImpl (RaftServerImpl.java:<init>(95)) - 36416ac6-6aa8-473c-bdd6-7540be97e6e8: new RaftServerImpl for group-A3AF3AADF4C3:[36416ac6-6aa8-473c-bdd6-7540be97e6e8:192.168.5.148:32791] with ContainerStateMachine:uninitialized
2019-10-07 10:53:46,130 [pool-403-thread-1] INFO  server.RaftServerConfigKeys (ConfUtils.java:logGet(43)) - raft.server.rpc.timeout.min = 5s (custom)
2019-10-07 10:53:46,131 [pool-403-thread-1] INFO  server.RaftServerConfigKeys (ConfUtils.java:logGet(43)) - raft.server.rpc.timeout.max = 5200ms (custom)
2019-10-07 10:53:46,131 [pool-403-thread-1] INFO  server.RaftServerConfigKeys (ConfUtils.java:logGet(43)) - raft.server.rpcslowness.timeout = 120s (custom)
2019-10-07 10:53:46,131 [pool-403-thread-1] INFO  server.RaftServerConfigKeys (ConfUtils.java:logGet(43)) - raft.server.sleep.deviation.threshold = 300 (default)
2019-10-07 10:53:46,131 [pool-403-thread-1] INFO  server.RaftServerConfigKeys (ConfUtils.java:logGet(43)) - raft.server.log.appender.install.snapshot.enabled = false (custom)
2019-10-07 10:53:46,131 [pool-403-thread-1] INFO  impl.RaftServerImpl (ServerState.java:<init>(103)) - 36416ac6-6aa8-473c-bdd6-7540be97e6e8@group-A3AF3AADF4C3: ConfigurationManager, init=-1: [36416ac6-6aa8-473c-bdd6-7540be97e6e8:192.168.5.148:32791], old=null, confs=<EMPTY_MAP>
2019-10-07 10:53:46,131 [pool-403-thread-1] INFO  server.RaftServerConfigKeys (ConfUtils.java:logGet(43)) - raft.server.storage.dir = [/workdir/hadoop-ozone/integration-test/target/test-dir/MiniOzoneClusterImpl-ffc42c2b-17b1-476b-b296-1f3a80d212c9/datanode-2/data/ratis] (custom)
2019-10-07 10:53:46,132 [pool-403-thread-1] INFO  server.RaftServerConfigKeys (ConfUtils.java:logGet(43)) - raft.server.log.corruption.policy = EXCEPTION (default)
2019-10-07 10:53:46,132 [pool-403-thread-1] INFO  storage.RaftStorageDirectory (RaftStorageDirectory.java:analyzeStorage(246)) - The storage directory /workdir/hadoop-ozone/integration-test/target/test-dir/MiniOzoneClusterImpl-ffc42c2b-17b1-476b-b296-1f3a80d212c9/datanode-2/data/ratis/4127b4c1-a86c-42bc-b5f0-a3af3aadf4c3 does not exist. Creating ...
2019-10-07 10:53:46,144 [pool-403-thread-1] INFO  storage.RaftStorageDirectory (RaftStorageDirectory.java:tryLock(328)) - Lock on /workdir/hadoop-ozone/integration-test/target/test-dir/MiniOzoneClusterImpl-ffc42c2b-17b1-476b-b296-1f3a80d212c9/datanode-2/data/ratis/4127b4c1-a86c-42bc-b5f0-a3af3aadf4c3/in_use.lock acquired by nodename 24021@pr-hdds-2238-6jxtw-691721237
2019-10-07 10:53:46,158 [pool-403-thread-1] INFO  storage.RaftStorage (RaftStorage.java:format(84)) - Storage directory /workdir/hadoop-ozone/integration-test/target/test-dir/MiniOzoneClusterImpl-ffc42c2b-17b1-476b-b296-1f3a80d212c9/datanode-2/data/ratis/4127b4c1-a86c-42bc-b5f0-a3af3aadf4c3 has been successfully formatted.
2019-10-07 10:53:46,158 [pool-403-thread-1] INFO  ratis.ContainerStateMachine (ContainerStateMachine.java:loadSnapshot(231)) - group-A3AF3AADF4C3: The snapshot info is null. Setting the last applied indexto:(t:0, i:~)
2019-10-07 10:53:46,158 [pool-403-thread-1] INFO  server.RaftServerConfigKeys (ConfUtils.java:logGet(43)) - raft.server.notification.no-leader.timeout = 120s (custom)
2019-10-07 10:53:46,158 [pool-403-thread-1] INFO  server.RaftServerConfigKeys (ConfUtils.java:logGet(43)) - raft.server.log.use.memory = false (default)
2019-10-07 10:53:46,159 [pool-403-thread-1] INFO  server.RaftServerConfigKeys (ConfUtils.java:logGet(43)) - raft.server.log.purge.gap = 1000000 (custom)
2019-10-07 10:53:46,159 [pool-403-thread-1] INFO  server.RaftServerConfigKeys (ConfUtils.java:logGet(43)) - raft.server.log.appender.buffer.byte-limit = 33554432 (custom)
2019-10-07 10:53:46,159 [pool-403-thread-1] INFO  server.RaftServerConfigKeys (ConfUtils.java:logGet(43)) - raft.server.log.segment.size.max = 1048576 (custom)
2019-10-07 10:53:46,161 [pool-403-thread-1] INFO  server.RaftServerConfigKeys (ConfUtils.java:logGet(43)) - raft.server.log.segment.cache.num.max = 2 (custom)
2019-10-07 10:53:46,161 [pool-403-thread-1] INFO  segmented.SegmentedRaftLogWorker (SegmentedRaftLogWorker.java:<init>(173)) - new 36416ac6-6aa8-473c-bdd6-7540be97e6e8@group-A3AF3AADF4C3-SegmentedRaftLogWorker for RaftStorage:Storage Directory /workdir/hadoop-ozone/integration-test/target/test-dir/MiniOzoneClusterImpl-ffc42c2b-17b1-476b-b296-1f3a80d212c9/datanode-2/data/ratis/4127b4c1-a86c-42bc-b5f0-a3af3aadf4c3
2019-10-07 10:53:46,161 [pool-403-thread-1] INFO  server.RaftServerConfigKeys (ConfUtils.java:logGet(43)) - raft.server.log.queue.byte-limit = 2147483647 (custom)
2019-10-07 10:53:46,161 [pool-403-thread-1] INFO  server.RaftServerConfigKeys (ConfUtils.java:logGet(43)) - raft.server.log.queue.element-limit = 1024 (custom)
2019-10-07 10:53:46,161 [pool-403-thread-1] INFO  server.RaftServerConfigKeys (ConfUtils.java:logGet(43)) - raft.server.log.segment.size.max = 1048576 (custom)
2019-10-07 10:53:46,161 [pool-403-thread-1] INFO  server.RaftServerConfigKeys (ConfUtils.java:logGet(43)) - raft.server.log.preallocated.size = 16384 (custom)
2019-10-07 10:53:46,161 [pool-403-thread-1] INFO  server.RaftServerConfigKeys (ConfUtils.java:logGet(43)) - raft.server.log.write.buffer.size = 33554432 (custom)
2019-10-07 10:53:46,161 [pool-403-thread-1] INFO  server.RaftServerConfigKeys (ConfUtils.java:logGet(43)) - raft.server.log.force.sync.num = 128 (default)
2019-10-07 10:53:46,162 [pool-403-thread-1] INFO  server.RaftServerConfigKeys (ConfUtils.java:logGet(43)) - raft.server.log.statemachine.data.sync = true (default)
2019-10-07 10:53:46,162 [pool-403-thread-1] INFO  server.RaftServerConfigKeys (ConfUtils.java:logGet(43)) - raft.server.log.statemachine.data.sync.timeout = 10s (default)
2019-10-07 10:53:46,162 [pool-403-thread-1] INFO  server.RaftServerConfigKeys (ConfUtils.java:logGet(43)) - raft.server.log.statemachine.data.sync.timeout.retry = -1 (default)
2019-10-07 10:53:46,162 [pool-403-thread-1] INFO  server.RaftServerConfigKeys (ConfUtils.java:logGet(43)) - raft.server.log.statemachine.data.caching.enabled = true (custom)
2019-10-07 10:53:46,163 [pool-403-thread-1] INFO  segmented.SegmentedRaftLogWorker (SegmentedRaftLogWorker.java:lambda$new$0(128)) - 36416ac6-6aa8-473c-bdd6-7540be97e6e8@group-A3AF3AADF4C3-SegmentedRaftLogWorker: flushIndex: setUnconditionally 0 -> -1
2019-10-07 10:53:46,163 [pool-403-thread-1] INFO  server.RaftServerConfigKeys (ConfUtils.java:logGet(43)) - raft.server.snapshot.auto.trigger.enabled = true (custom)
2019-10-07 10:53:46,163 [pool-403-thread-1] INFO  server.RaftServerConfigKeys (ConfUtils.java:logGet(43)) - raft.server.snapshot.auto.trigger.threshold = 10000 (custom)
2019-10-07 10:53:46,163 [pool-403-thread-1] INFO  server.RaftServerConfigKeys (ConfUtils.java:logGet(43)) - raft.server.snapshot.retention.file.num = 5 (custom)
2019-10-07 10:53:46,163 [pool-403-thread-1] INFO  server.RaftServerConfigKeys (ConfUtils.java:logGet(43)) - raft.server.retrycache.expirytime = 600000ms (custom)
2019-10-07 10:53:46,165 [pool-403-thread-1] INFO  impl.RaftServerImpl (RaftServerImpl.java:start(181)) - 36416ac6-6aa8-473c-bdd6-7540be97e6e8@group-A3AF3AADF4C3: start as a follower, conf=-1: [36416ac6-6aa8-473c-bdd6-7540be97e6e8:192.168.5.148:32791], old=null
2019-10-07 10:53:46,165 [pool-403-thread-1] INFO  impl.RaftServerImpl (RaftServerImpl.java:setRole(170)) - 36416ac6-6aa8-473c-bdd6-7540be97e6e8@group-A3AF3AADF4C3: changes role from      null to FOLLOWER at term 0 for startAsFollower
2019-10-07 10:53:46,165 [pool-403-thread-1] INFO  impl.RoleInfo (RoleInfo.java:updateAndGet(143)) - 36416ac6-6aa8-473c-bdd6-7540be97e6e8: start FollowerState
2019-10-07 10:53:46,166 [pool-403-thread-1] INFO  util.JmxRegister (JmxRegister.java:tryRegister(44)) - Successfully registered JMX Bean with object name Ratis:service=RaftServer,group=group-A3AF3AADF4C3,id=36416ac6-6aa8-473c-bdd6-7540be97e6e8
2019-10-07 10:53:46,170 [RatisPipelineUtilsThread] INFO  pipeline.PipelineStateManager (PipelineStateManager.java:addPipeline(56)) - Created pipeline Pipeline[ Id: 4127b4c1-a86c-42bc-b5f0-a3af3aadf4c3, Nodes: 36416ac6-6aa8-473c-bdd6-7540be97e6e8{ip: 192.168.5.148, host: pr-hdds-2238-6jxtw-691721237, networkLocation: /default-rack, certSerialId: null}, Type:RATIS, Factor:ONE, State:OPEN]
2019-10-07 10:53:46,198 [grpc-default-executor-3] INFO  impl.RaftServerProxy (RaftServerProxy.java:addNew(89)) - 36416ac6-6aa8-473c-bdd6-7540be97e6e8: addNew group-5FB194A6CEC0:[36416ac6-6aa8-473c-bdd6-7540be97e6e8:192.168.5.148:32791, 296cec83-c9ad-42f6-99b8-eb602f6667cc:192.168.5.148:39753, 20195c7f-f776-4f87-a7b3-d6dc926a8b4d:192.168.5.148:38224] returns group-5FB194A6CEC0:java.util.concurrent.CompletableFuture@2ec25d55[Not completed]
2019-10-07 10:53:46,198 [grpc-default-executor-4] INFO  impl.RaftServerProxy (RaftServerProxy.java:addNew(89)) - 296cec83-c9ad-42f6-99b8-eb602f6667cc: addNew group-5FB194A6CEC0:[36416ac6-6aa8-473c-bdd6-7540be97e6e8:192.168.5.148:32791, 296cec83-c9ad-42f6-99b8-eb602f6667cc:192.168.5.148:39753, 20195c7f-f776-4f87-a7b3-d6dc926a8b4d:192.168.5.148:38224] returns group-5FB194A6CEC0:java.util.concurrent.CompletableFuture@2354e505[Not completed]
2019-10-07 10:53:46,198 [grpc-default-executor-3] INFO  impl.RaftServerProxy (RaftServerProxy.java:addNew(89)) - 20195c7f-f776-4f87-a7b3-d6dc926a8b4d: addNew group-5FB194A6CEC0:[36416ac6-6aa8-473c-bdd6-7540be97e6e8:192.168.5.148:32791, 296cec83-c9ad-42f6-99b8-eb602f6667cc:192.168.5.148:39753, 20195c7f-f776-4f87-a7b3-d6dc926a8b4d:192.168.5.148:38224] returns group-5FB194A6CEC0:java.util.concurrent.CompletableFuture@223213ef[Not completed]
2019-10-07 10:53:46,199 [pool-403-thread-1] INFO  impl.RaftServerImpl (RaftServerImpl.java:<init>(95)) - 36416ac6-6aa8-473c-bdd6-7540be97e6e8: new RaftServerImpl for group-5FB194A6CEC0:[36416ac6-6aa8-473c-bdd6-7540be97e6e8:192.168.5.148:32791, 296cec83-c9ad-42f6-99b8-eb602f6667cc:192.168.5.148:39753, 20195c7f-f776-4f87-a7b3-d6dc926a8b4d:192.168.5.148:38224] with ContainerStateMachine:uninitialized
2019-10-07 10:53:46,200 [pool-403-thread-1] INFO  server.RaftServerConfigKeys (ConfUtils.java:logGet(43)) - raft.server.rpc.timeout.min = 5s (custom)
2019-10-07 10:53:46,200 [pool-403-thread-1] INFO  server.RaftServerConfigKeys (ConfUtils.java:logGet(43)) - raft.server.rpc.timeout.max = 5200ms (custom)
2019-10-07 10:53:46,200 [pool-403-thread-1] INFO  server.RaftServerConfigKeys (ConfUtils.java:logGet(43)) - raft.server.rpcslowness.timeout = 120s (custom)
2019-10-07 10:53:46,200 [pool-393-thread-1] INFO  impl.RaftServerImpl (RaftServerImpl.java:<init>(95)) - 20195c7f-f776-4f87-a7b3-d6dc926a8b4d: new RaftServerImpl for group-5FB194A6CEC0:[36416ac6-6aa8-473c-bdd6-7540be97e6e8:192.168.5.148:32791, 296cec83-c9ad-42f6-99b8-eb602f6667cc:192.168.5.148:39753, 20195c7f-f776-4f87-a7b3-d6dc926a8b4d:192.168.5.148:38224] with ContainerStateMachine:uninitialized
2019-10-07 10:53:46,200 [pool-403-thread-1] INFO  server.RaftServerConfigKeys (ConfUtils.java:logGet(43)) - raft.server.sleep.deviation.threshold = 300 (default)
2019-10-07 10:53:46,200 [pool-393-thread-1] INFO  server.RaftServerConfigKeys (ConfUtils.java:logGet(43)) - raft.server.rpc.timeout.min = 5s (custom)
2019-10-07 10:53:46,200 [pool-403-thread-1] INFO  server.RaftServerConfigKeys (ConfUtils.java:logGet(43)) - raft.server.log.appender.install.snapshot.enabled = false (custom)
2019-10-07 10:53:46,200 [pool-393-thread-1] INFO  server.RaftServerConfigKeys (ConfUtils.java:logGet(43)) - raft.server.rpc.timeout.max = 5200ms (custom)
2019-10-07 10:53:46,200 [pool-383-thread-1] INFO  impl.RaftServerImpl (RaftServerImpl.java:<init>(95)) - 296cec83-c9ad-42f6-99b8-eb602f6667cc: new RaftServerImpl for group-5FB194A6CEC0:[36416ac6-6aa8-473c-bdd6-7540be97e6e8:192.168.5.148:32791, 296cec83-c9ad-42f6-99b8-eb602f6667cc:192.168.5.148:39753, 20195c7f-f776-4f87-a7b3-d6dc926a8b4d:192.168.5.148:38224] with ContainerStateMachine:uninitialized
2019-10-07 10:53:46,201 [pool-393-thread-1] INFO  server.RaftServerConfigKeys (ConfUtils.java:logGet(43)) - raft.server.rpcslowness.timeout = 120s (custom)
2019-10-07 10:53:46,201 [pool-393-thread-1] INFO  server.RaftServerConfigKeys (ConfUtils.java:logGet(43)) - raft.server.sleep.deviation.threshold = 300 (default)
2019-10-07 10:53:46,201 [pool-403-thread-1] INFO  impl.RaftServerImpl (ServerState.java:<init>(103)) - 36416ac6-6aa8-473c-bdd6-7540be97e6e8@group-5FB194A6CEC0: ConfigurationManager, init=-1: [36416ac6-6aa8-473c-bdd6-7540be97e6e8:192.168.5.148:32791, 296cec83-c9ad-42f6-99b8-eb602f6667cc:192.168.5.148:39753, 20195c7f-f776-4f87-a7b3-d6dc926a8b4d:192.168.5.148:38224], old=null, confs=<EMPTY_MAP>
2019-10-07 10:53:46,201 [pool-393-thread-1] INFO  server.RaftServerConfigKeys (ConfUtils.java:logGet(43)) - raft.server.log.appender.install.snapshot.enabled = false (custom)
2019-10-07 10:53:46,201 [pool-383-thread-1] INFO  server.RaftServerConfigKeys (ConfUtils.java:logGet(43)) - raft.server.rpc.timeout.min = 5s (custom)
2019-10-07 10:53:46,201 [pool-393-thread-1] INFO  impl.RaftServerImpl (ServerState.java:<init>(103)) - 20195c7f-f776-4f87-a7b3-d6dc926a8b4d@group-5FB194A6CEC0: ConfigurationManager, init=-1: [36416ac6-6aa8-473c-bdd6-7540be97e6e8:192.168.5.148:32791, 296cec83-c9ad-42f6-99b8-eb602f6667cc:192.168.5.148:39753, 20195c7f-f776-4f87-a7b3-d6dc926a8b4d:192.168.5.148:38224], old=null, confs=<EMPTY_MAP>
2019-10-07 10:53:46,201 [pool-403-thread-1] INFO  server.RaftServerConfigKeys (ConfUtils.java:logGet(43)) - raft.server.storage.dir = [/workdir/hadoop-ozone/integration-test/target/test-dir/MiniOzoneClusterImpl-ffc42c2b-17b1-476b-b296-1f3a80d212c9/datanode-2/data/ratis] (custom)
2019-10-07 10:53:46,202 [pool-393-thread-1] INFO  server.RaftServerConfigKeys (ConfUtils.java:logGet(43)) - raft.server.storage.dir = [/workdir/hadoop-ozone/integration-test/target/test-dir/MiniOzoneClusterImpl-ffc42c2b-17b1-476b-b296-1f3a80d212c9/datanode-1/data/ratis] (custom)
2019-10-07 10:53:46,201 [pool-383-thread-1] INFO  server.RaftServerConfigKeys (ConfUtils.java:logGet(43)) - raft.server.rpc.timeout.max = 5200ms (custom)
2019-10-07 10:53:46,202 [pool-403-thread-1] INFO  server.RaftServerConfigKeys (ConfUtils.java:logGet(43)) - raft.server.log.corruption.policy = EXCEPTION (default)
2019-10-07 10:53:46,202 [pool-393-thread-1] INFO  server.RaftServerConfigKeys (ConfUtils.java:logGet(43)) - raft.server.log.corruption.policy = EXCEPTION (default)
2019-10-07 10:53:46,202 [pool-403-thread-1] INFO  storage.RaftStorageDirectory (RaftStorageDirectory.java:analyzeStorage(246)) - The storage directory /workdir/hadoop-ozone/integration-test/target/test-dir/MiniOzoneClusterImpl-ffc42c2b-17b1-476b-b296-1f3a80d212c9/datanode-2/data/ratis/ee014655-ce12-446a-a7aa-5fb194a6cec0 does not exist. Creating ...
2019-10-07 10:53:46,202 [pool-383-thread-1] INFO  server.RaftServerConfigKeys (ConfUtils.java:logGet(43)) - raft.server.rpcslowness.timeout = 120s (custom)
2019-10-07 10:53:46,202 [pool-393-thread-1] INFO  storage.RaftStorageDirectory (RaftStorageDirectory.java:analyzeStorage(246)) - The storage directory /workdir/hadoop-ozone/integration-test/target/test-dir/MiniOzoneClusterImpl-ffc42c2b-17b1-476b-b296-1f3a80d212c9/datanode-1/data/ratis/ee014655-ce12-446a-a7aa-5fb194a6cec0 does not exist. Creating ...
2019-10-07 10:53:46,202 [pool-383-thread-1] INFO  server.RaftServerConfigKeys (ConfUtils.java:logGet(43)) - raft.server.sleep.deviation.threshold = 300 (default)
2019-10-07 10:53:46,203 [pool-383-thread-1] INFO  server.RaftServerConfigKeys (ConfUtils.java:logGet(43)) - raft.server.log.appender.install.snapshot.enabled = false (custom)
2019-10-07 10:53:46,203 [pool-383-thread-1] INFO  impl.RaftServerImpl (ServerState.java:<init>(103)) - 296cec83-c9ad-42f6-99b8-eb602f6667cc@group-5FB194A6CEC0: ConfigurationManager, init=-1: [36416ac6-6aa8-473c-bdd6-7540be97e6e8:192.168.5.148:32791, 296cec83-c9ad-42f6-99b8-eb602f6667cc:192.168.5.148:39753, 20195c7f-f776-4f87-a7b3-d6dc926a8b4d:192.168.5.148:38224], old=null, confs=<EMPTY_MAP>
2019-10-07 10:53:46,203 [pool-383-thread-1] INFO  server.RaftServerConfigKeys (ConfUtils.java:logGet(43)) - raft.server.storage.dir = [/workdir/hadoop-ozone/integration-test/target/test-dir/MiniOzoneClusterImpl-ffc42c2b-17b1-476b-b296-1f3a80d212c9/datanode-0/data/ratis] (custom)
2019-10-07 10:53:46,203 [pool-383-thread-1] INFO  server.RaftServerConfigKeys (ConfUtils.java:logGet(43)) - raft.server.log.corruption.policy = EXCEPTION (default)
2019-10-07 10:53:46,204 [pool-383-thread-1] INFO  storage.RaftStorageDirectory (RaftStorageDirectory.java:analyzeStorage(246)) - The storage directory /workdir/hadoop-ozone/integration-test/target/test-dir/MiniOzoneClusterImpl-ffc42c2b-17b1-476b-b296-1f3a80d212c9/datanode-0/data/ratis/ee014655-ce12-446a-a7aa-5fb194a6cec0 does not exist. Creating ...
2019-10-07 10:53:46,211 [IPC Server handler 6 on 33700] INFO  net.NetworkTopology (NetworkTopologyImpl.java:add(111)) - Added a new node: /default-rack/5f4b0b8a-293c-44f2-89a7-be5121b1219a
2019-10-07 10:53:46,211 [IPC Server handler 6 on 33700] INFO  node.SCMNodeManager (SCMNodeManager.java:register(268)) - Registered Data node : 5f4b0b8a-293c-44f2-89a7-be5121b1219a{ip: 192.168.5.148, host: pr-hdds-2238-6jxtw-691721237, networkLocation: /default-rack, certSerialId: null}
2019-10-07 10:53:46,216 [pool-403-thread-1] INFO  storage.RaftStorageDirectory (RaftStorageDirectory.java:tryLock(328)) - Lock on /workdir/hadoop-ozone/integration-test/target/test-dir/MiniOzoneClusterImpl-ffc42c2b-17b1-476b-b296-1f3a80d212c9/datanode-2/data/ratis/ee014655-ce12-446a-a7aa-5fb194a6cec0/in_use.lock acquired by nodename 24021@pr-hdds-2238-6jxtw-691721237
2019-10-07 10:53:46,216 [pool-393-thread-1] INFO  storage.RaftStorageDirectory (RaftStorageDirectory.java:tryLock(328)) - Lock on /workdir/hadoop-ozone/integration-test/target/test-dir/MiniOzoneClusterImpl-ffc42c2b-17b1-476b-b296-1f3a80d212c9/datanode-1/data/ratis/ee014655-ce12-446a-a7aa-5fb194a6cec0/in_use.lock acquired by nodename 24021@pr-hdds-2238-6jxtw-691721237
2019-10-07 10:53:46,216 [pool-383-thread-1] INFO  storage.RaftStorageDirectory (RaftStorageDirectory.java:tryLock(328)) - Lock on /workdir/hadoop-ozone/integration-test/target/test-dir/MiniOzoneClusterImpl-ffc42c2b-17b1-476b-b296-1f3a80d212c9/datanode-0/data/ratis/ee014655-ce12-446a-a7aa-5fb194a6cec0/in_use.lock acquired by nodename 24021@pr-hdds-2238-6jxtw-691721237
2019-10-07 10:53:46,229 [pool-383-thread-1] INFO  storage.RaftStorage (RaftStorage.java:format(84)) - Storage directory /workdir/hadoop-ozone/integration-test/target/test-dir/MiniOzoneClusterImpl-ffc42c2b-17b1-476b-b296-1f3a80d212c9/datanode-0/data/ratis/ee014655-ce12-446a-a7aa-5fb194a6cec0 has been successfully formatted.
2019-10-07 10:53:46,230 [pool-403-thread-1] INFO  storage.RaftStorage (RaftStorage.java:format(84)) - Storage directory /workdir/hadoop-ozone/integration-test/target/test-dir/MiniOzoneClusterImpl-ffc42c2b-17b1-476b-b296-1f3a80d212c9/datanode-2/data/ratis/ee014655-ce12-446a-a7aa-5fb194a6cec0 has been successfully formatted.
2019-10-07 10:53:46,229 [pool-393-thread-1] INFO  storage.RaftStorage (RaftStorage.java:format(84)) - Storage directory /workdir/hadoop-ozone/integration-test/target/test-dir/MiniOzoneClusterImpl-ffc42c2b-17b1-476b-b296-1f3a80d212c9/datanode-1/data/ratis/ee014655-ce12-446a-a7aa-5fb194a6cec0 has been successfully formatted.
2019-10-07 10:53:46,230 [pool-383-thread-1] INFO  ratis.ContainerStateMachine (ContainerStateMachine.java:loadSnapshot(231)) - group-5FB194A6CEC0: The snapshot info is null. Setting the last applied indexto:(t:0, i:~)
2019-10-07 10:53:46,230 [pool-393-thread-1] INFO  ratis.ContainerStateMachine (ContainerStateMachine.java:loadSnapshot(231)) - group-5FB194A6CEC0: The snapshot info is null. Setting the last applied indexto:(t:0, i:~)
2019-10-07 10:53:46,230 [pool-403-thread-1] INFO  ratis.ContainerStateMachine (ContainerStateMachine.java:loadSnapshot(231)) - group-5FB194A6CEC0: The snapshot info is null. Setting the last applied indexto:(t:0, i:~)
2019-10-07 10:53:46,230 [pool-393-thread-1] INFO  server.RaftServerConfigKeys (ConfUtils.java:logGet(43)) - raft.server.notification.no-leader.timeout = 120s (custom)
2019-10-07 10:53:46,230 [pool-383-thread-1] INFO  server.RaftServerConfigKeys (ConfUtils.java:logGet(43)) - raft.server.notification.no-leader.timeout = 120s (custom)
2019-10-07 10:53:46,230 [pool-393-thread-1] INFO  server.RaftServerConfigKeys (ConfUtils.java:logGet(43)) - raft.server.log.use.memory = false (default)
2019-10-07 10:53:46,230 [pool-403-thread-1] INFO  server.RaftServerConfigKeys (ConfUtils.java:logGet(43)) - raft.server.notification.no-leader.timeout = 120s (custom)
2019-10-07 10:53:46,231 [pool-393-thread-1] INFO  server.RaftServerConfigKeys (ConfUtils.java:logGet(43)) - raft.server.log.purge.gap = 1000000 (custom)
2019-10-07 10:53:46,230 [pool-383-thread-1] INFO  server.RaftServerConfigKeys (ConfUtils.java:logGet(43)) - raft.server.log.use.memory = false (default)
2019-10-07 10:53:46,231 [pool-393-thread-1] INFO  server.RaftServerConfigKeys (ConfUtils.java:logGet(43)) - raft.server.log.appender.buffer.byte-limit = 33554432 (custom)
2019-10-07 10:53:46,231 [pool-403-thread-1] INFO  server.RaftServerConfigKeys (ConfUtils.java:logGet(43)) - raft.server.log.use.memory = false (default)
2019-10-07 10:53:46,231 [pool-393-thread-1] INFO  server.RaftServerConfigKeys (ConfUtils.java:logGet(43)) - raft.server.log.segment.size.max = 1048576 (custom)
2019-10-07 10:53:46,231 [pool-383-thread-1] INFO  server.RaftServerConfigKeys (ConfUtils.java:logGet(43)) - raft.server.log.purge.gap = 1000000 (custom)
2019-10-07 10:53:46,231 [pool-393-thread-1] INFO  server.RaftServerConfigKeys (ConfUtils.java:logGet(43)) - raft.server.log.segment.cache.num.max = 2 (custom)
2019-10-07 10:53:46,231 [pool-403-thread-1] INFO  server.RaftServerConfigKeys (ConfUtils.java:logGet(43)) - raft.server.log.purge.gap = 1000000 (custom)
2019-10-07 10:53:46,231 [pool-393-thread-1] INFO  segmented.SegmentedRaftLogWorker (SegmentedRaftLogWorker.java:<init>(173)) - new 20195c7f-f776-4f87-a7b3-d6dc926a8b4d@group-5FB194A6CEC0-SegmentedRaftLogWorker for RaftStorage:Storage Directory /workdir/hadoop-ozone/integration-test/target/test-dir/MiniOzoneClusterImpl-ffc42c2b-17b1-476b-b296-1f3a80d212c9/datanode-1/data/ratis/ee014655-ce12-446a-a7aa-5fb194a6cec0
2019-10-07 10:53:46,231 [pool-383-thread-1] INFO  server.RaftServerConfigKeys (ConfUtils.java:logGet(43)) - raft.server.log.appender.buffer.byte-limit = 33554432 (custom)
2019-10-07 10:53:46,232 [pool-393-thread-1] INFO  server.RaftServerConfigKeys (ConfUtils.java:logGet(43)) - raft.server.log.queue.byte-limit = 2147483647 (custom)
2019-10-07 10:53:46,232 [pool-393-thread-1] INFO  server.RaftServerConfigKeys (ConfUtils.java:logGet(43)) - raft.server.log.queue.element-limit = 1024 (custom)
2019-10-07 10:53:46,232 [pool-403-thread-1] INFO  server.RaftServerConfigKeys (ConfUtils.java:logGet(43)) - raft.server.log.appender.buffer.byte-limit = 33554432 (custom)
2019-10-07 10:53:46,232 [pool-393-thread-1] INFO  server.RaftServerConfigKeys (ConfUtils.java:logGet(43)) - raft.server.log.segment.size.max = 1048576 (custom)
2019-10-07 10:53:46,232 [pool-383-thread-1] INFO  server.RaftServerConfigKeys (ConfUtils.java:logGet(43)) - raft.server.log.segment.size.max = 1048576 (custom)
2019-10-07 10:53:46,232 [pool-393-thread-1] INFO  server.RaftServerConfigKeys (ConfUtils.java:logGet(43)) - raft.server.log.preallocated.size = 16384 (custom)
2019-10-07 10:53:46,232 [pool-403-thread-1] INFO  server.RaftServerConfigKeys (ConfUtils.java:logGet(43)) - raft.server.log.segment.size.max = 1048576 (custom)
2019-10-07 10:53:46,233 [pool-393-thread-1] INFO  server.RaftServerConfigKeys (ConfUtils.java:logGet(43)) - raft.server.log.write.buffer.size = 33554432 (custom)
2019-10-07 10:53:46,232 [pool-383-thread-1] INFO  server.RaftServerConfigKeys (ConfUtils.java:logGet(43)) - raft.server.log.segment.cache.num.max = 2 (custom)
2019-10-07 10:53:46,233 [pool-393-thread-1] INFO  server.RaftServerConfigKeys (ConfUtils.java:logGet(43)) - raft.server.log.force.sync.num = 128 (default)
2019-10-07 10:53:46,233 [pool-403-thread-1] INFO  server.RaftServerConfigKeys (ConfUtils.java:logGet(43)) - raft.server.log.segment.cache.num.max = 2 (custom)
2019-10-07 10:53:46,233 [pool-393-thread-1] INFO  server.RaftServerConfigKeys (ConfUtils.java:logGet(43)) - raft.server.log.statemachine.data.sync = true (default)
2019-10-07 10:53:46,233 [pool-383-thread-1] INFO  segmented.SegmentedRaftLogWorker (SegmentedRaftLogWorker.java:<init>(173)) - new 296cec83-c9ad-42f6-99b8-eb602f6667cc@group-5FB194A6CEC0-SegmentedRaftLogWorker for RaftStorage:Storage Directory /workdir/hadoop-ozone/integration-test/target/test-dir/MiniOzoneClusterImpl-ffc42c2b-17b1-476b-b296-1f3a80d212c9/datanode-0/data/ratis/ee014655-ce12-446a-a7aa-5fb194a6cec0
2019-10-07 10:53:46,233 [pool-393-thread-1] INFO  server.RaftServerConfigKeys (ConfUtils.java:logGet(43)) - raft.server.log.statemachine.data.sync.timeout = 10s (default)
2019-10-07 10:53:46,233 [pool-403-thread-1] INFO  segmented.SegmentedRaftLogWorker (SegmentedRaftLogWorker.java:<init>(173)) - new 36416ac6-6aa8-473c-bdd6-7540be97e6e8@group-5FB194A6CEC0-SegmentedRaftLogWorker for RaftStorage:Storage Directory /workdir/hadoop-ozone/integration-test/target/test-dir/MiniOzoneClusterImpl-ffc42c2b-17b1-476b-b296-1f3a80d212c9/datanode-2/data/ratis/ee014655-ce12-446a-a7aa-5fb194a6cec0
2019-10-07 10:53:46,233 [pool-393-thread-1] INFO  server.RaftServerConfigKeys (ConfUtils.java:logGet(43)) - raft.server.log.statemachine.data.sync.timeout.retry = -1 (default)
2019-10-07 10:53:46,233 [pool-383-thread-1] INFO  server.RaftServerConfigKeys (ConfUtils.java:logGet(43)) - raft.server.log.queue.byte-limit = 2147483647 (custom)
2019-10-07 10:53:46,234 [pool-393-thread-1] INFO  server.RaftServerConfigKeys (ConfUtils.java:logGet(43)) - raft.server.log.statemachine.data.caching.enabled = true (custom)
2019-10-07 10:53:46,234 [pool-403-thread-1] INFO  server.RaftServerConfigKeys (ConfUtils.java:logGet(43)) - raft.server.log.queue.byte-limit = 2147483647 (custom)
2019-10-07 10:53:46,234 [pool-393-thread-1] INFO  segmented.SegmentedRaftLogWorker (SegmentedRaftLogWorker.java:lambda$new$0(128)) - 20195c7f-f776-4f87-a7b3-d6dc926a8b4d@group-5FB194A6CEC0-SegmentedRaftLogWorker: flushIndex: setUnconditionally 0 -> -1
2019-10-07 10:53:46,234 [pool-383-thread-1] INFO  server.RaftServerConfigKeys (ConfUtils.java:logGet(43)) - raft.server.log.queue.element-limit = 1024 (custom)
2019-10-07 10:53:46,234 [pool-403-thread-1] INFO  server.RaftServerConfigKeys (ConfUtils.java:logGet(43)) - raft.server.log.queue.element-limit = 1024 (custom)
2019-10-07 10:53:46,234 [pool-393-thread-1] INFO  server.RaftServerConfigKeys (ConfUtils.java:logGet(43)) - raft.server.snapshot.auto.trigger.enabled = true (custom)
2019-10-07 10:53:46,234 [pool-383-thread-1] INFO  server.RaftServerConfigKeys (ConfUtils.java:logGet(43)) - raft.server.log.segment.size.max = 1048576 (custom)
2019-10-07 10:53:46,235 [pool-393-thread-1] INFO  server.RaftServerConfigKeys (ConfUtils.java:logGet(43)) - raft.server.snapshot.auto.trigger.threshold = 10000 (custom)
2019-10-07 10:53:46,234 [pool-403-thread-1] INFO  server.RaftServerConfigKeys (ConfUtils.java:logGet(43)) - raft.server.log.segment.size.max = 1048576 (custom)
2019-10-07 10:53:46,235 [pool-393-thread-1] INFO  server.RaftServerConfigKeys (ConfUtils.java:logGet(43)) - raft.server.snapshot.retention.file.num = 5 (custom)
2019-10-07 10:53:46,235 [pool-383-thread-1] INFO  server.RaftServerConfigKeys (ConfUtils.java:logGet(43)) - raft.server.log.preallocated.size = 16384 (custom)
2019-10-07 10:53:46,235 [pool-393-thread-1] INFO  server.RaftServerConfigKeys (ConfUtils.java:logGet(43)) - raft.server.retrycache.expirytime = 600000ms (custom)
2019-10-07 10:53:46,235 [pool-403-thread-1] INFO  server.RaftServerConfigKeys (ConfUtils.java:logGet(43)) - raft.server.log.preallocated.size = 16384 (custom)
2019-10-07 10:53:46,235 [pool-383-thread-1] INFO  server.RaftServerConfigKeys (ConfUtils.java:logGet(43)) - raft.server.log.write.buffer.size = 33554432 (custom)
2019-10-07 10:53:46,235 [pool-403-thread-1] INFO  server.RaftServerConfigKeys (ConfUtils.java:logGet(43)) - raft.server.log.write.buffer.size = 33554432 (custom)
2019-10-07 10:53:46,236 [pool-383-thread-1] INFO  server.RaftServerConfigKeys (ConfUtils.java:logGet(43)) - raft.server.log.force.sync.num = 128 (default)
2019-10-07 10:53:46,236 [pool-403-thread-1] INFO  server.RaftServerConfigKeys (ConfUtils.java:logGet(43)) - raft.server.log.force.sync.num = 128 (default)
2019-10-07 10:53:46,236 [pool-383-thread-1] INFO  server.RaftServerConfigKeys (ConfUtils.java:logGet(43)) - raft.server.log.statemachine.data.sync = true (default)
2019-10-07 10:53:46,236 [pool-403-thread-1] INFO  server.RaftServerConfigKeys (ConfUtils.java:logGet(43)) - raft.server.log.statemachine.data.sync = true (default)
2019-10-07 10:53:46,236 [pool-383-thread-1] INFO  server.RaftServerConfigKeys (ConfUtils.java:logGet(43)) - raft.server.log.statemachine.data.sync.timeout = 10s (default)
2019-10-07 10:53:46,236 [pool-403-thread-1] INFO  server.RaftServerConfigKeys (ConfUtils.java:logGet(43)) - raft.server.log.statemachine.data.sync.timeout = 10s (default)
2019-10-07 10:53:46,236 [pool-383-thread-1] INFO  server.RaftServerConfigKeys (ConfUtils.java:logGet(43)) - raft.server.log.statemachine.data.sync.timeout.retry = -1 (default)
2019-10-07 10:53:46,237 [pool-393-thread-1] INFO  impl.RaftServerImpl (RaftServerImpl.java:start(181)) - 20195c7f-f776-4f87-a7b3-d6dc926a8b4d@group-5FB194A6CEC0: start as a follower, conf=-1: [36416ac6-6aa8-473c-bdd6-7540be97e6e8:192.168.5.148:32791, 296cec83-c9ad-42f6-99b8-eb602f6667cc:192.168.5.148:39753, 20195c7f-f776-4f87-a7b3-d6dc926a8b4d:192.168.5.148:38224], old=null
2019-10-07 10:53:46,236 [pool-403-thread-1] INFO  server.RaftServerConfigKeys (ConfUtils.java:logGet(43)) - raft.server.log.statemachine.data.sync.timeout.retry = -1 (default)
2019-10-07 10:53:46,237 [pool-393-thread-1] INFO  impl.RaftServerImpl (RaftServerImpl.java:setRole(170)) - 20195c7f-f776-4f87-a7b3-d6dc926a8b4d@group-5FB194A6CEC0: changes role from      null to FOLLOWER at term 0 for startAsFollower
2019-10-07 10:53:46,237 [pool-383-thread-1] INFO  server.RaftServerConfigKeys (ConfUtils.java:logGet(43)) - raft.server.log.statemachine.data.caching.enabled = true (custom)
2019-10-07 10:53:46,237 [pool-393-thread-1] INFO  impl.RoleInfo (RoleInfo.java:updateAndGet(143)) - 20195c7f-f776-4f87-a7b3-d6dc926a8b4d: start FollowerState
2019-10-07 10:53:46,237 [pool-403-thread-1] INFO  server.RaftServerConfigKeys (ConfUtils.java:logGet(43)) - raft.server.log.statemachine.data.caching.enabled = true (custom)
2019-10-07 10:53:46,237 [pool-383-thread-1] INFO  segmented.SegmentedRaftLogWorker (SegmentedRaftLogWorker.java:lambda$new$0(128)) - 296cec83-c9ad-42f6-99b8-eb602f6667cc@group-5FB194A6CEC0-SegmentedRaftLogWorker: flushIndex: setUnconditionally 0 -> -1
2019-10-07 10:53:46,237 [pool-393-thread-1] INFO  util.JmxRegister (JmxRegister.java:tryRegister(44)) - Successfully registered JMX Bean with object name Ratis:service=RaftServer,group=group-5FB194A6CEC0,id=20195c7f-f776-4f87-a7b3-d6dc926a8b4d
2019-10-07 10:53:46,237 [pool-403-thread-1] INFO  segmented.SegmentedRaftLogWorker (SegmentedRaftLogWorker.java:lambda$new$0(128)) - 36416ac6-6aa8-473c-bdd6-7540be97e6e8@group-5FB194A6CEC0-SegmentedRaftLogWorker: flushIndex: setUnconditionally 0 -> -1
2019-10-07 10:53:46,238 [pool-383-thread-1] INFO  server.RaftServerConfigKeys (ConfUtils.java:logGet(43)) - raft.server.snapshot.auto.trigger.enabled = true (custom)
2019-10-07 10:53:46,238 [pool-383-thread-1] INFO  server.RaftServerConfigKeys (ConfUtils.java:logGet(43)) - raft.server.snapshot.auto.trigger.threshold = 10000 (custom)
2019-10-07 10:53:46,238 [pool-403-thread-1] INFO  server.RaftServerConfigKeys (ConfUtils.java:logGet(43)) - raft.server.snapshot.auto.trigger.enabled = true (custom)
2019-10-07 10:53:46,238 [pool-383-thread-1] INFO  server.RaftServerConfigKeys (ConfUtils.java:logGet(43)) - raft.server.snapshot.retention.file.num = 5 (custom)
2019-10-07 10:53:46,238 [pool-403-thread-1] INFO  server.RaftServerConfigKeys (ConfUtils.java:logGet(43)) - raft.server.snapshot.auto.trigger.threshold = 10000 (custom)
2019-10-07 10:53:46,238 [pool-383-thread-1] INFO  server.RaftServerConfigKeys (ConfUtils.java:logGet(43)) - raft.server.retrycache.expirytime = 600000ms (custom)
2019-10-07 10:53:46,238 [pool-403-thread-1] INFO  server.RaftServerConfigKeys (ConfUtils.java:logGet(43)) - raft.server.snapshot.retention.file.num = 5 (custom)
2019-10-07 10:53:46,238 [pool-403-thread-1] INFO  server.RaftServerConfigKeys (ConfUtils.java:logGet(43)) - raft.server.retrycache.expirytime = 600000ms (custom)
2019-10-07 10:53:46,240 [pool-383-thread-1] INFO  impl.RaftServerImpl (RaftServerImpl.java:start(181)) - 296cec83-c9ad-42f6-99b8-eb602f6667cc@group-5FB194A6CEC0: start as a follower, conf=-1: [36416ac6-6aa8-473c-bdd6-7540be97e6e8:192.168.5.148:32791, 296cec83-c9ad-42f6-99b8-eb602f6667cc:192.168.5.148:39753, 20195c7f-f776-4f87-a7b3-d6dc926a8b4d:192.168.5.148:38224], old=null
2019-10-07 10:53:46,240 [pool-383-thread-1] INFO  impl.RaftServerImpl (RaftServerImpl.java:setRole(170)) - 296cec83-c9ad-42f6-99b8-eb602f6667cc@group-5FB194A6CEC0: changes role from      null to FOLLOWER at term 0 for startAsFollower
2019-10-07 10:53:46,240 [pool-383-thread-1] INFO  impl.RoleInfo (RoleInfo.java:updateAndGet(143)) - 296cec83-c9ad-42f6-99b8-eb602f6667cc: start FollowerState
2019-10-07 10:53:46,241 [pool-383-thread-1] INFO  util.JmxRegister (JmxRegister.java:tryRegister(44)) - Successfully registered JMX Bean with object name Ratis:service=RaftServer,group=group-5FB194A6CEC0,id=296cec83-c9ad-42f6-99b8-eb602f6667cc
2019-10-07 10:53:46,241 [pool-403-thread-1] INFO  impl.RaftServerImpl (RaftServerImpl.java:start(181)) - 36416ac6-6aa8-473c-bdd6-7540be97e6e8@group-5FB194A6CEC0: start as a follower, conf=-1: [36416ac6-6aa8-473c-bdd6-7540be97e6e8:192.168.5.148:32791, 296cec83-c9ad-42f6-99b8-eb602f6667cc:192.168.5.148:39753, 20195c7f-f776-4f87-a7b3-d6dc926a8b4d:192.168.5.148:38224], old=null
2019-10-07 10:53:46,241 [pool-403-thread-1] INFO  impl.RaftServerImpl (RaftServerImpl.java:setRole(170)) - 36416ac6-6aa8-473c-bdd6-7540be97e6e8@group-5FB194A6CEC0: changes role from      null to FOLLOWER at term 0 for startAsFollower
2019-10-07 10:53:46,241 [pool-403-thread-1] INFO  impl.RoleInfo (RoleInfo.java:updateAndGet(143)) - 36416ac6-6aa8-473c-bdd6-7540be97e6e8: start FollowerState
2019-10-07 10:53:46,241 [pool-403-thread-1] INFO  util.JmxRegister (JmxRegister.java:tryRegister(44)) - Successfully registered JMX Bean with object name Ratis:service=RaftServer,group=group-5FB194A6CEC0,id=36416ac6-6aa8-473c-bdd6-7540be97e6e8
2019-10-07 10:53:46,245 [RatisPipelineUtilsThread] INFO  pipeline.PipelineStateManager (PipelineStateManager.java:addPipeline(56)) - Created pipeline Pipeline[ Id: ee014655-ce12-446a-a7aa-5fb194a6cec0, Nodes: 296cec83-c9ad-42f6-99b8-eb602f6667cc{ip: 192.168.5.148, host: pr-hdds-2238-6jxtw-691721237, networkLocation: /default-rack, certSerialId: null}36416ac6-6aa8-473c-bdd6-7540be97e6e8{ip: 192.168.5.148, host: pr-hdds-2238-6jxtw-691721237, networkLocation: /default-rack, certSerialId: null}20195c7f-f776-4f87-a7b3-d6dc926a8b4d{ip: 192.168.5.148, host: pr-hdds-2238-6jxtw-691721237, networkLocation: /default-rack, certSerialId: null}, Type:RATIS, Factor:THREE, State:OPEN]
2019-10-07 10:53:46,252 [EventQueue-StaleNodeForStaleNodeHandler] INFO  node.StaleNodeHandler (StaleNodeHandler.java:onMessage(58)) - Datanode 24476e73-5d23-4249-9898-8edc248c0287{ip: 192.168.5.148, host: pr-hdds-2238-6jxtw-691721237, networkLocation: /default-rack, certSerialId: null} moved to stale state. Finalizing its pipelines [PipelineID=5157b187-12d4-4fa4-aa35-9c0f0bb22b1e, PipelineID=66557b6c-640e-435d-a519-a4e6d5ab18a3]
2019-10-07 10:53:46,252 [EventQueue-StaleNodeForStaleNodeHandler] INFO  pipeline.SCMPipelineManager (SCMPipelineManager.java:finalizeAndDestroyPipeline(315)) - destroying pipeline:Pipeline[ Id: 5157b187-12d4-4fa4-aa35-9c0f0bb22b1e, Nodes: 24476e73-5d23-4249-9898-8edc248c0287{ip: 192.168.5.148, host: pr-hdds-2238-6jxtw-691721237, networkLocation: /default-rack, certSerialId: null}9feb3379-7171-4df4-b299-4b714504f75e{ip: 192.168.5.148, host: pr-hdds-2238-6jxtw-691721237, networkLocation: /default-rack, certSerialId: null}f0c02f1b-7192-45ee-be91-59a0f18f6150{ip: 192.168.5.148, host: pr-hdds-2238-6jxtw-691721237, networkLocation: /default-rack, certSerialId: null}, Type:RATIS, Factor:THREE, State:OPEN]
2019-10-07 10:53:46,252 [EventQueue-StaleNodeForStaleNodeHandler] INFO  pipeline.PipelineStateManager (PipelineStateManager.java:finalizePipeline(123)) - Pipeline Pipeline[ Id: 5157b187-12d4-4fa4-aa35-9c0f0bb22b1e, Nodes: 24476e73-5d23-4249-9898-8edc248c0287{ip: 192.168.5.148, host: pr-hdds-2238-6jxtw-691721237, networkLocation: /default-rack, certSerialId: null}9feb3379-7171-4df4-b299-4b714504f75e{ip: 192.168.5.148, host: pr-hdds-2238-6jxtw-691721237, networkLocation: /default-rack, certSerialId: null}f0c02f1b-7192-45ee-be91-59a0f18f6150{ip: 192.168.5.148, host: pr-hdds-2238-6jxtw-691721237, networkLocation: /default-rack, certSerialId: null}, Type:RATIS, Factor:THREE, State:CLOSED] moved to CLOSED state
2019-10-07 10:53:46,253 [EventQueue-StaleNodeForStaleNodeHandler] INFO  pipeline.SCMPipelineManager (SCMPipelineManager.java:finalizeAndDestroyPipeline(315)) - destroying pipeline:Pipeline[ Id: 66557b6c-640e-435d-a519-a4e6d5ab18a3, Nodes: 24476e73-5d23-4249-9898-8edc248c0287{ip: 192.168.5.148, host: pr-hdds-2238-6jxtw-691721237, networkLocation: /default-rack, certSerialId: null}, Type:RATIS, Factor:ONE, State:OPEN]
2019-10-07 10:53:46,253 [EventQueue-CloseContainerForCloseContainerEventHandler] INFO  container.CloseContainerEventHandler (CloseContainerEventHandler.java:onMessage(61)) - Close container Event triggered for container : #1
2019-10-07 10:53:46,253 [EventQueue-StaleNodeForStaleNodeHandler] INFO  pipeline.PipelineStateManager (PipelineStateManager.java:finalizePipeline(123)) - Pipeline Pipeline[ Id: 66557b6c-640e-435d-a519-a4e6d5ab18a3, Nodes: 24476e73-5d23-4249-9898-8edc248c0287{ip: 192.168.5.148, host: pr-hdds-2238-6jxtw-691721237, networkLocation: /default-rack, certSerialId: null}, Type:RATIS, Factor:ONE, State:CLOSED] moved to CLOSED state
2019-10-07 10:53:46,297 [IPC Server handler 0 on 33700] INFO  net.NetworkTopology (NetworkTopologyImpl.java:add(111)) - Added a new node: /default-rack/0e51aef5-f20c-490d-b0e0-642ea0a184f8
2019-10-07 10:53:46,298 [IPC Server handler 0 on 33700] INFO  node.SCMNodeManager (SCMNodeManager.java:register(268)) - Registered Data node : 0e51aef5-f20c-490d-b0e0-642ea0a184f8{ip: 192.168.5.148, host: pr-hdds-2238-6jxtw-691721237, networkLocation: /default-rack, certSerialId: null}
2019-10-07 10:53:46,307 [grpc-default-executor-3] INFO  impl.RaftServerProxy (RaftServerProxy.java:addNew(89)) - 5f4b0b8a-293c-44f2-89a7-be5121b1219a: addNew group-31C6905EA36B:[5f4b0b8a-293c-44f2-89a7-be5121b1219a:192.168.5.148:33362] returns group-31C6905EA36B:java.util.concurrent.CompletableFuture@28a9db1a[Not completed]
2019-10-07 10:53:46,308 [pool-413-thread-1] INFO  impl.RaftServerImpl (RaftServerImpl.java:<init>(95)) - 5f4b0b8a-293c-44f2-89a7-be5121b1219a: new RaftServerImpl for group-31C6905EA36B:[5f4b0b8a-293c-44f2-89a7-be5121b1219a:192.168.5.148:33362] with ContainerStateMachine:uninitialized
2019-10-07 10:53:46,308 [pool-413-thread-1] INFO  server.RaftServerConfigKeys (ConfUtils.java:logGet(43)) - raft.server.rpc.timeout.min = 5s (custom)
2019-10-07 10:53:46,308 [pool-413-thread-1] INFO  server.RaftServerConfigKeys (ConfUtils.java:logGet(43)) - raft.server.rpc.timeout.max = 5200ms (custom)
2019-10-07 10:53:46,308 [pool-413-thread-1] INFO  server.RaftServerConfigKeys (ConfUtils.java:logGet(43)) - raft.server.rpcslowness.timeout = 120s (custom)
2019-10-07 10:53:46,309 [pool-413-thread-1] INFO  server.RaftServerConfigKeys (ConfUtils.java:logGet(43)) - raft.server.sleep.deviation.threshold = 300 (default)
2019-10-07 10:53:46,309 [pool-413-thread-1] INFO  server.RaftServerConfigKeys (ConfUtils.java:logGet(43)) - raft.server.log.appender.install.snapshot.enabled = false (custom)
2019-10-07 10:53:46,309 [pool-413-thread-1] INFO  impl.RaftServerImpl (ServerState.java:<init>(103)) - 5f4b0b8a-293c-44f2-89a7-be5121b1219a@group-31C6905EA36B: ConfigurationManager, init=-1: [5f4b0b8a-293c-44f2-89a7-be5121b1219a:192.168.5.148:33362], old=null, confs=<EMPTY_MAP>
2019-10-07 10:53:46,309 [pool-413-thread-1] INFO  server.RaftServerConfigKeys (ConfUtils.java:logGet(43)) - raft.server.storage.dir = [/workdir/hadoop-ozone/integration-test/target/test-dir/MiniOzoneClusterImpl-ffc42c2b-17b1-476b-b296-1f3a80d212c9/datanode-3/data/ratis] (custom)
2019-10-07 10:53:46,309 [pool-413-thread-1] INFO  server.RaftServerConfigKeys (ConfUtils.java:logGet(43)) - raft.server.log.corruption.policy = EXCEPTION (default)
2019-10-07 10:53:46,310 [pool-413-thread-1] INFO  storage.RaftStorageDirectory (RaftStorageDirectory.java:analyzeStorage(246)) - The storage directory /workdir/hadoop-ozone/integration-test/target/test-dir/MiniOzoneClusterImpl-ffc42c2b-17b1-476b-b296-1f3a80d212c9/datanode-3/data/ratis/e26228de-7246-48ef-a345-31c6905ea36b does not exist. Creating ...
2019-10-07 10:53:46,323 [pool-413-thread-1] INFO  storage.RaftStorageDirectory (RaftStorageDirectory.java:tryLock(328)) - Lock on /workdir/hadoop-ozone/integration-test/target/test-dir/MiniOzoneClusterImpl-ffc42c2b-17b1-476b-b296-1f3a80d212c9/datanode-3/data/ratis/e26228de-7246-48ef-a345-31c6905ea36b/in_use.lock acquired by nodename 24021@pr-hdds-2238-6jxtw-691721237
2019-10-07 10:53:46,336 [pool-413-thread-1] INFO  storage.RaftStorage (RaftStorage.java:format(84)) - Storage directory /workdir/hadoop-ozone/integration-test/target/test-dir/MiniOzoneClusterImpl-ffc42c2b-17b1-476b-b296-1f3a80d212c9/datanode-3/data/ratis/e26228de-7246-48ef-a345-31c6905ea36b has been successfully formatted.
2019-10-07 10:53:46,336 [pool-413-thread-1] INFO  ratis.ContainerStateMachine (ContainerStateMachine.java:loadSnapshot(231)) - group-31C6905EA36B: The snapshot info is null. Setting the last applied indexto:(t:0, i:~)
2019-10-07 10:53:46,336 [pool-413-thread-1] INFO  server.RaftServerConfigKeys (ConfUtils.java:logGet(43)) - raft.server.notification.no-leader.timeout = 120s (custom)
2019-10-07 10:53:46,336 [pool-413-thread-1] INFO  server.RaftServerConfigKeys (ConfUtils.java:logGet(43)) - raft.server.log.use.memory = false (default)
2019-10-07 10:53:46,336 [pool-413-thread-1] INFO  server.RaftServerConfigKeys (ConfUtils.java:logGet(43)) - raft.server.log.purge.gap = 1000000 (custom)
2019-10-07 10:53:46,336 [pool-413-thread-1] INFO  server.RaftServerConfigKeys (ConfUtils.java:logGet(43)) - raft.server.log.appender.buffer.byte-limit = 33554432 (custom)
2019-10-07 10:53:46,337 [pool-413-thread-1] INFO  server.RaftServerConfigKeys (ConfUtils.java:logGet(43)) - raft.server.log.segment.size.max = 1048576 (custom)
2019-10-07 10:53:46,338 [pool-413-thread-1] INFO  server.RaftServerConfigKeys (ConfUtils.java:logGet(43)) - raft.server.log.segment.cache.num.max = 2 (custom)
2019-10-07 10:53:46,338 [pool-413-thread-1] INFO  segmented.SegmentedRaftLogWorker (SegmentedRaftLogWorker.java:<init>(173)) - new 5f4b0b8a-293c-44f2-89a7-be5121b1219a@group-31C6905EA36B-SegmentedRaftLogWorker for RaftStorage:Storage Directory /workdir/hadoop-ozone/integration-test/target/test-dir/MiniOzoneClusterImpl-ffc42c2b-17b1-476b-b296-1f3a80d212c9/datanode-3/data/ratis/e26228de-7246-48ef-a345-31c6905ea36b
2019-10-07 10:53:46,338 [pool-413-thread-1] INFO  server.RaftServerConfigKeys (ConfUtils.java:logGet(43)) - raft.server.log.queue.byte-limit = 2147483647 (custom)
2019-10-07 10:53:46,339 [pool-413-thread-1] INFO  server.RaftServerConfigKeys (ConfUtils.java:logGet(43)) - raft.server.log.queue.element-limit = 1024 (custom)
2019-10-07 10:53:46,339 [pool-413-thread-1] INFO  server.RaftServerConfigKeys (ConfUtils.java:logGet(43)) - raft.server.log.segment.size.max = 1048576 (custom)
2019-10-07 10:53:46,339 [pool-413-thread-1] INFO  server.RaftServerConfigKeys (ConfUtils.java:logGet(43)) - raft.server.log.preallocated.size = 16384 (custom)
2019-10-07 10:53:46,339 [pool-413-thread-1] INFO  server.RaftServerConfigKeys (ConfUtils.java:logGet(43)) - raft.server.log.write.buffer.size = 33554432 (custom)
2019-10-07 10:53:46,339 [pool-413-thread-1] INFO  server.RaftServerConfigKeys (ConfUtils.java:logGet(43)) - raft.server.log.force.sync.num = 128 (default)
2019-10-07 10:53:46,339 [pool-413-thread-1] INFO  server.RaftServerConfigKeys (ConfUtils.java:logGet(43)) - raft.server.log.statemachine.data.sync = true (default)
2019-10-07 10:53:46,339 [pool-413-thread-1] INFO  server.RaftServerConfigKeys (ConfUtils.java:logGet(43)) - raft.server.log.statemachine.data.sync.timeout = 10s (default)
2019-10-07 10:53:46,339 [pool-413-thread-1] INFO  server.RaftServerConfigKeys (ConfUtils.java:logGet(43)) - raft.server.log.statemachine.data.sync.timeout.retry = -1 (default)
2019-10-07 10:53:46,340 [pool-413-thread-1] INFO  server.RaftServerConfigKeys (ConfUtils.java:logGet(43)) - raft.server.log.statemachine.data.caching.enabled = true (custom)
2019-10-07 10:53:46,341 [pool-413-thread-1] INFO  segmented.SegmentedRaftLogWorker (SegmentedRaftLogWorker.java:lambda$new$0(128)) - 5f4b0b8a-293c-44f2-89a7-be5121b1219a@group-31C6905EA36B-SegmentedRaftLogWorker: flushIndex: setUnconditionally 0 -> -1
2019-10-07 10:53:46,341 [pool-413-thread-1] INFO  server.RaftServerConfigKeys (ConfUtils.java:logGet(43)) - raft.server.snapshot.auto.trigger.enabled = true (custom)
2019-10-07 10:53:46,341 [pool-413-thread-1] INFO  server.RaftServerConfigKeys (ConfUtils.java:logGet(43)) - raft.server.snapshot.auto.trigger.threshold = 10000 (custom)
2019-10-07 10:53:46,341 [pool-413-thread-1] INFO  server.RaftServerConfigKeys (ConfUtils.java:logGet(43)) - raft.server.snapshot.retention.file.num = 5 (custom)
2019-10-07 10:53:46,341 [pool-413-thread-1] INFO  server.RaftServerConfigKeys (ConfUtils.java:logGet(43)) - raft.server.retrycache.expirytime = 600000ms (custom)
2019-10-07 10:53:46,343 [pool-413-thread-1] INFO  impl.RaftServerImpl (RaftServerImpl.java:start(181)) - 5f4b0b8a-293c-44f2-89a7-be5121b1219a@group-31C6905EA36B: start as a follower, conf=-1: [5f4b0b8a-293c-44f2-89a7-be5121b1219a:192.168.5.148:33362], old=null
2019-10-07 10:53:46,343 [pool-413-thread-1] INFO  impl.RaftServerImpl (RaftServerImpl.java:setRole(170)) - 5f4b0b8a-293c-44f2-89a7-be5121b1219a@group-31C6905EA36B: changes role from      null to FOLLOWER at term 0 for startAsFollower
2019-10-07 10:53:46,343 [pool-413-thread-1] INFO  impl.RoleInfo (RoleInfo.java:updateAndGet(143)) - 5f4b0b8a-293c-44f2-89a7-be5121b1219a: start FollowerState
2019-10-07 10:53:46,343 [pool-413-thread-1] INFO  util.JmxRegister (JmxRegister.java:tryRegister(44)) - Successfully registered JMX Bean with object name Ratis:service=RaftServer,group=group-31C6905EA36B,id=5f4b0b8a-293c-44f2-89a7-be5121b1219a
2019-10-07 10:53:46,347 [RatisPipelineUtilsThread] INFO  pipeline.PipelineStateManager (PipelineStateManager.java:addPipeline(56)) - Created pipeline Pipeline[ Id: e26228de-7246-48ef-a345-31c6905ea36b, Nodes: 5f4b0b8a-293c-44f2-89a7-be5121b1219a{ip: 192.168.5.148, host: pr-hdds-2238-6jxtw-691721237, networkLocation: /default-rack, certSerialId: null}, Type:RATIS, Factor:ONE, State:OPEN]
2019-10-07 10:53:46,355 [grpc-default-executor-3] INFO  impl.RaftServerProxy (RaftServerProxy.java:addNew(89)) - 0e51aef5-f20c-490d-b0e0-642ea0a184f8: addNew group-54DA5D6B99A2:[0e51aef5-f20c-490d-b0e0-642ea0a184f8:192.168.5.148:44282] returns group-54DA5D6B99A2:java.util.concurrent.CompletableFuture@5e9b8fc2[Not completed]
2019-10-07 10:53:46,356 [pool-423-thread-1] INFO  impl.RaftServerImpl (RaftServerImpl.java:<init>(95)) - 0e51aef5-f20c-490d-b0e0-642ea0a184f8: new RaftServerImpl for group-54DA5D6B99A2:[0e51aef5-f20c-490d-b0e0-642ea0a184f8:192.168.5.148:44282] with ContainerStateMachine:uninitialized
2019-10-07 10:53:46,356 [pool-423-thread-1] INFO  server.RaftServerConfigKeys (ConfUtils.java:logGet(43)) - raft.server.rpc.timeout.min = 5s (custom)
2019-10-07 10:53:46,356 [pool-423-thread-1] INFO  server.RaftServerConfigKeys (ConfUtils.java:logGet(43)) - raft.server.rpc.timeout.max = 5200ms (custom)
2019-10-07 10:53:46,356 [pool-423-thread-1] INFO  server.RaftServerConfigKeys (ConfUtils.java:logGet(43)) - raft.server.rpcslowness.timeout = 120s (custom)
2019-10-07 10:53:46,356 [pool-423-thread-1] INFO  server.RaftServerConfigKeys (ConfUtils.java:logGet(43)) - raft.server.sleep.deviation.threshold = 300 (default)
2019-10-07 10:53:46,356 [pool-423-thread-1] INFO  server.RaftServerConfigKeys (ConfUtils.java:logGet(43)) - raft.server.log.appender.install.snapshot.enabled = false (custom)
2019-10-07 10:53:46,356 [pool-423-thread-1] INFO  impl.RaftServerImpl (ServerState.java:<init>(103)) - 0e51aef5-f20c-490d-b0e0-642ea0a184f8@group-54DA5D6B99A2: ConfigurationManager, init=-1: [0e51aef5-f20c-490d-b0e0-642ea0a184f8:192.168.5.148:44282], old=null, confs=<EMPTY_MAP>
2019-10-07 10:53:46,356 [pool-423-thread-1] INFO  server.RaftServerConfigKeys (ConfUtils.java:logGet(43)) - raft.server.storage.dir = [/workdir/hadoop-ozone/integration-test/target/test-dir/MiniOzoneClusterImpl-ffc42c2b-17b1-476b-b296-1f3a80d212c9/datanode-4/data/ratis] (custom)
2019-10-07 10:53:46,357 [pool-423-thread-1] INFO  server.RaftServerConfigKeys (ConfUtils.java:logGet(43)) - raft.server.log.corruption.policy = EXCEPTION (default)
2019-10-07 10:53:46,357 [pool-423-thread-1] INFO  storage.RaftStorageDirectory (RaftStorageDirectory.java:analyzeStorage(246)) - The storage directory /workdir/hadoop-ozone/integration-test/target/test-dir/MiniOzoneClusterImpl-ffc42c2b-17b1-476b-b296-1f3a80d212c9/datanode-4/data/ratis/e6c1d3b1-5070-4b31-b02f-54da5d6b99a2 does not exist. Creating ...
2019-10-07 10:53:46,369 [pool-423-thread-1] INFO  storage.RaftStorageDirectory (RaftStorageDirectory.java:tryLock(328)) - Lock on /workdir/hadoop-ozone/integration-test/target/test-dir/MiniOzoneClusterImpl-ffc42c2b-17b1-476b-b296-1f3a80d212c9/datanode-4/data/ratis/e6c1d3b1-5070-4b31-b02f-54da5d6b99a2/in_use.lock acquired by nodename 24021@pr-hdds-2238-6jxtw-691721237
2019-10-07 10:53:46,382 [pool-423-thread-1] INFO  storage.RaftStorage (RaftStorage.java:format(84)) - Storage directory /workdir/hadoop-ozone/integration-test/target/test-dir/MiniOzoneClusterImpl-ffc42c2b-17b1-476b-b296-1f3a80d212c9/datanode-4/data/ratis/e6c1d3b1-5070-4b31-b02f-54da5d6b99a2 has been successfully formatted.
2019-10-07 10:53:46,382 [pool-423-thread-1] INFO  ratis.ContainerStateMachine (ContainerStateMachine.java:loadSnapshot(231)) - group-54DA5D6B99A2: The snapshot info is null. Setting the last applied indexto:(t:0, i:~)
2019-10-07 10:53:46,382 [pool-423-thread-1] INFO  server.RaftServerConfigKeys (ConfUtils.java:logGet(43)) - raft.server.notification.no-leader.timeout = 120s (custom)
2019-10-07 10:53:46,382 [pool-423-thread-1] INFO  server.RaftServerConfigKeys (ConfUtils.java:logGet(43)) - raft.server.log.use.memory = false (default)
2019-10-07 10:53:46,382 [pool-423-thread-1] INFO  server.RaftServerConfigKeys (ConfUtils.java:logGet(43)) - raft.server.log.purge.gap = 1000000 (custom)
2019-10-07 10:53:46,382 [pool-423-thread-1] INFO  server.RaftServerConfigKeys (ConfUtils.java:logGet(43)) - raft.server.log.appender.buffer.byte-limit = 33554432 (custom)
2019-10-07 10:53:46,382 [pool-423-thread-1] INFO  server.RaftServerConfigKeys (ConfUtils.java:logGet(43)) - raft.server.log.segment.size.max = 1048576 (custom)
2019-10-07 10:53:46,383 [pool-423-thread-1] INFO  server.RaftServerConfigKeys (ConfUtils.java:logGet(43)) - raft.server.log.segment.cache.num.max = 2 (custom)
2019-10-07 10:53:46,384 [pool-423-thread-1] INFO  segmented.SegmentedRaftLogWorker (SegmentedRaftLogWorker.java:<init>(173)) - new 0e51aef5-f20c-490d-b0e0-642ea0a184f8@group-54DA5D6B99A2-SegmentedRaftLogWorker for RaftStorage:Storage Directory /workdir/hadoop-ozone/integration-test/target/test-dir/MiniOzoneClusterImpl-ffc42c2b-17b1-476b-b296-1f3a80d212c9/datanode-4/data/ratis/e6c1d3b1-5070-4b31-b02f-54da5d6b99a2
2019-10-07 10:53:46,384 [IPC Server handler 1 on 33700] INFO  net.NetworkTopology (NetworkTopologyImpl.java:add(111)) - Added a new node: /default-rack/d145b607-db3a-46d5-8e94-f1137714c886
2019-10-07 10:53:46,384 [pool-423-thread-1] INFO  server.RaftServerConfigKeys (ConfUtils.java:logGet(43)) - raft.server.log.queue.byte-limit = 2147483647 (custom)
2019-10-07 10:53:46,384 [IPC Server handler 1 on 33700] INFO  node.SCMNodeManager (SCMNodeManager.java:register(268)) - Registered Data node : d145b607-db3a-46d5-8e94-f1137714c886{ip: 192.168.5.148, host: pr-hdds-2238-6jxtw-691721237, networkLocation: /default-rack, certSerialId: null}
2019-10-07 10:53:46,384 [pool-423-thread-1] INFO  server.RaftServerConfigKeys (ConfUtils.java:logGet(43)) - raft.server.log.queue.element-limit = 1024 (custom)
2019-10-07 10:53:46,384 [pool-423-thread-1] INFO  server.RaftServerConfigKeys (ConfUtils.java:logGet(43)) - raft.server.log.segment.size.max = 1048576 (custom)
2019-10-07 10:53:46,384 [pool-423-thread-1] INFO  server.RaftServerConfigKeys (ConfUtils.java:logGet(43)) - raft.server.log.preallocated.size = 16384 (custom)
2019-10-07 10:53:46,384 [pool-423-thread-1] INFO  server.RaftServerConfigKeys (ConfUtils.java:logGet(43)) - raft.server.log.write.buffer.size = 33554432 (custom)
2019-10-07 10:53:46,385 [pool-423-thread-1] INFO  server.RaftServerConfigKeys (ConfUtils.java:logGet(43)) - raft.server.log.force.sync.num = 128 (default)
2019-10-07 10:53:46,385 [pool-423-thread-1] INFO  server.RaftServerConfigKeys (ConfUtils.java:logGet(43)) - raft.server.log.statemachine.data.sync = true (default)
2019-10-07 10:53:46,385 [pool-423-thread-1] INFO  server.RaftServerConfigKeys (ConfUtils.java:logGet(43)) - raft.server.log.statemachine.data.sync.timeout = 10s (default)
2019-10-07 10:53:46,385 [pool-423-thread-1] INFO  server.RaftServerConfigKeys (ConfUtils.java:logGet(43)) - raft.server.log.statemachine.data.sync.timeout.retry = -1 (default)
2019-10-07 10:53:46,385 [pool-423-thread-1] INFO  server.RaftServerConfigKeys (ConfUtils.java:logGet(43)) - raft.server.log.statemachine.data.caching.enabled = true (custom)
2019-10-07 10:53:46,385 [pool-423-thread-1] INFO  segmented.SegmentedRaftLogWorker (SegmentedRaftLogWorker.java:lambda$new$0(128)) - 0e51aef5-f20c-490d-b0e0-642ea0a184f8@group-54DA5D6B99A2-SegmentedRaftLogWorker: flushIndex: setUnconditionally 0 -> -1
2019-10-07 10:53:46,385 [pool-423-thread-1] INFO  server.RaftServerConfigKeys (ConfUtils.java:logGet(43)) - raft.server.snapshot.auto.trigger.enabled = true (custom)
2019-10-07 10:53:46,386 [pool-423-thread-1] INFO  server.RaftServerConfigKeys (ConfUtils.java:logGet(43)) - raft.server.snapshot.auto.trigger.threshold = 10000 (custom)
2019-10-07 10:53:46,386 [pool-423-thread-1] INFO  server.RaftServerConfigKeys (ConfUtils.java:logGet(43)) - raft.server.snapshot.retention.file.num = 5 (custom)
2019-10-07 10:53:46,386 [pool-423-thread-1] INFO  server.RaftServerConfigKeys (ConfUtils.java:logGet(43)) - raft.server.retrycache.expirytime = 600000ms (custom)
2019-10-07 10:53:46,387 [pool-423-thread-1] INFO  impl.RaftServerImpl (RaftServerImpl.java:start(181)) - 0e51aef5-f20c-490d-b0e0-642ea0a184f8@group-54DA5D6B99A2: start as a follower, conf=-1: [0e51aef5-f20c-490d-b0e0-642ea0a184f8:192.168.5.148:44282], old=null
2019-10-07 10:53:46,387 [pool-423-thread-1] INFO  impl.RaftServerImpl (RaftServerImpl.java:setRole(170)) - 0e51aef5-f20c-490d-b0e0-642ea0a184f8@group-54DA5D6B99A2: changes role from      null to FOLLOWER at term 0 for startAsFollower
2019-10-07 10:53:46,387 [pool-423-thread-1] INFO  impl.RoleInfo (RoleInfo.java:updateAndGet(143)) - 0e51aef5-f20c-490d-b0e0-642ea0a184f8: start FollowerState
2019-10-07 10:53:46,387 [pool-423-thread-1] INFO  util.JmxRegister (JmxRegister.java:tryRegister(44)) - Successfully registered JMX Bean with object name Ratis:service=RaftServer,group=group-54DA5D6B99A2,id=0e51aef5-f20c-490d-b0e0-642ea0a184f8
2019-10-07 10:53:46,391 [RatisPipelineUtilsThread] INFO  pipeline.PipelineStateManager (PipelineStateManager.java:addPipeline(56)) - Created pipeline Pipeline[ Id: e6c1d3b1-5070-4b31-b02f-54da5d6b99a2, Nodes: 0e51aef5-f20c-490d-b0e0-642ea0a184f8{ip: 192.168.5.148, host: pr-hdds-2238-6jxtw-691721237, networkLocation: /default-rack, certSerialId: null}, Type:RATIS, Factor:ONE, State:OPEN]
2019-10-07 10:53:46,400 [grpc-default-executor-3] INFO  impl.RaftServerProxy (RaftServerProxy.java:addNew(89)) - d145b607-db3a-46d5-8e94-f1137714c886: addNew group-72950DF04211:[d145b607-db3a-46d5-8e94-f1137714c886:192.168.5.148:36887] returns group-72950DF04211:java.util.concurrent.CompletableFuture@6b0c6357[Not completed]
2019-10-07 10:53:46,401 [pool-433-thread-1] INFO  impl.RaftServerImpl (RaftServerImpl.java:<init>(95)) - d145b607-db3a-46d5-8e94-f1137714c886: new RaftServerImpl for group-72950DF04211:[d145b607-db3a-46d5-8e94-f1137714c886:192.168.5.148:36887] with ContainerStateMachine:uninitialized
2019-10-07 10:53:46,401 [pool-433-thread-1] INFO  server.RaftServerConfigKeys (ConfUtils.java:logGet(43)) - raft.server.rpc.timeout.min = 5s (custom)
2019-10-07 10:53:46,401 [pool-433-thread-1] INFO  server.RaftServerConfigKeys (ConfUtils.java:logGet(43)) - raft.server.rpc.timeout.max = 5200ms (custom)
2019-10-07 10:53:46,401 [pool-433-thread-1] INFO  server.RaftServerConfigKeys (ConfUtils.java:logGet(43)) - raft.server.rpcslowness.timeout = 120s (custom)
2019-10-07 10:53:46,401 [pool-433-thread-1] INFO  server.RaftServerConfigKeys (ConfUtils.java:logGet(43)) - raft.server.sleep.deviation.threshold = 300 (default)
2019-10-07 10:53:46,401 [pool-433-thread-1] INFO  server.RaftServerConfigKeys (ConfUtils.java:logGet(43)) - raft.server.log.appender.install.snapshot.enabled = false (custom)
2019-10-07 10:53:46,401 [pool-433-thread-1] INFO  impl.RaftServerImpl (ServerState.java:<init>(103)) - d145b607-db3a-46d5-8e94-f1137714c886@group-72950DF04211: ConfigurationManager, init=-1: [d145b607-db3a-46d5-8e94-f1137714c886:192.168.5.148:36887], old=null, confs=<EMPTY_MAP>
2019-10-07 10:53:46,401 [pool-433-thread-1] INFO  server.RaftServerConfigKeys (ConfUtils.java:logGet(43)) - raft.server.storage.dir = [/workdir/hadoop-ozone/integration-test/target/test-dir/MiniOzoneClusterImpl-ffc42c2b-17b1-476b-b296-1f3a80d212c9/datanode-5/data/ratis] (custom)
2019-10-07 10:53:46,402 [pool-433-thread-1] INFO  server.RaftServerConfigKeys (ConfUtils.java:logGet(43)) - raft.server.log.corruption.policy = EXCEPTION (default)
2019-10-07 10:53:46,402 [pool-433-thread-1] INFO  storage.RaftStorageDirectory (RaftStorageDirectory.java:analyzeStorage(246)) - The storage directory /workdir/hadoop-ozone/integration-test/target/test-dir/MiniOzoneClusterImpl-ffc42c2b-17b1-476b-b296-1f3a80d212c9/datanode-5/data/ratis/1167be63-ce6e-414c-9819-72950df04211 does not exist. Creating ...
2019-10-07 10:53:46,415 [pool-433-thread-1] INFO  storage.RaftStorageDirectory (RaftStorageDirectory.java:tryLock(328)) - Lock on /workdir/hadoop-ozone/integration-test/target/test-dir/MiniOzoneClusterImpl-ffc42c2b-17b1-476b-b296-1f3a80d212c9/datanode-5/data/ratis/1167be63-ce6e-414c-9819-72950df04211/in_use.lock acquired by nodename 24021@pr-hdds-2238-6jxtw-691721237
2019-10-07 10:53:46,427 [pool-433-thread-1] INFO  storage.RaftStorage (RaftStorage.java:format(84)) - Storage directory /workdir/hadoop-ozone/integration-test/target/test-dir/MiniOzoneClusterImpl-ffc42c2b-17b1-476b-b296-1f3a80d212c9/datanode-5/data/ratis/1167be63-ce6e-414c-9819-72950df04211 has been successfully formatted.
2019-10-07 10:53:46,427 [pool-433-thread-1] INFO  ratis.ContainerStateMachine (ContainerStateMachine.java:loadSnapshot(231)) - group-72950DF04211: The snapshot info is null. Setting the last applied indexto:(t:0, i:~)
2019-10-07 10:53:46,427 [pool-433-thread-1] INFO  server.RaftServerConfigKeys (ConfUtils.java:logGet(43)) - raft.server.notification.no-leader.timeout = 120s (custom)
2019-10-07 10:53:46,427 [pool-433-thread-1] INFO  server.RaftServerConfigKeys (ConfUtils.java:logGet(43)) - raft.server.log.use.memory = false (default)
2019-10-07 10:53:46,428 [pool-433-thread-1] INFO  server.RaftServerConfigKeys (ConfUtils.java:logGet(43)) - raft.server.log.purge.gap = 1000000 (custom)
2019-10-07 10:53:46,428 [pool-433-thread-1] INFO  server.RaftServerConfigKeys (ConfUtils.java:logGet(43)) - raft.server.log.appender.buffer.byte-limit = 33554432 (custom)
2019-10-07 10:53:46,428 [pool-433-thread-1] INFO  server.RaftServerConfigKeys (ConfUtils.java:logGet(43)) - raft.server.log.segment.size.max = 1048576 (custom)
2019-10-07 10:53:46,429 [pool-433-thread-1] INFO  server.RaftServerConfigKeys (ConfUtils.java:logGet(43)) - raft.server.log.segment.cache.num.max = 2 (custom)
2019-10-07 10:53:46,429 [pool-433-thread-1] INFO  segmented.SegmentedRaftLogWorker (SegmentedRaftLogWorker.java:<init>(173)) - new d145b607-db3a-46d5-8e94-f1137714c886@group-72950DF04211-SegmentedRaftLogWorker for RaftStorage:Storage Directory /workdir/hadoop-ozone/integration-test/target/test-dir/MiniOzoneClusterImpl-ffc42c2b-17b1-476b-b296-1f3a80d212c9/datanode-5/data/ratis/1167be63-ce6e-414c-9819-72950df04211
2019-10-07 10:53:46,429 [pool-433-thread-1] INFO  server.RaftServerConfigKeys (ConfUtils.java:logGet(43)) - raft.server.log.queue.byte-limit = 2147483647 (custom)
2019-10-07 10:53:46,429 [pool-433-thread-1] INFO  server.RaftServerConfigKeys (ConfUtils.java:logGet(43)) - raft.server.log.queue.element-limit = 1024 (custom)
2019-10-07 10:53:46,429 [pool-433-thread-1] INFO  server.RaftServerConfigKeys (ConfUtils.java:logGet(43)) - raft.server.log.segment.size.max = 1048576 (custom)
2019-10-07 10:53:46,429 [pool-433-thread-1] INFO  server.RaftServerConfigKeys (ConfUtils.java:logGet(43)) - raft.server.log.preallocated.size = 16384 (custom)
2019-10-07 10:53:46,429 [pool-433-thread-1] INFO  server.RaftServerConfigKeys (ConfUtils.java:logGet(43)) - raft.server.log.write.buffer.size = 33554432 (custom)
2019-10-07 10:53:46,430 [pool-433-thread-1] INFO  server.RaftServerConfigKeys (ConfUtils.java:logGet(43)) - raft.server.log.force.sync.num = 128 (default)
2019-10-07 10:53:46,430 [pool-433-thread-1] INFO  server.RaftServerConfigKeys (ConfUtils.java:logGet(43)) - raft.server.log.statemachine.data.sync = true (default)
2019-10-07 10:53:46,430 [pool-433-thread-1] INFO  server.RaftServerConfigKeys (ConfUtils.java:logGet(43)) - raft.server.log.statemachine.data.sync.timeout = 10s (default)
2019-10-07 10:53:46,430 [pool-433-thread-1] INFO  server.RaftServerConfigKeys (ConfUtils.java:logGet(43)) - raft.server.log.statemachine.data.sync.timeout.retry = -1 (default)
2019-10-07 10:53:46,430 [pool-433-thread-1] INFO  server.RaftServerConfigKeys (ConfUtils.java:logGet(43)) - raft.server.log.statemachine.data.caching.enabled = true (custom)
2019-10-07 10:53:46,430 [pool-433-thread-1] INFO  segmented.SegmentedRaftLogWorker (SegmentedRaftLogWorker.java:lambda$new$0(128)) - d145b607-db3a-46d5-8e94-f1137714c886@group-72950DF04211-SegmentedRaftLogWorker: flushIndex: setUnconditionally 0 -> -1
2019-10-07 10:53:46,431 [pool-433-thread-1] INFO  server.RaftServerConfigKeys (ConfUtils.java:logGet(43)) - raft.server.snapshot.auto.trigger.enabled = true (custom)
2019-10-07 10:53:46,431 [pool-433-thread-1] INFO  server.RaftServerConfigKeys (ConfUtils.java:logGet(43)) - raft.server.snapshot.auto.trigger.threshold = 10000 (custom)
2019-10-07 10:53:46,431 [pool-433-thread-1] INFO  server.RaftServerConfigKeys (ConfUtils.java:logGet(43)) - raft.server.snapshot.retention.file.num = 5 (custom)
2019-10-07 10:53:46,431 [pool-433-thread-1] INFO  server.RaftServerConfigKeys (ConfUtils.java:logGet(43)) - raft.server.retrycache.expirytime = 600000ms (custom)
2019-10-07 10:53:46,432 [pool-433-thread-1] INFO  impl.RaftServerImpl (RaftServerImpl.java:start(181)) - d145b607-db3a-46d5-8e94-f1137714c886@group-72950DF04211: start as a follower, conf=-1: [d145b607-db3a-46d5-8e94-f1137714c886:192.168.5.148:36887], old=null
2019-10-07 10:53:46,432 [pool-433-thread-1] INFO  impl.RaftServerImpl (RaftServerImpl.java:setRole(170)) - d145b607-db3a-46d5-8e94-f1137714c886@group-72950DF04211: changes role from      null to FOLLOWER at term 0 for startAsFollower
2019-10-07 10:53:46,432 [pool-433-thread-1] INFO  impl.RoleInfo (RoleInfo.java:updateAndGet(143)) - d145b607-db3a-46d5-8e94-f1137714c886: start FollowerState
2019-10-07 10:53:46,432 [pool-433-thread-1] INFO  util.JmxRegister (JmxRegister.java:tryRegister(44)) - Successfully registered JMX Bean with object name Ratis:service=RaftServer,group=group-72950DF04211,id=d145b607-db3a-46d5-8e94-f1137714c886
2019-10-07 10:53:46,435 [RatisPipelineUtilsThread] INFO  pipeline.PipelineStateManager (PipelineStateManager.java:addPipeline(56)) - Created pipeline Pipeline[ Id: 1167be63-ce6e-414c-9819-72950df04211, Nodes: d145b607-db3a-46d5-8e94-f1137714c886{ip: 192.168.5.148, host: pr-hdds-2238-6jxtw-691721237, networkLocation: /default-rack, certSerialId: null}, Type:RATIS, Factor:ONE, State:OPEN]
2019-10-07 10:53:46,464 [main] INFO  ozone.MiniOzoneClusterImpl (MiniOzoneClusterImpl.java:lambda$waitForClusterToBeReady$0(147)) - Waiting for cluster to be ready. Got 6 of 7 DN Heartbeats.
2019-10-07 10:53:46,465 [IPC Server handler 3 on 33700] INFO  net.NetworkTopology (NetworkTopologyImpl.java:add(111)) - Added a new node: /default-rack/5fd55432-8dae-414a-b6ed-876ba2625996
2019-10-07 10:53:46,465 [IPC Server handler 3 on 33700] INFO  node.SCMNodeManager (SCMNodeManager.java:register(268)) - Registered Data node : 5fd55432-8dae-414a-b6ed-876ba2625996{ip: 192.168.5.148, host: pr-hdds-2238-6jxtw-691721237, networkLocation: /default-rack, certSerialId: null}
2019-10-07 10:53:46,480 [grpc-default-executor-4] INFO  impl.RaftServerProxy (RaftServerProxy.java:addNew(89)) - d145b607-db3a-46d5-8e94-f1137714c886: addNew group-3F1E7D2D682E:[5f4b0b8a-293c-44f2-89a7-be5121b1219a:192.168.5.148:33362, 0e51aef5-f20c-490d-b0e0-642ea0a184f8:192.168.5.148:44282, d145b607-db3a-46d5-8e94-f1137714c886:192.168.5.148:36887] returns group-3F1E7D2D682E:java.util.concurrent.CompletableFuture@68e6327[Not completed]
2019-10-07 10:53:46,480 [grpc-default-executor-4] INFO  impl.RaftServerProxy (RaftServerProxy.java:addNew(89)) - 5f4b0b8a-293c-44f2-89a7-be5121b1219a: addNew group-3F1E7D2D682E:[5f4b0b8a-293c-44f2-89a7-be5121b1219a:192.168.5.148:33362, 0e51aef5-f20c-490d-b0e0-642ea0a184f8:192.168.5.148:44282, d145b607-db3a-46d5-8e94-f1137714c886:192.168.5.148:36887] returns group-3F1E7D2D682E:java.util.concurrent.CompletableFuture@77f80ae3[Not completed]
2019-10-07 10:53:46,480 [grpc-default-executor-4] INFO  impl.RaftServerProxy (RaftServerProxy.java:addNew(89)) - 0e51aef5-f20c-490d-b0e0-642ea0a184f8: addNew group-3F1E7D2D682E:[5f4b0b8a-293c-44f2-89a7-be5121b1219a:192.168.5.148:33362, 0e51aef5-f20c-490d-b0e0-642ea0a184f8:192.168.5.148:44282, d145b607-db3a-46d5-8e94-f1137714c886:192.168.5.148:36887] returns group-3F1E7D2D682E:java.util.concurrent.CompletableFuture@7380a5d4[Not completed]
2019-10-07 10:53:46,481 [pool-433-thread-1] INFO  impl.RaftServerImpl (RaftServerImpl.java:<init>(95)) - d145b607-db3a-46d5-8e94-f1137714c886: new RaftServerImpl for group-3F1E7D2D682E:[5f4b0b8a-293c-44f2-89a7-be5121b1219a:192.168.5.148:33362, 0e51aef5-f20c-490d-b0e0-642ea0a184f8:192.168.5.148:44282, d145b607-db3a-46d5-8e94-f1137714c886:192.168.5.148:36887] with ContainerStateMachine:uninitialized
2019-10-07 10:53:46,481 [pool-433-thread-1] INFO  server.RaftServerConfigKeys (ConfUtils.java:logGet(43)) - raft.server.rpc.timeout.min = 5s (custom)
2019-10-07 10:53:46,481 [pool-433-thread-1] INFO  server.RaftServerConfigKeys (ConfUtils.java:logGet(43)) - raft.server.rpc.timeout.max = 5200ms (custom)
2019-10-07 10:53:46,481 [pool-433-thread-1] INFO  server.RaftServerConfigKeys (ConfUtils.java:logGet(43)) - raft.server.rpcslowness.timeout = 120s (custom)
2019-10-07 10:53:46,481 [pool-433-thread-1] INFO  server.RaftServerConfigKeys (ConfUtils.java:logGet(43)) - raft.server.sleep.deviation.threshold = 300 (default)
2019-10-07 10:53:46,482 [pool-433-thread-1] INFO  server.RaftServerConfigKeys (ConfUtils.java:logGet(43)) - raft.server.log.appender.install.snapshot.enabled = false (custom)
2019-10-07 10:53:46,482 [pool-413-thread-1] INFO  impl.RaftServerImpl (RaftServerImpl.java:<init>(95)) - 5f4b0b8a-293c-44f2-89a7-be5121b1219a: new RaftServerImpl for group-3F1E7D2D682E:[5f4b0b8a-293c-44f2-89a7-be5121b1219a:192.168.5.148:33362, 0e51aef5-f20c-490d-b0e0-642ea0a184f8:192.168.5.148:44282, d145b607-db3a-46d5-8e94-f1137714c886:192.168.5.148:36887] with ContainerStateMachine:uninitialized
2019-10-07 10:53:46,482 [pool-433-thread-1] INFO  impl.RaftServerImpl (ServerState.java:<init>(103)) - d145b607-db3a-46d5-8e94-f1137714c886@group-3F1E7D2D682E: ConfigurationManager, init=-1: [5f4b0b8a-293c-44f2-89a7-be5121b1219a:192.168.5.148:33362, 0e51aef5-f20c-490d-b0e0-642ea0a184f8:192.168.5.148:44282, d145b607-db3a-46d5-8e94-f1137714c886:192.168.5.148:36887], old=null, confs=<EMPTY_MAP>
2019-10-07 10:53:46,482 [pool-413-thread-1] INFO  server.RaftServerConfigKeys (ConfUtils.java:logGet(43)) - raft.server.rpc.timeout.min = 5s (custom)
2019-10-07 10:53:46,482 [pool-433-thread-1] INFO  server.RaftServerConfigKeys (ConfUtils.java:logGet(43)) - raft.server.storage.dir = [/workdir/hadoop-ozone/integration-test/target/test-dir/MiniOzoneClusterImpl-ffc42c2b-17b1-476b-b296-1f3a80d212c9/datanode-5/data/ratis] (custom)
2019-10-07 10:53:46,482 [pool-413-thread-1] INFO  server.RaftServerConfigKeys (ConfUtils.java:logGet(43)) - raft.server.rpc.timeout.max = 5200ms (custom)
2019-10-07 10:53:46,482 [pool-423-thread-1] INFO  impl.RaftServerImpl (RaftServerImpl.java:<init>(95)) - 0e51aef5-f20c-490d-b0e0-642ea0a184f8: new RaftServerImpl for group-3F1E7D2D682E:[5f4b0b8a-293c-44f2-89a7-be5121b1219a:192.168.5.148:33362, 0e51aef5-f20c-490d-b0e0-642ea0a184f8:192.168.5.148:44282, d145b607-db3a-46d5-8e94-f1137714c886:192.168.5.148:36887] with ContainerStateMachine:uninitialized
2019-10-07 10:53:46,482 [pool-413-thread-1] INFO  server.RaftServerConfigKeys (ConfUtils.java:logGet(43)) - raft.server.rpcslowness.timeout = 120s (custom)
2019-10-07 10:53:46,482 [pool-433-thread-1] INFO  server.RaftServerConfigKeys (ConfUtils.java:logGet(43)) - raft.server.log.corruption.policy = EXCEPTION (default)
2019-10-07 10:53:46,483 [pool-413-thread-1] INFO  server.RaftServerConfigKeys (ConfUtils.java:logGet(43)) - raft.server.sleep.deviation.threshold = 300 (default)
2019-10-07 10:53:46,483 [pool-423-thread-1] INFO  server.RaftServerConfigKeys (ConfUtils.java:logGet(43)) - raft.server.rpc.timeout.min = 5s (custom)
2019-10-07 10:53:46,483 [pool-413-thread-1] INFO  server.RaftServerConfigKeys (ConfUtils.java:logGet(43)) - raft.server.log.appender.install.snapshot.enabled = false (custom)
2019-10-07 10:53:46,483 [pool-433-thread-1] INFO  storage.RaftStorageDirectory (RaftStorageDirectory.java:analyzeStorage(246)) - The storage directory /workdir/hadoop-ozone/integration-test/target/test-dir/MiniOzoneClusterImpl-ffc42c2b-17b1-476b-b296-1f3a80d212c9/datanode-5/data/ratis/abae125f-4d2b-4965-9d2e-3f1e7d2d682e does not exist. Creating ...
2019-10-07 10:53:46,483 [pool-413-thread-1] INFO  impl.RaftServerImpl (ServerState.java:<init>(103)) - 5f4b0b8a-293c-44f2-89a7-be5121b1219a@group-3F1E7D2D682E: ConfigurationManager, init=-1: [5f4b0b8a-293c-44f2-89a7-be5121b1219a:192.168.5.148:33362, 0e51aef5-f20c-490d-b0e0-642ea0a184f8:192.168.5.148:44282, d145b607-db3a-46d5-8e94-f1137714c886:192.168.5.148:36887], old=null, confs=<EMPTY_MAP>
2019-10-07 10:53:46,483 [pool-423-thread-1] INFO  server.RaftServerConfigKeys (ConfUtils.java:logGet(43)) - raft.server.rpc.timeout.max = 5200ms (custom)
2019-10-07 10:53:46,483 [pool-413-thread-1] INFO  server.RaftServerConfigKeys (ConfUtils.java:logGet(43)) - raft.server.storage.dir = [/workdir/hadoop-ozone/integration-test/target/test-dir/MiniOzoneClusterImpl-ffc42c2b-17b1-476b-b296-1f3a80d212c9/datanode-3/data/ratis] (custom)
2019-10-07 10:53:46,483 [pool-423-thread-1] INFO  server.RaftServerConfigKeys (ConfUtils.java:logGet(43)) - raft.server.rpcslowness.timeout = 120s (custom)
2019-10-07 10:53:46,484 [pool-423-thread-1] INFO  server.RaftServerConfigKeys (ConfUtils.java:logGet(43)) - raft.server.sleep.deviation.threshold = 300 (default)
2019-10-07 10:53:46,484 [pool-413-thread-1] INFO  server.RaftServerConfigKeys (ConfUtils.java:logGet(43)) - raft.server.log.corruption.policy = EXCEPTION (default)
2019-10-07 10:53:46,484 [pool-423-thread-1] INFO  server.RaftServerConfigKeys (ConfUtils.java:logGet(43)) - raft.server.log.appender.install.snapshot.enabled = false (custom)
2019-10-07 10:53:46,484 [pool-413-thread-1] INFO  storage.RaftStorageDirectory (RaftStorageDirectory.java:analyzeStorage(246)) - The storage directory /workdir/hadoop-ozone/integration-test/target/test-dir/MiniOzoneClusterImpl-ffc42c2b-17b1-476b-b296-1f3a80d212c9/datanode-3/data/ratis/abae125f-4d2b-4965-9d2e-3f1e7d2d682e does not exist. Creating ...
2019-10-07 10:53:46,484 [pool-423-thread-1] INFO  impl.RaftServerImpl (ServerState.java:<init>(103)) - 0e51aef5-f20c-490d-b0e0-642ea0a184f8@group-3F1E7D2D682E: ConfigurationManager, init=-1: [5f4b0b8a-293c-44f2-89a7-be5121b1219a:192.168.5.148:33362, 0e51aef5-f20c-490d-b0e0-642ea0a184f8:192.168.5.148:44282, d145b607-db3a-46d5-8e94-f1137714c886:192.168.5.148:36887], old=null, confs=<EMPTY_MAP>
2019-10-07 10:53:46,484 [pool-423-thread-1] INFO  server.RaftServerConfigKeys (ConfUtils.java:logGet(43)) - raft.server.storage.dir = [/workdir/hadoop-ozone/integration-test/target/test-dir/MiniOzoneClusterImpl-ffc42c2b-17b1-476b-b296-1f3a80d212c9/datanode-4/data/ratis] (custom)
2019-10-07 10:53:46,485 [pool-423-thread-1] INFO  server.RaftServerConfigKeys (ConfUtils.java:logGet(43)) - raft.server.log.corruption.policy = EXCEPTION (default)
2019-10-07 10:53:46,485 [pool-423-thread-1] INFO  storage.RaftStorageDirectory (RaftStorageDirectory.java:analyzeStorage(246)) - The storage directory /workdir/hadoop-ozone/integration-test/target/test-dir/MiniOzoneClusterImpl-ffc42c2b-17b1-476b-b296-1f3a80d212c9/datanode-4/data/ratis/abae125f-4d2b-4965-9d2e-3f1e7d2d682e does not exist. Creating ...
2019-10-07 10:53:46,497 [pool-433-thread-1] INFO  storage.RaftStorageDirectory (RaftStorageDirectory.java:tryLock(328)) - Lock on /workdir/hadoop-ozone/integration-test/target/test-dir/MiniOzoneClusterImpl-ffc42c2b-17b1-476b-b296-1f3a80d212c9/datanode-5/data/ratis/abae125f-4d2b-4965-9d2e-3f1e7d2d682e/in_use.lock acquired by nodename 24021@pr-hdds-2238-6jxtw-691721237
2019-10-07 10:53:46,497 [pool-413-thread-1] INFO  storage.RaftStorageDirectory (RaftStorageDirectory.java:tryLock(328)) - Lock on /workdir/hadoop-ozone/integration-test/target/test-dir/MiniOzoneClusterImpl-ffc42c2b-17b1-476b-b296-1f3a80d212c9/datanode-3/data/ratis/abae125f-4d2b-4965-9d2e-3f1e7d2d682e/in_use.lock acquired by nodename 24021@pr-hdds-2238-6jxtw-691721237
2019-10-07 10:53:46,497 [pool-423-thread-1] INFO  storage.RaftStorageDirectory (RaftStorageDirectory.java:tryLock(328)) - Lock on /workdir/hadoop-ozone/integration-test/target/test-dir/MiniOzoneClusterImpl-ffc42c2b-17b1-476b-b296-1f3a80d212c9/datanode-4/data/ratis/abae125f-4d2b-4965-9d2e-3f1e7d2d682e/in_use.lock acquired by nodename 24021@pr-hdds-2238-6jxtw-691721237
2019-10-07 10:53:46,515 [pool-433-thread-1] INFO  storage.RaftStorage (RaftStorage.java:format(84)) - Storage directory /workdir/hadoop-ozone/integration-test/target/test-dir/MiniOzoneClusterImpl-ffc42c2b-17b1-476b-b296-1f3a80d212c9/datanode-5/data/ratis/abae125f-4d2b-4965-9d2e-3f1e7d2d682e has been successfully formatted.
2019-10-07 10:53:46,515 [pool-423-thread-1] INFO  storage.RaftStorage (RaftStorage.java:format(84)) - Storage directory /workdir/hadoop-ozone/integration-test/target/test-dir/MiniOzoneClusterImpl-ffc42c2b-17b1-476b-b296-1f3a80d212c9/datanode-4/data/ratis/abae125f-4d2b-4965-9d2e-3f1e7d2d682e has been successfully formatted.
2019-10-07 10:53:46,515 [pool-413-thread-1] INFO  storage.RaftStorage (RaftStorage.java:format(84)) - Storage directory /workdir/hadoop-ozone/integration-test/target/test-dir/MiniOzoneClusterImpl-ffc42c2b-17b1-476b-b296-1f3a80d212c9/datanode-3/data/ratis/abae125f-4d2b-4965-9d2e-3f1e7d2d682e has been successfully formatted.
2019-10-07 10:53:46,516 [pool-423-thread-1] INFO  ratis.ContainerStateMachine (ContainerStateMachine.java:loadSnapshot(231)) - group-3F1E7D2D682E: The snapshot info is null. Setting the last applied indexto:(t:0, i:~)
2019-10-07 10:53:46,516 [pool-433-thread-1] INFO  ratis.ContainerStateMachine (ContainerStateMachine.java:loadSnapshot(231)) - group-3F1E7D2D682E: The snapshot info is null. Setting the last applied indexto:(t:0, i:~)
2019-10-07 10:53:46,516 [pool-423-thread-1] INFO  server.RaftServerConfigKeys (ConfUtils.java:logGet(43)) - raft.server.notification.no-leader.timeout = 120s (custom)
2019-10-07 10:53:46,516 [pool-413-thread-1] INFO  ratis.ContainerStateMachine (ContainerStateMachine.java:loadSnapshot(231)) - group-3F1E7D2D682E: The snapshot info is null. Setting the last applied indexto:(t:0, i:~)
2019-10-07 10:53:46,516 [pool-423-thread-1] INFO  server.RaftServerConfigKeys (ConfUtils.java:logGet(43)) - raft.server.log.use.memory = false (default)
2019-10-07 10:53:46,516 [pool-433-thread-1] INFO  server.RaftServerConfigKeys (ConfUtils.java:logGet(43)) - raft.server.notification.no-leader.timeout = 120s (custom)
2019-10-07 10:53:46,516 [pool-423-thread-1] INFO  server.RaftServerConfigKeys (ConfUtils.java:logGet(43)) - raft.server.log.purge.gap = 1000000 (custom)
2019-10-07 10:53:46,516 [pool-413-thread-1] INFO  server.RaftServerConfigKeys (ConfUtils.java:logGet(43)) - raft.server.notification.no-leader.timeout = 120s (custom)
2019-10-07 10:53:46,517 [pool-423-thread-1] INFO  server.RaftServerConfigKeys (ConfUtils.java:logGet(43)) - raft.server.log.appender.buffer.byte-limit = 33554432 (custom)
2019-10-07 10:53:46,517 [pool-433-thread-1] INFO  server.RaftServerConfigKeys (ConfUtils.java:logGet(43)) - raft.server.log.use.memory = false (default)
2019-10-07 10:53:46,517 [pool-423-thread-1] INFO  server.RaftServerConfigKeys (ConfUtils.java:logGet(43)) - raft.server.log.segment.size.max = 1048576 (custom)
2019-10-07 10:53:46,517 [pool-413-thread-1] INFO  server.RaftServerConfigKeys (ConfUtils.java:logGet(43)) - raft.server.log.use.memory = false (default)
2019-10-07 10:53:46,517 [pool-423-thread-1] INFO  server.RaftServerConfigKeys (ConfUtils.java:logGet(43)) - raft.server.log.segment.cache.num.max = 2 (custom)
2019-10-07 10:53:46,517 [pool-433-thread-1] INFO  server.RaftServerConfigKeys (ConfUtils.java:logGet(43)) - raft.server.log.purge.gap = 1000000 (custom)
2019-10-07 10:53:46,518 [pool-423-thread-1] INFO  segmented.SegmentedRaftLogWorker (SegmentedRaftLogWorker.java:<init>(173)) - new 0e51aef5-f20c-490d-b0e0-642ea0a184f8@group-3F1E7D2D682E-SegmentedRaftLogWorker for RaftStorage:Storage Directory /workdir/hadoop-ozone/integration-test/target/test-dir/MiniOzoneClusterImpl-ffc42c2b-17b1-476b-b296-1f3a80d212c9/datanode-4/data/ratis/abae125f-4d2b-4965-9d2e-3f1e7d2d682e
2019-10-07 10:53:46,517 [pool-413-thread-1] INFO  server.RaftServerConfigKeys (ConfUtils.java:logGet(43)) - raft.server.log.purge.gap = 1000000 (custom)
2019-10-07 10:53:46,518 [pool-423-thread-1] INFO  server.RaftServerConfigKeys (ConfUtils.java:logGet(43)) - raft.server.log.queue.byte-limit = 2147483647 (custom)
2019-10-07 10:53:46,518 [pool-433-thread-1] INFO  server.RaftServerConfigKeys (ConfUtils.java:logGet(43)) - raft.server.log.appender.buffer.byte-limit = 33554432 (custom)
2019-10-07 10:53:46,518 [pool-423-thread-1] INFO  server.RaftServerConfigKeys (ConfUtils.java:logGet(43)) - raft.server.log.queue.element-limit = 1024 (custom)
2019-10-07 10:53:46,518 [pool-413-thread-1] INFO  server.RaftServerConfigKeys (ConfUtils.java:logGet(43)) - raft.server.log.appender.buffer.byte-limit = 33554432 (custom)
2019-10-07 10:53:46,518 [pool-423-thread-1] INFO  server.RaftServerConfigKeys (ConfUtils.java:logGet(43)) - raft.server.log.segment.size.max = 1048576 (custom)
2019-10-07 10:53:46,518 [pool-433-thread-1] INFO  server.RaftServerConfigKeys (ConfUtils.java:logGet(43)) - raft.server.log.segment.size.max = 1048576 (custom)
2019-10-07 10:53:46,519 [pool-423-thread-1] INFO  server.RaftServerConfigKeys (ConfUtils.java:logGet(43)) - raft.server.log.preallocated.size = 16384 (custom)
2019-10-07 10:53:46,518 [pool-413-thread-1] INFO  server.RaftServerConfigKeys (ConfUtils.java:logGet(43)) - raft.server.log.segment.size.max = 1048576 (custom)
2019-10-07 10:53:46,519 [pool-423-thread-1] INFO  server.RaftServerConfigKeys (ConfUtils.java:logGet(43)) - raft.server.log.write.buffer.size = 33554432 (custom)
2019-10-07 10:53:46,519 [pool-433-thread-1] INFO  server.RaftServerConfigKeys (ConfUtils.java:logGet(43)) - raft.server.log.segment.cache.num.max = 2 (custom)
2019-10-07 10:53:46,519 [pool-423-thread-1] INFO  server.RaftServerConfigKeys (ConfUtils.java:logGet(43)) - raft.server.log.force.sync.num = 128 (default)
2019-10-07 10:53:46,519 [pool-413-thread-1] INFO  server.RaftServerConfigKeys (ConfUtils.java:logGet(43)) - raft.server.log.segment.cache.num.max = 2 (custom)
2019-10-07 10:53:46,519 [pool-423-thread-1] INFO  server.RaftServerConfigKeys (ConfUtils.java:logGet(43)) - raft.server.log.statemachine.data.sync = true (default)
2019-10-07 10:53:46,519 [pool-433-thread-1] INFO  segmented.SegmentedRaftLogWorker (SegmentedRaftLogWorker.java:<init>(173)) - new d145b607-db3a-46d5-8e94-f1137714c886@group-3F1E7D2D682E-SegmentedRaftLogWorker for RaftStorage:Storage Directory /workdir/hadoop-ozone/integration-test/target/test-dir/MiniOzoneClusterImpl-ffc42c2b-17b1-476b-b296-1f3a80d212c9/datanode-5/data/ratis/abae125f-4d2b-4965-9d2e-3f1e7d2d682e
2019-10-07 10:53:46,520 [pool-423-thread-1] INFO  server.RaftServerConfigKeys (ConfUtils.java:logGet(43)) - raft.server.log.statemachine.data.sync.timeout = 10s (default)
2019-10-07 10:53:46,519 [pool-413-thread-1] INFO  segmented.SegmentedRaftLogWorker (SegmentedRaftLogWorker.java:<init>(173)) - new 5f4b0b8a-293c-44f2-89a7-be5121b1219a@group-3F1E7D2D682E-SegmentedRaftLogWorker for RaftStorage:Storage Directory /workdir/hadoop-ozone/integration-test/target/test-dir/MiniOzoneClusterImpl-ffc42c2b-17b1-476b-b296-1f3a80d212c9/datanode-3/data/ratis/abae125f-4d2b-4965-9d2e-3f1e7d2d682e
2019-10-07 10:53:46,520 [pool-423-thread-1] INFO  server.RaftServerConfigKeys (ConfUtils.java:logGet(43)) - raft.server.log.statemachine.data.sync.timeout.retry = -1 (default)
2019-10-07 10:53:46,520 [pool-433-thread-1] INFO  server.RaftServerConfigKeys (ConfUtils.java:logGet(43)) - raft.server.log.queue.byte-limit = 2147483647 (custom)
2019-10-07 10:53:46,520 [pool-423-thread-1] INFO  server.RaftServerConfigKeys (ConfUtils.java:logGet(43)) - raft.server.log.statemachine.data.caching.enabled = true (custom)
2019-10-07 10:53:46,520 [pool-413-thread-1] INFO  server.RaftServerConfigKeys (ConfUtils.java:logGet(43)) - raft.server.log.queue.byte-limit = 2147483647 (custom)
2019-10-07 10:53:46,520 [pool-433-thread-1] INFO  server.RaftServerConfigKeys (ConfUtils.java:logGet(43)) - raft.server.log.queue.element-limit = 1024 (custom)
2019-10-07 10:53:46,520 [pool-413-thread-1] INFO  server.RaftServerConfigKeys (ConfUtils.java:logGet(43)) - raft.server.log.queue.element-limit = 1024 (custom)
2019-10-07 10:53:46,520 [pool-423-thread-1] INFO  segmented.SegmentedRaftLogWorker (SegmentedRaftLogWorker.java:lambda$new$0(128)) - 0e51aef5-f20c-490d-b0e0-642ea0a184f8@group-3F1E7D2D682E-SegmentedRaftLogWorker: flushIndex: setUnconditionally 0 -> -1
2019-10-07 10:53:46,521 [pool-413-thread-1] INFO  server.RaftServerConfigKeys (ConfUtils.java:logGet(43)) - raft.server.log.segment.size.max = 1048576 (custom)
2019-10-07 10:53:46,521 [pool-433-thread-1] INFO  server.RaftServerConfigKeys (ConfUtils.java:logGet(43)) - raft.server.log.segment.size.max = 1048576 (custom)
2019-10-07 10:53:46,521 [pool-423-thread-1] INFO  server.RaftServerConfigKeys (ConfUtils.java:logGet(43)) - raft.server.snapshot.auto.trigger.enabled = true (custom)
2019-10-07 10:53:46,521 [pool-413-thread-1] INFO  server.RaftServerConfigKeys (ConfUtils.java:logGet(43)) - raft.server.log.preallocated.size = 16384 (custom)
2019-10-07 10:53:46,521 [pool-423-thread-1] INFO  server.RaftServerConfigKeys (ConfUtils.java:logGet(43)) - raft.server.snapshot.auto.trigger.threshold = 10000 (custom)
2019-10-07 10:53:46,521 [pool-433-thread-1] INFO  server.RaftServerConfigKeys (ConfUtils.java:logGet(43)) - raft.server.log.preallocated.size = 16384 (custom)
2019-10-07 10:53:46,521 [pool-423-thread-1] INFO  server.RaftServerConfigKeys (ConfUtils.java:logGet(43)) - raft.server.snapshot.retention.file.num = 5 (custom)
2019-10-07 10:53:46,521 [pool-413-thread-1] INFO  server.RaftServerConfigKeys (ConfUtils.java:logGet(43)) - raft.server.log.write.buffer.size = 33554432 (custom)
2019-10-07 10:53:46,522 [pool-423-thread-1] INFO  server.RaftServerConfigKeys (ConfUtils.java:logGet(43)) - raft.server.retrycache.expirytime = 600000ms (custom)
2019-10-07 10:53:46,522 [pool-433-thread-1] INFO  server.RaftServerConfigKeys (ConfUtils.java:logGet(43)) - raft.server.log.write.buffer.size = 33554432 (custom)
2019-10-07 10:53:46,522 [pool-413-thread-1] INFO  server.RaftServerConfigKeys (ConfUtils.java:logGet(43)) - raft.server.log.force.sync.num = 128 (default)
2019-10-07 10:53:46,522 [pool-433-thread-1] INFO  server.RaftServerConfigKeys (ConfUtils.java:logGet(43)) - raft.server.log.force.sync.num = 128 (default)
2019-10-07 10:53:46,522 [pool-413-thread-1] INFO  server.RaftServerConfigKeys (ConfUtils.java:logGet(43)) - raft.server.log.statemachine.data.sync = true (default)
2019-10-07 10:53:46,522 [pool-433-thread-1] INFO  server.RaftServerConfigKeys (ConfUtils.java:logGet(43)) - raft.server.log.statemachine.data.sync = true (default)
2019-10-07 10:53:46,523 [pool-413-thread-1] INFO  server.RaftServerConfigKeys (ConfUtils.java:logGet(43)) - raft.server.log.statemachine.data.sync.timeout = 10s (default)
2019-10-07 10:53:46,523 [pool-433-thread-1] INFO  server.RaftServerConfigKeys (ConfUtils.java:logGet(43)) - raft.server.log.statemachine.data.sync.timeout = 10s (default)
2019-10-07 10:53:46,523 [pool-413-thread-1] INFO  server.RaftServerConfigKeys (ConfUtils.java:logGet(43)) - raft.server.log.statemachine.data.sync.timeout.retry = -1 (default)
2019-10-07 10:53:46,523 [pool-433-thread-1] INFO  server.RaftServerConfigKeys (ConfUtils.java:logGet(43)) - raft.server.log.statemachine.data.sync.timeout.retry = -1 (default)
2019-10-07 10:53:46,523 [pool-413-thread-1] INFO  server.RaftServerConfigKeys (ConfUtils.java:logGet(43)) - raft.server.log.statemachine.data.caching.enabled = true (custom)
2019-10-07 10:53:46,523 [pool-423-thread-1] INFO  impl.RaftServerImpl (RaftServerImpl.java:start(181)) - 0e51aef5-f20c-490d-b0e0-642ea0a184f8@group-3F1E7D2D682E: start as a follower, conf=-1: [5f4b0b8a-293c-44f2-89a7-be5121b1219a:192.168.5.148:33362, 0e51aef5-f20c-490d-b0e0-642ea0a184f8:192.168.5.148:44282, d145b607-db3a-46d5-8e94-f1137714c886:192.168.5.148:36887], old=null
2019-10-07 10:53:46,523 [pool-433-thread-1] INFO  server.RaftServerConfigKeys (ConfUtils.java:logGet(43)) - raft.server.log.statemachine.data.caching.enabled = true (custom)
2019-10-07 10:53:46,524 [pool-413-thread-1] INFO  segmented.SegmentedRaftLogWorker (SegmentedRaftLogWorker.java:lambda$new$0(128)) - 5f4b0b8a-293c-44f2-89a7-be5121b1219a@group-3F1E7D2D682E-SegmentedRaftLogWorker: flushIndex: setUnconditionally 0 -> -1
2019-10-07 10:53:46,524 [pool-433-thread-1] INFO  segmented.SegmentedRaftLogWorker (SegmentedRaftLogWorker.java:lambda$new$0(128)) - d145b607-db3a-46d5-8e94-f1137714c886@group-3F1E7D2D682E-SegmentedRaftLogWorker: flushIndex: setUnconditionally 0 -> -1
2019-10-07 10:53:46,524 [pool-423-thread-1] INFO  impl.RaftServerImpl (RaftServerImpl.java:setRole(170)) - 0e51aef5-f20c-490d-b0e0-642ea0a184f8@group-3F1E7D2D682E: changes role from      null to FOLLOWER at term 0 for startAsFollower
2019-10-07 10:53:46,524 [pool-413-thread-1] INFO  server.RaftServerConfigKeys (ConfUtils.java:logGet(43)) - raft.server.snapshot.auto.trigger.enabled = true (custom)
2019-10-07 10:53:46,524 [pool-423-thread-1] INFO  impl.RoleInfo (RoleInfo.java:updateAndGet(143)) - 0e51aef5-f20c-490d-b0e0-642ea0a184f8: start FollowerState
2019-10-07 10:53:46,524 [pool-433-thread-1] INFO  server.RaftServerConfigKeys (ConfUtils.java:logGet(43)) - raft.server.snapshot.auto.trigger.enabled = true (custom)
2019-10-07 10:53:46,524 [pool-413-thread-1] INFO  server.RaftServerConfigKeys (ConfUtils.java:logGet(43)) - raft.server.snapshot.auto.trigger.threshold = 10000 (custom)
2019-10-07 10:53:46,525 [pool-423-thread-1] INFO  util.JmxRegister (JmxRegister.java:tryRegister(44)) - Successfully registered JMX Bean with object name Ratis:service=RaftServer,group=group-3F1E7D2D682E,id=0e51aef5-f20c-490d-b0e0-642ea0a184f8
2019-10-07 10:53:46,524 [pool-433-thread-1] INFO  server.RaftServerConfigKeys (ConfUtils.java:logGet(43)) - raft.server.snapshot.auto.trigger.threshold = 10000 (custom)
2019-10-07 10:53:46,525 [pool-413-thread-1] INFO  server.RaftServerConfigKeys (ConfUtils.java:logGet(43)) - raft.server.snapshot.retention.file.num = 5 (custom)
2019-10-07 10:53:46,525 [pool-433-thread-1] INFO  server.RaftServerConfigKeys (ConfUtils.java:logGet(43)) - raft.server.snapshot.retention.file.num = 5 (custom)
2019-10-07 10:53:46,525 [pool-413-thread-1] INFO  server.RaftServerConfigKeys (ConfUtils.java:logGet(43)) - raft.server.retrycache.expirytime = 600000ms (custom)
2019-10-07 10:53:46,525 [pool-433-thread-1] INFO  server.RaftServerConfigKeys (ConfUtils.java:logGet(43)) - raft.server.retrycache.expirytime = 600000ms (custom)
2019-10-07 10:53:46,528 [pool-413-thread-1] INFO  impl.RaftServerImpl (RaftServerImpl.java:start(181)) - 5f4b0b8a-293c-44f2-89a7-be5121b1219a@group-3F1E7D2D682E: start as a follower, conf=-1: [5f4b0b8a-293c-44f2-89a7-be5121b1219a:192.168.5.148:33362, 0e51aef5-f20c-490d-b0e0-642ea0a184f8:192.168.5.148:44282, d145b607-db3a-46d5-8e94-f1137714c886:192.168.5.148:36887], old=null
2019-10-07 10:53:46,528 [pool-413-thread-1] INFO  impl.RaftServerImpl (RaftServerImpl.java:setRole(170)) - 5f4b0b8a-293c-44f2-89a7-be5121b1219a@group-3F1E7D2D682E: changes role from      null to FOLLOWER at term 0 for startAsFollower
2019-10-07 10:53:46,529 [pool-433-thread-1] INFO  impl.RaftServerImpl (RaftServerImpl.java:start(181)) - d145b607-db3a-46d5-8e94-f1137714c886@group-3F1E7D2D682E: start as a follower, conf=-1: [5f4b0b8a-293c-44f2-89a7-be5121b1219a:192.168.5.148:33362, 0e51aef5-f20c-490d-b0e0-642ea0a184f8:192.168.5.148:44282, d145b607-db3a-46d5-8e94-f1137714c886:192.168.5.148:36887], old=null
2019-10-07 10:53:46,529 [pool-413-thread-1] INFO  impl.RoleInfo (RoleInfo.java:updateAndGet(143)) - 5f4b0b8a-293c-44f2-89a7-be5121b1219a: start FollowerState
2019-10-07 10:53:46,529 [pool-433-thread-1] INFO  impl.RaftServerImpl (RaftServerImpl.java:setRole(170)) - d145b607-db3a-46d5-8e94-f1137714c886@group-3F1E7D2D682E: changes role from      null to FOLLOWER at term 0 for startAsFollower
2019-10-07 10:53:46,529 [pool-433-thread-1] INFO  impl.RoleInfo (RoleInfo.java:updateAndGet(143)) - d145b607-db3a-46d5-8e94-f1137714c886: start FollowerState
2019-10-07 10:53:46,529 [pool-413-thread-1] INFO  util.JmxRegister (JmxRegister.java:tryRegister(44)) - Successfully registered JMX Bean with object name Ratis:service=RaftServer,group=group-3F1E7D2D682E,id=5f4b0b8a-293c-44f2-89a7-be5121b1219a
2019-10-07 10:53:46,529 [pool-433-thread-1] INFO  util.JmxRegister (JmxRegister.java:tryRegister(44)) - Successfully registered JMX Bean with object name Ratis:service=RaftServer,group=group-3F1E7D2D682E,id=d145b607-db3a-46d5-8e94-f1137714c886
2019-10-07 10:53:46,534 [RatisPipelineUtilsThread] INFO  pipeline.PipelineStateManager (PipelineStateManager.java:addPipeline(56)) - Created pipeline Pipeline[ Id: abae125f-4d2b-4965-9d2e-3f1e7d2d682e, Nodes: 5f4b0b8a-293c-44f2-89a7-be5121b1219a{ip: 192.168.5.148, host: pr-hdds-2238-6jxtw-691721237, networkLocation: /default-rack, certSerialId: null}0e51aef5-f20c-490d-b0e0-642ea0a184f8{ip: 192.168.5.148, host: pr-hdds-2238-6jxtw-691721237, networkLocation: /default-rack, certSerialId: null}d145b607-db3a-46d5-8e94-f1137714c886{ip: 192.168.5.148, host: pr-hdds-2238-6jxtw-691721237, networkLocation: /default-rack, certSerialId: null}, Type:RATIS, Factor:THREE, State:OPEN]
2019-10-07 10:53:47,196 [grpc-default-executor-4] WARN  server.GrpcLogAppender (LogUtils.java:warn(134)) - f0c02f1b-7192-45ee-be91-59a0f18f6150@group-9C0F0BB22B1E->24476e73-5d23-4249-9898-8edc248c0287-AppendLogResponseHandler: Failed appendEntries: org.apache.ratis.thirdparty.io.grpc.StatusRuntimeException: UNAVAILABLE: io exception
2019-10-07 10:53:47,196 [grpc-default-executor-0] WARN  server.GrpcLogAppender (LogUtils.java:warn(134)) - f0c02f1b-7192-45ee-be91-59a0f18f6150@group-9C0F0BB22B1E->9feb3379-7171-4df4-b299-4b714504f75e-AppendLogResponseHandler: Failed appendEntries: org.apache.ratis.thirdparty.io.grpc.StatusRuntimeException: UNAVAILABLE: io exception
2019-10-07 10:53:47,196 [grpc-default-executor-4] INFO  impl.FollowerInfo (FollowerInfo.java:lambda$new$0(51)) - f0c02f1b-7192-45ee-be91-59a0f18f6150@group-9C0F0BB22B1E->24476e73-5d23-4249-9898-8edc248c0287: nextIndex: updateUnconditionally 0 -> 0
2019-10-07 10:53:47,196 [grpc-default-executor-0] INFO  impl.FollowerInfo (FollowerInfo.java:lambda$new$0(51)) - f0c02f1b-7192-45ee-be91-59a0f18f6150@group-9C0F0BB22B1E->9feb3379-7171-4df4-b299-4b714504f75e: nextIndex: updateUnconditionally 0 -> 0
2019-10-07 10:53:47,464 [main] INFO  ozone.MiniOzoneClusterImpl (MiniOzoneClusterImpl.java:lambda$waitForClusterToBeReady$0(147)) - Cluster is ready. Got 7 of 7 DN Heartbeats.
2019-10-07 10:53:47,525 [main] INFO  rpc.RpcClient (RpcClient.java:createVolume(277)) - Creating Volume: watchforcommithandlingtest, with jenkins1000 as owner.
2019-10-07 10:53:47,529 [IPC Server handler 1 on 33204] INFO  volume.OMVolumeCreateRequest (OMVolumeCreateRequest.java:validateAndUpdateCache(193)) - created volume:watchforcommithandlingtest for user:jenkins1000
2019-10-07 10:53:47,555 [main] INFO  rpc.RpcClient (RpcClient.java:createBucket(416)) - Creating Bucket: watchforcommithandlingtest/watchforcommithandlingtest, with Versioning false and Storage Type set to DISK and Encryption set to false 
2019-10-07 10:53:47,561 [main] INFO  ozone.MiniOzoneClusterImpl (MiniOzoneClusterImpl.java:getStorageContainerLocationClient(234)) - Creating StorageContainerLocationProtocol RPC client with address /0.0.0.0:33893
2019-10-07 10:53:47,857 [Thread-2540] INFO  client.GrpcClientProtocolService (GrpcClientProtocolService.java:lambda$processClientRequest$0(278)) - Failed RaftClientRequest:client-F15BD1286516->f0c02f1b-7192-45ee-be91-59a0f18f6150@group-9C0F0BB22B1E, cid=66, seq=0, Watch-ALL_COMMITTED(69), Message:<EMPTY>, reply=RaftClientReply:client-F15BD1286516->f0c02f1b-7192-45ee-be91-59a0f18f6150@group-9C0F0BB22B1E, cid=66, FAILED org.apache.ratis.protocol.NotReplicatedException: Request with call Id 66 and log index 69 is not yet replicated to ALL_COMMITTED, logIndex=69, commits[f0c02f1b-7192-45ee-be91-59a0f18f6150:c2, 24476e73-5d23-4249-9898-8edc248c0287:c2, 9feb3379-7171-4df4-b299-4b714504f75e:c2]
2019-10-07 10:53:47,857 [Thread-2541] INFO  client.GrpcClientProtocolService (GrpcClientProtocolService.java:lambda$processClientRequest$0(278)) - Failed RaftClientRequest:client-F15BD1286516->f0c02f1b-7192-45ee-be91-59a0f18f6150@group-9C0F0BB22B1E, cid=67, seq=0, Watch-MAJORITY_COMMITTED(69), Message:<EMPTY>, reply=RaftClientReply:client-F15BD1286516->f0c02f1b-7192-45ee-be91-59a0f18f6150@group-9C0F0BB22B1E, cid=67, FAILED org.apache.ratis.protocol.NotReplicatedException: Request with call Id 67 and log index 69 is not yet replicated to MAJORITY_COMMITTED, logIndex=69, commits[f0c02f1b-7192-45ee-be91-59a0f18f6150:c2, 24476e73-5d23-4249-9898-8edc248c0287:c2, 9feb3379-7171-4df4-b299-4b714504f75e:c2]
2019-10-07 10:53:48,226 [grpc-default-executor-3] WARN  server.GrpcLogAppender (LogUtils.java:warn(134)) - f0c02f1b-7192-45ee-be91-59a0f18f6150@group-9C0F0BB22B1E->24476e73-5d23-4249-9898-8edc248c0287-AppendLogResponseHandler: Failed appendEntries: org.apache.ratis.thirdparty.io.grpc.StatusRuntimeException: UNAVAILABLE: io exception
2019-10-07 10:53:48,226 [grpc-default-executor-7] WARN  server.GrpcLogAppender (LogUtils.java:warn(134)) - f0c02f1b-7192-45ee-be91-59a0f18f6150@group-9C0F0BB22B1E->9feb3379-7171-4df4-b299-4b714504f75e-AppendLogResponseHandler: Failed appendEntries: org.apache.ratis.thirdparty.io.grpc.StatusRuntimeException: UNAVAILABLE: io exception
2019-10-07 10:53:48,226 [grpc-default-executor-3] INFO  impl.FollowerInfo (FollowerInfo.java:lambda$new$0(51)) - f0c02f1b-7192-45ee-be91-59a0f18f6150@group-9C0F0BB22B1E->24476e73-5d23-4249-9898-8edc248c0287: nextIndex: updateUnconditionally 1 -> 0
2019-10-07 10:53:48,227 [grpc-default-executor-7] INFO  impl.FollowerInfo (FollowerInfo.java:lambda$new$0(51)) - f0c02f1b-7192-45ee-be91-59a0f18f6150@group-9C0F0BB22B1E->9feb3379-7171-4df4-b299-4b714504f75e: nextIndex: updateUnconditionally 1 -> 0
2019-10-07 10:53:48,942 [Thread-2491] INFO  container.ReplicationManager (ReplicationManager.java:start(162)) - Starting Replication Monitor Thread.
2019-10-07 10:53:48,953 [ReplicationMonitor] INFO  container.ReplicationManager (ReplicationManager.java:run(225)) - Replication Monitor Thread took 1 milliseconds for processing 1 containers.
2019-10-07 10:53:50,726 [grpc-default-executor-3] WARN  server.GrpcLogAppender (LogUtils.java:warn(134)) - f0c02f1b-7192-45ee-be91-59a0f18f6150@group-9C0F0BB22B1E->9feb3379-7171-4df4-b299-4b714504f75e-AppendLogResponseHandler: Failed appendEntries: org.apache.ratis.thirdparty.io.grpc.StatusRuntimeException: UNAVAILABLE: io exception
2019-10-07 10:53:50,726 [grpc-default-executor-0] WARN  server.GrpcLogAppender (LogUtils.java:warn(134)) - f0c02f1b-7192-45ee-be91-59a0f18f6150@group-9C0F0BB22B1E->24476e73-5d23-4249-9898-8edc248c0287-AppendLogResponseHandler: Failed appendEntries: org.apache.ratis.thirdparty.io.grpc.StatusRuntimeException: UNAVAILABLE: io exception
2019-10-07 10:53:50,727 [grpc-default-executor-3] INFO  impl.FollowerInfo (FollowerInfo.java:lambda$new$0(51)) - f0c02f1b-7192-45ee-be91-59a0f18f6150@group-9C0F0BB22B1E->9feb3379-7171-4df4-b299-4b714504f75e: nextIndex: updateUnconditionally 0 -> 0
2019-10-07 10:53:50,727 [grpc-default-executor-0] INFO  impl.FollowerInfo (FollowerInfo.java:lambda$new$0(51)) - f0c02f1b-7192-45ee-be91-59a0f18f6150@group-9C0F0BB22B1E->24476e73-5d23-4249-9898-8edc248c0287: nextIndex: updateUnconditionally 0 -> 0
2019-10-07 10:53:51,031 [Thread-2493] INFO  impl.FollowerState (FollowerState.java:run(108)) - 296cec83-c9ad-42f6-99b8-eb602f6667cc@group-8E4DF49E2C2D-FollowerState: change to CANDIDATE, lastRpcTime:5039ms, electionTimeout:5039ms
2019-10-07 10:53:51,031 [Thread-2493] INFO  impl.RoleInfo (RoleInfo.java:shutdownFollowerState(121)) - 296cec83-c9ad-42f6-99b8-eb602f6667cc: shutdown FollowerState
2019-10-07 10:53:51,031 [Thread-2493] INFO  impl.RaftServerImpl (RaftServerImpl.java:setRole(170)) - 296cec83-c9ad-42f6-99b8-eb602f6667cc@group-8E4DF49E2C2D: changes role from  FOLLOWER to CANDIDATE at term 0 for changeToCandidate
2019-10-07 10:53:51,032 [Thread-2493] INFO  impl.RoleInfo (RoleInfo.java:updateAndGet(143)) - 296cec83-c9ad-42f6-99b8-eb602f6667cc: start LeaderElection
2019-10-07 10:53:51,060 [296cec83-c9ad-42f6-99b8-eb602f6667cc@group-8E4DF49E2C2D-LeaderElection79] INFO  impl.LeaderElection (LeaderElection.java:askForVotes(178)) - 296cec83-c9ad-42f6-99b8-eb602f6667cc@group-8E4DF49E2C2D-LeaderElection79: begin an election at term 1 for -1: [296cec83-c9ad-42f6-99b8-eb602f6667cc:192.168.5.148:39753], old=null
2019-10-07 10:53:51,061 [296cec83-c9ad-42f6-99b8-eb602f6667cc@group-8E4DF49E2C2D-LeaderElection79] INFO  impl.RoleInfo (RoleInfo.java:shutdownLeaderElection(134)) - 296cec83-c9ad-42f6-99b8-eb602f6667cc: shutdown LeaderElection
2019-10-07 10:53:51,061 [296cec83-c9ad-42f6-99b8-eb602f6667cc@group-8E4DF49E2C2D-LeaderElection79] INFO  impl.RaftServerImpl (RaftServerImpl.java:setRole(170)) - 296cec83-c9ad-42f6-99b8-eb602f6667cc@group-8E4DF49E2C2D: changes role from CANDIDATE to LEADER at term 1 for changeToLeader
2019-10-07 10:53:51,061 [296cec83-c9ad-42f6-99b8-eb602f6667cc@group-8E4DF49E2C2D-LeaderElection79] INFO  impl.RaftServerImpl (ServerState.java:setLeader(255)) - 296cec83-c9ad-42f6-99b8-eb602f6667cc@group-8E4DF49E2C2D: change Leader from null to 296cec83-c9ad-42f6-99b8-eb602f6667cc at term 1 for becomeLeader, leader elected after 5078ms
2019-10-07 10:53:51,061 [296cec83-c9ad-42f6-99b8-eb602f6667cc@group-8E4DF49E2C2D-LeaderElection79] INFO  server.RaftServerConfigKeys (ConfUtils.java:logGet(43)) - raft.server.staging.catchup.gap = 1000 (default)
2019-10-07 10:53:51,061 [296cec83-c9ad-42f6-99b8-eb602f6667cc@group-8E4DF49E2C2D-LeaderElection79] INFO  server.RaftServerConfigKeys (ConfUtils.java:logGet(43)) - raft.server.rpc.sleep.time = 25ms (default)
2019-10-07 10:53:51,062 [296cec83-c9ad-42f6-99b8-eb602f6667cc@group-8E4DF49E2C2D-LeaderElection79] INFO  server.RaftServerConfigKeys (ConfUtils.java:logGet(43)) - raft.server.write.element-limit = 4096 (default)
2019-10-07 10:53:51,062 [296cec83-c9ad-42f6-99b8-eb602f6667cc@group-8E4DF49E2C2D-LeaderElection79] INFO  server.RaftServerConfigKeys (ConfUtils.java:logGet(43)) - raft.server.watch.timeout = 10s (default)
2019-10-07 10:53:51,062 [296cec83-c9ad-42f6-99b8-eb602f6667cc@group-8E4DF49E2C2D-LeaderElection79] INFO  server.RaftServerConfigKeys (ConfUtils.java:logGet(43)) - raft.server.watch.timeout.denomination = 1s (default)
2019-10-07 10:53:51,062 [296cec83-c9ad-42f6-99b8-eb602f6667cc@group-8E4DF49E2C2D-LeaderElection79] INFO  server.RaftServerConfigKeys (ConfUtils.java:logGet(43)) - raft.server.watch.element-limit = 65536 (default)
2019-10-07 10:53:51,067 [296cec83-c9ad-42f6-99b8-eb602f6667cc@group-8E4DF49E2C2D-LeaderElection79] INFO  impl.RoleInfo (RoleInfo.java:updateAndGet(143)) - 296cec83-c9ad-42f6-99b8-eb602f6667cc: start LeaderState
2019-10-07 10:53:51,067 [296cec83-c9ad-42f6-99b8-eb602f6667cc@group-8E4DF49E2C2D-LeaderElection79] INFO  segmented.SegmentedRaftLogWorker (SegmentedRaftLogWorker.java:startLogSegment(385)) - 296cec83-c9ad-42f6-99b8-eb602f6667cc@group-8E4DF49E2C2D-SegmentedRaftLogWorker: Starting segment from index:0
2019-10-07 10:53:51,069 [296cec83-c9ad-42f6-99b8-eb602f6667cc@group-8E4DF49E2C2D-LeaderElection79] INFO  impl.RaftServerImpl (ServerState.java:setRaftConf(356)) - 296cec83-c9ad-42f6-99b8-eb602f6667cc@group-8E4DF49E2C2D: set configuration 0: [296cec83-c9ad-42f6-99b8-eb602f6667cc:192.168.5.148:39753], old=null at 0
2019-10-07 10:53:51,103 [Thread-2496] INFO  impl.FollowerState (FollowerState.java:run(108)) - 20195c7f-f776-4f87-a7b3-d6dc926a8b4d@group-E2C15BD2F83F-FollowerState: change to CANDIDATE, lastRpcTime:5036ms, electionTimeout:5036ms
2019-10-07 10:53:51,103 [Thread-2496] INFO  impl.RoleInfo (RoleInfo.java:shutdownFollowerState(121)) - 20195c7f-f776-4f87-a7b3-d6dc926a8b4d: shutdown FollowerState
2019-10-07 10:53:51,104 [Thread-2496] INFO  impl.RaftServerImpl (RaftServerImpl.java:setRole(170)) - 20195c7f-f776-4f87-a7b3-d6dc926a8b4d@group-E2C15BD2F83F: changes role from  FOLLOWER to CANDIDATE at term 0 for changeToCandidate
2019-10-07 10:53:51,104 [Thread-2496] INFO  impl.RoleInfo (RoleInfo.java:updateAndGet(143)) - 20195c7f-f776-4f87-a7b3-d6dc926a8b4d: start LeaderElection
2019-10-07 10:53:51,130 [296cec83-c9ad-42f6-99b8-eb602f6667cc@group-8E4DF49E2C2D-SegmentedRaftLogWorker] INFO  segmented.SegmentedRaftLogWorker (SegmentedRaftLogWorker.java:execute(574)) - 296cec83-c9ad-42f6-99b8-eb602f6667cc@group-8E4DF49E2C2D-SegmentedRaftLogWorker: created new log segment /workdir/hadoop-ozone/integration-test/target/test-dir/MiniOzoneClusterImpl-ffc42c2b-17b1-476b-b296-1f3a80d212c9/datanode-0/data/ratis/047e287b-6166-465c-a27b-8e4df49e2c2d/current/log_inprogress_0
2019-10-07 10:53:51,130 [20195c7f-f776-4f87-a7b3-d6dc926a8b4d@group-E2C15BD2F83F-LeaderElection80] INFO  impl.LeaderElection (LeaderElection.java:askForVotes(178)) - 20195c7f-f776-4f87-a7b3-d6dc926a8b4d@group-E2C15BD2F83F-LeaderElection80: begin an election at term 1 for -1: [20195c7f-f776-4f87-a7b3-d6dc926a8b4d:192.168.5.148:38224], old=null
2019-10-07 10:53:51,130 [20195c7f-f776-4f87-a7b3-d6dc926a8b4d@group-E2C15BD2F83F-LeaderElection80] INFO  impl.RoleInfo (RoleInfo.java:shutdownLeaderElection(134)) - 20195c7f-f776-4f87-a7b3-d6dc926a8b4d: shutdown LeaderElection
2019-10-07 10:53:51,130 [20195c7f-f776-4f87-a7b3-d6dc926a8b4d@group-E2C15BD2F83F-LeaderElection80] INFO  impl.RaftServerImpl (RaftServerImpl.java:setRole(170)) - 20195c7f-f776-4f87-a7b3-d6dc926a8b4d@group-E2C15BD2F83F: changes role from CANDIDATE to LEADER at term 1 for changeToLeader
2019-10-07 10:53:51,131 [20195c7f-f776-4f87-a7b3-d6dc926a8b4d@group-E2C15BD2F83F-LeaderElection80] INFO  impl.RaftServerImpl (ServerState.java:setLeader(255)) - 20195c7f-f776-4f87-a7b3-d6dc926a8b4d@group-E2C15BD2F83F: change Leader from null to 20195c7f-f776-4f87-a7b3-d6dc926a8b4d at term 1 for becomeLeader, leader elected after 5072ms
2019-10-07 10:53:51,131 [20195c7f-f776-4f87-a7b3-d6dc926a8b4d@group-E2C15BD2F83F-LeaderElection80] INFO  server.RaftServerConfigKeys (ConfUtils.java:logGet(43)) - raft.server.staging.catchup.gap = 1000 (default)
2019-10-07 10:53:51,131 [20195c7f-f776-4f87-a7b3-d6dc926a8b4d@group-E2C15BD2F83F-LeaderElection80] INFO  server.RaftServerConfigKeys (ConfUtils.java:logGet(43)) - raft.server.rpc.sleep.time = 25ms (default)
2019-10-07 10:53:51,131 [20195c7f-f776-4f87-a7b3-d6dc926a8b4d@group-E2C15BD2F83F-LeaderElection80] INFO  server.RaftServerConfigKeys (ConfUtils.java:logGet(43)) - raft.server.write.element-limit = 4096 (default)
2019-10-07 10:53:51,131 [20195c7f-f776-4f87-a7b3-d6dc926a8b4d@group-E2C15BD2F83F-LeaderElection80] INFO  server.RaftServerConfigKeys (ConfUtils.java:logGet(43)) - raft.server.watch.timeout = 10s (default)
2019-10-07 10:53:51,131 [20195c7f-f776-4f87-a7b3-d6dc926a8b4d@group-E2C15BD2F83F-LeaderElection80] INFO  server.RaftServerConfigKeys (ConfUtils.java:logGet(43)) - raft.server.watch.timeout.denomination = 1s (default)
2019-10-07 10:53:51,132 [20195c7f-f776-4f87-a7b3-d6dc926a8b4d@group-E2C15BD2F83F-LeaderElection80] INFO  server.RaftServerConfigKeys (ConfUtils.java:logGet(43)) - raft.server.watch.element-limit = 65536 (default)
2019-10-07 10:53:51,134 [20195c7f-f776-4f87-a7b3-d6dc926a8b4d@group-E2C15BD2F83F-LeaderElection80] INFO  impl.RoleInfo (RoleInfo.java:updateAndGet(143)) - 20195c7f-f776-4f87-a7b3-d6dc926a8b4d: start LeaderState
2019-10-07 10:53:51,134 [20195c7f-f776-4f87-a7b3-d6dc926a8b4d@group-E2C15BD2F83F-LeaderElection80] INFO  segmented.SegmentedRaftLogWorker (SegmentedRaftLogWorker.java:startLogSegment(385)) - 20195c7f-f776-4f87-a7b3-d6dc926a8b4d@group-E2C15BD2F83F-SegmentedRaftLogWorker: Starting segment from index:0
2019-10-07 10:53:51,134 [20195c7f-f776-4f87-a7b3-d6dc926a8b4d@group-E2C15BD2F83F-LeaderElection80] INFO  impl.RaftServerImpl (ServerState.java:setRaftConf(356)) - 20195c7f-f776-4f87-a7b3-d6dc926a8b4d@group-E2C15BD2F83F: set configuration 0: [20195c7f-f776-4f87-a7b3-d6dc926a8b4d:192.168.5.148:38224], old=null at 0
2019-10-07 10:53:51,178 [20195c7f-f776-4f87-a7b3-d6dc926a8b4d@group-E2C15BD2F83F-SegmentedRaftLogWorker] INFO  segmented.SegmentedRaftLogWorker (SegmentedRaftLogWorker.java:execute(574)) - 20195c7f-f776-4f87-a7b3-d6dc926a8b4d@group-E2C15BD2F83F-SegmentedRaftLogWorker: created new log segment /workdir/hadoop-ozone/integration-test/target/test-dir/MiniOzoneClusterImpl-ffc42c2b-17b1-476b-b296-1f3a80d212c9/datanode-1/data/ratis/51e40c87-3e09-4979-a0b9-e2c15bd2f83f/current/log_inprogress_0
2019-10-07 10:53:51,262 [Thread-2502] INFO  impl.FollowerState (FollowerState.java:run(108)) - 20195c7f-f776-4f87-a7b3-d6dc926a8b4d@group-5FB194A6CEC0-FollowerState: change to CANDIDATE, lastRpcTime:5024ms, electionTimeout:5024ms
2019-10-07 10:53:51,262 [Thread-2502] INFO  impl.RoleInfo (RoleInfo.java:shutdownFollowerState(121)) - 20195c7f-f776-4f87-a7b3-d6dc926a8b4d: shutdown FollowerState
2019-10-07 10:53:51,262 [Thread-2502] INFO  impl.RaftServerImpl (RaftServerImpl.java:setRole(170)) - 20195c7f-f776-4f87-a7b3-d6dc926a8b4d@group-5FB194A6CEC0: changes role from  FOLLOWER to CANDIDATE at term 0 for changeToCandidate
2019-10-07 10:53:51,262 [Thread-2502] INFO  impl.RoleInfo (RoleInfo.java:updateAndGet(143)) - 20195c7f-f776-4f87-a7b3-d6dc926a8b4d: start LeaderElection
2019-10-07 10:53:51,281 [20195c7f-f776-4f87-a7b3-d6dc926a8b4d@group-5FB194A6CEC0-LeaderElection81] INFO  impl.LeaderElection (LeaderElection.java:askForVotes(178)) - 20195c7f-f776-4f87-a7b3-d6dc926a8b4d@group-5FB194A6CEC0-LeaderElection81: begin an election at term 1 for -1: [36416ac6-6aa8-473c-bdd6-7540be97e6e8:192.168.5.148:32791, 296cec83-c9ad-42f6-99b8-eb602f6667cc:192.168.5.148:39753, 20195c7f-f776-4f87-a7b3-d6dc926a8b4d:192.168.5.148:38224], old=null
2019-10-07 10:53:51,286 [grpc-default-executor-0] INFO  impl.RaftServerImpl (RaftServerImpl.java:setRole(170)) - 36416ac6-6aa8-473c-bdd6-7540be97e6e8@group-5FB194A6CEC0: changes role from  FOLLOWER to FOLLOWER at term 1 for recognizeCandidate:20195c7f-f776-4f87-a7b3-d6dc926a8b4d
2019-10-07 10:53:51,287 [grpc-default-executor-0] INFO  impl.RoleInfo (RoleInfo.java:shutdownFollowerState(121)) - 36416ac6-6aa8-473c-bdd6-7540be97e6e8: shutdown FollowerState
2019-10-07 10:53:51,286 [grpc-default-executor-3] INFO  impl.RaftServerImpl (RaftServerImpl.java:setRole(170)) - 296cec83-c9ad-42f6-99b8-eb602f6667cc@group-5FB194A6CEC0: changes role from  FOLLOWER to FOLLOWER at term 1 for recognizeCandidate:20195c7f-f776-4f87-a7b3-d6dc926a8b4d
2019-10-07 10:53:51,287 [Thread-2507] INFO  impl.FollowerState (FollowerState.java:run(117)) - 36416ac6-6aa8-473c-bdd6-7540be97e6e8@group-5FB194A6CEC0-FollowerState was interrupted: java.lang.InterruptedException: sleep interrupted
2019-10-07 10:53:51,287 [grpc-default-executor-0] INFO  impl.RoleInfo (RoleInfo.java:updateAndGet(143)) - 36416ac6-6aa8-473c-bdd6-7540be97e6e8: start FollowerState
2019-10-07 10:53:51,287 [grpc-default-executor-3] INFO  impl.RoleInfo (RoleInfo.java:shutdownFollowerState(121)) - 296cec83-c9ad-42f6-99b8-eb602f6667cc: shutdown FollowerState
2019-10-07 10:53:51,291 [grpc-default-executor-3] INFO  impl.RoleInfo (RoleInfo.java:updateAndGet(143)) - 296cec83-c9ad-42f6-99b8-eb602f6667cc: start FollowerState
2019-10-07 10:53:51,291 [Thread-2506] INFO  impl.FollowerState (FollowerState.java:run(117)) - 296cec83-c9ad-42f6-99b8-eb602f6667cc@group-5FB194A6CEC0-FollowerState was interrupted: java.lang.InterruptedException: sleep interrupted
2019-10-07 10:53:51,300 [20195c7f-f776-4f87-a7b3-d6dc926a8b4d@group-5FB194A6CEC0-LeaderElection81] INFO  impl.LeaderElection (LeaderElection.java:logAndReturn(56)) - 20195c7f-f776-4f87-a7b3-d6dc926a8b4d@group-5FB194A6CEC0-LeaderElection81: Election PASSED; received 1 response(s) [20195c7f-f776-4f87-a7b3-d6dc926a8b4d<-296cec83-c9ad-42f6-99b8-eb602f6667cc#0:OK-t1] and 0 exception(s); 20195c7f-f776-4f87-a7b3-d6dc926a8b4d@group-5FB194A6CEC0:t1, leader=null, voted=20195c7f-f776-4f87-a7b3-d6dc926a8b4d, raftlog=20195c7f-f776-4f87-a7b3-d6dc926a8b4d@group-5FB194A6CEC0-SegmentedRaftLog:OPENED:c-1,f-1,i0, conf=-1: [36416ac6-6aa8-473c-bdd6-7540be97e6e8:192.168.5.148:32791, 296cec83-c9ad-42f6-99b8-eb602f6667cc:192.168.5.148:39753, 20195c7f-f776-4f87-a7b3-d6dc926a8b4d:192.168.5.148:38224], old=null
2019-10-07 10:53:51,300 [20195c7f-f776-4f87-a7b3-d6dc926a8b4d@group-5FB194A6CEC0-LeaderElection81] INFO  impl.RoleInfo (RoleInfo.java:shutdownLeaderElection(134)) - 20195c7f-f776-4f87-a7b3-d6dc926a8b4d: shutdown LeaderElection
2019-10-07 10:53:51,301 [20195c7f-f776-4f87-a7b3-d6dc926a8b4d@group-5FB194A6CEC0-LeaderElection81] INFO  impl.RaftServerImpl (RaftServerImpl.java:setRole(170)) - 20195c7f-f776-4f87-a7b3-d6dc926a8b4d@group-5FB194A6CEC0: changes role from CANDIDATE to LEADER at term 1 for changeToLeader
2019-10-07 10:53:51,301 [20195c7f-f776-4f87-a7b3-d6dc926a8b4d@group-5FB194A6CEC0-LeaderElection81] INFO  impl.RaftServerImpl (ServerState.java:setLeader(255)) - 20195c7f-f776-4f87-a7b3-d6dc926a8b4d@group-5FB194A6CEC0: change Leader from null to 20195c7f-f776-4f87-a7b3-d6dc926a8b4d at term 1 for becomeLeader, leader elected after 5070ms
2019-10-07 10:53:51,301 [20195c7f-f776-4f87-a7b3-d6dc926a8b4d@group-5FB194A6CEC0-LeaderElection81] INFO  server.RaftServerConfigKeys (ConfUtils.java:logGet(43)) - raft.server.staging.catchup.gap = 1000 (default)
2019-10-07 10:53:51,301 [20195c7f-f776-4f87-a7b3-d6dc926a8b4d@group-5FB194A6CEC0-LeaderElection81] INFO  server.RaftServerConfigKeys (ConfUtils.java:logGet(43)) - raft.server.rpc.sleep.time = 25ms (default)
2019-10-07 10:53:51,301 [20195c7f-f776-4f87-a7b3-d6dc926a8b4d@group-5FB194A6CEC0-LeaderElection81] INFO  server.RaftServerConfigKeys (ConfUtils.java:logGet(43)) - raft.server.write.element-limit = 4096 (default)
2019-10-07 10:53:51,302 [20195c7f-f776-4f87-a7b3-d6dc926a8b4d@group-5FB194A6CEC0-LeaderElection81] INFO  server.RaftServerConfigKeys (ConfUtils.java:logGet(43)) - raft.server.watch.timeout = 10s (default)
2019-10-07 10:53:51,302 [20195c7f-f776-4f87-a7b3-d6dc926a8b4d@group-5FB194A6CEC0-LeaderElection81] INFO  server.RaftServerConfigKeys (ConfUtils.java:logGet(43)) - raft.server.watch.timeout.denomination = 1s (default)
2019-10-07 10:53:51,302 [20195c7f-f776-4f87-a7b3-d6dc926a8b4d@group-5FB194A6CEC0-LeaderElection81] INFO  server.RaftServerConfigKeys (ConfUtils.java:logGet(43)) - raft.server.watch.element-limit = 65536 (default)
2019-10-07 10:53:51,304 [20195c7f-f776-4f87-a7b3-d6dc926a8b4d@group-5FB194A6CEC0-LeaderElection81] INFO  server.RaftServerConfigKeys (ConfUtils.java:logGet(43)) - raft.server.log.appender.snapshot.chunk.size.max = 16MB (=16777216) (default)
2019-10-07 10:53:51,305 [20195c7f-f776-4f87-a7b3-d6dc926a8b4d@group-5FB194A6CEC0-LeaderElection81] INFO  server.RaftServerConfigKeys (ConfUtils.java:logGet(43)) - raft.server.log.appender.buffer.byte-limit = 33554432 (custom)
2019-10-07 10:53:51,305 [20195c7f-f776-4f87-a7b3-d6dc926a8b4d@group-5FB194A6CEC0-LeaderElection81] INFO  server.RaftServerConfigKeys (ConfUtils.java:logGet(43)) - raft.server.log.appender.buffer.element-limit = 1 (custom)
2019-10-07 10:53:51,305 [20195c7f-f776-4f87-a7b3-d6dc926a8b4d@group-5FB194A6CEC0-LeaderElection81] INFO  grpc.GrpcConfigKeys$Server (ConfUtils.java:logGet(43)) - raft.grpc.server.leader.outstanding.appends.max = 128 (default)
2019-10-07 10:53:51,305 [20195c7f-f776-4f87-a7b3-d6dc926a8b4d@group-5FB194A6CEC0-LeaderElection81] INFO  server.RaftServerConfigKeys (ConfUtils.java:logGet(43)) - raft.server.rpc.request.timeout = 3000ms (default)
2019-10-07 10:53:51,306 [20195c7f-f776-4f87-a7b3-d6dc926a8b4d@group-5FB194A6CEC0-LeaderElection81] INFO  server.RaftServerConfigKeys (ConfUtils.java:logGet(43)) - raft.server.log.appender.install.snapshot.enabled = false (custom)
2019-10-07 10:53:51,306 [20195c7f-f776-4f87-a7b3-d6dc926a8b4d@group-5FB194A6CEC0-LeaderElection81] INFO  server.RaftServerConfigKeys (ConfUtils.java:logGet(43)) - raft.server.log.appender.snapshot.chunk.size.max = 16MB (=16777216) (default)
2019-10-07 10:53:51,306 [20195c7f-f776-4f87-a7b3-d6dc926a8b4d@group-5FB194A6CEC0-LeaderElection81] INFO  server.RaftServerConfigKeys (ConfUtils.java:logGet(43)) - raft.server.log.appender.buffer.byte-limit = 33554432 (custom)
2019-10-07 10:53:51,306 [20195c7f-f776-4f87-a7b3-d6dc926a8b4d@group-5FB194A6CEC0-LeaderElection81] INFO  server.RaftServerConfigKeys (ConfUtils.java:logGet(43)) - raft.server.log.appender.buffer.element-limit = 1 (custom)
2019-10-07 10:53:51,306 [20195c7f-f776-4f87-a7b3-d6dc926a8b4d@group-5FB194A6CEC0-LeaderElection81] INFO  grpc.GrpcConfigKeys$Server (ConfUtils.java:logGet(43)) - raft.grpc.server.leader.outstanding.appends.max = 128 (default)
2019-10-07 10:53:51,307 [20195c7f-f776-4f87-a7b3-d6dc926a8b4d@group-5FB194A6CEC0-LeaderElection81] INFO  server.RaftServerConfigKeys (ConfUtils.java:logGet(43)) - raft.server.rpc.request.timeout = 3000ms (default)
2019-10-07 10:53:51,307 [20195c7f-f776-4f87-a7b3-d6dc926a8b4d@group-5FB194A6CEC0-LeaderElection81] INFO  server.RaftServerConfigKeys (ConfUtils.java:logGet(43)) - raft.server.log.appender.install.snapshot.enabled = false (custom)
2019-10-07 10:53:51,307 [20195c7f-f776-4f87-a7b3-d6dc926a8b4d@group-5FB194A6CEC0-LeaderElection81] INFO  impl.RoleInfo (RoleInfo.java:updateAndGet(143)) - 20195c7f-f776-4f87-a7b3-d6dc926a8b4d: start LeaderState
2019-10-07 10:53:51,307 [20195c7f-f776-4f87-a7b3-d6dc926a8b4d@group-5FB194A6CEC0-LeaderElection81] INFO  segmented.SegmentedRaftLogWorker (SegmentedRaftLogWorker.java:startLogSegment(385)) - 20195c7f-f776-4f87-a7b3-d6dc926a8b4d@group-5FB194A6CEC0-SegmentedRaftLogWorker: Starting segment from index:0
2019-10-07 10:53:51,308 [20195c7f-f776-4f87-a7b3-d6dc926a8b4d@group-5FB194A6CEC0-LeaderElection81] INFO  impl.RaftServerImpl (ServerState.java:setRaftConf(356)) - 20195c7f-f776-4f87-a7b3-d6dc926a8b4d@group-5FB194A6CEC0: set configuration 0: [36416ac6-6aa8-473c-bdd6-7540be97e6e8:192.168.5.148:32791, 296cec83-c9ad-42f6-99b8-eb602f6667cc:192.168.5.148:39753, 20195c7f-f776-4f87-a7b3-d6dc926a8b4d:192.168.5.148:38224], old=null at 0
2019-10-07 10:53:51,344 [grpc-default-executor-4] INFO  impl.RaftServerImpl (ServerState.java:setLeader(255)) - 36416ac6-6aa8-473c-bdd6-7540be97e6e8@group-5FB194A6CEC0: change Leader from null to 20195c7f-f776-4f87-a7b3-d6dc926a8b4d at term 1 for appendEntries, leader elected after 5113ms
2019-10-07 10:53:51,348 [grpc-default-executor-4] INFO  impl.RaftServerImpl (ServerState.java:setLeader(255)) - 296cec83-c9ad-42f6-99b8-eb602f6667cc@group-5FB194A6CEC0: change Leader from null to 20195c7f-f776-4f87-a7b3-d6dc926a8b4d at term 1 for appendEntries, leader elected after 5118ms
2019-10-07 10:53:51,351 [grpc-default-executor-4] INFO  impl.RaftServerImpl (ServerState.java:setRaftConf(356)) - 296cec83-c9ad-42f6-99b8-eb602f6667cc@group-5FB194A6CEC0: set configuration 0: [36416ac6-6aa8-473c-bdd6-7540be97e6e8:192.168.5.148:32791, 296cec83-c9ad-42f6-99b8-eb602f6667cc:192.168.5.148:39753, 20195c7f-f776-4f87-a7b3-d6dc926a8b4d:192.168.5.148:38224], old=null at 0
2019-10-07 10:53:51,351 [grpc-default-executor-3] INFO  impl.RaftServerImpl (ServerState.java:setRaftConf(356)) - 36416ac6-6aa8-473c-bdd6-7540be97e6e8@group-5FB194A6CEC0: set configuration 0: [36416ac6-6aa8-473c-bdd6-7540be97e6e8:192.168.5.148:32791, 296cec83-c9ad-42f6-99b8-eb602f6667cc:192.168.5.148:39753, 20195c7f-f776-4f87-a7b3-d6dc926a8b4d:192.168.5.148:38224], old=null at 0
2019-10-07 10:53:51,351 [grpc-default-executor-4] INFO  segmented.SegmentedRaftLogWorker (SegmentedRaftLogWorker.java:startLogSegment(385)) - 296cec83-c9ad-42f6-99b8-eb602f6667cc@group-5FB194A6CEC0-SegmentedRaftLogWorker: Starting segment from index:0
2019-10-07 10:53:51,351 [grpc-default-executor-3] INFO  segmented.SegmentedRaftLogWorker (SegmentedRaftLogWorker.java:startLogSegment(385)) - 36416ac6-6aa8-473c-bdd6-7540be97e6e8@group-5FB194A6CEC0-SegmentedRaftLogWorker: Starting segment from index:0
2019-10-07 10:53:51,355 [20195c7f-f776-4f87-a7b3-d6dc926a8b4d@group-5FB194A6CEC0-SegmentedRaftLogWorker] INFO  segmented.SegmentedRaftLogWorker (SegmentedRaftLogWorker.java:execute(574)) - 20195c7f-f776-4f87-a7b3-d6dc926a8b4d@group-5FB194A6CEC0-SegmentedRaftLogWorker: created new log segment /workdir/hadoop-ozone/integration-test/target/test-dir/MiniOzoneClusterImpl-ffc42c2b-17b1-476b-b296-1f3a80d212c9/datanode-1/data/ratis/ee014655-ce12-446a-a7aa-5fb194a6cec0/current/log_inprogress_0
2019-10-07 10:53:51,364 [Thread-2499] INFO  impl.FollowerState (FollowerState.java:run(108)) - 36416ac6-6aa8-473c-bdd6-7540be97e6e8@group-A3AF3AADF4C3-FollowerState: change to CANDIDATE, lastRpcTime:5198ms, electionTimeout:5198ms
2019-10-07 10:53:51,364 [Thread-2499] INFO  impl.RoleInfo (RoleInfo.java:shutdownFollowerState(121)) - 36416ac6-6aa8-473c-bdd6-7540be97e6e8: shutdown FollowerState
2019-10-07 10:53:51,364 [Thread-2499] INFO  impl.RaftServerImpl (RaftServerImpl.java:setRole(170)) - 36416ac6-6aa8-473c-bdd6-7540be97e6e8@group-A3AF3AADF4C3: changes role from  FOLLOWER to CANDIDATE at term 0 for changeToCandidate
2019-10-07 10:53:51,364 [Thread-2499] INFO  impl.RoleInfo (RoleInfo.java:updateAndGet(143)) - 36416ac6-6aa8-473c-bdd6-7540be97e6e8: start LeaderElection
2019-10-07 10:53:51,404 [36416ac6-6aa8-473c-bdd6-7540be97e6e8@group-5FB194A6CEC0-SegmentedRaftLogWorker] INFO  segmented.SegmentedRaftLogWorker (SegmentedRaftLogWorker.java:execute(574)) - 36416ac6-6aa8-473c-bdd6-7540be97e6e8@group-5FB194A6CEC0-SegmentedRaftLogWorker: created new log segment /workdir/hadoop-ozone/integration-test/target/test-dir/MiniOzoneClusterImpl-ffc42c2b-17b1-476b-b296-1f3a80d212c9/datanode-2/data/ratis/ee014655-ce12-446a-a7aa-5fb194a6cec0/current/log_inprogress_0
2019-10-07 10:53:51,404 [296cec83-c9ad-42f6-99b8-eb602f6667cc@group-5FB194A6CEC0-SegmentedRaftLogWorker] INFO  segmented.SegmentedRaftLogWorker (SegmentedRaftLogWorker.java:execute(574)) - 296cec83-c9ad-42f6-99b8-eb602f6667cc@group-5FB194A6CEC0-SegmentedRaftLogWorker: created new log segment /workdir/hadoop-ozone/integration-test/target/test-dir/MiniOzoneClusterImpl-ffc42c2b-17b1-476b-b296-1f3a80d212c9/datanode-0/data/ratis/ee014655-ce12-446a-a7aa-5fb194a6cec0/current/log_inprogress_0
2019-10-07 10:53:51,404 [36416ac6-6aa8-473c-bdd6-7540be97e6e8@group-A3AF3AADF4C3-LeaderElection82] INFO  impl.LeaderElection (LeaderElection.java:askForVotes(178)) - 36416ac6-6aa8-473c-bdd6-7540be97e6e8@group-A3AF3AADF4C3-LeaderElection82: begin an election at term 1 for -1: [36416ac6-6aa8-473c-bdd6-7540be97e6e8:192.168.5.148:32791], old=null
2019-10-07 10:53:51,404 [36416ac6-6aa8-473c-bdd6-7540be97e6e8@group-A3AF3AADF4C3-LeaderElection82] INFO  impl.RoleInfo (RoleInfo.java:shutdownLeaderElection(134)) - 36416ac6-6aa8-473c-bdd6-7540be97e6e8: shutdown LeaderElection
2019-10-07 10:53:51,404 [36416ac6-6aa8-473c-bdd6-7540be97e6e8@group-A3AF3AADF4C3-LeaderElection82] INFO  impl.RaftServerImpl (RaftServerImpl.java:setRole(170)) - 36416ac6-6aa8-473c-bdd6-7540be97e6e8@group-A3AF3AADF4C3: changes role from CANDIDATE to LEADER at term 1 for changeToLeader
2019-10-07 10:53:51,404 [36416ac6-6aa8-473c-bdd6-7540be97e6e8@group-A3AF3AADF4C3-LeaderElection82] INFO  impl.RaftServerImpl (ServerState.java:setLeader(255)) - 36416ac6-6aa8-473c-bdd6-7540be97e6e8@group-A3AF3AADF4C3: change Leader from null to 36416ac6-6aa8-473c-bdd6-7540be97e6e8 at term 1 for becomeLeader, leader elected after 5246ms
2019-10-07 10:53:51,405 [36416ac6-6aa8-473c-bdd6-7540be97e6e8@group-A3AF3AADF4C3-LeaderElection82] INFO  server.RaftServerConfigKeys (ConfUtils.java:logGet(43)) - raft.server.staging.catchup.gap = 1000 (default)
2019-10-07 10:53:51,405 [36416ac6-6aa8-473c-bdd6-7540be97e6e8@group-A3AF3AADF4C3-LeaderElection82] INFO  server.RaftServerConfigKeys (ConfUtils.java:logGet(43)) - raft.server.rpc.sleep.time = 25ms (default)
2019-10-07 10:53:51,405 [36416ac6-6aa8-473c-bdd6-7540be97e6e8@group-A3AF3AADF4C3-LeaderElection82] INFO  server.RaftServerConfigKeys (ConfUtils.java:logGet(43)) - raft.server.write.element-limit = 4096 (default)
2019-10-07 10:53:51,405 [36416ac6-6aa8-473c-bdd6-7540be97e6e8@group-A3AF3AADF4C3-LeaderElection82] INFO  server.RaftServerConfigKeys (ConfUtils.java:logGet(43)) - raft.server.watch.timeout = 10s (default)
2019-10-07 10:53:51,406 [36416ac6-6aa8-473c-bdd6-7540be97e6e8@group-A3AF3AADF4C3-LeaderElection82] INFO  server.RaftServerConfigKeys (ConfUtils.java:logGet(43)) - raft.server.watch.timeout.denomination = 1s (default)
2019-10-07 10:53:51,406 [Thread-2517] INFO  impl.FollowerState (FollowerState.java:run(108)) - 0e51aef5-f20c-490d-b0e0-642ea0a184f8@group-54DA5D6B99A2-FollowerState: change to CANDIDATE, lastRpcTime:5018ms, electionTimeout:5018ms
2019-10-07 10:53:51,406 [36416ac6-6aa8-473c-bdd6-7540be97e6e8@group-A3AF3AADF4C3-LeaderElection82] INFO  server.RaftServerConfigKeys (ConfUtils.java:logGet(43)) - raft.server.watch.element-limit = 65536 (default)
2019-10-07 10:53:51,406 [Thread-2517] INFO  impl.RoleInfo (RoleInfo.java:shutdownFollowerState(121)) - 0e51aef5-f20c-490d-b0e0-642ea0a184f8: shutdown FollowerState
2019-10-07 10:53:51,406 [Thread-2517] INFO  impl.RaftServerImpl (RaftServerImpl.java:setRole(170)) - 0e51aef5-f20c-490d-b0e0-642ea0a184f8@group-54DA5D6B99A2: changes role from  FOLLOWER to CANDIDATE at term 0 for changeToCandidate
2019-10-07 10:53:51,406 [Thread-2517] INFO  impl.RoleInfo (RoleInfo.java:updateAndGet(143)) - 0e51aef5-f20c-490d-b0e0-642ea0a184f8: start LeaderElection
2019-10-07 10:53:51,418 [36416ac6-6aa8-473c-bdd6-7540be97e6e8@group-A3AF3AADF4C3-LeaderElection82] INFO  impl.RoleInfo (RoleInfo.java:updateAndGet(143)) - 36416ac6-6aa8-473c-bdd6-7540be97e6e8: start LeaderState
2019-10-07 10:53:51,418 [36416ac6-6aa8-473c-bdd6-7540be97e6e8@group-A3AF3AADF4C3-LeaderElection82] INFO  segmented.SegmentedRaftLogWorker (SegmentedRaftLogWorker.java:startLogSegment(385)) - 36416ac6-6aa8-473c-bdd6-7540be97e6e8@group-A3AF3AADF4C3-SegmentedRaftLogWorker: Starting segment from index:0
2019-10-07 10:53:51,418 [36416ac6-6aa8-473c-bdd6-7540be97e6e8@group-A3AF3AADF4C3-LeaderElection82] INFO  impl.RaftServerImpl (ServerState.java:setRaftConf(356)) - 36416ac6-6aa8-473c-bdd6-7540be97e6e8@group-A3AF3AADF4C3: set configuration 0: [36416ac6-6aa8-473c-bdd6-7540be97e6e8:192.168.5.148:32791], old=null at 0
2019-10-07 10:53:51,430 [0e51aef5-f20c-490d-b0e0-642ea0a184f8@group-54DA5D6B99A2-LeaderElection83] INFO  impl.LeaderElection (LeaderElection.java:askForVotes(178)) - 0e51aef5-f20c-490d-b0e0-642ea0a184f8@group-54DA5D6B99A2-LeaderElection83: begin an election at term 1 for -1: [0e51aef5-f20c-490d-b0e0-642ea0a184f8:192.168.5.148:44282], old=null
2019-10-07 10:53:51,430 [0e51aef5-f20c-490d-b0e0-642ea0a184f8@group-54DA5D6B99A2-LeaderElection83] INFO  impl.RoleInfo (RoleInfo.java:shutdownLeaderElection(134)) - 0e51aef5-f20c-490d-b0e0-642ea0a184f8: shutdown LeaderElection
2019-10-07 10:53:51,430 [0e51aef5-f20c-490d-b0e0-642ea0a184f8@group-54DA5D6B99A2-LeaderElection83] INFO  impl.RaftServerImpl (RaftServerImpl.java:setRole(170)) - 0e51aef5-f20c-490d-b0e0-642ea0a184f8@group-54DA5D6B99A2: changes role from CANDIDATE to LEADER at term 1 for changeToLeader
2019-10-07 10:53:51,430 [0e51aef5-f20c-490d-b0e0-642ea0a184f8@group-54DA5D6B99A2-LeaderElection83] INFO  impl.RaftServerImpl (ServerState.java:setLeader(255)) - 0e51aef5-f20c-490d-b0e0-642ea0a184f8@group-54DA5D6B99A2: change Leader from null to 0e51aef5-f20c-490d-b0e0-642ea0a184f8 at term 1 for becomeLeader, leader elected after 5048ms
2019-10-07 10:53:51,430 [0e51aef5-f20c-490d-b0e0-642ea0a184f8@group-54DA5D6B99A2-LeaderElection83] INFO  server.RaftServerConfigKeys (ConfUtils.java:logGet(43)) - raft.server.staging.catchup.gap = 1000 (default)
2019-10-07 10:53:51,430 [0e51aef5-f20c-490d-b0e0-642ea0a184f8@group-54DA5D6B99A2-LeaderElection83] INFO  server.RaftServerConfigKeys (ConfUtils.java:logGet(43)) - raft.server.rpc.sleep.time = 25ms (default)
2019-10-07 10:53:51,431 [0e51aef5-f20c-490d-b0e0-642ea0a184f8@group-54DA5D6B99A2-LeaderElection83] INFO  server.RaftServerConfigKeys (ConfUtils.java:logGet(43)) - raft.server.write.element-limit = 4096 (default)
2019-10-07 10:53:51,431 [0e51aef5-f20c-490d-b0e0-642ea0a184f8@group-54DA5D6B99A2-LeaderElection83] INFO  server.RaftServerConfigKeys (ConfUtils.java:logGet(43)) - raft.server.watch.timeout = 10s (default)
2019-10-07 10:53:51,431 [0e51aef5-f20c-490d-b0e0-642ea0a184f8@group-54DA5D6B99A2-LeaderElection83] INFO  server.RaftServerConfigKeys (ConfUtils.java:logGet(43)) - raft.server.watch.timeout.denomination = 1s (default)
2019-10-07 10:53:51,431 [0e51aef5-f20c-490d-b0e0-642ea0a184f8@group-54DA5D6B99A2-LeaderElection83] INFO  server.RaftServerConfigKeys (ConfUtils.java:logGet(43)) - raft.server.watch.element-limit = 65536 (default)
2019-10-07 10:53:51,433 [0e51aef5-f20c-490d-b0e0-642ea0a184f8@group-54DA5D6B99A2-LeaderElection83] INFO  impl.RoleInfo (RoleInfo.java:updateAndGet(143)) - 0e51aef5-f20c-490d-b0e0-642ea0a184f8: start LeaderState
2019-10-07 10:53:51,434 [0e51aef5-f20c-490d-b0e0-642ea0a184f8@group-54DA5D6B99A2-LeaderElection83] INFO  segmented.SegmentedRaftLogWorker (SegmentedRaftLogWorker.java:startLogSegment(385)) - 0e51aef5-f20c-490d-b0e0-642ea0a184f8@group-54DA5D6B99A2-SegmentedRaftLogWorker: Starting segment from index:0
2019-10-07 10:53:51,434 [0e51aef5-f20c-490d-b0e0-642ea0a184f8@group-54DA5D6B99A2-LeaderElection83] INFO  impl.RaftServerImpl (ServerState.java:setRaftConf(356)) - 0e51aef5-f20c-490d-b0e0-642ea0a184f8@group-54DA5D6B99A2: set configuration 0: [0e51aef5-f20c-490d-b0e0-642ea0a184f8:192.168.5.148:44282], old=null at 0
2019-10-07 10:53:51,470 [36416ac6-6aa8-473c-bdd6-7540be97e6e8@group-A3AF3AADF4C3-SegmentedRaftLogWorker] INFO  segmented.SegmentedRaftLogWorker (SegmentedRaftLogWorker.java:execute(574)) - 36416ac6-6aa8-473c-bdd6-7540be97e6e8@group-A3AF3AADF4C3-SegmentedRaftLogWorker: created new log segment /workdir/hadoop-ozone/integration-test/target/test-dir/MiniOzoneClusterImpl-ffc42c2b-17b1-476b-b296-1f3a80d212c9/datanode-2/data/ratis/4127b4c1-a86c-42bc-b5f0-a3af3aadf4c3/current/log_inprogress_0
2019-10-07 10:53:51,482 [0e51aef5-f20c-490d-b0e0-642ea0a184f8@group-54DA5D6B99A2-SegmentedRaftLogWorker] INFO  segmented.SegmentedRaftLogWorker (SegmentedRaftLogWorker.java:execute(574)) - 0e51aef5-f20c-490d-b0e0-642ea0a184f8@group-54DA5D6B99A2-SegmentedRaftLogWorker: created new log segment /workdir/hadoop-ozone/integration-test/target/test-dir/MiniOzoneClusterImpl-ffc42c2b-17b1-476b-b296-1f3a80d212c9/datanode-4/data/ratis/e6c1d3b1-5070-4b31-b02f-54da5d6b99a2/current/log_inprogress_0
2019-10-07 10:53:51,527 [Thread-2514] INFO  impl.FollowerState (FollowerState.java:run(108)) - 5f4b0b8a-293c-44f2-89a7-be5121b1219a@group-31C6905EA36B-FollowerState: change to CANDIDATE, lastRpcTime:5184ms, electionTimeout:5184ms
2019-10-07 10:53:51,528 [Thread-2514] INFO  impl.RoleInfo (RoleInfo.java:shutdownFollowerState(121)) - 5f4b0b8a-293c-44f2-89a7-be5121b1219a: shutdown FollowerState
2019-10-07 10:53:51,528 [Thread-2514] INFO  impl.RaftServerImpl (RaftServerImpl.java:setRole(170)) - 5f4b0b8a-293c-44f2-89a7-be5121b1219a@group-31C6905EA36B: changes role from  FOLLOWER to CANDIDATE at term 0 for changeToCandidate
2019-10-07 10:53:51,528 [Thread-2514] INFO  impl.RoleInfo (RoleInfo.java:updateAndGet(143)) - 5f4b0b8a-293c-44f2-89a7-be5121b1219a: start LeaderElection
2019-10-07 10:53:51,545 [Thread-2526] INFO  impl.FollowerState (FollowerState.java:run(108)) - 0e51aef5-f20c-490d-b0e0-642ea0a184f8@group-3F1E7D2D682E-FollowerState: change to CANDIDATE, lastRpcTime:5020ms, electionTimeout:5020ms
2019-10-07 10:53:51,545 [Thread-2526] INFO  impl.RoleInfo (RoleInfo.java:shutdownFollowerState(121)) - 0e51aef5-f20c-490d-b0e0-642ea0a184f8: shutdown FollowerState
2019-10-07 10:53:51,545 [Thread-2526] INFO  impl.RaftServerImpl (RaftServerImpl.java:setRole(170)) - 0e51aef5-f20c-490d-b0e0-642ea0a184f8@group-3F1E7D2D682E: changes role from  FOLLOWER to CANDIDATE at term 0 for changeToCandidate
2019-10-07 10:53:51,545 [Thread-2526] INFO  impl.RoleInfo (RoleInfo.java:updateAndGet(143)) - 0e51aef5-f20c-490d-b0e0-642ea0a184f8: start LeaderElection
2019-10-07 10:53:51,554 [5f4b0b8a-293c-44f2-89a7-be5121b1219a@group-31C6905EA36B-LeaderElection84] INFO  impl.LeaderElection (LeaderElection.java:askForVotes(178)) - 5f4b0b8a-293c-44f2-89a7-be5121b1219a@group-31C6905EA36B-LeaderElection84: begin an election at term 1 for -1: [5f4b0b8a-293c-44f2-89a7-be5121b1219a:192.168.5.148:33362], old=null
2019-10-07 10:53:51,555 [5f4b0b8a-293c-44f2-89a7-be5121b1219a@group-31C6905EA36B-LeaderElection84] INFO  impl.RoleInfo (RoleInfo.java:shutdownLeaderElection(134)) - 5f4b0b8a-293c-44f2-89a7-be5121b1219a: shutdown LeaderElection
2019-10-07 10:53:51,555 [5f4b0b8a-293c-44f2-89a7-be5121b1219a@group-31C6905EA36B-LeaderElection84] INFO  impl.RaftServerImpl (RaftServerImpl.java:setRole(170)) - 5f4b0b8a-293c-44f2-89a7-be5121b1219a@group-31C6905EA36B: changes role from CANDIDATE to LEADER at term 1 for changeToLeader
2019-10-07 10:53:51,555 [5f4b0b8a-293c-44f2-89a7-be5121b1219a@group-31C6905EA36B-LeaderElection84] INFO  impl.RaftServerImpl (ServerState.java:setLeader(255)) - 5f4b0b8a-293c-44f2-89a7-be5121b1219a@group-31C6905EA36B: change Leader from null to 5f4b0b8a-293c-44f2-89a7-be5121b1219a at term 1 for becomeLeader, leader elected after 5218ms
2019-10-07 10:53:51,555 [5f4b0b8a-293c-44f2-89a7-be5121b1219a@group-31C6905EA36B-LeaderElection84] INFO  server.RaftServerConfigKeys (ConfUtils.java:logGet(43)) - raft.server.staging.catchup.gap = 1000 (default)
2019-10-07 10:53:51,555 [5f4b0b8a-293c-44f2-89a7-be5121b1219a@group-31C6905EA36B-LeaderElection84] INFO  server.RaftServerConfigKeys (ConfUtils.java:logGet(43)) - raft.server.rpc.sleep.time = 25ms (default)
2019-10-07 10:53:51,556 [5f4b0b8a-293c-44f2-89a7-be5121b1219a@group-31C6905EA36B-LeaderElection84] INFO  server.RaftServerConfigKeys (ConfUtils.java:logGet(43)) - raft.server.write.element-limit = 4096 (default)
2019-10-07 10:53:51,556 [5f4b0b8a-293c-44f2-89a7-be5121b1219a@group-31C6905EA36B-LeaderElection84] INFO  server.RaftServerConfigKeys (ConfUtils.java:logGet(43)) - raft.server.watch.timeout = 10s (default)
2019-10-07 10:53:51,560 [5f4b0b8a-293c-44f2-89a7-be5121b1219a@group-31C6905EA36B-LeaderElection84] INFO  server.RaftServerConfigKeys (ConfUtils.java:logGet(43)) - raft.server.watch.timeout.denomination = 1s (default)
2019-10-07 10:53:51,560 [5f4b0b8a-293c-44f2-89a7-be5121b1219a@group-31C6905EA36B-LeaderElection84] INFO  server.RaftServerConfigKeys (ConfUtils.java:logGet(43)) - raft.server.watch.element-limit = 65536 (default)
2019-10-07 10:53:51,562 [5f4b0b8a-293c-44f2-89a7-be5121b1219a@group-31C6905EA36B-LeaderElection84] INFO  impl.RoleInfo (RoleInfo.java:updateAndGet(143)) - 5f4b0b8a-293c-44f2-89a7-be5121b1219a: start LeaderState
2019-10-07 10:53:51,563 [5f4b0b8a-293c-44f2-89a7-be5121b1219a@group-31C6905EA36B-LeaderElection84] INFO  segmented.SegmentedRaftLogWorker (SegmentedRaftLogWorker.java:startLogSegment(385)) - 5f4b0b8a-293c-44f2-89a7-be5121b1219a@group-31C6905EA36B-SegmentedRaftLogWorker: Starting segment from index:0
2019-10-07 10:53:51,563 [5f4b0b8a-293c-44f2-89a7-be5121b1219a@group-31C6905EA36B-LeaderElection84] INFO  impl.RaftServerImpl (ServerState.java:setRaftConf(356)) - 5f4b0b8a-293c-44f2-89a7-be5121b1219a@group-31C6905EA36B: set configuration 0: [5f4b0b8a-293c-44f2-89a7-be5121b1219a:192.168.5.148:33362], old=null at 0
2019-10-07 10:53:51,563 [Thread-2530] INFO  impl.FollowerState (FollowerState.java:run(108)) - 5f4b0b8a-293c-44f2-89a7-be5121b1219a@group-3F1E7D2D682E-FollowerState: change to CANDIDATE, lastRpcTime:5034ms, electionTimeout:5034ms
2019-10-07 10:53:51,564 [Thread-2530] INFO  impl.RoleInfo (RoleInfo.java:shutdownFollowerState(121)) - 5f4b0b8a-293c-44f2-89a7-be5121b1219a: shutdown FollowerState
2019-10-07 10:53:51,564 [Thread-2530] INFO  impl.RaftServerImpl (RaftServerImpl.java:setRole(170)) - 5f4b0b8a-293c-44f2-89a7-be5121b1219a@group-3F1E7D2D682E: changes role from  FOLLOWER to CANDIDATE at term 0 for changeToCandidate
2019-10-07 10:53:51,564 [Thread-2530] INFO  impl.RoleInfo (RoleInfo.java:updateAndGet(143)) - 5f4b0b8a-293c-44f2-89a7-be5121b1219a: start LeaderElection
2019-10-07 10:53:51,608 [0e51aef5-f20c-490d-b0e0-642ea0a184f8@group-3F1E7D2D682E-LeaderElection85] INFO  impl.LeaderElection (LeaderElection.java:askForVotes(178)) - 0e51aef5-f20c-490d-b0e0-642ea0a184f8@group-3F1E7D2D682E-LeaderElection85: begin an election at term 1 for -1: [5f4b0b8a-293c-44f2-89a7-be5121b1219a:192.168.5.148:33362, 0e51aef5-f20c-490d-b0e0-642ea0a184f8:192.168.5.148:44282, d145b607-db3a-46d5-8e94-f1137714c886:192.168.5.148:36887], old=null
2019-10-07 10:53:51,620 [Thread-2520] INFO  impl.FollowerState (FollowerState.java:run(108)) - d145b607-db3a-46d5-8e94-f1137714c886@group-72950DF04211-FollowerState: change to CANDIDATE, lastRpcTime:5187ms, electionTimeout:5183ms
2019-10-07 10:53:51,620 [Thread-2520] INFO  impl.RoleInfo (RoleInfo.java:shutdownFollowerState(121)) - d145b607-db3a-46d5-8e94-f1137714c886: shutdown FollowerState
2019-10-07 10:53:51,620 [Thread-2520] INFO  impl.RaftServerImpl (RaftServerImpl.java:setRole(170)) - d145b607-db3a-46d5-8e94-f1137714c886@group-72950DF04211: changes role from  FOLLOWER to CANDIDATE at term 0 for changeToCandidate
2019-10-07 10:53:51,620 [Thread-2520] INFO  impl.RoleInfo (RoleInfo.java:updateAndGet(143)) - d145b607-db3a-46d5-8e94-f1137714c886: start LeaderElection
2019-10-07 10:53:51,644 [grpc-default-executor-4] INFO  impl.RaftServerImpl (RaftServerImpl.java:setRole(170)) - d145b607-db3a-46d5-8e94-f1137714c886@group-3F1E7D2D682E: changes role from  FOLLOWER to FOLLOWER at term 1 for recognizeCandidate:0e51aef5-f20c-490d-b0e0-642ea0a184f8
2019-10-07 10:53:51,648 [5f4b0b8a-293c-44f2-89a7-be5121b1219a@group-31C6905EA36B-SegmentedRaftLogWorker] INFO  segmented.SegmentedRaftLogWorker (SegmentedRaftLogWorker.java:execute(574)) - 5f4b0b8a-293c-44f2-89a7-be5121b1219a@group-31C6905EA36B-SegmentedRaftLogWorker: created new log segment /workdir/hadoop-ozone/integration-test/target/test-dir/MiniOzoneClusterImpl-ffc42c2b-17b1-476b-b296-1f3a80d212c9/datanode-3/data/ratis/e26228de-7246-48ef-a345-31c6905ea36b/current/log_inprogress_0
2019-10-07 10:53:51,648 [grpc-default-executor-4] INFO  impl.RoleInfo (RoleInfo.java:shutdownFollowerState(121)) - d145b607-db3a-46d5-8e94-f1137714c886: shutdown FollowerState
2019-10-07 10:53:51,648 [5f4b0b8a-293c-44f2-89a7-be5121b1219a@group-3F1E7D2D682E-LeaderElection86] INFO  impl.LeaderElection (LeaderElection.java:askForVotes(178)) - 5f4b0b8a-293c-44f2-89a7-be5121b1219a@group-3F1E7D2D682E-LeaderElection86: begin an election at term 1 for -1: [5f4b0b8a-293c-44f2-89a7-be5121b1219a:192.168.5.148:33362, 0e51aef5-f20c-490d-b0e0-642ea0a184f8:192.168.5.148:44282, d145b607-db3a-46d5-8e94-f1137714c886:192.168.5.148:36887], old=null
2019-10-07 10:53:51,648 [d145b607-db3a-46d5-8e94-f1137714c886@group-72950DF04211-LeaderElection87] INFO  impl.LeaderElection (LeaderElection.java:askForVotes(178)) - d145b607-db3a-46d5-8e94-f1137714c886@group-72950DF04211-LeaderElection87: begin an election at term 1 for -1: [d145b607-db3a-46d5-8e94-f1137714c886:192.168.5.148:36887], old=null
2019-10-07 10:53:51,648 [grpc-default-executor-4] INFO  impl.RoleInfo (RoleInfo.java:updateAndGet(143)) - d145b607-db3a-46d5-8e94-f1137714c886: start FollowerState
2019-10-07 10:53:51,649 [d145b607-db3a-46d5-8e94-f1137714c886@group-72950DF04211-LeaderElection87] INFO  impl.RoleInfo (RoleInfo.java:shutdownLeaderElection(134)) - d145b607-db3a-46d5-8e94-f1137714c886: shutdown LeaderElection
2019-10-07 10:53:51,649 [d145b607-db3a-46d5-8e94-f1137714c886@group-72950DF04211-LeaderElection87] INFO  impl.RaftServerImpl (RaftServerImpl.java:setRole(170)) - d145b607-db3a-46d5-8e94-f1137714c886@group-72950DF04211: changes role from CANDIDATE to LEADER at term 1 for changeToLeader
2019-10-07 10:53:51,649 [d145b607-db3a-46d5-8e94-f1137714c886@group-72950DF04211-LeaderElection87] INFO  impl.RaftServerImpl (ServerState.java:setLeader(255)) - d145b607-db3a-46d5-8e94-f1137714c886@group-72950DF04211: change Leader from null to d145b607-db3a-46d5-8e94-f1137714c886 at term 1 for becomeLeader, leader elected after 5222ms
2019-10-07 10:53:51,650 [d145b607-db3a-46d5-8e94-f1137714c886@group-72950DF04211-LeaderElection87] INFO  server.RaftServerConfigKeys (ConfUtils.java:logGet(43)) - raft.server.staging.catchup.gap = 1000 (default)
2019-10-07 10:53:51,650 [d145b607-db3a-46d5-8e94-f1137714c886@group-72950DF04211-LeaderElection87] INFO  server.RaftServerConfigKeys (ConfUtils.java:logGet(43)) - raft.server.rpc.sleep.time = 25ms (default)
2019-10-07 10:53:51,650 [d145b607-db3a-46d5-8e94-f1137714c886@group-72950DF04211-LeaderElection87] INFO  server.RaftServerConfigKeys (ConfUtils.java:logGet(43)) - raft.server.write.element-limit = 4096 (default)
2019-10-07 10:53:51,650 [d145b607-db3a-46d5-8e94-f1137714c886@group-72950DF04211-LeaderElection87] INFO  server.RaftServerConfigKeys (ConfUtils.java:logGet(43)) - raft.server.watch.timeout = 10s (default)
2019-10-07 10:53:51,650 [d145b607-db3a-46d5-8e94-f1137714c886@group-72950DF04211-LeaderElection87] INFO  server.RaftServerConfigKeys (ConfUtils.java:logGet(43)) - raft.server.watch.timeout.denomination = 1s (default)
2019-10-07 10:53:51,651 [d145b607-db3a-46d5-8e94-f1137714c886@group-72950DF04211-LeaderElection87] INFO  server.RaftServerConfigKeys (ConfUtils.java:logGet(43)) - raft.server.watch.element-limit = 65536 (default)
2019-10-07 10:53:51,653 [d145b607-db3a-46d5-8e94-f1137714c886@group-72950DF04211-LeaderElection87] INFO  impl.RoleInfo (RoleInfo.java:updateAndGet(143)) - d145b607-db3a-46d5-8e94-f1137714c886: start LeaderState
2019-10-07 10:53:51,654 [d145b607-db3a-46d5-8e94-f1137714c886@group-72950DF04211-LeaderElection87] INFO  segmented.SegmentedRaftLogWorker (SegmentedRaftLogWorker.java:startLogSegment(385)) - d145b607-db3a-46d5-8e94-f1137714c886@group-72950DF04211-SegmentedRaftLogWorker: Starting segment from index:0
2019-10-07 10:53:51,654 [d145b607-db3a-46d5-8e94-f1137714c886@group-72950DF04211-LeaderElection87] INFO  impl.RaftServerImpl (ServerState.java:setRaftConf(356)) - d145b607-db3a-46d5-8e94-f1137714c886@group-72950DF04211: set configuration 0: [d145b607-db3a-46d5-8e94-f1137714c886:192.168.5.148:36887], old=null at 0
2019-10-07 10:53:51,704 [0e51aef5-f20c-490d-b0e0-642ea0a184f8@group-3F1E7D2D682E-LeaderElection85] INFO  impl.LeaderElection (LeaderElection.java:logAndReturn(56)) - 0e51aef5-f20c-490d-b0e0-642ea0a184f8@group-3F1E7D2D682E-LeaderElection85: Election PASSED; received 2 response(s) [0e51aef5-f20c-490d-b0e0-642ea0a184f8<-5f4b0b8a-293c-44f2-89a7-be5121b1219a#0:FAIL-t1, 0e51aef5-f20c-490d-b0e0-642ea0a184f8<-d145b607-db3a-46d5-8e94-f1137714c886#0:OK-t1] and 0 exception(s); 0e51aef5-f20c-490d-b0e0-642ea0a184f8@group-3F1E7D2D682E:t1, leader=null, voted=0e51aef5-f20c-490d-b0e0-642ea0a184f8, raftlog=0e51aef5-f20c-490d-b0e0-642ea0a184f8@group-3F1E7D2D682E-SegmentedRaftLog:OPENED:c-1,f-1,i0, conf=-1: [5f4b0b8a-293c-44f2-89a7-be5121b1219a:192.168.5.148:33362, 0e51aef5-f20c-490d-b0e0-642ea0a184f8:192.168.5.148:44282, d145b607-db3a-46d5-8e94-f1137714c886:192.168.5.148:36887], old=null
2019-10-07 10:53:51,704 [0e51aef5-f20c-490d-b0e0-642ea0a184f8@group-3F1E7D2D682E-LeaderElection85] INFO  impl.RoleInfo (RoleInfo.java:shutdownLeaderElection(134)) - 0e51aef5-f20c-490d-b0e0-642ea0a184f8: shutdown LeaderElection
2019-10-07 10:53:51,704 [0e51aef5-f20c-490d-b0e0-642ea0a184f8@group-3F1E7D2D682E-LeaderElection85] INFO  impl.RaftServerImpl (RaftServerImpl.java:setRole(170)) - 0e51aef5-f20c-490d-b0e0-642ea0a184f8@group-3F1E7D2D682E: changes role from CANDIDATE to LEADER at term 1 for changeToLeader
2019-10-07 10:53:51,704 [0e51aef5-f20c-490d-b0e0-642ea0a184f8@group-3F1E7D2D682E-LeaderElection85] INFO  impl.RaftServerImpl (ServerState.java:setLeader(255)) - 0e51aef5-f20c-490d-b0e0-642ea0a184f8@group-3F1E7D2D682E: change Leader from null to 0e51aef5-f20c-490d-b0e0-642ea0a184f8 at term 1 for becomeLeader, leader elected after 5188ms
2019-10-07 10:53:51,704 [5f4b0b8a-293c-44f2-89a7-be5121b1219a@group-3F1E7D2D682E-LeaderElection86] INFO  impl.LeaderElection (LeaderElection.java:logAndReturn(56)) - 5f4b0b8a-293c-44f2-89a7-be5121b1219a@group-3F1E7D2D682E-LeaderElection86: Election REJECTED; received 2 response(s) [5f4b0b8a-293c-44f2-89a7-be5121b1219a<-0e51aef5-f20c-490d-b0e0-642ea0a184f8#0:FAIL-t1, 5f4b0b8a-293c-44f2-89a7-be5121b1219a<-d145b607-db3a-46d5-8e94-f1137714c886#0:FAIL-t1] and 0 exception(s); 5f4b0b8a-293c-44f2-89a7-be5121b1219a@group-3F1E7D2D682E:t1, leader=null, voted=5f4b0b8a-293c-44f2-89a7-be5121b1219a, raftlog=5f4b0b8a-293c-44f2-89a7-be5121b1219a@group-3F1E7D2D682E-SegmentedRaftLog:OPENED:c-1,f-1,i0, conf=-1: [5f4b0b8a-293c-44f2-89a7-be5121b1219a:192.168.5.148:33362, 0e51aef5-f20c-490d-b0e0-642ea0a184f8:192.168.5.148:44282, d145b607-db3a-46d5-8e94-f1137714c886:192.168.5.148:36887], old=null
2019-10-07 10:53:51,704 [0e51aef5-f20c-490d-b0e0-642ea0a184f8@group-3F1E7D2D682E-LeaderElection85] INFO  server.RaftServerConfigKeys (ConfUtils.java:logGet(43)) - raft.server.staging.catchup.gap = 1000 (default)
2019-10-07 10:53:51,705 [5f4b0b8a-293c-44f2-89a7-be5121b1219a@group-3F1E7D2D682E-LeaderElection86] INFO  impl.RaftServerImpl (RaftServerImpl.java:setRole(170)) - 5f4b0b8a-293c-44f2-89a7-be5121b1219a@group-3F1E7D2D682E: changes role from CANDIDATE to FOLLOWER at term 1 for DISCOVERED_A_NEW_TERM
2019-10-07 10:53:51,705 [0e51aef5-f20c-490d-b0e0-642ea0a184f8@group-3F1E7D2D682E-LeaderElection85] INFO  server.RaftServerConfigKeys (ConfUtils.java:logGet(43)) - raft.server.rpc.sleep.time = 25ms (default)
2019-10-07 10:53:51,705 [5f4b0b8a-293c-44f2-89a7-be5121b1219a@group-3F1E7D2D682E-LeaderElection86] INFO  impl.RoleInfo (RoleInfo.java:shutdownLeaderElection(134)) - 5f4b0b8a-293c-44f2-89a7-be5121b1219a: shutdown LeaderElection
2019-10-07 10:53:51,705 [5f4b0b8a-293c-44f2-89a7-be5121b1219a@group-3F1E7D2D682E-LeaderElection86] INFO  impl.RoleInfo (RoleInfo.java:updateAndGet(143)) - 5f4b0b8a-293c-44f2-89a7-be5121b1219a: start FollowerState
2019-10-07 10:53:51,705 [0e51aef5-f20c-490d-b0e0-642ea0a184f8@group-3F1E7D2D682E-LeaderElection85] INFO  server.RaftServerConfigKeys (ConfUtils.java:logGet(43)) - raft.server.write.element-limit = 4096 (default)
2019-10-07 10:53:51,705 [0e51aef5-f20c-490d-b0e0-642ea0a184f8@group-3F1E7D2D682E-LeaderElection85] INFO  server.RaftServerConfigKeys (ConfUtils.java:logGet(43)) - raft.server.watch.timeout = 10s (default)
2019-10-07 10:53:51,706 [0e51aef5-f20c-490d-b0e0-642ea0a184f8@group-3F1E7D2D682E-LeaderElection85] INFO  server.RaftServerConfigKeys (ConfUtils.java:logGet(43)) - raft.server.watch.timeout.denomination = 1s (default)
2019-10-07 10:53:51,706 [0e51aef5-f20c-490d-b0e0-642ea0a184f8@group-3F1E7D2D682E-LeaderElection85] INFO  server.RaftServerConfigKeys (ConfUtils.java:logGet(43)) - raft.server.watch.element-limit = 65536 (default)
2019-10-07 10:53:51,708 [0e51aef5-f20c-490d-b0e0-642ea0a184f8@group-3F1E7D2D682E-LeaderElection85] INFO  server.RaftServerConfigKeys (ConfUtils.java:logGet(43)) - raft.server.log.appender.snapshot.chunk.size.max = 16MB (=16777216) (default)
2019-10-07 10:53:51,709 [0e51aef5-f20c-490d-b0e0-642ea0a184f8@group-3F1E7D2D682E-LeaderElection85] INFO  server.RaftServerConfigKeys (ConfUtils.java:logGet(43)) - raft.server.log.appender.buffer.byte-limit = 33554432 (custom)
2019-10-07 10:53:51,709 [0e51aef5-f20c-490d-b0e0-642ea0a184f8@group-3F1E7D2D682E-LeaderElection85] INFO  server.RaftServerConfigKeys (ConfUtils.java:logGet(43)) - raft.server.log.appender.buffer.element-limit = 1 (custom)
2019-10-07 10:53:51,709 [0e51aef5-f20c-490d-b0e0-642ea0a184f8@group-3F1E7D2D682E-LeaderElection85] INFO  grpc.GrpcConfigKeys$Server (ConfUtils.java:logGet(43)) - raft.grpc.server.leader.outstanding.appends.max = 128 (default)
2019-10-07 10:53:51,709 [0e51aef5-f20c-490d-b0e0-642ea0a184f8@group-3F1E7D2D682E-LeaderElection85] INFO  server.RaftServerConfigKeys (ConfUtils.java:logGet(43)) - raft.server.rpc.request.timeout = 3000ms (default)
2019-10-07 10:53:51,710 [0e51aef5-f20c-490d-b0e0-642ea0a184f8@group-3F1E7D2D682E-LeaderElection85] INFO  server.RaftServerConfigKeys (ConfUtils.java:logGet(43)) - raft.server.log.appender.install.snapshot.enabled = false (custom)
2019-10-07 10:53:51,710 [0e51aef5-f20c-490d-b0e0-642ea0a184f8@group-3F1E7D2D682E-LeaderElection85] INFO  server.RaftServerConfigKeys (ConfUtils.java:logGet(43)) - raft.server.log.appender.snapshot.chunk.size.max = 16MB (=16777216) (default)
2019-10-07 10:53:51,710 [0e51aef5-f20c-490d-b0e0-642ea0a184f8@group-3F1E7D2D682E-LeaderElection85] INFO  server.RaftServerConfigKeys (ConfUtils.java:logGet(43)) - raft.server.log.appender.buffer.byte-limit = 33554432 (custom)
2019-10-07 10:53:51,710 [0e51aef5-f20c-490d-b0e0-642ea0a184f8@group-3F1E7D2D682E-LeaderElection85] INFO  server.RaftServerConfigKeys (ConfUtils.java:logGet(43)) - raft.server.log.appender.buffer.element-limit = 1 (custom)
2019-10-07 10:53:51,711 [0e51aef5-f20c-490d-b0e0-642ea0a184f8@group-3F1E7D2D682E-LeaderElection85] INFO  grpc.GrpcConfigKeys$Server (ConfUtils.java:logGet(43)) - raft.grpc.server.leader.outstanding.appends.max = 128 (default)
2019-10-07 10:53:51,711 [0e51aef5-f20c-490d-b0e0-642ea0a184f8@group-3F1E7D2D682E-LeaderElection85] INFO  server.RaftServerConfigKeys (ConfUtils.java:logGet(43)) - raft.server.rpc.request.timeout = 3000ms (default)
2019-10-07 10:53:51,711 [0e51aef5-f20c-490d-b0e0-642ea0a184f8@group-3F1E7D2D682E-LeaderElection85] INFO  server.RaftServerConfigKeys (ConfUtils.java:logGet(43)) - raft.server.log.appender.install.snapshot.enabled = false (custom)
2019-10-07 10:53:51,711 [0e51aef5-f20c-490d-b0e0-642ea0a184f8@group-3F1E7D2D682E-LeaderElection85] INFO  impl.RoleInfo (RoleInfo.java:updateAndGet(143)) - 0e51aef5-f20c-490d-b0e0-642ea0a184f8: start LeaderState
2019-10-07 10:53:51,711 [0e51aef5-f20c-490d-b0e0-642ea0a184f8@group-3F1E7D2D682E-LeaderElection85] INFO  segmented.SegmentedRaftLogWorker (SegmentedRaftLogWorker.java:startLogSegment(385)) - 0e51aef5-f20c-490d-b0e0-642ea0a184f8@group-3F1E7D2D682E-SegmentedRaftLogWorker: Starting segment from index:0
2019-10-07 10:53:51,712 [0e51aef5-f20c-490d-b0e0-642ea0a184f8@group-3F1E7D2D682E-LeaderElection85] INFO  impl.RaftServerImpl (ServerState.java:setRaftConf(356)) - 0e51aef5-f20c-490d-b0e0-642ea0a184f8@group-3F1E7D2D682E: set configuration 0: [5f4b0b8a-293c-44f2-89a7-be5121b1219a:192.168.5.148:33362, 0e51aef5-f20c-490d-b0e0-642ea0a184f8:192.168.5.148:44282, d145b607-db3a-46d5-8e94-f1137714c886:192.168.5.148:36887], old=null at 0
2019-10-07 10:53:51,714 [grpc-default-executor-7] INFO  impl.RaftServerImpl (ServerState.java:setLeader(255)) - d145b607-db3a-46d5-8e94-f1137714c886@group-3F1E7D2D682E: change Leader from null to 0e51aef5-f20c-490d-b0e0-642ea0a184f8 at term 1 for appendEntries, leader elected after 5197ms
2019-10-07 10:53:51,714 [grpc-default-executor-3] INFO  impl.RaftServerImpl (ServerState.java:setLeader(255)) - 5f4b0b8a-293c-44f2-89a7-be5121b1219a@group-3F1E7D2D682E: change Leader from null to 0e51aef5-f20c-490d-b0e0-642ea0a184f8 at term 1 for appendEntries, leader elected after 5197ms
2019-10-07 10:53:51,715 [d145b607-db3a-46d5-8e94-f1137714c886@group-72950DF04211-SegmentedRaftLogWorker] INFO  segmented.SegmentedRaftLogWorker (SegmentedRaftLogWorker.java:execute(574)) - d145b607-db3a-46d5-8e94-f1137714c886@group-72950DF04211-SegmentedRaftLogWorker: created new log segment /workdir/hadoop-ozone/integration-test/target/test-dir/MiniOzoneClusterImpl-ffc42c2b-17b1-476b-b296-1f3a80d212c9/datanode-5/data/ratis/1167be63-ce6e-414c-9819-72950df04211/current/log_inprogress_0
2019-10-07 10:53:51,767 [0e51aef5-f20c-490d-b0e0-642ea0a184f8@group-3F1E7D2D682E-SegmentedRaftLogWorker] INFO  segmented.SegmentedRaftLogWorker (SegmentedRaftLogWorker.java:execute(574)) - 0e51aef5-f20c-490d-b0e0-642ea0a184f8@group-3F1E7D2D682E-SegmentedRaftLogWorker: created new log segment /workdir/hadoop-ozone/integration-test/target/test-dir/MiniOzoneClusterImpl-ffc42c2b-17b1-476b-b296-1f3a80d212c9/datanode-4/data/ratis/abae125f-4d2b-4965-9d2e-3f1e7d2d682e/current/log_inprogress_0
2019-10-07 10:53:52,155 [grpc-default-executor-0] INFO  impl.RaftServerImpl (ServerState.java:setRaftConf(356)) - d145b607-db3a-46d5-8e94-f1137714c886@group-3F1E7D2D682E: set configuration 0: [5f4b0b8a-293c-44f2-89a7-be5121b1219a:192.168.5.148:33362, 0e51aef5-f20c-490d-b0e0-642ea0a184f8:192.168.5.148:44282, d145b607-db3a-46d5-8e94-f1137714c886:192.168.5.148:36887], old=null at 0
2019-10-07 10:53:52,155 [grpc-default-executor-7] INFO  impl.RaftServerImpl (ServerState.java:setRaftConf(356)) - 5f4b0b8a-293c-44f2-89a7-be5121b1219a@group-3F1E7D2D682E: set configuration 0: [5f4b0b8a-293c-44f2-89a7-be5121b1219a:192.168.5.148:33362, 0e51aef5-f20c-490d-b0e0-642ea0a184f8:192.168.5.148:44282, d145b607-db3a-46d5-8e94-f1137714c886:192.168.5.148:36887], old=null at 0
2019-10-07 10:53:52,155 [grpc-default-executor-0] INFO  segmented.SegmentedRaftLogWorker (SegmentedRaftLogWorker.java:startLogSegment(385)) - d145b607-db3a-46d5-8e94-f1137714c886@group-3F1E7D2D682E-SegmentedRaftLogWorker: Starting segment from index:0
2019-10-07 10:53:52,155 [grpc-default-executor-7] INFO  segmented.SegmentedRaftLogWorker (SegmentedRaftLogWorker.java:startLogSegment(385)) - 5f4b0b8a-293c-44f2-89a7-be5121b1219a@group-3F1E7D2D682E-SegmentedRaftLogWorker: Starting segment from index:0
2019-10-07 10:53:52,209 [EventQueue-StaleNodeForStaleNodeHandler] INFO  node.StaleNodeHandler (StaleNodeHandler.java:onMessage(58)) - Datanode 9feb3379-7171-4df4-b299-4b714504f75e{ip: 192.168.5.148, host: pr-hdds-2238-6jxtw-691721237, networkLocation: /default-rack, certSerialId: null} moved to stale state. Finalizing its pipelines [PipelineID=142368aa-2035-4e13-8076-fde088a2e2cd, PipelineID=5157b187-12d4-4fa4-aa35-9c0f0bb22b1e]
2019-10-07 10:53:52,210 [EventQueue-StaleNodeForStaleNodeHandler] INFO  pipeline.SCMPipelineManager (SCMPipelineManager.java:finalizeAndDestroyPipeline(315)) - destroying pipeline:Pipeline[ Id: 142368aa-2035-4e13-8076-fde088a2e2cd, Nodes: 9feb3379-7171-4df4-b299-4b714504f75e{ip: 192.168.5.148, host: pr-hdds-2238-6jxtw-691721237, networkLocation: /default-rack, certSerialId: null}, Type:RATIS, Factor:ONE, State:OPEN]
2019-10-07 10:53:52,210 [EventQueue-StaleNodeForStaleNodeHandler] INFO  pipeline.PipelineStateManager (PipelineStateManager.java:finalizePipeline(123)) - Pipeline Pipeline[ Id: 142368aa-2035-4e13-8076-fde088a2e2cd, Nodes: 9feb3379-7171-4df4-b299-4b714504f75e{ip: 192.168.5.148, host: pr-hdds-2238-6jxtw-691721237, networkLocation: /default-rack, certSerialId: null}, Type:RATIS, Factor:ONE, State:CLOSED] moved to CLOSED state
2019-10-07 10:53:52,210 [EventQueue-StaleNodeForStaleNodeHandler] INFO  pipeline.SCMPipelineManager (SCMPipelineManager.java:finalizeAndDestroyPipeline(315)) - destroying pipeline:Pipeline[ Id: 5157b187-12d4-4fa4-aa35-9c0f0bb22b1e, Nodes: 24476e73-5d23-4249-9898-8edc248c0287{ip: 192.168.5.148, host: pr-hdds-2238-6jxtw-691721237, networkLocation: /default-rack, certSerialId: null}9feb3379-7171-4df4-b299-4b714504f75e{ip: 192.168.5.148, host: pr-hdds-2238-6jxtw-691721237, networkLocation: /default-rack, certSerialId: null}f0c02f1b-7192-45ee-be91-59a0f18f6150{ip: 192.168.5.148, host: pr-hdds-2238-6jxtw-691721237, networkLocation: /default-rack, certSerialId: null}, Type:RATIS, Factor:THREE, State:CLOSED]
2019-10-07 10:53:52,300 [5f4b0b8a-293c-44f2-89a7-be5121b1219a@group-3F1E7D2D682E-SegmentedRaftLogWorker] INFO  segmented.SegmentedRaftLogWorker (SegmentedRaftLogWorker.java:execute(574)) - 5f4b0b8a-293c-44f2-89a7-be5121b1219a@group-3F1E7D2D682E-SegmentedRaftLogWorker: created new log segment /workdir/hadoop-ozone/integration-test/target/test-dir/MiniOzoneClusterImpl-ffc42c2b-17b1-476b-b296-1f3a80d212c9/datanode-3/data/ratis/abae125f-4d2b-4965-9d2e-3f1e7d2d682e/current/log_inprogress_0
2019-10-07 10:53:52,300 [d145b607-db3a-46d5-8e94-f1137714c886@group-3F1E7D2D682E-SegmentedRaftLogWorker] INFO  segmented.SegmentedRaftLogWorker (SegmentedRaftLogWorker.java:execute(574)) - d145b607-db3a-46d5-8e94-f1137714c886@group-3F1E7D2D682E-SegmentedRaftLogWorker: created new log segment /workdir/hadoop-ozone/integration-test/target/test-dir/MiniOzoneClusterImpl-ffc42c2b-17b1-476b-b296-1f3a80d212c9/datanode-5/data/ratis/abae125f-4d2b-4965-9d2e-3f1e7d2d682e/current/log_inprogress_0
2019-10-07 10:53:53,227 [grpc-default-executor-0] WARN  server.GrpcLogAppender (LogUtils.java:warn(134)) - f0c02f1b-7192-45ee-be91-59a0f18f6150@group-9C0F0BB22B1E->9feb3379-7171-4df4-b299-4b714504f75e-AppendLogResponseHandler: Failed appendEntries: org.apache.ratis.thirdparty.io.grpc.StatusRuntimeException: UNAVAILABLE: io exception
2019-10-07 10:53:53,227 [grpc-default-executor-1] WARN  server.GrpcLogAppender (LogUtils.java:warn(134)) - f0c02f1b-7192-45ee-be91-59a0f18f6150@group-9C0F0BB22B1E->24476e73-5d23-4249-9898-8edc248c0287-AppendLogResponseHandler: Failed appendEntries: org.apache.ratis.thirdparty.io.grpc.StatusRuntimeException: UNAVAILABLE: io exception
2019-10-07 10:53:53,227 [grpc-default-executor-0] INFO  impl.FollowerInfo (FollowerInfo.java:lambda$new$0(51)) - f0c02f1b-7192-45ee-be91-59a0f18f6150@group-9C0F0BB22B1E->9feb3379-7171-4df4-b299-4b714504f75e: nextIndex: updateUnconditionally 0 -> 0
2019-10-07 10:53:53,228 [grpc-default-executor-1] INFO  impl.FollowerInfo (FollowerInfo.java:lambda$new$0(51)) - f0c02f1b-7192-45ee-be91-59a0f18f6150@group-9C0F0BB22B1E->24476e73-5d23-4249-9898-8edc248c0287: nextIndex: updateUnconditionally 0 -> 0
2019-10-07 10:53:53,387 [Datanode State Machine Thread - 0] INFO  statemachine.DatanodeStateMachine (DatanodeStateMachine.java:lambda$startDaemon$0(350)) - Ozone container server started.
2019-10-07 10:53:54,321 [grpc-default-executor-1] INFO  impl.RaftServerProxy (RaftServerProxy.java:addNew(89)) - 818478d2-41a1-4e77-b964-c69b50d36fc4: addNew group-8716E149143C:[818478d2-41a1-4e77-b964-c69b50d36fc4:192.168.5.148:39506] returns group-8716E149143C:java.util.concurrent.CompletableFuture@69ac03fd[Not completed]
2019-10-07 10:53:54,323 [pool-267-thread-1] INFO  impl.RaftServerImpl (RaftServerImpl.java:<init>(95)) - 818478d2-41a1-4e77-b964-c69b50d36fc4: new RaftServerImpl for group-8716E149143C:[818478d2-41a1-4e77-b964-c69b50d36fc4:192.168.5.148:39506] with ContainerStateMachine:uninitialized
2019-10-07 10:53:54,323 [pool-267-thread-1] INFO  server.RaftServerConfigKeys (ConfUtils.java:logGet(43)) - raft.server.rpc.timeout.min = 5s (custom)
2019-10-07 10:53:54,323 [pool-267-thread-1] INFO  server.RaftServerConfigKeys (ConfUtils.java:logGet(43)) - raft.server.rpc.timeout.max = 5200ms (custom)
2019-10-07 10:53:54,323 [pool-267-thread-1] INFO  server.RaftServerConfigKeys (ConfUtils.java:logGet(43)) - raft.server.rpcslowness.timeout = 120s (custom)
2019-10-07 10:53:54,323 [pool-267-thread-1] INFO  server.RaftServerConfigKeys (ConfUtils.java:logGet(43)) - raft.server.sleep.deviation.threshold = 300 (default)
2019-10-07 10:53:54,323 [pool-267-thread-1] INFO  server.RaftServerConfigKeys (ConfUtils.java:logGet(43)) - raft.server.log.appender.install.snapshot.enabled = false (custom)
2019-10-07 10:53:54,323 [pool-267-thread-1] INFO  impl.RaftServerImpl (ServerState.java:<init>(103)) - 818478d2-41a1-4e77-b964-c69b50d36fc4@group-8716E149143C: ConfigurationManager, init=-1: [818478d2-41a1-4e77-b964-c69b50d36fc4:192.168.5.148:39506], old=null, confs=<EMPTY_MAP>
2019-10-07 10:53:54,324 [pool-267-thread-1] INFO  server.RaftServerConfigKeys (ConfUtils.java:logGet(43)) - raft.server.storage.dir = [/workdir/hadoop-ozone/integration-test/target/test-dir/MiniOzoneClusterImpl-2b840c3e-75e3-4038-9799-12e6f62700d9/datanode-6/data/ratis] (custom)
2019-10-07 10:53:54,324 [pool-267-thread-1] INFO  server.RaftServerConfigKeys (ConfUtils.java:logGet(43)) - raft.server.log.corruption.policy = EXCEPTION (default)
2019-10-07 10:53:54,324 [pool-267-thread-1] INFO  storage.RaftStorageDirectory (RaftStorageDirectory.java:analyzeStorage(246)) - The storage directory /workdir/hadoop-ozone/integration-test/target/test-dir/MiniOzoneClusterImpl-2b840c3e-75e3-4038-9799-12e6f62700d9/datanode-6/data/ratis/ea223b92-6b10-4098-ac20-8716e149143c does not exist. Creating ...
2019-10-07 10:53:54,337 [pool-267-thread-1] INFO  storage.RaftStorageDirectory (RaftStorageDirectory.java:tryLock(328)) - Lock on /workdir/hadoop-ozone/integration-test/target/test-dir/MiniOzoneClusterImpl-2b840c3e-75e3-4038-9799-12e6f62700d9/datanode-6/data/ratis/ea223b92-6b10-4098-ac20-8716e149143c/in_use.lock acquired by nodename 24021@pr-hdds-2238-6jxtw-691721237
2019-10-07 10:53:54,351 [pool-267-thread-1] INFO  storage.RaftStorage (RaftStorage.java:format(84)) - Storage directory /workdir/hadoop-ozone/integration-test/target/test-dir/MiniOzoneClusterImpl-2b840c3e-75e3-4038-9799-12e6f62700d9/datanode-6/data/ratis/ea223b92-6b10-4098-ac20-8716e149143c has been successfully formatted.
2019-10-07 10:53:54,351 [pool-267-thread-1] INFO  ratis.ContainerStateMachine (ContainerStateMachine.java:loadSnapshot(231)) - group-8716E149143C: The snapshot info is null. Setting the last applied indexto:(t:0, i:~)
2019-10-07 10:53:54,351 [pool-267-thread-1] INFO  server.RaftServerConfigKeys (ConfUtils.java:logGet(43)) - raft.server.notification.no-leader.timeout = 120s (custom)
2019-10-07 10:53:54,351 [pool-267-thread-1] INFO  server.RaftServerConfigKeys (ConfUtils.java:logGet(43)) - raft.server.log.use.memory = false (default)
2019-10-07 10:53:54,351 [pool-267-thread-1] INFO  server.RaftServerConfigKeys (ConfUtils.java:logGet(43)) - raft.server.log.purge.gap = 1000000 (custom)
2019-10-07 10:53:54,352 [pool-267-thread-1] INFO  server.RaftServerConfigKeys (ConfUtils.java:logGet(43)) - raft.server.log.appender.buffer.byte-limit = 33554432 (custom)
2019-10-07 10:53:54,352 [pool-267-thread-1] INFO  server.RaftServerConfigKeys (ConfUtils.java:logGet(43)) - raft.server.log.segment.size.max = 1048576 (custom)
2019-10-07 10:53:54,352 [pool-267-thread-1] INFO  server.RaftServerConfigKeys (ConfUtils.java:logGet(43)) - raft.server.log.segment.cache.num.max = 2 (custom)
2019-10-07 10:53:54,352 [pool-267-thread-1] INFO  segmented.SegmentedRaftLogWorker (SegmentedRaftLogWorker.java:<init>(173)) - new 818478d2-41a1-4e77-b964-c69b50d36fc4@group-8716E149143C-SegmentedRaftLogWorker for RaftStorage:Storage Directory /workdir/hadoop-ozone/integration-test/target/test-dir/MiniOzoneClusterImpl-2b840c3e-75e3-4038-9799-12e6f62700d9/datanode-6/data/ratis/ea223b92-6b10-4098-ac20-8716e149143c
2019-10-07 10:53:54,352 [pool-267-thread-1] INFO  server.RaftServerConfigKeys (ConfUtils.java:logGet(43)) - raft.server.log.queue.byte-limit = 2147483647 (custom)
2019-10-07 10:53:54,352 [pool-267-thread-1] INFO  server.RaftServerConfigKeys (ConfUtils.java:logGet(43)) - raft.server.log.queue.element-limit = 1024 (custom)
2019-10-07 10:53:54,352 [pool-267-thread-1] INFO  server.RaftServerConfigKeys (ConfUtils.java:logGet(43)) - raft.server.log.segment.size.max = 1048576 (custom)
2019-10-07 10:53:54,352 [pool-267-thread-1] INFO  server.RaftServerConfigKeys (ConfUtils.java:logGet(43)) - raft.server.log.preallocated.size = 16384 (custom)
2019-10-07 10:53:54,352 [pool-267-thread-1] INFO  server.RaftServerConfigKeys (ConfUtils.java:logGet(43)) - raft.server.log.write.buffer.size = 33554432 (custom)
2019-10-07 10:53:54,353 [pool-267-thread-1] INFO  server.RaftServerConfigKeys (ConfUtils.java:logGet(43)) - raft.server.log.force.sync.num = 128 (default)
2019-10-07 10:53:54,353 [pool-267-thread-1] INFO  server.RaftServerConfigKeys (ConfUtils.java:logGet(43)) - raft.server.log.statemachine.data.sync = true (default)
2019-10-07 10:53:54,353 [pool-267-thread-1] INFO  server.RaftServerConfigKeys (ConfUtils.java:logGet(43)) - raft.server.log.statemachine.data.sync.timeout = 10s (default)
2019-10-07 10:53:54,353 [pool-267-thread-1] INFO  server.RaftServerConfigKeys (ConfUtils.java:logGet(43)) - raft.server.log.statemachine.data.sync.timeout.retry = -1 (default)
2019-10-07 10:53:54,353 [pool-267-thread-1] INFO  server.RaftServerConfigKeys (ConfUtils.java:logGet(43)) - raft.server.log.statemachine.data.caching.enabled = true (custom)
2019-10-07 10:53:54,353 [pool-267-thread-1] INFO  segmented.SegmentedRaftLogWorker (SegmentedRaftLogWorker.java:lambda$new$0(128)) - 818478d2-41a1-4e77-b964-c69b50d36fc4@group-8716E149143C-SegmentedRaftLogWorker: flushIndex: setUnconditionally 0 -> -1
2019-10-07 10:53:54,353 [pool-267-thread-1] INFO  server.RaftServerConfigKeys (ConfUtils.java:logGet(43)) - raft.server.snapshot.auto.trigger.enabled = true (custom)
2019-10-07 10:53:54,354 [pool-267-thread-1] INFO  server.RaftServerConfigKeys (ConfUtils.java:logGet(43)) - raft.server.snapshot.auto.trigger.threshold = 10000 (custom)
2019-10-07 10:53:54,354 [pool-267-thread-1] INFO  server.RaftServerConfigKeys (ConfUtils.java:logGet(43)) - raft.server.snapshot.retention.file.num = 5 (custom)
2019-10-07 10:53:54,354 [pool-267-thread-1] INFO  server.RaftServerConfigKeys (ConfUtils.java:logGet(43)) - raft.server.retrycache.expirytime = 600000ms (custom)
2019-10-07 10:53:54,355 [pool-267-thread-1] INFO  impl.RaftServerImpl (RaftServerImpl.java:start(181)) - 818478d2-41a1-4e77-b964-c69b50d36fc4@group-8716E149143C: start as a follower, conf=-1: [818478d2-41a1-4e77-b964-c69b50d36fc4:192.168.5.148:39506], old=null
2019-10-07 10:53:54,355 [pool-267-thread-1] INFO  impl.RaftServerImpl (RaftServerImpl.java:setRole(170)) - 818478d2-41a1-4e77-b964-c69b50d36fc4@group-8716E149143C: changes role from      null to FOLLOWER at term 0 for startAsFollower
2019-10-07 10:53:54,355 [pool-267-thread-1] INFO  impl.RoleInfo (RoleInfo.java:updateAndGet(143)) - 818478d2-41a1-4e77-b964-c69b50d36fc4: start FollowerState
2019-10-07 10:53:54,356 [pool-267-thread-1] INFO  util.JmxRegister (JmxRegister.java:tryRegister(44)) - Successfully registered JMX Bean with object name Ratis:service=RaftServer,group=group-8716E149143C,id=818478d2-41a1-4e77-b964-c69b50d36fc4
2019-10-07 10:53:54,359 [RatisPipelineUtilsThread] INFO  pipeline.PipelineStateManager (PipelineStateManager.java:addPipeline(56)) - Created pipeline Pipeline[ Id: ea223b92-6b10-4098-ac20-8716e149143c, Nodes: 818478d2-41a1-4e77-b964-c69b50d36fc4{ip: 192.168.5.148, host: pr-hdds-2238-6jxtw-691721237, networkLocation: /default-rack, certSerialId: null}, Type:RATIS, Factor:ONE, State:OPEN]
2019-10-07 10:53:55,727 [grpc-default-executor-1] WARN  server.GrpcLogAppender (LogUtils.java:warn(134)) - f0c02f1b-7192-45ee-be91-59a0f18f6150@group-9C0F0BB22B1E->9feb3379-7171-4df4-b299-4b714504f75e-AppendLogResponseHandler: Failed appendEntries: org.apache.ratis.thirdparty.io.grpc.StatusRuntimeException: UNAVAILABLE: io exception
2019-10-07 10:53:55,727 [grpc-default-executor-4] WARN  server.GrpcLogAppender (LogUtils.java:warn(134)) - f0c02f1b-7192-45ee-be91-59a0f18f6150@group-9C0F0BB22B1E->24476e73-5d23-4249-9898-8edc248c0287-AppendLogResponseHandler: Failed appendEntries: org.apache.ratis.thirdparty.io.grpc.StatusRuntimeException: UNAVAILABLE: io exception
2019-10-07 10:53:55,728 [grpc-default-executor-1] INFO  impl.FollowerInfo (FollowerInfo.java:lambda$new$0(51)) - f0c02f1b-7192-45ee-be91-59a0f18f6150@group-9C0F0BB22B1E->9feb3379-7171-4df4-b299-4b714504f75e: nextIndex: updateUnconditionally 0 -> 0
2019-10-07 10:53:55,728 [grpc-default-executor-4] INFO  impl.FollowerInfo (FollowerInfo.java:lambda$new$0(51)) - f0c02f1b-7192-45ee-be91-59a0f18f6150@group-9C0F0BB22B1E->24476e73-5d23-4249-9898-8edc248c0287: nextIndex: updateUnconditionally 0 -> 0
2019-10-07 10:53:57,416 [main] INFO  ozoneimpl.OzoneContainer (OzoneContainer.java:stop(227)) - Attempting to stop container services.
2019-10-07 10:53:57,417 [main] INFO  impl.RaftServerProxy (RaftServerProxy.java:lambda$close$4(314)) - 296cec83-c9ad-42f6-99b8-eb602f6667cc: close
2019-10-07 10:53:57,418 [main] INFO  impl.RaftServerImpl (RaftServerImpl.java:lambda$shutdown$3(247)) - 296cec83-c9ad-42f6-99b8-eb602f6667cc@group-5FB194A6CEC0: shutdown
2019-10-07 10:53:57,418 [ForkJoinPool.commonPool-worker-1] INFO  impl.RaftServerImpl (RaftServerImpl.java:lambda$shutdown$3(247)) - 296cec83-c9ad-42f6-99b8-eb602f6667cc@group-8E4DF49E2C2D: shutdown
2019-10-07 10:53:57,418 [main] INFO  util.JmxRegister (JmxRegister.java:unregister(73)) - Successfully un-registered JMX Bean with object name Ratis:service=RaftServer,group=group-5FB194A6CEC0,id=296cec83-c9ad-42f6-99b8-eb602f6667cc
2019-10-07 10:53:57,418 [ForkJoinPool.commonPool-worker-1] INFO  util.JmxRegister (JmxRegister.java:unregister(73)) - Successfully un-registered JMX Bean with object name Ratis:service=RaftServer,group=group-8E4DF49E2C2D,id=296cec83-c9ad-42f6-99b8-eb602f6667cc
2019-10-07 10:53:57,419 [main] INFO  impl.RoleInfo (RoleInfo.java:shutdownFollowerState(121)) - 296cec83-c9ad-42f6-99b8-eb602f6667cc: shutdown FollowerState
2019-10-07 10:53:57,419 [ForkJoinPool.commonPool-worker-1] INFO  impl.RoleInfo (RoleInfo.java:shutdownLeaderState(104)) - 296cec83-c9ad-42f6-99b8-eb602f6667cc: shutdown LeaderState
2019-10-07 10:53:57,419 [main] INFO  impl.StateMachineUpdater (StateMachineUpdater.java:stopAndJoin(136)) - 296cec83-c9ad-42f6-99b8-eb602f6667cc@group-5FB194A6CEC0-StateMachineUpdater: set stopIndex = 2
2019-10-07 10:53:57,420 [ForkJoinPool.commonPool-worker-1] INFO  impl.PendingRequests (PendingRequests.java:sendNotLeaderResponses(202)) - 296cec83-c9ad-42f6-99b8-eb602f6667cc@group-8E4DF49E2C2D-PendingRequests: sendNotLeaderResponses
2019-10-07 10:53:57,419 [Thread-2562] INFO  impl.FollowerState (FollowerState.java:run(117)) - 296cec83-c9ad-42f6-99b8-eb602f6667cc@group-5FB194A6CEC0-FollowerState was interrupted: java.lang.InterruptedException: sleep interrupted
2019-10-07 10:53:57,419 [296cec83-c9ad-42f6-99b8-eb602f6667cc@group-5FB194A6CEC0-StateMachineUpdater] INFO  ratis.ContainerStateMachine (ContainerStateMachine.java:takeSnapshot(294)) - group-5FB194A6CEC0: Taking a snapshot at:(t:1, i:1) file /workdir/hadoop-ozone/integration-test/target/test-dir/MiniOzoneClusterImpl-ffc42c2b-17b1-476b-b296-1f3a80d212c9/datanode-0/data/ratis/ee014655-ce12-446a-a7aa-5fb194a6cec0/sm/snapshot.1_1
2019-10-07 10:53:57,425 [ForkJoinPool.commonPool-worker-1] INFO  impl.StateMachineUpdater (StateMachineUpdater.java:stopAndJoin(136)) - 296cec83-c9ad-42f6-99b8-eb602f6667cc@group-8E4DF49E2C2D-StateMachineUpdater: set stopIndex = 0
2019-10-07 10:53:57,426 [ForkJoinPool.commonPool-worker-1] INFO  impl.RaftServerImpl (ServerState.java:close(387)) - 296cec83-c9ad-42f6-99b8-eb602f6667cc@group-8E4DF49E2C2D: closes. applyIndex: 0
2019-10-07 10:53:57,426 [296cec83-c9ad-42f6-99b8-eb602f6667cc@group-8E4DF49E2C2D-SegmentedRaftLogWorker] INFO  segmented.SegmentedRaftLogWorker (SegmentedRaftLogWorker.java:run(316)) - 296cec83-c9ad-42f6-99b8-eb602f6667cc@group-8E4DF49E2C2D-SegmentedRaftLogWorker was interrupted, exiting. There are 0 tasks remaining in the queue.
2019-10-07 10:53:57,431 [ForkJoinPool.commonPool-worker-1] INFO  segmented.SegmentedRaftLogWorker (SegmentedRaftLogWorker.java:close(224)) - 296cec83-c9ad-42f6-99b8-eb602f6667cc@group-8E4DF49E2C2D-SegmentedRaftLogWorker close()
2019-10-07 10:53:57,463 [296cec83-c9ad-42f6-99b8-eb602f6667cc@group-5FB194A6CEC0-StateMachineUpdater] INFO  ratis.ContainerStateMachine (ContainerStateMachine.java:takeSnapshot(305)) - group-5FB194A6CEC0: Finished taking a snapshot at:(t:1, i:1) file:/workdir/hadoop-ozone/integration-test/target/test-dir/MiniOzoneClusterImpl-ffc42c2b-17b1-476b-b296-1f3a80d212c9/datanode-0/data/ratis/ee014655-ce12-446a-a7aa-5fb194a6cec0/sm/snapshot.1_1 time:43
2019-10-07 10:53:57,463 [296cec83-c9ad-42f6-99b8-eb602f6667cc@group-5FB194A6CEC0-StateMachineUpdater] INFO  impl.StateMachineUpdater (StateMachineUpdater.java:takeSnapshot(269)) - 296cec83-c9ad-42f6-99b8-eb602f6667cc@group-5FB194A6CEC0-StateMachineUpdater: Took a snapshot at index 1
2019-10-07 10:53:57,463 [296cec83-c9ad-42f6-99b8-eb602f6667cc@group-5FB194A6CEC0-StateMachineUpdater] INFO  impl.StateMachineUpdater (StateMachineUpdater.java:lambda$new$0(84)) - 296cec83-c9ad-42f6-99b8-eb602f6667cc@group-5FB194A6CEC0-StateMachineUpdater: snapshotIndex: updateIncreasingly -1 -> 1
2019-10-07 10:53:57,464 [296cec83-c9ad-42f6-99b8-eb602f6667cc@group-5FB194A6CEC0-StateMachineUpdater] INFO  ratis.ContainerStateMachine (ContainerStateMachine.java:takeSnapshot(294)) - group-5FB194A6CEC0: Taking a snapshot at:(t:1, i:1) file /workdir/hadoop-ozone/integration-test/target/test-dir/MiniOzoneClusterImpl-ffc42c2b-17b1-476b-b296-1f3a80d212c9/datanode-0/data/ratis/ee014655-ce12-446a-a7aa-5fb194a6cec0/sm/snapshot.1_1
2019-10-07 10:53:57,476 [296cec83-c9ad-42f6-99b8-eb602f6667cc@group-5FB194A6CEC0-StateMachineUpdater] INFO  ratis.ContainerStateMachine (ContainerStateMachine.java:takeSnapshot(305)) - group-5FB194A6CEC0: Finished taking a snapshot at:(t:1, i:1) file:/workdir/hadoop-ozone/integration-test/target/test-dir/MiniOzoneClusterImpl-ffc42c2b-17b1-476b-b296-1f3a80d212c9/datanode-0/data/ratis/ee014655-ce12-446a-a7aa-5fb194a6cec0/sm/snapshot.1_1 time:13
2019-10-07 10:53:57,476 [296cec83-c9ad-42f6-99b8-eb602f6667cc@group-5FB194A6CEC0-StateMachineUpdater] INFO  impl.StateMachineUpdater (StateMachineUpdater.java:takeSnapshot(269)) - 296cec83-c9ad-42f6-99b8-eb602f6667cc@group-5FB194A6CEC0-StateMachineUpdater: Took a snapshot at index 1
2019-10-07 10:53:57,476 [296cec83-c9ad-42f6-99b8-eb602f6667cc@group-5FB194A6CEC0-StateMachineUpdater] INFO  impl.StateMachineUpdater (StateMachineUpdater.java:lambda$new$0(84)) - 296cec83-c9ad-42f6-99b8-eb602f6667cc@group-5FB194A6CEC0-StateMachineUpdater: snapshotIndex: updateIncreasingly 1 -> 1
2019-10-07 10:53:57,477 [main] INFO  impl.RaftServerImpl (ServerState.java:close(387)) - 296cec83-c9ad-42f6-99b8-eb602f6667cc@group-5FB194A6CEC0: closes. applyIndex: 2
2019-10-07 10:53:57,477 [296cec83-c9ad-42f6-99b8-eb602f6667cc@group-5FB194A6CEC0-SegmentedRaftLogWorker] INFO  segmented.SegmentedRaftLogWorker (SegmentedRaftLogWorker.java:run(316)) - 296cec83-c9ad-42f6-99b8-eb602f6667cc@group-5FB194A6CEC0-SegmentedRaftLogWorker was interrupted, exiting. There are 0 tasks remaining in the queue.
2019-10-07 10:53:57,483 [main] INFO  segmented.SegmentedRaftLogWorker (SegmentedRaftLogWorker.java:close(224)) - 296cec83-c9ad-42f6-99b8-eb602f6667cc@group-5FB194A6CEC0-SegmentedRaftLogWorker close()
2019-10-07 10:53:57,488 [main] INFO  server.GrpcService (GrpcService.java:closeImpl(164)) - 296cec83-c9ad-42f6-99b8-eb602f6667cc: shutdown server with port 39753 now
2019-10-07 10:53:57,489 [grpc-default-executor-1] WARN  server.GrpcServerProtocolService (LogUtils.java:warn(134)) - 296cec83-c9ad-42f6-99b8-eb602f6667cc: installSnapshot onError, lastRequest: 20195c7f-f776-4f87-a7b3-d6dc926a8b4d->296cec83-c9ad-42f6-99b8-eb602f6667cc#5-t1, previous=(t:1, i:2), leaderCommit=2, initializing? false, entries: <empty>: org.apache.ratis.thirdparty.io.grpc.StatusRuntimeException: CANCELLED: cancelled before receiving half close
2019-10-07 10:53:57,490 [main] INFO  server.GrpcService (GrpcService.java:closeImpl(172)) - 296cec83-c9ad-42f6-99b8-eb602f6667cc: shutdown server with port 39753 successfully
2019-10-07 10:53:57,490 [grpc-default-executor-7] WARN  server.GrpcLogAppender (LogUtils.java:warn(134)) - 20195c7f-f776-4f87-a7b3-d6dc926a8b4d@group-5FB194A6CEC0->296cec83-c9ad-42f6-99b8-eb602f6667cc-AppendLogResponseHandler: Failed appendEntries: org.apache.ratis.thirdparty.io.grpc.StatusRuntimeException: CANCELLED: HTTP/2 error code: CANCEL
Received Rst Stream
2019-10-07 10:53:57,491 [grpc-default-executor-7] INFO  impl.FollowerInfo (FollowerInfo.java:lambda$new$0(51)) - 20195c7f-f776-4f87-a7b3-d6dc926a8b4d@group-5FB194A6CEC0->296cec83-c9ad-42f6-99b8-eb602f6667cc: nextIndex: updateUnconditionally 3 -> 2
2019-10-07 10:53:57,494 [refreshUsed-/workdir/hadoop-ozone/integration-test/target/test-dir/MiniOzoneClusterImpl-ffc42c2b-17b1-476b-b296-1f3a80d212c9/datanode-0/data/containers] WARN  fs.CachingGetSpaceUsed (CachingGetSpaceUsed.java:run(183)) - Thread Interrupted waiting to refresh disk information: sleep interrupted
2019-10-07 10:53:57,511 [main] INFO  utils.BackgroundService (BackgroundService.java:shutdown(148)) - Shutting down service BlockDeletingService
2019-10-07 10:53:57,525 [main] INFO  statemachine.DatanodeStateMachine (DatanodeStateMachine.java:stopDaemon(395)) - Ozone container server stopped.
2019-10-07 10:53:57,526 [main] INFO  handler.ContextHandler (ContextHandler.java:doStop(910)) - Stopped o.e.j.w.WebAppContext@5fef0c19{/,null,UNAVAILABLE}{/hddsDatanode}
2019-10-07 10:53:57,527 [main] INFO  server.AbstractConnector (AbstractConnector.java:doStop(318)) - Stopped ServerConnector@2e6d76ba{HTTP/1.1,[http/1.1]}{0.0.0.0:0}
2019-10-07 10:53:57,527 [main] INFO  handler.ContextHandler (ContextHandler.java:doStop(910)) - Stopped o.e.j.s.ServletContextHandler@24134cbc{/static,jar:file:/home/user/.m2/repository/org/apache/hadoop/hadoop-hdds-container-service/0.5.0-SNAPSHOT/hadoop-hdds-container-service-0.5.0-SNAPSHOT.jar!/webapps/static,UNAVAILABLE}
2019-10-07 10:53:57,528 [main] INFO  handler.ContextHandler (ContextHandler.java:doStop(910)) - Stopped o.e.j.s.ServletContextHandler@6da54910{/logs,file:///workdir/hadoop-ozone/integration-test/target/log,UNAVAILABLE}
2019-10-07 10:53:57,537 [grpc-default-executor-1] WARN  server.GrpcLogAppender (LogUtils.java:warn(134)) - 20195c7f-f776-4f87-a7b3-d6dc926a8b4d@group-5FB194A6CEC0->296cec83-c9ad-42f6-99b8-eb602f6667cc-AppendLogResponseHandler: Failed appendEntries: org.apache.ratis.thirdparty.io.grpc.StatusRuntimeException: UNAVAILABLE: io exception
2019-10-07 10:53:57,537 [grpc-default-executor-1] INFO  impl.FollowerInfo (FollowerInfo.java:lambda$new$0(51)) - 20195c7f-f776-4f87-a7b3-d6dc926a8b4d@group-5FB194A6CEC0->296cec83-c9ad-42f6-99b8-eb602f6667cc: nextIndex: updateUnconditionally 3 -> 2
2019-10-07 10:53:57,550 [grpc-default-executor-4] WARN  server.GrpcLogAppender (LogUtils.java:warn(134)) - 20195c7f-f776-4f87-a7b3-d6dc926a8b4d@group-5FB194A6CEC0->296cec83-c9ad-42f6-99b8-eb602f6667cc-AppendLogResponseHandler: Failed appendEntries: org.apache.ratis.thirdparty.io.grpc.StatusRuntimeException: UNAVAILABLE: io exception
2019-10-07 10:53:57,550 [grpc-default-executor-4] INFO  impl.FollowerInfo (FollowerInfo.java:lambda$new$0(51)) - 20195c7f-f776-4f87-a7b3-d6dc926a8b4d@group-5FB194A6CEC0->296cec83-c9ad-42f6-99b8-eb602f6667cc: nextIndex: updateUnconditionally 3 -> 2
2019-10-07 10:53:57,563 [grpc-default-executor-1] WARN  server.GrpcLogAppender (LogUtils.java:warn(134)) - 20195c7f-f776-4f87-a7b3-d6dc926a8b4d@group-5FB194A6CEC0->296cec83-c9ad-42f6-99b8-eb602f6667cc-AppendLogResponseHandler: Failed appendEntries: org.apache.ratis.thirdparty.io.grpc.StatusRuntimeException: UNAVAILABLE: io exception
2019-10-07 10:53:57,563 [grpc-default-executor-1] INFO  impl.FollowerInfo (FollowerInfo.java:lambda$new$0(51)) - 20195c7f-f776-4f87-a7b3-d6dc926a8b4d@group-5FB194A6CEC0->296cec83-c9ad-42f6-99b8-eb602f6667cc: nextIndex: updateUnconditionally 3 -> 2
2019-10-07 10:53:57,564 [EventQueue-IncrementalContainerReportForIncrementalContainerReportHandler] WARN  container.IncrementalContainerReportHandler (AbstractContainerReportHandler.java:updateContainerState(143)) - Container #1 is in OPEN state, but the datanode 20195c7f-f776-4f87-a7b3-d6dc926a8b4d{ip: 192.168.5.148, host: pr-hdds-2238-6jxtw-691721237, networkLocation: /default-rack, certSerialId: null} reports an CLOSING replica.
2019-10-07 10:53:57,576 [EventQueue-IncrementalContainerReportForIncrementalContainerReportHandler] WARN  container.IncrementalContainerReportHandler (AbstractContainerReportHandler.java:updateContainerState(143)) - Container #1 is in OPEN state, but the datanode 36416ac6-6aa8-473c-bdd6-7540be97e6e8{ip: 192.168.5.148, host: pr-hdds-2238-6jxtw-691721237, networkLocation: /default-rack, certSerialId: null} reports an CLOSING replica.
2019-10-07 10:53:57,620 [RatisApplyTransactionExecutor 1] INFO  interfaces.Container (KeyValueContainer.java:flushAndSyncDB(386)) - Container 1 is synced with bcsId 0.
2019-10-07 10:53:57,663 [RatisApplyTransactionExecutor 1] INFO  interfaces.Container (KeyValueContainer.java:flushAndSyncDB(386)) - Container 1 is synced with bcsId 0.
2019-10-07 10:53:57,674 [RatisApplyTransactionExecutor 1] INFO  interfaces.Container (KeyValueContainer.java:flushAndSyncDB(386)) - Container 1 is synced with bcsId 0.
2019-10-07 10:53:57,674 [RatisApplyTransactionExecutor 1] INFO  interfaces.Container (KeyValueContainer.java:flushAndSyncDB(386)) - Container 1 is synced with bcsId 0.
2019-10-07 10:53:57,675 [RatisApplyTransactionExecutor 1] INFO  interfaces.Container (KeyValueContainer.java:close(335)) - Container 1 is closed with bcsId 0.
2019-10-07 10:53:57,680 [EventQueue-IncrementalContainerReportForIncrementalContainerReportHandler] WARN  container.IncrementalContainerReportHandler (AbstractContainerReportHandler.java:updateContainerState(143)) - Container #1 is in OPEN state, but the datanode 20195c7f-f776-4f87-a7b3-d6dc926a8b4d{ip: 192.168.5.148, host: pr-hdds-2238-6jxtw-691721237, networkLocation: /default-rack, certSerialId: null} reports an CLOSED replica.
2019-10-07 10:53:57,692 [RatisApplyTransactionExecutor 1] INFO  interfaces.Container (KeyValueContainer.java:close(335)) - Container 1 is closed with bcsId 0.
2019-10-07 10:53:57,693 [EventQueue-IncrementalContainerReportForIncrementalContainerReportHandler] WARN  container.IncrementalContainerReportHandler (AbstractContainerReportHandler.java:updateContainerState(143)) - Container #1 is in OPEN state, but the datanode 36416ac6-6aa8-473c-bdd6-7540be97e6e8{ip: 192.168.5.148, host: pr-hdds-2238-6jxtw-691721237, networkLocation: /default-rack, certSerialId: null} reports an CLOSED replica.
2019-10-07 10:53:57,857 [Thread-2634] INFO  client.GrpcClientProtocolService (GrpcClientProtocolService.java:lambda$processClientRequest$0(278)) - Failed RaftClientRequest:client-F15BD1286516->f0c02f1b-7192-45ee-be91-59a0f18f6150@group-9C0F0BB22B1E, cid=67, seq=0, Watch-MAJORITY_COMMITTED(69), Message:<EMPTY>, reply=RaftClientReply:client-F15BD1286516->f0c02f1b-7192-45ee-be91-59a0f18f6150@group-9C0F0BB22B1E, cid=67, FAILED org.apache.ratis.protocol.NotReplicatedException: Request with call Id 67 and log index 69 is not yet replicated to MAJORITY_COMMITTED, logIndex=69, commits[f0c02f1b-7192-45ee-be91-59a0f18f6150:c2, 24476e73-5d23-4249-9898-8edc248c0287:c2, 9feb3379-7171-4df4-b299-4b714504f75e:c2]
2019-10-07 10:53:58,228 [grpc-default-executor-7] WARN  server.GrpcLogAppender (LogUtils.java:warn(134)) - f0c02f1b-7192-45ee-be91-59a0f18f6150@group-9C0F0BB22B1E->24476e73-5d23-4249-9898-8edc248c0287-AppendLogResponseHandler: Failed appendEntries: org.apache.ratis.thirdparty.io.grpc.StatusRuntimeException: UNAVAILABLE: io exception
2019-10-07 10:53:58,228 [grpc-default-executor-0] WARN  server.GrpcLogAppender (LogUtils.java:warn(134)) - f0c02f1b-7192-45ee-be91-59a0f18f6150@group-9C0F0BB22B1E->9feb3379-7171-4df4-b299-4b714504f75e-AppendLogResponseHandler: Failed appendEntries: org.apache.ratis.thirdparty.io.grpc.StatusRuntimeException: UNAVAILABLE: io exception
2019-10-07 10:53:58,228 [grpc-default-executor-7] INFO  impl.FollowerInfo (FollowerInfo.java:lambda$new$0(51)) - f0c02f1b-7192-45ee-be91-59a0f18f6150@group-9C0F0BB22B1E->24476e73-5d23-4249-9898-8edc248c0287: nextIndex: updateUnconditionally 0 -> 0
2019-10-07 10:53:58,229 [grpc-default-executor-0] INFO  impl.FollowerInfo (FollowerInfo.java:lambda$new$0(51)) - f0c02f1b-7192-45ee-be91-59a0f18f6150@group-9C0F0BB22B1E->9feb3379-7171-4df4-b299-4b714504f75e: nextIndex: updateUnconditionally 0 -> 0
2019-10-07 10:53:59,366 [Thread-2615] INFO  impl.FollowerState (FollowerState.java:run(108)) - 818478d2-41a1-4e77-b964-c69b50d36fc4@group-8716E149143C-FollowerState: change to CANDIDATE, lastRpcTime:5010ms, electionTimeout:5010ms
2019-10-07 10:53:59,366 [Thread-2615] INFO  impl.RoleInfo (RoleInfo.java:shutdownFollowerState(121)) - 818478d2-41a1-4e77-b964-c69b50d36fc4: shutdown FollowerState
2019-10-07 10:53:59,366 [Thread-2615] INFO  impl.RaftServerImpl (RaftServerImpl.java:setRole(170)) - 818478d2-41a1-4e77-b964-c69b50d36fc4@group-8716E149143C: changes role from  FOLLOWER to CANDIDATE at term 0 for changeToCandidate
2019-10-07 10:53:59,366 [Thread-2615] INFO  impl.RoleInfo (RoleInfo.java:updateAndGet(143)) - 818478d2-41a1-4e77-b964-c69b50d36fc4: start LeaderElection
2019-10-07 10:53:59,392 [818478d2-41a1-4e77-b964-c69b50d36fc4@group-8716E149143C-LeaderElection88] INFO  impl.LeaderElection (LeaderElection.java:askForVotes(178)) - 818478d2-41a1-4e77-b964-c69b50d36fc4@group-8716E149143C-LeaderElection88: begin an election at term 1 for -1: [818478d2-41a1-4e77-b964-c69b50d36fc4:192.168.5.148:39506], old=null
2019-10-07 10:53:59,392 [818478d2-41a1-4e77-b964-c69b50d36fc4@group-8716E149143C-LeaderElection88] INFO  impl.RoleInfo (RoleInfo.java:shutdownLeaderElection(134)) - 818478d2-41a1-4e77-b964-c69b50d36fc4: shutdown LeaderElection
2019-10-07 10:53:59,393 [818478d2-41a1-4e77-b964-c69b50d36fc4@group-8716E149143C-LeaderElection88] INFO  impl.RaftServerImpl (RaftServerImpl.java:setRole(170)) - 818478d2-41a1-4e77-b964-c69b50d36fc4@group-8716E149143C: changes role from CANDIDATE to LEADER at term 1 for changeToLeader
2019-10-07 10:53:59,393 [818478d2-41a1-4e77-b964-c69b50d36fc4@group-8716E149143C-LeaderElection88] INFO  impl.RaftServerImpl (ServerState.java:setLeader(255)) - 818478d2-41a1-4e77-b964-c69b50d36fc4@group-8716E149143C: change Leader from null to 818478d2-41a1-4e77-b964-c69b50d36fc4 at term 1 for becomeLeader, leader elected after 5041ms
2019-10-07 10:53:59,393 [818478d2-41a1-4e77-b964-c69b50d36fc4@group-8716E149143C-LeaderElection88] INFO  server.RaftServerConfigKeys (ConfUtils.java:logGet(43)) - raft.server.staging.catchup.gap = 1000 (default)
2019-10-07 10:53:59,393 [818478d2-41a1-4e77-b964-c69b50d36fc4@group-8716E149143C-LeaderElection88] INFO  server.RaftServerConfigKeys (ConfUtils.java:logGet(43)) - raft.server.rpc.sleep.time = 25ms (default)
2019-10-07 10:53:59,393 [818478d2-41a1-4e77-b964-c69b50d36fc4@group-8716E149143C-LeaderElection88] INFO  server.RaftServerConfigKeys (ConfUtils.java:logGet(43)) - raft.server.write.element-limit = 4096 (default)
2019-10-07 10:53:59,394 [818478d2-41a1-4e77-b964-c69b50d36fc4@group-8716E149143C-LeaderElection88] INFO  server.RaftServerConfigKeys (ConfUtils.java:logGet(43)) - raft.server.watch.timeout = 10s (default)
2019-10-07 10:53:59,394 [818478d2-41a1-4e77-b964-c69b50d36fc4@group-8716E149143C-LeaderElection88] INFO  server.RaftServerConfigKeys (ConfUtils.java:logGet(43)) - raft.server.watch.timeout.denomination = 1s (default)
2019-10-07 10:53:59,394 [818478d2-41a1-4e77-b964-c69b50d36fc4@group-8716E149143C-LeaderElection88] INFO  server.RaftServerConfigKeys (ConfUtils.java:logGet(43)) - raft.server.watch.element-limit = 65536 (default)
2019-10-07 10:53:59,396 [818478d2-41a1-4e77-b964-c69b50d36fc4@group-8716E149143C-LeaderElection88] INFO  impl.RoleInfo (RoleInfo.java:updateAndGet(143)) - 818478d2-41a1-4e77-b964-c69b50d36fc4: start LeaderState
2019-10-07 10:53:59,396 [818478d2-41a1-4e77-b964-c69b50d36fc4@group-8716E149143C-LeaderElection88] INFO  segmented.SegmentedRaftLogWorker (SegmentedRaftLogWorker.java:startLogSegment(385)) - 818478d2-41a1-4e77-b964-c69b50d36fc4@group-8716E149143C-SegmentedRaftLogWorker: Starting segment from index:0
2019-10-07 10:53:59,397 [818478d2-41a1-4e77-b964-c69b50d36fc4@group-8716E149143C-LeaderElection88] INFO  impl.RaftServerImpl (ServerState.java:setRaftConf(356)) - 818478d2-41a1-4e77-b964-c69b50d36fc4@group-8716E149143C: set configuration 0: [818478d2-41a1-4e77-b964-c69b50d36fc4:192.168.5.148:39506], old=null at 0
2019-10-07 10:53:59,455 [818478d2-41a1-4e77-b964-c69b50d36fc4@group-8716E149143C-SegmentedRaftLogWorker] INFO  segmented.SegmentedRaftLogWorker (SegmentedRaftLogWorker.java:execute(574)) - 818478d2-41a1-4e77-b964-c69b50d36fc4@group-8716E149143C-SegmentedRaftLogWorker: created new log segment /workdir/hadoop-ozone/integration-test/target/test-dir/MiniOzoneClusterImpl-2b840c3e-75e3-4038-9799-12e6f62700d9/datanode-6/data/ratis/ea223b92-6b10-4098-ac20-8716e149143c/current/log_inprogress_0
2019-10-07 10:54:00,065 [grpc-default-executor-4] WARN  server.GrpcLogAppender (LogUtils.java:warn(134)) - 20195c7f-f776-4f87-a7b3-d6dc926a8b4d@group-5FB194A6CEC0->296cec83-c9ad-42f6-99b8-eb602f6667cc-AppendLogResponseHandler: Failed appendEntries: org.apache.ratis.thirdparty.io.grpc.StatusRuntimeException: UNAVAILABLE: io exception
2019-10-07 10:54:00,065 [grpc-default-executor-4] INFO  impl.FollowerInfo (FollowerInfo.java:lambda$new$0(51)) - 20195c7f-f776-4f87-a7b3-d6dc926a8b4d@group-5FB194A6CEC0->296cec83-c9ad-42f6-99b8-eb602f6667cc: nextIndex: updateUnconditionally 2 -> 1
2019-10-07 10:54:00,682 [main] WARN  scm.XceiverClientRatis (XceiverClientRatis.java:watchForCommit(269)) - 3 way commit failed on pipeline Pipeline[ Id: ee014655-ce12-446a-a7aa-5fb194a6cec0, Nodes: 296cec83-c9ad-42f6-99b8-eb602f6667cc{ip: 192.168.5.148, host: pr-hdds-2238-6jxtw-691721237, networkLocation: /default-rack, certSerialId: null}36416ac6-6aa8-473c-bdd6-7540be97e6e8{ip: 192.168.5.148, host: pr-hdds-2238-6jxtw-691721237, networkLocation: /default-rack, certSerialId: null}20195c7f-f776-4f87-a7b3-d6dc926a8b4d{ip: 192.168.5.148, host: pr-hdds-2238-6jxtw-691721237, networkLocation: /default-rack, certSerialId: null}, Type:RATIS, Factor:THREE, State:OPEN]
java.util.concurrent.TimeoutException
	at java.util.concurrent.CompletableFuture.timedGet(CompletableFuture.java:1771)
	at java.util.concurrent.CompletableFuture.get(CompletableFuture.java:1915)
	at org.apache.hadoop.hdds.scm.XceiverClientRatis.watchForCommit(XceiverClientRatis.java:266)
	at org.apache.hadoop.ozone.client.rpc.TestWatchForCommit.test2WayCommitForTimeoutException(TestWatchForCommit.java:391)
	at sun.reflect.NativeMethodAccessorImpl.invoke0(Native Method)
	at sun.reflect.NativeMethodAccessorImpl.invoke(NativeMethodAccessorImpl.java:62)
	at sun.reflect.DelegatingMethodAccessorImpl.invoke(DelegatingMethodAccessorImpl.java:43)
	at java.lang.reflect.Method.invoke(Method.java:498)
	at org.junit.runners.model.FrameworkMethod$1.runReflectiveCall(FrameworkMethod.java:47)
	at org.junit.internal.runners.model.ReflectiveCallable.run(ReflectiveCallable.java:12)
	at org.junit.runners.model.FrameworkMethod.invokeExplosively(FrameworkMethod.java:44)
	at org.junit.internal.runners.statements.InvokeMethod.evaluate(InvokeMethod.java:17)
	at org.junit.runners.ParentRunner.runLeaf(ParentRunner.java:271)
	at org.junit.runners.BlockJUnit4ClassRunner.runChild(BlockJUnit4ClassRunner.java:70)
	at org.junit.runners.BlockJUnit4ClassRunner.runChild(BlockJUnit4ClassRunner.java:50)
	at org.junit.runners.ParentRunner$3.run(ParentRunner.java:238)
	at org.junit.runners.ParentRunner$1.schedule(ParentRunner.java:63)
	at org.junit.runners.ParentRunner.runChildren(ParentRunner.java:236)
	at org.junit.runners.ParentRunner.access$000(ParentRunner.java:53)
	at org.junit.runners.ParentRunner$2.evaluate(ParentRunner.java:229)
	at org.junit.runners.ParentRunner.run(ParentRunner.java:309)
	at org.apache.maven.surefire.junit4.JUnit4Provider.execute(JUnit4Provider.java:365)
	at org.apache.maven.surefire.junit4.JUnit4Provider.executeWithRerun(JUnit4Provider.java:273)
	at org.apache.maven.surefire.junit4.JUnit4Provider.executeTestSet(JUnit4Provider.java:238)
	at org.apache.maven.surefire.junit4.JUnit4Provider.invoke(JUnit4Provider.java:159)
	at org.apache.maven.surefire.booter.ForkedBooter.invokeProviderInSameClassLoader(ForkedBooter.java:384)
	at org.apache.maven.surefire.booter.ForkedBooter.runSuitesInProcess(ForkedBooter.java:345)
	at org.apache.maven.surefire.booter.ForkedBooter.execute(ForkedBooter.java:126)
	at org.apache.maven.surefire.booter.ForkedBooter.main(ForkedBooter.java:418)
2019-10-07 10:54:00,693 [Thread-2647] INFO  client.GrpcClientProtocolService (GrpcClientProtocolService.java:lambda$processClientRequest$0(278)) - Failed RaftClientRequest:client-7F7A1B232E38->36416ac6-6aa8-473c-bdd6-7540be97e6e8@group-5FB194A6CEC0, cid=105, seq=0, Watch-MAJORITY_COMMITTED(3), Message:<EMPTY>, reply=RaftClientReply:client-7F7A1B232E38->36416ac6-6aa8-473c-bdd6-7540be97e6e8@group-5FB194A6CEC0, cid=105, FAILED org.apache.ratis.protocol.NotLeaderException: Server 36416ac6-6aa8-473c-bdd6-7540be97e6e8@group-5FB194A6CEC0 is not the leader 20195c7f-f776-4f87-a7b3-d6dc926a8b4d:192.168.5.148:38224, logIndex=0, commits[36416ac6-6aa8-473c-bdd6-7540be97e6e8:c4, 296cec83-c9ad-42f6-99b8-eb602f6667cc:c2, 20195c7f-f776-4f87-a7b3-d6dc926a8b4d:c4]
2019-10-07 10:54:00,728 [grpc-default-executor-7] WARN  server.GrpcLogAppender (LogUtils.java:warn(134)) - f0c02f1b-7192-45ee-be91-59a0f18f6150@group-9C0F0BB22B1E->24476e73-5d23-4249-9898-8edc248c0287-AppendLogResponseHandler: Failed appendEntries: org.apache.ratis.thirdparty.io.grpc.StatusRuntimeException: UNAVAILABLE: io exception
2019-10-07 10:54:00,729 [grpc-default-executor-1] WARN  server.GrpcLogAppender (LogUtils.java:warn(134)) - f0c02f1b-7192-45ee-be91-59a0f18f6150@group-9C0F0BB22B1E->9feb3379-7171-4df4-b299-4b714504f75e-AppendLogResponseHandler: Failed appendEntries: org.apache.ratis.thirdparty.io.grpc.StatusRuntimeException: UNAVAILABLE: io exception
2019-10-07 10:54:00,729 [grpc-default-executor-7] INFO  impl.FollowerInfo (FollowerInfo.java:lambda$new$0(51)) - f0c02f1b-7192-45ee-be91-59a0f18f6150@group-9C0F0BB22B1E->24476e73-5d23-4249-9898-8edc248c0287: nextIndex: updateUnconditionally 0 -> 0
2019-10-07 10:54:00,729 [grpc-default-executor-1] INFO  impl.FollowerInfo (FollowerInfo.java:lambda$new$0(51)) - f0c02f1b-7192-45ee-be91-59a0f18f6150@group-9C0F0BB22B1E->9feb3379-7171-4df4-b299-4b714504f75e: nextIndex: updateUnconditionally 0 -> 0
2019-10-07 10:54:02,568 [grpc-default-executor-1] WARN  server.GrpcLogAppender (LogUtils.java:warn(134)) - 20195c7f-f776-4f87-a7b3-d6dc926a8b4d@group-5FB194A6CEC0->296cec83-c9ad-42f6-99b8-eb602f6667cc-AppendLogResponseHandler: Failed appendEntries: org.apache.ratis.thirdparty.io.grpc.StatusRuntimeException: UNAVAILABLE: io exception
2019-10-07 10:54:02,570 [grpc-default-executor-1] INFO  impl.FollowerInfo (FollowerInfo.java:lambda$new$0(51)) - 20195c7f-f776-4f87-a7b3-d6dc926a8b4d@group-5FB194A6CEC0->296cec83-c9ad-42f6-99b8-eb602f6667cc: nextIndex: updateUnconditionally 1 -> 0
2019-10-07 10:54:03,230 [grpc-default-executor-1] WARN  server.GrpcLogAppender (LogUtils.java:warn(134)) - f0c02f1b-7192-45ee-be91-59a0f18f6150@group-9C0F0BB22B1E->24476e73-5d23-4249-9898-8edc248c0287-AppendLogResponseHandler: Failed appendEntries: org.apache.ratis.thirdparty.io.grpc.StatusRuntimeException: UNAVAILABLE: io exception
2019-10-07 10:54:03,230 [grpc-default-executor-7] WARN  server.GrpcLogAppender (LogUtils.java:warn(134)) - f0c02f1b-7192-45ee-be91-59a0f18f6150@group-9C0F0BB22B1E->9feb3379-7171-4df4-b299-4b714504f75e-AppendLogResponseHandler: Failed appendEntries: org.apache.ratis.thirdparty.io.grpc.StatusRuntimeException: UNAVAILABLE: io exception
2019-10-07 10:54:03,231 [grpc-default-executor-1] INFO  impl.FollowerInfo (FollowerInfo.java:lambda$new$0(51)) - f0c02f1b-7192-45ee-be91-59a0f18f6150@group-9C0F0BB22B1E->24476e73-5d23-4249-9898-8edc248c0287: nextIndex: updateUnconditionally 0 -> 0
2019-10-07 10:54:03,231 [grpc-default-executor-7] INFO  impl.FollowerInfo (FollowerInfo.java:lambda$new$0(51)) - f0c02f1b-7192-45ee-be91-59a0f18f6150@group-9C0F0BB22B1E->9feb3379-7171-4df4-b299-4b714504f75e: nextIndex: updateUnconditionally 0 -> 0
]]></system-out>
    <system-err><![CDATA[Oct 07, 2019 10:53:57 AM org.apache.ratis.thirdparty.io.grpc.internal.SerializingExecutor run
SEVERE: Exception while executing runnable org.apache.ratis.thirdparty.io.grpc.internal.ServerImpl$JumpToApplicationThreadServerStreamListener$1Closed@76ae9121
org.apache.ratis.thirdparty.io.grpc.StatusRuntimeException: CANCELLED: call already cancelled
	at org.apache.ratis.thirdparty.io.grpc.Status.asRuntimeException(Status.java:517)
	at org.apache.ratis.thirdparty.io.grpc.stub.ServerCalls$ServerCallStreamObserverImpl.onCompleted(ServerCalls.java:356)
	at org.apache.ratis.grpc.server.GrpcServerProtocolService$ServerRequestStreamObserver.onError(GrpcServerProtocolService.java:121)
	at org.apache.ratis.thirdparty.io.grpc.stub.ServerCalls$StreamingServerCallHandler$StreamingServerCallListener.onCancel(ServerCalls.java:269)
	at org.apache.ratis.thirdparty.io.grpc.internal.ServerCallImpl$ServerStreamListenerImpl.closed(ServerCallImpl.java:293)
	at org.apache.ratis.thirdparty.io.grpc.internal.ServerImpl$JumpToApplicationThreadServerStreamListener$1Closed.runInContext(ServerImpl.java:741)
	at org.apache.ratis.thirdparty.io.grpc.internal.ContextRunnable.run(ContextRunnable.java:37)
	at org.apache.ratis.thirdparty.io.grpc.internal.SerializingExecutor.run(SerializingExecutor.java:123)
	at java.util.concurrent.ThreadPoolExecutor.runWorker(ThreadPoolExecutor.java:1149)
	at java.util.concurrent.ThreadPoolExecutor$Worker.run(ThreadPoolExecutor.java:624)
	at java.lang.Thread.run(Thread.java:748)

]]></system-err>
  </testcase>
</testsuite>