<?xml version="1.0" encoding="UTF-8"?>
<testsuite xmlns:xsi="http://www.w3.org/2001/XMLSchema-instance" xsi:noNamespaceSchemaLocation="https://maven.apache.org/surefire/maven-surefire-plugin/xsd/surefire-test-report.xsd" name="org.apache.hadoop.ozone.client.rpc.TestWatchForCommit" time="239.233" tests="5" errors="1" skipped="0" failures="1">
  <properties>
    <property name="awt.toolkit" value="sun.awt.X11.XToolkit"/>
    <property name="file.encoding.pkg" value="sun.io"/>
    <property name="java.specification.version" value="1.8"/>
    <property name="sun.cpu.isalist" value=""/>
    <property name="sun.jnu.encoding" value="UTF-8"/>
    <property name="java.class.path" value="/workdir/hadoop-ozone/integration-test/target/test-classes:/workdir/hadoop-ozone/integration-test/target/classes:/home/user/.m2/repository/org/apache/hadoop/hadoop-ozone-common/0.5.0-SNAPSHOT/hadoop-ozone-common-0.5.0-SNAPSHOT.jar:/home/user/.m2/repository/org/apache/commons/commons-compress/1.4.1/commons-compress-1.4.1.jar:/home/user/.m2/repository/org/tukaani/xz/1.0/xz-1.0.jar:/home/user/.m2/repository/org/apache/hadoop/hadoop-common/3.2.0/hadoop-common-3.2.0.jar:/home/user/.m2/repository/org/apache/hadoop/hadoop-hdfs/3.2.0/hadoop-hdfs-3.2.0.jar:/home/user/.m2/repository/org/apache/hadoop/hadoop-hdfs-client/3.2.0/hadoop-hdfs-client-3.2.0.jar:/home/user/.m2/repository/com/fasterxml/jackson/core/jackson-annotations/2.9.9/jackson-annotations-2.9.9.jar:/home/user/.m2/repository/org/apache/hadoop/hadoop-hdds-common/0.5.0-SNAPSHOT/hadoop-hdds-common-0.5.0-SNAPSHOT.jar:/home/user/.m2/repository/javax/annotation/javax.annotation-api/1.2/javax.annotation-api-1.2.jar:/home/user/.m2/repository/org/apache/ratis/ratis-server/0.5.0-201fc85-SNAPSHOT/ratis-server-0.5.0-201fc85-SNAPSHOT.jar:/home/user/.m2/repository/org/apache/ratis/ratis-thirdparty-misc/0.2.0/ratis-thirdparty-misc-0.2.0.jar:/home/user/.m2/repository/org/apache/ratis/ratis-proto/0.5.0-201fc85-SNAPSHOT/ratis-proto-0.5.0-201fc85-SNAPSHOT.jar:/home/user/.m2/repository/org/apache/ratis/ratis-common/0.5.0-201fc85-SNAPSHOT/ratis-common-0.5.0-201fc85-SNAPSHOT.jar:/home/user/.m2/repository/org/apache/ratis/ratis-client/0.5.0-201fc85-SNAPSHOT/ratis-client-0.5.0-201fc85-SNAPSHOT.jar:/home/user/.m2/repository/org/apache/ratis/ratis-metrics/0.5.0-201fc85-SNAPSHOT/ratis-metrics-0.5.0-201fc85-SNAPSHOT.jar:/home/user/.m2/repository/com/github/joshelser/dropwizard-metrics-hadoop-metrics2-reporter/0.1.2/dropwizard-metrics-hadoop-metrics2-reporter-0.1.2.jar:/home/user/.m2/repository/io/dropwizard/metrics/metrics-jvm/3.2.5/metrics-jvm-3.2.5.jar:/home/user/.m2/repository/io/dropwizard/metrics/metrics-ganglia/3.2.5/metrics-ganglia-3.2.5.jar:/home/user/.m2/repository/info/ganglia/gmetric4j/gmetric4j/1.0.7/gmetric4j-1.0.7.jar:/home/user/.m2/repository/org/apache/ratis/ratis-netty/0.5.0-201fc85-SNAPSHOT/ratis-netty-0.5.0-201fc85-SNAPSHOT.jar:/home/user/.m2/repository/org/apache/ratis/ratis-grpc/0.5.0-201fc85-SNAPSHOT/ratis-grpc-0.5.0-201fc85-SNAPSHOT.jar:/home/user/.m2/repository/org/rocksdb/rocksdbjni/6.0.1/rocksdbjni-6.0.1.jar:/home/user/.m2/repository/org/apache/logging/log4j/log4j-api/2.11.0/log4j-api-2.11.0.jar:/home/user/.m2/repository/org/apache/logging/log4j/log4j-core/2.11.0/log4j-core-2.11.0.jar:/home/user/.m2/repository/com/lmax/disruptor/3.4.2/disruptor-3.4.2.jar:/home/user/.m2/repository/org/apache/commons/commons-pool2/2.6.0/commons-pool2-2.6.0.jar:/home/user/.m2/repository/org/bouncycastle/bcpkix-jdk15on/1.60/bcpkix-jdk15on-1.60.jar:/home/user/.m2/repository/commons-validator/commons-validator/1.6/commons-validator-1.6.jar:/home/user/.m2/repository/commons-digester/commons-digester/1.8.1/commons-digester-1.8.1.jar:/home/user/.m2/repository/io/jaegertracing/jaeger-client/0.34.0/jaeger-client-0.34.0.jar:/home/user/.m2/repository/io/jaegertracing/jaeger-thrift/0.34.0/jaeger-thrift-0.34.0.jar:/home/user/.m2/repository/org/apache/thrift/libthrift/0.12.0/libthrift-0.12.0.jar:/home/user/.m2/repository/com/squareup/okhttp3/okhttp/3.9.0/okhttp-3.9.0.jar:/home/user/.m2/repository/com/squareup/okio/okio/1.13.0/okio-1.13.0.jar:/home/user/.m2/repository/io/jaegertracing/jaeger-core/0.34.0/jaeger-core-0.34.0.jar:/home/user/.m2/repository/io/jaegertracing/jaeger-tracerresolver/0.34.0/jaeger-tracerresolver-0.34.0.jar:/home/user/.m2/repository/io/opentracing/contrib/opentracing-tracerresolver/0.1.5/opentracing-tracerresolver-0.1.5.jar:/home/user/.m2/repository/io/opentracing/opentracing-util/0.31.0/opentracing-util-0.31.0.jar:/home/user/.m2/repository/io/opentracing/opentracing-api/0.31.0/opentracing-api-0.31.0.jar:/home/user/.m2/repository/io/opentracing/opentracing-noop/0.31.0/opentracing-noop-0.31.0.jar:/home/user/.m2/repository/org/apache/hadoop/hadoop-hdds-server-framework/0.5.0-SNAPSHOT/hadoop-hdds-server-framework-0.5.0-SNAPSHOT.jar:/home/user/.m2/repository/org/apache/hadoop/hadoop-hdds-container-service/0.5.0-SNAPSHOT/hadoop-hdds-container-service-0.5.0-SNAPSHOT.jar:/home/user/.m2/repository/org/apache/hadoop/hadoop-hdds-client/0.5.0-SNAPSHOT/hadoop-hdds-client-0.5.0-SNAPSHOT.jar:/home/user/.m2/repository/org/apache/hadoop/hadoop-hdds-tools/0.5.0-SNAPSHOT/hadoop-hdds-tools-0.5.0-SNAPSHOT.jar:/home/user/.m2/repository/org/apache/hadoop/hadoop-hdds-server-scm/0.5.0-SNAPSHOT/hadoop-hdds-server-scm-0.5.0-SNAPSHOT.jar:/home/user/.m2/repository/org/apache/hadoop/hadoop-hdds-docs/0.5.0-SNAPSHOT/hadoop-hdds-docs-0.5.0-SNAPSHOT.jar:/home/user/.m2/repository/io/dropwizard/metrics/metrics-core/3.2.4/metrics-core-3.2.4.jar:/home/user/.m2/repository/org/hamcrest/hamcrest-all/1.3/hamcrest-all-1.3.jar:/home/user/.m2/repository/org/bouncycastle/bcprov-jdk15on/1.60/bcprov-jdk15on-1.60.jar:/home/user/.m2/repository/info/picocli/picocli/3.9.6/picocli-3.9.6.jar:/home/user/.m2/repository/com/google/protobuf/protobuf-java/2.5.0/protobuf-java-2.5.0.jar:/home/user/.m2/repository/com/google/guava/guava/11.0.2/guava-11.0.2.jar:/home/user/.m2/repository/org/apache/hadoop/hadoop-ozone-ozone-manager/0.5.0-SNAPSHOT/hadoop-ozone-ozone-manager-0.5.0-SNAPSHOT.jar:/home/user/.m2/repository/org/apache/hadoop/hadoop-minikdc/3.2.0/hadoop-minikdc-3.2.0.jar:/home/user/.m2/repository/commons-io/commons-io/2.5/commons-io-2.5.jar:/home/user/.m2/repository/org/apache/kerby/kerb-simplekdc/1.0.1/kerb-simplekdc-1.0.1.jar:/home/user/.m2/repository/org/apache/kerby/kerb-client/1.0.1/kerb-client-1.0.1.jar:/home/user/.m2/repository/org/apache/kerby/kerby-config/1.0.1/kerby-config-1.0.1.jar:/home/user/.m2/repository/org/apache/kerby/kerb-core/1.0.1/kerb-core-1.0.1.jar:/home/user/.m2/repository/org/apache/kerby/kerby-pkix/1.0.1/kerby-pkix-1.0.1.jar:/home/user/.m2/repository/org/apache/kerby/kerby-asn1/1.0.1/kerby-asn1-1.0.1.jar:/home/user/.m2/repository/org/apache/kerby/kerby-util/1.0.1/kerby-util-1.0.1.jar:/home/user/.m2/repository/org/apache/kerby/kerb-common/1.0.1/kerb-common-1.0.1.jar:/home/user/.m2/repository/org/apache/kerby/kerb-crypto/1.0.1/kerb-crypto-1.0.1.jar:/home/user/.m2/repository/org/apache/kerby/kerb-util/1.0.1/kerb-util-1.0.1.jar:/home/user/.m2/repository/org/apache/kerby/token-provider/1.0.1/token-provider-1.0.1.jar:/home/user/.m2/repository/org/apache/kerby/kerb-admin/1.0.1/kerb-admin-1.0.1.jar:/home/user/.m2/repository/org/apache/kerby/kerb-server/1.0.1/kerb-server-1.0.1.jar:/home/user/.m2/repository/org/apache/kerby/kerb-identity/1.0.1/kerb-identity-1.0.1.jar:/home/user/.m2/repository/org/apache/kerby/kerby-xdr/1.0.1/kerby-xdr-1.0.1.jar:/home/user/.m2/repository/org/slf4j/slf4j-log4j12/1.7.25/slf4j-log4j12-1.7.25.jar:/home/user/.m2/repository/org/apache/hadoop/hadoop-ozone-s3gateway/0.5.0-SNAPSHOT/hadoop-ozone-s3gateway-0.5.0-SNAPSHOT.jar:/home/user/.m2/repository/org/jboss/weld/servlet/weld-servlet/2.4.7.Final/weld-servlet-2.4.7.Final.jar:/home/user/.m2/repository/org/glassfish/jersey/containers/jersey-container-servlet-core/2.27/jersey-container-servlet-core-2.27.jar:/home/user/.m2/repository/org/glassfish/hk2/external/javax.inject/2.5.0-b42/javax.inject-2.5.0-b42.jar:/home/user/.m2/repository/org/glassfish/jersey/core/jersey-common/2.27/jersey-common-2.27.jar:/home/user/.m2/repository/org/glassfish/hk2/osgi-resource-locator/1.0.1/osgi-resource-locator-1.0.1.jar:/home/user/.m2/repository/javax/ws/rs/javax.ws.rs-api/2.1/javax.ws.rs-api-2.1.jar:/home/user/.m2/repository/org/glassfish/jersey/ext/cdi/jersey-cdi1x/2.27/jersey-cdi1x-2.27.jar:/home/user/.m2/repository/org/glassfish/jersey/inject/jersey-hk2/2.27/jersey-hk2-2.27.jar:/home/user/.m2/repository/org/glassfish/hk2/hk2-locator/2.5.0-b42/hk2-locator-2.5.0-b42.jar:/home/user/.m2/repository/org/javassist/javassist/3.22.0-CR2/javassist-3.22.0-CR2.jar:/home/user/.m2/repository/org/glassfish/hk2/hk2-api/2.5.0/hk2-api-2.5.0.jar:/home/user/.m2/repository/org/glassfish/hk2/external/jakarta.inject/2.5.0/jakarta.inject-2.5.0.jar:/home/user/.m2/repository/org/glassfish/hk2/hk2-utils/2.5.0/hk2-utils-2.5.0.jar:/home/user/.m2/repository/jakarta/annotation/jakarta.annotation-api/1.3.4/jakarta.annotation-api-1.3.4.jar:/home/user/.m2/repository/org/glassfish/hk2/external/aopalliance-repackaged/2.5.0/aopalliance-repackaged-2.5.0.jar:/home/user/.m2/repository/com/fasterxml/jackson/dataformat/jackson-dataformat-xml/2.9.0/jackson-dataformat-xml-2.9.0.jar:/home/user/.m2/repository/com/fasterxml/jackson/core/jackson-core/2.9.9/jackson-core-2.9.9.jar:/home/user/.m2/repository/com/fasterxml/jackson/module/jackson-module-jaxb-annotations/2.9.9/jackson-module-jaxb-annotations-2.9.9.jar:/home/user/.m2/repository/javax/enterprise/cdi-api/1.2/cdi-api-1.2.jar:/home/user/.m2/repository/javax/el/javax.el-api/3.0.0/javax.el-api-3.0.0.jar:/home/user/.m2/repository/javax/interceptor/javax.interceptor-api/1.2/javax.interceptor-api-1.2.jar:/home/user/.m2/repository/javax/inject/javax.inject/1/javax.inject-1.jar:/home/user/.m2/repository/com/sun/xml/bind/jaxb-impl/2.3.0.1/jaxb-impl-2.3.0.1.jar:/home/user/.m2/repository/com/sun/xml/bind/jaxb-core/2.3.0.1/jaxb-core-2.3.0.1.jar:/home/user/.m2/repository/javax/xml/bind/jaxb-api/2.3.0/jaxb-api-2.3.0.jar:/home/user/.m2/repository/javax/activation/activation/1.1.1/activation-1.1.1.jar:/home/user/.m2/repository/org/apache/hadoop/hadoop-ozone-csi/0.5.0-SNAPSHOT/hadoop-ozone-csi-0.5.0-SNAPSHOT.jar:/home/user/.m2/repository/com/google/protobuf/protobuf-java-util/3.5.1/protobuf-java-util-3.5.1.jar:/home/user/.m2/repository/org/apache/hadoop/hadoop-hdds-config/0.5.0-SNAPSHOT/hadoop-hdds-config-0.5.0-SNAPSHOT.jar:/home/user/.m2/repository/io/grpc/grpc-netty/1.17.1/grpc-netty-1.17.1.jar:/home/user/.m2/repository/io/grpc/grpc-core/1.17.1/grpc-core-1.17.1.jar:/home/user/.m2/repository/io/grpc/grpc-context/1.17.1/grpc-context-1.17.1.jar:/home/user/.m2/repository/com/google/errorprone/error_prone_annotations/2.2.0/error_prone_annotations-2.2.0.jar:/home/user/.m2/repository/org/codehaus/mojo/animal-sniffer-annotations/1.17/animal-sniffer-annotations-1.17.jar:/home/user/.m2/repository/io/opencensus/opencensus-api/0.17.0/opencensus-api-0.17.0.jar:/home/user/.m2/repository/io/opencensus/opencensus-contrib-grpc-metrics/0.17.0/opencensus-contrib-grpc-metrics-0.17.0.jar:/home/user/.m2/repository/io/netty/netty-codec-http2/4.1.30.Final/netty-codec-http2-4.1.30.Final.jar:/home/user/.m2/repository/io/netty/netty-codec-http/4.1.30.Final/netty-codec-http-4.1.30.Final.jar:/home/user/.m2/repository/io/netty/netty-codec/4.1.30.Final/netty-codec-4.1.30.Final.jar:/home/user/.m2/repository/io/netty/netty-handler/4.1.30.Final/netty-handler-4.1.30.Final.jar:/home/user/.m2/repository/io/netty/netty-handler-proxy/4.1.30.Final/netty-handler-proxy-4.1.30.Final.jar:/home/user/.m2/repository/io/netty/netty-codec-socks/4.1.30.Final/netty-codec-socks-4.1.30.Final.jar:/home/user/.m2/repository/io/netty/netty-transport-native-epoll/4.1.30.Final/netty-transport-native-epoll-4.1.30.Final.jar:/home/user/.m2/repository/io/netty/netty-common/4.1.30.Final/netty-common-4.1.30.Final.jar:/home/user/.m2/repository/io/netty/netty-buffer/4.1.30.Final/netty-buffer-4.1.30.Final.jar:/home/user/.m2/repository/io/netty/netty-transport/4.1.30.Final/netty-transport-4.1.30.Final.jar:/home/user/.m2/repository/io/netty/netty-resolver/4.1.30.Final/netty-resolver-4.1.30.Final.jar:/home/user/.m2/repository/io/netty/netty-transport-native-unix-common/4.1.30.Final/netty-transport-native-unix-common-4.1.30.Final.jar:/home/user/.m2/repository/io/grpc/grpc-protobuf/1.17.1/grpc-protobuf-1.17.1.jar:/home/user/.m2/repository/com/google/api/grpc/proto-google-common-protos/1.0.0/proto-google-common-protos-1.0.0.jar:/home/user/.m2/repository/io/grpc/grpc-protobuf-lite/1.17.1/grpc-protobuf-lite-1.17.1.jar:/home/user/.m2/repository/io/grpc/grpc-stub/1.17.1/grpc-stub-1.17.1.jar:/home/user/.m2/repository/org/apache/hadoop/hadoop-ozone-recon/0.5.0-SNAPSHOT/hadoop-ozone-recon-0.5.0-SNAPSHOT.jar:/home/user/.m2/repository/org/apache/hadoop/hadoop-ozone-reconcodegen/0.5.0-SNAPSHOT/hadoop-ozone-reconcodegen-0.5.0-SNAPSHOT.jar:/home/user/.m2/repository/com/google/inject/extensions/guice-multibindings/4.0/guice-multibindings-4.0.jar:/home/user/.m2/repository/com/google/inject/guice/4.0/guice-4.0.jar:/home/user/.m2/repository/aopalliance/aopalliance/1.0/aopalliance-1.0.jar:/home/user/.m2/repository/com/google/inject/extensions/guice-servlet/4.0/guice-servlet-4.0.jar:/home/user/.m2/repository/org/glassfish/jersey/containers/jersey-container-servlet/2.27/jersey-container-servlet-2.27.jar:/home/user/.m2/repository/org/glassfish/hk2/guice-bridge/2.5.0/guice-bridge-2.5.0.jar:/home/user/.m2/repository/org/glassfish/jersey/core/jersey-server/2.27/jersey-server-2.27.jar:/home/user/.m2/repository/org/glassfish/jersey/core/jersey-client/2.27/jersey-client-2.27.jar:/home/user/.m2/repository/org/glassfish/jersey/media/jersey-media-jaxb/2.27/jersey-media-jaxb-2.27.jar:/home/user/.m2/repository/javax/validation/validation-api/1.1.0.Final/validation-api-1.1.0.Final.jar:/home/user/.m2/repository/org/glassfish/jersey/media/jersey-media-json-jackson/2.27/jersey-media-json-jackson-2.27.jar:/home/user/.m2/repository/org/glassfish/jersey/ext/jersey-entity-filtering/2.27/jersey-entity-filtering-2.27.jar:/home/user/.m2/repository/com/google/inject/extensions/guice-assistedinject/4.0/guice-assistedinject-4.0.jar:/home/user/.m2/repository/org/jooq/jooq/3.11.10/jooq-3.11.10.jar:/home/user/.m2/repository/org/jooq/jooq-meta/3.11.10/jooq-meta-3.11.10.jar:/home/user/.m2/repository/org/jooq/jooq-codegen/3.11.10/jooq-codegen-3.11.10.jar:/home/user/.m2/repository/com/jolbox/bonecp/0.8.0.RELEASE/bonecp-0.8.0.RELEASE.jar:/home/user/.m2/repository/org/xerial/sqlite-jdbc/3.25.2/sqlite-jdbc-3.25.2.jar:/home/user/.m2/repository/org/springframework/spring-jdbc/5.1.3.RELEASE/spring-jdbc-5.1.3.RELEASE.jar:/home/user/.m2/repository/org/springframework/spring-beans/5.1.3.RELEASE/spring-beans-5.1.3.RELEASE.jar:/home/user/.m2/repository/org/springframework/spring-core/5.1.3.RELEASE/spring-core-5.1.3.RELEASE.jar:/home/user/.m2/repository/org/springframework/spring-jcl/5.1.3.RELEASE/spring-jcl-5.1.3.RELEASE.jar:/home/user/.m2/repository/org/springframework/spring-tx/5.1.3.RELEASE/spring-tx-5.1.3.RELEASE.jar:/home/user/.m2/repository/org/apache/hadoop/hadoop-ozone-client/0.5.0-SNAPSHOT/hadoop-ozone-client-0.5.0-SNAPSHOT.jar:/home/user/.m2/repository/commons-lang/commons-lang/2.6/commons-lang-2.6.jar:/home/user/.m2/repository/org/apache/hadoop/hadoop-ozone-ozone-manager/0.5.0-SNAPSHOT/hadoop-ozone-ozone-manager-0.5.0-SNAPSHOT-tests.jar:/home/user/.m2/repository/junit/junit/4.11/junit-4.11.jar:/home/user/.m2/repository/org/hamcrest/hamcrest-core/1.3/hamcrest-core-1.3.jar:/home/user/.m2/repository/org/openjdk/jmh/jmh-core/1.19/jmh-core-1.19.jar:/home/user/.m2/repository/net/sf/jopt-simple/jopt-simple/4.6/jopt-simple-4.6.jar:/home/user/.m2/repository/org/apache/commons/commons-math3/3.1.1/commons-math3-3.1.1.jar:/home/user/.m2/repository/org/openjdk/jmh/jmh-generator-annprocess/1.19/jmh-generator-annprocess-1.19.jar:/home/user/.m2/repository/org/mockito/mockito-all/1.8.5/mockito-all-1.8.5.jar:/home/user/.m2/repository/org/apache/hadoop/hadoop-kms/3.2.0/hadoop-kms-3.2.0.jar:/home/user/.m2/repository/org/apache/hadoop/hadoop-auth/3.2.0/hadoop-auth-3.2.0.jar:/home/user/.m2/repository/com/nimbusds/nimbus-jose-jwt/4.41.1/nimbus-jose-jwt-4.41.1.jar:/home/user/.m2/repository/com/github/stephenc/jcip/jcip-annotations/1.0-1/jcip-annotations-1.0-1.jar:/home/user/.m2/repository/net/minidev/json-smart/2.3/json-smart-2.3.jar:/home/user/.m2/repository/net/minidev/accessors-smart/1.2/accessors-smart-1.2.jar:/home/user/.m2/repository/org/ow2/asm/asm/5.0.4/asm-5.0.4.jar:/home/user/.m2/repository/org/apache/curator/curator-framework/2.12.0/curator-framework-2.12.0.jar:/home/user/.m2/repository/com/sun/jersey/jersey-core/1.19/jersey-core-1.19.jar:/home/user/.m2/repository/javax/ws/rs/jsr311-api/1.1.1/jsr311-api-1.1.1.jar:/home/user/.m2/repository/com/sun/jersey/jersey-server/1.19/jersey-server-1.19.jar:/home/user/.m2/repository/javax/servlet/javax.servlet-api/3.1.0/javax.servlet-api-3.1.0.jar:/home/user/.m2/repository/org/eclipse/jetty/jetty-server/9.3.25.v20180904/jetty-server-9.3.25.v20180904.jar:/home/user/.m2/repository/org/eclipse/jetty/jetty-http/9.3.25.v20180904/jetty-http-9.3.25.v20180904.jar:/home/user/.m2/repository/org/eclipse/jetty/jetty-io/9.3.25.v20180904/jetty-io-9.3.25.v20180904.jar:/home/user/.m2/repository/org/eclipse/jetty/jetty-webapp/9.3.25.v20180904/jetty-webapp-9.3.25.v20180904.jar:/home/user/.m2/repository/org/eclipse/jetty/jetty-xml/9.3.25.v20180904/jetty-xml-9.3.25.v20180904.jar:/home/user/.m2/repository/log4j/log4j/1.2.17/log4j-1.2.17.jar:/home/user/.m2/repository/org/slf4j/slf4j-api/1.7.25/slf4j-api-1.7.25.jar:/home/user/.m2/repository/org/slf4j/jul-to-slf4j/1.7.25/jul-to-slf4j-1.7.25.jar:/home/user/.m2/repository/org/eclipse/jetty/jetty-util/9.3.25.v20180904/jetty-util-9.3.25.v20180904.jar:/home/user/.m2/repository/com/fasterxml/jackson/core/jackson-databind/2.9.9/jackson-databind-2.9.9.jar:/home/user/.m2/repository/org/apache/hadoop/hadoop-kms/3.2.0/hadoop-kms-3.2.0-tests.jar:/home/user/.m2/repository/org/apache/hadoop/hadoop-hdds-server-scm/0.5.0-SNAPSHOT/hadoop-hdds-server-scm-0.5.0-SNAPSHOT-tests.jar:/home/user/.m2/repository/org/apache/hadoop/hadoop-hdds-container-service/0.5.0-SNAPSHOT/hadoop-hdds-container-service-0.5.0-SNAPSHOT-tests.jar:/home/user/.m2/repository/org/yaml/snakeyaml/1.16/snakeyaml-1.16.jar:/home/user/.m2/repository/org/apache/hadoop/hadoop-common/3.2.0/hadoop-common-3.2.0-tests.jar:/home/user/.m2/repository/org/apache/hadoop/hadoop-annotations/3.2.0/hadoop-annotations-3.2.0.jar:/usr/lib/jvm/java-1.8-openjdk/jre/../lib/tools.jar:/home/user/.m2/repository/commons-cli/commons-cli/1.2/commons-cli-1.2.jar:/home/user/.m2/repository/org/apache/httpcomponents/httpclient/4.5.2/httpclient-4.5.2.jar:/home/user/.m2/repository/org/apache/httpcomponents/httpcore/4.4.4/httpcore-4.4.4.jar:/home/user/.m2/repository/commons-codec/commons-codec/1.11/commons-codec-1.11.jar:/home/user/.m2/repository/commons-net/commons-net/3.6/commons-net-3.6.jar:/home/user/.m2/repository/commons-collections/commons-collections/3.2.2/commons-collections-3.2.2.jar:/home/user/.m2/repository/org/eclipse/jetty/jetty-servlet/9.3.25.v20180904/jetty-servlet-9.3.25.v20180904.jar:/home/user/.m2/repository/org/eclipse/jetty/jetty-security/9.3.25.v20180904/jetty-security-9.3.25.v20180904.jar:/home/user/.m2/repository/javax/servlet/jsp/jsp-api/2.1/jsp-api-2.1.jar:/home/user/.m2/repository/com/sun/jersey/jersey-servlet/1.19/jersey-servlet-1.19.jar:/home/user/.m2/repository/com/sun/jersey/jersey-json/1.19/jersey-json-1.19.jar:/home/user/.m2/repository/org/codehaus/jettison/jettison/1.1/jettison-1.1.jar:/home/user/.m2/repository/org/codehaus/jackson/jackson-core-asl/1.9.13/jackson-core-asl-1.9.13.jar:/home/user/.m2/repository/org/codehaus/jackson/jackson-mapper-asl/1.9.13/jackson-mapper-asl-1.9.13.jar:/home/user/.m2/repository/org/codehaus/jackson/jackson-jaxrs/1.9.13/jackson-jaxrs-1.9.13.jar:/home/user/.m2/repository/org/codehaus/jackson/jackson-xc/1.9.13/jackson-xc-1.9.13.jar:/home/user/.m2/repository/commons-logging/commons-logging/1.1.3/commons-logging-1.1.3.jar:/home/user/.m2/repository/commons-beanutils/commons-beanutils/1.9.4/commons-beanutils-1.9.4.jar:/home/user/.m2/repository/org/apache/commons/commons-configuration2/2.1.1/commons-configuration2-2.1.1.jar:/home/user/.m2/repository/org/apache/commons/commons-lang3/3.7/commons-lang3-3.7.jar:/home/user/.m2/repository/org/apache/commons/commons-text/1.4/commons-text-1.4.jar:/home/user/.m2/repository/org/apache/avro/avro/1.7.7/avro-1.7.7.jar:/home/user/.m2/repository/com/thoughtworks/paranamer/paranamer/2.3/paranamer-2.3.jar:/home/user/.m2/repository/org/xerial/snappy/snappy-java/1.0.5/snappy-java-1.0.5.jar:/home/user/.m2/repository/com/google/re2j/re2j/1.1/re2j-1.1.jar:/home/user/.m2/repository/com/google/code/gson/gson/2.2.4/gson-2.2.4.jar:/home/user/.m2/repository/com/jcraft/jsch/0.1.54/jsch-0.1.54.jar:/home/user/.m2/repository/org/apache/curator/curator-client/2.12.0/curator-client-2.12.0.jar:/home/user/.m2/repository/org/apache/curator/curator-recipes/2.12.0/curator-recipes-2.12.0.jar:/home/user/.m2/repository/com/google/code/findbugs/jsr305/3.0.0/jsr305-3.0.0.jar:/home/user/.m2/repository/org/apache/htrace/htrace-core4/4.1.0-incubating/htrace-core4-4.1.0-incubating.jar:/home/user/.m2/repository/org/apache/zookeeper/zookeeper/3.4.13/zookeeper-3.4.13.jar:/home/user/.m2/repository/jline/jline/0.9.94/jline-0.9.94.jar:/home/user/.m2/repository/org/apache/yetus/audience-annotations/0.5.0/audience-annotations-0.5.0.jar:/home/user/.m2/repository/org/codehaus/woodstox/stax2-api/3.1.4/stax2-api-3.1.4.jar:/home/user/.m2/repository/com/fasterxml/woodstox/woodstox-core/5.0.3/woodstox-core-5.0.3.jar:/home/user/.m2/repository/dnsjava/dnsjava/2.1.7/dnsjava-2.1.7.jar:/home/user/.m2/repository/org/apache/hadoop/hadoop-hdfs/3.2.0/hadoop-hdfs-3.2.0-tests.jar:/home/user/.m2/repository/org/eclipse/jetty/jetty-util-ajax/9.3.25.v20180904/jetty-util-ajax-9.3.25.v20180904.jar:/home/user/.m2/repository/commons-daemon/commons-daemon/1.0.13/commons-daemon-1.0.13.jar:/home/user/.m2/repository/io/netty/netty/3.10.5.Final/netty-3.10.5.Final.jar:/home/user/.m2/repository/io/netty/netty-all/4.0.52.Final/netty-all-4.0.52.Final.jar:/home/user/.m2/repository/org/fusesource/leveldbjni/leveldbjni-all/1.8/leveldbjni-all-1.8.jar:"/>
    <property name="java.vm.vendor" value="IcedTea"/>
    <property name="sun.arch.data.model" value="64"/>
    <property name="test.build.dir" value="/workdir/hadoop-ozone/integration-test/target/test-dir"/>
    <property name="test.cache.data" value=""/>
    <property name="java.vendor.url" value="https://icedtea.classpath.org"/>
    <property name="user.timezone" value=""/>
    <property name="java.vm.specification.version" value="1.8"/>
    <property name="os.name" value="Linux"/>
    <property name="test.build.data" value="/workdir/hadoop-ozone/integration-test/target/test-dir"/>
    <property name="user.country" value="US"/>
    <property name="sun.java.launcher" value="SUN_STANDARD"/>
    <property name="sun.boot.library.path" value="/usr/lib/jvm/java-1.8-openjdk/jre/lib/amd64"/>
    <property name="sun.java.command" value="/workdir/hadoop-ozone/integration-test/target/surefire/surefirebooter6618721379121130426.jar /workdir/hadoop-ozone/integration-test/target/surefire 2019-10-02T22-17-02_853-jvmRun1 surefire2603586205688793922tmp surefire_542226670750483471315tmp"/>
    <property name="test" value="!TestMiniChaosOzoneCluster"/>
    <property name="surefire.test.class.path" value="/workdir/hadoop-ozone/integration-test/target/test-classes:/workdir/hadoop-ozone/integration-test/target/classes:/home/user/.m2/repository/org/apache/hadoop/hadoop-ozone-common/0.5.0-SNAPSHOT/hadoop-ozone-common-0.5.0-SNAPSHOT.jar:/home/user/.m2/repository/org/apache/commons/commons-compress/1.4.1/commons-compress-1.4.1.jar:/home/user/.m2/repository/org/tukaani/xz/1.0/xz-1.0.jar:/home/user/.m2/repository/org/apache/hadoop/hadoop-common/3.2.0/hadoop-common-3.2.0.jar:/home/user/.m2/repository/org/apache/hadoop/hadoop-hdfs/3.2.0/hadoop-hdfs-3.2.0.jar:/home/user/.m2/repository/org/apache/hadoop/hadoop-hdfs-client/3.2.0/hadoop-hdfs-client-3.2.0.jar:/home/user/.m2/repository/com/fasterxml/jackson/core/jackson-annotations/2.9.9/jackson-annotations-2.9.9.jar:/home/user/.m2/repository/org/apache/hadoop/hadoop-hdds-common/0.5.0-SNAPSHOT/hadoop-hdds-common-0.5.0-SNAPSHOT.jar:/home/user/.m2/repository/javax/annotation/javax.annotation-api/1.2/javax.annotation-api-1.2.jar:/home/user/.m2/repository/org/apache/ratis/ratis-server/0.5.0-201fc85-SNAPSHOT/ratis-server-0.5.0-201fc85-SNAPSHOT.jar:/home/user/.m2/repository/org/apache/ratis/ratis-thirdparty-misc/0.2.0/ratis-thirdparty-misc-0.2.0.jar:/home/user/.m2/repository/org/apache/ratis/ratis-proto/0.5.0-201fc85-SNAPSHOT/ratis-proto-0.5.0-201fc85-SNAPSHOT.jar:/home/user/.m2/repository/org/apache/ratis/ratis-common/0.5.0-201fc85-SNAPSHOT/ratis-common-0.5.0-201fc85-SNAPSHOT.jar:/home/user/.m2/repository/org/apache/ratis/ratis-client/0.5.0-201fc85-SNAPSHOT/ratis-client-0.5.0-201fc85-SNAPSHOT.jar:/home/user/.m2/repository/org/apache/ratis/ratis-metrics/0.5.0-201fc85-SNAPSHOT/ratis-metrics-0.5.0-201fc85-SNAPSHOT.jar:/home/user/.m2/repository/com/github/joshelser/dropwizard-metrics-hadoop-metrics2-reporter/0.1.2/dropwizard-metrics-hadoop-metrics2-reporter-0.1.2.jar:/home/user/.m2/repository/io/dropwizard/metrics/metrics-jvm/3.2.5/metrics-jvm-3.2.5.jar:/home/user/.m2/repository/io/dropwizard/metrics/metrics-ganglia/3.2.5/metrics-ganglia-3.2.5.jar:/home/user/.m2/repository/info/ganglia/gmetric4j/gmetric4j/1.0.7/gmetric4j-1.0.7.jar:/home/user/.m2/repository/org/apache/ratis/ratis-netty/0.5.0-201fc85-SNAPSHOT/ratis-netty-0.5.0-201fc85-SNAPSHOT.jar:/home/user/.m2/repository/org/apache/ratis/ratis-grpc/0.5.0-201fc85-SNAPSHOT/ratis-grpc-0.5.0-201fc85-SNAPSHOT.jar:/home/user/.m2/repository/org/rocksdb/rocksdbjni/6.0.1/rocksdbjni-6.0.1.jar:/home/user/.m2/repository/org/apache/logging/log4j/log4j-api/2.11.0/log4j-api-2.11.0.jar:/home/user/.m2/repository/org/apache/logging/log4j/log4j-core/2.11.0/log4j-core-2.11.0.jar:/home/user/.m2/repository/com/lmax/disruptor/3.4.2/disruptor-3.4.2.jar:/home/user/.m2/repository/org/apache/commons/commons-pool2/2.6.0/commons-pool2-2.6.0.jar:/home/user/.m2/repository/org/bouncycastle/bcpkix-jdk15on/1.60/bcpkix-jdk15on-1.60.jar:/home/user/.m2/repository/commons-validator/commons-validator/1.6/commons-validator-1.6.jar:/home/user/.m2/repository/commons-digester/commons-digester/1.8.1/commons-digester-1.8.1.jar:/home/user/.m2/repository/io/jaegertracing/jaeger-client/0.34.0/jaeger-client-0.34.0.jar:/home/user/.m2/repository/io/jaegertracing/jaeger-thrift/0.34.0/jaeger-thrift-0.34.0.jar:/home/user/.m2/repository/org/apache/thrift/libthrift/0.12.0/libthrift-0.12.0.jar:/home/user/.m2/repository/com/squareup/okhttp3/okhttp/3.9.0/okhttp-3.9.0.jar:/home/user/.m2/repository/com/squareup/okio/okio/1.13.0/okio-1.13.0.jar:/home/user/.m2/repository/io/jaegertracing/jaeger-core/0.34.0/jaeger-core-0.34.0.jar:/home/user/.m2/repository/io/jaegertracing/jaeger-tracerresolver/0.34.0/jaeger-tracerresolver-0.34.0.jar:/home/user/.m2/repository/io/opentracing/contrib/opentracing-tracerresolver/0.1.5/opentracing-tracerresolver-0.1.5.jar:/home/user/.m2/repository/io/opentracing/opentracing-util/0.31.0/opentracing-util-0.31.0.jar:/home/user/.m2/repository/io/opentracing/opentracing-api/0.31.0/opentracing-api-0.31.0.jar:/home/user/.m2/repository/io/opentracing/opentracing-noop/0.31.0/opentracing-noop-0.31.0.jar:/home/user/.m2/repository/org/apache/hadoop/hadoop-hdds-server-framework/0.5.0-SNAPSHOT/hadoop-hdds-server-framework-0.5.0-SNAPSHOT.jar:/home/user/.m2/repository/org/apache/hadoop/hadoop-hdds-container-service/0.5.0-SNAPSHOT/hadoop-hdds-container-service-0.5.0-SNAPSHOT.jar:/home/user/.m2/repository/org/apache/hadoop/hadoop-hdds-client/0.5.0-SNAPSHOT/hadoop-hdds-client-0.5.0-SNAPSHOT.jar:/home/user/.m2/repository/org/apache/hadoop/hadoop-hdds-tools/0.5.0-SNAPSHOT/hadoop-hdds-tools-0.5.0-SNAPSHOT.jar:/home/user/.m2/repository/org/apache/hadoop/hadoop-hdds-server-scm/0.5.0-SNAPSHOT/hadoop-hdds-server-scm-0.5.0-SNAPSHOT.jar:/home/user/.m2/repository/org/apache/hadoop/hadoop-hdds-docs/0.5.0-SNAPSHOT/hadoop-hdds-docs-0.5.0-SNAPSHOT.jar:/home/user/.m2/repository/io/dropwizard/metrics/metrics-core/3.2.4/metrics-core-3.2.4.jar:/home/user/.m2/repository/org/hamcrest/hamcrest-all/1.3/hamcrest-all-1.3.jar:/home/user/.m2/repository/org/bouncycastle/bcprov-jdk15on/1.60/bcprov-jdk15on-1.60.jar:/home/user/.m2/repository/info/picocli/picocli/3.9.6/picocli-3.9.6.jar:/home/user/.m2/repository/com/google/protobuf/protobuf-java/2.5.0/protobuf-java-2.5.0.jar:/home/user/.m2/repository/com/google/guava/guava/11.0.2/guava-11.0.2.jar:/home/user/.m2/repository/org/apache/hadoop/hadoop-ozone-ozone-manager/0.5.0-SNAPSHOT/hadoop-ozone-ozone-manager-0.5.0-SNAPSHOT.jar:/home/user/.m2/repository/org/apache/hadoop/hadoop-minikdc/3.2.0/hadoop-minikdc-3.2.0.jar:/home/user/.m2/repository/commons-io/commons-io/2.5/commons-io-2.5.jar:/home/user/.m2/repository/org/apache/kerby/kerb-simplekdc/1.0.1/kerb-simplekdc-1.0.1.jar:/home/user/.m2/repository/org/apache/kerby/kerb-client/1.0.1/kerb-client-1.0.1.jar:/home/user/.m2/repository/org/apache/kerby/kerby-config/1.0.1/kerby-config-1.0.1.jar:/home/user/.m2/repository/org/apache/kerby/kerb-core/1.0.1/kerb-core-1.0.1.jar:/home/user/.m2/repository/org/apache/kerby/kerby-pkix/1.0.1/kerby-pkix-1.0.1.jar:/home/user/.m2/repository/org/apache/kerby/kerby-asn1/1.0.1/kerby-asn1-1.0.1.jar:/home/user/.m2/repository/org/apache/kerby/kerby-util/1.0.1/kerby-util-1.0.1.jar:/home/user/.m2/repository/org/apache/kerby/kerb-common/1.0.1/kerb-common-1.0.1.jar:/home/user/.m2/repository/org/apache/kerby/kerb-crypto/1.0.1/kerb-crypto-1.0.1.jar:/home/user/.m2/repository/org/apache/kerby/kerb-util/1.0.1/kerb-util-1.0.1.jar:/home/user/.m2/repository/org/apache/kerby/token-provider/1.0.1/token-provider-1.0.1.jar:/home/user/.m2/repository/org/apache/kerby/kerb-admin/1.0.1/kerb-admin-1.0.1.jar:/home/user/.m2/repository/org/apache/kerby/kerb-server/1.0.1/kerb-server-1.0.1.jar:/home/user/.m2/repository/org/apache/kerby/kerb-identity/1.0.1/kerb-identity-1.0.1.jar:/home/user/.m2/repository/org/apache/kerby/kerby-xdr/1.0.1/kerby-xdr-1.0.1.jar:/home/user/.m2/repository/org/slf4j/slf4j-log4j12/1.7.25/slf4j-log4j12-1.7.25.jar:/home/user/.m2/repository/org/apache/hadoop/hadoop-ozone-s3gateway/0.5.0-SNAPSHOT/hadoop-ozone-s3gateway-0.5.0-SNAPSHOT.jar:/home/user/.m2/repository/org/jboss/weld/servlet/weld-servlet/2.4.7.Final/weld-servlet-2.4.7.Final.jar:/home/user/.m2/repository/org/glassfish/jersey/containers/jersey-container-servlet-core/2.27/jersey-container-servlet-core-2.27.jar:/home/user/.m2/repository/org/glassfish/hk2/external/javax.inject/2.5.0-b42/javax.inject-2.5.0-b42.jar:/home/user/.m2/repository/org/glassfish/jersey/core/jersey-common/2.27/jersey-common-2.27.jar:/home/user/.m2/repository/org/glassfish/hk2/osgi-resource-locator/1.0.1/osgi-resource-locator-1.0.1.jar:/home/user/.m2/repository/javax/ws/rs/javax.ws.rs-api/2.1/javax.ws.rs-api-2.1.jar:/home/user/.m2/repository/org/glassfish/jersey/ext/cdi/jersey-cdi1x/2.27/jersey-cdi1x-2.27.jar:/home/user/.m2/repository/org/glassfish/jersey/inject/jersey-hk2/2.27/jersey-hk2-2.27.jar:/home/user/.m2/repository/org/glassfish/hk2/hk2-locator/2.5.0-b42/hk2-locator-2.5.0-b42.jar:/home/user/.m2/repository/org/javassist/javassist/3.22.0-CR2/javassist-3.22.0-CR2.jar:/home/user/.m2/repository/org/glassfish/hk2/hk2-api/2.5.0/hk2-api-2.5.0.jar:/home/user/.m2/repository/org/glassfish/hk2/external/jakarta.inject/2.5.0/jakarta.inject-2.5.0.jar:/home/user/.m2/repository/org/glassfish/hk2/hk2-utils/2.5.0/hk2-utils-2.5.0.jar:/home/user/.m2/repository/jakarta/annotation/jakarta.annotation-api/1.3.4/jakarta.annotation-api-1.3.4.jar:/home/user/.m2/repository/org/glassfish/hk2/external/aopalliance-repackaged/2.5.0/aopalliance-repackaged-2.5.0.jar:/home/user/.m2/repository/com/fasterxml/jackson/dataformat/jackson-dataformat-xml/2.9.0/jackson-dataformat-xml-2.9.0.jar:/home/user/.m2/repository/com/fasterxml/jackson/core/jackson-core/2.9.9/jackson-core-2.9.9.jar:/home/user/.m2/repository/com/fasterxml/jackson/module/jackson-module-jaxb-annotations/2.9.9/jackson-module-jaxb-annotations-2.9.9.jar:/home/user/.m2/repository/javax/enterprise/cdi-api/1.2/cdi-api-1.2.jar:/home/user/.m2/repository/javax/el/javax.el-api/3.0.0/javax.el-api-3.0.0.jar:/home/user/.m2/repository/javax/interceptor/javax.interceptor-api/1.2/javax.interceptor-api-1.2.jar:/home/user/.m2/repository/javax/inject/javax.inject/1/javax.inject-1.jar:/home/user/.m2/repository/com/sun/xml/bind/jaxb-impl/2.3.0.1/jaxb-impl-2.3.0.1.jar:/home/user/.m2/repository/com/sun/xml/bind/jaxb-core/2.3.0.1/jaxb-core-2.3.0.1.jar:/home/user/.m2/repository/javax/xml/bind/jaxb-api/2.3.0/jaxb-api-2.3.0.jar:/home/user/.m2/repository/javax/activation/activation/1.1.1/activation-1.1.1.jar:/home/user/.m2/repository/org/apache/hadoop/hadoop-ozone-csi/0.5.0-SNAPSHOT/hadoop-ozone-csi-0.5.0-SNAPSHOT.jar:/home/user/.m2/repository/com/google/protobuf/protobuf-java-util/3.5.1/protobuf-java-util-3.5.1.jar:/home/user/.m2/repository/org/apache/hadoop/hadoop-hdds-config/0.5.0-SNAPSHOT/hadoop-hdds-config-0.5.0-SNAPSHOT.jar:/home/user/.m2/repository/io/grpc/grpc-netty/1.17.1/grpc-netty-1.17.1.jar:/home/user/.m2/repository/io/grpc/grpc-core/1.17.1/grpc-core-1.17.1.jar:/home/user/.m2/repository/io/grpc/grpc-context/1.17.1/grpc-context-1.17.1.jar:/home/user/.m2/repository/com/google/errorprone/error_prone_annotations/2.2.0/error_prone_annotations-2.2.0.jar:/home/user/.m2/repository/org/codehaus/mojo/animal-sniffer-annotations/1.17/animal-sniffer-annotations-1.17.jar:/home/user/.m2/repository/io/opencensus/opencensus-api/0.17.0/opencensus-api-0.17.0.jar:/home/user/.m2/repository/io/opencensus/opencensus-contrib-grpc-metrics/0.17.0/opencensus-contrib-grpc-metrics-0.17.0.jar:/home/user/.m2/repository/io/netty/netty-codec-http2/4.1.30.Final/netty-codec-http2-4.1.30.Final.jar:/home/user/.m2/repository/io/netty/netty-codec-http/4.1.30.Final/netty-codec-http-4.1.30.Final.jar:/home/user/.m2/repository/io/netty/netty-codec/4.1.30.Final/netty-codec-4.1.30.Final.jar:/home/user/.m2/repository/io/netty/netty-handler/4.1.30.Final/netty-handler-4.1.30.Final.jar:/home/user/.m2/repository/io/netty/netty-handler-proxy/4.1.30.Final/netty-handler-proxy-4.1.30.Final.jar:/home/user/.m2/repository/io/netty/netty-codec-socks/4.1.30.Final/netty-codec-socks-4.1.30.Final.jar:/home/user/.m2/repository/io/netty/netty-transport-native-epoll/4.1.30.Final/netty-transport-native-epoll-4.1.30.Final.jar:/home/user/.m2/repository/io/netty/netty-common/4.1.30.Final/netty-common-4.1.30.Final.jar:/home/user/.m2/repository/io/netty/netty-buffer/4.1.30.Final/netty-buffer-4.1.30.Final.jar:/home/user/.m2/repository/io/netty/netty-transport/4.1.30.Final/netty-transport-4.1.30.Final.jar:/home/user/.m2/repository/io/netty/netty-resolver/4.1.30.Final/netty-resolver-4.1.30.Final.jar:/home/user/.m2/repository/io/netty/netty-transport-native-unix-common/4.1.30.Final/netty-transport-native-unix-common-4.1.30.Final.jar:/home/user/.m2/repository/io/grpc/grpc-protobuf/1.17.1/grpc-protobuf-1.17.1.jar:/home/user/.m2/repository/com/google/api/grpc/proto-google-common-protos/1.0.0/proto-google-common-protos-1.0.0.jar:/home/user/.m2/repository/io/grpc/grpc-protobuf-lite/1.17.1/grpc-protobuf-lite-1.17.1.jar:/home/user/.m2/repository/io/grpc/grpc-stub/1.17.1/grpc-stub-1.17.1.jar:/home/user/.m2/repository/org/apache/hadoop/hadoop-ozone-recon/0.5.0-SNAPSHOT/hadoop-ozone-recon-0.5.0-SNAPSHOT.jar:/home/user/.m2/repository/org/apache/hadoop/hadoop-ozone-reconcodegen/0.5.0-SNAPSHOT/hadoop-ozone-reconcodegen-0.5.0-SNAPSHOT.jar:/home/user/.m2/repository/com/google/inject/extensions/guice-multibindings/4.0/guice-multibindings-4.0.jar:/home/user/.m2/repository/com/google/inject/guice/4.0/guice-4.0.jar:/home/user/.m2/repository/aopalliance/aopalliance/1.0/aopalliance-1.0.jar:/home/user/.m2/repository/com/google/inject/extensions/guice-servlet/4.0/guice-servlet-4.0.jar:/home/user/.m2/repository/org/glassfish/jersey/containers/jersey-container-servlet/2.27/jersey-container-servlet-2.27.jar:/home/user/.m2/repository/org/glassfish/hk2/guice-bridge/2.5.0/guice-bridge-2.5.0.jar:/home/user/.m2/repository/org/glassfish/jersey/core/jersey-server/2.27/jersey-server-2.27.jar:/home/user/.m2/repository/org/glassfish/jersey/core/jersey-client/2.27/jersey-client-2.27.jar:/home/user/.m2/repository/org/glassfish/jersey/media/jersey-media-jaxb/2.27/jersey-media-jaxb-2.27.jar:/home/user/.m2/repository/javax/validation/validation-api/1.1.0.Final/validation-api-1.1.0.Final.jar:/home/user/.m2/repository/org/glassfish/jersey/media/jersey-media-json-jackson/2.27/jersey-media-json-jackson-2.27.jar:/home/user/.m2/repository/org/glassfish/jersey/ext/jersey-entity-filtering/2.27/jersey-entity-filtering-2.27.jar:/home/user/.m2/repository/com/google/inject/extensions/guice-assistedinject/4.0/guice-assistedinject-4.0.jar:/home/user/.m2/repository/org/jooq/jooq/3.11.10/jooq-3.11.10.jar:/home/user/.m2/repository/org/jooq/jooq-meta/3.11.10/jooq-meta-3.11.10.jar:/home/user/.m2/repository/org/jooq/jooq-codegen/3.11.10/jooq-codegen-3.11.10.jar:/home/user/.m2/repository/com/jolbox/bonecp/0.8.0.RELEASE/bonecp-0.8.0.RELEASE.jar:/home/user/.m2/repository/org/xerial/sqlite-jdbc/3.25.2/sqlite-jdbc-3.25.2.jar:/home/user/.m2/repository/org/springframework/spring-jdbc/5.1.3.RELEASE/spring-jdbc-5.1.3.RELEASE.jar:/home/user/.m2/repository/org/springframework/spring-beans/5.1.3.RELEASE/spring-beans-5.1.3.RELEASE.jar:/home/user/.m2/repository/org/springframework/spring-core/5.1.3.RELEASE/spring-core-5.1.3.RELEASE.jar:/home/user/.m2/repository/org/springframework/spring-jcl/5.1.3.RELEASE/spring-jcl-5.1.3.RELEASE.jar:/home/user/.m2/repository/org/springframework/spring-tx/5.1.3.RELEASE/spring-tx-5.1.3.RELEASE.jar:/home/user/.m2/repository/org/apache/hadoop/hadoop-ozone-client/0.5.0-SNAPSHOT/hadoop-ozone-client-0.5.0-SNAPSHOT.jar:/home/user/.m2/repository/commons-lang/commons-lang/2.6/commons-lang-2.6.jar:/home/user/.m2/repository/org/apache/hadoop/hadoop-ozone-ozone-manager/0.5.0-SNAPSHOT/hadoop-ozone-ozone-manager-0.5.0-SNAPSHOT-tests.jar:/home/user/.m2/repository/junit/junit/4.11/junit-4.11.jar:/home/user/.m2/repository/org/hamcrest/hamcrest-core/1.3/hamcrest-core-1.3.jar:/home/user/.m2/repository/org/openjdk/jmh/jmh-core/1.19/jmh-core-1.19.jar:/home/user/.m2/repository/net/sf/jopt-simple/jopt-simple/4.6/jopt-simple-4.6.jar:/home/user/.m2/repository/org/apache/commons/commons-math3/3.1.1/commons-math3-3.1.1.jar:/home/user/.m2/repository/org/openjdk/jmh/jmh-generator-annprocess/1.19/jmh-generator-annprocess-1.19.jar:/home/user/.m2/repository/org/mockito/mockito-all/1.8.5/mockito-all-1.8.5.jar:/home/user/.m2/repository/org/apache/hadoop/hadoop-kms/3.2.0/hadoop-kms-3.2.0.jar:/home/user/.m2/repository/org/apache/hadoop/hadoop-auth/3.2.0/hadoop-auth-3.2.0.jar:/home/user/.m2/repository/com/nimbusds/nimbus-jose-jwt/4.41.1/nimbus-jose-jwt-4.41.1.jar:/home/user/.m2/repository/com/github/stephenc/jcip/jcip-annotations/1.0-1/jcip-annotations-1.0-1.jar:/home/user/.m2/repository/net/minidev/json-smart/2.3/json-smart-2.3.jar:/home/user/.m2/repository/net/minidev/accessors-smart/1.2/accessors-smart-1.2.jar:/home/user/.m2/repository/org/ow2/asm/asm/5.0.4/asm-5.0.4.jar:/home/user/.m2/repository/org/apache/curator/curator-framework/2.12.0/curator-framework-2.12.0.jar:/home/user/.m2/repository/com/sun/jersey/jersey-core/1.19/jersey-core-1.19.jar:/home/user/.m2/repository/javax/ws/rs/jsr311-api/1.1.1/jsr311-api-1.1.1.jar:/home/user/.m2/repository/com/sun/jersey/jersey-server/1.19/jersey-server-1.19.jar:/home/user/.m2/repository/javax/servlet/javax.servlet-api/3.1.0/javax.servlet-api-3.1.0.jar:/home/user/.m2/repository/org/eclipse/jetty/jetty-server/9.3.25.v20180904/jetty-server-9.3.25.v20180904.jar:/home/user/.m2/repository/org/eclipse/jetty/jetty-http/9.3.25.v20180904/jetty-http-9.3.25.v20180904.jar:/home/user/.m2/repository/org/eclipse/jetty/jetty-io/9.3.25.v20180904/jetty-io-9.3.25.v20180904.jar:/home/user/.m2/repository/org/eclipse/jetty/jetty-webapp/9.3.25.v20180904/jetty-webapp-9.3.25.v20180904.jar:/home/user/.m2/repository/org/eclipse/jetty/jetty-xml/9.3.25.v20180904/jetty-xml-9.3.25.v20180904.jar:/home/user/.m2/repository/log4j/log4j/1.2.17/log4j-1.2.17.jar:/home/user/.m2/repository/org/slf4j/slf4j-api/1.7.25/slf4j-api-1.7.25.jar:/home/user/.m2/repository/org/slf4j/jul-to-slf4j/1.7.25/jul-to-slf4j-1.7.25.jar:/home/user/.m2/repository/org/eclipse/jetty/jetty-util/9.3.25.v20180904/jetty-util-9.3.25.v20180904.jar:/home/user/.m2/repository/com/fasterxml/jackson/core/jackson-databind/2.9.9/jackson-databind-2.9.9.jar:/home/user/.m2/repository/org/apache/hadoop/hadoop-kms/3.2.0/hadoop-kms-3.2.0-tests.jar:/home/user/.m2/repository/org/apache/hadoop/hadoop-hdds-server-scm/0.5.0-SNAPSHOT/hadoop-hdds-server-scm-0.5.0-SNAPSHOT-tests.jar:/home/user/.m2/repository/org/apache/hadoop/hadoop-hdds-container-service/0.5.0-SNAPSHOT/hadoop-hdds-container-service-0.5.0-SNAPSHOT-tests.jar:/home/user/.m2/repository/org/yaml/snakeyaml/1.16/snakeyaml-1.16.jar:/home/user/.m2/repository/org/apache/hadoop/hadoop-common/3.2.0/hadoop-common-3.2.0-tests.jar:/home/user/.m2/repository/org/apache/hadoop/hadoop-annotations/3.2.0/hadoop-annotations-3.2.0.jar:/usr/lib/jvm/java-1.8-openjdk/jre/../lib/tools.jar:/home/user/.m2/repository/commons-cli/commons-cli/1.2/commons-cli-1.2.jar:/home/user/.m2/repository/org/apache/httpcomponents/httpclient/4.5.2/httpclient-4.5.2.jar:/home/user/.m2/repository/org/apache/httpcomponents/httpcore/4.4.4/httpcore-4.4.4.jar:/home/user/.m2/repository/commons-codec/commons-codec/1.11/commons-codec-1.11.jar:/home/user/.m2/repository/commons-net/commons-net/3.6/commons-net-3.6.jar:/home/user/.m2/repository/commons-collections/commons-collections/3.2.2/commons-collections-3.2.2.jar:/home/user/.m2/repository/org/eclipse/jetty/jetty-servlet/9.3.25.v20180904/jetty-servlet-9.3.25.v20180904.jar:/home/user/.m2/repository/org/eclipse/jetty/jetty-security/9.3.25.v20180904/jetty-security-9.3.25.v20180904.jar:/home/user/.m2/repository/javax/servlet/jsp/jsp-api/2.1/jsp-api-2.1.jar:/home/user/.m2/repository/com/sun/jersey/jersey-servlet/1.19/jersey-servlet-1.19.jar:/home/user/.m2/repository/com/sun/jersey/jersey-json/1.19/jersey-json-1.19.jar:/home/user/.m2/repository/org/codehaus/jettison/jettison/1.1/jettison-1.1.jar:/home/user/.m2/repository/org/codehaus/jackson/jackson-core-asl/1.9.13/jackson-core-asl-1.9.13.jar:/home/user/.m2/repository/org/codehaus/jackson/jackson-mapper-asl/1.9.13/jackson-mapper-asl-1.9.13.jar:/home/user/.m2/repository/org/codehaus/jackson/jackson-jaxrs/1.9.13/jackson-jaxrs-1.9.13.jar:/home/user/.m2/repository/org/codehaus/jackson/jackson-xc/1.9.13/jackson-xc-1.9.13.jar:/home/user/.m2/repository/commons-logging/commons-logging/1.1.3/commons-logging-1.1.3.jar:/home/user/.m2/repository/commons-beanutils/commons-beanutils/1.9.4/commons-beanutils-1.9.4.jar:/home/user/.m2/repository/org/apache/commons/commons-configuration2/2.1.1/commons-configuration2-2.1.1.jar:/home/user/.m2/repository/org/apache/commons/commons-lang3/3.7/commons-lang3-3.7.jar:/home/user/.m2/repository/org/apache/commons/commons-text/1.4/commons-text-1.4.jar:/home/user/.m2/repository/org/apache/avro/avro/1.7.7/avro-1.7.7.jar:/home/user/.m2/repository/com/thoughtworks/paranamer/paranamer/2.3/paranamer-2.3.jar:/home/user/.m2/repository/org/xerial/snappy/snappy-java/1.0.5/snappy-java-1.0.5.jar:/home/user/.m2/repository/com/google/re2j/re2j/1.1/re2j-1.1.jar:/home/user/.m2/repository/com/google/code/gson/gson/2.2.4/gson-2.2.4.jar:/home/user/.m2/repository/com/jcraft/jsch/0.1.54/jsch-0.1.54.jar:/home/user/.m2/repository/org/apache/curator/curator-client/2.12.0/curator-client-2.12.0.jar:/home/user/.m2/repository/org/apache/curator/curator-recipes/2.12.0/curator-recipes-2.12.0.jar:/home/user/.m2/repository/com/google/code/findbugs/jsr305/3.0.0/jsr305-3.0.0.jar:/home/user/.m2/repository/org/apache/htrace/htrace-core4/4.1.0-incubating/htrace-core4-4.1.0-incubating.jar:/home/user/.m2/repository/org/apache/zookeeper/zookeeper/3.4.13/zookeeper-3.4.13.jar:/home/user/.m2/repository/jline/jline/0.9.94/jline-0.9.94.jar:/home/user/.m2/repository/org/apache/yetus/audience-annotations/0.5.0/audience-annotations-0.5.0.jar:/home/user/.m2/repository/org/codehaus/woodstox/stax2-api/3.1.4/stax2-api-3.1.4.jar:/home/user/.m2/repository/com/fasterxml/woodstox/woodstox-core/5.0.3/woodstox-core-5.0.3.jar:/home/user/.m2/repository/dnsjava/dnsjava/2.1.7/dnsjava-2.1.7.jar:/home/user/.m2/repository/org/apache/hadoop/hadoop-hdfs/3.2.0/hadoop-hdfs-3.2.0-tests.jar:/home/user/.m2/repository/org/eclipse/jetty/jetty-util-ajax/9.3.25.v20180904/jetty-util-ajax-9.3.25.v20180904.jar:/home/user/.m2/repository/commons-daemon/commons-daemon/1.0.13/commons-daemon-1.0.13.jar:/home/user/.m2/repository/io/netty/netty/3.10.5.Final/netty-3.10.5.Final.jar:/home/user/.m2/repository/io/netty/netty-all/4.0.52.Final/netty-all-4.0.52.Final.jar:/home/user/.m2/repository/org/fusesource/leveldbjni/leveldbjni-all/1.8/leveldbjni-all-1.8.jar:"/>
    <property name="sun.cpu.endian" value="little"/>
    <property name="user.home" value="/home/user"/>
    <property name="user.language" value="en"/>
    <property name="java.specification.vendor" value="Oracle Corporation"/>
    <property name="java.home" value="/usr/lib/jvm/java-1.8-openjdk/jre"/>
    <property name="java.security.krb5.conf" value="/workdir/hadoop-ozone/integration-test/target/test-classes/krb5.conf"/>
    <property name="basedir" value="/workdir/hadoop-ozone/integration-test"/>
    <property name="file.separator" value="/"/>
    <property name="line.separator" value="&#10;"/>
    <property name="java.vm.specification.vendor" value="Oracle Corporation"/>
    <property name="java.specification.name" value="Java Platform API Specification"/>
    <property name="java.awt.graphicsenv" value="sun.awt.X11GraphicsEnvironment"/>
    <property name="surefire.real.class.path" value="/workdir/hadoop-ozone/integration-test/target/surefire/surefirebooter6618721379121130426.jar"/>
    <property name="hadoop.log.dir" value="/workdir/hadoop-ozone/integration-test/target/log"/>
    <property name="sun.boot.class.path" value="/usr/lib/jvm/java-1.8-openjdk/jre/lib/resources.jar:/usr/lib/jvm/java-1.8-openjdk/jre/lib/rt.jar:/usr/lib/jvm/java-1.8-openjdk/jre/lib/sunrsasign.jar:/usr/lib/jvm/java-1.8-openjdk/jre/lib/jsse.jar:/usr/lib/jvm/java-1.8-openjdk/jre/lib/jce.jar:/usr/lib/jvm/java-1.8-openjdk/jre/lib/charsets.jar:/usr/lib/jvm/java-1.8-openjdk/jre/lib/jfr.jar:/usr/lib/jvm/java-1.8-openjdk/jre/classes"/>
    <property name="sun.management.compiler" value="HotSpot 64-Bit Tiered Compilers"/>
    <property name="java.runtime.version" value="1.8.0_212-b04"/>
    <property name="java.net.preferIPv4Stack" value="true"/>
    <property name="user.name" value="jenkins1000"/>
    <property name="path.separator" value=":"/>
    <property name="java.security.egd" value="file:///dev/urandom"/>
    <property name="os.version" value="3.10.0-957.12.2.el7.x86_64"/>
    <property name="java.endorsed.dirs" value="/usr/lib/jvm/java-1.8-openjdk/jre/lib/endorsed"/>
    <property name="java.runtime.name" value="OpenJDK Runtime Environment"/>
    <property name="file.encoding" value="UTF-8"/>
    <property name="java.vm.name" value="OpenJDK 64-Bit Server VM"/>
    <property name="test.build.webapps" value=""/>
    <property name="localRepository" value="/home/user/.m2/repository"/>
    <property name="java.vendor.url.bug" value="https://icedtea.classpath.org/bugzilla"/>
    <property name="java.io.tmpdir" value="/tmp"/>
    <property name="require.test.libhadoop" value=""/>
    <property name="java.version" value="1.8.0_212"/>
    <property name="user.dir" value="/workdir/hadoop-ozone/integration-test"/>
    <property name="os.arch" value="amd64"/>
    <property name="java.vm.specification.name" value="Java Virtual Machine Specification"/>
    <property name="test.build.classes" value="/workdir/hadoop-ozone/integration-test/target/test-classes"/>
    <property name="java.awt.printerjob" value="sun.print.PSPrinterJob"/>
    <property name="sun.os.patch.level" value="unknown"/>
    <property name="hadoop.tmp.dir" value="/workdir/hadoop-ozone/integration-test/target/tmp"/>
    <property name="java.library.path" value="/usr/lib/jvm/java-1.8-openjdk/jre/lib/amd64/server:/usr/lib/jvm/java-1.8-openjdk/jre/lib/amd64:/usr/lib/jvm/java-1.8-openjdk/jre/../lib/amd64:/workdir/hadoop-ozone/integration-test/target/native/target/usr/local/lib:/workdir/hadoop-ozone/integration-test/../../hadoop-common-project/hadoop-common/target/native/target/usr/local/lib:/usr/java/packages/lib/amd64:/usr/lib64:/lib64:/lib:/usr/lib"/>
    <property name="java.vm.info" value="mixed mode"/>
    <property name="java.vendor" value="IcedTea"/>
    <property name="java.vm.version" value="25.212-b04"/>
    <property name="java.ext.dirs" value="/usr/lib/jvm/java-1.8-openjdk/jre/lib/ext:/usr/java/packages/lib/ext"/>
    <property name="sun.io.unicode.encoding" value="UnicodeLittle"/>
    <property name="java.class.version" value="52.0"/>
  </properties>
  <testcase name="testWatchForCommitWithKeyWrite" classname="org.apache.hadoop.ozone.client.rpc.TestWatchForCommit" time="79.967"/>
  <testcase name="testWatchForCommitWithSmallerTimeoutValue" classname="org.apache.hadoop.ozone.client.rpc.TestWatchForCommit" time="42.479"/>
  <testcase name="testWatchForCommitForRetryfailure" classname="org.apache.hadoop.ozone.client.rpc.TestWatchForCommit" time="61.17">
    <failure type="java.lang.AssertionError">java.lang.AssertionError
	at org.junit.Assert.fail(Assert.java:86)
	at org.junit.Assert.assertTrue(Assert.java:41)
	at org.junit.Assert.assertTrue(Assert.java:52)
	at org.apache.hadoop.ozone.client.rpc.TestWatchForCommit.testWatchForCommitForRetryfailure(TestWatchForCommit.java:348)
	at sun.reflect.NativeMethodAccessorImpl.invoke0(Native Method)
	at sun.reflect.NativeMethodAccessorImpl.invoke(NativeMethodAccessorImpl.java:62)
	at sun.reflect.DelegatingMethodAccessorImpl.invoke(DelegatingMethodAccessorImpl.java:43)
	at java.lang.reflect.Method.invoke(Method.java:498)
	at org.junit.runners.model.FrameworkMethod$1.runReflectiveCall(FrameworkMethod.java:47)
	at org.junit.internal.runners.model.ReflectiveCallable.run(ReflectiveCallable.java:12)
	at org.junit.runners.model.FrameworkMethod.invokeExplosively(FrameworkMethod.java:44)
	at org.junit.internal.runners.statements.InvokeMethod.evaluate(InvokeMethod.java:17)
	at org.junit.runners.ParentRunner.runLeaf(ParentRunner.java:271)
	at org.junit.runners.BlockJUnit4ClassRunner.runChild(BlockJUnit4ClassRunner.java:70)
	at org.junit.runners.BlockJUnit4ClassRunner.runChild(BlockJUnit4ClassRunner.java:50)
	at org.junit.runners.ParentRunner$3.run(ParentRunner.java:238)
	at org.junit.runners.ParentRunner$1.schedule(ParentRunner.java:63)
	at org.junit.runners.ParentRunner.runChildren(ParentRunner.java:236)
	at org.junit.runners.ParentRunner.access$000(ParentRunner.java:53)
	at org.junit.runners.ParentRunner$2.evaluate(ParentRunner.java:229)
	at org.junit.runners.ParentRunner.run(ParentRunner.java:309)
	at org.apache.maven.surefire.junit4.JUnit4Provider.execute(JUnit4Provider.java:365)
	at org.apache.maven.surefire.junit4.JUnit4Provider.executeWithRerun(JUnit4Provider.java:273)
	at org.apache.maven.surefire.junit4.JUnit4Provider.executeTestSet(JUnit4Provider.java:238)
	at org.apache.maven.surefire.junit4.JUnit4Provider.invoke(JUnit4Provider.java:159)
	at org.apache.maven.surefire.booter.ForkedBooter.invokeProviderInSameClassLoader(ForkedBooter.java:384)
	at org.apache.maven.surefire.booter.ForkedBooter.runSuitesInProcess(ForkedBooter.java:345)
	at org.apache.maven.surefire.booter.ForkedBooter.execute(ForkedBooter.java:126)
	at org.apache.maven.surefire.booter.ForkedBooter.main(ForkedBooter.java:418)
</failure>
    <system-out><![CDATA[2019-10-02 23:00:06,983 [main] WARN  server.ServerUtils (ServerUtils.java:getScmDbDir(145)) - ozone.scm.db.dirs is not configured. We recommend adding this setting. Falling back to ozone.metadata.dirs instead.
2019-10-02 23:00:07,009 [main] WARN  server.ServerUtils (ServerUtils.java:getScmDbDir(145)) - ozone.scm.db.dirs is not configured. We recommend adding this setting. Falling back to ozone.metadata.dirs instead.
2019-10-02 23:00:07,010 [main] WARN  server.ServerUtils (ServerUtils.java:getScmDbDir(145)) - ozone.scm.db.dirs is not configured. We recommend adding this setting. Falling back to ozone.metadata.dirs instead.
2019-10-02 23:00:07,010 [main] INFO  db.DBStoreBuilder (DBStoreBuilder.java:addTable(110)) - using custom profile for table: deletedBlocks
2019-10-02 23:00:07,011 [main] INFO  db.DBStoreBuilder (DBStoreBuilder.java:processTables(161)) - Using default column profile:DBProfile.DISK for Table:deletedBlocks
2019-10-02 23:00:07,011 [main] INFO  db.DBStoreBuilder (DBStoreBuilder.java:addTable(110)) - using custom profile for table: validCerts
2019-10-02 23:00:07,011 [main] INFO  db.DBStoreBuilder (DBStoreBuilder.java:processTables(161)) - Using default column profile:DBProfile.DISK for Table:validCerts
2019-10-02 23:00:07,011 [main] INFO  db.DBStoreBuilder (DBStoreBuilder.java:addTable(110)) - using custom profile for table: revokedCerts
2019-10-02 23:00:07,012 [main] INFO  db.DBStoreBuilder (DBStoreBuilder.java:processTables(161)) - Using default column profile:DBProfile.DISK for Table:revokedCerts
2019-10-02 23:00:07,012 [main] INFO  db.DBStoreBuilder (DBStoreBuilder.java:addTable(110)) - using custom profile for table: default
2019-10-02 23:00:07,012 [main] INFO  db.DBStoreBuilder (DBStoreBuilder.java:processTables(167)) - Using default column profile:DBProfile.DISK for Table:default
2019-10-02 23:00:07,012 [main] INFO  db.DBStoreBuilder (DBStoreBuilder.java:getDbProfile(198)) - Using default options. DBProfile.DISK
2019-10-02 23:00:07,152 [main] INFO  net.NodeSchemaLoader (NodeSchemaLoader.java:loadSchemaFromFile(125)) - Loading file from sun.misc.CompoundEnumeration@6fcd31c3
2019-10-02 23:00:07,153 [main] INFO  net.NodeSchemaLoader (NodeSchemaLoader.java:loadSchema(171)) - Loading network topology layer schema file
2019-10-02 23:00:07,158 [main] WARN  server.ServerUtils (ServerUtils.java:sanitizeUserArgs(70)) - ozone.scm.stale.node.interval value = 300000 is larger than max = 100000 based on the key value of ozone.scm.heartbeat.thread.interval, reset to the max value 100000.
2019-10-02 23:00:07,158 [main] WARN  server.ServerUtils (ServerUtils.java:sanitizeUserArgs(70)) - ozone.scm.stale.node.interval value = 300000 is larger than max = 100000 based on the key value of ozone.scm.heartbeat.thread.interval, reset to the max value 100000.
2019-10-02 23:00:07,159 [main] INFO  node.SCMNodeManager (SCMNodeManager.java:<init>(114)) - Entering startup safe mode.
2019-10-02 23:00:07,160 [main] INFO  algorithms.ContainerPlacementPolicyFactory (ContainerPlacementPolicyFactory.java:getPolicy(57)) - Create container placement policy of type org.apache.hadoop.hdds.scm.container.placement.algorithms.SCMContainerPlacementRandom
2019-10-02 23:00:07,160 [main] WARN  server.ServerUtils (ServerUtils.java:getScmDbDir(145)) - ozone.scm.db.dirs is not configured. We recommend adding this setting. Falling back to ozone.metadata.dirs instead.
2019-10-02 23:00:07,184 [main] INFO  pipeline.SCMPipelineManager (SCMPipelineManager.java:initializePipelineState(132)) - No pipeline exists in current db
2019-10-02 23:00:07,184 [main] WARN  server.ServerUtils (ServerUtils.java:getScmDbDir(145)) - ozone.scm.db.dirs is not configured. We recommend adding this setting. Falling back to ozone.metadata.dirs instead.
2019-10-02 23:00:07,209 [main] WARN  events.EventQueue (EventQueue.java:fireEvent(183)) - No event handler registered for event TypedEvent{payloadType=SafeModeStatus, name='SafeModeStatus'}
2019-10-02 23:00:07,210 [main] INFO  ipc.CallQueueManager (CallQueueManager.java:<init>(84)) - Using callQueue: class java.util.concurrent.LinkedBlockingQueue, queueCapacity: 2000, scheduler: class org.apache.hadoop.ipc.DefaultRpcScheduler, ipcBackoff: false.
2019-10-02 23:00:07,211 [Socket Reader #1 for port 42874] INFO  ipc.Server (Server.java:run(1074)) - Starting Socket Reader #1 for port 42874
2019-10-02 23:00:07,212 [main] INFO  ipc.CallQueueManager (CallQueueManager.java:<init>(84)) - Using callQueue: class java.util.concurrent.LinkedBlockingQueue, queueCapacity: 2000, scheduler: class org.apache.hadoop.ipc.DefaultRpcScheduler, ipcBackoff: false.
2019-10-02 23:00:07,213 [Socket Reader #1 for port 39743] INFO  ipc.Server (Server.java:run(1074)) - Starting Socket Reader #1 for port 39743
2019-10-02 23:00:07,215 [main] INFO  ipc.CallQueueManager (CallQueueManager.java:<init>(84)) - Using callQueue: class java.util.concurrent.LinkedBlockingQueue, queueCapacity: 2000, scheduler: class org.apache.hadoop.ipc.DefaultRpcScheduler, ipcBackoff: false.
2019-10-02 23:00:07,215 [Socket Reader #1 for port 35141] INFO  ipc.Server (Server.java:run(1074)) - Starting Socket Reader #1 for port 35141
2019-10-02 23:00:07,217 [main] INFO  hdfs.DFSUtil (DFSUtil.java:httpServerTemplateForNNAndJN(1641)) - Starting Web-server for scm at: http://0.0.0.0:0
2019-10-02 23:00:07,219 [main] INFO  server.AuthenticationFilter (AuthenticationFilter.java:constructSecretProvider(240)) - Unable to initialize FileSignerSecretProvider, falling back to use random secrets.
2019-10-02 23:00:07,220 [main] WARN  http.HttpRequestLog (HttpRequestLog.java:getRequestLog(97)) - Jetty request log can only be enabled using Log4j
2019-10-02 23:00:07,222 [main] INFO  http.HttpServer2 (HttpServer2.java:addGlobalFilter(975)) - Added global filter 'safety' (class=org.apache.hadoop.http.HttpServer2$QuotingInputFilter)
2019-10-02 23:00:07,222 [main] INFO  http.HttpServer2 (HttpServer2.java:addFilter(948)) - Added filter static_user_filter (class=org.apache.hadoop.http.lib.StaticUserWebFilter$StaticUserFilter) to context scm
2019-10-02 23:00:07,222 [main] INFO  http.HttpServer2 (HttpServer2.java:addFilter(958)) - Added filter static_user_filter (class=org.apache.hadoop.http.lib.StaticUserWebFilter$StaticUserFilter) to context logs
2019-10-02 23:00:07,223 [main] INFO  http.HttpServer2 (HttpServer2.java:addFilter(958)) - Added filter static_user_filter (class=org.apache.hadoop.http.lib.StaticUserWebFilter$StaticUserFilter) to context static
2019-10-02 23:00:07,224 [main] INFO  server.StorageContainerManager (StorageContainerManager.java:start(770)) - StorageContainerLocationProtocol RPC server is listening at /0.0.0.0:35141
2019-10-02 23:00:07,226 [main] WARN  impl.MetricsConfig (MetricsConfig.java:loadFirst(134)) - Cannot locate configuration: tried hadoop-metrics2-storagecontainermanager.properties,hadoop-metrics2.properties
2019-10-02 23:00:07,227 [main] INFO  impl.MetricsSystemImpl (MetricsSystemImpl.java:startTimer(374)) - Scheduled Metric snapshot period at 10 second(s).
2019-10-02 23:00:07,227 [main] INFO  impl.MetricsSystemImpl (MetricsSystemImpl.java:start(191)) - StorageContainerManager metrics system started
2019-10-02 23:00:07,255 [main] INFO  lib.Interns (Interns.java:removeEldestEntry(50)) - Metrics intern cache overflow at 2011 for MetricsSystem={MetricsSystem=MetricsInfoImpl{name=MetricsSystem, description=MetricsSystem}, MetricsSystem record=MetricsInfoImpl{name=MetricsSystem, description=MetricsSystem record}}
2019-10-02 23:00:07,274 [main] WARN  impl.MetricsSystemImpl (MetricsSystemImpl.java:register(276)) - Sink prometheus already exists!
2019-10-02 23:00:07,312 [main] INFO  server.SCMClientProtocolServer (SCMClientProtocolServer.java:start(150)) - RPC server for Client  is listening at /0.0.0.0:35141
2019-10-02 23:00:07,313 [IPC Server Responder] INFO  ipc.Server (Server.java:run(1314)) - IPC Server Responder: starting
2019-10-02 23:00:07,313 [IPC Server listener on 35141] INFO  ipc.Server (Server.java:run(1153)) - IPC Server listener on 35141: starting
2019-10-02 23:00:07,317 [main] INFO  server.StorageContainerManager (StorageContainerManager.java:start(780)) - ScmBlockLocationProtocol RPC server is listening at /0.0.0.0:39743
2019-10-02 23:00:07,317 [main] INFO  server.SCMBlockProtocolServer (SCMBlockProtocolServer.java:start(146)) - RPC server for Block Protocol is listening at /0.0.0.0:39743
2019-10-02 23:00:07,318 [IPC Server listener on 39743] INFO  ipc.Server (Server.java:run(1153)) - IPC Server listener on 39743: starting
2019-10-02 23:00:07,318 [IPC Server Responder] INFO  ipc.Server (Server.java:run(1314)) - IPC Server Responder: starting
2019-10-02 23:00:07,322 [main] INFO  server.StorageContainerManager (StorageContainerManager.java:start(784)) - ScmDatanodeProtocl RPC server is listening at /0.0.0.0:42874
2019-10-02 23:00:07,323 [main] INFO  server.SCMDatanodeProtocolServer (SCMDatanodeProtocolServer.java:start(191)) - RPC server for DataNodes is listening at /0.0.0.0:42874
2019-10-02 23:00:07,323 [IPC Server Responder] INFO  ipc.Server (Server.java:run(1314)) - IPC Server Responder: starting
2019-10-02 23:00:07,323 [IPC Server listener on 42874] INFO  ipc.Server (Server.java:run(1153)) - IPC Server listener on 42874: starting
2019-10-02 23:00:07,327 [main] INFO  http.HttpServer2 (HttpServer2.java:bindListener(1191)) - Jetty bound to port 37398
2019-10-02 23:00:07,327 [main] INFO  server.Server (Server.java:doStart(351)) - jetty-9.3.25.v20180904, build timestamp: 2018-09-04T21:11:46Z, git hash: 3ce520221d0240229c862b122d2b06c12a625732
2019-10-02 23:00:07,329 [main] INFO  handler.ContextHandler (ContextHandler.java:doStart(781)) - Started o.e.j.s.ServletContextHandler@53d2d002{/logs,file:///workdir/hadoop-ozone/integration-test/target/log,AVAILABLE}
2019-10-02 23:00:07,329 [main] INFO  handler.ContextHandler (ContextHandler.java:doStart(781)) - Started o.e.j.s.ServletContextHandler@5820070c{/static,file:///workdir/hadoop-ozone/integration-test/target/test-classes/webapps/static,AVAILABLE}
2019-10-02 23:00:07,334 [main] INFO  handler.ContextHandler (ContextHandler.java:doStart(781)) - Started o.e.j.w.WebAppContext@1a464fa3{/,file:///workdir/hadoop-ozone/integration-test/target/test-classes/webapps/scm/,AVAILABLE}{/scm}
2019-10-02 23:00:07,334 [main] INFO  server.AbstractConnector (AbstractConnector.java:doStart(278)) - Started ServerConnector@4215e133{HTTP/1.1,[http/1.1]}{0.0.0.0:37398}
2019-10-02 23:00:07,335 [main] INFO  server.Server (Server.java:doStart(419)) - Started @123219ms
2019-10-02 23:00:07,335 [main] WARN  impl.MetricsSystemImpl (MetricsSystemImpl.java:register(276)) - Sink prometheus already exists!
2019-10-02 23:00:07,336 [main] INFO  server.BaseHttpServer (BaseHttpServer.java:updateConnectorAddress(215)) - HTTP server of SCM is listening at http://0.0.0.0:37398
2019-10-02 23:00:07,337 [main] WARN  server.ServerUtils (ServerUtils.java:getDBPath(222)) - ozone.om.db.dirs is not configured. We recommend adding this setting. Falling back to ozone.metadata.dirs instead.
2019-10-02 23:00:07,338 [org.apache.hadoop.util.JvmPauseMonitor$Monitor@d88f893] INFO  util.JvmPauseMonitor (JvmPauseMonitor.java:run(188)) - Starting JVM pause monitor
2019-10-02 23:00:07,351 [main] WARN  server.ServerUtils (ServerUtils.java:getDBPath(222)) - ozone.om.db.dirs is not configured. We recommend adding this setting. Falling back to ozone.metadata.dirs instead.
2019-10-02 23:00:07,352 [main] WARN  server.ServerUtils (ServerUtils.java:getDBPath(222)) - ozone.om.db.dirs is not configured. We recommend adding this setting. Falling back to ozone.metadata.dirs instead.
2019-10-02 23:00:07,352 [main] INFO  om.OzoneManager (OzoneManager.java:setOMNodeDetails(652)) - OM Service ID is not set. Setting it to the default ID: omServiceIdDefault
2019-10-02 23:00:07,352 [main] INFO  om.OzoneManager (OzoneManager.java:setOMNodeDetails(658)) - OM Node ID is not set. Setting it to the OmStorage's OmID: 3aaea070-82a0-425a-a139-8437936ac76e
2019-10-02 23:00:07,353 [main] INFO  om.OzoneManager (OzoneManager.java:loadOMHAConfigs(609)) - Found matching OM address with OMServiceId: null, OMNodeId: null, RPC Address: localhost:0 and Ratis port: 9872
2019-10-02 23:00:07,361 [main] WARN  server.ServerUtils (ServerUtils.java:getDBPath(222)) - ozone.om.db.dirs is not configured. We recommend adding this setting. Falling back to ozone.metadata.dirs instead.
2019-10-02 23:00:07,362 [main] INFO  db.DBStoreBuilder (DBStoreBuilder.java:addTable(110)) - using custom profile for table: userTable
2019-10-02 23:00:07,362 [main] INFO  db.DBStoreBuilder (DBStoreBuilder.java:processTables(161)) - Using default column profile:DBProfile.DISK for Table:userTable
2019-10-02 23:00:07,362 [main] INFO  db.DBStoreBuilder (DBStoreBuilder.java:addTable(110)) - using custom profile for table: volumeTable
2019-10-02 23:00:07,363 [main] INFO  db.DBStoreBuilder (DBStoreBuilder.java:processTables(161)) - Using default column profile:DBProfile.DISK for Table:volumeTable
2019-10-02 23:00:07,363 [main] INFO  db.DBStoreBuilder (DBStoreBuilder.java:addTable(110)) - using custom profile for table: bucketTable
2019-10-02 23:00:07,363 [main] INFO  db.DBStoreBuilder (DBStoreBuilder.java:processTables(161)) - Using default column profile:DBProfile.DISK for Table:bucketTable
2019-10-02 23:00:07,363 [main] INFO  db.DBStoreBuilder (DBStoreBuilder.java:addTable(110)) - using custom profile for table: keyTable
2019-10-02 23:00:07,363 [main] INFO  db.DBStoreBuilder (DBStoreBuilder.java:processTables(161)) - Using default column profile:DBProfile.DISK for Table:keyTable
2019-10-02 23:00:07,364 [main] INFO  db.DBStoreBuilder (DBStoreBuilder.java:addTable(110)) - using custom profile for table: deletedTable
2019-10-02 23:00:07,364 [main] INFO  db.DBStoreBuilder (DBStoreBuilder.java:processTables(161)) - Using default column profile:DBProfile.DISK for Table:deletedTable
2019-10-02 23:00:07,364 [main] INFO  db.DBStoreBuilder (DBStoreBuilder.java:addTable(110)) - using custom profile for table: openKeyTable
2019-10-02 23:00:07,364 [main] INFO  db.DBStoreBuilder (DBStoreBuilder.java:processTables(161)) - Using default column profile:DBProfile.DISK for Table:openKeyTable
2019-10-02 23:00:07,365 [main] INFO  db.DBStoreBuilder (DBStoreBuilder.java:addTable(110)) - using custom profile for table: s3Table
2019-10-02 23:00:07,365 [main] INFO  db.DBStoreBuilder (DBStoreBuilder.java:processTables(161)) - Using default column profile:DBProfile.DISK for Table:s3Table
2019-10-02 23:00:07,365 [main] INFO  db.DBStoreBuilder (DBStoreBuilder.java:addTable(110)) - using custom profile for table: multipartInfoTable
2019-10-02 23:00:07,365 [main] INFO  db.DBStoreBuilder (DBStoreBuilder.java:processTables(161)) - Using default column profile:DBProfile.DISK for Table:multipartInfoTable
2019-10-02 23:00:07,366 [main] INFO  db.DBStoreBuilder (DBStoreBuilder.java:addTable(110)) - using custom profile for table: dTokenTable
2019-10-02 23:00:07,366 [main] INFO  db.DBStoreBuilder (DBStoreBuilder.java:processTables(161)) - Using default column profile:DBProfile.DISK for Table:dTokenTable
2019-10-02 23:00:07,366 [main] INFO  db.DBStoreBuilder (DBStoreBuilder.java:addTable(110)) - using custom profile for table: s3SecretTable
2019-10-02 23:00:07,366 [main] INFO  db.DBStoreBuilder (DBStoreBuilder.java:processTables(161)) - Using default column profile:DBProfile.DISK for Table:s3SecretTable
2019-10-02 23:00:07,366 [main] INFO  db.DBStoreBuilder (DBStoreBuilder.java:addTable(110)) - using custom profile for table: prefixTable
2019-10-02 23:00:07,367 [main] INFO  db.DBStoreBuilder (DBStoreBuilder.java:processTables(161)) - Using default column profile:DBProfile.DISK for Table:prefixTable
2019-10-02 23:00:07,367 [main] INFO  db.DBStoreBuilder (DBStoreBuilder.java:addTable(110)) - using custom profile for table: default
2019-10-02 23:00:07,367 [main] INFO  db.DBStoreBuilder (DBStoreBuilder.java:processTables(167)) - Using default column profile:DBProfile.DISK for Table:default
2019-10-02 23:00:07,367 [main] INFO  db.DBStoreBuilder (DBStoreBuilder.java:getDbProfile(198)) - Using default options. DBProfile.DISK
2019-10-02 23:00:07,868 [main] INFO  ipc.CallQueueManager (CallQueueManager.java:<init>(84)) - Using callQueue: class java.util.concurrent.LinkedBlockingQueue, queueCapacity: 2000, scheduler: class org.apache.hadoop.ipc.DefaultRpcScheduler, ipcBackoff: false.
2019-10-02 23:00:07,869 [Socket Reader #1 for port 44429] INFO  ipc.Server (Server.java:run(1074)) - Starting Socket Reader #1 for port 44429
2019-10-02 23:00:07,883 [main] INFO  om.OzoneManager (OzoneManager.java:start(1243)) - OzoneManager RPC server is listening at localhost/127.0.0.1:44429
2019-10-02 23:00:07,883 [main] INFO  impl.MetricsSystemImpl (MetricsSystemImpl.java:init(158)) - OzoneManager metrics system started (again)
2019-10-02 23:00:07,884 [IPC Server Responder] INFO  ipc.Server (Server.java:run(1314)) - IPC Server Responder: starting
2019-10-02 23:00:07,885 [IPC Server listener on 44429] INFO  ipc.Server (Server.java:run(1153)) - IPC Server listener on 44429: starting
2019-10-02 23:00:07,890 [main] INFO  hdfs.DFSUtil (DFSUtil.java:httpServerTemplateForNNAndJN(1641)) - Starting Web-server for ozoneManager at: http://0.0.0.0:0
2019-10-02 23:00:07,891 [main] INFO  server.AuthenticationFilter (AuthenticationFilter.java:constructSecretProvider(240)) - Unable to initialize FileSignerSecretProvider, falling back to use random secrets.
2019-10-02 23:00:07,891 [main] WARN  http.HttpRequestLog (HttpRequestLog.java:getRequestLog(97)) - Jetty request log can only be enabled using Log4j
2019-10-02 23:00:07,893 [main] INFO  http.HttpServer2 (HttpServer2.java:addGlobalFilter(975)) - Added global filter 'safety' (class=org.apache.hadoop.http.HttpServer2$QuotingInputFilter)
2019-10-02 23:00:07,893 [main] INFO  http.HttpServer2 (HttpServer2.java:addFilter(948)) - Added filter static_user_filter (class=org.apache.hadoop.http.lib.StaticUserWebFilter$StaticUserFilter) to context ozoneManager
2019-10-02 23:00:07,893 [main] INFO  http.HttpServer2 (HttpServer2.java:addFilter(958)) - Added filter static_user_filter (class=org.apache.hadoop.http.lib.StaticUserWebFilter$StaticUserFilter) to context logs
2019-10-02 23:00:07,893 [main] INFO  http.HttpServer2 (HttpServer2.java:addFilter(958)) - Added filter static_user_filter (class=org.apache.hadoop.http.lib.StaticUserWebFilter$StaticUserFilter) to context static
2019-10-02 23:00:07,894 [main] INFO  http.HttpServer2 (HttpServer2.java:bindListener(1191)) - Jetty bound to port 45018
2019-10-02 23:00:07,894 [main] INFO  server.Server (Server.java:doStart(351)) - jetty-9.3.25.v20180904, build timestamp: 2018-09-04T21:11:46Z, git hash: 3ce520221d0240229c862b122d2b06c12a625732
2019-10-02 23:00:07,896 [main] INFO  handler.ContextHandler (ContextHandler.java:doStart(781)) - Started o.e.j.s.ServletContextHandler@7066363{/logs,file:///workdir/hadoop-ozone/integration-test/target/log,AVAILABLE}
2019-10-02 23:00:07,896 [main] INFO  handler.ContextHandler (ContextHandler.java:doStart(781)) - Started o.e.j.s.ServletContextHandler@47248a48{/static,file:///workdir/hadoop-ozone/integration-test/target/test-classes/webapps/static,AVAILABLE}
2019-10-02 23:00:07,900 [main] INFO  handler.ContextHandler (ContextHandler.java:doStart(781)) - Started o.e.j.w.WebAppContext@413bef78{/,file:///workdir/hadoop-ozone/integration-test/target/test-classes/webapps/ozoneManager/,AVAILABLE}{/ozoneManager}
2019-10-02 23:00:07,900 [main] INFO  server.AbstractConnector (AbstractConnector.java:doStart(278)) - Started ServerConnector@66383c29{HTTP/1.1,[http/1.1]}{0.0.0.0:45018}
2019-10-02 23:00:07,901 [main] INFO  server.Server (Server.java:doStart(419)) - Started @123786ms
2019-10-02 23:00:07,902 [main] WARN  impl.MetricsSystemImpl (MetricsSystemImpl.java:register(276)) - Sink prometheus already exists!
2019-10-02 23:00:07,902 [main] INFO  server.BaseHttpServer (BaseHttpServer.java:updateConnectorAddress(215)) - HTTP server of OZONEMANAGER is listening at http://0.0.0.0:45018
2019-10-02 23:00:07,918 [main] INFO  impl.MetricsSystemImpl (MetricsSystemImpl.java:init(158)) - HddsDatanode metrics system started (again)
2019-10-02 23:00:07,920 [main] INFO  ozone.HddsDatanodeService (HddsDatanodeService.java:start(184)) - HddsDatanodeService host:pr-hdds-2226-secures3-kzjg4-641534921 ip:192.168.164.235
2019-10-02 23:00:07,927 [main] INFO  volume.HddsVolume (HddsVolume.java:<init>(176)) - Creating Volume: /workdir/hadoop-ozone/integration-test/target/test-dir/MiniOzoneClusterImpl-d38320c1-1c9a-4451-99ce-f4a8da752828/datanode-0/data/containers/hdds of  storage type : DISK and capacity : 1482555576320
2019-10-02 23:00:07,927 [main] INFO  volume.VolumeSet (VolumeSet.java:initializeVolumeSet(170)) - Added Volume : /workdir/hadoop-ozone/integration-test/target/test-dir/MiniOzoneClusterImpl-d38320c1-1c9a-4451-99ce-f4a8da752828/datanode-0/data/containers/hdds to VolumeSet
2019-10-02 23:00:07,927 [main] INFO  volume.ThrottledAsyncChecker (ThrottledAsyncChecker.java:schedule(139)) - Scheduling a check for org.apache.hadoop.ozone.container.common.volume.HddsVolume@9b23822
2019-10-02 23:00:07,929 [main] INFO  volume.HddsVolumeChecker (HddsVolumeChecker.java:checkAllVolumes(202)) - Scheduled health check for volume org.apache.hadoop.ozone.container.common.volume.HddsVolume@9b23822
2019-10-02 23:00:07,946 [main] INFO  impl.RaftServerProxy (ConfUtils.java:logGet(43)) - raft.rpc.type = GRPC (default)
2019-10-02 23:00:07,948 [main] INFO  grpc.GrpcFactory (GrpcFactory.java:checkPooledByteBufAllocatorUseCacheForAllThreads(45)) - PERFORMANCE WARNING: useCacheForAllThreads is true that may cause Netty to create a lot garbage objects and, as a result, trigger GC.
	It is recommended to disable useCacheForAllThreads by setting -Dorg.apache.ratis.thirdparty.io.netty.allocator.useCacheForAllThreads=false in command line.
2019-10-02 23:00:07,948 [main] INFO  grpc.GrpcConfigKeys$Server (ConfUtils.java:logGet(43)) - raft.grpc.server.port = 0 (default)
2019-10-02 23:00:07,948 [main] INFO  server.GrpcService (ConfUtils.java:logGet(43)) - raft.grpc.message.size.max = 33570816 (custom)
2019-10-02 23:00:07,949 [main] INFO  server.RaftServerConfigKeys (ConfUtils.java:logGet(43)) - raft.server.log.appender.buffer.byte-limit = 33554432 (custom)
2019-10-02 23:00:07,949 [main] INFO  server.GrpcService (ConfUtils.java:logGet(43)) - raft.grpc.flow.control.window = 1MB (=1048576) (default)
2019-10-02 23:00:07,949 [main] INFO  server.RaftServerConfigKeys (ConfUtils.java:logGet(43)) - raft.server.rpc.request.timeout = 3000ms (default)
2019-10-02 23:00:07,950 [main] INFO  server.RaftServerConfigKeys (ConfUtils.java:logGet(43)) - raft.server.storage.dir = [/workdir/hadoop-ozone/integration-test/target/test-dir/MiniOzoneClusterImpl-d38320c1-1c9a-4451-99ce-f4a8da752828/datanode-0/data/ratis] (custom)
2019-10-02 23:00:07,952 [main] INFO  hdfs.DFSUtil (DFSUtil.java:httpServerTemplateForNNAndJN(1641)) - Starting Web-server for hddsDatanode at: http://0.0.0.0:0
2019-10-02 23:00:07,954 [main] INFO  server.AuthenticationFilter (AuthenticationFilter.java:constructSecretProvider(240)) - Unable to initialize FileSignerSecretProvider, falling back to use random secrets.
2019-10-02 23:00:07,955 [main] WARN  http.HttpRequestLog (HttpRequestLog.java:getRequestLog(97)) - Jetty request log can only be enabled using Log4j
2019-10-02 23:00:07,957 [main] INFO  http.HttpServer2 (HttpServer2.java:addGlobalFilter(975)) - Added global filter 'safety' (class=org.apache.hadoop.http.HttpServer2$QuotingInputFilter)
2019-10-02 23:00:07,958 [main] INFO  http.HttpServer2 (HttpServer2.java:addFilter(948)) - Added filter static_user_filter (class=org.apache.hadoop.http.lib.StaticUserWebFilter$StaticUserFilter) to context hddsDatanode
2019-10-02 23:00:07,958 [main] INFO  http.HttpServer2 (HttpServer2.java:addFilter(958)) - Added filter static_user_filter (class=org.apache.hadoop.http.lib.StaticUserWebFilter$StaticUserFilter) to context logs
2019-10-02 23:00:07,958 [main] INFO  http.HttpServer2 (HttpServer2.java:addFilter(958)) - Added filter static_user_filter (class=org.apache.hadoop.http.lib.StaticUserWebFilter$StaticUserFilter) to context static
2019-10-02 23:00:07,959 [main] INFO  http.HttpServer2 (HttpServer2.java:bindListener(1191)) - Jetty bound to port 40791
2019-10-02 23:00:07,959 [main] INFO  server.Server (Server.java:doStart(351)) - jetty-9.3.25.v20180904, build timestamp: 2018-09-04T21:11:46Z, git hash: 3ce520221d0240229c862b122d2b06c12a625732
2019-10-02 23:00:07,961 [main] INFO  handler.ContextHandler (ContextHandler.java:doStart(781)) - Started o.e.j.s.ServletContextHandler@52ea0269{/logs,file:///workdir/hadoop-ozone/integration-test/target/log,AVAILABLE}
2019-10-02 23:00:07,962 [main] INFO  handler.ContextHandler (ContextHandler.java:doStart(781)) - Started o.e.j.s.ServletContextHandler@43ecfeb5{/static,jar:file:/home/user/.m2/repository/org/apache/hadoop/hadoop-hdds-container-service/0.5.0-SNAPSHOT/hadoop-hdds-container-service-0.5.0-SNAPSHOT.jar!/webapps/static,AVAILABLE}
2019-10-02 23:00:07,993 [main] INFO  handler.ContextHandler (ContextHandler.java:doStart(781)) - Started o.e.j.w.WebAppContext@7792d851{/,file:///tmp/jetty-0.0.0.0-40791-hddsDatanode-_-any-1918897311389795730.dir/webapp/,AVAILABLE}{/hddsDatanode}
2019-10-02 23:00:07,994 [main] INFO  server.AbstractConnector (AbstractConnector.java:doStart(278)) - Started ServerConnector@5cd96b41{HTTP/1.1,[http/1.1]}{0.0.0.0:40791}
2019-10-02 23:00:07,996 [main] INFO  server.Server (Server.java:doStart(419)) - Started @123880ms
2019-10-02 23:00:07,996 [main] WARN  impl.MetricsSystemImpl (MetricsSystemImpl.java:register(276)) - Sink prometheus already exists!
2019-10-02 23:00:07,996 [main] INFO  server.BaseHttpServer (BaseHttpServer.java:updateConnectorAddress(215)) - HTTP server of HDDSDATANODE is listening at http://0.0.0.0:40791
2019-10-02 23:00:07,997 [main] INFO  impl.MetricsSystemImpl (MetricsSystemImpl.java:init(158)) - HddsDatanode metrics system started (again)
2019-10-02 23:00:07,999 [org.apache.hadoop.util.JvmPauseMonitor$Monitor@795259d8] INFO  util.JvmPauseMonitor (JvmPauseMonitor.java:run(188)) - Starting JVM pause monitor
2019-10-02 23:00:08,001 [main] INFO  ozone.HddsDatanodeService (HddsDatanodeService.java:start(184)) - HddsDatanodeService host:pr-hdds-2226-secures3-kzjg4-641534921 ip:192.168.164.235
2019-10-02 23:00:08,001 [Datanode State Machine Thread - 0] INFO  datanode.InitDatanodeState (InitDatanodeState.java:persistContainerDatanodeDetails(140)) - DatanodeDetails is persisted to /workdir/hadoop-ozone/integration-test/target/test-dir/MiniOzoneClusterImpl-d38320c1-1c9a-4451-99ce-f4a8da752828/datanode-0/meta/datanode.id
2019-10-02 23:00:08,006 [main] INFO  volume.HddsVolume (HddsVolume.java:<init>(176)) - Creating Volume: /workdir/hadoop-ozone/integration-test/target/test-dir/MiniOzoneClusterImpl-d38320c1-1c9a-4451-99ce-f4a8da752828/datanode-1/data/containers/hdds of  storage type : DISK and capacity : 1482555576320
2019-10-02 23:00:08,007 [main] INFO  volume.VolumeSet (VolumeSet.java:initializeVolumeSet(170)) - Added Volume : /workdir/hadoop-ozone/integration-test/target/test-dir/MiniOzoneClusterImpl-d38320c1-1c9a-4451-99ce-f4a8da752828/datanode-1/data/containers/hdds to VolumeSet
2019-10-02 23:00:08,007 [main] INFO  volume.ThrottledAsyncChecker (ThrottledAsyncChecker.java:schedule(139)) - Scheduling a check for org.apache.hadoop.ozone.container.common.volume.HddsVolume@3d620a1
2019-10-02 23:00:08,008 [main] INFO  volume.HddsVolumeChecker (HddsVolumeChecker.java:checkAllVolumes(202)) - Scheduled health check for volume org.apache.hadoop.ozone.container.common.volume.HddsVolume@3d620a1
2019-10-02 23:00:08,021 [main] INFO  impl.RaftServerProxy (ConfUtils.java:logGet(43)) - raft.rpc.type = GRPC (default)
2019-10-02 23:00:08,022 [main] INFO  grpc.GrpcFactory (GrpcFactory.java:checkPooledByteBufAllocatorUseCacheForAllThreads(45)) - PERFORMANCE WARNING: useCacheForAllThreads is true that may cause Netty to create a lot garbage objects and, as a result, trigger GC.
	It is recommended to disable useCacheForAllThreads by setting -Dorg.apache.ratis.thirdparty.io.netty.allocator.useCacheForAllThreads=false in command line.
2019-10-02 23:00:08,022 [main] INFO  grpc.GrpcConfigKeys$Server (ConfUtils.java:logGet(43)) - raft.grpc.server.port = 0 (default)
2019-10-02 23:00:08,022 [main] INFO  server.GrpcService (ConfUtils.java:logGet(43)) - raft.grpc.message.size.max = 33570816 (custom)
2019-10-02 23:00:08,022 [main] INFO  server.RaftServerConfigKeys (ConfUtils.java:logGet(43)) - raft.server.log.appender.buffer.byte-limit = 33554432 (custom)
2019-10-02 23:00:08,022 [main] INFO  server.GrpcService (ConfUtils.java:logGet(43)) - raft.grpc.flow.control.window = 1MB (=1048576) (default)
2019-10-02 23:00:08,023 [main] INFO  server.RaftServerConfigKeys (ConfUtils.java:logGet(43)) - raft.server.rpc.request.timeout = 3000ms (default)
2019-10-02 23:00:08,023 [main] INFO  server.RaftServerConfigKeys (ConfUtils.java:logGet(43)) - raft.server.storage.dir = [/workdir/hadoop-ozone/integration-test/target/test-dir/MiniOzoneClusterImpl-d38320c1-1c9a-4451-99ce-f4a8da752828/datanode-1/data/ratis] (custom)
2019-10-02 23:00:08,025 [main] INFO  hdfs.DFSUtil (DFSUtil.java:httpServerTemplateForNNAndJN(1641)) - Starting Web-server for hddsDatanode at: http://0.0.0.0:0
2019-10-02 23:00:08,029 [main] INFO  server.AuthenticationFilter (AuthenticationFilter.java:constructSecretProvider(240)) - Unable to initialize FileSignerSecretProvider, falling back to use random secrets.
2019-10-02 23:00:08,030 [main] WARN  http.HttpRequestLog (HttpRequestLog.java:getRequestLog(97)) - Jetty request log can only be enabled using Log4j
2019-10-02 23:00:08,031 [main] INFO  http.HttpServer2 (HttpServer2.java:addGlobalFilter(975)) - Added global filter 'safety' (class=org.apache.hadoop.http.HttpServer2$QuotingInputFilter)
2019-10-02 23:00:08,032 [main] INFO  http.HttpServer2 (HttpServer2.java:addFilter(948)) - Added filter static_user_filter (class=org.apache.hadoop.http.lib.StaticUserWebFilter$StaticUserFilter) to context hddsDatanode
2019-10-02 23:00:08,032 [main] INFO  http.HttpServer2 (HttpServer2.java:addFilter(958)) - Added filter static_user_filter (class=org.apache.hadoop.http.lib.StaticUserWebFilter$StaticUserFilter) to context static
2019-10-02 23:00:08,032 [main] INFO  http.HttpServer2 (HttpServer2.java:addFilter(958)) - Added filter static_user_filter (class=org.apache.hadoop.http.lib.StaticUserWebFilter$StaticUserFilter) to context logs
2019-10-02 23:00:08,033 [main] INFO  http.HttpServer2 (HttpServer2.java:bindListener(1191)) - Jetty bound to port 45177
2019-10-02 23:00:08,033 [main] INFO  server.Server (Server.java:doStart(351)) - jetty-9.3.25.v20180904, build timestamp: 2018-09-04T21:11:46Z, git hash: 3ce520221d0240229c862b122d2b06c12a625732
2019-10-02 23:00:08,035 [main] INFO  handler.ContextHandler (ContextHandler.java:doStart(781)) - Started o.e.j.s.ServletContextHandler@1f87607c{/logs,file:///workdir/hadoop-ozone/integration-test/target/log,AVAILABLE}
2019-10-02 23:00:08,036 [main] INFO  handler.ContextHandler (ContextHandler.java:doStart(781)) - Started o.e.j.s.ServletContextHandler@6ddee60f{/static,jar:file:/home/user/.m2/repository/org/apache/hadoop/hadoop-hdds-container-service/0.5.0-SNAPSHOT/hadoop-hdds-container-service-0.5.0-SNAPSHOT.jar!/webapps/static,AVAILABLE}
2019-10-02 23:00:08,064 [main] INFO  handler.ContextHandler (ContextHandler.java:doStart(781)) - Started o.e.j.w.WebAppContext@3a00b15d{/,file:///tmp/jetty-0.0.0.0-45177-hddsDatanode-_-any-8816468070373951866.dir/webapp/,AVAILABLE}{/hddsDatanode}
2019-10-02 23:00:08,064 [main] INFO  server.AbstractConnector (AbstractConnector.java:doStart(278)) - Started ServerConnector@36ef1d65{HTTP/1.1,[http/1.1]}{0.0.0.0:45177}
2019-10-02 23:00:08,068 [main] INFO  server.Server (Server.java:doStart(419)) - Started @123953ms
2019-10-02 23:00:08,069 [main] WARN  impl.MetricsSystemImpl (MetricsSystemImpl.java:register(276)) - Sink prometheus already exists!
2019-10-02 23:00:08,069 [main] INFO  server.BaseHttpServer (BaseHttpServer.java:updateConnectorAddress(215)) - HTTP server of HDDSDATANODE is listening at http://0.0.0.0:45177
2019-10-02 23:00:08,069 [main] INFO  impl.MetricsSystemImpl (MetricsSystemImpl.java:init(158)) - HddsDatanode metrics system started (again)
2019-10-02 23:00:08,072 [org.apache.hadoop.util.JvmPauseMonitor$Monitor@7800d410] INFO  util.JvmPauseMonitor (JvmPauseMonitor.java:run(188)) - Starting JVM pause monitor
2019-10-02 23:00:08,073 [main] INFO  ozone.HddsDatanodeService (HddsDatanodeService.java:start(184)) - HddsDatanodeService host:pr-hdds-2226-secures3-kzjg4-641534921 ip:192.168.164.235
2019-10-02 23:00:08,075 [Datanode State Machine Thread - 0] INFO  datanode.InitDatanodeState (InitDatanodeState.java:persistContainerDatanodeDetails(140)) - DatanodeDetails is persisted to /workdir/hadoop-ozone/integration-test/target/test-dir/MiniOzoneClusterImpl-d38320c1-1c9a-4451-99ce-f4a8da752828/datanode-1/meta/datanode.id
2019-10-02 23:00:08,079 [main] INFO  volume.HddsVolume (HddsVolume.java:<init>(176)) - Creating Volume: /workdir/hadoop-ozone/integration-test/target/test-dir/MiniOzoneClusterImpl-d38320c1-1c9a-4451-99ce-f4a8da752828/datanode-2/data/containers/hdds of  storage type : DISK and capacity : 1482555576320
2019-10-02 23:00:08,079 [main] INFO  volume.VolumeSet (VolumeSet.java:initializeVolumeSet(170)) - Added Volume : /workdir/hadoop-ozone/integration-test/target/test-dir/MiniOzoneClusterImpl-d38320c1-1c9a-4451-99ce-f4a8da752828/datanode-2/data/containers/hdds to VolumeSet
2019-10-02 23:00:08,080 [main] INFO  volume.ThrottledAsyncChecker (ThrottledAsyncChecker.java:schedule(139)) - Scheduling a check for org.apache.hadoop.ozone.container.common.volume.HddsVolume@691500ab
2019-10-02 23:00:08,080 [main] INFO  volume.HddsVolumeChecker (HddsVolumeChecker.java:checkAllVolumes(202)) - Scheduled health check for volume org.apache.hadoop.ozone.container.common.volume.HddsVolume@691500ab
2019-10-02 23:00:08,105 [main] INFO  impl.RaftServerProxy (ConfUtils.java:logGet(43)) - raft.rpc.type = GRPC (default)
2019-10-02 23:00:08,105 [main] INFO  grpc.GrpcFactory (GrpcFactory.java:checkPooledByteBufAllocatorUseCacheForAllThreads(45)) - PERFORMANCE WARNING: useCacheForAllThreads is true that may cause Netty to create a lot garbage objects and, as a result, trigger GC.
	It is recommended to disable useCacheForAllThreads by setting -Dorg.apache.ratis.thirdparty.io.netty.allocator.useCacheForAllThreads=false in command line.
2019-10-02 23:00:08,105 [main] INFO  grpc.GrpcConfigKeys$Server (ConfUtils.java:logGet(43)) - raft.grpc.server.port = 0 (default)
2019-10-02 23:00:08,106 [main] INFO  server.GrpcService (ConfUtils.java:logGet(43)) - raft.grpc.message.size.max = 33570816 (custom)
2019-10-02 23:00:08,106 [main] INFO  server.RaftServerConfigKeys (ConfUtils.java:logGet(43)) - raft.server.log.appender.buffer.byte-limit = 33554432 (custom)
2019-10-02 23:00:08,106 [main] INFO  server.GrpcService (ConfUtils.java:logGet(43)) - raft.grpc.flow.control.window = 1MB (=1048576) (default)
2019-10-02 23:00:08,107 [main] INFO  server.RaftServerConfigKeys (ConfUtils.java:logGet(43)) - raft.server.rpc.request.timeout = 3000ms (default)
2019-10-02 23:00:08,107 [main] INFO  server.RaftServerConfigKeys (ConfUtils.java:logGet(43)) - raft.server.storage.dir = [/workdir/hadoop-ozone/integration-test/target/test-dir/MiniOzoneClusterImpl-d38320c1-1c9a-4451-99ce-f4a8da752828/datanode-2/data/ratis] (custom)
2019-10-02 23:00:08,109 [main] INFO  hdfs.DFSUtil (DFSUtil.java:httpServerTemplateForNNAndJN(1641)) - Starting Web-server for hddsDatanode at: http://0.0.0.0:0
2019-10-02 23:00:08,111 [main] INFO  server.AuthenticationFilter (AuthenticationFilter.java:constructSecretProvider(240)) - Unable to initialize FileSignerSecretProvider, falling back to use random secrets.
2019-10-02 23:00:08,112 [main] WARN  http.HttpRequestLog (HttpRequestLog.java:getRequestLog(97)) - Jetty request log can only be enabled using Log4j
2019-10-02 23:00:08,114 [main] INFO  http.HttpServer2 (HttpServer2.java:addGlobalFilter(975)) - Added global filter 'safety' (class=org.apache.hadoop.http.HttpServer2$QuotingInputFilter)
2019-10-02 23:00:08,114 [main] INFO  http.HttpServer2 (HttpServer2.java:addFilter(948)) - Added filter static_user_filter (class=org.apache.hadoop.http.lib.StaticUserWebFilter$StaticUserFilter) to context hddsDatanode
2019-10-02 23:00:08,115 [main] INFO  http.HttpServer2 (HttpServer2.java:addFilter(958)) - Added filter static_user_filter (class=org.apache.hadoop.http.lib.StaticUserWebFilter$StaticUserFilter) to context static
2019-10-02 23:00:08,115 [main] INFO  http.HttpServer2 (HttpServer2.java:addFilter(958)) - Added filter static_user_filter (class=org.apache.hadoop.http.lib.StaticUserWebFilter$StaticUserFilter) to context logs
2019-10-02 23:00:08,115 [main] INFO  http.HttpServer2 (HttpServer2.java:bindListener(1191)) - Jetty bound to port 35693
2019-10-02 23:00:08,116 [main] INFO  server.Server (Server.java:doStart(351)) - jetty-9.3.25.v20180904, build timestamp: 2018-09-04T21:11:46Z, git hash: 3ce520221d0240229c862b122d2b06c12a625732
2019-10-02 23:00:08,117 [main] INFO  handler.ContextHandler (ContextHandler.java:doStart(781)) - Started o.e.j.s.ServletContextHandler@5b202ff{/logs,file:///workdir/hadoop-ozone/integration-test/target/log,AVAILABLE}
2019-10-02 23:00:08,118 [main] INFO  handler.ContextHandler (ContextHandler.java:doStart(781)) - Started o.e.j.s.ServletContextHandler@e700eba{/static,jar:file:/home/user/.m2/repository/org/apache/hadoop/hadoop-hdds-container-service/0.5.0-SNAPSHOT/hadoop-hdds-container-service-0.5.0-SNAPSHOT.jar!/webapps/static,AVAILABLE}
2019-10-02 23:00:08,148 [main] INFO  handler.ContextHandler (ContextHandler.java:doStart(781)) - Started o.e.j.w.WebAppContext@39dec536{/,file:///tmp/jetty-0.0.0.0-35693-hddsDatanode-_-any-3952459913068345759.dir/webapp/,AVAILABLE}{/hddsDatanode}
2019-10-02 23:00:08,149 [main] INFO  server.AbstractConnector (AbstractConnector.java:doStart(278)) - Started ServerConnector@4a1a256d{HTTP/1.1,[http/1.1]}{0.0.0.0:35693}
2019-10-02 23:00:08,151 [main] INFO  server.Server (Server.java:doStart(419)) - Started @124035ms
2019-10-02 23:00:08,151 [main] WARN  impl.MetricsSystemImpl (MetricsSystemImpl.java:register(276)) - Sink prometheus already exists!
2019-10-02 23:00:08,152 [main] INFO  server.BaseHttpServer (BaseHttpServer.java:updateConnectorAddress(215)) - HTTP server of HDDSDATANODE is listening at http://0.0.0.0:35693
2019-10-02 23:00:08,152 [main] INFO  impl.MetricsSystemImpl (MetricsSystemImpl.java:init(158)) - HddsDatanode metrics system started (again)
2019-10-02 23:00:08,155 [org.apache.hadoop.util.JvmPauseMonitor$Monitor@458232a9] INFO  util.JvmPauseMonitor (JvmPauseMonitor.java:run(188)) - Starting JVM pause monitor
2019-10-02 23:00:08,155 [main] INFO  ozone.HddsDatanodeService (HddsDatanodeService.java:start(184)) - HddsDatanodeService host:pr-hdds-2226-secures3-kzjg4-641534921 ip:192.168.164.235
2019-10-02 23:00:08,156 [Datanode State Machine Thread - 0] INFO  datanode.InitDatanodeState (InitDatanodeState.java:persistContainerDatanodeDetails(140)) - DatanodeDetails is persisted to /workdir/hadoop-ozone/integration-test/target/test-dir/MiniOzoneClusterImpl-d38320c1-1c9a-4451-99ce-f4a8da752828/datanode-2/meta/datanode.id
2019-10-02 23:00:08,161 [main] INFO  volume.HddsVolume (HddsVolume.java:<init>(176)) - Creating Volume: /workdir/hadoop-ozone/integration-test/target/test-dir/MiniOzoneClusterImpl-d38320c1-1c9a-4451-99ce-f4a8da752828/datanode-3/data/containers/hdds of  storage type : DISK and capacity : 1482555576320
2019-10-02 23:00:08,162 [main] INFO  volume.VolumeSet (VolumeSet.java:initializeVolumeSet(170)) - Added Volume : /workdir/hadoop-ozone/integration-test/target/test-dir/MiniOzoneClusterImpl-d38320c1-1c9a-4451-99ce-f4a8da752828/datanode-3/data/containers/hdds to VolumeSet
2019-10-02 23:00:08,162 [main] INFO  volume.ThrottledAsyncChecker (ThrottledAsyncChecker.java:schedule(139)) - Scheduling a check for org.apache.hadoop.ozone.container.common.volume.HddsVolume@67bb4dcd
2019-10-02 23:00:08,163 [main] INFO  volume.HddsVolumeChecker (HddsVolumeChecker.java:checkAllVolumes(202)) - Scheduled health check for volume org.apache.hadoop.ozone.container.common.volume.HddsVolume@67bb4dcd
2019-10-02 23:00:08,177 [main] INFO  impl.RaftServerProxy (ConfUtils.java:logGet(43)) - raft.rpc.type = GRPC (default)
2019-10-02 23:00:08,177 [main] INFO  grpc.GrpcFactory (GrpcFactory.java:checkPooledByteBufAllocatorUseCacheForAllThreads(45)) - PERFORMANCE WARNING: useCacheForAllThreads is true that may cause Netty to create a lot garbage objects and, as a result, trigger GC.
	It is recommended to disable useCacheForAllThreads by setting -Dorg.apache.ratis.thirdparty.io.netty.allocator.useCacheForAllThreads=false in command line.
2019-10-02 23:00:08,177 [main] INFO  grpc.GrpcConfigKeys$Server (ConfUtils.java:logGet(43)) - raft.grpc.server.port = 0 (default)
2019-10-02 23:00:08,177 [main] INFO  server.GrpcService (ConfUtils.java:logGet(43)) - raft.grpc.message.size.max = 33570816 (custom)
2019-10-02 23:00:08,178 [main] INFO  server.RaftServerConfigKeys (ConfUtils.java:logGet(43)) - raft.server.log.appender.buffer.byte-limit = 33554432 (custom)
2019-10-02 23:00:08,178 [main] INFO  server.GrpcService (ConfUtils.java:logGet(43)) - raft.grpc.flow.control.window = 1MB (=1048576) (default)
2019-10-02 23:00:08,178 [main] INFO  server.RaftServerConfigKeys (ConfUtils.java:logGet(43)) - raft.server.rpc.request.timeout = 3000ms (default)
2019-10-02 23:00:08,179 [main] INFO  server.RaftServerConfigKeys (ConfUtils.java:logGet(43)) - raft.server.storage.dir = [/workdir/hadoop-ozone/integration-test/target/test-dir/MiniOzoneClusterImpl-d38320c1-1c9a-4451-99ce-f4a8da752828/datanode-3/data/ratis] (custom)
2019-10-02 23:00:08,180 [main] INFO  hdfs.DFSUtil (DFSUtil.java:httpServerTemplateForNNAndJN(1641)) - Starting Web-server for hddsDatanode at: http://0.0.0.0:0
2019-10-02 23:00:08,181 [main] INFO  server.AuthenticationFilter (AuthenticationFilter.java:constructSecretProvider(240)) - Unable to initialize FileSignerSecretProvider, falling back to use random secrets.
2019-10-02 23:00:08,182 [main] WARN  http.HttpRequestLog (HttpRequestLog.java:getRequestLog(97)) - Jetty request log can only be enabled using Log4j
2019-10-02 23:00:08,183 [main] INFO  http.HttpServer2 (HttpServer2.java:addGlobalFilter(975)) - Added global filter 'safety' (class=org.apache.hadoop.http.HttpServer2$QuotingInputFilter)
2019-10-02 23:00:08,184 [main] INFO  http.HttpServer2 (HttpServer2.java:addFilter(948)) - Added filter static_user_filter (class=org.apache.hadoop.http.lib.StaticUserWebFilter$StaticUserFilter) to context hddsDatanode
2019-10-02 23:00:08,184 [main] INFO  http.HttpServer2 (HttpServer2.java:addFilter(958)) - Added filter static_user_filter (class=org.apache.hadoop.http.lib.StaticUserWebFilter$StaticUserFilter) to context static
2019-10-02 23:00:08,184 [main] INFO  http.HttpServer2 (HttpServer2.java:addFilter(958)) - Added filter static_user_filter (class=org.apache.hadoop.http.lib.StaticUserWebFilter$StaticUserFilter) to context logs
2019-10-02 23:00:08,185 [main] INFO  http.HttpServer2 (HttpServer2.java:bindListener(1191)) - Jetty bound to port 45261
2019-10-02 23:00:08,185 [main] INFO  server.Server (Server.java:doStart(351)) - jetty-9.3.25.v20180904, build timestamp: 2018-09-04T21:11:46Z, git hash: 3ce520221d0240229c862b122d2b06c12a625732
2019-10-02 23:00:08,187 [main] INFO  handler.ContextHandler (ContextHandler.java:doStart(781)) - Started o.e.j.s.ServletContextHandler@5a7df831{/logs,file:///workdir/hadoop-ozone/integration-test/target/log,AVAILABLE}
2019-10-02 23:00:08,187 [main] INFO  handler.ContextHandler (ContextHandler.java:doStart(781)) - Started o.e.j.s.ServletContextHandler@22d7fd41{/static,jar:file:/home/user/.m2/repository/org/apache/hadoop/hadoop-hdds-container-service/0.5.0-SNAPSHOT/hadoop-hdds-container-service-0.5.0-SNAPSHOT.jar!/webapps/static,AVAILABLE}
2019-10-02 23:00:08,216 [main] INFO  handler.ContextHandler (ContextHandler.java:doStart(781)) - Started o.e.j.w.WebAppContext@75aea2ba{/,file:///tmp/jetty-0.0.0.0-45261-hddsDatanode-_-any-2928137946351913691.dir/webapp/,AVAILABLE}{/hddsDatanode}
2019-10-02 23:00:08,216 [main] INFO  server.AbstractConnector (AbstractConnector.java:doStart(278)) - Started ServerConnector@2a47597{HTTP/1.1,[http/1.1]}{0.0.0.0:45261}
2019-10-02 23:00:08,218 [main] INFO  server.Server (Server.java:doStart(419)) - Started @124102ms
2019-10-02 23:00:08,218 [main] WARN  impl.MetricsSystemImpl (MetricsSystemImpl.java:register(276)) - Sink prometheus already exists!
2019-10-02 23:00:08,218 [main] INFO  server.BaseHttpServer (BaseHttpServer.java:updateConnectorAddress(215)) - HTTP server of HDDSDATANODE is listening at http://0.0.0.0:45261
2019-10-02 23:00:08,219 [main] INFO  impl.MetricsSystemImpl (MetricsSystemImpl.java:init(158)) - HddsDatanode metrics system started (again)
2019-10-02 23:00:08,222 [org.apache.hadoop.util.JvmPauseMonitor$Monitor@4d164ff4] INFO  util.JvmPauseMonitor (JvmPauseMonitor.java:run(188)) - Starting JVM pause monitor
2019-10-02 23:00:08,222 [main] INFO  ozone.HddsDatanodeService (HddsDatanodeService.java:start(184)) - HddsDatanodeService host:pr-hdds-2226-secures3-kzjg4-641534921 ip:192.168.164.235
2019-10-02 23:00:08,223 [Datanode State Machine Thread - 0] INFO  datanode.InitDatanodeState (InitDatanodeState.java:persistContainerDatanodeDetails(140)) - DatanodeDetails is persisted to /workdir/hadoop-ozone/integration-test/target/test-dir/MiniOzoneClusterImpl-d38320c1-1c9a-4451-99ce-f4a8da752828/datanode-3/meta/datanode.id
2019-10-02 23:00:08,231 [main] INFO  volume.HddsVolume (HddsVolume.java:<init>(176)) - Creating Volume: /workdir/hadoop-ozone/integration-test/target/test-dir/MiniOzoneClusterImpl-d38320c1-1c9a-4451-99ce-f4a8da752828/datanode-4/data/containers/hdds of  storage type : DISK and capacity : 1482555576320
2019-10-02 23:00:08,232 [main] INFO  volume.VolumeSet (VolumeSet.java:initializeVolumeSet(170)) - Added Volume : /workdir/hadoop-ozone/integration-test/target/test-dir/MiniOzoneClusterImpl-d38320c1-1c9a-4451-99ce-f4a8da752828/datanode-4/data/containers/hdds to VolumeSet
2019-10-02 23:00:08,232 [main] INFO  volume.ThrottledAsyncChecker (ThrottledAsyncChecker.java:schedule(139)) - Scheduling a check for org.apache.hadoop.ozone.container.common.volume.HddsVolume@2251b3bc
2019-10-02 23:00:08,232 [main] INFO  volume.HddsVolumeChecker (HddsVolumeChecker.java:checkAllVolumes(202)) - Scheduled health check for volume org.apache.hadoop.ozone.container.common.volume.HddsVolume@2251b3bc
2019-10-02 23:00:08,246 [main] INFO  impl.RaftServerProxy (ConfUtils.java:logGet(43)) - raft.rpc.type = GRPC (default)
2019-10-02 23:00:08,246 [main] INFO  grpc.GrpcFactory (GrpcFactory.java:checkPooledByteBufAllocatorUseCacheForAllThreads(45)) - PERFORMANCE WARNING: useCacheForAllThreads is true that may cause Netty to create a lot garbage objects and, as a result, trigger GC.
	It is recommended to disable useCacheForAllThreads by setting -Dorg.apache.ratis.thirdparty.io.netty.allocator.useCacheForAllThreads=false in command line.
2019-10-02 23:00:08,246 [main] INFO  grpc.GrpcConfigKeys$Server (ConfUtils.java:logGet(43)) - raft.grpc.server.port = 0 (default)
2019-10-02 23:00:08,246 [main] INFO  server.GrpcService (ConfUtils.java:logGet(43)) - raft.grpc.message.size.max = 33570816 (custom)
2019-10-02 23:00:08,247 [main] INFO  server.RaftServerConfigKeys (ConfUtils.java:logGet(43)) - raft.server.log.appender.buffer.byte-limit = 33554432 (custom)
2019-10-02 23:00:08,247 [main] INFO  server.GrpcService (ConfUtils.java:logGet(43)) - raft.grpc.flow.control.window = 1MB (=1048576) (default)
2019-10-02 23:00:08,247 [main] INFO  server.RaftServerConfigKeys (ConfUtils.java:logGet(43)) - raft.server.rpc.request.timeout = 3000ms (default)
2019-10-02 23:00:08,247 [main] INFO  server.RaftServerConfigKeys (ConfUtils.java:logGet(43)) - raft.server.storage.dir = [/workdir/hadoop-ozone/integration-test/target/test-dir/MiniOzoneClusterImpl-d38320c1-1c9a-4451-99ce-f4a8da752828/datanode-4/data/ratis] (custom)
2019-10-02 23:00:08,249 [main] INFO  hdfs.DFSUtil (DFSUtil.java:httpServerTemplateForNNAndJN(1641)) - Starting Web-server for hddsDatanode at: http://0.0.0.0:0
2019-10-02 23:00:08,250 [main] INFO  server.AuthenticationFilter (AuthenticationFilter.java:constructSecretProvider(240)) - Unable to initialize FileSignerSecretProvider, falling back to use random secrets.
2019-10-02 23:00:08,251 [main] WARN  http.HttpRequestLog (HttpRequestLog.java:getRequestLog(97)) - Jetty request log can only be enabled using Log4j
2019-10-02 23:00:08,252 [main] INFO  http.HttpServer2 (HttpServer2.java:addGlobalFilter(975)) - Added global filter 'safety' (class=org.apache.hadoop.http.HttpServer2$QuotingInputFilter)
2019-10-02 23:00:08,253 [main] INFO  http.HttpServer2 (HttpServer2.java:addFilter(948)) - Added filter static_user_filter (class=org.apache.hadoop.http.lib.StaticUserWebFilter$StaticUserFilter) to context hddsDatanode
2019-10-02 23:00:08,253 [main] INFO  http.HttpServer2 (HttpServer2.java:addFilter(958)) - Added filter static_user_filter (class=org.apache.hadoop.http.lib.StaticUserWebFilter$StaticUserFilter) to context logs
2019-10-02 23:00:08,253 [main] INFO  http.HttpServer2 (HttpServer2.java:addFilter(958)) - Added filter static_user_filter (class=org.apache.hadoop.http.lib.StaticUserWebFilter$StaticUserFilter) to context static
2019-10-02 23:00:08,254 [main] INFO  http.HttpServer2 (HttpServer2.java:bindListener(1191)) - Jetty bound to port 37770
2019-10-02 23:00:08,254 [main] INFO  server.Server (Server.java:doStart(351)) - jetty-9.3.25.v20180904, build timestamp: 2018-09-04T21:11:46Z, git hash: 3ce520221d0240229c862b122d2b06c12a625732
2019-10-02 23:00:08,256 [main] INFO  handler.ContextHandler (ContextHandler.java:doStart(781)) - Started o.e.j.s.ServletContextHandler@3a4aadf8{/logs,file:///workdir/hadoop-ozone/integration-test/target/log,AVAILABLE}
2019-10-02 23:00:08,257 [main] INFO  handler.ContextHandler (ContextHandler.java:doStart(781)) - Started o.e.j.s.ServletContextHandler@7a682d35{/static,jar:file:/home/user/.m2/repository/org/apache/hadoop/hadoop-hdds-container-service/0.5.0-SNAPSHOT/hadoop-hdds-container-service-0.5.0-SNAPSHOT.jar!/webapps/static,AVAILABLE}
2019-10-02 23:00:08,297 [main] INFO  handler.ContextHandler (ContextHandler.java:doStart(781)) - Started o.e.j.w.WebAppContext@b5c6a30{/,file:///tmp/jetty-0.0.0.0-37770-hddsDatanode-_-any-5164439285055151911.dir/webapp/,AVAILABLE}{/hddsDatanode}
2019-10-02 23:00:08,298 [main] INFO  server.AbstractConnector (AbstractConnector.java:doStart(278)) - Started ServerConnector@3bfae028{HTTP/1.1,[http/1.1]}{0.0.0.0:37770}
2019-10-02 23:00:08,299 [main] INFO  server.Server (Server.java:doStart(419)) - Started @124183ms
2019-10-02 23:00:08,299 [main] WARN  impl.MetricsSystemImpl (MetricsSystemImpl.java:register(276)) - Sink prometheus already exists!
2019-10-02 23:00:08,300 [main] INFO  server.BaseHttpServer (BaseHttpServer.java:updateConnectorAddress(215)) - HTTP server of HDDSDATANODE is listening at http://0.0.0.0:37770
2019-10-02 23:00:08,301 [main] INFO  impl.MetricsSystemImpl (MetricsSystemImpl.java:init(158)) - HddsDatanode metrics system started (again)
2019-10-02 23:00:08,304 [org.apache.hadoop.util.JvmPauseMonitor$Monitor@e1e61cb] INFO  util.JvmPauseMonitor (JvmPauseMonitor.java:run(188)) - Starting JVM pause monitor
2019-10-02 23:00:08,305 [main] INFO  ozone.HddsDatanodeService (HddsDatanodeService.java:start(184)) - HddsDatanodeService host:pr-hdds-2226-secures3-kzjg4-641534921 ip:192.168.164.235
2019-10-02 23:00:08,306 [Datanode State Machine Thread - 0] INFO  datanode.InitDatanodeState (InitDatanodeState.java:persistContainerDatanodeDetails(140)) - DatanodeDetails is persisted to /workdir/hadoop-ozone/integration-test/target/test-dir/MiniOzoneClusterImpl-d38320c1-1c9a-4451-99ce-f4a8da752828/datanode-4/meta/datanode.id
2019-10-02 23:00:08,311 [main] INFO  volume.HddsVolume (HddsVolume.java:<init>(176)) - Creating Volume: /workdir/hadoop-ozone/integration-test/target/test-dir/MiniOzoneClusterImpl-d38320c1-1c9a-4451-99ce-f4a8da752828/datanode-5/data/containers/hdds of  storage type : DISK and capacity : 1482555576320
2019-10-02 23:00:08,311 [main] INFO  volume.VolumeSet (VolumeSet.java:initializeVolumeSet(170)) - Added Volume : /workdir/hadoop-ozone/integration-test/target/test-dir/MiniOzoneClusterImpl-d38320c1-1c9a-4451-99ce-f4a8da752828/datanode-5/data/containers/hdds to VolumeSet
2019-10-02 23:00:08,311 [main] INFO  volume.ThrottledAsyncChecker (ThrottledAsyncChecker.java:schedule(139)) - Scheduling a check for org.apache.hadoop.ozone.container.common.volume.HddsVolume@4391a2d8
2019-10-02 23:00:08,312 [main] INFO  volume.HddsVolumeChecker (HddsVolumeChecker.java:checkAllVolumes(202)) - Scheduled health check for volume org.apache.hadoop.ozone.container.common.volume.HddsVolume@4391a2d8
2019-10-02 23:00:08,329 [main] INFO  impl.RaftServerProxy (ConfUtils.java:logGet(43)) - raft.rpc.type = GRPC (default)
2019-10-02 23:00:08,330 [main] INFO  grpc.GrpcFactory (GrpcFactory.java:checkPooledByteBufAllocatorUseCacheForAllThreads(45)) - PERFORMANCE WARNING: useCacheForAllThreads is true that may cause Netty to create a lot garbage objects and, as a result, trigger GC.
	It is recommended to disable useCacheForAllThreads by setting -Dorg.apache.ratis.thirdparty.io.netty.allocator.useCacheForAllThreads=false in command line.
2019-10-02 23:00:08,330 [main] INFO  grpc.GrpcConfigKeys$Server (ConfUtils.java:logGet(43)) - raft.grpc.server.port = 0 (default)
2019-10-02 23:00:08,330 [main] INFO  server.GrpcService (ConfUtils.java:logGet(43)) - raft.grpc.message.size.max = 33570816 (custom)
2019-10-02 23:00:08,331 [main] INFO  server.RaftServerConfigKeys (ConfUtils.java:logGet(43)) - raft.server.log.appender.buffer.byte-limit = 33554432 (custom)
2019-10-02 23:00:08,331 [main] INFO  server.GrpcService (ConfUtils.java:logGet(43)) - raft.grpc.flow.control.window = 1MB (=1048576) (default)
2019-10-02 23:00:08,331 [main] INFO  server.RaftServerConfigKeys (ConfUtils.java:logGet(43)) - raft.server.rpc.request.timeout = 3000ms (default)
2019-10-02 23:00:08,332 [main] INFO  server.RaftServerConfigKeys (ConfUtils.java:logGet(43)) - raft.server.storage.dir = [/workdir/hadoop-ozone/integration-test/target/test-dir/MiniOzoneClusterImpl-d38320c1-1c9a-4451-99ce-f4a8da752828/datanode-5/data/ratis] (custom)
2019-10-02 23:00:08,333 [main] INFO  hdfs.DFSUtil (DFSUtil.java:httpServerTemplateForNNAndJN(1641)) - Starting Web-server for hddsDatanode at: http://0.0.0.0:0
2019-10-02 23:00:08,335 [main] INFO  server.AuthenticationFilter (AuthenticationFilter.java:constructSecretProvider(240)) - Unable to initialize FileSignerSecretProvider, falling back to use random secrets.
2019-10-02 23:00:08,335 [main] WARN  http.HttpRequestLog (HttpRequestLog.java:getRequestLog(97)) - Jetty request log can only be enabled using Log4j
2019-10-02 23:00:08,337 [main] INFO  http.HttpServer2 (HttpServer2.java:addGlobalFilter(975)) - Added global filter 'safety' (class=org.apache.hadoop.http.HttpServer2$QuotingInputFilter)
2019-10-02 23:00:08,338 [main] INFO  http.HttpServer2 (HttpServer2.java:addFilter(948)) - Added filter static_user_filter (class=org.apache.hadoop.http.lib.StaticUserWebFilter$StaticUserFilter) to context hddsDatanode
2019-10-02 23:00:08,338 [main] INFO  http.HttpServer2 (HttpServer2.java:addFilter(958)) - Added filter static_user_filter (class=org.apache.hadoop.http.lib.StaticUserWebFilter$StaticUserFilter) to context static
2019-10-02 23:00:08,338 [main] INFO  http.HttpServer2 (HttpServer2.java:addFilter(958)) - Added filter static_user_filter (class=org.apache.hadoop.http.lib.StaticUserWebFilter$StaticUserFilter) to context logs
2019-10-02 23:00:08,339 [main] INFO  http.HttpServer2 (HttpServer2.java:bindListener(1191)) - Jetty bound to port 40420
2019-10-02 23:00:08,339 [main] INFO  server.Server (Server.java:doStart(351)) - jetty-9.3.25.v20180904, build timestamp: 2018-09-04T21:11:46Z, git hash: 3ce520221d0240229c862b122d2b06c12a625732
2019-10-02 23:00:08,341 [main] INFO  handler.ContextHandler (ContextHandler.java:doStart(781)) - Started o.e.j.s.ServletContextHandler@7e87ef9e{/logs,file:///workdir/hadoop-ozone/integration-test/target/log,AVAILABLE}
2019-10-02 23:00:08,341 [main] INFO  handler.ContextHandler (ContextHandler.java:doStart(781)) - Started o.e.j.s.ServletContextHandler@45843650{/static,jar:file:/home/user/.m2/repository/org/apache/hadoop/hadoop-hdds-container-service/0.5.0-SNAPSHOT/hadoop-hdds-container-service-0.5.0-SNAPSHOT.jar!/webapps/static,AVAILABLE}
2019-10-02 23:00:08,382 [main] INFO  handler.ContextHandler (ContextHandler.java:doStart(781)) - Started o.e.j.w.WebAppContext@750ed637{/,file:///tmp/jetty-0.0.0.0-40420-hddsDatanode-_-any-4102634613011395036.dir/webapp/,AVAILABLE}{/hddsDatanode}
2019-10-02 23:00:08,382 [main] INFO  server.AbstractConnector (AbstractConnector.java:doStart(278)) - Started ServerConnector@5190010f{HTTP/1.1,[http/1.1]}{0.0.0.0:40420}
2019-10-02 23:00:08,384 [main] INFO  server.Server (Server.java:doStart(419)) - Started @124268ms
2019-10-02 23:00:08,384 [main] WARN  impl.MetricsSystemImpl (MetricsSystemImpl.java:register(276)) - Sink prometheus already exists!
2019-10-02 23:00:08,385 [main] INFO  server.BaseHttpServer (BaseHttpServer.java:updateConnectorAddress(215)) - HTTP server of HDDSDATANODE is listening at http://0.0.0.0:40420
2019-10-02 23:00:08,385 [main] INFO  impl.MetricsSystemImpl (MetricsSystemImpl.java:init(158)) - HddsDatanode metrics system started (again)
2019-10-02 23:00:08,389 [org.apache.hadoop.util.JvmPauseMonitor$Monitor@5e4a1db1] INFO  util.JvmPauseMonitor (JvmPauseMonitor.java:run(188)) - Starting JVM pause monitor
2019-10-02 23:00:08,389 [main] INFO  ozone.HddsDatanodeService (HddsDatanodeService.java:start(184)) - HddsDatanodeService host:pr-hdds-2226-secures3-kzjg4-641534921 ip:192.168.164.235
2019-10-02 23:00:08,390 [Datanode State Machine Thread - 0] INFO  datanode.InitDatanodeState (InitDatanodeState.java:persistContainerDatanodeDetails(140)) - DatanodeDetails is persisted to /workdir/hadoop-ozone/integration-test/target/test-dir/MiniOzoneClusterImpl-d38320c1-1c9a-4451-99ce-f4a8da752828/datanode-5/meta/datanode.id
2019-10-02 23:00:08,395 [main] INFO  volume.HddsVolume (HddsVolume.java:<init>(176)) - Creating Volume: /workdir/hadoop-ozone/integration-test/target/test-dir/MiniOzoneClusterImpl-d38320c1-1c9a-4451-99ce-f4a8da752828/datanode-6/data/containers/hdds of  storage type : DISK and capacity : 1482555576320
2019-10-02 23:00:08,395 [main] INFO  volume.VolumeSet (VolumeSet.java:initializeVolumeSet(170)) - Added Volume : /workdir/hadoop-ozone/integration-test/target/test-dir/MiniOzoneClusterImpl-d38320c1-1c9a-4451-99ce-f4a8da752828/datanode-6/data/containers/hdds to VolumeSet
2019-10-02 23:00:08,396 [main] INFO  volume.ThrottledAsyncChecker (ThrottledAsyncChecker.java:schedule(139)) - Scheduling a check for org.apache.hadoop.ozone.container.common.volume.HddsVolume@6f9e08d4
2019-10-02 23:00:08,396 [main] INFO  volume.HddsVolumeChecker (HddsVolumeChecker.java:checkAllVolumes(202)) - Scheduled health check for volume org.apache.hadoop.ozone.container.common.volume.HddsVolume@6f9e08d4
2019-10-02 23:00:08,410 [main] INFO  impl.RaftServerProxy (ConfUtils.java:logGet(43)) - raft.rpc.type = GRPC (default)
2019-10-02 23:00:08,410 [main] INFO  grpc.GrpcFactory (GrpcFactory.java:checkPooledByteBufAllocatorUseCacheForAllThreads(45)) - PERFORMANCE WARNING: useCacheForAllThreads is true that may cause Netty to create a lot garbage objects and, as a result, trigger GC.
	It is recommended to disable useCacheForAllThreads by setting -Dorg.apache.ratis.thirdparty.io.netty.allocator.useCacheForAllThreads=false in command line.
2019-10-02 23:00:08,410 [main] INFO  grpc.GrpcConfigKeys$Server (ConfUtils.java:logGet(43)) - raft.grpc.server.port = 0 (default)
2019-10-02 23:00:08,410 [main] INFO  server.GrpcService (ConfUtils.java:logGet(43)) - raft.grpc.message.size.max = 33570816 (custom)
2019-10-02 23:00:08,410 [main] INFO  server.RaftServerConfigKeys (ConfUtils.java:logGet(43)) - raft.server.log.appender.buffer.byte-limit = 33554432 (custom)
2019-10-02 23:00:08,411 [main] INFO  server.GrpcService (ConfUtils.java:logGet(43)) - raft.grpc.flow.control.window = 1MB (=1048576) (default)
2019-10-02 23:00:08,411 [main] INFO  server.RaftServerConfigKeys (ConfUtils.java:logGet(43)) - raft.server.rpc.request.timeout = 3000ms (default)
2019-10-02 23:00:08,411 [main] INFO  server.RaftServerConfigKeys (ConfUtils.java:logGet(43)) - raft.server.storage.dir = [/workdir/hadoop-ozone/integration-test/target/test-dir/MiniOzoneClusterImpl-d38320c1-1c9a-4451-99ce-f4a8da752828/datanode-6/data/ratis] (custom)
2019-10-02 23:00:08,412 [main] INFO  hdfs.DFSUtil (DFSUtil.java:httpServerTemplateForNNAndJN(1641)) - Starting Web-server for hddsDatanode at: http://0.0.0.0:0
2019-10-02 23:00:08,413 [main] INFO  server.AuthenticationFilter (AuthenticationFilter.java:constructSecretProvider(240)) - Unable to initialize FileSignerSecretProvider, falling back to use random secrets.
2019-10-02 23:00:08,414 [main] WARN  http.HttpRequestLog (HttpRequestLog.java:getRequestLog(97)) - Jetty request log can only be enabled using Log4j
2019-10-02 23:00:08,415 [main] INFO  http.HttpServer2 (HttpServer2.java:addGlobalFilter(975)) - Added global filter 'safety' (class=org.apache.hadoop.http.HttpServer2$QuotingInputFilter)
2019-10-02 23:00:08,416 [main] INFO  http.HttpServer2 (HttpServer2.java:addFilter(948)) - Added filter static_user_filter (class=org.apache.hadoop.http.lib.StaticUserWebFilter$StaticUserFilter) to context hddsDatanode
2019-10-02 23:00:08,416 [main] INFO  http.HttpServer2 (HttpServer2.java:addFilter(958)) - Added filter static_user_filter (class=org.apache.hadoop.http.lib.StaticUserWebFilter$StaticUserFilter) to context static
2019-10-02 23:00:08,416 [main] INFO  http.HttpServer2 (HttpServer2.java:addFilter(958)) - Added filter static_user_filter (class=org.apache.hadoop.http.lib.StaticUserWebFilter$StaticUserFilter) to context logs
2019-10-02 23:00:08,417 [main] INFO  http.HttpServer2 (HttpServer2.java:bindListener(1191)) - Jetty bound to port 43528
2019-10-02 23:00:08,417 [main] INFO  server.Server (Server.java:doStart(351)) - jetty-9.3.25.v20180904, build timestamp: 2018-09-04T21:11:46Z, git hash: 3ce520221d0240229c862b122d2b06c12a625732
2019-10-02 23:00:08,419 [main] INFO  handler.ContextHandler (ContextHandler.java:doStart(781)) - Started o.e.j.s.ServletContextHandler@2f20f7ad{/logs,file:///workdir/hadoop-ozone/integration-test/target/log,AVAILABLE}
2019-10-02 23:00:08,419 [main] INFO  handler.ContextHandler (ContextHandler.java:doStart(781)) - Started o.e.j.s.ServletContextHandler@5042e3d0{/static,jar:file:/home/user/.m2/repository/org/apache/hadoop/hadoop-hdds-container-service/0.5.0-SNAPSHOT/hadoop-hdds-container-service-0.5.0-SNAPSHOT.jar!/webapps/static,AVAILABLE}
2019-10-02 23:00:08,447 [main] INFO  handler.ContextHandler (ContextHandler.java:doStart(781)) - Started o.e.j.w.WebAppContext@1de4bee0{/,file:///tmp/jetty-0.0.0.0-43528-hddsDatanode-_-any-8378951550240433569.dir/webapp/,AVAILABLE}{/hddsDatanode}
2019-10-02 23:00:08,447 [main] INFO  server.AbstractConnector (AbstractConnector.java:doStart(278)) - Started ServerConnector@3ece79fe{HTTP/1.1,[http/1.1]}{0.0.0.0:43528}
2019-10-02 23:00:08,449 [main] INFO  server.Server (Server.java:doStart(419)) - Started @124333ms
2019-10-02 23:00:08,449 [main] WARN  impl.MetricsSystemImpl (MetricsSystemImpl.java:register(276)) - Sink prometheus already exists!
2019-10-02 23:00:08,449 [main] INFO  server.BaseHttpServer (BaseHttpServer.java:updateConnectorAddress(215)) - HTTP server of HDDSDATANODE is listening at http://0.0.0.0:43528
2019-10-02 23:00:08,450 [main] INFO  ozone.MiniOzoneClusterImpl (MiniOzoneClusterImpl.java:lambda$waitForClusterToBeReady$0(147)) - Waiting for cluster to be ready. Got 0 of 7 DN Heartbeats.
2019-10-02 23:00:08,451 [org.apache.hadoop.util.JvmPauseMonitor$Monitor@10f175ba] INFO  util.JvmPauseMonitor (JvmPauseMonitor.java:run(188)) - Starting JVM pause monitor
2019-10-02 23:00:08,452 [Datanode State Machine Thread - 0] INFO  datanode.InitDatanodeState (InitDatanodeState.java:persistContainerDatanodeDetails(140)) - DatanodeDetails is persisted to /workdir/hadoop-ozone/integration-test/target/test-dir/MiniOzoneClusterImpl-d38320c1-1c9a-4451-99ce-f4a8da752828/datanode-6/meta/datanode.id
2019-10-02 23:00:09,451 [main] INFO  ozone.MiniOzoneClusterImpl (MiniOzoneClusterImpl.java:lambda$waitForClusterToBeReady$0(147)) - Waiting for cluster to be ready. Got 0 of 7 DN Heartbeats.
2019-10-02 23:00:10,030 [Datanode State Machine Thread - 0] INFO  ozoneimpl.OzoneContainer (OzoneContainer.java:start(217)) - Attempting to start container services.
2019-10-02 23:00:10,030 [Datanode State Machine Thread - 0] INFO  ozoneimpl.OzoneContainer (OzoneContainer.java:startContainerScrub(179)) - Background container scanner has been disabled.
2019-10-02 23:00:10,030 [Datanode State Machine Thread - 0] INFO  ratis.XceiverServerRatis (XceiverServerRatis.java:start(417)) - Starting XceiverServerRatis 5a74c2cb-7fbd-45a4-bebb-7c3e07876900 at port 0
2019-10-02 23:00:10,036 [Datanode State Machine Thread - 0] INFO  impl.RaftServerProxy (RaftServerProxy.java:lambda$start$3(299)) - 5a74c2cb-7fbd-45a4-bebb-7c3e07876900: start RPC server
2019-10-02 23:00:10,039 [Datanode State Machine Thread - 0] INFO  server.GrpcService (GrpcService.java:startImpl(158)) - 5a74c2cb-7fbd-45a4-bebb-7c3e07876900: GrpcService started, listening on 0.0.0.0/0.0.0.0:42721
2019-10-02 23:00:10,040 [Datanode State Machine Thread - 0] INFO  ratis.XceiverServerRatis (XceiverServerRatis.java:start(427)) - XceiverServerRatis 5a74c2cb-7fbd-45a4-bebb-7c3e07876900 is started using port 42721
2019-10-02 23:00:10,040 [Datanode State Machine Thread - 0] INFO  server.XceiverServerGrpc (XceiverServerGrpc.java:start(149)) - XceiverServerGrpc 5a74c2cb-7fbd-45a4-bebb-7c3e07876900 is started using port 37604
2019-10-02 23:00:10,088 [Datanode State Machine Thread - 0] INFO  ozoneimpl.OzoneContainer (OzoneContainer.java:start(217)) - Attempting to start container services.
2019-10-02 23:00:10,091 [Datanode State Machine Thread - 0] INFO  ozoneimpl.OzoneContainer (OzoneContainer.java:startContainerScrub(179)) - Background container scanner has been disabled.
2019-10-02 23:00:10,091 [Datanode State Machine Thread - 0] INFO  ratis.XceiverServerRatis (XceiverServerRatis.java:start(417)) - Starting XceiverServerRatis fcba0785-f97d-467b-bf4a-b8770d23999e at port 0
2019-10-02 23:00:10,097 [Datanode State Machine Thread - 0] INFO  impl.RaftServerProxy (RaftServerProxy.java:lambda$start$3(299)) - fcba0785-f97d-467b-bf4a-b8770d23999e: start RPC server
2019-10-02 23:00:10,099 [Datanode State Machine Thread - 0] INFO  server.GrpcService (GrpcService.java:startImpl(158)) - fcba0785-f97d-467b-bf4a-b8770d23999e: GrpcService started, listening on 0.0.0.0/0.0.0.0:43253
2019-10-02 23:00:10,099 [Datanode State Machine Thread - 0] INFO  ratis.XceiverServerRatis (XceiverServerRatis.java:start(427)) - XceiverServerRatis fcba0785-f97d-467b-bf4a-b8770d23999e is started using port 43253
2019-10-02 23:00:10,100 [Datanode State Machine Thread - 0] INFO  server.XceiverServerGrpc (XceiverServerGrpc.java:start(149)) - XceiverServerGrpc fcba0785-f97d-467b-bf4a-b8770d23999e is started using port 35692
2019-10-02 23:00:10,169 [Datanode State Machine Thread - 0] INFO  ozoneimpl.OzoneContainer (OzoneContainer.java:start(217)) - Attempting to start container services.
2019-10-02 23:00:10,169 [Datanode State Machine Thread - 0] INFO  ozoneimpl.OzoneContainer (OzoneContainer.java:startContainerScrub(179)) - Background container scanner has been disabled.
2019-10-02 23:00:10,169 [Datanode State Machine Thread - 0] INFO  ratis.XceiverServerRatis (XceiverServerRatis.java:start(417)) - Starting XceiverServerRatis 001004e8-1446-4815-8af8-275eb2e7f1ab at port 0
2019-10-02 23:00:10,175 [Datanode State Machine Thread - 0] INFO  impl.RaftServerProxy (RaftServerProxy.java:lambda$start$3(299)) - 001004e8-1446-4815-8af8-275eb2e7f1ab: start RPC server
2019-10-02 23:00:10,177 [Datanode State Machine Thread - 0] INFO  server.GrpcService (GrpcService.java:startImpl(158)) - 001004e8-1446-4815-8af8-275eb2e7f1ab: GrpcService started, listening on 0.0.0.0/0.0.0.0:45559
2019-10-02 23:00:10,178 [Datanode State Machine Thread - 0] INFO  ratis.XceiverServerRatis (XceiverServerRatis.java:start(427)) - XceiverServerRatis 001004e8-1446-4815-8af8-275eb2e7f1ab is started using port 45559
2019-10-02 23:00:10,179 [Datanode State Machine Thread - 0] INFO  server.XceiverServerGrpc (XceiverServerGrpc.java:start(149)) - XceiverServerGrpc 001004e8-1446-4815-8af8-275eb2e7f1ab is started using port 38739
2019-10-02 23:00:10,236 [Datanode State Machine Thread - 0] INFO  ozoneimpl.OzoneContainer (OzoneContainer.java:start(217)) - Attempting to start container services.
2019-10-02 23:00:10,236 [Datanode State Machine Thread - 0] INFO  ozoneimpl.OzoneContainer (OzoneContainer.java:startContainerScrub(179)) - Background container scanner has been disabled.
2019-10-02 23:00:10,236 [Datanode State Machine Thread - 0] INFO  ratis.XceiverServerRatis (XceiverServerRatis.java:start(417)) - Starting XceiverServerRatis b4957daf-4d4e-43ed-bd2b-8d3cba6836a1 at port 0
2019-10-02 23:00:10,242 [Datanode State Machine Thread - 0] INFO  impl.RaftServerProxy (RaftServerProxy.java:lambda$start$3(299)) - b4957daf-4d4e-43ed-bd2b-8d3cba6836a1: start RPC server
2019-10-02 23:00:10,244 [Datanode State Machine Thread - 0] INFO  server.GrpcService (GrpcService.java:startImpl(158)) - b4957daf-4d4e-43ed-bd2b-8d3cba6836a1: GrpcService started, listening on 0.0.0.0/0.0.0.0:34003
2019-10-02 23:00:10,244 [Datanode State Machine Thread - 0] INFO  ratis.XceiverServerRatis (XceiverServerRatis.java:start(427)) - XceiverServerRatis b4957daf-4d4e-43ed-bd2b-8d3cba6836a1 is started using port 34003
2019-10-02 23:00:10,244 [Datanode State Machine Thread - 0] INFO  server.XceiverServerGrpc (XceiverServerGrpc.java:start(149)) - XceiverServerGrpc b4957daf-4d4e-43ed-bd2b-8d3cba6836a1 is started using port 42041
2019-10-02 23:00:10,317 [Datanode State Machine Thread - 0] INFO  ozoneimpl.OzoneContainer (OzoneContainer.java:start(217)) - Attempting to start container services.
2019-10-02 23:00:10,318 [Datanode State Machine Thread - 0] INFO  ozoneimpl.OzoneContainer (OzoneContainer.java:startContainerScrub(179)) - Background container scanner has been disabled.
2019-10-02 23:00:10,318 [Datanode State Machine Thread - 0] INFO  ratis.XceiverServerRatis (XceiverServerRatis.java:start(417)) - Starting XceiverServerRatis 003b1792-9452-4599-9865-52c597bb50be at port 0
2019-10-02 23:00:10,324 [Datanode State Machine Thread - 0] INFO  impl.RaftServerProxy (RaftServerProxy.java:lambda$start$3(299)) - 003b1792-9452-4599-9865-52c597bb50be: start RPC server
2019-10-02 23:00:10,325 [Datanode State Machine Thread - 0] INFO  server.GrpcService (GrpcService.java:startImpl(158)) - 003b1792-9452-4599-9865-52c597bb50be: GrpcService started, listening on 0.0.0.0/0.0.0.0:45993
2019-10-02 23:00:10,325 [Datanode State Machine Thread - 0] INFO  ratis.XceiverServerRatis (XceiverServerRatis.java:start(427)) - XceiverServerRatis 003b1792-9452-4599-9865-52c597bb50be is started using port 45993
2019-10-02 23:00:10,327 [Datanode State Machine Thread - 0] INFO  server.XceiverServerGrpc (XceiverServerGrpc.java:start(149)) - XceiverServerGrpc 003b1792-9452-4599-9865-52c597bb50be is started using port 44323
2019-10-02 23:00:10,404 [Datanode State Machine Thread - 0] INFO  ozoneimpl.OzoneContainer (OzoneContainer.java:start(217)) - Attempting to start container services.
2019-10-02 23:00:10,404 [Datanode State Machine Thread - 0] INFO  ozoneimpl.OzoneContainer (OzoneContainer.java:startContainerScrub(179)) - Background container scanner has been disabled.
2019-10-02 23:00:10,404 [Datanode State Machine Thread - 0] INFO  ratis.XceiverServerRatis (XceiverServerRatis.java:start(417)) - Starting XceiverServerRatis f5810d5d-db46-479c-84da-b9165df43e58 at port 0
2019-10-02 23:00:10,410 [Datanode State Machine Thread - 0] INFO  impl.RaftServerProxy (RaftServerProxy.java:lambda$start$3(299)) - f5810d5d-db46-479c-84da-b9165df43e58: start RPC server
2019-10-02 23:00:10,411 [Datanode State Machine Thread - 0] INFO  server.GrpcService (GrpcService.java:startImpl(158)) - f5810d5d-db46-479c-84da-b9165df43e58: GrpcService started, listening on 0.0.0.0/0.0.0.0:36675
2019-10-02 23:00:10,411 [Datanode State Machine Thread - 0] INFO  ratis.XceiverServerRatis (XceiverServerRatis.java:start(427)) - XceiverServerRatis f5810d5d-db46-479c-84da-b9165df43e58 is started using port 36675
2019-10-02 23:00:10,422 [Datanode State Machine Thread - 0] INFO  server.XceiverServerGrpc (XceiverServerGrpc.java:start(149)) - XceiverServerGrpc f5810d5d-db46-479c-84da-b9165df43e58 is started using port 34692
2019-10-02 23:00:10,452 [main] INFO  ozone.MiniOzoneClusterImpl (MiniOzoneClusterImpl.java:lambda$waitForClusterToBeReady$0(147)) - Waiting for cluster to be ready. Got 0 of 7 DN Heartbeats.
2019-10-02 23:00:10,466 [Datanode State Machine Thread - 0] INFO  ozoneimpl.OzoneContainer (OzoneContainer.java:start(217)) - Attempting to start container services.
2019-10-02 23:00:10,466 [Datanode State Machine Thread - 0] INFO  ozoneimpl.OzoneContainer (OzoneContainer.java:startContainerScrub(179)) - Background container scanner has been disabled.
2019-10-02 23:00:10,466 [Datanode State Machine Thread - 0] INFO  ratis.XceiverServerRatis (XceiverServerRatis.java:start(417)) - Starting XceiverServerRatis 9e84c04d-3927-4a06-9123-302cdd615a26 at port 0
2019-10-02 23:00:10,473 [Datanode State Machine Thread - 0] INFO  impl.RaftServerProxy (RaftServerProxy.java:lambda$start$3(299)) - 9e84c04d-3927-4a06-9123-302cdd615a26: start RPC server
2019-10-02 23:00:10,476 [Datanode State Machine Thread - 0] INFO  server.GrpcService (GrpcService.java:startImpl(158)) - 9e84c04d-3927-4a06-9123-302cdd615a26: GrpcService started, listening on 0.0.0.0/0.0.0.0:44000
2019-10-02 23:00:10,477 [Datanode State Machine Thread - 0] INFO  ratis.XceiverServerRatis (XceiverServerRatis.java:start(427)) - XceiverServerRatis 9e84c04d-3927-4a06-9123-302cdd615a26 is started using port 44000
2019-10-02 23:00:10,477 [Datanode State Machine Thread - 0] INFO  server.XceiverServerGrpc (XceiverServerGrpc.java:start(149)) - XceiverServerGrpc 9e84c04d-3927-4a06-9123-302cdd615a26 is started using port 33107
2019-10-02 23:00:11,452 [main] INFO  ozone.MiniOzoneClusterImpl (MiniOzoneClusterImpl.java:lambda$waitForClusterToBeReady$0(147)) - Waiting for cluster to be ready. Got 0 of 7 DN Heartbeats.
2019-10-02 23:00:12,005 [IPC Server handler 2 on 42874] INFO  net.NetworkTopology (NetworkTopologyImpl.java:add(111)) - Added a new node: /default-rack/5a74c2cb-7fbd-45a4-bebb-7c3e07876900
2019-10-02 23:00:12,008 [IPC Server handler 2 on 42874] INFO  node.SCMNodeManager (SCMNodeManager.java:register(266)) - Registered Data node : 5a74c2cb-7fbd-45a4-bebb-7c3e07876900{ip: 192.168.164.235, host: pr-hdds-2226-secures3-kzjg4-641534921, networkLocation: /default-rack, certSerialId: null}
2019-10-02 23:00:12,009 [EventQueue-NodeRegistrationContainerReportForDataNodeSafeModeRule] INFO  safemode.SCMSafeModeManager (DataNodeSafeModeRule.java:process(71)) - SCM in safe mode. 1 DataNodes registered, 1 required.
2019-10-02 23:00:12,011 [EventQueue-NodeRegistrationContainerReportForDataNodeSafeModeRule] INFO  safemode.SCMSafeModeManager (SCMSafeModeManager.java:validateSafeModeExitRules(177)) - ScmSafeModeManager, all rules are successfully validated
2019-10-02 23:00:12,012 [EventQueue-NodeRegistrationContainerReportForDataNodeSafeModeRule] INFO  safemode.SCMSafeModeManager (SCMSafeModeManager.java:exitSafeMode(193)) - SCM exiting safe mode.
2019-10-02 23:00:12,025 [grpc-default-executor-4] INFO  impl.RaftServerProxy (RaftServerProxy.java:addNew(89)) - 5a74c2cb-7fbd-45a4-bebb-7c3e07876900: addNew group-99AA1FE6B5CA:[5a74c2cb-7fbd-45a4-bebb-7c3e07876900:192.168.164.235:42721] returns group-99AA1FE6B5CA:java.util.concurrent.CompletableFuture@61a43e3[Not completed]
2019-10-02 23:00:12,027 [pool-207-thread-1] INFO  impl.RaftServerImpl (RaftServerImpl.java:<init>(95)) - 5a74c2cb-7fbd-45a4-bebb-7c3e07876900: new RaftServerImpl for group-99AA1FE6B5CA:[5a74c2cb-7fbd-45a4-bebb-7c3e07876900:192.168.164.235:42721] with ContainerStateMachine:uninitialized
2019-10-02 23:00:12,027 [pool-207-thread-1] INFO  server.RaftServerConfigKeys (ConfUtils.java:logGet(43)) - raft.server.rpc.timeout.min = 5s (custom)
2019-10-02 23:00:12,027 [pool-207-thread-1] INFO  server.RaftServerConfigKeys (ConfUtils.java:logGet(43)) - raft.server.rpc.timeout.max = 5200ms (custom)
2019-10-02 23:00:12,027 [pool-207-thread-1] INFO  server.RaftServerConfigKeys (ConfUtils.java:logGet(43)) - raft.server.rpcslowness.timeout = 120s (custom)
2019-10-02 23:00:12,027 [pool-207-thread-1] INFO  server.RaftServerConfigKeys (ConfUtils.java:logGet(43)) - raft.server.sleep.deviation.threshold = 300 (default)
2019-10-02 23:00:12,027 [pool-207-thread-1] INFO  server.RaftServerConfigKeys (ConfUtils.java:logGet(43)) - raft.server.log.appender.install.snapshot.enabled = false (custom)
2019-10-02 23:00:12,028 [pool-207-thread-1] INFO  impl.RaftServerImpl (ServerState.java:<init>(103)) - 5a74c2cb-7fbd-45a4-bebb-7c3e07876900@group-99AA1FE6B5CA: ConfigurationManager, init=-1: [5a74c2cb-7fbd-45a4-bebb-7c3e07876900:192.168.164.235:42721], old=null, confs=<EMPTY_MAP>
2019-10-02 23:00:12,028 [pool-207-thread-1] INFO  server.RaftServerConfigKeys (ConfUtils.java:logGet(43)) - raft.server.storage.dir = [/workdir/hadoop-ozone/integration-test/target/test-dir/MiniOzoneClusterImpl-d38320c1-1c9a-4451-99ce-f4a8da752828/datanode-0/data/ratis] (custom)
2019-10-02 23:00:12,028 [pool-207-thread-1] INFO  server.RaftServerConfigKeys (ConfUtils.java:logGet(43)) - raft.server.log.corruption.policy = EXCEPTION (default)
2019-10-02 23:00:12,029 [pool-207-thread-1] INFO  storage.RaftStorageDirectory (RaftStorageDirectory.java:analyzeStorage(246)) - The storage directory /workdir/hadoop-ozone/integration-test/target/test-dir/MiniOzoneClusterImpl-d38320c1-1c9a-4451-99ce-f4a8da752828/datanode-0/data/ratis/15e8badd-5a8a-4a35-85de-99aa1fe6b5ca does not exist. Creating ...
2019-10-02 23:00:12,073 [IPC Server handler 1 on 42874] INFO  net.NetworkTopology (NetworkTopologyImpl.java:add(111)) - Added a new node: /default-rack/fcba0785-f97d-467b-bf4a-b8770d23999e
2019-10-02 23:00:12,073 [IPC Server handler 1 on 42874] INFO  node.SCMNodeManager (SCMNodeManager.java:register(266)) - Registered Data node : fcba0785-f97d-467b-bf4a-b8770d23999e{ip: 192.168.164.235, host: pr-hdds-2226-secures3-kzjg4-641534921, networkLocation: /default-rack, certSerialId: null}
2019-10-02 23:00:12,076 [pool-207-thread-1] INFO  storage.RaftStorageDirectory (RaftStorageDirectory.java:tryLock(328)) - Lock on /workdir/hadoop-ozone/integration-test/target/test-dir/MiniOzoneClusterImpl-d38320c1-1c9a-4451-99ce-f4a8da752828/datanode-0/data/ratis/15e8badd-5a8a-4a35-85de-99aa1fe6b5ca/in_use.lock acquired by nodename 6657@pr-hdds-2226-secures3-kzjg4-641534921
2019-10-02 23:00:12,081 [pool-207-thread-1] INFO  storage.RaftStorage (RaftStorage.java:format(84)) - Storage directory /workdir/hadoop-ozone/integration-test/target/test-dir/MiniOzoneClusterImpl-d38320c1-1c9a-4451-99ce-f4a8da752828/datanode-0/data/ratis/15e8badd-5a8a-4a35-85de-99aa1fe6b5ca has been successfully formatted.
2019-10-02 23:00:12,081 [pool-207-thread-1] INFO  ratis.ContainerStateMachine (ContainerStateMachine.java:loadSnapshot(230)) - group-99AA1FE6B5CA: The snapshot info is null. Setting the last applied indexto:(t:0, i:~)
2019-10-02 23:00:12,081 [pool-207-thread-1] INFO  server.RaftServerConfigKeys (ConfUtils.java:logGet(43)) - raft.server.notification.no-leader.timeout = 120s (custom)
2019-10-02 23:00:12,081 [pool-207-thread-1] INFO  server.RaftServerConfigKeys (ConfUtils.java:logGet(43)) - raft.server.log.use.memory = false (default)
2019-10-02 23:00:12,082 [pool-207-thread-1] INFO  server.RaftServerConfigKeys (ConfUtils.java:logGet(43)) - raft.server.log.purge.gap = 1000000 (custom)
2019-10-02 23:00:12,082 [pool-207-thread-1] INFO  server.RaftServerConfigKeys (ConfUtils.java:logGet(43)) - raft.server.log.appender.buffer.byte-limit = 33554432 (custom)
2019-10-02 23:00:12,082 [pool-207-thread-1] INFO  server.RaftServerConfigKeys (ConfUtils.java:logGet(43)) - raft.server.log.segment.size.max = 1048576 (custom)
2019-10-02 23:00:12,085 [pool-207-thread-1] INFO  server.RaftServerConfigKeys (ConfUtils.java:logGet(43)) - raft.server.log.segment.cache.num.max = 2 (custom)
2019-10-02 23:00:12,085 [pool-207-thread-1] INFO  segmented.SegmentedRaftLogWorker (SegmentedRaftLogWorker.java:<init>(173)) - new 5a74c2cb-7fbd-45a4-bebb-7c3e07876900@group-99AA1FE6B5CA-SegmentedRaftLogWorker for RaftStorage:Storage Directory /workdir/hadoop-ozone/integration-test/target/test-dir/MiniOzoneClusterImpl-d38320c1-1c9a-4451-99ce-f4a8da752828/datanode-0/data/ratis/15e8badd-5a8a-4a35-85de-99aa1fe6b5ca
2019-10-02 23:00:12,085 [pool-207-thread-1] INFO  server.RaftServerConfigKeys (ConfUtils.java:logGet(43)) - raft.server.log.queue.byte-limit = 2147483647 (custom)
2019-10-02 23:00:12,086 [pool-207-thread-1] INFO  server.RaftServerConfigKeys (ConfUtils.java:logGet(43)) - raft.server.log.queue.element-limit = 1024 (custom)
2019-10-02 23:00:12,086 [pool-207-thread-1] INFO  server.RaftServerConfigKeys (ConfUtils.java:logGet(43)) - raft.server.log.segment.size.max = 1048576 (custom)
2019-10-02 23:00:12,086 [pool-207-thread-1] INFO  server.RaftServerConfigKeys (ConfUtils.java:logGet(43)) - raft.server.log.preallocated.size = 16384 (custom)
2019-10-02 23:00:12,086 [pool-207-thread-1] INFO  server.RaftServerConfigKeys (ConfUtils.java:logGet(43)) - raft.server.log.write.buffer.size = 33554432 (custom)
2019-10-02 23:00:12,086 [pool-207-thread-1] INFO  server.RaftServerConfigKeys (ConfUtils.java:logGet(43)) - raft.server.log.force.sync.num = 128 (default)
2019-10-02 23:00:12,086 [pool-207-thread-1] INFO  server.RaftServerConfigKeys (ConfUtils.java:logGet(43)) - raft.server.log.statemachine.data.sync = true (default)
2019-10-02 23:00:12,086 [pool-207-thread-1] INFO  server.RaftServerConfigKeys (ConfUtils.java:logGet(43)) - raft.server.log.statemachine.data.sync.timeout = 10s (default)
2019-10-02 23:00:12,087 [pool-207-thread-1] INFO  server.RaftServerConfigKeys (ConfUtils.java:logGet(43)) - raft.server.log.statemachine.data.sync.timeout.retry = -1 (default)
2019-10-02 23:00:12,087 [pool-207-thread-1] INFO  server.RaftServerConfigKeys (ConfUtils.java:logGet(43)) - raft.server.log.statemachine.data.caching.enabled = true (custom)
2019-10-02 23:00:12,088 [pool-207-thread-1] INFO  segmented.SegmentedRaftLogWorker (SegmentedRaftLogWorker.java:lambda$new$0(128)) - 5a74c2cb-7fbd-45a4-bebb-7c3e07876900@group-99AA1FE6B5CA-SegmentedRaftLogWorker: flushIndex: setUnconditionally 0 -> -1
2019-10-02 23:00:12,088 [pool-207-thread-1] INFO  server.RaftServerConfigKeys (ConfUtils.java:logGet(43)) - raft.server.snapshot.auto.trigger.enabled = true (custom)
2019-10-02 23:00:12,088 [pool-207-thread-1] INFO  server.RaftServerConfigKeys (ConfUtils.java:logGet(43)) - raft.server.snapshot.auto.trigger.threshold = 10000 (custom)
2019-10-02 23:00:12,088 [pool-207-thread-1] INFO  server.RaftServerConfigKeys (ConfUtils.java:logGet(43)) - raft.server.snapshot.retention.file.num = 5 (custom)
2019-10-02 23:00:12,088 [pool-207-thread-1] INFO  server.RaftServerConfigKeys (ConfUtils.java:logGet(43)) - raft.server.retrycache.expirytime = 600000ms (custom)
2019-10-02 23:00:12,090 [pool-207-thread-1] INFO  impl.RaftServerImpl (RaftServerImpl.java:start(181)) - 5a74c2cb-7fbd-45a4-bebb-7c3e07876900@group-99AA1FE6B5CA: start as a follower, conf=-1: [5a74c2cb-7fbd-45a4-bebb-7c3e07876900:192.168.164.235:42721], old=null
2019-10-02 23:00:12,090 [pool-207-thread-1] INFO  impl.RaftServerImpl (RaftServerImpl.java:setRole(170)) - 5a74c2cb-7fbd-45a4-bebb-7c3e07876900@group-99AA1FE6B5CA: changes role from      null to FOLLOWER at term 0 for startAsFollower
2019-10-02 23:00:12,090 [pool-207-thread-1] INFO  impl.RoleInfo (RoleInfo.java:updateAndGet(143)) - 5a74c2cb-7fbd-45a4-bebb-7c3e07876900: start FollowerState
2019-10-02 23:00:12,091 [pool-207-thread-1] INFO  util.JmxRegister (JmxRegister.java:tryRegister(44)) - Successfully registered JMX Bean with object name Ratis:service=RaftServer,group=group-99AA1FE6B5CA,id=5a74c2cb-7fbd-45a4-bebb-7c3e07876900
2019-10-02 23:00:12,098 [RatisPipelineUtilsThread] INFO  pipeline.PipelineStateManager (PipelineStateManager.java:addPipeline(56)) - Created pipeline Pipeline[ Id: 15e8badd-5a8a-4a35-85de-99aa1fe6b5ca, Nodes: 5a74c2cb-7fbd-45a4-bebb-7c3e07876900{ip: 192.168.164.235, host: pr-hdds-2226-secures3-kzjg4-641534921, networkLocation: /default-rack, certSerialId: null}, Type:RATIS, Factor:ONE, State:OPEN]
2019-10-02 23:00:12,119 [grpc-default-executor-4] INFO  impl.RaftServerProxy (RaftServerProxy.java:addNew(89)) - fcba0785-f97d-467b-bf4a-b8770d23999e: addNew group-6A7DE13786C3:[fcba0785-f97d-467b-bf4a-b8770d23999e:192.168.164.235:43253] returns group-6A7DE13786C3:java.util.concurrent.CompletableFuture@3210047d[Not completed]
2019-10-02 23:00:12,120 [pool-217-thread-1] INFO  impl.RaftServerImpl (RaftServerImpl.java:<init>(95)) - fcba0785-f97d-467b-bf4a-b8770d23999e: new RaftServerImpl for group-6A7DE13786C3:[fcba0785-f97d-467b-bf4a-b8770d23999e:192.168.164.235:43253] with ContainerStateMachine:uninitialized
2019-10-02 23:00:12,120 [pool-217-thread-1] INFO  server.RaftServerConfigKeys (ConfUtils.java:logGet(43)) - raft.server.rpc.timeout.min = 5s (custom)
2019-10-02 23:00:12,120 [pool-217-thread-1] INFO  server.RaftServerConfigKeys (ConfUtils.java:logGet(43)) - raft.server.rpc.timeout.max = 5200ms (custom)
2019-10-02 23:00:12,121 [pool-217-thread-1] INFO  server.RaftServerConfigKeys (ConfUtils.java:logGet(43)) - raft.server.rpcslowness.timeout = 120s (custom)
2019-10-02 23:00:12,121 [pool-217-thread-1] INFO  server.RaftServerConfigKeys (ConfUtils.java:logGet(43)) - raft.server.sleep.deviation.threshold = 300 (default)
2019-10-02 23:00:12,121 [pool-217-thread-1] INFO  server.RaftServerConfigKeys (ConfUtils.java:logGet(43)) - raft.server.log.appender.install.snapshot.enabled = false (custom)
2019-10-02 23:00:12,121 [pool-217-thread-1] INFO  impl.RaftServerImpl (ServerState.java:<init>(103)) - fcba0785-f97d-467b-bf4a-b8770d23999e@group-6A7DE13786C3: ConfigurationManager, init=-1: [fcba0785-f97d-467b-bf4a-b8770d23999e:192.168.164.235:43253], old=null, confs=<EMPTY_MAP>
2019-10-02 23:00:12,121 [pool-217-thread-1] INFO  server.RaftServerConfigKeys (ConfUtils.java:logGet(43)) - raft.server.storage.dir = [/workdir/hadoop-ozone/integration-test/target/test-dir/MiniOzoneClusterImpl-d38320c1-1c9a-4451-99ce-f4a8da752828/datanode-1/data/ratis] (custom)
2019-10-02 23:00:12,121 [pool-217-thread-1] INFO  server.RaftServerConfigKeys (ConfUtils.java:logGet(43)) - raft.server.log.corruption.policy = EXCEPTION (default)
2019-10-02 23:00:12,121 [pool-217-thread-1] INFO  storage.RaftStorageDirectory (RaftStorageDirectory.java:analyzeStorage(246)) - The storage directory /workdir/hadoop-ozone/integration-test/target/test-dir/MiniOzoneClusterImpl-d38320c1-1c9a-4451-99ce-f4a8da752828/datanode-1/data/ratis/3f485e16-85c4-44ba-9f03-6a7de13786c3 does not exist. Creating ...
2019-10-02 23:00:12,133 [pool-217-thread-1] INFO  storage.RaftStorageDirectory (RaftStorageDirectory.java:tryLock(328)) - Lock on /workdir/hadoop-ozone/integration-test/target/test-dir/MiniOzoneClusterImpl-d38320c1-1c9a-4451-99ce-f4a8da752828/datanode-1/data/ratis/3f485e16-85c4-44ba-9f03-6a7de13786c3/in_use.lock acquired by nodename 6657@pr-hdds-2226-secures3-kzjg4-641534921
2019-10-02 23:00:12,137 [pool-217-thread-1] INFO  storage.RaftStorage (RaftStorage.java:format(84)) - Storage directory /workdir/hadoop-ozone/integration-test/target/test-dir/MiniOzoneClusterImpl-d38320c1-1c9a-4451-99ce-f4a8da752828/datanode-1/data/ratis/3f485e16-85c4-44ba-9f03-6a7de13786c3 has been successfully formatted.
2019-10-02 23:00:12,137 [pool-217-thread-1] INFO  ratis.ContainerStateMachine (ContainerStateMachine.java:loadSnapshot(230)) - group-6A7DE13786C3: The snapshot info is null. Setting the last applied indexto:(t:0, i:~)
2019-10-02 23:00:12,137 [pool-217-thread-1] INFO  server.RaftServerConfigKeys (ConfUtils.java:logGet(43)) - raft.server.notification.no-leader.timeout = 120s (custom)
2019-10-02 23:00:12,137 [pool-217-thread-1] INFO  server.RaftServerConfigKeys (ConfUtils.java:logGet(43)) - raft.server.log.use.memory = false (default)
2019-10-02 23:00:12,137 [pool-217-thread-1] INFO  server.RaftServerConfigKeys (ConfUtils.java:logGet(43)) - raft.server.log.purge.gap = 1000000 (custom)
2019-10-02 23:00:12,137 [pool-217-thread-1] INFO  server.RaftServerConfigKeys (ConfUtils.java:logGet(43)) - raft.server.log.appender.buffer.byte-limit = 33554432 (custom)
2019-10-02 23:00:12,138 [pool-217-thread-1] INFO  server.RaftServerConfigKeys (ConfUtils.java:logGet(43)) - raft.server.log.segment.size.max = 1048576 (custom)
2019-10-02 23:00:12,139 [pool-217-thread-1] INFO  server.RaftServerConfigKeys (ConfUtils.java:logGet(43)) - raft.server.log.segment.cache.num.max = 2 (custom)
2019-10-02 23:00:12,139 [pool-217-thread-1] INFO  segmented.SegmentedRaftLogWorker (SegmentedRaftLogWorker.java:<init>(173)) - new fcba0785-f97d-467b-bf4a-b8770d23999e@group-6A7DE13786C3-SegmentedRaftLogWorker for RaftStorage:Storage Directory /workdir/hadoop-ozone/integration-test/target/test-dir/MiniOzoneClusterImpl-d38320c1-1c9a-4451-99ce-f4a8da752828/datanode-1/data/ratis/3f485e16-85c4-44ba-9f03-6a7de13786c3
2019-10-02 23:00:12,139 [pool-217-thread-1] INFO  server.RaftServerConfigKeys (ConfUtils.java:logGet(43)) - raft.server.log.queue.byte-limit = 2147483647 (custom)
2019-10-02 23:00:12,139 [pool-217-thread-1] INFO  server.RaftServerConfigKeys (ConfUtils.java:logGet(43)) - raft.server.log.queue.element-limit = 1024 (custom)
2019-10-02 23:00:12,139 [pool-217-thread-1] INFO  server.RaftServerConfigKeys (ConfUtils.java:logGet(43)) - raft.server.log.segment.size.max = 1048576 (custom)
2019-10-02 23:00:12,139 [pool-217-thread-1] INFO  server.RaftServerConfigKeys (ConfUtils.java:logGet(43)) - raft.server.log.preallocated.size = 16384 (custom)
2019-10-02 23:00:12,139 [pool-217-thread-1] INFO  server.RaftServerConfigKeys (ConfUtils.java:logGet(43)) - raft.server.log.write.buffer.size = 33554432 (custom)
2019-10-02 23:00:12,140 [pool-217-thread-1] INFO  server.RaftServerConfigKeys (ConfUtils.java:logGet(43)) - raft.server.log.force.sync.num = 128 (default)
2019-10-02 23:00:12,140 [pool-217-thread-1] INFO  server.RaftServerConfigKeys (ConfUtils.java:logGet(43)) - raft.server.log.statemachine.data.sync = true (default)
2019-10-02 23:00:12,140 [pool-217-thread-1] INFO  server.RaftServerConfigKeys (ConfUtils.java:logGet(43)) - raft.server.log.statemachine.data.sync.timeout = 10s (default)
2019-10-02 23:00:12,140 [pool-217-thread-1] INFO  server.RaftServerConfigKeys (ConfUtils.java:logGet(43)) - raft.server.log.statemachine.data.sync.timeout.retry = -1 (default)
2019-10-02 23:00:12,140 [pool-217-thread-1] INFO  server.RaftServerConfigKeys (ConfUtils.java:logGet(43)) - raft.server.log.statemachine.data.caching.enabled = true (custom)
2019-10-02 23:00:12,140 [pool-217-thread-1] INFO  segmented.SegmentedRaftLogWorker (SegmentedRaftLogWorker.java:lambda$new$0(128)) - fcba0785-f97d-467b-bf4a-b8770d23999e@group-6A7DE13786C3-SegmentedRaftLogWorker: flushIndex: setUnconditionally 0 -> -1
2019-10-02 23:00:12,141 [pool-217-thread-1] INFO  server.RaftServerConfigKeys (ConfUtils.java:logGet(43)) - raft.server.snapshot.auto.trigger.enabled = true (custom)
2019-10-02 23:00:12,141 [pool-217-thread-1] INFO  server.RaftServerConfigKeys (ConfUtils.java:logGet(43)) - raft.server.snapshot.auto.trigger.threshold = 10000 (custom)
2019-10-02 23:00:12,141 [pool-217-thread-1] INFO  server.RaftServerConfigKeys (ConfUtils.java:logGet(43)) - raft.server.snapshot.retention.file.num = 5 (custom)
2019-10-02 23:00:12,141 [pool-217-thread-1] INFO  server.RaftServerConfigKeys (ConfUtils.java:logGet(43)) - raft.server.retrycache.expirytime = 600000ms (custom)
2019-10-02 23:00:12,142 [pool-217-thread-1] INFO  impl.RaftServerImpl (RaftServerImpl.java:start(181)) - fcba0785-f97d-467b-bf4a-b8770d23999e@group-6A7DE13786C3: start as a follower, conf=-1: [fcba0785-f97d-467b-bf4a-b8770d23999e:192.168.164.235:43253], old=null
2019-10-02 23:00:12,142 [pool-217-thread-1] INFO  impl.RaftServerImpl (RaftServerImpl.java:setRole(170)) - fcba0785-f97d-467b-bf4a-b8770d23999e@group-6A7DE13786C3: changes role from      null to FOLLOWER at term 0 for startAsFollower
2019-10-02 23:00:12,142 [pool-217-thread-1] INFO  impl.RoleInfo (RoleInfo.java:updateAndGet(143)) - fcba0785-f97d-467b-bf4a-b8770d23999e: start FollowerState
2019-10-02 23:00:12,143 [pool-217-thread-1] INFO  util.JmxRegister (JmxRegister.java:tryRegister(44)) - Successfully registered JMX Bean with object name Ratis:service=RaftServer,group=group-6A7DE13786C3,id=fcba0785-f97d-467b-bf4a-b8770d23999e
2019-10-02 23:00:12,149 [RatisPipelineUtilsThread] INFO  pipeline.PipelineStateManager (PipelineStateManager.java:addPipeline(56)) - Created pipeline Pipeline[ Id: 3f485e16-85c4-44ba-9f03-6a7de13786c3, Nodes: fcba0785-f97d-467b-bf4a-b8770d23999e{ip: 192.168.164.235, host: pr-hdds-2226-secures3-kzjg4-641534921, networkLocation: /default-rack, certSerialId: null}, Type:RATIS, Factor:ONE, State:OPEN]
2019-10-02 23:00:12,157 [IPC Server handler 4 on 42874] INFO  net.NetworkTopology (NetworkTopologyImpl.java:add(111)) - Added a new node: /default-rack/001004e8-1446-4815-8af8-275eb2e7f1ab
2019-10-02 23:00:12,157 [IPC Server handler 4 on 42874] INFO  node.SCMNodeManager (SCMNodeManager.java:register(266)) - Registered Data node : 001004e8-1446-4815-8af8-275eb2e7f1ab{ip: 192.168.164.235, host: pr-hdds-2226-secures3-kzjg4-641534921, networkLocation: /default-rack, certSerialId: null}
2019-10-02 23:00:12,166 [grpc-default-executor-4] INFO  impl.RaftServerProxy (RaftServerProxy.java:addNew(89)) - 001004e8-1446-4815-8af8-275eb2e7f1ab: addNew group-EE290A8ECC44:[001004e8-1446-4815-8af8-275eb2e7f1ab:192.168.164.235:45559] returns group-EE290A8ECC44:java.util.concurrent.CompletableFuture@106ffd3d[Not completed]
2019-10-02 23:00:12,167 [pool-227-thread-1] INFO  impl.RaftServerImpl (RaftServerImpl.java:<init>(95)) - 001004e8-1446-4815-8af8-275eb2e7f1ab: new RaftServerImpl for group-EE290A8ECC44:[001004e8-1446-4815-8af8-275eb2e7f1ab:192.168.164.235:45559] with ContainerStateMachine:uninitialized
2019-10-02 23:00:12,167 [pool-227-thread-1] INFO  server.RaftServerConfigKeys (ConfUtils.java:logGet(43)) - raft.server.rpc.timeout.min = 5s (custom)
2019-10-02 23:00:12,167 [pool-227-thread-1] INFO  server.RaftServerConfigKeys (ConfUtils.java:logGet(43)) - raft.server.rpc.timeout.max = 5200ms (custom)
2019-10-02 23:00:12,167 [pool-227-thread-1] INFO  server.RaftServerConfigKeys (ConfUtils.java:logGet(43)) - raft.server.rpcslowness.timeout = 120s (custom)
2019-10-02 23:00:12,167 [pool-227-thread-1] INFO  server.RaftServerConfigKeys (ConfUtils.java:logGet(43)) - raft.server.sleep.deviation.threshold = 300 (default)
2019-10-02 23:00:12,167 [pool-227-thread-1] INFO  server.RaftServerConfigKeys (ConfUtils.java:logGet(43)) - raft.server.log.appender.install.snapshot.enabled = false (custom)
2019-10-02 23:00:12,167 [pool-227-thread-1] INFO  impl.RaftServerImpl (ServerState.java:<init>(103)) - 001004e8-1446-4815-8af8-275eb2e7f1ab@group-EE290A8ECC44: ConfigurationManager, init=-1: [001004e8-1446-4815-8af8-275eb2e7f1ab:192.168.164.235:45559], old=null, confs=<EMPTY_MAP>
2019-10-02 23:00:12,167 [pool-227-thread-1] INFO  server.RaftServerConfigKeys (ConfUtils.java:logGet(43)) - raft.server.storage.dir = [/workdir/hadoop-ozone/integration-test/target/test-dir/MiniOzoneClusterImpl-d38320c1-1c9a-4451-99ce-f4a8da752828/datanode-2/data/ratis] (custom)
2019-10-02 23:00:12,168 [pool-227-thread-1] INFO  server.RaftServerConfigKeys (ConfUtils.java:logGet(43)) - raft.server.log.corruption.policy = EXCEPTION (default)
2019-10-02 23:00:12,168 [pool-227-thread-1] INFO  storage.RaftStorageDirectory (RaftStorageDirectory.java:analyzeStorage(246)) - The storage directory /workdir/hadoop-ozone/integration-test/target/test-dir/MiniOzoneClusterImpl-d38320c1-1c9a-4451-99ce-f4a8da752828/datanode-2/data/ratis/31236243-ceda-4918-8ede-ee290a8ecc44 does not exist. Creating ...
2019-10-02 23:00:12,172 [pool-227-thread-1] INFO  storage.RaftStorageDirectory (RaftStorageDirectory.java:tryLock(328)) - Lock on /workdir/hadoop-ozone/integration-test/target/test-dir/MiniOzoneClusterImpl-d38320c1-1c9a-4451-99ce-f4a8da752828/datanode-2/data/ratis/31236243-ceda-4918-8ede-ee290a8ecc44/in_use.lock acquired by nodename 6657@pr-hdds-2226-secures3-kzjg4-641534921
2019-10-02 23:00:12,176 [pool-227-thread-1] INFO  storage.RaftStorage (RaftStorage.java:format(84)) - Storage directory /workdir/hadoop-ozone/integration-test/target/test-dir/MiniOzoneClusterImpl-d38320c1-1c9a-4451-99ce-f4a8da752828/datanode-2/data/ratis/31236243-ceda-4918-8ede-ee290a8ecc44 has been successfully formatted.
2019-10-02 23:00:12,176 [pool-227-thread-1] INFO  ratis.ContainerStateMachine (ContainerStateMachine.java:loadSnapshot(230)) - group-EE290A8ECC44: The snapshot info is null. Setting the last applied indexto:(t:0, i:~)
2019-10-02 23:00:12,177 [pool-227-thread-1] INFO  server.RaftServerConfigKeys (ConfUtils.java:logGet(43)) - raft.server.notification.no-leader.timeout = 120s (custom)
2019-10-02 23:00:12,177 [pool-227-thread-1] INFO  server.RaftServerConfigKeys (ConfUtils.java:logGet(43)) - raft.server.log.use.memory = false (default)
2019-10-02 23:00:12,177 [pool-227-thread-1] INFO  server.RaftServerConfigKeys (ConfUtils.java:logGet(43)) - raft.server.log.purge.gap = 1000000 (custom)
2019-10-02 23:00:12,177 [pool-227-thread-1] INFO  server.RaftServerConfigKeys (ConfUtils.java:logGet(43)) - raft.server.log.appender.buffer.byte-limit = 33554432 (custom)
2019-10-02 23:00:12,177 [pool-227-thread-1] INFO  server.RaftServerConfigKeys (ConfUtils.java:logGet(43)) - raft.server.log.segment.size.max = 1048576 (custom)
2019-10-02 23:00:12,178 [pool-227-thread-1] INFO  server.RaftServerConfigKeys (ConfUtils.java:logGet(43)) - raft.server.log.segment.cache.num.max = 2 (custom)
2019-10-02 23:00:12,178 [pool-227-thread-1] INFO  segmented.SegmentedRaftLogWorker (SegmentedRaftLogWorker.java:<init>(173)) - new 001004e8-1446-4815-8af8-275eb2e7f1ab@group-EE290A8ECC44-SegmentedRaftLogWorker for RaftStorage:Storage Directory /workdir/hadoop-ozone/integration-test/target/test-dir/MiniOzoneClusterImpl-d38320c1-1c9a-4451-99ce-f4a8da752828/datanode-2/data/ratis/31236243-ceda-4918-8ede-ee290a8ecc44
2019-10-02 23:00:12,178 [pool-227-thread-1] INFO  server.RaftServerConfigKeys (ConfUtils.java:logGet(43)) - raft.server.log.queue.byte-limit = 2147483647 (custom)
2019-10-02 23:00:12,179 [pool-227-thread-1] INFO  server.RaftServerConfigKeys (ConfUtils.java:logGet(43)) - raft.server.log.queue.element-limit = 1024 (custom)
2019-10-02 23:00:12,179 [pool-227-thread-1] INFO  server.RaftServerConfigKeys (ConfUtils.java:logGet(43)) - raft.server.log.segment.size.max = 1048576 (custom)
2019-10-02 23:00:12,179 [pool-227-thread-1] INFO  server.RaftServerConfigKeys (ConfUtils.java:logGet(43)) - raft.server.log.preallocated.size = 16384 (custom)
2019-10-02 23:00:12,179 [pool-227-thread-1] INFO  server.RaftServerConfigKeys (ConfUtils.java:logGet(43)) - raft.server.log.write.buffer.size = 33554432 (custom)
2019-10-02 23:00:12,179 [pool-227-thread-1] INFO  server.RaftServerConfigKeys (ConfUtils.java:logGet(43)) - raft.server.log.force.sync.num = 128 (default)
2019-10-02 23:00:12,179 [pool-227-thread-1] INFO  server.RaftServerConfigKeys (ConfUtils.java:logGet(43)) - raft.server.log.statemachine.data.sync = true (default)
2019-10-02 23:00:12,179 [pool-227-thread-1] INFO  server.RaftServerConfigKeys (ConfUtils.java:logGet(43)) - raft.server.log.statemachine.data.sync.timeout = 10s (default)
2019-10-02 23:00:12,179 [pool-227-thread-1] INFO  server.RaftServerConfigKeys (ConfUtils.java:logGet(43)) - raft.server.log.statemachine.data.sync.timeout.retry = -1 (default)
2019-10-02 23:00:12,179 [pool-227-thread-1] INFO  server.RaftServerConfigKeys (ConfUtils.java:logGet(43)) - raft.server.log.statemachine.data.caching.enabled = true (custom)
2019-10-02 23:00:12,180 [pool-227-thread-1] INFO  segmented.SegmentedRaftLogWorker (SegmentedRaftLogWorker.java:lambda$new$0(128)) - 001004e8-1446-4815-8af8-275eb2e7f1ab@group-EE290A8ECC44-SegmentedRaftLogWorker: flushIndex: setUnconditionally 0 -> -1
2019-10-02 23:00:12,180 [pool-227-thread-1] INFO  server.RaftServerConfigKeys (ConfUtils.java:logGet(43)) - raft.server.snapshot.auto.trigger.enabled = true (custom)
2019-10-02 23:00:12,180 [pool-227-thread-1] INFO  server.RaftServerConfigKeys (ConfUtils.java:logGet(43)) - raft.server.snapshot.auto.trigger.threshold = 10000 (custom)
2019-10-02 23:00:12,180 [pool-227-thread-1] INFO  server.RaftServerConfigKeys (ConfUtils.java:logGet(43)) - raft.server.snapshot.retention.file.num = 5 (custom)
2019-10-02 23:00:12,180 [pool-227-thread-1] INFO  server.RaftServerConfigKeys (ConfUtils.java:logGet(43)) - raft.server.retrycache.expirytime = 600000ms (custom)
2019-10-02 23:00:12,181 [pool-227-thread-1] INFO  impl.RaftServerImpl (RaftServerImpl.java:start(181)) - 001004e8-1446-4815-8af8-275eb2e7f1ab@group-EE290A8ECC44: start as a follower, conf=-1: [001004e8-1446-4815-8af8-275eb2e7f1ab:192.168.164.235:45559], old=null
2019-10-02 23:00:12,181 [pool-227-thread-1] INFO  impl.RaftServerImpl (RaftServerImpl.java:setRole(170)) - 001004e8-1446-4815-8af8-275eb2e7f1ab@group-EE290A8ECC44: changes role from      null to FOLLOWER at term 0 for startAsFollower
2019-10-02 23:00:12,182 [pool-227-thread-1] INFO  impl.RoleInfo (RoleInfo.java:updateAndGet(143)) - 001004e8-1446-4815-8af8-275eb2e7f1ab: start FollowerState
2019-10-02 23:00:12,182 [pool-227-thread-1] INFO  util.JmxRegister (JmxRegister.java:tryRegister(44)) - Successfully registered JMX Bean with object name Ratis:service=RaftServer,group=group-EE290A8ECC44,id=001004e8-1446-4815-8af8-275eb2e7f1ab
2019-10-02 23:00:12,187 [RatisPipelineUtilsThread] INFO  pipeline.PipelineStateManager (PipelineStateManager.java:addPipeline(56)) - Created pipeline Pipeline[ Id: 31236243-ceda-4918-8ede-ee290a8ecc44, Nodes: 001004e8-1446-4815-8af8-275eb2e7f1ab{ip: 192.168.164.235, host: pr-hdds-2226-secures3-kzjg4-641534921, networkLocation: /default-rack, certSerialId: null}, Type:RATIS, Factor:ONE, State:OPEN]
2019-10-02 23:00:12,201 [grpc-default-executor-1] INFO  impl.RaftServerProxy (RaftServerProxy.java:addNew(89)) - 001004e8-1446-4815-8af8-275eb2e7f1ab: addNew group-46A3ED0F2391:[5a74c2cb-7fbd-45a4-bebb-7c3e07876900:192.168.164.235:42721, 001004e8-1446-4815-8af8-275eb2e7f1ab:192.168.164.235:45559, fcba0785-f97d-467b-bf4a-b8770d23999e:192.168.164.235:43253] returns group-46A3ED0F2391:java.util.concurrent.CompletableFuture@2c465e84[Not completed]
2019-10-02 23:00:12,202 [grpc-default-executor-1] INFO  impl.RaftServerProxy (RaftServerProxy.java:addNew(89)) - 5a74c2cb-7fbd-45a4-bebb-7c3e07876900: addNew group-46A3ED0F2391:[5a74c2cb-7fbd-45a4-bebb-7c3e07876900:192.168.164.235:42721, 001004e8-1446-4815-8af8-275eb2e7f1ab:192.168.164.235:45559, fcba0785-f97d-467b-bf4a-b8770d23999e:192.168.164.235:43253] returns group-46A3ED0F2391:java.util.concurrent.CompletableFuture@501b431f[Not completed]
2019-10-02 23:00:12,204 [grpc-default-executor-3] INFO  impl.RaftServerProxy (RaftServerProxy.java:addNew(89)) - fcba0785-f97d-467b-bf4a-b8770d23999e: addNew group-46A3ED0F2391:[5a74c2cb-7fbd-45a4-bebb-7c3e07876900:192.168.164.235:42721, 001004e8-1446-4815-8af8-275eb2e7f1ab:192.168.164.235:45559, fcba0785-f97d-467b-bf4a-b8770d23999e:192.168.164.235:43253] returns group-46A3ED0F2391:java.util.concurrent.CompletableFuture@446f2ba6[Not completed]
2019-10-02 23:00:12,206 [pool-207-thread-1] INFO  impl.RaftServerImpl (RaftServerImpl.java:<init>(95)) - 5a74c2cb-7fbd-45a4-bebb-7c3e07876900: new RaftServerImpl for group-46A3ED0F2391:[5a74c2cb-7fbd-45a4-bebb-7c3e07876900:192.168.164.235:42721, 001004e8-1446-4815-8af8-275eb2e7f1ab:192.168.164.235:45559, fcba0785-f97d-467b-bf4a-b8770d23999e:192.168.164.235:43253] with ContainerStateMachine:uninitialized
2019-10-02 23:00:12,206 [pool-207-thread-1] INFO  server.RaftServerConfigKeys (ConfUtils.java:logGet(43)) - raft.server.rpc.timeout.min = 5s (custom)
2019-10-02 23:00:12,206 [pool-207-thread-1] INFO  server.RaftServerConfigKeys (ConfUtils.java:logGet(43)) - raft.server.rpc.timeout.max = 5200ms (custom)
2019-10-02 23:00:12,206 [pool-207-thread-1] INFO  server.RaftServerConfigKeys (ConfUtils.java:logGet(43)) - raft.server.rpcslowness.timeout = 120s (custom)
2019-10-02 23:00:12,206 [pool-227-thread-1] INFO  impl.RaftServerImpl (RaftServerImpl.java:<init>(95)) - 001004e8-1446-4815-8af8-275eb2e7f1ab: new RaftServerImpl for group-46A3ED0F2391:[5a74c2cb-7fbd-45a4-bebb-7c3e07876900:192.168.164.235:42721, 001004e8-1446-4815-8af8-275eb2e7f1ab:192.168.164.235:45559, fcba0785-f97d-467b-bf4a-b8770d23999e:192.168.164.235:43253] with ContainerStateMachine:uninitialized
2019-10-02 23:00:12,207 [pool-207-thread-1] INFO  server.RaftServerConfigKeys (ConfUtils.java:logGet(43)) - raft.server.sleep.deviation.threshold = 300 (default)
2019-10-02 23:00:12,207 [pool-227-thread-1] INFO  server.RaftServerConfigKeys (ConfUtils.java:logGet(43)) - raft.server.rpc.timeout.min = 5s (custom)
2019-10-02 23:00:12,207 [pool-207-thread-1] INFO  server.RaftServerConfigKeys (ConfUtils.java:logGet(43)) - raft.server.log.appender.install.snapshot.enabled = false (custom)
2019-10-02 23:00:12,207 [pool-227-thread-1] INFO  server.RaftServerConfigKeys (ConfUtils.java:logGet(43)) - raft.server.rpc.timeout.max = 5200ms (custom)
2019-10-02 23:00:12,207 [pool-207-thread-1] INFO  impl.RaftServerImpl (ServerState.java:<init>(103)) - 5a74c2cb-7fbd-45a4-bebb-7c3e07876900@group-46A3ED0F2391: ConfigurationManager, init=-1: [5a74c2cb-7fbd-45a4-bebb-7c3e07876900:192.168.164.235:42721, 001004e8-1446-4815-8af8-275eb2e7f1ab:192.168.164.235:45559, fcba0785-f97d-467b-bf4a-b8770d23999e:192.168.164.235:43253], old=null, confs=<EMPTY_MAP>
2019-10-02 23:00:12,207 [pool-217-thread-1] INFO  impl.RaftServerImpl (RaftServerImpl.java:<init>(95)) - fcba0785-f97d-467b-bf4a-b8770d23999e: new RaftServerImpl for group-46A3ED0F2391:[5a74c2cb-7fbd-45a4-bebb-7c3e07876900:192.168.164.235:42721, 001004e8-1446-4815-8af8-275eb2e7f1ab:192.168.164.235:45559, fcba0785-f97d-467b-bf4a-b8770d23999e:192.168.164.235:43253] with ContainerStateMachine:uninitialized
2019-10-02 23:00:12,207 [pool-207-thread-1] INFO  server.RaftServerConfigKeys (ConfUtils.java:logGet(43)) - raft.server.storage.dir = [/workdir/hadoop-ozone/integration-test/target/test-dir/MiniOzoneClusterImpl-d38320c1-1c9a-4451-99ce-f4a8da752828/datanode-0/data/ratis] (custom)
2019-10-02 23:00:12,207 [pool-227-thread-1] INFO  server.RaftServerConfigKeys (ConfUtils.java:logGet(43)) - raft.server.rpcslowness.timeout = 120s (custom)
2019-10-02 23:00:12,207 [pool-217-thread-1] INFO  server.RaftServerConfigKeys (ConfUtils.java:logGet(43)) - raft.server.rpc.timeout.min = 5s (custom)
2019-10-02 23:00:12,208 [pool-207-thread-1] INFO  server.RaftServerConfigKeys (ConfUtils.java:logGet(43)) - raft.server.log.corruption.policy = EXCEPTION (default)
2019-10-02 23:00:12,208 [pool-227-thread-1] INFO  server.RaftServerConfigKeys (ConfUtils.java:logGet(43)) - raft.server.sleep.deviation.threshold = 300 (default)
2019-10-02 23:00:12,208 [pool-207-thread-1] INFO  storage.RaftStorageDirectory (RaftStorageDirectory.java:analyzeStorage(246)) - The storage directory /workdir/hadoop-ozone/integration-test/target/test-dir/MiniOzoneClusterImpl-d38320c1-1c9a-4451-99ce-f4a8da752828/datanode-0/data/ratis/b1a99dc4-a96c-4013-a8a8-46a3ed0f2391 does not exist. Creating ...
2019-10-02 23:00:12,208 [pool-217-thread-1] INFO  server.RaftServerConfigKeys (ConfUtils.java:logGet(43)) - raft.server.rpc.timeout.max = 5200ms (custom)
2019-10-02 23:00:12,208 [pool-227-thread-1] INFO  server.RaftServerConfigKeys (ConfUtils.java:logGet(43)) - raft.server.log.appender.install.snapshot.enabled = false (custom)
2019-10-02 23:00:12,208 [pool-217-thread-1] INFO  server.RaftServerConfigKeys (ConfUtils.java:logGet(43)) - raft.server.rpcslowness.timeout = 120s (custom)
2019-10-02 23:00:12,208 [pool-227-thread-1] INFO  impl.RaftServerImpl (ServerState.java:<init>(103)) - 001004e8-1446-4815-8af8-275eb2e7f1ab@group-46A3ED0F2391: ConfigurationManager, init=-1: [5a74c2cb-7fbd-45a4-bebb-7c3e07876900:192.168.164.235:42721, 001004e8-1446-4815-8af8-275eb2e7f1ab:192.168.164.235:45559, fcba0785-f97d-467b-bf4a-b8770d23999e:192.168.164.235:43253], old=null, confs=<EMPTY_MAP>
2019-10-02 23:00:12,209 [pool-217-thread-1] INFO  server.RaftServerConfigKeys (ConfUtils.java:logGet(43)) - raft.server.sleep.deviation.threshold = 300 (default)
2019-10-02 23:00:12,209 [pool-227-thread-1] INFO  server.RaftServerConfigKeys (ConfUtils.java:logGet(43)) - raft.server.storage.dir = [/workdir/hadoop-ozone/integration-test/target/test-dir/MiniOzoneClusterImpl-d38320c1-1c9a-4451-99ce-f4a8da752828/datanode-2/data/ratis] (custom)
2019-10-02 23:00:12,209 [pool-217-thread-1] INFO  server.RaftServerConfigKeys (ConfUtils.java:logGet(43)) - raft.server.log.appender.install.snapshot.enabled = false (custom)
2019-10-02 23:00:12,209 [pool-227-thread-1] INFO  server.RaftServerConfigKeys (ConfUtils.java:logGet(43)) - raft.server.log.corruption.policy = EXCEPTION (default)
2019-10-02 23:00:12,209 [pool-217-thread-1] INFO  impl.RaftServerImpl (ServerState.java:<init>(103)) - fcba0785-f97d-467b-bf4a-b8770d23999e@group-46A3ED0F2391: ConfigurationManager, init=-1: [5a74c2cb-7fbd-45a4-bebb-7c3e07876900:192.168.164.235:42721, 001004e8-1446-4815-8af8-275eb2e7f1ab:192.168.164.235:45559, fcba0785-f97d-467b-bf4a-b8770d23999e:192.168.164.235:43253], old=null, confs=<EMPTY_MAP>
2019-10-02 23:00:12,209 [pool-227-thread-1] INFO  storage.RaftStorageDirectory (RaftStorageDirectory.java:analyzeStorage(246)) - The storage directory /workdir/hadoop-ozone/integration-test/target/test-dir/MiniOzoneClusterImpl-d38320c1-1c9a-4451-99ce-f4a8da752828/datanode-2/data/ratis/b1a99dc4-a96c-4013-a8a8-46a3ed0f2391 does not exist. Creating ...
2019-10-02 23:00:12,209 [pool-217-thread-1] INFO  server.RaftServerConfigKeys (ConfUtils.java:logGet(43)) - raft.server.storage.dir = [/workdir/hadoop-ozone/integration-test/target/test-dir/MiniOzoneClusterImpl-d38320c1-1c9a-4451-99ce-f4a8da752828/datanode-1/data/ratis] (custom)
2019-10-02 23:00:12,210 [pool-217-thread-1] INFO  server.RaftServerConfigKeys (ConfUtils.java:logGet(43)) - raft.server.log.corruption.policy = EXCEPTION (default)
2019-10-02 23:00:12,210 [pool-217-thread-1] INFO  storage.RaftStorageDirectory (RaftStorageDirectory.java:analyzeStorage(246)) - The storage directory /workdir/hadoop-ozone/integration-test/target/test-dir/MiniOzoneClusterImpl-d38320c1-1c9a-4451-99ce-f4a8da752828/datanode-1/data/ratis/b1a99dc4-a96c-4013-a8a8-46a3ed0f2391 does not exist. Creating ...
2019-10-02 23:00:12,212 [pool-207-thread-1] INFO  storage.RaftStorageDirectory (RaftStorageDirectory.java:tryLock(328)) - Lock on /workdir/hadoop-ozone/integration-test/target/test-dir/MiniOzoneClusterImpl-d38320c1-1c9a-4451-99ce-f4a8da752828/datanode-0/data/ratis/b1a99dc4-a96c-4013-a8a8-46a3ed0f2391/in_use.lock acquired by nodename 6657@pr-hdds-2226-secures3-kzjg4-641534921
2019-10-02 23:00:12,212 [pool-227-thread-1] INFO  storage.RaftStorageDirectory (RaftStorageDirectory.java:tryLock(328)) - Lock on /workdir/hadoop-ozone/integration-test/target/test-dir/MiniOzoneClusterImpl-d38320c1-1c9a-4451-99ce-f4a8da752828/datanode-2/data/ratis/b1a99dc4-a96c-4013-a8a8-46a3ed0f2391/in_use.lock acquired by nodename 6657@pr-hdds-2226-secures3-kzjg4-641534921
2019-10-02 23:00:12,214 [pool-217-thread-1] INFO  storage.RaftStorageDirectory (RaftStorageDirectory.java:tryLock(328)) - Lock on /workdir/hadoop-ozone/integration-test/target/test-dir/MiniOzoneClusterImpl-d38320c1-1c9a-4451-99ce-f4a8da752828/datanode-1/data/ratis/b1a99dc4-a96c-4013-a8a8-46a3ed0f2391/in_use.lock acquired by nodename 6657@pr-hdds-2226-secures3-kzjg4-641534921
2019-10-02 23:00:12,216 [pool-207-thread-1] INFO  storage.RaftStorage (RaftStorage.java:format(84)) - Storage directory /workdir/hadoop-ozone/integration-test/target/test-dir/MiniOzoneClusterImpl-d38320c1-1c9a-4451-99ce-f4a8da752828/datanode-0/data/ratis/b1a99dc4-a96c-4013-a8a8-46a3ed0f2391 has been successfully formatted.
2019-10-02 23:00:12,216 [pool-227-thread-1] INFO  storage.RaftStorage (RaftStorage.java:format(84)) - Storage directory /workdir/hadoop-ozone/integration-test/target/test-dir/MiniOzoneClusterImpl-d38320c1-1c9a-4451-99ce-f4a8da752828/datanode-2/data/ratis/b1a99dc4-a96c-4013-a8a8-46a3ed0f2391 has been successfully formatted.
2019-10-02 23:00:12,216 [pool-207-thread-1] INFO  ratis.ContainerStateMachine (ContainerStateMachine.java:loadSnapshot(230)) - group-46A3ED0F2391: The snapshot info is null. Setting the last applied indexto:(t:0, i:~)
2019-10-02 23:00:12,216 [pool-227-thread-1] INFO  ratis.ContainerStateMachine (ContainerStateMachine.java:loadSnapshot(230)) - group-46A3ED0F2391: The snapshot info is null. Setting the last applied indexto:(t:0, i:~)
2019-10-02 23:00:12,216 [pool-207-thread-1] INFO  server.RaftServerConfigKeys (ConfUtils.java:logGet(43)) - raft.server.notification.no-leader.timeout = 120s (custom)
2019-10-02 23:00:12,216 [pool-227-thread-1] INFO  server.RaftServerConfigKeys (ConfUtils.java:logGet(43)) - raft.server.notification.no-leader.timeout = 120s (custom)
2019-10-02 23:00:12,216 [pool-207-thread-1] INFO  server.RaftServerConfigKeys (ConfUtils.java:logGet(43)) - raft.server.log.use.memory = false (default)
2019-10-02 23:00:12,216 [pool-227-thread-1] INFO  server.RaftServerConfigKeys (ConfUtils.java:logGet(43)) - raft.server.log.use.memory = false (default)
2019-10-02 23:00:12,216 [pool-207-thread-1] INFO  server.RaftServerConfigKeys (ConfUtils.java:logGet(43)) - raft.server.log.purge.gap = 1000000 (custom)
2019-10-02 23:00:12,216 [pool-227-thread-1] INFO  server.RaftServerConfigKeys (ConfUtils.java:logGet(43)) - raft.server.log.purge.gap = 1000000 (custom)
2019-10-02 23:00:12,217 [pool-207-thread-1] INFO  server.RaftServerConfigKeys (ConfUtils.java:logGet(43)) - raft.server.log.appender.buffer.byte-limit = 33554432 (custom)
2019-10-02 23:00:12,217 [pool-227-thread-1] INFO  server.RaftServerConfigKeys (ConfUtils.java:logGet(43)) - raft.server.log.appender.buffer.byte-limit = 33554432 (custom)
2019-10-02 23:00:12,217 [pool-207-thread-1] INFO  server.RaftServerConfigKeys (ConfUtils.java:logGet(43)) - raft.server.log.segment.size.max = 1048576 (custom)
2019-10-02 23:00:12,217 [pool-227-thread-1] INFO  server.RaftServerConfigKeys (ConfUtils.java:logGet(43)) - raft.server.log.segment.size.max = 1048576 (custom)
2019-10-02 23:00:12,217 [pool-207-thread-1] INFO  server.RaftServerConfigKeys (ConfUtils.java:logGet(43)) - raft.server.log.segment.cache.num.max = 2 (custom)
2019-10-02 23:00:12,217 [pool-227-thread-1] INFO  server.RaftServerConfigKeys (ConfUtils.java:logGet(43)) - raft.server.log.segment.cache.num.max = 2 (custom)
2019-10-02 23:00:12,217 [pool-207-thread-1] INFO  segmented.SegmentedRaftLogWorker (SegmentedRaftLogWorker.java:<init>(173)) - new 5a74c2cb-7fbd-45a4-bebb-7c3e07876900@group-46A3ED0F2391-SegmentedRaftLogWorker for RaftStorage:Storage Directory /workdir/hadoop-ozone/integration-test/target/test-dir/MiniOzoneClusterImpl-d38320c1-1c9a-4451-99ce-f4a8da752828/datanode-0/data/ratis/b1a99dc4-a96c-4013-a8a8-46a3ed0f2391
2019-10-02 23:00:12,217 [pool-227-thread-1] INFO  segmented.SegmentedRaftLogWorker (SegmentedRaftLogWorker.java:<init>(173)) - new 001004e8-1446-4815-8af8-275eb2e7f1ab@group-46A3ED0F2391-SegmentedRaftLogWorker for RaftStorage:Storage Directory /workdir/hadoop-ozone/integration-test/target/test-dir/MiniOzoneClusterImpl-d38320c1-1c9a-4451-99ce-f4a8da752828/datanode-2/data/ratis/b1a99dc4-a96c-4013-a8a8-46a3ed0f2391
2019-10-02 23:00:12,217 [pool-207-thread-1] INFO  server.RaftServerConfigKeys (ConfUtils.java:logGet(43)) - raft.server.log.queue.byte-limit = 2147483647 (custom)
2019-10-02 23:00:12,218 [pool-227-thread-1] INFO  server.RaftServerConfigKeys (ConfUtils.java:logGet(43)) - raft.server.log.queue.byte-limit = 2147483647 (custom)
2019-10-02 23:00:12,218 [pool-217-thread-1] INFO  storage.RaftStorage (RaftStorage.java:format(84)) - Storage directory /workdir/hadoop-ozone/integration-test/target/test-dir/MiniOzoneClusterImpl-d38320c1-1c9a-4451-99ce-f4a8da752828/datanode-1/data/ratis/b1a99dc4-a96c-4013-a8a8-46a3ed0f2391 has been successfully formatted.
2019-10-02 23:00:12,218 [pool-207-thread-1] INFO  server.RaftServerConfigKeys (ConfUtils.java:logGet(43)) - raft.server.log.queue.element-limit = 1024 (custom)
2019-10-02 23:00:12,218 [pool-217-thread-1] INFO  ratis.ContainerStateMachine (ContainerStateMachine.java:loadSnapshot(230)) - group-46A3ED0F2391: The snapshot info is null. Setting the last applied indexto:(t:0, i:~)
2019-10-02 23:00:12,218 [pool-227-thread-1] INFO  server.RaftServerConfigKeys (ConfUtils.java:logGet(43)) - raft.server.log.queue.element-limit = 1024 (custom)
2019-10-02 23:00:12,218 [pool-217-thread-1] INFO  server.RaftServerConfigKeys (ConfUtils.java:logGet(43)) - raft.server.notification.no-leader.timeout = 120s (custom)
2019-10-02 23:00:12,218 [pool-207-thread-1] INFO  server.RaftServerConfigKeys (ConfUtils.java:logGet(43)) - raft.server.log.segment.size.max = 1048576 (custom)
2019-10-02 23:00:12,218 [pool-217-thread-1] INFO  server.RaftServerConfigKeys (ConfUtils.java:logGet(43)) - raft.server.log.use.memory = false (default)
2019-10-02 23:00:12,218 [pool-227-thread-1] INFO  server.RaftServerConfigKeys (ConfUtils.java:logGet(43)) - raft.server.log.segment.size.max = 1048576 (custom)
2019-10-02 23:00:12,218 [pool-217-thread-1] INFO  server.RaftServerConfigKeys (ConfUtils.java:logGet(43)) - raft.server.log.purge.gap = 1000000 (custom)
2019-10-02 23:00:12,218 [pool-207-thread-1] INFO  server.RaftServerConfigKeys (ConfUtils.java:logGet(43)) - raft.server.log.preallocated.size = 16384 (custom)
2019-10-02 23:00:12,219 [pool-217-thread-1] INFO  server.RaftServerConfigKeys (ConfUtils.java:logGet(43)) - raft.server.log.appender.buffer.byte-limit = 33554432 (custom)
2019-10-02 23:00:12,219 [pool-227-thread-1] INFO  server.RaftServerConfigKeys (ConfUtils.java:logGet(43)) - raft.server.log.preallocated.size = 16384 (custom)
2019-10-02 23:00:12,219 [pool-217-thread-1] INFO  server.RaftServerConfigKeys (ConfUtils.java:logGet(43)) - raft.server.log.segment.size.max = 1048576 (custom)
2019-10-02 23:00:12,219 [pool-207-thread-1] INFO  server.RaftServerConfigKeys (ConfUtils.java:logGet(43)) - raft.server.log.write.buffer.size = 33554432 (custom)
2019-10-02 23:00:12,219 [pool-217-thread-1] INFO  server.RaftServerConfigKeys (ConfUtils.java:logGet(43)) - raft.server.log.segment.cache.num.max = 2 (custom)
2019-10-02 23:00:12,219 [pool-227-thread-1] INFO  server.RaftServerConfigKeys (ConfUtils.java:logGet(43)) - raft.server.log.write.buffer.size = 33554432 (custom)
2019-10-02 23:00:12,219 [pool-217-thread-1] INFO  segmented.SegmentedRaftLogWorker (SegmentedRaftLogWorker.java:<init>(173)) - new fcba0785-f97d-467b-bf4a-b8770d23999e@group-46A3ED0F2391-SegmentedRaftLogWorker for RaftStorage:Storage Directory /workdir/hadoop-ozone/integration-test/target/test-dir/MiniOzoneClusterImpl-d38320c1-1c9a-4451-99ce-f4a8da752828/datanode-1/data/ratis/b1a99dc4-a96c-4013-a8a8-46a3ed0f2391
2019-10-02 23:00:12,219 [pool-207-thread-1] INFO  server.RaftServerConfigKeys (ConfUtils.java:logGet(43)) - raft.server.log.force.sync.num = 128 (default)
2019-10-02 23:00:12,220 [pool-217-thread-1] INFO  server.RaftServerConfigKeys (ConfUtils.java:logGet(43)) - raft.server.log.queue.byte-limit = 2147483647 (custom)
2019-10-02 23:00:12,220 [pool-217-thread-1] INFO  server.RaftServerConfigKeys (ConfUtils.java:logGet(43)) - raft.server.log.queue.element-limit = 1024 (custom)
2019-10-02 23:00:12,219 [pool-227-thread-1] INFO  server.RaftServerConfigKeys (ConfUtils.java:logGet(43)) - raft.server.log.force.sync.num = 128 (default)
2019-10-02 23:00:12,220 [pool-217-thread-1] INFO  server.RaftServerConfigKeys (ConfUtils.java:logGet(43)) - raft.server.log.segment.size.max = 1048576 (custom)
2019-10-02 23:00:12,220 [pool-207-thread-1] INFO  server.RaftServerConfigKeys (ConfUtils.java:logGet(43)) - raft.server.log.statemachine.data.sync = true (default)
2019-10-02 23:00:12,220 [pool-217-thread-1] INFO  server.RaftServerConfigKeys (ConfUtils.java:logGet(43)) - raft.server.log.preallocated.size = 16384 (custom)
2019-10-02 23:00:12,220 [pool-227-thread-1] INFO  server.RaftServerConfigKeys (ConfUtils.java:logGet(43)) - raft.server.log.statemachine.data.sync = true (default)
2019-10-02 23:00:12,220 [pool-217-thread-1] INFO  server.RaftServerConfigKeys (ConfUtils.java:logGet(43)) - raft.server.log.write.buffer.size = 33554432 (custom)
2019-10-02 23:00:12,220 [pool-207-thread-1] INFO  server.RaftServerConfigKeys (ConfUtils.java:logGet(43)) - raft.server.log.statemachine.data.sync.timeout = 10s (default)
2019-10-02 23:00:12,220 [pool-217-thread-1] INFO  server.RaftServerConfigKeys (ConfUtils.java:logGet(43)) - raft.server.log.force.sync.num = 128 (default)
2019-10-02 23:00:12,220 [pool-227-thread-1] INFO  server.RaftServerConfigKeys (ConfUtils.java:logGet(43)) - raft.server.log.statemachine.data.sync.timeout = 10s (default)
2019-10-02 23:00:12,221 [pool-217-thread-1] INFO  server.RaftServerConfigKeys (ConfUtils.java:logGet(43)) - raft.server.log.statemachine.data.sync = true (default)
2019-10-02 23:00:12,221 [pool-207-thread-1] INFO  server.RaftServerConfigKeys (ConfUtils.java:logGet(43)) - raft.server.log.statemachine.data.sync.timeout.retry = -1 (default)
2019-10-02 23:00:12,221 [pool-217-thread-1] INFO  server.RaftServerConfigKeys (ConfUtils.java:logGet(43)) - raft.server.log.statemachine.data.sync.timeout = 10s (default)
2019-10-02 23:00:12,221 [pool-227-thread-1] INFO  server.RaftServerConfigKeys (ConfUtils.java:logGet(43)) - raft.server.log.statemachine.data.sync.timeout.retry = -1 (default)
2019-10-02 23:00:12,221 [pool-217-thread-1] INFO  server.RaftServerConfigKeys (ConfUtils.java:logGet(43)) - raft.server.log.statemachine.data.sync.timeout.retry = -1 (default)
2019-10-02 23:00:12,221 [pool-207-thread-1] INFO  server.RaftServerConfigKeys (ConfUtils.java:logGet(43)) - raft.server.log.statemachine.data.caching.enabled = true (custom)
2019-10-02 23:00:12,221 [pool-217-thread-1] INFO  server.RaftServerConfigKeys (ConfUtils.java:logGet(43)) - raft.server.log.statemachine.data.caching.enabled = true (custom)
2019-10-02 23:00:12,221 [pool-227-thread-1] INFO  server.RaftServerConfigKeys (ConfUtils.java:logGet(43)) - raft.server.log.statemachine.data.caching.enabled = true (custom)
2019-10-02 23:00:12,222 [pool-217-thread-1] INFO  segmented.SegmentedRaftLogWorker (SegmentedRaftLogWorker.java:lambda$new$0(128)) - fcba0785-f97d-467b-bf4a-b8770d23999e@group-46A3ED0F2391-SegmentedRaftLogWorker: flushIndex: setUnconditionally 0 -> -1
2019-10-02 23:00:12,222 [pool-207-thread-1] INFO  segmented.SegmentedRaftLogWorker (SegmentedRaftLogWorker.java:lambda$new$0(128)) - 5a74c2cb-7fbd-45a4-bebb-7c3e07876900@group-46A3ED0F2391-SegmentedRaftLogWorker: flushIndex: setUnconditionally 0 -> -1
2019-10-02 23:00:12,222 [pool-227-thread-1] INFO  segmented.SegmentedRaftLogWorker (SegmentedRaftLogWorker.java:lambda$new$0(128)) - 001004e8-1446-4815-8af8-275eb2e7f1ab@group-46A3ED0F2391-SegmentedRaftLogWorker: flushIndex: setUnconditionally 0 -> -1
2019-10-02 23:00:12,222 [pool-217-thread-1] INFO  server.RaftServerConfigKeys (ConfUtils.java:logGet(43)) - raft.server.snapshot.auto.trigger.enabled = true (custom)
2019-10-02 23:00:12,222 [pool-207-thread-1] INFO  server.RaftServerConfigKeys (ConfUtils.java:logGet(43)) - raft.server.snapshot.auto.trigger.enabled = true (custom)
2019-10-02 23:00:12,222 [pool-227-thread-1] INFO  server.RaftServerConfigKeys (ConfUtils.java:logGet(43)) - raft.server.snapshot.auto.trigger.enabled = true (custom)
2019-10-02 23:00:12,222 [pool-217-thread-1] INFO  server.RaftServerConfigKeys (ConfUtils.java:logGet(43)) - raft.server.snapshot.auto.trigger.threshold = 10000 (custom)
2019-10-02 23:00:12,222 [pool-227-thread-1] INFO  server.RaftServerConfigKeys (ConfUtils.java:logGet(43)) - raft.server.snapshot.auto.trigger.threshold = 10000 (custom)
2019-10-02 23:00:12,222 [pool-207-thread-1] INFO  server.RaftServerConfigKeys (ConfUtils.java:logGet(43)) - raft.server.snapshot.auto.trigger.threshold = 10000 (custom)
2019-10-02 23:00:12,222 [pool-227-thread-1] INFO  server.RaftServerConfigKeys (ConfUtils.java:logGet(43)) - raft.server.snapshot.retention.file.num = 5 (custom)
2019-10-02 23:00:12,222 [pool-217-thread-1] INFO  server.RaftServerConfigKeys (ConfUtils.java:logGet(43)) - raft.server.snapshot.retention.file.num = 5 (custom)
2019-10-02 23:00:12,223 [pool-227-thread-1] INFO  server.RaftServerConfigKeys (ConfUtils.java:logGet(43)) - raft.server.retrycache.expirytime = 600000ms (custom)
2019-10-02 23:00:12,223 [IPC Server handler 7 on 42874] INFO  net.NetworkTopology (NetworkTopologyImpl.java:add(111)) - Added a new node: /default-rack/b4957daf-4d4e-43ed-bd2b-8d3cba6836a1
2019-10-02 23:00:12,223 [pool-207-thread-1] INFO  server.RaftServerConfigKeys (ConfUtils.java:logGet(43)) - raft.server.snapshot.retention.file.num = 5 (custom)
2019-10-02 23:00:12,223 [IPC Server handler 7 on 42874] INFO  node.SCMNodeManager (SCMNodeManager.java:register(266)) - Registered Data node : b4957daf-4d4e-43ed-bd2b-8d3cba6836a1{ip: 192.168.164.235, host: pr-hdds-2226-secures3-kzjg4-641534921, networkLocation: /default-rack, certSerialId: null}
2019-10-02 23:00:12,223 [pool-217-thread-1] INFO  server.RaftServerConfigKeys (ConfUtils.java:logGet(43)) - raft.server.retrycache.expirytime = 600000ms (custom)
2019-10-02 23:00:12,223 [pool-207-thread-1] INFO  server.RaftServerConfigKeys (ConfUtils.java:logGet(43)) - raft.server.retrycache.expirytime = 600000ms (custom)
2019-10-02 23:00:12,226 [pool-227-thread-1] INFO  impl.RaftServerImpl (RaftServerImpl.java:start(181)) - 001004e8-1446-4815-8af8-275eb2e7f1ab@group-46A3ED0F2391: start as a follower, conf=-1: [5a74c2cb-7fbd-45a4-bebb-7c3e07876900:192.168.164.235:42721, 001004e8-1446-4815-8af8-275eb2e7f1ab:192.168.164.235:45559, fcba0785-f97d-467b-bf4a-b8770d23999e:192.168.164.235:43253], old=null
2019-10-02 23:00:12,226 [pool-227-thread-1] INFO  impl.RaftServerImpl (RaftServerImpl.java:setRole(170)) - 001004e8-1446-4815-8af8-275eb2e7f1ab@group-46A3ED0F2391: changes role from      null to FOLLOWER at term 0 for startAsFollower
2019-10-02 23:00:12,226 [pool-227-thread-1] INFO  impl.RoleInfo (RoleInfo.java:updateAndGet(143)) - 001004e8-1446-4815-8af8-275eb2e7f1ab: start FollowerState
2019-10-02 23:00:12,226 [pool-217-thread-1] INFO  impl.RaftServerImpl (RaftServerImpl.java:start(181)) - fcba0785-f97d-467b-bf4a-b8770d23999e@group-46A3ED0F2391: start as a follower, conf=-1: [5a74c2cb-7fbd-45a4-bebb-7c3e07876900:192.168.164.235:42721, 001004e8-1446-4815-8af8-275eb2e7f1ab:192.168.164.235:45559, fcba0785-f97d-467b-bf4a-b8770d23999e:192.168.164.235:43253], old=null
2019-10-02 23:00:12,226 [pool-217-thread-1] INFO  impl.RaftServerImpl (RaftServerImpl.java:setRole(170)) - fcba0785-f97d-467b-bf4a-b8770d23999e@group-46A3ED0F2391: changes role from      null to FOLLOWER at term 0 for startAsFollower
2019-10-02 23:00:12,227 [pool-227-thread-1] INFO  util.JmxRegister (JmxRegister.java:tryRegister(44)) - Successfully registered JMX Bean with object name Ratis:service=RaftServer,group=group-46A3ED0F2391,id=001004e8-1446-4815-8af8-275eb2e7f1ab
2019-10-02 23:00:12,227 [pool-217-thread-1] INFO  impl.RoleInfo (RoleInfo.java:updateAndGet(143)) - fcba0785-f97d-467b-bf4a-b8770d23999e: start FollowerState
2019-10-02 23:00:12,227 [pool-207-thread-1] INFO  impl.RaftServerImpl (RaftServerImpl.java:start(181)) - 5a74c2cb-7fbd-45a4-bebb-7c3e07876900@group-46A3ED0F2391: start as a follower, conf=-1: [5a74c2cb-7fbd-45a4-bebb-7c3e07876900:192.168.164.235:42721, 001004e8-1446-4815-8af8-275eb2e7f1ab:192.168.164.235:45559, fcba0785-f97d-467b-bf4a-b8770d23999e:192.168.164.235:43253], old=null
2019-10-02 23:00:12,227 [pool-207-thread-1] INFO  impl.RaftServerImpl (RaftServerImpl.java:setRole(170)) - 5a74c2cb-7fbd-45a4-bebb-7c3e07876900@group-46A3ED0F2391: changes role from      null to FOLLOWER at term 0 for startAsFollower
2019-10-02 23:00:12,227 [pool-217-thread-1] INFO  util.JmxRegister (JmxRegister.java:tryRegister(44)) - Successfully registered JMX Bean with object name Ratis:service=RaftServer,group=group-46A3ED0F2391,id=fcba0785-f97d-467b-bf4a-b8770d23999e
2019-10-02 23:00:12,227 [pool-207-thread-1] INFO  impl.RoleInfo (RoleInfo.java:updateAndGet(143)) - 5a74c2cb-7fbd-45a4-bebb-7c3e07876900: start FollowerState
2019-10-02 23:00:12,227 [pool-207-thread-1] INFO  util.JmxRegister (JmxRegister.java:tryRegister(44)) - Successfully registered JMX Bean with object name Ratis:service=RaftServer,group=group-46A3ED0F2391,id=5a74c2cb-7fbd-45a4-bebb-7c3e07876900
2019-10-02 23:00:12,238 [RatisPipelineUtilsThread] INFO  pipeline.PipelineStateManager (PipelineStateManager.java:addPipeline(56)) - Created pipeline Pipeline[ Id: b1a99dc4-a96c-4013-a8a8-46a3ed0f2391, Nodes: 001004e8-1446-4815-8af8-275eb2e7f1ab{ip: 192.168.164.235, host: pr-hdds-2226-secures3-kzjg4-641534921, networkLocation: /default-rack, certSerialId: null}5a74c2cb-7fbd-45a4-bebb-7c3e07876900{ip: 192.168.164.235, host: pr-hdds-2226-secures3-kzjg4-641534921, networkLocation: /default-rack, certSerialId: null}fcba0785-f97d-467b-bf4a-b8770d23999e{ip: 192.168.164.235, host: pr-hdds-2226-secures3-kzjg4-641534921, networkLocation: /default-rack, certSerialId: null}, Type:RATIS, Factor:THREE, State:OPEN]
2019-10-02 23:00:12,305 [IPC Server handler 8 on 42874] INFO  net.NetworkTopology (NetworkTopologyImpl.java:add(111)) - Added a new node: /default-rack/003b1792-9452-4599-9865-52c597bb50be
2019-10-02 23:00:12,305 [IPC Server handler 8 on 42874] INFO  node.SCMNodeManager (SCMNodeManager.java:register(266)) - Registered Data node : 003b1792-9452-4599-9865-52c597bb50be{ip: 192.168.164.235, host: pr-hdds-2226-secures3-kzjg4-641534921, networkLocation: /default-rack, certSerialId: null}
2019-10-02 23:00:12,316 [grpc-default-executor-3] INFO  impl.RaftServerProxy (RaftServerProxy.java:addNew(89)) - b4957daf-4d4e-43ed-bd2b-8d3cba6836a1: addNew group-63586A159920:[b4957daf-4d4e-43ed-bd2b-8d3cba6836a1:192.168.164.235:34003] returns group-63586A159920:java.util.concurrent.CompletableFuture@5653881f[Not completed]
2019-10-02 23:00:12,320 [pool-237-thread-1] INFO  impl.RaftServerImpl (RaftServerImpl.java:<init>(95)) - b4957daf-4d4e-43ed-bd2b-8d3cba6836a1: new RaftServerImpl for group-63586A159920:[b4957daf-4d4e-43ed-bd2b-8d3cba6836a1:192.168.164.235:34003] with ContainerStateMachine:uninitialized
2019-10-02 23:00:12,320 [pool-237-thread-1] INFO  server.RaftServerConfigKeys (ConfUtils.java:logGet(43)) - raft.server.rpc.timeout.min = 5s (custom)
2019-10-02 23:00:12,320 [pool-237-thread-1] INFO  server.RaftServerConfigKeys (ConfUtils.java:logGet(43)) - raft.server.rpc.timeout.max = 5200ms (custom)
2019-10-02 23:00:12,320 [pool-237-thread-1] INFO  server.RaftServerConfigKeys (ConfUtils.java:logGet(43)) - raft.server.rpcslowness.timeout = 120s (custom)
2019-10-02 23:00:12,320 [pool-237-thread-1] INFO  server.RaftServerConfigKeys (ConfUtils.java:logGet(43)) - raft.server.sleep.deviation.threshold = 300 (default)
2019-10-02 23:00:12,320 [pool-237-thread-1] INFO  server.RaftServerConfigKeys (ConfUtils.java:logGet(43)) - raft.server.log.appender.install.snapshot.enabled = false (custom)
2019-10-02 23:00:12,320 [pool-237-thread-1] INFO  impl.RaftServerImpl (ServerState.java:<init>(103)) - b4957daf-4d4e-43ed-bd2b-8d3cba6836a1@group-63586A159920: ConfigurationManager, init=-1: [b4957daf-4d4e-43ed-bd2b-8d3cba6836a1:192.168.164.235:34003], old=null, confs=<EMPTY_MAP>
2019-10-02 23:00:12,320 [pool-237-thread-1] INFO  server.RaftServerConfigKeys (ConfUtils.java:logGet(43)) - raft.server.storage.dir = [/workdir/hadoop-ozone/integration-test/target/test-dir/MiniOzoneClusterImpl-d38320c1-1c9a-4451-99ce-f4a8da752828/datanode-3/data/ratis] (custom)
2019-10-02 23:00:12,321 [pool-237-thread-1] INFO  server.RaftServerConfigKeys (ConfUtils.java:logGet(43)) - raft.server.log.corruption.policy = EXCEPTION (default)
2019-10-02 23:00:12,321 [pool-237-thread-1] INFO  storage.RaftStorageDirectory (RaftStorageDirectory.java:analyzeStorage(246)) - The storage directory /workdir/hadoop-ozone/integration-test/target/test-dir/MiniOzoneClusterImpl-d38320c1-1c9a-4451-99ce-f4a8da752828/datanode-3/data/ratis/74722a87-ae98-4844-b8a9-63586a159920 does not exist. Creating ...
2019-10-02 23:00:12,332 [pool-237-thread-1] INFO  storage.RaftStorageDirectory (RaftStorageDirectory.java:tryLock(328)) - Lock on /workdir/hadoop-ozone/integration-test/target/test-dir/MiniOzoneClusterImpl-d38320c1-1c9a-4451-99ce-f4a8da752828/datanode-3/data/ratis/74722a87-ae98-4844-b8a9-63586a159920/in_use.lock acquired by nodename 6657@pr-hdds-2226-secures3-kzjg4-641534921
2019-10-02 23:00:12,337 [pool-237-thread-1] INFO  storage.RaftStorage (RaftStorage.java:format(84)) - Storage directory /workdir/hadoop-ozone/integration-test/target/test-dir/MiniOzoneClusterImpl-d38320c1-1c9a-4451-99ce-f4a8da752828/datanode-3/data/ratis/74722a87-ae98-4844-b8a9-63586a159920 has been successfully formatted.
2019-10-02 23:00:12,337 [pool-237-thread-1] INFO  ratis.ContainerStateMachine (ContainerStateMachine.java:loadSnapshot(230)) - group-63586A159920: The snapshot info is null. Setting the last applied indexto:(t:0, i:~)
2019-10-02 23:00:12,337 [pool-237-thread-1] INFO  server.RaftServerConfigKeys (ConfUtils.java:logGet(43)) - raft.server.notification.no-leader.timeout = 120s (custom)
2019-10-02 23:00:12,337 [pool-237-thread-1] INFO  server.RaftServerConfigKeys (ConfUtils.java:logGet(43)) - raft.server.log.use.memory = false (default)
2019-10-02 23:00:12,337 [pool-237-thread-1] INFO  server.RaftServerConfigKeys (ConfUtils.java:logGet(43)) - raft.server.log.purge.gap = 1000000 (custom)
2019-10-02 23:00:12,338 [pool-237-thread-1] INFO  server.RaftServerConfigKeys (ConfUtils.java:logGet(43)) - raft.server.log.appender.buffer.byte-limit = 33554432 (custom)
2019-10-02 23:00:12,338 [pool-237-thread-1] INFO  server.RaftServerConfigKeys (ConfUtils.java:logGet(43)) - raft.server.log.segment.size.max = 1048576 (custom)
2019-10-02 23:00:12,339 [pool-237-thread-1] INFO  server.RaftServerConfigKeys (ConfUtils.java:logGet(43)) - raft.server.log.segment.cache.num.max = 2 (custom)
2019-10-02 23:00:12,339 [pool-237-thread-1] INFO  segmented.SegmentedRaftLogWorker (SegmentedRaftLogWorker.java:<init>(173)) - new b4957daf-4d4e-43ed-bd2b-8d3cba6836a1@group-63586A159920-SegmentedRaftLogWorker for RaftStorage:Storage Directory /workdir/hadoop-ozone/integration-test/target/test-dir/MiniOzoneClusterImpl-d38320c1-1c9a-4451-99ce-f4a8da752828/datanode-3/data/ratis/74722a87-ae98-4844-b8a9-63586a159920
2019-10-02 23:00:12,339 [pool-237-thread-1] INFO  server.RaftServerConfigKeys (ConfUtils.java:logGet(43)) - raft.server.log.queue.byte-limit = 2147483647 (custom)
2019-10-02 23:00:12,339 [pool-237-thread-1] INFO  server.RaftServerConfigKeys (ConfUtils.java:logGet(43)) - raft.server.log.queue.element-limit = 1024 (custom)
2019-10-02 23:00:12,339 [pool-237-thread-1] INFO  server.RaftServerConfigKeys (ConfUtils.java:logGet(43)) - raft.server.log.segment.size.max = 1048576 (custom)
2019-10-02 23:00:12,339 [pool-237-thread-1] INFO  server.RaftServerConfigKeys (ConfUtils.java:logGet(43)) - raft.server.log.preallocated.size = 16384 (custom)
2019-10-02 23:00:12,340 [pool-237-thread-1] INFO  server.RaftServerConfigKeys (ConfUtils.java:logGet(43)) - raft.server.log.write.buffer.size = 33554432 (custom)
2019-10-02 23:00:12,340 [pool-237-thread-1] INFO  server.RaftServerConfigKeys (ConfUtils.java:logGet(43)) - raft.server.log.force.sync.num = 128 (default)
2019-10-02 23:00:12,340 [pool-237-thread-1] INFO  server.RaftServerConfigKeys (ConfUtils.java:logGet(43)) - raft.server.log.statemachine.data.sync = true (default)
2019-10-02 23:00:12,340 [pool-237-thread-1] INFO  server.RaftServerConfigKeys (ConfUtils.java:logGet(43)) - raft.server.log.statemachine.data.sync.timeout = 10s (default)
2019-10-02 23:00:12,340 [pool-237-thread-1] INFO  server.RaftServerConfigKeys (ConfUtils.java:logGet(43)) - raft.server.log.statemachine.data.sync.timeout.retry = -1 (default)
2019-10-02 23:00:12,340 [pool-237-thread-1] INFO  server.RaftServerConfigKeys (ConfUtils.java:logGet(43)) - raft.server.log.statemachine.data.caching.enabled = true (custom)
2019-10-02 23:00:12,340 [pool-237-thread-1] INFO  segmented.SegmentedRaftLogWorker (SegmentedRaftLogWorker.java:lambda$new$0(128)) - b4957daf-4d4e-43ed-bd2b-8d3cba6836a1@group-63586A159920-SegmentedRaftLogWorker: flushIndex: setUnconditionally 0 -> -1
2019-10-02 23:00:12,341 [pool-237-thread-1] INFO  server.RaftServerConfigKeys (ConfUtils.java:logGet(43)) - raft.server.snapshot.auto.trigger.enabled = true (custom)
2019-10-02 23:00:12,341 [pool-237-thread-1] INFO  server.RaftServerConfigKeys (ConfUtils.java:logGet(43)) - raft.server.snapshot.auto.trigger.threshold = 10000 (custom)
2019-10-02 23:00:12,341 [pool-237-thread-1] INFO  server.RaftServerConfigKeys (ConfUtils.java:logGet(43)) - raft.server.snapshot.retention.file.num = 5 (custom)
2019-10-02 23:00:12,341 [pool-237-thread-1] INFO  server.RaftServerConfigKeys (ConfUtils.java:logGet(43)) - raft.server.retrycache.expirytime = 600000ms (custom)
2019-10-02 23:00:12,342 [pool-237-thread-1] INFO  impl.RaftServerImpl (RaftServerImpl.java:start(181)) - b4957daf-4d4e-43ed-bd2b-8d3cba6836a1@group-63586A159920: start as a follower, conf=-1: [b4957daf-4d4e-43ed-bd2b-8d3cba6836a1:192.168.164.235:34003], old=null
2019-10-02 23:00:12,342 [pool-237-thread-1] INFO  impl.RaftServerImpl (RaftServerImpl.java:setRole(170)) - b4957daf-4d4e-43ed-bd2b-8d3cba6836a1@group-63586A159920: changes role from      null to FOLLOWER at term 0 for startAsFollower
2019-10-02 23:00:12,342 [pool-237-thread-1] INFO  impl.RoleInfo (RoleInfo.java:updateAndGet(143)) - b4957daf-4d4e-43ed-bd2b-8d3cba6836a1: start FollowerState
2019-10-02 23:00:12,343 [pool-237-thread-1] INFO  util.JmxRegister (JmxRegister.java:tryRegister(44)) - Successfully registered JMX Bean with object name Ratis:service=RaftServer,group=group-63586A159920,id=b4957daf-4d4e-43ed-bd2b-8d3cba6836a1
2019-10-02 23:00:12,349 [RatisPipelineUtilsThread] INFO  pipeline.PipelineStateManager (PipelineStateManager.java:addPipeline(56)) - Created pipeline Pipeline[ Id: 74722a87-ae98-4844-b8a9-63586a159920, Nodes: b4957daf-4d4e-43ed-bd2b-8d3cba6836a1{ip: 192.168.164.235, host: pr-hdds-2226-secures3-kzjg4-641534921, networkLocation: /default-rack, certSerialId: null}, Type:RATIS, Factor:ONE, State:OPEN]
2019-10-02 23:00:12,359 [grpc-default-executor-3] INFO  impl.RaftServerProxy (RaftServerProxy.java:addNew(89)) - 003b1792-9452-4599-9865-52c597bb50be: addNew group-3993BA536560:[003b1792-9452-4599-9865-52c597bb50be:192.168.164.235:45993] returns group-3993BA536560:java.util.concurrent.CompletableFuture@4bc5b7cf[Not completed]
2019-10-02 23:00:12,361 [pool-247-thread-1] INFO  impl.RaftServerImpl (RaftServerImpl.java:<init>(95)) - 003b1792-9452-4599-9865-52c597bb50be: new RaftServerImpl for group-3993BA536560:[003b1792-9452-4599-9865-52c597bb50be:192.168.164.235:45993] with ContainerStateMachine:uninitialized
2019-10-02 23:00:12,361 [pool-247-thread-1] INFO  server.RaftServerConfigKeys (ConfUtils.java:logGet(43)) - raft.server.rpc.timeout.min = 5s (custom)
2019-10-02 23:00:12,361 [pool-247-thread-1] INFO  server.RaftServerConfigKeys (ConfUtils.java:logGet(43)) - raft.server.rpc.timeout.max = 5200ms (custom)
2019-10-02 23:00:12,361 [pool-247-thread-1] INFO  server.RaftServerConfigKeys (ConfUtils.java:logGet(43)) - raft.server.rpcslowness.timeout = 120s (custom)
2019-10-02 23:00:12,361 [pool-247-thread-1] INFO  server.RaftServerConfigKeys (ConfUtils.java:logGet(43)) - raft.server.sleep.deviation.threshold = 300 (default)
2019-10-02 23:00:12,361 [pool-247-thread-1] INFO  server.RaftServerConfigKeys (ConfUtils.java:logGet(43)) - raft.server.log.appender.install.snapshot.enabled = false (custom)
2019-10-02 23:00:12,361 [pool-247-thread-1] INFO  impl.RaftServerImpl (ServerState.java:<init>(103)) - 003b1792-9452-4599-9865-52c597bb50be@group-3993BA536560: ConfigurationManager, init=-1: [003b1792-9452-4599-9865-52c597bb50be:192.168.164.235:45993], old=null, confs=<EMPTY_MAP>
2019-10-02 23:00:12,361 [pool-247-thread-1] INFO  server.RaftServerConfigKeys (ConfUtils.java:logGet(43)) - raft.server.storage.dir = [/workdir/hadoop-ozone/integration-test/target/test-dir/MiniOzoneClusterImpl-d38320c1-1c9a-4451-99ce-f4a8da752828/datanode-4/data/ratis] (custom)
2019-10-02 23:00:12,362 [pool-247-thread-1] INFO  server.RaftServerConfigKeys (ConfUtils.java:logGet(43)) - raft.server.log.corruption.policy = EXCEPTION (default)
2019-10-02 23:00:12,362 [pool-247-thread-1] INFO  storage.RaftStorageDirectory (RaftStorageDirectory.java:analyzeStorage(246)) - The storage directory /workdir/hadoop-ozone/integration-test/target/test-dir/MiniOzoneClusterImpl-d38320c1-1c9a-4451-99ce-f4a8da752828/datanode-4/data/ratis/03cca372-268e-43d3-ad55-3993ba536560 does not exist. Creating ...
2019-10-02 23:00:12,374 [pool-247-thread-1] INFO  storage.RaftStorageDirectory (RaftStorageDirectory.java:tryLock(328)) - Lock on /workdir/hadoop-ozone/integration-test/target/test-dir/MiniOzoneClusterImpl-d38320c1-1c9a-4451-99ce-f4a8da752828/datanode-4/data/ratis/03cca372-268e-43d3-ad55-3993ba536560/in_use.lock acquired by nodename 6657@pr-hdds-2226-secures3-kzjg4-641534921
2019-10-02 23:00:12,387 [pool-247-thread-1] INFO  storage.RaftStorage (RaftStorage.java:format(84)) - Storage directory /workdir/hadoop-ozone/integration-test/target/test-dir/MiniOzoneClusterImpl-d38320c1-1c9a-4451-99ce-f4a8da752828/datanode-4/data/ratis/03cca372-268e-43d3-ad55-3993ba536560 has been successfully formatted.
2019-10-02 23:00:12,387 [pool-247-thread-1] INFO  ratis.ContainerStateMachine (ContainerStateMachine.java:loadSnapshot(230)) - group-3993BA536560: The snapshot info is null. Setting the last applied indexto:(t:0, i:~)
2019-10-02 23:00:12,388 [pool-247-thread-1] INFO  server.RaftServerConfigKeys (ConfUtils.java:logGet(43)) - raft.server.notification.no-leader.timeout = 120s (custom)
2019-10-02 23:00:12,388 [pool-247-thread-1] INFO  server.RaftServerConfigKeys (ConfUtils.java:logGet(43)) - raft.server.log.use.memory = false (default)
2019-10-02 23:00:12,388 [pool-247-thread-1] INFO  server.RaftServerConfigKeys (ConfUtils.java:logGet(43)) - raft.server.log.purge.gap = 1000000 (custom)
2019-10-02 23:00:12,388 [pool-247-thread-1] INFO  server.RaftServerConfigKeys (ConfUtils.java:logGet(43)) - raft.server.log.appender.buffer.byte-limit = 33554432 (custom)
2019-10-02 23:00:12,388 [pool-247-thread-1] INFO  server.RaftServerConfigKeys (ConfUtils.java:logGet(43)) - raft.server.log.segment.size.max = 1048576 (custom)
2019-10-02 23:00:12,390 [IPC Server handler 0 on 42874] INFO  net.NetworkTopology (NetworkTopologyImpl.java:add(111)) - Added a new node: /default-rack/f5810d5d-db46-479c-84da-b9165df43e58
2019-10-02 23:00:12,390 [IPC Server handler 0 on 42874] INFO  node.SCMNodeManager (SCMNodeManager.java:register(266)) - Registered Data node : f5810d5d-db46-479c-84da-b9165df43e58{ip: 192.168.164.235, host: pr-hdds-2226-secures3-kzjg4-641534921, networkLocation: /default-rack, certSerialId: null}
2019-10-02 23:00:12,390 [pool-247-thread-1] INFO  server.RaftServerConfigKeys (ConfUtils.java:logGet(43)) - raft.server.log.segment.cache.num.max = 2 (custom)
2019-10-02 23:00:12,390 [pool-247-thread-1] INFO  segmented.SegmentedRaftLogWorker (SegmentedRaftLogWorker.java:<init>(173)) - new 003b1792-9452-4599-9865-52c597bb50be@group-3993BA536560-SegmentedRaftLogWorker for RaftStorage:Storage Directory /workdir/hadoop-ozone/integration-test/target/test-dir/MiniOzoneClusterImpl-d38320c1-1c9a-4451-99ce-f4a8da752828/datanode-4/data/ratis/03cca372-268e-43d3-ad55-3993ba536560
2019-10-02 23:00:12,390 [pool-247-thread-1] INFO  server.RaftServerConfigKeys (ConfUtils.java:logGet(43)) - raft.server.log.queue.byte-limit = 2147483647 (custom)
2019-10-02 23:00:12,391 [pool-247-thread-1] INFO  server.RaftServerConfigKeys (ConfUtils.java:logGet(43)) - raft.server.log.queue.element-limit = 1024 (custom)
2019-10-02 23:00:12,391 [pool-247-thread-1] INFO  server.RaftServerConfigKeys (ConfUtils.java:logGet(43)) - raft.server.log.segment.size.max = 1048576 (custom)
2019-10-02 23:00:12,391 [pool-247-thread-1] INFO  server.RaftServerConfigKeys (ConfUtils.java:logGet(43)) - raft.server.log.preallocated.size = 16384 (custom)
2019-10-02 23:00:12,391 [pool-247-thread-1] INFO  server.RaftServerConfigKeys (ConfUtils.java:logGet(43)) - raft.server.log.write.buffer.size = 33554432 (custom)
2019-10-02 23:00:12,391 [pool-247-thread-1] INFO  server.RaftServerConfigKeys (ConfUtils.java:logGet(43)) - raft.server.log.force.sync.num = 128 (default)
2019-10-02 23:00:12,391 [pool-247-thread-1] INFO  server.RaftServerConfigKeys (ConfUtils.java:logGet(43)) - raft.server.log.statemachine.data.sync = true (default)
2019-10-02 23:00:12,391 [pool-247-thread-1] INFO  server.RaftServerConfigKeys (ConfUtils.java:logGet(43)) - raft.server.log.statemachine.data.sync.timeout = 10s (default)
2019-10-02 23:00:12,391 [pool-247-thread-1] INFO  server.RaftServerConfigKeys (ConfUtils.java:logGet(43)) - raft.server.log.statemachine.data.sync.timeout.retry = -1 (default)
2019-10-02 23:00:12,392 [pool-247-thread-1] INFO  server.RaftServerConfigKeys (ConfUtils.java:logGet(43)) - raft.server.log.statemachine.data.caching.enabled = true (custom)
2019-10-02 23:00:12,392 [pool-247-thread-1] INFO  segmented.SegmentedRaftLogWorker (SegmentedRaftLogWorker.java:lambda$new$0(128)) - 003b1792-9452-4599-9865-52c597bb50be@group-3993BA536560-SegmentedRaftLogWorker: flushIndex: setUnconditionally 0 -> -1
2019-10-02 23:00:12,392 [pool-247-thread-1] INFO  server.RaftServerConfigKeys (ConfUtils.java:logGet(43)) - raft.server.snapshot.auto.trigger.enabled = true (custom)
2019-10-02 23:00:12,392 [pool-247-thread-1] INFO  server.RaftServerConfigKeys (ConfUtils.java:logGet(43)) - raft.server.snapshot.auto.trigger.threshold = 10000 (custom)
2019-10-02 23:00:12,392 [pool-247-thread-1] INFO  server.RaftServerConfigKeys (ConfUtils.java:logGet(43)) - raft.server.snapshot.retention.file.num = 5 (custom)
2019-10-02 23:00:12,392 [pool-247-thread-1] INFO  server.RaftServerConfigKeys (ConfUtils.java:logGet(43)) - raft.server.retrycache.expirytime = 600000ms (custom)
2019-10-02 23:00:12,394 [pool-247-thread-1] INFO  impl.RaftServerImpl (RaftServerImpl.java:start(181)) - 003b1792-9452-4599-9865-52c597bb50be@group-3993BA536560: start as a follower, conf=-1: [003b1792-9452-4599-9865-52c597bb50be:192.168.164.235:45993], old=null
2019-10-02 23:00:12,394 [pool-247-thread-1] INFO  impl.RaftServerImpl (RaftServerImpl.java:setRole(170)) - 003b1792-9452-4599-9865-52c597bb50be@group-3993BA536560: changes role from      null to FOLLOWER at term 0 for startAsFollower
2019-10-02 23:00:12,394 [pool-247-thread-1] INFO  impl.RoleInfo (RoleInfo.java:updateAndGet(143)) - 003b1792-9452-4599-9865-52c597bb50be: start FollowerState
2019-10-02 23:00:12,394 [pool-247-thread-1] INFO  util.JmxRegister (JmxRegister.java:tryRegister(44)) - Successfully registered JMX Bean with object name Ratis:service=RaftServer,group=group-3993BA536560,id=003b1792-9452-4599-9865-52c597bb50be
2019-10-02 23:00:12,401 [RatisPipelineUtilsThread] INFO  pipeline.PipelineStateManager (PipelineStateManager.java:addPipeline(56)) - Created pipeline Pipeline[ Id: 03cca372-268e-43d3-ad55-3993ba536560, Nodes: 003b1792-9452-4599-9865-52c597bb50be{ip: 192.168.164.235, host: pr-hdds-2226-secures3-kzjg4-641534921, networkLocation: /default-rack, certSerialId: null}, Type:RATIS, Factor:ONE, State:OPEN]
2019-10-02 23:00:12,417 [grpc-default-executor-3] INFO  impl.RaftServerProxy (RaftServerProxy.java:addNew(89)) - f5810d5d-db46-479c-84da-b9165df43e58: addNew group-49D8623CB90B:[f5810d5d-db46-479c-84da-b9165df43e58:192.168.164.235:36675] returns group-49D8623CB90B:java.util.concurrent.CompletableFuture@1a4fefd5[Not completed]
2019-10-02 23:00:12,419 [pool-257-thread-1] INFO  impl.RaftServerImpl (RaftServerImpl.java:<init>(95)) - f5810d5d-db46-479c-84da-b9165df43e58: new RaftServerImpl for group-49D8623CB90B:[f5810d5d-db46-479c-84da-b9165df43e58:192.168.164.235:36675] with ContainerStateMachine:uninitialized
2019-10-02 23:00:12,419 [pool-257-thread-1] INFO  server.RaftServerConfigKeys (ConfUtils.java:logGet(43)) - raft.server.rpc.timeout.min = 5s (custom)
2019-10-02 23:00:12,419 [pool-257-thread-1] INFO  server.RaftServerConfigKeys (ConfUtils.java:logGet(43)) - raft.server.rpc.timeout.max = 5200ms (custom)
2019-10-02 23:00:12,419 [pool-257-thread-1] INFO  server.RaftServerConfigKeys (ConfUtils.java:logGet(43)) - raft.server.rpcslowness.timeout = 120s (custom)
2019-10-02 23:00:12,419 [pool-257-thread-1] INFO  server.RaftServerConfigKeys (ConfUtils.java:logGet(43)) - raft.server.sleep.deviation.threshold = 300 (default)
2019-10-02 23:00:12,419 [pool-257-thread-1] INFO  server.RaftServerConfigKeys (ConfUtils.java:logGet(43)) - raft.server.log.appender.install.snapshot.enabled = false (custom)
2019-10-02 23:00:12,420 [pool-257-thread-1] INFO  impl.RaftServerImpl (ServerState.java:<init>(103)) - f5810d5d-db46-479c-84da-b9165df43e58@group-49D8623CB90B: ConfigurationManager, init=-1: [f5810d5d-db46-479c-84da-b9165df43e58:192.168.164.235:36675], old=null, confs=<EMPTY_MAP>
2019-10-02 23:00:12,420 [pool-257-thread-1] INFO  server.RaftServerConfigKeys (ConfUtils.java:logGet(43)) - raft.server.storage.dir = [/workdir/hadoop-ozone/integration-test/target/test-dir/MiniOzoneClusterImpl-d38320c1-1c9a-4451-99ce-f4a8da752828/datanode-5/data/ratis] (custom)
2019-10-02 23:00:12,420 [pool-257-thread-1] INFO  server.RaftServerConfigKeys (ConfUtils.java:logGet(43)) - raft.server.log.corruption.policy = EXCEPTION (default)
2019-10-02 23:00:12,420 [pool-257-thread-1] INFO  storage.RaftStorageDirectory (RaftStorageDirectory.java:analyzeStorage(246)) - The storage directory /workdir/hadoop-ozone/integration-test/target/test-dir/MiniOzoneClusterImpl-d38320c1-1c9a-4451-99ce-f4a8da752828/datanode-5/data/ratis/2597efbb-3ceb-40b3-9b85-49d8623cb90b does not exist. Creating ...
2019-10-02 23:00:12,434 [pool-257-thread-1] INFO  storage.RaftStorageDirectory (RaftStorageDirectory.java:tryLock(328)) - Lock on /workdir/hadoop-ozone/integration-test/target/test-dir/MiniOzoneClusterImpl-d38320c1-1c9a-4451-99ce-f4a8da752828/datanode-5/data/ratis/2597efbb-3ceb-40b3-9b85-49d8623cb90b/in_use.lock acquired by nodename 6657@pr-hdds-2226-secures3-kzjg4-641534921
2019-10-02 23:00:12,447 [pool-257-thread-1] INFO  storage.RaftStorage (RaftStorage.java:format(84)) - Storage directory /workdir/hadoop-ozone/integration-test/target/test-dir/MiniOzoneClusterImpl-d38320c1-1c9a-4451-99ce-f4a8da752828/datanode-5/data/ratis/2597efbb-3ceb-40b3-9b85-49d8623cb90b has been successfully formatted.
2019-10-02 23:00:12,448 [pool-257-thread-1] INFO  ratis.ContainerStateMachine (ContainerStateMachine.java:loadSnapshot(230)) - group-49D8623CB90B: The snapshot info is null. Setting the last applied indexto:(t:0, i:~)
2019-10-02 23:00:12,448 [pool-257-thread-1] INFO  server.RaftServerConfigKeys (ConfUtils.java:logGet(43)) - raft.server.notification.no-leader.timeout = 120s (custom)
2019-10-02 23:00:12,448 [pool-257-thread-1] INFO  server.RaftServerConfigKeys (ConfUtils.java:logGet(43)) - raft.server.log.use.memory = false (default)
2019-10-02 23:00:12,448 [pool-257-thread-1] INFO  server.RaftServerConfigKeys (ConfUtils.java:logGet(43)) - raft.server.log.purge.gap = 1000000 (custom)
2019-10-02 23:00:12,448 [pool-257-thread-1] INFO  server.RaftServerConfigKeys (ConfUtils.java:logGet(43)) - raft.server.log.appender.buffer.byte-limit = 33554432 (custom)
2019-10-02 23:00:12,449 [pool-257-thread-1] INFO  server.RaftServerConfigKeys (ConfUtils.java:logGet(43)) - raft.server.log.segment.size.max = 1048576 (custom)
2019-10-02 23:00:12,451 [pool-257-thread-1] INFO  server.RaftServerConfigKeys (ConfUtils.java:logGet(43)) - raft.server.log.segment.cache.num.max = 2 (custom)
2019-10-02 23:00:12,451 [pool-257-thread-1] INFO  segmented.SegmentedRaftLogWorker (SegmentedRaftLogWorker.java:<init>(173)) - new f5810d5d-db46-479c-84da-b9165df43e58@group-49D8623CB90B-SegmentedRaftLogWorker for RaftStorage:Storage Directory /workdir/hadoop-ozone/integration-test/target/test-dir/MiniOzoneClusterImpl-d38320c1-1c9a-4451-99ce-f4a8da752828/datanode-5/data/ratis/2597efbb-3ceb-40b3-9b85-49d8623cb90b
2019-10-02 23:00:12,451 [pool-257-thread-1] INFO  server.RaftServerConfigKeys (ConfUtils.java:logGet(43)) - raft.server.log.queue.byte-limit = 2147483647 (custom)
2019-10-02 23:00:12,452 [pool-257-thread-1] INFO  server.RaftServerConfigKeys (ConfUtils.java:logGet(43)) - raft.server.log.queue.element-limit = 1024 (custom)
2019-10-02 23:00:12,452 [pool-257-thread-1] INFO  server.RaftServerConfigKeys (ConfUtils.java:logGet(43)) - raft.server.log.segment.size.max = 1048576 (custom)
2019-10-02 23:00:12,452 [pool-257-thread-1] INFO  server.RaftServerConfigKeys (ConfUtils.java:logGet(43)) - raft.server.log.preallocated.size = 16384 (custom)
2019-10-02 23:00:12,452 [pool-257-thread-1] INFO  server.RaftServerConfigKeys (ConfUtils.java:logGet(43)) - raft.server.log.write.buffer.size = 33554432 (custom)
2019-10-02 23:00:12,452 [pool-257-thread-1] INFO  server.RaftServerConfigKeys (ConfUtils.java:logGet(43)) - raft.server.log.force.sync.num = 128 (default)
2019-10-02 23:00:12,452 [pool-257-thread-1] INFO  server.RaftServerConfigKeys (ConfUtils.java:logGet(43)) - raft.server.log.statemachine.data.sync = true (default)
2019-10-02 23:00:12,453 [pool-257-thread-1] INFO  server.RaftServerConfigKeys (ConfUtils.java:logGet(43)) - raft.server.log.statemachine.data.sync.timeout = 10s (default)
2019-10-02 23:00:12,453 [main] INFO  ozone.MiniOzoneClusterImpl (MiniOzoneClusterImpl.java:lambda$waitForClusterToBeReady$0(147)) - Cluster is ready. Got 7 of 7 DN Heartbeats.
2019-10-02 23:00:12,453 [pool-257-thread-1] INFO  server.RaftServerConfigKeys (ConfUtils.java:logGet(43)) - raft.server.log.statemachine.data.sync.timeout.retry = -1 (default)
2019-10-02 23:00:12,453 [IPC Server handler 3 on 42874] INFO  net.NetworkTopology (NetworkTopologyImpl.java:add(111)) - Added a new node: /default-rack/9e84c04d-3927-4a06-9123-302cdd615a26
2019-10-02 23:00:12,453 [IPC Server handler 3 on 42874] INFO  node.SCMNodeManager (SCMNodeManager.java:register(266)) - Registered Data node : 9e84c04d-3927-4a06-9123-302cdd615a26{ip: 192.168.164.235, host: pr-hdds-2226-secures3-kzjg4-641534921, networkLocation: /default-rack, certSerialId: null}
2019-10-02 23:00:12,454 [pool-257-thread-1] INFO  server.RaftServerConfigKeys (ConfUtils.java:logGet(43)) - raft.server.log.statemachine.data.caching.enabled = true (custom)
2019-10-02 23:00:12,454 [pool-257-thread-1] INFO  segmented.SegmentedRaftLogWorker (SegmentedRaftLogWorker.java:lambda$new$0(128)) - f5810d5d-db46-479c-84da-b9165df43e58@group-49D8623CB90B-SegmentedRaftLogWorker: flushIndex: setUnconditionally 0 -> -1
2019-10-02 23:00:12,454 [pool-257-thread-1] INFO  server.RaftServerConfigKeys (ConfUtils.java:logGet(43)) - raft.server.snapshot.auto.trigger.enabled = true (custom)
2019-10-02 23:00:12,455 [pool-257-thread-1] INFO  server.RaftServerConfigKeys (ConfUtils.java:logGet(43)) - raft.server.snapshot.auto.trigger.threshold = 10000 (custom)
2019-10-02 23:00:12,455 [pool-257-thread-1] INFO  server.RaftServerConfigKeys (ConfUtils.java:logGet(43)) - raft.server.snapshot.retention.file.num = 5 (custom)
2019-10-02 23:00:12,455 [pool-257-thread-1] INFO  server.RaftServerConfigKeys (ConfUtils.java:logGet(43)) - raft.server.retrycache.expirytime = 600000ms (custom)
2019-10-02 23:00:12,462 [pool-257-thread-1] INFO  impl.RaftServerImpl (RaftServerImpl.java:start(181)) - f5810d5d-db46-479c-84da-b9165df43e58@group-49D8623CB90B: start as a follower, conf=-1: [f5810d5d-db46-479c-84da-b9165df43e58:192.168.164.235:36675], old=null
2019-10-02 23:00:12,462 [pool-257-thread-1] INFO  impl.RaftServerImpl (RaftServerImpl.java:setRole(170)) - f5810d5d-db46-479c-84da-b9165df43e58@group-49D8623CB90B: changes role from      null to FOLLOWER at term 0 for startAsFollower
2019-10-02 23:00:12,463 [pool-257-thread-1] INFO  impl.RoleInfo (RoleInfo.java:updateAndGet(143)) - f5810d5d-db46-479c-84da-b9165df43e58: start FollowerState
2019-10-02 23:00:12,463 [pool-257-thread-1] INFO  util.JmxRegister (JmxRegister.java:tryRegister(44)) - Successfully registered JMX Bean with object name Ratis:service=RaftServer,group=group-49D8623CB90B,id=f5810d5d-db46-479c-84da-b9165df43e58
2019-10-02 23:00:12,489 [RatisPipelineUtilsThread] INFO  pipeline.PipelineStateManager (PipelineStateManager.java:addPipeline(56)) - Created pipeline Pipeline[ Id: 2597efbb-3ceb-40b3-9b85-49d8623cb90b, Nodes: f5810d5d-db46-479c-84da-b9165df43e58{ip: 192.168.164.235, host: pr-hdds-2226-secures3-kzjg4-641534921, networkLocation: /default-rack, certSerialId: null}, Type:RATIS, Factor:ONE, State:OPEN]
2019-10-02 23:00:12,505 [grpc-default-executor-3] INFO  impl.RaftServerProxy (RaftServerProxy.java:addNew(89)) - 9e84c04d-3927-4a06-9123-302cdd615a26: addNew group-963361F96201:[9e84c04d-3927-4a06-9123-302cdd615a26:192.168.164.235:44000] returns group-963361F96201:java.util.concurrent.CompletableFuture@397bd4a2[Not completed]
2019-10-02 23:00:12,511 [pool-267-thread-1] INFO  impl.RaftServerImpl (RaftServerImpl.java:<init>(95)) - 9e84c04d-3927-4a06-9123-302cdd615a26: new RaftServerImpl for group-963361F96201:[9e84c04d-3927-4a06-9123-302cdd615a26:192.168.164.235:44000] with ContainerStateMachine:uninitialized
2019-10-02 23:00:12,511 [pool-267-thread-1] INFO  server.RaftServerConfigKeys (ConfUtils.java:logGet(43)) - raft.server.rpc.timeout.min = 5s (custom)
2019-10-02 23:00:12,511 [pool-267-thread-1] INFO  server.RaftServerConfigKeys (ConfUtils.java:logGet(43)) - raft.server.rpc.timeout.max = 5200ms (custom)
2019-10-02 23:00:12,511 [pool-267-thread-1] INFO  server.RaftServerConfigKeys (ConfUtils.java:logGet(43)) - raft.server.rpcslowness.timeout = 120s (custom)
2019-10-02 23:00:12,512 [pool-267-thread-1] INFO  server.RaftServerConfigKeys (ConfUtils.java:logGet(43)) - raft.server.sleep.deviation.threshold = 300 (default)
2019-10-02 23:00:12,512 [pool-267-thread-1] INFO  server.RaftServerConfigKeys (ConfUtils.java:logGet(43)) - raft.server.log.appender.install.snapshot.enabled = false (custom)
2019-10-02 23:00:12,512 [main] INFO  rpc.RpcClient (RpcClient.java:createVolume(276)) - Creating Volume: watchforcommithandlingtest, with jenkins1000 as owner.
2019-10-02 23:00:12,512 [pool-267-thread-1] INFO  impl.RaftServerImpl (ServerState.java:<init>(103)) - 9e84c04d-3927-4a06-9123-302cdd615a26@group-963361F96201: ConfigurationManager, init=-1: [9e84c04d-3927-4a06-9123-302cdd615a26:192.168.164.235:44000], old=null, confs=<EMPTY_MAP>
2019-10-02 23:00:12,512 [pool-267-thread-1] INFO  server.RaftServerConfigKeys (ConfUtils.java:logGet(43)) - raft.server.storage.dir = [/workdir/hadoop-ozone/integration-test/target/test-dir/MiniOzoneClusterImpl-d38320c1-1c9a-4451-99ce-f4a8da752828/datanode-6/data/ratis] (custom)
2019-10-02 23:00:12,513 [pool-267-thread-1] INFO  server.RaftServerConfigKeys (ConfUtils.java:logGet(43)) - raft.server.log.corruption.policy = EXCEPTION (default)
2019-10-02 23:00:12,513 [pool-267-thread-1] INFO  storage.RaftStorageDirectory (RaftStorageDirectory.java:analyzeStorage(246)) - The storage directory /workdir/hadoop-ozone/integration-test/target/test-dir/MiniOzoneClusterImpl-d38320c1-1c9a-4451-99ce-f4a8da752828/datanode-6/data/ratis/3aecb1bb-09b4-47ae-a46b-963361f96201 does not exist. Creating ...
2019-10-02 23:00:12,516 [IPC Server handler 2 on 44429] INFO  volume.OMVolumeCreateRequest (OMVolumeCreateRequest.java:validateAndUpdateCache(194)) - created volume:watchforcommithandlingtest for user:jenkins1000
2019-10-02 23:00:12,526 [pool-267-thread-1] INFO  storage.RaftStorageDirectory (RaftStorageDirectory.java:tryLock(328)) - Lock on /workdir/hadoop-ozone/integration-test/target/test-dir/MiniOzoneClusterImpl-d38320c1-1c9a-4451-99ce-f4a8da752828/datanode-6/data/ratis/3aecb1bb-09b4-47ae-a46b-963361f96201/in_use.lock acquired by nodename 6657@pr-hdds-2226-secures3-kzjg4-641534921
2019-10-02 23:00:12,534 [main] INFO  rpc.RpcClient (RpcClient.java:createBucket(415)) - Creating Bucket: watchforcommithandlingtest/watchforcommithandlingtest, with Versioning false and Storage Type set to DISK and Encryption set to false 
2019-10-02 23:00:12,538 [main] INFO  ozone.MiniOzoneClusterImpl (MiniOzoneClusterImpl.java:getStorageContainerLocationClient(234)) - Creating StorageContainerLocationProtocol RPC client with address /0.0.0.0:35141
2019-10-02 23:00:12,546 [pool-267-thread-1] INFO  storage.RaftStorage (RaftStorage.java:format(84)) - Storage directory /workdir/hadoop-ozone/integration-test/target/test-dir/MiniOzoneClusterImpl-d38320c1-1c9a-4451-99ce-f4a8da752828/datanode-6/data/ratis/3aecb1bb-09b4-47ae-a46b-963361f96201 has been successfully formatted.
2019-10-02 23:00:12,546 [pool-267-thread-1] INFO  ratis.ContainerStateMachine (ContainerStateMachine.java:loadSnapshot(230)) - group-963361F96201: The snapshot info is null. Setting the last applied indexto:(t:0, i:~)
2019-10-02 23:00:12,546 [pool-267-thread-1] INFO  server.RaftServerConfigKeys (ConfUtils.java:logGet(43)) - raft.server.notification.no-leader.timeout = 120s (custom)
2019-10-02 23:00:12,547 [pool-267-thread-1] INFO  server.RaftServerConfigKeys (ConfUtils.java:logGet(43)) - raft.server.log.use.memory = false (default)
2019-10-02 23:00:12,547 [pool-267-thread-1] INFO  server.RaftServerConfigKeys (ConfUtils.java:logGet(43)) - raft.server.log.purge.gap = 1000000 (custom)
2019-10-02 23:00:12,547 [pool-267-thread-1] INFO  server.RaftServerConfigKeys (ConfUtils.java:logGet(43)) - raft.server.log.appender.buffer.byte-limit = 33554432 (custom)
2019-10-02 23:00:12,547 [pool-267-thread-1] INFO  server.RaftServerConfigKeys (ConfUtils.java:logGet(43)) - raft.server.log.segment.size.max = 1048576 (custom)
2019-10-02 23:00:12,548 [pool-267-thread-1] INFO  server.RaftServerConfigKeys (ConfUtils.java:logGet(43)) - raft.server.log.segment.cache.num.max = 2 (custom)
2019-10-02 23:00:12,549 [pool-267-thread-1] INFO  segmented.SegmentedRaftLogWorker (SegmentedRaftLogWorker.java:<init>(173)) - new 9e84c04d-3927-4a06-9123-302cdd615a26@group-963361F96201-SegmentedRaftLogWorker for RaftStorage:Storage Directory /workdir/hadoop-ozone/integration-test/target/test-dir/MiniOzoneClusterImpl-d38320c1-1c9a-4451-99ce-f4a8da752828/datanode-6/data/ratis/3aecb1bb-09b4-47ae-a46b-963361f96201
2019-10-02 23:00:12,549 [pool-267-thread-1] INFO  server.RaftServerConfigKeys (ConfUtils.java:logGet(43)) - raft.server.log.queue.byte-limit = 2147483647 (custom)
2019-10-02 23:00:12,549 [pool-267-thread-1] INFO  server.RaftServerConfigKeys (ConfUtils.java:logGet(43)) - raft.server.log.queue.element-limit = 1024 (custom)
2019-10-02 23:00:12,549 [pool-267-thread-1] INFO  server.RaftServerConfigKeys (ConfUtils.java:logGet(43)) - raft.server.log.segment.size.max = 1048576 (custom)
2019-10-02 23:00:12,549 [pool-267-thread-1] INFO  server.RaftServerConfigKeys (ConfUtils.java:logGet(43)) - raft.server.log.preallocated.size = 16384 (custom)
2019-10-02 23:00:12,549 [pool-267-thread-1] INFO  server.RaftServerConfigKeys (ConfUtils.java:logGet(43)) - raft.server.log.write.buffer.size = 33554432 (custom)
2019-10-02 23:00:12,549 [pool-267-thread-1] INFO  server.RaftServerConfigKeys (ConfUtils.java:logGet(43)) - raft.server.log.force.sync.num = 128 (default)
2019-10-02 23:00:12,549 [pool-267-thread-1] INFO  server.RaftServerConfigKeys (ConfUtils.java:logGet(43)) - raft.server.log.statemachine.data.sync = true (default)
2019-10-02 23:00:12,550 [pool-267-thread-1] INFO  server.RaftServerConfigKeys (ConfUtils.java:logGet(43)) - raft.server.log.statemachine.data.sync.timeout = 10s (default)
2019-10-02 23:00:12,550 [pool-267-thread-1] INFO  server.RaftServerConfigKeys (ConfUtils.java:logGet(43)) - raft.server.log.statemachine.data.sync.timeout.retry = -1 (default)
2019-10-02 23:00:12,550 [pool-267-thread-1] INFO  server.RaftServerConfigKeys (ConfUtils.java:logGet(43)) - raft.server.log.statemachine.data.caching.enabled = true (custom)
2019-10-02 23:00:12,550 [pool-267-thread-1] INFO  segmented.SegmentedRaftLogWorker (SegmentedRaftLogWorker.java:lambda$new$0(128)) - 9e84c04d-3927-4a06-9123-302cdd615a26@group-963361F96201-SegmentedRaftLogWorker: flushIndex: setUnconditionally 0 -> -1
2019-10-02 23:00:12,551 [pool-267-thread-1] INFO  server.RaftServerConfigKeys (ConfUtils.java:logGet(43)) - raft.server.snapshot.auto.trigger.enabled = true (custom)
2019-10-02 23:00:12,551 [pool-267-thread-1] INFO  server.RaftServerConfigKeys (ConfUtils.java:logGet(43)) - raft.server.snapshot.auto.trigger.threshold = 10000 (custom)
2019-10-02 23:00:12,551 [pool-267-thread-1] INFO  server.RaftServerConfigKeys (ConfUtils.java:logGet(43)) - raft.server.snapshot.retention.file.num = 5 (custom)
2019-10-02 23:00:12,551 [pool-267-thread-1] INFO  server.RaftServerConfigKeys (ConfUtils.java:logGet(43)) - raft.server.retrycache.expirytime = 600000ms (custom)
2019-10-02 23:00:12,553 [pool-267-thread-1] INFO  impl.RaftServerImpl (RaftServerImpl.java:start(181)) - 9e84c04d-3927-4a06-9123-302cdd615a26@group-963361F96201: start as a follower, conf=-1: [9e84c04d-3927-4a06-9123-302cdd615a26:192.168.164.235:44000], old=null
2019-10-02 23:00:12,553 [pool-267-thread-1] INFO  impl.RaftServerImpl (RaftServerImpl.java:setRole(170)) - 9e84c04d-3927-4a06-9123-302cdd615a26@group-963361F96201: changes role from      null to FOLLOWER at term 0 for startAsFollower
2019-10-02 23:00:12,553 [pool-267-thread-1] INFO  impl.RoleInfo (RoleInfo.java:updateAndGet(143)) - 9e84c04d-3927-4a06-9123-302cdd615a26: start FollowerState
2019-10-02 23:00:12,553 [pool-267-thread-1] INFO  util.JmxRegister (JmxRegister.java:tryRegister(44)) - Successfully registered JMX Bean with object name Ratis:service=RaftServer,group=group-963361F96201,id=9e84c04d-3927-4a06-9123-302cdd615a26
2019-10-02 23:00:12,559 [RatisPipelineUtilsThread] INFO  pipeline.PipelineStateManager (PipelineStateManager.java:addPipeline(56)) - Created pipeline Pipeline[ Id: 3aecb1bb-09b4-47ae-a46b-963361f96201, Nodes: 9e84c04d-3927-4a06-9123-302cdd615a26{ip: 192.168.164.235, host: pr-hdds-2226-secures3-kzjg4-641534921, networkLocation: /default-rack, certSerialId: null}, Type:RATIS, Factor:ONE, State:OPEN]
2019-10-02 23:00:12,573 [grpc-default-executor-4] INFO  impl.RaftServerProxy (RaftServerProxy.java:addNew(89)) - b4957daf-4d4e-43ed-bd2b-8d3cba6836a1: addNew group-AEB6F0721541:[9e84c04d-3927-4a06-9123-302cdd615a26:192.168.164.235:44000, f5810d5d-db46-479c-84da-b9165df43e58:192.168.164.235:36675, b4957daf-4d4e-43ed-bd2b-8d3cba6836a1:192.168.164.235:34003] returns group-AEB6F0721541:java.util.concurrent.CompletableFuture@74748224[Not completed]
2019-10-02 23:00:12,576 [grpc-default-executor-4] INFO  impl.RaftServerProxy (RaftServerProxy.java:addNew(89)) - 9e84c04d-3927-4a06-9123-302cdd615a26: addNew group-AEB6F0721541:[9e84c04d-3927-4a06-9123-302cdd615a26:192.168.164.235:44000, f5810d5d-db46-479c-84da-b9165df43e58:192.168.164.235:36675, b4957daf-4d4e-43ed-bd2b-8d3cba6836a1:192.168.164.235:34003] returns group-AEB6F0721541:java.util.concurrent.CompletableFuture@1b1d1f82[Not completed]
2019-10-02 23:00:12,577 [grpc-default-executor-3] INFO  impl.RaftServerProxy (RaftServerProxy.java:addNew(89)) - f5810d5d-db46-479c-84da-b9165df43e58: addNew group-AEB6F0721541:[9e84c04d-3927-4a06-9123-302cdd615a26:192.168.164.235:44000, f5810d5d-db46-479c-84da-b9165df43e58:192.168.164.235:36675, b4957daf-4d4e-43ed-bd2b-8d3cba6836a1:192.168.164.235:34003] returns group-AEB6F0721541:java.util.concurrent.CompletableFuture@325700be[Not completed]
2019-10-02 23:00:12,578 [pool-237-thread-1] INFO  impl.RaftServerImpl (RaftServerImpl.java:<init>(95)) - b4957daf-4d4e-43ed-bd2b-8d3cba6836a1: new RaftServerImpl for group-AEB6F0721541:[9e84c04d-3927-4a06-9123-302cdd615a26:192.168.164.235:44000, f5810d5d-db46-479c-84da-b9165df43e58:192.168.164.235:36675, b4957daf-4d4e-43ed-bd2b-8d3cba6836a1:192.168.164.235:34003] with ContainerStateMachine:uninitialized
2019-10-02 23:00:12,578 [pool-237-thread-1] INFO  server.RaftServerConfigKeys (ConfUtils.java:logGet(43)) - raft.server.rpc.timeout.min = 5s (custom)
2019-10-02 23:00:12,578 [pool-237-thread-1] INFO  server.RaftServerConfigKeys (ConfUtils.java:logGet(43)) - raft.server.rpc.timeout.max = 5200ms (custom)
2019-10-02 23:00:12,579 [pool-237-thread-1] INFO  server.RaftServerConfigKeys (ConfUtils.java:logGet(43)) - raft.server.rpcslowness.timeout = 120s (custom)
2019-10-02 23:00:12,579 [pool-257-thread-1] INFO  impl.RaftServerImpl (RaftServerImpl.java:<init>(95)) - f5810d5d-db46-479c-84da-b9165df43e58: new RaftServerImpl for group-AEB6F0721541:[9e84c04d-3927-4a06-9123-302cdd615a26:192.168.164.235:44000, f5810d5d-db46-479c-84da-b9165df43e58:192.168.164.235:36675, b4957daf-4d4e-43ed-bd2b-8d3cba6836a1:192.168.164.235:34003] with ContainerStateMachine:uninitialized
2019-10-02 23:00:12,579 [pool-237-thread-1] INFO  server.RaftServerConfigKeys (ConfUtils.java:logGet(43)) - raft.server.sleep.deviation.threshold = 300 (default)
2019-10-02 23:00:12,579 [pool-257-thread-1] INFO  server.RaftServerConfigKeys (ConfUtils.java:logGet(43)) - raft.server.rpc.timeout.min = 5s (custom)
2019-10-02 23:00:12,579 [pool-267-thread-1] INFO  impl.RaftServerImpl (RaftServerImpl.java:<init>(95)) - 9e84c04d-3927-4a06-9123-302cdd615a26: new RaftServerImpl for group-AEB6F0721541:[9e84c04d-3927-4a06-9123-302cdd615a26:192.168.164.235:44000, f5810d5d-db46-479c-84da-b9165df43e58:192.168.164.235:36675, b4957daf-4d4e-43ed-bd2b-8d3cba6836a1:192.168.164.235:34003] with ContainerStateMachine:uninitialized
2019-10-02 23:00:12,579 [pool-237-thread-1] INFO  server.RaftServerConfigKeys (ConfUtils.java:logGet(43)) - raft.server.log.appender.install.snapshot.enabled = false (custom)
2019-10-02 23:00:12,579 [pool-267-thread-1] INFO  server.RaftServerConfigKeys (ConfUtils.java:logGet(43)) - raft.server.rpc.timeout.min = 5s (custom)
2019-10-02 23:00:12,579 [pool-267-thread-1] INFO  server.RaftServerConfigKeys (ConfUtils.java:logGet(43)) - raft.server.rpc.timeout.max = 5200ms (custom)
2019-10-02 23:00:12,579 [pool-257-thread-1] INFO  server.RaftServerConfigKeys (ConfUtils.java:logGet(43)) - raft.server.rpc.timeout.max = 5200ms (custom)
2019-10-02 23:00:12,580 [pool-267-thread-1] INFO  server.RaftServerConfigKeys (ConfUtils.java:logGet(43)) - raft.server.rpcslowness.timeout = 120s (custom)
2019-10-02 23:00:12,579 [pool-237-thread-1] INFO  impl.RaftServerImpl (ServerState.java:<init>(103)) - b4957daf-4d4e-43ed-bd2b-8d3cba6836a1@group-AEB6F0721541: ConfigurationManager, init=-1: [9e84c04d-3927-4a06-9123-302cdd615a26:192.168.164.235:44000, f5810d5d-db46-479c-84da-b9165df43e58:192.168.164.235:36675, b4957daf-4d4e-43ed-bd2b-8d3cba6836a1:192.168.164.235:34003], old=null, confs=<EMPTY_MAP>
2019-10-02 23:00:12,580 [pool-267-thread-1] INFO  server.RaftServerConfigKeys (ConfUtils.java:logGet(43)) - raft.server.sleep.deviation.threshold = 300 (default)
2019-10-02 23:00:12,580 [pool-237-thread-1] INFO  server.RaftServerConfigKeys (ConfUtils.java:logGet(43)) - raft.server.storage.dir = [/workdir/hadoop-ozone/integration-test/target/test-dir/MiniOzoneClusterImpl-d38320c1-1c9a-4451-99ce-f4a8da752828/datanode-3/data/ratis] (custom)
2019-10-02 23:00:12,580 [pool-257-thread-1] INFO  server.RaftServerConfigKeys (ConfUtils.java:logGet(43)) - raft.server.rpcslowness.timeout = 120s (custom)
2019-10-02 23:00:12,580 [pool-267-thread-1] INFO  server.RaftServerConfigKeys (ConfUtils.java:logGet(43)) - raft.server.log.appender.install.snapshot.enabled = false (custom)
2019-10-02 23:00:12,580 [pool-257-thread-1] INFO  server.RaftServerConfigKeys (ConfUtils.java:logGet(43)) - raft.server.sleep.deviation.threshold = 300 (default)
2019-10-02 23:00:12,580 [pool-237-thread-1] INFO  server.RaftServerConfigKeys (ConfUtils.java:logGet(43)) - raft.server.log.corruption.policy = EXCEPTION (default)
2019-10-02 23:00:12,581 [pool-257-thread-1] INFO  server.RaftServerConfigKeys (ConfUtils.java:logGet(43)) - raft.server.log.appender.install.snapshot.enabled = false (custom)
2019-10-02 23:00:12,580 [pool-267-thread-1] INFO  impl.RaftServerImpl (ServerState.java:<init>(103)) - 9e84c04d-3927-4a06-9123-302cdd615a26@group-AEB6F0721541: ConfigurationManager, init=-1: [9e84c04d-3927-4a06-9123-302cdd615a26:192.168.164.235:44000, f5810d5d-db46-479c-84da-b9165df43e58:192.168.164.235:36675, b4957daf-4d4e-43ed-bd2b-8d3cba6836a1:192.168.164.235:34003], old=null, confs=<EMPTY_MAP>
2019-10-02 23:00:12,581 [pool-257-thread-1] INFO  impl.RaftServerImpl (ServerState.java:<init>(103)) - f5810d5d-db46-479c-84da-b9165df43e58@group-AEB6F0721541: ConfigurationManager, init=-1: [9e84c04d-3927-4a06-9123-302cdd615a26:192.168.164.235:44000, f5810d5d-db46-479c-84da-b9165df43e58:192.168.164.235:36675, b4957daf-4d4e-43ed-bd2b-8d3cba6836a1:192.168.164.235:34003], old=null, confs=<EMPTY_MAP>
2019-10-02 23:00:12,581 [pool-237-thread-1] INFO  storage.RaftStorageDirectory (RaftStorageDirectory.java:analyzeStorage(246)) - The storage directory /workdir/hadoop-ozone/integration-test/target/test-dir/MiniOzoneClusterImpl-d38320c1-1c9a-4451-99ce-f4a8da752828/datanode-3/data/ratis/471cb644-9616-4805-96c4-aeb6f0721541 does not exist. Creating ...
2019-10-02 23:00:12,581 [pool-257-thread-1] INFO  server.RaftServerConfigKeys (ConfUtils.java:logGet(43)) - raft.server.storage.dir = [/workdir/hadoop-ozone/integration-test/target/test-dir/MiniOzoneClusterImpl-d38320c1-1c9a-4451-99ce-f4a8da752828/datanode-5/data/ratis] (custom)
2019-10-02 23:00:12,581 [pool-267-thread-1] INFO  server.RaftServerConfigKeys (ConfUtils.java:logGet(43)) - raft.server.storage.dir = [/workdir/hadoop-ozone/integration-test/target/test-dir/MiniOzoneClusterImpl-d38320c1-1c9a-4451-99ce-f4a8da752828/datanode-6/data/ratis] (custom)
2019-10-02 23:00:12,582 [pool-257-thread-1] INFO  server.RaftServerConfigKeys (ConfUtils.java:logGet(43)) - raft.server.log.corruption.policy = EXCEPTION (default)
2019-10-02 23:00:12,582 [pool-267-thread-1] INFO  server.RaftServerConfigKeys (ConfUtils.java:logGet(43)) - raft.server.log.corruption.policy = EXCEPTION (default)
2019-10-02 23:00:12,582 [pool-257-thread-1] INFO  storage.RaftStorageDirectory (RaftStorageDirectory.java:analyzeStorage(246)) - The storage directory /workdir/hadoop-ozone/integration-test/target/test-dir/MiniOzoneClusterImpl-d38320c1-1c9a-4451-99ce-f4a8da752828/datanode-5/data/ratis/471cb644-9616-4805-96c4-aeb6f0721541 does not exist. Creating ...
2019-10-02 23:00:12,582 [pool-267-thread-1] INFO  storage.RaftStorageDirectory (RaftStorageDirectory.java:analyzeStorage(246)) - The storage directory /workdir/hadoop-ozone/integration-test/target/test-dir/MiniOzoneClusterImpl-d38320c1-1c9a-4451-99ce-f4a8da752828/datanode-6/data/ratis/471cb644-9616-4805-96c4-aeb6f0721541 does not exist. Creating ...
2019-10-02 23:00:12,595 [pool-237-thread-1] INFO  storage.RaftStorageDirectory (RaftStorageDirectory.java:tryLock(328)) - Lock on /workdir/hadoop-ozone/integration-test/target/test-dir/MiniOzoneClusterImpl-d38320c1-1c9a-4451-99ce-f4a8da752828/datanode-3/data/ratis/471cb644-9616-4805-96c4-aeb6f0721541/in_use.lock acquired by nodename 6657@pr-hdds-2226-secures3-kzjg4-641534921
2019-10-02 23:00:12,595 [pool-267-thread-1] INFO  storage.RaftStorageDirectory (RaftStorageDirectory.java:tryLock(328)) - Lock on /workdir/hadoop-ozone/integration-test/target/test-dir/MiniOzoneClusterImpl-d38320c1-1c9a-4451-99ce-f4a8da752828/datanode-6/data/ratis/471cb644-9616-4805-96c4-aeb6f0721541/in_use.lock acquired by nodename 6657@pr-hdds-2226-secures3-kzjg4-641534921
2019-10-02 23:00:12,595 [pool-257-thread-1] INFO  storage.RaftStorageDirectory (RaftStorageDirectory.java:tryLock(328)) - Lock on /workdir/hadoop-ozone/integration-test/target/test-dir/MiniOzoneClusterImpl-d38320c1-1c9a-4451-99ce-f4a8da752828/datanode-5/data/ratis/471cb644-9616-4805-96c4-aeb6f0721541/in_use.lock acquired by nodename 6657@pr-hdds-2226-secures3-kzjg4-641534921
2019-10-02 23:00:12,617 [pool-267-thread-1] INFO  storage.RaftStorage (RaftStorage.java:format(84)) - Storage directory /workdir/hadoop-ozone/integration-test/target/test-dir/MiniOzoneClusterImpl-d38320c1-1c9a-4451-99ce-f4a8da752828/datanode-6/data/ratis/471cb644-9616-4805-96c4-aeb6f0721541 has been successfully formatted.
2019-10-02 23:00:12,617 [pool-257-thread-1] INFO  storage.RaftStorage (RaftStorage.java:format(84)) - Storage directory /workdir/hadoop-ozone/integration-test/target/test-dir/MiniOzoneClusterImpl-d38320c1-1c9a-4451-99ce-f4a8da752828/datanode-5/data/ratis/471cb644-9616-4805-96c4-aeb6f0721541 has been successfully formatted.
2019-10-02 23:00:12,617 [pool-237-thread-1] INFO  storage.RaftStorage (RaftStorage.java:format(84)) - Storage directory /workdir/hadoop-ozone/integration-test/target/test-dir/MiniOzoneClusterImpl-d38320c1-1c9a-4451-99ce-f4a8da752828/datanode-3/data/ratis/471cb644-9616-4805-96c4-aeb6f0721541 has been successfully formatted.
2019-10-02 23:00:12,618 [pool-257-thread-1] INFO  ratis.ContainerStateMachine (ContainerStateMachine.java:loadSnapshot(230)) - group-AEB6F0721541: The snapshot info is null. Setting the last applied indexto:(t:0, i:~)
2019-10-02 23:00:12,618 [pool-237-thread-1] INFO  ratis.ContainerStateMachine (ContainerStateMachine.java:loadSnapshot(230)) - group-AEB6F0721541: The snapshot info is null. Setting the last applied indexto:(t:0, i:~)
2019-10-02 23:00:12,617 [pool-267-thread-1] INFO  ratis.ContainerStateMachine (ContainerStateMachine.java:loadSnapshot(230)) - group-AEB6F0721541: The snapshot info is null. Setting the last applied indexto:(t:0, i:~)
2019-10-02 23:00:12,618 [pool-237-thread-1] INFO  server.RaftServerConfigKeys (ConfUtils.java:logGet(43)) - raft.server.notification.no-leader.timeout = 120s (custom)
2019-10-02 23:00:12,618 [pool-257-thread-1] INFO  server.RaftServerConfigKeys (ConfUtils.java:logGet(43)) - raft.server.notification.no-leader.timeout = 120s (custom)
2019-10-02 23:00:12,618 [pool-237-thread-1] INFO  server.RaftServerConfigKeys (ConfUtils.java:logGet(43)) - raft.server.log.use.memory = false (default)
2019-10-02 23:00:12,618 [pool-267-thread-1] INFO  server.RaftServerConfigKeys (ConfUtils.java:logGet(43)) - raft.server.notification.no-leader.timeout = 120s (custom)
2019-10-02 23:00:12,619 [pool-237-thread-1] INFO  server.RaftServerConfigKeys (ConfUtils.java:logGet(43)) - raft.server.log.purge.gap = 1000000 (custom)
2019-10-02 23:00:12,619 [pool-257-thread-1] INFO  server.RaftServerConfigKeys (ConfUtils.java:logGet(43)) - raft.server.log.use.memory = false (default)
2019-10-02 23:00:12,619 [pool-237-thread-1] INFO  server.RaftServerConfigKeys (ConfUtils.java:logGet(43)) - raft.server.log.appender.buffer.byte-limit = 33554432 (custom)
2019-10-02 23:00:12,619 [pool-267-thread-1] INFO  server.RaftServerConfigKeys (ConfUtils.java:logGet(43)) - raft.server.log.use.memory = false (default)
2019-10-02 23:00:12,619 [pool-237-thread-1] INFO  server.RaftServerConfigKeys (ConfUtils.java:logGet(43)) - raft.server.log.segment.size.max = 1048576 (custom)
2019-10-02 23:00:12,619 [pool-257-thread-1] INFO  server.RaftServerConfigKeys (ConfUtils.java:logGet(43)) - raft.server.log.purge.gap = 1000000 (custom)
2019-10-02 23:00:12,620 [pool-237-thread-1] INFO  server.RaftServerConfigKeys (ConfUtils.java:logGet(43)) - raft.server.log.segment.cache.num.max = 2 (custom)
2019-10-02 23:00:12,620 [pool-267-thread-1] INFO  server.RaftServerConfigKeys (ConfUtils.java:logGet(43)) - raft.server.log.purge.gap = 1000000 (custom)
2019-10-02 23:00:12,620 [pool-237-thread-1] INFO  segmented.SegmentedRaftLogWorker (SegmentedRaftLogWorker.java:<init>(173)) - new b4957daf-4d4e-43ed-bd2b-8d3cba6836a1@group-AEB6F0721541-SegmentedRaftLogWorker for RaftStorage:Storage Directory /workdir/hadoop-ozone/integration-test/target/test-dir/MiniOzoneClusterImpl-d38320c1-1c9a-4451-99ce-f4a8da752828/datanode-3/data/ratis/471cb644-9616-4805-96c4-aeb6f0721541
2019-10-02 23:00:12,621 [pool-237-thread-1] INFO  server.RaftServerConfigKeys (ConfUtils.java:logGet(43)) - raft.server.log.queue.byte-limit = 2147483647 (custom)
2019-10-02 23:00:12,620 [pool-257-thread-1] INFO  server.RaftServerConfigKeys (ConfUtils.java:logGet(43)) - raft.server.log.appender.buffer.byte-limit = 33554432 (custom)
2019-10-02 23:00:12,621 [pool-237-thread-1] INFO  server.RaftServerConfigKeys (ConfUtils.java:logGet(43)) - raft.server.log.queue.element-limit = 1024 (custom)
2019-10-02 23:00:12,620 [pool-267-thread-1] INFO  server.RaftServerConfigKeys (ConfUtils.java:logGet(43)) - raft.server.log.appender.buffer.byte-limit = 33554432 (custom)
2019-10-02 23:00:12,621 [pool-237-thread-1] INFO  server.RaftServerConfigKeys (ConfUtils.java:logGet(43)) - raft.server.log.segment.size.max = 1048576 (custom)
2019-10-02 23:00:12,621 [pool-257-thread-1] INFO  server.RaftServerConfigKeys (ConfUtils.java:logGet(43)) - raft.server.log.segment.size.max = 1048576 (custom)
2019-10-02 23:00:12,622 [pool-237-thread-1] INFO  server.RaftServerConfigKeys (ConfUtils.java:logGet(43)) - raft.server.log.preallocated.size = 16384 (custom)
2019-10-02 23:00:12,621 [pool-267-thread-1] INFO  server.RaftServerConfigKeys (ConfUtils.java:logGet(43)) - raft.server.log.segment.size.max = 1048576 (custom)
2019-10-02 23:00:12,622 [pool-237-thread-1] INFO  server.RaftServerConfigKeys (ConfUtils.java:logGet(43)) - raft.server.log.write.buffer.size = 33554432 (custom)
2019-10-02 23:00:12,622 [pool-257-thread-1] INFO  server.RaftServerConfigKeys (ConfUtils.java:logGet(43)) - raft.server.log.segment.cache.num.max = 2 (custom)
2019-10-02 23:00:12,622 [pool-237-thread-1] INFO  server.RaftServerConfigKeys (ConfUtils.java:logGet(43)) - raft.server.log.force.sync.num = 128 (default)
2019-10-02 23:00:12,622 [pool-267-thread-1] INFO  server.RaftServerConfigKeys (ConfUtils.java:logGet(43)) - raft.server.log.segment.cache.num.max = 2 (custom)
2019-10-02 23:00:12,623 [pool-237-thread-1] INFO  server.RaftServerConfigKeys (ConfUtils.java:logGet(43)) - raft.server.log.statemachine.data.sync = true (default)
2019-10-02 23:00:12,623 [pool-237-thread-1] INFO  server.RaftServerConfigKeys (ConfUtils.java:logGet(43)) - raft.server.log.statemachine.data.sync.timeout = 10s (default)
2019-10-02 23:00:12,623 [pool-257-thread-1] INFO  segmented.SegmentedRaftLogWorker (SegmentedRaftLogWorker.java:<init>(173)) - new f5810d5d-db46-479c-84da-b9165df43e58@group-AEB6F0721541-SegmentedRaftLogWorker for RaftStorage:Storage Directory /workdir/hadoop-ozone/integration-test/target/test-dir/MiniOzoneClusterImpl-d38320c1-1c9a-4451-99ce-f4a8da752828/datanode-5/data/ratis/471cb644-9616-4805-96c4-aeb6f0721541
2019-10-02 23:00:12,623 [pool-237-thread-1] INFO  server.RaftServerConfigKeys (ConfUtils.java:logGet(43)) - raft.server.log.statemachine.data.sync.timeout.retry = -1 (default)
2019-10-02 23:00:12,623 [pool-267-thread-1] INFO  segmented.SegmentedRaftLogWorker (SegmentedRaftLogWorker.java:<init>(173)) - new 9e84c04d-3927-4a06-9123-302cdd615a26@group-AEB6F0721541-SegmentedRaftLogWorker for RaftStorage:Storage Directory /workdir/hadoop-ozone/integration-test/target/test-dir/MiniOzoneClusterImpl-d38320c1-1c9a-4451-99ce-f4a8da752828/datanode-6/data/ratis/471cb644-9616-4805-96c4-aeb6f0721541
2019-10-02 23:00:12,624 [pool-237-thread-1] INFO  server.RaftServerConfigKeys (ConfUtils.java:logGet(43)) - raft.server.log.statemachine.data.caching.enabled = true (custom)
2019-10-02 23:00:12,624 [pool-257-thread-1] INFO  server.RaftServerConfigKeys (ConfUtils.java:logGet(43)) - raft.server.log.queue.byte-limit = 2147483647 (custom)
2019-10-02 23:00:12,624 [pool-267-thread-1] INFO  server.RaftServerConfigKeys (ConfUtils.java:logGet(43)) - raft.server.log.queue.byte-limit = 2147483647 (custom)
2019-10-02 23:00:12,624 [pool-237-thread-1] INFO  segmented.SegmentedRaftLogWorker (SegmentedRaftLogWorker.java:lambda$new$0(128)) - b4957daf-4d4e-43ed-bd2b-8d3cba6836a1@group-AEB6F0721541-SegmentedRaftLogWorker: flushIndex: setUnconditionally 0 -> -1
2019-10-02 23:00:12,624 [pool-257-thread-1] INFO  server.RaftServerConfigKeys (ConfUtils.java:logGet(43)) - raft.server.log.queue.element-limit = 1024 (custom)
2019-10-02 23:00:12,625 [pool-267-thread-1] INFO  server.RaftServerConfigKeys (ConfUtils.java:logGet(43)) - raft.server.log.queue.element-limit = 1024 (custom)
2019-10-02 23:00:12,625 [pool-257-thread-1] INFO  server.RaftServerConfigKeys (ConfUtils.java:logGet(43)) - raft.server.log.segment.size.max = 1048576 (custom)
2019-10-02 23:00:12,625 [pool-237-thread-1] INFO  server.RaftServerConfigKeys (ConfUtils.java:logGet(43)) - raft.server.snapshot.auto.trigger.enabled = true (custom)
2019-10-02 23:00:12,625 [pool-257-thread-1] INFO  server.RaftServerConfigKeys (ConfUtils.java:logGet(43)) - raft.server.log.preallocated.size = 16384 (custom)
2019-10-02 23:00:12,625 [pool-267-thread-1] INFO  server.RaftServerConfigKeys (ConfUtils.java:logGet(43)) - raft.server.log.segment.size.max = 1048576 (custom)
2019-10-02 23:00:12,626 [pool-257-thread-1] INFO  server.RaftServerConfigKeys (ConfUtils.java:logGet(43)) - raft.server.log.write.buffer.size = 33554432 (custom)
2019-10-02 23:00:12,626 [pool-237-thread-1] INFO  server.RaftServerConfigKeys (ConfUtils.java:logGet(43)) - raft.server.snapshot.auto.trigger.threshold = 10000 (custom)
2019-10-02 23:00:12,626 [pool-257-thread-1] INFO  server.RaftServerConfigKeys (ConfUtils.java:logGet(43)) - raft.server.log.force.sync.num = 128 (default)
2019-10-02 23:00:12,626 [pool-267-thread-1] INFO  server.RaftServerConfigKeys (ConfUtils.java:logGet(43)) - raft.server.log.preallocated.size = 16384 (custom)
2019-10-02 23:00:12,627 [pool-257-thread-1] INFO  server.RaftServerConfigKeys (ConfUtils.java:logGet(43)) - raft.server.log.statemachine.data.sync = true (default)
2019-10-02 23:00:12,626 [pool-237-thread-1] INFO  server.RaftServerConfigKeys (ConfUtils.java:logGet(43)) - raft.server.snapshot.retention.file.num = 5 (custom)
2019-10-02 23:00:12,627 [pool-257-thread-1] INFO  server.RaftServerConfigKeys (ConfUtils.java:logGet(43)) - raft.server.log.statemachine.data.sync.timeout = 10s (default)
2019-10-02 23:00:12,627 [pool-267-thread-1] INFO  server.RaftServerConfigKeys (ConfUtils.java:logGet(43)) - raft.server.log.write.buffer.size = 33554432 (custom)
2019-10-02 23:00:12,627 [pool-257-thread-1] INFO  server.RaftServerConfigKeys (ConfUtils.java:logGet(43)) - raft.server.log.statemachine.data.sync.timeout.retry = -1 (default)
2019-10-02 23:00:12,627 [pool-237-thread-1] INFO  server.RaftServerConfigKeys (ConfUtils.java:logGet(43)) - raft.server.retrycache.expirytime = 600000ms (custom)
2019-10-02 23:00:12,628 [pool-257-thread-1] INFO  server.RaftServerConfigKeys (ConfUtils.java:logGet(43)) - raft.server.log.statemachine.data.caching.enabled = true (custom)
2019-10-02 23:00:12,628 [pool-267-thread-1] INFO  server.RaftServerConfigKeys (ConfUtils.java:logGet(43)) - raft.server.log.force.sync.num = 128 (default)
2019-10-02 23:00:12,628 [pool-257-thread-1] INFO  segmented.SegmentedRaftLogWorker (SegmentedRaftLogWorker.java:lambda$new$0(128)) - f5810d5d-db46-479c-84da-b9165df43e58@group-AEB6F0721541-SegmentedRaftLogWorker: flushIndex: setUnconditionally 0 -> -1
2019-10-02 23:00:12,628 [pool-267-thread-1] INFO  server.RaftServerConfigKeys (ConfUtils.java:logGet(43)) - raft.server.log.statemachine.data.sync = true (default)
2019-10-02 23:00:12,629 [pool-257-thread-1] INFO  server.RaftServerConfigKeys (ConfUtils.java:logGet(43)) - raft.server.snapshot.auto.trigger.enabled = true (custom)
2019-10-02 23:00:12,629 [pool-267-thread-1] INFO  server.RaftServerConfigKeys (ConfUtils.java:logGet(43)) - raft.server.log.statemachine.data.sync.timeout = 10s (default)
2019-10-02 23:00:12,629 [pool-257-thread-1] INFO  server.RaftServerConfigKeys (ConfUtils.java:logGet(43)) - raft.server.snapshot.auto.trigger.threshold = 10000 (custom)
2019-10-02 23:00:12,629 [pool-267-thread-1] INFO  server.RaftServerConfigKeys (ConfUtils.java:logGet(43)) - raft.server.log.statemachine.data.sync.timeout.retry = -1 (default)
2019-10-02 23:00:12,629 [pool-257-thread-1] INFO  server.RaftServerConfigKeys (ConfUtils.java:logGet(43)) - raft.server.snapshot.retention.file.num = 5 (custom)
2019-10-02 23:00:12,630 [pool-267-thread-1] INFO  server.RaftServerConfigKeys (ConfUtils.java:logGet(43)) - raft.server.log.statemachine.data.caching.enabled = true (custom)
2019-10-02 23:00:12,630 [pool-257-thread-1] INFO  server.RaftServerConfigKeys (ConfUtils.java:logGet(43)) - raft.server.retrycache.expirytime = 600000ms (custom)
2019-10-02 23:00:12,630 [pool-237-thread-1] INFO  impl.RaftServerImpl (RaftServerImpl.java:start(181)) - b4957daf-4d4e-43ed-bd2b-8d3cba6836a1@group-AEB6F0721541: start as a follower, conf=-1: [9e84c04d-3927-4a06-9123-302cdd615a26:192.168.164.235:44000, f5810d5d-db46-479c-84da-b9165df43e58:192.168.164.235:36675, b4957daf-4d4e-43ed-bd2b-8d3cba6836a1:192.168.164.235:34003], old=null
2019-10-02 23:00:12,630 [pool-267-thread-1] INFO  segmented.SegmentedRaftLogWorker (SegmentedRaftLogWorker.java:lambda$new$0(128)) - 9e84c04d-3927-4a06-9123-302cdd615a26@group-AEB6F0721541-SegmentedRaftLogWorker: flushIndex: setUnconditionally 0 -> -1
2019-10-02 23:00:12,630 [pool-237-thread-1] INFO  impl.RaftServerImpl (RaftServerImpl.java:setRole(170)) - b4957daf-4d4e-43ed-bd2b-8d3cba6836a1@group-AEB6F0721541: changes role from      null to FOLLOWER at term 0 for startAsFollower
2019-10-02 23:00:12,631 [pool-267-thread-1] INFO  server.RaftServerConfigKeys (ConfUtils.java:logGet(43)) - raft.server.snapshot.auto.trigger.enabled = true (custom)
2019-10-02 23:00:12,631 [pool-237-thread-1] INFO  impl.RoleInfo (RoleInfo.java:updateAndGet(143)) - b4957daf-4d4e-43ed-bd2b-8d3cba6836a1: start FollowerState
2019-10-02 23:00:12,631 [pool-267-thread-1] INFO  server.RaftServerConfigKeys (ConfUtils.java:logGet(43)) - raft.server.snapshot.auto.trigger.threshold = 10000 (custom)
2019-10-02 23:00:12,631 [pool-267-thread-1] INFO  server.RaftServerConfigKeys (ConfUtils.java:logGet(43)) - raft.server.snapshot.retention.file.num = 5 (custom)
2019-10-02 23:00:12,631 [pool-237-thread-1] INFO  util.JmxRegister (JmxRegister.java:tryRegister(44)) - Successfully registered JMX Bean with object name Ratis:service=RaftServer,group=group-AEB6F0721541,id=b4957daf-4d4e-43ed-bd2b-8d3cba6836a1
2019-10-02 23:00:12,632 [pool-267-thread-1] INFO  server.RaftServerConfigKeys (ConfUtils.java:logGet(43)) - raft.server.retrycache.expirytime = 600000ms (custom)
2019-10-02 23:00:12,635 [pool-257-thread-1] INFO  impl.RaftServerImpl (RaftServerImpl.java:start(181)) - f5810d5d-db46-479c-84da-b9165df43e58@group-AEB6F0721541: start as a follower, conf=-1: [9e84c04d-3927-4a06-9123-302cdd615a26:192.168.164.235:44000, f5810d5d-db46-479c-84da-b9165df43e58:192.168.164.235:36675, b4957daf-4d4e-43ed-bd2b-8d3cba6836a1:192.168.164.235:34003], old=null
2019-10-02 23:00:12,635 [pool-257-thread-1] INFO  impl.RaftServerImpl (RaftServerImpl.java:setRole(170)) - f5810d5d-db46-479c-84da-b9165df43e58@group-AEB6F0721541: changes role from      null to FOLLOWER at term 0 for startAsFollower
2019-10-02 23:00:12,635 [pool-257-thread-1] INFO  impl.RoleInfo (RoleInfo.java:updateAndGet(143)) - f5810d5d-db46-479c-84da-b9165df43e58: start FollowerState
2019-10-02 23:00:12,636 [pool-257-thread-1] INFO  util.JmxRegister (JmxRegister.java:tryRegister(44)) - Successfully registered JMX Bean with object name Ratis:service=RaftServer,group=group-AEB6F0721541,id=f5810d5d-db46-479c-84da-b9165df43e58
2019-10-02 23:00:12,638 [pool-267-thread-1] INFO  impl.RaftServerImpl (RaftServerImpl.java:start(181)) - 9e84c04d-3927-4a06-9123-302cdd615a26@group-AEB6F0721541: start as a follower, conf=-1: [9e84c04d-3927-4a06-9123-302cdd615a26:192.168.164.235:44000, f5810d5d-db46-479c-84da-b9165df43e58:192.168.164.235:36675, b4957daf-4d4e-43ed-bd2b-8d3cba6836a1:192.168.164.235:34003], old=null
2019-10-02 23:00:12,638 [pool-267-thread-1] INFO  impl.RaftServerImpl (RaftServerImpl.java:setRole(170)) - 9e84c04d-3927-4a06-9123-302cdd615a26@group-AEB6F0721541: changes role from      null to FOLLOWER at term 0 for startAsFollower
2019-10-02 23:00:12,640 [pool-267-thread-1] INFO  impl.RoleInfo (RoleInfo.java:updateAndGet(143)) - 9e84c04d-3927-4a06-9123-302cdd615a26: start FollowerState
2019-10-02 23:00:12,641 [pool-267-thread-1] INFO  util.JmxRegister (JmxRegister.java:tryRegister(44)) - Successfully registered JMX Bean with object name Ratis:service=RaftServer,group=group-AEB6F0721541,id=9e84c04d-3927-4a06-9123-302cdd615a26
2019-10-02 23:00:12,651 [RatisPipelineUtilsThread] INFO  pipeline.PipelineStateManager (PipelineStateManager.java:addPipeline(56)) - Created pipeline Pipeline[ Id: 471cb644-9616-4805-96c4-aeb6f0721541, Nodes: 9e84c04d-3927-4a06-9123-302cdd615a26{ip: 192.168.164.235, host: pr-hdds-2226-secures3-kzjg4-641534921, networkLocation: /default-rack, certSerialId: null}f5810d5d-db46-479c-84da-b9165df43e58{ip: 192.168.164.235, host: pr-hdds-2226-secures3-kzjg4-641534921, networkLocation: /default-rack, certSerialId: null}b4957daf-4d4e-43ed-bd2b-8d3cba6836a1{ip: 192.168.164.235, host: pr-hdds-2226-secures3-kzjg4-641534921, networkLocation: /default-rack, certSerialId: null}, Type:RATIS, Factor:THREE, State:OPEN]
2019-10-02 23:00:15,013 [Thread-1437] INFO  container.ReplicationManager (ReplicationManager.java:start(162)) - Starting Replication Monitor Thread.
2019-10-02 23:00:15,018 [ReplicationMonitor] INFO  container.ReplicationManager (ReplicationManager.java:run(225)) - Replication Monitor Thread took 0 milliseconds for processing 1 containers.
2019-10-02 23:00:17,138 [Thread-1439] INFO  impl.FollowerState (FollowerState.java:run(108)) - 5a74c2cb-7fbd-45a4-bebb-7c3e07876900@group-99AA1FE6B5CA-FollowerState: change to CANDIDATE, lastRpcTime:5047ms, electionTimeout:5047ms
2019-10-02 23:00:17,139 [Thread-1439] INFO  impl.RoleInfo (RoleInfo.java:shutdownFollowerState(121)) - 5a74c2cb-7fbd-45a4-bebb-7c3e07876900: shutdown FollowerState
2019-10-02 23:00:17,139 [Thread-1439] INFO  impl.RaftServerImpl (RaftServerImpl.java:setRole(170)) - 5a74c2cb-7fbd-45a4-bebb-7c3e07876900@group-99AA1FE6B5CA: changes role from  FOLLOWER to CANDIDATE at term 0 for changeToCandidate
2019-10-02 23:00:17,140 [Thread-1439] INFO  impl.RoleInfo (RoleInfo.java:updateAndGet(143)) - 5a74c2cb-7fbd-45a4-bebb-7c3e07876900: start LeaderElection
2019-10-02 23:00:17,164 [5a74c2cb-7fbd-45a4-bebb-7c3e07876900@group-99AA1FE6B5CA-LeaderElection30] INFO  impl.LeaderElection (LeaderElection.java:askForVotes(178)) - 5a74c2cb-7fbd-45a4-bebb-7c3e07876900@group-99AA1FE6B5CA-LeaderElection30: begin an election at term 1 for -1: [5a74c2cb-7fbd-45a4-bebb-7c3e07876900:192.168.164.235:42721], old=null
2019-10-02 23:00:17,164 [5a74c2cb-7fbd-45a4-bebb-7c3e07876900@group-99AA1FE6B5CA-LeaderElection30] INFO  impl.RoleInfo (RoleInfo.java:shutdownLeaderElection(134)) - 5a74c2cb-7fbd-45a4-bebb-7c3e07876900: shutdown LeaderElection
2019-10-02 23:00:17,164 [5a74c2cb-7fbd-45a4-bebb-7c3e07876900@group-99AA1FE6B5CA-LeaderElection30] INFO  impl.RaftServerImpl (RaftServerImpl.java:setRole(170)) - 5a74c2cb-7fbd-45a4-bebb-7c3e07876900@group-99AA1FE6B5CA: changes role from CANDIDATE to LEADER at term 1 for changeToLeader
2019-10-02 23:00:17,165 [5a74c2cb-7fbd-45a4-bebb-7c3e07876900@group-99AA1FE6B5CA-LeaderElection30] INFO  impl.RaftServerImpl (ServerState.java:setLeader(255)) - 5a74c2cb-7fbd-45a4-bebb-7c3e07876900@group-99AA1FE6B5CA: change Leader from null to 5a74c2cb-7fbd-45a4-bebb-7c3e07876900 at term 1 for becomeLeader, leader elected after 5083ms
2019-10-02 23:00:17,165 [5a74c2cb-7fbd-45a4-bebb-7c3e07876900@group-99AA1FE6B5CA-LeaderElection30] INFO  server.RaftServerConfigKeys (ConfUtils.java:logGet(43)) - raft.server.staging.catchup.gap = 1000 (default)
2019-10-02 23:00:17,166 [5a74c2cb-7fbd-45a4-bebb-7c3e07876900@group-99AA1FE6B5CA-LeaderElection30] INFO  server.RaftServerConfigKeys (ConfUtils.java:logGet(43)) - raft.server.rpc.sleep.time = 25ms (default)
2019-10-02 23:00:17,166 [5a74c2cb-7fbd-45a4-bebb-7c3e07876900@group-99AA1FE6B5CA-LeaderElection30] INFO  server.RaftServerConfigKeys (ConfUtils.java:logGet(43)) - raft.server.write.element-limit = 4096 (default)
2019-10-02 23:00:17,167 [5a74c2cb-7fbd-45a4-bebb-7c3e07876900@group-99AA1FE6B5CA-LeaderElection30] INFO  server.RaftServerConfigKeys (ConfUtils.java:logGet(43)) - raft.server.watch.timeout = 10s (default)
2019-10-02 23:00:17,167 [5a74c2cb-7fbd-45a4-bebb-7c3e07876900@group-99AA1FE6B5CA-LeaderElection30] INFO  server.RaftServerConfigKeys (ConfUtils.java:logGet(43)) - raft.server.watch.timeout.denomination = 1s (default)
2019-10-02 23:00:17,167 [5a74c2cb-7fbd-45a4-bebb-7c3e07876900@group-99AA1FE6B5CA-LeaderElection30] INFO  server.RaftServerConfigKeys (ConfUtils.java:logGet(43)) - raft.server.watch.element-limit = 65536 (default)
2019-10-02 23:00:17,172 [5a74c2cb-7fbd-45a4-bebb-7c3e07876900@group-99AA1FE6B5CA-LeaderElection30] INFO  impl.RoleInfo (RoleInfo.java:updateAndGet(143)) - 5a74c2cb-7fbd-45a4-bebb-7c3e07876900: start LeaderState
2019-10-02 23:00:17,173 [5a74c2cb-7fbd-45a4-bebb-7c3e07876900@group-99AA1FE6B5CA-LeaderElection30] INFO  segmented.SegmentedRaftLogWorker (SegmentedRaftLogWorker.java:startLogSegment(385)) - 5a74c2cb-7fbd-45a4-bebb-7c3e07876900@group-99AA1FE6B5CA-SegmentedRaftLogWorker: Starting segment from index:0
2019-10-02 23:00:17,175 [5a74c2cb-7fbd-45a4-bebb-7c3e07876900@group-99AA1FE6B5CA-LeaderElection30] INFO  impl.RaftServerImpl (ServerState.java:setRaftConf(356)) - 5a74c2cb-7fbd-45a4-bebb-7c3e07876900@group-99AA1FE6B5CA: set configuration 0: [5a74c2cb-7fbd-45a4-bebb-7c3e07876900:192.168.164.235:42721], old=null at 0
2019-10-02 23:00:17,209 [5a74c2cb-7fbd-45a4-bebb-7c3e07876900@group-99AA1FE6B5CA-SegmentedRaftLogWorker] INFO  segmented.SegmentedRaftLogWorker (SegmentedRaftLogWorker.java:execute(574)) - 5a74c2cb-7fbd-45a4-bebb-7c3e07876900@group-99AA1FE6B5CA-SegmentedRaftLogWorker: created new log segment /workdir/hadoop-ozone/integration-test/target/test-dir/MiniOzoneClusterImpl-d38320c1-1c9a-4451-99ce-f4a8da752828/datanode-0/data/ratis/15e8badd-5a8a-4a35-85de-99aa1fe6b5ca/current/log_inprogress_0
2019-10-02 23:00:17,272 [Thread-1451] INFO  impl.FollowerState (FollowerState.java:run(108)) - fcba0785-f97d-467b-bf4a-b8770d23999e@group-46A3ED0F2391-FollowerState: change to CANDIDATE, lastRpcTime:5045ms, electionTimeout:5045ms
2019-10-02 23:00:17,272 [Thread-1451] INFO  impl.RoleInfo (RoleInfo.java:shutdownFollowerState(121)) - fcba0785-f97d-467b-bf4a-b8770d23999e: shutdown FollowerState
2019-10-02 23:00:17,272 [Thread-1451] INFO  impl.RaftServerImpl (RaftServerImpl.java:setRole(170)) - fcba0785-f97d-467b-bf4a-b8770d23999e@group-46A3ED0F2391: changes role from  FOLLOWER to CANDIDATE at term 0 for changeToCandidate
2019-10-02 23:00:17,272 [Thread-1451] INFO  impl.RoleInfo (RoleInfo.java:updateAndGet(143)) - fcba0785-f97d-467b-bf4a-b8770d23999e: start LeaderElection
2019-10-02 23:00:17,289 [fcba0785-f97d-467b-bf4a-b8770d23999e@group-46A3ED0F2391-LeaderElection31] INFO  impl.LeaderElection (LeaderElection.java:askForVotes(178)) - fcba0785-f97d-467b-bf4a-b8770d23999e@group-46A3ED0F2391-LeaderElection31: begin an election at term 1 for -1: [5a74c2cb-7fbd-45a4-bebb-7c3e07876900:192.168.164.235:42721, 001004e8-1446-4815-8af8-275eb2e7f1ab:192.168.164.235:45559, fcba0785-f97d-467b-bf4a-b8770d23999e:192.168.164.235:43253], old=null
2019-10-02 23:00:17,296 [Thread-1442] INFO  impl.FollowerState (FollowerState.java:run(108)) - fcba0785-f97d-467b-bf4a-b8770d23999e@group-6A7DE13786C3-FollowerState: change to CANDIDATE, lastRpcTime:5154ms, electionTimeout:5153ms
2019-10-02 23:00:17,296 [Thread-1442] INFO  impl.RoleInfo (RoleInfo.java:shutdownFollowerState(121)) - fcba0785-f97d-467b-bf4a-b8770d23999e: shutdown FollowerState
2019-10-02 23:00:17,297 [Thread-1442] INFO  impl.RaftServerImpl (RaftServerImpl.java:setRole(170)) - fcba0785-f97d-467b-bf4a-b8770d23999e@group-6A7DE13786C3: changes role from  FOLLOWER to CANDIDATE at term 0 for changeToCandidate
2019-10-02 23:00:17,297 [Thread-1442] INFO  impl.RoleInfo (RoleInfo.java:updateAndGet(143)) - fcba0785-f97d-467b-bf4a-b8770d23999e: start LeaderElection
2019-10-02 23:00:17,297 [grpc-default-executor-3] INFO  impl.RaftServerImpl (RaftServerImpl.java:setRole(170)) - 001004e8-1446-4815-8af8-275eb2e7f1ab@group-46A3ED0F2391: changes role from  FOLLOWER to FOLLOWER at term 1 for recognizeCandidate:fcba0785-f97d-467b-bf4a-b8770d23999e
2019-10-02 23:00:17,304 [grpc-default-executor-3] INFO  impl.RoleInfo (RoleInfo.java:shutdownFollowerState(121)) - 001004e8-1446-4815-8af8-275eb2e7f1ab: shutdown FollowerState
2019-10-02 23:00:17,304 [grpc-default-executor-4] INFO  impl.RaftServerImpl (RaftServerImpl.java:setRole(170)) - 5a74c2cb-7fbd-45a4-bebb-7c3e07876900@group-46A3ED0F2391: changes role from  FOLLOWER to FOLLOWER at term 1 for recognizeCandidate:fcba0785-f97d-467b-bf4a-b8770d23999e
2019-10-02 23:00:17,304 [grpc-default-executor-3] INFO  impl.RoleInfo (RoleInfo.java:updateAndGet(143)) - 001004e8-1446-4815-8af8-275eb2e7f1ab: start FollowerState
2019-10-02 23:00:17,304 [Thread-1450] INFO  impl.FollowerState (FollowerState.java:run(117)) - 001004e8-1446-4815-8af8-275eb2e7f1ab@group-46A3ED0F2391-FollowerState was interrupted: java.lang.InterruptedException: sleep interrupted
2019-10-02 23:00:17,304 [grpc-default-executor-4] INFO  impl.RoleInfo (RoleInfo.java:shutdownFollowerState(121)) - 5a74c2cb-7fbd-45a4-bebb-7c3e07876900: shutdown FollowerState
2019-10-02 23:00:17,306 [grpc-default-executor-4] INFO  impl.RoleInfo (RoleInfo.java:updateAndGet(143)) - 5a74c2cb-7fbd-45a4-bebb-7c3e07876900: start FollowerState
2019-10-02 23:00:17,306 [Thread-1452] INFO  impl.FollowerState (FollowerState.java:run(117)) - 5a74c2cb-7fbd-45a4-bebb-7c3e07876900@group-46A3ED0F2391-FollowerState was interrupted: java.lang.InterruptedException: sleep interrupted
2019-10-02 23:00:17,308 [fcba0785-f97d-467b-bf4a-b8770d23999e@group-6A7DE13786C3-LeaderElection32] INFO  impl.LeaderElection (LeaderElection.java:askForVotes(178)) - fcba0785-f97d-467b-bf4a-b8770d23999e@group-6A7DE13786C3-LeaderElection32: begin an election at term 1 for -1: [fcba0785-f97d-467b-bf4a-b8770d23999e:192.168.164.235:43253], old=null
2019-10-02 23:00:17,308 [fcba0785-f97d-467b-bf4a-b8770d23999e@group-6A7DE13786C3-LeaderElection32] INFO  impl.RoleInfo (RoleInfo.java:shutdownLeaderElection(134)) - fcba0785-f97d-467b-bf4a-b8770d23999e: shutdown LeaderElection
2019-10-02 23:00:17,308 [fcba0785-f97d-467b-bf4a-b8770d23999e@group-6A7DE13786C3-LeaderElection32] INFO  impl.RaftServerImpl (RaftServerImpl.java:setRole(170)) - fcba0785-f97d-467b-bf4a-b8770d23999e@group-6A7DE13786C3: changes role from CANDIDATE to LEADER at term 1 for changeToLeader
2019-10-02 23:00:17,309 [fcba0785-f97d-467b-bf4a-b8770d23999e@group-6A7DE13786C3-LeaderElection32] INFO  impl.RaftServerImpl (ServerState.java:setLeader(255)) - fcba0785-f97d-467b-bf4a-b8770d23999e@group-6A7DE13786C3: change Leader from null to fcba0785-f97d-467b-bf4a-b8770d23999e at term 1 for becomeLeader, leader elected after 5171ms
2019-10-02 23:00:17,309 [fcba0785-f97d-467b-bf4a-b8770d23999e@group-6A7DE13786C3-LeaderElection32] INFO  server.RaftServerConfigKeys (ConfUtils.java:logGet(43)) - raft.server.staging.catchup.gap = 1000 (default)
2019-10-02 23:00:17,309 [fcba0785-f97d-467b-bf4a-b8770d23999e@group-6A7DE13786C3-LeaderElection32] INFO  server.RaftServerConfigKeys (ConfUtils.java:logGet(43)) - raft.server.rpc.sleep.time = 25ms (default)
2019-10-02 23:00:17,309 [fcba0785-f97d-467b-bf4a-b8770d23999e@group-6A7DE13786C3-LeaderElection32] INFO  server.RaftServerConfigKeys (ConfUtils.java:logGet(43)) - raft.server.write.element-limit = 4096 (default)
2019-10-02 23:00:17,309 [fcba0785-f97d-467b-bf4a-b8770d23999e@group-6A7DE13786C3-LeaderElection32] INFO  server.RaftServerConfigKeys (ConfUtils.java:logGet(43)) - raft.server.watch.timeout = 10s (default)
2019-10-02 23:00:17,309 [fcba0785-f97d-467b-bf4a-b8770d23999e@group-6A7DE13786C3-LeaderElection32] INFO  server.RaftServerConfigKeys (ConfUtils.java:logGet(43)) - raft.server.watch.timeout.denomination = 1s (default)
2019-10-02 23:00:17,309 [fcba0785-f97d-467b-bf4a-b8770d23999e@group-6A7DE13786C3-LeaderElection32] INFO  server.RaftServerConfigKeys (ConfUtils.java:logGet(43)) - raft.server.watch.element-limit = 65536 (default)
2019-10-02 23:00:17,311 [fcba0785-f97d-467b-bf4a-b8770d23999e@group-6A7DE13786C3-LeaderElection32] INFO  impl.RoleInfo (RoleInfo.java:updateAndGet(143)) - fcba0785-f97d-467b-bf4a-b8770d23999e: start LeaderState
2019-10-02 23:00:17,312 [fcba0785-f97d-467b-bf4a-b8770d23999e@group-6A7DE13786C3-LeaderElection32] INFO  segmented.SegmentedRaftLogWorker (SegmentedRaftLogWorker.java:startLogSegment(385)) - fcba0785-f97d-467b-bf4a-b8770d23999e@group-6A7DE13786C3-SegmentedRaftLogWorker: Starting segment from index:0
2019-10-02 23:00:17,319 [fcba0785-f97d-467b-bf4a-b8770d23999e@group-6A7DE13786C3-LeaderElection32] INFO  impl.RaftServerImpl (ServerState.java:setRaftConf(356)) - fcba0785-f97d-467b-bf4a-b8770d23999e@group-6A7DE13786C3: set configuration 0: [fcba0785-f97d-467b-bf4a-b8770d23999e:192.168.164.235:43253], old=null at 0
2019-10-02 23:00:17,319 [fcba0785-f97d-467b-bf4a-b8770d23999e@group-46A3ED0F2391-LeaderElection31] INFO  impl.LeaderElection (LeaderElection.java:logAndReturn(56)) - fcba0785-f97d-467b-bf4a-b8770d23999e@group-46A3ED0F2391-LeaderElection31: Election PASSED; received 1 response(s) [fcba0785-f97d-467b-bf4a-b8770d23999e<-5a74c2cb-7fbd-45a4-bebb-7c3e07876900#0:OK-t1] and 0 exception(s); fcba0785-f97d-467b-bf4a-b8770d23999e@group-46A3ED0F2391:t1, leader=null, voted=fcba0785-f97d-467b-bf4a-b8770d23999e, raftlog=fcba0785-f97d-467b-bf4a-b8770d23999e@group-46A3ED0F2391-SegmentedRaftLog:OPENED:c-1,f-1,i0, conf=-1: [5a74c2cb-7fbd-45a4-bebb-7c3e07876900:192.168.164.235:42721, 001004e8-1446-4815-8af8-275eb2e7f1ab:192.168.164.235:45559, fcba0785-f97d-467b-bf4a-b8770d23999e:192.168.164.235:43253], old=null
2019-10-02 23:00:17,320 [fcba0785-f97d-467b-bf4a-b8770d23999e@group-46A3ED0F2391-LeaderElection31] INFO  impl.RoleInfo (RoleInfo.java:shutdownLeaderElection(134)) - fcba0785-f97d-467b-bf4a-b8770d23999e: shutdown LeaderElection
2019-10-02 23:00:17,320 [fcba0785-f97d-467b-bf4a-b8770d23999e@group-46A3ED0F2391-LeaderElection31] INFO  impl.RaftServerImpl (RaftServerImpl.java:setRole(170)) - fcba0785-f97d-467b-bf4a-b8770d23999e@group-46A3ED0F2391: changes role from CANDIDATE to LEADER at term 1 for changeToLeader
2019-10-02 23:00:17,320 [fcba0785-f97d-467b-bf4a-b8770d23999e@group-46A3ED0F2391-LeaderElection31] INFO  impl.RaftServerImpl (ServerState.java:setLeader(255)) - fcba0785-f97d-467b-bf4a-b8770d23999e@group-46A3ED0F2391: change Leader from null to fcba0785-f97d-467b-bf4a-b8770d23999e at term 1 for becomeLeader, leader elected after 5102ms
2019-10-02 23:00:17,320 [fcba0785-f97d-467b-bf4a-b8770d23999e@group-46A3ED0F2391-LeaderElection31] INFO  server.RaftServerConfigKeys (ConfUtils.java:logGet(43)) - raft.server.staging.catchup.gap = 1000 (default)
2019-10-02 23:00:17,320 [fcba0785-f97d-467b-bf4a-b8770d23999e@group-46A3ED0F2391-LeaderElection31] INFO  server.RaftServerConfigKeys (ConfUtils.java:logGet(43)) - raft.server.rpc.sleep.time = 25ms (default)
2019-10-02 23:00:17,321 [fcba0785-f97d-467b-bf4a-b8770d23999e@group-46A3ED0F2391-LeaderElection31] INFO  server.RaftServerConfigKeys (ConfUtils.java:logGet(43)) - raft.server.write.element-limit = 4096 (default)
2019-10-02 23:00:17,321 [fcba0785-f97d-467b-bf4a-b8770d23999e@group-46A3ED0F2391-LeaderElection31] INFO  server.RaftServerConfigKeys (ConfUtils.java:logGet(43)) - raft.server.watch.timeout = 10s (default)
2019-10-02 23:00:17,321 [fcba0785-f97d-467b-bf4a-b8770d23999e@group-46A3ED0F2391-LeaderElection31] INFO  server.RaftServerConfigKeys (ConfUtils.java:logGet(43)) - raft.server.watch.timeout.denomination = 1s (default)
2019-10-02 23:00:17,321 [fcba0785-f97d-467b-bf4a-b8770d23999e@group-46A3ED0F2391-LeaderElection31] INFO  server.RaftServerConfigKeys (ConfUtils.java:logGet(43)) - raft.server.watch.element-limit = 65536 (default)
2019-10-02 23:00:17,323 [fcba0785-f97d-467b-bf4a-b8770d23999e@group-46A3ED0F2391-LeaderElection31] INFO  server.RaftServerConfigKeys (ConfUtils.java:logGet(43)) - raft.server.log.appender.snapshot.chunk.size.max = 16MB (=16777216) (default)
2019-10-02 23:00:17,323 [fcba0785-f97d-467b-bf4a-b8770d23999e@group-46A3ED0F2391-LeaderElection31] INFO  server.RaftServerConfigKeys (ConfUtils.java:logGet(43)) - raft.server.log.appender.buffer.byte-limit = 33554432 (custom)
2019-10-02 23:00:17,324 [fcba0785-f97d-467b-bf4a-b8770d23999e@group-46A3ED0F2391-LeaderElection31] INFO  server.RaftServerConfigKeys (ConfUtils.java:logGet(43)) - raft.server.log.appender.buffer.element-limit = 1 (custom)
2019-10-02 23:00:17,324 [fcba0785-f97d-467b-bf4a-b8770d23999e@group-46A3ED0F2391-LeaderElection31] INFO  grpc.GrpcConfigKeys$Server (ConfUtils.java:logGet(43)) - raft.grpc.server.leader.outstanding.appends.max = 128 (default)
2019-10-02 23:00:17,324 [fcba0785-f97d-467b-bf4a-b8770d23999e@group-46A3ED0F2391-LeaderElection31] INFO  server.RaftServerConfigKeys (ConfUtils.java:logGet(43)) - raft.server.rpc.request.timeout = 3000ms (default)
2019-10-02 23:00:17,324 [fcba0785-f97d-467b-bf4a-b8770d23999e@group-46A3ED0F2391-LeaderElection31] INFO  server.RaftServerConfigKeys (ConfUtils.java:logGet(43)) - raft.server.log.appender.install.snapshot.enabled = false (custom)
2019-10-02 23:00:17,325 [fcba0785-f97d-467b-bf4a-b8770d23999e@group-46A3ED0F2391-LeaderElection31] INFO  server.RaftServerConfigKeys (ConfUtils.java:logGet(43)) - raft.server.log.appender.snapshot.chunk.size.max = 16MB (=16777216) (default)
2019-10-02 23:00:17,325 [fcba0785-f97d-467b-bf4a-b8770d23999e@group-46A3ED0F2391-LeaderElection31] INFO  server.RaftServerConfigKeys (ConfUtils.java:logGet(43)) - raft.server.log.appender.buffer.byte-limit = 33554432 (custom)
2019-10-02 23:00:17,325 [fcba0785-f97d-467b-bf4a-b8770d23999e@group-46A3ED0F2391-LeaderElection31] INFO  server.RaftServerConfigKeys (ConfUtils.java:logGet(43)) - raft.server.log.appender.buffer.element-limit = 1 (custom)
2019-10-02 23:00:17,325 [fcba0785-f97d-467b-bf4a-b8770d23999e@group-46A3ED0F2391-LeaderElection31] INFO  grpc.GrpcConfigKeys$Server (ConfUtils.java:logGet(43)) - raft.grpc.server.leader.outstanding.appends.max = 128 (default)
2019-10-02 23:00:17,325 [fcba0785-f97d-467b-bf4a-b8770d23999e@group-46A3ED0F2391-LeaderElection31] INFO  server.RaftServerConfigKeys (ConfUtils.java:logGet(43)) - raft.server.rpc.request.timeout = 3000ms (default)
2019-10-02 23:00:17,325 [fcba0785-f97d-467b-bf4a-b8770d23999e@group-46A3ED0F2391-LeaderElection31] INFO  server.RaftServerConfigKeys (ConfUtils.java:logGet(43)) - raft.server.log.appender.install.snapshot.enabled = false (custom)
2019-10-02 23:00:17,326 [fcba0785-f97d-467b-bf4a-b8770d23999e@group-46A3ED0F2391-LeaderElection31] INFO  impl.RoleInfo (RoleInfo.java:updateAndGet(143)) - fcba0785-f97d-467b-bf4a-b8770d23999e: start LeaderState
2019-10-02 23:00:17,326 [fcba0785-f97d-467b-bf4a-b8770d23999e@group-46A3ED0F2391-LeaderElection31] INFO  segmented.SegmentedRaftLogWorker (SegmentedRaftLogWorker.java:startLogSegment(385)) - fcba0785-f97d-467b-bf4a-b8770d23999e@group-46A3ED0F2391-SegmentedRaftLogWorker: Starting segment from index:0
2019-10-02 23:00:17,327 [fcba0785-f97d-467b-bf4a-b8770d23999e@group-46A3ED0F2391-LeaderElection31] INFO  impl.RaftServerImpl (ServerState.java:setRaftConf(356)) - fcba0785-f97d-467b-bf4a-b8770d23999e@group-46A3ED0F2391: set configuration 0: [5a74c2cb-7fbd-45a4-bebb-7c3e07876900:192.168.164.235:42721, 001004e8-1446-4815-8af8-275eb2e7f1ab:192.168.164.235:45559, fcba0785-f97d-467b-bf4a-b8770d23999e:192.168.164.235:43253], old=null at 0
2019-10-02 23:00:17,360 [Thread-1445] INFO  impl.FollowerState (FollowerState.java:run(108)) - 001004e8-1446-4815-8af8-275eb2e7f1ab@group-EE290A8ECC44-FollowerState: change to CANDIDATE, lastRpcTime:5178ms, electionTimeout:5148ms
2019-10-02 23:00:17,361 [Thread-1445] INFO  impl.RoleInfo (RoleInfo.java:shutdownFollowerState(121)) - 001004e8-1446-4815-8af8-275eb2e7f1ab: shutdown FollowerState
2019-10-02 23:00:17,361 [Thread-1445] INFO  impl.RaftServerImpl (RaftServerImpl.java:setRole(170)) - 001004e8-1446-4815-8af8-275eb2e7f1ab@group-EE290A8ECC44: changes role from  FOLLOWER to CANDIDATE at term 0 for changeToCandidate
2019-10-02 23:00:17,363 [Thread-1445] INFO  impl.RoleInfo (RoleInfo.java:updateAndGet(143)) - 001004e8-1446-4815-8af8-275eb2e7f1ab: start LeaderElection
2019-10-02 23:00:17,370 [grpc-default-executor-4] INFO  impl.RaftServerImpl (ServerState.java:setLeader(255)) - 001004e8-1446-4815-8af8-275eb2e7f1ab@group-46A3ED0F2391: change Leader from null to fcba0785-f97d-467b-bf4a-b8770d23999e at term 1 for appendEntries, leader elected after 5154ms
2019-10-02 23:00:17,371 [fcba0785-f97d-467b-bf4a-b8770d23999e@group-46A3ED0F2391-SegmentedRaftLogWorker] INFO  segmented.SegmentedRaftLogWorker (SegmentedRaftLogWorker.java:execute(574)) - fcba0785-f97d-467b-bf4a-b8770d23999e@group-46A3ED0F2391-SegmentedRaftLogWorker: created new log segment /workdir/hadoop-ozone/integration-test/target/test-dir/MiniOzoneClusterImpl-d38320c1-1c9a-4451-99ce-f4a8da752828/datanode-1/data/ratis/b1a99dc4-a96c-4013-a8a8-46a3ed0f2391/current/log_inprogress_0
2019-10-02 23:00:17,371 [fcba0785-f97d-467b-bf4a-b8770d23999e@group-6A7DE13786C3-SegmentedRaftLogWorker] INFO  segmented.SegmentedRaftLogWorker (SegmentedRaftLogWorker.java:execute(574)) - fcba0785-f97d-467b-bf4a-b8770d23999e@group-6A7DE13786C3-SegmentedRaftLogWorker: created new log segment /workdir/hadoop-ozone/integration-test/target/test-dir/MiniOzoneClusterImpl-d38320c1-1c9a-4451-99ce-f4a8da752828/datanode-1/data/ratis/3f485e16-85c4-44ba-9f03-6a7de13786c3/current/log_inprogress_0
2019-10-02 23:00:17,371 [grpc-default-executor-4] INFO  impl.RaftServerImpl (ServerState.java:setLeader(255)) - 5a74c2cb-7fbd-45a4-bebb-7c3e07876900@group-46A3ED0F2391: change Leader from null to fcba0785-f97d-467b-bf4a-b8770d23999e at term 1 for appendEntries, leader elected after 5155ms
2019-10-02 23:00:17,374 [grpc-default-executor-4] INFO  impl.RaftServerImpl (ServerState.java:setRaftConf(356)) - 001004e8-1446-4815-8af8-275eb2e7f1ab@group-46A3ED0F2391: set configuration 0: [5a74c2cb-7fbd-45a4-bebb-7c3e07876900:192.168.164.235:42721, 001004e8-1446-4815-8af8-275eb2e7f1ab:192.168.164.235:45559, fcba0785-f97d-467b-bf4a-b8770d23999e:192.168.164.235:43253], old=null at 0
2019-10-02 23:00:17,374 [grpc-default-executor-4] INFO  segmented.SegmentedRaftLogWorker (SegmentedRaftLogWorker.java:startLogSegment(385)) - 001004e8-1446-4815-8af8-275eb2e7f1ab@group-46A3ED0F2391-SegmentedRaftLogWorker: Starting segment from index:0
2019-10-02 23:00:17,375 [grpc-default-executor-3] INFO  impl.RaftServerImpl (ServerState.java:setRaftConf(356)) - 5a74c2cb-7fbd-45a4-bebb-7c3e07876900@group-46A3ED0F2391: set configuration 0: [5a74c2cb-7fbd-45a4-bebb-7c3e07876900:192.168.164.235:42721, 001004e8-1446-4815-8af8-275eb2e7f1ab:192.168.164.235:45559, fcba0785-f97d-467b-bf4a-b8770d23999e:192.168.164.235:43253], old=null at 0
2019-10-02 23:00:17,375 [grpc-default-executor-3] INFO  segmented.SegmentedRaftLogWorker (SegmentedRaftLogWorker.java:startLogSegment(385)) - 5a74c2cb-7fbd-45a4-bebb-7c3e07876900@group-46A3ED0F2391-SegmentedRaftLogWorker: Starting segment from index:0
2019-10-02 23:00:17,375 [001004e8-1446-4815-8af8-275eb2e7f1ab@group-EE290A8ECC44-LeaderElection33] INFO  impl.LeaderElection (LeaderElection.java:askForVotes(178)) - 001004e8-1446-4815-8af8-275eb2e7f1ab@group-EE290A8ECC44-LeaderElection33: begin an election at term 1 for -1: [001004e8-1446-4815-8af8-275eb2e7f1ab:192.168.164.235:45559], old=null
2019-10-02 23:00:17,375 [001004e8-1446-4815-8af8-275eb2e7f1ab@group-EE290A8ECC44-LeaderElection33] INFO  impl.RoleInfo (RoleInfo.java:shutdownLeaderElection(134)) - 001004e8-1446-4815-8af8-275eb2e7f1ab: shutdown LeaderElection
2019-10-02 23:00:17,375 [001004e8-1446-4815-8af8-275eb2e7f1ab@group-EE290A8ECC44-LeaderElection33] INFO  impl.RaftServerImpl (RaftServerImpl.java:setRole(170)) - 001004e8-1446-4815-8af8-275eb2e7f1ab@group-EE290A8ECC44: changes role from CANDIDATE to LEADER at term 1 for changeToLeader
2019-10-02 23:00:17,375 [001004e8-1446-4815-8af8-275eb2e7f1ab@group-EE290A8ECC44-LeaderElection33] INFO  impl.RaftServerImpl (ServerState.java:setLeader(255)) - 001004e8-1446-4815-8af8-275eb2e7f1ab@group-EE290A8ECC44: change Leader from null to 001004e8-1446-4815-8af8-275eb2e7f1ab at term 1 for becomeLeader, leader elected after 5198ms
2019-10-02 23:00:17,375 [001004e8-1446-4815-8af8-275eb2e7f1ab@group-EE290A8ECC44-LeaderElection33] INFO  server.RaftServerConfigKeys (ConfUtils.java:logGet(43)) - raft.server.staging.catchup.gap = 1000 (default)
2019-10-02 23:00:17,375 [001004e8-1446-4815-8af8-275eb2e7f1ab@group-EE290A8ECC44-LeaderElection33] INFO  server.RaftServerConfigKeys (ConfUtils.java:logGet(43)) - raft.server.rpc.sleep.time = 25ms (default)
2019-10-02 23:00:17,375 [001004e8-1446-4815-8af8-275eb2e7f1ab@group-EE290A8ECC44-LeaderElection33] INFO  server.RaftServerConfigKeys (ConfUtils.java:logGet(43)) - raft.server.write.element-limit = 4096 (default)
2019-10-02 23:00:17,376 [001004e8-1446-4815-8af8-275eb2e7f1ab@group-EE290A8ECC44-LeaderElection33] INFO  server.RaftServerConfigKeys (ConfUtils.java:logGet(43)) - raft.server.watch.timeout = 10s (default)
2019-10-02 23:00:17,376 [001004e8-1446-4815-8af8-275eb2e7f1ab@group-EE290A8ECC44-LeaderElection33] INFO  server.RaftServerConfigKeys (ConfUtils.java:logGet(43)) - raft.server.watch.timeout.denomination = 1s (default)
2019-10-02 23:00:17,376 [001004e8-1446-4815-8af8-275eb2e7f1ab@group-EE290A8ECC44-LeaderElection33] INFO  server.RaftServerConfigKeys (ConfUtils.java:logGet(43)) - raft.server.watch.element-limit = 65536 (default)
2019-10-02 23:00:17,377 [001004e8-1446-4815-8af8-275eb2e7f1ab@group-EE290A8ECC44-LeaderElection33] INFO  impl.RoleInfo (RoleInfo.java:updateAndGet(143)) - 001004e8-1446-4815-8af8-275eb2e7f1ab: start LeaderState
2019-10-02 23:00:17,377 [001004e8-1446-4815-8af8-275eb2e7f1ab@group-EE290A8ECC44-LeaderElection33] INFO  segmented.SegmentedRaftLogWorker (SegmentedRaftLogWorker.java:startLogSegment(385)) - 001004e8-1446-4815-8af8-275eb2e7f1ab@group-EE290A8ECC44-SegmentedRaftLogWorker: Starting segment from index:0
2019-10-02 23:00:17,377 [001004e8-1446-4815-8af8-275eb2e7f1ab@group-EE290A8ECC44-LeaderElection33] INFO  impl.RaftServerImpl (ServerState.java:setRaftConf(356)) - 001004e8-1446-4815-8af8-275eb2e7f1ab@group-EE290A8ECC44: set configuration 0: [001004e8-1446-4815-8af8-275eb2e7f1ab:192.168.164.235:45559], old=null at 0
2019-10-02 23:00:17,410 [Thread-1460] INFO  impl.FollowerState (FollowerState.java:run(108)) - 003b1792-9452-4599-9865-52c597bb50be@group-3993BA536560-FollowerState: change to CANDIDATE, lastRpcTime:5015ms, electionTimeout:5015ms
2019-10-02 23:00:17,410 [Thread-1460] INFO  impl.RoleInfo (RoleInfo.java:shutdownFollowerState(121)) - 003b1792-9452-4599-9865-52c597bb50be: shutdown FollowerState
2019-10-02 23:00:17,410 [Thread-1460] INFO  impl.RaftServerImpl (RaftServerImpl.java:setRole(170)) - 003b1792-9452-4599-9865-52c597bb50be@group-3993BA536560: changes role from  FOLLOWER to CANDIDATE at term 0 for changeToCandidate
2019-10-02 23:00:17,410 [Thread-1460] INFO  impl.RoleInfo (RoleInfo.java:updateAndGet(143)) - 003b1792-9452-4599-9865-52c597bb50be: start LeaderElection
2019-10-02 23:00:17,417 [5a74c2cb-7fbd-45a4-bebb-7c3e07876900@group-46A3ED0F2391-SegmentedRaftLogWorker] INFO  segmented.SegmentedRaftLogWorker (SegmentedRaftLogWorker.java:execute(574)) - 5a74c2cb-7fbd-45a4-bebb-7c3e07876900@group-46A3ED0F2391-SegmentedRaftLogWorker: created new log segment /workdir/hadoop-ozone/integration-test/target/test-dir/MiniOzoneClusterImpl-d38320c1-1c9a-4451-99ce-f4a8da752828/datanode-0/data/ratis/b1a99dc4-a96c-4013-a8a8-46a3ed0f2391/current/log_inprogress_0
2019-10-02 23:00:17,417 [001004e8-1446-4815-8af8-275eb2e7f1ab@group-46A3ED0F2391-SegmentedRaftLogWorker] INFO  segmented.SegmentedRaftLogWorker (SegmentedRaftLogWorker.java:execute(574)) - 001004e8-1446-4815-8af8-275eb2e7f1ab@group-46A3ED0F2391-SegmentedRaftLogWorker: created new log segment /workdir/hadoop-ozone/integration-test/target/test-dir/MiniOzoneClusterImpl-d38320c1-1c9a-4451-99ce-f4a8da752828/datanode-2/data/ratis/b1a99dc4-a96c-4013-a8a8-46a3ed0f2391/current/log_inprogress_0
2019-10-02 23:00:17,419 [001004e8-1446-4815-8af8-275eb2e7f1ab@group-EE290A8ECC44-SegmentedRaftLogWorker] INFO  segmented.SegmentedRaftLogWorker (SegmentedRaftLogWorker.java:execute(574)) - 001004e8-1446-4815-8af8-275eb2e7f1ab@group-EE290A8ECC44-SegmentedRaftLogWorker: created new log segment /workdir/hadoop-ozone/integration-test/target/test-dir/MiniOzoneClusterImpl-d38320c1-1c9a-4451-99ce-f4a8da752828/datanode-2/data/ratis/31236243-ceda-4918-8ede-ee290a8ecc44/current/log_inprogress_0
2019-10-02 23:00:17,419 [003b1792-9452-4599-9865-52c597bb50be@group-3993BA536560-LeaderElection34] INFO  impl.LeaderElection (LeaderElection.java:askForVotes(178)) - 003b1792-9452-4599-9865-52c597bb50be@group-3993BA536560-LeaderElection34: begin an election at term 1 for -1: [003b1792-9452-4599-9865-52c597bb50be:192.168.164.235:45993], old=null
2019-10-02 23:00:17,420 [003b1792-9452-4599-9865-52c597bb50be@group-3993BA536560-LeaderElection34] INFO  impl.RoleInfo (RoleInfo.java:shutdownLeaderElection(134)) - 003b1792-9452-4599-9865-52c597bb50be: shutdown LeaderElection
2019-10-02 23:00:17,420 [003b1792-9452-4599-9865-52c597bb50be@group-3993BA536560-LeaderElection34] INFO  impl.RaftServerImpl (RaftServerImpl.java:setRole(170)) - 003b1792-9452-4599-9865-52c597bb50be@group-3993BA536560: changes role from CANDIDATE to LEADER at term 1 for changeToLeader
2019-10-02 23:00:17,420 [003b1792-9452-4599-9865-52c597bb50be@group-3993BA536560-LeaderElection34] INFO  impl.RaftServerImpl (ServerState.java:setLeader(255)) - 003b1792-9452-4599-9865-52c597bb50be@group-3993BA536560: change Leader from null to 003b1792-9452-4599-9865-52c597bb50be at term 1 for becomeLeader, leader elected after 5032ms
2019-10-02 23:00:17,420 [003b1792-9452-4599-9865-52c597bb50be@group-3993BA536560-LeaderElection34] INFO  server.RaftServerConfigKeys (ConfUtils.java:logGet(43)) - raft.server.staging.catchup.gap = 1000 (default)
2019-10-02 23:00:17,420 [003b1792-9452-4599-9865-52c597bb50be@group-3993BA536560-LeaderElection34] INFO  server.RaftServerConfigKeys (ConfUtils.java:logGet(43)) - raft.server.rpc.sleep.time = 25ms (default)
2019-10-02 23:00:17,420 [003b1792-9452-4599-9865-52c597bb50be@group-3993BA536560-LeaderElection34] INFO  server.RaftServerConfigKeys (ConfUtils.java:logGet(43)) - raft.server.write.element-limit = 4096 (default)
2019-10-02 23:00:17,420 [003b1792-9452-4599-9865-52c597bb50be@group-3993BA536560-LeaderElection34] INFO  server.RaftServerConfigKeys (ConfUtils.java:logGet(43)) - raft.server.watch.timeout = 10s (default)
2019-10-02 23:00:17,420 [003b1792-9452-4599-9865-52c597bb50be@group-3993BA536560-LeaderElection34] INFO  server.RaftServerConfigKeys (ConfUtils.java:logGet(43)) - raft.server.watch.timeout.denomination = 1s (default)
2019-10-02 23:00:17,420 [003b1792-9452-4599-9865-52c597bb50be@group-3993BA536560-LeaderElection34] INFO  server.RaftServerConfigKeys (ConfUtils.java:logGet(43)) - raft.server.watch.element-limit = 65536 (default)
2019-10-02 23:00:17,422 [003b1792-9452-4599-9865-52c597bb50be@group-3993BA536560-LeaderElection34] INFO  impl.RoleInfo (RoleInfo.java:updateAndGet(143)) - 003b1792-9452-4599-9865-52c597bb50be: start LeaderState
2019-10-02 23:00:17,422 [003b1792-9452-4599-9865-52c597bb50be@group-3993BA536560-LeaderElection34] INFO  segmented.SegmentedRaftLogWorker (SegmentedRaftLogWorker.java:startLogSegment(385)) - 003b1792-9452-4599-9865-52c597bb50be@group-3993BA536560-SegmentedRaftLogWorker: Starting segment from index:0
2019-10-02 23:00:17,422 [003b1792-9452-4599-9865-52c597bb50be@group-3993BA536560-LeaderElection34] INFO  impl.RaftServerImpl (ServerState.java:setRaftConf(356)) - 003b1792-9452-4599-9865-52c597bb50be@group-3993BA536560: set configuration 0: [003b1792-9452-4599-9865-52c597bb50be:192.168.164.235:45993], old=null at 0
2019-10-02 23:00:17,454 [003b1792-9452-4599-9865-52c597bb50be@group-3993BA536560-SegmentedRaftLogWorker] INFO  segmented.SegmentedRaftLogWorker (SegmentedRaftLogWorker.java:execute(574)) - 003b1792-9452-4599-9865-52c597bb50be@group-3993BA536560-SegmentedRaftLogWorker: created new log segment /workdir/hadoop-ozone/integration-test/target/test-dir/MiniOzoneClusterImpl-d38320c1-1c9a-4451-99ce-f4a8da752828/datanode-4/data/ratis/03cca372-268e-43d3-ad55-3993ba536560/current/log_inprogress_0
2019-10-02 23:00:17,480 [Thread-1457] INFO  impl.FollowerState (FollowerState.java:run(108)) - b4957daf-4d4e-43ed-bd2b-8d3cba6836a1@group-63586A159920-FollowerState: change to CANDIDATE, lastRpcTime:5137ms, electionTimeout:5137ms
2019-10-02 23:00:17,480 [Thread-1457] INFO  impl.RoleInfo (RoleInfo.java:shutdownFollowerState(121)) - b4957daf-4d4e-43ed-bd2b-8d3cba6836a1: shutdown FollowerState
2019-10-02 23:00:17,480 [Thread-1457] INFO  impl.RaftServerImpl (RaftServerImpl.java:setRole(170)) - b4957daf-4d4e-43ed-bd2b-8d3cba6836a1@group-63586A159920: changes role from  FOLLOWER to CANDIDATE at term 0 for changeToCandidate
2019-10-02 23:00:17,480 [Thread-1457] INFO  impl.RoleInfo (RoleInfo.java:updateAndGet(143)) - b4957daf-4d4e-43ed-bd2b-8d3cba6836a1: start LeaderElection
2019-10-02 23:00:17,503 [b4957daf-4d4e-43ed-bd2b-8d3cba6836a1@group-63586A159920-LeaderElection35] INFO  impl.LeaderElection (LeaderElection.java:askForVotes(178)) - b4957daf-4d4e-43ed-bd2b-8d3cba6836a1@group-63586A159920-LeaderElection35: begin an election at term 1 for -1: [b4957daf-4d4e-43ed-bd2b-8d3cba6836a1:192.168.164.235:34003], old=null
2019-10-02 23:00:17,503 [b4957daf-4d4e-43ed-bd2b-8d3cba6836a1@group-63586A159920-LeaderElection35] INFO  impl.RoleInfo (RoleInfo.java:shutdownLeaderElection(134)) - b4957daf-4d4e-43ed-bd2b-8d3cba6836a1: shutdown LeaderElection
2019-10-02 23:00:17,504 [b4957daf-4d4e-43ed-bd2b-8d3cba6836a1@group-63586A159920-LeaderElection35] INFO  impl.RaftServerImpl (RaftServerImpl.java:setRole(170)) - b4957daf-4d4e-43ed-bd2b-8d3cba6836a1@group-63586A159920: changes role from CANDIDATE to LEADER at term 1 for changeToLeader
2019-10-02 23:00:17,504 [b4957daf-4d4e-43ed-bd2b-8d3cba6836a1@group-63586A159920-LeaderElection35] INFO  impl.RaftServerImpl (ServerState.java:setLeader(255)) - b4957daf-4d4e-43ed-bd2b-8d3cba6836a1@group-63586A159920: change Leader from null to b4957daf-4d4e-43ed-bd2b-8d3cba6836a1 at term 1 for becomeLeader, leader elected after 5166ms
2019-10-02 23:00:17,504 [b4957daf-4d4e-43ed-bd2b-8d3cba6836a1@group-63586A159920-LeaderElection35] INFO  server.RaftServerConfigKeys (ConfUtils.java:logGet(43)) - raft.server.staging.catchup.gap = 1000 (default)
2019-10-02 23:00:17,504 [b4957daf-4d4e-43ed-bd2b-8d3cba6836a1@group-63586A159920-LeaderElection35] INFO  server.RaftServerConfigKeys (ConfUtils.java:logGet(43)) - raft.server.rpc.sleep.time = 25ms (default)
2019-10-02 23:00:17,504 [b4957daf-4d4e-43ed-bd2b-8d3cba6836a1@group-63586A159920-LeaderElection35] INFO  server.RaftServerConfigKeys (ConfUtils.java:logGet(43)) - raft.server.write.element-limit = 4096 (default)
2019-10-02 23:00:17,505 [b4957daf-4d4e-43ed-bd2b-8d3cba6836a1@group-63586A159920-LeaderElection35] INFO  server.RaftServerConfigKeys (ConfUtils.java:logGet(43)) - raft.server.watch.timeout = 10s (default)
2019-10-02 23:00:17,505 [b4957daf-4d4e-43ed-bd2b-8d3cba6836a1@group-63586A159920-LeaderElection35] INFO  server.RaftServerConfigKeys (ConfUtils.java:logGet(43)) - raft.server.watch.timeout.denomination = 1s (default)
2019-10-02 23:00:17,505 [b4957daf-4d4e-43ed-bd2b-8d3cba6836a1@group-63586A159920-LeaderElection35] INFO  server.RaftServerConfigKeys (ConfUtils.java:logGet(43)) - raft.server.watch.element-limit = 65536 (default)
2019-10-02 23:00:17,507 [b4957daf-4d4e-43ed-bd2b-8d3cba6836a1@group-63586A159920-LeaderElection35] INFO  impl.RoleInfo (RoleInfo.java:updateAndGet(143)) - b4957daf-4d4e-43ed-bd2b-8d3cba6836a1: start LeaderState
2019-10-02 23:00:17,507 [b4957daf-4d4e-43ed-bd2b-8d3cba6836a1@group-63586A159920-LeaderElection35] INFO  segmented.SegmentedRaftLogWorker (SegmentedRaftLogWorker.java:startLogSegment(385)) - b4957daf-4d4e-43ed-bd2b-8d3cba6836a1@group-63586A159920-SegmentedRaftLogWorker: Starting segment from index:0
2019-10-02 23:00:17,508 [b4957daf-4d4e-43ed-bd2b-8d3cba6836a1@group-63586A159920-LeaderElection35] INFO  impl.RaftServerImpl (ServerState.java:setRaftConf(356)) - b4957daf-4d4e-43ed-bd2b-8d3cba6836a1@group-63586A159920: set configuration 0: [b4957daf-4d4e-43ed-bd2b-8d3cba6836a1:192.168.164.235:34003], old=null at 0
2019-10-02 23:00:17,555 [b4957daf-4d4e-43ed-bd2b-8d3cba6836a1@group-63586A159920-SegmentedRaftLogWorker] INFO  segmented.SegmentedRaftLogWorker (SegmentedRaftLogWorker.java:execute(574)) - b4957daf-4d4e-43ed-bd2b-8d3cba6836a1@group-63586A159920-SegmentedRaftLogWorker: created new log segment /workdir/hadoop-ozone/integration-test/target/test-dir/MiniOzoneClusterImpl-d38320c1-1c9a-4451-99ce-f4a8da752828/datanode-3/data/ratis/74722a87-ae98-4844-b8a9-63586a159920/current/log_inprogress_0
2019-10-02 23:00:17,639 [Thread-1464] INFO  impl.FollowerState (FollowerState.java:run(108)) - f5810d5d-db46-479c-84da-b9165df43e58@group-49D8623CB90B-FollowerState: change to CANDIDATE, lastRpcTime:5176ms, electionTimeout:5176ms
2019-10-02 23:00:17,639 [Thread-1464] INFO  impl.RoleInfo (RoleInfo.java:shutdownFollowerState(121)) - f5810d5d-db46-479c-84da-b9165df43e58: shutdown FollowerState
2019-10-02 23:00:17,639 [Thread-1464] INFO  impl.RaftServerImpl (RaftServerImpl.java:setRole(170)) - f5810d5d-db46-479c-84da-b9165df43e58@group-49D8623CB90B: changes role from  FOLLOWER to CANDIDATE at term 0 for changeToCandidate
2019-10-02 23:00:17,639 [Thread-1464] INFO  impl.RoleInfo (RoleInfo.java:updateAndGet(143)) - f5810d5d-db46-479c-84da-b9165df43e58: start LeaderElection
2019-10-02 23:00:17,649 [Thread-1476] INFO  impl.FollowerState (FollowerState.java:run(108)) - 9e84c04d-3927-4a06-9123-302cdd615a26@group-AEB6F0721541-FollowerState: change to CANDIDATE, lastRpcTime:5008ms, electionTimeout:5007ms
2019-10-02 23:00:17,649 [Thread-1476] INFO  impl.RoleInfo (RoleInfo.java:shutdownFollowerState(121)) - 9e84c04d-3927-4a06-9123-302cdd615a26: shutdown FollowerState
2019-10-02 23:00:17,649 [Thread-1476] INFO  impl.RaftServerImpl (RaftServerImpl.java:setRole(170)) - 9e84c04d-3927-4a06-9123-302cdd615a26@group-AEB6F0721541: changes role from  FOLLOWER to CANDIDATE at term 0 for changeToCandidate
2019-10-02 23:00:17,649 [Thread-1476] INFO  impl.RoleInfo (RoleInfo.java:updateAndGet(143)) - 9e84c04d-3927-4a06-9123-302cdd615a26: start LeaderElection
2019-10-02 23:00:17,662 [f5810d5d-db46-479c-84da-b9165df43e58@group-49D8623CB90B-LeaderElection36] INFO  impl.LeaderElection (LeaderElection.java:askForVotes(178)) - f5810d5d-db46-479c-84da-b9165df43e58@group-49D8623CB90B-LeaderElection36: begin an election at term 1 for -1: [f5810d5d-db46-479c-84da-b9165df43e58:192.168.164.235:36675], old=null
2019-10-02 23:00:17,662 [9e84c04d-3927-4a06-9123-302cdd615a26@group-AEB6F0721541-LeaderElection37] INFO  impl.LeaderElection (LeaderElection.java:askForVotes(178)) - 9e84c04d-3927-4a06-9123-302cdd615a26@group-AEB6F0721541-LeaderElection37: begin an election at term 1 for -1: [9e84c04d-3927-4a06-9123-302cdd615a26:192.168.164.235:44000, f5810d5d-db46-479c-84da-b9165df43e58:192.168.164.235:36675, b4957daf-4d4e-43ed-bd2b-8d3cba6836a1:192.168.164.235:34003], old=null
2019-10-02 23:00:17,662 [f5810d5d-db46-479c-84da-b9165df43e58@group-49D8623CB90B-LeaderElection36] INFO  impl.RoleInfo (RoleInfo.java:shutdownLeaderElection(134)) - f5810d5d-db46-479c-84da-b9165df43e58: shutdown LeaderElection
2019-10-02 23:00:17,663 [f5810d5d-db46-479c-84da-b9165df43e58@group-49D8623CB90B-LeaderElection36] INFO  impl.RaftServerImpl (RaftServerImpl.java:setRole(170)) - f5810d5d-db46-479c-84da-b9165df43e58@group-49D8623CB90B: changes role from CANDIDATE to LEADER at term 1 for changeToLeader
2019-10-02 23:00:17,663 [f5810d5d-db46-479c-84da-b9165df43e58@group-49D8623CB90B-LeaderElection36] INFO  impl.RaftServerImpl (ServerState.java:setLeader(255)) - f5810d5d-db46-479c-84da-b9165df43e58@group-49D8623CB90B: change Leader from null to f5810d5d-db46-479c-84da-b9165df43e58 at term 1 for becomeLeader, leader elected after 5214ms
2019-10-02 23:00:17,663 [f5810d5d-db46-479c-84da-b9165df43e58@group-49D8623CB90B-LeaderElection36] INFO  server.RaftServerConfigKeys (ConfUtils.java:logGet(43)) - raft.server.staging.catchup.gap = 1000 (default)
2019-10-02 23:00:17,663 [f5810d5d-db46-479c-84da-b9165df43e58@group-49D8623CB90B-LeaderElection36] INFO  server.RaftServerConfigKeys (ConfUtils.java:logGet(43)) - raft.server.rpc.sleep.time = 25ms (default)
2019-10-02 23:00:17,663 [f5810d5d-db46-479c-84da-b9165df43e58@group-49D8623CB90B-LeaderElection36] INFO  server.RaftServerConfigKeys (ConfUtils.java:logGet(43)) - raft.server.write.element-limit = 4096 (default)
2019-10-02 23:00:17,663 [f5810d5d-db46-479c-84da-b9165df43e58@group-49D8623CB90B-LeaderElection36] INFO  server.RaftServerConfigKeys (ConfUtils.java:logGet(43)) - raft.server.watch.timeout = 10s (default)
2019-10-02 23:00:17,663 [f5810d5d-db46-479c-84da-b9165df43e58@group-49D8623CB90B-LeaderElection36] INFO  server.RaftServerConfigKeys (ConfUtils.java:logGet(43)) - raft.server.watch.timeout.denomination = 1s (default)
2019-10-02 23:00:17,664 [f5810d5d-db46-479c-84da-b9165df43e58@group-49D8623CB90B-LeaderElection36] INFO  server.RaftServerConfigKeys (ConfUtils.java:logGet(43)) - raft.server.watch.element-limit = 65536 (default)
2019-10-02 23:00:17,666 [f5810d5d-db46-479c-84da-b9165df43e58@group-49D8623CB90B-LeaderElection36] INFO  impl.RoleInfo (RoleInfo.java:updateAndGet(143)) - f5810d5d-db46-479c-84da-b9165df43e58: start LeaderState
2019-10-02 23:00:17,666 [f5810d5d-db46-479c-84da-b9165df43e58@group-49D8623CB90B-LeaderElection36] INFO  segmented.SegmentedRaftLogWorker (SegmentedRaftLogWorker.java:startLogSegment(385)) - f5810d5d-db46-479c-84da-b9165df43e58@group-49D8623CB90B-SegmentedRaftLogWorker: Starting segment from index:0
2019-10-02 23:00:17,667 [f5810d5d-db46-479c-84da-b9165df43e58@group-49D8623CB90B-LeaderElection36] INFO  impl.RaftServerImpl (ServerState.java:setRaftConf(356)) - f5810d5d-db46-479c-84da-b9165df43e58@group-49D8623CB90B: set configuration 0: [f5810d5d-db46-479c-84da-b9165df43e58:192.168.164.235:36675], old=null at 0
2019-10-02 23:00:17,705 [grpc-default-executor-3] INFO  impl.RaftServerImpl (RaftServerImpl.java:setRole(170)) - f5810d5d-db46-479c-84da-b9165df43e58@group-AEB6F0721541: changes role from  FOLLOWER to FOLLOWER at term 1 for recognizeCandidate:9e84c04d-3927-4a06-9123-302cdd615a26
2019-10-02 23:00:17,708 [grpc-default-executor-4] INFO  impl.RaftServerImpl (RaftServerImpl.java:setRole(170)) - b4957daf-4d4e-43ed-bd2b-8d3cba6836a1@group-AEB6F0721541: changes role from  FOLLOWER to FOLLOWER at term 1 for recognizeCandidate:9e84c04d-3927-4a06-9123-302cdd615a26
2019-10-02 23:00:17,708 [grpc-default-executor-3] INFO  impl.RoleInfo (RoleInfo.java:shutdownFollowerState(121)) - f5810d5d-db46-479c-84da-b9165df43e58: shutdown FollowerState
2019-10-02 23:00:17,709 [grpc-default-executor-4] INFO  impl.RoleInfo (RoleInfo.java:shutdownFollowerState(121)) - b4957daf-4d4e-43ed-bd2b-8d3cba6836a1: shutdown FollowerState
2019-10-02 23:00:17,709 [grpc-default-executor-3] INFO  impl.RoleInfo (RoleInfo.java:updateAndGet(143)) - f5810d5d-db46-479c-84da-b9165df43e58: start FollowerState
2019-10-02 23:00:17,709 [Thread-1472] INFO  impl.FollowerState (FollowerState.java:run(117)) - b4957daf-4d4e-43ed-bd2b-8d3cba6836a1@group-AEB6F0721541-FollowerState was interrupted: java.lang.InterruptedException: sleep interrupted
2019-10-02 23:00:17,709 [Thread-1474] INFO  impl.FollowerState (FollowerState.java:run(117)) - f5810d5d-db46-479c-84da-b9165df43e58@group-AEB6F0721541-FollowerState was interrupted: java.lang.InterruptedException: sleep interrupted
2019-10-02 23:00:17,709 [grpc-default-executor-4] INFO  impl.RoleInfo (RoleInfo.java:updateAndGet(143)) - b4957daf-4d4e-43ed-bd2b-8d3cba6836a1: start FollowerState
2019-10-02 23:00:17,719 [f5810d5d-db46-479c-84da-b9165df43e58@group-49D8623CB90B-SegmentedRaftLogWorker] INFO  segmented.SegmentedRaftLogWorker (SegmentedRaftLogWorker.java:execute(574)) - f5810d5d-db46-479c-84da-b9165df43e58@group-49D8623CB90B-SegmentedRaftLogWorker: created new log segment /workdir/hadoop-ozone/integration-test/target/test-dir/MiniOzoneClusterImpl-d38320c1-1c9a-4451-99ce-f4a8da752828/datanode-5/data/ratis/2597efbb-3ceb-40b3-9b85-49d8623cb90b/current/log_inprogress_0
2019-10-02 23:00:17,723 [9e84c04d-3927-4a06-9123-302cdd615a26@group-AEB6F0721541-LeaderElection37] INFO  impl.LeaderElection (LeaderElection.java:logAndReturn(56)) - 9e84c04d-3927-4a06-9123-302cdd615a26@group-AEB6F0721541-LeaderElection37: Election PASSED; received 1 response(s) [9e84c04d-3927-4a06-9123-302cdd615a26<-f5810d5d-db46-479c-84da-b9165df43e58#0:OK-t1] and 0 exception(s); 9e84c04d-3927-4a06-9123-302cdd615a26@group-AEB6F0721541:t1, leader=null, voted=9e84c04d-3927-4a06-9123-302cdd615a26, raftlog=9e84c04d-3927-4a06-9123-302cdd615a26@group-AEB6F0721541-SegmentedRaftLog:OPENED:c-1,f-1,i0, conf=-1: [9e84c04d-3927-4a06-9123-302cdd615a26:192.168.164.235:44000, f5810d5d-db46-479c-84da-b9165df43e58:192.168.164.235:36675, b4957daf-4d4e-43ed-bd2b-8d3cba6836a1:192.168.164.235:34003], old=null
2019-10-02 23:00:17,723 [9e84c04d-3927-4a06-9123-302cdd615a26@group-AEB6F0721541-LeaderElection37] INFO  impl.RoleInfo (RoleInfo.java:shutdownLeaderElection(134)) - 9e84c04d-3927-4a06-9123-302cdd615a26: shutdown LeaderElection
2019-10-02 23:00:17,723 [9e84c04d-3927-4a06-9123-302cdd615a26@group-AEB6F0721541-LeaderElection37] INFO  impl.RaftServerImpl (RaftServerImpl.java:setRole(170)) - 9e84c04d-3927-4a06-9123-302cdd615a26@group-AEB6F0721541: changes role from CANDIDATE to LEADER at term 1 for changeToLeader
2019-10-02 23:00:17,723 [9e84c04d-3927-4a06-9123-302cdd615a26@group-AEB6F0721541-LeaderElection37] INFO  impl.RaftServerImpl (ServerState.java:setLeader(255)) - 9e84c04d-3927-4a06-9123-302cdd615a26@group-AEB6F0721541: change Leader from null to 9e84c04d-3927-4a06-9123-302cdd615a26 at term 1 for becomeLeader, leader elected after 5105ms
2019-10-02 23:00:17,724 [9e84c04d-3927-4a06-9123-302cdd615a26@group-AEB6F0721541-LeaderElection37] INFO  server.RaftServerConfigKeys (ConfUtils.java:logGet(43)) - raft.server.staging.catchup.gap = 1000 (default)
2019-10-02 23:00:17,724 [9e84c04d-3927-4a06-9123-302cdd615a26@group-AEB6F0721541-LeaderElection37] INFO  server.RaftServerConfigKeys (ConfUtils.java:logGet(43)) - raft.server.rpc.sleep.time = 25ms (default)
2019-10-02 23:00:17,724 [9e84c04d-3927-4a06-9123-302cdd615a26@group-AEB6F0721541-LeaderElection37] INFO  server.RaftServerConfigKeys (ConfUtils.java:logGet(43)) - raft.server.write.element-limit = 4096 (default)
2019-10-02 23:00:17,724 [9e84c04d-3927-4a06-9123-302cdd615a26@group-AEB6F0721541-LeaderElection37] INFO  server.RaftServerConfigKeys (ConfUtils.java:logGet(43)) - raft.server.watch.timeout = 10s (default)
2019-10-02 23:00:17,724 [9e84c04d-3927-4a06-9123-302cdd615a26@group-AEB6F0721541-LeaderElection37] INFO  server.RaftServerConfigKeys (ConfUtils.java:logGet(43)) - raft.server.watch.timeout.denomination = 1s (default)
2019-10-02 23:00:17,724 [9e84c04d-3927-4a06-9123-302cdd615a26@group-AEB6F0721541-LeaderElection37] INFO  server.RaftServerConfigKeys (ConfUtils.java:logGet(43)) - raft.server.watch.element-limit = 65536 (default)
2019-10-02 23:00:17,726 [9e84c04d-3927-4a06-9123-302cdd615a26@group-AEB6F0721541-LeaderElection37] INFO  server.RaftServerConfigKeys (ConfUtils.java:logGet(43)) - raft.server.log.appender.snapshot.chunk.size.max = 16MB (=16777216) (default)
2019-10-02 23:00:17,726 [9e84c04d-3927-4a06-9123-302cdd615a26@group-AEB6F0721541-LeaderElection37] INFO  server.RaftServerConfigKeys (ConfUtils.java:logGet(43)) - raft.server.log.appender.buffer.byte-limit = 33554432 (custom)
2019-10-02 23:00:17,726 [9e84c04d-3927-4a06-9123-302cdd615a26@group-AEB6F0721541-LeaderElection37] INFO  server.RaftServerConfigKeys (ConfUtils.java:logGet(43)) - raft.server.log.appender.buffer.element-limit = 1 (custom)
2019-10-02 23:00:17,727 [9e84c04d-3927-4a06-9123-302cdd615a26@group-AEB6F0721541-LeaderElection37] INFO  grpc.GrpcConfigKeys$Server (ConfUtils.java:logGet(43)) - raft.grpc.server.leader.outstanding.appends.max = 128 (default)
2019-10-02 23:00:17,727 [9e84c04d-3927-4a06-9123-302cdd615a26@group-AEB6F0721541-LeaderElection37] INFO  server.RaftServerConfigKeys (ConfUtils.java:logGet(43)) - raft.server.rpc.request.timeout = 3000ms (default)
2019-10-02 23:00:17,727 [9e84c04d-3927-4a06-9123-302cdd615a26@group-AEB6F0721541-LeaderElection37] INFO  server.RaftServerConfigKeys (ConfUtils.java:logGet(43)) - raft.server.log.appender.install.snapshot.enabled = false (custom)
2019-10-02 23:00:17,727 [9e84c04d-3927-4a06-9123-302cdd615a26@group-AEB6F0721541-LeaderElection37] INFO  server.RaftServerConfigKeys (ConfUtils.java:logGet(43)) - raft.server.log.appender.snapshot.chunk.size.max = 16MB (=16777216) (default)
2019-10-02 23:00:17,727 [9e84c04d-3927-4a06-9123-302cdd615a26@group-AEB6F0721541-LeaderElection37] INFO  server.RaftServerConfigKeys (ConfUtils.java:logGet(43)) - raft.server.log.appender.buffer.byte-limit = 33554432 (custom)
2019-10-02 23:00:17,727 [9e84c04d-3927-4a06-9123-302cdd615a26@group-AEB6F0721541-LeaderElection37] INFO  server.RaftServerConfigKeys (ConfUtils.java:logGet(43)) - raft.server.log.appender.buffer.element-limit = 1 (custom)
2019-10-02 23:00:17,728 [9e84c04d-3927-4a06-9123-302cdd615a26@group-AEB6F0721541-LeaderElection37] INFO  grpc.GrpcConfigKeys$Server (ConfUtils.java:logGet(43)) - raft.grpc.server.leader.outstanding.appends.max = 128 (default)
2019-10-02 23:00:17,728 [9e84c04d-3927-4a06-9123-302cdd615a26@group-AEB6F0721541-LeaderElection37] INFO  server.RaftServerConfigKeys (ConfUtils.java:logGet(43)) - raft.server.rpc.request.timeout = 3000ms (default)
2019-10-02 23:00:17,728 [9e84c04d-3927-4a06-9123-302cdd615a26@group-AEB6F0721541-LeaderElection37] INFO  server.RaftServerConfigKeys (ConfUtils.java:logGet(43)) - raft.server.log.appender.install.snapshot.enabled = false (custom)
2019-10-02 23:00:17,728 [9e84c04d-3927-4a06-9123-302cdd615a26@group-AEB6F0721541-LeaderElection37] INFO  impl.RoleInfo (RoleInfo.java:updateAndGet(143)) - 9e84c04d-3927-4a06-9123-302cdd615a26: start LeaderState
2019-10-02 23:00:17,728 [9e84c04d-3927-4a06-9123-302cdd615a26@group-AEB6F0721541-LeaderElection37] INFO  segmented.SegmentedRaftLogWorker (SegmentedRaftLogWorker.java:startLogSegment(385)) - 9e84c04d-3927-4a06-9123-302cdd615a26@group-AEB6F0721541-SegmentedRaftLogWorker: Starting segment from index:0
2019-10-02 23:00:17,729 [9e84c04d-3927-4a06-9123-302cdd615a26@group-AEB6F0721541-LeaderElection37] INFO  impl.RaftServerImpl (ServerState.java:setRaftConf(356)) - 9e84c04d-3927-4a06-9123-302cdd615a26@group-AEB6F0721541: set configuration 0: [9e84c04d-3927-4a06-9123-302cdd615a26:192.168.164.235:44000, f5810d5d-db46-479c-84da-b9165df43e58:192.168.164.235:36675, b4957daf-4d4e-43ed-bd2b-8d3cba6836a1:192.168.164.235:34003], old=null at 0
2019-10-02 23:00:17,730 [grpc-default-executor-3] INFO  impl.RaftServerImpl (ServerState.java:setLeader(255)) - f5810d5d-db46-479c-84da-b9165df43e58@group-AEB6F0721541: change Leader from null to 9e84c04d-3927-4a06-9123-302cdd615a26 at term 1 for appendEntries, leader elected after 5112ms
2019-10-02 23:00:17,767 [Thread-1468] INFO  impl.FollowerState (FollowerState.java:run(108)) - 9e84c04d-3927-4a06-9123-302cdd615a26@group-963361F96201-FollowerState: change to CANDIDATE, lastRpcTime:5213ms, electionTimeout:5194ms
2019-10-02 23:00:17,767 [grpc-default-executor-4] INFO  impl.RaftServerImpl (ServerState.java:setLeader(255)) - b4957daf-4d4e-43ed-bd2b-8d3cba6836a1@group-AEB6F0721541: change Leader from null to 9e84c04d-3927-4a06-9123-302cdd615a26 at term 1 for appendEntries, leader elected after 5112ms
2019-10-02 23:00:17,767 [Thread-1468] INFO  impl.RoleInfo (RoleInfo.java:shutdownFollowerState(121)) - 9e84c04d-3927-4a06-9123-302cdd615a26: shutdown FollowerState
2019-10-02 23:00:17,771 [Thread-1468] INFO  impl.RaftServerImpl (RaftServerImpl.java:setRole(170)) - 9e84c04d-3927-4a06-9123-302cdd615a26@group-963361F96201: changes role from  FOLLOWER to CANDIDATE at term 0 for changeToCandidate
2019-10-02 23:00:17,771 [Thread-1468] INFO  impl.RoleInfo (RoleInfo.java:updateAndGet(143)) - 9e84c04d-3927-4a06-9123-302cdd615a26: start LeaderElection
2019-10-02 23:00:17,781 [9e84c04d-3927-4a06-9123-302cdd615a26@group-AEB6F0721541-SegmentedRaftLogWorker] INFO  segmented.SegmentedRaftLogWorker (SegmentedRaftLogWorker.java:execute(574)) - 9e84c04d-3927-4a06-9123-302cdd615a26@group-AEB6F0721541-SegmentedRaftLogWorker: created new log segment /workdir/hadoop-ozone/integration-test/target/test-dir/MiniOzoneClusterImpl-d38320c1-1c9a-4451-99ce-f4a8da752828/datanode-6/data/ratis/471cb644-9616-4805-96c4-aeb6f0721541/current/log_inprogress_0
2019-10-02 23:00:17,781 [grpc-default-executor-3] INFO  impl.RaftServerImpl (ServerState.java:setRaftConf(356)) - f5810d5d-db46-479c-84da-b9165df43e58@group-AEB6F0721541: set configuration 0: [9e84c04d-3927-4a06-9123-302cdd615a26:192.168.164.235:44000, f5810d5d-db46-479c-84da-b9165df43e58:192.168.164.235:36675, b4957daf-4d4e-43ed-bd2b-8d3cba6836a1:192.168.164.235:34003], old=null at 0
2019-10-02 23:00:17,781 [grpc-default-executor-3] INFO  segmented.SegmentedRaftLogWorker (SegmentedRaftLogWorker.java:startLogSegment(385)) - f5810d5d-db46-479c-84da-b9165df43e58@group-AEB6F0721541-SegmentedRaftLogWorker: Starting segment from index:0
2019-10-02 23:00:17,782 [grpc-default-executor-4] INFO  impl.RaftServerImpl (ServerState.java:setRaftConf(356)) - b4957daf-4d4e-43ed-bd2b-8d3cba6836a1@group-AEB6F0721541: set configuration 0: [9e84c04d-3927-4a06-9123-302cdd615a26:192.168.164.235:44000, f5810d5d-db46-479c-84da-b9165df43e58:192.168.164.235:36675, b4957daf-4d4e-43ed-bd2b-8d3cba6836a1:192.168.164.235:34003], old=null at 0
2019-10-02 23:00:17,782 [grpc-default-executor-4] INFO  segmented.SegmentedRaftLogWorker (SegmentedRaftLogWorker.java:startLogSegment(385)) - b4957daf-4d4e-43ed-bd2b-8d3cba6836a1@group-AEB6F0721541-SegmentedRaftLogWorker: Starting segment from index:0
2019-10-02 23:00:17,795 [9e84c04d-3927-4a06-9123-302cdd615a26@group-963361F96201-LeaderElection38] INFO  impl.LeaderElection (LeaderElection.java:askForVotes(178)) - 9e84c04d-3927-4a06-9123-302cdd615a26@group-963361F96201-LeaderElection38: begin an election at term 1 for -1: [9e84c04d-3927-4a06-9123-302cdd615a26:192.168.164.235:44000], old=null
2019-10-02 23:00:17,795 [9e84c04d-3927-4a06-9123-302cdd615a26@group-963361F96201-LeaderElection38] INFO  impl.RoleInfo (RoleInfo.java:shutdownLeaderElection(134)) - 9e84c04d-3927-4a06-9123-302cdd615a26: shutdown LeaderElection
2019-10-02 23:00:17,795 [9e84c04d-3927-4a06-9123-302cdd615a26@group-963361F96201-LeaderElection38] INFO  impl.RaftServerImpl (RaftServerImpl.java:setRole(170)) - 9e84c04d-3927-4a06-9123-302cdd615a26@group-963361F96201: changes role from CANDIDATE to LEADER at term 1 for changeToLeader
2019-10-02 23:00:17,795 [9e84c04d-3927-4a06-9123-302cdd615a26@group-963361F96201-LeaderElection38] INFO  impl.RaftServerImpl (ServerState.java:setLeader(255)) - 9e84c04d-3927-4a06-9123-302cdd615a26@group-963361F96201: change Leader from null to 9e84c04d-3927-4a06-9123-302cdd615a26 at term 1 for becomeLeader, leader elected after 5248ms
2019-10-02 23:00:17,795 [9e84c04d-3927-4a06-9123-302cdd615a26@group-963361F96201-LeaderElection38] INFO  server.RaftServerConfigKeys (ConfUtils.java:logGet(43)) - raft.server.staging.catchup.gap = 1000 (default)
2019-10-02 23:00:17,796 [9e84c04d-3927-4a06-9123-302cdd615a26@group-963361F96201-LeaderElection38] INFO  server.RaftServerConfigKeys (ConfUtils.java:logGet(43)) - raft.server.rpc.sleep.time = 25ms (default)
2019-10-02 23:00:17,796 [9e84c04d-3927-4a06-9123-302cdd615a26@group-963361F96201-LeaderElection38] INFO  server.RaftServerConfigKeys (ConfUtils.java:logGet(43)) - raft.server.write.element-limit = 4096 (default)
2019-10-02 23:00:17,796 [9e84c04d-3927-4a06-9123-302cdd615a26@group-963361F96201-LeaderElection38] INFO  server.RaftServerConfigKeys (ConfUtils.java:logGet(43)) - raft.server.watch.timeout = 10s (default)
2019-10-02 23:00:17,796 [9e84c04d-3927-4a06-9123-302cdd615a26@group-963361F96201-LeaderElection38] INFO  server.RaftServerConfigKeys (ConfUtils.java:logGet(43)) - raft.server.watch.timeout.denomination = 1s (default)
2019-10-02 23:00:17,796 [9e84c04d-3927-4a06-9123-302cdd615a26@group-963361F96201-LeaderElection38] INFO  server.RaftServerConfigKeys (ConfUtils.java:logGet(43)) - raft.server.watch.element-limit = 65536 (default)
2019-10-02 23:00:17,799 [9e84c04d-3927-4a06-9123-302cdd615a26@group-963361F96201-LeaderElection38] INFO  impl.RoleInfo (RoleInfo.java:updateAndGet(143)) - 9e84c04d-3927-4a06-9123-302cdd615a26: start LeaderState
2019-10-02 23:00:17,799 [9e84c04d-3927-4a06-9123-302cdd615a26@group-963361F96201-LeaderElection38] INFO  segmented.SegmentedRaftLogWorker (SegmentedRaftLogWorker.java:startLogSegment(385)) - 9e84c04d-3927-4a06-9123-302cdd615a26@group-963361F96201-SegmentedRaftLogWorker: Starting segment from index:0
2019-10-02 23:00:17,800 [9e84c04d-3927-4a06-9123-302cdd615a26@group-963361F96201-LeaderElection38] INFO  impl.RaftServerImpl (ServerState.java:setRaftConf(356)) - 9e84c04d-3927-4a06-9123-302cdd615a26@group-963361F96201: set configuration 0: [9e84c04d-3927-4a06-9123-302cdd615a26:192.168.164.235:44000], old=null at 0
2019-10-02 23:00:17,860 [9e84c04d-3927-4a06-9123-302cdd615a26@group-963361F96201-SegmentedRaftLogWorker] INFO  segmented.SegmentedRaftLogWorker (SegmentedRaftLogWorker.java:execute(574)) - 9e84c04d-3927-4a06-9123-302cdd615a26@group-963361F96201-SegmentedRaftLogWorker: created new log segment /workdir/hadoop-ozone/integration-test/target/test-dir/MiniOzoneClusterImpl-d38320c1-1c9a-4451-99ce-f4a8da752828/datanode-6/data/ratis/3aecb1bb-09b4-47ae-a46b-963361f96201/current/log_inprogress_0
2019-10-02 23:00:17,860 [b4957daf-4d4e-43ed-bd2b-8d3cba6836a1@group-AEB6F0721541-SegmentedRaftLogWorker] INFO  segmented.SegmentedRaftLogWorker (SegmentedRaftLogWorker.java:execute(574)) - b4957daf-4d4e-43ed-bd2b-8d3cba6836a1@group-AEB6F0721541-SegmentedRaftLogWorker: created new log segment /workdir/hadoop-ozone/integration-test/target/test-dir/MiniOzoneClusterImpl-d38320c1-1c9a-4451-99ce-f4a8da752828/datanode-3/data/ratis/471cb644-9616-4805-96c4-aeb6f0721541/current/log_inprogress_0
2019-10-02 23:00:17,860 [f5810d5d-db46-479c-84da-b9165df43e58@group-AEB6F0721541-SegmentedRaftLogWorker] INFO  segmented.SegmentedRaftLogWorker (SegmentedRaftLogWorker.java:execute(574)) - f5810d5d-db46-479c-84da-b9165df43e58@group-AEB6F0721541-SegmentedRaftLogWorker: created new log segment /workdir/hadoop-ozone/integration-test/target/test-dir/MiniOzoneClusterImpl-d38320c1-1c9a-4451-99ce-f4a8da752828/datanode-5/data/ratis/471cb644-9616-4805-96c4-aeb6f0721541/current/log_inprogress_0
2019-10-02 23:00:17,971 [Datanode State Machine Thread - 0] INFO  statemachine.DatanodeStateMachine (DatanodeStateMachine.java:lambda$startDaemon$0(350)) - Ozone container server started.
2019-10-02 23:00:22,954 [main] INFO  ozoneimpl.OzoneContainer (OzoneContainer.java:stop(231)) - Attempting to stop container services.
2019-10-02 23:00:22,956 [main] INFO  impl.RaftServerProxy (RaftServerProxy.java:lambda$close$4(314)) - 001004e8-1446-4815-8af8-275eb2e7f1ab: close
2019-10-02 23:00:22,957 [main] INFO  impl.RaftServerImpl (RaftServerImpl.java:lambda$shutdown$3(247)) - 001004e8-1446-4815-8af8-275eb2e7f1ab@group-46A3ED0F2391: shutdown
2019-10-02 23:00:22,957 [ForkJoinPool.commonPool-worker-0] INFO  impl.RaftServerImpl (RaftServerImpl.java:lambda$shutdown$3(247)) - 001004e8-1446-4815-8af8-275eb2e7f1ab@group-EE290A8ECC44: shutdown
2019-10-02 23:00:22,957 [main] INFO  util.JmxRegister (JmxRegister.java:unregister(73)) - Successfully un-registered JMX Bean with object name Ratis:service=RaftServer,group=group-46A3ED0F2391,id=001004e8-1446-4815-8af8-275eb2e7f1ab
2019-10-02 23:00:22,958 [ForkJoinPool.commonPool-worker-0] INFO  util.JmxRegister (JmxRegister.java:unregister(73)) - Successfully un-registered JMX Bean with object name Ratis:service=RaftServer,group=group-EE290A8ECC44,id=001004e8-1446-4815-8af8-275eb2e7f1ab
2019-10-02 23:00:22,958 [main] INFO  impl.RoleInfo (RoleInfo.java:shutdownFollowerState(121)) - 001004e8-1446-4815-8af8-275eb2e7f1ab: shutdown FollowerState
2019-10-02 23:00:22,958 [ForkJoinPool.commonPool-worker-0] INFO  impl.RoleInfo (RoleInfo.java:shutdownLeaderState(104)) - 001004e8-1446-4815-8af8-275eb2e7f1ab: shutdown LeaderState
2019-10-02 23:00:22,959 [main] INFO  impl.StateMachineUpdater (StateMachineUpdater.java:stopAndJoin(136)) - 001004e8-1446-4815-8af8-275eb2e7f1ab@group-46A3ED0F2391-StateMachineUpdater: set stopIndex = 2
2019-10-02 23:00:22,959 [ForkJoinPool.commonPool-worker-0] INFO  impl.PendingRequests (PendingRequests.java:sendNotLeaderResponses(202)) - 001004e8-1446-4815-8af8-275eb2e7f1ab@group-EE290A8ECC44-PendingRequests: sendNotLeaderResponses
2019-10-02 23:00:22,959 [001004e8-1446-4815-8af8-275eb2e7f1ab@group-46A3ED0F2391-StateMachineUpdater] INFO  ratis.ContainerStateMachine (ContainerStateMachine.java:takeSnapshot(289)) - group-46A3ED0F2391: Taking a snapshot at:(t:1, i:1) file /workdir/hadoop-ozone/integration-test/target/test-dir/MiniOzoneClusterImpl-d38320c1-1c9a-4451-99ce-f4a8da752828/datanode-2/data/ratis/b1a99dc4-a96c-4013-a8a8-46a3ed0f2391/sm/snapshot.1_1
2019-10-02 23:00:22,959 [Thread-1497] INFO  impl.FollowerState (FollowerState.java:run(117)) - 001004e8-1446-4815-8af8-275eb2e7f1ab@group-46A3ED0F2391-FollowerState was interrupted: java.lang.InterruptedException: sleep interrupted
2019-10-02 23:00:22,964 [ForkJoinPool.commonPool-worker-0] INFO  impl.StateMachineUpdater (StateMachineUpdater.java:stopAndJoin(136)) - 001004e8-1446-4815-8af8-275eb2e7f1ab@group-EE290A8ECC44-StateMachineUpdater: set stopIndex = 0
2019-10-02 23:00:22,964 [ForkJoinPool.commonPool-worker-0] INFO  impl.RaftServerImpl (ServerState.java:close(387)) - 001004e8-1446-4815-8af8-275eb2e7f1ab@group-EE290A8ECC44: closes. applyIndex: 0
2019-10-02 23:00:22,965 [001004e8-1446-4815-8af8-275eb2e7f1ab@group-EE290A8ECC44-SegmentedRaftLogWorker] INFO  segmented.SegmentedRaftLogWorker (SegmentedRaftLogWorker.java:run(316)) - 001004e8-1446-4815-8af8-275eb2e7f1ab@group-EE290A8ECC44-SegmentedRaftLogWorker was interrupted, exiting. There are 0 tasks remaining in the queue.
2019-10-02 23:00:22,976 [ForkJoinPool.commonPool-worker-0] INFO  segmented.SegmentedRaftLogWorker (SegmentedRaftLogWorker.java:close(224)) - 001004e8-1446-4815-8af8-275eb2e7f1ab@group-EE290A8ECC44-SegmentedRaftLogWorker close()
2019-10-02 23:00:22,982 [001004e8-1446-4815-8af8-275eb2e7f1ab@group-46A3ED0F2391-StateMachineUpdater] INFO  ratis.ContainerStateMachine (ContainerStateMachine.java:takeSnapshot(300)) - group-46A3ED0F2391: Finished taking a snapshot at:(t:1, i:1) file:/workdir/hadoop-ozone/integration-test/target/test-dir/MiniOzoneClusterImpl-d38320c1-1c9a-4451-99ce-f4a8da752828/datanode-2/data/ratis/b1a99dc4-a96c-4013-a8a8-46a3ed0f2391/sm/snapshot.1_1 time:20
2019-10-02 23:00:22,982 [001004e8-1446-4815-8af8-275eb2e7f1ab@group-46A3ED0F2391-StateMachineUpdater] INFO  impl.StateMachineUpdater (StateMachineUpdater.java:takeSnapshot(269)) - 001004e8-1446-4815-8af8-275eb2e7f1ab@group-46A3ED0F2391-StateMachineUpdater: Took a snapshot at index 1
2019-10-02 23:00:22,982 [001004e8-1446-4815-8af8-275eb2e7f1ab@group-46A3ED0F2391-StateMachineUpdater] INFO  impl.StateMachineUpdater (StateMachineUpdater.java:lambda$new$0(84)) - 001004e8-1446-4815-8af8-275eb2e7f1ab@group-46A3ED0F2391-StateMachineUpdater: snapshotIndex: updateIncreasingly -1 -> 1
2019-10-02 23:00:22,983 [001004e8-1446-4815-8af8-275eb2e7f1ab@group-46A3ED0F2391-StateMachineUpdater] INFO  ratis.ContainerStateMachine (ContainerStateMachine.java:takeSnapshot(289)) - group-46A3ED0F2391: Taking a snapshot at:(t:1, i:1) file /workdir/hadoop-ozone/integration-test/target/test-dir/MiniOzoneClusterImpl-d38320c1-1c9a-4451-99ce-f4a8da752828/datanode-2/data/ratis/b1a99dc4-a96c-4013-a8a8-46a3ed0f2391/sm/snapshot.1_1
2019-10-02 23:00:22,996 [001004e8-1446-4815-8af8-275eb2e7f1ab@group-46A3ED0F2391-StateMachineUpdater] INFO  ratis.ContainerStateMachine (ContainerStateMachine.java:takeSnapshot(300)) - group-46A3ED0F2391: Finished taking a snapshot at:(t:1, i:1) file:/workdir/hadoop-ozone/integration-test/target/test-dir/MiniOzoneClusterImpl-d38320c1-1c9a-4451-99ce-f4a8da752828/datanode-2/data/ratis/b1a99dc4-a96c-4013-a8a8-46a3ed0f2391/sm/snapshot.1_1 time:13
2019-10-02 23:00:22,996 [001004e8-1446-4815-8af8-275eb2e7f1ab@group-46A3ED0F2391-StateMachineUpdater] INFO  impl.StateMachineUpdater (StateMachineUpdater.java:takeSnapshot(269)) - 001004e8-1446-4815-8af8-275eb2e7f1ab@group-46A3ED0F2391-StateMachineUpdater: Took a snapshot at index 1
2019-10-02 23:00:22,997 [001004e8-1446-4815-8af8-275eb2e7f1ab@group-46A3ED0F2391-StateMachineUpdater] INFO  impl.StateMachineUpdater (StateMachineUpdater.java:lambda$new$0(84)) - 001004e8-1446-4815-8af8-275eb2e7f1ab@group-46A3ED0F2391-StateMachineUpdater: snapshotIndex: updateIncreasingly 1 -> 1
2019-10-02 23:00:22,997 [main] INFO  impl.RaftServerImpl (ServerState.java:close(387)) - 001004e8-1446-4815-8af8-275eb2e7f1ab@group-46A3ED0F2391: closes. applyIndex: 2
2019-10-02 23:00:22,998 [001004e8-1446-4815-8af8-275eb2e7f1ab@group-46A3ED0F2391-SegmentedRaftLogWorker] INFO  segmented.SegmentedRaftLogWorker (SegmentedRaftLogWorker.java:run(316)) - 001004e8-1446-4815-8af8-275eb2e7f1ab@group-46A3ED0F2391-SegmentedRaftLogWorker was interrupted, exiting. There are 0 tasks remaining in the queue.
2019-10-02 23:00:23,001 [main] INFO  segmented.SegmentedRaftLogWorker (SegmentedRaftLogWorker.java:close(224)) - 001004e8-1446-4815-8af8-275eb2e7f1ab@group-46A3ED0F2391-SegmentedRaftLogWorker close()
2019-10-02 23:00:23,006 [main] INFO  server.GrpcService (GrpcService.java:closeImpl(164)) - 001004e8-1446-4815-8af8-275eb2e7f1ab: shutdown server with port 45559 now
2019-10-02 23:00:23,008 [grpc-default-executor-3] WARN  server.GrpcServerProtocolService (LogUtils.java:warn(134)) - 001004e8-1446-4815-8af8-275eb2e7f1ab: installSnapshot onError, lastRequest: fcba0785-f97d-467b-bf4a-b8770d23999e->001004e8-1446-4815-8af8-275eb2e7f1ab#5-t1, previous=(t:1, i:2), leaderCommit=2, initializing? false, entries: <empty>: org.apache.ratis.thirdparty.io.grpc.StatusRuntimeException: CANCELLED: cancelled before receiving half close
2019-10-02 23:00:23,011 [main] INFO  server.GrpcService (GrpcService.java:closeImpl(172)) - 001004e8-1446-4815-8af8-275eb2e7f1ab: shutdown server with port 45559 successfully
2019-10-02 23:00:23,011 [grpc-default-executor-1] WARN  server.GrpcLogAppender (LogUtils.java:warn(134)) - fcba0785-f97d-467b-bf4a-b8770d23999e@group-46A3ED0F2391->001004e8-1446-4815-8af8-275eb2e7f1ab-AppendLogResponseHandler: Failed appendEntries: org.apache.ratis.thirdparty.io.grpc.StatusRuntimeException: CANCELLED: HTTP/2 error code: CANCEL
Received Rst Stream
2019-10-02 23:00:23,012 [grpc-default-executor-1] INFO  impl.FollowerInfo (FollowerInfo.java:lambda$new$0(51)) - fcba0785-f97d-467b-bf4a-b8770d23999e@group-46A3ED0F2391->001004e8-1446-4815-8af8-275eb2e7f1ab: nextIndex: updateUnconditionally 3 -> 2
2019-10-02 23:00:23,016 [refreshUsed-/workdir/hadoop-ozone/integration-test/target/test-dir/MiniOzoneClusterImpl-d38320c1-1c9a-4451-99ce-f4a8da752828/datanode-2/data/containers] WARN  fs.CachingGetSpaceUsed (CachingGetSpaceUsed.java:run(183)) - Thread Interrupted waiting to refresh disk information: sleep interrupted
2019-10-02 23:00:23,026 [main] INFO  utils.BackgroundService (BackgroundService.java:shutdown(148)) - Shutting down service BlockDeletingService
2019-10-02 23:00:23,032 [main] INFO  statemachine.DatanodeStateMachine (DatanodeStateMachine.java:stopDaemon(395)) - Ozone container server stopped.
2019-10-02 23:00:23,033 [main] INFO  handler.ContextHandler (ContextHandler.java:doStop(910)) - Stopped o.e.j.w.WebAppContext@39dec536{/,null,UNAVAILABLE}{/hddsDatanode}
2019-10-02 23:00:23,034 [main] INFO  server.AbstractConnector (AbstractConnector.java:doStop(318)) - Stopped ServerConnector@4a1a256d{HTTP/1.1,[http/1.1]}{0.0.0.0:0}
2019-10-02 23:00:23,034 [main] INFO  handler.ContextHandler (ContextHandler.java:doStop(910)) - Stopped o.e.j.s.ServletContextHandler@e700eba{/static,jar:file:/home/user/.m2/repository/org/apache/hadoop/hadoop-hdds-container-service/0.5.0-SNAPSHOT/hadoop-hdds-container-service-0.5.0-SNAPSHOT.jar!/webapps/static,UNAVAILABLE}
2019-10-02 23:00:23,035 [main] INFO  handler.ContextHandler (ContextHandler.java:doStop(910)) - Stopped o.e.j.s.ServletContextHandler@5b202ff{/logs,file:///workdir/hadoop-ozone/integration-test/target/log,UNAVAILABLE}
2019-10-02 23:00:23,972 [Datanode State Machine Thread - 0] INFO  statemachine.DatanodeStateMachine (DatanodeStateMachine.java:lambda$startDaemon$0(350)) - Ozone container server started.
2019-10-02 23:00:25,393 [grpc-default-executor-1] WARN  server.GrpcLogAppender (LogUtils.java:warn(134)) - fcba0785-f97d-467b-bf4a-b8770d23999e@group-46A3ED0F2391->001004e8-1446-4815-8af8-275eb2e7f1ab-AppendLogResponseHandler: Failed appendEntries: org.apache.ratis.thirdparty.io.grpc.StatusRuntimeException: UNAVAILABLE: io exception
2019-10-02 23:00:25,393 [grpc-default-executor-1] INFO  impl.FollowerInfo (FollowerInfo.java:lambda$new$0(51)) - fcba0785-f97d-467b-bf4a-b8770d23999e@group-46A3ED0F2391->001004e8-1446-4815-8af8-275eb2e7f1ab: nextIndex: updateUnconditionally 2 -> 1
2019-10-02 23:00:27,896 [grpc-default-executor-3] WARN  server.GrpcLogAppender (LogUtils.java:warn(134)) - fcba0785-f97d-467b-bf4a-b8770d23999e@group-46A3ED0F2391->001004e8-1446-4815-8af8-275eb2e7f1ab-AppendLogResponseHandler: Failed appendEntries: org.apache.ratis.thirdparty.io.grpc.StatusRuntimeException: UNAVAILABLE: io exception
2019-10-02 23:00:27,897 [grpc-default-executor-3] INFO  impl.FollowerInfo (FollowerInfo.java:lambda$new$0(51)) - fcba0785-f97d-467b-bf4a-b8770d23999e@group-46A3ED0F2391->001004e8-1446-4815-8af8-275eb2e7f1ab: nextIndex: updateUnconditionally 1 -> 0
2019-10-02 23:00:28,038 [main] INFO  ozoneimpl.OzoneContainer (OzoneContainer.java:stop(231)) - Attempting to stop container services.
2019-10-02 23:00:28,039 [main] INFO  impl.RaftServerProxy (RaftServerProxy.java:lambda$close$4(314)) - 5a74c2cb-7fbd-45a4-bebb-7c3e07876900: close
2019-10-02 23:00:28,040 [main] INFO  impl.RaftServerImpl (RaftServerImpl.java:lambda$shutdown$3(247)) - 5a74c2cb-7fbd-45a4-bebb-7c3e07876900@group-99AA1FE6B5CA: shutdown
2019-10-02 23:00:28,041 [main] INFO  util.JmxRegister (JmxRegister.java:unregister(73)) - Successfully un-registered JMX Bean with object name Ratis:service=RaftServer,group=group-99AA1FE6B5CA,id=5a74c2cb-7fbd-45a4-bebb-7c3e07876900
2019-10-02 23:00:28,041 [main] INFO  impl.RoleInfo (RoleInfo.java:shutdownLeaderState(104)) - 5a74c2cb-7fbd-45a4-bebb-7c3e07876900: shutdown LeaderState
2019-10-02 23:00:28,041 [main] INFO  impl.PendingRequests (PendingRequests.java:sendNotLeaderResponses(202)) - 5a74c2cb-7fbd-45a4-bebb-7c3e07876900@group-99AA1FE6B5CA-PendingRequests: sendNotLeaderResponses
2019-10-02 23:00:28,042 [main] INFO  impl.StateMachineUpdater (StateMachineUpdater.java:stopAndJoin(136)) - 5a74c2cb-7fbd-45a4-bebb-7c3e07876900@group-99AA1FE6B5CA-StateMachineUpdater: set stopIndex = 0
2019-10-02 23:00:28,042 [main] INFO  impl.RaftServerImpl (ServerState.java:close(387)) - 5a74c2cb-7fbd-45a4-bebb-7c3e07876900@group-99AA1FE6B5CA: closes. applyIndex: 0
2019-10-02 23:00:28,043 [5a74c2cb-7fbd-45a4-bebb-7c3e07876900@group-99AA1FE6B5CA-SegmentedRaftLogWorker] INFO  segmented.SegmentedRaftLogWorker (SegmentedRaftLogWorker.java:run(316)) - 5a74c2cb-7fbd-45a4-bebb-7c3e07876900@group-99AA1FE6B5CA-SegmentedRaftLogWorker was interrupted, exiting. There are 0 tasks remaining in the queue.
2019-10-02 23:00:28,046 [main] INFO  segmented.SegmentedRaftLogWorker (SegmentedRaftLogWorker.java:close(224)) - 5a74c2cb-7fbd-45a4-bebb-7c3e07876900@group-99AA1FE6B5CA-SegmentedRaftLogWorker close()
2019-10-02 23:00:28,049 [main] INFO  impl.RaftServerImpl (RaftServerImpl.java:lambda$shutdown$3(247)) - 5a74c2cb-7fbd-45a4-bebb-7c3e07876900@group-46A3ED0F2391: shutdown
2019-10-02 23:00:28,049 [main] INFO  util.JmxRegister (JmxRegister.java:unregister(73)) - Successfully un-registered JMX Bean with object name Ratis:service=RaftServer,group=group-46A3ED0F2391,id=5a74c2cb-7fbd-45a4-bebb-7c3e07876900
2019-10-02 23:00:28,050 [main] INFO  impl.RoleInfo (RoleInfo.java:shutdownFollowerState(121)) - 5a74c2cb-7fbd-45a4-bebb-7c3e07876900: shutdown FollowerState
2019-10-02 23:00:28,050 [main] INFO  impl.StateMachineUpdater (StateMachineUpdater.java:stopAndJoin(136)) - 5a74c2cb-7fbd-45a4-bebb-7c3e07876900@group-46A3ED0F2391-StateMachineUpdater: set stopIndex = 2
2019-10-02 23:00:28,050 [Thread-1498] INFO  impl.FollowerState (FollowerState.java:run(117)) - 5a74c2cb-7fbd-45a4-bebb-7c3e07876900@group-46A3ED0F2391-FollowerState was interrupted: java.lang.InterruptedException: sleep interrupted
2019-10-02 23:00:28,050 [5a74c2cb-7fbd-45a4-bebb-7c3e07876900@group-46A3ED0F2391-StateMachineUpdater] INFO  ratis.ContainerStateMachine (ContainerStateMachine.java:takeSnapshot(289)) - group-46A3ED0F2391: Taking a snapshot at:(t:1, i:1) file /workdir/hadoop-ozone/integration-test/target/test-dir/MiniOzoneClusterImpl-d38320c1-1c9a-4451-99ce-f4a8da752828/datanode-0/data/ratis/b1a99dc4-a96c-4013-a8a8-46a3ed0f2391/sm/snapshot.1_1
2019-10-02 23:00:28,061 [5a74c2cb-7fbd-45a4-bebb-7c3e07876900@group-46A3ED0F2391-StateMachineUpdater] INFO  ratis.ContainerStateMachine (ContainerStateMachine.java:takeSnapshot(300)) - group-46A3ED0F2391: Finished taking a snapshot at:(t:1, i:1) file:/workdir/hadoop-ozone/integration-test/target/test-dir/MiniOzoneClusterImpl-d38320c1-1c9a-4451-99ce-f4a8da752828/datanode-0/data/ratis/b1a99dc4-a96c-4013-a8a8-46a3ed0f2391/sm/snapshot.1_1 time:11
2019-10-02 23:00:28,061 [5a74c2cb-7fbd-45a4-bebb-7c3e07876900@group-46A3ED0F2391-StateMachineUpdater] INFO  impl.StateMachineUpdater (StateMachineUpdater.java:takeSnapshot(269)) - 5a74c2cb-7fbd-45a4-bebb-7c3e07876900@group-46A3ED0F2391-StateMachineUpdater: Took a snapshot at index 1
2019-10-02 23:00:28,061 [5a74c2cb-7fbd-45a4-bebb-7c3e07876900@group-46A3ED0F2391-StateMachineUpdater] INFO  impl.StateMachineUpdater (StateMachineUpdater.java:lambda$new$0(84)) - 5a74c2cb-7fbd-45a4-bebb-7c3e07876900@group-46A3ED0F2391-StateMachineUpdater: snapshotIndex: updateIncreasingly -1 -> 1
2019-10-02 23:00:28,062 [5a74c2cb-7fbd-45a4-bebb-7c3e07876900@group-46A3ED0F2391-StateMachineUpdater] INFO  ratis.ContainerStateMachine (ContainerStateMachine.java:takeSnapshot(289)) - group-46A3ED0F2391: Taking a snapshot at:(t:1, i:1) file /workdir/hadoop-ozone/integration-test/target/test-dir/MiniOzoneClusterImpl-d38320c1-1c9a-4451-99ce-f4a8da752828/datanode-0/data/ratis/b1a99dc4-a96c-4013-a8a8-46a3ed0f2391/sm/snapshot.1_1
2019-10-02 23:00:28,074 [5a74c2cb-7fbd-45a4-bebb-7c3e07876900@group-46A3ED0F2391-StateMachineUpdater] INFO  ratis.ContainerStateMachine (ContainerStateMachine.java:takeSnapshot(300)) - group-46A3ED0F2391: Finished taking a snapshot at:(t:1, i:1) file:/workdir/hadoop-ozone/integration-test/target/test-dir/MiniOzoneClusterImpl-d38320c1-1c9a-4451-99ce-f4a8da752828/datanode-0/data/ratis/b1a99dc4-a96c-4013-a8a8-46a3ed0f2391/sm/snapshot.1_1 time:12
2019-10-02 23:00:28,074 [5a74c2cb-7fbd-45a4-bebb-7c3e07876900@group-46A3ED0F2391-StateMachineUpdater] INFO  impl.StateMachineUpdater (StateMachineUpdater.java:takeSnapshot(269)) - 5a74c2cb-7fbd-45a4-bebb-7c3e07876900@group-46A3ED0F2391-StateMachineUpdater: Took a snapshot at index 1
2019-10-02 23:00:28,074 [5a74c2cb-7fbd-45a4-bebb-7c3e07876900@group-46A3ED0F2391-StateMachineUpdater] INFO  impl.StateMachineUpdater (StateMachineUpdater.java:lambda$new$0(84)) - 5a74c2cb-7fbd-45a4-bebb-7c3e07876900@group-46A3ED0F2391-StateMachineUpdater: snapshotIndex: updateIncreasingly 1 -> 1
2019-10-02 23:00:28,075 [main] INFO  impl.RaftServerImpl (ServerState.java:close(387)) - 5a74c2cb-7fbd-45a4-bebb-7c3e07876900@group-46A3ED0F2391: closes. applyIndex: 2
2019-10-02 23:00:28,075 [5a74c2cb-7fbd-45a4-bebb-7c3e07876900@group-46A3ED0F2391-SegmentedRaftLogWorker] INFO  segmented.SegmentedRaftLogWorker (SegmentedRaftLogWorker.java:run(316)) - 5a74c2cb-7fbd-45a4-bebb-7c3e07876900@group-46A3ED0F2391-SegmentedRaftLogWorker was interrupted, exiting. There are 0 tasks remaining in the queue.
2019-10-02 23:00:28,077 [main] INFO  segmented.SegmentedRaftLogWorker (SegmentedRaftLogWorker.java:close(224)) - 5a74c2cb-7fbd-45a4-bebb-7c3e07876900@group-46A3ED0F2391-SegmentedRaftLogWorker close()
2019-10-02 23:00:28,080 [main] INFO  server.GrpcService (GrpcService.java:closeImpl(164)) - 5a74c2cb-7fbd-45a4-bebb-7c3e07876900: shutdown server with port 42721 now
2019-10-02 23:00:28,082 [grpc-default-executor-1] WARN  server.GrpcServerProtocolService (LogUtils.java:warn(134)) - 5a74c2cb-7fbd-45a4-bebb-7c3e07876900: installSnapshot onError, lastRequest: fcba0785-f97d-467b-bf4a-b8770d23999e->5a74c2cb-7fbd-45a4-bebb-7c3e07876900#7-t1, previous=(t:1, i:2), leaderCommit=2, initializing? false, entries: <empty>: org.apache.ratis.thirdparty.io.grpc.StatusRuntimeException: CANCELLED: cancelled before receiving half close
2019-10-02 23:00:28,084 [main] INFO  server.GrpcService (GrpcService.java:closeImpl(172)) - 5a74c2cb-7fbd-45a4-bebb-7c3e07876900: shutdown server with port 42721 successfully
2019-10-02 23:00:28,084 [grpc-default-executor-3] WARN  server.GrpcLogAppender (LogUtils.java:warn(134)) - fcba0785-f97d-467b-bf4a-b8770d23999e@group-46A3ED0F2391->5a74c2cb-7fbd-45a4-bebb-7c3e07876900-AppendLogResponseHandler: Failed appendEntries: org.apache.ratis.thirdparty.io.grpc.StatusRuntimeException: CANCELLED: HTTP/2 error code: CANCEL
Received Rst Stream
2019-10-02 23:00:28,085 [grpc-default-executor-3] INFO  impl.FollowerInfo (FollowerInfo.java:lambda$new$0(51)) - fcba0785-f97d-467b-bf4a-b8770d23999e@group-46A3ED0F2391->5a74c2cb-7fbd-45a4-bebb-7c3e07876900: nextIndex: updateUnconditionally 3 -> 2
2019-10-02 23:00:28,086 [refreshUsed-/workdir/hadoop-ozone/integration-test/target/test-dir/MiniOzoneClusterImpl-d38320c1-1c9a-4451-99ce-f4a8da752828/datanode-0/data/containers] WARN  fs.CachingGetSpaceUsed (CachingGetSpaceUsed.java:run(183)) - Thread Interrupted waiting to refresh disk information: sleep interrupted
2019-10-02 23:00:28,103 [main] INFO  utils.BackgroundService (BackgroundService.java:shutdown(148)) - Shutting down service BlockDeletingService
2019-10-02 23:00:28,108 [main] INFO  statemachine.DatanodeStateMachine (DatanodeStateMachine.java:stopDaemon(395)) - Ozone container server stopped.
2019-10-02 23:00:28,111 [main] INFO  handler.ContextHandler (ContextHandler.java:doStop(910)) - Stopped o.e.j.w.WebAppContext@7792d851{/,null,UNAVAILABLE}{/hddsDatanode}
2019-10-02 23:00:28,112 [main] INFO  server.AbstractConnector (AbstractConnector.java:doStop(318)) - Stopped ServerConnector@5cd96b41{HTTP/1.1,[http/1.1]}{0.0.0.0:0}
2019-10-02 23:00:28,112 [main] INFO  handler.ContextHandler (ContextHandler.java:doStop(910)) - Stopped o.e.j.s.ServletContextHandler@43ecfeb5{/static,jar:file:/home/user/.m2/repository/org/apache/hadoop/hadoop-hdds-container-service/0.5.0-SNAPSHOT/hadoop-hdds-container-service-0.5.0-SNAPSHOT.jar!/webapps/static,UNAVAILABLE}
2019-10-02 23:00:28,113 [main] INFO  handler.ContextHandler (ContextHandler.java:doStop(910)) - Stopped o.e.j.s.ServletContextHandler@52ea0269{/logs,file:///workdir/hadoop-ozone/integration-test/target/log,UNAVAILABLE}
2019-10-02 23:00:30,397 [grpc-default-executor-2] WARN  server.GrpcLogAppender (LogUtils.java:warn(134)) - fcba0785-f97d-467b-bf4a-b8770d23999e@group-46A3ED0F2391->5a74c2cb-7fbd-45a4-bebb-7c3e07876900-AppendLogResponseHandler: Failed appendEntries: org.apache.ratis.thirdparty.io.grpc.StatusRuntimeException: UNAVAILABLE: io exception
2019-10-02 23:00:30,398 [grpc-default-executor-2] INFO  impl.FollowerInfo (FollowerInfo.java:lambda$new$0(51)) - fcba0785-f97d-467b-bf4a-b8770d23999e@group-46A3ED0F2391->5a74c2cb-7fbd-45a4-bebb-7c3e07876900: nextIndex: updateUnconditionally 2 -> 1
2019-10-02 23:00:30,399 [grpc-default-executor-3] WARN  server.GrpcLogAppender (LogUtils.java:warn(134)) - fcba0785-f97d-467b-bf4a-b8770d23999e@group-46A3ED0F2391->001004e8-1446-4815-8af8-275eb2e7f1ab-AppendLogResponseHandler: Failed appendEntries: org.apache.ratis.thirdparty.io.grpc.StatusRuntimeException: UNAVAILABLE: io exception
2019-10-02 23:00:30,399 [grpc-default-executor-3] INFO  impl.FollowerInfo (FollowerInfo.java:lambda$new$0(51)) - fcba0785-f97d-467b-bf4a-b8770d23999e@group-46A3ED0F2391->001004e8-1446-4815-8af8-275eb2e7f1ab: nextIndex: updateUnconditionally 0 -> 0
2019-10-02 23:00:32,898 [grpc-default-executor-3] WARN  server.GrpcLogAppender (LogUtils.java:warn(134)) - fcba0785-f97d-467b-bf4a-b8770d23999e@group-46A3ED0F2391->5a74c2cb-7fbd-45a4-bebb-7c3e07876900-AppendLogResponseHandler: Failed appendEntries: org.apache.ratis.thirdparty.io.grpc.StatusRuntimeException: UNAVAILABLE: io exception
2019-10-02 23:00:32,901 [grpc-default-executor-6] WARN  server.GrpcLogAppender (LogUtils.java:warn(134)) - fcba0785-f97d-467b-bf4a-b8770d23999e@group-46A3ED0F2391->001004e8-1446-4815-8af8-275eb2e7f1ab-AppendLogResponseHandler: Failed appendEntries: org.apache.ratis.thirdparty.io.grpc.StatusRuntimeException: UNAVAILABLE: io exception
2019-10-02 23:00:32,901 [grpc-default-executor-3] INFO  impl.FollowerInfo (FollowerInfo.java:lambda$new$0(51)) - fcba0785-f97d-467b-bf4a-b8770d23999e@group-46A3ED0F2391->5a74c2cb-7fbd-45a4-bebb-7c3e07876900: nextIndex: updateUnconditionally 1 -> 0
2019-10-02 23:00:32,901 [grpc-default-executor-6] INFO  impl.FollowerInfo (FollowerInfo.java:lambda$new$0(51)) - fcba0785-f97d-467b-bf4a-b8770d23999e@group-46A3ED0F2391->001004e8-1446-4815-8af8-275eb2e7f1ab: nextIndex: updateUnconditionally 0 -> 0
2019-10-02 23:00:35,405 [grpc-default-executor-1] WARN  server.GrpcLogAppender (LogUtils.java:warn(134)) - fcba0785-f97d-467b-bf4a-b8770d23999e@group-46A3ED0F2391->001004e8-1446-4815-8af8-275eb2e7f1ab-AppendLogResponseHandler: Failed appendEntries: org.apache.ratis.thirdparty.io.grpc.StatusRuntimeException: UNAVAILABLE: io exception
2019-10-02 23:00:35,406 [grpc-default-executor-4] WARN  server.GrpcLogAppender (LogUtils.java:warn(134)) - fcba0785-f97d-467b-bf4a-b8770d23999e@group-46A3ED0F2391->5a74c2cb-7fbd-45a4-bebb-7c3e07876900-AppendLogResponseHandler: Failed appendEntries: org.apache.ratis.thirdparty.io.grpc.StatusRuntimeException: UNAVAILABLE: io exception
2019-10-02 23:00:35,407 [grpc-default-executor-4] INFO  impl.FollowerInfo (FollowerInfo.java:lambda$new$0(51)) - fcba0785-f97d-467b-bf4a-b8770d23999e@group-46A3ED0F2391->5a74c2cb-7fbd-45a4-bebb-7c3e07876900: nextIndex: updateUnconditionally 0 -> 0
2019-10-02 23:00:35,407 [grpc-default-executor-1] INFO  impl.FollowerInfo (FollowerInfo.java:lambda$new$0(51)) - fcba0785-f97d-467b-bf4a-b8770d23999e@group-46A3ED0F2391->001004e8-1446-4815-8af8-275eb2e7f1ab: nextIndex: updateUnconditionally 0 -> 0
2019-10-02 23:00:37,903 [grpc-default-executor-3] WARN  server.GrpcLogAppender (LogUtils.java:warn(134)) - fcba0785-f97d-467b-bf4a-b8770d23999e@group-46A3ED0F2391->5a74c2cb-7fbd-45a4-bebb-7c3e07876900-AppendLogResponseHandler: Failed appendEntries: org.apache.ratis.thirdparty.io.grpc.StatusRuntimeException: UNAVAILABLE: io exception
2019-10-02 23:00:37,903 [grpc-default-executor-1] WARN  server.GrpcLogAppender (LogUtils.java:warn(134)) - fcba0785-f97d-467b-bf4a-b8770d23999e@group-46A3ED0F2391->001004e8-1446-4815-8af8-275eb2e7f1ab-AppendLogResponseHandler: Failed appendEntries: org.apache.ratis.thirdparty.io.grpc.StatusRuntimeException: UNAVAILABLE: io exception
2019-10-02 23:00:37,904 [grpc-default-executor-3] INFO  impl.FollowerInfo (FollowerInfo.java:lambda$new$0(51)) - fcba0785-f97d-467b-bf4a-b8770d23999e@group-46A3ED0F2391->5a74c2cb-7fbd-45a4-bebb-7c3e07876900: nextIndex: updateUnconditionally 0 -> 0
2019-10-02 23:00:37,905 [grpc-default-executor-1] INFO  impl.FollowerInfo (FollowerInfo.java:lambda$new$0(51)) - fcba0785-f97d-467b-bf4a-b8770d23999e@group-46A3ED0F2391->001004e8-1446-4815-8af8-275eb2e7f1ab: nextIndex: updateUnconditionally 0 -> 0
2019-10-02 23:00:38,683 [Thread-1572] INFO  client.GrpcClientProtocolService (GrpcClientProtocolService.java:lambda$processClientRequest$0(278)) - Failed RaftClientRequest:client-5334CE9680B3->fcba0785-f97d-467b-bf4a-b8770d23999e@group-46A3ED0F2391, cid=67, seq=0, Watch-ALL_COMMITTED(100), Message:<EMPTY>, reply=RaftClientReply:client-5334CE9680B3->fcba0785-f97d-467b-bf4a-b8770d23999e@group-46A3ED0F2391, cid=67, FAILED org.apache.ratis.protocol.NotReplicatedException: Request with call Id 67 and log index 100 is not yet replicated to ALL_COMMITTED, logIndex=100, commits[fcba0785-f97d-467b-bf4a-b8770d23999e:c2, 5a74c2cb-7fbd-45a4-bebb-7c3e07876900:c2, 001004e8-1446-4815-8af8-275eb2e7f1ab:c2]
2019-10-02 23:00:40,404 [grpc-default-executor-2] WARN  server.GrpcLogAppender (LogUtils.java:warn(134)) - fcba0785-f97d-467b-bf4a-b8770d23999e@group-46A3ED0F2391->5a74c2cb-7fbd-45a4-bebb-7c3e07876900-AppendLogResponseHandler: Failed appendEntries: org.apache.ratis.thirdparty.io.grpc.StatusRuntimeException: UNAVAILABLE: io exception
2019-10-02 23:00:40,404 [grpc-default-executor-1] WARN  server.GrpcLogAppender (LogUtils.java:warn(134)) - fcba0785-f97d-467b-bf4a-b8770d23999e@group-46A3ED0F2391->001004e8-1446-4815-8af8-275eb2e7f1ab-AppendLogResponseHandler: Failed appendEntries: org.apache.ratis.thirdparty.io.grpc.StatusRuntimeException: UNAVAILABLE: io exception
2019-10-02 23:00:40,407 [grpc-default-executor-2] INFO  impl.FollowerInfo (FollowerInfo.java:lambda$new$0(51)) - fcba0785-f97d-467b-bf4a-b8770d23999e@group-46A3ED0F2391->5a74c2cb-7fbd-45a4-bebb-7c3e07876900: nextIndex: updateUnconditionally 0 -> 0
2019-10-02 23:00:40,407 [grpc-default-executor-1] INFO  impl.FollowerInfo (FollowerInfo.java:lambda$new$0(51)) - fcba0785-f97d-467b-bf4a-b8770d23999e@group-46A3ED0F2391->001004e8-1446-4815-8af8-275eb2e7f1ab: nextIndex: updateUnconditionally 0 -> 0
2019-10-02 23:00:42,908 [grpc-default-executor-1] WARN  server.GrpcLogAppender (LogUtils.java:warn(134)) - fcba0785-f97d-467b-bf4a-b8770d23999e@group-46A3ED0F2391->001004e8-1446-4815-8af8-275eb2e7f1ab-AppendLogResponseHandler: Failed appendEntries: org.apache.ratis.thirdparty.io.grpc.StatusRuntimeException: UNAVAILABLE: io exception
2019-10-02 23:00:42,908 [grpc-default-executor-2] WARN  server.GrpcLogAppender (LogUtils.java:warn(134)) - fcba0785-f97d-467b-bf4a-b8770d23999e@group-46A3ED0F2391->5a74c2cb-7fbd-45a4-bebb-7c3e07876900-AppendLogResponseHandler: Failed appendEntries: org.apache.ratis.thirdparty.io.grpc.StatusRuntimeException: UNAVAILABLE: io exception
2019-10-02 23:00:42,909 [grpc-default-executor-1] INFO  impl.FollowerInfo (FollowerInfo.java:lambda$new$0(51)) - fcba0785-f97d-467b-bf4a-b8770d23999e@group-46A3ED0F2391->001004e8-1446-4815-8af8-275eb2e7f1ab: nextIndex: updateUnconditionally 0 -> 0
2019-10-02 23:00:42,909 [grpc-default-executor-2] INFO  impl.FollowerInfo (FollowerInfo.java:lambda$new$0(51)) - fcba0785-f97d-467b-bf4a-b8770d23999e@group-46A3ED0F2391->5a74c2cb-7fbd-45a4-bebb-7c3e07876900: nextIndex: updateUnconditionally 0 -> 0
2019-10-02 23:00:45,411 [grpc-default-executor-1] WARN  server.GrpcLogAppender (LogUtils.java:warn(134)) - fcba0785-f97d-467b-bf4a-b8770d23999e@group-46A3ED0F2391->5a74c2cb-7fbd-45a4-bebb-7c3e07876900-AppendLogResponseHandler: Failed appendEntries: org.apache.ratis.thirdparty.io.grpc.StatusRuntimeException: UNAVAILABLE: io exception
2019-10-02 23:00:45,411 [grpc-default-executor-2] WARN  server.GrpcLogAppender (LogUtils.java:warn(134)) - fcba0785-f97d-467b-bf4a-b8770d23999e@group-46A3ED0F2391->001004e8-1446-4815-8af8-275eb2e7f1ab-AppendLogResponseHandler: Failed appendEntries: org.apache.ratis.thirdparty.io.grpc.StatusRuntimeException: UNAVAILABLE: io exception
2019-10-02 23:00:45,412 [grpc-default-executor-1] INFO  impl.FollowerInfo (FollowerInfo.java:lambda$new$0(51)) - fcba0785-f97d-467b-bf4a-b8770d23999e@group-46A3ED0F2391->5a74c2cb-7fbd-45a4-bebb-7c3e07876900: nextIndex: updateUnconditionally 0 -> 0
2019-10-02 23:00:45,412 [grpc-default-executor-2] INFO  impl.FollowerInfo (FollowerInfo.java:lambda$new$0(51)) - fcba0785-f97d-467b-bf4a-b8770d23999e@group-46A3ED0F2391->001004e8-1446-4815-8af8-275eb2e7f1ab: nextIndex: updateUnconditionally 0 -> 0
2019-10-02 23:00:47,914 [grpc-default-executor-1] WARN  server.GrpcLogAppender (LogUtils.java:warn(134)) - fcba0785-f97d-467b-bf4a-b8770d23999e@group-46A3ED0F2391->001004e8-1446-4815-8af8-275eb2e7f1ab-AppendLogResponseHandler: Failed appendEntries: org.apache.ratis.thirdparty.io.grpc.StatusRuntimeException: UNAVAILABLE: io exception
2019-10-02 23:00:47,914 [grpc-default-executor-2] WARN  server.GrpcLogAppender (LogUtils.java:warn(134)) - fcba0785-f97d-467b-bf4a-b8770d23999e@group-46A3ED0F2391->5a74c2cb-7fbd-45a4-bebb-7c3e07876900-AppendLogResponseHandler: Failed appendEntries: org.apache.ratis.thirdparty.io.grpc.StatusRuntimeException: UNAVAILABLE: io exception
2019-10-02 23:00:47,916 [grpc-default-executor-1] INFO  impl.FollowerInfo (FollowerInfo.java:lambda$new$0(51)) - fcba0785-f97d-467b-bf4a-b8770d23999e@group-46A3ED0F2391->001004e8-1446-4815-8af8-275eb2e7f1ab: nextIndex: updateUnconditionally 0 -> 0
2019-10-02 23:00:47,916 [grpc-default-executor-2] INFO  impl.FollowerInfo (FollowerInfo.java:lambda$new$0(51)) - fcba0785-f97d-467b-bf4a-b8770d23999e@group-46A3ED0F2391->5a74c2cb-7fbd-45a4-bebb-7c3e07876900: nextIndex: updateUnconditionally 0 -> 0
2019-10-02 23:00:48,116 [main] WARN  scm.XceiverClientRatis (XceiverClientRatis.java:watchForCommit(292)) - 3 way commit failed on pipeline Pipeline[ Id: b1a99dc4-a96c-4013-a8a8-46a3ed0f2391, Nodes: 001004e8-1446-4815-8af8-275eb2e7f1ab{ip: 192.168.164.235, host: pr-hdds-2226-secures3-kzjg4-641534921, networkLocation: /default-rack, certSerialId: null}5a74c2cb-7fbd-45a4-bebb-7c3e07876900{ip: 192.168.164.235, host: pr-hdds-2226-secures3-kzjg4-641534921, networkLocation: /default-rack, certSerialId: null}fcba0785-f97d-467b-bf4a-b8770d23999e{ip: 192.168.164.235, host: pr-hdds-2226-secures3-kzjg4-641534921, networkLocation: /default-rack, certSerialId: null}, Type:RATIS, Factor:THREE, State:OPEN]
java.util.concurrent.TimeoutException
	at java.util.concurrent.CompletableFuture.timedGet(CompletableFuture.java:1771)
	at java.util.concurrent.CompletableFuture.get(CompletableFuture.java:1915)
	at org.apache.hadoop.hdds.scm.XceiverClientRatis.watchForCommit(XceiverClientRatis.java:289)
	at org.apache.hadoop.ozone.client.rpc.TestWatchForCommit.testWatchForCommitForRetryfailure(TestWatchForCommit.java:345)
	at sun.reflect.NativeMethodAccessorImpl.invoke0(Native Method)
	at sun.reflect.NativeMethodAccessorImpl.invoke(NativeMethodAccessorImpl.java:62)
	at sun.reflect.DelegatingMethodAccessorImpl.invoke(DelegatingMethodAccessorImpl.java:43)
	at java.lang.reflect.Method.invoke(Method.java:498)
	at org.junit.runners.model.FrameworkMethod$1.runReflectiveCall(FrameworkMethod.java:47)
	at org.junit.internal.runners.model.ReflectiveCallable.run(ReflectiveCallable.java:12)
	at org.junit.runners.model.FrameworkMethod.invokeExplosively(FrameworkMethod.java:44)
	at org.junit.internal.runners.statements.InvokeMethod.evaluate(InvokeMethod.java:17)
	at org.junit.runners.ParentRunner.runLeaf(ParentRunner.java:271)
	at org.junit.runners.BlockJUnit4ClassRunner.runChild(BlockJUnit4ClassRunner.java:70)
	at org.junit.runners.BlockJUnit4ClassRunner.runChild(BlockJUnit4ClassRunner.java:50)
	at org.junit.runners.ParentRunner$3.run(ParentRunner.java:238)
	at org.junit.runners.ParentRunner$1.schedule(ParentRunner.java:63)
	at org.junit.runners.ParentRunner.runChildren(ParentRunner.java:236)
	at org.junit.runners.ParentRunner.access$000(ParentRunner.java:53)
	at org.junit.runners.ParentRunner$2.evaluate(ParentRunner.java:229)
	at org.junit.runners.ParentRunner.run(ParentRunner.java:309)
	at org.apache.maven.surefire.junit4.JUnit4Provider.execute(JUnit4Provider.java:365)
	at org.apache.maven.surefire.junit4.JUnit4Provider.executeWithRerun(JUnit4Provider.java:273)
	at org.apache.maven.surefire.junit4.JUnit4Provider.executeTestSet(JUnit4Provider.java:238)
	at org.apache.maven.surefire.junit4.JUnit4Provider.invoke(JUnit4Provider.java:159)
	at org.apache.maven.surefire.booter.ForkedBooter.invokeProviderInSameClassLoader(ForkedBooter.java:384)
	at org.apache.maven.surefire.booter.ForkedBooter.runSuitesInProcess(ForkedBooter.java:345)
	at org.apache.maven.surefire.booter.ForkedBooter.execute(ForkedBooter.java:126)
	at org.apache.maven.surefire.booter.ForkedBooter.main(ForkedBooter.java:418)
2019-10-02 23:00:48,683 [Thread-1585] INFO  client.GrpcClientProtocolService (GrpcClientProtocolService.java:lambda$processClientRequest$0(278)) - Failed RaftClientRequest:client-5334CE9680B3->fcba0785-f97d-467b-bf4a-b8770d23999e@group-46A3ED0F2391, cid=67, seq=0, Watch-ALL_COMMITTED(100), Message:<EMPTY>, reply=RaftClientReply:client-5334CE9680B3->fcba0785-f97d-467b-bf4a-b8770d23999e@group-46A3ED0F2391, cid=67, FAILED org.apache.ratis.protocol.NotReplicatedException: Request with call Id 67 and log index 100 is not yet replicated to ALL_COMMITTED, logIndex=100, commits[fcba0785-f97d-467b-bf4a-b8770d23999e:c2, 5a74c2cb-7fbd-45a4-bebb-7c3e07876900:c2, 001004e8-1446-4815-8af8-275eb2e7f1ab:c2]
2019-10-02 23:00:50,415 [grpc-default-executor-2] WARN  server.GrpcLogAppender (LogUtils.java:warn(134)) - fcba0785-f97d-467b-bf4a-b8770d23999e@group-46A3ED0F2391->5a74c2cb-7fbd-45a4-bebb-7c3e07876900-AppendLogResponseHandler: Failed appendEntries: org.apache.ratis.thirdparty.io.grpc.StatusRuntimeException: UNAVAILABLE: io exception
2019-10-02 23:00:50,415 [grpc-default-executor-1] WARN  server.GrpcLogAppender (LogUtils.java:warn(134)) - fcba0785-f97d-467b-bf4a-b8770d23999e@group-46A3ED0F2391->001004e8-1446-4815-8af8-275eb2e7f1ab-AppendLogResponseHandler: Failed appendEntries: org.apache.ratis.thirdparty.io.grpc.StatusRuntimeException: UNAVAILABLE: io exception
2019-10-02 23:00:50,421 [grpc-default-executor-2] INFO  impl.FollowerInfo (FollowerInfo.java:lambda$new$0(51)) - fcba0785-f97d-467b-bf4a-b8770d23999e@group-46A3ED0F2391->5a74c2cb-7fbd-45a4-bebb-7c3e07876900: nextIndex: updateUnconditionally 0 -> 0
2019-10-02 23:00:50,421 [grpc-default-executor-1] INFO  impl.FollowerInfo (FollowerInfo.java:lambda$new$0(51)) - fcba0785-f97d-467b-bf4a-b8770d23999e@group-46A3ED0F2391->001004e8-1446-4815-8af8-275eb2e7f1ab: nextIndex: updateUnconditionally 0 -> 0
2019-10-02 23:00:52,920 [grpc-default-executor-1] WARN  server.GrpcLogAppender (LogUtils.java:warn(134)) - fcba0785-f97d-467b-bf4a-b8770d23999e@group-46A3ED0F2391->5a74c2cb-7fbd-45a4-bebb-7c3e07876900-AppendLogResponseHandler: Failed appendEntries: org.apache.ratis.thirdparty.io.grpc.StatusRuntimeException: UNAVAILABLE: io exception
2019-10-02 23:00:52,920 [grpc-default-executor-2] WARN  server.GrpcLogAppender (LogUtils.java:warn(134)) - fcba0785-f97d-467b-bf4a-b8770d23999e@group-46A3ED0F2391->001004e8-1446-4815-8af8-275eb2e7f1ab-AppendLogResponseHandler: Failed appendEntries: org.apache.ratis.thirdparty.io.grpc.StatusRuntimeException: UNAVAILABLE: io exception
2019-10-02 23:00:52,921 [grpc-default-executor-1] INFO  impl.FollowerInfo (FollowerInfo.java:lambda$new$0(51)) - fcba0785-f97d-467b-bf4a-b8770d23999e@group-46A3ED0F2391->5a74c2cb-7fbd-45a4-bebb-7c3e07876900: nextIndex: updateUnconditionally 0 -> 0
2019-10-02 23:00:52,921 [grpc-default-executor-2] INFO  impl.FollowerInfo (FollowerInfo.java:lambda$new$0(51)) - fcba0785-f97d-467b-bf4a-b8770d23999e@group-46A3ED0F2391->001004e8-1446-4815-8af8-275eb2e7f1ab: nextIndex: updateUnconditionally 0 -> 0
2019-10-02 23:00:55,422 [grpc-default-executor-1] WARN  server.GrpcLogAppender (LogUtils.java:warn(134)) - fcba0785-f97d-467b-bf4a-b8770d23999e@group-46A3ED0F2391->5a74c2cb-7fbd-45a4-bebb-7c3e07876900-AppendLogResponseHandler: Failed appendEntries: org.apache.ratis.thirdparty.io.grpc.StatusRuntimeException: UNAVAILABLE: io exception
2019-10-02 23:00:55,422 [grpc-default-executor-3] WARN  server.GrpcLogAppender (LogUtils.java:warn(134)) - fcba0785-f97d-467b-bf4a-b8770d23999e@group-46A3ED0F2391->001004e8-1446-4815-8af8-275eb2e7f1ab-AppendLogResponseHandler: Failed appendEntries: org.apache.ratis.thirdparty.io.grpc.StatusRuntimeException: UNAVAILABLE: io exception
2019-10-02 23:00:55,424 [grpc-default-executor-1] INFO  impl.FollowerInfo (FollowerInfo.java:lambda$new$0(51)) - fcba0785-f97d-467b-bf4a-b8770d23999e@group-46A3ED0F2391->5a74c2cb-7fbd-45a4-bebb-7c3e07876900: nextIndex: updateUnconditionally 0 -> 0
2019-10-02 23:00:55,424 [grpc-default-executor-3] INFO  impl.FollowerInfo (FollowerInfo.java:lambda$new$0(51)) - fcba0785-f97d-467b-bf4a-b8770d23999e@group-46A3ED0F2391->001004e8-1446-4815-8af8-275eb2e7f1ab: nextIndex: updateUnconditionally 0 -> 0
2019-10-02 23:00:57,922 [grpc-default-executor-2] WARN  server.GrpcLogAppender (LogUtils.java:warn(134)) - fcba0785-f97d-467b-bf4a-b8770d23999e@group-46A3ED0F2391->5a74c2cb-7fbd-45a4-bebb-7c3e07876900-AppendLogResponseHandler: Failed appendEntries: org.apache.ratis.thirdparty.io.grpc.StatusRuntimeException: UNAVAILABLE: io exception
2019-10-02 23:00:57,922 [grpc-default-executor-3] WARN  server.GrpcLogAppender (LogUtils.java:warn(134)) - fcba0785-f97d-467b-bf4a-b8770d23999e@group-46A3ED0F2391->001004e8-1446-4815-8af8-275eb2e7f1ab-AppendLogResponseHandler: Failed appendEntries: org.apache.ratis.thirdparty.io.grpc.StatusRuntimeException: UNAVAILABLE: io exception
2019-10-02 23:00:57,923 [grpc-default-executor-2] INFO  impl.FollowerInfo (FollowerInfo.java:lambda$new$0(51)) - fcba0785-f97d-467b-bf4a-b8770d23999e@group-46A3ED0F2391->5a74c2cb-7fbd-45a4-bebb-7c3e07876900: nextIndex: updateUnconditionally 0 -> 0
2019-10-02 23:00:57,923 [grpc-default-executor-3] INFO  impl.FollowerInfo (FollowerInfo.java:lambda$new$0(51)) - fcba0785-f97d-467b-bf4a-b8770d23999e@group-46A3ED0F2391->001004e8-1446-4815-8af8-275eb2e7f1ab: nextIndex: updateUnconditionally 0 -> 0
2019-10-02 23:00:58,683 [Thread-1602] INFO  client.GrpcClientProtocolService (GrpcClientProtocolService.java:lambda$processClientRequest$0(278)) - Failed RaftClientRequest:client-5334CE9680B3->fcba0785-f97d-467b-bf4a-b8770d23999e@group-46A3ED0F2391, cid=67, seq=0, Watch-ALL_COMMITTED(100), Message:<EMPTY>, reply=RaftClientReply:client-5334CE9680B3->fcba0785-f97d-467b-bf4a-b8770d23999e@group-46A3ED0F2391, cid=67, FAILED org.apache.ratis.protocol.NotReplicatedException: Request with call Id 67 and log index 100 is not yet replicated to ALL_COMMITTED, logIndex=100, commits[fcba0785-f97d-467b-bf4a-b8770d23999e:c2, 5a74c2cb-7fbd-45a4-bebb-7c3e07876900:c2, 001004e8-1446-4815-8af8-275eb2e7f1ab:c2]
2019-10-02 23:00:58,691 [Thread-1603] INFO  client.GrpcClientProtocolService (GrpcClientProtocolService.java:lambda$processClientRequest$0(278)) - Failed RaftClientRequest:client-5334CE9680B3->fcba0785-f97d-467b-bf4a-b8770d23999e@group-46A3ED0F2391, cid=68, seq=0, Watch-MAJORITY_COMMITTED(100), Message:<EMPTY>, reply=RaftClientReply:client-5334CE9680B3->fcba0785-f97d-467b-bf4a-b8770d23999e@group-46A3ED0F2391, cid=68, FAILED org.apache.ratis.protocol.NotReplicatedException: Request with call Id 68 and log index 100 is not yet replicated to MAJORITY_COMMITTED, logIndex=100, commits[fcba0785-f97d-467b-bf4a-b8770d23999e:c2, 5a74c2cb-7fbd-45a4-bebb-7c3e07876900:c2, 001004e8-1446-4815-8af8-275eb2e7f1ab:c2]
2019-10-02 23:01:00,423 [grpc-default-executor-4] WARN  server.GrpcLogAppender (LogUtils.java:warn(134)) - fcba0785-f97d-467b-bf4a-b8770d23999e@group-46A3ED0F2391->5a74c2cb-7fbd-45a4-bebb-7c3e07876900-AppendLogResponseHandler: Failed appendEntries: org.apache.ratis.thirdparty.io.grpc.StatusRuntimeException: UNAVAILABLE: io exception
2019-10-02 23:01:00,423 [grpc-default-executor-2] WARN  server.GrpcLogAppender (LogUtils.java:warn(134)) - fcba0785-f97d-467b-bf4a-b8770d23999e@group-46A3ED0F2391->001004e8-1446-4815-8af8-275eb2e7f1ab-AppendLogResponseHandler: Failed appendEntries: org.apache.ratis.thirdparty.io.grpc.StatusRuntimeException: UNAVAILABLE: io exception
2019-10-02 23:01:00,431 [grpc-default-executor-4] INFO  impl.FollowerInfo (FollowerInfo.java:lambda$new$0(51)) - fcba0785-f97d-467b-bf4a-b8770d23999e@group-46A3ED0F2391->5a74c2cb-7fbd-45a4-bebb-7c3e07876900: nextIndex: updateUnconditionally 0 -> 0
2019-10-02 23:01:00,431 [grpc-default-executor-2] INFO  impl.FollowerInfo (FollowerInfo.java:lambda$new$0(51)) - fcba0785-f97d-467b-bf4a-b8770d23999e@group-46A3ED0F2391->001004e8-1446-4815-8af8-275eb2e7f1ab: nextIndex: updateUnconditionally 0 -> 0
2019-10-02 23:01:02,928 [grpc-default-executor-2] WARN  server.GrpcLogAppender (LogUtils.java:warn(134)) - fcba0785-f97d-467b-bf4a-b8770d23999e@group-46A3ED0F2391->5a74c2cb-7fbd-45a4-bebb-7c3e07876900-AppendLogResponseHandler: Failed appendEntries: org.apache.ratis.thirdparty.io.grpc.StatusRuntimeException: UNAVAILABLE: io exception
2019-10-02 23:01:02,928 [grpc-default-executor-4] WARN  server.GrpcLogAppender (LogUtils.java:warn(134)) - fcba0785-f97d-467b-bf4a-b8770d23999e@group-46A3ED0F2391->001004e8-1446-4815-8af8-275eb2e7f1ab-AppendLogResponseHandler: Failed appendEntries: org.apache.ratis.thirdparty.io.grpc.StatusRuntimeException: UNAVAILABLE: io exception
2019-10-02 23:01:02,930 [grpc-default-executor-2] INFO  impl.FollowerInfo (FollowerInfo.java:lambda$new$0(51)) - fcba0785-f97d-467b-bf4a-b8770d23999e@group-46A3ED0F2391->5a74c2cb-7fbd-45a4-bebb-7c3e07876900: nextIndex: updateUnconditionally 0 -> 0
2019-10-02 23:01:02,930 [grpc-default-executor-4] INFO  impl.FollowerInfo (FollowerInfo.java:lambda$new$0(51)) - fcba0785-f97d-467b-bf4a-b8770d23999e@group-46A3ED0F2391->001004e8-1446-4815-8af8-275eb2e7f1ab: nextIndex: updateUnconditionally 0 -> 0
2019-10-02 23:01:05,433 [grpc-default-executor-2] WARN  server.GrpcLogAppender (LogUtils.java:warn(134)) - fcba0785-f97d-467b-bf4a-b8770d23999e@group-46A3ED0F2391->5a74c2cb-7fbd-45a4-bebb-7c3e07876900-AppendLogResponseHandler: Failed appendEntries: org.apache.ratis.thirdparty.io.grpc.StatusRuntimeException: UNAVAILABLE: io exception
2019-10-02 23:01:05,433 [grpc-default-executor-1] WARN  server.GrpcLogAppender (LogUtils.java:warn(134)) - fcba0785-f97d-467b-bf4a-b8770d23999e@group-46A3ED0F2391->001004e8-1446-4815-8af8-275eb2e7f1ab-AppendLogResponseHandler: Failed appendEntries: org.apache.ratis.thirdparty.io.grpc.StatusRuntimeException: UNAVAILABLE: io exception
2019-10-02 23:01:05,435 [grpc-default-executor-2] INFO  impl.FollowerInfo (FollowerInfo.java:lambda$new$0(51)) - fcba0785-f97d-467b-bf4a-b8770d23999e@group-46A3ED0F2391->5a74c2cb-7fbd-45a4-bebb-7c3e07876900: nextIndex: updateUnconditionally 0 -> 0
2019-10-02 23:01:05,435 [grpc-default-executor-1] INFO  impl.FollowerInfo (FollowerInfo.java:lambda$new$0(51)) - fcba0785-f97d-467b-bf4a-b8770d23999e@group-46A3ED0F2391->001004e8-1446-4815-8af8-275eb2e7f1ab: nextIndex: updateUnconditionally 0 -> 0
2019-10-02 23:01:07,936 [grpc-default-executor-1] WARN  server.GrpcLogAppender (LogUtils.java:warn(134)) - fcba0785-f97d-467b-bf4a-b8770d23999e@group-46A3ED0F2391->5a74c2cb-7fbd-45a4-bebb-7c3e07876900-AppendLogResponseHandler: Failed appendEntries: org.apache.ratis.thirdparty.io.grpc.StatusRuntimeException: UNAVAILABLE: io exception
2019-10-02 23:01:07,936 [grpc-default-executor-2] WARN  server.GrpcLogAppender (LogUtils.java:warn(134)) - fcba0785-f97d-467b-bf4a-b8770d23999e@group-46A3ED0F2391->001004e8-1446-4815-8af8-275eb2e7f1ab-AppendLogResponseHandler: Failed appendEntries: org.apache.ratis.thirdparty.io.grpc.StatusRuntimeException: UNAVAILABLE: io exception
2019-10-02 23:01:07,938 [grpc-default-executor-2] INFO  impl.FollowerInfo (FollowerInfo.java:lambda$new$0(51)) - fcba0785-f97d-467b-bf4a-b8770d23999e@group-46A3ED0F2391->001004e8-1446-4815-8af8-275eb2e7f1ab: nextIndex: updateUnconditionally 0 -> 0
2019-10-02 23:01:07,938 [grpc-default-executor-1] INFO  impl.FollowerInfo (FollowerInfo.java:lambda$new$0(51)) - fcba0785-f97d-467b-bf4a-b8770d23999e@group-46A3ED0F2391->5a74c2cb-7fbd-45a4-bebb-7c3e07876900: nextIndex: updateUnconditionally 0 -> 0
]]></system-out>
    <system-err><![CDATA[Oct 02, 2019 11:00:23 PM org.apache.ratis.thirdparty.io.grpc.internal.SerializingExecutor run
SEVERE: Exception while executing runnable org.apache.ratis.thirdparty.io.grpc.internal.ServerImpl$JumpToApplicationThreadServerStreamListener$1Closed@5980ed4
org.apache.ratis.thirdparty.io.grpc.StatusRuntimeException: CANCELLED: call already cancelled
	at org.apache.ratis.thirdparty.io.grpc.Status.asRuntimeException(Status.java:517)
	at org.apache.ratis.thirdparty.io.grpc.stub.ServerCalls$ServerCallStreamObserverImpl.onCompleted(ServerCalls.java:356)
	at org.apache.ratis.grpc.server.GrpcServerProtocolService$ServerRequestStreamObserver.onError(GrpcServerProtocolService.java:121)
	at org.apache.ratis.thirdparty.io.grpc.stub.ServerCalls$StreamingServerCallHandler$StreamingServerCallListener.onCancel(ServerCalls.java:269)
	at org.apache.ratis.thirdparty.io.grpc.internal.ServerCallImpl$ServerStreamListenerImpl.closed(ServerCallImpl.java:293)
	at org.apache.ratis.thirdparty.io.grpc.internal.ServerImpl$JumpToApplicationThreadServerStreamListener$1Closed.runInContext(ServerImpl.java:741)
	at org.apache.ratis.thirdparty.io.grpc.internal.ContextRunnable.run(ContextRunnable.java:37)
	at org.apache.ratis.thirdparty.io.grpc.internal.SerializingExecutor.run(SerializingExecutor.java:123)
	at java.util.concurrent.ThreadPoolExecutor.runWorker(ThreadPoolExecutor.java:1149)
	at java.util.concurrent.ThreadPoolExecutor$Worker.run(ThreadPoolExecutor.java:624)
	at java.lang.Thread.run(Thread.java:748)

Oct 02, 2019 11:00:28 PM org.apache.ratis.thirdparty.io.grpc.internal.SerializingExecutor run
SEVERE: Exception while executing runnable org.apache.ratis.thirdparty.io.grpc.internal.ServerImpl$JumpToApplicationThreadServerStreamListener$1Closed@7a2a68dc
org.apache.ratis.thirdparty.io.grpc.StatusRuntimeException: CANCELLED: call already cancelled
	at org.apache.ratis.thirdparty.io.grpc.Status.asRuntimeException(Status.java:517)
	at org.apache.ratis.thirdparty.io.grpc.stub.ServerCalls$ServerCallStreamObserverImpl.onCompleted(ServerCalls.java:356)
	at org.apache.ratis.grpc.server.GrpcServerProtocolService$ServerRequestStreamObserver.onError(GrpcServerProtocolService.java:121)
	at org.apache.ratis.thirdparty.io.grpc.stub.ServerCalls$StreamingServerCallHandler$StreamingServerCallListener.onCancel(ServerCalls.java:269)
	at org.apache.ratis.thirdparty.io.grpc.internal.ServerCallImpl$ServerStreamListenerImpl.closed(ServerCallImpl.java:293)
	at org.apache.ratis.thirdparty.io.grpc.internal.ServerImpl$JumpToApplicationThreadServerStreamListener$1Closed.runInContext(ServerImpl.java:741)
	at org.apache.ratis.thirdparty.io.grpc.internal.ContextRunnable.run(ContextRunnable.java:37)
	at org.apache.ratis.thirdparty.io.grpc.internal.SerializingExecutor.run(SerializingExecutor.java:123)
	at java.util.concurrent.ThreadPoolExecutor.runWorker(ThreadPoolExecutor.java:1149)
	at java.util.concurrent.ThreadPoolExecutor$Worker.run(ThreadPoolExecutor.java:624)
	at java.lang.Thread.run(Thread.java:748)

]]></system-err>
  </testcase>
  <testcase name="testWatchForCommitForGroupMismatchException" classname="org.apache.hadoop.ozone.client.rpc.TestWatchForCommit" time="32.835"/>
  <testcase name="test2WayCommitForTimeoutException" classname="org.apache.hadoop.ozone.client.rpc.TestWatchForCommit" time="22.71">
    <error type="java.util.concurrent.TimeoutException">java.util.concurrent.TimeoutException
	at java.util.concurrent.CompletableFuture.timedGet(CompletableFuture.java:1771)
	at java.util.concurrent.CompletableFuture.get(CompletableFuture.java:1915)
	at org.apache.hadoop.hdds.scm.XceiverClientRatis.watchForCommit(XceiverClientRatis.java:298)
	at org.apache.hadoop.ozone.client.rpc.TestWatchForCommit.test2WayCommitForTimeoutException(TestWatchForCommit.java:391)
	at sun.reflect.NativeMethodAccessorImpl.invoke0(Native Method)
	at sun.reflect.NativeMethodAccessorImpl.invoke(NativeMethodAccessorImpl.java:62)
	at sun.reflect.DelegatingMethodAccessorImpl.invoke(DelegatingMethodAccessorImpl.java:43)
	at java.lang.reflect.Method.invoke(Method.java:498)
	at org.junit.runners.model.FrameworkMethod$1.runReflectiveCall(FrameworkMethod.java:47)
	at org.junit.internal.runners.model.ReflectiveCallable.run(ReflectiveCallable.java:12)
	at org.junit.runners.model.FrameworkMethod.invokeExplosively(FrameworkMethod.java:44)
	at org.junit.internal.runners.statements.InvokeMethod.evaluate(InvokeMethod.java:17)
	at org.junit.runners.ParentRunner.runLeaf(ParentRunner.java:271)
	at org.junit.runners.BlockJUnit4ClassRunner.runChild(BlockJUnit4ClassRunner.java:70)
	at org.junit.runners.BlockJUnit4ClassRunner.runChild(BlockJUnit4ClassRunner.java:50)
	at org.junit.runners.ParentRunner$3.run(ParentRunner.java:238)
	at org.junit.runners.ParentRunner$1.schedule(ParentRunner.java:63)
	at org.junit.runners.ParentRunner.runChildren(ParentRunner.java:236)
	at org.junit.runners.ParentRunner.access$000(ParentRunner.java:53)
	at org.junit.runners.ParentRunner$2.evaluate(ParentRunner.java:229)
	at org.junit.runners.ParentRunner.run(ParentRunner.java:309)
	at org.apache.maven.surefire.junit4.JUnit4Provider.execute(JUnit4Provider.java:365)
	at org.apache.maven.surefire.junit4.JUnit4Provider.executeWithRerun(JUnit4Provider.java:273)
	at org.apache.maven.surefire.junit4.JUnit4Provider.executeTestSet(JUnit4Provider.java:238)
	at org.apache.maven.surefire.junit4.JUnit4Provider.invoke(JUnit4Provider.java:159)
	at org.apache.maven.surefire.booter.ForkedBooter.invokeProviderInSameClassLoader(ForkedBooter.java:384)
	at org.apache.maven.surefire.booter.ForkedBooter.runSuitesInProcess(ForkedBooter.java:345)
	at org.apache.maven.surefire.booter.ForkedBooter.execute(ForkedBooter.java:126)
	at org.apache.maven.surefire.booter.ForkedBooter.main(ForkedBooter.java:418)
</error>
    <system-out><![CDATA[2019-10-02 23:01:40,985 [main] WARN  server.ServerUtils (ServerUtils.java:getScmDbDir(145)) - ozone.scm.db.dirs is not configured. We recommend adding this setting. Falling back to ozone.metadata.dirs instead.
2019-10-02 23:01:41,000 [main] WARN  server.ServerUtils (ServerUtils.java:getScmDbDir(145)) - ozone.scm.db.dirs is not configured. We recommend adding this setting. Falling back to ozone.metadata.dirs instead.
2019-10-02 23:01:41,000 [main] WARN  server.ServerUtils (ServerUtils.java:getScmDbDir(145)) - ozone.scm.db.dirs is not configured. We recommend adding this setting. Falling back to ozone.metadata.dirs instead.
2019-10-02 23:01:41,001 [main] INFO  db.DBStoreBuilder (DBStoreBuilder.java:addTable(110)) - using custom profile for table: deletedBlocks
2019-10-02 23:01:41,001 [main] INFO  db.DBStoreBuilder (DBStoreBuilder.java:processTables(161)) - Using default column profile:DBProfile.DISK for Table:deletedBlocks
2019-10-02 23:01:41,001 [main] INFO  db.DBStoreBuilder (DBStoreBuilder.java:addTable(110)) - using custom profile for table: validCerts
2019-10-02 23:01:41,001 [main] INFO  db.DBStoreBuilder (DBStoreBuilder.java:processTables(161)) - Using default column profile:DBProfile.DISK for Table:validCerts
2019-10-02 23:01:41,002 [main] INFO  db.DBStoreBuilder (DBStoreBuilder.java:addTable(110)) - using custom profile for table: revokedCerts
2019-10-02 23:01:41,002 [main] INFO  db.DBStoreBuilder (DBStoreBuilder.java:processTables(161)) - Using default column profile:DBProfile.DISK for Table:revokedCerts
2019-10-02 23:01:41,002 [main] INFO  db.DBStoreBuilder (DBStoreBuilder.java:addTable(110)) - using custom profile for table: default
2019-10-02 23:01:41,002 [main] INFO  db.DBStoreBuilder (DBStoreBuilder.java:processTables(167)) - Using default column profile:DBProfile.DISK for Table:default
2019-10-02 23:01:41,002 [main] INFO  db.DBStoreBuilder (DBStoreBuilder.java:getDbProfile(198)) - Using default options. DBProfile.DISK
2019-10-02 23:01:41,155 [main] INFO  net.NodeSchemaLoader (NodeSchemaLoader.java:loadSchemaFromFile(125)) - Loading file from sun.misc.CompoundEnumeration@18e4674d
2019-10-02 23:01:41,156 [main] INFO  net.NodeSchemaLoader (NodeSchemaLoader.java:loadSchema(171)) - Loading network topology layer schema file
2019-10-02 23:01:41,159 [main] WARN  server.ServerUtils (ServerUtils.java:sanitizeUserArgs(70)) - ozone.scm.stale.node.interval value = 300000 is larger than max = 100000 based on the key value of ozone.scm.heartbeat.thread.interval, reset to the max value 100000.
2019-10-02 23:01:41,160 [main] WARN  server.ServerUtils (ServerUtils.java:sanitizeUserArgs(70)) - ozone.scm.stale.node.interval value = 300000 is larger than max = 100000 based on the key value of ozone.scm.heartbeat.thread.interval, reset to the max value 100000.
2019-10-02 23:01:41,160 [main] INFO  node.SCMNodeManager (SCMNodeManager.java:<init>(114)) - Entering startup safe mode.
2019-10-02 23:01:41,160 [main] INFO  algorithms.ContainerPlacementPolicyFactory (ContainerPlacementPolicyFactory.java:getPolicy(57)) - Create container placement policy of type org.apache.hadoop.hdds.scm.container.placement.algorithms.SCMContainerPlacementRandom
2019-10-02 23:01:41,161 [main] WARN  server.ServerUtils (ServerUtils.java:getScmDbDir(145)) - ozone.scm.db.dirs is not configured. We recommend adding this setting. Falling back to ozone.metadata.dirs instead.
2019-10-02 23:01:41,208 [main] INFO  pipeline.SCMPipelineManager (SCMPipelineManager.java:initializePipelineState(132)) - No pipeline exists in current db
2019-10-02 23:01:41,208 [main] WARN  server.ServerUtils (ServerUtils.java:getScmDbDir(145)) - ozone.scm.db.dirs is not configured. We recommend adding this setting. Falling back to ozone.metadata.dirs instead.
2019-10-02 23:01:41,256 [main] WARN  events.EventQueue (EventQueue.java:fireEvent(183)) - No event handler registered for event TypedEvent{payloadType=SafeModeStatus, name='SafeModeStatus'}
2019-10-02 23:01:41,257 [main] INFO  ipc.CallQueueManager (CallQueueManager.java:<init>(84)) - Using callQueue: class java.util.concurrent.LinkedBlockingQueue, queueCapacity: 2000, scheduler: class org.apache.hadoop.ipc.DefaultRpcScheduler, ipcBackoff: false.
2019-10-02 23:01:41,258 [Socket Reader #1 for port 37527] INFO  ipc.Server (Server.java:run(1074)) - Starting Socket Reader #1 for port 37527
2019-10-02 23:01:41,268 [main] INFO  ipc.CallQueueManager (CallQueueManager.java:<init>(84)) - Using callQueue: class java.util.concurrent.LinkedBlockingQueue, queueCapacity: 2000, scheduler: class org.apache.hadoop.ipc.DefaultRpcScheduler, ipcBackoff: false.
2019-10-02 23:01:41,268 [Socket Reader #1 for port 41510] INFO  ipc.Server (Server.java:run(1074)) - Starting Socket Reader #1 for port 41510
2019-10-02 23:01:41,271 [main] INFO  ipc.CallQueueManager (CallQueueManager.java:<init>(84)) - Using callQueue: class java.util.concurrent.LinkedBlockingQueue, queueCapacity: 2000, scheduler: class org.apache.hadoop.ipc.DefaultRpcScheduler, ipcBackoff: false.
2019-10-02 23:01:41,272 [Socket Reader #1 for port 35333] INFO  ipc.Server (Server.java:run(1074)) - Starting Socket Reader #1 for port 35333
2019-10-02 23:01:41,275 [main] INFO  hdfs.DFSUtil (DFSUtil.java:httpServerTemplateForNNAndJN(1641)) - Starting Web-server for scm at: http://0.0.0.0:0
2019-10-02 23:01:41,278 [main] INFO  server.AuthenticationFilter (AuthenticationFilter.java:constructSecretProvider(240)) - Unable to initialize FileSignerSecretProvider, falling back to use random secrets.
2019-10-02 23:01:41,278 [main] WARN  http.HttpRequestLog (HttpRequestLog.java:getRequestLog(97)) - Jetty request log can only be enabled using Log4j
2019-10-02 23:01:41,281 [main] INFO  http.HttpServer2 (HttpServer2.java:addGlobalFilter(975)) - Added global filter 'safety' (class=org.apache.hadoop.http.HttpServer2$QuotingInputFilter)
2019-10-02 23:01:41,282 [main] INFO  http.HttpServer2 (HttpServer2.java:addFilter(948)) - Added filter static_user_filter (class=org.apache.hadoop.http.lib.StaticUserWebFilter$StaticUserFilter) to context scm
2019-10-02 23:01:41,282 [main] INFO  http.HttpServer2 (HttpServer2.java:addFilter(958)) - Added filter static_user_filter (class=org.apache.hadoop.http.lib.StaticUserWebFilter$StaticUserFilter) to context logs
2019-10-02 23:01:41,282 [main] INFO  http.HttpServer2 (HttpServer2.java:addFilter(958)) - Added filter static_user_filter (class=org.apache.hadoop.http.lib.StaticUserWebFilter$StaticUserFilter) to context static
2019-10-02 23:01:41,285 [main] INFO  server.StorageContainerManager (StorageContainerManager.java:start(770)) - StorageContainerLocationProtocol RPC server is listening at /0.0.0.0:35333
2019-10-02 23:01:41,288 [main] WARN  impl.MetricsConfig (MetricsConfig.java:loadFirst(134)) - Cannot locate configuration: tried hadoop-metrics2-storagecontainermanager.properties,hadoop-metrics2.properties
2019-10-02 23:01:41,289 [main] INFO  impl.MetricsSystemImpl (MetricsSystemImpl.java:startTimer(374)) - Scheduled Metric snapshot period at 10 second(s).
2019-10-02 23:01:41,289 [main] INFO  impl.MetricsSystemImpl (MetricsSystemImpl.java:start(191)) - StorageContainerManager metrics system started
2019-10-02 23:01:41,612 [main] WARN  impl.MetricsSystemImpl (MetricsSystemImpl.java:register(276)) - Sink prometheus already exists!
2019-10-02 23:01:41,888 [main] INFO  server.SCMClientProtocolServer (SCMClientProtocolServer.java:start(150)) - RPC server for Client  is listening at /0.0.0.0:35333
2019-10-02 23:01:41,888 [IPC Server Responder] INFO  ipc.Server (Server.java:run(1314)) - IPC Server Responder: starting
2019-10-02 23:01:41,888 [IPC Server listener on 35333] INFO  ipc.Server (Server.java:run(1153)) - IPC Server listener on 35333: starting
2019-10-02 23:01:41,897 [main] INFO  server.StorageContainerManager (StorageContainerManager.java:start(780)) - ScmBlockLocationProtocol RPC server is listening at /0.0.0.0:41510
2019-10-02 23:01:41,898 [main] INFO  server.SCMBlockProtocolServer (SCMBlockProtocolServer.java:start(146)) - RPC server for Block Protocol is listening at /0.0.0.0:41510
2019-10-02 23:01:41,898 [IPC Server Responder] INFO  ipc.Server (Server.java:run(1314)) - IPC Server Responder: starting
2019-10-02 23:01:41,898 [IPC Server listener on 41510] INFO  ipc.Server (Server.java:run(1153)) - IPC Server listener on 41510: starting
2019-10-02 23:01:41,903 [main] INFO  server.StorageContainerManager (StorageContainerManager.java:start(784)) - ScmDatanodeProtocl RPC server is listening at /0.0.0.0:37527
2019-10-02 23:01:41,903 [main] INFO  server.SCMDatanodeProtocolServer (SCMDatanodeProtocolServer.java:start(191)) - RPC server for DataNodes is listening at /0.0.0.0:37527
2019-10-02 23:01:41,909 [IPC Server Responder] INFO  ipc.Server (Server.java:run(1314)) - IPC Server Responder: starting
2019-10-02 23:01:41,914 [IPC Server listener on 37527] INFO  ipc.Server (Server.java:run(1153)) - IPC Server listener on 37527: starting
2019-10-02 23:01:41,926 [main] INFO  http.HttpServer2 (HttpServer2.java:bindListener(1191)) - Jetty bound to port 46636
2019-10-02 23:01:41,926 [main] INFO  server.Server (Server.java:doStart(351)) - jetty-9.3.25.v20180904, build timestamp: 2018-09-04T21:11:46Z, git hash: 3ce520221d0240229c862b122d2b06c12a625732
2019-10-02 23:01:41,928 [main] INFO  handler.ContextHandler (ContextHandler.java:doStart(781)) - Started o.e.j.s.ServletContextHandler@580902cd{/logs,file:///workdir/hadoop-ozone/integration-test/target/log,AVAILABLE}
2019-10-02 23:01:41,929 [main] INFO  handler.ContextHandler (ContextHandler.java:doStart(781)) - Started o.e.j.s.ServletContextHandler@1653b84e{/static,file:///workdir/hadoop-ozone/integration-test/target/test-classes/webapps/static,AVAILABLE}
2019-10-02 23:01:41,934 [main] INFO  handler.ContextHandler (ContextHandler.java:doStart(781)) - Started o.e.j.w.WebAppContext@21edd891{/,file:///workdir/hadoop-ozone/integration-test/target/test-classes/webapps/scm/,AVAILABLE}{/scm}
2019-10-02 23:01:41,935 [main] INFO  server.AbstractConnector (AbstractConnector.java:doStart(278)) - Started ServerConnector@de579ff{HTTP/1.1,[http/1.1]}{0.0.0.0:46636}
2019-10-02 23:01:41,937 [main] INFO  server.Server (Server.java:doStart(419)) - Started @217821ms
2019-10-02 23:01:41,937 [main] WARN  impl.MetricsSystemImpl (MetricsSystemImpl.java:register(276)) - Sink prometheus already exists!
2019-10-02 23:01:41,939 [main] INFO  server.BaseHttpServer (BaseHttpServer.java:updateConnectorAddress(215)) - HTTP server of SCM is listening at http://0.0.0.0:46636
2019-10-02 23:01:41,941 [main] WARN  server.ServerUtils (ServerUtils.java:getDBPath(222)) - ozone.om.db.dirs is not configured. We recommend adding this setting. Falling back to ozone.metadata.dirs instead.
2019-10-02 23:01:41,941 [org.apache.hadoop.util.JvmPauseMonitor$Monitor@2fd39436] INFO  util.JvmPauseMonitor (JvmPauseMonitor.java:run(188)) - Starting JVM pause monitor
2019-10-02 23:01:41,955 [main] WARN  server.ServerUtils (ServerUtils.java:getDBPath(222)) - ozone.om.db.dirs is not configured. We recommend adding this setting. Falling back to ozone.metadata.dirs instead.
2019-10-02 23:01:41,956 [main] WARN  server.ServerUtils (ServerUtils.java:getDBPath(222)) - ozone.om.db.dirs is not configured. We recommend adding this setting. Falling back to ozone.metadata.dirs instead.
2019-10-02 23:01:41,958 [main] INFO  om.OzoneManager (OzoneManager.java:setOMNodeDetails(652)) - OM Service ID is not set. Setting it to the default ID: omServiceIdDefault
2019-10-02 23:01:41,958 [main] INFO  om.OzoneManager (OzoneManager.java:setOMNodeDetails(658)) - OM Node ID is not set. Setting it to the OmStorage's OmID: d13ea51f-977c-4b43-816e-67581997c9a3
2019-10-02 23:01:41,958 [main] INFO  om.OzoneManager (OzoneManager.java:loadOMHAConfigs(609)) - Found matching OM address with OMServiceId: null, OMNodeId: null, RPC Address: localhost:0 and Ratis port: 9872
2019-10-02 23:01:41,971 [main] WARN  server.ServerUtils (ServerUtils.java:getDBPath(222)) - ozone.om.db.dirs is not configured. We recommend adding this setting. Falling back to ozone.metadata.dirs instead.
2019-10-02 23:01:41,971 [main] INFO  db.DBStoreBuilder (DBStoreBuilder.java:addTable(110)) - using custom profile for table: userTable
2019-10-02 23:01:41,972 [main] INFO  db.DBStoreBuilder (DBStoreBuilder.java:processTables(161)) - Using default column profile:DBProfile.DISK for Table:userTable
2019-10-02 23:01:41,972 [main] INFO  db.DBStoreBuilder (DBStoreBuilder.java:addTable(110)) - using custom profile for table: volumeTable
2019-10-02 23:01:41,972 [main] INFO  db.DBStoreBuilder (DBStoreBuilder.java:processTables(161)) - Using default column profile:DBProfile.DISK for Table:volumeTable
2019-10-02 23:01:41,972 [main] INFO  db.DBStoreBuilder (DBStoreBuilder.java:addTable(110)) - using custom profile for table: bucketTable
2019-10-02 23:01:41,973 [main] INFO  db.DBStoreBuilder (DBStoreBuilder.java:processTables(161)) - Using default column profile:DBProfile.DISK for Table:bucketTable
2019-10-02 23:01:41,973 [main] INFO  db.DBStoreBuilder (DBStoreBuilder.java:addTable(110)) - using custom profile for table: keyTable
2019-10-02 23:01:41,973 [main] INFO  db.DBStoreBuilder (DBStoreBuilder.java:processTables(161)) - Using default column profile:DBProfile.DISK for Table:keyTable
2019-10-02 23:01:41,973 [main] INFO  db.DBStoreBuilder (DBStoreBuilder.java:addTable(110)) - using custom profile for table: deletedTable
2019-10-02 23:01:41,974 [main] INFO  db.DBStoreBuilder (DBStoreBuilder.java:processTables(161)) - Using default column profile:DBProfile.DISK for Table:deletedTable
2019-10-02 23:01:41,974 [main] INFO  db.DBStoreBuilder (DBStoreBuilder.java:addTable(110)) - using custom profile for table: openKeyTable
2019-10-02 23:01:41,974 [main] INFO  db.DBStoreBuilder (DBStoreBuilder.java:processTables(161)) - Using default column profile:DBProfile.DISK for Table:openKeyTable
2019-10-02 23:01:41,974 [main] INFO  db.DBStoreBuilder (DBStoreBuilder.java:addTable(110)) - using custom profile for table: s3Table
2019-10-02 23:01:41,975 [main] INFO  db.DBStoreBuilder (DBStoreBuilder.java:processTables(161)) - Using default column profile:DBProfile.DISK for Table:s3Table
2019-10-02 23:01:41,975 [main] INFO  db.DBStoreBuilder (DBStoreBuilder.java:addTable(110)) - using custom profile for table: multipartInfoTable
2019-10-02 23:01:41,975 [main] INFO  db.DBStoreBuilder (DBStoreBuilder.java:processTables(161)) - Using default column profile:DBProfile.DISK for Table:multipartInfoTable
2019-10-02 23:01:41,975 [main] INFO  db.DBStoreBuilder (DBStoreBuilder.java:addTable(110)) - using custom profile for table: dTokenTable
2019-10-02 23:01:41,975 [main] INFO  db.DBStoreBuilder (DBStoreBuilder.java:processTables(161)) - Using default column profile:DBProfile.DISK for Table:dTokenTable
2019-10-02 23:01:41,976 [main] INFO  db.DBStoreBuilder (DBStoreBuilder.java:addTable(110)) - using custom profile for table: s3SecretTable
2019-10-02 23:01:41,976 [main] INFO  db.DBStoreBuilder (DBStoreBuilder.java:processTables(161)) - Using default column profile:DBProfile.DISK for Table:s3SecretTable
2019-10-02 23:01:41,976 [main] INFO  db.DBStoreBuilder (DBStoreBuilder.java:addTable(110)) - using custom profile for table: prefixTable
2019-10-02 23:01:41,976 [main] INFO  db.DBStoreBuilder (DBStoreBuilder.java:processTables(161)) - Using default column profile:DBProfile.DISK for Table:prefixTable
2019-10-02 23:01:41,977 [main] INFO  db.DBStoreBuilder (DBStoreBuilder.java:addTable(110)) - using custom profile for table: default
2019-10-02 23:01:41,977 [main] INFO  db.DBStoreBuilder (DBStoreBuilder.java:processTables(167)) - Using default column profile:DBProfile.DISK for Table:default
2019-10-02 23:01:41,977 [main] INFO  db.DBStoreBuilder (DBStoreBuilder.java:getDbProfile(198)) - Using default options. DBProfile.DISK
2019-10-02 23:01:42,430 [main] INFO  ipc.CallQueueManager (CallQueueManager.java:<init>(84)) - Using callQueue: class java.util.concurrent.LinkedBlockingQueue, queueCapacity: 2000, scheduler: class org.apache.hadoop.ipc.DefaultRpcScheduler, ipcBackoff: false.
2019-10-02 23:01:42,431 [Socket Reader #1 for port 39759] INFO  ipc.Server (Server.java:run(1074)) - Starting Socket Reader #1 for port 39759
2019-10-02 23:01:42,445 [main] INFO  om.OzoneManager (OzoneManager.java:start(1243)) - OzoneManager RPC server is listening at localhost/127.0.0.1:39759
2019-10-02 23:01:42,445 [main] INFO  impl.MetricsSystemImpl (MetricsSystemImpl.java:init(158)) - OzoneManager metrics system started (again)
2019-10-02 23:01:42,446 [IPC Server Responder] INFO  ipc.Server (Server.java:run(1314)) - IPC Server Responder: starting
2019-10-02 23:01:42,446 [IPC Server listener on 39759] INFO  ipc.Server (Server.java:run(1153)) - IPC Server listener on 39759: starting
2019-10-02 23:01:42,454 [main] INFO  hdfs.DFSUtil (DFSUtil.java:httpServerTemplateForNNAndJN(1641)) - Starting Web-server for ozoneManager at: http://0.0.0.0:0
2019-10-02 23:01:42,455 [main] INFO  server.AuthenticationFilter (AuthenticationFilter.java:constructSecretProvider(240)) - Unable to initialize FileSignerSecretProvider, falling back to use random secrets.
2019-10-02 23:01:42,456 [main] WARN  http.HttpRequestLog (HttpRequestLog.java:getRequestLog(97)) - Jetty request log can only be enabled using Log4j
2019-10-02 23:01:42,457 [main] INFO  http.HttpServer2 (HttpServer2.java:addGlobalFilter(975)) - Added global filter 'safety' (class=org.apache.hadoop.http.HttpServer2$QuotingInputFilter)
2019-10-02 23:01:42,457 [main] INFO  http.HttpServer2 (HttpServer2.java:addFilter(948)) - Added filter static_user_filter (class=org.apache.hadoop.http.lib.StaticUserWebFilter$StaticUserFilter) to context ozoneManager
2019-10-02 23:01:42,457 [main] INFO  http.HttpServer2 (HttpServer2.java:addFilter(958)) - Added filter static_user_filter (class=org.apache.hadoop.http.lib.StaticUserWebFilter$StaticUserFilter) to context logs
2019-10-02 23:01:42,458 [main] INFO  http.HttpServer2 (HttpServer2.java:addFilter(958)) - Added filter static_user_filter (class=org.apache.hadoop.http.lib.StaticUserWebFilter$StaticUserFilter) to context static
2019-10-02 23:01:42,458 [main] INFO  http.HttpServer2 (HttpServer2.java:bindListener(1191)) - Jetty bound to port 45563
2019-10-02 23:01:42,458 [main] INFO  server.Server (Server.java:doStart(351)) - jetty-9.3.25.v20180904, build timestamp: 2018-09-04T21:11:46Z, git hash: 3ce520221d0240229c862b122d2b06c12a625732
2019-10-02 23:01:42,460 [main] INFO  handler.ContextHandler (ContextHandler.java:doStart(781)) - Started o.e.j.s.ServletContextHandler@6897a4a{/logs,file:///workdir/hadoop-ozone/integration-test/target/log,AVAILABLE}
2019-10-02 23:01:42,460 [main] INFO  handler.ContextHandler (ContextHandler.java:doStart(781)) - Started o.e.j.s.ServletContextHandler@6bce313{/static,file:///workdir/hadoop-ozone/integration-test/target/test-classes/webapps/static,AVAILABLE}
2019-10-02 23:01:42,463 [main] INFO  handler.ContextHandler (ContextHandler.java:doStart(781)) - Started o.e.j.w.WebAppContext@447fa959{/,file:///workdir/hadoop-ozone/integration-test/target/test-classes/webapps/ozoneManager/,AVAILABLE}{/ozoneManager}
2019-10-02 23:01:42,464 [main] INFO  server.AbstractConnector (AbstractConnector.java:doStart(278)) - Started ServerConnector@3e4d40ea{HTTP/1.1,[http/1.1]}{0.0.0.0:45563}
2019-10-02 23:01:42,465 [main] INFO  server.Server (Server.java:doStart(419)) - Started @218350ms
2019-10-02 23:01:42,466 [main] WARN  impl.MetricsSystemImpl (MetricsSystemImpl.java:register(276)) - Sink prometheus already exists!
2019-10-02 23:01:42,466 [main] INFO  server.BaseHttpServer (BaseHttpServer.java:updateConnectorAddress(215)) - HTTP server of OZONEMANAGER is listening at http://0.0.0.0:45563
2019-10-02 23:01:42,477 [main] INFO  impl.MetricsSystemImpl (MetricsSystemImpl.java:init(158)) - HddsDatanode metrics system started (again)
2019-10-02 23:01:42,490 [main] INFO  ozone.HddsDatanodeService (HddsDatanodeService.java:start(184)) - HddsDatanodeService host:pr-hdds-2226-secures3-kzjg4-641534921 ip:192.168.164.235
2019-10-02 23:01:42,498 [main] INFO  volume.HddsVolume (HddsVolume.java:<init>(176)) - Creating Volume: /workdir/hadoop-ozone/integration-test/target/test-dir/MiniOzoneClusterImpl-44df2c2f-edbb-4bb1-a9d5-29c820e107ce/datanode-0/data/containers/hdds of  storage type : DISK and capacity : 1482555576320
2019-10-02 23:01:42,498 [main] INFO  volume.VolumeSet (VolumeSet.java:initializeVolumeSet(170)) - Added Volume : /workdir/hadoop-ozone/integration-test/target/test-dir/MiniOzoneClusterImpl-44df2c2f-edbb-4bb1-a9d5-29c820e107ce/datanode-0/data/containers/hdds to VolumeSet
2019-10-02 23:01:42,498 [main] INFO  volume.ThrottledAsyncChecker (ThrottledAsyncChecker.java:schedule(139)) - Scheduling a check for org.apache.hadoop.ozone.container.common.volume.HddsVolume@36224f93
2019-10-02 23:01:42,501 [main] INFO  volume.HddsVolumeChecker (HddsVolumeChecker.java:checkAllVolumes(202)) - Scheduled health check for volume org.apache.hadoop.ozone.container.common.volume.HddsVolume@36224f93
2019-10-02 23:01:42,511 [main] INFO  impl.RaftServerProxy (ConfUtils.java:logGet(43)) - raft.rpc.type = GRPC (default)
2019-10-02 23:01:42,512 [main] INFO  grpc.GrpcFactory (GrpcFactory.java:checkPooledByteBufAllocatorUseCacheForAllThreads(45)) - PERFORMANCE WARNING: useCacheForAllThreads is true that may cause Netty to create a lot garbage objects and, as a result, trigger GC.
	It is recommended to disable useCacheForAllThreads by setting -Dorg.apache.ratis.thirdparty.io.netty.allocator.useCacheForAllThreads=false in command line.
2019-10-02 23:01:42,512 [main] INFO  grpc.GrpcConfigKeys$Server (ConfUtils.java:logGet(43)) - raft.grpc.server.port = 0 (default)
2019-10-02 23:01:42,512 [main] INFO  server.GrpcService (ConfUtils.java:logGet(43)) - raft.grpc.message.size.max = 33570816 (custom)
2019-10-02 23:01:42,513 [main] INFO  server.RaftServerConfigKeys (ConfUtils.java:logGet(43)) - raft.server.log.appender.buffer.byte-limit = 33554432 (custom)
2019-10-02 23:01:42,513 [main] INFO  server.GrpcService (ConfUtils.java:logGet(43)) - raft.grpc.flow.control.window = 1MB (=1048576) (default)
2019-10-02 23:01:42,513 [main] INFO  server.RaftServerConfigKeys (ConfUtils.java:logGet(43)) - raft.server.rpc.request.timeout = 3000ms (default)
2019-10-02 23:01:42,514 [main] INFO  server.RaftServerConfigKeys (ConfUtils.java:logGet(43)) - raft.server.storage.dir = [/workdir/hadoop-ozone/integration-test/target/test-dir/MiniOzoneClusterImpl-44df2c2f-edbb-4bb1-a9d5-29c820e107ce/datanode-0/data/ratis] (custom)
2019-10-02 23:01:42,515 [main] INFO  hdfs.DFSUtil (DFSUtil.java:httpServerTemplateForNNAndJN(1641)) - Starting Web-server for hddsDatanode at: http://0.0.0.0:0
2019-10-02 23:01:42,516 [main] INFO  server.AuthenticationFilter (AuthenticationFilter.java:constructSecretProvider(240)) - Unable to initialize FileSignerSecretProvider, falling back to use random secrets.
2019-10-02 23:01:42,517 [main] WARN  http.HttpRequestLog (HttpRequestLog.java:getRequestLog(97)) - Jetty request log can only be enabled using Log4j
2019-10-02 23:01:42,518 [main] INFO  http.HttpServer2 (HttpServer2.java:addGlobalFilter(975)) - Added global filter 'safety' (class=org.apache.hadoop.http.HttpServer2$QuotingInputFilter)
2019-10-02 23:01:42,518 [main] INFO  http.HttpServer2 (HttpServer2.java:addFilter(948)) - Added filter static_user_filter (class=org.apache.hadoop.http.lib.StaticUserWebFilter$StaticUserFilter) to context hddsDatanode
2019-10-02 23:01:42,518 [main] INFO  http.HttpServer2 (HttpServer2.java:addFilter(958)) - Added filter static_user_filter (class=org.apache.hadoop.http.lib.StaticUserWebFilter$StaticUserFilter) to context static
2019-10-02 23:01:42,519 [main] INFO  http.HttpServer2 (HttpServer2.java:addFilter(958)) - Added filter static_user_filter (class=org.apache.hadoop.http.lib.StaticUserWebFilter$StaticUserFilter) to context logs
2019-10-02 23:01:42,519 [main] INFO  http.HttpServer2 (HttpServer2.java:bindListener(1191)) - Jetty bound to port 41212
2019-10-02 23:01:42,519 [main] INFO  server.Server (Server.java:doStart(351)) - jetty-9.3.25.v20180904, build timestamp: 2018-09-04T21:11:46Z, git hash: 3ce520221d0240229c862b122d2b06c12a625732
2019-10-02 23:01:42,521 [main] INFO  handler.ContextHandler (ContextHandler.java:doStart(781)) - Started o.e.j.s.ServletContextHandler@601d6622{/logs,file:///workdir/hadoop-ozone/integration-test/target/log,AVAILABLE}
2019-10-02 23:01:42,522 [main] INFO  handler.ContextHandler (ContextHandler.java:doStart(781)) - Started o.e.j.s.ServletContextHandler@7aded903{/static,jar:file:/home/user/.m2/repository/org/apache/hadoop/hadoop-hdds-container-service/0.5.0-SNAPSHOT/hadoop-hdds-container-service-0.5.0-SNAPSHOT.jar!/webapps/static,AVAILABLE}
2019-10-02 23:01:42,543 [main] INFO  handler.ContextHandler (ContextHandler.java:doStart(781)) - Started o.e.j.w.WebAppContext@3e5beab5{/,file:///tmp/jetty-0.0.0.0-41212-hddsDatanode-_-any-929536619498000188.dir/webapp/,AVAILABLE}{/hddsDatanode}
2019-10-02 23:01:42,544 [main] INFO  server.AbstractConnector (AbstractConnector.java:doStart(278)) - Started ServerConnector@7c588adc{HTTP/1.1,[http/1.1]}{0.0.0.0:41212}
2019-10-02 23:01:42,546 [main] INFO  server.Server (Server.java:doStart(419)) - Started @218430ms
2019-10-02 23:01:42,546 [main] WARN  impl.MetricsSystemImpl (MetricsSystemImpl.java:register(276)) - Sink prometheus already exists!
2019-10-02 23:01:42,547 [main] INFO  server.BaseHttpServer (BaseHttpServer.java:updateConnectorAddress(215)) - HTTP server of HDDSDATANODE is listening at http://0.0.0.0:41212
2019-10-02 23:01:42,547 [main] INFO  impl.MetricsSystemImpl (MetricsSystemImpl.java:init(158)) - HddsDatanode metrics system started (again)
2019-10-02 23:01:42,565 [org.apache.hadoop.util.JvmPauseMonitor$Monitor@3138c9cc] INFO  util.JvmPauseMonitor (JvmPauseMonitor.java:run(188)) - Starting JVM pause monitor
2019-10-02 23:01:42,567 [main] INFO  ozone.HddsDatanodeService (HddsDatanodeService.java:start(184)) - HddsDatanodeService host:pr-hdds-2226-secures3-kzjg4-641534921 ip:192.168.164.235
2019-10-02 23:01:42,567 [Datanode State Machine Thread - 0] INFO  datanode.InitDatanodeState (InitDatanodeState.java:persistContainerDatanodeDetails(140)) - DatanodeDetails is persisted to /workdir/hadoop-ozone/integration-test/target/test-dir/MiniOzoneClusterImpl-44df2c2f-edbb-4bb1-a9d5-29c820e107ce/datanode-0/meta/datanode.id
2019-10-02 23:01:42,575 [main] INFO  volume.HddsVolume (HddsVolume.java:<init>(176)) - Creating Volume: /workdir/hadoop-ozone/integration-test/target/test-dir/MiniOzoneClusterImpl-44df2c2f-edbb-4bb1-a9d5-29c820e107ce/datanode-1/data/containers/hdds of  storage type : DISK and capacity : 1482555576320
2019-10-02 23:01:42,576 [main] INFO  volume.VolumeSet (VolumeSet.java:initializeVolumeSet(170)) - Added Volume : /workdir/hadoop-ozone/integration-test/target/test-dir/MiniOzoneClusterImpl-44df2c2f-edbb-4bb1-a9d5-29c820e107ce/datanode-1/data/containers/hdds to VolumeSet
2019-10-02 23:01:42,576 [main] INFO  volume.ThrottledAsyncChecker (ThrottledAsyncChecker.java:schedule(139)) - Scheduling a check for org.apache.hadoop.ozone.container.common.volume.HddsVolume@3d104c9b
2019-10-02 23:01:42,576 [main] INFO  volume.HddsVolumeChecker (HddsVolumeChecker.java:checkAllVolumes(202)) - Scheduled health check for volume org.apache.hadoop.ozone.container.common.volume.HddsVolume@3d104c9b
2019-10-02 23:01:42,592 [main] INFO  impl.RaftServerProxy (ConfUtils.java:logGet(43)) - raft.rpc.type = GRPC (default)
2019-10-02 23:01:42,592 [main] INFO  grpc.GrpcFactory (GrpcFactory.java:checkPooledByteBufAllocatorUseCacheForAllThreads(45)) - PERFORMANCE WARNING: useCacheForAllThreads is true that may cause Netty to create a lot garbage objects and, as a result, trigger GC.
	It is recommended to disable useCacheForAllThreads by setting -Dorg.apache.ratis.thirdparty.io.netty.allocator.useCacheForAllThreads=false in command line.
2019-10-02 23:01:42,593 [main] INFO  grpc.GrpcConfigKeys$Server (ConfUtils.java:logGet(43)) - raft.grpc.server.port = 0 (default)
2019-10-02 23:01:42,593 [main] INFO  server.GrpcService (ConfUtils.java:logGet(43)) - raft.grpc.message.size.max = 33570816 (custom)
2019-10-02 23:01:42,593 [main] INFO  server.RaftServerConfigKeys (ConfUtils.java:logGet(43)) - raft.server.log.appender.buffer.byte-limit = 33554432 (custom)
2019-10-02 23:01:42,593 [main] INFO  server.GrpcService (ConfUtils.java:logGet(43)) - raft.grpc.flow.control.window = 1MB (=1048576) (default)
2019-10-02 23:01:42,594 [main] INFO  server.RaftServerConfigKeys (ConfUtils.java:logGet(43)) - raft.server.rpc.request.timeout = 3000ms (default)
2019-10-02 23:01:42,594 [main] INFO  server.RaftServerConfigKeys (ConfUtils.java:logGet(43)) - raft.server.storage.dir = [/workdir/hadoop-ozone/integration-test/target/test-dir/MiniOzoneClusterImpl-44df2c2f-edbb-4bb1-a9d5-29c820e107ce/datanode-1/data/ratis] (custom)
2019-10-02 23:01:42,595 [main] INFO  hdfs.DFSUtil (DFSUtil.java:httpServerTemplateForNNAndJN(1641)) - Starting Web-server for hddsDatanode at: http://0.0.0.0:0
2019-10-02 23:01:42,597 [main] INFO  server.AuthenticationFilter (AuthenticationFilter.java:constructSecretProvider(240)) - Unable to initialize FileSignerSecretProvider, falling back to use random secrets.
2019-10-02 23:01:42,598 [main] WARN  http.HttpRequestLog (HttpRequestLog.java:getRequestLog(97)) - Jetty request log can only be enabled using Log4j
2019-10-02 23:01:42,600 [main] INFO  http.HttpServer2 (HttpServer2.java:addGlobalFilter(975)) - Added global filter 'safety' (class=org.apache.hadoop.http.HttpServer2$QuotingInputFilter)
2019-10-02 23:01:42,600 [main] INFO  http.HttpServer2 (HttpServer2.java:addFilter(948)) - Added filter static_user_filter (class=org.apache.hadoop.http.lib.StaticUserWebFilter$StaticUserFilter) to context hddsDatanode
2019-10-02 23:01:42,601 [main] INFO  http.HttpServer2 (HttpServer2.java:addFilter(958)) - Added filter static_user_filter (class=org.apache.hadoop.http.lib.StaticUserWebFilter$StaticUserFilter) to context static
2019-10-02 23:01:42,601 [main] INFO  http.HttpServer2 (HttpServer2.java:addFilter(958)) - Added filter static_user_filter (class=org.apache.hadoop.http.lib.StaticUserWebFilter$StaticUserFilter) to context logs
2019-10-02 23:01:42,602 [main] INFO  http.HttpServer2 (HttpServer2.java:bindListener(1191)) - Jetty bound to port 32895
2019-10-02 23:01:42,602 [main] INFO  server.Server (Server.java:doStart(351)) - jetty-9.3.25.v20180904, build timestamp: 2018-09-04T21:11:46Z, git hash: 3ce520221d0240229c862b122d2b06c12a625732
2019-10-02 23:01:42,604 [main] INFO  handler.ContextHandler (ContextHandler.java:doStart(781)) - Started o.e.j.s.ServletContextHandler@4dc52559{/logs,file:///workdir/hadoop-ozone/integration-test/target/log,AVAILABLE}
2019-10-02 23:01:42,605 [main] INFO  handler.ContextHandler (ContextHandler.java:doStart(781)) - Started o.e.j.s.ServletContextHandler@119290b9{/static,jar:file:/home/user/.m2/repository/org/apache/hadoop/hadoop-hdds-container-service/0.5.0-SNAPSHOT/hadoop-hdds-container-service-0.5.0-SNAPSHOT.jar!/webapps/static,AVAILABLE}
2019-10-02 23:01:42,646 [main] INFO  handler.ContextHandler (ContextHandler.java:doStart(781)) - Started o.e.j.w.WebAppContext@437ed416{/,file:///tmp/jetty-0.0.0.0-32895-hddsDatanode-_-any-998297766808849279.dir/webapp/,AVAILABLE}{/hddsDatanode}
2019-10-02 23:01:42,646 [main] INFO  server.AbstractConnector (AbstractConnector.java:doStart(278)) - Started ServerConnector@11f23038{HTTP/1.1,[http/1.1]}{0.0.0.0:32895}
2019-10-02 23:01:42,649 [main] INFO  server.Server (Server.java:doStart(419)) - Started @218534ms
2019-10-02 23:01:42,650 [main] WARN  impl.MetricsSystemImpl (MetricsSystemImpl.java:register(276)) - Sink prometheus already exists!
2019-10-02 23:01:42,650 [main] INFO  server.BaseHttpServer (BaseHttpServer.java:updateConnectorAddress(215)) - HTTP server of HDDSDATANODE is listening at http://0.0.0.0:32895
2019-10-02 23:01:42,651 [main] INFO  impl.MetricsSystemImpl (MetricsSystemImpl.java:init(158)) - HddsDatanode metrics system started (again)
2019-10-02 23:01:42,670 [org.apache.hadoop.util.JvmPauseMonitor$Monitor@62478fe1] INFO  util.JvmPauseMonitor (JvmPauseMonitor.java:run(188)) - Starting JVM pause monitor
2019-10-02 23:01:42,672 [Datanode State Machine Thread - 0] INFO  datanode.InitDatanodeState (InitDatanodeState.java:persistContainerDatanodeDetails(140)) - DatanodeDetails is persisted to /workdir/hadoop-ozone/integration-test/target/test-dir/MiniOzoneClusterImpl-44df2c2f-edbb-4bb1-a9d5-29c820e107ce/datanode-1/meta/datanode.id
2019-10-02 23:01:42,672 [main] INFO  ozone.HddsDatanodeService (HddsDatanodeService.java:start(184)) - HddsDatanodeService host:pr-hdds-2226-secures3-kzjg4-641534921 ip:192.168.164.235
2019-10-02 23:01:42,684 [main] INFO  volume.HddsVolume (HddsVolume.java:<init>(176)) - Creating Volume: /workdir/hadoop-ozone/integration-test/target/test-dir/MiniOzoneClusterImpl-44df2c2f-edbb-4bb1-a9d5-29c820e107ce/datanode-2/data/containers/hdds of  storage type : DISK and capacity : 1482555576320
2019-10-02 23:01:42,685 [main] INFO  volume.VolumeSet (VolumeSet.java:initializeVolumeSet(170)) - Added Volume : /workdir/hadoop-ozone/integration-test/target/test-dir/MiniOzoneClusterImpl-44df2c2f-edbb-4bb1-a9d5-29c820e107ce/datanode-2/data/containers/hdds to VolumeSet
2019-10-02 23:01:42,685 [main] INFO  volume.ThrottledAsyncChecker (ThrottledAsyncChecker.java:schedule(139)) - Scheduling a check for org.apache.hadoop.ozone.container.common.volume.HddsVolume@50ec4bfc
2019-10-02 23:01:42,685 [main] INFO  volume.HddsVolumeChecker (HddsVolumeChecker.java:checkAllVolumes(202)) - Scheduled health check for volume org.apache.hadoop.ozone.container.common.volume.HddsVolume@50ec4bfc
2019-10-02 23:01:42,706 [main] INFO  impl.RaftServerProxy (ConfUtils.java:logGet(43)) - raft.rpc.type = GRPC (default)
2019-10-02 23:01:42,706 [main] INFO  grpc.GrpcFactory (GrpcFactory.java:checkPooledByteBufAllocatorUseCacheForAllThreads(45)) - PERFORMANCE WARNING: useCacheForAllThreads is true that may cause Netty to create a lot garbage objects and, as a result, trigger GC.
	It is recommended to disable useCacheForAllThreads by setting -Dorg.apache.ratis.thirdparty.io.netty.allocator.useCacheForAllThreads=false in command line.
2019-10-02 23:01:42,707 [main] INFO  grpc.GrpcConfigKeys$Server (ConfUtils.java:logGet(43)) - raft.grpc.server.port = 0 (default)
2019-10-02 23:01:42,707 [main] INFO  server.GrpcService (ConfUtils.java:logGet(43)) - raft.grpc.message.size.max = 33570816 (custom)
2019-10-02 23:01:42,707 [main] INFO  server.RaftServerConfigKeys (ConfUtils.java:logGet(43)) - raft.server.log.appender.buffer.byte-limit = 33554432 (custom)
2019-10-02 23:01:42,707 [main] INFO  server.GrpcService (ConfUtils.java:logGet(43)) - raft.grpc.flow.control.window = 1MB (=1048576) (default)
2019-10-02 23:01:42,707 [main] INFO  server.RaftServerConfigKeys (ConfUtils.java:logGet(43)) - raft.server.rpc.request.timeout = 3000ms (default)
2019-10-02 23:01:42,708 [main] INFO  server.RaftServerConfigKeys (ConfUtils.java:logGet(43)) - raft.server.storage.dir = [/workdir/hadoop-ozone/integration-test/target/test-dir/MiniOzoneClusterImpl-44df2c2f-edbb-4bb1-a9d5-29c820e107ce/datanode-2/data/ratis] (custom)
2019-10-02 23:01:42,709 [main] INFO  hdfs.DFSUtil (DFSUtil.java:httpServerTemplateForNNAndJN(1641)) - Starting Web-server for hddsDatanode at: http://0.0.0.0:0
2019-10-02 23:01:42,710 [main] INFO  server.AuthenticationFilter (AuthenticationFilter.java:constructSecretProvider(240)) - Unable to initialize FileSignerSecretProvider, falling back to use random secrets.
2019-10-02 23:01:42,711 [main] WARN  http.HttpRequestLog (HttpRequestLog.java:getRequestLog(97)) - Jetty request log can only be enabled using Log4j
2019-10-02 23:01:42,712 [main] INFO  http.HttpServer2 (HttpServer2.java:addGlobalFilter(975)) - Added global filter 'safety' (class=org.apache.hadoop.http.HttpServer2$QuotingInputFilter)
2019-10-02 23:01:42,713 [main] INFO  http.HttpServer2 (HttpServer2.java:addFilter(948)) - Added filter static_user_filter (class=org.apache.hadoop.http.lib.StaticUserWebFilter$StaticUserFilter) to context hddsDatanode
2019-10-02 23:01:42,713 [main] INFO  http.HttpServer2 (HttpServer2.java:addFilter(958)) - Added filter static_user_filter (class=org.apache.hadoop.http.lib.StaticUserWebFilter$StaticUserFilter) to context logs
2019-10-02 23:01:42,713 [main] INFO  http.HttpServer2 (HttpServer2.java:addFilter(958)) - Added filter static_user_filter (class=org.apache.hadoop.http.lib.StaticUserWebFilter$StaticUserFilter) to context static
2019-10-02 23:01:42,714 [main] INFO  http.HttpServer2 (HttpServer2.java:bindListener(1191)) - Jetty bound to port 42569
2019-10-02 23:01:42,714 [main] INFO  server.Server (Server.java:doStart(351)) - jetty-9.3.25.v20180904, build timestamp: 2018-09-04T21:11:46Z, git hash: 3ce520221d0240229c862b122d2b06c12a625732
2019-10-02 23:01:42,716 [main] INFO  handler.ContextHandler (ContextHandler.java:doStart(781)) - Started o.e.j.s.ServletContextHandler@45037e16{/logs,file:///workdir/hadoop-ozone/integration-test/target/log,AVAILABLE}
2019-10-02 23:01:42,716 [main] INFO  handler.ContextHandler (ContextHandler.java:doStart(781)) - Started o.e.j.s.ServletContextHandler@6222391a{/static,jar:file:/home/user/.m2/repository/org/apache/hadoop/hadoop-hdds-container-service/0.5.0-SNAPSHOT/hadoop-hdds-container-service-0.5.0-SNAPSHOT.jar!/webapps/static,AVAILABLE}
2019-10-02 23:01:42,746 [main] INFO  handler.ContextHandler (ContextHandler.java:doStart(781)) - Started o.e.j.w.WebAppContext@8641b7d{/,file:///tmp/jetty-0.0.0.0-42569-hddsDatanode-_-any-6629413694367021693.dir/webapp/,AVAILABLE}{/hddsDatanode}
2019-10-02 23:01:42,747 [main] INFO  server.AbstractConnector (AbstractConnector.java:doStart(278)) - Started ServerConnector@37c7766e{HTTP/1.1,[http/1.1]}{0.0.0.0:42569}
2019-10-02 23:01:42,750 [main] INFO  server.Server (Server.java:doStart(419)) - Started @218635ms
2019-10-02 23:01:42,750 [main] WARN  impl.MetricsSystemImpl (MetricsSystemImpl.java:register(276)) - Sink prometheus already exists!
2019-10-02 23:01:42,754 [main] INFO  server.BaseHttpServer (BaseHttpServer.java:updateConnectorAddress(215)) - HTTP server of HDDSDATANODE is listening at http://0.0.0.0:42569
2019-10-02 23:01:42,754 [main] INFO  impl.MetricsSystemImpl (MetricsSystemImpl.java:init(158)) - HddsDatanode metrics system started (again)
2019-10-02 23:01:42,771 [org.apache.hadoop.util.JvmPauseMonitor$Monitor@181e1f08] INFO  util.JvmPauseMonitor (JvmPauseMonitor.java:run(188)) - Starting JVM pause monitor
2019-10-02 23:01:42,776 [Datanode State Machine Thread - 0] INFO  datanode.InitDatanodeState (InitDatanodeState.java:persistContainerDatanodeDetails(140)) - DatanodeDetails is persisted to /workdir/hadoop-ozone/integration-test/target/test-dir/MiniOzoneClusterImpl-44df2c2f-edbb-4bb1-a9d5-29c820e107ce/datanode-2/meta/datanode.id
2019-10-02 23:01:42,776 [main] INFO  ozone.HddsDatanodeService (HddsDatanodeService.java:start(184)) - HddsDatanodeService host:pr-hdds-2226-secures3-kzjg4-641534921 ip:192.168.164.235
2019-10-02 23:01:42,786 [main] INFO  volume.HddsVolume (HddsVolume.java:<init>(176)) - Creating Volume: /workdir/hadoop-ozone/integration-test/target/test-dir/MiniOzoneClusterImpl-44df2c2f-edbb-4bb1-a9d5-29c820e107ce/datanode-3/data/containers/hdds of  storage type : DISK and capacity : 1482555576320
2019-10-02 23:01:42,786 [main] INFO  volume.VolumeSet (VolumeSet.java:initializeVolumeSet(170)) - Added Volume : /workdir/hadoop-ozone/integration-test/target/test-dir/MiniOzoneClusterImpl-44df2c2f-edbb-4bb1-a9d5-29c820e107ce/datanode-3/data/containers/hdds to VolumeSet
2019-10-02 23:01:42,786 [main] INFO  volume.ThrottledAsyncChecker (ThrottledAsyncChecker.java:schedule(139)) - Scheduling a check for org.apache.hadoop.ozone.container.common.volume.HddsVolume@3caee3a8
2019-10-02 23:01:42,787 [main] INFO  volume.HddsVolumeChecker (HddsVolumeChecker.java:checkAllVolumes(202)) - Scheduled health check for volume org.apache.hadoop.ozone.container.common.volume.HddsVolume@3caee3a8
2019-10-02 23:01:42,802 [main] INFO  impl.RaftServerProxy (ConfUtils.java:logGet(43)) - raft.rpc.type = GRPC (default)
2019-10-02 23:01:42,802 [main] INFO  grpc.GrpcFactory (GrpcFactory.java:checkPooledByteBufAllocatorUseCacheForAllThreads(45)) - PERFORMANCE WARNING: useCacheForAllThreads is true that may cause Netty to create a lot garbage objects and, as a result, trigger GC.
	It is recommended to disable useCacheForAllThreads by setting -Dorg.apache.ratis.thirdparty.io.netty.allocator.useCacheForAllThreads=false in command line.
2019-10-02 23:01:42,802 [main] INFO  grpc.GrpcConfigKeys$Server (ConfUtils.java:logGet(43)) - raft.grpc.server.port = 0 (default)
2019-10-02 23:01:42,802 [main] INFO  server.GrpcService (ConfUtils.java:logGet(43)) - raft.grpc.message.size.max = 33570816 (custom)
2019-10-02 23:01:42,802 [main] INFO  server.RaftServerConfigKeys (ConfUtils.java:logGet(43)) - raft.server.log.appender.buffer.byte-limit = 33554432 (custom)
2019-10-02 23:01:42,803 [main] INFO  server.GrpcService (ConfUtils.java:logGet(43)) - raft.grpc.flow.control.window = 1MB (=1048576) (default)
2019-10-02 23:01:42,803 [main] INFO  server.RaftServerConfigKeys (ConfUtils.java:logGet(43)) - raft.server.rpc.request.timeout = 3000ms (default)
2019-10-02 23:01:42,803 [main] INFO  server.RaftServerConfigKeys (ConfUtils.java:logGet(43)) - raft.server.storage.dir = [/workdir/hadoop-ozone/integration-test/target/test-dir/MiniOzoneClusterImpl-44df2c2f-edbb-4bb1-a9d5-29c820e107ce/datanode-3/data/ratis] (custom)
2019-10-02 23:01:42,808 [main] INFO  hdfs.DFSUtil (DFSUtil.java:httpServerTemplateForNNAndJN(1641)) - Starting Web-server for hddsDatanode at: http://0.0.0.0:0
2019-10-02 23:01:42,809 [main] INFO  server.AuthenticationFilter (AuthenticationFilter.java:constructSecretProvider(240)) - Unable to initialize FileSignerSecretProvider, falling back to use random secrets.
2019-10-02 23:01:42,809 [main] WARN  http.HttpRequestLog (HttpRequestLog.java:getRequestLog(97)) - Jetty request log can only be enabled using Log4j
2019-10-02 23:01:42,810 [main] INFO  http.HttpServer2 (HttpServer2.java:addGlobalFilter(975)) - Added global filter 'safety' (class=org.apache.hadoop.http.HttpServer2$QuotingInputFilter)
2019-10-02 23:01:42,811 [main] INFO  http.HttpServer2 (HttpServer2.java:addFilter(948)) - Added filter static_user_filter (class=org.apache.hadoop.http.lib.StaticUserWebFilter$StaticUserFilter) to context hddsDatanode
2019-10-02 23:01:42,811 [main] INFO  http.HttpServer2 (HttpServer2.java:addFilter(958)) - Added filter static_user_filter (class=org.apache.hadoop.http.lib.StaticUserWebFilter$StaticUserFilter) to context static
2019-10-02 23:01:42,811 [main] INFO  http.HttpServer2 (HttpServer2.java:addFilter(958)) - Added filter static_user_filter (class=org.apache.hadoop.http.lib.StaticUserWebFilter$StaticUserFilter) to context logs
2019-10-02 23:01:42,812 [main] INFO  http.HttpServer2 (HttpServer2.java:bindListener(1191)) - Jetty bound to port 34319
2019-10-02 23:01:42,812 [main] INFO  server.Server (Server.java:doStart(351)) - jetty-9.3.25.v20180904, build timestamp: 2018-09-04T21:11:46Z, git hash: 3ce520221d0240229c862b122d2b06c12a625732
2019-10-02 23:01:42,813 [main] INFO  handler.ContextHandler (ContextHandler.java:doStart(781)) - Started o.e.j.s.ServletContextHandler@64f4f12{/logs,file:///workdir/hadoop-ozone/integration-test/target/log,AVAILABLE}
2019-10-02 23:01:42,814 [main] INFO  handler.ContextHandler (ContextHandler.java:doStart(781)) - Started o.e.j.s.ServletContextHandler@7d0cd23c{/static,jar:file:/home/user/.m2/repository/org/apache/hadoop/hadoop-hdds-container-service/0.5.0-SNAPSHOT/hadoop-hdds-container-service-0.5.0-SNAPSHOT.jar!/webapps/static,AVAILABLE}
2019-10-02 23:01:42,841 [main] INFO  handler.ContextHandler (ContextHandler.java:doStart(781)) - Started o.e.j.w.WebAppContext@6075b369{/,file:///tmp/jetty-0.0.0.0-34319-hddsDatanode-_-any-6403756268708394419.dir/webapp/,AVAILABLE}{/hddsDatanode}
2019-10-02 23:01:42,841 [main] INFO  server.AbstractConnector (AbstractConnector.java:doStart(278)) - Started ServerConnector@231cdda8{HTTP/1.1,[http/1.1]}{0.0.0.0:34319}
2019-10-02 23:01:42,845 [main] INFO  server.Server (Server.java:doStart(419)) - Started @218729ms
2019-10-02 23:01:42,845 [main] WARN  impl.MetricsSystemImpl (MetricsSystemImpl.java:register(276)) - Sink prometheus already exists!
2019-10-02 23:01:42,845 [main] INFO  server.BaseHttpServer (BaseHttpServer.java:updateConnectorAddress(215)) - HTTP server of HDDSDATANODE is listening at http://0.0.0.0:34319
2019-10-02 23:01:42,845 [main] INFO  impl.MetricsSystemImpl (MetricsSystemImpl.java:init(158)) - HddsDatanode metrics system started (again)
2019-10-02 23:01:42,863 [org.apache.hadoop.util.JvmPauseMonitor$Monitor@64d27dcc] INFO  util.JvmPauseMonitor (JvmPauseMonitor.java:run(188)) - Starting JVM pause monitor
2019-10-02 23:01:42,864 [Datanode State Machine Thread - 0] INFO  datanode.InitDatanodeState (InitDatanodeState.java:persistContainerDatanodeDetails(140)) - DatanodeDetails is persisted to /workdir/hadoop-ozone/integration-test/target/test-dir/MiniOzoneClusterImpl-44df2c2f-edbb-4bb1-a9d5-29c820e107ce/datanode-3/meta/datanode.id
2019-10-02 23:01:42,864 [main] INFO  ozone.HddsDatanodeService (HddsDatanodeService.java:start(184)) - HddsDatanodeService host:pr-hdds-2226-secures3-kzjg4-641534921 ip:192.168.164.235
2019-10-02 23:01:42,873 [main] INFO  volume.HddsVolume (HddsVolume.java:<init>(176)) - Creating Volume: /workdir/hadoop-ozone/integration-test/target/test-dir/MiniOzoneClusterImpl-44df2c2f-edbb-4bb1-a9d5-29c820e107ce/datanode-4/data/containers/hdds of  storage type : DISK and capacity : 1482555576320
2019-10-02 23:01:42,873 [main] INFO  volume.VolumeSet (VolumeSet.java:initializeVolumeSet(170)) - Added Volume : /workdir/hadoop-ozone/integration-test/target/test-dir/MiniOzoneClusterImpl-44df2c2f-edbb-4bb1-a9d5-29c820e107ce/datanode-4/data/containers/hdds to VolumeSet
2019-10-02 23:01:42,873 [main] INFO  volume.ThrottledAsyncChecker (ThrottledAsyncChecker.java:schedule(139)) - Scheduling a check for org.apache.hadoop.ozone.container.common.volume.HddsVolume@2bec068b
2019-10-02 23:01:42,874 [main] INFO  volume.HddsVolumeChecker (HddsVolumeChecker.java:checkAllVolumes(202)) - Scheduled health check for volume org.apache.hadoop.ozone.container.common.volume.HddsVolume@2bec068b
2019-10-02 23:01:42,887 [main] INFO  impl.RaftServerProxy (ConfUtils.java:logGet(43)) - raft.rpc.type = GRPC (default)
2019-10-02 23:01:42,888 [main] INFO  grpc.GrpcFactory (GrpcFactory.java:checkPooledByteBufAllocatorUseCacheForAllThreads(45)) - PERFORMANCE WARNING: useCacheForAllThreads is true that may cause Netty to create a lot garbage objects and, as a result, trigger GC.
	It is recommended to disable useCacheForAllThreads by setting -Dorg.apache.ratis.thirdparty.io.netty.allocator.useCacheForAllThreads=false in command line.
2019-10-02 23:01:42,888 [main] INFO  grpc.GrpcConfigKeys$Server (ConfUtils.java:logGet(43)) - raft.grpc.server.port = 0 (default)
2019-10-02 23:01:42,888 [main] INFO  server.GrpcService (ConfUtils.java:logGet(43)) - raft.grpc.message.size.max = 33570816 (custom)
2019-10-02 23:01:42,888 [main] INFO  server.RaftServerConfigKeys (ConfUtils.java:logGet(43)) - raft.server.log.appender.buffer.byte-limit = 33554432 (custom)
2019-10-02 23:01:42,888 [main] INFO  server.GrpcService (ConfUtils.java:logGet(43)) - raft.grpc.flow.control.window = 1MB (=1048576) (default)
2019-10-02 23:01:42,888 [main] INFO  server.RaftServerConfigKeys (ConfUtils.java:logGet(43)) - raft.server.rpc.request.timeout = 3000ms (default)
2019-10-02 23:01:42,889 [main] INFO  server.RaftServerConfigKeys (ConfUtils.java:logGet(43)) - raft.server.storage.dir = [/workdir/hadoop-ozone/integration-test/target/test-dir/MiniOzoneClusterImpl-44df2c2f-edbb-4bb1-a9d5-29c820e107ce/datanode-4/data/ratis] (custom)
2019-10-02 23:01:42,890 [main] INFO  hdfs.DFSUtil (DFSUtil.java:httpServerTemplateForNNAndJN(1641)) - Starting Web-server for hddsDatanode at: http://0.0.0.0:0
2019-10-02 23:01:42,891 [main] INFO  server.AuthenticationFilter (AuthenticationFilter.java:constructSecretProvider(240)) - Unable to initialize FileSignerSecretProvider, falling back to use random secrets.
2019-10-02 23:01:42,891 [main] WARN  http.HttpRequestLog (HttpRequestLog.java:getRequestLog(97)) - Jetty request log can only be enabled using Log4j
2019-10-02 23:01:42,893 [main] INFO  http.HttpServer2 (HttpServer2.java:addGlobalFilter(975)) - Added global filter 'safety' (class=org.apache.hadoop.http.HttpServer2$QuotingInputFilter)
2019-10-02 23:01:42,893 [main] INFO  http.HttpServer2 (HttpServer2.java:addFilter(948)) - Added filter static_user_filter (class=org.apache.hadoop.http.lib.StaticUserWebFilter$StaticUserFilter) to context hddsDatanode
2019-10-02 23:01:42,893 [main] INFO  http.HttpServer2 (HttpServer2.java:addFilter(958)) - Added filter static_user_filter (class=org.apache.hadoop.http.lib.StaticUserWebFilter$StaticUserFilter) to context static
2019-10-02 23:01:42,893 [main] INFO  http.HttpServer2 (HttpServer2.java:addFilter(958)) - Added filter static_user_filter (class=org.apache.hadoop.http.lib.StaticUserWebFilter$StaticUserFilter) to context logs
2019-10-02 23:01:42,894 [main] INFO  http.HttpServer2 (HttpServer2.java:bindListener(1191)) - Jetty bound to port 38829
2019-10-02 23:01:42,894 [main] INFO  server.Server (Server.java:doStart(351)) - jetty-9.3.25.v20180904, build timestamp: 2018-09-04T21:11:46Z, git hash: 3ce520221d0240229c862b122d2b06c12a625732
2019-10-02 23:01:42,896 [main] INFO  handler.ContextHandler (ContextHandler.java:doStart(781)) - Started o.e.j.s.ServletContextHandler@6f50d55c{/logs,file:///workdir/hadoop-ozone/integration-test/target/log,AVAILABLE}
2019-10-02 23:01:42,896 [main] INFO  handler.ContextHandler (ContextHandler.java:doStart(781)) - Started o.e.j.s.ServletContextHandler@5fb3111a{/static,jar:file:/home/user/.m2/repository/org/apache/hadoop/hadoop-hdds-container-service/0.5.0-SNAPSHOT/hadoop-hdds-container-service-0.5.0-SNAPSHOT.jar!/webapps/static,AVAILABLE}
2019-10-02 23:01:42,922 [main] INFO  handler.ContextHandler (ContextHandler.java:doStart(781)) - Started o.e.j.w.WebAppContext@31ab1e67{/,file:///tmp/jetty-0.0.0.0-38829-hddsDatanode-_-any-3127867634473123360.dir/webapp/,AVAILABLE}{/hddsDatanode}
2019-10-02 23:01:42,923 [main] INFO  server.AbstractConnector (AbstractConnector.java:doStart(278)) - Started ServerConnector@29bbc391{HTTP/1.1,[http/1.1]}{0.0.0.0:38829}
2019-10-02 23:01:42,926 [main] INFO  server.Server (Server.java:doStart(419)) - Started @218811ms
2019-10-02 23:01:42,926 [main] WARN  impl.MetricsSystemImpl (MetricsSystemImpl.java:register(276)) - Sink prometheus already exists!
2019-10-02 23:01:42,927 [main] INFO  server.BaseHttpServer (BaseHttpServer.java:updateConnectorAddress(215)) - HTTP server of HDDSDATANODE is listening at http://0.0.0.0:38829
2019-10-02 23:01:42,928 [main] INFO  impl.MetricsSystemImpl (MetricsSystemImpl.java:init(158)) - HddsDatanode metrics system started (again)
2019-10-02 23:01:42,946 [org.apache.hadoop.util.JvmPauseMonitor$Monitor@4310fcb] INFO  util.JvmPauseMonitor (JvmPauseMonitor.java:run(188)) - Starting JVM pause monitor
2019-10-02 23:01:42,947 [main] INFO  ozone.HddsDatanodeService (HddsDatanodeService.java:start(184)) - HddsDatanodeService host:pr-hdds-2226-secures3-kzjg4-641534921 ip:192.168.164.235
2019-10-02 23:01:42,948 [Datanode State Machine Thread - 0] INFO  datanode.InitDatanodeState (InitDatanodeState.java:persistContainerDatanodeDetails(140)) - DatanodeDetails is persisted to /workdir/hadoop-ozone/integration-test/target/test-dir/MiniOzoneClusterImpl-44df2c2f-edbb-4bb1-a9d5-29c820e107ce/datanode-4/meta/datanode.id
2019-10-02 23:01:42,952 [grpc-default-executor-4] WARN  server.GrpcLogAppender (LogUtils.java:warn(134)) - fcba0785-f97d-467b-bf4a-b8770d23999e@group-46A3ED0F2391->5a74c2cb-7fbd-45a4-bebb-7c3e07876900-AppendLogResponseHandler: Failed appendEntries: org.apache.ratis.thirdparty.io.grpc.StatusRuntimeException: UNAVAILABLE: io exception
2019-10-02 23:01:42,952 [grpc-default-executor-4] INFO  impl.FollowerInfo (FollowerInfo.java:lambda$new$0(51)) - fcba0785-f97d-467b-bf4a-b8770d23999e@group-46A3ED0F2391->5a74c2cb-7fbd-45a4-bebb-7c3e07876900: nextIndex: updateUnconditionally 0 -> 0
2019-10-02 23:01:42,959 [main] INFO  volume.HddsVolume (HddsVolume.java:<init>(176)) - Creating Volume: /workdir/hadoop-ozone/integration-test/target/test-dir/MiniOzoneClusterImpl-44df2c2f-edbb-4bb1-a9d5-29c820e107ce/datanode-5/data/containers/hdds of  storage type : DISK and capacity : 1482555576320
2019-10-02 23:01:42,955 [grpc-default-executor-7] WARN  server.GrpcLogAppender (LogUtils.java:warn(134)) - fcba0785-f97d-467b-bf4a-b8770d23999e@group-46A3ED0F2391->001004e8-1446-4815-8af8-275eb2e7f1ab-AppendLogResponseHandler: Failed appendEntries: org.apache.ratis.thirdparty.io.grpc.StatusRuntimeException: UNAVAILABLE: io exception
2019-10-02 23:01:42,961 [main] INFO  volume.VolumeSet (VolumeSet.java:initializeVolumeSet(170)) - Added Volume : /workdir/hadoop-ozone/integration-test/target/test-dir/MiniOzoneClusterImpl-44df2c2f-edbb-4bb1-a9d5-29c820e107ce/datanode-5/data/containers/hdds to VolumeSet
2019-10-02 23:01:42,961 [grpc-default-executor-7] INFO  impl.FollowerInfo (FollowerInfo.java:lambda$new$0(51)) - fcba0785-f97d-467b-bf4a-b8770d23999e@group-46A3ED0F2391->001004e8-1446-4815-8af8-275eb2e7f1ab: nextIndex: updateUnconditionally 0 -> 0
2019-10-02 23:01:42,962 [main] INFO  volume.ThrottledAsyncChecker (ThrottledAsyncChecker.java:schedule(139)) - Scheduling a check for org.apache.hadoop.ozone.container.common.volume.HddsVolume@75e80a97
2019-10-02 23:01:42,962 [main] INFO  volume.HddsVolumeChecker (HddsVolumeChecker.java:checkAllVolumes(202)) - Scheduled health check for volume org.apache.hadoop.ozone.container.common.volume.HddsVolume@75e80a97
2019-10-02 23:01:42,976 [main] INFO  impl.RaftServerProxy (ConfUtils.java:logGet(43)) - raft.rpc.type = GRPC (default)
2019-10-02 23:01:42,976 [main] INFO  grpc.GrpcFactory (GrpcFactory.java:checkPooledByteBufAllocatorUseCacheForAllThreads(45)) - PERFORMANCE WARNING: useCacheForAllThreads is true that may cause Netty to create a lot garbage objects and, as a result, trigger GC.
	It is recommended to disable useCacheForAllThreads by setting -Dorg.apache.ratis.thirdparty.io.netty.allocator.useCacheForAllThreads=false in command line.
2019-10-02 23:01:42,976 [main] INFO  grpc.GrpcConfigKeys$Server (ConfUtils.java:logGet(43)) - raft.grpc.server.port = 0 (default)
2019-10-02 23:01:42,976 [main] INFO  server.GrpcService (ConfUtils.java:logGet(43)) - raft.grpc.message.size.max = 33570816 (custom)
2019-10-02 23:01:42,976 [main] INFO  server.RaftServerConfigKeys (ConfUtils.java:logGet(43)) - raft.server.log.appender.buffer.byte-limit = 33554432 (custom)
2019-10-02 23:01:42,977 [main] INFO  server.GrpcService (ConfUtils.java:logGet(43)) - raft.grpc.flow.control.window = 1MB (=1048576) (default)
2019-10-02 23:01:42,977 [main] INFO  server.RaftServerConfigKeys (ConfUtils.java:logGet(43)) - raft.server.rpc.request.timeout = 3000ms (default)
2019-10-02 23:01:42,977 [main] INFO  server.RaftServerConfigKeys (ConfUtils.java:logGet(43)) - raft.server.storage.dir = [/workdir/hadoop-ozone/integration-test/target/test-dir/MiniOzoneClusterImpl-44df2c2f-edbb-4bb1-a9d5-29c820e107ce/datanode-5/data/ratis] (custom)
2019-10-02 23:01:42,979 [main] INFO  hdfs.DFSUtil (DFSUtil.java:httpServerTemplateForNNAndJN(1641)) - Starting Web-server for hddsDatanode at: http://0.0.0.0:0
2019-10-02 23:01:42,980 [main] INFO  server.AuthenticationFilter (AuthenticationFilter.java:constructSecretProvider(240)) - Unable to initialize FileSignerSecretProvider, falling back to use random secrets.
2019-10-02 23:01:42,981 [main] WARN  http.HttpRequestLog (HttpRequestLog.java:getRequestLog(97)) - Jetty request log can only be enabled using Log4j
2019-10-02 23:01:42,982 [main] INFO  http.HttpServer2 (HttpServer2.java:addGlobalFilter(975)) - Added global filter 'safety' (class=org.apache.hadoop.http.HttpServer2$QuotingInputFilter)
2019-10-02 23:01:42,983 [main] INFO  http.HttpServer2 (HttpServer2.java:addFilter(948)) - Added filter static_user_filter (class=org.apache.hadoop.http.lib.StaticUserWebFilter$StaticUserFilter) to context hddsDatanode
2019-10-02 23:01:42,983 [main] INFO  http.HttpServer2 (HttpServer2.java:addFilter(958)) - Added filter static_user_filter (class=org.apache.hadoop.http.lib.StaticUserWebFilter$StaticUserFilter) to context static
2019-10-02 23:01:42,983 [main] INFO  http.HttpServer2 (HttpServer2.java:addFilter(958)) - Added filter static_user_filter (class=org.apache.hadoop.http.lib.StaticUserWebFilter$StaticUserFilter) to context logs
2019-10-02 23:01:42,984 [main] INFO  http.HttpServer2 (HttpServer2.java:bindListener(1191)) - Jetty bound to port 43307
2019-10-02 23:01:42,984 [main] INFO  server.Server (Server.java:doStart(351)) - jetty-9.3.25.v20180904, build timestamp: 2018-09-04T21:11:46Z, git hash: 3ce520221d0240229c862b122d2b06c12a625732
2019-10-02 23:01:42,986 [main] INFO  handler.ContextHandler (ContextHandler.java:doStart(781)) - Started o.e.j.s.ServletContextHandler@546ed2a0{/logs,file:///workdir/hadoop-ozone/integration-test/target/log,AVAILABLE}
2019-10-02 23:01:42,987 [main] INFO  handler.ContextHandler (ContextHandler.java:doStart(781)) - Started o.e.j.s.ServletContextHandler@27ec8754{/static,jar:file:/home/user/.m2/repository/org/apache/hadoop/hadoop-hdds-container-service/0.5.0-SNAPSHOT/hadoop-hdds-container-service-0.5.0-SNAPSHOT.jar!/webapps/static,AVAILABLE}
2019-10-02 23:01:43,019 [main] INFO  handler.ContextHandler (ContextHandler.java:doStart(781)) - Started o.e.j.w.WebAppContext@3a0b6a{/,file:///tmp/jetty-0.0.0.0-43307-hddsDatanode-_-any-4619565635183703176.dir/webapp/,AVAILABLE}{/hddsDatanode}
2019-10-02 23:01:43,019 [main] INFO  server.AbstractConnector (AbstractConnector.java:doStart(278)) - Started ServerConnector@539c4830{HTTP/1.1,[http/1.1]}{0.0.0.0:43307}
2019-10-02 23:01:43,023 [main] INFO  server.Server (Server.java:doStart(419)) - Started @218908ms
2019-10-02 23:01:43,024 [main] WARN  impl.MetricsSystemImpl (MetricsSystemImpl.java:register(276)) - Sink prometheus already exists!
2019-10-02 23:01:43,024 [main] INFO  server.BaseHttpServer (BaseHttpServer.java:updateConnectorAddress(215)) - HTTP server of HDDSDATANODE is listening at http://0.0.0.0:43307
2019-10-02 23:01:43,025 [main] INFO  impl.MetricsSystemImpl (MetricsSystemImpl.java:init(158)) - HddsDatanode metrics system started (again)
2019-10-02 23:01:43,043 [org.apache.hadoop.util.JvmPauseMonitor$Monitor@e732a8c] INFO  util.JvmPauseMonitor (JvmPauseMonitor.java:run(188)) - Starting JVM pause monitor
2019-10-02 23:01:43,045 [Datanode State Machine Thread - 0] INFO  datanode.InitDatanodeState (InitDatanodeState.java:persistContainerDatanodeDetails(140)) - DatanodeDetails is persisted to /workdir/hadoop-ozone/integration-test/target/test-dir/MiniOzoneClusterImpl-44df2c2f-edbb-4bb1-a9d5-29c820e107ce/datanode-5/meta/datanode.id
2019-10-02 23:01:43,047 [main] INFO  ozone.HddsDatanodeService (HddsDatanodeService.java:start(184)) - HddsDatanodeService host:pr-hdds-2226-secures3-kzjg4-641534921 ip:192.168.164.235
2019-10-02 23:01:43,056 [main] INFO  volume.HddsVolume (HddsVolume.java:<init>(176)) - Creating Volume: /workdir/hadoop-ozone/integration-test/target/test-dir/MiniOzoneClusterImpl-44df2c2f-edbb-4bb1-a9d5-29c820e107ce/datanode-6/data/containers/hdds of  storage type : DISK and capacity : 1482555576320
2019-10-02 23:01:43,057 [main] INFO  volume.VolumeSet (VolumeSet.java:initializeVolumeSet(170)) - Added Volume : /workdir/hadoop-ozone/integration-test/target/test-dir/MiniOzoneClusterImpl-44df2c2f-edbb-4bb1-a9d5-29c820e107ce/datanode-6/data/containers/hdds to VolumeSet
2019-10-02 23:01:43,057 [main] INFO  volume.ThrottledAsyncChecker (ThrottledAsyncChecker.java:schedule(139)) - Scheduling a check for org.apache.hadoop.ozone.container.common.volume.HddsVolume@72a8361b
2019-10-02 23:01:43,057 [main] INFO  volume.HddsVolumeChecker (HddsVolumeChecker.java:checkAllVolumes(202)) - Scheduled health check for volume org.apache.hadoop.ozone.container.common.volume.HddsVolume@72a8361b
2019-10-02 23:01:43,070 [main] INFO  impl.RaftServerProxy (ConfUtils.java:logGet(43)) - raft.rpc.type = GRPC (default)
2019-10-02 23:01:43,070 [main] INFO  grpc.GrpcFactory (GrpcFactory.java:checkPooledByteBufAllocatorUseCacheForAllThreads(45)) - PERFORMANCE WARNING: useCacheForAllThreads is true that may cause Netty to create a lot garbage objects and, as a result, trigger GC.
	It is recommended to disable useCacheForAllThreads by setting -Dorg.apache.ratis.thirdparty.io.netty.allocator.useCacheForAllThreads=false in command line.
2019-10-02 23:01:43,070 [main] INFO  grpc.GrpcConfigKeys$Server (ConfUtils.java:logGet(43)) - raft.grpc.server.port = 0 (default)
2019-10-02 23:01:43,071 [main] INFO  server.GrpcService (ConfUtils.java:logGet(43)) - raft.grpc.message.size.max = 33570816 (custom)
2019-10-02 23:01:43,071 [main] INFO  server.RaftServerConfigKeys (ConfUtils.java:logGet(43)) - raft.server.log.appender.buffer.byte-limit = 33554432 (custom)
2019-10-02 23:01:43,071 [main] INFO  server.GrpcService (ConfUtils.java:logGet(43)) - raft.grpc.flow.control.window = 1MB (=1048576) (default)
2019-10-02 23:01:43,071 [main] INFO  server.RaftServerConfigKeys (ConfUtils.java:logGet(43)) - raft.server.rpc.request.timeout = 3000ms (default)
2019-10-02 23:01:43,071 [main] INFO  server.RaftServerConfigKeys (ConfUtils.java:logGet(43)) - raft.server.storage.dir = [/workdir/hadoop-ozone/integration-test/target/test-dir/MiniOzoneClusterImpl-44df2c2f-edbb-4bb1-a9d5-29c820e107ce/datanode-6/data/ratis] (custom)
2019-10-02 23:01:43,079 [main] INFO  hdfs.DFSUtil (DFSUtil.java:httpServerTemplateForNNAndJN(1641)) - Starting Web-server for hddsDatanode at: http://0.0.0.0:0
2019-10-02 23:01:43,080 [main] INFO  server.AuthenticationFilter (AuthenticationFilter.java:constructSecretProvider(240)) - Unable to initialize FileSignerSecretProvider, falling back to use random secrets.
2019-10-02 23:01:43,080 [main] WARN  http.HttpRequestLog (HttpRequestLog.java:getRequestLog(97)) - Jetty request log can only be enabled using Log4j
2019-10-02 23:01:43,081 [main] INFO  http.HttpServer2 (HttpServer2.java:addGlobalFilter(975)) - Added global filter 'safety' (class=org.apache.hadoop.http.HttpServer2$QuotingInputFilter)
2019-10-02 23:01:43,081 [main] INFO  http.HttpServer2 (HttpServer2.java:addFilter(948)) - Added filter static_user_filter (class=org.apache.hadoop.http.lib.StaticUserWebFilter$StaticUserFilter) to context hddsDatanode
2019-10-02 23:01:43,082 [main] INFO  http.HttpServer2 (HttpServer2.java:addFilter(958)) - Added filter static_user_filter (class=org.apache.hadoop.http.lib.StaticUserWebFilter$StaticUserFilter) to context logs
2019-10-02 23:01:43,082 [main] INFO  http.HttpServer2 (HttpServer2.java:addFilter(958)) - Added filter static_user_filter (class=org.apache.hadoop.http.lib.StaticUserWebFilter$StaticUserFilter) to context static
2019-10-02 23:01:43,082 [main] INFO  http.HttpServer2 (HttpServer2.java:bindListener(1191)) - Jetty bound to port 41327
2019-10-02 23:01:43,082 [main] INFO  server.Server (Server.java:doStart(351)) - jetty-9.3.25.v20180904, build timestamp: 2018-09-04T21:11:46Z, git hash: 3ce520221d0240229c862b122d2b06c12a625732
2019-10-02 23:01:43,084 [main] INFO  handler.ContextHandler (ContextHandler.java:doStart(781)) - Started o.e.j.s.ServletContextHandler@234cd86c{/logs,file:///workdir/hadoop-ozone/integration-test/target/log,AVAILABLE}
2019-10-02 23:01:43,084 [main] INFO  handler.ContextHandler (ContextHandler.java:doStart(781)) - Started o.e.j.s.ServletContextHandler@39c87b42{/static,jar:file:/home/user/.m2/repository/org/apache/hadoop/hadoop-hdds-container-service/0.5.0-SNAPSHOT/hadoop-hdds-container-service-0.5.0-SNAPSHOT.jar!/webapps/static,AVAILABLE}
2019-10-02 23:01:43,107 [main] INFO  handler.ContextHandler (ContextHandler.java:doStart(781)) - Started o.e.j.w.WebAppContext@29c53c4f{/,file:///tmp/jetty-0.0.0.0-41327-hddsDatanode-_-any-2819282785686063394.dir/webapp/,AVAILABLE}{/hddsDatanode}
2019-10-02 23:01:43,107 [main] INFO  server.AbstractConnector (AbstractConnector.java:doStart(278)) - Started ServerConnector@3009eed7{HTTP/1.1,[http/1.1]}{0.0.0.0:41327}
2019-10-02 23:01:43,110 [main] INFO  server.Server (Server.java:doStart(419)) - Started @218995ms
2019-10-02 23:01:43,111 [main] WARN  impl.MetricsSystemImpl (MetricsSystemImpl.java:register(276)) - Sink prometheus already exists!
2019-10-02 23:01:43,111 [main] INFO  server.BaseHttpServer (BaseHttpServer.java:updateConnectorAddress(215)) - HTTP server of HDDSDATANODE is listening at http://0.0.0.0:41327
2019-10-02 23:01:43,111 [main] INFO  ozone.MiniOzoneClusterImpl (MiniOzoneClusterImpl.java:lambda$waitForClusterToBeReady$0(147)) - Waiting for cluster to be ready. Got 0 of 7 DN Heartbeats.
2019-10-02 23:01:43,112 [org.apache.hadoop.util.JvmPauseMonitor$Monitor@77dc52e8] INFO  util.JvmPauseMonitor (JvmPauseMonitor.java:run(188)) - Starting JVM pause monitor
2019-10-02 23:01:43,113 [Datanode State Machine Thread - 0] INFO  datanode.InitDatanodeState (InitDatanodeState.java:persistContainerDatanodeDetails(140)) - DatanodeDetails is persisted to /workdir/hadoop-ozone/integration-test/target/test-dir/MiniOzoneClusterImpl-44df2c2f-edbb-4bb1-a9d5-29c820e107ce/datanode-6/meta/datanode.id
2019-10-02 23:01:44,112 [main] INFO  ozone.MiniOzoneClusterImpl (MiniOzoneClusterImpl.java:lambda$waitForClusterToBeReady$0(147)) - Waiting for cluster to be ready. Got 0 of 7 DN Heartbeats.
2019-10-02 23:01:44,617 [Datanode State Machine Thread - 0] INFO  ozoneimpl.OzoneContainer (OzoneContainer.java:start(217)) - Attempting to start container services.
2019-10-02 23:01:44,618 [Datanode State Machine Thread - 0] INFO  ozoneimpl.OzoneContainer (OzoneContainer.java:startContainerScrub(179)) - Background container scanner has been disabled.
2019-10-02 23:01:44,618 [Datanode State Machine Thread - 0] INFO  ratis.XceiverServerRatis (XceiverServerRatis.java:start(417)) - Starting XceiverServerRatis b1796d5d-d8ec-445b-befa-35d912d48cea at port 0
2019-10-02 23:01:44,624 [Datanode State Machine Thread - 0] INFO  impl.RaftServerProxy (RaftServerProxy.java:lambda$start$3(299)) - b1796d5d-d8ec-445b-befa-35d912d48cea: start RPC server
2019-10-02 23:01:44,625 [Datanode State Machine Thread - 0] INFO  server.GrpcService (GrpcService.java:startImpl(158)) - b1796d5d-d8ec-445b-befa-35d912d48cea: GrpcService started, listening on 0.0.0.0/0.0.0.0:34281
2019-10-02 23:01:44,625 [Datanode State Machine Thread - 0] INFO  ratis.XceiverServerRatis (XceiverServerRatis.java:start(427)) - XceiverServerRatis b1796d5d-d8ec-445b-befa-35d912d48cea is started using port 34281
2019-10-02 23:01:44,626 [Datanode State Machine Thread - 0] INFO  server.XceiverServerGrpc (XceiverServerGrpc.java:start(149)) - XceiverServerGrpc b1796d5d-d8ec-445b-befa-35d912d48cea is started using port 33084
2019-10-02 23:01:44,682 [Thread-2300] INFO  client.GrpcClientProtocolService (GrpcClientProtocolService.java:lambda$processClientRequest$0(278)) - Failed RaftClientRequest:client-5334CE9680B3->fcba0785-f97d-467b-bf4a-b8770d23999e@group-46A3ED0F2391, cid=67, seq=0, Watch-ALL_COMMITTED(100), Message:<EMPTY>, reply=RaftClientReply:client-5334CE9680B3->fcba0785-f97d-467b-bf4a-b8770d23999e@group-46A3ED0F2391, cid=67, FAILED org.apache.ratis.protocol.NotReplicatedException: Request with call Id 67 and log index 100 is not yet replicated to ALL_COMMITTED, logIndex=100, commits[fcba0785-f97d-467b-bf4a-b8770d23999e:c2, 5a74c2cb-7fbd-45a4-bebb-7c3e07876900:c2, 001004e8-1446-4815-8af8-275eb2e7f1ab:c2]
2019-10-02 23:01:44,682 [Thread-2301] INFO  client.GrpcClientProtocolService (GrpcClientProtocolService.java:lambda$processClientRequest$0(278)) - Failed RaftClientRequest:client-5334CE9680B3->fcba0785-f97d-467b-bf4a-b8770d23999e@group-46A3ED0F2391, cid=68, seq=0, Watch-MAJORITY_COMMITTED(100), Message:<EMPTY>, reply=RaftClientReply:client-5334CE9680B3->fcba0785-f97d-467b-bf4a-b8770d23999e@group-46A3ED0F2391, cid=68, FAILED org.apache.ratis.protocol.NotReplicatedException: Request with call Id 68 and log index 100 is not yet replicated to MAJORITY_COMMITTED, logIndex=100, commits[fcba0785-f97d-467b-bf4a-b8770d23999e:c2, 5a74c2cb-7fbd-45a4-bebb-7c3e07876900:c2, 001004e8-1446-4815-8af8-275eb2e7f1ab:c2]
2019-10-02 23:01:44,689 [Datanode State Machine Thread - 0] INFO  ozoneimpl.OzoneContainer (OzoneContainer.java:start(217)) - Attempting to start container services.
2019-10-02 23:01:44,689 [Datanode State Machine Thread - 0] INFO  ozoneimpl.OzoneContainer (OzoneContainer.java:startContainerScrub(179)) - Background container scanner has been disabled.
2019-10-02 23:01:44,689 [Datanode State Machine Thread - 0] INFO  ratis.XceiverServerRatis (XceiverServerRatis.java:start(417)) - Starting XceiverServerRatis d6e7be57-e0eb-47de-9048-9bb8c654df67 at port 0
2019-10-02 23:01:44,700 [Datanode State Machine Thread - 0] INFO  impl.RaftServerProxy (RaftServerProxy.java:lambda$start$3(299)) - d6e7be57-e0eb-47de-9048-9bb8c654df67: start RPC server
2019-10-02 23:01:44,704 [Datanode State Machine Thread - 0] INFO  server.GrpcService (GrpcService.java:startImpl(158)) - d6e7be57-e0eb-47de-9048-9bb8c654df67: GrpcService started, listening on 0.0.0.0/0.0.0.0:43926
2019-10-02 23:01:44,704 [Datanode State Machine Thread - 0] INFO  ratis.XceiverServerRatis (XceiverServerRatis.java:start(427)) - XceiverServerRatis d6e7be57-e0eb-47de-9048-9bb8c654df67 is started using port 43926
2019-10-02 23:01:44,706 [Datanode State Machine Thread - 0] INFO  server.XceiverServerGrpc (XceiverServerGrpc.java:start(149)) - XceiverServerGrpc d6e7be57-e0eb-47de-9048-9bb8c654df67 is started using port 46054
2019-10-02 23:01:44,785 [Datanode State Machine Thread - 0] INFO  ozoneimpl.OzoneContainer (OzoneContainer.java:start(217)) - Attempting to start container services.
2019-10-02 23:01:44,786 [Datanode State Machine Thread - 0] INFO  ozoneimpl.OzoneContainer (OzoneContainer.java:startContainerScrub(179)) - Background container scanner has been disabled.
2019-10-02 23:01:44,786 [Datanode State Machine Thread - 0] INFO  ratis.XceiverServerRatis (XceiverServerRatis.java:start(417)) - Starting XceiverServerRatis 9c880452-8db4-4c33-8095-590e060cc885 at port 0
2019-10-02 23:01:44,792 [Datanode State Machine Thread - 0] INFO  impl.RaftServerProxy (RaftServerProxy.java:lambda$start$3(299)) - 9c880452-8db4-4c33-8095-590e060cc885: start RPC server
2019-10-02 23:01:44,797 [Datanode State Machine Thread - 0] INFO  server.GrpcService (GrpcService.java:startImpl(158)) - 9c880452-8db4-4c33-8095-590e060cc885: GrpcService started, listening on 0.0.0.0/0.0.0.0:41989
2019-10-02 23:01:44,798 [Datanode State Machine Thread - 0] INFO  ratis.XceiverServerRatis (XceiverServerRatis.java:start(427)) - XceiverServerRatis 9c880452-8db4-4c33-8095-590e060cc885 is started using port 41989
2019-10-02 23:01:44,798 [Datanode State Machine Thread - 0] INFO  server.XceiverServerGrpc (XceiverServerGrpc.java:start(149)) - XceiverServerGrpc 9c880452-8db4-4c33-8095-590e060cc885 is started using port 43943
2019-10-02 23:01:44,877 [Datanode State Machine Thread - 0] INFO  ozoneimpl.OzoneContainer (OzoneContainer.java:start(217)) - Attempting to start container services.
2019-10-02 23:01:44,878 [Datanode State Machine Thread - 0] INFO  ozoneimpl.OzoneContainer (OzoneContainer.java:startContainerScrub(179)) - Background container scanner has been disabled.
2019-10-02 23:01:44,878 [Datanode State Machine Thread - 0] INFO  ratis.XceiverServerRatis (XceiverServerRatis.java:start(417)) - Starting XceiverServerRatis ebb81ab3-8a18-487f-a36e-5e5af70411d8 at port 0
2019-10-02 23:01:44,885 [Datanode State Machine Thread - 0] INFO  impl.RaftServerProxy (RaftServerProxy.java:lambda$start$3(299)) - ebb81ab3-8a18-487f-a36e-5e5af70411d8: start RPC server
2019-10-02 23:01:44,886 [Datanode State Machine Thread - 0] INFO  server.GrpcService (GrpcService.java:startImpl(158)) - ebb81ab3-8a18-487f-a36e-5e5af70411d8: GrpcService started, listening on 0.0.0.0/0.0.0.0:39525
2019-10-02 23:01:44,886 [Datanode State Machine Thread - 0] INFO  ratis.XceiverServerRatis (XceiverServerRatis.java:start(427)) - XceiverServerRatis ebb81ab3-8a18-487f-a36e-5e5af70411d8 is started using port 39525
2019-10-02 23:01:44,886 [Datanode State Machine Thread - 0] INFO  server.XceiverServerGrpc (XceiverServerGrpc.java:start(149)) - XceiverServerGrpc ebb81ab3-8a18-487f-a36e-5e5af70411d8 is started using port 41648
2019-10-02 23:01:44,962 [Datanode State Machine Thread - 0] INFO  ozoneimpl.OzoneContainer (OzoneContainer.java:start(217)) - Attempting to start container services.
2019-10-02 23:01:44,962 [Datanode State Machine Thread - 0] INFO  ozoneimpl.OzoneContainer (OzoneContainer.java:startContainerScrub(179)) - Background container scanner has been disabled.
2019-10-02 23:01:44,962 [Datanode State Machine Thread - 0] INFO  ratis.XceiverServerRatis (XceiverServerRatis.java:start(417)) - Starting XceiverServerRatis f7037521-13a4-4bfd-b293-f77e87604f0e at port 0
2019-10-02 23:01:44,968 [Datanode State Machine Thread - 0] INFO  impl.RaftServerProxy (RaftServerProxy.java:lambda$start$3(299)) - f7037521-13a4-4bfd-b293-f77e87604f0e: start RPC server
2019-10-02 23:01:44,972 [Datanode State Machine Thread - 0] INFO  server.GrpcService (GrpcService.java:startImpl(158)) - f7037521-13a4-4bfd-b293-f77e87604f0e: GrpcService started, listening on 0.0.0.0/0.0.0.0:35540
2019-10-02 23:01:44,972 [Datanode State Machine Thread - 0] INFO  ratis.XceiverServerRatis (XceiverServerRatis.java:start(427)) - XceiverServerRatis f7037521-13a4-4bfd-b293-f77e87604f0e is started using port 35540
2019-10-02 23:01:44,973 [Datanode State Machine Thread - 0] INFO  server.XceiverServerGrpc (XceiverServerGrpc.java:start(149)) - XceiverServerGrpc f7037521-13a4-4bfd-b293-f77e87604f0e is started using port 34793
2019-10-02 23:01:45,057 [Datanode State Machine Thread - 0] INFO  ozoneimpl.OzoneContainer (OzoneContainer.java:start(217)) - Attempting to start container services.
2019-10-02 23:01:45,057 [Datanode State Machine Thread - 0] INFO  ozoneimpl.OzoneContainer (OzoneContainer.java:startContainerScrub(179)) - Background container scanner has been disabled.
2019-10-02 23:01:45,057 [Datanode State Machine Thread - 0] INFO  ratis.XceiverServerRatis (XceiverServerRatis.java:start(417)) - Starting XceiverServerRatis 013f9890-2d82-4fd7-bb5d-cdbe07164617 at port 0
2019-10-02 23:01:45,062 [Datanode State Machine Thread - 0] INFO  impl.RaftServerProxy (RaftServerProxy.java:lambda$start$3(299)) - 013f9890-2d82-4fd7-bb5d-cdbe07164617: start RPC server
2019-10-02 23:01:45,068 [Datanode State Machine Thread - 0] INFO  server.GrpcService (GrpcService.java:startImpl(158)) - 013f9890-2d82-4fd7-bb5d-cdbe07164617: GrpcService started, listening on 0.0.0.0/0.0.0.0:45630
2019-10-02 23:01:45,068 [Datanode State Machine Thread - 0] INFO  ratis.XceiverServerRatis (XceiverServerRatis.java:start(427)) - XceiverServerRatis 013f9890-2d82-4fd7-bb5d-cdbe07164617 is started using port 45630
2019-10-02 23:01:45,068 [Datanode State Machine Thread - 0] INFO  server.XceiverServerGrpc (XceiverServerGrpc.java:start(149)) - XceiverServerGrpc 013f9890-2d82-4fd7-bb5d-cdbe07164617 is started using port 43474
2019-10-02 23:01:45,113 [main] INFO  ozone.MiniOzoneClusterImpl (MiniOzoneClusterImpl.java:lambda$waitForClusterToBeReady$0(147)) - Waiting for cluster to be ready. Got 0 of 7 DN Heartbeats.
2019-10-02 23:01:45,126 [Datanode State Machine Thread - 0] INFO  ozoneimpl.OzoneContainer (OzoneContainer.java:start(217)) - Attempting to start container services.
2019-10-02 23:01:45,126 [Datanode State Machine Thread - 0] INFO  ozoneimpl.OzoneContainer (OzoneContainer.java:startContainerScrub(179)) - Background container scanner has been disabled.
2019-10-02 23:01:45,126 [Datanode State Machine Thread - 0] INFO  ratis.XceiverServerRatis (XceiverServerRatis.java:start(417)) - Starting XceiverServerRatis fac39bad-8c4d-40f9-9f33-87cdae368bec at port 0
2019-10-02 23:01:45,131 [Datanode State Machine Thread - 0] INFO  impl.RaftServerProxy (RaftServerProxy.java:lambda$start$3(299)) - fac39bad-8c4d-40f9-9f33-87cdae368bec: start RPC server
2019-10-02 23:01:45,131 [Datanode State Machine Thread - 0] INFO  server.GrpcService (GrpcService.java:startImpl(158)) - fac39bad-8c4d-40f9-9f33-87cdae368bec: GrpcService started, listening on 0.0.0.0/0.0.0.0:41736
2019-10-02 23:01:45,132 [Datanode State Machine Thread - 0] INFO  ratis.XceiverServerRatis (XceiverServerRatis.java:start(427)) - XceiverServerRatis fac39bad-8c4d-40f9-9f33-87cdae368bec is started using port 41736
2019-10-02 23:01:45,151 [Datanode State Machine Thread - 0] INFO  server.XceiverServerGrpc (XceiverServerGrpc.java:start(149)) - XceiverServerGrpc fac39bad-8c4d-40f9-9f33-87cdae368bec is started using port 41041
2019-10-02 23:01:45,453 [grpc-default-executor-1] WARN  server.GrpcLogAppender (LogUtils.java:warn(134)) - fcba0785-f97d-467b-bf4a-b8770d23999e@group-46A3ED0F2391->001004e8-1446-4815-8af8-275eb2e7f1ab-AppendLogResponseHandler: Failed appendEntries: org.apache.ratis.thirdparty.io.grpc.StatusRuntimeException: UNAVAILABLE: io exception
2019-10-02 23:01:45,453 [grpc-default-executor-2] WARN  server.GrpcLogAppender (LogUtils.java:warn(134)) - fcba0785-f97d-467b-bf4a-b8770d23999e@group-46A3ED0F2391->5a74c2cb-7fbd-45a4-bebb-7c3e07876900-AppendLogResponseHandler: Failed appendEntries: org.apache.ratis.thirdparty.io.grpc.StatusRuntimeException: UNAVAILABLE: io exception
2019-10-02 23:01:45,453 [grpc-default-executor-1] INFO  impl.FollowerInfo (FollowerInfo.java:lambda$new$0(51)) - fcba0785-f97d-467b-bf4a-b8770d23999e@group-46A3ED0F2391->001004e8-1446-4815-8af8-275eb2e7f1ab: nextIndex: updateUnconditionally 0 -> 0
2019-10-02 23:01:45,453 [grpc-default-executor-2] INFO  impl.FollowerInfo (FollowerInfo.java:lambda$new$0(51)) - fcba0785-f97d-467b-bf4a-b8770d23999e@group-46A3ED0F2391->5a74c2cb-7fbd-45a4-bebb-7c3e07876900: nextIndex: updateUnconditionally 0 -> 0
2019-10-02 23:01:46,114 [main] INFO  ozone.MiniOzoneClusterImpl (MiniOzoneClusterImpl.java:lambda$waitForClusterToBeReady$0(147)) - Waiting for cluster to be ready. Got 0 of 7 DN Heartbeats.
2019-10-02 23:01:46,574 [IPC Server handler 16 on 37527] INFO  net.NetworkTopology (NetworkTopologyImpl.java:add(111)) - Added a new node: /default-rack/b1796d5d-d8ec-445b-befa-35d912d48cea
2019-10-02 23:01:46,579 [IPC Server handler 16 on 37527] INFO  node.SCMNodeManager (SCMNodeManager.java:register(266)) - Registered Data node : b1796d5d-d8ec-445b-befa-35d912d48cea{ip: 192.168.164.235, host: pr-hdds-2226-secures3-kzjg4-641534921, networkLocation: /default-rack, certSerialId: null}
2019-10-02 23:01:46,579 [EventQueue-NodeRegistrationContainerReportForDataNodeSafeModeRule] INFO  safemode.SCMSafeModeManager (DataNodeSafeModeRule.java:process(71)) - SCM in safe mode. 1 DataNodes registered, 1 required.
2019-10-02 23:01:46,584 [EventQueue-NodeRegistrationContainerReportForDataNodeSafeModeRule] INFO  safemode.SCMSafeModeManager (SCMSafeModeManager.java:validateSafeModeExitRules(177)) - ScmSafeModeManager, all rules are successfully validated
2019-10-02 23:01:46,584 [EventQueue-NodeRegistrationContainerReportForDataNodeSafeModeRule] INFO  safemode.SCMSafeModeManager (SCMSafeModeManager.java:exitSafeMode(193)) - SCM exiting safe mode.
2019-10-02 23:01:46,594 [grpc-default-executor-1] INFO  impl.RaftServerProxy (RaftServerProxy.java:addNew(89)) - b1796d5d-d8ec-445b-befa-35d912d48cea: addNew group-6171627BABEA:[b1796d5d-d8ec-445b-befa-35d912d48cea:192.168.164.235:34281] returns group-6171627BABEA:java.util.concurrent.CompletableFuture@d1072cd[Not completed]
2019-10-02 23:01:46,596 [pool-383-thread-1] INFO  impl.RaftServerImpl (RaftServerImpl.java:<init>(95)) - b1796d5d-d8ec-445b-befa-35d912d48cea: new RaftServerImpl for group-6171627BABEA:[b1796d5d-d8ec-445b-befa-35d912d48cea:192.168.164.235:34281] with ContainerStateMachine:uninitialized
2019-10-02 23:01:46,597 [pool-383-thread-1] INFO  server.RaftServerConfigKeys (ConfUtils.java:logGet(43)) - raft.server.rpc.timeout.min = 5s (custom)
2019-10-02 23:01:46,597 [pool-383-thread-1] INFO  server.RaftServerConfigKeys (ConfUtils.java:logGet(43)) - raft.server.rpc.timeout.max = 5200ms (custom)
2019-10-02 23:01:46,597 [pool-383-thread-1] INFO  server.RaftServerConfigKeys (ConfUtils.java:logGet(43)) - raft.server.rpcslowness.timeout = 120s (custom)
2019-10-02 23:01:46,597 [pool-383-thread-1] INFO  server.RaftServerConfigKeys (ConfUtils.java:logGet(43)) - raft.server.sleep.deviation.threshold = 300 (default)
2019-10-02 23:01:46,597 [pool-383-thread-1] INFO  server.RaftServerConfigKeys (ConfUtils.java:logGet(43)) - raft.server.log.appender.install.snapshot.enabled = false (custom)
2019-10-02 23:01:46,597 [pool-383-thread-1] INFO  impl.RaftServerImpl (ServerState.java:<init>(103)) - b1796d5d-d8ec-445b-befa-35d912d48cea@group-6171627BABEA: ConfigurationManager, init=-1: [b1796d5d-d8ec-445b-befa-35d912d48cea:192.168.164.235:34281], old=null, confs=<EMPTY_MAP>
2019-10-02 23:01:46,597 [pool-383-thread-1] INFO  server.RaftServerConfigKeys (ConfUtils.java:logGet(43)) - raft.server.storage.dir = [/workdir/hadoop-ozone/integration-test/target/test-dir/MiniOzoneClusterImpl-44df2c2f-edbb-4bb1-a9d5-29c820e107ce/datanode-0/data/ratis] (custom)
2019-10-02 23:01:46,598 [pool-383-thread-1] INFO  server.RaftServerConfigKeys (ConfUtils.java:logGet(43)) - raft.server.log.corruption.policy = EXCEPTION (default)
2019-10-02 23:01:46,598 [pool-383-thread-1] INFO  storage.RaftStorageDirectory (RaftStorageDirectory.java:analyzeStorage(246)) - The storage directory /workdir/hadoop-ozone/integration-test/target/test-dir/MiniOzoneClusterImpl-44df2c2f-edbb-4bb1-a9d5-29c820e107ce/datanode-0/data/ratis/2badaeab-8dff-432a-811a-6171627babea does not exist. Creating ...
2019-10-02 23:01:46,612 [pool-383-thread-1] INFO  storage.RaftStorageDirectory (RaftStorageDirectory.java:tryLock(328)) - Lock on /workdir/hadoop-ozone/integration-test/target/test-dir/MiniOzoneClusterImpl-44df2c2f-edbb-4bb1-a9d5-29c820e107ce/datanode-0/data/ratis/2badaeab-8dff-432a-811a-6171627babea/in_use.lock acquired by nodename 6657@pr-hdds-2226-secures3-kzjg4-641534921
2019-10-02 23:01:46,625 [pool-383-thread-1] INFO  storage.RaftStorage (RaftStorage.java:format(84)) - Storage directory /workdir/hadoop-ozone/integration-test/target/test-dir/MiniOzoneClusterImpl-44df2c2f-edbb-4bb1-a9d5-29c820e107ce/datanode-0/data/ratis/2badaeab-8dff-432a-811a-6171627babea has been successfully formatted.
2019-10-02 23:01:46,625 [pool-383-thread-1] INFO  ratis.ContainerStateMachine (ContainerStateMachine.java:loadSnapshot(230)) - group-6171627BABEA: The snapshot info is null. Setting the last applied indexto:(t:0, i:~)
2019-10-02 23:01:46,625 [pool-383-thread-1] INFO  server.RaftServerConfigKeys (ConfUtils.java:logGet(43)) - raft.server.notification.no-leader.timeout = 120s (custom)
2019-10-02 23:01:46,626 [pool-383-thread-1] INFO  server.RaftServerConfigKeys (ConfUtils.java:logGet(43)) - raft.server.log.use.memory = false (default)
2019-10-02 23:01:46,626 [pool-383-thread-1] INFO  server.RaftServerConfigKeys (ConfUtils.java:logGet(43)) - raft.server.log.purge.gap = 1000000 (custom)
2019-10-02 23:01:46,626 [pool-383-thread-1] INFO  server.RaftServerConfigKeys (ConfUtils.java:logGet(43)) - raft.server.log.appender.buffer.byte-limit = 33554432 (custom)
2019-10-02 23:01:46,626 [pool-383-thread-1] INFO  server.RaftServerConfigKeys (ConfUtils.java:logGet(43)) - raft.server.log.segment.size.max = 1048576 (custom)
2019-10-02 23:01:46,628 [pool-383-thread-1] INFO  server.RaftServerConfigKeys (ConfUtils.java:logGet(43)) - raft.server.log.segment.cache.num.max = 2 (custom)
2019-10-02 23:01:46,628 [pool-383-thread-1] INFO  segmented.SegmentedRaftLogWorker (SegmentedRaftLogWorker.java:<init>(173)) - new b1796d5d-d8ec-445b-befa-35d912d48cea@group-6171627BABEA-SegmentedRaftLogWorker for RaftStorage:Storage Directory /workdir/hadoop-ozone/integration-test/target/test-dir/MiniOzoneClusterImpl-44df2c2f-edbb-4bb1-a9d5-29c820e107ce/datanode-0/data/ratis/2badaeab-8dff-432a-811a-6171627babea
2019-10-02 23:01:46,628 [pool-383-thread-1] INFO  server.RaftServerConfigKeys (ConfUtils.java:logGet(43)) - raft.server.log.queue.byte-limit = 2147483647 (custom)
2019-10-02 23:01:46,629 [pool-383-thread-1] INFO  server.RaftServerConfigKeys (ConfUtils.java:logGet(43)) - raft.server.log.queue.element-limit = 1024 (custom)
2019-10-02 23:01:46,629 [pool-383-thread-1] INFO  server.RaftServerConfigKeys (ConfUtils.java:logGet(43)) - raft.server.log.segment.size.max = 1048576 (custom)
2019-10-02 23:01:46,629 [pool-383-thread-1] INFO  server.RaftServerConfigKeys (ConfUtils.java:logGet(43)) - raft.server.log.preallocated.size = 16384 (custom)
2019-10-02 23:01:46,629 [pool-383-thread-1] INFO  server.RaftServerConfigKeys (ConfUtils.java:logGet(43)) - raft.server.log.write.buffer.size = 33554432 (custom)
2019-10-02 23:01:46,629 [pool-383-thread-1] INFO  server.RaftServerConfigKeys (ConfUtils.java:logGet(43)) - raft.server.log.force.sync.num = 128 (default)
2019-10-02 23:01:46,629 [pool-383-thread-1] INFO  server.RaftServerConfigKeys (ConfUtils.java:logGet(43)) - raft.server.log.statemachine.data.sync = true (default)
2019-10-02 23:01:46,629 [pool-383-thread-1] INFO  server.RaftServerConfigKeys (ConfUtils.java:logGet(43)) - raft.server.log.statemachine.data.sync.timeout = 10s (default)
2019-10-02 23:01:46,630 [pool-383-thread-1] INFO  server.RaftServerConfigKeys (ConfUtils.java:logGet(43)) - raft.server.log.statemachine.data.sync.timeout.retry = -1 (default)
2019-10-02 23:01:46,630 [pool-383-thread-1] INFO  server.RaftServerConfigKeys (ConfUtils.java:logGet(43)) - raft.server.log.statemachine.data.caching.enabled = true (custom)
2019-10-02 23:01:46,630 [pool-383-thread-1] INFO  segmented.SegmentedRaftLogWorker (SegmentedRaftLogWorker.java:lambda$new$0(128)) - b1796d5d-d8ec-445b-befa-35d912d48cea@group-6171627BABEA-SegmentedRaftLogWorker: flushIndex: setUnconditionally 0 -> -1
2019-10-02 23:01:46,631 [pool-383-thread-1] INFO  server.RaftServerConfigKeys (ConfUtils.java:logGet(43)) - raft.server.snapshot.auto.trigger.enabled = true (custom)
2019-10-02 23:01:46,631 [pool-383-thread-1] INFO  server.RaftServerConfigKeys (ConfUtils.java:logGet(43)) - raft.server.snapshot.auto.trigger.threshold = 10000 (custom)
2019-10-02 23:01:46,631 [pool-383-thread-1] INFO  server.RaftServerConfigKeys (ConfUtils.java:logGet(43)) - raft.server.snapshot.retention.file.num = 5 (custom)
2019-10-02 23:01:46,631 [pool-383-thread-1] INFO  server.RaftServerConfigKeys (ConfUtils.java:logGet(43)) - raft.server.retrycache.expirytime = 600000ms (custom)
2019-10-02 23:01:46,633 [pool-383-thread-1] INFO  impl.RaftServerImpl (RaftServerImpl.java:start(181)) - b1796d5d-d8ec-445b-befa-35d912d48cea@group-6171627BABEA: start as a follower, conf=-1: [b1796d5d-d8ec-445b-befa-35d912d48cea:192.168.164.235:34281], old=null
2019-10-02 23:01:46,633 [pool-383-thread-1] INFO  impl.RaftServerImpl (RaftServerImpl.java:setRole(170)) - b1796d5d-d8ec-445b-befa-35d912d48cea@group-6171627BABEA: changes role from      null to FOLLOWER at term 0 for startAsFollower
2019-10-02 23:01:46,633 [pool-383-thread-1] INFO  impl.RoleInfo (RoleInfo.java:updateAndGet(143)) - b1796d5d-d8ec-445b-befa-35d912d48cea: start FollowerState
2019-10-02 23:01:46,634 [pool-383-thread-1] INFO  util.JmxRegister (JmxRegister.java:tryRegister(44)) - Successfully registered JMX Bean with object name Ratis:service=RaftServer,group=group-6171627BABEA,id=b1796d5d-d8ec-445b-befa-35d912d48cea
2019-10-02 23:01:46,639 [RatisPipelineUtilsThread] INFO  pipeline.PipelineStateManager (PipelineStateManager.java:addPipeline(56)) - Created pipeline Pipeline[ Id: 2badaeab-8dff-432a-811a-6171627babea, Nodes: b1796d5d-d8ec-445b-befa-35d912d48cea{ip: 192.168.164.235, host: pr-hdds-2226-secures3-kzjg4-641534921, networkLocation: /default-rack, certSerialId: null}, Type:RATIS, Factor:ONE, State:OPEN]
2019-10-02 23:01:46,671 [IPC Server handler 18 on 37527] INFO  net.NetworkTopology (NetworkTopologyImpl.java:add(111)) - Added a new node: /default-rack/d6e7be57-e0eb-47de-9048-9bb8c654df67
2019-10-02 23:01:46,671 [IPC Server handler 18 on 37527] INFO  node.SCMNodeManager (SCMNodeManager.java:register(266)) - Registered Data node : d6e7be57-e0eb-47de-9048-9bb8c654df67{ip: 192.168.164.235, host: pr-hdds-2226-secures3-kzjg4-641534921, networkLocation: /default-rack, certSerialId: null}
2019-10-02 23:01:46,678 [grpc-default-executor-1] INFO  impl.RaftServerProxy (RaftServerProxy.java:addNew(89)) - d6e7be57-e0eb-47de-9048-9bb8c654df67: addNew group-951AC334413F:[d6e7be57-e0eb-47de-9048-9bb8c654df67:192.168.164.235:43926] returns group-951AC334413F:java.util.concurrent.CompletableFuture@41b572b5[Not completed]
2019-10-02 23:01:46,681 [pool-393-thread-1] INFO  impl.RaftServerImpl (RaftServerImpl.java:<init>(95)) - d6e7be57-e0eb-47de-9048-9bb8c654df67: new RaftServerImpl for group-951AC334413F:[d6e7be57-e0eb-47de-9048-9bb8c654df67:192.168.164.235:43926] with ContainerStateMachine:uninitialized
2019-10-02 23:01:46,681 [pool-393-thread-1] INFO  server.RaftServerConfigKeys (ConfUtils.java:logGet(43)) - raft.server.rpc.timeout.min = 5s (custom)
2019-10-02 23:01:46,681 [pool-393-thread-1] INFO  server.RaftServerConfigKeys (ConfUtils.java:logGet(43)) - raft.server.rpc.timeout.max = 5200ms (custom)
2019-10-02 23:01:46,681 [pool-393-thread-1] INFO  server.RaftServerConfigKeys (ConfUtils.java:logGet(43)) - raft.server.rpcslowness.timeout = 120s (custom)
2019-10-02 23:01:46,681 [pool-393-thread-1] INFO  server.RaftServerConfigKeys (ConfUtils.java:logGet(43)) - raft.server.sleep.deviation.threshold = 300 (default)
2019-10-02 23:01:46,681 [pool-393-thread-1] INFO  server.RaftServerConfigKeys (ConfUtils.java:logGet(43)) - raft.server.log.appender.install.snapshot.enabled = false (custom)
2019-10-02 23:01:46,682 [pool-393-thread-1] INFO  impl.RaftServerImpl (ServerState.java:<init>(103)) - d6e7be57-e0eb-47de-9048-9bb8c654df67@group-951AC334413F: ConfigurationManager, init=-1: [d6e7be57-e0eb-47de-9048-9bb8c654df67:192.168.164.235:43926], old=null, confs=<EMPTY_MAP>
2019-10-02 23:01:46,682 [pool-393-thread-1] INFO  server.RaftServerConfigKeys (ConfUtils.java:logGet(43)) - raft.server.storage.dir = [/workdir/hadoop-ozone/integration-test/target/test-dir/MiniOzoneClusterImpl-44df2c2f-edbb-4bb1-a9d5-29c820e107ce/datanode-1/data/ratis] (custom)
2019-10-02 23:01:46,682 [pool-393-thread-1] INFO  server.RaftServerConfigKeys (ConfUtils.java:logGet(43)) - raft.server.log.corruption.policy = EXCEPTION (default)
2019-10-02 23:01:46,682 [pool-393-thread-1] INFO  storage.RaftStorageDirectory (RaftStorageDirectory.java:analyzeStorage(246)) - The storage directory /workdir/hadoop-ozone/integration-test/target/test-dir/MiniOzoneClusterImpl-44df2c2f-edbb-4bb1-a9d5-29c820e107ce/datanode-1/data/ratis/54b627fa-7d59-4bf8-ab54-951ac334413f does not exist. Creating ...
2019-10-02 23:01:46,695 [pool-393-thread-1] INFO  storage.RaftStorageDirectory (RaftStorageDirectory.java:tryLock(328)) - Lock on /workdir/hadoop-ozone/integration-test/target/test-dir/MiniOzoneClusterImpl-44df2c2f-edbb-4bb1-a9d5-29c820e107ce/datanode-1/data/ratis/54b627fa-7d59-4bf8-ab54-951ac334413f/in_use.lock acquired by nodename 6657@pr-hdds-2226-secures3-kzjg4-641534921
2019-10-02 23:01:46,708 [pool-393-thread-1] INFO  storage.RaftStorage (RaftStorage.java:format(84)) - Storage directory /workdir/hadoop-ozone/integration-test/target/test-dir/MiniOzoneClusterImpl-44df2c2f-edbb-4bb1-a9d5-29c820e107ce/datanode-1/data/ratis/54b627fa-7d59-4bf8-ab54-951ac334413f has been successfully formatted.
2019-10-02 23:01:46,709 [pool-393-thread-1] INFO  ratis.ContainerStateMachine (ContainerStateMachine.java:loadSnapshot(230)) - group-951AC334413F: The snapshot info is null. Setting the last applied indexto:(t:0, i:~)
2019-10-02 23:01:46,709 [pool-393-thread-1] INFO  server.RaftServerConfigKeys (ConfUtils.java:logGet(43)) - raft.server.notification.no-leader.timeout = 120s (custom)
2019-10-02 23:01:46,709 [pool-393-thread-1] INFO  server.RaftServerConfigKeys (ConfUtils.java:logGet(43)) - raft.server.log.use.memory = false (default)
2019-10-02 23:01:46,709 [pool-393-thread-1] INFO  server.RaftServerConfigKeys (ConfUtils.java:logGet(43)) - raft.server.log.purge.gap = 1000000 (custom)
2019-10-02 23:01:46,709 [pool-393-thread-1] INFO  server.RaftServerConfigKeys (ConfUtils.java:logGet(43)) - raft.server.log.appender.buffer.byte-limit = 33554432 (custom)
2019-10-02 23:01:46,710 [pool-393-thread-1] INFO  server.RaftServerConfigKeys (ConfUtils.java:logGet(43)) - raft.server.log.segment.size.max = 1048576 (custom)
2019-10-02 23:01:46,712 [pool-393-thread-1] INFO  server.RaftServerConfigKeys (ConfUtils.java:logGet(43)) - raft.server.log.segment.cache.num.max = 2 (custom)
2019-10-02 23:01:46,712 [pool-393-thread-1] INFO  segmented.SegmentedRaftLogWorker (SegmentedRaftLogWorker.java:<init>(173)) - new d6e7be57-e0eb-47de-9048-9bb8c654df67@group-951AC334413F-SegmentedRaftLogWorker for RaftStorage:Storage Directory /workdir/hadoop-ozone/integration-test/target/test-dir/MiniOzoneClusterImpl-44df2c2f-edbb-4bb1-a9d5-29c820e107ce/datanode-1/data/ratis/54b627fa-7d59-4bf8-ab54-951ac334413f
2019-10-02 23:01:46,712 [pool-393-thread-1] INFO  server.RaftServerConfigKeys (ConfUtils.java:logGet(43)) - raft.server.log.queue.byte-limit = 2147483647 (custom)
2019-10-02 23:01:46,712 [pool-393-thread-1] INFO  server.RaftServerConfigKeys (ConfUtils.java:logGet(43)) - raft.server.log.queue.element-limit = 1024 (custom)
2019-10-02 23:01:46,713 [pool-393-thread-1] INFO  server.RaftServerConfigKeys (ConfUtils.java:logGet(43)) - raft.server.log.segment.size.max = 1048576 (custom)
2019-10-02 23:01:46,713 [pool-393-thread-1] INFO  server.RaftServerConfigKeys (ConfUtils.java:logGet(43)) - raft.server.log.preallocated.size = 16384 (custom)
2019-10-02 23:01:46,713 [pool-393-thread-1] INFO  server.RaftServerConfigKeys (ConfUtils.java:logGet(43)) - raft.server.log.write.buffer.size = 33554432 (custom)
2019-10-02 23:01:46,713 [pool-393-thread-1] INFO  server.RaftServerConfigKeys (ConfUtils.java:logGet(43)) - raft.server.log.force.sync.num = 128 (default)
2019-10-02 23:01:46,713 [pool-393-thread-1] INFO  server.RaftServerConfigKeys (ConfUtils.java:logGet(43)) - raft.server.log.statemachine.data.sync = true (default)
2019-10-02 23:01:46,713 [pool-393-thread-1] INFO  server.RaftServerConfigKeys (ConfUtils.java:logGet(43)) - raft.server.log.statemachine.data.sync.timeout = 10s (default)
2019-10-02 23:01:46,714 [pool-393-thread-1] INFO  server.RaftServerConfigKeys (ConfUtils.java:logGet(43)) - raft.server.log.statemachine.data.sync.timeout.retry = -1 (default)
2019-10-02 23:01:46,714 [pool-393-thread-1] INFO  server.RaftServerConfigKeys (ConfUtils.java:logGet(43)) - raft.server.log.statemachine.data.caching.enabled = true (custom)
2019-10-02 23:01:46,715 [pool-393-thread-1] INFO  segmented.SegmentedRaftLogWorker (SegmentedRaftLogWorker.java:lambda$new$0(128)) - d6e7be57-e0eb-47de-9048-9bb8c654df67@group-951AC334413F-SegmentedRaftLogWorker: flushIndex: setUnconditionally 0 -> -1
2019-10-02 23:01:46,715 [pool-393-thread-1] INFO  server.RaftServerConfigKeys (ConfUtils.java:logGet(43)) - raft.server.snapshot.auto.trigger.enabled = true (custom)
2019-10-02 23:01:46,715 [pool-393-thread-1] INFO  server.RaftServerConfigKeys (ConfUtils.java:logGet(43)) - raft.server.snapshot.auto.trigger.threshold = 10000 (custom)
2019-10-02 23:01:46,715 [pool-393-thread-1] INFO  server.RaftServerConfigKeys (ConfUtils.java:logGet(43)) - raft.server.snapshot.retention.file.num = 5 (custom)
2019-10-02 23:01:46,715 [pool-393-thread-1] INFO  server.RaftServerConfigKeys (ConfUtils.java:logGet(43)) - raft.server.retrycache.expirytime = 600000ms (custom)
2019-10-02 23:01:46,717 [pool-393-thread-1] INFO  impl.RaftServerImpl (RaftServerImpl.java:start(181)) - d6e7be57-e0eb-47de-9048-9bb8c654df67@group-951AC334413F: start as a follower, conf=-1: [d6e7be57-e0eb-47de-9048-9bb8c654df67:192.168.164.235:43926], old=null
2019-10-02 23:01:46,717 [pool-393-thread-1] INFO  impl.RaftServerImpl (RaftServerImpl.java:setRole(170)) - d6e7be57-e0eb-47de-9048-9bb8c654df67@group-951AC334413F: changes role from      null to FOLLOWER at term 0 for startAsFollower
2019-10-02 23:01:46,718 [pool-393-thread-1] INFO  impl.RoleInfo (RoleInfo.java:updateAndGet(143)) - d6e7be57-e0eb-47de-9048-9bb8c654df67: start FollowerState
2019-10-02 23:01:46,718 [pool-393-thread-1] INFO  util.JmxRegister (JmxRegister.java:tryRegister(44)) - Successfully registered JMX Bean with object name Ratis:service=RaftServer,group=group-951AC334413F,id=d6e7be57-e0eb-47de-9048-9bb8c654df67
2019-10-02 23:01:46,722 [RatisPipelineUtilsThread] INFO  pipeline.PipelineStateManager (PipelineStateManager.java:addPipeline(56)) - Created pipeline Pipeline[ Id: 54b627fa-7d59-4bf8-ab54-951ac334413f, Nodes: d6e7be57-e0eb-47de-9048-9bb8c654df67{ip: 192.168.164.235, host: pr-hdds-2226-secures3-kzjg4-641534921, networkLocation: /default-rack, certSerialId: null}, Type:RATIS, Factor:ONE, State:OPEN]
2019-10-02 23:01:46,772 [IPC Server handler 13 on 37527] INFO  net.NetworkTopology (NetworkTopologyImpl.java:add(111)) - Added a new node: /default-rack/9c880452-8db4-4c33-8095-590e060cc885
2019-10-02 23:01:46,772 [IPC Server handler 13 on 37527] INFO  node.SCMNodeManager (SCMNodeManager.java:register(266)) - Registered Data node : 9c880452-8db4-4c33-8095-590e060cc885{ip: 192.168.164.235, host: pr-hdds-2226-secures3-kzjg4-641534921, networkLocation: /default-rack, certSerialId: null}
2019-10-02 23:01:46,781 [grpc-default-executor-1] INFO  impl.RaftServerProxy (RaftServerProxy.java:addNew(89)) - 9c880452-8db4-4c33-8095-590e060cc885: addNew group-9D5448D1574A:[9c880452-8db4-4c33-8095-590e060cc885:192.168.164.235:41989] returns group-9D5448D1574A:java.util.concurrent.CompletableFuture@6605740f[Not completed]
2019-10-02 23:01:46,782 [pool-403-thread-1] INFO  impl.RaftServerImpl (RaftServerImpl.java:<init>(95)) - 9c880452-8db4-4c33-8095-590e060cc885: new RaftServerImpl for group-9D5448D1574A:[9c880452-8db4-4c33-8095-590e060cc885:192.168.164.235:41989] with ContainerStateMachine:uninitialized
2019-10-02 23:01:46,782 [pool-403-thread-1] INFO  server.RaftServerConfigKeys (ConfUtils.java:logGet(43)) - raft.server.rpc.timeout.min = 5s (custom)
2019-10-02 23:01:46,782 [pool-403-thread-1] INFO  server.RaftServerConfigKeys (ConfUtils.java:logGet(43)) - raft.server.rpc.timeout.max = 5200ms (custom)
2019-10-02 23:01:46,782 [pool-403-thread-1] INFO  server.RaftServerConfigKeys (ConfUtils.java:logGet(43)) - raft.server.rpcslowness.timeout = 120s (custom)
2019-10-02 23:01:46,782 [pool-403-thread-1] INFO  server.RaftServerConfigKeys (ConfUtils.java:logGet(43)) - raft.server.sleep.deviation.threshold = 300 (default)
2019-10-02 23:01:46,782 [pool-403-thread-1] INFO  server.RaftServerConfigKeys (ConfUtils.java:logGet(43)) - raft.server.log.appender.install.snapshot.enabled = false (custom)
2019-10-02 23:01:46,783 [pool-403-thread-1] INFO  impl.RaftServerImpl (ServerState.java:<init>(103)) - 9c880452-8db4-4c33-8095-590e060cc885@group-9D5448D1574A: ConfigurationManager, init=-1: [9c880452-8db4-4c33-8095-590e060cc885:192.168.164.235:41989], old=null, confs=<EMPTY_MAP>
2019-10-02 23:01:46,783 [pool-403-thread-1] INFO  server.RaftServerConfigKeys (ConfUtils.java:logGet(43)) - raft.server.storage.dir = [/workdir/hadoop-ozone/integration-test/target/test-dir/MiniOzoneClusterImpl-44df2c2f-edbb-4bb1-a9d5-29c820e107ce/datanode-2/data/ratis] (custom)
2019-10-02 23:01:46,783 [pool-403-thread-1] INFO  server.RaftServerConfigKeys (ConfUtils.java:logGet(43)) - raft.server.log.corruption.policy = EXCEPTION (default)
2019-10-02 23:01:46,783 [pool-403-thread-1] INFO  storage.RaftStorageDirectory (RaftStorageDirectory.java:analyzeStorage(246)) - The storage directory /workdir/hadoop-ozone/integration-test/target/test-dir/MiniOzoneClusterImpl-44df2c2f-edbb-4bb1-a9d5-29c820e107ce/datanode-2/data/ratis/bb1b81f0-7118-4c81-9427-9d5448d1574a does not exist. Creating ...
2019-10-02 23:01:46,796 [pool-403-thread-1] INFO  storage.RaftStorageDirectory (RaftStorageDirectory.java:tryLock(328)) - Lock on /workdir/hadoop-ozone/integration-test/target/test-dir/MiniOzoneClusterImpl-44df2c2f-edbb-4bb1-a9d5-29c820e107ce/datanode-2/data/ratis/bb1b81f0-7118-4c81-9427-9d5448d1574a/in_use.lock acquired by nodename 6657@pr-hdds-2226-secures3-kzjg4-641534921
2019-10-02 23:01:46,809 [pool-403-thread-1] INFO  storage.RaftStorage (RaftStorage.java:format(84)) - Storage directory /workdir/hadoop-ozone/integration-test/target/test-dir/MiniOzoneClusterImpl-44df2c2f-edbb-4bb1-a9d5-29c820e107ce/datanode-2/data/ratis/bb1b81f0-7118-4c81-9427-9d5448d1574a has been successfully formatted.
2019-10-02 23:01:46,809 [pool-403-thread-1] INFO  ratis.ContainerStateMachine (ContainerStateMachine.java:loadSnapshot(230)) - group-9D5448D1574A: The snapshot info is null. Setting the last applied indexto:(t:0, i:~)
2019-10-02 23:01:46,809 [pool-403-thread-1] INFO  server.RaftServerConfigKeys (ConfUtils.java:logGet(43)) - raft.server.notification.no-leader.timeout = 120s (custom)
2019-10-02 23:01:46,810 [pool-403-thread-1] INFO  server.RaftServerConfigKeys (ConfUtils.java:logGet(43)) - raft.server.log.use.memory = false (default)
2019-10-02 23:01:46,810 [pool-403-thread-1] INFO  server.RaftServerConfigKeys (ConfUtils.java:logGet(43)) - raft.server.log.purge.gap = 1000000 (custom)
2019-10-02 23:01:46,810 [pool-403-thread-1] INFO  server.RaftServerConfigKeys (ConfUtils.java:logGet(43)) - raft.server.log.appender.buffer.byte-limit = 33554432 (custom)
2019-10-02 23:01:46,810 [pool-403-thread-1] INFO  server.RaftServerConfigKeys (ConfUtils.java:logGet(43)) - raft.server.log.segment.size.max = 1048576 (custom)
2019-10-02 23:01:46,811 [pool-403-thread-1] INFO  server.RaftServerConfigKeys (ConfUtils.java:logGet(43)) - raft.server.log.segment.cache.num.max = 2 (custom)
2019-10-02 23:01:46,811 [pool-403-thread-1] INFO  segmented.SegmentedRaftLogWorker (SegmentedRaftLogWorker.java:<init>(173)) - new 9c880452-8db4-4c33-8095-590e060cc885@group-9D5448D1574A-SegmentedRaftLogWorker for RaftStorage:Storage Directory /workdir/hadoop-ozone/integration-test/target/test-dir/MiniOzoneClusterImpl-44df2c2f-edbb-4bb1-a9d5-29c820e107ce/datanode-2/data/ratis/bb1b81f0-7118-4c81-9427-9d5448d1574a
2019-10-02 23:01:46,812 [pool-403-thread-1] INFO  server.RaftServerConfigKeys (ConfUtils.java:logGet(43)) - raft.server.log.queue.byte-limit = 2147483647 (custom)
2019-10-02 23:01:46,812 [pool-403-thread-1] INFO  server.RaftServerConfigKeys (ConfUtils.java:logGet(43)) - raft.server.log.queue.element-limit = 1024 (custom)
2019-10-02 23:01:46,812 [pool-403-thread-1] INFO  server.RaftServerConfigKeys (ConfUtils.java:logGet(43)) - raft.server.log.segment.size.max = 1048576 (custom)
2019-10-02 23:01:46,812 [pool-403-thread-1] INFO  server.RaftServerConfigKeys (ConfUtils.java:logGet(43)) - raft.server.log.preallocated.size = 16384 (custom)
2019-10-02 23:01:46,812 [pool-403-thread-1] INFO  server.RaftServerConfigKeys (ConfUtils.java:logGet(43)) - raft.server.log.write.buffer.size = 33554432 (custom)
2019-10-02 23:01:46,812 [pool-403-thread-1] INFO  server.RaftServerConfigKeys (ConfUtils.java:logGet(43)) - raft.server.log.force.sync.num = 128 (default)
2019-10-02 23:01:46,812 [pool-403-thread-1] INFO  server.RaftServerConfigKeys (ConfUtils.java:logGet(43)) - raft.server.log.statemachine.data.sync = true (default)
2019-10-02 23:01:46,812 [pool-403-thread-1] INFO  server.RaftServerConfigKeys (ConfUtils.java:logGet(43)) - raft.server.log.statemachine.data.sync.timeout = 10s (default)
2019-10-02 23:01:46,813 [pool-403-thread-1] INFO  server.RaftServerConfigKeys (ConfUtils.java:logGet(43)) - raft.server.log.statemachine.data.sync.timeout.retry = -1 (default)
2019-10-02 23:01:46,813 [pool-403-thread-1] INFO  server.RaftServerConfigKeys (ConfUtils.java:logGet(43)) - raft.server.log.statemachine.data.caching.enabled = true (custom)
2019-10-02 23:01:46,813 [pool-403-thread-1] INFO  segmented.SegmentedRaftLogWorker (SegmentedRaftLogWorker.java:lambda$new$0(128)) - 9c880452-8db4-4c33-8095-590e060cc885@group-9D5448D1574A-SegmentedRaftLogWorker: flushIndex: setUnconditionally 0 -> -1
2019-10-02 23:01:46,813 [pool-403-thread-1] INFO  server.RaftServerConfigKeys (ConfUtils.java:logGet(43)) - raft.server.snapshot.auto.trigger.enabled = true (custom)
2019-10-02 23:01:46,813 [pool-403-thread-1] INFO  server.RaftServerConfigKeys (ConfUtils.java:logGet(43)) - raft.server.snapshot.auto.trigger.threshold = 10000 (custom)
2019-10-02 23:01:46,814 [pool-403-thread-1] INFO  server.RaftServerConfigKeys (ConfUtils.java:logGet(43)) - raft.server.snapshot.retention.file.num = 5 (custom)
2019-10-02 23:01:46,814 [pool-403-thread-1] INFO  server.RaftServerConfigKeys (ConfUtils.java:logGet(43)) - raft.server.retrycache.expirytime = 600000ms (custom)
2019-10-02 23:01:46,816 [pool-403-thread-1] INFO  impl.RaftServerImpl (RaftServerImpl.java:start(181)) - 9c880452-8db4-4c33-8095-590e060cc885@group-9D5448D1574A: start as a follower, conf=-1: [9c880452-8db4-4c33-8095-590e060cc885:192.168.164.235:41989], old=null
2019-10-02 23:01:46,816 [pool-403-thread-1] INFO  impl.RaftServerImpl (RaftServerImpl.java:setRole(170)) - 9c880452-8db4-4c33-8095-590e060cc885@group-9D5448D1574A: changes role from      null to FOLLOWER at term 0 for startAsFollower
2019-10-02 23:01:46,816 [pool-403-thread-1] INFO  impl.RoleInfo (RoleInfo.java:updateAndGet(143)) - 9c880452-8db4-4c33-8095-590e060cc885: start FollowerState
2019-10-02 23:01:46,816 [pool-403-thread-1] INFO  util.JmxRegister (JmxRegister.java:tryRegister(44)) - Successfully registered JMX Bean with object name Ratis:service=RaftServer,group=group-9D5448D1574A,id=9c880452-8db4-4c33-8095-590e060cc885
2019-10-02 23:01:46,820 [RatisPipelineUtilsThread] INFO  pipeline.PipelineStateManager (PipelineStateManager.java:addPipeline(56)) - Created pipeline Pipeline[ Id: bb1b81f0-7118-4c81-9427-9d5448d1574a, Nodes: 9c880452-8db4-4c33-8095-590e060cc885{ip: 192.168.164.235, host: pr-hdds-2226-secures3-kzjg4-641534921, networkLocation: /default-rack, certSerialId: null}, Type:RATIS, Factor:ONE, State:OPEN]
2019-10-02 23:01:46,846 [grpc-default-executor-3] INFO  impl.RaftServerProxy (RaftServerProxy.java:addNew(89)) - b1796d5d-d8ec-445b-befa-35d912d48cea: addNew group-C91AC6D6877B:[9c880452-8db4-4c33-8095-590e060cc885:192.168.164.235:41989, d6e7be57-e0eb-47de-9048-9bb8c654df67:192.168.164.235:43926, b1796d5d-d8ec-445b-befa-35d912d48cea:192.168.164.235:34281] returns group-C91AC6D6877B:java.util.concurrent.CompletableFuture@7cfd8908[Not completed]
2019-10-02 23:01:46,847 [pool-383-thread-1] INFO  impl.RaftServerImpl (RaftServerImpl.java:<init>(95)) - b1796d5d-d8ec-445b-befa-35d912d48cea: new RaftServerImpl for group-C91AC6D6877B:[9c880452-8db4-4c33-8095-590e060cc885:192.168.164.235:41989, d6e7be57-e0eb-47de-9048-9bb8c654df67:192.168.164.235:43926, b1796d5d-d8ec-445b-befa-35d912d48cea:192.168.164.235:34281] with ContainerStateMachine:uninitialized
2019-10-02 23:01:46,847 [pool-383-thread-1] INFO  server.RaftServerConfigKeys (ConfUtils.java:logGet(43)) - raft.server.rpc.timeout.min = 5s (custom)
2019-10-02 23:01:46,847 [grpc-default-executor-3] INFO  impl.RaftServerProxy (RaftServerProxy.java:addNew(89)) - 9c880452-8db4-4c33-8095-590e060cc885: addNew group-C91AC6D6877B:[9c880452-8db4-4c33-8095-590e060cc885:192.168.164.235:41989, d6e7be57-e0eb-47de-9048-9bb8c654df67:192.168.164.235:43926, b1796d5d-d8ec-445b-befa-35d912d48cea:192.168.164.235:34281] returns group-C91AC6D6877B:java.util.concurrent.CompletableFuture@2f90a909[Not completed]
2019-10-02 23:01:46,847 [pool-383-thread-1] INFO  server.RaftServerConfigKeys (ConfUtils.java:logGet(43)) - raft.server.rpc.timeout.max = 5200ms (custom)
2019-10-02 23:01:46,847 [grpc-default-executor-2] INFO  impl.RaftServerProxy (RaftServerProxy.java:addNew(89)) - d6e7be57-e0eb-47de-9048-9bb8c654df67: addNew group-C91AC6D6877B:[9c880452-8db4-4c33-8095-590e060cc885:192.168.164.235:41989, d6e7be57-e0eb-47de-9048-9bb8c654df67:192.168.164.235:43926, b1796d5d-d8ec-445b-befa-35d912d48cea:192.168.164.235:34281] returns group-C91AC6D6877B:java.util.concurrent.CompletableFuture@36085c78[Not completed]
2019-10-02 23:01:46,847 [pool-383-thread-1] INFO  server.RaftServerConfigKeys (ConfUtils.java:logGet(43)) - raft.server.rpcslowness.timeout = 120s (custom)
2019-10-02 23:01:46,848 [pool-383-thread-1] INFO  server.RaftServerConfigKeys (ConfUtils.java:logGet(43)) - raft.server.sleep.deviation.threshold = 300 (default)
2019-10-02 23:01:46,848 [pool-383-thread-1] INFO  server.RaftServerConfigKeys (ConfUtils.java:logGet(43)) - raft.server.log.appender.install.snapshot.enabled = false (custom)
2019-10-02 23:01:46,848 [pool-383-thread-1] INFO  impl.RaftServerImpl (ServerState.java:<init>(103)) - b1796d5d-d8ec-445b-befa-35d912d48cea@group-C91AC6D6877B: ConfigurationManager, init=-1: [9c880452-8db4-4c33-8095-590e060cc885:192.168.164.235:41989, d6e7be57-e0eb-47de-9048-9bb8c654df67:192.168.164.235:43926, b1796d5d-d8ec-445b-befa-35d912d48cea:192.168.164.235:34281], old=null, confs=<EMPTY_MAP>
2019-10-02 23:01:46,848 [pool-383-thread-1] INFO  server.RaftServerConfigKeys (ConfUtils.java:logGet(43)) - raft.server.storage.dir = [/workdir/hadoop-ozone/integration-test/target/test-dir/MiniOzoneClusterImpl-44df2c2f-edbb-4bb1-a9d5-29c820e107ce/datanode-0/data/ratis] (custom)
2019-10-02 23:01:46,848 [pool-403-thread-1] INFO  impl.RaftServerImpl (RaftServerImpl.java:<init>(95)) - 9c880452-8db4-4c33-8095-590e060cc885: new RaftServerImpl for group-C91AC6D6877B:[9c880452-8db4-4c33-8095-590e060cc885:192.168.164.235:41989, d6e7be57-e0eb-47de-9048-9bb8c654df67:192.168.164.235:43926, b1796d5d-d8ec-445b-befa-35d912d48cea:192.168.164.235:34281] with ContainerStateMachine:uninitialized
2019-10-02 23:01:46,848 [pool-383-thread-1] INFO  server.RaftServerConfigKeys (ConfUtils.java:logGet(43)) - raft.server.log.corruption.policy = EXCEPTION (default)
2019-10-02 23:01:46,848 [pool-403-thread-1] INFO  server.RaftServerConfigKeys (ConfUtils.java:logGet(43)) - raft.server.rpc.timeout.min = 5s (custom)
2019-10-02 23:01:46,848 [pool-383-thread-1] INFO  storage.RaftStorageDirectory (RaftStorageDirectory.java:analyzeStorage(246)) - The storage directory /workdir/hadoop-ozone/integration-test/target/test-dir/MiniOzoneClusterImpl-44df2c2f-edbb-4bb1-a9d5-29c820e107ce/datanode-0/data/ratis/e2f43bc9-4ca1-4257-b2aa-c91ac6d6877b does not exist. Creating ...
2019-10-02 23:01:46,848 [pool-403-thread-1] INFO  server.RaftServerConfigKeys (ConfUtils.java:logGet(43)) - raft.server.rpc.timeout.max = 5200ms (custom)
2019-10-02 23:01:46,849 [pool-393-thread-1] INFO  impl.RaftServerImpl (RaftServerImpl.java:<init>(95)) - d6e7be57-e0eb-47de-9048-9bb8c654df67: new RaftServerImpl for group-C91AC6D6877B:[9c880452-8db4-4c33-8095-590e060cc885:192.168.164.235:41989, d6e7be57-e0eb-47de-9048-9bb8c654df67:192.168.164.235:43926, b1796d5d-d8ec-445b-befa-35d912d48cea:192.168.164.235:34281] with ContainerStateMachine:uninitialized
2019-10-02 23:01:46,849 [pool-403-thread-1] INFO  server.RaftServerConfigKeys (ConfUtils.java:logGet(43)) - raft.server.rpcslowness.timeout = 120s (custom)
2019-10-02 23:01:46,849 [pool-393-thread-1] INFO  server.RaftServerConfigKeys (ConfUtils.java:logGet(43)) - raft.server.rpc.timeout.min = 5s (custom)
2019-10-02 23:01:46,849 [pool-403-thread-1] INFO  server.RaftServerConfigKeys (ConfUtils.java:logGet(43)) - raft.server.sleep.deviation.threshold = 300 (default)
2019-10-02 23:01:46,849 [pool-393-thread-1] INFO  server.RaftServerConfigKeys (ConfUtils.java:logGet(43)) - raft.server.rpc.timeout.max = 5200ms (custom)
2019-10-02 23:01:46,849 [pool-403-thread-1] INFO  server.RaftServerConfigKeys (ConfUtils.java:logGet(43)) - raft.server.log.appender.install.snapshot.enabled = false (custom)
2019-10-02 23:01:46,849 [pool-393-thread-1] INFO  server.RaftServerConfigKeys (ConfUtils.java:logGet(43)) - raft.server.rpcslowness.timeout = 120s (custom)
2019-10-02 23:01:46,849 [pool-403-thread-1] INFO  impl.RaftServerImpl (ServerState.java:<init>(103)) - 9c880452-8db4-4c33-8095-590e060cc885@group-C91AC6D6877B: ConfigurationManager, init=-1: [9c880452-8db4-4c33-8095-590e060cc885:192.168.164.235:41989, d6e7be57-e0eb-47de-9048-9bb8c654df67:192.168.164.235:43926, b1796d5d-d8ec-445b-befa-35d912d48cea:192.168.164.235:34281], old=null, confs=<EMPTY_MAP>
2019-10-02 23:01:46,850 [pool-393-thread-1] INFO  server.RaftServerConfigKeys (ConfUtils.java:logGet(43)) - raft.server.sleep.deviation.threshold = 300 (default)
2019-10-02 23:01:46,850 [pool-403-thread-1] INFO  server.RaftServerConfigKeys (ConfUtils.java:logGet(43)) - raft.server.storage.dir = [/workdir/hadoop-ozone/integration-test/target/test-dir/MiniOzoneClusterImpl-44df2c2f-edbb-4bb1-a9d5-29c820e107ce/datanode-2/data/ratis] (custom)
2019-10-02 23:01:46,850 [pool-393-thread-1] INFO  server.RaftServerConfigKeys (ConfUtils.java:logGet(43)) - raft.server.log.appender.install.snapshot.enabled = false (custom)
2019-10-02 23:01:46,850 [pool-403-thread-1] INFO  server.RaftServerConfigKeys (ConfUtils.java:logGet(43)) - raft.server.log.corruption.policy = EXCEPTION (default)
2019-10-02 23:01:46,850 [pool-393-thread-1] INFO  impl.RaftServerImpl (ServerState.java:<init>(103)) - d6e7be57-e0eb-47de-9048-9bb8c654df67@group-C91AC6D6877B: ConfigurationManager, init=-1: [9c880452-8db4-4c33-8095-590e060cc885:192.168.164.235:41989, d6e7be57-e0eb-47de-9048-9bb8c654df67:192.168.164.235:43926, b1796d5d-d8ec-445b-befa-35d912d48cea:192.168.164.235:34281], old=null, confs=<EMPTY_MAP>
2019-10-02 23:01:46,850 [pool-403-thread-1] INFO  storage.RaftStorageDirectory (RaftStorageDirectory.java:analyzeStorage(246)) - The storage directory /workdir/hadoop-ozone/integration-test/target/test-dir/MiniOzoneClusterImpl-44df2c2f-edbb-4bb1-a9d5-29c820e107ce/datanode-2/data/ratis/e2f43bc9-4ca1-4257-b2aa-c91ac6d6877b does not exist. Creating ...
2019-10-02 23:01:46,850 [pool-393-thread-1] INFO  server.RaftServerConfigKeys (ConfUtils.java:logGet(43)) - raft.server.storage.dir = [/workdir/hadoop-ozone/integration-test/target/test-dir/MiniOzoneClusterImpl-44df2c2f-edbb-4bb1-a9d5-29c820e107ce/datanode-1/data/ratis] (custom)
2019-10-02 23:01:46,851 [pool-393-thread-1] INFO  server.RaftServerConfigKeys (ConfUtils.java:logGet(43)) - raft.server.log.corruption.policy = EXCEPTION (default)
2019-10-02 23:01:46,851 [pool-393-thread-1] INFO  storage.RaftStorageDirectory (RaftStorageDirectory.java:analyzeStorage(246)) - The storage directory /workdir/hadoop-ozone/integration-test/target/test-dir/MiniOzoneClusterImpl-44df2c2f-edbb-4bb1-a9d5-29c820e107ce/datanode-1/data/ratis/e2f43bc9-4ca1-4257-b2aa-c91ac6d6877b does not exist. Creating ...
2019-10-02 23:01:46,862 [pool-383-thread-1] INFO  storage.RaftStorageDirectory (RaftStorageDirectory.java:tryLock(328)) - Lock on /workdir/hadoop-ozone/integration-test/target/test-dir/MiniOzoneClusterImpl-44df2c2f-edbb-4bb1-a9d5-29c820e107ce/datanode-0/data/ratis/e2f43bc9-4ca1-4257-b2aa-c91ac6d6877b/in_use.lock acquired by nodename 6657@pr-hdds-2226-secures3-kzjg4-641534921
2019-10-02 23:01:46,862 [pool-403-thread-1] INFO  storage.RaftStorageDirectory (RaftStorageDirectory.java:tryLock(328)) - Lock on /workdir/hadoop-ozone/integration-test/target/test-dir/MiniOzoneClusterImpl-44df2c2f-edbb-4bb1-a9d5-29c820e107ce/datanode-2/data/ratis/e2f43bc9-4ca1-4257-b2aa-c91ac6d6877b/in_use.lock acquired by nodename 6657@pr-hdds-2226-secures3-kzjg4-641534921
2019-10-02 23:01:46,862 [pool-393-thread-1] INFO  storage.RaftStorageDirectory (RaftStorageDirectory.java:tryLock(328)) - Lock on /workdir/hadoop-ozone/integration-test/target/test-dir/MiniOzoneClusterImpl-44df2c2f-edbb-4bb1-a9d5-29c820e107ce/datanode-1/data/ratis/e2f43bc9-4ca1-4257-b2aa-c91ac6d6877b/in_use.lock acquired by nodename 6657@pr-hdds-2226-secures3-kzjg4-641534921
2019-10-02 23:01:46,864 [IPC Server handler 15 on 37527] INFO  net.NetworkTopology (NetworkTopologyImpl.java:add(111)) - Added a new node: /default-rack/ebb81ab3-8a18-487f-a36e-5e5af70411d8
2019-10-02 23:01:46,864 [IPC Server handler 15 on 37527] INFO  node.SCMNodeManager (SCMNodeManager.java:register(266)) - Registered Data node : ebb81ab3-8a18-487f-a36e-5e5af70411d8{ip: 192.168.164.235, host: pr-hdds-2226-secures3-kzjg4-641534921, networkLocation: /default-rack, certSerialId: null}
2019-10-02 23:01:46,875 [pool-383-thread-1] INFO  storage.RaftStorage (RaftStorage.java:format(84)) - Storage directory /workdir/hadoop-ozone/integration-test/target/test-dir/MiniOzoneClusterImpl-44df2c2f-edbb-4bb1-a9d5-29c820e107ce/datanode-0/data/ratis/e2f43bc9-4ca1-4257-b2aa-c91ac6d6877b has been successfully formatted.
2019-10-02 23:01:46,875 [pool-393-thread-1] INFO  storage.RaftStorage (RaftStorage.java:format(84)) - Storage directory /workdir/hadoop-ozone/integration-test/target/test-dir/MiniOzoneClusterImpl-44df2c2f-edbb-4bb1-a9d5-29c820e107ce/datanode-1/data/ratis/e2f43bc9-4ca1-4257-b2aa-c91ac6d6877b has been successfully formatted.
2019-10-02 23:01:46,875 [pool-403-thread-1] INFO  storage.RaftStorage (RaftStorage.java:format(84)) - Storage directory /workdir/hadoop-ozone/integration-test/target/test-dir/MiniOzoneClusterImpl-44df2c2f-edbb-4bb1-a9d5-29c820e107ce/datanode-2/data/ratis/e2f43bc9-4ca1-4257-b2aa-c91ac6d6877b has been successfully formatted.
2019-10-02 23:01:46,875 [pool-393-thread-1] INFO  ratis.ContainerStateMachine (ContainerStateMachine.java:loadSnapshot(230)) - group-C91AC6D6877B: The snapshot info is null. Setting the last applied indexto:(t:0, i:~)
2019-10-02 23:01:46,875 [pool-383-thread-1] INFO  ratis.ContainerStateMachine (ContainerStateMachine.java:loadSnapshot(230)) - group-C91AC6D6877B: The snapshot info is null. Setting the last applied indexto:(t:0, i:~)
2019-10-02 23:01:46,876 [pool-393-thread-1] INFO  server.RaftServerConfigKeys (ConfUtils.java:logGet(43)) - raft.server.notification.no-leader.timeout = 120s (custom)
2019-10-02 23:01:46,876 [pool-403-thread-1] INFO  ratis.ContainerStateMachine (ContainerStateMachine.java:loadSnapshot(230)) - group-C91AC6D6877B: The snapshot info is null. Setting the last applied indexto:(t:0, i:~)
2019-10-02 23:01:46,876 [pool-393-thread-1] INFO  server.RaftServerConfigKeys (ConfUtils.java:logGet(43)) - raft.server.log.use.memory = false (default)
2019-10-02 23:01:46,876 [pool-383-thread-1] INFO  server.RaftServerConfigKeys (ConfUtils.java:logGet(43)) - raft.server.notification.no-leader.timeout = 120s (custom)
2019-10-02 23:01:46,876 [pool-393-thread-1] INFO  server.RaftServerConfigKeys (ConfUtils.java:logGet(43)) - raft.server.log.purge.gap = 1000000 (custom)
2019-10-02 23:01:46,877 [pool-393-thread-1] INFO  server.RaftServerConfigKeys (ConfUtils.java:logGet(43)) - raft.server.log.appender.buffer.byte-limit = 33554432 (custom)
2019-10-02 23:01:46,876 [pool-403-thread-1] INFO  server.RaftServerConfigKeys (ConfUtils.java:logGet(43)) - raft.server.notification.no-leader.timeout = 120s (custom)
2019-10-02 23:01:46,877 [pool-393-thread-1] INFO  server.RaftServerConfigKeys (ConfUtils.java:logGet(43)) - raft.server.log.segment.size.max = 1048576 (custom)
2019-10-02 23:01:46,876 [pool-383-thread-1] INFO  server.RaftServerConfigKeys (ConfUtils.java:logGet(43)) - raft.server.log.use.memory = false (default)
2019-10-02 23:01:46,877 [pool-393-thread-1] INFO  server.RaftServerConfigKeys (ConfUtils.java:logGet(43)) - raft.server.log.segment.cache.num.max = 2 (custom)
2019-10-02 23:01:46,877 [pool-403-thread-1] INFO  server.RaftServerConfigKeys (ConfUtils.java:logGet(43)) - raft.server.log.use.memory = false (default)
2019-10-02 23:01:46,877 [pool-393-thread-1] INFO  segmented.SegmentedRaftLogWorker (SegmentedRaftLogWorker.java:<init>(173)) - new d6e7be57-e0eb-47de-9048-9bb8c654df67@group-C91AC6D6877B-SegmentedRaftLogWorker for RaftStorage:Storage Directory /workdir/hadoop-ozone/integration-test/target/test-dir/MiniOzoneClusterImpl-44df2c2f-edbb-4bb1-a9d5-29c820e107ce/datanode-1/data/ratis/e2f43bc9-4ca1-4257-b2aa-c91ac6d6877b
2019-10-02 23:01:46,877 [pool-383-thread-1] INFO  server.RaftServerConfigKeys (ConfUtils.java:logGet(43)) - raft.server.log.purge.gap = 1000000 (custom)
2019-10-02 23:01:46,878 [pool-393-thread-1] INFO  server.RaftServerConfigKeys (ConfUtils.java:logGet(43)) - raft.server.log.queue.byte-limit = 2147483647 (custom)
2019-10-02 23:01:46,877 [pool-403-thread-1] INFO  server.RaftServerConfigKeys (ConfUtils.java:logGet(43)) - raft.server.log.purge.gap = 1000000 (custom)
2019-10-02 23:01:46,878 [pool-393-thread-1] INFO  server.RaftServerConfigKeys (ConfUtils.java:logGet(43)) - raft.server.log.queue.element-limit = 1024 (custom)
2019-10-02 23:01:46,878 [pool-383-thread-1] INFO  server.RaftServerConfigKeys (ConfUtils.java:logGet(43)) - raft.server.log.appender.buffer.byte-limit = 33554432 (custom)
2019-10-02 23:01:46,878 [pool-393-thread-1] INFO  server.RaftServerConfigKeys (ConfUtils.java:logGet(43)) - raft.server.log.segment.size.max = 1048576 (custom)
2019-10-02 23:01:46,878 [pool-403-thread-1] INFO  server.RaftServerConfigKeys (ConfUtils.java:logGet(43)) - raft.server.log.appender.buffer.byte-limit = 33554432 (custom)
2019-10-02 23:01:46,878 [pool-393-thread-1] INFO  server.RaftServerConfigKeys (ConfUtils.java:logGet(43)) - raft.server.log.preallocated.size = 16384 (custom)
2019-10-02 23:01:46,878 [pool-383-thread-1] INFO  server.RaftServerConfigKeys (ConfUtils.java:logGet(43)) - raft.server.log.segment.size.max = 1048576 (custom)
2019-10-02 23:01:46,879 [pool-393-thread-1] INFO  server.RaftServerConfigKeys (ConfUtils.java:logGet(43)) - raft.server.log.write.buffer.size = 33554432 (custom)
2019-10-02 23:01:46,879 [pool-393-thread-1] INFO  server.RaftServerConfigKeys (ConfUtils.java:logGet(43)) - raft.server.log.force.sync.num = 128 (default)
2019-10-02 23:01:46,879 [pool-403-thread-1] INFO  server.RaftServerConfigKeys (ConfUtils.java:logGet(43)) - raft.server.log.segment.size.max = 1048576 (custom)
2019-10-02 23:01:46,879 [pool-393-thread-1] INFO  server.RaftServerConfigKeys (ConfUtils.java:logGet(43)) - raft.server.log.statemachine.data.sync = true (default)
2019-10-02 23:01:46,879 [pool-383-thread-1] INFO  server.RaftServerConfigKeys (ConfUtils.java:logGet(43)) - raft.server.log.segment.cache.num.max = 2 (custom)
2019-10-02 23:01:46,879 [pool-393-thread-1] INFO  server.RaftServerConfigKeys (ConfUtils.java:logGet(43)) - raft.server.log.statemachine.data.sync.timeout = 10s (default)
2019-10-02 23:01:46,879 [pool-403-thread-1] INFO  server.RaftServerConfigKeys (ConfUtils.java:logGet(43)) - raft.server.log.segment.cache.num.max = 2 (custom)
2019-10-02 23:01:46,880 [pool-393-thread-1] INFO  server.RaftServerConfigKeys (ConfUtils.java:logGet(43)) - raft.server.log.statemachine.data.sync.timeout.retry = -1 (default)
2019-10-02 23:01:46,879 [pool-383-thread-1] INFO  segmented.SegmentedRaftLogWorker (SegmentedRaftLogWorker.java:<init>(173)) - new b1796d5d-d8ec-445b-befa-35d912d48cea@group-C91AC6D6877B-SegmentedRaftLogWorker for RaftStorage:Storage Directory /workdir/hadoop-ozone/integration-test/target/test-dir/MiniOzoneClusterImpl-44df2c2f-edbb-4bb1-a9d5-29c820e107ce/datanode-0/data/ratis/e2f43bc9-4ca1-4257-b2aa-c91ac6d6877b
2019-10-02 23:01:46,880 [pool-393-thread-1] INFO  server.RaftServerConfigKeys (ConfUtils.java:logGet(43)) - raft.server.log.statemachine.data.caching.enabled = true (custom)
2019-10-02 23:01:46,880 [pool-403-thread-1] INFO  segmented.SegmentedRaftLogWorker (SegmentedRaftLogWorker.java:<init>(173)) - new 9c880452-8db4-4c33-8095-590e060cc885@group-C91AC6D6877B-SegmentedRaftLogWorker for RaftStorage:Storage Directory /workdir/hadoop-ozone/integration-test/target/test-dir/MiniOzoneClusterImpl-44df2c2f-edbb-4bb1-a9d5-29c820e107ce/datanode-2/data/ratis/e2f43bc9-4ca1-4257-b2aa-c91ac6d6877b
2019-10-02 23:01:46,880 [pool-383-thread-1] INFO  server.RaftServerConfigKeys (ConfUtils.java:logGet(43)) - raft.server.log.queue.byte-limit = 2147483647 (custom)
2019-10-02 23:01:46,880 [pool-393-thread-1] INFO  segmented.SegmentedRaftLogWorker (SegmentedRaftLogWorker.java:lambda$new$0(128)) - d6e7be57-e0eb-47de-9048-9bb8c654df67@group-C91AC6D6877B-SegmentedRaftLogWorker: flushIndex: setUnconditionally 0 -> -1
2019-10-02 23:01:46,880 [pool-403-thread-1] INFO  server.RaftServerConfigKeys (ConfUtils.java:logGet(43)) - raft.server.log.queue.byte-limit = 2147483647 (custom)
2019-10-02 23:01:46,880 [pool-383-thread-1] INFO  server.RaftServerConfigKeys (ConfUtils.java:logGet(43)) - raft.server.log.queue.element-limit = 1024 (custom)
2019-10-02 23:01:46,881 [pool-393-thread-1] INFO  server.RaftServerConfigKeys (ConfUtils.java:logGet(43)) - raft.server.snapshot.auto.trigger.enabled = true (custom)
2019-10-02 23:01:46,881 [pool-403-thread-1] INFO  server.RaftServerConfigKeys (ConfUtils.java:logGet(43)) - raft.server.log.queue.element-limit = 1024 (custom)
2019-10-02 23:01:46,881 [pool-393-thread-1] INFO  server.RaftServerConfigKeys (ConfUtils.java:logGet(43)) - raft.server.snapshot.auto.trigger.threshold = 10000 (custom)
2019-10-02 23:01:46,881 [pool-383-thread-1] INFO  server.RaftServerConfigKeys (ConfUtils.java:logGet(43)) - raft.server.log.segment.size.max = 1048576 (custom)
2019-10-02 23:01:46,881 [pool-393-thread-1] INFO  server.RaftServerConfigKeys (ConfUtils.java:logGet(43)) - raft.server.snapshot.retention.file.num = 5 (custom)
2019-10-02 23:01:46,881 [pool-403-thread-1] INFO  server.RaftServerConfigKeys (ConfUtils.java:logGet(43)) - raft.server.log.segment.size.max = 1048576 (custom)
2019-10-02 23:01:46,882 [pool-393-thread-1] INFO  server.RaftServerConfigKeys (ConfUtils.java:logGet(43)) - raft.server.retrycache.expirytime = 600000ms (custom)
2019-10-02 23:01:46,881 [pool-383-thread-1] INFO  server.RaftServerConfigKeys (ConfUtils.java:logGet(43)) - raft.server.log.preallocated.size = 16384 (custom)
2019-10-02 23:01:46,882 [pool-403-thread-1] INFO  server.RaftServerConfigKeys (ConfUtils.java:logGet(43)) - raft.server.log.preallocated.size = 16384 (custom)
2019-10-02 23:01:46,882 [pool-383-thread-1] INFO  server.RaftServerConfigKeys (ConfUtils.java:logGet(43)) - raft.server.log.write.buffer.size = 33554432 (custom)
2019-10-02 23:01:46,882 [pool-403-thread-1] INFO  server.RaftServerConfigKeys (ConfUtils.java:logGet(43)) - raft.server.log.write.buffer.size = 33554432 (custom)
2019-10-02 23:01:46,882 [pool-383-thread-1] INFO  server.RaftServerConfigKeys (ConfUtils.java:logGet(43)) - raft.server.log.force.sync.num = 128 (default)
2019-10-02 23:01:46,882 [pool-403-thread-1] INFO  server.RaftServerConfigKeys (ConfUtils.java:logGet(43)) - raft.server.log.force.sync.num = 128 (default)
2019-10-02 23:01:46,882 [pool-383-thread-1] INFO  server.RaftServerConfigKeys (ConfUtils.java:logGet(43)) - raft.server.log.statemachine.data.sync = true (default)
2019-10-02 23:01:46,883 [pool-403-thread-1] INFO  server.RaftServerConfigKeys (ConfUtils.java:logGet(43)) - raft.server.log.statemachine.data.sync = true (default)
2019-10-02 23:01:46,883 [pool-383-thread-1] INFO  server.RaftServerConfigKeys (ConfUtils.java:logGet(43)) - raft.server.log.statemachine.data.sync.timeout = 10s (default)
2019-10-02 23:01:46,883 [pool-403-thread-1] INFO  server.RaftServerConfigKeys (ConfUtils.java:logGet(43)) - raft.server.log.statemachine.data.sync.timeout = 10s (default)
2019-10-02 23:01:46,883 [pool-383-thread-1] INFO  server.RaftServerConfigKeys (ConfUtils.java:logGet(43)) - raft.server.log.statemachine.data.sync.timeout.retry = -1 (default)
2019-10-02 23:01:46,883 [pool-403-thread-1] INFO  server.RaftServerConfigKeys (ConfUtils.java:logGet(43)) - raft.server.log.statemachine.data.sync.timeout.retry = -1 (default)
2019-10-02 23:01:46,883 [pool-393-thread-1] INFO  impl.RaftServerImpl (RaftServerImpl.java:start(181)) - d6e7be57-e0eb-47de-9048-9bb8c654df67@group-C91AC6D6877B: start as a follower, conf=-1: [9c880452-8db4-4c33-8095-590e060cc885:192.168.164.235:41989, d6e7be57-e0eb-47de-9048-9bb8c654df67:192.168.164.235:43926, b1796d5d-d8ec-445b-befa-35d912d48cea:192.168.164.235:34281], old=null
2019-10-02 23:01:46,883 [pool-383-thread-1] INFO  server.RaftServerConfigKeys (ConfUtils.java:logGet(43)) - raft.server.log.statemachine.data.caching.enabled = true (custom)
2019-10-02 23:01:46,884 [pool-393-thread-1] INFO  impl.RaftServerImpl (RaftServerImpl.java:setRole(170)) - d6e7be57-e0eb-47de-9048-9bb8c654df67@group-C91AC6D6877B: changes role from      null to FOLLOWER at term 0 for startAsFollower
2019-10-02 23:01:46,884 [pool-403-thread-1] INFO  server.RaftServerConfigKeys (ConfUtils.java:logGet(43)) - raft.server.log.statemachine.data.caching.enabled = true (custom)
2019-10-02 23:01:46,884 [pool-393-thread-1] INFO  impl.RoleInfo (RoleInfo.java:updateAndGet(143)) - d6e7be57-e0eb-47de-9048-9bb8c654df67: start FollowerState
2019-10-02 23:01:46,884 [pool-383-thread-1] INFO  segmented.SegmentedRaftLogWorker (SegmentedRaftLogWorker.java:lambda$new$0(128)) - b1796d5d-d8ec-445b-befa-35d912d48cea@group-C91AC6D6877B-SegmentedRaftLogWorker: flushIndex: setUnconditionally 0 -> -1
2019-10-02 23:01:46,884 [pool-403-thread-1] INFO  segmented.SegmentedRaftLogWorker (SegmentedRaftLogWorker.java:lambda$new$0(128)) - 9c880452-8db4-4c33-8095-590e060cc885@group-C91AC6D6877B-SegmentedRaftLogWorker: flushIndex: setUnconditionally 0 -> -1
2019-10-02 23:01:46,885 [pool-383-thread-1] INFO  server.RaftServerConfigKeys (ConfUtils.java:logGet(43)) - raft.server.snapshot.auto.trigger.enabled = true (custom)
2019-10-02 23:01:46,885 [pool-393-thread-1] INFO  util.JmxRegister (JmxRegister.java:tryRegister(44)) - Successfully registered JMX Bean with object name Ratis:service=RaftServer,group=group-C91AC6D6877B,id=d6e7be57-e0eb-47de-9048-9bb8c654df67
2019-10-02 23:01:46,885 [pool-403-thread-1] INFO  server.RaftServerConfigKeys (ConfUtils.java:logGet(43)) - raft.server.snapshot.auto.trigger.enabled = true (custom)
2019-10-02 23:01:46,885 [pool-383-thread-1] INFO  server.RaftServerConfigKeys (ConfUtils.java:logGet(43)) - raft.server.snapshot.auto.trigger.threshold = 10000 (custom)
2019-10-02 23:01:46,885 [pool-403-thread-1] INFO  server.RaftServerConfigKeys (ConfUtils.java:logGet(43)) - raft.server.snapshot.auto.trigger.threshold = 10000 (custom)
2019-10-02 23:01:46,885 [pool-383-thread-1] INFO  server.RaftServerConfigKeys (ConfUtils.java:logGet(43)) - raft.server.snapshot.retention.file.num = 5 (custom)
2019-10-02 23:01:46,885 [pool-403-thread-1] INFO  server.RaftServerConfigKeys (ConfUtils.java:logGet(43)) - raft.server.snapshot.retention.file.num = 5 (custom)
2019-10-02 23:01:46,885 [pool-383-thread-1] INFO  server.RaftServerConfigKeys (ConfUtils.java:logGet(43)) - raft.server.retrycache.expirytime = 600000ms (custom)
2019-10-02 23:01:46,885 [pool-403-thread-1] INFO  server.RaftServerConfigKeys (ConfUtils.java:logGet(43)) - raft.server.retrycache.expirytime = 600000ms (custom)
2019-10-02 23:01:46,888 [pool-383-thread-1] INFO  impl.RaftServerImpl (RaftServerImpl.java:start(181)) - b1796d5d-d8ec-445b-befa-35d912d48cea@group-C91AC6D6877B: start as a follower, conf=-1: [9c880452-8db4-4c33-8095-590e060cc885:192.168.164.235:41989, d6e7be57-e0eb-47de-9048-9bb8c654df67:192.168.164.235:43926, b1796d5d-d8ec-445b-befa-35d912d48cea:192.168.164.235:34281], old=null
2019-10-02 23:01:46,889 [pool-383-thread-1] INFO  impl.RaftServerImpl (RaftServerImpl.java:setRole(170)) - b1796d5d-d8ec-445b-befa-35d912d48cea@group-C91AC6D6877B: changes role from      null to FOLLOWER at term 0 for startAsFollower
2019-10-02 23:01:46,889 [pool-403-thread-1] INFO  impl.RaftServerImpl (RaftServerImpl.java:start(181)) - 9c880452-8db4-4c33-8095-590e060cc885@group-C91AC6D6877B: start as a follower, conf=-1: [9c880452-8db4-4c33-8095-590e060cc885:192.168.164.235:41989, d6e7be57-e0eb-47de-9048-9bb8c654df67:192.168.164.235:43926, b1796d5d-d8ec-445b-befa-35d912d48cea:192.168.164.235:34281], old=null
2019-10-02 23:01:46,889 [pool-383-thread-1] INFO  impl.RoleInfo (RoleInfo.java:updateAndGet(143)) - b1796d5d-d8ec-445b-befa-35d912d48cea: start FollowerState
2019-10-02 23:01:46,889 [pool-403-thread-1] INFO  impl.RaftServerImpl (RaftServerImpl.java:setRole(170)) - 9c880452-8db4-4c33-8095-590e060cc885@group-C91AC6D6877B: changes role from      null to FOLLOWER at term 0 for startAsFollower
2019-10-02 23:01:46,889 [pool-403-thread-1] INFO  impl.RoleInfo (RoleInfo.java:updateAndGet(143)) - 9c880452-8db4-4c33-8095-590e060cc885: start FollowerState
2019-10-02 23:01:46,889 [pool-383-thread-1] INFO  util.JmxRegister (JmxRegister.java:tryRegister(44)) - Successfully registered JMX Bean with object name Ratis:service=RaftServer,group=group-C91AC6D6877B,id=b1796d5d-d8ec-445b-befa-35d912d48cea
2019-10-02 23:01:46,890 [pool-403-thread-1] INFO  util.JmxRegister (JmxRegister.java:tryRegister(44)) - Successfully registered JMX Bean with object name Ratis:service=RaftServer,group=group-C91AC6D6877B,id=9c880452-8db4-4c33-8095-590e060cc885
2019-10-02 23:01:46,894 [RatisPipelineUtilsThread] INFO  pipeline.PipelineStateManager (PipelineStateManager.java:addPipeline(56)) - Created pipeline Pipeline[ Id: e2f43bc9-4ca1-4257-b2aa-c91ac6d6877b, Nodes: d6e7be57-e0eb-47de-9048-9bb8c654df67{ip: 192.168.164.235, host: pr-hdds-2226-secures3-kzjg4-641534921, networkLocation: /default-rack, certSerialId: null}b1796d5d-d8ec-445b-befa-35d912d48cea{ip: 192.168.164.235, host: pr-hdds-2226-secures3-kzjg4-641534921, networkLocation: /default-rack, certSerialId: null}9c880452-8db4-4c33-8095-590e060cc885{ip: 192.168.164.235, host: pr-hdds-2226-secures3-kzjg4-641534921, networkLocation: /default-rack, certSerialId: null}, Type:RATIS, Factor:THREE, State:OPEN]
2019-10-02 23:01:46,947 [IPC Server handler 1 on 37527] INFO  net.NetworkTopology (NetworkTopologyImpl.java:add(111)) - Added a new node: /default-rack/f7037521-13a4-4bfd-b293-f77e87604f0e
2019-10-02 23:01:46,947 [IPC Server handler 1 on 37527] INFO  node.SCMNodeManager (SCMNodeManager.java:register(266)) - Registered Data node : f7037521-13a4-4bfd-b293-f77e87604f0e{ip: 192.168.164.235, host: pr-hdds-2226-secures3-kzjg4-641534921, networkLocation: /default-rack, certSerialId: null}
2019-10-02 23:01:46,956 [grpc-default-executor-2] INFO  impl.RaftServerProxy (RaftServerProxy.java:addNew(89)) - ebb81ab3-8a18-487f-a36e-5e5af70411d8: addNew group-208A39FB2C59:[ebb81ab3-8a18-487f-a36e-5e5af70411d8:192.168.164.235:39525] returns group-208A39FB2C59:java.util.concurrent.CompletableFuture@597164a7[Not completed]
2019-10-02 23:01:46,957 [pool-413-thread-1] INFO  impl.RaftServerImpl (RaftServerImpl.java:<init>(95)) - ebb81ab3-8a18-487f-a36e-5e5af70411d8: new RaftServerImpl for group-208A39FB2C59:[ebb81ab3-8a18-487f-a36e-5e5af70411d8:192.168.164.235:39525] with ContainerStateMachine:uninitialized
2019-10-02 23:01:46,958 [pool-413-thread-1] INFO  server.RaftServerConfigKeys (ConfUtils.java:logGet(43)) - raft.server.rpc.timeout.min = 5s (custom)
2019-10-02 23:01:46,958 [pool-413-thread-1] INFO  server.RaftServerConfigKeys (ConfUtils.java:logGet(43)) - raft.server.rpc.timeout.max = 5200ms (custom)
2019-10-02 23:01:46,958 [pool-413-thread-1] INFO  server.RaftServerConfigKeys (ConfUtils.java:logGet(43)) - raft.server.rpcslowness.timeout = 120s (custom)
2019-10-02 23:01:46,958 [pool-413-thread-1] INFO  server.RaftServerConfigKeys (ConfUtils.java:logGet(43)) - raft.server.sleep.deviation.threshold = 300 (default)
2019-10-02 23:01:46,958 [pool-413-thread-1] INFO  server.RaftServerConfigKeys (ConfUtils.java:logGet(43)) - raft.server.log.appender.install.snapshot.enabled = false (custom)
2019-10-02 23:01:46,958 [pool-413-thread-1] INFO  impl.RaftServerImpl (ServerState.java:<init>(103)) - ebb81ab3-8a18-487f-a36e-5e5af70411d8@group-208A39FB2C59: ConfigurationManager, init=-1: [ebb81ab3-8a18-487f-a36e-5e5af70411d8:192.168.164.235:39525], old=null, confs=<EMPTY_MAP>
2019-10-02 23:01:46,958 [pool-413-thread-1] INFO  server.RaftServerConfigKeys (ConfUtils.java:logGet(43)) - raft.server.storage.dir = [/workdir/hadoop-ozone/integration-test/target/test-dir/MiniOzoneClusterImpl-44df2c2f-edbb-4bb1-a9d5-29c820e107ce/datanode-3/data/ratis] (custom)
2019-10-02 23:01:46,959 [pool-413-thread-1] INFO  server.RaftServerConfigKeys (ConfUtils.java:logGet(43)) - raft.server.log.corruption.policy = EXCEPTION (default)
2019-10-02 23:01:46,959 [pool-413-thread-1] INFO  storage.RaftStorageDirectory (RaftStorageDirectory.java:analyzeStorage(246)) - The storage directory /workdir/hadoop-ozone/integration-test/target/test-dir/MiniOzoneClusterImpl-44df2c2f-edbb-4bb1-a9d5-29c820e107ce/datanode-3/data/ratis/36126439-1cd7-4741-bb1a-208a39fb2c59 does not exist. Creating ...
2019-10-02 23:01:46,972 [pool-413-thread-1] INFO  storage.RaftStorageDirectory (RaftStorageDirectory.java:tryLock(328)) - Lock on /workdir/hadoop-ozone/integration-test/target/test-dir/MiniOzoneClusterImpl-44df2c2f-edbb-4bb1-a9d5-29c820e107ce/datanode-3/data/ratis/36126439-1cd7-4741-bb1a-208a39fb2c59/in_use.lock acquired by nodename 6657@pr-hdds-2226-secures3-kzjg4-641534921
2019-10-02 23:01:46,984 [pool-413-thread-1] INFO  storage.RaftStorage (RaftStorage.java:format(84)) - Storage directory /workdir/hadoop-ozone/integration-test/target/test-dir/MiniOzoneClusterImpl-44df2c2f-edbb-4bb1-a9d5-29c820e107ce/datanode-3/data/ratis/36126439-1cd7-4741-bb1a-208a39fb2c59 has been successfully formatted.
2019-10-02 23:01:46,985 [pool-413-thread-1] INFO  ratis.ContainerStateMachine (ContainerStateMachine.java:loadSnapshot(230)) - group-208A39FB2C59: The snapshot info is null. Setting the last applied indexto:(t:0, i:~)
2019-10-02 23:01:46,985 [pool-413-thread-1] INFO  server.RaftServerConfigKeys (ConfUtils.java:logGet(43)) - raft.server.notification.no-leader.timeout = 120s (custom)
2019-10-02 23:01:46,985 [pool-413-thread-1] INFO  server.RaftServerConfigKeys (ConfUtils.java:logGet(43)) - raft.server.log.use.memory = false (default)
2019-10-02 23:01:46,985 [pool-413-thread-1] INFO  server.RaftServerConfigKeys (ConfUtils.java:logGet(43)) - raft.server.log.purge.gap = 1000000 (custom)
2019-10-02 23:01:46,985 [pool-413-thread-1] INFO  server.RaftServerConfigKeys (ConfUtils.java:logGet(43)) - raft.server.log.appender.buffer.byte-limit = 33554432 (custom)
2019-10-02 23:01:46,986 [pool-413-thread-1] INFO  server.RaftServerConfigKeys (ConfUtils.java:logGet(43)) - raft.server.log.segment.size.max = 1048576 (custom)
2019-10-02 23:01:46,988 [pool-413-thread-1] INFO  server.RaftServerConfigKeys (ConfUtils.java:logGet(43)) - raft.server.log.segment.cache.num.max = 2 (custom)
2019-10-02 23:01:46,988 [pool-413-thread-1] INFO  segmented.SegmentedRaftLogWorker (SegmentedRaftLogWorker.java:<init>(173)) - new ebb81ab3-8a18-487f-a36e-5e5af70411d8@group-208A39FB2C59-SegmentedRaftLogWorker for RaftStorage:Storage Directory /workdir/hadoop-ozone/integration-test/target/test-dir/MiniOzoneClusterImpl-44df2c2f-edbb-4bb1-a9d5-29c820e107ce/datanode-3/data/ratis/36126439-1cd7-4741-bb1a-208a39fb2c59
2019-10-02 23:01:46,988 [pool-413-thread-1] INFO  server.RaftServerConfigKeys (ConfUtils.java:logGet(43)) - raft.server.log.queue.byte-limit = 2147483647 (custom)
2019-10-02 23:01:46,988 [pool-413-thread-1] INFO  server.RaftServerConfigKeys (ConfUtils.java:logGet(43)) - raft.server.log.queue.element-limit = 1024 (custom)
2019-10-02 23:01:46,988 [pool-413-thread-1] INFO  server.RaftServerConfigKeys (ConfUtils.java:logGet(43)) - raft.server.log.segment.size.max = 1048576 (custom)
2019-10-02 23:01:46,988 [pool-413-thread-1] INFO  server.RaftServerConfigKeys (ConfUtils.java:logGet(43)) - raft.server.log.preallocated.size = 16384 (custom)
2019-10-02 23:01:46,989 [pool-413-thread-1] INFO  server.RaftServerConfigKeys (ConfUtils.java:logGet(43)) - raft.server.log.write.buffer.size = 33554432 (custom)
2019-10-02 23:01:46,989 [pool-413-thread-1] INFO  server.RaftServerConfigKeys (ConfUtils.java:logGet(43)) - raft.server.log.force.sync.num = 128 (default)
2019-10-02 23:01:46,989 [pool-413-thread-1] INFO  server.RaftServerConfigKeys (ConfUtils.java:logGet(43)) - raft.server.log.statemachine.data.sync = true (default)
2019-10-02 23:01:46,989 [pool-413-thread-1] INFO  server.RaftServerConfigKeys (ConfUtils.java:logGet(43)) - raft.server.log.statemachine.data.sync.timeout = 10s (default)
2019-10-02 23:01:46,989 [pool-413-thread-1] INFO  server.RaftServerConfigKeys (ConfUtils.java:logGet(43)) - raft.server.log.statemachine.data.sync.timeout.retry = -1 (default)
2019-10-02 23:01:46,989 [pool-413-thread-1] INFO  server.RaftServerConfigKeys (ConfUtils.java:logGet(43)) - raft.server.log.statemachine.data.caching.enabled = true (custom)
2019-10-02 23:01:46,990 [pool-413-thread-1] INFO  segmented.SegmentedRaftLogWorker (SegmentedRaftLogWorker.java:lambda$new$0(128)) - ebb81ab3-8a18-487f-a36e-5e5af70411d8@group-208A39FB2C59-SegmentedRaftLogWorker: flushIndex: setUnconditionally 0 -> -1
2019-10-02 23:01:46,990 [pool-413-thread-1] INFO  server.RaftServerConfigKeys (ConfUtils.java:logGet(43)) - raft.server.snapshot.auto.trigger.enabled = true (custom)
2019-10-02 23:01:46,990 [pool-413-thread-1] INFO  server.RaftServerConfigKeys (ConfUtils.java:logGet(43)) - raft.server.snapshot.auto.trigger.threshold = 10000 (custom)
2019-10-02 23:01:46,990 [pool-413-thread-1] INFO  server.RaftServerConfigKeys (ConfUtils.java:logGet(43)) - raft.server.snapshot.retention.file.num = 5 (custom)
2019-10-02 23:01:46,991 [pool-413-thread-1] INFO  server.RaftServerConfigKeys (ConfUtils.java:logGet(43)) - raft.server.retrycache.expirytime = 600000ms (custom)
2019-10-02 23:01:46,992 [pool-413-thread-1] INFO  impl.RaftServerImpl (RaftServerImpl.java:start(181)) - ebb81ab3-8a18-487f-a36e-5e5af70411d8@group-208A39FB2C59: start as a follower, conf=-1: [ebb81ab3-8a18-487f-a36e-5e5af70411d8:192.168.164.235:39525], old=null
2019-10-02 23:01:46,992 [pool-413-thread-1] INFO  impl.RaftServerImpl (RaftServerImpl.java:setRole(170)) - ebb81ab3-8a18-487f-a36e-5e5af70411d8@group-208A39FB2C59: changes role from      null to FOLLOWER at term 0 for startAsFollower
2019-10-02 23:01:46,993 [pool-413-thread-1] INFO  impl.RoleInfo (RoleInfo.java:updateAndGet(143)) - ebb81ab3-8a18-487f-a36e-5e5af70411d8: start FollowerState
2019-10-02 23:01:46,993 [pool-413-thread-1] INFO  util.JmxRegister (JmxRegister.java:tryRegister(44)) - Successfully registered JMX Bean with object name Ratis:service=RaftServer,group=group-208A39FB2C59,id=ebb81ab3-8a18-487f-a36e-5e5af70411d8
2019-10-02 23:01:46,997 [RatisPipelineUtilsThread] INFO  pipeline.PipelineStateManager (PipelineStateManager.java:addPipeline(56)) - Created pipeline Pipeline[ Id: 36126439-1cd7-4741-bb1a-208a39fb2c59, Nodes: ebb81ab3-8a18-487f-a36e-5e5af70411d8{ip: 192.168.164.235, host: pr-hdds-2226-secures3-kzjg4-641534921, networkLocation: /default-rack, certSerialId: null}, Type:RATIS, Factor:ONE, State:OPEN]
2019-10-02 23:01:47,006 [grpc-default-executor-2] INFO  impl.RaftServerProxy (RaftServerProxy.java:addNew(89)) - f7037521-13a4-4bfd-b293-f77e87604f0e: addNew group-61FA56604FDA:[f7037521-13a4-4bfd-b293-f77e87604f0e:192.168.164.235:35540] returns group-61FA56604FDA:java.util.concurrent.CompletableFuture@56a9eb29[Not completed]
2019-10-02 23:01:47,007 [pool-423-thread-1] INFO  impl.RaftServerImpl (RaftServerImpl.java:<init>(95)) - f7037521-13a4-4bfd-b293-f77e87604f0e: new RaftServerImpl for group-61FA56604FDA:[f7037521-13a4-4bfd-b293-f77e87604f0e:192.168.164.235:35540] with ContainerStateMachine:uninitialized
2019-10-02 23:01:47,008 [pool-423-thread-1] INFO  server.RaftServerConfigKeys (ConfUtils.java:logGet(43)) - raft.server.rpc.timeout.min = 5s (custom)
2019-10-02 23:01:47,008 [pool-423-thread-1] INFO  server.RaftServerConfigKeys (ConfUtils.java:logGet(43)) - raft.server.rpc.timeout.max = 5200ms (custom)
2019-10-02 23:01:47,008 [pool-423-thread-1] INFO  server.RaftServerConfigKeys (ConfUtils.java:logGet(43)) - raft.server.rpcslowness.timeout = 120s (custom)
2019-10-02 23:01:47,008 [pool-423-thread-1] INFO  server.RaftServerConfigKeys (ConfUtils.java:logGet(43)) - raft.server.sleep.deviation.threshold = 300 (default)
2019-10-02 23:01:47,008 [pool-423-thread-1] INFO  server.RaftServerConfigKeys (ConfUtils.java:logGet(43)) - raft.server.log.appender.install.snapshot.enabled = false (custom)
2019-10-02 23:01:47,008 [pool-423-thread-1] INFO  impl.RaftServerImpl (ServerState.java:<init>(103)) - f7037521-13a4-4bfd-b293-f77e87604f0e@group-61FA56604FDA: ConfigurationManager, init=-1: [f7037521-13a4-4bfd-b293-f77e87604f0e:192.168.164.235:35540], old=null, confs=<EMPTY_MAP>
2019-10-02 23:01:47,008 [pool-423-thread-1] INFO  server.RaftServerConfigKeys (ConfUtils.java:logGet(43)) - raft.server.storage.dir = [/workdir/hadoop-ozone/integration-test/target/test-dir/MiniOzoneClusterImpl-44df2c2f-edbb-4bb1-a9d5-29c820e107ce/datanode-4/data/ratis] (custom)
2019-10-02 23:01:47,009 [pool-423-thread-1] INFO  server.RaftServerConfigKeys (ConfUtils.java:logGet(43)) - raft.server.log.corruption.policy = EXCEPTION (default)
2019-10-02 23:01:47,009 [pool-423-thread-1] INFO  storage.RaftStorageDirectory (RaftStorageDirectory.java:analyzeStorage(246)) - The storage directory /workdir/hadoop-ozone/integration-test/target/test-dir/MiniOzoneClusterImpl-44df2c2f-edbb-4bb1-a9d5-29c820e107ce/datanode-4/data/ratis/cece28c5-781e-4fac-9129-61fa56604fda does not exist. Creating ...
2019-10-02 23:01:47,021 [pool-423-thread-1] INFO  storage.RaftStorageDirectory (RaftStorageDirectory.java:tryLock(328)) - Lock on /workdir/hadoop-ozone/integration-test/target/test-dir/MiniOzoneClusterImpl-44df2c2f-edbb-4bb1-a9d5-29c820e107ce/datanode-4/data/ratis/cece28c5-781e-4fac-9129-61fa56604fda/in_use.lock acquired by nodename 6657@pr-hdds-2226-secures3-kzjg4-641534921
2019-10-02 23:01:47,034 [pool-423-thread-1] INFO  storage.RaftStorage (RaftStorage.java:format(84)) - Storage directory /workdir/hadoop-ozone/integration-test/target/test-dir/MiniOzoneClusterImpl-44df2c2f-edbb-4bb1-a9d5-29c820e107ce/datanode-4/data/ratis/cece28c5-781e-4fac-9129-61fa56604fda has been successfully formatted.
2019-10-02 23:01:47,035 [pool-423-thread-1] INFO  ratis.ContainerStateMachine (ContainerStateMachine.java:loadSnapshot(230)) - group-61FA56604FDA: The snapshot info is null. Setting the last applied indexto:(t:0, i:~)
2019-10-02 23:01:47,035 [pool-423-thread-1] INFO  server.RaftServerConfigKeys (ConfUtils.java:logGet(43)) - raft.server.notification.no-leader.timeout = 120s (custom)
2019-10-02 23:01:47,035 [pool-423-thread-1] INFO  server.RaftServerConfigKeys (ConfUtils.java:logGet(43)) - raft.server.log.use.memory = false (default)
2019-10-02 23:01:47,035 [pool-423-thread-1] INFO  server.RaftServerConfigKeys (ConfUtils.java:logGet(43)) - raft.server.log.purge.gap = 1000000 (custom)
2019-10-02 23:01:47,035 [pool-423-thread-1] INFO  server.RaftServerConfigKeys (ConfUtils.java:logGet(43)) - raft.server.log.appender.buffer.byte-limit = 33554432 (custom)
2019-10-02 23:01:47,035 [pool-423-thread-1] INFO  server.RaftServerConfigKeys (ConfUtils.java:logGet(43)) - raft.server.log.segment.size.max = 1048576 (custom)
2019-10-02 23:01:47,037 [pool-423-thread-1] INFO  server.RaftServerConfigKeys (ConfUtils.java:logGet(43)) - raft.server.log.segment.cache.num.max = 2 (custom)
2019-10-02 23:01:47,037 [pool-423-thread-1] INFO  segmented.SegmentedRaftLogWorker (SegmentedRaftLogWorker.java:<init>(173)) - new f7037521-13a4-4bfd-b293-f77e87604f0e@group-61FA56604FDA-SegmentedRaftLogWorker for RaftStorage:Storage Directory /workdir/hadoop-ozone/integration-test/target/test-dir/MiniOzoneClusterImpl-44df2c2f-edbb-4bb1-a9d5-29c820e107ce/datanode-4/data/ratis/cece28c5-781e-4fac-9129-61fa56604fda
2019-10-02 23:01:47,037 [pool-423-thread-1] INFO  server.RaftServerConfigKeys (ConfUtils.java:logGet(43)) - raft.server.log.queue.byte-limit = 2147483647 (custom)
2019-10-02 23:01:47,037 [pool-423-thread-1] INFO  server.RaftServerConfigKeys (ConfUtils.java:logGet(43)) - raft.server.log.queue.element-limit = 1024 (custom)
2019-10-02 23:01:47,038 [pool-423-thread-1] INFO  server.RaftServerConfigKeys (ConfUtils.java:logGet(43)) - raft.server.log.segment.size.max = 1048576 (custom)
2019-10-02 23:01:47,038 [pool-423-thread-1] INFO  server.RaftServerConfigKeys (ConfUtils.java:logGet(43)) - raft.server.log.preallocated.size = 16384 (custom)
2019-10-02 23:01:47,038 [pool-423-thread-1] INFO  server.RaftServerConfigKeys (ConfUtils.java:logGet(43)) - raft.server.log.write.buffer.size = 33554432 (custom)
2019-10-02 23:01:47,038 [pool-423-thread-1] INFO  server.RaftServerConfigKeys (ConfUtils.java:logGet(43)) - raft.server.log.force.sync.num = 128 (default)
2019-10-02 23:01:47,038 [pool-423-thread-1] INFO  server.RaftServerConfigKeys (ConfUtils.java:logGet(43)) - raft.server.log.statemachine.data.sync = true (default)
2019-10-02 23:01:47,038 [pool-423-thread-1] INFO  server.RaftServerConfigKeys (ConfUtils.java:logGet(43)) - raft.server.log.statemachine.data.sync.timeout = 10s (default)
2019-10-02 23:01:47,038 [pool-423-thread-1] INFO  server.RaftServerConfigKeys (ConfUtils.java:logGet(43)) - raft.server.log.statemachine.data.sync.timeout.retry = -1 (default)
2019-10-02 23:01:47,039 [pool-423-thread-1] INFO  server.RaftServerConfigKeys (ConfUtils.java:logGet(43)) - raft.server.log.statemachine.data.caching.enabled = true (custom)
2019-10-02 23:01:47,039 [pool-423-thread-1] INFO  segmented.SegmentedRaftLogWorker (SegmentedRaftLogWorker.java:lambda$new$0(128)) - f7037521-13a4-4bfd-b293-f77e87604f0e@group-61FA56604FDA-SegmentedRaftLogWorker: flushIndex: setUnconditionally 0 -> -1
2019-10-02 23:01:47,039 [pool-423-thread-1] INFO  server.RaftServerConfigKeys (ConfUtils.java:logGet(43)) - raft.server.snapshot.auto.trigger.enabled = true (custom)
2019-10-02 23:01:47,040 [pool-423-thread-1] INFO  server.RaftServerConfigKeys (ConfUtils.java:logGet(43)) - raft.server.snapshot.auto.trigger.threshold = 10000 (custom)
2019-10-02 23:01:47,040 [pool-423-thread-1] INFO  server.RaftServerConfigKeys (ConfUtils.java:logGet(43)) - raft.server.snapshot.retention.file.num = 5 (custom)
2019-10-02 23:01:47,040 [pool-423-thread-1] INFO  server.RaftServerConfigKeys (ConfUtils.java:logGet(43)) - raft.server.retrycache.expirytime = 600000ms (custom)
2019-10-02 23:01:47,041 [pool-423-thread-1] INFO  impl.RaftServerImpl (RaftServerImpl.java:start(181)) - f7037521-13a4-4bfd-b293-f77e87604f0e@group-61FA56604FDA: start as a follower, conf=-1: [f7037521-13a4-4bfd-b293-f77e87604f0e:192.168.164.235:35540], old=null
2019-10-02 23:01:47,041 [pool-423-thread-1] INFO  impl.RaftServerImpl (RaftServerImpl.java:setRole(170)) - f7037521-13a4-4bfd-b293-f77e87604f0e@group-61FA56604FDA: changes role from      null to FOLLOWER at term 0 for startAsFollower
2019-10-02 23:01:47,042 [pool-423-thread-1] INFO  impl.RoleInfo (RoleInfo.java:updateAndGet(143)) - f7037521-13a4-4bfd-b293-f77e87604f0e: start FollowerState
2019-10-02 23:01:47,042 [pool-423-thread-1] INFO  util.JmxRegister (JmxRegister.java:tryRegister(44)) - Successfully registered JMX Bean with object name Ratis:service=RaftServer,group=group-61FA56604FDA,id=f7037521-13a4-4bfd-b293-f77e87604f0e
2019-10-02 23:01:47,044 [IPC Server handler 2 on 37527] INFO  net.NetworkTopology (NetworkTopologyImpl.java:add(111)) - Added a new node: /default-rack/013f9890-2d82-4fd7-bb5d-cdbe07164617
2019-10-02 23:01:47,044 [IPC Server handler 2 on 37527] INFO  node.SCMNodeManager (SCMNodeManager.java:register(266)) - Registered Data node : 013f9890-2d82-4fd7-bb5d-cdbe07164617{ip: 192.168.164.235, host: pr-hdds-2226-secures3-kzjg4-641534921, networkLocation: /default-rack, certSerialId: null}
2019-10-02 23:01:47,046 [RatisPipelineUtilsThread] INFO  pipeline.PipelineStateManager (PipelineStateManager.java:addPipeline(56)) - Created pipeline Pipeline[ Id: cece28c5-781e-4fac-9129-61fa56604fda, Nodes: f7037521-13a4-4bfd-b293-f77e87604f0e{ip: 192.168.164.235, host: pr-hdds-2226-secures3-kzjg4-641534921, networkLocation: /default-rack, certSerialId: null}, Type:RATIS, Factor:ONE, State:OPEN]
2019-10-02 23:01:47,055 [grpc-default-executor-2] INFO  impl.RaftServerProxy (RaftServerProxy.java:addNew(89)) - 013f9890-2d82-4fd7-bb5d-cdbe07164617: addNew group-158720EB8EA7:[013f9890-2d82-4fd7-bb5d-cdbe07164617:192.168.164.235:45630] returns group-158720EB8EA7:java.util.concurrent.CompletableFuture@50cf334[Not completed]
2019-10-02 23:01:47,056 [pool-433-thread-1] INFO  impl.RaftServerImpl (RaftServerImpl.java:<init>(95)) - 013f9890-2d82-4fd7-bb5d-cdbe07164617: new RaftServerImpl for group-158720EB8EA7:[013f9890-2d82-4fd7-bb5d-cdbe07164617:192.168.164.235:45630] with ContainerStateMachine:uninitialized
2019-10-02 23:01:47,057 [pool-433-thread-1] INFO  server.RaftServerConfigKeys (ConfUtils.java:logGet(43)) - raft.server.rpc.timeout.min = 5s (custom)
2019-10-02 23:01:47,057 [pool-433-thread-1] INFO  server.RaftServerConfigKeys (ConfUtils.java:logGet(43)) - raft.server.rpc.timeout.max = 5200ms (custom)
2019-10-02 23:01:47,057 [pool-433-thread-1] INFO  server.RaftServerConfigKeys (ConfUtils.java:logGet(43)) - raft.server.rpcslowness.timeout = 120s (custom)
2019-10-02 23:01:47,057 [pool-433-thread-1] INFO  server.RaftServerConfigKeys (ConfUtils.java:logGet(43)) - raft.server.sleep.deviation.threshold = 300 (default)
2019-10-02 23:01:47,057 [pool-433-thread-1] INFO  server.RaftServerConfigKeys (ConfUtils.java:logGet(43)) - raft.server.log.appender.install.snapshot.enabled = false (custom)
2019-10-02 23:01:47,057 [pool-433-thread-1] INFO  impl.RaftServerImpl (ServerState.java:<init>(103)) - 013f9890-2d82-4fd7-bb5d-cdbe07164617@group-158720EB8EA7: ConfigurationManager, init=-1: [013f9890-2d82-4fd7-bb5d-cdbe07164617:192.168.164.235:45630], old=null, confs=<EMPTY_MAP>
2019-10-02 23:01:47,057 [pool-433-thread-1] INFO  server.RaftServerConfigKeys (ConfUtils.java:logGet(43)) - raft.server.storage.dir = [/workdir/hadoop-ozone/integration-test/target/test-dir/MiniOzoneClusterImpl-44df2c2f-edbb-4bb1-a9d5-29c820e107ce/datanode-5/data/ratis] (custom)
2019-10-02 23:01:47,058 [pool-433-thread-1] INFO  server.RaftServerConfigKeys (ConfUtils.java:logGet(43)) - raft.server.log.corruption.policy = EXCEPTION (default)
2019-10-02 23:01:47,058 [pool-433-thread-1] INFO  storage.RaftStorageDirectory (RaftStorageDirectory.java:analyzeStorage(246)) - The storage directory /workdir/hadoop-ozone/integration-test/target/test-dir/MiniOzoneClusterImpl-44df2c2f-edbb-4bb1-a9d5-29c820e107ce/datanode-5/data/ratis/f45b2e4d-7bd1-4b74-9d83-158720eb8ea7 does not exist. Creating ...
2019-10-02 23:01:47,071 [pool-433-thread-1] INFO  storage.RaftStorageDirectory (RaftStorageDirectory.java:tryLock(328)) - Lock on /workdir/hadoop-ozone/integration-test/target/test-dir/MiniOzoneClusterImpl-44df2c2f-edbb-4bb1-a9d5-29c820e107ce/datanode-5/data/ratis/f45b2e4d-7bd1-4b74-9d83-158720eb8ea7/in_use.lock acquired by nodename 6657@pr-hdds-2226-secures3-kzjg4-641534921
2019-10-02 23:01:47,084 [pool-433-thread-1] INFO  storage.RaftStorage (RaftStorage.java:format(84)) - Storage directory /workdir/hadoop-ozone/integration-test/target/test-dir/MiniOzoneClusterImpl-44df2c2f-edbb-4bb1-a9d5-29c820e107ce/datanode-5/data/ratis/f45b2e4d-7bd1-4b74-9d83-158720eb8ea7 has been successfully formatted.
2019-10-02 23:01:47,084 [pool-433-thread-1] INFO  ratis.ContainerStateMachine (ContainerStateMachine.java:loadSnapshot(230)) - group-158720EB8EA7: The snapshot info is null. Setting the last applied indexto:(t:0, i:~)
2019-10-02 23:01:47,084 [pool-433-thread-1] INFO  server.RaftServerConfigKeys (ConfUtils.java:logGet(43)) - raft.server.notification.no-leader.timeout = 120s (custom)
2019-10-02 23:01:47,084 [pool-433-thread-1] INFO  server.RaftServerConfigKeys (ConfUtils.java:logGet(43)) - raft.server.log.use.memory = false (default)
2019-10-02 23:01:47,084 [pool-433-thread-1] INFO  server.RaftServerConfigKeys (ConfUtils.java:logGet(43)) - raft.server.log.purge.gap = 1000000 (custom)
2019-10-02 23:01:47,084 [pool-433-thread-1] INFO  server.RaftServerConfigKeys (ConfUtils.java:logGet(43)) - raft.server.log.appender.buffer.byte-limit = 33554432 (custom)
2019-10-02 23:01:47,084 [pool-433-thread-1] INFO  server.RaftServerConfigKeys (ConfUtils.java:logGet(43)) - raft.server.log.segment.size.max = 1048576 (custom)
2019-10-02 23:01:47,086 [pool-433-thread-1] INFO  server.RaftServerConfigKeys (ConfUtils.java:logGet(43)) - raft.server.log.segment.cache.num.max = 2 (custom)
2019-10-02 23:01:47,086 [pool-433-thread-1] INFO  segmented.SegmentedRaftLogWorker (SegmentedRaftLogWorker.java:<init>(173)) - new 013f9890-2d82-4fd7-bb5d-cdbe07164617@group-158720EB8EA7-SegmentedRaftLogWorker for RaftStorage:Storage Directory /workdir/hadoop-ozone/integration-test/target/test-dir/MiniOzoneClusterImpl-44df2c2f-edbb-4bb1-a9d5-29c820e107ce/datanode-5/data/ratis/f45b2e4d-7bd1-4b74-9d83-158720eb8ea7
2019-10-02 23:01:47,086 [pool-433-thread-1] INFO  server.RaftServerConfigKeys (ConfUtils.java:logGet(43)) - raft.server.log.queue.byte-limit = 2147483647 (custom)
2019-10-02 23:01:47,086 [pool-433-thread-1] INFO  server.RaftServerConfigKeys (ConfUtils.java:logGet(43)) - raft.server.log.queue.element-limit = 1024 (custom)
2019-10-02 23:01:47,086 [pool-433-thread-1] INFO  server.RaftServerConfigKeys (ConfUtils.java:logGet(43)) - raft.server.log.segment.size.max = 1048576 (custom)
2019-10-02 23:01:47,087 [pool-433-thread-1] INFO  server.RaftServerConfigKeys (ConfUtils.java:logGet(43)) - raft.server.log.preallocated.size = 16384 (custom)
2019-10-02 23:01:47,087 [pool-433-thread-1] INFO  server.RaftServerConfigKeys (ConfUtils.java:logGet(43)) - raft.server.log.write.buffer.size = 33554432 (custom)
2019-10-02 23:01:47,087 [pool-433-thread-1] INFO  server.RaftServerConfigKeys (ConfUtils.java:logGet(43)) - raft.server.log.force.sync.num = 128 (default)
2019-10-02 23:01:47,087 [pool-433-thread-1] INFO  server.RaftServerConfigKeys (ConfUtils.java:logGet(43)) - raft.server.log.statemachine.data.sync = true (default)
2019-10-02 23:01:47,087 [pool-433-thread-1] INFO  server.RaftServerConfigKeys (ConfUtils.java:logGet(43)) - raft.server.log.statemachine.data.sync.timeout = 10s (default)
2019-10-02 23:01:47,087 [pool-433-thread-1] INFO  server.RaftServerConfigKeys (ConfUtils.java:logGet(43)) - raft.server.log.statemachine.data.sync.timeout.retry = -1 (default)
2019-10-02 23:01:47,087 [pool-433-thread-1] INFO  server.RaftServerConfigKeys (ConfUtils.java:logGet(43)) - raft.server.log.statemachine.data.caching.enabled = true (custom)
2019-10-02 23:01:47,088 [pool-433-thread-1] INFO  segmented.SegmentedRaftLogWorker (SegmentedRaftLogWorker.java:lambda$new$0(128)) - 013f9890-2d82-4fd7-bb5d-cdbe07164617@group-158720EB8EA7-SegmentedRaftLogWorker: flushIndex: setUnconditionally 0 -> -1
2019-10-02 23:01:47,088 [pool-433-thread-1] INFO  server.RaftServerConfigKeys (ConfUtils.java:logGet(43)) - raft.server.snapshot.auto.trigger.enabled = true (custom)
2019-10-02 23:01:47,088 [pool-433-thread-1] INFO  server.RaftServerConfigKeys (ConfUtils.java:logGet(43)) - raft.server.snapshot.auto.trigger.threshold = 10000 (custom)
2019-10-02 23:01:47,088 [pool-433-thread-1] INFO  server.RaftServerConfigKeys (ConfUtils.java:logGet(43)) - raft.server.snapshot.retention.file.num = 5 (custom)
2019-10-02 23:01:47,088 [pool-433-thread-1] INFO  server.RaftServerConfigKeys (ConfUtils.java:logGet(43)) - raft.server.retrycache.expirytime = 600000ms (custom)
2019-10-02 23:01:47,090 [pool-433-thread-1] INFO  impl.RaftServerImpl (RaftServerImpl.java:start(181)) - 013f9890-2d82-4fd7-bb5d-cdbe07164617@group-158720EB8EA7: start as a follower, conf=-1: [013f9890-2d82-4fd7-bb5d-cdbe07164617:192.168.164.235:45630], old=null
2019-10-02 23:01:47,090 [pool-433-thread-1] INFO  impl.RaftServerImpl (RaftServerImpl.java:setRole(170)) - 013f9890-2d82-4fd7-bb5d-cdbe07164617@group-158720EB8EA7: changes role from      null to FOLLOWER at term 0 for startAsFollower
2019-10-02 23:01:47,090 [pool-433-thread-1] INFO  impl.RoleInfo (RoleInfo.java:updateAndGet(143)) - 013f9890-2d82-4fd7-bb5d-cdbe07164617: start FollowerState
2019-10-02 23:01:47,091 [pool-433-thread-1] INFO  util.JmxRegister (JmxRegister.java:tryRegister(44)) - Successfully registered JMX Bean with object name Ratis:service=RaftServer,group=group-158720EB8EA7,id=013f9890-2d82-4fd7-bb5d-cdbe07164617
2019-10-02 23:01:47,094 [RatisPipelineUtilsThread] INFO  pipeline.PipelineStateManager (PipelineStateManager.java:addPipeline(56)) - Created pipeline Pipeline[ Id: f45b2e4d-7bd1-4b74-9d83-158720eb8ea7, Nodes: 013f9890-2d82-4fd7-bb5d-cdbe07164617{ip: 192.168.164.235, host: pr-hdds-2226-secures3-kzjg4-641534921, networkLocation: /default-rack, certSerialId: null}, Type:RATIS, Factor:ONE, State:OPEN]
2019-10-02 23:01:47,115 [main] INFO  ozone.MiniOzoneClusterImpl (MiniOzoneClusterImpl.java:lambda$waitForClusterToBeReady$0(147)) - Waiting for cluster to be ready. Got 6 of 7 DN Heartbeats.
2019-10-02 23:01:47,116 [IPC Server handler 16 on 37527] INFO  net.NetworkTopology (NetworkTopologyImpl.java:add(111)) - Added a new node: /default-rack/fac39bad-8c4d-40f9-9f33-87cdae368bec
2019-10-02 23:01:47,116 [IPC Server handler 16 on 37527] INFO  node.SCMNodeManager (SCMNodeManager.java:register(266)) - Registered Data node : fac39bad-8c4d-40f9-9f33-87cdae368bec{ip: 192.168.164.235, host: pr-hdds-2226-secures3-kzjg4-641534921, networkLocation: /default-rack, certSerialId: null}
2019-10-02 23:01:47,117 [grpc-default-executor-2] INFO  impl.RaftServerProxy (RaftServerProxy.java:addNew(89)) - ebb81ab3-8a18-487f-a36e-5e5af70411d8: addNew group-E7FACD9D25C9:[ebb81ab3-8a18-487f-a36e-5e5af70411d8:192.168.164.235:39525, 013f9890-2d82-4fd7-bb5d-cdbe07164617:192.168.164.235:45630, f7037521-13a4-4bfd-b293-f77e87604f0e:192.168.164.235:35540] returns group-E7FACD9D25C9:java.util.concurrent.CompletableFuture@67799555[Not completed]
2019-10-02 23:01:47,117 [grpc-default-executor-1] INFO  impl.RaftServerProxy (RaftServerProxy.java:addNew(89)) - 013f9890-2d82-4fd7-bb5d-cdbe07164617: addNew group-E7FACD9D25C9:[ebb81ab3-8a18-487f-a36e-5e5af70411d8:192.168.164.235:39525, 013f9890-2d82-4fd7-bb5d-cdbe07164617:192.168.164.235:45630, f7037521-13a4-4bfd-b293-f77e87604f0e:192.168.164.235:35540] returns group-E7FACD9D25C9:java.util.concurrent.CompletableFuture@5f4a2abe[Not completed]
2019-10-02 23:01:47,117 [grpc-default-executor-3] INFO  impl.RaftServerProxy (RaftServerProxy.java:addNew(89)) - f7037521-13a4-4bfd-b293-f77e87604f0e: addNew group-E7FACD9D25C9:[ebb81ab3-8a18-487f-a36e-5e5af70411d8:192.168.164.235:39525, 013f9890-2d82-4fd7-bb5d-cdbe07164617:192.168.164.235:45630, f7037521-13a4-4bfd-b293-f77e87604f0e:192.168.164.235:35540] returns group-E7FACD9D25C9:java.util.concurrent.CompletableFuture@4a7ae998[Not completed]
2019-10-02 23:01:47,118 [pool-433-thread-1] INFO  impl.RaftServerImpl (RaftServerImpl.java:<init>(95)) - 013f9890-2d82-4fd7-bb5d-cdbe07164617: new RaftServerImpl for group-E7FACD9D25C9:[ebb81ab3-8a18-487f-a36e-5e5af70411d8:192.168.164.235:39525, 013f9890-2d82-4fd7-bb5d-cdbe07164617:192.168.164.235:45630, f7037521-13a4-4bfd-b293-f77e87604f0e:192.168.164.235:35540] with ContainerStateMachine:uninitialized
2019-10-02 23:01:47,118 [pool-433-thread-1] INFO  server.RaftServerConfigKeys (ConfUtils.java:logGet(43)) - raft.server.rpc.timeout.min = 5s (custom)
2019-10-02 23:01:47,118 [pool-433-thread-1] INFO  server.RaftServerConfigKeys (ConfUtils.java:logGet(43)) - raft.server.rpc.timeout.max = 5200ms (custom)
2019-10-02 23:01:47,118 [pool-433-thread-1] INFO  server.RaftServerConfigKeys (ConfUtils.java:logGet(43)) - raft.server.rpcslowness.timeout = 120s (custom)
2019-10-02 23:01:47,119 [pool-433-thread-1] INFO  server.RaftServerConfigKeys (ConfUtils.java:logGet(43)) - raft.server.sleep.deviation.threshold = 300 (default)
2019-10-02 23:01:47,119 [pool-413-thread-1] INFO  impl.RaftServerImpl (RaftServerImpl.java:<init>(95)) - ebb81ab3-8a18-487f-a36e-5e5af70411d8: new RaftServerImpl for group-E7FACD9D25C9:[ebb81ab3-8a18-487f-a36e-5e5af70411d8:192.168.164.235:39525, 013f9890-2d82-4fd7-bb5d-cdbe07164617:192.168.164.235:45630, f7037521-13a4-4bfd-b293-f77e87604f0e:192.168.164.235:35540] with ContainerStateMachine:uninitialized
2019-10-02 23:01:47,119 [pool-433-thread-1] INFO  server.RaftServerConfigKeys (ConfUtils.java:logGet(43)) - raft.server.log.appender.install.snapshot.enabled = false (custom)
2019-10-02 23:01:47,119 [pool-413-thread-1] INFO  server.RaftServerConfigKeys (ConfUtils.java:logGet(43)) - raft.server.rpc.timeout.min = 5s (custom)
2019-10-02 23:01:47,119 [pool-433-thread-1] INFO  impl.RaftServerImpl (ServerState.java:<init>(103)) - 013f9890-2d82-4fd7-bb5d-cdbe07164617@group-E7FACD9D25C9: ConfigurationManager, init=-1: [ebb81ab3-8a18-487f-a36e-5e5af70411d8:192.168.164.235:39525, 013f9890-2d82-4fd7-bb5d-cdbe07164617:192.168.164.235:45630, f7037521-13a4-4bfd-b293-f77e87604f0e:192.168.164.235:35540], old=null, confs=<EMPTY_MAP>
2019-10-02 23:01:47,119 [pool-413-thread-1] INFO  server.RaftServerConfigKeys (ConfUtils.java:logGet(43)) - raft.server.rpc.timeout.max = 5200ms (custom)
2019-10-02 23:01:47,119 [pool-433-thread-1] INFO  server.RaftServerConfigKeys (ConfUtils.java:logGet(43)) - raft.server.storage.dir = [/workdir/hadoop-ozone/integration-test/target/test-dir/MiniOzoneClusterImpl-44df2c2f-edbb-4bb1-a9d5-29c820e107ce/datanode-5/data/ratis] (custom)
2019-10-02 23:01:47,120 [pool-423-thread-1] INFO  impl.RaftServerImpl (RaftServerImpl.java:<init>(95)) - f7037521-13a4-4bfd-b293-f77e87604f0e: new RaftServerImpl for group-E7FACD9D25C9:[ebb81ab3-8a18-487f-a36e-5e5af70411d8:192.168.164.235:39525, 013f9890-2d82-4fd7-bb5d-cdbe07164617:192.168.164.235:45630, f7037521-13a4-4bfd-b293-f77e87604f0e:192.168.164.235:35540] with ContainerStateMachine:uninitialized
2019-10-02 23:01:47,119 [pool-413-thread-1] INFO  server.RaftServerConfigKeys (ConfUtils.java:logGet(43)) - raft.server.rpcslowness.timeout = 120s (custom)
2019-10-02 23:01:47,120 [pool-423-thread-1] INFO  server.RaftServerConfigKeys (ConfUtils.java:logGet(43)) - raft.server.rpc.timeout.min = 5s (custom)
2019-10-02 23:01:47,120 [pool-433-thread-1] INFO  server.RaftServerConfigKeys (ConfUtils.java:logGet(43)) - raft.server.log.corruption.policy = EXCEPTION (default)
2019-10-02 23:01:47,120 [pool-413-thread-1] INFO  server.RaftServerConfigKeys (ConfUtils.java:logGet(43)) - raft.server.sleep.deviation.threshold = 300 (default)
2019-10-02 23:01:47,120 [pool-423-thread-1] INFO  server.RaftServerConfigKeys (ConfUtils.java:logGet(43)) - raft.server.rpc.timeout.max = 5200ms (custom)
2019-10-02 23:01:47,120 [pool-433-thread-1] INFO  storage.RaftStorageDirectory (RaftStorageDirectory.java:analyzeStorage(246)) - The storage directory /workdir/hadoop-ozone/integration-test/target/test-dir/MiniOzoneClusterImpl-44df2c2f-edbb-4bb1-a9d5-29c820e107ce/datanode-5/data/ratis/967f9838-0895-4bfc-a734-e7facd9d25c9 does not exist. Creating ...
2019-10-02 23:01:47,120 [pool-413-thread-1] INFO  server.RaftServerConfigKeys (ConfUtils.java:logGet(43)) - raft.server.log.appender.install.snapshot.enabled = false (custom)
2019-10-02 23:01:47,120 [pool-423-thread-1] INFO  server.RaftServerConfigKeys (ConfUtils.java:logGet(43)) - raft.server.rpcslowness.timeout = 120s (custom)
2019-10-02 23:01:47,121 [pool-413-thread-1] INFO  impl.RaftServerImpl (ServerState.java:<init>(103)) - ebb81ab3-8a18-487f-a36e-5e5af70411d8@group-E7FACD9D25C9: ConfigurationManager, init=-1: [ebb81ab3-8a18-487f-a36e-5e5af70411d8:192.168.164.235:39525, 013f9890-2d82-4fd7-bb5d-cdbe07164617:192.168.164.235:45630, f7037521-13a4-4bfd-b293-f77e87604f0e:192.168.164.235:35540], old=null, confs=<EMPTY_MAP>
2019-10-02 23:01:47,121 [pool-423-thread-1] INFO  server.RaftServerConfigKeys (ConfUtils.java:logGet(43)) - raft.server.sleep.deviation.threshold = 300 (default)
2019-10-02 23:01:47,121 [pool-413-thread-1] INFO  server.RaftServerConfigKeys (ConfUtils.java:logGet(43)) - raft.server.storage.dir = [/workdir/hadoop-ozone/integration-test/target/test-dir/MiniOzoneClusterImpl-44df2c2f-edbb-4bb1-a9d5-29c820e107ce/datanode-3/data/ratis] (custom)
2019-10-02 23:01:47,121 [pool-423-thread-1] INFO  server.RaftServerConfigKeys (ConfUtils.java:logGet(43)) - raft.server.log.appender.install.snapshot.enabled = false (custom)
2019-10-02 23:01:47,121 [pool-423-thread-1] INFO  impl.RaftServerImpl (ServerState.java:<init>(103)) - f7037521-13a4-4bfd-b293-f77e87604f0e@group-E7FACD9D25C9: ConfigurationManager, init=-1: [ebb81ab3-8a18-487f-a36e-5e5af70411d8:192.168.164.235:39525, 013f9890-2d82-4fd7-bb5d-cdbe07164617:192.168.164.235:45630, f7037521-13a4-4bfd-b293-f77e87604f0e:192.168.164.235:35540], old=null, confs=<EMPTY_MAP>
2019-10-02 23:01:47,121 [pool-413-thread-1] INFO  server.RaftServerConfigKeys (ConfUtils.java:logGet(43)) - raft.server.log.corruption.policy = EXCEPTION (default)
2019-10-02 23:01:47,121 [pool-423-thread-1] INFO  server.RaftServerConfigKeys (ConfUtils.java:logGet(43)) - raft.server.storage.dir = [/workdir/hadoop-ozone/integration-test/target/test-dir/MiniOzoneClusterImpl-44df2c2f-edbb-4bb1-a9d5-29c820e107ce/datanode-4/data/ratis] (custom)
2019-10-02 23:01:47,122 [pool-413-thread-1] INFO  storage.RaftStorageDirectory (RaftStorageDirectory.java:analyzeStorage(246)) - The storage directory /workdir/hadoop-ozone/integration-test/target/test-dir/MiniOzoneClusterImpl-44df2c2f-edbb-4bb1-a9d5-29c820e107ce/datanode-3/data/ratis/967f9838-0895-4bfc-a734-e7facd9d25c9 does not exist. Creating ...
2019-10-02 23:01:47,122 [pool-423-thread-1] INFO  server.RaftServerConfigKeys (ConfUtils.java:logGet(43)) - raft.server.log.corruption.policy = EXCEPTION (default)
2019-10-02 23:01:47,122 [pool-423-thread-1] INFO  storage.RaftStorageDirectory (RaftStorageDirectory.java:analyzeStorage(246)) - The storage directory /workdir/hadoop-ozone/integration-test/target/test-dir/MiniOzoneClusterImpl-44df2c2f-edbb-4bb1-a9d5-29c820e107ce/datanode-4/data/ratis/967f9838-0895-4bfc-a734-e7facd9d25c9 does not exist. Creating ...
2019-10-02 23:01:47,141 [pool-413-thread-1] INFO  storage.RaftStorageDirectory (RaftStorageDirectory.java:tryLock(328)) - Lock on /workdir/hadoop-ozone/integration-test/target/test-dir/MiniOzoneClusterImpl-44df2c2f-edbb-4bb1-a9d5-29c820e107ce/datanode-3/data/ratis/967f9838-0895-4bfc-a734-e7facd9d25c9/in_use.lock acquired by nodename 6657@pr-hdds-2226-secures3-kzjg4-641534921
2019-10-02 23:01:47,141 [pool-433-thread-1] INFO  storage.RaftStorageDirectory (RaftStorageDirectory.java:tryLock(328)) - Lock on /workdir/hadoop-ozone/integration-test/target/test-dir/MiniOzoneClusterImpl-44df2c2f-edbb-4bb1-a9d5-29c820e107ce/datanode-5/data/ratis/967f9838-0895-4bfc-a734-e7facd9d25c9/in_use.lock acquired by nodename 6657@pr-hdds-2226-secures3-kzjg4-641534921
2019-10-02 23:01:47,141 [pool-423-thread-1] INFO  storage.RaftStorageDirectory (RaftStorageDirectory.java:tryLock(328)) - Lock on /workdir/hadoop-ozone/integration-test/target/test-dir/MiniOzoneClusterImpl-44df2c2f-edbb-4bb1-a9d5-29c820e107ce/datanode-4/data/ratis/967f9838-0895-4bfc-a734-e7facd9d25c9/in_use.lock acquired by nodename 6657@pr-hdds-2226-secures3-kzjg4-641534921
2019-10-02 23:01:47,155 [pool-413-thread-1] INFO  storage.RaftStorage (RaftStorage.java:format(84)) - Storage directory /workdir/hadoop-ozone/integration-test/target/test-dir/MiniOzoneClusterImpl-44df2c2f-edbb-4bb1-a9d5-29c820e107ce/datanode-3/data/ratis/967f9838-0895-4bfc-a734-e7facd9d25c9 has been successfully formatted.
2019-10-02 23:01:47,155 [pool-433-thread-1] INFO  storage.RaftStorage (RaftStorage.java:format(84)) - Storage directory /workdir/hadoop-ozone/integration-test/target/test-dir/MiniOzoneClusterImpl-44df2c2f-edbb-4bb1-a9d5-29c820e107ce/datanode-5/data/ratis/967f9838-0895-4bfc-a734-e7facd9d25c9 has been successfully formatted.
2019-10-02 23:01:47,155 [pool-413-thread-1] INFO  ratis.ContainerStateMachine (ContainerStateMachine.java:loadSnapshot(230)) - group-E7FACD9D25C9: The snapshot info is null. Setting the last applied indexto:(t:0, i:~)
2019-10-02 23:01:47,155 [pool-423-thread-1] INFO  storage.RaftStorage (RaftStorage.java:format(84)) - Storage directory /workdir/hadoop-ozone/integration-test/target/test-dir/MiniOzoneClusterImpl-44df2c2f-edbb-4bb1-a9d5-29c820e107ce/datanode-4/data/ratis/967f9838-0895-4bfc-a734-e7facd9d25c9 has been successfully formatted.
2019-10-02 23:01:47,155 [pool-413-thread-1] INFO  server.RaftServerConfigKeys (ConfUtils.java:logGet(43)) - raft.server.notification.no-leader.timeout = 120s (custom)
2019-10-02 23:01:47,155 [pool-423-thread-1] INFO  ratis.ContainerStateMachine (ContainerStateMachine.java:loadSnapshot(230)) - group-E7FACD9D25C9: The snapshot info is null. Setting the last applied indexto:(t:0, i:~)
2019-10-02 23:01:47,155 [pool-433-thread-1] INFO  ratis.ContainerStateMachine (ContainerStateMachine.java:loadSnapshot(230)) - group-E7FACD9D25C9: The snapshot info is null. Setting the last applied indexto:(t:0, i:~)
2019-10-02 23:01:47,155 [pool-423-thread-1] INFO  server.RaftServerConfigKeys (ConfUtils.java:logGet(43)) - raft.server.notification.no-leader.timeout = 120s (custom)
2019-10-02 23:01:47,155 [pool-413-thread-1] INFO  server.RaftServerConfigKeys (ConfUtils.java:logGet(43)) - raft.server.log.use.memory = false (default)
2019-10-02 23:01:47,155 [pool-423-thread-1] INFO  server.RaftServerConfigKeys (ConfUtils.java:logGet(43)) - raft.server.log.use.memory = false (default)
2019-10-02 23:01:47,155 [pool-433-thread-1] INFO  server.RaftServerConfigKeys (ConfUtils.java:logGet(43)) - raft.server.notification.no-leader.timeout = 120s (custom)
2019-10-02 23:01:47,156 [pool-423-thread-1] INFO  server.RaftServerConfigKeys (ConfUtils.java:logGet(43)) - raft.server.log.purge.gap = 1000000 (custom)
2019-10-02 23:01:47,156 [pool-413-thread-1] INFO  server.RaftServerConfigKeys (ConfUtils.java:logGet(43)) - raft.server.log.purge.gap = 1000000 (custom)
2019-10-02 23:01:47,156 [pool-423-thread-1] INFO  server.RaftServerConfigKeys (ConfUtils.java:logGet(43)) - raft.server.log.appender.buffer.byte-limit = 33554432 (custom)
2019-10-02 23:01:47,156 [pool-433-thread-1] INFO  server.RaftServerConfigKeys (ConfUtils.java:logGet(43)) - raft.server.log.use.memory = false (default)
2019-10-02 23:01:47,156 [pool-423-thread-1] INFO  server.RaftServerConfigKeys (ConfUtils.java:logGet(43)) - raft.server.log.segment.size.max = 1048576 (custom)
2019-10-02 23:01:47,156 [pool-413-thread-1] INFO  server.RaftServerConfigKeys (ConfUtils.java:logGet(43)) - raft.server.log.appender.buffer.byte-limit = 33554432 (custom)
2019-10-02 23:01:47,156 [pool-423-thread-1] INFO  server.RaftServerConfigKeys (ConfUtils.java:logGet(43)) - raft.server.log.segment.cache.num.max = 2 (custom)
2019-10-02 23:01:47,156 [pool-433-thread-1] INFO  server.RaftServerConfigKeys (ConfUtils.java:logGet(43)) - raft.server.log.purge.gap = 1000000 (custom)
2019-10-02 23:01:47,156 [pool-423-thread-1] INFO  segmented.SegmentedRaftLogWorker (SegmentedRaftLogWorker.java:<init>(173)) - new f7037521-13a4-4bfd-b293-f77e87604f0e@group-E7FACD9D25C9-SegmentedRaftLogWorker for RaftStorage:Storage Directory /workdir/hadoop-ozone/integration-test/target/test-dir/MiniOzoneClusterImpl-44df2c2f-edbb-4bb1-a9d5-29c820e107ce/datanode-4/data/ratis/967f9838-0895-4bfc-a734-e7facd9d25c9
2019-10-02 23:01:47,156 [pool-413-thread-1] INFO  server.RaftServerConfigKeys (ConfUtils.java:logGet(43)) - raft.server.log.segment.size.max = 1048576 (custom)
2019-10-02 23:01:47,157 [pool-423-thread-1] INFO  server.RaftServerConfigKeys (ConfUtils.java:logGet(43)) - raft.server.log.queue.byte-limit = 2147483647 (custom)
2019-10-02 23:01:47,157 [pool-433-thread-1] INFO  server.RaftServerConfigKeys (ConfUtils.java:logGet(43)) - raft.server.log.appender.buffer.byte-limit = 33554432 (custom)
2019-10-02 23:01:47,157 [pool-423-thread-1] INFO  server.RaftServerConfigKeys (ConfUtils.java:logGet(43)) - raft.server.log.queue.element-limit = 1024 (custom)
2019-10-02 23:01:47,157 [pool-413-thread-1] INFO  server.RaftServerConfigKeys (ConfUtils.java:logGet(43)) - raft.server.log.segment.cache.num.max = 2 (custom)
2019-10-02 23:01:47,157 [pool-423-thread-1] INFO  server.RaftServerConfigKeys (ConfUtils.java:logGet(43)) - raft.server.log.segment.size.max = 1048576 (custom)
2019-10-02 23:01:47,157 [pool-423-thread-1] INFO  server.RaftServerConfigKeys (ConfUtils.java:logGet(43)) - raft.server.log.preallocated.size = 16384 (custom)
2019-10-02 23:01:47,157 [pool-433-thread-1] INFO  server.RaftServerConfigKeys (ConfUtils.java:logGet(43)) - raft.server.log.segment.size.max = 1048576 (custom)
2019-10-02 23:01:47,157 [pool-423-thread-1] INFO  server.RaftServerConfigKeys (ConfUtils.java:logGet(43)) - raft.server.log.write.buffer.size = 33554432 (custom)
2019-10-02 23:01:47,157 [pool-413-thread-1] INFO  segmented.SegmentedRaftLogWorker (SegmentedRaftLogWorker.java:<init>(173)) - new ebb81ab3-8a18-487f-a36e-5e5af70411d8@group-E7FACD9D25C9-SegmentedRaftLogWorker for RaftStorage:Storage Directory /workdir/hadoop-ozone/integration-test/target/test-dir/MiniOzoneClusterImpl-44df2c2f-edbb-4bb1-a9d5-29c820e107ce/datanode-3/data/ratis/967f9838-0895-4bfc-a734-e7facd9d25c9
2019-10-02 23:01:47,158 [pool-423-thread-1] INFO  server.RaftServerConfigKeys (ConfUtils.java:logGet(43)) - raft.server.log.force.sync.num = 128 (default)
2019-10-02 23:01:47,158 [pool-423-thread-1] INFO  server.RaftServerConfigKeys (ConfUtils.java:logGet(43)) - raft.server.log.statemachine.data.sync = true (default)
2019-10-02 23:01:47,157 [pool-433-thread-1] INFO  server.RaftServerConfigKeys (ConfUtils.java:logGet(43)) - raft.server.log.segment.cache.num.max = 2 (custom)
2019-10-02 23:01:47,158 [pool-423-thread-1] INFO  server.RaftServerConfigKeys (ConfUtils.java:logGet(43)) - raft.server.log.statemachine.data.sync.timeout = 10s (default)
2019-10-02 23:01:47,158 [pool-413-thread-1] INFO  server.RaftServerConfigKeys (ConfUtils.java:logGet(43)) - raft.server.log.queue.byte-limit = 2147483647 (custom)
2019-10-02 23:01:47,158 [pool-423-thread-1] INFO  server.RaftServerConfigKeys (ConfUtils.java:logGet(43)) - raft.server.log.statemachine.data.sync.timeout.retry = -1 (default)
2019-10-02 23:01:47,158 [pool-433-thread-1] INFO  segmented.SegmentedRaftLogWorker (SegmentedRaftLogWorker.java:<init>(173)) - new 013f9890-2d82-4fd7-bb5d-cdbe07164617@group-E7FACD9D25C9-SegmentedRaftLogWorker for RaftStorage:Storage Directory /workdir/hadoop-ozone/integration-test/target/test-dir/MiniOzoneClusterImpl-44df2c2f-edbb-4bb1-a9d5-29c820e107ce/datanode-5/data/ratis/967f9838-0895-4bfc-a734-e7facd9d25c9
2019-10-02 23:01:47,158 [pool-423-thread-1] INFO  server.RaftServerConfigKeys (ConfUtils.java:logGet(43)) - raft.server.log.statemachine.data.caching.enabled = true (custom)
2019-10-02 23:01:47,158 [pool-413-thread-1] INFO  server.RaftServerConfigKeys (ConfUtils.java:logGet(43)) - raft.server.log.queue.element-limit = 1024 (custom)
2019-10-02 23:01:47,158 [pool-433-thread-1] INFO  server.RaftServerConfigKeys (ConfUtils.java:logGet(43)) - raft.server.log.queue.byte-limit = 2147483647 (custom)
2019-10-02 23:01:47,159 [pool-423-thread-1] INFO  segmented.SegmentedRaftLogWorker (SegmentedRaftLogWorker.java:lambda$new$0(128)) - f7037521-13a4-4bfd-b293-f77e87604f0e@group-E7FACD9D25C9-SegmentedRaftLogWorker: flushIndex: setUnconditionally 0 -> -1
2019-10-02 23:01:47,159 [pool-413-thread-1] INFO  server.RaftServerConfigKeys (ConfUtils.java:logGet(43)) - raft.server.log.segment.size.max = 1048576 (custom)
2019-10-02 23:01:47,159 [pool-433-thread-1] INFO  server.RaftServerConfigKeys (ConfUtils.java:logGet(43)) - raft.server.log.queue.element-limit = 1024 (custom)
2019-10-02 23:01:47,159 [pool-423-thread-1] INFO  server.RaftServerConfigKeys (ConfUtils.java:logGet(43)) - raft.server.snapshot.auto.trigger.enabled = true (custom)
2019-10-02 23:01:47,159 [pool-413-thread-1] INFO  server.RaftServerConfigKeys (ConfUtils.java:logGet(43)) - raft.server.log.preallocated.size = 16384 (custom)
2019-10-02 23:01:47,159 [pool-423-thread-1] INFO  server.RaftServerConfigKeys (ConfUtils.java:logGet(43)) - raft.server.snapshot.auto.trigger.threshold = 10000 (custom)
2019-10-02 23:01:47,159 [pool-433-thread-1] INFO  server.RaftServerConfigKeys (ConfUtils.java:logGet(43)) - raft.server.log.segment.size.max = 1048576 (custom)
2019-10-02 23:01:47,159 [pool-423-thread-1] INFO  server.RaftServerConfigKeys (ConfUtils.java:logGet(43)) - raft.server.snapshot.retention.file.num = 5 (custom)
2019-10-02 23:01:47,159 [pool-413-thread-1] INFO  server.RaftServerConfigKeys (ConfUtils.java:logGet(43)) - raft.server.log.write.buffer.size = 33554432 (custom)
2019-10-02 23:01:47,160 [pool-423-thread-1] INFO  server.RaftServerConfigKeys (ConfUtils.java:logGet(43)) - raft.server.retrycache.expirytime = 600000ms (custom)
2019-10-02 23:01:47,159 [pool-433-thread-1] INFO  server.RaftServerConfigKeys (ConfUtils.java:logGet(43)) - raft.server.log.preallocated.size = 16384 (custom)
2019-10-02 23:01:47,160 [pool-413-thread-1] INFO  server.RaftServerConfigKeys (ConfUtils.java:logGet(43)) - raft.server.log.force.sync.num = 128 (default)
2019-10-02 23:01:47,160 [pool-433-thread-1] INFO  server.RaftServerConfigKeys (ConfUtils.java:logGet(43)) - raft.server.log.write.buffer.size = 33554432 (custom)
2019-10-02 23:01:47,160 [pool-413-thread-1] INFO  server.RaftServerConfigKeys (ConfUtils.java:logGet(43)) - raft.server.log.statemachine.data.sync = true (default)
2019-10-02 23:01:47,160 [pool-433-thread-1] INFO  server.RaftServerConfigKeys (ConfUtils.java:logGet(43)) - raft.server.log.force.sync.num = 128 (default)
2019-10-02 23:01:47,160 [pool-413-thread-1] INFO  server.RaftServerConfigKeys (ConfUtils.java:logGet(43)) - raft.server.log.statemachine.data.sync.timeout = 10s (default)
2019-10-02 23:01:47,160 [pool-433-thread-1] INFO  server.RaftServerConfigKeys (ConfUtils.java:logGet(43)) - raft.server.log.statemachine.data.sync = true (default)
2019-10-02 23:01:47,160 [pool-413-thread-1] INFO  server.RaftServerConfigKeys (ConfUtils.java:logGet(43)) - raft.server.log.statemachine.data.sync.timeout.retry = -1 (default)
2019-10-02 23:01:47,160 [pool-433-thread-1] INFO  server.RaftServerConfigKeys (ConfUtils.java:logGet(43)) - raft.server.log.statemachine.data.sync.timeout = 10s (default)
2019-10-02 23:01:47,160 [pool-413-thread-1] INFO  server.RaftServerConfigKeys (ConfUtils.java:logGet(43)) - raft.server.log.statemachine.data.caching.enabled = true (custom)
2019-10-02 23:01:47,161 [pool-433-thread-1] INFO  server.RaftServerConfigKeys (ConfUtils.java:logGet(43)) - raft.server.log.statemachine.data.sync.timeout.retry = -1 (default)
2019-10-02 23:01:47,161 [pool-413-thread-1] INFO  segmented.SegmentedRaftLogWorker (SegmentedRaftLogWorker.java:lambda$new$0(128)) - ebb81ab3-8a18-487f-a36e-5e5af70411d8@group-E7FACD9D25C9-SegmentedRaftLogWorker: flushIndex: setUnconditionally 0 -> -1
2019-10-02 23:01:47,161 [pool-433-thread-1] INFO  server.RaftServerConfigKeys (ConfUtils.java:logGet(43)) - raft.server.log.statemachine.data.caching.enabled = true (custom)
2019-10-02 23:01:47,161 [pool-413-thread-1] INFO  server.RaftServerConfigKeys (ConfUtils.java:logGet(43)) - raft.server.snapshot.auto.trigger.enabled = true (custom)
2019-10-02 23:01:47,161 [pool-433-thread-1] INFO  segmented.SegmentedRaftLogWorker (SegmentedRaftLogWorker.java:lambda$new$0(128)) - 013f9890-2d82-4fd7-bb5d-cdbe07164617@group-E7FACD9D25C9-SegmentedRaftLogWorker: flushIndex: setUnconditionally 0 -> -1
2019-10-02 23:01:47,161 [pool-423-thread-1] INFO  impl.RaftServerImpl (RaftServerImpl.java:start(181)) - f7037521-13a4-4bfd-b293-f77e87604f0e@group-E7FACD9D25C9: start as a follower, conf=-1: [ebb81ab3-8a18-487f-a36e-5e5af70411d8:192.168.164.235:39525, 013f9890-2d82-4fd7-bb5d-cdbe07164617:192.168.164.235:45630, f7037521-13a4-4bfd-b293-f77e87604f0e:192.168.164.235:35540], old=null
2019-10-02 23:01:47,161 [pool-413-thread-1] INFO  server.RaftServerConfigKeys (ConfUtils.java:logGet(43)) - raft.server.snapshot.auto.trigger.threshold = 10000 (custom)
2019-10-02 23:01:47,161 [pool-423-thread-1] INFO  impl.RaftServerImpl (RaftServerImpl.java:setRole(170)) - f7037521-13a4-4bfd-b293-f77e87604f0e@group-E7FACD9D25C9: changes role from      null to FOLLOWER at term 0 for startAsFollower
2019-10-02 23:01:47,161 [pool-433-thread-1] INFO  server.RaftServerConfigKeys (ConfUtils.java:logGet(43)) - raft.server.snapshot.auto.trigger.enabled = true (custom)
2019-10-02 23:01:47,161 [pool-423-thread-1] INFO  impl.RoleInfo (RoleInfo.java:updateAndGet(143)) - f7037521-13a4-4bfd-b293-f77e87604f0e: start FollowerState
2019-10-02 23:01:47,161 [pool-413-thread-1] INFO  server.RaftServerConfigKeys (ConfUtils.java:logGet(43)) - raft.server.snapshot.retention.file.num = 5 (custom)
2019-10-02 23:01:47,161 [pool-433-thread-1] INFO  server.RaftServerConfigKeys (ConfUtils.java:logGet(43)) - raft.server.snapshot.auto.trigger.threshold = 10000 (custom)
2019-10-02 23:01:47,162 [pool-423-thread-1] INFO  util.JmxRegister (JmxRegister.java:tryRegister(44)) - Successfully registered JMX Bean with object name Ratis:service=RaftServer,group=group-E7FACD9D25C9,id=f7037521-13a4-4bfd-b293-f77e87604f0e
2019-10-02 23:01:47,162 [pool-413-thread-1] INFO  server.RaftServerConfigKeys (ConfUtils.java:logGet(43)) - raft.server.retrycache.expirytime = 600000ms (custom)
2019-10-02 23:01:47,162 [pool-433-thread-1] INFO  server.RaftServerConfigKeys (ConfUtils.java:logGet(43)) - raft.server.snapshot.retention.file.num = 5 (custom)
2019-10-02 23:01:47,162 [pool-433-thread-1] INFO  server.RaftServerConfigKeys (ConfUtils.java:logGet(43)) - raft.server.retrycache.expirytime = 600000ms (custom)
2019-10-02 23:01:47,165 [pool-413-thread-1] INFO  impl.RaftServerImpl (RaftServerImpl.java:start(181)) - ebb81ab3-8a18-487f-a36e-5e5af70411d8@group-E7FACD9D25C9: start as a follower, conf=-1: [ebb81ab3-8a18-487f-a36e-5e5af70411d8:192.168.164.235:39525, 013f9890-2d82-4fd7-bb5d-cdbe07164617:192.168.164.235:45630, f7037521-13a4-4bfd-b293-f77e87604f0e:192.168.164.235:35540], old=null
2019-10-02 23:01:47,165 [pool-413-thread-1] INFO  impl.RaftServerImpl (RaftServerImpl.java:setRole(170)) - ebb81ab3-8a18-487f-a36e-5e5af70411d8@group-E7FACD9D25C9: changes role from      null to FOLLOWER at term 0 for startAsFollower
2019-10-02 23:01:47,165 [pool-433-thread-1] INFO  impl.RaftServerImpl (RaftServerImpl.java:start(181)) - 013f9890-2d82-4fd7-bb5d-cdbe07164617@group-E7FACD9D25C9: start as a follower, conf=-1: [ebb81ab3-8a18-487f-a36e-5e5af70411d8:192.168.164.235:39525, 013f9890-2d82-4fd7-bb5d-cdbe07164617:192.168.164.235:45630, f7037521-13a4-4bfd-b293-f77e87604f0e:192.168.164.235:35540], old=null
2019-10-02 23:01:47,165 [pool-413-thread-1] INFO  impl.RoleInfo (RoleInfo.java:updateAndGet(143)) - ebb81ab3-8a18-487f-a36e-5e5af70411d8: start FollowerState
2019-10-02 23:01:47,165 [pool-433-thread-1] INFO  impl.RaftServerImpl (RaftServerImpl.java:setRole(170)) - 013f9890-2d82-4fd7-bb5d-cdbe07164617@group-E7FACD9D25C9: changes role from      null to FOLLOWER at term 0 for startAsFollower
2019-10-02 23:01:47,165 [pool-433-thread-1] INFO  impl.RoleInfo (RoleInfo.java:updateAndGet(143)) - 013f9890-2d82-4fd7-bb5d-cdbe07164617: start FollowerState
2019-10-02 23:01:47,165 [pool-413-thread-1] INFO  util.JmxRegister (JmxRegister.java:tryRegister(44)) - Successfully registered JMX Bean with object name Ratis:service=RaftServer,group=group-E7FACD9D25C9,id=ebb81ab3-8a18-487f-a36e-5e5af70411d8
2019-10-02 23:01:47,166 [pool-433-thread-1] INFO  util.JmxRegister (JmxRegister.java:tryRegister(44)) - Successfully registered JMX Bean with object name Ratis:service=RaftServer,group=group-E7FACD9D25C9,id=013f9890-2d82-4fd7-bb5d-cdbe07164617
2019-10-02 23:01:47,170 [RatisPipelineUtilsThread] INFO  pipeline.PipelineStateManager (PipelineStateManager.java:addPipeline(56)) - Created pipeline Pipeline[ Id: 967f9838-0895-4bfc-a734-e7facd9d25c9, Nodes: ebb81ab3-8a18-487f-a36e-5e5af70411d8{ip: 192.168.164.235, host: pr-hdds-2226-secures3-kzjg4-641534921, networkLocation: /default-rack, certSerialId: null}f7037521-13a4-4bfd-b293-f77e87604f0e{ip: 192.168.164.235, host: pr-hdds-2226-secures3-kzjg4-641534921, networkLocation: /default-rack, certSerialId: null}013f9890-2d82-4fd7-bb5d-cdbe07164617{ip: 192.168.164.235, host: pr-hdds-2226-secures3-kzjg4-641534921, networkLocation: /default-rack, certSerialId: null}, Type:RATIS, Factor:THREE, State:OPEN]
2019-10-02 23:01:47,953 [grpc-default-executor-3] WARN  server.GrpcLogAppender (LogUtils.java:warn(134)) - fcba0785-f97d-467b-bf4a-b8770d23999e@group-46A3ED0F2391->001004e8-1446-4815-8af8-275eb2e7f1ab-AppendLogResponseHandler: Failed appendEntries: org.apache.ratis.thirdparty.io.grpc.StatusRuntimeException: UNAVAILABLE: io exception
2019-10-02 23:01:47,953 [grpc-default-executor-4] WARN  server.GrpcLogAppender (LogUtils.java:warn(134)) - fcba0785-f97d-467b-bf4a-b8770d23999e@group-46A3ED0F2391->5a74c2cb-7fbd-45a4-bebb-7c3e07876900-AppendLogResponseHandler: Failed appendEntries: org.apache.ratis.thirdparty.io.grpc.StatusRuntimeException: UNAVAILABLE: io exception
2019-10-02 23:01:47,953 [grpc-default-executor-3] INFO  impl.FollowerInfo (FollowerInfo.java:lambda$new$0(51)) - fcba0785-f97d-467b-bf4a-b8770d23999e@group-46A3ED0F2391->001004e8-1446-4815-8af8-275eb2e7f1ab: nextIndex: updateUnconditionally 0 -> 0
2019-10-02 23:01:47,953 [grpc-default-executor-4] INFO  impl.FollowerInfo (FollowerInfo.java:lambda$new$0(51)) - fcba0785-f97d-467b-bf4a-b8770d23999e@group-46A3ED0F2391->5a74c2cb-7fbd-45a4-bebb-7c3e07876900: nextIndex: updateUnconditionally 0 -> 0
2019-10-02 23:01:48,116 [main] INFO  ozone.MiniOzoneClusterImpl (MiniOzoneClusterImpl.java:lambda$waitForClusterToBeReady$0(147)) - Cluster is ready. Got 7 of 7 DN Heartbeats.
2019-10-02 23:01:48,177 [main] INFO  rpc.RpcClient (RpcClient.java:createVolume(276)) - Creating Volume: watchforcommithandlingtest, with jenkins1000 as owner.
2019-10-02 23:01:48,179 [IPC Server handler 1 on 39759] INFO  volume.OMVolumeCreateRequest (OMVolumeCreateRequest.java:validateAndUpdateCache(194)) - created volume:watchforcommithandlingtest for user:jenkins1000
2019-10-02 23:01:48,198 [main] INFO  rpc.RpcClient (RpcClient.java:createBucket(415)) - Creating Bucket: watchforcommithandlingtest/watchforcommithandlingtest, with Versioning false and Storage Type set to DISK and Encryption set to false 
2019-10-02 23:01:48,202 [main] INFO  ozone.MiniOzoneClusterImpl (MiniOzoneClusterImpl.java:getStorageContainerLocationClient(234)) - Creating StorageContainerLocationProtocol RPC client with address /0.0.0.0:35333
2019-10-02 23:01:49,585 [Thread-2324] INFO  container.ReplicationManager (ReplicationManager.java:start(162)) - Starting Replication Monitor Thread.
2019-10-02 23:01:49,590 [ReplicationMonitor] INFO  container.ReplicationManager (ReplicationManager.java:run(225)) - Replication Monitor Thread took 0 milliseconds for processing 1 containers.
2019-10-02 23:01:50,453 [grpc-default-executor-1] WARN  server.GrpcLogAppender (LogUtils.java:warn(134)) - fcba0785-f97d-467b-bf4a-b8770d23999e@group-46A3ED0F2391->5a74c2cb-7fbd-45a4-bebb-7c3e07876900-AppendLogResponseHandler: Failed appendEntries: org.apache.ratis.thirdparty.io.grpc.StatusRuntimeException: UNAVAILABLE: io exception
2019-10-02 23:01:50,453 [grpc-default-executor-3] WARN  server.GrpcLogAppender (LogUtils.java:warn(134)) - fcba0785-f97d-467b-bf4a-b8770d23999e@group-46A3ED0F2391->001004e8-1446-4815-8af8-275eb2e7f1ab-AppendLogResponseHandler: Failed appendEntries: org.apache.ratis.thirdparty.io.grpc.StatusRuntimeException: UNAVAILABLE: io exception
2019-10-02 23:01:50,454 [grpc-default-executor-1] INFO  impl.FollowerInfo (FollowerInfo.java:lambda$new$0(51)) - fcba0785-f97d-467b-bf4a-b8770d23999e@group-46A3ED0F2391->5a74c2cb-7fbd-45a4-bebb-7c3e07876900: nextIndex: updateUnconditionally 0 -> 0
2019-10-02 23:01:50,454 [grpc-default-executor-3] INFO  impl.FollowerInfo (FollowerInfo.java:lambda$new$0(51)) - fcba0785-f97d-467b-bf4a-b8770d23999e@group-46A3ED0F2391->001004e8-1446-4815-8af8-275eb2e7f1ab: nextIndex: updateUnconditionally 0 -> 0
2019-10-02 23:01:51,748 [Thread-2329] INFO  impl.FollowerState (FollowerState.java:run(108)) - d6e7be57-e0eb-47de-9048-9bb8c654df67@group-951AC334413F-FollowerState: change to CANDIDATE, lastRpcTime:5030ms, electionTimeout:5030ms
2019-10-02 23:01:51,749 [Thread-2329] INFO  impl.RoleInfo (RoleInfo.java:shutdownFollowerState(121)) - d6e7be57-e0eb-47de-9048-9bb8c654df67: shutdown FollowerState
2019-10-02 23:01:51,749 [Thread-2329] INFO  impl.RaftServerImpl (RaftServerImpl.java:setRole(170)) - d6e7be57-e0eb-47de-9048-9bb8c654df67@group-951AC334413F: changes role from  FOLLOWER to CANDIDATE at term 0 for changeToCandidate
2019-10-02 23:01:51,750 [Thread-2329] INFO  impl.RoleInfo (RoleInfo.java:updateAndGet(143)) - d6e7be57-e0eb-47de-9048-9bb8c654df67: start LeaderElection
2019-10-02 23:01:51,760 [Thread-2326] INFO  impl.FollowerState (FollowerState.java:run(108)) - b1796d5d-d8ec-445b-befa-35d912d48cea@group-6171627BABEA-FollowerState: change to CANDIDATE, lastRpcTime:5126ms, electionTimeout:5124ms
2019-10-02 23:01:51,760 [Thread-2326] INFO  impl.RoleInfo (RoleInfo.java:shutdownFollowerState(121)) - b1796d5d-d8ec-445b-befa-35d912d48cea: shutdown FollowerState
2019-10-02 23:01:51,760 [Thread-2326] INFO  impl.RaftServerImpl (RaftServerImpl.java:setRole(170)) - b1796d5d-d8ec-445b-befa-35d912d48cea@group-6171627BABEA: changes role from  FOLLOWER to CANDIDATE at term 0 for changeToCandidate
2019-10-02 23:01:51,760 [Thread-2326] INFO  impl.RoleInfo (RoleInfo.java:updateAndGet(143)) - b1796d5d-d8ec-445b-befa-35d912d48cea: start LeaderElection
2019-10-02 23:01:51,773 [d6e7be57-e0eb-47de-9048-9bb8c654df67@group-951AC334413F-LeaderElection57] INFO  impl.LeaderElection (LeaderElection.java:askForVotes(178)) - d6e7be57-e0eb-47de-9048-9bb8c654df67@group-951AC334413F-LeaderElection57: begin an election at term 1 for -1: [d6e7be57-e0eb-47de-9048-9bb8c654df67:192.168.164.235:43926], old=null
2019-10-02 23:01:51,774 [d6e7be57-e0eb-47de-9048-9bb8c654df67@group-951AC334413F-LeaderElection57] INFO  impl.RoleInfo (RoleInfo.java:shutdownLeaderElection(134)) - d6e7be57-e0eb-47de-9048-9bb8c654df67: shutdown LeaderElection
2019-10-02 23:01:51,774 [d6e7be57-e0eb-47de-9048-9bb8c654df67@group-951AC334413F-LeaderElection57] INFO  impl.RaftServerImpl (RaftServerImpl.java:setRole(170)) - d6e7be57-e0eb-47de-9048-9bb8c654df67@group-951AC334413F: changes role from CANDIDATE to LEADER at term 1 for changeToLeader
2019-10-02 23:01:51,774 [d6e7be57-e0eb-47de-9048-9bb8c654df67@group-951AC334413F-LeaderElection57] INFO  impl.RaftServerImpl (ServerState.java:setLeader(255)) - d6e7be57-e0eb-47de-9048-9bb8c654df67@group-951AC334413F: change Leader from null to d6e7be57-e0eb-47de-9048-9bb8c654df67 at term 1 for becomeLeader, leader elected after 5065ms
2019-10-02 23:01:51,774 [d6e7be57-e0eb-47de-9048-9bb8c654df67@group-951AC334413F-LeaderElection57] INFO  server.RaftServerConfigKeys (ConfUtils.java:logGet(43)) - raft.server.staging.catchup.gap = 1000 (default)
2019-10-02 23:01:51,775 [d6e7be57-e0eb-47de-9048-9bb8c654df67@group-951AC334413F-LeaderElection57] INFO  server.RaftServerConfigKeys (ConfUtils.java:logGet(43)) - raft.server.rpc.sleep.time = 25ms (default)
2019-10-02 23:01:51,775 [d6e7be57-e0eb-47de-9048-9bb8c654df67@group-951AC334413F-LeaderElection57] INFO  server.RaftServerConfigKeys (ConfUtils.java:logGet(43)) - raft.server.write.element-limit = 4096 (default)
2019-10-02 23:01:51,775 [d6e7be57-e0eb-47de-9048-9bb8c654df67@group-951AC334413F-LeaderElection57] INFO  server.RaftServerConfigKeys (ConfUtils.java:logGet(43)) - raft.server.watch.timeout = 10s (default)
2019-10-02 23:01:51,775 [d6e7be57-e0eb-47de-9048-9bb8c654df67@group-951AC334413F-LeaderElection57] INFO  server.RaftServerConfigKeys (ConfUtils.java:logGet(43)) - raft.server.watch.timeout.denomination = 1s (default)
2019-10-02 23:01:51,775 [d6e7be57-e0eb-47de-9048-9bb8c654df67@group-951AC334413F-LeaderElection57] INFO  server.RaftServerConfigKeys (ConfUtils.java:logGet(43)) - raft.server.watch.element-limit = 65536 (default)
2019-10-02 23:01:51,778 [d6e7be57-e0eb-47de-9048-9bb8c654df67@group-951AC334413F-LeaderElection57] INFO  impl.RoleInfo (RoleInfo.java:updateAndGet(143)) - d6e7be57-e0eb-47de-9048-9bb8c654df67: start LeaderState
2019-10-02 23:01:51,779 [d6e7be57-e0eb-47de-9048-9bb8c654df67@group-951AC334413F-LeaderElection57] INFO  segmented.SegmentedRaftLogWorker (SegmentedRaftLogWorker.java:startLogSegment(385)) - d6e7be57-e0eb-47de-9048-9bb8c654df67@group-951AC334413F-SegmentedRaftLogWorker: Starting segment from index:0
2019-10-02 23:01:51,779 [d6e7be57-e0eb-47de-9048-9bb8c654df67@group-951AC334413F-LeaderElection57] INFO  impl.RaftServerImpl (ServerState.java:setRaftConf(356)) - d6e7be57-e0eb-47de-9048-9bb8c654df67@group-951AC334413F: set configuration 0: [d6e7be57-e0eb-47de-9048-9bb8c654df67:192.168.164.235:43926], old=null at 0
2019-10-02 23:01:51,795 [b1796d5d-d8ec-445b-befa-35d912d48cea@group-6171627BABEA-LeaderElection58] INFO  impl.LeaderElection (LeaderElection.java:askForVotes(178)) - b1796d5d-d8ec-445b-befa-35d912d48cea@group-6171627BABEA-LeaderElection58: begin an election at term 1 for -1: [b1796d5d-d8ec-445b-befa-35d912d48cea:192.168.164.235:34281], old=null
2019-10-02 23:01:51,796 [b1796d5d-d8ec-445b-befa-35d912d48cea@group-6171627BABEA-LeaderElection58] INFO  impl.RoleInfo (RoleInfo.java:shutdownLeaderElection(134)) - b1796d5d-d8ec-445b-befa-35d912d48cea: shutdown LeaderElection
2019-10-02 23:01:51,796 [b1796d5d-d8ec-445b-befa-35d912d48cea@group-6171627BABEA-LeaderElection58] INFO  impl.RaftServerImpl (RaftServerImpl.java:setRole(170)) - b1796d5d-d8ec-445b-befa-35d912d48cea@group-6171627BABEA: changes role from CANDIDATE to LEADER at term 1 for changeToLeader
2019-10-02 23:01:51,796 [b1796d5d-d8ec-445b-befa-35d912d48cea@group-6171627BABEA-LeaderElection58] INFO  impl.RaftServerImpl (ServerState.java:setLeader(255)) - b1796d5d-d8ec-445b-befa-35d912d48cea@group-6171627BABEA: change Leader from null to b1796d5d-d8ec-445b-befa-35d912d48cea at term 1 for becomeLeader, leader elected after 5170ms
2019-10-02 23:01:51,796 [b1796d5d-d8ec-445b-befa-35d912d48cea@group-6171627BABEA-LeaderElection58] INFO  server.RaftServerConfigKeys (ConfUtils.java:logGet(43)) - raft.server.staging.catchup.gap = 1000 (default)
2019-10-02 23:01:51,796 [b1796d5d-d8ec-445b-befa-35d912d48cea@group-6171627BABEA-LeaderElection58] INFO  server.RaftServerConfigKeys (ConfUtils.java:logGet(43)) - raft.server.rpc.sleep.time = 25ms (default)
2019-10-02 23:01:51,797 [b1796d5d-d8ec-445b-befa-35d912d48cea@group-6171627BABEA-LeaderElection58] INFO  server.RaftServerConfigKeys (ConfUtils.java:logGet(43)) - raft.server.write.element-limit = 4096 (default)
2019-10-02 23:01:51,797 [b1796d5d-d8ec-445b-befa-35d912d48cea@group-6171627BABEA-LeaderElection58] INFO  server.RaftServerConfigKeys (ConfUtils.java:logGet(43)) - raft.server.watch.timeout = 10s (default)
2019-10-02 23:01:51,797 [b1796d5d-d8ec-445b-befa-35d912d48cea@group-6171627BABEA-LeaderElection58] INFO  server.RaftServerConfigKeys (ConfUtils.java:logGet(43)) - raft.server.watch.timeout.denomination = 1s (default)
2019-10-02 23:01:51,797 [b1796d5d-d8ec-445b-befa-35d912d48cea@group-6171627BABEA-LeaderElection58] INFO  server.RaftServerConfigKeys (ConfUtils.java:logGet(43)) - raft.server.watch.element-limit = 65536 (default)
2019-10-02 23:01:51,801 [b1796d5d-d8ec-445b-befa-35d912d48cea@group-6171627BABEA-LeaderElection58] INFO  impl.RoleInfo (RoleInfo.java:updateAndGet(143)) - b1796d5d-d8ec-445b-befa-35d912d48cea: start LeaderState
2019-10-02 23:01:51,801 [b1796d5d-d8ec-445b-befa-35d912d48cea@group-6171627BABEA-LeaderElection58] INFO  segmented.SegmentedRaftLogWorker (SegmentedRaftLogWorker.java:startLogSegment(385)) - b1796d5d-d8ec-445b-befa-35d912d48cea@group-6171627BABEA-SegmentedRaftLogWorker: Starting segment from index:0
2019-10-02 23:01:51,802 [b1796d5d-d8ec-445b-befa-35d912d48cea@group-6171627BABEA-LeaderElection58] INFO  impl.RaftServerImpl (ServerState.java:setRaftConf(356)) - b1796d5d-d8ec-445b-befa-35d912d48cea@group-6171627BABEA: set configuration 0: [b1796d5d-d8ec-445b-befa-35d912d48cea:192.168.164.235:34281], old=null at 0
2019-10-02 23:01:51,825 [d6e7be57-e0eb-47de-9048-9bb8c654df67@group-951AC334413F-SegmentedRaftLogWorker] INFO  segmented.SegmentedRaftLogWorker (SegmentedRaftLogWorker.java:execute(574)) - d6e7be57-e0eb-47de-9048-9bb8c654df67@group-951AC334413F-SegmentedRaftLogWorker: created new log segment /workdir/hadoop-ozone/integration-test/target/test-dir/MiniOzoneClusterImpl-44df2c2f-edbb-4bb1-a9d5-29c820e107ce/datanode-1/data/ratis/54b627fa-7d59-4bf8-ab54-951ac334413f/current/log_inprogress_0
2019-10-02 23:01:51,839 [b1796d5d-d8ec-445b-befa-35d912d48cea@group-6171627BABEA-SegmentedRaftLogWorker] INFO  segmented.SegmentedRaftLogWorker (SegmentedRaftLogWorker.java:execute(574)) - b1796d5d-d8ec-445b-befa-35d912d48cea@group-6171627BABEA-SegmentedRaftLogWorker: created new log segment /workdir/hadoop-ozone/integration-test/target/test-dir/MiniOzoneClusterImpl-44df2c2f-edbb-4bb1-a9d5-29c820e107ce/datanode-0/data/ratis/2badaeab-8dff-432a-811a-6171627babea/current/log_inprogress_0
2019-10-02 23:01:51,927 [Thread-2340] INFO  impl.FollowerState (FollowerState.java:run(108)) - 9c880452-8db4-4c33-8095-590e060cc885@group-C91AC6D6877B-FollowerState: change to CANDIDATE, lastRpcTime:5037ms, electionTimeout:5037ms
2019-10-02 23:01:51,927 [Thread-2340] INFO  impl.RoleInfo (RoleInfo.java:shutdownFollowerState(121)) - 9c880452-8db4-4c33-8095-590e060cc885: shutdown FollowerState
2019-10-02 23:01:51,927 [Thread-2340] INFO  impl.RaftServerImpl (RaftServerImpl.java:setRole(170)) - 9c880452-8db4-4c33-8095-590e060cc885@group-C91AC6D6877B: changes role from  FOLLOWER to CANDIDATE at term 0 for changeToCandidate
2019-10-02 23:01:51,927 [Thread-2340] INFO  impl.RoleInfo (RoleInfo.java:updateAndGet(143)) - 9c880452-8db4-4c33-8095-590e060cc885: start LeaderElection
2019-10-02 23:01:51,950 [9c880452-8db4-4c33-8095-590e060cc885@group-C91AC6D6877B-LeaderElection59] INFO  impl.LeaderElection (LeaderElection.java:askForVotes(178)) - 9c880452-8db4-4c33-8095-590e060cc885@group-C91AC6D6877B-LeaderElection59: begin an election at term 1 for -1: [9c880452-8db4-4c33-8095-590e060cc885:192.168.164.235:41989, d6e7be57-e0eb-47de-9048-9bb8c654df67:192.168.164.235:43926, b1796d5d-d8ec-445b-befa-35d912d48cea:192.168.164.235:34281], old=null
2019-10-02 23:01:51,954 [grpc-default-executor-1] INFO  impl.RaftServerImpl (RaftServerImpl.java:setRole(170)) - d6e7be57-e0eb-47de-9048-9bb8c654df67@group-C91AC6D6877B: changes role from  FOLLOWER to FOLLOWER at term 1 for recognizeCandidate:9c880452-8db4-4c33-8095-590e060cc885
2019-10-02 23:01:51,957 [grpc-default-executor-3] INFO  impl.RaftServerImpl (RaftServerImpl.java:setRole(170)) - b1796d5d-d8ec-445b-befa-35d912d48cea@group-C91AC6D6877B: changes role from  FOLLOWER to FOLLOWER at term 1 for recognizeCandidate:9c880452-8db4-4c33-8095-590e060cc885
2019-10-02 23:01:51,957 [grpc-default-executor-1] INFO  impl.RoleInfo (RoleInfo.java:shutdownFollowerState(121)) - d6e7be57-e0eb-47de-9048-9bb8c654df67: shutdown FollowerState
2019-10-02 23:01:51,958 [grpc-default-executor-3] INFO  impl.RoleInfo (RoleInfo.java:shutdownFollowerState(121)) - b1796d5d-d8ec-445b-befa-35d912d48cea: shutdown FollowerState
2019-10-02 23:01:51,958 [grpc-default-executor-1] INFO  impl.RoleInfo (RoleInfo.java:updateAndGet(143)) - d6e7be57-e0eb-47de-9048-9bb8c654df67: start FollowerState
2019-10-02 23:01:51,958 [Thread-2339] INFO  impl.FollowerState (FollowerState.java:run(117)) - b1796d5d-d8ec-445b-befa-35d912d48cea@group-C91AC6D6877B-FollowerState was interrupted: java.lang.InterruptedException: sleep interrupted
2019-10-02 23:01:51,958 [Thread-2335] INFO  impl.FollowerState (FollowerState.java:run(117)) - d6e7be57-e0eb-47de-9048-9bb8c654df67@group-C91AC6D6877B-FollowerState was interrupted: java.lang.InterruptedException: sleep interrupted
2019-10-02 23:01:51,958 [grpc-default-executor-3] INFO  impl.RoleInfo (RoleInfo.java:updateAndGet(143)) - b1796d5d-d8ec-445b-befa-35d912d48cea: start FollowerState
2019-10-02 23:01:51,978 [9c880452-8db4-4c33-8095-590e060cc885@group-C91AC6D6877B-LeaderElection59] INFO  impl.LeaderElection (LeaderElection.java:logAndReturn(56)) - 9c880452-8db4-4c33-8095-590e060cc885@group-C91AC6D6877B-LeaderElection59: Election PASSED; received 1 response(s) [9c880452-8db4-4c33-8095-590e060cc885<-b1796d5d-d8ec-445b-befa-35d912d48cea#0:OK-t1] and 0 exception(s); 9c880452-8db4-4c33-8095-590e060cc885@group-C91AC6D6877B:t1, leader=null, voted=9c880452-8db4-4c33-8095-590e060cc885, raftlog=9c880452-8db4-4c33-8095-590e060cc885@group-C91AC6D6877B-SegmentedRaftLog:OPENED:c-1,f-1,i0, conf=-1: [9c880452-8db4-4c33-8095-590e060cc885:192.168.164.235:41989, d6e7be57-e0eb-47de-9048-9bb8c654df67:192.168.164.235:43926, b1796d5d-d8ec-445b-befa-35d912d48cea:192.168.164.235:34281], old=null
2019-10-02 23:01:51,979 [9c880452-8db4-4c33-8095-590e060cc885@group-C91AC6D6877B-LeaderElection59] INFO  impl.RoleInfo (RoleInfo.java:shutdownLeaderElection(134)) - 9c880452-8db4-4c33-8095-590e060cc885: shutdown LeaderElection
2019-10-02 23:01:51,979 [9c880452-8db4-4c33-8095-590e060cc885@group-C91AC6D6877B-LeaderElection59] INFO  impl.RaftServerImpl (RaftServerImpl.java:setRole(170)) - 9c880452-8db4-4c33-8095-590e060cc885@group-C91AC6D6877B: changes role from CANDIDATE to LEADER at term 1 for changeToLeader
2019-10-02 23:01:51,979 [9c880452-8db4-4c33-8095-590e060cc885@group-C91AC6D6877B-LeaderElection59] INFO  impl.RaftServerImpl (ServerState.java:setLeader(255)) - 9c880452-8db4-4c33-8095-590e060cc885@group-C91AC6D6877B: change Leader from null to 9c880452-8db4-4c33-8095-590e060cc885 at term 1 for becomeLeader, leader elected after 5102ms
2019-10-02 23:01:51,979 [9c880452-8db4-4c33-8095-590e060cc885@group-C91AC6D6877B-LeaderElection59] INFO  server.RaftServerConfigKeys (ConfUtils.java:logGet(43)) - raft.server.staging.catchup.gap = 1000 (default)
2019-10-02 23:01:51,979 [9c880452-8db4-4c33-8095-590e060cc885@group-C91AC6D6877B-LeaderElection59] INFO  server.RaftServerConfigKeys (ConfUtils.java:logGet(43)) - raft.server.rpc.sleep.time = 25ms (default)
2019-10-02 23:01:51,979 [9c880452-8db4-4c33-8095-590e060cc885@group-C91AC6D6877B-LeaderElection59] INFO  server.RaftServerConfigKeys (ConfUtils.java:logGet(43)) - raft.server.write.element-limit = 4096 (default)
2019-10-02 23:01:51,979 [9c880452-8db4-4c33-8095-590e060cc885@group-C91AC6D6877B-LeaderElection59] INFO  server.RaftServerConfigKeys (ConfUtils.java:logGet(43)) - raft.server.watch.timeout = 10s (default)
2019-10-02 23:01:51,980 [9c880452-8db4-4c33-8095-590e060cc885@group-C91AC6D6877B-LeaderElection59] INFO  server.RaftServerConfigKeys (ConfUtils.java:logGet(43)) - raft.server.watch.timeout.denomination = 1s (default)
2019-10-02 23:01:51,980 [9c880452-8db4-4c33-8095-590e060cc885@group-C91AC6D6877B-LeaderElection59] INFO  server.RaftServerConfigKeys (ConfUtils.java:logGet(43)) - raft.server.watch.element-limit = 65536 (default)
2019-10-02 23:01:51,981 [9c880452-8db4-4c33-8095-590e060cc885@group-C91AC6D6877B-LeaderElection59] INFO  server.RaftServerConfigKeys (ConfUtils.java:logGet(43)) - raft.server.log.appender.snapshot.chunk.size.max = 16MB (=16777216) (default)
2019-10-02 23:01:51,982 [9c880452-8db4-4c33-8095-590e060cc885@group-C91AC6D6877B-LeaderElection59] INFO  server.RaftServerConfigKeys (ConfUtils.java:logGet(43)) - raft.server.log.appender.buffer.byte-limit = 33554432 (custom)
2019-10-02 23:01:51,982 [9c880452-8db4-4c33-8095-590e060cc885@group-C91AC6D6877B-LeaderElection59] INFO  server.RaftServerConfigKeys (ConfUtils.java:logGet(43)) - raft.server.log.appender.buffer.element-limit = 1 (custom)
2019-10-02 23:01:51,982 [9c880452-8db4-4c33-8095-590e060cc885@group-C91AC6D6877B-LeaderElection59] INFO  grpc.GrpcConfigKeys$Server (ConfUtils.java:logGet(43)) - raft.grpc.server.leader.outstanding.appends.max = 128 (default)
2019-10-02 23:01:51,982 [9c880452-8db4-4c33-8095-590e060cc885@group-C91AC6D6877B-LeaderElection59] INFO  server.RaftServerConfigKeys (ConfUtils.java:logGet(43)) - raft.server.rpc.request.timeout = 3000ms (default)
2019-10-02 23:01:51,982 [9c880452-8db4-4c33-8095-590e060cc885@group-C91AC6D6877B-LeaderElection59] INFO  server.RaftServerConfigKeys (ConfUtils.java:logGet(43)) - raft.server.log.appender.install.snapshot.enabled = false (custom)
2019-10-02 23:01:51,983 [9c880452-8db4-4c33-8095-590e060cc885@group-C91AC6D6877B-LeaderElection59] INFO  server.RaftServerConfigKeys (ConfUtils.java:logGet(43)) - raft.server.log.appender.snapshot.chunk.size.max = 16MB (=16777216) (default)
2019-10-02 23:01:51,983 [9c880452-8db4-4c33-8095-590e060cc885@group-C91AC6D6877B-LeaderElection59] INFO  server.RaftServerConfigKeys (ConfUtils.java:logGet(43)) - raft.server.log.appender.buffer.byte-limit = 33554432 (custom)
2019-10-02 23:01:51,983 [9c880452-8db4-4c33-8095-590e060cc885@group-C91AC6D6877B-LeaderElection59] INFO  server.RaftServerConfigKeys (ConfUtils.java:logGet(43)) - raft.server.log.appender.buffer.element-limit = 1 (custom)
2019-10-02 23:01:51,983 [9c880452-8db4-4c33-8095-590e060cc885@group-C91AC6D6877B-LeaderElection59] INFO  grpc.GrpcConfigKeys$Server (ConfUtils.java:logGet(43)) - raft.grpc.server.leader.outstanding.appends.max = 128 (default)
2019-10-02 23:01:51,983 [9c880452-8db4-4c33-8095-590e060cc885@group-C91AC6D6877B-LeaderElection59] INFO  server.RaftServerConfigKeys (ConfUtils.java:logGet(43)) - raft.server.rpc.request.timeout = 3000ms (default)
2019-10-02 23:01:51,983 [9c880452-8db4-4c33-8095-590e060cc885@group-C91AC6D6877B-LeaderElection59] INFO  server.RaftServerConfigKeys (ConfUtils.java:logGet(43)) - raft.server.log.appender.install.snapshot.enabled = false (custom)
2019-10-02 23:01:51,983 [9c880452-8db4-4c33-8095-590e060cc885@group-C91AC6D6877B-LeaderElection59] INFO  impl.RoleInfo (RoleInfo.java:updateAndGet(143)) - 9c880452-8db4-4c33-8095-590e060cc885: start LeaderState
2019-10-02 23:01:51,984 [9c880452-8db4-4c33-8095-590e060cc885@group-C91AC6D6877B-LeaderElection59] INFO  segmented.SegmentedRaftLogWorker (SegmentedRaftLogWorker.java:startLogSegment(385)) - 9c880452-8db4-4c33-8095-590e060cc885@group-C91AC6D6877B-SegmentedRaftLogWorker: Starting segment from index:0
2019-10-02 23:01:51,984 [9c880452-8db4-4c33-8095-590e060cc885@group-C91AC6D6877B-LeaderElection59] INFO  impl.RaftServerImpl (ServerState.java:setRaftConf(356)) - 9c880452-8db4-4c33-8095-590e060cc885@group-C91AC6D6877B: set configuration 0: [9c880452-8db4-4c33-8095-590e060cc885:192.168.164.235:41989, d6e7be57-e0eb-47de-9048-9bb8c654df67:192.168.164.235:43926, b1796d5d-d8ec-445b-befa-35d912d48cea:192.168.164.235:34281], old=null at 0
2019-10-02 23:01:52,016 [Thread-2332] INFO  impl.FollowerState (FollowerState.java:run(108)) - 9c880452-8db4-4c33-8095-590e060cc885@group-9D5448D1574A-FollowerState: change to CANDIDATE, lastRpcTime:5200ms, electionTimeout:5186ms
2019-10-02 23:01:52,017 [Thread-2332] INFO  impl.RoleInfo (RoleInfo.java:shutdownFollowerState(121)) - 9c880452-8db4-4c33-8095-590e060cc885: shutdown FollowerState
2019-10-02 23:01:52,017 [Thread-2332] INFO  impl.RaftServerImpl (RaftServerImpl.java:setRole(170)) - 9c880452-8db4-4c33-8095-590e060cc885@group-9D5448D1574A: changes role from  FOLLOWER to CANDIDATE at term 0 for changeToCandidate
2019-10-02 23:01:52,017 [Thread-2332] INFO  impl.RoleInfo (RoleInfo.java:updateAndGet(143)) - 9c880452-8db4-4c33-8095-590e060cc885: start LeaderElection
2019-10-02 23:01:52,020 [grpc-default-executor-1] INFO  impl.RaftServerImpl (ServerState.java:setLeader(255)) - d6e7be57-e0eb-47de-9048-9bb8c654df67@group-C91AC6D6877B: change Leader from null to 9c880452-8db4-4c33-8095-590e060cc885 at term 1 for appendEntries, leader elected after 5144ms
2019-10-02 23:01:52,029 [grpc-default-executor-1] INFO  impl.RaftServerImpl (ServerState.java:setLeader(255)) - b1796d5d-d8ec-445b-befa-35d912d48cea@group-C91AC6D6877B: change Leader from null to 9c880452-8db4-4c33-8095-590e060cc885 at term 1 for appendEntries, leader elected after 5152ms
2019-10-02 23:01:52,032 [9c880452-8db4-4c33-8095-590e060cc885@group-C91AC6D6877B-SegmentedRaftLogWorker] INFO  segmented.SegmentedRaftLogWorker (SegmentedRaftLogWorker.java:execute(574)) - 9c880452-8db4-4c33-8095-590e060cc885@group-C91AC6D6877B-SegmentedRaftLogWorker: created new log segment /workdir/hadoop-ozone/integration-test/target/test-dir/MiniOzoneClusterImpl-44df2c2f-edbb-4bb1-a9d5-29c820e107ce/datanode-2/data/ratis/e2f43bc9-4ca1-4257-b2aa-c91ac6d6877b/current/log_inprogress_0
2019-10-02 23:01:52,033 [grpc-default-executor-1] INFO  impl.RaftServerImpl (ServerState.java:setRaftConf(356)) - d6e7be57-e0eb-47de-9048-9bb8c654df67@group-C91AC6D6877B: set configuration 0: [9c880452-8db4-4c33-8095-590e060cc885:192.168.164.235:41989, d6e7be57-e0eb-47de-9048-9bb8c654df67:192.168.164.235:43926, b1796d5d-d8ec-445b-befa-35d912d48cea:192.168.164.235:34281], old=null at 0
2019-10-02 23:01:52,033 [grpc-default-executor-3] INFO  impl.RaftServerImpl (ServerState.java:setRaftConf(356)) - b1796d5d-d8ec-445b-befa-35d912d48cea@group-C91AC6D6877B: set configuration 0: [9c880452-8db4-4c33-8095-590e060cc885:192.168.164.235:41989, d6e7be57-e0eb-47de-9048-9bb8c654df67:192.168.164.235:43926, b1796d5d-d8ec-445b-befa-35d912d48cea:192.168.164.235:34281], old=null at 0
2019-10-02 23:01:52,034 [grpc-default-executor-1] INFO  segmented.SegmentedRaftLogWorker (SegmentedRaftLogWorker.java:startLogSegment(385)) - d6e7be57-e0eb-47de-9048-9bb8c654df67@group-C91AC6D6877B-SegmentedRaftLogWorker: Starting segment from index:0
2019-10-02 23:01:52,034 [grpc-default-executor-3] INFO  segmented.SegmentedRaftLogWorker (SegmentedRaftLogWorker.java:startLogSegment(385)) - b1796d5d-d8ec-445b-befa-35d912d48cea@group-C91AC6D6877B-SegmentedRaftLogWorker: Starting segment from index:0
2019-10-02 23:01:52,055 [9c880452-8db4-4c33-8095-590e060cc885@group-9D5448D1574A-LeaderElection60] INFO  impl.LeaderElection (LeaderElection.java:askForVotes(178)) - 9c880452-8db4-4c33-8095-590e060cc885@group-9D5448D1574A-LeaderElection60: begin an election at term 1 for -1: [9c880452-8db4-4c33-8095-590e060cc885:192.168.164.235:41989], old=null
2019-10-02 23:01:52,055 [9c880452-8db4-4c33-8095-590e060cc885@group-9D5448D1574A-LeaderElection60] INFO  impl.RoleInfo (RoleInfo.java:shutdownLeaderElection(134)) - 9c880452-8db4-4c33-8095-590e060cc885: shutdown LeaderElection
2019-10-02 23:01:52,055 [9c880452-8db4-4c33-8095-590e060cc885@group-9D5448D1574A-LeaderElection60] INFO  impl.RaftServerImpl (RaftServerImpl.java:setRole(170)) - 9c880452-8db4-4c33-8095-590e060cc885@group-9D5448D1574A: changes role from CANDIDATE to LEADER at term 1 for changeToLeader
2019-10-02 23:01:52,056 [9c880452-8db4-4c33-8095-590e060cc885@group-9D5448D1574A-LeaderElection60] INFO  impl.RaftServerImpl (ServerState.java:setLeader(255)) - 9c880452-8db4-4c33-8095-590e060cc885@group-9D5448D1574A: change Leader from null to 9c880452-8db4-4c33-8095-590e060cc885 at term 1 for becomeLeader, leader elected after 5246ms
2019-10-02 23:01:52,056 [9c880452-8db4-4c33-8095-590e060cc885@group-9D5448D1574A-LeaderElection60] INFO  server.RaftServerConfigKeys (ConfUtils.java:logGet(43)) - raft.server.staging.catchup.gap = 1000 (default)
2019-10-02 23:01:52,056 [9c880452-8db4-4c33-8095-590e060cc885@group-9D5448D1574A-LeaderElection60] INFO  server.RaftServerConfigKeys (ConfUtils.java:logGet(43)) - raft.server.rpc.sleep.time = 25ms (default)
2019-10-02 23:01:52,056 [9c880452-8db4-4c33-8095-590e060cc885@group-9D5448D1574A-LeaderElection60] INFO  server.RaftServerConfigKeys (ConfUtils.java:logGet(43)) - raft.server.write.element-limit = 4096 (default)
2019-10-02 23:01:52,056 [9c880452-8db4-4c33-8095-590e060cc885@group-9D5448D1574A-LeaderElection60] INFO  server.RaftServerConfigKeys (ConfUtils.java:logGet(43)) - raft.server.watch.timeout = 10s (default)
2019-10-02 23:01:52,056 [Thread-2344] INFO  impl.FollowerState (FollowerState.java:run(108)) - ebb81ab3-8a18-487f-a36e-5e5af70411d8@group-208A39FB2C59-FollowerState: change to CANDIDATE, lastRpcTime:5063ms, electionTimeout:5063ms
2019-10-02 23:01:52,056 [9c880452-8db4-4c33-8095-590e060cc885@group-9D5448D1574A-LeaderElection60] INFO  server.RaftServerConfigKeys (ConfUtils.java:logGet(43)) - raft.server.watch.timeout.denomination = 1s (default)
2019-10-02 23:01:52,056 [Thread-2344] INFO  impl.RoleInfo (RoleInfo.java:shutdownFollowerState(121)) - ebb81ab3-8a18-487f-a36e-5e5af70411d8: shutdown FollowerState
2019-10-02 23:01:52,056 [9c880452-8db4-4c33-8095-590e060cc885@group-9D5448D1574A-LeaderElection60] INFO  server.RaftServerConfigKeys (ConfUtils.java:logGet(43)) - raft.server.watch.element-limit = 65536 (default)
2019-10-02 23:01:52,057 [Thread-2344] INFO  impl.RaftServerImpl (RaftServerImpl.java:setRole(170)) - ebb81ab3-8a18-487f-a36e-5e5af70411d8@group-208A39FB2C59: changes role from  FOLLOWER to CANDIDATE at term 0 for changeToCandidate
2019-10-02 23:01:52,057 [Thread-2344] INFO  impl.RoleInfo (RoleInfo.java:updateAndGet(143)) - ebb81ab3-8a18-487f-a36e-5e5af70411d8: start LeaderElection
2019-10-02 23:01:52,081 [9c880452-8db4-4c33-8095-590e060cc885@group-9D5448D1574A-LeaderElection60] INFO  impl.RoleInfo (RoleInfo.java:updateAndGet(143)) - 9c880452-8db4-4c33-8095-590e060cc885: start LeaderState
2019-10-02 23:01:52,081 [9c880452-8db4-4c33-8095-590e060cc885@group-9D5448D1574A-LeaderElection60] INFO  segmented.SegmentedRaftLogWorker (SegmentedRaftLogWorker.java:startLogSegment(385)) - 9c880452-8db4-4c33-8095-590e060cc885@group-9D5448D1574A-SegmentedRaftLogWorker: Starting segment from index:0
2019-10-02 23:01:52,081 [9c880452-8db4-4c33-8095-590e060cc885@group-9D5448D1574A-LeaderElection60] INFO  impl.RaftServerImpl (ServerState.java:setRaftConf(356)) - 9c880452-8db4-4c33-8095-590e060cc885@group-9D5448D1574A: set configuration 0: [9c880452-8db4-4c33-8095-590e060cc885:192.168.164.235:41989], old=null at 0
2019-10-02 23:01:52,087 [d6e7be57-e0eb-47de-9048-9bb8c654df67@group-C91AC6D6877B-SegmentedRaftLogWorker] INFO  segmented.SegmentedRaftLogWorker (SegmentedRaftLogWorker.java:execute(574)) - d6e7be57-e0eb-47de-9048-9bb8c654df67@group-C91AC6D6877B-SegmentedRaftLogWorker: created new log segment /workdir/hadoop-ozone/integration-test/target/test-dir/MiniOzoneClusterImpl-44df2c2f-edbb-4bb1-a9d5-29c820e107ce/datanode-1/data/ratis/e2f43bc9-4ca1-4257-b2aa-c91ac6d6877b/current/log_inprogress_0
2019-10-02 23:01:52,087 [ebb81ab3-8a18-487f-a36e-5e5af70411d8@group-208A39FB2C59-LeaderElection61] INFO  impl.LeaderElection (LeaderElection.java:askForVotes(178)) - ebb81ab3-8a18-487f-a36e-5e5af70411d8@group-208A39FB2C59-LeaderElection61: begin an election at term 1 for -1: [ebb81ab3-8a18-487f-a36e-5e5af70411d8:192.168.164.235:39525], old=null
2019-10-02 23:01:52,087 [b1796d5d-d8ec-445b-befa-35d912d48cea@group-C91AC6D6877B-SegmentedRaftLogWorker] INFO  segmented.SegmentedRaftLogWorker (SegmentedRaftLogWorker.java:execute(574)) - b1796d5d-d8ec-445b-befa-35d912d48cea@group-C91AC6D6877B-SegmentedRaftLogWorker: created new log segment /workdir/hadoop-ozone/integration-test/target/test-dir/MiniOzoneClusterImpl-44df2c2f-edbb-4bb1-a9d5-29c820e107ce/datanode-0/data/ratis/e2f43bc9-4ca1-4257-b2aa-c91ac6d6877b/current/log_inprogress_0
2019-10-02 23:01:52,088 [ebb81ab3-8a18-487f-a36e-5e5af70411d8@group-208A39FB2C59-LeaderElection61] INFO  impl.RoleInfo (RoleInfo.java:shutdownLeaderElection(134)) - ebb81ab3-8a18-487f-a36e-5e5af70411d8: shutdown LeaderElection
2019-10-02 23:01:52,088 [ebb81ab3-8a18-487f-a36e-5e5af70411d8@group-208A39FB2C59-LeaderElection61] INFO  impl.RaftServerImpl (RaftServerImpl.java:setRole(170)) - ebb81ab3-8a18-487f-a36e-5e5af70411d8@group-208A39FB2C59: changes role from CANDIDATE to LEADER at term 1 for changeToLeader
2019-10-02 23:01:52,088 [ebb81ab3-8a18-487f-a36e-5e5af70411d8@group-208A39FB2C59-LeaderElection61] INFO  impl.RaftServerImpl (ServerState.java:setLeader(255)) - ebb81ab3-8a18-487f-a36e-5e5af70411d8@group-208A39FB2C59: change Leader from null to ebb81ab3-8a18-487f-a36e-5e5af70411d8 at term 1 for becomeLeader, leader elected after 5103ms
2019-10-02 23:01:52,088 [ebb81ab3-8a18-487f-a36e-5e5af70411d8@group-208A39FB2C59-LeaderElection61] INFO  server.RaftServerConfigKeys (ConfUtils.java:logGet(43)) - raft.server.staging.catchup.gap = 1000 (default)
2019-10-02 23:01:52,088 [ebb81ab3-8a18-487f-a36e-5e5af70411d8@group-208A39FB2C59-LeaderElection61] INFO  server.RaftServerConfigKeys (ConfUtils.java:logGet(43)) - raft.server.rpc.sleep.time = 25ms (default)
2019-10-02 23:01:52,089 [ebb81ab3-8a18-487f-a36e-5e5af70411d8@group-208A39FB2C59-LeaderElection61] INFO  server.RaftServerConfigKeys (ConfUtils.java:logGet(43)) - raft.server.write.element-limit = 4096 (default)
2019-10-02 23:01:52,089 [ebb81ab3-8a18-487f-a36e-5e5af70411d8@group-208A39FB2C59-LeaderElection61] INFO  server.RaftServerConfigKeys (ConfUtils.java:logGet(43)) - raft.server.watch.timeout = 10s (default)
2019-10-02 23:01:52,089 [ebb81ab3-8a18-487f-a36e-5e5af70411d8@group-208A39FB2C59-LeaderElection61] INFO  server.RaftServerConfigKeys (ConfUtils.java:logGet(43)) - raft.server.watch.timeout.denomination = 1s (default)
2019-10-02 23:01:52,089 [ebb81ab3-8a18-487f-a36e-5e5af70411d8@group-208A39FB2C59-LeaderElection61] INFO  server.RaftServerConfigKeys (ConfUtils.java:logGet(43)) - raft.server.watch.element-limit = 65536 (default)
2019-10-02 23:01:52,091 [ebb81ab3-8a18-487f-a36e-5e5af70411d8@group-208A39FB2C59-LeaderElection61] INFO  impl.RoleInfo (RoleInfo.java:updateAndGet(143)) - ebb81ab3-8a18-487f-a36e-5e5af70411d8: start LeaderState
2019-10-02 23:01:52,091 [ebb81ab3-8a18-487f-a36e-5e5af70411d8@group-208A39FB2C59-LeaderElection61] INFO  segmented.SegmentedRaftLogWorker (SegmentedRaftLogWorker.java:startLogSegment(385)) - ebb81ab3-8a18-487f-a36e-5e5af70411d8@group-208A39FB2C59-SegmentedRaftLogWorker: Starting segment from index:0
2019-10-02 23:01:52,091 [ebb81ab3-8a18-487f-a36e-5e5af70411d8@group-208A39FB2C59-LeaderElection61] INFO  impl.RaftServerImpl (ServerState.java:setRaftConf(356)) - ebb81ab3-8a18-487f-a36e-5e5af70411d8@group-208A39FB2C59: set configuration 0: [ebb81ab3-8a18-487f-a36e-5e5af70411d8:192.168.164.235:39525], old=null at 0
2019-10-02 23:01:52,124 [9c880452-8db4-4c33-8095-590e060cc885@group-9D5448D1574A-SegmentedRaftLogWorker] INFO  segmented.SegmentedRaftLogWorker (SegmentedRaftLogWorker.java:execute(574)) - 9c880452-8db4-4c33-8095-590e060cc885@group-9D5448D1574A-SegmentedRaftLogWorker: created new log segment /workdir/hadoop-ozone/integration-test/target/test-dir/MiniOzoneClusterImpl-44df2c2f-edbb-4bb1-a9d5-29c820e107ce/datanode-2/data/ratis/bb1b81f0-7118-4c81-9427-9d5448d1574a/current/log_inprogress_0
2019-10-02 23:01:52,124 [ebb81ab3-8a18-487f-a36e-5e5af70411d8@group-208A39FB2C59-SegmentedRaftLogWorker] INFO  segmented.SegmentedRaftLogWorker (SegmentedRaftLogWorker.java:execute(574)) - ebb81ab3-8a18-487f-a36e-5e5af70411d8@group-208A39FB2C59-SegmentedRaftLogWorker: created new log segment /workdir/hadoop-ozone/integration-test/target/test-dir/MiniOzoneClusterImpl-44df2c2f-edbb-4bb1-a9d5-29c820e107ce/datanode-3/data/ratis/36126439-1cd7-4741-bb1a-208a39fb2c59/current/log_inprogress_0
2019-10-02 23:01:52,175 [Thread-2347] INFO  impl.FollowerState (FollowerState.java:run(108)) - f7037521-13a4-4bfd-b293-f77e87604f0e@group-61FA56604FDA-FollowerState: change to CANDIDATE, lastRpcTime:5133ms, electionTimeout:5133ms
2019-10-02 23:01:52,175 [Thread-2347] INFO  impl.RoleInfo (RoleInfo.java:shutdownFollowerState(121)) - f7037521-13a4-4bfd-b293-f77e87604f0e: shutdown FollowerState
2019-10-02 23:01:52,175 [Thread-2347] INFO  impl.RaftServerImpl (RaftServerImpl.java:setRole(170)) - f7037521-13a4-4bfd-b293-f77e87604f0e@group-61FA56604FDA: changes role from  FOLLOWER to CANDIDATE at term 0 for changeToCandidate
2019-10-02 23:01:52,175 [Thread-2347] INFO  impl.RoleInfo (RoleInfo.java:updateAndGet(143)) - f7037521-13a4-4bfd-b293-f77e87604f0e: start LeaderElection
2019-10-02 23:01:52,197 [f7037521-13a4-4bfd-b293-f77e87604f0e@group-61FA56604FDA-LeaderElection62] INFO  impl.LeaderElection (LeaderElection.java:askForVotes(178)) - f7037521-13a4-4bfd-b293-f77e87604f0e@group-61FA56604FDA-LeaderElection62: begin an election at term 1 for -1: [f7037521-13a4-4bfd-b293-f77e87604f0e:192.168.164.235:35540], old=null
2019-10-02 23:01:52,197 [f7037521-13a4-4bfd-b293-f77e87604f0e@group-61FA56604FDA-LeaderElection62] INFO  impl.RoleInfo (RoleInfo.java:shutdownLeaderElection(134)) - f7037521-13a4-4bfd-b293-f77e87604f0e: shutdown LeaderElection
2019-10-02 23:01:52,197 [f7037521-13a4-4bfd-b293-f77e87604f0e@group-61FA56604FDA-LeaderElection62] INFO  impl.RaftServerImpl (RaftServerImpl.java:setRole(170)) - f7037521-13a4-4bfd-b293-f77e87604f0e@group-61FA56604FDA: changes role from CANDIDATE to LEADER at term 1 for changeToLeader
2019-10-02 23:01:52,197 [f7037521-13a4-4bfd-b293-f77e87604f0e@group-61FA56604FDA-LeaderElection62] INFO  impl.RaftServerImpl (ServerState.java:setLeader(255)) - f7037521-13a4-4bfd-b293-f77e87604f0e@group-61FA56604FDA: change Leader from null to f7037521-13a4-4bfd-b293-f77e87604f0e at term 1 for becomeLeader, leader elected after 5162ms
2019-10-02 23:01:52,198 [f7037521-13a4-4bfd-b293-f77e87604f0e@group-61FA56604FDA-LeaderElection62] INFO  server.RaftServerConfigKeys (ConfUtils.java:logGet(43)) - raft.server.staging.catchup.gap = 1000 (default)
2019-10-02 23:01:52,198 [f7037521-13a4-4bfd-b293-f77e87604f0e@group-61FA56604FDA-LeaderElection62] INFO  server.RaftServerConfigKeys (ConfUtils.java:logGet(43)) - raft.server.rpc.sleep.time = 25ms (default)
2019-10-02 23:01:52,198 [f7037521-13a4-4bfd-b293-f77e87604f0e@group-61FA56604FDA-LeaderElection62] INFO  server.RaftServerConfigKeys (ConfUtils.java:logGet(43)) - raft.server.write.element-limit = 4096 (default)
2019-10-02 23:01:52,198 [f7037521-13a4-4bfd-b293-f77e87604f0e@group-61FA56604FDA-LeaderElection62] INFO  server.RaftServerConfigKeys (ConfUtils.java:logGet(43)) - raft.server.watch.timeout = 10s (default)
2019-10-02 23:01:52,198 [f7037521-13a4-4bfd-b293-f77e87604f0e@group-61FA56604FDA-LeaderElection62] INFO  server.RaftServerConfigKeys (ConfUtils.java:logGet(43)) - raft.server.watch.timeout.denomination = 1s (default)
2019-10-02 23:01:52,198 [f7037521-13a4-4bfd-b293-f77e87604f0e@group-61FA56604FDA-LeaderElection62] INFO  server.RaftServerConfigKeys (ConfUtils.java:logGet(43)) - raft.server.watch.element-limit = 65536 (default)
2019-10-02 23:01:52,199 [f7037521-13a4-4bfd-b293-f77e87604f0e@group-61FA56604FDA-LeaderElection62] INFO  impl.RoleInfo (RoleInfo.java:updateAndGet(143)) - f7037521-13a4-4bfd-b293-f77e87604f0e: start LeaderState
2019-10-02 23:01:52,200 [f7037521-13a4-4bfd-b293-f77e87604f0e@group-61FA56604FDA-LeaderElection62] INFO  segmented.SegmentedRaftLogWorker (SegmentedRaftLogWorker.java:startLogSegment(385)) - f7037521-13a4-4bfd-b293-f77e87604f0e@group-61FA56604FDA-SegmentedRaftLogWorker: Starting segment from index:0
2019-10-02 23:01:52,200 [f7037521-13a4-4bfd-b293-f77e87604f0e@group-61FA56604FDA-LeaderElection62] INFO  impl.RaftServerImpl (ServerState.java:setRaftConf(356)) - f7037521-13a4-4bfd-b293-f77e87604f0e@group-61FA56604FDA: set configuration 0: [f7037521-13a4-4bfd-b293-f77e87604f0e:192.168.164.235:35540], old=null at 0
2019-10-02 23:01:52,246 [f7037521-13a4-4bfd-b293-f77e87604f0e@group-61FA56604FDA-SegmentedRaftLogWorker] INFO  segmented.SegmentedRaftLogWorker (SegmentedRaftLogWorker.java:execute(574)) - f7037521-13a4-4bfd-b293-f77e87604f0e@group-61FA56604FDA-SegmentedRaftLogWorker: created new log segment /workdir/hadoop-ozone/integration-test/target/test-dir/MiniOzoneClusterImpl-44df2c2f-edbb-4bb1-a9d5-29c820e107ce/datanode-4/data/ratis/cece28c5-781e-4fac-9129-61fa56604fda/current/log_inprogress_0
2019-10-02 23:01:52,258 [Thread-2350] INFO  impl.FollowerState (FollowerState.java:run(108)) - 013f9890-2d82-4fd7-bb5d-cdbe07164617@group-158720EB8EA7-FollowerState: change to CANDIDATE, lastRpcTime:5167ms, electionTimeout:5167ms
2019-10-02 23:01:52,258 [Thread-2350] INFO  impl.RoleInfo (RoleInfo.java:shutdownFollowerState(121)) - 013f9890-2d82-4fd7-bb5d-cdbe07164617: shutdown FollowerState
2019-10-02 23:01:52,258 [Thread-2350] INFO  impl.RaftServerImpl (RaftServerImpl.java:setRole(170)) - 013f9890-2d82-4fd7-bb5d-cdbe07164617@group-158720EB8EA7: changes role from  FOLLOWER to CANDIDATE at term 0 for changeToCandidate
2019-10-02 23:01:52,258 [Thread-2350] INFO  impl.RoleInfo (RoleInfo.java:updateAndGet(143)) - 013f9890-2d82-4fd7-bb5d-cdbe07164617: start LeaderElection
2019-10-02 23:01:52,278 [013f9890-2d82-4fd7-bb5d-cdbe07164617@group-158720EB8EA7-LeaderElection63] INFO  impl.LeaderElection (LeaderElection.java:askForVotes(178)) - 013f9890-2d82-4fd7-bb5d-cdbe07164617@group-158720EB8EA7-LeaderElection63: begin an election at term 1 for -1: [013f9890-2d82-4fd7-bb5d-cdbe07164617:192.168.164.235:45630], old=null
2019-10-02 23:01:52,278 [013f9890-2d82-4fd7-bb5d-cdbe07164617@group-158720EB8EA7-LeaderElection63] INFO  impl.RoleInfo (RoleInfo.java:shutdownLeaderElection(134)) - 013f9890-2d82-4fd7-bb5d-cdbe07164617: shutdown LeaderElection
2019-10-02 23:01:52,278 [013f9890-2d82-4fd7-bb5d-cdbe07164617@group-158720EB8EA7-LeaderElection63] INFO  impl.RaftServerImpl (RaftServerImpl.java:setRole(170)) - 013f9890-2d82-4fd7-bb5d-cdbe07164617@group-158720EB8EA7: changes role from CANDIDATE to LEADER at term 1 for changeToLeader
2019-10-02 23:01:52,278 [013f9890-2d82-4fd7-bb5d-cdbe07164617@group-158720EB8EA7-LeaderElection63] INFO  impl.RaftServerImpl (ServerState.java:setLeader(255)) - 013f9890-2d82-4fd7-bb5d-cdbe07164617@group-158720EB8EA7: change Leader from null to 013f9890-2d82-4fd7-bb5d-cdbe07164617 at term 1 for becomeLeader, leader elected after 5194ms
2019-10-02 23:01:52,278 [013f9890-2d82-4fd7-bb5d-cdbe07164617@group-158720EB8EA7-LeaderElection63] INFO  server.RaftServerConfigKeys (ConfUtils.java:logGet(43)) - raft.server.staging.catchup.gap = 1000 (default)
2019-10-02 23:01:52,278 [013f9890-2d82-4fd7-bb5d-cdbe07164617@group-158720EB8EA7-LeaderElection63] INFO  server.RaftServerConfigKeys (ConfUtils.java:logGet(43)) - raft.server.rpc.sleep.time = 25ms (default)
2019-10-02 23:01:52,279 [013f9890-2d82-4fd7-bb5d-cdbe07164617@group-158720EB8EA7-LeaderElection63] INFO  server.RaftServerConfigKeys (ConfUtils.java:logGet(43)) - raft.server.write.element-limit = 4096 (default)
2019-10-02 23:01:52,279 [013f9890-2d82-4fd7-bb5d-cdbe07164617@group-158720EB8EA7-LeaderElection63] INFO  server.RaftServerConfigKeys (ConfUtils.java:logGet(43)) - raft.server.watch.timeout = 10s (default)
2019-10-02 23:01:52,279 [013f9890-2d82-4fd7-bb5d-cdbe07164617@group-158720EB8EA7-LeaderElection63] INFO  server.RaftServerConfigKeys (ConfUtils.java:logGet(43)) - raft.server.watch.timeout.denomination = 1s (default)
2019-10-02 23:01:52,279 [013f9890-2d82-4fd7-bb5d-cdbe07164617@group-158720EB8EA7-LeaderElection63] INFO  server.RaftServerConfigKeys (ConfUtils.java:logGet(43)) - raft.server.watch.element-limit = 65536 (default)
2019-10-02 23:01:52,280 [013f9890-2d82-4fd7-bb5d-cdbe07164617@group-158720EB8EA7-LeaderElection63] INFO  impl.RoleInfo (RoleInfo.java:updateAndGet(143)) - 013f9890-2d82-4fd7-bb5d-cdbe07164617: start LeaderState
2019-10-02 23:01:52,280 [013f9890-2d82-4fd7-bb5d-cdbe07164617@group-158720EB8EA7-LeaderElection63] INFO  segmented.SegmentedRaftLogWorker (SegmentedRaftLogWorker.java:startLogSegment(385)) - 013f9890-2d82-4fd7-bb5d-cdbe07164617@group-158720EB8EA7-SegmentedRaftLogWorker: Starting segment from index:0
2019-10-02 23:01:52,281 [013f9890-2d82-4fd7-bb5d-cdbe07164617@group-158720EB8EA7-LeaderElection63] INFO  impl.RaftServerImpl (ServerState.java:setRaftConf(356)) - 013f9890-2d82-4fd7-bb5d-cdbe07164617@group-158720EB8EA7: set configuration 0: [013f9890-2d82-4fd7-bb5d-cdbe07164617:192.168.164.235:45630], old=null at 0
2019-10-02 23:01:52,308 [Thread-2353] INFO  impl.FollowerState (FollowerState.java:run(108)) - f7037521-13a4-4bfd-b293-f77e87604f0e@group-E7FACD9D25C9-FollowerState: change to CANDIDATE, lastRpcTime:5146ms, electionTimeout:5127ms
2019-10-02 23:01:52,308 [Thread-2353] INFO  impl.RoleInfo (RoleInfo.java:shutdownFollowerState(121)) - f7037521-13a4-4bfd-b293-f77e87604f0e: shutdown FollowerState
2019-10-02 23:01:52,308 [Thread-2353] INFO  impl.RaftServerImpl (RaftServerImpl.java:setRole(170)) - f7037521-13a4-4bfd-b293-f77e87604f0e@group-E7FACD9D25C9: changes role from  FOLLOWER to CANDIDATE at term 0 for changeToCandidate
2019-10-02 23:01:52,308 [Thread-2353] INFO  impl.RoleInfo (RoleInfo.java:updateAndGet(143)) - f7037521-13a4-4bfd-b293-f77e87604f0e: start LeaderElection
2019-10-02 23:01:52,314 [Thread-2358] INFO  impl.FollowerState (FollowerState.java:run(108)) - 013f9890-2d82-4fd7-bb5d-cdbe07164617@group-E7FACD9D25C9-FollowerState: change to CANDIDATE, lastRpcTime:5148ms, electionTimeout:5146ms
2019-10-02 23:01:52,314 [Thread-2358] INFO  impl.RoleInfo (RoleInfo.java:shutdownFollowerState(121)) - 013f9890-2d82-4fd7-bb5d-cdbe07164617: shutdown FollowerState
2019-10-02 23:01:52,314 [Thread-2358] INFO  impl.RaftServerImpl (RaftServerImpl.java:setRole(170)) - 013f9890-2d82-4fd7-bb5d-cdbe07164617@group-E7FACD9D25C9: changes role from  FOLLOWER to CANDIDATE at term 0 for changeToCandidate
2019-10-02 23:01:52,317 [Thread-2358] INFO  impl.RoleInfo (RoleInfo.java:updateAndGet(143)) - 013f9890-2d82-4fd7-bb5d-cdbe07164617: start LeaderElection
2019-10-02 23:01:52,324 [013f9890-2d82-4fd7-bb5d-cdbe07164617@group-158720EB8EA7-SegmentedRaftLogWorker] INFO  segmented.SegmentedRaftLogWorker (SegmentedRaftLogWorker.java:execute(574)) - 013f9890-2d82-4fd7-bb5d-cdbe07164617@group-158720EB8EA7-SegmentedRaftLogWorker: created new log segment /workdir/hadoop-ozone/integration-test/target/test-dir/MiniOzoneClusterImpl-44df2c2f-edbb-4bb1-a9d5-29c820e107ce/datanode-5/data/ratis/f45b2e4d-7bd1-4b74-9d83-158720eb8ea7/current/log_inprogress_0
2019-10-02 23:01:52,325 [f7037521-13a4-4bfd-b293-f77e87604f0e@group-E7FACD9D25C9-LeaderElection64] INFO  impl.LeaderElection (LeaderElection.java:askForVotes(178)) - f7037521-13a4-4bfd-b293-f77e87604f0e@group-E7FACD9D25C9-LeaderElection64: begin an election at term 1 for -1: [ebb81ab3-8a18-487f-a36e-5e5af70411d8:192.168.164.235:39525, 013f9890-2d82-4fd7-bb5d-cdbe07164617:192.168.164.235:45630, f7037521-13a4-4bfd-b293-f77e87604f0e:192.168.164.235:35540], old=null
2019-10-02 23:01:52,339 [grpc-default-executor-2] INFO  impl.RaftServerImpl (RaftServerImpl.java:setRole(170)) - ebb81ab3-8a18-487f-a36e-5e5af70411d8@group-E7FACD9D25C9: changes role from  FOLLOWER to FOLLOWER at term 1 for recognizeCandidate:f7037521-13a4-4bfd-b293-f77e87604f0e
2019-10-02 23:01:52,339 [grpc-default-executor-2] INFO  impl.RoleInfo (RoleInfo.java:shutdownFollowerState(121)) - ebb81ab3-8a18-487f-a36e-5e5af70411d8: shutdown FollowerState
2019-10-02 23:01:52,339 [grpc-default-executor-2] INFO  impl.RoleInfo (RoleInfo.java:updateAndGet(143)) - ebb81ab3-8a18-487f-a36e-5e5af70411d8: start FollowerState
2019-10-02 23:01:52,339 [Thread-2357] INFO  impl.FollowerState (FollowerState.java:run(117)) - ebb81ab3-8a18-487f-a36e-5e5af70411d8@group-E7FACD9D25C9-FollowerState was interrupted: java.lang.InterruptedException: sleep interrupted
2019-10-02 23:01:52,346 [013f9890-2d82-4fd7-bb5d-cdbe07164617@group-E7FACD9D25C9-LeaderElection65] INFO  impl.LeaderElection (LeaderElection.java:askForVotes(178)) - 013f9890-2d82-4fd7-bb5d-cdbe07164617@group-E7FACD9D25C9-LeaderElection65: begin an election at term 1 for -1: [ebb81ab3-8a18-487f-a36e-5e5af70411d8:192.168.164.235:39525, 013f9890-2d82-4fd7-bb5d-cdbe07164617:192.168.164.235:45630, f7037521-13a4-4bfd-b293-f77e87604f0e:192.168.164.235:35540], old=null
2019-10-02 23:01:52,347 [f7037521-13a4-4bfd-b293-f77e87604f0e@group-E7FACD9D25C9-LeaderElection64] INFO  impl.LeaderElection (LeaderElection.java:logAndReturn(56)) - f7037521-13a4-4bfd-b293-f77e87604f0e@group-E7FACD9D25C9-LeaderElection64: Election PASSED; received 2 response(s) [f7037521-13a4-4bfd-b293-f77e87604f0e<-ebb81ab3-8a18-487f-a36e-5e5af70411d8#0:OK-t1, f7037521-13a4-4bfd-b293-f77e87604f0e<-013f9890-2d82-4fd7-bb5d-cdbe07164617#0:FAIL-t1] and 0 exception(s); f7037521-13a4-4bfd-b293-f77e87604f0e@group-E7FACD9D25C9:t1, leader=null, voted=f7037521-13a4-4bfd-b293-f77e87604f0e, raftlog=f7037521-13a4-4bfd-b293-f77e87604f0e@group-E7FACD9D25C9-SegmentedRaftLog:OPENED:c-1,f-1,i0, conf=-1: [ebb81ab3-8a18-487f-a36e-5e5af70411d8:192.168.164.235:39525, 013f9890-2d82-4fd7-bb5d-cdbe07164617:192.168.164.235:45630, f7037521-13a4-4bfd-b293-f77e87604f0e:192.168.164.235:35540], old=null
2019-10-02 23:01:52,347 [f7037521-13a4-4bfd-b293-f77e87604f0e@group-E7FACD9D25C9-LeaderElection64] INFO  impl.RoleInfo (RoleInfo.java:shutdownLeaderElection(134)) - f7037521-13a4-4bfd-b293-f77e87604f0e: shutdown LeaderElection
2019-10-02 23:01:52,348 [f7037521-13a4-4bfd-b293-f77e87604f0e@group-E7FACD9D25C9-LeaderElection64] INFO  impl.RaftServerImpl (RaftServerImpl.java:setRole(170)) - f7037521-13a4-4bfd-b293-f77e87604f0e@group-E7FACD9D25C9: changes role from CANDIDATE to LEADER at term 1 for changeToLeader
2019-10-02 23:01:52,348 [f7037521-13a4-4bfd-b293-f77e87604f0e@group-E7FACD9D25C9-LeaderElection64] INFO  impl.RaftServerImpl (ServerState.java:setLeader(255)) - f7037521-13a4-4bfd-b293-f77e87604f0e@group-E7FACD9D25C9: change Leader from null to f7037521-13a4-4bfd-b293-f77e87604f0e at term 1 for becomeLeader, leader elected after 5192ms
2019-10-02 23:01:52,348 [f7037521-13a4-4bfd-b293-f77e87604f0e@group-E7FACD9D25C9-LeaderElection64] INFO  server.RaftServerConfigKeys (ConfUtils.java:logGet(43)) - raft.server.staging.catchup.gap = 1000 (default)
2019-10-02 23:01:52,348 [f7037521-13a4-4bfd-b293-f77e87604f0e@group-E7FACD9D25C9-LeaderElection64] INFO  server.RaftServerConfigKeys (ConfUtils.java:logGet(43)) - raft.server.rpc.sleep.time = 25ms (default)
2019-10-02 23:01:52,348 [f7037521-13a4-4bfd-b293-f77e87604f0e@group-E7FACD9D25C9-LeaderElection64] INFO  server.RaftServerConfigKeys (ConfUtils.java:logGet(43)) - raft.server.write.element-limit = 4096 (default)
2019-10-02 23:01:52,348 [f7037521-13a4-4bfd-b293-f77e87604f0e@group-E7FACD9D25C9-LeaderElection64] INFO  server.RaftServerConfigKeys (ConfUtils.java:logGet(43)) - raft.server.watch.timeout = 10s (default)
2019-10-02 23:01:52,349 [f7037521-13a4-4bfd-b293-f77e87604f0e@group-E7FACD9D25C9-LeaderElection64] INFO  server.RaftServerConfigKeys (ConfUtils.java:logGet(43)) - raft.server.watch.timeout.denomination = 1s (default)
2019-10-02 23:01:52,349 [f7037521-13a4-4bfd-b293-f77e87604f0e@group-E7FACD9D25C9-LeaderElection64] INFO  server.RaftServerConfigKeys (ConfUtils.java:logGet(43)) - raft.server.watch.element-limit = 65536 (default)
2019-10-02 23:01:52,354 [f7037521-13a4-4bfd-b293-f77e87604f0e@group-E7FACD9D25C9-LeaderElection64] INFO  server.RaftServerConfigKeys (ConfUtils.java:logGet(43)) - raft.server.log.appender.snapshot.chunk.size.max = 16MB (=16777216) (default)
2019-10-02 23:01:52,354 [f7037521-13a4-4bfd-b293-f77e87604f0e@group-E7FACD9D25C9-LeaderElection64] INFO  server.RaftServerConfigKeys (ConfUtils.java:logGet(43)) - raft.server.log.appender.buffer.byte-limit = 33554432 (custom)
2019-10-02 23:01:52,354 [f7037521-13a4-4bfd-b293-f77e87604f0e@group-E7FACD9D25C9-LeaderElection64] INFO  server.RaftServerConfigKeys (ConfUtils.java:logGet(43)) - raft.server.log.appender.buffer.element-limit = 1 (custom)
2019-10-02 23:01:52,355 [f7037521-13a4-4bfd-b293-f77e87604f0e@group-E7FACD9D25C9-LeaderElection64] INFO  grpc.GrpcConfigKeys$Server (ConfUtils.java:logGet(43)) - raft.grpc.server.leader.outstanding.appends.max = 128 (default)
2019-10-02 23:01:52,355 [f7037521-13a4-4bfd-b293-f77e87604f0e@group-E7FACD9D25C9-LeaderElection64] INFO  server.RaftServerConfigKeys (ConfUtils.java:logGet(43)) - raft.server.rpc.request.timeout = 3000ms (default)
2019-10-02 23:01:52,355 [f7037521-13a4-4bfd-b293-f77e87604f0e@group-E7FACD9D25C9-LeaderElection64] INFO  server.RaftServerConfigKeys (ConfUtils.java:logGet(43)) - raft.server.log.appender.install.snapshot.enabled = false (custom)
2019-10-02 23:01:52,355 [f7037521-13a4-4bfd-b293-f77e87604f0e@group-E7FACD9D25C9-LeaderElection64] INFO  server.RaftServerConfigKeys (ConfUtils.java:logGet(43)) - raft.server.log.appender.snapshot.chunk.size.max = 16MB (=16777216) (default)
2019-10-02 23:01:52,355 [f7037521-13a4-4bfd-b293-f77e87604f0e@group-E7FACD9D25C9-LeaderElection64] INFO  server.RaftServerConfigKeys (ConfUtils.java:logGet(43)) - raft.server.log.appender.buffer.byte-limit = 33554432 (custom)
2019-10-02 23:01:52,356 [f7037521-13a4-4bfd-b293-f77e87604f0e@group-E7FACD9D25C9-LeaderElection64] INFO  server.RaftServerConfigKeys (ConfUtils.java:logGet(43)) - raft.server.log.appender.buffer.element-limit = 1 (custom)
2019-10-02 23:01:52,356 [f7037521-13a4-4bfd-b293-f77e87604f0e@group-E7FACD9D25C9-LeaderElection64] INFO  grpc.GrpcConfigKeys$Server (ConfUtils.java:logGet(43)) - raft.grpc.server.leader.outstanding.appends.max = 128 (default)
2019-10-02 23:01:52,356 [f7037521-13a4-4bfd-b293-f77e87604f0e@group-E7FACD9D25C9-LeaderElection64] INFO  server.RaftServerConfigKeys (ConfUtils.java:logGet(43)) - raft.server.rpc.request.timeout = 3000ms (default)
2019-10-02 23:01:52,356 [f7037521-13a4-4bfd-b293-f77e87604f0e@group-E7FACD9D25C9-LeaderElection64] INFO  server.RaftServerConfigKeys (ConfUtils.java:logGet(43)) - raft.server.log.appender.install.snapshot.enabled = false (custom)
2019-10-02 23:01:52,356 [f7037521-13a4-4bfd-b293-f77e87604f0e@group-E7FACD9D25C9-LeaderElection64] INFO  impl.RoleInfo (RoleInfo.java:updateAndGet(143)) - f7037521-13a4-4bfd-b293-f77e87604f0e: start LeaderState
2019-10-02 23:01:52,357 [f7037521-13a4-4bfd-b293-f77e87604f0e@group-E7FACD9D25C9-LeaderElection64] INFO  segmented.SegmentedRaftLogWorker (SegmentedRaftLogWorker.java:startLogSegment(385)) - f7037521-13a4-4bfd-b293-f77e87604f0e@group-E7FACD9D25C9-SegmentedRaftLogWorker: Starting segment from index:0
2019-10-02 23:01:52,357 [f7037521-13a4-4bfd-b293-f77e87604f0e@group-E7FACD9D25C9-LeaderElection64] INFO  impl.RaftServerImpl (ServerState.java:setRaftConf(356)) - f7037521-13a4-4bfd-b293-f77e87604f0e@group-E7FACD9D25C9: set configuration 0: [ebb81ab3-8a18-487f-a36e-5e5af70411d8:192.168.164.235:39525, 013f9890-2d82-4fd7-bb5d-cdbe07164617:192.168.164.235:45630, f7037521-13a4-4bfd-b293-f77e87604f0e:192.168.164.235:35540], old=null at 0
2019-10-02 23:01:52,358 [grpc-default-executor-1] INFO  impl.RaftServerImpl (RaftServerImpl.java:requestVote(754)) - f7037521-13a4-4bfd-b293-f77e87604f0e@group-E7FACD9D25C9-   LEADER: Withhold vote from candidate 013f9890-2d82-4fd7-bb5d-cdbe07164617 with term 1. State: leader=f7037521-13a4-4bfd-b293-f77e87604f0e, term=1, lastRpcElapsed=null
2019-10-02 23:01:52,358 [grpc-default-executor-1] INFO  impl.RaftServerImpl (RaftServerImpl.java:setRole(170)) - 013f9890-2d82-4fd7-bb5d-cdbe07164617@group-E7FACD9D25C9: changes role from CANDIDATE to FOLLOWER at term 1 for appendEntries
2019-10-02 23:01:52,358 [grpc-default-executor-1] INFO  impl.RoleInfo (RoleInfo.java:shutdownLeaderElection(134)) - 013f9890-2d82-4fd7-bb5d-cdbe07164617: shutdown LeaderElection
2019-10-02 23:01:52,359 [013f9890-2d82-4fd7-bb5d-cdbe07164617@group-E7FACD9D25C9-LeaderElection65] INFO  impl.LeaderElection (LeaderElection.java:logAndReturn(56)) - 013f9890-2d82-4fd7-bb5d-cdbe07164617@group-E7FACD9D25C9-LeaderElection65: Election REJECTED; received 2 response(s) [013f9890-2d82-4fd7-bb5d-cdbe07164617<-ebb81ab3-8a18-487f-a36e-5e5af70411d8#0:FAIL-t1, 013f9890-2d82-4fd7-bb5d-cdbe07164617<-f7037521-13a4-4bfd-b293-f77e87604f0e#0:FAIL-t1] and 0 exception(s); 013f9890-2d82-4fd7-bb5d-cdbe07164617@group-E7FACD9D25C9:t1, leader=null, voted=013f9890-2d82-4fd7-bb5d-cdbe07164617, raftlog=013f9890-2d82-4fd7-bb5d-cdbe07164617@group-E7FACD9D25C9-SegmentedRaftLog:OPENED:c-1,f-1,i0, conf=-1: [ebb81ab3-8a18-487f-a36e-5e5af70411d8:192.168.164.235:39525, 013f9890-2d82-4fd7-bb5d-cdbe07164617:192.168.164.235:45630, f7037521-13a4-4bfd-b293-f77e87604f0e:192.168.164.235:35540], old=null
2019-10-02 23:01:52,359 [grpc-default-executor-1] INFO  impl.RoleInfo (RoleInfo.java:updateAndGet(143)) - 013f9890-2d82-4fd7-bb5d-cdbe07164617: start FollowerState
2019-10-02 23:01:52,358 [grpc-default-executor-3] INFO  impl.RaftServerImpl (ServerState.java:setLeader(255)) - ebb81ab3-8a18-487f-a36e-5e5af70411d8@group-E7FACD9D25C9: change Leader from null to f7037521-13a4-4bfd-b293-f77e87604f0e at term 1 for appendEntries, leader elected after 5203ms
2019-10-02 23:01:52,359 [grpc-default-executor-1] INFO  impl.RaftServerImpl (ServerState.java:setLeader(255)) - 013f9890-2d82-4fd7-bb5d-cdbe07164617@group-E7FACD9D25C9: change Leader from null to f7037521-13a4-4bfd-b293-f77e87604f0e at term 1 for appendEntries, leader elected after 5203ms
2019-10-02 23:01:52,360 [grpc-default-executor-3] INFO  impl.RaftServerImpl (ServerState.java:setRaftConf(356)) - ebb81ab3-8a18-487f-a36e-5e5af70411d8@group-E7FACD9D25C9: set configuration 0: [ebb81ab3-8a18-487f-a36e-5e5af70411d8:192.168.164.235:39525, 013f9890-2d82-4fd7-bb5d-cdbe07164617:192.168.164.235:45630, f7037521-13a4-4bfd-b293-f77e87604f0e:192.168.164.235:35540], old=null at 0
2019-10-02 23:01:52,361 [grpc-default-executor-1] INFO  impl.RaftServerImpl (ServerState.java:setRaftConf(356)) - 013f9890-2d82-4fd7-bb5d-cdbe07164617@group-E7FACD9D25C9: set configuration 0: [ebb81ab3-8a18-487f-a36e-5e5af70411d8:192.168.164.235:39525, 013f9890-2d82-4fd7-bb5d-cdbe07164617:192.168.164.235:45630, f7037521-13a4-4bfd-b293-f77e87604f0e:192.168.164.235:35540], old=null at 0
2019-10-02 23:01:52,361 [grpc-default-executor-3] INFO  segmented.SegmentedRaftLogWorker (SegmentedRaftLogWorker.java:startLogSegment(385)) - ebb81ab3-8a18-487f-a36e-5e5af70411d8@group-E7FACD9D25C9-SegmentedRaftLogWorker: Starting segment from index:0
2019-10-02 23:01:52,361 [grpc-default-executor-1] INFO  segmented.SegmentedRaftLogWorker (SegmentedRaftLogWorker.java:startLogSegment(385)) - 013f9890-2d82-4fd7-bb5d-cdbe07164617@group-E7FACD9D25C9-SegmentedRaftLogWorker: Starting segment from index:0
2019-10-02 23:01:52,397 [013f9890-2d82-4fd7-bb5d-cdbe07164617@group-E7FACD9D25C9-SegmentedRaftLogWorker] INFO  segmented.SegmentedRaftLogWorker (SegmentedRaftLogWorker.java:execute(574)) - 013f9890-2d82-4fd7-bb5d-cdbe07164617@group-E7FACD9D25C9-SegmentedRaftLogWorker: created new log segment /workdir/hadoop-ozone/integration-test/target/test-dir/MiniOzoneClusterImpl-44df2c2f-edbb-4bb1-a9d5-29c820e107ce/datanode-5/data/ratis/967f9838-0895-4bfc-a734-e7facd9d25c9/current/log_inprogress_0
2019-10-02 23:01:52,397 [f7037521-13a4-4bfd-b293-f77e87604f0e@group-E7FACD9D25C9-SegmentedRaftLogWorker] INFO  segmented.SegmentedRaftLogWorker (SegmentedRaftLogWorker.java:execute(574)) - f7037521-13a4-4bfd-b293-f77e87604f0e@group-E7FACD9D25C9-SegmentedRaftLogWorker: created new log segment /workdir/hadoop-ozone/integration-test/target/test-dir/MiniOzoneClusterImpl-44df2c2f-edbb-4bb1-a9d5-29c820e107ce/datanode-4/data/ratis/967f9838-0895-4bfc-a734-e7facd9d25c9/current/log_inprogress_0
2019-10-02 23:01:52,399 [ebb81ab3-8a18-487f-a36e-5e5af70411d8@group-E7FACD9D25C9-SegmentedRaftLogWorker] INFO  segmented.SegmentedRaftLogWorker (SegmentedRaftLogWorker.java:execute(574)) - ebb81ab3-8a18-487f-a36e-5e5af70411d8@group-E7FACD9D25C9-SegmentedRaftLogWorker: created new log segment /workdir/hadoop-ozone/integration-test/target/test-dir/MiniOzoneClusterImpl-44df2c2f-edbb-4bb1-a9d5-29c820e107ce/datanode-3/data/ratis/967f9838-0895-4bfc-a734-e7facd9d25c9/current/log_inprogress_0
2019-10-02 23:01:52,954 [grpc-default-executor-4] WARN  server.GrpcLogAppender (LogUtils.java:warn(134)) - fcba0785-f97d-467b-bf4a-b8770d23999e@group-46A3ED0F2391->001004e8-1446-4815-8af8-275eb2e7f1ab-AppendLogResponseHandler: Failed appendEntries: org.apache.ratis.thirdparty.io.grpc.StatusRuntimeException: UNAVAILABLE: io exception
2019-10-02 23:01:52,954 [grpc-default-executor-2] WARN  server.GrpcLogAppender (LogUtils.java:warn(134)) - fcba0785-f97d-467b-bf4a-b8770d23999e@group-46A3ED0F2391->5a74c2cb-7fbd-45a4-bebb-7c3e07876900-AppendLogResponseHandler: Failed appendEntries: org.apache.ratis.thirdparty.io.grpc.StatusRuntimeException: UNAVAILABLE: io exception
2019-10-02 23:01:52,955 [grpc-default-executor-4] INFO  impl.FollowerInfo (FollowerInfo.java:lambda$new$0(51)) - fcba0785-f97d-467b-bf4a-b8770d23999e@group-46A3ED0F2391->001004e8-1446-4815-8af8-275eb2e7f1ab: nextIndex: updateUnconditionally 0 -> 0
2019-10-02 23:01:52,955 [grpc-default-executor-2] INFO  impl.FollowerInfo (FollowerInfo.java:lambda$new$0(51)) - fcba0785-f97d-467b-bf4a-b8770d23999e@group-46A3ED0F2391->5a74c2cb-7fbd-45a4-bebb-7c3e07876900: nextIndex: updateUnconditionally 0 -> 0
2019-10-02 23:01:53,445 [Datanode State Machine Thread - 0] INFO  statemachine.DatanodeStateMachine (DatanodeStateMachine.java:lambda$startDaemon$0(350)) - Ozone container server started.
2019-10-02 23:01:55,464 [grpc-default-executor-3] WARN  server.GrpcLogAppender (LogUtils.java:warn(134)) - fcba0785-f97d-467b-bf4a-b8770d23999e@group-46A3ED0F2391->001004e8-1446-4815-8af8-275eb2e7f1ab-AppendLogResponseHandler: Failed appendEntries: org.apache.ratis.thirdparty.io.grpc.StatusRuntimeException: UNAVAILABLE: io exception
2019-10-02 23:01:55,464 [grpc-default-executor-4] WARN  server.GrpcLogAppender (LogUtils.java:warn(134)) - fcba0785-f97d-467b-bf4a-b8770d23999e@group-46A3ED0F2391->5a74c2cb-7fbd-45a4-bebb-7c3e07876900-AppendLogResponseHandler: Failed appendEntries: org.apache.ratis.thirdparty.io.grpc.StatusRuntimeException: UNAVAILABLE: io exception
2019-10-02 23:01:55,465 [grpc-default-executor-4] INFO  impl.FollowerInfo (FollowerInfo.java:lambda$new$0(51)) - fcba0785-f97d-467b-bf4a-b8770d23999e@group-46A3ED0F2391->5a74c2cb-7fbd-45a4-bebb-7c3e07876900: nextIndex: updateUnconditionally 0 -> 0
2019-10-02 23:01:55,465 [grpc-default-executor-3] INFO  impl.FollowerInfo (FollowerInfo.java:lambda$new$0(51)) - fcba0785-f97d-467b-bf4a-b8770d23999e@group-46A3ED0F2391->001004e8-1446-4815-8af8-275eb2e7f1ab: nextIndex: updateUnconditionally 0 -> 0
2019-10-02 23:01:55,683 [Thread-2444] INFO  client.GrpcClientProtocolService (GrpcClientProtocolService.java:lambda$processClientRequest$0(278)) - Failed RaftClientRequest:client-5334CE9680B3->fcba0785-f97d-467b-bf4a-b8770d23999e@group-46A3ED0F2391, cid=68, seq=0, Watch-MAJORITY_COMMITTED(100), Message:<EMPTY>, reply=RaftClientReply:client-5334CE9680B3->fcba0785-f97d-467b-bf4a-b8770d23999e@group-46A3ED0F2391, cid=68, FAILED org.apache.ratis.protocol.NotReplicatedException: Request with call Id 68 and log index 100 is not yet replicated to MAJORITY_COMMITTED, logIndex=100, commits[fcba0785-f97d-467b-bf4a-b8770d23999e:c2, 5a74c2cb-7fbd-45a4-bebb-7c3e07876900:c2, 001004e8-1446-4815-8af8-275eb2e7f1ab:c2]
2019-10-02 23:01:57,223 [EventQueue-StaleNodeForStaleNodeHandler] INFO  node.StaleNodeHandler (StaleNodeHandler.java:onMessage(58)) - Datanode 001004e8-1446-4815-8af8-275eb2e7f1ab{ip: 192.168.164.235, host: pr-hdds-2226-secures3-kzjg4-641534921, networkLocation: /default-rack, certSerialId: null} moved to stale state. Finalizing its pipelines [PipelineID=b1a99dc4-a96c-4013-a8a8-46a3ed0f2391, PipelineID=31236243-ceda-4918-8ede-ee290a8ecc44]
2019-10-02 23:01:57,224 [EventQueue-StaleNodeForStaleNodeHandler] INFO  pipeline.SCMPipelineManager (SCMPipelineManager.java:finalizeAndDestroyPipeline(315)) - destroying pipeline:Pipeline[ Id: b1a99dc4-a96c-4013-a8a8-46a3ed0f2391, Nodes: 001004e8-1446-4815-8af8-275eb2e7f1ab{ip: 192.168.164.235, host: pr-hdds-2226-secures3-kzjg4-641534921, networkLocation: /default-rack, certSerialId: null}5a74c2cb-7fbd-45a4-bebb-7c3e07876900{ip: 192.168.164.235, host: pr-hdds-2226-secures3-kzjg4-641534921, networkLocation: /default-rack, certSerialId: null}fcba0785-f97d-467b-bf4a-b8770d23999e{ip: 192.168.164.235, host: pr-hdds-2226-secures3-kzjg4-641534921, networkLocation: /default-rack, certSerialId: null}, Type:RATIS, Factor:THREE, State:OPEN]
2019-10-02 23:01:57,224 [EventQueue-StaleNodeForStaleNodeHandler] INFO  pipeline.PipelineStateManager (PipelineStateManager.java:finalizePipeline(123)) - Pipeline Pipeline[ Id: b1a99dc4-a96c-4013-a8a8-46a3ed0f2391, Nodes: 001004e8-1446-4815-8af8-275eb2e7f1ab{ip: 192.168.164.235, host: pr-hdds-2226-secures3-kzjg4-641534921, networkLocation: /default-rack, certSerialId: null}5a74c2cb-7fbd-45a4-bebb-7c3e07876900{ip: 192.168.164.235, host: pr-hdds-2226-secures3-kzjg4-641534921, networkLocation: /default-rack, certSerialId: null}fcba0785-f97d-467b-bf4a-b8770d23999e{ip: 192.168.164.235, host: pr-hdds-2226-secures3-kzjg4-641534921, networkLocation: /default-rack, certSerialId: null}, Type:RATIS, Factor:THREE, State:CLOSED] moved to CLOSED state
2019-10-02 23:01:57,225 [EventQueue-CloseContainerForCloseContainerEventHandler] INFO  container.CloseContainerEventHandler (CloseContainerEventHandler.java:onMessage(61)) - Close container Event triggered for container : #1
2019-10-02 23:01:57,225 [EventQueue-StaleNodeForStaleNodeHandler] INFO  pipeline.SCMPipelineManager (SCMPipelineManager.java:finalizeAndDestroyPipeline(315)) - destroying pipeline:Pipeline[ Id: 31236243-ceda-4918-8ede-ee290a8ecc44, Nodes: 001004e8-1446-4815-8af8-275eb2e7f1ab{ip: 192.168.164.235, host: pr-hdds-2226-secures3-kzjg4-641534921, networkLocation: /default-rack, certSerialId: null}, Type:RATIS, Factor:ONE, State:OPEN]
2019-10-02 23:01:57,226 [EventQueue-StaleNodeForStaleNodeHandler] INFO  pipeline.PipelineStateManager (PipelineStateManager.java:finalizePipeline(123)) - Pipeline Pipeline[ Id: 31236243-ceda-4918-8ede-ee290a8ecc44, Nodes: 001004e8-1446-4815-8af8-275eb2e7f1ab{ip: 192.168.164.235, host: pr-hdds-2226-secures3-kzjg4-641534921, networkLocation: /default-rack, certSerialId: null}, Type:RATIS, Factor:ONE, State:CLOSED] moved to CLOSED state
2019-10-02 23:01:57,466 [main] INFO  ozoneimpl.OzoneContainer (OzoneContainer.java:stop(231)) - Attempting to stop container services.
2019-10-02 23:01:57,467 [main] INFO  impl.RaftServerProxy (RaftServerProxy.java:lambda$close$4(314)) - d6e7be57-e0eb-47de-9048-9bb8c654df67: close
2019-10-02 23:01:57,468 [main] INFO  impl.RaftServerImpl (RaftServerImpl.java:lambda$shutdown$3(247)) - d6e7be57-e0eb-47de-9048-9bb8c654df67@group-C91AC6D6877B: shutdown
2019-10-02 23:01:57,468 [ForkJoinPool.commonPool-worker-1] INFO  impl.RaftServerImpl (RaftServerImpl.java:lambda$shutdown$3(247)) - d6e7be57-e0eb-47de-9048-9bb8c654df67@group-951AC334413F: shutdown
2019-10-02 23:01:57,468 [main] INFO  util.JmxRegister (JmxRegister.java:unregister(73)) - Successfully un-registered JMX Bean with object name Ratis:service=RaftServer,group=group-C91AC6D6877B,id=d6e7be57-e0eb-47de-9048-9bb8c654df67
2019-10-02 23:01:57,468 [ForkJoinPool.commonPool-worker-1] INFO  util.JmxRegister (JmxRegister.java:unregister(73)) - Successfully un-registered JMX Bean with object name Ratis:service=RaftServer,group=group-951AC334413F,id=d6e7be57-e0eb-47de-9048-9bb8c654df67
2019-10-02 23:01:57,469 [main] INFO  impl.RoleInfo (RoleInfo.java:shutdownFollowerState(121)) - d6e7be57-e0eb-47de-9048-9bb8c654df67: shutdown FollowerState
2019-10-02 23:01:57,469 [ForkJoinPool.commonPool-worker-1] INFO  impl.RoleInfo (RoleInfo.java:shutdownLeaderState(104)) - d6e7be57-e0eb-47de-9048-9bb8c654df67: shutdown LeaderState
2019-10-02 23:01:57,469 [main] INFO  impl.StateMachineUpdater (StateMachineUpdater.java:stopAndJoin(136)) - d6e7be57-e0eb-47de-9048-9bb8c654df67@group-C91AC6D6877B-StateMachineUpdater: set stopIndex = 2
2019-10-02 23:01:57,470 [ForkJoinPool.commonPool-worker-1] INFO  impl.PendingRequests (PendingRequests.java:sendNotLeaderResponses(202)) - d6e7be57-e0eb-47de-9048-9bb8c654df67@group-951AC334413F-PendingRequests: sendNotLeaderResponses
2019-10-02 23:01:57,470 [d6e7be57-e0eb-47de-9048-9bb8c654df67@group-C91AC6D6877B-StateMachineUpdater] INFO  ratis.ContainerStateMachine (ContainerStateMachine.java:takeSnapshot(289)) - group-C91AC6D6877B: Taking a snapshot at:(t:1, i:1) file /workdir/hadoop-ozone/integration-test/target/test-dir/MiniOzoneClusterImpl-44df2c2f-edbb-4bb1-a9d5-29c820e107ce/datanode-1/data/ratis/e2f43bc9-4ca1-4257-b2aa-c91ac6d6877b/sm/snapshot.1_1
2019-10-02 23:01:57,469 [Thread-2385] INFO  impl.FollowerState (FollowerState.java:run(117)) - d6e7be57-e0eb-47de-9048-9bb8c654df67@group-C91AC6D6877B-FollowerState was interrupted: java.lang.InterruptedException: sleep interrupted
2019-10-02 23:01:57,470 [ForkJoinPool.commonPool-worker-1] INFO  impl.StateMachineUpdater (StateMachineUpdater.java:stopAndJoin(136)) - d6e7be57-e0eb-47de-9048-9bb8c654df67@group-951AC334413F-StateMachineUpdater: set stopIndex = 0
2019-10-02 23:01:57,478 [ForkJoinPool.commonPool-worker-1] INFO  impl.RaftServerImpl (ServerState.java:close(387)) - d6e7be57-e0eb-47de-9048-9bb8c654df67@group-951AC334413F: closes. applyIndex: 0
2019-10-02 23:01:57,478 [d6e7be57-e0eb-47de-9048-9bb8c654df67@group-951AC334413F-SegmentedRaftLogWorker] INFO  segmented.SegmentedRaftLogWorker (SegmentedRaftLogWorker.java:run(316)) - d6e7be57-e0eb-47de-9048-9bb8c654df67@group-951AC334413F-SegmentedRaftLogWorker was interrupted, exiting. There are 0 tasks remaining in the queue.
2019-10-02 23:01:57,482 [ForkJoinPool.commonPool-worker-1] INFO  segmented.SegmentedRaftLogWorker (SegmentedRaftLogWorker.java:close(224)) - d6e7be57-e0eb-47de-9048-9bb8c654df67@group-951AC334413F-SegmentedRaftLogWorker close()
2019-10-02 23:01:57,486 [d6e7be57-e0eb-47de-9048-9bb8c654df67@group-C91AC6D6877B-StateMachineUpdater] INFO  ratis.ContainerStateMachine (ContainerStateMachine.java:takeSnapshot(300)) - group-C91AC6D6877B: Finished taking a snapshot at:(t:1, i:1) file:/workdir/hadoop-ozone/integration-test/target/test-dir/MiniOzoneClusterImpl-44df2c2f-edbb-4bb1-a9d5-29c820e107ce/datanode-1/data/ratis/e2f43bc9-4ca1-4257-b2aa-c91ac6d6877b/sm/snapshot.1_1 time:16
2019-10-02 23:01:57,490 [d6e7be57-e0eb-47de-9048-9bb8c654df67@group-C91AC6D6877B-StateMachineUpdater] INFO  impl.StateMachineUpdater (StateMachineUpdater.java:takeSnapshot(269)) - d6e7be57-e0eb-47de-9048-9bb8c654df67@group-C91AC6D6877B-StateMachineUpdater: Took a snapshot at index 1
2019-10-02 23:01:57,491 [d6e7be57-e0eb-47de-9048-9bb8c654df67@group-C91AC6D6877B-StateMachineUpdater] INFO  impl.StateMachineUpdater (StateMachineUpdater.java:lambda$new$0(84)) - d6e7be57-e0eb-47de-9048-9bb8c654df67@group-C91AC6D6877B-StateMachineUpdater: snapshotIndex: updateIncreasingly -1 -> 1
2019-10-02 23:01:57,491 [d6e7be57-e0eb-47de-9048-9bb8c654df67@group-C91AC6D6877B-StateMachineUpdater] INFO  ratis.ContainerStateMachine (ContainerStateMachine.java:takeSnapshot(289)) - group-C91AC6D6877B: Taking a snapshot at:(t:1, i:1) file /workdir/hadoop-ozone/integration-test/target/test-dir/MiniOzoneClusterImpl-44df2c2f-edbb-4bb1-a9d5-29c820e107ce/datanode-1/data/ratis/e2f43bc9-4ca1-4257-b2aa-c91ac6d6877b/sm/snapshot.1_1
2019-10-02 23:01:57,503 [d6e7be57-e0eb-47de-9048-9bb8c654df67@group-C91AC6D6877B-StateMachineUpdater] INFO  ratis.ContainerStateMachine (ContainerStateMachine.java:takeSnapshot(300)) - group-C91AC6D6877B: Finished taking a snapshot at:(t:1, i:1) file:/workdir/hadoop-ozone/integration-test/target/test-dir/MiniOzoneClusterImpl-44df2c2f-edbb-4bb1-a9d5-29c820e107ce/datanode-1/data/ratis/e2f43bc9-4ca1-4257-b2aa-c91ac6d6877b/sm/snapshot.1_1 time:12
2019-10-02 23:01:57,503 [d6e7be57-e0eb-47de-9048-9bb8c654df67@group-C91AC6D6877B-StateMachineUpdater] INFO  impl.StateMachineUpdater (StateMachineUpdater.java:takeSnapshot(269)) - d6e7be57-e0eb-47de-9048-9bb8c654df67@group-C91AC6D6877B-StateMachineUpdater: Took a snapshot at index 1
2019-10-02 23:01:57,503 [d6e7be57-e0eb-47de-9048-9bb8c654df67@group-C91AC6D6877B-StateMachineUpdater] INFO  impl.StateMachineUpdater (StateMachineUpdater.java:lambda$new$0(84)) - d6e7be57-e0eb-47de-9048-9bb8c654df67@group-C91AC6D6877B-StateMachineUpdater: snapshotIndex: updateIncreasingly 1 -> 1
2019-10-02 23:01:57,504 [main] INFO  impl.RaftServerImpl (ServerState.java:close(387)) - d6e7be57-e0eb-47de-9048-9bb8c654df67@group-C91AC6D6877B: closes. applyIndex: 2
2019-10-02 23:01:57,504 [d6e7be57-e0eb-47de-9048-9bb8c654df67@group-C91AC6D6877B-SegmentedRaftLogWorker] INFO  segmented.SegmentedRaftLogWorker (SegmentedRaftLogWorker.java:run(316)) - d6e7be57-e0eb-47de-9048-9bb8c654df67@group-C91AC6D6877B-SegmentedRaftLogWorker was interrupted, exiting. There are 0 tasks remaining in the queue.
2019-10-02 23:01:57,508 [main] INFO  segmented.SegmentedRaftLogWorker (SegmentedRaftLogWorker.java:close(224)) - d6e7be57-e0eb-47de-9048-9bb8c654df67@group-C91AC6D6877B-SegmentedRaftLogWorker close()
2019-10-02 23:01:57,514 [main] INFO  server.GrpcService (GrpcService.java:closeImpl(164)) - d6e7be57-e0eb-47de-9048-9bb8c654df67: shutdown server with port 43926 now
2019-10-02 23:01:57,515 [grpc-default-executor-4] WARN  server.GrpcServerProtocolService (LogUtils.java:warn(134)) - d6e7be57-e0eb-47de-9048-9bb8c654df67: installSnapshot onError, lastRequest: 9c880452-8db4-4c33-8095-590e060cc885->d6e7be57-e0eb-47de-9048-9bb8c654df67#5-t1, previous=(t:1, i:2), leaderCommit=2, initializing? false, entries: <empty>: org.apache.ratis.thirdparty.io.grpc.StatusRuntimeException: CANCELLED: cancelled before receiving half close
2019-10-02 23:01:57,515 [main] INFO  server.GrpcService (GrpcService.java:closeImpl(172)) - d6e7be57-e0eb-47de-9048-9bb8c654df67: shutdown server with port 43926 successfully
2019-10-02 23:01:57,516 [grpc-default-executor-2] WARN  server.GrpcLogAppender (LogUtils.java:warn(134)) - 9c880452-8db4-4c33-8095-590e060cc885@group-C91AC6D6877B->d6e7be57-e0eb-47de-9048-9bb8c654df67-AppendLogResponseHandler: Failed appendEntries: org.apache.ratis.thirdparty.io.grpc.StatusRuntimeException: CANCELLED: HTTP/2 error code: CANCEL
Received Rst Stream
2019-10-02 23:01:57,517 [grpc-default-executor-2] INFO  impl.FollowerInfo (FollowerInfo.java:lambda$new$0(51)) - 9c880452-8db4-4c33-8095-590e060cc885@group-C91AC6D6877B->d6e7be57-e0eb-47de-9048-9bb8c654df67: nextIndex: updateUnconditionally 3 -> 2
2019-10-02 23:01:57,518 [refreshUsed-/workdir/hadoop-ozone/integration-test/target/test-dir/MiniOzoneClusterImpl-44df2c2f-edbb-4bb1-a9d5-29c820e107ce/datanode-1/data/containers] WARN  fs.CachingGetSpaceUsed (CachingGetSpaceUsed.java:run(183)) - Thread Interrupted waiting to refresh disk information: sleep interrupted
2019-10-02 23:01:57,542 [main] INFO  utils.BackgroundService (BackgroundService.java:shutdown(148)) - Shutting down service BlockDeletingService
2019-10-02 23:01:57,551 [main] INFO  statemachine.DatanodeStateMachine (DatanodeStateMachine.java:stopDaemon(395)) - Ozone container server stopped.
2019-10-02 23:01:57,552 [main] INFO  handler.ContextHandler (ContextHandler.java:doStop(910)) - Stopped o.e.j.w.WebAppContext@437ed416{/,null,UNAVAILABLE}{/hddsDatanode}
2019-10-02 23:01:57,553 [main] INFO  server.AbstractConnector (AbstractConnector.java:doStop(318)) - Stopped ServerConnector@11f23038{HTTP/1.1,[http/1.1]}{0.0.0.0:0}
2019-10-02 23:01:57,554 [main] INFO  handler.ContextHandler (ContextHandler.java:doStop(910)) - Stopped o.e.j.s.ServletContextHandler@119290b9{/static,jar:file:/home/user/.m2/repository/org/apache/hadoop/hadoop-hdds-container-service/0.5.0-SNAPSHOT/hadoop-hdds-container-service-0.5.0-SNAPSHOT.jar!/webapps/static,UNAVAILABLE}
2019-10-02 23:01:57,554 [main] INFO  handler.ContextHandler (ContextHandler.java:doStop(910)) - Stopped o.e.j.s.ServletContextHandler@4dc52559{/logs,file:///workdir/hadoop-ozone/integration-test/target/log,UNAVAILABLE}
2019-10-02 23:01:57,566 [grpc-default-executor-2] WARN  server.GrpcLogAppender (LogUtils.java:warn(134)) - 9c880452-8db4-4c33-8095-590e060cc885@group-C91AC6D6877B->d6e7be57-e0eb-47de-9048-9bb8c654df67-AppendLogResponseHandler: Failed appendEntries: org.apache.ratis.thirdparty.io.grpc.StatusRuntimeException: UNAVAILABLE: io exception
2019-10-02 23:01:57,567 [grpc-default-executor-2] INFO  impl.FollowerInfo (FollowerInfo.java:lambda$new$0(51)) - 9c880452-8db4-4c33-8095-590e060cc885@group-C91AC6D6877B->d6e7be57-e0eb-47de-9048-9bb8c654df67: nextIndex: updateUnconditionally 3 -> 2
2019-10-02 23:01:57,577 [grpc-default-executor-3] WARN  server.GrpcLogAppender (LogUtils.java:warn(134)) - 9c880452-8db4-4c33-8095-590e060cc885@group-C91AC6D6877B->d6e7be57-e0eb-47de-9048-9bb8c654df67-AppendLogResponseHandler: Failed appendEntries: org.apache.ratis.thirdparty.io.grpc.StatusRuntimeException: UNAVAILABLE: io exception
2019-10-02 23:01:57,578 [grpc-default-executor-3] INFO  impl.FollowerInfo (FollowerInfo.java:lambda$new$0(51)) - 9c880452-8db4-4c33-8095-590e060cc885@group-C91AC6D6877B->d6e7be57-e0eb-47de-9048-9bb8c654df67: nextIndex: updateUnconditionally 3 -> 2
2019-10-02 23:01:57,581 [grpc-default-executor-2] WARN  server.GrpcLogAppender (LogUtils.java:warn(134)) - 9c880452-8db4-4c33-8095-590e060cc885@group-C91AC6D6877B->d6e7be57-e0eb-47de-9048-9bb8c654df67-AppendLogResponseHandler: Failed appendEntries: org.apache.ratis.thirdparty.io.grpc.StatusRuntimeException: UNAVAILABLE: io exception
2019-10-02 23:01:57,581 [grpc-default-executor-2] INFO  impl.FollowerInfo (FollowerInfo.java:lambda$new$0(51)) - 9c880452-8db4-4c33-8095-590e060cc885@group-C91AC6D6877B->d6e7be57-e0eb-47de-9048-9bb8c654df67: nextIndex: updateUnconditionally 3 -> 2
2019-10-02 23:01:57,586 [EventQueue-IncrementalContainerReportForIncrementalContainerReportHandler] WARN  container.IncrementalContainerReportHandler (AbstractContainerReportHandler.java:updateContainerState(143)) - Container #1 is in OPEN state, but the datanode b1796d5d-d8ec-445b-befa-35d912d48cea{ip: 192.168.164.235, host: pr-hdds-2226-secures3-kzjg4-641534921, networkLocation: /default-rack, certSerialId: null} reports an CLOSING replica.
2019-10-02 23:01:57,586 [EventQueue-IncrementalContainerReportForIncrementalContainerReportHandler] WARN  container.IncrementalContainerReportHandler (AbstractContainerReportHandler.java:updateContainerState(143)) - Container #1 is in OPEN state, but the datanode 9c880452-8db4-4c33-8095-590e060cc885{ip: 192.168.164.235, host: pr-hdds-2226-secures3-kzjg4-641534921, networkLocation: /default-rack, certSerialId: null} reports an CLOSING replica.
2019-10-02 23:01:57,608 [RatisApplyTransactionExecutor 1] INFO  interfaces.Container (KeyValueContainer.java:flushAndSyncDB(386)) - Container 1 is synced with bcsId 0.
2019-10-02 23:01:57,626 [RatisApplyTransactionExecutor 1] INFO  interfaces.Container (KeyValueContainer.java:flushAndSyncDB(386)) - Container 1 is synced with bcsId 0.
2019-10-02 23:01:57,628 [RatisApplyTransactionExecutor 1] INFO  interfaces.Container (KeyValueContainer.java:flushAndSyncDB(386)) - Container 1 is synced with bcsId 0.
2019-10-02 23:01:57,628 [RatisApplyTransactionExecutor 1] INFO  interfaces.Container (KeyValueContainer.java:flushAndSyncDB(386)) - Container 1 is synced with bcsId 0.
2019-10-02 23:01:57,632 [RatisApplyTransactionExecutor 1] INFO  interfaces.Container (KeyValueContainer.java:close(335)) - Container 1 is closed with bcsId 0.
2019-10-02 23:01:57,636 [RatisApplyTransactionExecutor 1] INFO  interfaces.Container (KeyValueContainer.java:close(335)) - Container 1 is closed with bcsId 0.
2019-10-02 23:01:57,636 [EventQueue-IncrementalContainerReportForIncrementalContainerReportHandler] WARN  container.IncrementalContainerReportHandler (AbstractContainerReportHandler.java:updateContainerState(143)) - Container #1 is in OPEN state, but the datanode b1796d5d-d8ec-445b-befa-35d912d48cea{ip: 192.168.164.235, host: pr-hdds-2226-secures3-kzjg4-641534921, networkLocation: /default-rack, certSerialId: null} reports an CLOSED replica.
2019-10-02 23:01:57,645 [EventQueue-IncrementalContainerReportForIncrementalContainerReportHandler] WARN  container.IncrementalContainerReportHandler (AbstractContainerReportHandler.java:updateContainerState(143)) - Container #1 is in OPEN state, but the datanode 9c880452-8db4-4c33-8095-590e060cc885{ip: 192.168.164.235, host: pr-hdds-2226-secures3-kzjg4-641534921, networkLocation: /default-rack, certSerialId: null} reports an CLOSED replica.
2019-10-02 23:01:57,964 [grpc-default-executor-3] WARN  server.GrpcLogAppender (LogUtils.java:warn(134)) - fcba0785-f97d-467b-bf4a-b8770d23999e@group-46A3ED0F2391->5a74c2cb-7fbd-45a4-bebb-7c3e07876900-AppendLogResponseHandler: Failed appendEntries: org.apache.ratis.thirdparty.io.grpc.StatusRuntimeException: UNAVAILABLE: io exception
2019-10-02 23:01:57,964 [grpc-default-executor-2] WARN  server.GrpcLogAppender (LogUtils.java:warn(134)) - fcba0785-f97d-467b-bf4a-b8770d23999e@group-46A3ED0F2391->001004e8-1446-4815-8af8-275eb2e7f1ab-AppendLogResponseHandler: Failed appendEntries: org.apache.ratis.thirdparty.io.grpc.StatusRuntimeException: UNAVAILABLE: io exception
2019-10-02 23:01:57,964 [grpc-default-executor-3] INFO  impl.FollowerInfo (FollowerInfo.java:lambda$new$0(51)) - fcba0785-f97d-467b-bf4a-b8770d23999e@group-46A3ED0F2391->5a74c2cb-7fbd-45a4-bebb-7c3e07876900: nextIndex: updateUnconditionally 0 -> 0
2019-10-02 23:01:57,964 [grpc-default-executor-2] INFO  impl.FollowerInfo (FollowerInfo.java:lambda$new$0(51)) - fcba0785-f97d-467b-bf4a-b8770d23999e@group-46A3ED0F2391->001004e8-1446-4815-8af8-275eb2e7f1ab: nextIndex: updateUnconditionally 0 -> 0
2019-10-02 23:01:59,991 [grpc-default-executor-1] WARN  server.GrpcLogAppender (LogUtils.java:warn(134)) - fcba0785-f97d-467b-bf4a-b8770d23999e@group-46A3ED0F2391->5a74c2cb-7fbd-45a4-bebb-7c3e07876900-AppendLogResponseHandler: Failed appendEntries: org.apache.ratis.thirdparty.io.grpc.StatusRuntimeException: UNAVAILABLE: io exception
2019-10-02 23:01:59,991 [grpc-default-executor-2] WARN  server.GrpcLogAppender (LogUtils.java:warn(134)) - fcba0785-f97d-467b-bf4a-b8770d23999e@group-46A3ED0F2391->001004e8-1446-4815-8af8-275eb2e7f1ab-AppendLogResponseHandler: Failed appendEntries: org.apache.ratis.thirdparty.io.grpc.StatusRuntimeException: UNAVAILABLE: io exception
2019-10-02 23:01:59,991 [grpc-default-executor-1] INFO  impl.FollowerInfo (FollowerInfo.java:lambda$new$0(51)) - fcba0785-f97d-467b-bf4a-b8770d23999e@group-46A3ED0F2391->5a74c2cb-7fbd-45a4-bebb-7c3e07876900: nextIndex: updateUnconditionally 1 -> 0
2019-10-02 23:01:59,992 [grpc-default-executor-2] INFO  impl.FollowerInfo (FollowerInfo.java:lambda$new$0(51)) - fcba0785-f97d-467b-bf4a-b8770d23999e@group-46A3ED0F2391->001004e8-1446-4815-8af8-275eb2e7f1ab: nextIndex: updateUnconditionally 1 -> 0
2019-10-02 23:02:00,081 [grpc-default-executor-1] WARN  server.GrpcLogAppender (LogUtils.java:warn(134)) - 9c880452-8db4-4c33-8095-590e060cc885@group-C91AC6D6877B->d6e7be57-e0eb-47de-9048-9bb8c654df67-AppendLogResponseHandler: Failed appendEntries: org.apache.ratis.thirdparty.io.grpc.StatusRuntimeException: UNAVAILABLE: io exception
2019-10-02 23:02:00,087 [grpc-default-executor-1] INFO  impl.FollowerInfo (FollowerInfo.java:lambda$new$0(51)) - 9c880452-8db4-4c33-8095-590e060cc885@group-C91AC6D6877B->d6e7be57-e0eb-47de-9048-9bb8c654df67: nextIndex: updateUnconditionally 2 -> 1
2019-10-02 23:02:00,667 [main] WARN  scm.XceiverClientRatis (XceiverClientRatis.java:watchForCommit(292)) - 3 way commit failed on pipeline Pipeline[ Id: e2f43bc9-4ca1-4257-b2aa-c91ac6d6877b, Nodes: d6e7be57-e0eb-47de-9048-9bb8c654df67{ip: 192.168.164.235, host: pr-hdds-2226-secures3-kzjg4-641534921, networkLocation: /default-rack, certSerialId: null}b1796d5d-d8ec-445b-befa-35d912d48cea{ip: 192.168.164.235, host: pr-hdds-2226-secures3-kzjg4-641534921, networkLocation: /default-rack, certSerialId: null}9c880452-8db4-4c33-8095-590e060cc885{ip: 192.168.164.235, host: pr-hdds-2226-secures3-kzjg4-641534921, networkLocation: /default-rack, certSerialId: null}, Type:RATIS, Factor:THREE, State:OPEN]
java.util.concurrent.TimeoutException
	at java.util.concurrent.CompletableFuture.timedGet(CompletableFuture.java:1771)
	at java.util.concurrent.CompletableFuture.get(CompletableFuture.java:1915)
	at org.apache.hadoop.hdds.scm.XceiverClientRatis.watchForCommit(XceiverClientRatis.java:289)
	at org.apache.hadoop.ozone.client.rpc.TestWatchForCommit.test2WayCommitForTimeoutException(TestWatchForCommit.java:391)
	at sun.reflect.NativeMethodAccessorImpl.invoke0(Native Method)
	at sun.reflect.NativeMethodAccessorImpl.invoke(NativeMethodAccessorImpl.java:62)
	at sun.reflect.DelegatingMethodAccessorImpl.invoke(DelegatingMethodAccessorImpl.java:43)
	at java.lang.reflect.Method.invoke(Method.java:498)
	at org.junit.runners.model.FrameworkMethod$1.runReflectiveCall(FrameworkMethod.java:47)
	at org.junit.internal.runners.model.ReflectiveCallable.run(ReflectiveCallable.java:12)
	at org.junit.runners.model.FrameworkMethod.invokeExplosively(FrameworkMethod.java:44)
	at org.junit.internal.runners.statements.InvokeMethod.evaluate(InvokeMethod.java:17)
	at org.junit.runners.ParentRunner.runLeaf(ParentRunner.java:271)
	at org.junit.runners.BlockJUnit4ClassRunner.runChild(BlockJUnit4ClassRunner.java:70)
	at org.junit.runners.BlockJUnit4ClassRunner.runChild(BlockJUnit4ClassRunner.java:50)
	at org.junit.runners.ParentRunner$3.run(ParentRunner.java:238)
	at org.junit.runners.ParentRunner$1.schedule(ParentRunner.java:63)
	at org.junit.runners.ParentRunner.runChildren(ParentRunner.java:236)
	at org.junit.runners.ParentRunner.access$000(ParentRunner.java:53)
	at org.junit.runners.ParentRunner$2.evaluate(ParentRunner.java:229)
	at org.junit.runners.ParentRunner.run(ParentRunner.java:309)
	at org.apache.maven.surefire.junit4.JUnit4Provider.execute(JUnit4Provider.java:365)
	at org.apache.maven.surefire.junit4.JUnit4Provider.executeWithRerun(JUnit4Provider.java:273)
	at org.apache.maven.surefire.junit4.JUnit4Provider.executeTestSet(JUnit4Provider.java:238)
	at org.apache.maven.surefire.junit4.JUnit4Provider.invoke(JUnit4Provider.java:159)
	at org.apache.maven.surefire.booter.ForkedBooter.invokeProviderInSameClassLoader(ForkedBooter.java:384)
	at org.apache.maven.surefire.booter.ForkedBooter.runSuitesInProcess(ForkedBooter.java:345)
	at org.apache.maven.surefire.booter.ForkedBooter.execute(ForkedBooter.java:126)
	at org.apache.maven.surefire.booter.ForkedBooter.main(ForkedBooter.java:418)
2019-10-02 23:02:00,684 [Thread-2466] INFO  client.GrpcClientProtocolService (GrpcClientProtocolService.java:lambda$processClientRequest$0(278)) - Failed RaftClientRequest:client-BD76646DF35D->b1796d5d-d8ec-445b-befa-35d912d48cea@group-C91AC6D6877B, cid=105, seq=0, Watch-MAJORITY_COMMITTED(3), Message:<EMPTY>, reply=RaftClientReply:client-BD76646DF35D->b1796d5d-d8ec-445b-befa-35d912d48cea@group-C91AC6D6877B, cid=105, FAILED org.apache.ratis.protocol.NotLeaderException: Server b1796d5d-d8ec-445b-befa-35d912d48cea@group-C91AC6D6877B is not the leader 9c880452-8db4-4c33-8095-590e060cc885:192.168.164.235:41989, logIndex=0, commits[b1796d5d-d8ec-445b-befa-35d912d48cea:c4, 9c880452-8db4-4c33-8095-590e060cc885:c4, d6e7be57-e0eb-47de-9048-9bb8c654df67:c2]
2019-10-02 23:02:02,493 [grpc-default-executor-4] WARN  server.GrpcLogAppender (LogUtils.java:warn(134)) - fcba0785-f97d-467b-bf4a-b8770d23999e@group-46A3ED0F2391->001004e8-1446-4815-8af8-275eb2e7f1ab-AppendLogResponseHandler: Failed appendEntries: org.apache.ratis.thirdparty.io.grpc.StatusRuntimeException: UNAVAILABLE: io exception
2019-10-02 23:02:02,493 [grpc-default-executor-2] WARN  server.GrpcLogAppender (LogUtils.java:warn(134)) - fcba0785-f97d-467b-bf4a-b8770d23999e@group-46A3ED0F2391->5a74c2cb-7fbd-45a4-bebb-7c3e07876900-AppendLogResponseHandler: Failed appendEntries: org.apache.ratis.thirdparty.io.grpc.StatusRuntimeException: UNAVAILABLE: io exception
2019-10-02 23:02:02,494 [grpc-default-executor-4] INFO  impl.FollowerInfo (FollowerInfo.java:lambda$new$0(51)) - fcba0785-f97d-467b-bf4a-b8770d23999e@group-46A3ED0F2391->001004e8-1446-4815-8af8-275eb2e7f1ab: nextIndex: updateUnconditionally 0 -> 0
2019-10-02 23:02:02,494 [grpc-default-executor-2] INFO  impl.FollowerInfo (FollowerInfo.java:lambda$new$0(51)) - fcba0785-f97d-467b-bf4a-b8770d23999e@group-46A3ED0F2391->5a74c2cb-7fbd-45a4-bebb-7c3e07876900: nextIndex: updateUnconditionally 0 -> 0
2019-10-02 23:02:02,581 [grpc-default-executor-3] WARN  server.GrpcLogAppender (LogUtils.java:warn(134)) - 9c880452-8db4-4c33-8095-590e060cc885@group-C91AC6D6877B->d6e7be57-e0eb-47de-9048-9bb8c654df67-AppendLogResponseHandler: Failed appendEntries: org.apache.ratis.thirdparty.io.grpc.StatusRuntimeException: UNAVAILABLE: io exception
2019-10-02 23:02:02,582 [grpc-default-executor-3] INFO  impl.FollowerInfo (FollowerInfo.java:lambda$new$0(51)) - 9c880452-8db4-4c33-8095-590e060cc885@group-C91AC6D6877B->d6e7be57-e0eb-47de-9048-9bb8c654df67: nextIndex: updateUnconditionally 1 -> 0
2019-10-02 23:02:03,029 [EventQueue-StaleNodeForStaleNodeHandler] INFO  node.StaleNodeHandler (StaleNodeHandler.java:onMessage(58)) - Datanode 5a74c2cb-7fbd-45a4-bebb-7c3e07876900{ip: 192.168.164.235, host: pr-hdds-2226-secures3-kzjg4-641534921, networkLocation: /default-rack, certSerialId: null} moved to stale state. Finalizing its pipelines [PipelineID=15e8badd-5a8a-4a35-85de-99aa1fe6b5ca, PipelineID=b1a99dc4-a96c-4013-a8a8-46a3ed0f2391]
2019-10-02 23:02:03,030 [EventQueue-StaleNodeForStaleNodeHandler] INFO  pipeline.SCMPipelineManager (SCMPipelineManager.java:finalizeAndDestroyPipeline(315)) - destroying pipeline:Pipeline[ Id: 15e8badd-5a8a-4a35-85de-99aa1fe6b5ca, Nodes: 5a74c2cb-7fbd-45a4-bebb-7c3e07876900{ip: 192.168.164.235, host: pr-hdds-2226-secures3-kzjg4-641534921, networkLocation: /default-rack, certSerialId: null}, Type:RATIS, Factor:ONE, State:OPEN]
2019-10-02 23:02:03,030 [EventQueue-StaleNodeForStaleNodeHandler] INFO  pipeline.PipelineStateManager (PipelineStateManager.java:finalizePipeline(123)) - Pipeline Pipeline[ Id: 15e8badd-5a8a-4a35-85de-99aa1fe6b5ca, Nodes: 5a74c2cb-7fbd-45a4-bebb-7c3e07876900{ip: 192.168.164.235, host: pr-hdds-2226-secures3-kzjg4-641534921, networkLocation: /default-rack, certSerialId: null}, Type:RATIS, Factor:ONE, State:CLOSED] moved to CLOSED state
2019-10-02 23:02:03,030 [EventQueue-StaleNodeForStaleNodeHandler] INFO  pipeline.SCMPipelineManager (SCMPipelineManager.java:finalizeAndDestroyPipeline(315)) - destroying pipeline:Pipeline[ Id: b1a99dc4-a96c-4013-a8a8-46a3ed0f2391, Nodes: 001004e8-1446-4815-8af8-275eb2e7f1ab{ip: 192.168.164.235, host: pr-hdds-2226-secures3-kzjg4-641534921, networkLocation: /default-rack, certSerialId: null}5a74c2cb-7fbd-45a4-bebb-7c3e07876900{ip: 192.168.164.235, host: pr-hdds-2226-secures3-kzjg4-641534921, networkLocation: /default-rack, certSerialId: null}fcba0785-f97d-467b-bf4a-b8770d23999e{ip: 192.168.164.235, host: pr-hdds-2226-secures3-kzjg4-641534921, networkLocation: /default-rack, certSerialId: null}, Type:RATIS, Factor:THREE, State:CLOSED]
]]></system-out>
    <system-err><![CDATA[Oct 02, 2019 11:01:57 PM org.apache.ratis.thirdparty.io.grpc.internal.SerializingExecutor run
SEVERE: Exception while executing runnable org.apache.ratis.thirdparty.io.grpc.internal.ServerImpl$JumpToApplicationThreadServerStreamListener$1Closed@508f408f
org.apache.ratis.thirdparty.io.grpc.StatusRuntimeException: CANCELLED: call already cancelled
	at org.apache.ratis.thirdparty.io.grpc.Status.asRuntimeException(Status.java:517)
	at org.apache.ratis.thirdparty.io.grpc.stub.ServerCalls$ServerCallStreamObserverImpl.onCompleted(ServerCalls.java:356)
	at org.apache.ratis.grpc.server.GrpcServerProtocolService$ServerRequestStreamObserver.onError(GrpcServerProtocolService.java:121)
	at org.apache.ratis.thirdparty.io.grpc.stub.ServerCalls$StreamingServerCallHandler$StreamingServerCallListener.onCancel(ServerCalls.java:269)
	at org.apache.ratis.thirdparty.io.grpc.internal.ServerCallImpl$ServerStreamListenerImpl.closed(ServerCallImpl.java:293)
	at org.apache.ratis.thirdparty.io.grpc.internal.ServerImpl$JumpToApplicationThreadServerStreamListener$1Closed.runInContext(ServerImpl.java:741)
	at org.apache.ratis.thirdparty.io.grpc.internal.ContextRunnable.run(ContextRunnable.java:37)
	at org.apache.ratis.thirdparty.io.grpc.internal.SerializingExecutor.run(SerializingExecutor.java:123)
	at java.util.concurrent.ThreadPoolExecutor.runWorker(ThreadPoolExecutor.java:1149)
	at java.util.concurrent.ThreadPoolExecutor$Worker.run(ThreadPoolExecutor.java:624)
	at java.lang.Thread.run(Thread.java:748)

]]></system-err>
  </testcase>
</testsuite>