<?xml version="1.0" encoding="UTF-8"?>
<testsuite xmlns:xsi="http://www.w3.org/2001/XMLSchema-instance" xsi:noNamespaceSchemaLocation="https://maven.apache.org/surefire/maven-surefire-plugin/xsd/surefire-test-report.xsd" name="org.apache.hadoop.ozone.client.rpc.TestOzoneClientRetriesOnException" time="169.457" tests="2" errors="1" skipped="0" failures="0">
  <properties>
    <property name="awt.toolkit" value="sun.awt.X11.XToolkit"/>
    <property name="file.encoding.pkg" value="sun.io"/>
    <property name="java.specification.version" value="1.8"/>
    <property name="sun.cpu.isalist" value=""/>
    <property name="sun.jnu.encoding" value="UTF-8"/>
    <property name="java.class.path" value="/workdir/hadoop-ozone/integration-test/target/test-classes:/workdir/hadoop-ozone/integration-test/target/classes:/home/user/.m2/repository/org/apache/hadoop/hadoop-ozone-common/0.5.0-SNAPSHOT/hadoop-ozone-common-0.5.0-SNAPSHOT.jar:/home/user/.m2/repository/org/apache/commons/commons-compress/1.4.1/commons-compress-1.4.1.jar:/home/user/.m2/repository/org/tukaani/xz/1.0/xz-1.0.jar:/home/user/.m2/repository/org/apache/hadoop/hadoop-common/3.2.0/hadoop-common-3.2.0.jar:/home/user/.m2/repository/org/apache/hadoop/hadoop-hdfs/3.2.0/hadoop-hdfs-3.2.0.jar:/home/user/.m2/repository/org/apache/hadoop/hadoop-hdfs-client/3.2.0/hadoop-hdfs-client-3.2.0.jar:/home/user/.m2/repository/com/fasterxml/jackson/core/jackson-annotations/2.9.9/jackson-annotations-2.9.9.jar:/home/user/.m2/repository/org/apache/hadoop/hadoop-hdds-common/0.5.0-SNAPSHOT/hadoop-hdds-common-0.5.0-SNAPSHOT.jar:/home/user/.m2/repository/javax/annotation/javax.annotation-api/1.2/javax.annotation-api-1.2.jar:/home/user/.m2/repository/org/apache/ratis/ratis-server/0.4.0/ratis-server-0.4.0.jar:/home/user/.m2/repository/org/apache/ratis/ratis-thirdparty-misc/0.2.0/ratis-thirdparty-misc-0.2.0.jar:/home/user/.m2/repository/org/apache/ratis/ratis-proto/0.4.0/ratis-proto-0.4.0.jar:/home/user/.m2/repository/org/apache/ratis/ratis-common/0.4.0/ratis-common-0.4.0.jar:/home/user/.m2/repository/org/apache/ratis/ratis-client/0.4.0/ratis-client-0.4.0.jar:/home/user/.m2/repository/org/apache/ratis/ratis-metrics/0.4.0/ratis-metrics-0.4.0.jar:/home/user/.m2/repository/com/github/joshelser/dropwizard-metrics-hadoop-metrics2-reporter/0.1.2/dropwizard-metrics-hadoop-metrics2-reporter-0.1.2.jar:/home/user/.m2/repository/io/dropwizard/metrics/metrics-jvm/3.2.5/metrics-jvm-3.2.5.jar:/home/user/.m2/repository/io/dropwizard/metrics/metrics-ganglia/3.2.5/metrics-ganglia-3.2.5.jar:/home/user/.m2/repository/info/ganglia/gmetric4j/gmetric4j/1.0.7/gmetric4j-1.0.7.jar:/home/user/.m2/repository/org/apache/ratis/ratis-netty/0.4.0/ratis-netty-0.4.0.jar:/home/user/.m2/repository/org/apache/ratis/ratis-grpc/0.4.0/ratis-grpc-0.4.0.jar:/home/user/.m2/repository/org/rocksdb/rocksdbjni/6.0.1/rocksdbjni-6.0.1.jar:/home/user/.m2/repository/org/apache/logging/log4j/log4j-api/2.11.0/log4j-api-2.11.0.jar:/home/user/.m2/repository/org/apache/logging/log4j/log4j-core/2.11.0/log4j-core-2.11.0.jar:/home/user/.m2/repository/com/lmax/disruptor/3.4.2/disruptor-3.4.2.jar:/home/user/.m2/repository/org/apache/commons/commons-pool2/2.6.0/commons-pool2-2.6.0.jar:/home/user/.m2/repository/org/bouncycastle/bcpkix-jdk15on/1.60/bcpkix-jdk15on-1.60.jar:/home/user/.m2/repository/commons-validator/commons-validator/1.6/commons-validator-1.6.jar:/home/user/.m2/repository/commons-digester/commons-digester/1.8.1/commons-digester-1.8.1.jar:/home/user/.m2/repository/io/jaegertracing/jaeger-client/0.34.0/jaeger-client-0.34.0.jar:/home/user/.m2/repository/io/jaegertracing/jaeger-thrift/0.34.0/jaeger-thrift-0.34.0.jar:/home/user/.m2/repository/org/apache/thrift/libthrift/0.12.0/libthrift-0.12.0.jar:/home/user/.m2/repository/com/squareup/okhttp3/okhttp/3.9.0/okhttp-3.9.0.jar:/home/user/.m2/repository/com/squareup/okio/okio/1.13.0/okio-1.13.0.jar:/home/user/.m2/repository/io/jaegertracing/jaeger-core/0.34.0/jaeger-core-0.34.0.jar:/home/user/.m2/repository/io/jaegertracing/jaeger-tracerresolver/0.34.0/jaeger-tracerresolver-0.34.0.jar:/home/user/.m2/repository/io/opentracing/contrib/opentracing-tracerresolver/0.1.5/opentracing-tracerresolver-0.1.5.jar:/home/user/.m2/repository/io/opentracing/opentracing-util/0.31.0/opentracing-util-0.31.0.jar:/home/user/.m2/repository/io/opentracing/opentracing-api/0.31.0/opentracing-api-0.31.0.jar:/home/user/.m2/repository/io/opentracing/opentracing-noop/0.31.0/opentracing-noop-0.31.0.jar:/home/user/.m2/repository/org/apache/hadoop/hadoop-hdds-server-framework/0.5.0-SNAPSHOT/hadoop-hdds-server-framework-0.5.0-SNAPSHOT.jar:/home/user/.m2/repository/org/apache/hadoop/hadoop-hdds-container-service/0.5.0-SNAPSHOT/hadoop-hdds-container-service-0.5.0-SNAPSHOT.jar:/home/user/.m2/repository/org/apache/hadoop/hadoop-hdds-client/0.5.0-SNAPSHOT/hadoop-hdds-client-0.5.0-SNAPSHOT.jar:/home/user/.m2/repository/org/apache/hadoop/hadoop-hdds-tools/0.5.0-SNAPSHOT/hadoop-hdds-tools-0.5.0-SNAPSHOT.jar:/home/user/.m2/repository/org/apache/hadoop/hadoop-hdds-server-scm/0.5.0-SNAPSHOT/hadoop-hdds-server-scm-0.5.0-SNAPSHOT.jar:/home/user/.m2/repository/org/apache/hadoop/hadoop-hdds-docs/0.5.0-SNAPSHOT/hadoop-hdds-docs-0.5.0-SNAPSHOT.jar:/home/user/.m2/repository/io/dropwizard/metrics/metrics-core/3.2.4/metrics-core-3.2.4.jar:/home/user/.m2/repository/org/hamcrest/hamcrest-all/1.3/hamcrest-all-1.3.jar:/home/user/.m2/repository/org/bouncycastle/bcprov-jdk15on/1.60/bcprov-jdk15on-1.60.jar:/home/user/.m2/repository/info/picocli/picocli/3.9.6/picocli-3.9.6.jar:/home/user/.m2/repository/com/google/protobuf/protobuf-java/2.5.0/protobuf-java-2.5.0.jar:/home/user/.m2/repository/com/google/guava/guava/11.0.2/guava-11.0.2.jar:/home/user/.m2/repository/org/apache/hadoop/hadoop-ozone-ozone-manager/0.5.0-SNAPSHOT/hadoop-ozone-ozone-manager-0.5.0-SNAPSHOT.jar:/home/user/.m2/repository/org/apache/hadoop/hadoop-minikdc/3.2.0/hadoop-minikdc-3.2.0.jar:/home/user/.m2/repository/commons-io/commons-io/2.5/commons-io-2.5.jar:/home/user/.m2/repository/org/apache/kerby/kerb-simplekdc/1.0.1/kerb-simplekdc-1.0.1.jar:/home/user/.m2/repository/org/apache/kerby/kerb-client/1.0.1/kerb-client-1.0.1.jar:/home/user/.m2/repository/org/apache/kerby/kerby-config/1.0.1/kerby-config-1.0.1.jar:/home/user/.m2/repository/org/apache/kerby/kerb-core/1.0.1/kerb-core-1.0.1.jar:/home/user/.m2/repository/org/apache/kerby/kerby-pkix/1.0.1/kerby-pkix-1.0.1.jar:/home/user/.m2/repository/org/apache/kerby/kerby-asn1/1.0.1/kerby-asn1-1.0.1.jar:/home/user/.m2/repository/org/apache/kerby/kerby-util/1.0.1/kerby-util-1.0.1.jar:/home/user/.m2/repository/org/apache/kerby/kerb-common/1.0.1/kerb-common-1.0.1.jar:/home/user/.m2/repository/org/apache/kerby/kerb-crypto/1.0.1/kerb-crypto-1.0.1.jar:/home/user/.m2/repository/org/apache/kerby/kerb-util/1.0.1/kerb-util-1.0.1.jar:/home/user/.m2/repository/org/apache/kerby/token-provider/1.0.1/token-provider-1.0.1.jar:/home/user/.m2/repository/org/apache/kerby/kerb-admin/1.0.1/kerb-admin-1.0.1.jar:/home/user/.m2/repository/org/apache/kerby/kerb-server/1.0.1/kerb-server-1.0.1.jar:/home/user/.m2/repository/org/apache/kerby/kerb-identity/1.0.1/kerb-identity-1.0.1.jar:/home/user/.m2/repository/org/apache/kerby/kerby-xdr/1.0.1/kerby-xdr-1.0.1.jar:/home/user/.m2/repository/org/slf4j/slf4j-log4j12/1.7.25/slf4j-log4j12-1.7.25.jar:/home/user/.m2/repository/org/apache/hadoop/hadoop-ozone-s3gateway/0.5.0-SNAPSHOT/hadoop-ozone-s3gateway-0.5.0-SNAPSHOT.jar:/home/user/.m2/repository/org/jboss/weld/servlet/weld-servlet/2.4.7.Final/weld-servlet-2.4.7.Final.jar:/home/user/.m2/repository/org/glassfish/jersey/containers/jersey-container-servlet-core/2.27/jersey-container-servlet-core-2.27.jar:/home/user/.m2/repository/org/glassfish/hk2/external/javax.inject/2.5.0-b42/javax.inject-2.5.0-b42.jar:/home/user/.m2/repository/org/glassfish/jersey/core/jersey-common/2.27/jersey-common-2.27.jar:/home/user/.m2/repository/org/glassfish/hk2/osgi-resource-locator/1.0.1/osgi-resource-locator-1.0.1.jar:/home/user/.m2/repository/javax/ws/rs/javax.ws.rs-api/2.1/javax.ws.rs-api-2.1.jar:/home/user/.m2/repository/org/glassfish/jersey/ext/cdi/jersey-cdi1x/2.27/jersey-cdi1x-2.27.jar:/home/user/.m2/repository/org/glassfish/jersey/inject/jersey-hk2/2.27/jersey-hk2-2.27.jar:/home/user/.m2/repository/org/glassfish/hk2/hk2-locator/2.5.0-b42/hk2-locator-2.5.0-b42.jar:/home/user/.m2/repository/org/javassist/javassist/3.22.0-CR2/javassist-3.22.0-CR2.jar:/home/user/.m2/repository/org/glassfish/hk2/hk2-api/2.5.0/hk2-api-2.5.0.jar:/home/user/.m2/repository/org/glassfish/hk2/external/jakarta.inject/2.5.0/jakarta.inject-2.5.0.jar:/home/user/.m2/repository/org/glassfish/hk2/hk2-utils/2.5.0/hk2-utils-2.5.0.jar:/home/user/.m2/repository/jakarta/annotation/jakarta.annotation-api/1.3.4/jakarta.annotation-api-1.3.4.jar:/home/user/.m2/repository/org/glassfish/hk2/external/aopalliance-repackaged/2.5.0/aopalliance-repackaged-2.5.0.jar:/home/user/.m2/repository/com/fasterxml/jackson/dataformat/jackson-dataformat-xml/2.9.0/jackson-dataformat-xml-2.9.0.jar:/home/user/.m2/repository/com/fasterxml/jackson/core/jackson-core/2.9.9/jackson-core-2.9.9.jar:/home/user/.m2/repository/com/fasterxml/jackson/module/jackson-module-jaxb-annotations/2.9.9/jackson-module-jaxb-annotations-2.9.9.jar:/home/user/.m2/repository/javax/enterprise/cdi-api/1.2/cdi-api-1.2.jar:/home/user/.m2/repository/javax/el/javax.el-api/3.0.0/javax.el-api-3.0.0.jar:/home/user/.m2/repository/javax/interceptor/javax.interceptor-api/1.2/javax.interceptor-api-1.2.jar:/home/user/.m2/repository/javax/inject/javax.inject/1/javax.inject-1.jar:/home/user/.m2/repository/com/sun/xml/bind/jaxb-impl/2.3.0.1/jaxb-impl-2.3.0.1.jar:/home/user/.m2/repository/com/sun/xml/bind/jaxb-core/2.3.0.1/jaxb-core-2.3.0.1.jar:/home/user/.m2/repository/javax/xml/bind/jaxb-api/2.3.0/jaxb-api-2.3.0.jar:/home/user/.m2/repository/javax/activation/activation/1.1.1/activation-1.1.1.jar:/home/user/.m2/repository/org/apache/hadoop/hadoop-ozone-csi/0.5.0-SNAPSHOT/hadoop-ozone-csi-0.5.0-SNAPSHOT.jar:/home/user/.m2/repository/com/google/protobuf/protobuf-java-util/3.5.1/protobuf-java-util-3.5.1.jar:/home/user/.m2/repository/org/apache/hadoop/hadoop-hdds-config/0.5.0-SNAPSHOT/hadoop-hdds-config-0.5.0-SNAPSHOT.jar:/home/user/.m2/repository/io/grpc/grpc-netty/1.17.1/grpc-netty-1.17.1.jar:/home/user/.m2/repository/io/grpc/grpc-core/1.17.1/grpc-core-1.17.1.jar:/home/user/.m2/repository/io/grpc/grpc-context/1.17.1/grpc-context-1.17.1.jar:/home/user/.m2/repository/com/google/errorprone/error_prone_annotations/2.2.0/error_prone_annotations-2.2.0.jar:/home/user/.m2/repository/org/codehaus/mojo/animal-sniffer-annotations/1.17/animal-sniffer-annotations-1.17.jar:/home/user/.m2/repository/io/opencensus/opencensus-api/0.17.0/opencensus-api-0.17.0.jar:/home/user/.m2/repository/io/opencensus/opencensus-contrib-grpc-metrics/0.17.0/opencensus-contrib-grpc-metrics-0.17.0.jar:/home/user/.m2/repository/io/netty/netty-codec-http2/4.1.30.Final/netty-codec-http2-4.1.30.Final.jar:/home/user/.m2/repository/io/netty/netty-codec-http/4.1.30.Final/netty-codec-http-4.1.30.Final.jar:/home/user/.m2/repository/io/netty/netty-codec/4.1.30.Final/netty-codec-4.1.30.Final.jar:/home/user/.m2/repository/io/netty/netty-handler/4.1.30.Final/netty-handler-4.1.30.Final.jar:/home/user/.m2/repository/io/netty/netty-handler-proxy/4.1.30.Final/netty-handler-proxy-4.1.30.Final.jar:/home/user/.m2/repository/io/netty/netty-codec-socks/4.1.30.Final/netty-codec-socks-4.1.30.Final.jar:/home/user/.m2/repository/io/netty/netty-transport-native-epoll/4.1.30.Final/netty-transport-native-epoll-4.1.30.Final.jar:/home/user/.m2/repository/io/netty/netty-common/4.1.30.Final/netty-common-4.1.30.Final.jar:/home/user/.m2/repository/io/netty/netty-buffer/4.1.30.Final/netty-buffer-4.1.30.Final.jar:/home/user/.m2/repository/io/netty/netty-transport/4.1.30.Final/netty-transport-4.1.30.Final.jar:/home/user/.m2/repository/io/netty/netty-resolver/4.1.30.Final/netty-resolver-4.1.30.Final.jar:/home/user/.m2/repository/io/netty/netty-transport-native-unix-common/4.1.30.Final/netty-transport-native-unix-common-4.1.30.Final.jar:/home/user/.m2/repository/io/grpc/grpc-protobuf/1.17.1/grpc-protobuf-1.17.1.jar:/home/user/.m2/repository/com/google/api/grpc/proto-google-common-protos/1.0.0/proto-google-common-protos-1.0.0.jar:/home/user/.m2/repository/io/grpc/grpc-protobuf-lite/1.17.1/grpc-protobuf-lite-1.17.1.jar:/home/user/.m2/repository/io/grpc/grpc-stub/1.17.1/grpc-stub-1.17.1.jar:/home/user/.m2/repository/org/apache/hadoop/hadoop-ozone-recon/0.5.0-SNAPSHOT/hadoop-ozone-recon-0.5.0-SNAPSHOT.jar:/home/user/.m2/repository/org/apache/hadoop/hadoop-ozone-reconcodegen/0.5.0-SNAPSHOT/hadoop-ozone-reconcodegen-0.5.0-SNAPSHOT.jar:/home/user/.m2/repository/com/google/inject/extensions/guice-multibindings/4.0/guice-multibindings-4.0.jar:/home/user/.m2/repository/com/google/inject/guice/4.0/guice-4.0.jar:/home/user/.m2/repository/aopalliance/aopalliance/1.0/aopalliance-1.0.jar:/home/user/.m2/repository/com/google/inject/extensions/guice-servlet/4.0/guice-servlet-4.0.jar:/home/user/.m2/repository/org/glassfish/jersey/containers/jersey-container-servlet/2.27/jersey-container-servlet-2.27.jar:/home/user/.m2/repository/org/glassfish/hk2/guice-bridge/2.5.0/guice-bridge-2.5.0.jar:/home/user/.m2/repository/org/glassfish/jersey/core/jersey-server/2.27/jersey-server-2.27.jar:/home/user/.m2/repository/org/glassfish/jersey/core/jersey-client/2.27/jersey-client-2.27.jar:/home/user/.m2/repository/org/glassfish/jersey/media/jersey-media-jaxb/2.27/jersey-media-jaxb-2.27.jar:/home/user/.m2/repository/javax/validation/validation-api/1.1.0.Final/validation-api-1.1.0.Final.jar:/home/user/.m2/repository/org/glassfish/jersey/media/jersey-media-json-jackson/2.27/jersey-media-json-jackson-2.27.jar:/home/user/.m2/repository/org/glassfish/jersey/ext/jersey-entity-filtering/2.27/jersey-entity-filtering-2.27.jar:/home/user/.m2/repository/com/google/inject/extensions/guice-assistedinject/4.0/guice-assistedinject-4.0.jar:/home/user/.m2/repository/org/jooq/jooq/3.11.10/jooq-3.11.10.jar:/home/user/.m2/repository/org/jooq/jooq-meta/3.11.10/jooq-meta-3.11.10.jar:/home/user/.m2/repository/org/jooq/jooq-codegen/3.11.10/jooq-codegen-3.11.10.jar:/home/user/.m2/repository/com/jolbox/bonecp/0.8.0.RELEASE/bonecp-0.8.0.RELEASE.jar:/home/user/.m2/repository/org/xerial/sqlite-jdbc/3.25.2/sqlite-jdbc-3.25.2.jar:/home/user/.m2/repository/org/springframework/spring-jdbc/5.1.3.RELEASE/spring-jdbc-5.1.3.RELEASE.jar:/home/user/.m2/repository/org/springframework/spring-beans/5.1.3.RELEASE/spring-beans-5.1.3.RELEASE.jar:/home/user/.m2/repository/org/springframework/spring-core/5.1.3.RELEASE/spring-core-5.1.3.RELEASE.jar:/home/user/.m2/repository/org/springframework/spring-jcl/5.1.3.RELEASE/spring-jcl-5.1.3.RELEASE.jar:/home/user/.m2/repository/org/springframework/spring-tx/5.1.3.RELEASE/spring-tx-5.1.3.RELEASE.jar:/home/user/.m2/repository/org/apache/hadoop/hadoop-ozone-client/0.5.0-SNAPSHOT/hadoop-ozone-client-0.5.0-SNAPSHOT.jar:/home/user/.m2/repository/commons-lang/commons-lang/2.6/commons-lang-2.6.jar:/home/user/.m2/repository/org/apache/hadoop/hadoop-ozone-ozone-manager/0.5.0-SNAPSHOT/hadoop-ozone-ozone-manager-0.5.0-SNAPSHOT-tests.jar:/home/user/.m2/repository/junit/junit/4.11/junit-4.11.jar:/home/user/.m2/repository/org/hamcrest/hamcrest-core/1.3/hamcrest-core-1.3.jar:/home/user/.m2/repository/org/openjdk/jmh/jmh-core/1.19/jmh-core-1.19.jar:/home/user/.m2/repository/net/sf/jopt-simple/jopt-simple/4.6/jopt-simple-4.6.jar:/home/user/.m2/repository/org/apache/commons/commons-math3/3.1.1/commons-math3-3.1.1.jar:/home/user/.m2/repository/org/openjdk/jmh/jmh-generator-annprocess/1.19/jmh-generator-annprocess-1.19.jar:/home/user/.m2/repository/org/mockito/mockito-all/1.8.5/mockito-all-1.8.5.jar:/home/user/.m2/repository/org/apache/hadoop/hadoop-kms/3.2.0/hadoop-kms-3.2.0.jar:/home/user/.m2/repository/org/apache/hadoop/hadoop-auth/3.2.0/hadoop-auth-3.2.0.jar:/home/user/.m2/repository/com/nimbusds/nimbus-jose-jwt/4.41.1/nimbus-jose-jwt-4.41.1.jar:/home/user/.m2/repository/com/github/stephenc/jcip/jcip-annotations/1.0-1/jcip-annotations-1.0-1.jar:/home/user/.m2/repository/net/minidev/json-smart/2.3/json-smart-2.3.jar:/home/user/.m2/repository/net/minidev/accessors-smart/1.2/accessors-smart-1.2.jar:/home/user/.m2/repository/org/ow2/asm/asm/5.0.4/asm-5.0.4.jar:/home/user/.m2/repository/org/apache/curator/curator-framework/2.12.0/curator-framework-2.12.0.jar:/home/user/.m2/repository/com/sun/jersey/jersey-core/1.19/jersey-core-1.19.jar:/home/user/.m2/repository/javax/ws/rs/jsr311-api/1.1.1/jsr311-api-1.1.1.jar:/home/user/.m2/repository/com/sun/jersey/jersey-server/1.19/jersey-server-1.19.jar:/home/user/.m2/repository/javax/servlet/javax.servlet-api/3.1.0/javax.servlet-api-3.1.0.jar:/home/user/.m2/repository/org/eclipse/jetty/jetty-server/9.3.25.v20180904/jetty-server-9.3.25.v20180904.jar:/home/user/.m2/repository/org/eclipse/jetty/jetty-http/9.3.25.v20180904/jetty-http-9.3.25.v20180904.jar:/home/user/.m2/repository/org/eclipse/jetty/jetty-io/9.3.25.v20180904/jetty-io-9.3.25.v20180904.jar:/home/user/.m2/repository/org/eclipse/jetty/jetty-webapp/9.3.25.v20180904/jetty-webapp-9.3.25.v20180904.jar:/home/user/.m2/repository/org/eclipse/jetty/jetty-xml/9.3.25.v20180904/jetty-xml-9.3.25.v20180904.jar:/home/user/.m2/repository/log4j/log4j/1.2.17/log4j-1.2.17.jar:/home/user/.m2/repository/org/slf4j/slf4j-api/1.7.25/slf4j-api-1.7.25.jar:/home/user/.m2/repository/org/slf4j/jul-to-slf4j/1.7.25/jul-to-slf4j-1.7.25.jar:/home/user/.m2/repository/org/eclipse/jetty/jetty-util/9.3.25.v20180904/jetty-util-9.3.25.v20180904.jar:/home/user/.m2/repository/com/fasterxml/jackson/core/jackson-databind/2.9.9/jackson-databind-2.9.9.jar:/home/user/.m2/repository/org/apache/hadoop/hadoop-kms/3.2.0/hadoop-kms-3.2.0-tests.jar:/home/user/.m2/repository/org/apache/hadoop/hadoop-hdds-server-scm/0.5.0-SNAPSHOT/hadoop-hdds-server-scm-0.5.0-SNAPSHOT-tests.jar:/home/user/.m2/repository/org/apache/hadoop/hadoop-hdds-container-service/0.5.0-SNAPSHOT/hadoop-hdds-container-service-0.5.0-SNAPSHOT-tests.jar:/home/user/.m2/repository/org/yaml/snakeyaml/1.16/snakeyaml-1.16.jar:/home/user/.m2/repository/org/apache/hadoop/hadoop-common/3.2.0/hadoop-common-3.2.0-tests.jar:/home/user/.m2/repository/org/apache/hadoop/hadoop-annotations/3.2.0/hadoop-annotations-3.2.0.jar:/usr/lib/jvm/java-1.8-openjdk/jre/../lib/tools.jar:/home/user/.m2/repository/commons-cli/commons-cli/1.2/commons-cli-1.2.jar:/home/user/.m2/repository/org/apache/httpcomponents/httpclient/4.5.2/httpclient-4.5.2.jar:/home/user/.m2/repository/org/apache/httpcomponents/httpcore/4.4.4/httpcore-4.4.4.jar:/home/user/.m2/repository/commons-codec/commons-codec/1.11/commons-codec-1.11.jar:/home/user/.m2/repository/commons-net/commons-net/3.6/commons-net-3.6.jar:/home/user/.m2/repository/commons-collections/commons-collections/3.2.2/commons-collections-3.2.2.jar:/home/user/.m2/repository/org/eclipse/jetty/jetty-servlet/9.3.25.v20180904/jetty-servlet-9.3.25.v20180904.jar:/home/user/.m2/repository/org/eclipse/jetty/jetty-security/9.3.25.v20180904/jetty-security-9.3.25.v20180904.jar:/home/user/.m2/repository/javax/servlet/jsp/jsp-api/2.1/jsp-api-2.1.jar:/home/user/.m2/repository/com/sun/jersey/jersey-servlet/1.19/jersey-servlet-1.19.jar:/home/user/.m2/repository/com/sun/jersey/jersey-json/1.19/jersey-json-1.19.jar:/home/user/.m2/repository/org/codehaus/jettison/jettison/1.1/jettison-1.1.jar:/home/user/.m2/repository/org/codehaus/jackson/jackson-core-asl/1.9.13/jackson-core-asl-1.9.13.jar:/home/user/.m2/repository/org/codehaus/jackson/jackson-mapper-asl/1.9.13/jackson-mapper-asl-1.9.13.jar:/home/user/.m2/repository/org/codehaus/jackson/jackson-jaxrs/1.9.13/jackson-jaxrs-1.9.13.jar:/home/user/.m2/repository/org/codehaus/jackson/jackson-xc/1.9.13/jackson-xc-1.9.13.jar:/home/user/.m2/repository/commons-logging/commons-logging/1.1.3/commons-logging-1.1.3.jar:/home/user/.m2/repository/commons-beanutils/commons-beanutils/1.9.4/commons-beanutils-1.9.4.jar:/home/user/.m2/repository/org/apache/commons/commons-configuration2/2.1.1/commons-configuration2-2.1.1.jar:/home/user/.m2/repository/org/apache/commons/commons-lang3/3.7/commons-lang3-3.7.jar:/home/user/.m2/repository/org/apache/commons/commons-text/1.4/commons-text-1.4.jar:/home/user/.m2/repository/org/apache/avro/avro/1.7.7/avro-1.7.7.jar:/home/user/.m2/repository/com/thoughtworks/paranamer/paranamer/2.3/paranamer-2.3.jar:/home/user/.m2/repository/org/xerial/snappy/snappy-java/1.0.5/snappy-java-1.0.5.jar:/home/user/.m2/repository/com/google/re2j/re2j/1.1/re2j-1.1.jar:/home/user/.m2/repository/com/google/code/gson/gson/2.2.4/gson-2.2.4.jar:/home/user/.m2/repository/com/jcraft/jsch/0.1.54/jsch-0.1.54.jar:/home/user/.m2/repository/org/apache/curator/curator-client/2.12.0/curator-client-2.12.0.jar:/home/user/.m2/repository/org/apache/curator/curator-recipes/2.12.0/curator-recipes-2.12.0.jar:/home/user/.m2/repository/com/google/code/findbugs/jsr305/3.0.0/jsr305-3.0.0.jar:/home/user/.m2/repository/org/apache/htrace/htrace-core4/4.1.0-incubating/htrace-core4-4.1.0-incubating.jar:/home/user/.m2/repository/org/apache/zookeeper/zookeeper/3.4.13/zookeeper-3.4.13.jar:/home/user/.m2/repository/jline/jline/0.9.94/jline-0.9.94.jar:/home/user/.m2/repository/org/apache/yetus/audience-annotations/0.5.0/audience-annotations-0.5.0.jar:/home/user/.m2/repository/org/codehaus/woodstox/stax2-api/3.1.4/stax2-api-3.1.4.jar:/home/user/.m2/repository/com/fasterxml/woodstox/woodstox-core/5.0.3/woodstox-core-5.0.3.jar:/home/user/.m2/repository/dnsjava/dnsjava/2.1.7/dnsjava-2.1.7.jar:/home/user/.m2/repository/org/apache/hadoop/hadoop-hdfs/3.2.0/hadoop-hdfs-3.2.0-tests.jar:/home/user/.m2/repository/org/eclipse/jetty/jetty-util-ajax/9.3.25.v20180904/jetty-util-ajax-9.3.25.v20180904.jar:/home/user/.m2/repository/commons-daemon/commons-daemon/1.0.13/commons-daemon-1.0.13.jar:/home/user/.m2/repository/io/netty/netty/3.10.5.Final/netty-3.10.5.Final.jar:/home/user/.m2/repository/io/netty/netty-all/4.0.52.Final/netty-all-4.0.52.Final.jar:/home/user/.m2/repository/org/fusesource/leveldbjni/leveldbjni-all/1.8/leveldbjni-all-1.8.jar:"/>
    <property name="java.vm.vendor" value="IcedTea"/>
    <property name="sun.arch.data.model" value="64"/>
    <property name="test.build.dir" value="/workdir/hadoop-ozone/integration-test/target/test-dir"/>
    <property name="test.cache.data" value=""/>
    <property name="java.vendor.url" value="https://icedtea.classpath.org"/>
    <property name="user.timezone" value=""/>
    <property name="java.vm.specification.version" value="1.8"/>
    <property name="os.name" value="Linux"/>
    <property name="test.build.data" value="/workdir/hadoop-ozone/integration-test/target/test-dir"/>
    <property name="user.country" value="US"/>
    <property name="sun.java.launcher" value="SUN_STANDARD"/>
    <property name="sun.boot.library.path" value="/usr/lib/jvm/java-1.8-openjdk/jre/lib/amd64"/>
    <property name="sun.java.command" value="/workdir/hadoop-ozone/integration-test/target/surefire/surefirebooter6991192899301527540.jar /workdir/hadoop-ozone/integration-test/target/surefire 2019-09-27T16-40-24_940-jvmRun1 surefire5757509590060622372tmp surefire_688868246281863064235tmp"/>
    <property name="test" value="!TestMiniChaosOzoneCluster"/>
    <property name="surefire.test.class.path" value="/workdir/hadoop-ozone/integration-test/target/test-classes:/workdir/hadoop-ozone/integration-test/target/classes:/home/user/.m2/repository/org/apache/hadoop/hadoop-ozone-common/0.5.0-SNAPSHOT/hadoop-ozone-common-0.5.0-SNAPSHOT.jar:/home/user/.m2/repository/org/apache/commons/commons-compress/1.4.1/commons-compress-1.4.1.jar:/home/user/.m2/repository/org/tukaani/xz/1.0/xz-1.0.jar:/home/user/.m2/repository/org/apache/hadoop/hadoop-common/3.2.0/hadoop-common-3.2.0.jar:/home/user/.m2/repository/org/apache/hadoop/hadoop-hdfs/3.2.0/hadoop-hdfs-3.2.0.jar:/home/user/.m2/repository/org/apache/hadoop/hadoop-hdfs-client/3.2.0/hadoop-hdfs-client-3.2.0.jar:/home/user/.m2/repository/com/fasterxml/jackson/core/jackson-annotations/2.9.9/jackson-annotations-2.9.9.jar:/home/user/.m2/repository/org/apache/hadoop/hadoop-hdds-common/0.5.0-SNAPSHOT/hadoop-hdds-common-0.5.0-SNAPSHOT.jar:/home/user/.m2/repository/javax/annotation/javax.annotation-api/1.2/javax.annotation-api-1.2.jar:/home/user/.m2/repository/org/apache/ratis/ratis-server/0.4.0/ratis-server-0.4.0.jar:/home/user/.m2/repository/org/apache/ratis/ratis-thirdparty-misc/0.2.0/ratis-thirdparty-misc-0.2.0.jar:/home/user/.m2/repository/org/apache/ratis/ratis-proto/0.4.0/ratis-proto-0.4.0.jar:/home/user/.m2/repository/org/apache/ratis/ratis-common/0.4.0/ratis-common-0.4.0.jar:/home/user/.m2/repository/org/apache/ratis/ratis-client/0.4.0/ratis-client-0.4.0.jar:/home/user/.m2/repository/org/apache/ratis/ratis-metrics/0.4.0/ratis-metrics-0.4.0.jar:/home/user/.m2/repository/com/github/joshelser/dropwizard-metrics-hadoop-metrics2-reporter/0.1.2/dropwizard-metrics-hadoop-metrics2-reporter-0.1.2.jar:/home/user/.m2/repository/io/dropwizard/metrics/metrics-jvm/3.2.5/metrics-jvm-3.2.5.jar:/home/user/.m2/repository/io/dropwizard/metrics/metrics-ganglia/3.2.5/metrics-ganglia-3.2.5.jar:/home/user/.m2/repository/info/ganglia/gmetric4j/gmetric4j/1.0.7/gmetric4j-1.0.7.jar:/home/user/.m2/repository/org/apache/ratis/ratis-netty/0.4.0/ratis-netty-0.4.0.jar:/home/user/.m2/repository/org/apache/ratis/ratis-grpc/0.4.0/ratis-grpc-0.4.0.jar:/home/user/.m2/repository/org/rocksdb/rocksdbjni/6.0.1/rocksdbjni-6.0.1.jar:/home/user/.m2/repository/org/apache/logging/log4j/log4j-api/2.11.0/log4j-api-2.11.0.jar:/home/user/.m2/repository/org/apache/logging/log4j/log4j-core/2.11.0/log4j-core-2.11.0.jar:/home/user/.m2/repository/com/lmax/disruptor/3.4.2/disruptor-3.4.2.jar:/home/user/.m2/repository/org/apache/commons/commons-pool2/2.6.0/commons-pool2-2.6.0.jar:/home/user/.m2/repository/org/bouncycastle/bcpkix-jdk15on/1.60/bcpkix-jdk15on-1.60.jar:/home/user/.m2/repository/commons-validator/commons-validator/1.6/commons-validator-1.6.jar:/home/user/.m2/repository/commons-digester/commons-digester/1.8.1/commons-digester-1.8.1.jar:/home/user/.m2/repository/io/jaegertracing/jaeger-client/0.34.0/jaeger-client-0.34.0.jar:/home/user/.m2/repository/io/jaegertracing/jaeger-thrift/0.34.0/jaeger-thrift-0.34.0.jar:/home/user/.m2/repository/org/apache/thrift/libthrift/0.12.0/libthrift-0.12.0.jar:/home/user/.m2/repository/com/squareup/okhttp3/okhttp/3.9.0/okhttp-3.9.0.jar:/home/user/.m2/repository/com/squareup/okio/okio/1.13.0/okio-1.13.0.jar:/home/user/.m2/repository/io/jaegertracing/jaeger-core/0.34.0/jaeger-core-0.34.0.jar:/home/user/.m2/repository/io/jaegertracing/jaeger-tracerresolver/0.34.0/jaeger-tracerresolver-0.34.0.jar:/home/user/.m2/repository/io/opentracing/contrib/opentracing-tracerresolver/0.1.5/opentracing-tracerresolver-0.1.5.jar:/home/user/.m2/repository/io/opentracing/opentracing-util/0.31.0/opentracing-util-0.31.0.jar:/home/user/.m2/repository/io/opentracing/opentracing-api/0.31.0/opentracing-api-0.31.0.jar:/home/user/.m2/repository/io/opentracing/opentracing-noop/0.31.0/opentracing-noop-0.31.0.jar:/home/user/.m2/repository/org/apache/hadoop/hadoop-hdds-server-framework/0.5.0-SNAPSHOT/hadoop-hdds-server-framework-0.5.0-SNAPSHOT.jar:/home/user/.m2/repository/org/apache/hadoop/hadoop-hdds-container-service/0.5.0-SNAPSHOT/hadoop-hdds-container-service-0.5.0-SNAPSHOT.jar:/home/user/.m2/repository/org/apache/hadoop/hadoop-hdds-client/0.5.0-SNAPSHOT/hadoop-hdds-client-0.5.0-SNAPSHOT.jar:/home/user/.m2/repository/org/apache/hadoop/hadoop-hdds-tools/0.5.0-SNAPSHOT/hadoop-hdds-tools-0.5.0-SNAPSHOT.jar:/home/user/.m2/repository/org/apache/hadoop/hadoop-hdds-server-scm/0.5.0-SNAPSHOT/hadoop-hdds-server-scm-0.5.0-SNAPSHOT.jar:/home/user/.m2/repository/org/apache/hadoop/hadoop-hdds-docs/0.5.0-SNAPSHOT/hadoop-hdds-docs-0.5.0-SNAPSHOT.jar:/home/user/.m2/repository/io/dropwizard/metrics/metrics-core/3.2.4/metrics-core-3.2.4.jar:/home/user/.m2/repository/org/hamcrest/hamcrest-all/1.3/hamcrest-all-1.3.jar:/home/user/.m2/repository/org/bouncycastle/bcprov-jdk15on/1.60/bcprov-jdk15on-1.60.jar:/home/user/.m2/repository/info/picocli/picocli/3.9.6/picocli-3.9.6.jar:/home/user/.m2/repository/com/google/protobuf/protobuf-java/2.5.0/protobuf-java-2.5.0.jar:/home/user/.m2/repository/com/google/guava/guava/11.0.2/guava-11.0.2.jar:/home/user/.m2/repository/org/apache/hadoop/hadoop-ozone-ozone-manager/0.5.0-SNAPSHOT/hadoop-ozone-ozone-manager-0.5.0-SNAPSHOT.jar:/home/user/.m2/repository/org/apache/hadoop/hadoop-minikdc/3.2.0/hadoop-minikdc-3.2.0.jar:/home/user/.m2/repository/commons-io/commons-io/2.5/commons-io-2.5.jar:/home/user/.m2/repository/org/apache/kerby/kerb-simplekdc/1.0.1/kerb-simplekdc-1.0.1.jar:/home/user/.m2/repository/org/apache/kerby/kerb-client/1.0.1/kerb-client-1.0.1.jar:/home/user/.m2/repository/org/apache/kerby/kerby-config/1.0.1/kerby-config-1.0.1.jar:/home/user/.m2/repository/org/apache/kerby/kerb-core/1.0.1/kerb-core-1.0.1.jar:/home/user/.m2/repository/org/apache/kerby/kerby-pkix/1.0.1/kerby-pkix-1.0.1.jar:/home/user/.m2/repository/org/apache/kerby/kerby-asn1/1.0.1/kerby-asn1-1.0.1.jar:/home/user/.m2/repository/org/apache/kerby/kerby-util/1.0.1/kerby-util-1.0.1.jar:/home/user/.m2/repository/org/apache/kerby/kerb-common/1.0.1/kerb-common-1.0.1.jar:/home/user/.m2/repository/org/apache/kerby/kerb-crypto/1.0.1/kerb-crypto-1.0.1.jar:/home/user/.m2/repository/org/apache/kerby/kerb-util/1.0.1/kerb-util-1.0.1.jar:/home/user/.m2/repository/org/apache/kerby/token-provider/1.0.1/token-provider-1.0.1.jar:/home/user/.m2/repository/org/apache/kerby/kerb-admin/1.0.1/kerb-admin-1.0.1.jar:/home/user/.m2/repository/org/apache/kerby/kerb-server/1.0.1/kerb-server-1.0.1.jar:/home/user/.m2/repository/org/apache/kerby/kerb-identity/1.0.1/kerb-identity-1.0.1.jar:/home/user/.m2/repository/org/apache/kerby/kerby-xdr/1.0.1/kerby-xdr-1.0.1.jar:/home/user/.m2/repository/org/slf4j/slf4j-log4j12/1.7.25/slf4j-log4j12-1.7.25.jar:/home/user/.m2/repository/org/apache/hadoop/hadoop-ozone-s3gateway/0.5.0-SNAPSHOT/hadoop-ozone-s3gateway-0.5.0-SNAPSHOT.jar:/home/user/.m2/repository/org/jboss/weld/servlet/weld-servlet/2.4.7.Final/weld-servlet-2.4.7.Final.jar:/home/user/.m2/repository/org/glassfish/jersey/containers/jersey-container-servlet-core/2.27/jersey-container-servlet-core-2.27.jar:/home/user/.m2/repository/org/glassfish/hk2/external/javax.inject/2.5.0-b42/javax.inject-2.5.0-b42.jar:/home/user/.m2/repository/org/glassfish/jersey/core/jersey-common/2.27/jersey-common-2.27.jar:/home/user/.m2/repository/org/glassfish/hk2/osgi-resource-locator/1.0.1/osgi-resource-locator-1.0.1.jar:/home/user/.m2/repository/javax/ws/rs/javax.ws.rs-api/2.1/javax.ws.rs-api-2.1.jar:/home/user/.m2/repository/org/glassfish/jersey/ext/cdi/jersey-cdi1x/2.27/jersey-cdi1x-2.27.jar:/home/user/.m2/repository/org/glassfish/jersey/inject/jersey-hk2/2.27/jersey-hk2-2.27.jar:/home/user/.m2/repository/org/glassfish/hk2/hk2-locator/2.5.0-b42/hk2-locator-2.5.0-b42.jar:/home/user/.m2/repository/org/javassist/javassist/3.22.0-CR2/javassist-3.22.0-CR2.jar:/home/user/.m2/repository/org/glassfish/hk2/hk2-api/2.5.0/hk2-api-2.5.0.jar:/home/user/.m2/repository/org/glassfish/hk2/external/jakarta.inject/2.5.0/jakarta.inject-2.5.0.jar:/home/user/.m2/repository/org/glassfish/hk2/hk2-utils/2.5.0/hk2-utils-2.5.0.jar:/home/user/.m2/repository/jakarta/annotation/jakarta.annotation-api/1.3.4/jakarta.annotation-api-1.3.4.jar:/home/user/.m2/repository/org/glassfish/hk2/external/aopalliance-repackaged/2.5.0/aopalliance-repackaged-2.5.0.jar:/home/user/.m2/repository/com/fasterxml/jackson/dataformat/jackson-dataformat-xml/2.9.0/jackson-dataformat-xml-2.9.0.jar:/home/user/.m2/repository/com/fasterxml/jackson/core/jackson-core/2.9.9/jackson-core-2.9.9.jar:/home/user/.m2/repository/com/fasterxml/jackson/module/jackson-module-jaxb-annotations/2.9.9/jackson-module-jaxb-annotations-2.9.9.jar:/home/user/.m2/repository/javax/enterprise/cdi-api/1.2/cdi-api-1.2.jar:/home/user/.m2/repository/javax/el/javax.el-api/3.0.0/javax.el-api-3.0.0.jar:/home/user/.m2/repository/javax/interceptor/javax.interceptor-api/1.2/javax.interceptor-api-1.2.jar:/home/user/.m2/repository/javax/inject/javax.inject/1/javax.inject-1.jar:/home/user/.m2/repository/com/sun/xml/bind/jaxb-impl/2.3.0.1/jaxb-impl-2.3.0.1.jar:/home/user/.m2/repository/com/sun/xml/bind/jaxb-core/2.3.0.1/jaxb-core-2.3.0.1.jar:/home/user/.m2/repository/javax/xml/bind/jaxb-api/2.3.0/jaxb-api-2.3.0.jar:/home/user/.m2/repository/javax/activation/activation/1.1.1/activation-1.1.1.jar:/home/user/.m2/repository/org/apache/hadoop/hadoop-ozone-csi/0.5.0-SNAPSHOT/hadoop-ozone-csi-0.5.0-SNAPSHOT.jar:/home/user/.m2/repository/com/google/protobuf/protobuf-java-util/3.5.1/protobuf-java-util-3.5.1.jar:/home/user/.m2/repository/org/apache/hadoop/hadoop-hdds-config/0.5.0-SNAPSHOT/hadoop-hdds-config-0.5.0-SNAPSHOT.jar:/home/user/.m2/repository/io/grpc/grpc-netty/1.17.1/grpc-netty-1.17.1.jar:/home/user/.m2/repository/io/grpc/grpc-core/1.17.1/grpc-core-1.17.1.jar:/home/user/.m2/repository/io/grpc/grpc-context/1.17.1/grpc-context-1.17.1.jar:/home/user/.m2/repository/com/google/errorprone/error_prone_annotations/2.2.0/error_prone_annotations-2.2.0.jar:/home/user/.m2/repository/org/codehaus/mojo/animal-sniffer-annotations/1.17/animal-sniffer-annotations-1.17.jar:/home/user/.m2/repository/io/opencensus/opencensus-api/0.17.0/opencensus-api-0.17.0.jar:/home/user/.m2/repository/io/opencensus/opencensus-contrib-grpc-metrics/0.17.0/opencensus-contrib-grpc-metrics-0.17.0.jar:/home/user/.m2/repository/io/netty/netty-codec-http2/4.1.30.Final/netty-codec-http2-4.1.30.Final.jar:/home/user/.m2/repository/io/netty/netty-codec-http/4.1.30.Final/netty-codec-http-4.1.30.Final.jar:/home/user/.m2/repository/io/netty/netty-codec/4.1.30.Final/netty-codec-4.1.30.Final.jar:/home/user/.m2/repository/io/netty/netty-handler/4.1.30.Final/netty-handler-4.1.30.Final.jar:/home/user/.m2/repository/io/netty/netty-handler-proxy/4.1.30.Final/netty-handler-proxy-4.1.30.Final.jar:/home/user/.m2/repository/io/netty/netty-codec-socks/4.1.30.Final/netty-codec-socks-4.1.30.Final.jar:/home/user/.m2/repository/io/netty/netty-transport-native-epoll/4.1.30.Final/netty-transport-native-epoll-4.1.30.Final.jar:/home/user/.m2/repository/io/netty/netty-common/4.1.30.Final/netty-common-4.1.30.Final.jar:/home/user/.m2/repository/io/netty/netty-buffer/4.1.30.Final/netty-buffer-4.1.30.Final.jar:/home/user/.m2/repository/io/netty/netty-transport/4.1.30.Final/netty-transport-4.1.30.Final.jar:/home/user/.m2/repository/io/netty/netty-resolver/4.1.30.Final/netty-resolver-4.1.30.Final.jar:/home/user/.m2/repository/io/netty/netty-transport-native-unix-common/4.1.30.Final/netty-transport-native-unix-common-4.1.30.Final.jar:/home/user/.m2/repository/io/grpc/grpc-protobuf/1.17.1/grpc-protobuf-1.17.1.jar:/home/user/.m2/repository/com/google/api/grpc/proto-google-common-protos/1.0.0/proto-google-common-protos-1.0.0.jar:/home/user/.m2/repository/io/grpc/grpc-protobuf-lite/1.17.1/grpc-protobuf-lite-1.17.1.jar:/home/user/.m2/repository/io/grpc/grpc-stub/1.17.1/grpc-stub-1.17.1.jar:/home/user/.m2/repository/org/apache/hadoop/hadoop-ozone-recon/0.5.0-SNAPSHOT/hadoop-ozone-recon-0.5.0-SNAPSHOT.jar:/home/user/.m2/repository/org/apache/hadoop/hadoop-ozone-reconcodegen/0.5.0-SNAPSHOT/hadoop-ozone-reconcodegen-0.5.0-SNAPSHOT.jar:/home/user/.m2/repository/com/google/inject/extensions/guice-multibindings/4.0/guice-multibindings-4.0.jar:/home/user/.m2/repository/com/google/inject/guice/4.0/guice-4.0.jar:/home/user/.m2/repository/aopalliance/aopalliance/1.0/aopalliance-1.0.jar:/home/user/.m2/repository/com/google/inject/extensions/guice-servlet/4.0/guice-servlet-4.0.jar:/home/user/.m2/repository/org/glassfish/jersey/containers/jersey-container-servlet/2.27/jersey-container-servlet-2.27.jar:/home/user/.m2/repository/org/glassfish/hk2/guice-bridge/2.5.0/guice-bridge-2.5.0.jar:/home/user/.m2/repository/org/glassfish/jersey/core/jersey-server/2.27/jersey-server-2.27.jar:/home/user/.m2/repository/org/glassfish/jersey/core/jersey-client/2.27/jersey-client-2.27.jar:/home/user/.m2/repository/org/glassfish/jersey/media/jersey-media-jaxb/2.27/jersey-media-jaxb-2.27.jar:/home/user/.m2/repository/javax/validation/validation-api/1.1.0.Final/validation-api-1.1.0.Final.jar:/home/user/.m2/repository/org/glassfish/jersey/media/jersey-media-json-jackson/2.27/jersey-media-json-jackson-2.27.jar:/home/user/.m2/repository/org/glassfish/jersey/ext/jersey-entity-filtering/2.27/jersey-entity-filtering-2.27.jar:/home/user/.m2/repository/com/google/inject/extensions/guice-assistedinject/4.0/guice-assistedinject-4.0.jar:/home/user/.m2/repository/org/jooq/jooq/3.11.10/jooq-3.11.10.jar:/home/user/.m2/repository/org/jooq/jooq-meta/3.11.10/jooq-meta-3.11.10.jar:/home/user/.m2/repository/org/jooq/jooq-codegen/3.11.10/jooq-codegen-3.11.10.jar:/home/user/.m2/repository/com/jolbox/bonecp/0.8.0.RELEASE/bonecp-0.8.0.RELEASE.jar:/home/user/.m2/repository/org/xerial/sqlite-jdbc/3.25.2/sqlite-jdbc-3.25.2.jar:/home/user/.m2/repository/org/springframework/spring-jdbc/5.1.3.RELEASE/spring-jdbc-5.1.3.RELEASE.jar:/home/user/.m2/repository/org/springframework/spring-beans/5.1.3.RELEASE/spring-beans-5.1.3.RELEASE.jar:/home/user/.m2/repository/org/springframework/spring-core/5.1.3.RELEASE/spring-core-5.1.3.RELEASE.jar:/home/user/.m2/repository/org/springframework/spring-jcl/5.1.3.RELEASE/spring-jcl-5.1.3.RELEASE.jar:/home/user/.m2/repository/org/springframework/spring-tx/5.1.3.RELEASE/spring-tx-5.1.3.RELEASE.jar:/home/user/.m2/repository/org/apache/hadoop/hadoop-ozone-client/0.5.0-SNAPSHOT/hadoop-ozone-client-0.5.0-SNAPSHOT.jar:/home/user/.m2/repository/commons-lang/commons-lang/2.6/commons-lang-2.6.jar:/home/user/.m2/repository/org/apache/hadoop/hadoop-ozone-ozone-manager/0.5.0-SNAPSHOT/hadoop-ozone-ozone-manager-0.5.0-SNAPSHOT-tests.jar:/home/user/.m2/repository/junit/junit/4.11/junit-4.11.jar:/home/user/.m2/repository/org/hamcrest/hamcrest-core/1.3/hamcrest-core-1.3.jar:/home/user/.m2/repository/org/openjdk/jmh/jmh-core/1.19/jmh-core-1.19.jar:/home/user/.m2/repository/net/sf/jopt-simple/jopt-simple/4.6/jopt-simple-4.6.jar:/home/user/.m2/repository/org/apache/commons/commons-math3/3.1.1/commons-math3-3.1.1.jar:/home/user/.m2/repository/org/openjdk/jmh/jmh-generator-annprocess/1.19/jmh-generator-annprocess-1.19.jar:/home/user/.m2/repository/org/mockito/mockito-all/1.8.5/mockito-all-1.8.5.jar:/home/user/.m2/repository/org/apache/hadoop/hadoop-kms/3.2.0/hadoop-kms-3.2.0.jar:/home/user/.m2/repository/org/apache/hadoop/hadoop-auth/3.2.0/hadoop-auth-3.2.0.jar:/home/user/.m2/repository/com/nimbusds/nimbus-jose-jwt/4.41.1/nimbus-jose-jwt-4.41.1.jar:/home/user/.m2/repository/com/github/stephenc/jcip/jcip-annotations/1.0-1/jcip-annotations-1.0-1.jar:/home/user/.m2/repository/net/minidev/json-smart/2.3/json-smart-2.3.jar:/home/user/.m2/repository/net/minidev/accessors-smart/1.2/accessors-smart-1.2.jar:/home/user/.m2/repository/org/ow2/asm/asm/5.0.4/asm-5.0.4.jar:/home/user/.m2/repository/org/apache/curator/curator-framework/2.12.0/curator-framework-2.12.0.jar:/home/user/.m2/repository/com/sun/jersey/jersey-core/1.19/jersey-core-1.19.jar:/home/user/.m2/repository/javax/ws/rs/jsr311-api/1.1.1/jsr311-api-1.1.1.jar:/home/user/.m2/repository/com/sun/jersey/jersey-server/1.19/jersey-server-1.19.jar:/home/user/.m2/repository/javax/servlet/javax.servlet-api/3.1.0/javax.servlet-api-3.1.0.jar:/home/user/.m2/repository/org/eclipse/jetty/jetty-server/9.3.25.v20180904/jetty-server-9.3.25.v20180904.jar:/home/user/.m2/repository/org/eclipse/jetty/jetty-http/9.3.25.v20180904/jetty-http-9.3.25.v20180904.jar:/home/user/.m2/repository/org/eclipse/jetty/jetty-io/9.3.25.v20180904/jetty-io-9.3.25.v20180904.jar:/home/user/.m2/repository/org/eclipse/jetty/jetty-webapp/9.3.25.v20180904/jetty-webapp-9.3.25.v20180904.jar:/home/user/.m2/repository/org/eclipse/jetty/jetty-xml/9.3.25.v20180904/jetty-xml-9.3.25.v20180904.jar:/home/user/.m2/repository/log4j/log4j/1.2.17/log4j-1.2.17.jar:/home/user/.m2/repository/org/slf4j/slf4j-api/1.7.25/slf4j-api-1.7.25.jar:/home/user/.m2/repository/org/slf4j/jul-to-slf4j/1.7.25/jul-to-slf4j-1.7.25.jar:/home/user/.m2/repository/org/eclipse/jetty/jetty-util/9.3.25.v20180904/jetty-util-9.3.25.v20180904.jar:/home/user/.m2/repository/com/fasterxml/jackson/core/jackson-databind/2.9.9/jackson-databind-2.9.9.jar:/home/user/.m2/repository/org/apache/hadoop/hadoop-kms/3.2.0/hadoop-kms-3.2.0-tests.jar:/home/user/.m2/repository/org/apache/hadoop/hadoop-hdds-server-scm/0.5.0-SNAPSHOT/hadoop-hdds-server-scm-0.5.0-SNAPSHOT-tests.jar:/home/user/.m2/repository/org/apache/hadoop/hadoop-hdds-container-service/0.5.0-SNAPSHOT/hadoop-hdds-container-service-0.5.0-SNAPSHOT-tests.jar:/home/user/.m2/repository/org/yaml/snakeyaml/1.16/snakeyaml-1.16.jar:/home/user/.m2/repository/org/apache/hadoop/hadoop-common/3.2.0/hadoop-common-3.2.0-tests.jar:/home/user/.m2/repository/org/apache/hadoop/hadoop-annotations/3.2.0/hadoop-annotations-3.2.0.jar:/usr/lib/jvm/java-1.8-openjdk/jre/../lib/tools.jar:/home/user/.m2/repository/commons-cli/commons-cli/1.2/commons-cli-1.2.jar:/home/user/.m2/repository/org/apache/httpcomponents/httpclient/4.5.2/httpclient-4.5.2.jar:/home/user/.m2/repository/org/apache/httpcomponents/httpcore/4.4.4/httpcore-4.4.4.jar:/home/user/.m2/repository/commons-codec/commons-codec/1.11/commons-codec-1.11.jar:/home/user/.m2/repository/commons-net/commons-net/3.6/commons-net-3.6.jar:/home/user/.m2/repository/commons-collections/commons-collections/3.2.2/commons-collections-3.2.2.jar:/home/user/.m2/repository/org/eclipse/jetty/jetty-servlet/9.3.25.v20180904/jetty-servlet-9.3.25.v20180904.jar:/home/user/.m2/repository/org/eclipse/jetty/jetty-security/9.3.25.v20180904/jetty-security-9.3.25.v20180904.jar:/home/user/.m2/repository/javax/servlet/jsp/jsp-api/2.1/jsp-api-2.1.jar:/home/user/.m2/repository/com/sun/jersey/jersey-servlet/1.19/jersey-servlet-1.19.jar:/home/user/.m2/repository/com/sun/jersey/jersey-json/1.19/jersey-json-1.19.jar:/home/user/.m2/repository/org/codehaus/jettison/jettison/1.1/jettison-1.1.jar:/home/user/.m2/repository/org/codehaus/jackson/jackson-core-asl/1.9.13/jackson-core-asl-1.9.13.jar:/home/user/.m2/repository/org/codehaus/jackson/jackson-mapper-asl/1.9.13/jackson-mapper-asl-1.9.13.jar:/home/user/.m2/repository/org/codehaus/jackson/jackson-jaxrs/1.9.13/jackson-jaxrs-1.9.13.jar:/home/user/.m2/repository/org/codehaus/jackson/jackson-xc/1.9.13/jackson-xc-1.9.13.jar:/home/user/.m2/repository/commons-logging/commons-logging/1.1.3/commons-logging-1.1.3.jar:/home/user/.m2/repository/commons-beanutils/commons-beanutils/1.9.4/commons-beanutils-1.9.4.jar:/home/user/.m2/repository/org/apache/commons/commons-configuration2/2.1.1/commons-configuration2-2.1.1.jar:/home/user/.m2/repository/org/apache/commons/commons-lang3/3.7/commons-lang3-3.7.jar:/home/user/.m2/repository/org/apache/commons/commons-text/1.4/commons-text-1.4.jar:/home/user/.m2/repository/org/apache/avro/avro/1.7.7/avro-1.7.7.jar:/home/user/.m2/repository/com/thoughtworks/paranamer/paranamer/2.3/paranamer-2.3.jar:/home/user/.m2/repository/org/xerial/snappy/snappy-java/1.0.5/snappy-java-1.0.5.jar:/home/user/.m2/repository/com/google/re2j/re2j/1.1/re2j-1.1.jar:/home/user/.m2/repository/com/google/code/gson/gson/2.2.4/gson-2.2.4.jar:/home/user/.m2/repository/com/jcraft/jsch/0.1.54/jsch-0.1.54.jar:/home/user/.m2/repository/org/apache/curator/curator-client/2.12.0/curator-client-2.12.0.jar:/home/user/.m2/repository/org/apache/curator/curator-recipes/2.12.0/curator-recipes-2.12.0.jar:/home/user/.m2/repository/com/google/code/findbugs/jsr305/3.0.0/jsr305-3.0.0.jar:/home/user/.m2/repository/org/apache/htrace/htrace-core4/4.1.0-incubating/htrace-core4-4.1.0-incubating.jar:/home/user/.m2/repository/org/apache/zookeeper/zookeeper/3.4.13/zookeeper-3.4.13.jar:/home/user/.m2/repository/jline/jline/0.9.94/jline-0.9.94.jar:/home/user/.m2/repository/org/apache/yetus/audience-annotations/0.5.0/audience-annotations-0.5.0.jar:/home/user/.m2/repository/org/codehaus/woodstox/stax2-api/3.1.4/stax2-api-3.1.4.jar:/home/user/.m2/repository/com/fasterxml/woodstox/woodstox-core/5.0.3/woodstox-core-5.0.3.jar:/home/user/.m2/repository/dnsjava/dnsjava/2.1.7/dnsjava-2.1.7.jar:/home/user/.m2/repository/org/apache/hadoop/hadoop-hdfs/3.2.0/hadoop-hdfs-3.2.0-tests.jar:/home/user/.m2/repository/org/eclipse/jetty/jetty-util-ajax/9.3.25.v20180904/jetty-util-ajax-9.3.25.v20180904.jar:/home/user/.m2/repository/commons-daemon/commons-daemon/1.0.13/commons-daemon-1.0.13.jar:/home/user/.m2/repository/io/netty/netty/3.10.5.Final/netty-3.10.5.Final.jar:/home/user/.m2/repository/io/netty/netty-all/4.0.52.Final/netty-all-4.0.52.Final.jar:/home/user/.m2/repository/org/fusesource/leveldbjni/leveldbjni-all/1.8/leveldbjni-all-1.8.jar:"/>
    <property name="sun.cpu.endian" value="little"/>
    <property name="user.home" value="/home/user"/>
    <property name="user.language" value="en"/>
    <property name="java.specification.vendor" value="Oracle Corporation"/>
    <property name="java.home" value="/usr/lib/jvm/java-1.8-openjdk/jre"/>
    <property name="java.security.krb5.conf" value="/workdir/hadoop-ozone/integration-test/target/test-classes/krb5.conf"/>
    <property name="basedir" value="/workdir/hadoop-ozone/integration-test"/>
    <property name="file.separator" value="/"/>
    <property name="line.separator" value="&#10;"/>
    <property name="java.vm.specification.vendor" value="Oracle Corporation"/>
    <property name="java.specification.name" value="Java Platform API Specification"/>
    <property name="java.awt.graphicsenv" value="sun.awt.X11GraphicsEnvironment"/>
    <property name="surefire.real.class.path" value="/workdir/hadoop-ozone/integration-test/target/surefire/surefirebooter6991192899301527540.jar"/>
    <property name="hadoop.log.dir" value="/workdir/hadoop-ozone/integration-test/target/log"/>
    <property name="sun.boot.class.path" value="/usr/lib/jvm/java-1.8-openjdk/jre/lib/resources.jar:/usr/lib/jvm/java-1.8-openjdk/jre/lib/rt.jar:/usr/lib/jvm/java-1.8-openjdk/jre/lib/sunrsasign.jar:/usr/lib/jvm/java-1.8-openjdk/jre/lib/jsse.jar:/usr/lib/jvm/java-1.8-openjdk/jre/lib/jce.jar:/usr/lib/jvm/java-1.8-openjdk/jre/lib/charsets.jar:/usr/lib/jvm/java-1.8-openjdk/jre/lib/jfr.jar:/usr/lib/jvm/java-1.8-openjdk/jre/classes"/>
    <property name="sun.management.compiler" value="HotSpot 64-Bit Tiered Compilers"/>
    <property name="java.runtime.version" value="1.8.0_212-b04"/>
    <property name="java.net.preferIPv4Stack" value="true"/>
    <property name="user.name" value="jenkins1000"/>
    <property name="path.separator" value=":"/>
    <property name="java.security.egd" value="file:///dev/urandom"/>
    <property name="os.version" value="3.10.0-957.12.2.el7.x86_64"/>
    <property name="java.endorsed.dirs" value="/usr/lib/jvm/java-1.8-openjdk/jre/lib/endorsed"/>
    <property name="java.runtime.name" value="OpenJDK Runtime Environment"/>
    <property name="file.encoding" value="UTF-8"/>
    <property name="java.vm.name" value="OpenJDK 64-Bit Server VM"/>
    <property name="test.build.webapps" value=""/>
    <property name="localRepository" value="/home/user/.m2/repository"/>
    <property name="java.vendor.url.bug" value="https://icedtea.classpath.org/bugzilla"/>
    <property name="java.io.tmpdir" value="/tmp"/>
    <property name="require.test.libhadoop" value=""/>
    <property name="java.version" value="1.8.0_212"/>
    <property name="user.dir" value="/workdir/hadoop-ozone/integration-test"/>
    <property name="os.arch" value="amd64"/>
    <property name="java.vm.specification.name" value="Java Virtual Machine Specification"/>
    <property name="test.build.classes" value="/workdir/hadoop-ozone/integration-test/target/test-classes"/>
    <property name="java.awt.printerjob" value="sun.print.PSPrinterJob"/>
    <property name="sun.os.patch.level" value="unknown"/>
    <property name="hadoop.tmp.dir" value="/workdir/hadoop-ozone/integration-test/target/tmp"/>
    <property name="java.library.path" value="/usr/lib/jvm/java-1.8-openjdk/jre/lib/amd64/server:/usr/lib/jvm/java-1.8-openjdk/jre/lib/amd64:/usr/lib/jvm/java-1.8-openjdk/jre/../lib/amd64:/workdir/hadoop-ozone/integration-test/target/native/target/usr/local/lib:/workdir/hadoop-ozone/integration-test/../../hadoop-common-project/hadoop-common/target/native/target/usr/local/lib:/usr/java/packages/lib/amd64:/usr/lib64:/lib64:/lib:/usr/lib"/>
    <property name="java.vm.info" value="mixed mode"/>
    <property name="java.vendor" value="IcedTea"/>
    <property name="java.vm.version" value="25.212-b04"/>
    <property name="java.ext.dirs" value="/usr/lib/jvm/java-1.8-openjdk/jre/lib/ext:/usr/java/packages/lib/ext"/>
    <property name="sun.io.unicode.encoding" value="UnicodeLittle"/>
    <property name="java.class.version" value="52.0"/>
  </properties>
  <testcase name="testGroupMismatchExceptionHandling" classname="org.apache.hadoop.ozone.client.rpc.TestOzoneClientRetriesOnException" time="44.321"/>
  <testcase name="testMaxRetriesByOzoneClient" classname="org.apache.hadoop.ozone.client.rpc.TestOzoneClientRetriesOnException" time="124.929">
    <error message="Failed to command cmdType: CreateContainer&#10;containerID: 1&#10;datanodeUuid: &quot;8115872d-0c95-4e59-8e34-d456d7ae9ddb&quot;&#10;createContainer {&#10;}&#10;" type="java.io.IOException">java.io.IOException: 
Failed to command cmdType: CreateContainer
containerID: 1
datanodeUuid: "8115872d-0c95-4e59-8e34-d456d7ae9ddb"
createContainer {
}

	at org.apache.hadoop.hdds.scm.XceiverClientSpi.sendCommand(XceiverClientSpi.java:113)
	at org.apache.hadoop.ozone.client.rpc.TestOzoneClientRetriesOnException.testMaxRetriesByOzoneClient(TestOzoneClientRetriesOnException.java:190)
	at sun.reflect.NativeMethodAccessorImpl.invoke0(Native Method)
	at sun.reflect.NativeMethodAccessorImpl.invoke(NativeMethodAccessorImpl.java:62)
	at sun.reflect.DelegatingMethodAccessorImpl.invoke(DelegatingMethodAccessorImpl.java:43)
	at java.lang.reflect.Method.invoke(Method.java:498)
	at org.junit.runners.model.FrameworkMethod$1.runReflectiveCall(FrameworkMethod.java:47)
	at org.junit.internal.runners.model.ReflectiveCallable.run(ReflectiveCallable.java:12)
	at org.junit.runners.model.FrameworkMethod.invokeExplosively(FrameworkMethod.java:44)
	at org.junit.internal.runners.statements.InvokeMethod.evaluate(InvokeMethod.java:17)
	at org.junit.internal.runners.statements.RunBefores.evaluate(RunBefores.java:26)
	at org.junit.internal.runners.statements.RunAfters.evaluate(RunAfters.java:27)
	at org.junit.runners.ParentRunner.runLeaf(ParentRunner.java:271)
	at org.junit.runners.BlockJUnit4ClassRunner.runChild(BlockJUnit4ClassRunner.java:70)
	at org.junit.runners.BlockJUnit4ClassRunner.runChild(BlockJUnit4ClassRunner.java:50)
	at org.junit.runners.ParentRunner$3.run(ParentRunner.java:238)
	at org.junit.runners.ParentRunner$1.schedule(ParentRunner.java:63)
	at org.junit.runners.ParentRunner.runChildren(ParentRunner.java:236)
	at org.junit.runners.ParentRunner.access$000(ParentRunner.java:53)
	at org.junit.runners.ParentRunner$2.evaluate(ParentRunner.java:229)
	at org.junit.runners.ParentRunner.run(ParentRunner.java:309)
	at org.apache.maven.surefire.junit4.JUnit4Provider.execute(JUnit4Provider.java:365)
	at org.apache.maven.surefire.junit4.JUnit4Provider.executeWithRerun(JUnit4Provider.java:273)
	at org.apache.maven.surefire.junit4.JUnit4Provider.executeTestSet(JUnit4Provider.java:238)
	at org.apache.maven.surefire.junit4.JUnit4Provider.invoke(JUnit4Provider.java:159)
	at org.apache.maven.surefire.booter.ForkedBooter.invokeProviderInSameClassLoader(ForkedBooter.java:384)
	at org.apache.maven.surefire.booter.ForkedBooter.runSuitesInProcess(ForkedBooter.java:345)
	at org.apache.maven.surefire.booter.ForkedBooter.execute(ForkedBooter.java:126)
	at org.apache.maven.surefire.booter.ForkedBooter.main(ForkedBooter.java:418)
Caused by: java.util.concurrent.ExecutionException: org.apache.ratis.protocol.RaftRetryFailureException: Failed RaftClientRequest:client-81C9FC35C920->23205af3-9a5e-419b-ac4c-99a3f7ef887f@group-69117FFD6241, cid=45, seq=4*, RW, org.apache.hadoop.hdds.scm.XceiverClientRatis$$Lambda$347/1036606347@6e7053fb for 180 attempts with RetryLimited(maxAttempts=180, sleepTime=1000ms)
	at java.util.concurrent.CompletableFuture.reportGet(CompletableFuture.java:357)
	at java.util.concurrent.CompletableFuture.get(CompletableFuture.java:1895)
	at org.apache.hadoop.hdds.scm.XceiverClientSpi.sendCommand(XceiverClientSpi.java:110)
	... 28 more
Caused by: org.apache.ratis.protocol.RaftRetryFailureException: Failed RaftClientRequest:client-81C9FC35C920->23205af3-9a5e-419b-ac4c-99a3f7ef887f@group-69117FFD6241, cid=45, seq=4*, RW, org.apache.hadoop.hdds.scm.XceiverClientRatis$$Lambda$347/1036606347@6e7053fb for 180 attempts with RetryLimited(maxAttempts=180, sleepTime=1000ms)
	at org.apache.ratis.client.impl.RaftClientImpl.noMoreRetries(RaftClientImpl.java:271)
	at org.apache.ratis.client.impl.OrderedAsync.handleAsyncRetryFailure(OrderedAsync.java:138)
	at org.apache.ratis.client.impl.OrderedAsync.lambda$sendRequest$10(OrderedAsync.java:230)
	at java.util.concurrent.CompletableFuture.uniExceptionally(CompletableFuture.java:870)
	at java.util.concurrent.CompletableFuture$UniExceptionally.tryFire(CompletableFuture.java:852)
	at java.util.concurrent.CompletableFuture.postComplete(CompletableFuture.java:474)
	at java.util.concurrent.CompletableFuture.completeExceptionally(CompletableFuture.java:1977)
	at org.apache.ratis.grpc.client.GrpcClientProtocolClient$AsyncStreamObservers.completeReplyExceptionally(GrpcClientProtocolClient.java:339)
	at org.apache.ratis.grpc.client.GrpcClientProtocolClient$AsyncStreamObservers.access$000(GrpcClientProtocolClient.java:255)
	at org.apache.ratis.grpc.client.GrpcClientProtocolClient$AsyncStreamObservers$1.onNext(GrpcClientProtocolClient.java:267)
	at org.apache.ratis.grpc.client.GrpcClientProtocolClient$AsyncStreamObservers$1.onNext(GrpcClientProtocolClient.java:258)
	at org.apache.ratis.thirdparty.io.grpc.stub.ClientCalls$StreamObserverToCallListenerAdapter.onMessage(ClientCalls.java:421)
	at org.apache.ratis.thirdparty.io.grpc.ForwardingClientCallListener.onMessage(ForwardingClientCallListener.java:33)
	at org.apache.ratis.thirdparty.io.grpc.ForwardingClientCallListener.onMessage(ForwardingClientCallListener.java:33)
	at org.apache.ratis.thirdparty.io.grpc.internal.ClientCallImpl$ClientStreamListenerImpl$1MessagesAvailable.runInContext(ClientCallImpl.java:519)
	at org.apache.ratis.thirdparty.io.grpc.internal.ContextRunnable.run(ContextRunnable.java:37)
	at org.apache.ratis.thirdparty.io.grpc.internal.SerializingExecutor.run(SerializingExecutor.java:123)
	at java.util.concurrent.ThreadPoolExecutor.runWorker(ThreadPoolExecutor.java:1149)
	at java.util.concurrent.ThreadPoolExecutor$Worker.run(ThreadPoolExecutor.java:624)
	at java.lang.Thread.run(Thread.java:748)
Caused by: org.apache.ratis.protocol.NotLeaderException: Server 23205af3-9a5e-419b-ac4c-99a3f7ef887f@group-69117FFD6241 is not the leader 8115872d-0c95-4e59-8e34-d456d7ae9ddb:192.168.151.105:41196
	at org.apache.ratis.client.impl.ClientProtoUtils.toRaftClientReply(ClientProtoUtils.java:243)
	at org.apache.ratis.grpc.client.GrpcClientProtocolClient$AsyncStreamObservers$1.onNext(GrpcClientProtocolClient.java:263)
	... 10 more
</error>
    <system-out><![CDATA[2019-09-27 17:44:50,733 [main] WARN  server.ServerUtils (ServerUtils.java:getScmDbDir(145)) - ozone.scm.db.dirs is not configured. We recommend adding this setting. Falling back to ozone.metadata.dirs instead.
2019-09-27 17:44:50,748 [main] WARN  server.ServerUtils (ServerUtils.java:getScmDbDir(145)) - ozone.scm.db.dirs is not configured. We recommend adding this setting. Falling back to ozone.metadata.dirs instead.
2019-09-27 17:44:50,748 [main] WARN  server.ServerUtils (ServerUtils.java:getScmDbDir(145)) - ozone.scm.db.dirs is not configured. We recommend adding this setting. Falling back to ozone.metadata.dirs instead.
2019-09-27 17:44:50,749 [main] INFO  db.DBStoreBuilder (DBStoreBuilder.java:addTable(110)) - using custom profile for table: deletedBlocks
2019-09-27 17:44:50,749 [main] INFO  db.DBStoreBuilder (DBStoreBuilder.java:processTables(161)) - Using default column profile:DBProfile.DISK for Table:deletedBlocks
2019-09-27 17:44:50,749 [main] INFO  db.DBStoreBuilder (DBStoreBuilder.java:addTable(110)) - using custom profile for table: validCerts
2019-09-27 17:44:50,749 [main] INFO  db.DBStoreBuilder (DBStoreBuilder.java:processTables(161)) - Using default column profile:DBProfile.DISK for Table:validCerts
2019-09-27 17:44:50,750 [main] INFO  db.DBStoreBuilder (DBStoreBuilder.java:addTable(110)) - using custom profile for table: revokedCerts
2019-09-27 17:44:50,750 [main] INFO  db.DBStoreBuilder (DBStoreBuilder.java:processTables(161)) - Using default column profile:DBProfile.DISK for Table:revokedCerts
2019-09-27 17:44:50,750 [main] INFO  db.DBStoreBuilder (DBStoreBuilder.java:addTable(110)) - using custom profile for table: default
2019-09-27 17:44:50,750 [main] INFO  db.DBStoreBuilder (DBStoreBuilder.java:processTables(167)) - Using default column profile:DBProfile.DISK for Table:default
2019-09-27 17:44:50,750 [main] INFO  db.DBStoreBuilder (DBStoreBuilder.java:getDbProfile(198)) - Using default options. DBProfile.DISK
2019-09-27 17:44:50,980 [main] INFO  net.NodeSchemaLoader (NodeSchemaLoader.java:loadSchemaFromFile(125)) - Loading file from sun.misc.CompoundEnumeration@949c598
2019-09-27 17:44:50,980 [main] INFO  net.NodeSchemaLoader (NodeSchemaLoader.java:loadSchema(171)) - Loading network topology layer schema file
2019-09-27 17:44:50,985 [main] WARN  server.ServerUtils (ServerUtils.java:sanitizeUserArgs(70)) - ozone.scm.stale.node.interval value = 300000 is larger than max = 100000 based on the key value of ozone.scm.heartbeat.thread.interval, reset to the max value 100000.
2019-09-27 17:44:50,986 [main] WARN  server.ServerUtils (ServerUtils.java:sanitizeUserArgs(70)) - ozone.scm.stale.node.interval value = 300000 is larger than max = 100000 based on the key value of ozone.scm.heartbeat.thread.interval, reset to the max value 100000.
2019-09-27 17:44:50,986 [main] INFO  node.SCMNodeManager (SCMNodeManager.java:<init>(114)) - Entering startup safe mode.
2019-09-27 17:44:50,987 [main] INFO  algorithms.ContainerPlacementPolicyFactory (ContainerPlacementPolicyFactory.java:getPolicy(57)) - Create container placement policy of type org.apache.hadoop.hdds.scm.container.placement.algorithms.SCMContainerPlacementRandom
2019-09-27 17:44:50,987 [main] WARN  server.ServerUtils (ServerUtils.java:getScmDbDir(145)) - ozone.scm.db.dirs is not configured. We recommend adding this setting. Falling back to ozone.metadata.dirs instead.
2019-09-27 17:44:51,069 [main] INFO  pipeline.SCMPipelineManager (SCMPipelineManager.java:initializePipelineState(132)) - No pipeline exists in current db
2019-09-27 17:44:51,069 [main] WARN  server.ServerUtils (ServerUtils.java:getScmDbDir(145)) - ozone.scm.db.dirs is not configured. We recommend adding this setting. Falling back to ozone.metadata.dirs instead.
2019-09-27 17:44:51,144 [main] WARN  events.EventQueue (EventQueue.java:fireEvent(183)) - No event handler registered for event TypedEvent{payloadType=SafeModeStatus, name='SafeModeStatus'}
2019-09-27 17:44:51,145 [main] INFO  ipc.CallQueueManager (CallQueueManager.java:<init>(84)) - Using callQueue: class java.util.concurrent.LinkedBlockingQueue, queueCapacity: 2000, scheduler: class org.apache.hadoop.ipc.DefaultRpcScheduler, ipcBackoff: false.
2019-09-27 17:44:51,145 [Socket Reader #1 for port 37714] INFO  ipc.Server (Server.java:run(1074)) - Starting Socket Reader #1 for port 37714
2019-09-27 17:44:51,148 [main] INFO  ipc.CallQueueManager (CallQueueManager.java:<init>(84)) - Using callQueue: class java.util.concurrent.LinkedBlockingQueue, queueCapacity: 2000, scheduler: class org.apache.hadoop.ipc.DefaultRpcScheduler, ipcBackoff: false.
2019-09-27 17:44:51,148 [Socket Reader #1 for port 37422] INFO  ipc.Server (Server.java:run(1074)) - Starting Socket Reader #1 for port 37422
2019-09-27 17:44:51,150 [main] INFO  ipc.CallQueueManager (CallQueueManager.java:<init>(84)) - Using callQueue: class java.util.concurrent.LinkedBlockingQueue, queueCapacity: 2000, scheduler: class org.apache.hadoop.ipc.DefaultRpcScheduler, ipcBackoff: false.
2019-09-27 17:44:51,151 [Socket Reader #1 for port 38064] INFO  ipc.Server (Server.java:run(1074)) - Starting Socket Reader #1 for port 38064
2019-09-27 17:44:51,153 [main] INFO  hdfs.DFSUtil (DFSUtil.java:httpServerTemplateForNNAndJN(1641)) - Starting Web-server for scm at: http://0.0.0.0:0
2019-09-27 17:44:51,155 [main] INFO  server.AuthenticationFilter (AuthenticationFilter.java:constructSecretProvider(240)) - Unable to initialize FileSignerSecretProvider, falling back to use random secrets.
2019-09-27 17:44:51,156 [main] WARN  http.HttpRequestLog (HttpRequestLog.java:getRequestLog(97)) - Jetty request log can only be enabled using Log4j
2019-09-27 17:44:51,158 [main] INFO  http.HttpServer2 (HttpServer2.java:addGlobalFilter(975)) - Added global filter 'safety' (class=org.apache.hadoop.http.HttpServer2$QuotingInputFilter)
2019-09-27 17:44:51,158 [main] INFO  http.HttpServer2 (HttpServer2.java:addFilter(948)) - Added filter static_user_filter (class=org.apache.hadoop.http.lib.StaticUserWebFilter$StaticUserFilter) to context scm
2019-09-27 17:44:51,159 [main] INFO  http.HttpServer2 (HttpServer2.java:addFilter(958)) - Added filter static_user_filter (class=org.apache.hadoop.http.lib.StaticUserWebFilter$StaticUserFilter) to context static
2019-09-27 17:44:51,159 [main] INFO  http.HttpServer2 (HttpServer2.java:addFilter(958)) - Added filter static_user_filter (class=org.apache.hadoop.http.lib.StaticUserWebFilter$StaticUserFilter) to context logs
2019-09-27 17:44:51,161 [main] INFO  server.StorageContainerManager (StorageContainerManager.java:start(770)) - StorageContainerLocationProtocol RPC server is listening at /0.0.0.0:38064
2019-09-27 17:44:51,163 [main] WARN  impl.MetricsConfig (MetricsConfig.java:loadFirst(134)) - Cannot locate configuration: tried hadoop-metrics2-storagecontainermanager.properties,hadoop-metrics2.properties
2019-09-27 17:44:51,164 [main] INFO  impl.MetricsSystemImpl (MetricsSystemImpl.java:startTimer(374)) - Scheduled Metric snapshot period at 10 second(s).
2019-09-27 17:44:51,165 [main] INFO  impl.MetricsSystemImpl (MetricsSystemImpl.java:start(191)) - StorageContainerManager metrics system started
2019-09-27 17:44:51,203 [main] WARN  impl.MetricsSystemImpl (MetricsSystemImpl.java:register(276)) - Sink prometheus already exists!
2019-09-27 17:44:51,208 [main] INFO  server.SCMClientProtocolServer (SCMClientProtocolServer.java:start(150)) - RPC server for Client  is listening at /0.0.0.0:38064
2019-09-27 17:44:51,208 [IPC Server Responder] INFO  ipc.Server (Server.java:run(1314)) - IPC Server Responder: starting
2019-09-27 17:44:51,208 [IPC Server listener on 38064] INFO  ipc.Server (Server.java:run(1153)) - IPC Server listener on 38064: starting
2019-09-27 17:44:51,212 [main] INFO  server.StorageContainerManager (StorageContainerManager.java:start(780)) - ScmBlockLocationProtocol RPC server is listening at /0.0.0.0:37422
2019-09-27 17:44:51,212 [main] INFO  server.SCMBlockProtocolServer (SCMBlockProtocolServer.java:start(146)) - RPC server for Block Protocol is listening at /0.0.0.0:37422
2019-09-27 17:44:51,213 [IPC Server Responder] INFO  ipc.Server (Server.java:run(1314)) - IPC Server Responder: starting
2019-09-27 17:44:51,213 [IPC Server listener on 37422] INFO  ipc.Server (Server.java:run(1153)) - IPC Server listener on 37422: starting
2019-09-27 17:44:51,217 [main] INFO  server.StorageContainerManager (StorageContainerManager.java:start(784)) - ScmDatanodeProtocl RPC server is listening at /0.0.0.0:37714
2019-09-27 17:44:51,217 [main] INFO  server.SCMDatanodeProtocolServer (SCMDatanodeProtocolServer.java:start(191)) - RPC server for DataNodes is listening at /0.0.0.0:37714
2019-09-27 17:44:51,217 [IPC Server Responder] INFO  ipc.Server (Server.java:run(1314)) - IPC Server Responder: starting
2019-09-27 17:44:51,217 [IPC Server listener on 37714] INFO  ipc.Server (Server.java:run(1153)) - IPC Server listener on 37714: starting
2019-09-27 17:44:51,221 [main] INFO  http.HttpServer2 (HttpServer2.java:bindListener(1191)) - Jetty bound to port 45440
2019-09-27 17:44:51,221 [main] INFO  server.Server (Server.java:doStart(351)) - jetty-9.3.25.v20180904, build timestamp: 2018-09-04T21:11:46Z, git hash: 3ce520221d0240229c862b122d2b06c12a625732
2019-09-27 17:44:51,223 [main] INFO  handler.ContextHandler (ContextHandler.java:doStart(781)) - Started o.e.j.s.ServletContextHandler@74d6736{/logs,file:///workdir/hadoop-ozone/integration-test/target/log,AVAILABLE}
2019-09-27 17:44:51,223 [main] INFO  handler.ContextHandler (ContextHandler.java:doStart(781)) - Started o.e.j.s.ServletContextHandler@668625f5{/static,file:///workdir/hadoop-ozone/integration-test/target/test-classes/webapps/static,AVAILABLE}
2019-09-27 17:44:51,228 [main] INFO  handler.ContextHandler (ContextHandler.java:doStart(781)) - Started o.e.j.w.WebAppContext@d257579{/,file:///workdir/hadoop-ozone/integration-test/target/test-classes/webapps/scm/,AVAILABLE}{/scm}
2019-09-27 17:44:51,228 [main] INFO  server.AbstractConnector (AbstractConnector.java:doStart(278)) - Started ServerConnector@518ddd3b{HTTP/1.1,[http/1.1]}{0.0.0.0:45440}
2019-09-27 17:44:51,229 [main] INFO  server.Server (Server.java:doStart(419)) - Started @45305ms
2019-09-27 17:44:51,229 [main] WARN  impl.MetricsSystemImpl (MetricsSystemImpl.java:register(276)) - Sink prometheus already exists!
2019-09-27 17:44:51,230 [main] INFO  server.BaseHttpServer (BaseHttpServer.java:updateConnectorAddress(215)) - HTTP server of SCM is listening at http://0.0.0.0:45440
2019-09-27 17:44:51,231 [main] WARN  server.ServerUtils (ServerUtils.java:getDBPath(222)) - ozone.om.db.dirs is not configured. We recommend adding this setting. Falling back to ozone.metadata.dirs instead.
2019-09-27 17:44:51,231 [org.apache.hadoop.util.JvmPauseMonitor$Monitor@6e0e5dec] INFO  util.JvmPauseMonitor (JvmPauseMonitor.java:run(188)) - Starting JVM pause monitor
2019-09-27 17:44:51,256 [main] WARN  server.ServerUtils (ServerUtils.java:getDBPath(222)) - ozone.om.db.dirs is not configured. We recommend adding this setting. Falling back to ozone.metadata.dirs instead.
2019-09-27 17:44:51,256 [main] WARN  server.ServerUtils (ServerUtils.java:getDBPath(222)) - ozone.om.db.dirs is not configured. We recommend adding this setting. Falling back to ozone.metadata.dirs instead.
2019-09-27 17:44:51,257 [main] INFO  om.OzoneManager (OzoneManager.java:setOMNodeDetails(652)) - OM Service ID is not set. Setting it to the default ID: omServiceIdDefault
2019-09-27 17:44:51,257 [main] INFO  om.OzoneManager (OzoneManager.java:setOMNodeDetails(658)) - OM Node ID is not set. Setting it to the OmStorage's OmID: 770b4f88-7dd0-416d-8dd7-3aa3bddcd92c
2019-09-27 17:44:51,257 [main] INFO  om.OzoneManager (OzoneManager.java:loadOMHAConfigs(609)) - Found matching OM address with OMServiceId: null, OMNodeId: null, RPC Address: localhost:0 and Ratis port: 9872
2019-09-27 17:44:51,265 [main] WARN  server.ServerUtils (ServerUtils.java:getDBPath(222)) - ozone.om.db.dirs is not configured. We recommend adding this setting. Falling back to ozone.metadata.dirs instead.
2019-09-27 17:44:51,266 [main] INFO  db.DBStoreBuilder (DBStoreBuilder.java:addTable(110)) - using custom profile for table: userTable
2019-09-27 17:44:51,266 [main] INFO  db.DBStoreBuilder (DBStoreBuilder.java:processTables(161)) - Using default column profile:DBProfile.DISK for Table:userTable
2019-09-27 17:44:51,267 [main] INFO  db.DBStoreBuilder (DBStoreBuilder.java:addTable(110)) - using custom profile for table: volumeTable
2019-09-27 17:44:51,267 [main] INFO  db.DBStoreBuilder (DBStoreBuilder.java:processTables(161)) - Using default column profile:DBProfile.DISK for Table:volumeTable
2019-09-27 17:44:51,267 [main] INFO  db.DBStoreBuilder (DBStoreBuilder.java:addTable(110)) - using custom profile for table: bucketTable
2019-09-27 17:44:51,267 [main] INFO  db.DBStoreBuilder (DBStoreBuilder.java:processTables(161)) - Using default column profile:DBProfile.DISK for Table:bucketTable
2019-09-27 17:44:51,268 [main] INFO  db.DBStoreBuilder (DBStoreBuilder.java:addTable(110)) - using custom profile for table: keyTable
2019-09-27 17:44:51,268 [main] INFO  db.DBStoreBuilder (DBStoreBuilder.java:processTables(161)) - Using default column profile:DBProfile.DISK for Table:keyTable
2019-09-27 17:44:51,268 [main] INFO  db.DBStoreBuilder (DBStoreBuilder.java:addTable(110)) - using custom profile for table: deletedTable
2019-09-27 17:44:51,269 [main] INFO  db.DBStoreBuilder (DBStoreBuilder.java:processTables(161)) - Using default column profile:DBProfile.DISK for Table:deletedTable
2019-09-27 17:44:51,269 [main] INFO  db.DBStoreBuilder (DBStoreBuilder.java:addTable(110)) - using custom profile for table: openKeyTable
2019-09-27 17:44:51,269 [main] INFO  db.DBStoreBuilder (DBStoreBuilder.java:processTables(161)) - Using default column profile:DBProfile.DISK for Table:openKeyTable
2019-09-27 17:44:51,269 [main] INFO  db.DBStoreBuilder (DBStoreBuilder.java:addTable(110)) - using custom profile for table: s3Table
2019-09-27 17:44:51,270 [main] INFO  db.DBStoreBuilder (DBStoreBuilder.java:processTables(161)) - Using default column profile:DBProfile.DISK for Table:s3Table
2019-09-27 17:44:51,270 [main] INFO  db.DBStoreBuilder (DBStoreBuilder.java:addTable(110)) - using custom profile for table: multipartInfoTable
2019-09-27 17:44:51,270 [main] INFO  db.DBStoreBuilder (DBStoreBuilder.java:processTables(161)) - Using default column profile:DBProfile.DISK for Table:multipartInfoTable
2019-09-27 17:44:51,271 [main] INFO  db.DBStoreBuilder (DBStoreBuilder.java:addTable(110)) - using custom profile for table: dTokenTable
2019-09-27 17:44:51,271 [main] INFO  db.DBStoreBuilder (DBStoreBuilder.java:processTables(161)) - Using default column profile:DBProfile.DISK for Table:dTokenTable
2019-09-27 17:44:51,271 [main] INFO  db.DBStoreBuilder (DBStoreBuilder.java:addTable(110)) - using custom profile for table: s3SecretTable
2019-09-27 17:44:51,271 [main] INFO  db.DBStoreBuilder (DBStoreBuilder.java:processTables(161)) - Using default column profile:DBProfile.DISK for Table:s3SecretTable
2019-09-27 17:44:51,272 [main] INFO  db.DBStoreBuilder (DBStoreBuilder.java:addTable(110)) - using custom profile for table: prefixTable
2019-09-27 17:44:51,272 [main] INFO  db.DBStoreBuilder (DBStoreBuilder.java:processTables(161)) - Using default column profile:DBProfile.DISK for Table:prefixTable
2019-09-27 17:44:51,272 [main] INFO  db.DBStoreBuilder (DBStoreBuilder.java:addTable(110)) - using custom profile for table: default
2019-09-27 17:44:51,272 [main] INFO  db.DBStoreBuilder (DBStoreBuilder.java:processTables(167)) - Using default column profile:DBProfile.DISK for Table:default
2019-09-27 17:44:51,273 [main] INFO  db.DBStoreBuilder (DBStoreBuilder.java:getDbProfile(198)) - Using default options. DBProfile.DISK
2019-09-27 17:44:51,977 [main] INFO  ipc.CallQueueManager (CallQueueManager.java:<init>(84)) - Using callQueue: class java.util.concurrent.LinkedBlockingQueue, queueCapacity: 2000, scheduler: class org.apache.hadoop.ipc.DefaultRpcScheduler, ipcBackoff: false.
2019-09-27 17:44:51,978 [Socket Reader #1 for port 41840] INFO  ipc.Server (Server.java:run(1074)) - Starting Socket Reader #1 for port 41840
2019-09-27 17:44:51,996 [main] INFO  om.OzoneManager (OzoneManager.java:start(1243)) - OzoneManager RPC server is listening at localhost/127.0.0.1:41840
2019-09-27 17:44:51,996 [main] INFO  impl.MetricsSystemImpl (MetricsSystemImpl.java:init(158)) - OzoneManager metrics system started (again)
2019-09-27 17:44:51,997 [IPC Server Responder] INFO  ipc.Server (Server.java:run(1314)) - IPC Server Responder: starting
2019-09-27 17:44:51,997 [IPC Server listener on 41840] INFO  ipc.Server (Server.java:run(1153)) - IPC Server listener on 41840: starting
2019-09-27 17:44:52,003 [main] INFO  hdfs.DFSUtil (DFSUtil.java:httpServerTemplateForNNAndJN(1641)) - Starting Web-server for ozoneManager at: http://0.0.0.0:0
2019-09-27 17:44:52,005 [main] INFO  server.AuthenticationFilter (AuthenticationFilter.java:constructSecretProvider(240)) - Unable to initialize FileSignerSecretProvider, falling back to use random secrets.
2019-09-27 17:44:52,006 [main] WARN  http.HttpRequestLog (HttpRequestLog.java:getRequestLog(97)) - Jetty request log can only be enabled using Log4j
2019-09-27 17:44:52,008 [main] INFO  http.HttpServer2 (HttpServer2.java:addGlobalFilter(975)) - Added global filter 'safety' (class=org.apache.hadoop.http.HttpServer2$QuotingInputFilter)
2019-09-27 17:44:52,009 [main] INFO  http.HttpServer2 (HttpServer2.java:addFilter(948)) - Added filter static_user_filter (class=org.apache.hadoop.http.lib.StaticUserWebFilter$StaticUserFilter) to context ozoneManager
2019-09-27 17:44:52,009 [main] INFO  http.HttpServer2 (HttpServer2.java:addFilter(958)) - Added filter static_user_filter (class=org.apache.hadoop.http.lib.StaticUserWebFilter$StaticUserFilter) to context static
2019-09-27 17:44:52,009 [main] INFO  http.HttpServer2 (HttpServer2.java:addFilter(958)) - Added filter static_user_filter (class=org.apache.hadoop.http.lib.StaticUserWebFilter$StaticUserFilter) to context logs
2019-09-27 17:44:52,010 [main] INFO  http.HttpServer2 (HttpServer2.java:bindListener(1191)) - Jetty bound to port 44349
2019-09-27 17:44:52,011 [main] INFO  server.Server (Server.java:doStart(351)) - jetty-9.3.25.v20180904, build timestamp: 2018-09-04T21:11:46Z, git hash: 3ce520221d0240229c862b122d2b06c12a625732
2019-09-27 17:44:52,013 [main] INFO  handler.ContextHandler (ContextHandler.java:doStart(781)) - Started o.e.j.s.ServletContextHandler@32f96bba{/logs,file:///workdir/hadoop-ozone/integration-test/target/log,AVAILABLE}
2019-09-27 17:44:52,014 [main] INFO  handler.ContextHandler (ContextHandler.java:doStart(781)) - Started o.e.j.s.ServletContextHandler@67e25252{/static,file:///workdir/hadoop-ozone/integration-test/target/test-classes/webapps/static,AVAILABLE}
2019-09-27 17:44:52,020 [main] INFO  handler.ContextHandler (ContextHandler.java:doStart(781)) - Started o.e.j.w.WebAppContext@ffd4cba{/,file:///workdir/hadoop-ozone/integration-test/target/test-classes/webapps/ozoneManager/,AVAILABLE}{/ozoneManager}
2019-09-27 17:44:52,020 [main] INFO  server.AbstractConnector (AbstractConnector.java:doStart(278)) - Started ServerConnector@5f1483fd{HTTP/1.1,[http/1.1]}{0.0.0.0:44349}
2019-09-27 17:44:52,021 [main] INFO  server.Server (Server.java:doStart(419)) - Started @46097ms
2019-09-27 17:44:52,022 [main] WARN  impl.MetricsSystemImpl (MetricsSystemImpl.java:register(276)) - Sink prometheus already exists!
2019-09-27 17:44:52,022 [main] INFO  server.BaseHttpServer (BaseHttpServer.java:updateConnectorAddress(215)) - HTTP server of OZONEMANAGER is listening at http://0.0.0.0:44349
2019-09-27 17:44:52,045 [main] INFO  impl.MetricsSystemImpl (MetricsSystemImpl.java:init(158)) - HddsDatanode metrics system started (again)
2019-09-27 17:44:52,047 [main] INFO  ozone.HddsDatanodeService (HddsDatanodeService.java:start(184)) - HddsDatanodeService host:pr-hdds-2181-c2mmz-2857100994 ip:192.168.151.105
2019-09-27 17:44:52,054 [main] INFO  volume.HddsVolume (HddsVolume.java:<init>(176)) - Creating Volume: /workdir/hadoop-ozone/integration-test/target/test-dir/MiniOzoneClusterImpl-57f6cbf4-6bc8-4248-914c-40957cfe3779/datanode-0/data/containers/hdds of  storage type : DISK and capacity : 1482555576320
2019-09-27 17:44:52,054 [main] INFO  volume.VolumeSet (VolumeSet.java:initializeVolumeSet(170)) - Added Volume : /workdir/hadoop-ozone/integration-test/target/test-dir/MiniOzoneClusterImpl-57f6cbf4-6bc8-4248-914c-40957cfe3779/datanode-0/data/containers/hdds to VolumeSet
2019-09-27 17:44:52,055 [main] INFO  volume.ThrottledAsyncChecker (ThrottledAsyncChecker.java:schedule(139)) - Scheduling a check for org.apache.hadoop.ozone.container.common.volume.HddsVolume@309cedb6
2019-09-27 17:44:52,055 [main] INFO  volume.HddsVolumeChecker (HddsVolumeChecker.java:checkAllVolumes(202)) - Scheduled health check for volume org.apache.hadoop.ozone.container.common.volume.HddsVolume@309cedb6
2019-09-27 17:44:52,072 [main] INFO  impl.RaftServerProxy (ConfUtils.java:logGet(43)) - raft.rpc.type = GRPC (default)
2019-09-27 17:44:52,072 [main] INFO  grpc.GrpcFactory (GrpcFactory.java:checkPooledByteBufAllocatorUseCacheForAllThreads(45)) - PERFORMANCE WARNING: useCacheForAllThreads is true that may cause Netty to create a lot garbage objects and, as a result, trigger GC.
	It is recommended to disable useCacheForAllThreads by setting -Dorg.apache.ratis.thirdparty.io.netty.allocator.useCacheForAllThreads=false in command line.
2019-09-27 17:44:52,073 [main] INFO  grpc.GrpcConfigKeys$Server (ConfUtils.java:logGet(43)) - raft.grpc.server.port = 0 (default)
2019-09-27 17:44:52,073 [main] INFO  server.GrpcService (ConfUtils.java:logGet(43)) - raft.grpc.message.size.max = 33570816 (custom)
2019-09-27 17:44:52,073 [main] INFO  server.RaftServerConfigKeys (ConfUtils.java:logGet(43)) - raft.server.log.appender.buffer.byte-limit = 33554432 (custom)
2019-09-27 17:44:52,073 [main] INFO  server.GrpcService (ConfUtils.java:logGet(43)) - raft.grpc.flow.control.window = 1MB (=1048576) (default)
2019-09-27 17:44:52,074 [main] INFO  server.RaftServerConfigKeys (ConfUtils.java:logGet(43)) - raft.server.rpc.request.timeout = 3000ms (default)
2019-09-27 17:44:52,074 [main] INFO  server.RaftServerConfigKeys (ConfUtils.java:logGet(43)) - raft.server.storage.dir = [/workdir/hadoop-ozone/integration-test/target/test-dir/MiniOzoneClusterImpl-57f6cbf4-6bc8-4248-914c-40957cfe3779/datanode-0/data/ratis] (custom)
2019-09-27 17:44:52,076 [main] INFO  hdfs.DFSUtil (DFSUtil.java:httpServerTemplateForNNAndJN(1641)) - Starting Web-server for hddsDatanode at: http://0.0.0.0:0
2019-09-27 17:44:52,077 [main] INFO  server.AuthenticationFilter (AuthenticationFilter.java:constructSecretProvider(240)) - Unable to initialize FileSignerSecretProvider, falling back to use random secrets.
2019-09-27 17:44:52,077 [main] WARN  http.HttpRequestLog (HttpRequestLog.java:getRequestLog(97)) - Jetty request log can only be enabled using Log4j
2019-09-27 17:44:52,079 [main] INFO  http.HttpServer2 (HttpServer2.java:addGlobalFilter(975)) - Added global filter 'safety' (class=org.apache.hadoop.http.HttpServer2$QuotingInputFilter)
2019-09-27 17:44:52,080 [main] INFO  http.HttpServer2 (HttpServer2.java:addFilter(948)) - Added filter static_user_filter (class=org.apache.hadoop.http.lib.StaticUserWebFilter$StaticUserFilter) to context hddsDatanode
2019-09-27 17:44:52,080 [main] INFO  http.HttpServer2 (HttpServer2.java:addFilter(958)) - Added filter static_user_filter (class=org.apache.hadoop.http.lib.StaticUserWebFilter$StaticUserFilter) to context logs
2019-09-27 17:44:52,080 [main] INFO  http.HttpServer2 (HttpServer2.java:addFilter(958)) - Added filter static_user_filter (class=org.apache.hadoop.http.lib.StaticUserWebFilter$StaticUserFilter) to context static
2019-09-27 17:44:52,081 [main] INFO  http.HttpServer2 (HttpServer2.java:bindListener(1191)) - Jetty bound to port 35971
2019-09-27 17:44:52,081 [main] INFO  server.Server (Server.java:doStart(351)) - jetty-9.3.25.v20180904, build timestamp: 2018-09-04T21:11:46Z, git hash: 3ce520221d0240229c862b122d2b06c12a625732
2019-09-27 17:44:52,083 [main] INFO  handler.ContextHandler (ContextHandler.java:doStart(781)) - Started o.e.j.s.ServletContextHandler@6a9344f5{/logs,file:///workdir/hadoop-ozone/integration-test/target/log,AVAILABLE}
2019-09-27 17:44:52,083 [main] INFO  handler.ContextHandler (ContextHandler.java:doStart(781)) - Started o.e.j.s.ServletContextHandler@3c9c6245{/static,jar:file:/home/user/.m2/repository/org/apache/hadoop/hadoop-hdds-container-service/0.5.0-SNAPSHOT/hadoop-hdds-container-service-0.5.0-SNAPSHOT.jar!/webapps/static,AVAILABLE}
2019-09-27 17:44:52,115 [main] INFO  handler.ContextHandler (ContextHandler.java:doStart(781)) - Started o.e.j.w.WebAppContext@53b1a3f8{/,file:///tmp/jetty-0.0.0.0-35971-hddsDatanode-_-any-5332930284807141649.dir/webapp/,AVAILABLE}{/hddsDatanode}
2019-09-27 17:44:52,115 [main] INFO  server.AbstractConnector (AbstractConnector.java:doStart(278)) - Started ServerConnector@7d97e06c{HTTP/1.1,[http/1.1]}{0.0.0.0:35971}
2019-09-27 17:44:52,116 [main] INFO  server.Server (Server.java:doStart(419)) - Started @46192ms
2019-09-27 17:44:52,116 [main] WARN  impl.MetricsSystemImpl (MetricsSystemImpl.java:register(276)) - Sink prometheus already exists!
2019-09-27 17:44:52,117 [main] INFO  server.BaseHttpServer (BaseHttpServer.java:updateConnectorAddress(215)) - HTTP server of HDDSDATANODE is listening at http://0.0.0.0:35971
2019-09-27 17:44:52,117 [main] INFO  impl.MetricsSystemImpl (MetricsSystemImpl.java:init(158)) - HddsDatanode metrics system started (again)
2019-09-27 17:44:52,121 [main] INFO  ozone.HddsDatanodeService (HddsDatanodeService.java:start(184)) - HddsDatanodeService host:pr-hdds-2181-c2mmz-2857100994 ip:192.168.151.105
2019-09-27 17:44:52,122 [org.apache.hadoop.util.JvmPauseMonitor$Monitor@6babbe42] INFO  util.JvmPauseMonitor (JvmPauseMonitor.java:run(188)) - Starting JVM pause monitor
2019-09-27 17:44:52,126 [Datanode State Machine Thread - 0] INFO  datanode.InitDatanodeState (InitDatanodeState.java:persistContainerDatanodeDetails(140)) - DatanodeDetails is persisted to /workdir/hadoop-ozone/integration-test/target/test-dir/MiniOzoneClusterImpl-57f6cbf4-6bc8-4248-914c-40957cfe3779/datanode-0/meta/datanode.id
2019-09-27 17:44:52,128 [main] INFO  volume.HddsVolume (HddsVolume.java:<init>(176)) - Creating Volume: /workdir/hadoop-ozone/integration-test/target/test-dir/MiniOzoneClusterImpl-57f6cbf4-6bc8-4248-914c-40957cfe3779/datanode-1/data/containers/hdds of  storage type : DISK and capacity : 1482555576320
2019-09-27 17:44:52,128 [main] INFO  volume.VolumeSet (VolumeSet.java:initializeVolumeSet(170)) - Added Volume : /workdir/hadoop-ozone/integration-test/target/test-dir/MiniOzoneClusterImpl-57f6cbf4-6bc8-4248-914c-40957cfe3779/datanode-1/data/containers/hdds to VolumeSet
2019-09-27 17:44:52,128 [main] INFO  volume.ThrottledAsyncChecker (ThrottledAsyncChecker.java:schedule(139)) - Scheduling a check for org.apache.hadoop.ozone.container.common.volume.HddsVolume@6807a356
2019-09-27 17:44:52,129 [main] INFO  volume.HddsVolumeChecker (HddsVolumeChecker.java:checkAllVolumes(202)) - Scheduled health check for volume org.apache.hadoop.ozone.container.common.volume.HddsVolume@6807a356
2019-09-27 17:44:52,142 [main] INFO  impl.RaftServerProxy (ConfUtils.java:logGet(43)) - raft.rpc.type = GRPC (default)
2019-09-27 17:44:52,142 [main] INFO  grpc.GrpcFactory (GrpcFactory.java:checkPooledByteBufAllocatorUseCacheForAllThreads(45)) - PERFORMANCE WARNING: useCacheForAllThreads is true that may cause Netty to create a lot garbage objects and, as a result, trigger GC.
	It is recommended to disable useCacheForAllThreads by setting -Dorg.apache.ratis.thirdparty.io.netty.allocator.useCacheForAllThreads=false in command line.
2019-09-27 17:44:52,142 [main] INFO  grpc.GrpcConfigKeys$Server (ConfUtils.java:logGet(43)) - raft.grpc.server.port = 0 (default)
2019-09-27 17:44:52,143 [main] INFO  server.GrpcService (ConfUtils.java:logGet(43)) - raft.grpc.message.size.max = 33570816 (custom)
2019-09-27 17:44:52,143 [main] INFO  server.RaftServerConfigKeys (ConfUtils.java:logGet(43)) - raft.server.log.appender.buffer.byte-limit = 33554432 (custom)
2019-09-27 17:44:52,143 [main] INFO  server.GrpcService (ConfUtils.java:logGet(43)) - raft.grpc.flow.control.window = 1MB (=1048576) (default)
2019-09-27 17:44:52,143 [main] INFO  server.RaftServerConfigKeys (ConfUtils.java:logGet(43)) - raft.server.rpc.request.timeout = 3000ms (default)
2019-09-27 17:44:52,144 [main] INFO  server.RaftServerConfigKeys (ConfUtils.java:logGet(43)) - raft.server.storage.dir = [/workdir/hadoop-ozone/integration-test/target/test-dir/MiniOzoneClusterImpl-57f6cbf4-6bc8-4248-914c-40957cfe3779/datanode-1/data/ratis] (custom)
2019-09-27 17:44:52,145 [main] INFO  hdfs.DFSUtil (DFSUtil.java:httpServerTemplateForNNAndJN(1641)) - Starting Web-server for hddsDatanode at: http://0.0.0.0:0
2019-09-27 17:44:52,146 [main] INFO  server.AuthenticationFilter (AuthenticationFilter.java:constructSecretProvider(240)) - Unable to initialize FileSignerSecretProvider, falling back to use random secrets.
2019-09-27 17:44:52,146 [main] WARN  http.HttpRequestLog (HttpRequestLog.java:getRequestLog(97)) - Jetty request log can only be enabled using Log4j
2019-09-27 17:44:52,148 [main] INFO  http.HttpServer2 (HttpServer2.java:addGlobalFilter(975)) - Added global filter 'safety' (class=org.apache.hadoop.http.HttpServer2$QuotingInputFilter)
2019-09-27 17:44:52,148 [main] INFO  http.HttpServer2 (HttpServer2.java:addFilter(948)) - Added filter static_user_filter (class=org.apache.hadoop.http.lib.StaticUserWebFilter$StaticUserFilter) to context hddsDatanode
2019-09-27 17:44:52,149 [main] INFO  http.HttpServer2 (HttpServer2.java:addFilter(958)) - Added filter static_user_filter (class=org.apache.hadoop.http.lib.StaticUserWebFilter$StaticUserFilter) to context logs
2019-09-27 17:44:52,149 [main] INFO  http.HttpServer2 (HttpServer2.java:addFilter(958)) - Added filter static_user_filter (class=org.apache.hadoop.http.lib.StaticUserWebFilter$StaticUserFilter) to context static
2019-09-27 17:44:52,149 [main] INFO  http.HttpServer2 (HttpServer2.java:bindListener(1191)) - Jetty bound to port 35951
2019-09-27 17:44:52,150 [main] INFO  server.Server (Server.java:doStart(351)) - jetty-9.3.25.v20180904, build timestamp: 2018-09-04T21:11:46Z, git hash: 3ce520221d0240229c862b122d2b06c12a625732
2019-09-27 17:44:52,151 [main] INFO  handler.ContextHandler (ContextHandler.java:doStart(781)) - Started o.e.j.s.ServletContextHandler@1e1eeedd{/logs,file:///workdir/hadoop-ozone/integration-test/target/log,AVAILABLE}
2019-09-27 17:44:52,152 [main] INFO  handler.ContextHandler (ContextHandler.java:doStart(781)) - Started o.e.j.s.ServletContextHandler@7ec95456{/static,jar:file:/home/user/.m2/repository/org/apache/hadoop/hadoop-hdds-container-service/0.5.0-SNAPSHOT/hadoop-hdds-container-service-0.5.0-SNAPSHOT.jar!/webapps/static,AVAILABLE}
2019-09-27 17:44:52,180 [main] INFO  handler.ContextHandler (ContextHandler.java:doStart(781)) - Started o.e.j.w.WebAppContext@4a92c6a9{/,file:///tmp/jetty-0.0.0.0-35951-hddsDatanode-_-any-1711523607875021282.dir/webapp/,AVAILABLE}{/hddsDatanode}
2019-09-27 17:44:52,180 [main] INFO  server.AbstractConnector (AbstractConnector.java:doStart(278)) - Started ServerConnector@5c9934da{HTTP/1.1,[http/1.1]}{0.0.0.0:35951}
2019-09-27 17:44:52,181 [main] INFO  server.Server (Server.java:doStart(419)) - Started @46257ms
2019-09-27 17:44:52,181 [main] WARN  impl.MetricsSystemImpl (MetricsSystemImpl.java:register(276)) - Sink prometheus already exists!
2019-09-27 17:44:52,182 [main] INFO  server.BaseHttpServer (BaseHttpServer.java:updateConnectorAddress(215)) - HTTP server of HDDSDATANODE is listening at http://0.0.0.0:35951
2019-09-27 17:44:52,183 [main] INFO  impl.MetricsSystemImpl (MetricsSystemImpl.java:init(158)) - HddsDatanode metrics system started (again)
2019-09-27 17:44:52,186 [org.apache.hadoop.util.JvmPauseMonitor$Monitor@958839e] INFO  util.JvmPauseMonitor (JvmPauseMonitor.java:run(188)) - Starting JVM pause monitor
2019-09-27 17:44:52,187 [main] INFO  ozone.HddsDatanodeService (HddsDatanodeService.java:start(184)) - HddsDatanodeService host:pr-hdds-2181-c2mmz-2857100994 ip:192.168.151.105
2019-09-27 17:44:52,189 [Datanode State Machine Thread - 0] INFO  datanode.InitDatanodeState (InitDatanodeState.java:persistContainerDatanodeDetails(140)) - DatanodeDetails is persisted to /workdir/hadoop-ozone/integration-test/target/test-dir/MiniOzoneClusterImpl-57f6cbf4-6bc8-4248-914c-40957cfe3779/datanode-1/meta/datanode.id
2019-09-27 17:44:52,193 [main] INFO  volume.HddsVolume (HddsVolume.java:<init>(176)) - Creating Volume: /workdir/hadoop-ozone/integration-test/target/test-dir/MiniOzoneClusterImpl-57f6cbf4-6bc8-4248-914c-40957cfe3779/datanode-2/data/containers/hdds of  storage type : DISK and capacity : 1482555576320
2019-09-27 17:44:52,193 [main] INFO  volume.VolumeSet (VolumeSet.java:initializeVolumeSet(170)) - Added Volume : /workdir/hadoop-ozone/integration-test/target/test-dir/MiniOzoneClusterImpl-57f6cbf4-6bc8-4248-914c-40957cfe3779/datanode-2/data/containers/hdds to VolumeSet
2019-09-27 17:44:52,193 [main] INFO  volume.ThrottledAsyncChecker (ThrottledAsyncChecker.java:schedule(139)) - Scheduling a check for org.apache.hadoop.ozone.container.common.volume.HddsVolume@62a68bcb
2019-09-27 17:44:52,194 [main] INFO  volume.HddsVolumeChecker (HddsVolumeChecker.java:checkAllVolumes(202)) - Scheduled health check for volume org.apache.hadoop.ozone.container.common.volume.HddsVolume@62a68bcb
2019-09-27 17:44:52,208 [main] INFO  impl.RaftServerProxy (ConfUtils.java:logGet(43)) - raft.rpc.type = GRPC (default)
2019-09-27 17:44:52,208 [main] INFO  grpc.GrpcFactory (GrpcFactory.java:checkPooledByteBufAllocatorUseCacheForAllThreads(45)) - PERFORMANCE WARNING: useCacheForAllThreads is true that may cause Netty to create a lot garbage objects and, as a result, trigger GC.
	It is recommended to disable useCacheForAllThreads by setting -Dorg.apache.ratis.thirdparty.io.netty.allocator.useCacheForAllThreads=false in command line.
2019-09-27 17:44:52,208 [main] INFO  grpc.GrpcConfigKeys$Server (ConfUtils.java:logGet(43)) - raft.grpc.server.port = 0 (default)
2019-09-27 17:44:52,208 [main] INFO  server.GrpcService (ConfUtils.java:logGet(43)) - raft.grpc.message.size.max = 33570816 (custom)
2019-09-27 17:44:52,209 [main] INFO  server.RaftServerConfigKeys (ConfUtils.java:logGet(43)) - raft.server.log.appender.buffer.byte-limit = 33554432 (custom)
2019-09-27 17:44:52,209 [main] INFO  server.GrpcService (ConfUtils.java:logGet(43)) - raft.grpc.flow.control.window = 1MB (=1048576) (default)
2019-09-27 17:44:52,209 [main] INFO  server.RaftServerConfigKeys (ConfUtils.java:logGet(43)) - raft.server.rpc.request.timeout = 3000ms (default)
2019-09-27 17:44:52,210 [main] INFO  server.RaftServerConfigKeys (ConfUtils.java:logGet(43)) - raft.server.storage.dir = [/workdir/hadoop-ozone/integration-test/target/test-dir/MiniOzoneClusterImpl-57f6cbf4-6bc8-4248-914c-40957cfe3779/datanode-2/data/ratis] (custom)
2019-09-27 17:44:52,211 [main] INFO  hdfs.DFSUtil (DFSUtil.java:httpServerTemplateForNNAndJN(1641)) - Starting Web-server for hddsDatanode at: http://0.0.0.0:0
2019-09-27 17:44:52,212 [main] INFO  server.AuthenticationFilter (AuthenticationFilter.java:constructSecretProvider(240)) - Unable to initialize FileSignerSecretProvider, falling back to use random secrets.
2019-09-27 17:44:52,212 [main] WARN  http.HttpRequestLog (HttpRequestLog.java:getRequestLog(97)) - Jetty request log can only be enabled using Log4j
2019-09-27 17:44:52,213 [main] INFO  http.HttpServer2 (HttpServer2.java:addGlobalFilter(975)) - Added global filter 'safety' (class=org.apache.hadoop.http.HttpServer2$QuotingInputFilter)
2019-09-27 17:44:52,215 [main] INFO  http.HttpServer2 (HttpServer2.java:addFilter(948)) - Added filter static_user_filter (class=org.apache.hadoop.http.lib.StaticUserWebFilter$StaticUserFilter) to context hddsDatanode
2019-09-27 17:44:52,215 [main] INFO  http.HttpServer2 (HttpServer2.java:addFilter(958)) - Added filter static_user_filter (class=org.apache.hadoop.http.lib.StaticUserWebFilter$StaticUserFilter) to context logs
2019-09-27 17:44:52,215 [main] INFO  http.HttpServer2 (HttpServer2.java:addFilter(958)) - Added filter static_user_filter (class=org.apache.hadoop.http.lib.StaticUserWebFilter$StaticUserFilter) to context static
2019-09-27 17:44:52,216 [main] INFO  http.HttpServer2 (HttpServer2.java:bindListener(1191)) - Jetty bound to port 38074
2019-09-27 17:44:52,216 [main] INFO  server.Server (Server.java:doStart(351)) - jetty-9.3.25.v20180904, build timestamp: 2018-09-04T21:11:46Z, git hash: 3ce520221d0240229c862b122d2b06c12a625732
2019-09-27 17:44:52,218 [main] INFO  handler.ContextHandler (ContextHandler.java:doStart(781)) - Started o.e.j.s.ServletContextHandler@558b4942{/logs,file:///workdir/hadoop-ozone/integration-test/target/log,AVAILABLE}
2019-09-27 17:44:52,219 [main] INFO  handler.ContextHandler (ContextHandler.java:doStart(781)) - Started o.e.j.s.ServletContextHandler@70025b99{/static,jar:file:/home/user/.m2/repository/org/apache/hadoop/hadoop-hdds-container-service/0.5.0-SNAPSHOT/hadoop-hdds-container-service-0.5.0-SNAPSHOT.jar!/webapps/static,AVAILABLE}
2019-09-27 17:44:52,247 [main] INFO  handler.ContextHandler (ContextHandler.java:doStart(781)) - Started o.e.j.w.WebAppContext@42f85fa4{/,file:///tmp/jetty-0.0.0.0-38074-hddsDatanode-_-any-1317419394658729274.dir/webapp/,AVAILABLE}{/hddsDatanode}
2019-09-27 17:44:52,247 [main] INFO  server.AbstractConnector (AbstractConnector.java:doStart(278)) - Started ServerConnector@798dad3d{HTTP/1.1,[http/1.1]}{0.0.0.0:38074}
2019-09-27 17:44:52,248 [main] INFO  server.Server (Server.java:doStart(419)) - Started @46324ms
2019-09-27 17:44:52,248 [main] WARN  impl.MetricsSystemImpl (MetricsSystemImpl.java:register(276)) - Sink prometheus already exists!
2019-09-27 17:44:52,249 [main] INFO  server.BaseHttpServer (BaseHttpServer.java:updateConnectorAddress(215)) - HTTP server of HDDSDATANODE is listening at http://0.0.0.0:38074
2019-09-27 17:44:52,249 [main] INFO  impl.MetricsSystemImpl (MetricsSystemImpl.java:init(158)) - HddsDatanode metrics system started (again)
2019-09-27 17:44:52,253 [org.apache.hadoop.util.JvmPauseMonitor$Monitor@47e14932] INFO  util.JvmPauseMonitor (JvmPauseMonitor.java:run(188)) - Starting JVM pause monitor
2019-09-27 17:44:52,253 [main] INFO  ozone.HddsDatanodeService (HddsDatanodeService.java:start(184)) - HddsDatanodeService host:pr-hdds-2181-c2mmz-2857100994 ip:192.168.151.105
2019-09-27 17:44:52,256 [Datanode State Machine Thread - 0] INFO  datanode.InitDatanodeState (InitDatanodeState.java:persistContainerDatanodeDetails(140)) - DatanodeDetails is persisted to /workdir/hadoop-ozone/integration-test/target/test-dir/MiniOzoneClusterImpl-57f6cbf4-6bc8-4248-914c-40957cfe3779/datanode-2/meta/datanode.id
2019-09-27 17:44:52,261 [main] INFO  volume.HddsVolume (HddsVolume.java:<init>(176)) - Creating Volume: /workdir/hadoop-ozone/integration-test/target/test-dir/MiniOzoneClusterImpl-57f6cbf4-6bc8-4248-914c-40957cfe3779/datanode-3/data/containers/hdds of  storage type : DISK and capacity : 1482555576320
2019-09-27 17:44:52,261 [main] INFO  volume.VolumeSet (VolumeSet.java:initializeVolumeSet(170)) - Added Volume : /workdir/hadoop-ozone/integration-test/target/test-dir/MiniOzoneClusterImpl-57f6cbf4-6bc8-4248-914c-40957cfe3779/datanode-3/data/containers/hdds to VolumeSet
2019-09-27 17:44:52,261 [main] INFO  volume.ThrottledAsyncChecker (ThrottledAsyncChecker.java:schedule(139)) - Scheduling a check for org.apache.hadoop.ozone.container.common.volume.HddsVolume@4cad79bc
2019-09-27 17:44:52,262 [main] INFO  volume.HddsVolumeChecker (HddsVolumeChecker.java:checkAllVolumes(202)) - Scheduled health check for volume org.apache.hadoop.ozone.container.common.volume.HddsVolume@4cad79bc
2019-09-27 17:44:52,276 [main] INFO  impl.RaftServerProxy (ConfUtils.java:logGet(43)) - raft.rpc.type = GRPC (default)
2019-09-27 17:44:52,276 [main] INFO  grpc.GrpcFactory (GrpcFactory.java:checkPooledByteBufAllocatorUseCacheForAllThreads(45)) - PERFORMANCE WARNING: useCacheForAllThreads is true that may cause Netty to create a lot garbage objects and, as a result, trigger GC.
	It is recommended to disable useCacheForAllThreads by setting -Dorg.apache.ratis.thirdparty.io.netty.allocator.useCacheForAllThreads=false in command line.
2019-09-27 17:44:52,277 [main] INFO  grpc.GrpcConfigKeys$Server (ConfUtils.java:logGet(43)) - raft.grpc.server.port = 0 (default)
2019-09-27 17:44:52,277 [main] INFO  server.GrpcService (ConfUtils.java:logGet(43)) - raft.grpc.message.size.max = 33570816 (custom)
2019-09-27 17:44:52,277 [main] INFO  server.RaftServerConfigKeys (ConfUtils.java:logGet(43)) - raft.server.log.appender.buffer.byte-limit = 33554432 (custom)
2019-09-27 17:44:52,277 [main] INFO  server.GrpcService (ConfUtils.java:logGet(43)) - raft.grpc.flow.control.window = 1MB (=1048576) (default)
2019-09-27 17:44:52,277 [main] INFO  server.RaftServerConfigKeys (ConfUtils.java:logGet(43)) - raft.server.rpc.request.timeout = 3000ms (default)
2019-09-27 17:44:52,278 [main] INFO  server.RaftServerConfigKeys (ConfUtils.java:logGet(43)) - raft.server.storage.dir = [/workdir/hadoop-ozone/integration-test/target/test-dir/MiniOzoneClusterImpl-57f6cbf4-6bc8-4248-914c-40957cfe3779/datanode-3/data/ratis] (custom)
2019-09-27 17:44:52,279 [main] INFO  hdfs.DFSUtil (DFSUtil.java:httpServerTemplateForNNAndJN(1641)) - Starting Web-server for hddsDatanode at: http://0.0.0.0:0
2019-09-27 17:44:52,280 [main] INFO  server.AuthenticationFilter (AuthenticationFilter.java:constructSecretProvider(240)) - Unable to initialize FileSignerSecretProvider, falling back to use random secrets.
2019-09-27 17:44:52,281 [main] WARN  http.HttpRequestLog (HttpRequestLog.java:getRequestLog(97)) - Jetty request log can only be enabled using Log4j
2019-09-27 17:44:52,282 [main] INFO  http.HttpServer2 (HttpServer2.java:addGlobalFilter(975)) - Added global filter 'safety' (class=org.apache.hadoop.http.HttpServer2$QuotingInputFilter)
2019-09-27 17:44:52,282 [main] INFO  http.HttpServer2 (HttpServer2.java:addFilter(948)) - Added filter static_user_filter (class=org.apache.hadoop.http.lib.StaticUserWebFilter$StaticUserFilter) to context hddsDatanode
2019-09-27 17:44:52,283 [main] INFO  http.HttpServer2 (HttpServer2.java:addFilter(958)) - Added filter static_user_filter (class=org.apache.hadoop.http.lib.StaticUserWebFilter$StaticUserFilter) to context logs
2019-09-27 17:44:52,283 [main] INFO  http.HttpServer2 (HttpServer2.java:addFilter(958)) - Added filter static_user_filter (class=org.apache.hadoop.http.lib.StaticUserWebFilter$StaticUserFilter) to context static
2019-09-27 17:44:52,283 [main] INFO  http.HttpServer2 (HttpServer2.java:bindListener(1191)) - Jetty bound to port 39662
2019-09-27 17:44:52,284 [main] INFO  server.Server (Server.java:doStart(351)) - jetty-9.3.25.v20180904, build timestamp: 2018-09-04T21:11:46Z, git hash: 3ce520221d0240229c862b122d2b06c12a625732
2019-09-27 17:44:52,285 [main] INFO  handler.ContextHandler (ContextHandler.java:doStart(781)) - Started o.e.j.s.ServletContextHandler@39f5b723{/logs,file:///workdir/hadoop-ozone/integration-test/target/log,AVAILABLE}
2019-09-27 17:44:52,286 [main] INFO  handler.ContextHandler (ContextHandler.java:doStart(781)) - Started o.e.j.s.ServletContextHandler@2404b5a{/static,jar:file:/home/user/.m2/repository/org/apache/hadoop/hadoop-hdds-container-service/0.5.0-SNAPSHOT/hadoop-hdds-container-service-0.5.0-SNAPSHOT.jar!/webapps/static,AVAILABLE}
2019-09-27 17:44:52,313 [main] INFO  handler.ContextHandler (ContextHandler.java:doStart(781)) - Started o.e.j.w.WebAppContext@32eae6f2{/,file:///tmp/jetty-0.0.0.0-39662-hddsDatanode-_-any-5096315466595495821.dir/webapp/,AVAILABLE}{/hddsDatanode}
2019-09-27 17:44:52,314 [main] INFO  server.AbstractConnector (AbstractConnector.java:doStart(278)) - Started ServerConnector@26ca61bf{HTTP/1.1,[http/1.1]}{0.0.0.0:39662}
2019-09-27 17:44:52,315 [main] INFO  server.Server (Server.java:doStart(419)) - Started @46391ms
2019-09-27 17:44:52,316 [main] WARN  impl.MetricsSystemImpl (MetricsSystemImpl.java:register(276)) - Sink prometheus already exists!
2019-09-27 17:44:52,316 [main] INFO  server.BaseHttpServer (BaseHttpServer.java:updateConnectorAddress(215)) - HTTP server of HDDSDATANODE is listening at http://0.0.0.0:39662
2019-09-27 17:44:52,316 [main] INFO  impl.MetricsSystemImpl (MetricsSystemImpl.java:init(158)) - HddsDatanode metrics system started (again)
2019-09-27 17:44:52,320 [org.apache.hadoop.util.JvmPauseMonitor$Monitor@ca0e017] INFO  util.JvmPauseMonitor (JvmPauseMonitor.java:run(188)) - Starting JVM pause monitor
2019-09-27 17:44:52,321 [main] INFO  ozone.HddsDatanodeService (HddsDatanodeService.java:start(184)) - HddsDatanodeService host:pr-hdds-2181-c2mmz-2857100994 ip:192.168.151.105
2019-09-27 17:44:52,322 [Datanode State Machine Thread - 0] INFO  datanode.InitDatanodeState (InitDatanodeState.java:persistContainerDatanodeDetails(140)) - DatanodeDetails is persisted to /workdir/hadoop-ozone/integration-test/target/test-dir/MiniOzoneClusterImpl-57f6cbf4-6bc8-4248-914c-40957cfe3779/datanode-3/meta/datanode.id
2019-09-27 17:44:52,327 [main] INFO  volume.HddsVolume (HddsVolume.java:<init>(176)) - Creating Volume: /workdir/hadoop-ozone/integration-test/target/test-dir/MiniOzoneClusterImpl-57f6cbf4-6bc8-4248-914c-40957cfe3779/datanode-4/data/containers/hdds of  storage type : DISK and capacity : 1482555576320
2019-09-27 17:44:52,328 [main] INFO  volume.VolumeSet (VolumeSet.java:initializeVolumeSet(170)) - Added Volume : /workdir/hadoop-ozone/integration-test/target/test-dir/MiniOzoneClusterImpl-57f6cbf4-6bc8-4248-914c-40957cfe3779/datanode-4/data/containers/hdds to VolumeSet
2019-09-27 17:44:52,328 [main] INFO  volume.ThrottledAsyncChecker (ThrottledAsyncChecker.java:schedule(139)) - Scheduling a check for org.apache.hadoop.ozone.container.common.volume.HddsVolume@5a917723
2019-09-27 17:44:52,329 [main] INFO  volume.HddsVolumeChecker (HddsVolumeChecker.java:checkAllVolumes(202)) - Scheduled health check for volume org.apache.hadoop.ozone.container.common.volume.HddsVolume@5a917723
2019-09-27 17:44:52,352 [main] INFO  impl.RaftServerProxy (ConfUtils.java:logGet(43)) - raft.rpc.type = GRPC (default)
2019-09-27 17:44:52,352 [main] INFO  grpc.GrpcFactory (GrpcFactory.java:checkPooledByteBufAllocatorUseCacheForAllThreads(45)) - PERFORMANCE WARNING: useCacheForAllThreads is true that may cause Netty to create a lot garbage objects and, as a result, trigger GC.
	It is recommended to disable useCacheForAllThreads by setting -Dorg.apache.ratis.thirdparty.io.netty.allocator.useCacheForAllThreads=false in command line.
2019-09-27 17:44:52,352 [main] INFO  grpc.GrpcConfigKeys$Server (ConfUtils.java:logGet(43)) - raft.grpc.server.port = 0 (default)
2019-09-27 17:44:52,353 [main] INFO  server.GrpcService (ConfUtils.java:logGet(43)) - raft.grpc.message.size.max = 33570816 (custom)
2019-09-27 17:44:52,353 [main] INFO  server.RaftServerConfigKeys (ConfUtils.java:logGet(43)) - raft.server.log.appender.buffer.byte-limit = 33554432 (custom)
2019-09-27 17:44:52,353 [main] INFO  server.GrpcService (ConfUtils.java:logGet(43)) - raft.grpc.flow.control.window = 1MB (=1048576) (default)
2019-09-27 17:44:52,354 [main] INFO  server.RaftServerConfigKeys (ConfUtils.java:logGet(43)) - raft.server.rpc.request.timeout = 3000ms (default)
2019-09-27 17:44:52,354 [main] INFO  server.RaftServerConfigKeys (ConfUtils.java:logGet(43)) - raft.server.storage.dir = [/workdir/hadoop-ozone/integration-test/target/test-dir/MiniOzoneClusterImpl-57f6cbf4-6bc8-4248-914c-40957cfe3779/datanode-4/data/ratis] (custom)
2019-09-27 17:44:52,356 [main] INFO  hdfs.DFSUtil (DFSUtil.java:httpServerTemplateForNNAndJN(1641)) - Starting Web-server for hddsDatanode at: http://0.0.0.0:0
2019-09-27 17:44:52,358 [main] INFO  server.AuthenticationFilter (AuthenticationFilter.java:constructSecretProvider(240)) - Unable to initialize FileSignerSecretProvider, falling back to use random secrets.
2019-09-27 17:44:52,359 [main] WARN  http.HttpRequestLog (HttpRequestLog.java:getRequestLog(97)) - Jetty request log can only be enabled using Log4j
2019-09-27 17:44:52,361 [main] INFO  http.HttpServer2 (HttpServer2.java:addGlobalFilter(975)) - Added global filter 'safety' (class=org.apache.hadoop.http.HttpServer2$QuotingInputFilter)
2019-09-27 17:44:52,362 [main] INFO  http.HttpServer2 (HttpServer2.java:addFilter(948)) - Added filter static_user_filter (class=org.apache.hadoop.http.lib.StaticUserWebFilter$StaticUserFilter) to context hddsDatanode
2019-09-27 17:44:52,362 [main] INFO  http.HttpServer2 (HttpServer2.java:addFilter(958)) - Added filter static_user_filter (class=org.apache.hadoop.http.lib.StaticUserWebFilter$StaticUserFilter) to context logs
2019-09-27 17:44:52,362 [main] INFO  http.HttpServer2 (HttpServer2.java:addFilter(958)) - Added filter static_user_filter (class=org.apache.hadoop.http.lib.StaticUserWebFilter$StaticUserFilter) to context static
2019-09-27 17:44:52,363 [main] INFO  http.HttpServer2 (HttpServer2.java:bindListener(1191)) - Jetty bound to port 37383
2019-09-27 17:44:52,364 [main] INFO  server.Server (Server.java:doStart(351)) - jetty-9.3.25.v20180904, build timestamp: 2018-09-04T21:11:46Z, git hash: 3ce520221d0240229c862b122d2b06c12a625732
2019-09-27 17:44:52,366 [main] INFO  handler.ContextHandler (ContextHandler.java:doStart(781)) - Started o.e.j.s.ServletContextHandler@3965bdf9{/logs,file:///workdir/hadoop-ozone/integration-test/target/log,AVAILABLE}
2019-09-27 17:44:52,367 [main] INFO  handler.ContextHandler (ContextHandler.java:doStart(781)) - Started o.e.j.s.ServletContextHandler@1860f3be{/static,jar:file:/home/user/.m2/repository/org/apache/hadoop/hadoop-hdds-container-service/0.5.0-SNAPSHOT/hadoop-hdds-container-service-0.5.0-SNAPSHOT.jar!/webapps/static,AVAILABLE}
2019-09-27 17:44:52,402 [main] INFO  handler.ContextHandler (ContextHandler.java:doStart(781)) - Started o.e.j.w.WebAppContext@4997552e{/,file:///tmp/jetty-0.0.0.0-37383-hddsDatanode-_-any-3105357699328433996.dir/webapp/,AVAILABLE}{/hddsDatanode}
2019-09-27 17:44:52,402 [main] INFO  server.AbstractConnector (AbstractConnector.java:doStart(278)) - Started ServerConnector@7bcecef6{HTTP/1.1,[http/1.1]}{0.0.0.0:37383}
2019-09-27 17:44:52,404 [main] INFO  server.Server (Server.java:doStart(419)) - Started @46480ms
2019-09-27 17:44:52,404 [main] WARN  impl.MetricsSystemImpl (MetricsSystemImpl.java:register(276)) - Sink prometheus already exists!
2019-09-27 17:44:52,404 [main] INFO  server.BaseHttpServer (BaseHttpServer.java:updateConnectorAddress(215)) - HTTP server of HDDSDATANODE is listening at http://0.0.0.0:37383
2019-09-27 17:44:52,405 [main] INFO  impl.MetricsSystemImpl (MetricsSystemImpl.java:init(158)) - HddsDatanode metrics system started (again)
2019-09-27 17:44:52,410 [org.apache.hadoop.util.JvmPauseMonitor$Monitor@5e8c58ba] INFO  util.JvmPauseMonitor (JvmPauseMonitor.java:run(188)) - Starting JVM pause monitor
2019-09-27 17:44:52,410 [main] INFO  ozone.HddsDatanodeService (HddsDatanodeService.java:start(184)) - HddsDatanodeService host:pr-hdds-2181-c2mmz-2857100994 ip:192.168.151.105
2019-09-27 17:44:52,412 [Datanode State Machine Thread - 0] INFO  datanode.InitDatanodeState (InitDatanodeState.java:persistContainerDatanodeDetails(140)) - DatanodeDetails is persisted to /workdir/hadoop-ozone/integration-test/target/test-dir/MiniOzoneClusterImpl-57f6cbf4-6bc8-4248-914c-40957cfe3779/datanode-4/meta/datanode.id
2019-09-27 17:44:52,417 [main] INFO  volume.HddsVolume (HddsVolume.java:<init>(176)) - Creating Volume: /workdir/hadoop-ozone/integration-test/target/test-dir/MiniOzoneClusterImpl-57f6cbf4-6bc8-4248-914c-40957cfe3779/datanode-5/data/containers/hdds of  storage type : DISK and capacity : 1482555576320
2019-09-27 17:44:52,417 [main] INFO  volume.VolumeSet (VolumeSet.java:initializeVolumeSet(170)) - Added Volume : /workdir/hadoop-ozone/integration-test/target/test-dir/MiniOzoneClusterImpl-57f6cbf4-6bc8-4248-914c-40957cfe3779/datanode-5/data/containers/hdds to VolumeSet
2019-09-27 17:44:52,417 [main] INFO  volume.ThrottledAsyncChecker (ThrottledAsyncChecker.java:schedule(139)) - Scheduling a check for org.apache.hadoop.ozone.container.common.volume.HddsVolume@467233e4
2019-09-27 17:44:52,418 [main] INFO  volume.HddsVolumeChecker (HddsVolumeChecker.java:checkAllVolumes(202)) - Scheduled health check for volume org.apache.hadoop.ozone.container.common.volume.HddsVolume@467233e4
2019-09-27 17:44:52,435 [main] INFO  impl.RaftServerProxy (ConfUtils.java:logGet(43)) - raft.rpc.type = GRPC (default)
2019-09-27 17:44:52,435 [main] INFO  grpc.GrpcFactory (GrpcFactory.java:checkPooledByteBufAllocatorUseCacheForAllThreads(45)) - PERFORMANCE WARNING: useCacheForAllThreads is true that may cause Netty to create a lot garbage objects and, as a result, trigger GC.
	It is recommended to disable useCacheForAllThreads by setting -Dorg.apache.ratis.thirdparty.io.netty.allocator.useCacheForAllThreads=false in command line.
2019-09-27 17:44:52,435 [main] INFO  grpc.GrpcConfigKeys$Server (ConfUtils.java:logGet(43)) - raft.grpc.server.port = 0 (default)
2019-09-27 17:44:52,436 [main] INFO  server.GrpcService (ConfUtils.java:logGet(43)) - raft.grpc.message.size.max = 33570816 (custom)
2019-09-27 17:44:52,436 [main] INFO  server.RaftServerConfigKeys (ConfUtils.java:logGet(43)) - raft.server.log.appender.buffer.byte-limit = 33554432 (custom)
2019-09-27 17:44:52,436 [main] INFO  server.GrpcService (ConfUtils.java:logGet(43)) - raft.grpc.flow.control.window = 1MB (=1048576) (default)
2019-09-27 17:44:52,436 [main] INFO  server.RaftServerConfigKeys (ConfUtils.java:logGet(43)) - raft.server.rpc.request.timeout = 3000ms (default)
2019-09-27 17:44:52,437 [main] INFO  server.RaftServerConfigKeys (ConfUtils.java:logGet(43)) - raft.server.storage.dir = [/workdir/hadoop-ozone/integration-test/target/test-dir/MiniOzoneClusterImpl-57f6cbf4-6bc8-4248-914c-40957cfe3779/datanode-5/data/ratis] (custom)
2019-09-27 17:44:52,438 [main] INFO  hdfs.DFSUtil (DFSUtil.java:httpServerTemplateForNNAndJN(1641)) - Starting Web-server for hddsDatanode at: http://0.0.0.0:0
2019-09-27 17:44:52,439 [main] INFO  server.AuthenticationFilter (AuthenticationFilter.java:constructSecretProvider(240)) - Unable to initialize FileSignerSecretProvider, falling back to use random secrets.
2019-09-27 17:44:52,440 [main] WARN  http.HttpRequestLog (HttpRequestLog.java:getRequestLog(97)) - Jetty request log can only be enabled using Log4j
2019-09-27 17:44:52,441 [main] INFO  http.HttpServer2 (HttpServer2.java:addGlobalFilter(975)) - Added global filter 'safety' (class=org.apache.hadoop.http.HttpServer2$QuotingInputFilter)
2019-09-27 17:44:52,442 [main] INFO  http.HttpServer2 (HttpServer2.java:addFilter(948)) - Added filter static_user_filter (class=org.apache.hadoop.http.lib.StaticUserWebFilter$StaticUserFilter) to context hddsDatanode
2019-09-27 17:44:52,442 [main] INFO  http.HttpServer2 (HttpServer2.java:addFilter(958)) - Added filter static_user_filter (class=org.apache.hadoop.http.lib.StaticUserWebFilter$StaticUserFilter) to context logs
2019-09-27 17:44:52,442 [main] INFO  http.HttpServer2 (HttpServer2.java:addFilter(958)) - Added filter static_user_filter (class=org.apache.hadoop.http.lib.StaticUserWebFilter$StaticUserFilter) to context static
2019-09-27 17:44:52,443 [main] INFO  http.HttpServer2 (HttpServer2.java:bindListener(1191)) - Jetty bound to port 40463
2019-09-27 17:44:52,443 [main] INFO  server.Server (Server.java:doStart(351)) - jetty-9.3.25.v20180904, build timestamp: 2018-09-04T21:11:46Z, git hash: 3ce520221d0240229c862b122d2b06c12a625732
2019-09-27 17:44:52,445 [main] INFO  handler.ContextHandler (ContextHandler.java:doStart(781)) - Started o.e.j.s.ServletContextHandler@d919544{/logs,file:///workdir/hadoop-ozone/integration-test/target/log,AVAILABLE}
2019-09-27 17:44:52,445 [main] INFO  handler.ContextHandler (ContextHandler.java:doStart(781)) - Started o.e.j.s.ServletContextHandler@79696332{/static,jar:file:/home/user/.m2/repository/org/apache/hadoop/hadoop-hdds-container-service/0.5.0-SNAPSHOT/hadoop-hdds-container-service-0.5.0-SNAPSHOT.jar!/webapps/static,AVAILABLE}
2019-09-27 17:44:52,473 [main] INFO  handler.ContextHandler (ContextHandler.java:doStart(781)) - Started o.e.j.w.WebAppContext@ebda593{/,file:///tmp/jetty-0.0.0.0-40463-hddsDatanode-_-any-4208254806507922812.dir/webapp/,AVAILABLE}{/hddsDatanode}
2019-09-27 17:44:52,473 [main] INFO  server.AbstractConnector (AbstractConnector.java:doStart(278)) - Started ServerConnector@5792c08c{HTTP/1.1,[http/1.1]}{0.0.0.0:40463}
2019-09-27 17:44:52,475 [main] INFO  server.Server (Server.java:doStart(419)) - Started @46551ms
2019-09-27 17:44:52,475 [main] WARN  impl.MetricsSystemImpl (MetricsSystemImpl.java:register(276)) - Sink prometheus already exists!
2019-09-27 17:44:52,476 [main] INFO  server.BaseHttpServer (BaseHttpServer.java:updateConnectorAddress(215)) - HTTP server of HDDSDATANODE is listening at http://0.0.0.0:40463
2019-09-27 17:44:52,476 [main] INFO  impl.MetricsSystemImpl (MetricsSystemImpl.java:init(158)) - HddsDatanode metrics system started (again)
2019-09-27 17:44:52,482 [main] INFO  ozone.HddsDatanodeService (HddsDatanodeService.java:start(184)) - HddsDatanodeService host:pr-hdds-2181-c2mmz-2857100994 ip:192.168.151.105
2019-09-27 17:44:52,482 [org.apache.hadoop.util.JvmPauseMonitor$Monitor@4865b884] INFO  util.JvmPauseMonitor (JvmPauseMonitor.java:run(188)) - Starting JVM pause monitor
2019-09-27 17:44:52,484 [Datanode State Machine Thread - 0] INFO  datanode.InitDatanodeState (InitDatanodeState.java:persistContainerDatanodeDetails(140)) - DatanodeDetails is persisted to /workdir/hadoop-ozone/integration-test/target/test-dir/MiniOzoneClusterImpl-57f6cbf4-6bc8-4248-914c-40957cfe3779/datanode-5/meta/datanode.id
2019-09-27 17:44:52,489 [main] INFO  volume.HddsVolume (HddsVolume.java:<init>(176)) - Creating Volume: /workdir/hadoop-ozone/integration-test/target/test-dir/MiniOzoneClusterImpl-57f6cbf4-6bc8-4248-914c-40957cfe3779/datanode-6/data/containers/hdds of  storage type : DISK and capacity : 1482555576320
2019-09-27 17:44:52,489 [main] INFO  volume.VolumeSet (VolumeSet.java:initializeVolumeSet(170)) - Added Volume : /workdir/hadoop-ozone/integration-test/target/test-dir/MiniOzoneClusterImpl-57f6cbf4-6bc8-4248-914c-40957cfe3779/datanode-6/data/containers/hdds to VolumeSet
2019-09-27 17:44:52,490 [main] INFO  volume.ThrottledAsyncChecker (ThrottledAsyncChecker.java:schedule(139)) - Scheduling a check for org.apache.hadoop.ozone.container.common.volume.HddsVolume@6723610b
2019-09-27 17:44:52,490 [main] INFO  volume.HddsVolumeChecker (HddsVolumeChecker.java:checkAllVolumes(202)) - Scheduled health check for volume org.apache.hadoop.ozone.container.common.volume.HddsVolume@6723610b
2019-09-27 17:44:52,504 [main] INFO  impl.RaftServerProxy (ConfUtils.java:logGet(43)) - raft.rpc.type = GRPC (default)
2019-09-27 17:44:52,504 [main] INFO  grpc.GrpcFactory (GrpcFactory.java:checkPooledByteBufAllocatorUseCacheForAllThreads(45)) - PERFORMANCE WARNING: useCacheForAllThreads is true that may cause Netty to create a lot garbage objects and, as a result, trigger GC.
	It is recommended to disable useCacheForAllThreads by setting -Dorg.apache.ratis.thirdparty.io.netty.allocator.useCacheForAllThreads=false in command line.
2019-09-27 17:44:52,504 [main] INFO  grpc.GrpcConfigKeys$Server (ConfUtils.java:logGet(43)) - raft.grpc.server.port = 0 (default)
2019-09-27 17:44:52,505 [main] INFO  server.GrpcService (ConfUtils.java:logGet(43)) - raft.grpc.message.size.max = 33570816 (custom)
2019-09-27 17:44:52,505 [main] INFO  server.RaftServerConfigKeys (ConfUtils.java:logGet(43)) - raft.server.log.appender.buffer.byte-limit = 33554432 (custom)
2019-09-27 17:44:52,505 [main] INFO  server.GrpcService (ConfUtils.java:logGet(43)) - raft.grpc.flow.control.window = 1MB (=1048576) (default)
2019-09-27 17:44:52,505 [main] INFO  server.RaftServerConfigKeys (ConfUtils.java:logGet(43)) - raft.server.rpc.request.timeout = 3000ms (default)
2019-09-27 17:44:52,506 [main] INFO  server.RaftServerConfigKeys (ConfUtils.java:logGet(43)) - raft.server.storage.dir = [/workdir/hadoop-ozone/integration-test/target/test-dir/MiniOzoneClusterImpl-57f6cbf4-6bc8-4248-914c-40957cfe3779/datanode-6/data/ratis] (custom)
2019-09-27 17:44:52,507 [main] INFO  hdfs.DFSUtil (DFSUtil.java:httpServerTemplateForNNAndJN(1641)) - Starting Web-server for hddsDatanode at: http://0.0.0.0:0
2019-09-27 17:44:52,508 [main] INFO  server.AuthenticationFilter (AuthenticationFilter.java:constructSecretProvider(240)) - Unable to initialize FileSignerSecretProvider, falling back to use random secrets.
2019-09-27 17:44:52,508 [main] WARN  http.HttpRequestLog (HttpRequestLog.java:getRequestLog(97)) - Jetty request log can only be enabled using Log4j
2019-09-27 17:44:52,510 [main] INFO  http.HttpServer2 (HttpServer2.java:addGlobalFilter(975)) - Added global filter 'safety' (class=org.apache.hadoop.http.HttpServer2$QuotingInputFilter)
2019-09-27 17:44:52,510 [main] INFO  http.HttpServer2 (HttpServer2.java:addFilter(948)) - Added filter static_user_filter (class=org.apache.hadoop.http.lib.StaticUserWebFilter$StaticUserFilter) to context hddsDatanode
2019-09-27 17:44:52,510 [main] INFO  http.HttpServer2 (HttpServer2.java:addFilter(958)) - Added filter static_user_filter (class=org.apache.hadoop.http.lib.StaticUserWebFilter$StaticUserFilter) to context static
2019-09-27 17:44:52,510 [main] INFO  http.HttpServer2 (HttpServer2.java:addFilter(958)) - Added filter static_user_filter (class=org.apache.hadoop.http.lib.StaticUserWebFilter$StaticUserFilter) to context logs
2019-09-27 17:44:52,511 [main] INFO  http.HttpServer2 (HttpServer2.java:bindListener(1191)) - Jetty bound to port 44687
2019-09-27 17:44:52,511 [main] INFO  server.Server (Server.java:doStart(351)) - jetty-9.3.25.v20180904, build timestamp: 2018-09-04T21:11:46Z, git hash: 3ce520221d0240229c862b122d2b06c12a625732
2019-09-27 17:44:52,513 [main] INFO  handler.ContextHandler (ContextHandler.java:doStart(781)) - Started o.e.j.s.ServletContextHandler@a9c5b75{/logs,file:///workdir/hadoop-ozone/integration-test/target/log,AVAILABLE}
2019-09-27 17:44:52,514 [main] INFO  handler.ContextHandler (ContextHandler.java:doStart(781)) - Started o.e.j.s.ServletContextHandler@4dac121d{/static,jar:file:/home/user/.m2/repository/org/apache/hadoop/hadoop-hdds-container-service/0.5.0-SNAPSHOT/hadoop-hdds-container-service-0.5.0-SNAPSHOT.jar!/webapps/static,AVAILABLE}
2019-09-27 17:44:52,541 [main] INFO  handler.ContextHandler (ContextHandler.java:doStart(781)) - Started o.e.j.w.WebAppContext@a146b11{/,file:///tmp/jetty-0.0.0.0-44687-hddsDatanode-_-any-901106387719084580.dir/webapp/,AVAILABLE}{/hddsDatanode}
2019-09-27 17:44:52,541 [main] INFO  server.AbstractConnector (AbstractConnector.java:doStart(278)) - Started ServerConnector@f438904{HTTP/1.1,[http/1.1]}{0.0.0.0:44687}
2019-09-27 17:44:52,543 [main] INFO  server.Server (Server.java:doStart(419)) - Started @46619ms
2019-09-27 17:44:52,543 [main] WARN  impl.MetricsSystemImpl (MetricsSystemImpl.java:register(276)) - Sink prometheus already exists!
2019-09-27 17:44:52,544 [main] INFO  server.BaseHttpServer (BaseHttpServer.java:updateConnectorAddress(215)) - HTTP server of HDDSDATANODE is listening at http://0.0.0.0:44687
2019-09-27 17:44:52,544 [main] INFO  ozone.MiniOzoneClusterImpl (MiniOzoneClusterImpl.java:lambda$waitForClusterToBeReady$0(147)) - Waiting for cluster to be ready. Got 0 of 7 DN Heartbeats.
2019-09-27 17:44:52,548 [org.apache.hadoop.util.JvmPauseMonitor$Monitor@42198a62] INFO  util.JvmPauseMonitor (JvmPauseMonitor.java:run(188)) - Starting JVM pause monitor
2019-09-27 17:44:52,549 [Datanode State Machine Thread - 0] INFO  datanode.InitDatanodeState (InitDatanodeState.java:persistContainerDatanodeDetails(140)) - DatanodeDetails is persisted to /workdir/hadoop-ozone/integration-test/target/test-dir/MiniOzoneClusterImpl-57f6cbf4-6bc8-4248-914c-40957cfe3779/datanode-6/meta/datanode.id
2019-09-27 17:44:53,544 [main] INFO  ozone.MiniOzoneClusterImpl (MiniOzoneClusterImpl.java:lambda$waitForClusterToBeReady$0(147)) - Waiting for cluster to be ready. Got 0 of 7 DN Heartbeats.
2019-09-27 17:44:54,147 [Datanode State Machine Thread - 0] INFO  ozoneimpl.OzoneContainer (OzoneContainer.java:start(217)) - Attempting to start container services.
2019-09-27 17:44:54,150 [Datanode State Machine Thread - 0] INFO  ozoneimpl.OzoneContainer (OzoneContainer.java:startContainerScrub(179)) - Background container scanner has been disabled.
2019-09-27 17:44:54,150 [Datanode State Machine Thread - 0] INFO  ratis.XceiverServerRatis (XceiverServerRatis.java:start(411)) - Starting XceiverServerRatis 05cdac53-6c56-4c7c-9e4c-d3c9dc9d18dd at port 0
2019-09-27 17:44:54,158 [Datanode State Machine Thread - 0] INFO  impl.RaftServerProxy (RaftServerProxy.java:lambda$start$3(299)) - 05cdac53-6c56-4c7c-9e4c-d3c9dc9d18dd: start RPC server
2019-09-27 17:44:54,162 [Datanode State Machine Thread - 0] INFO  server.GrpcService (GrpcService.java:startImpl(158)) - 05cdac53-6c56-4c7c-9e4c-d3c9dc9d18dd: GrpcService started, listening on 0.0.0.0/0.0.0.0:35802
2019-09-27 17:44:54,162 [Datanode State Machine Thread - 0] INFO  ratis.XceiverServerRatis (XceiverServerRatis.java:start(421)) - XceiverServerRatis 05cdac53-6c56-4c7c-9e4c-d3c9dc9d18dd is started using port 35802
2019-09-27 17:44:54,164 [Datanode State Machine Thread - 0] INFO  server.XceiverServerGrpc (XceiverServerGrpc.java:start(149)) - XceiverServerGrpc 05cdac53-6c56-4c7c-9e4c-d3c9dc9d18dd is started using port 33519
2019-09-27 17:44:54,202 [Datanode State Machine Thread - 0] INFO  ozoneimpl.OzoneContainer (OzoneContainer.java:start(217)) - Attempting to start container services.
2019-09-27 17:44:54,205 [Datanode State Machine Thread - 0] INFO  ozoneimpl.OzoneContainer (OzoneContainer.java:startContainerScrub(179)) - Background container scanner has been disabled.
2019-09-27 17:44:54,205 [Datanode State Machine Thread - 0] INFO  ratis.XceiverServerRatis (XceiverServerRatis.java:start(411)) - Starting XceiverServerRatis 9cab922b-4447-4fb1-93d6-6977ac88ca97 at port 0
2019-09-27 17:44:54,213 [Datanode State Machine Thread - 0] INFO  impl.RaftServerProxy (RaftServerProxy.java:lambda$start$3(299)) - 9cab922b-4447-4fb1-93d6-6977ac88ca97: start RPC server
2019-09-27 17:44:54,213 [Datanode State Machine Thread - 0] INFO  server.GrpcService (GrpcService.java:startImpl(158)) - 9cab922b-4447-4fb1-93d6-6977ac88ca97: GrpcService started, listening on 0.0.0.0/0.0.0.0:34450
2019-09-27 17:44:54,214 [Datanode State Machine Thread - 0] INFO  ratis.XceiverServerRatis (XceiverServerRatis.java:start(421)) - XceiverServerRatis 9cab922b-4447-4fb1-93d6-6977ac88ca97 is started using port 34450
2019-09-27 17:44:54,225 [Datanode State Machine Thread - 0] INFO  server.XceiverServerGrpc (XceiverServerGrpc.java:start(149)) - XceiverServerGrpc 9cab922b-4447-4fb1-93d6-6977ac88ca97 is started using port 45445
2019-09-27 17:44:54,268 [Datanode State Machine Thread - 0] INFO  ozoneimpl.OzoneContainer (OzoneContainer.java:start(217)) - Attempting to start container services.
2019-09-27 17:44:54,272 [Datanode State Machine Thread - 0] INFO  ozoneimpl.OzoneContainer (OzoneContainer.java:startContainerScrub(179)) - Background container scanner has been disabled.
2019-09-27 17:44:54,273 [Datanode State Machine Thread - 0] INFO  ratis.XceiverServerRatis (XceiverServerRatis.java:start(411)) - Starting XceiverServerRatis 1aff70a5-6fd7-415c-9c83-4956156a56e6 at port 0
2019-09-27 17:44:54,280 [Datanode State Machine Thread - 0] INFO  impl.RaftServerProxy (RaftServerProxy.java:lambda$start$3(299)) - 1aff70a5-6fd7-415c-9c83-4956156a56e6: start RPC server
2019-09-27 17:44:54,281 [Datanode State Machine Thread - 0] INFO  server.GrpcService (GrpcService.java:startImpl(158)) - 1aff70a5-6fd7-415c-9c83-4956156a56e6: GrpcService started, listening on 0.0.0.0/0.0.0.0:34775
2019-09-27 17:44:54,282 [Datanode State Machine Thread - 0] INFO  ratis.XceiverServerRatis (XceiverServerRatis.java:start(421)) - XceiverServerRatis 1aff70a5-6fd7-415c-9c83-4956156a56e6 is started using port 34775
2019-09-27 17:44:54,287 [Datanode State Machine Thread - 0] INFO  server.XceiverServerGrpc (XceiverServerGrpc.java:start(149)) - XceiverServerGrpc 1aff70a5-6fd7-415c-9c83-4956156a56e6 is started using port 43624
2019-09-27 17:44:54,335 [Datanode State Machine Thread - 0] INFO  ozoneimpl.OzoneContainer (OzoneContainer.java:start(217)) - Attempting to start container services.
2019-09-27 17:44:54,335 [Datanode State Machine Thread - 0] INFO  ozoneimpl.OzoneContainer (OzoneContainer.java:startContainerScrub(179)) - Background container scanner has been disabled.
2019-09-27 17:44:54,335 [Datanode State Machine Thread - 0] INFO  ratis.XceiverServerRatis (XceiverServerRatis.java:start(411)) - Starting XceiverServerRatis 4e5d8d87-6fbd-4b84-a744-263dd1cb0377 at port 0
2019-09-27 17:44:54,343 [Datanode State Machine Thread - 0] INFO  impl.RaftServerProxy (RaftServerProxy.java:lambda$start$3(299)) - 4e5d8d87-6fbd-4b84-a744-263dd1cb0377: start RPC server
2019-09-27 17:44:54,344 [Datanode State Machine Thread - 0] INFO  server.GrpcService (GrpcService.java:startImpl(158)) - 4e5d8d87-6fbd-4b84-a744-263dd1cb0377: GrpcService started, listening on 0.0.0.0/0.0.0.0:43485
2019-09-27 17:44:54,344 [Datanode State Machine Thread - 0] INFO  ratis.XceiverServerRatis (XceiverServerRatis.java:start(421)) - XceiverServerRatis 4e5d8d87-6fbd-4b84-a744-263dd1cb0377 is started using port 43485
2019-09-27 17:44:54,346 [Datanode State Machine Thread - 0] INFO  server.XceiverServerGrpc (XceiverServerGrpc.java:start(149)) - XceiverServerGrpc 4e5d8d87-6fbd-4b84-a744-263dd1cb0377 is started using port 43771
2019-09-27 17:44:54,424 [Datanode State Machine Thread - 0] INFO  ozoneimpl.OzoneContainer (OzoneContainer.java:start(217)) - Attempting to start container services.
2019-09-27 17:44:54,425 [Datanode State Machine Thread - 0] INFO  ozoneimpl.OzoneContainer (OzoneContainer.java:startContainerScrub(179)) - Background container scanner has been disabled.
2019-09-27 17:44:54,425 [Datanode State Machine Thread - 0] INFO  ratis.XceiverServerRatis (XceiverServerRatis.java:start(411)) - Starting XceiverServerRatis 23205af3-9a5e-419b-ac4c-99a3f7ef887f at port 0
2019-09-27 17:44:54,432 [Datanode State Machine Thread - 0] INFO  impl.RaftServerProxy (RaftServerProxy.java:lambda$start$3(299)) - 23205af3-9a5e-419b-ac4c-99a3f7ef887f: start RPC server
2019-09-27 17:44:54,434 [Datanode State Machine Thread - 0] INFO  server.GrpcService (GrpcService.java:startImpl(158)) - 23205af3-9a5e-419b-ac4c-99a3f7ef887f: GrpcService started, listening on 0.0.0.0/0.0.0.0:39973
2019-09-27 17:44:54,435 [Datanode State Machine Thread - 0] INFO  ratis.XceiverServerRatis (XceiverServerRatis.java:start(421)) - XceiverServerRatis 23205af3-9a5e-419b-ac4c-99a3f7ef887f is started using port 39973
2019-09-27 17:44:54,436 [Datanode State Machine Thread - 0] INFO  server.XceiverServerGrpc (XceiverServerGrpc.java:start(149)) - XceiverServerGrpc 23205af3-9a5e-419b-ac4c-99a3f7ef887f is started using port 34541
2019-09-27 17:44:54,498 [Datanode State Machine Thread - 0] INFO  ozoneimpl.OzoneContainer (OzoneContainer.java:start(217)) - Attempting to start container services.
2019-09-27 17:44:54,499 [Datanode State Machine Thread - 0] INFO  ozoneimpl.OzoneContainer (OzoneContainer.java:startContainerScrub(179)) - Background container scanner has been disabled.
2019-09-27 17:44:54,499 [Datanode State Machine Thread - 0] INFO  ratis.XceiverServerRatis (XceiverServerRatis.java:start(411)) - Starting XceiverServerRatis 492843b5-ab2c-4cb8-846e-c2fadfa97c1e at port 0
2019-09-27 17:44:54,506 [Datanode State Machine Thread - 0] INFO  impl.RaftServerProxy (RaftServerProxy.java:lambda$start$3(299)) - 492843b5-ab2c-4cb8-846e-c2fadfa97c1e: start RPC server
2019-09-27 17:44:54,509 [Datanode State Machine Thread - 0] INFO  server.GrpcService (GrpcService.java:startImpl(158)) - 492843b5-ab2c-4cb8-846e-c2fadfa97c1e: GrpcService started, listening on 0.0.0.0/0.0.0.0:35030
2019-09-27 17:44:54,509 [Datanode State Machine Thread - 0] INFO  ratis.XceiverServerRatis (XceiverServerRatis.java:start(421)) - XceiverServerRatis 492843b5-ab2c-4cb8-846e-c2fadfa97c1e is started using port 35030
2019-09-27 17:44:54,512 [Datanode State Machine Thread - 0] INFO  server.XceiverServerGrpc (XceiverServerGrpc.java:start(149)) - XceiverServerGrpc 492843b5-ab2c-4cb8-846e-c2fadfa97c1e is started using port 32940
2019-09-27 17:44:54,545 [main] INFO  ozone.MiniOzoneClusterImpl (MiniOzoneClusterImpl.java:lambda$waitForClusterToBeReady$0(147)) - Waiting for cluster to be ready. Got 0 of 7 DN Heartbeats.
2019-09-27 17:44:54,562 [Datanode State Machine Thread - 0] INFO  ozoneimpl.OzoneContainer (OzoneContainer.java:start(217)) - Attempting to start container services.
2019-09-27 17:44:54,562 [Datanode State Machine Thread - 0] INFO  ozoneimpl.OzoneContainer (OzoneContainer.java:startContainerScrub(179)) - Background container scanner has been disabled.
2019-09-27 17:44:54,562 [Datanode State Machine Thread - 0] INFO  ratis.XceiverServerRatis (XceiverServerRatis.java:start(411)) - Starting XceiverServerRatis 8115872d-0c95-4e59-8e34-d456d7ae9ddb at port 0
2019-09-27 17:44:54,568 [Datanode State Machine Thread - 0] INFO  impl.RaftServerProxy (RaftServerProxy.java:lambda$start$3(299)) - 8115872d-0c95-4e59-8e34-d456d7ae9ddb: start RPC server
2019-09-27 17:44:54,569 [Datanode State Machine Thread - 0] INFO  server.GrpcService (GrpcService.java:startImpl(158)) - 8115872d-0c95-4e59-8e34-d456d7ae9ddb: GrpcService started, listening on 0.0.0.0/0.0.0.0:41196
2019-09-27 17:44:54,569 [Datanode State Machine Thread - 0] INFO  ratis.XceiverServerRatis (XceiverServerRatis.java:start(421)) - XceiverServerRatis 8115872d-0c95-4e59-8e34-d456d7ae9ddb is started using port 41196
2019-09-27 17:44:54,570 [Datanode State Machine Thread - 0] INFO  server.XceiverServerGrpc (XceiverServerGrpc.java:start(149)) - XceiverServerGrpc 8115872d-0c95-4e59-8e34-d456d7ae9ddb is started using port 40482
2019-09-27 17:44:55,545 [main] INFO  ozone.MiniOzoneClusterImpl (MiniOzoneClusterImpl.java:lambda$waitForClusterToBeReady$0(147)) - Waiting for cluster to be ready. Got 0 of 7 DN Heartbeats.
2019-09-27 17:44:56,129 [IPC Server handler 15 on 37714] INFO  net.NetworkTopology (NetworkTopologyImpl.java:add(111)) - Added a new node: /default-rack/05cdac53-6c56-4c7c-9e4c-d3c9dc9d18dd
2019-09-27 17:44:56,132 [IPC Server handler 15 on 37714] INFO  node.SCMNodeManager (SCMNodeManager.java:register(266)) - Registered Data node : 05cdac53-6c56-4c7c-9e4c-d3c9dc9d18dd{ip: 192.168.151.105, host: pr-hdds-2181-c2mmz-2857100994, networkLocation: /default-rack, certSerialId: null}
2019-09-27 17:44:56,133 [EventQueue-NodeRegistrationContainerReportForDataNodeSafeModeRule] INFO  safemode.SCMSafeModeManager (DataNodeSafeModeRule.java:process(71)) - SCM in safe mode. 1 DataNodes registered, 1 required.
2019-09-27 17:44:56,136 [EventQueue-NodeRegistrationContainerReportForDataNodeSafeModeRule] INFO  safemode.SCMSafeModeManager (SCMSafeModeManager.java:validateSafeModeExitRules(177)) - ScmSafeModeManager, all rules are successfully validated
2019-09-27 17:44:56,136 [EventQueue-NodeRegistrationContainerReportForDataNodeSafeModeRule] INFO  safemode.SCMSafeModeManager (SCMSafeModeManager.java:exitSafeMode(193)) - SCM exiting safe mode.
2019-09-27 17:44:56,157 [grpc-default-executor-4] INFO  impl.RaftServerProxy (RaftServerProxy.java:addNew(89)) - 05cdac53-6c56-4c7c-9e4c-d3c9dc9d18dd: addNew group-852792C98ACA:[05cdac53-6c56-4c7c-9e4c-d3c9dc9d18dd:192.168.151.105:35802] returns group-852792C98ACA:java.util.concurrent.CompletableFuture@25a5c558[Not completed]
2019-09-27 17:44:56,162 [pool-119-thread-1] INFO  impl.RaftServerImpl (RaftServerImpl.java:<init>(95)) - 05cdac53-6c56-4c7c-9e4c-d3c9dc9d18dd: new RaftServerImpl for group-852792C98ACA:[05cdac53-6c56-4c7c-9e4c-d3c9dc9d18dd:192.168.151.105:35802] with ContainerStateMachine:uninitialized
2019-09-27 17:44:56,162 [pool-119-thread-1] INFO  server.RaftServerConfigKeys (ConfUtils.java:logGet(43)) - raft.server.rpc.timeout.min = 5s (custom)
2019-09-27 17:44:56,162 [pool-119-thread-1] INFO  server.RaftServerConfigKeys (ConfUtils.java:logGet(43)) - raft.server.rpc.timeout.max = 5200ms (custom)
2019-09-27 17:44:56,162 [pool-119-thread-1] INFO  server.RaftServerConfigKeys (ConfUtils.java:logGet(43)) - raft.server.rpcslowness.timeout = 120s (custom)
2019-09-27 17:44:56,163 [pool-119-thread-1] INFO  server.RaftServerConfigKeys (ConfUtils.java:logGet(43)) - raft.server.sleep.deviation.threshold = 300 (default)
2019-09-27 17:44:56,163 [pool-119-thread-1] INFO  server.RaftServerConfigKeys (ConfUtils.java:logGet(43)) - raft.server.log.appender.install.snapshot.enabled = false (custom)
2019-09-27 17:44:56,163 [pool-119-thread-1] INFO  impl.RaftServerImpl (ServerState.java:<init>(103)) - 05cdac53-6c56-4c7c-9e4c-d3c9dc9d18dd@group-852792C98ACA: ConfigurationManager, init=-1: [05cdac53-6c56-4c7c-9e4c-d3c9dc9d18dd:192.168.151.105:35802], old=null, confs=<EMPTY_MAP>
2019-09-27 17:44:56,163 [pool-119-thread-1] INFO  server.RaftServerConfigKeys (ConfUtils.java:logGet(43)) - raft.server.storage.dir = [/workdir/hadoop-ozone/integration-test/target/test-dir/MiniOzoneClusterImpl-57f6cbf4-6bc8-4248-914c-40957cfe3779/datanode-0/data/ratis] (custom)
2019-09-27 17:44:56,164 [pool-119-thread-1] INFO  storage.RaftStorageDirectory (RaftStorageDirectory.java:analyzeStorage(246)) - The storage directory /workdir/hadoop-ozone/integration-test/target/test-dir/MiniOzoneClusterImpl-57f6cbf4-6bc8-4248-914c-40957cfe3779/datanode-0/data/ratis/e8a88649-df1d-4901-b445-852792c98aca does not exist. Creating ...
2019-09-27 17:44:56,185 [pool-119-thread-1] INFO  storage.RaftStorageDirectory (RaftStorageDirectory.java:tryLock(328)) - Lock on /workdir/hadoop-ozone/integration-test/target/test-dir/MiniOzoneClusterImpl-57f6cbf4-6bc8-4248-914c-40957cfe3779/datanode-0/data/ratis/e8a88649-df1d-4901-b445-852792c98aca/in_use.lock acquired by nodename 8824@pr-hdds-2181-c2mmz-2857100994
2019-09-27 17:44:56,188 [IPC Server handler 17 on 37714] INFO  net.NetworkTopology (NetworkTopologyImpl.java:add(111)) - Added a new node: /default-rack/9cab922b-4447-4fb1-93d6-6977ac88ca97
2019-09-27 17:44:56,188 [IPC Server handler 17 on 37714] INFO  node.SCMNodeManager (SCMNodeManager.java:register(266)) - Registered Data node : 9cab922b-4447-4fb1-93d6-6977ac88ca97{ip: 192.168.151.105, host: pr-hdds-2181-c2mmz-2857100994, networkLocation: /default-rack, certSerialId: null}
2019-09-27 17:44:56,199 [pool-119-thread-1] INFO  storage.RaftStorage (RaftStorage.java:format(72)) - Storage directory /workdir/hadoop-ozone/integration-test/target/test-dir/MiniOzoneClusterImpl-57f6cbf4-6bc8-4248-914c-40957cfe3779/datanode-0/data/ratis/e8a88649-df1d-4901-b445-852792c98aca has been successfully formatted.
2019-09-27 17:44:56,199 [pool-119-thread-1] INFO  ratis.ContainerStateMachine (ContainerStateMachine.java:loadSnapshot(230)) - group-852792C98ACA: The snapshot info is null. Setting the last applied indexto:(t:0, i:~)
2019-09-27 17:44:56,199 [pool-119-thread-1] INFO  server.RaftServerConfigKeys (ConfUtils.java:logGet(43)) - raft.server.notification.no-leader.timeout = 120s (custom)
2019-09-27 17:44:56,200 [pool-119-thread-1] INFO  server.RaftServerConfigKeys (ConfUtils.java:logGet(43)) - raft.server.log.use.memory = false (default)
2019-09-27 17:44:56,200 [pool-119-thread-1] INFO  server.RaftServerConfigKeys (ConfUtils.java:logGet(43)) - raft.server.log.purge.gap = 1000000 (custom)
2019-09-27 17:44:56,200 [pool-119-thread-1] INFO  server.RaftServerConfigKeys (ConfUtils.java:logGet(43)) - raft.server.log.appender.buffer.byte-limit = 33554432 (custom)
2019-09-27 17:44:56,200 [pool-119-thread-1] INFO  server.RaftServerConfigKeys (ConfUtils.java:logGet(43)) - raft.server.log.segment.size.max = 1048576 (custom)
2019-09-27 17:44:56,200 [pool-119-thread-1] INFO  server.RaftServerConfigKeys (ConfUtils.java:logGet(43)) - raft.server.log.segment.cache.num.max = 2 (custom)
2019-09-27 17:44:56,201 [pool-119-thread-1] INFO  segmented.SegmentedRaftLogWorker (SegmentedRaftLogWorker.java:<init>(172)) - new 05cdac53-6c56-4c7c-9e4c-d3c9dc9d18dd@group-852792C98ACA-SegmentedRaftLogWorker for RaftStorage:Storage Directory /workdir/hadoop-ozone/integration-test/target/test-dir/MiniOzoneClusterImpl-57f6cbf4-6bc8-4248-914c-40957cfe3779/datanode-0/data/ratis/e8a88649-df1d-4901-b445-852792c98aca
2019-09-27 17:44:56,204 [pool-119-thread-1] INFO  server.RaftServerConfigKeys (ConfUtils.java:logGet(43)) - raft.server.log.queue.byte-limit = 2147483647 (custom)
2019-09-27 17:44:56,204 [pool-119-thread-1] INFO  server.RaftServerConfigKeys (ConfUtils.java:logGet(43)) - raft.server.log.queue.element-limit = 1024 (custom)
2019-09-27 17:44:56,204 [pool-119-thread-1] INFO  server.RaftServerConfigKeys (ConfUtils.java:logGet(43)) - raft.server.log.segment.size.max = 1048576 (custom)
2019-09-27 17:44:56,204 [pool-119-thread-1] INFO  server.RaftServerConfigKeys (ConfUtils.java:logGet(43)) - raft.server.log.preallocated.size = 16384 (custom)
2019-09-27 17:44:56,205 [pool-119-thread-1] INFO  server.RaftServerConfigKeys (ConfUtils.java:logGet(43)) - raft.server.log.write.buffer.size = 33554432 (custom)
2019-09-27 17:44:56,205 [pool-119-thread-1] INFO  server.RaftServerConfigKeys (ConfUtils.java:logGet(43)) - raft.server.log.force.sync.num = 128 (default)
2019-09-27 17:44:56,205 [pool-119-thread-1] INFO  server.RaftServerConfigKeys (ConfUtils.java:logGet(43)) - raft.server.log.statemachine.data.sync = true (default)
2019-09-27 17:44:56,205 [pool-119-thread-1] INFO  server.RaftServerConfigKeys (ConfUtils.java:logGet(43)) - raft.server.log.statemachine.data.sync.timeout = 10s (default)
2019-09-27 17:44:56,205 [pool-119-thread-1] INFO  server.RaftServerConfigKeys (ConfUtils.java:logGet(43)) - raft.server.log.statemachine.data.sync.timeout.retry = -1 (default)
2019-09-27 17:44:56,206 [pool-119-thread-1] INFO  server.RaftServerConfigKeys (ConfUtils.java:logGet(43)) - raft.server.log.statemachine.data.caching.enabled = true (custom)
2019-09-27 17:44:56,206 [pool-119-thread-1] INFO  segmented.SegmentedRaftLogWorker (SegmentedRaftLogWorker.java:lambda$new$0(132)) - 05cdac53-6c56-4c7c-9e4c-d3c9dc9d18dd@group-852792C98ACA-SegmentedRaftLogWorker: flushIndex: setUnconditionally 0 -> -1
2019-09-27 17:44:56,206 [pool-119-thread-1] INFO  server.RaftServerConfigKeys (ConfUtils.java:logGet(43)) - raft.server.snapshot.auto.trigger.enabled = true (custom)
2019-09-27 17:44:56,207 [pool-119-thread-1] INFO  server.RaftServerConfigKeys (ConfUtils.java:logGet(43)) - raft.server.snapshot.auto.trigger.threshold = 10000 (custom)
2019-09-27 17:44:56,207 [pool-119-thread-1] INFO  server.RaftServerConfigKeys (ConfUtils.java:logGet(43)) - raft.server.snapshot.retention.num.files = 5 (custom)
2019-09-27 17:44:56,207 [pool-119-thread-1] INFO  server.RaftServerConfigKeys (ConfUtils.java:logGet(43)) - raft.server.retrycache.expirytime = 600000ms (custom)
2019-09-27 17:44:56,210 [pool-119-thread-1] INFO  impl.RaftServerImpl (RaftServerImpl.java:start(185)) - 05cdac53-6c56-4c7c-9e4c-d3c9dc9d18dd@group-852792C98ACA: start as a follower, conf=-1: [05cdac53-6c56-4c7c-9e4c-d3c9dc9d18dd:192.168.151.105:35802], old=null
2019-09-27 17:44:56,210 [pool-119-thread-1] INFO  impl.RaftServerImpl (RaftServerImpl.java:setRole(174)) - 05cdac53-6c56-4c7c-9e4c-d3c9dc9d18dd@group-852792C98ACA: changes role from      null to FOLLOWER at term 0 for startAsFollower
2019-09-27 17:44:56,210 [pool-119-thread-1] INFO  impl.RoleInfo (RoleInfo.java:updateAndGet(143)) - 05cdac53-6c56-4c7c-9e4c-d3c9dc9d18dd: start FollowerState
2019-09-27 17:44:56,211 [pool-119-thread-1] INFO  util.JmxRegister (JmxRegister.java:tryRegister(44)) - Successfully registered JMX Bean with object name Ratis:service=RaftServer,group=group-852792C98ACA,id=05cdac53-6c56-4c7c-9e4c-d3c9dc9d18dd
2019-09-27 17:44:56,226 [RatisPipelineUtilsThread] INFO  pipeline.PipelineStateManager (PipelineStateManager.java:addPipeline(56)) - Created pipeline Pipeline[ Id: e8a88649-df1d-4901-b445-852792c98aca, Nodes: 05cdac53-6c56-4c7c-9e4c-d3c9dc9d18dd{ip: 192.168.151.105, host: pr-hdds-2181-c2mmz-2857100994, networkLocation: /default-rack, certSerialId: null}, Type:RATIS, Factor:ONE, State:OPEN]
2019-09-27 17:44:56,235 [grpc-default-executor-4] INFO  impl.RaftServerProxy (RaftServerProxy.java:addNew(89)) - 9cab922b-4447-4fb1-93d6-6977ac88ca97: addNew group-D27BF0E35532:[9cab922b-4447-4fb1-93d6-6977ac88ca97:192.168.151.105:34450] returns group-D27BF0E35532:java.util.concurrent.CompletableFuture@686f9917[Not completed]
2019-09-27 17:44:56,236 [pool-129-thread-1] INFO  impl.RaftServerImpl (RaftServerImpl.java:<init>(95)) - 9cab922b-4447-4fb1-93d6-6977ac88ca97: new RaftServerImpl for group-D27BF0E35532:[9cab922b-4447-4fb1-93d6-6977ac88ca97:192.168.151.105:34450] with ContainerStateMachine:uninitialized
2019-09-27 17:44:56,236 [pool-129-thread-1] INFO  server.RaftServerConfigKeys (ConfUtils.java:logGet(43)) - raft.server.rpc.timeout.min = 5s (custom)
2019-09-27 17:44:56,237 [pool-129-thread-1] INFO  server.RaftServerConfigKeys (ConfUtils.java:logGet(43)) - raft.server.rpc.timeout.max = 5200ms (custom)
2019-09-27 17:44:56,237 [pool-129-thread-1] INFO  server.RaftServerConfigKeys (ConfUtils.java:logGet(43)) - raft.server.rpcslowness.timeout = 120s (custom)
2019-09-27 17:44:56,237 [pool-129-thread-1] INFO  server.RaftServerConfigKeys (ConfUtils.java:logGet(43)) - raft.server.sleep.deviation.threshold = 300 (default)
2019-09-27 17:44:56,237 [pool-129-thread-1] INFO  server.RaftServerConfigKeys (ConfUtils.java:logGet(43)) - raft.server.log.appender.install.snapshot.enabled = false (custom)
2019-09-27 17:44:56,237 [pool-129-thread-1] INFO  impl.RaftServerImpl (ServerState.java:<init>(103)) - 9cab922b-4447-4fb1-93d6-6977ac88ca97@group-D27BF0E35532: ConfigurationManager, init=-1: [9cab922b-4447-4fb1-93d6-6977ac88ca97:192.168.151.105:34450], old=null, confs=<EMPTY_MAP>
2019-09-27 17:44:56,237 [pool-129-thread-1] INFO  server.RaftServerConfigKeys (ConfUtils.java:logGet(43)) - raft.server.storage.dir = [/workdir/hadoop-ozone/integration-test/target/test-dir/MiniOzoneClusterImpl-57f6cbf4-6bc8-4248-914c-40957cfe3779/datanode-1/data/ratis] (custom)
2019-09-27 17:44:56,238 [pool-129-thread-1] INFO  storage.RaftStorageDirectory (RaftStorageDirectory.java:analyzeStorage(246)) - The storage directory /workdir/hadoop-ozone/integration-test/target/test-dir/MiniOzoneClusterImpl-57f6cbf4-6bc8-4248-914c-40957cfe3779/datanode-1/data/ratis/d4b16418-cb7c-49f2-ac69-d27bf0e35532 does not exist. Creating ...
2019-09-27 17:44:56,252 [pool-129-thread-1] INFO  storage.RaftStorageDirectory (RaftStorageDirectory.java:tryLock(328)) - Lock on /workdir/hadoop-ozone/integration-test/target/test-dir/MiniOzoneClusterImpl-57f6cbf4-6bc8-4248-914c-40957cfe3779/datanode-1/data/ratis/d4b16418-cb7c-49f2-ac69-d27bf0e35532/in_use.lock acquired by nodename 8824@pr-hdds-2181-c2mmz-2857100994
2019-09-27 17:44:56,254 [IPC Server handler 0 on 37714] INFO  net.NetworkTopology (NetworkTopologyImpl.java:add(111)) - Added a new node: /default-rack/1aff70a5-6fd7-415c-9c83-4956156a56e6
2019-09-27 17:44:56,255 [IPC Server handler 0 on 37714] INFO  node.SCMNodeManager (SCMNodeManager.java:register(266)) - Registered Data node : 1aff70a5-6fd7-415c-9c83-4956156a56e6{ip: 192.168.151.105, host: pr-hdds-2181-c2mmz-2857100994, networkLocation: /default-rack, certSerialId: null}
2019-09-27 17:44:56,265 [pool-129-thread-1] INFO  storage.RaftStorage (RaftStorage.java:format(72)) - Storage directory /workdir/hadoop-ozone/integration-test/target/test-dir/MiniOzoneClusterImpl-57f6cbf4-6bc8-4248-914c-40957cfe3779/datanode-1/data/ratis/d4b16418-cb7c-49f2-ac69-d27bf0e35532 has been successfully formatted.
2019-09-27 17:44:56,265 [pool-129-thread-1] INFO  ratis.ContainerStateMachine (ContainerStateMachine.java:loadSnapshot(230)) - group-D27BF0E35532: The snapshot info is null. Setting the last applied indexto:(t:0, i:~)
2019-09-27 17:44:56,265 [pool-129-thread-1] INFO  server.RaftServerConfigKeys (ConfUtils.java:logGet(43)) - raft.server.notification.no-leader.timeout = 120s (custom)
2019-09-27 17:44:56,265 [pool-129-thread-1] INFO  server.RaftServerConfigKeys (ConfUtils.java:logGet(43)) - raft.server.log.use.memory = false (default)
2019-09-27 17:44:56,266 [pool-129-thread-1] INFO  server.RaftServerConfigKeys (ConfUtils.java:logGet(43)) - raft.server.log.purge.gap = 1000000 (custom)
2019-09-27 17:44:56,266 [pool-129-thread-1] INFO  server.RaftServerConfigKeys (ConfUtils.java:logGet(43)) - raft.server.log.appender.buffer.byte-limit = 33554432 (custom)
2019-09-27 17:44:56,266 [pool-129-thread-1] INFO  server.RaftServerConfigKeys (ConfUtils.java:logGet(43)) - raft.server.log.segment.size.max = 1048576 (custom)
2019-09-27 17:44:56,266 [pool-129-thread-1] INFO  server.RaftServerConfigKeys (ConfUtils.java:logGet(43)) - raft.server.log.segment.cache.num.max = 2 (custom)
2019-09-27 17:44:56,266 [pool-129-thread-1] INFO  segmented.SegmentedRaftLogWorker (SegmentedRaftLogWorker.java:<init>(172)) - new 9cab922b-4447-4fb1-93d6-6977ac88ca97@group-D27BF0E35532-SegmentedRaftLogWorker for RaftStorage:Storage Directory /workdir/hadoop-ozone/integration-test/target/test-dir/MiniOzoneClusterImpl-57f6cbf4-6bc8-4248-914c-40957cfe3779/datanode-1/data/ratis/d4b16418-cb7c-49f2-ac69-d27bf0e35532
2019-09-27 17:44:56,268 [pool-129-thread-1] INFO  server.RaftServerConfigKeys (ConfUtils.java:logGet(43)) - raft.server.log.queue.byte-limit = 2147483647 (custom)
2019-09-27 17:44:56,268 [pool-129-thread-1] INFO  server.RaftServerConfigKeys (ConfUtils.java:logGet(43)) - raft.server.log.queue.element-limit = 1024 (custom)
2019-09-27 17:44:56,269 [pool-129-thread-1] INFO  server.RaftServerConfigKeys (ConfUtils.java:logGet(43)) - raft.server.log.segment.size.max = 1048576 (custom)
2019-09-27 17:44:56,269 [pool-129-thread-1] INFO  server.RaftServerConfigKeys (ConfUtils.java:logGet(43)) - raft.server.log.preallocated.size = 16384 (custom)
2019-09-27 17:44:56,269 [pool-129-thread-1] INFO  server.RaftServerConfigKeys (ConfUtils.java:logGet(43)) - raft.server.log.write.buffer.size = 33554432 (custom)
2019-09-27 17:44:56,269 [pool-129-thread-1] INFO  server.RaftServerConfigKeys (ConfUtils.java:logGet(43)) - raft.server.log.force.sync.num = 128 (default)
2019-09-27 17:44:56,269 [pool-129-thread-1] INFO  server.RaftServerConfigKeys (ConfUtils.java:logGet(43)) - raft.server.log.statemachine.data.sync = true (default)
2019-09-27 17:44:56,269 [pool-129-thread-1] INFO  server.RaftServerConfigKeys (ConfUtils.java:logGet(43)) - raft.server.log.statemachine.data.sync.timeout = 10s (default)
2019-09-27 17:44:56,269 [pool-129-thread-1] INFO  server.RaftServerConfigKeys (ConfUtils.java:logGet(43)) - raft.server.log.statemachine.data.sync.timeout.retry = -1 (default)
2019-09-27 17:44:56,270 [pool-129-thread-1] INFO  server.RaftServerConfigKeys (ConfUtils.java:logGet(43)) - raft.server.log.statemachine.data.caching.enabled = true (custom)
2019-09-27 17:44:56,270 [pool-129-thread-1] INFO  segmented.SegmentedRaftLogWorker (SegmentedRaftLogWorker.java:lambda$new$0(132)) - 9cab922b-4447-4fb1-93d6-6977ac88ca97@group-D27BF0E35532-SegmentedRaftLogWorker: flushIndex: setUnconditionally 0 -> -1
2019-09-27 17:44:56,270 [pool-129-thread-1] INFO  server.RaftServerConfigKeys (ConfUtils.java:logGet(43)) - raft.server.snapshot.auto.trigger.enabled = true (custom)
2019-09-27 17:44:56,270 [pool-129-thread-1] INFO  server.RaftServerConfigKeys (ConfUtils.java:logGet(43)) - raft.server.snapshot.auto.trigger.threshold = 10000 (custom)
2019-09-27 17:44:56,271 [pool-129-thread-1] INFO  server.RaftServerConfigKeys (ConfUtils.java:logGet(43)) - raft.server.snapshot.retention.num.files = 5 (custom)
2019-09-27 17:44:56,271 [pool-129-thread-1] INFO  server.RaftServerConfigKeys (ConfUtils.java:logGet(43)) - raft.server.retrycache.expirytime = 600000ms (custom)
2019-09-27 17:44:56,274 [pool-129-thread-1] INFO  impl.RaftServerImpl (RaftServerImpl.java:start(185)) - 9cab922b-4447-4fb1-93d6-6977ac88ca97@group-D27BF0E35532: start as a follower, conf=-1: [9cab922b-4447-4fb1-93d6-6977ac88ca97:192.168.151.105:34450], old=null
2019-09-27 17:44:56,274 [pool-129-thread-1] INFO  impl.RaftServerImpl (RaftServerImpl.java:setRole(174)) - 9cab922b-4447-4fb1-93d6-6977ac88ca97@group-D27BF0E35532: changes role from      null to FOLLOWER at term 0 for startAsFollower
2019-09-27 17:44:56,274 [pool-129-thread-1] INFO  impl.RoleInfo (RoleInfo.java:updateAndGet(143)) - 9cab922b-4447-4fb1-93d6-6977ac88ca97: start FollowerState
2019-09-27 17:44:56,274 [pool-129-thread-1] INFO  util.JmxRegister (JmxRegister.java:tryRegister(44)) - Successfully registered JMX Bean with object name Ratis:service=RaftServer,group=group-D27BF0E35532,id=9cab922b-4447-4fb1-93d6-6977ac88ca97
2019-09-27 17:44:56,277 [RatisPipelineUtilsThread] INFO  pipeline.PipelineStateManager (PipelineStateManager.java:addPipeline(56)) - Created pipeline Pipeline[ Id: d4b16418-cb7c-49f2-ac69-d27bf0e35532, Nodes: 9cab922b-4447-4fb1-93d6-6977ac88ca97{ip: 192.168.151.105, host: pr-hdds-2181-c2mmz-2857100994, networkLocation: /default-rack, certSerialId: null}, Type:RATIS, Factor:ONE, State:OPEN]
2019-09-27 17:44:56,286 [grpc-default-executor-4] INFO  impl.RaftServerProxy (RaftServerProxy.java:addNew(89)) - 1aff70a5-6fd7-415c-9c83-4956156a56e6: addNew group-BBD62568AB73:[1aff70a5-6fd7-415c-9c83-4956156a56e6:192.168.151.105:34775] returns group-BBD62568AB73:java.util.concurrent.CompletableFuture@48aab647[Not completed]
2019-09-27 17:44:56,291 [pool-139-thread-1] INFO  impl.RaftServerImpl (RaftServerImpl.java:<init>(95)) - 1aff70a5-6fd7-415c-9c83-4956156a56e6: new RaftServerImpl for group-BBD62568AB73:[1aff70a5-6fd7-415c-9c83-4956156a56e6:192.168.151.105:34775] with ContainerStateMachine:uninitialized
2019-09-27 17:44:56,291 [pool-139-thread-1] INFO  server.RaftServerConfigKeys (ConfUtils.java:logGet(43)) - raft.server.rpc.timeout.min = 5s (custom)
2019-09-27 17:44:56,291 [pool-139-thread-1] INFO  server.RaftServerConfigKeys (ConfUtils.java:logGet(43)) - raft.server.rpc.timeout.max = 5200ms (custom)
2019-09-27 17:44:56,291 [pool-139-thread-1] INFO  server.RaftServerConfigKeys (ConfUtils.java:logGet(43)) - raft.server.rpcslowness.timeout = 120s (custom)
2019-09-27 17:44:56,291 [pool-139-thread-1] INFO  server.RaftServerConfigKeys (ConfUtils.java:logGet(43)) - raft.server.sleep.deviation.threshold = 300 (default)
2019-09-27 17:44:56,291 [pool-139-thread-1] INFO  server.RaftServerConfigKeys (ConfUtils.java:logGet(43)) - raft.server.log.appender.install.snapshot.enabled = false (custom)
2019-09-27 17:44:56,292 [pool-139-thread-1] INFO  impl.RaftServerImpl (ServerState.java:<init>(103)) - 1aff70a5-6fd7-415c-9c83-4956156a56e6@group-BBD62568AB73: ConfigurationManager, init=-1: [1aff70a5-6fd7-415c-9c83-4956156a56e6:192.168.151.105:34775], old=null, confs=<EMPTY_MAP>
2019-09-27 17:44:56,292 [pool-139-thread-1] INFO  server.RaftServerConfigKeys (ConfUtils.java:logGet(43)) - raft.server.storage.dir = [/workdir/hadoop-ozone/integration-test/target/test-dir/MiniOzoneClusterImpl-57f6cbf4-6bc8-4248-914c-40957cfe3779/datanode-2/data/ratis] (custom)
2019-09-27 17:44:56,292 [pool-139-thread-1] INFO  storage.RaftStorageDirectory (RaftStorageDirectory.java:analyzeStorage(246)) - The storage directory /workdir/hadoop-ozone/integration-test/target/test-dir/MiniOzoneClusterImpl-57f6cbf4-6bc8-4248-914c-40957cfe3779/datanode-2/data/ratis/1eb29a26-3466-4ff9-9379-bbd62568ab73 does not exist. Creating ...
2019-09-27 17:44:56,305 [pool-139-thread-1] INFO  storage.RaftStorageDirectory (RaftStorageDirectory.java:tryLock(328)) - Lock on /workdir/hadoop-ozone/integration-test/target/test-dir/MiniOzoneClusterImpl-57f6cbf4-6bc8-4248-914c-40957cfe3779/datanode-2/data/ratis/1eb29a26-3466-4ff9-9379-bbd62568ab73/in_use.lock acquired by nodename 8824@pr-hdds-2181-c2mmz-2857100994
2019-09-27 17:44:56,318 [pool-139-thread-1] INFO  storage.RaftStorage (RaftStorage.java:format(72)) - Storage directory /workdir/hadoop-ozone/integration-test/target/test-dir/MiniOzoneClusterImpl-57f6cbf4-6bc8-4248-914c-40957cfe3779/datanode-2/data/ratis/1eb29a26-3466-4ff9-9379-bbd62568ab73 has been successfully formatted.
2019-09-27 17:44:56,318 [pool-139-thread-1] INFO  ratis.ContainerStateMachine (ContainerStateMachine.java:loadSnapshot(230)) - group-BBD62568AB73: The snapshot info is null. Setting the last applied indexto:(t:0, i:~)
2019-09-27 17:44:56,318 [pool-139-thread-1] INFO  server.RaftServerConfigKeys (ConfUtils.java:logGet(43)) - raft.server.notification.no-leader.timeout = 120s (custom)
2019-09-27 17:44:56,318 [pool-139-thread-1] INFO  server.RaftServerConfigKeys (ConfUtils.java:logGet(43)) - raft.server.log.use.memory = false (default)
2019-09-27 17:44:56,318 [pool-139-thread-1] INFO  server.RaftServerConfigKeys (ConfUtils.java:logGet(43)) - raft.server.log.purge.gap = 1000000 (custom)
2019-09-27 17:44:56,319 [pool-139-thread-1] INFO  server.RaftServerConfigKeys (ConfUtils.java:logGet(43)) - raft.server.log.appender.buffer.byte-limit = 33554432 (custom)
2019-09-27 17:44:56,319 [pool-139-thread-1] INFO  server.RaftServerConfigKeys (ConfUtils.java:logGet(43)) - raft.server.log.segment.size.max = 1048576 (custom)
2019-09-27 17:44:56,319 [pool-139-thread-1] INFO  server.RaftServerConfigKeys (ConfUtils.java:logGet(43)) - raft.server.log.segment.cache.num.max = 2 (custom)
2019-09-27 17:44:56,319 [pool-139-thread-1] INFO  segmented.SegmentedRaftLogWorker (SegmentedRaftLogWorker.java:<init>(172)) - new 1aff70a5-6fd7-415c-9c83-4956156a56e6@group-BBD62568AB73-SegmentedRaftLogWorker for RaftStorage:Storage Directory /workdir/hadoop-ozone/integration-test/target/test-dir/MiniOzoneClusterImpl-57f6cbf4-6bc8-4248-914c-40957cfe3779/datanode-2/data/ratis/1eb29a26-3466-4ff9-9379-bbd62568ab73
2019-09-27 17:44:56,321 [pool-139-thread-1] INFO  server.RaftServerConfigKeys (ConfUtils.java:logGet(43)) - raft.server.log.queue.byte-limit = 2147483647 (custom)
2019-09-27 17:44:56,321 [pool-139-thread-1] INFO  server.RaftServerConfigKeys (ConfUtils.java:logGet(43)) - raft.server.log.queue.element-limit = 1024 (custom)
2019-09-27 17:44:56,321 [IPC Server handler 3 on 37714] INFO  net.NetworkTopology (NetworkTopologyImpl.java:add(111)) - Added a new node: /default-rack/4e5d8d87-6fbd-4b84-a744-263dd1cb0377
2019-09-27 17:44:56,322 [pool-139-thread-1] INFO  server.RaftServerConfigKeys (ConfUtils.java:logGet(43)) - raft.server.log.segment.size.max = 1048576 (custom)
2019-09-27 17:44:56,322 [IPC Server handler 3 on 37714] INFO  node.SCMNodeManager (SCMNodeManager.java:register(266)) - Registered Data node : 4e5d8d87-6fbd-4b84-a744-263dd1cb0377{ip: 192.168.151.105, host: pr-hdds-2181-c2mmz-2857100994, networkLocation: /default-rack, certSerialId: null}
2019-09-27 17:44:56,322 [pool-139-thread-1] INFO  server.RaftServerConfigKeys (ConfUtils.java:logGet(43)) - raft.server.log.preallocated.size = 16384 (custom)
2019-09-27 17:44:56,322 [pool-139-thread-1] INFO  server.RaftServerConfigKeys (ConfUtils.java:logGet(43)) - raft.server.log.write.buffer.size = 33554432 (custom)
2019-09-27 17:44:56,322 [pool-139-thread-1] INFO  server.RaftServerConfigKeys (ConfUtils.java:logGet(43)) - raft.server.log.force.sync.num = 128 (default)
2019-09-27 17:44:56,323 [pool-139-thread-1] INFO  server.RaftServerConfigKeys (ConfUtils.java:logGet(43)) - raft.server.log.statemachine.data.sync = true (default)
2019-09-27 17:44:56,323 [pool-139-thread-1] INFO  server.RaftServerConfigKeys (ConfUtils.java:logGet(43)) - raft.server.log.statemachine.data.sync.timeout = 10s (default)
2019-09-27 17:44:56,323 [pool-139-thread-1] INFO  server.RaftServerConfigKeys (ConfUtils.java:logGet(43)) - raft.server.log.statemachine.data.sync.timeout.retry = -1 (default)
2019-09-27 17:44:56,323 [pool-139-thread-1] INFO  server.RaftServerConfigKeys (ConfUtils.java:logGet(43)) - raft.server.log.statemachine.data.caching.enabled = true (custom)
2019-09-27 17:44:56,324 [pool-139-thread-1] INFO  segmented.SegmentedRaftLogWorker (SegmentedRaftLogWorker.java:lambda$new$0(132)) - 1aff70a5-6fd7-415c-9c83-4956156a56e6@group-BBD62568AB73-SegmentedRaftLogWorker: flushIndex: setUnconditionally 0 -> -1
2019-09-27 17:44:56,324 [pool-139-thread-1] INFO  server.RaftServerConfigKeys (ConfUtils.java:logGet(43)) - raft.server.snapshot.auto.trigger.enabled = true (custom)
2019-09-27 17:44:56,324 [pool-139-thread-1] INFO  server.RaftServerConfigKeys (ConfUtils.java:logGet(43)) - raft.server.snapshot.auto.trigger.threshold = 10000 (custom)
2019-09-27 17:44:56,324 [pool-139-thread-1] INFO  server.RaftServerConfigKeys (ConfUtils.java:logGet(43)) - raft.server.snapshot.retention.num.files = 5 (custom)
2019-09-27 17:44:56,324 [pool-139-thread-1] INFO  server.RaftServerConfigKeys (ConfUtils.java:logGet(43)) - raft.server.retrycache.expirytime = 600000ms (custom)
2019-09-27 17:44:56,327 [pool-139-thread-1] INFO  impl.RaftServerImpl (RaftServerImpl.java:start(185)) - 1aff70a5-6fd7-415c-9c83-4956156a56e6@group-BBD62568AB73: start as a follower, conf=-1: [1aff70a5-6fd7-415c-9c83-4956156a56e6:192.168.151.105:34775], old=null
2019-09-27 17:44:56,327 [pool-139-thread-1] INFO  impl.RaftServerImpl (RaftServerImpl.java:setRole(174)) - 1aff70a5-6fd7-415c-9c83-4956156a56e6@group-BBD62568AB73: changes role from      null to FOLLOWER at term 0 for startAsFollower
2019-09-27 17:44:56,327 [pool-139-thread-1] INFO  impl.RoleInfo (RoleInfo.java:updateAndGet(143)) - 1aff70a5-6fd7-415c-9c83-4956156a56e6: start FollowerState
2019-09-27 17:44:56,327 [pool-139-thread-1] INFO  util.JmxRegister (JmxRegister.java:tryRegister(44)) - Successfully registered JMX Bean with object name Ratis:service=RaftServer,group=group-BBD62568AB73,id=1aff70a5-6fd7-415c-9c83-4956156a56e6
2019-09-27 17:44:56,330 [RatisPipelineUtilsThread] INFO  pipeline.PipelineStateManager (PipelineStateManager.java:addPipeline(56)) - Created pipeline Pipeline[ Id: 1eb29a26-3466-4ff9-9379-bbd62568ab73, Nodes: 1aff70a5-6fd7-415c-9c83-4956156a56e6{ip: 192.168.151.105, host: pr-hdds-2181-c2mmz-2857100994, networkLocation: /default-rack, certSerialId: null}, Type:RATIS, Factor:ONE, State:OPEN]
2019-09-27 17:44:56,338 [grpc-default-executor-4] INFO  impl.RaftServerProxy (RaftServerProxy.java:addNew(89)) - 4e5d8d87-6fbd-4b84-a744-263dd1cb0377: addNew group-39B06CC0A5D2:[4e5d8d87-6fbd-4b84-a744-263dd1cb0377:192.168.151.105:43485] returns group-39B06CC0A5D2:java.util.concurrent.CompletableFuture@469dba2f[Not completed]
2019-09-27 17:44:56,343 [pool-149-thread-1] INFO  impl.RaftServerImpl (RaftServerImpl.java:<init>(95)) - 4e5d8d87-6fbd-4b84-a744-263dd1cb0377: new RaftServerImpl for group-39B06CC0A5D2:[4e5d8d87-6fbd-4b84-a744-263dd1cb0377:192.168.151.105:43485] with ContainerStateMachine:uninitialized
2019-09-27 17:44:56,343 [pool-149-thread-1] INFO  server.RaftServerConfigKeys (ConfUtils.java:logGet(43)) - raft.server.rpc.timeout.min = 5s (custom)
2019-09-27 17:44:56,343 [pool-149-thread-1] INFO  server.RaftServerConfigKeys (ConfUtils.java:logGet(43)) - raft.server.rpc.timeout.max = 5200ms (custom)
2019-09-27 17:44:56,343 [pool-149-thread-1] INFO  server.RaftServerConfigKeys (ConfUtils.java:logGet(43)) - raft.server.rpcslowness.timeout = 120s (custom)
2019-09-27 17:44:56,343 [pool-149-thread-1] INFO  server.RaftServerConfigKeys (ConfUtils.java:logGet(43)) - raft.server.sleep.deviation.threshold = 300 (default)
2019-09-27 17:44:56,343 [pool-149-thread-1] INFO  server.RaftServerConfigKeys (ConfUtils.java:logGet(43)) - raft.server.log.appender.install.snapshot.enabled = false (custom)
2019-09-27 17:44:56,343 [pool-149-thread-1] INFO  impl.RaftServerImpl (ServerState.java:<init>(103)) - 4e5d8d87-6fbd-4b84-a744-263dd1cb0377@group-39B06CC0A5D2: ConfigurationManager, init=-1: [4e5d8d87-6fbd-4b84-a744-263dd1cb0377:192.168.151.105:43485], old=null, confs=<EMPTY_MAP>
2019-09-27 17:44:56,344 [pool-149-thread-1] INFO  server.RaftServerConfigKeys (ConfUtils.java:logGet(43)) - raft.server.storage.dir = [/workdir/hadoop-ozone/integration-test/target/test-dir/MiniOzoneClusterImpl-57f6cbf4-6bc8-4248-914c-40957cfe3779/datanode-3/data/ratis] (custom)
2019-09-27 17:44:56,344 [pool-149-thread-1] INFO  storage.RaftStorageDirectory (RaftStorageDirectory.java:analyzeStorage(246)) - The storage directory /workdir/hadoop-ozone/integration-test/target/test-dir/MiniOzoneClusterImpl-57f6cbf4-6bc8-4248-914c-40957cfe3779/datanode-3/data/ratis/a12a2a4a-36db-4031-a22c-39b06cc0a5d2 does not exist. Creating ...
2019-09-27 17:44:56,356 [pool-149-thread-1] INFO  storage.RaftStorageDirectory (RaftStorageDirectory.java:tryLock(328)) - Lock on /workdir/hadoop-ozone/integration-test/target/test-dir/MiniOzoneClusterImpl-57f6cbf4-6bc8-4248-914c-40957cfe3779/datanode-3/data/ratis/a12a2a4a-36db-4031-a22c-39b06cc0a5d2/in_use.lock acquired by nodename 8824@pr-hdds-2181-c2mmz-2857100994
2019-09-27 17:44:56,369 [pool-149-thread-1] INFO  storage.RaftStorage (RaftStorage.java:format(72)) - Storage directory /workdir/hadoop-ozone/integration-test/target/test-dir/MiniOzoneClusterImpl-57f6cbf4-6bc8-4248-914c-40957cfe3779/datanode-3/data/ratis/a12a2a4a-36db-4031-a22c-39b06cc0a5d2 has been successfully formatted.
2019-09-27 17:44:56,369 [pool-149-thread-1] INFO  ratis.ContainerStateMachine (ContainerStateMachine.java:loadSnapshot(230)) - group-39B06CC0A5D2: The snapshot info is null. Setting the last applied indexto:(t:0, i:~)
2019-09-27 17:44:56,369 [pool-149-thread-1] INFO  server.RaftServerConfigKeys (ConfUtils.java:logGet(43)) - raft.server.notification.no-leader.timeout = 120s (custom)
2019-09-27 17:44:56,370 [pool-149-thread-1] INFO  server.RaftServerConfigKeys (ConfUtils.java:logGet(43)) - raft.server.log.use.memory = false (default)
2019-09-27 17:44:56,370 [pool-149-thread-1] INFO  server.RaftServerConfigKeys (ConfUtils.java:logGet(43)) - raft.server.log.purge.gap = 1000000 (custom)
2019-09-27 17:44:56,370 [pool-149-thread-1] INFO  server.RaftServerConfigKeys (ConfUtils.java:logGet(43)) - raft.server.log.appender.buffer.byte-limit = 33554432 (custom)
2019-09-27 17:44:56,370 [pool-149-thread-1] INFO  server.RaftServerConfigKeys (ConfUtils.java:logGet(43)) - raft.server.log.segment.size.max = 1048576 (custom)
2019-09-27 17:44:56,370 [pool-149-thread-1] INFO  server.RaftServerConfigKeys (ConfUtils.java:logGet(43)) - raft.server.log.segment.cache.num.max = 2 (custom)
2019-09-27 17:44:56,370 [pool-149-thread-1] INFO  segmented.SegmentedRaftLogWorker (SegmentedRaftLogWorker.java:<init>(172)) - new 4e5d8d87-6fbd-4b84-a744-263dd1cb0377@group-39B06CC0A5D2-SegmentedRaftLogWorker for RaftStorage:Storage Directory /workdir/hadoop-ozone/integration-test/target/test-dir/MiniOzoneClusterImpl-57f6cbf4-6bc8-4248-914c-40957cfe3779/datanode-3/data/ratis/a12a2a4a-36db-4031-a22c-39b06cc0a5d2
2019-09-27 17:44:56,372 [pool-149-thread-1] INFO  server.RaftServerConfigKeys (ConfUtils.java:logGet(43)) - raft.server.log.queue.byte-limit = 2147483647 (custom)
2019-09-27 17:44:56,372 [pool-149-thread-1] INFO  server.RaftServerConfigKeys (ConfUtils.java:logGet(43)) - raft.server.log.queue.element-limit = 1024 (custom)
2019-09-27 17:44:56,372 [pool-149-thread-1] INFO  server.RaftServerConfigKeys (ConfUtils.java:logGet(43)) - raft.server.log.segment.size.max = 1048576 (custom)
2019-09-27 17:44:56,373 [pool-149-thread-1] INFO  server.RaftServerConfigKeys (ConfUtils.java:logGet(43)) - raft.server.log.preallocated.size = 16384 (custom)
2019-09-27 17:44:56,373 [pool-149-thread-1] INFO  server.RaftServerConfigKeys (ConfUtils.java:logGet(43)) - raft.server.log.write.buffer.size = 33554432 (custom)
2019-09-27 17:44:56,373 [pool-149-thread-1] INFO  server.RaftServerConfigKeys (ConfUtils.java:logGet(43)) - raft.server.log.force.sync.num = 128 (default)
2019-09-27 17:44:56,373 [pool-149-thread-1] INFO  server.RaftServerConfigKeys (ConfUtils.java:logGet(43)) - raft.server.log.statemachine.data.sync = true (default)
2019-09-27 17:44:56,373 [pool-149-thread-1] INFO  server.RaftServerConfigKeys (ConfUtils.java:logGet(43)) - raft.server.log.statemachine.data.sync.timeout = 10s (default)
2019-09-27 17:44:56,373 [pool-149-thread-1] INFO  server.RaftServerConfigKeys (ConfUtils.java:logGet(43)) - raft.server.log.statemachine.data.sync.timeout.retry = -1 (default)
2019-09-27 17:44:56,373 [pool-149-thread-1] INFO  server.RaftServerConfigKeys (ConfUtils.java:logGet(43)) - raft.server.log.statemachine.data.caching.enabled = true (custom)
2019-09-27 17:44:56,374 [pool-149-thread-1] INFO  segmented.SegmentedRaftLogWorker (SegmentedRaftLogWorker.java:lambda$new$0(132)) - 4e5d8d87-6fbd-4b84-a744-263dd1cb0377@group-39B06CC0A5D2-SegmentedRaftLogWorker: flushIndex: setUnconditionally 0 -> -1
2019-09-27 17:44:56,374 [pool-149-thread-1] INFO  server.RaftServerConfigKeys (ConfUtils.java:logGet(43)) - raft.server.snapshot.auto.trigger.enabled = true (custom)
2019-09-27 17:44:56,374 [pool-149-thread-1] INFO  server.RaftServerConfigKeys (ConfUtils.java:logGet(43)) - raft.server.snapshot.auto.trigger.threshold = 10000 (custom)
2019-09-27 17:44:56,374 [pool-149-thread-1] INFO  server.RaftServerConfigKeys (ConfUtils.java:logGet(43)) - raft.server.snapshot.retention.num.files = 5 (custom)
2019-09-27 17:44:56,374 [pool-149-thread-1] INFO  server.RaftServerConfigKeys (ConfUtils.java:logGet(43)) - raft.server.retrycache.expirytime = 600000ms (custom)
2019-09-27 17:44:56,377 [pool-149-thread-1] INFO  impl.RaftServerImpl (RaftServerImpl.java:start(185)) - 4e5d8d87-6fbd-4b84-a744-263dd1cb0377@group-39B06CC0A5D2: start as a follower, conf=-1: [4e5d8d87-6fbd-4b84-a744-263dd1cb0377:192.168.151.105:43485], old=null
2019-09-27 17:44:56,377 [pool-149-thread-1] INFO  impl.RaftServerImpl (RaftServerImpl.java:setRole(174)) - 4e5d8d87-6fbd-4b84-a744-263dd1cb0377@group-39B06CC0A5D2: changes role from      null to FOLLOWER at term 0 for startAsFollower
2019-09-27 17:44:56,377 [pool-149-thread-1] INFO  impl.RoleInfo (RoleInfo.java:updateAndGet(143)) - 4e5d8d87-6fbd-4b84-a744-263dd1cb0377: start FollowerState
2019-09-27 17:44:56,388 [pool-149-thread-1] INFO  util.JmxRegister (JmxRegister.java:tryRegister(44)) - Successfully registered JMX Bean with object name Ratis:service=RaftServer,group=group-39B06CC0A5D2,id=4e5d8d87-6fbd-4b84-a744-263dd1cb0377
2019-09-27 17:44:56,399 [RatisPipelineUtilsThread] INFO  pipeline.PipelineStateManager (PipelineStateManager.java:addPipeline(56)) - Created pipeline Pipeline[ Id: a12a2a4a-36db-4031-a22c-39b06cc0a5d2, Nodes: 4e5d8d87-6fbd-4b84-a744-263dd1cb0377{ip: 192.168.151.105, host: pr-hdds-2181-c2mmz-2857100994, networkLocation: /default-rack, certSerialId: null}, Type:RATIS, Factor:ONE, State:OPEN]
2019-09-27 17:44:56,413 [IPC Server handler 18 on 37714] INFO  net.NetworkTopology (NetworkTopologyImpl.java:add(111)) - Added a new node: /default-rack/23205af3-9a5e-419b-ac4c-99a3f7ef887f
2019-09-27 17:44:56,414 [IPC Server handler 18 on 37714] INFO  node.SCMNodeManager (SCMNodeManager.java:register(266)) - Registered Data node : 23205af3-9a5e-419b-ac4c-99a3f7ef887f{ip: 192.168.151.105, host: pr-hdds-2181-c2mmz-2857100994, networkLocation: /default-rack, certSerialId: null}
2019-09-27 17:44:56,415 [grpc-default-executor-3] INFO  impl.RaftServerProxy (RaftServerProxy.java:addNew(89)) - 4e5d8d87-6fbd-4b84-a744-263dd1cb0377: addNew group-ED94514A7227:[05cdac53-6c56-4c7c-9e4c-d3c9dc9d18dd:192.168.151.105:35802, 9cab922b-4447-4fb1-93d6-6977ac88ca97:192.168.151.105:34450, 4e5d8d87-6fbd-4b84-a744-263dd1cb0377:192.168.151.105:43485] returns group-ED94514A7227:java.util.concurrent.CompletableFuture@11dc9747[Not completed]
2019-09-27 17:44:56,416 [grpc-default-executor-1] INFO  impl.RaftServerProxy (RaftServerProxy.java:addNew(89)) - 05cdac53-6c56-4c7c-9e4c-d3c9dc9d18dd: addNew group-ED94514A7227:[05cdac53-6c56-4c7c-9e4c-d3c9dc9d18dd:192.168.151.105:35802, 9cab922b-4447-4fb1-93d6-6977ac88ca97:192.168.151.105:34450, 4e5d8d87-6fbd-4b84-a744-263dd1cb0377:192.168.151.105:43485] returns group-ED94514A7227:java.util.concurrent.CompletableFuture@6e3ed62a[Not completed]
2019-09-27 17:44:56,416 [grpc-default-executor-3] INFO  impl.RaftServerProxy (RaftServerProxy.java:addNew(89)) - 9cab922b-4447-4fb1-93d6-6977ac88ca97: addNew group-ED94514A7227:[05cdac53-6c56-4c7c-9e4c-d3c9dc9d18dd:192.168.151.105:35802, 9cab922b-4447-4fb1-93d6-6977ac88ca97:192.168.151.105:34450, 4e5d8d87-6fbd-4b84-a744-263dd1cb0377:192.168.151.105:43485] returns group-ED94514A7227:java.util.concurrent.CompletableFuture@1ad07e40[Not completed]
2019-09-27 17:44:56,417 [pool-149-thread-1] INFO  impl.RaftServerImpl (RaftServerImpl.java:<init>(95)) - 4e5d8d87-6fbd-4b84-a744-263dd1cb0377: new RaftServerImpl for group-ED94514A7227:[05cdac53-6c56-4c7c-9e4c-d3c9dc9d18dd:192.168.151.105:35802, 9cab922b-4447-4fb1-93d6-6977ac88ca97:192.168.151.105:34450, 4e5d8d87-6fbd-4b84-a744-263dd1cb0377:192.168.151.105:43485] with ContainerStateMachine:uninitialized
2019-09-27 17:44:56,417 [pool-149-thread-1] INFO  server.RaftServerConfigKeys (ConfUtils.java:logGet(43)) - raft.server.rpc.timeout.min = 5s (custom)
2019-09-27 17:44:56,417 [pool-149-thread-1] INFO  server.RaftServerConfigKeys (ConfUtils.java:logGet(43)) - raft.server.rpc.timeout.max = 5200ms (custom)
2019-09-27 17:44:56,418 [pool-149-thread-1] INFO  server.RaftServerConfigKeys (ConfUtils.java:logGet(43)) - raft.server.rpcslowness.timeout = 120s (custom)
2019-09-27 17:44:56,418 [pool-129-thread-1] INFO  impl.RaftServerImpl (RaftServerImpl.java:<init>(95)) - 9cab922b-4447-4fb1-93d6-6977ac88ca97: new RaftServerImpl for group-ED94514A7227:[05cdac53-6c56-4c7c-9e4c-d3c9dc9d18dd:192.168.151.105:35802, 9cab922b-4447-4fb1-93d6-6977ac88ca97:192.168.151.105:34450, 4e5d8d87-6fbd-4b84-a744-263dd1cb0377:192.168.151.105:43485] with ContainerStateMachine:uninitialized
2019-09-27 17:44:56,418 [pool-149-thread-1] INFO  server.RaftServerConfigKeys (ConfUtils.java:logGet(43)) - raft.server.sleep.deviation.threshold = 300 (default)
2019-09-27 17:44:56,418 [pool-129-thread-1] INFO  server.RaftServerConfigKeys (ConfUtils.java:logGet(43)) - raft.server.rpc.timeout.min = 5s (custom)
2019-09-27 17:44:56,418 [pool-149-thread-1] INFO  server.RaftServerConfigKeys (ConfUtils.java:logGet(43)) - raft.server.log.appender.install.snapshot.enabled = false (custom)
2019-09-27 17:44:56,418 [pool-129-thread-1] INFO  server.RaftServerConfigKeys (ConfUtils.java:logGet(43)) - raft.server.rpc.timeout.max = 5200ms (custom)
2019-09-27 17:44:56,418 [pool-149-thread-1] INFO  impl.RaftServerImpl (ServerState.java:<init>(103)) - 4e5d8d87-6fbd-4b84-a744-263dd1cb0377@group-ED94514A7227: ConfigurationManager, init=-1: [05cdac53-6c56-4c7c-9e4c-d3c9dc9d18dd:192.168.151.105:35802, 9cab922b-4447-4fb1-93d6-6977ac88ca97:192.168.151.105:34450, 4e5d8d87-6fbd-4b84-a744-263dd1cb0377:192.168.151.105:43485], old=null, confs=<EMPTY_MAP>
2019-09-27 17:44:56,418 [pool-119-thread-1] INFO  impl.RaftServerImpl (RaftServerImpl.java:<init>(95)) - 05cdac53-6c56-4c7c-9e4c-d3c9dc9d18dd: new RaftServerImpl for group-ED94514A7227:[05cdac53-6c56-4c7c-9e4c-d3c9dc9d18dd:192.168.151.105:35802, 9cab922b-4447-4fb1-93d6-6977ac88ca97:192.168.151.105:34450, 4e5d8d87-6fbd-4b84-a744-263dd1cb0377:192.168.151.105:43485] with ContainerStateMachine:uninitialized
2019-09-27 17:44:56,418 [pool-129-thread-1] INFO  server.RaftServerConfigKeys (ConfUtils.java:logGet(43)) - raft.server.rpcslowness.timeout = 120s (custom)
2019-09-27 17:44:56,419 [pool-119-thread-1] INFO  server.RaftServerConfigKeys (ConfUtils.java:logGet(43)) - raft.server.rpc.timeout.min = 5s (custom)
2019-09-27 17:44:56,419 [pool-149-thread-1] INFO  server.RaftServerConfigKeys (ConfUtils.java:logGet(43)) - raft.server.storage.dir = [/workdir/hadoop-ozone/integration-test/target/test-dir/MiniOzoneClusterImpl-57f6cbf4-6bc8-4248-914c-40957cfe3779/datanode-3/data/ratis] (custom)
2019-09-27 17:44:56,419 [pool-119-thread-1] INFO  server.RaftServerConfigKeys (ConfUtils.java:logGet(43)) - raft.server.rpc.timeout.max = 5200ms (custom)
2019-09-27 17:44:56,419 [pool-129-thread-1] INFO  server.RaftServerConfigKeys (ConfUtils.java:logGet(43)) - raft.server.sleep.deviation.threshold = 300 (default)
2019-09-27 17:44:56,419 [pool-119-thread-1] INFO  server.RaftServerConfigKeys (ConfUtils.java:logGet(43)) - raft.server.rpcslowness.timeout = 120s (custom)
2019-09-27 17:44:56,419 [pool-129-thread-1] INFO  server.RaftServerConfigKeys (ConfUtils.java:logGet(43)) - raft.server.log.appender.install.snapshot.enabled = false (custom)
2019-09-27 17:44:56,419 [pool-149-thread-1] INFO  storage.RaftStorageDirectory (RaftStorageDirectory.java:analyzeStorage(246)) - The storage directory /workdir/hadoop-ozone/integration-test/target/test-dir/MiniOzoneClusterImpl-57f6cbf4-6bc8-4248-914c-40957cfe3779/datanode-3/data/ratis/90dcad4b-5dcf-46eb-8e39-ed94514a7227 does not exist. Creating ...
2019-09-27 17:44:56,419 [pool-119-thread-1] INFO  server.RaftServerConfigKeys (ConfUtils.java:logGet(43)) - raft.server.sleep.deviation.threshold = 300 (default)
2019-09-27 17:44:56,420 [pool-129-thread-1] INFO  impl.RaftServerImpl (ServerState.java:<init>(103)) - 9cab922b-4447-4fb1-93d6-6977ac88ca97@group-ED94514A7227: ConfigurationManager, init=-1: [05cdac53-6c56-4c7c-9e4c-d3c9dc9d18dd:192.168.151.105:35802, 9cab922b-4447-4fb1-93d6-6977ac88ca97:192.168.151.105:34450, 4e5d8d87-6fbd-4b84-a744-263dd1cb0377:192.168.151.105:43485], old=null, confs=<EMPTY_MAP>
2019-09-27 17:44:56,420 [pool-119-thread-1] INFO  server.RaftServerConfigKeys (ConfUtils.java:logGet(43)) - raft.server.log.appender.install.snapshot.enabled = false (custom)
2019-09-27 17:44:56,420 [pool-129-thread-1] INFO  server.RaftServerConfigKeys (ConfUtils.java:logGet(43)) - raft.server.storage.dir = [/workdir/hadoop-ozone/integration-test/target/test-dir/MiniOzoneClusterImpl-57f6cbf4-6bc8-4248-914c-40957cfe3779/datanode-1/data/ratis] (custom)
2019-09-27 17:44:56,420 [pool-119-thread-1] INFO  impl.RaftServerImpl (ServerState.java:<init>(103)) - 05cdac53-6c56-4c7c-9e4c-d3c9dc9d18dd@group-ED94514A7227: ConfigurationManager, init=-1: [05cdac53-6c56-4c7c-9e4c-d3c9dc9d18dd:192.168.151.105:35802, 9cab922b-4447-4fb1-93d6-6977ac88ca97:192.168.151.105:34450, 4e5d8d87-6fbd-4b84-a744-263dd1cb0377:192.168.151.105:43485], old=null, confs=<EMPTY_MAP>
2019-09-27 17:44:56,420 [pool-119-thread-1] INFO  server.RaftServerConfigKeys (ConfUtils.java:logGet(43)) - raft.server.storage.dir = [/workdir/hadoop-ozone/integration-test/target/test-dir/MiniOzoneClusterImpl-57f6cbf4-6bc8-4248-914c-40957cfe3779/datanode-0/data/ratis] (custom)
2019-09-27 17:44:56,420 [pool-129-thread-1] INFO  storage.RaftStorageDirectory (RaftStorageDirectory.java:analyzeStorage(246)) - The storage directory /workdir/hadoop-ozone/integration-test/target/test-dir/MiniOzoneClusterImpl-57f6cbf4-6bc8-4248-914c-40957cfe3779/datanode-1/data/ratis/90dcad4b-5dcf-46eb-8e39-ed94514a7227 does not exist. Creating ...
2019-09-27 17:44:56,421 [pool-119-thread-1] INFO  storage.RaftStorageDirectory (RaftStorageDirectory.java:analyzeStorage(246)) - The storage directory /workdir/hadoop-ozone/integration-test/target/test-dir/MiniOzoneClusterImpl-57f6cbf4-6bc8-4248-914c-40957cfe3779/datanode-0/data/ratis/90dcad4b-5dcf-46eb-8e39-ed94514a7227 does not exist. Creating ...
2019-09-27 17:44:56,435 [pool-149-thread-1] INFO  storage.RaftStorageDirectory (RaftStorageDirectory.java:tryLock(328)) - Lock on /workdir/hadoop-ozone/integration-test/target/test-dir/MiniOzoneClusterImpl-57f6cbf4-6bc8-4248-914c-40957cfe3779/datanode-3/data/ratis/90dcad4b-5dcf-46eb-8e39-ed94514a7227/in_use.lock acquired by nodename 8824@pr-hdds-2181-c2mmz-2857100994
2019-09-27 17:44:56,435 [pool-119-thread-1] INFO  storage.RaftStorageDirectory (RaftStorageDirectory.java:tryLock(328)) - Lock on /workdir/hadoop-ozone/integration-test/target/test-dir/MiniOzoneClusterImpl-57f6cbf4-6bc8-4248-914c-40957cfe3779/datanode-0/data/ratis/90dcad4b-5dcf-46eb-8e39-ed94514a7227/in_use.lock acquired by nodename 8824@pr-hdds-2181-c2mmz-2857100994
2019-09-27 17:44:56,435 [pool-129-thread-1] INFO  storage.RaftStorageDirectory (RaftStorageDirectory.java:tryLock(328)) - Lock on /workdir/hadoop-ozone/integration-test/target/test-dir/MiniOzoneClusterImpl-57f6cbf4-6bc8-4248-914c-40957cfe3779/datanode-1/data/ratis/90dcad4b-5dcf-46eb-8e39-ed94514a7227/in_use.lock acquired by nodename 8824@pr-hdds-2181-c2mmz-2857100994
2019-09-27 17:44:56,441 [pool-129-thread-1] INFO  storage.RaftStorage (RaftStorage.java:format(72)) - Storage directory /workdir/hadoop-ozone/integration-test/target/test-dir/MiniOzoneClusterImpl-57f6cbf4-6bc8-4248-914c-40957cfe3779/datanode-1/data/ratis/90dcad4b-5dcf-46eb-8e39-ed94514a7227 has been successfully formatted.
2019-09-27 17:44:56,441 [pool-149-thread-1] INFO  storage.RaftStorage (RaftStorage.java:format(72)) - Storage directory /workdir/hadoop-ozone/integration-test/target/test-dir/MiniOzoneClusterImpl-57f6cbf4-6bc8-4248-914c-40957cfe3779/datanode-3/data/ratis/90dcad4b-5dcf-46eb-8e39-ed94514a7227 has been successfully formatted.
2019-09-27 17:44:56,441 [pool-119-thread-1] INFO  storage.RaftStorage (RaftStorage.java:format(72)) - Storage directory /workdir/hadoop-ozone/integration-test/target/test-dir/MiniOzoneClusterImpl-57f6cbf4-6bc8-4248-914c-40957cfe3779/datanode-0/data/ratis/90dcad4b-5dcf-46eb-8e39-ed94514a7227 has been successfully formatted.
2019-09-27 17:44:56,441 [pool-129-thread-1] INFO  ratis.ContainerStateMachine (ContainerStateMachine.java:loadSnapshot(230)) - group-ED94514A7227: The snapshot info is null. Setting the last applied indexto:(t:0, i:~)
2019-09-27 17:44:56,442 [pool-119-thread-1] INFO  ratis.ContainerStateMachine (ContainerStateMachine.java:loadSnapshot(230)) - group-ED94514A7227: The snapshot info is null. Setting the last applied indexto:(t:0, i:~)
2019-09-27 17:44:56,442 [pool-149-thread-1] INFO  ratis.ContainerStateMachine (ContainerStateMachine.java:loadSnapshot(230)) - group-ED94514A7227: The snapshot info is null. Setting the last applied indexto:(t:0, i:~)
2019-09-27 17:44:56,442 [pool-119-thread-1] INFO  server.RaftServerConfigKeys (ConfUtils.java:logGet(43)) - raft.server.notification.no-leader.timeout = 120s (custom)
2019-09-27 17:44:56,442 [pool-129-thread-1] INFO  server.RaftServerConfigKeys (ConfUtils.java:logGet(43)) - raft.server.notification.no-leader.timeout = 120s (custom)
2019-09-27 17:44:56,442 [pool-119-thread-1] INFO  server.RaftServerConfigKeys (ConfUtils.java:logGet(43)) - raft.server.log.use.memory = false (default)
2019-09-27 17:44:56,442 [pool-149-thread-1] INFO  server.RaftServerConfigKeys (ConfUtils.java:logGet(43)) - raft.server.notification.no-leader.timeout = 120s (custom)
2019-09-27 17:44:56,443 [pool-119-thread-1] INFO  server.RaftServerConfigKeys (ConfUtils.java:logGet(43)) - raft.server.log.purge.gap = 1000000 (custom)
2019-09-27 17:44:56,442 [pool-129-thread-1] INFO  server.RaftServerConfigKeys (ConfUtils.java:logGet(43)) - raft.server.log.use.memory = false (default)
2019-09-27 17:44:56,443 [pool-119-thread-1] INFO  server.RaftServerConfigKeys (ConfUtils.java:logGet(43)) - raft.server.log.appender.buffer.byte-limit = 33554432 (custom)
2019-09-27 17:44:56,443 [pool-149-thread-1] INFO  server.RaftServerConfigKeys (ConfUtils.java:logGet(43)) - raft.server.log.use.memory = false (default)
2019-09-27 17:44:56,443 [pool-119-thread-1] INFO  server.RaftServerConfigKeys (ConfUtils.java:logGet(43)) - raft.server.log.segment.size.max = 1048576 (custom)
2019-09-27 17:44:56,443 [pool-129-thread-1] INFO  server.RaftServerConfigKeys (ConfUtils.java:logGet(43)) - raft.server.log.purge.gap = 1000000 (custom)
2019-09-27 17:44:56,443 [pool-119-thread-1] INFO  server.RaftServerConfigKeys (ConfUtils.java:logGet(43)) - raft.server.log.segment.cache.num.max = 2 (custom)
2019-09-27 17:44:56,443 [pool-149-thread-1] INFO  server.RaftServerConfigKeys (ConfUtils.java:logGet(43)) - raft.server.log.purge.gap = 1000000 (custom)
2019-09-27 17:44:56,444 [pool-119-thread-1] INFO  segmented.SegmentedRaftLogWorker (SegmentedRaftLogWorker.java:<init>(172)) - new 05cdac53-6c56-4c7c-9e4c-d3c9dc9d18dd@group-ED94514A7227-SegmentedRaftLogWorker for RaftStorage:Storage Directory /workdir/hadoop-ozone/integration-test/target/test-dir/MiniOzoneClusterImpl-57f6cbf4-6bc8-4248-914c-40957cfe3779/datanode-0/data/ratis/90dcad4b-5dcf-46eb-8e39-ed94514a7227
2019-09-27 17:44:56,444 [pool-129-thread-1] INFO  server.RaftServerConfigKeys (ConfUtils.java:logGet(43)) - raft.server.log.appender.buffer.byte-limit = 33554432 (custom)
2019-09-27 17:44:56,444 [pool-119-thread-1] INFO  server.RaftServerConfigKeys (ConfUtils.java:logGet(43)) - raft.server.log.queue.byte-limit = 2147483647 (custom)
2019-09-27 17:44:56,444 [pool-149-thread-1] INFO  server.RaftServerConfigKeys (ConfUtils.java:logGet(43)) - raft.server.log.appender.buffer.byte-limit = 33554432 (custom)
2019-09-27 17:44:56,444 [pool-119-thread-1] INFO  server.RaftServerConfigKeys (ConfUtils.java:logGet(43)) - raft.server.log.queue.element-limit = 1024 (custom)
2019-09-27 17:44:56,444 [pool-129-thread-1] INFO  server.RaftServerConfigKeys (ConfUtils.java:logGet(43)) - raft.server.log.segment.size.max = 1048576 (custom)
2019-09-27 17:44:56,445 [pool-119-thread-1] INFO  server.RaftServerConfigKeys (ConfUtils.java:logGet(43)) - raft.server.log.segment.size.max = 1048576 (custom)
2019-09-27 17:44:56,445 [pool-149-thread-1] INFO  server.RaftServerConfigKeys (ConfUtils.java:logGet(43)) - raft.server.log.segment.size.max = 1048576 (custom)
2019-09-27 17:44:56,445 [pool-119-thread-1] INFO  server.RaftServerConfigKeys (ConfUtils.java:logGet(43)) - raft.server.log.preallocated.size = 16384 (custom)
2019-09-27 17:44:56,445 [pool-129-thread-1] INFO  server.RaftServerConfigKeys (ConfUtils.java:logGet(43)) - raft.server.log.segment.cache.num.max = 2 (custom)
2019-09-27 17:44:56,445 [pool-119-thread-1] INFO  server.RaftServerConfigKeys (ConfUtils.java:logGet(43)) - raft.server.log.write.buffer.size = 33554432 (custom)
2019-09-27 17:44:56,445 [pool-149-thread-1] INFO  server.RaftServerConfigKeys (ConfUtils.java:logGet(43)) - raft.server.log.segment.cache.num.max = 2 (custom)
2019-09-27 17:44:56,446 [pool-119-thread-1] INFO  server.RaftServerConfigKeys (ConfUtils.java:logGet(43)) - raft.server.log.force.sync.num = 128 (default)
2019-09-27 17:44:56,445 [pool-129-thread-1] INFO  segmented.SegmentedRaftLogWorker (SegmentedRaftLogWorker.java:<init>(172)) - new 9cab922b-4447-4fb1-93d6-6977ac88ca97@group-ED94514A7227-SegmentedRaftLogWorker for RaftStorage:Storage Directory /workdir/hadoop-ozone/integration-test/target/test-dir/MiniOzoneClusterImpl-57f6cbf4-6bc8-4248-914c-40957cfe3779/datanode-1/data/ratis/90dcad4b-5dcf-46eb-8e39-ed94514a7227
2019-09-27 17:44:56,446 [pool-119-thread-1] INFO  server.RaftServerConfigKeys (ConfUtils.java:logGet(43)) - raft.server.log.statemachine.data.sync = true (default)
2019-09-27 17:44:56,446 [pool-149-thread-1] INFO  segmented.SegmentedRaftLogWorker (SegmentedRaftLogWorker.java:<init>(172)) - new 4e5d8d87-6fbd-4b84-a744-263dd1cb0377@group-ED94514A7227-SegmentedRaftLogWorker for RaftStorage:Storage Directory /workdir/hadoop-ozone/integration-test/target/test-dir/MiniOzoneClusterImpl-57f6cbf4-6bc8-4248-914c-40957cfe3779/datanode-3/data/ratis/90dcad4b-5dcf-46eb-8e39-ed94514a7227
2019-09-27 17:44:56,446 [pool-119-thread-1] INFO  server.RaftServerConfigKeys (ConfUtils.java:logGet(43)) - raft.server.log.statemachine.data.sync.timeout = 10s (default)
2019-09-27 17:44:56,446 [pool-129-thread-1] INFO  server.RaftServerConfigKeys (ConfUtils.java:logGet(43)) - raft.server.log.queue.byte-limit = 2147483647 (custom)
2019-09-27 17:44:56,446 [pool-119-thread-1] INFO  server.RaftServerConfigKeys (ConfUtils.java:logGet(43)) - raft.server.log.statemachine.data.sync.timeout.retry = -1 (default)
2019-09-27 17:44:56,446 [pool-149-thread-1] INFO  server.RaftServerConfigKeys (ConfUtils.java:logGet(43)) - raft.server.log.queue.byte-limit = 2147483647 (custom)
2019-09-27 17:44:56,447 [pool-119-thread-1] INFO  server.RaftServerConfigKeys (ConfUtils.java:logGet(43)) - raft.server.log.statemachine.data.caching.enabled = true (custom)
2019-09-27 17:44:56,447 [pool-129-thread-1] INFO  server.RaftServerConfigKeys (ConfUtils.java:logGet(43)) - raft.server.log.queue.element-limit = 1024 (custom)
2019-09-27 17:44:56,447 [pool-149-thread-1] INFO  server.RaftServerConfigKeys (ConfUtils.java:logGet(43)) - raft.server.log.queue.element-limit = 1024 (custom)
2019-09-27 17:44:56,447 [pool-119-thread-1] INFO  segmented.SegmentedRaftLogWorker (SegmentedRaftLogWorker.java:lambda$new$0(132)) - 05cdac53-6c56-4c7c-9e4c-d3c9dc9d18dd@group-ED94514A7227-SegmentedRaftLogWorker: flushIndex: setUnconditionally 0 -> -1
2019-09-27 17:44:56,447 [pool-129-thread-1] INFO  server.RaftServerConfigKeys (ConfUtils.java:logGet(43)) - raft.server.log.segment.size.max = 1048576 (custom)
2019-09-27 17:44:56,448 [pool-129-thread-1] INFO  server.RaftServerConfigKeys (ConfUtils.java:logGet(43)) - raft.server.log.preallocated.size = 16384 (custom)
2019-09-27 17:44:56,447 [pool-149-thread-1] INFO  server.RaftServerConfigKeys (ConfUtils.java:logGet(43)) - raft.server.log.segment.size.max = 1048576 (custom)
2019-09-27 17:44:56,448 [pool-129-thread-1] INFO  server.RaftServerConfigKeys (ConfUtils.java:logGet(43)) - raft.server.log.write.buffer.size = 33554432 (custom)
2019-09-27 17:44:56,448 [pool-119-thread-1] INFO  server.RaftServerConfigKeys (ConfUtils.java:logGet(43)) - raft.server.snapshot.auto.trigger.enabled = true (custom)
2019-09-27 17:44:56,448 [pool-129-thread-1] INFO  server.RaftServerConfigKeys (ConfUtils.java:logGet(43)) - raft.server.log.force.sync.num = 128 (default)
2019-09-27 17:44:56,448 [pool-129-thread-1] INFO  server.RaftServerConfigKeys (ConfUtils.java:logGet(43)) - raft.server.log.statemachine.data.sync = true (default)
2019-09-27 17:44:56,448 [pool-149-thread-1] INFO  server.RaftServerConfigKeys (ConfUtils.java:logGet(43)) - raft.server.log.preallocated.size = 16384 (custom)
2019-09-27 17:44:56,448 [pool-129-thread-1] INFO  server.RaftServerConfigKeys (ConfUtils.java:logGet(43)) - raft.server.log.statemachine.data.sync.timeout = 10s (default)
2019-09-27 17:44:56,448 [pool-119-thread-1] INFO  server.RaftServerConfigKeys (ConfUtils.java:logGet(43)) - raft.server.snapshot.auto.trigger.threshold = 10000 (custom)
2019-09-27 17:44:56,449 [pool-129-thread-1] INFO  server.RaftServerConfigKeys (ConfUtils.java:logGet(43)) - raft.server.log.statemachine.data.sync.timeout.retry = -1 (default)
2019-09-27 17:44:56,449 [pool-149-thread-1] INFO  server.RaftServerConfigKeys (ConfUtils.java:logGet(43)) - raft.server.log.write.buffer.size = 33554432 (custom)
2019-09-27 17:44:56,449 [pool-129-thread-1] INFO  server.RaftServerConfigKeys (ConfUtils.java:logGet(43)) - raft.server.log.statemachine.data.caching.enabled = true (custom)
2019-09-27 17:44:56,449 [pool-119-thread-1] INFO  server.RaftServerConfigKeys (ConfUtils.java:logGet(43)) - raft.server.snapshot.retention.num.files = 5 (custom)
2019-09-27 17:44:56,449 [pool-129-thread-1] INFO  segmented.SegmentedRaftLogWorker (SegmentedRaftLogWorker.java:lambda$new$0(132)) - 9cab922b-4447-4fb1-93d6-6977ac88ca97@group-ED94514A7227-SegmentedRaftLogWorker: flushIndex: setUnconditionally 0 -> -1
2019-09-27 17:44:56,449 [pool-149-thread-1] INFO  server.RaftServerConfigKeys (ConfUtils.java:logGet(43)) - raft.server.log.force.sync.num = 128 (default)
2019-09-27 17:44:56,449 [pool-119-thread-1] INFO  server.RaftServerConfigKeys (ConfUtils.java:logGet(43)) - raft.server.retrycache.expirytime = 600000ms (custom)
2019-09-27 17:44:56,450 [pool-149-thread-1] INFO  server.RaftServerConfigKeys (ConfUtils.java:logGet(43)) - raft.server.log.statemachine.data.sync = true (default)
2019-09-27 17:44:56,450 [pool-129-thread-1] INFO  server.RaftServerConfigKeys (ConfUtils.java:logGet(43)) - raft.server.snapshot.auto.trigger.enabled = true (custom)
2019-09-27 17:44:56,450 [pool-149-thread-1] INFO  server.RaftServerConfigKeys (ConfUtils.java:logGet(43)) - raft.server.log.statemachine.data.sync.timeout = 10s (default)
2019-09-27 17:44:56,450 [pool-129-thread-1] INFO  server.RaftServerConfigKeys (ConfUtils.java:logGet(43)) - raft.server.snapshot.auto.trigger.threshold = 10000 (custom)
2019-09-27 17:44:56,450 [pool-149-thread-1] INFO  server.RaftServerConfigKeys (ConfUtils.java:logGet(43)) - raft.server.log.statemachine.data.sync.timeout.retry = -1 (default)
2019-09-27 17:44:56,450 [pool-129-thread-1] INFO  server.RaftServerConfigKeys (ConfUtils.java:logGet(43)) - raft.server.snapshot.retention.num.files = 5 (custom)
2019-09-27 17:44:56,450 [pool-149-thread-1] INFO  server.RaftServerConfigKeys (ConfUtils.java:logGet(43)) - raft.server.log.statemachine.data.caching.enabled = true (custom)
2019-09-27 17:44:56,451 [pool-129-thread-1] INFO  server.RaftServerConfigKeys (ConfUtils.java:logGet(43)) - raft.server.retrycache.expirytime = 600000ms (custom)
2019-09-27 17:44:56,451 [pool-149-thread-1] INFO  segmented.SegmentedRaftLogWorker (SegmentedRaftLogWorker.java:lambda$new$0(132)) - 4e5d8d87-6fbd-4b84-a744-263dd1cb0377@group-ED94514A7227-SegmentedRaftLogWorker: flushIndex: setUnconditionally 0 -> -1
2019-09-27 17:44:56,451 [pool-149-thread-1] INFO  server.RaftServerConfigKeys (ConfUtils.java:logGet(43)) - raft.server.snapshot.auto.trigger.enabled = true (custom)
2019-09-27 17:44:56,451 [pool-149-thread-1] INFO  server.RaftServerConfigKeys (ConfUtils.java:logGet(43)) - raft.server.snapshot.auto.trigger.threshold = 10000 (custom)
2019-09-27 17:44:56,451 [pool-149-thread-1] INFO  server.RaftServerConfigKeys (ConfUtils.java:logGet(43)) - raft.server.snapshot.retention.num.files = 5 (custom)
2019-09-27 17:44:56,452 [pool-149-thread-1] INFO  server.RaftServerConfigKeys (ConfUtils.java:logGet(43)) - raft.server.retrycache.expirytime = 600000ms (custom)
2019-09-27 17:44:56,454 [pool-119-thread-1] INFO  impl.RaftServerImpl (RaftServerImpl.java:start(185)) - 05cdac53-6c56-4c7c-9e4c-d3c9dc9d18dd@group-ED94514A7227: start as a follower, conf=-1: [05cdac53-6c56-4c7c-9e4c-d3c9dc9d18dd:192.168.151.105:35802, 9cab922b-4447-4fb1-93d6-6977ac88ca97:192.168.151.105:34450, 4e5d8d87-6fbd-4b84-a744-263dd1cb0377:192.168.151.105:43485], old=null
2019-09-27 17:44:56,454 [pool-119-thread-1] INFO  impl.RaftServerImpl (RaftServerImpl.java:setRole(174)) - 05cdac53-6c56-4c7c-9e4c-d3c9dc9d18dd@group-ED94514A7227: changes role from      null to FOLLOWER at term 0 for startAsFollower
2019-09-27 17:44:56,454 [pool-119-thread-1] INFO  impl.RoleInfo (RoleInfo.java:updateAndGet(143)) - 05cdac53-6c56-4c7c-9e4c-d3c9dc9d18dd: start FollowerState
2019-09-27 17:44:56,455 [pool-129-thread-1] INFO  impl.RaftServerImpl (RaftServerImpl.java:start(185)) - 9cab922b-4447-4fb1-93d6-6977ac88ca97@group-ED94514A7227: start as a follower, conf=-1: [05cdac53-6c56-4c7c-9e4c-d3c9dc9d18dd:192.168.151.105:35802, 9cab922b-4447-4fb1-93d6-6977ac88ca97:192.168.151.105:34450, 4e5d8d87-6fbd-4b84-a744-263dd1cb0377:192.168.151.105:43485], old=null
2019-09-27 17:44:56,455 [pool-129-thread-1] INFO  impl.RaftServerImpl (RaftServerImpl.java:setRole(174)) - 9cab922b-4447-4fb1-93d6-6977ac88ca97@group-ED94514A7227: changes role from      null to FOLLOWER at term 0 for startAsFollower
2019-09-27 17:44:56,455 [pool-129-thread-1] INFO  impl.RoleInfo (RoleInfo.java:updateAndGet(143)) - 9cab922b-4447-4fb1-93d6-6977ac88ca97: start FollowerState
2019-09-27 17:44:56,455 [pool-119-thread-1] INFO  util.JmxRegister (JmxRegister.java:tryRegister(44)) - Successfully registered JMX Bean with object name Ratis:service=RaftServer,group=group-ED94514A7227,id=05cdac53-6c56-4c7c-9e4c-d3c9dc9d18dd
2019-09-27 17:44:56,455 [pool-129-thread-1] INFO  util.JmxRegister (JmxRegister.java:tryRegister(44)) - Successfully registered JMX Bean with object name Ratis:service=RaftServer,group=group-ED94514A7227,id=9cab922b-4447-4fb1-93d6-6977ac88ca97
2019-09-27 17:44:56,455 [pool-149-thread-1] INFO  impl.RaftServerImpl (RaftServerImpl.java:start(185)) - 4e5d8d87-6fbd-4b84-a744-263dd1cb0377@group-ED94514A7227: start as a follower, conf=-1: [05cdac53-6c56-4c7c-9e4c-d3c9dc9d18dd:192.168.151.105:35802, 9cab922b-4447-4fb1-93d6-6977ac88ca97:192.168.151.105:34450, 4e5d8d87-6fbd-4b84-a744-263dd1cb0377:192.168.151.105:43485], old=null
2019-09-27 17:44:56,456 [pool-149-thread-1] INFO  impl.RaftServerImpl (RaftServerImpl.java:setRole(174)) - 4e5d8d87-6fbd-4b84-a744-263dd1cb0377@group-ED94514A7227: changes role from      null to FOLLOWER at term 0 for startAsFollower
2019-09-27 17:44:56,456 [pool-149-thread-1] INFO  impl.RoleInfo (RoleInfo.java:updateAndGet(143)) - 4e5d8d87-6fbd-4b84-a744-263dd1cb0377: start FollowerState
2019-09-27 17:44:56,456 [pool-149-thread-1] INFO  util.JmxRegister (JmxRegister.java:tryRegister(44)) - Successfully registered JMX Bean with object name Ratis:service=RaftServer,group=group-ED94514A7227,id=4e5d8d87-6fbd-4b84-a744-263dd1cb0377
2019-09-27 17:44:56,459 [RatisPipelineUtilsThread] INFO  pipeline.PipelineStateManager (PipelineStateManager.java:addPipeline(56)) - Created pipeline Pipeline[ Id: 90dcad4b-5dcf-46eb-8e39-ed94514a7227, Nodes: 05cdac53-6c56-4c7c-9e4c-d3c9dc9d18dd{ip: 192.168.151.105, host: pr-hdds-2181-c2mmz-2857100994, networkLocation: /default-rack, certSerialId: null}4e5d8d87-6fbd-4b84-a744-263dd1cb0377{ip: 192.168.151.105, host: pr-hdds-2181-c2mmz-2857100994, networkLocation: /default-rack, certSerialId: null}9cab922b-4447-4fb1-93d6-6977ac88ca97{ip: 192.168.151.105, host: pr-hdds-2181-c2mmz-2857100994, networkLocation: /default-rack, certSerialId: null}, Type:RATIS, Factor:THREE, State:OPEN]
2019-09-27 17:44:56,471 [grpc-default-executor-3] INFO  impl.RaftServerProxy (RaftServerProxy.java:addNew(89)) - 23205af3-9a5e-419b-ac4c-99a3f7ef887f: addNew group-1BDE70BC09BB:[23205af3-9a5e-419b-ac4c-99a3f7ef887f:192.168.151.105:39973] returns group-1BDE70BC09BB:java.util.concurrent.CompletableFuture@5978322d[Not completed]
2019-09-27 17:44:56,475 [pool-159-thread-1] INFO  impl.RaftServerImpl (RaftServerImpl.java:<init>(95)) - 23205af3-9a5e-419b-ac4c-99a3f7ef887f: new RaftServerImpl for group-1BDE70BC09BB:[23205af3-9a5e-419b-ac4c-99a3f7ef887f:192.168.151.105:39973] with ContainerStateMachine:uninitialized
2019-09-27 17:44:56,482 [pool-159-thread-1] INFO  server.RaftServerConfigKeys (ConfUtils.java:logGet(43)) - raft.server.rpc.timeout.min = 5s (custom)
2019-09-27 17:44:56,482 [pool-159-thread-1] INFO  server.RaftServerConfigKeys (ConfUtils.java:logGet(43)) - raft.server.rpc.timeout.max = 5200ms (custom)
2019-09-27 17:44:56,482 [pool-159-thread-1] INFO  server.RaftServerConfigKeys (ConfUtils.java:logGet(43)) - raft.server.rpcslowness.timeout = 120s (custom)
2019-09-27 17:44:56,482 [pool-159-thread-1] INFO  server.RaftServerConfigKeys (ConfUtils.java:logGet(43)) - raft.server.sleep.deviation.threshold = 300 (default)
2019-09-27 17:44:56,482 [pool-159-thread-1] INFO  server.RaftServerConfigKeys (ConfUtils.java:logGet(43)) - raft.server.log.appender.install.snapshot.enabled = false (custom)
2019-09-27 17:44:56,483 [pool-159-thread-1] INFO  impl.RaftServerImpl (ServerState.java:<init>(103)) - 23205af3-9a5e-419b-ac4c-99a3f7ef887f@group-1BDE70BC09BB: ConfigurationManager, init=-1: [23205af3-9a5e-419b-ac4c-99a3f7ef887f:192.168.151.105:39973], old=null, confs=<EMPTY_MAP>
2019-09-27 17:44:56,483 [pool-159-thread-1] INFO  server.RaftServerConfigKeys (ConfUtils.java:logGet(43)) - raft.server.storage.dir = [/workdir/hadoop-ozone/integration-test/target/test-dir/MiniOzoneClusterImpl-57f6cbf4-6bc8-4248-914c-40957cfe3779/datanode-4/data/ratis] (custom)
2019-09-27 17:44:56,483 [pool-159-thread-1] INFO  storage.RaftStorageDirectory (RaftStorageDirectory.java:analyzeStorage(246)) - The storage directory /workdir/hadoop-ozone/integration-test/target/test-dir/MiniOzoneClusterImpl-57f6cbf4-6bc8-4248-914c-40957cfe3779/datanode-4/data/ratis/91860cba-f1ba-4ce4-8107-1bde70bc09bb does not exist. Creating ...
2019-09-27 17:44:56,484 [IPC Server handler 16 on 37714] INFO  net.NetworkTopology (NetworkTopologyImpl.java:add(111)) - Added a new node: /default-rack/492843b5-ab2c-4cb8-846e-c2fadfa97c1e
2019-09-27 17:44:56,485 [IPC Server handler 16 on 37714] INFO  node.SCMNodeManager (SCMNodeManager.java:register(266)) - Registered Data node : 492843b5-ab2c-4cb8-846e-c2fadfa97c1e{ip: 192.168.151.105, host: pr-hdds-2181-c2mmz-2857100994, networkLocation: /default-rack, certSerialId: null}
2019-09-27 17:44:56,496 [pool-159-thread-1] INFO  storage.RaftStorageDirectory (RaftStorageDirectory.java:tryLock(328)) - Lock on /workdir/hadoop-ozone/integration-test/target/test-dir/MiniOzoneClusterImpl-57f6cbf4-6bc8-4248-914c-40957cfe3779/datanode-4/data/ratis/91860cba-f1ba-4ce4-8107-1bde70bc09bb/in_use.lock acquired by nodename 8824@pr-hdds-2181-c2mmz-2857100994
2019-09-27 17:44:56,508 [pool-159-thread-1] INFO  storage.RaftStorage (RaftStorage.java:format(72)) - Storage directory /workdir/hadoop-ozone/integration-test/target/test-dir/MiniOzoneClusterImpl-57f6cbf4-6bc8-4248-914c-40957cfe3779/datanode-4/data/ratis/91860cba-f1ba-4ce4-8107-1bde70bc09bb has been successfully formatted.
2019-09-27 17:44:56,509 [pool-159-thread-1] INFO  ratis.ContainerStateMachine (ContainerStateMachine.java:loadSnapshot(230)) - group-1BDE70BC09BB: The snapshot info is null. Setting the last applied indexto:(t:0, i:~)
2019-09-27 17:44:56,509 [pool-159-thread-1] INFO  server.RaftServerConfigKeys (ConfUtils.java:logGet(43)) - raft.server.notification.no-leader.timeout = 120s (custom)
2019-09-27 17:44:56,509 [pool-159-thread-1] INFO  server.RaftServerConfigKeys (ConfUtils.java:logGet(43)) - raft.server.log.use.memory = false (default)
2019-09-27 17:44:56,509 [pool-159-thread-1] INFO  server.RaftServerConfigKeys (ConfUtils.java:logGet(43)) - raft.server.log.purge.gap = 1000000 (custom)
2019-09-27 17:44:56,509 [pool-159-thread-1] INFO  server.RaftServerConfigKeys (ConfUtils.java:logGet(43)) - raft.server.log.appender.buffer.byte-limit = 33554432 (custom)
2019-09-27 17:44:56,509 [pool-159-thread-1] INFO  server.RaftServerConfigKeys (ConfUtils.java:logGet(43)) - raft.server.log.segment.size.max = 1048576 (custom)
2019-09-27 17:44:56,509 [pool-159-thread-1] INFO  server.RaftServerConfigKeys (ConfUtils.java:logGet(43)) - raft.server.log.segment.cache.num.max = 2 (custom)
2019-09-27 17:44:56,510 [pool-159-thread-1] INFO  segmented.SegmentedRaftLogWorker (SegmentedRaftLogWorker.java:<init>(172)) - new 23205af3-9a5e-419b-ac4c-99a3f7ef887f@group-1BDE70BC09BB-SegmentedRaftLogWorker for RaftStorage:Storage Directory /workdir/hadoop-ozone/integration-test/target/test-dir/MiniOzoneClusterImpl-57f6cbf4-6bc8-4248-914c-40957cfe3779/datanode-4/data/ratis/91860cba-f1ba-4ce4-8107-1bde70bc09bb
2019-09-27 17:44:56,512 [pool-159-thread-1] INFO  server.RaftServerConfigKeys (ConfUtils.java:logGet(43)) - raft.server.log.queue.byte-limit = 2147483647 (custom)
2019-09-27 17:44:56,512 [pool-159-thread-1] INFO  server.RaftServerConfigKeys (ConfUtils.java:logGet(43)) - raft.server.log.queue.element-limit = 1024 (custom)
2019-09-27 17:44:56,512 [pool-159-thread-1] INFO  server.RaftServerConfigKeys (ConfUtils.java:logGet(43)) - raft.server.log.segment.size.max = 1048576 (custom)
2019-09-27 17:44:56,512 [pool-159-thread-1] INFO  server.RaftServerConfigKeys (ConfUtils.java:logGet(43)) - raft.server.log.preallocated.size = 16384 (custom)
2019-09-27 17:44:56,512 [pool-159-thread-1] INFO  server.RaftServerConfigKeys (ConfUtils.java:logGet(43)) - raft.server.log.write.buffer.size = 33554432 (custom)
2019-09-27 17:44:56,512 [pool-159-thread-1] INFO  server.RaftServerConfigKeys (ConfUtils.java:logGet(43)) - raft.server.log.force.sync.num = 128 (default)
2019-09-27 17:44:56,512 [pool-159-thread-1] INFO  server.RaftServerConfigKeys (ConfUtils.java:logGet(43)) - raft.server.log.statemachine.data.sync = true (default)
2019-09-27 17:44:56,513 [pool-159-thread-1] INFO  server.RaftServerConfigKeys (ConfUtils.java:logGet(43)) - raft.server.log.statemachine.data.sync.timeout = 10s (default)
2019-09-27 17:44:56,513 [pool-159-thread-1] INFO  server.RaftServerConfigKeys (ConfUtils.java:logGet(43)) - raft.server.log.statemachine.data.sync.timeout.retry = -1 (default)
2019-09-27 17:44:56,513 [pool-159-thread-1] INFO  server.RaftServerConfigKeys (ConfUtils.java:logGet(43)) - raft.server.log.statemachine.data.caching.enabled = true (custom)
2019-09-27 17:44:56,513 [pool-159-thread-1] INFO  segmented.SegmentedRaftLogWorker (SegmentedRaftLogWorker.java:lambda$new$0(132)) - 23205af3-9a5e-419b-ac4c-99a3f7ef887f@group-1BDE70BC09BB-SegmentedRaftLogWorker: flushIndex: setUnconditionally 0 -> -1
2019-09-27 17:44:56,514 [pool-159-thread-1] INFO  server.RaftServerConfigKeys (ConfUtils.java:logGet(43)) - raft.server.snapshot.auto.trigger.enabled = true (custom)
2019-09-27 17:44:56,514 [pool-159-thread-1] INFO  server.RaftServerConfigKeys (ConfUtils.java:logGet(43)) - raft.server.snapshot.auto.trigger.threshold = 10000 (custom)
2019-09-27 17:44:56,514 [pool-159-thread-1] INFO  server.RaftServerConfigKeys (ConfUtils.java:logGet(43)) - raft.server.snapshot.retention.num.files = 5 (custom)
2019-09-27 17:44:56,514 [pool-159-thread-1] INFO  server.RaftServerConfigKeys (ConfUtils.java:logGet(43)) - raft.server.retrycache.expirytime = 600000ms (custom)
2019-09-27 17:44:56,516 [pool-159-thread-1] INFO  impl.RaftServerImpl (RaftServerImpl.java:start(185)) - 23205af3-9a5e-419b-ac4c-99a3f7ef887f@group-1BDE70BC09BB: start as a follower, conf=-1: [23205af3-9a5e-419b-ac4c-99a3f7ef887f:192.168.151.105:39973], old=null
2019-09-27 17:44:56,516 [pool-159-thread-1] INFO  impl.RaftServerImpl (RaftServerImpl.java:setRole(174)) - 23205af3-9a5e-419b-ac4c-99a3f7ef887f@group-1BDE70BC09BB: changes role from      null to FOLLOWER at term 0 for startAsFollower
2019-09-27 17:44:56,516 [pool-159-thread-1] INFO  impl.RoleInfo (RoleInfo.java:updateAndGet(143)) - 23205af3-9a5e-419b-ac4c-99a3f7ef887f: start FollowerState
2019-09-27 17:44:56,516 [pool-159-thread-1] INFO  util.JmxRegister (JmxRegister.java:tryRegister(44)) - Successfully registered JMX Bean with object name Ratis:service=RaftServer,group=group-1BDE70BC09BB,id=23205af3-9a5e-419b-ac4c-99a3f7ef887f
2019-09-27 17:44:56,520 [RatisPipelineUtilsThread] INFO  pipeline.PipelineStateManager (PipelineStateManager.java:addPipeline(56)) - Created pipeline Pipeline[ Id: 91860cba-f1ba-4ce4-8107-1bde70bc09bb, Nodes: 23205af3-9a5e-419b-ac4c-99a3f7ef887f{ip: 192.168.151.105, host: pr-hdds-2181-c2mmz-2857100994, networkLocation: /default-rack, certSerialId: null}, Type:RATIS, Factor:ONE, State:OPEN]
2019-09-27 17:44:56,529 [grpc-default-executor-3] INFO  impl.RaftServerProxy (RaftServerProxy.java:addNew(89)) - 492843b5-ab2c-4cb8-846e-c2fadfa97c1e: addNew group-164F49015ED0:[492843b5-ab2c-4cb8-846e-c2fadfa97c1e:192.168.151.105:35030] returns group-164F49015ED0:java.util.concurrent.CompletableFuture@4e5f7723[Not completed]
2019-09-27 17:44:56,533 [pool-169-thread-1] INFO  impl.RaftServerImpl (RaftServerImpl.java:<init>(95)) - 492843b5-ab2c-4cb8-846e-c2fadfa97c1e: new RaftServerImpl for group-164F49015ED0:[492843b5-ab2c-4cb8-846e-c2fadfa97c1e:192.168.151.105:35030] with ContainerStateMachine:uninitialized
2019-09-27 17:44:56,533 [pool-169-thread-1] INFO  server.RaftServerConfigKeys (ConfUtils.java:logGet(43)) - raft.server.rpc.timeout.min = 5s (custom)
2019-09-27 17:44:56,533 [pool-169-thread-1] INFO  server.RaftServerConfigKeys (ConfUtils.java:logGet(43)) - raft.server.rpc.timeout.max = 5200ms (custom)
2019-09-27 17:44:56,533 [pool-169-thread-1] INFO  server.RaftServerConfigKeys (ConfUtils.java:logGet(43)) - raft.server.rpcslowness.timeout = 120s (custom)
2019-09-27 17:44:56,533 [pool-169-thread-1] INFO  server.RaftServerConfigKeys (ConfUtils.java:logGet(43)) - raft.server.sleep.deviation.threshold = 300 (default)
2019-09-27 17:44:56,533 [pool-169-thread-1] INFO  server.RaftServerConfigKeys (ConfUtils.java:logGet(43)) - raft.server.log.appender.install.snapshot.enabled = false (custom)
2019-09-27 17:44:56,534 [pool-169-thread-1] INFO  impl.RaftServerImpl (ServerState.java:<init>(103)) - 492843b5-ab2c-4cb8-846e-c2fadfa97c1e@group-164F49015ED0: ConfigurationManager, init=-1: [492843b5-ab2c-4cb8-846e-c2fadfa97c1e:192.168.151.105:35030], old=null, confs=<EMPTY_MAP>
2019-09-27 17:44:56,534 [pool-169-thread-1] INFO  server.RaftServerConfigKeys (ConfUtils.java:logGet(43)) - raft.server.storage.dir = [/workdir/hadoop-ozone/integration-test/target/test-dir/MiniOzoneClusterImpl-57f6cbf4-6bc8-4248-914c-40957cfe3779/datanode-5/data/ratis] (custom)
2019-09-27 17:44:56,534 [pool-169-thread-1] INFO  storage.RaftStorageDirectory (RaftStorageDirectory.java:analyzeStorage(246)) - The storage directory /workdir/hadoop-ozone/integration-test/target/test-dir/MiniOzoneClusterImpl-57f6cbf4-6bc8-4248-914c-40957cfe3779/datanode-5/data/ratis/95726e64-db8f-4004-bbf6-164f49015ed0 does not exist. Creating ...
2019-09-27 17:44:56,546 [main] INFO  ozone.MiniOzoneClusterImpl (MiniOzoneClusterImpl.java:lambda$waitForClusterToBeReady$0(147)) - Waiting for cluster to be ready. Got 6 of 7 DN Heartbeats.
2019-09-27 17:44:56,546 [pool-169-thread-1] INFO  storage.RaftStorageDirectory (RaftStorageDirectory.java:tryLock(328)) - Lock on /workdir/hadoop-ozone/integration-test/target/test-dir/MiniOzoneClusterImpl-57f6cbf4-6bc8-4248-914c-40957cfe3779/datanode-5/data/ratis/95726e64-db8f-4004-bbf6-164f49015ed0/in_use.lock acquired by nodename 8824@pr-hdds-2181-c2mmz-2857100994
2019-09-27 17:44:56,549 [IPC Server handler 15 on 37714] INFO  net.NetworkTopology (NetworkTopologyImpl.java:add(111)) - Added a new node: /default-rack/8115872d-0c95-4e59-8e34-d456d7ae9ddb
2019-09-27 17:44:56,549 [IPC Server handler 15 on 37714] INFO  node.SCMNodeManager (SCMNodeManager.java:register(266)) - Registered Data node : 8115872d-0c95-4e59-8e34-d456d7ae9ddb{ip: 192.168.151.105, host: pr-hdds-2181-c2mmz-2857100994, networkLocation: /default-rack, certSerialId: null}
2019-09-27 17:44:56,559 [pool-169-thread-1] INFO  storage.RaftStorage (RaftStorage.java:format(72)) - Storage directory /workdir/hadoop-ozone/integration-test/target/test-dir/MiniOzoneClusterImpl-57f6cbf4-6bc8-4248-914c-40957cfe3779/datanode-5/data/ratis/95726e64-db8f-4004-bbf6-164f49015ed0 has been successfully formatted.
2019-09-27 17:44:56,559 [pool-169-thread-1] INFO  ratis.ContainerStateMachine (ContainerStateMachine.java:loadSnapshot(230)) - group-164F49015ED0: The snapshot info is null. Setting the last applied indexto:(t:0, i:~)
2019-09-27 17:44:56,559 [pool-169-thread-1] INFO  server.RaftServerConfigKeys (ConfUtils.java:logGet(43)) - raft.server.notification.no-leader.timeout = 120s (custom)
2019-09-27 17:44:56,559 [pool-169-thread-1] INFO  server.RaftServerConfigKeys (ConfUtils.java:logGet(43)) - raft.server.log.use.memory = false (default)
2019-09-27 17:44:56,560 [pool-169-thread-1] INFO  server.RaftServerConfigKeys (ConfUtils.java:logGet(43)) - raft.server.log.purge.gap = 1000000 (custom)
2019-09-27 17:44:56,560 [pool-169-thread-1] INFO  server.RaftServerConfigKeys (ConfUtils.java:logGet(43)) - raft.server.log.appender.buffer.byte-limit = 33554432 (custom)
2019-09-27 17:44:56,560 [pool-169-thread-1] INFO  server.RaftServerConfigKeys (ConfUtils.java:logGet(43)) - raft.server.log.segment.size.max = 1048576 (custom)
2019-09-27 17:44:56,560 [pool-169-thread-1] INFO  server.RaftServerConfigKeys (ConfUtils.java:logGet(43)) - raft.server.log.segment.cache.num.max = 2 (custom)
2019-09-27 17:44:56,560 [pool-169-thread-1] INFO  segmented.SegmentedRaftLogWorker (SegmentedRaftLogWorker.java:<init>(172)) - new 492843b5-ab2c-4cb8-846e-c2fadfa97c1e@group-164F49015ED0-SegmentedRaftLogWorker for RaftStorage:Storage Directory /workdir/hadoop-ozone/integration-test/target/test-dir/MiniOzoneClusterImpl-57f6cbf4-6bc8-4248-914c-40957cfe3779/datanode-5/data/ratis/95726e64-db8f-4004-bbf6-164f49015ed0
2019-09-27 17:44:56,562 [pool-169-thread-1] INFO  server.RaftServerConfigKeys (ConfUtils.java:logGet(43)) - raft.server.log.queue.byte-limit = 2147483647 (custom)
2019-09-27 17:44:56,562 [pool-169-thread-1] INFO  server.RaftServerConfigKeys (ConfUtils.java:logGet(43)) - raft.server.log.queue.element-limit = 1024 (custom)
2019-09-27 17:44:56,562 [pool-169-thread-1] INFO  server.RaftServerConfigKeys (ConfUtils.java:logGet(43)) - raft.server.log.segment.size.max = 1048576 (custom)
2019-09-27 17:44:56,562 [pool-169-thread-1] INFO  server.RaftServerConfigKeys (ConfUtils.java:logGet(43)) - raft.server.log.preallocated.size = 16384 (custom)
2019-09-27 17:44:56,562 [pool-169-thread-1] INFO  server.RaftServerConfigKeys (ConfUtils.java:logGet(43)) - raft.server.log.write.buffer.size = 33554432 (custom)
2019-09-27 17:44:56,562 [pool-169-thread-1] INFO  server.RaftServerConfigKeys (ConfUtils.java:logGet(43)) - raft.server.log.force.sync.num = 128 (default)
2019-09-27 17:44:56,562 [pool-169-thread-1] INFO  server.RaftServerConfigKeys (ConfUtils.java:logGet(43)) - raft.server.log.statemachine.data.sync = true (default)
2019-09-27 17:44:56,563 [pool-169-thread-1] INFO  server.RaftServerConfigKeys (ConfUtils.java:logGet(43)) - raft.server.log.statemachine.data.sync.timeout = 10s (default)
2019-09-27 17:44:56,563 [pool-169-thread-1] INFO  server.RaftServerConfigKeys (ConfUtils.java:logGet(43)) - raft.server.log.statemachine.data.sync.timeout.retry = -1 (default)
2019-09-27 17:44:56,563 [pool-169-thread-1] INFO  server.RaftServerConfigKeys (ConfUtils.java:logGet(43)) - raft.server.log.statemachine.data.caching.enabled = true (custom)
2019-09-27 17:44:56,563 [pool-169-thread-1] INFO  segmented.SegmentedRaftLogWorker (SegmentedRaftLogWorker.java:lambda$new$0(132)) - 492843b5-ab2c-4cb8-846e-c2fadfa97c1e@group-164F49015ED0-SegmentedRaftLogWorker: flushIndex: setUnconditionally 0 -> -1
2019-09-27 17:44:56,563 [pool-169-thread-1] INFO  server.RaftServerConfigKeys (ConfUtils.java:logGet(43)) - raft.server.snapshot.auto.trigger.enabled = true (custom)
2019-09-27 17:44:56,564 [pool-169-thread-1] INFO  server.RaftServerConfigKeys (ConfUtils.java:logGet(43)) - raft.server.snapshot.auto.trigger.threshold = 10000 (custom)
2019-09-27 17:44:56,564 [pool-169-thread-1] INFO  server.RaftServerConfigKeys (ConfUtils.java:logGet(43)) - raft.server.snapshot.retention.num.files = 5 (custom)
2019-09-27 17:44:56,564 [pool-169-thread-1] INFO  server.RaftServerConfigKeys (ConfUtils.java:logGet(43)) - raft.server.retrycache.expirytime = 600000ms (custom)
2019-09-27 17:44:56,566 [pool-169-thread-1] INFO  impl.RaftServerImpl (RaftServerImpl.java:start(185)) - 492843b5-ab2c-4cb8-846e-c2fadfa97c1e@group-164F49015ED0: start as a follower, conf=-1: [492843b5-ab2c-4cb8-846e-c2fadfa97c1e:192.168.151.105:35030], old=null
2019-09-27 17:44:56,566 [pool-169-thread-1] INFO  impl.RaftServerImpl (RaftServerImpl.java:setRole(174)) - 492843b5-ab2c-4cb8-846e-c2fadfa97c1e@group-164F49015ED0: changes role from      null to FOLLOWER at term 0 for startAsFollower
2019-09-27 17:44:56,566 [pool-169-thread-1] INFO  impl.RoleInfo (RoleInfo.java:updateAndGet(143)) - 492843b5-ab2c-4cb8-846e-c2fadfa97c1e: start FollowerState
2019-09-27 17:44:56,566 [pool-169-thread-1] INFO  util.JmxRegister (JmxRegister.java:tryRegister(44)) - Successfully registered JMX Bean with object name Ratis:service=RaftServer,group=group-164F49015ED0,id=492843b5-ab2c-4cb8-846e-c2fadfa97c1e
2019-09-27 17:44:56,569 [RatisPipelineUtilsThread] INFO  pipeline.PipelineStateManager (PipelineStateManager.java:addPipeline(56)) - Created pipeline Pipeline[ Id: 95726e64-db8f-4004-bbf6-164f49015ed0, Nodes: 492843b5-ab2c-4cb8-846e-c2fadfa97c1e{ip: 192.168.151.105, host: pr-hdds-2181-c2mmz-2857100994, networkLocation: /default-rack, certSerialId: null}, Type:RATIS, Factor:ONE, State:OPEN]
2019-09-27 17:44:56,584 [grpc-default-executor-3] INFO  impl.RaftServerProxy (RaftServerProxy.java:addNew(89)) - 8115872d-0c95-4e59-8e34-d456d7ae9ddb: addNew group-6D123396A5C6:[8115872d-0c95-4e59-8e34-d456d7ae9ddb:192.168.151.105:41196] returns group-6D123396A5C6:java.util.concurrent.CompletableFuture@1a82ecec[Not completed]
2019-09-27 17:44:56,588 [pool-179-thread-1] INFO  impl.RaftServerImpl (RaftServerImpl.java:<init>(95)) - 8115872d-0c95-4e59-8e34-d456d7ae9ddb: new RaftServerImpl for group-6D123396A5C6:[8115872d-0c95-4e59-8e34-d456d7ae9ddb:192.168.151.105:41196] with ContainerStateMachine:uninitialized
2019-09-27 17:44:56,588 [pool-179-thread-1] INFO  server.RaftServerConfigKeys (ConfUtils.java:logGet(43)) - raft.server.rpc.timeout.min = 5s (custom)
2019-09-27 17:44:56,588 [pool-179-thread-1] INFO  server.RaftServerConfigKeys (ConfUtils.java:logGet(43)) - raft.server.rpc.timeout.max = 5200ms (custom)
2019-09-27 17:44:56,589 [pool-179-thread-1] INFO  server.RaftServerConfigKeys (ConfUtils.java:logGet(43)) - raft.server.rpcslowness.timeout = 120s (custom)
2019-09-27 17:44:56,589 [pool-179-thread-1] INFO  server.RaftServerConfigKeys (ConfUtils.java:logGet(43)) - raft.server.sleep.deviation.threshold = 300 (default)
2019-09-27 17:44:56,589 [pool-179-thread-1] INFO  server.RaftServerConfigKeys (ConfUtils.java:logGet(43)) - raft.server.log.appender.install.snapshot.enabled = false (custom)
2019-09-27 17:44:56,589 [pool-179-thread-1] INFO  impl.RaftServerImpl (ServerState.java:<init>(103)) - 8115872d-0c95-4e59-8e34-d456d7ae9ddb@group-6D123396A5C6: ConfigurationManager, init=-1: [8115872d-0c95-4e59-8e34-d456d7ae9ddb:192.168.151.105:41196], old=null, confs=<EMPTY_MAP>
2019-09-27 17:44:56,589 [pool-179-thread-1] INFO  server.RaftServerConfigKeys (ConfUtils.java:logGet(43)) - raft.server.storage.dir = [/workdir/hadoop-ozone/integration-test/target/test-dir/MiniOzoneClusterImpl-57f6cbf4-6bc8-4248-914c-40957cfe3779/datanode-6/data/ratis] (custom)
2019-09-27 17:44:56,589 [pool-179-thread-1] INFO  storage.RaftStorageDirectory (RaftStorageDirectory.java:analyzeStorage(246)) - The storage directory /workdir/hadoop-ozone/integration-test/target/test-dir/MiniOzoneClusterImpl-57f6cbf4-6bc8-4248-914c-40957cfe3779/datanode-6/data/ratis/0abf46a8-2e35-45bd-8e7a-6d123396a5c6 does not exist. Creating ...
2019-09-27 17:44:56,602 [pool-179-thread-1] INFO  storage.RaftStorageDirectory (RaftStorageDirectory.java:tryLock(328)) - Lock on /workdir/hadoop-ozone/integration-test/target/test-dir/MiniOzoneClusterImpl-57f6cbf4-6bc8-4248-914c-40957cfe3779/datanode-6/data/ratis/0abf46a8-2e35-45bd-8e7a-6d123396a5c6/in_use.lock acquired by nodename 8824@pr-hdds-2181-c2mmz-2857100994
2019-09-27 17:44:56,615 [pool-179-thread-1] INFO  storage.RaftStorage (RaftStorage.java:format(72)) - Storage directory /workdir/hadoop-ozone/integration-test/target/test-dir/MiniOzoneClusterImpl-57f6cbf4-6bc8-4248-914c-40957cfe3779/datanode-6/data/ratis/0abf46a8-2e35-45bd-8e7a-6d123396a5c6 has been successfully formatted.
2019-09-27 17:44:56,615 [pool-179-thread-1] INFO  ratis.ContainerStateMachine (ContainerStateMachine.java:loadSnapshot(230)) - group-6D123396A5C6: The snapshot info is null. Setting the last applied indexto:(t:0, i:~)
2019-09-27 17:44:56,616 [pool-179-thread-1] INFO  server.RaftServerConfigKeys (ConfUtils.java:logGet(43)) - raft.server.notification.no-leader.timeout = 120s (custom)
2019-09-27 17:44:56,616 [pool-179-thread-1] INFO  server.RaftServerConfigKeys (ConfUtils.java:logGet(43)) - raft.server.log.use.memory = false (default)
2019-09-27 17:44:56,616 [pool-179-thread-1] INFO  server.RaftServerConfigKeys (ConfUtils.java:logGet(43)) - raft.server.log.purge.gap = 1000000 (custom)
2019-09-27 17:44:56,616 [pool-179-thread-1] INFO  server.RaftServerConfigKeys (ConfUtils.java:logGet(43)) - raft.server.log.appender.buffer.byte-limit = 33554432 (custom)
2019-09-27 17:44:56,616 [pool-179-thread-1] INFO  server.RaftServerConfigKeys (ConfUtils.java:logGet(43)) - raft.server.log.segment.size.max = 1048576 (custom)
2019-09-27 17:44:56,616 [pool-179-thread-1] INFO  server.RaftServerConfigKeys (ConfUtils.java:logGet(43)) - raft.server.log.segment.cache.num.max = 2 (custom)
2019-09-27 17:44:56,616 [pool-179-thread-1] INFO  segmented.SegmentedRaftLogWorker (SegmentedRaftLogWorker.java:<init>(172)) - new 8115872d-0c95-4e59-8e34-d456d7ae9ddb@group-6D123396A5C6-SegmentedRaftLogWorker for RaftStorage:Storage Directory /workdir/hadoop-ozone/integration-test/target/test-dir/MiniOzoneClusterImpl-57f6cbf4-6bc8-4248-914c-40957cfe3779/datanode-6/data/ratis/0abf46a8-2e35-45bd-8e7a-6d123396a5c6
2019-09-27 17:44:56,618 [pool-179-thread-1] INFO  server.RaftServerConfigKeys (ConfUtils.java:logGet(43)) - raft.server.log.queue.byte-limit = 2147483647 (custom)
2019-09-27 17:44:56,618 [pool-179-thread-1] INFO  server.RaftServerConfigKeys (ConfUtils.java:logGet(43)) - raft.server.log.queue.element-limit = 1024 (custom)
2019-09-27 17:44:56,619 [pool-179-thread-1] INFO  server.RaftServerConfigKeys (ConfUtils.java:logGet(43)) - raft.server.log.segment.size.max = 1048576 (custom)
2019-09-27 17:44:56,619 [pool-179-thread-1] INFO  server.RaftServerConfigKeys (ConfUtils.java:logGet(43)) - raft.server.log.preallocated.size = 16384 (custom)
2019-09-27 17:44:56,619 [pool-179-thread-1] INFO  server.RaftServerConfigKeys (ConfUtils.java:logGet(43)) - raft.server.log.write.buffer.size = 33554432 (custom)
2019-09-27 17:44:56,619 [pool-179-thread-1] INFO  server.RaftServerConfigKeys (ConfUtils.java:logGet(43)) - raft.server.log.force.sync.num = 128 (default)
2019-09-27 17:44:56,619 [pool-179-thread-1] INFO  server.RaftServerConfigKeys (ConfUtils.java:logGet(43)) - raft.server.log.statemachine.data.sync = true (default)
2019-09-27 17:44:56,619 [pool-179-thread-1] INFO  server.RaftServerConfigKeys (ConfUtils.java:logGet(43)) - raft.server.log.statemachine.data.sync.timeout = 10s (default)
2019-09-27 17:44:56,619 [pool-179-thread-1] INFO  server.RaftServerConfigKeys (ConfUtils.java:logGet(43)) - raft.server.log.statemachine.data.sync.timeout.retry = -1 (default)
2019-09-27 17:44:56,620 [pool-179-thread-1] INFO  server.RaftServerConfigKeys (ConfUtils.java:logGet(43)) - raft.server.log.statemachine.data.caching.enabled = true (custom)
2019-09-27 17:44:56,620 [pool-179-thread-1] INFO  segmented.SegmentedRaftLogWorker (SegmentedRaftLogWorker.java:lambda$new$0(132)) - 8115872d-0c95-4e59-8e34-d456d7ae9ddb@group-6D123396A5C6-SegmentedRaftLogWorker: flushIndex: setUnconditionally 0 -> -1
2019-09-27 17:44:56,620 [pool-179-thread-1] INFO  server.RaftServerConfigKeys (ConfUtils.java:logGet(43)) - raft.server.snapshot.auto.trigger.enabled = true (custom)
2019-09-27 17:44:56,620 [pool-179-thread-1] INFO  server.RaftServerConfigKeys (ConfUtils.java:logGet(43)) - raft.server.snapshot.auto.trigger.threshold = 10000 (custom)
2019-09-27 17:44:56,620 [pool-179-thread-1] INFO  server.RaftServerConfigKeys (ConfUtils.java:logGet(43)) - raft.server.snapshot.retention.num.files = 5 (custom)
2019-09-27 17:44:56,620 [pool-179-thread-1] INFO  server.RaftServerConfigKeys (ConfUtils.java:logGet(43)) - raft.server.retrycache.expirytime = 600000ms (custom)
2019-09-27 17:44:56,623 [pool-179-thread-1] INFO  impl.RaftServerImpl (RaftServerImpl.java:start(185)) - 8115872d-0c95-4e59-8e34-d456d7ae9ddb@group-6D123396A5C6: start as a follower, conf=-1: [8115872d-0c95-4e59-8e34-d456d7ae9ddb:192.168.151.105:41196], old=null
2019-09-27 17:44:56,623 [pool-179-thread-1] INFO  impl.RaftServerImpl (RaftServerImpl.java:setRole(174)) - 8115872d-0c95-4e59-8e34-d456d7ae9ddb@group-6D123396A5C6: changes role from      null to FOLLOWER at term 0 for startAsFollower
2019-09-27 17:44:56,623 [pool-179-thread-1] INFO  impl.RoleInfo (RoleInfo.java:updateAndGet(143)) - 8115872d-0c95-4e59-8e34-d456d7ae9ddb: start FollowerState
2019-09-27 17:44:56,623 [pool-179-thread-1] INFO  util.JmxRegister (JmxRegister.java:tryRegister(44)) - Successfully registered JMX Bean with object name Ratis:service=RaftServer,group=group-6D123396A5C6,id=8115872d-0c95-4e59-8e34-d456d7ae9ddb
2019-09-27 17:44:56,627 [RatisPipelineUtilsThread] INFO  pipeline.PipelineStateManager (PipelineStateManager.java:addPipeline(56)) - Created pipeline Pipeline[ Id: 0abf46a8-2e35-45bd-8e7a-6d123396a5c6, Nodes: 8115872d-0c95-4e59-8e34-d456d7ae9ddb{ip: 192.168.151.105, host: pr-hdds-2181-c2mmz-2857100994, networkLocation: /default-rack, certSerialId: null}, Type:RATIS, Factor:ONE, State:OPEN]
2019-09-27 17:44:56,638 [grpc-default-executor-3] INFO  impl.RaftServerProxy (RaftServerProxy.java:addNew(89)) - 23205af3-9a5e-419b-ac4c-99a3f7ef887f: addNew group-69117FFD6241:[1aff70a5-6fd7-415c-9c83-4956156a56e6:192.168.151.105:34775, 23205af3-9a5e-419b-ac4c-99a3f7ef887f:192.168.151.105:39973, 8115872d-0c95-4e59-8e34-d456d7ae9ddb:192.168.151.105:41196] returns group-69117FFD6241:java.util.concurrent.CompletableFuture@fb304a0[Not completed]
2019-09-27 17:44:56,638 [grpc-default-executor-4] INFO  impl.RaftServerProxy (RaftServerProxy.java:addNew(89)) - 1aff70a5-6fd7-415c-9c83-4956156a56e6: addNew group-69117FFD6241:[1aff70a5-6fd7-415c-9c83-4956156a56e6:192.168.151.105:34775, 23205af3-9a5e-419b-ac4c-99a3f7ef887f:192.168.151.105:39973, 8115872d-0c95-4e59-8e34-d456d7ae9ddb:192.168.151.105:41196] returns group-69117FFD6241:java.util.concurrent.CompletableFuture@75b387cb[Not completed]
2019-09-27 17:44:56,639 [grpc-default-executor-4] INFO  impl.RaftServerProxy (RaftServerProxy.java:addNew(89)) - 8115872d-0c95-4e59-8e34-d456d7ae9ddb: addNew group-69117FFD6241:[1aff70a5-6fd7-415c-9c83-4956156a56e6:192.168.151.105:34775, 23205af3-9a5e-419b-ac4c-99a3f7ef887f:192.168.151.105:39973, 8115872d-0c95-4e59-8e34-d456d7ae9ddb:192.168.151.105:41196] returns group-69117FFD6241:java.util.concurrent.CompletableFuture@5ed41790[Not completed]
2019-09-27 17:44:56,640 [pool-159-thread-1] INFO  impl.RaftServerImpl (RaftServerImpl.java:<init>(95)) - 23205af3-9a5e-419b-ac4c-99a3f7ef887f: new RaftServerImpl for group-69117FFD6241:[1aff70a5-6fd7-415c-9c83-4956156a56e6:192.168.151.105:34775, 23205af3-9a5e-419b-ac4c-99a3f7ef887f:192.168.151.105:39973, 8115872d-0c95-4e59-8e34-d456d7ae9ddb:192.168.151.105:41196] with ContainerStateMachine:uninitialized
2019-09-27 17:44:56,640 [pool-159-thread-1] INFO  server.RaftServerConfigKeys (ConfUtils.java:logGet(43)) - raft.server.rpc.timeout.min = 5s (custom)
2019-09-27 17:44:56,640 [pool-159-thread-1] INFO  server.RaftServerConfigKeys (ConfUtils.java:logGet(43)) - raft.server.rpc.timeout.max = 5200ms (custom)
2019-09-27 17:44:56,640 [pool-159-thread-1] INFO  server.RaftServerConfigKeys (ConfUtils.java:logGet(43)) - raft.server.rpcslowness.timeout = 120s (custom)
2019-09-27 17:44:56,641 [pool-159-thread-1] INFO  server.RaftServerConfigKeys (ConfUtils.java:logGet(43)) - raft.server.sleep.deviation.threshold = 300 (default)
2019-09-27 17:44:56,641 [pool-159-thread-1] INFO  server.RaftServerConfigKeys (ConfUtils.java:logGet(43)) - raft.server.log.appender.install.snapshot.enabled = false (custom)
2019-09-27 17:44:56,641 [pool-159-thread-1] INFO  impl.RaftServerImpl (ServerState.java:<init>(103)) - 23205af3-9a5e-419b-ac4c-99a3f7ef887f@group-69117FFD6241: ConfigurationManager, init=-1: [1aff70a5-6fd7-415c-9c83-4956156a56e6:192.168.151.105:34775, 23205af3-9a5e-419b-ac4c-99a3f7ef887f:192.168.151.105:39973, 8115872d-0c95-4e59-8e34-d456d7ae9ddb:192.168.151.105:41196], old=null, confs=<EMPTY_MAP>
2019-09-27 17:44:56,641 [pool-139-thread-1] INFO  impl.RaftServerImpl (RaftServerImpl.java:<init>(95)) - 1aff70a5-6fd7-415c-9c83-4956156a56e6: new RaftServerImpl for group-69117FFD6241:[1aff70a5-6fd7-415c-9c83-4956156a56e6:192.168.151.105:34775, 23205af3-9a5e-419b-ac4c-99a3f7ef887f:192.168.151.105:39973, 8115872d-0c95-4e59-8e34-d456d7ae9ddb:192.168.151.105:41196] with ContainerStateMachine:uninitialized
2019-09-27 17:44:56,641 [pool-159-thread-1] INFO  server.RaftServerConfigKeys (ConfUtils.java:logGet(43)) - raft.server.storage.dir = [/workdir/hadoop-ozone/integration-test/target/test-dir/MiniOzoneClusterImpl-57f6cbf4-6bc8-4248-914c-40957cfe3779/datanode-4/data/ratis] (custom)
2019-09-27 17:44:56,641 [pool-139-thread-1] INFO  server.RaftServerConfigKeys (ConfUtils.java:logGet(43)) - raft.server.rpc.timeout.min = 5s (custom)
2019-09-27 17:44:56,642 [pool-139-thread-1] INFO  server.RaftServerConfigKeys (ConfUtils.java:logGet(43)) - raft.server.rpc.timeout.max = 5200ms (custom)
2019-09-27 17:44:56,642 [pool-159-thread-1] INFO  storage.RaftStorageDirectory (RaftStorageDirectory.java:analyzeStorage(246)) - The storage directory /workdir/hadoop-ozone/integration-test/target/test-dir/MiniOzoneClusterImpl-57f6cbf4-6bc8-4248-914c-40957cfe3779/datanode-4/data/ratis/81de177b-8361-4afe-917c-69117ffd6241 does not exist. Creating ...
2019-09-27 17:44:56,642 [pool-139-thread-1] INFO  server.RaftServerConfigKeys (ConfUtils.java:logGet(43)) - raft.server.rpcslowness.timeout = 120s (custom)
2019-09-27 17:44:56,642 [pool-139-thread-1] INFO  server.RaftServerConfigKeys (ConfUtils.java:logGet(43)) - raft.server.sleep.deviation.threshold = 300 (default)
2019-09-27 17:44:56,642 [pool-139-thread-1] INFO  server.RaftServerConfigKeys (ConfUtils.java:logGet(43)) - raft.server.log.appender.install.snapshot.enabled = false (custom)
2019-09-27 17:44:56,642 [pool-139-thread-1] INFO  impl.RaftServerImpl (ServerState.java:<init>(103)) - 1aff70a5-6fd7-415c-9c83-4956156a56e6@group-69117FFD6241: ConfigurationManager, init=-1: [1aff70a5-6fd7-415c-9c83-4956156a56e6:192.168.151.105:34775, 23205af3-9a5e-419b-ac4c-99a3f7ef887f:192.168.151.105:39973, 8115872d-0c95-4e59-8e34-d456d7ae9ddb:192.168.151.105:41196], old=null, confs=<EMPTY_MAP>
2019-09-27 17:44:56,643 [pool-179-thread-1] INFO  impl.RaftServerImpl (RaftServerImpl.java:<init>(95)) - 8115872d-0c95-4e59-8e34-d456d7ae9ddb: new RaftServerImpl for group-69117FFD6241:[1aff70a5-6fd7-415c-9c83-4956156a56e6:192.168.151.105:34775, 23205af3-9a5e-419b-ac4c-99a3f7ef887f:192.168.151.105:39973, 8115872d-0c95-4e59-8e34-d456d7ae9ddb:192.168.151.105:41196] with ContainerStateMachine:uninitialized
2019-09-27 17:44:56,643 [pool-139-thread-1] INFO  server.RaftServerConfigKeys (ConfUtils.java:logGet(43)) - raft.server.storage.dir = [/workdir/hadoop-ozone/integration-test/target/test-dir/MiniOzoneClusterImpl-57f6cbf4-6bc8-4248-914c-40957cfe3779/datanode-2/data/ratis] (custom)
2019-09-27 17:44:56,643 [pool-179-thread-1] INFO  server.RaftServerConfigKeys (ConfUtils.java:logGet(43)) - raft.server.rpc.timeout.min = 5s (custom)
2019-09-27 17:44:56,643 [pool-179-thread-1] INFO  server.RaftServerConfigKeys (ConfUtils.java:logGet(43)) - raft.server.rpc.timeout.max = 5200ms (custom)
2019-09-27 17:44:56,643 [pool-139-thread-1] INFO  storage.RaftStorageDirectory (RaftStorageDirectory.java:analyzeStorage(246)) - The storage directory /workdir/hadoop-ozone/integration-test/target/test-dir/MiniOzoneClusterImpl-57f6cbf4-6bc8-4248-914c-40957cfe3779/datanode-2/data/ratis/81de177b-8361-4afe-917c-69117ffd6241 does not exist. Creating ...
2019-09-27 17:44:56,643 [pool-179-thread-1] INFO  server.RaftServerConfigKeys (ConfUtils.java:logGet(43)) - raft.server.rpcslowness.timeout = 120s (custom)
2019-09-27 17:44:56,644 [pool-179-thread-1] INFO  server.RaftServerConfigKeys (ConfUtils.java:logGet(43)) - raft.server.sleep.deviation.threshold = 300 (default)
2019-09-27 17:44:56,644 [pool-179-thread-1] INFO  server.RaftServerConfigKeys (ConfUtils.java:logGet(43)) - raft.server.log.appender.install.snapshot.enabled = false (custom)
2019-09-27 17:44:56,644 [pool-179-thread-1] INFO  impl.RaftServerImpl (ServerState.java:<init>(103)) - 8115872d-0c95-4e59-8e34-d456d7ae9ddb@group-69117FFD6241: ConfigurationManager, init=-1: [1aff70a5-6fd7-415c-9c83-4956156a56e6:192.168.151.105:34775, 23205af3-9a5e-419b-ac4c-99a3f7ef887f:192.168.151.105:39973, 8115872d-0c95-4e59-8e34-d456d7ae9ddb:192.168.151.105:41196], old=null, confs=<EMPTY_MAP>
2019-09-27 17:44:56,644 [pool-179-thread-1] INFO  server.RaftServerConfigKeys (ConfUtils.java:logGet(43)) - raft.server.storage.dir = [/workdir/hadoop-ozone/integration-test/target/test-dir/MiniOzoneClusterImpl-57f6cbf4-6bc8-4248-914c-40957cfe3779/datanode-6/data/ratis] (custom)
2019-09-27 17:44:56,645 [pool-179-thread-1] INFO  storage.RaftStorageDirectory (RaftStorageDirectory.java:analyzeStorage(246)) - The storage directory /workdir/hadoop-ozone/integration-test/target/test-dir/MiniOzoneClusterImpl-57f6cbf4-6bc8-4248-914c-40957cfe3779/datanode-6/data/ratis/81de177b-8361-4afe-917c-69117ffd6241 does not exist. Creating ...
2019-09-27 17:44:56,667 [pool-159-thread-1] INFO  storage.RaftStorageDirectory (RaftStorageDirectory.java:tryLock(328)) - Lock on /workdir/hadoop-ozone/integration-test/target/test-dir/MiniOzoneClusterImpl-57f6cbf4-6bc8-4248-914c-40957cfe3779/datanode-4/data/ratis/81de177b-8361-4afe-917c-69117ffd6241/in_use.lock acquired by nodename 8824@pr-hdds-2181-c2mmz-2857100994
2019-09-27 17:44:56,667 [pool-179-thread-1] INFO  storage.RaftStorageDirectory (RaftStorageDirectory.java:tryLock(328)) - Lock on /workdir/hadoop-ozone/integration-test/target/test-dir/MiniOzoneClusterImpl-57f6cbf4-6bc8-4248-914c-40957cfe3779/datanode-6/data/ratis/81de177b-8361-4afe-917c-69117ffd6241/in_use.lock acquired by nodename 8824@pr-hdds-2181-c2mmz-2857100994
2019-09-27 17:44:56,667 [pool-139-thread-1] INFO  storage.RaftStorageDirectory (RaftStorageDirectory.java:tryLock(328)) - Lock on /workdir/hadoop-ozone/integration-test/target/test-dir/MiniOzoneClusterImpl-57f6cbf4-6bc8-4248-914c-40957cfe3779/datanode-2/data/ratis/81de177b-8361-4afe-917c-69117ffd6241/in_use.lock acquired by nodename 8824@pr-hdds-2181-c2mmz-2857100994
2019-09-27 17:44:56,693 [pool-139-thread-1] INFO  storage.RaftStorage (RaftStorage.java:format(72)) - Storage directory /workdir/hadoop-ozone/integration-test/target/test-dir/MiniOzoneClusterImpl-57f6cbf4-6bc8-4248-914c-40957cfe3779/datanode-2/data/ratis/81de177b-8361-4afe-917c-69117ffd6241 has been successfully formatted.
2019-09-27 17:44:56,693 [pool-179-thread-1] INFO  storage.RaftStorage (RaftStorage.java:format(72)) - Storage directory /workdir/hadoop-ozone/integration-test/target/test-dir/MiniOzoneClusterImpl-57f6cbf4-6bc8-4248-914c-40957cfe3779/datanode-6/data/ratis/81de177b-8361-4afe-917c-69117ffd6241 has been successfully formatted.
2019-09-27 17:44:56,693 [pool-159-thread-1] INFO  storage.RaftStorage (RaftStorage.java:format(72)) - Storage directory /workdir/hadoop-ozone/integration-test/target/test-dir/MiniOzoneClusterImpl-57f6cbf4-6bc8-4248-914c-40957cfe3779/datanode-4/data/ratis/81de177b-8361-4afe-917c-69117ffd6241 has been successfully formatted.
2019-09-27 17:44:56,693 [pool-139-thread-1] INFO  ratis.ContainerStateMachine (ContainerStateMachine.java:loadSnapshot(230)) - group-69117FFD6241: The snapshot info is null. Setting the last applied indexto:(t:0, i:~)
2019-09-27 17:44:56,693 [pool-179-thread-1] INFO  ratis.ContainerStateMachine (ContainerStateMachine.java:loadSnapshot(230)) - group-69117FFD6241: The snapshot info is null. Setting the last applied indexto:(t:0, i:~)
2019-09-27 17:44:56,693 [pool-139-thread-1] INFO  server.RaftServerConfigKeys (ConfUtils.java:logGet(43)) - raft.server.notification.no-leader.timeout = 120s (custom)
2019-09-27 17:44:56,693 [pool-159-thread-1] INFO  ratis.ContainerStateMachine (ContainerStateMachine.java:loadSnapshot(230)) - group-69117FFD6241: The snapshot info is null. Setting the last applied indexto:(t:0, i:~)
2019-09-27 17:44:56,694 [pool-139-thread-1] INFO  server.RaftServerConfigKeys (ConfUtils.java:logGet(43)) - raft.server.log.use.memory = false (default)
2019-09-27 17:44:56,694 [pool-179-thread-1] INFO  server.RaftServerConfigKeys (ConfUtils.java:logGet(43)) - raft.server.notification.no-leader.timeout = 120s (custom)
2019-09-27 17:44:56,694 [pool-139-thread-1] INFO  server.RaftServerConfigKeys (ConfUtils.java:logGet(43)) - raft.server.log.purge.gap = 1000000 (custom)
2019-09-27 17:44:56,694 [pool-159-thread-1] INFO  server.RaftServerConfigKeys (ConfUtils.java:logGet(43)) - raft.server.notification.no-leader.timeout = 120s (custom)
2019-09-27 17:44:56,694 [pool-139-thread-1] INFO  server.RaftServerConfigKeys (ConfUtils.java:logGet(43)) - raft.server.log.appender.buffer.byte-limit = 33554432 (custom)
2019-09-27 17:44:56,694 [pool-179-thread-1] INFO  server.RaftServerConfigKeys (ConfUtils.java:logGet(43)) - raft.server.log.use.memory = false (default)
2019-09-27 17:44:56,695 [pool-139-thread-1] INFO  server.RaftServerConfigKeys (ConfUtils.java:logGet(43)) - raft.server.log.segment.size.max = 1048576 (custom)
2019-09-27 17:44:56,694 [pool-159-thread-1] INFO  server.RaftServerConfigKeys (ConfUtils.java:logGet(43)) - raft.server.log.use.memory = false (default)
2019-09-27 17:44:56,695 [pool-139-thread-1] INFO  server.RaftServerConfigKeys (ConfUtils.java:logGet(43)) - raft.server.log.segment.cache.num.max = 2 (custom)
2019-09-27 17:44:56,695 [pool-179-thread-1] INFO  server.RaftServerConfigKeys (ConfUtils.java:logGet(43)) - raft.server.log.purge.gap = 1000000 (custom)
2019-09-27 17:44:56,695 [pool-139-thread-1] INFO  segmented.SegmentedRaftLogWorker (SegmentedRaftLogWorker.java:<init>(172)) - new 1aff70a5-6fd7-415c-9c83-4956156a56e6@group-69117FFD6241-SegmentedRaftLogWorker for RaftStorage:Storage Directory /workdir/hadoop-ozone/integration-test/target/test-dir/MiniOzoneClusterImpl-57f6cbf4-6bc8-4248-914c-40957cfe3779/datanode-2/data/ratis/81de177b-8361-4afe-917c-69117ffd6241
2019-09-27 17:44:56,695 [pool-159-thread-1] INFO  server.RaftServerConfigKeys (ConfUtils.java:logGet(43)) - raft.server.log.purge.gap = 1000000 (custom)
2019-09-27 17:44:56,696 [pool-139-thread-1] INFO  server.RaftServerConfigKeys (ConfUtils.java:logGet(43)) - raft.server.log.queue.byte-limit = 2147483647 (custom)
2019-09-27 17:44:56,695 [pool-179-thread-1] INFO  server.RaftServerConfigKeys (ConfUtils.java:logGet(43)) - raft.server.log.appender.buffer.byte-limit = 33554432 (custom)
2019-09-27 17:44:56,696 [pool-139-thread-1] INFO  server.RaftServerConfigKeys (ConfUtils.java:logGet(43)) - raft.server.log.queue.element-limit = 1024 (custom)
2019-09-27 17:44:56,696 [pool-159-thread-1] INFO  server.RaftServerConfigKeys (ConfUtils.java:logGet(43)) - raft.server.log.appender.buffer.byte-limit = 33554432 (custom)
2019-09-27 17:44:56,696 [pool-139-thread-1] INFO  server.RaftServerConfigKeys (ConfUtils.java:logGet(43)) - raft.server.log.segment.size.max = 1048576 (custom)
2019-09-27 17:44:56,696 [pool-179-thread-1] INFO  server.RaftServerConfigKeys (ConfUtils.java:logGet(43)) - raft.server.log.segment.size.max = 1048576 (custom)
2019-09-27 17:44:56,696 [pool-139-thread-1] INFO  server.RaftServerConfigKeys (ConfUtils.java:logGet(43)) - raft.server.log.preallocated.size = 16384 (custom)
2019-09-27 17:44:56,696 [pool-159-thread-1] INFO  server.RaftServerConfigKeys (ConfUtils.java:logGet(43)) - raft.server.log.segment.size.max = 1048576 (custom)
2019-09-27 17:44:56,697 [pool-139-thread-1] INFO  server.RaftServerConfigKeys (ConfUtils.java:logGet(43)) - raft.server.log.write.buffer.size = 33554432 (custom)
2019-09-27 17:44:56,697 [pool-179-thread-1] INFO  server.RaftServerConfigKeys (ConfUtils.java:logGet(43)) - raft.server.log.segment.cache.num.max = 2 (custom)
2019-09-27 17:44:56,697 [pool-139-thread-1] INFO  server.RaftServerConfigKeys (ConfUtils.java:logGet(43)) - raft.server.log.force.sync.num = 128 (default)
2019-09-27 17:44:56,697 [pool-159-thread-1] INFO  server.RaftServerConfigKeys (ConfUtils.java:logGet(43)) - raft.server.log.segment.cache.num.max = 2 (custom)
2019-09-27 17:44:56,697 [pool-139-thread-1] INFO  server.RaftServerConfigKeys (ConfUtils.java:logGet(43)) - raft.server.log.statemachine.data.sync = true (default)
2019-09-27 17:44:56,697 [pool-179-thread-1] INFO  segmented.SegmentedRaftLogWorker (SegmentedRaftLogWorker.java:<init>(172)) - new 8115872d-0c95-4e59-8e34-d456d7ae9ddb@group-69117FFD6241-SegmentedRaftLogWorker for RaftStorage:Storage Directory /workdir/hadoop-ozone/integration-test/target/test-dir/MiniOzoneClusterImpl-57f6cbf4-6bc8-4248-914c-40957cfe3779/datanode-6/data/ratis/81de177b-8361-4afe-917c-69117ffd6241
2019-09-27 17:44:56,698 [pool-139-thread-1] INFO  server.RaftServerConfigKeys (ConfUtils.java:logGet(43)) - raft.server.log.statemachine.data.sync.timeout = 10s (default)
2019-09-27 17:44:56,698 [pool-159-thread-1] INFO  segmented.SegmentedRaftLogWorker (SegmentedRaftLogWorker.java:<init>(172)) - new 23205af3-9a5e-419b-ac4c-99a3f7ef887f@group-69117FFD6241-SegmentedRaftLogWorker for RaftStorage:Storage Directory /workdir/hadoop-ozone/integration-test/target/test-dir/MiniOzoneClusterImpl-57f6cbf4-6bc8-4248-914c-40957cfe3779/datanode-4/data/ratis/81de177b-8361-4afe-917c-69117ffd6241
2019-09-27 17:44:56,698 [pool-139-thread-1] INFO  server.RaftServerConfigKeys (ConfUtils.java:logGet(43)) - raft.server.log.statemachine.data.sync.timeout.retry = -1 (default)
2019-09-27 17:44:56,698 [pool-179-thread-1] INFO  server.RaftServerConfigKeys (ConfUtils.java:logGet(43)) - raft.server.log.queue.byte-limit = 2147483647 (custom)
2019-09-27 17:44:56,698 [pool-139-thread-1] INFO  server.RaftServerConfigKeys (ConfUtils.java:logGet(43)) - raft.server.log.statemachine.data.caching.enabled = true (custom)
2019-09-27 17:44:56,698 [pool-159-thread-1] INFO  server.RaftServerConfigKeys (ConfUtils.java:logGet(43)) - raft.server.log.queue.byte-limit = 2147483647 (custom)
2019-09-27 17:44:56,698 [pool-179-thread-1] INFO  server.RaftServerConfigKeys (ConfUtils.java:logGet(43)) - raft.server.log.queue.element-limit = 1024 (custom)
2019-09-27 17:44:56,699 [pool-139-thread-1] INFO  segmented.SegmentedRaftLogWorker (SegmentedRaftLogWorker.java:lambda$new$0(132)) - 1aff70a5-6fd7-415c-9c83-4956156a56e6@group-69117FFD6241-SegmentedRaftLogWorker: flushIndex: setUnconditionally 0 -> -1
2019-09-27 17:44:56,699 [pool-159-thread-1] INFO  server.RaftServerConfigKeys (ConfUtils.java:logGet(43)) - raft.server.log.queue.element-limit = 1024 (custom)
2019-09-27 17:44:56,699 [pool-139-thread-1] INFO  server.RaftServerConfigKeys (ConfUtils.java:logGet(43)) - raft.server.snapshot.auto.trigger.enabled = true (custom)
2019-09-27 17:44:56,699 [pool-179-thread-1] INFO  server.RaftServerConfigKeys (ConfUtils.java:logGet(43)) - raft.server.log.segment.size.max = 1048576 (custom)
2019-09-27 17:44:56,699 [pool-139-thread-1] INFO  server.RaftServerConfigKeys (ConfUtils.java:logGet(43)) - raft.server.snapshot.auto.trigger.threshold = 10000 (custom)
2019-09-27 17:44:56,699 [pool-159-thread-1] INFO  server.RaftServerConfigKeys (ConfUtils.java:logGet(43)) - raft.server.log.segment.size.max = 1048576 (custom)
2019-09-27 17:44:56,700 [pool-139-thread-1] INFO  server.RaftServerConfigKeys (ConfUtils.java:logGet(43)) - raft.server.snapshot.retention.num.files = 5 (custom)
2019-09-27 17:44:56,700 [pool-179-thread-1] INFO  server.RaftServerConfigKeys (ConfUtils.java:logGet(43)) - raft.server.log.preallocated.size = 16384 (custom)
2019-09-27 17:44:56,700 [pool-139-thread-1] INFO  server.RaftServerConfigKeys (ConfUtils.java:logGet(43)) - raft.server.retrycache.expirytime = 600000ms (custom)
2019-09-27 17:44:56,700 [pool-159-thread-1] INFO  server.RaftServerConfigKeys (ConfUtils.java:logGet(43)) - raft.server.log.preallocated.size = 16384 (custom)
2019-09-27 17:44:56,700 [pool-179-thread-1] INFO  server.RaftServerConfigKeys (ConfUtils.java:logGet(43)) - raft.server.log.write.buffer.size = 33554432 (custom)
2019-09-27 17:44:56,700 [pool-159-thread-1] INFO  server.RaftServerConfigKeys (ConfUtils.java:logGet(43)) - raft.server.log.write.buffer.size = 33554432 (custom)
2019-09-27 17:44:56,701 [pool-179-thread-1] INFO  server.RaftServerConfigKeys (ConfUtils.java:logGet(43)) - raft.server.log.force.sync.num = 128 (default)
2019-09-27 17:44:56,701 [pool-159-thread-1] INFO  server.RaftServerConfigKeys (ConfUtils.java:logGet(43)) - raft.server.log.force.sync.num = 128 (default)
2019-09-27 17:44:56,701 [pool-179-thread-1] INFO  server.RaftServerConfigKeys (ConfUtils.java:logGet(43)) - raft.server.log.statemachine.data.sync = true (default)
2019-09-27 17:44:56,701 [pool-159-thread-1] INFO  server.RaftServerConfigKeys (ConfUtils.java:logGet(43)) - raft.server.log.statemachine.data.sync = true (default)
2019-09-27 17:44:56,701 [pool-179-thread-1] INFO  server.RaftServerConfigKeys (ConfUtils.java:logGet(43)) - raft.server.log.statemachine.data.sync.timeout = 10s (default)
2019-09-27 17:44:56,701 [pool-159-thread-1] INFO  server.RaftServerConfigKeys (ConfUtils.java:logGet(43)) - raft.server.log.statemachine.data.sync.timeout = 10s (default)
2019-09-27 17:44:56,702 [pool-179-thread-1] INFO  server.RaftServerConfigKeys (ConfUtils.java:logGet(43)) - raft.server.log.statemachine.data.sync.timeout.retry = -1 (default)
2019-09-27 17:44:56,705 [pool-159-thread-1] INFO  server.RaftServerConfigKeys (ConfUtils.java:logGet(43)) - raft.server.log.statemachine.data.sync.timeout.retry = -1 (default)
2019-09-27 17:44:56,705 [pool-179-thread-1] INFO  server.RaftServerConfigKeys (ConfUtils.java:logGet(43)) - raft.server.log.statemachine.data.caching.enabled = true (custom)
2019-09-27 17:44:56,705 [pool-159-thread-1] INFO  server.RaftServerConfigKeys (ConfUtils.java:logGet(43)) - raft.server.log.statemachine.data.caching.enabled = true (custom)
2019-09-27 17:44:56,705 [pool-139-thread-1] INFO  impl.RaftServerImpl (RaftServerImpl.java:start(185)) - 1aff70a5-6fd7-415c-9c83-4956156a56e6@group-69117FFD6241: start as a follower, conf=-1: [1aff70a5-6fd7-415c-9c83-4956156a56e6:192.168.151.105:34775, 23205af3-9a5e-419b-ac4c-99a3f7ef887f:192.168.151.105:39973, 8115872d-0c95-4e59-8e34-d456d7ae9ddb:192.168.151.105:41196], old=null
2019-09-27 17:44:56,706 [pool-179-thread-1] INFO  segmented.SegmentedRaftLogWorker (SegmentedRaftLogWorker.java:lambda$new$0(132)) - 8115872d-0c95-4e59-8e34-d456d7ae9ddb@group-69117FFD6241-SegmentedRaftLogWorker: flushIndex: setUnconditionally 0 -> -1
2019-09-27 17:44:56,706 [pool-159-thread-1] INFO  segmented.SegmentedRaftLogWorker (SegmentedRaftLogWorker.java:lambda$new$0(132)) - 23205af3-9a5e-419b-ac4c-99a3f7ef887f@group-69117FFD6241-SegmentedRaftLogWorker: flushIndex: setUnconditionally 0 -> -1
2019-09-27 17:44:56,706 [pool-139-thread-1] INFO  impl.RaftServerImpl (RaftServerImpl.java:setRole(174)) - 1aff70a5-6fd7-415c-9c83-4956156a56e6@group-69117FFD6241: changes role from      null to FOLLOWER at term 0 for startAsFollower
2019-09-27 17:44:56,706 [pool-179-thread-1] INFO  server.RaftServerConfigKeys (ConfUtils.java:logGet(43)) - raft.server.snapshot.auto.trigger.enabled = true (custom)
2019-09-27 17:44:56,706 [pool-159-thread-1] INFO  server.RaftServerConfigKeys (ConfUtils.java:logGet(43)) - raft.server.snapshot.auto.trigger.enabled = true (custom)
2019-09-27 17:44:56,706 [pool-139-thread-1] INFO  impl.RoleInfo (RoleInfo.java:updateAndGet(143)) - 1aff70a5-6fd7-415c-9c83-4956156a56e6: start FollowerState
2019-09-27 17:44:56,706 [pool-159-thread-1] INFO  server.RaftServerConfigKeys (ConfUtils.java:logGet(43)) - raft.server.snapshot.auto.trigger.threshold = 10000 (custom)
2019-09-27 17:44:56,706 [pool-179-thread-1] INFO  server.RaftServerConfigKeys (ConfUtils.java:logGet(43)) - raft.server.snapshot.auto.trigger.threshold = 10000 (custom)
2019-09-27 17:44:56,707 [pool-139-thread-1] INFO  util.JmxRegister (JmxRegister.java:tryRegister(44)) - Successfully registered JMX Bean with object name Ratis:service=RaftServer,group=group-69117FFD6241,id=1aff70a5-6fd7-415c-9c83-4956156a56e6
2019-09-27 17:44:56,707 [pool-159-thread-1] INFO  server.RaftServerConfigKeys (ConfUtils.java:logGet(43)) - raft.server.snapshot.retention.num.files = 5 (custom)
2019-09-27 17:44:56,707 [pool-179-thread-1] INFO  server.RaftServerConfigKeys (ConfUtils.java:logGet(43)) - raft.server.snapshot.retention.num.files = 5 (custom)
2019-09-27 17:44:56,707 [pool-159-thread-1] INFO  server.RaftServerConfigKeys (ConfUtils.java:logGet(43)) - raft.server.retrycache.expirytime = 600000ms (custom)
2019-09-27 17:44:56,707 [pool-179-thread-1] INFO  server.RaftServerConfigKeys (ConfUtils.java:logGet(43)) - raft.server.retrycache.expirytime = 600000ms (custom)
2019-09-27 17:44:56,714 [pool-159-thread-1] INFO  impl.RaftServerImpl (RaftServerImpl.java:start(185)) - 23205af3-9a5e-419b-ac4c-99a3f7ef887f@group-69117FFD6241: start as a follower, conf=-1: [1aff70a5-6fd7-415c-9c83-4956156a56e6:192.168.151.105:34775, 23205af3-9a5e-419b-ac4c-99a3f7ef887f:192.168.151.105:39973, 8115872d-0c95-4e59-8e34-d456d7ae9ddb:192.168.151.105:41196], old=null
2019-09-27 17:44:56,714 [pool-159-thread-1] INFO  impl.RaftServerImpl (RaftServerImpl.java:setRole(174)) - 23205af3-9a5e-419b-ac4c-99a3f7ef887f@group-69117FFD6241: changes role from      null to FOLLOWER at term 0 for startAsFollower
2019-09-27 17:44:56,714 [pool-159-thread-1] INFO  impl.RoleInfo (RoleInfo.java:updateAndGet(143)) - 23205af3-9a5e-419b-ac4c-99a3f7ef887f: start FollowerState
2019-09-27 17:44:56,715 [pool-179-thread-1] INFO  impl.RaftServerImpl (RaftServerImpl.java:start(185)) - 8115872d-0c95-4e59-8e34-d456d7ae9ddb@group-69117FFD6241: start as a follower, conf=-1: [1aff70a5-6fd7-415c-9c83-4956156a56e6:192.168.151.105:34775, 23205af3-9a5e-419b-ac4c-99a3f7ef887f:192.168.151.105:39973, 8115872d-0c95-4e59-8e34-d456d7ae9ddb:192.168.151.105:41196], old=null
2019-09-27 17:44:56,715 [pool-159-thread-1] INFO  util.JmxRegister (JmxRegister.java:tryRegister(44)) - Successfully registered JMX Bean with object name Ratis:service=RaftServer,group=group-69117FFD6241,id=23205af3-9a5e-419b-ac4c-99a3f7ef887f
2019-09-27 17:44:56,715 [pool-179-thread-1] INFO  impl.RaftServerImpl (RaftServerImpl.java:setRole(174)) - 8115872d-0c95-4e59-8e34-d456d7ae9ddb@group-69117FFD6241: changes role from      null to FOLLOWER at term 0 for startAsFollower
2019-09-27 17:44:56,715 [pool-179-thread-1] INFO  impl.RoleInfo (RoleInfo.java:updateAndGet(143)) - 8115872d-0c95-4e59-8e34-d456d7ae9ddb: start FollowerState
2019-09-27 17:44:56,716 [pool-179-thread-1] INFO  util.JmxRegister (JmxRegister.java:tryRegister(44)) - Successfully registered JMX Bean with object name Ratis:service=RaftServer,group=group-69117FFD6241,id=8115872d-0c95-4e59-8e34-d456d7ae9ddb
2019-09-27 17:44:56,719 [RatisPipelineUtilsThread] INFO  pipeline.PipelineStateManager (PipelineStateManager.java:addPipeline(56)) - Created pipeline Pipeline[ Id: 81de177b-8361-4afe-917c-69117ffd6241, Nodes: 8115872d-0c95-4e59-8e34-d456d7ae9ddb{ip: 192.168.151.105, host: pr-hdds-2181-c2mmz-2857100994, networkLocation: /default-rack, certSerialId: null}1aff70a5-6fd7-415c-9c83-4956156a56e6{ip: 192.168.151.105, host: pr-hdds-2181-c2mmz-2857100994, networkLocation: /default-rack, certSerialId: null}23205af3-9a5e-419b-ac4c-99a3f7ef887f{ip: 192.168.151.105, host: pr-hdds-2181-c2mmz-2857100994, networkLocation: /default-rack, certSerialId: null}, Type:RATIS, Factor:THREE, State:OPEN]
2019-09-27 17:44:57,547 [main] INFO  ozone.MiniOzoneClusterImpl (MiniOzoneClusterImpl.java:lambda$waitForClusterToBeReady$0(147)) - Cluster is ready. Got 7 of 7 DN Heartbeats.
2019-09-27 17:44:57,588 [main] INFO  rpc.RpcClient (RpcClient.java:createVolume(276)) - Creating Volume: testblockoutputstreamwithretries, with jenkins1000 as owner.
2019-09-27 17:44:57,592 [IPC Server handler 2 on 41840] INFO  volume.OMVolumeCreateRequest (OMVolumeCreateRequest.java:validateAndUpdateCache(194)) - created volume:testblockoutputstreamwithretries for user:jenkins1000
2019-09-27 17:44:57,611 [main] INFO  rpc.RpcClient (RpcClient.java:createBucket(415)) - Creating Bucket: testblockoutputstreamwithretries/testblockoutputstreamwithretries, with Versioning false and Storage Type set to DISK and Encryption set to false 
2019-09-27 17:44:59,141 [Thread-695] INFO  container.ReplicationManager (ReplicationManager.java:start(162)) - Starting Replication Monitor Thread.
2019-09-27 17:44:59,145 [ReplicationMonitor] INFO  container.ReplicationManager (ReplicationManager.java:run(225)) - Replication Monitor Thread took 1 milliseconds for processing 3 containers.
2019-09-27 17:45:01,314 [Thread-697] INFO  impl.FollowerState (FollowerState.java:run(106)) - 05cdac53-6c56-4c7c-9e4c-d3c9dc9d18dd:group-852792C98ACA changes to CANDIDATE, lastRpcTime:5103, electionTimeout:5103ms
2019-09-27 17:45:01,315 [Thread-697] INFO  impl.RoleInfo (RoleInfo.java:shutdownFollowerState(121)) - 05cdac53-6c56-4c7c-9e4c-d3c9dc9d18dd: shutdown FollowerState
2019-09-27 17:45:01,315 [Thread-697] INFO  impl.RaftServerImpl (RaftServerImpl.java:setRole(174)) - 05cdac53-6c56-4c7c-9e4c-d3c9dc9d18dd@group-852792C98ACA: changes role from  FOLLOWER to CANDIDATE at term 0 for changeToCandidate
2019-09-27 17:45:01,316 [Thread-697] INFO  impl.RoleInfo (RoleInfo.java:updateAndGet(143)) - 05cdac53-6c56-4c7c-9e4c-d3c9dc9d18dd: start LeaderElection
2019-09-27 17:45:01,339 [05cdac53-6c56-4c7c-9e4c-d3c9dc9d18dd@group-852792C98ACA:LeaderElection17] INFO  impl.LeaderElection (LeaderElection.java:askForVotes(182)) - 05cdac53-6c56-4c7c-9e4c-d3c9dc9d18dd@group-852792C98ACA:LeaderElection17: begin an election at term 1 for -1: [05cdac53-6c56-4c7c-9e4c-d3c9dc9d18dd:192.168.151.105:35802], old=null
2019-09-27 17:45:01,340 [05cdac53-6c56-4c7c-9e4c-d3c9dc9d18dd@group-852792C98ACA:LeaderElection17] INFO  impl.RoleInfo (RoleInfo.java:shutdownLeaderElection(134)) - 05cdac53-6c56-4c7c-9e4c-d3c9dc9d18dd: shutdown LeaderElection
2019-09-27 17:45:01,340 [05cdac53-6c56-4c7c-9e4c-d3c9dc9d18dd@group-852792C98ACA:LeaderElection17] INFO  impl.RaftServerImpl (RaftServerImpl.java:setRole(174)) - 05cdac53-6c56-4c7c-9e4c-d3c9dc9d18dd@group-852792C98ACA: changes role from CANDIDATE to LEADER at term 1 for changeToLeader
2019-09-27 17:45:01,340 [05cdac53-6c56-4c7c-9e4c-d3c9dc9d18dd@group-852792C98ACA:LeaderElection17] INFO  impl.RaftServerImpl (ServerState.java:setLeader(253)) - 05cdac53-6c56-4c7c-9e4c-d3c9dc9d18dd@group-852792C98ACA: change Leader from null to 05cdac53-6c56-4c7c-9e4c-d3c9dc9d18dd at term 1 for becomeLeader, leader elected after 5140ms
2019-09-27 17:45:01,343 [05cdac53-6c56-4c7c-9e4c-d3c9dc9d18dd@group-852792C98ACA:LeaderElection17] INFO  server.RaftServerConfigKeys (ConfUtils.java:logGet(43)) - raft.server.staging.catchup.gap = 1000 (default)
2019-09-27 17:45:01,343 [05cdac53-6c56-4c7c-9e4c-d3c9dc9d18dd@group-852792C98ACA:LeaderElection17] INFO  server.RaftServerConfigKeys (ConfUtils.java:logGet(43)) - raft.server.rpc.sleep.time = 25ms (default)
2019-09-27 17:45:01,343 [05cdac53-6c56-4c7c-9e4c-d3c9dc9d18dd@group-852792C98ACA:LeaderElection17] INFO  server.RaftServerConfigKeys (ConfUtils.java:logGet(43)) - raft.server.write.element-limit = 4096 (default)
2019-09-27 17:45:01,344 [05cdac53-6c56-4c7c-9e4c-d3c9dc9d18dd@group-852792C98ACA:LeaderElection17] INFO  server.RaftServerConfigKeys (ConfUtils.java:logGet(43)) - raft.server.watch.timeout = 10s (default)
2019-09-27 17:45:01,344 [05cdac53-6c56-4c7c-9e4c-d3c9dc9d18dd@group-852792C98ACA:LeaderElection17] INFO  server.RaftServerConfigKeys (ConfUtils.java:logGet(43)) - raft.server.watch.timeout.denomination = 1s (default)
2019-09-27 17:45:01,344 [05cdac53-6c56-4c7c-9e4c-d3c9dc9d18dd@group-852792C98ACA:LeaderElection17] INFO  server.RaftServerConfigKeys (ConfUtils.java:logGet(43)) - raft.server.watch.element-limit = 65536 (default)
2019-09-27 17:45:01,348 [05cdac53-6c56-4c7c-9e4c-d3c9dc9d18dd@group-852792C98ACA:LeaderElection17] INFO  impl.RoleInfo (RoleInfo.java:updateAndGet(143)) - 05cdac53-6c56-4c7c-9e4c-d3c9dc9d18dd: start LeaderState
2019-09-27 17:45:01,349 [05cdac53-6c56-4c7c-9e4c-d3c9dc9d18dd@group-852792C98ACA:LeaderElection17] INFO  segmented.SegmentedRaftLogWorker (SegmentedRaftLogWorker.java:startLogSegment(380)) - 05cdac53-6c56-4c7c-9e4c-d3c9dc9d18dd@group-852792C98ACA-SegmentedRaftLogWorker: Starting segment from index:0
2019-09-27 17:45:01,350 [05cdac53-6c56-4c7c-9e4c-d3c9dc9d18dd@group-852792C98ACA:LeaderElection17] INFO  impl.RaftServerImpl (ServerState.java:setRaftConf(354)) - 05cdac53-6c56-4c7c-9e4c-d3c9dc9d18dd@group-852792C98ACA: set configuration 0: [05cdac53-6c56-4c7c-9e4c-d3c9dc9d18dd:192.168.151.105:35802], old=null at 0
2019-09-27 17:45:01,367 [Thread-700] INFO  impl.FollowerState (FollowerState.java:run(106)) - 9cab922b-4447-4fb1-93d6-6977ac88ca97:group-D27BF0E35532 changes to CANDIDATE, lastRpcTime:5092, electionTimeout:5092ms
2019-09-27 17:45:01,367 [Thread-700] INFO  impl.RoleInfo (RoleInfo.java:shutdownFollowerState(121)) - 9cab922b-4447-4fb1-93d6-6977ac88ca97: shutdown FollowerState
2019-09-27 17:45:01,367 [Thread-700] INFO  impl.RaftServerImpl (RaftServerImpl.java:setRole(174)) - 9cab922b-4447-4fb1-93d6-6977ac88ca97@group-D27BF0E35532: changes role from  FOLLOWER to CANDIDATE at term 0 for changeToCandidate
2019-09-27 17:45:01,367 [Thread-700] INFO  impl.RoleInfo (RoleInfo.java:updateAndGet(143)) - 9cab922b-4447-4fb1-93d6-6977ac88ca97: start LeaderElection
2019-09-27 17:45:01,407 [05cdac53-6c56-4c7c-9e4c-d3c9dc9d18dd@group-852792C98ACA-SegmentedRaftLogWorker] INFO  segmented.SegmentedRaftLogWorker (SegmentedRaftLogWorker.java:execute(569)) - 05cdac53-6c56-4c7c-9e4c-d3c9dc9d18dd@group-852792C98ACA-SegmentedRaftLogWorker: created new log segment /workdir/hadoop-ozone/integration-test/target/test-dir/MiniOzoneClusterImpl-57f6cbf4-6bc8-4248-914c-40957cfe3779/datanode-0/data/ratis/e8a88649-df1d-4901-b445-852792c98aca/current/log_inprogress_0
2019-09-27 17:45:01,421 [9cab922b-4447-4fb1-93d6-6977ac88ca97@group-D27BF0E35532:LeaderElection18] INFO  impl.LeaderElection (LeaderElection.java:askForVotes(182)) - 9cab922b-4447-4fb1-93d6-6977ac88ca97@group-D27BF0E35532:LeaderElection18: begin an election at term 1 for -1: [9cab922b-4447-4fb1-93d6-6977ac88ca97:192.168.151.105:34450], old=null
2019-09-27 17:45:01,421 [9cab922b-4447-4fb1-93d6-6977ac88ca97@group-D27BF0E35532:LeaderElection18] INFO  impl.RoleInfo (RoleInfo.java:shutdownLeaderElection(134)) - 9cab922b-4447-4fb1-93d6-6977ac88ca97: shutdown LeaderElection
2019-09-27 17:45:01,421 [9cab922b-4447-4fb1-93d6-6977ac88ca97@group-D27BF0E35532:LeaderElection18] INFO  impl.RaftServerImpl (RaftServerImpl.java:setRole(174)) - 9cab922b-4447-4fb1-93d6-6977ac88ca97@group-D27BF0E35532: changes role from CANDIDATE to LEADER at term 1 for changeToLeader
2019-09-27 17:45:01,421 [9cab922b-4447-4fb1-93d6-6977ac88ca97@group-D27BF0E35532:LeaderElection18] INFO  impl.RaftServerImpl (ServerState.java:setLeader(253)) - 9cab922b-4447-4fb1-93d6-6977ac88ca97@group-D27BF0E35532: change Leader from null to 9cab922b-4447-4fb1-93d6-6977ac88ca97 at term 1 for becomeLeader, leader elected after 5155ms
2019-09-27 17:45:01,423 [9cab922b-4447-4fb1-93d6-6977ac88ca97@group-D27BF0E35532:LeaderElection18] INFO  server.RaftServerConfigKeys (ConfUtils.java:logGet(43)) - raft.server.staging.catchup.gap = 1000 (default)
2019-09-27 17:45:01,424 [9cab922b-4447-4fb1-93d6-6977ac88ca97@group-D27BF0E35532:LeaderElection18] INFO  server.RaftServerConfigKeys (ConfUtils.java:logGet(43)) - raft.server.rpc.sleep.time = 25ms (default)
2019-09-27 17:45:01,424 [9cab922b-4447-4fb1-93d6-6977ac88ca97@group-D27BF0E35532:LeaderElection18] INFO  server.RaftServerConfigKeys (ConfUtils.java:logGet(43)) - raft.server.write.element-limit = 4096 (default)
2019-09-27 17:45:01,424 [9cab922b-4447-4fb1-93d6-6977ac88ca97@group-D27BF0E35532:LeaderElection18] INFO  server.RaftServerConfigKeys (ConfUtils.java:logGet(43)) - raft.server.watch.timeout = 10s (default)
2019-09-27 17:45:01,424 [9cab922b-4447-4fb1-93d6-6977ac88ca97@group-D27BF0E35532:LeaderElection18] INFO  server.RaftServerConfigKeys (ConfUtils.java:logGet(43)) - raft.server.watch.timeout.denomination = 1s (default)
2019-09-27 17:45:01,424 [9cab922b-4447-4fb1-93d6-6977ac88ca97@group-D27BF0E35532:LeaderElection18] INFO  server.RaftServerConfigKeys (ConfUtils.java:logGet(43)) - raft.server.watch.element-limit = 65536 (default)
2019-09-27 17:45:01,427 [9cab922b-4447-4fb1-93d6-6977ac88ca97@group-D27BF0E35532:LeaderElection18] INFO  impl.RoleInfo (RoleInfo.java:updateAndGet(143)) - 9cab922b-4447-4fb1-93d6-6977ac88ca97: start LeaderState
2019-09-27 17:45:01,428 [9cab922b-4447-4fb1-93d6-6977ac88ca97@group-D27BF0E35532:LeaderElection18] INFO  segmented.SegmentedRaftLogWorker (SegmentedRaftLogWorker.java:startLogSegment(380)) - 9cab922b-4447-4fb1-93d6-6977ac88ca97@group-D27BF0E35532-SegmentedRaftLogWorker: Starting segment from index:0
2019-09-27 17:45:01,428 [9cab922b-4447-4fb1-93d6-6977ac88ca97@group-D27BF0E35532:LeaderElection18] INFO  impl.RaftServerImpl (ServerState.java:setRaftConf(354)) - 9cab922b-4447-4fb1-93d6-6977ac88ca97@group-D27BF0E35532: set configuration 0: [9cab922b-4447-4fb1-93d6-6977ac88ca97:192.168.151.105:34450], old=null at 0
2019-09-27 17:45:01,459 [Thread-706] INFO  impl.FollowerState (FollowerState.java:run(106)) - 4e5d8d87-6fbd-4b84-a744-263dd1cb0377:group-39B06CC0A5D2 changes to CANDIDATE, lastRpcTime:5081, electionTimeout:5049ms
2019-09-27 17:45:01,459 [Thread-706] INFO  impl.RoleInfo (RoleInfo.java:shutdownFollowerState(121)) - 4e5d8d87-6fbd-4b84-a744-263dd1cb0377: shutdown FollowerState
2019-09-27 17:45:01,459 [Thread-706] INFO  impl.RaftServerImpl (RaftServerImpl.java:setRole(174)) - 4e5d8d87-6fbd-4b84-a744-263dd1cb0377@group-39B06CC0A5D2: changes role from  FOLLOWER to CANDIDATE at term 0 for changeToCandidate
2019-09-27 17:45:01,459 [Thread-706] INFO  impl.RoleInfo (RoleInfo.java:updateAndGet(143)) - 4e5d8d87-6fbd-4b84-a744-263dd1cb0377: start LeaderElection
2019-09-27 17:45:01,483 [9cab922b-4447-4fb1-93d6-6977ac88ca97@group-D27BF0E35532-SegmentedRaftLogWorker] INFO  segmented.SegmentedRaftLogWorker (SegmentedRaftLogWorker.java:execute(569)) - 9cab922b-4447-4fb1-93d6-6977ac88ca97@group-D27BF0E35532-SegmentedRaftLogWorker: created new log segment /workdir/hadoop-ozone/integration-test/target/test-dir/MiniOzoneClusterImpl-57f6cbf4-6bc8-4248-914c-40957cfe3779/datanode-1/data/ratis/d4b16418-cb7c-49f2-ac69-d27bf0e35532/current/log_inprogress_0
2019-09-27 17:45:01,483 [4e5d8d87-6fbd-4b84-a744-263dd1cb0377@group-39B06CC0A5D2:LeaderElection19] INFO  impl.LeaderElection (LeaderElection.java:askForVotes(182)) - 4e5d8d87-6fbd-4b84-a744-263dd1cb0377@group-39B06CC0A5D2:LeaderElection19: begin an election at term 1 for -1: [4e5d8d87-6fbd-4b84-a744-263dd1cb0377:192.168.151.105:43485], old=null
2019-09-27 17:45:01,483 [4e5d8d87-6fbd-4b84-a744-263dd1cb0377@group-39B06CC0A5D2:LeaderElection19] INFO  impl.RoleInfo (RoleInfo.java:shutdownLeaderElection(134)) - 4e5d8d87-6fbd-4b84-a744-263dd1cb0377: shutdown LeaderElection
2019-09-27 17:45:01,483 [4e5d8d87-6fbd-4b84-a744-263dd1cb0377@group-39B06CC0A5D2:LeaderElection19] INFO  impl.RaftServerImpl (RaftServerImpl.java:setRole(174)) - 4e5d8d87-6fbd-4b84-a744-263dd1cb0377@group-39B06CC0A5D2: changes role from CANDIDATE to LEADER at term 1 for changeToLeader
2019-09-27 17:45:01,483 [4e5d8d87-6fbd-4b84-a744-263dd1cb0377@group-39B06CC0A5D2:LeaderElection19] INFO  impl.RaftServerImpl (ServerState.java:setLeader(253)) - 4e5d8d87-6fbd-4b84-a744-263dd1cb0377@group-39B06CC0A5D2: change Leader from null to 4e5d8d87-6fbd-4b84-a744-263dd1cb0377 at term 1 for becomeLeader, leader elected after 5113ms
2019-09-27 17:45:01,486 [4e5d8d87-6fbd-4b84-a744-263dd1cb0377@group-39B06CC0A5D2:LeaderElection19] INFO  server.RaftServerConfigKeys (ConfUtils.java:logGet(43)) - raft.server.staging.catchup.gap = 1000 (default)
2019-09-27 17:45:01,486 [4e5d8d87-6fbd-4b84-a744-263dd1cb0377@group-39B06CC0A5D2:LeaderElection19] INFO  server.RaftServerConfigKeys (ConfUtils.java:logGet(43)) - raft.server.rpc.sleep.time = 25ms (default)
2019-09-27 17:45:01,486 [4e5d8d87-6fbd-4b84-a744-263dd1cb0377@group-39B06CC0A5D2:LeaderElection19] INFO  server.RaftServerConfigKeys (ConfUtils.java:logGet(43)) - raft.server.write.element-limit = 4096 (default)
2019-09-27 17:45:01,487 [4e5d8d87-6fbd-4b84-a744-263dd1cb0377@group-39B06CC0A5D2:LeaderElection19] INFO  server.RaftServerConfigKeys (ConfUtils.java:logGet(43)) - raft.server.watch.timeout = 10s (default)
2019-09-27 17:45:01,487 [4e5d8d87-6fbd-4b84-a744-263dd1cb0377@group-39B06CC0A5D2:LeaderElection19] INFO  server.RaftServerConfigKeys (ConfUtils.java:logGet(43)) - raft.server.watch.timeout.denomination = 1s (default)
2019-09-27 17:45:01,487 [4e5d8d87-6fbd-4b84-a744-263dd1cb0377@group-39B06CC0A5D2:LeaderElection19] INFO  server.RaftServerConfigKeys (ConfUtils.java:logGet(43)) - raft.server.watch.element-limit = 65536 (default)
2019-09-27 17:45:01,490 [4e5d8d87-6fbd-4b84-a744-263dd1cb0377@group-39B06CC0A5D2:LeaderElection19] INFO  impl.RoleInfo (RoleInfo.java:updateAndGet(143)) - 4e5d8d87-6fbd-4b84-a744-263dd1cb0377: start LeaderState
2019-09-27 17:45:01,490 [4e5d8d87-6fbd-4b84-a744-263dd1cb0377@group-39B06CC0A5D2:LeaderElection19] INFO  segmented.SegmentedRaftLogWorker (SegmentedRaftLogWorker.java:startLogSegment(380)) - 4e5d8d87-6fbd-4b84-a744-263dd1cb0377@group-39B06CC0A5D2-SegmentedRaftLogWorker: Starting segment from index:0
2019-09-27 17:45:01,491 [4e5d8d87-6fbd-4b84-a744-263dd1cb0377@group-39B06CC0A5D2:LeaderElection19] INFO  impl.RaftServerImpl (ServerState.java:setRaftConf(354)) - 4e5d8d87-6fbd-4b84-a744-263dd1cb0377@group-39B06CC0A5D2: set configuration 0: [4e5d8d87-6fbd-4b84-a744-263dd1cb0377:192.168.151.105:43485], old=null at 0
2019-09-27 17:45:01,525 [Thread-703] INFO  impl.FollowerState (FollowerState.java:run(106)) - 1aff70a5-6fd7-415c-9c83-4956156a56e6:group-BBD62568AB73 changes to CANDIDATE, lastRpcTime:5198, electionTimeout:5198ms
2019-09-27 17:45:01,526 [Thread-703] INFO  impl.RoleInfo (RoleInfo.java:shutdownFollowerState(121)) - 1aff70a5-6fd7-415c-9c83-4956156a56e6: shutdown FollowerState
2019-09-27 17:45:01,526 [Thread-703] INFO  impl.RaftServerImpl (RaftServerImpl.java:setRole(174)) - 1aff70a5-6fd7-415c-9c83-4956156a56e6@group-BBD62568AB73: changes role from  FOLLOWER to CANDIDATE at term 0 for changeToCandidate
2019-09-27 17:45:01,526 [Thread-703] INFO  impl.RoleInfo (RoleInfo.java:updateAndGet(143)) - 1aff70a5-6fd7-415c-9c83-4956156a56e6: start LeaderElection
2019-09-27 17:45:01,542 [Thread-712] INFO  impl.FollowerState (FollowerState.java:run(106)) - 9cab922b-4447-4fb1-93d6-6977ac88ca97:group-ED94514A7227 changes to CANDIDATE, lastRpcTime:5087, electionTimeout:5079ms
2019-09-27 17:45:01,542 [Thread-711] INFO  impl.FollowerState (FollowerState.java:run(106)) - 05cdac53-6c56-4c7c-9e4c-d3c9dc9d18dd:group-ED94514A7227 changes to CANDIDATE, lastRpcTime:5087, electionTimeout:5077ms
2019-09-27 17:45:01,542 [Thread-712] INFO  impl.RoleInfo (RoleInfo.java:shutdownFollowerState(121)) - 9cab922b-4447-4fb1-93d6-6977ac88ca97: shutdown FollowerState
2019-09-27 17:45:01,543 [Thread-711] INFO  impl.RoleInfo (RoleInfo.java:shutdownFollowerState(121)) - 05cdac53-6c56-4c7c-9e4c-d3c9dc9d18dd: shutdown FollowerState
2019-09-27 17:45:01,543 [Thread-712] INFO  impl.RaftServerImpl (RaftServerImpl.java:setRole(174)) - 9cab922b-4447-4fb1-93d6-6977ac88ca97@group-ED94514A7227: changes role from  FOLLOWER to CANDIDATE at term 0 for changeToCandidate
2019-09-27 17:45:01,543 [Thread-711] INFO  impl.RaftServerImpl (RaftServerImpl.java:setRole(174)) - 05cdac53-6c56-4c7c-9e4c-d3c9dc9d18dd@group-ED94514A7227: changes role from  FOLLOWER to CANDIDATE at term 0 for changeToCandidate
2019-09-27 17:45:01,543 [Thread-712] INFO  impl.RoleInfo (RoleInfo.java:updateAndGet(143)) - 9cab922b-4447-4fb1-93d6-6977ac88ca97: start LeaderElection
2019-09-27 17:45:01,543 [Thread-711] INFO  impl.RoleInfo (RoleInfo.java:updateAndGet(143)) - 05cdac53-6c56-4c7c-9e4c-d3c9dc9d18dd: start LeaderElection
2019-09-27 17:45:01,548 [4e5d8d87-6fbd-4b84-a744-263dd1cb0377@group-39B06CC0A5D2-SegmentedRaftLogWorker] INFO  segmented.SegmentedRaftLogWorker (SegmentedRaftLogWorker.java:execute(569)) - 4e5d8d87-6fbd-4b84-a744-263dd1cb0377@group-39B06CC0A5D2-SegmentedRaftLogWorker: created new log segment /workdir/hadoop-ozone/integration-test/target/test-dir/MiniOzoneClusterImpl-57f6cbf4-6bc8-4248-914c-40957cfe3779/datanode-3/data/ratis/a12a2a4a-36db-4031-a22c-39b06cc0a5d2/current/log_inprogress_0
2019-09-27 17:45:01,551 [1aff70a5-6fd7-415c-9c83-4956156a56e6@group-BBD62568AB73:LeaderElection20] INFO  impl.LeaderElection (LeaderElection.java:askForVotes(182)) - 1aff70a5-6fd7-415c-9c83-4956156a56e6@group-BBD62568AB73:LeaderElection20: begin an election at term 1 for -1: [1aff70a5-6fd7-415c-9c83-4956156a56e6:192.168.151.105:34775], old=null
2019-09-27 17:45:01,551 [1aff70a5-6fd7-415c-9c83-4956156a56e6@group-BBD62568AB73:LeaderElection20] INFO  impl.RoleInfo (RoleInfo.java:shutdownLeaderElection(134)) - 1aff70a5-6fd7-415c-9c83-4956156a56e6: shutdown LeaderElection
2019-09-27 17:45:01,551 [1aff70a5-6fd7-415c-9c83-4956156a56e6@group-BBD62568AB73:LeaderElection20] INFO  impl.RaftServerImpl (RaftServerImpl.java:setRole(174)) - 1aff70a5-6fd7-415c-9c83-4956156a56e6@group-BBD62568AB73: changes role from CANDIDATE to LEADER at term 1 for changeToLeader
2019-09-27 17:45:01,552 [1aff70a5-6fd7-415c-9c83-4956156a56e6@group-BBD62568AB73:LeaderElection20] INFO  impl.RaftServerImpl (ServerState.java:setLeader(253)) - 1aff70a5-6fd7-415c-9c83-4956156a56e6@group-BBD62568AB73: change Leader from null to 1aff70a5-6fd7-415c-9c83-4956156a56e6 at term 1 for becomeLeader, leader elected after 5233ms
2019-09-27 17:45:01,554 [1aff70a5-6fd7-415c-9c83-4956156a56e6@group-BBD62568AB73:LeaderElection20] INFO  server.RaftServerConfigKeys (ConfUtils.java:logGet(43)) - raft.server.staging.catchup.gap = 1000 (default)
2019-09-27 17:45:01,554 [1aff70a5-6fd7-415c-9c83-4956156a56e6@group-BBD62568AB73:LeaderElection20] INFO  server.RaftServerConfigKeys (ConfUtils.java:logGet(43)) - raft.server.rpc.sleep.time = 25ms (default)
2019-09-27 17:45:01,554 [1aff70a5-6fd7-415c-9c83-4956156a56e6@group-BBD62568AB73:LeaderElection20] INFO  server.RaftServerConfigKeys (ConfUtils.java:logGet(43)) - raft.server.write.element-limit = 4096 (default)
2019-09-27 17:45:01,555 [1aff70a5-6fd7-415c-9c83-4956156a56e6@group-BBD62568AB73:LeaderElection20] INFO  server.RaftServerConfigKeys (ConfUtils.java:logGet(43)) - raft.server.watch.timeout = 10s (default)
2019-09-27 17:45:01,555 [1aff70a5-6fd7-415c-9c83-4956156a56e6@group-BBD62568AB73:LeaderElection20] INFO  server.RaftServerConfigKeys (ConfUtils.java:logGet(43)) - raft.server.watch.timeout.denomination = 1s (default)
2019-09-27 17:45:01,555 [1aff70a5-6fd7-415c-9c83-4956156a56e6@group-BBD62568AB73:LeaderElection20] INFO  server.RaftServerConfigKeys (ConfUtils.java:logGet(43)) - raft.server.watch.element-limit = 65536 (default)
2019-09-27 17:45:01,558 [1aff70a5-6fd7-415c-9c83-4956156a56e6@group-BBD62568AB73:LeaderElection20] INFO  impl.RoleInfo (RoleInfo.java:updateAndGet(143)) - 1aff70a5-6fd7-415c-9c83-4956156a56e6: start LeaderState
2019-09-27 17:45:01,558 [1aff70a5-6fd7-415c-9c83-4956156a56e6@group-BBD62568AB73:LeaderElection20] INFO  segmented.SegmentedRaftLogWorker (SegmentedRaftLogWorker.java:startLogSegment(380)) - 1aff70a5-6fd7-415c-9c83-4956156a56e6@group-BBD62568AB73-SegmentedRaftLogWorker: Starting segment from index:0
2019-09-27 17:45:01,559 [1aff70a5-6fd7-415c-9c83-4956156a56e6@group-BBD62568AB73:LeaderElection20] INFO  impl.RaftServerImpl (ServerState.java:setRaftConf(354)) - 1aff70a5-6fd7-415c-9c83-4956156a56e6@group-BBD62568AB73: set configuration 0: [1aff70a5-6fd7-415c-9c83-4956156a56e6:192.168.151.105:34775], old=null at 0
2019-09-27 17:45:01,594 [9cab922b-4447-4fb1-93d6-6977ac88ca97@group-ED94514A7227:LeaderElection21] INFO  impl.LeaderElection (LeaderElection.java:askForVotes(182)) - 9cab922b-4447-4fb1-93d6-6977ac88ca97@group-ED94514A7227:LeaderElection21: begin an election at term 1 for -1: [05cdac53-6c56-4c7c-9e4c-d3c9dc9d18dd:192.168.151.105:35802, 9cab922b-4447-4fb1-93d6-6977ac88ca97:192.168.151.105:34450, 4e5d8d87-6fbd-4b84-a744-263dd1cb0377:192.168.151.105:43485], old=null
2019-09-27 17:45:01,597 [Thread-715] INFO  impl.FollowerState (FollowerState.java:run(106)) - 4e5d8d87-6fbd-4b84-a744-263dd1cb0377:group-ED94514A7227 changes to CANDIDATE, lastRpcTime:5140, electionTimeout:5139ms
2019-09-27 17:45:01,597 [1aff70a5-6fd7-415c-9c83-4956156a56e6@group-BBD62568AB73-SegmentedRaftLogWorker] INFO  segmented.SegmentedRaftLogWorker (SegmentedRaftLogWorker.java:execute(569)) - 1aff70a5-6fd7-415c-9c83-4956156a56e6@group-BBD62568AB73-SegmentedRaftLogWorker: created new log segment /workdir/hadoop-ozone/integration-test/target/test-dir/MiniOzoneClusterImpl-57f6cbf4-6bc8-4248-914c-40957cfe3779/datanode-2/data/ratis/1eb29a26-3466-4ff9-9379-bbd62568ab73/current/log_inprogress_0
2019-09-27 17:45:01,593 [05cdac53-6c56-4c7c-9e4c-d3c9dc9d18dd@group-ED94514A7227:LeaderElection22] INFO  impl.LeaderElection (LeaderElection.java:askForVotes(182)) - 05cdac53-6c56-4c7c-9e4c-d3c9dc9d18dd@group-ED94514A7227:LeaderElection22: begin an election at term 1 for -1: [05cdac53-6c56-4c7c-9e4c-d3c9dc9d18dd:192.168.151.105:35802, 9cab922b-4447-4fb1-93d6-6977ac88ca97:192.168.151.105:34450, 4e5d8d87-6fbd-4b84-a744-263dd1cb0377:192.168.151.105:43485], old=null
2019-09-27 17:45:01,593 [Thread-718] INFO  impl.FollowerState (FollowerState.java:run(106)) - 23205af3-9a5e-419b-ac4c-99a3f7ef887f:group-1BDE70BC09BB changes to CANDIDATE, lastRpcTime:5077, electionTimeout:5059ms
2019-09-27 17:45:01,597 [Thread-715] INFO  impl.RoleInfo (RoleInfo.java:shutdownFollowerState(121)) - 4e5d8d87-6fbd-4b84-a744-263dd1cb0377: shutdown FollowerState
2019-09-27 17:45:01,598 [Thread-718] INFO  impl.RoleInfo (RoleInfo.java:shutdownFollowerState(121)) - 23205af3-9a5e-419b-ac4c-99a3f7ef887f: shutdown FollowerState
2019-09-27 17:45:01,598 [Thread-715] INFO  impl.RaftServerImpl (RaftServerImpl.java:setRole(174)) - 4e5d8d87-6fbd-4b84-a744-263dd1cb0377@group-ED94514A7227: changes role from  FOLLOWER to CANDIDATE at term 0 for changeToCandidate
2019-09-27 17:45:01,598 [Thread-718] INFO  impl.RaftServerImpl (RaftServerImpl.java:setRole(174)) - 23205af3-9a5e-419b-ac4c-99a3f7ef887f@group-1BDE70BC09BB: changes role from  FOLLOWER to CANDIDATE at term 0 for changeToCandidate
2019-09-27 17:45:01,598 [Thread-715] INFO  impl.RoleInfo (RoleInfo.java:updateAndGet(143)) - 4e5d8d87-6fbd-4b84-a744-263dd1cb0377: start LeaderElection
2019-09-27 17:45:01,598 [Thread-718] INFO  impl.RoleInfo (RoleInfo.java:updateAndGet(143)) - 23205af3-9a5e-419b-ac4c-99a3f7ef887f: start LeaderElection
2019-09-27 17:45:01,622 [4e5d8d87-6fbd-4b84-a744-263dd1cb0377@group-ED94514A7227:LeaderElection23] INFO  impl.LeaderElection (LeaderElection.java:askForVotes(182)) - 4e5d8d87-6fbd-4b84-a744-263dd1cb0377@group-ED94514A7227:LeaderElection23: begin an election at term 1 for -1: [05cdac53-6c56-4c7c-9e4c-d3c9dc9d18dd:192.168.151.105:35802, 9cab922b-4447-4fb1-93d6-6977ac88ca97:192.168.151.105:34450, 4e5d8d87-6fbd-4b84-a744-263dd1cb0377:192.168.151.105:43485], old=null
2019-09-27 17:45:01,625 [23205af3-9a5e-419b-ac4c-99a3f7ef887f@group-1BDE70BC09BB:LeaderElection24] INFO  impl.LeaderElection (LeaderElection.java:askForVotes(182)) - 23205af3-9a5e-419b-ac4c-99a3f7ef887f@group-1BDE70BC09BB:LeaderElection24: begin an election at term 1 for -1: [23205af3-9a5e-419b-ac4c-99a3f7ef887f:192.168.151.105:39973], old=null
2019-09-27 17:45:01,625 [23205af3-9a5e-419b-ac4c-99a3f7ef887f@group-1BDE70BC09BB:LeaderElection24] INFO  impl.RoleInfo (RoleInfo.java:shutdownLeaderElection(134)) - 23205af3-9a5e-419b-ac4c-99a3f7ef887f: shutdown LeaderElection
2019-09-27 17:45:01,625 [23205af3-9a5e-419b-ac4c-99a3f7ef887f@group-1BDE70BC09BB:LeaderElection24] INFO  impl.RaftServerImpl (RaftServerImpl.java:setRole(174)) - 23205af3-9a5e-419b-ac4c-99a3f7ef887f@group-1BDE70BC09BB: changes role from CANDIDATE to LEADER at term 1 for changeToLeader
2019-09-27 17:45:01,625 [23205af3-9a5e-419b-ac4c-99a3f7ef887f@group-1BDE70BC09BB:LeaderElection24] INFO  impl.RaftServerImpl (ServerState.java:setLeader(253)) - 23205af3-9a5e-419b-ac4c-99a3f7ef887f@group-1BDE70BC09BB: change Leader from null to 23205af3-9a5e-419b-ac4c-99a3f7ef887f at term 1 for becomeLeader, leader elected after 5116ms
2019-09-27 17:45:01,628 [23205af3-9a5e-419b-ac4c-99a3f7ef887f@group-1BDE70BC09BB:LeaderElection24] INFO  server.RaftServerConfigKeys (ConfUtils.java:logGet(43)) - raft.server.staging.catchup.gap = 1000 (default)
2019-09-27 17:45:01,628 [23205af3-9a5e-419b-ac4c-99a3f7ef887f@group-1BDE70BC09BB:LeaderElection24] INFO  server.RaftServerConfigKeys (ConfUtils.java:logGet(43)) - raft.server.rpc.sleep.time = 25ms (default)
2019-09-27 17:45:01,628 [23205af3-9a5e-419b-ac4c-99a3f7ef887f@group-1BDE70BC09BB:LeaderElection24] INFO  server.RaftServerConfigKeys (ConfUtils.java:logGet(43)) - raft.server.write.element-limit = 4096 (default)
2019-09-27 17:45:01,629 [23205af3-9a5e-419b-ac4c-99a3f7ef887f@group-1BDE70BC09BB:LeaderElection24] INFO  server.RaftServerConfigKeys (ConfUtils.java:logGet(43)) - raft.server.watch.timeout = 10s (default)
2019-09-27 17:45:01,629 [9cab922b-4447-4fb1-93d6-6977ac88ca97@group-ED94514A7227:LeaderElection21] INFO  impl.LeaderElection (LeaderElection.java:logAndReturn(56)) - 9cab922b-4447-4fb1-93d6-6977ac88ca97@group-ED94514A7227:LeaderElection21: Election REJECTED; received 2 response(s) [9cab922b-4447-4fb1-93d6-6977ac88ca97<-05cdac53-6c56-4c7c-9e4c-d3c9dc9d18dd#0:FAIL-t1, 9cab922b-4447-4fb1-93d6-6977ac88ca97<-4e5d8d87-6fbd-4b84-a744-263dd1cb0377#0:FAIL-t1] and 0 exception(s); 9cab922b-4447-4fb1-93d6-6977ac88ca97@group-ED94514A7227:t1, leader=null, voted=9cab922b-4447-4fb1-93d6-6977ac88ca97, raftlog=9cab922b-4447-4fb1-93d6-6977ac88ca97@group-ED94514A7227-SegmentedRaftLog:OPENED:c-1,f-1,i0, conf=-1: [05cdac53-6c56-4c7c-9e4c-d3c9dc9d18dd:192.168.151.105:35802, 9cab922b-4447-4fb1-93d6-6977ac88ca97:192.168.151.105:34450, 4e5d8d87-6fbd-4b84-a744-263dd1cb0377:192.168.151.105:43485], old=null
2019-09-27 17:45:01,629 [05cdac53-6c56-4c7c-9e4c-d3c9dc9d18dd@group-ED94514A7227:LeaderElection22] INFO  impl.LeaderElection (LeaderElection.java:logAndReturn(56)) - 05cdac53-6c56-4c7c-9e4c-d3c9dc9d18dd@group-ED94514A7227:LeaderElection22: Election REJECTED; received 2 response(s) [05cdac53-6c56-4c7c-9e4c-d3c9dc9d18dd<-9cab922b-4447-4fb1-93d6-6977ac88ca97#0:FAIL-t1, 05cdac53-6c56-4c7c-9e4c-d3c9dc9d18dd<-4e5d8d87-6fbd-4b84-a744-263dd1cb0377#0:FAIL-t1] and 0 exception(s); 05cdac53-6c56-4c7c-9e4c-d3c9dc9d18dd@group-ED94514A7227:t1, leader=null, voted=05cdac53-6c56-4c7c-9e4c-d3c9dc9d18dd, raftlog=05cdac53-6c56-4c7c-9e4c-d3c9dc9d18dd@group-ED94514A7227-SegmentedRaftLog:OPENED:c-1,f-1,i0, conf=-1: [05cdac53-6c56-4c7c-9e4c-d3c9dc9d18dd:192.168.151.105:35802, 9cab922b-4447-4fb1-93d6-6977ac88ca97:192.168.151.105:34450, 4e5d8d87-6fbd-4b84-a744-263dd1cb0377:192.168.151.105:43485], old=null
2019-09-27 17:45:01,629 [23205af3-9a5e-419b-ac4c-99a3f7ef887f@group-1BDE70BC09BB:LeaderElection24] INFO  server.RaftServerConfigKeys (ConfUtils.java:logGet(43)) - raft.server.watch.timeout.denomination = 1s (default)
2019-09-27 17:45:01,632 [05cdac53-6c56-4c7c-9e4c-d3c9dc9d18dd@group-ED94514A7227:LeaderElection22] INFO  impl.RaftServerImpl (RaftServerImpl.java:setRole(174)) - 05cdac53-6c56-4c7c-9e4c-d3c9dc9d18dd@group-ED94514A7227: changes role from CANDIDATE to FOLLOWER at term 1 for DISCOVERED_A_NEW_TERM
2019-09-27 17:45:01,629 [9cab922b-4447-4fb1-93d6-6977ac88ca97@group-ED94514A7227:LeaderElection21] INFO  impl.RaftServerImpl (RaftServerImpl.java:setRole(174)) - 9cab922b-4447-4fb1-93d6-6977ac88ca97@group-ED94514A7227: changes role from CANDIDATE to FOLLOWER at term 1 for DISCOVERED_A_NEW_TERM
2019-09-27 17:45:01,634 [9cab922b-4447-4fb1-93d6-6977ac88ca97@group-ED94514A7227:LeaderElection21] INFO  impl.RoleInfo (RoleInfo.java:shutdownLeaderElection(134)) - 9cab922b-4447-4fb1-93d6-6977ac88ca97: shutdown LeaderElection
2019-09-27 17:45:01,634 [05cdac53-6c56-4c7c-9e4c-d3c9dc9d18dd@group-ED94514A7227:LeaderElection22] INFO  impl.RoleInfo (RoleInfo.java:shutdownLeaderElection(134)) - 05cdac53-6c56-4c7c-9e4c-d3c9dc9d18dd: shutdown LeaderElection
2019-09-27 17:45:01,632 [23205af3-9a5e-419b-ac4c-99a3f7ef887f@group-1BDE70BC09BB:LeaderElection24] INFO  server.RaftServerConfigKeys (ConfUtils.java:logGet(43)) - raft.server.watch.element-limit = 65536 (default)
2019-09-27 17:45:01,635 [05cdac53-6c56-4c7c-9e4c-d3c9dc9d18dd@group-ED94514A7227:LeaderElection22] INFO  impl.RoleInfo (RoleInfo.java:updateAndGet(143)) - 05cdac53-6c56-4c7c-9e4c-d3c9dc9d18dd: start FollowerState
2019-09-27 17:45:01,634 [9cab922b-4447-4fb1-93d6-6977ac88ca97@group-ED94514A7227:LeaderElection21] INFO  impl.RoleInfo (RoleInfo.java:updateAndGet(143)) - 9cab922b-4447-4fb1-93d6-6977ac88ca97: start FollowerState
2019-09-27 17:45:01,637 [23205af3-9a5e-419b-ac4c-99a3f7ef887f@group-1BDE70BC09BB:LeaderElection24] INFO  impl.RoleInfo (RoleInfo.java:updateAndGet(143)) - 23205af3-9a5e-419b-ac4c-99a3f7ef887f: start LeaderState
2019-09-27 17:45:01,637 [23205af3-9a5e-419b-ac4c-99a3f7ef887f@group-1BDE70BC09BB:LeaderElection24] INFO  segmented.SegmentedRaftLogWorker (SegmentedRaftLogWorker.java:startLogSegment(380)) - 23205af3-9a5e-419b-ac4c-99a3f7ef887f@group-1BDE70BC09BB-SegmentedRaftLogWorker: Starting segment from index:0
2019-09-27 17:45:01,638 [23205af3-9a5e-419b-ac4c-99a3f7ef887f@group-1BDE70BC09BB:LeaderElection24] INFO  impl.RaftServerImpl (ServerState.java:setRaftConf(354)) - 23205af3-9a5e-419b-ac4c-99a3f7ef887f@group-1BDE70BC09BB: set configuration 0: [23205af3-9a5e-419b-ac4c-99a3f7ef887f:192.168.151.105:39973], old=null at 0
2019-09-27 17:45:01,641 [4e5d8d87-6fbd-4b84-a744-263dd1cb0377@group-ED94514A7227:LeaderElection23] INFO  impl.LeaderElection (LeaderElection.java:logAndReturn(56)) - 4e5d8d87-6fbd-4b84-a744-263dd1cb0377@group-ED94514A7227:LeaderElection23: Election REJECTED; received 2 response(s) [4e5d8d87-6fbd-4b84-a744-263dd1cb0377<-05cdac53-6c56-4c7c-9e4c-d3c9dc9d18dd#0:FAIL-t1, 4e5d8d87-6fbd-4b84-a744-263dd1cb0377<-9cab922b-4447-4fb1-93d6-6977ac88ca97#0:FAIL-t1] and 0 exception(s); 4e5d8d87-6fbd-4b84-a744-263dd1cb0377@group-ED94514A7227:t1, leader=null, voted=4e5d8d87-6fbd-4b84-a744-263dd1cb0377, raftlog=4e5d8d87-6fbd-4b84-a744-263dd1cb0377@group-ED94514A7227-SegmentedRaftLog:OPENED:c-1,f-1,i0, conf=-1: [05cdac53-6c56-4c7c-9e4c-d3c9dc9d18dd:192.168.151.105:35802, 9cab922b-4447-4fb1-93d6-6977ac88ca97:192.168.151.105:34450, 4e5d8d87-6fbd-4b84-a744-263dd1cb0377:192.168.151.105:43485], old=null
2019-09-27 17:45:01,641 [4e5d8d87-6fbd-4b84-a744-263dd1cb0377@group-ED94514A7227:LeaderElection23] INFO  impl.RaftServerImpl (RaftServerImpl.java:setRole(174)) - 4e5d8d87-6fbd-4b84-a744-263dd1cb0377@group-ED94514A7227: changes role from CANDIDATE to FOLLOWER at term 1 for DISCOVERED_A_NEW_TERM
2019-09-27 17:45:01,641 [4e5d8d87-6fbd-4b84-a744-263dd1cb0377@group-ED94514A7227:LeaderElection23] INFO  impl.RoleInfo (RoleInfo.java:shutdownLeaderElection(134)) - 4e5d8d87-6fbd-4b84-a744-263dd1cb0377: shutdown LeaderElection
2019-09-27 17:45:01,641 [4e5d8d87-6fbd-4b84-a744-263dd1cb0377@group-ED94514A7227:LeaderElection23] INFO  impl.RoleInfo (RoleInfo.java:updateAndGet(143)) - 4e5d8d87-6fbd-4b84-a744-263dd1cb0377: start FollowerState
2019-09-27 17:45:01,702 [23205af3-9a5e-419b-ac4c-99a3f7ef887f@group-1BDE70BC09BB-SegmentedRaftLogWorker] INFO  segmented.SegmentedRaftLogWorker (SegmentedRaftLogWorker.java:execute(569)) - 23205af3-9a5e-419b-ac4c-99a3f7ef887f@group-1BDE70BC09BB-SegmentedRaftLogWorker: created new log segment /workdir/hadoop-ozone/integration-test/target/test-dir/MiniOzoneClusterImpl-57f6cbf4-6bc8-4248-914c-40957cfe3779/datanode-4/data/ratis/91860cba-f1ba-4ce4-8107-1bde70bc09bb/current/log_inprogress_0
2019-09-27 17:45:01,707 [Thread-721] INFO  impl.FollowerState (FollowerState.java:run(106)) - 492843b5-ab2c-4cb8-846e-c2fadfa97c1e:group-164F49015ED0 changes to CANDIDATE, lastRpcTime:5141, electionTimeout:5141ms
2019-09-27 17:45:01,708 [Thread-721] INFO  impl.RoleInfo (RoleInfo.java:shutdownFollowerState(121)) - 492843b5-ab2c-4cb8-846e-c2fadfa97c1e: shutdown FollowerState
2019-09-27 17:45:01,708 [Thread-721] INFO  impl.RaftServerImpl (RaftServerImpl.java:setRole(174)) - 492843b5-ab2c-4cb8-846e-c2fadfa97c1e@group-164F49015ED0: changes role from  FOLLOWER to CANDIDATE at term 0 for changeToCandidate
2019-09-27 17:45:01,708 [Thread-721] INFO  impl.RoleInfo (RoleInfo.java:updateAndGet(143)) - 492843b5-ab2c-4cb8-846e-c2fadfa97c1e: start LeaderElection
2019-09-27 17:45:01,717 [Thread-732] INFO  impl.FollowerState (FollowerState.java:run(106)) - 8115872d-0c95-4e59-8e34-d456d7ae9ddb:group-69117FFD6241 changes to CANDIDATE, lastRpcTime:5001, electionTimeout:5001ms
2019-09-27 17:45:01,717 [Thread-732] INFO  impl.RoleInfo (RoleInfo.java:shutdownFollowerState(121)) - 8115872d-0c95-4e59-8e34-d456d7ae9ddb: shutdown FollowerState
2019-09-27 17:45:01,718 [Thread-732] INFO  impl.RaftServerImpl (RaftServerImpl.java:setRole(174)) - 8115872d-0c95-4e59-8e34-d456d7ae9ddb@group-69117FFD6241: changes role from  FOLLOWER to CANDIDATE at term 0 for changeToCandidate
2019-09-27 17:45:01,718 [Thread-732] INFO  impl.RoleInfo (RoleInfo.java:updateAndGet(143)) - 8115872d-0c95-4e59-8e34-d456d7ae9ddb: start LeaderElection
2019-09-27 17:45:01,723 [492843b5-ab2c-4cb8-846e-c2fadfa97c1e@group-164F49015ED0:LeaderElection25] INFO  impl.LeaderElection (LeaderElection.java:askForVotes(182)) - 492843b5-ab2c-4cb8-846e-c2fadfa97c1e@group-164F49015ED0:LeaderElection25: begin an election at term 1 for -1: [492843b5-ab2c-4cb8-846e-c2fadfa97c1e:192.168.151.105:35030], old=null
2019-09-27 17:45:01,723 [492843b5-ab2c-4cb8-846e-c2fadfa97c1e@group-164F49015ED0:LeaderElection25] INFO  impl.RoleInfo (RoleInfo.java:shutdownLeaderElection(134)) - 492843b5-ab2c-4cb8-846e-c2fadfa97c1e: shutdown LeaderElection
2019-09-27 17:45:01,723 [492843b5-ab2c-4cb8-846e-c2fadfa97c1e@group-164F49015ED0:LeaderElection25] INFO  impl.RaftServerImpl (RaftServerImpl.java:setRole(174)) - 492843b5-ab2c-4cb8-846e-c2fadfa97c1e@group-164F49015ED0: changes role from CANDIDATE to LEADER at term 1 for changeToLeader
2019-09-27 17:45:01,723 [492843b5-ab2c-4cb8-846e-c2fadfa97c1e@group-164F49015ED0:LeaderElection25] INFO  impl.RaftServerImpl (ServerState.java:setLeader(253)) - 492843b5-ab2c-4cb8-846e-c2fadfa97c1e@group-164F49015ED0: change Leader from null to 492843b5-ab2c-4cb8-846e-c2fadfa97c1e at term 1 for becomeLeader, leader elected after 5164ms
2019-09-27 17:45:01,726 [492843b5-ab2c-4cb8-846e-c2fadfa97c1e@group-164F49015ED0:LeaderElection25] INFO  server.RaftServerConfigKeys (ConfUtils.java:logGet(43)) - raft.server.staging.catchup.gap = 1000 (default)
2019-09-27 17:45:01,726 [492843b5-ab2c-4cb8-846e-c2fadfa97c1e@group-164F49015ED0:LeaderElection25] INFO  server.RaftServerConfigKeys (ConfUtils.java:logGet(43)) - raft.server.rpc.sleep.time = 25ms (default)
2019-09-27 17:45:01,726 [492843b5-ab2c-4cb8-846e-c2fadfa97c1e@group-164F49015ED0:LeaderElection25] INFO  server.RaftServerConfigKeys (ConfUtils.java:logGet(43)) - raft.server.write.element-limit = 4096 (default)
2019-09-27 17:45:01,726 [492843b5-ab2c-4cb8-846e-c2fadfa97c1e@group-164F49015ED0:LeaderElection25] INFO  server.RaftServerConfigKeys (ConfUtils.java:logGet(43)) - raft.server.watch.timeout = 10s (default)
2019-09-27 17:45:01,727 [492843b5-ab2c-4cb8-846e-c2fadfa97c1e@group-164F49015ED0:LeaderElection25] INFO  server.RaftServerConfigKeys (ConfUtils.java:logGet(43)) - raft.server.watch.timeout.denomination = 1s (default)
2019-09-27 17:45:01,727 [492843b5-ab2c-4cb8-846e-c2fadfa97c1e@group-164F49015ED0:LeaderElection25] INFO  server.RaftServerConfigKeys (ConfUtils.java:logGet(43)) - raft.server.watch.element-limit = 65536 (default)
2019-09-27 17:45:01,729 [492843b5-ab2c-4cb8-846e-c2fadfa97c1e@group-164F49015ED0:LeaderElection25] INFO  impl.RoleInfo (RoleInfo.java:updateAndGet(143)) - 492843b5-ab2c-4cb8-846e-c2fadfa97c1e: start LeaderState
2019-09-27 17:45:01,730 [492843b5-ab2c-4cb8-846e-c2fadfa97c1e@group-164F49015ED0:LeaderElection25] INFO  segmented.SegmentedRaftLogWorker (SegmentedRaftLogWorker.java:startLogSegment(380)) - 492843b5-ab2c-4cb8-846e-c2fadfa97c1e@group-164F49015ED0-SegmentedRaftLogWorker: Starting segment from index:0
2019-09-27 17:45:01,730 [492843b5-ab2c-4cb8-846e-c2fadfa97c1e@group-164F49015ED0:LeaderElection25] INFO  impl.RaftServerImpl (ServerState.java:setRaftConf(354)) - 492843b5-ab2c-4cb8-846e-c2fadfa97c1e@group-164F49015ED0: set configuration 0: [492843b5-ab2c-4cb8-846e-c2fadfa97c1e:192.168.151.105:35030], old=null at 0
2019-09-27 17:45:01,757 [8115872d-0c95-4e59-8e34-d456d7ae9ddb@group-69117FFD6241:LeaderElection26] INFO  impl.LeaderElection (LeaderElection.java:askForVotes(182)) - 8115872d-0c95-4e59-8e34-d456d7ae9ddb@group-69117FFD6241:LeaderElection26: begin an election at term 1 for -1: [1aff70a5-6fd7-415c-9c83-4956156a56e6:192.168.151.105:34775, 23205af3-9a5e-419b-ac4c-99a3f7ef887f:192.168.151.105:39973, 8115872d-0c95-4e59-8e34-d456d7ae9ddb:192.168.151.105:41196], old=null
2019-09-27 17:45:01,765 [grpc-default-executor-4] INFO  impl.RaftServerImpl (RaftServerImpl.java:setRole(174)) - 23205af3-9a5e-419b-ac4c-99a3f7ef887f@group-69117FFD6241: changes role from  FOLLOWER to FOLLOWER at term 1 for recognizeCandidate:8115872d-0c95-4e59-8e34-d456d7ae9ddb
2019-09-27 17:45:01,765 [grpc-default-executor-1] INFO  impl.RaftServerImpl (RaftServerImpl.java:setRole(174)) - 1aff70a5-6fd7-415c-9c83-4956156a56e6@group-69117FFD6241: changes role from  FOLLOWER to FOLLOWER at term 1 for recognizeCandidate:8115872d-0c95-4e59-8e34-d456d7ae9ddb
2019-09-27 17:45:01,769 [grpc-default-executor-4] INFO  impl.RoleInfo (RoleInfo.java:shutdownFollowerState(121)) - 23205af3-9a5e-419b-ac4c-99a3f7ef887f: shutdown FollowerState
2019-09-27 17:45:01,769 [grpc-default-executor-1] INFO  impl.RoleInfo (RoleInfo.java:shutdownFollowerState(121)) - 1aff70a5-6fd7-415c-9c83-4956156a56e6: shutdown FollowerState
2019-09-27 17:45:01,770 [grpc-default-executor-4] INFO  impl.RoleInfo (RoleInfo.java:updateAndGet(143)) - 23205af3-9a5e-419b-ac4c-99a3f7ef887f: start FollowerState
2019-09-27 17:45:01,770 [grpc-default-executor-1] INFO  impl.RoleInfo (RoleInfo.java:updateAndGet(143)) - 1aff70a5-6fd7-415c-9c83-4956156a56e6: start FollowerState
2019-09-27 17:45:01,770 [Thread-731] INFO  impl.FollowerState (FollowerState.java:run(115)) - 23205af3-9a5e-419b-ac4c-99a3f7ef887f: FollowerState was interrupted: java.lang.InterruptedException: sleep interrupted
2019-09-27 17:45:01,779 [Thread-724] INFO  impl.FollowerState (FollowerState.java:run(106)) - 8115872d-0c95-4e59-8e34-d456d7ae9ddb:group-6D123396A5C6 changes to CANDIDATE, lastRpcTime:5156, electionTimeout:5155ms
2019-09-27 17:45:01,780 [Thread-724] INFO  impl.RoleInfo (RoleInfo.java:shutdownFollowerState(121)) - 8115872d-0c95-4e59-8e34-d456d7ae9ddb: shutdown FollowerState
2019-09-27 17:45:01,780 [Thread-724] INFO  impl.RaftServerImpl (RaftServerImpl.java:setRole(174)) - 8115872d-0c95-4e59-8e34-d456d7ae9ddb@group-6D123396A5C6: changes role from  FOLLOWER to CANDIDATE at term 0 for changeToCandidate
2019-09-27 17:45:01,781 [492843b5-ab2c-4cb8-846e-c2fadfa97c1e@group-164F49015ED0-SegmentedRaftLogWorker] INFO  segmented.SegmentedRaftLogWorker (SegmentedRaftLogWorker.java:execute(569)) - 492843b5-ab2c-4cb8-846e-c2fadfa97c1e@group-164F49015ED0-SegmentedRaftLogWorker: created new log segment /workdir/hadoop-ozone/integration-test/target/test-dir/MiniOzoneClusterImpl-57f6cbf4-6bc8-4248-914c-40957cfe3779/datanode-5/data/ratis/95726e64-db8f-4004-bbf6-164f49015ed0/current/log_inprogress_0
2019-09-27 17:45:01,781 [Thread-724] INFO  impl.RoleInfo (RoleInfo.java:updateAndGet(143)) - 8115872d-0c95-4e59-8e34-d456d7ae9ddb: start LeaderElection
2019-09-27 17:45:01,806 [8115872d-0c95-4e59-8e34-d456d7ae9ddb@group-6D123396A5C6:LeaderElection27] INFO  impl.LeaderElection (LeaderElection.java:askForVotes(182)) - 8115872d-0c95-4e59-8e34-d456d7ae9ddb@group-6D123396A5C6:LeaderElection27: begin an election at term 1 for -1: [8115872d-0c95-4e59-8e34-d456d7ae9ddb:192.168.151.105:41196], old=null
2019-09-27 17:45:01,806 [8115872d-0c95-4e59-8e34-d456d7ae9ddb@group-6D123396A5C6:LeaderElection27] INFO  impl.RoleInfo (RoleInfo.java:shutdownLeaderElection(134)) - 8115872d-0c95-4e59-8e34-d456d7ae9ddb: shutdown LeaderElection
2019-09-27 17:45:01,806 [8115872d-0c95-4e59-8e34-d456d7ae9ddb@group-6D123396A5C6:LeaderElection27] INFO  impl.RaftServerImpl (RaftServerImpl.java:setRole(174)) - 8115872d-0c95-4e59-8e34-d456d7ae9ddb@group-6D123396A5C6: changes role from CANDIDATE to LEADER at term 1 for changeToLeader
2019-09-27 17:45:01,806 [8115872d-0c95-4e59-8e34-d456d7ae9ddb@group-6D123396A5C6:LeaderElection27] INFO  impl.RaftServerImpl (ServerState.java:setLeader(253)) - 8115872d-0c95-4e59-8e34-d456d7ae9ddb@group-6D123396A5C6: change Leader from null to 8115872d-0c95-4e59-8e34-d456d7ae9ddb at term 1 for becomeLeader, leader elected after 5190ms
2019-09-27 17:45:01,813 [8115872d-0c95-4e59-8e34-d456d7ae9ddb@group-6D123396A5C6:LeaderElection27] INFO  server.RaftServerConfigKeys (ConfUtils.java:logGet(43)) - raft.server.staging.catchup.gap = 1000 (default)
2019-09-27 17:45:01,813 [8115872d-0c95-4e59-8e34-d456d7ae9ddb@group-6D123396A5C6:LeaderElection27] INFO  server.RaftServerConfigKeys (ConfUtils.java:logGet(43)) - raft.server.rpc.sleep.time = 25ms (default)
2019-09-27 17:45:01,813 [8115872d-0c95-4e59-8e34-d456d7ae9ddb@group-6D123396A5C6:LeaderElection27] INFO  server.RaftServerConfigKeys (ConfUtils.java:logGet(43)) - raft.server.write.element-limit = 4096 (default)
2019-09-27 17:45:01,813 [8115872d-0c95-4e59-8e34-d456d7ae9ddb@group-6D123396A5C6:LeaderElection27] INFO  server.RaftServerConfigKeys (ConfUtils.java:logGet(43)) - raft.server.watch.timeout = 10s (default)
2019-09-27 17:45:01,814 [8115872d-0c95-4e59-8e34-d456d7ae9ddb@group-69117FFD6241:LeaderElection26] INFO  impl.LeaderElection (LeaderElection.java:logAndReturn(56)) - 8115872d-0c95-4e59-8e34-d456d7ae9ddb@group-69117FFD6241:LeaderElection26: Election PASSED; received 1 response(s) [8115872d-0c95-4e59-8e34-d456d7ae9ddb<-23205af3-9a5e-419b-ac4c-99a3f7ef887f#0:OK-t1] and 0 exception(s); 8115872d-0c95-4e59-8e34-d456d7ae9ddb@group-69117FFD6241:t1, leader=null, voted=8115872d-0c95-4e59-8e34-d456d7ae9ddb, raftlog=8115872d-0c95-4e59-8e34-d456d7ae9ddb@group-69117FFD6241-SegmentedRaftLog:OPENED:c-1,f-1,i0, conf=-1: [1aff70a5-6fd7-415c-9c83-4956156a56e6:192.168.151.105:34775, 23205af3-9a5e-419b-ac4c-99a3f7ef887f:192.168.151.105:39973, 8115872d-0c95-4e59-8e34-d456d7ae9ddb:192.168.151.105:41196], old=null
2019-09-27 17:45:01,814 [8115872d-0c95-4e59-8e34-d456d7ae9ddb@group-6D123396A5C6:LeaderElection27] INFO  server.RaftServerConfigKeys (ConfUtils.java:logGet(43)) - raft.server.watch.timeout.denomination = 1s (default)
2019-09-27 17:45:01,814 [8115872d-0c95-4e59-8e34-d456d7ae9ddb@group-69117FFD6241:LeaderElection26] INFO  impl.RoleInfo (RoleInfo.java:shutdownLeaderElection(134)) - 8115872d-0c95-4e59-8e34-d456d7ae9ddb: shutdown LeaderElection
2019-09-27 17:45:01,814 [8115872d-0c95-4e59-8e34-d456d7ae9ddb@group-6D123396A5C6:LeaderElection27] INFO  server.RaftServerConfigKeys (ConfUtils.java:logGet(43)) - raft.server.watch.element-limit = 65536 (default)
2019-09-27 17:45:01,816 [8115872d-0c95-4e59-8e34-d456d7ae9ddb@group-69117FFD6241:LeaderElection26] INFO  impl.RaftServerImpl (RaftServerImpl.java:setRole(174)) - 8115872d-0c95-4e59-8e34-d456d7ae9ddb@group-69117FFD6241: changes role from CANDIDATE to LEADER at term 1 for changeToLeader
2019-09-27 17:45:01,816 [8115872d-0c95-4e59-8e34-d456d7ae9ddb@group-69117FFD6241:LeaderElection26] INFO  impl.RaftServerImpl (ServerState.java:setLeader(253)) - 8115872d-0c95-4e59-8e34-d456d7ae9ddb@group-69117FFD6241: change Leader from null to 8115872d-0c95-4e59-8e34-d456d7ae9ddb at term 1 for becomeLeader, leader elected after 5122ms
2019-09-27 17:45:01,816 [8115872d-0c95-4e59-8e34-d456d7ae9ddb@group-69117FFD6241:LeaderElection26] INFO  server.RaftServerConfigKeys (ConfUtils.java:logGet(43)) - raft.server.staging.catchup.gap = 1000 (default)
2019-09-27 17:45:01,816 [8115872d-0c95-4e59-8e34-d456d7ae9ddb@group-69117FFD6241:LeaderElection26] INFO  server.RaftServerConfigKeys (ConfUtils.java:logGet(43)) - raft.server.rpc.sleep.time = 25ms (default)
2019-09-27 17:45:01,816 [8115872d-0c95-4e59-8e34-d456d7ae9ddb@group-69117FFD6241:LeaderElection26] INFO  server.RaftServerConfigKeys (ConfUtils.java:logGet(43)) - raft.server.write.element-limit = 4096 (default)
2019-09-27 17:45:01,817 [8115872d-0c95-4e59-8e34-d456d7ae9ddb@group-69117FFD6241:LeaderElection26] INFO  server.RaftServerConfigKeys (ConfUtils.java:logGet(43)) - raft.server.watch.timeout = 10s (default)
2019-09-27 17:45:01,817 [8115872d-0c95-4e59-8e34-d456d7ae9ddb@group-69117FFD6241:LeaderElection26] INFO  server.RaftServerConfigKeys (ConfUtils.java:logGet(43)) - raft.server.watch.timeout.denomination = 1s (default)
2019-09-27 17:45:01,817 [8115872d-0c95-4e59-8e34-d456d7ae9ddb@group-69117FFD6241:LeaderElection26] INFO  server.RaftServerConfigKeys (ConfUtils.java:logGet(43)) - raft.server.watch.element-limit = 65536 (default)
2019-09-27 17:45:01,819 [8115872d-0c95-4e59-8e34-d456d7ae9ddb@group-6D123396A5C6:LeaderElection27] INFO  impl.RoleInfo (RoleInfo.java:updateAndGet(143)) - 8115872d-0c95-4e59-8e34-d456d7ae9ddb: start LeaderState
2019-09-27 17:45:01,819 [8115872d-0c95-4e59-8e34-d456d7ae9ddb@group-6D123396A5C6:LeaderElection27] INFO  segmented.SegmentedRaftLogWorker (SegmentedRaftLogWorker.java:startLogSegment(380)) - 8115872d-0c95-4e59-8e34-d456d7ae9ddb@group-6D123396A5C6-SegmentedRaftLogWorker: Starting segment from index:0
2019-09-27 17:45:01,819 [8115872d-0c95-4e59-8e34-d456d7ae9ddb@group-6D123396A5C6:LeaderElection27] INFO  impl.RaftServerImpl (ServerState.java:setRaftConf(354)) - 8115872d-0c95-4e59-8e34-d456d7ae9ddb@group-6D123396A5C6: set configuration 0: [8115872d-0c95-4e59-8e34-d456d7ae9ddb:192.168.151.105:41196], old=null at 0
2019-09-27 17:45:01,860 [8115872d-0c95-4e59-8e34-d456d7ae9ddb@group-69117FFD6241:LeaderElection26] INFO  server.RaftServerConfigKeys (ConfUtils.java:logGet(43)) - raft.server.log.appender.snapshot.chunk.size.max = 16MB (=16777216) (default)
2019-09-27 17:45:01,860 [8115872d-0c95-4e59-8e34-d456d7ae9ddb@group-69117FFD6241:LeaderElection26] INFO  server.RaftServerConfigKeys (ConfUtils.java:logGet(43)) - raft.server.log.appender.buffer.byte-limit = 33554432 (custom)
2019-09-27 17:45:01,860 [8115872d-0c95-4e59-8e34-d456d7ae9ddb@group-69117FFD6241:LeaderElection26] INFO  server.RaftServerConfigKeys (ConfUtils.java:logGet(43)) - raft.server.log.appender.buffer.element-limit = 1 (custom)
2019-09-27 17:45:01,861 [8115872d-0c95-4e59-8e34-d456d7ae9ddb@group-69117FFD6241:LeaderElection26] INFO  grpc.GrpcConfigKeys$Server (ConfUtils.java:logGet(43)) - raft.grpc.server.leader.outstanding.appends.max = 128 (default)
2019-09-27 17:45:01,861 [8115872d-0c95-4e59-8e34-d456d7ae9ddb@group-69117FFD6241:LeaderElection26] INFO  server.RaftServerConfigKeys (ConfUtils.java:logGet(43)) - raft.server.rpc.request.timeout = 3000ms (default)
2019-09-27 17:45:01,861 [8115872d-0c95-4e59-8e34-d456d7ae9ddb@group-69117FFD6241:LeaderElection26] INFO  server.RaftServerConfigKeys (ConfUtils.java:logGet(43)) - raft.server.log.appender.install.snapshot.enabled = false (custom)
2019-09-27 17:45:01,862 [8115872d-0c95-4e59-8e34-d456d7ae9ddb@group-69117FFD6241:LeaderElection26] INFO  server.RaftServerConfigKeys (ConfUtils.java:logGet(43)) - raft.server.log.appender.snapshot.chunk.size.max = 16MB (=16777216) (default)
2019-09-27 17:45:01,862 [8115872d-0c95-4e59-8e34-d456d7ae9ddb@group-69117FFD6241:LeaderElection26] INFO  server.RaftServerConfigKeys (ConfUtils.java:logGet(43)) - raft.server.log.appender.buffer.byte-limit = 33554432 (custom)
2019-09-27 17:45:01,862 [8115872d-0c95-4e59-8e34-d456d7ae9ddb@group-69117FFD6241:LeaderElection26] INFO  server.RaftServerConfigKeys (ConfUtils.java:logGet(43)) - raft.server.log.appender.buffer.element-limit = 1 (custom)
2019-09-27 17:45:01,863 [8115872d-0c95-4e59-8e34-d456d7ae9ddb@group-69117FFD6241:LeaderElection26] INFO  grpc.GrpcConfigKeys$Server (ConfUtils.java:logGet(43)) - raft.grpc.server.leader.outstanding.appends.max = 128 (default)
2019-09-27 17:45:01,863 [8115872d-0c95-4e59-8e34-d456d7ae9ddb@group-69117FFD6241:LeaderElection26] INFO  server.RaftServerConfigKeys (ConfUtils.java:logGet(43)) - raft.server.rpc.request.timeout = 3000ms (default)
2019-09-27 17:45:01,863 [8115872d-0c95-4e59-8e34-d456d7ae9ddb@group-69117FFD6241:LeaderElection26] INFO  server.RaftServerConfigKeys (ConfUtils.java:logGet(43)) - raft.server.log.appender.install.snapshot.enabled = false (custom)
2019-09-27 17:45:01,864 [8115872d-0c95-4e59-8e34-d456d7ae9ddb@group-69117FFD6241:LeaderElection26] INFO  impl.RoleInfo (RoleInfo.java:updateAndGet(143)) - 8115872d-0c95-4e59-8e34-d456d7ae9ddb: start LeaderState
2019-09-27 17:45:01,864 [8115872d-0c95-4e59-8e34-d456d7ae9ddb@group-69117FFD6241:LeaderElection26] INFO  segmented.SegmentedRaftLogWorker (SegmentedRaftLogWorker.java:startLogSegment(380)) - 8115872d-0c95-4e59-8e34-d456d7ae9ddb@group-69117FFD6241-SegmentedRaftLogWorker: Starting segment from index:0
2019-09-27 17:45:01,866 [8115872d-0c95-4e59-8e34-d456d7ae9ddb@group-69117FFD6241:LeaderElection26] INFO  impl.RaftServerImpl (ServerState.java:setRaftConf(354)) - 8115872d-0c95-4e59-8e34-d456d7ae9ddb@group-69117FFD6241: set configuration 0: [1aff70a5-6fd7-415c-9c83-4956156a56e6:192.168.151.105:34775, 23205af3-9a5e-419b-ac4c-99a3f7ef887f:192.168.151.105:39973, 8115872d-0c95-4e59-8e34-d456d7ae9ddb:192.168.151.105:41196], old=null at 0
2019-09-27 17:45:01,898 [8115872d-0c95-4e59-8e34-d456d7ae9ddb@group-6D123396A5C6-SegmentedRaftLogWorker] INFO  segmented.SegmentedRaftLogWorker (SegmentedRaftLogWorker.java:execute(569)) - 8115872d-0c95-4e59-8e34-d456d7ae9ddb@group-6D123396A5C6-SegmentedRaftLogWorker: created new log segment /workdir/hadoop-ozone/integration-test/target/test-dir/MiniOzoneClusterImpl-57f6cbf4-6bc8-4248-914c-40957cfe3779/datanode-6/data/ratis/0abf46a8-2e35-45bd-8e7a-6d123396a5c6/current/log_inprogress_0
2019-09-27 17:45:01,903 [grpc-default-executor-1] INFO  impl.RaftServerImpl (ServerState.java:setLeader(253)) - 23205af3-9a5e-419b-ac4c-99a3f7ef887f@group-69117FFD6241: change Leader from null to 8115872d-0c95-4e59-8e34-d456d7ae9ddb at term 1 for appendEntries, leader elected after 5209ms
2019-09-27 17:45:01,903 [grpc-default-executor-4] INFO  impl.RaftServerImpl (ServerState.java:setLeader(253)) - 1aff70a5-6fd7-415c-9c83-4956156a56e6@group-69117FFD6241: change Leader from null to 8115872d-0c95-4e59-8e34-d456d7ae9ddb at term 1 for appendEntries, leader elected after 5207ms
2019-09-27 17:45:01,903 [8115872d-0c95-4e59-8e34-d456d7ae9ddb@group-69117FFD6241-SegmentedRaftLogWorker] INFO  segmented.SegmentedRaftLogWorker (SegmentedRaftLogWorker.java:execute(569)) - 8115872d-0c95-4e59-8e34-d456d7ae9ddb@group-69117FFD6241-SegmentedRaftLogWorker: created new log segment /workdir/hadoop-ozone/integration-test/target/test-dir/MiniOzoneClusterImpl-57f6cbf4-6bc8-4248-914c-40957cfe3779/datanode-6/data/ratis/81de177b-8361-4afe-917c-69117ffd6241/current/log_inprogress_0
2019-09-27 17:45:01,907 [grpc-default-executor-1] INFO  impl.RaftServerImpl (ServerState.java:setRaftConf(354)) - 23205af3-9a5e-419b-ac4c-99a3f7ef887f@group-69117FFD6241: set configuration 0: [1aff70a5-6fd7-415c-9c83-4956156a56e6:192.168.151.105:34775, 23205af3-9a5e-419b-ac4c-99a3f7ef887f:192.168.151.105:39973, 8115872d-0c95-4e59-8e34-d456d7ae9ddb:192.168.151.105:41196], old=null at 0
2019-09-27 17:45:01,907 [grpc-default-executor-4] INFO  impl.RaftServerImpl (ServerState.java:setRaftConf(354)) - 1aff70a5-6fd7-415c-9c83-4956156a56e6@group-69117FFD6241: set configuration 0: [1aff70a5-6fd7-415c-9c83-4956156a56e6:192.168.151.105:34775, 23205af3-9a5e-419b-ac4c-99a3f7ef887f:192.168.151.105:39973, 8115872d-0c95-4e59-8e34-d456d7ae9ddb:192.168.151.105:41196], old=null at 0
2019-09-27 17:45:01,907 [grpc-default-executor-1] INFO  segmented.SegmentedRaftLogWorker (SegmentedRaftLogWorker.java:startLogSegment(380)) - 23205af3-9a5e-419b-ac4c-99a3f7ef887f@group-69117FFD6241-SegmentedRaftLogWorker: Starting segment from index:0
2019-09-27 17:45:01,908 [grpc-default-executor-4] INFO  segmented.SegmentedRaftLogWorker (SegmentedRaftLogWorker.java:startLogSegment(380)) - 1aff70a5-6fd7-415c-9c83-4956156a56e6@group-69117FFD6241-SegmentedRaftLogWorker: Starting segment from index:0
2019-09-27 17:45:01,965 [1aff70a5-6fd7-415c-9c83-4956156a56e6@group-69117FFD6241-SegmentedRaftLogWorker] INFO  segmented.SegmentedRaftLogWorker (SegmentedRaftLogWorker.java:execute(569)) - 1aff70a5-6fd7-415c-9c83-4956156a56e6@group-69117FFD6241-SegmentedRaftLogWorker: created new log segment /workdir/hadoop-ozone/integration-test/target/test-dir/MiniOzoneClusterImpl-57f6cbf4-6bc8-4248-914c-40957cfe3779/datanode-2/data/ratis/81de177b-8361-4afe-917c-69117ffd6241/current/log_inprogress_0
2019-09-27 17:45:01,965 [23205af3-9a5e-419b-ac4c-99a3f7ef887f@group-69117FFD6241-SegmentedRaftLogWorker] INFO  segmented.SegmentedRaftLogWorker (SegmentedRaftLogWorker.java:execute(569)) - 23205af3-9a5e-419b-ac4c-99a3f7ef887f@group-69117FFD6241-SegmentedRaftLogWorker: created new log segment /workdir/hadoop-ozone/integration-test/target/test-dir/MiniOzoneClusterImpl-57f6cbf4-6bc8-4248-914c-40957cfe3779/datanode-4/data/ratis/81de177b-8361-4afe-917c-69117ffd6241/current/log_inprogress_0
2019-09-27 17:45:03,287 [RatisApplyTransactionExecutor 1] ERROR ratis.ContainerStateMachine (ContainerStateMachine.java:lambda$applyTransaction$6(721)) - gid group-69117FFD6241 : ApplyTransaction failed. cmd CreateContainer logIndex 7 exception {}
java.lang.IllegalArgumentException
	at com.google.common.base.Preconditions.checkArgument(Preconditions.java:72)
	at org.apache.hadoop.ozone.container.keyvalue.KeyValueHandler.handleCreateContainer(KeyValueHandler.java:215)
	at org.apache.hadoop.ozone.container.keyvalue.KeyValueHandler.handle(KeyValueHandler.java:152)
	at org.apache.hadoop.ozone.container.common.impl.HddsDispatcher.dispatchRequest(HddsDispatcher.java:275)
	at org.apache.hadoop.ozone.container.common.impl.HddsDispatcher.dispatch(HddsDispatcher.java:150)
	at org.apache.hadoop.ozone.container.common.transport.server.ratis.ContainerStateMachine.dispatchCommand(ContainerStateMachine.java:401)
	at org.apache.hadoop.ozone.container.common.transport.server.ratis.ContainerStateMachine.runCommand(ContainerStateMachine.java:409)
	at org.apache.hadoop.ozone.container.common.transport.server.ratis.ContainerStateMachine.lambda$applyTransaction$6(ContainerStateMachine.java:719)
	at java.util.concurrent.CompletableFuture$AsyncSupply.run(CompletableFuture.java:1590)
	at java.util.concurrent.ThreadPoolExecutor.runWorker(ThreadPoolExecutor.java:1149)
	at java.util.concurrent.ThreadPoolExecutor$Worker.run(ThreadPoolExecutor.java:624)
	at java.lang.Thread.run(Thread.java:748)
2019-09-27 17:45:03,306 [RatisApplyTransactionExecutor 1] ERROR ratis.ContainerStateMachine (ContainerStateMachine.java:lambda$applyTransaction$6(721)) - gid group-69117FFD6241 : ApplyTransaction failed. cmd CreateContainer logIndex 7 exception {}
java.lang.IllegalArgumentException
	at com.google.common.base.Preconditions.checkArgument(Preconditions.java:72)
	at org.apache.hadoop.ozone.container.keyvalue.KeyValueHandler.handleCreateContainer(KeyValueHandler.java:215)
	at org.apache.hadoop.ozone.container.keyvalue.KeyValueHandler.handle(KeyValueHandler.java:152)
	at org.apache.hadoop.ozone.container.common.impl.HddsDispatcher.dispatchRequest(HddsDispatcher.java:275)
	at org.apache.hadoop.ozone.container.common.impl.HddsDispatcher.dispatch(HddsDispatcher.java:150)
	at org.apache.hadoop.ozone.container.common.transport.server.ratis.ContainerStateMachine.dispatchCommand(ContainerStateMachine.java:401)
	at org.apache.hadoop.ozone.container.common.transport.server.ratis.ContainerStateMachine.runCommand(ContainerStateMachine.java:409)
	at org.apache.hadoop.ozone.container.common.transport.server.ratis.ContainerStateMachine.lambda$applyTransaction$6(ContainerStateMachine.java:719)
	at java.util.concurrent.CompletableFuture$AsyncSupply.run(CompletableFuture.java:1590)
	at java.util.concurrent.ThreadPoolExecutor.runWorker(ThreadPoolExecutor.java:1149)
	at java.util.concurrent.ThreadPoolExecutor$Worker.run(ThreadPoolExecutor.java:624)
	at java.lang.Thread.run(Thread.java:748)
2019-09-27 17:45:03,306 [RatisApplyTransactionExecutor 1] ERROR ratis.ContainerStateMachine (ContainerStateMachine.java:lambda$applyTransaction$6(721)) - gid group-69117FFD6241 : ApplyTransaction failed. cmd CreateContainer logIndex 7 exception {}
java.lang.IllegalArgumentException
	at com.google.common.base.Preconditions.checkArgument(Preconditions.java:72)
	at org.apache.hadoop.ozone.container.keyvalue.KeyValueHandler.handleCreateContainer(KeyValueHandler.java:215)
	at org.apache.hadoop.ozone.container.keyvalue.KeyValueHandler.handle(KeyValueHandler.java:152)
	at org.apache.hadoop.ozone.container.common.impl.HddsDispatcher.dispatchRequest(HddsDispatcher.java:275)
	at org.apache.hadoop.ozone.container.common.impl.HddsDispatcher.dispatch(HddsDispatcher.java:150)
	at org.apache.hadoop.ozone.container.common.transport.server.ratis.ContainerStateMachine.dispatchCommand(ContainerStateMachine.java:401)
	at org.apache.hadoop.ozone.container.common.transport.server.ratis.ContainerStateMachine.runCommand(ContainerStateMachine.java:409)
	at org.apache.hadoop.ozone.container.common.transport.server.ratis.ContainerStateMachine.lambda$applyTransaction$6(ContainerStateMachine.java:719)
	at java.util.concurrent.CompletableFuture$AsyncSupply.run(CompletableFuture.java:1590)
	at java.util.concurrent.ThreadPoolExecutor.runWorker(ThreadPoolExecutor.java:1149)
	at java.util.concurrent.ThreadPoolExecutor$Worker.run(ThreadPoolExecutor.java:624)
	at java.lang.Thread.run(Thread.java:748)
2019-09-27 17:45:06,656 [Thread-767] INFO  impl.FollowerState (FollowerState.java:run(106)) - 05cdac53-6c56-4c7c-9e4c-d3c9dc9d18dd:group-ED94514A7227 changes to CANDIDATE, lastRpcTime:5021, electionTimeout:5021ms
2019-09-27 17:45:06,657 [Thread-767] INFO  impl.RoleInfo (RoleInfo.java:shutdownFollowerState(121)) - 05cdac53-6c56-4c7c-9e4c-d3c9dc9d18dd: shutdown FollowerState
2019-09-27 17:45:06,657 [Thread-767] INFO  impl.RaftServerImpl (RaftServerImpl.java:setRole(174)) - 05cdac53-6c56-4c7c-9e4c-d3c9dc9d18dd@group-ED94514A7227: changes role from  FOLLOWER to CANDIDATE at term 1 for changeToCandidate
2019-09-27 17:45:06,657 [Thread-767] INFO  impl.RoleInfo (RoleInfo.java:updateAndGet(143)) - 05cdac53-6c56-4c7c-9e4c-d3c9dc9d18dd: start LeaderElection
2019-09-27 17:45:06,674 [05cdac53-6c56-4c7c-9e4c-d3c9dc9d18dd@group-ED94514A7227:LeaderElection28] INFO  impl.LeaderElection (LeaderElection.java:askForVotes(182)) - 05cdac53-6c56-4c7c-9e4c-d3c9dc9d18dd@group-ED94514A7227:LeaderElection28: begin an election at term 2 for -1: [05cdac53-6c56-4c7c-9e4c-d3c9dc9d18dd:192.168.151.105:35802, 9cab922b-4447-4fb1-93d6-6977ac88ca97:192.168.151.105:34450, 4e5d8d87-6fbd-4b84-a744-263dd1cb0377:192.168.151.105:43485], old=null
2019-09-27 17:45:06,678 [grpc-default-executor-1] INFO  impl.RaftServerImpl (RaftServerImpl.java:setRole(174)) - 4e5d8d87-6fbd-4b84-a744-263dd1cb0377@group-ED94514A7227: changes role from  FOLLOWER to FOLLOWER at term 2 for recognizeCandidate:05cdac53-6c56-4c7c-9e4c-d3c9dc9d18dd
2019-09-27 17:45:06,678 [grpc-default-executor-4] INFO  impl.RaftServerImpl (RaftServerImpl.java:setRole(174)) - 9cab922b-4447-4fb1-93d6-6977ac88ca97@group-ED94514A7227: changes role from  FOLLOWER to FOLLOWER at term 2 for recognizeCandidate:05cdac53-6c56-4c7c-9e4c-d3c9dc9d18dd
2019-09-27 17:45:06,678 [grpc-default-executor-1] INFO  impl.RoleInfo (RoleInfo.java:shutdownFollowerState(121)) - 4e5d8d87-6fbd-4b84-a744-263dd1cb0377: shutdown FollowerState
2019-09-27 17:45:06,678 [grpc-default-executor-4] INFO  impl.RoleInfo (RoleInfo.java:shutdownFollowerState(121)) - 9cab922b-4447-4fb1-93d6-6977ac88ca97: shutdown FollowerState
2019-09-27 17:45:06,678 [grpc-default-executor-1] INFO  impl.RoleInfo (RoleInfo.java:updateAndGet(143)) - 4e5d8d87-6fbd-4b84-a744-263dd1cb0377: start FollowerState
2019-09-27 17:45:06,678 [Thread-766] INFO  impl.FollowerState (FollowerState.java:run(115)) - 9cab922b-4447-4fb1-93d6-6977ac88ca97: FollowerState was interrupted: java.lang.InterruptedException: sleep interrupted
2019-09-27 17:45:06,678 [grpc-default-executor-4] INFO  impl.RoleInfo (RoleInfo.java:updateAndGet(143)) - 9cab922b-4447-4fb1-93d6-6977ac88ca97: start FollowerState
2019-09-27 17:45:06,678 [Thread-768] INFO  impl.FollowerState (FollowerState.java:run(115)) - 4e5d8d87-6fbd-4b84-a744-263dd1cb0377: FollowerState was interrupted: java.lang.InterruptedException: sleep interrupted
2019-09-27 17:45:06,699 [05cdac53-6c56-4c7c-9e4c-d3c9dc9d18dd@group-ED94514A7227:LeaderElection28] INFO  impl.LeaderElection (LeaderElection.java:logAndReturn(56)) - 05cdac53-6c56-4c7c-9e4c-d3c9dc9d18dd@group-ED94514A7227:LeaderElection28: Election PASSED; received 1 response(s) [05cdac53-6c56-4c7c-9e4c-d3c9dc9d18dd<-9cab922b-4447-4fb1-93d6-6977ac88ca97#0:OK-t2] and 0 exception(s); 05cdac53-6c56-4c7c-9e4c-d3c9dc9d18dd@group-ED94514A7227:t2, leader=null, voted=05cdac53-6c56-4c7c-9e4c-d3c9dc9d18dd, raftlog=05cdac53-6c56-4c7c-9e4c-d3c9dc9d18dd@group-ED94514A7227-SegmentedRaftLog:OPENED:c-1,f-1,i0, conf=-1: [05cdac53-6c56-4c7c-9e4c-d3c9dc9d18dd:192.168.151.105:35802, 9cab922b-4447-4fb1-93d6-6977ac88ca97:192.168.151.105:34450, 4e5d8d87-6fbd-4b84-a744-263dd1cb0377:192.168.151.105:43485], old=null
2019-09-27 17:45:06,699 [05cdac53-6c56-4c7c-9e4c-d3c9dc9d18dd@group-ED94514A7227:LeaderElection28] INFO  impl.RoleInfo (RoleInfo.java:shutdownLeaderElection(134)) - 05cdac53-6c56-4c7c-9e4c-d3c9dc9d18dd: shutdown LeaderElection
2019-09-27 17:45:06,700 [05cdac53-6c56-4c7c-9e4c-d3c9dc9d18dd@group-ED94514A7227:LeaderElection28] INFO  impl.RaftServerImpl (RaftServerImpl.java:setRole(174)) - 05cdac53-6c56-4c7c-9e4c-d3c9dc9d18dd@group-ED94514A7227: changes role from CANDIDATE to LEADER at term 2 for changeToLeader
2019-09-27 17:45:06,700 [05cdac53-6c56-4c7c-9e4c-d3c9dc9d18dd@group-ED94514A7227:LeaderElection28] INFO  impl.RaftServerImpl (ServerState.java:setLeader(253)) - 05cdac53-6c56-4c7c-9e4c-d3c9dc9d18dd@group-ED94514A7227: change Leader from null to 05cdac53-6c56-4c7c-9e4c-d3c9dc9d18dd at term 2 for becomeLeader, leader elected after 10257ms
2019-09-27 17:45:06,700 [05cdac53-6c56-4c7c-9e4c-d3c9dc9d18dd@group-ED94514A7227:LeaderElection28] INFO  server.RaftServerConfigKeys (ConfUtils.java:logGet(43)) - raft.server.staging.catchup.gap = 1000 (default)
2019-09-27 17:45:06,700 [05cdac53-6c56-4c7c-9e4c-d3c9dc9d18dd@group-ED94514A7227:LeaderElection28] INFO  server.RaftServerConfigKeys (ConfUtils.java:logGet(43)) - raft.server.rpc.sleep.time = 25ms (default)
2019-09-27 17:45:06,700 [05cdac53-6c56-4c7c-9e4c-d3c9dc9d18dd@group-ED94514A7227:LeaderElection28] INFO  server.RaftServerConfigKeys (ConfUtils.java:logGet(43)) - raft.server.write.element-limit = 4096 (default)
2019-09-27 17:45:06,701 [05cdac53-6c56-4c7c-9e4c-d3c9dc9d18dd@group-ED94514A7227:LeaderElection28] INFO  server.RaftServerConfigKeys (ConfUtils.java:logGet(43)) - raft.server.watch.timeout = 10s (default)
2019-09-27 17:45:06,701 [05cdac53-6c56-4c7c-9e4c-d3c9dc9d18dd@group-ED94514A7227:LeaderElection28] INFO  server.RaftServerConfigKeys (ConfUtils.java:logGet(43)) - raft.server.watch.timeout.denomination = 1s (default)
2019-09-27 17:45:06,701 [05cdac53-6c56-4c7c-9e4c-d3c9dc9d18dd@group-ED94514A7227:LeaderElection28] INFO  server.RaftServerConfigKeys (ConfUtils.java:logGet(43)) - raft.server.watch.element-limit = 65536 (default)
2019-09-27 17:45:06,704 [05cdac53-6c56-4c7c-9e4c-d3c9dc9d18dd@group-ED94514A7227:LeaderElection28] INFO  server.RaftServerConfigKeys (ConfUtils.java:logGet(43)) - raft.server.log.appender.snapshot.chunk.size.max = 16MB (=16777216) (default)
2019-09-27 17:45:06,704 [05cdac53-6c56-4c7c-9e4c-d3c9dc9d18dd@group-ED94514A7227:LeaderElection28] INFO  server.RaftServerConfigKeys (ConfUtils.java:logGet(43)) - raft.server.log.appender.buffer.byte-limit = 33554432 (custom)
2019-09-27 17:45:06,704 [05cdac53-6c56-4c7c-9e4c-d3c9dc9d18dd@group-ED94514A7227:LeaderElection28] INFO  server.RaftServerConfigKeys (ConfUtils.java:logGet(43)) - raft.server.log.appender.buffer.element-limit = 1 (custom)
2019-09-27 17:45:06,705 [05cdac53-6c56-4c7c-9e4c-d3c9dc9d18dd@group-ED94514A7227:LeaderElection28] INFO  grpc.GrpcConfigKeys$Server (ConfUtils.java:logGet(43)) - raft.grpc.server.leader.outstanding.appends.max = 128 (default)
2019-09-27 17:45:06,705 [05cdac53-6c56-4c7c-9e4c-d3c9dc9d18dd@group-ED94514A7227:LeaderElection28] INFO  server.RaftServerConfigKeys (ConfUtils.java:logGet(43)) - raft.server.rpc.request.timeout = 3000ms (default)
2019-09-27 17:45:06,705 [05cdac53-6c56-4c7c-9e4c-d3c9dc9d18dd@group-ED94514A7227:LeaderElection28] INFO  server.RaftServerConfigKeys (ConfUtils.java:logGet(43)) - raft.server.log.appender.install.snapshot.enabled = false (custom)
2019-09-27 17:45:06,705 [05cdac53-6c56-4c7c-9e4c-d3c9dc9d18dd@group-ED94514A7227:LeaderElection28] INFO  server.RaftServerConfigKeys (ConfUtils.java:logGet(43)) - raft.server.log.appender.snapshot.chunk.size.max = 16MB (=16777216) (default)
2019-09-27 17:45:06,706 [05cdac53-6c56-4c7c-9e4c-d3c9dc9d18dd@group-ED94514A7227:LeaderElection28] INFO  server.RaftServerConfigKeys (ConfUtils.java:logGet(43)) - raft.server.log.appender.buffer.byte-limit = 33554432 (custom)
2019-09-27 17:45:06,706 [05cdac53-6c56-4c7c-9e4c-d3c9dc9d18dd@group-ED94514A7227:LeaderElection28] INFO  server.RaftServerConfigKeys (ConfUtils.java:logGet(43)) - raft.server.log.appender.buffer.element-limit = 1 (custom)
2019-09-27 17:45:06,706 [05cdac53-6c56-4c7c-9e4c-d3c9dc9d18dd@group-ED94514A7227:LeaderElection28] INFO  grpc.GrpcConfigKeys$Server (ConfUtils.java:logGet(43)) - raft.grpc.server.leader.outstanding.appends.max = 128 (default)
2019-09-27 17:45:06,706 [05cdac53-6c56-4c7c-9e4c-d3c9dc9d18dd@group-ED94514A7227:LeaderElection28] INFO  server.RaftServerConfigKeys (ConfUtils.java:logGet(43)) - raft.server.rpc.request.timeout = 3000ms (default)
2019-09-27 17:45:06,707 [05cdac53-6c56-4c7c-9e4c-d3c9dc9d18dd@group-ED94514A7227:LeaderElection28] INFO  server.RaftServerConfigKeys (ConfUtils.java:logGet(43)) - raft.server.log.appender.install.snapshot.enabled = false (custom)
2019-09-27 17:45:06,707 [05cdac53-6c56-4c7c-9e4c-d3c9dc9d18dd@group-ED94514A7227:LeaderElection28] INFO  impl.RoleInfo (RoleInfo.java:updateAndGet(143)) - 05cdac53-6c56-4c7c-9e4c-d3c9dc9d18dd: start LeaderState
2019-09-27 17:45:06,707 [05cdac53-6c56-4c7c-9e4c-d3c9dc9d18dd@group-ED94514A7227:LeaderElection28] INFO  segmented.SegmentedRaftLogWorker (SegmentedRaftLogWorker.java:startLogSegment(380)) - 05cdac53-6c56-4c7c-9e4c-d3c9dc9d18dd@group-ED94514A7227-SegmentedRaftLogWorker: Starting segment from index:0
2019-09-27 17:45:06,708 [05cdac53-6c56-4c7c-9e4c-d3c9dc9d18dd@group-ED94514A7227:LeaderElection28] INFO  impl.RaftServerImpl (ServerState.java:setRaftConf(354)) - 05cdac53-6c56-4c7c-9e4c-d3c9dc9d18dd@group-ED94514A7227: set configuration 0: [05cdac53-6c56-4c7c-9e4c-d3c9dc9d18dd:192.168.151.105:35802, 9cab922b-4447-4fb1-93d6-6977ac88ca97:192.168.151.105:34450, 4e5d8d87-6fbd-4b84-a744-263dd1cb0377:192.168.151.105:43485], old=null at 0
2019-09-27 17:45:06,710 [grpc-default-executor-1] INFO  impl.RaftServerImpl (ServerState.java:setLeader(253)) - 4e5d8d87-6fbd-4b84-a744-263dd1cb0377@group-ED94514A7227: change Leader from null to 05cdac53-6c56-4c7c-9e4c-d3c9dc9d18dd at term 2 for appendEntries, leader elected after 10267ms
2019-09-27 17:45:06,742 [grpc-default-executor-4] INFO  impl.RaftServerImpl (ServerState.java:setLeader(253)) - 9cab922b-4447-4fb1-93d6-6977ac88ca97@group-ED94514A7227: change Leader from null to 05cdac53-6c56-4c7c-9e4c-d3c9dc9d18dd at term 2 for appendEntries, leader elected after 10300ms
2019-09-27 17:45:06,745 [grpc-default-executor-4] INFO  impl.RaftServerImpl (ServerState.java:setRaftConf(354)) - 4e5d8d87-6fbd-4b84-a744-263dd1cb0377@group-ED94514A7227: set configuration 0: [05cdac53-6c56-4c7c-9e4c-d3c9dc9d18dd:192.168.151.105:35802, 9cab922b-4447-4fb1-93d6-6977ac88ca97:192.168.151.105:34450, 4e5d8d87-6fbd-4b84-a744-263dd1cb0377:192.168.151.105:43485], old=null at 0
2019-09-27 17:45:06,745 [grpc-default-executor-4] INFO  segmented.SegmentedRaftLogWorker (SegmentedRaftLogWorker.java:startLogSegment(380)) - 4e5d8d87-6fbd-4b84-a744-263dd1cb0377@group-ED94514A7227-SegmentedRaftLogWorker: Starting segment from index:0
2019-09-27 17:45:06,746 [grpc-default-executor-1] INFO  impl.RaftServerImpl (ServerState.java:setRaftConf(354)) - 9cab922b-4447-4fb1-93d6-6977ac88ca97@group-ED94514A7227: set configuration 0: [05cdac53-6c56-4c7c-9e4c-d3c9dc9d18dd:192.168.151.105:35802, 9cab922b-4447-4fb1-93d6-6977ac88ca97:192.168.151.105:34450, 4e5d8d87-6fbd-4b84-a744-263dd1cb0377:192.168.151.105:43485], old=null at 0
2019-09-27 17:45:06,746 [grpc-default-executor-1] INFO  segmented.SegmentedRaftLogWorker (SegmentedRaftLogWorker.java:startLogSegment(380)) - 9cab922b-4447-4fb1-93d6-6977ac88ca97@group-ED94514A7227-SegmentedRaftLogWorker: Starting segment from index:0
2019-09-27 17:45:06,754 [05cdac53-6c56-4c7c-9e4c-d3c9dc9d18dd@group-ED94514A7227-SegmentedRaftLogWorker] INFO  segmented.SegmentedRaftLogWorker (SegmentedRaftLogWorker.java:execute(569)) - 05cdac53-6c56-4c7c-9e4c-d3c9dc9d18dd@group-ED94514A7227-SegmentedRaftLogWorker: created new log segment /workdir/hadoop-ozone/integration-test/target/test-dir/MiniOzoneClusterImpl-57f6cbf4-6bc8-4248-914c-40957cfe3779/datanode-0/data/ratis/90dcad4b-5dcf-46eb-8e39-ed94514a7227/current/log_inprogress_0
2019-09-27 17:45:06,806 [4e5d8d87-6fbd-4b84-a744-263dd1cb0377@group-ED94514A7227-SegmentedRaftLogWorker] INFO  segmented.SegmentedRaftLogWorker (SegmentedRaftLogWorker.java:execute(569)) - 4e5d8d87-6fbd-4b84-a744-263dd1cb0377@group-ED94514A7227-SegmentedRaftLogWorker: created new log segment /workdir/hadoop-ozone/integration-test/target/test-dir/MiniOzoneClusterImpl-57f6cbf4-6bc8-4248-914c-40957cfe3779/datanode-3/data/ratis/90dcad4b-5dcf-46eb-8e39-ed94514a7227/current/log_inprogress_0
2019-09-27 17:45:06,806 [9cab922b-4447-4fb1-93d6-6977ac88ca97@group-ED94514A7227-SegmentedRaftLogWorker] INFO  segmented.SegmentedRaftLogWorker (SegmentedRaftLogWorker.java:execute(569)) - 9cab922b-4447-4fb1-93d6-6977ac88ca97@group-ED94514A7227-SegmentedRaftLogWorker: created new log segment /workdir/hadoop-ozone/integration-test/target/test-dir/MiniOzoneClusterImpl-57f6cbf4-6bc8-4248-914c-40957cfe3779/datanode-1/data/ratis/90dcad4b-5dcf-46eb-8e39-ed94514a7227/current/log_inprogress_0
2019-09-27 17:46:35,145 [main] INFO  ozone.MiniOzoneClusterImpl (MiniOzoneClusterImpl.java:shutdown(314)) - Shutting down the Mini Ozone Cluster
2019-09-27 17:46:35,147 [main] INFO  ozone.MiniOzoneClusterImpl (MiniOzoneClusterImpl.java:stop(330)) - Stopping the Mini Ozone Cluster
2019-09-27 17:46:35,147 [main] INFO  ozone.MiniOzoneClusterImpl (MiniOzoneClusterImpl.java:stopOM(400)) - Stopping the OzoneManager
2019-09-27 17:46:35,147 [main] INFO  ipc.Server (Server.java:stop(3082)) - Stopping server on 41840
2019-09-27 17:46:35,162 [IPC Server listener on 41840] INFO  ipc.Server (Server.java:run(1185)) - Stopping IPC Server listener on 41840
2019-09-27 17:46:35,163 [IPC Server Responder] INFO  ipc.Server (Server.java:run(1319)) - Stopping IPC Server Responder
2019-09-27 17:46:35,163 [main] INFO  ratis.OzoneManagerDoubleBuffer (OzoneManagerDoubleBuffer.java:stop(248)) - Stopping OMDoubleBuffer flush thread
2019-09-27 17:46:35,180 [OMDoubleBufferFlushThread] INFO  ratis.OzoneManagerDoubleBuffer (OzoneManagerDoubleBuffer.java:flushTransactions(191)) - OMDoubleBuffer flush thread OMDoubleBufferFlushThread is interrupted and will exit. OMDoubleBufferFlushThread
2019-09-27 17:46:35,197 [main] INFO  utils.BackgroundService (BackgroundService.java:shutdown(148)) - Shutting down service KeyDeletingService
2019-09-27 17:46:35,199 [main] INFO  handler.ContextHandler (ContextHandler.java:doStop(910)) - Stopped o.e.j.w.WebAppContext@ffd4cba{/,null,UNAVAILABLE}{/ozoneManager}
2019-09-27 17:46:35,200 [main] INFO  server.AbstractConnector (AbstractConnector.java:doStop(318)) - Stopped ServerConnector@5f1483fd{HTTP/1.1,[http/1.1]}{0.0.0.0:0}
2019-09-27 17:46:35,201 [main] INFO  handler.ContextHandler (ContextHandler.java:doStop(910)) - Stopped o.e.j.s.ServletContextHandler@67e25252{/static,file:///workdir/hadoop-ozone/integration-test/target/test-classes/webapps/static,UNAVAILABLE}
2019-09-27 17:46:35,201 [main] INFO  handler.ContextHandler (ContextHandler.java:doStop(910)) - Stopped o.e.j.s.ServletContextHandler@32f96bba{/logs,file:///workdir/hadoop-ozone/integration-test/target/log,UNAVAILABLE}
2019-09-27 17:46:35,207 [main] INFO  ozone.MiniOzoneClusterImpl (MiniOzoneClusterImpl.java:stopDatanodes(377)) - Stopping the HddsDatanodes
2019-09-27 17:46:35,361 [Datanode State Machine Thread - 0] INFO  statemachine.DatanodeStateMachine (DatanodeStateMachine.java:lambda$startDaemon$0(350)) - Ozone container server started.
2019-09-27 17:46:36,200 [Datanode State Machine Thread - 0] INFO  statemachine.DatanodeStateMachine (DatanodeStateMachine.java:lambda$startDaemon$0(350)) - Ozone container server started.
2019-09-27 17:46:40,209 [ForkJoinPool.commonPool-worker-1] INFO  ozoneimpl.OzoneContainer (OzoneContainer.java:stop(231)) - Attempting to stop container services.
2019-09-27 17:46:40,209 [main] INFO  ozoneimpl.OzoneContainer (OzoneContainer.java:stop(231)) - Attempting to stop container services.
2019-09-27 17:46:40,216 [ForkJoinPool.commonPool-worker-1] INFO  impl.RaftServerProxy (RaftServerProxy.java:lambda$close$4(314)) - 9cab922b-4447-4fb1-93d6-6977ac88ca97: close
2019-09-27 17:46:40,216 [main] INFO  impl.RaftServerProxy (RaftServerProxy.java:lambda$close$4(314)) - 23205af3-9a5e-419b-ac4c-99a3f7ef887f: close
2019-09-27 17:46:40,216 [ForkJoinPool.commonPool-worker-1] INFO  impl.RaftServerImpl (RaftServerImpl.java:lambda$shutdown$3(251)) - 9cab922b-4447-4fb1-93d6-6977ac88ca97@group-ED94514A7227: shutdown
2019-09-27 17:46:40,217 [main] INFO  impl.RaftServerImpl (RaftServerImpl.java:lambda$shutdown$3(251)) - 23205af3-9a5e-419b-ac4c-99a3f7ef887f@group-69117FFD6241: shutdown
2019-09-27 17:46:40,217 [ForkJoinPool.commonPool-worker-1] INFO  util.JmxRegister (JmxRegister.java:unregister(73)) - Successfully un-registered JMX Bean with object name Ratis:service=RaftServer,group=group-ED94514A7227,id=9cab922b-4447-4fb1-93d6-6977ac88ca97
2019-09-27 17:46:40,217 [main] INFO  util.JmxRegister (JmxRegister.java:unregister(73)) - Successfully un-registered JMX Bean with object name Ratis:service=RaftServer,group=group-69117FFD6241,id=23205af3-9a5e-419b-ac4c-99a3f7ef887f
2019-09-27 17:46:40,218 [ForkJoinPool.commonPool-worker-1] INFO  impl.RoleInfo (RoleInfo.java:shutdownFollowerState(121)) - 9cab922b-4447-4fb1-93d6-6977ac88ca97: shutdown FollowerState
2019-09-27 17:46:40,218 [main] INFO  impl.RoleInfo (RoleInfo.java:shutdownFollowerState(121)) - 23205af3-9a5e-419b-ac4c-99a3f7ef887f: shutdown FollowerState
2019-09-27 17:46:40,219 [Thread-840] INFO  impl.FollowerState (FollowerState.java:run(115)) - 9cab922b-4447-4fb1-93d6-6977ac88ca97: FollowerState was interrupted: java.lang.InterruptedException: sleep interrupted
2019-09-27 17:46:40,219 [ForkJoinPool.commonPool-worker-1] INFO  impl.StateMachineUpdater (StateMachineUpdater.java:stopAndJoin(125)) - 9cab922b-4447-4fb1-93d6-6977ac88ca97@group-ED94514A7227-StateMachineUpdater: set stopIndex = 0
2019-09-27 17:46:40,222 [23205af3-9a5e-419b-ac4c-99a3f7ef887f@group-69117FFD6241-StateMachineUpdater] INFO  ratis.ContainerStateMachine (ContainerStateMachine.java:takeSnapshot(289)) - group-69117FFD6241: Taking a snapshot at:(t:1, i:6) file /workdir/hadoop-ozone/integration-test/target/test-dir/MiniOzoneClusterImpl-57f6cbf4-6bc8-4248-914c-40957cfe3779/datanode-4/data/ratis/81de177b-8361-4afe-917c-69117ffd6241/sm/snapshot.1_6
2019-09-27 17:46:40,219 [Thread-776] INFO  impl.FollowerState (FollowerState.java:run(115)) - 23205af3-9a5e-419b-ac4c-99a3f7ef887f: FollowerState was interrupted: java.lang.InterruptedException: sleep interrupted
2019-09-27 17:46:40,219 [main] INFO  impl.StateMachineUpdater (StateMachineUpdater.java:stopAndJoin(125)) - 23205af3-9a5e-419b-ac4c-99a3f7ef887f@group-69117FFD6241-StateMachineUpdater: set stopIndex = 8
2019-09-27 17:46:40,222 [ForkJoinPool.commonPool-worker-1] INFO  impl.RaftServerImpl (ServerState.java:close(385)) - 9cab922b-4447-4fb1-93d6-6977ac88ca97@group-ED94514A7227: closes. applyIndex: 0
2019-09-27 17:46:40,226 [9cab922b-4447-4fb1-93d6-6977ac88ca97@group-ED94514A7227-SegmentedRaftLogWorker] INFO  segmented.SegmentedRaftLogWorker (SegmentedRaftLogWorker.java:run(313)) - 9cab922b-4447-4fb1-93d6-6977ac88ca97@group-ED94514A7227-SegmentedRaftLogWorker was interrupted, exiting. There are 0 tasks remaining in the queue.
2019-09-27 17:46:40,233 [ForkJoinPool.commonPool-worker-1] INFO  segmented.SegmentedRaftLogWorker (SegmentedRaftLogWorker.java:close(228)) - 9cab922b-4447-4fb1-93d6-6977ac88ca97@group-ED94514A7227-SegmentedRaftLogWorker close()
2019-09-27 17:46:40,237 [ForkJoinPool.commonPool-worker-1] INFO  impl.RaftServerImpl (RaftServerImpl.java:lambda$shutdown$3(251)) - 9cab922b-4447-4fb1-93d6-6977ac88ca97@group-D27BF0E35532: shutdown
2019-09-27 17:46:40,237 [ForkJoinPool.commonPool-worker-1] INFO  util.JmxRegister (JmxRegister.java:unregister(73)) - Successfully un-registered JMX Bean with object name Ratis:service=RaftServer,group=group-D27BF0E35532,id=9cab922b-4447-4fb1-93d6-6977ac88ca97
2019-09-27 17:46:40,237 [23205af3-9a5e-419b-ac4c-99a3f7ef887f@group-69117FFD6241-StateMachineUpdater] INFO  ratis.ContainerStateMachine (ContainerStateMachine.java:takeSnapshot(300)) - group-69117FFD6241: Finished taking a snapshot at:(t:1, i:6) file:/workdir/hadoop-ozone/integration-test/target/test-dir/MiniOzoneClusterImpl-57f6cbf4-6bc8-4248-914c-40957cfe3779/datanode-4/data/ratis/81de177b-8361-4afe-917c-69117ffd6241/sm/snapshot.1_6 time:18
2019-09-27 17:46:40,238 [ForkJoinPool.commonPool-worker-1] INFO  impl.RoleInfo (RoleInfo.java:shutdownLeaderState(104)) - 9cab922b-4447-4fb1-93d6-6977ac88ca97: shutdown LeaderState
2019-09-27 17:46:40,238 [23205af3-9a5e-419b-ac4c-99a3f7ef887f@group-69117FFD6241-StateMachineUpdater] INFO  impl.StateMachineUpdater (StateMachineUpdater.java:takeSnapshot(258)) - 23205af3-9a5e-419b-ac4c-99a3f7ef887f@group-69117FFD6241-StateMachineUpdater: Took a snapshot at index 6
2019-09-27 17:46:40,238 [ForkJoinPool.commonPool-worker-1] INFO  impl.PendingRequests (PendingRequests.java:sendNotLeaderResponses(202)) - 9cab922b-4447-4fb1-93d6-6977ac88ca97-PendingRequests: sendNotLeaderResponses
2019-09-27 17:46:40,238 [23205af3-9a5e-419b-ac4c-99a3f7ef887f@group-69117FFD6241-StateMachineUpdater] INFO  impl.StateMachineUpdater (StateMachineUpdater.java:lambda$new$0(83)) - 23205af3-9a5e-419b-ac4c-99a3f7ef887f@group-69117FFD6241-StateMachineUpdater: snapshotIndex: updateIncreasingly -1 -> 6
2019-09-27 17:46:40,239 [ForkJoinPool.commonPool-worker-1] INFO  impl.StateMachineUpdater (StateMachineUpdater.java:stopAndJoin(125)) - 9cab922b-4447-4fb1-93d6-6977ac88ca97@group-D27BF0E35532-StateMachineUpdater: set stopIndex = 0
2019-09-27 17:46:40,239 [23205af3-9a5e-419b-ac4c-99a3f7ef887f@group-69117FFD6241-StateMachineUpdater] INFO  ratis.ContainerStateMachine (ContainerStateMachine.java:takeSnapshot(289)) - group-69117FFD6241: Taking a snapshot at:(t:1, i:6) file /workdir/hadoop-ozone/integration-test/target/test-dir/MiniOzoneClusterImpl-57f6cbf4-6bc8-4248-914c-40957cfe3779/datanode-4/data/ratis/81de177b-8361-4afe-917c-69117ffd6241/sm/snapshot.1_6
2019-09-27 17:46:40,239 [ForkJoinPool.commonPool-worker-1] INFO  impl.RaftServerImpl (ServerState.java:close(385)) - 9cab922b-4447-4fb1-93d6-6977ac88ca97@group-D27BF0E35532: closes. applyIndex: 0
2019-09-27 17:46:40,239 [9cab922b-4447-4fb1-93d6-6977ac88ca97@group-D27BF0E35532-SegmentedRaftLogWorker] INFO  segmented.SegmentedRaftLogWorker (SegmentedRaftLogWorker.java:run(313)) - 9cab922b-4447-4fb1-93d6-6977ac88ca97@group-D27BF0E35532-SegmentedRaftLogWorker was interrupted, exiting. There are 0 tasks remaining in the queue.
2019-09-27 17:46:40,242 [ForkJoinPool.commonPool-worker-1] INFO  segmented.SegmentedRaftLogWorker (SegmentedRaftLogWorker.java:close(228)) - 9cab922b-4447-4fb1-93d6-6977ac88ca97@group-D27BF0E35532-SegmentedRaftLogWorker close()
2019-09-27 17:46:40,246 [ForkJoinPool.commonPool-worker-1] INFO  server.GrpcService (GrpcService.java:closeImpl(164)) - 9cab922b-4447-4fb1-93d6-6977ac88ca97: shutdown server with port 34450 now
2019-09-27 17:46:40,251 [grpc-default-executor-1] WARN  server.GrpcServerProtocolService (LogUtils.java:warn(134)) - 9cab922b-4447-4fb1-93d6-6977ac88ca97: installSnapshot onError, lastRequest: 05cdac53-6c56-4c7c-9e4c-d3c9dc9d18dd->9cab922b-4447-4fb1-93d6-6977ac88ca97#38-t2, previous=(t:2, i:0), leaderCommit=0, initializing? false, entries: <empty>: org.apache.ratis.thirdparty.io.grpc.StatusRuntimeException: CANCELLED: cancelled before receiving half close
2019-09-27 17:46:40,251 [ForkJoinPool.commonPool-worker-1] INFO  server.GrpcService (GrpcService.java:closeImpl(172)) - 9cab922b-4447-4fb1-93d6-6977ac88ca97: shutdown server with port 34450 successfully
2019-09-27 17:46:40,252 [23205af3-9a5e-419b-ac4c-99a3f7ef887f@group-69117FFD6241-StateMachineUpdater] INFO  ratis.ContainerStateMachine (ContainerStateMachine.java:takeSnapshot(300)) - group-69117FFD6241: Finished taking a snapshot at:(t:1, i:6) file:/workdir/hadoop-ozone/integration-test/target/test-dir/MiniOzoneClusterImpl-57f6cbf4-6bc8-4248-914c-40957cfe3779/datanode-4/data/ratis/81de177b-8361-4afe-917c-69117ffd6241/sm/snapshot.1_6 time:12
2019-09-27 17:46:40,257 [grpc-default-executor-6] WARN  server.GrpcLogAppender (LogUtils.java:warn(134)) - 05cdac53-6c56-4c7c-9e4c-d3c9dc9d18dd@group-ED94514A7227->9cab922b-4447-4fb1-93d6-6977ac88ca97-AppendLogResponseHandler: Failed appendEntries: org.apache.ratis.thirdparty.io.grpc.StatusRuntimeException: CANCELLED: HTTP/2 error code: CANCEL
Received Rst Stream
2019-09-27 17:46:40,257 [23205af3-9a5e-419b-ac4c-99a3f7ef887f@group-69117FFD6241-StateMachineUpdater] INFO  impl.StateMachineUpdater (StateMachineUpdater.java:takeSnapshot(258)) - 23205af3-9a5e-419b-ac4c-99a3f7ef887f@group-69117FFD6241-StateMachineUpdater: Took a snapshot at index 6
2019-09-27 17:46:40,257 [23205af3-9a5e-419b-ac4c-99a3f7ef887f@group-69117FFD6241-StateMachineUpdater] INFO  impl.StateMachineUpdater (StateMachineUpdater.java:lambda$new$0(83)) - 23205af3-9a5e-419b-ac4c-99a3f7ef887f@group-69117FFD6241-StateMachineUpdater: snapshotIndex: updateIncreasingly 6 -> 6
2019-09-27 17:46:40,257 [grpc-default-executor-6] INFO  impl.FollowerInfo (FollowerInfo.java:lambda$new$0(51)) - 05cdac53-6c56-4c7c-9e4c-d3c9dc9d18dd@group-ED94514A7227->9cab922b-4447-4fb1-93d6-6977ac88ca97: nextIndex: updateUnconditionally 1 -> 0
2019-09-27 17:46:40,260 [main] INFO  impl.RaftServerImpl (ServerState.java:close(385)) - 23205af3-9a5e-419b-ac4c-99a3f7ef887f@group-69117FFD6241: closes. applyIndex: 8
2019-09-27 17:46:40,261 [23205af3-9a5e-419b-ac4c-99a3f7ef887f@group-69117FFD6241-SegmentedRaftLogWorker] INFO  segmented.SegmentedRaftLogWorker (SegmentedRaftLogWorker.java:run(313)) - 23205af3-9a5e-419b-ac4c-99a3f7ef887f@group-69117FFD6241-SegmentedRaftLogWorker was interrupted, exiting. There are 0 tasks remaining in the queue.
2019-09-27 17:46:40,263 [main] INFO  segmented.SegmentedRaftLogWorker (SegmentedRaftLogWorker.java:close(228)) - 23205af3-9a5e-419b-ac4c-99a3f7ef887f@group-69117FFD6241-SegmentedRaftLogWorker close()
2019-09-27 17:46:40,268 [main] INFO  impl.RaftServerImpl (RaftServerImpl.java:lambda$shutdown$3(251)) - 23205af3-9a5e-419b-ac4c-99a3f7ef887f@group-1BDE70BC09BB: shutdown
2019-09-27 17:46:40,269 [main] INFO  util.JmxRegister (JmxRegister.java:unregister(73)) - Successfully un-registered JMX Bean with object name Ratis:service=RaftServer,group=group-1BDE70BC09BB,id=23205af3-9a5e-419b-ac4c-99a3f7ef887f
2019-09-27 17:46:40,270 [main] INFO  impl.RoleInfo (RoleInfo.java:shutdownLeaderState(104)) - 23205af3-9a5e-419b-ac4c-99a3f7ef887f: shutdown LeaderState
2019-09-27 17:46:40,271 [main] INFO  impl.PendingRequests (PendingRequests.java:sendNotLeaderResponses(202)) - 23205af3-9a5e-419b-ac4c-99a3f7ef887f-PendingRequests: sendNotLeaderResponses
2019-09-27 17:46:40,271 [refreshUsed-/workdir/hadoop-ozone/integration-test/target/test-dir/MiniOzoneClusterImpl-57f6cbf4-6bc8-4248-914c-40957cfe3779/datanode-1/data/containers] WARN  fs.CachingGetSpaceUsed (CachingGetSpaceUsed.java:run(183)) - Thread Interrupted waiting to refresh disk information: sleep interrupted
2019-09-27 17:46:40,272 [main] INFO  impl.StateMachineUpdater (StateMachineUpdater.java:stopAndJoin(125)) - 23205af3-9a5e-419b-ac4c-99a3f7ef887f@group-1BDE70BC09BB-StateMachineUpdater: set stopIndex = 0
2019-09-27 17:46:40,272 [main] INFO  impl.RaftServerImpl (ServerState.java:close(385)) - 23205af3-9a5e-419b-ac4c-99a3f7ef887f@group-1BDE70BC09BB: closes. applyIndex: 0
2019-09-27 17:46:40,273 [23205af3-9a5e-419b-ac4c-99a3f7ef887f@group-1BDE70BC09BB-SegmentedRaftLogWorker] INFO  segmented.SegmentedRaftLogWorker (SegmentedRaftLogWorker.java:run(313)) - 23205af3-9a5e-419b-ac4c-99a3f7ef887f@group-1BDE70BC09BB-SegmentedRaftLogWorker was interrupted, exiting. There are 0 tasks remaining in the queue.
2019-09-27 17:46:40,275 [main] INFO  segmented.SegmentedRaftLogWorker (SegmentedRaftLogWorker.java:close(228)) - 23205af3-9a5e-419b-ac4c-99a3f7ef887f@group-1BDE70BC09BB-SegmentedRaftLogWorker close()
2019-09-27 17:46:40,291 [main] INFO  server.GrpcService (GrpcService.java:closeImpl(164)) - 23205af3-9a5e-419b-ac4c-99a3f7ef887f: shutdown server with port 39973 now
2019-09-27 17:46:40,292 [grpc-default-executor-5] WARN  server.GrpcServerProtocolService (LogUtils.java:warn(134)) - 23205af3-9a5e-419b-ac4c-99a3f7ef887f: installSnapshot onError, lastRequest: 8115872d-0c95-4e59-8e34-d456d7ae9ddb->23205af3-9a5e-419b-ac4c-99a3f7ef887f#47-t1, previous=(t:1, i:8), leaderCommit=8, initializing? false, entries: <empty>: org.apache.ratis.thirdparty.io.grpc.StatusRuntimeException: CANCELLED: cancelled before receiving half close
2019-09-27 17:46:40,292 [main] INFO  server.GrpcService (GrpcService.java:closeImpl(172)) - 23205af3-9a5e-419b-ac4c-99a3f7ef887f: shutdown server with port 39973 successfully
2019-09-27 17:46:40,292 [grpc-default-executor-6] WARN  server.GrpcLogAppender (LogUtils.java:warn(134)) - 8115872d-0c95-4e59-8e34-d456d7ae9ddb@group-69117FFD6241->23205af3-9a5e-419b-ac4c-99a3f7ef887f-AppendLogResponseHandler: Failed appendEntries: org.apache.ratis.thirdparty.io.grpc.StatusRuntimeException: CANCELLED: HTTP/2 error code: CANCEL
Received Rst Stream
2019-09-27 17:46:40,292 [grpc-default-executor-6] INFO  impl.FollowerInfo (FollowerInfo.java:lambda$new$0(51)) - 8115872d-0c95-4e59-8e34-d456d7ae9ddb@group-69117FFD6241->23205af3-9a5e-419b-ac4c-99a3f7ef887f: nextIndex: updateUnconditionally 9 -> 8
2019-09-27 17:46:40,293 [grpc-default-executor-4] WARN  client.GrpcClientProtocolService (LogUtils.java:warn(134)) - 43-OrderedRequestStreamObserver43: onError: org.apache.ratis.thirdparty.io.grpc.StatusRuntimeException: CANCELLED: cancelled before receiving half close
2019-09-27 17:46:40,298 [refreshUsed-/workdir/hadoop-ozone/integration-test/target/test-dir/MiniOzoneClusterImpl-57f6cbf4-6bc8-4248-914c-40957cfe3779/datanode-4/data/containers] WARN  fs.CachingGetSpaceUsed (CachingGetSpaceUsed.java:run(183)) - Thread Interrupted waiting to refresh disk information: sleep interrupted
2019-09-27 17:46:40,307 [ForkJoinPool.commonPool-worker-1] INFO  utils.BackgroundService (BackgroundService.java:shutdown(148)) - Shutting down service BlockDeletingService
2019-09-27 17:46:40,315 [ForkJoinPool.commonPool-worker-1] INFO  statemachine.DatanodeStateMachine (DatanodeStateMachine.java:stopDaemon(395)) - Ozone container server stopped.
2019-09-27 17:46:40,322 [ForkJoinPool.commonPool-worker-1] INFO  handler.ContextHandler (ContextHandler.java:doStop(910)) - Stopped o.e.j.w.WebAppContext@4a92c6a9{/,null,UNAVAILABLE}{/hddsDatanode}
2019-09-27 17:46:40,323 [ForkJoinPool.commonPool-worker-1] INFO  server.AbstractConnector (AbstractConnector.java:doStop(318)) - Stopped ServerConnector@5c9934da{HTTP/1.1,[http/1.1]}{0.0.0.0:0}
2019-09-27 17:46:40,325 [ForkJoinPool.commonPool-worker-1] INFO  handler.ContextHandler (ContextHandler.java:doStop(910)) - Stopped o.e.j.s.ServletContextHandler@7ec95456{/static,jar:file:/home/user/.m2/repository/org/apache/hadoop/hadoop-hdds-container-service/0.5.0-SNAPSHOT/hadoop-hdds-container-service-0.5.0-SNAPSHOT.jar!/webapps/static,UNAVAILABLE}
2019-09-27 17:46:40,327 [ForkJoinPool.commonPool-worker-1] INFO  handler.ContextHandler (ContextHandler.java:doStop(910)) - Stopped o.e.j.s.ServletContextHandler@1e1eeedd{/logs,file:///workdir/hadoop-ozone/integration-test/target/log,UNAVAILABLE}
2019-09-27 17:46:40,331 [main] INFO  utils.BackgroundService (BackgroundService.java:shutdown(148)) - Shutting down service BlockDeletingService
2019-09-27 17:46:40,336 [main] INFO  statemachine.DatanodeStateMachine (DatanodeStateMachine.java:stopDaemon(395)) - Ozone container server stopped.
2019-09-27 17:46:40,337 [main] INFO  handler.ContextHandler (ContextHandler.java:doStop(910)) - Stopped o.e.j.w.WebAppContext@4997552e{/,null,UNAVAILABLE}{/hddsDatanode}
2019-09-27 17:46:40,337 [main] INFO  server.AbstractConnector (AbstractConnector.java:doStop(318)) - Stopped ServerConnector@7bcecef6{HTTP/1.1,[http/1.1]}{0.0.0.0:0}
2019-09-27 17:46:40,337 [main] INFO  handler.ContextHandler (ContextHandler.java:doStop(910)) - Stopped o.e.j.s.ServletContextHandler@1860f3be{/static,jar:file:/home/user/.m2/repository/org/apache/hadoop/hadoop-hdds-container-service/0.5.0-SNAPSHOT/hadoop-hdds-container-service-0.5.0-SNAPSHOT.jar!/webapps/static,UNAVAILABLE}
2019-09-27 17:46:40,338 [main] INFO  handler.ContextHandler (ContextHandler.java:doStop(910)) - Stopped o.e.j.s.ServletContextHandler@3965bdf9{/logs,file:///workdir/hadoop-ozone/integration-test/target/log,UNAVAILABLE}
2019-09-27 17:46:40,351 [Datanode State Machine Thread - 0] INFO  statemachine.DatanodeStateMachine (DatanodeStateMachine.java:lambda$startDaemon$0(350)) - Ozone container server started.
2019-09-27 17:46:41,085 [grpc-default-executor-4] WARN  server.GrpcLogAppender (LogUtils.java:warn(134)) - 8115872d-0c95-4e59-8e34-d456d7ae9ddb@group-69117FFD6241->23205af3-9a5e-419b-ac4c-99a3f7ef887f-AppendLogResponseHandler: Failed appendEntries: org.apache.ratis.thirdparty.io.grpc.StatusRuntimeException: UNAVAILABLE: io exception
2019-09-27 17:46:41,086 [grpc-default-executor-4] INFO  impl.FollowerInfo (FollowerInfo.java:lambda$new$0(51)) - 8115872d-0c95-4e59-8e34-d456d7ae9ddb@group-69117FFD6241->23205af3-9a5e-419b-ac4c-99a3f7ef887f: nextIndex: updateUnconditionally 8 -> 7
2019-09-27 17:46:41,937 [grpc-default-executor-5] WARN  server.GrpcLogAppender (LogUtils.java:warn(134)) - 05cdac53-6c56-4c7c-9e4c-d3c9dc9d18dd@group-ED94514A7227->9cab922b-4447-4fb1-93d6-6977ac88ca97-AppendLogResponseHandler: Failed appendEntries: org.apache.ratis.thirdparty.io.grpc.StatusRuntimeException: UNAVAILABLE: io exception
2019-09-27 17:46:41,938 [grpc-default-executor-5] INFO  impl.FollowerInfo (FollowerInfo.java:lambda$new$0(51)) - 05cdac53-6c56-4c7c-9e4c-d3c9dc9d18dd@group-ED94514A7227->9cab922b-4447-4fb1-93d6-6977ac88ca97: nextIndex: updateUnconditionally 0 -> 0
2019-09-27 17:46:43,587 [grpc-default-executor-4] WARN  server.GrpcLogAppender (LogUtils.java:warn(134)) - 8115872d-0c95-4e59-8e34-d456d7ae9ddb@group-69117FFD6241->23205af3-9a5e-419b-ac4c-99a3f7ef887f-AppendLogResponseHandler: Failed appendEntries: org.apache.ratis.thirdparty.io.grpc.StatusRuntimeException: UNAVAILABLE: io exception
2019-09-27 17:46:43,588 [grpc-default-executor-4] INFO  impl.FollowerInfo (FollowerInfo.java:lambda$new$0(51)) - 8115872d-0c95-4e59-8e34-d456d7ae9ddb@group-69117FFD6241->23205af3-9a5e-419b-ac4c-99a3f7ef887f: nextIndex: updateUnconditionally 7 -> 6
2019-09-27 17:46:44,442 [grpc-default-executor-5] WARN  server.GrpcLogAppender (LogUtils.java:warn(134)) - 05cdac53-6c56-4c7c-9e4c-d3c9dc9d18dd@group-ED94514A7227->9cab922b-4447-4fb1-93d6-6977ac88ca97-AppendLogResponseHandler: Failed appendEntries: org.apache.ratis.thirdparty.io.grpc.StatusRuntimeException: UNAVAILABLE: io exception
2019-09-27 17:46:44,443 [grpc-default-executor-5] INFO  impl.FollowerInfo (FollowerInfo.java:lambda$new$0(51)) - 05cdac53-6c56-4c7c-9e4c-d3c9dc9d18dd@group-ED94514A7227->9cab922b-4447-4fb1-93d6-6977ac88ca97: nextIndex: updateUnconditionally 0 -> 0
2019-09-27 17:46:45,330 [ForkJoinPool.commonPool-worker-1] INFO  ozoneimpl.OzoneContainer (OzoneContainer.java:stop(231)) - Attempting to stop container services.
2019-09-27 17:46:45,331 [ForkJoinPool.commonPool-worker-1] INFO  impl.RaftServerProxy (RaftServerProxy.java:lambda$close$4(314)) - 1aff70a5-6fd7-415c-9c83-4956156a56e6: close
2019-09-27 17:46:45,331 [ForkJoinPool.commonPool-worker-1] INFO  impl.RaftServerImpl (RaftServerImpl.java:lambda$shutdown$3(251)) - 1aff70a5-6fd7-415c-9c83-4956156a56e6@group-69117FFD6241: shutdown
2019-09-27 17:46:45,331 [ForkJoinPool.commonPool-worker-1] INFO  util.JmxRegister (JmxRegister.java:unregister(73)) - Successfully un-registered JMX Bean with object name Ratis:service=RaftServer,group=group-69117FFD6241,id=1aff70a5-6fd7-415c-9c83-4956156a56e6
2019-09-27 17:46:45,331 [ForkJoinPool.commonPool-worker-1] INFO  impl.RoleInfo (RoleInfo.java:shutdownFollowerState(121)) - 1aff70a5-6fd7-415c-9c83-4956156a56e6: shutdown FollowerState
2019-09-27 17:46:45,331 [ForkJoinPool.commonPool-worker-1] INFO  impl.StateMachineUpdater (StateMachineUpdater.java:stopAndJoin(125)) - 1aff70a5-6fd7-415c-9c83-4956156a56e6@group-69117FFD6241-StateMachineUpdater: set stopIndex = 8
2019-09-27 17:46:45,332 [Thread-777] INFO  impl.FollowerState (FollowerState.java:run(115)) - 1aff70a5-6fd7-415c-9c83-4956156a56e6: FollowerState was interrupted: java.lang.InterruptedException: sleep interrupted
2019-09-27 17:46:45,332 [1aff70a5-6fd7-415c-9c83-4956156a56e6@group-69117FFD6241-StateMachineUpdater] INFO  ratis.ContainerStateMachine (ContainerStateMachine.java:takeSnapshot(289)) - group-69117FFD6241: Taking a snapshot at:(t:1, i:6) file /workdir/hadoop-ozone/integration-test/target/test-dir/MiniOzoneClusterImpl-57f6cbf4-6bc8-4248-914c-40957cfe3779/datanode-2/data/ratis/81de177b-8361-4afe-917c-69117ffd6241/sm/snapshot.1_6
2019-09-27 17:46:45,339 [Datanode State Machine Thread - 0] INFO  statemachine.DatanodeStateMachine (DatanodeStateMachine.java:lambda$startDaemon$0(350)) - Ozone container server started.
2019-09-27 17:46:45,340 [main] INFO  ozoneimpl.OzoneContainer (OzoneContainer.java:stop(231)) - Attempting to stop container services.
2019-09-27 17:46:45,341 [main] INFO  impl.RaftServerProxy (RaftServerProxy.java:lambda$close$4(314)) - 4e5d8d87-6fbd-4b84-a744-263dd1cb0377: close
2019-09-27 17:46:45,341 [main] INFO  impl.RaftServerImpl (RaftServerImpl.java:lambda$shutdown$3(251)) - 4e5d8d87-6fbd-4b84-a744-263dd1cb0377@group-ED94514A7227: shutdown
2019-09-27 17:46:45,341 [main] INFO  util.JmxRegister (JmxRegister.java:unregister(73)) - Successfully un-registered JMX Bean with object name Ratis:service=RaftServer,group=group-ED94514A7227,id=4e5d8d87-6fbd-4b84-a744-263dd1cb0377
2019-09-27 17:46:45,342 [main] INFO  impl.RoleInfo (RoleInfo.java:shutdownFollowerState(121)) - 4e5d8d87-6fbd-4b84-a744-263dd1cb0377: shutdown FollowerState
2019-09-27 17:46:45,342 [main] INFO  impl.StateMachineUpdater (StateMachineUpdater.java:stopAndJoin(125)) - 4e5d8d87-6fbd-4b84-a744-263dd1cb0377@group-ED94514A7227-StateMachineUpdater: set stopIndex = 0
2019-09-27 17:46:45,342 [Thread-839] INFO  impl.FollowerState (FollowerState.java:run(115)) - 4e5d8d87-6fbd-4b84-a744-263dd1cb0377: FollowerState was interrupted: java.lang.InterruptedException: sleep interrupted
2019-09-27 17:46:45,351 [main] INFO  impl.RaftServerImpl (ServerState.java:close(385)) - 4e5d8d87-6fbd-4b84-a744-263dd1cb0377@group-ED94514A7227: closes. applyIndex: 0
2019-09-27 17:46:45,352 [4e5d8d87-6fbd-4b84-a744-263dd1cb0377@group-ED94514A7227-SegmentedRaftLogWorker] INFO  segmented.SegmentedRaftLogWorker (SegmentedRaftLogWorker.java:run(313)) - 4e5d8d87-6fbd-4b84-a744-263dd1cb0377@group-ED94514A7227-SegmentedRaftLogWorker was interrupted, exiting. There are 0 tasks remaining in the queue.
2019-09-27 17:46:45,359 [main] INFO  segmented.SegmentedRaftLogWorker (SegmentedRaftLogWorker.java:close(228)) - 4e5d8d87-6fbd-4b84-a744-263dd1cb0377@group-ED94514A7227-SegmentedRaftLogWorker close()
2019-09-27 17:46:45,361 [1aff70a5-6fd7-415c-9c83-4956156a56e6@group-69117FFD6241-StateMachineUpdater] INFO  ratis.ContainerStateMachine (ContainerStateMachine.java:takeSnapshot(300)) - group-69117FFD6241: Finished taking a snapshot at:(t:1, i:6) file:/workdir/hadoop-ozone/integration-test/target/test-dir/MiniOzoneClusterImpl-57f6cbf4-6bc8-4248-914c-40957cfe3779/datanode-2/data/ratis/81de177b-8361-4afe-917c-69117ffd6241/sm/snapshot.1_6 time:30
2019-09-27 17:46:45,362 [main] INFO  impl.RaftServerImpl (RaftServerImpl.java:lambda$shutdown$3(251)) - 4e5d8d87-6fbd-4b84-a744-263dd1cb0377@group-39B06CC0A5D2: shutdown
2019-09-27 17:46:45,362 [1aff70a5-6fd7-415c-9c83-4956156a56e6@group-69117FFD6241-StateMachineUpdater] INFO  impl.StateMachineUpdater (StateMachineUpdater.java:takeSnapshot(258)) - 1aff70a5-6fd7-415c-9c83-4956156a56e6@group-69117FFD6241-StateMachineUpdater: Took a snapshot at index 6
2019-09-27 17:46:45,362 [main] INFO  util.JmxRegister (JmxRegister.java:unregister(73)) - Successfully un-registered JMX Bean with object name Ratis:service=RaftServer,group=group-39B06CC0A5D2,id=4e5d8d87-6fbd-4b84-a744-263dd1cb0377
2019-09-27 17:46:45,362 [1aff70a5-6fd7-415c-9c83-4956156a56e6@group-69117FFD6241-StateMachineUpdater] INFO  impl.StateMachineUpdater (StateMachineUpdater.java:lambda$new$0(83)) - 1aff70a5-6fd7-415c-9c83-4956156a56e6@group-69117FFD6241-StateMachineUpdater: snapshotIndex: updateIncreasingly -1 -> 6
2019-09-27 17:46:45,363 [main] INFO  impl.RoleInfo (RoleInfo.java:shutdownLeaderState(104)) - 4e5d8d87-6fbd-4b84-a744-263dd1cb0377: shutdown LeaderState
2019-09-27 17:46:45,363 [1aff70a5-6fd7-415c-9c83-4956156a56e6@group-69117FFD6241-StateMachineUpdater] INFO  ratis.ContainerStateMachine (ContainerStateMachine.java:takeSnapshot(289)) - group-69117FFD6241: Taking a snapshot at:(t:1, i:6) file /workdir/hadoop-ozone/integration-test/target/test-dir/MiniOzoneClusterImpl-57f6cbf4-6bc8-4248-914c-40957cfe3779/datanode-2/data/ratis/81de177b-8361-4afe-917c-69117ffd6241/sm/snapshot.1_6
2019-09-27 17:46:45,363 [main] INFO  impl.PendingRequests (PendingRequests.java:sendNotLeaderResponses(202)) - 4e5d8d87-6fbd-4b84-a744-263dd1cb0377-PendingRequests: sendNotLeaderResponses
2019-09-27 17:46:45,364 [main] INFO  impl.StateMachineUpdater (StateMachineUpdater.java:stopAndJoin(125)) - 4e5d8d87-6fbd-4b84-a744-263dd1cb0377@group-39B06CC0A5D2-StateMachineUpdater: set stopIndex = 0
2019-09-27 17:46:45,365 [main] INFO  impl.RaftServerImpl (ServerState.java:close(385)) - 4e5d8d87-6fbd-4b84-a744-263dd1cb0377@group-39B06CC0A5D2: closes. applyIndex: 0
2019-09-27 17:46:45,365 [4e5d8d87-6fbd-4b84-a744-263dd1cb0377@group-39B06CC0A5D2-SegmentedRaftLogWorker] INFO  segmented.SegmentedRaftLogWorker (SegmentedRaftLogWorker.java:run(313)) - 4e5d8d87-6fbd-4b84-a744-263dd1cb0377@group-39B06CC0A5D2-SegmentedRaftLogWorker was interrupted, exiting. There are 0 tasks remaining in the queue.
2019-09-27 17:46:45,367 [1aff70a5-6fd7-415c-9c83-4956156a56e6@group-69117FFD6241-StateMachineUpdater] INFO  ratis.ContainerStateMachine (ContainerStateMachine.java:takeSnapshot(300)) - group-69117FFD6241: Finished taking a snapshot at:(t:1, i:6) file:/workdir/hadoop-ozone/integration-test/target/test-dir/MiniOzoneClusterImpl-57f6cbf4-6bc8-4248-914c-40957cfe3779/datanode-2/data/ratis/81de177b-8361-4afe-917c-69117ffd6241/sm/snapshot.1_6 time:4
2019-09-27 17:46:45,367 [main] INFO  segmented.SegmentedRaftLogWorker (SegmentedRaftLogWorker.java:close(228)) - 4e5d8d87-6fbd-4b84-a744-263dd1cb0377@group-39B06CC0A5D2-SegmentedRaftLogWorker close()
2019-09-27 17:46:45,367 [1aff70a5-6fd7-415c-9c83-4956156a56e6@group-69117FFD6241-StateMachineUpdater] INFO  impl.StateMachineUpdater (StateMachineUpdater.java:takeSnapshot(258)) - 1aff70a5-6fd7-415c-9c83-4956156a56e6@group-69117FFD6241-StateMachineUpdater: Took a snapshot at index 6
2019-09-27 17:46:45,369 [1aff70a5-6fd7-415c-9c83-4956156a56e6@group-69117FFD6241-StateMachineUpdater] INFO  impl.StateMachineUpdater (StateMachineUpdater.java:lambda$new$0(83)) - 1aff70a5-6fd7-415c-9c83-4956156a56e6@group-69117FFD6241-StateMachineUpdater: snapshotIndex: updateIncreasingly 6 -> 6
2019-09-27 17:46:45,370 [ForkJoinPool.commonPool-worker-1] INFO  impl.RaftServerImpl (ServerState.java:close(385)) - 1aff70a5-6fd7-415c-9c83-4956156a56e6@group-69117FFD6241: closes. applyIndex: 8
2019-09-27 17:46:45,370 [main] INFO  server.GrpcService (GrpcService.java:closeImpl(164)) - 4e5d8d87-6fbd-4b84-a744-263dd1cb0377: shutdown server with port 43485 now
2019-09-27 17:46:45,370 [1aff70a5-6fd7-415c-9c83-4956156a56e6@group-69117FFD6241-SegmentedRaftLogWorker] INFO  segmented.SegmentedRaftLogWorker (SegmentedRaftLogWorker.java:run(313)) - 1aff70a5-6fd7-415c-9c83-4956156a56e6@group-69117FFD6241-SegmentedRaftLogWorker was interrupted, exiting. There are 0 tasks remaining in the queue.
2019-09-27 17:46:45,372 [ForkJoinPool.commonPool-worker-1] INFO  segmented.SegmentedRaftLogWorker (SegmentedRaftLogWorker.java:close(228)) - 1aff70a5-6fd7-415c-9c83-4956156a56e6@group-69117FFD6241-SegmentedRaftLogWorker close()
2019-09-27 17:46:45,373 [ForkJoinPool.commonPool-worker-1] INFO  impl.RaftServerImpl (RaftServerImpl.java:lambda$shutdown$3(251)) - 1aff70a5-6fd7-415c-9c83-4956156a56e6@group-BBD62568AB73: shutdown
2019-09-27 17:46:45,374 [ForkJoinPool.commonPool-worker-1] INFO  util.JmxRegister (JmxRegister.java:unregister(73)) - Successfully un-registered JMX Bean with object name Ratis:service=RaftServer,group=group-BBD62568AB73,id=1aff70a5-6fd7-415c-9c83-4956156a56e6
2019-09-27 17:46:45,374 [grpc-default-executor-6] WARN  server.GrpcServerProtocolService (LogUtils.java:warn(134)) - 4e5d8d87-6fbd-4b84-a744-263dd1cb0377: installSnapshot onError, lastRequest: 05cdac53-6c56-4c7c-9e4c-d3c9dc9d18dd->4e5d8d87-6fbd-4b84-a744-263dd1cb0377#40-t2, previous=(t:2, i:0), leaderCommit=0, initializing? false, entries: <empty>: org.apache.ratis.thirdparty.io.grpc.StatusRuntimeException: CANCELLED: cancelled before receiving half close
2019-09-27 17:46:45,374 [main] INFO  server.GrpcService (GrpcService.java:closeImpl(172)) - 4e5d8d87-6fbd-4b84-a744-263dd1cb0377: shutdown server with port 43485 successfully
2019-09-27 17:46:45,374 [ForkJoinPool.commonPool-worker-1] INFO  impl.RoleInfo (RoleInfo.java:shutdownLeaderState(104)) - 1aff70a5-6fd7-415c-9c83-4956156a56e6: shutdown LeaderState
2019-09-27 17:46:45,374 [grpc-default-executor-4] WARN  server.GrpcLogAppender (LogUtils.java:warn(134)) - 05cdac53-6c56-4c7c-9e4c-d3c9dc9d18dd@group-ED94514A7227->4e5d8d87-6fbd-4b84-a744-263dd1cb0377-AppendLogResponseHandler: Failed appendEntries: org.apache.ratis.thirdparty.io.grpc.StatusRuntimeException: CANCELLED: HTTP/2 error code: CANCEL
Received Rst Stream
2019-09-27 17:46:45,375 [ForkJoinPool.commonPool-worker-1] INFO  impl.PendingRequests (PendingRequests.java:sendNotLeaderResponses(202)) - 1aff70a5-6fd7-415c-9c83-4956156a56e6-PendingRequests: sendNotLeaderResponses
2019-09-27 17:46:45,375 [grpc-default-executor-4] INFO  impl.FollowerInfo (FollowerInfo.java:lambda$new$0(51)) - 05cdac53-6c56-4c7c-9e4c-d3c9dc9d18dd@group-ED94514A7227->4e5d8d87-6fbd-4b84-a744-263dd1cb0377: nextIndex: updateUnconditionally 1 -> 0
2019-09-27 17:46:45,375 [ForkJoinPool.commonPool-worker-1] INFO  impl.StateMachineUpdater (StateMachineUpdater.java:stopAndJoin(125)) - 1aff70a5-6fd7-415c-9c83-4956156a56e6@group-BBD62568AB73-StateMachineUpdater: set stopIndex = 0
2019-09-27 17:46:45,376 [ForkJoinPool.commonPool-worker-1] INFO  impl.RaftServerImpl (ServerState.java:close(385)) - 1aff70a5-6fd7-415c-9c83-4956156a56e6@group-BBD62568AB73: closes. applyIndex: 0
2019-09-27 17:46:45,376 [1aff70a5-6fd7-415c-9c83-4956156a56e6@group-BBD62568AB73-SegmentedRaftLogWorker] INFO  segmented.SegmentedRaftLogWorker (SegmentedRaftLogWorker.java:run(313)) - 1aff70a5-6fd7-415c-9c83-4956156a56e6@group-BBD62568AB73-SegmentedRaftLogWorker was interrupted, exiting. There are 0 tasks remaining in the queue.
2019-09-27 17:46:45,378 [ForkJoinPool.commonPool-worker-1] INFO  segmented.SegmentedRaftLogWorker (SegmentedRaftLogWorker.java:close(228)) - 1aff70a5-6fd7-415c-9c83-4956156a56e6@group-BBD62568AB73-SegmentedRaftLogWorker close()
2019-09-27 17:46:45,379 [ForkJoinPool.commonPool-worker-1] INFO  server.GrpcService (GrpcService.java:closeImpl(164)) - 1aff70a5-6fd7-415c-9c83-4956156a56e6: shutdown server with port 34775 now
2019-09-27 17:46:45,379 [refreshUsed-/workdir/hadoop-ozone/integration-test/target/test-dir/MiniOzoneClusterImpl-57f6cbf4-6bc8-4248-914c-40957cfe3779/datanode-3/data/containers] WARN  fs.CachingGetSpaceUsed (CachingGetSpaceUsed.java:run(183)) - Thread Interrupted waiting to refresh disk information: sleep interrupted
2019-09-27 17:46:45,380 [grpc-default-executor-6] WARN  server.GrpcServerProtocolService (LogUtils.java:warn(134)) - 1aff70a5-6fd7-415c-9c83-4956156a56e6: installSnapshot onError, lastRequest: 8115872d-0c95-4e59-8e34-d456d7ae9ddb->1aff70a5-6fd7-415c-9c83-4956156a56e6#49-t1, previous=(t:1, i:8), leaderCommit=8, initializing? false, entries: <empty>: org.apache.ratis.thirdparty.io.grpc.StatusRuntimeException: CANCELLED: cancelled before receiving half close
2019-09-27 17:46:45,380 [ForkJoinPool.commonPool-worker-1] INFO  server.GrpcService (GrpcService.java:closeImpl(172)) - 1aff70a5-6fd7-415c-9c83-4956156a56e6: shutdown server with port 34775 successfully
2019-09-27 17:46:45,380 [grpc-default-executor-5] WARN  server.GrpcLogAppender (LogUtils.java:warn(134)) - 8115872d-0c95-4e59-8e34-d456d7ae9ddb@group-69117FFD6241->1aff70a5-6fd7-415c-9c83-4956156a56e6-AppendLogResponseHandler: Failed appendEntries: org.apache.ratis.thirdparty.io.grpc.StatusRuntimeException: CANCELLED: HTTP/2 error code: CANCEL
Received Rst Stream
2019-09-27 17:46:45,380 [grpc-default-executor-5] INFO  impl.FollowerInfo (FollowerInfo.java:lambda$new$0(51)) - 8115872d-0c95-4e59-8e34-d456d7ae9ddb@group-69117FFD6241->1aff70a5-6fd7-415c-9c83-4956156a56e6: nextIndex: updateUnconditionally 9 -> 8
2019-09-27 17:46:45,387 [refreshUsed-/workdir/hadoop-ozone/integration-test/target/test-dir/MiniOzoneClusterImpl-57f6cbf4-6bc8-4248-914c-40957cfe3779/datanode-2/data/containers] WARN  fs.CachingGetSpaceUsed (CachingGetSpaceUsed.java:run(183)) - Thread Interrupted waiting to refresh disk information: sleep interrupted
2019-09-27 17:46:45,402 [main] INFO  utils.BackgroundService (BackgroundService.java:shutdown(148)) - Shutting down service BlockDeletingService
2019-09-27 17:46:45,402 [ForkJoinPool.commonPool-worker-1] INFO  utils.BackgroundService (BackgroundService.java:shutdown(148)) - Shutting down service BlockDeletingService
2019-09-27 17:46:45,406 [ForkJoinPool.commonPool-worker-1] INFO  statemachine.DatanodeStateMachine (DatanodeStateMachine.java:stopDaemon(395)) - Ozone container server stopped.
2019-09-27 17:46:45,406 [main] INFO  statemachine.DatanodeStateMachine (DatanodeStateMachine.java:stopDaemon(395)) - Ozone container server stopped.
2019-09-27 17:46:45,410 [ForkJoinPool.commonPool-worker-1] INFO  handler.ContextHandler (ContextHandler.java:doStop(910)) - Stopped o.e.j.w.WebAppContext@42f85fa4{/,null,UNAVAILABLE}{/hddsDatanode}
2019-09-27 17:46:45,410 [main] INFO  handler.ContextHandler (ContextHandler.java:doStop(910)) - Stopped o.e.j.w.WebAppContext@32eae6f2{/,null,UNAVAILABLE}{/hddsDatanode}
2019-09-27 17:46:45,411 [ForkJoinPool.commonPool-worker-1] INFO  server.AbstractConnector (AbstractConnector.java:doStop(318)) - Stopped ServerConnector@798dad3d{HTTP/1.1,[http/1.1]}{0.0.0.0:0}
2019-09-27 17:46:45,411 [main] INFO  server.AbstractConnector (AbstractConnector.java:doStop(318)) - Stopped ServerConnector@26ca61bf{HTTP/1.1,[http/1.1]}{0.0.0.0:0}
2019-09-27 17:46:45,412 [ForkJoinPool.commonPool-worker-1] INFO  handler.ContextHandler (ContextHandler.java:doStop(910)) - Stopped o.e.j.s.ServletContextHandler@70025b99{/static,jar:file:/home/user/.m2/repository/org/apache/hadoop/hadoop-hdds-container-service/0.5.0-SNAPSHOT/hadoop-hdds-container-service-0.5.0-SNAPSHOT.jar!/webapps/static,UNAVAILABLE}
2019-09-27 17:46:45,413 [main] INFO  handler.ContextHandler (ContextHandler.java:doStop(910)) - Stopped o.e.j.s.ServletContextHandler@2404b5a{/static,jar:file:/home/user/.m2/repository/org/apache/hadoop/hadoop-hdds-container-service/0.5.0-SNAPSHOT/hadoop-hdds-container-service-0.5.0-SNAPSHOT.jar!/webapps/static,UNAVAILABLE}
2019-09-27 17:46:45,414 [ForkJoinPool.commonPool-worker-1] INFO  handler.ContextHandler (ContextHandler.java:doStop(910)) - Stopped o.e.j.s.ServletContextHandler@558b4942{/logs,file:///workdir/hadoop-ozone/integration-test/target/log,UNAVAILABLE}
2019-09-27 17:46:45,414 [main] INFO  handler.ContextHandler (ContextHandler.java:doStop(910)) - Stopped o.e.j.s.ServletContextHandler@39f5b723{/logs,file:///workdir/hadoop-ozone/integration-test/target/log,UNAVAILABLE}
2019-09-27 17:46:46,087 [grpc-default-executor-4] WARN  server.GrpcLogAppender (LogUtils.java:warn(134)) - 8115872d-0c95-4e59-8e34-d456d7ae9ddb@group-69117FFD6241->23205af3-9a5e-419b-ac4c-99a3f7ef887f-AppendLogResponseHandler: Failed appendEntries: org.apache.ratis.thirdparty.io.grpc.StatusRuntimeException: UNAVAILABLE: io exception
2019-09-27 17:46:46,088 [grpc-default-executor-4] INFO  impl.FollowerInfo (FollowerInfo.java:lambda$new$0(51)) - 8115872d-0c95-4e59-8e34-d456d7ae9ddb@group-69117FFD6241->23205af3-9a5e-419b-ac4c-99a3f7ef887f: nextIndex: updateUnconditionally 6 -> 5
2019-09-27 17:46:46,089 [grpc-default-executor-6] WARN  server.GrpcLogAppender (LogUtils.java:warn(134)) - 8115872d-0c95-4e59-8e34-d456d7ae9ddb@group-69117FFD6241->1aff70a5-6fd7-415c-9c83-4956156a56e6-AppendLogResponseHandler: Failed appendEntries: org.apache.ratis.thirdparty.io.grpc.StatusRuntimeException: UNAVAILABLE: io exception
2019-09-27 17:46:46,090 [grpc-default-executor-6] INFO  impl.FollowerInfo (FollowerInfo.java:lambda$new$0(51)) - 8115872d-0c95-4e59-8e34-d456d7ae9ddb@group-69117FFD6241->1aff70a5-6fd7-415c-9c83-4956156a56e6: nextIndex: updateUnconditionally 8 -> 7
2019-09-27 17:46:46,153 [Datanode State Machine Thread - 0] INFO  statemachine.DatanodeStateMachine (DatanodeStateMachine.java:lambda$startDaemon$0(350)) - Ozone container server started.
2019-09-27 17:46:46,292 [Datanode State Machine Thread - 0] INFO  statemachine.DatanodeStateMachine (DatanodeStateMachine.java:lambda$startDaemon$0(350)) - Ozone container server started.
2019-09-27 17:46:46,940 [grpc-default-executor-6] WARN  server.GrpcLogAppender (LogUtils.java:warn(134)) - 05cdac53-6c56-4c7c-9e4c-d3c9dc9d18dd@group-ED94514A7227->9cab922b-4447-4fb1-93d6-6977ac88ca97-AppendLogResponseHandler: Failed appendEntries: org.apache.ratis.thirdparty.io.grpc.StatusRuntimeException: UNAVAILABLE: io exception
2019-09-27 17:46:46,941 [grpc-default-executor-6] INFO  impl.FollowerInfo (FollowerInfo.java:lambda$new$0(51)) - 05cdac53-6c56-4c7c-9e4c-d3c9dc9d18dd@group-ED94514A7227->9cab922b-4447-4fb1-93d6-6977ac88ca97: nextIndex: updateUnconditionally 0 -> 0
2019-09-27 17:46:46,944 [grpc-default-executor-6] WARN  server.GrpcLogAppender (LogUtils.java:warn(134)) - 05cdac53-6c56-4c7c-9e4c-d3c9dc9d18dd@group-ED94514A7227->4e5d8d87-6fbd-4b84-a744-263dd1cb0377-AppendLogResponseHandler: Failed appendEntries: org.apache.ratis.thirdparty.io.grpc.StatusRuntimeException: UNAVAILABLE: io exception
2019-09-27 17:46:46,945 [grpc-default-executor-6] INFO  impl.FollowerInfo (FollowerInfo.java:lambda$new$0(51)) - 05cdac53-6c56-4c7c-9e4c-d3c9dc9d18dd@group-ED94514A7227->4e5d8d87-6fbd-4b84-a744-263dd1cb0377: nextIndex: updateUnconditionally 0 -> 0
2019-09-27 17:46:48,607 [grpc-default-executor-6] WARN  server.GrpcLogAppender (LogUtils.java:warn(134)) - 8115872d-0c95-4e59-8e34-d456d7ae9ddb@group-69117FFD6241->1aff70a5-6fd7-415c-9c83-4956156a56e6-AppendLogResponseHandler: Failed appendEntries: org.apache.ratis.thirdparty.io.grpc.StatusRuntimeException: UNAVAILABLE: io exception
2019-09-27 17:46:48,607 [grpc-default-executor-4] WARN  server.GrpcLogAppender (LogUtils.java:warn(134)) - 8115872d-0c95-4e59-8e34-d456d7ae9ddb@group-69117FFD6241->23205af3-9a5e-419b-ac4c-99a3f7ef887f-AppendLogResponseHandler: Failed appendEntries: org.apache.ratis.thirdparty.io.grpc.StatusRuntimeException: UNAVAILABLE: io exception
2019-09-27 17:46:48,607 [grpc-default-executor-6] INFO  impl.FollowerInfo (FollowerInfo.java:lambda$new$0(51)) - 8115872d-0c95-4e59-8e34-d456d7ae9ddb@group-69117FFD6241->1aff70a5-6fd7-415c-9c83-4956156a56e6: nextIndex: updateUnconditionally 7 -> 6
2019-09-27 17:46:48,607 [grpc-default-executor-4] INFO  impl.FollowerInfo (FollowerInfo.java:lambda$new$0(51)) - 8115872d-0c95-4e59-8e34-d456d7ae9ddb@group-69117FFD6241->23205af3-9a5e-419b-ac4c-99a3f7ef887f: nextIndex: updateUnconditionally 5 -> 4
2019-09-27 17:46:49,444 [grpc-default-executor-5] WARN  server.GrpcLogAppender (LogUtils.java:warn(134)) - 05cdac53-6c56-4c7c-9e4c-d3c9dc9d18dd@group-ED94514A7227->9cab922b-4447-4fb1-93d6-6977ac88ca97-AppendLogResponseHandler: Failed appendEntries: org.apache.ratis.thirdparty.io.grpc.StatusRuntimeException: UNAVAILABLE: io exception
2019-09-27 17:46:49,445 [grpc-default-executor-4] WARN  server.GrpcLogAppender (LogUtils.java:warn(134)) - 05cdac53-6c56-4c7c-9e4c-d3c9dc9d18dd@group-ED94514A7227->4e5d8d87-6fbd-4b84-a744-263dd1cb0377-AppendLogResponseHandler: Failed appendEntries: org.apache.ratis.thirdparty.io.grpc.StatusRuntimeException: UNAVAILABLE: io exception
2019-09-27 17:46:49,445 [grpc-default-executor-4] INFO  impl.FollowerInfo (FollowerInfo.java:lambda$new$0(51)) - 05cdac53-6c56-4c7c-9e4c-d3c9dc9d18dd@group-ED94514A7227->4e5d8d87-6fbd-4b84-a744-263dd1cb0377: nextIndex: updateUnconditionally 0 -> 0
2019-09-27 17:46:49,445 [grpc-default-executor-5] INFO  impl.FollowerInfo (FollowerInfo.java:lambda$new$0(51)) - 05cdac53-6c56-4c7c-9e4c-d3c9dc9d18dd@group-ED94514A7227->9cab922b-4447-4fb1-93d6-6977ac88ca97: nextIndex: updateUnconditionally 0 -> 0
2019-09-27 17:46:50,417 [ForkJoinPool.commonPool-worker-1] INFO  ozoneimpl.OzoneContainer (OzoneContainer.java:stop(231)) - Attempting to stop container services.
2019-09-27 17:46:50,417 [main] INFO  ozoneimpl.OzoneContainer (OzoneContainer.java:stop(231)) - Attempting to stop container services.
2019-09-27 17:46:50,419 [ForkJoinPool.commonPool-worker-1] INFO  impl.RaftServerProxy (RaftServerProxy.java:lambda$close$4(314)) - 05cdac53-6c56-4c7c-9e4c-d3c9dc9d18dd: close
2019-09-27 17:46:50,419 [main] INFO  impl.RaftServerProxy (RaftServerProxy.java:lambda$close$4(314)) - 8115872d-0c95-4e59-8e34-d456d7ae9ddb: close
2019-09-27 17:46:50,419 [ForkJoinPool.commonPool-worker-1] INFO  impl.RaftServerImpl (RaftServerImpl.java:lambda$shutdown$3(251)) - 05cdac53-6c56-4c7c-9e4c-d3c9dc9d18dd@group-ED94514A7227: shutdown
2019-09-27 17:46:50,420 [main] INFO  impl.RaftServerImpl (RaftServerImpl.java:lambda$shutdown$3(251)) - 8115872d-0c95-4e59-8e34-d456d7ae9ddb@group-6D123396A5C6: shutdown
2019-09-27 17:46:50,420 [ForkJoinPool.commonPool-worker-1] INFO  util.JmxRegister (JmxRegister.java:unregister(73)) - Successfully un-registered JMX Bean with object name Ratis:service=RaftServer,group=group-ED94514A7227,id=05cdac53-6c56-4c7c-9e4c-d3c9dc9d18dd
2019-09-27 17:46:50,420 [main] INFO  util.JmxRegister (JmxRegister.java:unregister(73)) - Successfully un-registered JMX Bean with object name Ratis:service=RaftServer,group=group-6D123396A5C6,id=8115872d-0c95-4e59-8e34-d456d7ae9ddb
2019-09-27 17:46:50,421 [ForkJoinPool.commonPool-worker-1] INFO  impl.RoleInfo (RoleInfo.java:shutdownLeaderState(104)) - 05cdac53-6c56-4c7c-9e4c-d3c9dc9d18dd: shutdown LeaderState
2019-09-27 17:46:50,421 [main] INFO  impl.RoleInfo (RoleInfo.java:shutdownLeaderState(104)) - 8115872d-0c95-4e59-8e34-d456d7ae9ddb: shutdown LeaderState
2019-09-27 17:46:50,425 [org.apache.ratis.server.impl.LogAppender$AppenderDaemon$$Lambda$490/918681329@2f5e7199] WARN  server.GrpcLogAppender (GrpcLogAppender.java:mayWait(143)) - 05cdac53-6c56-4c7c-9e4c-d3c9dc9d18dd@group-ED94514A7227->9cab922b-4447-4fb1-93d6-6977ac88ca97-GrpcLogAppender: Wait interrupted by java.lang.InterruptedException
2019-09-27 17:46:50,425 [org.apache.ratis.server.impl.LogAppender$AppenderDaemon$$Lambda$490/918681329@6bf0b71d] WARN  server.GrpcLogAppender (GrpcLogAppender.java:mayWait(143)) - 05cdac53-6c56-4c7c-9e4c-d3c9dc9d18dd@group-ED94514A7227->4e5d8d87-6fbd-4b84-a744-263dd1cb0377-GrpcLogAppender: Wait interrupted by java.lang.InterruptedException
2019-09-27 17:46:50,425 [ForkJoinPool.commonPool-worker-1] INFO  impl.PendingRequests (PendingRequests.java:sendNotLeaderResponses(202)) - 05cdac53-6c56-4c7c-9e4c-d3c9dc9d18dd-PendingRequests: sendNotLeaderResponses
2019-09-27 17:46:50,425 [main] INFO  impl.PendingRequests (PendingRequests.java:sendNotLeaderResponses(202)) - 8115872d-0c95-4e59-8e34-d456d7ae9ddb-PendingRequests: sendNotLeaderResponses
2019-09-27 17:46:50,426 [ForkJoinPool.commonPool-worker-1] INFO  impl.StateMachineUpdater (StateMachineUpdater.java:stopAndJoin(125)) - 05cdac53-6c56-4c7c-9e4c-d3c9dc9d18dd@group-ED94514A7227-StateMachineUpdater: set stopIndex = 0
2019-09-27 17:46:50,426 [main] INFO  impl.StateMachineUpdater (StateMachineUpdater.java:stopAndJoin(125)) - 8115872d-0c95-4e59-8e34-d456d7ae9ddb@group-6D123396A5C6-StateMachineUpdater: set stopIndex = 0
2019-09-27 17:46:50,427 [ForkJoinPool.commonPool-worker-1] INFO  impl.RaftServerImpl (ServerState.java:close(385)) - 05cdac53-6c56-4c7c-9e4c-d3c9dc9d18dd@group-ED94514A7227: closes. applyIndex: 0
2019-09-27 17:46:50,427 [main] INFO  impl.RaftServerImpl (ServerState.java:close(385)) - 8115872d-0c95-4e59-8e34-d456d7ae9ddb@group-6D123396A5C6: closes. applyIndex: 0
2019-09-27 17:46:50,427 [05cdac53-6c56-4c7c-9e4c-d3c9dc9d18dd@group-ED94514A7227-SegmentedRaftLogWorker] INFO  segmented.SegmentedRaftLogWorker (SegmentedRaftLogWorker.java:run(313)) - 05cdac53-6c56-4c7c-9e4c-d3c9dc9d18dd@group-ED94514A7227-SegmentedRaftLogWorker was interrupted, exiting. There are 0 tasks remaining in the queue.
2019-09-27 17:46:50,428 [8115872d-0c95-4e59-8e34-d456d7ae9ddb@group-6D123396A5C6-SegmentedRaftLogWorker] INFO  segmented.SegmentedRaftLogWorker (SegmentedRaftLogWorker.java:run(313)) - 8115872d-0c95-4e59-8e34-d456d7ae9ddb@group-6D123396A5C6-SegmentedRaftLogWorker was interrupted, exiting. There are 0 tasks remaining in the queue.
2019-09-27 17:46:50,448 [ForkJoinPool.commonPool-worker-1] INFO  segmented.SegmentedRaftLogWorker (SegmentedRaftLogWorker.java:close(228)) - 05cdac53-6c56-4c7c-9e4c-d3c9dc9d18dd@group-ED94514A7227-SegmentedRaftLogWorker close()
2019-09-27 17:46:50,448 [main] INFO  segmented.SegmentedRaftLogWorker (SegmentedRaftLogWorker.java:close(228)) - 8115872d-0c95-4e59-8e34-d456d7ae9ddb@group-6D123396A5C6-SegmentedRaftLogWorker close()
2019-09-27 17:46:50,449 [ForkJoinPool.commonPool-worker-1] INFO  impl.RaftServerImpl (RaftServerImpl.java:lambda$shutdown$3(251)) - 05cdac53-6c56-4c7c-9e4c-d3c9dc9d18dd@group-852792C98ACA: shutdown
2019-09-27 17:46:50,455 [main] INFO  impl.RaftServerImpl (RaftServerImpl.java:lambda$shutdown$3(251)) - 8115872d-0c95-4e59-8e34-d456d7ae9ddb@group-69117FFD6241: shutdown
2019-09-27 17:46:50,455 [ForkJoinPool.commonPool-worker-1] INFO  util.JmxRegister (JmxRegister.java:unregister(73)) - Successfully un-registered JMX Bean with object name Ratis:service=RaftServer,group=group-852792C98ACA,id=05cdac53-6c56-4c7c-9e4c-d3c9dc9d18dd
2019-09-27 17:46:50,456 [main] INFO  util.JmxRegister (JmxRegister.java:unregister(73)) - Successfully un-registered JMX Bean with object name Ratis:service=RaftServer,group=group-69117FFD6241,id=8115872d-0c95-4e59-8e34-d456d7ae9ddb
2019-09-27 17:46:50,456 [ForkJoinPool.commonPool-worker-1] INFO  impl.RoleInfo (RoleInfo.java:shutdownLeaderState(104)) - 05cdac53-6c56-4c7c-9e4c-d3c9dc9d18dd: shutdown LeaderState
2019-09-27 17:46:50,456 [main] INFO  impl.RoleInfo (RoleInfo.java:shutdownLeaderState(104)) - 8115872d-0c95-4e59-8e34-d456d7ae9ddb: shutdown LeaderState
2019-09-27 17:46:50,456 [ForkJoinPool.commonPool-worker-1] INFO  impl.PendingRequests (PendingRequests.java:sendNotLeaderResponses(202)) - 05cdac53-6c56-4c7c-9e4c-d3c9dc9d18dd-PendingRequests: sendNotLeaderResponses
2019-09-27 17:46:50,459 [main] INFO  impl.PendingRequests (PendingRequests.java:sendNotLeaderResponses(202)) - 8115872d-0c95-4e59-8e34-d456d7ae9ddb-PendingRequests: sendNotLeaderResponses
2019-09-27 17:46:50,460 [org.apache.ratis.server.impl.LogAppender$AppenderDaemon$$Lambda$490/918681329@21278830] WARN  server.GrpcLogAppender (GrpcLogAppender.java:mayWait(143)) - 8115872d-0c95-4e59-8e34-d456d7ae9ddb@group-69117FFD6241->1aff70a5-6fd7-415c-9c83-4956156a56e6-GrpcLogAppender: Wait interrupted by java.lang.InterruptedException
2019-09-27 17:46:50,460 [org.apache.ratis.server.impl.LogAppender$AppenderDaemon$$Lambda$490/918681329@24f23dd5] WARN  server.GrpcLogAppender (GrpcLogAppender.java:mayWait(143)) - 8115872d-0c95-4e59-8e34-d456d7ae9ddb@group-69117FFD6241->23205af3-9a5e-419b-ac4c-99a3f7ef887f-GrpcLogAppender: Wait interrupted by java.lang.InterruptedException
2019-09-27 17:46:50,460 [ForkJoinPool.commonPool-worker-1] INFO  impl.StateMachineUpdater (StateMachineUpdater.java:stopAndJoin(125)) - 05cdac53-6c56-4c7c-9e4c-d3c9dc9d18dd@group-852792C98ACA-StateMachineUpdater: set stopIndex = 0
2019-09-27 17:46:50,463 [8115872d-0c95-4e59-8e34-d456d7ae9ddb@group-69117FFD6241-StateMachineUpdater] INFO  ratis.ContainerStateMachine (ContainerStateMachine.java:takeSnapshot(289)) - group-69117FFD6241: Taking a snapshot at:(t:1, i:6) file /workdir/hadoop-ozone/integration-test/target/test-dir/MiniOzoneClusterImpl-57f6cbf4-6bc8-4248-914c-40957cfe3779/datanode-6/data/ratis/81de177b-8361-4afe-917c-69117ffd6241/sm/snapshot.1_6
2019-09-27 17:46:50,463 [main] INFO  impl.StateMachineUpdater (StateMachineUpdater.java:stopAndJoin(125)) - 8115872d-0c95-4e59-8e34-d456d7ae9ddb@group-69117FFD6241-StateMachineUpdater: set stopIndex = 8
2019-09-27 17:46:50,463 [ForkJoinPool.commonPool-worker-1] INFO  impl.RaftServerImpl (ServerState.java:close(385)) - 05cdac53-6c56-4c7c-9e4c-d3c9dc9d18dd@group-852792C98ACA: closes. applyIndex: 0
2019-09-27 17:46:50,465 [05cdac53-6c56-4c7c-9e4c-d3c9dc9d18dd@group-852792C98ACA-SegmentedRaftLogWorker] INFO  segmented.SegmentedRaftLogWorker (SegmentedRaftLogWorker.java:run(313)) - 05cdac53-6c56-4c7c-9e4c-d3c9dc9d18dd@group-852792C98ACA-SegmentedRaftLogWorker was interrupted, exiting. There are 0 tasks remaining in the queue.
2019-09-27 17:46:50,465 [ForkJoinPool.commonPool-worker-1] INFO  segmented.SegmentedRaftLogWorker (SegmentedRaftLogWorker.java:close(228)) - 05cdac53-6c56-4c7c-9e4c-d3c9dc9d18dd@group-852792C98ACA-SegmentedRaftLogWorker close()
2019-09-27 17:46:50,465 [ForkJoinPool.commonPool-worker-1] INFO  server.GrpcService (GrpcService.java:closeImpl(164)) - 05cdac53-6c56-4c7c-9e4c-d3c9dc9d18dd: shutdown server with port 35802 now
2019-09-27 17:46:50,466 [ForkJoinPool.commonPool-worker-1] INFO  server.GrpcService (GrpcService.java:closeImpl(172)) - 05cdac53-6c56-4c7c-9e4c-d3c9dc9d18dd: shutdown server with port 35802 successfully
2019-09-27 17:46:50,468 [refreshUsed-/workdir/hadoop-ozone/integration-test/target/test-dir/MiniOzoneClusterImpl-57f6cbf4-6bc8-4248-914c-40957cfe3779/datanode-0/data/containers] WARN  fs.CachingGetSpaceUsed (CachingGetSpaceUsed.java:run(183)) - Thread Interrupted waiting to refresh disk information: sleep interrupted
2019-09-27 17:46:50,488 [ForkJoinPool.commonPool-worker-1] INFO  utils.BackgroundService (BackgroundService.java:shutdown(148)) - Shutting down service BlockDeletingService
2019-09-27 17:46:50,488 [8115872d-0c95-4e59-8e34-d456d7ae9ddb@group-69117FFD6241-StateMachineUpdater] INFO  ratis.ContainerStateMachine (ContainerStateMachine.java:takeSnapshot(300)) - group-69117FFD6241: Finished taking a snapshot at:(t:1, i:6) file:/workdir/hadoop-ozone/integration-test/target/test-dir/MiniOzoneClusterImpl-57f6cbf4-6bc8-4248-914c-40957cfe3779/datanode-6/data/ratis/81de177b-8361-4afe-917c-69117ffd6241/sm/snapshot.1_6 time:25
2019-09-27 17:46:50,489 [8115872d-0c95-4e59-8e34-d456d7ae9ddb@group-69117FFD6241-StateMachineUpdater] INFO  impl.StateMachineUpdater (StateMachineUpdater.java:takeSnapshot(258)) - 8115872d-0c95-4e59-8e34-d456d7ae9ddb@group-69117FFD6241-StateMachineUpdater: Took a snapshot at index 6
2019-09-27 17:46:50,491 [8115872d-0c95-4e59-8e34-d456d7ae9ddb@group-69117FFD6241-StateMachineUpdater] INFO  impl.StateMachineUpdater (StateMachineUpdater.java:lambda$new$0(83)) - 8115872d-0c95-4e59-8e34-d456d7ae9ddb@group-69117FFD6241-StateMachineUpdater: snapshotIndex: updateIncreasingly -1 -> 6
2019-09-27 17:46:50,493 [ForkJoinPool.commonPool-worker-1] INFO  statemachine.DatanodeStateMachine (DatanodeStateMachine.java:stopDaemon(395)) - Ozone container server stopped.
2019-09-27 17:46:50,493 [8115872d-0c95-4e59-8e34-d456d7ae9ddb@group-69117FFD6241-StateMachineUpdater] INFO  ratis.ContainerStateMachine (ContainerStateMachine.java:takeSnapshot(289)) - group-69117FFD6241: Taking a snapshot at:(t:1, i:6) file /workdir/hadoop-ozone/integration-test/target/test-dir/MiniOzoneClusterImpl-57f6cbf4-6bc8-4248-914c-40957cfe3779/datanode-6/data/ratis/81de177b-8361-4afe-917c-69117ffd6241/sm/snapshot.1_6
2019-09-27 17:46:50,498 [ForkJoinPool.commonPool-worker-1] INFO  handler.ContextHandler (ContextHandler.java:doStop(910)) - Stopped o.e.j.w.WebAppContext@53b1a3f8{/,null,UNAVAILABLE}{/hddsDatanode}
2019-09-27 17:46:50,499 [ForkJoinPool.commonPool-worker-1] INFO  server.AbstractConnector (AbstractConnector.java:doStop(318)) - Stopped ServerConnector@7d97e06c{HTTP/1.1,[http/1.1]}{0.0.0.0:0}
2019-09-27 17:46:50,504 [ForkJoinPool.commonPool-worker-1] INFO  handler.ContextHandler (ContextHandler.java:doStop(910)) - Stopped o.e.j.s.ServletContextHandler@3c9c6245{/static,jar:file:/home/user/.m2/repository/org/apache/hadoop/hadoop-hdds-container-service/0.5.0-SNAPSHOT/hadoop-hdds-container-service-0.5.0-SNAPSHOT.jar!/webapps/static,UNAVAILABLE}
2019-09-27 17:46:50,504 [ForkJoinPool.commonPool-worker-1] INFO  handler.ContextHandler (ContextHandler.java:doStop(910)) - Stopped o.e.j.s.ServletContextHandler@6a9344f5{/logs,file:///workdir/hadoop-ozone/integration-test/target/log,UNAVAILABLE}
2019-09-27 17:46:50,508 [8115872d-0c95-4e59-8e34-d456d7ae9ddb@group-69117FFD6241-StateMachineUpdater] INFO  ratis.ContainerStateMachine (ContainerStateMachine.java:takeSnapshot(300)) - group-69117FFD6241: Finished taking a snapshot at:(t:1, i:6) file:/workdir/hadoop-ozone/integration-test/target/test-dir/MiniOzoneClusterImpl-57f6cbf4-6bc8-4248-914c-40957cfe3779/datanode-6/data/ratis/81de177b-8361-4afe-917c-69117ffd6241/sm/snapshot.1_6 time:15
2019-09-27 17:46:50,508 [8115872d-0c95-4e59-8e34-d456d7ae9ddb@group-69117FFD6241-StateMachineUpdater] INFO  impl.StateMachineUpdater (StateMachineUpdater.java:takeSnapshot(258)) - 8115872d-0c95-4e59-8e34-d456d7ae9ddb@group-69117FFD6241-StateMachineUpdater: Took a snapshot at index 6
2019-09-27 17:46:50,508 [8115872d-0c95-4e59-8e34-d456d7ae9ddb@group-69117FFD6241-StateMachineUpdater] INFO  impl.StateMachineUpdater (StateMachineUpdater.java:lambda$new$0(83)) - 8115872d-0c95-4e59-8e34-d456d7ae9ddb@group-69117FFD6241-StateMachineUpdater: snapshotIndex: updateIncreasingly 6 -> 6
2019-09-27 17:46:50,509 [main] INFO  impl.RaftServerImpl (ServerState.java:close(385)) - 8115872d-0c95-4e59-8e34-d456d7ae9ddb@group-69117FFD6241: closes. applyIndex: 8
2019-09-27 17:46:50,509 [8115872d-0c95-4e59-8e34-d456d7ae9ddb@group-69117FFD6241-SegmentedRaftLogWorker] INFO  segmented.SegmentedRaftLogWorker (SegmentedRaftLogWorker.java:run(313)) - 8115872d-0c95-4e59-8e34-d456d7ae9ddb@group-69117FFD6241-SegmentedRaftLogWorker was interrupted, exiting. There are 0 tasks remaining in the queue.
2019-09-27 17:46:50,510 [main] INFO  segmented.SegmentedRaftLogWorker (SegmentedRaftLogWorker.java:close(228)) - 8115872d-0c95-4e59-8e34-d456d7ae9ddb@group-69117FFD6241-SegmentedRaftLogWorker close()
2019-09-27 17:46:50,510 [main] INFO  server.GrpcService (GrpcService.java:closeImpl(164)) - 8115872d-0c95-4e59-8e34-d456d7ae9ddb: shutdown server with port 41196 now
2019-09-27 17:46:50,511 [main] INFO  server.GrpcService (GrpcService.java:closeImpl(172)) - 8115872d-0c95-4e59-8e34-d456d7ae9ddb: shutdown server with port 41196 successfully
2019-09-27 17:46:50,516 [refreshUsed-/workdir/hadoop-ozone/integration-test/target/test-dir/MiniOzoneClusterImpl-57f6cbf4-6bc8-4248-914c-40957cfe3779/datanode-6/data/containers] WARN  fs.CachingGetSpaceUsed (CachingGetSpaceUsed.java:run(183)) - Thread Interrupted waiting to refresh disk information: sleep interrupted
2019-09-27 17:46:50,525 [main] INFO  utils.BackgroundService (BackgroundService.java:shutdown(148)) - Shutting down service BlockDeletingService
2019-09-27 17:46:50,529 [main] INFO  statemachine.DatanodeStateMachine (DatanodeStateMachine.java:stopDaemon(395)) - Ozone container server stopped.
2019-09-27 17:46:50,529 [main] INFO  handler.ContextHandler (ContextHandler.java:doStop(910)) - Stopped o.e.j.w.WebAppContext@a146b11{/,null,UNAVAILABLE}{/hddsDatanode}
2019-09-27 17:46:50,530 [main] INFO  server.AbstractConnector (AbstractConnector.java:doStop(318)) - Stopped ServerConnector@f438904{HTTP/1.1,[http/1.1]}{0.0.0.0:0}
2019-09-27 17:46:50,530 [main] INFO  handler.ContextHandler (ContextHandler.java:doStop(910)) - Stopped o.e.j.s.ServletContextHandler@4dac121d{/static,jar:file:/home/user/.m2/repository/org/apache/hadoop/hadoop-hdds-container-service/0.5.0-SNAPSHOT/hadoop-hdds-container-service-0.5.0-SNAPSHOT.jar!/webapps/static,UNAVAILABLE}
2019-09-27 17:46:50,531 [main] INFO  handler.ContextHandler (ContextHandler.java:doStop(910)) - Stopped o.e.j.s.ServletContextHandler@a9c5b75{/logs,file:///workdir/hadoop-ozone/integration-test/target/log,UNAVAILABLE}
2019-09-27 17:46:51,500 [Datanode State Machine Thread - 0] INFO  statemachine.DatanodeStateMachine (DatanodeStateMachine.java:lambda$startDaemon$0(350)) - Ozone container server started.
2019-09-27 17:46:55,507 [ForkJoinPool.commonPool-worker-1] INFO  ozoneimpl.OzoneContainer (OzoneContainer.java:stop(231)) - Attempting to stop container services.
2019-09-27 17:46:55,509 [ForkJoinPool.commonPool-worker-1] INFO  impl.RaftServerProxy (RaftServerProxy.java:lambda$close$4(314)) - 492843b5-ab2c-4cb8-846e-c2fadfa97c1e: close
2019-09-27 17:46:55,509 [ForkJoinPool.commonPool-worker-1] INFO  impl.RaftServerImpl (RaftServerImpl.java:lambda$shutdown$3(251)) - 492843b5-ab2c-4cb8-846e-c2fadfa97c1e@group-164F49015ED0: shutdown
2019-09-27 17:46:55,510 [ForkJoinPool.commonPool-worker-1] INFO  util.JmxRegister (JmxRegister.java:unregister(73)) - Successfully un-registered JMX Bean with object name Ratis:service=RaftServer,group=group-164F49015ED0,id=492843b5-ab2c-4cb8-846e-c2fadfa97c1e
2019-09-27 17:46:55,510 [ForkJoinPool.commonPool-worker-1] INFO  impl.RoleInfo (RoleInfo.java:shutdownLeaderState(104)) - 492843b5-ab2c-4cb8-846e-c2fadfa97c1e: shutdown LeaderState
2019-09-27 17:46:55,511 [ForkJoinPool.commonPool-worker-1] INFO  impl.PendingRequests (PendingRequests.java:sendNotLeaderResponses(202)) - 492843b5-ab2c-4cb8-846e-c2fadfa97c1e-PendingRequests: sendNotLeaderResponses
2019-09-27 17:46:55,513 [ForkJoinPool.commonPool-worker-1] INFO  impl.StateMachineUpdater (StateMachineUpdater.java:stopAndJoin(125)) - 492843b5-ab2c-4cb8-846e-c2fadfa97c1e@group-164F49015ED0-StateMachineUpdater: set stopIndex = 0
2019-09-27 17:46:55,513 [ForkJoinPool.commonPool-worker-1] INFO  impl.RaftServerImpl (ServerState.java:close(385)) - 492843b5-ab2c-4cb8-846e-c2fadfa97c1e@group-164F49015ED0: closes. applyIndex: 0
2019-09-27 17:46:55,514 [492843b5-ab2c-4cb8-846e-c2fadfa97c1e@group-164F49015ED0-SegmentedRaftLogWorker] INFO  segmented.SegmentedRaftLogWorker (SegmentedRaftLogWorker.java:run(313)) - 492843b5-ab2c-4cb8-846e-c2fadfa97c1e@group-164F49015ED0-SegmentedRaftLogWorker was interrupted, exiting. There are 0 tasks remaining in the queue.
2019-09-27 17:46:55,515 [ForkJoinPool.commonPool-worker-1] INFO  segmented.SegmentedRaftLogWorker (SegmentedRaftLogWorker.java:close(228)) - 492843b5-ab2c-4cb8-846e-c2fadfa97c1e@group-164F49015ED0-SegmentedRaftLogWorker close()
2019-09-27 17:46:55,516 [ForkJoinPool.commonPool-worker-1] INFO  server.GrpcService (GrpcService.java:closeImpl(164)) - 492843b5-ab2c-4cb8-846e-c2fadfa97c1e: shutdown server with port 35030 now
2019-09-27 17:46:55,518 [ForkJoinPool.commonPool-worker-1] INFO  server.GrpcService (GrpcService.java:closeImpl(172)) - 492843b5-ab2c-4cb8-846e-c2fadfa97c1e: shutdown server with port 35030 successfully
2019-09-27 17:46:55,527 [refreshUsed-/workdir/hadoop-ozone/integration-test/target/test-dir/MiniOzoneClusterImpl-57f6cbf4-6bc8-4248-914c-40957cfe3779/datanode-5/data/containers] WARN  fs.CachingGetSpaceUsed (CachingGetSpaceUsed.java:run(183)) - Thread Interrupted waiting to refresh disk information: sleep interrupted
2019-09-27 17:46:55,545 [ForkJoinPool.commonPool-worker-1] INFO  utils.BackgroundService (BackgroundService.java:shutdown(148)) - Shutting down service BlockDeletingService
2019-09-27 17:46:55,549 [ForkJoinPool.commonPool-worker-1] INFO  statemachine.DatanodeStateMachine (DatanodeStateMachine.java:stopDaemon(395)) - Ozone container server stopped.
2019-09-27 17:46:55,552 [ForkJoinPool.commonPool-worker-1] INFO  handler.ContextHandler (ContextHandler.java:doStop(910)) - Stopped o.e.j.w.WebAppContext@ebda593{/,null,UNAVAILABLE}{/hddsDatanode}
2019-09-27 17:46:55,553 [ForkJoinPool.commonPool-worker-1] INFO  server.AbstractConnector (AbstractConnector.java:doStop(318)) - Stopped ServerConnector@5792c08c{HTTP/1.1,[http/1.1]}{0.0.0.0:0}
2019-09-27 17:46:55,554 [ForkJoinPool.commonPool-worker-1] INFO  handler.ContextHandler (ContextHandler.java:doStop(910)) - Stopped o.e.j.s.ServletContextHandler@79696332{/static,jar:file:/home/user/.m2/repository/org/apache/hadoop/hadoop-hdds-container-service/0.5.0-SNAPSHOT/hadoop-hdds-container-service-0.5.0-SNAPSHOT.jar!/webapps/static,UNAVAILABLE}
2019-09-27 17:46:55,554 [ForkJoinPool.commonPool-worker-1] INFO  handler.ContextHandler (ContextHandler.java:doStop(910)) - Stopped o.e.j.s.ServletContextHandler@d919544{/logs,file:///workdir/hadoop-ozone/integration-test/target/log,UNAVAILABLE}
2019-09-27 17:46:55,556 [main] INFO  ozone.MiniOzoneClusterImpl (MiniOzoneClusterImpl.java:stopSCM(392)) - Stopping the StorageContainerManager
2019-09-27 17:46:55,556 [main] INFO  server.StorageContainerManager (StorageContainerManager.java:stop(808)) - Stopping Replication Manager Service.
2019-09-27 17:46:55,556 [main] INFO  container.ReplicationManager (ReplicationManager.java:stop(203)) - Stopping Replication Monitor Thread.
2019-09-27 17:46:55,556 [main] INFO  server.StorageContainerManager (StorageContainerManager.java:stop(815)) - Stopping Lease Manager of the command watchers
2019-09-27 17:46:55,556 [main] INFO  server.StorageContainerManager (StorageContainerManager.java:stop(822)) - Stopping datanode service RPC server
2019-09-27 17:46:55,556 [main] INFO  server.SCMDatanodeProtocolServer (SCMDatanodeProtocolServer.java:stop(367)) - Stopping the RPC server for DataNodes
2019-09-27 17:46:55,557 [main] INFO  ipc.Server (Server.java:stop(3082)) - Stopping server on 37714
2019-09-27 17:46:55,559 [IPC Server listener on 37714] INFO  ipc.Server (Server.java:run(1185)) - Stopping IPC Server listener on 37714
2019-09-27 17:46:55,559 [IPC Server Responder] INFO  ipc.Server (Server.java:run(1319)) - Stopping IPC Server Responder
2019-09-27 17:46:55,585 [SCM Heartbeat Processing Thread - 0] WARN  node.NodeStateManager (NodeStateManager.java:scheduleNextHealthCheck(646)) - Current Thread is interrupted, shutting down HB processing thread for Node Manager.
2019-09-27 17:46:55,585 [main] INFO  server.StorageContainerManager (StorageContainerManager.java:stop(830)) - Stopping block service RPC server
2019-09-27 17:46:55,585 [main] INFO  server.SCMBlockProtocolServer (SCMBlockProtocolServer.java:stop(155)) - Stopping the RPC server for Block Protocol
2019-09-27 17:46:55,585 [main] INFO  ipc.Server (Server.java:stop(3082)) - Stopping server on 37422
2019-09-27 17:46:55,587 [IPC Server listener on 37422] INFO  ipc.Server (Server.java:run(1185)) - Stopping IPC Server listener on 37422
2019-09-27 17:46:55,587 [main] INFO  server.StorageContainerManager (StorageContainerManager.java:stop(837)) - Stopping the StorageContainerLocationProtocol RPC server
2019-09-27 17:46:55,588 [main] INFO  server.SCMClientProtocolServer (SCMClientProtocolServer.java:stop(158)) - Stopping the RPC server for Client Protocol
2019-09-27 17:46:55,588 [main] INFO  ipc.Server (Server.java:stop(3082)) - Stopping server on 38064
2019-09-27 17:46:55,588 [IPC Server Responder] INFO  ipc.Server (Server.java:run(1319)) - Stopping IPC Server Responder
2019-09-27 17:46:55,591 [IPC Server listener on 38064] INFO  ipc.Server (Server.java:run(1185)) - Stopping IPC Server listener on 38064
2019-09-27 17:46:55,591 [main] INFO  server.StorageContainerManager (StorageContainerManager.java:stop(844)) - Stopping Storage Container Manager HTTP server.
2019-09-27 17:46:55,591 [IPC Server Responder] INFO  ipc.Server (Server.java:run(1319)) - Stopping IPC Server Responder
2019-09-27 17:46:55,592 [main] INFO  handler.ContextHandler (ContextHandler.java:doStop(910)) - Stopped o.e.j.w.WebAppContext@d257579{/,null,UNAVAILABLE}{/scm}
2019-09-27 17:46:55,593 [main] INFO  server.AbstractConnector (AbstractConnector.java:doStop(318)) - Stopped ServerConnector@518ddd3b{HTTP/1.1,[http/1.1]}{0.0.0.0:0}
2019-09-27 17:46:55,593 [main] INFO  handler.ContextHandler (ContextHandler.java:doStop(910)) - Stopped o.e.j.s.ServletContextHandler@668625f5{/static,file:///workdir/hadoop-ozone/integration-test/target/test-classes/webapps/static,UNAVAILABLE}
2019-09-27 17:46:55,594 [main] INFO  handler.ContextHandler (ContextHandler.java:doStop(910)) - Stopped o.e.j.s.ServletContextHandler@74d6736{/logs,file:///workdir/hadoop-ozone/integration-test/target/log,UNAVAILABLE}
2019-09-27 17:46:55,595 [main] INFO  server.StorageContainerManager (StorageContainerManager.java:stop(855)) - Stopping Block Manager Service.
2019-09-27 17:46:55,595 [main] INFO  utils.BackgroundService (BackgroundService.java:shutdown(148)) - Shutting down service SCMBlockDeletingService
2019-09-27 17:46:55,595 [main] INFO  utils.BackgroundService (BackgroundService.java:shutdown(148)) - Shutting down service SCMBlockDeletingService
2019-09-27 17:46:55,596 [main] INFO  server.StorageContainerManager (StorageContainerManager.java:stop(877)) - Stopping SCM Event Queue.
2019-09-27 17:46:55,601 [main] INFO  impl.MetricsSystemImpl (MetricsSystemImpl.java:stop(210)) - Stopping HddsDatanode metrics system...
2019-09-27 17:46:55,611 [main] INFO  impl.MetricsSystemImpl (MetricsSystemImpl.java:stop(216)) - HddsDatanode metrics system stopped.
]]></system-out>
    <system-err><![CDATA[Sep 27, 2019 5:46:40 PM org.apache.ratis.thirdparty.io.grpc.internal.SerializingExecutor run
SEVERE: Exception while executing runnable org.apache.ratis.thirdparty.io.grpc.internal.ServerImpl$JumpToApplicationThreadServerStreamListener$1Closed@5a3aa555
org.apache.ratis.thirdparty.io.grpc.StatusRuntimeException: CANCELLED: call already cancelled
	at org.apache.ratis.thirdparty.io.grpc.Status.asRuntimeException(Status.java:517)
	at org.apache.ratis.thirdparty.io.grpc.stub.ServerCalls$ServerCallStreamObserverImpl.onCompleted(ServerCalls.java:356)
	at org.apache.ratis.grpc.server.GrpcServerProtocolService$ServerRequestStreamObserver.onError(GrpcServerProtocolService.java:121)
	at org.apache.ratis.thirdparty.io.grpc.stub.ServerCalls$StreamingServerCallHandler$StreamingServerCallListener.onCancel(ServerCalls.java:269)
	at org.apache.ratis.thirdparty.io.grpc.internal.ServerCallImpl$ServerStreamListenerImpl.closed(ServerCallImpl.java:293)
	at org.apache.ratis.thirdparty.io.grpc.internal.ServerImpl$JumpToApplicationThreadServerStreamListener$1Closed.runInContext(ServerImpl.java:741)
	at org.apache.ratis.thirdparty.io.grpc.internal.ContextRunnable.run(ContextRunnable.java:37)
	at org.apache.ratis.thirdparty.io.grpc.internal.SerializingExecutor.run(SerializingExecutor.java:123)
	at java.util.concurrent.ThreadPoolExecutor.runWorker(ThreadPoolExecutor.java:1149)
	at java.util.concurrent.ThreadPoolExecutor$Worker.run(ThreadPoolExecutor.java:624)
	at java.lang.Thread.run(Thread.java:748)

Sep 27, 2019 5:46:40 PM org.apache.ratis.thirdparty.io.grpc.internal.SerializingExecutor run
SEVERE: Exception while executing runnable org.apache.ratis.thirdparty.io.grpc.internal.ServerImpl$JumpToApplicationThreadServerStreamListener$1Closed@5d316b79
org.apache.ratis.thirdparty.io.grpc.StatusRuntimeException: CANCELLED: call already cancelled
	at org.apache.ratis.thirdparty.io.grpc.Status.asRuntimeException(Status.java:517)
	at org.apache.ratis.thirdparty.io.grpc.stub.ServerCalls$ServerCallStreamObserverImpl.onCompleted(ServerCalls.java:356)
	at org.apache.ratis.grpc.server.GrpcServerProtocolService$ServerRequestStreamObserver.onError(GrpcServerProtocolService.java:121)
	at org.apache.ratis.thirdparty.io.grpc.stub.ServerCalls$StreamingServerCallHandler$StreamingServerCallListener.onCancel(ServerCalls.java:269)
	at org.apache.ratis.thirdparty.io.grpc.internal.ServerCallImpl$ServerStreamListenerImpl.closed(ServerCallImpl.java:293)
	at org.apache.ratis.thirdparty.io.grpc.internal.ServerImpl$JumpToApplicationThreadServerStreamListener$1Closed.runInContext(ServerImpl.java:741)
	at org.apache.ratis.thirdparty.io.grpc.internal.ContextRunnable.run(ContextRunnable.java:37)
	at org.apache.ratis.thirdparty.io.grpc.internal.SerializingExecutor.run(SerializingExecutor.java:123)
	at java.util.concurrent.ThreadPoolExecutor.runWorker(ThreadPoolExecutor.java:1149)
	at java.util.concurrent.ThreadPoolExecutor$Worker.run(ThreadPoolExecutor.java:624)
	at java.lang.Thread.run(Thread.java:748)

Sep 27, 2019 5:46:45 PM org.apache.ratis.thirdparty.io.grpc.internal.SerializingExecutor run
SEVERE: Exception while executing runnable org.apache.ratis.thirdparty.io.grpc.internal.ServerImpl$JumpToApplicationThreadServerStreamListener$1Closed@346968ed
org.apache.ratis.thirdparty.io.grpc.StatusRuntimeException: CANCELLED: call already cancelled
	at org.apache.ratis.thirdparty.io.grpc.Status.asRuntimeException(Status.java:517)
	at org.apache.ratis.thirdparty.io.grpc.stub.ServerCalls$ServerCallStreamObserverImpl.onCompleted(ServerCalls.java:356)
	at org.apache.ratis.grpc.server.GrpcServerProtocolService$ServerRequestStreamObserver.onError(GrpcServerProtocolService.java:121)
	at org.apache.ratis.thirdparty.io.grpc.stub.ServerCalls$StreamingServerCallHandler$StreamingServerCallListener.onCancel(ServerCalls.java:269)
	at org.apache.ratis.thirdparty.io.grpc.internal.ServerCallImpl$ServerStreamListenerImpl.closed(ServerCallImpl.java:293)
	at org.apache.ratis.thirdparty.io.grpc.internal.ServerImpl$JumpToApplicationThreadServerStreamListener$1Closed.runInContext(ServerImpl.java:741)
	at org.apache.ratis.thirdparty.io.grpc.internal.ContextRunnable.run(ContextRunnable.java:37)
	at org.apache.ratis.thirdparty.io.grpc.internal.SerializingExecutor.run(SerializingExecutor.java:123)
	at java.util.concurrent.ThreadPoolExecutor.runWorker(ThreadPoolExecutor.java:1149)
	at java.util.concurrent.ThreadPoolExecutor$Worker.run(ThreadPoolExecutor.java:624)
	at java.lang.Thread.run(Thread.java:748)

Sep 27, 2019 5:46:45 PM org.apache.ratis.thirdparty.io.grpc.internal.SerializingExecutor run
SEVERE: Exception while executing runnable org.apache.ratis.thirdparty.io.grpc.internal.ServerImpl$JumpToApplicationThreadServerStreamListener$1Closed@755462d6
org.apache.ratis.thirdparty.io.grpc.StatusRuntimeException: CANCELLED: call already cancelled
	at org.apache.ratis.thirdparty.io.grpc.Status.asRuntimeException(Status.java:517)
	at org.apache.ratis.thirdparty.io.grpc.stub.ServerCalls$ServerCallStreamObserverImpl.onCompleted(ServerCalls.java:356)
	at org.apache.ratis.grpc.server.GrpcServerProtocolService$ServerRequestStreamObserver.onError(GrpcServerProtocolService.java:121)
	at org.apache.ratis.thirdparty.io.grpc.stub.ServerCalls$StreamingServerCallHandler$StreamingServerCallListener.onCancel(ServerCalls.java:269)
	at org.apache.ratis.thirdparty.io.grpc.internal.ServerCallImpl$ServerStreamListenerImpl.closed(ServerCallImpl.java:293)
	at org.apache.ratis.thirdparty.io.grpc.internal.ServerImpl$JumpToApplicationThreadServerStreamListener$1Closed.runInContext(ServerImpl.java:741)
	at org.apache.ratis.thirdparty.io.grpc.internal.ContextRunnable.run(ContextRunnable.java:37)
	at org.apache.ratis.thirdparty.io.grpc.internal.SerializingExecutor.run(SerializingExecutor.java:123)
	at java.util.concurrent.ThreadPoolExecutor.runWorker(ThreadPoolExecutor.java:1149)
	at java.util.concurrent.ThreadPoolExecutor$Worker.run(ThreadPoolExecutor.java:624)
	at java.lang.Thread.run(Thread.java:748)

]]></system-err>
  </testcase>
</testsuite>