<?xml version="1.0" encoding="UTF-8"?>
<testsuite xmlns:xsi="http://www.w3.org/2001/XMLSchema-instance" xsi:noNamespaceSchemaLocation="https://maven.apache.org/surefire/maven-surefire-plugin/xsd/surefire-test-report.xsd" name="org.apache.hadoop.ozone.client.rpc.TestDeleteWithSlowFollower" time="136.611" tests="1" errors="0" skipped="0" failures="1">
  <properties>
    <property name="awt.toolkit" value="sun.awt.X11.XToolkit"/>
    <property name="file.encoding.pkg" value="sun.io"/>
    <property name="java.specification.version" value="1.8"/>
    <property name="sun.cpu.isalist" value=""/>
    <property name="sun.jnu.encoding" value="ANSI_X3.4-1968"/>
    <property name="java.class.path" value="/workdir/hadoop-ozone/integration-test/target/test-classes:/workdir/hadoop-ozone/integration-test/target/classes:/home/user/.m2/repository/org/apache/hadoop/hadoop-ozone-common/0.5.0-SNAPSHOT/hadoop-ozone-common-0.5.0-SNAPSHOT.jar:/home/user/.m2/repository/org/apache/commons/commons-compress/1.4.1/commons-compress-1.4.1.jar:/home/user/.m2/repository/org/tukaani/xz/1.0/xz-1.0.jar:/home/user/.m2/repository/org/apache/hadoop/hadoop-common/3.2.0/hadoop-common-3.2.0.jar:/home/user/.m2/repository/org/apache/hadoop/hadoop-hdfs/3.2.0/hadoop-hdfs-3.2.0.jar:/home/user/.m2/repository/org/apache/hadoop/hadoop-hdfs-client/3.2.0/hadoop-hdfs-client-3.2.0.jar:/home/user/.m2/repository/com/fasterxml/jackson/core/jackson-annotations/2.9.9/jackson-annotations-2.9.9.jar:/home/user/.m2/repository/org/apache/hadoop/hadoop-hdds-common/0.5.0-SNAPSHOT/hadoop-hdds-common-0.5.0-SNAPSHOT.jar:/home/user/.m2/repository/javax/annotation/javax.annotation-api/1.2/javax.annotation-api-1.2.jar:/home/user/.m2/repository/org/apache/ratis/ratis-server/0.5.0-ced7dbf-SNAPSHOT/ratis-server-0.5.0-ced7dbf-SNAPSHOT.jar:/home/user/.m2/repository/org/apache/ratis/ratis-thirdparty-misc/0.2.0/ratis-thirdparty-misc-0.2.0.jar:/home/user/.m2/repository/org/apache/ratis/ratis-proto/0.5.0-ced7dbf-SNAPSHOT/ratis-proto-0.5.0-ced7dbf-SNAPSHOT.jar:/home/user/.m2/repository/org/apache/ratis/ratis-common/0.5.0-ced7dbf-SNAPSHOT/ratis-common-0.5.0-ced7dbf-SNAPSHOT.jar:/home/user/.m2/repository/org/apache/ratis/ratis-client/0.5.0-ced7dbf-SNAPSHOT/ratis-client-0.5.0-ced7dbf-SNAPSHOT.jar:/home/user/.m2/repository/org/apache/ratis/ratis-metrics/0.5.0-ced7dbf-SNAPSHOT/ratis-metrics-0.5.0-ced7dbf-SNAPSHOT.jar:/home/user/.m2/repository/org/apache/ratis/ratis-netty/0.5.0-ced7dbf-SNAPSHOT/ratis-netty-0.5.0-ced7dbf-SNAPSHOT.jar:/home/user/.m2/repository/org/apache/ratis/ratis-grpc/0.5.0-ced7dbf-SNAPSHOT/ratis-grpc-0.5.0-ced7dbf-SNAPSHOT.jar:/home/user/.m2/repository/org/rocksdb/rocksdbjni/6.0.1/rocksdbjni-6.0.1.jar:/home/user/.m2/repository/org/apache/logging/log4j/log4j-api/2.11.0/log4j-api-2.11.0.jar:/home/user/.m2/repository/org/apache/logging/log4j/log4j-core/2.11.0/log4j-core-2.11.0.jar:/home/user/.m2/repository/com/lmax/disruptor/3.4.2/disruptor-3.4.2.jar:/home/user/.m2/repository/org/apache/commons/commons-pool2/2.6.0/commons-pool2-2.6.0.jar:/home/user/.m2/repository/org/bouncycastle/bcpkix-jdk15on/1.60/bcpkix-jdk15on-1.60.jar:/home/user/.m2/repository/commons-validator/commons-validator/1.6/commons-validator-1.6.jar:/home/user/.m2/repository/commons-digester/commons-digester/1.8.1/commons-digester-1.8.1.jar:/home/user/.m2/repository/io/jaegertracing/jaeger-client/0.34.0/jaeger-client-0.34.0.jar:/home/user/.m2/repository/io/jaegertracing/jaeger-thrift/0.34.0/jaeger-thrift-0.34.0.jar:/home/user/.m2/repository/org/apache/thrift/libthrift/0.12.0/libthrift-0.12.0.jar:/home/user/.m2/repository/com/squareup/okhttp3/okhttp/3.9.0/okhttp-3.9.0.jar:/home/user/.m2/repository/com/squareup/okio/okio/1.13.0/okio-1.13.0.jar:/home/user/.m2/repository/io/jaegertracing/jaeger-core/0.34.0/jaeger-core-0.34.0.jar:/home/user/.m2/repository/io/jaegertracing/jaeger-tracerresolver/0.34.0/jaeger-tracerresolver-0.34.0.jar:/home/user/.m2/repository/io/opentracing/contrib/opentracing-tracerresolver/0.1.5/opentracing-tracerresolver-0.1.5.jar:/home/user/.m2/repository/io/opentracing/opentracing-util/0.31.0/opentracing-util-0.31.0.jar:/home/user/.m2/repository/io/opentracing/opentracing-api/0.31.0/opentracing-api-0.31.0.jar:/home/user/.m2/repository/io/opentracing/opentracing-noop/0.31.0/opentracing-noop-0.31.0.jar:/home/user/.m2/repository/org/apache/hadoop/hadoop-hdds-server-framework/0.5.0-SNAPSHOT/hadoop-hdds-server-framework-0.5.0-SNAPSHOT.jar:/home/user/.m2/repository/org/apache/hadoop/hadoop-hdds-container-service/0.5.0-SNAPSHOT/hadoop-hdds-container-service-0.5.0-SNAPSHOT.jar:/home/user/.m2/repository/org/apache/hadoop/hadoop-hdds-client/0.5.0-SNAPSHOT/hadoop-hdds-client-0.5.0-SNAPSHOT.jar:/home/user/.m2/repository/org/apache/hadoop/hadoop-hdds-tools/0.5.0-SNAPSHOT/hadoop-hdds-tools-0.5.0-SNAPSHOT.jar:/home/user/.m2/repository/org/apache/hadoop/hadoop-hdds-server-scm/0.5.0-SNAPSHOT/hadoop-hdds-server-scm-0.5.0-SNAPSHOT.jar:/home/user/.m2/repository/org/apache/hadoop/hadoop-hdds-docs/0.5.0-SNAPSHOT/hadoop-hdds-docs-0.5.0-SNAPSHOT.jar:/home/user/.m2/repository/io/dropwizard/metrics/metrics-core/3.2.4/metrics-core-3.2.4.jar:/home/user/.m2/repository/org/hamcrest/hamcrest-all/1.3/hamcrest-all-1.3.jar:/home/user/.m2/repository/org/bouncycastle/bcprov-jdk15on/1.60/bcprov-jdk15on-1.60.jar:/home/user/.m2/repository/info/picocli/picocli/3.9.6/picocli-3.9.6.jar:/home/user/.m2/repository/com/google/protobuf/protobuf-java/2.5.0/protobuf-java-2.5.0.jar:/home/user/.m2/repository/com/google/guava/guava/11.0.2/guava-11.0.2.jar:/home/user/.m2/repository/org/apache/hadoop/hadoop-ozone-ozone-manager/0.5.0-SNAPSHOT/hadoop-ozone-ozone-manager-0.5.0-SNAPSHOT.jar:/home/user/.m2/repository/org/apache/hadoop/hadoop-minikdc/3.2.0/hadoop-minikdc-3.2.0.jar:/home/user/.m2/repository/commons-io/commons-io/2.5/commons-io-2.5.jar:/home/user/.m2/repository/org/apache/kerby/kerb-simplekdc/1.0.1/kerb-simplekdc-1.0.1.jar:/home/user/.m2/repository/org/apache/kerby/kerb-client/1.0.1/kerb-client-1.0.1.jar:/home/user/.m2/repository/org/apache/kerby/kerby-config/1.0.1/kerby-config-1.0.1.jar:/home/user/.m2/repository/org/apache/kerby/kerb-core/1.0.1/kerb-core-1.0.1.jar:/home/user/.m2/repository/org/apache/kerby/kerby-pkix/1.0.1/kerby-pkix-1.0.1.jar:/home/user/.m2/repository/org/apache/kerby/kerby-asn1/1.0.1/kerby-asn1-1.0.1.jar:/home/user/.m2/repository/org/apache/kerby/kerby-util/1.0.1/kerby-util-1.0.1.jar:/home/user/.m2/repository/org/apache/kerby/kerb-common/1.0.1/kerb-common-1.0.1.jar:/home/user/.m2/repository/org/apache/kerby/kerb-crypto/1.0.1/kerb-crypto-1.0.1.jar:/home/user/.m2/repository/org/apache/kerby/kerb-util/1.0.1/kerb-util-1.0.1.jar:/home/user/.m2/repository/org/apache/kerby/token-provider/1.0.1/token-provider-1.0.1.jar:/home/user/.m2/repository/org/apache/kerby/kerb-admin/1.0.1/kerb-admin-1.0.1.jar:/home/user/.m2/repository/org/apache/kerby/kerb-server/1.0.1/kerb-server-1.0.1.jar:/home/user/.m2/repository/org/apache/kerby/kerb-identity/1.0.1/kerb-identity-1.0.1.jar:/home/user/.m2/repository/org/apache/kerby/kerby-xdr/1.0.1/kerby-xdr-1.0.1.jar:/home/user/.m2/repository/org/slf4j/slf4j-log4j12/1.7.25/slf4j-log4j12-1.7.25.jar:/home/user/.m2/repository/org/apache/hadoop/hadoop-ozone-s3gateway/0.5.0-SNAPSHOT/hadoop-ozone-s3gateway-0.5.0-SNAPSHOT.jar:/home/user/.m2/repository/org/jboss/weld/servlet/weld-servlet/2.4.7.Final/weld-servlet-2.4.7.Final.jar:/home/user/.m2/repository/org/glassfish/jersey/containers/jersey-container-servlet-core/2.27/jersey-container-servlet-core-2.27.jar:/home/user/.m2/repository/org/glassfish/hk2/external/javax.inject/2.5.0-b42/javax.inject-2.5.0-b42.jar:/home/user/.m2/repository/org/glassfish/jersey/core/jersey-common/2.27/jersey-common-2.27.jar:/home/user/.m2/repository/org/glassfish/hk2/osgi-resource-locator/1.0.1/osgi-resource-locator-1.0.1.jar:/home/user/.m2/repository/javax/ws/rs/javax.ws.rs-api/2.1/javax.ws.rs-api-2.1.jar:/home/user/.m2/repository/org/glassfish/jersey/ext/cdi/jersey-cdi1x/2.27/jersey-cdi1x-2.27.jar:/home/user/.m2/repository/org/glassfish/jersey/inject/jersey-hk2/2.27/jersey-hk2-2.27.jar:/home/user/.m2/repository/org/glassfish/hk2/hk2-locator/2.5.0-b42/hk2-locator-2.5.0-b42.jar:/home/user/.m2/repository/org/javassist/javassist/3.22.0-CR2/javassist-3.22.0-CR2.jar:/home/user/.m2/repository/org/glassfish/hk2/hk2-api/2.5.0/hk2-api-2.5.0.jar:/home/user/.m2/repository/org/glassfish/hk2/external/jakarta.inject/2.5.0/jakarta.inject-2.5.0.jar:/home/user/.m2/repository/org/glassfish/hk2/hk2-utils/2.5.0/hk2-utils-2.5.0.jar:/home/user/.m2/repository/jakarta/annotation/jakarta.annotation-api/1.3.4/jakarta.annotation-api-1.3.4.jar:/home/user/.m2/repository/org/glassfish/hk2/external/aopalliance-repackaged/2.5.0/aopalliance-repackaged-2.5.0.jar:/home/user/.m2/repository/com/fasterxml/jackson/dataformat/jackson-dataformat-xml/2.9.0/jackson-dataformat-xml-2.9.0.jar:/home/user/.m2/repository/com/fasterxml/jackson/core/jackson-core/2.9.9/jackson-core-2.9.9.jar:/home/user/.m2/repository/com/fasterxml/jackson/module/jackson-module-jaxb-annotations/2.9.9/jackson-module-jaxb-annotations-2.9.9.jar:/home/user/.m2/repository/javax/enterprise/cdi-api/1.2/cdi-api-1.2.jar:/home/user/.m2/repository/javax/el/javax.el-api/3.0.0/javax.el-api-3.0.0.jar:/home/user/.m2/repository/javax/interceptor/javax.interceptor-api/1.2/javax.interceptor-api-1.2.jar:/home/user/.m2/repository/javax/inject/javax.inject/1/javax.inject-1.jar:/home/user/.m2/repository/com/sun/xml/bind/jaxb-impl/2.3.0.1/jaxb-impl-2.3.0.1.jar:/home/user/.m2/repository/com/sun/xml/bind/jaxb-core/2.3.0.1/jaxb-core-2.3.0.1.jar:/home/user/.m2/repository/javax/xml/bind/jaxb-api/2.3.0/jaxb-api-2.3.0.jar:/home/user/.m2/repository/javax/activation/activation/1.1.1/activation-1.1.1.jar:/home/user/.m2/repository/org/apache/hadoop/hadoop-ozone-csi/0.5.0-SNAPSHOT/hadoop-ozone-csi-0.5.0-SNAPSHOT.jar:/home/user/.m2/repository/com/google/protobuf/protobuf-java-util/3.5.1/protobuf-java-util-3.5.1.jar:/home/user/.m2/repository/org/apache/hadoop/hadoop-hdds-config/0.5.0-SNAPSHOT/hadoop-hdds-config-0.5.0-SNAPSHOT.jar:/home/user/.m2/repository/io/grpc/grpc-netty/1.17.1/grpc-netty-1.17.1.jar:/home/user/.m2/repository/io/grpc/grpc-core/1.17.1/grpc-core-1.17.1.jar:/home/user/.m2/repository/io/grpc/grpc-context/1.17.1/grpc-context-1.17.1.jar:/home/user/.m2/repository/com/google/errorprone/error_prone_annotations/2.2.0/error_prone_annotations-2.2.0.jar:/home/user/.m2/repository/org/codehaus/mojo/animal-sniffer-annotations/1.17/animal-sniffer-annotations-1.17.jar:/home/user/.m2/repository/io/opencensus/opencensus-api/0.17.0/opencensus-api-0.17.0.jar:/home/user/.m2/repository/io/opencensus/opencensus-contrib-grpc-metrics/0.17.0/opencensus-contrib-grpc-metrics-0.17.0.jar:/home/user/.m2/repository/io/netty/netty-codec-http2/4.1.30.Final/netty-codec-http2-4.1.30.Final.jar:/home/user/.m2/repository/io/netty/netty-codec-http/4.1.30.Final/netty-codec-http-4.1.30.Final.jar:/home/user/.m2/repository/io/netty/netty-codec/4.1.30.Final/netty-codec-4.1.30.Final.jar:/home/user/.m2/repository/io/netty/netty-handler/4.1.30.Final/netty-handler-4.1.30.Final.jar:/home/user/.m2/repository/io/netty/netty-handler-proxy/4.1.30.Final/netty-handler-proxy-4.1.30.Final.jar:/home/user/.m2/repository/io/netty/netty-codec-socks/4.1.30.Final/netty-codec-socks-4.1.30.Final.jar:/home/user/.m2/repository/io/netty/netty-transport-native-epoll/4.1.30.Final/netty-transport-native-epoll-4.1.30.Final.jar:/home/user/.m2/repository/io/netty/netty-common/4.1.30.Final/netty-common-4.1.30.Final.jar:/home/user/.m2/repository/io/netty/netty-buffer/4.1.30.Final/netty-buffer-4.1.30.Final.jar:/home/user/.m2/repository/io/netty/netty-transport/4.1.30.Final/netty-transport-4.1.30.Final.jar:/home/user/.m2/repository/io/netty/netty-resolver/4.1.30.Final/netty-resolver-4.1.30.Final.jar:/home/user/.m2/repository/io/netty/netty-transport-native-unix-common/4.1.30.Final/netty-transport-native-unix-common-4.1.30.Final.jar:/home/user/.m2/repository/io/grpc/grpc-protobuf/1.17.1/grpc-protobuf-1.17.1.jar:/home/user/.m2/repository/com/google/api/grpc/proto-google-common-protos/1.0.0/proto-google-common-protos-1.0.0.jar:/home/user/.m2/repository/io/grpc/grpc-protobuf-lite/1.17.1/grpc-protobuf-lite-1.17.1.jar:/home/user/.m2/repository/io/grpc/grpc-stub/1.17.1/grpc-stub-1.17.1.jar:/home/user/.m2/repository/org/apache/hadoop/hadoop-ozone-recon/0.5.0-SNAPSHOT/hadoop-ozone-recon-0.5.0-SNAPSHOT.jar:/home/user/.m2/repository/org/apache/hadoop/hadoop-ozone-reconcodegen/0.5.0-SNAPSHOT/hadoop-ozone-reconcodegen-0.5.0-SNAPSHOT.jar:/home/user/.m2/repository/com/google/inject/extensions/guice-multibindings/4.0/guice-multibindings-4.0.jar:/home/user/.m2/repository/com/google/inject/guice/4.0/guice-4.0.jar:/home/user/.m2/repository/aopalliance/aopalliance/1.0/aopalliance-1.0.jar:/home/user/.m2/repository/com/google/inject/extensions/guice-servlet/4.0/guice-servlet-4.0.jar:/home/user/.m2/repository/org/glassfish/jersey/containers/jersey-container-servlet/2.27/jersey-container-servlet-2.27.jar:/home/user/.m2/repository/org/glassfish/hk2/guice-bridge/2.5.0/guice-bridge-2.5.0.jar:/home/user/.m2/repository/org/glassfish/jersey/core/jersey-server/2.27/jersey-server-2.27.jar:/home/user/.m2/repository/org/glassfish/jersey/core/jersey-client/2.27/jersey-client-2.27.jar:/home/user/.m2/repository/org/glassfish/jersey/media/jersey-media-jaxb/2.27/jersey-media-jaxb-2.27.jar:/home/user/.m2/repository/javax/validation/validation-api/1.1.0.Final/validation-api-1.1.0.Final.jar:/home/user/.m2/repository/org/glassfish/jersey/media/jersey-media-json-jackson/2.27/jersey-media-json-jackson-2.27.jar:/home/user/.m2/repository/org/glassfish/jersey/ext/jersey-entity-filtering/2.27/jersey-entity-filtering-2.27.jar:/home/user/.m2/repository/com/google/inject/extensions/guice-assistedinject/4.0/guice-assistedinject-4.0.jar:/home/user/.m2/repository/org/jooq/jooq/3.11.10/jooq-3.11.10.jar:/home/user/.m2/repository/org/jooq/jooq-meta/3.11.10/jooq-meta-3.11.10.jar:/home/user/.m2/repository/org/jooq/jooq-codegen/3.11.10/jooq-codegen-3.11.10.jar:/home/user/.m2/repository/com/jolbox/bonecp/0.8.0.RELEASE/bonecp-0.8.0.RELEASE.jar:/home/user/.m2/repository/org/xerial/sqlite-jdbc/3.25.2/sqlite-jdbc-3.25.2.jar:/home/user/.m2/repository/org/springframework/spring-jdbc/5.1.3.RELEASE/spring-jdbc-5.1.3.RELEASE.jar:/home/user/.m2/repository/org/springframework/spring-beans/5.1.3.RELEASE/spring-beans-5.1.3.RELEASE.jar:/home/user/.m2/repository/org/springframework/spring-core/5.1.3.RELEASE/spring-core-5.1.3.RELEASE.jar:/home/user/.m2/repository/org/springframework/spring-jcl/5.1.3.RELEASE/spring-jcl-5.1.3.RELEASE.jar:/home/user/.m2/repository/org/springframework/spring-tx/5.1.3.RELEASE/spring-tx-5.1.3.RELEASE.jar:/home/user/.m2/repository/org/apache/hadoop/hadoop-ozone-client/0.5.0-SNAPSHOT/hadoop-ozone-client-0.5.0-SNAPSHOT.jar:/home/user/.m2/repository/commons-lang/commons-lang/2.6/commons-lang-2.6.jar:/home/user/.m2/repository/org/apache/hadoop/hadoop-ozone-ozone-manager/0.5.0-SNAPSHOT/hadoop-ozone-ozone-manager-0.5.0-SNAPSHOT-tests.jar:/home/user/.m2/repository/junit/junit/4.11/junit-4.11.jar:/home/user/.m2/repository/org/hamcrest/hamcrest-core/1.3/hamcrest-core-1.3.jar:/home/user/.m2/repository/org/openjdk/jmh/jmh-core/1.19/jmh-core-1.19.jar:/home/user/.m2/repository/net/sf/jopt-simple/jopt-simple/4.6/jopt-simple-4.6.jar:/home/user/.m2/repository/org/apache/commons/commons-math3/3.1.1/commons-math3-3.1.1.jar:/home/user/.m2/repository/org/openjdk/jmh/jmh-generator-annprocess/1.19/jmh-generator-annprocess-1.19.jar:/home/user/.m2/repository/org/mockito/mockito-all/1.8.5/mockito-all-1.8.5.jar:/home/user/.m2/repository/org/apache/hadoop/hadoop-kms/3.2.0/hadoop-kms-3.2.0.jar:/home/user/.m2/repository/org/apache/hadoop/hadoop-auth/3.2.0/hadoop-auth-3.2.0.jar:/home/user/.m2/repository/com/nimbusds/nimbus-jose-jwt/4.41.1/nimbus-jose-jwt-4.41.1.jar:/home/user/.m2/repository/com/github/stephenc/jcip/jcip-annotations/1.0-1/jcip-annotations-1.0-1.jar:/home/user/.m2/repository/net/minidev/json-smart/2.3/json-smart-2.3.jar:/home/user/.m2/repository/net/minidev/accessors-smart/1.2/accessors-smart-1.2.jar:/home/user/.m2/repository/org/ow2/asm/asm/5.0.4/asm-5.0.4.jar:/home/user/.m2/repository/org/apache/curator/curator-framework/2.12.0/curator-framework-2.12.0.jar:/home/user/.m2/repository/com/sun/jersey/jersey-core/1.19/jersey-core-1.19.jar:/home/user/.m2/repository/javax/ws/rs/jsr311-api/1.1.1/jsr311-api-1.1.1.jar:/home/user/.m2/repository/com/sun/jersey/jersey-server/1.19/jersey-server-1.19.jar:/home/user/.m2/repository/javax/servlet/javax.servlet-api/3.1.0/javax.servlet-api-3.1.0.jar:/home/user/.m2/repository/org/eclipse/jetty/jetty-server/9.3.25.v20180904/jetty-server-9.3.25.v20180904.jar:/home/user/.m2/repository/org/eclipse/jetty/jetty-http/9.3.25.v20180904/jetty-http-9.3.25.v20180904.jar:/home/user/.m2/repository/org/eclipse/jetty/jetty-io/9.3.25.v20180904/jetty-io-9.3.25.v20180904.jar:/home/user/.m2/repository/org/eclipse/jetty/jetty-webapp/9.3.25.v20180904/jetty-webapp-9.3.25.v20180904.jar:/home/user/.m2/repository/org/eclipse/jetty/jetty-xml/9.3.25.v20180904/jetty-xml-9.3.25.v20180904.jar:/home/user/.m2/repository/log4j/log4j/1.2.17/log4j-1.2.17.jar:/home/user/.m2/repository/org/slf4j/slf4j-api/1.7.25/slf4j-api-1.7.25.jar:/home/user/.m2/repository/org/slf4j/jul-to-slf4j/1.7.25/jul-to-slf4j-1.7.25.jar:/home/user/.m2/repository/org/eclipse/jetty/jetty-util/9.3.25.v20180904/jetty-util-9.3.25.v20180904.jar:/home/user/.m2/repository/com/fasterxml/jackson/core/jackson-databind/2.9.9/jackson-databind-2.9.9.jar:/home/user/.m2/repository/org/apache/hadoop/hadoop-kms/3.2.0/hadoop-kms-3.2.0-tests.jar:/home/user/.m2/repository/org/apache/hadoop/hadoop-hdds-server-scm/0.5.0-SNAPSHOT/hadoop-hdds-server-scm-0.5.0-SNAPSHOT-tests.jar:/home/user/.m2/repository/org/apache/hadoop/hadoop-hdds-container-service/0.5.0-SNAPSHOT/hadoop-hdds-container-service-0.5.0-SNAPSHOT-tests.jar:/home/user/.m2/repository/org/yaml/snakeyaml/1.16/snakeyaml-1.16.jar:/home/user/.m2/repository/org/apache/hadoop/hadoop-common/3.2.0/hadoop-common-3.2.0-tests.jar:/home/user/.m2/repository/org/apache/hadoop/hadoop-annotations/3.2.0/hadoop-annotations-3.2.0.jar:/usr/lib/jvm/java-1.8.0-openjdk-1.8.0.222.b10-1.el7_7.x86_64/jre/../lib/tools.jar:/home/user/.m2/repository/commons-cli/commons-cli/1.2/commons-cli-1.2.jar:/home/user/.m2/repository/org/apache/httpcomponents/httpclient/4.5.2/httpclient-4.5.2.jar:/home/user/.m2/repository/org/apache/httpcomponents/httpcore/4.4.4/httpcore-4.4.4.jar:/home/user/.m2/repository/commons-codec/commons-codec/1.11/commons-codec-1.11.jar:/home/user/.m2/repository/commons-net/commons-net/3.6/commons-net-3.6.jar:/home/user/.m2/repository/commons-collections/commons-collections/3.2.2/commons-collections-3.2.2.jar:/home/user/.m2/repository/org/eclipse/jetty/jetty-servlet/9.3.25.v20180904/jetty-servlet-9.3.25.v20180904.jar:/home/user/.m2/repository/org/eclipse/jetty/jetty-security/9.3.25.v20180904/jetty-security-9.3.25.v20180904.jar:/home/user/.m2/repository/javax/servlet/jsp/jsp-api/2.1/jsp-api-2.1.jar:/home/user/.m2/repository/com/sun/jersey/jersey-servlet/1.19/jersey-servlet-1.19.jar:/home/user/.m2/repository/com/sun/jersey/jersey-json/1.19/jersey-json-1.19.jar:/home/user/.m2/repository/org/codehaus/jettison/jettison/1.1/jettison-1.1.jar:/home/user/.m2/repository/org/codehaus/jackson/jackson-core-asl/1.9.13/jackson-core-asl-1.9.13.jar:/home/user/.m2/repository/org/codehaus/jackson/jackson-mapper-asl/1.9.13/jackson-mapper-asl-1.9.13.jar:/home/user/.m2/repository/org/codehaus/jackson/jackson-jaxrs/1.9.13/jackson-jaxrs-1.9.13.jar:/home/user/.m2/repository/org/codehaus/jackson/jackson-xc/1.9.13/jackson-xc-1.9.13.jar:/home/user/.m2/repository/commons-logging/commons-logging/1.1.3/commons-logging-1.1.3.jar:/home/user/.m2/repository/commons-beanutils/commons-beanutils/1.9.4/commons-beanutils-1.9.4.jar:/home/user/.m2/repository/org/apache/commons/commons-configuration2/2.1.1/commons-configuration2-2.1.1.jar:/home/user/.m2/repository/org/apache/commons/commons-lang3/3.7/commons-lang3-3.7.jar:/home/user/.m2/repository/org/apache/commons/commons-text/1.4/commons-text-1.4.jar:/home/user/.m2/repository/org/apache/avro/avro/1.7.7/avro-1.7.7.jar:/home/user/.m2/repository/com/thoughtworks/paranamer/paranamer/2.3/paranamer-2.3.jar:/home/user/.m2/repository/org/xerial/snappy/snappy-java/1.0.5/snappy-java-1.0.5.jar:/home/user/.m2/repository/com/google/re2j/re2j/1.1/re2j-1.1.jar:/home/user/.m2/repository/com/google/code/gson/gson/2.2.4/gson-2.2.4.jar:/home/user/.m2/repository/com/jcraft/jsch/0.1.54/jsch-0.1.54.jar:/home/user/.m2/repository/org/apache/curator/curator-client/2.12.0/curator-client-2.12.0.jar:/home/user/.m2/repository/org/apache/curator/curator-recipes/2.12.0/curator-recipes-2.12.0.jar:/home/user/.m2/repository/com/google/code/findbugs/jsr305/3.0.0/jsr305-3.0.0.jar:/home/user/.m2/repository/org/apache/htrace/htrace-core4/4.1.0-incubating/htrace-core4-4.1.0-incubating.jar:/home/user/.m2/repository/org/apache/zookeeper/zookeeper/3.4.13/zookeeper-3.4.13.jar:/home/user/.m2/repository/jline/jline/0.9.94/jline-0.9.94.jar:/home/user/.m2/repository/org/apache/yetus/audience-annotations/0.5.0/audience-annotations-0.5.0.jar:/home/user/.m2/repository/org/codehaus/woodstox/stax2-api/3.1.4/stax2-api-3.1.4.jar:/home/user/.m2/repository/com/fasterxml/woodstox/woodstox-core/5.0.3/woodstox-core-5.0.3.jar:/home/user/.m2/repository/dnsjava/dnsjava/2.1.7/dnsjava-2.1.7.jar:/home/user/.m2/repository/org/apache/hadoop/hadoop-hdfs/3.2.0/hadoop-hdfs-3.2.0-tests.jar:/home/user/.m2/repository/org/eclipse/jetty/jetty-util-ajax/9.3.25.v20180904/jetty-util-ajax-9.3.25.v20180904.jar:/home/user/.m2/repository/commons-daemon/commons-daemon/1.0.13/commons-daemon-1.0.13.jar:/home/user/.m2/repository/io/netty/netty/3.10.5.Final/netty-3.10.5.Final.jar:/home/user/.m2/repository/io/netty/netty-all/4.0.52.Final/netty-all-4.0.52.Final.jar:/home/user/.m2/repository/org/fusesource/leveldbjni/leveldbjni-all/1.8/leveldbjni-all-1.8.jar:"/>
    <property name="java.vm.vendor" value="Oracle Corporation"/>
    <property name="sun.arch.data.model" value="64"/>
    <property name="test.build.dir" value="/workdir/hadoop-ozone/integration-test/target/test-dir"/>
    <property name="test.cache.data" value=""/>
    <property name="java.vendor.url" value="http://java.oracle.com/"/>
    <property name="user.timezone" value=""/>
    <property name="java.vm.specification.version" value="1.8"/>
    <property name="os.name" value="Linux"/>
    <property name="test.build.data" value="/workdir/hadoop-ozone/integration-test/target/test-dir"/>
    <property name="user.country" value="US"/>
    <property name="sun.java.launcher" value="SUN_STANDARD"/>
    <property name="sun.boot.library.path" value="/usr/lib/jvm/java-1.8.0-openjdk-1.8.0.222.b10-1.el7_7.x86_64/jre/lib/amd64"/>
    <property name="sun.java.command" value="/workdir/hadoop-ozone/integration-test/target/surefire/surefirebooter47755430996970221.jar /workdir/hadoop-ozone/integration-test/target/surefire 2019-10-22T03-33-12_832-jvmRun1 surefire69194878076495659tmp surefire_266894923456349454117tmp"/>
    <property name="surefire.test.class.path" value="/workdir/hadoop-ozone/integration-test/target/test-classes:/workdir/hadoop-ozone/integration-test/target/classes:/home/user/.m2/repository/org/apache/hadoop/hadoop-ozone-common/0.5.0-SNAPSHOT/hadoop-ozone-common-0.5.0-SNAPSHOT.jar:/home/user/.m2/repository/org/apache/commons/commons-compress/1.4.1/commons-compress-1.4.1.jar:/home/user/.m2/repository/org/tukaani/xz/1.0/xz-1.0.jar:/home/user/.m2/repository/org/apache/hadoop/hadoop-common/3.2.0/hadoop-common-3.2.0.jar:/home/user/.m2/repository/org/apache/hadoop/hadoop-hdfs/3.2.0/hadoop-hdfs-3.2.0.jar:/home/user/.m2/repository/org/apache/hadoop/hadoop-hdfs-client/3.2.0/hadoop-hdfs-client-3.2.0.jar:/home/user/.m2/repository/com/fasterxml/jackson/core/jackson-annotations/2.9.9/jackson-annotations-2.9.9.jar:/home/user/.m2/repository/org/apache/hadoop/hadoop-hdds-common/0.5.0-SNAPSHOT/hadoop-hdds-common-0.5.0-SNAPSHOT.jar:/home/user/.m2/repository/javax/annotation/javax.annotation-api/1.2/javax.annotation-api-1.2.jar:/home/user/.m2/repository/org/apache/ratis/ratis-server/0.5.0-ced7dbf-SNAPSHOT/ratis-server-0.5.0-ced7dbf-SNAPSHOT.jar:/home/user/.m2/repository/org/apache/ratis/ratis-thirdparty-misc/0.2.0/ratis-thirdparty-misc-0.2.0.jar:/home/user/.m2/repository/org/apache/ratis/ratis-proto/0.5.0-ced7dbf-SNAPSHOT/ratis-proto-0.5.0-ced7dbf-SNAPSHOT.jar:/home/user/.m2/repository/org/apache/ratis/ratis-common/0.5.0-ced7dbf-SNAPSHOT/ratis-common-0.5.0-ced7dbf-SNAPSHOT.jar:/home/user/.m2/repository/org/apache/ratis/ratis-client/0.5.0-ced7dbf-SNAPSHOT/ratis-client-0.5.0-ced7dbf-SNAPSHOT.jar:/home/user/.m2/repository/org/apache/ratis/ratis-metrics/0.5.0-ced7dbf-SNAPSHOT/ratis-metrics-0.5.0-ced7dbf-SNAPSHOT.jar:/home/user/.m2/repository/org/apache/ratis/ratis-netty/0.5.0-ced7dbf-SNAPSHOT/ratis-netty-0.5.0-ced7dbf-SNAPSHOT.jar:/home/user/.m2/repository/org/apache/ratis/ratis-grpc/0.5.0-ced7dbf-SNAPSHOT/ratis-grpc-0.5.0-ced7dbf-SNAPSHOT.jar:/home/user/.m2/repository/org/rocksdb/rocksdbjni/6.0.1/rocksdbjni-6.0.1.jar:/home/user/.m2/repository/org/apache/logging/log4j/log4j-api/2.11.0/log4j-api-2.11.0.jar:/home/user/.m2/repository/org/apache/logging/log4j/log4j-core/2.11.0/log4j-core-2.11.0.jar:/home/user/.m2/repository/com/lmax/disruptor/3.4.2/disruptor-3.4.2.jar:/home/user/.m2/repository/org/apache/commons/commons-pool2/2.6.0/commons-pool2-2.6.0.jar:/home/user/.m2/repository/org/bouncycastle/bcpkix-jdk15on/1.60/bcpkix-jdk15on-1.60.jar:/home/user/.m2/repository/commons-validator/commons-validator/1.6/commons-validator-1.6.jar:/home/user/.m2/repository/commons-digester/commons-digester/1.8.1/commons-digester-1.8.1.jar:/home/user/.m2/repository/io/jaegertracing/jaeger-client/0.34.0/jaeger-client-0.34.0.jar:/home/user/.m2/repository/io/jaegertracing/jaeger-thrift/0.34.0/jaeger-thrift-0.34.0.jar:/home/user/.m2/repository/org/apache/thrift/libthrift/0.12.0/libthrift-0.12.0.jar:/home/user/.m2/repository/com/squareup/okhttp3/okhttp/3.9.0/okhttp-3.9.0.jar:/home/user/.m2/repository/com/squareup/okio/okio/1.13.0/okio-1.13.0.jar:/home/user/.m2/repository/io/jaegertracing/jaeger-core/0.34.0/jaeger-core-0.34.0.jar:/home/user/.m2/repository/io/jaegertracing/jaeger-tracerresolver/0.34.0/jaeger-tracerresolver-0.34.0.jar:/home/user/.m2/repository/io/opentracing/contrib/opentracing-tracerresolver/0.1.5/opentracing-tracerresolver-0.1.5.jar:/home/user/.m2/repository/io/opentracing/opentracing-util/0.31.0/opentracing-util-0.31.0.jar:/home/user/.m2/repository/io/opentracing/opentracing-api/0.31.0/opentracing-api-0.31.0.jar:/home/user/.m2/repository/io/opentracing/opentracing-noop/0.31.0/opentracing-noop-0.31.0.jar:/home/user/.m2/repository/org/apache/hadoop/hadoop-hdds-server-framework/0.5.0-SNAPSHOT/hadoop-hdds-server-framework-0.5.0-SNAPSHOT.jar:/home/user/.m2/repository/org/apache/hadoop/hadoop-hdds-container-service/0.5.0-SNAPSHOT/hadoop-hdds-container-service-0.5.0-SNAPSHOT.jar:/home/user/.m2/repository/org/apache/hadoop/hadoop-hdds-client/0.5.0-SNAPSHOT/hadoop-hdds-client-0.5.0-SNAPSHOT.jar:/home/user/.m2/repository/org/apache/hadoop/hadoop-hdds-tools/0.5.0-SNAPSHOT/hadoop-hdds-tools-0.5.0-SNAPSHOT.jar:/home/user/.m2/repository/org/apache/hadoop/hadoop-hdds-server-scm/0.5.0-SNAPSHOT/hadoop-hdds-server-scm-0.5.0-SNAPSHOT.jar:/home/user/.m2/repository/org/apache/hadoop/hadoop-hdds-docs/0.5.0-SNAPSHOT/hadoop-hdds-docs-0.5.0-SNAPSHOT.jar:/home/user/.m2/repository/io/dropwizard/metrics/metrics-core/3.2.4/metrics-core-3.2.4.jar:/home/user/.m2/repository/org/hamcrest/hamcrest-all/1.3/hamcrest-all-1.3.jar:/home/user/.m2/repository/org/bouncycastle/bcprov-jdk15on/1.60/bcprov-jdk15on-1.60.jar:/home/user/.m2/repository/info/picocli/picocli/3.9.6/picocli-3.9.6.jar:/home/user/.m2/repository/com/google/protobuf/protobuf-java/2.5.0/protobuf-java-2.5.0.jar:/home/user/.m2/repository/com/google/guava/guava/11.0.2/guava-11.0.2.jar:/home/user/.m2/repository/org/apache/hadoop/hadoop-ozone-ozone-manager/0.5.0-SNAPSHOT/hadoop-ozone-ozone-manager-0.5.0-SNAPSHOT.jar:/home/user/.m2/repository/org/apache/hadoop/hadoop-minikdc/3.2.0/hadoop-minikdc-3.2.0.jar:/home/user/.m2/repository/commons-io/commons-io/2.5/commons-io-2.5.jar:/home/user/.m2/repository/org/apache/kerby/kerb-simplekdc/1.0.1/kerb-simplekdc-1.0.1.jar:/home/user/.m2/repository/org/apache/kerby/kerb-client/1.0.1/kerb-client-1.0.1.jar:/home/user/.m2/repository/org/apache/kerby/kerby-config/1.0.1/kerby-config-1.0.1.jar:/home/user/.m2/repository/org/apache/kerby/kerb-core/1.0.1/kerb-core-1.0.1.jar:/home/user/.m2/repository/org/apache/kerby/kerby-pkix/1.0.1/kerby-pkix-1.0.1.jar:/home/user/.m2/repository/org/apache/kerby/kerby-asn1/1.0.1/kerby-asn1-1.0.1.jar:/home/user/.m2/repository/org/apache/kerby/kerby-util/1.0.1/kerby-util-1.0.1.jar:/home/user/.m2/repository/org/apache/kerby/kerb-common/1.0.1/kerb-common-1.0.1.jar:/home/user/.m2/repository/org/apache/kerby/kerb-crypto/1.0.1/kerb-crypto-1.0.1.jar:/home/user/.m2/repository/org/apache/kerby/kerb-util/1.0.1/kerb-util-1.0.1.jar:/home/user/.m2/repository/org/apache/kerby/token-provider/1.0.1/token-provider-1.0.1.jar:/home/user/.m2/repository/org/apache/kerby/kerb-admin/1.0.1/kerb-admin-1.0.1.jar:/home/user/.m2/repository/org/apache/kerby/kerb-server/1.0.1/kerb-server-1.0.1.jar:/home/user/.m2/repository/org/apache/kerby/kerb-identity/1.0.1/kerb-identity-1.0.1.jar:/home/user/.m2/repository/org/apache/kerby/kerby-xdr/1.0.1/kerby-xdr-1.0.1.jar:/home/user/.m2/repository/org/slf4j/slf4j-log4j12/1.7.25/slf4j-log4j12-1.7.25.jar:/home/user/.m2/repository/org/apache/hadoop/hadoop-ozone-s3gateway/0.5.0-SNAPSHOT/hadoop-ozone-s3gateway-0.5.0-SNAPSHOT.jar:/home/user/.m2/repository/org/jboss/weld/servlet/weld-servlet/2.4.7.Final/weld-servlet-2.4.7.Final.jar:/home/user/.m2/repository/org/glassfish/jersey/containers/jersey-container-servlet-core/2.27/jersey-container-servlet-core-2.27.jar:/home/user/.m2/repository/org/glassfish/hk2/external/javax.inject/2.5.0-b42/javax.inject-2.5.0-b42.jar:/home/user/.m2/repository/org/glassfish/jersey/core/jersey-common/2.27/jersey-common-2.27.jar:/home/user/.m2/repository/org/glassfish/hk2/osgi-resource-locator/1.0.1/osgi-resource-locator-1.0.1.jar:/home/user/.m2/repository/javax/ws/rs/javax.ws.rs-api/2.1/javax.ws.rs-api-2.1.jar:/home/user/.m2/repository/org/glassfish/jersey/ext/cdi/jersey-cdi1x/2.27/jersey-cdi1x-2.27.jar:/home/user/.m2/repository/org/glassfish/jersey/inject/jersey-hk2/2.27/jersey-hk2-2.27.jar:/home/user/.m2/repository/org/glassfish/hk2/hk2-locator/2.5.0-b42/hk2-locator-2.5.0-b42.jar:/home/user/.m2/repository/org/javassist/javassist/3.22.0-CR2/javassist-3.22.0-CR2.jar:/home/user/.m2/repository/org/glassfish/hk2/hk2-api/2.5.0/hk2-api-2.5.0.jar:/home/user/.m2/repository/org/glassfish/hk2/external/jakarta.inject/2.5.0/jakarta.inject-2.5.0.jar:/home/user/.m2/repository/org/glassfish/hk2/hk2-utils/2.5.0/hk2-utils-2.5.0.jar:/home/user/.m2/repository/jakarta/annotation/jakarta.annotation-api/1.3.4/jakarta.annotation-api-1.3.4.jar:/home/user/.m2/repository/org/glassfish/hk2/external/aopalliance-repackaged/2.5.0/aopalliance-repackaged-2.5.0.jar:/home/user/.m2/repository/com/fasterxml/jackson/dataformat/jackson-dataformat-xml/2.9.0/jackson-dataformat-xml-2.9.0.jar:/home/user/.m2/repository/com/fasterxml/jackson/core/jackson-core/2.9.9/jackson-core-2.9.9.jar:/home/user/.m2/repository/com/fasterxml/jackson/module/jackson-module-jaxb-annotations/2.9.9/jackson-module-jaxb-annotations-2.9.9.jar:/home/user/.m2/repository/javax/enterprise/cdi-api/1.2/cdi-api-1.2.jar:/home/user/.m2/repository/javax/el/javax.el-api/3.0.0/javax.el-api-3.0.0.jar:/home/user/.m2/repository/javax/interceptor/javax.interceptor-api/1.2/javax.interceptor-api-1.2.jar:/home/user/.m2/repository/javax/inject/javax.inject/1/javax.inject-1.jar:/home/user/.m2/repository/com/sun/xml/bind/jaxb-impl/2.3.0.1/jaxb-impl-2.3.0.1.jar:/home/user/.m2/repository/com/sun/xml/bind/jaxb-core/2.3.0.1/jaxb-core-2.3.0.1.jar:/home/user/.m2/repository/javax/xml/bind/jaxb-api/2.3.0/jaxb-api-2.3.0.jar:/home/user/.m2/repository/javax/activation/activation/1.1.1/activation-1.1.1.jar:/home/user/.m2/repository/org/apache/hadoop/hadoop-ozone-csi/0.5.0-SNAPSHOT/hadoop-ozone-csi-0.5.0-SNAPSHOT.jar:/home/user/.m2/repository/com/google/protobuf/protobuf-java-util/3.5.1/protobuf-java-util-3.5.1.jar:/home/user/.m2/repository/org/apache/hadoop/hadoop-hdds-config/0.5.0-SNAPSHOT/hadoop-hdds-config-0.5.0-SNAPSHOT.jar:/home/user/.m2/repository/io/grpc/grpc-netty/1.17.1/grpc-netty-1.17.1.jar:/home/user/.m2/repository/io/grpc/grpc-core/1.17.1/grpc-core-1.17.1.jar:/home/user/.m2/repository/io/grpc/grpc-context/1.17.1/grpc-context-1.17.1.jar:/home/user/.m2/repository/com/google/errorprone/error_prone_annotations/2.2.0/error_prone_annotations-2.2.0.jar:/home/user/.m2/repository/org/codehaus/mojo/animal-sniffer-annotations/1.17/animal-sniffer-annotations-1.17.jar:/home/user/.m2/repository/io/opencensus/opencensus-api/0.17.0/opencensus-api-0.17.0.jar:/home/user/.m2/repository/io/opencensus/opencensus-contrib-grpc-metrics/0.17.0/opencensus-contrib-grpc-metrics-0.17.0.jar:/home/user/.m2/repository/io/netty/netty-codec-http2/4.1.30.Final/netty-codec-http2-4.1.30.Final.jar:/home/user/.m2/repository/io/netty/netty-codec-http/4.1.30.Final/netty-codec-http-4.1.30.Final.jar:/home/user/.m2/repository/io/netty/netty-codec/4.1.30.Final/netty-codec-4.1.30.Final.jar:/home/user/.m2/repository/io/netty/netty-handler/4.1.30.Final/netty-handler-4.1.30.Final.jar:/home/user/.m2/repository/io/netty/netty-handler-proxy/4.1.30.Final/netty-handler-proxy-4.1.30.Final.jar:/home/user/.m2/repository/io/netty/netty-codec-socks/4.1.30.Final/netty-codec-socks-4.1.30.Final.jar:/home/user/.m2/repository/io/netty/netty-transport-native-epoll/4.1.30.Final/netty-transport-native-epoll-4.1.30.Final.jar:/home/user/.m2/repository/io/netty/netty-common/4.1.30.Final/netty-common-4.1.30.Final.jar:/home/user/.m2/repository/io/netty/netty-buffer/4.1.30.Final/netty-buffer-4.1.30.Final.jar:/home/user/.m2/repository/io/netty/netty-transport/4.1.30.Final/netty-transport-4.1.30.Final.jar:/home/user/.m2/repository/io/netty/netty-resolver/4.1.30.Final/netty-resolver-4.1.30.Final.jar:/home/user/.m2/repository/io/netty/netty-transport-native-unix-common/4.1.30.Final/netty-transport-native-unix-common-4.1.30.Final.jar:/home/user/.m2/repository/io/grpc/grpc-protobuf/1.17.1/grpc-protobuf-1.17.1.jar:/home/user/.m2/repository/com/google/api/grpc/proto-google-common-protos/1.0.0/proto-google-common-protos-1.0.0.jar:/home/user/.m2/repository/io/grpc/grpc-protobuf-lite/1.17.1/grpc-protobuf-lite-1.17.1.jar:/home/user/.m2/repository/io/grpc/grpc-stub/1.17.1/grpc-stub-1.17.1.jar:/home/user/.m2/repository/org/apache/hadoop/hadoop-ozone-recon/0.5.0-SNAPSHOT/hadoop-ozone-recon-0.5.0-SNAPSHOT.jar:/home/user/.m2/repository/org/apache/hadoop/hadoop-ozone-reconcodegen/0.5.0-SNAPSHOT/hadoop-ozone-reconcodegen-0.5.0-SNAPSHOT.jar:/home/user/.m2/repository/com/google/inject/extensions/guice-multibindings/4.0/guice-multibindings-4.0.jar:/home/user/.m2/repository/com/google/inject/guice/4.0/guice-4.0.jar:/home/user/.m2/repository/aopalliance/aopalliance/1.0/aopalliance-1.0.jar:/home/user/.m2/repository/com/google/inject/extensions/guice-servlet/4.0/guice-servlet-4.0.jar:/home/user/.m2/repository/org/glassfish/jersey/containers/jersey-container-servlet/2.27/jersey-container-servlet-2.27.jar:/home/user/.m2/repository/org/glassfish/hk2/guice-bridge/2.5.0/guice-bridge-2.5.0.jar:/home/user/.m2/repository/org/glassfish/jersey/core/jersey-server/2.27/jersey-server-2.27.jar:/home/user/.m2/repository/org/glassfish/jersey/core/jersey-client/2.27/jersey-client-2.27.jar:/home/user/.m2/repository/org/glassfish/jersey/media/jersey-media-jaxb/2.27/jersey-media-jaxb-2.27.jar:/home/user/.m2/repository/javax/validation/validation-api/1.1.0.Final/validation-api-1.1.0.Final.jar:/home/user/.m2/repository/org/glassfish/jersey/media/jersey-media-json-jackson/2.27/jersey-media-json-jackson-2.27.jar:/home/user/.m2/repository/org/glassfish/jersey/ext/jersey-entity-filtering/2.27/jersey-entity-filtering-2.27.jar:/home/user/.m2/repository/com/google/inject/extensions/guice-assistedinject/4.0/guice-assistedinject-4.0.jar:/home/user/.m2/repository/org/jooq/jooq/3.11.10/jooq-3.11.10.jar:/home/user/.m2/repository/org/jooq/jooq-meta/3.11.10/jooq-meta-3.11.10.jar:/home/user/.m2/repository/org/jooq/jooq-codegen/3.11.10/jooq-codegen-3.11.10.jar:/home/user/.m2/repository/com/jolbox/bonecp/0.8.0.RELEASE/bonecp-0.8.0.RELEASE.jar:/home/user/.m2/repository/org/xerial/sqlite-jdbc/3.25.2/sqlite-jdbc-3.25.2.jar:/home/user/.m2/repository/org/springframework/spring-jdbc/5.1.3.RELEASE/spring-jdbc-5.1.3.RELEASE.jar:/home/user/.m2/repository/org/springframework/spring-beans/5.1.3.RELEASE/spring-beans-5.1.3.RELEASE.jar:/home/user/.m2/repository/org/springframework/spring-core/5.1.3.RELEASE/spring-core-5.1.3.RELEASE.jar:/home/user/.m2/repository/org/springframework/spring-jcl/5.1.3.RELEASE/spring-jcl-5.1.3.RELEASE.jar:/home/user/.m2/repository/org/springframework/spring-tx/5.1.3.RELEASE/spring-tx-5.1.3.RELEASE.jar:/home/user/.m2/repository/org/apache/hadoop/hadoop-ozone-client/0.5.0-SNAPSHOT/hadoop-ozone-client-0.5.0-SNAPSHOT.jar:/home/user/.m2/repository/commons-lang/commons-lang/2.6/commons-lang-2.6.jar:/home/user/.m2/repository/org/apache/hadoop/hadoop-ozone-ozone-manager/0.5.0-SNAPSHOT/hadoop-ozone-ozone-manager-0.5.0-SNAPSHOT-tests.jar:/home/user/.m2/repository/junit/junit/4.11/junit-4.11.jar:/home/user/.m2/repository/org/hamcrest/hamcrest-core/1.3/hamcrest-core-1.3.jar:/home/user/.m2/repository/org/openjdk/jmh/jmh-core/1.19/jmh-core-1.19.jar:/home/user/.m2/repository/net/sf/jopt-simple/jopt-simple/4.6/jopt-simple-4.6.jar:/home/user/.m2/repository/org/apache/commons/commons-math3/3.1.1/commons-math3-3.1.1.jar:/home/user/.m2/repository/org/openjdk/jmh/jmh-generator-annprocess/1.19/jmh-generator-annprocess-1.19.jar:/home/user/.m2/repository/org/mockito/mockito-all/1.8.5/mockito-all-1.8.5.jar:/home/user/.m2/repository/org/apache/hadoop/hadoop-kms/3.2.0/hadoop-kms-3.2.0.jar:/home/user/.m2/repository/org/apache/hadoop/hadoop-auth/3.2.0/hadoop-auth-3.2.0.jar:/home/user/.m2/repository/com/nimbusds/nimbus-jose-jwt/4.41.1/nimbus-jose-jwt-4.41.1.jar:/home/user/.m2/repository/com/github/stephenc/jcip/jcip-annotations/1.0-1/jcip-annotations-1.0-1.jar:/home/user/.m2/repository/net/minidev/json-smart/2.3/json-smart-2.3.jar:/home/user/.m2/repository/net/minidev/accessors-smart/1.2/accessors-smart-1.2.jar:/home/user/.m2/repository/org/ow2/asm/asm/5.0.4/asm-5.0.4.jar:/home/user/.m2/repository/org/apache/curator/curator-framework/2.12.0/curator-framework-2.12.0.jar:/home/user/.m2/repository/com/sun/jersey/jersey-core/1.19/jersey-core-1.19.jar:/home/user/.m2/repository/javax/ws/rs/jsr311-api/1.1.1/jsr311-api-1.1.1.jar:/home/user/.m2/repository/com/sun/jersey/jersey-server/1.19/jersey-server-1.19.jar:/home/user/.m2/repository/javax/servlet/javax.servlet-api/3.1.0/javax.servlet-api-3.1.0.jar:/home/user/.m2/repository/org/eclipse/jetty/jetty-server/9.3.25.v20180904/jetty-server-9.3.25.v20180904.jar:/home/user/.m2/repository/org/eclipse/jetty/jetty-http/9.3.25.v20180904/jetty-http-9.3.25.v20180904.jar:/home/user/.m2/repository/org/eclipse/jetty/jetty-io/9.3.25.v20180904/jetty-io-9.3.25.v20180904.jar:/home/user/.m2/repository/org/eclipse/jetty/jetty-webapp/9.3.25.v20180904/jetty-webapp-9.3.25.v20180904.jar:/home/user/.m2/repository/org/eclipse/jetty/jetty-xml/9.3.25.v20180904/jetty-xml-9.3.25.v20180904.jar:/home/user/.m2/repository/log4j/log4j/1.2.17/log4j-1.2.17.jar:/home/user/.m2/repository/org/slf4j/slf4j-api/1.7.25/slf4j-api-1.7.25.jar:/home/user/.m2/repository/org/slf4j/jul-to-slf4j/1.7.25/jul-to-slf4j-1.7.25.jar:/home/user/.m2/repository/org/eclipse/jetty/jetty-util/9.3.25.v20180904/jetty-util-9.3.25.v20180904.jar:/home/user/.m2/repository/com/fasterxml/jackson/core/jackson-databind/2.9.9/jackson-databind-2.9.9.jar:/home/user/.m2/repository/org/apache/hadoop/hadoop-kms/3.2.0/hadoop-kms-3.2.0-tests.jar:/home/user/.m2/repository/org/apache/hadoop/hadoop-hdds-server-scm/0.5.0-SNAPSHOT/hadoop-hdds-server-scm-0.5.0-SNAPSHOT-tests.jar:/home/user/.m2/repository/org/apache/hadoop/hadoop-hdds-container-service/0.5.0-SNAPSHOT/hadoop-hdds-container-service-0.5.0-SNAPSHOT-tests.jar:/home/user/.m2/repository/org/yaml/snakeyaml/1.16/snakeyaml-1.16.jar:/home/user/.m2/repository/org/apache/hadoop/hadoop-common/3.2.0/hadoop-common-3.2.0-tests.jar:/home/user/.m2/repository/org/apache/hadoop/hadoop-annotations/3.2.0/hadoop-annotations-3.2.0.jar:/usr/lib/jvm/java-1.8.0-openjdk-1.8.0.222.b10-1.el7_7.x86_64/jre/../lib/tools.jar:/home/user/.m2/repository/commons-cli/commons-cli/1.2/commons-cli-1.2.jar:/home/user/.m2/repository/org/apache/httpcomponents/httpclient/4.5.2/httpclient-4.5.2.jar:/home/user/.m2/repository/org/apache/httpcomponents/httpcore/4.4.4/httpcore-4.4.4.jar:/home/user/.m2/repository/commons-codec/commons-codec/1.11/commons-codec-1.11.jar:/home/user/.m2/repository/commons-net/commons-net/3.6/commons-net-3.6.jar:/home/user/.m2/repository/commons-collections/commons-collections/3.2.2/commons-collections-3.2.2.jar:/home/user/.m2/repository/org/eclipse/jetty/jetty-servlet/9.3.25.v20180904/jetty-servlet-9.3.25.v20180904.jar:/home/user/.m2/repository/org/eclipse/jetty/jetty-security/9.3.25.v20180904/jetty-security-9.3.25.v20180904.jar:/home/user/.m2/repository/javax/servlet/jsp/jsp-api/2.1/jsp-api-2.1.jar:/home/user/.m2/repository/com/sun/jersey/jersey-servlet/1.19/jersey-servlet-1.19.jar:/home/user/.m2/repository/com/sun/jersey/jersey-json/1.19/jersey-json-1.19.jar:/home/user/.m2/repository/org/codehaus/jettison/jettison/1.1/jettison-1.1.jar:/home/user/.m2/repository/org/codehaus/jackson/jackson-core-asl/1.9.13/jackson-core-asl-1.9.13.jar:/home/user/.m2/repository/org/codehaus/jackson/jackson-mapper-asl/1.9.13/jackson-mapper-asl-1.9.13.jar:/home/user/.m2/repository/org/codehaus/jackson/jackson-jaxrs/1.9.13/jackson-jaxrs-1.9.13.jar:/home/user/.m2/repository/org/codehaus/jackson/jackson-xc/1.9.13/jackson-xc-1.9.13.jar:/home/user/.m2/repository/commons-logging/commons-logging/1.1.3/commons-logging-1.1.3.jar:/home/user/.m2/repository/commons-beanutils/commons-beanutils/1.9.4/commons-beanutils-1.9.4.jar:/home/user/.m2/repository/org/apache/commons/commons-configuration2/2.1.1/commons-configuration2-2.1.1.jar:/home/user/.m2/repository/org/apache/commons/commons-lang3/3.7/commons-lang3-3.7.jar:/home/user/.m2/repository/org/apache/commons/commons-text/1.4/commons-text-1.4.jar:/home/user/.m2/repository/org/apache/avro/avro/1.7.7/avro-1.7.7.jar:/home/user/.m2/repository/com/thoughtworks/paranamer/paranamer/2.3/paranamer-2.3.jar:/home/user/.m2/repository/org/xerial/snappy/snappy-java/1.0.5/snappy-java-1.0.5.jar:/home/user/.m2/repository/com/google/re2j/re2j/1.1/re2j-1.1.jar:/home/user/.m2/repository/com/google/code/gson/gson/2.2.4/gson-2.2.4.jar:/home/user/.m2/repository/com/jcraft/jsch/0.1.54/jsch-0.1.54.jar:/home/user/.m2/repository/org/apache/curator/curator-client/2.12.0/curator-client-2.12.0.jar:/home/user/.m2/repository/org/apache/curator/curator-recipes/2.12.0/curator-recipes-2.12.0.jar:/home/user/.m2/repository/com/google/code/findbugs/jsr305/3.0.0/jsr305-3.0.0.jar:/home/user/.m2/repository/org/apache/htrace/htrace-core4/4.1.0-incubating/htrace-core4-4.1.0-incubating.jar:/home/user/.m2/repository/org/apache/zookeeper/zookeeper/3.4.13/zookeeper-3.4.13.jar:/home/user/.m2/repository/jline/jline/0.9.94/jline-0.9.94.jar:/home/user/.m2/repository/org/apache/yetus/audience-annotations/0.5.0/audience-annotations-0.5.0.jar:/home/user/.m2/repository/org/codehaus/woodstox/stax2-api/3.1.4/stax2-api-3.1.4.jar:/home/user/.m2/repository/com/fasterxml/woodstox/woodstox-core/5.0.3/woodstox-core-5.0.3.jar:/home/user/.m2/repository/dnsjava/dnsjava/2.1.7/dnsjava-2.1.7.jar:/home/user/.m2/repository/org/apache/hadoop/hadoop-hdfs/3.2.0/hadoop-hdfs-3.2.0-tests.jar:/home/user/.m2/repository/org/eclipse/jetty/jetty-util-ajax/9.3.25.v20180904/jetty-util-ajax-9.3.25.v20180904.jar:/home/user/.m2/repository/commons-daemon/commons-daemon/1.0.13/commons-daemon-1.0.13.jar:/home/user/.m2/repository/io/netty/netty/3.10.5.Final/netty-3.10.5.Final.jar:/home/user/.m2/repository/io/netty/netty-all/4.0.52.Final/netty-all-4.0.52.Final.jar:/home/user/.m2/repository/org/fusesource/leveldbjni/leveldbjni-all/1.8/leveldbjni-all-1.8.jar:"/>
    <property name="sun.cpu.endian" value="little"/>
    <property name="user.home" value="/home/user"/>
    <property name="user.language" value="en"/>
    <property name="java.specification.vendor" value="Oracle Corporation"/>
    <property name="java.home" value="/usr/lib/jvm/java-1.8.0-openjdk-1.8.0.222.b10-1.el7_7.x86_64/jre"/>
    <property name="surefire.excludesFile" value="/tools/ozone-bad-unit-tests"/>
    <property name="java.security.krb5.conf" value="/workdir/hadoop-ozone/integration-test/target/test-classes/krb5.conf"/>
    <property name="basedir" value="/workdir/hadoop-ozone/integration-test"/>
    <property name="file.separator" value="/"/>
    <property name="line.separator" value="&#10;"/>
    <property name="java.vm.specification.vendor" value="Oracle Corporation"/>
    <property name="java.specification.name" value="Java Platform API Specification"/>
    <property name="java.awt.graphicsenv" value="sun.awt.X11GraphicsEnvironment"/>
    <property name="surefire.real.class.path" value="/workdir/hadoop-ozone/integration-test/target/surefire/surefirebooter47755430996970221.jar"/>
    <property name="hadoop.log.dir" value="/workdir/hadoop-ozone/integration-test/target/log"/>
    <property name="sun.boot.class.path" value="/usr/lib/jvm/java-1.8.0-openjdk-1.8.0.222.b10-1.el7_7.x86_64/jre/lib/resources.jar:/usr/lib/jvm/java-1.8.0-openjdk-1.8.0.222.b10-1.el7_7.x86_64/jre/lib/rt.jar:/usr/lib/jvm/java-1.8.0-openjdk-1.8.0.222.b10-1.el7_7.x86_64/jre/lib/sunrsasign.jar:/usr/lib/jvm/java-1.8.0-openjdk-1.8.0.222.b10-1.el7_7.x86_64/jre/lib/jsse.jar:/usr/lib/jvm/java-1.8.0-openjdk-1.8.0.222.b10-1.el7_7.x86_64/jre/lib/jce.jar:/usr/lib/jvm/java-1.8.0-openjdk-1.8.0.222.b10-1.el7_7.x86_64/jre/lib/charsets.jar:/usr/lib/jvm/java-1.8.0-openjdk-1.8.0.222.b10-1.el7_7.x86_64/jre/lib/jfr.jar:/usr/lib/jvm/java-1.8.0-openjdk-1.8.0.222.b10-1.el7_7.x86_64/jre/classes"/>
    <property name="sun.management.compiler" value="HotSpot 64-Bit Tiered Compilers"/>
    <property name="java.runtime.version" value="1.8.0_222-b10"/>
    <property name="java.net.preferIPv4Stack" value="true"/>
    <property name="user.name" value="jenkins1000"/>
    <property name="path.separator" value=":"/>
    <property name="java.security.egd" value="file:///dev/urandom"/>
    <property name="os.version" value="3.10.0-957.12.2.el7.x86_64"/>
    <property name="java.endorsed.dirs" value="/usr/lib/jvm/java-1.8.0-openjdk-1.8.0.222.b10-1.el7_7.x86_64/jre/lib/endorsed"/>
    <property name="java.runtime.name" value="OpenJDK Runtime Environment"/>
    <property name="file.encoding" value="ANSI_X3.4-1968"/>
    <property name="java.vm.name" value="OpenJDK 64-Bit Server VM"/>
    <property name="test.build.webapps" value=""/>
    <property name="localRepository" value="/home/user/.m2/repository"/>
    <property name="java.vendor.url.bug" value="http://bugreport.sun.com/bugreport/"/>
    <property name="java.io.tmpdir" value="/tmp"/>
    <property name="require.test.libhadoop" value=""/>
    <property name="java.version" value="1.8.0_222"/>
    <property name="user.dir" value="/workdir/hadoop-ozone/integration-test"/>
    <property name="os.arch" value="amd64"/>
    <property name="java.vm.specification.name" value="Java Virtual Machine Specification"/>
    <property name="test.build.classes" value="/workdir/hadoop-ozone/integration-test/target/test-classes"/>
    <property name="java.awt.printerjob" value="sun.print.PSPrinterJob"/>
    <property name="sun.os.patch.level" value="unknown"/>
    <property name="hadoop.tmp.dir" value="/workdir/hadoop-ozone/integration-test/target/tmp"/>
    <property name="java.library.path" value="/usr/lib:/workdir/hadoop-ozone/integration-test/target/native/target/usr/local/lib:/workdir/hadoop-ozone/integration-test/../../hadoop-common-project/hadoop-common/target/native/target/usr/local/lib:/usr/java/packages/lib/amd64:/usr/lib64:/lib64:/lib:/usr/lib"/>
    <property name="java.vm.info" value="mixed mode"/>
    <property name="java.vendor" value="Oracle Corporation"/>
    <property name="java.vm.version" value="25.222-b10"/>
    <property name="java.ext.dirs" value="/usr/lib/jvm/java-1.8.0-openjdk-1.8.0.222.b10-1.el7_7.x86_64/jre/lib/ext:/usr/java/packages/lib/ext"/>
    <property name="sun.io.unicode.encoding" value="UnicodeLittle"/>
    <property name="java.class.version" value="52.0"/>
  </properties>
  <testcase name="testDeleteKeyWithSlowFollower" classname="org.apache.hadoop.ozone.client.rpc.TestDeleteWithSlowFollower" time="116.179">
    <failure type="java.lang.AssertionError">java.lang.AssertionError
	at org.junit.Assert.fail(Assert.java:86)
	at org.junit.Assert.assertTrue(Assert.java:41)
	at org.junit.Assert.assertTrue(Assert.java:52)
	at org.apache.hadoop.ozone.client.rpc.TestDeleteWithSlowFollower.testDeleteKeyWithSlowFollower(TestDeleteWithSlowFollower.java:265)
	at sun.reflect.NativeMethodAccessorImpl.invoke0(Native Method)
	at sun.reflect.NativeMethodAccessorImpl.invoke(NativeMethodAccessorImpl.java:62)
	at sun.reflect.DelegatingMethodAccessorImpl.invoke(DelegatingMethodAccessorImpl.java:43)
	at java.lang.reflect.Method.invoke(Method.java:498)
	at org.junit.runners.model.FrameworkMethod$1.runReflectiveCall(FrameworkMethod.java:47)
	at org.junit.internal.runners.model.ReflectiveCallable.run(ReflectiveCallable.java:12)
	at org.junit.runners.model.FrameworkMethod.invokeExplosively(FrameworkMethod.java:44)
	at org.junit.internal.runners.statements.InvokeMethod.evaluate(InvokeMethod.java:17)
	at org.junit.runners.ParentRunner.runLeaf(ParentRunner.java:271)
	at org.junit.runners.BlockJUnit4ClassRunner.runChild(BlockJUnit4ClassRunner.java:70)
	at org.junit.runners.BlockJUnit4ClassRunner.runChild(BlockJUnit4ClassRunner.java:50)
	at org.junit.runners.ParentRunner$3.run(ParentRunner.java:238)
	at org.junit.runners.ParentRunner$1.schedule(ParentRunner.java:63)
	at org.junit.runners.ParentRunner.runChildren(ParentRunner.java:236)
	at org.junit.runners.ParentRunner.access$000(ParentRunner.java:53)
	at org.junit.runners.ParentRunner$2.evaluate(ParentRunner.java:229)
	at org.junit.internal.runners.statements.RunBefores.evaluate(RunBefores.java:26)
	at org.junit.internal.runners.statements.RunAfters.evaluate(RunAfters.java:27)
	at org.junit.runners.ParentRunner.run(ParentRunner.java:309)
	at org.apache.maven.surefire.junit4.JUnit4Provider.execute(JUnit4Provider.java:365)
	at org.apache.maven.surefire.junit4.JUnit4Provider.executeWithRerun(JUnit4Provider.java:273)
	at org.apache.maven.surefire.junit4.JUnit4Provider.executeTestSet(JUnit4Provider.java:238)
	at org.apache.maven.surefire.junit4.JUnit4Provider.invoke(JUnit4Provider.java:159)
	at org.apache.maven.surefire.booter.ForkedBooter.invokeProviderInSameClassLoader(ForkedBooter.java:384)
	at org.apache.maven.surefire.booter.ForkedBooter.runSuitesInProcess(ForkedBooter.java:345)
	at org.apache.maven.surefire.booter.ForkedBooter.execute(ForkedBooter.java:126)
	at org.apache.maven.surefire.booter.ForkedBooter.main(ForkedBooter.java:418)
</failure>
    <system-out><![CDATA[2019-10-22 04:02:49,901 [main] WARN  server.ServerUtils (ServerUtils.java:getScmDbDir(145)) - ozone.scm.db.dirs is not configured. We recommend adding this setting. Falling back to ozone.metadata.dirs instead.
2019-10-22 04:02:50,030 [main] WARN  server.ServerUtils (ServerUtils.java:getScmDbDir(145)) - ozone.scm.db.dirs is not configured. We recommend adding this setting. Falling back to ozone.metadata.dirs instead.
2019-10-22 04:02:50,034 [main] WARN  server.ServerUtils (ServerUtils.java:getScmDbDir(145)) - ozone.scm.db.dirs is not configured. We recommend adding this setting. Falling back to ozone.metadata.dirs instead.
2019-10-22 04:02:50,062 [main] INFO  util.log (Log.java:initialized(192)) - Logging initialized @840ms
2019-10-22 04:02:50,157 [main] INFO  db.DBStoreBuilder (DBStoreBuilder.java:addTable(127)) - using custom profile for table: deletedBlocks
2019-10-22 04:02:50,157 [main] INFO  db.DBStoreBuilder (DBStoreBuilder.java:processTables(183)) - Using default column profile:DBProfile.DISK for Table:deletedBlocks
2019-10-22 04:02:50,157 [main] INFO  db.DBStoreBuilder (DBStoreBuilder.java:addTable(127)) - using custom profile for table: validCerts
2019-10-22 04:02:50,158 [main] INFO  db.DBStoreBuilder (DBStoreBuilder.java:processTables(183)) - Using default column profile:DBProfile.DISK for Table:validCerts
2019-10-22 04:02:50,158 [main] INFO  db.DBStoreBuilder (DBStoreBuilder.java:addTable(127)) - using custom profile for table: revokedCerts
2019-10-22 04:02:50,158 [main] INFO  db.DBStoreBuilder (DBStoreBuilder.java:processTables(183)) - Using default column profile:DBProfile.DISK for Table:revokedCerts
2019-10-22 04:02:50,169 [main] INFO  db.DBStoreBuilder (DBStoreBuilder.java:addTable(127)) - using custom profile for table: default
2019-10-22 04:02:50,169 [main] INFO  db.DBStoreBuilder (DBStoreBuilder.java:processTables(189)) - Using default column profile:DBProfile.DISK for Table:default
2019-10-22 04:02:50,170 [main] INFO  db.DBStoreBuilder (DBStoreBuilder.java:getDbProfile(220)) - Using default options. DBProfile.DISK
2019-10-22 04:02:50,421 [main] INFO  net.NodeSchemaLoader (NodeSchemaLoader.java:loadSchemaFromFile(125)) - Loading file from sun.misc.CompoundEnumeration@78691363
2019-10-22 04:02:50,423 [main] INFO  net.NodeSchemaLoader (NodeSchemaLoader.java:loadSchema(171)) - Loading network topology layer schema file
2019-10-22 04:02:50,512 [main] WARN  server.ServerUtils (ServerUtils.java:sanitizeUserArgs(70)) - ozone.scm.stale.node.interval value = 1000000 is larger than max = 100000 based on the key value of ozone.scm.heartbeat.thread.interval, reset to the max value 100000.
2019-10-22 04:02:50,514 [main] WARN  server.ServerUtils (ServerUtils.java:sanitizeUserArgs(70)) - ozone.scm.stale.node.interval value = 1000000 is larger than max = 100000 based on the key value of ozone.scm.heartbeat.thread.interval, reset to the max value 100000.
2019-10-22 04:02:50,517 [main] INFO  node.SCMNodeManager (SCMNodeManager.java:<init>(116)) - Entering startup safe mode.
2019-10-22 04:02:50,583 [main] INFO  algorithms.ContainerPlacementPolicyFactory (ContainerPlacementPolicyFactory.java:getPolicy(57)) - Create container placement policy of type org.apache.hadoop.hdds.scm.container.placement.algorithms.SCMContainerPlacementRandom
2019-10-22 04:02:50,596 [main] WARN  server.ServerUtils (ServerUtils.java:getScmDbDir(145)) - ozone.scm.db.dirs is not configured. We recommend adding this setting. Falling back to ozone.metadata.dirs instead.
2019-10-22 04:02:50,655 [main] INFO  pipeline.SCMPipelineManager (SCMPipelineManager.java:initializePipelineState(132)) - No pipeline exists in current db
2019-10-22 04:02:50,658 [main] WARN  server.ServerUtils (ServerUtils.java:getScmDbDir(145)) - ozone.scm.db.dirs is not configured. We recommend adding this setting. Falling back to ozone.metadata.dirs instead.
2019-10-22 04:02:50,765 [main] WARN  events.EventQueue (EventQueue.java:fireEvent(183)) - No event handler registered for event TypedEvent{payloadType=SafeModeStatus, name='SafeModeStatus'}
2019-10-22 04:02:51,106 [main] INFO  ipc.CallQueueManager (CallQueueManager.java:<init>(84)) - Using callQueue: class java.util.concurrent.LinkedBlockingQueue, queueCapacity: 2000, scheduler: class org.apache.hadoop.ipc.DefaultRpcScheduler, ipcBackoff: false.
2019-10-22 04:02:51,247 [Socket Reader #1 for port 36398] INFO  ipc.Server (Server.java:run(1074)) - Starting Socket Reader #1 for port 36398
2019-10-22 04:02:51,283 [main] INFO  ipc.CallQueueManager (CallQueueManager.java:<init>(84)) - Using callQueue: class java.util.concurrent.LinkedBlockingQueue, queueCapacity: 2000, scheduler: class org.apache.hadoop.ipc.DefaultRpcScheduler, ipcBackoff: false.
2019-10-22 04:02:51,285 [Socket Reader #1 for port 34292] INFO  ipc.Server (Server.java:run(1074)) - Starting Socket Reader #1 for port 34292
2019-10-22 04:02:51,295 [main] INFO  ipc.CallQueueManager (CallQueueManager.java:<init>(84)) - Using callQueue: class java.util.concurrent.LinkedBlockingQueue, queueCapacity: 2000, scheduler: class org.apache.hadoop.ipc.DefaultRpcScheduler, ipcBackoff: false.
2019-10-22 04:02:51,296 [Socket Reader #1 for port 35860] INFO  ipc.Server (Server.java:run(1074)) - Starting Socket Reader #1 for port 35860
2019-10-22 04:02:51,320 [main] INFO  hdfs.DFSUtil (DFSUtil.java:httpServerTemplateForNNAndJN(1641)) - Starting Web-server for scm at: http://0.0.0.0:0
2019-10-22 04:02:51,450 [main] INFO  server.AuthenticationFilter (AuthenticationFilter.java:constructSecretProvider(240)) - Unable to initialize FileSignerSecretProvider, falling back to use random secrets.
2019-10-22 04:02:51,458 [main] WARN  http.HttpRequestLog (HttpRequestLog.java:getRequestLog(97)) - Jetty request log can only be enabled using Log4j
2019-10-22 04:02:51,465 [main] INFO  http.HttpServer2 (HttpServer2.java:addGlobalFilter(975)) - Added global filter 'safety' (class=org.apache.hadoop.http.HttpServer2$QuotingInputFilter)
2019-10-22 04:02:51,468 [main] INFO  http.HttpServer2 (HttpServer2.java:addFilter(948)) - Added filter static_user_filter (class=org.apache.hadoop.http.lib.StaticUserWebFilter$StaticUserFilter) to context scm
2019-10-22 04:02:51,468 [main] INFO  http.HttpServer2 (HttpServer2.java:addFilter(958)) - Added filter static_user_filter (class=org.apache.hadoop.http.lib.StaticUserWebFilter$StaticUserFilter) to context static
2019-10-22 04:02:51,468 [main] INFO  http.HttpServer2 (HttpServer2.java:addFilter(958)) - Added filter static_user_filter (class=org.apache.hadoop.http.lib.StaticUserWebFilter$StaticUserFilter) to context logs
2019-10-22 04:02:51,496 [main] INFO  server.StorageContainerManager (StorageContainerManager.java:start(772)) - StorageContainerLocationProtocol RPC server is listening at /0.0.0.0:35860
2019-10-22 04:02:51,554 [main] WARN  impl.MetricsConfig (MetricsConfig.java:loadFirst(134)) - Cannot locate configuration: tried hadoop-metrics2-storagecontainermanager.properties,hadoop-metrics2.properties
2019-10-22 04:02:51,569 [main] INFO  impl.MetricsSystemImpl (MetricsSystemImpl.java:startTimer(374)) - Scheduled Metric snapshot period at 10 second(s).
2019-10-22 04:02:51,569 [main] INFO  impl.MetricsSystemImpl (MetricsSystemImpl.java:start(191)) - StorageContainerManager metrics system started
2019-10-22 04:02:51,812 [main] INFO  server.SCMClientProtocolServer (SCMClientProtocolServer.java:start(159)) - RPC server for Client  is listening at /0.0.0.0:35860
2019-10-22 04:02:51,812 [IPC Server listener on 35860] INFO  ipc.Server (Server.java:run(1153)) - IPC Server listener on 35860: starting
2019-10-22 04:02:51,812 [IPC Server Responder] INFO  ipc.Server (Server.java:run(1314)) - IPC Server Responder: starting
2019-10-22 04:02:51,815 [main] INFO  server.StorageContainerManager (StorageContainerManager.java:start(782)) - ScmBlockLocationProtocol RPC server is listening at /0.0.0.0:34292
2019-10-22 04:02:51,816 [main] INFO  server.SCMBlockProtocolServer (SCMBlockProtocolServer.java:start(146)) - RPC server for Block Protocol is listening at /0.0.0.0:34292
2019-10-22 04:02:51,816 [IPC Server listener on 34292] INFO  ipc.Server (Server.java:run(1153)) - IPC Server listener on 34292: starting
2019-10-22 04:02:51,816 [IPC Server Responder] INFO  ipc.Server (Server.java:run(1314)) - IPC Server Responder: starting
2019-10-22 04:02:51,818 [main] INFO  server.StorageContainerManager (StorageContainerManager.java:start(786)) - ScmDatanodeProtocl RPC server is listening at /0.0.0.0:36398
2019-10-22 04:02:51,818 [main] INFO  server.SCMDatanodeProtocolServer (SCMDatanodeProtocolServer.java:start(169)) - RPC server for DataNodes is listening at /0.0.0.0:36398
2019-10-22 04:02:51,819 [IPC Server Responder] INFO  ipc.Server (Server.java:run(1314)) - IPC Server Responder: starting
2019-10-22 04:02:51,819 [IPC Server listener on 36398] INFO  ipc.Server (Server.java:run(1153)) - IPC Server listener on 36398: starting
2019-10-22 04:02:51,822 [main] INFO  http.HttpServer2 (HttpServer2.java:bindListener(1191)) - Jetty bound to port 40068
2019-10-22 04:02:51,824 [main] INFO  server.Server (Server.java:doStart(351)) - jetty-9.3.25.v20180904, build timestamp: 2018-09-04T21:11:46Z, git hash: 3ce520221d0240229c862b122d2b06c12a625732
2019-10-22 04:02:51,859 [main] INFO  handler.ContextHandler (ContextHandler.java:doStart(781)) - Started o.e.j.s.ServletContextHandler@2f48b3d2{/logs,file:///workdir/hadoop-ozone/integration-test/target/log,AVAILABLE}
2019-10-22 04:02:51,860 [main] INFO  handler.ContextHandler (ContextHandler.java:doStart(781)) - Started o.e.j.s.ServletContextHandler@753432a2{/static,file:///workdir/hadoop-ozone/integration-test/target/test-classes/webapps/static,AVAILABLE}
2019-10-22 04:02:51,890 [main] INFO  handler.ContextHandler (ContextHandler.java:doStart(781)) - Started o.e.j.w.WebAppContext@23a9ba52{/,file:///workdir/hadoop-ozone/integration-test/target/test-classes/webapps/scm/,AVAILABLE}{/scm}
2019-10-22 04:02:51,895 [main] INFO  server.AbstractConnector (AbstractConnector.java:doStart(278)) - Started ServerConnector@7927bd9f{HTTP/1.1,[http/1.1]}{0.0.0.0:40068}
2019-10-22 04:02:51,896 [main] INFO  server.Server (Server.java:doStart(419)) - Started @2674ms
2019-10-22 04:02:51,898 [main] INFO  impl.MetricsSinkAdapter (MetricsSinkAdapter.java:start(204)) - Sink prometheus started
2019-10-22 04:02:51,898 [main] INFO  impl.MetricsSystemImpl (MetricsSystemImpl.java:registerSink(301)) - Registered sink prometheus
2019-10-22 04:02:51,899 [main] INFO  server.BaseHttpServer (BaseHttpServer.java:updateConnectorAddress(215)) - HTTP server of SCM is listening at http://0.0.0.0:40068
2019-10-22 04:02:51,904 [org.apache.hadoop.util.JvmPauseMonitor$Monitor@3d3f761a] INFO  util.JvmPauseMonitor (JvmPauseMonitor.java:run(188)) - Starting JVM pause monitor
2019-10-22 04:02:51,907 [main] WARN  server.ServerUtils (ServerUtils.java:getDBPath(222)) - ozone.om.db.dirs is not configured. We recommend adding this setting. Falling back to ozone.metadata.dirs instead.
2019-10-22 04:02:52,003 [main] INFO  ha.OMHANodeDetails (OMHANodeDetails.java:loadOMHAConfig(190)) - Configuration either no ozone.om.address set. Falling back to the default OM address /127.0.0.1:0
2019-10-22 04:02:52,004 [main] INFO  ha.OMHANodeDetails (OMHANodeDetails.java:getOMNodeDetails(220)) - OM Service ID is not set. Setting it to the default ID: omServiceIdDefault
2019-10-22 04:02:52,005 [main] WARN  server.ServerUtils (ServerUtils.java:getDBPath(222)) - ozone.om.db.dirs is not configured. We recommend adding this setting. Falling back to ozone.metadata.dirs instead.
2019-10-22 04:02:52,006 [main] WARN  server.ServerUtils (ServerUtils.java:getDBPath(222)) - ozone.om.db.dirs is not configured. We recommend adding this setting. Falling back to ozone.metadata.dirs instead.
2019-10-22 04:02:52,614 [main] WARN  server.ServerUtils (ServerUtils.java:getDBPath(222)) - ozone.om.db.dirs is not configured. We recommend adding this setting. Falling back to ozone.metadata.dirs instead.
2019-10-22 04:02:52,622 [main] INFO  db.DBStoreBuilder (DBStoreBuilder.java:addTable(127)) - using custom profile for table: userTable
2019-10-22 04:02:52,622 [main] INFO  db.DBStoreBuilder (DBStoreBuilder.java:processTables(183)) - Using default column profile:DBProfile.DISK for Table:userTable
2019-10-22 04:02:52,622 [main] INFO  db.DBStoreBuilder (DBStoreBuilder.java:addTable(127)) - using custom profile for table: volumeTable
2019-10-22 04:02:52,622 [main] INFO  db.DBStoreBuilder (DBStoreBuilder.java:processTables(183)) - Using default column profile:DBProfile.DISK for Table:volumeTable
2019-10-22 04:02:52,623 [main] INFO  db.DBStoreBuilder (DBStoreBuilder.java:addTable(127)) - using custom profile for table: bucketTable
2019-10-22 04:02:52,623 [main] INFO  db.DBStoreBuilder (DBStoreBuilder.java:processTables(183)) - Using default column profile:DBProfile.DISK for Table:bucketTable
2019-10-22 04:02:52,623 [main] INFO  db.DBStoreBuilder (DBStoreBuilder.java:addTable(127)) - using custom profile for table: keyTable
2019-10-22 04:02:52,623 [main] INFO  db.DBStoreBuilder (DBStoreBuilder.java:processTables(183)) - Using default column profile:DBProfile.DISK for Table:keyTable
2019-10-22 04:02:52,624 [main] INFO  db.DBStoreBuilder (DBStoreBuilder.java:addTable(127)) - using custom profile for table: deletedTable
2019-10-22 04:02:52,624 [main] INFO  db.DBStoreBuilder (DBStoreBuilder.java:processTables(183)) - Using default column profile:DBProfile.DISK for Table:deletedTable
2019-10-22 04:02:52,624 [main] INFO  db.DBStoreBuilder (DBStoreBuilder.java:addTable(127)) - using custom profile for table: openKeyTable
2019-10-22 04:02:52,624 [main] INFO  db.DBStoreBuilder (DBStoreBuilder.java:processTables(183)) - Using default column profile:DBProfile.DISK for Table:openKeyTable
2019-10-22 04:02:52,624 [main] INFO  db.DBStoreBuilder (DBStoreBuilder.java:addTable(127)) - using custom profile for table: s3Table
2019-10-22 04:02:52,625 [main] INFO  db.DBStoreBuilder (DBStoreBuilder.java:processTables(183)) - Using default column profile:DBProfile.DISK for Table:s3Table
2019-10-22 04:02:52,625 [main] INFO  db.DBStoreBuilder (DBStoreBuilder.java:addTable(127)) - using custom profile for table: multipartInfoTable
2019-10-22 04:02:52,625 [main] INFO  db.DBStoreBuilder (DBStoreBuilder.java:processTables(183)) - Using default column profile:DBProfile.DISK for Table:multipartInfoTable
2019-10-22 04:02:52,625 [main] INFO  db.DBStoreBuilder (DBStoreBuilder.java:addTable(127)) - using custom profile for table: dTokenTable
2019-10-22 04:02:52,625 [main] INFO  db.DBStoreBuilder (DBStoreBuilder.java:processTables(183)) - Using default column profile:DBProfile.DISK for Table:dTokenTable
2019-10-22 04:02:52,626 [main] INFO  db.DBStoreBuilder (DBStoreBuilder.java:addTable(127)) - using custom profile for table: s3SecretTable
2019-10-22 04:02:52,626 [main] INFO  db.DBStoreBuilder (DBStoreBuilder.java:processTables(183)) - Using default column profile:DBProfile.DISK for Table:s3SecretTable
2019-10-22 04:02:52,626 [main] INFO  db.DBStoreBuilder (DBStoreBuilder.java:addTable(127)) - using custom profile for table: prefixTable
2019-10-22 04:02:52,626 [main] INFO  db.DBStoreBuilder (DBStoreBuilder.java:processTables(183)) - Using default column profile:DBProfile.DISK for Table:prefixTable
2019-10-22 04:02:52,627 [main] INFO  db.DBStoreBuilder (DBStoreBuilder.java:addTable(127)) - using custom profile for table: default
2019-10-22 04:02:52,627 [main] INFO  db.DBStoreBuilder (DBStoreBuilder.java:processTables(189)) - Using default column profile:DBProfile.DISK for Table:default
2019-10-22 04:02:52,627 [main] INFO  db.DBStoreBuilder (DBStoreBuilder.java:getDbProfile(220)) - Using default options. DBProfile.DISK
2019-10-22 04:02:53,032 [main] INFO  ipc.CallQueueManager (CallQueueManager.java:<init>(84)) - Using callQueue: class java.util.concurrent.LinkedBlockingQueue, queueCapacity: 2000, scheduler: class org.apache.hadoop.ipc.DefaultRpcScheduler, ipcBackoff: false.
2019-10-22 04:02:53,033 [Socket Reader #1 for port 38425] INFO  ipc.Server (Server.java:run(1074)) - Starting Socket Reader #1 for port 38425
2019-10-22 04:02:53,055 [main] INFO  om.OzoneManager (OzoneManager.java:start(1074)) - OzoneManager RPC server is listening at localhost/127.0.0.1:38425
2019-10-22 04:02:53,055 [main] INFO  impl.MetricsSystemImpl (MetricsSystemImpl.java:init(158)) - OzoneManager metrics system started (again)
2019-10-22 04:02:53,063 [IPC Server Responder] INFO  ipc.Server (Server.java:run(1314)) - IPC Server Responder: starting
2019-10-22 04:02:53,063 [IPC Server listener on 38425] INFO  ipc.Server (Server.java:run(1153)) - IPC Server listener on 38425: starting
2019-10-22 04:02:53,068 [main] INFO  hdfs.DFSUtil (DFSUtil.java:httpServerTemplateForNNAndJN(1641)) - Starting Web-server for ozoneManager at: http://0.0.0.0:0
2019-10-22 04:02:53,071 [main] INFO  server.AuthenticationFilter (AuthenticationFilter.java:constructSecretProvider(240)) - Unable to initialize FileSignerSecretProvider, falling back to use random secrets.
2019-10-22 04:02:53,072 [main] WARN  http.HttpRequestLog (HttpRequestLog.java:getRequestLog(97)) - Jetty request log can only be enabled using Log4j
2019-10-22 04:02:53,075 [main] INFO  http.HttpServer2 (HttpServer2.java:addGlobalFilter(975)) - Added global filter 'safety' (class=org.apache.hadoop.http.HttpServer2$QuotingInputFilter)
2019-10-22 04:02:53,077 [main] INFO  http.HttpServer2 (HttpServer2.java:addFilter(948)) - Added filter static_user_filter (class=org.apache.hadoop.http.lib.StaticUserWebFilter$StaticUserFilter) to context ozoneManager
2019-10-22 04:02:53,077 [main] INFO  http.HttpServer2 (HttpServer2.java:addFilter(958)) - Added filter static_user_filter (class=org.apache.hadoop.http.lib.StaticUserWebFilter$StaticUserFilter) to context logs
2019-10-22 04:02:53,077 [main] INFO  http.HttpServer2 (HttpServer2.java:addFilter(958)) - Added filter static_user_filter (class=org.apache.hadoop.http.lib.StaticUserWebFilter$StaticUserFilter) to context static
2019-10-22 04:02:53,081 [main] INFO  http.HttpServer2 (HttpServer2.java:bindListener(1191)) - Jetty bound to port 44632
2019-10-22 04:02:53,081 [main] INFO  server.Server (Server.java:doStart(351)) - jetty-9.3.25.v20180904, build timestamp: 2018-09-04T21:11:46Z, git hash: 3ce520221d0240229c862b122d2b06c12a625732
2019-10-22 04:02:53,084 [main] INFO  handler.ContextHandler (ContextHandler.java:doStart(781)) - Started o.e.j.s.ServletContextHandler@40ab8a8{/logs,file:///workdir/hadoop-ozone/integration-test/target/log,AVAILABLE}
2019-10-22 04:02:53,084 [main] INFO  handler.ContextHandler (ContextHandler.java:doStart(781)) - Started o.e.j.s.ServletContextHandler@65cc8228{/static,file:///workdir/hadoop-ozone/integration-test/target/test-classes/webapps/static,AVAILABLE}
2019-10-22 04:02:53,092 [main] INFO  handler.ContextHandler (ContextHandler.java:doStart(781)) - Started o.e.j.w.WebAppContext@5d235104{/,file:///workdir/hadoop-ozone/integration-test/target/test-classes/webapps/ozoneManager/,AVAILABLE}{/ozoneManager}
2019-10-22 04:02:53,093 [main] INFO  server.AbstractConnector (AbstractConnector.java:doStart(278)) - Started ServerConnector@4e8e8621{HTTP/1.1,[http/1.1]}{0.0.0.0:44632}
2019-10-22 04:02:53,093 [main] INFO  server.Server (Server.java:doStart(419)) - Started @3871ms
2019-10-22 04:02:53,093 [main] WARN  impl.MetricsSystemImpl (MetricsSystemImpl.java:register(276)) - Sink prometheus already exists!
2019-10-22 04:02:53,094 [main] INFO  server.BaseHttpServer (BaseHttpServer.java:updateConnectorAddress(215)) - HTTP server of OZONEMANAGER is listening at http://0.0.0.0:44632
2019-10-22 04:02:53,395 [main] INFO  impl.MetricsSystemImpl (MetricsSystemImpl.java:init(158)) - HddsDatanode metrics system started (again)
2019-10-22 04:02:53,439 [main] INFO  ozone.HddsDatanodeService (HddsDatanodeService.java:start(184)) - HddsDatanodeService host:trunk-nightly-20191022-cthwk-1142398527 ip:192.168.69.98
2019-10-22 04:02:53,471 [main] INFO  volume.HddsVolume (HddsVolume.java:<init>(176)) - Creating Volume: /workdir/hadoop-ozone/integration-test/target/test-dir/MiniOzoneClusterImpl-0034b704-fef7-4bee-834c-071f1b1ecffb/datanode-0/data/containers/hdds of  storage type : DISK and capacity : 1482555576320
2019-10-22 04:02:53,472 [main] INFO  volume.VolumeSet (VolumeSet.java:initializeVolumeSet(170)) - Added Volume : /workdir/hadoop-ozone/integration-test/target/test-dir/MiniOzoneClusterImpl-0034b704-fef7-4bee-834c-071f1b1ecffb/datanode-0/data/containers/hdds to VolumeSet
2019-10-22 04:02:53,475 [main] INFO  volume.ThrottledAsyncChecker (ThrottledAsyncChecker.java:schedule(141)) - Scheduling a check for /workdir/hadoop-ozone/integration-test/target/test-dir/MiniOzoneClusterImpl-0034b704-fef7-4bee-834c-071f1b1ecffb/datanode-0/data/containers/hdds
2019-10-22 04:02:53,490 [main] INFO  volume.HddsVolumeChecker (HddsVolumeChecker.java:checkAllVolumes(204)) - Scheduled health check for volume /workdir/hadoop-ozone/integration-test/target/test-dir/MiniOzoneClusterImpl-0034b704-fef7-4bee-834c-071f1b1ecffb/datanode-0/data/containers/hdds
2019-10-22 04:02:53,592 [main] INFO  impl.RaftServerProxy (ConfUtils.java:logGet(43)) - raft.rpc.type = GRPC (default)
2019-10-22 04:02:53,656 [main] INFO  grpc.GrpcFactory (GrpcFactory.java:checkPooledByteBufAllocatorUseCacheForAllThreads(45)) - PERFORMANCE WARNING: useCacheForAllThreads is true that may cause Netty to create a lot garbage objects and, as a result, trigger GC.
	It is recommended to disable useCacheForAllThreads by setting -Dorg.apache.ratis.thirdparty.io.netty.allocator.useCacheForAllThreads=false in command line.
2019-10-22 04:02:53,661 [main] INFO  grpc.GrpcConfigKeys$Server (ConfUtils.java:logGet(43)) - raft.grpc.server.port = 0 (default)
2019-10-22 04:02:53,662 [main] INFO  server.GrpcService (ConfUtils.java:logGet(43)) - raft.grpc.message.size.max = 33570816 (custom)
2019-10-22 04:02:53,663 [main] INFO  server.RaftServerConfigKeys (ConfUtils.java:logGet(43)) - raft.server.log.appender.buffer.byte-limit = 33554432 (custom)
2019-10-22 04:02:53,664 [main] INFO  server.GrpcService (ConfUtils.java:logGet(43)) - raft.grpc.flow.control.window = 1MB (=1048576) (default)
2019-10-22 04:02:53,665 [main] INFO  server.RaftServerConfigKeys (ConfUtils.java:logGet(43)) - raft.server.rpc.request.timeout = 3000ms (default)
2019-10-22 04:02:53,812 [main] INFO  server.RaftServerConfigKeys (ConfUtils.java:logGet(43)) - raft.server.storage.dir = [/workdir/hadoop-ozone/integration-test/target/test-dir/MiniOzoneClusterImpl-0034b704-fef7-4bee-834c-071f1b1ecffb/datanode-0/data/ratis] (custom)
2019-10-22 04:02:53,859 [main] INFO  hdfs.DFSUtil (DFSUtil.java:httpServerTemplateForNNAndJN(1641)) - Starting Web-server for hddsDatanode at: http://0.0.0.0:0
2019-10-22 04:02:53,861 [main] INFO  server.AuthenticationFilter (AuthenticationFilter.java:constructSecretProvider(240)) - Unable to initialize FileSignerSecretProvider, falling back to use random secrets.
2019-10-22 04:02:53,861 [main] WARN  http.HttpRequestLog (HttpRequestLog.java:getRequestLog(97)) - Jetty request log can only be enabled using Log4j
2019-10-22 04:02:53,863 [main] INFO  http.HttpServer2 (HttpServer2.java:addGlobalFilter(975)) - Added global filter 'safety' (class=org.apache.hadoop.http.HttpServer2$QuotingInputFilter)
2019-10-22 04:02:53,864 [main] INFO  http.HttpServer2 (HttpServer2.java:addFilter(948)) - Added filter static_user_filter (class=org.apache.hadoop.http.lib.StaticUserWebFilter$StaticUserFilter) to context hddsDatanode
2019-10-22 04:02:53,864 [main] INFO  http.HttpServer2 (HttpServer2.java:addFilter(958)) - Added filter static_user_filter (class=org.apache.hadoop.http.lib.StaticUserWebFilter$StaticUserFilter) to context logs
2019-10-22 04:02:53,864 [main] INFO  http.HttpServer2 (HttpServer2.java:addFilter(958)) - Added filter static_user_filter (class=org.apache.hadoop.http.lib.StaticUserWebFilter$StaticUserFilter) to context static
2019-10-22 04:02:53,865 [main] INFO  http.HttpServer2 (HttpServer2.java:bindListener(1191)) - Jetty bound to port 39449
2019-10-22 04:02:53,865 [main] INFO  server.Server (Server.java:doStart(351)) - jetty-9.3.25.v20180904, build timestamp: 2018-09-04T21:11:46Z, git hash: 3ce520221d0240229c862b122d2b06c12a625732
2019-10-22 04:02:53,867 [main] INFO  handler.ContextHandler (ContextHandler.java:doStart(781)) - Started o.e.j.s.ServletContextHandler@6c008c24{/logs,file:///workdir/hadoop-ozone/integration-test/target/log,AVAILABLE}
2019-10-22 04:02:53,868 [main] INFO  handler.ContextHandler (ContextHandler.java:doStart(781)) - Started o.e.j.s.ServletContextHandler@21079a12{/static,jar:file:/home/user/.m2/repository/org/apache/hadoop/hadoop-hdds-container-service/0.5.0-SNAPSHOT/hadoop-hdds-container-service-0.5.0-SNAPSHOT.jar!/webapps/static,AVAILABLE}
2019-10-22 04:02:53,902 [main] INFO  handler.ContextHandler (ContextHandler.java:doStart(781)) - Started o.e.j.w.WebAppContext@673919a7{/,file:///tmp/jetty-0.0.0.0-39449-hddsDatanode-_-any-991737002568125190.dir/webapp/,AVAILABLE}{/hddsDatanode}
2019-10-22 04:02:53,903 [main] INFO  server.AbstractConnector (AbstractConnector.java:doStart(278)) - Started ServerConnector@25d93198{HTTP/1.1,[http/1.1]}{0.0.0.0:39449}
2019-10-22 04:02:53,904 [main] INFO  server.Server (Server.java:doStart(419)) - Started @4682ms
2019-10-22 04:02:53,904 [main] WARN  impl.MetricsSystemImpl (MetricsSystemImpl.java:register(276)) - Sink prometheus already exists!
2019-10-22 04:02:53,905 [main] INFO  server.BaseHttpServer (BaseHttpServer.java:updateConnectorAddress(215)) - HTTP server of HDDSDATANODE is listening at http://0.0.0.0:39449
2019-10-22 04:02:53,906 [main] INFO  impl.MetricsSystemImpl (MetricsSystemImpl.java:init(158)) - HddsDatanode metrics system started (again)
2019-10-22 04:02:53,908 [main] INFO  ozone.HddsDatanodeService (HddsDatanodeService.java:start(184)) - HddsDatanodeService host:trunk-nightly-20191022-cthwk-1142398527 ip:192.168.69.98
2019-10-22 04:02:53,911 [org.apache.hadoop.util.JvmPauseMonitor$Monitor@49950650] INFO  util.JvmPauseMonitor (JvmPauseMonitor.java:run(188)) - Starting JVM pause monitor
2019-10-22 04:02:53,918 [main] INFO  volume.HddsVolume (HddsVolume.java:<init>(176)) - Creating Volume: /workdir/hadoop-ozone/integration-test/target/test-dir/MiniOzoneClusterImpl-0034b704-fef7-4bee-834c-071f1b1ecffb/datanode-1/data/containers/hdds of  storage type : DISK and capacity : 1482555576320
2019-10-22 04:02:53,918 [main] INFO  volume.VolumeSet (VolumeSet.java:initializeVolumeSet(170)) - Added Volume : /workdir/hadoop-ozone/integration-test/target/test-dir/MiniOzoneClusterImpl-0034b704-fef7-4bee-834c-071f1b1ecffb/datanode-1/data/containers/hdds to VolumeSet
2019-10-22 04:02:53,918 [main] INFO  volume.ThrottledAsyncChecker (ThrottledAsyncChecker.java:schedule(141)) - Scheduling a check for /workdir/hadoop-ozone/integration-test/target/test-dir/MiniOzoneClusterImpl-0034b704-fef7-4bee-834c-071f1b1ecffb/datanode-1/data/containers/hdds
2019-10-22 04:02:53,919 [main] INFO  volume.HddsVolumeChecker (HddsVolumeChecker.java:checkAllVolumes(204)) - Scheduled health check for volume /workdir/hadoop-ozone/integration-test/target/test-dir/MiniOzoneClusterImpl-0034b704-fef7-4bee-834c-071f1b1ecffb/datanode-1/data/containers/hdds
2019-10-22 04:02:53,932 [main] INFO  impl.RaftServerProxy (ConfUtils.java:logGet(43)) - raft.rpc.type = GRPC (default)
2019-10-22 04:02:53,932 [main] INFO  grpc.GrpcFactory (GrpcFactory.java:checkPooledByteBufAllocatorUseCacheForAllThreads(45)) - PERFORMANCE WARNING: useCacheForAllThreads is true that may cause Netty to create a lot garbage objects and, as a result, trigger GC.
	It is recommended to disable useCacheForAllThreads by setting -Dorg.apache.ratis.thirdparty.io.netty.allocator.useCacheForAllThreads=false in command line.
2019-10-22 04:02:53,932 [main] INFO  grpc.GrpcConfigKeys$Server (ConfUtils.java:logGet(43)) - raft.grpc.server.port = 0 (default)
2019-10-22 04:02:53,932 [main] INFO  server.GrpcService (ConfUtils.java:logGet(43)) - raft.grpc.message.size.max = 33570816 (custom)
2019-10-22 04:02:53,933 [main] INFO  server.RaftServerConfigKeys (ConfUtils.java:logGet(43)) - raft.server.log.appender.buffer.byte-limit = 33554432 (custom)
2019-10-22 04:02:53,933 [main] INFO  server.GrpcService (ConfUtils.java:logGet(43)) - raft.grpc.flow.control.window = 1MB (=1048576) (default)
2019-10-22 04:02:53,933 [main] INFO  server.RaftServerConfigKeys (ConfUtils.java:logGet(43)) - raft.server.rpc.request.timeout = 3000ms (default)
2019-10-22 04:02:53,934 [main] INFO  server.RaftServerConfigKeys (ConfUtils.java:logGet(43)) - raft.server.storage.dir = [/workdir/hadoop-ozone/integration-test/target/test-dir/MiniOzoneClusterImpl-0034b704-fef7-4bee-834c-071f1b1ecffb/datanode-1/data/ratis] (custom)
2019-10-22 04:02:53,935 [main] INFO  hdfs.DFSUtil (DFSUtil.java:httpServerTemplateForNNAndJN(1641)) - Starting Web-server for hddsDatanode at: http://0.0.0.0:0
2019-10-22 04:02:53,936 [main] INFO  server.AuthenticationFilter (AuthenticationFilter.java:constructSecretProvider(240)) - Unable to initialize FileSignerSecretProvider, falling back to use random secrets.
2019-10-22 04:02:53,937 [main] WARN  http.HttpRequestLog (HttpRequestLog.java:getRequestLog(97)) - Jetty request log can only be enabled using Log4j
2019-10-22 04:02:53,938 [main] INFO  http.HttpServer2 (HttpServer2.java:addGlobalFilter(975)) - Added global filter 'safety' (class=org.apache.hadoop.http.HttpServer2$QuotingInputFilter)
2019-10-22 04:02:53,939 [main] INFO  http.HttpServer2 (HttpServer2.java:addFilter(948)) - Added filter static_user_filter (class=org.apache.hadoop.http.lib.StaticUserWebFilter$StaticUserFilter) to context hddsDatanode
2019-10-22 04:02:53,939 [main] INFO  http.HttpServer2 (HttpServer2.java:addFilter(958)) - Added filter static_user_filter (class=org.apache.hadoop.http.lib.StaticUserWebFilter$StaticUserFilter) to context logs
2019-10-22 04:02:53,939 [main] INFO  http.HttpServer2 (HttpServer2.java:addFilter(958)) - Added filter static_user_filter (class=org.apache.hadoop.http.lib.StaticUserWebFilter$StaticUserFilter) to context static
2019-10-22 04:02:53,940 [main] INFO  http.HttpServer2 (HttpServer2.java:bindListener(1191)) - Jetty bound to port 43402
2019-10-22 04:02:53,940 [main] INFO  server.Server (Server.java:doStart(351)) - jetty-9.3.25.v20180904, build timestamp: 2018-09-04T21:11:46Z, git hash: 3ce520221d0240229c862b122d2b06c12a625732
2019-10-22 04:02:53,942 [main] INFO  handler.ContextHandler (ContextHandler.java:doStart(781)) - Started o.e.j.s.ServletContextHandler@30364216{/logs,file:///workdir/hadoop-ozone/integration-test/target/log,AVAILABLE}
2019-10-22 04:02:53,943 [main] INFO  handler.ContextHandler (ContextHandler.java:doStart(781)) - Started o.e.j.s.ServletContextHandler@1e8ab90f{/static,jar:file:/home/user/.m2/repository/org/apache/hadoop/hadoop-hdds-container-service/0.5.0-SNAPSHOT/hadoop-hdds-container-service-0.5.0-SNAPSHOT.jar!/webapps/static,AVAILABLE}
2019-10-22 04:02:53,973 [main] INFO  handler.ContextHandler (ContextHandler.java:doStart(781)) - Started o.e.j.w.WebAppContext@60325987{/,file:///tmp/jetty-0.0.0.0-43402-hddsDatanode-_-any-8550707337942750443.dir/webapp/,AVAILABLE}{/hddsDatanode}
2019-10-22 04:02:53,974 [main] INFO  server.AbstractConnector (AbstractConnector.java:doStart(278)) - Started ServerConnector@2f37f1f9{HTTP/1.1,[http/1.1]}{0.0.0.0:43402}
2019-10-22 04:02:53,975 [main] INFO  server.Server (Server.java:doStart(419)) - Started @4753ms
2019-10-22 04:02:53,975 [main] WARN  impl.MetricsSystemImpl (MetricsSystemImpl.java:register(276)) - Sink prometheus already exists!
2019-10-22 04:02:53,976 [main] INFO  server.BaseHttpServer (BaseHttpServer.java:updateConnectorAddress(215)) - HTTP server of HDDSDATANODE is listening at http://0.0.0.0:43402
2019-10-22 04:02:53,976 [main] INFO  impl.MetricsSystemImpl (MetricsSystemImpl.java:init(158)) - HddsDatanode metrics system started (again)
2019-10-22 04:02:53,978 [main] INFO  ozone.HddsDatanodeService (HddsDatanodeService.java:start(184)) - HddsDatanodeService host:trunk-nightly-20191022-cthwk-1142398527 ip:192.168.69.98
2019-10-22 04:02:53,979 [org.apache.hadoop.util.JvmPauseMonitor$Monitor@19998452] INFO  util.JvmPauseMonitor (JvmPauseMonitor.java:run(188)) - Starting JVM pause monitor
2019-10-22 04:02:53,988 [main] INFO  volume.HddsVolume (HddsVolume.java:<init>(176)) - Creating Volume: /workdir/hadoop-ozone/integration-test/target/test-dir/MiniOzoneClusterImpl-0034b704-fef7-4bee-834c-071f1b1ecffb/datanode-2/data/containers/hdds of  storage type : DISK and capacity : 1482555576320
2019-10-22 04:02:53,988 [main] INFO  volume.VolumeSet (VolumeSet.java:initializeVolumeSet(170)) - Added Volume : /workdir/hadoop-ozone/integration-test/target/test-dir/MiniOzoneClusterImpl-0034b704-fef7-4bee-834c-071f1b1ecffb/datanode-2/data/containers/hdds to VolumeSet
2019-10-22 04:02:53,988 [main] INFO  volume.ThrottledAsyncChecker (ThrottledAsyncChecker.java:schedule(141)) - Scheduling a check for /workdir/hadoop-ozone/integration-test/target/test-dir/MiniOzoneClusterImpl-0034b704-fef7-4bee-834c-071f1b1ecffb/datanode-2/data/containers/hdds
2019-10-22 04:02:53,989 [main] INFO  volume.HddsVolumeChecker (HddsVolumeChecker.java:checkAllVolumes(204)) - Scheduled health check for volume /workdir/hadoop-ozone/integration-test/target/test-dir/MiniOzoneClusterImpl-0034b704-fef7-4bee-834c-071f1b1ecffb/datanode-2/data/containers/hdds
2019-10-22 04:02:54,001 [main] INFO  impl.RaftServerProxy (ConfUtils.java:logGet(43)) - raft.rpc.type = GRPC (default)
2019-10-22 04:02:54,001 [main] INFO  grpc.GrpcFactory (GrpcFactory.java:checkPooledByteBufAllocatorUseCacheForAllThreads(45)) - PERFORMANCE WARNING: useCacheForAllThreads is true that may cause Netty to create a lot garbage objects and, as a result, trigger GC.
	It is recommended to disable useCacheForAllThreads by setting -Dorg.apache.ratis.thirdparty.io.netty.allocator.useCacheForAllThreads=false in command line.
2019-10-22 04:02:54,001 [main] INFO  grpc.GrpcConfigKeys$Server (ConfUtils.java:logGet(43)) - raft.grpc.server.port = 0 (default)
2019-10-22 04:02:54,001 [main] INFO  server.GrpcService (ConfUtils.java:logGet(43)) - raft.grpc.message.size.max = 33570816 (custom)
2019-10-22 04:02:54,002 [main] INFO  server.RaftServerConfigKeys (ConfUtils.java:logGet(43)) - raft.server.log.appender.buffer.byte-limit = 33554432 (custom)
2019-10-22 04:02:54,002 [main] INFO  server.GrpcService (ConfUtils.java:logGet(43)) - raft.grpc.flow.control.window = 1MB (=1048576) (default)
2019-10-22 04:02:54,002 [main] INFO  server.RaftServerConfigKeys (ConfUtils.java:logGet(43)) - raft.server.rpc.request.timeout = 3000ms (default)
2019-10-22 04:02:54,003 [main] INFO  server.RaftServerConfigKeys (ConfUtils.java:logGet(43)) - raft.server.storage.dir = [/workdir/hadoop-ozone/integration-test/target/test-dir/MiniOzoneClusterImpl-0034b704-fef7-4bee-834c-071f1b1ecffb/datanode-2/data/ratis] (custom)
2019-10-22 04:02:54,005 [main] INFO  hdfs.DFSUtil (DFSUtil.java:httpServerTemplateForNNAndJN(1641)) - Starting Web-server for hddsDatanode at: http://0.0.0.0:0
2019-10-22 04:02:54,006 [main] INFO  server.AuthenticationFilter (AuthenticationFilter.java:constructSecretProvider(240)) - Unable to initialize FileSignerSecretProvider, falling back to use random secrets.
2019-10-22 04:02:54,006 [main] WARN  http.HttpRequestLog (HttpRequestLog.java:getRequestLog(97)) - Jetty request log can only be enabled using Log4j
2019-10-22 04:02:54,008 [main] INFO  http.HttpServer2 (HttpServer2.java:addGlobalFilter(975)) - Added global filter 'safety' (class=org.apache.hadoop.http.HttpServer2$QuotingInputFilter)
2019-10-22 04:02:54,009 [main] INFO  http.HttpServer2 (HttpServer2.java:addFilter(948)) - Added filter static_user_filter (class=org.apache.hadoop.http.lib.StaticUserWebFilter$StaticUserFilter) to context hddsDatanode
2019-10-22 04:02:54,009 [main] INFO  http.HttpServer2 (HttpServer2.java:addFilter(958)) - Added filter static_user_filter (class=org.apache.hadoop.http.lib.StaticUserWebFilter$StaticUserFilter) to context static
2019-10-22 04:02:54,009 [main] INFO  http.HttpServer2 (HttpServer2.java:addFilter(958)) - Added filter static_user_filter (class=org.apache.hadoop.http.lib.StaticUserWebFilter$StaticUserFilter) to context logs
2019-10-22 04:02:54,010 [main] INFO  http.HttpServer2 (HttpServer2.java:bindListener(1191)) - Jetty bound to port 35764
2019-10-22 04:02:54,010 [main] INFO  server.Server (Server.java:doStart(351)) - jetty-9.3.25.v20180904, build timestamp: 2018-09-04T21:11:46Z, git hash: 3ce520221d0240229c862b122d2b06c12a625732
2019-10-22 04:02:54,013 [main] INFO  handler.ContextHandler (ContextHandler.java:doStart(781)) - Started o.e.j.s.ServletContextHandler@1229a2b7{/logs,file:///workdir/hadoop-ozone/integration-test/target/log,AVAILABLE}
2019-10-22 04:02:54,014 [main] INFO  handler.ContextHandler (ContextHandler.java:doStart(781)) - Started o.e.j.s.ServletContextHandler@51c959a4{/static,jar:file:/home/user/.m2/repository/org/apache/hadoop/hadoop-hdds-container-service/0.5.0-SNAPSHOT/hadoop-hdds-container-service-0.5.0-SNAPSHOT.jar!/webapps/static,AVAILABLE}
2019-10-22 04:02:54,028 [Datanode State Machine Thread - 0] INFO  datanode.InitDatanodeState (InitDatanodeState.java:persistContainerDatanodeDetails(140)) - DatanodeDetails is persisted to /workdir/hadoop-ozone/integration-test/target/test-dir/MiniOzoneClusterImpl-0034b704-fef7-4bee-834c-071f1b1ecffb/datanode-0/meta/datanode.id
2019-10-22 04:02:54,031 [Datanode State Machine Thread - 0] INFO  datanode.InitDatanodeState (InitDatanodeState.java:persistContainerDatanodeDetails(140)) - DatanodeDetails is persisted to /workdir/hadoop-ozone/integration-test/target/test-dir/MiniOzoneClusterImpl-0034b704-fef7-4bee-834c-071f1b1ecffb/datanode-1/meta/datanode.id
2019-10-22 04:02:54,045 [main] INFO  handler.ContextHandler (ContextHandler.java:doStart(781)) - Started o.e.j.w.WebAppContext@75ae4a1f{/,file:///tmp/jetty-0.0.0.0-35764-hddsDatanode-_-any-6391089003728303417.dir/webapp/,AVAILABLE}{/hddsDatanode}
2019-10-22 04:02:54,046 [main] INFO  server.AbstractConnector (AbstractConnector.java:doStart(278)) - Started ServerConnector@70228253{HTTP/1.1,[http/1.1]}{0.0.0.0:35764}
2019-10-22 04:02:54,046 [main] INFO  server.Server (Server.java:doStart(419)) - Started @4824ms
2019-10-22 04:02:54,046 [main] WARN  impl.MetricsSystemImpl (MetricsSystemImpl.java:register(276)) - Sink prometheus already exists!
2019-10-22 04:02:54,047 [main] INFO  server.BaseHttpServer (BaseHttpServer.java:updateConnectorAddress(215)) - HTTP server of HDDSDATANODE is listening at http://0.0.0.0:35764
2019-10-22 04:02:54,049 [main] INFO  ozone.MiniOzoneClusterImpl (MiniOzoneClusterImpl.java:lambda$waitForClusterToBeReady$0(147)) - Waiting for cluster to be ready. Got 0 of 3 DN Heartbeats.
2019-10-22 04:02:54,050 [org.apache.hadoop.util.JvmPauseMonitor$Monitor@11a7f8bb] INFO  util.JvmPauseMonitor (JvmPauseMonitor.java:run(188)) - Starting JVM pause monitor
2019-10-22 04:02:54,053 [Datanode State Machine Thread - 0] INFO  datanode.InitDatanodeState (InitDatanodeState.java:persistContainerDatanodeDetails(140)) - DatanodeDetails is persisted to /workdir/hadoop-ozone/integration-test/target/test-dir/MiniOzoneClusterImpl-0034b704-fef7-4bee-834c-071f1b1ecffb/datanode-2/meta/datanode.id
2019-10-22 04:02:55,049 [main] INFO  ozone.MiniOzoneClusterImpl (MiniOzoneClusterImpl.java:lambda$waitForClusterToBeReady$0(147)) - Waiting for cluster to be ready. Got 0 of 3 DN Heartbeats.
2019-10-22 04:02:56,005 [Datanode State Machine Thread - 0] INFO  ozoneimpl.OzoneContainer (OzoneContainer.java:start(213)) - Attempting to start container services.
2019-10-22 04:02:56,005 [Datanode State Machine Thread - 0] INFO  ozoneimpl.OzoneContainer (OzoneContainer.java:start(213)) - Attempting to start container services.
2019-10-22 04:02:56,009 [Datanode State Machine Thread - 0] INFO  ozoneimpl.OzoneContainer (OzoneContainer.java:startContainerScrub(177)) - Background container scanner has been disabled.
2019-10-22 04:02:56,009 [Datanode State Machine Thread - 0] INFO  ozoneimpl.OzoneContainer (OzoneContainer.java:startContainerScrub(177)) - Background container scanner has been disabled.
2019-10-22 04:02:56,010 [Datanode State Machine Thread - 0] INFO  ratis.XceiverServerRatis (XceiverServerRatis.java:start(418)) - Starting XceiverServerRatis 517ee13d-f3a9-4e94-8f9c-24462d11aaf8 at port 0
2019-10-22 04:02:56,010 [Datanode State Machine Thread - 0] INFO  ratis.XceiverServerRatis (XceiverServerRatis.java:start(418)) - Starting XceiverServerRatis 38001277-610a-4ad8-827c-4fb892f595e9 at port 0
2019-10-22 04:02:56,048 [Datanode State Machine Thread - 0] INFO  impl.RaftServerProxy (RaftServerProxy.java:lambda$start$3(299)) - 517ee13d-f3a9-4e94-8f9c-24462d11aaf8: start RPC server
2019-10-22 04:02:56,048 [Datanode State Machine Thread - 0] INFO  impl.RaftServerProxy (RaftServerProxy.java:lambda$start$3(299)) - 38001277-610a-4ad8-827c-4fb892f595e9: start RPC server
2019-10-22 04:02:56,050 [main] INFO  ozone.MiniOzoneClusterImpl (MiniOzoneClusterImpl.java:lambda$waitForClusterToBeReady$0(147)) - Waiting for cluster to be ready. Got 0 of 3 DN Heartbeats.
2019-10-22 04:02:56,068 [Datanode State Machine Thread - 0] INFO  ozoneimpl.OzoneContainer (OzoneContainer.java:start(213)) - Attempting to start container services.
2019-10-22 04:02:56,073 [Datanode State Machine Thread - 0] INFO  ozoneimpl.OzoneContainer (OzoneContainer.java:startContainerScrub(177)) - Background container scanner has been disabled.
2019-10-22 04:02:56,074 [Datanode State Machine Thread - 0] INFO  ratis.XceiverServerRatis (XceiverServerRatis.java:start(418)) - Starting XceiverServerRatis 461aecd4-5005-4e8b-8510-a2b0fc408338 at port 0
2019-10-22 04:02:56,087 [Datanode State Machine Thread - 0] INFO  impl.RaftServerProxy (RaftServerProxy.java:lambda$start$3(299)) - 461aecd4-5005-4e8b-8510-a2b0fc408338: start RPC server
2019-10-22 04:02:56,194 [Datanode State Machine Thread - 0] INFO  server.GrpcService (GrpcService.java:startImpl(158)) - 517ee13d-f3a9-4e94-8f9c-24462d11aaf8: GrpcService started, listening on 0.0.0.0/0.0.0.0:44514
2019-10-22 04:02:56,194 [Datanode State Machine Thread - 0] INFO  server.GrpcService (GrpcService.java:startImpl(158)) - 461aecd4-5005-4e8b-8510-a2b0fc408338: GrpcService started, listening on 0.0.0.0/0.0.0.0:41544
2019-10-22 04:02:56,194 [Datanode State Machine Thread - 0] INFO  server.GrpcService (GrpcService.java:startImpl(158)) - 38001277-610a-4ad8-827c-4fb892f595e9: GrpcService started, listening on 0.0.0.0/0.0.0.0:40079
2019-10-22 04:02:56,195 [Datanode State Machine Thread - 0] INFO  ratis.XceiverServerRatis (XceiverServerRatis.java:start(428)) - XceiverServerRatis 461aecd4-5005-4e8b-8510-a2b0fc408338 is started using port 41544
2019-10-22 04:02:56,195 [Datanode State Machine Thread - 0] INFO  ratis.XceiverServerRatis (XceiverServerRatis.java:start(428)) - XceiverServerRatis 517ee13d-f3a9-4e94-8f9c-24462d11aaf8 is started using port 44514
2019-10-22 04:02:56,195 [Datanode State Machine Thread - 0] INFO  ratis.XceiverServerRatis (XceiverServerRatis.java:start(428)) - XceiverServerRatis 38001277-610a-4ad8-827c-4fb892f595e9 is started using port 40079
2019-10-22 04:02:56,200 [Datanode State Machine Thread - 0] INFO  server.XceiverServerGrpc (XceiverServerGrpc.java:start(149)) - XceiverServerGrpc 38001277-610a-4ad8-827c-4fb892f595e9 is started using port 33217
2019-10-22 04:02:56,201 [Datanode State Machine Thread - 0] INFO  server.XceiverServerGrpc (XceiverServerGrpc.java:start(149)) - XceiverServerGrpc 461aecd4-5005-4e8b-8510-a2b0fc408338 is started using port 42652
2019-10-22 04:02:56,201 [Datanode State Machine Thread - 0] INFO  server.XceiverServerGrpc (XceiverServerGrpc.java:start(149)) - XceiverServerGrpc 517ee13d-f3a9-4e94-8f9c-24462d11aaf8 is started using port 34472
2019-10-22 04:02:57,051 [main] INFO  ozone.MiniOzoneClusterImpl (MiniOzoneClusterImpl.java:lambda$waitForClusterToBeReady$0(147)) - Waiting for cluster to be ready. Got 0 of 3 DN Heartbeats.
2019-10-22 04:02:57,950 [IPC Server handler 0 on 36398] INFO  net.NetworkTopology (NetworkTopologyImpl.java:add(111)) - Added a new node: /default-rack/38001277-610a-4ad8-827c-4fb892f595e9
2019-10-22 04:02:57,951 [IPC Server handler 0 on 36398] INFO  node.SCMNodeManager (SCMNodeManager.java:register(268)) - Registered Data node : 38001277-610a-4ad8-827c-4fb892f595e9{ip: 192.168.69.98, host: trunk-nightly-20191022-cthwk-1142398527, networkLocation: /default-rack, certSerialId: null}
2019-10-22 04:02:57,955 [EventQueue-NodeRegistrationContainerReportForDataNodeSafeModeRule] INFO  safemode.SCMSafeModeManager (DataNodeSafeModeRule.java:process(71)) - SCM in safe mode. 1 DataNodes registered, 1 required.
2019-10-22 04:02:57,955 [EventQueue-NodeRegistrationContainerReportForDataNodeSafeModeRule] INFO  safemode.SCMSafeModeManager (SCMSafeModeManager.java:validateSafeModeExitRules(177)) - ScmSafeModeManager, all rules are successfully validated
2019-10-22 04:02:57,955 [EventQueue-NodeRegistrationContainerReportForDataNodeSafeModeRule] INFO  safemode.SCMSafeModeManager (SCMSafeModeManager.java:exitSafeMode(193)) - SCM exiting safe mode.
2019-10-22 04:02:57,982 [IPC Server handler 1 on 36398] INFO  net.NetworkTopology (NetworkTopologyImpl.java:add(111)) - Added a new node: /default-rack/517ee13d-f3a9-4e94-8f9c-24462d11aaf8
2019-10-22 04:02:57,982 [IPC Server handler 1 on 36398] INFO  node.SCMNodeManager (SCMNodeManager.java:register(268)) - Registered Data node : 517ee13d-f3a9-4e94-8f9c-24462d11aaf8{ip: 192.168.69.98, host: trunk-nightly-20191022-cthwk-1142398527, networkLocation: /default-rack, certSerialId: null}
2019-10-22 04:02:58,052 [main] INFO  ozone.MiniOzoneClusterImpl (MiniOzoneClusterImpl.java:lambda$waitForClusterToBeReady$0(147)) - Waiting for cluster to be ready. Got 2 of 3 DN Heartbeats.
2019-10-22 04:02:58,054 [IPC Server handler 2 on 36398] INFO  net.NetworkTopology (NetworkTopologyImpl.java:add(111)) - Added a new node: /default-rack/461aecd4-5005-4e8b-8510-a2b0fc408338
2019-10-22 04:02:58,054 [IPC Server handler 2 on 36398] INFO  node.SCMNodeManager (SCMNodeManager.java:register(268)) - Registered Data node : 461aecd4-5005-4e8b-8510-a2b0fc408338{ip: 192.168.69.98, host: trunk-nightly-20191022-cthwk-1142398527, networkLocation: /default-rack, certSerialId: null}
2019-10-22 04:02:58,467 [grpc-default-executor-0] INFO  impl.RaftServerProxy (RaftServerProxy.java:addNew(89)) - 38001277-610a-4ad8-827c-4fb892f595e9: addNew group-AF1AEF50831D:[38001277-610a-4ad8-827c-4fb892f595e9:192.168.69.98:40079] returns group-AF1AEF50831D:java.util.concurrent.CompletableFuture@d127278[Not completed]
2019-10-22 04:02:58,479 [pool-27-thread-1] INFO  impl.RaftServerImpl (RaftServerImpl.java:<init>(98)) - 38001277-610a-4ad8-827c-4fb892f595e9: new RaftServerImpl for group-AF1AEF50831D:[38001277-610a-4ad8-827c-4fb892f595e9:192.168.69.98:40079] with ContainerStateMachine:uninitialized
2019-10-22 04:02:58,482 [pool-27-thread-1] INFO  server.RaftServerConfigKeys (ConfUtils.java:logGet(43)) - raft.server.rpc.timeout.min = 5s (custom)
2019-10-22 04:02:58,483 [pool-27-thread-1] INFO  server.RaftServerConfigKeys (ConfUtils.java:logGet(43)) - raft.server.rpc.timeout.max = 5200ms (custom)
2019-10-22 04:02:58,483 [pool-27-thread-1] INFO  server.RaftServerConfigKeys (ConfUtils.java:logGet(43)) - raft.server.rpcslowness.timeout = 1000s (custom)
2019-10-22 04:02:58,483 [pool-27-thread-1] INFO  server.RaftServerConfigKeys (ConfUtils.java:logGet(43)) - raft.server.sleep.deviation.threshold = 300 (default)
2019-10-22 04:02:58,484 [pool-27-thread-1] INFO  server.RaftServerConfigKeys (ConfUtils.java:logGet(43)) - raft.server.log.appender.install.snapshot.enabled = false (custom)
2019-10-22 04:02:58,492 [pool-27-thread-1] INFO  impl.RaftServerImpl (ServerState.java:<init>(103)) - 38001277-610a-4ad8-827c-4fb892f595e9@group-AF1AEF50831D: ConfigurationManager, init=-1: [38001277-610a-4ad8-827c-4fb892f595e9:192.168.69.98:40079], old=null, confs=<EMPTY_MAP>
2019-10-22 04:02:58,492 [pool-27-thread-1] INFO  server.RaftServerConfigKeys (ConfUtils.java:logGet(43)) - raft.server.storage.dir = [/workdir/hadoop-ozone/integration-test/target/test-dir/MiniOzoneClusterImpl-0034b704-fef7-4bee-834c-071f1b1ecffb/datanode-0/data/ratis] (custom)
2019-10-22 04:02:58,498 [pool-27-thread-1] INFO  server.RaftServerConfigKeys (ConfUtils.java:logGet(43)) - raft.server.log.corruption.policy = EXCEPTION (default)
2019-10-22 04:02:58,500 [pool-27-thread-1] INFO  storage.RaftStorageDirectory (RaftStorageDirectory.java:analyzeStorage(246)) - The storage directory /workdir/hadoop-ozone/integration-test/target/test-dir/MiniOzoneClusterImpl-0034b704-fef7-4bee-834c-071f1b1ecffb/datanode-0/data/ratis/9cfd6c7d-d425-41a7-8721-af1aef50831d does not exist. Creating ...
2019-10-22 04:02:58,517 [pool-27-thread-1] INFO  storage.RaftStorageDirectory (RaftStorageDirectory.java:tryLock(328)) - Lock on /workdir/hadoop-ozone/integration-test/target/test-dir/MiniOzoneClusterImpl-0034b704-fef7-4bee-834c-071f1b1ecffb/datanode-0/data/ratis/9cfd6c7d-d425-41a7-8721-af1aef50831d/in_use.lock acquired by nodename 13674@trunk-nightly-20191022-cthwk-1142398527
2019-10-22 04:02:58,532 [pool-27-thread-1] INFO  storage.RaftStorage (RaftStorage.java:format(84)) - Storage directory /workdir/hadoop-ozone/integration-test/target/test-dir/MiniOzoneClusterImpl-0034b704-fef7-4bee-834c-071f1b1ecffb/datanode-0/data/ratis/9cfd6c7d-d425-41a7-8721-af1aef50831d has been successfully formatted.
2019-10-22 04:02:58,533 [pool-27-thread-1] INFO  ratis.ContainerStateMachine (ContainerStateMachine.java:loadSnapshot(231)) - group-AF1AEF50831D: The snapshot info is null. Setting the last applied indexto:(t:0, i:~)
2019-10-22 04:02:58,534 [pool-27-thread-1] INFO  server.RaftServerConfigKeys (ConfUtils.java:logGet(43)) - raft.server.notification.no-leader.timeout = 1000s (custom)
2019-10-22 04:02:58,536 [pool-27-thread-1] INFO  server.RaftServerConfigKeys (ConfUtils.java:logGet(43)) - raft.server.log.use.memory = false (default)
2019-10-22 04:02:58,540 [pool-27-thread-1] INFO  server.RaftServerConfigKeys (ConfUtils.java:logGet(43)) - raft.server.log.purge.gap = 1000000 (custom)
2019-10-22 04:02:58,541 [pool-27-thread-1] INFO  server.RaftServerConfigKeys (ConfUtils.java:logGet(43)) - raft.server.log.appender.buffer.byte-limit = 33554432 (custom)
2019-10-22 04:02:58,542 [pool-27-thread-1] INFO  server.RaftServerConfigKeys (ConfUtils.java:logGet(43)) - raft.server.log.segment.size.max = 1048576 (custom)
2019-10-22 04:02:58,547 [pool-27-thread-1] INFO  metrics.MetricRegistries (MetricRegistriesLoader.java:load(64)) - Loaded MetricRegistries class org.apache.ratis.metrics.impl.MetricRegistriesImpl
2019-10-22 04:02:58,550 [pool-27-thread-1] WARN  impl.MetricRegistriesImpl (MetricRegistriesImpl.java:lambda$create$1(61)) - First MetricRegistry has been created without registering reporters. You may need to call MetricRegistries.global().addReportRegistration(...) before.
2019-10-22 04:02:58,555 [pool-27-thread-1] INFO  server.RaftServerConfigKeys (ConfUtils.java:logGet(43)) - raft.server.log.segment.cache.num.max = 2 (custom)
2019-10-22 04:02:58,559 [pool-27-thread-1] INFO  segmented.SegmentedRaftLogWorker (SegmentedRaftLogWorker.java:<init>(173)) - new 38001277-610a-4ad8-827c-4fb892f595e9@group-AF1AEF50831D-SegmentedRaftLogWorker for RaftStorage:Storage Directory /workdir/hadoop-ozone/integration-test/target/test-dir/MiniOzoneClusterImpl-0034b704-fef7-4bee-834c-071f1b1ecffb/datanode-0/data/ratis/9cfd6c7d-d425-41a7-8721-af1aef50831d
2019-10-22 04:02:58,560 [pool-27-thread-1] INFO  server.RaftServerConfigKeys (ConfUtils.java:logGet(43)) - raft.server.log.queue.byte-limit = 2147483647 (custom)
2019-10-22 04:02:58,560 [pool-27-thread-1] INFO  server.RaftServerConfigKeys (ConfUtils.java:logGet(43)) - raft.server.log.queue.element-limit = 1024 (custom)
2019-10-22 04:02:58,561 [pool-27-thread-1] INFO  server.RaftServerConfigKeys (ConfUtils.java:logGet(43)) - raft.server.log.segment.size.max = 1048576 (custom)
2019-10-22 04:02:58,562 [pool-27-thread-1] INFO  server.RaftServerConfigKeys (ConfUtils.java:logGet(43)) - raft.server.log.preallocated.size = 16384 (custom)
2019-10-22 04:02:58,562 [pool-27-thread-1] INFO  server.RaftServerConfigKeys (ConfUtils.java:logGet(43)) - raft.server.log.write.buffer.size = 33554432 (custom)
2019-10-22 04:02:58,563 [pool-27-thread-1] INFO  server.RaftServerConfigKeys (ConfUtils.java:logGet(43)) - raft.server.log.force.sync.num = 128 (default)
2019-10-22 04:02:58,564 [pool-27-thread-1] INFO  server.RaftServerConfigKeys (ConfUtils.java:logGet(43)) - raft.server.log.statemachine.data.sync = true (default)
2019-10-22 04:02:58,564 [pool-27-thread-1] INFO  server.RaftServerConfigKeys (ConfUtils.java:logGet(43)) - raft.server.log.statemachine.data.sync.timeout = 10s (default)
2019-10-22 04:02:58,564 [pool-27-thread-1] INFO  server.RaftServerConfigKeys (ConfUtils.java:logGet(43)) - raft.server.log.statemachine.data.sync.timeout.retry = -1 (default)
2019-10-22 04:02:58,573 [pool-27-thread-1] INFO  server.RaftServerConfigKeys (ConfUtils.java:logGet(43)) - raft.server.log.statemachine.data.caching.enabled = true (custom)
2019-10-22 04:02:58,578 [pool-27-thread-1] INFO  segmented.SegmentedRaftLogWorker (SegmentedRaftLogWorker.java:lambda$new$0(128)) - 38001277-610a-4ad8-827c-4fb892f595e9@group-AF1AEF50831D-SegmentedRaftLogWorker: flushIndex: setUnconditionally 0 -> -1
2019-10-22 04:02:58,581 [pool-27-thread-1] INFO  server.RaftServerConfigKeys (ConfUtils.java:logGet(43)) - raft.server.snapshot.auto.trigger.enabled = true (custom)
2019-10-22 04:02:58,582 [pool-27-thread-1] INFO  server.RaftServerConfigKeys (ConfUtils.java:logGet(43)) - raft.server.snapshot.auto.trigger.threshold = 10000 (custom)
2019-10-22 04:02:58,583 [pool-27-thread-1] INFO  server.RaftServerConfigKeys (ConfUtils.java:logGet(43)) - raft.server.snapshot.retention.file.num = 5 (custom)
2019-10-22 04:02:58,583 [pool-27-thread-1] INFO  server.RaftServerConfigKeys (ConfUtils.java:logGet(43)) - raft.server.retrycache.expirytime = 600000ms (custom)
2019-10-22 04:02:58,601 [pool-27-thread-1] WARN  impl.MetricRegistriesImpl (MetricRegistriesImpl.java:lambda$create$1(61)) - First MetricRegistry has been created without registering reporters. You may need to call MetricRegistries.global().addReportRegistration(...) before.
2019-10-22 04:02:58,602 [pool-27-thread-1] WARN  impl.MetricRegistriesImpl (MetricRegistriesImpl.java:lambda$create$1(61)) - First MetricRegistry has been created without registering reporters. You may need to call MetricRegistries.global().addReportRegistration(...) before.
2019-10-22 04:02:58,604 [pool-27-thread-1] INFO  impl.RaftServerImpl (RaftServerImpl.java:start(184)) - 38001277-610a-4ad8-827c-4fb892f595e9@group-AF1AEF50831D: start as a follower, conf=-1: [38001277-610a-4ad8-827c-4fb892f595e9:192.168.69.98:40079], old=null
2019-10-22 04:02:58,605 [pool-27-thread-1] INFO  impl.RaftServerImpl (RaftServerImpl.java:setRole(173)) - 38001277-610a-4ad8-827c-4fb892f595e9@group-AF1AEF50831D: changes role from      null to FOLLOWER at term 0 for startAsFollower
2019-10-22 04:02:58,606 [pool-27-thread-1] INFO  impl.RoleInfo (RoleInfo.java:updateAndGet(143)) - 38001277-610a-4ad8-827c-4fb892f595e9: start FollowerState
2019-10-22 04:02:58,608 [pool-27-thread-1] INFO  util.JmxRegister (JmxRegister.java:tryRegister(44)) - Successfully registered JMX Bean with object name Ratis:service=RaftServer,group=group-AF1AEF50831D,id=38001277-610a-4ad8-827c-4fb892f595e9
2019-10-22 04:02:58,609 [pool-27-thread-1] WARN  impl.MetricRegistriesImpl (MetricRegistriesImpl.java:lambda$create$1(61)) - First MetricRegistry has been created without registering reporters. You may need to call MetricRegistries.global().addReportRegistration(...) before.
2019-10-22 04:02:58,674 [RatisPipelineUtilsThread] INFO  pipeline.PipelineStateManager (PipelineStateManager.java:addPipeline(56)) - Created pipeline Pipeline[ Id: 9cfd6c7d-d425-41a7-8721-af1aef50831d, Nodes: 38001277-610a-4ad8-827c-4fb892f595e9{ip: 192.168.69.98, host: trunk-nightly-20191022-cthwk-1142398527, networkLocation: /default-rack, certSerialId: null}, Type:RATIS, Factor:ONE, State:OPEN]
2019-10-22 04:02:58,692 [grpc-default-executor-0] INFO  impl.RaftServerProxy (RaftServerProxy.java:addNew(89)) - 461aecd4-5005-4e8b-8510-a2b0fc408338: addNew group-A4474630C703:[461aecd4-5005-4e8b-8510-a2b0fc408338:192.168.69.98:41544] returns group-A4474630C703:java.util.concurrent.CompletableFuture@6e689656[Not completed]
2019-10-22 04:02:58,720 [pool-47-thread-1] INFO  impl.RaftServerImpl (RaftServerImpl.java:<init>(98)) - 461aecd4-5005-4e8b-8510-a2b0fc408338: new RaftServerImpl for group-A4474630C703:[461aecd4-5005-4e8b-8510-a2b0fc408338:192.168.69.98:41544] with ContainerStateMachine:uninitialized
2019-10-22 04:02:58,722 [pool-47-thread-1] INFO  server.RaftServerConfigKeys (ConfUtils.java:logGet(43)) - raft.server.rpc.timeout.min = 5s (custom)
2019-10-22 04:02:58,722 [pool-47-thread-1] INFO  server.RaftServerConfigKeys (ConfUtils.java:logGet(43)) - raft.server.rpc.timeout.max = 5200ms (custom)
2019-10-22 04:02:58,723 [pool-47-thread-1] INFO  server.RaftServerConfigKeys (ConfUtils.java:logGet(43)) - raft.server.rpcslowness.timeout = 1000s (custom)
2019-10-22 04:02:58,723 [pool-47-thread-1] INFO  server.RaftServerConfigKeys (ConfUtils.java:logGet(43)) - raft.server.sleep.deviation.threshold = 300 (default)
2019-10-22 04:02:58,723 [pool-47-thread-1] INFO  server.RaftServerConfigKeys (ConfUtils.java:logGet(43)) - raft.server.log.appender.install.snapshot.enabled = false (custom)
2019-10-22 04:02:58,723 [pool-47-thread-1] INFO  impl.RaftServerImpl (ServerState.java:<init>(103)) - 461aecd4-5005-4e8b-8510-a2b0fc408338@group-A4474630C703: ConfigurationManager, init=-1: [461aecd4-5005-4e8b-8510-a2b0fc408338:192.168.69.98:41544], old=null, confs=<EMPTY_MAP>
2019-10-22 04:02:58,724 [pool-47-thread-1] INFO  server.RaftServerConfigKeys (ConfUtils.java:logGet(43)) - raft.server.storage.dir = [/workdir/hadoop-ozone/integration-test/target/test-dir/MiniOzoneClusterImpl-0034b704-fef7-4bee-834c-071f1b1ecffb/datanode-2/data/ratis] (custom)
2019-10-22 04:02:58,724 [pool-47-thread-1] INFO  server.RaftServerConfigKeys (ConfUtils.java:logGet(43)) - raft.server.log.corruption.policy = EXCEPTION (default)
2019-10-22 04:02:58,724 [pool-47-thread-1] INFO  storage.RaftStorageDirectory (RaftStorageDirectory.java:analyzeStorage(246)) - The storage directory /workdir/hadoop-ozone/integration-test/target/test-dir/MiniOzoneClusterImpl-0034b704-fef7-4bee-834c-071f1b1ecffb/datanode-2/data/ratis/396c74fb-eccd-4a51-93cf-a4474630c703 does not exist. Creating ...
2019-10-22 04:02:58,737 [pool-47-thread-1] INFO  storage.RaftStorageDirectory (RaftStorageDirectory.java:tryLock(328)) - Lock on /workdir/hadoop-ozone/integration-test/target/test-dir/MiniOzoneClusterImpl-0034b704-fef7-4bee-834c-071f1b1ecffb/datanode-2/data/ratis/396c74fb-eccd-4a51-93cf-a4474630c703/in_use.lock acquired by nodename 13674@trunk-nightly-20191022-cthwk-1142398527
2019-10-22 04:02:58,741 [pool-47-thread-1] INFO  storage.RaftStorage (RaftStorage.java:format(84)) - Storage directory /workdir/hadoop-ozone/integration-test/target/test-dir/MiniOzoneClusterImpl-0034b704-fef7-4bee-834c-071f1b1ecffb/datanode-2/data/ratis/396c74fb-eccd-4a51-93cf-a4474630c703 has been successfully formatted.
2019-10-22 04:02:58,742 [pool-47-thread-1] INFO  ratis.ContainerStateMachine (ContainerStateMachine.java:loadSnapshot(231)) - group-A4474630C703: The snapshot info is null. Setting the last applied indexto:(t:0, i:~)
2019-10-22 04:02:58,743 [pool-47-thread-1] INFO  server.RaftServerConfigKeys (ConfUtils.java:logGet(43)) - raft.server.notification.no-leader.timeout = 1000s (custom)
2019-10-22 04:02:58,743 [pool-47-thread-1] INFO  server.RaftServerConfigKeys (ConfUtils.java:logGet(43)) - raft.server.log.use.memory = false (default)
2019-10-22 04:02:58,743 [pool-47-thread-1] INFO  server.RaftServerConfigKeys (ConfUtils.java:logGet(43)) - raft.server.log.purge.gap = 1000000 (custom)
2019-10-22 04:02:58,743 [pool-47-thread-1] INFO  server.RaftServerConfigKeys (ConfUtils.java:logGet(43)) - raft.server.log.appender.buffer.byte-limit = 33554432 (custom)
2019-10-22 04:02:58,744 [pool-47-thread-1] INFO  server.RaftServerConfigKeys (ConfUtils.java:logGet(43)) - raft.server.log.segment.size.max = 1048576 (custom)
2019-10-22 04:02:58,744 [pool-47-thread-1] WARN  impl.MetricRegistriesImpl (MetricRegistriesImpl.java:lambda$create$1(61)) - First MetricRegistry has been created without registering reporters. You may need to call MetricRegistries.global().addReportRegistration(...) before.
2019-10-22 04:02:58,745 [pool-47-thread-1] INFO  server.RaftServerConfigKeys (ConfUtils.java:logGet(43)) - raft.server.log.segment.cache.num.max = 2 (custom)
2019-10-22 04:02:58,745 [pool-47-thread-1] INFO  segmented.SegmentedRaftLogWorker (SegmentedRaftLogWorker.java:<init>(173)) - new 461aecd4-5005-4e8b-8510-a2b0fc408338@group-A4474630C703-SegmentedRaftLogWorker for RaftStorage:Storage Directory /workdir/hadoop-ozone/integration-test/target/test-dir/MiniOzoneClusterImpl-0034b704-fef7-4bee-834c-071f1b1ecffb/datanode-2/data/ratis/396c74fb-eccd-4a51-93cf-a4474630c703
2019-10-22 04:02:58,745 [pool-47-thread-1] INFO  server.RaftServerConfigKeys (ConfUtils.java:logGet(43)) - raft.server.log.queue.byte-limit = 2147483647 (custom)
2019-10-22 04:02:58,746 [pool-47-thread-1] INFO  server.RaftServerConfigKeys (ConfUtils.java:logGet(43)) - raft.server.log.queue.element-limit = 1024 (custom)
2019-10-22 04:02:58,746 [pool-47-thread-1] INFO  server.RaftServerConfigKeys (ConfUtils.java:logGet(43)) - raft.server.log.segment.size.max = 1048576 (custom)
2019-10-22 04:02:58,746 [pool-47-thread-1] INFO  server.RaftServerConfigKeys (ConfUtils.java:logGet(43)) - raft.server.log.preallocated.size = 16384 (custom)
2019-10-22 04:02:58,746 [pool-47-thread-1] INFO  server.RaftServerConfigKeys (ConfUtils.java:logGet(43)) - raft.server.log.write.buffer.size = 33554432 (custom)
2019-10-22 04:02:58,746 [pool-47-thread-1] INFO  server.RaftServerConfigKeys (ConfUtils.java:logGet(43)) - raft.server.log.force.sync.num = 128 (default)
2019-10-22 04:02:58,747 [pool-47-thread-1] INFO  server.RaftServerConfigKeys (ConfUtils.java:logGet(43)) - raft.server.log.statemachine.data.sync = true (default)
2019-10-22 04:02:58,747 [pool-47-thread-1] INFO  server.RaftServerConfigKeys (ConfUtils.java:logGet(43)) - raft.server.log.statemachine.data.sync.timeout = 10s (default)
2019-10-22 04:02:58,747 [pool-47-thread-1] INFO  server.RaftServerConfigKeys (ConfUtils.java:logGet(43)) - raft.server.log.statemachine.data.sync.timeout.retry = -1 (default)
2019-10-22 04:02:58,748 [pool-47-thread-1] INFO  server.RaftServerConfigKeys (ConfUtils.java:logGet(43)) - raft.server.log.statemachine.data.caching.enabled = true (custom)
2019-10-22 04:02:58,748 [pool-47-thread-1] INFO  segmented.SegmentedRaftLogWorker (SegmentedRaftLogWorker.java:lambda$new$0(128)) - 461aecd4-5005-4e8b-8510-a2b0fc408338@group-A4474630C703-SegmentedRaftLogWorker: flushIndex: setUnconditionally 0 -> -1
2019-10-22 04:02:58,748 [pool-47-thread-1] INFO  server.RaftServerConfigKeys (ConfUtils.java:logGet(43)) - raft.server.snapshot.auto.trigger.enabled = true (custom)
2019-10-22 04:02:58,749 [pool-47-thread-1] INFO  server.RaftServerConfigKeys (ConfUtils.java:logGet(43)) - raft.server.snapshot.auto.trigger.threshold = 10000 (custom)
2019-10-22 04:02:58,749 [pool-47-thread-1] INFO  server.RaftServerConfigKeys (ConfUtils.java:logGet(43)) - raft.server.snapshot.retention.file.num = 5 (custom)
2019-10-22 04:02:58,749 [pool-47-thread-1] INFO  server.RaftServerConfigKeys (ConfUtils.java:logGet(43)) - raft.server.retrycache.expirytime = 600000ms (custom)
2019-10-22 04:02:58,749 [pool-47-thread-1] WARN  impl.MetricRegistriesImpl (MetricRegistriesImpl.java:lambda$create$1(61)) - First MetricRegistry has been created without registering reporters. You may need to call MetricRegistries.global().addReportRegistration(...) before.
2019-10-22 04:02:58,750 [pool-47-thread-1] WARN  impl.MetricRegistriesImpl (MetricRegistriesImpl.java:lambda$create$1(61)) - First MetricRegistry has been created without registering reporters. You may need to call MetricRegistries.global().addReportRegistration(...) before.
2019-10-22 04:02:58,750 [pool-47-thread-1] INFO  impl.RaftServerImpl (RaftServerImpl.java:start(184)) - 461aecd4-5005-4e8b-8510-a2b0fc408338@group-A4474630C703: start as a follower, conf=-1: [461aecd4-5005-4e8b-8510-a2b0fc408338:192.168.69.98:41544], old=null
2019-10-22 04:02:58,750 [pool-47-thread-1] INFO  impl.RaftServerImpl (RaftServerImpl.java:setRole(173)) - 461aecd4-5005-4e8b-8510-a2b0fc408338@group-A4474630C703: changes role from      null to FOLLOWER at term 0 for startAsFollower
2019-10-22 04:02:58,750 [pool-47-thread-1] INFO  impl.RoleInfo (RoleInfo.java:updateAndGet(143)) - 461aecd4-5005-4e8b-8510-a2b0fc408338: start FollowerState
2019-10-22 04:02:58,751 [pool-47-thread-1] INFO  util.JmxRegister (JmxRegister.java:tryRegister(44)) - Successfully registered JMX Bean with object name Ratis:service=RaftServer,group=group-A4474630C703,id=461aecd4-5005-4e8b-8510-a2b0fc408338
2019-10-22 04:02:58,752 [pool-47-thread-1] WARN  impl.MetricRegistriesImpl (MetricRegistriesImpl.java:lambda$create$1(61)) - First MetricRegistry has been created without registering reporters. You may need to call MetricRegistries.global().addReportRegistration(...) before.
2019-10-22 04:02:58,763 [RatisPipelineUtilsThread] INFO  pipeline.PipelineStateManager (PipelineStateManager.java:addPipeline(56)) - Created pipeline Pipeline[ Id: 396c74fb-eccd-4a51-93cf-a4474630c703, Nodes: 461aecd4-5005-4e8b-8510-a2b0fc408338{ip: 192.168.69.98, host: trunk-nightly-20191022-cthwk-1142398527, networkLocation: /default-rack, certSerialId: null}, Type:RATIS, Factor:ONE, State:OPEN]
2019-10-22 04:02:58,780 [grpc-default-executor-0] INFO  impl.RaftServerProxy (RaftServerProxy.java:addNew(89)) - 517ee13d-f3a9-4e94-8f9c-24462d11aaf8: addNew group-2B6030C5EC28:[517ee13d-f3a9-4e94-8f9c-24462d11aaf8:192.168.69.98:44514] returns group-2B6030C5EC28:java.util.concurrent.CompletableFuture@66af9321[Not completed]
2019-10-22 04:02:58,795 [pool-37-thread-1] INFO  impl.RaftServerImpl (RaftServerImpl.java:<init>(98)) - 517ee13d-f3a9-4e94-8f9c-24462d11aaf8: new RaftServerImpl for group-2B6030C5EC28:[517ee13d-f3a9-4e94-8f9c-24462d11aaf8:192.168.69.98:44514] with ContainerStateMachine:uninitialized
2019-10-22 04:02:58,796 [pool-37-thread-1] INFO  server.RaftServerConfigKeys (ConfUtils.java:logGet(43)) - raft.server.rpc.timeout.min = 5s (custom)
2019-10-22 04:02:58,796 [pool-37-thread-1] INFO  server.RaftServerConfigKeys (ConfUtils.java:logGet(43)) - raft.server.rpc.timeout.max = 5200ms (custom)
2019-10-22 04:02:58,796 [pool-37-thread-1] INFO  server.RaftServerConfigKeys (ConfUtils.java:logGet(43)) - raft.server.rpcslowness.timeout = 1000s (custom)
2019-10-22 04:02:58,797 [pool-37-thread-1] INFO  server.RaftServerConfigKeys (ConfUtils.java:logGet(43)) - raft.server.sleep.deviation.threshold = 300 (default)
2019-10-22 04:02:58,797 [pool-37-thread-1] INFO  server.RaftServerConfigKeys (ConfUtils.java:logGet(43)) - raft.server.log.appender.install.snapshot.enabled = false (custom)
2019-10-22 04:02:58,797 [pool-37-thread-1] INFO  impl.RaftServerImpl (ServerState.java:<init>(103)) - 517ee13d-f3a9-4e94-8f9c-24462d11aaf8@group-2B6030C5EC28: ConfigurationManager, init=-1: [517ee13d-f3a9-4e94-8f9c-24462d11aaf8:192.168.69.98:44514], old=null, confs=<EMPTY_MAP>
2019-10-22 04:02:58,797 [pool-37-thread-1] INFO  server.RaftServerConfigKeys (ConfUtils.java:logGet(43)) - raft.server.storage.dir = [/workdir/hadoop-ozone/integration-test/target/test-dir/MiniOzoneClusterImpl-0034b704-fef7-4bee-834c-071f1b1ecffb/datanode-1/data/ratis] (custom)
2019-10-22 04:02:58,798 [pool-37-thread-1] INFO  server.RaftServerConfigKeys (ConfUtils.java:logGet(43)) - raft.server.log.corruption.policy = EXCEPTION (default)
2019-10-22 04:02:58,798 [pool-37-thread-1] INFO  storage.RaftStorageDirectory (RaftStorageDirectory.java:analyzeStorage(246)) - The storage directory /workdir/hadoop-ozone/integration-test/target/test-dir/MiniOzoneClusterImpl-0034b704-fef7-4bee-834c-071f1b1ecffb/datanode-1/data/ratis/320f392d-ce52-4c17-913e-2b6030c5ec28 does not exist. Creating ...
2019-10-22 04:02:58,811 [pool-37-thread-1] INFO  storage.RaftStorageDirectory (RaftStorageDirectory.java:tryLock(328)) - Lock on /workdir/hadoop-ozone/integration-test/target/test-dir/MiniOzoneClusterImpl-0034b704-fef7-4bee-834c-071f1b1ecffb/datanode-1/data/ratis/320f392d-ce52-4c17-913e-2b6030c5ec28/in_use.lock acquired by nodename 13674@trunk-nightly-20191022-cthwk-1142398527
2019-10-22 04:02:58,814 [pool-37-thread-1] INFO  storage.RaftStorage (RaftStorage.java:format(84)) - Storage directory /workdir/hadoop-ozone/integration-test/target/test-dir/MiniOzoneClusterImpl-0034b704-fef7-4bee-834c-071f1b1ecffb/datanode-1/data/ratis/320f392d-ce52-4c17-913e-2b6030c5ec28 has been successfully formatted.
2019-10-22 04:02:58,814 [pool-37-thread-1] INFO  ratis.ContainerStateMachine (ContainerStateMachine.java:loadSnapshot(231)) - group-2B6030C5EC28: The snapshot info is null. Setting the last applied indexto:(t:0, i:~)
2019-10-22 04:02:58,814 [pool-37-thread-1] INFO  server.RaftServerConfigKeys (ConfUtils.java:logGet(43)) - raft.server.notification.no-leader.timeout = 1000s (custom)
2019-10-22 04:02:58,814 [pool-37-thread-1] INFO  server.RaftServerConfigKeys (ConfUtils.java:logGet(43)) - raft.server.log.use.memory = false (default)
2019-10-22 04:02:58,815 [pool-37-thread-1] INFO  server.RaftServerConfigKeys (ConfUtils.java:logGet(43)) - raft.server.log.purge.gap = 1000000 (custom)
2019-10-22 04:02:58,815 [pool-37-thread-1] INFO  server.RaftServerConfigKeys (ConfUtils.java:logGet(43)) - raft.server.log.appender.buffer.byte-limit = 33554432 (custom)
2019-10-22 04:02:58,815 [pool-37-thread-1] INFO  server.RaftServerConfigKeys (ConfUtils.java:logGet(43)) - raft.server.log.segment.size.max = 1048576 (custom)
2019-10-22 04:02:58,815 [pool-37-thread-1] WARN  impl.MetricRegistriesImpl (MetricRegistriesImpl.java:lambda$create$1(61)) - First MetricRegistry has been created without registering reporters. You may need to call MetricRegistries.global().addReportRegistration(...) before.
2019-10-22 04:02:58,815 [pool-37-thread-1] INFO  server.RaftServerConfigKeys (ConfUtils.java:logGet(43)) - raft.server.log.segment.cache.num.max = 2 (custom)
2019-10-22 04:02:58,815 [pool-37-thread-1] INFO  segmented.SegmentedRaftLogWorker (SegmentedRaftLogWorker.java:<init>(173)) - new 517ee13d-f3a9-4e94-8f9c-24462d11aaf8@group-2B6030C5EC28-SegmentedRaftLogWorker for RaftStorage:Storage Directory /workdir/hadoop-ozone/integration-test/target/test-dir/MiniOzoneClusterImpl-0034b704-fef7-4bee-834c-071f1b1ecffb/datanode-1/data/ratis/320f392d-ce52-4c17-913e-2b6030c5ec28
2019-10-22 04:02:58,815 [pool-37-thread-1] INFO  server.RaftServerConfigKeys (ConfUtils.java:logGet(43)) - raft.server.log.queue.byte-limit = 2147483647 (custom)
2019-10-22 04:02:58,816 [pool-37-thread-1] INFO  server.RaftServerConfigKeys (ConfUtils.java:logGet(43)) - raft.server.log.queue.element-limit = 1024 (custom)
2019-10-22 04:02:58,816 [pool-37-thread-1] INFO  server.RaftServerConfigKeys (ConfUtils.java:logGet(43)) - raft.server.log.segment.size.max = 1048576 (custom)
2019-10-22 04:02:58,816 [pool-37-thread-1] INFO  server.RaftServerConfigKeys (ConfUtils.java:logGet(43)) - raft.server.log.preallocated.size = 16384 (custom)
2019-10-22 04:02:58,816 [pool-37-thread-1] INFO  server.RaftServerConfigKeys (ConfUtils.java:logGet(43)) - raft.server.log.write.buffer.size = 33554432 (custom)
2019-10-22 04:02:58,817 [pool-37-thread-1] INFO  server.RaftServerConfigKeys (ConfUtils.java:logGet(43)) - raft.server.log.force.sync.num = 128 (default)
2019-10-22 04:02:58,817 [pool-37-thread-1] INFO  server.RaftServerConfigKeys (ConfUtils.java:logGet(43)) - raft.server.log.statemachine.data.sync = true (default)
2019-10-22 04:02:58,817 [pool-37-thread-1] INFO  server.RaftServerConfigKeys (ConfUtils.java:logGet(43)) - raft.server.log.statemachine.data.sync.timeout = 10s (default)
2019-10-22 04:02:58,817 [pool-37-thread-1] INFO  server.RaftServerConfigKeys (ConfUtils.java:logGet(43)) - raft.server.log.statemachine.data.sync.timeout.retry = -1 (default)
2019-10-22 04:02:58,818 [pool-37-thread-1] INFO  server.RaftServerConfigKeys (ConfUtils.java:logGet(43)) - raft.server.log.statemachine.data.caching.enabled = true (custom)
2019-10-22 04:02:58,818 [pool-37-thread-1] INFO  segmented.SegmentedRaftLogWorker (SegmentedRaftLogWorker.java:lambda$new$0(128)) - 517ee13d-f3a9-4e94-8f9c-24462d11aaf8@group-2B6030C5EC28-SegmentedRaftLogWorker: flushIndex: setUnconditionally 0 -> -1
2019-10-22 04:02:58,819 [pool-37-thread-1] INFO  server.RaftServerConfigKeys (ConfUtils.java:logGet(43)) - raft.server.snapshot.auto.trigger.enabled = true (custom)
2019-10-22 04:02:58,819 [pool-37-thread-1] INFO  server.RaftServerConfigKeys (ConfUtils.java:logGet(43)) - raft.server.snapshot.auto.trigger.threshold = 10000 (custom)
2019-10-22 04:02:58,819 [pool-37-thread-1] INFO  server.RaftServerConfigKeys (ConfUtils.java:logGet(43)) - raft.server.snapshot.retention.file.num = 5 (custom)
2019-10-22 04:02:58,820 [pool-37-thread-1] INFO  server.RaftServerConfigKeys (ConfUtils.java:logGet(43)) - raft.server.retrycache.expirytime = 600000ms (custom)
2019-10-22 04:02:58,820 [pool-37-thread-1] WARN  impl.MetricRegistriesImpl (MetricRegistriesImpl.java:lambda$create$1(61)) - First MetricRegistry has been created without registering reporters. You may need to call MetricRegistries.global().addReportRegistration(...) before.
2019-10-22 04:02:58,820 [pool-37-thread-1] WARN  impl.MetricRegistriesImpl (MetricRegistriesImpl.java:lambda$create$1(61)) - First MetricRegistry has been created without registering reporters. You may need to call MetricRegistries.global().addReportRegistration(...) before.
2019-10-22 04:02:58,820 [pool-37-thread-1] INFO  impl.RaftServerImpl (RaftServerImpl.java:start(184)) - 517ee13d-f3a9-4e94-8f9c-24462d11aaf8@group-2B6030C5EC28: start as a follower, conf=-1: [517ee13d-f3a9-4e94-8f9c-24462d11aaf8:192.168.69.98:44514], old=null
2019-10-22 04:02:58,821 [pool-37-thread-1] INFO  impl.RaftServerImpl (RaftServerImpl.java:setRole(173)) - 517ee13d-f3a9-4e94-8f9c-24462d11aaf8@group-2B6030C5EC28: changes role from      null to FOLLOWER at term 0 for startAsFollower
2019-10-22 04:02:58,821 [pool-37-thread-1] INFO  impl.RoleInfo (RoleInfo.java:updateAndGet(143)) - 517ee13d-f3a9-4e94-8f9c-24462d11aaf8: start FollowerState
2019-10-22 04:02:58,822 [pool-37-thread-1] INFO  util.JmxRegister (JmxRegister.java:tryRegister(44)) - Successfully registered JMX Bean with object name Ratis:service=RaftServer,group=group-2B6030C5EC28,id=517ee13d-f3a9-4e94-8f9c-24462d11aaf8
2019-10-22 04:02:58,822 [pool-37-thread-1] WARN  impl.MetricRegistriesImpl (MetricRegistriesImpl.java:lambda$create$1(61)) - First MetricRegistry has been created without registering reporters. You may need to call MetricRegistries.global().addReportRegistration(...) before.
2019-10-22 04:02:58,832 [RatisPipelineUtilsThread] INFO  pipeline.PipelineStateManager (PipelineStateManager.java:addPipeline(56)) - Created pipeline Pipeline[ Id: 320f392d-ce52-4c17-913e-2b6030c5ec28, Nodes: 517ee13d-f3a9-4e94-8f9c-24462d11aaf8{ip: 192.168.69.98, host: trunk-nightly-20191022-cthwk-1142398527, networkLocation: /default-rack, certSerialId: null}, Type:RATIS, Factor:ONE, State:OPEN]
2019-10-22 04:02:58,860 [grpc-default-executor-1] INFO  impl.RaftServerProxy (RaftServerProxy.java:addNew(89)) - 38001277-610a-4ad8-827c-4fb892f595e9: addNew group-7A5790695FD8:[517ee13d-f3a9-4e94-8f9c-24462d11aaf8:192.168.69.98:44514, 461aecd4-5005-4e8b-8510-a2b0fc408338:192.168.69.98:41544, 38001277-610a-4ad8-827c-4fb892f595e9:192.168.69.98:40079] returns group-7A5790695FD8:java.util.concurrent.CompletableFuture@78672a1e[Not completed]
2019-10-22 04:02:58,863 [grpc-default-executor-1] INFO  impl.RaftServerProxy (RaftServerProxy.java:addNew(89)) - 517ee13d-f3a9-4e94-8f9c-24462d11aaf8: addNew group-7A5790695FD8:[517ee13d-f3a9-4e94-8f9c-24462d11aaf8:192.168.69.98:44514, 461aecd4-5005-4e8b-8510-a2b0fc408338:192.168.69.98:41544, 38001277-610a-4ad8-827c-4fb892f595e9:192.168.69.98:40079] returns group-7A5790695FD8:java.util.concurrent.CompletableFuture@35f90985[Not completed]
2019-10-22 04:02:58,863 [grpc-default-executor-2] INFO  impl.RaftServerProxy (RaftServerProxy.java:addNew(89)) - 461aecd4-5005-4e8b-8510-a2b0fc408338: addNew group-7A5790695FD8:[517ee13d-f3a9-4e94-8f9c-24462d11aaf8:192.168.69.98:44514, 461aecd4-5005-4e8b-8510-a2b0fc408338:192.168.69.98:41544, 38001277-610a-4ad8-827c-4fb892f595e9:192.168.69.98:40079] returns group-7A5790695FD8:java.util.concurrent.CompletableFuture@41bb793c[Not completed]
2019-10-22 04:02:58,863 [pool-27-thread-1] INFO  impl.RaftServerImpl (RaftServerImpl.java:<init>(98)) - 38001277-610a-4ad8-827c-4fb892f595e9: new RaftServerImpl for group-7A5790695FD8:[517ee13d-f3a9-4e94-8f9c-24462d11aaf8:192.168.69.98:44514, 461aecd4-5005-4e8b-8510-a2b0fc408338:192.168.69.98:41544, 38001277-610a-4ad8-827c-4fb892f595e9:192.168.69.98:40079] with ContainerStateMachine:uninitialized
2019-10-22 04:02:58,864 [pool-27-thread-1] INFO  server.RaftServerConfigKeys (ConfUtils.java:logGet(43)) - raft.server.rpc.timeout.min = 5s (custom)
2019-10-22 04:02:58,864 [pool-27-thread-1] INFO  server.RaftServerConfigKeys (ConfUtils.java:logGet(43)) - raft.server.rpc.timeout.max = 5200ms (custom)
2019-10-22 04:02:58,864 [pool-27-thread-1] INFO  server.RaftServerConfigKeys (ConfUtils.java:logGet(43)) - raft.server.rpcslowness.timeout = 1000s (custom)
2019-10-22 04:02:58,864 [pool-27-thread-1] INFO  server.RaftServerConfigKeys (ConfUtils.java:logGet(43)) - raft.server.sleep.deviation.threshold = 300 (default)
2019-10-22 04:02:58,864 [pool-27-thread-1] INFO  server.RaftServerConfigKeys (ConfUtils.java:logGet(43)) - raft.server.log.appender.install.snapshot.enabled = false (custom)
2019-10-22 04:02:58,865 [pool-27-thread-1] INFO  impl.RaftServerImpl (ServerState.java:<init>(103)) - 38001277-610a-4ad8-827c-4fb892f595e9@group-7A5790695FD8: ConfigurationManager, init=-1: [517ee13d-f3a9-4e94-8f9c-24462d11aaf8:192.168.69.98:44514, 461aecd4-5005-4e8b-8510-a2b0fc408338:192.168.69.98:41544, 38001277-610a-4ad8-827c-4fb892f595e9:192.168.69.98:40079], old=null, confs=<EMPTY_MAP>
2019-10-22 04:02:58,865 [pool-27-thread-1] INFO  server.RaftServerConfigKeys (ConfUtils.java:logGet(43)) - raft.server.storage.dir = [/workdir/hadoop-ozone/integration-test/target/test-dir/MiniOzoneClusterImpl-0034b704-fef7-4bee-834c-071f1b1ecffb/datanode-0/data/ratis] (custom)
2019-10-22 04:02:58,865 [pool-47-thread-1] INFO  impl.RaftServerImpl (RaftServerImpl.java:<init>(98)) - 461aecd4-5005-4e8b-8510-a2b0fc408338: new RaftServerImpl for group-7A5790695FD8:[517ee13d-f3a9-4e94-8f9c-24462d11aaf8:192.168.69.98:44514, 461aecd4-5005-4e8b-8510-a2b0fc408338:192.168.69.98:41544, 38001277-610a-4ad8-827c-4fb892f595e9:192.168.69.98:40079] with ContainerStateMachine:uninitialized
2019-10-22 04:02:58,865 [pool-27-thread-1] INFO  server.RaftServerConfigKeys (ConfUtils.java:logGet(43)) - raft.server.log.corruption.policy = EXCEPTION (default)
2019-10-22 04:02:58,866 [pool-47-thread-1] INFO  server.RaftServerConfigKeys (ConfUtils.java:logGet(43)) - raft.server.rpc.timeout.min = 5s (custom)
2019-10-22 04:02:58,866 [pool-27-thread-1] INFO  storage.RaftStorageDirectory (RaftStorageDirectory.java:analyzeStorage(246)) - The storage directory /workdir/hadoop-ozone/integration-test/target/test-dir/MiniOzoneClusterImpl-0034b704-fef7-4bee-834c-071f1b1ecffb/datanode-0/data/ratis/e8ed9056-394a-4d1f-b72e-7a5790695fd8 does not exist. Creating ...
2019-10-22 04:02:58,866 [pool-47-thread-1] INFO  server.RaftServerConfigKeys (ConfUtils.java:logGet(43)) - raft.server.rpc.timeout.max = 5200ms (custom)
2019-10-22 04:02:58,866 [pool-47-thread-1] INFO  server.RaftServerConfigKeys (ConfUtils.java:logGet(43)) - raft.server.rpcslowness.timeout = 1000s (custom)
2019-10-22 04:02:58,866 [pool-47-thread-1] INFO  server.RaftServerConfigKeys (ConfUtils.java:logGet(43)) - raft.server.sleep.deviation.threshold = 300 (default)
2019-10-22 04:02:58,866 [pool-47-thread-1] INFO  server.RaftServerConfigKeys (ConfUtils.java:logGet(43)) - raft.server.log.appender.install.snapshot.enabled = false (custom)
2019-10-22 04:02:58,867 [pool-37-thread-1] INFO  impl.RaftServerImpl (RaftServerImpl.java:<init>(98)) - 517ee13d-f3a9-4e94-8f9c-24462d11aaf8: new RaftServerImpl for group-7A5790695FD8:[517ee13d-f3a9-4e94-8f9c-24462d11aaf8:192.168.69.98:44514, 461aecd4-5005-4e8b-8510-a2b0fc408338:192.168.69.98:41544, 38001277-610a-4ad8-827c-4fb892f595e9:192.168.69.98:40079] with ContainerStateMachine:uninitialized
2019-10-22 04:02:58,867 [pool-47-thread-1] INFO  impl.RaftServerImpl (ServerState.java:<init>(103)) - 461aecd4-5005-4e8b-8510-a2b0fc408338@group-7A5790695FD8: ConfigurationManager, init=-1: [517ee13d-f3a9-4e94-8f9c-24462d11aaf8:192.168.69.98:44514, 461aecd4-5005-4e8b-8510-a2b0fc408338:192.168.69.98:41544, 38001277-610a-4ad8-827c-4fb892f595e9:192.168.69.98:40079], old=null, confs=<EMPTY_MAP>
2019-10-22 04:02:58,867 [pool-37-thread-1] INFO  server.RaftServerConfigKeys (ConfUtils.java:logGet(43)) - raft.server.rpc.timeout.min = 5s (custom)
2019-10-22 04:02:58,867 [pool-47-thread-1] INFO  server.RaftServerConfigKeys (ConfUtils.java:logGet(43)) - raft.server.storage.dir = [/workdir/hadoop-ozone/integration-test/target/test-dir/MiniOzoneClusterImpl-0034b704-fef7-4bee-834c-071f1b1ecffb/datanode-2/data/ratis] (custom)
2019-10-22 04:02:58,867 [pool-37-thread-1] INFO  server.RaftServerConfigKeys (ConfUtils.java:logGet(43)) - raft.server.rpc.timeout.max = 5200ms (custom)
2019-10-22 04:02:58,867 [pool-47-thread-1] INFO  server.RaftServerConfigKeys (ConfUtils.java:logGet(43)) - raft.server.log.corruption.policy = EXCEPTION (default)
2019-10-22 04:02:58,868 [pool-37-thread-1] INFO  server.RaftServerConfigKeys (ConfUtils.java:logGet(43)) - raft.server.rpcslowness.timeout = 1000s (custom)
2019-10-22 04:02:58,868 [pool-47-thread-1] INFO  storage.RaftStorageDirectory (RaftStorageDirectory.java:analyzeStorage(246)) - The storage directory /workdir/hadoop-ozone/integration-test/target/test-dir/MiniOzoneClusterImpl-0034b704-fef7-4bee-834c-071f1b1ecffb/datanode-2/data/ratis/e8ed9056-394a-4d1f-b72e-7a5790695fd8 does not exist. Creating ...
2019-10-22 04:02:58,868 [pool-37-thread-1] INFO  server.RaftServerConfigKeys (ConfUtils.java:logGet(43)) - raft.server.sleep.deviation.threshold = 300 (default)
2019-10-22 04:02:58,868 [pool-37-thread-1] INFO  server.RaftServerConfigKeys (ConfUtils.java:logGet(43)) - raft.server.log.appender.install.snapshot.enabled = false (custom)
2019-10-22 04:02:58,868 [pool-37-thread-1] INFO  impl.RaftServerImpl (ServerState.java:<init>(103)) - 517ee13d-f3a9-4e94-8f9c-24462d11aaf8@group-7A5790695FD8: ConfigurationManager, init=-1: [517ee13d-f3a9-4e94-8f9c-24462d11aaf8:192.168.69.98:44514, 461aecd4-5005-4e8b-8510-a2b0fc408338:192.168.69.98:41544, 38001277-610a-4ad8-827c-4fb892f595e9:192.168.69.98:40079], old=null, confs=<EMPTY_MAP>
2019-10-22 04:02:58,869 [pool-37-thread-1] INFO  server.RaftServerConfigKeys (ConfUtils.java:logGet(43)) - raft.server.storage.dir = [/workdir/hadoop-ozone/integration-test/target/test-dir/MiniOzoneClusterImpl-0034b704-fef7-4bee-834c-071f1b1ecffb/datanode-1/data/ratis] (custom)
2019-10-22 04:02:58,869 [pool-37-thread-1] INFO  server.RaftServerConfigKeys (ConfUtils.java:logGet(43)) - raft.server.log.corruption.policy = EXCEPTION (default)
2019-10-22 04:02:58,869 [pool-37-thread-1] INFO  storage.RaftStorageDirectory (RaftStorageDirectory.java:analyzeStorage(246)) - The storage directory /workdir/hadoop-ozone/integration-test/target/test-dir/MiniOzoneClusterImpl-0034b704-fef7-4bee-834c-071f1b1ecffb/datanode-1/data/ratis/e8ed9056-394a-4d1f-b72e-7a5790695fd8 does not exist. Creating ...
2019-10-22 04:02:58,880 [pool-27-thread-1] INFO  storage.RaftStorageDirectory (RaftStorageDirectory.java:tryLock(328)) - Lock on /workdir/hadoop-ozone/integration-test/target/test-dir/MiniOzoneClusterImpl-0034b704-fef7-4bee-834c-071f1b1ecffb/datanode-0/data/ratis/e8ed9056-394a-4d1f-b72e-7a5790695fd8/in_use.lock acquired by nodename 13674@trunk-nightly-20191022-cthwk-1142398527
2019-10-22 04:02:58,880 [pool-47-thread-1] INFO  storage.RaftStorageDirectory (RaftStorageDirectory.java:tryLock(328)) - Lock on /workdir/hadoop-ozone/integration-test/target/test-dir/MiniOzoneClusterImpl-0034b704-fef7-4bee-834c-071f1b1ecffb/datanode-2/data/ratis/e8ed9056-394a-4d1f-b72e-7a5790695fd8/in_use.lock acquired by nodename 13674@trunk-nightly-20191022-cthwk-1142398527
2019-10-22 04:02:58,880 [pool-37-thread-1] INFO  storage.RaftStorageDirectory (RaftStorageDirectory.java:tryLock(328)) - Lock on /workdir/hadoop-ozone/integration-test/target/test-dir/MiniOzoneClusterImpl-0034b704-fef7-4bee-834c-071f1b1ecffb/datanode-1/data/ratis/e8ed9056-394a-4d1f-b72e-7a5790695fd8/in_use.lock acquired by nodename 13674@trunk-nightly-20191022-cthwk-1142398527
2019-10-22 04:02:58,894 [pool-27-thread-1] INFO  storage.RaftStorage (RaftStorage.java:format(84)) - Storage directory /workdir/hadoop-ozone/integration-test/target/test-dir/MiniOzoneClusterImpl-0034b704-fef7-4bee-834c-071f1b1ecffb/datanode-0/data/ratis/e8ed9056-394a-4d1f-b72e-7a5790695fd8 has been successfully formatted.
2019-10-22 04:02:58,894 [pool-37-thread-1] INFO  storage.RaftStorage (RaftStorage.java:format(84)) - Storage directory /workdir/hadoop-ozone/integration-test/target/test-dir/MiniOzoneClusterImpl-0034b704-fef7-4bee-834c-071f1b1ecffb/datanode-1/data/ratis/e8ed9056-394a-4d1f-b72e-7a5790695fd8 has been successfully formatted.
2019-10-22 04:02:58,894 [pool-47-thread-1] INFO  storage.RaftStorage (RaftStorage.java:format(84)) - Storage directory /workdir/hadoop-ozone/integration-test/target/test-dir/MiniOzoneClusterImpl-0034b704-fef7-4bee-834c-071f1b1ecffb/datanode-2/data/ratis/e8ed9056-394a-4d1f-b72e-7a5790695fd8 has been successfully formatted.
2019-10-22 04:02:58,894 [pool-27-thread-1] INFO  ratis.ContainerStateMachine (ContainerStateMachine.java:loadSnapshot(231)) - group-7A5790695FD8: The snapshot info is null. Setting the last applied indexto:(t:0, i:~)
2019-10-22 04:02:58,894 [pool-37-thread-1] INFO  ratis.ContainerStateMachine (ContainerStateMachine.java:loadSnapshot(231)) - group-7A5790695FD8: The snapshot info is null. Setting the last applied indexto:(t:0, i:~)
2019-10-22 04:02:58,895 [pool-27-thread-1] INFO  server.RaftServerConfigKeys (ConfUtils.java:logGet(43)) - raft.server.notification.no-leader.timeout = 1000s (custom)
2019-10-22 04:02:58,895 [pool-47-thread-1] INFO  ratis.ContainerStateMachine (ContainerStateMachine.java:loadSnapshot(231)) - group-7A5790695FD8: The snapshot info is null. Setting the last applied indexto:(t:0, i:~)
2019-10-22 04:02:58,895 [pool-27-thread-1] INFO  server.RaftServerConfigKeys (ConfUtils.java:logGet(43)) - raft.server.log.use.memory = false (default)
2019-10-22 04:02:58,895 [pool-37-thread-1] INFO  server.RaftServerConfigKeys (ConfUtils.java:logGet(43)) - raft.server.notification.no-leader.timeout = 1000s (custom)
2019-10-22 04:02:58,895 [pool-27-thread-1] INFO  server.RaftServerConfigKeys (ConfUtils.java:logGet(43)) - raft.server.log.purge.gap = 1000000 (custom)
2019-10-22 04:02:58,895 [pool-47-thread-1] INFO  server.RaftServerConfigKeys (ConfUtils.java:logGet(43)) - raft.server.notification.no-leader.timeout = 1000s (custom)
2019-10-22 04:02:58,895 [pool-27-thread-1] INFO  server.RaftServerConfigKeys (ConfUtils.java:logGet(43)) - raft.server.log.appender.buffer.byte-limit = 33554432 (custom)
2019-10-22 04:02:58,895 [pool-37-thread-1] INFO  server.RaftServerConfigKeys (ConfUtils.java:logGet(43)) - raft.server.log.use.memory = false (default)
2019-10-22 04:02:58,896 [pool-27-thread-1] INFO  server.RaftServerConfigKeys (ConfUtils.java:logGet(43)) - raft.server.log.segment.size.max = 1048576 (custom)
2019-10-22 04:02:58,896 [pool-47-thread-1] INFO  server.RaftServerConfigKeys (ConfUtils.java:logGet(43)) - raft.server.log.use.memory = false (default)
2019-10-22 04:02:58,896 [pool-37-thread-1] INFO  server.RaftServerConfigKeys (ConfUtils.java:logGet(43)) - raft.server.log.purge.gap = 1000000 (custom)
2019-10-22 04:02:58,896 [pool-47-thread-1] INFO  server.RaftServerConfigKeys (ConfUtils.java:logGet(43)) - raft.server.log.purge.gap = 1000000 (custom)
2019-10-22 04:02:58,896 [pool-27-thread-1] INFO  server.RaftServerConfigKeys (ConfUtils.java:logGet(43)) - raft.server.log.segment.cache.num.max = 2 (custom)
2019-10-22 04:02:58,896 [pool-47-thread-1] INFO  server.RaftServerConfigKeys (ConfUtils.java:logGet(43)) - raft.server.log.appender.buffer.byte-limit = 33554432 (custom)
2019-10-22 04:02:58,896 [pool-37-thread-1] INFO  server.RaftServerConfigKeys (ConfUtils.java:logGet(43)) - raft.server.log.appender.buffer.byte-limit = 33554432 (custom)
2019-10-22 04:02:58,897 [pool-47-thread-1] INFO  server.RaftServerConfigKeys (ConfUtils.java:logGet(43)) - raft.server.log.segment.size.max = 1048576 (custom)
2019-10-22 04:02:58,897 [pool-27-thread-1] INFO  segmented.SegmentedRaftLogWorker (SegmentedRaftLogWorker.java:<init>(173)) - new 38001277-610a-4ad8-827c-4fb892f595e9@group-7A5790695FD8-SegmentedRaftLogWorker for RaftStorage:Storage Directory /workdir/hadoop-ozone/integration-test/target/test-dir/MiniOzoneClusterImpl-0034b704-fef7-4bee-834c-071f1b1ecffb/datanode-0/data/ratis/e8ed9056-394a-4d1f-b72e-7a5790695fd8
2019-10-22 04:02:58,897 [pool-47-thread-1] INFO  server.RaftServerConfigKeys (ConfUtils.java:logGet(43)) - raft.server.log.segment.cache.num.max = 2 (custom)
2019-10-22 04:02:58,897 [pool-37-thread-1] INFO  server.RaftServerConfigKeys (ConfUtils.java:logGet(43)) - raft.server.log.segment.size.max = 1048576 (custom)
2019-10-22 04:02:58,897 [pool-47-thread-1] INFO  segmented.SegmentedRaftLogWorker (SegmentedRaftLogWorker.java:<init>(173)) - new 461aecd4-5005-4e8b-8510-a2b0fc408338@group-7A5790695FD8-SegmentedRaftLogWorker for RaftStorage:Storage Directory /workdir/hadoop-ozone/integration-test/target/test-dir/MiniOzoneClusterImpl-0034b704-fef7-4bee-834c-071f1b1ecffb/datanode-2/data/ratis/e8ed9056-394a-4d1f-b72e-7a5790695fd8
2019-10-22 04:02:58,897 [pool-27-thread-1] INFO  server.RaftServerConfigKeys (ConfUtils.java:logGet(43)) - raft.server.log.queue.byte-limit = 2147483647 (custom)
2019-10-22 04:02:58,898 [pool-47-thread-1] INFO  server.RaftServerConfigKeys (ConfUtils.java:logGet(43)) - raft.server.log.queue.byte-limit = 2147483647 (custom)
2019-10-22 04:02:58,897 [pool-37-thread-1] INFO  server.RaftServerConfigKeys (ConfUtils.java:logGet(43)) - raft.server.log.segment.cache.num.max = 2 (custom)
2019-10-22 04:02:58,898 [pool-47-thread-1] INFO  server.RaftServerConfigKeys (ConfUtils.java:logGet(43)) - raft.server.log.queue.element-limit = 1024 (custom)
2019-10-22 04:02:58,898 [pool-27-thread-1] INFO  server.RaftServerConfigKeys (ConfUtils.java:logGet(43)) - raft.server.log.queue.element-limit = 1024 (custom)
2019-10-22 04:02:58,898 [pool-47-thread-1] INFO  server.RaftServerConfigKeys (ConfUtils.java:logGet(43)) - raft.server.log.segment.size.max = 1048576 (custom)
2019-10-22 04:02:58,898 [pool-37-thread-1] INFO  segmented.SegmentedRaftLogWorker (SegmentedRaftLogWorker.java:<init>(173)) - new 517ee13d-f3a9-4e94-8f9c-24462d11aaf8@group-7A5790695FD8-SegmentedRaftLogWorker for RaftStorage:Storage Directory /workdir/hadoop-ozone/integration-test/target/test-dir/MiniOzoneClusterImpl-0034b704-fef7-4bee-834c-071f1b1ecffb/datanode-1/data/ratis/e8ed9056-394a-4d1f-b72e-7a5790695fd8
2019-10-22 04:02:58,898 [pool-47-thread-1] INFO  server.RaftServerConfigKeys (ConfUtils.java:logGet(43)) - raft.server.log.preallocated.size = 16384 (custom)
2019-10-22 04:02:58,898 [pool-27-thread-1] INFO  server.RaftServerConfigKeys (ConfUtils.java:logGet(43)) - raft.server.log.segment.size.max = 1048576 (custom)
2019-10-22 04:02:58,899 [pool-47-thread-1] INFO  server.RaftServerConfigKeys (ConfUtils.java:logGet(43)) - raft.server.log.write.buffer.size = 33554432 (custom)
2019-10-22 04:02:58,899 [pool-37-thread-1] INFO  server.RaftServerConfigKeys (ConfUtils.java:logGet(43)) - raft.server.log.queue.byte-limit = 2147483647 (custom)
2019-10-22 04:02:58,899 [pool-47-thread-1] INFO  server.RaftServerConfigKeys (ConfUtils.java:logGet(43)) - raft.server.log.force.sync.num = 128 (default)
2019-10-22 04:02:58,899 [pool-27-thread-1] INFO  server.RaftServerConfigKeys (ConfUtils.java:logGet(43)) - raft.server.log.preallocated.size = 16384 (custom)
2019-10-22 04:02:58,899 [pool-47-thread-1] INFO  server.RaftServerConfigKeys (ConfUtils.java:logGet(43)) - raft.server.log.statemachine.data.sync = true (default)
2019-10-22 04:02:58,899 [pool-37-thread-1] INFO  server.RaftServerConfigKeys (ConfUtils.java:logGet(43)) - raft.server.log.queue.element-limit = 1024 (custom)
2019-10-22 04:02:58,899 [pool-47-thread-1] INFO  server.RaftServerConfigKeys (ConfUtils.java:logGet(43)) - raft.server.log.statemachine.data.sync.timeout = 10s (default)
2019-10-22 04:02:58,899 [pool-27-thread-1] INFO  server.RaftServerConfigKeys (ConfUtils.java:logGet(43)) - raft.server.log.write.buffer.size = 33554432 (custom)
2019-10-22 04:02:58,900 [pool-47-thread-1] INFO  server.RaftServerConfigKeys (ConfUtils.java:logGet(43)) - raft.server.log.statemachine.data.sync.timeout.retry = -1 (default)
2019-10-22 04:02:58,900 [pool-37-thread-1] INFO  server.RaftServerConfigKeys (ConfUtils.java:logGet(43)) - raft.server.log.segment.size.max = 1048576 (custom)
2019-10-22 04:02:58,900 [pool-27-thread-1] INFO  server.RaftServerConfigKeys (ConfUtils.java:logGet(43)) - raft.server.log.force.sync.num = 128 (default)
2019-10-22 04:02:58,900 [pool-37-thread-1] INFO  server.RaftServerConfigKeys (ConfUtils.java:logGet(43)) - raft.server.log.preallocated.size = 16384 (custom)
2019-10-22 04:02:58,900 [pool-47-thread-1] INFO  server.RaftServerConfigKeys (ConfUtils.java:logGet(43)) - raft.server.log.statemachine.data.caching.enabled = true (custom)
2019-10-22 04:02:58,900 [pool-37-thread-1] INFO  server.RaftServerConfigKeys (ConfUtils.java:logGet(43)) - raft.server.log.write.buffer.size = 33554432 (custom)
2019-10-22 04:02:58,900 [pool-27-thread-1] INFO  server.RaftServerConfigKeys (ConfUtils.java:logGet(43)) - raft.server.log.statemachine.data.sync = true (default)
2019-10-22 04:02:58,901 [pool-47-thread-1] INFO  segmented.SegmentedRaftLogWorker (SegmentedRaftLogWorker.java:lambda$new$0(128)) - 461aecd4-5005-4e8b-8510-a2b0fc408338@group-7A5790695FD8-SegmentedRaftLogWorker: flushIndex: setUnconditionally 0 -> -1
2019-10-22 04:02:58,901 [pool-37-thread-1] INFO  server.RaftServerConfigKeys (ConfUtils.java:logGet(43)) - raft.server.log.force.sync.num = 128 (default)
2019-10-22 04:02:58,901 [pool-27-thread-1] INFO  server.RaftServerConfigKeys (ConfUtils.java:logGet(43)) - raft.server.log.statemachine.data.sync.timeout = 10s (default)
2019-10-22 04:02:58,901 [pool-47-thread-1] INFO  server.RaftServerConfigKeys (ConfUtils.java:logGet(43)) - raft.server.snapshot.auto.trigger.enabled = true (custom)
2019-10-22 04:02:58,901 [pool-27-thread-1] INFO  server.RaftServerConfigKeys (ConfUtils.java:logGet(43)) - raft.server.log.statemachine.data.sync.timeout.retry = -1 (default)
2019-10-22 04:02:58,901 [pool-37-thread-1] INFO  server.RaftServerConfigKeys (ConfUtils.java:logGet(43)) - raft.server.log.statemachine.data.sync = true (default)
2019-10-22 04:02:58,902 [pool-27-thread-1] INFO  server.RaftServerConfigKeys (ConfUtils.java:logGet(43)) - raft.server.log.statemachine.data.caching.enabled = true (custom)
2019-10-22 04:02:58,901 [pool-47-thread-1] INFO  server.RaftServerConfigKeys (ConfUtils.java:logGet(43)) - raft.server.snapshot.auto.trigger.threshold = 10000 (custom)
2019-10-22 04:02:58,902 [pool-37-thread-1] INFO  server.RaftServerConfigKeys (ConfUtils.java:logGet(43)) - raft.server.log.statemachine.data.sync.timeout = 10s (default)
2019-10-22 04:02:58,902 [pool-27-thread-1] INFO  segmented.SegmentedRaftLogWorker (SegmentedRaftLogWorker.java:lambda$new$0(128)) - 38001277-610a-4ad8-827c-4fb892f595e9@group-7A5790695FD8-SegmentedRaftLogWorker: flushIndex: setUnconditionally 0 -> -1
2019-10-22 04:02:58,902 [pool-47-thread-1] INFO  server.RaftServerConfigKeys (ConfUtils.java:logGet(43)) - raft.server.snapshot.retention.file.num = 5 (custom)
2019-10-22 04:02:58,902 [pool-37-thread-1] INFO  server.RaftServerConfigKeys (ConfUtils.java:logGet(43)) - raft.server.log.statemachine.data.sync.timeout.retry = -1 (default)
2019-10-22 04:02:58,902 [pool-47-thread-1] INFO  server.RaftServerConfigKeys (ConfUtils.java:logGet(43)) - raft.server.retrycache.expirytime = 600000ms (custom)
2019-10-22 04:02:58,902 [pool-27-thread-1] INFO  server.RaftServerConfigKeys (ConfUtils.java:logGet(43)) - raft.server.snapshot.auto.trigger.enabled = true (custom)
2019-10-22 04:02:58,903 [pool-47-thread-1] WARN  impl.MetricRegistriesImpl (MetricRegistriesImpl.java:lambda$create$1(61)) - First MetricRegistry has been created without registering reporters. You may need to call MetricRegistries.global().addReportRegistration(...) before.
2019-10-22 04:02:58,903 [pool-37-thread-1] INFO  server.RaftServerConfigKeys (ConfUtils.java:logGet(43)) - raft.server.log.statemachine.data.caching.enabled = true (custom)
2019-10-22 04:02:58,903 [pool-47-thread-1] WARN  impl.MetricRegistriesImpl (MetricRegistriesImpl.java:lambda$create$1(61)) - First MetricRegistry has been created without registering reporters. You may need to call MetricRegistries.global().addReportRegistration(...) before.
2019-10-22 04:02:58,903 [pool-27-thread-1] INFO  server.RaftServerConfigKeys (ConfUtils.java:logGet(43)) - raft.server.snapshot.auto.trigger.threshold = 10000 (custom)
2019-10-22 04:02:58,903 [pool-27-thread-1] INFO  server.RaftServerConfigKeys (ConfUtils.java:logGet(43)) - raft.server.snapshot.retention.file.num = 5 (custom)
2019-10-22 04:02:58,903 [pool-37-thread-1] INFO  segmented.SegmentedRaftLogWorker (SegmentedRaftLogWorker.java:lambda$new$0(128)) - 517ee13d-f3a9-4e94-8f9c-24462d11aaf8@group-7A5790695FD8-SegmentedRaftLogWorker: flushIndex: setUnconditionally 0 -> -1
2019-10-22 04:02:58,903 [pool-47-thread-1] INFO  impl.RaftServerImpl (RaftServerImpl.java:start(184)) - 461aecd4-5005-4e8b-8510-a2b0fc408338@group-7A5790695FD8: start as a follower, conf=-1: [517ee13d-f3a9-4e94-8f9c-24462d11aaf8:192.168.69.98:44514, 461aecd4-5005-4e8b-8510-a2b0fc408338:192.168.69.98:41544, 38001277-610a-4ad8-827c-4fb892f595e9:192.168.69.98:40079], old=null
2019-10-22 04:02:58,904 [pool-27-thread-1] INFO  server.RaftServerConfigKeys (ConfUtils.java:logGet(43)) - raft.server.retrycache.expirytime = 600000ms (custom)
2019-10-22 04:02:58,904 [pool-37-thread-1] INFO  server.RaftServerConfigKeys (ConfUtils.java:logGet(43)) - raft.server.snapshot.auto.trigger.enabled = true (custom)
2019-10-22 04:02:58,904 [pool-47-thread-1] INFO  impl.RaftServerImpl (RaftServerImpl.java:setRole(173)) - 461aecd4-5005-4e8b-8510-a2b0fc408338@group-7A5790695FD8: changes role from      null to FOLLOWER at term 0 for startAsFollower
2019-10-22 04:02:58,904 [pool-37-thread-1] INFO  server.RaftServerConfigKeys (ConfUtils.java:logGet(43)) - raft.server.snapshot.auto.trigger.threshold = 10000 (custom)
2019-10-22 04:02:58,904 [pool-47-thread-1] INFO  impl.RoleInfo (RoleInfo.java:updateAndGet(143)) - 461aecd4-5005-4e8b-8510-a2b0fc408338: start FollowerState
2019-10-22 04:02:58,904 [pool-27-thread-1] WARN  impl.MetricRegistriesImpl (MetricRegistriesImpl.java:lambda$create$1(61)) - First MetricRegistry has been created without registering reporters. You may need to call MetricRegistries.global().addReportRegistration(...) before.
2019-10-22 04:02:58,904 [pool-37-thread-1] INFO  server.RaftServerConfigKeys (ConfUtils.java:logGet(43)) - raft.server.snapshot.retention.file.num = 5 (custom)
2019-10-22 04:02:58,904 [pool-27-thread-1] WARN  impl.MetricRegistriesImpl (MetricRegistriesImpl.java:lambda$create$1(61)) - First MetricRegistry has been created without registering reporters. You may need to call MetricRegistries.global().addReportRegistration(...) before.
2019-10-22 04:02:58,905 [pool-37-thread-1] INFO  server.RaftServerConfigKeys (ConfUtils.java:logGet(43)) - raft.server.retrycache.expirytime = 600000ms (custom)
2019-10-22 04:02:58,905 [pool-27-thread-1] INFO  impl.RaftServerImpl (RaftServerImpl.java:start(184)) - 38001277-610a-4ad8-827c-4fb892f595e9@group-7A5790695FD8: start as a follower, conf=-1: [517ee13d-f3a9-4e94-8f9c-24462d11aaf8:192.168.69.98:44514, 461aecd4-5005-4e8b-8510-a2b0fc408338:192.168.69.98:41544, 38001277-610a-4ad8-827c-4fb892f595e9:192.168.69.98:40079], old=null
2019-10-22 04:02:58,905 [pool-47-thread-1] INFO  util.JmxRegister (JmxRegister.java:tryRegister(44)) - Successfully registered JMX Bean with object name Ratis:service=RaftServer,group=group-7A5790695FD8,id=461aecd4-5005-4e8b-8510-a2b0fc408338
2019-10-22 04:02:58,905 [pool-27-thread-1] INFO  impl.RaftServerImpl (RaftServerImpl.java:setRole(173)) - 38001277-610a-4ad8-827c-4fb892f595e9@group-7A5790695FD8: changes role from      null to FOLLOWER at term 0 for startAsFollower
2019-10-22 04:02:58,905 [pool-37-thread-1] WARN  impl.MetricRegistriesImpl (MetricRegistriesImpl.java:lambda$create$1(61)) - First MetricRegistry has been created without registering reporters. You may need to call MetricRegistries.global().addReportRegistration(...) before.
2019-10-22 04:02:58,905 [pool-27-thread-1] INFO  impl.RoleInfo (RoleInfo.java:updateAndGet(143)) - 38001277-610a-4ad8-827c-4fb892f595e9: start FollowerState
2019-10-22 04:02:58,905 [pool-47-thread-1] WARN  impl.MetricRegistriesImpl (MetricRegistriesImpl.java:lambda$create$1(61)) - First MetricRegistry has been created without registering reporters. You may need to call MetricRegistries.global().addReportRegistration(...) before.
2019-10-22 04:02:58,905 [pool-37-thread-1] WARN  impl.MetricRegistriesImpl (MetricRegistriesImpl.java:lambda$create$1(61)) - First MetricRegistry has been created without registering reporters. You may need to call MetricRegistries.global().addReportRegistration(...) before.
2019-10-22 04:02:58,906 [pool-27-thread-1] INFO  util.JmxRegister (JmxRegister.java:tryRegister(44)) - Successfully registered JMX Bean with object name Ratis:service=RaftServer,group=group-7A5790695FD8,id=38001277-610a-4ad8-827c-4fb892f595e9
2019-10-22 04:02:58,906 [pool-37-thread-1] INFO  impl.RaftServerImpl (RaftServerImpl.java:start(184)) - 517ee13d-f3a9-4e94-8f9c-24462d11aaf8@group-7A5790695FD8: start as a follower, conf=-1: [517ee13d-f3a9-4e94-8f9c-24462d11aaf8:192.168.69.98:44514, 461aecd4-5005-4e8b-8510-a2b0fc408338:192.168.69.98:41544, 38001277-610a-4ad8-827c-4fb892f595e9:192.168.69.98:40079], old=null
2019-10-22 04:02:58,906 [pool-27-thread-1] WARN  impl.MetricRegistriesImpl (MetricRegistriesImpl.java:lambda$create$1(61)) - First MetricRegistry has been created without registering reporters. You may need to call MetricRegistries.global().addReportRegistration(...) before.
2019-10-22 04:02:58,906 [pool-37-thread-1] INFO  impl.RaftServerImpl (RaftServerImpl.java:setRole(173)) - 517ee13d-f3a9-4e94-8f9c-24462d11aaf8@group-7A5790695FD8: changes role from      null to FOLLOWER at term 0 for startAsFollower
2019-10-22 04:02:58,907 [pool-37-thread-1] INFO  impl.RoleInfo (RoleInfo.java:updateAndGet(143)) - 517ee13d-f3a9-4e94-8f9c-24462d11aaf8: start FollowerState
2019-10-22 04:02:58,908 [pool-37-thread-1] INFO  util.JmxRegister (JmxRegister.java:tryRegister(44)) - Successfully registered JMX Bean with object name Ratis:service=RaftServer,group=group-7A5790695FD8,id=517ee13d-f3a9-4e94-8f9c-24462d11aaf8
2019-10-22 04:02:58,909 [pool-37-thread-1] WARN  impl.MetricRegistriesImpl (MetricRegistriesImpl.java:lambda$create$1(61)) - First MetricRegistry has been created without registering reporters. You may need to call MetricRegistries.global().addReportRegistration(...) before.
2019-10-22 04:02:58,930 [RatisPipelineUtilsThread] INFO  pipeline.PipelineStateManager (PipelineStateManager.java:addPipeline(56)) - Created pipeline Pipeline[ Id: e8ed9056-394a-4d1f-b72e-7a5790695fd8, Nodes: 461aecd4-5005-4e8b-8510-a2b0fc408338{ip: 192.168.69.98, host: trunk-nightly-20191022-cthwk-1142398527, networkLocation: /default-rack, certSerialId: null}38001277-610a-4ad8-827c-4fb892f595e9{ip: 192.168.69.98, host: trunk-nightly-20191022-cthwk-1142398527, networkLocation: /default-rack, certSerialId: null}517ee13d-f3a9-4e94-8f9c-24462d11aaf8{ip: 192.168.69.98, host: trunk-nightly-20191022-cthwk-1142398527, networkLocation: /default-rack, certSerialId: null}, Type:RATIS, Factor:THREE, State:OPEN]
2019-10-22 04:02:59,053 [main] INFO  ozone.MiniOzoneClusterImpl (MiniOzoneClusterImpl.java:lambda$waitForClusterToBeReady$0(147)) - Cluster is ready. Got 3 of 3 DN Heartbeats.
2019-10-22 04:02:59,563 [main] INFO  rpc.RpcClient (RpcClient.java:createVolume(272)) - Creating Volume: testcontainerstatemachinefailures, with jenkins1000 as owner.
2019-10-22 04:02:59,667 [IPC Server handler 1 on 38425] INFO  volume.OMVolumeCreateRequest (OMVolumeCreateRequest.java:validateAndUpdateCache(193)) - created volume:testcontainerstatemachinefailures for user:jenkins1000
2019-10-22 04:02:59,702 [main] INFO  rpc.RpcClient (RpcClient.java:createBucket(411)) - Creating Bucket: testcontainerstatemachinefailures/testcontainerstatemachinefailures, with Versioning false and Storage Type set to DISK and Encryption set to false 
2019-10-22 04:03:00,093 [IPC Server handler 0 on 34292] INFO  server.SCMBlockProtocolServer (SCMBlockProtocolServer.java:allocateBlock(179)) - Allocating 1 blocks of size 4194304, with ExcludeList {datanodes = [], containerIds = [], pipelineIds = []}
2019-10-22 04:03:00,214 [main] INFO  impl.MetricsSystemImpl (MetricsSystemImpl.java:init(158)) - XceiverClientMetrics metrics system started (again)
2019-10-22 04:03:00,972 [Thread-181] INFO  container.ReplicationManager (ReplicationManager.java:start(162)) - Starting Replication Monitor Thread.
2019-10-22 04:03:00,987 [ReplicationMonitor] INFO  container.ReplicationManager (ReplicationManager.java:run(225)) - Replication Monitor Thread took 12 milliseconds for processing 1 containers.
2019-10-22 04:03:03,769 [Thread-186] INFO  impl.FollowerState (FollowerState.java:run(111)) - 38001277-610a-4ad8-827c-4fb892f595e9@group-AF1AEF50831D-FollowerState: change to CANDIDATE, lastRpcTime:5163ms, electionTimeout:5162ms
2019-10-22 04:03:03,770 [Thread-186] INFO  impl.RoleInfo (RoleInfo.java:shutdownFollowerState(121)) - 38001277-610a-4ad8-827c-4fb892f595e9: shutdown FollowerState
2019-10-22 04:03:03,770 [Thread-186] INFO  impl.RaftServerImpl (RaftServerImpl.java:setRole(173)) - 38001277-610a-4ad8-827c-4fb892f595e9@group-AF1AEF50831D: changes role from  FOLLOWER to CANDIDATE at term 0 for changeToCandidate
2019-10-22 04:03:03,776 [Thread-186] INFO  impl.RoleInfo (RoleInfo.java:updateAndGet(143)) - 38001277-610a-4ad8-827c-4fb892f595e9: start LeaderElection
2019-10-22 04:03:03,790 [38001277-610a-4ad8-827c-4fb892f595e9@group-AF1AEF50831D-LeaderElection1] INFO  impl.LeaderElection (LeaderElection.java:askForVotes(178)) - 38001277-610a-4ad8-827c-4fb892f595e9@group-AF1AEF50831D-LeaderElection1: begin an election at term 1 for -1: [38001277-610a-4ad8-827c-4fb892f595e9:192.168.69.98:40079], old=null
2019-10-22 04:03:03,794 [38001277-610a-4ad8-827c-4fb892f595e9@group-AF1AEF50831D-LeaderElection1] INFO  impl.RoleInfo (RoleInfo.java:shutdownLeaderElection(134)) - 38001277-610a-4ad8-827c-4fb892f595e9: shutdown LeaderElection
2019-10-22 04:03:03,795 [38001277-610a-4ad8-827c-4fb892f595e9@group-AF1AEF50831D-LeaderElection1] INFO  impl.RaftServerImpl (RaftServerImpl.java:setRole(173)) - 38001277-610a-4ad8-827c-4fb892f595e9@group-AF1AEF50831D: changes role from CANDIDATE to LEADER at term 1 for changeToLeader
2019-10-22 04:03:03,795 [38001277-610a-4ad8-827c-4fb892f595e9@group-AF1AEF50831D-LeaderElection1] INFO  impl.RaftServerImpl (ServerState.java:setLeader(255)) - 38001277-610a-4ad8-827c-4fb892f595e9@group-AF1AEF50831D: change Leader from null to 38001277-610a-4ad8-827c-4fb892f595e9 at term 1 for becomeLeader, leader elected after 5261ms
2019-10-22 04:03:03,802 [38001277-610a-4ad8-827c-4fb892f595e9@group-AF1AEF50831D-LeaderElection1] INFO  server.RaftServerConfigKeys (ConfUtils.java:logGet(43)) - raft.server.staging.catchup.gap = 1000 (default)
2019-10-22 04:03:03,802 [38001277-610a-4ad8-827c-4fb892f595e9@group-AF1AEF50831D-LeaderElection1] INFO  server.RaftServerConfigKeys (ConfUtils.java:logGet(43)) - raft.server.rpc.sleep.time = 25ms (default)
2019-10-22 04:03:03,807 [38001277-610a-4ad8-827c-4fb892f595e9@group-AF1AEF50831D-LeaderElection1] INFO  server.RaftServerConfigKeys (ConfUtils.java:logGet(43)) - raft.server.write.element-limit = 4096 (default)
2019-10-22 04:03:03,813 [38001277-610a-4ad8-827c-4fb892f595e9@group-AF1AEF50831D-LeaderElection1] INFO  server.RaftServerConfigKeys (ConfUtils.java:logGet(43)) - raft.server.watch.timeout = 10s (default)
2019-10-22 04:03:03,814 [38001277-610a-4ad8-827c-4fb892f595e9@group-AF1AEF50831D-LeaderElection1] INFO  server.RaftServerConfigKeys (ConfUtils.java:logGet(43)) - raft.server.watch.timeout.denomination = 1s (default)
2019-10-22 04:03:03,815 [38001277-610a-4ad8-827c-4fb892f595e9@group-AF1AEF50831D-LeaderElection1] INFO  server.RaftServerConfigKeys (ConfUtils.java:logGet(43)) - raft.server.watch.element-limit = 65536 (default)
2019-10-22 04:03:03,824 [38001277-610a-4ad8-827c-4fb892f595e9@group-AF1AEF50831D-LeaderElection1] INFO  impl.RoleInfo (RoleInfo.java:updateAndGet(143)) - 38001277-610a-4ad8-827c-4fb892f595e9: start LeaderState
2019-10-22 04:03:03,847 [38001277-610a-4ad8-827c-4fb892f595e9@group-AF1AEF50831D-LeaderElection1] INFO  segmented.SegmentedRaftLogWorker (SegmentedRaftLogWorker.java:startLogSegment(385)) - 38001277-610a-4ad8-827c-4fb892f595e9@group-AF1AEF50831D-SegmentedRaftLogWorker: Starting segment from index:0
2019-10-22 04:03:03,857 [38001277-610a-4ad8-827c-4fb892f595e9@group-AF1AEF50831D-LeaderElection1] INFO  impl.RaftServerImpl (ServerState.java:setRaftConf(356)) - 38001277-610a-4ad8-827c-4fb892f595e9@group-AF1AEF50831D: set configuration 0: [38001277-610a-4ad8-827c-4fb892f595e9:192.168.69.98:40079], old=null at 0
2019-10-22 04:03:03,933 [Thread-189] INFO  impl.FollowerState (FollowerState.java:run(111)) - 461aecd4-5005-4e8b-8510-a2b0fc408338@group-A4474630C703-FollowerState: change to CANDIDATE, lastRpcTime:5183ms, electionTimeout:5182ms
2019-10-22 04:03:03,934 [Thread-189] INFO  impl.RoleInfo (RoleInfo.java:shutdownFollowerState(121)) - 461aecd4-5005-4e8b-8510-a2b0fc408338: shutdown FollowerState
2019-10-22 04:03:03,935 [Thread-189] INFO  impl.RaftServerImpl (RaftServerImpl.java:setRole(173)) - 461aecd4-5005-4e8b-8510-a2b0fc408338@group-A4474630C703: changes role from  FOLLOWER to CANDIDATE at term 0 for changeToCandidate
2019-10-22 04:03:03,935 [Thread-189] INFO  impl.RoleInfo (RoleInfo.java:updateAndGet(143)) - 461aecd4-5005-4e8b-8510-a2b0fc408338: start LeaderElection
2019-10-22 04:03:03,950 [461aecd4-5005-4e8b-8510-a2b0fc408338@group-A4474630C703-LeaderElection2] INFO  impl.LeaderElection (LeaderElection.java:askForVotes(178)) - 461aecd4-5005-4e8b-8510-a2b0fc408338@group-A4474630C703-LeaderElection2: begin an election at term 1 for -1: [461aecd4-5005-4e8b-8510-a2b0fc408338:192.168.69.98:41544], old=null
2019-10-22 04:03:03,953 [461aecd4-5005-4e8b-8510-a2b0fc408338@group-A4474630C703-LeaderElection2] INFO  impl.RoleInfo (RoleInfo.java:shutdownLeaderElection(134)) - 461aecd4-5005-4e8b-8510-a2b0fc408338: shutdown LeaderElection
2019-10-22 04:03:03,954 [461aecd4-5005-4e8b-8510-a2b0fc408338@group-A4474630C703-LeaderElection2] INFO  impl.RaftServerImpl (RaftServerImpl.java:setRole(173)) - 461aecd4-5005-4e8b-8510-a2b0fc408338@group-A4474630C703: changes role from CANDIDATE to LEADER at term 1 for changeToLeader
2019-10-22 04:03:03,954 [Thread-196] INFO  impl.FollowerState (FollowerState.java:run(111)) - 461aecd4-5005-4e8b-8510-a2b0fc408338@group-7A5790695FD8-FollowerState: change to CANDIDATE, lastRpcTime:5049ms, electionTimeout:5049ms
2019-10-22 04:03:03,954 [461aecd4-5005-4e8b-8510-a2b0fc408338@group-A4474630C703-LeaderElection2] INFO  impl.RaftServerImpl (ServerState.java:setLeader(255)) - 461aecd4-5005-4e8b-8510-a2b0fc408338@group-A4474630C703: change Leader from null to 461aecd4-5005-4e8b-8510-a2b0fc408338 at term 1 for becomeLeader, leader elected after 5211ms
2019-10-22 04:03:03,954 [Thread-196] INFO  impl.RoleInfo (RoleInfo.java:shutdownFollowerState(121)) - 461aecd4-5005-4e8b-8510-a2b0fc408338: shutdown FollowerState
2019-10-22 04:03:03,954 [461aecd4-5005-4e8b-8510-a2b0fc408338@group-A4474630C703-LeaderElection2] INFO  server.RaftServerConfigKeys (ConfUtils.java:logGet(43)) - raft.server.staging.catchup.gap = 1000 (default)
2019-10-22 04:03:03,954 [Thread-196] INFO  impl.RaftServerImpl (RaftServerImpl.java:setRole(173)) - 461aecd4-5005-4e8b-8510-a2b0fc408338@group-7A5790695FD8: changes role from  FOLLOWER to CANDIDATE at term 0 for changeToCandidate
2019-10-22 04:03:03,954 [461aecd4-5005-4e8b-8510-a2b0fc408338@group-A4474630C703-LeaderElection2] INFO  server.RaftServerConfigKeys (ConfUtils.java:logGet(43)) - raft.server.rpc.sleep.time = 25ms (default)
2019-10-22 04:03:03,955 [Thread-196] INFO  impl.RoleInfo (RoleInfo.java:updateAndGet(143)) - 461aecd4-5005-4e8b-8510-a2b0fc408338: start LeaderElection
2019-10-22 04:03:03,955 [461aecd4-5005-4e8b-8510-a2b0fc408338@group-A4474630C703-LeaderElection2] INFO  server.RaftServerConfigKeys (ConfUtils.java:logGet(43)) - raft.server.write.element-limit = 4096 (default)
2019-10-22 04:03:03,955 [461aecd4-5005-4e8b-8510-a2b0fc408338@group-A4474630C703-LeaderElection2] INFO  server.RaftServerConfigKeys (ConfUtils.java:logGet(43)) - raft.server.watch.timeout = 10s (default)
2019-10-22 04:03:03,957 [461aecd4-5005-4e8b-8510-a2b0fc408338@group-A4474630C703-LeaderElection2] INFO  server.RaftServerConfigKeys (ConfUtils.java:logGet(43)) - raft.server.watch.timeout.denomination = 1s (default)
2019-10-22 04:03:03,957 [461aecd4-5005-4e8b-8510-a2b0fc408338@group-A4474630C703-LeaderElection2] INFO  server.RaftServerConfigKeys (ConfUtils.java:logGet(43)) - raft.server.watch.element-limit = 65536 (default)
2019-10-22 04:03:03,958 [461aecd4-5005-4e8b-8510-a2b0fc408338@group-A4474630C703-LeaderElection2] INFO  impl.RoleInfo (RoleInfo.java:updateAndGet(143)) - 461aecd4-5005-4e8b-8510-a2b0fc408338: start LeaderState
2019-10-22 04:03:03,958 [461aecd4-5005-4e8b-8510-a2b0fc408338@group-A4474630C703-LeaderElection2] INFO  segmented.SegmentedRaftLogWorker (SegmentedRaftLogWorker.java:startLogSegment(385)) - 461aecd4-5005-4e8b-8510-a2b0fc408338@group-A4474630C703-SegmentedRaftLogWorker: Starting segment from index:0
2019-10-22 04:03:03,959 [461aecd4-5005-4e8b-8510-a2b0fc408338@group-A4474630C703-LeaderElection2] INFO  impl.RaftServerImpl (ServerState.java:setRaftConf(356)) - 461aecd4-5005-4e8b-8510-a2b0fc408338@group-A4474630C703: set configuration 0: [461aecd4-5005-4e8b-8510-a2b0fc408338:192.168.69.98:41544], old=null at 0
2019-10-22 04:03:03,971 [461aecd4-5005-4e8b-8510-a2b0fc408338@group-7A5790695FD8-LeaderElection3] INFO  impl.LeaderElection (LeaderElection.java:askForVotes(178)) - 461aecd4-5005-4e8b-8510-a2b0fc408338@group-7A5790695FD8-LeaderElection3: begin an election at term 1 for -1: [517ee13d-f3a9-4e94-8f9c-24462d11aaf8:192.168.69.98:44514, 461aecd4-5005-4e8b-8510-a2b0fc408338:192.168.69.98:41544, 38001277-610a-4ad8-827c-4fb892f595e9:192.168.69.98:40079], old=null
2019-10-22 04:03:03,996 [grpc-default-executor-1] INFO  impl.RaftServerImpl (RaftServerImpl.java:setRole(173)) - 517ee13d-f3a9-4e94-8f9c-24462d11aaf8@group-7A5790695FD8: changes role from  FOLLOWER to FOLLOWER at term 1 for recognizeCandidate:461aecd4-5005-4e8b-8510-a2b0fc408338
2019-10-22 04:03:03,996 [grpc-default-executor-2] INFO  impl.RaftServerImpl (RaftServerImpl.java:setRole(173)) - 38001277-610a-4ad8-827c-4fb892f595e9@group-7A5790695FD8: changes role from  FOLLOWER to FOLLOWER at term 1 for recognizeCandidate:461aecd4-5005-4e8b-8510-a2b0fc408338
2019-10-22 04:03:03,996 [grpc-default-executor-1] INFO  impl.RoleInfo (RoleInfo.java:shutdownFollowerState(121)) - 517ee13d-f3a9-4e94-8f9c-24462d11aaf8: shutdown FollowerState
2019-10-22 04:03:03,997 [grpc-default-executor-2] INFO  impl.RoleInfo (RoleInfo.java:shutdownFollowerState(121)) - 38001277-610a-4ad8-827c-4fb892f595e9: shutdown FollowerState
2019-10-22 04:03:03,997 [grpc-default-executor-1] INFO  impl.RoleInfo (RoleInfo.java:updateAndGet(143)) - 517ee13d-f3a9-4e94-8f9c-24462d11aaf8: start FollowerState
2019-10-22 04:03:03,997 [grpc-default-executor-2] INFO  impl.RoleInfo (RoleInfo.java:updateAndGet(143)) - 38001277-610a-4ad8-827c-4fb892f595e9: start FollowerState
2019-10-22 04:03:03,997 [Thread-198] INFO  impl.FollowerState (FollowerState.java:run(120)) - 38001277-610a-4ad8-827c-4fb892f595e9@group-7A5790695FD8-FollowerState was interrupted: java.lang.InterruptedException: sleep interrupted
2019-10-22 04:03:03,997 [Thread-200] INFO  impl.FollowerState (FollowerState.java:run(120)) - 517ee13d-f3a9-4e94-8f9c-24462d11aaf8@group-7A5790695FD8-FollowerState was interrupted: java.lang.InterruptedException: sleep interrupted
2019-10-22 04:03:04,005 [Thread-192] INFO  impl.FollowerState (FollowerState.java:run(111)) - 517ee13d-f3a9-4e94-8f9c-24462d11aaf8@group-2B6030C5EC28-FollowerState: change to CANDIDATE, lastRpcTime:5183ms, electionTimeout:5183ms
2019-10-22 04:03:04,005 [Thread-192] INFO  impl.RoleInfo (RoleInfo.java:shutdownFollowerState(121)) - 517ee13d-f3a9-4e94-8f9c-24462d11aaf8: shutdown FollowerState
2019-10-22 04:03:04,005 [Thread-192] INFO  impl.RaftServerImpl (RaftServerImpl.java:setRole(173)) - 517ee13d-f3a9-4e94-8f9c-24462d11aaf8@group-2B6030C5EC28: changes role from  FOLLOWER to CANDIDATE at term 0 for changeToCandidate
2019-10-22 04:03:04,005 [Thread-192] INFO  impl.RoleInfo (RoleInfo.java:updateAndGet(143)) - 517ee13d-f3a9-4e94-8f9c-24462d11aaf8: start LeaderElection
2019-10-22 04:03:04,015 [517ee13d-f3a9-4e94-8f9c-24462d11aaf8@group-2B6030C5EC28-LeaderElection4] INFO  impl.LeaderElection (LeaderElection.java:askForVotes(178)) - 517ee13d-f3a9-4e94-8f9c-24462d11aaf8@group-2B6030C5EC28-LeaderElection4: begin an election at term 1 for -1: [517ee13d-f3a9-4e94-8f9c-24462d11aaf8:192.168.69.98:44514], old=null
2019-10-22 04:03:04,016 [517ee13d-f3a9-4e94-8f9c-24462d11aaf8@group-2B6030C5EC28-LeaderElection4] INFO  impl.RoleInfo (RoleInfo.java:shutdownLeaderElection(134)) - 517ee13d-f3a9-4e94-8f9c-24462d11aaf8: shutdown LeaderElection
2019-10-22 04:03:04,016 [517ee13d-f3a9-4e94-8f9c-24462d11aaf8@group-2B6030C5EC28-LeaderElection4] INFO  impl.RaftServerImpl (RaftServerImpl.java:setRole(173)) - 517ee13d-f3a9-4e94-8f9c-24462d11aaf8@group-2B6030C5EC28: changes role from CANDIDATE to LEADER at term 1 for changeToLeader
2019-10-22 04:03:04,016 [517ee13d-f3a9-4e94-8f9c-24462d11aaf8@group-2B6030C5EC28-LeaderElection4] INFO  impl.RaftServerImpl (ServerState.java:setLeader(255)) - 517ee13d-f3a9-4e94-8f9c-24462d11aaf8@group-2B6030C5EC28: change Leader from null to 517ee13d-f3a9-4e94-8f9c-24462d11aaf8 at term 1 for becomeLeader, leader elected after 5201ms
2019-10-22 04:03:04,016 [517ee13d-f3a9-4e94-8f9c-24462d11aaf8@group-2B6030C5EC28-LeaderElection4] INFO  server.RaftServerConfigKeys (ConfUtils.java:logGet(43)) - raft.server.staging.catchup.gap = 1000 (default)
2019-10-22 04:03:04,016 [517ee13d-f3a9-4e94-8f9c-24462d11aaf8@group-2B6030C5EC28-LeaderElection4] INFO  server.RaftServerConfigKeys (ConfUtils.java:logGet(43)) - raft.server.rpc.sleep.time = 25ms (default)
2019-10-22 04:03:04,016 [517ee13d-f3a9-4e94-8f9c-24462d11aaf8@group-2B6030C5EC28-LeaderElection4] INFO  server.RaftServerConfigKeys (ConfUtils.java:logGet(43)) - raft.server.write.element-limit = 4096 (default)
2019-10-22 04:03:04,016 [517ee13d-f3a9-4e94-8f9c-24462d11aaf8@group-2B6030C5EC28-LeaderElection4] INFO  server.RaftServerConfigKeys (ConfUtils.java:logGet(43)) - raft.server.watch.timeout = 10s (default)
2019-10-22 04:03:04,016 [517ee13d-f3a9-4e94-8f9c-24462d11aaf8@group-2B6030C5EC28-LeaderElection4] INFO  server.RaftServerConfigKeys (ConfUtils.java:logGet(43)) - raft.server.watch.timeout.denomination = 1s (default)
2019-10-22 04:03:04,017 [517ee13d-f3a9-4e94-8f9c-24462d11aaf8@group-2B6030C5EC28-LeaderElection4] INFO  server.RaftServerConfigKeys (ConfUtils.java:logGet(43)) - raft.server.watch.element-limit = 65536 (default)
2019-10-22 04:03:04,017 [517ee13d-f3a9-4e94-8f9c-24462d11aaf8@group-2B6030C5EC28-LeaderElection4] INFO  impl.RoleInfo (RoleInfo.java:updateAndGet(143)) - 517ee13d-f3a9-4e94-8f9c-24462d11aaf8: start LeaderState
2019-10-22 04:03:04,017 [517ee13d-f3a9-4e94-8f9c-24462d11aaf8@group-2B6030C5EC28-LeaderElection4] INFO  segmented.SegmentedRaftLogWorker (SegmentedRaftLogWorker.java:startLogSegment(385)) - 517ee13d-f3a9-4e94-8f9c-24462d11aaf8@group-2B6030C5EC28-SegmentedRaftLogWorker: Starting segment from index:0
2019-10-22 04:03:04,018 [517ee13d-f3a9-4e94-8f9c-24462d11aaf8@group-2B6030C5EC28-LeaderElection4] INFO  impl.RaftServerImpl (ServerState.java:setRaftConf(356)) - 517ee13d-f3a9-4e94-8f9c-24462d11aaf8@group-2B6030C5EC28: set configuration 0: [517ee13d-f3a9-4e94-8f9c-24462d11aaf8:192.168.69.98:44514], old=null at 0
2019-10-22 04:03:04,064 [461aecd4-5005-4e8b-8510-a2b0fc408338@group-7A5790695FD8-LeaderElection3] INFO  impl.LeaderElection (LeaderElection.java:logAndReturn(56)) - 461aecd4-5005-4e8b-8510-a2b0fc408338@group-7A5790695FD8-LeaderElection3: Election PASSED; received 1 response(s) [461aecd4-5005-4e8b-8510-a2b0fc408338<-517ee13d-f3a9-4e94-8f9c-24462d11aaf8#0:OK-t1] and 0 exception(s); 461aecd4-5005-4e8b-8510-a2b0fc408338@group-7A5790695FD8:t1, leader=null, voted=461aecd4-5005-4e8b-8510-a2b0fc408338, raftlog=461aecd4-5005-4e8b-8510-a2b0fc408338@group-7A5790695FD8-SegmentedRaftLog:OPENED:c-1,f-1,i0, conf=-1: [517ee13d-f3a9-4e94-8f9c-24462d11aaf8:192.168.69.98:44514, 461aecd4-5005-4e8b-8510-a2b0fc408338:192.168.69.98:41544, 38001277-610a-4ad8-827c-4fb892f595e9:192.168.69.98:40079], old=null
2019-10-22 04:03:04,064 [461aecd4-5005-4e8b-8510-a2b0fc408338@group-7A5790695FD8-LeaderElection3] INFO  impl.RoleInfo (RoleInfo.java:shutdownLeaderElection(134)) - 461aecd4-5005-4e8b-8510-a2b0fc408338: shutdown LeaderElection
2019-10-22 04:03:04,065 [461aecd4-5005-4e8b-8510-a2b0fc408338@group-7A5790695FD8-LeaderElection3] INFO  impl.RaftServerImpl (RaftServerImpl.java:setRole(173)) - 461aecd4-5005-4e8b-8510-a2b0fc408338@group-7A5790695FD8: changes role from CANDIDATE to LEADER at term 1 for changeToLeader
2019-10-22 04:03:04,066 [461aecd4-5005-4e8b-8510-a2b0fc408338@group-7A5790695FD8-LeaderElection3] INFO  impl.RaftServerImpl (ServerState.java:setLeader(255)) - 461aecd4-5005-4e8b-8510-a2b0fc408338@group-7A5790695FD8: change Leader from null to 461aecd4-5005-4e8b-8510-a2b0fc408338 at term 1 for becomeLeader, leader elected after 5170ms
2019-10-22 04:03:04,066 [461aecd4-5005-4e8b-8510-a2b0fc408338@group-7A5790695FD8-LeaderElection3] INFO  server.RaftServerConfigKeys (ConfUtils.java:logGet(43)) - raft.server.staging.catchup.gap = 1000 (default)
2019-10-22 04:03:04,066 [461aecd4-5005-4e8b-8510-a2b0fc408338@group-7A5790695FD8-LeaderElection3] INFO  server.RaftServerConfigKeys (ConfUtils.java:logGet(43)) - raft.server.rpc.sleep.time = 25ms (default)
2019-10-22 04:03:04,066 [461aecd4-5005-4e8b-8510-a2b0fc408338@group-7A5790695FD8-LeaderElection3] INFO  server.RaftServerConfigKeys (ConfUtils.java:logGet(43)) - raft.server.write.element-limit = 4096 (default)
2019-10-22 04:03:04,067 [461aecd4-5005-4e8b-8510-a2b0fc408338@group-7A5790695FD8-LeaderElection3] INFO  server.RaftServerConfigKeys (ConfUtils.java:logGet(43)) - raft.server.watch.timeout = 10s (default)
2019-10-22 04:03:04,067 [461aecd4-5005-4e8b-8510-a2b0fc408338@group-7A5790695FD8-LeaderElection3] INFO  server.RaftServerConfigKeys (ConfUtils.java:logGet(43)) - raft.server.watch.timeout.denomination = 1s (default)
2019-10-22 04:03:04,067 [461aecd4-5005-4e8b-8510-a2b0fc408338@group-7A5790695FD8-LeaderElection3] INFO  server.RaftServerConfigKeys (ConfUtils.java:logGet(43)) - raft.server.watch.element-limit = 65536 (default)
2019-10-22 04:03:04,071 [461aecd4-5005-4e8b-8510-a2b0fc408338@group-7A5790695FD8-LeaderElection3] INFO  server.RaftServerConfigKeys (ConfUtils.java:logGet(43)) - raft.server.log.appender.snapshot.chunk.size.max = 16MB (=16777216) (default)
2019-10-22 04:03:04,071 [461aecd4-5005-4e8b-8510-a2b0fc408338@group-7A5790695FD8-LeaderElection3] INFO  server.RaftServerConfigKeys (ConfUtils.java:logGet(43)) - raft.server.log.appender.buffer.byte-limit = 33554432 (custom)
2019-10-22 04:03:04,072 [461aecd4-5005-4e8b-8510-a2b0fc408338@group-7A5790695FD8-LeaderElection3] INFO  server.RaftServerConfigKeys (ConfUtils.java:logGet(43)) - raft.server.log.appender.buffer.element-limit = 1 (custom)
2019-10-22 04:03:04,073 [38001277-610a-4ad8-827c-4fb892f595e9@group-AF1AEF50831D-SegmentedRaftLogWorker] INFO  segmented.SegmentedRaftLogWorker (SegmentedRaftLogWorker.java:execute(576)) - 38001277-610a-4ad8-827c-4fb892f595e9@group-AF1AEF50831D-SegmentedRaftLogWorker: created new log segment /workdir/hadoop-ozone/integration-test/target/test-dir/MiniOzoneClusterImpl-0034b704-fef7-4bee-834c-071f1b1ecffb/datanode-0/data/ratis/9cfd6c7d-d425-41a7-8721-af1aef50831d/current/log_inprogress_0
2019-10-22 04:03:04,073 [461aecd4-5005-4e8b-8510-a2b0fc408338@group-A4474630C703-SegmentedRaftLogWorker] INFO  segmented.SegmentedRaftLogWorker (SegmentedRaftLogWorker.java:execute(576)) - 461aecd4-5005-4e8b-8510-a2b0fc408338@group-A4474630C703-SegmentedRaftLogWorker: created new log segment /workdir/hadoop-ozone/integration-test/target/test-dir/MiniOzoneClusterImpl-0034b704-fef7-4bee-834c-071f1b1ecffb/datanode-2/data/ratis/396c74fb-eccd-4a51-93cf-a4474630c703/current/log_inprogress_0
2019-10-22 04:03:04,073 [517ee13d-f3a9-4e94-8f9c-24462d11aaf8@group-2B6030C5EC28-SegmentedRaftLogWorker] INFO  segmented.SegmentedRaftLogWorker (SegmentedRaftLogWorker.java:execute(576)) - 517ee13d-f3a9-4e94-8f9c-24462d11aaf8@group-2B6030C5EC28-SegmentedRaftLogWorker: created new log segment /workdir/hadoop-ozone/integration-test/target/test-dir/MiniOzoneClusterImpl-0034b704-fef7-4bee-834c-071f1b1ecffb/datanode-1/data/ratis/320f392d-ce52-4c17-913e-2b6030c5ec28/current/log_inprogress_0
2019-10-22 04:03:04,078 [461aecd4-5005-4e8b-8510-a2b0fc408338@group-7A5790695FD8-LeaderElection3] INFO  grpc.GrpcConfigKeys$Server (ConfUtils.java:logGet(43)) - raft.grpc.server.leader.outstanding.appends.max = 128 (default)
2019-10-22 04:03:04,078 [461aecd4-5005-4e8b-8510-a2b0fc408338@group-7A5790695FD8-LeaderElection3] INFO  server.RaftServerConfigKeys (ConfUtils.java:logGet(43)) - raft.server.rpc.request.timeout = 3000ms (default)
2019-10-22 04:03:04,078 [461aecd4-5005-4e8b-8510-a2b0fc408338@group-7A5790695FD8-LeaderElection3] INFO  server.RaftServerConfigKeys (ConfUtils.java:logGet(43)) - raft.server.log.appender.install.snapshot.enabled = false (custom)
2019-10-22 04:03:04,080 [461aecd4-5005-4e8b-8510-a2b0fc408338@group-7A5790695FD8-LeaderElection3] WARN  impl.MetricRegistriesImpl (MetricRegistriesImpl.java:lambda$create$1(61)) - First MetricRegistry has been created without registering reporters. You may need to call MetricRegistries.global().addReportRegistration(...) before.
2019-10-22 04:03:04,081 [461aecd4-5005-4e8b-8510-a2b0fc408338@group-7A5790695FD8-LeaderElection3] INFO  server.RaftServerConfigKeys (ConfUtils.java:logGet(43)) - raft.server.log.appender.snapshot.chunk.size.max = 16MB (=16777216) (default)
2019-10-22 04:03:04,081 [461aecd4-5005-4e8b-8510-a2b0fc408338@group-7A5790695FD8-LeaderElection3] INFO  server.RaftServerConfigKeys (ConfUtils.java:logGet(43)) - raft.server.log.appender.buffer.byte-limit = 33554432 (custom)
2019-10-22 04:03:04,081 [461aecd4-5005-4e8b-8510-a2b0fc408338@group-7A5790695FD8-LeaderElection3] INFO  server.RaftServerConfigKeys (ConfUtils.java:logGet(43)) - raft.server.log.appender.buffer.element-limit = 1 (custom)
2019-10-22 04:03:04,082 [461aecd4-5005-4e8b-8510-a2b0fc408338@group-7A5790695FD8-LeaderElection3] INFO  grpc.GrpcConfigKeys$Server (ConfUtils.java:logGet(43)) - raft.grpc.server.leader.outstanding.appends.max = 128 (default)
2019-10-22 04:03:04,082 [461aecd4-5005-4e8b-8510-a2b0fc408338@group-7A5790695FD8-LeaderElection3] INFO  server.RaftServerConfigKeys (ConfUtils.java:logGet(43)) - raft.server.rpc.request.timeout = 3000ms (default)
2019-10-22 04:03:04,082 [461aecd4-5005-4e8b-8510-a2b0fc408338@group-7A5790695FD8-LeaderElection3] INFO  server.RaftServerConfigKeys (ConfUtils.java:logGet(43)) - raft.server.log.appender.install.snapshot.enabled = false (custom)
2019-10-22 04:03:04,083 [461aecd4-5005-4e8b-8510-a2b0fc408338@group-7A5790695FD8-LeaderElection3] INFO  impl.RoleInfo (RoleInfo.java:updateAndGet(143)) - 461aecd4-5005-4e8b-8510-a2b0fc408338: start LeaderState
2019-10-22 04:03:04,084 [461aecd4-5005-4e8b-8510-a2b0fc408338@group-7A5790695FD8-LeaderElection3] INFO  segmented.SegmentedRaftLogWorker (SegmentedRaftLogWorker.java:startLogSegment(385)) - 461aecd4-5005-4e8b-8510-a2b0fc408338@group-7A5790695FD8-SegmentedRaftLogWorker: Starting segment from index:0
2019-10-22 04:03:04,085 [461aecd4-5005-4e8b-8510-a2b0fc408338@group-7A5790695FD8-LeaderElection3] INFO  impl.RaftServerImpl (ServerState.java:setRaftConf(356)) - 461aecd4-5005-4e8b-8510-a2b0fc408338@group-7A5790695FD8: set configuration 0: [517ee13d-f3a9-4e94-8f9c-24462d11aaf8:192.168.69.98:44514, 461aecd4-5005-4e8b-8510-a2b0fc408338:192.168.69.98:41544, 38001277-610a-4ad8-827c-4fb892f595e9:192.168.69.98:40079], old=null at 0
2019-10-22 04:03:04,126 [461aecd4-5005-4e8b-8510-a2b0fc408338@group-7A5790695FD8-SegmentedRaftLogWorker] INFO  segmented.SegmentedRaftLogWorker (SegmentedRaftLogWorker.java:execute(576)) - 461aecd4-5005-4e8b-8510-a2b0fc408338@group-7A5790695FD8-SegmentedRaftLogWorker: created new log segment /workdir/hadoop-ozone/integration-test/target/test-dir/MiniOzoneClusterImpl-0034b704-fef7-4bee-834c-071f1b1ecffb/datanode-2/data/ratis/e8ed9056-394a-4d1f-b72e-7a5790695fd8/current/log_inprogress_0
2019-10-22 04:03:04,139 [grpc-default-executor-2] INFO  impl.RaftServerImpl (ServerState.java:setLeader(255)) - 517ee13d-f3a9-4e94-8f9c-24462d11aaf8@group-7A5790695FD8: change Leader from null to 461aecd4-5005-4e8b-8510-a2b0fc408338 at term 1 for appendEntries, leader elected after 5244ms
2019-10-22 04:03:04,139 [grpc-default-executor-1] INFO  impl.RaftServerImpl (ServerState.java:setLeader(255)) - 38001277-610a-4ad8-827c-4fb892f595e9@group-7A5790695FD8: change Leader from null to 461aecd4-5005-4e8b-8510-a2b0fc408338 at term 1 for appendEntries, leader elected after 5244ms
2019-10-22 04:03:04,174 [grpc-default-executor-1] INFO  impl.RaftServerImpl (ServerState.java:setRaftConf(356)) - 517ee13d-f3a9-4e94-8f9c-24462d11aaf8@group-7A5790695FD8: set configuration 0: [517ee13d-f3a9-4e94-8f9c-24462d11aaf8:192.168.69.98:44514, 461aecd4-5005-4e8b-8510-a2b0fc408338:192.168.69.98:41544, 38001277-610a-4ad8-827c-4fb892f595e9:192.168.69.98:40079], old=null at 0
2019-10-22 04:03:04,174 [grpc-default-executor-2] INFO  impl.RaftServerImpl (ServerState.java:setRaftConf(356)) - 38001277-610a-4ad8-827c-4fb892f595e9@group-7A5790695FD8: set configuration 0: [517ee13d-f3a9-4e94-8f9c-24462d11aaf8:192.168.69.98:44514, 461aecd4-5005-4e8b-8510-a2b0fc408338:192.168.69.98:41544, 38001277-610a-4ad8-827c-4fb892f595e9:192.168.69.98:40079], old=null at 0
2019-10-22 04:03:04,175 [grpc-default-executor-1] INFO  segmented.SegmentedRaftLogWorker (SegmentedRaftLogWorker.java:startLogSegment(385)) - 517ee13d-f3a9-4e94-8f9c-24462d11aaf8@group-7A5790695FD8-SegmentedRaftLogWorker: Starting segment from index:0
2019-10-22 04:03:04,175 [grpc-default-executor-2] INFO  segmented.SegmentedRaftLogWorker (SegmentedRaftLogWorker.java:startLogSegment(385)) - 38001277-610a-4ad8-827c-4fb892f595e9@group-7A5790695FD8-SegmentedRaftLogWorker: Starting segment from index:0
2019-10-22 04:03:04,215 [38001277-610a-4ad8-827c-4fb892f595e9@group-7A5790695FD8-SegmentedRaftLogWorker] INFO  segmented.SegmentedRaftLogWorker (SegmentedRaftLogWorker.java:execute(576)) - 38001277-610a-4ad8-827c-4fb892f595e9@group-7A5790695FD8-SegmentedRaftLogWorker: created new log segment /workdir/hadoop-ozone/integration-test/target/test-dir/MiniOzoneClusterImpl-0034b704-fef7-4bee-834c-071f1b1ecffb/datanode-0/data/ratis/e8ed9056-394a-4d1f-b72e-7a5790695fd8/current/log_inprogress_0
2019-10-22 04:03:04,215 [517ee13d-f3a9-4e94-8f9c-24462d11aaf8@group-7A5790695FD8-SegmentedRaftLogWorker] INFO  segmented.SegmentedRaftLogWorker (SegmentedRaftLogWorker.java:execute(576)) - 517ee13d-f3a9-4e94-8f9c-24462d11aaf8@group-7A5790695FD8-SegmentedRaftLogWorker: created new log segment /workdir/hadoop-ozone/integration-test/target/test-dir/MiniOzoneClusterImpl-0034b704-fef7-4bee-834c-071f1b1ecffb/datanode-1/data/ratis/e8ed9056-394a-4d1f-b72e-7a5790695fd8/current/log_inprogress_0
2019-10-22 04:03:04,781 [Datanode State Machine Thread - 0] INFO  statemachine.DatanodeStateMachine (DatanodeStateMachine.java:lambda$startDaemon$0(350)) - Ozone container server started.
2019-10-22 04:03:09,760 [main] INFO  ozoneimpl.OzoneContainer (OzoneContainer.java:stop(227)) - Attempting to stop container services.
2019-10-22 04:03:09,761 [main] INFO  impl.RaftServerProxy (RaftServerProxy.java:lambda$close$4(314)) - 517ee13d-f3a9-4e94-8f9c-24462d11aaf8: close
2019-10-22 04:03:09,763 [main] INFO  impl.RaftServerImpl (RaftServerImpl.java:lambda$shutdown$3(250)) - 517ee13d-f3a9-4e94-8f9c-24462d11aaf8@group-2B6030C5EC28: shutdown
2019-10-22 04:03:09,764 [main] INFO  util.JmxRegister (JmxRegister.java:unregister(73)) - Successfully un-registered JMX Bean with object name Ratis:service=RaftServer,group=group-2B6030C5EC28,id=517ee13d-f3a9-4e94-8f9c-24462d11aaf8
2019-10-22 04:03:09,764 [main] INFO  impl.RoleInfo (RoleInfo.java:shutdownLeaderState(104)) - 517ee13d-f3a9-4e94-8f9c-24462d11aaf8: shutdown LeaderState
2019-10-22 04:03:09,765 [main] INFO  impl.PendingRequests (PendingRequests.java:sendNotLeaderResponses(206)) - 517ee13d-f3a9-4e94-8f9c-24462d11aaf8@group-2B6030C5EC28-PendingRequests: sendNotLeaderResponses
2019-10-22 04:03:09,766 [main] INFO  impl.StateMachineUpdater (StateMachineUpdater.java:stopAndJoin(136)) - 517ee13d-f3a9-4e94-8f9c-24462d11aaf8@group-2B6030C5EC28-StateMachineUpdater: set stopIndex = 0
2019-10-22 04:03:09,769 [main] INFO  impl.RaftServerImpl (ServerState.java:close(387)) - 517ee13d-f3a9-4e94-8f9c-24462d11aaf8@group-2B6030C5EC28: closes. applyIndex: 0
2019-10-22 04:03:09,771 [517ee13d-f3a9-4e94-8f9c-24462d11aaf8@group-2B6030C5EC28-SegmentedRaftLogWorker] INFO  segmented.SegmentedRaftLogWorker (SegmentedRaftLogWorker.java:run(316)) - 517ee13d-f3a9-4e94-8f9c-24462d11aaf8@group-2B6030C5EC28-SegmentedRaftLogWorker was interrupted, exiting. There are 0 tasks remaining in the queue.
2019-10-22 04:03:09,773 [main] INFO  segmented.SegmentedRaftLogWorker (SegmentedRaftLogWorker.java:close(224)) - 517ee13d-f3a9-4e94-8f9c-24462d11aaf8@group-2B6030C5EC28-SegmentedRaftLogWorker close()
2019-10-22 04:03:09,775 [main] INFO  impl.RaftServerImpl (RaftServerImpl.java:lambda$shutdown$3(250)) - 517ee13d-f3a9-4e94-8f9c-24462d11aaf8@group-7A5790695FD8: shutdown
2019-10-22 04:03:09,775 [main] INFO  util.JmxRegister (JmxRegister.java:unregister(73)) - Successfully un-registered JMX Bean with object name Ratis:service=RaftServer,group=group-7A5790695FD8,id=517ee13d-f3a9-4e94-8f9c-24462d11aaf8
2019-10-22 04:03:09,776 [main] INFO  impl.RoleInfo (RoleInfo.java:shutdownFollowerState(121)) - 517ee13d-f3a9-4e94-8f9c-24462d11aaf8: shutdown FollowerState
2019-10-22 04:03:09,776 [main] INFO  impl.StateMachineUpdater (StateMachineUpdater.java:stopAndJoin(136)) - 517ee13d-f3a9-4e94-8f9c-24462d11aaf8@group-7A5790695FD8-StateMachineUpdater: set stopIndex = 4
2019-10-22 04:03:09,776 [517ee13d-f3a9-4e94-8f9c-24462d11aaf8@group-7A5790695FD8-StateMachineUpdater] INFO  ratis.ContainerStateMachine (ContainerStateMachine.java:takeSnapshot(294)) - group-7A5790695FD8: Taking a snapshot at:(t:1, i:3) file /workdir/hadoop-ozone/integration-test/target/test-dir/MiniOzoneClusterImpl-0034b704-fef7-4bee-834c-071f1b1ecffb/datanode-1/data/ratis/e8ed9056-394a-4d1f-b72e-7a5790695fd8/sm/snapshot.1_3
2019-10-22 04:03:09,776 [Thread-238] INFO  impl.FollowerState (FollowerState.java:run(120)) - 517ee13d-f3a9-4e94-8f9c-24462d11aaf8@group-7A5790695FD8-FollowerState was interrupted: java.lang.InterruptedException: sleep interrupted
2019-10-22 04:03:09,885 [517ee13d-f3a9-4e94-8f9c-24462d11aaf8@group-7A5790695FD8-StateMachineUpdater] INFO  ratis.ContainerStateMachine (ContainerStateMachine.java:takeSnapshot(305)) - group-7A5790695FD8: Finished taking a snapshot at:(t:1, i:3) file:/workdir/hadoop-ozone/integration-test/target/test-dir/MiniOzoneClusterImpl-0034b704-fef7-4bee-834c-071f1b1ecffb/datanode-1/data/ratis/e8ed9056-394a-4d1f-b72e-7a5790695fd8/sm/snapshot.1_3 time:109
2019-10-22 04:03:09,888 [517ee13d-f3a9-4e94-8f9c-24462d11aaf8@group-7A5790695FD8-StateMachineUpdater] INFO  impl.StateMachineUpdater (StateMachineUpdater.java:takeSnapshot(269)) - 517ee13d-f3a9-4e94-8f9c-24462d11aaf8@group-7A5790695FD8-StateMachineUpdater: Took a snapshot at index 3
2019-10-22 04:03:09,890 [517ee13d-f3a9-4e94-8f9c-24462d11aaf8@group-7A5790695FD8-StateMachineUpdater] INFO  impl.StateMachineUpdater (StateMachineUpdater.java:lambda$new$0(84)) - 517ee13d-f3a9-4e94-8f9c-24462d11aaf8@group-7A5790695FD8-StateMachineUpdater: snapshotIndex: updateIncreasingly -1 -> 3
2019-10-22 04:03:09,898 [517ee13d-f3a9-4e94-8f9c-24462d11aaf8@group-7A5790695FD8-StateMachineUpdater] INFO  ratis.ContainerStateMachine (ContainerStateMachine.java:takeSnapshot(294)) - group-7A5790695FD8: Taking a snapshot at:(t:1, i:3) file /workdir/hadoop-ozone/integration-test/target/test-dir/MiniOzoneClusterImpl-0034b704-fef7-4bee-834c-071f1b1ecffb/datanode-1/data/ratis/e8ed9056-394a-4d1f-b72e-7a5790695fd8/sm/snapshot.1_3
2019-10-22 04:03:09,911 [517ee13d-f3a9-4e94-8f9c-24462d11aaf8@group-7A5790695FD8-StateMachineUpdater] INFO  ratis.ContainerStateMachine (ContainerStateMachine.java:takeSnapshot(305)) - group-7A5790695FD8: Finished taking a snapshot at:(t:1, i:3) file:/workdir/hadoop-ozone/integration-test/target/test-dir/MiniOzoneClusterImpl-0034b704-fef7-4bee-834c-071f1b1ecffb/datanode-1/data/ratis/e8ed9056-394a-4d1f-b72e-7a5790695fd8/sm/snapshot.1_3 time:13
2019-10-22 04:03:09,912 [517ee13d-f3a9-4e94-8f9c-24462d11aaf8@group-7A5790695FD8-StateMachineUpdater] INFO  impl.StateMachineUpdater (StateMachineUpdater.java:takeSnapshot(269)) - 517ee13d-f3a9-4e94-8f9c-24462d11aaf8@group-7A5790695FD8-StateMachineUpdater: Took a snapshot at index 3
2019-10-22 04:03:09,912 [517ee13d-f3a9-4e94-8f9c-24462d11aaf8@group-7A5790695FD8-StateMachineUpdater] INFO  impl.StateMachineUpdater (StateMachineUpdater.java:lambda$new$0(84)) - 517ee13d-f3a9-4e94-8f9c-24462d11aaf8@group-7A5790695FD8-StateMachineUpdater: snapshotIndex: updateIncreasingly 3 -> 3
2019-10-22 04:03:09,913 [main] INFO  impl.RaftServerImpl (ServerState.java:close(387)) - 517ee13d-f3a9-4e94-8f9c-24462d11aaf8@group-7A5790695FD8: closes. applyIndex: 4
2019-10-22 04:03:09,913 [517ee13d-f3a9-4e94-8f9c-24462d11aaf8@group-7A5790695FD8-SegmentedRaftLogWorker] INFO  segmented.SegmentedRaftLogWorker (SegmentedRaftLogWorker.java:run(316)) - 517ee13d-f3a9-4e94-8f9c-24462d11aaf8@group-7A5790695FD8-SegmentedRaftLogWorker was interrupted, exiting. There are 0 tasks remaining in the queue.
2019-10-22 04:03:09,915 [main] INFO  segmented.SegmentedRaftLogWorker (SegmentedRaftLogWorker.java:close(224)) - 517ee13d-f3a9-4e94-8f9c-24462d11aaf8@group-7A5790695FD8-SegmentedRaftLogWorker close()
2019-10-22 04:03:09,918 [main] INFO  server.GrpcService (GrpcService.java:closeImpl(164)) - 517ee13d-f3a9-4e94-8f9c-24462d11aaf8: shutdown server with port 44514 now
2019-10-22 04:03:09,926 [grpc-default-executor-1] WARN  server.GrpcServerProtocolService (LogUtils.java:warn(134)) - 517ee13d-f3a9-4e94-8f9c-24462d11aaf8: installSnapshot onError, lastRequest: 461aecd4-5005-4e8b-8510-a2b0fc408338->517ee13d-f3a9-4e94-8f9c-24462d11aaf8#7-t1, previous=(t:1, i:4), leaderCommit=4, initializing? false, entries: <empty>: org.apache.ratis.thirdparty.io.grpc.StatusRuntimeException: CANCELLED: cancelled before receiving half close
2019-10-22 04:03:09,926 [main] INFO  server.GrpcService (GrpcService.java:closeImpl(172)) - 517ee13d-f3a9-4e94-8f9c-24462d11aaf8: shutdown server with port 44514 successfully
2019-10-22 04:03:09,928 [grpc-default-executor-2] WARN  server.GrpcLogAppender (LogUtils.java:warn(134)) - 461aecd4-5005-4e8b-8510-a2b0fc408338@group-7A5790695FD8->517ee13d-f3a9-4e94-8f9c-24462d11aaf8-AppendLogResponseHandler: Failed appendEntries: org.apache.ratis.thirdparty.io.grpc.StatusRuntimeException: CANCELLED: HTTP/2 error code: CANCEL
Received Rst Stream
2019-10-22 04:03:09,941 [refreshUsed-/workdir/hadoop-ozone/integration-test/target/test-dir/MiniOzoneClusterImpl-0034b704-fef7-4bee-834c-071f1b1ecffb/datanode-1/data/containers] WARN  fs.CachingGetSpaceUsed (CachingGetSpaceUsed.java:run(183)) - Thread Interrupted waiting to refresh disk information: sleep interrupted
2019-10-22 04:03:09,959 [main] INFO  utils.BackgroundService (BackgroundService.java:shutdown(151)) - Shutting down service BlockDeletingService
2019-10-22 04:03:09,963 [main] INFO  statemachine.DatanodeStateMachine (DatanodeStateMachine.java:stopDaemon(395)) - Ozone container server stopped.
2019-10-22 04:03:09,969 [main] INFO  handler.ContextHandler (ContextHandler.java:doStop(910)) - Stopped o.e.j.w.WebAppContext@60325987{/,null,UNAVAILABLE}{/hddsDatanode}
2019-10-22 04:03:09,975 [main] INFO  server.AbstractConnector (AbstractConnector.java:doStop(318)) - Stopped ServerConnector@2f37f1f9{HTTP/1.1,[http/1.1]}{0.0.0.0:0}
2019-10-22 04:03:09,976 [main] INFO  handler.ContextHandler (ContextHandler.java:doStop(910)) - Stopped o.e.j.s.ServletContextHandler@1e8ab90f{/static,jar:file:/home/user/.m2/repository/org/apache/hadoop/hadoop-hdds-container-service/0.5.0-SNAPSHOT/hadoop-hdds-container-service-0.5.0-SNAPSHOT.jar!/webapps/static,UNAVAILABLE}
2019-10-22 04:03:09,976 [main] INFO  handler.ContextHandler (ContextHandler.java:doStop(910)) - Stopped o.e.j.s.ServletContextHandler@30364216{/logs,file:///workdir/hadoop-ozone/integration-test/target/log,UNAVAILABLE}
2019-10-22 04:03:12,984 [java.util.concurrent.ThreadPoolExecutor$Worker@2202d63d[State = -1, empty queue]] WARN  server.GrpcLogAppender (GrpcLogAppender.java:timeoutAppendRequest(209)) - 461aecd4-5005-4e8b-8510-a2b0fc408338@group-7A5790695FD8->517ee13d-f3a9-4e94-8f9c-24462d11aaf8-GrpcLogAppender: appendEntries Timeout, request=461aecd4-5005-4e8b-8510-a2b0fc408338->517ee13d-f3a9-4e94-8f9c-24462d11aaf8#8-t1, previous=(t:1, i:4), leaderCommit=4, initializing? false, entries: size=1, first=(t:1, i:5), STATEMACHINELOGENTRY, client-8579CCF1DDA8, cid=8
2019-10-22 04:03:12,985 [java.util.concurrent.ThreadPoolExecutor$Worker@2202d63d[State = -1, empty queue]] WARN  server.GrpcLogAppender (GrpcLogAppender.java:timeoutAppendRequest(209)) - 461aecd4-5005-4e8b-8510-a2b0fc408338@group-7A5790695FD8->517ee13d-f3a9-4e94-8f9c-24462d11aaf8-GrpcLogAppender: appendEntries Timeout, request=461aecd4-5005-4e8b-8510-a2b0fc408338->517ee13d-f3a9-4e94-8f9c-24462d11aaf8#9-t1, previous=(t:1, i:5), leaderCommit=4, initializing? false, entries: size=1, first=(t:1, i:6), STATEMACHINELOGENTRY, client-8579CCF1DDA8, cid=9
2019-10-22 04:03:12,997 [java.util.concurrent.ThreadPoolExecutor$Worker@2202d63d[State = -1, empty queue]] WARN  server.GrpcLogAppender (GrpcLogAppender.java:timeoutAppendRequest(209)) - 461aecd4-5005-4e8b-8510-a2b0fc408338@group-7A5790695FD8->517ee13d-f3a9-4e94-8f9c-24462d11aaf8-GrpcLogAppender: appendEntries Timeout, request=461aecd4-5005-4e8b-8510-a2b0fc408338->517ee13d-f3a9-4e94-8f9c-24462d11aaf8#10-t1, previous=(t:1, i:6), leaderCommit=5, initializing? false, entries: size=1, first=(t:1, i:7), METADATAENTRY(c5)
2019-10-22 04:03:12,999 [java.util.concurrent.ThreadPoolExecutor$Worker@2202d63d[State = -1, empty queue]] WARN  server.GrpcLogAppender (GrpcLogAppender.java:timeoutAppendRequest(209)) - 461aecd4-5005-4e8b-8510-a2b0fc408338@group-7A5790695FD8->517ee13d-f3a9-4e94-8f9c-24462d11aaf8-GrpcLogAppender: appendEntries Timeout, request=461aecd4-5005-4e8b-8510-a2b0fc408338->517ee13d-f3a9-4e94-8f9c-24462d11aaf8#11-t1, previous=(t:1, i:7), leaderCommit=6, initializing? false, entries: size=1, first=(t:1, i:8), METADATAENTRY(c6)
2019-10-22 04:03:15,500 [java.util.concurrent.ThreadPoolExecutor$Worker@2202d63d[State = -1, empty queue]] WARN  server.GrpcLogAppender (GrpcLogAppender.java:timeoutAppendRequest(209)) - 461aecd4-5005-4e8b-8510-a2b0fc408338@group-7A5790695FD8->517ee13d-f3a9-4e94-8f9c-24462d11aaf8-GrpcLogAppender: appendEntries Timeout, request=461aecd4-5005-4e8b-8510-a2b0fc408338->517ee13d-f3a9-4e94-8f9c-24462d11aaf8#12-t1, previous=(t:1, i:8), leaderCommit=8, initializing? false, entries: <empty>
2019-10-22 04:03:18,007 [java.util.concurrent.ThreadPoolExecutor$Worker@2202d63d[State = -1, empty queue]] WARN  server.GrpcLogAppender (GrpcLogAppender.java:timeoutAppendRequest(209)) - 461aecd4-5005-4e8b-8510-a2b0fc408338@group-7A5790695FD8->517ee13d-f3a9-4e94-8f9c-24462d11aaf8-GrpcLogAppender: appendEntries Timeout, request=461aecd4-5005-4e8b-8510-a2b0fc408338->517ee13d-f3a9-4e94-8f9c-24462d11aaf8#13-t1, previous=(t:1, i:8), leaderCommit=8, initializing? false, entries: <empty>
2019-10-22 04:03:19,031 [Thread-285] INFO  client.GrpcClientProtocolService (GrpcClientProtocolService.java:lambda$processClientRequest$0(279)) - Failed RaftClientRequest:client-8579CCF1DDA8->38001277-610a-4ad8-827c-4fb892f595e9@group-7A5790695FD8, cid=10, seq=0, Watch-ALL_COMMITTED(6), Message:<EMPTY>, reply=RaftClientReply:client-8579CCF1DDA8->38001277-610a-4ad8-827c-4fb892f595e9@group-7A5790695FD8, cid=10, FAILED org.apache.ratis.protocol.NotLeaderException: Server 38001277-610a-4ad8-827c-4fb892f595e9@group-7A5790695FD8 is not the leader 461aecd4-5005-4e8b-8510-a2b0fc408338:192.168.69.98:41544, logIndex=0, commits[38001277-610a-4ad8-827c-4fb892f595e9:c8, 517ee13d-f3a9-4e94-8f9c-24462d11aaf8:c4, 461aecd4-5005-4e8b-8510-a2b0fc408338:c8]
2019-10-22 04:03:20,508 [java.util.concurrent.ThreadPoolExecutor$Worker@2202d63d[State = -1, empty queue]] WARN  server.GrpcLogAppender (GrpcLogAppender.java:timeoutAppendRequest(209)) - 461aecd4-5005-4e8b-8510-a2b0fc408338@group-7A5790695FD8->517ee13d-f3a9-4e94-8f9c-24462d11aaf8-GrpcLogAppender: appendEntries Timeout, request=461aecd4-5005-4e8b-8510-a2b0fc408338->517ee13d-f3a9-4e94-8f9c-24462d11aaf8#14-t1, previous=(t:1, i:8), leaderCommit=8, initializing? false, entries: <empty>
2019-10-22 04:03:20,889 [Thread-289] INFO  client.GrpcClientProtocolService (GrpcClientProtocolService.java:lambda$processClientRequest$0(279)) - Failed RaftClientRequest:client-8579CCF1DDA8->461aecd4-5005-4e8b-8510-a2b0fc408338@group-7A5790695FD8, cid=10, seq=0, Watch-ALL_COMMITTED(6), Message:<EMPTY>, reply=RaftClientReply:client-8579CCF1DDA8->461aecd4-5005-4e8b-8510-a2b0fc408338@group-7A5790695FD8, cid=10, FAILED org.apache.ratis.protocol.NotReplicatedException: Request with call Id 10 and log index 6 is not yet replicated to ALL_COMMITTED, logIndex=6, commits[461aecd4-5005-4e8b-8510-a2b0fc408338:c8, 517ee13d-f3a9-4e94-8f9c-24462d11aaf8:c4, 38001277-610a-4ad8-827c-4fb892f595e9:c8]
2019-10-22 04:03:23,009 [java.util.concurrent.ThreadPoolExecutor$Worker@2202d63d[State = -1, empty queue]] WARN  server.GrpcLogAppender (GrpcLogAppender.java:timeoutAppendRequest(209)) - 461aecd4-5005-4e8b-8510-a2b0fc408338@group-7A5790695FD8->517ee13d-f3a9-4e94-8f9c-24462d11aaf8-GrpcLogAppender: appendEntries Timeout, request=461aecd4-5005-4e8b-8510-a2b0fc408338->517ee13d-f3a9-4e94-8f9c-24462d11aaf8#15-t1, previous=(t:1, i:8), leaderCommit=8, initializing? false, entries: <empty>
2019-10-22 04:03:25,509 [java.util.concurrent.ThreadPoolExecutor$Worker@2202d63d[State = -1, empty queue]] WARN  server.GrpcLogAppender (GrpcLogAppender.java:timeoutAppendRequest(209)) - 461aecd4-5005-4e8b-8510-a2b0fc408338@group-7A5790695FD8->517ee13d-f3a9-4e94-8f9c-24462d11aaf8-GrpcLogAppender: appendEntries Timeout, request=461aecd4-5005-4e8b-8510-a2b0fc408338->517ee13d-f3a9-4e94-8f9c-24462d11aaf8#16-t1, previous=(t:1, i:8), leaderCommit=8, initializing? false, entries: <empty>
2019-10-22 04:03:28,011 [java.util.concurrent.ThreadPoolExecutor$Worker@2202d63d[State = -1, empty queue]] WARN  server.GrpcLogAppender (GrpcLogAppender.java:timeoutAppendRequest(209)) - 461aecd4-5005-4e8b-8510-a2b0fc408338@group-7A5790695FD8->517ee13d-f3a9-4e94-8f9c-24462d11aaf8-GrpcLogAppender: appendEntries Timeout, request=461aecd4-5005-4e8b-8510-a2b0fc408338->517ee13d-f3a9-4e94-8f9c-24462d11aaf8#17-t1, previous=(t:1, i:8), leaderCommit=8, initializing? false, entries: <empty>
2019-10-22 04:03:28,072 [Thread-295] INFO  client.GrpcClientProtocolService (GrpcClientProtocolService.java:lambda$processClientRequest$0(279)) - Failed RaftClientRequest:client-8579CCF1DDA8->38001277-610a-4ad8-827c-4fb892f595e9@group-7A5790695FD8, cid=10, seq=0, Watch-ALL_COMMITTED(6), Message:<EMPTY>, reply=RaftClientReply:client-8579CCF1DDA8->38001277-610a-4ad8-827c-4fb892f595e9@group-7A5790695FD8, cid=10, FAILED org.apache.ratis.protocol.NotLeaderException: Server 38001277-610a-4ad8-827c-4fb892f595e9@group-7A5790695FD8 is not the leader 461aecd4-5005-4e8b-8510-a2b0fc408338:192.168.69.98:41544, logIndex=0, commits[38001277-610a-4ad8-827c-4fb892f595e9:c8, 517ee13d-f3a9-4e94-8f9c-24462d11aaf8:c4, 461aecd4-5005-4e8b-8510-a2b0fc408338:c8]
2019-10-22 04:03:29,885 [Thread-298] INFO  client.GrpcClientProtocolService (GrpcClientProtocolService.java:lambda$processClientRequest$0(279)) - Failed RaftClientRequest:client-8579CCF1DDA8->461aecd4-5005-4e8b-8510-a2b0fc408338@group-7A5790695FD8, cid=10, seq=0, Watch-ALL_COMMITTED(6), Message:<EMPTY>, reply=RaftClientReply:client-8579CCF1DDA8->461aecd4-5005-4e8b-8510-a2b0fc408338@group-7A5790695FD8, cid=10, FAILED org.apache.ratis.protocol.NotReplicatedException: Request with call Id 10 and log index 6 is not yet replicated to ALL_COMMITTED, logIndex=6, commits[461aecd4-5005-4e8b-8510-a2b0fc408338:c8, 517ee13d-f3a9-4e94-8f9c-24462d11aaf8:c4, 38001277-610a-4ad8-827c-4fb892f595e9:c8]
2019-10-22 04:03:30,516 [java.util.concurrent.ThreadPoolExecutor$Worker@2202d63d[State = -1, empty queue]] WARN  server.GrpcLogAppender (GrpcLogAppender.java:timeoutAppendRequest(209)) - 461aecd4-5005-4e8b-8510-a2b0fc408338@group-7A5790695FD8->517ee13d-f3a9-4e94-8f9c-24462d11aaf8-GrpcLogAppender: appendEntries Timeout, request=461aecd4-5005-4e8b-8510-a2b0fc408338->517ee13d-f3a9-4e94-8f9c-24462d11aaf8#18-t1, previous=(t:1, i:8), leaderCommit=8, initializing? false, entries: <empty>
2019-10-22 04:03:33,018 [java.util.concurrent.ThreadPoolExecutor$Worker@2202d63d[State = -1, empty queue]] WARN  server.GrpcLogAppender (GrpcLogAppender.java:timeoutAppendRequest(209)) - 461aecd4-5005-4e8b-8510-a2b0fc408338@group-7A5790695FD8->517ee13d-f3a9-4e94-8f9c-24462d11aaf8-GrpcLogAppender: appendEntries Timeout, request=461aecd4-5005-4e8b-8510-a2b0fc408338->517ee13d-f3a9-4e94-8f9c-24462d11aaf8#19-t1, previous=(t:1, i:8), leaderCommit=8, initializing? false, entries: <empty>
2019-10-22 04:03:35,521 [java.util.concurrent.ThreadPoolExecutor$Worker@2202d63d[State = -1, empty queue]] WARN  server.GrpcLogAppender (GrpcLogAppender.java:timeoutAppendRequest(209)) - 461aecd4-5005-4e8b-8510-a2b0fc408338@group-7A5790695FD8->517ee13d-f3a9-4e94-8f9c-24462d11aaf8-GrpcLogAppender: appendEntries Timeout, request=461aecd4-5005-4e8b-8510-a2b0fc408338->517ee13d-f3a9-4e94-8f9c-24462d11aaf8#20-t1, previous=(t:1, i:8), leaderCommit=8, initializing? false, entries: <empty>
2019-10-22 04:03:37,107 [Thread-304] INFO  client.GrpcClientProtocolService (GrpcClientProtocolService.java:lambda$processClientRequest$0(279)) - Failed RaftClientRequest:client-8579CCF1DDA8->38001277-610a-4ad8-827c-4fb892f595e9@group-7A5790695FD8, cid=10, seq=0, Watch-ALL_COMMITTED(6), Message:<EMPTY>, reply=RaftClientReply:client-8579CCF1DDA8->38001277-610a-4ad8-827c-4fb892f595e9@group-7A5790695FD8, cid=10, FAILED org.apache.ratis.protocol.NotLeaderException: Server 38001277-610a-4ad8-827c-4fb892f595e9@group-7A5790695FD8 is not the leader 461aecd4-5005-4e8b-8510-a2b0fc408338:192.168.69.98:41544, logIndex=0, commits[38001277-610a-4ad8-827c-4fb892f595e9:c8, 517ee13d-f3a9-4e94-8f9c-24462d11aaf8:c4, 461aecd4-5005-4e8b-8510-a2b0fc408338:c8]
2019-10-22 04:03:38,023 [java.util.concurrent.ThreadPoolExecutor$Worker@2202d63d[State = -1, empty queue]] WARN  server.GrpcLogAppender (GrpcLogAppender.java:timeoutAppendRequest(209)) - 461aecd4-5005-4e8b-8510-a2b0fc408338@group-7A5790695FD8->517ee13d-f3a9-4e94-8f9c-24462d11aaf8-GrpcLogAppender: appendEntries Timeout, request=461aecd4-5005-4e8b-8510-a2b0fc408338->517ee13d-f3a9-4e94-8f9c-24462d11aaf8#21-t1, previous=(t:1, i:8), leaderCommit=8, initializing? false, entries: <empty>
2019-10-22 04:03:38,887 [Thread-308] INFO  client.GrpcClientProtocolService (GrpcClientProtocolService.java:lambda$processClientRequest$0(279)) - Failed RaftClientRequest:client-8579CCF1DDA8->461aecd4-5005-4e8b-8510-a2b0fc408338@group-7A5790695FD8, cid=10, seq=0, Watch-ALL_COMMITTED(6), Message:<EMPTY>, reply=RaftClientReply:client-8579CCF1DDA8->461aecd4-5005-4e8b-8510-a2b0fc408338@group-7A5790695FD8, cid=10, FAILED org.apache.ratis.protocol.NotReplicatedException: Request with call Id 10 and log index 6 is not yet replicated to ALL_COMMITTED, logIndex=6, commits[461aecd4-5005-4e8b-8510-a2b0fc408338:c8, 517ee13d-f3a9-4e94-8f9c-24462d11aaf8:c4, 38001277-610a-4ad8-827c-4fb892f595e9:c8]
2019-10-22 04:03:40,017 [main] WARN  scm.XceiverClientRatis (XceiverClientRatis.java:watchForCommit(277)) - 3 way commit failed on pipeline Pipeline[ Id: e8ed9056-394a-4d1f-b72e-7a5790695fd8, Nodes: 461aecd4-5005-4e8b-8510-a2b0fc408338{ip: 192.168.69.98, host: trunk-nightly-20191022-cthwk-1142398527, networkLocation: /default-rack, certSerialId: null}38001277-610a-4ad8-827c-4fb892f595e9{ip: 192.168.69.98, host: trunk-nightly-20191022-cthwk-1142398527, networkLocation: /default-rack, certSerialId: null}517ee13d-f3a9-4e94-8f9c-24462d11aaf8{ip: 192.168.69.98, host: trunk-nightly-20191022-cthwk-1142398527, networkLocation: /default-rack, certSerialId: null}, Type:RATIS, Factor:THREE, State:OPEN]
java.util.concurrent.TimeoutException
	at java.util.concurrent.CompletableFuture.timedGet(CompletableFuture.java:1771)
	at java.util.concurrent.CompletableFuture.get(CompletableFuture.java:1915)
	at org.apache.hadoop.hdds.scm.XceiverClientRatis.watchForCommit(XceiverClientRatis.java:274)
	at org.apache.hadoop.hdds.scm.storage.CommitWatcher.watchForCommit(CommitWatcher.java:198)
	at org.apache.hadoop.hdds.scm.storage.CommitWatcher.watchOnLastIndex(CommitWatcher.java:161)
	at org.apache.hadoop.hdds.scm.storage.BlockOutputStream.watchForCommit(BlockOutputStream.java:346)
	at org.apache.hadoop.hdds.scm.storage.BlockOutputStream.handleFlush(BlockOutputStream.java:482)
	at org.apache.hadoop.hdds.scm.storage.BlockOutputStream.close(BlockOutputStream.java:496)
	at org.apache.hadoop.ozone.client.io.BlockOutputStreamEntry.close(BlockOutputStreamEntry.java:143)
	at org.apache.hadoop.ozone.client.io.KeyOutputStream.handleFlushOrClose(KeyOutputStream.java:435)
	at org.apache.hadoop.ozone.client.io.KeyOutputStream.close(KeyOutputStream.java:473)
	at org.apache.hadoop.ozone.client.io.OzoneOutputStream.close(OzoneOutputStream.java:60)
	at org.apache.hadoop.ozone.client.rpc.TestDeleteWithSlowFollower.testDeleteKeyWithSlowFollower(TestDeleteWithSlowFollower.java:193)
	at sun.reflect.NativeMethodAccessorImpl.invoke0(Native Method)
	at sun.reflect.NativeMethodAccessorImpl.invoke(NativeMethodAccessorImpl.java:62)
	at sun.reflect.DelegatingMethodAccessorImpl.invoke(DelegatingMethodAccessorImpl.java:43)
	at java.lang.reflect.Method.invoke(Method.java:498)
	at org.junit.runners.model.FrameworkMethod$1.runReflectiveCall(FrameworkMethod.java:47)
	at org.junit.internal.runners.model.ReflectiveCallable.run(ReflectiveCallable.java:12)
	at org.junit.runners.model.FrameworkMethod.invokeExplosively(FrameworkMethod.java:44)
	at org.junit.internal.runners.statements.InvokeMethod.evaluate(InvokeMethod.java:17)
	at org.junit.runners.ParentRunner.runLeaf(ParentRunner.java:271)
	at org.junit.runners.BlockJUnit4ClassRunner.runChild(BlockJUnit4ClassRunner.java:70)
	at org.junit.runners.BlockJUnit4ClassRunner.runChild(BlockJUnit4ClassRunner.java:50)
	at org.junit.runners.ParentRunner$3.run(ParentRunner.java:238)
	at org.junit.runners.ParentRunner$1.schedule(ParentRunner.java:63)
	at org.junit.runners.ParentRunner.runChildren(ParentRunner.java:236)
	at org.junit.runners.ParentRunner.access$000(ParentRunner.java:53)
	at org.junit.runners.ParentRunner$2.evaluate(ParentRunner.java:229)
	at org.junit.internal.runners.statements.RunBefores.evaluate(RunBefores.java:26)
	at org.junit.internal.runners.statements.RunAfters.evaluate(RunAfters.java:27)
	at org.junit.runners.ParentRunner.run(ParentRunner.java:309)
	at org.apache.maven.surefire.junit4.JUnit4Provider.execute(JUnit4Provider.java:365)
	at org.apache.maven.surefire.junit4.JUnit4Provider.executeWithRerun(JUnit4Provider.java:273)
	at org.apache.maven.surefire.junit4.JUnit4Provider.executeTestSet(JUnit4Provider.java:238)
	at org.apache.maven.surefire.junit4.JUnit4Provider.invoke(JUnit4Provider.java:159)
	at org.apache.maven.surefire.booter.ForkedBooter.invokeProviderInSameClassLoader(ForkedBooter.java:384)
	at org.apache.maven.surefire.booter.ForkedBooter.runSuitesInProcess(ForkedBooter.java:345)
	at org.apache.maven.surefire.booter.ForkedBooter.execute(ForkedBooter.java:126)
	at org.apache.maven.surefire.booter.ForkedBooter.main(ForkedBooter.java:418)
2019-10-22 04:03:40,041 [main] INFO  scm.XceiverClientRatis (XceiverClientRatis.java:lambda$watchForCommit$5(295)) - Could not commit index 6 on pipeline Pipeline[ Id: e8ed9056-394a-4d1f-b72e-7a5790695fd8, Nodes: 461aecd4-5005-4e8b-8510-a2b0fc408338{ip: 192.168.69.98, host: trunk-nightly-20191022-cthwk-1142398527, networkLocation: /default-rack, certSerialId: null}38001277-610a-4ad8-827c-4fb892f595e9{ip: 192.168.69.98, host: trunk-nightly-20191022-cthwk-1142398527, networkLocation: /default-rack, certSerialId: null}517ee13d-f3a9-4e94-8f9c-24462d11aaf8{ip: 192.168.69.98, host: trunk-nightly-20191022-cthwk-1142398527, networkLocation: /default-rack, certSerialId: null}, Type:RATIS, Factor:THREE, State:OPEN] to all the nodes. Server 517ee13d-f3a9-4e94-8f9c-24462d11aaf8 has failed. Committed by majority.
2019-10-22 04:03:40,042 [main] WARN  storage.BlockOutputStream (BlockOutputStream.java:watchForCommit(352)) - Failed to commit BlockId conID: 1 locID: 103004044008751104 bcsId: 6 on Pipeline[ Id: e8ed9056-394a-4d1f-b72e-7a5790695fd8, Nodes: 461aecd4-5005-4e8b-8510-a2b0fc408338{ip: 192.168.69.98, host: trunk-nightly-20191022-cthwk-1142398527, networkLocation: /default-rack, certSerialId: null}38001277-610a-4ad8-827c-4fb892f595e9{ip: 192.168.69.98, host: trunk-nightly-20191022-cthwk-1142398527, networkLocation: /default-rack, certSerialId: null}517ee13d-f3a9-4e94-8f9c-24462d11aaf8{ip: 192.168.69.98, host: trunk-nightly-20191022-cthwk-1142398527, networkLocation: /default-rack, certSerialId: null}, Type:RATIS, Factor:THREE, State:OPEN]. Failed nodes: [517ee13d-f3a9-4e94-8f9c-24462d11aaf8{ip: null, host: null, networkLocation: /default-rack, certSerialId: null}]
2019-10-22 04:03:40,136 [EventQueue-IncrementalContainerReportForIncrementalContainerReportHandler] WARN  container.IncrementalContainerReportHandler (AbstractContainerReportHandler.java:updateContainerState(145)) - Container #1 is in OPEN state, but the datanode 461aecd4-5005-4e8b-8510-a2b0fc408338{ip: 192.168.69.98, host: trunk-nightly-20191022-cthwk-1142398527, networkLocation: /default-rack, certSerialId: null} reports an CLOSING replica.
2019-10-22 04:03:40,136 [RatisApplyTransactionExecutor 1] INFO  interfaces.Container (KeyValueContainer.java:flushAndSyncDB(386)) - Container 1 is synced with bcsId 6.
2019-10-22 04:03:40,139 [RatisApplyTransactionExecutor 1] INFO  interfaces.Container (KeyValueContainer.java:flushAndSyncDB(386)) - Container 1 is synced with bcsId 6.
2019-10-22 04:03:40,139 [EventQueue-IncrementalContainerReportForIncrementalContainerReportHandler] WARN  container.IncrementalContainerReportHandler (AbstractContainerReportHandler.java:updateContainerState(145)) - Container #1 is in OPEN state, but the datanode 38001277-610a-4ad8-827c-4fb892f595e9{ip: 192.168.69.98, host: trunk-nightly-20191022-cthwk-1142398527, networkLocation: /default-rack, certSerialId: null} reports an CLOSING replica.
2019-10-22 04:03:40,141 [RatisApplyTransactionExecutor 1] INFO  interfaces.Container (KeyValueContainer.java:flushAndSyncDB(386)) - Container 1 is synced with bcsId 6.
2019-10-22 04:03:40,142 [RatisApplyTransactionExecutor 1] INFO  interfaces.Container (KeyValueContainer.java:flushAndSyncDB(386)) - Container 1 is synced with bcsId 6.
2019-10-22 04:03:40,149 [RatisApplyTransactionExecutor 1] INFO  interfaces.Container (KeyValueContainer.java:close(335)) - Container 1 is closed with bcsId 6.
2019-10-22 04:03:40,149 [RatisApplyTransactionExecutor 1] INFO  interfaces.Container (KeyValueContainer.java:close(335)) - Container 1 is closed with bcsId 6.
2019-10-22 04:03:40,152 [EventQueue-IncrementalContainerReportForIncrementalContainerReportHandler] WARN  container.IncrementalContainerReportHandler (AbstractContainerReportHandler.java:updateContainerState(145)) - Container #1 is in OPEN state, but the datanode 461aecd4-5005-4e8b-8510-a2b0fc408338{ip: 192.168.69.98, host: trunk-nightly-20191022-cthwk-1142398527, networkLocation: /default-rack, certSerialId: null} reports an CLOSED replica.
2019-10-22 04:03:40,153 [EventQueue-IncrementalContainerReportForIncrementalContainerReportHandler] WARN  container.IncrementalContainerReportHandler (AbstractContainerReportHandler.java:updateContainerState(145)) - Container #1 is in OPEN state, but the datanode 38001277-610a-4ad8-827c-4fb892f595e9{ip: 192.168.69.98, host: trunk-nightly-20191022-cthwk-1142398527, networkLocation: /default-rack, certSerialId: null} reports an CLOSED replica.
2019-10-22 04:03:40,153 [EventQueue-ContainerReportForContainerReportHandler] WARN  container.ContainerReportHandler (AbstractContainerReportHandler.java:updateContainerState(145)) - Container #1 is in OPEN state, but the datanode 38001277-610a-4ad8-827c-4fb892f595e9{ip: 192.168.69.98, host: trunk-nightly-20191022-cthwk-1142398527, networkLocation: /default-rack, certSerialId: null} reports an CLOSED replica.
2019-10-22 04:03:40,242 [BlockDeletingService#2] WARN  background.BlockDeletingService (BlockDeletingService.java:isDeletionAllowed(187)) - Close Container log Index 6 is not replicated across allthe servers in the pipeline e8ed9056-394a-4d1f-b72e-7a5790695fd8 as the min replicated index is 4. Deletion is not allowed in this container yet.
2019-10-22 04:03:40,244 [BlockDeletingService#2] WARN  background.BlockDeletingService (BlockDeletingService.java:isDeletionAllowed(187)) - Close Container log Index 6 is not replicated across allthe servers in the pipeline e8ed9056-394a-4d1f-b72e-7a5790695fd8 as the min replicated index is 4. Deletion is not allowed in this container yet.
2019-10-22 04:03:40,251 [EventQueue-ContainerReportForContainerReportHandler] WARN  container.ContainerReportHandler (AbstractContainerReportHandler.java:updateContainerState(145)) - Container #1 is in OPEN state, but the datanode 461aecd4-5005-4e8b-8510-a2b0fc408338{ip: 192.168.69.98, host: trunk-nightly-20191022-cthwk-1142398527, networkLocation: /default-rack, certSerialId: null} reports an CLOSED replica.
2019-10-22 04:03:40,451 [EventQueue-ContainerReportForContainerReportHandler] WARN  container.ContainerReportHandler (AbstractContainerReportHandler.java:updateContainerState(145)) - Container #1 is in OPEN state, but the datanode 38001277-610a-4ad8-827c-4fb892f595e9{ip: 192.168.69.98, host: trunk-nightly-20191022-cthwk-1142398527, networkLocation: /default-rack, certSerialId: null} reports an CLOSED replica.
2019-10-22 04:03:40,523 [java.util.concurrent.ThreadPoolExecutor$Worker@2202d63d[State = -1, empty queue]] WARN  server.GrpcLogAppender (GrpcLogAppender.java:timeoutAppendRequest(209)) - 461aecd4-5005-4e8b-8510-a2b0fc408338@group-7A5790695FD8->517ee13d-f3a9-4e94-8f9c-24462d11aaf8-GrpcLogAppender: appendEntries Timeout, request=461aecd4-5005-4e8b-8510-a2b0fc408338->517ee13d-f3a9-4e94-8f9c-24462d11aaf8#22-t1, previous=(t:1, i:8), leaderCommit=8, initializing? false, entries: <empty>
2019-10-22 04:03:40,650 [EventQueue-ContainerReportForContainerReportHandler] WARN  container.ContainerReportHandler (AbstractContainerReportHandler.java:updateContainerState(145)) - Container #1 is in OPEN state, but the datanode 461aecd4-5005-4e8b-8510-a2b0fc408338{ip: 192.168.69.98, host: trunk-nightly-20191022-cthwk-1142398527, networkLocation: /default-rack, certSerialId: null} reports an CLOSED replica.
2019-10-22 04:03:40,652 [EventQueue-ContainerReportForContainerReportHandler] WARN  container.ContainerReportHandler (AbstractContainerReportHandler.java:updateContainerState(145)) - Container #1 is in OPEN state, but the datanode 38001277-610a-4ad8-827c-4fb892f595e9{ip: 192.168.69.98, host: trunk-nightly-20191022-cthwk-1142398527, networkLocation: /default-rack, certSerialId: null} reports an CLOSED replica.
2019-10-22 04:03:40,950 [EventQueue-ContainerReportForContainerReportHandler] WARN  container.ContainerReportHandler (AbstractContainerReportHandler.java:updateContainerState(145)) - Container #1 is in OPEN state, but the datanode 461aecd4-5005-4e8b-8510-a2b0fc408338{ip: 192.168.69.98, host: trunk-nightly-20191022-cthwk-1142398527, networkLocation: /default-rack, certSerialId: null} reports an CLOSED replica.
2019-10-22 04:03:41,053 [EventQueue-ContainerReportForContainerReportHandler] WARN  container.ContainerReportHandler (AbstractContainerReportHandler.java:updateContainerState(145)) - Container #1 is in OPEN state, but the datanode 38001277-610a-4ad8-827c-4fb892f595e9{ip: 192.168.69.98, host: trunk-nightly-20191022-cthwk-1142398527, networkLocation: /default-rack, certSerialId: null} reports an CLOSED replica.
2019-10-22 04:03:41,106 [IPC Server handler 0 on 34292] INFO  server.SCMBlockProtocolServer (SCMBlockProtocolServer.java:deleteKeyBlocks(214)) - SCM is informed by OM to delete 1 blocks
2019-10-22 04:03:41,106 [IPC Server handler 0 on 34292] INFO  block.BlockManagerImpl (BlockManagerImpl.java:deleteBlocks(285)) - Deleting blocks conID: 1 locID: 103004044008751104 bcsId: 0
2019-10-22 04:03:41,244 [BlockDeletingService#2] WARN  background.BlockDeletingService (BlockDeletingService.java:isDeletionAllowed(187)) - Close Container log Index 6 is not replicated across allthe servers in the pipeline e8ed9056-394a-4d1f-b72e-7a5790695fd8 as the min replicated index is 4. Deletion is not allowed in this container yet.
2019-10-22 04:03:41,246 [BlockDeletingService#2] WARN  background.BlockDeletingService (BlockDeletingService.java:isDeletionAllowed(187)) - Close Container log Index 6 is not replicated across allthe servers in the pipeline e8ed9056-394a-4d1f-b72e-7a5790695fd8 as the min replicated index is 4. Deletion is not allowed in this container yet.
2019-10-22 04:03:41,250 [EventQueue-ContainerReportForContainerReportHandler] WARN  container.ContainerReportHandler (AbstractContainerReportHandler.java:updateContainerState(145)) - Container #1 is in OPEN state, but the datanode 461aecd4-5005-4e8b-8510-a2b0fc408338{ip: 192.168.69.98, host: trunk-nightly-20191022-cthwk-1142398527, networkLocation: /default-rack, certSerialId: null} reports an CLOSED replica.
2019-10-22 04:03:41,253 [EventQueue-ContainerReportForContainerReportHandler] WARN  container.ContainerReportHandler (AbstractContainerReportHandler.java:updateContainerState(145)) - Container #1 is in OPEN state, but the datanode 38001277-610a-4ad8-827c-4fb892f595e9{ip: 192.168.69.98, host: trunk-nightly-20191022-cthwk-1142398527, networkLocation: /default-rack, certSerialId: null} reports an CLOSED replica.
2019-10-22 04:03:41,551 [EventQueue-ContainerReportForContainerReportHandler] WARN  container.ContainerReportHandler (AbstractContainerReportHandler.java:updateContainerState(145)) - Container #1 is in OPEN state, but the datanode 461aecd4-5005-4e8b-8510-a2b0fc408338{ip: 192.168.69.98, host: trunk-nightly-20191022-cthwk-1142398527, networkLocation: /default-rack, certSerialId: null} reports an CLOSED replica.
2019-10-22 04:03:41,553 [EventQueue-ContainerReportForContainerReportHandler] WARN  container.ContainerReportHandler (AbstractContainerReportHandler.java:updateContainerState(145)) - Container #1 is in OPEN state, but the datanode 38001277-610a-4ad8-827c-4fb892f595e9{ip: 192.168.69.98, host: trunk-nightly-20191022-cthwk-1142398527, networkLocation: /default-rack, certSerialId: null} reports an CLOSED replica.
2019-10-22 04:03:41,853 [EventQueue-ContainerReportForContainerReportHandler] WARN  container.ContainerReportHandler (AbstractContainerReportHandler.java:updateContainerState(145)) - Container #1 is in OPEN state, but the datanode 38001277-610a-4ad8-827c-4fb892f595e9{ip: 192.168.69.98, host: trunk-nightly-20191022-cthwk-1142398527, networkLocation: /default-rack, certSerialId: null} reports an CLOSED replica.
2019-10-22 04:03:41,950 [EventQueue-ContainerReportForContainerReportHandler] WARN  container.ContainerReportHandler (AbstractContainerReportHandler.java:updateContainerState(145)) - Container #1 is in OPEN state, but the datanode 461aecd4-5005-4e8b-8510-a2b0fc408338{ip: 192.168.69.98, host: trunk-nightly-20191022-cthwk-1142398527, networkLocation: /default-rack, certSerialId: null} reports an CLOSED replica.
2019-10-22 04:03:42,053 [EventQueue-ContainerReportForContainerReportHandler] WARN  container.ContainerReportHandler (AbstractContainerReportHandler.java:updateContainerState(145)) - Container #1 is in OPEN state, but the datanode 38001277-610a-4ad8-827c-4fb892f595e9{ip: 192.168.69.98, host: trunk-nightly-20191022-cthwk-1142398527, networkLocation: /default-rack, certSerialId: null} reports an CLOSED replica.
2019-10-22 04:03:42,245 [BlockDeletingService#2] WARN  background.BlockDeletingService (BlockDeletingService.java:isDeletionAllowed(187)) - Close Container log Index 6 is not replicated across allthe servers in the pipeline e8ed9056-394a-4d1f-b72e-7a5790695fd8 as the min replicated index is 4. Deletion is not allowed in this container yet.
2019-10-22 04:03:42,247 [BlockDeletingService#2] WARN  background.BlockDeletingService (BlockDeletingService.java:isDeletionAllowed(187)) - Close Container log Index 6 is not replicated across allthe servers in the pipeline e8ed9056-394a-4d1f-b72e-7a5790695fd8 as the min replicated index is 4. Deletion is not allowed in this container yet.
2019-10-22 04:03:42,250 [EventQueue-ContainerReportForContainerReportHandler] WARN  container.ContainerReportHandler (AbstractContainerReportHandler.java:updateContainerState(145)) - Container #1 is in OPEN state, but the datanode 461aecd4-5005-4e8b-8510-a2b0fc408338{ip: 192.168.69.98, host: trunk-nightly-20191022-cthwk-1142398527, networkLocation: /default-rack, certSerialId: null} reports an CLOSED replica.
2019-10-22 04:03:42,453 [EventQueue-ContainerReportForContainerReportHandler] WARN  container.ContainerReportHandler (AbstractContainerReportHandler.java:updateContainerState(145)) - Container #1 is in OPEN state, but the datanode 38001277-610a-4ad8-827c-4fb892f595e9{ip: 192.168.69.98, host: trunk-nightly-20191022-cthwk-1142398527, networkLocation: /default-rack, certSerialId: null} reports an CLOSED replica.
2019-10-22 04:03:42,550 [EventQueue-ContainerReportForContainerReportHandler] WARN  container.ContainerReportHandler (AbstractContainerReportHandler.java:updateContainerState(145)) - Container #1 is in OPEN state, but the datanode 461aecd4-5005-4e8b-8510-a2b0fc408338{ip: 192.168.69.98, host: trunk-nightly-20191022-cthwk-1142398527, networkLocation: /default-rack, certSerialId: null} reports an CLOSED replica.
2019-10-22 04:03:42,753 [EventQueue-ContainerReportForContainerReportHandler] WARN  container.ContainerReportHandler (AbstractContainerReportHandler.java:updateContainerState(145)) - Container #1 is in OPEN state, but the datanode 38001277-610a-4ad8-827c-4fb892f595e9{ip: 192.168.69.98, host: trunk-nightly-20191022-cthwk-1142398527, networkLocation: /default-rack, certSerialId: null} reports an CLOSED replica.
2019-10-22 04:03:42,850 [EventQueue-ContainerReportForContainerReportHandler] WARN  container.ContainerReportHandler (AbstractContainerReportHandler.java:updateContainerState(145)) - Container #1 is in OPEN state, but the datanode 461aecd4-5005-4e8b-8510-a2b0fc408338{ip: 192.168.69.98, host: trunk-nightly-20191022-cthwk-1142398527, networkLocation: /default-rack, certSerialId: null} reports an CLOSED replica.
2019-10-22 04:03:43,028 [java.util.concurrent.ThreadPoolExecutor$Worker@2202d63d[State = -1, empty queue]] WARN  server.GrpcLogAppender (GrpcLogAppender.java:timeoutAppendRequest(209)) - 461aecd4-5005-4e8b-8510-a2b0fc408338@group-7A5790695FD8->517ee13d-f3a9-4e94-8f9c-24462d11aaf8-GrpcLogAppender: appendEntries Timeout, request=461aecd4-5005-4e8b-8510-a2b0fc408338->517ee13d-f3a9-4e94-8f9c-24462d11aaf8#23-t1, previous=(t:1, i:8), leaderCommit=8, initializing? false, entries: <empty>
2019-10-22 04:03:43,053 [EventQueue-ContainerReportForContainerReportHandler] WARN  container.ContainerReportHandler (AbstractContainerReportHandler.java:updateContainerState(145)) - Container #1 is in OPEN state, but the datanode 38001277-610a-4ad8-827c-4fb892f595e9{ip: 192.168.69.98, host: trunk-nightly-20191022-cthwk-1142398527, networkLocation: /default-rack, certSerialId: null} reports an CLOSED replica.
2019-10-22 04:03:43,109 [java.util.concurrent.ThreadPoolExecutor$Worker@2202d63d[State = -1, empty queue]] WARN  server.GrpcLogAppender (GrpcLogAppender.java:timeoutAppendRequest(209)) - 461aecd4-5005-4e8b-8510-a2b0fc408338@group-7A5790695FD8->517ee13d-f3a9-4e94-8f9c-24462d11aaf8-GrpcLogAppender: appendEntries Timeout, request=461aecd4-5005-4e8b-8510-a2b0fc408338->517ee13d-f3a9-4e94-8f9c-24462d11aaf8#24-t1, previous=(t:1, i:8), leaderCommit=8, initializing? false, entries: size=1, first=(t:1, i:9), STATEMACHINELOGENTRY, client-7178BDFAF667, cid=12
2019-10-22 04:03:43,125 [java.util.concurrent.ThreadPoolExecutor$Worker@2202d63d[State = -1, empty queue]] WARN  server.GrpcLogAppender (GrpcLogAppender.java:timeoutAppendRequest(209)) - 461aecd4-5005-4e8b-8510-a2b0fc408338@group-7A5790695FD8->517ee13d-f3a9-4e94-8f9c-24462d11aaf8-GrpcLogAppender: appendEntries Timeout, request=461aecd4-5005-4e8b-8510-a2b0fc408338->517ee13d-f3a9-4e94-8f9c-24462d11aaf8#25-t1, previous=(t:1, i:9), leaderCommit=9, initializing? false, entries: size=1, first=(t:1, i:10), METADATAENTRY(c9)
2019-10-22 04:03:43,150 [EventQueue-ContainerReportForContainerReportHandler] WARN  container.ContainerReportHandler (AbstractContainerReportHandler.java:updateContainerState(145)) - Container #1 is in OPEN state, but the datanode 461aecd4-5005-4e8b-8510-a2b0fc408338{ip: 192.168.69.98, host: trunk-nightly-20191022-cthwk-1142398527, networkLocation: /default-rack, certSerialId: null} reports an CLOSED replica.
2019-10-22 04:03:43,247 [BlockDeletingService#2] WARN  background.BlockDeletingService (BlockDeletingService.java:isDeletionAllowed(187)) - Close Container log Index 6 is not replicated across allthe servers in the pipeline e8ed9056-394a-4d1f-b72e-7a5790695fd8 as the min replicated index is 4. Deletion is not allowed in this container yet.
2019-10-22 04:03:43,249 [BlockDeletingService#2] WARN  background.BlockDeletingService (BlockDeletingService.java:isDeletionAllowed(187)) - Close Container log Index 6 is not replicated across allthe servers in the pipeline e8ed9056-394a-4d1f-b72e-7a5790695fd8 as the min replicated index is 4. Deletion is not allowed in this container yet.
2019-10-22 04:03:43,351 [EventQueue-ContainerReportForContainerReportHandler] WARN  container.ContainerReportHandler (AbstractContainerReportHandler.java:updateContainerState(145)) - Container #1 is in OPEN state, but the datanode 461aecd4-5005-4e8b-8510-a2b0fc408338{ip: 192.168.69.98, host: trunk-nightly-20191022-cthwk-1142398527, networkLocation: /default-rack, certSerialId: null} reports an CLOSED replica.
2019-10-22 04:03:43,353 [EventQueue-ContainerReportForContainerReportHandler] WARN  container.ContainerReportHandler (AbstractContainerReportHandler.java:updateContainerState(145)) - Container #1 is in OPEN state, but the datanode 38001277-610a-4ad8-827c-4fb892f595e9{ip: 192.168.69.98, host: trunk-nightly-20191022-cthwk-1142398527, networkLocation: /default-rack, certSerialId: null} reports an CLOSED replica.
2019-10-22 04:03:43,551 [EventQueue-ContainerReportForContainerReportHandler] WARN  container.ContainerReportHandler (AbstractContainerReportHandler.java:updateContainerState(145)) - Container #1 is in OPEN state, but the datanode 461aecd4-5005-4e8b-8510-a2b0fc408338{ip: 192.168.69.98, host: trunk-nightly-20191022-cthwk-1142398527, networkLocation: /default-rack, certSerialId: null} reports an CLOSED replica.
2019-10-22 04:03:43,753 [EventQueue-ContainerReportForContainerReportHandler] WARN  container.ContainerReportHandler (AbstractContainerReportHandler.java:updateContainerState(145)) - Container #1 is in OPEN state, but the datanode 38001277-610a-4ad8-827c-4fb892f595e9{ip: 192.168.69.98, host: trunk-nightly-20191022-cthwk-1142398527, networkLocation: /default-rack, certSerialId: null} reports an CLOSED replica.
2019-10-22 04:03:43,852 [EventQueue-ContainerReportForContainerReportHandler] WARN  container.ContainerReportHandler (AbstractContainerReportHandler.java:updateContainerState(145)) - Container #1 is in OPEN state, but the datanode 461aecd4-5005-4e8b-8510-a2b0fc408338{ip: 192.168.69.98, host: trunk-nightly-20191022-cthwk-1142398527, networkLocation: /default-rack, certSerialId: null} reports an CLOSED replica.
2019-10-22 04:03:44,053 [EventQueue-ContainerReportForContainerReportHandler] WARN  container.ContainerReportHandler (AbstractContainerReportHandler.java:updateContainerState(145)) - Container #1 is in OPEN state, but the datanode 38001277-610a-4ad8-827c-4fb892f595e9{ip: 192.168.69.98, host: trunk-nightly-20191022-cthwk-1142398527, networkLocation: /default-rack, certSerialId: null} reports an CLOSED replica.
2019-10-22 04:03:44,153 [EventQueue-ContainerReportForContainerReportHandler] WARN  container.ContainerReportHandler (AbstractContainerReportHandler.java:updateContainerState(145)) - Container #1 is in OPEN state, but the datanode 461aecd4-5005-4e8b-8510-a2b0fc408338{ip: 192.168.69.98, host: trunk-nightly-20191022-cthwk-1142398527, networkLocation: /default-rack, certSerialId: null} reports an CLOSED replica.
2019-10-22 04:03:44,251 [BlockDeletingService#2] WARN  background.BlockDeletingService (BlockDeletingService.java:isDeletionAllowed(187)) - Close Container log Index 6 is not replicated across allthe servers in the pipeline e8ed9056-394a-4d1f-b72e-7a5790695fd8 as the min replicated index is 4. Deletion is not allowed in this container yet.
2019-10-22 04:03:44,251 [BlockDeletingService#2] WARN  background.BlockDeletingService (BlockDeletingService.java:isDeletionAllowed(187)) - Close Container log Index 6 is not replicated across allthe servers in the pipeline e8ed9056-394a-4d1f-b72e-7a5790695fd8 as the min replicated index is 4. Deletion is not allowed in this container yet.
2019-10-22 04:03:44,354 [EventQueue-ContainerReportForContainerReportHandler] WARN  container.ContainerReportHandler (AbstractContainerReportHandler.java:updateContainerState(145)) - Container #1 is in OPEN state, but the datanode 38001277-610a-4ad8-827c-4fb892f595e9{ip: 192.168.69.98, host: trunk-nightly-20191022-cthwk-1142398527, networkLocation: /default-rack, certSerialId: null} reports an CLOSED replica.
2019-10-22 04:03:44,454 [EventQueue-ContainerReportForContainerReportHandler] WARN  container.ContainerReportHandler (AbstractContainerReportHandler.java:updateContainerState(145)) - Container #1 is in OPEN state, but the datanode 461aecd4-5005-4e8b-8510-a2b0fc408338{ip: 192.168.69.98, host: trunk-nightly-20191022-cthwk-1142398527, networkLocation: /default-rack, certSerialId: null} reports an CLOSED replica.
2019-10-22 04:03:44,755 [EventQueue-ContainerReportForContainerReportHandler] WARN  container.ContainerReportHandler (AbstractContainerReportHandler.java:updateContainerState(145)) - Container #1 is in OPEN state, but the datanode 38001277-610a-4ad8-827c-4fb892f595e9{ip: 192.168.69.98, host: trunk-nightly-20191022-cthwk-1142398527, networkLocation: /default-rack, certSerialId: null} reports an CLOSED replica.
2019-10-22 04:03:44,756 [EventQueue-ContainerReportForContainerReportHandler] WARN  container.ContainerReportHandler (AbstractContainerReportHandler.java:updateContainerState(145)) - Container #1 is in OPEN state, but the datanode 461aecd4-5005-4e8b-8510-a2b0fc408338{ip: 192.168.69.98, host: trunk-nightly-20191022-cthwk-1142398527, networkLocation: /default-rack, certSerialId: null} reports an CLOSED replica.
2019-10-22 04:03:45,055 [EventQueue-ContainerReportForContainerReportHandler] WARN  container.ContainerReportHandler (AbstractContainerReportHandler.java:updateContainerState(145)) - Container #1 is in OPEN state, but the datanode 38001277-610a-4ad8-827c-4fb892f595e9{ip: 192.168.69.98, host: trunk-nightly-20191022-cthwk-1142398527, networkLocation: /default-rack, certSerialId: null} reports an CLOSED replica.
2019-10-22 04:03:45,155 [EventQueue-ContainerReportForContainerReportHandler] WARN  container.ContainerReportHandler (AbstractContainerReportHandler.java:updateContainerState(145)) - Container #1 is in OPEN state, but the datanode 461aecd4-5005-4e8b-8510-a2b0fc408338{ip: 192.168.69.98, host: trunk-nightly-20191022-cthwk-1142398527, networkLocation: /default-rack, certSerialId: null} reports an CLOSED replica.
2019-10-22 04:03:45,253 [BlockDeletingService#2] WARN  background.BlockDeletingService (BlockDeletingService.java:isDeletionAllowed(187)) - Close Container log Index 6 is not replicated across allthe servers in the pipeline e8ed9056-394a-4d1f-b72e-7a5790695fd8 as the min replicated index is 4. Deletion is not allowed in this container yet.
2019-10-22 04:03:45,253 [BlockDeletingService#2] WARN  background.BlockDeletingService (BlockDeletingService.java:isDeletionAllowed(187)) - Close Container log Index 6 is not replicated across allthe servers in the pipeline e8ed9056-394a-4d1f-b72e-7a5790695fd8 as the min replicated index is 4. Deletion is not allowed in this container yet.
2019-10-22 04:03:45,355 [EventQueue-ContainerReportForContainerReportHandler] WARN  container.ContainerReportHandler (AbstractContainerReportHandler.java:updateContainerState(145)) - Container #1 is in OPEN state, but the datanode 38001277-610a-4ad8-827c-4fb892f595e9{ip: 192.168.69.98, host: trunk-nightly-20191022-cthwk-1142398527, networkLocation: /default-rack, certSerialId: null} reports an CLOSED replica.
2019-10-22 04:03:45,556 [EventQueue-ContainerReportForContainerReportHandler] WARN  container.ContainerReportHandler (AbstractContainerReportHandler.java:updateContainerState(145)) - Container #1 is in OPEN state, but the datanode 461aecd4-5005-4e8b-8510-a2b0fc408338{ip: 192.168.69.98, host: trunk-nightly-20191022-cthwk-1142398527, networkLocation: /default-rack, certSerialId: null} reports an CLOSED replica.
2019-10-22 04:03:45,626 [java.util.concurrent.ThreadPoolExecutor$Worker@2202d63d[State = -1, empty queue]] WARN  server.GrpcLogAppender (GrpcLogAppender.java:timeoutAppendRequest(209)) - 461aecd4-5005-4e8b-8510-a2b0fc408338@group-7A5790695FD8->517ee13d-f3a9-4e94-8f9c-24462d11aaf8-GrpcLogAppender: appendEntries Timeout, request=461aecd4-5005-4e8b-8510-a2b0fc408338->517ee13d-f3a9-4e94-8f9c-24462d11aaf8#26-t1, previous=(t:1, i:10), leaderCommit=10, initializing? false, entries: <empty>
2019-10-22 04:03:45,756 [EventQueue-ContainerReportForContainerReportHandler] WARN  container.ContainerReportHandler (AbstractContainerReportHandler.java:updateContainerState(145)) - Container #1 is in OPEN state, but the datanode 461aecd4-5005-4e8b-8510-a2b0fc408338{ip: 192.168.69.98, host: trunk-nightly-20191022-cthwk-1142398527, networkLocation: /default-rack, certSerialId: null} reports an CLOSED replica.
2019-10-22 04:03:45,756 [EventQueue-ContainerReportForContainerReportHandler] WARN  container.ContainerReportHandler (AbstractContainerReportHandler.java:updateContainerState(145)) - Container #1 is in OPEN state, but the datanode 38001277-610a-4ad8-827c-4fb892f595e9{ip: 192.168.69.98, host: trunk-nightly-20191022-cthwk-1142398527, networkLocation: /default-rack, certSerialId: null} reports an CLOSED replica.
2019-10-22 04:03:45,958 [EventQueue-ContainerReportForContainerReportHandler] WARN  container.ContainerReportHandler (AbstractContainerReportHandler.java:updateContainerState(145)) - Container #1 is in OPEN state, but the datanode 38001277-610a-4ad8-827c-4fb892f595e9{ip: 192.168.69.98, host: trunk-nightly-20191022-cthwk-1142398527, networkLocation: /default-rack, certSerialId: null} reports an CLOSED replica.
2019-10-22 04:03:46,136 [Thread-334] INFO  client.GrpcClientProtocolService (GrpcClientProtocolService.java:lambda$processClientRequest$0(279)) - Failed RaftClientRequest:client-8579CCF1DDA8->38001277-610a-4ad8-827c-4fb892f595e9@group-7A5790695FD8, cid=10, seq=0, Watch-ALL_COMMITTED(6), Message:<EMPTY>, reply=RaftClientReply:client-8579CCF1DDA8->38001277-610a-4ad8-827c-4fb892f595e9@group-7A5790695FD8, cid=10, FAILED org.apache.ratis.protocol.NotLeaderException: Server 38001277-610a-4ad8-827c-4fb892f595e9@group-7A5790695FD8 is not the leader 461aecd4-5005-4e8b-8510-a2b0fc408338:192.168.69.98:41544, logIndex=0, commits[38001277-610a-4ad8-827c-4fb892f595e9:c10, 517ee13d-f3a9-4e94-8f9c-24462d11aaf8:c4, 461aecd4-5005-4e8b-8510-a2b0fc408338:c10]
2019-10-22 04:03:46,158 [EventQueue-ContainerReportForContainerReportHandler] WARN  container.ContainerReportHandler (AbstractContainerReportHandler.java:updateContainerState(145)) - Container #1 is in OPEN state, but the datanode 461aecd4-5005-4e8b-8510-a2b0fc408338{ip: 192.168.69.98, host: trunk-nightly-20191022-cthwk-1142398527, networkLocation: /default-rack, certSerialId: null} reports an CLOSED replica.
2019-10-22 04:03:46,255 [BlockDeletingService#2] WARN  background.BlockDeletingService (BlockDeletingService.java:isDeletionAllowed(187)) - Close Container log Index 6 is not replicated across allthe servers in the pipeline e8ed9056-394a-4d1f-b72e-7a5790695fd8 as the min replicated index is 4. Deletion is not allowed in this container yet.
2019-10-22 04:03:46,255 [BlockDeletingService#2] WARN  background.BlockDeletingService (BlockDeletingService.java:isDeletionAllowed(187)) - Close Container log Index 6 is not replicated across allthe servers in the pipeline e8ed9056-394a-4d1f-b72e-7a5790695fd8 as the min replicated index is 4. Deletion is not allowed in this container yet.
2019-10-22 04:03:46,358 [EventQueue-ContainerReportForContainerReportHandler] WARN  container.ContainerReportHandler (AbstractContainerReportHandler.java:updateContainerState(145)) - Container #1 is in OPEN state, but the datanode 38001277-610a-4ad8-827c-4fb892f595e9{ip: 192.168.69.98, host: trunk-nightly-20191022-cthwk-1142398527, networkLocation: /default-rack, certSerialId: null} reports an CLOSED replica.
2019-10-22 04:03:46,458 [EventQueue-ContainerReportForContainerReportHandler] WARN  container.ContainerReportHandler (AbstractContainerReportHandler.java:updateContainerState(145)) - Container #1 is in OPEN state, but the datanode 461aecd4-5005-4e8b-8510-a2b0fc408338{ip: 192.168.69.98, host: trunk-nightly-20191022-cthwk-1142398527, networkLocation: /default-rack, certSerialId: null} reports an CLOSED replica.
2019-10-22 04:03:46,659 [EventQueue-ContainerReportForContainerReportHandler] WARN  container.ContainerReportHandler (AbstractContainerReportHandler.java:updateContainerState(145)) - Container #1 is in OPEN state, but the datanode 38001277-610a-4ad8-827c-4fb892f595e9{ip: 192.168.69.98, host: trunk-nightly-20191022-cthwk-1142398527, networkLocation: /default-rack, certSerialId: null} reports an CLOSED replica.
2019-10-22 04:03:46,858 [EventQueue-ContainerReportForContainerReportHandler] WARN  container.ContainerReportHandler (AbstractContainerReportHandler.java:updateContainerState(145)) - Container #1 is in OPEN state, but the datanode 461aecd4-5005-4e8b-8510-a2b0fc408338{ip: 192.168.69.98, host: trunk-nightly-20191022-cthwk-1142398527, networkLocation: /default-rack, certSerialId: null} reports an CLOSED replica.
2019-10-22 04:03:46,959 [EventQueue-ContainerReportForContainerReportHandler] WARN  container.ContainerReportHandler (AbstractContainerReportHandler.java:updateContainerState(145)) - Container #1 is in OPEN state, but the datanode 38001277-610a-4ad8-827c-4fb892f595e9{ip: 192.168.69.98, host: trunk-nightly-20191022-cthwk-1142398527, networkLocation: /default-rack, certSerialId: null} reports an CLOSED replica.
2019-10-22 04:03:47,158 [EventQueue-ContainerReportForContainerReportHandler] WARN  container.ContainerReportHandler (AbstractContainerReportHandler.java:updateContainerState(145)) - Container #1 is in OPEN state, but the datanode 461aecd4-5005-4e8b-8510-a2b0fc408338{ip: 192.168.69.98, host: trunk-nightly-20191022-cthwk-1142398527, networkLocation: /default-rack, certSerialId: null} reports an CLOSED replica.
2019-10-22 04:03:47,260 [BlockDeletingService#2] WARN  background.BlockDeletingService (BlockDeletingService.java:isDeletionAllowed(187)) - Close Container log Index 6 is not replicated across allthe servers in the pipeline e8ed9056-394a-4d1f-b72e-7a5790695fd8 as the min replicated index is 4. Deletion is not allowed in this container yet.
2019-10-22 04:03:47,260 [BlockDeletingService#2] WARN  background.BlockDeletingService (BlockDeletingService.java:isDeletionAllowed(187)) - Close Container log Index 6 is not replicated across allthe servers in the pipeline e8ed9056-394a-4d1f-b72e-7a5790695fd8 as the min replicated index is 4. Deletion is not allowed in this container yet.
2019-10-22 04:03:47,359 [EventQueue-ContainerReportForContainerReportHandler] WARN  container.ContainerReportHandler (AbstractContainerReportHandler.java:updateContainerState(145)) - Container #1 is in OPEN state, but the datanode 38001277-610a-4ad8-827c-4fb892f595e9{ip: 192.168.69.98, host: trunk-nightly-20191022-cthwk-1142398527, networkLocation: /default-rack, certSerialId: null} reports an CLOSED replica.
2019-10-22 04:03:47,359 [EventQueue-ContainerReportForContainerReportHandler] WARN  container.ContainerReportHandler (AbstractContainerReportHandler.java:updateContainerState(145)) - Container #1 is in OPEN state, but the datanode 461aecd4-5005-4e8b-8510-a2b0fc408338{ip: 192.168.69.98, host: trunk-nightly-20191022-cthwk-1142398527, networkLocation: /default-rack, certSerialId: null} reports an CLOSED replica.
2019-10-22 04:03:47,562 [EventQueue-ContainerReportForContainerReportHandler] WARN  container.ContainerReportHandler (AbstractContainerReportHandler.java:updateContainerState(145)) - Container #1 is in OPEN state, but the datanode 38001277-610a-4ad8-827c-4fb892f595e9{ip: 192.168.69.98, host: trunk-nightly-20191022-cthwk-1142398527, networkLocation: /default-rack, certSerialId: null} reports an CLOSED replica.
2019-10-22 04:03:47,759 [EventQueue-ContainerReportForContainerReportHandler] WARN  container.ContainerReportHandler (AbstractContainerReportHandler.java:updateContainerState(145)) - Container #1 is in OPEN state, but the datanode 461aecd4-5005-4e8b-8510-a2b0fc408338{ip: 192.168.69.98, host: trunk-nightly-20191022-cthwk-1142398527, networkLocation: /default-rack, certSerialId: null} reports an CLOSED replica.
2019-10-22 04:03:47,885 [Thread-342] INFO  client.GrpcClientProtocolService (GrpcClientProtocolService.java:lambda$processClientRequest$0(279)) - Failed RaftClientRequest:client-8579CCF1DDA8->461aecd4-5005-4e8b-8510-a2b0fc408338@group-7A5790695FD8, cid=10, seq=0, Watch-ALL_COMMITTED(6), Message:<EMPTY>, reply=RaftClientReply:client-8579CCF1DDA8->461aecd4-5005-4e8b-8510-a2b0fc408338@group-7A5790695FD8, cid=10, FAILED org.apache.ratis.protocol.NotReplicatedException: Request with call Id 10 and log index 6 is not yet replicated to ALL_COMMITTED, logIndex=6, commits[461aecd4-5005-4e8b-8510-a2b0fc408338:c10, 517ee13d-f3a9-4e94-8f9c-24462d11aaf8:c4, 38001277-610a-4ad8-827c-4fb892f595e9:c10]
2019-10-22 04:03:47,960 [EventQueue-ContainerReportForContainerReportHandler] WARN  container.ContainerReportHandler (AbstractContainerReportHandler.java:updateContainerState(145)) - Container #1 is in OPEN state, but the datanode 38001277-610a-4ad8-827c-4fb892f595e9{ip: 192.168.69.98, host: trunk-nightly-20191022-cthwk-1142398527, networkLocation: /default-rack, certSerialId: null} reports an CLOSED replica.
2019-10-22 04:03:48,059 [EventQueue-ContainerReportForContainerReportHandler] WARN  container.ContainerReportHandler (AbstractContainerReportHandler.java:updateContainerState(145)) - Container #1 is in OPEN state, but the datanode 461aecd4-5005-4e8b-8510-a2b0fc408338{ip: 192.168.69.98, host: trunk-nightly-20191022-cthwk-1142398527, networkLocation: /default-rack, certSerialId: null} reports an CLOSED replica.
2019-10-22 04:03:48,129 [java.util.concurrent.ThreadPoolExecutor$Worker@2202d63d[State = -1, empty queue]] WARN  server.GrpcLogAppender (GrpcLogAppender.java:timeoutAppendRequest(209)) - 461aecd4-5005-4e8b-8510-a2b0fc408338@group-7A5790695FD8->517ee13d-f3a9-4e94-8f9c-24462d11aaf8-GrpcLogAppender: appendEntries Timeout, request=461aecd4-5005-4e8b-8510-a2b0fc408338->517ee13d-f3a9-4e94-8f9c-24462d11aaf8#27-t1, previous=(t:1, i:10), leaderCommit=10, initializing? false, entries: <empty>
2019-10-22 04:03:48,262 [EventQueue-ContainerReportForContainerReportHandler] WARN  container.ContainerReportHandler (AbstractContainerReportHandler.java:updateContainerState(145)) - Container #1 is in OPEN state, but the datanode 38001277-610a-4ad8-827c-4fb892f595e9{ip: 192.168.69.98, host: trunk-nightly-20191022-cthwk-1142398527, networkLocation: /default-rack, certSerialId: null} reports an CLOSED replica.
2019-10-22 04:03:48,263 [BlockDeletingService#2] WARN  background.BlockDeletingService (BlockDeletingService.java:isDeletionAllowed(187)) - Close Container log Index 6 is not replicated across allthe servers in the pipeline e8ed9056-394a-4d1f-b72e-7a5790695fd8 as the min replicated index is 4. Deletion is not allowed in this container yet.
2019-10-22 04:03:48,263 [BlockDeletingService#2] WARN  background.BlockDeletingService (BlockDeletingService.java:isDeletionAllowed(187)) - Close Container log Index 6 is not replicated across allthe servers in the pipeline e8ed9056-394a-4d1f-b72e-7a5790695fd8 as the min replicated index is 4. Deletion is not allowed in this container yet.
2019-10-22 04:03:48,459 [EventQueue-ContainerReportForContainerReportHandler] WARN  container.ContainerReportHandler (AbstractContainerReportHandler.java:updateContainerState(145)) - Container #1 is in OPEN state, but the datanode 461aecd4-5005-4e8b-8510-a2b0fc408338{ip: 192.168.69.98, host: trunk-nightly-20191022-cthwk-1142398527, networkLocation: /default-rack, certSerialId: null} reports an CLOSED replica.
2019-10-22 04:03:48,461 [EventQueue-ContainerReportForContainerReportHandler] WARN  container.ContainerReportHandler (AbstractContainerReportHandler.java:updateContainerState(145)) - Container #1 is in OPEN state, but the datanode 38001277-610a-4ad8-827c-4fb892f595e9{ip: 192.168.69.98, host: trunk-nightly-20191022-cthwk-1142398527, networkLocation: /default-rack, certSerialId: null} reports an CLOSED replica.
2019-10-22 04:03:48,861 [EventQueue-ContainerReportForContainerReportHandler] WARN  container.ContainerReportHandler (AbstractContainerReportHandler.java:updateContainerState(145)) - Container #1 is in OPEN state, but the datanode 38001277-610a-4ad8-827c-4fb892f595e9{ip: 192.168.69.98, host: trunk-nightly-20191022-cthwk-1142398527, networkLocation: /default-rack, certSerialId: null} reports an CLOSED replica.
2019-10-22 04:03:48,863 [EventQueue-ContainerReportForContainerReportHandler] WARN  container.ContainerReportHandler (AbstractContainerReportHandler.java:updateContainerState(145)) - Container #1 is in OPEN state, but the datanode 461aecd4-5005-4e8b-8510-a2b0fc408338{ip: 192.168.69.98, host: trunk-nightly-20191022-cthwk-1142398527, networkLocation: /default-rack, certSerialId: null} reports an CLOSED replica.
2019-10-22 04:03:49,161 [EventQueue-ContainerReportForContainerReportHandler] WARN  container.ContainerReportHandler (AbstractContainerReportHandler.java:updateContainerState(145)) - Container #1 is in OPEN state, but the datanode 38001277-610a-4ad8-827c-4fb892f595e9{ip: 192.168.69.98, host: trunk-nightly-20191022-cthwk-1142398527, networkLocation: /default-rack, certSerialId: null} reports an CLOSED replica.
2019-10-22 04:03:49,165 [EventQueue-ContainerReportForContainerReportHandler] WARN  container.ContainerReportHandler (AbstractContainerReportHandler.java:updateContainerState(145)) - Container #1 is in OPEN state, but the datanode 461aecd4-5005-4e8b-8510-a2b0fc408338{ip: 192.168.69.98, host: trunk-nightly-20191022-cthwk-1142398527, networkLocation: /default-rack, certSerialId: null} reports an CLOSED replica.
2019-10-22 04:03:49,264 [BlockDeletingService#2] WARN  background.BlockDeletingService (BlockDeletingService.java:isDeletionAllowed(187)) - Close Container log Index 6 is not replicated across allthe servers in the pipeline e8ed9056-394a-4d1f-b72e-7a5790695fd8 as the min replicated index is 4. Deletion is not allowed in this container yet.
2019-10-22 04:03:49,265 [BlockDeletingService#2] WARN  background.BlockDeletingService (BlockDeletingService.java:isDeletionAllowed(187)) - Close Container log Index 6 is not replicated across allthe servers in the pipeline e8ed9056-394a-4d1f-b72e-7a5790695fd8 as the min replicated index is 4. Deletion is not allowed in this container yet.
2019-10-22 04:03:49,365 [EventQueue-ContainerReportForContainerReportHandler] WARN  container.ContainerReportHandler (AbstractContainerReportHandler.java:updateContainerState(145)) - Container #1 is in OPEN state, but the datanode 461aecd4-5005-4e8b-8510-a2b0fc408338{ip: 192.168.69.98, host: trunk-nightly-20191022-cthwk-1142398527, networkLocation: /default-rack, certSerialId: null} reports an CLOSED replica.
2019-10-22 04:03:49,561 [EventQueue-ContainerReportForContainerReportHandler] WARN  container.ContainerReportHandler (AbstractContainerReportHandler.java:updateContainerState(145)) - Container #1 is in OPEN state, but the datanode 38001277-610a-4ad8-827c-4fb892f595e9{ip: 192.168.69.98, host: trunk-nightly-20191022-cthwk-1142398527, networkLocation: /default-rack, certSerialId: null} reports an CLOSED replica.
2019-10-22 04:03:49,664 [EventQueue-ContainerReportForContainerReportHandler] WARN  container.ContainerReportHandler (AbstractContainerReportHandler.java:updateContainerState(145)) - Container #1 is in OPEN state, but the datanode 461aecd4-5005-4e8b-8510-a2b0fc408338{ip: 192.168.69.98, host: trunk-nightly-20191022-cthwk-1142398527, networkLocation: /default-rack, certSerialId: null} reports an CLOSED replica.
2019-10-22 04:03:49,862 [EventQueue-ContainerReportForContainerReportHandler] WARN  container.ContainerReportHandler (AbstractContainerReportHandler.java:updateContainerState(145)) - Container #1 is in OPEN state, but the datanode 38001277-610a-4ad8-827c-4fb892f595e9{ip: 192.168.69.98, host: trunk-nightly-20191022-cthwk-1142398527, networkLocation: /default-rack, certSerialId: null} reports an CLOSED replica.
2019-10-22 04:03:49,864 [EventQueue-ContainerReportForContainerReportHandler] WARN  container.ContainerReportHandler (AbstractContainerReportHandler.java:updateContainerState(145)) - Container #1 is in OPEN state, but the datanode 461aecd4-5005-4e8b-8510-a2b0fc408338{ip: 192.168.69.98, host: trunk-nightly-20191022-cthwk-1142398527, networkLocation: /default-rack, certSerialId: null} reports an CLOSED replica.
2019-10-22 04:03:50,162 [EventQueue-ContainerReportForContainerReportHandler] WARN  container.ContainerReportHandler (AbstractContainerReportHandler.java:updateContainerState(145)) - Container #1 is in OPEN state, but the datanode 38001277-610a-4ad8-827c-4fb892f595e9{ip: 192.168.69.98, host: trunk-nightly-20191022-cthwk-1142398527, networkLocation: /default-rack, certSerialId: null} reports an CLOSED replica.
2019-10-22 04:03:50,164 [EventQueue-ContainerReportForContainerReportHandler] WARN  container.ContainerReportHandler (AbstractContainerReportHandler.java:updateContainerState(145)) - Container #1 is in OPEN state, but the datanode 461aecd4-5005-4e8b-8510-a2b0fc408338{ip: 192.168.69.98, host: trunk-nightly-20191022-cthwk-1142398527, networkLocation: /default-rack, certSerialId: null} reports an CLOSED replica.
2019-10-22 04:03:50,266 [BlockDeletingService#2] WARN  background.BlockDeletingService (BlockDeletingService.java:isDeletionAllowed(187)) - Close Container log Index 6 is not replicated across allthe servers in the pipeline e8ed9056-394a-4d1f-b72e-7a5790695fd8 as the min replicated index is 4. Deletion is not allowed in this container yet.
2019-10-22 04:03:50,266 [BlockDeletingService#2] WARN  background.BlockDeletingService (BlockDeletingService.java:isDeletionAllowed(187)) - Close Container log Index 6 is not replicated across allthe servers in the pipeline e8ed9056-394a-4d1f-b72e-7a5790695fd8 as the min replicated index is 4. Deletion is not allowed in this container yet.
2019-10-22 04:03:50,363 [EventQueue-ContainerReportForContainerReportHandler] WARN  container.ContainerReportHandler (AbstractContainerReportHandler.java:updateContainerState(145)) - Container #1 is in OPEN state, but the datanode 38001277-610a-4ad8-827c-4fb892f595e9{ip: 192.168.69.98, host: trunk-nightly-20191022-cthwk-1142398527, networkLocation: /default-rack, certSerialId: null} reports an CLOSED replica.
2019-10-22 04:03:50,464 [EventQueue-ContainerReportForContainerReportHandler] WARN  container.ContainerReportHandler (AbstractContainerReportHandler.java:updateContainerState(145)) - Container #1 is in OPEN state, but the datanode 461aecd4-5005-4e8b-8510-a2b0fc408338{ip: 192.168.69.98, host: trunk-nightly-20191022-cthwk-1142398527, networkLocation: /default-rack, certSerialId: null} reports an CLOSED replica.
2019-10-22 04:03:50,631 [java.util.concurrent.ThreadPoolExecutor$Worker@2202d63d[State = -1, empty queue]] WARN  server.GrpcLogAppender (GrpcLogAppender.java:timeoutAppendRequest(209)) - 461aecd4-5005-4e8b-8510-a2b0fc408338@group-7A5790695FD8->517ee13d-f3a9-4e94-8f9c-24462d11aaf8-GrpcLogAppender: appendEntries Timeout, request=461aecd4-5005-4e8b-8510-a2b0fc408338->517ee13d-f3a9-4e94-8f9c-24462d11aaf8#28-t1, previous=(t:1, i:10), leaderCommit=10, initializing? false, entries: <empty>
2019-10-22 04:03:50,664 [EventQueue-ContainerReportForContainerReportHandler] WARN  container.ContainerReportHandler (AbstractContainerReportHandler.java:updateContainerState(145)) - Container #1 is in OPEN state, but the datanode 461aecd4-5005-4e8b-8510-a2b0fc408338{ip: 192.168.69.98, host: trunk-nightly-20191022-cthwk-1142398527, networkLocation: /default-rack, certSerialId: null} reports an CLOSED replica.
2019-10-22 04:03:50,763 [EventQueue-ContainerReportForContainerReportHandler] WARN  container.ContainerReportHandler (AbstractContainerReportHandler.java:updateContainerState(145)) - Container #1 is in OPEN state, but the datanode 38001277-610a-4ad8-827c-4fb892f595e9{ip: 192.168.69.98, host: trunk-nightly-20191022-cthwk-1142398527, networkLocation: /default-rack, certSerialId: null} reports an CLOSED replica.
2019-10-22 04:03:50,964 [EventQueue-ContainerReportForContainerReportHandler] WARN  container.ContainerReportHandler (AbstractContainerReportHandler.java:updateContainerState(145)) - Container #1 is in OPEN state, but the datanode 461aecd4-5005-4e8b-8510-a2b0fc408338{ip: 192.168.69.98, host: trunk-nightly-20191022-cthwk-1142398527, networkLocation: /default-rack, certSerialId: null} reports an CLOSED replica.
2019-10-22 04:03:51,163 [EventQueue-ContainerReportForContainerReportHandler] WARN  container.ContainerReportHandler (AbstractContainerReportHandler.java:updateContainerState(145)) - Container #1 is in OPEN state, but the datanode 38001277-610a-4ad8-827c-4fb892f595e9{ip: 192.168.69.98, host: trunk-nightly-20191022-cthwk-1142398527, networkLocation: /default-rack, certSerialId: null} reports an CLOSED replica.
2019-10-22 04:03:51,264 [EventQueue-ContainerReportForContainerReportHandler] WARN  container.ContainerReportHandler (AbstractContainerReportHandler.java:updateContainerState(145)) - Container #1 is in OPEN state, but the datanode 461aecd4-5005-4e8b-8510-a2b0fc408338{ip: 192.168.69.98, host: trunk-nightly-20191022-cthwk-1142398527, networkLocation: /default-rack, certSerialId: null} reports an CLOSED replica.
2019-10-22 04:03:51,268 [BlockDeletingService#2] WARN  background.BlockDeletingService (BlockDeletingService.java:isDeletionAllowed(187)) - Close Container log Index 6 is not replicated across allthe servers in the pipeline e8ed9056-394a-4d1f-b72e-7a5790695fd8 as the min replicated index is 4. Deletion is not allowed in this container yet.
2019-10-22 04:03:51,268 [BlockDeletingService#2] WARN  background.BlockDeletingService (BlockDeletingService.java:isDeletionAllowed(187)) - Close Container log Index 6 is not replicated across allthe servers in the pipeline e8ed9056-394a-4d1f-b72e-7a5790695fd8 as the min replicated index is 4. Deletion is not allowed in this container yet.
2019-10-22 04:03:51,463 [EventQueue-ContainerReportForContainerReportHandler] WARN  container.ContainerReportHandler (AbstractContainerReportHandler.java:updateContainerState(145)) - Container #1 is in OPEN state, but the datanode 38001277-610a-4ad8-827c-4fb892f595e9{ip: 192.168.69.98, host: trunk-nightly-20191022-cthwk-1142398527, networkLocation: /default-rack, certSerialId: null} reports an CLOSED replica.
2019-10-22 04:03:51,566 [EventQueue-ContainerReportForContainerReportHandler] WARN  container.ContainerReportHandler (AbstractContainerReportHandler.java:updateContainerState(145)) - Container #1 is in OPEN state, but the datanode 461aecd4-5005-4e8b-8510-a2b0fc408338{ip: 192.168.69.98, host: trunk-nightly-20191022-cthwk-1142398527, networkLocation: /default-rack, certSerialId: null} reports an CLOSED replica.
2019-10-22 04:03:51,764 [EventQueue-ContainerReportForContainerReportHandler] WARN  container.ContainerReportHandler (AbstractContainerReportHandler.java:updateContainerState(145)) - Container #1 is in OPEN state, but the datanode 38001277-610a-4ad8-827c-4fb892f595e9{ip: 192.168.69.98, host: trunk-nightly-20191022-cthwk-1142398527, networkLocation: /default-rack, certSerialId: null} reports an CLOSED replica.
2019-10-22 04:03:51,765 [EventQueue-ContainerReportForContainerReportHandler] WARN  container.ContainerReportHandler (AbstractContainerReportHandler.java:updateContainerState(145)) - Container #1 is in OPEN state, but the datanode 461aecd4-5005-4e8b-8510-a2b0fc408338{ip: 192.168.69.98, host: trunk-nightly-20191022-cthwk-1142398527, networkLocation: /default-rack, certSerialId: null} reports an CLOSED replica.
2019-10-22 04:03:51,966 [EventQueue-ContainerReportForContainerReportHandler] WARN  container.ContainerReportHandler (AbstractContainerReportHandler.java:updateContainerState(145)) - Container #1 is in OPEN state, but the datanode 461aecd4-5005-4e8b-8510-a2b0fc408338{ip: 192.168.69.98, host: trunk-nightly-20191022-cthwk-1142398527, networkLocation: /default-rack, certSerialId: null} reports an CLOSED replica.
2019-10-22 04:03:52,063 [EventQueue-ContainerReportForContainerReportHandler] WARN  container.ContainerReportHandler (AbstractContainerReportHandler.java:updateContainerState(145)) - Container #1 is in OPEN state, but the datanode 38001277-610a-4ad8-827c-4fb892f595e9{ip: 192.168.69.98, host: trunk-nightly-20191022-cthwk-1142398527, networkLocation: /default-rack, certSerialId: null} reports an CLOSED replica.
2019-10-22 04:03:52,266 [EventQueue-ContainerReportForContainerReportHandler] WARN  container.ContainerReportHandler (AbstractContainerReportHandler.java:updateContainerState(145)) - Container #1 is in OPEN state, but the datanode 461aecd4-5005-4e8b-8510-a2b0fc408338{ip: 192.168.69.98, host: trunk-nightly-20191022-cthwk-1142398527, networkLocation: /default-rack, certSerialId: null} reports an CLOSED replica.
2019-10-22 04:03:52,270 [BlockDeletingService#2] WARN  background.BlockDeletingService (BlockDeletingService.java:isDeletionAllowed(187)) - Close Container log Index 6 is not replicated across allthe servers in the pipeline e8ed9056-394a-4d1f-b72e-7a5790695fd8 as the min replicated index is 4. Deletion is not allowed in this container yet.
2019-10-22 04:03:52,270 [BlockDeletingService#2] WARN  background.BlockDeletingService (BlockDeletingService.java:isDeletionAllowed(187)) - Close Container log Index 6 is not replicated across allthe servers in the pipeline e8ed9056-394a-4d1f-b72e-7a5790695fd8 as the min replicated index is 4. Deletion is not allowed in this container yet.
2019-10-22 04:03:52,363 [EventQueue-ContainerReportForContainerReportHandler] WARN  container.ContainerReportHandler (AbstractContainerReportHandler.java:updateContainerState(145)) - Container #1 is in OPEN state, but the datanode 38001277-610a-4ad8-827c-4fb892f595e9{ip: 192.168.69.98, host: trunk-nightly-20191022-cthwk-1142398527, networkLocation: /default-rack, certSerialId: null} reports an CLOSED replica.
2019-10-22 04:03:52,564 [EventQueue-ContainerReportForContainerReportHandler] WARN  container.ContainerReportHandler (AbstractContainerReportHandler.java:updateContainerState(145)) - Container #1 is in OPEN state, but the datanode 38001277-610a-4ad8-827c-4fb892f595e9{ip: 192.168.69.98, host: trunk-nightly-20191022-cthwk-1142398527, networkLocation: /default-rack, certSerialId: null} reports an CLOSED replica.
2019-10-22 04:03:52,566 [EventQueue-ContainerReportForContainerReportHandler] WARN  container.ContainerReportHandler (AbstractContainerReportHandler.java:updateContainerState(145)) - Container #1 is in OPEN state, but the datanode 461aecd4-5005-4e8b-8510-a2b0fc408338{ip: 192.168.69.98, host: trunk-nightly-20191022-cthwk-1142398527, networkLocation: /default-rack, certSerialId: null} reports an CLOSED replica.
2019-10-22 04:03:52,865 [EventQueue-ContainerReportForContainerReportHandler] WARN  container.ContainerReportHandler (AbstractContainerReportHandler.java:updateContainerState(145)) - Container #1 is in OPEN state, but the datanode 38001277-610a-4ad8-827c-4fb892f595e9{ip: 192.168.69.98, host: trunk-nightly-20191022-cthwk-1142398527, networkLocation: /default-rack, certSerialId: null} reports an CLOSED replica.
2019-10-22 04:03:52,966 [EventQueue-ContainerReportForContainerReportHandler] WARN  container.ContainerReportHandler (AbstractContainerReportHandler.java:updateContainerState(145)) - Container #1 is in OPEN state, but the datanode 461aecd4-5005-4e8b-8510-a2b0fc408338{ip: 192.168.69.98, host: trunk-nightly-20191022-cthwk-1142398527, networkLocation: /default-rack, certSerialId: null} reports an CLOSED replica.
2019-10-22 04:03:53,065 [EventQueue-ContainerReportForContainerReportHandler] WARN  container.ContainerReportHandler (AbstractContainerReportHandler.java:updateContainerState(145)) - Container #1 is in OPEN state, but the datanode 38001277-610a-4ad8-827c-4fb892f595e9{ip: 192.168.69.98, host: trunk-nightly-20191022-cthwk-1142398527, networkLocation: /default-rack, certSerialId: null} reports an CLOSED replica.
2019-10-22 04:03:53,133 [java.util.concurrent.ThreadPoolExecutor$Worker@2202d63d[State = -1, empty queue]] WARN  server.GrpcLogAppender (GrpcLogAppender.java:timeoutAppendRequest(209)) - 461aecd4-5005-4e8b-8510-a2b0fc408338@group-7A5790695FD8->517ee13d-f3a9-4e94-8f9c-24462d11aaf8-GrpcLogAppender: appendEntries Timeout, request=461aecd4-5005-4e8b-8510-a2b0fc408338->517ee13d-f3a9-4e94-8f9c-24462d11aaf8#29-t1, previous=(t:1, i:10), leaderCommit=10, initializing? false, entries: <empty>
2019-10-22 04:03:53,167 [EventQueue-ContainerReportForContainerReportHandler] WARN  container.ContainerReportHandler (AbstractContainerReportHandler.java:updateContainerState(145)) - Container #1 is in OPEN state, but the datanode 461aecd4-5005-4e8b-8510-a2b0fc408338{ip: 192.168.69.98, host: trunk-nightly-20191022-cthwk-1142398527, networkLocation: /default-rack, certSerialId: null} reports an CLOSED replica.
2019-10-22 04:03:53,271 [BlockDeletingService#2] WARN  background.BlockDeletingService (BlockDeletingService.java:isDeletionAllowed(187)) - Close Container log Index 6 is not replicated across allthe servers in the pipeline e8ed9056-394a-4d1f-b72e-7a5790695fd8 as the min replicated index is 4. Deletion is not allowed in this container yet.
2019-10-22 04:03:53,272 [BlockDeletingService#2] WARN  background.BlockDeletingService (BlockDeletingService.java:isDeletionAllowed(187)) - Close Container log Index 6 is not replicated across allthe servers in the pipeline e8ed9056-394a-4d1f-b72e-7a5790695fd8 as the min replicated index is 4. Deletion is not allowed in this container yet.
2019-10-22 04:03:53,365 [EventQueue-ContainerReportForContainerReportHandler] WARN  container.ContainerReportHandler (AbstractContainerReportHandler.java:updateContainerState(145)) - Container #1 is in OPEN state, but the datanode 38001277-610a-4ad8-827c-4fb892f595e9{ip: 192.168.69.98, host: trunk-nightly-20191022-cthwk-1142398527, networkLocation: /default-rack, certSerialId: null} reports an CLOSED replica.
2019-10-22 04:03:53,468 [EventQueue-ContainerReportForContainerReportHandler] WARN  container.ContainerReportHandler (AbstractContainerReportHandler.java:updateContainerState(145)) - Container #1 is in OPEN state, but the datanode 461aecd4-5005-4e8b-8510-a2b0fc408338{ip: 192.168.69.98, host: trunk-nightly-20191022-cthwk-1142398527, networkLocation: /default-rack, certSerialId: null} reports an CLOSED replica.
2019-10-22 04:03:53,665 [EventQueue-ContainerReportForContainerReportHandler] WARN  container.ContainerReportHandler (AbstractContainerReportHandler.java:updateContainerState(145)) - Container #1 is in OPEN state, but the datanode 38001277-610a-4ad8-827c-4fb892f595e9{ip: 192.168.69.98, host: trunk-nightly-20191022-cthwk-1142398527, networkLocation: /default-rack, certSerialId: null} reports an CLOSED replica.
2019-10-22 04:03:53,669 [EventQueue-ContainerReportForContainerReportHandler] WARN  container.ContainerReportHandler (AbstractContainerReportHandler.java:updateContainerState(145)) - Container #1 is in OPEN state, but the datanode 461aecd4-5005-4e8b-8510-a2b0fc408338{ip: 192.168.69.98, host: trunk-nightly-20191022-cthwk-1142398527, networkLocation: /default-rack, certSerialId: null} reports an CLOSED replica.
2019-10-22 04:03:53,967 [EventQueue-ContainerReportForContainerReportHandler] WARN  container.ContainerReportHandler (AbstractContainerReportHandler.java:updateContainerState(145)) - Container #1 is in OPEN state, but the datanode 38001277-610a-4ad8-827c-4fb892f595e9{ip: 192.168.69.98, host: trunk-nightly-20191022-cthwk-1142398527, networkLocation: /default-rack, certSerialId: null} reports an CLOSED replica.
2019-10-22 04:03:54,069 [EventQueue-ContainerReportForContainerReportHandler] WARN  container.ContainerReportHandler (AbstractContainerReportHandler.java:updateContainerState(145)) - Container #1 is in OPEN state, but the datanode 461aecd4-5005-4e8b-8510-a2b0fc408338{ip: 192.168.69.98, host: trunk-nightly-20191022-cthwk-1142398527, networkLocation: /default-rack, certSerialId: null} reports an CLOSED replica.
2019-10-22 04:03:54,166 [EventQueue-ContainerReportForContainerReportHandler] WARN  container.ContainerReportHandler (AbstractContainerReportHandler.java:updateContainerState(145)) - Container #1 is in OPEN state, but the datanode 38001277-610a-4ad8-827c-4fb892f595e9{ip: 192.168.69.98, host: trunk-nightly-20191022-cthwk-1142398527, networkLocation: /default-rack, certSerialId: null} reports an CLOSED replica.
2019-10-22 04:03:54,273 [BlockDeletingService#2] WARN  background.BlockDeletingService (BlockDeletingService.java:isDeletionAllowed(187)) - Close Container log Index 6 is not replicated across allthe servers in the pipeline e8ed9056-394a-4d1f-b72e-7a5790695fd8 as the min replicated index is 4. Deletion is not allowed in this container yet.
2019-10-22 04:03:54,273 [BlockDeletingService#2] WARN  background.BlockDeletingService (BlockDeletingService.java:isDeletionAllowed(187)) - Close Container log Index 6 is not replicated across allthe servers in the pipeline e8ed9056-394a-4d1f-b72e-7a5790695fd8 as the min replicated index is 4. Deletion is not allowed in this container yet.
2019-10-22 04:03:54,467 [EventQueue-ContainerReportForContainerReportHandler] WARN  container.ContainerReportHandler (AbstractContainerReportHandler.java:updateContainerState(145)) - Container #1 is in OPEN state, but the datanode 38001277-610a-4ad8-827c-4fb892f595e9{ip: 192.168.69.98, host: trunk-nightly-20191022-cthwk-1142398527, networkLocation: /default-rack, certSerialId: null} reports an CLOSED replica.
2019-10-22 04:03:54,469 [EventQueue-ContainerReportForContainerReportHandler] WARN  container.ContainerReportHandler (AbstractContainerReportHandler.java:updateContainerState(145)) - Container #1 is in OPEN state, but the datanode 461aecd4-5005-4e8b-8510-a2b0fc408338{ip: 192.168.69.98, host: trunk-nightly-20191022-cthwk-1142398527, networkLocation: /default-rack, certSerialId: null} reports an CLOSED replica.
2019-10-22 04:03:54,668 [EventQueue-ContainerReportForContainerReportHandler] WARN  container.ContainerReportHandler (AbstractContainerReportHandler.java:updateContainerState(145)) - Container #1 is in OPEN state, but the datanode 38001277-610a-4ad8-827c-4fb892f595e9{ip: 192.168.69.98, host: trunk-nightly-20191022-cthwk-1142398527, networkLocation: /default-rack, certSerialId: null} reports an CLOSED replica.
2019-10-22 04:03:54,770 [EventQueue-ContainerReportForContainerReportHandler] WARN  container.ContainerReportHandler (AbstractContainerReportHandler.java:updateContainerState(145)) - Container #1 is in OPEN state, but the datanode 461aecd4-5005-4e8b-8510-a2b0fc408338{ip: 192.168.69.98, host: trunk-nightly-20191022-cthwk-1142398527, networkLocation: /default-rack, certSerialId: null} reports an CLOSED replica.
2019-10-22 04:03:54,972 [EventQueue-ContainerReportForContainerReportHandler] WARN  container.ContainerReportHandler (AbstractContainerReportHandler.java:updateContainerState(145)) - Container #1 is in OPEN state, but the datanode 461aecd4-5005-4e8b-8510-a2b0fc408338{ip: 192.168.69.98, host: trunk-nightly-20191022-cthwk-1142398527, networkLocation: /default-rack, certSerialId: null} reports an CLOSED replica.
2019-10-22 04:03:55,068 [EventQueue-ContainerReportForContainerReportHandler] WARN  container.ContainerReportHandler (AbstractContainerReportHandler.java:updateContainerState(145)) - Container #1 is in OPEN state, but the datanode 38001277-610a-4ad8-827c-4fb892f595e9{ip: 192.168.69.98, host: trunk-nightly-20191022-cthwk-1142398527, networkLocation: /default-rack, certSerialId: null} reports an CLOSED replica.
2019-10-22 04:03:55,274 [BlockDeletingService#2] WARN  background.BlockDeletingService (BlockDeletingService.java:isDeletionAllowed(187)) - Close Container log Index 6 is not replicated across allthe servers in the pipeline e8ed9056-394a-4d1f-b72e-7a5790695fd8 as the min replicated index is 4. Deletion is not allowed in this container yet.
2019-10-22 04:03:55,275 [BlockDeletingService#2] WARN  background.BlockDeletingService (BlockDeletingService.java:isDeletionAllowed(187)) - Close Container log Index 6 is not replicated across allthe servers in the pipeline e8ed9056-394a-4d1f-b72e-7a5790695fd8 as the min replicated index is 4. Deletion is not allowed in this container yet.
2019-10-22 04:03:55,368 [EventQueue-ContainerReportForContainerReportHandler] WARN  container.ContainerReportHandler (AbstractContainerReportHandler.java:updateContainerState(145)) - Container #1 is in OPEN state, but the datanode 38001277-610a-4ad8-827c-4fb892f595e9{ip: 192.168.69.98, host: trunk-nightly-20191022-cthwk-1142398527, networkLocation: /default-rack, certSerialId: null} reports an CLOSED replica.
2019-10-22 04:03:55,373 [EventQueue-ContainerReportForContainerReportHandler] WARN  container.ContainerReportHandler (AbstractContainerReportHandler.java:updateContainerState(145)) - Container #1 is in OPEN state, but the datanode 461aecd4-5005-4e8b-8510-a2b0fc408338{ip: 192.168.69.98, host: trunk-nightly-20191022-cthwk-1142398527, networkLocation: /default-rack, certSerialId: null} reports an CLOSED replica.
2019-10-22 04:03:55,634 [java.util.concurrent.ThreadPoolExecutor$Worker@2202d63d[State = -1, empty queue]] WARN  server.GrpcLogAppender (GrpcLogAppender.java:timeoutAppendRequest(209)) - 461aecd4-5005-4e8b-8510-a2b0fc408338@group-7A5790695FD8->517ee13d-f3a9-4e94-8f9c-24462d11aaf8-GrpcLogAppender: appendEntries Timeout, request=461aecd4-5005-4e8b-8510-a2b0fc408338->517ee13d-f3a9-4e94-8f9c-24462d11aaf8#30-t1, previous=(t:1, i:10), leaderCommit=10, initializing? false, entries: <empty>
2019-10-22 04:03:55,668 [EventQueue-ContainerReportForContainerReportHandler] WARN  container.ContainerReportHandler (AbstractContainerReportHandler.java:updateContainerState(145)) - Container #1 is in OPEN state, but the datanode 38001277-610a-4ad8-827c-4fb892f595e9{ip: 192.168.69.98, host: trunk-nightly-20191022-cthwk-1142398527, networkLocation: /default-rack, certSerialId: null} reports an CLOSED replica.
2019-10-22 04:03:55,773 [EventQueue-ContainerReportForContainerReportHandler] WARN  container.ContainerReportHandler (AbstractContainerReportHandler.java:updateContainerState(145)) - Container #1 is in OPEN state, but the datanode 461aecd4-5005-4e8b-8510-a2b0fc408338{ip: 192.168.69.98, host: trunk-nightly-20191022-cthwk-1142398527, networkLocation: /default-rack, certSerialId: null} reports an CLOSED replica.
2019-10-22 04:03:55,868 [EventQueue-ContainerReportForContainerReportHandler] WARN  container.ContainerReportHandler (AbstractContainerReportHandler.java:updateContainerState(145)) - Container #1 is in OPEN state, but the datanode 38001277-610a-4ad8-827c-4fb892f595e9{ip: 192.168.69.98, host: trunk-nightly-20191022-cthwk-1142398527, networkLocation: /default-rack, certSerialId: null} reports an CLOSED replica.
2019-10-22 04:03:56,074 [EventQueue-ContainerReportForContainerReportHandler] WARN  container.ContainerReportHandler (AbstractContainerReportHandler.java:updateContainerState(145)) - Container #1 is in OPEN state, but the datanode 461aecd4-5005-4e8b-8510-a2b0fc408338{ip: 192.168.69.98, host: trunk-nightly-20191022-cthwk-1142398527, networkLocation: /default-rack, certSerialId: null} reports an CLOSED replica.
2019-10-22 04:03:56,170 [EventQueue-ContainerReportForContainerReportHandler] WARN  container.ContainerReportHandler (AbstractContainerReportHandler.java:updateContainerState(145)) - Container #1 is in OPEN state, but the datanode 38001277-610a-4ad8-827c-4fb892f595e9{ip: 192.168.69.98, host: trunk-nightly-20191022-cthwk-1142398527, networkLocation: /default-rack, certSerialId: null} reports an CLOSED replica.
2019-10-22 04:03:56,194 [Thread-367] INFO  client.GrpcClientProtocolService (GrpcClientProtocolService.java:lambda$processClientRequest$0(279)) - Failed RaftClientRequest:client-8579CCF1DDA8->38001277-610a-4ad8-827c-4fb892f595e9@group-7A5790695FD8, cid=10, seq=0, Watch-ALL_COMMITTED(6), Message:<EMPTY>, reply=RaftClientReply:client-8579CCF1DDA8->38001277-610a-4ad8-827c-4fb892f595e9@group-7A5790695FD8, cid=10, FAILED org.apache.ratis.protocol.NotLeaderException: Server 38001277-610a-4ad8-827c-4fb892f595e9@group-7A5790695FD8 is not the leader 461aecd4-5005-4e8b-8510-a2b0fc408338:192.168.69.98:41544, logIndex=0, commits[38001277-610a-4ad8-827c-4fb892f595e9:c10, 517ee13d-f3a9-4e94-8f9c-24462d11aaf8:c4, 461aecd4-5005-4e8b-8510-a2b0fc408338:c10]
2019-10-22 04:03:56,276 [BlockDeletingService#2] WARN  background.BlockDeletingService (BlockDeletingService.java:isDeletionAllowed(187)) - Close Container log Index 6 is not replicated across allthe servers in the pipeline e8ed9056-394a-4d1f-b72e-7a5790695fd8 as the min replicated index is 4. Deletion is not allowed in this container yet.
2019-10-22 04:03:56,276 [BlockDeletingService#2] WARN  background.BlockDeletingService (BlockDeletingService.java:isDeletionAllowed(187)) - Close Container log Index 6 is not replicated across allthe servers in the pipeline e8ed9056-394a-4d1f-b72e-7a5790695fd8 as the min replicated index is 4. Deletion is not allowed in this container yet.
2019-10-22 04:03:56,375 [EventQueue-ContainerReportForContainerReportHandler] WARN  container.ContainerReportHandler (AbstractContainerReportHandler.java:updateContainerState(145)) - Container #1 is in OPEN state, but the datanode 461aecd4-5005-4e8b-8510-a2b0fc408338{ip: 192.168.69.98, host: trunk-nightly-20191022-cthwk-1142398527, networkLocation: /default-rack, certSerialId: null} reports an CLOSED replica.
2019-10-22 04:03:56,469 [EventQueue-ContainerReportForContainerReportHandler] WARN  container.ContainerReportHandler (AbstractContainerReportHandler.java:updateContainerState(145)) - Container #1 is in OPEN state, but the datanode 38001277-610a-4ad8-827c-4fb892f595e9{ip: 192.168.69.98, host: trunk-nightly-20191022-cthwk-1142398527, networkLocation: /default-rack, certSerialId: null} reports an CLOSED replica.
2019-10-22 04:03:56,673 [EventQueue-ContainerReportForContainerReportHandler] WARN  container.ContainerReportHandler (AbstractContainerReportHandler.java:updateContainerState(145)) - Container #1 is in OPEN state, but the datanode 38001277-610a-4ad8-827c-4fb892f595e9{ip: 192.168.69.98, host: trunk-nightly-20191022-cthwk-1142398527, networkLocation: /default-rack, certSerialId: null} reports an CLOSED replica.
2019-10-22 04:03:56,675 [EventQueue-ContainerReportForContainerReportHandler] WARN  container.ContainerReportHandler (AbstractContainerReportHandler.java:updateContainerState(145)) - Container #1 is in OPEN state, but the datanode 461aecd4-5005-4e8b-8510-a2b0fc408338{ip: 192.168.69.98, host: trunk-nightly-20191022-cthwk-1142398527, networkLocation: /default-rack, certSerialId: null} reports an CLOSED replica.
2019-10-22 04:03:56,875 [EventQueue-ContainerReportForContainerReportHandler] WARN  container.ContainerReportHandler (AbstractContainerReportHandler.java:updateContainerState(145)) - Container #1 is in OPEN state, but the datanode 461aecd4-5005-4e8b-8510-a2b0fc408338{ip: 192.168.69.98, host: trunk-nightly-20191022-cthwk-1142398527, networkLocation: /default-rack, certSerialId: null} reports an CLOSED replica.
2019-10-22 04:03:56,885 [Thread-372] INFO  client.GrpcClientProtocolService (GrpcClientProtocolService.java:lambda$processClientRequest$0(279)) - Failed RaftClientRequest:client-8579CCF1DDA8->461aecd4-5005-4e8b-8510-a2b0fc408338@group-7A5790695FD8, cid=10, seq=0, Watch-ALL_COMMITTED(6), Message:<EMPTY>, reply=RaftClientReply:client-8579CCF1DDA8->461aecd4-5005-4e8b-8510-a2b0fc408338@group-7A5790695FD8, cid=10, FAILED org.apache.ratis.protocol.NotReplicatedException: Request with call Id 10 and log index 6 is not yet replicated to ALL_COMMITTED, logIndex=6, commits[461aecd4-5005-4e8b-8510-a2b0fc408338:c10, 517ee13d-f3a9-4e94-8f9c-24462d11aaf8:c4, 38001277-610a-4ad8-827c-4fb892f595e9:c10]
2019-10-22 04:03:56,970 [EventQueue-ContainerReportForContainerReportHandler] WARN  container.ContainerReportHandler (AbstractContainerReportHandler.java:updateContainerState(145)) - Container #1 is in OPEN state, but the datanode 38001277-610a-4ad8-827c-4fb892f595e9{ip: 192.168.69.98, host: trunk-nightly-20191022-cthwk-1142398527, networkLocation: /default-rack, certSerialId: null} reports an CLOSED replica.
2019-10-22 04:03:57,177 [EventQueue-ContainerReportForContainerReportHandler] WARN  container.ContainerReportHandler (AbstractContainerReportHandler.java:updateContainerState(145)) - Container #1 is in OPEN state, but the datanode 461aecd4-5005-4e8b-8510-a2b0fc408338{ip: 192.168.69.98, host: trunk-nightly-20191022-cthwk-1142398527, networkLocation: /default-rack, certSerialId: null} reports an CLOSED replica.
2019-10-22 04:03:57,278 [BlockDeletingService#2] WARN  background.BlockDeletingService (BlockDeletingService.java:isDeletionAllowed(187)) - Close Container log Index 6 is not replicated across allthe servers in the pipeline e8ed9056-394a-4d1f-b72e-7a5790695fd8 as the min replicated index is 4. Deletion is not allowed in this container yet.
2019-10-22 04:03:57,281 [BlockDeletingService#2] WARN  background.BlockDeletingService (BlockDeletingService.java:isDeletionAllowed(187)) - Close Container log Index 6 is not replicated across allthe servers in the pipeline e8ed9056-394a-4d1f-b72e-7a5790695fd8 as the min replicated index is 4. Deletion is not allowed in this container yet.
2019-10-22 04:03:57,370 [EventQueue-ContainerReportForContainerReportHandler] WARN  container.ContainerReportHandler (AbstractContainerReportHandler.java:updateContainerState(145)) - Container #1 is in OPEN state, but the datanode 38001277-610a-4ad8-827c-4fb892f595e9{ip: 192.168.69.98, host: trunk-nightly-20191022-cthwk-1142398527, networkLocation: /default-rack, certSerialId: null} reports an CLOSED replica.
2019-10-22 04:03:57,376 [EventQueue-ContainerReportForContainerReportHandler] WARN  container.ContainerReportHandler (AbstractContainerReportHandler.java:updateContainerState(145)) - Container #1 is in OPEN state, but the datanode 461aecd4-5005-4e8b-8510-a2b0fc408338{ip: 192.168.69.98, host: trunk-nightly-20191022-cthwk-1142398527, networkLocation: /default-rack, certSerialId: null} reports an CLOSED replica.
2019-10-22 04:03:57,570 [EventQueue-ContainerReportForContainerReportHandler] WARN  container.ContainerReportHandler (AbstractContainerReportHandler.java:updateContainerState(145)) - Container #1 is in OPEN state, but the datanode 38001277-610a-4ad8-827c-4fb892f595e9{ip: 192.168.69.98, host: trunk-nightly-20191022-cthwk-1142398527, networkLocation: /default-rack, certSerialId: null} reports an CLOSED replica.
2019-10-22 04:03:57,676 [EventQueue-ContainerReportForContainerReportHandler] WARN  container.ContainerReportHandler (AbstractContainerReportHandler.java:updateContainerState(145)) - Container #1 is in OPEN state, but the datanode 461aecd4-5005-4e8b-8510-a2b0fc408338{ip: 192.168.69.98, host: trunk-nightly-20191022-cthwk-1142398527, networkLocation: /default-rack, certSerialId: null} reports an CLOSED replica.
2019-10-22 04:03:57,870 [EventQueue-ContainerReportForContainerReportHandler] WARN  container.ContainerReportHandler (AbstractContainerReportHandler.java:updateContainerState(145)) - Container #1 is in OPEN state, but the datanode 38001277-610a-4ad8-827c-4fb892f595e9{ip: 192.168.69.98, host: trunk-nightly-20191022-cthwk-1142398527, networkLocation: /default-rack, certSerialId: null} reports an CLOSED replica.
2019-10-22 04:03:57,976 [EventQueue-ContainerReportForContainerReportHandler] WARN  container.ContainerReportHandler (AbstractContainerReportHandler.java:updateContainerState(145)) - Container #1 is in OPEN state, but the datanode 461aecd4-5005-4e8b-8510-a2b0fc408338{ip: 192.168.69.98, host: trunk-nightly-20191022-cthwk-1142398527, networkLocation: /default-rack, certSerialId: null} reports an CLOSED replica.
2019-10-22 04:03:58,135 [java.util.concurrent.ThreadPoolExecutor$Worker@2202d63d[State = -1, empty queue]] WARN  server.GrpcLogAppender (GrpcLogAppender.java:timeoutAppendRequest(209)) - 461aecd4-5005-4e8b-8510-a2b0fc408338@group-7A5790695FD8->517ee13d-f3a9-4e94-8f9c-24462d11aaf8-GrpcLogAppender: appendEntries Timeout, request=461aecd4-5005-4e8b-8510-a2b0fc408338->517ee13d-f3a9-4e94-8f9c-24462d11aaf8#31-t1, previous=(t:1, i:10), leaderCommit=10, initializing? false, entries: <empty>
2019-10-22 04:03:58,170 [EventQueue-ContainerReportForContainerReportHandler] WARN  container.ContainerReportHandler (AbstractContainerReportHandler.java:updateContainerState(145)) - Container #1 is in OPEN state, but the datanode 38001277-610a-4ad8-827c-4fb892f595e9{ip: 192.168.69.98, host: trunk-nightly-20191022-cthwk-1142398527, networkLocation: /default-rack, certSerialId: null} reports an CLOSED replica.
2019-10-22 04:03:58,278 [EventQueue-ContainerReportForContainerReportHandler] WARN  container.ContainerReportHandler (AbstractContainerReportHandler.java:updateContainerState(145)) - Container #1 is in OPEN state, but the datanode 461aecd4-5005-4e8b-8510-a2b0fc408338{ip: 192.168.69.98, host: trunk-nightly-20191022-cthwk-1142398527, networkLocation: /default-rack, certSerialId: null} reports an CLOSED replica.
2019-10-22 04:03:58,282 [BlockDeletingService#2] WARN  background.BlockDeletingService (BlockDeletingService.java:isDeletionAllowed(187)) - Close Container log Index 6 is not replicated across allthe servers in the pipeline e8ed9056-394a-4d1f-b72e-7a5790695fd8 as the min replicated index is 4. Deletion is not allowed in this container yet.
2019-10-22 04:03:58,282 [BlockDeletingService#2] WARN  background.BlockDeletingService (BlockDeletingService.java:isDeletionAllowed(187)) - Close Container log Index 6 is not replicated across allthe servers in the pipeline e8ed9056-394a-4d1f-b72e-7a5790695fd8 as the min replicated index is 4. Deletion is not allowed in this container yet.
2019-10-22 04:03:58,571 [EventQueue-ContainerReportForContainerReportHandler] WARN  container.ContainerReportHandler (AbstractContainerReportHandler.java:updateContainerState(145)) - Container #1 is in OPEN state, but the datanode 38001277-610a-4ad8-827c-4fb892f595e9{ip: 192.168.69.98, host: trunk-nightly-20191022-cthwk-1142398527, networkLocation: /default-rack, certSerialId: null} reports an CLOSED replica.
2019-10-22 04:03:58,579 [EventQueue-ContainerReportForContainerReportHandler] WARN  container.ContainerReportHandler (AbstractContainerReportHandler.java:updateContainerState(145)) - Container #1 is in OPEN state, but the datanode 461aecd4-5005-4e8b-8510-a2b0fc408338{ip: 192.168.69.98, host: trunk-nightly-20191022-cthwk-1142398527, networkLocation: /default-rack, certSerialId: null} reports an CLOSED replica.
2019-10-22 04:03:58,871 [EventQueue-ContainerReportForContainerReportHandler] WARN  container.ContainerReportHandler (AbstractContainerReportHandler.java:updateContainerState(145)) - Container #1 is in OPEN state, but the datanode 38001277-610a-4ad8-827c-4fb892f595e9{ip: 192.168.69.98, host: trunk-nightly-20191022-cthwk-1142398527, networkLocation: /default-rack, certSerialId: null} reports an CLOSED replica.
2019-10-22 04:03:58,979 [EventQueue-ContainerReportForContainerReportHandler] WARN  container.ContainerReportHandler (AbstractContainerReportHandler.java:updateContainerState(145)) - Container #1 is in OPEN state, but the datanode 461aecd4-5005-4e8b-8510-a2b0fc408338{ip: 192.168.69.98, host: trunk-nightly-20191022-cthwk-1142398527, networkLocation: /default-rack, certSerialId: null} reports an CLOSED replica.
2019-10-22 04:03:59,177 [EventQueue-ContainerReportForContainerReportHandler] WARN  container.ContainerReportHandler (AbstractContainerReportHandler.java:updateContainerState(145)) - Container #1 is in OPEN state, but the datanode 38001277-610a-4ad8-827c-4fb892f595e9{ip: 192.168.69.98, host: trunk-nightly-20191022-cthwk-1142398527, networkLocation: /default-rack, certSerialId: null} reports an CLOSED replica.
2019-10-22 04:03:59,280 [EventQueue-ContainerReportForContainerReportHandler] WARN  container.ContainerReportHandler (AbstractContainerReportHandler.java:updateContainerState(145)) - Container #1 is in OPEN state, but the datanode 461aecd4-5005-4e8b-8510-a2b0fc408338{ip: 192.168.69.98, host: trunk-nightly-20191022-cthwk-1142398527, networkLocation: /default-rack, certSerialId: null} reports an CLOSED replica.
2019-10-22 04:03:59,285 [BlockDeletingService#2] WARN  background.BlockDeletingService (BlockDeletingService.java:isDeletionAllowed(187)) - Close Container log Index 6 is not replicated across allthe servers in the pipeline e8ed9056-394a-4d1f-b72e-7a5790695fd8 as the min replicated index is 4. Deletion is not allowed in this container yet.
2019-10-22 04:03:59,285 [BlockDeletingService#2] WARN  background.BlockDeletingService (BlockDeletingService.java:isDeletionAllowed(187)) - Close Container log Index 6 is not replicated across allthe servers in the pipeline e8ed9056-394a-4d1f-b72e-7a5790695fd8 as the min replicated index is 4. Deletion is not allowed in this container yet.
2019-10-22 04:03:59,473 [EventQueue-ContainerReportForContainerReportHandler] WARN  container.ContainerReportHandler (AbstractContainerReportHandler.java:updateContainerState(145)) - Container #1 is in OPEN state, but the datanode 38001277-610a-4ad8-827c-4fb892f595e9{ip: 192.168.69.98, host: trunk-nightly-20191022-cthwk-1142398527, networkLocation: /default-rack, certSerialId: null} reports an CLOSED replica.
2019-10-22 04:03:59,675 [EventQueue-ContainerReportForContainerReportHandler] WARN  container.ContainerReportHandler (AbstractContainerReportHandler.java:updateContainerState(145)) - Container #1 is in OPEN state, but the datanode 38001277-610a-4ad8-827c-4fb892f595e9{ip: 192.168.69.98, host: trunk-nightly-20191022-cthwk-1142398527, networkLocation: /default-rack, certSerialId: null} reports an CLOSED replica.
2019-10-22 04:03:59,680 [EventQueue-ContainerReportForContainerReportHandler] WARN  container.ContainerReportHandler (AbstractContainerReportHandler.java:updateContainerState(145)) - Container #1 is in OPEN state, but the datanode 461aecd4-5005-4e8b-8510-a2b0fc408338{ip: 192.168.69.98, host: trunk-nightly-20191022-cthwk-1142398527, networkLocation: /default-rack, certSerialId: null} reports an CLOSED replica.
2019-10-22 04:03:59,975 [EventQueue-ContainerReportForContainerReportHandler] WARN  container.ContainerReportHandler (AbstractContainerReportHandler.java:updateContainerState(145)) - Container #1 is in OPEN state, but the datanode 38001277-610a-4ad8-827c-4fb892f595e9{ip: 192.168.69.98, host: trunk-nightly-20191022-cthwk-1142398527, networkLocation: /default-rack, certSerialId: null} reports an CLOSED replica.
2019-10-22 04:03:59,982 [EventQueue-ContainerReportForContainerReportHandler] WARN  container.ContainerReportHandler (AbstractContainerReportHandler.java:updateContainerState(145)) - Container #1 is in OPEN state, but the datanode 461aecd4-5005-4e8b-8510-a2b0fc408338{ip: 192.168.69.98, host: trunk-nightly-20191022-cthwk-1142398527, networkLocation: /default-rack, certSerialId: null} reports an CLOSED replica.
2019-10-22 04:04:00,175 [EventQueue-ContainerReportForContainerReportHandler] WARN  container.ContainerReportHandler (AbstractContainerReportHandler.java:updateContainerState(145)) - Container #1 is in OPEN state, but the datanode 38001277-610a-4ad8-827c-4fb892f595e9{ip: 192.168.69.98, host: trunk-nightly-20191022-cthwk-1142398527, networkLocation: /default-rack, certSerialId: null} reports an CLOSED replica.
2019-10-22 04:04:00,183 [EventQueue-ContainerReportForContainerReportHandler] WARN  container.ContainerReportHandler (AbstractContainerReportHandler.java:updateContainerState(145)) - Container #1 is in OPEN state, but the datanode 461aecd4-5005-4e8b-8510-a2b0fc408338{ip: 192.168.69.98, host: trunk-nightly-20191022-cthwk-1142398527, networkLocation: /default-rack, certSerialId: null} reports an CLOSED replica.
2019-10-22 04:04:00,287 [BlockDeletingService#2] WARN  background.BlockDeletingService (BlockDeletingService.java:isDeletionAllowed(187)) - Close Container log Index 6 is not replicated across allthe servers in the pipeline e8ed9056-394a-4d1f-b72e-7a5790695fd8 as the min replicated index is 4. Deletion is not allowed in this container yet.
2019-10-22 04:04:00,287 [BlockDeletingService#2] WARN  background.BlockDeletingService (BlockDeletingService.java:isDeletionAllowed(187)) - Close Container log Index 6 is not replicated across allthe servers in the pipeline e8ed9056-394a-4d1f-b72e-7a5790695fd8 as the min replicated index is 4. Deletion is not allowed in this container yet.
2019-10-22 04:04:00,384 [EventQueue-ContainerReportForContainerReportHandler] WARN  container.ContainerReportHandler (AbstractContainerReportHandler.java:updateContainerState(145)) - Container #1 is in OPEN state, but the datanode 461aecd4-5005-4e8b-8510-a2b0fc408338{ip: 192.168.69.98, host: trunk-nightly-20191022-cthwk-1142398527, networkLocation: /default-rack, certSerialId: null} reports an CLOSED replica.
2019-10-22 04:04:00,576 [EventQueue-ContainerReportForContainerReportHandler] WARN  container.ContainerReportHandler (AbstractContainerReportHandler.java:updateContainerState(145)) - Container #1 is in OPEN state, but the datanode 38001277-610a-4ad8-827c-4fb892f595e9{ip: 192.168.69.98, host: trunk-nightly-20191022-cthwk-1142398527, networkLocation: /default-rack, certSerialId: null} reports an CLOSED replica.
2019-10-22 04:04:00,636 [java.util.concurrent.ThreadPoolExecutor$Worker@2202d63d[State = -1, empty queue]] WARN  server.GrpcLogAppender (GrpcLogAppender.java:timeoutAppendRequest(209)) - 461aecd4-5005-4e8b-8510-a2b0fc408338@group-7A5790695FD8->517ee13d-f3a9-4e94-8f9c-24462d11aaf8-GrpcLogAppender: appendEntries Timeout, request=461aecd4-5005-4e8b-8510-a2b0fc408338->517ee13d-f3a9-4e94-8f9c-24462d11aaf8#32-t1, previous=(t:1, i:10), leaderCommit=10, initializing? false, entries: <empty>
2019-10-22 04:04:00,685 [EventQueue-ContainerReportForContainerReportHandler] WARN  container.ContainerReportHandler (AbstractContainerReportHandler.java:updateContainerState(145)) - Container #1 is in OPEN state, but the datanode 461aecd4-5005-4e8b-8510-a2b0fc408338{ip: 192.168.69.98, host: trunk-nightly-20191022-cthwk-1142398527, networkLocation: /default-rack, certSerialId: null} reports an CLOSED replica.
2019-10-22 04:04:00,877 [EventQueue-ContainerReportForContainerReportHandler] WARN  container.ContainerReportHandler (AbstractContainerReportHandler.java:updateContainerState(145)) - Container #1 is in OPEN state, but the datanode 38001277-610a-4ad8-827c-4fb892f595e9{ip: 192.168.69.98, host: trunk-nightly-20191022-cthwk-1142398527, networkLocation: /default-rack, certSerialId: null} reports an CLOSED replica.
2019-10-22 04:04:00,986 [EventQueue-ContainerReportForContainerReportHandler] WARN  container.ContainerReportHandler (AbstractContainerReportHandler.java:updateContainerState(145)) - Container #1 is in OPEN state, but the datanode 461aecd4-5005-4e8b-8510-a2b0fc408338{ip: 192.168.69.98, host: trunk-nightly-20191022-cthwk-1142398527, networkLocation: /default-rack, certSerialId: null} reports an CLOSED replica.
2019-10-22 04:04:01,177 [EventQueue-ContainerReportForContainerReportHandler] WARN  container.ContainerReportHandler (AbstractContainerReportHandler.java:updateContainerState(145)) - Container #1 is in OPEN state, but the datanode 38001277-610a-4ad8-827c-4fb892f595e9{ip: 192.168.69.98, host: trunk-nightly-20191022-cthwk-1142398527, networkLocation: /default-rack, certSerialId: null} reports an CLOSED replica.
2019-10-22 04:04:01,286 [EventQueue-ContainerReportForContainerReportHandler] WARN  container.ContainerReportHandler (AbstractContainerReportHandler.java:updateContainerState(145)) - Container #1 is in OPEN state, but the datanode 461aecd4-5005-4e8b-8510-a2b0fc408338{ip: 192.168.69.98, host: trunk-nightly-20191022-cthwk-1142398527, networkLocation: /default-rack, certSerialId: null} reports an CLOSED replica.
2019-10-22 04:04:01,289 [BlockDeletingService#2] WARN  background.BlockDeletingService (BlockDeletingService.java:isDeletionAllowed(187)) - Close Container log Index 6 is not replicated across allthe servers in the pipeline e8ed9056-394a-4d1f-b72e-7a5790695fd8 as the min replicated index is 4. Deletion is not allowed in this container yet.
2019-10-22 04:04:01,289 [BlockDeletingService#2] WARN  background.BlockDeletingService (BlockDeletingService.java:isDeletionAllowed(187)) - Close Container log Index 6 is not replicated across allthe servers in the pipeline e8ed9056-394a-4d1f-b72e-7a5790695fd8 as the min replicated index is 4. Deletion is not allowed in this container yet.
2019-10-22 04:04:01,485 [EventQueue-ContainerReportForContainerReportHandler] WARN  container.ContainerReportHandler (AbstractContainerReportHandler.java:updateContainerState(145)) - Container #1 is in OPEN state, but the datanode 461aecd4-5005-4e8b-8510-a2b0fc408338{ip: 192.168.69.98, host: trunk-nightly-20191022-cthwk-1142398527, networkLocation: /default-rack, certSerialId: null} reports an CLOSED replica.
2019-10-22 04:04:01,578 [EventQueue-ContainerReportForContainerReportHandler] WARN  container.ContainerReportHandler (AbstractContainerReportHandler.java:updateContainerState(145)) - Container #1 is in OPEN state, but the datanode 38001277-610a-4ad8-827c-4fb892f595e9{ip: 192.168.69.98, host: trunk-nightly-20191022-cthwk-1142398527, networkLocation: /default-rack, certSerialId: null} reports an CLOSED replica.
2019-10-22 04:04:01,685 [EventQueue-ContainerReportForContainerReportHandler] WARN  container.ContainerReportHandler (AbstractContainerReportHandler.java:updateContainerState(145)) - Container #1 is in OPEN state, but the datanode 461aecd4-5005-4e8b-8510-a2b0fc408338{ip: 192.168.69.98, host: trunk-nightly-20191022-cthwk-1142398527, networkLocation: /default-rack, certSerialId: null} reports an CLOSED replica.
2019-10-22 04:04:01,778 [EventQueue-ContainerReportForContainerReportHandler] WARN  container.ContainerReportHandler (AbstractContainerReportHandler.java:updateContainerState(145)) - Container #1 is in OPEN state, but the datanode 38001277-610a-4ad8-827c-4fb892f595e9{ip: 192.168.69.98, host: trunk-nightly-20191022-cthwk-1142398527, networkLocation: /default-rack, certSerialId: null} reports an CLOSED replica.
2019-10-22 04:04:01,985 [EventQueue-ContainerReportForContainerReportHandler] WARN  container.ContainerReportHandler (AbstractContainerReportHandler.java:updateContainerState(145)) - Container #1 is in OPEN state, but the datanode 461aecd4-5005-4e8b-8510-a2b0fc408338{ip: 192.168.69.98, host: trunk-nightly-20191022-cthwk-1142398527, networkLocation: /default-rack, certSerialId: null} reports an CLOSED replica.
2019-10-22 04:04:02,178 [EventQueue-ContainerReportForContainerReportHandler] WARN  container.ContainerReportHandler (AbstractContainerReportHandler.java:updateContainerState(145)) - Container #1 is in OPEN state, but the datanode 38001277-610a-4ad8-827c-4fb892f595e9{ip: 192.168.69.98, host: trunk-nightly-20191022-cthwk-1142398527, networkLocation: /default-rack, certSerialId: null} reports an CLOSED replica.
2019-10-22 04:04:02,285 [EventQueue-ContainerReportForContainerReportHandler] WARN  container.ContainerReportHandler (AbstractContainerReportHandler.java:updateContainerState(145)) - Container #1 is in OPEN state, but the datanode 461aecd4-5005-4e8b-8510-a2b0fc408338{ip: 192.168.69.98, host: trunk-nightly-20191022-cthwk-1142398527, networkLocation: /default-rack, certSerialId: null} reports an CLOSED replica.
2019-10-22 04:04:02,290 [BlockDeletingService#2] WARN  background.BlockDeletingService (BlockDeletingService.java:isDeletionAllowed(187)) - Close Container log Index 6 is not replicated across allthe servers in the pipeline e8ed9056-394a-4d1f-b72e-7a5790695fd8 as the min replicated index is 4. Deletion is not allowed in this container yet.
2019-10-22 04:04:02,290 [BlockDeletingService#2] WARN  background.BlockDeletingService (BlockDeletingService.java:isDeletionAllowed(187)) - Close Container log Index 6 is not replicated across allthe servers in the pipeline e8ed9056-394a-4d1f-b72e-7a5790695fd8 as the min replicated index is 4. Deletion is not allowed in this container yet.
2019-10-22 04:04:02,378 [EventQueue-ContainerReportForContainerReportHandler] WARN  container.ContainerReportHandler (AbstractContainerReportHandler.java:updateContainerState(145)) - Container #1 is in OPEN state, but the datanode 38001277-610a-4ad8-827c-4fb892f595e9{ip: 192.168.69.98, host: trunk-nightly-20191022-cthwk-1142398527, networkLocation: /default-rack, certSerialId: null} reports an CLOSED replica.
2019-10-22 04:04:02,585 [EventQueue-ContainerReportForContainerReportHandler] WARN  container.ContainerReportHandler (AbstractContainerReportHandler.java:updateContainerState(145)) - Container #1 is in OPEN state, but the datanode 461aecd4-5005-4e8b-8510-a2b0fc408338{ip: 192.168.69.98, host: trunk-nightly-20191022-cthwk-1142398527, networkLocation: /default-rack, certSerialId: null} reports an CLOSED replica.
2019-10-22 04:04:02,678 [EventQueue-ContainerReportForContainerReportHandler] WARN  container.ContainerReportHandler (AbstractContainerReportHandler.java:updateContainerState(145)) - Container #1 is in OPEN state, but the datanode 38001277-610a-4ad8-827c-4fb892f595e9{ip: 192.168.69.98, host: trunk-nightly-20191022-cthwk-1142398527, networkLocation: /default-rack, certSerialId: null} reports an CLOSED replica.
2019-10-22 04:04:02,785 [EventQueue-ContainerReportForContainerReportHandler] WARN  container.ContainerReportHandler (AbstractContainerReportHandler.java:updateContainerState(145)) - Container #1 is in OPEN state, but the datanode 461aecd4-5005-4e8b-8510-a2b0fc408338{ip: 192.168.69.98, host: trunk-nightly-20191022-cthwk-1142398527, networkLocation: /default-rack, certSerialId: null} reports an CLOSED replica.
2019-10-22 04:04:03,079 [EventQueue-ContainerReportForContainerReportHandler] WARN  container.ContainerReportHandler (AbstractContainerReportHandler.java:updateContainerState(145)) - Container #1 is in OPEN state, but the datanode 38001277-610a-4ad8-827c-4fb892f595e9{ip: 192.168.69.98, host: trunk-nightly-20191022-cthwk-1142398527, networkLocation: /default-rack, certSerialId: null} reports an CLOSED replica.
2019-10-22 04:04:03,085 [EventQueue-ContainerReportForContainerReportHandler] WARN  container.ContainerReportHandler (AbstractContainerReportHandler.java:updateContainerState(145)) - Container #1 is in OPEN state, but the datanode 461aecd4-5005-4e8b-8510-a2b0fc408338{ip: 192.168.69.98, host: trunk-nightly-20191022-cthwk-1142398527, networkLocation: /default-rack, certSerialId: null} reports an CLOSED replica.
2019-10-22 04:04:03,138 [java.util.concurrent.ThreadPoolExecutor$Worker@2202d63d[State = -1, empty queue]] WARN  server.GrpcLogAppender (GrpcLogAppender.java:timeoutAppendRequest(209)) - 461aecd4-5005-4e8b-8510-a2b0fc408338@group-7A5790695FD8->517ee13d-f3a9-4e94-8f9c-24462d11aaf8-GrpcLogAppender: appendEntries Timeout, request=461aecd4-5005-4e8b-8510-a2b0fc408338->517ee13d-f3a9-4e94-8f9c-24462d11aaf8#33-t1, previous=(t:1, i:10), leaderCommit=10, initializing? false, entries: <empty>
2019-10-22 04:04:03,292 [BlockDeletingService#2] WARN  background.BlockDeletingService (BlockDeletingService.java:isDeletionAllowed(187)) - Close Container log Index 6 is not replicated across allthe servers in the pipeline e8ed9056-394a-4d1f-b72e-7a5790695fd8 as the min replicated index is 4. Deletion is not allowed in this container yet.
2019-10-22 04:04:03,292 [BlockDeletingService#2] WARN  background.BlockDeletingService (BlockDeletingService.java:isDeletionAllowed(187)) - Close Container log Index 6 is not replicated across allthe servers in the pipeline e8ed9056-394a-4d1f-b72e-7a5790695fd8 as the min replicated index is 4. Deletion is not allowed in this container yet.
2019-10-22 04:04:03,380 [EventQueue-ContainerReportForContainerReportHandler] WARN  container.ContainerReportHandler (AbstractContainerReportHandler.java:updateContainerState(145)) - Container #1 is in OPEN state, but the datanode 38001277-610a-4ad8-827c-4fb892f595e9{ip: 192.168.69.98, host: trunk-nightly-20191022-cthwk-1142398527, networkLocation: /default-rack, certSerialId: null} reports an CLOSED replica.
2019-10-22 04:04:03,385 [EventQueue-ContainerReportForContainerReportHandler] WARN  container.ContainerReportHandler (AbstractContainerReportHandler.java:updateContainerState(145)) - Container #1 is in OPEN state, but the datanode 461aecd4-5005-4e8b-8510-a2b0fc408338{ip: 192.168.69.98, host: trunk-nightly-20191022-cthwk-1142398527, networkLocation: /default-rack, certSerialId: null} reports an CLOSED replica.
2019-10-22 04:04:03,679 [EventQueue-ContainerReportForContainerReportHandler] WARN  container.ContainerReportHandler (AbstractContainerReportHandler.java:updateContainerState(145)) - Container #1 is in OPEN state, but the datanode 38001277-610a-4ad8-827c-4fb892f595e9{ip: 192.168.69.98, host: trunk-nightly-20191022-cthwk-1142398527, networkLocation: /default-rack, certSerialId: null} reports an CLOSED replica.
2019-10-22 04:04:03,686 [EventQueue-ContainerReportForContainerReportHandler] WARN  container.ContainerReportHandler (AbstractContainerReportHandler.java:updateContainerState(145)) - Container #1 is in OPEN state, but the datanode 461aecd4-5005-4e8b-8510-a2b0fc408338{ip: 192.168.69.98, host: trunk-nightly-20191022-cthwk-1142398527, networkLocation: /default-rack, certSerialId: null} reports an CLOSED replica.
2019-10-22 04:04:03,979 [EventQueue-ContainerReportForContainerReportHandler] WARN  container.ContainerReportHandler (AbstractContainerReportHandler.java:updateContainerState(145)) - Container #1 is in OPEN state, but the datanode 38001277-610a-4ad8-827c-4fb892f595e9{ip: 192.168.69.98, host: trunk-nightly-20191022-cthwk-1142398527, networkLocation: /default-rack, certSerialId: null} reports an CLOSED replica.
2019-10-22 04:04:04,089 [EventQueue-ContainerReportForContainerReportHandler] WARN  container.ContainerReportHandler (AbstractContainerReportHandler.java:updateContainerState(145)) - Container #1 is in OPEN state, but the datanode 461aecd4-5005-4e8b-8510-a2b0fc408338{ip: 192.168.69.98, host: trunk-nightly-20191022-cthwk-1142398527, networkLocation: /default-rack, certSerialId: null} reports an CLOSED replica.
2019-10-22 04:04:04,279 [EventQueue-ContainerReportForContainerReportHandler] WARN  container.ContainerReportHandler (AbstractContainerReportHandler.java:updateContainerState(145)) - Container #1 is in OPEN state, but the datanode 38001277-610a-4ad8-827c-4fb892f595e9{ip: 192.168.69.98, host: trunk-nightly-20191022-cthwk-1142398527, networkLocation: /default-rack, certSerialId: null} reports an CLOSED replica.
2019-10-22 04:04:04,293 [BlockDeletingService#2] WARN  background.BlockDeletingService (BlockDeletingService.java:isDeletionAllowed(187)) - Close Container log Index 6 is not replicated across allthe servers in the pipeline e8ed9056-394a-4d1f-b72e-7a5790695fd8 as the min replicated index is 4. Deletion is not allowed in this container yet.
2019-10-22 04:04:04,293 [BlockDeletingService#2] WARN  background.BlockDeletingService (BlockDeletingService.java:isDeletionAllowed(187)) - Close Container log Index 6 is not replicated across allthe servers in the pipeline e8ed9056-394a-4d1f-b72e-7a5790695fd8 as the min replicated index is 4. Deletion is not allowed in this container yet.
2019-10-22 04:04:04,388 [EventQueue-ContainerReportForContainerReportHandler] WARN  container.ContainerReportHandler (AbstractContainerReportHandler.java:updateContainerState(145)) - Container #1 is in OPEN state, but the datanode 461aecd4-5005-4e8b-8510-a2b0fc408338{ip: 192.168.69.98, host: trunk-nightly-20191022-cthwk-1142398527, networkLocation: /default-rack, certSerialId: null} reports an CLOSED replica.
2019-10-22 04:04:04,680 [EventQueue-ContainerReportForContainerReportHandler] WARN  container.ContainerReportHandler (AbstractContainerReportHandler.java:updateContainerState(145)) - Container #1 is in OPEN state, but the datanode 38001277-610a-4ad8-827c-4fb892f595e9{ip: 192.168.69.98, host: trunk-nightly-20191022-cthwk-1142398527, networkLocation: /default-rack, certSerialId: null} reports an CLOSED replica.
2019-10-22 04:04:04,788 [EventQueue-ContainerReportForContainerReportHandler] WARN  container.ContainerReportHandler (AbstractContainerReportHandler.java:updateContainerState(145)) - Container #1 is in OPEN state, but the datanode 461aecd4-5005-4e8b-8510-a2b0fc408338{ip: 192.168.69.98, host: trunk-nightly-20191022-cthwk-1142398527, networkLocation: /default-rack, certSerialId: null} reports an CLOSED replica.
2019-10-22 04:04:04,980 [EventQueue-ContainerReportForContainerReportHandler] WARN  container.ContainerReportHandler (AbstractContainerReportHandler.java:updateContainerState(145)) - Container #1 is in OPEN state, but the datanode 38001277-610a-4ad8-827c-4fb892f595e9{ip: 192.168.69.98, host: trunk-nightly-20191022-cthwk-1142398527, networkLocation: /default-rack, certSerialId: null} reports an CLOSED replica.
2019-10-22 04:04:04,988 [EventQueue-ContainerReportForContainerReportHandler] WARN  container.ContainerReportHandler (AbstractContainerReportHandler.java:updateContainerState(145)) - Container #1 is in OPEN state, but the datanode 461aecd4-5005-4e8b-8510-a2b0fc408338{ip: 192.168.69.98, host: trunk-nightly-20191022-cthwk-1142398527, networkLocation: /default-rack, certSerialId: null} reports an CLOSED replica.
2019-10-22 04:04:05,280 [EventQueue-ContainerReportForContainerReportHandler] WARN  container.ContainerReportHandler (AbstractContainerReportHandler.java:updateContainerState(145)) - Container #1 is in OPEN state, but the datanode 38001277-610a-4ad8-827c-4fb892f595e9{ip: 192.168.69.98, host: trunk-nightly-20191022-cthwk-1142398527, networkLocation: /default-rack, certSerialId: null} reports an CLOSED replica.
2019-10-22 04:04:05,288 [EventQueue-ContainerReportForContainerReportHandler] WARN  container.ContainerReportHandler (AbstractContainerReportHandler.java:updateContainerState(145)) - Container #1 is in OPEN state, but the datanode 461aecd4-5005-4e8b-8510-a2b0fc408338{ip: 192.168.69.98, host: trunk-nightly-20191022-cthwk-1142398527, networkLocation: /default-rack, certSerialId: null} reports an CLOSED replica.
2019-10-22 04:04:05,295 [BlockDeletingService#2] WARN  background.BlockDeletingService (BlockDeletingService.java:isDeletionAllowed(187)) - Close Container log Index 6 is not replicated across allthe servers in the pipeline e8ed9056-394a-4d1f-b72e-7a5790695fd8 as the min replicated index is 4. Deletion is not allowed in this container yet.
2019-10-22 04:04:05,295 [BlockDeletingService#2] WARN  background.BlockDeletingService (BlockDeletingService.java:isDeletionAllowed(187)) - Close Container log Index 6 is not replicated across allthe servers in the pipeline e8ed9056-394a-4d1f-b72e-7a5790695fd8 as the min replicated index is 4. Deletion is not allowed in this container yet.
2019-10-22 04:04:05,480 [EventQueue-ContainerReportForContainerReportHandler] WARN  container.ContainerReportHandler (AbstractContainerReportHandler.java:updateContainerState(145)) - Container #1 is in OPEN state, but the datanode 38001277-610a-4ad8-827c-4fb892f595e9{ip: 192.168.69.98, host: trunk-nightly-20191022-cthwk-1142398527, networkLocation: /default-rack, certSerialId: null} reports an CLOSED replica.
2019-10-22 04:04:05,588 [EventQueue-ContainerReportForContainerReportHandler] WARN  container.ContainerReportHandler (AbstractContainerReportHandler.java:updateContainerState(145)) - Container #1 is in OPEN state, but the datanode 461aecd4-5005-4e8b-8510-a2b0fc408338{ip: 192.168.69.98, host: trunk-nightly-20191022-cthwk-1142398527, networkLocation: /default-rack, certSerialId: null} reports an CLOSED replica.
2019-10-22 04:04:05,639 [java.util.concurrent.ThreadPoolExecutor$Worker@2202d63d[State = -1, empty queue]] WARN  server.GrpcLogAppender (GrpcLogAppender.java:timeoutAppendRequest(209)) - 461aecd4-5005-4e8b-8510-a2b0fc408338@group-7A5790695FD8->517ee13d-f3a9-4e94-8f9c-24462d11aaf8-GrpcLogAppender: appendEntries Timeout, request=461aecd4-5005-4e8b-8510-a2b0fc408338->517ee13d-f3a9-4e94-8f9c-24462d11aaf8#34-t1, previous=(t:1, i:10), leaderCommit=10, initializing? false, entries: <empty>
2019-10-22 04:04:05,680 [EventQueue-ContainerReportForContainerReportHandler] WARN  container.ContainerReportHandler (AbstractContainerReportHandler.java:updateContainerState(145)) - Container #1 is in OPEN state, but the datanode 38001277-610a-4ad8-827c-4fb892f595e9{ip: 192.168.69.98, host: trunk-nightly-20191022-cthwk-1142398527, networkLocation: /default-rack, certSerialId: null} reports an CLOSED replica.
2019-10-22 04:04:05,790 [EventQueue-ContainerReportForContainerReportHandler] WARN  container.ContainerReportHandler (AbstractContainerReportHandler.java:updateContainerState(145)) - Container #1 is in OPEN state, but the datanode 461aecd4-5005-4e8b-8510-a2b0fc408338{ip: 192.168.69.98, host: trunk-nightly-20191022-cthwk-1142398527, networkLocation: /default-rack, certSerialId: null} reports an CLOSED replica.
2019-10-22 04:04:05,980 [EventQueue-ContainerReportForContainerReportHandler] WARN  container.ContainerReportHandler (AbstractContainerReportHandler.java:updateContainerState(145)) - Container #1 is in OPEN state, but the datanode 38001277-610a-4ad8-827c-4fb892f595e9{ip: 192.168.69.98, host: trunk-nightly-20191022-cthwk-1142398527, networkLocation: /default-rack, certSerialId: null} reports an CLOSED replica.
2019-10-22 04:04:06,190 [EventQueue-ContainerReportForContainerReportHandler] WARN  container.ContainerReportHandler (AbstractContainerReportHandler.java:updateContainerState(145)) - Container #1 is in OPEN state, but the datanode 461aecd4-5005-4e8b-8510-a2b0fc408338{ip: 192.168.69.98, host: trunk-nightly-20191022-cthwk-1142398527, networkLocation: /default-rack, certSerialId: null} reports an CLOSED replica.
2019-10-22 04:04:06,280 [EventQueue-ContainerReportForContainerReportHandler] WARN  container.ContainerReportHandler (AbstractContainerReportHandler.java:updateContainerState(145)) - Container #1 is in OPEN state, but the datanode 38001277-610a-4ad8-827c-4fb892f595e9{ip: 192.168.69.98, host: trunk-nightly-20191022-cthwk-1142398527, networkLocation: /default-rack, certSerialId: null} reports an CLOSED replica.
2019-10-22 04:04:06,296 [BlockDeletingService#2] WARN  background.BlockDeletingService (BlockDeletingService.java:isDeletionAllowed(187)) - Close Container log Index 6 is not replicated across allthe servers in the pipeline e8ed9056-394a-4d1f-b72e-7a5790695fd8 as the min replicated index is 4. Deletion is not allowed in this container yet.
2019-10-22 04:04:06,297 [BlockDeletingService#2] WARN  background.BlockDeletingService (BlockDeletingService.java:isDeletionAllowed(187)) - Close Container log Index 6 is not replicated across allthe servers in the pipeline e8ed9056-394a-4d1f-b72e-7a5790695fd8 as the min replicated index is 4. Deletion is not allowed in this container yet.
2019-10-22 04:04:06,390 [EventQueue-ContainerReportForContainerReportHandler] WARN  container.ContainerReportHandler (AbstractContainerReportHandler.java:updateContainerState(145)) - Container #1 is in OPEN state, but the datanode 461aecd4-5005-4e8b-8510-a2b0fc408338{ip: 192.168.69.98, host: trunk-nightly-20191022-cthwk-1142398527, networkLocation: /default-rack, certSerialId: null} reports an CLOSED replica.
2019-10-22 04:04:06,580 [EventQueue-ContainerReportForContainerReportHandler] WARN  container.ContainerReportHandler (AbstractContainerReportHandler.java:updateContainerState(145)) - Container #1 is in OPEN state, but the datanode 38001277-610a-4ad8-827c-4fb892f595e9{ip: 192.168.69.98, host: trunk-nightly-20191022-cthwk-1142398527, networkLocation: /default-rack, certSerialId: null} reports an CLOSED replica.
2019-10-22 04:04:06,690 [EventQueue-ContainerReportForContainerReportHandler] WARN  container.ContainerReportHandler (AbstractContainerReportHandler.java:updateContainerState(145)) - Container #1 is in OPEN state, but the datanode 461aecd4-5005-4e8b-8510-a2b0fc408338{ip: 192.168.69.98, host: trunk-nightly-20191022-cthwk-1142398527, networkLocation: /default-rack, certSerialId: null} reports an CLOSED replica.
2019-10-22 04:04:06,884 [Thread-401] INFO  client.GrpcClientProtocolService (GrpcClientProtocolService.java:lambda$processClientRequest$0(279)) - Failed RaftClientRequest:client-8579CCF1DDA8->461aecd4-5005-4e8b-8510-a2b0fc408338@group-7A5790695FD8, cid=10, seq=0, Watch-ALL_COMMITTED(6), Message:<EMPTY>, reply=RaftClientReply:client-8579CCF1DDA8->461aecd4-5005-4e8b-8510-a2b0fc408338@group-7A5790695FD8, cid=10, FAILED org.apache.ratis.protocol.NotReplicatedException: Request with call Id 10 and log index 6 is not yet replicated to ALL_COMMITTED, logIndex=6, commits[461aecd4-5005-4e8b-8510-a2b0fc408338:c10, 517ee13d-f3a9-4e94-8f9c-24462d11aaf8:c4, 38001277-610a-4ad8-827c-4fb892f595e9:c10]
2019-10-22 04:04:06,981 [EventQueue-ContainerReportForContainerReportHandler] WARN  container.ContainerReportHandler (AbstractContainerReportHandler.java:updateContainerState(145)) - Container #1 is in OPEN state, but the datanode 38001277-610a-4ad8-827c-4fb892f595e9{ip: 192.168.69.98, host: trunk-nightly-20191022-cthwk-1142398527, networkLocation: /default-rack, certSerialId: null} reports an CLOSED replica.
2019-10-22 04:04:07,091 [EventQueue-ContainerReportForContainerReportHandler] WARN  container.ContainerReportHandler (AbstractContainerReportHandler.java:updateContainerState(145)) - Container #1 is in OPEN state, but the datanode 461aecd4-5005-4e8b-8510-a2b0fc408338{ip: 192.168.69.98, host: trunk-nightly-20191022-cthwk-1142398527, networkLocation: /default-rack, certSerialId: null} reports an CLOSED replica.
2019-10-22 04:04:07,280 [EventQueue-ContainerReportForContainerReportHandler] WARN  container.ContainerReportHandler (AbstractContainerReportHandler.java:updateContainerState(145)) - Container #1 is in OPEN state, but the datanode 38001277-610a-4ad8-827c-4fb892f595e9{ip: 192.168.69.98, host: trunk-nightly-20191022-cthwk-1142398527, networkLocation: /default-rack, certSerialId: null} reports an CLOSED replica.
2019-10-22 04:04:07,292 [EventQueue-ContainerReportForContainerReportHandler] WARN  container.ContainerReportHandler (AbstractContainerReportHandler.java:updateContainerState(145)) - Container #1 is in OPEN state, but the datanode 461aecd4-5005-4e8b-8510-a2b0fc408338{ip: 192.168.69.98, host: trunk-nightly-20191022-cthwk-1142398527, networkLocation: /default-rack, certSerialId: null} reports an CLOSED replica.
2019-10-22 04:04:07,298 [BlockDeletingService#2] WARN  background.BlockDeletingService (BlockDeletingService.java:isDeletionAllowed(187)) - Close Container log Index 6 is not replicated across allthe servers in the pipeline e8ed9056-394a-4d1f-b72e-7a5790695fd8 as the min replicated index is 4. Deletion is not allowed in this container yet.
2019-10-22 04:04:07,298 [BlockDeletingService#2] WARN  background.BlockDeletingService (BlockDeletingService.java:isDeletionAllowed(187)) - Close Container log Index 6 is not replicated across allthe servers in the pipeline e8ed9056-394a-4d1f-b72e-7a5790695fd8 as the min replicated index is 4. Deletion is not allowed in this container yet.
2019-10-22 04:04:07,492 [EventQueue-ContainerReportForContainerReportHandler] WARN  container.ContainerReportHandler (AbstractContainerReportHandler.java:updateContainerState(145)) - Container #1 is in OPEN state, but the datanode 461aecd4-5005-4e8b-8510-a2b0fc408338{ip: 192.168.69.98, host: trunk-nightly-20191022-cthwk-1142398527, networkLocation: /default-rack, certSerialId: null} reports an CLOSED replica.
2019-10-22 04:04:07,580 [EventQueue-ContainerReportForContainerReportHandler] WARN  container.ContainerReportHandler (AbstractContainerReportHandler.java:updateContainerState(145)) - Container #1 is in OPEN state, but the datanode 38001277-610a-4ad8-827c-4fb892f595e9{ip: 192.168.69.98, host: trunk-nightly-20191022-cthwk-1142398527, networkLocation: /default-rack, certSerialId: null} reports an CLOSED replica.
2019-10-22 04:04:07,780 [EventQueue-ContainerReportForContainerReportHandler] WARN  container.ContainerReportHandler (AbstractContainerReportHandler.java:updateContainerState(145)) - Container #1 is in OPEN state, but the datanode 38001277-610a-4ad8-827c-4fb892f595e9{ip: 192.168.69.98, host: trunk-nightly-20191022-cthwk-1142398527, networkLocation: /default-rack, certSerialId: null} reports an CLOSED replica.
2019-10-22 04:04:07,792 [EventQueue-ContainerReportForContainerReportHandler] WARN  container.ContainerReportHandler (AbstractContainerReportHandler.java:updateContainerState(145)) - Container #1 is in OPEN state, but the datanode 461aecd4-5005-4e8b-8510-a2b0fc408338{ip: 192.168.69.98, host: trunk-nightly-20191022-cthwk-1142398527, networkLocation: /default-rack, certSerialId: null} reports an CLOSED replica.
2019-10-22 04:04:08,080 [EventQueue-ContainerReportForContainerReportHandler] WARN  container.ContainerReportHandler (AbstractContainerReportHandler.java:updateContainerState(145)) - Container #1 is in OPEN state, but the datanode 38001277-610a-4ad8-827c-4fb892f595e9{ip: 192.168.69.98, host: trunk-nightly-20191022-cthwk-1142398527, networkLocation: /default-rack, certSerialId: null} reports an CLOSED replica.
2019-10-22 04:04:08,093 [EventQueue-ContainerReportForContainerReportHandler] WARN  container.ContainerReportHandler (AbstractContainerReportHandler.java:updateContainerState(145)) - Container #1 is in OPEN state, but the datanode 461aecd4-5005-4e8b-8510-a2b0fc408338{ip: 192.168.69.98, host: trunk-nightly-20191022-cthwk-1142398527, networkLocation: /default-rack, certSerialId: null} reports an CLOSED replica.
2019-10-22 04:04:08,139 [java.util.concurrent.ThreadPoolExecutor$Worker@2202d63d[State = -1, empty queue]] WARN  server.GrpcLogAppender (GrpcLogAppender.java:timeoutAppendRequest(209)) - 461aecd4-5005-4e8b-8510-a2b0fc408338@group-7A5790695FD8->517ee13d-f3a9-4e94-8f9c-24462d11aaf8-GrpcLogAppender: appendEntries Timeout, request=461aecd4-5005-4e8b-8510-a2b0fc408338->517ee13d-f3a9-4e94-8f9c-24462d11aaf8#35-t1, previous=(t:1, i:10), leaderCommit=10, initializing? false, entries: <empty>
2019-10-22 04:04:08,301 [BlockDeletingService#2] WARN  background.BlockDeletingService (BlockDeletingService.java:isDeletionAllowed(187)) - Close Container log Index 6 is not replicated across allthe servers in the pipeline e8ed9056-394a-4d1f-b72e-7a5790695fd8 as the min replicated index is 4. Deletion is not allowed in this container yet.
2019-10-22 04:04:08,301 [BlockDeletingService#2] WARN  background.BlockDeletingService (BlockDeletingService.java:isDeletionAllowed(187)) - Close Container log Index 6 is not replicated across allthe servers in the pipeline e8ed9056-394a-4d1f-b72e-7a5790695fd8 as the min replicated index is 4. Deletion is not allowed in this container yet.
2019-10-22 04:04:08,395 [EventQueue-ContainerReportForContainerReportHandler] WARN  container.ContainerReportHandler (AbstractContainerReportHandler.java:updateContainerState(145)) - Container #1 is in OPEN state, but the datanode 461aecd4-5005-4e8b-8510-a2b0fc408338{ip: 192.168.69.98, host: trunk-nightly-20191022-cthwk-1142398527, networkLocation: /default-rack, certSerialId: null} reports an CLOSED replica.
2019-10-22 04:04:08,481 [EventQueue-ContainerReportForContainerReportHandler] WARN  container.ContainerReportHandler (AbstractContainerReportHandler.java:updateContainerState(145)) - Container #1 is in OPEN state, but the datanode 38001277-610a-4ad8-827c-4fb892f595e9{ip: 192.168.69.98, host: trunk-nightly-20191022-cthwk-1142398527, networkLocation: /default-rack, certSerialId: null} reports an CLOSED replica.
2019-10-22 04:04:08,595 [EventQueue-ContainerReportForContainerReportHandler] WARN  container.ContainerReportHandler (AbstractContainerReportHandler.java:updateContainerState(145)) - Container #1 is in OPEN state, but the datanode 461aecd4-5005-4e8b-8510-a2b0fc408338{ip: 192.168.69.98, host: trunk-nightly-20191022-cthwk-1142398527, networkLocation: /default-rack, certSerialId: null} reports an CLOSED replica.
2019-10-22 04:04:08,681 [EventQueue-ContainerReportForContainerReportHandler] WARN  container.ContainerReportHandler (AbstractContainerReportHandler.java:updateContainerState(145)) - Container #1 is in OPEN state, but the datanode 38001277-610a-4ad8-827c-4fb892f595e9{ip: 192.168.69.98, host: trunk-nightly-20191022-cthwk-1142398527, networkLocation: /default-rack, certSerialId: null} reports an CLOSED replica.
2019-10-22 04:04:08,896 [EventQueue-ContainerReportForContainerReportHandler] WARN  container.ContainerReportHandler (AbstractContainerReportHandler.java:updateContainerState(145)) - Container #1 is in OPEN state, but the datanode 461aecd4-5005-4e8b-8510-a2b0fc408338{ip: 192.168.69.98, host: trunk-nightly-20191022-cthwk-1142398527, networkLocation: /default-rack, certSerialId: null} reports an CLOSED replica.
2019-10-22 04:04:08,983 [EventQueue-ContainerReportForContainerReportHandler] WARN  container.ContainerReportHandler (AbstractContainerReportHandler.java:updateContainerState(145)) - Container #1 is in OPEN state, but the datanode 38001277-610a-4ad8-827c-4fb892f595e9{ip: 192.168.69.98, host: trunk-nightly-20191022-cthwk-1142398527, networkLocation: /default-rack, certSerialId: null} reports an CLOSED replica.
2019-10-22 04:04:09,182 [EventQueue-ContainerReportForContainerReportHandler] WARN  container.ContainerReportHandler (AbstractContainerReportHandler.java:updateContainerState(145)) - Container #1 is in OPEN state, but the datanode 38001277-610a-4ad8-827c-4fb892f595e9{ip: 192.168.69.98, host: trunk-nightly-20191022-cthwk-1142398527, networkLocation: /default-rack, certSerialId: null} reports an CLOSED replica.
2019-10-22 04:04:09,196 [EventQueue-ContainerReportForContainerReportHandler] WARN  container.ContainerReportHandler (AbstractContainerReportHandler.java:updateContainerState(145)) - Container #1 is in OPEN state, but the datanode 461aecd4-5005-4e8b-8510-a2b0fc408338{ip: 192.168.69.98, host: trunk-nightly-20191022-cthwk-1142398527, networkLocation: /default-rack, certSerialId: null} reports an CLOSED replica.
2019-10-22 04:04:09,303 [BlockDeletingService#2] WARN  background.BlockDeletingService (BlockDeletingService.java:isDeletionAllowed(187)) - Close Container log Index 6 is not replicated across allthe servers in the pipeline e8ed9056-394a-4d1f-b72e-7a5790695fd8 as the min replicated index is 4. Deletion is not allowed in this container yet.
2019-10-22 04:04:09,303 [BlockDeletingService#2] WARN  background.BlockDeletingService (BlockDeletingService.java:isDeletionAllowed(187)) - Close Container log Index 6 is not replicated across allthe servers in the pipeline e8ed9056-394a-4d1f-b72e-7a5790695fd8 as the min replicated index is 4. Deletion is not allowed in this container yet.
2019-10-22 04:04:09,483 [EventQueue-ContainerReportForContainerReportHandler] WARN  container.ContainerReportHandler (AbstractContainerReportHandler.java:updateContainerState(145)) - Container #1 is in OPEN state, but the datanode 38001277-610a-4ad8-827c-4fb892f595e9{ip: 192.168.69.98, host: trunk-nightly-20191022-cthwk-1142398527, networkLocation: /default-rack, certSerialId: null} reports an CLOSED replica.
2019-10-22 04:04:09,496 [EventQueue-ContainerReportForContainerReportHandler] WARN  container.ContainerReportHandler (AbstractContainerReportHandler.java:updateContainerState(145)) - Container #1 is in OPEN state, but the datanode 461aecd4-5005-4e8b-8510-a2b0fc408338{ip: 192.168.69.98, host: trunk-nightly-20191022-cthwk-1142398527, networkLocation: /default-rack, certSerialId: null} reports an CLOSED replica.
2019-10-22 04:04:09,682 [EventQueue-ContainerReportForContainerReportHandler] WARN  container.ContainerReportHandler (AbstractContainerReportHandler.java:updateContainerState(145)) - Container #1 is in OPEN state, but the datanode 38001277-610a-4ad8-827c-4fb892f595e9{ip: 192.168.69.98, host: trunk-nightly-20191022-cthwk-1142398527, networkLocation: /default-rack, certSerialId: null} reports an CLOSED replica.
2019-10-22 04:04:09,796 [EventQueue-ContainerReportForContainerReportHandler] WARN  container.ContainerReportHandler (AbstractContainerReportHandler.java:updateContainerState(145)) - Container #1 is in OPEN state, but the datanode 461aecd4-5005-4e8b-8510-a2b0fc408338{ip: 192.168.69.98, host: trunk-nightly-20191022-cthwk-1142398527, networkLocation: /default-rack, certSerialId: null} reports an CLOSED replica.
2019-10-22 04:04:09,982 [EventQueue-ContainerReportForContainerReportHandler] WARN  container.ContainerReportHandler (AbstractContainerReportHandler.java:updateContainerState(145)) - Container #1 is in OPEN state, but the datanode 38001277-610a-4ad8-827c-4fb892f595e9{ip: 192.168.69.98, host: trunk-nightly-20191022-cthwk-1142398527, networkLocation: /default-rack, certSerialId: null} reports an CLOSED replica.
2019-10-22 04:04:10,198 [EventQueue-ContainerReportForContainerReportHandler] WARN  container.ContainerReportHandler (AbstractContainerReportHandler.java:updateContainerState(145)) - Container #1 is in OPEN state, but the datanode 461aecd4-5005-4e8b-8510-a2b0fc408338{ip: 192.168.69.98, host: trunk-nightly-20191022-cthwk-1142398527, networkLocation: /default-rack, certSerialId: null} reports an CLOSED replica.
2019-10-22 04:04:10,304 [BlockDeletingService#2] WARN  background.BlockDeletingService (BlockDeletingService.java:isDeletionAllowed(187)) - Close Container log Index 6 is not replicated across allthe servers in the pipeline e8ed9056-394a-4d1f-b72e-7a5790695fd8 as the min replicated index is 4. Deletion is not allowed in this container yet.
2019-10-22 04:04:10,304 [BlockDeletingService#2] WARN  background.BlockDeletingService (BlockDeletingService.java:isDeletionAllowed(187)) - Close Container log Index 6 is not replicated across allthe servers in the pipeline e8ed9056-394a-4d1f-b72e-7a5790695fd8 as the min replicated index is 4. Deletion is not allowed in this container yet.
2019-10-22 04:04:10,383 [EventQueue-ContainerReportForContainerReportHandler] WARN  container.ContainerReportHandler (AbstractContainerReportHandler.java:updateContainerState(145)) - Container #1 is in OPEN state, but the datanode 38001277-610a-4ad8-827c-4fb892f595e9{ip: 192.168.69.98, host: trunk-nightly-20191022-cthwk-1142398527, networkLocation: /default-rack, certSerialId: null} reports an CLOSED replica.
2019-10-22 04:04:10,497 [EventQueue-ContainerReportForContainerReportHandler] WARN  container.ContainerReportHandler (AbstractContainerReportHandler.java:updateContainerState(145)) - Container #1 is in OPEN state, but the datanode 461aecd4-5005-4e8b-8510-a2b0fc408338{ip: 192.168.69.98, host: trunk-nightly-20191022-cthwk-1142398527, networkLocation: /default-rack, certSerialId: null} reports an CLOSED replica.
2019-10-22 04:04:10,640 [java.util.concurrent.ThreadPoolExecutor$Worker@2202d63d[State = -1, empty queue]] WARN  server.GrpcLogAppender (GrpcLogAppender.java:timeoutAppendRequest(209)) - 461aecd4-5005-4e8b-8510-a2b0fc408338@group-7A5790695FD8->517ee13d-f3a9-4e94-8f9c-24462d11aaf8-GrpcLogAppender: appendEntries Timeout, request=461aecd4-5005-4e8b-8510-a2b0fc408338->517ee13d-f3a9-4e94-8f9c-24462d11aaf8#36-t1, previous=(t:1, i:10), leaderCommit=10, initializing? false, entries: <empty>
2019-10-22 04:04:10,684 [EventQueue-ContainerReportForContainerReportHandler] WARN  container.ContainerReportHandler (AbstractContainerReportHandler.java:updateContainerState(145)) - Container #1 is in OPEN state, but the datanode 38001277-610a-4ad8-827c-4fb892f595e9{ip: 192.168.69.98, host: trunk-nightly-20191022-cthwk-1142398527, networkLocation: /default-rack, certSerialId: null} reports an CLOSED replica.
2019-10-22 04:04:10,797 [EventQueue-ContainerReportForContainerReportHandler] WARN  container.ContainerReportHandler (AbstractContainerReportHandler.java:updateContainerState(145)) - Container #1 is in OPEN state, but the datanode 461aecd4-5005-4e8b-8510-a2b0fc408338{ip: 192.168.69.98, host: trunk-nightly-20191022-cthwk-1142398527, networkLocation: /default-rack, certSerialId: null} reports an CLOSED replica.
2019-10-22 04:04:10,882 [EventQueue-ContainerReportForContainerReportHandler] WARN  container.ContainerReportHandler (AbstractContainerReportHandler.java:updateContainerState(145)) - Container #1 is in OPEN state, but the datanode 38001277-610a-4ad8-827c-4fb892f595e9{ip: 192.168.69.98, host: trunk-nightly-20191022-cthwk-1142398527, networkLocation: /default-rack, certSerialId: null} reports an CLOSED replica.
2019-10-22 04:04:11,190 [EventQueue-ContainerReportForContainerReportHandler] WARN  container.ContainerReportHandler (AbstractContainerReportHandler.java:updateContainerState(145)) - Container #1 is in OPEN state, but the datanode 38001277-610a-4ad8-827c-4fb892f595e9{ip: 192.168.69.98, host: trunk-nightly-20191022-cthwk-1142398527, networkLocation: /default-rack, certSerialId: null} reports an CLOSED replica.
2019-10-22 04:04:11,197 [EventQueue-ContainerReportForContainerReportHandler] WARN  container.ContainerReportHandler (AbstractContainerReportHandler.java:updateContainerState(145)) - Container #1 is in OPEN state, but the datanode 461aecd4-5005-4e8b-8510-a2b0fc408338{ip: 192.168.69.98, host: trunk-nightly-20191022-cthwk-1142398527, networkLocation: /default-rack, certSerialId: null} reports an CLOSED replica.
2019-10-22 04:04:11,308 [BlockDeletingService#2] WARN  background.BlockDeletingService (BlockDeletingService.java:isDeletionAllowed(187)) - Close Container log Index 6 is not replicated across allthe servers in the pipeline e8ed9056-394a-4d1f-b72e-7a5790695fd8 as the min replicated index is 4. Deletion is not allowed in this container yet.
2019-10-22 04:04:11,308 [BlockDeletingService#2] WARN  background.BlockDeletingService (BlockDeletingService.java:isDeletionAllowed(187)) - Close Container log Index 6 is not replicated across allthe servers in the pipeline e8ed9056-394a-4d1f-b72e-7a5790695fd8 as the min replicated index is 4. Deletion is not allowed in this container yet.
2019-10-22 04:04:11,385 [EventQueue-ContainerReportForContainerReportHandler] WARN  container.ContainerReportHandler (AbstractContainerReportHandler.java:updateContainerState(145)) - Container #1 is in OPEN state, but the datanode 38001277-610a-4ad8-827c-4fb892f595e9{ip: 192.168.69.98, host: trunk-nightly-20191022-cthwk-1142398527, networkLocation: /default-rack, certSerialId: null} reports an CLOSED replica.
2019-10-22 04:04:11,498 [EventQueue-ContainerReportForContainerReportHandler] WARN  container.ContainerReportHandler (AbstractContainerReportHandler.java:updateContainerState(145)) - Container #1 is in OPEN state, but the datanode 461aecd4-5005-4e8b-8510-a2b0fc408338{ip: 192.168.69.98, host: trunk-nightly-20191022-cthwk-1142398527, networkLocation: /default-rack, certSerialId: null} reports an CLOSED replica.
2019-10-22 04:04:11,686 [EventQueue-ContainerReportForContainerReportHandler] WARN  container.ContainerReportHandler (AbstractContainerReportHandler.java:updateContainerState(145)) - Container #1 is in OPEN state, but the datanode 38001277-610a-4ad8-827c-4fb892f595e9{ip: 192.168.69.98, host: trunk-nightly-20191022-cthwk-1142398527, networkLocation: /default-rack, certSerialId: null} reports an CLOSED replica.
2019-10-22 04:04:11,798 [EventQueue-ContainerReportForContainerReportHandler] WARN  container.ContainerReportHandler (AbstractContainerReportHandler.java:updateContainerState(145)) - Container #1 is in OPEN state, but the datanode 461aecd4-5005-4e8b-8510-a2b0fc408338{ip: 192.168.69.98, host: trunk-nightly-20191022-cthwk-1142398527, networkLocation: /default-rack, certSerialId: null} reports an CLOSED replica.
2019-10-22 04:04:12,086 [EventQueue-ContainerReportForContainerReportHandler] WARN  container.ContainerReportHandler (AbstractContainerReportHandler.java:updateContainerState(145)) - Container #1 is in OPEN state, but the datanode 38001277-610a-4ad8-827c-4fb892f595e9{ip: 192.168.69.98, host: trunk-nightly-20191022-cthwk-1142398527, networkLocation: /default-rack, certSerialId: null} reports an CLOSED replica.
2019-10-22 04:04:12,198 [EventQueue-ContainerReportForContainerReportHandler] WARN  container.ContainerReportHandler (AbstractContainerReportHandler.java:updateContainerState(145)) - Container #1 is in OPEN state, but the datanode 461aecd4-5005-4e8b-8510-a2b0fc408338{ip: 192.168.69.98, host: trunk-nightly-20191022-cthwk-1142398527, networkLocation: /default-rack, certSerialId: null} reports an CLOSED replica.
2019-10-22 04:04:12,310 [BlockDeletingService#2] WARN  background.BlockDeletingService (BlockDeletingService.java:isDeletionAllowed(187)) - Close Container log Index 6 is not replicated across allthe servers in the pipeline e8ed9056-394a-4d1f-b72e-7a5790695fd8 as the min replicated index is 4. Deletion is not allowed in this container yet.
2019-10-22 04:04:12,310 [BlockDeletingService#2] WARN  background.BlockDeletingService (BlockDeletingService.java:isDeletionAllowed(187)) - Close Container log Index 6 is not replicated across allthe servers in the pipeline e8ed9056-394a-4d1f-b72e-7a5790695fd8 as the min replicated index is 4. Deletion is not allowed in this container yet.
2019-10-22 04:04:12,386 [EventQueue-ContainerReportForContainerReportHandler] WARN  container.ContainerReportHandler (AbstractContainerReportHandler.java:updateContainerState(145)) - Container #1 is in OPEN state, but the datanode 38001277-610a-4ad8-827c-4fb892f595e9{ip: 192.168.69.98, host: trunk-nightly-20191022-cthwk-1142398527, networkLocation: /default-rack, certSerialId: null} reports an CLOSED replica.
2019-10-22 04:04:12,498 [EventQueue-ContainerReportForContainerReportHandler] WARN  container.ContainerReportHandler (AbstractContainerReportHandler.java:updateContainerState(145)) - Container #1 is in OPEN state, but the datanode 461aecd4-5005-4e8b-8510-a2b0fc408338{ip: 192.168.69.98, host: trunk-nightly-20191022-cthwk-1142398527, networkLocation: /default-rack, certSerialId: null} reports an CLOSED replica.
2019-10-22 04:04:12,686 [EventQueue-ContainerReportForContainerReportHandler] WARN  container.ContainerReportHandler (AbstractContainerReportHandler.java:updateContainerState(145)) - Container #1 is in OPEN state, but the datanode 38001277-610a-4ad8-827c-4fb892f595e9{ip: 192.168.69.98, host: trunk-nightly-20191022-cthwk-1142398527, networkLocation: /default-rack, certSerialId: null} reports an CLOSED replica.
2019-10-22 04:04:12,799 [EventQueue-ContainerReportForContainerReportHandler] WARN  container.ContainerReportHandler (AbstractContainerReportHandler.java:updateContainerState(145)) - Container #1 is in OPEN state, but the datanode 461aecd4-5005-4e8b-8510-a2b0fc408338{ip: 192.168.69.98, host: trunk-nightly-20191022-cthwk-1142398527, networkLocation: /default-rack, certSerialId: null} reports an CLOSED replica.
2019-10-22 04:04:12,999 [EventQueue-ContainerReportForContainerReportHandler] WARN  container.ContainerReportHandler (AbstractContainerReportHandler.java:updateContainerState(145)) - Container #1 is in OPEN state, but the datanode 461aecd4-5005-4e8b-8510-a2b0fc408338{ip: 192.168.69.98, host: trunk-nightly-20191022-cthwk-1142398527, networkLocation: /default-rack, certSerialId: null} reports an CLOSED replica.
2019-10-22 04:04:13,086 [EventQueue-ContainerReportForContainerReportHandler] WARN  container.ContainerReportHandler (AbstractContainerReportHandler.java:updateContainerState(145)) - Container #1 is in OPEN state, but the datanode 38001277-610a-4ad8-827c-4fb892f595e9{ip: 192.168.69.98, host: trunk-nightly-20191022-cthwk-1142398527, networkLocation: /default-rack, certSerialId: null} reports an CLOSED replica.
2019-10-22 04:04:13,143 [java.util.concurrent.ThreadPoolExecutor$Worker@2202d63d[State = -1, empty queue]] WARN  server.GrpcLogAppender (GrpcLogAppender.java:timeoutAppendRequest(209)) - 461aecd4-5005-4e8b-8510-a2b0fc408338@group-7A5790695FD8->517ee13d-f3a9-4e94-8f9c-24462d11aaf8-GrpcLogAppender: appendEntries Timeout, request=461aecd4-5005-4e8b-8510-a2b0fc408338->517ee13d-f3a9-4e94-8f9c-24462d11aaf8#37-t1, previous=(t:1, i:10), leaderCommit=10, initializing? false, entries: <empty>
2019-10-22 04:04:13,313 [BlockDeletingService#2] WARN  background.BlockDeletingService (BlockDeletingService.java:isDeletionAllowed(187)) - Close Container log Index 6 is not replicated across allthe servers in the pipeline e8ed9056-394a-4d1f-b72e-7a5790695fd8 as the min replicated index is 4. Deletion is not allowed in this container yet.
2019-10-22 04:04:13,313 [BlockDeletingService#2] WARN  background.BlockDeletingService (BlockDeletingService.java:isDeletionAllowed(187)) - Close Container log Index 6 is not replicated across allthe servers in the pipeline e8ed9056-394a-4d1f-b72e-7a5790695fd8 as the min replicated index is 4. Deletion is not allowed in this container yet.
2019-10-22 04:04:13,386 [EventQueue-ContainerReportForContainerReportHandler] WARN  container.ContainerReportHandler (AbstractContainerReportHandler.java:updateContainerState(145)) - Container #1 is in OPEN state, but the datanode 38001277-610a-4ad8-827c-4fb892f595e9{ip: 192.168.69.98, host: trunk-nightly-20191022-cthwk-1142398527, networkLocation: /default-rack, certSerialId: null} reports an CLOSED replica.
2019-10-22 04:04:13,399 [EventQueue-ContainerReportForContainerReportHandler] WARN  container.ContainerReportHandler (AbstractContainerReportHandler.java:updateContainerState(145)) - Container #1 is in OPEN state, but the datanode 461aecd4-5005-4e8b-8510-a2b0fc408338{ip: 192.168.69.98, host: trunk-nightly-20191022-cthwk-1142398527, networkLocation: /default-rack, certSerialId: null} reports an CLOSED replica.
2019-10-22 04:04:13,586 [EventQueue-ContainerReportForContainerReportHandler] WARN  container.ContainerReportHandler (AbstractContainerReportHandler.java:updateContainerState(145)) - Container #1 is in OPEN state, but the datanode 38001277-610a-4ad8-827c-4fb892f595e9{ip: 192.168.69.98, host: trunk-nightly-20191022-cthwk-1142398527, networkLocation: /default-rack, certSerialId: null} reports an CLOSED replica.
2019-10-22 04:04:13,699 [EventQueue-ContainerReportForContainerReportHandler] WARN  container.ContainerReportHandler (AbstractContainerReportHandler.java:updateContainerState(145)) - Container #1 is in OPEN state, but the datanode 461aecd4-5005-4e8b-8510-a2b0fc408338{ip: 192.168.69.98, host: trunk-nightly-20191022-cthwk-1142398527, networkLocation: /default-rack, certSerialId: null} reports an CLOSED replica.
2019-10-22 04:04:13,786 [EventQueue-ContainerReportForContainerReportHandler] WARN  container.ContainerReportHandler (AbstractContainerReportHandler.java:updateContainerState(145)) - Container #1 is in OPEN state, but the datanode 38001277-610a-4ad8-827c-4fb892f595e9{ip: 192.168.69.98, host: trunk-nightly-20191022-cthwk-1142398527, networkLocation: /default-rack, certSerialId: null} reports an CLOSED replica.
2019-10-22 04:04:13,901 [EventQueue-ContainerReportForContainerReportHandler] WARN  container.ContainerReportHandler (AbstractContainerReportHandler.java:updateContainerState(145)) - Container #1 is in OPEN state, but the datanode 461aecd4-5005-4e8b-8510-a2b0fc408338{ip: 192.168.69.98, host: trunk-nightly-20191022-cthwk-1142398527, networkLocation: /default-rack, certSerialId: null} reports an CLOSED replica.
2019-10-22 04:04:14,100 [EventQueue-ContainerReportForContainerReportHandler] WARN  container.ContainerReportHandler (AbstractContainerReportHandler.java:updateContainerState(145)) - Container #1 is in OPEN state, but the datanode 461aecd4-5005-4e8b-8510-a2b0fc408338{ip: 192.168.69.98, host: trunk-nightly-20191022-cthwk-1142398527, networkLocation: /default-rack, certSerialId: null} reports an CLOSED replica.
2019-10-22 04:04:14,186 [EventQueue-ContainerReportForContainerReportHandler] WARN  container.ContainerReportHandler (AbstractContainerReportHandler.java:updateContainerState(145)) - Container #1 is in OPEN state, but the datanode 38001277-610a-4ad8-827c-4fb892f595e9{ip: 192.168.69.98, host: trunk-nightly-20191022-cthwk-1142398527, networkLocation: /default-rack, certSerialId: null} reports an CLOSED replica.
2019-10-22 04:04:14,315 [BlockDeletingService#2] WARN  background.BlockDeletingService (BlockDeletingService.java:isDeletionAllowed(187)) - Close Container log Index 6 is not replicated across allthe servers in the pipeline e8ed9056-394a-4d1f-b72e-7a5790695fd8 as the min replicated index is 4. Deletion is not allowed in this container yet.
2019-10-22 04:04:14,315 [BlockDeletingService#2] WARN  background.BlockDeletingService (BlockDeletingService.java:isDeletionAllowed(187)) - Close Container log Index 6 is not replicated across allthe servers in the pipeline e8ed9056-394a-4d1f-b72e-7a5790695fd8 as the min replicated index is 4. Deletion is not allowed in this container yet.
2019-10-22 04:04:14,400 [EventQueue-ContainerReportForContainerReportHandler] WARN  container.ContainerReportHandler (AbstractContainerReportHandler.java:updateContainerState(145)) - Container #1 is in OPEN state, but the datanode 461aecd4-5005-4e8b-8510-a2b0fc408338{ip: 192.168.69.98, host: trunk-nightly-20191022-cthwk-1142398527, networkLocation: /default-rack, certSerialId: null} reports an CLOSED replica.
2019-10-22 04:04:14,486 [EventQueue-ContainerReportForContainerReportHandler] WARN  container.ContainerReportHandler (AbstractContainerReportHandler.java:updateContainerState(145)) - Container #1 is in OPEN state, but the datanode 38001277-610a-4ad8-827c-4fb892f595e9{ip: 192.168.69.98, host: trunk-nightly-20191022-cthwk-1142398527, networkLocation: /default-rack, certSerialId: null} reports an CLOSED replica.
2019-10-22 04:04:14,687 [EventQueue-ContainerReportForContainerReportHandler] WARN  container.ContainerReportHandler (AbstractContainerReportHandler.java:updateContainerState(145)) - Container #1 is in OPEN state, but the datanode 38001277-610a-4ad8-827c-4fb892f595e9{ip: 192.168.69.98, host: trunk-nightly-20191022-cthwk-1142398527, networkLocation: /default-rack, certSerialId: null} reports an CLOSED replica.
2019-10-22 04:04:14,700 [EventQueue-ContainerReportForContainerReportHandler] WARN  container.ContainerReportHandler (AbstractContainerReportHandler.java:updateContainerState(145)) - Container #1 is in OPEN state, but the datanode 461aecd4-5005-4e8b-8510-a2b0fc408338{ip: 192.168.69.98, host: trunk-nightly-20191022-cthwk-1142398527, networkLocation: /default-rack, certSerialId: null} reports an CLOSED replica.
2019-10-22 04:04:14,987 [EventQueue-ContainerReportForContainerReportHandler] WARN  container.ContainerReportHandler (AbstractContainerReportHandler.java:updateContainerState(145)) - Container #1 is in OPEN state, but the datanode 38001277-610a-4ad8-827c-4fb892f595e9{ip: 192.168.69.98, host: trunk-nightly-20191022-cthwk-1142398527, networkLocation: /default-rack, certSerialId: null} reports an CLOSED replica.
2019-10-22 04:04:15,100 [EventQueue-ContainerReportForContainerReportHandler] WARN  container.ContainerReportHandler (AbstractContainerReportHandler.java:updateContainerState(145)) - Container #1 is in OPEN state, but the datanode 461aecd4-5005-4e8b-8510-a2b0fc408338{ip: 192.168.69.98, host: trunk-nightly-20191022-cthwk-1142398527, networkLocation: /default-rack, certSerialId: null} reports an CLOSED replica.
2019-10-22 04:04:15,287 [EventQueue-ContainerReportForContainerReportHandler] WARN  container.ContainerReportHandler (AbstractContainerReportHandler.java:updateContainerState(145)) - Container #1 is in OPEN state, but the datanode 38001277-610a-4ad8-827c-4fb892f595e9{ip: 192.168.69.98, host: trunk-nightly-20191022-cthwk-1142398527, networkLocation: /default-rack, certSerialId: null} reports an CLOSED replica.
2019-10-22 04:04:15,317 [BlockDeletingService#2] WARN  background.BlockDeletingService (BlockDeletingService.java:isDeletionAllowed(187)) - Close Container log Index 6 is not replicated across allthe servers in the pipeline e8ed9056-394a-4d1f-b72e-7a5790695fd8 as the min replicated index is 4. Deletion is not allowed in this container yet.
2019-10-22 04:04:15,317 [BlockDeletingService#2] WARN  background.BlockDeletingService (BlockDeletingService.java:isDeletionAllowed(187)) - Close Container log Index 6 is not replicated across allthe servers in the pipeline e8ed9056-394a-4d1f-b72e-7a5790695fd8 as the min replicated index is 4. Deletion is not allowed in this container yet.
2019-10-22 04:04:15,401 [EventQueue-ContainerReportForContainerReportHandler] WARN  container.ContainerReportHandler (AbstractContainerReportHandler.java:updateContainerState(145)) - Container #1 is in OPEN state, but the datanode 461aecd4-5005-4e8b-8510-a2b0fc408338{ip: 192.168.69.98, host: trunk-nightly-20191022-cthwk-1142398527, networkLocation: /default-rack, certSerialId: null} reports an CLOSED replica.
2019-10-22 04:04:15,587 [EventQueue-ContainerReportForContainerReportHandler] WARN  container.ContainerReportHandler (AbstractContainerReportHandler.java:updateContainerState(145)) - Container #1 is in OPEN state, but the datanode 38001277-610a-4ad8-827c-4fb892f595e9{ip: 192.168.69.98, host: trunk-nightly-20191022-cthwk-1142398527, networkLocation: /default-rack, certSerialId: null} reports an CLOSED replica.
2019-10-22 04:04:15,644 [java.util.concurrent.ThreadPoolExecutor$Worker@2202d63d[State = -1, empty queue]] WARN  server.GrpcLogAppender (GrpcLogAppender.java:timeoutAppendRequest(209)) - 461aecd4-5005-4e8b-8510-a2b0fc408338@group-7A5790695FD8->517ee13d-f3a9-4e94-8f9c-24462d11aaf8-GrpcLogAppender: appendEntries Timeout, request=461aecd4-5005-4e8b-8510-a2b0fc408338->517ee13d-f3a9-4e94-8f9c-24462d11aaf8#38-t1, previous=(t:1, i:10), leaderCommit=10, initializing? false, entries: <empty>
2019-10-22 04:04:15,802 [EventQueue-ContainerReportForContainerReportHandler] WARN  container.ContainerReportHandler (AbstractContainerReportHandler.java:updateContainerState(145)) - Container #1 is in OPEN state, but the datanode 461aecd4-5005-4e8b-8510-a2b0fc408338{ip: 192.168.69.98, host: trunk-nightly-20191022-cthwk-1142398527, networkLocation: /default-rack, certSerialId: null} reports an CLOSED replica.
2019-10-22 04:04:15,887 [EventQueue-ContainerReportForContainerReportHandler] WARN  container.ContainerReportHandler (AbstractContainerReportHandler.java:updateContainerState(145)) - Container #1 is in OPEN state, but the datanode 38001277-610a-4ad8-827c-4fb892f595e9{ip: 192.168.69.98, host: trunk-nightly-20191022-cthwk-1142398527, networkLocation: /default-rack, certSerialId: null} reports an CLOSED replica.
2019-10-22 04:04:16,002 [EventQueue-ContainerReportForContainerReportHandler] WARN  container.ContainerReportHandler (AbstractContainerReportHandler.java:updateContainerState(145)) - Container #1 is in OPEN state, but the datanode 461aecd4-5005-4e8b-8510-a2b0fc408338{ip: 192.168.69.98, host: trunk-nightly-20191022-cthwk-1142398527, networkLocation: /default-rack, certSerialId: null} reports an CLOSED replica.
2019-10-22 04:04:16,188 [EventQueue-ContainerReportForContainerReportHandler] WARN  container.ContainerReportHandler (AbstractContainerReportHandler.java:updateContainerState(145)) - Container #1 is in OPEN state, but the datanode 38001277-610a-4ad8-827c-4fb892f595e9{ip: 192.168.69.98, host: trunk-nightly-20191022-cthwk-1142398527, networkLocation: /default-rack, certSerialId: null} reports an CLOSED replica.
2019-10-22 04:04:16,302 [EventQueue-ContainerReportForContainerReportHandler] WARN  container.ContainerReportHandler (AbstractContainerReportHandler.java:updateContainerState(145)) - Container #1 is in OPEN state, but the datanode 461aecd4-5005-4e8b-8510-a2b0fc408338{ip: 192.168.69.98, host: trunk-nightly-20191022-cthwk-1142398527, networkLocation: /default-rack, certSerialId: null} reports an CLOSED replica.
2019-10-22 04:04:16,319 [BlockDeletingService#2] WARN  background.BlockDeletingService (BlockDeletingService.java:isDeletionAllowed(187)) - Close Container log Index 6 is not replicated across allthe servers in the pipeline e8ed9056-394a-4d1f-b72e-7a5790695fd8 as the min replicated index is 4. Deletion is not allowed in this container yet.
2019-10-22 04:04:16,319 [BlockDeletingService#2] WARN  background.BlockDeletingService (BlockDeletingService.java:isDeletionAllowed(187)) - Close Container log Index 6 is not replicated across allthe servers in the pipeline e8ed9056-394a-4d1f-b72e-7a5790695fd8 as the min replicated index is 4. Deletion is not allowed in this container yet.
2019-10-22 04:04:16,489 [EventQueue-ContainerReportForContainerReportHandler] WARN  container.ContainerReportHandler (AbstractContainerReportHandler.java:updateContainerState(145)) - Container #1 is in OPEN state, but the datanode 38001277-610a-4ad8-827c-4fb892f595e9{ip: 192.168.69.98, host: trunk-nightly-20191022-cthwk-1142398527, networkLocation: /default-rack, certSerialId: null} reports an CLOSED replica.
2019-10-22 04:04:16,603 [EventQueue-ContainerReportForContainerReportHandler] WARN  container.ContainerReportHandler (AbstractContainerReportHandler.java:updateContainerState(145)) - Container #1 is in OPEN state, but the datanode 461aecd4-5005-4e8b-8510-a2b0fc408338{ip: 192.168.69.98, host: trunk-nightly-20191022-cthwk-1142398527, networkLocation: /default-rack, certSerialId: null} reports an CLOSED replica.
2019-10-22 04:04:16,789 [EventQueue-ContainerReportForContainerReportHandler] WARN  container.ContainerReportHandler (AbstractContainerReportHandler.java:updateContainerState(145)) - Container #1 is in OPEN state, but the datanode 38001277-610a-4ad8-827c-4fb892f595e9{ip: 192.168.69.98, host: trunk-nightly-20191022-cthwk-1142398527, networkLocation: /default-rack, certSerialId: null} reports an CLOSED replica.
2019-10-22 04:04:16,885 [Thread-430] INFO  client.GrpcClientProtocolService (GrpcClientProtocolService.java:lambda$processClientRequest$0(279)) - Failed RaftClientRequest:client-8579CCF1DDA8->461aecd4-5005-4e8b-8510-a2b0fc408338@group-7A5790695FD8, cid=10, seq=0, Watch-ALL_COMMITTED(6), Message:<EMPTY>, reply=RaftClientReply:client-8579CCF1DDA8->461aecd4-5005-4e8b-8510-a2b0fc408338@group-7A5790695FD8, cid=10, FAILED org.apache.ratis.protocol.NotReplicatedException: Request with call Id 10 and log index 6 is not yet replicated to ALL_COMMITTED, logIndex=6, commits[461aecd4-5005-4e8b-8510-a2b0fc408338:c10, 517ee13d-f3a9-4e94-8f9c-24462d11aaf8:c4, 38001277-610a-4ad8-827c-4fb892f595e9:c10]
2019-10-22 04:04:16,903 [EventQueue-ContainerReportForContainerReportHandler] WARN  container.ContainerReportHandler (AbstractContainerReportHandler.java:updateContainerState(145)) - Container #1 is in OPEN state, but the datanode 461aecd4-5005-4e8b-8510-a2b0fc408338{ip: 192.168.69.98, host: trunk-nightly-20191022-cthwk-1142398527, networkLocation: /default-rack, certSerialId: null} reports an CLOSED replica.
2019-10-22 04:04:17,103 [EventQueue-ContainerReportForContainerReportHandler] WARN  container.ContainerReportHandler (AbstractContainerReportHandler.java:updateContainerState(145)) - Container #1 is in OPEN state, but the datanode 461aecd4-5005-4e8b-8510-a2b0fc408338{ip: 192.168.69.98, host: trunk-nightly-20191022-cthwk-1142398527, networkLocation: /default-rack, certSerialId: null} reports an CLOSED replica.
2019-10-22 04:04:17,189 [EventQueue-ContainerReportForContainerReportHandler] WARN  container.ContainerReportHandler (AbstractContainerReportHandler.java:updateContainerState(145)) - Container #1 is in OPEN state, but the datanode 38001277-610a-4ad8-827c-4fb892f595e9{ip: 192.168.69.98, host: trunk-nightly-20191022-cthwk-1142398527, networkLocation: /default-rack, certSerialId: null} reports an CLOSED replica.
2019-10-22 04:04:17,303 [EventQueue-ContainerReportForContainerReportHandler] WARN  container.ContainerReportHandler (AbstractContainerReportHandler.java:updateContainerState(145)) - Container #1 is in OPEN state, but the datanode 461aecd4-5005-4e8b-8510-a2b0fc408338{ip: 192.168.69.98, host: trunk-nightly-20191022-cthwk-1142398527, networkLocation: /default-rack, certSerialId: null} reports an CLOSED replica.
2019-10-22 04:04:17,322 [BlockDeletingService#2] WARN  background.BlockDeletingService (BlockDeletingService.java:isDeletionAllowed(187)) - Close Container log Index 6 is not replicated across allthe servers in the pipeline e8ed9056-394a-4d1f-b72e-7a5790695fd8 as the min replicated index is 4. Deletion is not allowed in this container yet.
2019-10-22 04:04:17,322 [BlockDeletingService#2] WARN  background.BlockDeletingService (BlockDeletingService.java:isDeletionAllowed(187)) - Close Container log Index 6 is not replicated across allthe servers in the pipeline e8ed9056-394a-4d1f-b72e-7a5790695fd8 as the min replicated index is 4. Deletion is not allowed in this container yet.
2019-10-22 04:04:17,489 [EventQueue-ContainerReportForContainerReportHandler] WARN  container.ContainerReportHandler (AbstractContainerReportHandler.java:updateContainerState(145)) - Container #1 is in OPEN state, but the datanode 38001277-610a-4ad8-827c-4fb892f595e9{ip: 192.168.69.98, host: trunk-nightly-20191022-cthwk-1142398527, networkLocation: /default-rack, certSerialId: null} reports an CLOSED replica.
2019-10-22 04:04:17,604 [EventQueue-ContainerReportForContainerReportHandler] WARN  container.ContainerReportHandler (AbstractContainerReportHandler.java:updateContainerState(145)) - Container #1 is in OPEN state, but the datanode 461aecd4-5005-4e8b-8510-a2b0fc408338{ip: 192.168.69.98, host: trunk-nightly-20191022-cthwk-1142398527, networkLocation: /default-rack, certSerialId: null} reports an CLOSED replica.
2019-10-22 04:04:17,689 [EventQueue-ContainerReportForContainerReportHandler] WARN  container.ContainerReportHandler (AbstractContainerReportHandler.java:updateContainerState(145)) - Container #1 is in OPEN state, but the datanode 38001277-610a-4ad8-827c-4fb892f595e9{ip: 192.168.69.98, host: trunk-nightly-20191022-cthwk-1142398527, networkLocation: /default-rack, certSerialId: null} reports an CLOSED replica.
2019-10-22 04:04:17,989 [EventQueue-ContainerReportForContainerReportHandler] WARN  container.ContainerReportHandler (AbstractContainerReportHandler.java:updateContainerState(145)) - Container #1 is in OPEN state, but the datanode 38001277-610a-4ad8-827c-4fb892f595e9{ip: 192.168.69.98, host: trunk-nightly-20191022-cthwk-1142398527, networkLocation: /default-rack, certSerialId: null} reports an CLOSED replica.
2019-10-22 04:04:18,007 [EventQueue-ContainerReportForContainerReportHandler] WARN  container.ContainerReportHandler (AbstractContainerReportHandler.java:updateContainerState(145)) - Container #1 is in OPEN state, but the datanode 461aecd4-5005-4e8b-8510-a2b0fc408338{ip: 192.168.69.98, host: trunk-nightly-20191022-cthwk-1142398527, networkLocation: /default-rack, certSerialId: null} reports an CLOSED replica.
2019-10-22 04:04:18,146 [java.util.concurrent.ThreadPoolExecutor$Worker@2202d63d[State = -1, empty queue]] WARN  server.GrpcLogAppender (GrpcLogAppender.java:timeoutAppendRequest(209)) - 461aecd4-5005-4e8b-8510-a2b0fc408338@group-7A5790695FD8->517ee13d-f3a9-4e94-8f9c-24462d11aaf8-GrpcLogAppender: appendEntries Timeout, request=461aecd4-5005-4e8b-8510-a2b0fc408338->517ee13d-f3a9-4e94-8f9c-24462d11aaf8#39-t1, previous=(t:1, i:10), leaderCommit=10, initializing? false, entries: <empty>
2019-10-22 04:04:18,289 [EventQueue-ContainerReportForContainerReportHandler] WARN  container.ContainerReportHandler (AbstractContainerReportHandler.java:updateContainerState(145)) - Container #1 is in OPEN state, but the datanode 38001277-610a-4ad8-827c-4fb892f595e9{ip: 192.168.69.98, host: trunk-nightly-20191022-cthwk-1142398527, networkLocation: /default-rack, certSerialId: null} reports an CLOSED replica.
2019-10-22 04:04:18,325 [BlockDeletingService#2] WARN  background.BlockDeletingService (BlockDeletingService.java:isDeletionAllowed(187)) - Close Container log Index 6 is not replicated across allthe servers in the pipeline e8ed9056-394a-4d1f-b72e-7a5790695fd8 as the min replicated index is 4. Deletion is not allowed in this container yet.
2019-10-22 04:04:18,325 [BlockDeletingService#2] WARN  background.BlockDeletingService (BlockDeletingService.java:isDeletionAllowed(187)) - Close Container log Index 6 is not replicated across allthe servers in the pipeline e8ed9056-394a-4d1f-b72e-7a5790695fd8 as the min replicated index is 4. Deletion is not allowed in this container yet.
2019-10-22 04:04:18,408 [EventQueue-ContainerReportForContainerReportHandler] WARN  container.ContainerReportHandler (AbstractContainerReportHandler.java:updateContainerState(145)) - Container #1 is in OPEN state, but the datanode 461aecd4-5005-4e8b-8510-a2b0fc408338{ip: 192.168.69.98, host: trunk-nightly-20191022-cthwk-1142398527, networkLocation: /default-rack, certSerialId: null} reports an CLOSED replica.
2019-10-22 04:04:18,589 [EventQueue-ContainerReportForContainerReportHandler] WARN  container.ContainerReportHandler (AbstractContainerReportHandler.java:updateContainerState(145)) - Container #1 is in OPEN state, but the datanode 38001277-610a-4ad8-827c-4fb892f595e9{ip: 192.168.69.98, host: trunk-nightly-20191022-cthwk-1142398527, networkLocation: /default-rack, certSerialId: null} reports an CLOSED replica.
2019-10-22 04:04:18,608 [EventQueue-ContainerReportForContainerReportHandler] WARN  container.ContainerReportHandler (AbstractContainerReportHandler.java:updateContainerState(145)) - Container #1 is in OPEN state, but the datanode 461aecd4-5005-4e8b-8510-a2b0fc408338{ip: 192.168.69.98, host: trunk-nightly-20191022-cthwk-1142398527, networkLocation: /default-rack, certSerialId: null} reports an CLOSED replica.
2019-10-22 04:04:18,789 [EventQueue-ContainerReportForContainerReportHandler] WARN  container.ContainerReportHandler (AbstractContainerReportHandler.java:updateContainerState(145)) - Container #1 is in OPEN state, but the datanode 38001277-610a-4ad8-827c-4fb892f595e9{ip: 192.168.69.98, host: trunk-nightly-20191022-cthwk-1142398527, networkLocation: /default-rack, certSerialId: null} reports an CLOSED replica.
2019-10-22 04:04:19,008 [EventQueue-ContainerReportForContainerReportHandler] WARN  container.ContainerReportHandler (AbstractContainerReportHandler.java:updateContainerState(145)) - Container #1 is in OPEN state, but the datanode 461aecd4-5005-4e8b-8510-a2b0fc408338{ip: 192.168.69.98, host: trunk-nightly-20191022-cthwk-1142398527, networkLocation: /default-rack, certSerialId: null} reports an CLOSED replica.
2019-10-22 04:04:19,089 [EventQueue-ContainerReportForContainerReportHandler] WARN  container.ContainerReportHandler (AbstractContainerReportHandler.java:updateContainerState(145)) - Container #1 is in OPEN state, but the datanode 38001277-610a-4ad8-827c-4fb892f595e9{ip: 192.168.69.98, host: trunk-nightly-20191022-cthwk-1142398527, networkLocation: /default-rack, certSerialId: null} reports an CLOSED replica.
2019-10-22 04:04:19,209 [EventQueue-ContainerReportForContainerReportHandler] WARN  container.ContainerReportHandler (AbstractContainerReportHandler.java:updateContainerState(145)) - Container #1 is in OPEN state, but the datanode 461aecd4-5005-4e8b-8510-a2b0fc408338{ip: 192.168.69.98, host: trunk-nightly-20191022-cthwk-1142398527, networkLocation: /default-rack, certSerialId: null} reports an CLOSED replica.
2019-10-22 04:04:19,327 [BlockDeletingService#2] WARN  background.BlockDeletingService (BlockDeletingService.java:isDeletionAllowed(187)) - Close Container log Index 6 is not replicated across allthe servers in the pipeline e8ed9056-394a-4d1f-b72e-7a5790695fd8 as the min replicated index is 4. Deletion is not allowed in this container yet.
2019-10-22 04:04:19,327 [BlockDeletingService#2] WARN  background.BlockDeletingService (BlockDeletingService.java:isDeletionAllowed(187)) - Close Container log Index 6 is not replicated across allthe servers in the pipeline e8ed9056-394a-4d1f-b72e-7a5790695fd8 as the min replicated index is 4. Deletion is not allowed in this container yet.
2019-10-22 04:04:19,490 [EventQueue-ContainerReportForContainerReportHandler] WARN  container.ContainerReportHandler (AbstractContainerReportHandler.java:updateContainerState(145)) - Container #1 is in OPEN state, but the datanode 38001277-610a-4ad8-827c-4fb892f595e9{ip: 192.168.69.98, host: trunk-nightly-20191022-cthwk-1142398527, networkLocation: /default-rack, certSerialId: null} reports an CLOSED replica.
2019-10-22 04:04:19,509 [EventQueue-ContainerReportForContainerReportHandler] WARN  container.ContainerReportHandler (AbstractContainerReportHandler.java:updateContainerState(145)) - Container #1 is in OPEN state, but the datanode 461aecd4-5005-4e8b-8510-a2b0fc408338{ip: 192.168.69.98, host: trunk-nightly-20191022-cthwk-1142398527, networkLocation: /default-rack, certSerialId: null} reports an CLOSED replica.
2019-10-22 04:04:19,791 [EventQueue-ContainerReportForContainerReportHandler] WARN  container.ContainerReportHandler (AbstractContainerReportHandler.java:updateContainerState(145)) - Container #1 is in OPEN state, but the datanode 38001277-610a-4ad8-827c-4fb892f595e9{ip: 192.168.69.98, host: trunk-nightly-20191022-cthwk-1142398527, networkLocation: /default-rack, certSerialId: null} reports an CLOSED replica.
2019-10-22 04:04:19,810 [EventQueue-ContainerReportForContainerReportHandler] WARN  container.ContainerReportHandler (AbstractContainerReportHandler.java:updateContainerState(145)) - Container #1 is in OPEN state, but the datanode 461aecd4-5005-4e8b-8510-a2b0fc408338{ip: 192.168.69.98, host: trunk-nightly-20191022-cthwk-1142398527, networkLocation: /default-rack, certSerialId: null} reports an CLOSED replica.
2019-10-22 04:04:20,191 [EventQueue-ContainerReportForContainerReportHandler] WARN  container.ContainerReportHandler (AbstractContainerReportHandler.java:updateContainerState(145)) - Container #1 is in OPEN state, but the datanode 38001277-610a-4ad8-827c-4fb892f595e9{ip: 192.168.69.98, host: trunk-nightly-20191022-cthwk-1142398527, networkLocation: /default-rack, certSerialId: null} reports an CLOSED replica.
2019-10-22 04:04:20,210 [EventQueue-ContainerReportForContainerReportHandler] WARN  container.ContainerReportHandler (AbstractContainerReportHandler.java:updateContainerState(145)) - Container #1 is in OPEN state, but the datanode 461aecd4-5005-4e8b-8510-a2b0fc408338{ip: 192.168.69.98, host: trunk-nightly-20191022-cthwk-1142398527, networkLocation: /default-rack, certSerialId: null} reports an CLOSED replica.
2019-10-22 04:04:20,328 [BlockDeletingService#2] WARN  background.BlockDeletingService (BlockDeletingService.java:isDeletionAllowed(187)) - Close Container log Index 6 is not replicated across allthe servers in the pipeline e8ed9056-394a-4d1f-b72e-7a5790695fd8 as the min replicated index is 4. Deletion is not allowed in this container yet.
2019-10-22 04:04:20,328 [BlockDeletingService#2] WARN  background.BlockDeletingService (BlockDeletingService.java:isDeletionAllowed(187)) - Close Container log Index 6 is not replicated across allthe servers in the pipeline e8ed9056-394a-4d1f-b72e-7a5790695fd8 as the min replicated index is 4. Deletion is not allowed in this container yet.
2019-10-22 04:04:20,411 [EventQueue-ContainerReportForContainerReportHandler] WARN  container.ContainerReportHandler (AbstractContainerReportHandler.java:updateContainerState(145)) - Container #1 is in OPEN state, but the datanode 461aecd4-5005-4e8b-8510-a2b0fc408338{ip: 192.168.69.98, host: trunk-nightly-20191022-cthwk-1142398527, networkLocation: /default-rack, certSerialId: null} reports an CLOSED replica.
2019-10-22 04:04:20,592 [EventQueue-ContainerReportForContainerReportHandler] WARN  container.ContainerReportHandler (AbstractContainerReportHandler.java:updateContainerState(145)) - Container #1 is in OPEN state, but the datanode 38001277-610a-4ad8-827c-4fb892f595e9{ip: 192.168.69.98, host: trunk-nightly-20191022-cthwk-1142398527, networkLocation: /default-rack, certSerialId: null} reports an CLOSED replica.
2019-10-22 04:04:20,650 [java.util.concurrent.ThreadPoolExecutor$Worker@2202d63d[State = -1, empty queue]] WARN  server.GrpcLogAppender (GrpcLogAppender.java:timeoutAppendRequest(209)) - 461aecd4-5005-4e8b-8510-a2b0fc408338@group-7A5790695FD8->517ee13d-f3a9-4e94-8f9c-24462d11aaf8-GrpcLogAppender: appendEntries Timeout, request=461aecd4-5005-4e8b-8510-a2b0fc408338->517ee13d-f3a9-4e94-8f9c-24462d11aaf8#40-t1, previous=(t:1, i:10), leaderCommit=10, initializing? false, entries: <empty>
2019-10-22 04:04:20,710 [EventQueue-ContainerReportForContainerReportHandler] WARN  container.ContainerReportHandler (AbstractContainerReportHandler.java:updateContainerState(145)) - Container #1 is in OPEN state, but the datanode 461aecd4-5005-4e8b-8510-a2b0fc408338{ip: 192.168.69.98, host: trunk-nightly-20191022-cthwk-1142398527, networkLocation: /default-rack, certSerialId: null} reports an CLOSED replica.
2019-10-22 04:04:20,992 [EventQueue-ContainerReportForContainerReportHandler] WARN  container.ContainerReportHandler (AbstractContainerReportHandler.java:updateContainerState(145)) - Container #1 is in OPEN state, but the datanode 38001277-610a-4ad8-827c-4fb892f595e9{ip: 192.168.69.98, host: trunk-nightly-20191022-cthwk-1142398527, networkLocation: /default-rack, certSerialId: null} reports an CLOSED replica.
2019-10-22 04:04:21,010 [EventQueue-ContainerReportForContainerReportHandler] WARN  container.ContainerReportHandler (AbstractContainerReportHandler.java:updateContainerState(145)) - Container #1 is in OPEN state, but the datanode 461aecd4-5005-4e8b-8510-a2b0fc408338{ip: 192.168.69.98, host: trunk-nightly-20191022-cthwk-1142398527, networkLocation: /default-rack, certSerialId: null} reports an CLOSED replica.
2019-10-22 04:04:21,292 [EventQueue-ContainerReportForContainerReportHandler] WARN  container.ContainerReportHandler (AbstractContainerReportHandler.java:updateContainerState(145)) - Container #1 is in OPEN state, but the datanode 38001277-610a-4ad8-827c-4fb892f595e9{ip: 192.168.69.98, host: trunk-nightly-20191022-cthwk-1142398527, networkLocation: /default-rack, certSerialId: null} reports an CLOSED replica.
2019-10-22 04:04:21,311 [EventQueue-ContainerReportForContainerReportHandler] WARN  container.ContainerReportHandler (AbstractContainerReportHandler.java:updateContainerState(145)) - Container #1 is in OPEN state, but the datanode 461aecd4-5005-4e8b-8510-a2b0fc408338{ip: 192.168.69.98, host: trunk-nightly-20191022-cthwk-1142398527, networkLocation: /default-rack, certSerialId: null} reports an CLOSED replica.
2019-10-22 04:04:21,330 [BlockDeletingService#2] WARN  background.BlockDeletingService (BlockDeletingService.java:isDeletionAllowed(187)) - Close Container log Index 6 is not replicated across allthe servers in the pipeline e8ed9056-394a-4d1f-b72e-7a5790695fd8 as the min replicated index is 4. Deletion is not allowed in this container yet.
2019-10-22 04:04:21,330 [BlockDeletingService#2] WARN  background.BlockDeletingService (BlockDeletingService.java:isDeletionAllowed(187)) - Close Container log Index 6 is not replicated across allthe servers in the pipeline e8ed9056-394a-4d1f-b72e-7a5790695fd8 as the min replicated index is 4. Deletion is not allowed in this container yet.
2019-10-22 04:04:21,492 [EventQueue-ContainerReportForContainerReportHandler] WARN  container.ContainerReportHandler (AbstractContainerReportHandler.java:updateContainerState(145)) - Container #1 is in OPEN state, but the datanode 38001277-610a-4ad8-827c-4fb892f595e9{ip: 192.168.69.98, host: trunk-nightly-20191022-cthwk-1142398527, networkLocation: /default-rack, certSerialId: null} reports an CLOSED replica.
2019-10-22 04:04:21,610 [EventQueue-ContainerReportForContainerReportHandler] WARN  container.ContainerReportHandler (AbstractContainerReportHandler.java:updateContainerState(145)) - Container #1 is in OPEN state, but the datanode 461aecd4-5005-4e8b-8510-a2b0fc408338{ip: 192.168.69.98, host: trunk-nightly-20191022-cthwk-1142398527, networkLocation: /default-rack, certSerialId: null} reports an CLOSED replica.
2019-10-22 04:04:21,793 [EventQueue-ContainerReportForContainerReportHandler] WARN  container.ContainerReportHandler (AbstractContainerReportHandler.java:updateContainerState(145)) - Container #1 is in OPEN state, but the datanode 38001277-610a-4ad8-827c-4fb892f595e9{ip: 192.168.69.98, host: trunk-nightly-20191022-cthwk-1142398527, networkLocation: /default-rack, certSerialId: null} reports an CLOSED replica.
2019-10-22 04:04:21,810 [EventQueue-ContainerReportForContainerReportHandler] WARN  container.ContainerReportHandler (AbstractContainerReportHandler.java:updateContainerState(145)) - Container #1 is in OPEN state, but the datanode 461aecd4-5005-4e8b-8510-a2b0fc408338{ip: 192.168.69.98, host: trunk-nightly-20191022-cthwk-1142398527, networkLocation: /default-rack, certSerialId: null} reports an CLOSED replica.
2019-10-22 04:04:21,993 [EventQueue-ContainerReportForContainerReportHandler] WARN  container.ContainerReportHandler (AbstractContainerReportHandler.java:updateContainerState(145)) - Container #1 is in OPEN state, but the datanode 38001277-610a-4ad8-827c-4fb892f595e9{ip: 192.168.69.98, host: trunk-nightly-20191022-cthwk-1142398527, networkLocation: /default-rack, certSerialId: null} reports an CLOSED replica.
2019-10-22 04:04:22,210 [EventQueue-ContainerReportForContainerReportHandler] WARN  container.ContainerReportHandler (AbstractContainerReportHandler.java:updateContainerState(145)) - Container #1 is in OPEN state, but the datanode 461aecd4-5005-4e8b-8510-a2b0fc408338{ip: 192.168.69.98, host: trunk-nightly-20191022-cthwk-1142398527, networkLocation: /default-rack, certSerialId: null} reports an CLOSED replica.
2019-10-22 04:04:22,331 [BlockDeletingService#2] WARN  background.BlockDeletingService (BlockDeletingService.java:isDeletionAllowed(187)) - Close Container log Index 6 is not replicated across allthe servers in the pipeline e8ed9056-394a-4d1f-b72e-7a5790695fd8 as the min replicated index is 4. Deletion is not allowed in this container yet.
2019-10-22 04:04:22,331 [BlockDeletingService#2] WARN  background.BlockDeletingService (BlockDeletingService.java:isDeletionAllowed(187)) - Close Container log Index 6 is not replicated across allthe servers in the pipeline e8ed9056-394a-4d1f-b72e-7a5790695fd8 as the min replicated index is 4. Deletion is not allowed in this container yet.
2019-10-22 04:04:22,393 [EventQueue-ContainerReportForContainerReportHandler] WARN  container.ContainerReportHandler (AbstractContainerReportHandler.java:updateContainerState(145)) - Container #1 is in OPEN state, but the datanode 38001277-610a-4ad8-827c-4fb892f595e9{ip: 192.168.69.98, host: trunk-nightly-20191022-cthwk-1142398527, networkLocation: /default-rack, certSerialId: null} reports an CLOSED replica.
2019-10-22 04:04:22,593 [EventQueue-ContainerReportForContainerReportHandler] WARN  container.ContainerReportHandler (AbstractContainerReportHandler.java:updateContainerState(145)) - Container #1 is in OPEN state, but the datanode 38001277-610a-4ad8-827c-4fb892f595e9{ip: 192.168.69.98, host: trunk-nightly-20191022-cthwk-1142398527, networkLocation: /default-rack, certSerialId: null} reports an CLOSED replica.
2019-10-22 04:04:22,610 [EventQueue-ContainerReportForContainerReportHandler] WARN  container.ContainerReportHandler (AbstractContainerReportHandler.java:updateContainerState(145)) - Container #1 is in OPEN state, but the datanode 461aecd4-5005-4e8b-8510-a2b0fc408338{ip: 192.168.69.98, host: trunk-nightly-20191022-cthwk-1142398527, networkLocation: /default-rack, certSerialId: null} reports an CLOSED replica.
2019-10-22 04:04:22,909 [EventQueue-ContainerReportForContainerReportHandler] WARN  container.ContainerReportHandler (AbstractContainerReportHandler.java:updateContainerState(145)) - Container #1 is in OPEN state, but the datanode 461aecd4-5005-4e8b-8510-a2b0fc408338{ip: 192.168.69.98, host: trunk-nightly-20191022-cthwk-1142398527, networkLocation: /default-rack, certSerialId: null} reports an CLOSED replica.
2019-10-22 04:04:22,993 [EventQueue-ContainerReportForContainerReportHandler] WARN  container.ContainerReportHandler (AbstractContainerReportHandler.java:updateContainerState(145)) - Container #1 is in OPEN state, but the datanode 38001277-610a-4ad8-827c-4fb892f595e9{ip: 192.168.69.98, host: trunk-nightly-20191022-cthwk-1142398527, networkLocation: /default-rack, certSerialId: null} reports an CLOSED replica.
2019-10-22 04:04:23,150 [java.util.concurrent.ThreadPoolExecutor$Worker@2202d63d[State = -1, empty queue]] WARN  server.GrpcLogAppender (GrpcLogAppender.java:timeoutAppendRequest(209)) - 461aecd4-5005-4e8b-8510-a2b0fc408338@group-7A5790695FD8->517ee13d-f3a9-4e94-8f9c-24462d11aaf8-GrpcLogAppender: appendEntries Timeout, request=461aecd4-5005-4e8b-8510-a2b0fc408338->517ee13d-f3a9-4e94-8f9c-24462d11aaf8#41-t1, previous=(t:1, i:10), leaderCommit=10, initializing? false, entries: <empty>
2019-10-22 04:04:23,293 [EventQueue-ContainerReportForContainerReportHandler] WARN  container.ContainerReportHandler (AbstractContainerReportHandler.java:updateContainerState(145)) - Container #1 is in OPEN state, but the datanode 38001277-610a-4ad8-827c-4fb892f595e9{ip: 192.168.69.98, host: trunk-nightly-20191022-cthwk-1142398527, networkLocation: /default-rack, certSerialId: null} reports an CLOSED replica.
2019-10-22 04:04:23,310 [EventQueue-ContainerReportForContainerReportHandler] WARN  container.ContainerReportHandler (AbstractContainerReportHandler.java:updateContainerState(145)) - Container #1 is in OPEN state, but the datanode 461aecd4-5005-4e8b-8510-a2b0fc408338{ip: 192.168.69.98, host: trunk-nightly-20191022-cthwk-1142398527, networkLocation: /default-rack, certSerialId: null} reports an CLOSED replica.
2019-10-22 04:04:23,333 [BlockDeletingService#2] WARN  background.BlockDeletingService (BlockDeletingService.java:isDeletionAllowed(187)) - Close Container log Index 6 is not replicated across allthe servers in the pipeline e8ed9056-394a-4d1f-b72e-7a5790695fd8 as the min replicated index is 4. Deletion is not allowed in this container yet.
2019-10-22 04:04:23,333 [BlockDeletingService#2] WARN  background.BlockDeletingService (BlockDeletingService.java:isDeletionAllowed(187)) - Close Container log Index 6 is not replicated across allthe servers in the pipeline e8ed9056-394a-4d1f-b72e-7a5790695fd8 as the min replicated index is 4. Deletion is not allowed in this container yet.
2019-10-22 04:04:23,593 [EventQueue-ContainerReportForContainerReportHandler] WARN  container.ContainerReportHandler (AbstractContainerReportHandler.java:updateContainerState(145)) - Container #1 is in OPEN state, but the datanode 38001277-610a-4ad8-827c-4fb892f595e9{ip: 192.168.69.98, host: trunk-nightly-20191022-cthwk-1142398527, networkLocation: /default-rack, certSerialId: null} reports an CLOSED replica.
2019-10-22 04:04:23,711 [EventQueue-ContainerReportForContainerReportHandler] WARN  container.ContainerReportHandler (AbstractContainerReportHandler.java:updateContainerState(145)) - Container #1 is in OPEN state, but the datanode 461aecd4-5005-4e8b-8510-a2b0fc408338{ip: 192.168.69.98, host: trunk-nightly-20191022-cthwk-1142398527, networkLocation: /default-rack, certSerialId: null} reports an CLOSED replica.
2019-10-22 04:04:23,993 [EventQueue-ContainerReportForContainerReportHandler] WARN  container.ContainerReportHandler (AbstractContainerReportHandler.java:updateContainerState(145)) - Container #1 is in OPEN state, but the datanode 38001277-610a-4ad8-827c-4fb892f595e9{ip: 192.168.69.98, host: trunk-nightly-20191022-cthwk-1142398527, networkLocation: /default-rack, certSerialId: null} reports an CLOSED replica.
2019-10-22 04:04:24,011 [EventQueue-ContainerReportForContainerReportHandler] WARN  container.ContainerReportHandler (AbstractContainerReportHandler.java:updateContainerState(145)) - Container #1 is in OPEN state, but the datanode 461aecd4-5005-4e8b-8510-a2b0fc408338{ip: 192.168.69.98, host: trunk-nightly-20191022-cthwk-1142398527, networkLocation: /default-rack, certSerialId: null} reports an CLOSED replica.
2019-10-22 04:04:24,193 [EventQueue-ContainerReportForContainerReportHandler] WARN  container.ContainerReportHandler (AbstractContainerReportHandler.java:updateContainerState(145)) - Container #1 is in OPEN state, but the datanode 38001277-610a-4ad8-827c-4fb892f595e9{ip: 192.168.69.98, host: trunk-nightly-20191022-cthwk-1142398527, networkLocation: /default-rack, certSerialId: null} reports an CLOSED replica.
2019-10-22 04:04:24,313 [EventQueue-ContainerReportForContainerReportHandler] WARN  container.ContainerReportHandler (AbstractContainerReportHandler.java:updateContainerState(145)) - Container #1 is in OPEN state, but the datanode 461aecd4-5005-4e8b-8510-a2b0fc408338{ip: 192.168.69.98, host: trunk-nightly-20191022-cthwk-1142398527, networkLocation: /default-rack, certSerialId: null} reports an CLOSED replica.
2019-10-22 04:04:24,334 [BlockDeletingService#2] WARN  background.BlockDeletingService (BlockDeletingService.java:isDeletionAllowed(187)) - Close Container log Index 6 is not replicated across allthe servers in the pipeline e8ed9056-394a-4d1f-b72e-7a5790695fd8 as the min replicated index is 4. Deletion is not allowed in this container yet.
2019-10-22 04:04:24,334 [BlockDeletingService#2] WARN  background.BlockDeletingService (BlockDeletingService.java:isDeletionAllowed(187)) - Close Container log Index 6 is not replicated across allthe servers in the pipeline e8ed9056-394a-4d1f-b72e-7a5790695fd8 as the min replicated index is 4. Deletion is not allowed in this container yet.
2019-10-22 04:04:24,512 [EventQueue-ContainerReportForContainerReportHandler] WARN  container.ContainerReportHandler (AbstractContainerReportHandler.java:updateContainerState(145)) - Container #1 is in OPEN state, but the datanode 461aecd4-5005-4e8b-8510-a2b0fc408338{ip: 192.168.69.98, host: trunk-nightly-20191022-cthwk-1142398527, networkLocation: /default-rack, certSerialId: null} reports an CLOSED replica.
2019-10-22 04:04:24,593 [EventQueue-ContainerReportForContainerReportHandler] WARN  container.ContainerReportHandler (AbstractContainerReportHandler.java:updateContainerState(145)) - Container #1 is in OPEN state, but the datanode 38001277-610a-4ad8-827c-4fb892f595e9{ip: 192.168.69.98, host: trunk-nightly-20191022-cthwk-1142398527, networkLocation: /default-rack, certSerialId: null} reports an CLOSED replica.
2019-10-22 04:04:24,712 [EventQueue-ContainerReportForContainerReportHandler] WARN  container.ContainerReportHandler (AbstractContainerReportHandler.java:updateContainerState(145)) - Container #1 is in OPEN state, but the datanode 461aecd4-5005-4e8b-8510-a2b0fc408338{ip: 192.168.69.98, host: trunk-nightly-20191022-cthwk-1142398527, networkLocation: /default-rack, certSerialId: null} reports an CLOSED replica.
2019-10-22 04:04:24,893 [EventQueue-ContainerReportForContainerReportHandler] WARN  container.ContainerReportHandler (AbstractContainerReportHandler.java:updateContainerState(145)) - Container #1 is in OPEN state, but the datanode 38001277-610a-4ad8-827c-4fb892f595e9{ip: 192.168.69.98, host: trunk-nightly-20191022-cthwk-1142398527, networkLocation: /default-rack, certSerialId: null} reports an CLOSED replica.
2019-10-22 04:04:25,113 [EventQueue-ContainerReportForContainerReportHandler] WARN  container.ContainerReportHandler (AbstractContainerReportHandler.java:updateContainerState(145)) - Container #1 is in OPEN state, but the datanode 461aecd4-5005-4e8b-8510-a2b0fc408338{ip: 192.168.69.98, host: trunk-nightly-20191022-cthwk-1142398527, networkLocation: /default-rack, certSerialId: null} reports an CLOSED replica.
2019-10-22 04:04:25,193 [EventQueue-ContainerReportForContainerReportHandler] WARN  container.ContainerReportHandler (AbstractContainerReportHandler.java:updateContainerState(145)) - Container #1 is in OPEN state, but the datanode 38001277-610a-4ad8-827c-4fb892f595e9{ip: 192.168.69.98, host: trunk-nightly-20191022-cthwk-1142398527, networkLocation: /default-rack, certSerialId: null} reports an CLOSED replica.
2019-10-22 04:04:25,336 [BlockDeletingService#2] WARN  background.BlockDeletingService (BlockDeletingService.java:isDeletionAllowed(187)) - Close Container log Index 6 is not replicated across allthe servers in the pipeline e8ed9056-394a-4d1f-b72e-7a5790695fd8 as the min replicated index is 4. Deletion is not allowed in this container yet.
2019-10-22 04:04:25,336 [BlockDeletingService#2] WARN  background.BlockDeletingService (BlockDeletingService.java:isDeletionAllowed(187)) - Close Container log Index 6 is not replicated across allthe servers in the pipeline e8ed9056-394a-4d1f-b72e-7a5790695fd8 as the min replicated index is 4. Deletion is not allowed in this container yet.
2019-10-22 04:04:25,413 [EventQueue-ContainerReportForContainerReportHandler] WARN  container.ContainerReportHandler (AbstractContainerReportHandler.java:updateContainerState(145)) - Container #1 is in OPEN state, but the datanode 461aecd4-5005-4e8b-8510-a2b0fc408338{ip: 192.168.69.98, host: trunk-nightly-20191022-cthwk-1142398527, networkLocation: /default-rack, certSerialId: null} reports an CLOSED replica.
2019-10-22 04:04:25,595 [EventQueue-ContainerReportForContainerReportHandler] WARN  container.ContainerReportHandler (AbstractContainerReportHandler.java:updateContainerState(145)) - Container #1 is in OPEN state, but the datanode 38001277-610a-4ad8-827c-4fb892f595e9{ip: 192.168.69.98, host: trunk-nightly-20191022-cthwk-1142398527, networkLocation: /default-rack, certSerialId: null} reports an CLOSED replica.
2019-10-22 04:04:25,651 [java.util.concurrent.ThreadPoolExecutor$Worker@2202d63d[State = -1, empty queue]] WARN  server.GrpcLogAppender (GrpcLogAppender.java:timeoutAppendRequest(209)) - 461aecd4-5005-4e8b-8510-a2b0fc408338@group-7A5790695FD8->517ee13d-f3a9-4e94-8f9c-24462d11aaf8-GrpcLogAppender: appendEntries Timeout, request=461aecd4-5005-4e8b-8510-a2b0fc408338->517ee13d-f3a9-4e94-8f9c-24462d11aaf8#42-t1, previous=(t:1, i:10), leaderCommit=10, initializing? false, entries: <empty>
2019-10-22 04:04:25,795 [EventQueue-ContainerReportForContainerReportHandler] WARN  container.ContainerReportHandler (AbstractContainerReportHandler.java:updateContainerState(145)) - Container #1 is in OPEN state, but the datanode 38001277-610a-4ad8-827c-4fb892f595e9{ip: 192.168.69.98, host: trunk-nightly-20191022-cthwk-1142398527, networkLocation: /default-rack, certSerialId: null} reports an CLOSED replica.
2019-10-22 04:04:25,814 [EventQueue-ContainerReportForContainerReportHandler] WARN  container.ContainerReportHandler (AbstractContainerReportHandler.java:updateContainerState(145)) - Container #1 is in OPEN state, but the datanode 461aecd4-5005-4e8b-8510-a2b0fc408338{ip: 192.168.69.98, host: trunk-nightly-20191022-cthwk-1142398527, networkLocation: /default-rack, certSerialId: null} reports an CLOSED replica.
2019-10-22 04:04:26,114 [EventQueue-ContainerReportForContainerReportHandler] WARN  container.ContainerReportHandler (AbstractContainerReportHandler.java:updateContainerState(145)) - Container #1 is in OPEN state, but the datanode 461aecd4-5005-4e8b-8510-a2b0fc408338{ip: 192.168.69.98, host: trunk-nightly-20191022-cthwk-1142398527, networkLocation: /default-rack, certSerialId: null} reports an CLOSED replica.
2019-10-22 04:04:26,194 [EventQueue-ContainerReportForContainerReportHandler] WARN  container.ContainerReportHandler (AbstractContainerReportHandler.java:updateContainerState(145)) - Container #1 is in OPEN state, but the datanode 38001277-610a-4ad8-827c-4fb892f595e9{ip: 192.168.69.98, host: trunk-nightly-20191022-cthwk-1142398527, networkLocation: /default-rack, certSerialId: null} reports an CLOSED replica.
2019-10-22 04:04:26,297 [Thread-457] INFO  client.GrpcClientProtocolService (GrpcClientProtocolService.java:lambda$processClientRequest$0(279)) - Failed RaftClientRequest:client-8579CCF1DDA8->38001277-610a-4ad8-827c-4fb892f595e9@group-7A5790695FD8, cid=10, seq=0, Watch-ALL_COMMITTED(6), Message:<EMPTY>, reply=RaftClientReply:client-8579CCF1DDA8->38001277-610a-4ad8-827c-4fb892f595e9@group-7A5790695FD8, cid=10, FAILED org.apache.ratis.protocol.NotLeaderException: Server 38001277-610a-4ad8-827c-4fb892f595e9@group-7A5790695FD8 is not the leader 461aecd4-5005-4e8b-8510-a2b0fc408338:192.168.69.98:41544, logIndex=0, commits[38001277-610a-4ad8-827c-4fb892f595e9:c10, 517ee13d-f3a9-4e94-8f9c-24462d11aaf8:c4, 461aecd4-5005-4e8b-8510-a2b0fc408338:c10]
2019-10-22 04:04:26,314 [EventQueue-ContainerReportForContainerReportHandler] WARN  container.ContainerReportHandler (AbstractContainerReportHandler.java:updateContainerState(145)) - Container #1 is in OPEN state, but the datanode 461aecd4-5005-4e8b-8510-a2b0fc408338{ip: 192.168.69.98, host: trunk-nightly-20191022-cthwk-1142398527, networkLocation: /default-rack, certSerialId: null} reports an CLOSED replica.
2019-10-22 04:04:26,337 [BlockDeletingService#2] WARN  background.BlockDeletingService (BlockDeletingService.java:isDeletionAllowed(187)) - Close Container log Index 6 is not replicated across allthe servers in the pipeline e8ed9056-394a-4d1f-b72e-7a5790695fd8 as the min replicated index is 4. Deletion is not allowed in this container yet.
2019-10-22 04:04:26,338 [BlockDeletingService#2] WARN  background.BlockDeletingService (BlockDeletingService.java:isDeletionAllowed(187)) - Close Container log Index 6 is not replicated across allthe servers in the pipeline e8ed9056-394a-4d1f-b72e-7a5790695fd8 as the min replicated index is 4. Deletion is not allowed in this container yet.
2019-10-22 04:04:26,494 [EventQueue-ContainerReportForContainerReportHandler] WARN  container.ContainerReportHandler (AbstractContainerReportHandler.java:updateContainerState(145)) - Container #1 is in OPEN state, but the datanode 38001277-610a-4ad8-827c-4fb892f595e9{ip: 192.168.69.98, host: trunk-nightly-20191022-cthwk-1142398527, networkLocation: /default-rack, certSerialId: null} reports an CLOSED replica.
2019-10-22 04:04:26,614 [EventQueue-ContainerReportForContainerReportHandler] WARN  container.ContainerReportHandler (AbstractContainerReportHandler.java:updateContainerState(145)) - Container #1 is in OPEN state, but the datanode 461aecd4-5005-4e8b-8510-a2b0fc408338{ip: 192.168.69.98, host: trunk-nightly-20191022-cthwk-1142398527, networkLocation: /default-rack, certSerialId: null} reports an CLOSED replica.
2019-10-22 04:04:26,794 [EventQueue-ContainerReportForContainerReportHandler] WARN  container.ContainerReportHandler (AbstractContainerReportHandler.java:updateContainerState(145)) - Container #1 is in OPEN state, but the datanode 38001277-610a-4ad8-827c-4fb892f595e9{ip: 192.168.69.98, host: trunk-nightly-20191022-cthwk-1142398527, networkLocation: /default-rack, certSerialId: null} reports an CLOSED replica.
2019-10-22 04:04:26,815 [EventQueue-ContainerReportForContainerReportHandler] WARN  container.ContainerReportHandler (AbstractContainerReportHandler.java:updateContainerState(145)) - Container #1 is in OPEN state, but the datanode 461aecd4-5005-4e8b-8510-a2b0fc408338{ip: 192.168.69.98, host: trunk-nightly-20191022-cthwk-1142398527, networkLocation: /default-rack, certSerialId: null} reports an CLOSED replica.
2019-10-22 04:04:26,884 [Thread-462] INFO  client.GrpcClientProtocolService (GrpcClientProtocolService.java:lambda$processClientRequest$0(279)) - Failed RaftClientRequest:client-8579CCF1DDA8->461aecd4-5005-4e8b-8510-a2b0fc408338@group-7A5790695FD8, cid=10, seq=0, Watch-ALL_COMMITTED(6), Message:<EMPTY>, reply=RaftClientReply:client-8579CCF1DDA8->461aecd4-5005-4e8b-8510-a2b0fc408338@group-7A5790695FD8, cid=10, FAILED org.apache.ratis.protocol.NotReplicatedException: Request with call Id 10 and log index 6 is not yet replicated to ALL_COMMITTED, logIndex=6, commits[461aecd4-5005-4e8b-8510-a2b0fc408338:c10, 517ee13d-f3a9-4e94-8f9c-24462d11aaf8:c4, 38001277-610a-4ad8-827c-4fb892f595e9:c10]
2019-10-22 04:04:27,094 [EventQueue-ContainerReportForContainerReportHandler] WARN  container.ContainerReportHandler (AbstractContainerReportHandler.java:updateContainerState(145)) - Container #1 is in OPEN state, but the datanode 38001277-610a-4ad8-827c-4fb892f595e9{ip: 192.168.69.98, host: trunk-nightly-20191022-cthwk-1142398527, networkLocation: /default-rack, certSerialId: null} reports an CLOSED replica.
2019-10-22 04:04:27,215 [EventQueue-ContainerReportForContainerReportHandler] WARN  container.ContainerReportHandler (AbstractContainerReportHandler.java:updateContainerState(145)) - Container #1 is in OPEN state, but the datanode 461aecd4-5005-4e8b-8510-a2b0fc408338{ip: 192.168.69.98, host: trunk-nightly-20191022-cthwk-1142398527, networkLocation: /default-rack, certSerialId: null} reports an CLOSED replica.
2019-10-22 04:04:27,294 [EventQueue-ContainerReportForContainerReportHandler] WARN  container.ContainerReportHandler (AbstractContainerReportHandler.java:updateContainerState(145)) - Container #1 is in OPEN state, but the datanode 38001277-610a-4ad8-827c-4fb892f595e9{ip: 192.168.69.98, host: trunk-nightly-20191022-cthwk-1142398527, networkLocation: /default-rack, certSerialId: null} reports an CLOSED replica.
2019-10-22 04:04:27,339 [BlockDeletingService#2] WARN  background.BlockDeletingService (BlockDeletingService.java:isDeletionAllowed(187)) - Close Container log Index 6 is not replicated across allthe servers in the pipeline e8ed9056-394a-4d1f-b72e-7a5790695fd8 as the min replicated index is 4. Deletion is not allowed in this container yet.
2019-10-22 04:04:27,339 [BlockDeletingService#2] WARN  background.BlockDeletingService (BlockDeletingService.java:isDeletionAllowed(187)) - Close Container log Index 6 is not replicated across allthe servers in the pipeline e8ed9056-394a-4d1f-b72e-7a5790695fd8 as the min replicated index is 4. Deletion is not allowed in this container yet.
2019-10-22 04:04:27,515 [EventQueue-ContainerReportForContainerReportHandler] WARN  container.ContainerReportHandler (AbstractContainerReportHandler.java:updateContainerState(145)) - Container #1 is in OPEN state, but the datanode 461aecd4-5005-4e8b-8510-a2b0fc408338{ip: 192.168.69.98, host: trunk-nightly-20191022-cthwk-1142398527, networkLocation: /default-rack, certSerialId: null} reports an CLOSED replica.
2019-10-22 04:04:27,594 [EventQueue-ContainerReportForContainerReportHandler] WARN  container.ContainerReportHandler (AbstractContainerReportHandler.java:updateContainerState(145)) - Container #1 is in OPEN state, but the datanode 38001277-610a-4ad8-827c-4fb892f595e9{ip: 192.168.69.98, host: trunk-nightly-20191022-cthwk-1142398527, networkLocation: /default-rack, certSerialId: null} reports an CLOSED replica.
2019-10-22 04:04:27,794 [EventQueue-ContainerReportForContainerReportHandler] WARN  container.ContainerReportHandler (AbstractContainerReportHandler.java:updateContainerState(145)) - Container #1 is in OPEN state, but the datanode 38001277-610a-4ad8-827c-4fb892f595e9{ip: 192.168.69.98, host: trunk-nightly-20191022-cthwk-1142398527, networkLocation: /default-rack, certSerialId: null} reports an CLOSED replica.
2019-10-22 04:04:27,815 [EventQueue-ContainerReportForContainerReportHandler] WARN  container.ContainerReportHandler (AbstractContainerReportHandler.java:updateContainerState(145)) - Container #1 is in OPEN state, but the datanode 461aecd4-5005-4e8b-8510-a2b0fc408338{ip: 192.168.69.98, host: trunk-nightly-20191022-cthwk-1142398527, networkLocation: /default-rack, certSerialId: null} reports an CLOSED replica.
2019-10-22 04:04:28,152 [java.util.concurrent.ThreadPoolExecutor$Worker@2202d63d[State = -1, empty queue]] WARN  server.GrpcLogAppender (GrpcLogAppender.java:timeoutAppendRequest(209)) - 461aecd4-5005-4e8b-8510-a2b0fc408338@group-7A5790695FD8->517ee13d-f3a9-4e94-8f9c-24462d11aaf8-GrpcLogAppender: appendEntries Timeout, request=461aecd4-5005-4e8b-8510-a2b0fc408338->517ee13d-f3a9-4e94-8f9c-24462d11aaf8#43-t1, previous=(t:1, i:10), leaderCommit=10, initializing? false, entries: <empty>
2019-10-22 04:04:28,194 [EventQueue-ContainerReportForContainerReportHandler] WARN  container.ContainerReportHandler (AbstractContainerReportHandler.java:updateContainerState(145)) - Container #1 is in OPEN state, but the datanode 38001277-610a-4ad8-827c-4fb892f595e9{ip: 192.168.69.98, host: trunk-nightly-20191022-cthwk-1142398527, networkLocation: /default-rack, certSerialId: null} reports an CLOSED replica.
2019-10-22 04:04:28,215 [EventQueue-ContainerReportForContainerReportHandler] WARN  container.ContainerReportHandler (AbstractContainerReportHandler.java:updateContainerState(145)) - Container #1 is in OPEN state, but the datanode 461aecd4-5005-4e8b-8510-a2b0fc408338{ip: 192.168.69.98, host: trunk-nightly-20191022-cthwk-1142398527, networkLocation: /default-rack, certSerialId: null} reports an CLOSED replica.
2019-10-22 04:04:28,345 [BlockDeletingService#2] WARN  background.BlockDeletingService (BlockDeletingService.java:isDeletionAllowed(187)) - Close Container log Index 6 is not replicated across allthe servers in the pipeline e8ed9056-394a-4d1f-b72e-7a5790695fd8 as the min replicated index is 4. Deletion is not allowed in this container yet.
2019-10-22 04:04:28,346 [BlockDeletingService#2] WARN  background.BlockDeletingService (BlockDeletingService.java:isDeletionAllowed(187)) - Close Container log Index 6 is not replicated across allthe servers in the pipeline e8ed9056-394a-4d1f-b72e-7a5790695fd8 as the min replicated index is 4. Deletion is not allowed in this container yet.
2019-10-22 04:04:28,516 [EventQueue-ContainerReportForContainerReportHandler] WARN  container.ContainerReportHandler (AbstractContainerReportHandler.java:updateContainerState(145)) - Container #1 is in OPEN state, but the datanode 461aecd4-5005-4e8b-8510-a2b0fc408338{ip: 192.168.69.98, host: trunk-nightly-20191022-cthwk-1142398527, networkLocation: /default-rack, certSerialId: null} reports an CLOSED replica.
2019-10-22 04:04:28,594 [EventQueue-ContainerReportForContainerReportHandler] WARN  container.ContainerReportHandler (AbstractContainerReportHandler.java:updateContainerState(145)) - Container #1 is in OPEN state, but the datanode 38001277-610a-4ad8-827c-4fb892f595e9{ip: 192.168.69.98, host: trunk-nightly-20191022-cthwk-1142398527, networkLocation: /default-rack, certSerialId: null} reports an CLOSED replica.
2019-10-22 04:04:28,894 [EventQueue-ContainerReportForContainerReportHandler] WARN  container.ContainerReportHandler (AbstractContainerReportHandler.java:updateContainerState(145)) - Container #1 is in OPEN state, but the datanode 38001277-610a-4ad8-827c-4fb892f595e9{ip: 192.168.69.98, host: trunk-nightly-20191022-cthwk-1142398527, networkLocation: /default-rack, certSerialId: null} reports an CLOSED replica.
2019-10-22 04:04:28,917 [EventQueue-ContainerReportForContainerReportHandler] WARN  container.ContainerReportHandler (AbstractContainerReportHandler.java:updateContainerState(145)) - Container #1 is in OPEN state, but the datanode 461aecd4-5005-4e8b-8510-a2b0fc408338{ip: 192.168.69.98, host: trunk-nightly-20191022-cthwk-1142398527, networkLocation: /default-rack, certSerialId: null} reports an CLOSED replica.
2019-10-22 04:04:29,194 [EventQueue-ContainerReportForContainerReportHandler] WARN  container.ContainerReportHandler (AbstractContainerReportHandler.java:updateContainerState(145)) - Container #1 is in OPEN state, but the datanode 38001277-610a-4ad8-827c-4fb892f595e9{ip: 192.168.69.98, host: trunk-nightly-20191022-cthwk-1142398527, networkLocation: /default-rack, certSerialId: null} reports an CLOSED replica.
2019-10-22 04:04:29,217 [EventQueue-ContainerReportForContainerReportHandler] WARN  container.ContainerReportHandler (AbstractContainerReportHandler.java:updateContainerState(145)) - Container #1 is in OPEN state, but the datanode 461aecd4-5005-4e8b-8510-a2b0fc408338{ip: 192.168.69.98, host: trunk-nightly-20191022-cthwk-1142398527, networkLocation: /default-rack, certSerialId: null} reports an CLOSED replica.
2019-10-22 04:04:29,346 [BlockDeletingService#2] WARN  background.BlockDeletingService (BlockDeletingService.java:isDeletionAllowed(187)) - Close Container log Index 6 is not replicated across allthe servers in the pipeline e8ed9056-394a-4d1f-b72e-7a5790695fd8 as the min replicated index is 4. Deletion is not allowed in this container yet.
2019-10-22 04:04:29,347 [BlockDeletingService#2] WARN  background.BlockDeletingService (BlockDeletingService.java:isDeletionAllowed(187)) - Close Container log Index 6 is not replicated across allthe servers in the pipeline e8ed9056-394a-4d1f-b72e-7a5790695fd8 as the min replicated index is 4. Deletion is not allowed in this container yet.
2019-10-22 04:04:29,494 [EventQueue-ContainerReportForContainerReportHandler] WARN  container.ContainerReportHandler (AbstractContainerReportHandler.java:updateContainerState(145)) - Container #1 is in OPEN state, but the datanode 38001277-610a-4ad8-827c-4fb892f595e9{ip: 192.168.69.98, host: trunk-nightly-20191022-cthwk-1142398527, networkLocation: /default-rack, certSerialId: null} reports an CLOSED replica.
2019-10-22 04:04:29,519 [EventQueue-ContainerReportForContainerReportHandler] WARN  container.ContainerReportHandler (AbstractContainerReportHandler.java:updateContainerState(145)) - Container #1 is in OPEN state, but the datanode 461aecd4-5005-4e8b-8510-a2b0fc408338{ip: 192.168.69.98, host: trunk-nightly-20191022-cthwk-1142398527, networkLocation: /default-rack, certSerialId: null} reports an CLOSED replica.
2019-10-22 04:04:29,794 [EventQueue-ContainerReportForContainerReportHandler] WARN  container.ContainerReportHandler (AbstractContainerReportHandler.java:updateContainerState(145)) - Container #1 is in OPEN state, but the datanode 38001277-610a-4ad8-827c-4fb892f595e9{ip: 192.168.69.98, host: trunk-nightly-20191022-cthwk-1142398527, networkLocation: /default-rack, certSerialId: null} reports an CLOSED replica.
2019-10-22 04:04:29,820 [EventQueue-ContainerReportForContainerReportHandler] WARN  container.ContainerReportHandler (AbstractContainerReportHandler.java:updateContainerState(145)) - Container #1 is in OPEN state, but the datanode 461aecd4-5005-4e8b-8510-a2b0fc408338{ip: 192.168.69.98, host: trunk-nightly-20191022-cthwk-1142398527, networkLocation: /default-rack, certSerialId: null} reports an CLOSED replica.
2019-10-22 04:04:30,095 [EventQueue-ContainerReportForContainerReportHandler] WARN  container.ContainerReportHandler (AbstractContainerReportHandler.java:updateContainerState(145)) - Container #1 is in OPEN state, but the datanode 38001277-610a-4ad8-827c-4fb892f595e9{ip: 192.168.69.98, host: trunk-nightly-20191022-cthwk-1142398527, networkLocation: /default-rack, certSerialId: null} reports an CLOSED replica.
2019-10-22 04:04:30,120 [EventQueue-ContainerReportForContainerReportHandler] WARN  container.ContainerReportHandler (AbstractContainerReportHandler.java:updateContainerState(145)) - Container #1 is in OPEN state, but the datanode 461aecd4-5005-4e8b-8510-a2b0fc408338{ip: 192.168.69.98, host: trunk-nightly-20191022-cthwk-1142398527, networkLocation: /default-rack, certSerialId: null} reports an CLOSED replica.
2019-10-22 04:04:30,320 [EventQueue-ContainerReportForContainerReportHandler] WARN  container.ContainerReportHandler (AbstractContainerReportHandler.java:updateContainerState(145)) - Container #1 is in OPEN state, but the datanode 461aecd4-5005-4e8b-8510-a2b0fc408338{ip: 192.168.69.98, host: trunk-nightly-20191022-cthwk-1142398527, networkLocation: /default-rack, certSerialId: null} reports an CLOSED replica.
2019-10-22 04:04:30,348 [BlockDeletingService#2] WARN  background.BlockDeletingService (BlockDeletingService.java:isDeletionAllowed(187)) - Close Container log Index 6 is not replicated across allthe servers in the pipeline e8ed9056-394a-4d1f-b72e-7a5790695fd8 as the min replicated index is 4. Deletion is not allowed in this container yet.
2019-10-22 04:04:30,348 [BlockDeletingService#2] WARN  background.BlockDeletingService (BlockDeletingService.java:isDeletionAllowed(187)) - Close Container log Index 6 is not replicated across allthe servers in the pipeline e8ed9056-394a-4d1f-b72e-7a5790695fd8 as the min replicated index is 4. Deletion is not allowed in this container yet.
2019-10-22 04:04:30,396 [EventQueue-ContainerReportForContainerReportHandler] WARN  container.ContainerReportHandler (AbstractContainerReportHandler.java:updateContainerState(145)) - Container #1 is in OPEN state, but the datanode 38001277-610a-4ad8-827c-4fb892f595e9{ip: 192.168.69.98, host: trunk-nightly-20191022-cthwk-1142398527, networkLocation: /default-rack, certSerialId: null} reports an CLOSED replica.
2019-10-22 04:04:30,653 [java.util.concurrent.ThreadPoolExecutor$Worker@2202d63d[State = -1, empty queue]] WARN  server.GrpcLogAppender (GrpcLogAppender.java:timeoutAppendRequest(209)) - 461aecd4-5005-4e8b-8510-a2b0fc408338@group-7A5790695FD8->517ee13d-f3a9-4e94-8f9c-24462d11aaf8-GrpcLogAppender: appendEntries Timeout, request=461aecd4-5005-4e8b-8510-a2b0fc408338->517ee13d-f3a9-4e94-8f9c-24462d11aaf8#44-t1, previous=(t:1, i:10), leaderCommit=10, initializing? false, entries: <empty>
2019-10-22 04:04:30,696 [EventQueue-ContainerReportForContainerReportHandler] WARN  container.ContainerReportHandler (AbstractContainerReportHandler.java:updateContainerState(145)) - Container #1 is in OPEN state, but the datanode 38001277-610a-4ad8-827c-4fb892f595e9{ip: 192.168.69.98, host: trunk-nightly-20191022-cthwk-1142398527, networkLocation: /default-rack, certSerialId: null} reports an CLOSED replica.
2019-10-22 04:04:30,721 [EventQueue-ContainerReportForContainerReportHandler] WARN  container.ContainerReportHandler (AbstractContainerReportHandler.java:updateContainerState(145)) - Container #1 is in OPEN state, but the datanode 461aecd4-5005-4e8b-8510-a2b0fc408338{ip: 192.168.69.98, host: trunk-nightly-20191022-cthwk-1142398527, networkLocation: /default-rack, certSerialId: null} reports an CLOSED replica.
2019-10-22 04:04:30,921 [EventQueue-ContainerReportForContainerReportHandler] WARN  container.ContainerReportHandler (AbstractContainerReportHandler.java:updateContainerState(145)) - Container #1 is in OPEN state, but the datanode 461aecd4-5005-4e8b-8510-a2b0fc408338{ip: 192.168.69.98, host: trunk-nightly-20191022-cthwk-1142398527, networkLocation: /default-rack, certSerialId: null} reports an CLOSED replica.
2019-10-22 04:04:30,996 [EventQueue-ContainerReportForContainerReportHandler] WARN  container.ContainerReportHandler (AbstractContainerReportHandler.java:updateContainerState(145)) - Container #1 is in OPEN state, but the datanode 38001277-610a-4ad8-827c-4fb892f595e9{ip: 192.168.69.98, host: trunk-nightly-20191022-cthwk-1142398527, networkLocation: /default-rack, certSerialId: null} reports an CLOSED replica.
2019-10-22 04:04:31,296 [EventQueue-ContainerReportForContainerReportHandler] WARN  container.ContainerReportHandler (AbstractContainerReportHandler.java:updateContainerState(145)) - Container #1 is in OPEN state, but the datanode 38001277-610a-4ad8-827c-4fb892f595e9{ip: 192.168.69.98, host: trunk-nightly-20191022-cthwk-1142398527, networkLocation: /default-rack, certSerialId: null} reports an CLOSED replica.
2019-10-22 04:04:31,322 [EventQueue-ContainerReportForContainerReportHandler] WARN  container.ContainerReportHandler (AbstractContainerReportHandler.java:updateContainerState(145)) - Container #1 is in OPEN state, but the datanode 461aecd4-5005-4e8b-8510-a2b0fc408338{ip: 192.168.69.98, host: trunk-nightly-20191022-cthwk-1142398527, networkLocation: /default-rack, certSerialId: null} reports an CLOSED replica.
2019-10-22 04:04:31,350 [BlockDeletingService#2] WARN  background.BlockDeletingService (BlockDeletingService.java:isDeletionAllowed(187)) - Close Container log Index 6 is not replicated across allthe servers in the pipeline e8ed9056-394a-4d1f-b72e-7a5790695fd8 as the min replicated index is 4. Deletion is not allowed in this container yet.
2019-10-22 04:04:31,350 [BlockDeletingService#2] WARN  background.BlockDeletingService (BlockDeletingService.java:isDeletionAllowed(187)) - Close Container log Index 6 is not replicated across allthe servers in the pipeline e8ed9056-394a-4d1f-b72e-7a5790695fd8 as the min replicated index is 4. Deletion is not allowed in this container yet.
2019-10-22 04:04:31,523 [EventQueue-ContainerReportForContainerReportHandler] WARN  container.ContainerReportHandler (AbstractContainerReportHandler.java:updateContainerState(145)) - Container #1 is in OPEN state, but the datanode 461aecd4-5005-4e8b-8510-a2b0fc408338{ip: 192.168.69.98, host: trunk-nightly-20191022-cthwk-1142398527, networkLocation: /default-rack, certSerialId: null} reports an CLOSED replica.
2019-10-22 04:04:31,597 [EventQueue-ContainerReportForContainerReportHandler] WARN  container.ContainerReportHandler (AbstractContainerReportHandler.java:updateContainerState(145)) - Container #1 is in OPEN state, but the datanode 38001277-610a-4ad8-827c-4fb892f595e9{ip: 192.168.69.98, host: trunk-nightly-20191022-cthwk-1142398527, networkLocation: /default-rack, certSerialId: null} reports an CLOSED replica.
2019-10-22 04:04:31,823 [EventQueue-ContainerReportForContainerReportHandler] WARN  container.ContainerReportHandler (AbstractContainerReportHandler.java:updateContainerState(145)) - Container #1 is in OPEN state, but the datanode 461aecd4-5005-4e8b-8510-a2b0fc408338{ip: 192.168.69.98, host: trunk-nightly-20191022-cthwk-1142398527, networkLocation: /default-rack, certSerialId: null} reports an CLOSED replica.
2019-10-22 04:04:31,898 [EventQueue-ContainerReportForContainerReportHandler] WARN  container.ContainerReportHandler (AbstractContainerReportHandler.java:updateContainerState(145)) - Container #1 is in OPEN state, but the datanode 38001277-610a-4ad8-827c-4fb892f595e9{ip: 192.168.69.98, host: trunk-nightly-20191022-cthwk-1142398527, networkLocation: /default-rack, certSerialId: null} reports an CLOSED replica.
2019-10-22 04:04:32,024 [EventQueue-ContainerReportForContainerReportHandler] WARN  container.ContainerReportHandler (AbstractContainerReportHandler.java:updateContainerState(145)) - Container #1 is in OPEN state, but the datanode 461aecd4-5005-4e8b-8510-a2b0fc408338{ip: 192.168.69.98, host: trunk-nightly-20191022-cthwk-1142398527, networkLocation: /default-rack, certSerialId: null} reports an CLOSED replica.
2019-10-22 04:04:32,198 [EventQueue-ContainerReportForContainerReportHandler] WARN  container.ContainerReportHandler (AbstractContainerReportHandler.java:updateContainerState(145)) - Container #1 is in OPEN state, but the datanode 38001277-610a-4ad8-827c-4fb892f595e9{ip: 192.168.69.98, host: trunk-nightly-20191022-cthwk-1142398527, networkLocation: /default-rack, certSerialId: null} reports an CLOSED replica.
2019-10-22 04:04:32,324 [EventQueue-ContainerReportForContainerReportHandler] WARN  container.ContainerReportHandler (AbstractContainerReportHandler.java:updateContainerState(145)) - Container #1 is in OPEN state, but the datanode 461aecd4-5005-4e8b-8510-a2b0fc408338{ip: 192.168.69.98, host: trunk-nightly-20191022-cthwk-1142398527, networkLocation: /default-rack, certSerialId: null} reports an CLOSED replica.
2019-10-22 04:04:32,351 [BlockDeletingService#2] WARN  background.BlockDeletingService (BlockDeletingService.java:isDeletionAllowed(187)) - Close Container log Index 6 is not replicated across allthe servers in the pipeline e8ed9056-394a-4d1f-b72e-7a5790695fd8 as the min replicated index is 4. Deletion is not allowed in this container yet.
2019-10-22 04:04:32,351 [BlockDeletingService#2] WARN  background.BlockDeletingService (BlockDeletingService.java:isDeletionAllowed(187)) - Close Container log Index 6 is not replicated across allthe servers in the pipeline e8ed9056-394a-4d1f-b72e-7a5790695fd8 as the min replicated index is 4. Deletion is not allowed in this container yet.
2019-10-22 04:04:32,498 [EventQueue-ContainerReportForContainerReportHandler] WARN  container.ContainerReportHandler (AbstractContainerReportHandler.java:updateContainerState(145)) - Container #1 is in OPEN state, but the datanode 38001277-610a-4ad8-827c-4fb892f595e9{ip: 192.168.69.98, host: trunk-nightly-20191022-cthwk-1142398527, networkLocation: /default-rack, certSerialId: null} reports an CLOSED replica.
2019-10-22 04:04:32,625 [EventQueue-ContainerReportForContainerReportHandler] WARN  container.ContainerReportHandler (AbstractContainerReportHandler.java:updateContainerState(145)) - Container #1 is in OPEN state, but the datanode 461aecd4-5005-4e8b-8510-a2b0fc408338{ip: 192.168.69.98, host: trunk-nightly-20191022-cthwk-1142398527, networkLocation: /default-rack, certSerialId: null} reports an CLOSED replica.
2019-10-22 04:04:32,798 [EventQueue-ContainerReportForContainerReportHandler] WARN  container.ContainerReportHandler (AbstractContainerReportHandler.java:updateContainerState(145)) - Container #1 is in OPEN state, but the datanode 38001277-610a-4ad8-827c-4fb892f595e9{ip: 192.168.69.98, host: trunk-nightly-20191022-cthwk-1142398527, networkLocation: /default-rack, certSerialId: null} reports an CLOSED replica.
2019-10-22 04:04:32,825 [EventQueue-ContainerReportForContainerReportHandler] WARN  container.ContainerReportHandler (AbstractContainerReportHandler.java:updateContainerState(145)) - Container #1 is in OPEN state, but the datanode 461aecd4-5005-4e8b-8510-a2b0fc408338{ip: 192.168.69.98, host: trunk-nightly-20191022-cthwk-1142398527, networkLocation: /default-rack, certSerialId: null} reports an CLOSED replica.
2019-10-22 04:04:33,126 [EventQueue-ContainerReportForContainerReportHandler] WARN  container.ContainerReportHandler (AbstractContainerReportHandler.java:updateContainerState(145)) - Container #1 is in OPEN state, but the datanode 461aecd4-5005-4e8b-8510-a2b0fc408338{ip: 192.168.69.98, host: trunk-nightly-20191022-cthwk-1142398527, networkLocation: /default-rack, certSerialId: null} reports an CLOSED replica.
2019-10-22 04:04:33,154 [java.util.concurrent.ThreadPoolExecutor$Worker@2202d63d[State = -1, empty queue]] WARN  server.GrpcLogAppender (GrpcLogAppender.java:timeoutAppendRequest(209)) - 461aecd4-5005-4e8b-8510-a2b0fc408338@group-7A5790695FD8->517ee13d-f3a9-4e94-8f9c-24462d11aaf8-GrpcLogAppender: appendEntries Timeout, request=461aecd4-5005-4e8b-8510-a2b0fc408338->517ee13d-f3a9-4e94-8f9c-24462d11aaf8#45-t1, previous=(t:1, i:10), leaderCommit=10, initializing? false, entries: <empty>
2019-10-22 04:04:33,198 [EventQueue-ContainerReportForContainerReportHandler] WARN  container.ContainerReportHandler (AbstractContainerReportHandler.java:updateContainerState(145)) - Container #1 is in OPEN state, but the datanode 38001277-610a-4ad8-827c-4fb892f595e9{ip: 192.168.69.98, host: trunk-nightly-20191022-cthwk-1142398527, networkLocation: /default-rack, certSerialId: null} reports an CLOSED replica.
2019-10-22 04:04:33,326 [EventQueue-ContainerReportForContainerReportHandler] WARN  container.ContainerReportHandler (AbstractContainerReportHandler.java:updateContainerState(145)) - Container #1 is in OPEN state, but the datanode 461aecd4-5005-4e8b-8510-a2b0fc408338{ip: 192.168.69.98, host: trunk-nightly-20191022-cthwk-1142398527, networkLocation: /default-rack, certSerialId: null} reports an CLOSED replica.
2019-10-22 04:04:33,353 [BlockDeletingService#2] WARN  background.BlockDeletingService (BlockDeletingService.java:isDeletionAllowed(187)) - Close Container log Index 6 is not replicated across allthe servers in the pipeline e8ed9056-394a-4d1f-b72e-7a5790695fd8 as the min replicated index is 4. Deletion is not allowed in this container yet.
2019-10-22 04:04:33,353 [BlockDeletingService#2] WARN  background.BlockDeletingService (BlockDeletingService.java:isDeletionAllowed(187)) - Close Container log Index 6 is not replicated across allthe servers in the pipeline e8ed9056-394a-4d1f-b72e-7a5790695fd8 as the min replicated index is 4. Deletion is not allowed in this container yet.
2019-10-22 04:04:33,499 [EventQueue-ContainerReportForContainerReportHandler] WARN  container.ContainerReportHandler (AbstractContainerReportHandler.java:updateContainerState(145)) - Container #1 is in OPEN state, but the datanode 38001277-610a-4ad8-827c-4fb892f595e9{ip: 192.168.69.98, host: trunk-nightly-20191022-cthwk-1142398527, networkLocation: /default-rack, certSerialId: null} reports an CLOSED replica.
2019-10-22 04:04:33,726 [EventQueue-ContainerReportForContainerReportHandler] WARN  container.ContainerReportHandler (AbstractContainerReportHandler.java:updateContainerState(145)) - Container #1 is in OPEN state, but the datanode 461aecd4-5005-4e8b-8510-a2b0fc408338{ip: 192.168.69.98, host: trunk-nightly-20191022-cthwk-1142398527, networkLocation: /default-rack, certSerialId: null} reports an CLOSED replica.
2019-10-22 04:04:33,800 [EventQueue-ContainerReportForContainerReportHandler] WARN  container.ContainerReportHandler (AbstractContainerReportHandler.java:updateContainerState(145)) - Container #1 is in OPEN state, but the datanode 38001277-610a-4ad8-827c-4fb892f595e9{ip: 192.168.69.98, host: trunk-nightly-20191022-cthwk-1142398527, networkLocation: /default-rack, certSerialId: null} reports an CLOSED replica.
2019-10-22 04:04:33,926 [EventQueue-ContainerReportForContainerReportHandler] WARN  container.ContainerReportHandler (AbstractContainerReportHandler.java:updateContainerState(145)) - Container #1 is in OPEN state, but the datanode 461aecd4-5005-4e8b-8510-a2b0fc408338{ip: 192.168.69.98, host: trunk-nightly-20191022-cthwk-1142398527, networkLocation: /default-rack, certSerialId: null} reports an CLOSED replica.
2019-10-22 04:04:34,001 [EventQueue-ContainerReportForContainerReportHandler] WARN  container.ContainerReportHandler (AbstractContainerReportHandler.java:updateContainerState(145)) - Container #1 is in OPEN state, but the datanode 38001277-610a-4ad8-827c-4fb892f595e9{ip: 192.168.69.98, host: trunk-nightly-20191022-cthwk-1142398527, networkLocation: /default-rack, certSerialId: null} reports an CLOSED replica.
2019-10-22 04:04:34,301 [EventQueue-ContainerReportForContainerReportHandler] WARN  container.ContainerReportHandler (AbstractContainerReportHandler.java:updateContainerState(145)) - Container #1 is in OPEN state, but the datanode 38001277-610a-4ad8-827c-4fb892f595e9{ip: 192.168.69.98, host: trunk-nightly-20191022-cthwk-1142398527, networkLocation: /default-rack, certSerialId: null} reports an CLOSED replica.
2019-10-22 04:04:34,326 [EventQueue-ContainerReportForContainerReportHandler] WARN  container.ContainerReportHandler (AbstractContainerReportHandler.java:updateContainerState(145)) - Container #1 is in OPEN state, but the datanode 461aecd4-5005-4e8b-8510-a2b0fc408338{ip: 192.168.69.98, host: trunk-nightly-20191022-cthwk-1142398527, networkLocation: /default-rack, certSerialId: null} reports an CLOSED replica.
2019-10-22 04:04:34,355 [BlockDeletingService#2] WARN  background.BlockDeletingService (BlockDeletingService.java:isDeletionAllowed(187)) - Close Container log Index 6 is not replicated across allthe servers in the pipeline e8ed9056-394a-4d1f-b72e-7a5790695fd8 as the min replicated index is 4. Deletion is not allowed in this container yet.
2019-10-22 04:04:34,355 [BlockDeletingService#2] WARN  background.BlockDeletingService (BlockDeletingService.java:isDeletionAllowed(187)) - Close Container log Index 6 is not replicated across allthe servers in the pipeline e8ed9056-394a-4d1f-b72e-7a5790695fd8 as the min replicated index is 4. Deletion is not allowed in this container yet.
2019-10-22 04:04:34,526 [EventQueue-ContainerReportForContainerReportHandler] WARN  container.ContainerReportHandler (AbstractContainerReportHandler.java:updateContainerState(145)) - Container #1 is in OPEN state, but the datanode 461aecd4-5005-4e8b-8510-a2b0fc408338{ip: 192.168.69.98, host: trunk-nightly-20191022-cthwk-1142398527, networkLocation: /default-rack, certSerialId: null} reports an CLOSED replica.
2019-10-22 04:04:34,701 [EventQueue-ContainerReportForContainerReportHandler] WARN  container.ContainerReportHandler (AbstractContainerReportHandler.java:updateContainerState(145)) - Container #1 is in OPEN state, but the datanode 38001277-610a-4ad8-827c-4fb892f595e9{ip: 192.168.69.98, host: trunk-nightly-20191022-cthwk-1142398527, networkLocation: /default-rack, certSerialId: null} reports an CLOSED replica.
2019-10-22 04:04:34,826 [EventQueue-ContainerReportForContainerReportHandler] WARN  container.ContainerReportHandler (AbstractContainerReportHandler.java:updateContainerState(145)) - Container #1 is in OPEN state, but the datanode 461aecd4-5005-4e8b-8510-a2b0fc408338{ip: 192.168.69.98, host: trunk-nightly-20191022-cthwk-1142398527, networkLocation: /default-rack, certSerialId: null} reports an CLOSED replica.
2019-10-22 04:04:34,901 [EventQueue-ContainerReportForContainerReportHandler] WARN  container.ContainerReportHandler (AbstractContainerReportHandler.java:updateContainerState(145)) - Container #1 is in OPEN state, but the datanode 38001277-610a-4ad8-827c-4fb892f595e9{ip: 192.168.69.98, host: trunk-nightly-20191022-cthwk-1142398527, networkLocation: /default-rack, certSerialId: null} reports an CLOSED replica.
2019-10-22 04:04:35,026 [EventQueue-ContainerReportForContainerReportHandler] WARN  container.ContainerReportHandler (AbstractContainerReportHandler.java:updateContainerState(145)) - Container #1 is in OPEN state, but the datanode 461aecd4-5005-4e8b-8510-a2b0fc408338{ip: 192.168.69.98, host: trunk-nightly-20191022-cthwk-1142398527, networkLocation: /default-rack, certSerialId: null} reports an CLOSED replica.
2019-10-22 04:04:35,201 [EventQueue-ContainerReportForContainerReportHandler] WARN  container.ContainerReportHandler (AbstractContainerReportHandler.java:updateContainerState(145)) - Container #1 is in OPEN state, but the datanode 38001277-610a-4ad8-827c-4fb892f595e9{ip: 192.168.69.98, host: trunk-nightly-20191022-cthwk-1142398527, networkLocation: /default-rack, certSerialId: null} reports an CLOSED replica.
2019-10-22 04:04:35,226 [EventQueue-ContainerReportForContainerReportHandler] WARN  container.ContainerReportHandler (AbstractContainerReportHandler.java:updateContainerState(145)) - Container #1 is in OPEN state, but the datanode 461aecd4-5005-4e8b-8510-a2b0fc408338{ip: 192.168.69.98, host: trunk-nightly-20191022-cthwk-1142398527, networkLocation: /default-rack, certSerialId: null} reports an CLOSED replica.
2019-10-22 04:04:35,357 [BlockDeletingService#2] WARN  background.BlockDeletingService (BlockDeletingService.java:isDeletionAllowed(187)) - Close Container log Index 6 is not replicated across allthe servers in the pipeline e8ed9056-394a-4d1f-b72e-7a5790695fd8 as the min replicated index is 4. Deletion is not allowed in this container yet.
2019-10-22 04:04:35,357 [BlockDeletingService#2] WARN  background.BlockDeletingService (BlockDeletingService.java:isDeletionAllowed(187)) - Close Container log Index 6 is not replicated across allthe servers in the pipeline e8ed9056-394a-4d1f-b72e-7a5790695fd8 as the min replicated index is 4. Deletion is not allowed in this container yet.
2019-10-22 04:04:35,601 [EventQueue-ContainerReportForContainerReportHandler] WARN  container.ContainerReportHandler (AbstractContainerReportHandler.java:updateContainerState(145)) - Container #1 is in OPEN state, but the datanode 38001277-610a-4ad8-827c-4fb892f595e9{ip: 192.168.69.98, host: trunk-nightly-20191022-cthwk-1142398527, networkLocation: /default-rack, certSerialId: null} reports an CLOSED replica.
2019-10-22 04:04:35,627 [EventQueue-ContainerReportForContainerReportHandler] WARN  container.ContainerReportHandler (AbstractContainerReportHandler.java:updateContainerState(145)) - Container #1 is in OPEN state, but the datanode 461aecd4-5005-4e8b-8510-a2b0fc408338{ip: 192.168.69.98, host: trunk-nightly-20191022-cthwk-1142398527, networkLocation: /default-rack, certSerialId: null} reports an CLOSED replica.
2019-10-22 04:04:35,654 [java.util.concurrent.ThreadPoolExecutor$Worker@2202d63d[State = -1, empty queue]] WARN  server.GrpcLogAppender (GrpcLogAppender.java:timeoutAppendRequest(209)) - 461aecd4-5005-4e8b-8510-a2b0fc408338@group-7A5790695FD8->517ee13d-f3a9-4e94-8f9c-24462d11aaf8-GrpcLogAppender: appendEntries Timeout, request=461aecd4-5005-4e8b-8510-a2b0fc408338->517ee13d-f3a9-4e94-8f9c-24462d11aaf8#46-t1, previous=(t:1, i:10), leaderCommit=10, initializing? false, entries: <empty>
2019-10-22 04:04:35,801 [EventQueue-ContainerReportForContainerReportHandler] WARN  container.ContainerReportHandler (AbstractContainerReportHandler.java:updateContainerState(145)) - Container #1 is in OPEN state, but the datanode 38001277-610a-4ad8-827c-4fb892f595e9{ip: 192.168.69.98, host: trunk-nightly-20191022-cthwk-1142398527, networkLocation: /default-rack, certSerialId: null} reports an CLOSED replica.
2019-10-22 04:04:35,827 [EventQueue-ContainerReportForContainerReportHandler] WARN  container.ContainerReportHandler (AbstractContainerReportHandler.java:updateContainerState(145)) - Container #1 is in OPEN state, but the datanode 461aecd4-5005-4e8b-8510-a2b0fc408338{ip: 192.168.69.98, host: trunk-nightly-20191022-cthwk-1142398527, networkLocation: /default-rack, certSerialId: null} reports an CLOSED replica.
2019-10-22 04:04:36,001 [EventQueue-ContainerReportForContainerReportHandler] WARN  container.ContainerReportHandler (AbstractContainerReportHandler.java:updateContainerState(145)) - Container #1 is in OPEN state, but the datanode 38001277-610a-4ad8-827c-4fb892f595e9{ip: 192.168.69.98, host: trunk-nightly-20191022-cthwk-1142398527, networkLocation: /default-rack, certSerialId: null} reports an CLOSED replica.
2019-10-22 04:04:36,227 [EventQueue-ContainerReportForContainerReportHandler] WARN  container.ContainerReportHandler (AbstractContainerReportHandler.java:updateContainerState(145)) - Container #1 is in OPEN state, but the datanode 461aecd4-5005-4e8b-8510-a2b0fc408338{ip: 192.168.69.98, host: trunk-nightly-20191022-cthwk-1142398527, networkLocation: /default-rack, certSerialId: null} reports an CLOSED replica.
2019-10-22 04:04:36,360 [BlockDeletingService#2] WARN  background.BlockDeletingService (BlockDeletingService.java:isDeletionAllowed(187)) - Close Container log Index 6 is not replicated across allthe servers in the pipeline e8ed9056-394a-4d1f-b72e-7a5790695fd8 as the min replicated index is 4. Deletion is not allowed in this container yet.
2019-10-22 04:04:36,360 [BlockDeletingService#2] WARN  background.BlockDeletingService (BlockDeletingService.java:isDeletionAllowed(187)) - Close Container log Index 6 is not replicated across allthe servers in the pipeline e8ed9056-394a-4d1f-b72e-7a5790695fd8 as the min replicated index is 4. Deletion is not allowed in this container yet.
2019-10-22 04:04:36,401 [EventQueue-ContainerReportForContainerReportHandler] WARN  container.ContainerReportHandler (AbstractContainerReportHandler.java:updateContainerState(145)) - Container #1 is in OPEN state, but the datanode 38001277-610a-4ad8-827c-4fb892f595e9{ip: 192.168.69.98, host: trunk-nightly-20191022-cthwk-1142398527, networkLocation: /default-rack, certSerialId: null} reports an CLOSED replica.
2019-10-22 04:04:36,428 [EventQueue-ContainerReportForContainerReportHandler] WARN  container.ContainerReportHandler (AbstractContainerReportHandler.java:updateContainerState(145)) - Container #1 is in OPEN state, but the datanode 461aecd4-5005-4e8b-8510-a2b0fc408338{ip: 192.168.69.98, host: trunk-nightly-20191022-cthwk-1142398527, networkLocation: /default-rack, certSerialId: null} reports an CLOSED replica.
2019-10-22 04:04:36,701 [EventQueue-ContainerReportForContainerReportHandler] WARN  container.ContainerReportHandler (AbstractContainerReportHandler.java:updateContainerState(145)) - Container #1 is in OPEN state, but the datanode 38001277-610a-4ad8-827c-4fb892f595e9{ip: 192.168.69.98, host: trunk-nightly-20191022-cthwk-1142398527, networkLocation: /default-rack, certSerialId: null} reports an CLOSED replica.
2019-10-22 04:04:36,829 [EventQueue-ContainerReportForContainerReportHandler] WARN  container.ContainerReportHandler (AbstractContainerReportHandler.java:updateContainerState(145)) - Container #1 is in OPEN state, but the datanode 461aecd4-5005-4e8b-8510-a2b0fc408338{ip: 192.168.69.98, host: trunk-nightly-20191022-cthwk-1142398527, networkLocation: /default-rack, certSerialId: null} reports an CLOSED replica.
2019-10-22 04:04:36,885 [Thread-491] INFO  client.GrpcClientProtocolService (GrpcClientProtocolService.java:lambda$processClientRequest$0(279)) - Failed RaftClientRequest:client-8579CCF1DDA8->461aecd4-5005-4e8b-8510-a2b0fc408338@group-7A5790695FD8, cid=10, seq=0, Watch-ALL_COMMITTED(6), Message:<EMPTY>, reply=RaftClientReply:client-8579CCF1DDA8->461aecd4-5005-4e8b-8510-a2b0fc408338@group-7A5790695FD8, cid=10, FAILED org.apache.ratis.protocol.NotReplicatedException: Request with call Id 10 and log index 6 is not yet replicated to ALL_COMMITTED, logIndex=6, commits[461aecd4-5005-4e8b-8510-a2b0fc408338:c10, 517ee13d-f3a9-4e94-8f9c-24462d11aaf8:c4, 38001277-610a-4ad8-827c-4fb892f595e9:c10]
2019-10-22 04:04:37,028 [EventQueue-ContainerReportForContainerReportHandler] WARN  container.ContainerReportHandler (AbstractContainerReportHandler.java:updateContainerState(145)) - Container #1 is in OPEN state, but the datanode 461aecd4-5005-4e8b-8510-a2b0fc408338{ip: 192.168.69.98, host: trunk-nightly-20191022-cthwk-1142398527, networkLocation: /default-rack, certSerialId: null} reports an CLOSED replica.
2019-10-22 04:04:37,102 [EventQueue-ContainerReportForContainerReportHandler] WARN  container.ContainerReportHandler (AbstractContainerReportHandler.java:updateContainerState(145)) - Container #1 is in OPEN state, but the datanode 38001277-610a-4ad8-827c-4fb892f595e9{ip: 192.168.69.98, host: trunk-nightly-20191022-cthwk-1142398527, networkLocation: /default-rack, certSerialId: null} reports an CLOSED replica.
2019-10-22 04:04:37,305 [EventQueue-ContainerReportForContainerReportHandler] WARN  container.ContainerReportHandler (AbstractContainerReportHandler.java:updateContainerState(145)) - Container #1 is in OPEN state, but the datanode 38001277-610a-4ad8-827c-4fb892f595e9{ip: 192.168.69.98, host: trunk-nightly-20191022-cthwk-1142398527, networkLocation: /default-rack, certSerialId: null} reports an CLOSED replica.
2019-10-22 04:04:37,329 [EventQueue-ContainerReportForContainerReportHandler] WARN  container.ContainerReportHandler (AbstractContainerReportHandler.java:updateContainerState(145)) - Container #1 is in OPEN state, but the datanode 461aecd4-5005-4e8b-8510-a2b0fc408338{ip: 192.168.69.98, host: trunk-nightly-20191022-cthwk-1142398527, networkLocation: /default-rack, certSerialId: null} reports an CLOSED replica.
2019-10-22 04:04:37,363 [BlockDeletingService#2] WARN  background.BlockDeletingService (BlockDeletingService.java:isDeletionAllowed(187)) - Close Container log Index 6 is not replicated across allthe servers in the pipeline e8ed9056-394a-4d1f-b72e-7a5790695fd8 as the min replicated index is 4. Deletion is not allowed in this container yet.
2019-10-22 04:04:37,363 [BlockDeletingService#2] WARN  background.BlockDeletingService (BlockDeletingService.java:isDeletionAllowed(187)) - Close Container log Index 6 is not replicated across allthe servers in the pipeline e8ed9056-394a-4d1f-b72e-7a5790695fd8 as the min replicated index is 4. Deletion is not allowed in this container yet.
2019-10-22 04:04:37,703 [EventQueue-ContainerReportForContainerReportHandler] WARN  container.ContainerReportHandler (AbstractContainerReportHandler.java:updateContainerState(145)) - Container #1 is in OPEN state, but the datanode 38001277-610a-4ad8-827c-4fb892f595e9{ip: 192.168.69.98, host: trunk-nightly-20191022-cthwk-1142398527, networkLocation: /default-rack, certSerialId: null} reports an CLOSED replica.
2019-10-22 04:04:37,729 [EventQueue-ContainerReportForContainerReportHandler] WARN  container.ContainerReportHandler (AbstractContainerReportHandler.java:updateContainerState(145)) - Container #1 is in OPEN state, but the datanode 461aecd4-5005-4e8b-8510-a2b0fc408338{ip: 192.168.69.98, host: trunk-nightly-20191022-cthwk-1142398527, networkLocation: /default-rack, certSerialId: null} reports an CLOSED replica.
2019-10-22 04:04:38,003 [EventQueue-ContainerReportForContainerReportHandler] WARN  container.ContainerReportHandler (AbstractContainerReportHandler.java:updateContainerState(145)) - Container #1 is in OPEN state, but the datanode 38001277-610a-4ad8-827c-4fb892f595e9{ip: 192.168.69.98, host: trunk-nightly-20191022-cthwk-1142398527, networkLocation: /default-rack, certSerialId: null} reports an CLOSED replica.
2019-10-22 04:04:38,029 [EventQueue-ContainerReportForContainerReportHandler] WARN  container.ContainerReportHandler (AbstractContainerReportHandler.java:updateContainerState(145)) - Container #1 is in OPEN state, but the datanode 461aecd4-5005-4e8b-8510-a2b0fc408338{ip: 192.168.69.98, host: trunk-nightly-20191022-cthwk-1142398527, networkLocation: /default-rack, certSerialId: null} reports an CLOSED replica.
2019-10-22 04:04:38,158 [java.util.concurrent.ThreadPoolExecutor$Worker@2202d63d[State = -1, empty queue]] WARN  server.GrpcLogAppender (GrpcLogAppender.java:timeoutAppendRequest(209)) - 461aecd4-5005-4e8b-8510-a2b0fc408338@group-7A5790695FD8->517ee13d-f3a9-4e94-8f9c-24462d11aaf8-GrpcLogAppender: appendEntries Timeout, request=461aecd4-5005-4e8b-8510-a2b0fc408338->517ee13d-f3a9-4e94-8f9c-24462d11aaf8#47-t1, previous=(t:1, i:10), leaderCommit=10, initializing? false, entries: <empty>
2019-10-22 04:04:38,229 [EventQueue-ContainerReportForContainerReportHandler] WARN  container.ContainerReportHandler (AbstractContainerReportHandler.java:updateContainerState(145)) - Container #1 is in OPEN state, but the datanode 461aecd4-5005-4e8b-8510-a2b0fc408338{ip: 192.168.69.98, host: trunk-nightly-20191022-cthwk-1142398527, networkLocation: /default-rack, certSerialId: null} reports an CLOSED replica.
2019-10-22 04:04:38,303 [EventQueue-ContainerReportForContainerReportHandler] WARN  container.ContainerReportHandler (AbstractContainerReportHandler.java:updateContainerState(145)) - Container #1 is in OPEN state, but the datanode 38001277-610a-4ad8-827c-4fb892f595e9{ip: 192.168.69.98, host: trunk-nightly-20191022-cthwk-1142398527, networkLocation: /default-rack, certSerialId: null} reports an CLOSED replica.
2019-10-22 04:04:38,367 [BlockDeletingService#2] WARN  background.BlockDeletingService (BlockDeletingService.java:isDeletionAllowed(187)) - Close Container log Index 6 is not replicated across allthe servers in the pipeline e8ed9056-394a-4d1f-b72e-7a5790695fd8 as the min replicated index is 4. Deletion is not allowed in this container yet.
2019-10-22 04:04:38,367 [BlockDeletingService#2] WARN  background.BlockDeletingService (BlockDeletingService.java:isDeletionAllowed(187)) - Close Container log Index 6 is not replicated across allthe servers in the pipeline e8ed9056-394a-4d1f-b72e-7a5790695fd8 as the min replicated index is 4. Deletion is not allowed in this container yet.
2019-10-22 04:04:38,604 [EventQueue-ContainerReportForContainerReportHandler] WARN  container.ContainerReportHandler (AbstractContainerReportHandler.java:updateContainerState(145)) - Container #1 is in OPEN state, but the datanode 38001277-610a-4ad8-827c-4fb892f595e9{ip: 192.168.69.98, host: trunk-nightly-20191022-cthwk-1142398527, networkLocation: /default-rack, certSerialId: null} reports an CLOSED replica.
2019-10-22 04:04:38,629 [EventQueue-ContainerReportForContainerReportHandler] WARN  container.ContainerReportHandler (AbstractContainerReportHandler.java:updateContainerState(145)) - Container #1 is in OPEN state, but the datanode 461aecd4-5005-4e8b-8510-a2b0fc408338{ip: 192.168.69.98, host: trunk-nightly-20191022-cthwk-1142398527, networkLocation: /default-rack, certSerialId: null} reports an CLOSED replica.
2019-10-22 04:04:38,805 [EventQueue-ContainerReportForContainerReportHandler] WARN  container.ContainerReportHandler (AbstractContainerReportHandler.java:updateContainerState(145)) - Container #1 is in OPEN state, but the datanode 38001277-610a-4ad8-827c-4fb892f595e9{ip: 192.168.69.98, host: trunk-nightly-20191022-cthwk-1142398527, networkLocation: /default-rack, certSerialId: null} reports an CLOSED replica.
2019-10-22 04:04:38,831 [EventQueue-ContainerReportForContainerReportHandler] WARN  container.ContainerReportHandler (AbstractContainerReportHandler.java:updateContainerState(145)) - Container #1 is in OPEN state, but the datanode 461aecd4-5005-4e8b-8510-a2b0fc408338{ip: 192.168.69.98, host: trunk-nightly-20191022-cthwk-1142398527, networkLocation: /default-rack, certSerialId: null} reports an CLOSED replica.
2019-10-22 04:04:39,105 [EventQueue-ContainerReportForContainerReportHandler] WARN  container.ContainerReportHandler (AbstractContainerReportHandler.java:updateContainerState(145)) - Container #1 is in OPEN state, but the datanode 38001277-610a-4ad8-827c-4fb892f595e9{ip: 192.168.69.98, host: trunk-nightly-20191022-cthwk-1142398527, networkLocation: /default-rack, certSerialId: null} reports an CLOSED replica.
2019-10-22 04:04:39,130 [EventQueue-ContainerReportForContainerReportHandler] WARN  container.ContainerReportHandler (AbstractContainerReportHandler.java:updateContainerState(145)) - Container #1 is in OPEN state, but the datanode 461aecd4-5005-4e8b-8510-a2b0fc408338{ip: 192.168.69.98, host: trunk-nightly-20191022-cthwk-1142398527, networkLocation: /default-rack, certSerialId: null} reports an CLOSED replica.
2019-10-22 04:04:39,370 [BlockDeletingService#2] WARN  background.BlockDeletingService (BlockDeletingService.java:isDeletionAllowed(187)) - Close Container log Index 6 is not replicated across allthe servers in the pipeline e8ed9056-394a-4d1f-b72e-7a5790695fd8 as the min replicated index is 4. Deletion is not allowed in this container yet.
2019-10-22 04:04:39,371 [BlockDeletingService#2] WARN  background.BlockDeletingService (BlockDeletingService.java:isDeletionAllowed(187)) - Close Container log Index 6 is not replicated across allthe servers in the pipeline e8ed9056-394a-4d1f-b72e-7a5790695fd8 as the min replicated index is 4. Deletion is not allowed in this container yet.
2019-10-22 04:04:39,431 [EventQueue-ContainerReportForContainerReportHandler] WARN  container.ContainerReportHandler (AbstractContainerReportHandler.java:updateContainerState(145)) - Container #1 is in OPEN state, but the datanode 461aecd4-5005-4e8b-8510-a2b0fc408338{ip: 192.168.69.98, host: trunk-nightly-20191022-cthwk-1142398527, networkLocation: /default-rack, certSerialId: null} reports an CLOSED replica.
2019-10-22 04:04:39,505 [EventQueue-ContainerReportForContainerReportHandler] WARN  container.ContainerReportHandler (AbstractContainerReportHandler.java:updateContainerState(145)) - Container #1 is in OPEN state, but the datanode 38001277-610a-4ad8-827c-4fb892f595e9{ip: 192.168.69.98, host: trunk-nightly-20191022-cthwk-1142398527, networkLocation: /default-rack, certSerialId: null} reports an CLOSED replica.
2019-10-22 04:04:39,731 [EventQueue-ContainerReportForContainerReportHandler] WARN  container.ContainerReportHandler (AbstractContainerReportHandler.java:updateContainerState(145)) - Container #1 is in OPEN state, but the datanode 461aecd4-5005-4e8b-8510-a2b0fc408338{ip: 192.168.69.98, host: trunk-nightly-20191022-cthwk-1142398527, networkLocation: /default-rack, certSerialId: null} reports an CLOSED replica.
2019-10-22 04:04:39,805 [EventQueue-ContainerReportForContainerReportHandler] WARN  container.ContainerReportHandler (AbstractContainerReportHandler.java:updateContainerState(145)) - Container #1 is in OPEN state, but the datanode 38001277-610a-4ad8-827c-4fb892f595e9{ip: 192.168.69.98, host: trunk-nightly-20191022-cthwk-1142398527, networkLocation: /default-rack, certSerialId: null} reports an CLOSED replica.
2019-10-22 04:04:40,031 [EventQueue-ContainerReportForContainerReportHandler] WARN  container.ContainerReportHandler (AbstractContainerReportHandler.java:updateContainerState(145)) - Container #1 is in OPEN state, but the datanode 461aecd4-5005-4e8b-8510-a2b0fc408338{ip: 192.168.69.98, host: trunk-nightly-20191022-cthwk-1142398527, networkLocation: /default-rack, certSerialId: null} reports an CLOSED replica.
2019-10-22 04:04:40,207 [EventQueue-ContainerReportForContainerReportHandler] WARN  container.ContainerReportHandler (AbstractContainerReportHandler.java:updateContainerState(145)) - Container #1 is in OPEN state, but the datanode 38001277-610a-4ad8-827c-4fb892f595e9{ip: 192.168.69.98, host: trunk-nightly-20191022-cthwk-1142398527, networkLocation: /default-rack, certSerialId: null} reports an CLOSED replica.
2019-10-22 04:04:40,332 [EventQueue-ContainerReportForContainerReportHandler] WARN  container.ContainerReportHandler (AbstractContainerReportHandler.java:updateContainerState(145)) - Container #1 is in OPEN state, but the datanode 461aecd4-5005-4e8b-8510-a2b0fc408338{ip: 192.168.69.98, host: trunk-nightly-20191022-cthwk-1142398527, networkLocation: /default-rack, certSerialId: null} reports an CLOSED replica.
2019-10-22 04:04:40,373 [BlockDeletingService#2] WARN  background.BlockDeletingService (BlockDeletingService.java:isDeletionAllowed(187)) - Close Container log Index 6 is not replicated across allthe servers in the pipeline e8ed9056-394a-4d1f-b72e-7a5790695fd8 as the min replicated index is 4. Deletion is not allowed in this container yet.
2019-10-22 04:04:40,373 [BlockDeletingService#2] WARN  background.BlockDeletingService (BlockDeletingService.java:isDeletionAllowed(187)) - Close Container log Index 6 is not replicated across allthe servers in the pipeline e8ed9056-394a-4d1f-b72e-7a5790695fd8 as the min replicated index is 4. Deletion is not allowed in this container yet.
2019-10-22 04:04:40,507 [EventQueue-ContainerReportForContainerReportHandler] WARN  container.ContainerReportHandler (AbstractContainerReportHandler.java:updateContainerState(145)) - Container #1 is in OPEN state, but the datanode 38001277-610a-4ad8-827c-4fb892f595e9{ip: 192.168.69.98, host: trunk-nightly-20191022-cthwk-1142398527, networkLocation: /default-rack, certSerialId: null} reports an CLOSED replica.
2019-10-22 04:04:40,533 [EventQueue-ContainerReportForContainerReportHandler] WARN  container.ContainerReportHandler (AbstractContainerReportHandler.java:updateContainerState(145)) - Container #1 is in OPEN state, but the datanode 461aecd4-5005-4e8b-8510-a2b0fc408338{ip: 192.168.69.98, host: trunk-nightly-20191022-cthwk-1142398527, networkLocation: /default-rack, certSerialId: null} reports an CLOSED replica.
2019-10-22 04:04:40,659 [java.util.concurrent.ThreadPoolExecutor$Worker@2202d63d[State = -1, empty queue]] WARN  server.GrpcLogAppender (GrpcLogAppender.java:timeoutAppendRequest(209)) - 461aecd4-5005-4e8b-8510-a2b0fc408338@group-7A5790695FD8->517ee13d-f3a9-4e94-8f9c-24462d11aaf8-GrpcLogAppender: appendEntries Timeout, request=461aecd4-5005-4e8b-8510-a2b0fc408338->517ee13d-f3a9-4e94-8f9c-24462d11aaf8#48-t1, previous=(t:1, i:10), leaderCommit=10, initializing? false, entries: <empty>
2019-10-22 04:04:40,832 [EventQueue-ContainerReportForContainerReportHandler] WARN  container.ContainerReportHandler (AbstractContainerReportHandler.java:updateContainerState(145)) - Container #1 is in OPEN state, but the datanode 461aecd4-5005-4e8b-8510-a2b0fc408338{ip: 192.168.69.98, host: trunk-nightly-20191022-cthwk-1142398527, networkLocation: /default-rack, certSerialId: null} reports an CLOSED replica.
2019-10-22 04:04:40,907 [EventQueue-ContainerReportForContainerReportHandler] WARN  container.ContainerReportHandler (AbstractContainerReportHandler.java:updateContainerState(145)) - Container #1 is in OPEN state, but the datanode 38001277-610a-4ad8-827c-4fb892f595e9{ip: 192.168.69.98, host: trunk-nightly-20191022-cthwk-1142398527, networkLocation: /default-rack, certSerialId: null} reports an CLOSED replica.
2019-10-22 04:04:41,107 [EventQueue-ContainerReportForContainerReportHandler] WARN  container.ContainerReportHandler (AbstractContainerReportHandler.java:updateContainerState(145)) - Container #1 is in OPEN state, but the datanode 38001277-610a-4ad8-827c-4fb892f595e9{ip: 192.168.69.98, host: trunk-nightly-20191022-cthwk-1142398527, networkLocation: /default-rack, certSerialId: null} reports an CLOSED replica.
2019-10-22 04:04:41,132 [EventQueue-ContainerReportForContainerReportHandler] WARN  container.ContainerReportHandler (AbstractContainerReportHandler.java:updateContainerState(145)) - Container #1 is in OPEN state, but the datanode 461aecd4-5005-4e8b-8510-a2b0fc408338{ip: 192.168.69.98, host: trunk-nightly-20191022-cthwk-1142398527, networkLocation: /default-rack, certSerialId: null} reports an CLOSED replica.
2019-10-22 04:04:41,375 [BlockDeletingService#2] WARN  background.BlockDeletingService (BlockDeletingService.java:isDeletionAllowed(187)) - Close Container log Index 6 is not replicated across allthe servers in the pipeline e8ed9056-394a-4d1f-b72e-7a5790695fd8 as the min replicated index is 4. Deletion is not allowed in this container yet.
2019-10-22 04:04:41,375 [BlockDeletingService#2] WARN  background.BlockDeletingService (BlockDeletingService.java:isDeletionAllowed(187)) - Close Container log Index 6 is not replicated across allthe servers in the pipeline e8ed9056-394a-4d1f-b72e-7a5790695fd8 as the min replicated index is 4. Deletion is not allowed in this container yet.
2019-10-22 04:04:41,432 [EventQueue-ContainerReportForContainerReportHandler] WARN  container.ContainerReportHandler (AbstractContainerReportHandler.java:updateContainerState(145)) - Container #1 is in OPEN state, but the datanode 461aecd4-5005-4e8b-8510-a2b0fc408338{ip: 192.168.69.98, host: trunk-nightly-20191022-cthwk-1142398527, networkLocation: /default-rack, certSerialId: null} reports an CLOSED replica.
2019-10-22 04:04:41,507 [EventQueue-ContainerReportForContainerReportHandler] WARN  container.ContainerReportHandler (AbstractContainerReportHandler.java:updateContainerState(145)) - Container #1 is in OPEN state, but the datanode 38001277-610a-4ad8-827c-4fb892f595e9{ip: 192.168.69.98, host: trunk-nightly-20191022-cthwk-1142398527, networkLocation: /default-rack, certSerialId: null} reports an CLOSED replica.
2019-10-22 04:04:41,734 [EventQueue-ContainerReportForContainerReportHandler] WARN  container.ContainerReportHandler (AbstractContainerReportHandler.java:updateContainerState(145)) - Container #1 is in OPEN state, but the datanode 461aecd4-5005-4e8b-8510-a2b0fc408338{ip: 192.168.69.98, host: trunk-nightly-20191022-cthwk-1142398527, networkLocation: /default-rack, certSerialId: null} reports an CLOSED replica.
2019-10-22 04:04:41,807 [EventQueue-ContainerReportForContainerReportHandler] WARN  container.ContainerReportHandler (AbstractContainerReportHandler.java:updateContainerState(145)) - Container #1 is in OPEN state, but the datanode 38001277-610a-4ad8-827c-4fb892f595e9{ip: 192.168.69.98, host: trunk-nightly-20191022-cthwk-1142398527, networkLocation: /default-rack, certSerialId: null} reports an CLOSED replica.
2019-10-22 04:04:42,033 [EventQueue-ContainerReportForContainerReportHandler] WARN  container.ContainerReportHandler (AbstractContainerReportHandler.java:updateContainerState(145)) - Container #1 is in OPEN state, but the datanode 461aecd4-5005-4e8b-8510-a2b0fc408338{ip: 192.168.69.98, host: trunk-nightly-20191022-cthwk-1142398527, networkLocation: /default-rack, certSerialId: null} reports an CLOSED replica.
2019-10-22 04:04:42,110 [EventQueue-ContainerReportForContainerReportHandler] WARN  container.ContainerReportHandler (AbstractContainerReportHandler.java:updateContainerState(145)) - Container #1 is in OPEN state, but the datanode 38001277-610a-4ad8-827c-4fb892f595e9{ip: 192.168.69.98, host: trunk-nightly-20191022-cthwk-1142398527, networkLocation: /default-rack, certSerialId: null} reports an CLOSED replica.
2019-10-22 04:04:42,333 [EventQueue-ContainerReportForContainerReportHandler] WARN  container.ContainerReportHandler (AbstractContainerReportHandler.java:updateContainerState(145)) - Container #1 is in OPEN state, but the datanode 461aecd4-5005-4e8b-8510-a2b0fc408338{ip: 192.168.69.98, host: trunk-nightly-20191022-cthwk-1142398527, networkLocation: /default-rack, certSerialId: null} reports an CLOSED replica.
2019-10-22 04:04:42,378 [BlockDeletingService#2] WARN  background.BlockDeletingService (BlockDeletingService.java:isDeletionAllowed(187)) - Close Container log Index 6 is not replicated across allthe servers in the pipeline e8ed9056-394a-4d1f-b72e-7a5790695fd8 as the min replicated index is 4. Deletion is not allowed in this container yet.
2019-10-22 04:04:42,378 [BlockDeletingService#2] WARN  background.BlockDeletingService (BlockDeletingService.java:isDeletionAllowed(187)) - Close Container log Index 6 is not replicated across allthe servers in the pipeline e8ed9056-394a-4d1f-b72e-7a5790695fd8 as the min replicated index is 4. Deletion is not allowed in this container yet.
2019-10-22 04:04:42,411 [EventQueue-ContainerReportForContainerReportHandler] WARN  container.ContainerReportHandler (AbstractContainerReportHandler.java:updateContainerState(145)) - Container #1 is in OPEN state, but the datanode 38001277-610a-4ad8-827c-4fb892f595e9{ip: 192.168.69.98, host: trunk-nightly-20191022-cthwk-1142398527, networkLocation: /default-rack, certSerialId: null} reports an CLOSED replica.
2019-10-22 04:04:42,535 [EventQueue-ContainerReportForContainerReportHandler] WARN  container.ContainerReportHandler (AbstractContainerReportHandler.java:updateContainerState(145)) - Container #1 is in OPEN state, but the datanode 461aecd4-5005-4e8b-8510-a2b0fc408338{ip: 192.168.69.98, host: trunk-nightly-20191022-cthwk-1142398527, networkLocation: /default-rack, certSerialId: null} reports an CLOSED replica.
2019-10-22 04:04:42,712 [EventQueue-ContainerReportForContainerReportHandler] WARN  container.ContainerReportHandler (AbstractContainerReportHandler.java:updateContainerState(145)) - Container #1 is in OPEN state, but the datanode 38001277-610a-4ad8-827c-4fb892f595e9{ip: 192.168.69.98, host: trunk-nightly-20191022-cthwk-1142398527, networkLocation: /default-rack, certSerialId: null} reports an CLOSED replica.
2019-10-22 04:04:42,833 [EventQueue-ContainerReportForContainerReportHandler] WARN  container.ContainerReportHandler (AbstractContainerReportHandler.java:updateContainerState(145)) - Container #1 is in OPEN state, but the datanode 461aecd4-5005-4e8b-8510-a2b0fc408338{ip: 192.168.69.98, host: trunk-nightly-20191022-cthwk-1142398527, networkLocation: /default-rack, certSerialId: null} reports an CLOSED replica.
2019-10-22 04:04:42,912 [EventQueue-ContainerReportForContainerReportHandler] WARN  container.ContainerReportHandler (AbstractContainerReportHandler.java:updateContainerState(145)) - Container #1 is in OPEN state, but the datanode 38001277-610a-4ad8-827c-4fb892f595e9{ip: 192.168.69.98, host: trunk-nightly-20191022-cthwk-1142398527, networkLocation: /default-rack, certSerialId: null} reports an CLOSED replica.
2019-10-22 04:04:43,162 [java.util.concurrent.ThreadPoolExecutor$Worker@2202d63d[State = -1, empty queue]] WARN  server.GrpcLogAppender (GrpcLogAppender.java:timeoutAppendRequest(209)) - 461aecd4-5005-4e8b-8510-a2b0fc408338@group-7A5790695FD8->517ee13d-f3a9-4e94-8f9c-24462d11aaf8-GrpcLogAppender: appendEntries Timeout, request=461aecd4-5005-4e8b-8510-a2b0fc408338->517ee13d-f3a9-4e94-8f9c-24462d11aaf8#49-t1, previous=(t:1, i:10), leaderCommit=10, initializing? false, entries: <empty>
2019-10-22 04:04:43,212 [EventQueue-ContainerReportForContainerReportHandler] WARN  container.ContainerReportHandler (AbstractContainerReportHandler.java:updateContainerState(145)) - Container #1 is in OPEN state, but the datanode 38001277-610a-4ad8-827c-4fb892f595e9{ip: 192.168.69.98, host: trunk-nightly-20191022-cthwk-1142398527, networkLocation: /default-rack, certSerialId: null} reports an CLOSED replica.
2019-10-22 04:04:43,233 [EventQueue-ContainerReportForContainerReportHandler] WARN  container.ContainerReportHandler (AbstractContainerReportHandler.java:updateContainerState(145)) - Container #1 is in OPEN state, but the datanode 461aecd4-5005-4e8b-8510-a2b0fc408338{ip: 192.168.69.98, host: trunk-nightly-20191022-cthwk-1142398527, networkLocation: /default-rack, certSerialId: null} reports an CLOSED replica.
2019-10-22 04:04:43,380 [BlockDeletingService#2] WARN  background.BlockDeletingService (BlockDeletingService.java:isDeletionAllowed(187)) - Close Container log Index 6 is not replicated across allthe servers in the pipeline e8ed9056-394a-4d1f-b72e-7a5790695fd8 as the min replicated index is 4. Deletion is not allowed in this container yet.
2019-10-22 04:04:43,380 [BlockDeletingService#2] WARN  background.BlockDeletingService (BlockDeletingService.java:isDeletionAllowed(187)) - Close Container log Index 6 is not replicated across allthe servers in the pipeline e8ed9056-394a-4d1f-b72e-7a5790695fd8 as the min replicated index is 4. Deletion is not allowed in this container yet.
2019-10-22 04:04:43,512 [EventQueue-ContainerReportForContainerReportHandler] WARN  container.ContainerReportHandler (AbstractContainerReportHandler.java:updateContainerState(145)) - Container #1 is in OPEN state, but the datanode 38001277-610a-4ad8-827c-4fb892f595e9{ip: 192.168.69.98, host: trunk-nightly-20191022-cthwk-1142398527, networkLocation: /default-rack, certSerialId: null} reports an CLOSED replica.
2019-10-22 04:04:43,633 [EventQueue-ContainerReportForContainerReportHandler] WARN  container.ContainerReportHandler (AbstractContainerReportHandler.java:updateContainerState(145)) - Container #1 is in OPEN state, but the datanode 461aecd4-5005-4e8b-8510-a2b0fc408338{ip: 192.168.69.98, host: trunk-nightly-20191022-cthwk-1142398527, networkLocation: /default-rack, certSerialId: null} reports an CLOSED replica.
2019-10-22 04:04:43,813 [EventQueue-ContainerReportForContainerReportHandler] WARN  container.ContainerReportHandler (AbstractContainerReportHandler.java:updateContainerState(145)) - Container #1 is in OPEN state, but the datanode 38001277-610a-4ad8-827c-4fb892f595e9{ip: 192.168.69.98, host: trunk-nightly-20191022-cthwk-1142398527, networkLocation: /default-rack, certSerialId: null} reports an CLOSED replica.
2019-10-22 04:04:43,833 [EventQueue-ContainerReportForContainerReportHandler] WARN  container.ContainerReportHandler (AbstractContainerReportHandler.java:updateContainerState(145)) - Container #1 is in OPEN state, but the datanode 461aecd4-5005-4e8b-8510-a2b0fc408338{ip: 192.168.69.98, host: trunk-nightly-20191022-cthwk-1142398527, networkLocation: /default-rack, certSerialId: null} reports an CLOSED replica.
2019-10-22 04:04:44,213 [EventQueue-ContainerReportForContainerReportHandler] WARN  container.ContainerReportHandler (AbstractContainerReportHandler.java:updateContainerState(145)) - Container #1 is in OPEN state, but the datanode 38001277-610a-4ad8-827c-4fb892f595e9{ip: 192.168.69.98, host: trunk-nightly-20191022-cthwk-1142398527, networkLocation: /default-rack, certSerialId: null} reports an CLOSED replica.
2019-10-22 04:04:44,233 [EventQueue-ContainerReportForContainerReportHandler] WARN  container.ContainerReportHandler (AbstractContainerReportHandler.java:updateContainerState(145)) - Container #1 is in OPEN state, but the datanode 461aecd4-5005-4e8b-8510-a2b0fc408338{ip: 192.168.69.98, host: trunk-nightly-20191022-cthwk-1142398527, networkLocation: /default-rack, certSerialId: null} reports an CLOSED replica.
2019-10-22 04:04:44,381 [BlockDeletingService#2] WARN  background.BlockDeletingService (BlockDeletingService.java:isDeletionAllowed(187)) - Close Container log Index 6 is not replicated across allthe servers in the pipeline e8ed9056-394a-4d1f-b72e-7a5790695fd8 as the min replicated index is 4. Deletion is not allowed in this container yet.
2019-10-22 04:04:44,381 [BlockDeletingService#2] WARN  background.BlockDeletingService (BlockDeletingService.java:isDeletionAllowed(187)) - Close Container log Index 6 is not replicated across allthe servers in the pipeline e8ed9056-394a-4d1f-b72e-7a5790695fd8 as the min replicated index is 4. Deletion is not allowed in this container yet.
2019-10-22 04:04:44,513 [EventQueue-ContainerReportForContainerReportHandler] WARN  container.ContainerReportHandler (AbstractContainerReportHandler.java:updateContainerState(145)) - Container #1 is in OPEN state, but the datanode 38001277-610a-4ad8-827c-4fb892f595e9{ip: 192.168.69.98, host: trunk-nightly-20191022-cthwk-1142398527, networkLocation: /default-rack, certSerialId: null} reports an CLOSED replica.
2019-10-22 04:04:44,534 [EventQueue-ContainerReportForContainerReportHandler] WARN  container.ContainerReportHandler (AbstractContainerReportHandler.java:updateContainerState(145)) - Container #1 is in OPEN state, but the datanode 461aecd4-5005-4e8b-8510-a2b0fc408338{ip: 192.168.69.98, host: trunk-nightly-20191022-cthwk-1142398527, networkLocation: /default-rack, certSerialId: null} reports an CLOSED replica.
2019-10-22 04:04:44,755 [EventQueue-StaleNodeForStaleNodeHandler] INFO  node.StaleNodeHandler (StaleNodeHandler.java:onMessage(58)) - Datanode 517ee13d-f3a9-4e94-8f9c-24462d11aaf8{ip: 192.168.69.98, host: trunk-nightly-20191022-cthwk-1142398527, networkLocation: /default-rack, certSerialId: null} moved to stale state. Finalizing its pipelines [PipelineID=320f392d-ce52-4c17-913e-2b6030c5ec28, PipelineID=e8ed9056-394a-4d1f-b72e-7a5790695fd8]
2019-10-22 04:04:44,756 [EventQueue-StaleNodeForStaleNodeHandler] INFO  pipeline.SCMPipelineManager (SCMPipelineManager.java:finalizeAndDestroyPipeline(315)) - destroying pipeline:Pipeline[ Id: 320f392d-ce52-4c17-913e-2b6030c5ec28, Nodes: 517ee13d-f3a9-4e94-8f9c-24462d11aaf8{ip: 192.168.69.98, host: trunk-nightly-20191022-cthwk-1142398527, networkLocation: /default-rack, certSerialId: null}, Type:RATIS, Factor:ONE, State:OPEN]
2019-10-22 04:04:44,759 [EventQueue-StaleNodeForStaleNodeHandler] INFO  pipeline.PipelineStateManager (PipelineStateManager.java:finalizePipeline(123)) - Pipeline Pipeline[ Id: 320f392d-ce52-4c17-913e-2b6030c5ec28, Nodes: 517ee13d-f3a9-4e94-8f9c-24462d11aaf8{ip: 192.168.69.98, host: trunk-nightly-20191022-cthwk-1142398527, networkLocation: /default-rack, certSerialId: null}, Type:RATIS, Factor:ONE, State:CLOSED] moved to CLOSED state
2019-10-22 04:04:44,761 [EventQueue-StaleNodeForStaleNodeHandler] INFO  pipeline.SCMPipelineManager (SCMPipelineManager.java:finalizeAndDestroyPipeline(315)) - destroying pipeline:Pipeline[ Id: e8ed9056-394a-4d1f-b72e-7a5790695fd8, Nodes: 461aecd4-5005-4e8b-8510-a2b0fc408338{ip: 192.168.69.98, host: trunk-nightly-20191022-cthwk-1142398527, networkLocation: /default-rack, certSerialId: null}38001277-610a-4ad8-827c-4fb892f595e9{ip: 192.168.69.98, host: trunk-nightly-20191022-cthwk-1142398527, networkLocation: /default-rack, certSerialId: null}517ee13d-f3a9-4e94-8f9c-24462d11aaf8{ip: 192.168.69.98, host: trunk-nightly-20191022-cthwk-1142398527, networkLocation: /default-rack, certSerialId: null}, Type:RATIS, Factor:THREE, State:OPEN]
2019-10-22 04:04:44,761 [EventQueue-StaleNodeForStaleNodeHandler] INFO  pipeline.PipelineStateManager (PipelineStateManager.java:finalizePipeline(123)) - Pipeline Pipeline[ Id: e8ed9056-394a-4d1f-b72e-7a5790695fd8, Nodes: 461aecd4-5005-4e8b-8510-a2b0fc408338{ip: 192.168.69.98, host: trunk-nightly-20191022-cthwk-1142398527, networkLocation: /default-rack, certSerialId: null}38001277-610a-4ad8-827c-4fb892f595e9{ip: 192.168.69.98, host: trunk-nightly-20191022-cthwk-1142398527, networkLocation: /default-rack, certSerialId: null}517ee13d-f3a9-4e94-8f9c-24462d11aaf8{ip: 192.168.69.98, host: trunk-nightly-20191022-cthwk-1142398527, networkLocation: /default-rack, certSerialId: null}, Type:RATIS, Factor:THREE, State:CLOSED] moved to CLOSED state
2019-10-22 04:04:44,762 [EventQueue-CloseContainerForCloseContainerEventHandler] INFO  container.CloseContainerEventHandler (CloseContainerEventHandler.java:onMessage(61)) - Close container Event triggered for container : #1
2019-10-22 04:04:44,834 [EventQueue-ContainerReportForContainerReportHandler] INFO  container.ContainerReportHandler (AbstractContainerReportHandler.java:updateContainerState(178)) - Moving container #1 to CLOSED state, datanode 461aecd4-5005-4e8b-8510-a2b0fc408338{ip: 192.168.69.98, host: trunk-nightly-20191022-cthwk-1142398527, networkLocation: /default-rack, certSerialId: null} reported CLOSED replica.
2019-10-22 04:04:45,138 [SCMBlockDeletingService#1] INFO  block.SCMBlockDeletingService (SCMBlockDeletingService.java:call(184)) - Totally added 3 delete blocks command for 3 datanodes, task elapsed time: 7ms
2019-10-22 04:04:45,215 [EventQueue-PendingDeleteStatusForPendingDeleteHandler] INFO  block.SCMBlockDeletingService (SCMBlockDeletingService.java:handlePendingDeletes(115)) - Block deletion txnID mismatch in datanode 38001277-610a-4ad8-827c-4fb892f595e9 for containerID 1. Datanode delete txnID: 0, SCM txnID: 1
2019-10-22 04:04:45,234 [EventQueue-PendingDeleteStatusForPendingDeleteHandler] INFO  block.SCMBlockDeletingService (SCMBlockDeletingService.java:handlePendingDeletes(115)) - Block deletion txnID mismatch in datanode 461aecd4-5005-4e8b-8510-a2b0fc408338 for containerID 1. Datanode delete txnID: 0, SCM txnID: 1
2019-10-22 04:04:45,335 [Command processor thread] INFO  commandhandler.DeleteBlocksCommandHandler (DeleteBlocksCommandHandler.java:handle(106)) - Start to delete container blocks, TXIDs=[1(0)], numOfContainers=1, numOfBlocks=1
2019-10-22 04:04:45,383 [BlockDeletingService#2] WARN  background.BlockDeletingService (BlockDeletingService.java:isDeletionAllowed(187)) - Close Container log Index 6 is not replicated across allthe servers in the pipeline e8ed9056-394a-4d1f-b72e-7a5790695fd8 as the min replicated index is 4. Deletion is not allowed in this container yet.
2019-10-22 04:04:45,383 [BlockDeletingService#2] WARN  background.BlockDeletingService (BlockDeletingService.java:isDeletionAllowed(187)) - Close Container log Index 6 is not replicated across allthe servers in the pipeline e8ed9056-394a-4d1f-b72e-7a5790695fd8 as the min replicated index is 4. Deletion is not allowed in this container yet.
2019-10-22 04:04:45,413 [EventQueue-PendingDeleteStatusForPendingDeleteHandler] INFO  block.SCMBlockDeletingService (SCMBlockDeletingService.java:handlePendingDeletes(115)) - Block deletion txnID mismatch in datanode 38001277-610a-4ad8-827c-4fb892f595e9 for containerID 1. Datanode delete txnID: 0, SCM txnID: 1
2019-10-22 04:04:45,614 [EventQueue-PendingDeleteStatusForPendingDeleteHandler] INFO  block.SCMBlockDeletingService (SCMBlockDeletingService.java:handlePendingDeletes(115)) - Block deletion txnID mismatch in datanode 38001277-610a-4ad8-827c-4fb892f595e9 for containerID 1. Datanode delete txnID: 0, SCM txnID: 1
2019-10-22 04:04:45,665 [java.util.concurrent.ThreadPoolExecutor$Worker@2202d63d[State = -1, empty queue]] WARN  server.GrpcLogAppender (GrpcLogAppender.java:timeoutAppendRequest(209)) - 461aecd4-5005-4e8b-8510-a2b0fc408338@group-7A5790695FD8->517ee13d-f3a9-4e94-8f9c-24462d11aaf8-GrpcLogAppender: appendEntries Timeout, request=461aecd4-5005-4e8b-8510-a2b0fc408338->517ee13d-f3a9-4e94-8f9c-24462d11aaf8#50-t1, previous=(t:1, i:10), leaderCommit=10, initializing? false, entries: <empty>
2019-10-22 04:04:45,701 [main] INFO  impl.MetricsSystemImpl (MetricsSystemImpl.java:init(158)) - HddsDatanode metrics system started (again)
2019-10-22 04:04:45,754 [main] INFO  ozone.HddsDatanodeService (HddsDatanodeService.java:start(184)) - HddsDatanodeService host:trunk-nightly-20191022-cthwk-1142398527 ip:192.168.69.98
2019-10-22 04:04:45,758 [main] INFO  volume.VolumeUsage (VolumeUsage.java:loadScmUsed(144)) - Cached ScmUsed found for /workdir/hadoop-ozone/integration-test/target/test-dir/MiniOzoneClusterImpl-0034b704-fef7-4bee-834c-071f1b1ecffb/datanode-1/data/containers : 4096 
2019-10-22 04:04:45,758 [main] INFO  volume.HddsVolume (HddsVolume.java:<init>(176)) - Creating Volume: /workdir/hadoop-ozone/integration-test/target/test-dir/MiniOzoneClusterImpl-0034b704-fef7-4bee-834c-071f1b1ecffb/datanode-1/data/containers/hdds of  storage type : DISK and capacity : 1482555576320
2019-10-22 04:04:45,759 [main] INFO  volume.VolumeSet (VolumeSet.java:initializeVolumeSet(170)) - Added Volume : /workdir/hadoop-ozone/integration-test/target/test-dir/MiniOzoneClusterImpl-0034b704-fef7-4bee-834c-071f1b1ecffb/datanode-1/data/containers/hdds to VolumeSet
2019-10-22 04:04:45,759 [main] INFO  volume.ThrottledAsyncChecker (ThrottledAsyncChecker.java:schedule(141)) - Scheduling a check for /workdir/hadoop-ozone/integration-test/target/test-dir/MiniOzoneClusterImpl-0034b704-fef7-4bee-834c-071f1b1ecffb/datanode-1/data/containers/hdds
2019-10-22 04:04:45,760 [main] INFO  volume.HddsVolumeChecker (HddsVolumeChecker.java:checkAllVolumes(204)) - Scheduled health check for volume /workdir/hadoop-ozone/integration-test/target/test-dir/MiniOzoneClusterImpl-0034b704-fef7-4bee-834c-071f1b1ecffb/datanode-1/data/containers/hdds
2019-10-22 04:04:45,820 [main] INFO  impl.RaftServerProxy (ConfUtils.java:logGet(43)) - raft.rpc.type = GRPC (default)
2019-10-22 04:04:45,820 [main] INFO  grpc.GrpcFactory (GrpcFactory.java:checkPooledByteBufAllocatorUseCacheForAllThreads(45)) - PERFORMANCE WARNING: useCacheForAllThreads is true that may cause Netty to create a lot garbage objects and, as a result, trigger GC.
	It is recommended to disable useCacheForAllThreads by setting -Dorg.apache.ratis.thirdparty.io.netty.allocator.useCacheForAllThreads=false in command line.
2019-10-22 04:04:45,820 [main] INFO  grpc.GrpcConfigKeys$Server (ConfUtils.java:logGet(43)) - raft.grpc.server.port = 44514 (custom)
2019-10-22 04:04:45,822 [main] INFO  server.GrpcService (ConfUtils.java:logGet(43)) - raft.grpc.message.size.max = 33570816 (custom)
2019-10-22 04:04:45,822 [main] INFO  server.RaftServerConfigKeys (ConfUtils.java:logGet(43)) - raft.server.log.appender.buffer.byte-limit = 33554432 (custom)
2019-10-22 04:04:45,822 [main] INFO  server.GrpcService (ConfUtils.java:logGet(43)) - raft.grpc.flow.control.window = 1MB (=1048576) (default)
2019-10-22 04:04:45,822 [main] INFO  server.RaftServerConfigKeys (ConfUtils.java:logGet(43)) - raft.server.rpc.request.timeout = 3000ms (default)
2019-10-22 04:04:45,823 [main] INFO  server.RaftServerConfigKeys (ConfUtils.java:logGet(43)) - raft.server.storage.dir = [/workdir/hadoop-ozone/integration-test/target/test-dir/MiniOzoneClusterImpl-0034b704-fef7-4bee-834c-071f1b1ecffb/datanode-1/data/ratis] (custom)
2019-10-22 04:04:45,824 [main] INFO  impl.RaftServerProxy (RaftServerProxy.java:lambda$null$0(191)) - 517ee13d-f3a9-4e94-8f9c-24462d11aaf8: found a subdirectory /workdir/hadoop-ozone/integration-test/target/test-dir/MiniOzoneClusterImpl-0034b704-fef7-4bee-834c-071f1b1ecffb/datanode-1/data/ratis/320f392d-ce52-4c17-913e-2b6030c5ec28
2019-10-22 04:04:45,825 [main] INFO  impl.RaftServerProxy (RaftServerProxy.java:addNew(89)) - 517ee13d-f3a9-4e94-8f9c-24462d11aaf8: addNew group-2B6030C5EC28:[] returns group-2B6030C5EC28:java.util.concurrent.CompletableFuture@44fff386[Not completed]
2019-10-22 04:04:45,825 [main] INFO  impl.RaftServerProxy (RaftServerProxy.java:lambda$null$0(191)) - 517ee13d-f3a9-4e94-8f9c-24462d11aaf8: found a subdirectory /workdir/hadoop-ozone/integration-test/target/test-dir/MiniOzoneClusterImpl-0034b704-fef7-4bee-834c-071f1b1ecffb/datanode-1/data/ratis/e8ed9056-394a-4d1f-b72e-7a5790695fd8
2019-10-22 04:04:45,826 [main] INFO  impl.RaftServerProxy (RaftServerProxy.java:addNew(89)) - 517ee13d-f3a9-4e94-8f9c-24462d11aaf8: addNew group-7A5790695FD8:[] returns group-7A5790695FD8:java.util.concurrent.CompletableFuture@1fc713c9[Not completed]
2019-10-22 04:04:45,829 [main] INFO  hdfs.DFSUtil (DFSUtil.java:httpServerTemplateForNNAndJN(1641)) - Starting Web-server for hddsDatanode at: http://0.0.0.0:43402
2019-10-22 04:04:45,829 [pool-59-thread-1] INFO  impl.RaftServerImpl (RaftServerImpl.java:<init>(98)) - 517ee13d-f3a9-4e94-8f9c-24462d11aaf8: new RaftServerImpl for group-2B6030C5EC28:[] with ContainerStateMachine:uninitialized
2019-10-22 04:04:45,831 [pool-59-thread-1] INFO  server.RaftServerConfigKeys (ConfUtils.java:logGet(43)) - raft.server.rpc.timeout.min = 5s (custom)
2019-10-22 04:04:45,831 [pool-59-thread-1] INFO  server.RaftServerConfigKeys (ConfUtils.java:logGet(43)) - raft.server.rpc.timeout.max = 5200ms (custom)
2019-10-22 04:04:45,831 [pool-59-thread-1] INFO  server.RaftServerConfigKeys (ConfUtils.java:logGet(43)) - raft.server.rpcslowness.timeout = 1000s (custom)
2019-10-22 04:04:45,831 [pool-59-thread-1] INFO  server.RaftServerConfigKeys (ConfUtils.java:logGet(43)) - raft.server.sleep.deviation.threshold = 300 (default)
2019-10-22 04:04:45,831 [pool-59-thread-1] INFO  server.RaftServerConfigKeys (ConfUtils.java:logGet(43)) - raft.server.log.appender.install.snapshot.enabled = false (custom)
2019-10-22 04:04:45,832 [pool-59-thread-1] INFO  impl.RaftServerImpl (ServerState.java:<init>(103)) - 517ee13d-f3a9-4e94-8f9c-24462d11aaf8@group-2B6030C5EC28: ConfigurationManager, init=-1: [], old=null, confs=<EMPTY_MAP>
2019-10-22 04:04:45,832 [pool-59-thread-1] INFO  server.RaftServerConfigKeys (ConfUtils.java:logGet(43)) - raft.server.storage.dir = [/workdir/hadoop-ozone/integration-test/target/test-dir/MiniOzoneClusterImpl-0034b704-fef7-4bee-834c-071f1b1ecffb/datanode-1/data/ratis] (custom)
2019-10-22 04:04:45,832 [pool-59-thread-1] INFO  server.RaftServerConfigKeys (ConfUtils.java:logGet(43)) - raft.server.log.corruption.policy = EXCEPTION (default)
2019-10-22 04:04:45,833 [main] INFO  server.AuthenticationFilter (AuthenticationFilter.java:constructSecretProvider(240)) - Unable to initialize FileSignerSecretProvider, falling back to use random secrets.
2019-10-22 04:04:45,834 [main] WARN  http.HttpRequestLog (HttpRequestLog.java:getRequestLog(97)) - Jetty request log can only be enabled using Log4j
2019-10-22 04:04:45,836 [main] INFO  http.HttpServer2 (HttpServer2.java:addGlobalFilter(975)) - Added global filter 'safety' (class=org.apache.hadoop.http.HttpServer2$QuotingInputFilter)
2019-10-22 04:04:45,838 [main] INFO  http.HttpServer2 (HttpServer2.java:addFilter(948)) - Added filter static_user_filter (class=org.apache.hadoop.http.lib.StaticUserWebFilter$StaticUserFilter) to context hddsDatanode
2019-10-22 04:04:45,838 [main] INFO  http.HttpServer2 (HttpServer2.java:addFilter(958)) - Added filter static_user_filter (class=org.apache.hadoop.http.lib.StaticUserWebFilter$StaticUserFilter) to context logs
2019-10-22 04:04:45,838 [main] INFO  http.HttpServer2 (HttpServer2.java:addFilter(958)) - Added filter static_user_filter (class=org.apache.hadoop.http.lib.StaticUserWebFilter$StaticUserFilter) to context static
2019-10-22 04:04:45,840 [main] INFO  http.HttpServer2 (HttpServer2.java:bindListener(1191)) - Jetty bound to port 43402
2019-10-22 04:04:45,840 [main] INFO  server.Server (Server.java:doStart(351)) - jetty-9.3.25.v20180904, build timestamp: 2018-09-04T21:11:46Z, git hash: 3ce520221d0240229c862b122d2b06c12a625732
2019-10-22 04:04:45,843 [main] INFO  handler.ContextHandler (ContextHandler.java:doStart(781)) - Started o.e.j.s.ServletContextHandler@436bd4df{/logs,file:///workdir/hadoop-ozone/integration-test/target/log,AVAILABLE}
2019-10-22 04:04:45,843 [main] INFO  handler.ContextHandler (ContextHandler.java:doStart(781)) - Started o.e.j.s.ServletContextHandler@149b0577{/static,jar:file:/home/user/.m2/repository/org/apache/hadoop/hadoop-hdds-container-service/0.5.0-SNAPSHOT/hadoop-hdds-container-service-0.5.0-SNAPSHOT.jar!/webapps/static,AVAILABLE}
2019-10-22 04:04:45,846 [pool-59-thread-1] INFO  storage.RaftStorageDirectory (RaftStorageDirectory.java:tryLock(328)) - Lock on /workdir/hadoop-ozone/integration-test/target/test-dir/MiniOzoneClusterImpl-0034b704-fef7-4bee-834c-071f1b1ecffb/datanode-1/data/ratis/320f392d-ce52-4c17-913e-2b6030c5ec28/in_use.lock acquired by nodename 13674@trunk-nightly-20191022-cthwk-1142398527
2019-10-22 04:04:45,847 [pool-59-thread-1] INFO  ratis.ContainerStateMachine (ContainerStateMachine.java:loadSnapshot(231)) - group-2B6030C5EC28: The snapshot info is null. Setting the last applied indexto:(t:0, i:~)
2019-10-22 04:04:45,848 [pool-59-thread-1] INFO  server.RaftServerConfigKeys (ConfUtils.java:logGet(43)) - raft.server.notification.no-leader.timeout = 1000s (custom)
2019-10-22 04:04:45,848 [pool-59-thread-1] INFO  server.RaftServerConfigKeys (ConfUtils.java:logGet(43)) - raft.server.log.use.memory = false (default)
2019-10-22 04:04:45,848 [pool-59-thread-1] INFO  server.RaftServerConfigKeys (ConfUtils.java:logGet(43)) - raft.server.log.purge.gap = 1000000 (custom)
2019-10-22 04:04:45,848 [pool-59-thread-1] INFO  server.RaftServerConfigKeys (ConfUtils.java:logGet(43)) - raft.server.log.appender.buffer.byte-limit = 33554432 (custom)
2019-10-22 04:04:45,849 [pool-59-thread-1] INFO  server.RaftServerConfigKeys (ConfUtils.java:logGet(43)) - raft.server.log.segment.size.max = 1048576 (custom)
2019-10-22 04:04:45,849 [pool-59-thread-1] INFO  server.RaftServerConfigKeys (ConfUtils.java:logGet(43)) - raft.server.log.segment.cache.num.max = 2 (custom)
2019-10-22 04:04:45,849 [pool-59-thread-1] INFO  segmented.SegmentedRaftLogWorker (SegmentedRaftLogWorker.java:<init>(173)) - new 517ee13d-f3a9-4e94-8f9c-24462d11aaf8@group-2B6030C5EC28-SegmentedRaftLogWorker for RaftStorage:Storage Directory /workdir/hadoop-ozone/integration-test/target/test-dir/MiniOzoneClusterImpl-0034b704-fef7-4bee-834c-071f1b1ecffb/datanode-1/data/ratis/320f392d-ce52-4c17-913e-2b6030c5ec28
2019-10-22 04:04:45,849 [pool-59-thread-1] INFO  server.RaftServerConfigKeys (ConfUtils.java:logGet(43)) - raft.server.log.queue.byte-limit = 2147483647 (custom)
2019-10-22 04:04:45,849 [pool-59-thread-1] INFO  server.RaftServerConfigKeys (ConfUtils.java:logGet(43)) - raft.server.log.queue.element-limit = 1024 (custom)
2019-10-22 04:04:45,850 [pool-59-thread-1] INFO  server.RaftServerConfigKeys (ConfUtils.java:logGet(43)) - raft.server.log.segment.size.max = 1048576 (custom)
2019-10-22 04:04:45,850 [pool-59-thread-1] INFO  server.RaftServerConfigKeys (ConfUtils.java:logGet(43)) - raft.server.log.preallocated.size = 16384 (custom)
2019-10-22 04:04:45,850 [pool-59-thread-1] INFO  server.RaftServerConfigKeys (ConfUtils.java:logGet(43)) - raft.server.log.write.buffer.size = 33554432 (custom)
2019-10-22 04:04:45,850 [pool-59-thread-1] INFO  server.RaftServerConfigKeys (ConfUtils.java:logGet(43)) - raft.server.log.force.sync.num = 128 (default)
2019-10-22 04:04:45,850 [pool-59-thread-1] INFO  server.RaftServerConfigKeys (ConfUtils.java:logGet(43)) - raft.server.log.statemachine.data.sync = true (default)
2019-10-22 04:04:45,851 [pool-59-thread-1] INFO  server.RaftServerConfigKeys (ConfUtils.java:logGet(43)) - raft.server.log.statemachine.data.sync.timeout = 10s (default)
2019-10-22 04:04:45,851 [pool-59-thread-1] INFO  server.RaftServerConfigKeys (ConfUtils.java:logGet(43)) - raft.server.log.statemachine.data.sync.timeout.retry = -1 (default)
2019-10-22 04:04:45,851 [pool-59-thread-1] INFO  server.RaftServerConfigKeys (ConfUtils.java:logGet(43)) - raft.server.log.statemachine.data.caching.enabled = true (custom)
2019-10-22 04:04:45,860 [pool-59-thread-1] INFO  impl.RaftServerImpl (ServerState.java:setRaftConf(356)) - 517ee13d-f3a9-4e94-8f9c-24462d11aaf8@group-2B6030C5EC28: set configuration 0: [517ee13d-f3a9-4e94-8f9c-24462d11aaf8:192.168.69.98:44514], old=null at 0
2019-10-22 04:04:45,862 [pool-59-thread-1] INFO  segmented.LogSegment (LogSegment.java:loadSegment(140)) - Successfully read 1 entries from segment file /workdir/hadoop-ozone/integration-test/target/test-dir/MiniOzoneClusterImpl-0034b704-fef7-4bee-834c-071f1b1ecffb/datanode-1/data/ratis/320f392d-ce52-4c17-913e-2b6030c5ec28/current/log_inprogress_0
2019-10-22 04:04:45,862 [pool-59-thread-1] INFO  segmented.SegmentedRaftLogWorker (SegmentedRaftLogWorker.java:lambda$new$0(128)) - 517ee13d-f3a9-4e94-8f9c-24462d11aaf8@group-2B6030C5EC28-SegmentedRaftLogWorker: flushIndex: setUnconditionally 0 -> 0
2019-10-22 04:04:45,888 [main] INFO  handler.ContextHandler (ContextHandler.java:doStart(781)) - Started o.e.j.w.WebAppContext@33feb805{/,file:///tmp/jetty-0.0.0.0-43402-hddsDatanode-_-any-3646877102083560819.dir/webapp/,AVAILABLE}{/hddsDatanode}
2019-10-22 04:04:45,889 [main] INFO  server.AbstractConnector (AbstractConnector.java:doStart(278)) - Started ServerConnector@37854b34{HTTP/1.1,[http/1.1]}{0.0.0.0:43402}
2019-10-22 04:04:45,898 [main] INFO  server.Server (Server.java:doStart(419)) - Started @116676ms
2019-10-22 04:04:45,898 [pool-59-thread-1] INFO  server.RaftServerConfigKeys (ConfUtils.java:logGet(43)) - raft.server.snapshot.auto.trigger.enabled = true (custom)
2019-10-22 04:04:45,898 [main] WARN  impl.MetricsSystemImpl (MetricsSystemImpl.java:register(276)) - Sink prometheus already exists!
2019-10-22 04:04:45,898 [pool-59-thread-1] INFO  server.RaftServerConfigKeys (ConfUtils.java:logGet(43)) - raft.server.snapshot.auto.trigger.threshold = 10000 (custom)
2019-10-22 04:04:45,898 [pool-59-thread-1] INFO  server.RaftServerConfigKeys (ConfUtils.java:logGet(43)) - raft.server.snapshot.retention.file.num = 5 (custom)
2019-10-22 04:04:45,899 [pool-59-thread-1] INFO  server.RaftServerConfigKeys (ConfUtils.java:logGet(43)) - raft.server.retrycache.expirytime = 600000ms (custom)
2019-10-22 04:04:45,899 [main] INFO  server.BaseHttpServer (BaseHttpServer.java:updateConnectorAddress(215)) - HTTP server of HDDSDATANODE is listening at http://0.0.0.0:43402
2019-10-22 04:04:45,901 [pool-59-thread-1] INFO  impl.RaftServerImpl (RaftServerImpl.java:<init>(98)) - 517ee13d-f3a9-4e94-8f9c-24462d11aaf8: new RaftServerImpl for group-7A5790695FD8:[] with ContainerStateMachine:uninitialized
2019-10-22 04:04:45,902 [pool-59-thread-1] INFO  server.RaftServerConfigKeys (ConfUtils.java:logGet(43)) - raft.server.rpc.timeout.min = 5s (custom)
2019-10-22 04:04:45,902 [org.apache.hadoop.util.JvmPauseMonitor$Monitor@3332d779] INFO  util.JvmPauseMonitor (JvmPauseMonitor.java:run(188)) - Starting JVM pause monitor
2019-10-22 04:04:45,902 [pool-59-thread-1] INFO  server.RaftServerConfigKeys (ConfUtils.java:logGet(43)) - raft.server.rpc.timeout.max = 5200ms (custom)
2019-10-22 04:04:45,902 [pool-59-thread-1] INFO  server.RaftServerConfigKeys (ConfUtils.java:logGet(43)) - raft.server.rpcslowness.timeout = 1000s (custom)
2019-10-22 04:04:45,902 [pool-59-thread-1] INFO  server.RaftServerConfigKeys (ConfUtils.java:logGet(43)) - raft.server.sleep.deviation.threshold = 300 (default)
2019-10-22 04:04:45,902 [pool-59-thread-1] INFO  server.RaftServerConfigKeys (ConfUtils.java:logGet(43)) - raft.server.log.appender.install.snapshot.enabled = false (custom)
2019-10-22 04:04:45,902 [pool-59-thread-1] INFO  impl.RaftServerImpl (ServerState.java:<init>(103)) - 517ee13d-f3a9-4e94-8f9c-24462d11aaf8@group-7A5790695FD8: ConfigurationManager, init=-1: [], old=null, confs=<EMPTY_MAP>
2019-10-22 04:04:45,903 [pool-59-thread-1] INFO  server.RaftServerConfigKeys (ConfUtils.java:logGet(43)) - raft.server.storage.dir = [/workdir/hadoop-ozone/integration-test/target/test-dir/MiniOzoneClusterImpl-0034b704-fef7-4bee-834c-071f1b1ecffb/datanode-1/data/ratis] (custom)
2019-10-22 04:04:45,903 [pool-59-thread-1] INFO  server.RaftServerConfigKeys (ConfUtils.java:logGet(43)) - raft.server.log.corruption.policy = EXCEPTION (default)
2019-10-22 04:04:45,914 [pool-59-thread-1] INFO  storage.RaftStorageDirectory (RaftStorageDirectory.java:tryLock(328)) - Lock on /workdir/hadoop-ozone/integration-test/target/test-dir/MiniOzoneClusterImpl-0034b704-fef7-4bee-834c-071f1b1ecffb/datanode-1/data/ratis/e8ed9056-394a-4d1f-b72e-7a5790695fd8/in_use.lock acquired by nodename 13674@trunk-nightly-20191022-cthwk-1142398527
2019-10-22 04:04:45,917 [pool-59-thread-1] INFO  ratis.ContainerStateMachine (ContainerStateMachine.java:loadSnapshot(240)) - group-7A5790695FD8: Setting the last applied index to (t:1, i:3)
2019-10-22 04:04:45,924 [pool-59-thread-1] INFO  impl.RaftServerImpl (ServerState.java:setRaftConf(356)) - 517ee13d-f3a9-4e94-8f9c-24462d11aaf8@group-7A5790695FD8: set configuration 0: [517ee13d-f3a9-4e94-8f9c-24462d11aaf8:192.168.69.98:44514, 461aecd4-5005-4e8b-8510-a2b0fc408338:192.168.69.98:41544, 38001277-610a-4ad8-827c-4fb892f595e9:192.168.69.98:40079], old=null at 0
2019-10-22 04:04:45,924 [pool-59-thread-1] INFO  server.RaftServerConfigKeys (ConfUtils.java:logGet(43)) - raft.server.notification.no-leader.timeout = 1000s (custom)
2019-10-22 04:04:45,924 [pool-59-thread-1] INFO  server.RaftServerConfigKeys (ConfUtils.java:logGet(43)) - raft.server.log.use.memory = false (default)
2019-10-22 04:04:45,924 [pool-59-thread-1] INFO  server.RaftServerConfigKeys (ConfUtils.java:logGet(43)) - raft.server.log.purge.gap = 1000000 (custom)
2019-10-22 04:04:45,924 [pool-59-thread-1] INFO  server.RaftServerConfigKeys (ConfUtils.java:logGet(43)) - raft.server.log.appender.buffer.byte-limit = 33554432 (custom)
2019-10-22 04:04:45,925 [pool-59-thread-1] INFO  server.RaftServerConfigKeys (ConfUtils.java:logGet(43)) - raft.server.log.segment.size.max = 1048576 (custom)
2019-10-22 04:04:45,925 [pool-59-thread-1] INFO  server.RaftServerConfigKeys (ConfUtils.java:logGet(43)) - raft.server.log.segment.cache.num.max = 2 (custom)
2019-10-22 04:04:45,925 [pool-59-thread-1] INFO  segmented.SegmentedRaftLogWorker (SegmentedRaftLogWorker.java:<init>(173)) - new 517ee13d-f3a9-4e94-8f9c-24462d11aaf8@group-7A5790695FD8-SegmentedRaftLogWorker for RaftStorage:Storage Directory /workdir/hadoop-ozone/integration-test/target/test-dir/MiniOzoneClusterImpl-0034b704-fef7-4bee-834c-071f1b1ecffb/datanode-1/data/ratis/e8ed9056-394a-4d1f-b72e-7a5790695fd8
2019-10-22 04:04:45,925 [pool-59-thread-1] INFO  server.RaftServerConfigKeys (ConfUtils.java:logGet(43)) - raft.server.log.queue.byte-limit = 2147483647 (custom)
2019-10-22 04:04:45,925 [pool-59-thread-1] INFO  server.RaftServerConfigKeys (ConfUtils.java:logGet(43)) - raft.server.log.queue.element-limit = 1024 (custom)
2019-10-22 04:04:45,925 [pool-59-thread-1] INFO  server.RaftServerConfigKeys (ConfUtils.java:logGet(43)) - raft.server.log.segment.size.max = 1048576 (custom)
2019-10-22 04:04:45,926 [pool-59-thread-1] INFO  server.RaftServerConfigKeys (ConfUtils.java:logGet(43)) - raft.server.log.preallocated.size = 16384 (custom)
2019-10-22 04:04:45,926 [pool-59-thread-1] INFO  server.RaftServerConfigKeys (ConfUtils.java:logGet(43)) - raft.server.log.write.buffer.size = 33554432 (custom)
2019-10-22 04:04:45,926 [pool-59-thread-1] INFO  server.RaftServerConfigKeys (ConfUtils.java:logGet(43)) - raft.server.log.force.sync.num = 128 (default)
2019-10-22 04:04:45,926 [pool-59-thread-1] INFO  server.RaftServerConfigKeys (ConfUtils.java:logGet(43)) - raft.server.log.statemachine.data.sync = true (default)
2019-10-22 04:04:45,926 [pool-59-thread-1] INFO  server.RaftServerConfigKeys (ConfUtils.java:logGet(43)) - raft.server.log.statemachine.data.sync.timeout = 10s (default)
2019-10-22 04:04:45,926 [pool-59-thread-1] INFO  server.RaftServerConfigKeys (ConfUtils.java:logGet(43)) - raft.server.log.statemachine.data.sync.timeout.retry = -1 (default)
2019-10-22 04:04:45,927 [pool-59-thread-1] INFO  server.RaftServerConfigKeys (ConfUtils.java:logGet(43)) - raft.server.log.statemachine.data.caching.enabled = true (custom)
2019-10-22 04:04:45,927 [pool-59-thread-1] INFO  impl.RaftServerImpl (ServerState.java:setRaftConf(356)) - 517ee13d-f3a9-4e94-8f9c-24462d11aaf8@group-7A5790695FD8: set configuration 0: [517ee13d-f3a9-4e94-8f9c-24462d11aaf8:192.168.69.98:44514, 461aecd4-5005-4e8b-8510-a2b0fc408338:192.168.69.98:41544, 38001277-610a-4ad8-827c-4fb892f595e9:192.168.69.98:40079], old=null at 0
2019-10-22 04:04:45,929 [pool-59-thread-1] INFO  segmented.LogSegment (LogSegment.java:loadSegment(140)) - Successfully read 5 entries from segment file /workdir/hadoop-ozone/integration-test/target/test-dir/MiniOzoneClusterImpl-0034b704-fef7-4bee-834c-071f1b1ecffb/datanode-1/data/ratis/e8ed9056-394a-4d1f-b72e-7a5790695fd8/current/log_inprogress_0
2019-10-22 04:04:45,929 [pool-59-thread-1] INFO  segmented.SegmentedRaftLogWorker (SegmentedRaftLogWorker.java:lambda$new$0(128)) - 517ee13d-f3a9-4e94-8f9c-24462d11aaf8@group-7A5790695FD8-SegmentedRaftLogWorker: flushIndex: setUnconditionally 0 -> 4
2019-10-22 04:04:45,959 [pool-59-thread-1] INFO  raftlog.RaftLog (RaftLog.java:lambda$new$0(61)) - 517ee13d-f3a9-4e94-8f9c-24462d11aaf8@group-7A5790695FD8-SegmentedRaftLog: commitIndex: updateToMax old=3, new=3, updated? false
2019-10-22 04:04:45,959 [pool-59-thread-1] INFO  server.RaftServerConfigKeys (ConfUtils.java:logGet(43)) - raft.server.snapshot.auto.trigger.enabled = true (custom)
2019-10-22 04:04:45,960 [pool-59-thread-1] INFO  server.RaftServerConfigKeys (ConfUtils.java:logGet(43)) - raft.server.snapshot.auto.trigger.threshold = 10000 (custom)
2019-10-22 04:04:45,960 [pool-59-thread-1] INFO  server.RaftServerConfigKeys (ConfUtils.java:logGet(43)) - raft.server.snapshot.retention.file.num = 5 (custom)
2019-10-22 04:04:45,960 [pool-59-thread-1] INFO  server.RaftServerConfigKeys (ConfUtils.java:logGet(43)) - raft.server.retrycache.expirytime = 600000ms (custom)
2019-10-22 04:04:46,012 [Command processor thread] INFO  commandhandler.DeleteBlocksCommandHandler (DeleteBlocksCommandHandler.java:handle(106)) - Start to delete container blocks, TXIDs=[1(0)], numOfContainers=1, numOfBlocks=1
2019-10-22 04:04:46,014 [EventQueue-PendingDeleteStatusForPendingDeleteHandler] INFO  block.SCMBlockDeletingService (SCMBlockDeletingService.java:handlePendingDeletes(115)) - Block deletion txnID mismatch in datanode 38001277-610a-4ad8-827c-4fb892f595e9 for containerID 1. Datanode delete txnID: 0, SCM txnID: 1
2019-10-22 04:04:46,139 [SCMBlockDeletingService#1] INFO  block.SCMBlockDeletingService (SCMBlockDeletingService.java:call(184)) - Totally added 2 delete blocks command for 2 datanodes, task elapsed time: 1ms
2019-10-22 04:04:46,140 [pool-7-thread-2] INFO  commands.RetriableDatanodeEventWatcher (RetriableDatanodeEventWatcher.java:onTimeout(47)) - RetriableDatanodeCommand type=deleteBlocksCommand with id=1571717085139 timed out. Retrying.
2019-10-22 04:04:46,141 [pool-7-thread-1] INFO  commands.RetriableDatanodeEventWatcher (RetriableDatanodeEventWatcher.java:onTimeout(47)) - RetriableDatanodeCommand type=deleteBlocksCommand with id=1571717085138 timed out. Retrying.
2019-10-22 04:04:46,384 [BlockDeletingService#2] WARN  background.BlockDeletingService (BlockDeletingService.java:isDeletionAllowed(187)) - Close Container log Index 6 is not replicated across allthe servers in the pipeline e8ed9056-394a-4d1f-b72e-7a5790695fd8 as the min replicated index is 4. Deletion is not allowed in this container yet.
2019-10-22 04:04:46,384 [BlockDeletingService#2] WARN  background.BlockDeletingService (BlockDeletingService.java:isDeletionAllowed(187)) - Close Container log Index 6 is not replicated across allthe servers in the pipeline e8ed9056-394a-4d1f-b72e-7a5790695fd8 as the min replicated index is 4. Deletion is not allowed in this container yet.
2019-10-22 04:04:46,884 [Thread-543] INFO  client.GrpcClientProtocolService (GrpcClientProtocolService.java:lambda$processClientRequest$0(279)) - Failed RaftClientRequest:client-8579CCF1DDA8->461aecd4-5005-4e8b-8510-a2b0fc408338@group-7A5790695FD8, cid=10, seq=0, Watch-ALL_COMMITTED(6), Message:<EMPTY>, reply=RaftClientReply:client-8579CCF1DDA8->461aecd4-5005-4e8b-8510-a2b0fc408338@group-7A5790695FD8, cid=10, FAILED org.apache.ratis.protocol.NotReplicatedException: Request with call Id 10 and log index 6 is not yet replicated to ALL_COMMITTED, logIndex=6, commits[461aecd4-5005-4e8b-8510-a2b0fc408338:c10, 517ee13d-f3a9-4e94-8f9c-24462d11aaf8:c4, 38001277-610a-4ad8-827c-4fb892f595e9:c10]
2019-10-22 04:04:47,113 [Command processor thread] INFO  commandhandler.DeleteBlocksCommandHandler (DeleteBlocksCommandHandler.java:handle(106)) - Start to delete container blocks, TXIDs=[1(2)], numOfContainers=1, numOfBlocks=1
2019-10-22 04:04:47,114 [Command processor thread] INFO  commandhandler.DeleteBlocksCommandHandler (DeleteBlocksCommandHandler.java:handle(106)) - Start to delete container blocks, TXIDs=[1(0)], numOfContainers=1, numOfBlocks=1
2019-10-22 04:04:47,140 [pool-7-thread-1] INFO  commands.RetriableDatanodeEventWatcher (RetriableDatanodeEventWatcher.java:onTimeout(47)) - RetriableDatanodeCommand type=deleteBlocksCommand with id=1571717085140 timed out. Retrying.
2019-10-22 04:04:47,142 [pool-7-thread-3] INFO  commands.RetriableDatanodeEventWatcher (RetriableDatanodeEventWatcher.java:onTimeout(47)) - RetriableDatanodeCommand type=deleteBlocksCommand with id=1571717085139 timed out. Retrying.
2019-10-22 04:04:47,142 [SCMBlockDeletingService#1] INFO  block.SCMBlockDeletingService (SCMBlockDeletingService.java:call(184)) - Totally added 1 delete blocks command for 1 datanodes, task elapsed time: 1ms
2019-10-22 04:04:47,142 [pool-7-thread-2] INFO  commands.RetriableDatanodeEventWatcher (RetriableDatanodeEventWatcher.java:onTimeout(47)) - RetriableDatanodeCommand type=deleteBlocksCommand with id=1571717085141 timed out. Retrying.
2019-10-22 04:04:47,215 [EventQueue-DeleteBlockStatusForEventWatcher$$Lambda$29/1632413663] WARN  events.EventWatcher (EventWatcher.java:lambda$start$0(110)) - Completion event without active lease. Id=1571717085138
2019-10-22 04:04:47,386 [BlockDeletingService#2] WARN  background.BlockDeletingService (BlockDeletingService.java:isDeletionAllowed(187)) - Close Container log Index 6 is not replicated across allthe servers in the pipeline e8ed9056-394a-4d1f-b72e-7a5790695fd8 as the min replicated index is 4. Deletion is not allowed in this container yet.
2019-10-22 04:04:47,386 [BlockDeletingService#2] WARN  background.BlockDeletingService (BlockDeletingService.java:isDeletionAllowed(187)) - Close Container log Index 6 is not replicated across allthe servers in the pipeline e8ed9056-394a-4d1f-b72e-7a5790695fd8 as the min replicated index is 4. Deletion is not allowed in this container yet.
2019-10-22 04:04:47,904 [Datanode State Machine Thread - 0] INFO  ozoneimpl.OzoneContainer (OzoneContainer.java:start(213)) - Attempting to start container services.
2019-10-22 04:04:47,905 [Datanode State Machine Thread - 0] INFO  ozoneimpl.OzoneContainer (OzoneContainer.java:startContainerScrub(177)) - Background container scanner has been disabled.
2019-10-22 04:04:47,905 [Datanode State Machine Thread - 0] INFO  ratis.XceiverServerRatis (XceiverServerRatis.java:start(418)) - Starting XceiverServerRatis 517ee13d-f3a9-4e94-8f9c-24462d11aaf8 at port 44514
2019-10-22 04:04:47,915 [Datanode State Machine Thread - 0] INFO  impl.RaftServerImpl (RaftServerImpl.java:start(184)) - 517ee13d-f3a9-4e94-8f9c-24462d11aaf8@group-7A5790695FD8: start as a follower, conf=0: [517ee13d-f3a9-4e94-8f9c-24462d11aaf8:192.168.69.98:44514, 461aecd4-5005-4e8b-8510-a2b0fc408338:192.168.69.98:41544, 38001277-610a-4ad8-827c-4fb892f595e9:192.168.69.98:40079], old=null
2019-10-22 04:04:47,916 [Datanode State Machine Thread - 0] INFO  impl.RaftServerImpl (RaftServerImpl.java:setRole(173)) - 517ee13d-f3a9-4e94-8f9c-24462d11aaf8@group-7A5790695FD8: changes role from      null to FOLLOWER at term 1 for startAsFollower
2019-10-22 04:04:47,916 [ForkJoinPool.commonPool-worker-1] INFO  impl.RaftServerImpl (RaftServerImpl.java:start(184)) - 517ee13d-f3a9-4e94-8f9c-24462d11aaf8@group-2B6030C5EC28: start as a follower, conf=0: [517ee13d-f3a9-4e94-8f9c-24462d11aaf8:192.168.69.98:44514], old=null
2019-10-22 04:04:47,916 [Datanode State Machine Thread - 0] INFO  impl.RoleInfo (RoleInfo.java:updateAndGet(143)) - 517ee13d-f3a9-4e94-8f9c-24462d11aaf8: start FollowerState
2019-10-22 04:04:47,916 [ForkJoinPool.commonPool-worker-1] INFO  impl.RaftServerImpl (RaftServerImpl.java:setRole(173)) - 517ee13d-f3a9-4e94-8f9c-24462d11aaf8@group-2B6030C5EC28: changes role from      null to FOLLOWER at term 1 for startAsFollower
2019-10-22 04:04:47,917 [ForkJoinPool.commonPool-worker-1] INFO  impl.RoleInfo (RoleInfo.java:updateAndGet(143)) - 517ee13d-f3a9-4e94-8f9c-24462d11aaf8: start FollowerState
2019-10-22 04:04:47,917 [Datanode State Machine Thread - 0] INFO  util.JmxRegister (JmxRegister.java:tryRegister(44)) - Successfully registered JMX Bean with object name Ratis:service=RaftServer,group=group-7A5790695FD8,id=517ee13d-f3a9-4e94-8f9c-24462d11aaf8
2019-10-22 04:04:47,918 [ForkJoinPool.commonPool-worker-1] INFO  util.JmxRegister (JmxRegister.java:tryRegister(44)) - Successfully registered JMX Bean with object name Ratis:service=RaftServer,group=group-2B6030C5EC28,id=517ee13d-f3a9-4e94-8f9c-24462d11aaf8
2019-10-22 04:04:47,919 [Datanode State Machine Thread - 0] INFO  impl.RaftServerProxy (RaftServerProxy.java:lambda$start$3(299)) - 517ee13d-f3a9-4e94-8f9c-24462d11aaf8: start RPC server
2019-10-22 04:04:47,921 [Datanode State Machine Thread - 0] INFO  server.GrpcService (GrpcService.java:startImpl(158)) - 517ee13d-f3a9-4e94-8f9c-24462d11aaf8: GrpcService started, listening on 0.0.0.0/0.0.0.0:44514
2019-10-22 04:04:48,142 [pool-7-thread-3] INFO  commands.RetriableDatanodeEventWatcher (RetriableDatanodeEventWatcher.java:onTimeout(47)) - RetriableDatanodeCommand type=deleteBlocksCommand with id=1571717085139 timed out. Retrying.
2019-10-22 04:04:48,142 [pool-7-thread-2] INFO  commands.RetriableDatanodeEventWatcher (RetriableDatanodeEventWatcher.java:onTimeout(47)) - RetriableDatanodeCommand type=deleteBlocksCommand with id=1571717085142 timed out. Retrying.
2019-10-22 04:04:48,143 [pool-7-thread-2] INFO  commands.RetriableDatanodeEventWatcher (RetriableDatanodeEventWatcher.java:onTimeout(47)) - RetriableDatanodeCommand type=deleteBlocksCommand with id=1571717085141 timed out. Retrying.
2019-10-22 04:04:48,143 [SCMBlockDeletingService#1] INFO  block.SCMBlockDeletingService (SCMBlockDeletingService.java:call(184)) - Totally added 1 delete blocks command for 1 datanodes, task elapsed time: 1ms
2019-10-22 04:04:48,166 [java.util.concurrent.ThreadPoolExecutor$Worker@2202d63d[State = -1, empty queue]] WARN  server.GrpcLogAppender (GrpcLogAppender.java:timeoutAppendRequest(209)) - 461aecd4-5005-4e8b-8510-a2b0fc408338@group-7A5790695FD8->517ee13d-f3a9-4e94-8f9c-24462d11aaf8-GrpcLogAppender: appendEntries Timeout, request=461aecd4-5005-4e8b-8510-a2b0fc408338->517ee13d-f3a9-4e94-8f9c-24462d11aaf8#51-t1, previous=(t:1, i:10), leaderCommit=10, initializing? false, entries: <empty>
2019-10-22 04:04:48,214 [Command processor thread] INFO  commandhandler.DeleteBlocksCommandHandler (DeleteBlocksCommandHandler.java:handle(106)) - Start to delete container blocks, TXIDs=[1(2)], numOfContainers=1, numOfBlocks=1
2019-10-22 04:04:48,388 [BlockDeletingService#2] WARN  background.BlockDeletingService (BlockDeletingService.java:isDeletionAllowed(187)) - Close Container log Index 6 is not replicated across allthe servers in the pipeline e8ed9056-394a-4d1f-b72e-7a5790695fd8 as the min replicated index is 4. Deletion is not allowed in this container yet.
2019-10-22 04:04:48,388 [BlockDeletingService#2] WARN  background.BlockDeletingService (BlockDeletingService.java:isDeletionAllowed(187)) - Close Container log Index 6 is not replicated across allthe servers in the pipeline e8ed9056-394a-4d1f-b72e-7a5790695fd8 as the min replicated index is 4. Deletion is not allowed in this container yet.
2019-10-22 04:04:48,415 [EventQueue-DeleteBlockStatusForEventWatcher$$Lambda$29/1632413663] WARN  events.EventWatcher (EventWatcher.java:lambda$start$0(110)) - Completion event without active lease. Id=1571717085140
2019-10-22 04:04:49,143 [pool-7-thread-1] INFO  commands.RetriableDatanodeEventWatcher (RetriableDatanodeEventWatcher.java:onTimeout(47)) - RetriableDatanodeCommand type=deleteBlocksCommand with id=1571717085139 timed out. Retrying.
2019-10-22 04:04:49,144 [pool-7-thread-3] INFO  commands.RetriableDatanodeEventWatcher (RetriableDatanodeEventWatcher.java:onTimeout(47)) - RetriableDatanodeCommand type=deleteBlocksCommand with id=1571717085143 timed out. Retrying.
2019-10-22 04:04:49,144 [pool-7-thread-2] INFO  commands.RetriableDatanodeEventWatcher (RetriableDatanodeEventWatcher.java:onTimeout(47)) - RetriableDatanodeCommand type=deleteBlocksCommand with id=1571717085142 timed out. Retrying.
2019-10-22 04:04:49,145 [pool-7-thread-4] INFO  commands.RetriableDatanodeEventWatcher (RetriableDatanodeEventWatcher.java:onTimeout(47)) - RetriableDatanodeCommand type=deleteBlocksCommand with id=1571717085141 timed out. Retrying.
2019-10-22 04:04:49,146 [SCMBlockDeletingService#1] INFO  block.SCMBlockDeletingService (SCMBlockDeletingService.java:call(184)) - Totally added 1 delete blocks command for 1 datanodes, task elapsed time: 2ms
2019-10-22 04:04:49,390 [BlockDeletingService#2] WARN  background.BlockDeletingService (BlockDeletingService.java:isDeletionAllowed(187)) - Close Container log Index 6 is not replicated across allthe servers in the pipeline e8ed9056-394a-4d1f-b72e-7a5790695fd8 as the min replicated index is 4. Deletion is not allowed in this container yet.
2019-10-22 04:04:49,390 [BlockDeletingService#2] WARN  background.BlockDeletingService (BlockDeletingService.java:isDeletionAllowed(187)) - Close Container log Index 6 is not replicated across allthe servers in the pipeline e8ed9056-394a-4d1f-b72e-7a5790695fd8 as the min replicated index is 4. Deletion is not allowed in this container yet.
2019-10-22 04:04:49,905 [EventQueue-PendingDeleteStatusForPendingDeleteHandler] INFO  block.SCMBlockDeletingService (SCMBlockDeletingService.java:handlePendingDeletes(115)) - Block deletion txnID mismatch in datanode 517ee13d-f3a9-4e94-8f9c-24462d11aaf8 for containerID 1. Datanode delete txnID: 0, SCM txnID: 1
2019-10-22 04:04:50,146 [pool-7-thread-2] INFO  commands.RetriableDatanodeEventWatcher (RetriableDatanodeEventWatcher.java:onTimeout(47)) - RetriableDatanodeCommand type=deleteBlocksCommand with id=1571717085142 timed out. Retrying.
2019-10-22 04:04:50,146 [pool-7-thread-3] INFO  commands.RetriableDatanodeEventWatcher (RetriableDatanodeEventWatcher.java:onTimeout(47)) - RetriableDatanodeCommand type=deleteBlocksCommand with id=1571717085143 timed out. Retrying.
2019-10-22 04:04:50,146 [pool-7-thread-4] INFO  commands.RetriableDatanodeEventWatcher (RetriableDatanodeEventWatcher.java:onTimeout(47)) - RetriableDatanodeCommand type=deleteBlocksCommand with id=1571717085144 timed out. Retrying.
2019-10-22 04:04:50,147 [pool-7-thread-1] INFO  commands.RetriableDatanodeEventWatcher (RetriableDatanodeEventWatcher.java:onTimeout(47)) - RetriableDatanodeCommand type=deleteBlocksCommand with id=1571717085141 timed out. Retrying.
2019-10-22 04:04:50,147 [pool-7-thread-5] INFO  commands.RetriableDatanodeEventWatcher (RetriableDatanodeEventWatcher.java:onTimeout(47)) - RetriableDatanodeCommand type=deleteBlocksCommand with id=1571717085139 timed out. Retrying.
2019-10-22 04:04:50,147 [SCMBlockDeletingService#1] INFO  block.SCMBlockDeletingService (SCMBlockDeletingService.java:call(184)) - Totally added 1 delete blocks command for 1 datanodes, task elapsed time: 1ms
2019-10-22 04:04:50,391 [BlockDeletingService#2] WARN  background.BlockDeletingService (BlockDeletingService.java:isDeletionAllowed(187)) - Close Container log Index 6 is not replicated across allthe servers in the pipeline e8ed9056-394a-4d1f-b72e-7a5790695fd8 as the min replicated index is 4. Deletion is not allowed in this container yet.
2019-10-22 04:04:50,392 [BlockDeletingService#2] WARN  background.BlockDeletingService (BlockDeletingService.java:isDeletionAllowed(187)) - Close Container log Index 6 is not replicated across allthe servers in the pipeline e8ed9056-394a-4d1f-b72e-7a5790695fd8 as the min replicated index is 4. Deletion is not allowed in this container yet.
2019-10-22 04:04:50,667 [java.util.concurrent.ThreadPoolExecutor$Worker@2202d63d[State = -1, empty queue]] WARN  server.GrpcLogAppender (GrpcLogAppender.java:timeoutAppendRequest(209)) - 461aecd4-5005-4e8b-8510-a2b0fc408338@group-7A5790695FD8->517ee13d-f3a9-4e94-8f9c-24462d11aaf8-GrpcLogAppender: appendEntries Timeout, request=461aecd4-5005-4e8b-8510-a2b0fc408338->517ee13d-f3a9-4e94-8f9c-24462d11aaf8#52-t1, previous=(t:1, i:10), leaderCommit=10, initializing? false, entries: <empty>
2019-10-22 04:04:51,147 [pool-7-thread-5] INFO  commands.RetriableDatanodeEventWatcher (RetriableDatanodeEventWatcher.java:onTimeout(47)) - RetriableDatanodeCommand type=deleteBlocksCommand with id=1571717085142 timed out. Retrying.
2019-10-22 04:04:51,147 [pool-7-thread-1] INFO  commands.RetriableDatanodeEventWatcher (RetriableDatanodeEventWatcher.java:onTimeout(47)) - RetriableDatanodeCommand type=deleteBlocksCommand with id=1571717085143 timed out. Retrying.
2019-10-22 04:04:51,147 [pool-7-thread-1] INFO  commands.RetriableDatanodeEventWatcher (RetriableDatanodeEventWatcher.java:onTimeout(47)) - RetriableDatanodeCommand type=deleteBlocksCommand with id=1571717085144 timed out. Retrying.
2019-10-22 04:04:51,147 [pool-7-thread-4] INFO  commands.RetriableDatanodeEventWatcher (RetriableDatanodeEventWatcher.java:onTimeout(47)) - RetriableDatanodeCommand type=deleteBlocksCommand with id=1571717085141 timed out. Retrying.
2019-10-22 04:04:51,148 [pool-7-thread-5] INFO  commands.RetriableDatanodeEventWatcher (RetriableDatanodeEventWatcher.java:onTimeout(47)) - RetriableDatanodeCommand type=deleteBlocksCommand with id=1571717085145 timed out. Retrying.
2019-10-22 04:04:51,148 [pool-7-thread-3] INFO  commands.RetriableDatanodeEventWatcher (RetriableDatanodeEventWatcher.java:onTimeout(47)) - RetriableDatanodeCommand type=deleteBlocksCommand with id=1571717085139 timed out. Retrying.
2019-10-22 04:04:51,159 [SCMBlockDeletingService#1] INFO  block.SCMBlockDeletingService (SCMBlockDeletingService.java:call(184)) - Totally added 1 delete blocks command for 1 datanodes, task elapsed time: 12ms
2019-10-22 04:04:51,393 [BlockDeletingService#2] WARN  background.BlockDeletingService (BlockDeletingService.java:isDeletionAllowed(187)) - Close Container log Index 6 is not replicated across allthe servers in the pipeline e8ed9056-394a-4d1f-b72e-7a5790695fd8 as the min replicated index is 4. Deletion is not allowed in this container yet.
2019-10-22 04:04:51,393 [BlockDeletingService#2] WARN  background.BlockDeletingService (BlockDeletingService.java:isDeletionAllowed(187)) - Close Container log Index 6 is not replicated across allthe servers in the pipeline e8ed9056-394a-4d1f-b72e-7a5790695fd8 as the min replicated index is 4. Deletion is not allowed in this container yet.
2019-10-22 04:04:51,902 [EventQueue-PendingDeleteStatusForPendingDeleteHandler] INFO  block.SCMBlockDeletingService (SCMBlockDeletingService.java:handlePendingDeletes(115)) - Block deletion txnID mismatch in datanode 517ee13d-f3a9-4e94-8f9c-24462d11aaf8 for containerID 1. Datanode delete txnID: 0, SCM txnID: 1
2019-10-22 04:04:51,985 [grpc-default-executor-0] INFO  impl.RaftServerProxy (RaftServerProxy.java:addNew(89)) - 517ee13d-f3a9-4e94-8f9c-24462d11aaf8: addNew group-D608E874BC66:[517ee13d-f3a9-4e94-8f9c-24462d11aaf8:192.168.69.98:44514] returns group-D608E874BC66:java.util.concurrent.CompletableFuture@7a87c955[Not completed]
2019-10-22 04:04:51,989 [pool-59-thread-1] INFO  impl.RaftServerImpl (RaftServerImpl.java:<init>(98)) - 517ee13d-f3a9-4e94-8f9c-24462d11aaf8: new RaftServerImpl for group-D608E874BC66:[517ee13d-f3a9-4e94-8f9c-24462d11aaf8:192.168.69.98:44514] with ContainerStateMachine:uninitialized
2019-10-22 04:04:51,989 [pool-59-thread-1] INFO  server.RaftServerConfigKeys (ConfUtils.java:logGet(43)) - raft.server.rpc.timeout.min = 5s (custom)
2019-10-22 04:04:51,990 [pool-59-thread-1] INFO  server.RaftServerConfigKeys (ConfUtils.java:logGet(43)) - raft.server.rpc.timeout.max = 5200ms (custom)
2019-10-22 04:04:51,990 [pool-59-thread-1] INFO  server.RaftServerConfigKeys (ConfUtils.java:logGet(43)) - raft.server.rpcslowness.timeout = 1000s (custom)
2019-10-22 04:04:51,990 [pool-59-thread-1] INFO  server.RaftServerConfigKeys (ConfUtils.java:logGet(43)) - raft.server.sleep.deviation.threshold = 300 (default)
2019-10-22 04:04:51,990 [pool-59-thread-1] INFO  server.RaftServerConfigKeys (ConfUtils.java:logGet(43)) - raft.server.log.appender.install.snapshot.enabled = false (custom)
2019-10-22 04:04:51,990 [pool-59-thread-1] INFO  impl.RaftServerImpl (ServerState.java:<init>(103)) - 517ee13d-f3a9-4e94-8f9c-24462d11aaf8@group-D608E874BC66: ConfigurationManager, init=-1: [517ee13d-f3a9-4e94-8f9c-24462d11aaf8:192.168.69.98:44514], old=null, confs=<EMPTY_MAP>
2019-10-22 04:04:51,991 [pool-59-thread-1] INFO  server.RaftServerConfigKeys (ConfUtils.java:logGet(43)) - raft.server.storage.dir = [/workdir/hadoop-ozone/integration-test/target/test-dir/MiniOzoneClusterImpl-0034b704-fef7-4bee-834c-071f1b1ecffb/datanode-1/data/ratis] (custom)
2019-10-22 04:04:51,991 [pool-59-thread-1] INFO  server.RaftServerConfigKeys (ConfUtils.java:logGet(43)) - raft.server.log.corruption.policy = EXCEPTION (default)
2019-10-22 04:04:51,992 [pool-59-thread-1] INFO  storage.RaftStorageDirectory (RaftStorageDirectory.java:analyzeStorage(246)) - The storage directory /workdir/hadoop-ozone/integration-test/target/test-dir/MiniOzoneClusterImpl-0034b704-fef7-4bee-834c-071f1b1ecffb/datanode-1/data/ratis/b3b1bbcc-5471-47f4-9f0a-d608e874bc66 does not exist. Creating ...
2019-10-22 04:04:52,002 [EventQueue-PendingDeleteStatusForPendingDeleteHandler] INFO  block.SCMBlockDeletingService (SCMBlockDeletingService.java:handlePendingDeletes(115)) - Block deletion txnID mismatch in datanode 517ee13d-f3a9-4e94-8f9c-24462d11aaf8 for containerID 1. Datanode delete txnID: 0, SCM txnID: 1
2019-10-22 04:04:52,006 [pool-59-thread-1] INFO  storage.RaftStorageDirectory (RaftStorageDirectory.java:tryLock(328)) - Lock on /workdir/hadoop-ozone/integration-test/target/test-dir/MiniOzoneClusterImpl-0034b704-fef7-4bee-834c-071f1b1ecffb/datanode-1/data/ratis/b3b1bbcc-5471-47f4-9f0a-d608e874bc66/in_use.lock acquired by nodename 13674@trunk-nightly-20191022-cthwk-1142398527
2019-10-22 04:04:52,020 [pool-59-thread-1] INFO  storage.RaftStorage (RaftStorage.java:format(84)) - Storage directory /workdir/hadoop-ozone/integration-test/target/test-dir/MiniOzoneClusterImpl-0034b704-fef7-4bee-834c-071f1b1ecffb/datanode-1/data/ratis/b3b1bbcc-5471-47f4-9f0a-d608e874bc66 has been successfully formatted.
2019-10-22 04:04:52,020 [pool-59-thread-1] INFO  ratis.ContainerStateMachine (ContainerStateMachine.java:loadSnapshot(231)) - group-D608E874BC66: The snapshot info is null. Setting the last applied indexto:(t:0, i:~)
2019-10-22 04:04:52,020 [pool-59-thread-1] INFO  server.RaftServerConfigKeys (ConfUtils.java:logGet(43)) - raft.server.notification.no-leader.timeout = 1000s (custom)
2019-10-22 04:04:52,020 [pool-59-thread-1] INFO  server.RaftServerConfigKeys (ConfUtils.java:logGet(43)) - raft.server.log.use.memory = false (default)
2019-10-22 04:04:52,021 [pool-59-thread-1] INFO  server.RaftServerConfigKeys (ConfUtils.java:logGet(43)) - raft.server.log.purge.gap = 1000000 (custom)
2019-10-22 04:04:52,021 [pool-59-thread-1] INFO  server.RaftServerConfigKeys (ConfUtils.java:logGet(43)) - raft.server.log.appender.buffer.byte-limit = 33554432 (custom)
2019-10-22 04:04:52,021 [pool-59-thread-1] INFO  server.RaftServerConfigKeys (ConfUtils.java:logGet(43)) - raft.server.log.segment.size.max = 1048576 (custom)
2019-10-22 04:04:52,021 [pool-59-thread-1] INFO  server.RaftServerConfigKeys (ConfUtils.java:logGet(43)) - raft.server.log.segment.cache.num.max = 2 (custom)
2019-10-22 04:04:52,022 [pool-59-thread-1] INFO  segmented.SegmentedRaftLogWorker (SegmentedRaftLogWorker.java:<init>(173)) - new 517ee13d-f3a9-4e94-8f9c-24462d11aaf8@group-D608E874BC66-SegmentedRaftLogWorker for RaftStorage:Storage Directory /workdir/hadoop-ozone/integration-test/target/test-dir/MiniOzoneClusterImpl-0034b704-fef7-4bee-834c-071f1b1ecffb/datanode-1/data/ratis/b3b1bbcc-5471-47f4-9f0a-d608e874bc66
2019-10-22 04:04:52,022 [pool-59-thread-1] INFO  server.RaftServerConfigKeys (ConfUtils.java:logGet(43)) - raft.server.log.queue.byte-limit = 2147483647 (custom)
2019-10-22 04:04:52,022 [pool-59-thread-1] INFO  server.RaftServerConfigKeys (ConfUtils.java:logGet(43)) - raft.server.log.queue.element-limit = 1024 (custom)
2019-10-22 04:04:52,022 [pool-59-thread-1] INFO  server.RaftServerConfigKeys (ConfUtils.java:logGet(43)) - raft.server.log.segment.size.max = 1048576 (custom)
2019-10-22 04:04:52,022 [pool-59-thread-1] INFO  server.RaftServerConfigKeys (ConfUtils.java:logGet(43)) - raft.server.log.preallocated.size = 16384 (custom)
2019-10-22 04:04:52,022 [pool-59-thread-1] INFO  server.RaftServerConfigKeys (ConfUtils.java:logGet(43)) - raft.server.log.write.buffer.size = 33554432 (custom)
2019-10-22 04:04:52,022 [pool-59-thread-1] INFO  server.RaftServerConfigKeys (ConfUtils.java:logGet(43)) - raft.server.log.force.sync.num = 128 (default)
2019-10-22 04:04:52,023 [pool-59-thread-1] INFO  server.RaftServerConfigKeys (ConfUtils.java:logGet(43)) - raft.server.log.statemachine.data.sync = true (default)
2019-10-22 04:04:52,023 [pool-59-thread-1] INFO  server.RaftServerConfigKeys (ConfUtils.java:logGet(43)) - raft.server.log.statemachine.data.sync.timeout = 10s (default)
2019-10-22 04:04:52,023 [pool-59-thread-1] INFO  server.RaftServerConfigKeys (ConfUtils.java:logGet(43)) - raft.server.log.statemachine.data.sync.timeout.retry = -1 (default)
2019-10-22 04:04:52,023 [pool-59-thread-1] INFO  server.RaftServerConfigKeys (ConfUtils.java:logGet(43)) - raft.server.log.statemachine.data.caching.enabled = true (custom)
2019-10-22 04:04:52,024 [pool-59-thread-1] INFO  segmented.SegmentedRaftLogWorker (SegmentedRaftLogWorker.java:lambda$new$0(128)) - 517ee13d-f3a9-4e94-8f9c-24462d11aaf8@group-D608E874BC66-SegmentedRaftLogWorker: flushIndex: setUnconditionally 0 -> -1
2019-10-22 04:04:52,024 [pool-59-thread-1] INFO  server.RaftServerConfigKeys (ConfUtils.java:logGet(43)) - raft.server.snapshot.auto.trigger.enabled = true (custom)
2019-10-22 04:04:52,024 [pool-59-thread-1] INFO  server.RaftServerConfigKeys (ConfUtils.java:logGet(43)) - raft.server.snapshot.auto.trigger.threshold = 10000 (custom)
2019-10-22 04:04:52,025 [pool-59-thread-1] INFO  server.RaftServerConfigKeys (ConfUtils.java:logGet(43)) - raft.server.snapshot.retention.file.num = 5 (custom)
2019-10-22 04:04:52,025 [pool-59-thread-1] INFO  server.RaftServerConfigKeys (ConfUtils.java:logGet(43)) - raft.server.retrycache.expirytime = 600000ms (custom)
2019-10-22 04:04:52,025 [pool-59-thread-1] WARN  impl.MetricRegistriesImpl (MetricRegistriesImpl.java:lambda$create$1(61)) - First MetricRegistry has been created without registering reporters. You may need to call MetricRegistries.global().addReportRegistration(...) before.
2019-10-22 04:04:52,026 [pool-59-thread-1] WARN  impl.MetricRegistriesImpl (MetricRegistriesImpl.java:lambda$create$1(61)) - First MetricRegistry has been created without registering reporters. You may need to call MetricRegistries.global().addReportRegistration(...) before.
2019-10-22 04:04:52,026 [pool-59-thread-1] INFO  impl.RaftServerImpl (RaftServerImpl.java:start(184)) - 517ee13d-f3a9-4e94-8f9c-24462d11aaf8@group-D608E874BC66: start as a follower, conf=-1: [517ee13d-f3a9-4e94-8f9c-24462d11aaf8:192.168.69.98:44514], old=null
2019-10-22 04:04:52,026 [pool-59-thread-1] INFO  impl.RaftServerImpl (RaftServerImpl.java:setRole(173)) - 517ee13d-f3a9-4e94-8f9c-24462d11aaf8@group-D608E874BC66: changes role from      null to FOLLOWER at term 0 for startAsFollower
2019-10-22 04:04:52,026 [pool-59-thread-1] INFO  impl.RoleInfo (RoleInfo.java:updateAndGet(143)) - 517ee13d-f3a9-4e94-8f9c-24462d11aaf8: start FollowerState
2019-10-22 04:04:52,027 [pool-59-thread-1] INFO  util.JmxRegister (JmxRegister.java:tryRegister(44)) - Successfully registered JMX Bean with object name Ratis:service=RaftServer,group=group-D608E874BC66,id=517ee13d-f3a9-4e94-8f9c-24462d11aaf8
2019-10-22 04:04:52,027 [pool-59-thread-1] WARN  impl.MetricRegistriesImpl (MetricRegistriesImpl.java:lambda$create$1(61)) - First MetricRegistry has been created without registering reporters. You may need to call MetricRegistries.global().addReportRegistration(...) before.
2019-10-22 04:04:52,034 [RatisPipelineUtilsThread] INFO  pipeline.PipelineStateManager (PipelineStateManager.java:addPipeline(56)) - Created pipeline Pipeline[ Id: b3b1bbcc-5471-47f4-9f0a-d608e874bc66, Nodes: 517ee13d-f3a9-4e94-8f9c-24462d11aaf8{ip: 192.168.69.98, host: trunk-nightly-20191022-cthwk-1142398527, networkLocation: /default-rack, certSerialId: null}, Type:RATIS, Factor:ONE, State:OPEN]
2019-10-22 04:04:52,051 [grpc-default-executor-3] INFO  impl.RaftServerProxy (RaftServerProxy.java:addNew(89)) - 38001277-610a-4ad8-827c-4fb892f595e9: addNew group-C849241DA7C5:[517ee13d-f3a9-4e94-8f9c-24462d11aaf8:192.168.69.98:44514, 461aecd4-5005-4e8b-8510-a2b0fc408338:192.168.69.98:41544, 38001277-610a-4ad8-827c-4fb892f595e9:192.168.69.98:40079] returns group-C849241DA7C5:java.util.concurrent.CompletableFuture@66a78ecf[Not completed]
2019-10-22 04:04:52,052 [grpc-default-executor-0] INFO  impl.RaftServerProxy (RaftServerProxy.java:addNew(89)) - 461aecd4-5005-4e8b-8510-a2b0fc408338: addNew group-C849241DA7C5:[517ee13d-f3a9-4e94-8f9c-24462d11aaf8:192.168.69.98:44514, 461aecd4-5005-4e8b-8510-a2b0fc408338:192.168.69.98:41544, 38001277-610a-4ad8-827c-4fb892f595e9:192.168.69.98:40079] returns group-C849241DA7C5:java.util.concurrent.CompletableFuture@4a737627[Not completed]
2019-10-22 04:04:52,053 [grpc-default-executor-3] INFO  impl.RaftServerProxy (RaftServerProxy.java:addNew(89)) - 517ee13d-f3a9-4e94-8f9c-24462d11aaf8: addNew group-C849241DA7C5:[517ee13d-f3a9-4e94-8f9c-24462d11aaf8:192.168.69.98:44514, 461aecd4-5005-4e8b-8510-a2b0fc408338:192.168.69.98:41544, 38001277-610a-4ad8-827c-4fb892f595e9:192.168.69.98:40079] returns group-C849241DA7C5:java.util.concurrent.CompletableFuture@14a04f4c[Not completed]
2019-10-22 04:04:52,054 [pool-27-thread-1] INFO  impl.RaftServerImpl (RaftServerImpl.java:<init>(98)) - 38001277-610a-4ad8-827c-4fb892f595e9: new RaftServerImpl for group-C849241DA7C5:[517ee13d-f3a9-4e94-8f9c-24462d11aaf8:192.168.69.98:44514, 461aecd4-5005-4e8b-8510-a2b0fc408338:192.168.69.98:41544, 38001277-610a-4ad8-827c-4fb892f595e9:192.168.69.98:40079] with ContainerStateMachine:uninitialized
2019-10-22 04:04:52,054 [pool-27-thread-1] INFO  server.RaftServerConfigKeys (ConfUtils.java:logGet(43)) - raft.server.rpc.timeout.min = 5s (custom)
2019-10-22 04:04:52,054 [pool-27-thread-1] INFO  server.RaftServerConfigKeys (ConfUtils.java:logGet(43)) - raft.server.rpc.timeout.max = 5200ms (custom)
2019-10-22 04:04:52,054 [pool-27-thread-1] INFO  server.RaftServerConfigKeys (ConfUtils.java:logGet(43)) - raft.server.rpcslowness.timeout = 1000s (custom)
2019-10-22 04:04:52,054 [pool-27-thread-1] INFO  server.RaftServerConfigKeys (ConfUtils.java:logGet(43)) - raft.server.sleep.deviation.threshold = 300 (default)
2019-10-22 04:04:52,054 [pool-27-thread-1] INFO  server.RaftServerConfigKeys (ConfUtils.java:logGet(43)) - raft.server.log.appender.install.snapshot.enabled = false (custom)
2019-10-22 04:04:52,054 [pool-27-thread-1] INFO  impl.RaftServerImpl (ServerState.java:<init>(103)) - 38001277-610a-4ad8-827c-4fb892f595e9@group-C849241DA7C5: ConfigurationManager, init=-1: [517ee13d-f3a9-4e94-8f9c-24462d11aaf8:192.168.69.98:44514, 461aecd4-5005-4e8b-8510-a2b0fc408338:192.168.69.98:41544, 38001277-610a-4ad8-827c-4fb892f595e9:192.168.69.98:40079], old=null, confs=<EMPTY_MAP>
2019-10-22 04:04:52,055 [pool-27-thread-1] INFO  server.RaftServerConfigKeys (ConfUtils.java:logGet(43)) - raft.server.storage.dir = [/workdir/hadoop-ozone/integration-test/target/test-dir/MiniOzoneClusterImpl-0034b704-fef7-4bee-834c-071f1b1ecffb/datanode-0/data/ratis] (custom)
2019-10-22 04:04:52,055 [pool-59-thread-1] INFO  impl.RaftServerImpl (RaftServerImpl.java:<init>(98)) - 517ee13d-f3a9-4e94-8f9c-24462d11aaf8: new RaftServerImpl for group-C849241DA7C5:[517ee13d-f3a9-4e94-8f9c-24462d11aaf8:192.168.69.98:44514, 461aecd4-5005-4e8b-8510-a2b0fc408338:192.168.69.98:41544, 38001277-610a-4ad8-827c-4fb892f595e9:192.168.69.98:40079] with ContainerStateMachine:uninitialized
2019-10-22 04:04:52,055 [pool-27-thread-1] INFO  server.RaftServerConfigKeys (ConfUtils.java:logGet(43)) - raft.server.log.corruption.policy = EXCEPTION (default)
2019-10-22 04:04:52,055 [pool-59-thread-1] INFO  server.RaftServerConfigKeys (ConfUtils.java:logGet(43)) - raft.server.rpc.timeout.min = 5s (custom)
2019-10-22 04:04:52,055 [pool-27-thread-1] INFO  storage.RaftStorageDirectory (RaftStorageDirectory.java:analyzeStorage(246)) - The storage directory /workdir/hadoop-ozone/integration-test/target/test-dir/MiniOzoneClusterImpl-0034b704-fef7-4bee-834c-071f1b1ecffb/datanode-0/data/ratis/a6b7e19e-f281-4d85-9653-c849241da7c5 does not exist. Creating ...
2019-10-22 04:04:52,055 [pool-59-thread-1] INFO  server.RaftServerConfigKeys (ConfUtils.java:logGet(43)) - raft.server.rpc.timeout.max = 5200ms (custom)
2019-10-22 04:04:52,055 [pool-59-thread-1] INFO  server.RaftServerConfigKeys (ConfUtils.java:logGet(43)) - raft.server.rpcslowness.timeout = 1000s (custom)
2019-10-22 04:04:52,055 [pool-47-thread-1] INFO  impl.RaftServerImpl (RaftServerImpl.java:<init>(98)) - 461aecd4-5005-4e8b-8510-a2b0fc408338: new RaftServerImpl for group-C849241DA7C5:[517ee13d-f3a9-4e94-8f9c-24462d11aaf8:192.168.69.98:44514, 461aecd4-5005-4e8b-8510-a2b0fc408338:192.168.69.98:41544, 38001277-610a-4ad8-827c-4fb892f595e9:192.168.69.98:40079] with ContainerStateMachine:uninitialized
2019-10-22 04:04:52,055 [pool-59-thread-1] INFO  server.RaftServerConfigKeys (ConfUtils.java:logGet(43)) - raft.server.sleep.deviation.threshold = 300 (default)
2019-10-22 04:04:52,056 [pool-47-thread-1] INFO  server.RaftServerConfigKeys (ConfUtils.java:logGet(43)) - raft.server.rpc.timeout.min = 5s (custom)
2019-10-22 04:04:52,056 [pool-59-thread-1] INFO  server.RaftServerConfigKeys (ConfUtils.java:logGet(43)) - raft.server.log.appender.install.snapshot.enabled = false (custom)
2019-10-22 04:04:52,056 [pool-47-thread-1] INFO  server.RaftServerConfigKeys (ConfUtils.java:logGet(43)) - raft.server.rpc.timeout.max = 5200ms (custom)
2019-10-22 04:04:52,056 [pool-59-thread-1] INFO  impl.RaftServerImpl (ServerState.java:<init>(103)) - 517ee13d-f3a9-4e94-8f9c-24462d11aaf8@group-C849241DA7C5: ConfigurationManager, init=-1: [517ee13d-f3a9-4e94-8f9c-24462d11aaf8:192.168.69.98:44514, 461aecd4-5005-4e8b-8510-a2b0fc408338:192.168.69.98:41544, 38001277-610a-4ad8-827c-4fb892f595e9:192.168.69.98:40079], old=null, confs=<EMPTY_MAP>
2019-10-22 04:04:52,056 [pool-47-thread-1] INFO  server.RaftServerConfigKeys (ConfUtils.java:logGet(43)) - raft.server.rpcslowness.timeout = 1000s (custom)
2019-10-22 04:04:52,056 [pool-59-thread-1] INFO  server.RaftServerConfigKeys (ConfUtils.java:logGet(43)) - raft.server.storage.dir = [/workdir/hadoop-ozone/integration-test/target/test-dir/MiniOzoneClusterImpl-0034b704-fef7-4bee-834c-071f1b1ecffb/datanode-1/data/ratis] (custom)
2019-10-22 04:04:52,056 [pool-47-thread-1] INFO  server.RaftServerConfigKeys (ConfUtils.java:logGet(43)) - raft.server.sleep.deviation.threshold = 300 (default)
2019-10-22 04:04:52,056 [pool-47-thread-1] INFO  server.RaftServerConfigKeys (ConfUtils.java:logGet(43)) - raft.server.log.appender.install.snapshot.enabled = false (custom)
2019-10-22 04:04:52,056 [pool-47-thread-1] INFO  impl.RaftServerImpl (ServerState.java:<init>(103)) - 461aecd4-5005-4e8b-8510-a2b0fc408338@group-C849241DA7C5: ConfigurationManager, init=-1: [517ee13d-f3a9-4e94-8f9c-24462d11aaf8:192.168.69.98:44514, 461aecd4-5005-4e8b-8510-a2b0fc408338:192.168.69.98:41544, 38001277-610a-4ad8-827c-4fb892f595e9:192.168.69.98:40079], old=null, confs=<EMPTY_MAP>
2019-10-22 04:04:52,056 [pool-59-thread-1] INFO  server.RaftServerConfigKeys (ConfUtils.java:logGet(43)) - raft.server.log.corruption.policy = EXCEPTION (default)
2019-10-22 04:04:52,056 [pool-47-thread-1] INFO  server.RaftServerConfigKeys (ConfUtils.java:logGet(43)) - raft.server.storage.dir = [/workdir/hadoop-ozone/integration-test/target/test-dir/MiniOzoneClusterImpl-0034b704-fef7-4bee-834c-071f1b1ecffb/datanode-2/data/ratis] (custom)
2019-10-22 04:04:52,057 [pool-59-thread-1] INFO  storage.RaftStorageDirectory (RaftStorageDirectory.java:analyzeStorage(246)) - The storage directory /workdir/hadoop-ozone/integration-test/target/test-dir/MiniOzoneClusterImpl-0034b704-fef7-4bee-834c-071f1b1ecffb/datanode-1/data/ratis/a6b7e19e-f281-4d85-9653-c849241da7c5 does not exist. Creating ...
2019-10-22 04:04:52,057 [pool-47-thread-1] INFO  server.RaftServerConfigKeys (ConfUtils.java:logGet(43)) - raft.server.log.corruption.policy = EXCEPTION (default)
2019-10-22 04:04:52,057 [pool-47-thread-1] INFO  storage.RaftStorageDirectory (RaftStorageDirectory.java:analyzeStorage(246)) - The storage directory /workdir/hadoop-ozone/integration-test/target/test-dir/MiniOzoneClusterImpl-0034b704-fef7-4bee-834c-071f1b1ecffb/datanode-2/data/ratis/a6b7e19e-f281-4d85-9653-c849241da7c5 does not exist. Creating ...
2019-10-22 04:04:52,068 [pool-27-thread-1] INFO  storage.RaftStorageDirectory (RaftStorageDirectory.java:tryLock(328)) - Lock on /workdir/hadoop-ozone/integration-test/target/test-dir/MiniOzoneClusterImpl-0034b704-fef7-4bee-834c-071f1b1ecffb/datanode-0/data/ratis/a6b7e19e-f281-4d85-9653-c849241da7c5/in_use.lock acquired by nodename 13674@trunk-nightly-20191022-cthwk-1142398527
2019-10-22 04:04:52,068 [pool-59-thread-1] INFO  storage.RaftStorageDirectory (RaftStorageDirectory.java:tryLock(328)) - Lock on /workdir/hadoop-ozone/integration-test/target/test-dir/MiniOzoneClusterImpl-0034b704-fef7-4bee-834c-071f1b1ecffb/datanode-1/data/ratis/a6b7e19e-f281-4d85-9653-c849241da7c5/in_use.lock acquired by nodename 13674@trunk-nightly-20191022-cthwk-1142398527
2019-10-22 04:04:52,068 [pool-47-thread-1] INFO  storage.RaftStorageDirectory (RaftStorageDirectory.java:tryLock(328)) - Lock on /workdir/hadoop-ozone/integration-test/target/test-dir/MiniOzoneClusterImpl-0034b704-fef7-4bee-834c-071f1b1ecffb/datanode-2/data/ratis/a6b7e19e-f281-4d85-9653-c849241da7c5/in_use.lock acquired by nodename 13674@trunk-nightly-20191022-cthwk-1142398527
2019-10-22 04:04:52,082 [pool-47-thread-1] INFO  storage.RaftStorage (RaftStorage.java:format(84)) - Storage directory /workdir/hadoop-ozone/integration-test/target/test-dir/MiniOzoneClusterImpl-0034b704-fef7-4bee-834c-071f1b1ecffb/datanode-2/data/ratis/a6b7e19e-f281-4d85-9653-c849241da7c5 has been successfully formatted.
2019-10-22 04:04:52,082 [pool-59-thread-1] INFO  storage.RaftStorage (RaftStorage.java:format(84)) - Storage directory /workdir/hadoop-ozone/integration-test/target/test-dir/MiniOzoneClusterImpl-0034b704-fef7-4bee-834c-071f1b1ecffb/datanode-1/data/ratis/a6b7e19e-f281-4d85-9653-c849241da7c5 has been successfully formatted.
2019-10-22 04:04:52,082 [pool-47-thread-1] INFO  ratis.ContainerStateMachine (ContainerStateMachine.java:loadSnapshot(231)) - group-C849241DA7C5: The snapshot info is null. Setting the last applied indexto:(t:0, i:~)
2019-10-22 04:04:52,082 [pool-27-thread-1] INFO  storage.RaftStorage (RaftStorage.java:format(84)) - Storage directory /workdir/hadoop-ozone/integration-test/target/test-dir/MiniOzoneClusterImpl-0034b704-fef7-4bee-834c-071f1b1ecffb/datanode-0/data/ratis/a6b7e19e-f281-4d85-9653-c849241da7c5 has been successfully formatted.
2019-10-22 04:04:52,082 [pool-47-thread-1] INFO  server.RaftServerConfigKeys (ConfUtils.java:logGet(43)) - raft.server.notification.no-leader.timeout = 1000s (custom)
2019-10-22 04:04:52,083 [pool-59-thread-1] INFO  ratis.ContainerStateMachine (ContainerStateMachine.java:loadSnapshot(231)) - group-C849241DA7C5: The snapshot info is null. Setting the last applied indexto:(t:0, i:~)
2019-10-22 04:04:52,083 [pool-27-thread-1] INFO  ratis.ContainerStateMachine (ContainerStateMachine.java:loadSnapshot(231)) - group-C849241DA7C5: The snapshot info is null. Setting the last applied indexto:(t:0, i:~)
2019-10-22 04:04:52,083 [pool-47-thread-1] INFO  server.RaftServerConfigKeys (ConfUtils.java:logGet(43)) - raft.server.log.use.memory = false (default)
2019-10-22 04:04:52,083 [pool-27-thread-1] INFO  server.RaftServerConfigKeys (ConfUtils.java:logGet(43)) - raft.server.notification.no-leader.timeout = 1000s (custom)
2019-10-22 04:04:52,083 [pool-59-thread-1] INFO  server.RaftServerConfigKeys (ConfUtils.java:logGet(43)) - raft.server.notification.no-leader.timeout = 1000s (custom)
2019-10-22 04:04:52,083 [pool-27-thread-1] INFO  server.RaftServerConfigKeys (ConfUtils.java:logGet(43)) - raft.server.log.use.memory = false (default)
2019-10-22 04:04:52,083 [pool-47-thread-1] INFO  server.RaftServerConfigKeys (ConfUtils.java:logGet(43)) - raft.server.log.purge.gap = 1000000 (custom)
2019-10-22 04:04:52,083 [pool-27-thread-1] INFO  server.RaftServerConfigKeys (ConfUtils.java:logGet(43)) - raft.server.log.purge.gap = 1000000 (custom)
2019-10-22 04:04:52,083 [pool-59-thread-1] INFO  server.RaftServerConfigKeys (ConfUtils.java:logGet(43)) - raft.server.log.use.memory = false (default)
2019-10-22 04:04:52,083 [pool-27-thread-1] INFO  server.RaftServerConfigKeys (ConfUtils.java:logGet(43)) - raft.server.log.appender.buffer.byte-limit = 33554432 (custom)
2019-10-22 04:04:52,083 [pool-47-thread-1] INFO  server.RaftServerConfigKeys (ConfUtils.java:logGet(43)) - raft.server.log.appender.buffer.byte-limit = 33554432 (custom)
2019-10-22 04:04:52,084 [pool-59-thread-1] INFO  server.RaftServerConfigKeys (ConfUtils.java:logGet(43)) - raft.server.log.purge.gap = 1000000 (custom)
2019-10-22 04:04:52,084 [pool-27-thread-1] INFO  server.RaftServerConfigKeys (ConfUtils.java:logGet(43)) - raft.server.log.segment.size.max = 1048576 (custom)
2019-10-22 04:04:52,084 [pool-59-thread-1] INFO  server.RaftServerConfigKeys (ConfUtils.java:logGet(43)) - raft.server.log.appender.buffer.byte-limit = 33554432 (custom)
2019-10-22 04:04:52,084 [pool-47-thread-1] INFO  server.RaftServerConfigKeys (ConfUtils.java:logGet(43)) - raft.server.log.segment.size.max = 1048576 (custom)
2019-10-22 04:04:52,084 [pool-59-thread-1] INFO  server.RaftServerConfigKeys (ConfUtils.java:logGet(43)) - raft.server.log.segment.size.max = 1048576 (custom)
2019-10-22 04:04:52,084 [pool-27-thread-1] INFO  server.RaftServerConfigKeys (ConfUtils.java:logGet(43)) - raft.server.log.segment.cache.num.max = 2 (custom)
2019-10-22 04:04:52,084 [pool-59-thread-1] INFO  server.RaftServerConfigKeys (ConfUtils.java:logGet(43)) - raft.server.log.segment.cache.num.max = 2 (custom)
2019-10-22 04:04:52,084 [pool-47-thread-1] INFO  server.RaftServerConfigKeys (ConfUtils.java:logGet(43)) - raft.server.log.segment.cache.num.max = 2 (custom)
2019-10-22 04:04:52,085 [pool-59-thread-1] INFO  segmented.SegmentedRaftLogWorker (SegmentedRaftLogWorker.java:<init>(173)) - new 517ee13d-f3a9-4e94-8f9c-24462d11aaf8@group-C849241DA7C5-SegmentedRaftLogWorker for RaftStorage:Storage Directory /workdir/hadoop-ozone/integration-test/target/test-dir/MiniOzoneClusterImpl-0034b704-fef7-4bee-834c-071f1b1ecffb/datanode-1/data/ratis/a6b7e19e-f281-4d85-9653-c849241da7c5
2019-10-22 04:04:52,084 [pool-27-thread-1] INFO  segmented.SegmentedRaftLogWorker (SegmentedRaftLogWorker.java:<init>(173)) - new 38001277-610a-4ad8-827c-4fb892f595e9@group-C849241DA7C5-SegmentedRaftLogWorker for RaftStorage:Storage Directory /workdir/hadoop-ozone/integration-test/target/test-dir/MiniOzoneClusterImpl-0034b704-fef7-4bee-834c-071f1b1ecffb/datanode-0/data/ratis/a6b7e19e-f281-4d85-9653-c849241da7c5
2019-10-22 04:04:52,085 [pool-59-thread-1] INFO  server.RaftServerConfigKeys (ConfUtils.java:logGet(43)) - raft.server.log.queue.byte-limit = 2147483647 (custom)
2019-10-22 04:04:52,085 [pool-47-thread-1] INFO  segmented.SegmentedRaftLogWorker (SegmentedRaftLogWorker.java:<init>(173)) - new 461aecd4-5005-4e8b-8510-a2b0fc408338@group-C849241DA7C5-SegmentedRaftLogWorker for RaftStorage:Storage Directory /workdir/hadoop-ozone/integration-test/target/test-dir/MiniOzoneClusterImpl-0034b704-fef7-4bee-834c-071f1b1ecffb/datanode-2/data/ratis/a6b7e19e-f281-4d85-9653-c849241da7c5
2019-10-22 04:04:52,085 [pool-59-thread-1] INFO  server.RaftServerConfigKeys (ConfUtils.java:logGet(43)) - raft.server.log.queue.element-limit = 1024 (custom)
2019-10-22 04:04:52,085 [pool-27-thread-1] INFO  server.RaftServerConfigKeys (ConfUtils.java:logGet(43)) - raft.server.log.queue.byte-limit = 2147483647 (custom)
2019-10-22 04:04:52,085 [pool-59-thread-1] INFO  server.RaftServerConfigKeys (ConfUtils.java:logGet(43)) - raft.server.log.segment.size.max = 1048576 (custom)
2019-10-22 04:04:52,085 [pool-47-thread-1] INFO  server.RaftServerConfigKeys (ConfUtils.java:logGet(43)) - raft.server.log.queue.byte-limit = 2147483647 (custom)
2019-10-22 04:04:52,085 [pool-59-thread-1] INFO  server.RaftServerConfigKeys (ConfUtils.java:logGet(43)) - raft.server.log.preallocated.size = 16384 (custom)
2019-10-22 04:04:52,085 [pool-27-thread-1] INFO  server.RaftServerConfigKeys (ConfUtils.java:logGet(43)) - raft.server.log.queue.element-limit = 1024 (custom)
2019-10-22 04:04:52,086 [pool-59-thread-1] INFO  server.RaftServerConfigKeys (ConfUtils.java:logGet(43)) - raft.server.log.write.buffer.size = 33554432 (custom)
2019-10-22 04:04:52,085 [pool-47-thread-1] INFO  server.RaftServerConfigKeys (ConfUtils.java:logGet(43)) - raft.server.log.queue.element-limit = 1024 (custom)
2019-10-22 04:04:52,086 [pool-59-thread-1] INFO  server.RaftServerConfigKeys (ConfUtils.java:logGet(43)) - raft.server.log.force.sync.num = 128 (default)
2019-10-22 04:04:52,086 [pool-27-thread-1] INFO  server.RaftServerConfigKeys (ConfUtils.java:logGet(43)) - raft.server.log.segment.size.max = 1048576 (custom)
2019-10-22 04:04:52,086 [pool-59-thread-1] INFO  server.RaftServerConfigKeys (ConfUtils.java:logGet(43)) - raft.server.log.statemachine.data.sync = true (default)
2019-10-22 04:04:52,086 [pool-47-thread-1] INFO  server.RaftServerConfigKeys (ConfUtils.java:logGet(43)) - raft.server.log.segment.size.max = 1048576 (custom)
2019-10-22 04:04:52,086 [pool-59-thread-1] INFO  server.RaftServerConfigKeys (ConfUtils.java:logGet(43)) - raft.server.log.statemachine.data.sync.timeout = 10s (default)
2019-10-22 04:04:52,086 [pool-27-thread-1] INFO  server.RaftServerConfigKeys (ConfUtils.java:logGet(43)) - raft.server.log.preallocated.size = 16384 (custom)
2019-10-22 04:04:52,086 [pool-59-thread-1] INFO  server.RaftServerConfigKeys (ConfUtils.java:logGet(43)) - raft.server.log.statemachine.data.sync.timeout.retry = -1 (default)
2019-10-22 04:04:52,086 [pool-47-thread-1] INFO  server.RaftServerConfigKeys (ConfUtils.java:logGet(43)) - raft.server.log.preallocated.size = 16384 (custom)
2019-10-22 04:04:52,087 [pool-59-thread-1] INFO  server.RaftServerConfigKeys (ConfUtils.java:logGet(43)) - raft.server.log.statemachine.data.caching.enabled = true (custom)
2019-10-22 04:04:52,087 [pool-27-thread-1] INFO  server.RaftServerConfigKeys (ConfUtils.java:logGet(43)) - raft.server.log.write.buffer.size = 33554432 (custom)
2019-10-22 04:04:52,087 [pool-47-thread-1] INFO  server.RaftServerConfigKeys (ConfUtils.java:logGet(43)) - raft.server.log.write.buffer.size = 33554432 (custom)
2019-10-22 04:04:52,087 [pool-27-thread-1] INFO  server.RaftServerConfigKeys (ConfUtils.java:logGet(43)) - raft.server.log.force.sync.num = 128 (default)
2019-10-22 04:04:52,087 [pool-59-thread-1] INFO  segmented.SegmentedRaftLogWorker (SegmentedRaftLogWorker.java:lambda$new$0(128)) - 517ee13d-f3a9-4e94-8f9c-24462d11aaf8@group-C849241DA7C5-SegmentedRaftLogWorker: flushIndex: setUnconditionally 0 -> -1
2019-10-22 04:04:52,087 [pool-47-thread-1] INFO  server.RaftServerConfigKeys (ConfUtils.java:logGet(43)) - raft.server.log.force.sync.num = 128 (default)
2019-10-22 04:04:52,087 [pool-27-thread-1] INFO  server.RaftServerConfigKeys (ConfUtils.java:logGet(43)) - raft.server.log.statemachine.data.sync = true (default)
2019-10-22 04:04:52,088 [pool-59-thread-1] INFO  server.RaftServerConfigKeys (ConfUtils.java:logGet(43)) - raft.server.snapshot.auto.trigger.enabled = true (custom)
2019-10-22 04:04:52,088 [pool-47-thread-1] INFO  server.RaftServerConfigKeys (ConfUtils.java:logGet(43)) - raft.server.log.statemachine.data.sync = true (default)
2019-10-22 04:04:52,088 [pool-59-thread-1] INFO  server.RaftServerConfigKeys (ConfUtils.java:logGet(43)) - raft.server.snapshot.auto.trigger.threshold = 10000 (custom)
2019-10-22 04:04:52,088 [pool-27-thread-1] INFO  server.RaftServerConfigKeys (ConfUtils.java:logGet(43)) - raft.server.log.statemachine.data.sync.timeout = 10s (default)
2019-10-22 04:04:52,088 [pool-59-thread-1] INFO  server.RaftServerConfigKeys (ConfUtils.java:logGet(43)) - raft.server.snapshot.retention.file.num = 5 (custom)
2019-10-22 04:04:52,088 [pool-47-thread-1] INFO  server.RaftServerConfigKeys (ConfUtils.java:logGet(43)) - raft.server.log.statemachine.data.sync.timeout = 10s (default)
2019-10-22 04:04:52,088 [pool-59-thread-1] INFO  server.RaftServerConfigKeys (ConfUtils.java:logGet(43)) - raft.server.retrycache.expirytime = 600000ms (custom)
2019-10-22 04:04:52,088 [pool-27-thread-1] INFO  server.RaftServerConfigKeys (ConfUtils.java:logGet(43)) - raft.server.log.statemachine.data.sync.timeout.retry = -1 (default)
2019-10-22 04:04:52,088 [pool-59-thread-1] WARN  impl.MetricRegistriesImpl (MetricRegistriesImpl.java:lambda$create$1(61)) - First MetricRegistry has been created without registering reporters. You may need to call MetricRegistries.global().addReportRegistration(...) before.
2019-10-22 04:04:52,088 [pool-47-thread-1] INFO  server.RaftServerConfigKeys (ConfUtils.java:logGet(43)) - raft.server.log.statemachine.data.sync.timeout.retry = -1 (default)
2019-10-22 04:04:52,089 [pool-59-thread-1] WARN  impl.MetricRegistriesImpl (MetricRegistriesImpl.java:lambda$create$1(61)) - First MetricRegistry has been created without registering reporters. You may need to call MetricRegistries.global().addReportRegistration(...) before.
2019-10-22 04:04:52,089 [pool-27-thread-1] INFO  server.RaftServerConfigKeys (ConfUtils.java:logGet(43)) - raft.server.log.statemachine.data.caching.enabled = true (custom)
2019-10-22 04:04:52,089 [pool-47-thread-1] INFO  server.RaftServerConfigKeys (ConfUtils.java:logGet(43)) - raft.server.log.statemachine.data.caching.enabled = true (custom)
2019-10-22 04:04:52,089 [pool-59-thread-1] INFO  impl.RaftServerImpl (RaftServerImpl.java:start(184)) - 517ee13d-f3a9-4e94-8f9c-24462d11aaf8@group-C849241DA7C5: start as a follower, conf=-1: [517ee13d-f3a9-4e94-8f9c-24462d11aaf8:192.168.69.98:44514, 461aecd4-5005-4e8b-8510-a2b0fc408338:192.168.69.98:41544, 38001277-610a-4ad8-827c-4fb892f595e9:192.168.69.98:40079], old=null
2019-10-22 04:04:52,089 [pool-27-thread-1] INFO  segmented.SegmentedRaftLogWorker (SegmentedRaftLogWorker.java:lambda$new$0(128)) - 38001277-610a-4ad8-827c-4fb892f595e9@group-C849241DA7C5-SegmentedRaftLogWorker: flushIndex: setUnconditionally 0 -> -1
2019-10-22 04:04:52,089 [pool-59-thread-1] INFO  impl.RaftServerImpl (RaftServerImpl.java:setRole(173)) - 517ee13d-f3a9-4e94-8f9c-24462d11aaf8@group-C849241DA7C5: changes role from      null to FOLLOWER at term 0 for startAsFollower
2019-10-22 04:04:52,089 [pool-47-thread-1] INFO  segmented.SegmentedRaftLogWorker (SegmentedRaftLogWorker.java:lambda$new$0(128)) - 461aecd4-5005-4e8b-8510-a2b0fc408338@group-C849241DA7C5-SegmentedRaftLogWorker: flushIndex: setUnconditionally 0 -> -1
2019-10-22 04:04:52,089 [pool-59-thread-1] INFO  impl.RoleInfo (RoleInfo.java:updateAndGet(143)) - 517ee13d-f3a9-4e94-8f9c-24462d11aaf8: start FollowerState
2019-10-22 04:04:52,089 [pool-27-thread-1] INFO  server.RaftServerConfigKeys (ConfUtils.java:logGet(43)) - raft.server.snapshot.auto.trigger.enabled = true (custom)
2019-10-22 04:04:52,090 [pool-47-thread-1] INFO  server.RaftServerConfigKeys (ConfUtils.java:logGet(43)) - raft.server.snapshot.auto.trigger.enabled = true (custom)
2019-10-22 04:04:52,090 [pool-27-thread-1] INFO  server.RaftServerConfigKeys (ConfUtils.java:logGet(43)) - raft.server.snapshot.auto.trigger.threshold = 10000 (custom)
2019-10-22 04:04:52,090 [pool-47-thread-1] INFO  server.RaftServerConfigKeys (ConfUtils.java:logGet(43)) - raft.server.snapshot.auto.trigger.threshold = 10000 (custom)
2019-10-22 04:04:52,090 [pool-59-thread-1] INFO  util.JmxRegister (JmxRegister.java:tryRegister(44)) - Successfully registered JMX Bean with object name Ratis:service=RaftServer,group=group-C849241DA7C5,id=517ee13d-f3a9-4e94-8f9c-24462d11aaf8
2019-10-22 04:04:52,090 [pool-27-thread-1] INFO  server.RaftServerConfigKeys (ConfUtils.java:logGet(43)) - raft.server.snapshot.retention.file.num = 5 (custom)
2019-10-22 04:04:52,090 [pool-59-thread-1] WARN  impl.MetricRegistriesImpl (MetricRegistriesImpl.java:lambda$create$1(61)) - First MetricRegistry has been created without registering reporters. You may need to call MetricRegistries.global().addReportRegistration(...) before.
2019-10-22 04:04:52,090 [pool-47-thread-1] INFO  server.RaftServerConfigKeys (ConfUtils.java:logGet(43)) - raft.server.snapshot.retention.file.num = 5 (custom)
2019-10-22 04:04:52,090 [pool-27-thread-1] INFO  server.RaftServerConfigKeys (ConfUtils.java:logGet(43)) - raft.server.retrycache.expirytime = 600000ms (custom)
2019-10-22 04:04:52,091 [pool-47-thread-1] INFO  server.RaftServerConfigKeys (ConfUtils.java:logGet(43)) - raft.server.retrycache.expirytime = 600000ms (custom)
2019-10-22 04:04:52,091 [pool-27-thread-1] WARN  impl.MetricRegistriesImpl (MetricRegistriesImpl.java:lambda$create$1(61)) - First MetricRegistry has been created without registering reporters. You may need to call MetricRegistries.global().addReportRegistration(...) before.
2019-10-22 04:04:52,091 [pool-47-thread-1] WARN  impl.MetricRegistriesImpl (MetricRegistriesImpl.java:lambda$create$1(61)) - First MetricRegistry has been created without registering reporters. You may need to call MetricRegistries.global().addReportRegistration(...) before.
2019-10-22 04:04:52,091 [pool-27-thread-1] WARN  impl.MetricRegistriesImpl (MetricRegistriesImpl.java:lambda$create$1(61)) - First MetricRegistry has been created without registering reporters. You may need to call MetricRegistries.global().addReportRegistration(...) before.
2019-10-22 04:04:52,091 [pool-47-thread-1] WARN  impl.MetricRegistriesImpl (MetricRegistriesImpl.java:lambda$create$1(61)) - First MetricRegistry has been created without registering reporters. You may need to call MetricRegistries.global().addReportRegistration(...) before.
2019-10-22 04:04:52,091 [pool-27-thread-1] INFO  impl.RaftServerImpl (RaftServerImpl.java:start(184)) - 38001277-610a-4ad8-827c-4fb892f595e9@group-C849241DA7C5: start as a follower, conf=-1: [517ee13d-f3a9-4e94-8f9c-24462d11aaf8:192.168.69.98:44514, 461aecd4-5005-4e8b-8510-a2b0fc408338:192.168.69.98:41544, 38001277-610a-4ad8-827c-4fb892f595e9:192.168.69.98:40079], old=null
2019-10-22 04:04:52,091 [pool-47-thread-1] INFO  impl.RaftServerImpl (RaftServerImpl.java:start(184)) - 461aecd4-5005-4e8b-8510-a2b0fc408338@group-C849241DA7C5: start as a follower, conf=-1: [517ee13d-f3a9-4e94-8f9c-24462d11aaf8:192.168.69.98:44514, 461aecd4-5005-4e8b-8510-a2b0fc408338:192.168.69.98:41544, 38001277-610a-4ad8-827c-4fb892f595e9:192.168.69.98:40079], old=null
2019-10-22 04:04:52,091 [pool-27-thread-1] INFO  impl.RaftServerImpl (RaftServerImpl.java:setRole(173)) - 38001277-610a-4ad8-827c-4fb892f595e9@group-C849241DA7C5: changes role from      null to FOLLOWER at term 0 for startAsFollower
2019-10-22 04:04:52,091 [pool-47-thread-1] INFO  impl.RaftServerImpl (RaftServerImpl.java:setRole(173)) - 461aecd4-5005-4e8b-8510-a2b0fc408338@group-C849241DA7C5: changes role from      null to FOLLOWER at term 0 for startAsFollower
2019-10-22 04:04:52,091 [pool-27-thread-1] INFO  impl.RoleInfo (RoleInfo.java:updateAndGet(143)) - 38001277-610a-4ad8-827c-4fb892f595e9: start FollowerState
2019-10-22 04:04:52,091 [pool-47-thread-1] INFO  impl.RoleInfo (RoleInfo.java:updateAndGet(143)) - 461aecd4-5005-4e8b-8510-a2b0fc408338: start FollowerState
2019-10-22 04:04:52,093 [pool-27-thread-1] INFO  util.JmxRegister (JmxRegister.java:tryRegister(44)) - Successfully registered JMX Bean with object name Ratis:service=RaftServer,group=group-C849241DA7C5,id=38001277-610a-4ad8-827c-4fb892f595e9
2019-10-22 04:04:52,093 [pool-47-thread-1] INFO  util.JmxRegister (JmxRegister.java:tryRegister(44)) - Successfully registered JMX Bean with object name Ratis:service=RaftServer,group=group-C849241DA7C5,id=461aecd4-5005-4e8b-8510-a2b0fc408338
2019-10-22 04:04:52,093 [pool-27-thread-1] WARN  impl.MetricRegistriesImpl (MetricRegistriesImpl.java:lambda$create$1(61)) - First MetricRegistry has been created without registering reporters. You may need to call MetricRegistries.global().addReportRegistration(...) before.
2019-10-22 04:04:52,093 [pool-47-thread-1] WARN  impl.MetricRegistriesImpl (MetricRegistriesImpl.java:lambda$create$1(61)) - First MetricRegistry has been created without registering reporters. You may need to call MetricRegistries.global().addReportRegistration(...) before.
2019-10-22 04:04:52,104 [RatisPipelineUtilsThread] INFO  pipeline.PipelineStateManager (PipelineStateManager.java:addPipeline(56)) - Created pipeline Pipeline[ Id: a6b7e19e-f281-4d85-9653-c849241da7c5, Nodes: 461aecd4-5005-4e8b-8510-a2b0fc408338{ip: 192.168.69.98, host: trunk-nightly-20191022-cthwk-1142398527, networkLocation: /default-rack, certSerialId: null}38001277-610a-4ad8-827c-4fb892f595e9{ip: 192.168.69.98, host: trunk-nightly-20191022-cthwk-1142398527, networkLocation: /default-rack, certSerialId: null}517ee13d-f3a9-4e94-8f9c-24462d11aaf8{ip: 192.168.69.98, host: trunk-nightly-20191022-cthwk-1142398527, networkLocation: /default-rack, certSerialId: null}, Type:RATIS, Factor:THREE, State:OPEN]
2019-10-22 04:04:52,148 [pool-7-thread-3] INFO  commands.RetriableDatanodeEventWatcher (RetriableDatanodeEventWatcher.java:onTimeout(47)) - RetriableDatanodeCommand type=deleteBlocksCommand with id=1571717085142 timed out. Retrying.
2019-10-22 04:04:52,148 [pool-7-thread-5] INFO  commands.RetriableDatanodeEventWatcher (RetriableDatanodeEventWatcher.java:onTimeout(47)) - RetriableDatanodeCommand type=deleteBlocksCommand with id=1571717085143 timed out. Retrying.
2019-10-22 04:04:52,149 [pool-7-thread-5] INFO  commands.RetriableDatanodeEventWatcher (RetriableDatanodeEventWatcher.java:onTimeout(47)) - RetriableDatanodeCommand type=deleteBlocksCommand with id=1571717085146 timed out. Retrying.
2019-10-22 04:04:52,149 [pool-7-thread-2] INFO  commands.RetriableDatanodeEventWatcher (RetriableDatanodeEventWatcher.java:onTimeout(47)) - RetriableDatanodeCommand type=deleteBlocksCommand with id=1571717085139 timed out. Retrying.
2019-10-22 04:04:52,149 [pool-7-thread-4] INFO  commands.RetriableDatanodeEventWatcher (RetriableDatanodeEventWatcher.java:onTimeout(47)) - RetriableDatanodeCommand type=deleteBlocksCommand with id=1571717085145 timed out. Retrying.
2019-10-22 04:04:52,149 [pool-7-thread-3] INFO  commands.RetriableDatanodeEventWatcher (RetriableDatanodeEventWatcher.java:onTimeout(47)) - RetriableDatanodeCommand type=deleteBlocksCommand with id=1571717085144 timed out. Retrying.
2019-10-22 04:04:52,150 [pool-7-thread-1] INFO  commands.RetriableDatanodeEventWatcher (RetriableDatanodeEventWatcher.java:onTimeout(47)) - RetriableDatanodeCommand type=deleteBlocksCommand with id=1571717085141 timed out. Retrying.
2019-10-22 04:04:52,160 [SCMBlockDeletingService#1] INFO  block.SCMBlockDeletingService (SCMBlockDeletingService.java:call(184)) - Totally added 1 delete blocks command for 1 datanodes, task elapsed time: 1ms
2019-10-22 04:04:52,303 [EventQueue-PendingDeleteStatusForPendingDeleteHandler] INFO  block.SCMBlockDeletingService (SCMBlockDeletingService.java:handlePendingDeletes(115)) - Block deletion txnID mismatch in datanode 517ee13d-f3a9-4e94-8f9c-24462d11aaf8 for containerID 1. Datanode delete txnID: 0, SCM txnID: 1
2019-10-22 04:04:52,394 [BlockDeletingService#2] WARN  background.BlockDeletingService (BlockDeletingService.java:isDeletionAllowed(187)) - Close Container log Index 6 is not replicated across allthe servers in the pipeline e8ed9056-394a-4d1f-b72e-7a5790695fd8 as the min replicated index is 4. Deletion is not allowed in this container yet.
2019-10-22 04:04:52,394 [BlockDeletingService#2] WARN  background.BlockDeletingService (BlockDeletingService.java:isDeletionAllowed(187)) - Close Container log Index 6 is not replicated across allthe servers in the pipeline e8ed9056-394a-4d1f-b72e-7a5790695fd8 as the min replicated index is 4. Deletion is not allowed in this container yet.
2019-10-22 04:04:52,703 [EventQueue-PendingDeleteStatusForPendingDeleteHandler] INFO  block.SCMBlockDeletingService (SCMBlockDeletingService.java:handlePendingDeletes(115)) - Block deletion txnID mismatch in datanode 517ee13d-f3a9-4e94-8f9c-24462d11aaf8 for containerID 1. Datanode delete txnID: 0, SCM txnID: 1
2019-10-22 04:04:52,924 [Command processor thread] INFO  commandhandler.DeleteBlocksCommandHandler (DeleteBlocksCommandHandler.java:handle(106)) - Start to delete container blocks, TXIDs=[1(0)], numOfContainers=1, numOfBlocks=1
2019-10-22 04:04:52,925 [Command processor thread] INFO  commandhandler.DeleteBlocksCommandHandler (DeleteBlocksCommandHandler.java:handle(106)) - Start to delete container blocks, TXIDs=[1(2)], numOfContainers=1, numOfBlocks=1
2019-10-22 04:04:52,925 [Command processor thread] INFO  commandhandler.DeleteBlocksCommandHandler (DeleteBlocksCommandHandler.java:handle(106)) - Start to delete container blocks, TXIDs=[1(0)], numOfContainers=1, numOfBlocks=1
2019-10-22 04:04:52,925 [Command processor thread] INFO  commandhandler.DeleteBlocksCommandHandler (DeleteBlocksCommandHandler.java:handle(106)) - Start to delete container blocks, TXIDs=[1(4)], numOfContainers=1, numOfBlocks=1
2019-10-22 04:04:52,926 [Command processor thread] INFO  commandhandler.DeleteBlocksCommandHandler (DeleteBlocksCommandHandler.java:handle(106)) - Start to delete container blocks, TXIDs=[1(0)], numOfContainers=1, numOfBlocks=1
2019-10-22 04:04:52,926 [Command processor thread] INFO  commandhandler.DeleteBlocksCommandHandler (DeleteBlocksCommandHandler.java:handle(106)) - Start to delete container blocks, TXIDs=[1(2)], numOfContainers=1, numOfBlocks=1
2019-10-22 04:04:52,926 [Command processor thread] INFO  commandhandler.DeleteBlocksCommandHandler (DeleteBlocksCommandHandler.java:handle(106)) - Start to delete container blocks, TXIDs=[1(0)], numOfContainers=1, numOfBlocks=1
2019-10-22 04:04:52,927 [Command processor thread] INFO  commandhandler.DeleteBlocksCommandHandler (DeleteBlocksCommandHandler.java:handle(106)) - Start to delete container blocks, TXIDs=[1(4)], numOfContainers=1, numOfBlocks=1
2019-10-22 04:04:52,927 [Command processor thread] INFO  commandhandler.DeleteBlocksCommandHandler (DeleteBlocksCommandHandler.java:handle(106)) - Start to delete container blocks, TXIDs=[1(5)], numOfContainers=1, numOfBlocks=1
2019-10-22 04:04:52,927 [Command processor thread] INFO  commandhandler.DeleteBlocksCommandHandler (DeleteBlocksCommandHandler.java:handle(106)) - Start to delete container blocks, TXIDs=[1(2)], numOfContainers=1, numOfBlocks=1
2019-10-22 04:04:52,927 [Command processor thread] INFO  commandhandler.DeleteBlocksCommandHandler (DeleteBlocksCommandHandler.java:handle(106)) - Start to delete container blocks, TXIDs=[1(0)], numOfContainers=1, numOfBlocks=1
2019-10-22 04:04:52,928 [Command processor thread] INFO  commandhandler.DeleteBlocksCommandHandler (DeleteBlocksCommandHandler.java:handle(106)) - Start to delete container blocks, TXIDs=[1(5)], numOfContainers=1, numOfBlocks=1
2019-10-22 04:04:52,928 [Command processor thread] INFO  commandhandler.DeleteBlocksCommandHandler (DeleteBlocksCommandHandler.java:handle(106)) - Start to delete container blocks, TXIDs=[1(4)], numOfContainers=1, numOfBlocks=1
2019-10-22 04:04:52,928 [Command processor thread] INFO  commandhandler.DeleteBlocksCommandHandler (DeleteBlocksCommandHandler.java:handle(106)) - Start to delete container blocks, TXIDs=[1(2)], numOfContainers=1, numOfBlocks=1
2019-10-22 04:04:52,928 [Command processor thread] INFO  commandhandler.DeleteBlocksCommandHandler (DeleteBlocksCommandHandler.java:handle(106)) - Start to delete container blocks, TXIDs=[1(5)], numOfContainers=1, numOfBlocks=1
2019-10-22 04:04:52,929 [Command processor thread] INFO  commandhandler.DeleteBlocksCommandHandler (DeleteBlocksCommandHandler.java:handle(106)) - Start to delete container blocks, TXIDs=[1(4)], numOfContainers=1, numOfBlocks=1
2019-10-22 04:04:52,929 [Command processor thread] INFO  commandhandler.DeleteBlocksCommandHandler (DeleteBlocksCommandHandler.java:handle(106)) - Start to delete container blocks, TXIDs=[1(5)], numOfContainers=1, numOfBlocks=1
2019-10-22 04:04:52,929 [Command processor thread] INFO  commandhandler.DeleteBlocksCommandHandler (DeleteBlocksCommandHandler.java:handle(106)) - Start to delete container blocks, TXIDs=[1(5)], numOfContainers=1, numOfBlocks=1
2019-10-22 04:04:52,929 [Command processor thread] INFO  commandhandler.DeleteBlocksCommandHandler (DeleteBlocksCommandHandler.java:handle(106)) - Start to delete container blocks, TXIDs=[1(2)], numOfContainers=1, numOfBlocks=1
2019-10-22 04:04:52,930 [Command processor thread] INFO  commandhandler.DeleteBlocksCommandHandler (DeleteBlocksCommandHandler.java:handle(106)) - Start to delete container blocks, TXIDs=[1(5)], numOfContainers=1, numOfBlocks=1
2019-10-22 04:04:52,930 [Command processor thread] INFO  commandhandler.DeleteBlocksCommandHandler (DeleteBlocksCommandHandler.java:handle(106)) - Start to delete container blocks, TXIDs=[1(0)], numOfContainers=1, numOfBlocks=1
2019-10-22 04:04:52,930 [Command processor thread] INFO  commandhandler.DeleteBlocksCommandHandler (DeleteBlocksCommandHandler.java:handle(106)) - Start to delete container blocks, TXIDs=[1(4)], numOfContainers=1, numOfBlocks=1
2019-10-22 04:04:52,930 [Command processor thread] INFO  commandhandler.DeleteBlocksCommandHandler (DeleteBlocksCommandHandler.java:handle(106)) - Start to delete container blocks, TXIDs=[1(5)], numOfContainers=1, numOfBlocks=1
2019-10-22 04:04:52,931 [Command processor thread] INFO  commandhandler.DeleteBlocksCommandHandler (DeleteBlocksCommandHandler.java:handle(106)) - Start to delete container blocks, TXIDs=[1(5)], numOfContainers=1, numOfBlocks=1
2019-10-22 04:04:52,931 [Command processor thread] INFO  commandhandler.DeleteBlocksCommandHandler (DeleteBlocksCommandHandler.java:handle(106)) - Start to delete container blocks, TXIDs=[1(2)], numOfContainers=1, numOfBlocks=1
2019-10-22 04:04:52,931 [Command processor thread] INFO  commandhandler.DeleteBlocksCommandHandler (DeleteBlocksCommandHandler.java:handle(106)) - Start to delete container blocks, TXIDs=[1(5)], numOfContainers=1, numOfBlocks=1
2019-10-22 04:04:52,931 [Command processor thread] INFO  commandhandler.DeleteBlocksCommandHandler (DeleteBlocksCommandHandler.java:handle(106)) - Start to delete container blocks, TXIDs=[1(5)], numOfContainers=1, numOfBlocks=1
2019-10-22 04:04:52,932 [Command processor thread] INFO  commandhandler.DeleteBlocksCommandHandler (DeleteBlocksCommandHandler.java:handle(106)) - Start to delete container blocks, TXIDs=[1(0)], numOfContainers=1, numOfBlocks=1
2019-10-22 04:04:52,932 [Command processor thread] INFO  commandhandler.DeleteBlocksCommandHandler (DeleteBlocksCommandHandler.java:handle(106)) - Start to delete container blocks, TXIDs=[1(4)], numOfContainers=1, numOfBlocks=1
2019-10-22 04:04:52,932 [Command processor thread] INFO  commandhandler.DeleteBlocksCommandHandler (DeleteBlocksCommandHandler.java:handle(106)) - Start to delete container blocks, TXIDs=[1(5)], numOfContainers=1, numOfBlocks=1
2019-10-22 04:04:52,932 [Command processor thread] INFO  commandhandler.DeleteBlocksCommandHandler (DeleteBlocksCommandHandler.java:handle(106)) - Start to delete container blocks, TXIDs=[1(5)], numOfContainers=1, numOfBlocks=1
2019-10-22 04:04:52,933 [Command processor thread] INFO  commandhandler.DeleteBlocksCommandHandler (DeleteBlocksCommandHandler.java:handle(106)) - Start to delete container blocks, TXIDs=[1(0)], numOfContainers=1, numOfBlocks=1
2019-10-22 04:04:52,933 [Command processor thread] INFO  commandhandler.DeleteBlocksCommandHandler (DeleteBlocksCommandHandler.java:handle(106)) - Start to delete container blocks, TXIDs=[1(5)], numOfContainers=1, numOfBlocks=1
2019-10-22 04:04:52,933 [Command processor thread] INFO  commandhandler.DeleteBlocksCommandHandler (DeleteBlocksCommandHandler.java:handle(106)) - Start to delete container blocks, TXIDs=[1(5)], numOfContainers=1, numOfBlocks=1
2019-10-22 04:04:52,933 [Command processor thread] INFO  commandhandler.DeleteBlocksCommandHandler (DeleteBlocksCommandHandler.java:handle(106)) - Start to delete container blocks, TXIDs=[1(2)], numOfContainers=1, numOfBlocks=1
2019-10-22 04:04:52,934 [Command processor thread] INFO  commandhandler.DeleteBlocksCommandHandler (DeleteBlocksCommandHandler.java:handle(106)) - Start to delete container blocks, TXIDs=[1(33)], numOfContainers=1, numOfBlocks=1
2019-10-22 04:04:53,002 [Thread-548] INFO  impl.FollowerState (FollowerState.java:run(111)) - 517ee13d-f3a9-4e94-8f9c-24462d11aaf8@group-2B6030C5EC28-FollowerState: change to CANDIDATE, lastRpcTime:5085ms, electionTimeout:5085ms
2019-10-22 04:04:53,003 [Thread-548] INFO  impl.RoleInfo (RoleInfo.java:shutdownFollowerState(121)) - 517ee13d-f3a9-4e94-8f9c-24462d11aaf8: shutdown FollowerState
2019-10-22 04:04:53,003 [Thread-548] INFO  impl.RaftServerImpl (RaftServerImpl.java:setRole(173)) - 517ee13d-f3a9-4e94-8f9c-24462d11aaf8@group-2B6030C5EC28: changes role from  FOLLOWER to CANDIDATE at term 1 for changeToCandidate
2019-10-22 04:04:53,003 [Thread-548] INFO  impl.RoleInfo (RoleInfo.java:updateAndGet(143)) - 517ee13d-f3a9-4e94-8f9c-24462d11aaf8: start LeaderElection
2019-10-22 04:04:53,019 [517ee13d-f3a9-4e94-8f9c-24462d11aaf8@group-2B6030C5EC28-LeaderElection5] INFO  impl.LeaderElection (LeaderElection.java:askForVotes(178)) - 517ee13d-f3a9-4e94-8f9c-24462d11aaf8@group-2B6030C5EC28-LeaderElection5: begin an election at term 2 for 0: [517ee13d-f3a9-4e94-8f9c-24462d11aaf8:192.168.69.98:44514], old=null
2019-10-22 04:04:53,020 [517ee13d-f3a9-4e94-8f9c-24462d11aaf8@group-2B6030C5EC28-LeaderElection5] INFO  impl.RoleInfo (RoleInfo.java:shutdownLeaderElection(134)) - 517ee13d-f3a9-4e94-8f9c-24462d11aaf8: shutdown LeaderElection
2019-10-22 04:04:53,020 [517ee13d-f3a9-4e94-8f9c-24462d11aaf8@group-2B6030C5EC28-LeaderElection5] INFO  impl.RaftServerImpl (RaftServerImpl.java:setRole(173)) - 517ee13d-f3a9-4e94-8f9c-24462d11aaf8@group-2B6030C5EC28: changes role from CANDIDATE to LEADER at term 2 for changeToLeader
2019-10-22 04:04:53,020 [517ee13d-f3a9-4e94-8f9c-24462d11aaf8@group-2B6030C5EC28-LeaderElection5] INFO  impl.RaftServerImpl (ServerState.java:setLeader(255)) - 517ee13d-f3a9-4e94-8f9c-24462d11aaf8@group-2B6030C5EC28: change Leader from null to 517ee13d-f3a9-4e94-8f9c-24462d11aaf8 at term 2 for becomeLeader, leader elected after 7172ms
2019-10-22 04:04:53,020 [517ee13d-f3a9-4e94-8f9c-24462d11aaf8@group-2B6030C5EC28-LeaderElection5] INFO  server.RaftServerConfigKeys (ConfUtils.java:logGet(43)) - raft.server.staging.catchup.gap = 1000 (default)
2019-10-22 04:04:53,020 [517ee13d-f3a9-4e94-8f9c-24462d11aaf8@group-2B6030C5EC28-LeaderElection5] INFO  server.RaftServerConfigKeys (ConfUtils.java:logGet(43)) - raft.server.rpc.sleep.time = 25ms (default)
2019-10-22 04:04:53,021 [517ee13d-f3a9-4e94-8f9c-24462d11aaf8@group-2B6030C5EC28-LeaderElection5] INFO  server.RaftServerConfigKeys (ConfUtils.java:logGet(43)) - raft.server.write.element-limit = 4096 (default)
2019-10-22 04:04:53,021 [517ee13d-f3a9-4e94-8f9c-24462d11aaf8@group-2B6030C5EC28-LeaderElection5] INFO  server.RaftServerConfigKeys (ConfUtils.java:logGet(43)) - raft.server.watch.timeout = 10s (default)
2019-10-22 04:04:53,021 [517ee13d-f3a9-4e94-8f9c-24462d11aaf8@group-2B6030C5EC28-LeaderElection5] INFO  server.RaftServerConfigKeys (ConfUtils.java:logGet(43)) - raft.server.watch.timeout.denomination = 1s (default)
2019-10-22 04:04:53,021 [517ee13d-f3a9-4e94-8f9c-24462d11aaf8@group-2B6030C5EC28-LeaderElection5] INFO  server.RaftServerConfigKeys (ConfUtils.java:logGet(43)) - raft.server.watch.element-limit = 65536 (default)
2019-10-22 04:04:53,022 [517ee13d-f3a9-4e94-8f9c-24462d11aaf8@group-2B6030C5EC28-LeaderElection5] INFO  impl.RoleInfo (RoleInfo.java:updateAndGet(143)) - 517ee13d-f3a9-4e94-8f9c-24462d11aaf8: start LeaderState
2019-10-22 04:04:53,023 [517ee13d-f3a9-4e94-8f9c-24462d11aaf8@group-2B6030C5EC28-LeaderElection5] INFO  segmented.SegmentedRaftLogWorker (SegmentedRaftLogWorker.java:rollLogSegment(390)) - 517ee13d-f3a9-4e94-8f9c-24462d11aaf8@group-2B6030C5EC28-SegmentedRaftLogWorker: Rolling segment log-0_0 to index:0
2019-10-22 04:04:53,027 [517ee13d-f3a9-4e94-8f9c-24462d11aaf8@group-2B6030C5EC28-SegmentedRaftLogWorker] INFO  segmented.SegmentedRaftLogWorker (SegmentedRaftLogWorker.java:execute(533)) - 517ee13d-f3a9-4e94-8f9c-24462d11aaf8@group-2B6030C5EC28-SegmentedRaftLogWorker: Rolled log segment from /workdir/hadoop-ozone/integration-test/target/test-dir/MiniOzoneClusterImpl-0034b704-fef7-4bee-834c-071f1b1ecffb/datanode-1/data/ratis/320f392d-ce52-4c17-913e-2b6030c5ec28/current/log_inprogress_0 to /workdir/hadoop-ozone/integration-test/target/test-dir/MiniOzoneClusterImpl-0034b704-fef7-4bee-834c-071f1b1ecffb/datanode-1/data/ratis/320f392d-ce52-4c17-913e-2b6030c5ec28/current/log_0-0
2019-10-22 04:04:53,028 [517ee13d-f3a9-4e94-8f9c-24462d11aaf8@group-2B6030C5EC28-LeaderElection5] INFO  impl.RaftServerImpl (ServerState.java:setRaftConf(356)) - 517ee13d-f3a9-4e94-8f9c-24462d11aaf8@group-2B6030C5EC28: set configuration 1: [517ee13d-f3a9-4e94-8f9c-24462d11aaf8:192.168.69.98:44514], old=null at 1
2019-10-22 04:04:53,061 [517ee13d-f3a9-4e94-8f9c-24462d11aaf8@group-2B6030C5EC28-SegmentedRaftLogWorker] INFO  segmented.SegmentedRaftLogWorker (SegmentedRaftLogWorker.java:execute(576)) - 517ee13d-f3a9-4e94-8f9c-24462d11aaf8@group-2B6030C5EC28-SegmentedRaftLogWorker: created new log segment /workdir/hadoop-ozone/integration-test/target/test-dir/MiniOzoneClusterImpl-0034b704-fef7-4bee-834c-071f1b1ecffb/datanode-1/data/ratis/320f392d-ce52-4c17-913e-2b6030c5ec28/current/log_inprogress_1
2019-10-22 04:04:53,100 [Thread-547] INFO  impl.FollowerState (FollowerState.java:run(111)) - 517ee13d-f3a9-4e94-8f9c-24462d11aaf8@group-7A5790695FD8-FollowerState: change to CANDIDATE, lastRpcTime:5183ms, electionTimeout:5183ms
2019-10-22 04:04:53,100 [Thread-547] INFO  impl.RoleInfo (RoleInfo.java:shutdownFollowerState(121)) - 517ee13d-f3a9-4e94-8f9c-24462d11aaf8: shutdown FollowerState
2019-10-22 04:04:53,100 [Thread-547] INFO  impl.RaftServerImpl (RaftServerImpl.java:setRole(173)) - 517ee13d-f3a9-4e94-8f9c-24462d11aaf8@group-7A5790695FD8: changes role from  FOLLOWER to CANDIDATE at term 1 for changeToCandidate
2019-10-22 04:04:53,100 [Thread-547] INFO  impl.RoleInfo (RoleInfo.java:updateAndGet(143)) - 517ee13d-f3a9-4e94-8f9c-24462d11aaf8: start LeaderElection
2019-10-22 04:04:53,116 [517ee13d-f3a9-4e94-8f9c-24462d11aaf8@group-7A5790695FD8-LeaderElection6] INFO  impl.LeaderElection (LeaderElection.java:askForVotes(178)) - 517ee13d-f3a9-4e94-8f9c-24462d11aaf8@group-7A5790695FD8-LeaderElection6: begin an election at term 2 for 0: [517ee13d-f3a9-4e94-8f9c-24462d11aaf8:192.168.69.98:44514, 461aecd4-5005-4e8b-8510-a2b0fc408338:192.168.69.98:41544, 38001277-610a-4ad8-827c-4fb892f595e9:192.168.69.98:40079], old=null
2019-10-22 04:04:53,129 [EventQueue-DeleteBlockStatusForDeletedBlockLogImpl] WARN  block.DeletedBlockLogImpl (DeletedBlockLogImpl.java:commitTransactions(205)) - Transaction txId=1 commit by dnId=517ee13d-f3a9-4e94-8f9c-24462d11aaf8 for containerID=#1 failed. Corresponding entry not found.
2019-10-22 04:04:53,130 [EventQueue-DeleteBlockStatusForDeletedBlockLogImpl] WARN  block.DeletedBlockLogImpl (DeletedBlockLogImpl.java:commitTransactions(205)) - Transaction txId=1 commit by dnId=517ee13d-f3a9-4e94-8f9c-24462d11aaf8 for containerID=#1 failed. Corresponding entry not found.
2019-10-22 04:04:53,130 [EventQueue-DeleteBlockStatusForDeletedBlockLogImpl] WARN  block.DeletedBlockLogImpl (DeletedBlockLogImpl.java:commitTransactions(205)) - Transaction txId=1 commit by dnId=517ee13d-f3a9-4e94-8f9c-24462d11aaf8 for containerID=#1 failed. Corresponding entry not found.
2019-10-22 04:04:53,130 [grpc-default-executor-0] INFO  impl.RaftServerImpl (ServerState.java:setLeader(255)) - 461aecd4-5005-4e8b-8510-a2b0fc408338@group-7A5790695FD8: change Leader from 461aecd4-5005-4e8b-8510-a2b0fc408338 to null at term 2 for updateCurrentTerm
2019-10-22 04:04:53,130 [EventQueue-DeleteBlockStatusForDeletedBlockLogImpl] WARN  block.DeletedBlockLogImpl (DeletedBlockLogImpl.java:commitTransactions(205)) - Transaction txId=1 commit by dnId=517ee13d-f3a9-4e94-8f9c-24462d11aaf8 for containerID=#1 failed. Corresponding entry not found.
2019-10-22 04:04:53,130 [grpc-default-executor-3] INFO  impl.RaftServerImpl (ServerState.java:setLeader(255)) - 38001277-610a-4ad8-827c-4fb892f595e9@group-7A5790695FD8: change Leader from 461aecd4-5005-4e8b-8510-a2b0fc408338 to null at term 2 for updateCurrentTerm
2019-10-22 04:04:53,131 [EventQueue-DeleteBlockStatusForDeletedBlockLogImpl] WARN  block.DeletedBlockLogImpl (DeletedBlockLogImpl.java:commitTransactions(205)) - Transaction txId=1 commit by dnId=517ee13d-f3a9-4e94-8f9c-24462d11aaf8 for containerID=#1 failed. Corresponding entry not found.
2019-10-22 04:04:53,131 [grpc-default-executor-0] INFO  impl.RaftServerImpl (RaftServerImpl.java:setRole(173)) - 461aecd4-5005-4e8b-8510-a2b0fc408338@group-7A5790695FD8: changes role from    LEADER to FOLLOWER at term 2 for recognizeCandidate:517ee13d-f3a9-4e94-8f9c-24462d11aaf8
2019-10-22 04:04:53,131 [EventQueue-DeleteBlockStatusForDeletedBlockLogImpl] WARN  block.DeletedBlockLogImpl (DeletedBlockLogImpl.java:commitTransactions(205)) - Transaction txId=1 commit by dnId=517ee13d-f3a9-4e94-8f9c-24462d11aaf8 for containerID=#1 failed. Corresponding entry not found.
2019-10-22 04:04:53,131 [grpc-default-executor-3] INFO  impl.RaftServerImpl (RaftServerImpl.java:setRole(173)) - 38001277-610a-4ad8-827c-4fb892f595e9@group-7A5790695FD8: changes role from  FOLLOWER to FOLLOWER at term 2 for recognizeCandidate:517ee13d-f3a9-4e94-8f9c-24462d11aaf8
2019-10-22 04:04:53,131 [EventQueue-DeleteBlockStatusForDeletedBlockLogImpl] WARN  block.DeletedBlockLogImpl (DeletedBlockLogImpl.java:commitTransactions(205)) - Transaction txId=1 commit by dnId=517ee13d-f3a9-4e94-8f9c-24462d11aaf8 for containerID=#1 failed. Corresponding entry not found.
2019-10-22 04:04:53,131 [grpc-default-executor-0] INFO  impl.RoleInfo (RoleInfo.java:shutdownLeaderState(104)) - 461aecd4-5005-4e8b-8510-a2b0fc408338: shutdown LeaderState
2019-10-22 04:04:53,131 [grpc-default-executor-3] INFO  impl.RoleInfo (RoleInfo.java:shutdownFollowerState(121)) - 38001277-610a-4ad8-827c-4fb892f595e9: shutdown FollowerState
2019-10-22 04:04:53,133 [grpc-default-executor-3] INFO  impl.RoleInfo (RoleInfo.java:updateAndGet(143)) - 38001277-610a-4ad8-827c-4fb892f595e9: start FollowerState
2019-10-22 04:04:53,134 [org.apache.ratis.server.impl.LogAppender$AppenderDaemon$$Lambda$535/136285769@484c1c83] WARN  server.GrpcLogAppender (GrpcLogAppender.java:mayWait(149)) - 461aecd4-5005-4e8b-8510-a2b0fc408338@group-7A5790695FD8->517ee13d-f3a9-4e94-8f9c-24462d11aaf8-GrpcLogAppender: Wait interrupted by java.lang.InterruptedException
2019-10-22 04:04:53,133 [grpc-default-executor-0] INFO  impl.PendingRequests (PendingRequests.java:sendNotLeaderResponses(206)) - 461aecd4-5005-4e8b-8510-a2b0fc408338@group-7A5790695FD8-PendingRequests: sendNotLeaderResponses
2019-10-22 04:04:53,134 [Thread-239] INFO  impl.FollowerState (FollowerState.java:run(120)) - 38001277-610a-4ad8-827c-4fb892f595e9@group-7A5790695FD8-FollowerState was interrupted: java.lang.InterruptedException: sleep interrupted
2019-10-22 04:04:53,134 [org.apache.ratis.server.impl.LogAppender$AppenderDaemon$$Lambda$535/136285769@fe38fc4] WARN  server.GrpcLogAppender (GrpcLogAppender.java:mayWait(149)) - 461aecd4-5005-4e8b-8510-a2b0fc408338@group-7A5790695FD8->38001277-610a-4ad8-827c-4fb892f595e9-GrpcLogAppender: Wait interrupted by java.lang.InterruptedException
2019-10-22 04:04:53,138 [Thread-588] INFO  client.GrpcClientProtocolService (GrpcClientProtocolService.java:lambda$processClientRequest$0(279)) - Failed RaftClientRequest:client-8579CCF1DDA8->461aecd4-5005-4e8b-8510-a2b0fc408338@group-7A5790695FD8, cid=10, seq=0, Watch-ALL_COMMITTED(6), Message:<EMPTY>, reply=RaftClientReply:client-8579CCF1DDA8->461aecd4-5005-4e8b-8510-a2b0fc408338@group-7A5790695FD8, cid=10, FAILED org.apache.ratis.protocol.NotLeaderException: Server 461aecd4-5005-4e8b-8510-a2b0fc408338@group-7A5790695FD8 is not the leader, logIndex=0, commits[461aecd4-5005-4e8b-8510-a2b0fc408338:c10, 517ee13d-f3a9-4e94-8f9c-24462d11aaf8:c4, 38001277-610a-4ad8-827c-4fb892f595e9:c10]
2019-10-22 04:04:53,138 [grpc-default-executor-0] INFO  impl.RoleInfo (RoleInfo.java:updateAndGet(143)) - 461aecd4-5005-4e8b-8510-a2b0fc408338: start FollowerState
2019-10-22 04:04:53,138 [grpc-default-executor-1] INFO  server.GrpcServerProtocolService (GrpcServerProtocolService.java:onCompleted(113)) - 38001277-610a-4ad8-827c-4fb892f595e9: Completed APPEND_ENTRIES, lastRequest: 461aecd4-5005-4e8b-8510-a2b0fc408338->38001277-610a-4ad8-827c-4fb892f595e9#54-t1, previous=(t:1, i:10), leaderCommit=10, initializing? false, entries: <empty>
2019-10-22 04:04:53,141 [grpc-default-executor-4] INFO  server.GrpcLogAppender (GrpcLogAppender.java:onCompleted(308)) - 461aecd4-5005-4e8b-8510-a2b0fc408338@group-7A5790695FD8->38001277-610a-4ad8-827c-4fb892f595e9-AppendLogResponseHandler: follower responses appendEntries COMPLETED
2019-10-22 04:04:53,144 [grpc-default-executor-4] INFO  impl.FollowerInfo (FollowerInfo.java:lambda$new$0(51)) - 461aecd4-5005-4e8b-8510-a2b0fc408338@group-7A5790695FD8->38001277-610a-4ad8-827c-4fb892f595e9: nextIndex: updateUnconditionally 11 -> 10
2019-10-22 04:04:53,155 [517ee13d-f3a9-4e94-8f9c-24462d11aaf8@group-7A5790695FD8-LeaderElection6] INFO  impl.LeaderElection (LeaderElection.java:logAndReturn(56)) - 517ee13d-f3a9-4e94-8f9c-24462d11aaf8@group-7A5790695FD8-LeaderElection6: Election REJECTED; received 2 response(s) [517ee13d-f3a9-4e94-8f9c-24462d11aaf8<-461aecd4-5005-4e8b-8510-a2b0fc408338#0:FAIL-t2, 517ee13d-f3a9-4e94-8f9c-24462d11aaf8<-38001277-610a-4ad8-827c-4fb892f595e9#0:FAIL-t2] and 0 exception(s); 517ee13d-f3a9-4e94-8f9c-24462d11aaf8@group-7A5790695FD8:t2, leader=null, voted=517ee13d-f3a9-4e94-8f9c-24462d11aaf8, raftlog=517ee13d-f3a9-4e94-8f9c-24462d11aaf8@group-7A5790695FD8-SegmentedRaftLog:OPENED:c3,f4,i4, conf=0: [517ee13d-f3a9-4e94-8f9c-24462d11aaf8:192.168.69.98:44514, 461aecd4-5005-4e8b-8510-a2b0fc408338:192.168.69.98:41544, 38001277-610a-4ad8-827c-4fb892f595e9:192.168.69.98:40079], old=null
2019-10-22 04:04:53,155 [517ee13d-f3a9-4e94-8f9c-24462d11aaf8@group-7A5790695FD8-LeaderElection6] INFO  impl.RaftServerImpl (RaftServerImpl.java:setRole(173)) - 517ee13d-f3a9-4e94-8f9c-24462d11aaf8@group-7A5790695FD8: changes role from CANDIDATE to FOLLOWER at term 2 for DISCOVERED_A_NEW_TERM
2019-10-22 04:04:53,156 [517ee13d-f3a9-4e94-8f9c-24462d11aaf8@group-7A5790695FD8-LeaderElection6] INFO  impl.RoleInfo (RoleInfo.java:shutdownLeaderElection(134)) - 517ee13d-f3a9-4e94-8f9c-24462d11aaf8: shutdown LeaderElection
2019-10-22 04:04:53,156 [517ee13d-f3a9-4e94-8f9c-24462d11aaf8@group-7A5790695FD8-LeaderElection6] INFO  impl.RoleInfo (RoleInfo.java:updateAndGet(143)) - 517ee13d-f3a9-4e94-8f9c-24462d11aaf8: start FollowerState
2019-10-22 04:04:53,168 [java.util.concurrent.ThreadPoolExecutor$Worker@2202d63d[State = -1, empty queue]] WARN  server.GrpcLogAppender (GrpcLogAppender.java:timeoutAppendRequest(209)) - 461aecd4-5005-4e8b-8510-a2b0fc408338@group-7A5790695FD8->517ee13d-f3a9-4e94-8f9c-24462d11aaf8-GrpcLogAppender: appendEntries Timeout, request=461aecd4-5005-4e8b-8510-a2b0fc408338->517ee13d-f3a9-4e94-8f9c-24462d11aaf8#53-t1, previous=(t:1, i:10), leaderCommit=10, initializing? false, entries: <empty>
2019-10-22 04:04:53,396 [BlockDeletingService#2] WARN  background.BlockDeletingService (BlockDeletingService.java:isDeletionAllowed(187)) - Close Container log Index 6 is not replicated across allthe servers in the pipeline e8ed9056-394a-4d1f-b72e-7a5790695fd8 as the min replicated index is 4. Deletion is not allowed in this container yet.
2019-10-22 04:04:53,396 [BlockDeletingService#2] WARN  background.BlockDeletingService (BlockDeletingService.java:isDeletionAllowed(187)) - Close Container log Index 6 is not replicated across allthe servers in the pipeline e8ed9056-394a-4d1f-b72e-7a5790695fd8 as the min replicated index is 4. Deletion is not allowed in this container yet.
2019-10-22 04:04:54,154 [Thread-595] INFO  client.GrpcClientProtocolService (GrpcClientProtocolService.java:lambda$processClientRequest$0(279)) - Failed RaftClientRequest:client-8579CCF1DDA8->38001277-610a-4ad8-827c-4fb892f595e9@group-7A5790695FD8, cid=10, seq=0, Watch-ALL_COMMITTED(6), Message:<EMPTY>, reply=RaftClientReply:client-8579CCF1DDA8->38001277-610a-4ad8-827c-4fb892f595e9@group-7A5790695FD8, cid=10, FAILED org.apache.ratis.protocol.NotLeaderException: Server 38001277-610a-4ad8-827c-4fb892f595e9@group-7A5790695FD8 is not the leader, logIndex=0, commits[38001277-610a-4ad8-827c-4fb892f595e9:c10, 517ee13d-f3a9-4e94-8f9c-24462d11aaf8:c4, 461aecd4-5005-4e8b-8510-a2b0fc408338:c10]
2019-10-22 04:04:54,397 [BlockDeletingService#2] WARN  background.BlockDeletingService (BlockDeletingService.java:isDeletionAllowed(187)) - Close Container log Index 6 is not replicated across allthe servers in the pipeline e8ed9056-394a-4d1f-b72e-7a5790695fd8 as the min replicated index is 4. Deletion is not allowed in this container yet.
2019-10-22 04:04:54,397 [BlockDeletingService#2] WARN  background.BlockDeletingService (BlockDeletingService.java:isDeletionAllowed(187)) - Close Container log Index 6 is not replicated across allthe servers in the pipeline e8ed9056-394a-4d1f-b72e-7a5790695fd8 as the min replicated index is 4. Deletion is not allowed in this container yet.
2019-10-22 04:04:55,174 [Thread-601] INFO  client.GrpcClientProtocolService (GrpcClientProtocolService.java:lambda$processClientRequest$0(279)) - Failed RaftClientRequest:client-8579CCF1DDA8->517ee13d-f3a9-4e94-8f9c-24462d11aaf8@group-7A5790695FD8, cid=10, seq=0, Watch-ALL_COMMITTED(6), Message:<EMPTY>, reply=RaftClientReply:client-8579CCF1DDA8->517ee13d-f3a9-4e94-8f9c-24462d11aaf8@group-7A5790695FD8, cid=10, FAILED org.apache.ratis.protocol.NotLeaderException: Server 517ee13d-f3a9-4e94-8f9c-24462d11aaf8@group-7A5790695FD8 is not the leader, logIndex=0, commits[517ee13d-f3a9-4e94-8f9c-24462d11aaf8:c3]
2019-10-22 04:04:55,399 [BlockDeletingService#2] WARN  background.BlockDeletingService (BlockDeletingService.java:isDeletionAllowed(187)) - Close Container log Index 6 is not replicated across allthe servers in the pipeline e8ed9056-394a-4d1f-b72e-7a5790695fd8 as the min replicated index is 4. Deletion is not allowed in this container yet.
2019-10-22 04:04:55,400 [BlockDeletingService#2] WARN  background.BlockDeletingService (BlockDeletingService.java:isDeletionAllowed(187)) - Close Container log Index 6 is not replicated across allthe servers in the pipeline e8ed9056-394a-4d1f-b72e-7a5790695fd8 as the min replicated index is 4. Deletion is not allowed in this container yet.
2019-10-22 04:04:55,669 [java.util.concurrent.ThreadPoolExecutor$Worker@2202d63d[State = -1, empty queue]] WARN  server.GrpcLogAppender (GrpcLogAppender.java:timeoutAppendRequest(209)) - 461aecd4-5005-4e8b-8510-a2b0fc408338@group-7A5790695FD8->517ee13d-f3a9-4e94-8f9c-24462d11aaf8-GrpcLogAppender: appendEntries Timeout, request=461aecd4-5005-4e8b-8510-a2b0fc408338->517ee13d-f3a9-4e94-8f9c-24462d11aaf8#54-t1, previous=(t:1, i:10), leaderCommit=10, initializing? false, entries: <empty>
]]></system-out>
    <system-err><![CDATA[ERROR StatusLogger No Log4j 2 configuration file found. Using default configuration (logging only errors to the console), or user programmatically provided configurations. Set system property 'log4j2.debug' to show Log4j 2 internal initialization logging. See https://logging.apache.org/log4j/2.x/manual/configuration.html for instructions on how to configure Log4j 2
Oct 22, 2019 4:03:09 AM org.apache.ratis.thirdparty.io.grpc.internal.SerializingExecutor run
SEVERE: Exception while executing runnable org.apache.ratis.thirdparty.io.grpc.internal.ServerImpl$JumpToApplicationThreadServerStreamListener$1Closed@17c5dcde
org.apache.ratis.thirdparty.io.grpc.StatusRuntimeException: CANCELLED: call already cancelled
	at org.apache.ratis.thirdparty.io.grpc.Status.asRuntimeException(Status.java:517)
	at org.apache.ratis.thirdparty.io.grpc.stub.ServerCalls$ServerCallStreamObserverImpl.onCompleted(ServerCalls.java:356)
	at org.apache.ratis.grpc.server.GrpcServerProtocolService$ServerRequestStreamObserver.onError(GrpcServerProtocolService.java:121)
	at org.apache.ratis.thirdparty.io.grpc.stub.ServerCalls$StreamingServerCallHandler$StreamingServerCallListener.onCancel(ServerCalls.java:269)
	at org.apache.ratis.thirdparty.io.grpc.internal.ServerCallImpl$ServerStreamListenerImpl.closed(ServerCallImpl.java:293)
	at org.apache.ratis.thirdparty.io.grpc.internal.ServerImpl$JumpToApplicationThreadServerStreamListener$1Closed.runInContext(ServerImpl.java:741)
	at org.apache.ratis.thirdparty.io.grpc.internal.ContextRunnable.run(ContextRunnable.java:37)
	at org.apache.ratis.thirdparty.io.grpc.internal.SerializingExecutor.run(SerializingExecutor.java:123)
	at java.util.concurrent.ThreadPoolExecutor.runWorker(ThreadPoolExecutor.java:1149)
	at java.util.concurrent.ThreadPoolExecutor$Worker.run(ThreadPoolExecutor.java:624)
	at java.lang.Thread.run(Thread.java:748)

Oct 22, 2019 4:03:09 AM org.apache.ratis.thirdparty.io.grpc.internal.SerializingExecutor run
SEVERE: Exception while executing runnable org.apache.ratis.thirdparty.io.grpc.internal.ClientCallImpl$ClientStreamListenerImpl$1StreamClosed@4cfd7f81
java.lang.NullPointerException
	at org.apache.ratis.grpc.server.GrpcLogAppender$AppendLogResponseHandler.onError(GrpcLogAppender.java:303)
	at org.apache.ratis.thirdparty.io.grpc.stub.ClientCalls$StreamObserverToCallListenerAdapter.onClose(ClientCalls.java:434)
	at org.apache.ratis.thirdparty.io.grpc.PartialForwardingClientCallListener.onClose(PartialForwardingClientCallListener.java:39)
	at org.apache.ratis.thirdparty.io.grpc.ForwardingClientCallListener.onClose(ForwardingClientCallListener.java:23)
	at org.apache.ratis.thirdparty.io.grpc.ForwardingClientCallListener$SimpleForwardingClientCallListener.onClose(ForwardingClientCallListener.java:40)
	at org.apache.ratis.thirdparty.io.grpc.internal.CensusStatsModule$StatsClientInterceptor$1$1.onClose(CensusStatsModule.java:678)
	at org.apache.ratis.thirdparty.io.grpc.PartialForwardingClientCallListener.onClose(PartialForwardingClientCallListener.java:39)
	at org.apache.ratis.thirdparty.io.grpc.ForwardingClientCallListener.onClose(ForwardingClientCallListener.java:23)
	at org.apache.ratis.thirdparty.io.grpc.ForwardingClientCallListener$SimpleForwardingClientCallListener.onClose(ForwardingClientCallListener.java:40)
	at org.apache.ratis.thirdparty.io.grpc.internal.CensusTracingModule$TracingClientInterceptor$1$1.onClose(CensusTracingModule.java:397)
	at org.apache.ratis.thirdparty.io.grpc.internal.ClientCallImpl.closeObserver(ClientCallImpl.java:459)
	at org.apache.ratis.thirdparty.io.grpc.internal.ClientCallImpl.access$300(ClientCallImpl.java:63)
	at org.apache.ratis.thirdparty.io.grpc.internal.ClientCallImpl$ClientStreamListenerImpl.close(ClientCallImpl.java:546)
	at org.apache.ratis.thirdparty.io.grpc.internal.ClientCallImpl$ClientStreamListenerImpl.access$600(ClientCallImpl.java:467)
	at org.apache.ratis.thirdparty.io.grpc.internal.ClientCallImpl$ClientStreamListenerImpl$1StreamClosed.runInContext(ClientCallImpl.java:584)
	at org.apache.ratis.thirdparty.io.grpc.internal.ContextRunnable.run(ContextRunnable.java:37)
	at org.apache.ratis.thirdparty.io.grpc.internal.SerializingExecutor.run(SerializingExecutor.java:123)
	at java.util.concurrent.ThreadPoolExecutor.runWorker(ThreadPoolExecutor.java:1149)
	at java.util.concurrent.ThreadPoolExecutor$Worker.run(ThreadPoolExecutor.java:624)
	at java.lang.Thread.run(Thread.java:748)

]]></system-err>
  </testcase>
</testsuite>