<?xml version="1.0" encoding="UTF-8"?>
<testsuite xmlns:xsi="http://www.w3.org/2001/XMLSchema-instance" xsi:noNamespaceSchemaLocation="https://maven.apache.org/surefire/maven-surefire-plugin/xsd/surefire-test-report.xsd" name="org.apache.hadoop.ozone.client.rpc.TestDeleteWithSlowFollower" time="133.749" tests="1" errors="0" skipped="0" failures="1">
  <properties>
    <property name="awt.toolkit" value="sun.awt.X11.XToolkit"/>
    <property name="file.encoding.pkg" value="sun.io"/>
    <property name="java.specification.version" value="1.8"/>
    <property name="sun.cpu.isalist" value=""/>
    <property name="sun.jnu.encoding" value="ANSI_X3.4-1968"/>
    <property name="java.class.path" value="/workdir/hadoop-ozone/integration-test/target/test-classes:/workdir/hadoop-ozone/integration-test/target/classes:/home/user/.m2/repository/org/apache/hadoop/hadoop-ozone-common/0.5.0-SNAPSHOT/hadoop-ozone-common-0.5.0-SNAPSHOT.jar:/home/user/.m2/repository/org/apache/commons/commons-compress/1.4.1/commons-compress-1.4.1.jar:/home/user/.m2/repository/org/tukaani/xz/1.0/xz-1.0.jar:/home/user/.m2/repository/org/apache/hadoop/hadoop-common/3.2.0/hadoop-common-3.2.0.jar:/home/user/.m2/repository/org/apache/hadoop/hadoop-hdfs/3.2.0/hadoop-hdfs-3.2.0.jar:/home/user/.m2/repository/org/apache/hadoop/hadoop-hdfs-client/3.2.0/hadoop-hdfs-client-3.2.0.jar:/home/user/.m2/repository/com/fasterxml/jackson/core/jackson-annotations/2.9.9/jackson-annotations-2.9.9.jar:/home/user/.m2/repository/org/apache/hadoop/hadoop-hdds-common/0.5.0-SNAPSHOT/hadoop-hdds-common-0.5.0-SNAPSHOT.jar:/home/user/.m2/repository/javax/annotation/javax.annotation-api/1.2/javax.annotation-api-1.2.jar:/home/user/.m2/repository/org/apache/ratis/ratis-server/0.5.0-3f446aa-SNAPSHOT/ratis-server-0.5.0-3f446aa-SNAPSHOT.jar:/home/user/.m2/repository/org/apache/ratis/ratis-thirdparty-misc/0.2.0/ratis-thirdparty-misc-0.2.0.jar:/home/user/.m2/repository/org/apache/ratis/ratis-proto/0.5.0-3f446aa-SNAPSHOT/ratis-proto-0.5.0-3f446aa-SNAPSHOT.jar:/home/user/.m2/repository/org/apache/ratis/ratis-common/0.5.0-3f446aa-SNAPSHOT/ratis-common-0.5.0-3f446aa-SNAPSHOT.jar:/home/user/.m2/repository/org/apache/ratis/ratis-client/0.5.0-3f446aa-SNAPSHOT/ratis-client-0.5.0-3f446aa-SNAPSHOT.jar:/home/user/.m2/repository/org/apache/ratis/ratis-metrics/0.5.0-3f446aa-SNAPSHOT/ratis-metrics-0.5.0-3f446aa-SNAPSHOT.jar:/home/user/.m2/repository/com/github/joshelser/dropwizard-metrics-hadoop-metrics2-reporter/0.1.2/dropwizard-metrics-hadoop-metrics2-reporter-0.1.2.jar:/home/user/.m2/repository/io/dropwizard/metrics/metrics-jvm/3.2.5/metrics-jvm-3.2.5.jar:/home/user/.m2/repository/io/dropwizard/metrics/metrics-ganglia/3.2.5/metrics-ganglia-3.2.5.jar:/home/user/.m2/repository/info/ganglia/gmetric4j/gmetric4j/1.0.7/gmetric4j-1.0.7.jar:/home/user/.m2/repository/org/apache/ratis/ratis-netty/0.5.0-3f446aa-SNAPSHOT/ratis-netty-0.5.0-3f446aa-SNAPSHOT.jar:/home/user/.m2/repository/org/apache/ratis/ratis-grpc/0.5.0-3f446aa-SNAPSHOT/ratis-grpc-0.5.0-3f446aa-SNAPSHOT.jar:/home/user/.m2/repository/org/rocksdb/rocksdbjni/6.0.1/rocksdbjni-6.0.1.jar:/home/user/.m2/repository/org/apache/logging/log4j/log4j-api/2.11.0/log4j-api-2.11.0.jar:/home/user/.m2/repository/org/apache/logging/log4j/log4j-core/2.11.0/log4j-core-2.11.0.jar:/home/user/.m2/repository/com/lmax/disruptor/3.4.2/disruptor-3.4.2.jar:/home/user/.m2/repository/org/apache/commons/commons-pool2/2.6.0/commons-pool2-2.6.0.jar:/home/user/.m2/repository/org/bouncycastle/bcpkix-jdk15on/1.60/bcpkix-jdk15on-1.60.jar:/home/user/.m2/repository/commons-validator/commons-validator/1.6/commons-validator-1.6.jar:/home/user/.m2/repository/commons-digester/commons-digester/1.8.1/commons-digester-1.8.1.jar:/home/user/.m2/repository/io/jaegertracing/jaeger-client/0.34.0/jaeger-client-0.34.0.jar:/home/user/.m2/repository/io/jaegertracing/jaeger-thrift/0.34.0/jaeger-thrift-0.34.0.jar:/home/user/.m2/repository/org/apache/thrift/libthrift/0.12.0/libthrift-0.12.0.jar:/home/user/.m2/repository/com/squareup/okhttp3/okhttp/3.9.0/okhttp-3.9.0.jar:/home/user/.m2/repository/com/squareup/okio/okio/1.13.0/okio-1.13.0.jar:/home/user/.m2/repository/io/jaegertracing/jaeger-core/0.34.0/jaeger-core-0.34.0.jar:/home/user/.m2/repository/io/jaegertracing/jaeger-tracerresolver/0.34.0/jaeger-tracerresolver-0.34.0.jar:/home/user/.m2/repository/io/opentracing/contrib/opentracing-tracerresolver/0.1.5/opentracing-tracerresolver-0.1.5.jar:/home/user/.m2/repository/io/opentracing/opentracing-util/0.31.0/opentracing-util-0.31.0.jar:/home/user/.m2/repository/io/opentracing/opentracing-api/0.31.0/opentracing-api-0.31.0.jar:/home/user/.m2/repository/io/opentracing/opentracing-noop/0.31.0/opentracing-noop-0.31.0.jar:/home/user/.m2/repository/org/apache/hadoop/hadoop-hdds-server-framework/0.5.0-SNAPSHOT/hadoop-hdds-server-framework-0.5.0-SNAPSHOT.jar:/home/user/.m2/repository/org/apache/hadoop/hadoop-hdds-container-service/0.5.0-SNAPSHOT/hadoop-hdds-container-service-0.5.0-SNAPSHOT.jar:/home/user/.m2/repository/org/apache/hadoop/hadoop-hdds-client/0.5.0-SNAPSHOT/hadoop-hdds-client-0.5.0-SNAPSHOT.jar:/home/user/.m2/repository/org/apache/hadoop/hadoop-hdds-tools/0.5.0-SNAPSHOT/hadoop-hdds-tools-0.5.0-SNAPSHOT.jar:/home/user/.m2/repository/org/apache/hadoop/hadoop-hdds-server-scm/0.5.0-SNAPSHOT/hadoop-hdds-server-scm-0.5.0-SNAPSHOT.jar:/home/user/.m2/repository/org/apache/hadoop/hadoop-hdds-docs/0.5.0-SNAPSHOT/hadoop-hdds-docs-0.5.0-SNAPSHOT.jar:/home/user/.m2/repository/io/dropwizard/metrics/metrics-core/3.2.4/metrics-core-3.2.4.jar:/home/user/.m2/repository/org/hamcrest/hamcrest-all/1.3/hamcrest-all-1.3.jar:/home/user/.m2/repository/org/bouncycastle/bcprov-jdk15on/1.60/bcprov-jdk15on-1.60.jar:/home/user/.m2/repository/info/picocli/picocli/3.9.6/picocli-3.9.6.jar:/home/user/.m2/repository/com/google/protobuf/protobuf-java/2.5.0/protobuf-java-2.5.0.jar:/home/user/.m2/repository/com/google/guava/guava/11.0.2/guava-11.0.2.jar:/home/user/.m2/repository/org/apache/hadoop/hadoop-ozone-ozone-manager/0.5.0-SNAPSHOT/hadoop-ozone-ozone-manager-0.5.0-SNAPSHOT.jar:/home/user/.m2/repository/org/apache/hadoop/hadoop-minikdc/3.2.0/hadoop-minikdc-3.2.0.jar:/home/user/.m2/repository/commons-io/commons-io/2.5/commons-io-2.5.jar:/home/user/.m2/repository/org/apache/kerby/kerb-simplekdc/1.0.1/kerb-simplekdc-1.0.1.jar:/home/user/.m2/repository/org/apache/kerby/kerb-client/1.0.1/kerb-client-1.0.1.jar:/home/user/.m2/repository/org/apache/kerby/kerby-config/1.0.1/kerby-config-1.0.1.jar:/home/user/.m2/repository/org/apache/kerby/kerb-core/1.0.1/kerb-core-1.0.1.jar:/home/user/.m2/repository/org/apache/kerby/kerby-pkix/1.0.1/kerby-pkix-1.0.1.jar:/home/user/.m2/repository/org/apache/kerby/kerby-asn1/1.0.1/kerby-asn1-1.0.1.jar:/home/user/.m2/repository/org/apache/kerby/kerby-util/1.0.1/kerby-util-1.0.1.jar:/home/user/.m2/repository/org/apache/kerby/kerb-common/1.0.1/kerb-common-1.0.1.jar:/home/user/.m2/repository/org/apache/kerby/kerb-crypto/1.0.1/kerb-crypto-1.0.1.jar:/home/user/.m2/repository/org/apache/kerby/kerb-util/1.0.1/kerb-util-1.0.1.jar:/home/user/.m2/repository/org/apache/kerby/token-provider/1.0.1/token-provider-1.0.1.jar:/home/user/.m2/repository/org/apache/kerby/kerb-admin/1.0.1/kerb-admin-1.0.1.jar:/home/user/.m2/repository/org/apache/kerby/kerb-server/1.0.1/kerb-server-1.0.1.jar:/home/user/.m2/repository/org/apache/kerby/kerb-identity/1.0.1/kerb-identity-1.0.1.jar:/home/user/.m2/repository/org/apache/kerby/kerby-xdr/1.0.1/kerby-xdr-1.0.1.jar:/home/user/.m2/repository/org/slf4j/slf4j-log4j12/1.7.25/slf4j-log4j12-1.7.25.jar:/home/user/.m2/repository/org/apache/hadoop/hadoop-ozone-s3gateway/0.5.0-SNAPSHOT/hadoop-ozone-s3gateway-0.5.0-SNAPSHOT.jar:/home/user/.m2/repository/org/jboss/weld/servlet/weld-servlet/2.4.7.Final/weld-servlet-2.4.7.Final.jar:/home/user/.m2/repository/org/glassfish/jersey/containers/jersey-container-servlet-core/2.27/jersey-container-servlet-core-2.27.jar:/home/user/.m2/repository/org/glassfish/hk2/external/javax.inject/2.5.0-b42/javax.inject-2.5.0-b42.jar:/home/user/.m2/repository/org/glassfish/jersey/core/jersey-common/2.27/jersey-common-2.27.jar:/home/user/.m2/repository/org/glassfish/hk2/osgi-resource-locator/1.0.1/osgi-resource-locator-1.0.1.jar:/home/user/.m2/repository/javax/ws/rs/javax.ws.rs-api/2.1/javax.ws.rs-api-2.1.jar:/home/user/.m2/repository/org/glassfish/jersey/ext/cdi/jersey-cdi1x/2.27/jersey-cdi1x-2.27.jar:/home/user/.m2/repository/org/glassfish/jersey/inject/jersey-hk2/2.27/jersey-hk2-2.27.jar:/home/user/.m2/repository/org/glassfish/hk2/hk2-locator/2.5.0-b42/hk2-locator-2.5.0-b42.jar:/home/user/.m2/repository/org/javassist/javassist/3.22.0-CR2/javassist-3.22.0-CR2.jar:/home/user/.m2/repository/org/glassfish/hk2/hk2-api/2.5.0/hk2-api-2.5.0.jar:/home/user/.m2/repository/org/glassfish/hk2/external/jakarta.inject/2.5.0/jakarta.inject-2.5.0.jar:/home/user/.m2/repository/org/glassfish/hk2/hk2-utils/2.5.0/hk2-utils-2.5.0.jar:/home/user/.m2/repository/jakarta/annotation/jakarta.annotation-api/1.3.4/jakarta.annotation-api-1.3.4.jar:/home/user/.m2/repository/org/glassfish/hk2/external/aopalliance-repackaged/2.5.0/aopalliance-repackaged-2.5.0.jar:/home/user/.m2/repository/com/fasterxml/jackson/dataformat/jackson-dataformat-xml/2.9.0/jackson-dataformat-xml-2.9.0.jar:/home/user/.m2/repository/com/fasterxml/jackson/core/jackson-core/2.9.9/jackson-core-2.9.9.jar:/home/user/.m2/repository/com/fasterxml/jackson/module/jackson-module-jaxb-annotations/2.9.9/jackson-module-jaxb-annotations-2.9.9.jar:/home/user/.m2/repository/javax/enterprise/cdi-api/1.2/cdi-api-1.2.jar:/home/user/.m2/repository/javax/el/javax.el-api/3.0.0/javax.el-api-3.0.0.jar:/home/user/.m2/repository/javax/interceptor/javax.interceptor-api/1.2/javax.interceptor-api-1.2.jar:/home/user/.m2/repository/javax/inject/javax.inject/1/javax.inject-1.jar:/home/user/.m2/repository/com/sun/xml/bind/jaxb-impl/2.3.0.1/jaxb-impl-2.3.0.1.jar:/home/user/.m2/repository/com/sun/xml/bind/jaxb-core/2.3.0.1/jaxb-core-2.3.0.1.jar:/home/user/.m2/repository/javax/xml/bind/jaxb-api/2.3.0/jaxb-api-2.3.0.jar:/home/user/.m2/repository/javax/activation/activation/1.1.1/activation-1.1.1.jar:/home/user/.m2/repository/org/apache/hadoop/hadoop-ozone-csi/0.5.0-SNAPSHOT/hadoop-ozone-csi-0.5.0-SNAPSHOT.jar:/home/user/.m2/repository/com/google/protobuf/protobuf-java-util/3.5.1/protobuf-java-util-3.5.1.jar:/home/user/.m2/repository/org/apache/hadoop/hadoop-hdds-config/0.5.0-SNAPSHOT/hadoop-hdds-config-0.5.0-SNAPSHOT.jar:/home/user/.m2/repository/io/grpc/grpc-netty/1.17.1/grpc-netty-1.17.1.jar:/home/user/.m2/repository/io/grpc/grpc-core/1.17.1/grpc-core-1.17.1.jar:/home/user/.m2/repository/io/grpc/grpc-context/1.17.1/grpc-context-1.17.1.jar:/home/user/.m2/repository/com/google/errorprone/error_prone_annotations/2.2.0/error_prone_annotations-2.2.0.jar:/home/user/.m2/repository/org/codehaus/mojo/animal-sniffer-annotations/1.17/animal-sniffer-annotations-1.17.jar:/home/user/.m2/repository/io/opencensus/opencensus-api/0.17.0/opencensus-api-0.17.0.jar:/home/user/.m2/repository/io/opencensus/opencensus-contrib-grpc-metrics/0.17.0/opencensus-contrib-grpc-metrics-0.17.0.jar:/home/user/.m2/repository/io/netty/netty-codec-http2/4.1.30.Final/netty-codec-http2-4.1.30.Final.jar:/home/user/.m2/repository/io/netty/netty-codec-http/4.1.30.Final/netty-codec-http-4.1.30.Final.jar:/home/user/.m2/repository/io/netty/netty-codec/4.1.30.Final/netty-codec-4.1.30.Final.jar:/home/user/.m2/repository/io/netty/netty-handler/4.1.30.Final/netty-handler-4.1.30.Final.jar:/home/user/.m2/repository/io/netty/netty-handler-proxy/4.1.30.Final/netty-handler-proxy-4.1.30.Final.jar:/home/user/.m2/repository/io/netty/netty-codec-socks/4.1.30.Final/netty-codec-socks-4.1.30.Final.jar:/home/user/.m2/repository/io/netty/netty-transport-native-epoll/4.1.30.Final/netty-transport-native-epoll-4.1.30.Final.jar:/home/user/.m2/repository/io/netty/netty-common/4.1.30.Final/netty-common-4.1.30.Final.jar:/home/user/.m2/repository/io/netty/netty-buffer/4.1.30.Final/netty-buffer-4.1.30.Final.jar:/home/user/.m2/repository/io/netty/netty-transport/4.1.30.Final/netty-transport-4.1.30.Final.jar:/home/user/.m2/repository/io/netty/netty-resolver/4.1.30.Final/netty-resolver-4.1.30.Final.jar:/home/user/.m2/repository/io/netty/netty-transport-native-unix-common/4.1.30.Final/netty-transport-native-unix-common-4.1.30.Final.jar:/home/user/.m2/repository/io/grpc/grpc-protobuf/1.17.1/grpc-protobuf-1.17.1.jar:/home/user/.m2/repository/com/google/api/grpc/proto-google-common-protos/1.0.0/proto-google-common-protos-1.0.0.jar:/home/user/.m2/repository/io/grpc/grpc-protobuf-lite/1.17.1/grpc-protobuf-lite-1.17.1.jar:/home/user/.m2/repository/io/grpc/grpc-stub/1.17.1/grpc-stub-1.17.1.jar:/home/user/.m2/repository/org/apache/hadoop/hadoop-ozone-recon/0.5.0-SNAPSHOT/hadoop-ozone-recon-0.5.0-SNAPSHOT.jar:/home/user/.m2/repository/org/apache/hadoop/hadoop-ozone-reconcodegen/0.5.0-SNAPSHOT/hadoop-ozone-reconcodegen-0.5.0-SNAPSHOT.jar:/home/user/.m2/repository/com/google/inject/extensions/guice-multibindings/4.0/guice-multibindings-4.0.jar:/home/user/.m2/repository/com/google/inject/guice/4.0/guice-4.0.jar:/home/user/.m2/repository/aopalliance/aopalliance/1.0/aopalliance-1.0.jar:/home/user/.m2/repository/com/google/inject/extensions/guice-servlet/4.0/guice-servlet-4.0.jar:/home/user/.m2/repository/org/glassfish/jersey/containers/jersey-container-servlet/2.27/jersey-container-servlet-2.27.jar:/home/user/.m2/repository/org/glassfish/hk2/guice-bridge/2.5.0/guice-bridge-2.5.0.jar:/home/user/.m2/repository/org/glassfish/jersey/core/jersey-server/2.27/jersey-server-2.27.jar:/home/user/.m2/repository/org/glassfish/jersey/core/jersey-client/2.27/jersey-client-2.27.jar:/home/user/.m2/repository/org/glassfish/jersey/media/jersey-media-jaxb/2.27/jersey-media-jaxb-2.27.jar:/home/user/.m2/repository/javax/validation/validation-api/1.1.0.Final/validation-api-1.1.0.Final.jar:/home/user/.m2/repository/org/glassfish/jersey/media/jersey-media-json-jackson/2.27/jersey-media-json-jackson-2.27.jar:/home/user/.m2/repository/org/glassfish/jersey/ext/jersey-entity-filtering/2.27/jersey-entity-filtering-2.27.jar:/home/user/.m2/repository/com/google/inject/extensions/guice-assistedinject/4.0/guice-assistedinject-4.0.jar:/home/user/.m2/repository/org/jooq/jooq/3.11.10/jooq-3.11.10.jar:/home/user/.m2/repository/org/jooq/jooq-meta/3.11.10/jooq-meta-3.11.10.jar:/home/user/.m2/repository/org/jooq/jooq-codegen/3.11.10/jooq-codegen-3.11.10.jar:/home/user/.m2/repository/com/jolbox/bonecp/0.8.0.RELEASE/bonecp-0.8.0.RELEASE.jar:/home/user/.m2/repository/org/xerial/sqlite-jdbc/3.25.2/sqlite-jdbc-3.25.2.jar:/home/user/.m2/repository/org/springframework/spring-jdbc/5.1.3.RELEASE/spring-jdbc-5.1.3.RELEASE.jar:/home/user/.m2/repository/org/springframework/spring-beans/5.1.3.RELEASE/spring-beans-5.1.3.RELEASE.jar:/home/user/.m2/repository/org/springframework/spring-core/5.1.3.RELEASE/spring-core-5.1.3.RELEASE.jar:/home/user/.m2/repository/org/springframework/spring-jcl/5.1.3.RELEASE/spring-jcl-5.1.3.RELEASE.jar:/home/user/.m2/repository/org/springframework/spring-tx/5.1.3.RELEASE/spring-tx-5.1.3.RELEASE.jar:/home/user/.m2/repository/org/apache/hadoop/hadoop-ozone-client/0.5.0-SNAPSHOT/hadoop-ozone-client-0.5.0-SNAPSHOT.jar:/home/user/.m2/repository/commons-lang/commons-lang/2.6/commons-lang-2.6.jar:/home/user/.m2/repository/org/apache/hadoop/hadoop-ozone-ozone-manager/0.5.0-SNAPSHOT/hadoop-ozone-ozone-manager-0.5.0-SNAPSHOT-tests.jar:/home/user/.m2/repository/junit/junit/4.11/junit-4.11.jar:/home/user/.m2/repository/org/hamcrest/hamcrest-core/1.3/hamcrest-core-1.3.jar:/home/user/.m2/repository/org/openjdk/jmh/jmh-core/1.19/jmh-core-1.19.jar:/home/user/.m2/repository/net/sf/jopt-simple/jopt-simple/4.6/jopt-simple-4.6.jar:/home/user/.m2/repository/org/apache/commons/commons-math3/3.1.1/commons-math3-3.1.1.jar:/home/user/.m2/repository/org/openjdk/jmh/jmh-generator-annprocess/1.19/jmh-generator-annprocess-1.19.jar:/home/user/.m2/repository/org/mockito/mockito-all/1.8.5/mockito-all-1.8.5.jar:/home/user/.m2/repository/org/apache/hadoop/hadoop-kms/3.2.0/hadoop-kms-3.2.0.jar:/home/user/.m2/repository/org/apache/hadoop/hadoop-auth/3.2.0/hadoop-auth-3.2.0.jar:/home/user/.m2/repository/com/nimbusds/nimbus-jose-jwt/4.41.1/nimbus-jose-jwt-4.41.1.jar:/home/user/.m2/repository/com/github/stephenc/jcip/jcip-annotations/1.0-1/jcip-annotations-1.0-1.jar:/home/user/.m2/repository/net/minidev/json-smart/2.3/json-smart-2.3.jar:/home/user/.m2/repository/net/minidev/accessors-smart/1.2/accessors-smart-1.2.jar:/home/user/.m2/repository/org/ow2/asm/asm/5.0.4/asm-5.0.4.jar:/home/user/.m2/repository/org/apache/curator/curator-framework/2.12.0/curator-framework-2.12.0.jar:/home/user/.m2/repository/com/sun/jersey/jersey-core/1.19/jersey-core-1.19.jar:/home/user/.m2/repository/javax/ws/rs/jsr311-api/1.1.1/jsr311-api-1.1.1.jar:/home/user/.m2/repository/com/sun/jersey/jersey-server/1.19/jersey-server-1.19.jar:/home/user/.m2/repository/javax/servlet/javax.servlet-api/3.1.0/javax.servlet-api-3.1.0.jar:/home/user/.m2/repository/org/eclipse/jetty/jetty-server/9.3.25.v20180904/jetty-server-9.3.25.v20180904.jar:/home/user/.m2/repository/org/eclipse/jetty/jetty-http/9.3.25.v20180904/jetty-http-9.3.25.v20180904.jar:/home/user/.m2/repository/org/eclipse/jetty/jetty-io/9.3.25.v20180904/jetty-io-9.3.25.v20180904.jar:/home/user/.m2/repository/org/eclipse/jetty/jetty-webapp/9.3.25.v20180904/jetty-webapp-9.3.25.v20180904.jar:/home/user/.m2/repository/org/eclipse/jetty/jetty-xml/9.3.25.v20180904/jetty-xml-9.3.25.v20180904.jar:/home/user/.m2/repository/log4j/log4j/1.2.17/log4j-1.2.17.jar:/home/user/.m2/repository/org/slf4j/slf4j-api/1.7.25/slf4j-api-1.7.25.jar:/home/user/.m2/repository/org/slf4j/jul-to-slf4j/1.7.25/jul-to-slf4j-1.7.25.jar:/home/user/.m2/repository/org/eclipse/jetty/jetty-util/9.3.25.v20180904/jetty-util-9.3.25.v20180904.jar:/home/user/.m2/repository/com/fasterxml/jackson/core/jackson-databind/2.9.9/jackson-databind-2.9.9.jar:/home/user/.m2/repository/org/apache/hadoop/hadoop-kms/3.2.0/hadoop-kms-3.2.0-tests.jar:/home/user/.m2/repository/org/apache/hadoop/hadoop-hdds-server-scm/0.5.0-SNAPSHOT/hadoop-hdds-server-scm-0.5.0-SNAPSHOT-tests.jar:/home/user/.m2/repository/org/apache/hadoop/hadoop-hdds-container-service/0.5.0-SNAPSHOT/hadoop-hdds-container-service-0.5.0-SNAPSHOT-tests.jar:/home/user/.m2/repository/org/yaml/snakeyaml/1.16/snakeyaml-1.16.jar:/home/user/.m2/repository/org/apache/hadoop/hadoop-common/3.2.0/hadoop-common-3.2.0-tests.jar:/home/user/.m2/repository/org/apache/hadoop/hadoop-annotations/3.2.0/hadoop-annotations-3.2.0.jar:/usr/lib/jvm/java-1.8.0-openjdk-1.8.0.222.b10-1.el7_7.x86_64/jre/../lib/tools.jar:/home/user/.m2/repository/commons-cli/commons-cli/1.2/commons-cli-1.2.jar:/home/user/.m2/repository/org/apache/httpcomponents/httpclient/4.5.2/httpclient-4.5.2.jar:/home/user/.m2/repository/org/apache/httpcomponents/httpcore/4.4.4/httpcore-4.4.4.jar:/home/user/.m2/repository/commons-codec/commons-codec/1.11/commons-codec-1.11.jar:/home/user/.m2/repository/commons-net/commons-net/3.6/commons-net-3.6.jar:/home/user/.m2/repository/commons-collections/commons-collections/3.2.2/commons-collections-3.2.2.jar:/home/user/.m2/repository/org/eclipse/jetty/jetty-servlet/9.3.25.v20180904/jetty-servlet-9.3.25.v20180904.jar:/home/user/.m2/repository/org/eclipse/jetty/jetty-security/9.3.25.v20180904/jetty-security-9.3.25.v20180904.jar:/home/user/.m2/repository/javax/servlet/jsp/jsp-api/2.1/jsp-api-2.1.jar:/home/user/.m2/repository/com/sun/jersey/jersey-servlet/1.19/jersey-servlet-1.19.jar:/home/user/.m2/repository/com/sun/jersey/jersey-json/1.19/jersey-json-1.19.jar:/home/user/.m2/repository/org/codehaus/jettison/jettison/1.1/jettison-1.1.jar:/home/user/.m2/repository/org/codehaus/jackson/jackson-core-asl/1.9.13/jackson-core-asl-1.9.13.jar:/home/user/.m2/repository/org/codehaus/jackson/jackson-mapper-asl/1.9.13/jackson-mapper-asl-1.9.13.jar:/home/user/.m2/repository/org/codehaus/jackson/jackson-jaxrs/1.9.13/jackson-jaxrs-1.9.13.jar:/home/user/.m2/repository/org/codehaus/jackson/jackson-xc/1.9.13/jackson-xc-1.9.13.jar:/home/user/.m2/repository/commons-logging/commons-logging/1.1.3/commons-logging-1.1.3.jar:/home/user/.m2/repository/commons-beanutils/commons-beanutils/1.9.4/commons-beanutils-1.9.4.jar:/home/user/.m2/repository/org/apache/commons/commons-configuration2/2.1.1/commons-configuration2-2.1.1.jar:/home/user/.m2/repository/org/apache/commons/commons-lang3/3.7/commons-lang3-3.7.jar:/home/user/.m2/repository/org/apache/commons/commons-text/1.4/commons-text-1.4.jar:/home/user/.m2/repository/org/apache/avro/avro/1.7.7/avro-1.7.7.jar:/home/user/.m2/repository/com/thoughtworks/paranamer/paranamer/2.3/paranamer-2.3.jar:/home/user/.m2/repository/org/xerial/snappy/snappy-java/1.0.5/snappy-java-1.0.5.jar:/home/user/.m2/repository/com/google/re2j/re2j/1.1/re2j-1.1.jar:/home/user/.m2/repository/com/google/code/gson/gson/2.2.4/gson-2.2.4.jar:/home/user/.m2/repository/com/jcraft/jsch/0.1.54/jsch-0.1.54.jar:/home/user/.m2/repository/org/apache/curator/curator-client/2.12.0/curator-client-2.12.0.jar:/home/user/.m2/repository/org/apache/curator/curator-recipes/2.12.0/curator-recipes-2.12.0.jar:/home/user/.m2/repository/com/google/code/findbugs/jsr305/3.0.0/jsr305-3.0.0.jar:/home/user/.m2/repository/org/apache/htrace/htrace-core4/4.1.0-incubating/htrace-core4-4.1.0-incubating.jar:/home/user/.m2/repository/org/apache/zookeeper/zookeeper/3.4.13/zookeeper-3.4.13.jar:/home/user/.m2/repository/jline/jline/0.9.94/jline-0.9.94.jar:/home/user/.m2/repository/org/apache/yetus/audience-annotations/0.5.0/audience-annotations-0.5.0.jar:/home/user/.m2/repository/org/codehaus/woodstox/stax2-api/3.1.4/stax2-api-3.1.4.jar:/home/user/.m2/repository/com/fasterxml/woodstox/woodstox-core/5.0.3/woodstox-core-5.0.3.jar:/home/user/.m2/repository/dnsjava/dnsjava/2.1.7/dnsjava-2.1.7.jar:/home/user/.m2/repository/org/apache/hadoop/hadoop-hdfs/3.2.0/hadoop-hdfs-3.2.0-tests.jar:/home/user/.m2/repository/org/eclipse/jetty/jetty-util-ajax/9.3.25.v20180904/jetty-util-ajax-9.3.25.v20180904.jar:/home/user/.m2/repository/commons-daemon/commons-daemon/1.0.13/commons-daemon-1.0.13.jar:/home/user/.m2/repository/io/netty/netty/3.10.5.Final/netty-3.10.5.Final.jar:/home/user/.m2/repository/io/netty/netty-all/4.0.52.Final/netty-all-4.0.52.Final.jar:/home/user/.m2/repository/org/fusesource/leveldbjni/leveldbjni-all/1.8/leveldbjni-all-1.8.jar:"/>
    <property name="java.vm.vendor" value="Oracle Corporation"/>
    <property name="sun.arch.data.model" value="64"/>
    <property name="test.build.dir" value="/workdir/hadoop-ozone/integration-test/target/test-dir"/>
    <property name="test.cache.data" value=""/>
    <property name="java.vendor.url" value="http://java.oracle.com/"/>
    <property name="user.timezone" value=""/>
    <property name="java.vm.specification.version" value="1.8"/>
    <property name="os.name" value="Linux"/>
    <property name="test.build.data" value="/workdir/hadoop-ozone/integration-test/target/test-dir"/>
    <property name="user.country" value="US"/>
    <property name="sun.java.launcher" value="SUN_STANDARD"/>
    <property name="sun.boot.library.path" value="/usr/lib/jvm/java-1.8.0-openjdk-1.8.0.222.b10-1.el7_7.x86_64/jre/lib/amd64"/>
    <property name="sun.java.command" value="/workdir/hadoop-ozone/integration-test/target/surefire/surefirebooter904662654409057362.jar /workdir/hadoop-ozone/integration-test/target/surefire 2019-10-20T03-31-45_442-jvmRun1 surefire5603881359217202374tmp surefire_483434835994125514553tmp"/>
    <property name="surefire.test.class.path" value="/workdir/hadoop-ozone/integration-test/target/test-classes:/workdir/hadoop-ozone/integration-test/target/classes:/home/user/.m2/repository/org/apache/hadoop/hadoop-ozone-common/0.5.0-SNAPSHOT/hadoop-ozone-common-0.5.0-SNAPSHOT.jar:/home/user/.m2/repository/org/apache/commons/commons-compress/1.4.1/commons-compress-1.4.1.jar:/home/user/.m2/repository/org/tukaani/xz/1.0/xz-1.0.jar:/home/user/.m2/repository/org/apache/hadoop/hadoop-common/3.2.0/hadoop-common-3.2.0.jar:/home/user/.m2/repository/org/apache/hadoop/hadoop-hdfs/3.2.0/hadoop-hdfs-3.2.0.jar:/home/user/.m2/repository/org/apache/hadoop/hadoop-hdfs-client/3.2.0/hadoop-hdfs-client-3.2.0.jar:/home/user/.m2/repository/com/fasterxml/jackson/core/jackson-annotations/2.9.9/jackson-annotations-2.9.9.jar:/home/user/.m2/repository/org/apache/hadoop/hadoop-hdds-common/0.5.0-SNAPSHOT/hadoop-hdds-common-0.5.0-SNAPSHOT.jar:/home/user/.m2/repository/javax/annotation/javax.annotation-api/1.2/javax.annotation-api-1.2.jar:/home/user/.m2/repository/org/apache/ratis/ratis-server/0.5.0-3f446aa-SNAPSHOT/ratis-server-0.5.0-3f446aa-SNAPSHOT.jar:/home/user/.m2/repository/org/apache/ratis/ratis-thirdparty-misc/0.2.0/ratis-thirdparty-misc-0.2.0.jar:/home/user/.m2/repository/org/apache/ratis/ratis-proto/0.5.0-3f446aa-SNAPSHOT/ratis-proto-0.5.0-3f446aa-SNAPSHOT.jar:/home/user/.m2/repository/org/apache/ratis/ratis-common/0.5.0-3f446aa-SNAPSHOT/ratis-common-0.5.0-3f446aa-SNAPSHOT.jar:/home/user/.m2/repository/org/apache/ratis/ratis-client/0.5.0-3f446aa-SNAPSHOT/ratis-client-0.5.0-3f446aa-SNAPSHOT.jar:/home/user/.m2/repository/org/apache/ratis/ratis-metrics/0.5.0-3f446aa-SNAPSHOT/ratis-metrics-0.5.0-3f446aa-SNAPSHOT.jar:/home/user/.m2/repository/com/github/joshelser/dropwizard-metrics-hadoop-metrics2-reporter/0.1.2/dropwizard-metrics-hadoop-metrics2-reporter-0.1.2.jar:/home/user/.m2/repository/io/dropwizard/metrics/metrics-jvm/3.2.5/metrics-jvm-3.2.5.jar:/home/user/.m2/repository/io/dropwizard/metrics/metrics-ganglia/3.2.5/metrics-ganglia-3.2.5.jar:/home/user/.m2/repository/info/ganglia/gmetric4j/gmetric4j/1.0.7/gmetric4j-1.0.7.jar:/home/user/.m2/repository/org/apache/ratis/ratis-netty/0.5.0-3f446aa-SNAPSHOT/ratis-netty-0.5.0-3f446aa-SNAPSHOT.jar:/home/user/.m2/repository/org/apache/ratis/ratis-grpc/0.5.0-3f446aa-SNAPSHOT/ratis-grpc-0.5.0-3f446aa-SNAPSHOT.jar:/home/user/.m2/repository/org/rocksdb/rocksdbjni/6.0.1/rocksdbjni-6.0.1.jar:/home/user/.m2/repository/org/apache/logging/log4j/log4j-api/2.11.0/log4j-api-2.11.0.jar:/home/user/.m2/repository/org/apache/logging/log4j/log4j-core/2.11.0/log4j-core-2.11.0.jar:/home/user/.m2/repository/com/lmax/disruptor/3.4.2/disruptor-3.4.2.jar:/home/user/.m2/repository/org/apache/commons/commons-pool2/2.6.0/commons-pool2-2.6.0.jar:/home/user/.m2/repository/org/bouncycastle/bcpkix-jdk15on/1.60/bcpkix-jdk15on-1.60.jar:/home/user/.m2/repository/commons-validator/commons-validator/1.6/commons-validator-1.6.jar:/home/user/.m2/repository/commons-digester/commons-digester/1.8.1/commons-digester-1.8.1.jar:/home/user/.m2/repository/io/jaegertracing/jaeger-client/0.34.0/jaeger-client-0.34.0.jar:/home/user/.m2/repository/io/jaegertracing/jaeger-thrift/0.34.0/jaeger-thrift-0.34.0.jar:/home/user/.m2/repository/org/apache/thrift/libthrift/0.12.0/libthrift-0.12.0.jar:/home/user/.m2/repository/com/squareup/okhttp3/okhttp/3.9.0/okhttp-3.9.0.jar:/home/user/.m2/repository/com/squareup/okio/okio/1.13.0/okio-1.13.0.jar:/home/user/.m2/repository/io/jaegertracing/jaeger-core/0.34.0/jaeger-core-0.34.0.jar:/home/user/.m2/repository/io/jaegertracing/jaeger-tracerresolver/0.34.0/jaeger-tracerresolver-0.34.0.jar:/home/user/.m2/repository/io/opentracing/contrib/opentracing-tracerresolver/0.1.5/opentracing-tracerresolver-0.1.5.jar:/home/user/.m2/repository/io/opentracing/opentracing-util/0.31.0/opentracing-util-0.31.0.jar:/home/user/.m2/repository/io/opentracing/opentracing-api/0.31.0/opentracing-api-0.31.0.jar:/home/user/.m2/repository/io/opentracing/opentracing-noop/0.31.0/opentracing-noop-0.31.0.jar:/home/user/.m2/repository/org/apache/hadoop/hadoop-hdds-server-framework/0.5.0-SNAPSHOT/hadoop-hdds-server-framework-0.5.0-SNAPSHOT.jar:/home/user/.m2/repository/org/apache/hadoop/hadoop-hdds-container-service/0.5.0-SNAPSHOT/hadoop-hdds-container-service-0.5.0-SNAPSHOT.jar:/home/user/.m2/repository/org/apache/hadoop/hadoop-hdds-client/0.5.0-SNAPSHOT/hadoop-hdds-client-0.5.0-SNAPSHOT.jar:/home/user/.m2/repository/org/apache/hadoop/hadoop-hdds-tools/0.5.0-SNAPSHOT/hadoop-hdds-tools-0.5.0-SNAPSHOT.jar:/home/user/.m2/repository/org/apache/hadoop/hadoop-hdds-server-scm/0.5.0-SNAPSHOT/hadoop-hdds-server-scm-0.5.0-SNAPSHOT.jar:/home/user/.m2/repository/org/apache/hadoop/hadoop-hdds-docs/0.5.0-SNAPSHOT/hadoop-hdds-docs-0.5.0-SNAPSHOT.jar:/home/user/.m2/repository/io/dropwizard/metrics/metrics-core/3.2.4/metrics-core-3.2.4.jar:/home/user/.m2/repository/org/hamcrest/hamcrest-all/1.3/hamcrest-all-1.3.jar:/home/user/.m2/repository/org/bouncycastle/bcprov-jdk15on/1.60/bcprov-jdk15on-1.60.jar:/home/user/.m2/repository/info/picocli/picocli/3.9.6/picocli-3.9.6.jar:/home/user/.m2/repository/com/google/protobuf/protobuf-java/2.5.0/protobuf-java-2.5.0.jar:/home/user/.m2/repository/com/google/guava/guava/11.0.2/guava-11.0.2.jar:/home/user/.m2/repository/org/apache/hadoop/hadoop-ozone-ozone-manager/0.5.0-SNAPSHOT/hadoop-ozone-ozone-manager-0.5.0-SNAPSHOT.jar:/home/user/.m2/repository/org/apache/hadoop/hadoop-minikdc/3.2.0/hadoop-minikdc-3.2.0.jar:/home/user/.m2/repository/commons-io/commons-io/2.5/commons-io-2.5.jar:/home/user/.m2/repository/org/apache/kerby/kerb-simplekdc/1.0.1/kerb-simplekdc-1.0.1.jar:/home/user/.m2/repository/org/apache/kerby/kerb-client/1.0.1/kerb-client-1.0.1.jar:/home/user/.m2/repository/org/apache/kerby/kerby-config/1.0.1/kerby-config-1.0.1.jar:/home/user/.m2/repository/org/apache/kerby/kerb-core/1.0.1/kerb-core-1.0.1.jar:/home/user/.m2/repository/org/apache/kerby/kerby-pkix/1.0.1/kerby-pkix-1.0.1.jar:/home/user/.m2/repository/org/apache/kerby/kerby-asn1/1.0.1/kerby-asn1-1.0.1.jar:/home/user/.m2/repository/org/apache/kerby/kerby-util/1.0.1/kerby-util-1.0.1.jar:/home/user/.m2/repository/org/apache/kerby/kerb-common/1.0.1/kerb-common-1.0.1.jar:/home/user/.m2/repository/org/apache/kerby/kerb-crypto/1.0.1/kerb-crypto-1.0.1.jar:/home/user/.m2/repository/org/apache/kerby/kerb-util/1.0.1/kerb-util-1.0.1.jar:/home/user/.m2/repository/org/apache/kerby/token-provider/1.0.1/token-provider-1.0.1.jar:/home/user/.m2/repository/org/apache/kerby/kerb-admin/1.0.1/kerb-admin-1.0.1.jar:/home/user/.m2/repository/org/apache/kerby/kerb-server/1.0.1/kerb-server-1.0.1.jar:/home/user/.m2/repository/org/apache/kerby/kerb-identity/1.0.1/kerb-identity-1.0.1.jar:/home/user/.m2/repository/org/apache/kerby/kerby-xdr/1.0.1/kerby-xdr-1.0.1.jar:/home/user/.m2/repository/org/slf4j/slf4j-log4j12/1.7.25/slf4j-log4j12-1.7.25.jar:/home/user/.m2/repository/org/apache/hadoop/hadoop-ozone-s3gateway/0.5.0-SNAPSHOT/hadoop-ozone-s3gateway-0.5.0-SNAPSHOT.jar:/home/user/.m2/repository/org/jboss/weld/servlet/weld-servlet/2.4.7.Final/weld-servlet-2.4.7.Final.jar:/home/user/.m2/repository/org/glassfish/jersey/containers/jersey-container-servlet-core/2.27/jersey-container-servlet-core-2.27.jar:/home/user/.m2/repository/org/glassfish/hk2/external/javax.inject/2.5.0-b42/javax.inject-2.5.0-b42.jar:/home/user/.m2/repository/org/glassfish/jersey/core/jersey-common/2.27/jersey-common-2.27.jar:/home/user/.m2/repository/org/glassfish/hk2/osgi-resource-locator/1.0.1/osgi-resource-locator-1.0.1.jar:/home/user/.m2/repository/javax/ws/rs/javax.ws.rs-api/2.1/javax.ws.rs-api-2.1.jar:/home/user/.m2/repository/org/glassfish/jersey/ext/cdi/jersey-cdi1x/2.27/jersey-cdi1x-2.27.jar:/home/user/.m2/repository/org/glassfish/jersey/inject/jersey-hk2/2.27/jersey-hk2-2.27.jar:/home/user/.m2/repository/org/glassfish/hk2/hk2-locator/2.5.0-b42/hk2-locator-2.5.0-b42.jar:/home/user/.m2/repository/org/javassist/javassist/3.22.0-CR2/javassist-3.22.0-CR2.jar:/home/user/.m2/repository/org/glassfish/hk2/hk2-api/2.5.0/hk2-api-2.5.0.jar:/home/user/.m2/repository/org/glassfish/hk2/external/jakarta.inject/2.5.0/jakarta.inject-2.5.0.jar:/home/user/.m2/repository/org/glassfish/hk2/hk2-utils/2.5.0/hk2-utils-2.5.0.jar:/home/user/.m2/repository/jakarta/annotation/jakarta.annotation-api/1.3.4/jakarta.annotation-api-1.3.4.jar:/home/user/.m2/repository/org/glassfish/hk2/external/aopalliance-repackaged/2.5.0/aopalliance-repackaged-2.5.0.jar:/home/user/.m2/repository/com/fasterxml/jackson/dataformat/jackson-dataformat-xml/2.9.0/jackson-dataformat-xml-2.9.0.jar:/home/user/.m2/repository/com/fasterxml/jackson/core/jackson-core/2.9.9/jackson-core-2.9.9.jar:/home/user/.m2/repository/com/fasterxml/jackson/module/jackson-module-jaxb-annotations/2.9.9/jackson-module-jaxb-annotations-2.9.9.jar:/home/user/.m2/repository/javax/enterprise/cdi-api/1.2/cdi-api-1.2.jar:/home/user/.m2/repository/javax/el/javax.el-api/3.0.0/javax.el-api-3.0.0.jar:/home/user/.m2/repository/javax/interceptor/javax.interceptor-api/1.2/javax.interceptor-api-1.2.jar:/home/user/.m2/repository/javax/inject/javax.inject/1/javax.inject-1.jar:/home/user/.m2/repository/com/sun/xml/bind/jaxb-impl/2.3.0.1/jaxb-impl-2.3.0.1.jar:/home/user/.m2/repository/com/sun/xml/bind/jaxb-core/2.3.0.1/jaxb-core-2.3.0.1.jar:/home/user/.m2/repository/javax/xml/bind/jaxb-api/2.3.0/jaxb-api-2.3.0.jar:/home/user/.m2/repository/javax/activation/activation/1.1.1/activation-1.1.1.jar:/home/user/.m2/repository/org/apache/hadoop/hadoop-ozone-csi/0.5.0-SNAPSHOT/hadoop-ozone-csi-0.5.0-SNAPSHOT.jar:/home/user/.m2/repository/com/google/protobuf/protobuf-java-util/3.5.1/protobuf-java-util-3.5.1.jar:/home/user/.m2/repository/org/apache/hadoop/hadoop-hdds-config/0.5.0-SNAPSHOT/hadoop-hdds-config-0.5.0-SNAPSHOT.jar:/home/user/.m2/repository/io/grpc/grpc-netty/1.17.1/grpc-netty-1.17.1.jar:/home/user/.m2/repository/io/grpc/grpc-core/1.17.1/grpc-core-1.17.1.jar:/home/user/.m2/repository/io/grpc/grpc-context/1.17.1/grpc-context-1.17.1.jar:/home/user/.m2/repository/com/google/errorprone/error_prone_annotations/2.2.0/error_prone_annotations-2.2.0.jar:/home/user/.m2/repository/org/codehaus/mojo/animal-sniffer-annotations/1.17/animal-sniffer-annotations-1.17.jar:/home/user/.m2/repository/io/opencensus/opencensus-api/0.17.0/opencensus-api-0.17.0.jar:/home/user/.m2/repository/io/opencensus/opencensus-contrib-grpc-metrics/0.17.0/opencensus-contrib-grpc-metrics-0.17.0.jar:/home/user/.m2/repository/io/netty/netty-codec-http2/4.1.30.Final/netty-codec-http2-4.1.30.Final.jar:/home/user/.m2/repository/io/netty/netty-codec-http/4.1.30.Final/netty-codec-http-4.1.30.Final.jar:/home/user/.m2/repository/io/netty/netty-codec/4.1.30.Final/netty-codec-4.1.30.Final.jar:/home/user/.m2/repository/io/netty/netty-handler/4.1.30.Final/netty-handler-4.1.30.Final.jar:/home/user/.m2/repository/io/netty/netty-handler-proxy/4.1.30.Final/netty-handler-proxy-4.1.30.Final.jar:/home/user/.m2/repository/io/netty/netty-codec-socks/4.1.30.Final/netty-codec-socks-4.1.30.Final.jar:/home/user/.m2/repository/io/netty/netty-transport-native-epoll/4.1.30.Final/netty-transport-native-epoll-4.1.30.Final.jar:/home/user/.m2/repository/io/netty/netty-common/4.1.30.Final/netty-common-4.1.30.Final.jar:/home/user/.m2/repository/io/netty/netty-buffer/4.1.30.Final/netty-buffer-4.1.30.Final.jar:/home/user/.m2/repository/io/netty/netty-transport/4.1.30.Final/netty-transport-4.1.30.Final.jar:/home/user/.m2/repository/io/netty/netty-resolver/4.1.30.Final/netty-resolver-4.1.30.Final.jar:/home/user/.m2/repository/io/netty/netty-transport-native-unix-common/4.1.30.Final/netty-transport-native-unix-common-4.1.30.Final.jar:/home/user/.m2/repository/io/grpc/grpc-protobuf/1.17.1/grpc-protobuf-1.17.1.jar:/home/user/.m2/repository/com/google/api/grpc/proto-google-common-protos/1.0.0/proto-google-common-protos-1.0.0.jar:/home/user/.m2/repository/io/grpc/grpc-protobuf-lite/1.17.1/grpc-protobuf-lite-1.17.1.jar:/home/user/.m2/repository/io/grpc/grpc-stub/1.17.1/grpc-stub-1.17.1.jar:/home/user/.m2/repository/org/apache/hadoop/hadoop-ozone-recon/0.5.0-SNAPSHOT/hadoop-ozone-recon-0.5.0-SNAPSHOT.jar:/home/user/.m2/repository/org/apache/hadoop/hadoop-ozone-reconcodegen/0.5.0-SNAPSHOT/hadoop-ozone-reconcodegen-0.5.0-SNAPSHOT.jar:/home/user/.m2/repository/com/google/inject/extensions/guice-multibindings/4.0/guice-multibindings-4.0.jar:/home/user/.m2/repository/com/google/inject/guice/4.0/guice-4.0.jar:/home/user/.m2/repository/aopalliance/aopalliance/1.0/aopalliance-1.0.jar:/home/user/.m2/repository/com/google/inject/extensions/guice-servlet/4.0/guice-servlet-4.0.jar:/home/user/.m2/repository/org/glassfish/jersey/containers/jersey-container-servlet/2.27/jersey-container-servlet-2.27.jar:/home/user/.m2/repository/org/glassfish/hk2/guice-bridge/2.5.0/guice-bridge-2.5.0.jar:/home/user/.m2/repository/org/glassfish/jersey/core/jersey-server/2.27/jersey-server-2.27.jar:/home/user/.m2/repository/org/glassfish/jersey/core/jersey-client/2.27/jersey-client-2.27.jar:/home/user/.m2/repository/org/glassfish/jersey/media/jersey-media-jaxb/2.27/jersey-media-jaxb-2.27.jar:/home/user/.m2/repository/javax/validation/validation-api/1.1.0.Final/validation-api-1.1.0.Final.jar:/home/user/.m2/repository/org/glassfish/jersey/media/jersey-media-json-jackson/2.27/jersey-media-json-jackson-2.27.jar:/home/user/.m2/repository/org/glassfish/jersey/ext/jersey-entity-filtering/2.27/jersey-entity-filtering-2.27.jar:/home/user/.m2/repository/com/google/inject/extensions/guice-assistedinject/4.0/guice-assistedinject-4.0.jar:/home/user/.m2/repository/org/jooq/jooq/3.11.10/jooq-3.11.10.jar:/home/user/.m2/repository/org/jooq/jooq-meta/3.11.10/jooq-meta-3.11.10.jar:/home/user/.m2/repository/org/jooq/jooq-codegen/3.11.10/jooq-codegen-3.11.10.jar:/home/user/.m2/repository/com/jolbox/bonecp/0.8.0.RELEASE/bonecp-0.8.0.RELEASE.jar:/home/user/.m2/repository/org/xerial/sqlite-jdbc/3.25.2/sqlite-jdbc-3.25.2.jar:/home/user/.m2/repository/org/springframework/spring-jdbc/5.1.3.RELEASE/spring-jdbc-5.1.3.RELEASE.jar:/home/user/.m2/repository/org/springframework/spring-beans/5.1.3.RELEASE/spring-beans-5.1.3.RELEASE.jar:/home/user/.m2/repository/org/springframework/spring-core/5.1.3.RELEASE/spring-core-5.1.3.RELEASE.jar:/home/user/.m2/repository/org/springframework/spring-jcl/5.1.3.RELEASE/spring-jcl-5.1.3.RELEASE.jar:/home/user/.m2/repository/org/springframework/spring-tx/5.1.3.RELEASE/spring-tx-5.1.3.RELEASE.jar:/home/user/.m2/repository/org/apache/hadoop/hadoop-ozone-client/0.5.0-SNAPSHOT/hadoop-ozone-client-0.5.0-SNAPSHOT.jar:/home/user/.m2/repository/commons-lang/commons-lang/2.6/commons-lang-2.6.jar:/home/user/.m2/repository/org/apache/hadoop/hadoop-ozone-ozone-manager/0.5.0-SNAPSHOT/hadoop-ozone-ozone-manager-0.5.0-SNAPSHOT-tests.jar:/home/user/.m2/repository/junit/junit/4.11/junit-4.11.jar:/home/user/.m2/repository/org/hamcrest/hamcrest-core/1.3/hamcrest-core-1.3.jar:/home/user/.m2/repository/org/openjdk/jmh/jmh-core/1.19/jmh-core-1.19.jar:/home/user/.m2/repository/net/sf/jopt-simple/jopt-simple/4.6/jopt-simple-4.6.jar:/home/user/.m2/repository/org/apache/commons/commons-math3/3.1.1/commons-math3-3.1.1.jar:/home/user/.m2/repository/org/openjdk/jmh/jmh-generator-annprocess/1.19/jmh-generator-annprocess-1.19.jar:/home/user/.m2/repository/org/mockito/mockito-all/1.8.5/mockito-all-1.8.5.jar:/home/user/.m2/repository/org/apache/hadoop/hadoop-kms/3.2.0/hadoop-kms-3.2.0.jar:/home/user/.m2/repository/org/apache/hadoop/hadoop-auth/3.2.0/hadoop-auth-3.2.0.jar:/home/user/.m2/repository/com/nimbusds/nimbus-jose-jwt/4.41.1/nimbus-jose-jwt-4.41.1.jar:/home/user/.m2/repository/com/github/stephenc/jcip/jcip-annotations/1.0-1/jcip-annotations-1.0-1.jar:/home/user/.m2/repository/net/minidev/json-smart/2.3/json-smart-2.3.jar:/home/user/.m2/repository/net/minidev/accessors-smart/1.2/accessors-smart-1.2.jar:/home/user/.m2/repository/org/ow2/asm/asm/5.0.4/asm-5.0.4.jar:/home/user/.m2/repository/org/apache/curator/curator-framework/2.12.0/curator-framework-2.12.0.jar:/home/user/.m2/repository/com/sun/jersey/jersey-core/1.19/jersey-core-1.19.jar:/home/user/.m2/repository/javax/ws/rs/jsr311-api/1.1.1/jsr311-api-1.1.1.jar:/home/user/.m2/repository/com/sun/jersey/jersey-server/1.19/jersey-server-1.19.jar:/home/user/.m2/repository/javax/servlet/javax.servlet-api/3.1.0/javax.servlet-api-3.1.0.jar:/home/user/.m2/repository/org/eclipse/jetty/jetty-server/9.3.25.v20180904/jetty-server-9.3.25.v20180904.jar:/home/user/.m2/repository/org/eclipse/jetty/jetty-http/9.3.25.v20180904/jetty-http-9.3.25.v20180904.jar:/home/user/.m2/repository/org/eclipse/jetty/jetty-io/9.3.25.v20180904/jetty-io-9.3.25.v20180904.jar:/home/user/.m2/repository/org/eclipse/jetty/jetty-webapp/9.3.25.v20180904/jetty-webapp-9.3.25.v20180904.jar:/home/user/.m2/repository/org/eclipse/jetty/jetty-xml/9.3.25.v20180904/jetty-xml-9.3.25.v20180904.jar:/home/user/.m2/repository/log4j/log4j/1.2.17/log4j-1.2.17.jar:/home/user/.m2/repository/org/slf4j/slf4j-api/1.7.25/slf4j-api-1.7.25.jar:/home/user/.m2/repository/org/slf4j/jul-to-slf4j/1.7.25/jul-to-slf4j-1.7.25.jar:/home/user/.m2/repository/org/eclipse/jetty/jetty-util/9.3.25.v20180904/jetty-util-9.3.25.v20180904.jar:/home/user/.m2/repository/com/fasterxml/jackson/core/jackson-databind/2.9.9/jackson-databind-2.9.9.jar:/home/user/.m2/repository/org/apache/hadoop/hadoop-kms/3.2.0/hadoop-kms-3.2.0-tests.jar:/home/user/.m2/repository/org/apache/hadoop/hadoop-hdds-server-scm/0.5.0-SNAPSHOT/hadoop-hdds-server-scm-0.5.0-SNAPSHOT-tests.jar:/home/user/.m2/repository/org/apache/hadoop/hadoop-hdds-container-service/0.5.0-SNAPSHOT/hadoop-hdds-container-service-0.5.0-SNAPSHOT-tests.jar:/home/user/.m2/repository/org/yaml/snakeyaml/1.16/snakeyaml-1.16.jar:/home/user/.m2/repository/org/apache/hadoop/hadoop-common/3.2.0/hadoop-common-3.2.0-tests.jar:/home/user/.m2/repository/org/apache/hadoop/hadoop-annotations/3.2.0/hadoop-annotations-3.2.0.jar:/usr/lib/jvm/java-1.8.0-openjdk-1.8.0.222.b10-1.el7_7.x86_64/jre/../lib/tools.jar:/home/user/.m2/repository/commons-cli/commons-cli/1.2/commons-cli-1.2.jar:/home/user/.m2/repository/org/apache/httpcomponents/httpclient/4.5.2/httpclient-4.5.2.jar:/home/user/.m2/repository/org/apache/httpcomponents/httpcore/4.4.4/httpcore-4.4.4.jar:/home/user/.m2/repository/commons-codec/commons-codec/1.11/commons-codec-1.11.jar:/home/user/.m2/repository/commons-net/commons-net/3.6/commons-net-3.6.jar:/home/user/.m2/repository/commons-collections/commons-collections/3.2.2/commons-collections-3.2.2.jar:/home/user/.m2/repository/org/eclipse/jetty/jetty-servlet/9.3.25.v20180904/jetty-servlet-9.3.25.v20180904.jar:/home/user/.m2/repository/org/eclipse/jetty/jetty-security/9.3.25.v20180904/jetty-security-9.3.25.v20180904.jar:/home/user/.m2/repository/javax/servlet/jsp/jsp-api/2.1/jsp-api-2.1.jar:/home/user/.m2/repository/com/sun/jersey/jersey-servlet/1.19/jersey-servlet-1.19.jar:/home/user/.m2/repository/com/sun/jersey/jersey-json/1.19/jersey-json-1.19.jar:/home/user/.m2/repository/org/codehaus/jettison/jettison/1.1/jettison-1.1.jar:/home/user/.m2/repository/org/codehaus/jackson/jackson-core-asl/1.9.13/jackson-core-asl-1.9.13.jar:/home/user/.m2/repository/org/codehaus/jackson/jackson-mapper-asl/1.9.13/jackson-mapper-asl-1.9.13.jar:/home/user/.m2/repository/org/codehaus/jackson/jackson-jaxrs/1.9.13/jackson-jaxrs-1.9.13.jar:/home/user/.m2/repository/org/codehaus/jackson/jackson-xc/1.9.13/jackson-xc-1.9.13.jar:/home/user/.m2/repository/commons-logging/commons-logging/1.1.3/commons-logging-1.1.3.jar:/home/user/.m2/repository/commons-beanutils/commons-beanutils/1.9.4/commons-beanutils-1.9.4.jar:/home/user/.m2/repository/org/apache/commons/commons-configuration2/2.1.1/commons-configuration2-2.1.1.jar:/home/user/.m2/repository/org/apache/commons/commons-lang3/3.7/commons-lang3-3.7.jar:/home/user/.m2/repository/org/apache/commons/commons-text/1.4/commons-text-1.4.jar:/home/user/.m2/repository/org/apache/avro/avro/1.7.7/avro-1.7.7.jar:/home/user/.m2/repository/com/thoughtworks/paranamer/paranamer/2.3/paranamer-2.3.jar:/home/user/.m2/repository/org/xerial/snappy/snappy-java/1.0.5/snappy-java-1.0.5.jar:/home/user/.m2/repository/com/google/re2j/re2j/1.1/re2j-1.1.jar:/home/user/.m2/repository/com/google/code/gson/gson/2.2.4/gson-2.2.4.jar:/home/user/.m2/repository/com/jcraft/jsch/0.1.54/jsch-0.1.54.jar:/home/user/.m2/repository/org/apache/curator/curator-client/2.12.0/curator-client-2.12.0.jar:/home/user/.m2/repository/org/apache/curator/curator-recipes/2.12.0/curator-recipes-2.12.0.jar:/home/user/.m2/repository/com/google/code/findbugs/jsr305/3.0.0/jsr305-3.0.0.jar:/home/user/.m2/repository/org/apache/htrace/htrace-core4/4.1.0-incubating/htrace-core4-4.1.0-incubating.jar:/home/user/.m2/repository/org/apache/zookeeper/zookeeper/3.4.13/zookeeper-3.4.13.jar:/home/user/.m2/repository/jline/jline/0.9.94/jline-0.9.94.jar:/home/user/.m2/repository/org/apache/yetus/audience-annotations/0.5.0/audience-annotations-0.5.0.jar:/home/user/.m2/repository/org/codehaus/woodstox/stax2-api/3.1.4/stax2-api-3.1.4.jar:/home/user/.m2/repository/com/fasterxml/woodstox/woodstox-core/5.0.3/woodstox-core-5.0.3.jar:/home/user/.m2/repository/dnsjava/dnsjava/2.1.7/dnsjava-2.1.7.jar:/home/user/.m2/repository/org/apache/hadoop/hadoop-hdfs/3.2.0/hadoop-hdfs-3.2.0-tests.jar:/home/user/.m2/repository/org/eclipse/jetty/jetty-util-ajax/9.3.25.v20180904/jetty-util-ajax-9.3.25.v20180904.jar:/home/user/.m2/repository/commons-daemon/commons-daemon/1.0.13/commons-daemon-1.0.13.jar:/home/user/.m2/repository/io/netty/netty/3.10.5.Final/netty-3.10.5.Final.jar:/home/user/.m2/repository/io/netty/netty-all/4.0.52.Final/netty-all-4.0.52.Final.jar:/home/user/.m2/repository/org/fusesource/leveldbjni/leveldbjni-all/1.8/leveldbjni-all-1.8.jar:"/>
    <property name="sun.cpu.endian" value="little"/>
    <property name="user.home" value="/home/user"/>
    <property name="user.language" value="en"/>
    <property name="java.specification.vendor" value="Oracle Corporation"/>
    <property name="java.home" value="/usr/lib/jvm/java-1.8.0-openjdk-1.8.0.222.b10-1.el7_7.x86_64/jre"/>
    <property name="surefire.excludesFile" value="/tools/ozone-bad-unit-tests"/>
    <property name="java.security.krb5.conf" value="/workdir/hadoop-ozone/integration-test/target/test-classes/krb5.conf"/>
    <property name="basedir" value="/workdir/hadoop-ozone/integration-test"/>
    <property name="file.separator" value="/"/>
    <property name="line.separator" value="&#10;"/>
    <property name="java.vm.specification.vendor" value="Oracle Corporation"/>
    <property name="java.specification.name" value="Java Platform API Specification"/>
    <property name="java.awt.graphicsenv" value="sun.awt.X11GraphicsEnvironment"/>
    <property name="surefire.real.class.path" value="/workdir/hadoop-ozone/integration-test/target/surefire/surefirebooter904662654409057362.jar"/>
    <property name="hadoop.log.dir" value="/workdir/hadoop-ozone/integration-test/target/log"/>
    <property name="sun.boot.class.path" value="/usr/lib/jvm/java-1.8.0-openjdk-1.8.0.222.b10-1.el7_7.x86_64/jre/lib/resources.jar:/usr/lib/jvm/java-1.8.0-openjdk-1.8.0.222.b10-1.el7_7.x86_64/jre/lib/rt.jar:/usr/lib/jvm/java-1.8.0-openjdk-1.8.0.222.b10-1.el7_7.x86_64/jre/lib/sunrsasign.jar:/usr/lib/jvm/java-1.8.0-openjdk-1.8.0.222.b10-1.el7_7.x86_64/jre/lib/jsse.jar:/usr/lib/jvm/java-1.8.0-openjdk-1.8.0.222.b10-1.el7_7.x86_64/jre/lib/jce.jar:/usr/lib/jvm/java-1.8.0-openjdk-1.8.0.222.b10-1.el7_7.x86_64/jre/lib/charsets.jar:/usr/lib/jvm/java-1.8.0-openjdk-1.8.0.222.b10-1.el7_7.x86_64/jre/lib/jfr.jar:/usr/lib/jvm/java-1.8.0-openjdk-1.8.0.222.b10-1.el7_7.x86_64/jre/classes"/>
    <property name="sun.management.compiler" value="HotSpot 64-Bit Tiered Compilers"/>
    <property name="java.runtime.version" value="1.8.0_222-b10"/>
    <property name="java.net.preferIPv4Stack" value="true"/>
    <property name="user.name" value="jenkins1000"/>
    <property name="path.separator" value=":"/>
    <property name="java.security.egd" value="file:///dev/urandom"/>
    <property name="os.version" value="3.10.0-957.12.2.el7.x86_64"/>
    <property name="java.endorsed.dirs" value="/usr/lib/jvm/java-1.8.0-openjdk-1.8.0.222.b10-1.el7_7.x86_64/jre/lib/endorsed"/>
    <property name="java.runtime.name" value="OpenJDK Runtime Environment"/>
    <property name="file.encoding" value="ANSI_X3.4-1968"/>
    <property name="java.vm.name" value="OpenJDK 64-Bit Server VM"/>
    <property name="test.build.webapps" value=""/>
    <property name="localRepository" value="/home/user/.m2/repository"/>
    <property name="java.vendor.url.bug" value="http://bugreport.sun.com/bugreport/"/>
    <property name="java.io.tmpdir" value="/tmp"/>
    <property name="require.test.libhadoop" value=""/>
    <property name="java.version" value="1.8.0_222"/>
    <property name="user.dir" value="/workdir/hadoop-ozone/integration-test"/>
    <property name="os.arch" value="amd64"/>
    <property name="java.vm.specification.name" value="Java Virtual Machine Specification"/>
    <property name="test.build.classes" value="/workdir/hadoop-ozone/integration-test/target/test-classes"/>
    <property name="java.awt.printerjob" value="sun.print.PSPrinterJob"/>
    <property name="sun.os.patch.level" value="unknown"/>
    <property name="hadoop.tmp.dir" value="/workdir/hadoop-ozone/integration-test/target/tmp"/>
    <property name="java.library.path" value="/usr/lib:/workdir/hadoop-ozone/integration-test/target/native/target/usr/local/lib:/workdir/hadoop-ozone/integration-test/../../hadoop-common-project/hadoop-common/target/native/target/usr/local/lib:/usr/java/packages/lib/amd64:/usr/lib64:/lib64:/lib:/usr/lib"/>
    <property name="java.vm.info" value="mixed mode"/>
    <property name="java.vendor" value="Oracle Corporation"/>
    <property name="java.vm.version" value="25.222-b10"/>
    <property name="java.ext.dirs" value="/usr/lib/jvm/java-1.8.0-openjdk-1.8.0.222.b10-1.el7_7.x86_64/jre/lib/ext:/usr/java/packages/lib/ext"/>
    <property name="sun.io.unicode.encoding" value="UnicodeLittle"/>
    <property name="java.class.version" value="52.0"/>
  </properties>
  <testcase name="testDeleteKeyWithSlowFollower" classname="org.apache.hadoop.ozone.client.rpc.TestDeleteWithSlowFollower" time="111.896">
    <failure type="java.lang.AssertionError">java.lang.AssertionError
	at org.junit.Assert.fail(Assert.java:86)
	at org.junit.Assert.assertTrue(Assert.java:41)
	at org.junit.Assert.assertTrue(Assert.java:52)
	at org.apache.hadoop.ozone.client.rpc.TestDeleteWithSlowFollower.testDeleteKeyWithSlowFollower(TestDeleteWithSlowFollower.java:265)
	at sun.reflect.NativeMethodAccessorImpl.invoke0(Native Method)
	at sun.reflect.NativeMethodAccessorImpl.invoke(NativeMethodAccessorImpl.java:62)
	at sun.reflect.DelegatingMethodAccessorImpl.invoke(DelegatingMethodAccessorImpl.java:43)
	at java.lang.reflect.Method.invoke(Method.java:498)
	at org.junit.runners.model.FrameworkMethod$1.runReflectiveCall(FrameworkMethod.java:47)
	at org.junit.internal.runners.model.ReflectiveCallable.run(ReflectiveCallable.java:12)
	at org.junit.runners.model.FrameworkMethod.invokeExplosively(FrameworkMethod.java:44)
	at org.junit.internal.runners.statements.InvokeMethod.evaluate(InvokeMethod.java:17)
	at org.junit.runners.ParentRunner.runLeaf(ParentRunner.java:271)
	at org.junit.runners.BlockJUnit4ClassRunner.runChild(BlockJUnit4ClassRunner.java:70)
	at org.junit.runners.BlockJUnit4ClassRunner.runChild(BlockJUnit4ClassRunner.java:50)
	at org.junit.runners.ParentRunner$3.run(ParentRunner.java:238)
	at org.junit.runners.ParentRunner$1.schedule(ParentRunner.java:63)
	at org.junit.runners.ParentRunner.runChildren(ParentRunner.java:236)
	at org.junit.runners.ParentRunner.access$000(ParentRunner.java:53)
	at org.junit.runners.ParentRunner$2.evaluate(ParentRunner.java:229)
	at org.junit.internal.runners.statements.RunBefores.evaluate(RunBefores.java:26)
	at org.junit.internal.runners.statements.RunAfters.evaluate(RunAfters.java:27)
	at org.junit.runners.ParentRunner.run(ParentRunner.java:309)
	at org.apache.maven.surefire.junit4.JUnit4Provider.execute(JUnit4Provider.java:365)
	at org.apache.maven.surefire.junit4.JUnit4Provider.executeWithRerun(JUnit4Provider.java:273)
	at org.apache.maven.surefire.junit4.JUnit4Provider.executeTestSet(JUnit4Provider.java:238)
	at org.apache.maven.surefire.junit4.JUnit4Provider.invoke(JUnit4Provider.java:159)
	at org.apache.maven.surefire.booter.ForkedBooter.invokeProviderInSameClassLoader(ForkedBooter.java:384)
	at org.apache.maven.surefire.booter.ForkedBooter.runSuitesInProcess(ForkedBooter.java:345)
	at org.apache.maven.surefire.booter.ForkedBooter.execute(ForkedBooter.java:126)
	at org.apache.maven.surefire.booter.ForkedBooter.main(ForkedBooter.java:418)
</failure>
    <system-out><![CDATA[2019-10-20 04:40:47,884 [main] WARN  server.ServerUtils (ServerUtils.java:getScmDbDir(145)) - ozone.scm.db.dirs is not configured. We recommend adding this setting. Falling back to ozone.metadata.dirs instead.
2019-10-20 04:40:47,998 [main] WARN  server.ServerUtils (ServerUtils.java:getScmDbDir(145)) - ozone.scm.db.dirs is not configured. We recommend adding this setting. Falling back to ozone.metadata.dirs instead.
2019-10-20 04:40:48,001 [main] WARN  server.ServerUtils (ServerUtils.java:getScmDbDir(145)) - ozone.scm.db.dirs is not configured. We recommend adding this setting. Falling back to ozone.metadata.dirs instead.
2019-10-20 04:40:48,022 [main] INFO  util.log (Log.java:initialized(192)) - Logging initialized @830ms
2019-10-20 04:40:48,105 [main] INFO  db.DBStoreBuilder (DBStoreBuilder.java:addTable(117)) - using custom profile for table: deletedBlocks
2019-10-20 04:40:48,105 [main] INFO  db.DBStoreBuilder (DBStoreBuilder.java:processTables(168)) - Using default column profile:DBProfile.DISK for Table:deletedBlocks
2019-10-20 04:40:48,105 [main] INFO  db.DBStoreBuilder (DBStoreBuilder.java:addTable(117)) - using custom profile for table: validCerts
2019-10-20 04:40:48,106 [main] INFO  db.DBStoreBuilder (DBStoreBuilder.java:processTables(168)) - Using default column profile:DBProfile.DISK for Table:validCerts
2019-10-20 04:40:48,106 [main] INFO  db.DBStoreBuilder (DBStoreBuilder.java:addTable(117)) - using custom profile for table: revokedCerts
2019-10-20 04:40:48,106 [main] INFO  db.DBStoreBuilder (DBStoreBuilder.java:processTables(168)) - Using default column profile:DBProfile.DISK for Table:revokedCerts
2019-10-20 04:40:48,116 [main] INFO  db.DBStoreBuilder (DBStoreBuilder.java:addTable(117)) - using custom profile for table: default
2019-10-20 04:40:48,117 [main] INFO  db.DBStoreBuilder (DBStoreBuilder.java:processTables(174)) - Using default column profile:DBProfile.DISK for Table:default
2019-10-20 04:40:48,118 [main] INFO  db.DBStoreBuilder (DBStoreBuilder.java:getDbProfile(205)) - Using default options. DBProfile.DISK
2019-10-20 04:40:48,501 [main] INFO  net.NodeSchemaLoader (NodeSchemaLoader.java:loadSchemaFromFile(125)) - Loading file from sun.misc.CompoundEnumeration@74235045
2019-10-20 04:40:48,503 [main] INFO  net.NodeSchemaLoader (NodeSchemaLoader.java:loadSchema(171)) - Loading network topology layer schema file
2019-10-20 04:40:48,563 [main] WARN  server.ServerUtils (ServerUtils.java:sanitizeUserArgs(70)) - ozone.scm.stale.node.interval value = 1000000 is larger than max = 100000 based on the key value of ozone.scm.heartbeat.thread.interval, reset to the max value 100000.
2019-10-20 04:40:48,565 [main] WARN  server.ServerUtils (ServerUtils.java:sanitizeUserArgs(70)) - ozone.scm.stale.node.interval value = 1000000 is larger than max = 100000 based on the key value of ozone.scm.heartbeat.thread.interval, reset to the max value 100000.
2019-10-20 04:40:48,568 [main] INFO  node.SCMNodeManager (SCMNodeManager.java:<init>(116)) - Entering startup safe mode.
2019-10-20 04:40:48,632 [main] INFO  algorithms.ContainerPlacementPolicyFactory (ContainerPlacementPolicyFactory.java:getPolicy(57)) - Create container placement policy of type org.apache.hadoop.hdds.scm.container.placement.algorithms.SCMContainerPlacementRandom
2019-10-20 04:40:48,646 [main] WARN  server.ServerUtils (ServerUtils.java:getScmDbDir(145)) - ozone.scm.db.dirs is not configured. We recommend adding this setting. Falling back to ozone.metadata.dirs instead.
2019-10-20 04:40:48,789 [main] INFO  pipeline.SCMPipelineManager (SCMPipelineManager.java:initializePipelineState(132)) - No pipeline exists in current db
2019-10-20 04:40:48,793 [main] WARN  server.ServerUtils (ServerUtils.java:getScmDbDir(145)) - ozone.scm.db.dirs is not configured. We recommend adding this setting. Falling back to ozone.metadata.dirs instead.
2019-10-20 04:40:49,013 [main] WARN  events.EventQueue (EventQueue.java:fireEvent(183)) - No event handler registered for event TypedEvent{payloadType=SafeModeStatus, name='SafeModeStatus'}
2019-10-20 04:40:49,369 [main] INFO  ipc.CallQueueManager (CallQueueManager.java:<init>(84)) - Using callQueue: class java.util.concurrent.LinkedBlockingQueue, queueCapacity: 2000, scheduler: class org.apache.hadoop.ipc.DefaultRpcScheduler, ipcBackoff: false.
2019-10-20 04:40:49,483 [Socket Reader #1 for port 37218] INFO  ipc.Server (Server.java:run(1074)) - Starting Socket Reader #1 for port 37218
2019-10-20 04:40:49,520 [main] INFO  ipc.CallQueueManager (CallQueueManager.java:<init>(84)) - Using callQueue: class java.util.concurrent.LinkedBlockingQueue, queueCapacity: 2000, scheduler: class org.apache.hadoop.ipc.DefaultRpcScheduler, ipcBackoff: false.
2019-10-20 04:40:49,521 [Socket Reader #1 for port 34748] INFO  ipc.Server (Server.java:run(1074)) - Starting Socket Reader #1 for port 34748
2019-10-20 04:40:49,532 [main] INFO  ipc.CallQueueManager (CallQueueManager.java:<init>(84)) - Using callQueue: class java.util.concurrent.LinkedBlockingQueue, queueCapacity: 2000, scheduler: class org.apache.hadoop.ipc.DefaultRpcScheduler, ipcBackoff: false.
2019-10-20 04:40:49,533 [Socket Reader #1 for port 38146] INFO  ipc.Server (Server.java:run(1074)) - Starting Socket Reader #1 for port 38146
2019-10-20 04:40:49,559 [main] INFO  hdfs.DFSUtil (DFSUtil.java:httpServerTemplateForNNAndJN(1641)) - Starting Web-server for scm at: http://0.0.0.0:0
2019-10-20 04:40:49,731 [main] INFO  server.AuthenticationFilter (AuthenticationFilter.java:constructSecretProvider(240)) - Unable to initialize FileSignerSecretProvider, falling back to use random secrets.
2019-10-20 04:40:49,741 [main] WARN  http.HttpRequestLog (HttpRequestLog.java:getRequestLog(97)) - Jetty request log can only be enabled using Log4j
2019-10-20 04:40:49,749 [main] INFO  http.HttpServer2 (HttpServer2.java:addGlobalFilter(975)) - Added global filter 'safety' (class=org.apache.hadoop.http.HttpServer2$QuotingInputFilter)
2019-10-20 04:40:49,752 [main] INFO  http.HttpServer2 (HttpServer2.java:addFilter(948)) - Added filter static_user_filter (class=org.apache.hadoop.http.lib.StaticUserWebFilter$StaticUserFilter) to context scm
2019-10-20 04:40:49,752 [main] INFO  http.HttpServer2 (HttpServer2.java:addFilter(958)) - Added filter static_user_filter (class=org.apache.hadoop.http.lib.StaticUserWebFilter$StaticUserFilter) to context logs
2019-10-20 04:40:49,752 [main] INFO  http.HttpServer2 (HttpServer2.java:addFilter(958)) - Added filter static_user_filter (class=org.apache.hadoop.http.lib.StaticUserWebFilter$StaticUserFilter) to context static
2019-10-20 04:40:49,787 [main] INFO  server.StorageContainerManager (StorageContainerManager.java:start(772)) - StorageContainerLocationProtocol RPC server is listening at /0.0.0.0:38146
2019-10-20 04:40:49,870 [main] WARN  impl.MetricsConfig (MetricsConfig.java:loadFirst(134)) - Cannot locate configuration: tried hadoop-metrics2-storagecontainermanager.properties,hadoop-metrics2.properties
2019-10-20 04:40:49,885 [main] INFO  impl.MetricsSystemImpl (MetricsSystemImpl.java:startTimer(374)) - Scheduled Metric snapshot period at 10 second(s).
2019-10-20 04:40:49,885 [main] INFO  impl.MetricsSystemImpl (MetricsSystemImpl.java:start(191)) - StorageContainerManager metrics system started
2019-10-20 04:40:50,139 [main] INFO  server.SCMClientProtocolServer (SCMClientProtocolServer.java:start(159)) - RPC server for Client  is listening at /0.0.0.0:38146
2019-10-20 04:40:50,140 [IPC Server Responder] INFO  ipc.Server (Server.java:run(1314)) - IPC Server Responder: starting
2019-10-20 04:40:50,140 [IPC Server listener on 38146] INFO  ipc.Server (Server.java:run(1153)) - IPC Server listener on 38146: starting
2019-10-20 04:40:50,143 [main] INFO  server.StorageContainerManager (StorageContainerManager.java:start(782)) - ScmBlockLocationProtocol RPC server is listening at /0.0.0.0:34748
2019-10-20 04:40:50,144 [main] INFO  server.SCMBlockProtocolServer (SCMBlockProtocolServer.java:start(146)) - RPC server for Block Protocol is listening at /0.0.0.0:34748
2019-10-20 04:40:50,144 [IPC Server Responder] INFO  ipc.Server (Server.java:run(1314)) - IPC Server Responder: starting
2019-10-20 04:40:50,144 [IPC Server listener on 34748] INFO  ipc.Server (Server.java:run(1153)) - IPC Server listener on 34748: starting
2019-10-20 04:40:50,146 [main] INFO  server.StorageContainerManager (StorageContainerManager.java:start(786)) - ScmDatanodeProtocl RPC server is listening at /0.0.0.0:37218
2019-10-20 04:40:50,147 [main] INFO  server.SCMDatanodeProtocolServer (SCMDatanodeProtocolServer.java:start(169)) - RPC server for DataNodes is listening at /0.0.0.0:37218
2019-10-20 04:40:50,148 [IPC Server Responder] INFO  ipc.Server (Server.java:run(1314)) - IPC Server Responder: starting
2019-10-20 04:40:50,148 [IPC Server listener on 37218] INFO  ipc.Server (Server.java:run(1153)) - IPC Server listener on 37218: starting
2019-10-20 04:40:50,151 [main] INFO  http.HttpServer2 (HttpServer2.java:bindListener(1191)) - Jetty bound to port 39878
2019-10-20 04:40:50,153 [main] INFO  server.Server (Server.java:doStart(351)) - jetty-9.3.25.v20180904, build timestamp: 2018-09-04T21:11:46Z, git hash: 3ce520221d0240229c862b122d2b06c12a625732
2019-10-20 04:40:50,189 [main] INFO  handler.ContextHandler (ContextHandler.java:doStart(781)) - Started o.e.j.s.ServletContextHandler@42f8285e{/logs,file:///workdir/hadoop-ozone/integration-test/target/log,AVAILABLE}
2019-10-20 04:40:50,190 [main] INFO  handler.ContextHandler (ContextHandler.java:doStart(781)) - Started o.e.j.s.ServletContextHandler@3724af13{/static,file:///workdir/hadoop-ozone/integration-test/target/test-classes/webapps/static,AVAILABLE}
2019-10-20 04:40:50,221 [main] INFO  handler.ContextHandler (ContextHandler.java:doStart(781)) - Started o.e.j.w.WebAppContext@24a1c17f{/,file:///workdir/hadoop-ozone/integration-test/target/test-classes/webapps/scm/,AVAILABLE}{/scm}
2019-10-20 04:40:50,227 [main] INFO  server.AbstractConnector (AbstractConnector.java:doStart(278)) - Started ServerConnector@4d63b624{HTTP/1.1,[http/1.1]}{0.0.0.0:39878}
2019-10-20 04:40:50,227 [main] INFO  server.Server (Server.java:doStart(419)) - Started @3035ms
2019-10-20 04:40:50,229 [main] INFO  impl.MetricsSinkAdapter (MetricsSinkAdapter.java:start(204)) - Sink prometheus started
2019-10-20 04:40:50,230 [main] INFO  impl.MetricsSystemImpl (MetricsSystemImpl.java:registerSink(301)) - Registered sink prometheus
2019-10-20 04:40:50,231 [main] INFO  server.BaseHttpServer (BaseHttpServer.java:updateConnectorAddress(215)) - HTTP server of SCM is listening at http://0.0.0.0:39878
2019-10-20 04:40:50,241 [org.apache.hadoop.util.JvmPauseMonitor$Monitor@4b629f13] INFO  util.JvmPauseMonitor (JvmPauseMonitor.java:run(188)) - Starting JVM pause monitor
2019-10-20 04:40:50,242 [main] WARN  server.ServerUtils (ServerUtils.java:getDBPath(222)) - ozone.om.db.dirs is not configured. We recommend adding this setting. Falling back to ozone.metadata.dirs instead.
2019-10-20 04:40:50,344 [main] INFO  ha.OMHANodeDetails (OMHANodeDetails.java:loadOMHAConfig(190)) - Configuration either no ozone.om.address set. Falling back to the default OM address /127.0.0.1:0
2019-10-20 04:40:50,344 [main] INFO  ha.OMHANodeDetails (OMHANodeDetails.java:getOMNodeDetails(220)) - OM Service ID is not set. Setting it to the default ID: omServiceIdDefault
2019-10-20 04:40:50,346 [main] WARN  server.ServerUtils (ServerUtils.java:getDBPath(222)) - ozone.om.db.dirs is not configured. We recommend adding this setting. Falling back to ozone.metadata.dirs instead.
2019-10-20 04:40:50,346 [main] WARN  server.ServerUtils (ServerUtils.java:getDBPath(222)) - ozone.om.db.dirs is not configured. We recommend adding this setting. Falling back to ozone.metadata.dirs instead.
2019-10-20 04:40:50,937 [main] WARN  server.ServerUtils (ServerUtils.java:getDBPath(222)) - ozone.om.db.dirs is not configured. We recommend adding this setting. Falling back to ozone.metadata.dirs instead.
2019-10-20 04:40:50,943 [main] INFO  db.DBStoreBuilder (DBStoreBuilder.java:addTable(117)) - using custom profile for table: userTable
2019-10-20 04:40:50,944 [main] INFO  db.DBStoreBuilder (DBStoreBuilder.java:processTables(168)) - Using default column profile:DBProfile.DISK for Table:userTable
2019-10-20 04:40:50,944 [main] INFO  db.DBStoreBuilder (DBStoreBuilder.java:addTable(117)) - using custom profile for table: volumeTable
2019-10-20 04:40:50,944 [main] INFO  db.DBStoreBuilder (DBStoreBuilder.java:processTables(168)) - Using default column profile:DBProfile.DISK for Table:volumeTable
2019-10-20 04:40:50,944 [main] INFO  db.DBStoreBuilder (DBStoreBuilder.java:addTable(117)) - using custom profile for table: bucketTable
2019-10-20 04:40:50,944 [main] INFO  db.DBStoreBuilder (DBStoreBuilder.java:processTables(168)) - Using default column profile:DBProfile.DISK for Table:bucketTable
2019-10-20 04:40:50,945 [main] INFO  db.DBStoreBuilder (DBStoreBuilder.java:addTable(117)) - using custom profile for table: keyTable
2019-10-20 04:40:50,945 [main] INFO  db.DBStoreBuilder (DBStoreBuilder.java:processTables(168)) - Using default column profile:DBProfile.DISK for Table:keyTable
2019-10-20 04:40:50,945 [main] INFO  db.DBStoreBuilder (DBStoreBuilder.java:addTable(117)) - using custom profile for table: deletedTable
2019-10-20 04:40:50,945 [main] INFO  db.DBStoreBuilder (DBStoreBuilder.java:processTables(168)) - Using default column profile:DBProfile.DISK for Table:deletedTable
2019-10-20 04:40:50,945 [main] INFO  db.DBStoreBuilder (DBStoreBuilder.java:addTable(117)) - using custom profile for table: openKeyTable
2019-10-20 04:40:50,946 [main] INFO  db.DBStoreBuilder (DBStoreBuilder.java:processTables(168)) - Using default column profile:DBProfile.DISK for Table:openKeyTable
2019-10-20 04:40:50,946 [main] INFO  db.DBStoreBuilder (DBStoreBuilder.java:addTable(117)) - using custom profile for table: s3Table
2019-10-20 04:40:50,946 [main] INFO  db.DBStoreBuilder (DBStoreBuilder.java:processTables(168)) - Using default column profile:DBProfile.DISK for Table:s3Table
2019-10-20 04:40:50,946 [main] INFO  db.DBStoreBuilder (DBStoreBuilder.java:addTable(117)) - using custom profile for table: multipartInfoTable
2019-10-20 04:40:50,946 [main] INFO  db.DBStoreBuilder (DBStoreBuilder.java:processTables(168)) - Using default column profile:DBProfile.DISK for Table:multipartInfoTable
2019-10-20 04:40:50,947 [main] INFO  db.DBStoreBuilder (DBStoreBuilder.java:addTable(117)) - using custom profile for table: dTokenTable
2019-10-20 04:40:50,947 [main] INFO  db.DBStoreBuilder (DBStoreBuilder.java:processTables(168)) - Using default column profile:DBProfile.DISK for Table:dTokenTable
2019-10-20 04:40:50,947 [main] INFO  db.DBStoreBuilder (DBStoreBuilder.java:addTable(117)) - using custom profile for table: s3SecretTable
2019-10-20 04:40:50,947 [main] INFO  db.DBStoreBuilder (DBStoreBuilder.java:processTables(168)) - Using default column profile:DBProfile.DISK for Table:s3SecretTable
2019-10-20 04:40:50,947 [main] INFO  db.DBStoreBuilder (DBStoreBuilder.java:addTable(117)) - using custom profile for table: prefixTable
2019-10-20 04:40:50,948 [main] INFO  db.DBStoreBuilder (DBStoreBuilder.java:processTables(168)) - Using default column profile:DBProfile.DISK for Table:prefixTable
2019-10-20 04:40:50,948 [main] INFO  db.DBStoreBuilder (DBStoreBuilder.java:addTable(117)) - using custom profile for table: default
2019-10-20 04:40:50,948 [main] INFO  db.DBStoreBuilder (DBStoreBuilder.java:processTables(174)) - Using default column profile:DBProfile.DISK for Table:default
2019-10-20 04:40:50,948 [main] INFO  db.DBStoreBuilder (DBStoreBuilder.java:getDbProfile(205)) - Using default options. DBProfile.DISK
2019-10-20 04:40:51,808 [main] INFO  ipc.CallQueueManager (CallQueueManager.java:<init>(84)) - Using callQueue: class java.util.concurrent.LinkedBlockingQueue, queueCapacity: 2000, scheduler: class org.apache.hadoop.ipc.DefaultRpcScheduler, ipcBackoff: false.
2019-10-20 04:40:51,809 [Socket Reader #1 for port 41859] INFO  ipc.Server (Server.java:run(1074)) - Starting Socket Reader #1 for port 41859
2019-10-20 04:40:51,834 [main] INFO  om.OzoneManager (OzoneManager.java:start(1074)) - OzoneManager RPC server is listening at localhost/127.0.0.1:41859
2019-10-20 04:40:51,834 [main] INFO  impl.MetricsSystemImpl (MetricsSystemImpl.java:init(158)) - OzoneManager metrics system started (again)
2019-10-20 04:40:51,844 [IPC Server listener on 41859] INFO  ipc.Server (Server.java:run(1153)) - IPC Server listener on 41859: starting
2019-10-20 04:40:51,844 [IPC Server Responder] INFO  ipc.Server (Server.java:run(1314)) - IPC Server Responder: starting
2019-10-20 04:40:51,851 [main] INFO  hdfs.DFSUtil (DFSUtil.java:httpServerTemplateForNNAndJN(1641)) - Starting Web-server for ozoneManager at: http://0.0.0.0:0
2019-10-20 04:40:51,853 [main] INFO  server.AuthenticationFilter (AuthenticationFilter.java:constructSecretProvider(240)) - Unable to initialize FileSignerSecretProvider, falling back to use random secrets.
2019-10-20 04:40:51,854 [main] WARN  http.HttpRequestLog (HttpRequestLog.java:getRequestLog(97)) - Jetty request log can only be enabled using Log4j
2019-10-20 04:40:51,856 [main] INFO  http.HttpServer2 (HttpServer2.java:addGlobalFilter(975)) - Added global filter 'safety' (class=org.apache.hadoop.http.HttpServer2$QuotingInputFilter)
2019-10-20 04:40:51,858 [main] INFO  http.HttpServer2 (HttpServer2.java:addFilter(948)) - Added filter static_user_filter (class=org.apache.hadoop.http.lib.StaticUserWebFilter$StaticUserFilter) to context ozoneManager
2019-10-20 04:40:51,858 [main] INFO  http.HttpServer2 (HttpServer2.java:addFilter(958)) - Added filter static_user_filter (class=org.apache.hadoop.http.lib.StaticUserWebFilter$StaticUserFilter) to context static
2019-10-20 04:40:51,858 [main] INFO  http.HttpServer2 (HttpServer2.java:addFilter(958)) - Added filter static_user_filter (class=org.apache.hadoop.http.lib.StaticUserWebFilter$StaticUserFilter) to context logs
2019-10-20 04:40:51,861 [main] INFO  http.HttpServer2 (HttpServer2.java:bindListener(1191)) - Jetty bound to port 33830
2019-10-20 04:40:51,861 [main] INFO  server.Server (Server.java:doStart(351)) - jetty-9.3.25.v20180904, build timestamp: 2018-09-04T21:11:46Z, git hash: 3ce520221d0240229c862b122d2b06c12a625732
2019-10-20 04:40:51,864 [main] INFO  handler.ContextHandler (ContextHandler.java:doStart(781)) - Started o.e.j.s.ServletContextHandler@aa10649{/logs,file:///workdir/hadoop-ozone/integration-test/target/log,AVAILABLE}
2019-10-20 04:40:51,864 [main] INFO  handler.ContextHandler (ContextHandler.java:doStart(781)) - Started o.e.j.s.ServletContextHandler@37095ded{/static,file:///workdir/hadoop-ozone/integration-test/target/test-classes/webapps/static,AVAILABLE}
2019-10-20 04:40:51,871 [main] INFO  handler.ContextHandler (ContextHandler.java:doStart(781)) - Started o.e.j.w.WebAppContext@75b3673{/,file:///workdir/hadoop-ozone/integration-test/target/test-classes/webapps/ozoneManager/,AVAILABLE}{/ozoneManager}
2019-10-20 04:40:51,872 [main] INFO  server.AbstractConnector (AbstractConnector.java:doStart(278)) - Started ServerConnector@1bcb79c2{HTTP/1.1,[http/1.1]}{0.0.0.0:33830}
2019-10-20 04:40:51,872 [main] INFO  server.Server (Server.java:doStart(419)) - Started @4680ms
2019-10-20 04:40:51,873 [main] WARN  impl.MetricsSystemImpl (MetricsSystemImpl.java:register(276)) - Sink prometheus already exists!
2019-10-20 04:40:51,874 [main] INFO  server.BaseHttpServer (BaseHttpServer.java:updateConnectorAddress(215)) - HTTP server of OZONEMANAGER is listening at http://0.0.0.0:33830
2019-10-20 04:40:52,170 [main] INFO  impl.MetricsSystemImpl (MetricsSystemImpl.java:init(158)) - HddsDatanode metrics system started (again)
2019-10-20 04:40:52,214 [main] INFO  ozone.HddsDatanodeService (HddsDatanodeService.java:start(184)) - HddsDatanodeService host:trunk-nightly-20191020-r5wzl-4145440258 ip:192.168.164.239
2019-10-20 04:40:52,246 [main] INFO  volume.HddsVolume (HddsVolume.java:<init>(176)) - Creating Volume: /workdir/hadoop-ozone/integration-test/target/test-dir/MiniOzoneClusterImpl-d38a7f5b-303d-44e0-98bc-bd79b7bb2084/datanode-0/data/containers/hdds of  storage type : DISK and capacity : 1482555576320
2019-10-20 04:40:52,247 [main] INFO  volume.VolumeSet (VolumeSet.java:initializeVolumeSet(170)) - Added Volume : /workdir/hadoop-ozone/integration-test/target/test-dir/MiniOzoneClusterImpl-d38a7f5b-303d-44e0-98bc-bd79b7bb2084/datanode-0/data/containers/hdds to VolumeSet
2019-10-20 04:40:52,250 [main] INFO  volume.ThrottledAsyncChecker (ThrottledAsyncChecker.java:schedule(141)) - Scheduling a check for /workdir/hadoop-ozone/integration-test/target/test-dir/MiniOzoneClusterImpl-d38a7f5b-303d-44e0-98bc-bd79b7bb2084/datanode-0/data/containers/hdds
2019-10-20 04:40:52,267 [main] INFO  volume.HddsVolumeChecker (HddsVolumeChecker.java:checkAllVolumes(204)) - Scheduled health check for volume /workdir/hadoop-ozone/integration-test/target/test-dir/MiniOzoneClusterImpl-d38a7f5b-303d-44e0-98bc-bd79b7bb2084/datanode-0/data/containers/hdds
2019-10-20 04:40:52,379 [main] INFO  impl.RaftServerProxy (ConfUtils.java:logGet(43)) - raft.rpc.type = GRPC (default)
2019-10-20 04:40:52,443 [main] INFO  grpc.GrpcFactory (GrpcFactory.java:checkPooledByteBufAllocatorUseCacheForAllThreads(45)) - PERFORMANCE WARNING: useCacheForAllThreads is true that may cause Netty to create a lot garbage objects and, as a result, trigger GC.
	It is recommended to disable useCacheForAllThreads by setting -Dorg.apache.ratis.thirdparty.io.netty.allocator.useCacheForAllThreads=false in command line.
2019-10-20 04:40:52,448 [main] INFO  grpc.GrpcConfigKeys$Server (ConfUtils.java:logGet(43)) - raft.grpc.server.port = 0 (default)
2019-10-20 04:40:52,449 [main] INFO  server.GrpcService (ConfUtils.java:logGet(43)) - raft.grpc.message.size.max = 33570816 (custom)
2019-10-20 04:40:52,450 [main] INFO  server.RaftServerConfigKeys (ConfUtils.java:logGet(43)) - raft.server.log.appender.buffer.byte-limit = 33554432 (custom)
2019-10-20 04:40:52,451 [main] INFO  server.GrpcService (ConfUtils.java:logGet(43)) - raft.grpc.flow.control.window = 1MB (=1048576) (default)
2019-10-20 04:40:52,452 [main] INFO  server.RaftServerConfigKeys (ConfUtils.java:logGet(43)) - raft.server.rpc.request.timeout = 3000ms (default)
2019-10-20 04:40:52,625 [main] INFO  server.RaftServerConfigKeys (ConfUtils.java:logGet(43)) - raft.server.storage.dir = [/workdir/hadoop-ozone/integration-test/target/test-dir/MiniOzoneClusterImpl-d38a7f5b-303d-44e0-98bc-bd79b7bb2084/datanode-0/data/ratis] (custom)
2019-10-20 04:40:52,682 [main] INFO  hdfs.DFSUtil (DFSUtil.java:httpServerTemplateForNNAndJN(1641)) - Starting Web-server for hddsDatanode at: http://0.0.0.0:0
2019-10-20 04:40:52,684 [main] INFO  server.AuthenticationFilter (AuthenticationFilter.java:constructSecretProvider(240)) - Unable to initialize FileSignerSecretProvider, falling back to use random secrets.
2019-10-20 04:40:52,685 [main] WARN  http.HttpRequestLog (HttpRequestLog.java:getRequestLog(97)) - Jetty request log can only be enabled using Log4j
2019-10-20 04:40:52,688 [main] INFO  http.HttpServer2 (HttpServer2.java:addGlobalFilter(975)) - Added global filter 'safety' (class=org.apache.hadoop.http.HttpServer2$QuotingInputFilter)
2019-10-20 04:40:52,689 [main] INFO  http.HttpServer2 (HttpServer2.java:addFilter(948)) - Added filter static_user_filter (class=org.apache.hadoop.http.lib.StaticUserWebFilter$StaticUserFilter) to context hddsDatanode
2019-10-20 04:40:52,690 [main] INFO  http.HttpServer2 (HttpServer2.java:addFilter(958)) - Added filter static_user_filter (class=org.apache.hadoop.http.lib.StaticUserWebFilter$StaticUserFilter) to context logs
2019-10-20 04:40:52,690 [main] INFO  http.HttpServer2 (HttpServer2.java:addFilter(958)) - Added filter static_user_filter (class=org.apache.hadoop.http.lib.StaticUserWebFilter$StaticUserFilter) to context static
2019-10-20 04:40:52,692 [main] INFO  http.HttpServer2 (HttpServer2.java:bindListener(1191)) - Jetty bound to port 38785
2019-10-20 04:40:52,692 [main] INFO  server.Server (Server.java:doStart(351)) - jetty-9.3.25.v20180904, build timestamp: 2018-09-04T21:11:46Z, git hash: 3ce520221d0240229c862b122d2b06c12a625732
2019-10-20 04:40:52,696 [main] INFO  handler.ContextHandler (ContextHandler.java:doStart(781)) - Started o.e.j.s.ServletContextHandler@60cf62ad{/logs,file:///workdir/hadoop-ozone/integration-test/target/log,AVAILABLE}
2019-10-20 04:40:52,697 [main] INFO  handler.ContextHandler (ContextHandler.java:doStart(781)) - Started o.e.j.s.ServletContextHandler@1ac4ccad{/static,jar:file:/home/user/.m2/repository/org/apache/hadoop/hadoop-hdds-container-service/0.5.0-SNAPSHOT/hadoop-hdds-container-service-0.5.0-SNAPSHOT.jar!/webapps/static,AVAILABLE}
2019-10-20 04:40:52,748 [main] INFO  handler.ContextHandler (ContextHandler.java:doStart(781)) - Started o.e.j.w.WebAppContext@de8039f{/,file:///tmp/jetty-0.0.0.0-38785-hddsDatanode-_-any-8434423726999390650.dir/webapp/,AVAILABLE}{/hddsDatanode}
2019-10-20 04:40:52,749 [main] INFO  server.AbstractConnector (AbstractConnector.java:doStart(278)) - Started ServerConnector@1deceb67{HTTP/1.1,[http/1.1]}{0.0.0.0:38785}
2019-10-20 04:40:52,750 [main] INFO  server.Server (Server.java:doStart(419)) - Started @5558ms
2019-10-20 04:40:52,751 [main] WARN  impl.MetricsSystemImpl (MetricsSystemImpl.java:register(276)) - Sink prometheus already exists!
2019-10-20 04:40:52,752 [main] INFO  server.BaseHttpServer (BaseHttpServer.java:updateConnectorAddress(215)) - HTTP server of HDDSDATANODE is listening at http://0.0.0.0:38785
2019-10-20 04:40:52,753 [main] INFO  impl.MetricsSystemImpl (MetricsSystemImpl.java:init(158)) - HddsDatanode metrics system started (again)
2019-10-20 04:40:52,756 [main] INFO  ozone.HddsDatanodeService (HddsDatanodeService.java:start(184)) - HddsDatanodeService host:trunk-nightly-20191020-r5wzl-4145440258 ip:192.168.164.239
2019-10-20 04:40:52,759 [org.apache.hadoop.util.JvmPauseMonitor$Monitor@456dce1] INFO  util.JvmPauseMonitor (JvmPauseMonitor.java:run(188)) - Starting JVM pause monitor
2019-10-20 04:40:52,767 [main] INFO  volume.HddsVolume (HddsVolume.java:<init>(176)) - Creating Volume: /workdir/hadoop-ozone/integration-test/target/test-dir/MiniOzoneClusterImpl-d38a7f5b-303d-44e0-98bc-bd79b7bb2084/datanode-1/data/containers/hdds of  storage type : DISK and capacity : 1482555576320
2019-10-20 04:40:52,767 [main] INFO  volume.VolumeSet (VolumeSet.java:initializeVolumeSet(170)) - Added Volume : /workdir/hadoop-ozone/integration-test/target/test-dir/MiniOzoneClusterImpl-d38a7f5b-303d-44e0-98bc-bd79b7bb2084/datanode-1/data/containers/hdds to VolumeSet
2019-10-20 04:40:52,768 [main] INFO  volume.ThrottledAsyncChecker (ThrottledAsyncChecker.java:schedule(141)) - Scheduling a check for /workdir/hadoop-ozone/integration-test/target/test-dir/MiniOzoneClusterImpl-d38a7f5b-303d-44e0-98bc-bd79b7bb2084/datanode-1/data/containers/hdds
2019-10-20 04:40:52,768 [main] INFO  volume.HddsVolumeChecker (HddsVolumeChecker.java:checkAllVolumes(204)) - Scheduled health check for volume /workdir/hadoop-ozone/integration-test/target/test-dir/MiniOzoneClusterImpl-d38a7f5b-303d-44e0-98bc-bd79b7bb2084/datanode-1/data/containers/hdds
2019-10-20 04:40:52,783 [main] INFO  impl.RaftServerProxy (ConfUtils.java:logGet(43)) - raft.rpc.type = GRPC (default)
2019-10-20 04:40:52,783 [main] INFO  grpc.GrpcFactory (GrpcFactory.java:checkPooledByteBufAllocatorUseCacheForAllThreads(45)) - PERFORMANCE WARNING: useCacheForAllThreads is true that may cause Netty to create a lot garbage objects and, as a result, trigger GC.
	It is recommended to disable useCacheForAllThreads by setting -Dorg.apache.ratis.thirdparty.io.netty.allocator.useCacheForAllThreads=false in command line.
2019-10-20 04:40:52,784 [main] INFO  grpc.GrpcConfigKeys$Server (ConfUtils.java:logGet(43)) - raft.grpc.server.port = 0 (default)
2019-10-20 04:40:52,784 [main] INFO  server.GrpcService (ConfUtils.java:logGet(43)) - raft.grpc.message.size.max = 33570816 (custom)
2019-10-20 04:40:52,784 [main] INFO  server.RaftServerConfigKeys (ConfUtils.java:logGet(43)) - raft.server.log.appender.buffer.byte-limit = 33554432 (custom)
2019-10-20 04:40:52,784 [main] INFO  server.GrpcService (ConfUtils.java:logGet(43)) - raft.grpc.flow.control.window = 1MB (=1048576) (default)
2019-10-20 04:40:52,785 [main] INFO  server.RaftServerConfigKeys (ConfUtils.java:logGet(43)) - raft.server.rpc.request.timeout = 3000ms (default)
2019-10-20 04:40:52,785 [main] INFO  server.RaftServerConfigKeys (ConfUtils.java:logGet(43)) - raft.server.storage.dir = [/workdir/hadoop-ozone/integration-test/target/test-dir/MiniOzoneClusterImpl-d38a7f5b-303d-44e0-98bc-bd79b7bb2084/datanode-1/data/ratis] (custom)
2019-10-20 04:40:52,787 [main] INFO  hdfs.DFSUtil (DFSUtil.java:httpServerTemplateForNNAndJN(1641)) - Starting Web-server for hddsDatanode at: http://0.0.0.0:0
2019-10-20 04:40:52,789 [main] INFO  server.AuthenticationFilter (AuthenticationFilter.java:constructSecretProvider(240)) - Unable to initialize FileSignerSecretProvider, falling back to use random secrets.
2019-10-20 04:40:52,789 [main] WARN  http.HttpRequestLog (HttpRequestLog.java:getRequestLog(97)) - Jetty request log can only be enabled using Log4j
2019-10-20 04:40:52,791 [main] INFO  http.HttpServer2 (HttpServer2.java:addGlobalFilter(975)) - Added global filter 'safety' (class=org.apache.hadoop.http.HttpServer2$QuotingInputFilter)
2019-10-20 04:40:52,791 [main] INFO  http.HttpServer2 (HttpServer2.java:addFilter(948)) - Added filter static_user_filter (class=org.apache.hadoop.http.lib.StaticUserWebFilter$StaticUserFilter) to context hddsDatanode
2019-10-20 04:40:52,792 [main] INFO  http.HttpServer2 (HttpServer2.java:addFilter(958)) - Added filter static_user_filter (class=org.apache.hadoop.http.lib.StaticUserWebFilter$StaticUserFilter) to context logs
2019-10-20 04:40:52,792 [main] INFO  http.HttpServer2 (HttpServer2.java:addFilter(958)) - Added filter static_user_filter (class=org.apache.hadoop.http.lib.StaticUserWebFilter$StaticUserFilter) to context static
2019-10-20 04:40:52,793 [main] INFO  http.HttpServer2 (HttpServer2.java:bindListener(1191)) - Jetty bound to port 39303
2019-10-20 04:40:52,793 [main] INFO  server.Server (Server.java:doStart(351)) - jetty-9.3.25.v20180904, build timestamp: 2018-09-04T21:11:46Z, git hash: 3ce520221d0240229c862b122d2b06c12a625732
2019-10-20 04:40:52,797 [main] INFO  handler.ContextHandler (ContextHandler.java:doStart(781)) - Started o.e.j.s.ServletContextHandler@1907874b{/logs,file:///workdir/hadoop-ozone/integration-test/target/log,AVAILABLE}
2019-10-20 04:40:52,797 [main] INFO  handler.ContextHandler (ContextHandler.java:doStart(781)) - Started o.e.j.s.ServletContextHandler@5b3a7ef5{/static,jar:file:/home/user/.m2/repository/org/apache/hadoop/hadoop-hdds-container-service/0.5.0-SNAPSHOT/hadoop-hdds-container-service-0.5.0-SNAPSHOT.jar!/webapps/static,AVAILABLE}
2019-10-20 04:40:52,828 [main] INFO  handler.ContextHandler (ContextHandler.java:doStart(781)) - Started o.e.j.w.WebAppContext@660f0c{/,file:///tmp/jetty-0.0.0.0-39303-hddsDatanode-_-any-3036376556876937585.dir/webapp/,AVAILABLE}{/hddsDatanode}
2019-10-20 04:40:52,829 [main] INFO  server.AbstractConnector (AbstractConnector.java:doStart(278)) - Started ServerConnector@7a0ef219{HTTP/1.1,[http/1.1]}{0.0.0.0:39303}
2019-10-20 04:40:52,829 [main] INFO  server.Server (Server.java:doStart(419)) - Started @5638ms
2019-10-20 04:40:52,830 [main] WARN  impl.MetricsSystemImpl (MetricsSystemImpl.java:register(276)) - Sink prometheus already exists!
2019-10-20 04:40:52,832 [main] INFO  server.BaseHttpServer (BaseHttpServer.java:updateConnectorAddress(215)) - HTTP server of HDDSDATANODE is listening at http://0.0.0.0:39303
2019-10-20 04:40:52,832 [main] INFO  impl.MetricsSystemImpl (MetricsSystemImpl.java:init(158)) - HddsDatanode metrics system started (again)
2019-10-20 04:40:52,835 [main] INFO  ozone.HddsDatanodeService (HddsDatanodeService.java:start(184)) - HddsDatanodeService host:trunk-nightly-20191020-r5wzl-4145440258 ip:192.168.164.239
2019-10-20 04:40:52,836 [org.apache.hadoop.util.JvmPauseMonitor$Monitor@42f1eecd] INFO  util.JvmPauseMonitor (JvmPauseMonitor.java:run(188)) - Starting JVM pause monitor
2019-10-20 04:40:52,846 [main] INFO  volume.HddsVolume (HddsVolume.java:<init>(176)) - Creating Volume: /workdir/hadoop-ozone/integration-test/target/test-dir/MiniOzoneClusterImpl-d38a7f5b-303d-44e0-98bc-bd79b7bb2084/datanode-2/data/containers/hdds of  storage type : DISK and capacity : 1482555576320
2019-10-20 04:40:52,846 [main] INFO  volume.VolumeSet (VolumeSet.java:initializeVolumeSet(170)) - Added Volume : /workdir/hadoop-ozone/integration-test/target/test-dir/MiniOzoneClusterImpl-d38a7f5b-303d-44e0-98bc-bd79b7bb2084/datanode-2/data/containers/hdds to VolumeSet
2019-10-20 04:40:52,846 [main] INFO  volume.ThrottledAsyncChecker (ThrottledAsyncChecker.java:schedule(141)) - Scheduling a check for /workdir/hadoop-ozone/integration-test/target/test-dir/MiniOzoneClusterImpl-d38a7f5b-303d-44e0-98bc-bd79b7bb2084/datanode-2/data/containers/hdds
2019-10-20 04:40:52,847 [main] INFO  volume.HddsVolumeChecker (HddsVolumeChecker.java:checkAllVolumes(204)) - Scheduled health check for volume /workdir/hadoop-ozone/integration-test/target/test-dir/MiniOzoneClusterImpl-d38a7f5b-303d-44e0-98bc-bd79b7bb2084/datanode-2/data/containers/hdds
2019-10-20 04:40:52,860 [main] INFO  impl.RaftServerProxy (ConfUtils.java:logGet(43)) - raft.rpc.type = GRPC (default)
2019-10-20 04:40:52,860 [main] INFO  grpc.GrpcFactory (GrpcFactory.java:checkPooledByteBufAllocatorUseCacheForAllThreads(45)) - PERFORMANCE WARNING: useCacheForAllThreads is true that may cause Netty to create a lot garbage objects and, as a result, trigger GC.
	It is recommended to disable useCacheForAllThreads by setting -Dorg.apache.ratis.thirdparty.io.netty.allocator.useCacheForAllThreads=false in command line.
2019-10-20 04:40:52,860 [main] INFO  grpc.GrpcConfigKeys$Server (ConfUtils.java:logGet(43)) - raft.grpc.server.port = 0 (default)
2019-10-20 04:40:52,860 [main] INFO  server.GrpcService (ConfUtils.java:logGet(43)) - raft.grpc.message.size.max = 33570816 (custom)
2019-10-20 04:40:52,861 [main] INFO  server.RaftServerConfigKeys (ConfUtils.java:logGet(43)) - raft.server.log.appender.buffer.byte-limit = 33554432 (custom)
2019-10-20 04:40:52,861 [main] INFO  server.GrpcService (ConfUtils.java:logGet(43)) - raft.grpc.flow.control.window = 1MB (=1048576) (default)
2019-10-20 04:40:52,861 [main] INFO  server.RaftServerConfigKeys (ConfUtils.java:logGet(43)) - raft.server.rpc.request.timeout = 3000ms (default)
2019-10-20 04:40:52,861 [main] INFO  server.RaftServerConfigKeys (ConfUtils.java:logGet(43)) - raft.server.storage.dir = [/workdir/hadoop-ozone/integration-test/target/test-dir/MiniOzoneClusterImpl-d38a7f5b-303d-44e0-98bc-bd79b7bb2084/datanode-2/data/ratis] (custom)
2019-10-20 04:40:52,864 [main] INFO  hdfs.DFSUtil (DFSUtil.java:httpServerTemplateForNNAndJN(1641)) - Starting Web-server for hddsDatanode at: http://0.0.0.0:0
2019-10-20 04:40:52,865 [main] INFO  server.AuthenticationFilter (AuthenticationFilter.java:constructSecretProvider(240)) - Unable to initialize FileSignerSecretProvider, falling back to use random secrets.
2019-10-20 04:40:52,866 [main] WARN  http.HttpRequestLog (HttpRequestLog.java:getRequestLog(97)) - Jetty request log can only be enabled using Log4j
2019-10-20 04:40:52,867 [main] INFO  http.HttpServer2 (HttpServer2.java:addGlobalFilter(975)) - Added global filter 'safety' (class=org.apache.hadoop.http.HttpServer2$QuotingInputFilter)
2019-10-20 04:40:52,868 [main] INFO  http.HttpServer2 (HttpServer2.java:addFilter(948)) - Added filter static_user_filter (class=org.apache.hadoop.http.lib.StaticUserWebFilter$StaticUserFilter) to context hddsDatanode
2019-10-20 04:40:52,868 [main] INFO  http.HttpServer2 (HttpServer2.java:addFilter(958)) - Added filter static_user_filter (class=org.apache.hadoop.http.lib.StaticUserWebFilter$StaticUserFilter) to context logs
2019-10-20 04:40:52,868 [main] INFO  http.HttpServer2 (HttpServer2.java:addFilter(958)) - Added filter static_user_filter (class=org.apache.hadoop.http.lib.StaticUserWebFilter$StaticUserFilter) to context static
2019-10-20 04:40:52,869 [main] INFO  http.HttpServer2 (HttpServer2.java:bindListener(1191)) - Jetty bound to port 41663
2019-10-20 04:40:52,869 [main] INFO  server.Server (Server.java:doStart(351)) - jetty-9.3.25.v20180904, build timestamp: 2018-09-04T21:11:46Z, git hash: 3ce520221d0240229c862b122d2b06c12a625732
2019-10-20 04:40:52,871 [main] INFO  handler.ContextHandler (ContextHandler.java:doStart(781)) - Started o.e.j.s.ServletContextHandler@6069dd38{/logs,file:///workdir/hadoop-ozone/integration-test/target/log,AVAILABLE}
2019-10-20 04:40:52,872 [main] INFO  handler.ContextHandler (ContextHandler.java:doStart(781)) - Started o.e.j.s.ServletContextHandler@558756be{/static,jar:file:/home/user/.m2/repository/org/apache/hadoop/hadoop-hdds-container-service/0.5.0-SNAPSHOT/hadoop-hdds-container-service-0.5.0-SNAPSHOT.jar!/webapps/static,AVAILABLE}
2019-10-20 04:40:52,888 [Datanode State Machine Thread - 0] INFO  datanode.InitDatanodeState (InitDatanodeState.java:persistContainerDatanodeDetails(140)) - DatanodeDetails is persisted to /workdir/hadoop-ozone/integration-test/target/test-dir/MiniOzoneClusterImpl-d38a7f5b-303d-44e0-98bc-bd79b7bb2084/datanode-0/meta/datanode.id
2019-10-20 04:40:52,893 [Datanode State Machine Thread - 0] INFO  datanode.InitDatanodeState (InitDatanodeState.java:persistContainerDatanodeDetails(140)) - DatanodeDetails is persisted to /workdir/hadoop-ozone/integration-test/target/test-dir/MiniOzoneClusterImpl-d38a7f5b-303d-44e0-98bc-bd79b7bb2084/datanode-1/meta/datanode.id
2019-10-20 04:40:52,904 [main] INFO  handler.ContextHandler (ContextHandler.java:doStart(781)) - Started o.e.j.w.WebAppContext@54e3658c{/,file:///tmp/jetty-0.0.0.0-41663-hddsDatanode-_-any-2128873288544259593.dir/webapp/,AVAILABLE}{/hddsDatanode}
2019-10-20 04:40:52,905 [main] INFO  server.AbstractConnector (AbstractConnector.java:doStart(278)) - Started ServerConnector@43e9089{HTTP/1.1,[http/1.1]}{0.0.0.0:41663}
2019-10-20 04:40:52,905 [main] INFO  server.Server (Server.java:doStart(419)) - Started @5713ms
2019-10-20 04:40:52,906 [main] WARN  impl.MetricsSystemImpl (MetricsSystemImpl.java:register(276)) - Sink prometheus already exists!
2019-10-20 04:40:52,907 [main] INFO  server.BaseHttpServer (BaseHttpServer.java:updateConnectorAddress(215)) - HTTP server of HDDSDATANODE is listening at http://0.0.0.0:41663
2019-10-20 04:40:52,909 [main] INFO  ozone.MiniOzoneClusterImpl (MiniOzoneClusterImpl.java:lambda$waitForClusterToBeReady$0(147)) - Waiting for cluster to be ready. Got 0 of 3 DN Heartbeats.
2019-10-20 04:40:52,910 [org.apache.hadoop.util.JvmPauseMonitor$Monitor@477c6288] INFO  util.JvmPauseMonitor (JvmPauseMonitor.java:run(188)) - Starting JVM pause monitor
2019-10-20 04:40:52,913 [Datanode State Machine Thread - 0] INFO  datanode.InitDatanodeState (InitDatanodeState.java:persistContainerDatanodeDetails(140)) - DatanodeDetails is persisted to /workdir/hadoop-ozone/integration-test/target/test-dir/MiniOzoneClusterImpl-d38a7f5b-303d-44e0-98bc-bd79b7bb2084/datanode-2/meta/datanode.id
2019-10-20 04:40:53,909 [main] INFO  ozone.MiniOzoneClusterImpl (MiniOzoneClusterImpl.java:lambda$waitForClusterToBeReady$0(147)) - Waiting for cluster to be ready. Got 0 of 3 DN Heartbeats.
2019-10-20 04:40:54,858 [Datanode State Machine Thread - 0] INFO  ozoneimpl.OzoneContainer (OzoneContainer.java:start(213)) - Attempting to start container services.
2019-10-20 04:40:54,861 [Datanode State Machine Thread - 0] INFO  ozoneimpl.OzoneContainer (OzoneContainer.java:startContainerScrub(177)) - Background container scanner has been disabled.
2019-10-20 04:40:54,861 [Datanode State Machine Thread - 0] INFO  ratis.XceiverServerRatis (XceiverServerRatis.java:start(418)) - Starting XceiverServerRatis 57114e09-3b7f-4b4a-a342-090fe34f336a at port 0
2019-10-20 04:40:54,875 [Datanode State Machine Thread - 0] INFO  ozoneimpl.OzoneContainer (OzoneContainer.java:start(213)) - Attempting to start container services.
2019-10-20 04:40:54,879 [Datanode State Machine Thread - 0] INFO  ozoneimpl.OzoneContainer (OzoneContainer.java:startContainerScrub(177)) - Background container scanner has been disabled.
2019-10-20 04:40:54,879 [Datanode State Machine Thread - 0] INFO  ratis.XceiverServerRatis (XceiverServerRatis.java:start(418)) - Starting XceiverServerRatis 8f4dcc74-0612-4035-9040-5f73cd792029 at port 0
2019-10-20 04:40:54,890 [Datanode State Machine Thread - 0] INFO  impl.RaftServerProxy (RaftServerProxy.java:lambda$start$3(299)) - 57114e09-3b7f-4b4a-a342-090fe34f336a: start RPC server
2019-10-20 04:40:54,891 [Datanode State Machine Thread - 0] INFO  impl.RaftServerProxy (RaftServerProxy.java:lambda$start$3(299)) - 8f4dcc74-0612-4035-9040-5f73cd792029: start RPC server
2019-10-20 04:40:54,910 [main] INFO  ozone.MiniOzoneClusterImpl (MiniOzoneClusterImpl.java:lambda$waitForClusterToBeReady$0(147)) - Waiting for cluster to be ready. Got 0 of 3 DN Heartbeats.
2019-10-20 04:40:54,942 [Datanode State Machine Thread - 0] INFO  ozoneimpl.OzoneContainer (OzoneContainer.java:start(213)) - Attempting to start container services.
2019-10-20 04:40:54,944 [Datanode State Machine Thread - 0] INFO  ozoneimpl.OzoneContainer (OzoneContainer.java:startContainerScrub(177)) - Background container scanner has been disabled.
2019-10-20 04:40:54,944 [Datanode State Machine Thread - 0] INFO  ratis.XceiverServerRatis (XceiverServerRatis.java:start(418)) - Starting XceiverServerRatis e3be97a9-3d3a-4f1a-9aac-bb0a1b054e74 at port 0
2019-10-20 04:40:54,954 [Datanode State Machine Thread - 0] INFO  impl.RaftServerProxy (RaftServerProxy.java:lambda$start$3(299)) - e3be97a9-3d3a-4f1a-9aac-bb0a1b054e74: start RPC server
2019-10-20 04:40:55,036 [Datanode State Machine Thread - 0] INFO  server.GrpcService (GrpcService.java:startImpl(158)) - 8f4dcc74-0612-4035-9040-5f73cd792029: GrpcService started, listening on 0.0.0.0/0.0.0.0:37614
2019-10-20 04:40:55,036 [Datanode State Machine Thread - 0] INFO  server.GrpcService (GrpcService.java:startImpl(158)) - e3be97a9-3d3a-4f1a-9aac-bb0a1b054e74: GrpcService started, listening on 0.0.0.0/0.0.0.0:42267
2019-10-20 04:40:55,036 [Datanode State Machine Thread - 0] INFO  server.GrpcService (GrpcService.java:startImpl(158)) - 57114e09-3b7f-4b4a-a342-090fe34f336a: GrpcService started, listening on 0.0.0.0/0.0.0.0:45374
2019-10-20 04:40:55,038 [Datanode State Machine Thread - 0] INFO  ratis.XceiverServerRatis (XceiverServerRatis.java:start(428)) - XceiverServerRatis e3be97a9-3d3a-4f1a-9aac-bb0a1b054e74 is started using port 42267
2019-10-20 04:40:55,037 [Datanode State Machine Thread - 0] INFO  ratis.XceiverServerRatis (XceiverServerRatis.java:start(428)) - XceiverServerRatis 8f4dcc74-0612-4035-9040-5f73cd792029 is started using port 37614
2019-10-20 04:40:55,038 [Datanode State Machine Thread - 0] INFO  ratis.XceiverServerRatis (XceiverServerRatis.java:start(428)) - XceiverServerRatis 57114e09-3b7f-4b4a-a342-090fe34f336a is started using port 45374
2019-10-20 04:40:55,046 [Datanode State Machine Thread - 0] INFO  server.XceiverServerGrpc (XceiverServerGrpc.java:start(149)) - XceiverServerGrpc 57114e09-3b7f-4b4a-a342-090fe34f336a is started using port 34934
2019-10-20 04:40:55,047 [Datanode State Machine Thread - 0] INFO  server.XceiverServerGrpc (XceiverServerGrpc.java:start(149)) - XceiverServerGrpc 8f4dcc74-0612-4035-9040-5f73cd792029 is started using port 33136
2019-10-20 04:40:55,046 [Datanode State Machine Thread - 0] INFO  server.XceiverServerGrpc (XceiverServerGrpc.java:start(149)) - XceiverServerGrpc e3be97a9-3d3a-4f1a-9aac-bb0a1b054e74 is started using port 40253
2019-10-20 04:40:55,911 [main] INFO  ozone.MiniOzoneClusterImpl (MiniOzoneClusterImpl.java:lambda$waitForClusterToBeReady$0(147)) - Waiting for cluster to be ready. Got 0 of 3 DN Heartbeats.
2019-10-20 04:40:56,797 [IPC Server handler 0 on 37218] INFO  net.NetworkTopology (NetworkTopologyImpl.java:add(111)) - Added a new node: /default-rack/57114e09-3b7f-4b4a-a342-090fe34f336a
2019-10-20 04:40:56,799 [IPC Server handler 0 on 37218] INFO  node.SCMNodeManager (SCMNodeManager.java:register(268)) - Registered Data node : 57114e09-3b7f-4b4a-a342-090fe34f336a{ip: 192.168.164.239, host: trunk-nightly-20191020-r5wzl-4145440258, networkLocation: /default-rack, certSerialId: null}
2019-10-20 04:40:56,802 [EventQueue-NodeRegistrationContainerReportForDataNodeSafeModeRule] INFO  safemode.SCMSafeModeManager (DataNodeSafeModeRule.java:process(71)) - SCM in safe mode. 1 DataNodes registered, 1 required.
2019-10-20 04:40:56,802 [EventQueue-NodeRegistrationContainerReportForDataNodeSafeModeRule] INFO  safemode.SCMSafeModeManager (SCMSafeModeManager.java:validateSafeModeExitRules(177)) - ScmSafeModeManager, all rules are successfully validated
2019-10-20 04:40:56,803 [EventQueue-NodeRegistrationContainerReportForDataNodeSafeModeRule] INFO  safemode.SCMSafeModeManager (SCMSafeModeManager.java:exitSafeMode(193)) - SCM exiting safe mode.
2019-10-20 04:40:56,839 [IPC Server handler 1 on 37218] INFO  net.NetworkTopology (NetworkTopologyImpl.java:add(111)) - Added a new node: /default-rack/8f4dcc74-0612-4035-9040-5f73cd792029
2019-10-20 04:40:56,839 [IPC Server handler 1 on 37218] INFO  node.SCMNodeManager (SCMNodeManager.java:register(268)) - Registered Data node : 8f4dcc74-0612-4035-9040-5f73cd792029{ip: 192.168.164.239, host: trunk-nightly-20191020-r5wzl-4145440258, networkLocation: /default-rack, certSerialId: null}
2019-10-20 04:40:56,912 [main] INFO  ozone.MiniOzoneClusterImpl (MiniOzoneClusterImpl.java:lambda$waitForClusterToBeReady$0(147)) - Waiting for cluster to be ready. Got 2 of 3 DN Heartbeats.
2019-10-20 04:40:56,913 [IPC Server handler 3 on 37218] INFO  net.NetworkTopology (NetworkTopologyImpl.java:add(111)) - Added a new node: /default-rack/e3be97a9-3d3a-4f1a-9aac-bb0a1b054e74
2019-10-20 04:40:56,913 [IPC Server handler 3 on 37218] INFO  node.SCMNodeManager (SCMNodeManager.java:register(268)) - Registered Data node : e3be97a9-3d3a-4f1a-9aac-bb0a1b054e74{ip: 192.168.164.239, host: trunk-nightly-20191020-r5wzl-4145440258, networkLocation: /default-rack, certSerialId: null}
2019-10-20 04:40:57,275 [grpc-default-executor-0] INFO  impl.RaftServerProxy (RaftServerProxy.java:addNew(89)) - 57114e09-3b7f-4b4a-a342-090fe34f336a: addNew group-34043DF8C5BF:[57114e09-3b7f-4b4a-a342-090fe34f336a:192.168.164.239:45374] returns group-34043DF8C5BF:java.util.concurrent.CompletableFuture@7ceb4930[Not completed]
2019-10-20 04:40:57,287 [pool-27-thread-1] INFO  impl.RaftServerImpl (RaftServerImpl.java:<init>(104)) - 57114e09-3b7f-4b4a-a342-090fe34f336a: new RaftServerImpl for group-34043DF8C5BF:[57114e09-3b7f-4b4a-a342-090fe34f336a:192.168.164.239:45374] with ContainerStateMachine:uninitialized
2019-10-20 04:40:57,290 [pool-27-thread-1] INFO  server.RaftServerConfigKeys (ConfUtils.java:logGet(43)) - raft.server.rpc.timeout.min = 5s (custom)
2019-10-20 04:40:57,291 [pool-27-thread-1] INFO  server.RaftServerConfigKeys (ConfUtils.java:logGet(43)) - raft.server.rpc.timeout.max = 5200ms (custom)
2019-10-20 04:40:57,291 [pool-27-thread-1] INFO  server.RaftServerConfigKeys (ConfUtils.java:logGet(43)) - raft.server.rpcslowness.timeout = 1000s (custom)
2019-10-20 04:40:57,291 [pool-27-thread-1] INFO  server.RaftServerConfigKeys (ConfUtils.java:logGet(43)) - raft.server.sleep.deviation.threshold = 300 (default)
2019-10-20 04:40:57,292 [pool-27-thread-1] INFO  server.RaftServerConfigKeys (ConfUtils.java:logGet(43)) - raft.server.log.appender.install.snapshot.enabled = false (custom)
2019-10-20 04:40:57,300 [pool-27-thread-1] INFO  impl.RaftServerImpl (ServerState.java:<init>(103)) - 57114e09-3b7f-4b4a-a342-090fe34f336a@group-34043DF8C5BF: ConfigurationManager, init=-1: [57114e09-3b7f-4b4a-a342-090fe34f336a:192.168.164.239:45374], old=null, confs=<EMPTY_MAP>
2019-10-20 04:40:57,300 [pool-27-thread-1] INFO  server.RaftServerConfigKeys (ConfUtils.java:logGet(43)) - raft.server.storage.dir = [/workdir/hadoop-ozone/integration-test/target/test-dir/MiniOzoneClusterImpl-d38a7f5b-303d-44e0-98bc-bd79b7bb2084/datanode-0/data/ratis] (custom)
2019-10-20 04:40:57,306 [pool-27-thread-1] INFO  server.RaftServerConfigKeys (ConfUtils.java:logGet(43)) - raft.server.log.corruption.policy = EXCEPTION (default)
2019-10-20 04:40:57,308 [pool-27-thread-1] INFO  storage.RaftStorageDirectory (RaftStorageDirectory.java:analyzeStorage(246)) - The storage directory /workdir/hadoop-ozone/integration-test/target/test-dir/MiniOzoneClusterImpl-d38a7f5b-303d-44e0-98bc-bd79b7bb2084/datanode-0/data/ratis/19a87eaa-9295-4fc4-b3e6-34043df8c5bf does not exist. Creating ...
2019-10-20 04:40:57,342 [pool-27-thread-1] INFO  storage.RaftStorageDirectory (RaftStorageDirectory.java:tryLock(328)) - Lock on /workdir/hadoop-ozone/integration-test/target/test-dir/MiniOzoneClusterImpl-d38a7f5b-303d-44e0-98bc-bd79b7bb2084/datanode-0/data/ratis/19a87eaa-9295-4fc4-b3e6-34043df8c5bf/in_use.lock acquired by nodename 26650@trunk-nightly-20191020-r5wzl-4145440258
2019-10-20 04:40:57,369 [pool-27-thread-1] INFO  storage.RaftStorage (RaftStorage.java:format(84)) - Storage directory /workdir/hadoop-ozone/integration-test/target/test-dir/MiniOzoneClusterImpl-d38a7f5b-303d-44e0-98bc-bd79b7bb2084/datanode-0/data/ratis/19a87eaa-9295-4fc4-b3e6-34043df8c5bf has been successfully formatted.
2019-10-20 04:40:57,371 [pool-27-thread-1] INFO  ratis.ContainerStateMachine (ContainerStateMachine.java:loadSnapshot(231)) - group-34043DF8C5BF: The snapshot info is null. Setting the last applied indexto:(t:0, i:~)
2019-10-20 04:40:57,371 [pool-27-thread-1] INFO  server.RaftServerConfigKeys (ConfUtils.java:logGet(43)) - raft.server.notification.no-leader.timeout = 1000s (custom)
2019-10-20 04:40:57,373 [pool-27-thread-1] INFO  server.RaftServerConfigKeys (ConfUtils.java:logGet(43)) - raft.server.log.use.memory = false (default)
2019-10-20 04:40:57,378 [pool-27-thread-1] INFO  server.RaftServerConfigKeys (ConfUtils.java:logGet(43)) - raft.server.log.purge.gap = 1000000 (custom)
2019-10-20 04:40:57,378 [pool-27-thread-1] INFO  server.RaftServerConfigKeys (ConfUtils.java:logGet(43)) - raft.server.log.appender.buffer.byte-limit = 33554432 (custom)
2019-10-20 04:40:57,380 [pool-27-thread-1] INFO  server.RaftServerConfigKeys (ConfUtils.java:logGet(43)) - raft.server.log.segment.size.max = 1048576 (custom)
2019-10-20 04:40:57,382 [pool-27-thread-1] INFO  impl.MetricsSystemImpl (MetricsSystemImpl.java:init(158)) - ratis metrics system started (again)
2019-10-20 04:40:57,385 [pool-27-thread-1] INFO  metrics.MetricRegistries (MetricRegistriesLoader.java:load(64)) - Loaded MetricRegistries class org.apache.ratis.metrics.impl.MetricRegistriesImpl
2019-10-20 04:40:57,421 [pool-27-thread-1] INFO  server.RaftServerConfigKeys (ConfUtils.java:logGet(43)) - raft.server.log.segment.cache.num.max = 2 (custom)
2019-10-20 04:40:57,426 [pool-27-thread-1] INFO  segmented.SegmentedRaftLogWorker (SegmentedRaftLogWorker.java:<init>(173)) - new 57114e09-3b7f-4b4a-a342-090fe34f336a@group-34043DF8C5BF-SegmentedRaftLogWorker for RaftStorage:Storage Directory /workdir/hadoop-ozone/integration-test/target/test-dir/MiniOzoneClusterImpl-d38a7f5b-303d-44e0-98bc-bd79b7bb2084/datanode-0/data/ratis/19a87eaa-9295-4fc4-b3e6-34043df8c5bf
2019-10-20 04:40:57,427 [pool-27-thread-1] INFO  server.RaftServerConfigKeys (ConfUtils.java:logGet(43)) - raft.server.log.queue.byte-limit = 2147483647 (custom)
2019-10-20 04:40:57,427 [pool-27-thread-1] INFO  server.RaftServerConfigKeys (ConfUtils.java:logGet(43)) - raft.server.log.queue.element-limit = 1024 (custom)
2019-10-20 04:40:57,428 [pool-27-thread-1] INFO  server.RaftServerConfigKeys (ConfUtils.java:logGet(43)) - raft.server.log.segment.size.max = 1048576 (custom)
2019-10-20 04:40:57,429 [pool-27-thread-1] INFO  server.RaftServerConfigKeys (ConfUtils.java:logGet(43)) - raft.server.log.preallocated.size = 16384 (custom)
2019-10-20 04:40:57,429 [pool-27-thread-1] INFO  server.RaftServerConfigKeys (ConfUtils.java:logGet(43)) - raft.server.log.write.buffer.size = 33554432 (custom)
2019-10-20 04:40:57,431 [pool-27-thread-1] INFO  server.RaftServerConfigKeys (ConfUtils.java:logGet(43)) - raft.server.log.force.sync.num = 128 (default)
2019-10-20 04:40:57,432 [pool-27-thread-1] INFO  server.RaftServerConfigKeys (ConfUtils.java:logGet(43)) - raft.server.log.statemachine.data.sync = true (default)
2019-10-20 04:40:57,432 [pool-27-thread-1] INFO  server.RaftServerConfigKeys (ConfUtils.java:logGet(43)) - raft.server.log.statemachine.data.sync.timeout = 10s (default)
2019-10-20 04:40:57,433 [pool-27-thread-1] INFO  server.RaftServerConfigKeys (ConfUtils.java:logGet(43)) - raft.server.log.statemachine.data.sync.timeout.retry = -1 (default)
2019-10-20 04:40:57,444 [pool-27-thread-1] INFO  server.RaftServerConfigKeys (ConfUtils.java:logGet(43)) - raft.server.log.statemachine.data.caching.enabled = true (custom)
2019-10-20 04:40:57,448 [pool-27-thread-1] INFO  segmented.SegmentedRaftLogWorker (SegmentedRaftLogWorker.java:lambda$new$0(128)) - 57114e09-3b7f-4b4a-a342-090fe34f336a@group-34043DF8C5BF-SegmentedRaftLogWorker: flushIndex: setUnconditionally 0 -> -1
2019-10-20 04:40:57,453 [pool-27-thread-1] INFO  server.RaftServerConfigKeys (ConfUtils.java:logGet(43)) - raft.server.snapshot.auto.trigger.enabled = true (custom)
2019-10-20 04:40:57,453 [pool-27-thread-1] INFO  server.RaftServerConfigKeys (ConfUtils.java:logGet(43)) - raft.server.snapshot.auto.trigger.threshold = 10000 (custom)
2019-10-20 04:40:57,454 [pool-27-thread-1] INFO  server.RaftServerConfigKeys (ConfUtils.java:logGet(43)) - raft.server.snapshot.retention.file.num = 5 (custom)
2019-10-20 04:40:57,455 [pool-27-thread-1] INFO  server.RaftServerConfigKeys (ConfUtils.java:logGet(43)) - raft.server.retrycache.expirytime = 600000ms (custom)
2019-10-20 04:40:57,484 [pool-27-thread-1] INFO  impl.RaftServerImpl (RaftServerImpl.java:start(195)) - 57114e09-3b7f-4b4a-a342-090fe34f336a@group-34043DF8C5BF: start as a follower, conf=-1: [57114e09-3b7f-4b4a-a342-090fe34f336a:192.168.164.239:45374], old=null
2019-10-20 04:40:57,485 [pool-27-thread-1] INFO  impl.RaftServerImpl (RaftServerImpl.java:setRole(184)) - 57114e09-3b7f-4b4a-a342-090fe34f336a@group-34043DF8C5BF: changes role from      null to FOLLOWER at term 0 for startAsFollower
2019-10-20 04:40:57,486 [pool-27-thread-1] INFO  impl.RoleInfo (RoleInfo.java:updateAndGet(143)) - 57114e09-3b7f-4b4a-a342-090fe34f336a: start FollowerState
2019-10-20 04:40:57,487 [pool-27-thread-1] INFO  util.JmxRegister (JmxRegister.java:tryRegister(44)) - Successfully registered JMX Bean with object name Ratis:service=RaftServer,group=group-34043DF8C5BF,id=57114e09-3b7f-4b4a-a342-090fe34f336a
2019-10-20 04:40:57,547 [Thread-186] INFO  impl.FollowerState (FollowerState.java:run(108)) - 57114e09-3b7f-4b4a-a342-090fe34f336a@group-34043DF8C5BF-FollowerState: change to CANDIDATE, lastRpcTime:61ms, electionTimeout:60ms
2019-10-20 04:40:57,550 [Thread-186] INFO  impl.RoleInfo (RoleInfo.java:shutdownFollowerState(121)) - 57114e09-3b7f-4b4a-a342-090fe34f336a: shutdown FollowerState
2019-10-20 04:40:57,551 [Thread-186] INFO  impl.RaftServerImpl (RaftServerImpl.java:setRole(184)) - 57114e09-3b7f-4b4a-a342-090fe34f336a@group-34043DF8C5BF: changes role from  FOLLOWER to CANDIDATE at term 0 for changeToCandidate
2019-10-20 04:40:57,557 [Thread-186] INFO  impl.RoleInfo (RoleInfo.java:updateAndGet(143)) - 57114e09-3b7f-4b4a-a342-090fe34f336a: start LeaderElection
2019-10-20 04:40:57,591 [RatisPipelineUtilsThread] INFO  pipeline.PipelineStateManager (PipelineStateManager.java:addPipeline(56)) - Created pipeline Pipeline[ Id: 19a87eaa-9295-4fc4-b3e6-34043df8c5bf, Nodes: 57114e09-3b7f-4b4a-a342-090fe34f336a{ip: 192.168.164.239, host: trunk-nightly-20191020-r5wzl-4145440258, networkLocation: /default-rack, certSerialId: null}, Type:RATIS, Factor:ONE, State:OPEN]
2019-10-20 04:40:57,594 [57114e09-3b7f-4b4a-a342-090fe34f336a@group-34043DF8C5BF-LeaderElection1] INFO  impl.LeaderElection (LeaderElection.java:askForVotes(178)) - 57114e09-3b7f-4b4a-a342-090fe34f336a@group-34043DF8C5BF-LeaderElection1: begin an election at term 1 for -1: [57114e09-3b7f-4b4a-a342-090fe34f336a:192.168.164.239:45374], old=null
2019-10-20 04:40:57,597 [57114e09-3b7f-4b4a-a342-090fe34f336a@group-34043DF8C5BF-LeaderElection1] INFO  impl.RoleInfo (RoleInfo.java:shutdownLeaderElection(134)) - 57114e09-3b7f-4b4a-a342-090fe34f336a: shutdown LeaderElection
2019-10-20 04:40:57,598 [57114e09-3b7f-4b4a-a342-090fe34f336a@group-34043DF8C5BF-LeaderElection1] INFO  impl.RaftServerImpl (RaftServerImpl.java:setRole(184)) - 57114e09-3b7f-4b4a-a342-090fe34f336a@group-34043DF8C5BF: changes role from CANDIDATE to LEADER at term 1 for changeToLeader
2019-10-20 04:40:57,599 [57114e09-3b7f-4b4a-a342-090fe34f336a@group-34043DF8C5BF-LeaderElection1] INFO  impl.RaftServerImpl (ServerState.java:setLeader(256)) - 57114e09-3b7f-4b4a-a342-090fe34f336a@group-34043DF8C5BF: change Leader from null to 57114e09-3b7f-4b4a-a342-090fe34f336a at term 1 for becomeLeader, leader elected after 227ms
2019-10-20 04:40:57,608 [57114e09-3b7f-4b4a-a342-090fe34f336a@group-34043DF8C5BF-LeaderElection1] INFO  server.RaftServerConfigKeys (ConfUtils.java:logGet(43)) - raft.server.staging.catchup.gap = 1000 (default)
2019-10-20 04:40:57,609 [57114e09-3b7f-4b4a-a342-090fe34f336a@group-34043DF8C5BF-LeaderElection1] INFO  server.RaftServerConfigKeys (ConfUtils.java:logGet(43)) - raft.server.rpc.sleep.time = 25ms (default)
2019-10-20 04:40:57,614 [grpc-default-executor-0] INFO  impl.RaftServerProxy (RaftServerProxy.java:addNew(89)) - e3be97a9-3d3a-4f1a-9aac-bb0a1b054e74: addNew group-E2BEF0184E55:[e3be97a9-3d3a-4f1a-9aac-bb0a1b054e74:192.168.164.239:42267] returns group-E2BEF0184E55:java.util.concurrent.CompletableFuture@4de3bb2e[Not completed]
2019-10-20 04:40:57,623 [57114e09-3b7f-4b4a-a342-090fe34f336a@group-34043DF8C5BF-LeaderElection1] INFO  server.RaftServerConfigKeys (ConfUtils.java:logGet(43)) - raft.server.write.element-limit = 4096 (default)
2019-10-20 04:40:57,641 [pool-47-thread-1] INFO  impl.RaftServerImpl (RaftServerImpl.java:<init>(104)) - e3be97a9-3d3a-4f1a-9aac-bb0a1b054e74: new RaftServerImpl for group-E2BEF0184E55:[e3be97a9-3d3a-4f1a-9aac-bb0a1b054e74:192.168.164.239:42267] with ContainerStateMachine:uninitialized
2019-10-20 04:40:57,641 [57114e09-3b7f-4b4a-a342-090fe34f336a@group-34043DF8C5BF-LeaderElection1] INFO  server.RaftServerConfigKeys (ConfUtils.java:logGet(43)) - raft.server.watch.timeout = 10s (default)
2019-10-20 04:40:57,642 [pool-47-thread-1] INFO  server.RaftServerConfigKeys (ConfUtils.java:logGet(43)) - raft.server.rpc.timeout.min = 5s (custom)
2019-10-20 04:40:57,642 [57114e09-3b7f-4b4a-a342-090fe34f336a@group-34043DF8C5BF-LeaderElection1] INFO  server.RaftServerConfigKeys (ConfUtils.java:logGet(43)) - raft.server.watch.timeout.denomination = 1s (default)
2019-10-20 04:40:57,642 [pool-47-thread-1] INFO  server.RaftServerConfigKeys (ConfUtils.java:logGet(43)) - raft.server.rpc.timeout.max = 5200ms (custom)
2019-10-20 04:40:57,642 [pool-47-thread-1] INFO  server.RaftServerConfigKeys (ConfUtils.java:logGet(43)) - raft.server.rpcslowness.timeout = 1000s (custom)
2019-10-20 04:40:57,642 [pool-47-thread-1] INFO  server.RaftServerConfigKeys (ConfUtils.java:logGet(43)) - raft.server.sleep.deviation.threshold = 300 (default)
2019-10-20 04:40:57,643 [pool-47-thread-1] INFO  server.RaftServerConfigKeys (ConfUtils.java:logGet(43)) - raft.server.log.appender.install.snapshot.enabled = false (custom)
2019-10-20 04:40:57,643 [pool-47-thread-1] INFO  impl.RaftServerImpl (ServerState.java:<init>(103)) - e3be97a9-3d3a-4f1a-9aac-bb0a1b054e74@group-E2BEF0184E55: ConfigurationManager, init=-1: [e3be97a9-3d3a-4f1a-9aac-bb0a1b054e74:192.168.164.239:42267], old=null, confs=<EMPTY_MAP>
2019-10-20 04:40:57,643 [57114e09-3b7f-4b4a-a342-090fe34f336a@group-34043DF8C5BF-LeaderElection1] INFO  server.RaftServerConfigKeys (ConfUtils.java:logGet(43)) - raft.server.watch.element-limit = 65536 (default)
2019-10-20 04:40:57,643 [pool-47-thread-1] INFO  server.RaftServerConfigKeys (ConfUtils.java:logGet(43)) - raft.server.storage.dir = [/workdir/hadoop-ozone/integration-test/target/test-dir/MiniOzoneClusterImpl-d38a7f5b-303d-44e0-98bc-bd79b7bb2084/datanode-2/data/ratis] (custom)
2019-10-20 04:40:57,644 [pool-47-thread-1] INFO  server.RaftServerConfigKeys (ConfUtils.java:logGet(43)) - raft.server.log.corruption.policy = EXCEPTION (default)
2019-10-20 04:40:57,644 [pool-47-thread-1] INFO  storage.RaftStorageDirectory (RaftStorageDirectory.java:analyzeStorage(246)) - The storage directory /workdir/hadoop-ozone/integration-test/target/test-dir/MiniOzoneClusterImpl-d38a7f5b-303d-44e0-98bc-bd79b7bb2084/datanode-2/data/ratis/509a6c9b-715a-4f06-b470-e2bef0184e55 does not exist. Creating ...
2019-10-20 04:40:57,658 [57114e09-3b7f-4b4a-a342-090fe34f336a@group-34043DF8C5BF-LeaderElection1] INFO  impl.RoleInfo (RoleInfo.java:updateAndGet(143)) - 57114e09-3b7f-4b4a-a342-090fe34f336a: start LeaderState
2019-10-20 04:40:57,670 [pool-47-thread-1] INFO  storage.RaftStorageDirectory (RaftStorageDirectory.java:tryLock(328)) - Lock on /workdir/hadoop-ozone/integration-test/target/test-dir/MiniOzoneClusterImpl-d38a7f5b-303d-44e0-98bc-bd79b7bb2084/datanode-2/data/ratis/509a6c9b-715a-4f06-b470-e2bef0184e55/in_use.lock acquired by nodename 26650@trunk-nightly-20191020-r5wzl-4145440258
2019-10-20 04:40:57,675 [57114e09-3b7f-4b4a-a342-090fe34f336a@group-34043DF8C5BF-LeaderElection1] INFO  segmented.SegmentedRaftLogWorker (SegmentedRaftLogWorker.java:startLogSegment(385)) - 57114e09-3b7f-4b4a-a342-090fe34f336a@group-34043DF8C5BF-SegmentedRaftLogWorker: Starting segment from index:0
2019-10-20 04:40:57,684 [57114e09-3b7f-4b4a-a342-090fe34f336a@group-34043DF8C5BF-LeaderElection1] INFO  impl.RaftServerImpl (ServerState.java:setRaftConf(357)) - 57114e09-3b7f-4b4a-a342-090fe34f336a@group-34043DF8C5BF: set configuration 0: [57114e09-3b7f-4b4a-a342-090fe34f336a:192.168.164.239:45374], old=null at 0
2019-10-20 04:40:57,695 [pool-47-thread-1] INFO  storage.RaftStorage (RaftStorage.java:format(84)) - Storage directory /workdir/hadoop-ozone/integration-test/target/test-dir/MiniOzoneClusterImpl-d38a7f5b-303d-44e0-98bc-bd79b7bb2084/datanode-2/data/ratis/509a6c9b-715a-4f06-b470-e2bef0184e55 has been successfully formatted.
2019-10-20 04:40:57,696 [pool-47-thread-1] INFO  ratis.ContainerStateMachine (ContainerStateMachine.java:loadSnapshot(231)) - group-E2BEF0184E55: The snapshot info is null. Setting the last applied indexto:(t:0, i:~)
2019-10-20 04:40:57,697 [pool-47-thread-1] INFO  server.RaftServerConfigKeys (ConfUtils.java:logGet(43)) - raft.server.notification.no-leader.timeout = 1000s (custom)
2019-10-20 04:40:57,697 [pool-47-thread-1] INFO  server.RaftServerConfigKeys (ConfUtils.java:logGet(43)) - raft.server.log.use.memory = false (default)
2019-10-20 04:40:57,697 [pool-47-thread-1] INFO  server.RaftServerConfigKeys (ConfUtils.java:logGet(43)) - raft.server.log.purge.gap = 1000000 (custom)
2019-10-20 04:40:57,698 [pool-47-thread-1] INFO  server.RaftServerConfigKeys (ConfUtils.java:logGet(43)) - raft.server.log.appender.buffer.byte-limit = 33554432 (custom)
2019-10-20 04:40:57,698 [pool-47-thread-1] INFO  server.RaftServerConfigKeys (ConfUtils.java:logGet(43)) - raft.server.log.segment.size.max = 1048576 (custom)
2019-10-20 04:40:57,731 [pool-47-thread-1] INFO  server.RaftServerConfigKeys (ConfUtils.java:logGet(43)) - raft.server.log.segment.cache.num.max = 2 (custom)
2019-10-20 04:40:57,731 [pool-47-thread-1] INFO  segmented.SegmentedRaftLogWorker (SegmentedRaftLogWorker.java:<init>(173)) - new e3be97a9-3d3a-4f1a-9aac-bb0a1b054e74@group-E2BEF0184E55-SegmentedRaftLogWorker for RaftStorage:Storage Directory /workdir/hadoop-ozone/integration-test/target/test-dir/MiniOzoneClusterImpl-d38a7f5b-303d-44e0-98bc-bd79b7bb2084/datanode-2/data/ratis/509a6c9b-715a-4f06-b470-e2bef0184e55
2019-10-20 04:40:57,731 [pool-47-thread-1] INFO  server.RaftServerConfigKeys (ConfUtils.java:logGet(43)) - raft.server.log.queue.byte-limit = 2147483647 (custom)
2019-10-20 04:40:57,732 [pool-47-thread-1] INFO  server.RaftServerConfigKeys (ConfUtils.java:logGet(43)) - raft.server.log.queue.element-limit = 1024 (custom)
2019-10-20 04:40:57,732 [pool-47-thread-1] INFO  server.RaftServerConfigKeys (ConfUtils.java:logGet(43)) - raft.server.log.segment.size.max = 1048576 (custom)
2019-10-20 04:40:57,732 [pool-47-thread-1] INFO  server.RaftServerConfigKeys (ConfUtils.java:logGet(43)) - raft.server.log.preallocated.size = 16384 (custom)
2019-10-20 04:40:57,732 [pool-47-thread-1] INFO  server.RaftServerConfigKeys (ConfUtils.java:logGet(43)) - raft.server.log.write.buffer.size = 33554432 (custom)
2019-10-20 04:40:57,732 [pool-47-thread-1] INFO  server.RaftServerConfigKeys (ConfUtils.java:logGet(43)) - raft.server.log.force.sync.num = 128 (default)
2019-10-20 04:40:57,732 [pool-47-thread-1] INFO  server.RaftServerConfigKeys (ConfUtils.java:logGet(43)) - raft.server.log.statemachine.data.sync = true (default)
2019-10-20 04:40:57,732 [pool-47-thread-1] INFO  server.RaftServerConfigKeys (ConfUtils.java:logGet(43)) - raft.server.log.statemachine.data.sync.timeout = 10s (default)
2019-10-20 04:40:57,733 [pool-47-thread-1] INFO  server.RaftServerConfigKeys (ConfUtils.java:logGet(43)) - raft.server.log.statemachine.data.sync.timeout.retry = -1 (default)
2019-10-20 04:40:57,733 [pool-47-thread-1] INFO  server.RaftServerConfigKeys (ConfUtils.java:logGet(43)) - raft.server.log.statemachine.data.caching.enabled = true (custom)
2019-10-20 04:40:57,734 [pool-47-thread-1] INFO  segmented.SegmentedRaftLogWorker (SegmentedRaftLogWorker.java:lambda$new$0(128)) - e3be97a9-3d3a-4f1a-9aac-bb0a1b054e74@group-E2BEF0184E55-SegmentedRaftLogWorker: flushIndex: setUnconditionally 0 -> -1
2019-10-20 04:40:57,734 [pool-47-thread-1] INFO  server.RaftServerConfigKeys (ConfUtils.java:logGet(43)) - raft.server.snapshot.auto.trigger.enabled = true (custom)
2019-10-20 04:40:57,734 [pool-47-thread-1] INFO  server.RaftServerConfigKeys (ConfUtils.java:logGet(43)) - raft.server.snapshot.auto.trigger.threshold = 10000 (custom)
2019-10-20 04:40:57,734 [pool-47-thread-1] INFO  server.RaftServerConfigKeys (ConfUtils.java:logGet(43)) - raft.server.snapshot.retention.file.num = 5 (custom)
2019-10-20 04:40:57,735 [pool-47-thread-1] INFO  server.RaftServerConfigKeys (ConfUtils.java:logGet(43)) - raft.server.retrycache.expirytime = 600000ms (custom)
2019-10-20 04:40:57,743 [pool-47-thread-1] INFO  impl.RaftServerImpl (RaftServerImpl.java:start(195)) - e3be97a9-3d3a-4f1a-9aac-bb0a1b054e74@group-E2BEF0184E55: start as a follower, conf=-1: [e3be97a9-3d3a-4f1a-9aac-bb0a1b054e74:192.168.164.239:42267], old=null
2019-10-20 04:40:57,743 [pool-47-thread-1] INFO  impl.RaftServerImpl (RaftServerImpl.java:setRole(184)) - e3be97a9-3d3a-4f1a-9aac-bb0a1b054e74@group-E2BEF0184E55: changes role from      null to FOLLOWER at term 0 for startAsFollower
2019-10-20 04:40:57,743 [pool-47-thread-1] INFO  impl.RoleInfo (RoleInfo.java:updateAndGet(143)) - e3be97a9-3d3a-4f1a-9aac-bb0a1b054e74: start FollowerState
2019-10-20 04:40:57,744 [pool-47-thread-1] INFO  util.JmxRegister (JmxRegister.java:tryRegister(44)) - Successfully registered JMX Bean with object name Ratis:service=RaftServer,group=group-E2BEF0184E55,id=e3be97a9-3d3a-4f1a-9aac-bb0a1b054e74
2019-10-20 04:40:57,758 [RatisPipelineUtilsThread] INFO  pipeline.PipelineStateManager (PipelineStateManager.java:addPipeline(56)) - Created pipeline Pipeline[ Id: 509a6c9b-715a-4f06-b470-e2bef0184e55, Nodes: e3be97a9-3d3a-4f1a-9aac-bb0a1b054e74{ip: 192.168.164.239, host: trunk-nightly-20191020-r5wzl-4145440258, networkLocation: /default-rack, certSerialId: null}, Type:RATIS, Factor:ONE, State:OPEN]
2019-10-20 04:40:57,775 [grpc-default-executor-0] INFO  impl.RaftServerProxy (RaftServerProxy.java:addNew(89)) - 8f4dcc74-0612-4035-9040-5f73cd792029: addNew group-6D7114226DF0:[8f4dcc74-0612-4035-9040-5f73cd792029:192.168.164.239:37614] returns group-6D7114226DF0:java.util.concurrent.CompletableFuture@126516f5[Not completed]
2019-10-20 04:40:57,778 [pool-37-thread-1] INFO  impl.RaftServerImpl (RaftServerImpl.java:<init>(104)) - 8f4dcc74-0612-4035-9040-5f73cd792029: new RaftServerImpl for group-6D7114226DF0:[8f4dcc74-0612-4035-9040-5f73cd792029:192.168.164.239:37614] with ContainerStateMachine:uninitialized
2019-10-20 04:40:57,778 [pool-37-thread-1] INFO  server.RaftServerConfigKeys (ConfUtils.java:logGet(43)) - raft.server.rpc.timeout.min = 5s (custom)
2019-10-20 04:40:57,779 [pool-37-thread-1] INFO  server.RaftServerConfigKeys (ConfUtils.java:logGet(43)) - raft.server.rpc.timeout.max = 5200ms (custom)
2019-10-20 04:40:57,779 [pool-37-thread-1] INFO  server.RaftServerConfigKeys (ConfUtils.java:logGet(43)) - raft.server.rpcslowness.timeout = 1000s (custom)
2019-10-20 04:40:57,779 [pool-37-thread-1] INFO  server.RaftServerConfigKeys (ConfUtils.java:logGet(43)) - raft.server.sleep.deviation.threshold = 300 (default)
2019-10-20 04:40:57,779 [pool-37-thread-1] INFO  server.RaftServerConfigKeys (ConfUtils.java:logGet(43)) - raft.server.log.appender.install.snapshot.enabled = false (custom)
2019-10-20 04:40:57,780 [pool-37-thread-1] INFO  impl.RaftServerImpl (ServerState.java:<init>(103)) - 8f4dcc74-0612-4035-9040-5f73cd792029@group-6D7114226DF0: ConfigurationManager, init=-1: [8f4dcc74-0612-4035-9040-5f73cd792029:192.168.164.239:37614], old=null, confs=<EMPTY_MAP>
2019-10-20 04:40:57,780 [pool-37-thread-1] INFO  server.RaftServerConfigKeys (ConfUtils.java:logGet(43)) - raft.server.storage.dir = [/workdir/hadoop-ozone/integration-test/target/test-dir/MiniOzoneClusterImpl-d38a7f5b-303d-44e0-98bc-bd79b7bb2084/datanode-1/data/ratis] (custom)
2019-10-20 04:40:57,780 [pool-37-thread-1] INFO  server.RaftServerConfigKeys (ConfUtils.java:logGet(43)) - raft.server.log.corruption.policy = EXCEPTION (default)
2019-10-20 04:40:57,781 [pool-37-thread-1] INFO  storage.RaftStorageDirectory (RaftStorageDirectory.java:analyzeStorage(246)) - The storage directory /workdir/hadoop-ozone/integration-test/target/test-dir/MiniOzoneClusterImpl-d38a7f5b-303d-44e0-98bc-bd79b7bb2084/datanode-1/data/ratis/9304ed81-78f2-4819-a8ff-6d7114226df0 does not exist. Creating ...
2019-10-20 04:40:57,804 [pool-37-thread-1] INFO  storage.RaftStorageDirectory (RaftStorageDirectory.java:tryLock(328)) - Lock on /workdir/hadoop-ozone/integration-test/target/test-dir/MiniOzoneClusterImpl-d38a7f5b-303d-44e0-98bc-bd79b7bb2084/datanode-1/data/ratis/9304ed81-78f2-4819-a8ff-6d7114226df0/in_use.lock acquired by nodename 26650@trunk-nightly-20191020-r5wzl-4145440258
2019-10-20 04:40:57,829 [pool-37-thread-1] INFO  storage.RaftStorage (RaftStorage.java:format(84)) - Storage directory /workdir/hadoop-ozone/integration-test/target/test-dir/MiniOzoneClusterImpl-d38a7f5b-303d-44e0-98bc-bd79b7bb2084/datanode-1/data/ratis/9304ed81-78f2-4819-a8ff-6d7114226df0 has been successfully formatted.
2019-10-20 04:40:57,829 [pool-37-thread-1] INFO  ratis.ContainerStateMachine (ContainerStateMachine.java:loadSnapshot(231)) - group-6D7114226DF0: The snapshot info is null. Setting the last applied indexto:(t:0, i:~)
2019-10-20 04:40:57,830 [pool-37-thread-1] INFO  server.RaftServerConfigKeys (ConfUtils.java:logGet(43)) - raft.server.notification.no-leader.timeout = 1000s (custom)
2019-10-20 04:40:57,830 [pool-37-thread-1] INFO  server.RaftServerConfigKeys (ConfUtils.java:logGet(43)) - raft.server.log.use.memory = false (default)
2019-10-20 04:40:57,830 [pool-37-thread-1] INFO  server.RaftServerConfigKeys (ConfUtils.java:logGet(43)) - raft.server.log.purge.gap = 1000000 (custom)
2019-10-20 04:40:57,830 [pool-37-thread-1] INFO  server.RaftServerConfigKeys (ConfUtils.java:logGet(43)) - raft.server.log.appender.buffer.byte-limit = 33554432 (custom)
2019-10-20 04:40:57,831 [pool-37-thread-1] INFO  server.RaftServerConfigKeys (ConfUtils.java:logGet(43)) - raft.server.log.segment.size.max = 1048576 (custom)
2019-10-20 04:40:57,835 [pool-37-thread-1] INFO  server.RaftServerConfigKeys (ConfUtils.java:logGet(43)) - raft.server.log.segment.cache.num.max = 2 (custom)
2019-10-20 04:40:57,835 [pool-37-thread-1] INFO  segmented.SegmentedRaftLogWorker (SegmentedRaftLogWorker.java:<init>(173)) - new 8f4dcc74-0612-4035-9040-5f73cd792029@group-6D7114226DF0-SegmentedRaftLogWorker for RaftStorage:Storage Directory /workdir/hadoop-ozone/integration-test/target/test-dir/MiniOzoneClusterImpl-d38a7f5b-303d-44e0-98bc-bd79b7bb2084/datanode-1/data/ratis/9304ed81-78f2-4819-a8ff-6d7114226df0
2019-10-20 04:40:57,835 [pool-37-thread-1] INFO  server.RaftServerConfigKeys (ConfUtils.java:logGet(43)) - raft.server.log.queue.byte-limit = 2147483647 (custom)
2019-10-20 04:40:57,835 [pool-37-thread-1] INFO  server.RaftServerConfigKeys (ConfUtils.java:logGet(43)) - raft.server.log.queue.element-limit = 1024 (custom)
2019-10-20 04:40:57,835 [pool-37-thread-1] INFO  server.RaftServerConfigKeys (ConfUtils.java:logGet(43)) - raft.server.log.segment.size.max = 1048576 (custom)
2019-10-20 04:40:57,835 [pool-37-thread-1] INFO  server.RaftServerConfigKeys (ConfUtils.java:logGet(43)) - raft.server.log.preallocated.size = 16384 (custom)
2019-10-20 04:40:57,836 [pool-37-thread-1] INFO  server.RaftServerConfigKeys (ConfUtils.java:logGet(43)) - raft.server.log.write.buffer.size = 33554432 (custom)
2019-10-20 04:40:57,836 [pool-37-thread-1] INFO  server.RaftServerConfigKeys (ConfUtils.java:logGet(43)) - raft.server.log.force.sync.num = 128 (default)
2019-10-20 04:40:57,836 [pool-37-thread-1] INFO  server.RaftServerConfigKeys (ConfUtils.java:logGet(43)) - raft.server.log.statemachine.data.sync = true (default)
2019-10-20 04:40:57,836 [pool-37-thread-1] INFO  server.RaftServerConfigKeys (ConfUtils.java:logGet(43)) - raft.server.log.statemachine.data.sync.timeout = 10s (default)
2019-10-20 04:40:57,836 [pool-37-thread-1] INFO  server.RaftServerConfigKeys (ConfUtils.java:logGet(43)) - raft.server.log.statemachine.data.sync.timeout.retry = -1 (default)
2019-10-20 04:40:57,837 [pool-37-thread-1] INFO  server.RaftServerConfigKeys (ConfUtils.java:logGet(43)) - raft.server.log.statemachine.data.caching.enabled = true (custom)
2019-10-20 04:40:57,837 [pool-37-thread-1] INFO  segmented.SegmentedRaftLogWorker (SegmentedRaftLogWorker.java:lambda$new$0(128)) - 8f4dcc74-0612-4035-9040-5f73cd792029@group-6D7114226DF0-SegmentedRaftLogWorker: flushIndex: setUnconditionally 0 -> -1
2019-10-20 04:40:57,838 [pool-37-thread-1] INFO  server.RaftServerConfigKeys (ConfUtils.java:logGet(43)) - raft.server.snapshot.auto.trigger.enabled = true (custom)
2019-10-20 04:40:57,838 [pool-37-thread-1] INFO  server.RaftServerConfigKeys (ConfUtils.java:logGet(43)) - raft.server.snapshot.auto.trigger.threshold = 10000 (custom)
2019-10-20 04:40:57,838 [pool-37-thread-1] INFO  server.RaftServerConfigKeys (ConfUtils.java:logGet(43)) - raft.server.snapshot.retention.file.num = 5 (custom)
2019-10-20 04:40:57,838 [pool-37-thread-1] INFO  server.RaftServerConfigKeys (ConfUtils.java:logGet(43)) - raft.server.retrycache.expirytime = 600000ms (custom)
2019-10-20 04:40:57,843 [pool-37-thread-1] INFO  impl.RaftServerImpl (RaftServerImpl.java:start(195)) - 8f4dcc74-0612-4035-9040-5f73cd792029@group-6D7114226DF0: start as a follower, conf=-1: [8f4dcc74-0612-4035-9040-5f73cd792029:192.168.164.239:37614], old=null
2019-10-20 04:40:57,844 [pool-37-thread-1] INFO  impl.RaftServerImpl (RaftServerImpl.java:setRole(184)) - 8f4dcc74-0612-4035-9040-5f73cd792029@group-6D7114226DF0: changes role from      null to FOLLOWER at term 0 for startAsFollower
2019-10-20 04:40:57,844 [pool-37-thread-1] INFO  impl.RoleInfo (RoleInfo.java:updateAndGet(143)) - 8f4dcc74-0612-4035-9040-5f73cd792029: start FollowerState
2019-10-20 04:40:57,844 [pool-37-thread-1] INFO  util.JmxRegister (JmxRegister.java:tryRegister(44)) - Successfully registered JMX Bean with object name Ratis:service=RaftServer,group=group-6D7114226DF0,id=8f4dcc74-0612-4035-9040-5f73cd792029
2019-10-20 04:40:57,864 [RatisPipelineUtilsThread] INFO  pipeline.PipelineStateManager (PipelineStateManager.java:addPipeline(56)) - Created pipeline Pipeline[ Id: 9304ed81-78f2-4819-a8ff-6d7114226df0, Nodes: 8f4dcc74-0612-4035-9040-5f73cd792029{ip: 192.168.164.239, host: trunk-nightly-20191020-r5wzl-4145440258, networkLocation: /default-rack, certSerialId: null}, Type:RATIS, Factor:ONE, State:OPEN]
2019-10-20 04:40:57,868 [Thread-191] INFO  impl.FollowerState (FollowerState.java:run(108)) - e3be97a9-3d3a-4f1a-9aac-bb0a1b054e74@group-E2BEF0184E55-FollowerState: change to CANDIDATE, lastRpcTime:124ms, electionTimeout:124ms
2019-10-20 04:40:57,870 [Thread-191] INFO  impl.RoleInfo (RoleInfo.java:shutdownFollowerState(121)) - e3be97a9-3d3a-4f1a-9aac-bb0a1b054e74: shutdown FollowerState
2019-10-20 04:40:57,870 [Thread-191] INFO  impl.RaftServerImpl (RaftServerImpl.java:setRole(184)) - e3be97a9-3d3a-4f1a-9aac-bb0a1b054e74@group-E2BEF0184E55: changes role from  FOLLOWER to CANDIDATE at term 0 for changeToCandidate
2019-10-20 04:40:57,871 [Thread-191] INFO  impl.RoleInfo (RoleInfo.java:updateAndGet(143)) - e3be97a9-3d3a-4f1a-9aac-bb0a1b054e74: start LeaderElection
2019-10-20 04:40:57,896 [grpc-default-executor-1] INFO  impl.RaftServerProxy (RaftServerProxy.java:addNew(89)) - 8f4dcc74-0612-4035-9040-5f73cd792029: addNew group-045AAD0D4D73:[57114e09-3b7f-4b4a-a342-090fe34f336a:192.168.164.239:45374, e3be97a9-3d3a-4f1a-9aac-bb0a1b054e74:192.168.164.239:42267, 8f4dcc74-0612-4035-9040-5f73cd792029:192.168.164.239:37614] returns group-045AAD0D4D73:java.util.concurrent.CompletableFuture@414b1b75[Not completed]
2019-10-20 04:40:57,898 [grpc-default-executor-2] INFO  impl.RaftServerProxy (RaftServerProxy.java:addNew(89)) - 57114e09-3b7f-4b4a-a342-090fe34f336a: addNew group-045AAD0D4D73:[57114e09-3b7f-4b4a-a342-090fe34f336a:192.168.164.239:45374, e3be97a9-3d3a-4f1a-9aac-bb0a1b054e74:192.168.164.239:42267, 8f4dcc74-0612-4035-9040-5f73cd792029:192.168.164.239:37614] returns group-045AAD0D4D73:java.util.concurrent.CompletableFuture@dfed69c[Not completed]
2019-10-20 04:40:57,901 [grpc-default-executor-2] INFO  impl.RaftServerProxy (RaftServerProxy.java:addNew(89)) - e3be97a9-3d3a-4f1a-9aac-bb0a1b054e74: addNew group-045AAD0D4D73:[57114e09-3b7f-4b4a-a342-090fe34f336a:192.168.164.239:45374, e3be97a9-3d3a-4f1a-9aac-bb0a1b054e74:192.168.164.239:42267, 8f4dcc74-0612-4035-9040-5f73cd792029:192.168.164.239:37614] returns group-045AAD0D4D73:java.util.concurrent.CompletableFuture@7aa76469[Not completed]
2019-10-20 04:40:57,901 [pool-37-thread-1] INFO  impl.RaftServerImpl (RaftServerImpl.java:<init>(104)) - 8f4dcc74-0612-4035-9040-5f73cd792029: new RaftServerImpl for group-045AAD0D4D73:[57114e09-3b7f-4b4a-a342-090fe34f336a:192.168.164.239:45374, e3be97a9-3d3a-4f1a-9aac-bb0a1b054e74:192.168.164.239:42267, 8f4dcc74-0612-4035-9040-5f73cd792029:192.168.164.239:37614] with ContainerStateMachine:uninitialized
2019-10-20 04:40:57,901 [pool-37-thread-1] INFO  server.RaftServerConfigKeys (ConfUtils.java:logGet(43)) - raft.server.rpc.timeout.min = 5s (custom)
2019-10-20 04:40:57,901 [pool-37-thread-1] INFO  server.RaftServerConfigKeys (ConfUtils.java:logGet(43)) - raft.server.rpc.timeout.max = 5200ms (custom)
2019-10-20 04:40:57,901 [pool-37-thread-1] INFO  server.RaftServerConfigKeys (ConfUtils.java:logGet(43)) - raft.server.rpcslowness.timeout = 1000s (custom)
2019-10-20 04:40:57,901 [pool-37-thread-1] INFO  server.RaftServerConfigKeys (ConfUtils.java:logGet(43)) - raft.server.sleep.deviation.threshold = 300 (default)
2019-10-20 04:40:57,902 [pool-37-thread-1] INFO  server.RaftServerConfigKeys (ConfUtils.java:logGet(43)) - raft.server.log.appender.install.snapshot.enabled = false (custom)
2019-10-20 04:40:57,902 [pool-37-thread-1] INFO  impl.RaftServerImpl (ServerState.java:<init>(103)) - 8f4dcc74-0612-4035-9040-5f73cd792029@group-045AAD0D4D73: ConfigurationManager, init=-1: [57114e09-3b7f-4b4a-a342-090fe34f336a:192.168.164.239:45374, e3be97a9-3d3a-4f1a-9aac-bb0a1b054e74:192.168.164.239:42267, 8f4dcc74-0612-4035-9040-5f73cd792029:192.168.164.239:37614], old=null, confs=<EMPTY_MAP>
2019-10-20 04:40:57,902 [pool-37-thread-1] INFO  server.RaftServerConfigKeys (ConfUtils.java:logGet(43)) - raft.server.storage.dir = [/workdir/hadoop-ozone/integration-test/target/test-dir/MiniOzoneClusterImpl-d38a7f5b-303d-44e0-98bc-bd79b7bb2084/datanode-1/data/ratis] (custom)
2019-10-20 04:40:57,902 [pool-27-thread-1] INFO  impl.RaftServerImpl (RaftServerImpl.java:<init>(104)) - 57114e09-3b7f-4b4a-a342-090fe34f336a: new RaftServerImpl for group-045AAD0D4D73:[57114e09-3b7f-4b4a-a342-090fe34f336a:192.168.164.239:45374, e3be97a9-3d3a-4f1a-9aac-bb0a1b054e74:192.168.164.239:42267, 8f4dcc74-0612-4035-9040-5f73cd792029:192.168.164.239:37614] with ContainerStateMachine:uninitialized
2019-10-20 04:40:57,902 [pool-37-thread-1] INFO  server.RaftServerConfigKeys (ConfUtils.java:logGet(43)) - raft.server.log.corruption.policy = EXCEPTION (default)
2019-10-20 04:40:57,903 [pool-27-thread-1] INFO  server.RaftServerConfigKeys (ConfUtils.java:logGet(43)) - raft.server.rpc.timeout.min = 5s (custom)
2019-10-20 04:40:57,903 [pool-37-thread-1] INFO  storage.RaftStorageDirectory (RaftStorageDirectory.java:analyzeStorage(246)) - The storage directory /workdir/hadoop-ozone/integration-test/target/test-dir/MiniOzoneClusterImpl-d38a7f5b-303d-44e0-98bc-bd79b7bb2084/datanode-1/data/ratis/34dfe2c8-23b7-47ff-8954-045aad0d4d73 does not exist. Creating ...
2019-10-20 04:40:57,903 [pool-27-thread-1] INFO  server.RaftServerConfigKeys (ConfUtils.java:logGet(43)) - raft.server.rpc.timeout.max = 5200ms (custom)
2019-10-20 04:40:57,903 [pool-47-thread-1] INFO  impl.RaftServerImpl (RaftServerImpl.java:<init>(104)) - e3be97a9-3d3a-4f1a-9aac-bb0a1b054e74: new RaftServerImpl for group-045AAD0D4D73:[57114e09-3b7f-4b4a-a342-090fe34f336a:192.168.164.239:45374, e3be97a9-3d3a-4f1a-9aac-bb0a1b054e74:192.168.164.239:42267, 8f4dcc74-0612-4035-9040-5f73cd792029:192.168.164.239:37614] with ContainerStateMachine:uninitialized
2019-10-20 04:40:57,903 [pool-27-thread-1] INFO  server.RaftServerConfigKeys (ConfUtils.java:logGet(43)) - raft.server.rpcslowness.timeout = 1000s (custom)
2019-10-20 04:40:57,903 [pool-47-thread-1] INFO  server.RaftServerConfigKeys (ConfUtils.java:logGet(43)) - raft.server.rpc.timeout.min = 5s (custom)
2019-10-20 04:40:57,903 [pool-27-thread-1] INFO  server.RaftServerConfigKeys (ConfUtils.java:logGet(43)) - raft.server.sleep.deviation.threshold = 300 (default)
2019-10-20 04:40:57,904 [pool-47-thread-1] INFO  server.RaftServerConfigKeys (ConfUtils.java:logGet(43)) - raft.server.rpc.timeout.max = 5200ms (custom)
2019-10-20 04:40:57,904 [pool-27-thread-1] INFO  server.RaftServerConfigKeys (ConfUtils.java:logGet(43)) - raft.server.log.appender.install.snapshot.enabled = false (custom)
2019-10-20 04:40:57,904 [pool-47-thread-1] INFO  server.RaftServerConfigKeys (ConfUtils.java:logGet(43)) - raft.server.rpcslowness.timeout = 1000s (custom)
2019-10-20 04:40:57,904 [pool-27-thread-1] INFO  impl.RaftServerImpl (ServerState.java:<init>(103)) - 57114e09-3b7f-4b4a-a342-090fe34f336a@group-045AAD0D4D73: ConfigurationManager, init=-1: [57114e09-3b7f-4b4a-a342-090fe34f336a:192.168.164.239:45374, e3be97a9-3d3a-4f1a-9aac-bb0a1b054e74:192.168.164.239:42267, 8f4dcc74-0612-4035-9040-5f73cd792029:192.168.164.239:37614], old=null, confs=<EMPTY_MAP>
2019-10-20 04:40:57,904 [pool-47-thread-1] INFO  server.RaftServerConfigKeys (ConfUtils.java:logGet(43)) - raft.server.sleep.deviation.threshold = 300 (default)
2019-10-20 04:40:57,904 [e3be97a9-3d3a-4f1a-9aac-bb0a1b054e74@group-E2BEF0184E55-LeaderElection2] INFO  impl.LeaderElection (LeaderElection.java:askForVotes(178)) - e3be97a9-3d3a-4f1a-9aac-bb0a1b054e74@group-E2BEF0184E55-LeaderElection2: begin an election at term 1 for -1: [e3be97a9-3d3a-4f1a-9aac-bb0a1b054e74:192.168.164.239:42267], old=null
2019-10-20 04:40:57,905 [pool-47-thread-1] INFO  server.RaftServerConfigKeys (ConfUtils.java:logGet(43)) - raft.server.log.appender.install.snapshot.enabled = false (custom)
2019-10-20 04:40:57,905 [e3be97a9-3d3a-4f1a-9aac-bb0a1b054e74@group-E2BEF0184E55-LeaderElection2] INFO  impl.RoleInfo (RoleInfo.java:shutdownLeaderElection(134)) - e3be97a9-3d3a-4f1a-9aac-bb0a1b054e74: shutdown LeaderElection
2019-10-20 04:40:57,905 [pool-27-thread-1] INFO  server.RaftServerConfigKeys (ConfUtils.java:logGet(43)) - raft.server.storage.dir = [/workdir/hadoop-ozone/integration-test/target/test-dir/MiniOzoneClusterImpl-d38a7f5b-303d-44e0-98bc-bd79b7bb2084/datanode-0/data/ratis] (custom)
2019-10-20 04:40:57,906 [e3be97a9-3d3a-4f1a-9aac-bb0a1b054e74@group-E2BEF0184E55-LeaderElection2] INFO  impl.RaftServerImpl (RaftServerImpl.java:setRole(184)) - e3be97a9-3d3a-4f1a-9aac-bb0a1b054e74@group-E2BEF0184E55: changes role from CANDIDATE to LEADER at term 1 for changeToLeader
2019-10-20 04:40:57,906 [e3be97a9-3d3a-4f1a-9aac-bb0a1b054e74@group-E2BEF0184E55-LeaderElection2] INFO  impl.RaftServerImpl (ServerState.java:setLeader(256)) - e3be97a9-3d3a-4f1a-9aac-bb0a1b054e74@group-E2BEF0184E55: change Leader from null to e3be97a9-3d3a-4f1a-9aac-bb0a1b054e74 at term 1 for becomeLeader, leader elected after 208ms
2019-10-20 04:40:57,905 [pool-47-thread-1] INFO  impl.RaftServerImpl (ServerState.java:<init>(103)) - e3be97a9-3d3a-4f1a-9aac-bb0a1b054e74@group-045AAD0D4D73: ConfigurationManager, init=-1: [57114e09-3b7f-4b4a-a342-090fe34f336a:192.168.164.239:45374, e3be97a9-3d3a-4f1a-9aac-bb0a1b054e74:192.168.164.239:42267, 8f4dcc74-0612-4035-9040-5f73cd792029:192.168.164.239:37614], old=null, confs=<EMPTY_MAP>
2019-10-20 04:40:57,906 [pool-27-thread-1] INFO  server.RaftServerConfigKeys (ConfUtils.java:logGet(43)) - raft.server.log.corruption.policy = EXCEPTION (default)
2019-10-20 04:40:57,906 [e3be97a9-3d3a-4f1a-9aac-bb0a1b054e74@group-E2BEF0184E55-LeaderElection2] INFO  server.RaftServerConfigKeys (ConfUtils.java:logGet(43)) - raft.server.staging.catchup.gap = 1000 (default)
2019-10-20 04:40:57,906 [pool-47-thread-1] INFO  server.RaftServerConfigKeys (ConfUtils.java:logGet(43)) - raft.server.storage.dir = [/workdir/hadoop-ozone/integration-test/target/test-dir/MiniOzoneClusterImpl-d38a7f5b-303d-44e0-98bc-bd79b7bb2084/datanode-2/data/ratis] (custom)
2019-10-20 04:40:57,906 [e3be97a9-3d3a-4f1a-9aac-bb0a1b054e74@group-E2BEF0184E55-LeaderElection2] INFO  server.RaftServerConfigKeys (ConfUtils.java:logGet(43)) - raft.server.rpc.sleep.time = 25ms (default)
2019-10-20 04:40:57,906 [pool-27-thread-1] INFO  storage.RaftStorageDirectory (RaftStorageDirectory.java:analyzeStorage(246)) - The storage directory /workdir/hadoop-ozone/integration-test/target/test-dir/MiniOzoneClusterImpl-d38a7f5b-303d-44e0-98bc-bd79b7bb2084/datanode-0/data/ratis/34dfe2c8-23b7-47ff-8954-045aad0d4d73 does not exist. Creating ...
2019-10-20 04:40:57,906 [pool-47-thread-1] INFO  server.RaftServerConfigKeys (ConfUtils.java:logGet(43)) - raft.server.log.corruption.policy = EXCEPTION (default)
2019-10-20 04:40:57,907 [e3be97a9-3d3a-4f1a-9aac-bb0a1b054e74@group-E2BEF0184E55-LeaderElection2] INFO  server.RaftServerConfigKeys (ConfUtils.java:logGet(43)) - raft.server.write.element-limit = 4096 (default)
2019-10-20 04:40:57,907 [pool-47-thread-1] INFO  storage.RaftStorageDirectory (RaftStorageDirectory.java:analyzeStorage(246)) - The storage directory /workdir/hadoop-ozone/integration-test/target/test-dir/MiniOzoneClusterImpl-d38a7f5b-303d-44e0-98bc-bd79b7bb2084/datanode-2/data/ratis/34dfe2c8-23b7-47ff-8954-045aad0d4d73 does not exist. Creating ...
2019-10-20 04:40:57,907 [e3be97a9-3d3a-4f1a-9aac-bb0a1b054e74@group-E2BEF0184E55-LeaderElection2] INFO  server.RaftServerConfigKeys (ConfUtils.java:logGet(43)) - raft.server.watch.timeout = 10s (default)
2019-10-20 04:40:57,907 [e3be97a9-3d3a-4f1a-9aac-bb0a1b054e74@group-E2BEF0184E55-LeaderElection2] INFO  server.RaftServerConfigKeys (ConfUtils.java:logGet(43)) - raft.server.watch.timeout.denomination = 1s (default)
2019-10-20 04:40:57,907 [e3be97a9-3d3a-4f1a-9aac-bb0a1b054e74@group-E2BEF0184E55-LeaderElection2] INFO  server.RaftServerConfigKeys (ConfUtils.java:logGet(43)) - raft.server.watch.element-limit = 65536 (default)
2019-10-20 04:40:57,909 [e3be97a9-3d3a-4f1a-9aac-bb0a1b054e74@group-E2BEF0184E55-LeaderElection2] INFO  impl.RoleInfo (RoleInfo.java:updateAndGet(143)) - e3be97a9-3d3a-4f1a-9aac-bb0a1b054e74: start LeaderState
2019-10-20 04:40:57,910 [e3be97a9-3d3a-4f1a-9aac-bb0a1b054e74@group-E2BEF0184E55-LeaderElection2] INFO  segmented.SegmentedRaftLogWorker (SegmentedRaftLogWorker.java:startLogSegment(385)) - e3be97a9-3d3a-4f1a-9aac-bb0a1b054e74@group-E2BEF0184E55-SegmentedRaftLogWorker: Starting segment from index:0
2019-10-20 04:40:57,910 [e3be97a9-3d3a-4f1a-9aac-bb0a1b054e74@group-E2BEF0184E55-LeaderElection2] INFO  impl.RaftServerImpl (ServerState.java:setRaftConf(357)) - e3be97a9-3d3a-4f1a-9aac-bb0a1b054e74@group-E2BEF0184E55: set configuration 0: [e3be97a9-3d3a-4f1a-9aac-bb0a1b054e74:192.168.164.239:42267], old=null at 0
2019-10-20 04:40:57,944 [pool-37-thread-1] INFO  storage.RaftStorageDirectory (RaftStorageDirectory.java:tryLock(328)) - Lock on /workdir/hadoop-ozone/integration-test/target/test-dir/MiniOzoneClusterImpl-d38a7f5b-303d-44e0-98bc-bd79b7bb2084/datanode-1/data/ratis/34dfe2c8-23b7-47ff-8954-045aad0d4d73/in_use.lock acquired by nodename 26650@trunk-nightly-20191020-r5wzl-4145440258
2019-10-20 04:40:57,944 [Thread-194] INFO  impl.FollowerState (FollowerState.java:run(108)) - 8f4dcc74-0612-4035-9040-5f73cd792029@group-6D7114226DF0-FollowerState: change to CANDIDATE, lastRpcTime:100ms, electionTimeout:80ms
2019-10-20 04:40:57,944 [pool-47-thread-1] INFO  storage.RaftStorageDirectory (RaftStorageDirectory.java:tryLock(328)) - Lock on /workdir/hadoop-ozone/integration-test/target/test-dir/MiniOzoneClusterImpl-d38a7f5b-303d-44e0-98bc-bd79b7bb2084/datanode-2/data/ratis/34dfe2c8-23b7-47ff-8954-045aad0d4d73/in_use.lock acquired by nodename 26650@trunk-nightly-20191020-r5wzl-4145440258
2019-10-20 04:40:57,944 [pool-27-thread-1] INFO  storage.RaftStorageDirectory (RaftStorageDirectory.java:tryLock(328)) - Lock on /workdir/hadoop-ozone/integration-test/target/test-dir/MiniOzoneClusterImpl-d38a7f5b-303d-44e0-98bc-bd79b7bb2084/datanode-0/data/ratis/34dfe2c8-23b7-47ff-8954-045aad0d4d73/in_use.lock acquired by nodename 26650@trunk-nightly-20191020-r5wzl-4145440258
2019-10-20 04:40:57,945 [Thread-194] INFO  impl.RoleInfo (RoleInfo.java:shutdownFollowerState(121)) - 8f4dcc74-0612-4035-9040-5f73cd792029: shutdown FollowerState
2019-10-20 04:40:57,944 [main] INFO  ozone.MiniOzoneClusterImpl (MiniOzoneClusterImpl.java:lambda$waitForClusterToBeReady$0(147)) - Cluster is ready. Got 3 of 3 DN Heartbeats.
2019-10-20 04:40:57,945 [Thread-194] INFO  impl.RaftServerImpl (RaftServerImpl.java:setRole(184)) - 8f4dcc74-0612-4035-9040-5f73cd792029@group-6D7114226DF0: changes role from  FOLLOWER to CANDIDATE at term 0 for changeToCandidate
2019-10-20 04:40:57,946 [Thread-194] INFO  impl.RoleInfo (RoleInfo.java:updateAndGet(143)) - 8f4dcc74-0612-4035-9040-5f73cd792029: start LeaderElection
2019-10-20 04:40:57,972 [pool-37-thread-1] INFO  storage.RaftStorage (RaftStorage.java:format(84)) - Storage directory /workdir/hadoop-ozone/integration-test/target/test-dir/MiniOzoneClusterImpl-d38a7f5b-303d-44e0-98bc-bd79b7bb2084/datanode-1/data/ratis/34dfe2c8-23b7-47ff-8954-045aad0d4d73 has been successfully formatted.
2019-10-20 04:40:57,972 [e3be97a9-3d3a-4f1a-9aac-bb0a1b054e74@group-E2BEF0184E55-SegmentedRaftLogWorker] INFO  segmented.SegmentedRaftLogWorker (SegmentedRaftLogWorker.java:execute(576)) - e3be97a9-3d3a-4f1a-9aac-bb0a1b054e74@group-E2BEF0184E55-SegmentedRaftLogWorker: created new log segment /workdir/hadoop-ozone/integration-test/target/test-dir/MiniOzoneClusterImpl-d38a7f5b-303d-44e0-98bc-bd79b7bb2084/datanode-2/data/ratis/509a6c9b-715a-4f06-b470-e2bef0184e55/current/log_inprogress_0
2019-10-20 04:40:57,972 [8f4dcc74-0612-4035-9040-5f73cd792029@group-6D7114226DF0-LeaderElection3] INFO  impl.LeaderElection (LeaderElection.java:askForVotes(178)) - 8f4dcc74-0612-4035-9040-5f73cd792029@group-6D7114226DF0-LeaderElection3: begin an election at term 1 for -1: [8f4dcc74-0612-4035-9040-5f73cd792029:192.168.164.239:37614], old=null
2019-10-20 04:40:57,972 [pool-47-thread-1] INFO  storage.RaftStorage (RaftStorage.java:format(84)) - Storage directory /workdir/hadoop-ozone/integration-test/target/test-dir/MiniOzoneClusterImpl-d38a7f5b-303d-44e0-98bc-bd79b7bb2084/datanode-2/data/ratis/34dfe2c8-23b7-47ff-8954-045aad0d4d73 has been successfully formatted.
2019-10-20 04:40:57,972 [pool-27-thread-1] INFO  storage.RaftStorage (RaftStorage.java:format(84)) - Storage directory /workdir/hadoop-ozone/integration-test/target/test-dir/MiniOzoneClusterImpl-d38a7f5b-303d-44e0-98bc-bd79b7bb2084/datanode-0/data/ratis/34dfe2c8-23b7-47ff-8954-045aad0d4d73 has been successfully formatted.
2019-10-20 04:40:57,972 [57114e09-3b7f-4b4a-a342-090fe34f336a@group-34043DF8C5BF-SegmentedRaftLogWorker] INFO  segmented.SegmentedRaftLogWorker (SegmentedRaftLogWorker.java:execute(576)) - 57114e09-3b7f-4b4a-a342-090fe34f336a@group-34043DF8C5BF-SegmentedRaftLogWorker: created new log segment /workdir/hadoop-ozone/integration-test/target/test-dir/MiniOzoneClusterImpl-d38a7f5b-303d-44e0-98bc-bd79b7bb2084/datanode-0/data/ratis/19a87eaa-9295-4fc4-b3e6-34043df8c5bf/current/log_inprogress_0
2019-10-20 04:40:57,973 [pool-47-thread-1] INFO  ratis.ContainerStateMachine (ContainerStateMachine.java:loadSnapshot(231)) - group-045AAD0D4D73: The snapshot info is null. Setting the last applied indexto:(t:0, i:~)
2019-10-20 04:40:57,973 [8f4dcc74-0612-4035-9040-5f73cd792029@group-6D7114226DF0-LeaderElection3] INFO  impl.RoleInfo (RoleInfo.java:shutdownLeaderElection(134)) - 8f4dcc74-0612-4035-9040-5f73cd792029: shutdown LeaderElection
2019-10-20 04:40:57,973 [pool-47-thread-1] INFO  server.RaftServerConfigKeys (ConfUtils.java:logGet(43)) - raft.server.notification.no-leader.timeout = 1000s (custom)
2019-10-20 04:40:57,973 [pool-37-thread-1] INFO  ratis.ContainerStateMachine (ContainerStateMachine.java:loadSnapshot(231)) - group-045AAD0D4D73: The snapshot info is null. Setting the last applied indexto:(t:0, i:~)
2019-10-20 04:40:57,974 [pool-47-thread-1] INFO  server.RaftServerConfigKeys (ConfUtils.java:logGet(43)) - raft.server.log.use.memory = false (default)
2019-10-20 04:40:57,973 [8f4dcc74-0612-4035-9040-5f73cd792029@group-6D7114226DF0-LeaderElection3] INFO  impl.RaftServerImpl (RaftServerImpl.java:setRole(184)) - 8f4dcc74-0612-4035-9040-5f73cd792029@group-6D7114226DF0: changes role from CANDIDATE to LEADER at term 1 for changeToLeader
2019-10-20 04:40:57,973 [pool-27-thread-1] INFO  ratis.ContainerStateMachine (ContainerStateMachine.java:loadSnapshot(231)) - group-045AAD0D4D73: The snapshot info is null. Setting the last applied indexto:(t:0, i:~)
2019-10-20 04:40:57,974 [8f4dcc74-0612-4035-9040-5f73cd792029@group-6D7114226DF0-LeaderElection3] INFO  impl.RaftServerImpl (ServerState.java:setLeader(256)) - 8f4dcc74-0612-4035-9040-5f73cd792029@group-6D7114226DF0: change Leader from null to 8f4dcc74-0612-4035-9040-5f73cd792029 at term 1 for becomeLeader, leader elected after 144ms
2019-10-20 04:40:57,974 [pool-27-thread-1] INFO  server.RaftServerConfigKeys (ConfUtils.java:logGet(43)) - raft.server.notification.no-leader.timeout = 1000s (custom)
2019-10-20 04:40:57,974 [pool-47-thread-1] INFO  server.RaftServerConfigKeys (ConfUtils.java:logGet(43)) - raft.server.log.purge.gap = 1000000 (custom)
2019-10-20 04:40:57,974 [pool-37-thread-1] INFO  server.RaftServerConfigKeys (ConfUtils.java:logGet(43)) - raft.server.notification.no-leader.timeout = 1000s (custom)
2019-10-20 04:40:57,974 [pool-47-thread-1] INFO  server.RaftServerConfigKeys (ConfUtils.java:logGet(43)) - raft.server.log.appender.buffer.byte-limit = 33554432 (custom)
2019-10-20 04:40:57,974 [pool-27-thread-1] INFO  server.RaftServerConfigKeys (ConfUtils.java:logGet(43)) - raft.server.log.use.memory = false (default)
2019-10-20 04:40:57,974 [8f4dcc74-0612-4035-9040-5f73cd792029@group-6D7114226DF0-LeaderElection3] INFO  server.RaftServerConfigKeys (ConfUtils.java:logGet(43)) - raft.server.staging.catchup.gap = 1000 (default)
2019-10-20 04:40:57,975 [pool-27-thread-1] INFO  server.RaftServerConfigKeys (ConfUtils.java:logGet(43)) - raft.server.log.purge.gap = 1000000 (custom)
2019-10-20 04:40:57,975 [pool-47-thread-1] INFO  server.RaftServerConfigKeys (ConfUtils.java:logGet(43)) - raft.server.log.segment.size.max = 1048576 (custom)
2019-10-20 04:40:57,975 [pool-37-thread-1] INFO  server.RaftServerConfigKeys (ConfUtils.java:logGet(43)) - raft.server.log.use.memory = false (default)
2019-10-20 04:40:57,977 [pool-47-thread-1] INFO  server.RaftServerConfigKeys (ConfUtils.java:logGet(43)) - raft.server.log.segment.cache.num.max = 2 (custom)
2019-10-20 04:40:57,977 [pool-27-thread-1] INFO  server.RaftServerConfigKeys (ConfUtils.java:logGet(43)) - raft.server.log.appender.buffer.byte-limit = 33554432 (custom)
2019-10-20 04:40:57,975 [8f4dcc74-0612-4035-9040-5f73cd792029@group-6D7114226DF0-LeaderElection3] INFO  server.RaftServerConfigKeys (ConfUtils.java:logGet(43)) - raft.server.rpc.sleep.time = 25ms (default)
2019-10-20 04:40:57,978 [pool-27-thread-1] INFO  server.RaftServerConfigKeys (ConfUtils.java:logGet(43)) - raft.server.log.segment.size.max = 1048576 (custom)
2019-10-20 04:40:57,977 [pool-47-thread-1] INFO  segmented.SegmentedRaftLogWorker (SegmentedRaftLogWorker.java:<init>(173)) - new e3be97a9-3d3a-4f1a-9aac-bb0a1b054e74@group-045AAD0D4D73-SegmentedRaftLogWorker for RaftStorage:Storage Directory /workdir/hadoop-ozone/integration-test/target/test-dir/MiniOzoneClusterImpl-d38a7f5b-303d-44e0-98bc-bd79b7bb2084/datanode-2/data/ratis/34dfe2c8-23b7-47ff-8954-045aad0d4d73
2019-10-20 04:40:57,978 [pool-27-thread-1] INFO  server.RaftServerConfigKeys (ConfUtils.java:logGet(43)) - raft.server.log.segment.cache.num.max = 2 (custom)
2019-10-20 04:40:57,977 [pool-37-thread-1] INFO  server.RaftServerConfigKeys (ConfUtils.java:logGet(43)) - raft.server.log.purge.gap = 1000000 (custom)
2019-10-20 04:40:57,978 [pool-27-thread-1] INFO  segmented.SegmentedRaftLogWorker (SegmentedRaftLogWorker.java:<init>(173)) - new 57114e09-3b7f-4b4a-a342-090fe34f336a@group-045AAD0D4D73-SegmentedRaftLogWorker for RaftStorage:Storage Directory /workdir/hadoop-ozone/integration-test/target/test-dir/MiniOzoneClusterImpl-d38a7f5b-303d-44e0-98bc-bd79b7bb2084/datanode-0/data/ratis/34dfe2c8-23b7-47ff-8954-045aad0d4d73
2019-10-20 04:40:57,978 [pool-47-thread-1] INFO  server.RaftServerConfigKeys (ConfUtils.java:logGet(43)) - raft.server.log.queue.byte-limit = 2147483647 (custom)
2019-10-20 04:40:57,978 [8f4dcc74-0612-4035-9040-5f73cd792029@group-6D7114226DF0-LeaderElection3] INFO  server.RaftServerConfigKeys (ConfUtils.java:logGet(43)) - raft.server.write.element-limit = 4096 (default)
2019-10-20 04:40:57,979 [pool-47-thread-1] INFO  server.RaftServerConfigKeys (ConfUtils.java:logGet(43)) - raft.server.log.queue.element-limit = 1024 (custom)
2019-10-20 04:40:57,978 [pool-27-thread-1] INFO  server.RaftServerConfigKeys (ConfUtils.java:logGet(43)) - raft.server.log.queue.byte-limit = 2147483647 (custom)
2019-10-20 04:40:57,978 [pool-37-thread-1] INFO  server.RaftServerConfigKeys (ConfUtils.java:logGet(43)) - raft.server.log.appender.buffer.byte-limit = 33554432 (custom)
2019-10-20 04:40:57,979 [pool-27-thread-1] INFO  server.RaftServerConfigKeys (ConfUtils.java:logGet(43)) - raft.server.log.queue.element-limit = 1024 (custom)
2019-10-20 04:40:57,979 [pool-47-thread-1] INFO  server.RaftServerConfigKeys (ConfUtils.java:logGet(43)) - raft.server.log.segment.size.max = 1048576 (custom)
2019-10-20 04:40:57,979 [8f4dcc74-0612-4035-9040-5f73cd792029@group-6D7114226DF0-LeaderElection3] INFO  server.RaftServerConfigKeys (ConfUtils.java:logGet(43)) - raft.server.watch.timeout = 10s (default)
2019-10-20 04:40:57,980 [pool-47-thread-1] INFO  server.RaftServerConfigKeys (ConfUtils.java:logGet(43)) - raft.server.log.preallocated.size = 16384 (custom)
2019-10-20 04:40:57,979 [pool-27-thread-1] INFO  server.RaftServerConfigKeys (ConfUtils.java:logGet(43)) - raft.server.log.segment.size.max = 1048576 (custom)
2019-10-20 04:40:57,979 [pool-37-thread-1] INFO  server.RaftServerConfigKeys (ConfUtils.java:logGet(43)) - raft.server.log.segment.size.max = 1048576 (custom)
2019-10-20 04:40:57,980 [pool-27-thread-1] INFO  server.RaftServerConfigKeys (ConfUtils.java:logGet(43)) - raft.server.log.preallocated.size = 16384 (custom)
2019-10-20 04:40:57,980 [pool-47-thread-1] INFO  server.RaftServerConfigKeys (ConfUtils.java:logGet(43)) - raft.server.log.write.buffer.size = 33554432 (custom)
2019-10-20 04:40:57,980 [8f4dcc74-0612-4035-9040-5f73cd792029@group-6D7114226DF0-LeaderElection3] INFO  server.RaftServerConfigKeys (ConfUtils.java:logGet(43)) - raft.server.watch.timeout.denomination = 1s (default)
2019-10-20 04:40:57,982 [pool-47-thread-1] INFO  server.RaftServerConfigKeys (ConfUtils.java:logGet(43)) - raft.server.log.force.sync.num = 128 (default)
2019-10-20 04:40:57,982 [pool-27-thread-1] INFO  server.RaftServerConfigKeys (ConfUtils.java:logGet(43)) - raft.server.log.write.buffer.size = 33554432 (custom)
2019-10-20 04:40:57,982 [pool-37-thread-1] INFO  server.RaftServerConfigKeys (ConfUtils.java:logGet(43)) - raft.server.log.segment.cache.num.max = 2 (custom)
2019-10-20 04:40:57,983 [pool-27-thread-1] INFO  server.RaftServerConfigKeys (ConfUtils.java:logGet(43)) - raft.server.log.force.sync.num = 128 (default)
2019-10-20 04:40:57,983 [pool-47-thread-1] INFO  server.RaftServerConfigKeys (ConfUtils.java:logGet(43)) - raft.server.log.statemachine.data.sync = true (default)
2019-10-20 04:40:57,982 [8f4dcc74-0612-4035-9040-5f73cd792029@group-6D7114226DF0-LeaderElection3] INFO  server.RaftServerConfigKeys (ConfUtils.java:logGet(43)) - raft.server.watch.element-limit = 65536 (default)
2019-10-20 04:40:57,983 [pool-47-thread-1] INFO  server.RaftServerConfigKeys (ConfUtils.java:logGet(43)) - raft.server.log.statemachine.data.sync.timeout = 10s (default)
2019-10-20 04:40:57,983 [pool-27-thread-1] INFO  server.RaftServerConfigKeys (ConfUtils.java:logGet(43)) - raft.server.log.statemachine.data.sync = true (default)
2019-10-20 04:40:57,983 [pool-37-thread-1] INFO  segmented.SegmentedRaftLogWorker (SegmentedRaftLogWorker.java:<init>(173)) - new 8f4dcc74-0612-4035-9040-5f73cd792029@group-045AAD0D4D73-SegmentedRaftLogWorker for RaftStorage:Storage Directory /workdir/hadoop-ozone/integration-test/target/test-dir/MiniOzoneClusterImpl-d38a7f5b-303d-44e0-98bc-bd79b7bb2084/datanode-1/data/ratis/34dfe2c8-23b7-47ff-8954-045aad0d4d73
2019-10-20 04:40:57,984 [pool-27-thread-1] INFO  server.RaftServerConfigKeys (ConfUtils.java:logGet(43)) - raft.server.log.statemachine.data.sync.timeout = 10s (default)
2019-10-20 04:40:57,984 [pool-47-thread-1] INFO  server.RaftServerConfigKeys (ConfUtils.java:logGet(43)) - raft.server.log.statemachine.data.sync.timeout.retry = -1 (default)
2019-10-20 04:40:57,984 [pool-27-thread-1] INFO  server.RaftServerConfigKeys (ConfUtils.java:logGet(43)) - raft.server.log.statemachine.data.sync.timeout.retry = -1 (default)
2019-10-20 04:40:57,984 [pool-37-thread-1] INFO  server.RaftServerConfigKeys (ConfUtils.java:logGet(43)) - raft.server.log.queue.byte-limit = 2147483647 (custom)
2019-10-20 04:40:57,985 [pool-37-thread-1] INFO  server.RaftServerConfigKeys (ConfUtils.java:logGet(43)) - raft.server.log.queue.element-limit = 1024 (custom)
2019-10-20 04:40:57,985 [pool-27-thread-1] INFO  server.RaftServerConfigKeys (ConfUtils.java:logGet(43)) - raft.server.log.statemachine.data.caching.enabled = true (custom)
2019-10-20 04:40:57,985 [pool-47-thread-1] INFO  server.RaftServerConfigKeys (ConfUtils.java:logGet(43)) - raft.server.log.statemachine.data.caching.enabled = true (custom)
2019-10-20 04:40:57,985 [pool-37-thread-1] INFO  server.RaftServerConfigKeys (ConfUtils.java:logGet(43)) - raft.server.log.segment.size.max = 1048576 (custom)
2019-10-20 04:40:57,985 [pool-37-thread-1] INFO  server.RaftServerConfigKeys (ConfUtils.java:logGet(43)) - raft.server.log.preallocated.size = 16384 (custom)
2019-10-20 04:40:57,986 [pool-27-thread-1] INFO  segmented.SegmentedRaftLogWorker (SegmentedRaftLogWorker.java:lambda$new$0(128)) - 57114e09-3b7f-4b4a-a342-090fe34f336a@group-045AAD0D4D73-SegmentedRaftLogWorker: flushIndex: setUnconditionally 0 -> -1
2019-10-20 04:40:57,986 [pool-47-thread-1] INFO  segmented.SegmentedRaftLogWorker (SegmentedRaftLogWorker.java:lambda$new$0(128)) - e3be97a9-3d3a-4f1a-9aac-bb0a1b054e74@group-045AAD0D4D73-SegmentedRaftLogWorker: flushIndex: setUnconditionally 0 -> -1
2019-10-20 04:40:57,986 [pool-37-thread-1] INFO  server.RaftServerConfigKeys (ConfUtils.java:logGet(43)) - raft.server.log.write.buffer.size = 33554432 (custom)
2019-10-20 04:40:57,986 [8f4dcc74-0612-4035-9040-5f73cd792029@group-6D7114226DF0-LeaderElection3] INFO  impl.RoleInfo (RoleInfo.java:updateAndGet(143)) - 8f4dcc74-0612-4035-9040-5f73cd792029: start LeaderState
2019-10-20 04:40:57,986 [pool-27-thread-1] INFO  server.RaftServerConfigKeys (ConfUtils.java:logGet(43)) - raft.server.snapshot.auto.trigger.enabled = true (custom)
2019-10-20 04:40:57,986 [pool-37-thread-1] INFO  server.RaftServerConfigKeys (ConfUtils.java:logGet(43)) - raft.server.log.force.sync.num = 128 (default)
2019-10-20 04:40:57,986 [pool-47-thread-1] INFO  server.RaftServerConfigKeys (ConfUtils.java:logGet(43)) - raft.server.snapshot.auto.trigger.enabled = true (custom)
2019-10-20 04:40:57,987 [pool-37-thread-1] INFO  server.RaftServerConfigKeys (ConfUtils.java:logGet(43)) - raft.server.log.statemachine.data.sync = true (default)
2019-10-20 04:40:57,987 [pool-27-thread-1] INFO  server.RaftServerConfigKeys (ConfUtils.java:logGet(43)) - raft.server.snapshot.auto.trigger.threshold = 10000 (custom)
2019-10-20 04:40:57,987 [8f4dcc74-0612-4035-9040-5f73cd792029@group-6D7114226DF0-LeaderElection3] INFO  segmented.SegmentedRaftLogWorker (SegmentedRaftLogWorker.java:startLogSegment(385)) - 8f4dcc74-0612-4035-9040-5f73cd792029@group-6D7114226DF0-SegmentedRaftLogWorker: Starting segment from index:0
2019-10-20 04:40:57,987 [pool-27-thread-1] INFO  server.RaftServerConfigKeys (ConfUtils.java:logGet(43)) - raft.server.snapshot.retention.file.num = 5 (custom)
2019-10-20 04:40:57,987 [pool-37-thread-1] INFO  server.RaftServerConfigKeys (ConfUtils.java:logGet(43)) - raft.server.log.statemachine.data.sync.timeout = 10s (default)
2019-10-20 04:40:57,987 [pool-47-thread-1] INFO  server.RaftServerConfigKeys (ConfUtils.java:logGet(43)) - raft.server.snapshot.auto.trigger.threshold = 10000 (custom)
2019-10-20 04:40:57,987 [pool-37-thread-1] INFO  server.RaftServerConfigKeys (ConfUtils.java:logGet(43)) - raft.server.log.statemachine.data.sync.timeout.retry = -1 (default)
2019-10-20 04:40:57,988 [pool-27-thread-1] INFO  server.RaftServerConfigKeys (ConfUtils.java:logGet(43)) - raft.server.retrycache.expirytime = 600000ms (custom)
2019-10-20 04:40:57,988 [pool-47-thread-1] INFO  server.RaftServerConfigKeys (ConfUtils.java:logGet(43)) - raft.server.snapshot.retention.file.num = 5 (custom)
2019-10-20 04:40:57,988 [8f4dcc74-0612-4035-9040-5f73cd792029@group-6D7114226DF0-LeaderElection3] INFO  impl.RaftServerImpl (ServerState.java:setRaftConf(357)) - 8f4dcc74-0612-4035-9040-5f73cd792029@group-6D7114226DF0: set configuration 0: [8f4dcc74-0612-4035-9040-5f73cd792029:192.168.164.239:37614], old=null at 0
2019-10-20 04:40:57,988 [pool-37-thread-1] INFO  server.RaftServerConfigKeys (ConfUtils.java:logGet(43)) - raft.server.log.statemachine.data.caching.enabled = true (custom)
2019-10-20 04:40:57,988 [pool-47-thread-1] INFO  server.RaftServerConfigKeys (ConfUtils.java:logGet(43)) - raft.server.retrycache.expirytime = 600000ms (custom)
2019-10-20 04:40:58,021 [pool-37-thread-1] INFO  segmented.SegmentedRaftLogWorker (SegmentedRaftLogWorker.java:lambda$new$0(128)) - 8f4dcc74-0612-4035-9040-5f73cd792029@group-045AAD0D4D73-SegmentedRaftLogWorker: flushIndex: setUnconditionally 0 -> -1
2019-10-20 04:40:58,022 [pool-37-thread-1] INFO  server.RaftServerConfigKeys (ConfUtils.java:logGet(43)) - raft.server.snapshot.auto.trigger.enabled = true (custom)
2019-10-20 04:40:58,022 [pool-37-thread-1] INFO  server.RaftServerConfigKeys (ConfUtils.java:logGet(43)) - raft.server.snapshot.auto.trigger.threshold = 10000 (custom)
2019-10-20 04:40:58,022 [pool-37-thread-1] INFO  server.RaftServerConfigKeys (ConfUtils.java:logGet(43)) - raft.server.snapshot.retention.file.num = 5 (custom)
2019-10-20 04:40:58,022 [pool-37-thread-1] INFO  server.RaftServerConfigKeys (ConfUtils.java:logGet(43)) - raft.server.retrycache.expirytime = 600000ms (custom)
2019-10-20 04:40:58,027 [pool-27-thread-1] INFO  impl.RaftServerImpl (RaftServerImpl.java:start(195)) - 57114e09-3b7f-4b4a-a342-090fe34f336a@group-045AAD0D4D73: start as a follower, conf=-1: [57114e09-3b7f-4b4a-a342-090fe34f336a:192.168.164.239:45374, e3be97a9-3d3a-4f1a-9aac-bb0a1b054e74:192.168.164.239:42267, 8f4dcc74-0612-4035-9040-5f73cd792029:192.168.164.239:37614], old=null
2019-10-20 04:40:58,027 [pool-27-thread-1] INFO  impl.RaftServerImpl (RaftServerImpl.java:setRole(184)) - 57114e09-3b7f-4b4a-a342-090fe34f336a@group-045AAD0D4D73: changes role from      null to FOLLOWER at term 0 for startAsFollower
2019-10-20 04:40:58,027 [pool-27-thread-1] INFO  impl.RoleInfo (RoleInfo.java:updateAndGet(143)) - 57114e09-3b7f-4b4a-a342-090fe34f336a: start FollowerState
2019-10-20 04:40:58,028 [pool-27-thread-1] INFO  util.JmxRegister (JmxRegister.java:tryRegister(44)) - Successfully registered JMX Bean with object name Ratis:service=RaftServer,group=group-045AAD0D4D73,id=57114e09-3b7f-4b4a-a342-090fe34f336a
2019-10-20 04:40:58,028 [pool-37-thread-1] INFO  impl.RaftServerImpl (RaftServerImpl.java:start(195)) - 8f4dcc74-0612-4035-9040-5f73cd792029@group-045AAD0D4D73: start as a follower, conf=-1: [57114e09-3b7f-4b4a-a342-090fe34f336a:192.168.164.239:45374, e3be97a9-3d3a-4f1a-9aac-bb0a1b054e74:192.168.164.239:42267, 8f4dcc74-0612-4035-9040-5f73cd792029:192.168.164.239:37614], old=null
2019-10-20 04:40:58,028 [pool-47-thread-1] INFO  impl.RaftServerImpl (RaftServerImpl.java:start(195)) - e3be97a9-3d3a-4f1a-9aac-bb0a1b054e74@group-045AAD0D4D73: start as a follower, conf=-1: [57114e09-3b7f-4b4a-a342-090fe34f336a:192.168.164.239:45374, e3be97a9-3d3a-4f1a-9aac-bb0a1b054e74:192.168.164.239:42267, 8f4dcc74-0612-4035-9040-5f73cd792029:192.168.164.239:37614], old=null
2019-10-20 04:40:58,028 [pool-37-thread-1] INFO  impl.RaftServerImpl (RaftServerImpl.java:setRole(184)) - 8f4dcc74-0612-4035-9040-5f73cd792029@group-045AAD0D4D73: changes role from      null to FOLLOWER at term 0 for startAsFollower
2019-10-20 04:40:58,029 [pool-47-thread-1] INFO  impl.RaftServerImpl (RaftServerImpl.java:setRole(184)) - e3be97a9-3d3a-4f1a-9aac-bb0a1b054e74@group-045AAD0D4D73: changes role from      null to FOLLOWER at term 0 for startAsFollower
2019-10-20 04:40:58,029 [pool-37-thread-1] INFO  impl.RoleInfo (RoleInfo.java:updateAndGet(143)) - 8f4dcc74-0612-4035-9040-5f73cd792029: start FollowerState
2019-10-20 04:40:58,029 [pool-47-thread-1] INFO  impl.RoleInfo (RoleInfo.java:updateAndGet(143)) - e3be97a9-3d3a-4f1a-9aac-bb0a1b054e74: start FollowerState
2019-10-20 04:40:58,029 [pool-37-thread-1] INFO  util.JmxRegister (JmxRegister.java:tryRegister(44)) - Successfully registered JMX Bean with object name Ratis:service=RaftServer,group=group-045AAD0D4D73,id=8f4dcc74-0612-4035-9040-5f73cd792029
2019-10-20 04:40:58,029 [pool-47-thread-1] INFO  util.JmxRegister (JmxRegister.java:tryRegister(44)) - Successfully registered JMX Bean with object name Ratis:service=RaftServer,group=group-045AAD0D4D73,id=e3be97a9-3d3a-4f1a-9aac-bb0a1b054e74
2019-10-20 04:40:58,042 [Thread-205] INFO  impl.FollowerState (FollowerState.java:run(108)) - e3be97a9-3d3a-4f1a-9aac-bb0a1b054e74@group-045AAD0D4D73-FollowerState: change to CANDIDATE, lastRpcTime:13ms, electionTimeout:12ms
2019-10-20 04:40:58,045 [Thread-205] INFO  impl.RoleInfo (RoleInfo.java:shutdownFollowerState(121)) - e3be97a9-3d3a-4f1a-9aac-bb0a1b054e74: shutdown FollowerState
2019-10-20 04:40:58,046 [Thread-205] INFO  impl.RaftServerImpl (RaftServerImpl.java:setRole(184)) - e3be97a9-3d3a-4f1a-9aac-bb0a1b054e74@group-045AAD0D4D73: changes role from  FOLLOWER to CANDIDATE at term 0 for changeToCandidate
2019-10-20 04:40:58,046 [Thread-205] INFO  impl.RoleInfo (RoleInfo.java:updateAndGet(143)) - e3be97a9-3d3a-4f1a-9aac-bb0a1b054e74: start LeaderElection
2019-10-20 04:40:58,048 [8f4dcc74-0612-4035-9040-5f73cd792029@group-6D7114226DF0-SegmentedRaftLogWorker] INFO  segmented.SegmentedRaftLogWorker (SegmentedRaftLogWorker.java:execute(576)) - 8f4dcc74-0612-4035-9040-5f73cd792029@group-6D7114226DF0-SegmentedRaftLogWorker: created new log segment /workdir/hadoop-ozone/integration-test/target/test-dir/MiniOzoneClusterImpl-d38a7f5b-303d-44e0-98bc-bd79b7bb2084/datanode-1/data/ratis/9304ed81-78f2-4819-a8ff-6d7114226df0/current/log_inprogress_0
2019-10-20 04:40:58,055 [Thread-204] INFO  impl.FollowerState (FollowerState.java:run(108)) - 8f4dcc74-0612-4035-9040-5f73cd792029@group-045AAD0D4D73-FollowerState: change to CANDIDATE, lastRpcTime:25ms, electionTimeout:25ms
2019-10-20 04:40:58,056 [Thread-204] INFO  impl.RoleInfo (RoleInfo.java:shutdownFollowerState(121)) - 8f4dcc74-0612-4035-9040-5f73cd792029: shutdown FollowerState
2019-10-20 04:40:58,056 [Thread-204] INFO  impl.RaftServerImpl (RaftServerImpl.java:setRole(184)) - 8f4dcc74-0612-4035-9040-5f73cd792029@group-045AAD0D4D73: changes role from  FOLLOWER to CANDIDATE at term 0 for changeToCandidate
2019-10-20 04:40:58,057 [Thread-204] INFO  impl.RoleInfo (RoleInfo.java:updateAndGet(143)) - 8f4dcc74-0612-4035-9040-5f73cd792029: start LeaderElection
2019-10-20 04:40:58,061 [RatisPipelineUtilsThread] INFO  pipeline.PipelineStateManager (PipelineStateManager.java:addPipeline(56)) - Created pipeline Pipeline[ Id: 34dfe2c8-23b7-47ff-8954-045aad0d4d73, Nodes: e3be97a9-3d3a-4f1a-9aac-bb0a1b054e74{ip: 192.168.164.239, host: trunk-nightly-20191020-r5wzl-4145440258, networkLocation: /default-rack, certSerialId: null}57114e09-3b7f-4b4a-a342-090fe34f336a{ip: 192.168.164.239, host: trunk-nightly-20191020-r5wzl-4145440258, networkLocation: /default-rack, certSerialId: null}8f4dcc74-0612-4035-9040-5f73cd792029{ip: 192.168.164.239, host: trunk-nightly-20191020-r5wzl-4145440258, networkLocation: /default-rack, certSerialId: null}, Type:RATIS, Factor:THREE, State:OPEN]
2019-10-20 04:40:58,073 [e3be97a9-3d3a-4f1a-9aac-bb0a1b054e74@group-045AAD0D4D73-LeaderElection4] INFO  impl.LeaderElection (LeaderElection.java:askForVotes(178)) - e3be97a9-3d3a-4f1a-9aac-bb0a1b054e74@group-045AAD0D4D73-LeaderElection4: begin an election at term 1 for -1: [57114e09-3b7f-4b4a-a342-090fe34f336a:192.168.164.239:45374, e3be97a9-3d3a-4f1a-9aac-bb0a1b054e74:192.168.164.239:42267, 8f4dcc74-0612-4035-9040-5f73cd792029:192.168.164.239:37614], old=null
2019-10-20 04:40:58,092 [8f4dcc74-0612-4035-9040-5f73cd792029@group-045AAD0D4D73-LeaderElection5] INFO  impl.LeaderElection (LeaderElection.java:askForVotes(178)) - 8f4dcc74-0612-4035-9040-5f73cd792029@group-045AAD0D4D73-LeaderElection5: begin an election at term 1 for -1: [57114e09-3b7f-4b4a-a342-090fe34f336a:192.168.164.239:45374, e3be97a9-3d3a-4f1a-9aac-bb0a1b054e74:192.168.164.239:42267, 8f4dcc74-0612-4035-9040-5f73cd792029:192.168.164.239:37614], old=null
2019-10-20 04:40:58,104 [grpc-default-executor-1] INFO  impl.RaftServerImpl (RaftServerImpl.java:setRole(184)) - 57114e09-3b7f-4b4a-a342-090fe34f336a@group-045AAD0D4D73: changes role from  FOLLOWER to FOLLOWER at term 1 for recognizeCandidate:e3be97a9-3d3a-4f1a-9aac-bb0a1b054e74
2019-10-20 04:40:58,106 [grpc-default-executor-1] INFO  impl.RoleInfo (RoleInfo.java:shutdownFollowerState(121)) - 57114e09-3b7f-4b4a-a342-090fe34f336a: shutdown FollowerState
2019-10-20 04:40:58,106 [Thread-203] INFO  impl.FollowerState (FollowerState.java:run(117)) - 57114e09-3b7f-4b4a-a342-090fe34f336a@group-045AAD0D4D73-FollowerState was interrupted: java.lang.InterruptedException: sleep interrupted
2019-10-20 04:40:58,106 [grpc-default-executor-1] INFO  impl.RoleInfo (RoleInfo.java:updateAndGet(143)) - 57114e09-3b7f-4b4a-a342-090fe34f336a: start FollowerState
2019-10-20 04:40:58,131 [8f4dcc74-0612-4035-9040-5f73cd792029@group-045AAD0D4D73-LeaderElection5] INFO  impl.LeaderElection (LeaderElection.java:logAndReturn(56)) - 8f4dcc74-0612-4035-9040-5f73cd792029@group-045AAD0D4D73-LeaderElection5: Election TIMEOUT; received 1 response(s) [8f4dcc74-0612-4035-9040-5f73cd792029<-e3be97a9-3d3a-4f1a-9aac-bb0a1b054e74#0:FAIL-t1] and 0 exception(s); 8f4dcc74-0612-4035-9040-5f73cd792029@group-045AAD0D4D73:t1, leader=null, voted=8f4dcc74-0612-4035-9040-5f73cd792029, raftlog=8f4dcc74-0612-4035-9040-5f73cd792029@group-045AAD0D4D73-SegmentedRaftLog:OPENED:c-1,f-1,i0, conf=-1: [57114e09-3b7f-4b4a-a342-090fe34f336a:192.168.164.239:45374, e3be97a9-3d3a-4f1a-9aac-bb0a1b054e74:192.168.164.239:42267, 8f4dcc74-0612-4035-9040-5f73cd792029:192.168.164.239:37614], old=null
2019-10-20 04:40:58,141 [Thread-218] INFO  impl.FollowerState (FollowerState.java:run(108)) - 57114e09-3b7f-4b4a-a342-090fe34f336a@group-045AAD0D4D73-FollowerState: change to CANDIDATE, lastRpcTime:34ms, electionTimeout:26ms
2019-10-20 04:40:58,141 [Thread-218] INFO  impl.RoleInfo (RoleInfo.java:shutdownFollowerState(121)) - 57114e09-3b7f-4b4a-a342-090fe34f336a: shutdown FollowerState
2019-10-20 04:40:58,141 [Thread-218] INFO  impl.RaftServerImpl (RaftServerImpl.java:setRole(184)) - 57114e09-3b7f-4b4a-a342-090fe34f336a@group-045AAD0D4D73: changes role from  FOLLOWER to CANDIDATE at term 1 for changeToCandidate
2019-10-20 04:40:58,141 [Thread-218] INFO  impl.RoleInfo (RoleInfo.java:updateAndGet(143)) - 57114e09-3b7f-4b4a-a342-090fe34f336a: start LeaderElection
2019-10-20 04:40:58,145 [e3be97a9-3d3a-4f1a-9aac-bb0a1b054e74@group-045AAD0D4D73-LeaderElection4] INFO  impl.LeaderElection (LeaderElection.java:logAndReturn(56)) - e3be97a9-3d3a-4f1a-9aac-bb0a1b054e74@group-045AAD0D4D73-LeaderElection4: Election PASSED; received 2 response(s) [e3be97a9-3d3a-4f1a-9aac-bb0a1b054e74<-57114e09-3b7f-4b4a-a342-090fe34f336a#0:OK-t1, e3be97a9-3d3a-4f1a-9aac-bb0a1b054e74<-8f4dcc74-0612-4035-9040-5f73cd792029#0:FAIL-t1] and 0 exception(s); e3be97a9-3d3a-4f1a-9aac-bb0a1b054e74@group-045AAD0D4D73:t1, leader=null, voted=e3be97a9-3d3a-4f1a-9aac-bb0a1b054e74, raftlog=e3be97a9-3d3a-4f1a-9aac-bb0a1b054e74@group-045AAD0D4D73-SegmentedRaftLog:OPENED:c-1,f-1,i0, conf=-1: [57114e09-3b7f-4b4a-a342-090fe34f336a:192.168.164.239:45374, e3be97a9-3d3a-4f1a-9aac-bb0a1b054e74:192.168.164.239:42267, 8f4dcc74-0612-4035-9040-5f73cd792029:192.168.164.239:37614], old=null
2019-10-20 04:40:58,146 [e3be97a9-3d3a-4f1a-9aac-bb0a1b054e74@group-045AAD0D4D73-LeaderElection4] INFO  impl.RoleInfo (RoleInfo.java:shutdownLeaderElection(134)) - e3be97a9-3d3a-4f1a-9aac-bb0a1b054e74: shutdown LeaderElection
2019-10-20 04:40:58,148 [e3be97a9-3d3a-4f1a-9aac-bb0a1b054e74@group-045AAD0D4D73-LeaderElection4] INFO  impl.RaftServerImpl (RaftServerImpl.java:setRole(184)) - e3be97a9-3d3a-4f1a-9aac-bb0a1b054e74@group-045AAD0D4D73: changes role from CANDIDATE to LEADER at term 1 for changeToLeader
2019-10-20 04:40:58,149 [e3be97a9-3d3a-4f1a-9aac-bb0a1b054e74@group-045AAD0D4D73-LeaderElection4] INFO  impl.RaftServerImpl (ServerState.java:setLeader(256)) - e3be97a9-3d3a-4f1a-9aac-bb0a1b054e74@group-045AAD0D4D73: change Leader from null to e3be97a9-3d3a-4f1a-9aac-bb0a1b054e74 at term 1 for becomeLeader, leader elected after 175ms
2019-10-20 04:40:58,149 [e3be97a9-3d3a-4f1a-9aac-bb0a1b054e74@group-045AAD0D4D73-LeaderElection4] INFO  server.RaftServerConfigKeys (ConfUtils.java:logGet(43)) - raft.server.staging.catchup.gap = 1000 (default)
2019-10-20 04:40:58,149 [e3be97a9-3d3a-4f1a-9aac-bb0a1b054e74@group-045AAD0D4D73-LeaderElection4] INFO  server.RaftServerConfigKeys (ConfUtils.java:logGet(43)) - raft.server.rpc.sleep.time = 25ms (default)
2019-10-20 04:40:58,149 [e3be97a9-3d3a-4f1a-9aac-bb0a1b054e74@group-045AAD0D4D73-LeaderElection4] INFO  server.RaftServerConfigKeys (ConfUtils.java:logGet(43)) - raft.server.write.element-limit = 4096 (default)
2019-10-20 04:40:58,149 [e3be97a9-3d3a-4f1a-9aac-bb0a1b054e74@group-045AAD0D4D73-LeaderElection4] INFO  server.RaftServerConfigKeys (ConfUtils.java:logGet(43)) - raft.server.watch.timeout = 10s (default)
2019-10-20 04:40:58,149 [e3be97a9-3d3a-4f1a-9aac-bb0a1b054e74@group-045AAD0D4D73-LeaderElection4] INFO  server.RaftServerConfigKeys (ConfUtils.java:logGet(43)) - raft.server.watch.timeout.denomination = 1s (default)
2019-10-20 04:40:58,149 [e3be97a9-3d3a-4f1a-9aac-bb0a1b054e74@group-045AAD0D4D73-LeaderElection4] INFO  server.RaftServerConfigKeys (ConfUtils.java:logGet(43)) - raft.server.watch.element-limit = 65536 (default)
2019-10-20 04:40:58,157 [e3be97a9-3d3a-4f1a-9aac-bb0a1b054e74@group-045AAD0D4D73-LeaderElection4] INFO  server.RaftServerConfigKeys (ConfUtils.java:logGet(43)) - raft.server.log.appender.snapshot.chunk.size.max = 16MB (=16777216) (default)
2019-10-20 04:40:58,157 [8f4dcc74-0612-4035-9040-5f73cd792029@group-045AAD0D4D73-LeaderElection5] INFO  impl.LeaderElection (LeaderElection.java:askForVotes(178)) - 8f4dcc74-0612-4035-9040-5f73cd792029@group-045AAD0D4D73-LeaderElection5: begin an election at term 2 for -1: [57114e09-3b7f-4b4a-a342-090fe34f336a:192.168.164.239:45374, e3be97a9-3d3a-4f1a-9aac-bb0a1b054e74:192.168.164.239:42267, 8f4dcc74-0612-4035-9040-5f73cd792029:192.168.164.239:37614], old=null
2019-10-20 04:40:58,157 [57114e09-3b7f-4b4a-a342-090fe34f336a@group-045AAD0D4D73-LeaderElection6] INFO  impl.LeaderElection (LeaderElection.java:askForVotes(178)) - 57114e09-3b7f-4b4a-a342-090fe34f336a@group-045AAD0D4D73-LeaderElection6: begin an election at term 2 for -1: [57114e09-3b7f-4b4a-a342-090fe34f336a:192.168.164.239:45374, e3be97a9-3d3a-4f1a-9aac-bb0a1b054e74:192.168.164.239:42267, 8f4dcc74-0612-4035-9040-5f73cd792029:192.168.164.239:37614], old=null
2019-10-20 04:40:58,158 [e3be97a9-3d3a-4f1a-9aac-bb0a1b054e74@group-045AAD0D4D73-LeaderElection4] INFO  server.RaftServerConfigKeys (ConfUtils.java:logGet(43)) - raft.server.log.appender.buffer.byte-limit = 33554432 (custom)
2019-10-20 04:40:58,159 [e3be97a9-3d3a-4f1a-9aac-bb0a1b054e74@group-045AAD0D4D73-LeaderElection4] INFO  server.RaftServerConfigKeys (ConfUtils.java:logGet(43)) - raft.server.log.appender.buffer.element-limit = 1 (custom)
2019-10-20 04:40:58,166 [e3be97a9-3d3a-4f1a-9aac-bb0a1b054e74@group-045AAD0D4D73-LeaderElection4] INFO  grpc.GrpcConfigKeys$Server (ConfUtils.java:logGet(43)) - raft.grpc.server.leader.outstanding.appends.max = 128 (default)
2019-10-20 04:40:58,167 [e3be97a9-3d3a-4f1a-9aac-bb0a1b054e74@group-045AAD0D4D73-LeaderElection4] INFO  server.RaftServerConfigKeys (ConfUtils.java:logGet(43)) - raft.server.rpc.request.timeout = 3000ms (default)
2019-10-20 04:40:58,167 [e3be97a9-3d3a-4f1a-9aac-bb0a1b054e74@group-045AAD0D4D73-LeaderElection4] INFO  server.RaftServerConfigKeys (ConfUtils.java:logGet(43)) - raft.server.log.appender.install.snapshot.enabled = false (custom)
2019-10-20 04:40:58,175 [e3be97a9-3d3a-4f1a-9aac-bb0a1b054e74@group-045AAD0D4D73-LeaderElection4] INFO  server.RaftServerConfigKeys (ConfUtils.java:logGet(43)) - raft.server.log.appender.snapshot.chunk.size.max = 16MB (=16777216) (default)
2019-10-20 04:40:58,175 [e3be97a9-3d3a-4f1a-9aac-bb0a1b054e74@group-045AAD0D4D73-LeaderElection4] INFO  server.RaftServerConfigKeys (ConfUtils.java:logGet(43)) - raft.server.log.appender.buffer.byte-limit = 33554432 (custom)
2019-10-20 04:40:58,176 [e3be97a9-3d3a-4f1a-9aac-bb0a1b054e74@group-045AAD0D4D73-LeaderElection4] INFO  server.RaftServerConfigKeys (ConfUtils.java:logGet(43)) - raft.server.log.appender.buffer.element-limit = 1 (custom)
2019-10-20 04:40:58,176 [e3be97a9-3d3a-4f1a-9aac-bb0a1b054e74@group-045AAD0D4D73-LeaderElection4] INFO  grpc.GrpcConfigKeys$Server (ConfUtils.java:logGet(43)) - raft.grpc.server.leader.outstanding.appends.max = 128 (default)
2019-10-20 04:40:58,176 [e3be97a9-3d3a-4f1a-9aac-bb0a1b054e74@group-045AAD0D4D73-LeaderElection4] INFO  server.RaftServerConfigKeys (ConfUtils.java:logGet(43)) - raft.server.rpc.request.timeout = 3000ms (default)
2019-10-20 04:40:58,177 [e3be97a9-3d3a-4f1a-9aac-bb0a1b054e74@group-045AAD0D4D73-LeaderElection4] INFO  server.RaftServerConfigKeys (ConfUtils.java:logGet(43)) - raft.server.log.appender.install.snapshot.enabled = false (custom)
2019-10-20 04:40:58,181 [e3be97a9-3d3a-4f1a-9aac-bb0a1b054e74@group-045AAD0D4D73-LeaderElection4] INFO  impl.RoleInfo (RoleInfo.java:updateAndGet(143)) - e3be97a9-3d3a-4f1a-9aac-bb0a1b054e74: start LeaderState
2019-10-20 04:40:58,182 [e3be97a9-3d3a-4f1a-9aac-bb0a1b054e74@group-045AAD0D4D73-LeaderElection4] INFO  segmented.SegmentedRaftLogWorker (SegmentedRaftLogWorker.java:startLogSegment(385)) - e3be97a9-3d3a-4f1a-9aac-bb0a1b054e74@group-045AAD0D4D73-SegmentedRaftLogWorker: Starting segment from index:0
2019-10-20 04:40:58,182 [e3be97a9-3d3a-4f1a-9aac-bb0a1b054e74@group-045AAD0D4D73-LeaderElection4] INFO  impl.RaftServerImpl (ServerState.java:setRaftConf(357)) - e3be97a9-3d3a-4f1a-9aac-bb0a1b054e74@group-045AAD0D4D73: set configuration 0: [57114e09-3b7f-4b4a-a342-090fe34f336a:192.168.164.239:45374, e3be97a9-3d3a-4f1a-9aac-bb0a1b054e74:192.168.164.239:42267, 8f4dcc74-0612-4035-9040-5f73cd792029:192.168.164.239:37614], old=null at 0
2019-10-20 04:40:58,211 [grpc-default-executor-3] INFO  impl.RaftServerImpl (ServerState.java:setLeader(256)) - e3be97a9-3d3a-4f1a-9aac-bb0a1b054e74@group-045AAD0D4D73: change Leader from e3be97a9-3d3a-4f1a-9aac-bb0a1b054e74 to null at term 2 for updateCurrentTerm
2019-10-20 04:40:58,211 [grpc-default-executor-3] INFO  impl.RaftServerImpl (RaftServerImpl.java:setRole(184)) - e3be97a9-3d3a-4f1a-9aac-bb0a1b054e74@group-045AAD0D4D73: changes role from    LEADER to FOLLOWER at term 2 for recognizeCandidate:57114e09-3b7f-4b4a-a342-090fe34f336a
2019-10-20 04:40:58,212 [grpc-default-executor-3] INFO  impl.RoleInfo (RoleInfo.java:shutdownLeaderState(104)) - e3be97a9-3d3a-4f1a-9aac-bb0a1b054e74: shutdown LeaderState
2019-10-20 04:40:58,214 [grpc-default-executor-3] INFO  impl.PendingRequests (PendingRequests.java:sendNotLeaderResponses(202)) - e3be97a9-3d3a-4f1a-9aac-bb0a1b054e74@group-045AAD0D4D73-PendingRequests: sendNotLeaderResponses
2019-10-20 04:40:58,215 [grpc-default-executor-3] INFO  impl.RoleInfo (RoleInfo.java:updateAndGet(143)) - e3be97a9-3d3a-4f1a-9aac-bb0a1b054e74: start FollowerState
2019-10-20 04:40:58,221 [org.apache.ratis.server.impl.LogAppender$AppenderDaemon$$Lambda$411/595236526@5a6e44fa] WARN  server.GrpcLogAppender (GrpcLogAppender.java:mayWait(149)) - e3be97a9-3d3a-4f1a-9aac-bb0a1b054e74@group-045AAD0D4D73->8f4dcc74-0612-4035-9040-5f73cd792029-GrpcLogAppender: Wait interrupted by java.lang.InterruptedException
2019-10-20 04:40:58,221 [org.apache.ratis.server.impl.LogAppender$AppenderDaemon$$Lambda$411/595236526@498e4a5] WARN  server.GrpcLogAppender (GrpcLogAppender.java:mayWait(149)) - e3be97a9-3d3a-4f1a-9aac-bb0a1b054e74@group-045AAD0D4D73->57114e09-3b7f-4b4a-a342-090fe34f336a-GrpcLogAppender: Wait interrupted by java.lang.InterruptedException
2019-10-20 04:40:58,229 [grpc-default-executor-2] INFO  server.GrpcServerProtocolService (GrpcServerProtocolService.java:onCompleted(113)) - 8f4dcc74-0612-4035-9040-5f73cd792029: Completed APPEND_ENTRIES, lastRequest: null
2019-10-20 04:40:58,229 [grpc-default-executor-0] INFO  server.GrpcServerProtocolService (GrpcServerProtocolService.java:onCompleted(113)) - 57114e09-3b7f-4b4a-a342-090fe34f336a: Completed APPEND_ENTRIES, lastRequest: null
2019-10-20 04:40:58,232 [grpc-default-executor-0] INFO  server.GrpcLogAppender (GrpcLogAppender.java:onCompleted(308)) - e3be97a9-3d3a-4f1a-9aac-bb0a1b054e74@group-045AAD0D4D73->57114e09-3b7f-4b4a-a342-090fe34f336a-AppendLogResponseHandler: follower responses appendEntries COMPLETED
2019-10-20 04:40:58,232 [grpc-default-executor-2] INFO  server.GrpcLogAppender (GrpcLogAppender.java:onCompleted(308)) - e3be97a9-3d3a-4f1a-9aac-bb0a1b054e74@group-045AAD0D4D73->8f4dcc74-0612-4035-9040-5f73cd792029-AppendLogResponseHandler: follower responses appendEntries COMPLETED
2019-10-20 04:40:58,233 [e3be97a9-3d3a-4f1a-9aac-bb0a1b054e74@group-045AAD0D4D73-SegmentedRaftLogWorker] INFO  segmented.SegmentedRaftLogWorker (SegmentedRaftLogWorker.java:execute(576)) - e3be97a9-3d3a-4f1a-9aac-bb0a1b054e74@group-045AAD0D4D73-SegmentedRaftLogWorker: created new log segment /workdir/hadoop-ozone/integration-test/target/test-dir/MiniOzoneClusterImpl-d38a7f5b-303d-44e0-98bc-bd79b7bb2084/datanode-2/data/ratis/34dfe2c8-23b7-47ff-8954-045aad0d4d73/current/log_inprogress_0
2019-10-20 04:40:58,234 [grpc-default-executor-1] INFO  impl.RaftServerImpl (RaftServerImpl.java:setRole(184)) - e3be97a9-3d3a-4f1a-9aac-bb0a1b054e74@group-045AAD0D4D73: changes role from  FOLLOWER to FOLLOWER at term 2 for recognizeCandidate:8f4dcc74-0612-4035-9040-5f73cd792029
2019-10-20 04:40:58,234 [grpc-default-executor-1] INFO  impl.RoleInfo (RoleInfo.java:shutdownFollowerState(121)) - e3be97a9-3d3a-4f1a-9aac-bb0a1b054e74: shutdown FollowerState
2019-10-20 04:40:58,234 [Thread-227] INFO  impl.FollowerState (FollowerState.java:run(117)) - e3be97a9-3d3a-4f1a-9aac-bb0a1b054e74@group-045AAD0D4D73-FollowerState was interrupted: java.lang.InterruptedException: sleep interrupted
2019-10-20 04:40:58,234 [grpc-default-executor-1] INFO  impl.RoleInfo (RoleInfo.java:updateAndGet(143)) - e3be97a9-3d3a-4f1a-9aac-bb0a1b054e74: start FollowerState
2019-10-20 04:40:58,242 [grpc-default-executor-0] INFO  impl.FollowerInfo (FollowerInfo.java:lambda$new$0(51)) - e3be97a9-3d3a-4f1a-9aac-bb0a1b054e74@group-045AAD0D4D73->57114e09-3b7f-4b4a-a342-090fe34f336a: nextIndex: updateUnconditionally 0 -> 0
2019-10-20 04:40:58,244 [57114e09-3b7f-4b4a-a342-090fe34f336a@group-045AAD0D4D73-LeaderElection6] INFO  impl.LeaderElection (LeaderElection.java:logAndReturn(56)) - 57114e09-3b7f-4b4a-a342-090fe34f336a@group-045AAD0D4D73-LeaderElection6: Election REJECTED; received 2 response(s) [57114e09-3b7f-4b4a-a342-090fe34f336a<-e3be97a9-3d3a-4f1a-9aac-bb0a1b054e74#0:FAIL-t2, 57114e09-3b7f-4b4a-a342-090fe34f336a<-8f4dcc74-0612-4035-9040-5f73cd792029#0:FAIL-t2] and 0 exception(s); 57114e09-3b7f-4b4a-a342-090fe34f336a@group-045AAD0D4D73:t2, leader=null, voted=57114e09-3b7f-4b4a-a342-090fe34f336a, raftlog=57114e09-3b7f-4b4a-a342-090fe34f336a@group-045AAD0D4D73-SegmentedRaftLog:OPENED:c-1,f-1,i0, conf=-1: [57114e09-3b7f-4b4a-a342-090fe34f336a:192.168.164.239:45374, e3be97a9-3d3a-4f1a-9aac-bb0a1b054e74:192.168.164.239:42267, 8f4dcc74-0612-4035-9040-5f73cd792029:192.168.164.239:37614], old=null
2019-10-20 04:40:58,244 [8f4dcc74-0612-4035-9040-5f73cd792029@group-045AAD0D4D73-LeaderElection5] INFO  impl.LeaderElection (LeaderElection.java:logAndReturn(56)) - 8f4dcc74-0612-4035-9040-5f73cd792029@group-045AAD0D4D73-LeaderElection5: Election REJECTED; received 2 response(s) [8f4dcc74-0612-4035-9040-5f73cd792029<-57114e09-3b7f-4b4a-a342-090fe34f336a#0:FAIL-t2, 8f4dcc74-0612-4035-9040-5f73cd792029<-e3be97a9-3d3a-4f1a-9aac-bb0a1b054e74#0:FAIL-t2] and 0 exception(s); 8f4dcc74-0612-4035-9040-5f73cd792029@group-045AAD0D4D73:t2, leader=null, voted=8f4dcc74-0612-4035-9040-5f73cd792029, raftlog=8f4dcc74-0612-4035-9040-5f73cd792029@group-045AAD0D4D73-SegmentedRaftLog:OPENED:c-1,f-1,i0, conf=-1: [57114e09-3b7f-4b4a-a342-090fe34f336a:192.168.164.239:45374, e3be97a9-3d3a-4f1a-9aac-bb0a1b054e74:192.168.164.239:42267, 8f4dcc74-0612-4035-9040-5f73cd792029:192.168.164.239:37614], old=null
2019-10-20 04:40:58,244 [57114e09-3b7f-4b4a-a342-090fe34f336a@group-045AAD0D4D73-LeaderElection6] INFO  impl.RaftServerImpl (RaftServerImpl.java:setRole(184)) - 57114e09-3b7f-4b4a-a342-090fe34f336a@group-045AAD0D4D73: changes role from CANDIDATE to FOLLOWER at term 2 for DISCOVERED_A_NEW_TERM
2019-10-20 04:40:58,244 [8f4dcc74-0612-4035-9040-5f73cd792029@group-045AAD0D4D73-LeaderElection5] INFO  impl.RaftServerImpl (RaftServerImpl.java:setRole(184)) - 8f4dcc74-0612-4035-9040-5f73cd792029@group-045AAD0D4D73: changes role from CANDIDATE to FOLLOWER at term 2 for DISCOVERED_A_NEW_TERM
2019-10-20 04:40:58,247 [8f4dcc74-0612-4035-9040-5f73cd792029@group-045AAD0D4D73-LeaderElection5] INFO  impl.RoleInfo (RoleInfo.java:shutdownLeaderElection(134)) - 8f4dcc74-0612-4035-9040-5f73cd792029: shutdown LeaderElection
2019-10-20 04:40:58,244 [grpc-default-executor-2] INFO  impl.FollowerInfo (FollowerInfo.java:lambda$new$0(51)) - e3be97a9-3d3a-4f1a-9aac-bb0a1b054e74@group-045AAD0D4D73->8f4dcc74-0612-4035-9040-5f73cd792029: nextIndex: updateUnconditionally 0 -> 0
2019-10-20 04:40:58,246 [57114e09-3b7f-4b4a-a342-090fe34f336a@group-045AAD0D4D73-LeaderElection6] INFO  impl.RoleInfo (RoleInfo.java:shutdownLeaderElection(134)) - 57114e09-3b7f-4b4a-a342-090fe34f336a: shutdown LeaderElection
2019-10-20 04:40:58,248 [57114e09-3b7f-4b4a-a342-090fe34f336a@group-045AAD0D4D73-LeaderElection6] INFO  impl.RoleInfo (RoleInfo.java:updateAndGet(143)) - 57114e09-3b7f-4b4a-a342-090fe34f336a: start FollowerState
2019-10-20 04:40:58,247 [8f4dcc74-0612-4035-9040-5f73cd792029@group-045AAD0D4D73-LeaderElection5] INFO  impl.RoleInfo (RoleInfo.java:updateAndGet(143)) - 8f4dcc74-0612-4035-9040-5f73cd792029: start FollowerState
2019-10-20 04:40:58,337 [Thread-229] INFO  impl.FollowerState (FollowerState.java:run(108)) - 8f4dcc74-0612-4035-9040-5f73cd792029@group-045AAD0D4D73-FollowerState: change to CANDIDATE, lastRpcTime:90ms, electionTimeout:89ms
2019-10-20 04:40:58,337 [Thread-229] INFO  impl.RoleInfo (RoleInfo.java:shutdownFollowerState(121)) - 8f4dcc74-0612-4035-9040-5f73cd792029: shutdown FollowerState
2019-10-20 04:40:58,338 [Thread-229] INFO  impl.RaftServerImpl (RaftServerImpl.java:setRole(184)) - 8f4dcc74-0612-4035-9040-5f73cd792029@group-045AAD0D4D73: changes role from  FOLLOWER to CANDIDATE at term 2 for changeToCandidate
2019-10-20 04:40:58,338 [Thread-229] INFO  impl.RoleInfo (RoleInfo.java:updateAndGet(143)) - 8f4dcc74-0612-4035-9040-5f73cd792029: start LeaderElection
2019-10-20 04:40:58,366 [8f4dcc74-0612-4035-9040-5f73cd792029@group-045AAD0D4D73-LeaderElection7] INFO  impl.LeaderElection (LeaderElection.java:askForVotes(178)) - 8f4dcc74-0612-4035-9040-5f73cd792029@group-045AAD0D4D73-LeaderElection7: begin an election at term 3 for -1: [57114e09-3b7f-4b4a-a342-090fe34f336a:192.168.164.239:45374, e3be97a9-3d3a-4f1a-9aac-bb0a1b054e74:192.168.164.239:42267, 8f4dcc74-0612-4035-9040-5f73cd792029:192.168.164.239:37614], old=null
2019-10-20 04:40:58,371 [grpc-default-executor-0] INFO  impl.RaftServerImpl (RaftServerImpl.java:setRole(184)) - e3be97a9-3d3a-4f1a-9aac-bb0a1b054e74@group-045AAD0D4D73: changes role from  FOLLOWER to FOLLOWER at term 3 for recognizeCandidate:8f4dcc74-0612-4035-9040-5f73cd792029
2019-10-20 04:40:58,372 [grpc-default-executor-2] INFO  impl.RaftServerImpl (RaftServerImpl.java:setRole(184)) - 57114e09-3b7f-4b4a-a342-090fe34f336a@group-045AAD0D4D73: changes role from  FOLLOWER to FOLLOWER at term 3 for recognizeCandidate:8f4dcc74-0612-4035-9040-5f73cd792029
2019-10-20 04:40:58,372 [grpc-default-executor-0] INFO  impl.RoleInfo (RoleInfo.java:shutdownFollowerState(121)) - e3be97a9-3d3a-4f1a-9aac-bb0a1b054e74: shutdown FollowerState
2019-10-20 04:40:58,372 [grpc-default-executor-2] INFO  impl.RoleInfo (RoleInfo.java:shutdownFollowerState(121)) - 57114e09-3b7f-4b4a-a342-090fe34f336a: shutdown FollowerState
2019-10-20 04:40:58,372 [Thread-228] INFO  impl.FollowerState (FollowerState.java:run(117)) - e3be97a9-3d3a-4f1a-9aac-bb0a1b054e74@group-045AAD0D4D73-FollowerState was interrupted: java.lang.InterruptedException: sleep interrupted
2019-10-20 04:40:58,372 [Thread-230] INFO  impl.FollowerState (FollowerState.java:run(117)) - 57114e09-3b7f-4b4a-a342-090fe34f336a@group-045AAD0D4D73-FollowerState was interrupted: java.lang.InterruptedException: sleep interrupted
2019-10-20 04:40:58,372 [grpc-default-executor-0] INFO  impl.RoleInfo (RoleInfo.java:updateAndGet(143)) - e3be97a9-3d3a-4f1a-9aac-bb0a1b054e74: start FollowerState
2019-10-20 04:40:58,372 [grpc-default-executor-2] INFO  impl.RoleInfo (RoleInfo.java:updateAndGet(143)) - 57114e09-3b7f-4b4a-a342-090fe34f336a: start FollowerState
2019-10-20 04:40:58,404 [8f4dcc74-0612-4035-9040-5f73cd792029@group-045AAD0D4D73-LeaderElection7] INFO  impl.LeaderElection (LeaderElection.java:logAndReturn(56)) - 8f4dcc74-0612-4035-9040-5f73cd792029@group-045AAD0D4D73-LeaderElection7: Election PASSED; received 2 response(s) [8f4dcc74-0612-4035-9040-5f73cd792029<-57114e09-3b7f-4b4a-a342-090fe34f336a#0:OK-t3, 8f4dcc74-0612-4035-9040-5f73cd792029<-e3be97a9-3d3a-4f1a-9aac-bb0a1b054e74#0:FAIL-t3] and 0 exception(s); 8f4dcc74-0612-4035-9040-5f73cd792029@group-045AAD0D4D73:t3, leader=null, voted=8f4dcc74-0612-4035-9040-5f73cd792029, raftlog=8f4dcc74-0612-4035-9040-5f73cd792029@group-045AAD0D4D73-SegmentedRaftLog:OPENED:c-1,f-1,i0, conf=-1: [57114e09-3b7f-4b4a-a342-090fe34f336a:192.168.164.239:45374, e3be97a9-3d3a-4f1a-9aac-bb0a1b054e74:192.168.164.239:42267, 8f4dcc74-0612-4035-9040-5f73cd792029:192.168.164.239:37614], old=null
2019-10-20 04:40:58,404 [8f4dcc74-0612-4035-9040-5f73cd792029@group-045AAD0D4D73-LeaderElection7] INFO  impl.RoleInfo (RoleInfo.java:shutdownLeaderElection(134)) - 8f4dcc74-0612-4035-9040-5f73cd792029: shutdown LeaderElection
2019-10-20 04:40:58,406 [8f4dcc74-0612-4035-9040-5f73cd792029@group-045AAD0D4D73-LeaderElection7] INFO  impl.RaftServerImpl (RaftServerImpl.java:setRole(184)) - 8f4dcc74-0612-4035-9040-5f73cd792029@group-045AAD0D4D73: changes role from CANDIDATE to LEADER at term 3 for changeToLeader
2019-10-20 04:40:58,406 [8f4dcc74-0612-4035-9040-5f73cd792029@group-045AAD0D4D73-LeaderElection7] INFO  impl.RaftServerImpl (ServerState.java:setLeader(256)) - 8f4dcc74-0612-4035-9040-5f73cd792029@group-045AAD0D4D73: change Leader from null to 8f4dcc74-0612-4035-9040-5f73cd792029 at term 3 for becomeLeader, leader elected after 432ms
2019-10-20 04:40:58,406 [8f4dcc74-0612-4035-9040-5f73cd792029@group-045AAD0D4D73-LeaderElection7] INFO  server.RaftServerConfigKeys (ConfUtils.java:logGet(43)) - raft.server.staging.catchup.gap = 1000 (default)
2019-10-20 04:40:58,406 [8f4dcc74-0612-4035-9040-5f73cd792029@group-045AAD0D4D73-LeaderElection7] INFO  server.RaftServerConfigKeys (ConfUtils.java:logGet(43)) - raft.server.rpc.sleep.time = 25ms (default)
2019-10-20 04:40:58,406 [8f4dcc74-0612-4035-9040-5f73cd792029@group-045AAD0D4D73-LeaderElection7] INFO  server.RaftServerConfigKeys (ConfUtils.java:logGet(43)) - raft.server.write.element-limit = 4096 (default)
2019-10-20 04:40:58,407 [8f4dcc74-0612-4035-9040-5f73cd792029@group-045AAD0D4D73-LeaderElection7] INFO  server.RaftServerConfigKeys (ConfUtils.java:logGet(43)) - raft.server.watch.timeout = 10s (default)
2019-10-20 04:40:58,407 [8f4dcc74-0612-4035-9040-5f73cd792029@group-045AAD0D4D73-LeaderElection7] INFO  server.RaftServerConfigKeys (ConfUtils.java:logGet(43)) - raft.server.watch.timeout.denomination = 1s (default)
2019-10-20 04:40:58,407 [8f4dcc74-0612-4035-9040-5f73cd792029@group-045AAD0D4D73-LeaderElection7] INFO  server.RaftServerConfigKeys (ConfUtils.java:logGet(43)) - raft.server.watch.element-limit = 65536 (default)
2019-10-20 04:40:58,410 [8f4dcc74-0612-4035-9040-5f73cd792029@group-045AAD0D4D73-LeaderElection7] INFO  server.RaftServerConfigKeys (ConfUtils.java:logGet(43)) - raft.server.log.appender.snapshot.chunk.size.max = 16MB (=16777216) (default)
2019-10-20 04:40:58,410 [8f4dcc74-0612-4035-9040-5f73cd792029@group-045AAD0D4D73-LeaderElection7] INFO  server.RaftServerConfigKeys (ConfUtils.java:logGet(43)) - raft.server.log.appender.buffer.byte-limit = 33554432 (custom)
2019-10-20 04:40:58,410 [8f4dcc74-0612-4035-9040-5f73cd792029@group-045AAD0D4D73-LeaderElection7] INFO  server.RaftServerConfigKeys (ConfUtils.java:logGet(43)) - raft.server.log.appender.buffer.element-limit = 1 (custom)
2019-10-20 04:40:58,410 [8f4dcc74-0612-4035-9040-5f73cd792029@group-045AAD0D4D73-LeaderElection7] INFO  grpc.GrpcConfigKeys$Server (ConfUtils.java:logGet(43)) - raft.grpc.server.leader.outstanding.appends.max = 128 (default)
2019-10-20 04:40:58,411 [8f4dcc74-0612-4035-9040-5f73cd792029@group-045AAD0D4D73-LeaderElection7] INFO  server.RaftServerConfigKeys (ConfUtils.java:logGet(43)) - raft.server.rpc.request.timeout = 3000ms (default)
2019-10-20 04:40:58,411 [8f4dcc74-0612-4035-9040-5f73cd792029@group-045AAD0D4D73-LeaderElection7] INFO  server.RaftServerConfigKeys (ConfUtils.java:logGet(43)) - raft.server.log.appender.install.snapshot.enabled = false (custom)
2019-10-20 04:40:58,413 [8f4dcc74-0612-4035-9040-5f73cd792029@group-045AAD0D4D73-LeaderElection7] INFO  server.RaftServerConfigKeys (ConfUtils.java:logGet(43)) - raft.server.log.appender.snapshot.chunk.size.max = 16MB (=16777216) (default)
2019-10-20 04:40:58,413 [8f4dcc74-0612-4035-9040-5f73cd792029@group-045AAD0D4D73-LeaderElection7] INFO  server.RaftServerConfigKeys (ConfUtils.java:logGet(43)) - raft.server.log.appender.buffer.byte-limit = 33554432 (custom)
2019-10-20 04:40:58,413 [8f4dcc74-0612-4035-9040-5f73cd792029@group-045AAD0D4D73-LeaderElection7] INFO  server.RaftServerConfigKeys (ConfUtils.java:logGet(43)) - raft.server.log.appender.buffer.element-limit = 1 (custom)
2019-10-20 04:40:58,413 [8f4dcc74-0612-4035-9040-5f73cd792029@group-045AAD0D4D73-LeaderElection7] INFO  grpc.GrpcConfigKeys$Server (ConfUtils.java:logGet(43)) - raft.grpc.server.leader.outstanding.appends.max = 128 (default)
2019-10-20 04:40:58,414 [8f4dcc74-0612-4035-9040-5f73cd792029@group-045AAD0D4D73-LeaderElection7] INFO  server.RaftServerConfigKeys (ConfUtils.java:logGet(43)) - raft.server.rpc.request.timeout = 3000ms (default)
2019-10-20 04:40:58,414 [8f4dcc74-0612-4035-9040-5f73cd792029@group-045AAD0D4D73-LeaderElection7] INFO  server.RaftServerConfigKeys (ConfUtils.java:logGet(43)) - raft.server.log.appender.install.snapshot.enabled = false (custom)
2019-10-20 04:40:58,416 [8f4dcc74-0612-4035-9040-5f73cd792029@group-045AAD0D4D73-LeaderElection7] INFO  impl.RoleInfo (RoleInfo.java:updateAndGet(143)) - 8f4dcc74-0612-4035-9040-5f73cd792029: start LeaderState
2019-10-20 04:40:58,416 [8f4dcc74-0612-4035-9040-5f73cd792029@group-045AAD0D4D73-LeaderElection7] INFO  segmented.SegmentedRaftLogWorker (SegmentedRaftLogWorker.java:startLogSegment(385)) - 8f4dcc74-0612-4035-9040-5f73cd792029@group-045AAD0D4D73-SegmentedRaftLogWorker: Starting segment from index:0
2019-10-20 04:40:58,417 [8f4dcc74-0612-4035-9040-5f73cd792029@group-045AAD0D4D73-LeaderElection7] INFO  impl.RaftServerImpl (ServerState.java:setRaftConf(357)) - 8f4dcc74-0612-4035-9040-5f73cd792029@group-045AAD0D4D73: set configuration 0: [57114e09-3b7f-4b4a-a342-090fe34f336a:192.168.164.239:45374, e3be97a9-3d3a-4f1a-9aac-bb0a1b054e74:192.168.164.239:42267, 8f4dcc74-0612-4035-9040-5f73cd792029:192.168.164.239:37614], old=null at 0
2019-10-20 04:40:58,456 [grpc-default-executor-0] INFO  impl.RaftServerImpl (ServerState.java:setLeader(256)) - e3be97a9-3d3a-4f1a-9aac-bb0a1b054e74@group-045AAD0D4D73: change Leader from null to 8f4dcc74-0612-4035-9040-5f73cd792029 at term 3 for appendEntries, leader elected after 245ms
2019-10-20 04:40:58,458 [grpc-default-executor-2] INFO  impl.RaftServerImpl (ServerState.java:setLeader(256)) - 57114e09-3b7f-4b4a-a342-090fe34f336a@group-045AAD0D4D73: change Leader from null to 8f4dcc74-0612-4035-9040-5f73cd792029 at term 3 for appendEntries, leader elected after 483ms
2019-10-20 04:40:58,467 [8f4dcc74-0612-4035-9040-5f73cd792029@group-045AAD0D4D73-SegmentedRaftLogWorker] INFO  segmented.SegmentedRaftLogWorker (SegmentedRaftLogWorker.java:execute(576)) - 8f4dcc74-0612-4035-9040-5f73cd792029@group-045AAD0D4D73-SegmentedRaftLogWorker: created new log segment /workdir/hadoop-ozone/integration-test/target/test-dir/MiniOzoneClusterImpl-d38a7f5b-303d-44e0-98bc-bd79b7bb2084/datanode-1/data/ratis/34dfe2c8-23b7-47ff-8954-045aad0d4d73/current/log_inprogress_0
2019-10-20 04:40:58,478 [grpc-default-executor-0] INFO  impl.RaftServerImpl (ServerState.java:setRaftConf(357)) - 57114e09-3b7f-4b4a-a342-090fe34f336a@group-045AAD0D4D73: set configuration 0: [57114e09-3b7f-4b4a-a342-090fe34f336a:192.168.164.239:45374, e3be97a9-3d3a-4f1a-9aac-bb0a1b054e74:192.168.164.239:42267, 8f4dcc74-0612-4035-9040-5f73cd792029:192.168.164.239:37614], old=null at 0
2019-10-20 04:40:58,479 [grpc-default-executor-2] INFO  impl.RaftServerImpl (ServerState.java:setRaftConf(357)) - e3be97a9-3d3a-4f1a-9aac-bb0a1b054e74@group-045AAD0D4D73: set configuration 0: [57114e09-3b7f-4b4a-a342-090fe34f336a:192.168.164.239:45374, e3be97a9-3d3a-4f1a-9aac-bb0a1b054e74:192.168.164.239:42267, 8f4dcc74-0612-4035-9040-5f73cd792029:192.168.164.239:37614], old=null at 0
2019-10-20 04:40:58,479 [grpc-default-executor-0] INFO  segmented.SegmentedRaftLogWorker (SegmentedRaftLogWorker.java:startLogSegment(385)) - 57114e09-3b7f-4b4a-a342-090fe34f336a@group-045AAD0D4D73-SegmentedRaftLogWorker: Starting segment from index:0
2019-10-20 04:40:58,482 [grpc-default-executor-2] INFO  segmented.SegmentedRaftLogWorker (SegmentedRaftLogWorker.java:truncate(401)) - e3be97a9-3d3a-4f1a-9aac-bb0a1b054e74@group-045AAD0D4D73-SegmentedRaftLogWorker: Truncating segments toTruncate: null
  toDelete: [(0, 0) isOpen? true, length=0, newEndIndex=-1], start index 0
2019-10-20 04:40:58,483 [grpc-default-executor-2] INFO  segmented.SegmentedRaftLogWorker (SegmentedRaftLogWorker.java:startLogSegment(385)) - e3be97a9-3d3a-4f1a-9aac-bb0a1b054e74@group-045AAD0D4D73-SegmentedRaftLogWorker: Starting segment from index:0
2019-10-20 04:40:58,506 [e3be97a9-3d3a-4f1a-9aac-bb0a1b054e74@group-045AAD0D4D73-SegmentedRaftLogWorker] INFO  segmented.SegmentedRaftLogWorker (SegmentedRaftLogWorker.java:execute(640)) - e3be97a9-3d3a-4f1a-9aac-bb0a1b054e74@group-045AAD0D4D73-SegmentedRaftLogWorker: Deleted log file /workdir/hadoop-ozone/integration-test/target/test-dir/MiniOzoneClusterImpl-d38a7f5b-303d-44e0-98bc-bd79b7bb2084/datanode-2/data/ratis/34dfe2c8-23b7-47ff-8954-045aad0d4d73/current/log_inprogress_0
2019-10-20 04:40:58,507 [e3be97a9-3d3a-4f1a-9aac-bb0a1b054e74@group-045AAD0D4D73-SegmentedRaftLogWorker] INFO  segmented.SegmentedRaftLogWorker (SegmentedRaftLogWorker.java:lambda$new$0(128)) - e3be97a9-3d3a-4f1a-9aac-bb0a1b054e74@group-045AAD0D4D73-SegmentedRaftLogWorker: flushIndex: setUnconditionally 0 -> -1
2019-10-20 04:40:58,535 [57114e09-3b7f-4b4a-a342-090fe34f336a@group-045AAD0D4D73-SegmentedRaftLogWorker] INFO  segmented.SegmentedRaftLogWorker (SegmentedRaftLogWorker.java:execute(576)) - 57114e09-3b7f-4b4a-a342-090fe34f336a@group-045AAD0D4D73-SegmentedRaftLogWorker: created new log segment /workdir/hadoop-ozone/integration-test/target/test-dir/MiniOzoneClusterImpl-d38a7f5b-303d-44e0-98bc-bd79b7bb2084/datanode-0/data/ratis/34dfe2c8-23b7-47ff-8954-045aad0d4d73/current/log_inprogress_0
2019-10-20 04:40:58,559 [e3be97a9-3d3a-4f1a-9aac-bb0a1b054e74@group-045AAD0D4D73-SegmentedRaftLogWorker] INFO  segmented.SegmentedRaftLogWorker (SegmentedRaftLogWorker.java:execute(576)) - e3be97a9-3d3a-4f1a-9aac-bb0a1b054e74@group-045AAD0D4D73-SegmentedRaftLogWorker: created new log segment /workdir/hadoop-ozone/integration-test/target/test-dir/MiniOzoneClusterImpl-d38a7f5b-303d-44e0-98bc-bd79b7bb2084/datanode-2/data/ratis/34dfe2c8-23b7-47ff-8954-045aad0d4d73/current/log_inprogress_0
2019-10-20 04:40:58,929 [main] INFO  rpc.RpcClient (RpcClient.java:createVolume(272)) - Creating Volume: testcontainerstatemachinefailures, with jenkins1000 as owner.
2019-10-20 04:40:59,005 [IPC Server handler 2 on 41859] INFO  volume.OMVolumeCreateRequest (OMVolumeCreateRequest.java:validateAndUpdateCache(193)) - created volume:testcontainerstatemachinefailures for user:jenkins1000
2019-10-20 04:40:59,057 [main] INFO  rpc.RpcClient (RpcClient.java:createBucket(411)) - Creating Bucket: testcontainerstatemachinefailures/testcontainerstatemachinefailures, with Versioning false and Storage Type set to DISK and Encryption set to false 
2019-10-20 04:40:59,204 [main] INFO  impl.MetricsSystemImpl (MetricsSystemImpl.java:init(158)) - XceiverClientMetrics metrics system started (again)
2019-10-20 04:40:59,807 [Thread-181] INFO  container.ReplicationManager (ReplicationManager.java:start(162)) - Starting Replication Monitor Thread.
2019-10-20 04:40:59,809 [ReplicationMonitor] INFO  container.ReplicationManager (ReplicationManager.java:run(225)) - Replication Monitor Thread took 1 milliseconds for processing 1 containers.
2019-10-20 04:40:59,872 [Datanode State Machine Thread - 0] INFO  statemachine.DatanodeStateMachine (DatanodeStateMachine.java:lambda$startDaemon$0(350)) - Ozone container server started.
2019-10-20 04:41:04,800 [main] INFO  ozoneimpl.OzoneContainer (OzoneContainer.java:stop(227)) - Attempting to stop container services.
2019-10-20 04:41:04,803 [main] INFO  impl.RaftServerProxy (RaftServerProxy.java:lambda$close$4(314)) - e3be97a9-3d3a-4f1a-9aac-bb0a1b054e74: close
2019-10-20 04:41:04,805 [main] INFO  impl.RaftServerImpl (RaftServerImpl.java:lambda$shutdown$3(261)) - e3be97a9-3d3a-4f1a-9aac-bb0a1b054e74@group-E2BEF0184E55: shutdown
2019-10-20 04:41:04,806 [main] INFO  util.JmxRegister (JmxRegister.java:unregister(73)) - Successfully un-registered JMX Bean with object name Ratis:service=RaftServer,group=group-E2BEF0184E55,id=e3be97a9-3d3a-4f1a-9aac-bb0a1b054e74
2019-10-20 04:41:04,806 [main] INFO  impl.RoleInfo (RoleInfo.java:shutdownLeaderState(104)) - e3be97a9-3d3a-4f1a-9aac-bb0a1b054e74: shutdown LeaderState
2019-10-20 04:41:04,806 [main] INFO  impl.PendingRequests (PendingRequests.java:sendNotLeaderResponses(202)) - e3be97a9-3d3a-4f1a-9aac-bb0a1b054e74@group-E2BEF0184E55-PendingRequests: sendNotLeaderResponses
2019-10-20 04:41:04,807 [main] INFO  impl.StateMachineUpdater (StateMachineUpdater.java:stopAndJoin(136)) - e3be97a9-3d3a-4f1a-9aac-bb0a1b054e74@group-E2BEF0184E55-StateMachineUpdater: set stopIndex = 0
2019-10-20 04:41:04,808 [main] INFO  impl.RaftServerImpl (ServerState.java:close(388)) - e3be97a9-3d3a-4f1a-9aac-bb0a1b054e74@group-E2BEF0184E55: closes. applyIndex: 0
2019-10-20 04:41:04,810 [e3be97a9-3d3a-4f1a-9aac-bb0a1b054e74@group-E2BEF0184E55-SegmentedRaftLogWorker] INFO  segmented.SegmentedRaftLogWorker (SegmentedRaftLogWorker.java:run(316)) - e3be97a9-3d3a-4f1a-9aac-bb0a1b054e74@group-E2BEF0184E55-SegmentedRaftLogWorker was interrupted, exiting. There are 0 tasks remaining in the queue.
2019-10-20 04:41:04,812 [main] INFO  segmented.SegmentedRaftLogWorker (SegmentedRaftLogWorker.java:close(224)) - e3be97a9-3d3a-4f1a-9aac-bb0a1b054e74@group-E2BEF0184E55-SegmentedRaftLogWorker close()
2019-10-20 04:41:04,814 [main] INFO  impl.RaftServerImpl (RaftServerImpl.java:lambda$shutdown$3(261)) - e3be97a9-3d3a-4f1a-9aac-bb0a1b054e74@group-045AAD0D4D73: shutdown
2019-10-20 04:41:04,814 [main] INFO  util.JmxRegister (JmxRegister.java:unregister(73)) - Successfully un-registered JMX Bean with object name Ratis:service=RaftServer,group=group-045AAD0D4D73,id=e3be97a9-3d3a-4f1a-9aac-bb0a1b054e74
2019-10-20 04:41:04,814 [main] INFO  impl.RoleInfo (RoleInfo.java:shutdownFollowerState(121)) - e3be97a9-3d3a-4f1a-9aac-bb0a1b054e74: shutdown FollowerState
2019-10-20 04:41:04,815 [main] INFO  impl.StateMachineUpdater (StateMachineUpdater.java:stopAndJoin(136)) - e3be97a9-3d3a-4f1a-9aac-bb0a1b054e74@group-045AAD0D4D73-StateMachineUpdater: set stopIndex = 4
2019-10-20 04:41:04,815 [Thread-235] INFO  impl.FollowerState (FollowerState.java:run(117)) - e3be97a9-3d3a-4f1a-9aac-bb0a1b054e74@group-045AAD0D4D73-FollowerState was interrupted: java.lang.InterruptedException: sleep interrupted
2019-10-20 04:41:04,815 [e3be97a9-3d3a-4f1a-9aac-bb0a1b054e74@group-045AAD0D4D73-StateMachineUpdater] INFO  ratis.ContainerStateMachine (ContainerStateMachine.java:takeSnapshot(294)) - group-045AAD0D4D73: Taking a snapshot at:(t:3, i:3) file /workdir/hadoop-ozone/integration-test/target/test-dir/MiniOzoneClusterImpl-d38a7f5b-303d-44e0-98bc-bd79b7bb2084/datanode-2/data/ratis/34dfe2c8-23b7-47ff-8954-045aad0d4d73/sm/snapshot.3_3
2019-10-20 04:41:04,935 [e3be97a9-3d3a-4f1a-9aac-bb0a1b054e74@group-045AAD0D4D73-StateMachineUpdater] INFO  ratis.ContainerStateMachine (ContainerStateMachine.java:takeSnapshot(305)) - group-045AAD0D4D73: Finished taking a snapshot at:(t:3, i:3) file:/workdir/hadoop-ozone/integration-test/target/test-dir/MiniOzoneClusterImpl-d38a7f5b-303d-44e0-98bc-bd79b7bb2084/datanode-2/data/ratis/34dfe2c8-23b7-47ff-8954-045aad0d4d73/sm/snapshot.3_3 time:120
2019-10-20 04:41:04,936 [e3be97a9-3d3a-4f1a-9aac-bb0a1b054e74@group-045AAD0D4D73-StateMachineUpdater] INFO  impl.StateMachineUpdater (StateMachineUpdater.java:takeSnapshot(269)) - e3be97a9-3d3a-4f1a-9aac-bb0a1b054e74@group-045AAD0D4D73-StateMachineUpdater: Took a snapshot at index 3
2019-10-20 04:41:04,937 [e3be97a9-3d3a-4f1a-9aac-bb0a1b054e74@group-045AAD0D4D73-StateMachineUpdater] INFO  impl.StateMachineUpdater (StateMachineUpdater.java:lambda$new$0(84)) - e3be97a9-3d3a-4f1a-9aac-bb0a1b054e74@group-045AAD0D4D73-StateMachineUpdater: snapshotIndex: updateIncreasingly -1 -> 3
2019-10-20 04:41:04,941 [e3be97a9-3d3a-4f1a-9aac-bb0a1b054e74@group-045AAD0D4D73-StateMachineUpdater] INFO  ratis.ContainerStateMachine (ContainerStateMachine.java:takeSnapshot(294)) - group-045AAD0D4D73: Taking a snapshot at:(t:3, i:3) file /workdir/hadoop-ozone/integration-test/target/test-dir/MiniOzoneClusterImpl-d38a7f5b-303d-44e0-98bc-bd79b7bb2084/datanode-2/data/ratis/34dfe2c8-23b7-47ff-8954-045aad0d4d73/sm/snapshot.3_3
2019-10-20 04:41:04,963 [e3be97a9-3d3a-4f1a-9aac-bb0a1b054e74@group-045AAD0D4D73-StateMachineUpdater] INFO  ratis.ContainerStateMachine (ContainerStateMachine.java:takeSnapshot(305)) - group-045AAD0D4D73: Finished taking a snapshot at:(t:3, i:3) file:/workdir/hadoop-ozone/integration-test/target/test-dir/MiniOzoneClusterImpl-d38a7f5b-303d-44e0-98bc-bd79b7bb2084/datanode-2/data/ratis/34dfe2c8-23b7-47ff-8954-045aad0d4d73/sm/snapshot.3_3 time:22
2019-10-20 04:41:04,963 [e3be97a9-3d3a-4f1a-9aac-bb0a1b054e74@group-045AAD0D4D73-StateMachineUpdater] INFO  impl.StateMachineUpdater (StateMachineUpdater.java:takeSnapshot(269)) - e3be97a9-3d3a-4f1a-9aac-bb0a1b054e74@group-045AAD0D4D73-StateMachineUpdater: Took a snapshot at index 3
2019-10-20 04:41:04,963 [e3be97a9-3d3a-4f1a-9aac-bb0a1b054e74@group-045AAD0D4D73-StateMachineUpdater] INFO  impl.StateMachineUpdater (StateMachineUpdater.java:lambda$new$0(84)) - e3be97a9-3d3a-4f1a-9aac-bb0a1b054e74@group-045AAD0D4D73-StateMachineUpdater: snapshotIndex: updateIncreasingly 3 -> 3
2019-10-20 04:41:04,963 [main] INFO  impl.RaftServerImpl (ServerState.java:close(388)) - e3be97a9-3d3a-4f1a-9aac-bb0a1b054e74@group-045AAD0D4D73: closes. applyIndex: 4
2019-10-20 04:41:04,964 [e3be97a9-3d3a-4f1a-9aac-bb0a1b054e74@group-045AAD0D4D73-SegmentedRaftLogWorker] INFO  segmented.SegmentedRaftLogWorker (SegmentedRaftLogWorker.java:run(316)) - e3be97a9-3d3a-4f1a-9aac-bb0a1b054e74@group-045AAD0D4D73-SegmentedRaftLogWorker was interrupted, exiting. There are 0 tasks remaining in the queue.
2019-10-20 04:41:04,965 [main] INFO  segmented.SegmentedRaftLogWorker (SegmentedRaftLogWorker.java:close(224)) - e3be97a9-3d3a-4f1a-9aac-bb0a1b054e74@group-045AAD0D4D73-SegmentedRaftLogWorker close()
2019-10-20 04:41:04,968 [main] INFO  server.GrpcService (GrpcService.java:closeImpl(164)) - e3be97a9-3d3a-4f1a-9aac-bb0a1b054e74: shutdown server with port 42267 now
2019-10-20 04:41:04,976 [main] INFO  server.GrpcService (GrpcService.java:closeImpl(172)) - e3be97a9-3d3a-4f1a-9aac-bb0a1b054e74: shutdown server with port 42267 successfully
2019-10-20 04:41:04,977 [grpc-default-executor-2] WARN  server.GrpcServerProtocolService (LogUtils.java:warn(134)) - e3be97a9-3d3a-4f1a-9aac-bb0a1b054e74: installSnapshot onError, lastRequest: 8f4dcc74-0612-4035-9040-5f73cd792029->e3be97a9-3d3a-4f1a-9aac-bb0a1b054e74#7-t3, previous=(t:3, i:4), leaderCommit=4, initializing? false, entries: <empty>: org.apache.ratis.thirdparty.io.grpc.StatusRuntimeException: CANCELLED: cancelled before receiving half close
2019-10-20 04:41:04,982 [grpc-default-executor-0] WARN  server.GrpcLogAppender (LogUtils.java:warn(134)) - 8f4dcc74-0612-4035-9040-5f73cd792029@group-045AAD0D4D73->e3be97a9-3d3a-4f1a-9aac-bb0a1b054e74-AppendLogResponseHandler: Failed appendEntries: org.apache.ratis.thirdparty.io.grpc.StatusRuntimeException: CANCELLED: HTTP/2 error code: CANCEL
Received Rst Stream
2019-10-20 04:41:04,994 [refreshUsed-/workdir/hadoop-ozone/integration-test/target/test-dir/MiniOzoneClusterImpl-d38a7f5b-303d-44e0-98bc-bd79b7bb2084/datanode-2/data/containers] WARN  fs.CachingGetSpaceUsed (CachingGetSpaceUsed.java:run(183)) - Thread Interrupted waiting to refresh disk information: sleep interrupted
2019-10-20 04:41:05,012 [main] INFO  utils.BackgroundService (BackgroundService.java:shutdown(151)) - Shutting down service BlockDeletingService
2019-10-20 04:41:05,016 [main] INFO  statemachine.DatanodeStateMachine (DatanodeStateMachine.java:stopDaemon(395)) - Ozone container server stopped.
2019-10-20 04:41:05,022 [main] INFO  handler.ContextHandler (ContextHandler.java:doStop(910)) - Stopped o.e.j.w.WebAppContext@54e3658c{/,null,UNAVAILABLE}{/hddsDatanode}
2019-10-20 04:41:05,028 [main] INFO  server.AbstractConnector (AbstractConnector.java:doStop(318)) - Stopped ServerConnector@43e9089{HTTP/1.1,[http/1.1]}{0.0.0.0:0}
2019-10-20 04:41:05,029 [main] INFO  handler.ContextHandler (ContextHandler.java:doStop(910)) - Stopped o.e.j.s.ServletContextHandler@558756be{/static,jar:file:/home/user/.m2/repository/org/apache/hadoop/hadoop-hdds-container-service/0.5.0-SNAPSHOT/hadoop-hdds-container-service-0.5.0-SNAPSHOT.jar!/webapps/static,UNAVAILABLE}
2019-10-20 04:41:05,029 [main] INFO  handler.ContextHandler (ContextHandler.java:doStop(910)) - Stopped o.e.j.s.ServletContextHandler@6069dd38{/logs,file:///workdir/hadoop-ozone/integration-test/target/log,UNAVAILABLE}
2019-10-20 04:41:08,038 [java.util.concurrent.ThreadPoolExecutor$Worker@77e4dadc[State = -1, empty queue]] WARN  server.GrpcLogAppender (GrpcLogAppender.java:timeoutAppendRequest(209)) - 8f4dcc74-0612-4035-9040-5f73cd792029@group-045AAD0D4D73->e3be97a9-3d3a-4f1a-9aac-bb0a1b054e74-GrpcLogAppender: appendEntries Timeout, request=8f4dcc74-0612-4035-9040-5f73cd792029->e3be97a9-3d3a-4f1a-9aac-bb0a1b054e74#8-t3, previous=(t:3, i:4), leaderCommit=4, initializing? false, entries: size=1, first=(t:3, i:5), STATEMACHINELOGENTRY, client-A2F9089F7F1F, cid=8
2019-10-20 04:41:08,038 [java.util.concurrent.ThreadPoolExecutor$Worker@77e4dadc[State = -1, empty queue]] WARN  server.GrpcLogAppender (GrpcLogAppender.java:timeoutAppendRequest(209)) - 8f4dcc74-0612-4035-9040-5f73cd792029@group-045AAD0D4D73->e3be97a9-3d3a-4f1a-9aac-bb0a1b054e74-GrpcLogAppender: appendEntries Timeout, request=8f4dcc74-0612-4035-9040-5f73cd792029->e3be97a9-3d3a-4f1a-9aac-bb0a1b054e74#9-t3, previous=(t:3, i:5), leaderCommit=4, initializing? false, entries: size=1, first=(t:3, i:6), STATEMACHINELOGENTRY, client-A2F9089F7F1F, cid=9
2019-10-20 04:41:08,056 [java.util.concurrent.ThreadPoolExecutor$Worker@77e4dadc[State = -1, empty queue]] WARN  server.GrpcLogAppender (GrpcLogAppender.java:timeoutAppendRequest(209)) - 8f4dcc74-0612-4035-9040-5f73cd792029@group-045AAD0D4D73->e3be97a9-3d3a-4f1a-9aac-bb0a1b054e74-GrpcLogAppender: appendEntries Timeout, request=8f4dcc74-0612-4035-9040-5f73cd792029->e3be97a9-3d3a-4f1a-9aac-bb0a1b054e74#10-t3, previous=(t:3, i:6), leaderCommit=6, initializing? false, entries: size=1, first=(t:3, i:7), METADATAENTRY(c5)
2019-10-20 04:41:08,056 [java.util.concurrent.ThreadPoolExecutor$Worker@77e4dadc[State = -1, empty queue]] WARN  server.GrpcLogAppender (GrpcLogAppender.java:timeoutAppendRequest(209)) - 8f4dcc74-0612-4035-9040-5f73cd792029@group-045AAD0D4D73->e3be97a9-3d3a-4f1a-9aac-bb0a1b054e74-GrpcLogAppender: appendEntries Timeout, request=8f4dcc74-0612-4035-9040-5f73cd792029->e3be97a9-3d3a-4f1a-9aac-bb0a1b054e74#11-t3, previous=(t:3, i:7), leaderCommit=6, initializing? false, entries: size=1, first=(t:3, i:8), METADATAENTRY(c6)
2019-10-20 04:41:10,558 [java.util.concurrent.ThreadPoolExecutor$Worker@77e4dadc[State = -1, empty queue]] WARN  server.GrpcLogAppender (GrpcLogAppender.java:timeoutAppendRequest(209)) - 8f4dcc74-0612-4035-9040-5f73cd792029@group-045AAD0D4D73->e3be97a9-3d3a-4f1a-9aac-bb0a1b054e74-GrpcLogAppender: appendEntries Timeout, request=8f4dcc74-0612-4035-9040-5f73cd792029->e3be97a9-3d3a-4f1a-9aac-bb0a1b054e74#12-t3, previous=(t:3, i:8), leaderCommit=8, initializing? false, entries: <empty>
2019-10-20 04:41:13,060 [java.util.concurrent.ThreadPoolExecutor$Worker@77e4dadc[State = -1, empty queue]] WARN  server.GrpcLogAppender (GrpcLogAppender.java:timeoutAppendRequest(209)) - 8f4dcc74-0612-4035-9040-5f73cd792029@group-045AAD0D4D73->e3be97a9-3d3a-4f1a-9aac-bb0a1b054e74-GrpcLogAppender: appendEntries Timeout, request=8f4dcc74-0612-4035-9040-5f73cd792029->e3be97a9-3d3a-4f1a-9aac-bb0a1b054e74#13-t3, previous=(t:3, i:8), leaderCommit=8, initializing? false, entries: <empty>
2019-10-20 04:41:14,092 [Thread-298] INFO  client.GrpcClientProtocolService (GrpcClientProtocolService.java:lambda$processClientRequest$0(278)) - Failed RaftClientRequest:client-A2F9089F7F1F->57114e09-3b7f-4b4a-a342-090fe34f336a@group-045AAD0D4D73, cid=10, seq=0, Watch-ALL_COMMITTED(6), Message:<EMPTY>, reply=RaftClientReply:client-A2F9089F7F1F->57114e09-3b7f-4b4a-a342-090fe34f336a@group-045AAD0D4D73, cid=10, FAILED org.apache.ratis.protocol.NotLeaderException: Server 57114e09-3b7f-4b4a-a342-090fe34f336a@group-045AAD0D4D73 is not the leader 8f4dcc74-0612-4035-9040-5f73cd792029:192.168.164.239:37614, logIndex=0, commits[57114e09-3b7f-4b4a-a342-090fe34f336a:c8, e3be97a9-3d3a-4f1a-9aac-bb0a1b054e74:c4, 8f4dcc74-0612-4035-9040-5f73cd792029:c8]
2019-10-20 04:41:15,561 [java.util.concurrent.ThreadPoolExecutor$Worker@77e4dadc[State = -1, empty queue]] WARN  server.GrpcLogAppender (GrpcLogAppender.java:timeoutAppendRequest(209)) - 8f4dcc74-0612-4035-9040-5f73cd792029@group-045AAD0D4D73->e3be97a9-3d3a-4f1a-9aac-bb0a1b054e74-GrpcLogAppender: appendEntries Timeout, request=8f4dcc74-0612-4035-9040-5f73cd792029->e3be97a9-3d3a-4f1a-9aac-bb0a1b054e74#14-t3, previous=(t:3, i:8), leaderCommit=8, initializing? false, entries: <empty>
2019-10-20 04:41:15,685 [Thread-302] INFO  client.GrpcClientProtocolService (GrpcClientProtocolService.java:lambda$processClientRequest$0(278)) - Failed RaftClientRequest:client-A2F9089F7F1F->8f4dcc74-0612-4035-9040-5f73cd792029@group-045AAD0D4D73, cid=10, seq=0, Watch-ALL_COMMITTED(6), Message:<EMPTY>, reply=RaftClientReply:client-A2F9089F7F1F->8f4dcc74-0612-4035-9040-5f73cd792029@group-045AAD0D4D73, cid=10, FAILED org.apache.ratis.protocol.NotReplicatedException: Request with call Id 10 and log index 6 is not yet replicated to ALL_COMMITTED, logIndex=6, commits[8f4dcc74-0612-4035-9040-5f73cd792029:c8, 57114e09-3b7f-4b4a-a342-090fe34f336a:c8, e3be97a9-3d3a-4f1a-9aac-bb0a1b054e74:c4]
2019-10-20 04:41:18,063 [java.util.concurrent.ThreadPoolExecutor$Worker@77e4dadc[State = -1, empty queue]] WARN  server.GrpcLogAppender (GrpcLogAppender.java:timeoutAppendRequest(209)) - 8f4dcc74-0612-4035-9040-5f73cd792029@group-045AAD0D4D73->e3be97a9-3d3a-4f1a-9aac-bb0a1b054e74-GrpcLogAppender: appendEntries Timeout, request=8f4dcc74-0612-4035-9040-5f73cd792029->e3be97a9-3d3a-4f1a-9aac-bb0a1b054e74#15-t3, previous=(t:3, i:8), leaderCommit=8, initializing? false, entries: <empty>
2019-10-20 04:41:20,565 [java.util.concurrent.ThreadPoolExecutor$Worker@77e4dadc[State = -1, empty queue]] WARN  server.GrpcLogAppender (GrpcLogAppender.java:timeoutAppendRequest(209)) - 8f4dcc74-0612-4035-9040-5f73cd792029@group-045AAD0D4D73->e3be97a9-3d3a-4f1a-9aac-bb0a1b054e74-GrpcLogAppender: appendEntries Timeout, request=8f4dcc74-0612-4035-9040-5f73cd792029->e3be97a9-3d3a-4f1a-9aac-bb0a1b054e74#16-t3, previous=(t:3, i:8), leaderCommit=8, initializing? false, entries: <empty>
2019-10-20 04:41:23,066 [java.util.concurrent.ThreadPoolExecutor$Worker@77e4dadc[State = -1, empty queue]] WARN  server.GrpcLogAppender (GrpcLogAppender.java:timeoutAppendRequest(209)) - 8f4dcc74-0612-4035-9040-5f73cd792029@group-045AAD0D4D73->e3be97a9-3d3a-4f1a-9aac-bb0a1b054e74-GrpcLogAppender: appendEntries Timeout, request=8f4dcc74-0612-4035-9040-5f73cd792029->e3be97a9-3d3a-4f1a-9aac-bb0a1b054e74#17-t3, previous=(t:3, i:8), leaderCommit=8, initializing? false, entries: <empty>
2019-10-20 04:41:24,147 [Thread-310] INFO  client.GrpcClientProtocolService (GrpcClientProtocolService.java:lambda$processClientRequest$0(278)) - Failed RaftClientRequest:client-A2F9089F7F1F->57114e09-3b7f-4b4a-a342-090fe34f336a@group-045AAD0D4D73, cid=10, seq=0, Watch-ALL_COMMITTED(6), Message:<EMPTY>, reply=RaftClientReply:client-A2F9089F7F1F->57114e09-3b7f-4b4a-a342-090fe34f336a@group-045AAD0D4D73, cid=10, FAILED org.apache.ratis.protocol.NotLeaderException: Server 57114e09-3b7f-4b4a-a342-090fe34f336a@group-045AAD0D4D73 is not the leader 8f4dcc74-0612-4035-9040-5f73cd792029:192.168.164.239:37614, logIndex=0, commits[57114e09-3b7f-4b4a-a342-090fe34f336a:c8, e3be97a9-3d3a-4f1a-9aac-bb0a1b054e74:c4, 8f4dcc74-0612-4035-9040-5f73cd792029:c8]
2019-10-20 04:41:24,683 [Thread-313] INFO  client.GrpcClientProtocolService (GrpcClientProtocolService.java:lambda$processClientRequest$0(278)) - Failed RaftClientRequest:client-A2F9089F7F1F->8f4dcc74-0612-4035-9040-5f73cd792029@group-045AAD0D4D73, cid=10, seq=0, Watch-ALL_COMMITTED(6), Message:<EMPTY>, reply=RaftClientReply:client-A2F9089F7F1F->8f4dcc74-0612-4035-9040-5f73cd792029@group-045AAD0D4D73, cid=10, FAILED org.apache.ratis.protocol.NotReplicatedException: Request with call Id 10 and log index 6 is not yet replicated to ALL_COMMITTED, logIndex=6, commits[8f4dcc74-0612-4035-9040-5f73cd792029:c8, 57114e09-3b7f-4b4a-a342-090fe34f336a:c8, e3be97a9-3d3a-4f1a-9aac-bb0a1b054e74:c4]
2019-10-20 04:41:25,567 [java.util.concurrent.ThreadPoolExecutor$Worker@77e4dadc[State = -1, empty queue]] WARN  server.GrpcLogAppender (GrpcLogAppender.java:timeoutAppendRequest(209)) - 8f4dcc74-0612-4035-9040-5f73cd792029@group-045AAD0D4D73->e3be97a9-3d3a-4f1a-9aac-bb0a1b054e74-GrpcLogAppender: appendEntries Timeout, request=8f4dcc74-0612-4035-9040-5f73cd792029->e3be97a9-3d3a-4f1a-9aac-bb0a1b054e74#18-t3, previous=(t:3, i:8), leaderCommit=8, initializing? false, entries: <empty>
2019-10-20 04:41:28,068 [java.util.concurrent.ThreadPoolExecutor$Worker@77e4dadc[State = -1, empty queue]] WARN  server.GrpcLogAppender (GrpcLogAppender.java:timeoutAppendRequest(209)) - 8f4dcc74-0612-4035-9040-5f73cd792029@group-045AAD0D4D73->e3be97a9-3d3a-4f1a-9aac-bb0a1b054e74-GrpcLogAppender: appendEntries Timeout, request=8f4dcc74-0612-4035-9040-5f73cd792029->e3be97a9-3d3a-4f1a-9aac-bb0a1b054e74#19-t3, previous=(t:3, i:8), leaderCommit=8, initializing? false, entries: <empty>
2019-10-20 04:41:30,572 [java.util.concurrent.ThreadPoolExecutor$Worker@77e4dadc[State = -1, empty queue]] WARN  server.GrpcLogAppender (GrpcLogAppender.java:timeoutAppendRequest(209)) - 8f4dcc74-0612-4035-9040-5f73cd792029@group-045AAD0D4D73->e3be97a9-3d3a-4f1a-9aac-bb0a1b054e74-GrpcLogAppender: appendEntries Timeout, request=8f4dcc74-0612-4035-9040-5f73cd792029->e3be97a9-3d3a-4f1a-9aac-bb0a1b054e74#20-t3, previous=(t:3, i:8), leaderCommit=8, initializing? false, entries: <empty>
2019-10-20 04:41:33,074 [java.util.concurrent.ThreadPoolExecutor$Worker@77e4dadc[State = -1, empty queue]] WARN  server.GrpcLogAppender (GrpcLogAppender.java:timeoutAppendRequest(209)) - 8f4dcc74-0612-4035-9040-5f73cd792029@group-045AAD0D4D73->e3be97a9-3d3a-4f1a-9aac-bb0a1b054e74-GrpcLogAppender: appendEntries Timeout, request=8f4dcc74-0612-4035-9040-5f73cd792029->e3be97a9-3d3a-4f1a-9aac-bb0a1b054e74#21-t3, previous=(t:3, i:8), leaderCommit=8, initializing? false, entries: <empty>
2019-10-20 04:41:34,196 [Thread-322] INFO  client.GrpcClientProtocolService (GrpcClientProtocolService.java:lambda$processClientRequest$0(278)) - Failed RaftClientRequest:client-A2F9089F7F1F->57114e09-3b7f-4b4a-a342-090fe34f336a@group-045AAD0D4D73, cid=10, seq=0, Watch-ALL_COMMITTED(6), Message:<EMPTY>, reply=RaftClientReply:client-A2F9089F7F1F->57114e09-3b7f-4b4a-a342-090fe34f336a@group-045AAD0D4D73, cid=10, FAILED org.apache.ratis.protocol.NotLeaderException: Server 57114e09-3b7f-4b4a-a342-090fe34f336a@group-045AAD0D4D73 is not the leader 8f4dcc74-0612-4035-9040-5f73cd792029:192.168.164.239:37614, logIndex=0, commits[57114e09-3b7f-4b4a-a342-090fe34f336a:c8, e3be97a9-3d3a-4f1a-9aac-bb0a1b054e74:c4, 8f4dcc74-0612-4035-9040-5f73cd792029:c8]
2019-10-20 04:41:34,682 [Thread-325] INFO  client.GrpcClientProtocolService (GrpcClientProtocolService.java:lambda$processClientRequest$0(278)) - Failed RaftClientRequest:client-A2F9089F7F1F->8f4dcc74-0612-4035-9040-5f73cd792029@group-045AAD0D4D73, cid=10, seq=0, Watch-ALL_COMMITTED(6), Message:<EMPTY>, reply=RaftClientReply:client-A2F9089F7F1F->8f4dcc74-0612-4035-9040-5f73cd792029@group-045AAD0D4D73, cid=10, FAILED org.apache.ratis.protocol.NotReplicatedException: Request with call Id 10 and log index 6 is not yet replicated to ALL_COMMITTED, logIndex=6, commits[8f4dcc74-0612-4035-9040-5f73cd792029:c8, 57114e09-3b7f-4b4a-a342-090fe34f336a:c8, e3be97a9-3d3a-4f1a-9aac-bb0a1b054e74:c4]
2019-10-20 04:41:35,072 [main] WARN  scm.XceiverClientRatis (XceiverClientRatis.java:watchForCommit(277)) - 3 way commit failed on pipeline Pipeline[ Id: 34dfe2c8-23b7-47ff-8954-045aad0d4d73, Nodes: e3be97a9-3d3a-4f1a-9aac-bb0a1b054e74{ip: 192.168.164.239, host: trunk-nightly-20191020-r5wzl-4145440258, networkLocation: /default-rack, certSerialId: null}57114e09-3b7f-4b4a-a342-090fe34f336a{ip: 192.168.164.239, host: trunk-nightly-20191020-r5wzl-4145440258, networkLocation: /default-rack, certSerialId: null}8f4dcc74-0612-4035-9040-5f73cd792029{ip: 192.168.164.239, host: trunk-nightly-20191020-r5wzl-4145440258, networkLocation: /default-rack, certSerialId: null}, Type:RATIS, Factor:THREE, State:OPEN]
java.util.concurrent.TimeoutException
	at java.util.concurrent.CompletableFuture.timedGet(CompletableFuture.java:1771)
	at java.util.concurrent.CompletableFuture.get(CompletableFuture.java:1915)
	at org.apache.hadoop.hdds.scm.XceiverClientRatis.watchForCommit(XceiverClientRatis.java:274)
	at org.apache.hadoop.hdds.scm.storage.CommitWatcher.watchForCommit(CommitWatcher.java:198)
	at org.apache.hadoop.hdds.scm.storage.CommitWatcher.watchOnLastIndex(CommitWatcher.java:161)
	at org.apache.hadoop.hdds.scm.storage.BlockOutputStream.watchForCommit(BlockOutputStream.java:346)
	at org.apache.hadoop.hdds.scm.storage.BlockOutputStream.handleFlush(BlockOutputStream.java:482)
	at org.apache.hadoop.hdds.scm.storage.BlockOutputStream.close(BlockOutputStream.java:496)
	at org.apache.hadoop.ozone.client.io.BlockOutputStreamEntry.close(BlockOutputStreamEntry.java:143)
	at org.apache.hadoop.ozone.client.io.KeyOutputStream.handleFlushOrClose(KeyOutputStream.java:435)
	at org.apache.hadoop.ozone.client.io.KeyOutputStream.close(KeyOutputStream.java:473)
	at org.apache.hadoop.ozone.client.io.OzoneOutputStream.close(OzoneOutputStream.java:60)
	at org.apache.hadoop.ozone.client.rpc.TestDeleteWithSlowFollower.testDeleteKeyWithSlowFollower(TestDeleteWithSlowFollower.java:193)
	at sun.reflect.NativeMethodAccessorImpl.invoke0(Native Method)
	at sun.reflect.NativeMethodAccessorImpl.invoke(NativeMethodAccessorImpl.java:62)
	at sun.reflect.DelegatingMethodAccessorImpl.invoke(DelegatingMethodAccessorImpl.java:43)
	at java.lang.reflect.Method.invoke(Method.java:498)
	at org.junit.runners.model.FrameworkMethod$1.runReflectiveCall(FrameworkMethod.java:47)
	at org.junit.internal.runners.model.ReflectiveCallable.run(ReflectiveCallable.java:12)
	at org.junit.runners.model.FrameworkMethod.invokeExplosively(FrameworkMethod.java:44)
	at org.junit.internal.runners.statements.InvokeMethod.evaluate(InvokeMethod.java:17)
	at org.junit.runners.ParentRunner.runLeaf(ParentRunner.java:271)
	at org.junit.runners.BlockJUnit4ClassRunner.runChild(BlockJUnit4ClassRunner.java:70)
	at org.junit.runners.BlockJUnit4ClassRunner.runChild(BlockJUnit4ClassRunner.java:50)
	at org.junit.runners.ParentRunner$3.run(ParentRunner.java:238)
	at org.junit.runners.ParentRunner$1.schedule(ParentRunner.java:63)
	at org.junit.runners.ParentRunner.runChildren(ParentRunner.java:236)
	at org.junit.runners.ParentRunner.access$000(ParentRunner.java:53)
	at org.junit.runners.ParentRunner$2.evaluate(ParentRunner.java:229)
	at org.junit.internal.runners.statements.RunBefores.evaluate(RunBefores.java:26)
	at org.junit.internal.runners.statements.RunAfters.evaluate(RunAfters.java:27)
	at org.junit.runners.ParentRunner.run(ParentRunner.java:309)
	at org.apache.maven.surefire.junit4.JUnit4Provider.execute(JUnit4Provider.java:365)
	at org.apache.maven.surefire.junit4.JUnit4Provider.executeWithRerun(JUnit4Provider.java:273)
	at org.apache.maven.surefire.junit4.JUnit4Provider.executeTestSet(JUnit4Provider.java:238)
	at org.apache.maven.surefire.junit4.JUnit4Provider.invoke(JUnit4Provider.java:159)
	at org.apache.maven.surefire.booter.ForkedBooter.invokeProviderInSameClassLoader(ForkedBooter.java:384)
	at org.apache.maven.surefire.booter.ForkedBooter.runSuitesInProcess(ForkedBooter.java:345)
	at org.apache.maven.surefire.booter.ForkedBooter.execute(ForkedBooter.java:126)
	at org.apache.maven.surefire.booter.ForkedBooter.main(ForkedBooter.java:418)
2019-10-20 04:41:35,093 [main] INFO  scm.XceiverClientRatis (XceiverClientRatis.java:lambda$watchForCommit$5(295)) - Could not commit index 6 on pipeline Pipeline[ Id: 34dfe2c8-23b7-47ff-8954-045aad0d4d73, Nodes: e3be97a9-3d3a-4f1a-9aac-bb0a1b054e74{ip: 192.168.164.239, host: trunk-nightly-20191020-r5wzl-4145440258, networkLocation: /default-rack, certSerialId: null}57114e09-3b7f-4b4a-a342-090fe34f336a{ip: 192.168.164.239, host: trunk-nightly-20191020-r5wzl-4145440258, networkLocation: /default-rack, certSerialId: null}8f4dcc74-0612-4035-9040-5f73cd792029{ip: 192.168.164.239, host: trunk-nightly-20191020-r5wzl-4145440258, networkLocation: /default-rack, certSerialId: null}, Type:RATIS, Factor:THREE, State:OPEN] to all the nodes. Server e3be97a9-3d3a-4f1a-9aac-bb0a1b054e74 has failed. Committed by majority.
2019-10-20 04:41:35,093 [main] WARN  storage.BlockOutputStream (BlockOutputStream.java:watchForCommit(352)) - Failed to commit BlockId conID: 1 locID: 102992868746067968 bcsId: 6 on Pipeline[ Id: 34dfe2c8-23b7-47ff-8954-045aad0d4d73, Nodes: e3be97a9-3d3a-4f1a-9aac-bb0a1b054e74{ip: 192.168.164.239, host: trunk-nightly-20191020-r5wzl-4145440258, networkLocation: /default-rack, certSerialId: null}57114e09-3b7f-4b4a-a342-090fe34f336a{ip: 192.168.164.239, host: trunk-nightly-20191020-r5wzl-4145440258, networkLocation: /default-rack, certSerialId: null}8f4dcc74-0612-4035-9040-5f73cd792029{ip: 192.168.164.239, host: trunk-nightly-20191020-r5wzl-4145440258, networkLocation: /default-rack, certSerialId: null}, Type:RATIS, Factor:THREE, State:OPEN]. Failed nodes: [e3be97a9-3d3a-4f1a-9aac-bb0a1b054e74{ip: null, host: null, networkLocation: /default-rack, certSerialId: null}]
2019-10-20 04:41:35,574 [java.util.concurrent.ThreadPoolExecutor$Worker@77e4dadc[State = -1, empty queue]] WARN  server.GrpcLogAppender (GrpcLogAppender.java:timeoutAppendRequest(209)) - 8f4dcc74-0612-4035-9040-5f73cd792029@group-045AAD0D4D73->e3be97a9-3d3a-4f1a-9aac-bb0a1b054e74-GrpcLogAppender: appendEntries Timeout, request=8f4dcc74-0612-4035-9040-5f73cd792029->e3be97a9-3d3a-4f1a-9aac-bb0a1b054e74#22-t3, previous=(t:3, i:8), leaderCommit=8, initializing? false, entries: <empty>
2019-10-20 04:41:36,184 [EventQueue-IncrementalContainerReportForIncrementalContainerReportHandler] WARN  container.IncrementalContainerReportHandler (AbstractContainerReportHandler.java:updateContainerState(145)) - Container #1 is in OPEN state, but the datanode 8f4dcc74-0612-4035-9040-5f73cd792029{ip: 192.168.164.239, host: trunk-nightly-20191020-r5wzl-4145440258, networkLocation: /default-rack, certSerialId: null} reports an CLOSING replica.
2019-10-20 04:41:36,195 [RatisApplyTransactionExecutor 1] INFO  interfaces.Container (KeyValueContainer.java:flushAndSyncDB(386)) - Container 1 is synced with bcsId 6.
2019-10-20 04:41:36,195 [RatisApplyTransactionExecutor 1] INFO  interfaces.Container (KeyValueContainer.java:flushAndSyncDB(386)) - Container 1 is synced with bcsId 6.
2019-10-20 04:41:36,219 [RatisApplyTransactionExecutor 1] INFO  interfaces.Container (KeyValueContainer.java:close(335)) - Container 1 is closed with bcsId 6.
2019-10-20 04:41:36,222 [EventQueue-IncrementalContainerReportForIncrementalContainerReportHandler] WARN  container.IncrementalContainerReportHandler (AbstractContainerReportHandler.java:updateContainerState(145)) - Container #1 is in OPEN state, but the datanode 57114e09-3b7f-4b4a-a342-090fe34f336a{ip: 192.168.164.239, host: trunk-nightly-20191020-r5wzl-4145440258, networkLocation: /default-rack, certSerialId: null} reports an CLOSING replica.
2019-10-20 04:41:36,223 [EventQueue-IncrementalContainerReportForIncrementalContainerReportHandler] WARN  container.IncrementalContainerReportHandler (AbstractContainerReportHandler.java:updateContainerState(145)) - Container #1 is in OPEN state, but the datanode 8f4dcc74-0612-4035-9040-5f73cd792029{ip: 192.168.164.239, host: trunk-nightly-20191020-r5wzl-4145440258, networkLocation: /default-rack, certSerialId: null} reports an CLOSED replica.
2019-10-20 04:41:36,230 [RatisApplyTransactionExecutor 1] INFO  interfaces.Container (KeyValueContainer.java:flushAndSyncDB(386)) - Container 1 is synced with bcsId 6.
2019-10-20 04:41:36,231 [RatisApplyTransactionExecutor 1] INFO  interfaces.Container (KeyValueContainer.java:flushAndSyncDB(386)) - Container 1 is synced with bcsId 6.
2019-10-20 04:41:36,258 [RatisApplyTransactionExecutor 1] INFO  interfaces.Container (KeyValueContainer.java:close(335)) - Container 1 is closed with bcsId 6.
2019-10-20 04:41:36,260 [EventQueue-IncrementalContainerReportForIncrementalContainerReportHandler] WARN  container.IncrementalContainerReportHandler (AbstractContainerReportHandler.java:updateContainerState(145)) - Container #1 is in OPEN state, but the datanode 57114e09-3b7f-4b4a-a342-090fe34f336a{ip: 192.168.164.239, host: trunk-nightly-20191020-r5wzl-4145440258, networkLocation: /default-rack, certSerialId: null} reports an CLOSED replica.
2019-10-20 04:41:36,260 [EventQueue-ContainerReportForContainerReportHandler] WARN  container.ContainerReportHandler (AbstractContainerReportHandler.java:updateContainerState(145)) - Container #1 is in OPEN state, but the datanode 57114e09-3b7f-4b4a-a342-090fe34f336a{ip: 192.168.164.239, host: trunk-nightly-20191020-r5wzl-4145440258, networkLocation: /default-rack, certSerialId: null} reports an CLOSING replica.
2019-10-20 04:41:36,321 [EventQueue-ContainerReportForContainerReportHandler] WARN  container.ContainerReportHandler (AbstractContainerReportHandler.java:updateContainerState(145)) - Container #1 is in OPEN state, but the datanode 8f4dcc74-0612-4035-9040-5f73cd792029{ip: 192.168.164.239, host: trunk-nightly-20191020-r5wzl-4145440258, networkLocation: /default-rack, certSerialId: null} reports an CLOSED replica.
2019-10-20 04:41:36,560 [EventQueue-ContainerReportForContainerReportHandler] WARN  container.ContainerReportHandler (AbstractContainerReportHandler.java:updateContainerState(145)) - Container #1 is in OPEN state, but the datanode 57114e09-3b7f-4b4a-a342-090fe34f336a{ip: 192.168.164.239, host: trunk-nightly-20191020-r5wzl-4145440258, networkLocation: /default-rack, certSerialId: null} reports an CLOSED replica.
2019-10-20 04:41:36,620 [EventQueue-ContainerReportForContainerReportHandler] WARN  container.ContainerReportHandler (AbstractContainerReportHandler.java:updateContainerState(145)) - Container #1 is in OPEN state, but the datanode 8f4dcc74-0612-4035-9040-5f73cd792029{ip: 192.168.164.239, host: trunk-nightly-20191020-r5wzl-4145440258, networkLocation: /default-rack, certSerialId: null} reports an CLOSED replica.
2019-10-20 04:41:36,760 [EventQueue-ContainerReportForContainerReportHandler] WARN  container.ContainerReportHandler (AbstractContainerReportHandler.java:updateContainerState(145)) - Container #1 is in OPEN state, but the datanode 57114e09-3b7f-4b4a-a342-090fe34f336a{ip: 192.168.164.239, host: trunk-nightly-20191020-r5wzl-4145440258, networkLocation: /default-rack, certSerialId: null} reports an CLOSED replica.
2019-10-20 04:41:36,821 [EventQueue-ContainerReportForContainerReportHandler] WARN  container.ContainerReportHandler (AbstractContainerReportHandler.java:updateContainerState(145)) - Container #1 is in OPEN state, but the datanode 8f4dcc74-0612-4035-9040-5f73cd792029{ip: 192.168.164.239, host: trunk-nightly-20191020-r5wzl-4145440258, networkLocation: /default-rack, certSerialId: null} reports an CLOSED replica.
2019-10-20 04:41:36,894 [IPC Server handler 4 on 34748] INFO  server.SCMBlockProtocolServer (SCMBlockProtocolServer.java:deleteKeyBlocks(212)) - SCM is informed by OM to delete 1 blocks
2019-10-20 04:41:36,895 [IPC Server handler 4 on 34748] INFO  block.BlockManagerImpl (BlockManagerImpl.java:deleteBlocks(285)) - Deleting blocks conID: 1 locID: 102992868746067968 bcsId: 0
2019-10-20 04:41:37,088 [BlockDeletingService#2] WARN  background.BlockDeletingService (BlockDeletingService.java:isDeletionAllowed(187)) - Close Container log Index 6 is not replicated across allthe servers in the pipeline 34dfe2c8-23b7-47ff-8954-045aad0d4d73 as the min replicated index is 4. Deletion is not allowed in this container yet.
2019-10-20 04:41:37,091 [BlockDeletingService#2] WARN  background.BlockDeletingService (BlockDeletingService.java:isDeletionAllowed(187)) - Close Container log Index 6 is not replicated across allthe servers in the pipeline 34dfe2c8-23b7-47ff-8954-045aad0d4d73 as the min replicated index is 4. Deletion is not allowed in this container yet.
2019-10-20 04:41:37,121 [EventQueue-ContainerReportForContainerReportHandler] WARN  container.ContainerReportHandler (AbstractContainerReportHandler.java:updateContainerState(145)) - Container #1 is in OPEN state, but the datanode 8f4dcc74-0612-4035-9040-5f73cd792029{ip: 192.168.164.239, host: trunk-nightly-20191020-r5wzl-4145440258, networkLocation: /default-rack, certSerialId: null} reports an CLOSED replica.
2019-10-20 04:41:37,161 [EventQueue-ContainerReportForContainerReportHandler] WARN  container.ContainerReportHandler (AbstractContainerReportHandler.java:updateContainerState(145)) - Container #1 is in OPEN state, but the datanode 57114e09-3b7f-4b4a-a342-090fe34f336a{ip: 192.168.164.239, host: trunk-nightly-20191020-r5wzl-4145440258, networkLocation: /default-rack, certSerialId: null} reports an CLOSED replica.
2019-10-20 04:41:37,462 [EventQueue-ContainerReportForContainerReportHandler] WARN  container.ContainerReportHandler (AbstractContainerReportHandler.java:updateContainerState(145)) - Container #1 is in OPEN state, but the datanode 57114e09-3b7f-4b4a-a342-090fe34f336a{ip: 192.168.164.239, host: trunk-nightly-20191020-r5wzl-4145440258, networkLocation: /default-rack, certSerialId: null} reports an CLOSED replica.
2019-10-20 04:41:37,522 [EventQueue-ContainerReportForContainerReportHandler] WARN  container.ContainerReportHandler (AbstractContainerReportHandler.java:updateContainerState(145)) - Container #1 is in OPEN state, but the datanode 8f4dcc74-0612-4035-9040-5f73cd792029{ip: 192.168.164.239, host: trunk-nightly-20191020-r5wzl-4145440258, networkLocation: /default-rack, certSerialId: null} reports an CLOSED replica.
2019-10-20 04:41:37,662 [EventQueue-ContainerReportForContainerReportHandler] WARN  container.ContainerReportHandler (AbstractContainerReportHandler.java:updateContainerState(145)) - Container #1 is in OPEN state, but the datanode 57114e09-3b7f-4b4a-a342-090fe34f336a{ip: 192.168.164.239, host: trunk-nightly-20191020-r5wzl-4145440258, networkLocation: /default-rack, certSerialId: null} reports an CLOSED replica.
2019-10-20 04:41:37,721 [EventQueue-ContainerReportForContainerReportHandler] WARN  container.ContainerReportHandler (AbstractContainerReportHandler.java:updateContainerState(145)) - Container #1 is in OPEN state, but the datanode 8f4dcc74-0612-4035-9040-5f73cd792029{ip: 192.168.164.239, host: trunk-nightly-20191020-r5wzl-4145440258, networkLocation: /default-rack, certSerialId: null} reports an CLOSED replica.
2019-10-20 04:41:37,863 [EventQueue-ContainerReportForContainerReportHandler] WARN  container.ContainerReportHandler (AbstractContainerReportHandler.java:updateContainerState(145)) - Container #1 is in OPEN state, but the datanode 57114e09-3b7f-4b4a-a342-090fe34f336a{ip: 192.168.164.239, host: trunk-nightly-20191020-r5wzl-4145440258, networkLocation: /default-rack, certSerialId: null} reports an CLOSED replica.
2019-10-20 04:41:38,022 [EventQueue-ContainerReportForContainerReportHandler] WARN  container.ContainerReportHandler (AbstractContainerReportHandler.java:updateContainerState(145)) - Container #1 is in OPEN state, but the datanode 8f4dcc74-0612-4035-9040-5f73cd792029{ip: 192.168.164.239, host: trunk-nightly-20191020-r5wzl-4145440258, networkLocation: /default-rack, certSerialId: null} reports an CLOSED replica.
2019-10-20 04:41:38,075 [java.util.concurrent.ThreadPoolExecutor$Worker@77e4dadc[State = -1, empty queue]] WARN  server.GrpcLogAppender (GrpcLogAppender.java:timeoutAppendRequest(209)) - 8f4dcc74-0612-4035-9040-5f73cd792029@group-045AAD0D4D73->e3be97a9-3d3a-4f1a-9aac-bb0a1b054e74-GrpcLogAppender: appendEntries Timeout, request=8f4dcc74-0612-4035-9040-5f73cd792029->e3be97a9-3d3a-4f1a-9aac-bb0a1b054e74#23-t3, previous=(t:3, i:8), leaderCommit=8, initializing? false, entries: <empty>
2019-10-20 04:41:38,090 [BlockDeletingService#2] WARN  background.BlockDeletingService (BlockDeletingService.java:isDeletionAllowed(187)) - Close Container log Index 6 is not replicated across allthe servers in the pipeline 34dfe2c8-23b7-47ff-8954-045aad0d4d73 as the min replicated index is 4. Deletion is not allowed in this container yet.
2019-10-20 04:41:38,093 [BlockDeletingService#2] WARN  background.BlockDeletingService (BlockDeletingService.java:isDeletionAllowed(187)) - Close Container log Index 6 is not replicated across allthe servers in the pipeline 34dfe2c8-23b7-47ff-8954-045aad0d4d73 as the min replicated index is 4. Deletion is not allowed in this container yet.
2019-10-20 04:41:38,262 [EventQueue-ContainerReportForContainerReportHandler] WARN  container.ContainerReportHandler (AbstractContainerReportHandler.java:updateContainerState(145)) - Container #1 is in OPEN state, but the datanode 57114e09-3b7f-4b4a-a342-090fe34f336a{ip: 192.168.164.239, host: trunk-nightly-20191020-r5wzl-4145440258, networkLocation: /default-rack, certSerialId: null} reports an CLOSED replica.
2019-10-20 04:41:38,321 [EventQueue-ContainerReportForContainerReportHandler] WARN  container.ContainerReportHandler (AbstractContainerReportHandler.java:updateContainerState(145)) - Container #1 is in OPEN state, but the datanode 8f4dcc74-0612-4035-9040-5f73cd792029{ip: 192.168.164.239, host: trunk-nightly-20191020-r5wzl-4145440258, networkLocation: /default-rack, certSerialId: null} reports an CLOSED replica.
2019-10-20 04:41:38,462 [EventQueue-ContainerReportForContainerReportHandler] WARN  container.ContainerReportHandler (AbstractContainerReportHandler.java:updateContainerState(145)) - Container #1 is in OPEN state, but the datanode 57114e09-3b7f-4b4a-a342-090fe34f336a{ip: 192.168.164.239, host: trunk-nightly-20191020-r5wzl-4145440258, networkLocation: /default-rack, certSerialId: null} reports an CLOSED replica.
2019-10-20 04:41:38,621 [EventQueue-ContainerReportForContainerReportHandler] WARN  container.ContainerReportHandler (AbstractContainerReportHandler.java:updateContainerState(145)) - Container #1 is in OPEN state, but the datanode 8f4dcc74-0612-4035-9040-5f73cd792029{ip: 192.168.164.239, host: trunk-nightly-20191020-r5wzl-4145440258, networkLocation: /default-rack, certSerialId: null} reports an CLOSED replica.
2019-10-20 04:41:38,763 [EventQueue-ContainerReportForContainerReportHandler] WARN  container.ContainerReportHandler (AbstractContainerReportHandler.java:updateContainerState(145)) - Container #1 is in OPEN state, but the datanode 57114e09-3b7f-4b4a-a342-090fe34f336a{ip: 192.168.164.239, host: trunk-nightly-20191020-r5wzl-4145440258, networkLocation: /default-rack, certSerialId: null} reports an CLOSED replica.
2019-10-20 04:41:39,022 [EventQueue-ContainerReportForContainerReportHandler] WARN  container.ContainerReportHandler (AbstractContainerReportHandler.java:updateContainerState(145)) - Container #1 is in OPEN state, but the datanode 8f4dcc74-0612-4035-9040-5f73cd792029{ip: 192.168.164.239, host: trunk-nightly-20191020-r5wzl-4145440258, networkLocation: /default-rack, certSerialId: null} reports an CLOSED replica.
2019-10-20 04:41:39,091 [BlockDeletingService#2] WARN  background.BlockDeletingService (BlockDeletingService.java:isDeletionAllowed(187)) - Close Container log Index 6 is not replicated across allthe servers in the pipeline 34dfe2c8-23b7-47ff-8954-045aad0d4d73 as the min replicated index is 4. Deletion is not allowed in this container yet.
2019-10-20 04:41:39,094 [BlockDeletingService#2] WARN  background.BlockDeletingService (BlockDeletingService.java:isDeletionAllowed(187)) - Close Container log Index 6 is not replicated across allthe servers in the pipeline 34dfe2c8-23b7-47ff-8954-045aad0d4d73 as the min replicated index is 4. Deletion is not allowed in this container yet.
2019-10-20 04:41:39,146 [java.util.concurrent.ThreadPoolExecutor$Worker@77e4dadc[State = -1, empty queue]] WARN  server.GrpcLogAppender (GrpcLogAppender.java:timeoutAppendRequest(209)) - 8f4dcc74-0612-4035-9040-5f73cd792029@group-045AAD0D4D73->e3be97a9-3d3a-4f1a-9aac-bb0a1b054e74-GrpcLogAppender: appendEntries Timeout, request=8f4dcc74-0612-4035-9040-5f73cd792029->e3be97a9-3d3a-4f1a-9aac-bb0a1b054e74#24-t3, previous=(t:3, i:8), leaderCommit=8, initializing? false, entries: size=1, first=(t:3, i:9), STATEMACHINELOGENTRY, client-812B0D831CA9, cid=12
2019-10-20 04:41:39,160 [java.util.concurrent.ThreadPoolExecutor$Worker@77e4dadc[State = -1, empty queue]] WARN  server.GrpcLogAppender (GrpcLogAppender.java:timeoutAppendRequest(209)) - 8f4dcc74-0612-4035-9040-5f73cd792029@group-045AAD0D4D73->e3be97a9-3d3a-4f1a-9aac-bb0a1b054e74-GrpcLogAppender: appendEntries Timeout, request=8f4dcc74-0612-4035-9040-5f73cd792029->e3be97a9-3d3a-4f1a-9aac-bb0a1b054e74#25-t3, previous=(t:3, i:9), leaderCommit=9, initializing? false, entries: size=1, first=(t:3, i:10), METADATAENTRY(c9)
2019-10-20 04:41:39,165 [EventQueue-ContainerReportForContainerReportHandler] WARN  container.ContainerReportHandler (AbstractContainerReportHandler.java:updateContainerState(145)) - Container #1 is in OPEN state, but the datanode 57114e09-3b7f-4b4a-a342-090fe34f336a{ip: 192.168.164.239, host: trunk-nightly-20191020-r5wzl-4145440258, networkLocation: /default-rack, certSerialId: null} reports an CLOSED replica.
2019-10-20 04:41:39,221 [EventQueue-ContainerReportForContainerReportHandler] WARN  container.ContainerReportHandler (AbstractContainerReportHandler.java:updateContainerState(145)) - Container #1 is in OPEN state, but the datanode 8f4dcc74-0612-4035-9040-5f73cd792029{ip: 192.168.164.239, host: trunk-nightly-20191020-r5wzl-4145440258, networkLocation: /default-rack, certSerialId: null} reports an CLOSED replica.
2019-10-20 04:41:39,466 [EventQueue-ContainerReportForContainerReportHandler] WARN  container.ContainerReportHandler (AbstractContainerReportHandler.java:updateContainerState(145)) - Container #1 is in OPEN state, but the datanode 57114e09-3b7f-4b4a-a342-090fe34f336a{ip: 192.168.164.239, host: trunk-nightly-20191020-r5wzl-4145440258, networkLocation: /default-rack, certSerialId: null} reports an CLOSED replica.
2019-10-20 04:41:39,522 [EventQueue-ContainerReportForContainerReportHandler] WARN  container.ContainerReportHandler (AbstractContainerReportHandler.java:updateContainerState(145)) - Container #1 is in OPEN state, but the datanode 8f4dcc74-0612-4035-9040-5f73cd792029{ip: 192.168.164.239, host: trunk-nightly-20191020-r5wzl-4145440258, networkLocation: /default-rack, certSerialId: null} reports an CLOSED replica.
2019-10-20 04:41:39,666 [EventQueue-ContainerReportForContainerReportHandler] WARN  container.ContainerReportHandler (AbstractContainerReportHandler.java:updateContainerState(145)) - Container #1 is in OPEN state, but the datanode 57114e09-3b7f-4b4a-a342-090fe34f336a{ip: 192.168.164.239, host: trunk-nightly-20191020-r5wzl-4145440258, networkLocation: /default-rack, certSerialId: null} reports an CLOSED replica.
2019-10-20 04:41:39,923 [EventQueue-ContainerReportForContainerReportHandler] WARN  container.ContainerReportHandler (AbstractContainerReportHandler.java:updateContainerState(145)) - Container #1 is in OPEN state, but the datanode 8f4dcc74-0612-4035-9040-5f73cd792029{ip: 192.168.164.239, host: trunk-nightly-20191020-r5wzl-4145440258, networkLocation: /default-rack, certSerialId: null} reports an CLOSED replica.
2019-10-20 04:41:39,966 [EventQueue-ContainerReportForContainerReportHandler] WARN  container.ContainerReportHandler (AbstractContainerReportHandler.java:updateContainerState(145)) - Container #1 is in OPEN state, but the datanode 57114e09-3b7f-4b4a-a342-090fe34f336a{ip: 192.168.164.239, host: trunk-nightly-20191020-r5wzl-4145440258, networkLocation: /default-rack, certSerialId: null} reports an CLOSED replica.
2019-10-20 04:41:40,095 [BlockDeletingService#2] WARN  background.BlockDeletingService (BlockDeletingService.java:isDeletionAllowed(187)) - Close Container log Index 6 is not replicated across allthe servers in the pipeline 34dfe2c8-23b7-47ff-8954-045aad0d4d73 as the min replicated index is 4. Deletion is not allowed in this container yet.
2019-10-20 04:41:40,099 [BlockDeletingService#2] WARN  background.BlockDeletingService (BlockDeletingService.java:isDeletionAllowed(187)) - Close Container log Index 6 is not replicated across allthe servers in the pipeline 34dfe2c8-23b7-47ff-8954-045aad0d4d73 as the min replicated index is 4. Deletion is not allowed in this container yet.
2019-10-20 04:41:40,124 [EventQueue-ContainerReportForContainerReportHandler] WARN  container.ContainerReportHandler (AbstractContainerReportHandler.java:updateContainerState(145)) - Container #1 is in OPEN state, but the datanode 8f4dcc74-0612-4035-9040-5f73cd792029{ip: 192.168.164.239, host: trunk-nightly-20191020-r5wzl-4145440258, networkLocation: /default-rack, certSerialId: null} reports an CLOSED replica.
2019-10-20 04:41:40,266 [EventQueue-ContainerReportForContainerReportHandler] WARN  container.ContainerReportHandler (AbstractContainerReportHandler.java:updateContainerState(145)) - Container #1 is in OPEN state, but the datanode 57114e09-3b7f-4b4a-a342-090fe34f336a{ip: 192.168.164.239, host: trunk-nightly-20191020-r5wzl-4145440258, networkLocation: /default-rack, certSerialId: null} reports an CLOSED replica.
2019-10-20 04:41:40,423 [EventQueue-ContainerReportForContainerReportHandler] WARN  container.ContainerReportHandler (AbstractContainerReportHandler.java:updateContainerState(145)) - Container #1 is in OPEN state, but the datanode 8f4dcc74-0612-4035-9040-5f73cd792029{ip: 192.168.164.239, host: trunk-nightly-20191020-r5wzl-4145440258, networkLocation: /default-rack, certSerialId: null} reports an CLOSED replica.
2019-10-20 04:41:40,665 [EventQueue-ContainerReportForContainerReportHandler] WARN  container.ContainerReportHandler (AbstractContainerReportHandler.java:updateContainerState(145)) - Container #1 is in OPEN state, but the datanode 57114e09-3b7f-4b4a-a342-090fe34f336a{ip: 192.168.164.239, host: trunk-nightly-20191020-r5wzl-4145440258, networkLocation: /default-rack, certSerialId: null} reports an CLOSED replica.
2019-10-20 04:41:40,723 [EventQueue-ContainerReportForContainerReportHandler] WARN  container.ContainerReportHandler (AbstractContainerReportHandler.java:updateContainerState(145)) - Container #1 is in OPEN state, but the datanode 8f4dcc74-0612-4035-9040-5f73cd792029{ip: 192.168.164.239, host: trunk-nightly-20191020-r5wzl-4145440258, networkLocation: /default-rack, certSerialId: null} reports an CLOSED replica.
2019-10-20 04:41:40,866 [EventQueue-ContainerReportForContainerReportHandler] WARN  container.ContainerReportHandler (AbstractContainerReportHandler.java:updateContainerState(145)) - Container #1 is in OPEN state, but the datanode 57114e09-3b7f-4b4a-a342-090fe34f336a{ip: 192.168.164.239, host: trunk-nightly-20191020-r5wzl-4145440258, networkLocation: /default-rack, certSerialId: null} reports an CLOSED replica.
2019-10-20 04:41:41,101 [BlockDeletingService#2] WARN  background.BlockDeletingService (BlockDeletingService.java:isDeletionAllowed(187)) - Close Container log Index 6 is not replicated across allthe servers in the pipeline 34dfe2c8-23b7-47ff-8954-045aad0d4d73 as the min replicated index is 4. Deletion is not allowed in this container yet.
2019-10-20 04:41:41,101 [BlockDeletingService#2] WARN  background.BlockDeletingService (BlockDeletingService.java:isDeletionAllowed(187)) - Close Container log Index 6 is not replicated across allthe servers in the pipeline 34dfe2c8-23b7-47ff-8954-045aad0d4d73 as the min replicated index is 4. Deletion is not allowed in this container yet.
2019-10-20 04:41:41,124 [EventQueue-ContainerReportForContainerReportHandler] WARN  container.ContainerReportHandler (AbstractContainerReportHandler.java:updateContainerState(145)) - Container #1 is in OPEN state, but the datanode 8f4dcc74-0612-4035-9040-5f73cd792029{ip: 192.168.164.239, host: trunk-nightly-20191020-r5wzl-4145440258, networkLocation: /default-rack, certSerialId: null} reports an CLOSED replica.
2019-10-20 04:41:41,267 [EventQueue-ContainerReportForContainerReportHandler] WARN  container.ContainerReportHandler (AbstractContainerReportHandler.java:updateContainerState(145)) - Container #1 is in OPEN state, but the datanode 57114e09-3b7f-4b4a-a342-090fe34f336a{ip: 192.168.164.239, host: trunk-nightly-20191020-r5wzl-4145440258, networkLocation: /default-rack, certSerialId: null} reports an CLOSED replica.
2019-10-20 04:41:41,324 [EventQueue-ContainerReportForContainerReportHandler] WARN  container.ContainerReportHandler (AbstractContainerReportHandler.java:updateContainerState(145)) - Container #1 is in OPEN state, but the datanode 8f4dcc74-0612-4035-9040-5f73cd792029{ip: 192.168.164.239, host: trunk-nightly-20191020-r5wzl-4145440258, networkLocation: /default-rack, certSerialId: null} reports an CLOSED replica.
2019-10-20 04:41:41,566 [EventQueue-ContainerReportForContainerReportHandler] WARN  container.ContainerReportHandler (AbstractContainerReportHandler.java:updateContainerState(145)) - Container #1 is in OPEN state, but the datanode 57114e09-3b7f-4b4a-a342-090fe34f336a{ip: 192.168.164.239, host: trunk-nightly-20191020-r5wzl-4145440258, networkLocation: /default-rack, certSerialId: null} reports an CLOSED replica.
2019-10-20 04:41:41,625 [EventQueue-ContainerReportForContainerReportHandler] WARN  container.ContainerReportHandler (AbstractContainerReportHandler.java:updateContainerState(145)) - Container #1 is in OPEN state, but the datanode 8f4dcc74-0612-4035-9040-5f73cd792029{ip: 192.168.164.239, host: trunk-nightly-20191020-r5wzl-4145440258, networkLocation: /default-rack, certSerialId: null} reports an CLOSED replica.
2019-10-20 04:41:41,662 [java.util.concurrent.ThreadPoolExecutor$Worker@77e4dadc[State = -1, empty queue]] WARN  server.GrpcLogAppender (GrpcLogAppender.java:timeoutAppendRequest(209)) - 8f4dcc74-0612-4035-9040-5f73cd792029@group-045AAD0D4D73->e3be97a9-3d3a-4f1a-9aac-bb0a1b054e74-GrpcLogAppender: appendEntries Timeout, request=8f4dcc74-0612-4035-9040-5f73cd792029->e3be97a9-3d3a-4f1a-9aac-bb0a1b054e74#26-t3, previous=(t:3, i:10), leaderCommit=10, initializing? false, entries: <empty>
2019-10-20 04:41:41,825 [EventQueue-ContainerReportForContainerReportHandler] WARN  container.ContainerReportHandler (AbstractContainerReportHandler.java:updateContainerState(145)) - Container #1 is in OPEN state, but the datanode 8f4dcc74-0612-4035-9040-5f73cd792029{ip: 192.168.164.239, host: trunk-nightly-20191020-r5wzl-4145440258, networkLocation: /default-rack, certSerialId: null} reports an CLOSED replica.
2019-10-20 04:41:41,866 [EventQueue-ContainerReportForContainerReportHandler] WARN  container.ContainerReportHandler (AbstractContainerReportHandler.java:updateContainerState(145)) - Container #1 is in OPEN state, but the datanode 57114e09-3b7f-4b4a-a342-090fe34f336a{ip: 192.168.164.239, host: trunk-nightly-20191020-r5wzl-4145440258, networkLocation: /default-rack, certSerialId: null} reports an CLOSED replica.
2019-10-20 04:41:42,104 [BlockDeletingService#2] WARN  background.BlockDeletingService (BlockDeletingService.java:isDeletionAllowed(187)) - Close Container log Index 6 is not replicated across allthe servers in the pipeline 34dfe2c8-23b7-47ff-8954-045aad0d4d73 as the min replicated index is 4. Deletion is not allowed in this container yet.
2019-10-20 04:41:42,104 [BlockDeletingService#2] WARN  background.BlockDeletingService (BlockDeletingService.java:isDeletionAllowed(187)) - Close Container log Index 6 is not replicated across allthe servers in the pipeline 34dfe2c8-23b7-47ff-8954-045aad0d4d73 as the min replicated index is 4. Deletion is not allowed in this container yet.
2019-10-20 04:41:42,166 [EventQueue-ContainerReportForContainerReportHandler] WARN  container.ContainerReportHandler (AbstractContainerReportHandler.java:updateContainerState(145)) - Container #1 is in OPEN state, but the datanode 57114e09-3b7f-4b4a-a342-090fe34f336a{ip: 192.168.164.239, host: trunk-nightly-20191020-r5wzl-4145440258, networkLocation: /default-rack, certSerialId: null} reports an CLOSED replica.
2019-10-20 04:41:42,226 [EventQueue-ContainerReportForContainerReportHandler] WARN  container.ContainerReportHandler (AbstractContainerReportHandler.java:updateContainerState(145)) - Container #1 is in OPEN state, but the datanode 8f4dcc74-0612-4035-9040-5f73cd792029{ip: 192.168.164.239, host: trunk-nightly-20191020-r5wzl-4145440258, networkLocation: /default-rack, certSerialId: null} reports an CLOSED replica.
2019-10-20 04:41:42,467 [EventQueue-ContainerReportForContainerReportHandler] WARN  container.ContainerReportHandler (AbstractContainerReportHandler.java:updateContainerState(145)) - Container #1 is in OPEN state, but the datanode 57114e09-3b7f-4b4a-a342-090fe34f336a{ip: 192.168.164.239, host: trunk-nightly-20191020-r5wzl-4145440258, networkLocation: /default-rack, certSerialId: null} reports an CLOSED replica.
2019-10-20 04:41:42,526 [EventQueue-ContainerReportForContainerReportHandler] WARN  container.ContainerReportHandler (AbstractContainerReportHandler.java:updateContainerState(145)) - Container #1 is in OPEN state, but the datanode 8f4dcc74-0612-4035-9040-5f73cd792029{ip: 192.168.164.239, host: trunk-nightly-20191020-r5wzl-4145440258, networkLocation: /default-rack, certSerialId: null} reports an CLOSED replica.
2019-10-20 04:41:42,768 [EventQueue-ContainerReportForContainerReportHandler] WARN  container.ContainerReportHandler (AbstractContainerReportHandler.java:updateContainerState(145)) - Container #1 is in OPEN state, but the datanode 57114e09-3b7f-4b4a-a342-090fe34f336a{ip: 192.168.164.239, host: trunk-nightly-20191020-r5wzl-4145440258, networkLocation: /default-rack, certSerialId: null} reports an CLOSED replica.
2019-10-20 04:41:42,927 [EventQueue-ContainerReportForContainerReportHandler] WARN  container.ContainerReportHandler (AbstractContainerReportHandler.java:updateContainerState(145)) - Container #1 is in OPEN state, but the datanode 8f4dcc74-0612-4035-9040-5f73cd792029{ip: 192.168.164.239, host: trunk-nightly-20191020-r5wzl-4145440258, networkLocation: /default-rack, certSerialId: null} reports an CLOSED replica.
2019-10-20 04:41:43,107 [BlockDeletingService#2] WARN  background.BlockDeletingService (BlockDeletingService.java:isDeletionAllowed(187)) - Close Container log Index 6 is not replicated across allthe servers in the pipeline 34dfe2c8-23b7-47ff-8954-045aad0d4d73 as the min replicated index is 4. Deletion is not allowed in this container yet.
2019-10-20 04:41:43,107 [BlockDeletingService#2] WARN  background.BlockDeletingService (BlockDeletingService.java:isDeletionAllowed(187)) - Close Container log Index 6 is not replicated across allthe servers in the pipeline 34dfe2c8-23b7-47ff-8954-045aad0d4d73 as the min replicated index is 4. Deletion is not allowed in this container yet.
2019-10-20 04:41:43,168 [EventQueue-ContainerReportForContainerReportHandler] WARN  container.ContainerReportHandler (AbstractContainerReportHandler.java:updateContainerState(145)) - Container #1 is in OPEN state, but the datanode 57114e09-3b7f-4b4a-a342-090fe34f336a{ip: 192.168.164.239, host: trunk-nightly-20191020-r5wzl-4145440258, networkLocation: /default-rack, certSerialId: null} reports an CLOSED replica.
2019-10-20 04:41:43,228 [EventQueue-ContainerReportForContainerReportHandler] WARN  container.ContainerReportHandler (AbstractContainerReportHandler.java:updateContainerState(145)) - Container #1 is in OPEN state, but the datanode 8f4dcc74-0612-4035-9040-5f73cd792029{ip: 192.168.164.239, host: trunk-nightly-20191020-r5wzl-4145440258, networkLocation: /default-rack, certSerialId: null} reports an CLOSED replica.
2019-10-20 04:41:43,368 [EventQueue-ContainerReportForContainerReportHandler] WARN  container.ContainerReportHandler (AbstractContainerReportHandler.java:updateContainerState(145)) - Container #1 is in OPEN state, but the datanode 57114e09-3b7f-4b4a-a342-090fe34f336a{ip: 192.168.164.239, host: trunk-nightly-20191020-r5wzl-4145440258, networkLocation: /default-rack, certSerialId: null} reports an CLOSED replica.
2019-10-20 04:41:43,528 [EventQueue-ContainerReportForContainerReportHandler] WARN  container.ContainerReportHandler (AbstractContainerReportHandler.java:updateContainerState(145)) - Container #1 is in OPEN state, but the datanode 8f4dcc74-0612-4035-9040-5f73cd792029{ip: 192.168.164.239, host: trunk-nightly-20191020-r5wzl-4145440258, networkLocation: /default-rack, certSerialId: null} reports an CLOSED replica.
2019-10-20 04:41:43,667 [EventQueue-ContainerReportForContainerReportHandler] WARN  container.ContainerReportHandler (AbstractContainerReportHandler.java:updateContainerState(145)) - Container #1 is in OPEN state, but the datanode 57114e09-3b7f-4b4a-a342-090fe34f336a{ip: 192.168.164.239, host: trunk-nightly-20191020-r5wzl-4145440258, networkLocation: /default-rack, certSerialId: null} reports an CLOSED replica.
2019-10-20 04:41:43,829 [EventQueue-ContainerReportForContainerReportHandler] WARN  container.ContainerReportHandler (AbstractContainerReportHandler.java:updateContainerState(145)) - Container #1 is in OPEN state, but the datanode 8f4dcc74-0612-4035-9040-5f73cd792029{ip: 192.168.164.239, host: trunk-nightly-20191020-r5wzl-4145440258, networkLocation: /default-rack, certSerialId: null} reports an CLOSED replica.
2019-10-20 04:41:43,868 [EventQueue-ContainerReportForContainerReportHandler] WARN  container.ContainerReportHandler (AbstractContainerReportHandler.java:updateContainerState(145)) - Container #1 is in OPEN state, but the datanode 57114e09-3b7f-4b4a-a342-090fe34f336a{ip: 192.168.164.239, host: trunk-nightly-20191020-r5wzl-4145440258, networkLocation: /default-rack, certSerialId: null} reports an CLOSED replica.
2019-10-20 04:41:44,111 [BlockDeletingService#2] WARN  background.BlockDeletingService (BlockDeletingService.java:isDeletionAllowed(187)) - Close Container log Index 6 is not replicated across allthe servers in the pipeline 34dfe2c8-23b7-47ff-8954-045aad0d4d73 as the min replicated index is 4. Deletion is not allowed in this container yet.
2019-10-20 04:41:44,111 [BlockDeletingService#2] WARN  background.BlockDeletingService (BlockDeletingService.java:isDeletionAllowed(187)) - Close Container log Index 6 is not replicated across allthe servers in the pipeline 34dfe2c8-23b7-47ff-8954-045aad0d4d73 as the min replicated index is 4. Deletion is not allowed in this container yet.
2019-10-20 04:41:44,129 [EventQueue-ContainerReportForContainerReportHandler] WARN  container.ContainerReportHandler (AbstractContainerReportHandler.java:updateContainerState(145)) - Container #1 is in OPEN state, but the datanode 8f4dcc74-0612-4035-9040-5f73cd792029{ip: 192.168.164.239, host: trunk-nightly-20191020-r5wzl-4145440258, networkLocation: /default-rack, certSerialId: null} reports an CLOSED replica.
2019-10-20 04:41:44,165 [java.util.concurrent.ThreadPoolExecutor$Worker@77e4dadc[State = -1, empty queue]] WARN  server.GrpcLogAppender (GrpcLogAppender.java:timeoutAppendRequest(209)) - 8f4dcc74-0612-4035-9040-5f73cd792029@group-045AAD0D4D73->e3be97a9-3d3a-4f1a-9aac-bb0a1b054e74-GrpcLogAppender: appendEntries Timeout, request=8f4dcc74-0612-4035-9040-5f73cd792029->e3be97a9-3d3a-4f1a-9aac-bb0a1b054e74#27-t3, previous=(t:3, i:10), leaderCommit=10, initializing? false, entries: <empty>
2019-10-20 04:41:44,167 [EventQueue-ContainerReportForContainerReportHandler] WARN  container.ContainerReportHandler (AbstractContainerReportHandler.java:updateContainerState(145)) - Container #1 is in OPEN state, but the datanode 57114e09-3b7f-4b4a-a342-090fe34f336a{ip: 192.168.164.239, host: trunk-nightly-20191020-r5wzl-4145440258, networkLocation: /default-rack, certSerialId: null} reports an CLOSED replica.
2019-10-20 04:41:44,468 [EventQueue-ContainerReportForContainerReportHandler] WARN  container.ContainerReportHandler (AbstractContainerReportHandler.java:updateContainerState(145)) - Container #1 is in OPEN state, but the datanode 57114e09-3b7f-4b4a-a342-090fe34f336a{ip: 192.168.164.239, host: trunk-nightly-20191020-r5wzl-4145440258, networkLocation: /default-rack, certSerialId: null} reports an CLOSED replica.
2019-10-20 04:41:44,530 [EventQueue-ContainerReportForContainerReportHandler] WARN  container.ContainerReportHandler (AbstractContainerReportHandler.java:updateContainerState(145)) - Container #1 is in OPEN state, but the datanode 8f4dcc74-0612-4035-9040-5f73cd792029{ip: 192.168.164.239, host: trunk-nightly-20191020-r5wzl-4145440258, networkLocation: /default-rack, certSerialId: null} reports an CLOSED replica.
2019-10-20 04:41:44,683 [Thread-360] INFO  client.GrpcClientProtocolService (GrpcClientProtocolService.java:lambda$processClientRequest$0(278)) - Failed RaftClientRequest:client-A2F9089F7F1F->8f4dcc74-0612-4035-9040-5f73cd792029@group-045AAD0D4D73, cid=10, seq=0, Watch-ALL_COMMITTED(6), Message:<EMPTY>, reply=RaftClientReply:client-A2F9089F7F1F->8f4dcc74-0612-4035-9040-5f73cd792029@group-045AAD0D4D73, cid=10, FAILED org.apache.ratis.protocol.NotReplicatedException: Request with call Id 10 and log index 6 is not yet replicated to ALL_COMMITTED, logIndex=6, commits[8f4dcc74-0612-4035-9040-5f73cd792029:c10, 57114e09-3b7f-4b4a-a342-090fe34f336a:c10, e3be97a9-3d3a-4f1a-9aac-bb0a1b054e74:c4]
2019-10-20 04:41:44,773 [EventQueue-ContainerReportForContainerReportHandler] WARN  container.ContainerReportHandler (AbstractContainerReportHandler.java:updateContainerState(145)) - Container #1 is in OPEN state, but the datanode 57114e09-3b7f-4b4a-a342-090fe34f336a{ip: 192.168.164.239, host: trunk-nightly-20191020-r5wzl-4145440258, networkLocation: /default-rack, certSerialId: null} reports an CLOSED replica.
2019-10-20 04:41:44,831 [EventQueue-ContainerReportForContainerReportHandler] WARN  container.ContainerReportHandler (AbstractContainerReportHandler.java:updateContainerState(145)) - Container #1 is in OPEN state, but the datanode 8f4dcc74-0612-4035-9040-5f73cd792029{ip: 192.168.164.239, host: trunk-nightly-20191020-r5wzl-4145440258, networkLocation: /default-rack, certSerialId: null} reports an CLOSED replica.
2019-10-20 04:41:44,969 [EventQueue-ContainerReportForContainerReportHandler] WARN  container.ContainerReportHandler (AbstractContainerReportHandler.java:updateContainerState(145)) - Container #1 is in OPEN state, but the datanode 57114e09-3b7f-4b4a-a342-090fe34f336a{ip: 192.168.164.239, host: trunk-nightly-20191020-r5wzl-4145440258, networkLocation: /default-rack, certSerialId: null} reports an CLOSED replica.
2019-10-20 04:41:45,031 [EventQueue-ContainerReportForContainerReportHandler] WARN  container.ContainerReportHandler (AbstractContainerReportHandler.java:updateContainerState(145)) - Container #1 is in OPEN state, but the datanode 8f4dcc74-0612-4035-9040-5f73cd792029{ip: 192.168.164.239, host: trunk-nightly-20191020-r5wzl-4145440258, networkLocation: /default-rack, certSerialId: null} reports an CLOSED replica.
2019-10-20 04:41:45,114 [BlockDeletingService#2] WARN  background.BlockDeletingService (BlockDeletingService.java:isDeletionAllowed(187)) - Close Container log Index 6 is not replicated across allthe servers in the pipeline 34dfe2c8-23b7-47ff-8954-045aad0d4d73 as the min replicated index is 4. Deletion is not allowed in this container yet.
2019-10-20 04:41:45,114 [BlockDeletingService#2] WARN  background.BlockDeletingService (BlockDeletingService.java:isDeletionAllowed(187)) - Close Container log Index 6 is not replicated across allthe servers in the pipeline 34dfe2c8-23b7-47ff-8954-045aad0d4d73 as the min replicated index is 4. Deletion is not allowed in this container yet.
2019-10-20 04:41:45,269 [EventQueue-ContainerReportForContainerReportHandler] WARN  container.ContainerReportHandler (AbstractContainerReportHandler.java:updateContainerState(145)) - Container #1 is in OPEN state, but the datanode 57114e09-3b7f-4b4a-a342-090fe34f336a{ip: 192.168.164.239, host: trunk-nightly-20191020-r5wzl-4145440258, networkLocation: /default-rack, certSerialId: null} reports an CLOSED replica.
2019-10-20 04:41:45,430 [EventQueue-ContainerReportForContainerReportHandler] WARN  container.ContainerReportHandler (AbstractContainerReportHandler.java:updateContainerState(145)) - Container #1 is in OPEN state, but the datanode 8f4dcc74-0612-4035-9040-5f73cd792029{ip: 192.168.164.239, host: trunk-nightly-20191020-r5wzl-4145440258, networkLocation: /default-rack, certSerialId: null} reports an CLOSED replica.
2019-10-20 04:41:45,570 [EventQueue-ContainerReportForContainerReportHandler] WARN  container.ContainerReportHandler (AbstractContainerReportHandler.java:updateContainerState(145)) - Container #1 is in OPEN state, but the datanode 57114e09-3b7f-4b4a-a342-090fe34f336a{ip: 192.168.164.239, host: trunk-nightly-20191020-r5wzl-4145440258, networkLocation: /default-rack, certSerialId: null} reports an CLOSED replica.
2019-10-20 04:41:45,831 [EventQueue-ContainerReportForContainerReportHandler] WARN  container.ContainerReportHandler (AbstractContainerReportHandler.java:updateContainerState(145)) - Container #1 is in OPEN state, but the datanode 8f4dcc74-0612-4035-9040-5f73cd792029{ip: 192.168.164.239, host: trunk-nightly-20191020-r5wzl-4145440258, networkLocation: /default-rack, certSerialId: null} reports an CLOSED replica.
2019-10-20 04:41:45,871 [EventQueue-ContainerReportForContainerReportHandler] WARN  container.ContainerReportHandler (AbstractContainerReportHandler.java:updateContainerState(145)) - Container #1 is in OPEN state, but the datanode 57114e09-3b7f-4b4a-a342-090fe34f336a{ip: 192.168.164.239, host: trunk-nightly-20191020-r5wzl-4145440258, networkLocation: /default-rack, certSerialId: null} reports an CLOSED replica.
2019-10-20 04:41:46,124 [BlockDeletingService#2] WARN  background.BlockDeletingService (BlockDeletingService.java:isDeletionAllowed(187)) - Close Container log Index 6 is not replicated across allthe servers in the pipeline 34dfe2c8-23b7-47ff-8954-045aad0d4d73 as the min replicated index is 4. Deletion is not allowed in this container yet.
2019-10-20 04:41:46,124 [BlockDeletingService#2] WARN  background.BlockDeletingService (BlockDeletingService.java:isDeletionAllowed(187)) - Close Container log Index 6 is not replicated across allthe servers in the pipeline 34dfe2c8-23b7-47ff-8954-045aad0d4d73 as the min replicated index is 4. Deletion is not allowed in this container yet.
2019-10-20 04:41:46,131 [EventQueue-ContainerReportForContainerReportHandler] WARN  container.ContainerReportHandler (AbstractContainerReportHandler.java:updateContainerState(145)) - Container #1 is in OPEN state, but the datanode 8f4dcc74-0612-4035-9040-5f73cd792029{ip: 192.168.164.239, host: trunk-nightly-20191020-r5wzl-4145440258, networkLocation: /default-rack, certSerialId: null} reports an CLOSED replica.
2019-10-20 04:41:46,170 [EventQueue-ContainerReportForContainerReportHandler] WARN  container.ContainerReportHandler (AbstractContainerReportHandler.java:updateContainerState(145)) - Container #1 is in OPEN state, but the datanode 57114e09-3b7f-4b4a-a342-090fe34f336a{ip: 192.168.164.239, host: trunk-nightly-20191020-r5wzl-4145440258, networkLocation: /default-rack, certSerialId: null} reports an CLOSED replica.
2019-10-20 04:41:46,431 [EventQueue-ContainerReportForContainerReportHandler] WARN  container.ContainerReportHandler (AbstractContainerReportHandler.java:updateContainerState(145)) - Container #1 is in OPEN state, but the datanode 8f4dcc74-0612-4035-9040-5f73cd792029{ip: 192.168.164.239, host: trunk-nightly-20191020-r5wzl-4145440258, networkLocation: /default-rack, certSerialId: null} reports an CLOSED replica.
2019-10-20 04:41:46,472 [EventQueue-ContainerReportForContainerReportHandler] WARN  container.ContainerReportHandler (AbstractContainerReportHandler.java:updateContainerState(145)) - Container #1 is in OPEN state, but the datanode 57114e09-3b7f-4b4a-a342-090fe34f336a{ip: 192.168.164.239, host: trunk-nightly-20191020-r5wzl-4145440258, networkLocation: /default-rack, certSerialId: null} reports an CLOSED replica.
2019-10-20 04:41:46,667 [java.util.concurrent.ThreadPoolExecutor$Worker@77e4dadc[State = -1, empty queue]] WARN  server.GrpcLogAppender (GrpcLogAppender.java:timeoutAppendRequest(209)) - 8f4dcc74-0612-4035-9040-5f73cd792029@group-045AAD0D4D73->e3be97a9-3d3a-4f1a-9aac-bb0a1b054e74-GrpcLogAppender: appendEntries Timeout, request=8f4dcc74-0612-4035-9040-5f73cd792029->e3be97a9-3d3a-4f1a-9aac-bb0a1b054e74#28-t3, previous=(t:3, i:10), leaderCommit=10, initializing? false, entries: <empty>
2019-10-20 04:41:46,730 [EventQueue-ContainerReportForContainerReportHandler] WARN  container.ContainerReportHandler (AbstractContainerReportHandler.java:updateContainerState(145)) - Container #1 is in OPEN state, but the datanode 8f4dcc74-0612-4035-9040-5f73cd792029{ip: 192.168.164.239, host: trunk-nightly-20191020-r5wzl-4145440258, networkLocation: /default-rack, certSerialId: null} reports an CLOSED replica.
2019-10-20 04:41:46,873 [EventQueue-ContainerReportForContainerReportHandler] WARN  container.ContainerReportHandler (AbstractContainerReportHandler.java:updateContainerState(145)) - Container #1 is in OPEN state, but the datanode 57114e09-3b7f-4b4a-a342-090fe34f336a{ip: 192.168.164.239, host: trunk-nightly-20191020-r5wzl-4145440258, networkLocation: /default-rack, certSerialId: null} reports an CLOSED replica.
2019-10-20 04:41:47,031 [EventQueue-ContainerReportForContainerReportHandler] WARN  container.ContainerReportHandler (AbstractContainerReportHandler.java:updateContainerState(145)) - Container #1 is in OPEN state, but the datanode 8f4dcc74-0612-4035-9040-5f73cd792029{ip: 192.168.164.239, host: trunk-nightly-20191020-r5wzl-4145440258, networkLocation: /default-rack, certSerialId: null} reports an CLOSED replica.
2019-10-20 04:41:47,073 [EventQueue-ContainerReportForContainerReportHandler] WARN  container.ContainerReportHandler (AbstractContainerReportHandler.java:updateContainerState(145)) - Container #1 is in OPEN state, but the datanode 57114e09-3b7f-4b4a-a342-090fe34f336a{ip: 192.168.164.239, host: trunk-nightly-20191020-r5wzl-4145440258, networkLocation: /default-rack, certSerialId: null} reports an CLOSED replica.
2019-10-20 04:41:47,128 [BlockDeletingService#2] WARN  background.BlockDeletingService (BlockDeletingService.java:isDeletionAllowed(187)) - Close Container log Index 6 is not replicated across allthe servers in the pipeline 34dfe2c8-23b7-47ff-8954-045aad0d4d73 as the min replicated index is 4. Deletion is not allowed in this container yet.
2019-10-20 04:41:47,128 [BlockDeletingService#2] WARN  background.BlockDeletingService (BlockDeletingService.java:isDeletionAllowed(187)) - Close Container log Index 6 is not replicated across allthe servers in the pipeline 34dfe2c8-23b7-47ff-8954-045aad0d4d73 as the min replicated index is 4. Deletion is not allowed in this container yet.
2019-10-20 04:41:47,232 [EventQueue-ContainerReportForContainerReportHandler] WARN  container.ContainerReportHandler (AbstractContainerReportHandler.java:updateContainerState(145)) - Container #1 is in OPEN state, but the datanode 8f4dcc74-0612-4035-9040-5f73cd792029{ip: 192.168.164.239, host: trunk-nightly-20191020-r5wzl-4145440258, networkLocation: /default-rack, certSerialId: null} reports an CLOSED replica.
2019-10-20 04:41:47,274 [EventQueue-ContainerReportForContainerReportHandler] WARN  container.ContainerReportHandler (AbstractContainerReportHandler.java:updateContainerState(145)) - Container #1 is in OPEN state, but the datanode 57114e09-3b7f-4b4a-a342-090fe34f336a{ip: 192.168.164.239, host: trunk-nightly-20191020-r5wzl-4145440258, networkLocation: /default-rack, certSerialId: null} reports an CLOSED replica.
2019-10-20 04:41:47,531 [EventQueue-ContainerReportForContainerReportHandler] WARN  container.ContainerReportHandler (AbstractContainerReportHandler.java:updateContainerState(145)) - Container #1 is in OPEN state, but the datanode 8f4dcc74-0612-4035-9040-5f73cd792029{ip: 192.168.164.239, host: trunk-nightly-20191020-r5wzl-4145440258, networkLocation: /default-rack, certSerialId: null} reports an CLOSED replica.
2019-10-20 04:41:47,575 [EventQueue-ContainerReportForContainerReportHandler] WARN  container.ContainerReportHandler (AbstractContainerReportHandler.java:updateContainerState(145)) - Container #1 is in OPEN state, but the datanode 57114e09-3b7f-4b4a-a342-090fe34f336a{ip: 192.168.164.239, host: trunk-nightly-20191020-r5wzl-4145440258, networkLocation: /default-rack, certSerialId: null} reports an CLOSED replica.
2019-10-20 04:41:47,875 [EventQueue-ContainerReportForContainerReportHandler] WARN  container.ContainerReportHandler (AbstractContainerReportHandler.java:updateContainerState(145)) - Container #1 is in OPEN state, but the datanode 57114e09-3b7f-4b4a-a342-090fe34f336a{ip: 192.168.164.239, host: trunk-nightly-20191020-r5wzl-4145440258, networkLocation: /default-rack, certSerialId: null} reports an CLOSED replica.
2019-10-20 04:41:47,932 [EventQueue-ContainerReportForContainerReportHandler] WARN  container.ContainerReportHandler (AbstractContainerReportHandler.java:updateContainerState(145)) - Container #1 is in OPEN state, but the datanode 8f4dcc74-0612-4035-9040-5f73cd792029{ip: 192.168.164.239, host: trunk-nightly-20191020-r5wzl-4145440258, networkLocation: /default-rack, certSerialId: null} reports an CLOSED replica.
2019-10-20 04:41:48,075 [EventQueue-ContainerReportForContainerReportHandler] WARN  container.ContainerReportHandler (AbstractContainerReportHandler.java:updateContainerState(145)) - Container #1 is in OPEN state, but the datanode 57114e09-3b7f-4b4a-a342-090fe34f336a{ip: 192.168.164.239, host: trunk-nightly-20191020-r5wzl-4145440258, networkLocation: /default-rack, certSerialId: null} reports an CLOSED replica.
2019-10-20 04:41:48,131 [BlockDeletingService#2] WARN  background.BlockDeletingService (BlockDeletingService.java:isDeletionAllowed(187)) - Close Container log Index 6 is not replicated across allthe servers in the pipeline 34dfe2c8-23b7-47ff-8954-045aad0d4d73 as the min replicated index is 4. Deletion is not allowed in this container yet.
2019-10-20 04:41:48,131 [BlockDeletingService#2] WARN  background.BlockDeletingService (BlockDeletingService.java:isDeletionAllowed(187)) - Close Container log Index 6 is not replicated across allthe servers in the pipeline 34dfe2c8-23b7-47ff-8954-045aad0d4d73 as the min replicated index is 4. Deletion is not allowed in this container yet.
2019-10-20 04:41:48,232 [EventQueue-ContainerReportForContainerReportHandler] WARN  container.ContainerReportHandler (AbstractContainerReportHandler.java:updateContainerState(145)) - Container #1 is in OPEN state, but the datanode 8f4dcc74-0612-4035-9040-5f73cd792029{ip: 192.168.164.239, host: trunk-nightly-20191020-r5wzl-4145440258, networkLocation: /default-rack, certSerialId: null} reports an CLOSED replica.
2019-10-20 04:41:48,475 [EventQueue-ContainerReportForContainerReportHandler] WARN  container.ContainerReportHandler (AbstractContainerReportHandler.java:updateContainerState(145)) - Container #1 is in OPEN state, but the datanode 57114e09-3b7f-4b4a-a342-090fe34f336a{ip: 192.168.164.239, host: trunk-nightly-20191020-r5wzl-4145440258, networkLocation: /default-rack, certSerialId: null} reports an CLOSED replica.
2019-10-20 04:41:48,532 [EventQueue-ContainerReportForContainerReportHandler] WARN  container.ContainerReportHandler (AbstractContainerReportHandler.java:updateContainerState(145)) - Container #1 is in OPEN state, but the datanode 8f4dcc74-0612-4035-9040-5f73cd792029{ip: 192.168.164.239, host: trunk-nightly-20191020-r5wzl-4145440258, networkLocation: /default-rack, certSerialId: null} reports an CLOSED replica.
2019-10-20 04:41:48,775 [EventQueue-ContainerReportForContainerReportHandler] WARN  container.ContainerReportHandler (AbstractContainerReportHandler.java:updateContainerState(145)) - Container #1 is in OPEN state, but the datanode 57114e09-3b7f-4b4a-a342-090fe34f336a{ip: 192.168.164.239, host: trunk-nightly-20191020-r5wzl-4145440258, networkLocation: /default-rack, certSerialId: null} reports an CLOSED replica.
2019-10-20 04:41:48,832 [EventQueue-ContainerReportForContainerReportHandler] WARN  container.ContainerReportHandler (AbstractContainerReportHandler.java:updateContainerState(145)) - Container #1 is in OPEN state, but the datanode 8f4dcc74-0612-4035-9040-5f73cd792029{ip: 192.168.164.239, host: trunk-nightly-20191020-r5wzl-4145440258, networkLocation: /default-rack, certSerialId: null} reports an CLOSED replica.
2019-10-20 04:41:48,976 [EventQueue-ContainerReportForContainerReportHandler] WARN  container.ContainerReportHandler (AbstractContainerReportHandler.java:updateContainerState(145)) - Container #1 is in OPEN state, but the datanode 57114e09-3b7f-4b4a-a342-090fe34f336a{ip: 192.168.164.239, host: trunk-nightly-20191020-r5wzl-4145440258, networkLocation: /default-rack, certSerialId: null} reports an CLOSED replica.
2019-10-20 04:41:49,033 [EventQueue-ContainerReportForContainerReportHandler] WARN  container.ContainerReportHandler (AbstractContainerReportHandler.java:updateContainerState(145)) - Container #1 is in OPEN state, but the datanode 8f4dcc74-0612-4035-9040-5f73cd792029{ip: 192.168.164.239, host: trunk-nightly-20191020-r5wzl-4145440258, networkLocation: /default-rack, certSerialId: null} reports an CLOSED replica.
2019-10-20 04:41:49,134 [BlockDeletingService#2] WARN  background.BlockDeletingService (BlockDeletingService.java:isDeletionAllowed(187)) - Close Container log Index 6 is not replicated across allthe servers in the pipeline 34dfe2c8-23b7-47ff-8954-045aad0d4d73 as the min replicated index is 4. Deletion is not allowed in this container yet.
2019-10-20 04:41:49,134 [BlockDeletingService#2] WARN  background.BlockDeletingService (BlockDeletingService.java:isDeletionAllowed(187)) - Close Container log Index 6 is not replicated across allthe servers in the pipeline 34dfe2c8-23b7-47ff-8954-045aad0d4d73 as the min replicated index is 4. Deletion is not allowed in this container yet.
2019-10-20 04:41:49,169 [java.util.concurrent.ThreadPoolExecutor$Worker@77e4dadc[State = -1, empty queue]] WARN  server.GrpcLogAppender (GrpcLogAppender.java:timeoutAppendRequest(209)) - 8f4dcc74-0612-4035-9040-5f73cd792029@group-045AAD0D4D73->e3be97a9-3d3a-4f1a-9aac-bb0a1b054e74-GrpcLogAppender: appendEntries Timeout, request=8f4dcc74-0612-4035-9040-5f73cd792029->e3be97a9-3d3a-4f1a-9aac-bb0a1b054e74#29-t3, previous=(t:3, i:10), leaderCommit=10, initializing? false, entries: <empty>
2019-10-20 04:41:49,275 [EventQueue-ContainerReportForContainerReportHandler] WARN  container.ContainerReportHandler (AbstractContainerReportHandler.java:updateContainerState(145)) - Container #1 is in OPEN state, but the datanode 57114e09-3b7f-4b4a-a342-090fe34f336a{ip: 192.168.164.239, host: trunk-nightly-20191020-r5wzl-4145440258, networkLocation: /default-rack, certSerialId: null} reports an CLOSED replica.
2019-10-20 04:41:49,433 [EventQueue-ContainerReportForContainerReportHandler] WARN  container.ContainerReportHandler (AbstractContainerReportHandler.java:updateContainerState(145)) - Container #1 is in OPEN state, but the datanode 8f4dcc74-0612-4035-9040-5f73cd792029{ip: 192.168.164.239, host: trunk-nightly-20191020-r5wzl-4145440258, networkLocation: /default-rack, certSerialId: null} reports an CLOSED replica.
2019-10-20 04:41:49,576 [EventQueue-ContainerReportForContainerReportHandler] WARN  container.ContainerReportHandler (AbstractContainerReportHandler.java:updateContainerState(145)) - Container #1 is in OPEN state, but the datanode 57114e09-3b7f-4b4a-a342-090fe34f336a{ip: 192.168.164.239, host: trunk-nightly-20191020-r5wzl-4145440258, networkLocation: /default-rack, certSerialId: null} reports an CLOSED replica.
2019-10-20 04:41:49,634 [EventQueue-ContainerReportForContainerReportHandler] WARN  container.ContainerReportHandler (AbstractContainerReportHandler.java:updateContainerState(145)) - Container #1 is in OPEN state, but the datanode 8f4dcc74-0612-4035-9040-5f73cd792029{ip: 192.168.164.239, host: trunk-nightly-20191020-r5wzl-4145440258, networkLocation: /default-rack, certSerialId: null} reports an CLOSED replica.
2019-10-20 04:41:49,876 [EventQueue-ContainerReportForContainerReportHandler] WARN  container.ContainerReportHandler (AbstractContainerReportHandler.java:updateContainerState(145)) - Container #1 is in OPEN state, but the datanode 57114e09-3b7f-4b4a-a342-090fe34f336a{ip: 192.168.164.239, host: trunk-nightly-20191020-r5wzl-4145440258, networkLocation: /default-rack, certSerialId: null} reports an CLOSED replica.
2019-10-20 04:41:49,934 [EventQueue-ContainerReportForContainerReportHandler] WARN  container.ContainerReportHandler (AbstractContainerReportHandler.java:updateContainerState(145)) - Container #1 is in OPEN state, but the datanode 8f4dcc74-0612-4035-9040-5f73cd792029{ip: 192.168.164.239, host: trunk-nightly-20191020-r5wzl-4145440258, networkLocation: /default-rack, certSerialId: null} reports an CLOSED replica.
2019-10-20 04:41:50,136 [BlockDeletingService#2] WARN  background.BlockDeletingService (BlockDeletingService.java:isDeletionAllowed(187)) - Close Container log Index 6 is not replicated across allthe servers in the pipeline 34dfe2c8-23b7-47ff-8954-045aad0d4d73 as the min replicated index is 4. Deletion is not allowed in this container yet.
2019-10-20 04:41:50,136 [BlockDeletingService#2] WARN  background.BlockDeletingService (BlockDeletingService.java:isDeletionAllowed(187)) - Close Container log Index 6 is not replicated across allthe servers in the pipeline 34dfe2c8-23b7-47ff-8954-045aad0d4d73 as the min replicated index is 4. Deletion is not allowed in this container yet.
2019-10-20 04:41:50,235 [EventQueue-ContainerReportForContainerReportHandler] WARN  container.ContainerReportHandler (AbstractContainerReportHandler.java:updateContainerState(145)) - Container #1 is in OPEN state, but the datanode 8f4dcc74-0612-4035-9040-5f73cd792029{ip: 192.168.164.239, host: trunk-nightly-20191020-r5wzl-4145440258, networkLocation: /default-rack, certSerialId: null} reports an CLOSED replica.
2019-10-20 04:41:50,277 [EventQueue-ContainerReportForContainerReportHandler] WARN  container.ContainerReportHandler (AbstractContainerReportHandler.java:updateContainerState(145)) - Container #1 is in OPEN state, but the datanode 57114e09-3b7f-4b4a-a342-090fe34f336a{ip: 192.168.164.239, host: trunk-nightly-20191020-r5wzl-4145440258, networkLocation: /default-rack, certSerialId: null} reports an CLOSED replica.
2019-10-20 04:41:50,435 [EventQueue-ContainerReportForContainerReportHandler] WARN  container.ContainerReportHandler (AbstractContainerReportHandler.java:updateContainerState(145)) - Container #1 is in OPEN state, but the datanode 8f4dcc74-0612-4035-9040-5f73cd792029{ip: 192.168.164.239, host: trunk-nightly-20191020-r5wzl-4145440258, networkLocation: /default-rack, certSerialId: null} reports an CLOSED replica.
2019-10-20 04:41:50,576 [EventQueue-ContainerReportForContainerReportHandler] WARN  container.ContainerReportHandler (AbstractContainerReportHandler.java:updateContainerState(145)) - Container #1 is in OPEN state, but the datanode 57114e09-3b7f-4b4a-a342-090fe34f336a{ip: 192.168.164.239, host: trunk-nightly-20191020-r5wzl-4145440258, networkLocation: /default-rack, certSerialId: null} reports an CLOSED replica.
2019-10-20 04:41:50,834 [EventQueue-ContainerReportForContainerReportHandler] WARN  container.ContainerReportHandler (AbstractContainerReportHandler.java:updateContainerState(145)) - Container #1 is in OPEN state, but the datanode 8f4dcc74-0612-4035-9040-5f73cd792029{ip: 192.168.164.239, host: trunk-nightly-20191020-r5wzl-4145440258, networkLocation: /default-rack, certSerialId: null} reports an CLOSED replica.
2019-10-20 04:41:50,877 [EventQueue-ContainerReportForContainerReportHandler] WARN  container.ContainerReportHandler (AbstractContainerReportHandler.java:updateContainerState(145)) - Container #1 is in OPEN state, but the datanode 57114e09-3b7f-4b4a-a342-090fe34f336a{ip: 192.168.164.239, host: trunk-nightly-20191020-r5wzl-4145440258, networkLocation: /default-rack, certSerialId: null} reports an CLOSED replica.
2019-10-20 04:41:51,138 [BlockDeletingService#2] WARN  background.BlockDeletingService (BlockDeletingService.java:isDeletionAllowed(187)) - Close Container log Index 6 is not replicated across allthe servers in the pipeline 34dfe2c8-23b7-47ff-8954-045aad0d4d73 as the min replicated index is 4. Deletion is not allowed in this container yet.
2019-10-20 04:41:51,138 [BlockDeletingService#2] WARN  background.BlockDeletingService (BlockDeletingService.java:isDeletionAllowed(187)) - Close Container log Index 6 is not replicated across allthe servers in the pipeline 34dfe2c8-23b7-47ff-8954-045aad0d4d73 as the min replicated index is 4. Deletion is not allowed in this container yet.
2019-10-20 04:41:51,234 [EventQueue-ContainerReportForContainerReportHandler] WARN  container.ContainerReportHandler (AbstractContainerReportHandler.java:updateContainerState(145)) - Container #1 is in OPEN state, but the datanode 8f4dcc74-0612-4035-9040-5f73cd792029{ip: 192.168.164.239, host: trunk-nightly-20191020-r5wzl-4145440258, networkLocation: /default-rack, certSerialId: null} reports an CLOSED replica.
2019-10-20 04:41:51,277 [EventQueue-ContainerReportForContainerReportHandler] WARN  container.ContainerReportHandler (AbstractContainerReportHandler.java:updateContainerState(145)) - Container #1 is in OPEN state, but the datanode 57114e09-3b7f-4b4a-a342-090fe34f336a{ip: 192.168.164.239, host: trunk-nightly-20191020-r5wzl-4145440258, networkLocation: /default-rack, certSerialId: null} reports an CLOSED replica.
2019-10-20 04:41:51,435 [EventQueue-ContainerReportForContainerReportHandler] WARN  container.ContainerReportHandler (AbstractContainerReportHandler.java:updateContainerState(145)) - Container #1 is in OPEN state, but the datanode 8f4dcc74-0612-4035-9040-5f73cd792029{ip: 192.168.164.239, host: trunk-nightly-20191020-r5wzl-4145440258, networkLocation: /default-rack, certSerialId: null} reports an CLOSED replica.
2019-10-20 04:41:51,635 [EventQueue-ContainerReportForContainerReportHandler] WARN  container.ContainerReportHandler (AbstractContainerReportHandler.java:updateContainerState(145)) - Container #1 is in OPEN state, but the datanode 8f4dcc74-0612-4035-9040-5f73cd792029{ip: 192.168.164.239, host: trunk-nightly-20191020-r5wzl-4145440258, networkLocation: /default-rack, certSerialId: null} reports an CLOSED replica.
2019-10-20 04:41:51,671 [java.util.concurrent.ThreadPoolExecutor$Worker@77e4dadc[State = -1, empty queue]] WARN  server.GrpcLogAppender (GrpcLogAppender.java:timeoutAppendRequest(209)) - 8f4dcc74-0612-4035-9040-5f73cd792029@group-045AAD0D4D73->e3be97a9-3d3a-4f1a-9aac-bb0a1b054e74-GrpcLogAppender: appendEntries Timeout, request=8f4dcc74-0612-4035-9040-5f73cd792029->e3be97a9-3d3a-4f1a-9aac-bb0a1b054e74#30-t3, previous=(t:3, i:10), leaderCommit=10, initializing? false, entries: <empty>
2019-10-20 04:41:51,677 [EventQueue-ContainerReportForContainerReportHandler] WARN  container.ContainerReportHandler (AbstractContainerReportHandler.java:updateContainerState(145)) - Container #1 is in OPEN state, but the datanode 57114e09-3b7f-4b4a-a342-090fe34f336a{ip: 192.168.164.239, host: trunk-nightly-20191020-r5wzl-4145440258, networkLocation: /default-rack, certSerialId: null} reports an CLOSED replica.
2019-10-20 04:41:51,976 [EventQueue-ContainerReportForContainerReportHandler] WARN  container.ContainerReportHandler (AbstractContainerReportHandler.java:updateContainerState(145)) - Container #1 is in OPEN state, but the datanode 57114e09-3b7f-4b4a-a342-090fe34f336a{ip: 192.168.164.239, host: trunk-nightly-20191020-r5wzl-4145440258, networkLocation: /default-rack, certSerialId: null} reports an CLOSED replica.
2019-10-20 04:41:52,036 [EventQueue-ContainerReportForContainerReportHandler] WARN  container.ContainerReportHandler (AbstractContainerReportHandler.java:updateContainerState(145)) - Container #1 is in OPEN state, but the datanode 8f4dcc74-0612-4035-9040-5f73cd792029{ip: 192.168.164.239, host: trunk-nightly-20191020-r5wzl-4145440258, networkLocation: /default-rack, certSerialId: null} reports an CLOSED replica.
2019-10-20 04:41:52,140 [BlockDeletingService#2] WARN  background.BlockDeletingService (BlockDeletingService.java:isDeletionAllowed(187)) - Close Container log Index 6 is not replicated across allthe servers in the pipeline 34dfe2c8-23b7-47ff-8954-045aad0d4d73 as the min replicated index is 4. Deletion is not allowed in this container yet.
2019-10-20 04:41:52,140 [BlockDeletingService#2] WARN  background.BlockDeletingService (BlockDeletingService.java:isDeletionAllowed(187)) - Close Container log Index 6 is not replicated across allthe servers in the pipeline 34dfe2c8-23b7-47ff-8954-045aad0d4d73 as the min replicated index is 4. Deletion is not allowed in this container yet.
2019-10-20 04:41:52,236 [EventQueue-ContainerReportForContainerReportHandler] WARN  container.ContainerReportHandler (AbstractContainerReportHandler.java:updateContainerState(145)) - Container #1 is in OPEN state, but the datanode 8f4dcc74-0612-4035-9040-5f73cd792029{ip: 192.168.164.239, host: trunk-nightly-20191020-r5wzl-4145440258, networkLocation: /default-rack, certSerialId: null} reports an CLOSED replica.
2019-10-20 04:41:52,277 [EventQueue-ContainerReportForContainerReportHandler] WARN  container.ContainerReportHandler (AbstractContainerReportHandler.java:updateContainerState(145)) - Container #1 is in OPEN state, but the datanode 57114e09-3b7f-4b4a-a342-090fe34f336a{ip: 192.168.164.239, host: trunk-nightly-20191020-r5wzl-4145440258, networkLocation: /default-rack, certSerialId: null} reports an CLOSED replica.
2019-10-20 04:41:52,577 [EventQueue-ContainerReportForContainerReportHandler] WARN  container.ContainerReportHandler (AbstractContainerReportHandler.java:updateContainerState(145)) - Container #1 is in OPEN state, but the datanode 57114e09-3b7f-4b4a-a342-090fe34f336a{ip: 192.168.164.239, host: trunk-nightly-20191020-r5wzl-4145440258, networkLocation: /default-rack, certSerialId: null} reports an CLOSED replica.
2019-10-20 04:41:52,636 [EventQueue-ContainerReportForContainerReportHandler] WARN  container.ContainerReportHandler (AbstractContainerReportHandler.java:updateContainerState(145)) - Container #1 is in OPEN state, but the datanode 8f4dcc74-0612-4035-9040-5f73cd792029{ip: 192.168.164.239, host: trunk-nightly-20191020-r5wzl-4145440258, networkLocation: /default-rack, certSerialId: null} reports an CLOSED replica.
2019-10-20 04:41:52,780 [EventQueue-ContainerReportForContainerReportHandler] WARN  container.ContainerReportHandler (AbstractContainerReportHandler.java:updateContainerState(145)) - Container #1 is in OPEN state, but the datanode 57114e09-3b7f-4b4a-a342-090fe34f336a{ip: 192.168.164.239, host: trunk-nightly-20191020-r5wzl-4145440258, networkLocation: /default-rack, certSerialId: null} reports an CLOSED replica.
2019-10-20 04:41:52,837 [EventQueue-ContainerReportForContainerReportHandler] WARN  container.ContainerReportHandler (AbstractContainerReportHandler.java:updateContainerState(145)) - Container #1 is in OPEN state, but the datanode 8f4dcc74-0612-4035-9040-5f73cd792029{ip: 192.168.164.239, host: trunk-nightly-20191020-r5wzl-4145440258, networkLocation: /default-rack, certSerialId: null} reports an CLOSED replica.
2019-10-20 04:41:53,037 [EventQueue-ContainerReportForContainerReportHandler] WARN  container.ContainerReportHandler (AbstractContainerReportHandler.java:updateContainerState(145)) - Container #1 is in OPEN state, but the datanode 8f4dcc74-0612-4035-9040-5f73cd792029{ip: 192.168.164.239, host: trunk-nightly-20191020-r5wzl-4145440258, networkLocation: /default-rack, certSerialId: null} reports an CLOSED replica.
2019-10-20 04:41:53,142 [BlockDeletingService#2] WARN  background.BlockDeletingService (BlockDeletingService.java:isDeletionAllowed(187)) - Close Container log Index 6 is not replicated across allthe servers in the pipeline 34dfe2c8-23b7-47ff-8954-045aad0d4d73 as the min replicated index is 4. Deletion is not allowed in this container yet.
2019-10-20 04:41:53,142 [BlockDeletingService#2] WARN  background.BlockDeletingService (BlockDeletingService.java:isDeletionAllowed(187)) - Close Container log Index 6 is not replicated across allthe servers in the pipeline 34dfe2c8-23b7-47ff-8954-045aad0d4d73 as the min replicated index is 4. Deletion is not allowed in this container yet.
2019-10-20 04:41:53,178 [EventQueue-ContainerReportForContainerReportHandler] WARN  container.ContainerReportHandler (AbstractContainerReportHandler.java:updateContainerState(145)) - Container #1 is in OPEN state, but the datanode 57114e09-3b7f-4b4a-a342-090fe34f336a{ip: 192.168.164.239, host: trunk-nightly-20191020-r5wzl-4145440258, networkLocation: /default-rack, certSerialId: null} reports an CLOSED replica.
2019-10-20 04:41:53,249 [Thread-385] INFO  client.GrpcClientProtocolService (GrpcClientProtocolService.java:lambda$processClientRequest$0(278)) - Failed RaftClientRequest:client-A2F9089F7F1F->57114e09-3b7f-4b4a-a342-090fe34f336a@group-045AAD0D4D73, cid=10, seq=0, Watch-ALL_COMMITTED(6), Message:<EMPTY>, reply=RaftClientReply:client-A2F9089F7F1F->57114e09-3b7f-4b4a-a342-090fe34f336a@group-045AAD0D4D73, cid=10, FAILED org.apache.ratis.protocol.NotLeaderException: Server 57114e09-3b7f-4b4a-a342-090fe34f336a@group-045AAD0D4D73 is not the leader 8f4dcc74-0612-4035-9040-5f73cd792029:192.168.164.239:37614, logIndex=0, commits[57114e09-3b7f-4b4a-a342-090fe34f336a:c10, e3be97a9-3d3a-4f1a-9aac-bb0a1b054e74:c4, 8f4dcc74-0612-4035-9040-5f73cd792029:c10]
2019-10-20 04:41:53,337 [EventQueue-ContainerReportForContainerReportHandler] WARN  container.ContainerReportHandler (AbstractContainerReportHandler.java:updateContainerState(145)) - Container #1 is in OPEN state, but the datanode 8f4dcc74-0612-4035-9040-5f73cd792029{ip: 192.168.164.239, host: trunk-nightly-20191020-r5wzl-4145440258, networkLocation: /default-rack, certSerialId: null} reports an CLOSED replica.
2019-10-20 04:41:53,577 [EventQueue-ContainerReportForContainerReportHandler] WARN  container.ContainerReportHandler (AbstractContainerReportHandler.java:updateContainerState(145)) - Container #1 is in OPEN state, but the datanode 57114e09-3b7f-4b4a-a342-090fe34f336a{ip: 192.168.164.239, host: trunk-nightly-20191020-r5wzl-4145440258, networkLocation: /default-rack, certSerialId: null} reports an CLOSED replica.
2019-10-20 04:41:53,638 [EventQueue-ContainerReportForContainerReportHandler] WARN  container.ContainerReportHandler (AbstractContainerReportHandler.java:updateContainerState(145)) - Container #1 is in OPEN state, but the datanode 8f4dcc74-0612-4035-9040-5f73cd792029{ip: 192.168.164.239, host: trunk-nightly-20191020-r5wzl-4145440258, networkLocation: /default-rack, certSerialId: null} reports an CLOSED replica.
2019-10-20 04:41:53,877 [EventQueue-ContainerReportForContainerReportHandler] WARN  container.ContainerReportHandler (AbstractContainerReportHandler.java:updateContainerState(145)) - Container #1 is in OPEN state, but the datanode 57114e09-3b7f-4b4a-a342-090fe34f336a{ip: 192.168.164.239, host: trunk-nightly-20191020-r5wzl-4145440258, networkLocation: /default-rack, certSerialId: null} reports an CLOSED replica.
2019-10-20 04:41:54,040 [EventQueue-ContainerReportForContainerReportHandler] WARN  container.ContainerReportHandler (AbstractContainerReportHandler.java:updateContainerState(145)) - Container #1 is in OPEN state, but the datanode 8f4dcc74-0612-4035-9040-5f73cd792029{ip: 192.168.164.239, host: trunk-nightly-20191020-r5wzl-4145440258, networkLocation: /default-rack, certSerialId: null} reports an CLOSED replica.
2019-10-20 04:41:54,077 [EventQueue-ContainerReportForContainerReportHandler] WARN  container.ContainerReportHandler (AbstractContainerReportHandler.java:updateContainerState(145)) - Container #1 is in OPEN state, but the datanode 57114e09-3b7f-4b4a-a342-090fe34f336a{ip: 192.168.164.239, host: trunk-nightly-20191020-r5wzl-4145440258, networkLocation: /default-rack, certSerialId: null} reports an CLOSED replica.
2019-10-20 04:41:54,143 [BlockDeletingService#2] WARN  background.BlockDeletingService (BlockDeletingService.java:isDeletionAllowed(187)) - Close Container log Index 6 is not replicated across allthe servers in the pipeline 34dfe2c8-23b7-47ff-8954-045aad0d4d73 as the min replicated index is 4. Deletion is not allowed in this container yet.
2019-10-20 04:41:54,143 [BlockDeletingService#2] WARN  background.BlockDeletingService (BlockDeletingService.java:isDeletionAllowed(187)) - Close Container log Index 6 is not replicated across allthe servers in the pipeline 34dfe2c8-23b7-47ff-8954-045aad0d4d73 as the min replicated index is 4. Deletion is not allowed in this container yet.
2019-10-20 04:41:54,173 [java.util.concurrent.ThreadPoolExecutor$Worker@77e4dadc[State = -1, empty queue]] WARN  server.GrpcLogAppender (GrpcLogAppender.java:timeoutAppendRequest(209)) - 8f4dcc74-0612-4035-9040-5f73cd792029@group-045AAD0D4D73->e3be97a9-3d3a-4f1a-9aac-bb0a1b054e74-GrpcLogAppender: appendEntries Timeout, request=8f4dcc74-0612-4035-9040-5f73cd792029->e3be97a9-3d3a-4f1a-9aac-bb0a1b054e74#31-t3, previous=(t:3, i:10), leaderCommit=10, initializing? false, entries: <empty>
2019-10-20 04:41:54,239 [EventQueue-ContainerReportForContainerReportHandler] WARN  container.ContainerReportHandler (AbstractContainerReportHandler.java:updateContainerState(145)) - Container #1 is in OPEN state, but the datanode 8f4dcc74-0612-4035-9040-5f73cd792029{ip: 192.168.164.239, host: trunk-nightly-20191020-r5wzl-4145440258, networkLocation: /default-rack, certSerialId: null} reports an CLOSED replica.
2019-10-20 04:41:54,377 [EventQueue-ContainerReportForContainerReportHandler] WARN  container.ContainerReportHandler (AbstractContainerReportHandler.java:updateContainerState(145)) - Container #1 is in OPEN state, but the datanode 57114e09-3b7f-4b4a-a342-090fe34f336a{ip: 192.168.164.239, host: trunk-nightly-20191020-r5wzl-4145440258, networkLocation: /default-rack, certSerialId: null} reports an CLOSED replica.
2019-10-20 04:41:54,439 [EventQueue-ContainerReportForContainerReportHandler] WARN  container.ContainerReportHandler (AbstractContainerReportHandler.java:updateContainerState(145)) - Container #1 is in OPEN state, but the datanode 8f4dcc74-0612-4035-9040-5f73cd792029{ip: 192.168.164.239, host: trunk-nightly-20191020-r5wzl-4145440258, networkLocation: /default-rack, certSerialId: null} reports an CLOSED replica.
2019-10-20 04:41:54,682 [Thread-391] INFO  client.GrpcClientProtocolService (GrpcClientProtocolService.java:lambda$processClientRequest$0(278)) - Failed RaftClientRequest:client-A2F9089F7F1F->8f4dcc74-0612-4035-9040-5f73cd792029@group-045AAD0D4D73, cid=10, seq=0, Watch-ALL_COMMITTED(6), Message:<EMPTY>, reply=RaftClientReply:client-A2F9089F7F1F->8f4dcc74-0612-4035-9040-5f73cd792029@group-045AAD0D4D73, cid=10, FAILED org.apache.ratis.protocol.NotReplicatedException: Request with call Id 10 and log index 6 is not yet replicated to ALL_COMMITTED, logIndex=6, commits[8f4dcc74-0612-4035-9040-5f73cd792029:c10, 57114e09-3b7f-4b4a-a342-090fe34f336a:c10, e3be97a9-3d3a-4f1a-9aac-bb0a1b054e74:c4]
2019-10-20 04:41:54,778 [EventQueue-ContainerReportForContainerReportHandler] WARN  container.ContainerReportHandler (AbstractContainerReportHandler.java:updateContainerState(145)) - Container #1 is in OPEN state, but the datanode 57114e09-3b7f-4b4a-a342-090fe34f336a{ip: 192.168.164.239, host: trunk-nightly-20191020-r5wzl-4145440258, networkLocation: /default-rack, certSerialId: null} reports an CLOSED replica.
2019-10-20 04:41:54,840 [EventQueue-ContainerReportForContainerReportHandler] WARN  container.ContainerReportHandler (AbstractContainerReportHandler.java:updateContainerState(145)) - Container #1 is in OPEN state, but the datanode 8f4dcc74-0612-4035-9040-5f73cd792029{ip: 192.168.164.239, host: trunk-nightly-20191020-r5wzl-4145440258, networkLocation: /default-rack, certSerialId: null} reports an CLOSED replica.
2019-10-20 04:41:54,978 [EventQueue-ContainerReportForContainerReportHandler] WARN  container.ContainerReportHandler (AbstractContainerReportHandler.java:updateContainerState(145)) - Container #1 is in OPEN state, but the datanode 57114e09-3b7f-4b4a-a342-090fe34f336a{ip: 192.168.164.239, host: trunk-nightly-20191020-r5wzl-4145440258, networkLocation: /default-rack, certSerialId: null} reports an CLOSED replica.
2019-10-20 04:41:55,141 [EventQueue-ContainerReportForContainerReportHandler] WARN  container.ContainerReportHandler (AbstractContainerReportHandler.java:updateContainerState(145)) - Container #1 is in OPEN state, but the datanode 8f4dcc74-0612-4035-9040-5f73cd792029{ip: 192.168.164.239, host: trunk-nightly-20191020-r5wzl-4145440258, networkLocation: /default-rack, certSerialId: null} reports an CLOSED replica.
2019-10-20 04:41:55,147 [BlockDeletingService#2] WARN  background.BlockDeletingService (BlockDeletingService.java:isDeletionAllowed(187)) - Close Container log Index 6 is not replicated across allthe servers in the pipeline 34dfe2c8-23b7-47ff-8954-045aad0d4d73 as the min replicated index is 4. Deletion is not allowed in this container yet.
2019-10-20 04:41:55,147 [BlockDeletingService#2] WARN  background.BlockDeletingService (BlockDeletingService.java:isDeletionAllowed(187)) - Close Container log Index 6 is not replicated across allthe servers in the pipeline 34dfe2c8-23b7-47ff-8954-045aad0d4d73 as the min replicated index is 4. Deletion is not allowed in this container yet.
2019-10-20 04:41:55,178 [EventQueue-ContainerReportForContainerReportHandler] WARN  container.ContainerReportHandler (AbstractContainerReportHandler.java:updateContainerState(145)) - Container #1 is in OPEN state, but the datanode 57114e09-3b7f-4b4a-a342-090fe34f336a{ip: 192.168.164.239, host: trunk-nightly-20191020-r5wzl-4145440258, networkLocation: /default-rack, certSerialId: null} reports an CLOSED replica.
2019-10-20 04:41:55,441 [EventQueue-ContainerReportForContainerReportHandler] WARN  container.ContainerReportHandler (AbstractContainerReportHandler.java:updateContainerState(145)) - Container #1 is in OPEN state, but the datanode 8f4dcc74-0612-4035-9040-5f73cd792029{ip: 192.168.164.239, host: trunk-nightly-20191020-r5wzl-4145440258, networkLocation: /default-rack, certSerialId: null} reports an CLOSED replica.
2019-10-20 04:41:55,478 [EventQueue-ContainerReportForContainerReportHandler] WARN  container.ContainerReportHandler (AbstractContainerReportHandler.java:updateContainerState(145)) - Container #1 is in OPEN state, but the datanode 57114e09-3b7f-4b4a-a342-090fe34f336a{ip: 192.168.164.239, host: trunk-nightly-20191020-r5wzl-4145440258, networkLocation: /default-rack, certSerialId: null} reports an CLOSED replica.
2019-10-20 04:41:55,642 [EventQueue-ContainerReportForContainerReportHandler] WARN  container.ContainerReportHandler (AbstractContainerReportHandler.java:updateContainerState(145)) - Container #1 is in OPEN state, but the datanode 8f4dcc74-0612-4035-9040-5f73cd792029{ip: 192.168.164.239, host: trunk-nightly-20191020-r5wzl-4145440258, networkLocation: /default-rack, certSerialId: null} reports an CLOSED replica.
2019-10-20 04:41:55,778 [EventQueue-ContainerReportForContainerReportHandler] WARN  container.ContainerReportHandler (AbstractContainerReportHandler.java:updateContainerState(145)) - Container #1 is in OPEN state, but the datanode 57114e09-3b7f-4b4a-a342-090fe34f336a{ip: 192.168.164.239, host: trunk-nightly-20191020-r5wzl-4145440258, networkLocation: /default-rack, certSerialId: null} reports an CLOSED replica.
2019-10-20 04:41:55,943 [EventQueue-ContainerReportForContainerReportHandler] WARN  container.ContainerReportHandler (AbstractContainerReportHandler.java:updateContainerState(145)) - Container #1 is in OPEN state, but the datanode 8f4dcc74-0612-4035-9040-5f73cd792029{ip: 192.168.164.239, host: trunk-nightly-20191020-r5wzl-4145440258, networkLocation: /default-rack, certSerialId: null} reports an CLOSED replica.
2019-10-20 04:41:55,978 [EventQueue-ContainerReportForContainerReportHandler] WARN  container.ContainerReportHandler (AbstractContainerReportHandler.java:updateContainerState(145)) - Container #1 is in OPEN state, but the datanode 57114e09-3b7f-4b4a-a342-090fe34f336a{ip: 192.168.164.239, host: trunk-nightly-20191020-r5wzl-4145440258, networkLocation: /default-rack, certSerialId: null} reports an CLOSED replica.
2019-10-20 04:41:56,154 [BlockDeletingService#2] WARN  background.BlockDeletingService (BlockDeletingService.java:isDeletionAllowed(187)) - Close Container log Index 6 is not replicated across allthe servers in the pipeline 34dfe2c8-23b7-47ff-8954-045aad0d4d73 as the min replicated index is 4. Deletion is not allowed in this container yet.
2019-10-20 04:41:56,154 [BlockDeletingService#2] WARN  background.BlockDeletingService (BlockDeletingService.java:isDeletionAllowed(187)) - Close Container log Index 6 is not replicated across allthe servers in the pipeline 34dfe2c8-23b7-47ff-8954-045aad0d4d73 as the min replicated index is 4. Deletion is not allowed in this container yet.
2019-10-20 04:41:56,179 [EventQueue-ContainerReportForContainerReportHandler] WARN  container.ContainerReportHandler (AbstractContainerReportHandler.java:updateContainerState(145)) - Container #1 is in OPEN state, but the datanode 57114e09-3b7f-4b4a-a342-090fe34f336a{ip: 192.168.164.239, host: trunk-nightly-20191020-r5wzl-4145440258, networkLocation: /default-rack, certSerialId: null} reports an CLOSED replica.
2019-10-20 04:41:56,244 [EventQueue-ContainerReportForContainerReportHandler] WARN  container.ContainerReportHandler (AbstractContainerReportHandler.java:updateContainerState(145)) - Container #1 is in OPEN state, but the datanode 8f4dcc74-0612-4035-9040-5f73cd792029{ip: 192.168.164.239, host: trunk-nightly-20191020-r5wzl-4145440258, networkLocation: /default-rack, certSerialId: null} reports an CLOSED replica.
2019-10-20 04:41:56,479 [EventQueue-ContainerReportForContainerReportHandler] WARN  container.ContainerReportHandler (AbstractContainerReportHandler.java:updateContainerState(145)) - Container #1 is in OPEN state, but the datanode 57114e09-3b7f-4b4a-a342-090fe34f336a{ip: 192.168.164.239, host: trunk-nightly-20191020-r5wzl-4145440258, networkLocation: /default-rack, certSerialId: null} reports an CLOSED replica.
2019-10-20 04:41:56,543 [EventQueue-ContainerReportForContainerReportHandler] WARN  container.ContainerReportHandler (AbstractContainerReportHandler.java:updateContainerState(145)) - Container #1 is in OPEN state, but the datanode 8f4dcc74-0612-4035-9040-5f73cd792029{ip: 192.168.164.239, host: trunk-nightly-20191020-r5wzl-4145440258, networkLocation: /default-rack, certSerialId: null} reports an CLOSED replica.
2019-10-20 04:41:56,673 [java.util.concurrent.ThreadPoolExecutor$Worker@77e4dadc[State = -1, empty queue]] WARN  server.GrpcLogAppender (GrpcLogAppender.java:timeoutAppendRequest(209)) - 8f4dcc74-0612-4035-9040-5f73cd792029@group-045AAD0D4D73->e3be97a9-3d3a-4f1a-9aac-bb0a1b054e74-GrpcLogAppender: appendEntries Timeout, request=8f4dcc74-0612-4035-9040-5f73cd792029->e3be97a9-3d3a-4f1a-9aac-bb0a1b054e74#32-t3, previous=(t:3, i:10), leaderCommit=10, initializing? false, entries: <empty>
2019-10-20 04:41:56,844 [EventQueue-ContainerReportForContainerReportHandler] WARN  container.ContainerReportHandler (AbstractContainerReportHandler.java:updateContainerState(145)) - Container #1 is in OPEN state, but the datanode 8f4dcc74-0612-4035-9040-5f73cd792029{ip: 192.168.164.239, host: trunk-nightly-20191020-r5wzl-4145440258, networkLocation: /default-rack, certSerialId: null} reports an CLOSED replica.
2019-10-20 04:41:56,879 [EventQueue-ContainerReportForContainerReportHandler] WARN  container.ContainerReportHandler (AbstractContainerReportHandler.java:updateContainerState(145)) - Container #1 is in OPEN state, but the datanode 57114e09-3b7f-4b4a-a342-090fe34f336a{ip: 192.168.164.239, host: trunk-nightly-20191020-r5wzl-4145440258, networkLocation: /default-rack, certSerialId: null} reports an CLOSED replica.
2019-10-20 04:41:57,156 [BlockDeletingService#2] WARN  background.BlockDeletingService (BlockDeletingService.java:isDeletionAllowed(187)) - Close Container log Index 6 is not replicated across allthe servers in the pipeline 34dfe2c8-23b7-47ff-8954-045aad0d4d73 as the min replicated index is 4. Deletion is not allowed in this container yet.
2019-10-20 04:41:57,156 [BlockDeletingService#2] WARN  background.BlockDeletingService (BlockDeletingService.java:isDeletionAllowed(187)) - Close Container log Index 6 is not replicated across allthe servers in the pipeline 34dfe2c8-23b7-47ff-8954-045aad0d4d73 as the min replicated index is 4. Deletion is not allowed in this container yet.
2019-10-20 04:41:57,179 [EventQueue-ContainerReportForContainerReportHandler] WARN  container.ContainerReportHandler (AbstractContainerReportHandler.java:updateContainerState(145)) - Container #1 is in OPEN state, but the datanode 57114e09-3b7f-4b4a-a342-090fe34f336a{ip: 192.168.164.239, host: trunk-nightly-20191020-r5wzl-4145440258, networkLocation: /default-rack, certSerialId: null} reports an CLOSED replica.
2019-10-20 04:41:57,244 [EventQueue-ContainerReportForContainerReportHandler] WARN  container.ContainerReportHandler (AbstractContainerReportHandler.java:updateContainerState(145)) - Container #1 is in OPEN state, but the datanode 8f4dcc74-0612-4035-9040-5f73cd792029{ip: 192.168.164.239, host: trunk-nightly-20191020-r5wzl-4145440258, networkLocation: /default-rack, certSerialId: null} reports an CLOSED replica.
2019-10-20 04:41:57,479 [EventQueue-ContainerReportForContainerReportHandler] WARN  container.ContainerReportHandler (AbstractContainerReportHandler.java:updateContainerState(145)) - Container #1 is in OPEN state, but the datanode 57114e09-3b7f-4b4a-a342-090fe34f336a{ip: 192.168.164.239, host: trunk-nightly-20191020-r5wzl-4145440258, networkLocation: /default-rack, certSerialId: null} reports an CLOSED replica.
2019-10-20 04:41:57,544 [EventQueue-ContainerReportForContainerReportHandler] WARN  container.ContainerReportHandler (AbstractContainerReportHandler.java:updateContainerState(145)) - Container #1 is in OPEN state, but the datanode 8f4dcc74-0612-4035-9040-5f73cd792029{ip: 192.168.164.239, host: trunk-nightly-20191020-r5wzl-4145440258, networkLocation: /default-rack, certSerialId: null} reports an CLOSED replica.
2019-10-20 04:41:57,679 [EventQueue-ContainerReportForContainerReportHandler] WARN  container.ContainerReportHandler (AbstractContainerReportHandler.java:updateContainerState(145)) - Container #1 is in OPEN state, but the datanode 57114e09-3b7f-4b4a-a342-090fe34f336a{ip: 192.168.164.239, host: trunk-nightly-20191020-r5wzl-4145440258, networkLocation: /default-rack, certSerialId: null} reports an CLOSED replica.
2019-10-20 04:41:57,845 [EventQueue-ContainerReportForContainerReportHandler] WARN  container.ContainerReportHandler (AbstractContainerReportHandler.java:updateContainerState(145)) - Container #1 is in OPEN state, but the datanode 8f4dcc74-0612-4035-9040-5f73cd792029{ip: 192.168.164.239, host: trunk-nightly-20191020-r5wzl-4145440258, networkLocation: /default-rack, certSerialId: null} reports an CLOSED replica.
2019-10-20 04:41:58,079 [EventQueue-ContainerReportForContainerReportHandler] WARN  container.ContainerReportHandler (AbstractContainerReportHandler.java:updateContainerState(145)) - Container #1 is in OPEN state, but the datanode 57114e09-3b7f-4b4a-a342-090fe34f336a{ip: 192.168.164.239, host: trunk-nightly-20191020-r5wzl-4145440258, networkLocation: /default-rack, certSerialId: null} reports an CLOSED replica.
2019-10-20 04:41:58,144 [EventQueue-ContainerReportForContainerReportHandler] WARN  container.ContainerReportHandler (AbstractContainerReportHandler.java:updateContainerState(145)) - Container #1 is in OPEN state, but the datanode 8f4dcc74-0612-4035-9040-5f73cd792029{ip: 192.168.164.239, host: trunk-nightly-20191020-r5wzl-4145440258, networkLocation: /default-rack, certSerialId: null} reports an CLOSED replica.
2019-10-20 04:41:58,159 [BlockDeletingService#2] WARN  background.BlockDeletingService (BlockDeletingService.java:isDeletionAllowed(187)) - Close Container log Index 6 is not replicated across allthe servers in the pipeline 34dfe2c8-23b7-47ff-8954-045aad0d4d73 as the min replicated index is 4. Deletion is not allowed in this container yet.
2019-10-20 04:41:58,159 [BlockDeletingService#2] WARN  background.BlockDeletingService (BlockDeletingService.java:isDeletionAllowed(187)) - Close Container log Index 6 is not replicated across allthe servers in the pipeline 34dfe2c8-23b7-47ff-8954-045aad0d4d73 as the min replicated index is 4. Deletion is not allowed in this container yet.
2019-10-20 04:41:58,378 [EventQueue-ContainerReportForContainerReportHandler] WARN  container.ContainerReportHandler (AbstractContainerReportHandler.java:updateContainerState(145)) - Container #1 is in OPEN state, but the datanode 57114e09-3b7f-4b4a-a342-090fe34f336a{ip: 192.168.164.239, host: trunk-nightly-20191020-r5wzl-4145440258, networkLocation: /default-rack, certSerialId: null} reports an CLOSED replica.
2019-10-20 04:41:58,444 [EventQueue-ContainerReportForContainerReportHandler] WARN  container.ContainerReportHandler (AbstractContainerReportHandler.java:updateContainerState(145)) - Container #1 is in OPEN state, but the datanode 8f4dcc74-0612-4035-9040-5f73cd792029{ip: 192.168.164.239, host: trunk-nightly-20191020-r5wzl-4145440258, networkLocation: /default-rack, certSerialId: null} reports an CLOSED replica.
2019-10-20 04:41:58,578 [EventQueue-ContainerReportForContainerReportHandler] WARN  container.ContainerReportHandler (AbstractContainerReportHandler.java:updateContainerState(145)) - Container #1 is in OPEN state, but the datanode 57114e09-3b7f-4b4a-a342-090fe34f336a{ip: 192.168.164.239, host: trunk-nightly-20191020-r5wzl-4145440258, networkLocation: /default-rack, certSerialId: null} reports an CLOSED replica.
2019-10-20 04:41:58,645 [EventQueue-ContainerReportForContainerReportHandler] WARN  container.ContainerReportHandler (AbstractContainerReportHandler.java:updateContainerState(145)) - Container #1 is in OPEN state, but the datanode 8f4dcc74-0612-4035-9040-5f73cd792029{ip: 192.168.164.239, host: trunk-nightly-20191020-r5wzl-4145440258, networkLocation: /default-rack, certSerialId: null} reports an CLOSED replica.
2019-10-20 04:41:58,979 [EventQueue-ContainerReportForContainerReportHandler] WARN  container.ContainerReportHandler (AbstractContainerReportHandler.java:updateContainerState(145)) - Container #1 is in OPEN state, but the datanode 57114e09-3b7f-4b4a-a342-090fe34f336a{ip: 192.168.164.239, host: trunk-nightly-20191020-r5wzl-4145440258, networkLocation: /default-rack, certSerialId: null} reports an CLOSED replica.
2019-10-20 04:41:59,045 [EventQueue-ContainerReportForContainerReportHandler] WARN  container.ContainerReportHandler (AbstractContainerReportHandler.java:updateContainerState(145)) - Container #1 is in OPEN state, but the datanode 8f4dcc74-0612-4035-9040-5f73cd792029{ip: 192.168.164.239, host: trunk-nightly-20191020-r5wzl-4145440258, networkLocation: /default-rack, certSerialId: null} reports an CLOSED replica.
2019-10-20 04:41:59,160 [BlockDeletingService#2] WARN  background.BlockDeletingService (BlockDeletingService.java:isDeletionAllowed(187)) - Close Container log Index 6 is not replicated across allthe servers in the pipeline 34dfe2c8-23b7-47ff-8954-045aad0d4d73 as the min replicated index is 4. Deletion is not allowed in this container yet.
2019-10-20 04:41:59,160 [BlockDeletingService#2] WARN  background.BlockDeletingService (BlockDeletingService.java:isDeletionAllowed(187)) - Close Container log Index 6 is not replicated across allthe servers in the pipeline 34dfe2c8-23b7-47ff-8954-045aad0d4d73 as the min replicated index is 4. Deletion is not allowed in this container yet.
2019-10-20 04:41:59,180 [java.util.concurrent.ThreadPoolExecutor$Worker@77e4dadc[State = -1, empty queue]] WARN  server.GrpcLogAppender (GrpcLogAppender.java:timeoutAppendRequest(209)) - 8f4dcc74-0612-4035-9040-5f73cd792029@group-045AAD0D4D73->e3be97a9-3d3a-4f1a-9aac-bb0a1b054e74-GrpcLogAppender: appendEntries Timeout, request=8f4dcc74-0612-4035-9040-5f73cd792029->e3be97a9-3d3a-4f1a-9aac-bb0a1b054e74#33-t3, previous=(t:3, i:10), leaderCommit=10, initializing? false, entries: <empty>
2019-10-20 04:41:59,180 [EventQueue-ContainerReportForContainerReportHandler] WARN  container.ContainerReportHandler (AbstractContainerReportHandler.java:updateContainerState(145)) - Container #1 is in OPEN state, but the datanode 57114e09-3b7f-4b4a-a342-090fe34f336a{ip: 192.168.164.239, host: trunk-nightly-20191020-r5wzl-4145440258, networkLocation: /default-rack, certSerialId: null} reports an CLOSED replica.
2019-10-20 04:41:59,344 [EventQueue-ContainerReportForContainerReportHandler] WARN  container.ContainerReportHandler (AbstractContainerReportHandler.java:updateContainerState(145)) - Container #1 is in OPEN state, but the datanode 8f4dcc74-0612-4035-9040-5f73cd792029{ip: 192.168.164.239, host: trunk-nightly-20191020-r5wzl-4145440258, networkLocation: /default-rack, certSerialId: null} reports an CLOSED replica.
2019-10-20 04:41:59,482 [EventQueue-ContainerReportForContainerReportHandler] WARN  container.ContainerReportHandler (AbstractContainerReportHandler.java:updateContainerState(145)) - Container #1 is in OPEN state, but the datanode 57114e09-3b7f-4b4a-a342-090fe34f336a{ip: 192.168.164.239, host: trunk-nightly-20191020-r5wzl-4145440258, networkLocation: /default-rack, certSerialId: null} reports an CLOSED replica.
2019-10-20 04:41:59,644 [EventQueue-ContainerReportForContainerReportHandler] WARN  container.ContainerReportHandler (AbstractContainerReportHandler.java:updateContainerState(145)) - Container #1 is in OPEN state, but the datanode 8f4dcc74-0612-4035-9040-5f73cd792029{ip: 192.168.164.239, host: trunk-nightly-20191020-r5wzl-4145440258, networkLocation: /default-rack, certSerialId: null} reports an CLOSED replica.
2019-10-20 04:41:59,782 [EventQueue-ContainerReportForContainerReportHandler] WARN  container.ContainerReportHandler (AbstractContainerReportHandler.java:updateContainerState(145)) - Container #1 is in OPEN state, but the datanode 57114e09-3b7f-4b4a-a342-090fe34f336a{ip: 192.168.164.239, host: trunk-nightly-20191020-r5wzl-4145440258, networkLocation: /default-rack, certSerialId: null} reports an CLOSED replica.
2019-10-20 04:41:59,946 [EventQueue-ContainerReportForContainerReportHandler] WARN  container.ContainerReportHandler (AbstractContainerReportHandler.java:updateContainerState(145)) - Container #1 is in OPEN state, but the datanode 8f4dcc74-0612-4035-9040-5f73cd792029{ip: 192.168.164.239, host: trunk-nightly-20191020-r5wzl-4145440258, networkLocation: /default-rack, certSerialId: null} reports an CLOSED replica.
2019-10-20 04:42:00,085 [EventQueue-ContainerReportForContainerReportHandler] WARN  container.ContainerReportHandler (AbstractContainerReportHandler.java:updateContainerState(145)) - Container #1 is in OPEN state, but the datanode 57114e09-3b7f-4b4a-a342-090fe34f336a{ip: 192.168.164.239, host: trunk-nightly-20191020-r5wzl-4145440258, networkLocation: /default-rack, certSerialId: null} reports an CLOSED replica.
2019-10-20 04:42:00,162 [BlockDeletingService#2] WARN  background.BlockDeletingService (BlockDeletingService.java:isDeletionAllowed(187)) - Close Container log Index 6 is not replicated across allthe servers in the pipeline 34dfe2c8-23b7-47ff-8954-045aad0d4d73 as the min replicated index is 4. Deletion is not allowed in this container yet.
2019-10-20 04:42:00,162 [BlockDeletingService#2] WARN  background.BlockDeletingService (BlockDeletingService.java:isDeletionAllowed(187)) - Close Container log Index 6 is not replicated across allthe servers in the pipeline 34dfe2c8-23b7-47ff-8954-045aad0d4d73 as the min replicated index is 4. Deletion is not allowed in this container yet.
2019-10-20 04:42:00,245 [EventQueue-ContainerReportForContainerReportHandler] WARN  container.ContainerReportHandler (AbstractContainerReportHandler.java:updateContainerState(145)) - Container #1 is in OPEN state, but the datanode 8f4dcc74-0612-4035-9040-5f73cd792029{ip: 192.168.164.239, host: trunk-nightly-20191020-r5wzl-4145440258, networkLocation: /default-rack, certSerialId: null} reports an CLOSED replica.
2019-10-20 04:42:00,389 [EventQueue-ContainerReportForContainerReportHandler] WARN  container.ContainerReportHandler (AbstractContainerReportHandler.java:updateContainerState(145)) - Container #1 is in OPEN state, but the datanode 57114e09-3b7f-4b4a-a342-090fe34f336a{ip: 192.168.164.239, host: trunk-nightly-20191020-r5wzl-4145440258, networkLocation: /default-rack, certSerialId: null} reports an CLOSED replica.
2019-10-20 04:42:00,646 [EventQueue-ContainerReportForContainerReportHandler] WARN  container.ContainerReportHandler (AbstractContainerReportHandler.java:updateContainerState(145)) - Container #1 is in OPEN state, but the datanode 8f4dcc74-0612-4035-9040-5f73cd792029{ip: 192.168.164.239, host: trunk-nightly-20191020-r5wzl-4145440258, networkLocation: /default-rack, certSerialId: null} reports an CLOSED replica.
2019-10-20 04:42:00,685 [EventQueue-ContainerReportForContainerReportHandler] WARN  container.ContainerReportHandler (AbstractContainerReportHandler.java:updateContainerState(145)) - Container #1 is in OPEN state, but the datanode 57114e09-3b7f-4b4a-a342-090fe34f336a{ip: 192.168.164.239, host: trunk-nightly-20191020-r5wzl-4145440258, networkLocation: /default-rack, certSerialId: null} reports an CLOSED replica.
2019-10-20 04:42:00,946 [EventQueue-ContainerReportForContainerReportHandler] WARN  container.ContainerReportHandler (AbstractContainerReportHandler.java:updateContainerState(145)) - Container #1 is in OPEN state, but the datanode 8f4dcc74-0612-4035-9040-5f73cd792029{ip: 192.168.164.239, host: trunk-nightly-20191020-r5wzl-4145440258, networkLocation: /default-rack, certSerialId: null} reports an CLOSED replica.
2019-10-20 04:42:01,086 [EventQueue-ContainerReportForContainerReportHandler] WARN  container.ContainerReportHandler (AbstractContainerReportHandler.java:updateContainerState(145)) - Container #1 is in OPEN state, but the datanode 57114e09-3b7f-4b4a-a342-090fe34f336a{ip: 192.168.164.239, host: trunk-nightly-20191020-r5wzl-4145440258, networkLocation: /default-rack, certSerialId: null} reports an CLOSED replica.
2019-10-20 04:42:01,146 [EventQueue-ContainerReportForContainerReportHandler] WARN  container.ContainerReportHandler (AbstractContainerReportHandler.java:updateContainerState(145)) - Container #1 is in OPEN state, but the datanode 8f4dcc74-0612-4035-9040-5f73cd792029{ip: 192.168.164.239, host: trunk-nightly-20191020-r5wzl-4145440258, networkLocation: /default-rack, certSerialId: null} reports an CLOSED replica.
2019-10-20 04:42:01,164 [BlockDeletingService#2] WARN  background.BlockDeletingService (BlockDeletingService.java:isDeletionAllowed(187)) - Close Container log Index 6 is not replicated across allthe servers in the pipeline 34dfe2c8-23b7-47ff-8954-045aad0d4d73 as the min replicated index is 4. Deletion is not allowed in this container yet.
2019-10-20 04:42:01,164 [BlockDeletingService#2] WARN  background.BlockDeletingService (BlockDeletingService.java:isDeletionAllowed(187)) - Close Container log Index 6 is not replicated across allthe servers in the pipeline 34dfe2c8-23b7-47ff-8954-045aad0d4d73 as the min replicated index is 4. Deletion is not allowed in this container yet.
2019-10-20 04:42:01,286 [EventQueue-ContainerReportForContainerReportHandler] WARN  container.ContainerReportHandler (AbstractContainerReportHandler.java:updateContainerState(145)) - Container #1 is in OPEN state, but the datanode 57114e09-3b7f-4b4a-a342-090fe34f336a{ip: 192.168.164.239, host: trunk-nightly-20191020-r5wzl-4145440258, networkLocation: /default-rack, certSerialId: null} reports an CLOSED replica.
2019-10-20 04:42:01,547 [EventQueue-ContainerReportForContainerReportHandler] WARN  container.ContainerReportHandler (AbstractContainerReportHandler.java:updateContainerState(145)) - Container #1 is in OPEN state, but the datanode 8f4dcc74-0612-4035-9040-5f73cd792029{ip: 192.168.164.239, host: trunk-nightly-20191020-r5wzl-4145440258, networkLocation: /default-rack, certSerialId: null} reports an CLOSED replica.
2019-10-20 04:42:01,587 [EventQueue-ContainerReportForContainerReportHandler] WARN  container.ContainerReportHandler (AbstractContainerReportHandler.java:updateContainerState(145)) - Container #1 is in OPEN state, but the datanode 57114e09-3b7f-4b4a-a342-090fe34f336a{ip: 192.168.164.239, host: trunk-nightly-20191020-r5wzl-4145440258, networkLocation: /default-rack, certSerialId: null} reports an CLOSED replica.
2019-10-20 04:42:01,682 [java.util.concurrent.ThreadPoolExecutor$Worker@77e4dadc[State = -1, empty queue]] WARN  server.GrpcLogAppender (GrpcLogAppender.java:timeoutAppendRequest(209)) - 8f4dcc74-0612-4035-9040-5f73cd792029@group-045AAD0D4D73->e3be97a9-3d3a-4f1a-9aac-bb0a1b054e74-GrpcLogAppender: appendEntries Timeout, request=8f4dcc74-0612-4035-9040-5f73cd792029->e3be97a9-3d3a-4f1a-9aac-bb0a1b054e74#34-t3, previous=(t:3, i:10), leaderCommit=10, initializing? false, entries: <empty>
2019-10-20 04:42:01,847 [EventQueue-ContainerReportForContainerReportHandler] WARN  container.ContainerReportHandler (AbstractContainerReportHandler.java:updateContainerState(145)) - Container #1 is in OPEN state, but the datanode 8f4dcc74-0612-4035-9040-5f73cd792029{ip: 192.168.164.239, host: trunk-nightly-20191020-r5wzl-4145440258, networkLocation: /default-rack, certSerialId: null} reports an CLOSED replica.
2019-10-20 04:42:01,888 [EventQueue-ContainerReportForContainerReportHandler] WARN  container.ContainerReportHandler (AbstractContainerReportHandler.java:updateContainerState(145)) - Container #1 is in OPEN state, but the datanode 57114e09-3b7f-4b4a-a342-090fe34f336a{ip: 192.168.164.239, host: trunk-nightly-20191020-r5wzl-4145440258, networkLocation: /default-rack, certSerialId: null} reports an CLOSED replica.
2019-10-20 04:42:02,047 [EventQueue-ContainerReportForContainerReportHandler] WARN  container.ContainerReportHandler (AbstractContainerReportHandler.java:updateContainerState(145)) - Container #1 is in OPEN state, but the datanode 8f4dcc74-0612-4035-9040-5f73cd792029{ip: 192.168.164.239, host: trunk-nightly-20191020-r5wzl-4145440258, networkLocation: /default-rack, certSerialId: null} reports an CLOSED replica.
2019-10-20 04:42:02,168 [BlockDeletingService#2] WARN  background.BlockDeletingService (BlockDeletingService.java:isDeletionAllowed(187)) - Close Container log Index 6 is not replicated across allthe servers in the pipeline 34dfe2c8-23b7-47ff-8954-045aad0d4d73 as the min replicated index is 4. Deletion is not allowed in this container yet.
2019-10-20 04:42:02,169 [BlockDeletingService#2] WARN  background.BlockDeletingService (BlockDeletingService.java:isDeletionAllowed(187)) - Close Container log Index 6 is not replicated across allthe servers in the pipeline 34dfe2c8-23b7-47ff-8954-045aad0d4d73 as the min replicated index is 4. Deletion is not allowed in this container yet.
2019-10-20 04:42:02,189 [EventQueue-ContainerReportForContainerReportHandler] WARN  container.ContainerReportHandler (AbstractContainerReportHandler.java:updateContainerState(145)) - Container #1 is in OPEN state, but the datanode 57114e09-3b7f-4b4a-a342-090fe34f336a{ip: 192.168.164.239, host: trunk-nightly-20191020-r5wzl-4145440258, networkLocation: /default-rack, certSerialId: null} reports an CLOSED replica.
2019-10-20 04:42:02,247 [EventQueue-ContainerReportForContainerReportHandler] WARN  container.ContainerReportHandler (AbstractContainerReportHandler.java:updateContainerState(145)) - Container #1 is in OPEN state, but the datanode 8f4dcc74-0612-4035-9040-5f73cd792029{ip: 192.168.164.239, host: trunk-nightly-20191020-r5wzl-4145440258, networkLocation: /default-rack, certSerialId: null} reports an CLOSED replica.
2019-10-20 04:42:02,283 [Thread-413] INFO  client.GrpcClientProtocolService (GrpcClientProtocolService.java:lambda$processClientRequest$0(278)) - Failed RaftClientRequest:client-A2F9089F7F1F->57114e09-3b7f-4b4a-a342-090fe34f336a@group-045AAD0D4D73, cid=10, seq=0, Watch-ALL_COMMITTED(6), Message:<EMPTY>, reply=RaftClientReply:client-A2F9089F7F1F->57114e09-3b7f-4b4a-a342-090fe34f336a@group-045AAD0D4D73, cid=10, FAILED org.apache.ratis.protocol.NotLeaderException: Server 57114e09-3b7f-4b4a-a342-090fe34f336a@group-045AAD0D4D73 is not the leader 8f4dcc74-0612-4035-9040-5f73cd792029:192.168.164.239:37614, logIndex=0, commits[57114e09-3b7f-4b4a-a342-090fe34f336a:c10, e3be97a9-3d3a-4f1a-9aac-bb0a1b054e74:c4, 8f4dcc74-0612-4035-9040-5f73cd792029:c10]
2019-10-20 04:42:02,490 [EventQueue-ContainerReportForContainerReportHandler] WARN  container.ContainerReportHandler (AbstractContainerReportHandler.java:updateContainerState(145)) - Container #1 is in OPEN state, but the datanode 57114e09-3b7f-4b4a-a342-090fe34f336a{ip: 192.168.164.239, host: trunk-nightly-20191020-r5wzl-4145440258, networkLocation: /default-rack, certSerialId: null} reports an CLOSED replica.
2019-10-20 04:42:02,650 [EventQueue-ContainerReportForContainerReportHandler] WARN  container.ContainerReportHandler (AbstractContainerReportHandler.java:updateContainerState(145)) - Container #1 is in OPEN state, but the datanode 8f4dcc74-0612-4035-9040-5f73cd792029{ip: 192.168.164.239, host: trunk-nightly-20191020-r5wzl-4145440258, networkLocation: /default-rack, certSerialId: null} reports an CLOSED replica.
2019-10-20 04:42:02,789 [EventQueue-ContainerReportForContainerReportHandler] WARN  container.ContainerReportHandler (AbstractContainerReportHandler.java:updateContainerState(145)) - Container #1 is in OPEN state, but the datanode 57114e09-3b7f-4b4a-a342-090fe34f336a{ip: 192.168.164.239, host: trunk-nightly-20191020-r5wzl-4145440258, networkLocation: /default-rack, certSerialId: null} reports an CLOSED replica.
2019-10-20 04:42:02,947 [EventQueue-ContainerReportForContainerReportHandler] WARN  container.ContainerReportHandler (AbstractContainerReportHandler.java:updateContainerState(145)) - Container #1 is in OPEN state, but the datanode 8f4dcc74-0612-4035-9040-5f73cd792029{ip: 192.168.164.239, host: trunk-nightly-20191020-r5wzl-4145440258, networkLocation: /default-rack, certSerialId: null} reports an CLOSED replica.
2019-10-20 04:42:03,090 [EventQueue-ContainerReportForContainerReportHandler] WARN  container.ContainerReportHandler (AbstractContainerReportHandler.java:updateContainerState(145)) - Container #1 is in OPEN state, but the datanode 57114e09-3b7f-4b4a-a342-090fe34f336a{ip: 192.168.164.239, host: trunk-nightly-20191020-r5wzl-4145440258, networkLocation: /default-rack, certSerialId: null} reports an CLOSED replica.
2019-10-20 04:42:03,171 [BlockDeletingService#2] WARN  background.BlockDeletingService (BlockDeletingService.java:isDeletionAllowed(187)) - Close Container log Index 6 is not replicated across allthe servers in the pipeline 34dfe2c8-23b7-47ff-8954-045aad0d4d73 as the min replicated index is 4. Deletion is not allowed in this container yet.
2019-10-20 04:42:03,171 [BlockDeletingService#2] WARN  background.BlockDeletingService (BlockDeletingService.java:isDeletionAllowed(187)) - Close Container log Index 6 is not replicated across allthe servers in the pipeline 34dfe2c8-23b7-47ff-8954-045aad0d4d73 as the min replicated index is 4. Deletion is not allowed in this container yet.
2019-10-20 04:42:03,246 [EventQueue-ContainerReportForContainerReportHandler] WARN  container.ContainerReportHandler (AbstractContainerReportHandler.java:updateContainerState(145)) - Container #1 is in OPEN state, but the datanode 8f4dcc74-0612-4035-9040-5f73cd792029{ip: 192.168.164.239, host: trunk-nightly-20191020-r5wzl-4145440258, networkLocation: /default-rack, certSerialId: null} reports an CLOSED replica.
2019-10-20 04:42:03,492 [EventQueue-ContainerReportForContainerReportHandler] WARN  container.ContainerReportHandler (AbstractContainerReportHandler.java:updateContainerState(145)) - Container #1 is in OPEN state, but the datanode 57114e09-3b7f-4b4a-a342-090fe34f336a{ip: 192.168.164.239, host: trunk-nightly-20191020-r5wzl-4145440258, networkLocation: /default-rack, certSerialId: null} reports an CLOSED replica.
2019-10-20 04:42:03,548 [EventQueue-ContainerReportForContainerReportHandler] WARN  container.ContainerReportHandler (AbstractContainerReportHandler.java:updateContainerState(145)) - Container #1 is in OPEN state, but the datanode 8f4dcc74-0612-4035-9040-5f73cd792029{ip: 192.168.164.239, host: trunk-nightly-20191020-r5wzl-4145440258, networkLocation: /default-rack, certSerialId: null} reports an CLOSED replica.
2019-10-20 04:42:03,683 [Thread-418] INFO  client.GrpcClientProtocolService (GrpcClientProtocolService.java:lambda$processClientRequest$0(278)) - Failed RaftClientRequest:client-A2F9089F7F1F->8f4dcc74-0612-4035-9040-5f73cd792029@group-045AAD0D4D73, cid=10, seq=0, Watch-ALL_COMMITTED(6), Message:<EMPTY>, reply=RaftClientReply:client-A2F9089F7F1F->8f4dcc74-0612-4035-9040-5f73cd792029@group-045AAD0D4D73, cid=10, FAILED org.apache.ratis.protocol.NotReplicatedException: Request with call Id 10 and log index 6 is not yet replicated to ALL_COMMITTED, logIndex=6, commits[8f4dcc74-0612-4035-9040-5f73cd792029:c10, 57114e09-3b7f-4b4a-a342-090fe34f336a:c10, e3be97a9-3d3a-4f1a-9aac-bb0a1b054e74:c4]
2019-10-20 04:42:03,692 [EventQueue-ContainerReportForContainerReportHandler] WARN  container.ContainerReportHandler (AbstractContainerReportHandler.java:updateContainerState(145)) - Container #1 is in OPEN state, but the datanode 57114e09-3b7f-4b4a-a342-090fe34f336a{ip: 192.168.164.239, host: trunk-nightly-20191020-r5wzl-4145440258, networkLocation: /default-rack, certSerialId: null} reports an CLOSED replica.
2019-10-20 04:42:03,748 [EventQueue-ContainerReportForContainerReportHandler] WARN  container.ContainerReportHandler (AbstractContainerReportHandler.java:updateContainerState(145)) - Container #1 is in OPEN state, but the datanode 8f4dcc74-0612-4035-9040-5f73cd792029{ip: 192.168.164.239, host: trunk-nightly-20191020-r5wzl-4145440258, networkLocation: /default-rack, certSerialId: null} reports an CLOSED replica.
2019-10-20 04:42:04,048 [EventQueue-ContainerReportForContainerReportHandler] WARN  container.ContainerReportHandler (AbstractContainerReportHandler.java:updateContainerState(145)) - Container #1 is in OPEN state, but the datanode 8f4dcc74-0612-4035-9040-5f73cd792029{ip: 192.168.164.239, host: trunk-nightly-20191020-r5wzl-4145440258, networkLocation: /default-rack, certSerialId: null} reports an CLOSED replica.
2019-10-20 04:42:04,092 [EventQueue-ContainerReportForContainerReportHandler] WARN  container.ContainerReportHandler (AbstractContainerReportHandler.java:updateContainerState(145)) - Container #1 is in OPEN state, but the datanode 57114e09-3b7f-4b4a-a342-090fe34f336a{ip: 192.168.164.239, host: trunk-nightly-20191020-r5wzl-4145440258, networkLocation: /default-rack, certSerialId: null} reports an CLOSED replica.
2019-10-20 04:42:04,179 [BlockDeletingService#2] WARN  background.BlockDeletingService (BlockDeletingService.java:isDeletionAllowed(187)) - Close Container log Index 6 is not replicated across allthe servers in the pipeline 34dfe2c8-23b7-47ff-8954-045aad0d4d73 as the min replicated index is 4. Deletion is not allowed in this container yet.
2019-10-20 04:42:04,181 [BlockDeletingService#2] WARN  background.BlockDeletingService (BlockDeletingService.java:isDeletionAllowed(187)) - Close Container log Index 6 is not replicated across allthe servers in the pipeline 34dfe2c8-23b7-47ff-8954-045aad0d4d73 as the min replicated index is 4. Deletion is not allowed in this container yet.
2019-10-20 04:42:04,183 [java.util.concurrent.ThreadPoolExecutor$Worker@77e4dadc[State = -1, empty queue]] WARN  server.GrpcLogAppender (GrpcLogAppender.java:timeoutAppendRequest(209)) - 8f4dcc74-0612-4035-9040-5f73cd792029@group-045AAD0D4D73->e3be97a9-3d3a-4f1a-9aac-bb0a1b054e74-GrpcLogAppender: appendEntries Timeout, request=8f4dcc74-0612-4035-9040-5f73cd792029->e3be97a9-3d3a-4f1a-9aac-bb0a1b054e74#35-t3, previous=(t:3, i:10), leaderCommit=10, initializing? false, entries: <empty>
2019-10-20 04:42:04,291 [EventQueue-ContainerReportForContainerReportHandler] WARN  container.ContainerReportHandler (AbstractContainerReportHandler.java:updateContainerState(145)) - Container #1 is in OPEN state, but the datanode 57114e09-3b7f-4b4a-a342-090fe34f336a{ip: 192.168.164.239, host: trunk-nightly-20191020-r5wzl-4145440258, networkLocation: /default-rack, certSerialId: null} reports an CLOSED replica.
2019-10-20 04:42:04,447 [EventQueue-ContainerReportForContainerReportHandler] WARN  container.ContainerReportHandler (AbstractContainerReportHandler.java:updateContainerState(145)) - Container #1 is in OPEN state, but the datanode 8f4dcc74-0612-4035-9040-5f73cd792029{ip: 192.168.164.239, host: trunk-nightly-20191020-r5wzl-4145440258, networkLocation: /default-rack, certSerialId: null} reports an CLOSED replica.
2019-10-20 04:42:04,591 [EventQueue-ContainerReportForContainerReportHandler] WARN  container.ContainerReportHandler (AbstractContainerReportHandler.java:updateContainerState(145)) - Container #1 is in OPEN state, but the datanode 57114e09-3b7f-4b4a-a342-090fe34f336a{ip: 192.168.164.239, host: trunk-nightly-20191020-r5wzl-4145440258, networkLocation: /default-rack, certSerialId: null} reports an CLOSED replica.
2019-10-20 04:42:04,748 [EventQueue-ContainerReportForContainerReportHandler] WARN  container.ContainerReportHandler (AbstractContainerReportHandler.java:updateContainerState(145)) - Container #1 is in OPEN state, but the datanode 8f4dcc74-0612-4035-9040-5f73cd792029{ip: 192.168.164.239, host: trunk-nightly-20191020-r5wzl-4145440258, networkLocation: /default-rack, certSerialId: null} reports an CLOSED replica.
2019-10-20 04:42:04,892 [EventQueue-ContainerReportForContainerReportHandler] WARN  container.ContainerReportHandler (AbstractContainerReportHandler.java:updateContainerState(145)) - Container #1 is in OPEN state, but the datanode 57114e09-3b7f-4b4a-a342-090fe34f336a{ip: 192.168.164.239, host: trunk-nightly-20191020-r5wzl-4145440258, networkLocation: /default-rack, certSerialId: null} reports an CLOSED replica.
2019-10-20 04:42:04,948 [EventQueue-ContainerReportForContainerReportHandler] WARN  container.ContainerReportHandler (AbstractContainerReportHandler.java:updateContainerState(145)) - Container #1 is in OPEN state, but the datanode 8f4dcc74-0612-4035-9040-5f73cd792029{ip: 192.168.164.239, host: trunk-nightly-20191020-r5wzl-4145440258, networkLocation: /default-rack, certSerialId: null} reports an CLOSED replica.
2019-10-20 04:42:05,182 [BlockDeletingService#2] WARN  background.BlockDeletingService (BlockDeletingService.java:isDeletionAllowed(187)) - Close Container log Index 6 is not replicated across allthe servers in the pipeline 34dfe2c8-23b7-47ff-8954-045aad0d4d73 as the min replicated index is 4. Deletion is not allowed in this container yet.
2019-10-20 04:42:05,183 [BlockDeletingService#2] WARN  background.BlockDeletingService (BlockDeletingService.java:isDeletionAllowed(187)) - Close Container log Index 6 is not replicated across allthe servers in the pipeline 34dfe2c8-23b7-47ff-8954-045aad0d4d73 as the min replicated index is 4. Deletion is not allowed in this container yet.
2019-10-20 04:42:05,192 [EventQueue-ContainerReportForContainerReportHandler] WARN  container.ContainerReportHandler (AbstractContainerReportHandler.java:updateContainerState(145)) - Container #1 is in OPEN state, but the datanode 57114e09-3b7f-4b4a-a342-090fe34f336a{ip: 192.168.164.239, host: trunk-nightly-20191020-r5wzl-4145440258, networkLocation: /default-rack, certSerialId: null} reports an CLOSED replica.
2019-10-20 04:42:05,347 [EventQueue-ContainerReportForContainerReportHandler] WARN  container.ContainerReportHandler (AbstractContainerReportHandler.java:updateContainerState(145)) - Container #1 is in OPEN state, but the datanode 8f4dcc74-0612-4035-9040-5f73cd792029{ip: 192.168.164.239, host: trunk-nightly-20191020-r5wzl-4145440258, networkLocation: /default-rack, certSerialId: null} reports an CLOSED replica.
2019-10-20 04:42:05,591 [EventQueue-ContainerReportForContainerReportHandler] WARN  container.ContainerReportHandler (AbstractContainerReportHandler.java:updateContainerState(145)) - Container #1 is in OPEN state, but the datanode 57114e09-3b7f-4b4a-a342-090fe34f336a{ip: 192.168.164.239, host: trunk-nightly-20191020-r5wzl-4145440258, networkLocation: /default-rack, certSerialId: null} reports an CLOSED replica.
2019-10-20 04:42:05,747 [EventQueue-ContainerReportForContainerReportHandler] WARN  container.ContainerReportHandler (AbstractContainerReportHandler.java:updateContainerState(145)) - Container #1 is in OPEN state, but the datanode 8f4dcc74-0612-4035-9040-5f73cd792029{ip: 192.168.164.239, host: trunk-nightly-20191020-r5wzl-4145440258, networkLocation: /default-rack, certSerialId: null} reports an CLOSED replica.
2019-10-20 04:42:05,948 [EventQueue-ContainerReportForContainerReportHandler] WARN  container.ContainerReportHandler (AbstractContainerReportHandler.java:updateContainerState(145)) - Container #1 is in OPEN state, but the datanode 8f4dcc74-0612-4035-9040-5f73cd792029{ip: 192.168.164.239, host: trunk-nightly-20191020-r5wzl-4145440258, networkLocation: /default-rack, certSerialId: null} reports an CLOSED replica.
2019-10-20 04:42:05,993 [EventQueue-ContainerReportForContainerReportHandler] WARN  container.ContainerReportHandler (AbstractContainerReportHandler.java:updateContainerState(145)) - Container #1 is in OPEN state, but the datanode 57114e09-3b7f-4b4a-a342-090fe34f336a{ip: 192.168.164.239, host: trunk-nightly-20191020-r5wzl-4145440258, networkLocation: /default-rack, certSerialId: null} reports an CLOSED replica.
2019-10-20 04:42:06,185 [BlockDeletingService#2] WARN  background.BlockDeletingService (BlockDeletingService.java:isDeletionAllowed(187)) - Close Container log Index 6 is not replicated across allthe servers in the pipeline 34dfe2c8-23b7-47ff-8954-045aad0d4d73 as the min replicated index is 4. Deletion is not allowed in this container yet.
2019-10-20 04:42:06,185 [BlockDeletingService#2] WARN  background.BlockDeletingService (BlockDeletingService.java:isDeletionAllowed(187)) - Close Container log Index 6 is not replicated across allthe servers in the pipeline 34dfe2c8-23b7-47ff-8954-045aad0d4d73 as the min replicated index is 4. Deletion is not allowed in this container yet.
2019-10-20 04:42:06,248 [EventQueue-ContainerReportForContainerReportHandler] WARN  container.ContainerReportHandler (AbstractContainerReportHandler.java:updateContainerState(145)) - Container #1 is in OPEN state, but the datanode 8f4dcc74-0612-4035-9040-5f73cd792029{ip: 192.168.164.239, host: trunk-nightly-20191020-r5wzl-4145440258, networkLocation: /default-rack, certSerialId: null} reports an CLOSED replica.
2019-10-20 04:42:06,294 [EventQueue-ContainerReportForContainerReportHandler] WARN  container.ContainerReportHandler (AbstractContainerReportHandler.java:updateContainerState(145)) - Container #1 is in OPEN state, but the datanode 57114e09-3b7f-4b4a-a342-090fe34f336a{ip: 192.168.164.239, host: trunk-nightly-20191020-r5wzl-4145440258, networkLocation: /default-rack, certSerialId: null} reports an CLOSED replica.
2019-10-20 04:42:06,548 [EventQueue-ContainerReportForContainerReportHandler] WARN  container.ContainerReportHandler (AbstractContainerReportHandler.java:updateContainerState(145)) - Container #1 is in OPEN state, but the datanode 8f4dcc74-0612-4035-9040-5f73cd792029{ip: 192.168.164.239, host: trunk-nightly-20191020-r5wzl-4145440258, networkLocation: /default-rack, certSerialId: null} reports an CLOSED replica.
2019-10-20 04:42:06,686 [java.util.concurrent.ThreadPoolExecutor$Worker@77e4dadc[State = -1, empty queue]] WARN  server.GrpcLogAppender (GrpcLogAppender.java:timeoutAppendRequest(209)) - 8f4dcc74-0612-4035-9040-5f73cd792029@group-045AAD0D4D73->e3be97a9-3d3a-4f1a-9aac-bb0a1b054e74-GrpcLogAppender: appendEntries Timeout, request=8f4dcc74-0612-4035-9040-5f73cd792029->e3be97a9-3d3a-4f1a-9aac-bb0a1b054e74#36-t3, previous=(t:3, i:10), leaderCommit=10, initializing? false, entries: <empty>
2019-10-20 04:42:06,696 [EventQueue-ContainerReportForContainerReportHandler] WARN  container.ContainerReportHandler (AbstractContainerReportHandler.java:updateContainerState(145)) - Container #1 is in OPEN state, but the datanode 57114e09-3b7f-4b4a-a342-090fe34f336a{ip: 192.168.164.239, host: trunk-nightly-20191020-r5wzl-4145440258, networkLocation: /default-rack, certSerialId: null} reports an CLOSED replica.
2019-10-20 04:42:06,948 [EventQueue-ContainerReportForContainerReportHandler] WARN  container.ContainerReportHandler (AbstractContainerReportHandler.java:updateContainerState(145)) - Container #1 is in OPEN state, but the datanode 8f4dcc74-0612-4035-9040-5f73cd792029{ip: 192.168.164.239, host: trunk-nightly-20191020-r5wzl-4145440258, networkLocation: /default-rack, certSerialId: null} reports an CLOSED replica.
2019-10-20 04:42:06,994 [EventQueue-ContainerReportForContainerReportHandler] WARN  container.ContainerReportHandler (AbstractContainerReportHandler.java:updateContainerState(145)) - Container #1 is in OPEN state, but the datanode 57114e09-3b7f-4b4a-a342-090fe34f336a{ip: 192.168.164.239, host: trunk-nightly-20191020-r5wzl-4145440258, networkLocation: /default-rack, certSerialId: null} reports an CLOSED replica.
2019-10-20 04:42:07,148 [EventQueue-ContainerReportForContainerReportHandler] WARN  container.ContainerReportHandler (AbstractContainerReportHandler.java:updateContainerState(145)) - Container #1 is in OPEN state, but the datanode 8f4dcc74-0612-4035-9040-5f73cd792029{ip: 192.168.164.239, host: trunk-nightly-20191020-r5wzl-4145440258, networkLocation: /default-rack, certSerialId: null} reports an CLOSED replica.
2019-10-20 04:42:07,188 [BlockDeletingService#2] WARN  background.BlockDeletingService (BlockDeletingService.java:isDeletionAllowed(187)) - Close Container log Index 6 is not replicated across allthe servers in the pipeline 34dfe2c8-23b7-47ff-8954-045aad0d4d73 as the min replicated index is 4. Deletion is not allowed in this container yet.
2019-10-20 04:42:07,188 [BlockDeletingService#2] WARN  background.BlockDeletingService (BlockDeletingService.java:isDeletionAllowed(187)) - Close Container log Index 6 is not replicated across allthe servers in the pipeline 34dfe2c8-23b7-47ff-8954-045aad0d4d73 as the min replicated index is 4. Deletion is not allowed in this container yet.
2019-10-20 04:42:07,294 [EventQueue-ContainerReportForContainerReportHandler] WARN  container.ContainerReportHandler (AbstractContainerReportHandler.java:updateContainerState(145)) - Container #1 is in OPEN state, but the datanode 57114e09-3b7f-4b4a-a342-090fe34f336a{ip: 192.168.164.239, host: trunk-nightly-20191020-r5wzl-4145440258, networkLocation: /default-rack, certSerialId: null} reports an CLOSED replica.
2019-10-20 04:42:07,348 [EventQueue-ContainerReportForContainerReportHandler] WARN  container.ContainerReportHandler (AbstractContainerReportHandler.java:updateContainerState(145)) - Container #1 is in OPEN state, but the datanode 8f4dcc74-0612-4035-9040-5f73cd792029{ip: 192.168.164.239, host: trunk-nightly-20191020-r5wzl-4145440258, networkLocation: /default-rack, certSerialId: null} reports an CLOSED replica.
2019-10-20 04:42:07,648 [EventQueue-ContainerReportForContainerReportHandler] WARN  container.ContainerReportHandler (AbstractContainerReportHandler.java:updateContainerState(145)) - Container #1 is in OPEN state, but the datanode 8f4dcc74-0612-4035-9040-5f73cd792029{ip: 192.168.164.239, host: trunk-nightly-20191020-r5wzl-4145440258, networkLocation: /default-rack, certSerialId: null} reports an CLOSED replica.
2019-10-20 04:42:07,695 [EventQueue-ContainerReportForContainerReportHandler] WARN  container.ContainerReportHandler (AbstractContainerReportHandler.java:updateContainerState(145)) - Container #1 is in OPEN state, but the datanode 57114e09-3b7f-4b4a-a342-090fe34f336a{ip: 192.168.164.239, host: trunk-nightly-20191020-r5wzl-4145440258, networkLocation: /default-rack, certSerialId: null} reports an CLOSED replica.
2019-10-20 04:42:07,995 [EventQueue-ContainerReportForContainerReportHandler] WARN  container.ContainerReportHandler (AbstractContainerReportHandler.java:updateContainerState(145)) - Container #1 is in OPEN state, but the datanode 57114e09-3b7f-4b4a-a342-090fe34f336a{ip: 192.168.164.239, host: trunk-nightly-20191020-r5wzl-4145440258, networkLocation: /default-rack, certSerialId: null} reports an CLOSED replica.
2019-10-20 04:42:08,048 [EventQueue-ContainerReportForContainerReportHandler] WARN  container.ContainerReportHandler (AbstractContainerReportHandler.java:updateContainerState(145)) - Container #1 is in OPEN state, but the datanode 8f4dcc74-0612-4035-9040-5f73cd792029{ip: 192.168.164.239, host: trunk-nightly-20191020-r5wzl-4145440258, networkLocation: /default-rack, certSerialId: null} reports an CLOSED replica.
2019-10-20 04:42:08,190 [BlockDeletingService#2] WARN  background.BlockDeletingService (BlockDeletingService.java:isDeletionAllowed(187)) - Close Container log Index 6 is not replicated across allthe servers in the pipeline 34dfe2c8-23b7-47ff-8954-045aad0d4d73 as the min replicated index is 4. Deletion is not allowed in this container yet.
2019-10-20 04:42:08,190 [BlockDeletingService#2] WARN  background.BlockDeletingService (BlockDeletingService.java:isDeletionAllowed(187)) - Close Container log Index 6 is not replicated across allthe servers in the pipeline 34dfe2c8-23b7-47ff-8954-045aad0d4d73 as the min replicated index is 4. Deletion is not allowed in this container yet.
2019-10-20 04:42:08,296 [EventQueue-ContainerReportForContainerReportHandler] WARN  container.ContainerReportHandler (AbstractContainerReportHandler.java:updateContainerState(145)) - Container #1 is in OPEN state, but the datanode 57114e09-3b7f-4b4a-a342-090fe34f336a{ip: 192.168.164.239, host: trunk-nightly-20191020-r5wzl-4145440258, networkLocation: /default-rack, certSerialId: null} reports an CLOSED replica.
2019-10-20 04:42:08,348 [EventQueue-ContainerReportForContainerReportHandler] WARN  container.ContainerReportHandler (AbstractContainerReportHandler.java:updateContainerState(145)) - Container #1 is in OPEN state, but the datanode 8f4dcc74-0612-4035-9040-5f73cd792029{ip: 192.168.164.239, host: trunk-nightly-20191020-r5wzl-4145440258, networkLocation: /default-rack, certSerialId: null} reports an CLOSED replica.
2019-10-20 04:42:08,549 [EventQueue-ContainerReportForContainerReportHandler] WARN  container.ContainerReportHandler (AbstractContainerReportHandler.java:updateContainerState(145)) - Container #1 is in OPEN state, but the datanode 8f4dcc74-0612-4035-9040-5f73cd792029{ip: 192.168.164.239, host: trunk-nightly-20191020-r5wzl-4145440258, networkLocation: /default-rack, certSerialId: null} reports an CLOSED replica.
2019-10-20 04:42:08,595 [EventQueue-ContainerReportForContainerReportHandler] WARN  container.ContainerReportHandler (AbstractContainerReportHandler.java:updateContainerState(145)) - Container #1 is in OPEN state, but the datanode 57114e09-3b7f-4b4a-a342-090fe34f336a{ip: 192.168.164.239, host: trunk-nightly-20191020-r5wzl-4145440258, networkLocation: /default-rack, certSerialId: null} reports an CLOSED replica.
2019-10-20 04:42:08,749 [EventQueue-ContainerReportForContainerReportHandler] WARN  container.ContainerReportHandler (AbstractContainerReportHandler.java:updateContainerState(145)) - Container #1 is in OPEN state, but the datanode 8f4dcc74-0612-4035-9040-5f73cd792029{ip: 192.168.164.239, host: trunk-nightly-20191020-r5wzl-4145440258, networkLocation: /default-rack, certSerialId: null} reports an CLOSED replica.
2019-10-20 04:42:08,897 [EventQueue-ContainerReportForContainerReportHandler] WARN  container.ContainerReportHandler (AbstractContainerReportHandler.java:updateContainerState(145)) - Container #1 is in OPEN state, but the datanode 57114e09-3b7f-4b4a-a342-090fe34f336a{ip: 192.168.164.239, host: trunk-nightly-20191020-r5wzl-4145440258, networkLocation: /default-rack, certSerialId: null} reports an CLOSED replica.
2019-10-20 04:42:09,149 [EventQueue-ContainerReportForContainerReportHandler] WARN  container.ContainerReportHandler (AbstractContainerReportHandler.java:updateContainerState(145)) - Container #1 is in OPEN state, but the datanode 8f4dcc74-0612-4035-9040-5f73cd792029{ip: 192.168.164.239, host: trunk-nightly-20191020-r5wzl-4145440258, networkLocation: /default-rack, certSerialId: null} reports an CLOSED replica.
2019-10-20 04:42:09,189 [java.util.concurrent.ThreadPoolExecutor$Worker@77e4dadc[State = -1, empty queue]] WARN  server.GrpcLogAppender (GrpcLogAppender.java:timeoutAppendRequest(209)) - 8f4dcc74-0612-4035-9040-5f73cd792029@group-045AAD0D4D73->e3be97a9-3d3a-4f1a-9aac-bb0a1b054e74-GrpcLogAppender: appendEntries Timeout, request=8f4dcc74-0612-4035-9040-5f73cd792029->e3be97a9-3d3a-4f1a-9aac-bb0a1b054e74#37-t3, previous=(t:3, i:10), leaderCommit=10, initializing? false, entries: <empty>
2019-10-20 04:42:09,193 [BlockDeletingService#2] WARN  background.BlockDeletingService (BlockDeletingService.java:isDeletionAllowed(187)) - Close Container log Index 6 is not replicated across allthe servers in the pipeline 34dfe2c8-23b7-47ff-8954-045aad0d4d73 as the min replicated index is 4. Deletion is not allowed in this container yet.
2019-10-20 04:42:09,193 [BlockDeletingService#2] WARN  background.BlockDeletingService (BlockDeletingService.java:isDeletionAllowed(187)) - Close Container log Index 6 is not replicated across allthe servers in the pipeline 34dfe2c8-23b7-47ff-8954-045aad0d4d73 as the min replicated index is 4. Deletion is not allowed in this container yet.
2019-10-20 04:42:09,199 [EventQueue-ContainerReportForContainerReportHandler] WARN  container.ContainerReportHandler (AbstractContainerReportHandler.java:updateContainerState(145)) - Container #1 is in OPEN state, but the datanode 57114e09-3b7f-4b4a-a342-090fe34f336a{ip: 192.168.164.239, host: trunk-nightly-20191020-r5wzl-4145440258, networkLocation: /default-rack, certSerialId: null} reports an CLOSED replica.
2019-10-20 04:42:09,449 [EventQueue-ContainerReportForContainerReportHandler] WARN  container.ContainerReportHandler (AbstractContainerReportHandler.java:updateContainerState(145)) - Container #1 is in OPEN state, but the datanode 8f4dcc74-0612-4035-9040-5f73cd792029{ip: 192.168.164.239, host: trunk-nightly-20191020-r5wzl-4145440258, networkLocation: /default-rack, certSerialId: null} reports an CLOSED replica.
2019-10-20 04:42:09,499 [EventQueue-ContainerReportForContainerReportHandler] WARN  container.ContainerReportHandler (AbstractContainerReportHandler.java:updateContainerState(145)) - Container #1 is in OPEN state, but the datanode 57114e09-3b7f-4b4a-a342-090fe34f336a{ip: 192.168.164.239, host: trunk-nightly-20191020-r5wzl-4145440258, networkLocation: /default-rack, certSerialId: null} reports an CLOSED replica.
2019-10-20 04:42:09,850 [EventQueue-ContainerReportForContainerReportHandler] WARN  container.ContainerReportHandler (AbstractContainerReportHandler.java:updateContainerState(145)) - Container #1 is in OPEN state, but the datanode 8f4dcc74-0612-4035-9040-5f73cd792029{ip: 192.168.164.239, host: trunk-nightly-20191020-r5wzl-4145440258, networkLocation: /default-rack, certSerialId: null} reports an CLOSED replica.
2019-10-20 04:42:09,901 [EventQueue-ContainerReportForContainerReportHandler] WARN  container.ContainerReportHandler (AbstractContainerReportHandler.java:updateContainerState(145)) - Container #1 is in OPEN state, but the datanode 57114e09-3b7f-4b4a-a342-090fe34f336a{ip: 192.168.164.239, host: trunk-nightly-20191020-r5wzl-4145440258, networkLocation: /default-rack, certSerialId: null} reports an CLOSED replica.
2019-10-20 04:42:10,050 [EventQueue-ContainerReportForContainerReportHandler] WARN  container.ContainerReportHandler (AbstractContainerReportHandler.java:updateContainerState(145)) - Container #1 is in OPEN state, but the datanode 8f4dcc74-0612-4035-9040-5f73cd792029{ip: 192.168.164.239, host: trunk-nightly-20191020-r5wzl-4145440258, networkLocation: /default-rack, certSerialId: null} reports an CLOSED replica.
2019-10-20 04:42:10,101 [EventQueue-ContainerReportForContainerReportHandler] WARN  container.ContainerReportHandler (AbstractContainerReportHandler.java:updateContainerState(145)) - Container #1 is in OPEN state, but the datanode 57114e09-3b7f-4b4a-a342-090fe34f336a{ip: 192.168.164.239, host: trunk-nightly-20191020-r5wzl-4145440258, networkLocation: /default-rack, certSerialId: null} reports an CLOSED replica.
2019-10-20 04:42:10,194 [BlockDeletingService#2] WARN  background.BlockDeletingService (BlockDeletingService.java:isDeletionAllowed(187)) - Close Container log Index 6 is not replicated across allthe servers in the pipeline 34dfe2c8-23b7-47ff-8954-045aad0d4d73 as the min replicated index is 4. Deletion is not allowed in this container yet.
2019-10-20 04:42:10,194 [BlockDeletingService#2] WARN  background.BlockDeletingService (BlockDeletingService.java:isDeletionAllowed(187)) - Close Container log Index 6 is not replicated across allthe servers in the pipeline 34dfe2c8-23b7-47ff-8954-045aad0d4d73 as the min replicated index is 4. Deletion is not allowed in this container yet.
2019-10-20 04:42:10,301 [EventQueue-ContainerReportForContainerReportHandler] WARN  container.ContainerReportHandler (AbstractContainerReportHandler.java:updateContainerState(145)) - Container #1 is in OPEN state, but the datanode 57114e09-3b7f-4b4a-a342-090fe34f336a{ip: 192.168.164.239, host: trunk-nightly-20191020-r5wzl-4145440258, networkLocation: /default-rack, certSerialId: null} reports an CLOSED replica.
2019-10-20 04:42:10,350 [EventQueue-ContainerReportForContainerReportHandler] WARN  container.ContainerReportHandler (AbstractContainerReportHandler.java:updateContainerState(145)) - Container #1 is in OPEN state, but the datanode 8f4dcc74-0612-4035-9040-5f73cd792029{ip: 192.168.164.239, host: trunk-nightly-20191020-r5wzl-4145440258, networkLocation: /default-rack, certSerialId: null} reports an CLOSED replica.
2019-10-20 04:42:10,601 [EventQueue-ContainerReportForContainerReportHandler] WARN  container.ContainerReportHandler (AbstractContainerReportHandler.java:updateContainerState(145)) - Container #1 is in OPEN state, but the datanode 57114e09-3b7f-4b4a-a342-090fe34f336a{ip: 192.168.164.239, host: trunk-nightly-20191020-r5wzl-4145440258, networkLocation: /default-rack, certSerialId: null} reports an CLOSED replica.
2019-10-20 04:42:10,650 [EventQueue-ContainerReportForContainerReportHandler] WARN  container.ContainerReportHandler (AbstractContainerReportHandler.java:updateContainerState(145)) - Container #1 is in OPEN state, but the datanode 8f4dcc74-0612-4035-9040-5f73cd792029{ip: 192.168.164.239, host: trunk-nightly-20191020-r5wzl-4145440258, networkLocation: /default-rack, certSerialId: null} reports an CLOSED replica.
2019-10-20 04:42:10,800 [EventQueue-ContainerReportForContainerReportHandler] WARN  container.ContainerReportHandler (AbstractContainerReportHandler.java:updateContainerState(145)) - Container #1 is in OPEN state, but the datanode 57114e09-3b7f-4b4a-a342-090fe34f336a{ip: 192.168.164.239, host: trunk-nightly-20191020-r5wzl-4145440258, networkLocation: /default-rack, certSerialId: null} reports an CLOSED replica.
2019-10-20 04:42:10,850 [EventQueue-ContainerReportForContainerReportHandler] WARN  container.ContainerReportHandler (AbstractContainerReportHandler.java:updateContainerState(145)) - Container #1 is in OPEN state, but the datanode 8f4dcc74-0612-4035-9040-5f73cd792029{ip: 192.168.164.239, host: trunk-nightly-20191020-r5wzl-4145440258, networkLocation: /default-rack, certSerialId: null} reports an CLOSED replica.
2019-10-20 04:42:11,100 [EventQueue-ContainerReportForContainerReportHandler] WARN  container.ContainerReportHandler (AbstractContainerReportHandler.java:updateContainerState(145)) - Container #1 is in OPEN state, but the datanode 57114e09-3b7f-4b4a-a342-090fe34f336a{ip: 192.168.164.239, host: trunk-nightly-20191020-r5wzl-4145440258, networkLocation: /default-rack, certSerialId: null} reports an CLOSED replica.
2019-10-20 04:42:11,152 [EventQueue-ContainerReportForContainerReportHandler] WARN  container.ContainerReportHandler (AbstractContainerReportHandler.java:updateContainerState(145)) - Container #1 is in OPEN state, but the datanode 8f4dcc74-0612-4035-9040-5f73cd792029{ip: 192.168.164.239, host: trunk-nightly-20191020-r5wzl-4145440258, networkLocation: /default-rack, certSerialId: null} reports an CLOSED replica.
2019-10-20 04:42:11,196 [BlockDeletingService#2] WARN  background.BlockDeletingService (BlockDeletingService.java:isDeletionAllowed(187)) - Close Container log Index 6 is not replicated across allthe servers in the pipeline 34dfe2c8-23b7-47ff-8954-045aad0d4d73 as the min replicated index is 4. Deletion is not allowed in this container yet.
2019-10-20 04:42:11,196 [BlockDeletingService#2] WARN  background.BlockDeletingService (BlockDeletingService.java:isDeletionAllowed(187)) - Close Container log Index 6 is not replicated across allthe servers in the pipeline 34dfe2c8-23b7-47ff-8954-045aad0d4d73 as the min replicated index is 4. Deletion is not allowed in this container yet.
2019-10-20 04:42:11,401 [EventQueue-ContainerReportForContainerReportHandler] WARN  container.ContainerReportHandler (AbstractContainerReportHandler.java:updateContainerState(145)) - Container #1 is in OPEN state, but the datanode 57114e09-3b7f-4b4a-a342-090fe34f336a{ip: 192.168.164.239, host: trunk-nightly-20191020-r5wzl-4145440258, networkLocation: /default-rack, certSerialId: null} reports an CLOSED replica.
2019-10-20 04:42:11,552 [EventQueue-ContainerReportForContainerReportHandler] WARN  container.ContainerReportHandler (AbstractContainerReportHandler.java:updateContainerState(145)) - Container #1 is in OPEN state, but the datanode 8f4dcc74-0612-4035-9040-5f73cd792029{ip: 192.168.164.239, host: trunk-nightly-20191020-r5wzl-4145440258, networkLocation: /default-rack, certSerialId: null} reports an CLOSED replica.
2019-10-20 04:42:11,690 [java.util.concurrent.ThreadPoolExecutor$Worker@77e4dadc[State = -1, empty queue]] WARN  server.GrpcLogAppender (GrpcLogAppender.java:timeoutAppendRequest(209)) - 8f4dcc74-0612-4035-9040-5f73cd792029@group-045AAD0D4D73->e3be97a9-3d3a-4f1a-9aac-bb0a1b054e74-GrpcLogAppender: appendEntries Timeout, request=8f4dcc74-0612-4035-9040-5f73cd792029->e3be97a9-3d3a-4f1a-9aac-bb0a1b054e74#38-t3, previous=(t:3, i:10), leaderCommit=10, initializing? false, entries: <empty>
2019-10-20 04:42:11,701 [EventQueue-ContainerReportForContainerReportHandler] WARN  container.ContainerReportHandler (AbstractContainerReportHandler.java:updateContainerState(145)) - Container #1 is in OPEN state, but the datanode 57114e09-3b7f-4b4a-a342-090fe34f336a{ip: 192.168.164.239, host: trunk-nightly-20191020-r5wzl-4145440258, networkLocation: /default-rack, certSerialId: null} reports an CLOSED replica.
2019-10-20 04:42:11,853 [EventQueue-ContainerReportForContainerReportHandler] WARN  container.ContainerReportHandler (AbstractContainerReportHandler.java:updateContainerState(145)) - Container #1 is in OPEN state, but the datanode 8f4dcc74-0612-4035-9040-5f73cd792029{ip: 192.168.164.239, host: trunk-nightly-20191020-r5wzl-4145440258, networkLocation: /default-rack, certSerialId: null} reports an CLOSED replica.
2019-10-20 04:42:11,902 [EventQueue-ContainerReportForContainerReportHandler] WARN  container.ContainerReportHandler (AbstractContainerReportHandler.java:updateContainerState(145)) - Container #1 is in OPEN state, but the datanode 57114e09-3b7f-4b4a-a342-090fe34f336a{ip: 192.168.164.239, host: trunk-nightly-20191020-r5wzl-4145440258, networkLocation: /default-rack, certSerialId: null} reports an CLOSED replica.
2019-10-20 04:42:12,152 [EventQueue-ContainerReportForContainerReportHandler] WARN  container.ContainerReportHandler (AbstractContainerReportHandler.java:updateContainerState(145)) - Container #1 is in OPEN state, but the datanode 8f4dcc74-0612-4035-9040-5f73cd792029{ip: 192.168.164.239, host: trunk-nightly-20191020-r5wzl-4145440258, networkLocation: /default-rack, certSerialId: null} reports an CLOSED replica.
2019-10-20 04:42:12,199 [BlockDeletingService#2] WARN  background.BlockDeletingService (BlockDeletingService.java:isDeletionAllowed(187)) - Close Container log Index 6 is not replicated across allthe servers in the pipeline 34dfe2c8-23b7-47ff-8954-045aad0d4d73 as the min replicated index is 4. Deletion is not allowed in this container yet.
2019-10-20 04:42:12,199 [BlockDeletingService#2] WARN  background.BlockDeletingService (BlockDeletingService.java:isDeletionAllowed(187)) - Close Container log Index 6 is not replicated across allthe servers in the pipeline 34dfe2c8-23b7-47ff-8954-045aad0d4d73 as the min replicated index is 4. Deletion is not allowed in this container yet.
2019-10-20 04:42:12,303 [EventQueue-ContainerReportForContainerReportHandler] WARN  container.ContainerReportHandler (AbstractContainerReportHandler.java:updateContainerState(145)) - Container #1 is in OPEN state, but the datanode 57114e09-3b7f-4b4a-a342-090fe34f336a{ip: 192.168.164.239, host: trunk-nightly-20191020-r5wzl-4145440258, networkLocation: /default-rack, certSerialId: null} reports an CLOSED replica.
2019-10-20 04:42:12,329 [Thread-445] INFO  client.GrpcClientProtocolService (GrpcClientProtocolService.java:lambda$processClientRequest$0(278)) - Failed RaftClientRequest:client-A2F9089F7F1F->57114e09-3b7f-4b4a-a342-090fe34f336a@group-045AAD0D4D73, cid=10, seq=0, Watch-ALL_COMMITTED(6), Message:<EMPTY>, reply=RaftClientReply:client-A2F9089F7F1F->57114e09-3b7f-4b4a-a342-090fe34f336a@group-045AAD0D4D73, cid=10, FAILED org.apache.ratis.protocol.NotLeaderException: Server 57114e09-3b7f-4b4a-a342-090fe34f336a@group-045AAD0D4D73 is not the leader 8f4dcc74-0612-4035-9040-5f73cd792029:192.168.164.239:37614, logIndex=0, commits[57114e09-3b7f-4b4a-a342-090fe34f336a:c10, e3be97a9-3d3a-4f1a-9aac-bb0a1b054e74:c4, 8f4dcc74-0612-4035-9040-5f73cd792029:c10]
2019-10-20 04:42:12,452 [EventQueue-ContainerReportForContainerReportHandler] WARN  container.ContainerReportHandler (AbstractContainerReportHandler.java:updateContainerState(145)) - Container #1 is in OPEN state, but the datanode 8f4dcc74-0612-4035-9040-5f73cd792029{ip: 192.168.164.239, host: trunk-nightly-20191020-r5wzl-4145440258, networkLocation: /default-rack, certSerialId: null} reports an CLOSED replica.
2019-10-20 04:42:12,653 [EventQueue-ContainerReportForContainerReportHandler] WARN  container.ContainerReportHandler (AbstractContainerReportHandler.java:updateContainerState(145)) - Container #1 is in OPEN state, but the datanode 8f4dcc74-0612-4035-9040-5f73cd792029{ip: 192.168.164.239, host: trunk-nightly-20191020-r5wzl-4145440258, networkLocation: /default-rack, certSerialId: null} reports an CLOSED replica.
2019-10-20 04:42:12,683 [Thread-448] INFO  client.GrpcClientProtocolService (GrpcClientProtocolService.java:lambda$processClientRequest$0(278)) - Failed RaftClientRequest:client-A2F9089F7F1F->8f4dcc74-0612-4035-9040-5f73cd792029@group-045AAD0D4D73, cid=10, seq=0, Watch-ALL_COMMITTED(6), Message:<EMPTY>, reply=RaftClientReply:client-A2F9089F7F1F->8f4dcc74-0612-4035-9040-5f73cd792029@group-045AAD0D4D73, cid=10, FAILED org.apache.ratis.protocol.NotReplicatedException: Request with call Id 10 and log index 6 is not yet replicated to ALL_COMMITTED, logIndex=6, commits[8f4dcc74-0612-4035-9040-5f73cd792029:c10, 57114e09-3b7f-4b4a-a342-090fe34f336a:c10, e3be97a9-3d3a-4f1a-9aac-bb0a1b054e74:c4]
2019-10-20 04:42:12,704 [EventQueue-ContainerReportForContainerReportHandler] WARN  container.ContainerReportHandler (AbstractContainerReportHandler.java:updateContainerState(145)) - Container #1 is in OPEN state, but the datanode 57114e09-3b7f-4b4a-a342-090fe34f336a{ip: 192.168.164.239, host: trunk-nightly-20191020-r5wzl-4145440258, networkLocation: /default-rack, certSerialId: null} reports an CLOSED replica.
2019-10-20 04:42:12,953 [EventQueue-ContainerReportForContainerReportHandler] WARN  container.ContainerReportHandler (AbstractContainerReportHandler.java:updateContainerState(145)) - Container #1 is in OPEN state, but the datanode 8f4dcc74-0612-4035-9040-5f73cd792029{ip: 192.168.164.239, host: trunk-nightly-20191020-r5wzl-4145440258, networkLocation: /default-rack, certSerialId: null} reports an CLOSED replica.
2019-10-20 04:42:13,003 [EventQueue-ContainerReportForContainerReportHandler] WARN  container.ContainerReportHandler (AbstractContainerReportHandler.java:updateContainerState(145)) - Container #1 is in OPEN state, but the datanode 57114e09-3b7f-4b4a-a342-090fe34f336a{ip: 192.168.164.239, host: trunk-nightly-20191020-r5wzl-4145440258, networkLocation: /default-rack, certSerialId: null} reports an CLOSED replica.
2019-10-20 04:42:13,201 [BlockDeletingService#2] WARN  background.BlockDeletingService (BlockDeletingService.java:isDeletionAllowed(187)) - Close Container log Index 6 is not replicated across allthe servers in the pipeline 34dfe2c8-23b7-47ff-8954-045aad0d4d73 as the min replicated index is 4. Deletion is not allowed in this container yet.
2019-10-20 04:42:13,201 [BlockDeletingService#2] WARN  background.BlockDeletingService (BlockDeletingService.java:isDeletionAllowed(187)) - Close Container log Index 6 is not replicated across allthe servers in the pipeline 34dfe2c8-23b7-47ff-8954-045aad0d4d73 as the min replicated index is 4. Deletion is not allowed in this container yet.
2019-10-20 04:42:13,255 [EventQueue-ContainerReportForContainerReportHandler] WARN  container.ContainerReportHandler (AbstractContainerReportHandler.java:updateContainerState(145)) - Container #1 is in OPEN state, but the datanode 8f4dcc74-0612-4035-9040-5f73cd792029{ip: 192.168.164.239, host: trunk-nightly-20191020-r5wzl-4145440258, networkLocation: /default-rack, certSerialId: null} reports an CLOSED replica.
2019-10-20 04:42:13,305 [EventQueue-ContainerReportForContainerReportHandler] WARN  container.ContainerReportHandler (AbstractContainerReportHandler.java:updateContainerState(145)) - Container #1 is in OPEN state, but the datanode 57114e09-3b7f-4b4a-a342-090fe34f336a{ip: 192.168.164.239, host: trunk-nightly-20191020-r5wzl-4145440258, networkLocation: /default-rack, certSerialId: null} reports an CLOSED replica.
2019-10-20 04:42:13,654 [EventQueue-ContainerReportForContainerReportHandler] WARN  container.ContainerReportHandler (AbstractContainerReportHandler.java:updateContainerState(145)) - Container #1 is in OPEN state, but the datanode 8f4dcc74-0612-4035-9040-5f73cd792029{ip: 192.168.164.239, host: trunk-nightly-20191020-r5wzl-4145440258, networkLocation: /default-rack, certSerialId: null} reports an CLOSED replica.
2019-10-20 04:42:13,704 [EventQueue-ContainerReportForContainerReportHandler] WARN  container.ContainerReportHandler (AbstractContainerReportHandler.java:updateContainerState(145)) - Container #1 is in OPEN state, but the datanode 57114e09-3b7f-4b4a-a342-090fe34f336a{ip: 192.168.164.239, host: trunk-nightly-20191020-r5wzl-4145440258, networkLocation: /default-rack, certSerialId: null} reports an CLOSED replica.
2019-10-20 04:42:13,957 [EventQueue-ContainerReportForContainerReportHandler] WARN  container.ContainerReportHandler (AbstractContainerReportHandler.java:updateContainerState(145)) - Container #1 is in OPEN state, but the datanode 8f4dcc74-0612-4035-9040-5f73cd792029{ip: 192.168.164.239, host: trunk-nightly-20191020-r5wzl-4145440258, networkLocation: /default-rack, certSerialId: null} reports an CLOSED replica.
2019-10-20 04:42:14,105 [EventQueue-ContainerReportForContainerReportHandler] WARN  container.ContainerReportHandler (AbstractContainerReportHandler.java:updateContainerState(145)) - Container #1 is in OPEN state, but the datanode 57114e09-3b7f-4b4a-a342-090fe34f336a{ip: 192.168.164.239, host: trunk-nightly-20191020-r5wzl-4145440258, networkLocation: /default-rack, certSerialId: null} reports an CLOSED replica.
2019-10-20 04:42:14,192 [java.util.concurrent.ThreadPoolExecutor$Worker@77e4dadc[State = -1, empty queue]] WARN  server.GrpcLogAppender (GrpcLogAppender.java:timeoutAppendRequest(209)) - 8f4dcc74-0612-4035-9040-5f73cd792029@group-045AAD0D4D73->e3be97a9-3d3a-4f1a-9aac-bb0a1b054e74-GrpcLogAppender: appendEntries Timeout, request=8f4dcc74-0612-4035-9040-5f73cd792029->e3be97a9-3d3a-4f1a-9aac-bb0a1b054e74#39-t3, previous=(t:3, i:10), leaderCommit=10, initializing? false, entries: <empty>
2019-10-20 04:42:14,205 [BlockDeletingService#2] WARN  background.BlockDeletingService (BlockDeletingService.java:isDeletionAllowed(187)) - Close Container log Index 6 is not replicated across allthe servers in the pipeline 34dfe2c8-23b7-47ff-8954-045aad0d4d73 as the min replicated index is 4. Deletion is not allowed in this container yet.
2019-10-20 04:42:14,205 [BlockDeletingService#2] WARN  background.BlockDeletingService (BlockDeletingService.java:isDeletionAllowed(187)) - Close Container log Index 6 is not replicated across allthe servers in the pipeline 34dfe2c8-23b7-47ff-8954-045aad0d4d73 as the min replicated index is 4. Deletion is not allowed in this container yet.
2019-10-20 04:42:14,357 [EventQueue-ContainerReportForContainerReportHandler] WARN  container.ContainerReportHandler (AbstractContainerReportHandler.java:updateContainerState(145)) - Container #1 is in OPEN state, but the datanode 8f4dcc74-0612-4035-9040-5f73cd792029{ip: 192.168.164.239, host: trunk-nightly-20191020-r5wzl-4145440258, networkLocation: /default-rack, certSerialId: null} reports an CLOSED replica.
2019-10-20 04:42:14,407 [EventQueue-ContainerReportForContainerReportHandler] WARN  container.ContainerReportHandler (AbstractContainerReportHandler.java:updateContainerState(145)) - Container #1 is in OPEN state, but the datanode 57114e09-3b7f-4b4a-a342-090fe34f336a{ip: 192.168.164.239, host: trunk-nightly-20191020-r5wzl-4145440258, networkLocation: /default-rack, certSerialId: null} reports an CLOSED replica.
2019-10-20 04:42:14,605 [EventQueue-ContainerReportForContainerReportHandler] WARN  container.ContainerReportHandler (AbstractContainerReportHandler.java:updateContainerState(145)) - Container #1 is in OPEN state, but the datanode 57114e09-3b7f-4b4a-a342-090fe34f336a{ip: 192.168.164.239, host: trunk-nightly-20191020-r5wzl-4145440258, networkLocation: /default-rack, certSerialId: null} reports an CLOSED replica.
2019-10-20 04:42:14,658 [EventQueue-ContainerReportForContainerReportHandler] WARN  container.ContainerReportHandler (AbstractContainerReportHandler.java:updateContainerState(145)) - Container #1 is in OPEN state, but the datanode 8f4dcc74-0612-4035-9040-5f73cd792029{ip: 192.168.164.239, host: trunk-nightly-20191020-r5wzl-4145440258, networkLocation: /default-rack, certSerialId: null} reports an CLOSED replica.
2019-10-20 04:42:14,858 [EventQueue-ContainerReportForContainerReportHandler] WARN  container.ContainerReportHandler (AbstractContainerReportHandler.java:updateContainerState(145)) - Container #1 is in OPEN state, but the datanode 8f4dcc74-0612-4035-9040-5f73cd792029{ip: 192.168.164.239, host: trunk-nightly-20191020-r5wzl-4145440258, networkLocation: /default-rack, certSerialId: null} reports an CLOSED replica.
2019-10-20 04:42:14,904 [EventQueue-ContainerReportForContainerReportHandler] WARN  container.ContainerReportHandler (AbstractContainerReportHandler.java:updateContainerState(145)) - Container #1 is in OPEN state, but the datanode 57114e09-3b7f-4b4a-a342-090fe34f336a{ip: 192.168.164.239, host: trunk-nightly-20191020-r5wzl-4145440258, networkLocation: /default-rack, certSerialId: null} reports an CLOSED replica.
2019-10-20 04:42:15,105 [EventQueue-ContainerReportForContainerReportHandler] WARN  container.ContainerReportHandler (AbstractContainerReportHandler.java:updateContainerState(145)) - Container #1 is in OPEN state, but the datanode 57114e09-3b7f-4b4a-a342-090fe34f336a{ip: 192.168.164.239, host: trunk-nightly-20191020-r5wzl-4145440258, networkLocation: /default-rack, certSerialId: null} reports an CLOSED replica.
2019-10-20 04:42:15,158 [EventQueue-ContainerReportForContainerReportHandler] WARN  container.ContainerReportHandler (AbstractContainerReportHandler.java:updateContainerState(145)) - Container #1 is in OPEN state, but the datanode 8f4dcc74-0612-4035-9040-5f73cd792029{ip: 192.168.164.239, host: trunk-nightly-20191020-r5wzl-4145440258, networkLocation: /default-rack, certSerialId: null} reports an CLOSED replica.
2019-10-20 04:42:15,208 [BlockDeletingService#2] WARN  background.BlockDeletingService (BlockDeletingService.java:isDeletionAllowed(187)) - Close Container log Index 6 is not replicated across allthe servers in the pipeline 34dfe2c8-23b7-47ff-8954-045aad0d4d73 as the min replicated index is 4. Deletion is not allowed in this container yet.
2019-10-20 04:42:15,208 [BlockDeletingService#2] WARN  background.BlockDeletingService (BlockDeletingService.java:isDeletionAllowed(187)) - Close Container log Index 6 is not replicated across allthe servers in the pipeline 34dfe2c8-23b7-47ff-8954-045aad0d4d73 as the min replicated index is 4. Deletion is not allowed in this container yet.
2019-10-20 04:42:15,406 [EventQueue-ContainerReportForContainerReportHandler] WARN  container.ContainerReportHandler (AbstractContainerReportHandler.java:updateContainerState(145)) - Container #1 is in OPEN state, but the datanode 57114e09-3b7f-4b4a-a342-090fe34f336a{ip: 192.168.164.239, host: trunk-nightly-20191020-r5wzl-4145440258, networkLocation: /default-rack, certSerialId: null} reports an CLOSED replica.
2019-10-20 04:42:15,459 [EventQueue-ContainerReportForContainerReportHandler] WARN  container.ContainerReportHandler (AbstractContainerReportHandler.java:updateContainerState(145)) - Container #1 is in OPEN state, but the datanode 8f4dcc74-0612-4035-9040-5f73cd792029{ip: 192.168.164.239, host: trunk-nightly-20191020-r5wzl-4145440258, networkLocation: /default-rack, certSerialId: null} reports an CLOSED replica.
2019-10-20 04:42:15,607 [EventQueue-ContainerReportForContainerReportHandler] WARN  container.ContainerReportHandler (AbstractContainerReportHandler.java:updateContainerState(145)) - Container #1 is in OPEN state, but the datanode 57114e09-3b7f-4b4a-a342-090fe34f336a{ip: 192.168.164.239, host: trunk-nightly-20191020-r5wzl-4145440258, networkLocation: /default-rack, certSerialId: null} reports an CLOSED replica.
2019-10-20 04:42:15,760 [EventQueue-ContainerReportForContainerReportHandler] WARN  container.ContainerReportHandler (AbstractContainerReportHandler.java:updateContainerState(145)) - Container #1 is in OPEN state, but the datanode 8f4dcc74-0612-4035-9040-5f73cd792029{ip: 192.168.164.239, host: trunk-nightly-20191020-r5wzl-4145440258, networkLocation: /default-rack, certSerialId: null} reports an CLOSED replica.
2019-10-20 04:42:15,908 [EventQueue-ContainerReportForContainerReportHandler] WARN  container.ContainerReportHandler (AbstractContainerReportHandler.java:updateContainerState(145)) - Container #1 is in OPEN state, but the datanode 57114e09-3b7f-4b4a-a342-090fe34f336a{ip: 192.168.164.239, host: trunk-nightly-20191020-r5wzl-4145440258, networkLocation: /default-rack, certSerialId: null} reports an CLOSED replica.
2019-10-20 04:42:15,959 [EventQueue-ContainerReportForContainerReportHandler] WARN  container.ContainerReportHandler (AbstractContainerReportHandler.java:updateContainerState(145)) - Container #1 is in OPEN state, but the datanode 8f4dcc74-0612-4035-9040-5f73cd792029{ip: 192.168.164.239, host: trunk-nightly-20191020-r5wzl-4145440258, networkLocation: /default-rack, certSerialId: null} reports an CLOSED replica.
2019-10-20 04:42:16,108 [EventQueue-ContainerReportForContainerReportHandler] WARN  container.ContainerReportHandler (AbstractContainerReportHandler.java:updateContainerState(145)) - Container #1 is in OPEN state, but the datanode 57114e09-3b7f-4b4a-a342-090fe34f336a{ip: 192.168.164.239, host: trunk-nightly-20191020-r5wzl-4145440258, networkLocation: /default-rack, certSerialId: null} reports an CLOSED replica.
2019-10-20 04:42:16,211 [BlockDeletingService#2] WARN  background.BlockDeletingService (BlockDeletingService.java:isDeletionAllowed(187)) - Close Container log Index 6 is not replicated across allthe servers in the pipeline 34dfe2c8-23b7-47ff-8954-045aad0d4d73 as the min replicated index is 4. Deletion is not allowed in this container yet.
2019-10-20 04:42:16,211 [BlockDeletingService#2] WARN  background.BlockDeletingService (BlockDeletingService.java:isDeletionAllowed(187)) - Close Container log Index 6 is not replicated across allthe servers in the pipeline 34dfe2c8-23b7-47ff-8954-045aad0d4d73 as the min replicated index is 4. Deletion is not allowed in this container yet.
2019-10-20 04:42:16,359 [EventQueue-ContainerReportForContainerReportHandler] WARN  container.ContainerReportHandler (AbstractContainerReportHandler.java:updateContainerState(145)) - Container #1 is in OPEN state, but the datanode 8f4dcc74-0612-4035-9040-5f73cd792029{ip: 192.168.164.239, host: trunk-nightly-20191020-r5wzl-4145440258, networkLocation: /default-rack, certSerialId: null} reports an CLOSED replica.
2019-10-20 04:42:16,409 [EventQueue-ContainerReportForContainerReportHandler] WARN  container.ContainerReportHandler (AbstractContainerReportHandler.java:updateContainerState(145)) - Container #1 is in OPEN state, but the datanode 57114e09-3b7f-4b4a-a342-090fe34f336a{ip: 192.168.164.239, host: trunk-nightly-20191020-r5wzl-4145440258, networkLocation: /default-rack, certSerialId: null} reports an CLOSED replica.
2019-10-20 04:42:16,559 [EventQueue-ContainerReportForContainerReportHandler] WARN  container.ContainerReportHandler (AbstractContainerReportHandler.java:updateContainerState(145)) - Container #1 is in OPEN state, but the datanode 8f4dcc74-0612-4035-9040-5f73cd792029{ip: 192.168.164.239, host: trunk-nightly-20191020-r5wzl-4145440258, networkLocation: /default-rack, certSerialId: null} reports an CLOSED replica.
2019-10-20 04:42:16,610 [EventQueue-ContainerReportForContainerReportHandler] WARN  container.ContainerReportHandler (AbstractContainerReportHandler.java:updateContainerState(145)) - Container #1 is in OPEN state, but the datanode 57114e09-3b7f-4b4a-a342-090fe34f336a{ip: 192.168.164.239, host: trunk-nightly-20191020-r5wzl-4145440258, networkLocation: /default-rack, certSerialId: null} reports an CLOSED replica.
2019-10-20 04:42:16,694 [java.util.concurrent.ThreadPoolExecutor$Worker@77e4dadc[State = -1, empty queue]] WARN  server.GrpcLogAppender (GrpcLogAppender.java:timeoutAppendRequest(209)) - 8f4dcc74-0612-4035-9040-5f73cd792029@group-045AAD0D4D73->e3be97a9-3d3a-4f1a-9aac-bb0a1b054e74-GrpcLogAppender: appendEntries Timeout, request=8f4dcc74-0612-4035-9040-5f73cd792029->e3be97a9-3d3a-4f1a-9aac-bb0a1b054e74#40-t3, previous=(t:3, i:10), leaderCommit=10, initializing? false, entries: <empty>
2019-10-20 04:42:16,859 [EventQueue-ContainerReportForContainerReportHandler] WARN  container.ContainerReportHandler (AbstractContainerReportHandler.java:updateContainerState(145)) - Container #1 is in OPEN state, but the datanode 8f4dcc74-0612-4035-9040-5f73cd792029{ip: 192.168.164.239, host: trunk-nightly-20191020-r5wzl-4145440258, networkLocation: /default-rack, certSerialId: null} reports an CLOSED replica.
2019-10-20 04:42:16,910 [EventQueue-ContainerReportForContainerReportHandler] WARN  container.ContainerReportHandler (AbstractContainerReportHandler.java:updateContainerState(145)) - Container #1 is in OPEN state, but the datanode 57114e09-3b7f-4b4a-a342-090fe34f336a{ip: 192.168.164.239, host: trunk-nightly-20191020-r5wzl-4145440258, networkLocation: /default-rack, certSerialId: null} reports an CLOSED replica.
2019-10-20 04:42:17,110 [EventQueue-ContainerReportForContainerReportHandler] WARN  container.ContainerReportHandler (AbstractContainerReportHandler.java:updateContainerState(145)) - Container #1 is in OPEN state, but the datanode 57114e09-3b7f-4b4a-a342-090fe34f336a{ip: 192.168.164.239, host: trunk-nightly-20191020-r5wzl-4145440258, networkLocation: /default-rack, certSerialId: null} reports an CLOSED replica.
2019-10-20 04:42:17,213 [BlockDeletingService#2] WARN  background.BlockDeletingService (BlockDeletingService.java:isDeletionAllowed(187)) - Close Container log Index 6 is not replicated across allthe servers in the pipeline 34dfe2c8-23b7-47ff-8954-045aad0d4d73 as the min replicated index is 4. Deletion is not allowed in this container yet.
2019-10-20 04:42:17,213 [BlockDeletingService#2] WARN  background.BlockDeletingService (BlockDeletingService.java:isDeletionAllowed(187)) - Close Container log Index 6 is not replicated across allthe servers in the pipeline 34dfe2c8-23b7-47ff-8954-045aad0d4d73 as the min replicated index is 4. Deletion is not allowed in this container yet.
2019-10-20 04:42:17,259 [EventQueue-ContainerReportForContainerReportHandler] WARN  container.ContainerReportHandler (AbstractContainerReportHandler.java:updateContainerState(145)) - Container #1 is in OPEN state, but the datanode 8f4dcc74-0612-4035-9040-5f73cd792029{ip: 192.168.164.239, host: trunk-nightly-20191020-r5wzl-4145440258, networkLocation: /default-rack, certSerialId: null} reports an CLOSED replica.
2019-10-20 04:42:17,459 [EventQueue-ContainerReportForContainerReportHandler] WARN  container.ContainerReportHandler (AbstractContainerReportHandler.java:updateContainerState(145)) - Container #1 is in OPEN state, but the datanode 8f4dcc74-0612-4035-9040-5f73cd792029{ip: 192.168.164.239, host: trunk-nightly-20191020-r5wzl-4145440258, networkLocation: /default-rack, certSerialId: null} reports an CLOSED replica.
2019-10-20 04:42:17,509 [EventQueue-ContainerReportForContainerReportHandler] WARN  container.ContainerReportHandler (AbstractContainerReportHandler.java:updateContainerState(145)) - Container #1 is in OPEN state, but the datanode 57114e09-3b7f-4b4a-a342-090fe34f336a{ip: 192.168.164.239, host: trunk-nightly-20191020-r5wzl-4145440258, networkLocation: /default-rack, certSerialId: null} reports an CLOSED replica.
2019-10-20 04:42:17,760 [EventQueue-ContainerReportForContainerReportHandler] WARN  container.ContainerReportHandler (AbstractContainerReportHandler.java:updateContainerState(145)) - Container #1 is in OPEN state, but the datanode 8f4dcc74-0612-4035-9040-5f73cd792029{ip: 192.168.164.239, host: trunk-nightly-20191020-r5wzl-4145440258, networkLocation: /default-rack, certSerialId: null} reports an CLOSED replica.
2019-10-20 04:42:17,909 [EventQueue-ContainerReportForContainerReportHandler] WARN  container.ContainerReportHandler (AbstractContainerReportHandler.java:updateContainerState(145)) - Container #1 is in OPEN state, but the datanode 57114e09-3b7f-4b4a-a342-090fe34f336a{ip: 192.168.164.239, host: trunk-nightly-20191020-r5wzl-4145440258, networkLocation: /default-rack, certSerialId: null} reports an CLOSED replica.
2019-10-20 04:42:18,060 [EventQueue-ContainerReportForContainerReportHandler] WARN  container.ContainerReportHandler (AbstractContainerReportHandler.java:updateContainerState(145)) - Container #1 is in OPEN state, but the datanode 8f4dcc74-0612-4035-9040-5f73cd792029{ip: 192.168.164.239, host: trunk-nightly-20191020-r5wzl-4145440258, networkLocation: /default-rack, certSerialId: null} reports an CLOSED replica.
2019-10-20 04:42:18,109 [EventQueue-ContainerReportForContainerReportHandler] WARN  container.ContainerReportHandler (AbstractContainerReportHandler.java:updateContainerState(145)) - Container #1 is in OPEN state, but the datanode 57114e09-3b7f-4b4a-a342-090fe34f336a{ip: 192.168.164.239, host: trunk-nightly-20191020-r5wzl-4145440258, networkLocation: /default-rack, certSerialId: null} reports an CLOSED replica.
2019-10-20 04:42:18,215 [BlockDeletingService#2] WARN  background.BlockDeletingService (BlockDeletingService.java:isDeletionAllowed(187)) - Close Container log Index 6 is not replicated across allthe servers in the pipeline 34dfe2c8-23b7-47ff-8954-045aad0d4d73 as the min replicated index is 4. Deletion is not allowed in this container yet.
2019-10-20 04:42:18,215 [BlockDeletingService#2] WARN  background.BlockDeletingService (BlockDeletingService.java:isDeletionAllowed(187)) - Close Container log Index 6 is not replicated across allthe servers in the pipeline 34dfe2c8-23b7-47ff-8954-045aad0d4d73 as the min replicated index is 4. Deletion is not allowed in this container yet.
2019-10-20 04:42:18,309 [EventQueue-ContainerReportForContainerReportHandler] WARN  container.ContainerReportHandler (AbstractContainerReportHandler.java:updateContainerState(145)) - Container #1 is in OPEN state, but the datanode 57114e09-3b7f-4b4a-a342-090fe34f336a{ip: 192.168.164.239, host: trunk-nightly-20191020-r5wzl-4145440258, networkLocation: /default-rack, certSerialId: null} reports an CLOSED replica.
2019-10-20 04:42:18,361 [EventQueue-ContainerReportForContainerReportHandler] WARN  container.ContainerReportHandler (AbstractContainerReportHandler.java:updateContainerState(145)) - Container #1 is in OPEN state, but the datanode 8f4dcc74-0612-4035-9040-5f73cd792029{ip: 192.168.164.239, host: trunk-nightly-20191020-r5wzl-4145440258, networkLocation: /default-rack, certSerialId: null} reports an CLOSED replica.
2019-10-20 04:42:18,509 [EventQueue-ContainerReportForContainerReportHandler] WARN  container.ContainerReportHandler (AbstractContainerReportHandler.java:updateContainerState(145)) - Container #1 is in OPEN state, but the datanode 57114e09-3b7f-4b4a-a342-090fe34f336a{ip: 192.168.164.239, host: trunk-nightly-20191020-r5wzl-4145440258, networkLocation: /default-rack, certSerialId: null} reports an CLOSED replica.
2019-10-20 04:42:18,561 [EventQueue-ContainerReportForContainerReportHandler] WARN  container.ContainerReportHandler (AbstractContainerReportHandler.java:updateContainerState(145)) - Container #1 is in OPEN state, but the datanode 8f4dcc74-0612-4035-9040-5f73cd792029{ip: 192.168.164.239, host: trunk-nightly-20191020-r5wzl-4145440258, networkLocation: /default-rack, certSerialId: null} reports an CLOSED replica.
2019-10-20 04:42:18,761 [EventQueue-ContainerReportForContainerReportHandler] WARN  container.ContainerReportHandler (AbstractContainerReportHandler.java:updateContainerState(145)) - Container #1 is in OPEN state, but the datanode 8f4dcc74-0612-4035-9040-5f73cd792029{ip: 192.168.164.239, host: trunk-nightly-20191020-r5wzl-4145440258, networkLocation: /default-rack, certSerialId: null} reports an CLOSED replica.
2019-10-20 04:42:18,909 [EventQueue-ContainerReportForContainerReportHandler] WARN  container.ContainerReportHandler (AbstractContainerReportHandler.java:updateContainerState(145)) - Container #1 is in OPEN state, but the datanode 57114e09-3b7f-4b4a-a342-090fe34f336a{ip: 192.168.164.239, host: trunk-nightly-20191020-r5wzl-4145440258, networkLocation: /default-rack, certSerialId: null} reports an CLOSED replica.
2019-10-20 04:42:19,060 [EventQueue-ContainerReportForContainerReportHandler] WARN  container.ContainerReportHandler (AbstractContainerReportHandler.java:updateContainerState(145)) - Container #1 is in OPEN state, but the datanode 8f4dcc74-0612-4035-9040-5f73cd792029{ip: 192.168.164.239, host: trunk-nightly-20191020-r5wzl-4145440258, networkLocation: /default-rack, certSerialId: null} reports an CLOSED replica.
2019-10-20 04:42:19,110 [EventQueue-ContainerReportForContainerReportHandler] WARN  container.ContainerReportHandler (AbstractContainerReportHandler.java:updateContainerState(145)) - Container #1 is in OPEN state, but the datanode 57114e09-3b7f-4b4a-a342-090fe34f336a{ip: 192.168.164.239, host: trunk-nightly-20191020-r5wzl-4145440258, networkLocation: /default-rack, certSerialId: null} reports an CLOSED replica.
2019-10-20 04:42:19,197 [java.util.concurrent.ThreadPoolExecutor$Worker@77e4dadc[State = -1, empty queue]] WARN  server.GrpcLogAppender (GrpcLogAppender.java:timeoutAppendRequest(209)) - 8f4dcc74-0612-4035-9040-5f73cd792029@group-045AAD0D4D73->e3be97a9-3d3a-4f1a-9aac-bb0a1b054e74-GrpcLogAppender: appendEntries Timeout, request=8f4dcc74-0612-4035-9040-5f73cd792029->e3be97a9-3d3a-4f1a-9aac-bb0a1b054e74#41-t3, previous=(t:3, i:10), leaderCommit=10, initializing? false, entries: <empty>
2019-10-20 04:42:19,217 [BlockDeletingService#2] WARN  background.BlockDeletingService (BlockDeletingService.java:isDeletionAllowed(187)) - Close Container log Index 6 is not replicated across allthe servers in the pipeline 34dfe2c8-23b7-47ff-8954-045aad0d4d73 as the min replicated index is 4. Deletion is not allowed in this container yet.
2019-10-20 04:42:19,217 [BlockDeletingService#2] WARN  background.BlockDeletingService (BlockDeletingService.java:isDeletionAllowed(187)) - Close Container log Index 6 is not replicated across allthe servers in the pipeline 34dfe2c8-23b7-47ff-8954-045aad0d4d73 as the min replicated index is 4. Deletion is not allowed in this container yet.
2019-10-20 04:42:19,360 [EventQueue-ContainerReportForContainerReportHandler] WARN  container.ContainerReportHandler (AbstractContainerReportHandler.java:updateContainerState(145)) - Container #1 is in OPEN state, but the datanode 8f4dcc74-0612-4035-9040-5f73cd792029{ip: 192.168.164.239, host: trunk-nightly-20191020-r5wzl-4145440258, networkLocation: /default-rack, certSerialId: null} reports an CLOSED replica.
2019-10-20 04:42:19,410 [EventQueue-ContainerReportForContainerReportHandler] WARN  container.ContainerReportHandler (AbstractContainerReportHandler.java:updateContainerState(145)) - Container #1 is in OPEN state, but the datanode 57114e09-3b7f-4b4a-a342-090fe34f336a{ip: 192.168.164.239, host: trunk-nightly-20191020-r5wzl-4145440258, networkLocation: /default-rack, certSerialId: null} reports an CLOSED replica.
2019-10-20 04:42:19,711 [EventQueue-ContainerReportForContainerReportHandler] WARN  container.ContainerReportHandler (AbstractContainerReportHandler.java:updateContainerState(145)) - Container #1 is in OPEN state, but the datanode 57114e09-3b7f-4b4a-a342-090fe34f336a{ip: 192.168.164.239, host: trunk-nightly-20191020-r5wzl-4145440258, networkLocation: /default-rack, certSerialId: null} reports an CLOSED replica.
2019-10-20 04:42:19,761 [EventQueue-ContainerReportForContainerReportHandler] WARN  container.ContainerReportHandler (AbstractContainerReportHandler.java:updateContainerState(145)) - Container #1 is in OPEN state, but the datanode 8f4dcc74-0612-4035-9040-5f73cd792029{ip: 192.168.164.239, host: trunk-nightly-20191020-r5wzl-4145440258, networkLocation: /default-rack, certSerialId: null} reports an CLOSED replica.
2019-10-20 04:42:19,961 [EventQueue-ContainerReportForContainerReportHandler] WARN  container.ContainerReportHandler (AbstractContainerReportHandler.java:updateContainerState(145)) - Container #1 is in OPEN state, but the datanode 8f4dcc74-0612-4035-9040-5f73cd792029{ip: 192.168.164.239, host: trunk-nightly-20191020-r5wzl-4145440258, networkLocation: /default-rack, certSerialId: null} reports an CLOSED replica.
2019-10-20 04:42:20,111 [EventQueue-ContainerReportForContainerReportHandler] WARN  container.ContainerReportHandler (AbstractContainerReportHandler.java:updateContainerState(145)) - Container #1 is in OPEN state, but the datanode 57114e09-3b7f-4b4a-a342-090fe34f336a{ip: 192.168.164.239, host: trunk-nightly-20191020-r5wzl-4145440258, networkLocation: /default-rack, certSerialId: null} reports an CLOSED replica.
2019-10-20 04:42:20,219 [BlockDeletingService#2] WARN  background.BlockDeletingService (BlockDeletingService.java:isDeletionAllowed(187)) - Close Container log Index 6 is not replicated across allthe servers in the pipeline 34dfe2c8-23b7-47ff-8954-045aad0d4d73 as the min replicated index is 4. Deletion is not allowed in this container yet.
2019-10-20 04:42:20,219 [BlockDeletingService#2] WARN  background.BlockDeletingService (BlockDeletingService.java:isDeletionAllowed(187)) - Close Container log Index 6 is not replicated across allthe servers in the pipeline 34dfe2c8-23b7-47ff-8954-045aad0d4d73 as the min replicated index is 4. Deletion is not allowed in this container yet.
2019-10-20 04:42:20,262 [EventQueue-ContainerReportForContainerReportHandler] WARN  container.ContainerReportHandler (AbstractContainerReportHandler.java:updateContainerState(145)) - Container #1 is in OPEN state, but the datanode 8f4dcc74-0612-4035-9040-5f73cd792029{ip: 192.168.164.239, host: trunk-nightly-20191020-r5wzl-4145440258, networkLocation: /default-rack, certSerialId: null} reports an CLOSED replica.
2019-10-20 04:42:20,310 [EventQueue-ContainerReportForContainerReportHandler] WARN  container.ContainerReportHandler (AbstractContainerReportHandler.java:updateContainerState(145)) - Container #1 is in OPEN state, but the datanode 57114e09-3b7f-4b4a-a342-090fe34f336a{ip: 192.168.164.239, host: trunk-nightly-20191020-r5wzl-4145440258, networkLocation: /default-rack, certSerialId: null} reports an CLOSED replica.
2019-10-20 04:42:20,461 [EventQueue-ContainerReportForContainerReportHandler] WARN  container.ContainerReportHandler (AbstractContainerReportHandler.java:updateContainerState(145)) - Container #1 is in OPEN state, but the datanode 8f4dcc74-0612-4035-9040-5f73cd792029{ip: 192.168.164.239, host: trunk-nightly-20191020-r5wzl-4145440258, networkLocation: /default-rack, certSerialId: null} reports an CLOSED replica.
2019-10-20 04:42:20,610 [EventQueue-ContainerReportForContainerReportHandler] WARN  container.ContainerReportHandler (AbstractContainerReportHandler.java:updateContainerState(145)) - Container #1 is in OPEN state, but the datanode 57114e09-3b7f-4b4a-a342-090fe34f336a{ip: 192.168.164.239, host: trunk-nightly-20191020-r5wzl-4145440258, networkLocation: /default-rack, certSerialId: null} reports an CLOSED replica.
2019-10-20 04:42:20,763 [EventQueue-ContainerReportForContainerReportHandler] WARN  container.ContainerReportHandler (AbstractContainerReportHandler.java:updateContainerState(145)) - Container #1 is in OPEN state, but the datanode 8f4dcc74-0612-4035-9040-5f73cd792029{ip: 192.168.164.239, host: trunk-nightly-20191020-r5wzl-4145440258, networkLocation: /default-rack, certSerialId: null} reports an CLOSED replica.
2019-10-20 04:42:21,012 [EventQueue-ContainerReportForContainerReportHandler] WARN  container.ContainerReportHandler (AbstractContainerReportHandler.java:updateContainerState(145)) - Container #1 is in OPEN state, but the datanode 57114e09-3b7f-4b4a-a342-090fe34f336a{ip: 192.168.164.239, host: trunk-nightly-20191020-r5wzl-4145440258, networkLocation: /default-rack, certSerialId: null} reports an CLOSED replica.
2019-10-20 04:42:21,163 [EventQueue-ContainerReportForContainerReportHandler] WARN  container.ContainerReportHandler (AbstractContainerReportHandler.java:updateContainerState(145)) - Container #1 is in OPEN state, but the datanode 8f4dcc74-0612-4035-9040-5f73cd792029{ip: 192.168.164.239, host: trunk-nightly-20191020-r5wzl-4145440258, networkLocation: /default-rack, certSerialId: null} reports an CLOSED replica.
2019-10-20 04:42:21,221 [BlockDeletingService#2] WARN  background.BlockDeletingService (BlockDeletingService.java:isDeletionAllowed(187)) - Close Container log Index 6 is not replicated across allthe servers in the pipeline 34dfe2c8-23b7-47ff-8954-045aad0d4d73 as the min replicated index is 4. Deletion is not allowed in this container yet.
2019-10-20 04:42:21,221 [BlockDeletingService#2] WARN  background.BlockDeletingService (BlockDeletingService.java:isDeletionAllowed(187)) - Close Container log Index 6 is not replicated across allthe servers in the pipeline 34dfe2c8-23b7-47ff-8954-045aad0d4d73 as the min replicated index is 4. Deletion is not allowed in this container yet.
2019-10-20 04:42:21,412 [EventQueue-ContainerReportForContainerReportHandler] WARN  container.ContainerReportHandler (AbstractContainerReportHandler.java:updateContainerState(145)) - Container #1 is in OPEN state, but the datanode 57114e09-3b7f-4b4a-a342-090fe34f336a{ip: 192.168.164.239, host: trunk-nightly-20191020-r5wzl-4145440258, networkLocation: /default-rack, certSerialId: null} reports an CLOSED replica.
2019-10-20 04:42:21,464 [EventQueue-ContainerReportForContainerReportHandler] WARN  container.ContainerReportHandler (AbstractContainerReportHandler.java:updateContainerState(145)) - Container #1 is in OPEN state, but the datanode 8f4dcc74-0612-4035-9040-5f73cd792029{ip: 192.168.164.239, host: trunk-nightly-20191020-r5wzl-4145440258, networkLocation: /default-rack, certSerialId: null} reports an CLOSED replica.
2019-10-20 04:42:21,700 [java.util.concurrent.ThreadPoolExecutor$Worker@77e4dadc[State = -1, empty queue]] WARN  server.GrpcLogAppender (GrpcLogAppender.java:timeoutAppendRequest(209)) - 8f4dcc74-0612-4035-9040-5f73cd792029@group-045AAD0D4D73->e3be97a9-3d3a-4f1a-9aac-bb0a1b054e74-GrpcLogAppender: appendEntries Timeout, request=8f4dcc74-0612-4035-9040-5f73cd792029->e3be97a9-3d3a-4f1a-9aac-bb0a1b054e74#42-t3, previous=(t:3, i:10), leaderCommit=10, initializing? false, entries: <empty>
2019-10-20 04:42:21,712 [EventQueue-ContainerReportForContainerReportHandler] WARN  container.ContainerReportHandler (AbstractContainerReportHandler.java:updateContainerState(145)) - Container #1 is in OPEN state, but the datanode 57114e09-3b7f-4b4a-a342-090fe34f336a{ip: 192.168.164.239, host: trunk-nightly-20191020-r5wzl-4145440258, networkLocation: /default-rack, certSerialId: null} reports an CLOSED replica.
2019-10-20 04:42:21,764 [EventQueue-ContainerReportForContainerReportHandler] WARN  container.ContainerReportHandler (AbstractContainerReportHandler.java:updateContainerState(145)) - Container #1 is in OPEN state, but the datanode 8f4dcc74-0612-4035-9040-5f73cd792029{ip: 192.168.164.239, host: trunk-nightly-20191020-r5wzl-4145440258, networkLocation: /default-rack, certSerialId: null} reports an CLOSED replica.
2019-10-20 04:42:21,912 [EventQueue-ContainerReportForContainerReportHandler] WARN  container.ContainerReportHandler (AbstractContainerReportHandler.java:updateContainerState(145)) - Container #1 is in OPEN state, but the datanode 57114e09-3b7f-4b4a-a342-090fe34f336a{ip: 192.168.164.239, host: trunk-nightly-20191020-r5wzl-4145440258, networkLocation: /default-rack, certSerialId: null} reports an CLOSED replica.
2019-10-20 04:42:21,963 [EventQueue-ContainerReportForContainerReportHandler] WARN  container.ContainerReportHandler (AbstractContainerReportHandler.java:updateContainerState(145)) - Container #1 is in OPEN state, but the datanode 8f4dcc74-0612-4035-9040-5f73cd792029{ip: 192.168.164.239, host: trunk-nightly-20191020-r5wzl-4145440258, networkLocation: /default-rack, certSerialId: null} reports an CLOSED replica.
2019-10-20 04:42:22,164 [EventQueue-ContainerReportForContainerReportHandler] WARN  container.ContainerReportHandler (AbstractContainerReportHandler.java:updateContainerState(145)) - Container #1 is in OPEN state, but the datanode 8f4dcc74-0612-4035-9040-5f73cd792029{ip: 192.168.164.239, host: trunk-nightly-20191020-r5wzl-4145440258, networkLocation: /default-rack, certSerialId: null} reports an CLOSED replica.
2019-10-20 04:42:22,224 [BlockDeletingService#2] WARN  background.BlockDeletingService (BlockDeletingService.java:isDeletionAllowed(187)) - Close Container log Index 6 is not replicated across allthe servers in the pipeline 34dfe2c8-23b7-47ff-8954-045aad0d4d73 as the min replicated index is 4. Deletion is not allowed in this container yet.
2019-10-20 04:42:22,224 [BlockDeletingService#2] WARN  background.BlockDeletingService (BlockDeletingService.java:isDeletionAllowed(187)) - Close Container log Index 6 is not replicated across allthe servers in the pipeline 34dfe2c8-23b7-47ff-8954-045aad0d4d73 as the min replicated index is 4. Deletion is not allowed in this container yet.
2019-10-20 04:42:22,311 [EventQueue-ContainerReportForContainerReportHandler] WARN  container.ContainerReportHandler (AbstractContainerReportHandler.java:updateContainerState(145)) - Container #1 is in OPEN state, but the datanode 57114e09-3b7f-4b4a-a342-090fe34f336a{ip: 192.168.164.239, host: trunk-nightly-20191020-r5wzl-4145440258, networkLocation: /default-rack, certSerialId: null} reports an CLOSED replica.
2019-10-20 04:42:22,373 [Thread-477] INFO  client.GrpcClientProtocolService (GrpcClientProtocolService.java:lambda$processClientRequest$0(278)) - Failed RaftClientRequest:client-A2F9089F7F1F->57114e09-3b7f-4b4a-a342-090fe34f336a@group-045AAD0D4D73, cid=10, seq=0, Watch-ALL_COMMITTED(6), Message:<EMPTY>, reply=RaftClientReply:client-A2F9089F7F1F->57114e09-3b7f-4b4a-a342-090fe34f336a@group-045AAD0D4D73, cid=10, FAILED org.apache.ratis.protocol.NotLeaderException: Server 57114e09-3b7f-4b4a-a342-090fe34f336a@group-045AAD0D4D73 is not the leader 8f4dcc74-0612-4035-9040-5f73cd792029:192.168.164.239:37614, logIndex=0, commits[57114e09-3b7f-4b4a-a342-090fe34f336a:c10, e3be97a9-3d3a-4f1a-9aac-bb0a1b054e74:c4, 8f4dcc74-0612-4035-9040-5f73cd792029:c10]
2019-10-20 04:42:22,466 [EventQueue-ContainerReportForContainerReportHandler] WARN  container.ContainerReportHandler (AbstractContainerReportHandler.java:updateContainerState(145)) - Container #1 is in OPEN state, but the datanode 8f4dcc74-0612-4035-9040-5f73cd792029{ip: 192.168.164.239, host: trunk-nightly-20191020-r5wzl-4145440258, networkLocation: /default-rack, certSerialId: null} reports an CLOSED replica.
2019-10-20 04:42:22,511 [EventQueue-ContainerReportForContainerReportHandler] WARN  container.ContainerReportHandler (AbstractContainerReportHandler.java:updateContainerState(145)) - Container #1 is in OPEN state, but the datanode 57114e09-3b7f-4b4a-a342-090fe34f336a{ip: 192.168.164.239, host: trunk-nightly-20191020-r5wzl-4145440258, networkLocation: /default-rack, certSerialId: null} reports an CLOSED replica.
2019-10-20 04:42:22,683 [Thread-480] INFO  client.GrpcClientProtocolService (GrpcClientProtocolService.java:lambda$processClientRequest$0(278)) - Failed RaftClientRequest:client-A2F9089F7F1F->8f4dcc74-0612-4035-9040-5f73cd792029@group-045AAD0D4D73, cid=10, seq=0, Watch-ALL_COMMITTED(6), Message:<EMPTY>, reply=RaftClientReply:client-A2F9089F7F1F->8f4dcc74-0612-4035-9040-5f73cd792029@group-045AAD0D4D73, cid=10, FAILED org.apache.ratis.protocol.NotReplicatedException: Request with call Id 10 and log index 6 is not yet replicated to ALL_COMMITTED, logIndex=6, commits[8f4dcc74-0612-4035-9040-5f73cd792029:c10, 57114e09-3b7f-4b4a-a342-090fe34f336a:c10, e3be97a9-3d3a-4f1a-9aac-bb0a1b054e74:c4]
2019-10-20 04:42:22,711 [EventQueue-ContainerReportForContainerReportHandler] WARN  container.ContainerReportHandler (AbstractContainerReportHandler.java:updateContainerState(145)) - Container #1 is in OPEN state, but the datanode 57114e09-3b7f-4b4a-a342-090fe34f336a{ip: 192.168.164.239, host: trunk-nightly-20191020-r5wzl-4145440258, networkLocation: /default-rack, certSerialId: null} reports an CLOSED replica.
2019-10-20 04:42:22,767 [EventQueue-ContainerReportForContainerReportHandler] WARN  container.ContainerReportHandler (AbstractContainerReportHandler.java:updateContainerState(145)) - Container #1 is in OPEN state, but the datanode 8f4dcc74-0612-4035-9040-5f73cd792029{ip: 192.168.164.239, host: trunk-nightly-20191020-r5wzl-4145440258, networkLocation: /default-rack, certSerialId: null} reports an CLOSED replica.
2019-10-20 04:42:23,012 [EventQueue-ContainerReportForContainerReportHandler] WARN  container.ContainerReportHandler (AbstractContainerReportHandler.java:updateContainerState(145)) - Container #1 is in OPEN state, but the datanode 57114e09-3b7f-4b4a-a342-090fe34f336a{ip: 192.168.164.239, host: trunk-nightly-20191020-r5wzl-4145440258, networkLocation: /default-rack, certSerialId: null} reports an CLOSED replica.
2019-10-20 04:42:23,069 [EventQueue-ContainerReportForContainerReportHandler] WARN  container.ContainerReportHandler (AbstractContainerReportHandler.java:updateContainerState(145)) - Container #1 is in OPEN state, but the datanode 8f4dcc74-0612-4035-9040-5f73cd792029{ip: 192.168.164.239, host: trunk-nightly-20191020-r5wzl-4145440258, networkLocation: /default-rack, certSerialId: null} reports an CLOSED replica.
2019-10-20 04:42:23,226 [BlockDeletingService#2] WARN  background.BlockDeletingService (BlockDeletingService.java:isDeletionAllowed(187)) - Close Container log Index 6 is not replicated across allthe servers in the pipeline 34dfe2c8-23b7-47ff-8954-045aad0d4d73 as the min replicated index is 4. Deletion is not allowed in this container yet.
2019-10-20 04:42:23,227 [BlockDeletingService#2] WARN  background.BlockDeletingService (BlockDeletingService.java:isDeletionAllowed(187)) - Close Container log Index 6 is not replicated across allthe servers in the pipeline 34dfe2c8-23b7-47ff-8954-045aad0d4d73 as the min replicated index is 4. Deletion is not allowed in this container yet.
2019-10-20 04:42:23,269 [EventQueue-ContainerReportForContainerReportHandler] WARN  container.ContainerReportHandler (AbstractContainerReportHandler.java:updateContainerState(145)) - Container #1 is in OPEN state, but the datanode 8f4dcc74-0612-4035-9040-5f73cd792029{ip: 192.168.164.239, host: trunk-nightly-20191020-r5wzl-4145440258, networkLocation: /default-rack, certSerialId: null} reports an CLOSED replica.
2019-10-20 04:42:23,312 [EventQueue-ContainerReportForContainerReportHandler] WARN  container.ContainerReportHandler (AbstractContainerReportHandler.java:updateContainerState(145)) - Container #1 is in OPEN state, but the datanode 57114e09-3b7f-4b4a-a342-090fe34f336a{ip: 192.168.164.239, host: trunk-nightly-20191020-r5wzl-4145440258, networkLocation: /default-rack, certSerialId: null} reports an CLOSED replica.
2019-10-20 04:42:23,568 [EventQueue-ContainerReportForContainerReportHandler] WARN  container.ContainerReportHandler (AbstractContainerReportHandler.java:updateContainerState(145)) - Container #1 is in OPEN state, but the datanode 8f4dcc74-0612-4035-9040-5f73cd792029{ip: 192.168.164.239, host: trunk-nightly-20191020-r5wzl-4145440258, networkLocation: /default-rack, certSerialId: null} reports an CLOSED replica.
2019-10-20 04:42:23,712 [EventQueue-ContainerReportForContainerReportHandler] WARN  container.ContainerReportHandler (AbstractContainerReportHandler.java:updateContainerState(145)) - Container #1 is in OPEN state, but the datanode 57114e09-3b7f-4b4a-a342-090fe34f336a{ip: 192.168.164.239, host: trunk-nightly-20191020-r5wzl-4145440258, networkLocation: /default-rack, certSerialId: null} reports an CLOSED replica.
2019-10-20 04:42:23,768 [EventQueue-ContainerReportForContainerReportHandler] WARN  container.ContainerReportHandler (AbstractContainerReportHandler.java:updateContainerState(145)) - Container #1 is in OPEN state, but the datanode 8f4dcc74-0612-4035-9040-5f73cd792029{ip: 192.168.164.239, host: trunk-nightly-20191020-r5wzl-4145440258, networkLocation: /default-rack, certSerialId: null} reports an CLOSED replica.
2019-10-20 04:42:23,911 [EventQueue-ContainerReportForContainerReportHandler] WARN  container.ContainerReportHandler (AbstractContainerReportHandler.java:updateContainerState(145)) - Container #1 is in OPEN state, but the datanode 57114e09-3b7f-4b4a-a342-090fe34f336a{ip: 192.168.164.239, host: trunk-nightly-20191020-r5wzl-4145440258, networkLocation: /default-rack, certSerialId: null} reports an CLOSED replica.
2019-10-20 04:42:24,168 [EventQueue-ContainerReportForContainerReportHandler] WARN  container.ContainerReportHandler (AbstractContainerReportHandler.java:updateContainerState(145)) - Container #1 is in OPEN state, but the datanode 8f4dcc74-0612-4035-9040-5f73cd792029{ip: 192.168.164.239, host: trunk-nightly-20191020-r5wzl-4145440258, networkLocation: /default-rack, certSerialId: null} reports an CLOSED replica.
2019-10-20 04:42:24,202 [java.util.concurrent.ThreadPoolExecutor$Worker@77e4dadc[State = -1, empty queue]] WARN  server.GrpcLogAppender (GrpcLogAppender.java:timeoutAppendRequest(209)) - 8f4dcc74-0612-4035-9040-5f73cd792029@group-045AAD0D4D73->e3be97a9-3d3a-4f1a-9aac-bb0a1b054e74-GrpcLogAppender: appendEntries Timeout, request=8f4dcc74-0612-4035-9040-5f73cd792029->e3be97a9-3d3a-4f1a-9aac-bb0a1b054e74#43-t3, previous=(t:3, i:10), leaderCommit=10, initializing? false, entries: <empty>
2019-10-20 04:42:24,211 [EventQueue-ContainerReportForContainerReportHandler] WARN  container.ContainerReportHandler (AbstractContainerReportHandler.java:updateContainerState(145)) - Container #1 is in OPEN state, but the datanode 57114e09-3b7f-4b4a-a342-090fe34f336a{ip: 192.168.164.239, host: trunk-nightly-20191020-r5wzl-4145440258, networkLocation: /default-rack, certSerialId: null} reports an CLOSED replica.
2019-10-20 04:42:24,229 [BlockDeletingService#2] WARN  background.BlockDeletingService (BlockDeletingService.java:isDeletionAllowed(187)) - Close Container log Index 6 is not replicated across allthe servers in the pipeline 34dfe2c8-23b7-47ff-8954-045aad0d4d73 as the min replicated index is 4. Deletion is not allowed in this container yet.
2019-10-20 04:42:24,229 [BlockDeletingService#2] WARN  background.BlockDeletingService (BlockDeletingService.java:isDeletionAllowed(187)) - Close Container log Index 6 is not replicated across allthe servers in the pipeline 34dfe2c8-23b7-47ff-8954-045aad0d4d73 as the min replicated index is 4. Deletion is not allowed in this container yet.
2019-10-20 04:42:24,368 [EventQueue-ContainerReportForContainerReportHandler] WARN  container.ContainerReportHandler (AbstractContainerReportHandler.java:updateContainerState(145)) - Container #1 is in OPEN state, but the datanode 8f4dcc74-0612-4035-9040-5f73cd792029{ip: 192.168.164.239, host: trunk-nightly-20191020-r5wzl-4145440258, networkLocation: /default-rack, certSerialId: null} reports an CLOSED replica.
2019-10-20 04:42:24,512 [EventQueue-ContainerReportForContainerReportHandler] WARN  container.ContainerReportHandler (AbstractContainerReportHandler.java:updateContainerState(145)) - Container #1 is in OPEN state, but the datanode 57114e09-3b7f-4b4a-a342-090fe34f336a{ip: 192.168.164.239, host: trunk-nightly-20191020-r5wzl-4145440258, networkLocation: /default-rack, certSerialId: null} reports an CLOSED replica.
2019-10-20 04:42:24,570 [EventQueue-ContainerReportForContainerReportHandler] WARN  container.ContainerReportHandler (AbstractContainerReportHandler.java:updateContainerState(145)) - Container #1 is in OPEN state, but the datanode 8f4dcc74-0612-4035-9040-5f73cd792029{ip: 192.168.164.239, host: trunk-nightly-20191020-r5wzl-4145440258, networkLocation: /default-rack, certSerialId: null} reports an CLOSED replica.
2019-10-20 04:42:24,712 [EventQueue-ContainerReportForContainerReportHandler] WARN  container.ContainerReportHandler (AbstractContainerReportHandler.java:updateContainerState(145)) - Container #1 is in OPEN state, but the datanode 57114e09-3b7f-4b4a-a342-090fe34f336a{ip: 192.168.164.239, host: trunk-nightly-20191020-r5wzl-4145440258, networkLocation: /default-rack, certSerialId: null} reports an CLOSED replica.
2019-10-20 04:42:24,869 [EventQueue-ContainerReportForContainerReportHandler] WARN  container.ContainerReportHandler (AbstractContainerReportHandler.java:updateContainerState(145)) - Container #1 is in OPEN state, but the datanode 8f4dcc74-0612-4035-9040-5f73cd792029{ip: 192.168.164.239, host: trunk-nightly-20191020-r5wzl-4145440258, networkLocation: /default-rack, certSerialId: null} reports an CLOSED replica.
2019-10-20 04:42:24,912 [EventQueue-ContainerReportForContainerReportHandler] WARN  container.ContainerReportHandler (AbstractContainerReportHandler.java:updateContainerState(145)) - Container #1 is in OPEN state, but the datanode 57114e09-3b7f-4b4a-a342-090fe34f336a{ip: 192.168.164.239, host: trunk-nightly-20191020-r5wzl-4145440258, networkLocation: /default-rack, certSerialId: null} reports an CLOSED replica.
2019-10-20 04:42:25,169 [EventQueue-ContainerReportForContainerReportHandler] WARN  container.ContainerReportHandler (AbstractContainerReportHandler.java:updateContainerState(145)) - Container #1 is in OPEN state, but the datanode 8f4dcc74-0612-4035-9040-5f73cd792029{ip: 192.168.164.239, host: trunk-nightly-20191020-r5wzl-4145440258, networkLocation: /default-rack, certSerialId: null} reports an CLOSED replica.
2019-10-20 04:42:25,230 [BlockDeletingService#2] WARN  background.BlockDeletingService (BlockDeletingService.java:isDeletionAllowed(187)) - Close Container log Index 6 is not replicated across allthe servers in the pipeline 34dfe2c8-23b7-47ff-8954-045aad0d4d73 as the min replicated index is 4. Deletion is not allowed in this container yet.
2019-10-20 04:42:25,230 [BlockDeletingService#2] WARN  background.BlockDeletingService (BlockDeletingService.java:isDeletionAllowed(187)) - Close Container log Index 6 is not replicated across allthe servers in the pipeline 34dfe2c8-23b7-47ff-8954-045aad0d4d73 as the min replicated index is 4. Deletion is not allowed in this container yet.
2019-10-20 04:42:25,311 [EventQueue-ContainerReportForContainerReportHandler] WARN  container.ContainerReportHandler (AbstractContainerReportHandler.java:updateContainerState(145)) - Container #1 is in OPEN state, but the datanode 57114e09-3b7f-4b4a-a342-090fe34f336a{ip: 192.168.164.239, host: trunk-nightly-20191020-r5wzl-4145440258, networkLocation: /default-rack, certSerialId: null} reports an CLOSED replica.
2019-10-20 04:42:25,470 [EventQueue-ContainerReportForContainerReportHandler] WARN  container.ContainerReportHandler (AbstractContainerReportHandler.java:updateContainerState(145)) - Container #1 is in OPEN state, but the datanode 8f4dcc74-0612-4035-9040-5f73cd792029{ip: 192.168.164.239, host: trunk-nightly-20191020-r5wzl-4145440258, networkLocation: /default-rack, certSerialId: null} reports an CLOSED replica.
2019-10-20 04:42:25,511 [EventQueue-ContainerReportForContainerReportHandler] WARN  container.ContainerReportHandler (AbstractContainerReportHandler.java:updateContainerState(145)) - Container #1 is in OPEN state, but the datanode 57114e09-3b7f-4b4a-a342-090fe34f336a{ip: 192.168.164.239, host: trunk-nightly-20191020-r5wzl-4145440258, networkLocation: /default-rack, certSerialId: null} reports an CLOSED replica.
2019-10-20 04:42:25,713 [EventQueue-ContainerReportForContainerReportHandler] WARN  container.ContainerReportHandler (AbstractContainerReportHandler.java:updateContainerState(145)) - Container #1 is in OPEN state, but the datanode 57114e09-3b7f-4b4a-a342-090fe34f336a{ip: 192.168.164.239, host: trunk-nightly-20191020-r5wzl-4145440258, networkLocation: /default-rack, certSerialId: null} reports an CLOSED replica.
2019-10-20 04:42:25,871 [EventQueue-ContainerReportForContainerReportHandler] WARN  container.ContainerReportHandler (AbstractContainerReportHandler.java:updateContainerState(145)) - Container #1 is in OPEN state, but the datanode 8f4dcc74-0612-4035-9040-5f73cd792029{ip: 192.168.164.239, host: trunk-nightly-20191020-r5wzl-4145440258, networkLocation: /default-rack, certSerialId: null} reports an CLOSED replica.
2019-10-20 04:42:26,013 [EventQueue-ContainerReportForContainerReportHandler] WARN  container.ContainerReportHandler (AbstractContainerReportHandler.java:updateContainerState(145)) - Container #1 is in OPEN state, but the datanode 57114e09-3b7f-4b4a-a342-090fe34f336a{ip: 192.168.164.239, host: trunk-nightly-20191020-r5wzl-4145440258, networkLocation: /default-rack, certSerialId: null} reports an CLOSED replica.
2019-10-20 04:42:26,071 [EventQueue-ContainerReportForContainerReportHandler] WARN  container.ContainerReportHandler (AbstractContainerReportHandler.java:updateContainerState(145)) - Container #1 is in OPEN state, but the datanode 8f4dcc74-0612-4035-9040-5f73cd792029{ip: 192.168.164.239, host: trunk-nightly-20191020-r5wzl-4145440258, networkLocation: /default-rack, certSerialId: null} reports an CLOSED replica.
2019-10-20 04:42:26,232 [BlockDeletingService#2] WARN  background.BlockDeletingService (BlockDeletingService.java:isDeletionAllowed(187)) - Close Container log Index 6 is not replicated across allthe servers in the pipeline 34dfe2c8-23b7-47ff-8954-045aad0d4d73 as the min replicated index is 4. Deletion is not allowed in this container yet.
2019-10-20 04:42:26,232 [BlockDeletingService#2] WARN  background.BlockDeletingService (BlockDeletingService.java:isDeletionAllowed(187)) - Close Container log Index 6 is not replicated across allthe servers in the pipeline 34dfe2c8-23b7-47ff-8954-045aad0d4d73 as the min replicated index is 4. Deletion is not allowed in this container yet.
2019-10-20 04:42:26,413 [EventQueue-ContainerReportForContainerReportHandler] WARN  container.ContainerReportHandler (AbstractContainerReportHandler.java:updateContainerState(145)) - Container #1 is in OPEN state, but the datanode 57114e09-3b7f-4b4a-a342-090fe34f336a{ip: 192.168.164.239, host: trunk-nightly-20191020-r5wzl-4145440258, networkLocation: /default-rack, certSerialId: null} reports an CLOSED replica.
2019-10-20 04:42:26,471 [EventQueue-ContainerReportForContainerReportHandler] WARN  container.ContainerReportHandler (AbstractContainerReportHandler.java:updateContainerState(145)) - Container #1 is in OPEN state, but the datanode 8f4dcc74-0612-4035-9040-5f73cd792029{ip: 192.168.164.239, host: trunk-nightly-20191020-r5wzl-4145440258, networkLocation: /default-rack, certSerialId: null} reports an CLOSED replica.
2019-10-20 04:42:26,612 [EventQueue-ContainerReportForContainerReportHandler] WARN  container.ContainerReportHandler (AbstractContainerReportHandler.java:updateContainerState(145)) - Container #1 is in OPEN state, but the datanode 57114e09-3b7f-4b4a-a342-090fe34f336a{ip: 192.168.164.239, host: trunk-nightly-20191020-r5wzl-4145440258, networkLocation: /default-rack, certSerialId: null} reports an CLOSED replica.
2019-10-20 04:42:26,672 [EventQueue-ContainerReportForContainerReportHandler] WARN  container.ContainerReportHandler (AbstractContainerReportHandler.java:updateContainerState(145)) - Container #1 is in OPEN state, but the datanode 8f4dcc74-0612-4035-9040-5f73cd792029{ip: 192.168.164.239, host: trunk-nightly-20191020-r5wzl-4145440258, networkLocation: /default-rack, certSerialId: null} reports an CLOSED replica.
2019-10-20 04:42:26,703 [java.util.concurrent.ThreadPoolExecutor$Worker@77e4dadc[State = -1, empty queue]] WARN  server.GrpcLogAppender (GrpcLogAppender.java:timeoutAppendRequest(209)) - 8f4dcc74-0612-4035-9040-5f73cd792029@group-045AAD0D4D73->e3be97a9-3d3a-4f1a-9aac-bb0a1b054e74-GrpcLogAppender: appendEntries Timeout, request=8f4dcc74-0612-4035-9040-5f73cd792029->e3be97a9-3d3a-4f1a-9aac-bb0a1b054e74#44-t3, previous=(t:3, i:10), leaderCommit=10, initializing? false, entries: <empty>
2019-10-20 04:42:26,912 [EventQueue-ContainerReportForContainerReportHandler] WARN  container.ContainerReportHandler (AbstractContainerReportHandler.java:updateContainerState(145)) - Container #1 is in OPEN state, but the datanode 57114e09-3b7f-4b4a-a342-090fe34f336a{ip: 192.168.164.239, host: trunk-nightly-20191020-r5wzl-4145440258, networkLocation: /default-rack, certSerialId: null} reports an CLOSED replica.
2019-10-20 04:42:27,072 [EventQueue-ContainerReportForContainerReportHandler] WARN  container.ContainerReportHandler (AbstractContainerReportHandler.java:updateContainerState(145)) - Container #1 is in OPEN state, but the datanode 8f4dcc74-0612-4035-9040-5f73cd792029{ip: 192.168.164.239, host: trunk-nightly-20191020-r5wzl-4145440258, networkLocation: /default-rack, certSerialId: null} reports an CLOSED replica.
2019-10-20 04:42:27,214 [EventQueue-ContainerReportForContainerReportHandler] WARN  container.ContainerReportHandler (AbstractContainerReportHandler.java:updateContainerState(145)) - Container #1 is in OPEN state, but the datanode 57114e09-3b7f-4b4a-a342-090fe34f336a{ip: 192.168.164.239, host: trunk-nightly-20191020-r5wzl-4145440258, networkLocation: /default-rack, certSerialId: null} reports an CLOSED replica.
2019-10-20 04:42:27,234 [BlockDeletingService#2] WARN  background.BlockDeletingService (BlockDeletingService.java:isDeletionAllowed(187)) - Close Container log Index 6 is not replicated across allthe servers in the pipeline 34dfe2c8-23b7-47ff-8954-045aad0d4d73 as the min replicated index is 4. Deletion is not allowed in this container yet.
2019-10-20 04:42:27,234 [BlockDeletingService#2] WARN  background.BlockDeletingService (BlockDeletingService.java:isDeletionAllowed(187)) - Close Container log Index 6 is not replicated across allthe servers in the pipeline 34dfe2c8-23b7-47ff-8954-045aad0d4d73 as the min replicated index is 4. Deletion is not allowed in this container yet.
2019-10-20 04:42:27,272 [EventQueue-ContainerReportForContainerReportHandler] WARN  container.ContainerReportHandler (AbstractContainerReportHandler.java:updateContainerState(145)) - Container #1 is in OPEN state, but the datanode 8f4dcc74-0612-4035-9040-5f73cd792029{ip: 192.168.164.239, host: trunk-nightly-20191020-r5wzl-4145440258, networkLocation: /default-rack, certSerialId: null} reports an CLOSED replica.
2019-10-20 04:42:27,513 [EventQueue-ContainerReportForContainerReportHandler] WARN  container.ContainerReportHandler (AbstractContainerReportHandler.java:updateContainerState(145)) - Container #1 is in OPEN state, but the datanode 57114e09-3b7f-4b4a-a342-090fe34f336a{ip: 192.168.164.239, host: trunk-nightly-20191020-r5wzl-4145440258, networkLocation: /default-rack, certSerialId: null} reports an CLOSED replica.
2019-10-20 04:42:27,571 [EventQueue-ContainerReportForContainerReportHandler] WARN  container.ContainerReportHandler (AbstractContainerReportHandler.java:updateContainerState(145)) - Container #1 is in OPEN state, but the datanode 8f4dcc74-0612-4035-9040-5f73cd792029{ip: 192.168.164.239, host: trunk-nightly-20191020-r5wzl-4145440258, networkLocation: /default-rack, certSerialId: null} reports an CLOSED replica.
2019-10-20 04:42:27,872 [EventQueue-ContainerReportForContainerReportHandler] WARN  container.ContainerReportHandler (AbstractContainerReportHandler.java:updateContainerState(145)) - Container #1 is in OPEN state, but the datanode 8f4dcc74-0612-4035-9040-5f73cd792029{ip: 192.168.164.239, host: trunk-nightly-20191020-r5wzl-4145440258, networkLocation: /default-rack, certSerialId: null} reports an CLOSED replica.
2019-10-20 04:42:27,914 [EventQueue-ContainerReportForContainerReportHandler] WARN  container.ContainerReportHandler (AbstractContainerReportHandler.java:updateContainerState(145)) - Container #1 is in OPEN state, but the datanode 57114e09-3b7f-4b4a-a342-090fe34f336a{ip: 192.168.164.239, host: trunk-nightly-20191020-r5wzl-4145440258, networkLocation: /default-rack, certSerialId: null} reports an CLOSED replica.
2019-10-20 04:42:28,113 [EventQueue-ContainerReportForContainerReportHandler] WARN  container.ContainerReportHandler (AbstractContainerReportHandler.java:updateContainerState(145)) - Container #1 is in OPEN state, but the datanode 57114e09-3b7f-4b4a-a342-090fe34f336a{ip: 192.168.164.239, host: trunk-nightly-20191020-r5wzl-4145440258, networkLocation: /default-rack, certSerialId: null} reports an CLOSED replica.
2019-10-20 04:42:28,171 [EventQueue-ContainerReportForContainerReportHandler] WARN  container.ContainerReportHandler (AbstractContainerReportHandler.java:updateContainerState(145)) - Container #1 is in OPEN state, but the datanode 8f4dcc74-0612-4035-9040-5f73cd792029{ip: 192.168.164.239, host: trunk-nightly-20191020-r5wzl-4145440258, networkLocation: /default-rack, certSerialId: null} reports an CLOSED replica.
2019-10-20 04:42:28,235 [BlockDeletingService#2] WARN  background.BlockDeletingService (BlockDeletingService.java:isDeletionAllowed(187)) - Close Container log Index 6 is not replicated across allthe servers in the pipeline 34dfe2c8-23b7-47ff-8954-045aad0d4d73 as the min replicated index is 4. Deletion is not allowed in this container yet.
2019-10-20 04:42:28,235 [BlockDeletingService#2] WARN  background.BlockDeletingService (BlockDeletingService.java:isDeletionAllowed(187)) - Close Container log Index 6 is not replicated across allthe servers in the pipeline 34dfe2c8-23b7-47ff-8954-045aad0d4d73 as the min replicated index is 4. Deletion is not allowed in this container yet.
2019-10-20 04:42:28,472 [EventQueue-ContainerReportForContainerReportHandler] WARN  container.ContainerReportHandler (AbstractContainerReportHandler.java:updateContainerState(145)) - Container #1 is in OPEN state, but the datanode 8f4dcc74-0612-4035-9040-5f73cd792029{ip: 192.168.164.239, host: trunk-nightly-20191020-r5wzl-4145440258, networkLocation: /default-rack, certSerialId: null} reports an CLOSED replica.
2019-10-20 04:42:28,513 [EventQueue-ContainerReportForContainerReportHandler] WARN  container.ContainerReportHandler (AbstractContainerReportHandler.java:updateContainerState(145)) - Container #1 is in OPEN state, but the datanode 57114e09-3b7f-4b4a-a342-090fe34f336a{ip: 192.168.164.239, host: trunk-nightly-20191020-r5wzl-4145440258, networkLocation: /default-rack, certSerialId: null} reports an CLOSED replica.
2019-10-20 04:42:28,671 [EventQueue-ContainerReportForContainerReportHandler] WARN  container.ContainerReportHandler (AbstractContainerReportHandler.java:updateContainerState(145)) - Container #1 is in OPEN state, but the datanode 8f4dcc74-0612-4035-9040-5f73cd792029{ip: 192.168.164.239, host: trunk-nightly-20191020-r5wzl-4145440258, networkLocation: /default-rack, certSerialId: null} reports an CLOSED replica.
2019-10-20 04:42:28,815 [EventQueue-ContainerReportForContainerReportHandler] WARN  container.ContainerReportHandler (AbstractContainerReportHandler.java:updateContainerState(145)) - Container #1 is in OPEN state, but the datanode 57114e09-3b7f-4b4a-a342-090fe34f336a{ip: 192.168.164.239, host: trunk-nightly-20191020-r5wzl-4145440258, networkLocation: /default-rack, certSerialId: null} reports an CLOSED replica.
2019-10-20 04:42:29,072 [EventQueue-ContainerReportForContainerReportHandler] WARN  container.ContainerReportHandler (AbstractContainerReportHandler.java:updateContainerState(145)) - Container #1 is in OPEN state, but the datanode 8f4dcc74-0612-4035-9040-5f73cd792029{ip: 192.168.164.239, host: trunk-nightly-20191020-r5wzl-4145440258, networkLocation: /default-rack, certSerialId: null} reports an CLOSED replica.
2019-10-20 04:42:29,204 [java.util.concurrent.ThreadPoolExecutor$Worker@77e4dadc[State = -1, empty queue]] WARN  server.GrpcLogAppender (GrpcLogAppender.java:timeoutAppendRequest(209)) - 8f4dcc74-0612-4035-9040-5f73cd792029@group-045AAD0D4D73->e3be97a9-3d3a-4f1a-9aac-bb0a1b054e74-GrpcLogAppender: appendEntries Timeout, request=8f4dcc74-0612-4035-9040-5f73cd792029->e3be97a9-3d3a-4f1a-9aac-bb0a1b054e74#45-t3, previous=(t:3, i:10), leaderCommit=10, initializing? false, entries: <empty>
2019-10-20 04:42:29,216 [EventQueue-ContainerReportForContainerReportHandler] WARN  container.ContainerReportHandler (AbstractContainerReportHandler.java:updateContainerState(145)) - Container #1 is in OPEN state, but the datanode 57114e09-3b7f-4b4a-a342-090fe34f336a{ip: 192.168.164.239, host: trunk-nightly-20191020-r5wzl-4145440258, networkLocation: /default-rack, certSerialId: null} reports an CLOSED replica.
2019-10-20 04:42:29,236 [BlockDeletingService#2] WARN  background.BlockDeletingService (BlockDeletingService.java:isDeletionAllowed(187)) - Close Container log Index 6 is not replicated across allthe servers in the pipeline 34dfe2c8-23b7-47ff-8954-045aad0d4d73 as the min replicated index is 4. Deletion is not allowed in this container yet.
2019-10-20 04:42:29,236 [BlockDeletingService#2] WARN  background.BlockDeletingService (BlockDeletingService.java:isDeletionAllowed(187)) - Close Container log Index 6 is not replicated across allthe servers in the pipeline 34dfe2c8-23b7-47ff-8954-045aad0d4d73 as the min replicated index is 4. Deletion is not allowed in this container yet.
2019-10-20 04:42:29,374 [EventQueue-ContainerReportForContainerReportHandler] WARN  container.ContainerReportHandler (AbstractContainerReportHandler.java:updateContainerState(145)) - Container #1 is in OPEN state, but the datanode 8f4dcc74-0612-4035-9040-5f73cd792029{ip: 192.168.164.239, host: trunk-nightly-20191020-r5wzl-4145440258, networkLocation: /default-rack, certSerialId: null} reports an CLOSED replica.
2019-10-20 04:42:29,615 [EventQueue-ContainerReportForContainerReportHandler] WARN  container.ContainerReportHandler (AbstractContainerReportHandler.java:updateContainerState(145)) - Container #1 is in OPEN state, but the datanode 57114e09-3b7f-4b4a-a342-090fe34f336a{ip: 192.168.164.239, host: trunk-nightly-20191020-r5wzl-4145440258, networkLocation: /default-rack, certSerialId: null} reports an CLOSED replica.
2019-10-20 04:42:29,773 [EventQueue-ContainerReportForContainerReportHandler] WARN  container.ContainerReportHandler (AbstractContainerReportHandler.java:updateContainerState(145)) - Container #1 is in OPEN state, but the datanode 8f4dcc74-0612-4035-9040-5f73cd792029{ip: 192.168.164.239, host: trunk-nightly-20191020-r5wzl-4145440258, networkLocation: /default-rack, certSerialId: null} reports an CLOSED replica.
2019-10-20 04:42:29,916 [EventQueue-ContainerReportForContainerReportHandler] WARN  container.ContainerReportHandler (AbstractContainerReportHandler.java:updateContainerState(145)) - Container #1 is in OPEN state, but the datanode 57114e09-3b7f-4b4a-a342-090fe34f336a{ip: 192.168.164.239, host: trunk-nightly-20191020-r5wzl-4145440258, networkLocation: /default-rack, certSerialId: null} reports an CLOSED replica.
2019-10-20 04:42:30,174 [EventQueue-ContainerReportForContainerReportHandler] WARN  container.ContainerReportHandler (AbstractContainerReportHandler.java:updateContainerState(145)) - Container #1 is in OPEN state, but the datanode 8f4dcc74-0612-4035-9040-5f73cd792029{ip: 192.168.164.239, host: trunk-nightly-20191020-r5wzl-4145440258, networkLocation: /default-rack, certSerialId: null} reports an CLOSED replica.
2019-10-20 04:42:30,216 [EventQueue-ContainerReportForContainerReportHandler] WARN  container.ContainerReportHandler (AbstractContainerReportHandler.java:updateContainerState(145)) - Container #1 is in OPEN state, but the datanode 57114e09-3b7f-4b4a-a342-090fe34f336a{ip: 192.168.164.239, host: trunk-nightly-20191020-r5wzl-4145440258, networkLocation: /default-rack, certSerialId: null} reports an CLOSED replica.
2019-10-20 04:42:30,238 [BlockDeletingService#2] WARN  background.BlockDeletingService (BlockDeletingService.java:isDeletionAllowed(187)) - Close Container log Index 6 is not replicated across allthe servers in the pipeline 34dfe2c8-23b7-47ff-8954-045aad0d4d73 as the min replicated index is 4. Deletion is not allowed in this container yet.
2019-10-20 04:42:30,238 [BlockDeletingService#2] WARN  background.BlockDeletingService (BlockDeletingService.java:isDeletionAllowed(187)) - Close Container log Index 6 is not replicated across allthe servers in the pipeline 34dfe2c8-23b7-47ff-8954-045aad0d4d73 as the min replicated index is 4. Deletion is not allowed in this container yet.
2019-10-20 04:42:30,417 [EventQueue-ContainerReportForContainerReportHandler] WARN  container.ContainerReportHandler (AbstractContainerReportHandler.java:updateContainerState(145)) - Container #1 is in OPEN state, but the datanode 57114e09-3b7f-4b4a-a342-090fe34f336a{ip: 192.168.164.239, host: trunk-nightly-20191020-r5wzl-4145440258, networkLocation: /default-rack, certSerialId: null} reports an CLOSED replica.
2019-10-20 04:42:30,474 [EventQueue-ContainerReportForContainerReportHandler] WARN  container.ContainerReportHandler (AbstractContainerReportHandler.java:updateContainerState(145)) - Container #1 is in OPEN state, but the datanode 8f4dcc74-0612-4035-9040-5f73cd792029{ip: 192.168.164.239, host: trunk-nightly-20191020-r5wzl-4145440258, networkLocation: /default-rack, certSerialId: null} reports an CLOSED replica.
2019-10-20 04:42:30,774 [EventQueue-ContainerReportForContainerReportHandler] WARN  container.ContainerReportHandler (AbstractContainerReportHandler.java:updateContainerState(145)) - Container #1 is in OPEN state, but the datanode 8f4dcc74-0612-4035-9040-5f73cd792029{ip: 192.168.164.239, host: trunk-nightly-20191020-r5wzl-4145440258, networkLocation: /default-rack, certSerialId: null} reports an CLOSED replica.
2019-10-20 04:42:30,819 [EventQueue-ContainerReportForContainerReportHandler] WARN  container.ContainerReportHandler (AbstractContainerReportHandler.java:updateContainerState(145)) - Container #1 is in OPEN state, but the datanode 57114e09-3b7f-4b4a-a342-090fe34f336a{ip: 192.168.164.239, host: trunk-nightly-20191020-r5wzl-4145440258, networkLocation: /default-rack, certSerialId: null} reports an CLOSED replica.
2019-10-20 04:42:31,019 [EventQueue-ContainerReportForContainerReportHandler] WARN  container.ContainerReportHandler (AbstractContainerReportHandler.java:updateContainerState(145)) - Container #1 is in OPEN state, but the datanode 57114e09-3b7f-4b4a-a342-090fe34f336a{ip: 192.168.164.239, host: trunk-nightly-20191020-r5wzl-4145440258, networkLocation: /default-rack, certSerialId: null} reports an CLOSED replica.
2019-10-20 04:42:31,074 [EventQueue-ContainerReportForContainerReportHandler] WARN  container.ContainerReportHandler (AbstractContainerReportHandler.java:updateContainerState(145)) - Container #1 is in OPEN state, but the datanode 8f4dcc74-0612-4035-9040-5f73cd792029{ip: 192.168.164.239, host: trunk-nightly-20191020-r5wzl-4145440258, networkLocation: /default-rack, certSerialId: null} reports an CLOSED replica.
2019-10-20 04:42:31,239 [BlockDeletingService#2] WARN  background.BlockDeletingService (BlockDeletingService.java:isDeletionAllowed(187)) - Close Container log Index 6 is not replicated across allthe servers in the pipeline 34dfe2c8-23b7-47ff-8954-045aad0d4d73 as the min replicated index is 4. Deletion is not allowed in this container yet.
2019-10-20 04:42:31,239 [BlockDeletingService#2] WARN  background.BlockDeletingService (BlockDeletingService.java:isDeletionAllowed(187)) - Close Container log Index 6 is not replicated across allthe servers in the pipeline 34dfe2c8-23b7-47ff-8954-045aad0d4d73 as the min replicated index is 4. Deletion is not allowed in this container yet.
2019-10-20 04:42:31,274 [EventQueue-ContainerReportForContainerReportHandler] WARN  container.ContainerReportHandler (AbstractContainerReportHandler.java:updateContainerState(145)) - Container #1 is in OPEN state, but the datanode 8f4dcc74-0612-4035-9040-5f73cd792029{ip: 192.168.164.239, host: trunk-nightly-20191020-r5wzl-4145440258, networkLocation: /default-rack, certSerialId: null} reports an CLOSED replica.
2019-10-20 04:42:31,418 [EventQueue-ContainerReportForContainerReportHandler] WARN  container.ContainerReportHandler (AbstractContainerReportHandler.java:updateContainerState(145)) - Container #1 is in OPEN state, but the datanode 57114e09-3b7f-4b4a-a342-090fe34f336a{ip: 192.168.164.239, host: trunk-nightly-20191020-r5wzl-4145440258, networkLocation: /default-rack, certSerialId: null} reports an CLOSED replica.
2019-10-20 04:42:31,474 [EventQueue-ContainerReportForContainerReportHandler] WARN  container.ContainerReportHandler (AbstractContainerReportHandler.java:updateContainerState(145)) - Container #1 is in OPEN state, but the datanode 8f4dcc74-0612-4035-9040-5f73cd792029{ip: 192.168.164.239, host: trunk-nightly-20191020-r5wzl-4145440258, networkLocation: /default-rack, certSerialId: null} reports an CLOSED replica.
2019-10-20 04:42:31,704 [java.util.concurrent.ThreadPoolExecutor$Worker@77e4dadc[State = -1, empty queue]] WARN  server.GrpcLogAppender (GrpcLogAppender.java:timeoutAppendRequest(209)) - 8f4dcc74-0612-4035-9040-5f73cd792029@group-045AAD0D4D73->e3be97a9-3d3a-4f1a-9aac-bb0a1b054e74-GrpcLogAppender: appendEntries Timeout, request=8f4dcc74-0612-4035-9040-5f73cd792029->e3be97a9-3d3a-4f1a-9aac-bb0a1b054e74#46-t3, previous=(t:3, i:10), leaderCommit=10, initializing? false, entries: <empty>
2019-10-20 04:42:31,720 [EventQueue-ContainerReportForContainerReportHandler] WARN  container.ContainerReportHandler (AbstractContainerReportHandler.java:updateContainerState(145)) - Container #1 is in OPEN state, but the datanode 57114e09-3b7f-4b4a-a342-090fe34f336a{ip: 192.168.164.239, host: trunk-nightly-20191020-r5wzl-4145440258, networkLocation: /default-rack, certSerialId: null} reports an CLOSED replica.
2019-10-20 04:42:31,874 [EventQueue-ContainerReportForContainerReportHandler] WARN  container.ContainerReportHandler (AbstractContainerReportHandler.java:updateContainerState(145)) - Container #1 is in OPEN state, but the datanode 8f4dcc74-0612-4035-9040-5f73cd792029{ip: 192.168.164.239, host: trunk-nightly-20191020-r5wzl-4145440258, networkLocation: /default-rack, certSerialId: null} reports an CLOSED replica.
2019-10-20 04:42:32,020 [EventQueue-ContainerReportForContainerReportHandler] WARN  container.ContainerReportHandler (AbstractContainerReportHandler.java:updateContainerState(145)) - Container #1 is in OPEN state, but the datanode 57114e09-3b7f-4b4a-a342-090fe34f336a{ip: 192.168.164.239, host: trunk-nightly-20191020-r5wzl-4145440258, networkLocation: /default-rack, certSerialId: null} reports an CLOSED replica.
2019-10-20 04:42:32,074 [EventQueue-ContainerReportForContainerReportHandler] WARN  container.ContainerReportHandler (AbstractContainerReportHandler.java:updateContainerState(145)) - Container #1 is in OPEN state, but the datanode 8f4dcc74-0612-4035-9040-5f73cd792029{ip: 192.168.164.239, host: trunk-nightly-20191020-r5wzl-4145440258, networkLocation: /default-rack, certSerialId: null} reports an CLOSED replica.
2019-10-20 04:42:32,220 [EventQueue-ContainerReportForContainerReportHandler] WARN  container.ContainerReportHandler (AbstractContainerReportHandler.java:updateContainerState(145)) - Container #1 is in OPEN state, but the datanode 57114e09-3b7f-4b4a-a342-090fe34f336a{ip: 192.168.164.239, host: trunk-nightly-20191020-r5wzl-4145440258, networkLocation: /default-rack, certSerialId: null} reports an CLOSED replica.
2019-10-20 04:42:32,241 [BlockDeletingService#2] WARN  background.BlockDeletingService (BlockDeletingService.java:isDeletionAllowed(187)) - Close Container log Index 6 is not replicated across allthe servers in the pipeline 34dfe2c8-23b7-47ff-8954-045aad0d4d73 as the min replicated index is 4. Deletion is not allowed in this container yet.
2019-10-20 04:42:32,241 [BlockDeletingService#2] WARN  background.BlockDeletingService (BlockDeletingService.java:isDeletionAllowed(187)) - Close Container log Index 6 is not replicated across allthe servers in the pipeline 34dfe2c8-23b7-47ff-8954-045aad0d4d73 as the min replicated index is 4. Deletion is not allowed in this container yet.
2019-10-20 04:42:32,405 [Thread-509] INFO  client.GrpcClientProtocolService (GrpcClientProtocolService.java:lambda$processClientRequest$0(278)) - Failed RaftClientRequest:client-A2F9089F7F1F->57114e09-3b7f-4b4a-a342-090fe34f336a@group-045AAD0D4D73, cid=10, seq=0, Watch-ALL_COMMITTED(6), Message:<EMPTY>, reply=RaftClientReply:client-A2F9089F7F1F->57114e09-3b7f-4b4a-a342-090fe34f336a@group-045AAD0D4D73, cid=10, FAILED org.apache.ratis.protocol.NotLeaderException: Server 57114e09-3b7f-4b4a-a342-090fe34f336a@group-045AAD0D4D73 is not the leader 8f4dcc74-0612-4035-9040-5f73cd792029:192.168.164.239:37614, logIndex=0, commits[57114e09-3b7f-4b4a-a342-090fe34f336a:c10, e3be97a9-3d3a-4f1a-9aac-bb0a1b054e74:c4, 8f4dcc74-0612-4035-9040-5f73cd792029:c10]
2019-10-20 04:42:32,420 [EventQueue-ContainerReportForContainerReportHandler] WARN  container.ContainerReportHandler (AbstractContainerReportHandler.java:updateContainerState(145)) - Container #1 is in OPEN state, but the datanode 57114e09-3b7f-4b4a-a342-090fe34f336a{ip: 192.168.164.239, host: trunk-nightly-20191020-r5wzl-4145440258, networkLocation: /default-rack, certSerialId: null} reports an CLOSED replica.
2019-10-20 04:42:32,474 [EventQueue-ContainerReportForContainerReportHandler] WARN  container.ContainerReportHandler (AbstractContainerReportHandler.java:updateContainerState(145)) - Container #1 is in OPEN state, but the datanode 8f4dcc74-0612-4035-9040-5f73cd792029{ip: 192.168.164.239, host: trunk-nightly-20191020-r5wzl-4145440258, networkLocation: /default-rack, certSerialId: null} reports an CLOSED replica.
2019-10-20 04:42:32,674 [EventQueue-ContainerReportForContainerReportHandler] WARN  container.ContainerReportHandler (AbstractContainerReportHandler.java:updateContainerState(145)) - Container #1 is in OPEN state, but the datanode 8f4dcc74-0612-4035-9040-5f73cd792029{ip: 192.168.164.239, host: trunk-nightly-20191020-r5wzl-4145440258, networkLocation: /default-rack, certSerialId: null} reports an CLOSED replica.
2019-10-20 04:42:32,682 [Thread-512] INFO  client.GrpcClientProtocolService (GrpcClientProtocolService.java:lambda$processClientRequest$0(278)) - Failed RaftClientRequest:client-A2F9089F7F1F->8f4dcc74-0612-4035-9040-5f73cd792029@group-045AAD0D4D73, cid=10, seq=0, Watch-ALL_COMMITTED(6), Message:<EMPTY>, reply=RaftClientReply:client-A2F9089F7F1F->8f4dcc74-0612-4035-9040-5f73cd792029@group-045AAD0D4D73, cid=10, FAILED org.apache.ratis.protocol.NotReplicatedException: Request with call Id 10 and log index 6 is not yet replicated to ALL_COMMITTED, logIndex=6, commits[8f4dcc74-0612-4035-9040-5f73cd792029:c10, 57114e09-3b7f-4b4a-a342-090fe34f336a:c10, e3be97a9-3d3a-4f1a-9aac-bb0a1b054e74:c4]
2019-10-20 04:42:32,819 [EventQueue-ContainerReportForContainerReportHandler] WARN  container.ContainerReportHandler (AbstractContainerReportHandler.java:updateContainerState(145)) - Container #1 is in OPEN state, but the datanode 57114e09-3b7f-4b4a-a342-090fe34f336a{ip: 192.168.164.239, host: trunk-nightly-20191020-r5wzl-4145440258, networkLocation: /default-rack, certSerialId: null} reports an CLOSED replica.
2019-10-20 04:42:32,975 [EventQueue-ContainerReportForContainerReportHandler] WARN  container.ContainerReportHandler (AbstractContainerReportHandler.java:updateContainerState(145)) - Container #1 is in OPEN state, but the datanode 8f4dcc74-0612-4035-9040-5f73cd792029{ip: 192.168.164.239, host: trunk-nightly-20191020-r5wzl-4145440258, networkLocation: /default-rack, certSerialId: null} reports an CLOSED replica.
2019-10-20 04:42:33,120 [EventQueue-ContainerReportForContainerReportHandler] WARN  container.ContainerReportHandler (AbstractContainerReportHandler.java:updateContainerState(145)) - Container #1 is in OPEN state, but the datanode 57114e09-3b7f-4b4a-a342-090fe34f336a{ip: 192.168.164.239, host: trunk-nightly-20191020-r5wzl-4145440258, networkLocation: /default-rack, certSerialId: null} reports an CLOSED replica.
2019-10-20 04:42:33,242 [BlockDeletingService#2] WARN  background.BlockDeletingService (BlockDeletingService.java:isDeletionAllowed(187)) - Close Container log Index 6 is not replicated across allthe servers in the pipeline 34dfe2c8-23b7-47ff-8954-045aad0d4d73 as the min replicated index is 4. Deletion is not allowed in this container yet.
2019-10-20 04:42:33,242 [BlockDeletingService#2] WARN  background.BlockDeletingService (BlockDeletingService.java:isDeletionAllowed(187)) - Close Container log Index 6 is not replicated across allthe servers in the pipeline 34dfe2c8-23b7-47ff-8954-045aad0d4d73 as the min replicated index is 4. Deletion is not allowed in this container yet.
2019-10-20 04:42:33,275 [EventQueue-ContainerReportForContainerReportHandler] WARN  container.ContainerReportHandler (AbstractContainerReportHandler.java:updateContainerState(145)) - Container #1 is in OPEN state, but the datanode 8f4dcc74-0612-4035-9040-5f73cd792029{ip: 192.168.164.239, host: trunk-nightly-20191020-r5wzl-4145440258, networkLocation: /default-rack, certSerialId: null} reports an CLOSED replica.
2019-10-20 04:42:33,419 [EventQueue-ContainerReportForContainerReportHandler] WARN  container.ContainerReportHandler (AbstractContainerReportHandler.java:updateContainerState(145)) - Container #1 is in OPEN state, but the datanode 57114e09-3b7f-4b4a-a342-090fe34f336a{ip: 192.168.164.239, host: trunk-nightly-20191020-r5wzl-4145440258, networkLocation: /default-rack, certSerialId: null} reports an CLOSED replica.
2019-10-20 04:42:33,619 [EventQueue-ContainerReportForContainerReportHandler] WARN  container.ContainerReportHandler (AbstractContainerReportHandler.java:updateContainerState(145)) - Container #1 is in OPEN state, but the datanode 57114e09-3b7f-4b4a-a342-090fe34f336a{ip: 192.168.164.239, host: trunk-nightly-20191020-r5wzl-4145440258, networkLocation: /default-rack, certSerialId: null} reports an CLOSED replica.
2019-10-20 04:42:33,675 [EventQueue-ContainerReportForContainerReportHandler] WARN  container.ContainerReportHandler (AbstractContainerReportHandler.java:updateContainerState(145)) - Container #1 is in OPEN state, but the datanode 8f4dcc74-0612-4035-9040-5f73cd792029{ip: 192.168.164.239, host: trunk-nightly-20191020-r5wzl-4145440258, networkLocation: /default-rack, certSerialId: null} reports an CLOSED replica.
2019-10-20 04:42:33,920 [EventQueue-ContainerReportForContainerReportHandler] WARN  container.ContainerReportHandler (AbstractContainerReportHandler.java:updateContainerState(145)) - Container #1 is in OPEN state, but the datanode 57114e09-3b7f-4b4a-a342-090fe34f336a{ip: 192.168.164.239, host: trunk-nightly-20191020-r5wzl-4145440258, networkLocation: /default-rack, certSerialId: null} reports an CLOSED replica.
2019-10-20 04:42:33,975 [EventQueue-ContainerReportForContainerReportHandler] WARN  container.ContainerReportHandler (AbstractContainerReportHandler.java:updateContainerState(145)) - Container #1 is in OPEN state, but the datanode 8f4dcc74-0612-4035-9040-5f73cd792029{ip: 192.168.164.239, host: trunk-nightly-20191020-r5wzl-4145440258, networkLocation: /default-rack, certSerialId: null} reports an CLOSED replica.
2019-10-20 04:42:34,120 [EventQueue-ContainerReportForContainerReportHandler] WARN  container.ContainerReportHandler (AbstractContainerReportHandler.java:updateContainerState(145)) - Container #1 is in OPEN state, but the datanode 57114e09-3b7f-4b4a-a342-090fe34f336a{ip: 192.168.164.239, host: trunk-nightly-20191020-r5wzl-4145440258, networkLocation: /default-rack, certSerialId: null} reports an CLOSED replica.
2019-10-20 04:42:34,205 [java.util.concurrent.ThreadPoolExecutor$Worker@77e4dadc[State = -1, empty queue]] WARN  server.GrpcLogAppender (GrpcLogAppender.java:timeoutAppendRequest(209)) - 8f4dcc74-0612-4035-9040-5f73cd792029@group-045AAD0D4D73->e3be97a9-3d3a-4f1a-9aac-bb0a1b054e74-GrpcLogAppender: appendEntries Timeout, request=8f4dcc74-0612-4035-9040-5f73cd792029->e3be97a9-3d3a-4f1a-9aac-bb0a1b054e74#47-t3, previous=(t:3, i:10), leaderCommit=10, initializing? false, entries: <empty>
2019-10-20 04:42:34,245 [BlockDeletingService#2] WARN  background.BlockDeletingService (BlockDeletingService.java:isDeletionAllowed(187)) - Close Container log Index 6 is not replicated across allthe servers in the pipeline 34dfe2c8-23b7-47ff-8954-045aad0d4d73 as the min replicated index is 4. Deletion is not allowed in this container yet.
2019-10-20 04:42:34,245 [BlockDeletingService#2] WARN  background.BlockDeletingService (BlockDeletingService.java:isDeletionAllowed(187)) - Close Container log Index 6 is not replicated across allthe servers in the pipeline 34dfe2c8-23b7-47ff-8954-045aad0d4d73 as the min replicated index is 4. Deletion is not allowed in this container yet.
2019-10-20 04:42:34,274 [EventQueue-ContainerReportForContainerReportHandler] WARN  container.ContainerReportHandler (AbstractContainerReportHandler.java:updateContainerState(145)) - Container #1 is in OPEN state, but the datanode 8f4dcc74-0612-4035-9040-5f73cd792029{ip: 192.168.164.239, host: trunk-nightly-20191020-r5wzl-4145440258, networkLocation: /default-rack, certSerialId: null} reports an CLOSED replica.
2019-10-20 04:42:34,419 [EventQueue-ContainerReportForContainerReportHandler] WARN  container.ContainerReportHandler (AbstractContainerReportHandler.java:updateContainerState(145)) - Container #1 is in OPEN state, but the datanode 57114e09-3b7f-4b4a-a342-090fe34f336a{ip: 192.168.164.239, host: trunk-nightly-20191020-r5wzl-4145440258, networkLocation: /default-rack, certSerialId: null} reports an CLOSED replica.
2019-10-20 04:42:34,675 [EventQueue-ContainerReportForContainerReportHandler] WARN  container.ContainerReportHandler (AbstractContainerReportHandler.java:updateContainerState(145)) - Container #1 is in OPEN state, but the datanode 8f4dcc74-0612-4035-9040-5f73cd792029{ip: 192.168.164.239, host: trunk-nightly-20191020-r5wzl-4145440258, networkLocation: /default-rack, certSerialId: null} reports an CLOSED replica.
2019-10-20 04:42:34,820 [EventQueue-ContainerReportForContainerReportHandler] WARN  container.ContainerReportHandler (AbstractContainerReportHandler.java:updateContainerState(145)) - Container #1 is in OPEN state, but the datanode 57114e09-3b7f-4b4a-a342-090fe34f336a{ip: 192.168.164.239, host: trunk-nightly-20191020-r5wzl-4145440258, networkLocation: /default-rack, certSerialId: null} reports an CLOSED replica.
2019-10-20 04:42:34,975 [EventQueue-ContainerReportForContainerReportHandler] WARN  container.ContainerReportHandler (AbstractContainerReportHandler.java:updateContainerState(145)) - Container #1 is in OPEN state, but the datanode 8f4dcc74-0612-4035-9040-5f73cd792029{ip: 192.168.164.239, host: trunk-nightly-20191020-r5wzl-4145440258, networkLocation: /default-rack, certSerialId: null} reports an CLOSED replica.
2019-10-20 04:42:35,119 [EventQueue-ContainerReportForContainerReportHandler] WARN  container.ContainerReportHandler (AbstractContainerReportHandler.java:updateContainerState(145)) - Container #1 is in OPEN state, but the datanode 57114e09-3b7f-4b4a-a342-090fe34f336a{ip: 192.168.164.239, host: trunk-nightly-20191020-r5wzl-4145440258, networkLocation: /default-rack, certSerialId: null} reports an CLOSED replica.
2019-10-20 04:42:35,246 [BlockDeletingService#2] WARN  background.BlockDeletingService (BlockDeletingService.java:isDeletionAllowed(187)) - Close Container log Index 6 is not replicated across allthe servers in the pipeline 34dfe2c8-23b7-47ff-8954-045aad0d4d73 as the min replicated index is 4. Deletion is not allowed in this container yet.
2019-10-20 04:42:35,246 [BlockDeletingService#2] WARN  background.BlockDeletingService (BlockDeletingService.java:isDeletionAllowed(187)) - Close Container log Index 6 is not replicated across allthe servers in the pipeline 34dfe2c8-23b7-47ff-8954-045aad0d4d73 as the min replicated index is 4. Deletion is not allowed in this container yet.
2019-10-20 04:42:35,376 [EventQueue-ContainerReportForContainerReportHandler] WARN  container.ContainerReportHandler (AbstractContainerReportHandler.java:updateContainerState(145)) - Container #1 is in OPEN state, but the datanode 8f4dcc74-0612-4035-9040-5f73cd792029{ip: 192.168.164.239, host: trunk-nightly-20191020-r5wzl-4145440258, networkLocation: /default-rack, certSerialId: null} reports an CLOSED replica.
2019-10-20 04:42:35,421 [EventQueue-ContainerReportForContainerReportHandler] WARN  container.ContainerReportHandler (AbstractContainerReportHandler.java:updateContainerState(145)) - Container #1 is in OPEN state, but the datanode 57114e09-3b7f-4b4a-a342-090fe34f336a{ip: 192.168.164.239, host: trunk-nightly-20191020-r5wzl-4145440258, networkLocation: /default-rack, certSerialId: null} reports an CLOSED replica.
2019-10-20 04:42:35,675 [EventQueue-ContainerReportForContainerReportHandler] WARN  container.ContainerReportHandler (AbstractContainerReportHandler.java:updateContainerState(145)) - Container #1 is in OPEN state, but the datanode 8f4dcc74-0612-4035-9040-5f73cd792029{ip: 192.168.164.239, host: trunk-nightly-20191020-r5wzl-4145440258, networkLocation: /default-rack, certSerialId: null} reports an CLOSED replica.
2019-10-20 04:42:35,720 [EventQueue-ContainerReportForContainerReportHandler] WARN  container.ContainerReportHandler (AbstractContainerReportHandler.java:updateContainerState(145)) - Container #1 is in OPEN state, but the datanode 57114e09-3b7f-4b4a-a342-090fe34f336a{ip: 192.168.164.239, host: trunk-nightly-20191020-r5wzl-4145440258, networkLocation: /default-rack, certSerialId: null} reports an CLOSED replica.
2019-10-20 04:42:35,921 [EventQueue-ContainerReportForContainerReportHandler] WARN  container.ContainerReportHandler (AbstractContainerReportHandler.java:updateContainerState(145)) - Container #1 is in OPEN state, but the datanode 57114e09-3b7f-4b4a-a342-090fe34f336a{ip: 192.168.164.239, host: trunk-nightly-20191020-r5wzl-4145440258, networkLocation: /default-rack, certSerialId: null} reports an CLOSED replica.
2019-10-20 04:42:35,976 [EventQueue-ContainerReportForContainerReportHandler] WARN  container.ContainerReportHandler (AbstractContainerReportHandler.java:updateContainerState(145)) - Container #1 is in OPEN state, but the datanode 8f4dcc74-0612-4035-9040-5f73cd792029{ip: 192.168.164.239, host: trunk-nightly-20191020-r5wzl-4145440258, networkLocation: /default-rack, certSerialId: null} reports an CLOSED replica.
2019-10-20 04:42:36,176 [EventQueue-ContainerReportForContainerReportHandler] WARN  container.ContainerReportHandler (AbstractContainerReportHandler.java:updateContainerState(145)) - Container #1 is in OPEN state, but the datanode 8f4dcc74-0612-4035-9040-5f73cd792029{ip: 192.168.164.239, host: trunk-nightly-20191020-r5wzl-4145440258, networkLocation: /default-rack, certSerialId: null} reports an CLOSED replica.
2019-10-20 04:42:36,223 [EventQueue-ContainerReportForContainerReportHandler] WARN  container.ContainerReportHandler (AbstractContainerReportHandler.java:updateContainerState(145)) - Container #1 is in OPEN state, but the datanode 57114e09-3b7f-4b4a-a342-090fe34f336a{ip: 192.168.164.239, host: trunk-nightly-20191020-r5wzl-4145440258, networkLocation: /default-rack, certSerialId: null} reports an CLOSED replica.
2019-10-20 04:42:36,248 [BlockDeletingService#2] WARN  background.BlockDeletingService (BlockDeletingService.java:isDeletionAllowed(187)) - Close Container log Index 6 is not replicated across allthe servers in the pipeline 34dfe2c8-23b7-47ff-8954-045aad0d4d73 as the min replicated index is 4. Deletion is not allowed in this container yet.
2019-10-20 04:42:36,248 [BlockDeletingService#2] WARN  background.BlockDeletingService (BlockDeletingService.java:isDeletionAllowed(187)) - Close Container log Index 6 is not replicated across allthe servers in the pipeline 34dfe2c8-23b7-47ff-8954-045aad0d4d73 as the min replicated index is 4. Deletion is not allowed in this container yet.
2019-10-20 04:42:36,523 [EventQueue-ContainerReportForContainerReportHandler] WARN  container.ContainerReportHandler (AbstractContainerReportHandler.java:updateContainerState(145)) - Container #1 is in OPEN state, but the datanode 57114e09-3b7f-4b4a-a342-090fe34f336a{ip: 192.168.164.239, host: trunk-nightly-20191020-r5wzl-4145440258, networkLocation: /default-rack, certSerialId: null} reports an CLOSED replica.
2019-10-20 04:42:36,576 [EventQueue-ContainerReportForContainerReportHandler] WARN  container.ContainerReportHandler (AbstractContainerReportHandler.java:updateContainerState(145)) - Container #1 is in OPEN state, but the datanode 8f4dcc74-0612-4035-9040-5f73cd792029{ip: 192.168.164.239, host: trunk-nightly-20191020-r5wzl-4145440258, networkLocation: /default-rack, certSerialId: null} reports an CLOSED replica.
2019-10-20 04:42:36,706 [java.util.concurrent.ThreadPoolExecutor$Worker@77e4dadc[State = -1, empty queue]] WARN  server.GrpcLogAppender (GrpcLogAppender.java:timeoutAppendRequest(209)) - 8f4dcc74-0612-4035-9040-5f73cd792029@group-045AAD0D4D73->e3be97a9-3d3a-4f1a-9aac-bb0a1b054e74-GrpcLogAppender: appendEntries Timeout, request=8f4dcc74-0612-4035-9040-5f73cd792029->e3be97a9-3d3a-4f1a-9aac-bb0a1b054e74#48-t3, previous=(t:3, i:10), leaderCommit=10, initializing? false, entries: <empty>
2019-10-20 04:42:36,777 [EventQueue-ContainerReportForContainerReportHandler] WARN  container.ContainerReportHandler (AbstractContainerReportHandler.java:updateContainerState(145)) - Container #1 is in OPEN state, but the datanode 8f4dcc74-0612-4035-9040-5f73cd792029{ip: 192.168.164.239, host: trunk-nightly-20191020-r5wzl-4145440258, networkLocation: /default-rack, certSerialId: null} reports an CLOSED replica.
2019-10-20 04:42:36,923 [EventQueue-ContainerReportForContainerReportHandler] WARN  container.ContainerReportHandler (AbstractContainerReportHandler.java:updateContainerState(145)) - Container #1 is in OPEN state, but the datanode 57114e09-3b7f-4b4a-a342-090fe34f336a{ip: 192.168.164.239, host: trunk-nightly-20191020-r5wzl-4145440258, networkLocation: /default-rack, certSerialId: null} reports an CLOSED replica.
2019-10-20 04:42:37,077 [EventQueue-ContainerReportForContainerReportHandler] WARN  container.ContainerReportHandler (AbstractContainerReportHandler.java:updateContainerState(145)) - Container #1 is in OPEN state, but the datanode 8f4dcc74-0612-4035-9040-5f73cd792029{ip: 192.168.164.239, host: trunk-nightly-20191020-r5wzl-4145440258, networkLocation: /default-rack, certSerialId: null} reports an CLOSED replica.
2019-10-20 04:42:37,123 [EventQueue-ContainerReportForContainerReportHandler] WARN  container.ContainerReportHandler (AbstractContainerReportHandler.java:updateContainerState(145)) - Container #1 is in OPEN state, but the datanode 57114e09-3b7f-4b4a-a342-090fe34f336a{ip: 192.168.164.239, host: trunk-nightly-20191020-r5wzl-4145440258, networkLocation: /default-rack, certSerialId: null} reports an CLOSED replica.
2019-10-20 04:42:37,249 [BlockDeletingService#2] WARN  background.BlockDeletingService (BlockDeletingService.java:isDeletionAllowed(187)) - Close Container log Index 6 is not replicated across allthe servers in the pipeline 34dfe2c8-23b7-47ff-8954-045aad0d4d73 as the min replicated index is 4. Deletion is not allowed in this container yet.
2019-10-20 04:42:37,250 [BlockDeletingService#2] WARN  background.BlockDeletingService (BlockDeletingService.java:isDeletionAllowed(187)) - Close Container log Index 6 is not replicated across allthe servers in the pipeline 34dfe2c8-23b7-47ff-8954-045aad0d4d73 as the min replicated index is 4. Deletion is not allowed in this container yet.
2019-10-20 04:42:37,322 [EventQueue-ContainerReportForContainerReportHandler] WARN  container.ContainerReportHandler (AbstractContainerReportHandler.java:updateContainerState(145)) - Container #1 is in OPEN state, but the datanode 57114e09-3b7f-4b4a-a342-090fe34f336a{ip: 192.168.164.239, host: trunk-nightly-20191020-r5wzl-4145440258, networkLocation: /default-rack, certSerialId: null} reports an CLOSED replica.
2019-10-20 04:42:37,376 [EventQueue-ContainerReportForContainerReportHandler] WARN  container.ContainerReportHandler (AbstractContainerReportHandler.java:updateContainerState(145)) - Container #1 is in OPEN state, but the datanode 8f4dcc74-0612-4035-9040-5f73cd792029{ip: 192.168.164.239, host: trunk-nightly-20191020-r5wzl-4145440258, networkLocation: /default-rack, certSerialId: null} reports an CLOSED replica.
2019-10-20 04:42:37,624 [EventQueue-ContainerReportForContainerReportHandler] WARN  container.ContainerReportHandler (AbstractContainerReportHandler.java:updateContainerState(145)) - Container #1 is in OPEN state, but the datanode 57114e09-3b7f-4b4a-a342-090fe34f336a{ip: 192.168.164.239, host: trunk-nightly-20191020-r5wzl-4145440258, networkLocation: /default-rack, certSerialId: null} reports an CLOSED replica.
2019-10-20 04:42:37,677 [EventQueue-ContainerReportForContainerReportHandler] WARN  container.ContainerReportHandler (AbstractContainerReportHandler.java:updateContainerState(145)) - Container #1 is in OPEN state, but the datanode 8f4dcc74-0612-4035-9040-5f73cd792029{ip: 192.168.164.239, host: trunk-nightly-20191020-r5wzl-4145440258, networkLocation: /default-rack, certSerialId: null} reports an CLOSED replica.
2019-10-20 04:42:37,877 [EventQueue-ContainerReportForContainerReportHandler] WARN  container.ContainerReportHandler (AbstractContainerReportHandler.java:updateContainerState(145)) - Container #1 is in OPEN state, but the datanode 8f4dcc74-0612-4035-9040-5f73cd792029{ip: 192.168.164.239, host: trunk-nightly-20191020-r5wzl-4145440258, networkLocation: /default-rack, certSerialId: null} reports an CLOSED replica.
2019-10-20 04:42:37,924 [EventQueue-ContainerReportForContainerReportHandler] WARN  container.ContainerReportHandler (AbstractContainerReportHandler.java:updateContainerState(145)) - Container #1 is in OPEN state, but the datanode 57114e09-3b7f-4b4a-a342-090fe34f336a{ip: 192.168.164.239, host: trunk-nightly-20191020-r5wzl-4145440258, networkLocation: /default-rack, certSerialId: null} reports an CLOSED replica.
2019-10-20 04:42:38,223 [EventQueue-ContainerReportForContainerReportHandler] WARN  container.ContainerReportHandler (AbstractContainerReportHandler.java:updateContainerState(145)) - Container #1 is in OPEN state, but the datanode 57114e09-3b7f-4b4a-a342-090fe34f336a{ip: 192.168.164.239, host: trunk-nightly-20191020-r5wzl-4145440258, networkLocation: /default-rack, certSerialId: null} reports an CLOSED replica.
2019-10-20 04:42:38,251 [BlockDeletingService#2] WARN  background.BlockDeletingService (BlockDeletingService.java:isDeletionAllowed(187)) - Close Container log Index 6 is not replicated across allthe servers in the pipeline 34dfe2c8-23b7-47ff-8954-045aad0d4d73 as the min replicated index is 4. Deletion is not allowed in this container yet.
2019-10-20 04:42:38,251 [BlockDeletingService#2] WARN  background.BlockDeletingService (BlockDeletingService.java:isDeletionAllowed(187)) - Close Container log Index 6 is not replicated across allthe servers in the pipeline 34dfe2c8-23b7-47ff-8954-045aad0d4d73 as the min replicated index is 4. Deletion is not allowed in this container yet.
2019-10-20 04:42:38,278 [EventQueue-ContainerReportForContainerReportHandler] WARN  container.ContainerReportHandler (AbstractContainerReportHandler.java:updateContainerState(145)) - Container #1 is in OPEN state, but the datanode 8f4dcc74-0612-4035-9040-5f73cd792029{ip: 192.168.164.239, host: trunk-nightly-20191020-r5wzl-4145440258, networkLocation: /default-rack, certSerialId: null} reports an CLOSED replica.
2019-10-20 04:42:38,624 [EventQueue-ContainerReportForContainerReportHandler] WARN  container.ContainerReportHandler (AbstractContainerReportHandler.java:updateContainerState(145)) - Container #1 is in OPEN state, but the datanode 57114e09-3b7f-4b4a-a342-090fe34f336a{ip: 192.168.164.239, host: trunk-nightly-20191020-r5wzl-4145440258, networkLocation: /default-rack, certSerialId: null} reports an CLOSED replica.
2019-10-20 04:42:38,678 [EventQueue-ContainerReportForContainerReportHandler] WARN  container.ContainerReportHandler (AbstractContainerReportHandler.java:updateContainerState(145)) - Container #1 is in OPEN state, but the datanode 8f4dcc74-0612-4035-9040-5f73cd792029{ip: 192.168.164.239, host: trunk-nightly-20191020-r5wzl-4145440258, networkLocation: /default-rack, certSerialId: null} reports an CLOSED replica.
2019-10-20 04:42:38,924 [EventQueue-ContainerReportForContainerReportHandler] WARN  container.ContainerReportHandler (AbstractContainerReportHandler.java:updateContainerState(145)) - Container #1 is in OPEN state, but the datanode 57114e09-3b7f-4b4a-a342-090fe34f336a{ip: 192.168.164.239, host: trunk-nightly-20191020-r5wzl-4145440258, networkLocation: /default-rack, certSerialId: null} reports an CLOSED replica.
2019-10-20 04:42:39,079 [EventQueue-ContainerReportForContainerReportHandler] WARN  container.ContainerReportHandler (AbstractContainerReportHandler.java:updateContainerState(145)) - Container #1 is in OPEN state, but the datanode 8f4dcc74-0612-4035-9040-5f73cd792029{ip: 192.168.164.239, host: trunk-nightly-20191020-r5wzl-4145440258, networkLocation: /default-rack, certSerialId: null} reports an CLOSED replica.
2019-10-20 04:42:39,126 [EventQueue-ContainerReportForContainerReportHandler] WARN  container.ContainerReportHandler (AbstractContainerReportHandler.java:updateContainerState(145)) - Container #1 is in OPEN state, but the datanode 57114e09-3b7f-4b4a-a342-090fe34f336a{ip: 192.168.164.239, host: trunk-nightly-20191020-r5wzl-4145440258, networkLocation: /default-rack, certSerialId: null} reports an CLOSED replica.
2019-10-20 04:42:39,207 [java.util.concurrent.ThreadPoolExecutor$Worker@77e4dadc[State = -1, empty queue]] WARN  server.GrpcLogAppender (GrpcLogAppender.java:timeoutAppendRequest(209)) - 8f4dcc74-0612-4035-9040-5f73cd792029@group-045AAD0D4D73->e3be97a9-3d3a-4f1a-9aac-bb0a1b054e74-GrpcLogAppender: appendEntries Timeout, request=8f4dcc74-0612-4035-9040-5f73cd792029->e3be97a9-3d3a-4f1a-9aac-bb0a1b054e74#49-t3, previous=(t:3, i:10), leaderCommit=10, initializing? false, entries: <empty>
2019-10-20 04:42:39,253 [BlockDeletingService#2] WARN  background.BlockDeletingService (BlockDeletingService.java:isDeletionAllowed(187)) - Close Container log Index 6 is not replicated across allthe servers in the pipeline 34dfe2c8-23b7-47ff-8954-045aad0d4d73 as the min replicated index is 4. Deletion is not allowed in this container yet.
2019-10-20 04:42:39,253 [BlockDeletingService#2] WARN  background.BlockDeletingService (BlockDeletingService.java:isDeletionAllowed(187)) - Close Container log Index 6 is not replicated across allthe servers in the pipeline 34dfe2c8-23b7-47ff-8954-045aad0d4d73 as the min replicated index is 4. Deletion is not allowed in this container yet.
2019-10-20 04:42:39,279 [EventQueue-ContainerReportForContainerReportHandler] WARN  container.ContainerReportHandler (AbstractContainerReportHandler.java:updateContainerState(145)) - Container #1 is in OPEN state, but the datanode 8f4dcc74-0612-4035-9040-5f73cd792029{ip: 192.168.164.239, host: trunk-nightly-20191020-r5wzl-4145440258, networkLocation: /default-rack, certSerialId: null} reports an CLOSED replica.
2019-10-20 04:42:39,426 [EventQueue-ContainerReportForContainerReportHandler] WARN  container.ContainerReportHandler (AbstractContainerReportHandler.java:updateContainerState(145)) - Container #1 is in OPEN state, but the datanode 57114e09-3b7f-4b4a-a342-090fe34f336a{ip: 192.168.164.239, host: trunk-nightly-20191020-r5wzl-4145440258, networkLocation: /default-rack, certSerialId: null} reports an CLOSED replica.
2019-10-20 04:42:39,579 [EventQueue-ContainerReportForContainerReportHandler] WARN  container.ContainerReportHandler (AbstractContainerReportHandler.java:updateContainerState(145)) - Container #1 is in OPEN state, but the datanode 8f4dcc74-0612-4035-9040-5f73cd792029{ip: 192.168.164.239, host: trunk-nightly-20191020-r5wzl-4145440258, networkLocation: /default-rack, certSerialId: null} reports an CLOSED replica.
2019-10-20 04:42:39,627 [EventQueue-ContainerReportForContainerReportHandler] WARN  container.ContainerReportHandler (AbstractContainerReportHandler.java:updateContainerState(145)) - Container #1 is in OPEN state, but the datanode 57114e09-3b7f-4b4a-a342-090fe34f336a{ip: 192.168.164.239, host: trunk-nightly-20191020-r5wzl-4145440258, networkLocation: /default-rack, certSerialId: null} reports an CLOSED replica.
2019-10-20 04:42:39,779 [EventQueue-ContainerReportForContainerReportHandler] WARN  container.ContainerReportHandler (AbstractContainerReportHandler.java:updateContainerState(145)) - Container #1 is in OPEN state, but the datanode 8f4dcc74-0612-4035-9040-5f73cd792029{ip: 192.168.164.239, host: trunk-nightly-20191020-r5wzl-4145440258, networkLocation: /default-rack, certSerialId: null} reports an CLOSED replica.
2019-10-20 04:42:39,805 [EventQueue-StaleNodeForStaleNodeHandler] INFO  node.StaleNodeHandler (StaleNodeHandler.java:onMessage(58)) - Datanode e3be97a9-3d3a-4f1a-9aac-bb0a1b054e74{ip: 192.168.164.239, host: trunk-nightly-20191020-r5wzl-4145440258, networkLocation: /default-rack, certSerialId: null} moved to stale state. Finalizing its pipelines [PipelineID=509a6c9b-715a-4f06-b470-e2bef0184e55, PipelineID=34dfe2c8-23b7-47ff-8954-045aad0d4d73]
2019-10-20 04:42:39,806 [EventQueue-StaleNodeForStaleNodeHandler] INFO  pipeline.SCMPipelineManager (SCMPipelineManager.java:finalizeAndDestroyPipeline(315)) - destroying pipeline:Pipeline[ Id: 509a6c9b-715a-4f06-b470-e2bef0184e55, Nodes: e3be97a9-3d3a-4f1a-9aac-bb0a1b054e74{ip: 192.168.164.239, host: trunk-nightly-20191020-r5wzl-4145440258, networkLocation: /default-rack, certSerialId: null}, Type:RATIS, Factor:ONE, State:OPEN]
2019-10-20 04:42:39,809 [EventQueue-StaleNodeForStaleNodeHandler] INFO  pipeline.PipelineStateManager (PipelineStateManager.java:finalizePipeline(123)) - Pipeline Pipeline[ Id: 509a6c9b-715a-4f06-b470-e2bef0184e55, Nodes: e3be97a9-3d3a-4f1a-9aac-bb0a1b054e74{ip: 192.168.164.239, host: trunk-nightly-20191020-r5wzl-4145440258, networkLocation: /default-rack, certSerialId: null}, Type:RATIS, Factor:ONE, State:CLOSED] moved to CLOSED state
2019-10-20 04:42:39,811 [EventQueue-StaleNodeForStaleNodeHandler] INFO  pipeline.SCMPipelineManager (SCMPipelineManager.java:finalizeAndDestroyPipeline(315)) - destroying pipeline:Pipeline[ Id: 34dfe2c8-23b7-47ff-8954-045aad0d4d73, Nodes: e3be97a9-3d3a-4f1a-9aac-bb0a1b054e74{ip: 192.168.164.239, host: trunk-nightly-20191020-r5wzl-4145440258, networkLocation: /default-rack, certSerialId: null}57114e09-3b7f-4b4a-a342-090fe34f336a{ip: 192.168.164.239, host: trunk-nightly-20191020-r5wzl-4145440258, networkLocation: /default-rack, certSerialId: null}8f4dcc74-0612-4035-9040-5f73cd792029{ip: 192.168.164.239, host: trunk-nightly-20191020-r5wzl-4145440258, networkLocation: /default-rack, certSerialId: null}, Type:RATIS, Factor:THREE, State:OPEN]
2019-10-20 04:42:39,811 [EventQueue-StaleNodeForStaleNodeHandler] INFO  pipeline.PipelineStateManager (PipelineStateManager.java:finalizePipeline(123)) - Pipeline Pipeline[ Id: 34dfe2c8-23b7-47ff-8954-045aad0d4d73, Nodes: e3be97a9-3d3a-4f1a-9aac-bb0a1b054e74{ip: 192.168.164.239, host: trunk-nightly-20191020-r5wzl-4145440258, networkLocation: /default-rack, certSerialId: null}57114e09-3b7f-4b4a-a342-090fe34f336a{ip: 192.168.164.239, host: trunk-nightly-20191020-r5wzl-4145440258, networkLocation: /default-rack, certSerialId: null}8f4dcc74-0612-4035-9040-5f73cd792029{ip: 192.168.164.239, host: trunk-nightly-20191020-r5wzl-4145440258, networkLocation: /default-rack, certSerialId: null}, Type:RATIS, Factor:THREE, State:CLOSED] moved to CLOSED state
2019-10-20 04:42:39,812 [EventQueue-CloseContainerForCloseContainerEventHandler] INFO  container.CloseContainerEventHandler (CloseContainerEventHandler.java:onMessage(61)) - Close container Event triggered for container : #1
2019-10-20 04:42:39,828 [EventQueue-ContainerReportForContainerReportHandler] INFO  container.ContainerReportHandler (AbstractContainerReportHandler.java:updateContainerState(178)) - Moving container #1 to CLOSED state, datanode 57114e09-3b7f-4b4a-a342-090fe34f336a{ip: 192.168.164.239, host: trunk-nightly-20191020-r5wzl-4145440258, networkLocation: /default-rack, certSerialId: null} reported CLOSED replica.
2019-10-20 04:42:40,255 [BlockDeletingService#2] WARN  background.BlockDeletingService (BlockDeletingService.java:isDeletionAllowed(187)) - Close Container log Index 6 is not replicated across allthe servers in the pipeline 34dfe2c8-23b7-47ff-8954-045aad0d4d73 as the min replicated index is 4. Deletion is not allowed in this container yet.
2019-10-20 04:42:40,255 [BlockDeletingService#2] WARN  background.BlockDeletingService (BlockDeletingService.java:isDeletionAllowed(187)) - Close Container log Index 6 is not replicated across allthe servers in the pipeline 34dfe2c8-23b7-47ff-8954-045aad0d4d73 as the min replicated index is 4. Deletion is not allowed in this container yet.
2019-10-20 04:42:40,318 [SCMBlockDeletingService#0] INFO  block.SCMBlockDeletingService (SCMBlockDeletingService.java:call(184)) - Totally added 3 delete blocks command for 3 datanodes, task elapsed time: 6ms
2019-10-20 04:42:40,481 [EventQueue-PendingDeleteStatusForPendingDeleteHandler] INFO  block.SCMBlockDeletingService (SCMBlockDeletingService.java:handlePendingDeletes(115)) - Block deletion txnID mismatch in datanode 8f4dcc74-0612-4035-9040-5f73cd792029 for containerID 1. Datanode delete txnID: 0, SCM txnID: 1
2019-10-20 04:42:40,483 [Command processor thread] INFO  commandhandler.DeleteBlocksCommandHandler (DeleteBlocksCommandHandler.java:handle(106)) - Start to delete container blocks, TXIDs=[1(0)], numOfContainers=1, numOfBlocks=1
2019-10-20 04:42:40,529 [EventQueue-PendingDeleteStatusForPendingDeleteHandler] INFO  block.SCMBlockDeletingService (SCMBlockDeletingService.java:handlePendingDeletes(115)) - Block deletion txnID mismatch in datanode 57114e09-3b7f-4b4a-a342-090fe34f336a for containerID 1. Datanode delete txnID: 0, SCM txnID: 1
2019-10-20 04:42:40,727 [Command processor thread] INFO  commandhandler.DeleteBlocksCommandHandler (DeleteBlocksCommandHandler.java:handle(106)) - Start to delete container blocks, TXIDs=[1(0)], numOfContainers=1, numOfBlocks=1
2019-10-20 04:42:40,767 [main] INFO  impl.MetricsSystemImpl (MetricsSystemImpl.java:init(158)) - HddsDatanode metrics system started (again)
2019-10-20 04:42:40,812 [main] INFO  ozone.HddsDatanodeService (HddsDatanodeService.java:start(184)) - HddsDatanodeService host:trunk-nightly-20191020-r5wzl-4145440258 ip:192.168.164.239
2019-10-20 04:42:40,815 [main] INFO  volume.VolumeUsage (VolumeUsage.java:loadScmUsed(144)) - Cached ScmUsed found for /workdir/hadoop-ozone/integration-test/target/test-dir/MiniOzoneClusterImpl-d38a7f5b-303d-44e0-98bc-bd79b7bb2084/datanode-2/data/containers : 4096 
2019-10-20 04:42:40,816 [main] INFO  volume.HddsVolume (HddsVolume.java:<init>(176)) - Creating Volume: /workdir/hadoop-ozone/integration-test/target/test-dir/MiniOzoneClusterImpl-d38a7f5b-303d-44e0-98bc-bd79b7bb2084/datanode-2/data/containers/hdds of  storage type : DISK and capacity : 1482555576320
2019-10-20 04:42:40,817 [main] INFO  volume.VolumeSet (VolumeSet.java:initializeVolumeSet(170)) - Added Volume : /workdir/hadoop-ozone/integration-test/target/test-dir/MiniOzoneClusterImpl-d38a7f5b-303d-44e0-98bc-bd79b7bb2084/datanode-2/data/containers/hdds to VolumeSet
2019-10-20 04:42:40,817 [main] INFO  volume.ThrottledAsyncChecker (ThrottledAsyncChecker.java:schedule(141)) - Scheduling a check for /workdir/hadoop-ozone/integration-test/target/test-dir/MiniOzoneClusterImpl-d38a7f5b-303d-44e0-98bc-bd79b7bb2084/datanode-2/data/containers/hdds
2019-10-20 04:42:40,818 [main] INFO  volume.HddsVolumeChecker (HddsVolumeChecker.java:checkAllVolumes(204)) - Scheduled health check for volume /workdir/hadoop-ozone/integration-test/target/test-dir/MiniOzoneClusterImpl-d38a7f5b-303d-44e0-98bc-bd79b7bb2084/datanode-2/data/containers/hdds
2019-10-20 04:42:40,865 [main] INFO  impl.RaftServerProxy (ConfUtils.java:logGet(43)) - raft.rpc.type = GRPC (default)
2019-10-20 04:42:40,866 [main] INFO  grpc.GrpcFactory (GrpcFactory.java:checkPooledByteBufAllocatorUseCacheForAllThreads(45)) - PERFORMANCE WARNING: useCacheForAllThreads is true that may cause Netty to create a lot garbage objects and, as a result, trigger GC.
	It is recommended to disable useCacheForAllThreads by setting -Dorg.apache.ratis.thirdparty.io.netty.allocator.useCacheForAllThreads=false in command line.
2019-10-20 04:42:40,866 [main] INFO  grpc.GrpcConfigKeys$Server (ConfUtils.java:logGet(43)) - raft.grpc.server.port = 42267 (custom)
2019-10-20 04:42:40,866 [main] INFO  server.GrpcService (ConfUtils.java:logGet(43)) - raft.grpc.message.size.max = 33570816 (custom)
2019-10-20 04:42:40,867 [main] INFO  server.RaftServerConfigKeys (ConfUtils.java:logGet(43)) - raft.server.log.appender.buffer.byte-limit = 33554432 (custom)
2019-10-20 04:42:40,867 [main] INFO  server.GrpcService (ConfUtils.java:logGet(43)) - raft.grpc.flow.control.window = 1MB (=1048576) (default)
2019-10-20 04:42:40,867 [main] INFO  server.RaftServerConfigKeys (ConfUtils.java:logGet(43)) - raft.server.rpc.request.timeout = 3000ms (default)
2019-10-20 04:42:40,869 [main] INFO  server.RaftServerConfigKeys (ConfUtils.java:logGet(43)) - raft.server.storage.dir = [/workdir/hadoop-ozone/integration-test/target/test-dir/MiniOzoneClusterImpl-d38a7f5b-303d-44e0-98bc-bd79b7bb2084/datanode-2/data/ratis] (custom)
2019-10-20 04:42:40,869 [main] INFO  impl.RaftServerProxy (RaftServerProxy.java:lambda$null$0(191)) - e3be97a9-3d3a-4f1a-9aac-bb0a1b054e74: found a subdirectory /workdir/hadoop-ozone/integration-test/target/test-dir/MiniOzoneClusterImpl-d38a7f5b-303d-44e0-98bc-bd79b7bb2084/datanode-2/data/ratis/34dfe2c8-23b7-47ff-8954-045aad0d4d73
2019-10-20 04:42:40,870 [main] INFO  impl.RaftServerProxy (RaftServerProxy.java:addNew(89)) - e3be97a9-3d3a-4f1a-9aac-bb0a1b054e74: addNew group-045AAD0D4D73:[] returns group-045AAD0D4D73:java.util.concurrent.CompletableFuture@6ca8fcf3[Not completed]
2019-10-20 04:42:40,871 [main] INFO  impl.RaftServerProxy (RaftServerProxy.java:lambda$null$0(191)) - e3be97a9-3d3a-4f1a-9aac-bb0a1b054e74: found a subdirectory /workdir/hadoop-ozone/integration-test/target/test-dir/MiniOzoneClusterImpl-d38a7f5b-303d-44e0-98bc-bd79b7bb2084/datanode-2/data/ratis/509a6c9b-715a-4f06-b470-e2bef0184e55
2019-10-20 04:42:40,871 [main] INFO  impl.RaftServerProxy (RaftServerProxy.java:addNew(89)) - e3be97a9-3d3a-4f1a-9aac-bb0a1b054e74: addNew group-E2BEF0184E55:[] returns group-E2BEF0184E55:java.util.concurrent.CompletableFuture@69f0b0f4[Not completed]
2019-10-20 04:42:40,879 [pool-59-thread-1] INFO  impl.RaftServerImpl (RaftServerImpl.java:<init>(104)) - e3be97a9-3d3a-4f1a-9aac-bb0a1b054e74: new RaftServerImpl for group-045AAD0D4D73:[] with ContainerStateMachine:uninitialized
2019-10-20 04:42:40,879 [pool-59-thread-1] INFO  server.RaftServerConfigKeys (ConfUtils.java:logGet(43)) - raft.server.rpc.timeout.min = 5s (custom)
2019-10-20 04:42:40,879 [pool-59-thread-1] INFO  server.RaftServerConfigKeys (ConfUtils.java:logGet(43)) - raft.server.rpc.timeout.max = 5200ms (custom)
2019-10-20 04:42:40,879 [pool-59-thread-1] INFO  server.RaftServerConfigKeys (ConfUtils.java:logGet(43)) - raft.server.rpcslowness.timeout = 1000s (custom)
2019-10-20 04:42:40,879 [pool-59-thread-1] INFO  server.RaftServerConfigKeys (ConfUtils.java:logGet(43)) - raft.server.sleep.deviation.threshold = 300 (default)
2019-10-20 04:42:40,879 [pool-59-thread-1] INFO  server.RaftServerConfigKeys (ConfUtils.java:logGet(43)) - raft.server.log.appender.install.snapshot.enabled = false (custom)
2019-10-20 04:42:40,880 [pool-59-thread-1] INFO  impl.RaftServerImpl (ServerState.java:<init>(103)) - e3be97a9-3d3a-4f1a-9aac-bb0a1b054e74@group-045AAD0D4D73: ConfigurationManager, init=-1: [], old=null, confs=<EMPTY_MAP>
2019-10-20 04:42:40,880 [pool-59-thread-1] INFO  server.RaftServerConfigKeys (ConfUtils.java:logGet(43)) - raft.server.storage.dir = [/workdir/hadoop-ozone/integration-test/target/test-dir/MiniOzoneClusterImpl-d38a7f5b-303d-44e0-98bc-bd79b7bb2084/datanode-2/data/ratis] (custom)
2019-10-20 04:42:40,880 [pool-59-thread-1] INFO  server.RaftServerConfigKeys (ConfUtils.java:logGet(43)) - raft.server.log.corruption.policy = EXCEPTION (default)
2019-10-20 04:42:40,881 [main] INFO  hdfs.DFSUtil (DFSUtil.java:httpServerTemplateForNNAndJN(1641)) - Starting Web-server for hddsDatanode at: http://0.0.0.0:41663
2019-10-20 04:42:40,884 [main] INFO  server.AuthenticationFilter (AuthenticationFilter.java:constructSecretProvider(240)) - Unable to initialize FileSignerSecretProvider, falling back to use random secrets.
2019-10-20 04:42:40,885 [main] WARN  http.HttpRequestLog (HttpRequestLog.java:getRequestLog(97)) - Jetty request log can only be enabled using Log4j
2019-10-20 04:42:40,888 [main] INFO  http.HttpServer2 (HttpServer2.java:addGlobalFilter(975)) - Added global filter 'safety' (class=org.apache.hadoop.http.HttpServer2$QuotingInputFilter)
2019-10-20 04:42:40,889 [main] INFO  http.HttpServer2 (HttpServer2.java:addFilter(948)) - Added filter static_user_filter (class=org.apache.hadoop.http.lib.StaticUserWebFilter$StaticUserFilter) to context hddsDatanode
2019-10-20 04:42:40,889 [main] INFO  http.HttpServer2 (HttpServer2.java:addFilter(958)) - Added filter static_user_filter (class=org.apache.hadoop.http.lib.StaticUserWebFilter$StaticUserFilter) to context static
2019-10-20 04:42:40,889 [main] INFO  http.HttpServer2 (HttpServer2.java:addFilter(958)) - Added filter static_user_filter (class=org.apache.hadoop.http.lib.StaticUserWebFilter$StaticUserFilter) to context logs
2019-10-20 04:42:40,891 [main] INFO  http.HttpServer2 (HttpServer2.java:bindListener(1191)) - Jetty bound to port 41663
2019-10-20 04:42:40,891 [main] INFO  server.Server (Server.java:doStart(351)) - jetty-9.3.25.v20180904, build timestamp: 2018-09-04T21:11:46Z, git hash: 3ce520221d0240229c862b122d2b06c12a625732
2019-10-20 04:42:40,894 [main] INFO  handler.ContextHandler (ContextHandler.java:doStart(781)) - Started o.e.j.s.ServletContextHandler@4f327096{/logs,file:///workdir/hadoop-ozone/integration-test/target/log,AVAILABLE}
2019-10-20 04:42:40,894 [main] INFO  handler.ContextHandler (ContextHandler.java:doStart(781)) - Started o.e.j.s.ServletContextHandler@78a515e4{/static,jar:file:/home/user/.m2/repository/org/apache/hadoop/hadoop-hdds-container-service/0.5.0-SNAPSHOT/hadoop-hdds-container-service-0.5.0-SNAPSHOT.jar!/webapps/static,AVAILABLE}
2019-10-20 04:42:40,903 [pool-59-thread-1] INFO  storage.RaftStorageDirectory (RaftStorageDirectory.java:tryLock(328)) - Lock on /workdir/hadoop-ozone/integration-test/target/test-dir/MiniOzoneClusterImpl-d38a7f5b-303d-44e0-98bc-bd79b7bb2084/datanode-2/data/ratis/34dfe2c8-23b7-47ff-8954-045aad0d4d73/in_use.lock acquired by nodename 26650@trunk-nightly-20191020-r5wzl-4145440258
2019-10-20 04:42:40,907 [pool-59-thread-1] INFO  ratis.ContainerStateMachine (ContainerStateMachine.java:loadSnapshot(240)) - group-045AAD0D4D73: Setting the last applied index to (t:3, i:3)
2019-10-20 04:42:40,915 [pool-59-thread-1] INFO  impl.RaftServerImpl (ServerState.java:setRaftConf(357)) - e3be97a9-3d3a-4f1a-9aac-bb0a1b054e74@group-045AAD0D4D73: set configuration 0: [57114e09-3b7f-4b4a-a342-090fe34f336a:192.168.164.239:45374, e3be97a9-3d3a-4f1a-9aac-bb0a1b054e74:192.168.164.239:42267, 8f4dcc74-0612-4035-9040-5f73cd792029:192.168.164.239:37614], old=null at 0
2019-10-20 04:42:40,915 [pool-59-thread-1] INFO  server.RaftServerConfigKeys (ConfUtils.java:logGet(43)) - raft.server.notification.no-leader.timeout = 1000s (custom)
2019-10-20 04:42:40,916 [pool-59-thread-1] INFO  server.RaftServerConfigKeys (ConfUtils.java:logGet(43)) - raft.server.log.use.memory = false (default)
2019-10-20 04:42:40,916 [pool-59-thread-1] INFO  server.RaftServerConfigKeys (ConfUtils.java:logGet(43)) - raft.server.log.purge.gap = 1000000 (custom)
2019-10-20 04:42:40,916 [pool-59-thread-1] INFO  server.RaftServerConfigKeys (ConfUtils.java:logGet(43)) - raft.server.log.appender.buffer.byte-limit = 33554432 (custom)
2019-10-20 04:42:40,916 [pool-59-thread-1] INFO  server.RaftServerConfigKeys (ConfUtils.java:logGet(43)) - raft.server.log.segment.size.max = 1048576 (custom)
2019-10-20 04:42:40,916 [pool-59-thread-1] INFO  server.RaftServerConfigKeys (ConfUtils.java:logGet(43)) - raft.server.log.segment.cache.num.max = 2 (custom)
2019-10-20 04:42:40,917 [pool-59-thread-1] INFO  segmented.SegmentedRaftLogWorker (SegmentedRaftLogWorker.java:<init>(173)) - new e3be97a9-3d3a-4f1a-9aac-bb0a1b054e74@group-045AAD0D4D73-SegmentedRaftLogWorker for RaftStorage:Storage Directory /workdir/hadoop-ozone/integration-test/target/test-dir/MiniOzoneClusterImpl-d38a7f5b-303d-44e0-98bc-bd79b7bb2084/datanode-2/data/ratis/34dfe2c8-23b7-47ff-8954-045aad0d4d73
2019-10-20 04:42:40,917 [pool-59-thread-1] INFO  server.RaftServerConfigKeys (ConfUtils.java:logGet(43)) - raft.server.log.queue.byte-limit = 2147483647 (custom)
2019-10-20 04:42:40,917 [pool-59-thread-1] INFO  server.RaftServerConfigKeys (ConfUtils.java:logGet(43)) - raft.server.log.queue.element-limit = 1024 (custom)
2019-10-20 04:42:40,917 [pool-59-thread-1] INFO  server.RaftServerConfigKeys (ConfUtils.java:logGet(43)) - raft.server.log.segment.size.max = 1048576 (custom)
2019-10-20 04:42:40,917 [pool-59-thread-1] INFO  server.RaftServerConfigKeys (ConfUtils.java:logGet(43)) - raft.server.log.preallocated.size = 16384 (custom)
2019-10-20 04:42:40,918 [pool-59-thread-1] INFO  server.RaftServerConfigKeys (ConfUtils.java:logGet(43)) - raft.server.log.write.buffer.size = 33554432 (custom)
2019-10-20 04:42:40,918 [pool-59-thread-1] INFO  server.RaftServerConfigKeys (ConfUtils.java:logGet(43)) - raft.server.log.force.sync.num = 128 (default)
2019-10-20 04:42:40,918 [pool-59-thread-1] INFO  server.RaftServerConfigKeys (ConfUtils.java:logGet(43)) - raft.server.log.statemachine.data.sync = true (default)
2019-10-20 04:42:40,918 [pool-59-thread-1] INFO  server.RaftServerConfigKeys (ConfUtils.java:logGet(43)) - raft.server.log.statemachine.data.sync.timeout = 10s (default)
2019-10-20 04:42:40,918 [pool-59-thread-1] INFO  server.RaftServerConfigKeys (ConfUtils.java:logGet(43)) - raft.server.log.statemachine.data.sync.timeout.retry = -1 (default)
2019-10-20 04:42:40,918 [pool-59-thread-1] INFO  server.RaftServerConfigKeys (ConfUtils.java:logGet(43)) - raft.server.log.statemachine.data.caching.enabled = true (custom)
2019-10-20 04:42:40,927 [pool-59-thread-1] INFO  impl.RaftServerImpl (ServerState.java:setRaftConf(357)) - e3be97a9-3d3a-4f1a-9aac-bb0a1b054e74@group-045AAD0D4D73: set configuration 0: [57114e09-3b7f-4b4a-a342-090fe34f336a:192.168.164.239:45374, e3be97a9-3d3a-4f1a-9aac-bb0a1b054e74:192.168.164.239:42267, 8f4dcc74-0612-4035-9040-5f73cd792029:192.168.164.239:37614], old=null at 0
2019-10-20 04:42:40,928 [pool-59-thread-1] INFO  segmented.LogSegment (LogSegment.java:loadSegment(140)) - Successfully read 5 entries from segment file /workdir/hadoop-ozone/integration-test/target/test-dir/MiniOzoneClusterImpl-d38a7f5b-303d-44e0-98bc-bd79b7bb2084/datanode-2/data/ratis/34dfe2c8-23b7-47ff-8954-045aad0d4d73/current/log_inprogress_0
2019-10-20 04:42:40,929 [pool-59-thread-1] INFO  segmented.SegmentedRaftLogWorker (SegmentedRaftLogWorker.java:lambda$new$0(128)) - e3be97a9-3d3a-4f1a-9aac-bb0a1b054e74@group-045AAD0D4D73-SegmentedRaftLogWorker: flushIndex: setUnconditionally 0 -> 4
2019-10-20 04:42:40,942 [main] INFO  handler.ContextHandler (ContextHandler.java:doStart(781)) - Started o.e.j.w.WebAppContext@3c91530d{/,file:///tmp/jetty-0.0.0.0-41663-hddsDatanode-_-any-7510648344721923680.dir/webapp/,AVAILABLE}{/hddsDatanode}
2019-10-20 04:42:40,943 [main] INFO  server.AbstractConnector (AbstractConnector.java:doStart(278)) - Started ServerConnector@7d70638{HTTP/1.1,[http/1.1]}{0.0.0.0:41663}
2019-10-20 04:42:40,962 [pool-59-thread-1] INFO  raftlog.RaftLog (RaftLog.java:lambda$new$0(61)) - e3be97a9-3d3a-4f1a-9aac-bb0a1b054e74@group-045AAD0D4D73-SegmentedRaftLog: commitIndex: updateToMax old=3, new=3, updated? false
2019-10-20 04:42:40,962 [main] INFO  server.Server (Server.java:doStart(419)) - Started @113770ms
2019-10-20 04:42:40,962 [main] WARN  impl.MetricsSystemImpl (MetricsSystemImpl.java:register(276)) - Sink prometheus already exists!
2019-10-20 04:42:40,962 [pool-59-thread-1] INFO  server.RaftServerConfigKeys (ConfUtils.java:logGet(43)) - raft.server.snapshot.auto.trigger.enabled = true (custom)
2019-10-20 04:42:40,962 [pool-59-thread-1] INFO  server.RaftServerConfigKeys (ConfUtils.java:logGet(43)) - raft.server.snapshot.auto.trigger.threshold = 10000 (custom)
2019-10-20 04:42:40,963 [pool-59-thread-1] INFO  server.RaftServerConfigKeys (ConfUtils.java:logGet(43)) - raft.server.snapshot.retention.file.num = 5 (custom)
2019-10-20 04:42:40,963 [pool-59-thread-1] INFO  server.RaftServerConfigKeys (ConfUtils.java:logGet(43)) - raft.server.retrycache.expirytime = 600000ms (custom)
2019-10-20 04:42:40,963 [main] INFO  server.BaseHttpServer (BaseHttpServer.java:updateConnectorAddress(215)) - HTTP server of HDDSDATANODE is listening at http://0.0.0.0:41663
2019-10-20 04:42:40,965 [org.apache.hadoop.util.JvmPauseMonitor$Monitor@19f60967] INFO  util.JvmPauseMonitor (JvmPauseMonitor.java:run(188)) - Starting JVM pause monitor
2019-10-20 04:42:40,965 [pool-59-thread-1] INFO  impl.RaftServerImpl (RaftServerImpl.java:<init>(104)) - e3be97a9-3d3a-4f1a-9aac-bb0a1b054e74: new RaftServerImpl for group-E2BEF0184E55:[] with ContainerStateMachine:uninitialized
2019-10-20 04:42:40,965 [pool-59-thread-1] INFO  server.RaftServerConfigKeys (ConfUtils.java:logGet(43)) - raft.server.rpc.timeout.min = 5s (custom)
2019-10-20 04:42:40,965 [pool-59-thread-1] INFO  server.RaftServerConfigKeys (ConfUtils.java:logGet(43)) - raft.server.rpc.timeout.max = 5200ms (custom)
2019-10-20 04:42:40,966 [pool-59-thread-1] INFO  server.RaftServerConfigKeys (ConfUtils.java:logGet(43)) - raft.server.rpcslowness.timeout = 1000s (custom)
2019-10-20 04:42:40,966 [pool-59-thread-1] INFO  server.RaftServerConfigKeys (ConfUtils.java:logGet(43)) - raft.server.sleep.deviation.threshold = 300 (default)
2019-10-20 04:42:40,966 [pool-59-thread-1] INFO  server.RaftServerConfigKeys (ConfUtils.java:logGet(43)) - raft.server.log.appender.install.snapshot.enabled = false (custom)
2019-10-20 04:42:40,966 [pool-59-thread-1] INFO  impl.RaftServerImpl (ServerState.java:<init>(103)) - e3be97a9-3d3a-4f1a-9aac-bb0a1b054e74@group-E2BEF0184E55: ConfigurationManager, init=-1: [], old=null, confs=<EMPTY_MAP>
2019-10-20 04:42:40,966 [pool-59-thread-1] INFO  server.RaftServerConfigKeys (ConfUtils.java:logGet(43)) - raft.server.storage.dir = [/workdir/hadoop-ozone/integration-test/target/test-dir/MiniOzoneClusterImpl-d38a7f5b-303d-44e0-98bc-bd79b7bb2084/datanode-2/data/ratis] (custom)
2019-10-20 04:42:40,966 [pool-59-thread-1] INFO  server.RaftServerConfigKeys (ConfUtils.java:logGet(43)) - raft.server.log.corruption.policy = EXCEPTION (default)
2019-10-20 04:42:40,989 [pool-59-thread-1] INFO  storage.RaftStorageDirectory (RaftStorageDirectory.java:tryLock(328)) - Lock on /workdir/hadoop-ozone/integration-test/target/test-dir/MiniOzoneClusterImpl-d38a7f5b-303d-44e0-98bc-bd79b7bb2084/datanode-2/data/ratis/509a6c9b-715a-4f06-b470-e2bef0184e55/in_use.lock acquired by nodename 26650@trunk-nightly-20191020-r5wzl-4145440258
2019-10-20 04:42:40,990 [pool-59-thread-1] INFO  ratis.ContainerStateMachine (ContainerStateMachine.java:loadSnapshot(231)) - group-E2BEF0184E55: The snapshot info is null. Setting the last applied indexto:(t:0, i:~)
2019-10-20 04:42:40,990 [pool-59-thread-1] INFO  server.RaftServerConfigKeys (ConfUtils.java:logGet(43)) - raft.server.notification.no-leader.timeout = 1000s (custom)
2019-10-20 04:42:40,990 [pool-59-thread-1] INFO  server.RaftServerConfigKeys (ConfUtils.java:logGet(43)) - raft.server.log.use.memory = false (default)
2019-10-20 04:42:40,990 [pool-59-thread-1] INFO  server.RaftServerConfigKeys (ConfUtils.java:logGet(43)) - raft.server.log.purge.gap = 1000000 (custom)
2019-10-20 04:42:40,990 [pool-59-thread-1] INFO  server.RaftServerConfigKeys (ConfUtils.java:logGet(43)) - raft.server.log.appender.buffer.byte-limit = 33554432 (custom)
2019-10-20 04:42:40,990 [pool-59-thread-1] INFO  server.RaftServerConfigKeys (ConfUtils.java:logGet(43)) - raft.server.log.segment.size.max = 1048576 (custom)
2019-10-20 04:42:40,991 [pool-59-thread-1] INFO  server.RaftServerConfigKeys (ConfUtils.java:logGet(43)) - raft.server.log.segment.cache.num.max = 2 (custom)
2019-10-20 04:42:40,991 [pool-59-thread-1] INFO  segmented.SegmentedRaftLogWorker (SegmentedRaftLogWorker.java:<init>(173)) - new e3be97a9-3d3a-4f1a-9aac-bb0a1b054e74@group-E2BEF0184E55-SegmentedRaftLogWorker for RaftStorage:Storage Directory /workdir/hadoop-ozone/integration-test/target/test-dir/MiniOzoneClusterImpl-d38a7f5b-303d-44e0-98bc-bd79b7bb2084/datanode-2/data/ratis/509a6c9b-715a-4f06-b470-e2bef0184e55
2019-10-20 04:42:40,991 [pool-59-thread-1] INFO  server.RaftServerConfigKeys (ConfUtils.java:logGet(43)) - raft.server.log.queue.byte-limit = 2147483647 (custom)
2019-10-20 04:42:40,991 [pool-59-thread-1] INFO  server.RaftServerConfigKeys (ConfUtils.java:logGet(43)) - raft.server.log.queue.element-limit = 1024 (custom)
2019-10-20 04:42:40,991 [pool-59-thread-1] INFO  server.RaftServerConfigKeys (ConfUtils.java:logGet(43)) - raft.server.log.segment.size.max = 1048576 (custom)
2019-10-20 04:42:40,991 [pool-59-thread-1] INFO  server.RaftServerConfigKeys (ConfUtils.java:logGet(43)) - raft.server.log.preallocated.size = 16384 (custom)
2019-10-20 04:42:40,991 [pool-59-thread-1] INFO  server.RaftServerConfigKeys (ConfUtils.java:logGet(43)) - raft.server.log.write.buffer.size = 33554432 (custom)
2019-10-20 04:42:40,992 [pool-59-thread-1] INFO  server.RaftServerConfigKeys (ConfUtils.java:logGet(43)) - raft.server.log.force.sync.num = 128 (default)
2019-10-20 04:42:40,992 [pool-59-thread-1] INFO  server.RaftServerConfigKeys (ConfUtils.java:logGet(43)) - raft.server.log.statemachine.data.sync = true (default)
2019-10-20 04:42:40,992 [pool-59-thread-1] INFO  server.RaftServerConfigKeys (ConfUtils.java:logGet(43)) - raft.server.log.statemachine.data.sync.timeout = 10s (default)
2019-10-20 04:42:40,992 [pool-59-thread-1] INFO  server.RaftServerConfigKeys (ConfUtils.java:logGet(43)) - raft.server.log.statemachine.data.sync.timeout.retry = -1 (default)
2019-10-20 04:42:40,992 [pool-59-thread-1] INFO  server.RaftServerConfigKeys (ConfUtils.java:logGet(43)) - raft.server.log.statemachine.data.caching.enabled = true (custom)
2019-10-20 04:42:40,993 [pool-59-thread-1] INFO  impl.RaftServerImpl (ServerState.java:setRaftConf(357)) - e3be97a9-3d3a-4f1a-9aac-bb0a1b054e74@group-E2BEF0184E55: set configuration 0: [e3be97a9-3d3a-4f1a-9aac-bb0a1b054e74:192.168.164.239:42267], old=null at 0
2019-10-20 04:42:40,993 [pool-59-thread-1] INFO  segmented.LogSegment (LogSegment.java:loadSegment(140)) - Successfully read 1 entries from segment file /workdir/hadoop-ozone/integration-test/target/test-dir/MiniOzoneClusterImpl-d38a7f5b-303d-44e0-98bc-bd79b7bb2084/datanode-2/data/ratis/509a6c9b-715a-4f06-b470-e2bef0184e55/current/log_inprogress_0
2019-10-20 04:42:40,994 [pool-59-thread-1] INFO  segmented.SegmentedRaftLogWorker (SegmentedRaftLogWorker.java:lambda$new$0(128)) - e3be97a9-3d3a-4f1a-9aac-bb0a1b054e74@group-E2BEF0184E55-SegmentedRaftLogWorker: flushIndex: setUnconditionally 0 -> 0
2019-10-20 04:42:41,026 [pool-59-thread-1] INFO  server.RaftServerConfigKeys (ConfUtils.java:logGet(43)) - raft.server.snapshot.auto.trigger.enabled = true (custom)
2019-10-20 04:42:41,026 [pool-59-thread-1] INFO  server.RaftServerConfigKeys (ConfUtils.java:logGet(43)) - raft.server.snapshot.auto.trigger.threshold = 10000 (custom)
2019-10-20 04:42:41,026 [pool-59-thread-1] INFO  server.RaftServerConfigKeys (ConfUtils.java:logGet(43)) - raft.server.snapshot.retention.file.num = 5 (custom)
2019-10-20 04:42:41,026 [pool-59-thread-1] INFO  server.RaftServerConfigKeys (ConfUtils.java:logGet(43)) - raft.server.retrycache.expirytime = 600000ms (custom)
2019-10-20 04:42:41,257 [BlockDeletingService#2] WARN  background.BlockDeletingService (BlockDeletingService.java:isDeletionAllowed(187)) - Close Container log Index 6 is not replicated across allthe servers in the pipeline 34dfe2c8-23b7-47ff-8954-045aad0d4d73 as the min replicated index is 4. Deletion is not allowed in this container yet.
2019-10-20 04:42:41,257 [BlockDeletingService#2] WARN  background.BlockDeletingService (BlockDeletingService.java:isDeletionAllowed(187)) - Close Container log Index 6 is not replicated across allthe servers in the pipeline 34dfe2c8-23b7-47ff-8954-045aad0d4d73 as the min replicated index is 4. Deletion is not allowed in this container yet.
2019-10-20 04:42:41,319 [SCMBlockDeletingService#0] INFO  block.SCMBlockDeletingService (SCMBlockDeletingService.java:call(184)) - Totally added 1 delete blocks command for 1 datanodes, task elapsed time: 1ms
2019-10-20 04:42:41,319 [pool-7-thread-1] INFO  commands.RetriableDatanodeEventWatcher (RetriableDatanodeEventWatcher.java:onTimeout(47)) - RetriableDatanodeCommand type=deleteBlocksCommand with id=1571546560317 timed out. Retrying.
2019-10-20 04:42:41,430 [Thread-560] INFO  client.GrpcClientProtocolService (GrpcClientProtocolService.java:lambda$processClientRequest$0(278)) - Failed RaftClientRequest:client-A2F9089F7F1F->57114e09-3b7f-4b4a-a342-090fe34f336a@group-045AAD0D4D73, cid=10, seq=0, Watch-ALL_COMMITTED(6), Message:<EMPTY>, reply=RaftClientReply:client-A2F9089F7F1F->57114e09-3b7f-4b4a-a342-090fe34f336a@group-045AAD0D4D73, cid=10, FAILED org.apache.ratis.protocol.NotLeaderException: Server 57114e09-3b7f-4b4a-a342-090fe34f336a@group-045AAD0D4D73 is not the leader 8f4dcc74-0612-4035-9040-5f73cd792029:192.168.164.239:37614, logIndex=0, commits[57114e09-3b7f-4b4a-a342-090fe34f336a:c10, e3be97a9-3d3a-4f1a-9aac-bb0a1b054e74:c4, 8f4dcc74-0612-4035-9040-5f73cd792029:c10]
2019-10-20 04:42:41,709 [java.util.concurrent.ThreadPoolExecutor$Worker@77e4dadc[State = -1, empty queue]] WARN  server.GrpcLogAppender (GrpcLogAppender.java:timeoutAppendRequest(209)) - 8f4dcc74-0612-4035-9040-5f73cd792029@group-045AAD0D4D73->e3be97a9-3d3a-4f1a-9aac-bb0a1b054e74-GrpcLogAppender: appendEntries Timeout, request=8f4dcc74-0612-4035-9040-5f73cd792029->e3be97a9-3d3a-4f1a-9aac-bb0a1b054e74#50-t3, previous=(t:3, i:10), leaderCommit=10, initializing? false, entries: <empty>
2019-10-20 04:42:42,258 [BlockDeletingService#2] WARN  background.BlockDeletingService (BlockDeletingService.java:isDeletionAllowed(187)) - Close Container log Index 6 is not replicated across allthe servers in the pipeline 34dfe2c8-23b7-47ff-8954-045aad0d4d73 as the min replicated index is 4. Deletion is not allowed in this container yet.
2019-10-20 04:42:42,258 [BlockDeletingService#2] WARN  background.BlockDeletingService (BlockDeletingService.java:isDeletionAllowed(187)) - Close Container log Index 6 is not replicated across allthe servers in the pipeline 34dfe2c8-23b7-47ff-8954-045aad0d4d73 as the min replicated index is 4. Deletion is not allowed in this container yet.
2019-10-20 04:42:42,319 [pool-7-thread-1] INFO  commands.RetriableDatanodeEventWatcher (RetriableDatanodeEventWatcher.java:onTimeout(47)) - RetriableDatanodeCommand type=deleteBlocksCommand with id=1571546560320 timed out. Retrying.
2019-10-20 04:42:42,320 [pool-7-thread-1] INFO  commands.RetriableDatanodeEventWatcher (RetriableDatanodeEventWatcher.java:onTimeout(47)) - RetriableDatanodeCommand type=deleteBlocksCommand with id=1571546560317 timed out. Retrying.
2019-10-20 04:42:42,321 [SCMBlockDeletingService#0] INFO  block.SCMBlockDeletingService (SCMBlockDeletingService.java:call(184)) - Totally added 1 delete blocks command for 1 datanodes, task elapsed time: 1ms
2019-10-20 04:42:42,682 [Thread-565] INFO  client.GrpcClientProtocolService (GrpcClientProtocolService.java:lambda$processClientRequest$0(278)) - Failed RaftClientRequest:client-A2F9089F7F1F->8f4dcc74-0612-4035-9040-5f73cd792029@group-045AAD0D4D73, cid=10, seq=0, Watch-ALL_COMMITTED(6), Message:<EMPTY>, reply=RaftClientReply:client-A2F9089F7F1F->8f4dcc74-0612-4035-9040-5f73cd792029@group-045AAD0D4D73, cid=10, FAILED org.apache.ratis.protocol.NotReplicatedException: Request with call Id 10 and log index 6 is not yet replicated to ALL_COMMITTED, logIndex=6, commits[8f4dcc74-0612-4035-9040-5f73cd792029:c10, 57114e09-3b7f-4b4a-a342-090fe34f336a:c10, e3be97a9-3d3a-4f1a-9aac-bb0a1b054e74:c4]
2019-10-20 04:42:42,967 [Datanode State Machine Thread - 0] INFO  ozoneimpl.OzoneContainer (OzoneContainer.java:start(213)) - Attempting to start container services.
2019-10-20 04:42:42,969 [Datanode State Machine Thread - 0] INFO  ozoneimpl.OzoneContainer (OzoneContainer.java:startContainerScrub(177)) - Background container scanner has been disabled.
2019-10-20 04:42:42,969 [Datanode State Machine Thread - 0] INFO  ratis.XceiverServerRatis (XceiverServerRatis.java:start(418)) - Starting XceiverServerRatis e3be97a9-3d3a-4f1a-9aac-bb0a1b054e74 at port 42267
2019-10-20 04:42:42,979 [Datanode State Machine Thread - 0] INFO  impl.RaftServerImpl (RaftServerImpl.java:start(195)) - e3be97a9-3d3a-4f1a-9aac-bb0a1b054e74@group-045AAD0D4D73: start as a follower, conf=0: [57114e09-3b7f-4b4a-a342-090fe34f336a:192.168.164.239:45374, e3be97a9-3d3a-4f1a-9aac-bb0a1b054e74:192.168.164.239:42267, 8f4dcc74-0612-4035-9040-5f73cd792029:192.168.164.239:37614], old=null
2019-10-20 04:42:42,980 [ForkJoinPool.commonPool-worker-0] INFO  impl.RaftServerImpl (RaftServerImpl.java:start(195)) - e3be97a9-3d3a-4f1a-9aac-bb0a1b054e74@group-E2BEF0184E55: start as a follower, conf=0: [e3be97a9-3d3a-4f1a-9aac-bb0a1b054e74:192.168.164.239:42267], old=null
2019-10-20 04:42:42,980 [Datanode State Machine Thread - 0] INFO  impl.RaftServerImpl (RaftServerImpl.java:setRole(184)) - e3be97a9-3d3a-4f1a-9aac-bb0a1b054e74@group-045AAD0D4D73: changes role from      null to FOLLOWER at term 3 for startAsFollower
2019-10-20 04:42:42,981 [ForkJoinPool.commonPool-worker-0] INFO  impl.RaftServerImpl (RaftServerImpl.java:setRole(184)) - e3be97a9-3d3a-4f1a-9aac-bb0a1b054e74@group-E2BEF0184E55: changes role from      null to FOLLOWER at term 1 for startAsFollower
2019-10-20 04:42:42,981 [Datanode State Machine Thread - 0] INFO  impl.RoleInfo (RoleInfo.java:updateAndGet(143)) - e3be97a9-3d3a-4f1a-9aac-bb0a1b054e74: start FollowerState
2019-10-20 04:42:42,981 [ForkJoinPool.commonPool-worker-0] INFO  impl.RoleInfo (RoleInfo.java:updateAndGet(143)) - e3be97a9-3d3a-4f1a-9aac-bb0a1b054e74: start FollowerState
2019-10-20 04:42:42,982 [Datanode State Machine Thread - 0] INFO  util.JmxRegister (JmxRegister.java:tryRegister(44)) - Successfully registered JMX Bean with object name Ratis:service=RaftServer,group=group-045AAD0D4D73,id=e3be97a9-3d3a-4f1a-9aac-bb0a1b054e74
2019-10-20 04:42:42,982 [ForkJoinPool.commonPool-worker-0] INFO  util.JmxRegister (JmxRegister.java:tryRegister(44)) - Successfully registered JMX Bean with object name Ratis:service=RaftServer,group=group-E2BEF0184E55,id=e3be97a9-3d3a-4f1a-9aac-bb0a1b054e74
2019-10-20 04:42:42,984 [Datanode State Machine Thread - 0] INFO  impl.RaftServerProxy (RaftServerProxy.java:lambda$start$3(299)) - e3be97a9-3d3a-4f1a-9aac-bb0a1b054e74: start RPC server
2019-10-20 04:42:42,986 [Datanode State Machine Thread - 0] INFO  server.GrpcService (GrpcService.java:startImpl(158)) - e3be97a9-3d3a-4f1a-9aac-bb0a1b054e74: GrpcService started, listening on 0.0.0.0/0.0.0.0:42267
2019-10-20 04:42:43,061 [Thread-566] INFO  impl.FollowerState (FollowerState.java:run(108)) - e3be97a9-3d3a-4f1a-9aac-bb0a1b054e74@group-045AAD0D4D73-FollowerState: change to CANDIDATE, lastRpcTime:79ms, electionTimeout:79ms
2019-10-20 04:42:43,061 [Thread-566] INFO  impl.RoleInfo (RoleInfo.java:shutdownFollowerState(121)) - e3be97a9-3d3a-4f1a-9aac-bb0a1b054e74: shutdown FollowerState
2019-10-20 04:42:43,061 [Thread-566] INFO  impl.RaftServerImpl (RaftServerImpl.java:setRole(184)) - e3be97a9-3d3a-4f1a-9aac-bb0a1b054e74@group-045AAD0D4D73: changes role from  FOLLOWER to CANDIDATE at term 3 for changeToCandidate
2019-10-20 04:42:43,061 [Thread-566] INFO  impl.RoleInfo (RoleInfo.java:updateAndGet(143)) - e3be97a9-3d3a-4f1a-9aac-bb0a1b054e74: start LeaderElection
2019-10-20 04:42:43,071 [Thread-567] INFO  impl.FollowerState (FollowerState.java:run(108)) - e3be97a9-3d3a-4f1a-9aac-bb0a1b054e74@group-E2BEF0184E55-FollowerState: change to CANDIDATE, lastRpcTime:89ms, electionTimeout:89ms
2019-10-20 04:42:43,071 [Thread-567] INFO  impl.RoleInfo (RoleInfo.java:shutdownFollowerState(121)) - e3be97a9-3d3a-4f1a-9aac-bb0a1b054e74: shutdown FollowerState
2019-10-20 04:42:43,071 [Thread-567] INFO  impl.RaftServerImpl (RaftServerImpl.java:setRole(184)) - e3be97a9-3d3a-4f1a-9aac-bb0a1b054e74@group-E2BEF0184E55: changes role from  FOLLOWER to CANDIDATE at term 1 for changeToCandidate
2019-10-20 04:42:43,071 [Thread-567] INFO  impl.RoleInfo (RoleInfo.java:updateAndGet(143)) - e3be97a9-3d3a-4f1a-9aac-bb0a1b054e74: start LeaderElection
2019-10-20 04:42:43,087 [e3be97a9-3d3a-4f1a-9aac-bb0a1b054e74@group-E2BEF0184E55-LeaderElection9] INFO  impl.LeaderElection (LeaderElection.java:askForVotes(178)) - e3be97a9-3d3a-4f1a-9aac-bb0a1b054e74@group-E2BEF0184E55-LeaderElection9: begin an election at term 2 for 0: [e3be97a9-3d3a-4f1a-9aac-bb0a1b054e74:192.168.164.239:42267], old=null
2019-10-20 04:42:43,087 [e3be97a9-3d3a-4f1a-9aac-bb0a1b054e74@group-045AAD0D4D73-LeaderElection8] INFO  impl.LeaderElection (LeaderElection.java:askForVotes(178)) - e3be97a9-3d3a-4f1a-9aac-bb0a1b054e74@group-045AAD0D4D73-LeaderElection8: begin an election at term 4 for 0: [57114e09-3b7f-4b4a-a342-090fe34f336a:192.168.164.239:45374, e3be97a9-3d3a-4f1a-9aac-bb0a1b054e74:192.168.164.239:42267, 8f4dcc74-0612-4035-9040-5f73cd792029:192.168.164.239:37614], old=null
2019-10-20 04:42:43,087 [e3be97a9-3d3a-4f1a-9aac-bb0a1b054e74@group-E2BEF0184E55-LeaderElection9] INFO  impl.RoleInfo (RoleInfo.java:shutdownLeaderElection(134)) - e3be97a9-3d3a-4f1a-9aac-bb0a1b054e74: shutdown LeaderElection
2019-10-20 04:42:43,087 [e3be97a9-3d3a-4f1a-9aac-bb0a1b054e74@group-E2BEF0184E55-LeaderElection9] INFO  impl.RaftServerImpl (RaftServerImpl.java:setRole(184)) - e3be97a9-3d3a-4f1a-9aac-bb0a1b054e74@group-E2BEF0184E55: changes role from CANDIDATE to LEADER at term 2 for changeToLeader
2019-10-20 04:42:43,087 [e3be97a9-3d3a-4f1a-9aac-bb0a1b054e74@group-E2BEF0184E55-LeaderElection9] INFO  impl.RaftServerImpl (ServerState.java:setLeader(256)) - e3be97a9-3d3a-4f1a-9aac-bb0a1b054e74@group-E2BEF0184E55: change Leader from null to e3be97a9-3d3a-4f1a-9aac-bb0a1b054e74 at term 2 for becomeLeader, leader elected after 2097ms
2019-10-20 04:42:43,089 [e3be97a9-3d3a-4f1a-9aac-bb0a1b054e74@group-E2BEF0184E55-LeaderElection9] INFO  server.RaftServerConfigKeys (ConfUtils.java:logGet(43)) - raft.server.staging.catchup.gap = 1000 (default)
2019-10-20 04:42:43,089 [e3be97a9-3d3a-4f1a-9aac-bb0a1b054e74@group-E2BEF0184E55-LeaderElection9] INFO  server.RaftServerConfigKeys (ConfUtils.java:logGet(43)) - raft.server.rpc.sleep.time = 25ms (default)
2019-10-20 04:42:43,089 [e3be97a9-3d3a-4f1a-9aac-bb0a1b054e74@group-E2BEF0184E55-LeaderElection9] INFO  server.RaftServerConfigKeys (ConfUtils.java:logGet(43)) - raft.server.write.element-limit = 4096 (default)
2019-10-20 04:42:43,089 [e3be97a9-3d3a-4f1a-9aac-bb0a1b054e74@group-E2BEF0184E55-LeaderElection9] INFO  server.RaftServerConfigKeys (ConfUtils.java:logGet(43)) - raft.server.watch.timeout = 10s (default)
2019-10-20 04:42:43,089 [e3be97a9-3d3a-4f1a-9aac-bb0a1b054e74@group-E2BEF0184E55-LeaderElection9] INFO  server.RaftServerConfigKeys (ConfUtils.java:logGet(43)) - raft.server.watch.timeout.denomination = 1s (default)
2019-10-20 04:42:43,090 [e3be97a9-3d3a-4f1a-9aac-bb0a1b054e74@group-E2BEF0184E55-LeaderElection9] INFO  server.RaftServerConfigKeys (ConfUtils.java:logGet(43)) - raft.server.watch.element-limit = 65536 (default)
2019-10-20 04:42:43,090 [e3be97a9-3d3a-4f1a-9aac-bb0a1b054e74@group-E2BEF0184E55-LeaderElection9] INFO  impl.RoleInfo (RoleInfo.java:updateAndGet(143)) - e3be97a9-3d3a-4f1a-9aac-bb0a1b054e74: start LeaderState
2019-10-20 04:42:43,092 [e3be97a9-3d3a-4f1a-9aac-bb0a1b054e74@group-E2BEF0184E55-LeaderElection9] INFO  segmented.SegmentedRaftLogWorker (SegmentedRaftLogWorker.java:rollLogSegment(390)) - e3be97a9-3d3a-4f1a-9aac-bb0a1b054e74@group-E2BEF0184E55-SegmentedRaftLogWorker: Rolling segment log-0_0 to index:0
2019-10-20 04:42:43,099 [e3be97a9-3d3a-4f1a-9aac-bb0a1b054e74@group-E2BEF0184E55-LeaderElection9] INFO  impl.RaftServerImpl (ServerState.java:setRaftConf(357)) - e3be97a9-3d3a-4f1a-9aac-bb0a1b054e74@group-E2BEF0184E55: set configuration 1: [e3be97a9-3d3a-4f1a-9aac-bb0a1b054e74:192.168.164.239:42267], old=null at 1
2019-10-20 04:42:43,105 [e3be97a9-3d3a-4f1a-9aac-bb0a1b054e74@group-E2BEF0184E55-SegmentedRaftLogWorker] INFO  segmented.SegmentedRaftLogWorker (SegmentedRaftLogWorker.java:execute(533)) - e3be97a9-3d3a-4f1a-9aac-bb0a1b054e74@group-E2BEF0184E55-SegmentedRaftLogWorker: Rolled log segment from /workdir/hadoop-ozone/integration-test/target/test-dir/MiniOzoneClusterImpl-d38a7f5b-303d-44e0-98bc-bd79b7bb2084/datanode-2/data/ratis/509a6c9b-715a-4f06-b470-e2bef0184e55/current/log_inprogress_0 to /workdir/hadoop-ozone/integration-test/target/test-dir/MiniOzoneClusterImpl-d38a7f5b-303d-44e0-98bc-bd79b7bb2084/datanode-2/data/ratis/509a6c9b-715a-4f06-b470-e2bef0184e55/current/log_0-0
2019-10-20 04:42:43,139 [grpc-default-executor-2] INFO  impl.RaftServerImpl (ServerState.java:setLeader(256)) - 8f4dcc74-0612-4035-9040-5f73cd792029@group-045AAD0D4D73: change Leader from 8f4dcc74-0612-4035-9040-5f73cd792029 to null at term 4 for updateCurrentTerm
2019-10-20 04:42:43,139 [grpc-default-executor-1] INFO  impl.RaftServerImpl (ServerState.java:setLeader(256)) - 57114e09-3b7f-4b4a-a342-090fe34f336a@group-045AAD0D4D73: change Leader from 8f4dcc74-0612-4035-9040-5f73cd792029 to null at term 4 for updateCurrentTerm
2019-10-20 04:42:43,139 [grpc-default-executor-2] INFO  impl.RaftServerImpl (RaftServerImpl.java:setRole(184)) - 8f4dcc74-0612-4035-9040-5f73cd792029@group-045AAD0D4D73: changes role from    LEADER to FOLLOWER at term 4 for recognizeCandidate:e3be97a9-3d3a-4f1a-9aac-bb0a1b054e74
2019-10-20 04:42:43,140 [grpc-default-executor-1] INFO  impl.RaftServerImpl (RaftServerImpl.java:setRole(184)) - 57114e09-3b7f-4b4a-a342-090fe34f336a@group-045AAD0D4D73: changes role from  FOLLOWER to FOLLOWER at term 4 for recognizeCandidate:e3be97a9-3d3a-4f1a-9aac-bb0a1b054e74
2019-10-20 04:42:43,140 [grpc-default-executor-2] INFO  impl.RoleInfo (RoleInfo.java:shutdownLeaderState(104)) - 8f4dcc74-0612-4035-9040-5f73cd792029: shutdown LeaderState
2019-10-20 04:42:43,140 [grpc-default-executor-1] INFO  impl.RoleInfo (RoleInfo.java:shutdownFollowerState(121)) - 57114e09-3b7f-4b4a-a342-090fe34f336a: shutdown FollowerState
2019-10-20 04:42:43,142 [org.apache.ratis.server.impl.LogAppender$AppenderDaemon$$Lambda$411/595236526@31bbfae8] WARN  server.GrpcLogAppender (GrpcLogAppender.java:mayWait(149)) - 8f4dcc74-0612-4035-9040-5f73cd792029@group-045AAD0D4D73->e3be97a9-3d3a-4f1a-9aac-bb0a1b054e74-GrpcLogAppender: Wait interrupted by java.lang.InterruptedException
2019-10-20 04:42:43,142 [org.apache.ratis.server.impl.LogAppender$AppenderDaemon$$Lambda$411/595236526@f17c74] WARN  server.GrpcLogAppender (GrpcLogAppender.java:mayWait(149)) - 8f4dcc74-0612-4035-9040-5f73cd792029@group-045AAD0D4D73->57114e09-3b7f-4b4a-a342-090fe34f336a-GrpcLogAppender: Wait interrupted by java.lang.InterruptedException
2019-10-20 04:42:43,144 [grpc-default-executor-1] INFO  impl.RoleInfo (RoleInfo.java:updateAndGet(143)) - 57114e09-3b7f-4b4a-a342-090fe34f336a: start FollowerState
2019-10-20 04:42:43,143 [Thread-236] INFO  impl.FollowerState (FollowerState.java:run(117)) - 57114e09-3b7f-4b4a-a342-090fe34f336a@group-045AAD0D4D73-FollowerState was interrupted: java.lang.InterruptedException: sleep interrupted
2019-10-20 04:42:43,142 [grpc-default-executor-2] INFO  impl.PendingRequests (PendingRequests.java:sendNotLeaderResponses(202)) - 8f4dcc74-0612-4035-9040-5f73cd792029@group-045AAD0D4D73-PendingRequests: sendNotLeaderResponses
2019-10-20 04:42:43,148 [grpc-default-executor-4] INFO  server.GrpcServerProtocolService (GrpcServerProtocolService.java:onCompleted(113)) - 57114e09-3b7f-4b4a-a342-090fe34f336a: Completed APPEND_ENTRIES, lastRequest: 8f4dcc74-0612-4035-9040-5f73cd792029->57114e09-3b7f-4b4a-a342-090fe34f336a#51-t3, previous=(t:3, i:10), leaderCommit=10, initializing? false, entries: <empty>
2019-10-20 04:42:43,148 [Thread-576] INFO  client.GrpcClientProtocolService (GrpcClientProtocolService.java:lambda$processClientRequest$0(278)) - Failed RaftClientRequest:client-A2F9089F7F1F->8f4dcc74-0612-4035-9040-5f73cd792029@group-045AAD0D4D73, cid=10, seq=0, Watch-ALL_COMMITTED(6), Message:<EMPTY>, reply=RaftClientReply:client-A2F9089F7F1F->8f4dcc74-0612-4035-9040-5f73cd792029@group-045AAD0D4D73, cid=10, FAILED org.apache.ratis.protocol.NotLeaderException: Server 8f4dcc74-0612-4035-9040-5f73cd792029@group-045AAD0D4D73 is not the leader, logIndex=0, commits[8f4dcc74-0612-4035-9040-5f73cd792029:c10, 57114e09-3b7f-4b4a-a342-090fe34f336a:c10, e3be97a9-3d3a-4f1a-9aac-bb0a1b054e74:c4]
2019-10-20 04:42:43,148 [grpc-default-executor-2] INFO  impl.RoleInfo (RoleInfo.java:updateAndGet(143)) - 8f4dcc74-0612-4035-9040-5f73cd792029: start FollowerState
2019-10-20 04:42:43,154 [grpc-default-executor-4] INFO  server.GrpcLogAppender (GrpcLogAppender.java:onCompleted(308)) - 8f4dcc74-0612-4035-9040-5f73cd792029@group-045AAD0D4D73->57114e09-3b7f-4b4a-a342-090fe34f336a-AppendLogResponseHandler: follower responses appendEntries COMPLETED
2019-10-20 04:42:43,159 [grpc-default-executor-4] INFO  impl.FollowerInfo (FollowerInfo.java:lambda$new$0(51)) - 8f4dcc74-0612-4035-9040-5f73cd792029@group-045AAD0D4D73->57114e09-3b7f-4b4a-a342-090fe34f336a: nextIndex: updateUnconditionally 11 -> 10
2019-10-20 04:42:43,159 [e3be97a9-3d3a-4f1a-9aac-bb0a1b054e74@group-E2BEF0184E55-SegmentedRaftLogWorker] INFO  segmented.SegmentedRaftLogWorker (SegmentedRaftLogWorker.java:execute(576)) - e3be97a9-3d3a-4f1a-9aac-bb0a1b054e74@group-E2BEF0184E55-SegmentedRaftLogWorker: created new log segment /workdir/hadoop-ozone/integration-test/target/test-dir/MiniOzoneClusterImpl-d38a7f5b-303d-44e0-98bc-bd79b7bb2084/datanode-2/data/ratis/509a6c9b-715a-4f06-b470-e2bef0184e55/current/log_inprogress_1
2019-10-20 04:42:43,176 [e3be97a9-3d3a-4f1a-9aac-bb0a1b054e74@group-045AAD0D4D73-LeaderElection8] INFO  impl.LeaderElection (LeaderElection.java:logAndReturn(56)) - e3be97a9-3d3a-4f1a-9aac-bb0a1b054e74@group-045AAD0D4D73-LeaderElection8: Election REJECTED; received 2 response(s) [e3be97a9-3d3a-4f1a-9aac-bb0a1b054e74<-57114e09-3b7f-4b4a-a342-090fe34f336a#0:FAIL-t4, e3be97a9-3d3a-4f1a-9aac-bb0a1b054e74<-8f4dcc74-0612-4035-9040-5f73cd792029#0:FAIL-t4] and 0 exception(s); e3be97a9-3d3a-4f1a-9aac-bb0a1b054e74@group-045AAD0D4D73:t4, leader=null, voted=e3be97a9-3d3a-4f1a-9aac-bb0a1b054e74, raftlog=e3be97a9-3d3a-4f1a-9aac-bb0a1b054e74@group-045AAD0D4D73-SegmentedRaftLog:OPENED:c3,f4,i4, conf=0: [57114e09-3b7f-4b4a-a342-090fe34f336a:192.168.164.239:45374, e3be97a9-3d3a-4f1a-9aac-bb0a1b054e74:192.168.164.239:42267, 8f4dcc74-0612-4035-9040-5f73cd792029:192.168.164.239:37614], old=null
2019-10-20 04:42:43,176 [e3be97a9-3d3a-4f1a-9aac-bb0a1b054e74@group-045AAD0D4D73-LeaderElection8] INFO  impl.RaftServerImpl (RaftServerImpl.java:setRole(184)) - e3be97a9-3d3a-4f1a-9aac-bb0a1b054e74@group-045AAD0D4D73: changes role from CANDIDATE to FOLLOWER at term 4 for DISCOVERED_A_NEW_TERM
2019-10-20 04:42:43,177 [e3be97a9-3d3a-4f1a-9aac-bb0a1b054e74@group-045AAD0D4D73-LeaderElection8] INFO  impl.RoleInfo (RoleInfo.java:shutdownLeaderElection(134)) - e3be97a9-3d3a-4f1a-9aac-bb0a1b054e74: shutdown LeaderElection
2019-10-20 04:42:43,177 [e3be97a9-3d3a-4f1a-9aac-bb0a1b054e74@group-045AAD0D4D73-LeaderElection8] INFO  impl.RoleInfo (RoleInfo.java:updateAndGet(143)) - e3be97a9-3d3a-4f1a-9aac-bb0a1b054e74: start FollowerState
2019-10-20 04:42:43,201 [Thread-579] INFO  impl.FollowerState (FollowerState.java:run(108)) - e3be97a9-3d3a-4f1a-9aac-bb0a1b054e74@group-045AAD0D4D73-FollowerState: change to CANDIDATE, lastRpcTime:24ms, electionTimeout:23ms
2019-10-20 04:42:43,202 [Thread-579] INFO  impl.RoleInfo (RoleInfo.java:shutdownFollowerState(121)) - e3be97a9-3d3a-4f1a-9aac-bb0a1b054e74: shutdown FollowerState
2019-10-20 04:42:43,202 [Thread-579] INFO  impl.RaftServerImpl (RaftServerImpl.java:setRole(184)) - e3be97a9-3d3a-4f1a-9aac-bb0a1b054e74@group-045AAD0D4D73: changes role from  FOLLOWER to CANDIDATE at term 4 for changeToCandidate
2019-10-20 04:42:43,202 [Thread-579] INFO  impl.RoleInfo (RoleInfo.java:updateAndGet(143)) - e3be97a9-3d3a-4f1a-9aac-bb0a1b054e74: start LeaderElection
2019-10-20 04:42:43,218 [e3be97a9-3d3a-4f1a-9aac-bb0a1b054e74@group-045AAD0D4D73-LeaderElection10] INFO  impl.LeaderElection (LeaderElection.java:askForVotes(178)) - e3be97a9-3d3a-4f1a-9aac-bb0a1b054e74@group-045AAD0D4D73-LeaderElection10: begin an election at term 5 for 0: [57114e09-3b7f-4b4a-a342-090fe34f336a:192.168.164.239:45374, e3be97a9-3d3a-4f1a-9aac-bb0a1b054e74:192.168.164.239:42267, 8f4dcc74-0612-4035-9040-5f73cd792029:192.168.164.239:37614], old=null
2019-10-20 04:42:43,222 [grpc-default-executor-4] INFO  impl.RaftServerImpl (RaftServerImpl.java:setRole(184)) - 57114e09-3b7f-4b4a-a342-090fe34f336a@group-045AAD0D4D73: changes role from  FOLLOWER to FOLLOWER at term 5 for recognizeCandidate:e3be97a9-3d3a-4f1a-9aac-bb0a1b054e74
2019-10-20 04:42:43,222 [grpc-default-executor-2] INFO  impl.RaftServerImpl (RaftServerImpl.java:setRole(184)) - 8f4dcc74-0612-4035-9040-5f73cd792029@group-045AAD0D4D73: changes role from  FOLLOWER to FOLLOWER at term 5 for recognizeCandidate:e3be97a9-3d3a-4f1a-9aac-bb0a1b054e74
2019-10-20 04:42:43,222 [grpc-default-executor-4] INFO  impl.RoleInfo (RoleInfo.java:shutdownFollowerState(121)) - 57114e09-3b7f-4b4a-a342-090fe34f336a: shutdown FollowerState
2019-10-20 04:42:43,222 [grpc-default-executor-2] INFO  impl.RoleInfo (RoleInfo.java:shutdownFollowerState(121)) - 8f4dcc74-0612-4035-9040-5f73cd792029: shutdown FollowerState
2019-10-20 04:42:43,222 [Thread-575] INFO  impl.FollowerState (FollowerState.java:run(117)) - 57114e09-3b7f-4b4a-a342-090fe34f336a@group-045AAD0D4D73-FollowerState was interrupted: java.lang.InterruptedException: sleep interrupted
2019-10-20 04:42:43,223 [grpc-default-executor-2] INFO  impl.RoleInfo (RoleInfo.java:updateAndGet(143)) - 8f4dcc74-0612-4035-9040-5f73cd792029: start FollowerState
2019-10-20 04:42:43,222 [grpc-default-executor-4] INFO  impl.RoleInfo (RoleInfo.java:updateAndGet(143)) - 57114e09-3b7f-4b4a-a342-090fe34f336a: start FollowerState
2019-10-20 04:42:43,223 [Thread-577] INFO  impl.FollowerState (FollowerState.java:run(117)) - 8f4dcc74-0612-4035-9040-5f73cd792029@group-045AAD0D4D73-FollowerState was interrupted: java.lang.InterruptedException: sleep interrupted
2019-10-20 04:42:43,261 [BlockDeletingService#2] WARN  background.BlockDeletingService (BlockDeletingService.java:isDeletionAllowed(187)) - Close Container log Index 6 is not replicated across allthe servers in the pipeline 34dfe2c8-23b7-47ff-8954-045aad0d4d73 as the min replicated index is 4. Deletion is not allowed in this container yet.
2019-10-20 04:42:43,261 [BlockDeletingService#2] WARN  background.BlockDeletingService (BlockDeletingService.java:isDeletionAllowed(187)) - Close Container log Index 6 is not replicated across allthe servers in the pipeline 34dfe2c8-23b7-47ff-8954-045aad0d4d73 as the min replicated index is 4. Deletion is not allowed in this container yet.
2019-10-20 04:42:43,262 [e3be97a9-3d3a-4f1a-9aac-bb0a1b054e74@group-045AAD0D4D73-LeaderElection10] INFO  impl.LeaderElection (LeaderElection.java:logAndReturn(56)) - e3be97a9-3d3a-4f1a-9aac-bb0a1b054e74@group-045AAD0D4D73-LeaderElection10: Election REJECTED; received 2 response(s) [e3be97a9-3d3a-4f1a-9aac-bb0a1b054e74<-57114e09-3b7f-4b4a-a342-090fe34f336a#0:FAIL-t5, e3be97a9-3d3a-4f1a-9aac-bb0a1b054e74<-8f4dcc74-0612-4035-9040-5f73cd792029#0:FAIL-t5] and 0 exception(s); e3be97a9-3d3a-4f1a-9aac-bb0a1b054e74@group-045AAD0D4D73:t5, leader=null, voted=e3be97a9-3d3a-4f1a-9aac-bb0a1b054e74, raftlog=e3be97a9-3d3a-4f1a-9aac-bb0a1b054e74@group-045AAD0D4D73-SegmentedRaftLog:OPENED:c3,f4,i4, conf=0: [57114e09-3b7f-4b4a-a342-090fe34f336a:192.168.164.239:45374, e3be97a9-3d3a-4f1a-9aac-bb0a1b054e74:192.168.164.239:42267, 8f4dcc74-0612-4035-9040-5f73cd792029:192.168.164.239:37614], old=null
2019-10-20 04:42:43,263 [e3be97a9-3d3a-4f1a-9aac-bb0a1b054e74@group-045AAD0D4D73-LeaderElection10] INFO  impl.RaftServerImpl (RaftServerImpl.java:setRole(184)) - e3be97a9-3d3a-4f1a-9aac-bb0a1b054e74@group-045AAD0D4D73: changes role from CANDIDATE to FOLLOWER at term 5 for DISCOVERED_A_NEW_TERM
2019-10-20 04:42:43,264 [e3be97a9-3d3a-4f1a-9aac-bb0a1b054e74@group-045AAD0D4D73-LeaderElection10] INFO  impl.RoleInfo (RoleInfo.java:shutdownLeaderElection(134)) - e3be97a9-3d3a-4f1a-9aac-bb0a1b054e74: shutdown LeaderElection
2019-10-20 04:42:43,264 [e3be97a9-3d3a-4f1a-9aac-bb0a1b054e74@group-045AAD0D4D73-LeaderElection10] INFO  impl.RoleInfo (RoleInfo.java:updateAndGet(143)) - e3be97a9-3d3a-4f1a-9aac-bb0a1b054e74: start FollowerState
2019-10-20 04:42:43,320 [pool-7-thread-1] INFO  commands.RetriableDatanodeEventWatcher (RetriableDatanodeEventWatcher.java:onTimeout(47)) - RetriableDatanodeCommand type=deleteBlocksCommand with id=1571546560320 timed out. Retrying.
2019-10-20 04:42:43,321 [pool-7-thread-3] INFO  commands.RetriableDatanodeEventWatcher (RetriableDatanodeEventWatcher.java:onTimeout(47)) - RetriableDatanodeCommand type=deleteBlocksCommand with id=1571546560317 timed out. Retrying.
2019-10-20 04:42:43,321 [pool-7-thread-2] INFO  commands.RetriableDatanodeEventWatcher (RetriableDatanodeEventWatcher.java:onTimeout(47)) - RetriableDatanodeCommand type=deleteBlocksCommand with id=1571546560321 timed out. Retrying.
2019-10-20 04:42:43,322 [SCMBlockDeletingService#0] INFO  block.SCMBlockDeletingService (SCMBlockDeletingService.java:call(184)) - Totally added 1 delete blocks command for 1 datanodes, task elapsed time: 1ms
2019-10-20 04:42:43,341 [Thread-587] INFO  impl.FollowerState (FollowerState.java:run(108)) - e3be97a9-3d3a-4f1a-9aac-bb0a1b054e74@group-045AAD0D4D73-FollowerState: change to CANDIDATE, lastRpcTime:77ms, electionTimeout:76ms
2019-10-20 04:42:43,341 [Thread-587] INFO  impl.RoleInfo (RoleInfo.java:shutdownFollowerState(121)) - e3be97a9-3d3a-4f1a-9aac-bb0a1b054e74: shutdown FollowerState
2019-10-20 04:42:43,342 [Thread-587] INFO  impl.RaftServerImpl (RaftServerImpl.java:setRole(184)) - e3be97a9-3d3a-4f1a-9aac-bb0a1b054e74@group-045AAD0D4D73: changes role from  FOLLOWER to CANDIDATE at term 5 for changeToCandidate
2019-10-20 04:42:43,342 [Thread-587] INFO  impl.RoleInfo (RoleInfo.java:updateAndGet(143)) - e3be97a9-3d3a-4f1a-9aac-bb0a1b054e74: start LeaderElection
2019-10-20 04:42:43,370 [e3be97a9-3d3a-4f1a-9aac-bb0a1b054e74@group-045AAD0D4D73-LeaderElection11] INFO  impl.LeaderElection (LeaderElection.java:askForVotes(178)) - e3be97a9-3d3a-4f1a-9aac-bb0a1b054e74@group-045AAD0D4D73-LeaderElection11: begin an election at term 6 for 0: [57114e09-3b7f-4b4a-a342-090fe34f336a:192.168.164.239:45374, e3be97a9-3d3a-4f1a-9aac-bb0a1b054e74:192.168.164.239:42267, 8f4dcc74-0612-4035-9040-5f73cd792029:192.168.164.239:37614], old=null
2019-10-20 04:42:43,497 [grpc-default-executor-2] INFO  impl.RaftServerImpl (RaftServerImpl.java:setRole(184)) - 57114e09-3b7f-4b4a-a342-090fe34f336a@group-045AAD0D4D73: changes role from  FOLLOWER to FOLLOWER at term 6 for recognizeCandidate:e3be97a9-3d3a-4f1a-9aac-bb0a1b054e74
2019-10-20 04:42:43,497 [grpc-default-executor-4] INFO  impl.RaftServerImpl (RaftServerImpl.java:setRole(184)) - 8f4dcc74-0612-4035-9040-5f73cd792029@group-045AAD0D4D73: changes role from  FOLLOWER to FOLLOWER at term 6 for recognizeCandidate:e3be97a9-3d3a-4f1a-9aac-bb0a1b054e74
2019-10-20 04:42:43,497 [grpc-default-executor-2] INFO  impl.RoleInfo (RoleInfo.java:shutdownFollowerState(121)) - 57114e09-3b7f-4b4a-a342-090fe34f336a: shutdown FollowerState
2019-10-20 04:42:43,497 [grpc-default-executor-4] INFO  impl.RoleInfo (RoleInfo.java:shutdownFollowerState(121)) - 8f4dcc74-0612-4035-9040-5f73cd792029: shutdown FollowerState
2019-10-20 04:42:43,498 [grpc-default-executor-2] INFO  impl.RoleInfo (RoleInfo.java:updateAndGet(143)) - 57114e09-3b7f-4b4a-a342-090fe34f336a: start FollowerState
2019-10-20 04:42:43,498 [Thread-583] INFO  impl.FollowerState (FollowerState.java:run(117)) - 57114e09-3b7f-4b4a-a342-090fe34f336a@group-045AAD0D4D73-FollowerState was interrupted: java.lang.InterruptedException: sleep interrupted
2019-10-20 04:42:43,498 [Thread-584] INFO  impl.FollowerState (FollowerState.java:run(117)) - 8f4dcc74-0612-4035-9040-5f73cd792029@group-045AAD0D4D73-FollowerState was interrupted: java.lang.InterruptedException: sleep interrupted
2019-10-20 04:42:43,498 [grpc-default-executor-4] INFO  impl.RoleInfo (RoleInfo.java:updateAndGet(143)) - 8f4dcc74-0612-4035-9040-5f73cd792029: start FollowerState
2019-10-20 04:42:43,530 [e3be97a9-3d3a-4f1a-9aac-bb0a1b054e74@group-045AAD0D4D73-LeaderElection11] INFO  impl.LeaderElection (LeaderElection.java:logAndReturn(56)) - e3be97a9-3d3a-4f1a-9aac-bb0a1b054e74@group-045AAD0D4D73-LeaderElection11: Election REJECTED; received 2 response(s) [e3be97a9-3d3a-4f1a-9aac-bb0a1b054e74<-57114e09-3b7f-4b4a-a342-090fe34f336a#0:FAIL-t6, e3be97a9-3d3a-4f1a-9aac-bb0a1b054e74<-8f4dcc74-0612-4035-9040-5f73cd792029#0:FAIL-t6] and 0 exception(s); e3be97a9-3d3a-4f1a-9aac-bb0a1b054e74@group-045AAD0D4D73:t6, leader=null, voted=e3be97a9-3d3a-4f1a-9aac-bb0a1b054e74, raftlog=e3be97a9-3d3a-4f1a-9aac-bb0a1b054e74@group-045AAD0D4D73-SegmentedRaftLog:OPENED:c3,f4,i4, conf=0: [57114e09-3b7f-4b4a-a342-090fe34f336a:192.168.164.239:45374, e3be97a9-3d3a-4f1a-9aac-bb0a1b054e74:192.168.164.239:42267, 8f4dcc74-0612-4035-9040-5f73cd792029:192.168.164.239:37614], old=null
2019-10-20 04:42:43,530 [e3be97a9-3d3a-4f1a-9aac-bb0a1b054e74@group-045AAD0D4D73-LeaderElection11] INFO  impl.RaftServerImpl (RaftServerImpl.java:setRole(184)) - e3be97a9-3d3a-4f1a-9aac-bb0a1b054e74@group-045AAD0D4D73: changes role from CANDIDATE to FOLLOWER at term 6 for DISCOVERED_A_NEW_TERM
2019-10-20 04:42:43,532 [e3be97a9-3d3a-4f1a-9aac-bb0a1b054e74@group-045AAD0D4D73-LeaderElection11] INFO  impl.RoleInfo (RoleInfo.java:shutdownLeaderElection(134)) - e3be97a9-3d3a-4f1a-9aac-bb0a1b054e74: shutdown LeaderElection
2019-10-20 04:42:43,532 [e3be97a9-3d3a-4f1a-9aac-bb0a1b054e74@group-045AAD0D4D73-LeaderElection11] INFO  impl.RoleInfo (RoleInfo.java:updateAndGet(143)) - e3be97a9-3d3a-4f1a-9aac-bb0a1b054e74: start FollowerState
2019-10-20 04:42:43,631 [Thread-593] INFO  impl.FollowerState (FollowerState.java:run(108)) - e3be97a9-3d3a-4f1a-9aac-bb0a1b054e74@group-045AAD0D4D73-FollowerState: change to CANDIDATE, lastRpcTime:98ms, electionTimeout:97ms
2019-10-20 04:42:43,632 [Thread-593] INFO  impl.RoleInfo (RoleInfo.java:shutdownFollowerState(121)) - e3be97a9-3d3a-4f1a-9aac-bb0a1b054e74: shutdown FollowerState
2019-10-20 04:42:43,632 [Thread-593] INFO  impl.RaftServerImpl (RaftServerImpl.java:setRole(184)) - e3be97a9-3d3a-4f1a-9aac-bb0a1b054e74@group-045AAD0D4D73: changes role from  FOLLOWER to CANDIDATE at term 6 for changeToCandidate
2019-10-20 04:42:43,632 [Thread-593] INFO  impl.RoleInfo (RoleInfo.java:updateAndGet(143)) - e3be97a9-3d3a-4f1a-9aac-bb0a1b054e74: start LeaderElection
2019-10-20 04:42:43,662 [e3be97a9-3d3a-4f1a-9aac-bb0a1b054e74@group-045AAD0D4D73-LeaderElection12] INFO  impl.LeaderElection (LeaderElection.java:askForVotes(178)) - e3be97a9-3d3a-4f1a-9aac-bb0a1b054e74@group-045AAD0D4D73-LeaderElection12: begin an election at term 7 for 0: [57114e09-3b7f-4b4a-a342-090fe34f336a:192.168.164.239:45374, e3be97a9-3d3a-4f1a-9aac-bb0a1b054e74:192.168.164.239:42267, 8f4dcc74-0612-4035-9040-5f73cd792029:192.168.164.239:37614], old=null
2019-10-20 04:42:43,666 [grpc-default-executor-2] INFO  impl.RaftServerImpl (RaftServerImpl.java:setRole(184)) - 8f4dcc74-0612-4035-9040-5f73cd792029@group-045AAD0D4D73: changes role from  FOLLOWER to FOLLOWER at term 7 for recognizeCandidate:e3be97a9-3d3a-4f1a-9aac-bb0a1b054e74
2019-10-20 04:42:43,666 [grpc-default-executor-4] INFO  impl.RaftServerImpl (RaftServerImpl.java:setRole(184)) - 57114e09-3b7f-4b4a-a342-090fe34f336a@group-045AAD0D4D73: changes role from  FOLLOWER to FOLLOWER at term 7 for recognizeCandidate:e3be97a9-3d3a-4f1a-9aac-bb0a1b054e74
2019-10-20 04:42:43,666 [grpc-default-executor-2] INFO  impl.RoleInfo (RoleInfo.java:shutdownFollowerState(121)) - 8f4dcc74-0612-4035-9040-5f73cd792029: shutdown FollowerState
2019-10-20 04:42:43,667 [grpc-default-executor-4] INFO  impl.RoleInfo (RoleInfo.java:shutdownFollowerState(121)) - 57114e09-3b7f-4b4a-a342-090fe34f336a: shutdown FollowerState
2019-10-20 04:42:43,667 [Thread-592] INFO  impl.FollowerState (FollowerState.java:run(117)) - 8f4dcc74-0612-4035-9040-5f73cd792029@group-045AAD0D4D73-FollowerState was interrupted: java.lang.InterruptedException: sleep interrupted
2019-10-20 04:42:43,667 [grpc-default-executor-2] INFO  impl.RoleInfo (RoleInfo.java:updateAndGet(143)) - 8f4dcc74-0612-4035-9040-5f73cd792029: start FollowerState
2019-10-20 04:42:43,667 [Thread-591] INFO  impl.FollowerState (FollowerState.java:run(117)) - 57114e09-3b7f-4b4a-a342-090fe34f336a@group-045AAD0D4D73-FollowerState was interrupted: java.lang.InterruptedException: sleep interrupted
2019-10-20 04:42:43,667 [grpc-default-executor-4] INFO  impl.RoleInfo (RoleInfo.java:updateAndGet(143)) - 57114e09-3b7f-4b4a-a342-090fe34f336a: start FollowerState
2019-10-20 04:42:43,697 [e3be97a9-3d3a-4f1a-9aac-bb0a1b054e74@group-045AAD0D4D73-LeaderElection12] INFO  impl.LeaderElection (LeaderElection.java:logAndReturn(56)) - e3be97a9-3d3a-4f1a-9aac-bb0a1b054e74@group-045AAD0D4D73-LeaderElection12: Election REJECTED; received 2 response(s) [e3be97a9-3d3a-4f1a-9aac-bb0a1b054e74<-57114e09-3b7f-4b4a-a342-090fe34f336a#0:FAIL-t7, e3be97a9-3d3a-4f1a-9aac-bb0a1b054e74<-8f4dcc74-0612-4035-9040-5f73cd792029#0:FAIL-t7] and 0 exception(s); e3be97a9-3d3a-4f1a-9aac-bb0a1b054e74@group-045AAD0D4D73:t7, leader=null, voted=e3be97a9-3d3a-4f1a-9aac-bb0a1b054e74, raftlog=e3be97a9-3d3a-4f1a-9aac-bb0a1b054e74@group-045AAD0D4D73-SegmentedRaftLog:OPENED:c3,f4,i4, conf=0: [57114e09-3b7f-4b4a-a342-090fe34f336a:192.168.164.239:45374, e3be97a9-3d3a-4f1a-9aac-bb0a1b054e74:192.168.164.239:42267, 8f4dcc74-0612-4035-9040-5f73cd792029:192.168.164.239:37614], old=null
2019-10-20 04:42:43,697 [e3be97a9-3d3a-4f1a-9aac-bb0a1b054e74@group-045AAD0D4D73-LeaderElection12] INFO  impl.RaftServerImpl (RaftServerImpl.java:setRole(184)) - e3be97a9-3d3a-4f1a-9aac-bb0a1b054e74@group-045AAD0D4D73: changes role from CANDIDATE to FOLLOWER at term 7 for DISCOVERED_A_NEW_TERM
2019-10-20 04:42:43,698 [e3be97a9-3d3a-4f1a-9aac-bb0a1b054e74@group-045AAD0D4D73-LeaderElection12] INFO  impl.RoleInfo (RoleInfo.java:shutdownLeaderElection(134)) - e3be97a9-3d3a-4f1a-9aac-bb0a1b054e74: shutdown LeaderElection
2019-10-20 04:42:43,699 [e3be97a9-3d3a-4f1a-9aac-bb0a1b054e74@group-045AAD0D4D73-LeaderElection12] INFO  impl.RoleInfo (RoleInfo.java:updateAndGet(143)) - e3be97a9-3d3a-4f1a-9aac-bb0a1b054e74: start FollowerState
2019-10-20 04:42:43,760 [Thread-599] INFO  impl.FollowerState (FollowerState.java:run(108)) - e3be97a9-3d3a-4f1a-9aac-bb0a1b054e74@group-045AAD0D4D73-FollowerState: change to CANDIDATE, lastRpcTime:61ms, electionTimeout:60ms
2019-10-20 04:42:43,761 [Thread-599] INFO  impl.RoleInfo (RoleInfo.java:shutdownFollowerState(121)) - e3be97a9-3d3a-4f1a-9aac-bb0a1b054e74: shutdown FollowerState
2019-10-20 04:42:43,761 [Thread-599] INFO  impl.RaftServerImpl (RaftServerImpl.java:setRole(184)) - e3be97a9-3d3a-4f1a-9aac-bb0a1b054e74@group-045AAD0D4D73: changes role from  FOLLOWER to CANDIDATE at term 7 for changeToCandidate
2019-10-20 04:42:43,761 [Thread-599] INFO  impl.RoleInfo (RoleInfo.java:updateAndGet(143)) - e3be97a9-3d3a-4f1a-9aac-bb0a1b054e74: start LeaderElection
2019-10-20 04:42:43,788 [e3be97a9-3d3a-4f1a-9aac-bb0a1b054e74@group-045AAD0D4D73-LeaderElection13] INFO  impl.LeaderElection (LeaderElection.java:askForVotes(178)) - e3be97a9-3d3a-4f1a-9aac-bb0a1b054e74@group-045AAD0D4D73-LeaderElection13: begin an election at term 8 for 0: [57114e09-3b7f-4b4a-a342-090fe34f336a:192.168.164.239:45374, e3be97a9-3d3a-4f1a-9aac-bb0a1b054e74:192.168.164.239:42267, 8f4dcc74-0612-4035-9040-5f73cd792029:192.168.164.239:37614], old=null
2019-10-20 04:42:43,792 [grpc-default-executor-4] INFO  impl.RaftServerImpl (RaftServerImpl.java:setRole(184)) - 57114e09-3b7f-4b4a-a342-090fe34f336a@group-045AAD0D4D73: changes role from  FOLLOWER to FOLLOWER at term 8 for recognizeCandidate:e3be97a9-3d3a-4f1a-9aac-bb0a1b054e74
2019-10-20 04:42:43,793 [grpc-default-executor-4] INFO  impl.RoleInfo (RoleInfo.java:shutdownFollowerState(121)) - 57114e09-3b7f-4b4a-a342-090fe34f336a: shutdown FollowerState
2019-10-20 04:42:43,793 [grpc-default-executor-2] INFO  impl.RaftServerImpl (RaftServerImpl.java:setRole(184)) - 8f4dcc74-0612-4035-9040-5f73cd792029@group-045AAD0D4D73: changes role from  FOLLOWER to FOLLOWER at term 8 for recognizeCandidate:e3be97a9-3d3a-4f1a-9aac-bb0a1b054e74
2019-10-20 04:42:43,794 [Thread-598] INFO  impl.FollowerState (FollowerState.java:run(117)) - 57114e09-3b7f-4b4a-a342-090fe34f336a@group-045AAD0D4D73-FollowerState was interrupted: java.lang.InterruptedException: sleep interrupted
2019-10-20 04:42:43,794 [grpc-default-executor-4] INFO  impl.RoleInfo (RoleInfo.java:updateAndGet(143)) - 57114e09-3b7f-4b4a-a342-090fe34f336a: start FollowerState
2019-10-20 04:42:43,794 [grpc-default-executor-2] INFO  impl.RoleInfo (RoleInfo.java:shutdownFollowerState(121)) - 8f4dcc74-0612-4035-9040-5f73cd792029: shutdown FollowerState
2019-10-20 04:42:43,795 [Thread-597] INFO  impl.FollowerState (FollowerState.java:run(117)) - 8f4dcc74-0612-4035-9040-5f73cd792029@group-045AAD0D4D73-FollowerState was interrupted: java.lang.InterruptedException: sleep interrupted
2019-10-20 04:42:43,795 [grpc-default-executor-2] INFO  impl.RoleInfo (RoleInfo.java:updateAndGet(143)) - 8f4dcc74-0612-4035-9040-5f73cd792029: start FollowerState
2019-10-20 04:42:43,816 [e3be97a9-3d3a-4f1a-9aac-bb0a1b054e74@group-045AAD0D4D73-LeaderElection13] INFO  impl.LeaderElection (LeaderElection.java:logAndReturn(56)) - e3be97a9-3d3a-4f1a-9aac-bb0a1b054e74@group-045AAD0D4D73-LeaderElection13: Election REJECTED; received 2 response(s) [e3be97a9-3d3a-4f1a-9aac-bb0a1b054e74<-57114e09-3b7f-4b4a-a342-090fe34f336a#0:FAIL-t8, e3be97a9-3d3a-4f1a-9aac-bb0a1b054e74<-8f4dcc74-0612-4035-9040-5f73cd792029#0:FAIL-t8] and 0 exception(s); e3be97a9-3d3a-4f1a-9aac-bb0a1b054e74@group-045AAD0D4D73:t8, leader=null, voted=e3be97a9-3d3a-4f1a-9aac-bb0a1b054e74, raftlog=e3be97a9-3d3a-4f1a-9aac-bb0a1b054e74@group-045AAD0D4D73-SegmentedRaftLog:OPENED:c3,f4,i4, conf=0: [57114e09-3b7f-4b4a-a342-090fe34f336a:192.168.164.239:45374, e3be97a9-3d3a-4f1a-9aac-bb0a1b054e74:192.168.164.239:42267, 8f4dcc74-0612-4035-9040-5f73cd792029:192.168.164.239:37614], old=null
2019-10-20 04:42:43,816 [e3be97a9-3d3a-4f1a-9aac-bb0a1b054e74@group-045AAD0D4D73-LeaderElection13] INFO  impl.RaftServerImpl (RaftServerImpl.java:setRole(184)) - e3be97a9-3d3a-4f1a-9aac-bb0a1b054e74@group-045AAD0D4D73: changes role from CANDIDATE to FOLLOWER at term 8 for DISCOVERED_A_NEW_TERM
2019-10-20 04:42:43,818 [e3be97a9-3d3a-4f1a-9aac-bb0a1b054e74@group-045AAD0D4D73-LeaderElection13] INFO  impl.RoleInfo (RoleInfo.java:shutdownLeaderElection(134)) - e3be97a9-3d3a-4f1a-9aac-bb0a1b054e74: shutdown LeaderElection
2019-10-20 04:42:43,818 [e3be97a9-3d3a-4f1a-9aac-bb0a1b054e74@group-045AAD0D4D73-LeaderElection13] INFO  impl.RoleInfo (RoleInfo.java:updateAndGet(143)) - e3be97a9-3d3a-4f1a-9aac-bb0a1b054e74: start FollowerState
2019-10-20 04:42:43,840 [Thread-605] INFO  impl.FollowerState (FollowerState.java:run(108)) - e3be97a9-3d3a-4f1a-9aac-bb0a1b054e74@group-045AAD0D4D73-FollowerState: change to CANDIDATE, lastRpcTime:22ms, electionTimeout:18ms
2019-10-20 04:42:43,841 [Thread-605] INFO  impl.RoleInfo (RoleInfo.java:shutdownFollowerState(121)) - e3be97a9-3d3a-4f1a-9aac-bb0a1b054e74: shutdown FollowerState
2019-10-20 04:42:43,842 [Thread-605] INFO  impl.RaftServerImpl (RaftServerImpl.java:setRole(184)) - e3be97a9-3d3a-4f1a-9aac-bb0a1b054e74@group-045AAD0D4D73: changes role from  FOLLOWER to CANDIDATE at term 8 for changeToCandidate
2019-10-20 04:42:43,842 [Thread-605] INFO  impl.RoleInfo (RoleInfo.java:updateAndGet(143)) - e3be97a9-3d3a-4f1a-9aac-bb0a1b054e74: start LeaderElection
2019-10-20 04:42:43,873 [e3be97a9-3d3a-4f1a-9aac-bb0a1b054e74@group-045AAD0D4D73-LeaderElection14] INFO  impl.LeaderElection (LeaderElection.java:askForVotes(178)) - e3be97a9-3d3a-4f1a-9aac-bb0a1b054e74@group-045AAD0D4D73-LeaderElection14: begin an election at term 9 for 0: [57114e09-3b7f-4b4a-a342-090fe34f336a:192.168.164.239:45374, e3be97a9-3d3a-4f1a-9aac-bb0a1b054e74:192.168.164.239:42267, 8f4dcc74-0612-4035-9040-5f73cd792029:192.168.164.239:37614], old=null
2019-10-20 04:42:43,879 [grpc-default-executor-4] INFO  impl.RaftServerImpl (RaftServerImpl.java:setRole(184)) - 57114e09-3b7f-4b4a-a342-090fe34f336a@group-045AAD0D4D73: changes role from  FOLLOWER to FOLLOWER at term 9 for recognizeCandidate:e3be97a9-3d3a-4f1a-9aac-bb0a1b054e74
2019-10-20 04:42:43,879 [grpc-default-executor-2] INFO  impl.RaftServerImpl (RaftServerImpl.java:setRole(184)) - 8f4dcc74-0612-4035-9040-5f73cd792029@group-045AAD0D4D73: changes role from  FOLLOWER to FOLLOWER at term 9 for recognizeCandidate:e3be97a9-3d3a-4f1a-9aac-bb0a1b054e74
2019-10-20 04:42:43,879 [grpc-default-executor-4] INFO  impl.RoleInfo (RoleInfo.java:shutdownFollowerState(121)) - 57114e09-3b7f-4b4a-a342-090fe34f336a: shutdown FollowerState
2019-10-20 04:42:43,879 [grpc-default-executor-2] INFO  impl.RoleInfo (RoleInfo.java:shutdownFollowerState(121)) - 8f4dcc74-0612-4035-9040-5f73cd792029: shutdown FollowerState
2019-10-20 04:42:43,879 [grpc-default-executor-4] INFO  impl.RoleInfo (RoleInfo.java:updateAndGet(143)) - 57114e09-3b7f-4b4a-a342-090fe34f336a: start FollowerState
2019-10-20 04:42:43,879 [Thread-603] INFO  impl.FollowerState (FollowerState.java:run(117)) - 57114e09-3b7f-4b4a-a342-090fe34f336a@group-045AAD0D4D73-FollowerState was interrupted: java.lang.InterruptedException: sleep interrupted
2019-10-20 04:42:43,880 [grpc-default-executor-2] INFO  impl.RoleInfo (RoleInfo.java:updateAndGet(143)) - 8f4dcc74-0612-4035-9040-5f73cd792029: start FollowerState
2019-10-20 04:42:43,880 [Thread-604] INFO  impl.FollowerState (FollowerState.java:run(117)) - 8f4dcc74-0612-4035-9040-5f73cd792029@group-045AAD0D4D73-FollowerState was interrupted: java.lang.InterruptedException: sleep interrupted
2019-10-20 04:42:43,909 [e3be97a9-3d3a-4f1a-9aac-bb0a1b054e74@group-045AAD0D4D73-LeaderElection14] INFO  impl.LeaderElection (LeaderElection.java:logAndReturn(56)) - e3be97a9-3d3a-4f1a-9aac-bb0a1b054e74@group-045AAD0D4D73-LeaderElection14: Election REJECTED; received 2 response(s) [e3be97a9-3d3a-4f1a-9aac-bb0a1b054e74<-57114e09-3b7f-4b4a-a342-090fe34f336a#0:FAIL-t9, e3be97a9-3d3a-4f1a-9aac-bb0a1b054e74<-8f4dcc74-0612-4035-9040-5f73cd792029#0:FAIL-t9] and 0 exception(s); e3be97a9-3d3a-4f1a-9aac-bb0a1b054e74@group-045AAD0D4D73:t9, leader=null, voted=e3be97a9-3d3a-4f1a-9aac-bb0a1b054e74, raftlog=e3be97a9-3d3a-4f1a-9aac-bb0a1b054e74@group-045AAD0D4D73-SegmentedRaftLog:OPENED:c3,f4,i4, conf=0: [57114e09-3b7f-4b4a-a342-090fe34f336a:192.168.164.239:45374, e3be97a9-3d3a-4f1a-9aac-bb0a1b054e74:192.168.164.239:42267, 8f4dcc74-0612-4035-9040-5f73cd792029:192.168.164.239:37614], old=null
2019-10-20 04:42:43,909 [e3be97a9-3d3a-4f1a-9aac-bb0a1b054e74@group-045AAD0D4D73-LeaderElection14] INFO  impl.RaftServerImpl (RaftServerImpl.java:setRole(184)) - e3be97a9-3d3a-4f1a-9aac-bb0a1b054e74@group-045AAD0D4D73: changes role from CANDIDATE to FOLLOWER at term 9 for DISCOVERED_A_NEW_TERM
2019-10-20 04:42:43,909 [e3be97a9-3d3a-4f1a-9aac-bb0a1b054e74@group-045AAD0D4D73-LeaderElection14] INFO  impl.RoleInfo (RoleInfo.java:shutdownLeaderElection(134)) - e3be97a9-3d3a-4f1a-9aac-bb0a1b054e74: shutdown LeaderElection
2019-10-20 04:42:43,909 [e3be97a9-3d3a-4f1a-9aac-bb0a1b054e74@group-045AAD0D4D73-LeaderElection14] INFO  impl.RoleInfo (RoleInfo.java:updateAndGet(143)) - e3be97a9-3d3a-4f1a-9aac-bb0a1b054e74: start FollowerState
2019-10-20 04:42:44,090 [Thread-611] INFO  impl.FollowerState (FollowerState.java:run(108)) - e3be97a9-3d3a-4f1a-9aac-bb0a1b054e74@group-045AAD0D4D73-FollowerState: change to CANDIDATE, lastRpcTime:180ms, electionTimeout:180ms
2019-10-20 04:42:44,092 [Thread-611] INFO  impl.RoleInfo (RoleInfo.java:shutdownFollowerState(121)) - e3be97a9-3d3a-4f1a-9aac-bb0a1b054e74: shutdown FollowerState
2019-10-20 04:42:44,092 [Thread-611] INFO  impl.RaftServerImpl (RaftServerImpl.java:setRole(184)) - e3be97a9-3d3a-4f1a-9aac-bb0a1b054e74@group-045AAD0D4D73: changes role from  FOLLOWER to CANDIDATE at term 9 for changeToCandidate
2019-10-20 04:42:44,092 [Thread-611] INFO  impl.RoleInfo (RoleInfo.java:updateAndGet(143)) - e3be97a9-3d3a-4f1a-9aac-bb0a1b054e74: start LeaderElection
2019-10-20 04:42:44,124 [e3be97a9-3d3a-4f1a-9aac-bb0a1b054e74@group-045AAD0D4D73-LeaderElection15] INFO  impl.LeaderElection (LeaderElection.java:askForVotes(178)) - e3be97a9-3d3a-4f1a-9aac-bb0a1b054e74@group-045AAD0D4D73-LeaderElection15: begin an election at term 10 for 0: [57114e09-3b7f-4b4a-a342-090fe34f336a:192.168.164.239:45374, e3be97a9-3d3a-4f1a-9aac-bb0a1b054e74:192.168.164.239:42267, 8f4dcc74-0612-4035-9040-5f73cd792029:192.168.164.239:37614], old=null
2019-10-20 04:42:44,134 [grpc-default-executor-4] INFO  impl.RaftServerImpl (RaftServerImpl.java:setRole(184)) - 57114e09-3b7f-4b4a-a342-090fe34f336a@group-045AAD0D4D73: changes role from  FOLLOWER to FOLLOWER at term 10 for recognizeCandidate:e3be97a9-3d3a-4f1a-9aac-bb0a1b054e74
2019-10-20 04:42:44,134 [grpc-default-executor-2] INFO  impl.RaftServerImpl (RaftServerImpl.java:setRole(184)) - 8f4dcc74-0612-4035-9040-5f73cd792029@group-045AAD0D4D73: changes role from  FOLLOWER to FOLLOWER at term 10 for recognizeCandidate:e3be97a9-3d3a-4f1a-9aac-bb0a1b054e74
2019-10-20 04:42:44,134 [grpc-default-executor-4] INFO  impl.RoleInfo (RoleInfo.java:shutdownFollowerState(121)) - 57114e09-3b7f-4b4a-a342-090fe34f336a: shutdown FollowerState
2019-10-20 04:42:44,135 [grpc-default-executor-2] INFO  impl.RoleInfo (RoleInfo.java:shutdownFollowerState(121)) - 8f4dcc74-0612-4035-9040-5f73cd792029: shutdown FollowerState
2019-10-20 04:42:44,135 [Thread-609] INFO  impl.FollowerState (FollowerState.java:run(117)) - 57114e09-3b7f-4b4a-a342-090fe34f336a@group-045AAD0D4D73-FollowerState was interrupted: java.lang.InterruptedException: sleep interrupted
2019-10-20 04:42:44,135 [grpc-default-executor-4] INFO  impl.RoleInfo (RoleInfo.java:updateAndGet(143)) - 57114e09-3b7f-4b4a-a342-090fe34f336a: start FollowerState
2019-10-20 04:42:44,135 [Thread-610] INFO  impl.FollowerState (FollowerState.java:run(117)) - 8f4dcc74-0612-4035-9040-5f73cd792029@group-045AAD0D4D73-FollowerState was interrupted: java.lang.InterruptedException: sleep interrupted
2019-10-20 04:42:44,135 [grpc-default-executor-2] INFO  impl.RoleInfo (RoleInfo.java:updateAndGet(143)) - 8f4dcc74-0612-4035-9040-5f73cd792029: start FollowerState
2019-10-20 04:42:44,170 [e3be97a9-3d3a-4f1a-9aac-bb0a1b054e74@group-045AAD0D4D73-LeaderElection15] INFO  impl.LeaderElection (LeaderElection.java:logAndReturn(56)) - e3be97a9-3d3a-4f1a-9aac-bb0a1b054e74@group-045AAD0D4D73-LeaderElection15: Election REJECTED; received 2 response(s) [e3be97a9-3d3a-4f1a-9aac-bb0a1b054e74<-57114e09-3b7f-4b4a-a342-090fe34f336a#0:FAIL-t10, e3be97a9-3d3a-4f1a-9aac-bb0a1b054e74<-8f4dcc74-0612-4035-9040-5f73cd792029#0:FAIL-t10] and 0 exception(s); e3be97a9-3d3a-4f1a-9aac-bb0a1b054e74@group-045AAD0D4D73:t10, leader=null, voted=e3be97a9-3d3a-4f1a-9aac-bb0a1b054e74, raftlog=e3be97a9-3d3a-4f1a-9aac-bb0a1b054e74@group-045AAD0D4D73-SegmentedRaftLog:OPENED:c3,f4,i4, conf=0: [57114e09-3b7f-4b4a-a342-090fe34f336a:192.168.164.239:45374, e3be97a9-3d3a-4f1a-9aac-bb0a1b054e74:192.168.164.239:42267, 8f4dcc74-0612-4035-9040-5f73cd792029:192.168.164.239:37614], old=null
2019-10-20 04:42:44,171 [e3be97a9-3d3a-4f1a-9aac-bb0a1b054e74@group-045AAD0D4D73-LeaderElection15] INFO  impl.RaftServerImpl (RaftServerImpl.java:setRole(184)) - e3be97a9-3d3a-4f1a-9aac-bb0a1b054e74@group-045AAD0D4D73: changes role from CANDIDATE to FOLLOWER at term 10 for DISCOVERED_A_NEW_TERM
2019-10-20 04:42:44,171 [e3be97a9-3d3a-4f1a-9aac-bb0a1b054e74@group-045AAD0D4D73-LeaderElection15] INFO  impl.RoleInfo (RoleInfo.java:shutdownLeaderElection(134)) - e3be97a9-3d3a-4f1a-9aac-bb0a1b054e74: shutdown LeaderElection
2019-10-20 04:42:44,171 [e3be97a9-3d3a-4f1a-9aac-bb0a1b054e74@group-045AAD0D4D73-LeaderElection15] INFO  impl.RoleInfo (RoleInfo.java:updateAndGet(143)) - e3be97a9-3d3a-4f1a-9aac-bb0a1b054e74: start FollowerState
2019-10-20 04:42:44,175 [Thread-620] INFO  client.GrpcClientProtocolService (GrpcClientProtocolService.java:lambda$processClientRequest$0(278)) - Failed RaftClientRequest:client-A2F9089F7F1F->57114e09-3b7f-4b4a-a342-090fe34f336a@group-045AAD0D4D73, cid=10, seq=0, Watch-ALL_COMMITTED(6), Message:<EMPTY>, reply=RaftClientReply:client-A2F9089F7F1F->57114e09-3b7f-4b4a-a342-090fe34f336a@group-045AAD0D4D73, cid=10, FAILED org.apache.ratis.protocol.NotLeaderException: Server 57114e09-3b7f-4b4a-a342-090fe34f336a@group-045AAD0D4D73 is not the leader, logIndex=0, commits[57114e09-3b7f-4b4a-a342-090fe34f336a:c10, e3be97a9-3d3a-4f1a-9aac-bb0a1b054e74:c4, 8f4dcc74-0612-4035-9040-5f73cd792029:c10]
2019-10-20 04:42:44,210 [java.util.concurrent.ThreadPoolExecutor$Worker@77e4dadc[State = -1, empty queue]] WARN  server.GrpcLogAppender (GrpcLogAppender.java:timeoutAppendRequest(209)) - 8f4dcc74-0612-4035-9040-5f73cd792029@group-045AAD0D4D73->e3be97a9-3d3a-4f1a-9aac-bb0a1b054e74-GrpcLogAppender: appendEntries Timeout, request=8f4dcc74-0612-4035-9040-5f73cd792029->e3be97a9-3d3a-4f1a-9aac-bb0a1b054e74#51-t3, previous=(t:3, i:10), leaderCommit=10, initializing? false, entries: <empty>
2019-10-20 04:42:44,263 [BlockDeletingService#2] WARN  background.BlockDeletingService (BlockDeletingService.java:isDeletionAllowed(187)) - Close Container log Index 6 is not replicated across allthe servers in the pipeline 34dfe2c8-23b7-47ff-8954-045aad0d4d73 as the min replicated index is 4. Deletion is not allowed in this container yet.
2019-10-20 04:42:44,263 [BlockDeletingService#2] WARN  background.BlockDeletingService (BlockDeletingService.java:isDeletionAllowed(187)) - Close Container log Index 6 is not replicated across allthe servers in the pipeline 34dfe2c8-23b7-47ff-8954-045aad0d4d73 as the min replicated index is 4. Deletion is not allowed in this container yet.
2019-10-20 04:42:44,322 [pool-7-thread-3] INFO  commands.RetriableDatanodeEventWatcher (RetriableDatanodeEventWatcher.java:onTimeout(47)) - RetriableDatanodeCommand type=deleteBlocksCommand with id=1571546560321 timed out. Retrying.
2019-10-20 04:42:44,322 [pool-7-thread-2] INFO  commands.RetriableDatanodeEventWatcher (RetriableDatanodeEventWatcher.java:onTimeout(47)) - RetriableDatanodeCommand type=deleteBlocksCommand with id=1571546560320 timed out. Retrying.
2019-10-20 04:42:44,323 [pool-7-thread-1] INFO  commands.RetriableDatanodeEventWatcher (RetriableDatanodeEventWatcher.java:onTimeout(47)) - RetriableDatanodeCommand type=deleteBlocksCommand with id=1571546560322 timed out. Retrying.
2019-10-20 04:42:44,323 [pool-7-thread-4] INFO  commands.RetriableDatanodeEventWatcher (RetriableDatanodeEventWatcher.java:onTimeout(47)) - RetriableDatanodeCommand type=deleteBlocksCommand with id=1571546560317 timed out. Retrying.
2019-10-20 04:42:44,323 [SCMBlockDeletingService#0] INFO  block.SCMBlockDeletingService (SCMBlockDeletingService.java:call(184)) - Totally added 1 delete blocks command for 1 datanodes, task elapsed time: 1ms
2019-10-20 04:42:44,371 [Thread-619] INFO  impl.FollowerState (FollowerState.java:run(108)) - e3be97a9-3d3a-4f1a-9aac-bb0a1b054e74@group-045AAD0D4D73-FollowerState: change to CANDIDATE, lastRpcTime:200ms, electionTimeout:199ms
2019-10-20 04:42:44,372 [Thread-619] INFO  impl.RoleInfo (RoleInfo.java:shutdownFollowerState(121)) - e3be97a9-3d3a-4f1a-9aac-bb0a1b054e74: shutdown FollowerState
2019-10-20 04:42:44,372 [Thread-619] INFO  impl.RaftServerImpl (RaftServerImpl.java:setRole(184)) - e3be97a9-3d3a-4f1a-9aac-bb0a1b054e74@group-045AAD0D4D73: changes role from  FOLLOWER to CANDIDATE at term 10 for changeToCandidate
2019-10-20 04:42:44,372 [Thread-619] INFO  impl.RoleInfo (RoleInfo.java:updateAndGet(143)) - e3be97a9-3d3a-4f1a-9aac-bb0a1b054e74: start LeaderElection
2019-10-20 04:42:44,400 [e3be97a9-3d3a-4f1a-9aac-bb0a1b054e74@group-045AAD0D4D73-LeaderElection16] INFO  impl.LeaderElection (LeaderElection.java:askForVotes(178)) - e3be97a9-3d3a-4f1a-9aac-bb0a1b054e74@group-045AAD0D4D73-LeaderElection16: begin an election at term 11 for 0: [57114e09-3b7f-4b4a-a342-090fe34f336a:192.168.164.239:45374, e3be97a9-3d3a-4f1a-9aac-bb0a1b054e74:192.168.164.239:42267, 8f4dcc74-0612-4035-9040-5f73cd792029:192.168.164.239:37614], old=null
2019-10-20 04:42:44,405 [grpc-default-executor-4] INFO  impl.RaftServerImpl (RaftServerImpl.java:setRole(184)) - 57114e09-3b7f-4b4a-a342-090fe34f336a@group-045AAD0D4D73: changes role from  FOLLOWER to FOLLOWER at term 11 for recognizeCandidate:e3be97a9-3d3a-4f1a-9aac-bb0a1b054e74
2019-10-20 04:42:44,405 [grpc-default-executor-4] INFO  impl.RoleInfo (RoleInfo.java:shutdownFollowerState(121)) - 57114e09-3b7f-4b4a-a342-090fe34f336a: shutdown FollowerState
2019-10-20 04:42:44,405 [grpc-default-executor-1] INFO  impl.RaftServerImpl (RaftServerImpl.java:setRole(184)) - 8f4dcc74-0612-4035-9040-5f73cd792029@group-045AAD0D4D73: changes role from  FOLLOWER to FOLLOWER at term 11 for recognizeCandidate:e3be97a9-3d3a-4f1a-9aac-bb0a1b054e74
2019-10-20 04:42:44,405 [grpc-default-executor-4] INFO  impl.RoleInfo (RoleInfo.java:updateAndGet(143)) - 57114e09-3b7f-4b4a-a342-090fe34f336a: start FollowerState
2019-10-20 04:42:44,405 [Thread-616] INFO  impl.FollowerState (FollowerState.java:run(117)) - 57114e09-3b7f-4b4a-a342-090fe34f336a@group-045AAD0D4D73-FollowerState was interrupted: java.lang.InterruptedException: sleep interrupted
2019-10-20 04:42:44,405 [grpc-default-executor-1] INFO  impl.RoleInfo (RoleInfo.java:shutdownFollowerState(121)) - 8f4dcc74-0612-4035-9040-5f73cd792029: shutdown FollowerState
2019-10-20 04:42:44,406 [Thread-617] INFO  impl.FollowerState (FollowerState.java:run(117)) - 8f4dcc74-0612-4035-9040-5f73cd792029@group-045AAD0D4D73-FollowerState was interrupted: java.lang.InterruptedException: sleep interrupted
2019-10-20 04:42:44,406 [grpc-default-executor-1] INFO  impl.RoleInfo (RoleInfo.java:updateAndGet(143)) - 8f4dcc74-0612-4035-9040-5f73cd792029: start FollowerState
2019-10-20 04:42:44,435 [e3be97a9-3d3a-4f1a-9aac-bb0a1b054e74@group-045AAD0D4D73-LeaderElection16] INFO  impl.LeaderElection (LeaderElection.java:logAndReturn(56)) - e3be97a9-3d3a-4f1a-9aac-bb0a1b054e74@group-045AAD0D4D73-LeaderElection16: Election REJECTED; received 2 response(s) [e3be97a9-3d3a-4f1a-9aac-bb0a1b054e74<-57114e09-3b7f-4b4a-a342-090fe34f336a#0:FAIL-t11, e3be97a9-3d3a-4f1a-9aac-bb0a1b054e74<-8f4dcc74-0612-4035-9040-5f73cd792029#0:FAIL-t11] and 0 exception(s); e3be97a9-3d3a-4f1a-9aac-bb0a1b054e74@group-045AAD0D4D73:t11, leader=null, voted=e3be97a9-3d3a-4f1a-9aac-bb0a1b054e74, raftlog=e3be97a9-3d3a-4f1a-9aac-bb0a1b054e74@group-045AAD0D4D73-SegmentedRaftLog:OPENED:c3,f4,i4, conf=0: [57114e09-3b7f-4b4a-a342-090fe34f336a:192.168.164.239:45374, e3be97a9-3d3a-4f1a-9aac-bb0a1b054e74:192.168.164.239:42267, 8f4dcc74-0612-4035-9040-5f73cd792029:192.168.164.239:37614], old=null
2019-10-20 04:42:44,436 [e3be97a9-3d3a-4f1a-9aac-bb0a1b054e74@group-045AAD0D4D73-LeaderElection16] INFO  impl.RaftServerImpl (RaftServerImpl.java:setRole(184)) - e3be97a9-3d3a-4f1a-9aac-bb0a1b054e74@group-045AAD0D4D73: changes role from CANDIDATE to FOLLOWER at term 11 for DISCOVERED_A_NEW_TERM
2019-10-20 04:42:44,436 [e3be97a9-3d3a-4f1a-9aac-bb0a1b054e74@group-045AAD0D4D73-LeaderElection16] INFO  impl.RoleInfo (RoleInfo.java:shutdownLeaderElection(134)) - e3be97a9-3d3a-4f1a-9aac-bb0a1b054e74: shutdown LeaderElection
2019-10-20 04:42:44,436 [e3be97a9-3d3a-4f1a-9aac-bb0a1b054e74@group-045AAD0D4D73-LeaderElection16] INFO  impl.RoleInfo (RoleInfo.java:updateAndGet(143)) - e3be97a9-3d3a-4f1a-9aac-bb0a1b054e74: start FollowerState
2019-10-20 04:42:44,455 [Thread-629] INFO  impl.FollowerState (FollowerState.java:run(108)) - e3be97a9-3d3a-4f1a-9aac-bb0a1b054e74@group-045AAD0D4D73-FollowerState: change to CANDIDATE, lastRpcTime:18ms, electionTimeout:18ms
2019-10-20 04:42:44,456 [Thread-629] INFO  impl.RoleInfo (RoleInfo.java:shutdownFollowerState(121)) - e3be97a9-3d3a-4f1a-9aac-bb0a1b054e74: shutdown FollowerState
2019-10-20 04:42:44,456 [Thread-629] INFO  impl.RaftServerImpl (RaftServerImpl.java:setRole(184)) - e3be97a9-3d3a-4f1a-9aac-bb0a1b054e74@group-045AAD0D4D73: changes role from  FOLLOWER to CANDIDATE at term 11 for changeToCandidate
2019-10-20 04:42:44,456 [Thread-629] INFO  impl.RoleInfo (RoleInfo.java:updateAndGet(143)) - e3be97a9-3d3a-4f1a-9aac-bb0a1b054e74: start LeaderElection
2019-10-20 04:42:44,484 [e3be97a9-3d3a-4f1a-9aac-bb0a1b054e74@group-045AAD0D4D73-LeaderElection17] INFO  impl.LeaderElection (LeaderElection.java:askForVotes(178)) - e3be97a9-3d3a-4f1a-9aac-bb0a1b054e74@group-045AAD0D4D73-LeaderElection17: begin an election at term 12 for 0: [57114e09-3b7f-4b4a-a342-090fe34f336a:192.168.164.239:45374, e3be97a9-3d3a-4f1a-9aac-bb0a1b054e74:192.168.164.239:42267, 8f4dcc74-0612-4035-9040-5f73cd792029:192.168.164.239:37614], old=null
2019-10-20 04:42:44,490 [grpc-default-executor-4] INFO  impl.RaftServerImpl (RaftServerImpl.java:setRole(184)) - 57114e09-3b7f-4b4a-a342-090fe34f336a@group-045AAD0D4D73: changes role from  FOLLOWER to FOLLOWER at term 12 for recognizeCandidate:e3be97a9-3d3a-4f1a-9aac-bb0a1b054e74
2019-10-20 04:42:44,490 [grpc-default-executor-1] INFO  impl.RaftServerImpl (RaftServerImpl.java:setRole(184)) - 8f4dcc74-0612-4035-9040-5f73cd792029@group-045AAD0D4D73: changes role from  FOLLOWER to FOLLOWER at term 12 for recognizeCandidate:e3be97a9-3d3a-4f1a-9aac-bb0a1b054e74
2019-10-20 04:42:44,490 [grpc-default-executor-4] INFO  impl.RoleInfo (RoleInfo.java:shutdownFollowerState(121)) - 57114e09-3b7f-4b4a-a342-090fe34f336a: shutdown FollowerState
2019-10-20 04:42:44,490 [grpc-default-executor-1] INFO  impl.RoleInfo (RoleInfo.java:shutdownFollowerState(121)) - 8f4dcc74-0612-4035-9040-5f73cd792029: shutdown FollowerState
2019-10-20 04:42:44,490 [Thread-627] INFO  impl.FollowerState (FollowerState.java:run(117)) - 57114e09-3b7f-4b4a-a342-090fe34f336a@group-045AAD0D4D73-FollowerState was interrupted: java.lang.InterruptedException: sleep interrupted
2019-10-20 04:42:44,490 [grpc-default-executor-4] INFO  impl.RoleInfo (RoleInfo.java:updateAndGet(143)) - 57114e09-3b7f-4b4a-a342-090fe34f336a: start FollowerState
2019-10-20 04:42:44,490 [grpc-default-executor-1] INFO  impl.RoleInfo (RoleInfo.java:updateAndGet(143)) - 8f4dcc74-0612-4035-9040-5f73cd792029: start FollowerState
2019-10-20 04:42:44,490 [Thread-628] INFO  impl.FollowerState (FollowerState.java:run(117)) - 8f4dcc74-0612-4035-9040-5f73cd792029@group-045AAD0D4D73-FollowerState was interrupted: java.lang.InterruptedException: sleep interrupted
2019-10-20 04:42:44,519 [e3be97a9-3d3a-4f1a-9aac-bb0a1b054e74@group-045AAD0D4D73-LeaderElection17] INFO  impl.LeaderElection (LeaderElection.java:logAndReturn(56)) - e3be97a9-3d3a-4f1a-9aac-bb0a1b054e74@group-045AAD0D4D73-LeaderElection17: Election REJECTED; received 2 response(s) [e3be97a9-3d3a-4f1a-9aac-bb0a1b054e74<-57114e09-3b7f-4b4a-a342-090fe34f336a#0:FAIL-t12, e3be97a9-3d3a-4f1a-9aac-bb0a1b054e74<-8f4dcc74-0612-4035-9040-5f73cd792029#0:FAIL-t12] and 0 exception(s); e3be97a9-3d3a-4f1a-9aac-bb0a1b054e74@group-045AAD0D4D73:t12, leader=null, voted=e3be97a9-3d3a-4f1a-9aac-bb0a1b054e74, raftlog=e3be97a9-3d3a-4f1a-9aac-bb0a1b054e74@group-045AAD0D4D73-SegmentedRaftLog:OPENED:c3,f4,i4, conf=0: [57114e09-3b7f-4b4a-a342-090fe34f336a:192.168.164.239:45374, e3be97a9-3d3a-4f1a-9aac-bb0a1b054e74:192.168.164.239:42267, 8f4dcc74-0612-4035-9040-5f73cd792029:192.168.164.239:37614], old=null
2019-10-20 04:42:44,519 [e3be97a9-3d3a-4f1a-9aac-bb0a1b054e74@group-045AAD0D4D73-LeaderElection17] INFO  impl.RaftServerImpl (RaftServerImpl.java:setRole(184)) - e3be97a9-3d3a-4f1a-9aac-bb0a1b054e74@group-045AAD0D4D73: changes role from CANDIDATE to FOLLOWER at term 12 for DISCOVERED_A_NEW_TERM
2019-10-20 04:42:44,519 [e3be97a9-3d3a-4f1a-9aac-bb0a1b054e74@group-045AAD0D4D73-LeaderElection17] INFO  impl.RoleInfo (RoleInfo.java:shutdownLeaderElection(134)) - e3be97a9-3d3a-4f1a-9aac-bb0a1b054e74: shutdown LeaderElection
2019-10-20 04:42:44,519 [e3be97a9-3d3a-4f1a-9aac-bb0a1b054e74@group-045AAD0D4D73-LeaderElection17] INFO  impl.RoleInfo (RoleInfo.java:updateAndGet(143)) - e3be97a9-3d3a-4f1a-9aac-bb0a1b054e74: start FollowerState
2019-10-20 04:42:44,609 [Thread-635] INFO  impl.FollowerState (FollowerState.java:run(108)) - e3be97a9-3d3a-4f1a-9aac-bb0a1b054e74@group-045AAD0D4D73-FollowerState: change to CANDIDATE, lastRpcTime:89ms, electionTimeout:89ms
2019-10-20 04:42:44,610 [Thread-635] INFO  impl.RoleInfo (RoleInfo.java:shutdownFollowerState(121)) - e3be97a9-3d3a-4f1a-9aac-bb0a1b054e74: shutdown FollowerState
2019-10-20 04:42:44,610 [Thread-635] INFO  impl.RaftServerImpl (RaftServerImpl.java:setRole(184)) - e3be97a9-3d3a-4f1a-9aac-bb0a1b054e74@group-045AAD0D4D73: changes role from  FOLLOWER to CANDIDATE at term 12 for changeToCandidate
2019-10-20 04:42:44,610 [Thread-635] INFO  impl.RoleInfo (RoleInfo.java:updateAndGet(143)) - e3be97a9-3d3a-4f1a-9aac-bb0a1b054e74: start LeaderElection
2019-10-20 04:42:44,635 [e3be97a9-3d3a-4f1a-9aac-bb0a1b054e74@group-045AAD0D4D73-LeaderElection18] INFO  impl.LeaderElection (LeaderElection.java:askForVotes(178)) - e3be97a9-3d3a-4f1a-9aac-bb0a1b054e74@group-045AAD0D4D73-LeaderElection18: begin an election at term 13 for 0: [57114e09-3b7f-4b4a-a342-090fe34f336a:192.168.164.239:45374, e3be97a9-3d3a-4f1a-9aac-bb0a1b054e74:192.168.164.239:42267, 8f4dcc74-0612-4035-9040-5f73cd792029:192.168.164.239:37614], old=null
2019-10-20 04:42:44,639 [grpc-default-executor-4] INFO  impl.RaftServerImpl (RaftServerImpl.java:setRole(184)) - 57114e09-3b7f-4b4a-a342-090fe34f336a@group-045AAD0D4D73: changes role from  FOLLOWER to FOLLOWER at term 13 for recognizeCandidate:e3be97a9-3d3a-4f1a-9aac-bb0a1b054e74
2019-10-20 04:42:44,639 [grpc-default-executor-1] INFO  impl.RaftServerImpl (RaftServerImpl.java:setRole(184)) - 8f4dcc74-0612-4035-9040-5f73cd792029@group-045AAD0D4D73: changes role from  FOLLOWER to FOLLOWER at term 13 for recognizeCandidate:e3be97a9-3d3a-4f1a-9aac-bb0a1b054e74
2019-10-20 04:42:44,640 [grpc-default-executor-4] INFO  impl.RoleInfo (RoleInfo.java:shutdownFollowerState(121)) - 57114e09-3b7f-4b4a-a342-090fe34f336a: shutdown FollowerState
2019-10-20 04:42:44,640 [grpc-default-executor-1] INFO  impl.RoleInfo (RoleInfo.java:shutdownFollowerState(121)) - 8f4dcc74-0612-4035-9040-5f73cd792029: shutdown FollowerState
2019-10-20 04:42:44,640 [grpc-default-executor-4] INFO  impl.RoleInfo (RoleInfo.java:updateAndGet(143)) - 57114e09-3b7f-4b4a-a342-090fe34f336a: start FollowerState
2019-10-20 04:42:44,640 [Thread-633] INFO  impl.FollowerState (FollowerState.java:run(117)) - 57114e09-3b7f-4b4a-a342-090fe34f336a@group-045AAD0D4D73-FollowerState was interrupted: java.lang.InterruptedException: sleep interrupted
2019-10-20 04:42:44,640 [Thread-634] INFO  impl.FollowerState (FollowerState.java:run(117)) - 8f4dcc74-0612-4035-9040-5f73cd792029@group-045AAD0D4D73-FollowerState was interrupted: java.lang.InterruptedException: sleep interrupted
2019-10-20 04:42:44,640 [grpc-default-executor-1] INFO  impl.RoleInfo (RoleInfo.java:updateAndGet(143)) - 8f4dcc74-0612-4035-9040-5f73cd792029: start FollowerState
2019-10-20 04:42:44,664 [e3be97a9-3d3a-4f1a-9aac-bb0a1b054e74@group-045AAD0D4D73-LeaderElection18] INFO  impl.LeaderElection (LeaderElection.java:logAndReturn(56)) - e3be97a9-3d3a-4f1a-9aac-bb0a1b054e74@group-045AAD0D4D73-LeaderElection18: Election TIMEOUT; received 0 response(s) [] and 0 exception(s); e3be97a9-3d3a-4f1a-9aac-bb0a1b054e74@group-045AAD0D4D73:t13, leader=null, voted=e3be97a9-3d3a-4f1a-9aac-bb0a1b054e74, raftlog=e3be97a9-3d3a-4f1a-9aac-bb0a1b054e74@group-045AAD0D4D73-SegmentedRaftLog:OPENED:c3,f4,i4, conf=0: [57114e09-3b7f-4b4a-a342-090fe34f336a:192.168.164.239:45374, e3be97a9-3d3a-4f1a-9aac-bb0a1b054e74:192.168.164.239:42267, 8f4dcc74-0612-4035-9040-5f73cd792029:192.168.164.239:37614], old=null
2019-10-20 04:42:44,686 [e3be97a9-3d3a-4f1a-9aac-bb0a1b054e74@group-045AAD0D4D73-LeaderElection18] INFO  impl.LeaderElection (LeaderElection.java:askForVotes(178)) - e3be97a9-3d3a-4f1a-9aac-bb0a1b054e74@group-045AAD0D4D73-LeaderElection18: begin an election at term 14 for 0: [57114e09-3b7f-4b4a-a342-090fe34f336a:192.168.164.239:45374, e3be97a9-3d3a-4f1a-9aac-bb0a1b054e74:192.168.164.239:42267, 8f4dcc74-0612-4035-9040-5f73cd792029:192.168.164.239:37614], old=null
2019-10-20 04:42:44,689 [grpc-default-executor-1] INFO  impl.RaftServerImpl (RaftServerImpl.java:setRole(184)) - 57114e09-3b7f-4b4a-a342-090fe34f336a@group-045AAD0D4D73: changes role from  FOLLOWER to FOLLOWER at term 14 for recognizeCandidate:e3be97a9-3d3a-4f1a-9aac-bb0a1b054e74
2019-10-20 04:42:44,690 [grpc-default-executor-1] INFO  impl.RoleInfo (RoleInfo.java:shutdownFollowerState(121)) - 57114e09-3b7f-4b4a-a342-090fe34f336a: shutdown FollowerState
2019-10-20 04:42:44,690 [grpc-default-executor-4] INFO  impl.RaftServerImpl (RaftServerImpl.java:setRole(184)) - 8f4dcc74-0612-4035-9040-5f73cd792029@group-045AAD0D4D73: changes role from  FOLLOWER to FOLLOWER at term 14 for recognizeCandidate:e3be97a9-3d3a-4f1a-9aac-bb0a1b054e74
2019-10-20 04:42:44,690 [Thread-639] INFO  impl.FollowerState (FollowerState.java:run(117)) - 57114e09-3b7f-4b4a-a342-090fe34f336a@group-045AAD0D4D73-FollowerState was interrupted: java.lang.InterruptedException: sleep interrupted
2019-10-20 04:42:44,690 [grpc-default-executor-1] INFO  impl.RoleInfo (RoleInfo.java:updateAndGet(143)) - 57114e09-3b7f-4b4a-a342-090fe34f336a: start FollowerState
2019-10-20 04:42:44,690 [grpc-default-executor-4] INFO  impl.RoleInfo (RoleInfo.java:shutdownFollowerState(121)) - 8f4dcc74-0612-4035-9040-5f73cd792029: shutdown FollowerState
2019-10-20 04:42:44,691 [grpc-default-executor-4] INFO  impl.RoleInfo (RoleInfo.java:updateAndGet(143)) - 8f4dcc74-0612-4035-9040-5f73cd792029: start FollowerState
2019-10-20 04:42:44,691 [Thread-640] INFO  impl.FollowerState (FollowerState.java:run(117)) - 8f4dcc74-0612-4035-9040-5f73cd792029@group-045AAD0D4D73-FollowerState was interrupted: java.lang.InterruptedException: sleep interrupted
2019-10-20 04:42:44,720 [e3be97a9-3d3a-4f1a-9aac-bb0a1b054e74@group-045AAD0D4D73-LeaderElection18] INFO  impl.LeaderElection (LeaderElection.java:logAndReturn(56)) - e3be97a9-3d3a-4f1a-9aac-bb0a1b054e74@group-045AAD0D4D73-LeaderElection18: Election REJECTED; received 2 response(s) [e3be97a9-3d3a-4f1a-9aac-bb0a1b054e74<-57114e09-3b7f-4b4a-a342-090fe34f336a#0:FAIL-t14, e3be97a9-3d3a-4f1a-9aac-bb0a1b054e74<-8f4dcc74-0612-4035-9040-5f73cd792029#0:FAIL-t14] and 0 exception(s); e3be97a9-3d3a-4f1a-9aac-bb0a1b054e74@group-045AAD0D4D73:t14, leader=null, voted=e3be97a9-3d3a-4f1a-9aac-bb0a1b054e74, raftlog=e3be97a9-3d3a-4f1a-9aac-bb0a1b054e74@group-045AAD0D4D73-SegmentedRaftLog:OPENED:c3,f4,i4, conf=0: [57114e09-3b7f-4b4a-a342-090fe34f336a:192.168.164.239:45374, e3be97a9-3d3a-4f1a-9aac-bb0a1b054e74:192.168.164.239:42267, 8f4dcc74-0612-4035-9040-5f73cd792029:192.168.164.239:37614], old=null
2019-10-20 04:42:44,721 [e3be97a9-3d3a-4f1a-9aac-bb0a1b054e74@group-045AAD0D4D73-LeaderElection18] INFO  impl.RaftServerImpl (RaftServerImpl.java:setRole(184)) - e3be97a9-3d3a-4f1a-9aac-bb0a1b054e74@group-045AAD0D4D73: changes role from CANDIDATE to FOLLOWER at term 14 for DISCOVERED_A_NEW_TERM
2019-10-20 04:42:44,721 [e3be97a9-3d3a-4f1a-9aac-bb0a1b054e74@group-045AAD0D4D73-LeaderElection18] INFO  impl.RoleInfo (RoleInfo.java:shutdownLeaderElection(134)) - e3be97a9-3d3a-4f1a-9aac-bb0a1b054e74: shutdown LeaderElection
2019-10-20 04:42:44,721 [e3be97a9-3d3a-4f1a-9aac-bb0a1b054e74@group-045AAD0D4D73-LeaderElection18] INFO  impl.RoleInfo (RoleInfo.java:updateAndGet(143)) - e3be97a9-3d3a-4f1a-9aac-bb0a1b054e74: start FollowerState
2019-10-20 04:42:44,731 [Thread-645] INFO  impl.FollowerState (FollowerState.java:run(108)) - e3be97a9-3d3a-4f1a-9aac-bb0a1b054e74@group-045AAD0D4D73-FollowerState: change to CANDIDATE, lastRpcTime:10ms, electionTimeout:10ms
2019-10-20 04:42:44,736 [Thread-645] INFO  impl.RoleInfo (RoleInfo.java:shutdownFollowerState(121)) - e3be97a9-3d3a-4f1a-9aac-bb0a1b054e74: shutdown FollowerState
2019-10-20 04:42:44,736 [Thread-645] INFO  impl.RaftServerImpl (RaftServerImpl.java:setRole(184)) - e3be97a9-3d3a-4f1a-9aac-bb0a1b054e74@group-045AAD0D4D73: changes role from  FOLLOWER to CANDIDATE at term 14 for changeToCandidate
2019-10-20 04:42:44,736 [Thread-645] INFO  impl.RoleInfo (RoleInfo.java:updateAndGet(143)) - e3be97a9-3d3a-4f1a-9aac-bb0a1b054e74: start LeaderElection
2019-10-20 04:42:44,761 [e3be97a9-3d3a-4f1a-9aac-bb0a1b054e74@group-045AAD0D4D73-LeaderElection19] INFO  impl.LeaderElection (LeaderElection.java:askForVotes(178)) - e3be97a9-3d3a-4f1a-9aac-bb0a1b054e74@group-045AAD0D4D73-LeaderElection19: begin an election at term 15 for 0: [57114e09-3b7f-4b4a-a342-090fe34f336a:192.168.164.239:45374, e3be97a9-3d3a-4f1a-9aac-bb0a1b054e74:192.168.164.239:42267, 8f4dcc74-0612-4035-9040-5f73cd792029:192.168.164.239:37614], old=null
2019-10-20 04:42:44,767 [grpc-default-executor-1] INFO  impl.RaftServerImpl (RaftServerImpl.java:setRole(184)) - 8f4dcc74-0612-4035-9040-5f73cd792029@group-045AAD0D4D73: changes role from  FOLLOWER to FOLLOWER at term 15 for recognizeCandidate:e3be97a9-3d3a-4f1a-9aac-bb0a1b054e74
2019-10-20 04:42:44,767 [grpc-default-executor-4] INFO  impl.RaftServerImpl (RaftServerImpl.java:setRole(184)) - 57114e09-3b7f-4b4a-a342-090fe34f336a@group-045AAD0D4D73: changes role from  FOLLOWER to FOLLOWER at term 15 for recognizeCandidate:e3be97a9-3d3a-4f1a-9aac-bb0a1b054e74
2019-10-20 04:42:44,767 [grpc-default-executor-4] INFO  impl.RoleInfo (RoleInfo.java:shutdownFollowerState(121)) - 57114e09-3b7f-4b4a-a342-090fe34f336a: shutdown FollowerState
2019-10-20 04:42:44,767 [grpc-default-executor-1] INFO  impl.RoleInfo (RoleInfo.java:shutdownFollowerState(121)) - 8f4dcc74-0612-4035-9040-5f73cd792029: shutdown FollowerState
2019-10-20 04:42:44,767 [grpc-default-executor-4] INFO  impl.RoleInfo (RoleInfo.java:updateAndGet(143)) - 57114e09-3b7f-4b4a-a342-090fe34f336a: start FollowerState
2019-10-20 04:42:44,767 [Thread-643] INFO  impl.FollowerState (FollowerState.java:run(117)) - 57114e09-3b7f-4b4a-a342-090fe34f336a@group-045AAD0D4D73-FollowerState was interrupted: java.lang.InterruptedException: sleep interrupted
2019-10-20 04:42:44,767 [grpc-default-executor-1] INFO  impl.RoleInfo (RoleInfo.java:updateAndGet(143)) - 8f4dcc74-0612-4035-9040-5f73cd792029: start FollowerState
2019-10-20 04:42:44,767 [Thread-644] INFO  impl.FollowerState (FollowerState.java:run(117)) - 8f4dcc74-0612-4035-9040-5f73cd792029@group-045AAD0D4D73-FollowerState was interrupted: java.lang.InterruptedException: sleep interrupted
2019-10-20 04:42:44,805 [e3be97a9-3d3a-4f1a-9aac-bb0a1b054e74@group-045AAD0D4D73-LeaderElection19] INFO  impl.LeaderElection (LeaderElection.java:logAndReturn(56)) - e3be97a9-3d3a-4f1a-9aac-bb0a1b054e74@group-045AAD0D4D73-LeaderElection19: Election REJECTED; received 2 response(s) [e3be97a9-3d3a-4f1a-9aac-bb0a1b054e74<-57114e09-3b7f-4b4a-a342-090fe34f336a#0:FAIL-t15, e3be97a9-3d3a-4f1a-9aac-bb0a1b054e74<-8f4dcc74-0612-4035-9040-5f73cd792029#0:FAIL-t15] and 0 exception(s); e3be97a9-3d3a-4f1a-9aac-bb0a1b054e74@group-045AAD0D4D73:t15, leader=null, voted=e3be97a9-3d3a-4f1a-9aac-bb0a1b054e74, raftlog=e3be97a9-3d3a-4f1a-9aac-bb0a1b054e74@group-045AAD0D4D73-SegmentedRaftLog:OPENED:c3,f4,i4, conf=0: [57114e09-3b7f-4b4a-a342-090fe34f336a:192.168.164.239:45374, e3be97a9-3d3a-4f1a-9aac-bb0a1b054e74:192.168.164.239:42267, 8f4dcc74-0612-4035-9040-5f73cd792029:192.168.164.239:37614], old=null
2019-10-20 04:42:44,805 [e3be97a9-3d3a-4f1a-9aac-bb0a1b054e74@group-045AAD0D4D73-LeaderElection19] INFO  impl.RaftServerImpl (RaftServerImpl.java:setRole(184)) - e3be97a9-3d3a-4f1a-9aac-bb0a1b054e74@group-045AAD0D4D73: changes role from CANDIDATE to FOLLOWER at term 15 for DISCOVERED_A_NEW_TERM
2019-10-20 04:42:44,805 [e3be97a9-3d3a-4f1a-9aac-bb0a1b054e74@group-045AAD0D4D73-LeaderElection19] INFO  impl.RoleInfo (RoleInfo.java:shutdownLeaderElection(134)) - e3be97a9-3d3a-4f1a-9aac-bb0a1b054e74: shutdown LeaderElection
2019-10-20 04:42:44,805 [e3be97a9-3d3a-4f1a-9aac-bb0a1b054e74@group-045AAD0D4D73-LeaderElection19] INFO  impl.RoleInfo (RoleInfo.java:updateAndGet(143)) - e3be97a9-3d3a-4f1a-9aac-bb0a1b054e74: start FollowerState
2019-10-20 04:42:44,967 [EventQueue-PendingDeleteStatusForPendingDeleteHandler] INFO  block.SCMBlockDeletingService (SCMBlockDeletingService.java:handlePendingDeletes(115)) - Block deletion txnID mismatch in datanode e3be97a9-3d3a-4f1a-9aac-bb0a1b054e74 for containerID 1. Datanode delete txnID: 0, SCM txnID: 1
2019-10-20 04:42:44,970 [Thread-651] INFO  impl.FollowerState (FollowerState.java:run(108)) - e3be97a9-3d3a-4f1a-9aac-bb0a1b054e74@group-045AAD0D4D73-FollowerState: change to CANDIDATE, lastRpcTime:164ms, electionTimeout:164ms
2019-10-20 04:42:44,970 [Thread-651] INFO  impl.RoleInfo (RoleInfo.java:shutdownFollowerState(121)) - e3be97a9-3d3a-4f1a-9aac-bb0a1b054e74: shutdown FollowerState
2019-10-20 04:42:44,970 [Thread-651] INFO  impl.RaftServerImpl (RaftServerImpl.java:setRole(184)) - e3be97a9-3d3a-4f1a-9aac-bb0a1b054e74@group-045AAD0D4D73: changes role from  FOLLOWER to CANDIDATE at term 15 for changeToCandidate
2019-10-20 04:42:44,970 [Thread-651] INFO  impl.RoleInfo (RoleInfo.java:updateAndGet(143)) - e3be97a9-3d3a-4f1a-9aac-bb0a1b054e74: start LeaderElection
2019-10-20 04:42:44,996 [e3be97a9-3d3a-4f1a-9aac-bb0a1b054e74@group-045AAD0D4D73-LeaderElection20] INFO  impl.LeaderElection (LeaderElection.java:askForVotes(178)) - e3be97a9-3d3a-4f1a-9aac-bb0a1b054e74@group-045AAD0D4D73-LeaderElection20: begin an election at term 16 for 0: [57114e09-3b7f-4b4a-a342-090fe34f336a:192.168.164.239:45374, e3be97a9-3d3a-4f1a-9aac-bb0a1b054e74:192.168.164.239:42267, 8f4dcc74-0612-4035-9040-5f73cd792029:192.168.164.239:37614], old=null
2019-10-20 04:42:45,001 [grpc-default-executor-1] INFO  impl.RaftServerImpl (RaftServerImpl.java:setRole(184)) - 8f4dcc74-0612-4035-9040-5f73cd792029@group-045AAD0D4D73: changes role from  FOLLOWER to FOLLOWER at term 16 for recognizeCandidate:e3be97a9-3d3a-4f1a-9aac-bb0a1b054e74
2019-10-20 04:42:45,001 [grpc-default-executor-4] INFO  impl.RaftServerImpl (RaftServerImpl.java:setRole(184)) - 57114e09-3b7f-4b4a-a342-090fe34f336a@group-045AAD0D4D73: changes role from  FOLLOWER to FOLLOWER at term 16 for recognizeCandidate:e3be97a9-3d3a-4f1a-9aac-bb0a1b054e74
2019-10-20 04:42:45,001 [grpc-default-executor-1] INFO  impl.RoleInfo (RoleInfo.java:shutdownFollowerState(121)) - 8f4dcc74-0612-4035-9040-5f73cd792029: shutdown FollowerState
2019-10-20 04:42:45,001 [grpc-default-executor-4] INFO  impl.RoleInfo (RoleInfo.java:shutdownFollowerState(121)) - 57114e09-3b7f-4b4a-a342-090fe34f336a: shutdown FollowerState
2019-10-20 04:42:45,002 [grpc-default-executor-1] INFO  impl.RoleInfo (RoleInfo.java:updateAndGet(143)) - 8f4dcc74-0612-4035-9040-5f73cd792029: start FollowerState
2019-10-20 04:42:45,002 [Thread-650] INFO  impl.FollowerState (FollowerState.java:run(117)) - 8f4dcc74-0612-4035-9040-5f73cd792029@group-045AAD0D4D73-FollowerState was interrupted: java.lang.InterruptedException: sleep interrupted
2019-10-20 04:42:45,002 [Thread-649] INFO  impl.FollowerState (FollowerState.java:run(117)) - 57114e09-3b7f-4b4a-a342-090fe34f336a@group-045AAD0D4D73-FollowerState was interrupted: java.lang.InterruptedException: sleep interrupted
2019-10-20 04:42:45,002 [grpc-default-executor-4] INFO  impl.RoleInfo (RoleInfo.java:updateAndGet(143)) - 57114e09-3b7f-4b4a-a342-090fe34f336a: start FollowerState
2019-10-20 04:42:45,031 [e3be97a9-3d3a-4f1a-9aac-bb0a1b054e74@group-045AAD0D4D73-LeaderElection20] INFO  impl.LeaderElection (LeaderElection.java:logAndReturn(56)) - e3be97a9-3d3a-4f1a-9aac-bb0a1b054e74@group-045AAD0D4D73-LeaderElection20: Election REJECTED; received 2 response(s) [e3be97a9-3d3a-4f1a-9aac-bb0a1b054e74<-57114e09-3b7f-4b4a-a342-090fe34f336a#0:FAIL-t16, e3be97a9-3d3a-4f1a-9aac-bb0a1b054e74<-8f4dcc74-0612-4035-9040-5f73cd792029#0:FAIL-t16] and 0 exception(s); e3be97a9-3d3a-4f1a-9aac-bb0a1b054e74@group-045AAD0D4D73:t16, leader=null, voted=e3be97a9-3d3a-4f1a-9aac-bb0a1b054e74, raftlog=e3be97a9-3d3a-4f1a-9aac-bb0a1b054e74@group-045AAD0D4D73-SegmentedRaftLog:OPENED:c3,f4,i4, conf=0: [57114e09-3b7f-4b4a-a342-090fe34f336a:192.168.164.239:45374, e3be97a9-3d3a-4f1a-9aac-bb0a1b054e74:192.168.164.239:42267, 8f4dcc74-0612-4035-9040-5f73cd792029:192.168.164.239:37614], old=null
2019-10-20 04:42:45,031 [e3be97a9-3d3a-4f1a-9aac-bb0a1b054e74@group-045AAD0D4D73-LeaderElection20] INFO  impl.RaftServerImpl (RaftServerImpl.java:setRole(184)) - e3be97a9-3d3a-4f1a-9aac-bb0a1b054e74@group-045AAD0D4D73: changes role from CANDIDATE to FOLLOWER at term 16 for DISCOVERED_A_NEW_TERM
2019-10-20 04:42:45,031 [e3be97a9-3d3a-4f1a-9aac-bb0a1b054e74@group-045AAD0D4D73-LeaderElection20] INFO  impl.RoleInfo (RoleInfo.java:shutdownLeaderElection(134)) - e3be97a9-3d3a-4f1a-9aac-bb0a1b054e74: shutdown LeaderElection
2019-10-20 04:42:45,031 [e3be97a9-3d3a-4f1a-9aac-bb0a1b054e74@group-045AAD0D4D73-LeaderElection20] INFO  impl.RoleInfo (RoleInfo.java:updateAndGet(143)) - e3be97a9-3d3a-4f1a-9aac-bb0a1b054e74: start FollowerState
2019-10-20 04:42:45,093 [Thread-658] INFO  impl.FollowerState (FollowerState.java:run(108)) - e3be97a9-3d3a-4f1a-9aac-bb0a1b054e74@group-045AAD0D4D73-FollowerState: change to CANDIDATE, lastRpcTime:61ms, electionTimeout:61ms
2019-10-20 04:42:45,095 [Thread-658] INFO  impl.RoleInfo (RoleInfo.java:shutdownFollowerState(121)) - e3be97a9-3d3a-4f1a-9aac-bb0a1b054e74: shutdown FollowerState
2019-10-20 04:42:45,095 [Thread-658] INFO  impl.RaftServerImpl (RaftServerImpl.java:setRole(184)) - e3be97a9-3d3a-4f1a-9aac-bb0a1b054e74@group-045AAD0D4D73: changes role from  FOLLOWER to CANDIDATE at term 16 for changeToCandidate
2019-10-20 04:42:45,095 [Thread-658] INFO  impl.RoleInfo (RoleInfo.java:updateAndGet(143)) - e3be97a9-3d3a-4f1a-9aac-bb0a1b054e74: start LeaderElection
2019-10-20 04:42:45,121 [e3be97a9-3d3a-4f1a-9aac-bb0a1b054e74@group-045AAD0D4D73-LeaderElection21] INFO  impl.LeaderElection (LeaderElection.java:askForVotes(178)) - e3be97a9-3d3a-4f1a-9aac-bb0a1b054e74@group-045AAD0D4D73-LeaderElection21: begin an election at term 17 for 0: [57114e09-3b7f-4b4a-a342-090fe34f336a:192.168.164.239:45374, e3be97a9-3d3a-4f1a-9aac-bb0a1b054e74:192.168.164.239:42267, 8f4dcc74-0612-4035-9040-5f73cd792029:192.168.164.239:37614], old=null
2019-10-20 04:42:45,126 [grpc-default-executor-1] INFO  impl.RaftServerImpl (RaftServerImpl.java:setRole(184)) - 57114e09-3b7f-4b4a-a342-090fe34f336a@group-045AAD0D4D73: changes role from  FOLLOWER to FOLLOWER at term 17 for recognizeCandidate:e3be97a9-3d3a-4f1a-9aac-bb0a1b054e74
2019-10-20 04:42:45,126 [grpc-default-executor-4] INFO  impl.RaftServerImpl (RaftServerImpl.java:setRole(184)) - 8f4dcc74-0612-4035-9040-5f73cd792029@group-045AAD0D4D73: changes role from  FOLLOWER to FOLLOWER at term 17 for recognizeCandidate:e3be97a9-3d3a-4f1a-9aac-bb0a1b054e74
2019-10-20 04:42:45,126 [grpc-default-executor-1] INFO  impl.RoleInfo (RoleInfo.java:shutdownFollowerState(121)) - 57114e09-3b7f-4b4a-a342-090fe34f336a: shutdown FollowerState
2019-10-20 04:42:45,127 [grpc-default-executor-4] INFO  impl.RoleInfo (RoleInfo.java:shutdownFollowerState(121)) - 8f4dcc74-0612-4035-9040-5f73cd792029: shutdown FollowerState
2019-10-20 04:42:45,127 [grpc-default-executor-1] INFO  impl.RoleInfo (RoleInfo.java:updateAndGet(143)) - 57114e09-3b7f-4b4a-a342-090fe34f336a: start FollowerState
2019-10-20 04:42:45,127 [Thread-657] INFO  impl.FollowerState (FollowerState.java:run(117)) - 57114e09-3b7f-4b4a-a342-090fe34f336a@group-045AAD0D4D73-FollowerState was interrupted: java.lang.InterruptedException: sleep interrupted
2019-10-20 04:42:45,127 [Thread-656] INFO  impl.FollowerState (FollowerState.java:run(117)) - 8f4dcc74-0612-4035-9040-5f73cd792029@group-045AAD0D4D73-FollowerState was interrupted: java.lang.InterruptedException: sleep interrupted
2019-10-20 04:42:45,127 [grpc-default-executor-4] INFO  impl.RoleInfo (RoleInfo.java:updateAndGet(143)) - 8f4dcc74-0612-4035-9040-5f73cd792029: start FollowerState
2019-10-20 04:42:45,136 [e3be97a9-3d3a-4f1a-9aac-bb0a1b054e74@group-045AAD0D4D73-LeaderElection21] INFO  impl.LeaderElection (LeaderElection.java:logAndReturn(56)) - e3be97a9-3d3a-4f1a-9aac-bb0a1b054e74@group-045AAD0D4D73-LeaderElection21: Election TIMEOUT; received 0 response(s) [] and 0 exception(s); e3be97a9-3d3a-4f1a-9aac-bb0a1b054e74@group-045AAD0D4D73:t17, leader=null, voted=e3be97a9-3d3a-4f1a-9aac-bb0a1b054e74, raftlog=e3be97a9-3d3a-4f1a-9aac-bb0a1b054e74@group-045AAD0D4D73-SegmentedRaftLog:OPENED:c3,f4,i4, conf=0: [57114e09-3b7f-4b4a-a342-090fe34f336a:192.168.164.239:45374, e3be97a9-3d3a-4f1a-9aac-bb0a1b054e74:192.168.164.239:42267, 8f4dcc74-0612-4035-9040-5f73cd792029:192.168.164.239:37614], old=null
2019-10-20 04:42:45,155 [e3be97a9-3d3a-4f1a-9aac-bb0a1b054e74@group-045AAD0D4D73-LeaderElection21] INFO  impl.LeaderElection (LeaderElection.java:askForVotes(178)) - e3be97a9-3d3a-4f1a-9aac-bb0a1b054e74@group-045AAD0D4D73-LeaderElection21: begin an election at term 18 for 0: [57114e09-3b7f-4b4a-a342-090fe34f336a:192.168.164.239:45374, e3be97a9-3d3a-4f1a-9aac-bb0a1b054e74:192.168.164.239:42267, 8f4dcc74-0612-4035-9040-5f73cd792029:192.168.164.239:37614], old=null
2019-10-20 04:42:45,160 [grpc-default-executor-1] INFO  impl.RaftServerImpl (RaftServerImpl.java:setRole(184)) - 57114e09-3b7f-4b4a-a342-090fe34f336a@group-045AAD0D4D73: changes role from  FOLLOWER to FOLLOWER at term 18 for recognizeCandidate:e3be97a9-3d3a-4f1a-9aac-bb0a1b054e74
2019-10-20 04:42:45,161 [grpc-default-executor-4] INFO  impl.RaftServerImpl (RaftServerImpl.java:setRole(184)) - 8f4dcc74-0612-4035-9040-5f73cd792029@group-045AAD0D4D73: changes role from  FOLLOWER to FOLLOWER at term 18 for recognizeCandidate:e3be97a9-3d3a-4f1a-9aac-bb0a1b054e74
2019-10-20 04:42:45,161 [grpc-default-executor-1] INFO  impl.RoleInfo (RoleInfo.java:shutdownFollowerState(121)) - 57114e09-3b7f-4b4a-a342-090fe34f336a: shutdown FollowerState
2019-10-20 04:42:45,161 [grpc-default-executor-4] INFO  impl.RoleInfo (RoleInfo.java:shutdownFollowerState(121)) - 8f4dcc74-0612-4035-9040-5f73cd792029: shutdown FollowerState
2019-10-20 04:42:45,162 [Thread-662] INFO  impl.FollowerState (FollowerState.java:run(117)) - 57114e09-3b7f-4b4a-a342-090fe34f336a@group-045AAD0D4D73-FollowerState was interrupted: java.lang.InterruptedException: sleep interrupted
2019-10-20 04:42:45,162 [grpc-default-executor-1] INFO  impl.RoleInfo (RoleInfo.java:updateAndGet(143)) - 57114e09-3b7f-4b4a-a342-090fe34f336a: start FollowerState
2019-10-20 04:42:45,162 [Thread-663] INFO  impl.FollowerState (FollowerState.java:run(117)) - 8f4dcc74-0612-4035-9040-5f73cd792029@group-045AAD0D4D73-FollowerState was interrupted: java.lang.InterruptedException: sleep interrupted
2019-10-20 04:42:45,162 [grpc-default-executor-4] INFO  impl.RoleInfo (RoleInfo.java:updateAndGet(143)) - 8f4dcc74-0612-4035-9040-5f73cd792029: start FollowerState
2019-10-20 04:42:45,193 [e3be97a9-3d3a-4f1a-9aac-bb0a1b054e74@group-045AAD0D4D73-LeaderElection21] INFO  impl.LeaderElection (LeaderElection.java:logAndReturn(56)) - e3be97a9-3d3a-4f1a-9aac-bb0a1b054e74@group-045AAD0D4D73-LeaderElection21: Election REJECTED; received 2 response(s) [e3be97a9-3d3a-4f1a-9aac-bb0a1b054e74<-57114e09-3b7f-4b4a-a342-090fe34f336a#0:FAIL-t18, e3be97a9-3d3a-4f1a-9aac-bb0a1b054e74<-8f4dcc74-0612-4035-9040-5f73cd792029#0:FAIL-t18] and 0 exception(s); e3be97a9-3d3a-4f1a-9aac-bb0a1b054e74@group-045AAD0D4D73:t18, leader=null, voted=e3be97a9-3d3a-4f1a-9aac-bb0a1b054e74, raftlog=e3be97a9-3d3a-4f1a-9aac-bb0a1b054e74@group-045AAD0D4D73-SegmentedRaftLog:OPENED:c3,f4,i4, conf=0: [57114e09-3b7f-4b4a-a342-090fe34f336a:192.168.164.239:45374, e3be97a9-3d3a-4f1a-9aac-bb0a1b054e74:192.168.164.239:42267, 8f4dcc74-0612-4035-9040-5f73cd792029:192.168.164.239:37614], old=null
2019-10-20 04:42:45,193 [e3be97a9-3d3a-4f1a-9aac-bb0a1b054e74@group-045AAD0D4D73-LeaderElection21] INFO  impl.RaftServerImpl (RaftServerImpl.java:setRole(184)) - e3be97a9-3d3a-4f1a-9aac-bb0a1b054e74@group-045AAD0D4D73: changes role from CANDIDATE to FOLLOWER at term 18 for DISCOVERED_A_NEW_TERM
2019-10-20 04:42:45,193 [e3be97a9-3d3a-4f1a-9aac-bb0a1b054e74@group-045AAD0D4D73-LeaderElection21] INFO  impl.RoleInfo (RoleInfo.java:shutdownLeaderElection(134)) - e3be97a9-3d3a-4f1a-9aac-bb0a1b054e74: shutdown LeaderElection
2019-10-20 04:42:45,194 [e3be97a9-3d3a-4f1a-9aac-bb0a1b054e74@group-045AAD0D4D73-LeaderElection21] INFO  impl.RoleInfo (RoleInfo.java:updateAndGet(143)) - e3be97a9-3d3a-4f1a-9aac-bb0a1b054e74: start FollowerState
2019-10-20 04:42:45,195 [Thread-670] INFO  client.GrpcClientProtocolService (GrpcClientProtocolService.java:lambda$processClientRequest$0(278)) - Failed RaftClientRequest:client-A2F9089F7F1F->e3be97a9-3d3a-4f1a-9aac-bb0a1b054e74@group-045AAD0D4D73, cid=10, seq=0, Watch-ALL_COMMITTED(6), Message:<EMPTY>, reply=RaftClientReply:client-A2F9089F7F1F->e3be97a9-3d3a-4f1a-9aac-bb0a1b054e74@group-045AAD0D4D73, cid=10, FAILED org.apache.ratis.protocol.NotLeaderException: Server e3be97a9-3d3a-4f1a-9aac-bb0a1b054e74@group-045AAD0D4D73 is not the leader, logIndex=0, commits[e3be97a9-3d3a-4f1a-9aac-bb0a1b054e74:c3]
2019-10-20 04:42:45,246 [Thread-669] INFO  impl.FollowerState (FollowerState.java:run(108)) - e3be97a9-3d3a-4f1a-9aac-bb0a1b054e74@group-045AAD0D4D73-FollowerState: change to CANDIDATE, lastRpcTime:52ms, electionTimeout:51ms
2019-10-20 04:42:45,246 [Thread-669] INFO  impl.RoleInfo (RoleInfo.java:shutdownFollowerState(121)) - e3be97a9-3d3a-4f1a-9aac-bb0a1b054e74: shutdown FollowerState
2019-10-20 04:42:45,246 [Thread-669] INFO  impl.RaftServerImpl (RaftServerImpl.java:setRole(184)) - e3be97a9-3d3a-4f1a-9aac-bb0a1b054e74@group-045AAD0D4D73: changes role from  FOLLOWER to CANDIDATE at term 18 for changeToCandidate
2019-10-20 04:42:45,247 [Thread-669] INFO  impl.RoleInfo (RoleInfo.java:updateAndGet(143)) - e3be97a9-3d3a-4f1a-9aac-bb0a1b054e74: start LeaderElection
2019-10-20 04:42:45,265 [BlockDeletingService#2] WARN  background.BlockDeletingService (BlockDeletingService.java:isDeletionAllowed(187)) - Close Container log Index 6 is not replicated across allthe servers in the pipeline 34dfe2c8-23b7-47ff-8954-045aad0d4d73 as the min replicated index is 4. Deletion is not allowed in this container yet.
2019-10-20 04:42:45,265 [BlockDeletingService#2] WARN  background.BlockDeletingService (BlockDeletingService.java:isDeletionAllowed(187)) - Close Container log Index 6 is not replicated across allthe servers in the pipeline 34dfe2c8-23b7-47ff-8954-045aad0d4d73 as the min replicated index is 4. Deletion is not allowed in this container yet.
2019-10-20 04:42:45,272 [e3be97a9-3d3a-4f1a-9aac-bb0a1b054e74@group-045AAD0D4D73-LeaderElection22] INFO  impl.LeaderElection (LeaderElection.java:askForVotes(178)) - e3be97a9-3d3a-4f1a-9aac-bb0a1b054e74@group-045AAD0D4D73-LeaderElection22: begin an election at term 19 for 0: [57114e09-3b7f-4b4a-a342-090fe34f336a:192.168.164.239:45374, e3be97a9-3d3a-4f1a-9aac-bb0a1b054e74:192.168.164.239:42267, 8f4dcc74-0612-4035-9040-5f73cd792029:192.168.164.239:37614], old=null
2019-10-20 04:42:45,280 [grpc-default-executor-1] INFO  impl.RaftServerImpl (RaftServerImpl.java:setRole(184)) - 8f4dcc74-0612-4035-9040-5f73cd792029@group-045AAD0D4D73: changes role from  FOLLOWER to FOLLOWER at term 19 for recognizeCandidate:e3be97a9-3d3a-4f1a-9aac-bb0a1b054e74
2019-10-20 04:42:45,280 [grpc-default-executor-4] INFO  impl.RaftServerImpl (RaftServerImpl.java:setRole(184)) - 57114e09-3b7f-4b4a-a342-090fe34f336a@group-045AAD0D4D73: changes role from  FOLLOWER to FOLLOWER at term 19 for recognizeCandidate:e3be97a9-3d3a-4f1a-9aac-bb0a1b054e74
2019-10-20 04:42:45,280 [grpc-default-executor-1] INFO  impl.RoleInfo (RoleInfo.java:shutdownFollowerState(121)) - 8f4dcc74-0612-4035-9040-5f73cd792029: shutdown FollowerState
2019-10-20 04:42:45,280 [grpc-default-executor-4] INFO  impl.RoleInfo (RoleInfo.java:shutdownFollowerState(121)) - 57114e09-3b7f-4b4a-a342-090fe34f336a: shutdown FollowerState
2019-10-20 04:42:45,280 [Thread-667] INFO  impl.FollowerState (FollowerState.java:run(117)) - 8f4dcc74-0612-4035-9040-5f73cd792029@group-045AAD0D4D73-FollowerState was interrupted: java.lang.InterruptedException: sleep interrupted
2019-10-20 04:42:45,280 [grpc-default-executor-1] INFO  impl.RoleInfo (RoleInfo.java:updateAndGet(143)) - 8f4dcc74-0612-4035-9040-5f73cd792029: start FollowerState
2019-10-20 04:42:45,280 [Thread-666] INFO  impl.FollowerState (FollowerState.java:run(117)) - 57114e09-3b7f-4b4a-a342-090fe34f336a@group-045AAD0D4D73-FollowerState was interrupted: java.lang.InterruptedException: sleep interrupted
2019-10-20 04:42:45,280 [grpc-default-executor-4] INFO  impl.RoleInfo (RoleInfo.java:updateAndGet(143)) - 57114e09-3b7f-4b4a-a342-090fe34f336a: start FollowerState
2019-10-20 04:42:45,285 [e3be97a9-3d3a-4f1a-9aac-bb0a1b054e74@group-045AAD0D4D73-LeaderElection22] INFO  impl.LeaderElection (LeaderElection.java:logAndReturn(56)) - e3be97a9-3d3a-4f1a-9aac-bb0a1b054e74@group-045AAD0D4D73-LeaderElection22: Election TIMEOUT; received 0 response(s) [] and 0 exception(s); e3be97a9-3d3a-4f1a-9aac-bb0a1b054e74@group-045AAD0D4D73:t19, leader=null, voted=e3be97a9-3d3a-4f1a-9aac-bb0a1b054e74, raftlog=e3be97a9-3d3a-4f1a-9aac-bb0a1b054e74@group-045AAD0D4D73-SegmentedRaftLog:OPENED:c3,f4,i4, conf=0: [57114e09-3b7f-4b4a-a342-090fe34f336a:192.168.164.239:45374, e3be97a9-3d3a-4f1a-9aac-bb0a1b054e74:192.168.164.239:42267, 8f4dcc74-0612-4035-9040-5f73cd792029:192.168.164.239:37614], old=null
2019-10-20 04:42:45,307 [e3be97a9-3d3a-4f1a-9aac-bb0a1b054e74@group-045AAD0D4D73-LeaderElection22] INFO  impl.LeaderElection (LeaderElection.java:askForVotes(178)) - e3be97a9-3d3a-4f1a-9aac-bb0a1b054e74@group-045AAD0D4D73-LeaderElection22: begin an election at term 20 for 0: [57114e09-3b7f-4b4a-a342-090fe34f336a:192.168.164.239:45374, e3be97a9-3d3a-4f1a-9aac-bb0a1b054e74:192.168.164.239:42267, 8f4dcc74-0612-4035-9040-5f73cd792029:192.168.164.239:37614], old=null
2019-10-20 04:42:45,310 [grpc-default-executor-4] INFO  impl.RaftServerImpl (RaftServerImpl.java:setRole(184)) - 8f4dcc74-0612-4035-9040-5f73cd792029@group-045AAD0D4D73: changes role from  FOLLOWER to FOLLOWER at term 20 for recognizeCandidate:e3be97a9-3d3a-4f1a-9aac-bb0a1b054e74
2019-10-20 04:42:45,311 [grpc-default-executor-1] INFO  impl.RaftServerImpl (RaftServerImpl.java:setRole(184)) - 57114e09-3b7f-4b4a-a342-090fe34f336a@group-045AAD0D4D73: changes role from  FOLLOWER to FOLLOWER at term 20 for recognizeCandidate:e3be97a9-3d3a-4f1a-9aac-bb0a1b054e74
2019-10-20 04:42:45,311 [grpc-default-executor-4] INFO  impl.RoleInfo (RoleInfo.java:shutdownFollowerState(121)) - 8f4dcc74-0612-4035-9040-5f73cd792029: shutdown FollowerState
2019-10-20 04:42:45,311 [grpc-default-executor-1] INFO  impl.RoleInfo (RoleInfo.java:shutdownFollowerState(121)) - 57114e09-3b7f-4b4a-a342-090fe34f336a: shutdown FollowerState
2019-10-20 04:42:45,311 [grpc-default-executor-4] INFO  impl.RoleInfo (RoleInfo.java:updateAndGet(143)) - 8f4dcc74-0612-4035-9040-5f73cd792029: start FollowerState
2019-10-20 04:42:45,312 [Thread-678] INFO  impl.FollowerState (FollowerState.java:run(117)) - 57114e09-3b7f-4b4a-a342-090fe34f336a@group-045AAD0D4D73-FollowerState was interrupted: java.lang.InterruptedException: sleep interrupted
2019-10-20 04:42:45,312 [grpc-default-executor-1] INFO  impl.RoleInfo (RoleInfo.java:updateAndGet(143)) - 57114e09-3b7f-4b4a-a342-090fe34f336a: start FollowerState
2019-10-20 04:42:45,311 [Thread-677] INFO  impl.FollowerState (FollowerState.java:run(117)) - 8f4dcc74-0612-4035-9040-5f73cd792029@group-045AAD0D4D73-FollowerState was interrupted: java.lang.InterruptedException: sleep interrupted
2019-10-20 04:42:45,323 [pool-7-thread-4] INFO  commands.RetriableDatanodeEventWatcher (RetriableDatanodeEventWatcher.java:onTimeout(47)) - RetriableDatanodeCommand type=deleteBlocksCommand with id=1571546560320 timed out. Retrying.
2019-10-20 04:42:45,323 [pool-7-thread-5] INFO  commands.RetriableDatanodeEventWatcher (RetriableDatanodeEventWatcher.java:onTimeout(47)) - RetriableDatanodeCommand type=deleteBlocksCommand with id=1571546560317 timed out. Retrying.
2019-10-20 04:42:45,324 [pool-7-thread-3] INFO  commands.RetriableDatanodeEventWatcher (RetriableDatanodeEventWatcher.java:onTimeout(47)) - RetriableDatanodeCommand type=deleteBlocksCommand with id=1571546560323 timed out. Retrying.
2019-10-20 04:42:45,324 [SCMBlockDeletingService#0] INFO  block.SCMBlockDeletingService (SCMBlockDeletingService.java:call(184)) - Totally added 1 delete blocks command for 1 datanodes, task elapsed time: 0ms
2019-10-20 04:42:45,324 [pool-7-thread-2] INFO  commands.RetriableDatanodeEventWatcher (RetriableDatanodeEventWatcher.java:onTimeout(47)) - RetriableDatanodeCommand type=deleteBlocksCommand with id=1571546560322 timed out. Retrying.
2019-10-20 04:42:45,324 [pool-7-thread-1] INFO  commands.RetriableDatanodeEventWatcher (RetriableDatanodeEventWatcher.java:onTimeout(47)) - RetriableDatanodeCommand type=deleteBlocksCommand with id=1571546560321 timed out. Retrying.
2019-10-20 04:42:45,334 [e3be97a9-3d3a-4f1a-9aac-bb0a1b054e74@group-045AAD0D4D73-LeaderElection22] INFO  impl.LeaderElection (LeaderElection.java:logAndReturn(56)) - e3be97a9-3d3a-4f1a-9aac-bb0a1b054e74@group-045AAD0D4D73-LeaderElection22: Election REJECTED; received 2 response(s) [e3be97a9-3d3a-4f1a-9aac-bb0a1b054e74<-57114e09-3b7f-4b4a-a342-090fe34f336a#0:FAIL-t20, e3be97a9-3d3a-4f1a-9aac-bb0a1b054e74<-8f4dcc74-0612-4035-9040-5f73cd792029#0:FAIL-t20] and 0 exception(s); e3be97a9-3d3a-4f1a-9aac-bb0a1b054e74@group-045AAD0D4D73:t20, leader=null, voted=e3be97a9-3d3a-4f1a-9aac-bb0a1b054e74, raftlog=e3be97a9-3d3a-4f1a-9aac-bb0a1b054e74@group-045AAD0D4D73-SegmentedRaftLog:OPENED:c3,f4,i4, conf=0: [57114e09-3b7f-4b4a-a342-090fe34f336a:192.168.164.239:45374, e3be97a9-3d3a-4f1a-9aac-bb0a1b054e74:192.168.164.239:42267, 8f4dcc74-0612-4035-9040-5f73cd792029:192.168.164.239:37614], old=null
2019-10-20 04:42:45,334 [e3be97a9-3d3a-4f1a-9aac-bb0a1b054e74@group-045AAD0D4D73-LeaderElection22] INFO  impl.RaftServerImpl (RaftServerImpl.java:setRole(184)) - e3be97a9-3d3a-4f1a-9aac-bb0a1b054e74@group-045AAD0D4D73: changes role from CANDIDATE to FOLLOWER at term 20 for DISCOVERED_A_NEW_TERM
2019-10-20 04:42:45,334 [e3be97a9-3d3a-4f1a-9aac-bb0a1b054e74@group-045AAD0D4D73-LeaderElection22] INFO  impl.RoleInfo (RoleInfo.java:shutdownLeaderElection(134)) - e3be97a9-3d3a-4f1a-9aac-bb0a1b054e74: shutdown LeaderElection
2019-10-20 04:42:45,335 [e3be97a9-3d3a-4f1a-9aac-bb0a1b054e74@group-045AAD0D4D73-LeaderElection22] INFO  impl.RoleInfo (RoleInfo.java:updateAndGet(143)) - e3be97a9-3d3a-4f1a-9aac-bb0a1b054e74: start FollowerState
2019-10-20 04:42:45,412 [Thread-683] INFO  impl.FollowerState (FollowerState.java:run(108)) - e3be97a9-3d3a-4f1a-9aac-bb0a1b054e74@group-045AAD0D4D73-FollowerState: change to CANDIDATE, lastRpcTime:77ms, electionTimeout:77ms
2019-10-20 04:42:45,414 [Thread-683] INFO  impl.RoleInfo (RoleInfo.java:shutdownFollowerState(121)) - e3be97a9-3d3a-4f1a-9aac-bb0a1b054e74: shutdown FollowerState
2019-10-20 04:42:45,414 [Thread-683] INFO  impl.RaftServerImpl (RaftServerImpl.java:setRole(184)) - e3be97a9-3d3a-4f1a-9aac-bb0a1b054e74@group-045AAD0D4D73: changes role from  FOLLOWER to CANDIDATE at term 20 for changeToCandidate
2019-10-20 04:42:45,414 [Thread-683] INFO  impl.RoleInfo (RoleInfo.java:updateAndGet(143)) - e3be97a9-3d3a-4f1a-9aac-bb0a1b054e74: start LeaderElection
2019-10-20 04:42:45,441 [e3be97a9-3d3a-4f1a-9aac-bb0a1b054e74@group-045AAD0D4D73-LeaderElection23] INFO  impl.LeaderElection (LeaderElection.java:askForVotes(178)) - e3be97a9-3d3a-4f1a-9aac-bb0a1b054e74@group-045AAD0D4D73-LeaderElection23: begin an election at term 21 for 0: [57114e09-3b7f-4b4a-a342-090fe34f336a:192.168.164.239:45374, e3be97a9-3d3a-4f1a-9aac-bb0a1b054e74:192.168.164.239:42267, 8f4dcc74-0612-4035-9040-5f73cd792029:192.168.164.239:37614], old=null
2019-10-20 04:42:45,445 [grpc-default-executor-1] INFO  impl.RaftServerImpl (RaftServerImpl.java:setRole(184)) - 57114e09-3b7f-4b4a-a342-090fe34f336a@group-045AAD0D4D73: changes role from  FOLLOWER to FOLLOWER at term 21 for recognizeCandidate:e3be97a9-3d3a-4f1a-9aac-bb0a1b054e74
2019-10-20 04:42:45,445 [grpc-default-executor-4] INFO  impl.RaftServerImpl (RaftServerImpl.java:setRole(184)) - 8f4dcc74-0612-4035-9040-5f73cd792029@group-045AAD0D4D73: changes role from  FOLLOWER to FOLLOWER at term 21 for recognizeCandidate:e3be97a9-3d3a-4f1a-9aac-bb0a1b054e74
2019-10-20 04:42:45,445 [grpc-default-executor-4] INFO  impl.RoleInfo (RoleInfo.java:shutdownFollowerState(121)) - 8f4dcc74-0612-4035-9040-5f73cd792029: shutdown FollowerState
2019-10-20 04:42:45,445 [grpc-default-executor-1] INFO  impl.RoleInfo (RoleInfo.java:shutdownFollowerState(121)) - 57114e09-3b7f-4b4a-a342-090fe34f336a: shutdown FollowerState
2019-10-20 04:42:45,445 [grpc-default-executor-4] INFO  impl.RoleInfo (RoleInfo.java:updateAndGet(143)) - 8f4dcc74-0612-4035-9040-5f73cd792029: start FollowerState
2019-10-20 04:42:45,445 [Thread-682] INFO  impl.FollowerState (FollowerState.java:run(117)) - 57114e09-3b7f-4b4a-a342-090fe34f336a@group-045AAD0D4D73-FollowerState was interrupted: java.lang.InterruptedException: sleep interrupted
2019-10-20 04:42:45,445 [grpc-default-executor-1] INFO  impl.RoleInfo (RoleInfo.java:updateAndGet(143)) - 57114e09-3b7f-4b4a-a342-090fe34f336a: start FollowerState
2019-10-20 04:42:45,445 [Thread-681] INFO  impl.FollowerState (FollowerState.java:run(117)) - 8f4dcc74-0612-4035-9040-5f73cd792029@group-045AAD0D4D73-FollowerState was interrupted: java.lang.InterruptedException: sleep interrupted
2019-10-20 04:42:45,468 [e3be97a9-3d3a-4f1a-9aac-bb0a1b054e74@group-045AAD0D4D73-LeaderElection23] INFO  impl.LeaderElection (LeaderElection.java:logAndReturn(56)) - e3be97a9-3d3a-4f1a-9aac-bb0a1b054e74@group-045AAD0D4D73-LeaderElection23: Election REJECTED; received 2 response(s) [e3be97a9-3d3a-4f1a-9aac-bb0a1b054e74<-57114e09-3b7f-4b4a-a342-090fe34f336a#0:FAIL-t21, e3be97a9-3d3a-4f1a-9aac-bb0a1b054e74<-8f4dcc74-0612-4035-9040-5f73cd792029#0:FAIL-t21] and 0 exception(s); e3be97a9-3d3a-4f1a-9aac-bb0a1b054e74@group-045AAD0D4D73:t21, leader=null, voted=e3be97a9-3d3a-4f1a-9aac-bb0a1b054e74, raftlog=e3be97a9-3d3a-4f1a-9aac-bb0a1b054e74@group-045AAD0D4D73-SegmentedRaftLog:OPENED:c3,f4,i4, conf=0: [57114e09-3b7f-4b4a-a342-090fe34f336a:192.168.164.239:45374, e3be97a9-3d3a-4f1a-9aac-bb0a1b054e74:192.168.164.239:42267, 8f4dcc74-0612-4035-9040-5f73cd792029:192.168.164.239:37614], old=null
2019-10-20 04:42:45,468 [e3be97a9-3d3a-4f1a-9aac-bb0a1b054e74@group-045AAD0D4D73-LeaderElection23] INFO  impl.RaftServerImpl (RaftServerImpl.java:setRole(184)) - e3be97a9-3d3a-4f1a-9aac-bb0a1b054e74@group-045AAD0D4D73: changes role from CANDIDATE to FOLLOWER at term 21 for DISCOVERED_A_NEW_TERM
2019-10-20 04:42:45,469 [e3be97a9-3d3a-4f1a-9aac-bb0a1b054e74@group-045AAD0D4D73-LeaderElection23] INFO  impl.RoleInfo (RoleInfo.java:shutdownLeaderElection(134)) - e3be97a9-3d3a-4f1a-9aac-bb0a1b054e74: shutdown LeaderElection
2019-10-20 04:42:45,469 [e3be97a9-3d3a-4f1a-9aac-bb0a1b054e74@group-045AAD0D4D73-LeaderElection23] INFO  impl.RoleInfo (RoleInfo.java:updateAndGet(143)) - e3be97a9-3d3a-4f1a-9aac-bb0a1b054e74: start FollowerState
2019-10-20 04:42:45,517 [Thread-689] INFO  impl.FollowerState (FollowerState.java:run(108)) - e3be97a9-3d3a-4f1a-9aac-bb0a1b054e74@group-045AAD0D4D73-FollowerState: change to CANDIDATE, lastRpcTime:48ms, electionTimeout:48ms
2019-10-20 04:42:45,519 [Thread-689] INFO  impl.RoleInfo (RoleInfo.java:shutdownFollowerState(121)) - e3be97a9-3d3a-4f1a-9aac-bb0a1b054e74: shutdown FollowerState
2019-10-20 04:42:45,519 [Thread-689] INFO  impl.RaftServerImpl (RaftServerImpl.java:setRole(184)) - e3be97a9-3d3a-4f1a-9aac-bb0a1b054e74@group-045AAD0D4D73: changes role from  FOLLOWER to CANDIDATE at term 21 for changeToCandidate
2019-10-20 04:42:45,519 [Thread-689] INFO  impl.RoleInfo (RoleInfo.java:updateAndGet(143)) - e3be97a9-3d3a-4f1a-9aac-bb0a1b054e74: start LeaderElection
2019-10-20 04:42:45,542 [e3be97a9-3d3a-4f1a-9aac-bb0a1b054e74@group-045AAD0D4D73-LeaderElection24] INFO  impl.LeaderElection (LeaderElection.java:askForVotes(178)) - e3be97a9-3d3a-4f1a-9aac-bb0a1b054e74@group-045AAD0D4D73-LeaderElection24: begin an election at term 22 for 0: [57114e09-3b7f-4b4a-a342-090fe34f336a:192.168.164.239:45374, e3be97a9-3d3a-4f1a-9aac-bb0a1b054e74:192.168.164.239:42267, 8f4dcc74-0612-4035-9040-5f73cd792029:192.168.164.239:37614], old=null
2019-10-20 04:42:45,546 [grpc-default-executor-1] INFO  impl.RaftServerImpl (RaftServerImpl.java:setRole(184)) - 57114e09-3b7f-4b4a-a342-090fe34f336a@group-045AAD0D4D73: changes role from  FOLLOWER to FOLLOWER at term 22 for recognizeCandidate:e3be97a9-3d3a-4f1a-9aac-bb0a1b054e74
2019-10-20 04:42:45,546 [grpc-default-executor-4] INFO  impl.RaftServerImpl (RaftServerImpl.java:setRole(184)) - 8f4dcc74-0612-4035-9040-5f73cd792029@group-045AAD0D4D73: changes role from  FOLLOWER to FOLLOWER at term 22 for recognizeCandidate:e3be97a9-3d3a-4f1a-9aac-bb0a1b054e74
2019-10-20 04:42:45,546 [grpc-default-executor-1] INFO  impl.RoleInfo (RoleInfo.java:shutdownFollowerState(121)) - 57114e09-3b7f-4b4a-a342-090fe34f336a: shutdown FollowerState
2019-10-20 04:42:45,546 [grpc-default-executor-4] INFO  impl.RoleInfo (RoleInfo.java:shutdownFollowerState(121)) - 8f4dcc74-0612-4035-9040-5f73cd792029: shutdown FollowerState
2019-10-20 04:42:45,546 [Thread-688] INFO  impl.FollowerState (FollowerState.java:run(117)) - 57114e09-3b7f-4b4a-a342-090fe34f336a@group-045AAD0D4D73-FollowerState was interrupted: java.lang.InterruptedException: sleep interrupted
2019-10-20 04:42:45,546 [grpc-default-executor-1] INFO  impl.RoleInfo (RoleInfo.java:updateAndGet(143)) - 57114e09-3b7f-4b4a-a342-090fe34f336a: start FollowerState
2019-10-20 04:42:45,547 [grpc-default-executor-4] INFO  impl.RoleInfo (RoleInfo.java:updateAndGet(143)) - 8f4dcc74-0612-4035-9040-5f73cd792029: start FollowerState
2019-10-20 04:42:45,547 [Thread-687] INFO  impl.FollowerState (FollowerState.java:run(117)) - 8f4dcc74-0612-4035-9040-5f73cd792029@group-045AAD0D4D73-FollowerState was interrupted: java.lang.InterruptedException: sleep interrupted
2019-10-20 04:42:45,569 [e3be97a9-3d3a-4f1a-9aac-bb0a1b054e74@group-045AAD0D4D73-LeaderElection24] INFO  impl.LeaderElection (LeaderElection.java:logAndReturn(56)) - e3be97a9-3d3a-4f1a-9aac-bb0a1b054e74@group-045AAD0D4D73-LeaderElection24: Election REJECTED; received 2 response(s) [e3be97a9-3d3a-4f1a-9aac-bb0a1b054e74<-57114e09-3b7f-4b4a-a342-090fe34f336a#0:FAIL-t22, e3be97a9-3d3a-4f1a-9aac-bb0a1b054e74<-8f4dcc74-0612-4035-9040-5f73cd792029#0:FAIL-t22] and 0 exception(s); e3be97a9-3d3a-4f1a-9aac-bb0a1b054e74@group-045AAD0D4D73:t22, leader=null, voted=e3be97a9-3d3a-4f1a-9aac-bb0a1b054e74, raftlog=e3be97a9-3d3a-4f1a-9aac-bb0a1b054e74@group-045AAD0D4D73-SegmentedRaftLog:OPENED:c3,f4,i4, conf=0: [57114e09-3b7f-4b4a-a342-090fe34f336a:192.168.164.239:45374, e3be97a9-3d3a-4f1a-9aac-bb0a1b054e74:192.168.164.239:42267, 8f4dcc74-0612-4035-9040-5f73cd792029:192.168.164.239:37614], old=null
2019-10-20 04:42:45,569 [e3be97a9-3d3a-4f1a-9aac-bb0a1b054e74@group-045AAD0D4D73-LeaderElection24] INFO  impl.RaftServerImpl (RaftServerImpl.java:setRole(184)) - e3be97a9-3d3a-4f1a-9aac-bb0a1b054e74@group-045AAD0D4D73: changes role from CANDIDATE to FOLLOWER at term 22 for DISCOVERED_A_NEW_TERM
2019-10-20 04:42:45,569 [e3be97a9-3d3a-4f1a-9aac-bb0a1b054e74@group-045AAD0D4D73-LeaderElection24] INFO  impl.RoleInfo (RoleInfo.java:shutdownLeaderElection(134)) - e3be97a9-3d3a-4f1a-9aac-bb0a1b054e74: shutdown LeaderElection
2019-10-20 04:42:45,570 [e3be97a9-3d3a-4f1a-9aac-bb0a1b054e74@group-045AAD0D4D73-LeaderElection24] INFO  impl.RoleInfo (RoleInfo.java:updateAndGet(143)) - e3be97a9-3d3a-4f1a-9aac-bb0a1b054e74: start FollowerState
2019-10-20 04:42:45,711 [Thread-695] INFO  impl.FollowerState (FollowerState.java:run(108)) - e3be97a9-3d3a-4f1a-9aac-bb0a1b054e74@group-045AAD0D4D73-FollowerState: change to CANDIDATE, lastRpcTime:141ms, electionTimeout:141ms
2019-10-20 04:42:45,713 [Thread-695] INFO  impl.RoleInfo (RoleInfo.java:shutdownFollowerState(121)) - e3be97a9-3d3a-4f1a-9aac-bb0a1b054e74: shutdown FollowerState
2019-10-20 04:42:45,713 [Thread-695] INFO  impl.RaftServerImpl (RaftServerImpl.java:setRole(184)) - e3be97a9-3d3a-4f1a-9aac-bb0a1b054e74@group-045AAD0D4D73: changes role from  FOLLOWER to CANDIDATE at term 22 for changeToCandidate
2019-10-20 04:42:45,713 [Thread-695] INFO  impl.RoleInfo (RoleInfo.java:updateAndGet(143)) - e3be97a9-3d3a-4f1a-9aac-bb0a1b054e74: start LeaderElection
2019-10-20 04:42:45,743 [e3be97a9-3d3a-4f1a-9aac-bb0a1b054e74@group-045AAD0D4D73-LeaderElection25] INFO  impl.LeaderElection (LeaderElection.java:askForVotes(178)) - e3be97a9-3d3a-4f1a-9aac-bb0a1b054e74@group-045AAD0D4D73-LeaderElection25: begin an election at term 23 for 0: [57114e09-3b7f-4b4a-a342-090fe34f336a:192.168.164.239:45374, e3be97a9-3d3a-4f1a-9aac-bb0a1b054e74:192.168.164.239:42267, 8f4dcc74-0612-4035-9040-5f73cd792029:192.168.164.239:37614], old=null
2019-10-20 04:42:45,747 [grpc-default-executor-1] INFO  impl.RaftServerImpl (RaftServerImpl.java:setRole(184)) - 57114e09-3b7f-4b4a-a342-090fe34f336a@group-045AAD0D4D73: changes role from  FOLLOWER to FOLLOWER at term 23 for recognizeCandidate:e3be97a9-3d3a-4f1a-9aac-bb0a1b054e74
2019-10-20 04:42:45,747 [grpc-default-executor-1] INFO  impl.RoleInfo (RoleInfo.java:shutdownFollowerState(121)) - 57114e09-3b7f-4b4a-a342-090fe34f336a: shutdown FollowerState
2019-10-20 04:42:45,748 [grpc-default-executor-4] INFO  impl.RaftServerImpl (RaftServerImpl.java:setRole(184)) - 8f4dcc74-0612-4035-9040-5f73cd792029@group-045AAD0D4D73: changes role from  FOLLOWER to FOLLOWER at term 23 for recognizeCandidate:e3be97a9-3d3a-4f1a-9aac-bb0a1b054e74
2019-10-20 04:42:45,748 [grpc-default-executor-1] INFO  impl.RoleInfo (RoleInfo.java:updateAndGet(143)) - 57114e09-3b7f-4b4a-a342-090fe34f336a: start FollowerState
2019-10-20 04:42:45,748 [Thread-693] INFO  impl.FollowerState (FollowerState.java:run(117)) - 57114e09-3b7f-4b4a-a342-090fe34f336a@group-045AAD0D4D73-FollowerState was interrupted: java.lang.InterruptedException: sleep interrupted
2019-10-20 04:42:45,748 [grpc-default-executor-4] INFO  impl.RoleInfo (RoleInfo.java:shutdownFollowerState(121)) - 8f4dcc74-0612-4035-9040-5f73cd792029: shutdown FollowerState
2019-10-20 04:42:45,749 [grpc-default-executor-4] INFO  impl.RoleInfo (RoleInfo.java:updateAndGet(143)) - 8f4dcc74-0612-4035-9040-5f73cd792029: start FollowerState
2019-10-20 04:42:45,749 [Thread-694] INFO  impl.FollowerState (FollowerState.java:run(117)) - 8f4dcc74-0612-4035-9040-5f73cd792029@group-045AAD0D4D73-FollowerState was interrupted: java.lang.InterruptedException: sleep interrupted
2019-10-20 04:42:45,778 [e3be97a9-3d3a-4f1a-9aac-bb0a1b054e74@group-045AAD0D4D73-LeaderElection25] INFO  impl.LeaderElection (LeaderElection.java:logAndReturn(56)) - e3be97a9-3d3a-4f1a-9aac-bb0a1b054e74@group-045AAD0D4D73-LeaderElection25: Election REJECTED; received 2 response(s) [e3be97a9-3d3a-4f1a-9aac-bb0a1b054e74<-57114e09-3b7f-4b4a-a342-090fe34f336a#0:FAIL-t23, e3be97a9-3d3a-4f1a-9aac-bb0a1b054e74<-8f4dcc74-0612-4035-9040-5f73cd792029#0:FAIL-t23] and 0 exception(s); e3be97a9-3d3a-4f1a-9aac-bb0a1b054e74@group-045AAD0D4D73:t23, leader=null, voted=e3be97a9-3d3a-4f1a-9aac-bb0a1b054e74, raftlog=e3be97a9-3d3a-4f1a-9aac-bb0a1b054e74@group-045AAD0D4D73-SegmentedRaftLog:OPENED:c3,f4,i4, conf=0: [57114e09-3b7f-4b4a-a342-090fe34f336a:192.168.164.239:45374, e3be97a9-3d3a-4f1a-9aac-bb0a1b054e74:192.168.164.239:42267, 8f4dcc74-0612-4035-9040-5f73cd792029:192.168.164.239:37614], old=null
2019-10-20 04:42:45,779 [e3be97a9-3d3a-4f1a-9aac-bb0a1b054e74@group-045AAD0D4D73-LeaderElection25] INFO  impl.RaftServerImpl (RaftServerImpl.java:setRole(184)) - e3be97a9-3d3a-4f1a-9aac-bb0a1b054e74@group-045AAD0D4D73: changes role from CANDIDATE to FOLLOWER at term 23 for DISCOVERED_A_NEW_TERM
2019-10-20 04:42:45,779 [e3be97a9-3d3a-4f1a-9aac-bb0a1b054e74@group-045AAD0D4D73-LeaderElection25] INFO  impl.RoleInfo (RoleInfo.java:shutdownLeaderElection(134)) - e3be97a9-3d3a-4f1a-9aac-bb0a1b054e74: shutdown LeaderElection
2019-10-20 04:42:45,779 [e3be97a9-3d3a-4f1a-9aac-bb0a1b054e74@group-045AAD0D4D73-LeaderElection25] INFO  impl.RoleInfo (RoleInfo.java:updateAndGet(143)) - e3be97a9-3d3a-4f1a-9aac-bb0a1b054e74: start FollowerState
2019-10-20 04:42:45,975 [Thread-701] INFO  impl.FollowerState (FollowerState.java:run(108)) - e3be97a9-3d3a-4f1a-9aac-bb0a1b054e74@group-045AAD0D4D73-FollowerState: change to CANDIDATE, lastRpcTime:196ms, electionTimeout:196ms
2019-10-20 04:42:45,977 [Thread-701] INFO  impl.RoleInfo (RoleInfo.java:shutdownFollowerState(121)) - e3be97a9-3d3a-4f1a-9aac-bb0a1b054e74: shutdown FollowerState
2019-10-20 04:42:45,977 [Thread-701] INFO  impl.RaftServerImpl (RaftServerImpl.java:setRole(184)) - e3be97a9-3d3a-4f1a-9aac-bb0a1b054e74@group-045AAD0D4D73: changes role from  FOLLOWER to CANDIDATE at term 23 for changeToCandidate
2019-10-20 04:42:45,978 [Thread-701] INFO  impl.RoleInfo (RoleInfo.java:updateAndGet(143)) - e3be97a9-3d3a-4f1a-9aac-bb0a1b054e74: start LeaderElection
2019-10-20 04:42:46,002 [e3be97a9-3d3a-4f1a-9aac-bb0a1b054e74@group-045AAD0D4D73-LeaderElection26] INFO  impl.LeaderElection (LeaderElection.java:askForVotes(178)) - e3be97a9-3d3a-4f1a-9aac-bb0a1b054e74@group-045AAD0D4D73-LeaderElection26: begin an election at term 24 for 0: [57114e09-3b7f-4b4a-a342-090fe34f336a:192.168.164.239:45374, e3be97a9-3d3a-4f1a-9aac-bb0a1b054e74:192.168.164.239:42267, 8f4dcc74-0612-4035-9040-5f73cd792029:192.168.164.239:37614], old=null
2019-10-20 04:42:46,005 [grpc-default-executor-1] INFO  impl.RaftServerImpl (RaftServerImpl.java:setRole(184)) - 8f4dcc74-0612-4035-9040-5f73cd792029@group-045AAD0D4D73: changes role from  FOLLOWER to FOLLOWER at term 24 for recognizeCandidate:e3be97a9-3d3a-4f1a-9aac-bb0a1b054e74
2019-10-20 04:42:46,005 [grpc-default-executor-4] INFO  impl.RaftServerImpl (RaftServerImpl.java:setRole(184)) - 57114e09-3b7f-4b4a-a342-090fe34f336a@group-045AAD0D4D73: changes role from  FOLLOWER to FOLLOWER at term 24 for recognizeCandidate:e3be97a9-3d3a-4f1a-9aac-bb0a1b054e74
2019-10-20 04:42:46,005 [grpc-default-executor-1] INFO  impl.RoleInfo (RoleInfo.java:shutdownFollowerState(121)) - 8f4dcc74-0612-4035-9040-5f73cd792029: shutdown FollowerState
2019-10-20 04:42:46,006 [grpc-default-executor-4] INFO  impl.RoleInfo (RoleInfo.java:shutdownFollowerState(121)) - 57114e09-3b7f-4b4a-a342-090fe34f336a: shutdown FollowerState
2019-10-20 04:42:46,006 [grpc-default-executor-1] INFO  impl.RoleInfo (RoleInfo.java:updateAndGet(143)) - 8f4dcc74-0612-4035-9040-5f73cd792029: start FollowerState
2019-10-20 04:42:46,006 [Thread-700] INFO  impl.FollowerState (FollowerState.java:run(117)) - 8f4dcc74-0612-4035-9040-5f73cd792029@group-045AAD0D4D73-FollowerState was interrupted: java.lang.InterruptedException: sleep interrupted
2019-10-20 04:42:46,006 [Thread-699] INFO  impl.FollowerState (FollowerState.java:run(117)) - 57114e09-3b7f-4b4a-a342-090fe34f336a@group-045AAD0D4D73-FollowerState was interrupted: java.lang.InterruptedException: sleep interrupted
2019-10-20 04:42:46,006 [grpc-default-executor-4] INFO  impl.RoleInfo (RoleInfo.java:updateAndGet(143)) - 57114e09-3b7f-4b4a-a342-090fe34f336a: start FollowerState
2019-10-20 04:42:46,029 [e3be97a9-3d3a-4f1a-9aac-bb0a1b054e74@group-045AAD0D4D73-LeaderElection26] INFO  impl.LeaderElection (LeaderElection.java:logAndReturn(56)) - e3be97a9-3d3a-4f1a-9aac-bb0a1b054e74@group-045AAD0D4D73-LeaderElection26: Election REJECTED; received 2 response(s) [e3be97a9-3d3a-4f1a-9aac-bb0a1b054e74<-57114e09-3b7f-4b4a-a342-090fe34f336a#0:FAIL-t24, e3be97a9-3d3a-4f1a-9aac-bb0a1b054e74<-8f4dcc74-0612-4035-9040-5f73cd792029#0:FAIL-t24] and 0 exception(s); e3be97a9-3d3a-4f1a-9aac-bb0a1b054e74@group-045AAD0D4D73:t24, leader=null, voted=e3be97a9-3d3a-4f1a-9aac-bb0a1b054e74, raftlog=e3be97a9-3d3a-4f1a-9aac-bb0a1b054e74@group-045AAD0D4D73-SegmentedRaftLog:OPENED:c3,f4,i4, conf=0: [57114e09-3b7f-4b4a-a342-090fe34f336a:192.168.164.239:45374, e3be97a9-3d3a-4f1a-9aac-bb0a1b054e74:192.168.164.239:42267, 8f4dcc74-0612-4035-9040-5f73cd792029:192.168.164.239:37614], old=null
2019-10-20 04:42:46,029 [e3be97a9-3d3a-4f1a-9aac-bb0a1b054e74@group-045AAD0D4D73-LeaderElection26] INFO  impl.RaftServerImpl (RaftServerImpl.java:setRole(184)) - e3be97a9-3d3a-4f1a-9aac-bb0a1b054e74@group-045AAD0D4D73: changes role from CANDIDATE to FOLLOWER at term 24 for DISCOVERED_A_NEW_TERM
2019-10-20 04:42:46,029 [e3be97a9-3d3a-4f1a-9aac-bb0a1b054e74@group-045AAD0D4D73-LeaderElection26] INFO  impl.RoleInfo (RoleInfo.java:shutdownLeaderElection(134)) - e3be97a9-3d3a-4f1a-9aac-bb0a1b054e74: shutdown LeaderElection
2019-10-20 04:42:46,029 [e3be97a9-3d3a-4f1a-9aac-bb0a1b054e74@group-045AAD0D4D73-LeaderElection26] INFO  impl.RoleInfo (RoleInfo.java:updateAndGet(143)) - e3be97a9-3d3a-4f1a-9aac-bb0a1b054e74: start FollowerState
2019-10-20 04:42:46,053 [Thread-708] INFO  impl.FollowerState (FollowerState.java:run(108)) - e3be97a9-3d3a-4f1a-9aac-bb0a1b054e74@group-045AAD0D4D73-FollowerState: change to CANDIDATE, lastRpcTime:23ms, electionTimeout:23ms
2019-10-20 04:42:46,054 [Thread-708] INFO  impl.RoleInfo (RoleInfo.java:shutdownFollowerState(121)) - e3be97a9-3d3a-4f1a-9aac-bb0a1b054e74: shutdown FollowerState
2019-10-20 04:42:46,055 [Thread-708] INFO  impl.RaftServerImpl (RaftServerImpl.java:setRole(184)) - e3be97a9-3d3a-4f1a-9aac-bb0a1b054e74@group-045AAD0D4D73: changes role from  FOLLOWER to CANDIDATE at term 24 for changeToCandidate
2019-10-20 04:42:46,055 [Thread-708] INFO  impl.RoleInfo (RoleInfo.java:updateAndGet(143)) - e3be97a9-3d3a-4f1a-9aac-bb0a1b054e74: start LeaderElection
2019-10-20 04:42:46,078 [e3be97a9-3d3a-4f1a-9aac-bb0a1b054e74@group-045AAD0D4D73-LeaderElection27] INFO  impl.LeaderElection (LeaderElection.java:askForVotes(178)) - e3be97a9-3d3a-4f1a-9aac-bb0a1b054e74@group-045AAD0D4D73-LeaderElection27: begin an election at term 25 for 0: [57114e09-3b7f-4b4a-a342-090fe34f336a:192.168.164.239:45374, e3be97a9-3d3a-4f1a-9aac-bb0a1b054e74:192.168.164.239:42267, 8f4dcc74-0612-4035-9040-5f73cd792029:192.168.164.239:37614], old=null
2019-10-20 04:42:46,081 [grpc-default-executor-4] INFO  impl.RaftServerImpl (RaftServerImpl.java:setRole(184)) - 8f4dcc74-0612-4035-9040-5f73cd792029@group-045AAD0D4D73: changes role from  FOLLOWER to FOLLOWER at term 25 for recognizeCandidate:e3be97a9-3d3a-4f1a-9aac-bb0a1b054e74
2019-10-20 04:42:46,081 [grpc-default-executor-1] INFO  impl.RaftServerImpl (RaftServerImpl.java:setRole(184)) - 57114e09-3b7f-4b4a-a342-090fe34f336a@group-045AAD0D4D73: changes role from  FOLLOWER to FOLLOWER at term 25 for recognizeCandidate:e3be97a9-3d3a-4f1a-9aac-bb0a1b054e74
2019-10-20 04:42:46,081 [grpc-default-executor-4] INFO  impl.RoleInfo (RoleInfo.java:shutdownFollowerState(121)) - 8f4dcc74-0612-4035-9040-5f73cd792029: shutdown FollowerState
2019-10-20 04:42:46,081 [grpc-default-executor-1] INFO  impl.RoleInfo (RoleInfo.java:shutdownFollowerState(121)) - 57114e09-3b7f-4b4a-a342-090fe34f336a: shutdown FollowerState
2019-10-20 04:42:46,082 [Thread-706] INFO  impl.FollowerState (FollowerState.java:run(117)) - 8f4dcc74-0612-4035-9040-5f73cd792029@group-045AAD0D4D73-FollowerState was interrupted: java.lang.InterruptedException: sleep interrupted
2019-10-20 04:42:46,082 [grpc-default-executor-4] INFO  impl.RoleInfo (RoleInfo.java:updateAndGet(143)) - 8f4dcc74-0612-4035-9040-5f73cd792029: start FollowerState
2019-10-20 04:42:46,082 [grpc-default-executor-1] INFO  impl.RoleInfo (RoleInfo.java:updateAndGet(143)) - 57114e09-3b7f-4b4a-a342-090fe34f336a: start FollowerState
2019-10-20 04:42:46,082 [Thread-707] INFO  impl.FollowerState (FollowerState.java:run(117)) - 57114e09-3b7f-4b4a-a342-090fe34f336a@group-045AAD0D4D73-FollowerState was interrupted: java.lang.InterruptedException: sleep interrupted
2019-10-20 04:42:46,113 [e3be97a9-3d3a-4f1a-9aac-bb0a1b054e74@group-045AAD0D4D73-LeaderElection27] INFO  impl.LeaderElection (LeaderElection.java:logAndReturn(56)) - e3be97a9-3d3a-4f1a-9aac-bb0a1b054e74@group-045AAD0D4D73-LeaderElection27: Election REJECTED; received 2 response(s) [e3be97a9-3d3a-4f1a-9aac-bb0a1b054e74<-57114e09-3b7f-4b4a-a342-090fe34f336a#0:FAIL-t25, e3be97a9-3d3a-4f1a-9aac-bb0a1b054e74<-8f4dcc74-0612-4035-9040-5f73cd792029#0:FAIL-t25] and 0 exception(s); e3be97a9-3d3a-4f1a-9aac-bb0a1b054e74@group-045AAD0D4D73:t25, leader=null, voted=e3be97a9-3d3a-4f1a-9aac-bb0a1b054e74, raftlog=e3be97a9-3d3a-4f1a-9aac-bb0a1b054e74@group-045AAD0D4D73-SegmentedRaftLog:OPENED:c3,f4,i4, conf=0: [57114e09-3b7f-4b4a-a342-090fe34f336a:192.168.164.239:45374, e3be97a9-3d3a-4f1a-9aac-bb0a1b054e74:192.168.164.239:42267, 8f4dcc74-0612-4035-9040-5f73cd792029:192.168.164.239:37614], old=null
2019-10-20 04:42:46,113 [e3be97a9-3d3a-4f1a-9aac-bb0a1b054e74@group-045AAD0D4D73-LeaderElection27] INFO  impl.RaftServerImpl (RaftServerImpl.java:setRole(184)) - e3be97a9-3d3a-4f1a-9aac-bb0a1b054e74@group-045AAD0D4D73: changes role from CANDIDATE to FOLLOWER at term 25 for DISCOVERED_A_NEW_TERM
2019-10-20 04:42:46,113 [e3be97a9-3d3a-4f1a-9aac-bb0a1b054e74@group-045AAD0D4D73-LeaderElection27] INFO  impl.RoleInfo (RoleInfo.java:shutdownLeaderElection(134)) - e3be97a9-3d3a-4f1a-9aac-bb0a1b054e74: shutdown LeaderElection
2019-10-20 04:42:46,114 [e3be97a9-3d3a-4f1a-9aac-bb0a1b054e74@group-045AAD0D4D73-LeaderElection27] INFO  impl.RoleInfo (RoleInfo.java:updateAndGet(143)) - e3be97a9-3d3a-4f1a-9aac-bb0a1b054e74: start FollowerState
2019-10-20 04:42:46,121 [Thread-714] INFO  impl.FollowerState (FollowerState.java:run(108)) - e3be97a9-3d3a-4f1a-9aac-bb0a1b054e74@group-045AAD0D4D73-FollowerState: change to CANDIDATE, lastRpcTime:7ms, electionTimeout:7ms
2019-10-20 04:42:46,123 [Thread-714] INFO  impl.RoleInfo (RoleInfo.java:shutdownFollowerState(121)) - e3be97a9-3d3a-4f1a-9aac-bb0a1b054e74: shutdown FollowerState
2019-10-20 04:42:46,123 [Thread-714] INFO  impl.RaftServerImpl (RaftServerImpl.java:setRole(184)) - e3be97a9-3d3a-4f1a-9aac-bb0a1b054e74@group-045AAD0D4D73: changes role from  FOLLOWER to CANDIDATE at term 25 for changeToCandidate
2019-10-20 04:42:46,123 [Thread-714] INFO  impl.RoleInfo (RoleInfo.java:updateAndGet(143)) - e3be97a9-3d3a-4f1a-9aac-bb0a1b054e74: start LeaderElection
2019-10-20 04:42:46,145 [e3be97a9-3d3a-4f1a-9aac-bb0a1b054e74@group-045AAD0D4D73-LeaderElection28] INFO  impl.LeaderElection (LeaderElection.java:askForVotes(178)) - e3be97a9-3d3a-4f1a-9aac-bb0a1b054e74@group-045AAD0D4D73-LeaderElection28: begin an election at term 26 for 0: [57114e09-3b7f-4b4a-a342-090fe34f336a:192.168.164.239:45374, e3be97a9-3d3a-4f1a-9aac-bb0a1b054e74:192.168.164.239:42267, 8f4dcc74-0612-4035-9040-5f73cd792029:192.168.164.239:37614], old=null
2019-10-20 04:42:46,148 [grpc-default-executor-4] INFO  impl.RaftServerImpl (RaftServerImpl.java:setRole(184)) - 57114e09-3b7f-4b4a-a342-090fe34f336a@group-045AAD0D4D73: changes role from  FOLLOWER to FOLLOWER at term 26 for recognizeCandidate:e3be97a9-3d3a-4f1a-9aac-bb0a1b054e74
2019-10-20 04:42:46,148 [grpc-default-executor-1] INFO  impl.RaftServerImpl (RaftServerImpl.java:setRole(184)) - 8f4dcc74-0612-4035-9040-5f73cd792029@group-045AAD0D4D73: changes role from  FOLLOWER to FOLLOWER at term 26 for recognizeCandidate:e3be97a9-3d3a-4f1a-9aac-bb0a1b054e74
2019-10-20 04:42:46,148 [grpc-default-executor-1] INFO  impl.RoleInfo (RoleInfo.java:shutdownFollowerState(121)) - 8f4dcc74-0612-4035-9040-5f73cd792029: shutdown FollowerState
2019-10-20 04:42:46,148 [grpc-default-executor-4] INFO  impl.RoleInfo (RoleInfo.java:shutdownFollowerState(121)) - 57114e09-3b7f-4b4a-a342-090fe34f336a: shutdown FollowerState
2019-10-20 04:42:46,149 [Thread-712] INFO  impl.FollowerState (FollowerState.java:run(117)) - 8f4dcc74-0612-4035-9040-5f73cd792029@group-045AAD0D4D73-FollowerState was interrupted: java.lang.InterruptedException: sleep interrupted
2019-10-20 04:42:46,149 [grpc-default-executor-4] INFO  impl.RoleInfo (RoleInfo.java:updateAndGet(143)) - 57114e09-3b7f-4b4a-a342-090fe34f336a: start FollowerState
2019-10-20 04:42:46,148 [grpc-default-executor-1] INFO  impl.RoleInfo (RoleInfo.java:updateAndGet(143)) - 8f4dcc74-0612-4035-9040-5f73cd792029: start FollowerState
2019-10-20 04:42:46,149 [Thread-713] INFO  impl.FollowerState (FollowerState.java:run(117)) - 57114e09-3b7f-4b4a-a342-090fe34f336a@group-045AAD0D4D73-FollowerState was interrupted: java.lang.InterruptedException: sleep interrupted
2019-10-20 04:42:46,160 [e3be97a9-3d3a-4f1a-9aac-bb0a1b054e74@group-045AAD0D4D73-LeaderElection28] INFO  impl.LeaderElection (LeaderElection.java:logAndReturn(56)) - e3be97a9-3d3a-4f1a-9aac-bb0a1b054e74@group-045AAD0D4D73-LeaderElection28: Election TIMEOUT; received 0 response(s) [] and 0 exception(s); e3be97a9-3d3a-4f1a-9aac-bb0a1b054e74@group-045AAD0D4D73:t26, leader=null, voted=e3be97a9-3d3a-4f1a-9aac-bb0a1b054e74, raftlog=e3be97a9-3d3a-4f1a-9aac-bb0a1b054e74@group-045AAD0D4D73-SegmentedRaftLog:OPENED:c3,f4,i4, conf=0: [57114e09-3b7f-4b4a-a342-090fe34f336a:192.168.164.239:45374, e3be97a9-3d3a-4f1a-9aac-bb0a1b054e74:192.168.164.239:42267, 8f4dcc74-0612-4035-9040-5f73cd792029:192.168.164.239:37614], old=null
2019-10-20 04:42:46,188 [e3be97a9-3d3a-4f1a-9aac-bb0a1b054e74@group-045AAD0D4D73-LeaderElection28] INFO  impl.LeaderElection (LeaderElection.java:askForVotes(178)) - e3be97a9-3d3a-4f1a-9aac-bb0a1b054e74@group-045AAD0D4D73-LeaderElection28: begin an election at term 27 for 0: [57114e09-3b7f-4b4a-a342-090fe34f336a:192.168.164.239:45374, e3be97a9-3d3a-4f1a-9aac-bb0a1b054e74:192.168.164.239:42267, 8f4dcc74-0612-4035-9040-5f73cd792029:192.168.164.239:37614], old=null
2019-10-20 04:42:46,190 [grpc-default-executor-4] INFO  impl.RaftServerImpl (RaftServerImpl.java:setRole(184)) - 57114e09-3b7f-4b4a-a342-090fe34f336a@group-045AAD0D4D73: changes role from  FOLLOWER to FOLLOWER at term 27 for recognizeCandidate:e3be97a9-3d3a-4f1a-9aac-bb0a1b054e74
2019-10-20 04:42:46,192 [grpc-default-executor-4] INFO  impl.RoleInfo (RoleInfo.java:shutdownFollowerState(121)) - 57114e09-3b7f-4b4a-a342-090fe34f336a: shutdown FollowerState
2019-10-20 04:42:46,192 [grpc-default-executor-4] INFO  impl.RoleInfo (RoleInfo.java:updateAndGet(143)) - 57114e09-3b7f-4b4a-a342-090fe34f336a: start FollowerState
2019-10-20 04:42:46,192 [grpc-default-executor-1] INFO  impl.RaftServerImpl (RaftServerImpl.java:setRole(184)) - 8f4dcc74-0612-4035-9040-5f73cd792029@group-045AAD0D4D73: changes role from  FOLLOWER to FOLLOWER at term 27 for recognizeCandidate:e3be97a9-3d3a-4f1a-9aac-bb0a1b054e74
2019-10-20 04:42:46,192 [Thread-719] INFO  impl.FollowerState (FollowerState.java:run(117)) - 57114e09-3b7f-4b4a-a342-090fe34f336a@group-045AAD0D4D73-FollowerState was interrupted: java.lang.InterruptedException: sleep interrupted
2019-10-20 04:42:46,193 [e3be97a9-3d3a-4f1a-9aac-bb0a1b054e74@group-045AAD0D4D73-LeaderElection28] INFO  impl.LeaderElection (LeaderElection.java:logAndReturn(56)) - e3be97a9-3d3a-4f1a-9aac-bb0a1b054e74@group-045AAD0D4D73-LeaderElection28: Election TIMEOUT; received 0 response(s) [] and 0 exception(s); e3be97a9-3d3a-4f1a-9aac-bb0a1b054e74@group-045AAD0D4D73:t27, leader=null, voted=e3be97a9-3d3a-4f1a-9aac-bb0a1b054e74, raftlog=e3be97a9-3d3a-4f1a-9aac-bb0a1b054e74@group-045AAD0D4D73-SegmentedRaftLog:OPENED:c3,f4,i4, conf=0: [57114e09-3b7f-4b4a-a342-090fe34f336a:192.168.164.239:45374, e3be97a9-3d3a-4f1a-9aac-bb0a1b054e74:192.168.164.239:42267, 8f4dcc74-0612-4035-9040-5f73cd792029:192.168.164.239:37614], old=null
2019-10-20 04:42:46,192 [grpc-default-executor-1] INFO  impl.RoleInfo (RoleInfo.java:shutdownFollowerState(121)) - 8f4dcc74-0612-4035-9040-5f73cd792029: shutdown FollowerState
2019-10-20 04:42:46,193 [grpc-default-executor-1] INFO  impl.RoleInfo (RoleInfo.java:updateAndGet(143)) - 8f4dcc74-0612-4035-9040-5f73cd792029: start FollowerState
2019-10-20 04:42:46,193 [Thread-718] INFO  impl.FollowerState (FollowerState.java:run(117)) - 8f4dcc74-0612-4035-9040-5f73cd792029@group-045AAD0D4D73-FollowerState was interrupted: java.lang.InterruptedException: sleep interrupted
2019-10-20 04:42:46,220 [Thread-725] INFO  client.GrpcClientProtocolService (GrpcClientProtocolService.java:lambda$processClientRequest$0(278)) - Failed RaftClientRequest:client-A2F9089F7F1F->8f4dcc74-0612-4035-9040-5f73cd792029@group-045AAD0D4D73, cid=10, seq=0, Watch-ALL_COMMITTED(6), Message:<EMPTY>, reply=RaftClientReply:client-A2F9089F7F1F->8f4dcc74-0612-4035-9040-5f73cd792029@group-045AAD0D4D73, cid=10, FAILED org.apache.ratis.protocol.NotLeaderException: Server 8f4dcc74-0612-4035-9040-5f73cd792029@group-045AAD0D4D73 is not the leader, logIndex=0, commits[8f4dcc74-0612-4035-9040-5f73cd792029:c10, 57114e09-3b7f-4b4a-a342-090fe34f336a:c10, e3be97a9-3d3a-4f1a-9aac-bb0a1b054e74:c4]
2019-10-20 04:42:46,222 [e3be97a9-3d3a-4f1a-9aac-bb0a1b054e74@group-045AAD0D4D73-LeaderElection28] INFO  impl.LeaderElection (LeaderElection.java:askForVotes(178)) - e3be97a9-3d3a-4f1a-9aac-bb0a1b054e74@group-045AAD0D4D73-LeaderElection28: begin an election at term 28 for 0: [57114e09-3b7f-4b4a-a342-090fe34f336a:192.168.164.239:45374, e3be97a9-3d3a-4f1a-9aac-bb0a1b054e74:192.168.164.239:42267, 8f4dcc74-0612-4035-9040-5f73cd792029:192.168.164.239:37614], old=null
2019-10-20 04:42:46,228 [grpc-default-executor-2] INFO  impl.RaftServerImpl (RaftServerImpl.java:setRole(184)) - 57114e09-3b7f-4b4a-a342-090fe34f336a@group-045AAD0D4D73: changes role from  FOLLOWER to FOLLOWER at term 28 for recognizeCandidate:e3be97a9-3d3a-4f1a-9aac-bb0a1b054e74
2019-10-20 04:42:46,229 [grpc-default-executor-2] INFO  impl.RoleInfo (RoleInfo.java:shutdownFollowerState(121)) - 57114e09-3b7f-4b4a-a342-090fe34f336a: shutdown FollowerState
2019-10-20 04:42:46,229 [grpc-default-executor-4] INFO  impl.RaftServerImpl (RaftServerImpl.java:setRole(184)) - 8f4dcc74-0612-4035-9040-5f73cd792029@group-045AAD0D4D73: changes role from  FOLLOWER to FOLLOWER at term 28 for recognizeCandidate:e3be97a9-3d3a-4f1a-9aac-bb0a1b054e74
2019-10-20 04:42:46,229 [Thread-722] INFO  impl.FollowerState (FollowerState.java:run(117)) - 57114e09-3b7f-4b4a-a342-090fe34f336a@group-045AAD0D4D73-FollowerState was interrupted: java.lang.InterruptedException: sleep interrupted
2019-10-20 04:42:46,229 [grpc-default-executor-2] INFO  impl.RoleInfo (RoleInfo.java:updateAndGet(143)) - 57114e09-3b7f-4b4a-a342-090fe34f336a: start FollowerState
2019-10-20 04:42:46,229 [grpc-default-executor-4] INFO  impl.RoleInfo (RoleInfo.java:shutdownFollowerState(121)) - 8f4dcc74-0612-4035-9040-5f73cd792029: shutdown FollowerState
2019-10-20 04:42:46,229 [Thread-723] INFO  impl.FollowerState (FollowerState.java:run(117)) - 8f4dcc74-0612-4035-9040-5f73cd792029@group-045AAD0D4D73-FollowerState was interrupted: java.lang.InterruptedException: sleep interrupted
2019-10-20 04:42:46,229 [grpc-default-executor-4] INFO  impl.RoleInfo (RoleInfo.java:updateAndGet(143)) - 8f4dcc74-0612-4035-9040-5f73cd792029: start FollowerState
2019-10-20 04:42:46,257 [e3be97a9-3d3a-4f1a-9aac-bb0a1b054e74@group-045AAD0D4D73-LeaderElection28] INFO  impl.LeaderElection (LeaderElection.java:logAndReturn(56)) - e3be97a9-3d3a-4f1a-9aac-bb0a1b054e74@group-045AAD0D4D73-LeaderElection28: Election REJECTED; received 2 response(s) [e3be97a9-3d3a-4f1a-9aac-bb0a1b054e74<-57114e09-3b7f-4b4a-a342-090fe34f336a#0:FAIL-t28, e3be97a9-3d3a-4f1a-9aac-bb0a1b054e74<-8f4dcc74-0612-4035-9040-5f73cd792029#0:FAIL-t28] and 0 exception(s); e3be97a9-3d3a-4f1a-9aac-bb0a1b054e74@group-045AAD0D4D73:t28, leader=null, voted=e3be97a9-3d3a-4f1a-9aac-bb0a1b054e74, raftlog=e3be97a9-3d3a-4f1a-9aac-bb0a1b054e74@group-045AAD0D4D73-SegmentedRaftLog:OPENED:c3,f4,i4, conf=0: [57114e09-3b7f-4b4a-a342-090fe34f336a:192.168.164.239:45374, e3be97a9-3d3a-4f1a-9aac-bb0a1b054e74:192.168.164.239:42267, 8f4dcc74-0612-4035-9040-5f73cd792029:192.168.164.239:37614], old=null
2019-10-20 04:42:46,257 [e3be97a9-3d3a-4f1a-9aac-bb0a1b054e74@group-045AAD0D4D73-LeaderElection28] INFO  impl.RaftServerImpl (RaftServerImpl.java:setRole(184)) - e3be97a9-3d3a-4f1a-9aac-bb0a1b054e74@group-045AAD0D4D73: changes role from CANDIDATE to FOLLOWER at term 28 for DISCOVERED_A_NEW_TERM
2019-10-20 04:42:46,257 [e3be97a9-3d3a-4f1a-9aac-bb0a1b054e74@group-045AAD0D4D73-LeaderElection28] INFO  impl.RoleInfo (RoleInfo.java:shutdownLeaderElection(134)) - e3be97a9-3d3a-4f1a-9aac-bb0a1b054e74: shutdown LeaderElection
2019-10-20 04:42:46,257 [e3be97a9-3d3a-4f1a-9aac-bb0a1b054e74@group-045AAD0D4D73-LeaderElection28] INFO  impl.RoleInfo (RoleInfo.java:updateAndGet(143)) - e3be97a9-3d3a-4f1a-9aac-bb0a1b054e74: start FollowerState
2019-10-20 04:42:46,268 [BlockDeletingService#2] WARN  background.BlockDeletingService (BlockDeletingService.java:isDeletionAllowed(187)) - Close Container log Index 6 is not replicated across allthe servers in the pipeline 34dfe2c8-23b7-47ff-8954-045aad0d4d73 as the min replicated index is 4. Deletion is not allowed in this container yet.
2019-10-20 04:42:46,270 [BlockDeletingService#2] WARN  background.BlockDeletingService (BlockDeletingService.java:isDeletionAllowed(187)) - Close Container log Index 6 is not replicated across allthe servers in the pipeline 34dfe2c8-23b7-47ff-8954-045aad0d4d73 as the min replicated index is 4. Deletion is not allowed in this container yet.
2019-10-20 04:42:46,324 [pool-7-thread-1] INFO  commands.RetriableDatanodeEventWatcher (RetriableDatanodeEventWatcher.java:onTimeout(47)) - RetriableDatanodeCommand type=deleteBlocksCommand with id=1571546560324 timed out. Retrying.
2019-10-20 04:42:46,324 [pool-7-thread-3] INFO  commands.RetriableDatanodeEventWatcher (RetriableDatanodeEventWatcher.java:onTimeout(47)) - RetriableDatanodeCommand type=deleteBlocksCommand with id=1571546560317 timed out. Retrying.
2019-10-20 04:42:46,324 [pool-7-thread-2] INFO  commands.RetriableDatanodeEventWatcher (RetriableDatanodeEventWatcher.java:onTimeout(47)) - RetriableDatanodeCommand type=deleteBlocksCommand with id=1571546560320 timed out. Retrying.
2019-10-20 04:42:46,324 [pool-7-thread-3] INFO  commands.RetriableDatanodeEventWatcher (RetriableDatanodeEventWatcher.java:onTimeout(47)) - RetriableDatanodeCommand type=deleteBlocksCommand with id=1571546560322 timed out. Retrying.
2019-10-20 04:42:46,325 [SCMBlockDeletingService#0] INFO  block.SCMBlockDeletingService (SCMBlockDeletingService.java:call(184)) - Totally added 1 delete blocks command for 1 datanodes, task elapsed time: 1ms
2019-10-20 04:42:46,325 [pool-7-thread-1] INFO  commands.RetriableDatanodeEventWatcher (RetriableDatanodeEventWatcher.java:onTimeout(47)) - RetriableDatanodeCommand type=deleteBlocksCommand with id=1571546560323 timed out. Retrying.
2019-10-20 04:42:46,325 [pool-7-thread-2] INFO  commands.RetriableDatanodeEventWatcher (RetriableDatanodeEventWatcher.java:onTimeout(47)) - RetriableDatanodeCommand type=deleteBlocksCommand with id=1571546560321 timed out. Retrying.
2019-10-20 04:42:46,428 [Thread-731] INFO  impl.FollowerState (FollowerState.java:run(108)) - e3be97a9-3d3a-4f1a-9aac-bb0a1b054e74@group-045AAD0D4D73-FollowerState: change to CANDIDATE, lastRpcTime:170ms, electionTimeout:170ms
2019-10-20 04:42:46,428 [Thread-731] INFO  impl.RoleInfo (RoleInfo.java:shutdownFollowerState(121)) - e3be97a9-3d3a-4f1a-9aac-bb0a1b054e74: shutdown FollowerState
2019-10-20 04:42:46,428 [Thread-731] INFO  impl.RaftServerImpl (RaftServerImpl.java:setRole(184)) - e3be97a9-3d3a-4f1a-9aac-bb0a1b054e74@group-045AAD0D4D73: changes role from  FOLLOWER to CANDIDATE at term 28 for changeToCandidate
2019-10-20 04:42:46,428 [Thread-731] INFO  impl.RoleInfo (RoleInfo.java:updateAndGet(143)) - e3be97a9-3d3a-4f1a-9aac-bb0a1b054e74: start LeaderElection
2019-10-20 04:42:46,456 [e3be97a9-3d3a-4f1a-9aac-bb0a1b054e74@group-045AAD0D4D73-LeaderElection29] INFO  impl.LeaderElection (LeaderElection.java:askForVotes(178)) - e3be97a9-3d3a-4f1a-9aac-bb0a1b054e74@group-045AAD0D4D73-LeaderElection29: begin an election at term 29 for 0: [57114e09-3b7f-4b4a-a342-090fe34f336a:192.168.164.239:45374, e3be97a9-3d3a-4f1a-9aac-bb0a1b054e74:192.168.164.239:42267, 8f4dcc74-0612-4035-9040-5f73cd792029:192.168.164.239:37614], old=null
2019-10-20 04:42:46,459 [grpc-default-executor-2] INFO  impl.RaftServerImpl (RaftServerImpl.java:setRole(184)) - 57114e09-3b7f-4b4a-a342-090fe34f336a@group-045AAD0D4D73: changes role from  FOLLOWER to FOLLOWER at term 29 for recognizeCandidate:e3be97a9-3d3a-4f1a-9aac-bb0a1b054e74
2019-10-20 04:42:46,459 [grpc-default-executor-4] INFO  impl.RaftServerImpl (RaftServerImpl.java:setRole(184)) - 8f4dcc74-0612-4035-9040-5f73cd792029@group-045AAD0D4D73: changes role from  FOLLOWER to FOLLOWER at term 29 for recognizeCandidate:e3be97a9-3d3a-4f1a-9aac-bb0a1b054e74
2019-10-20 04:42:46,459 [grpc-default-executor-2] INFO  impl.RoleInfo (RoleInfo.java:shutdownFollowerState(121)) - 57114e09-3b7f-4b4a-a342-090fe34f336a: shutdown FollowerState
2019-10-20 04:42:46,460 [grpc-default-executor-4] INFO  impl.RoleInfo (RoleInfo.java:shutdownFollowerState(121)) - 8f4dcc74-0612-4035-9040-5f73cd792029: shutdown FollowerState
2019-10-20 04:42:46,460 [Thread-729] INFO  impl.FollowerState (FollowerState.java:run(117)) - 57114e09-3b7f-4b4a-a342-090fe34f336a@group-045AAD0D4D73-FollowerState was interrupted: java.lang.InterruptedException: sleep interrupted
2019-10-20 04:42:46,460 [grpc-default-executor-2] INFO  impl.RoleInfo (RoleInfo.java:updateAndGet(143)) - 57114e09-3b7f-4b4a-a342-090fe34f336a: start FollowerState
2019-10-20 04:42:46,460 [grpc-default-executor-4] INFO  impl.RoleInfo (RoleInfo.java:updateAndGet(143)) - 8f4dcc74-0612-4035-9040-5f73cd792029: start FollowerState
2019-10-20 04:42:46,460 [Thread-730] INFO  impl.FollowerState (FollowerState.java:run(117)) - 8f4dcc74-0612-4035-9040-5f73cd792029@group-045AAD0D4D73-FollowerState was interrupted: java.lang.InterruptedException: sleep interrupted
2019-10-20 04:42:46,466 [e3be97a9-3d3a-4f1a-9aac-bb0a1b054e74@group-045AAD0D4D73-LeaderElection29] INFO  impl.LeaderElection (LeaderElection.java:logAndReturn(56)) - e3be97a9-3d3a-4f1a-9aac-bb0a1b054e74@group-045AAD0D4D73-LeaderElection29: Election TIMEOUT; received 0 response(s) [] and 0 exception(s); e3be97a9-3d3a-4f1a-9aac-bb0a1b054e74@group-045AAD0D4D73:t29, leader=null, voted=e3be97a9-3d3a-4f1a-9aac-bb0a1b054e74, raftlog=e3be97a9-3d3a-4f1a-9aac-bb0a1b054e74@group-045AAD0D4D73-SegmentedRaftLog:OPENED:c3,f4,i4, conf=0: [57114e09-3b7f-4b4a-a342-090fe34f336a:192.168.164.239:45374, e3be97a9-3d3a-4f1a-9aac-bb0a1b054e74:192.168.164.239:42267, 8f4dcc74-0612-4035-9040-5f73cd792029:192.168.164.239:37614], old=null
2019-10-20 04:42:46,489 [e3be97a9-3d3a-4f1a-9aac-bb0a1b054e74@group-045AAD0D4D73-LeaderElection29] INFO  impl.LeaderElection (LeaderElection.java:askForVotes(178)) - e3be97a9-3d3a-4f1a-9aac-bb0a1b054e74@group-045AAD0D4D73-LeaderElection29: begin an election at term 30 for 0: [57114e09-3b7f-4b4a-a342-090fe34f336a:192.168.164.239:45374, e3be97a9-3d3a-4f1a-9aac-bb0a1b054e74:192.168.164.239:42267, 8f4dcc74-0612-4035-9040-5f73cd792029:192.168.164.239:37614], old=null
2019-10-20 04:42:46,492 [grpc-default-executor-4] INFO  impl.RaftServerImpl (RaftServerImpl.java:setRole(184)) - 57114e09-3b7f-4b4a-a342-090fe34f336a@group-045AAD0D4D73: changes role from  FOLLOWER to FOLLOWER at term 30 for recognizeCandidate:e3be97a9-3d3a-4f1a-9aac-bb0a1b054e74
2019-10-20 04:42:46,494 [grpc-default-executor-4] INFO  impl.RoleInfo (RoleInfo.java:shutdownFollowerState(121)) - 57114e09-3b7f-4b4a-a342-090fe34f336a: shutdown FollowerState
2019-10-20 04:42:46,492 [grpc-default-executor-2] INFO  impl.RaftServerImpl (RaftServerImpl.java:setRole(184)) - 8f4dcc74-0612-4035-9040-5f73cd792029@group-045AAD0D4D73: changes role from  FOLLOWER to FOLLOWER at term 30 for recognizeCandidate:e3be97a9-3d3a-4f1a-9aac-bb0a1b054e74
2019-10-20 04:42:46,494 [Thread-737] INFO  impl.FollowerState (FollowerState.java:run(117)) - 57114e09-3b7f-4b4a-a342-090fe34f336a@group-045AAD0D4D73-FollowerState was interrupted: java.lang.InterruptedException: sleep interrupted
2019-10-20 04:42:46,494 [grpc-default-executor-4] INFO  impl.RoleInfo (RoleInfo.java:updateAndGet(143)) - 57114e09-3b7f-4b4a-a342-090fe34f336a: start FollowerState
2019-10-20 04:42:46,494 [grpc-default-executor-2] INFO  impl.RoleInfo (RoleInfo.java:shutdownFollowerState(121)) - 8f4dcc74-0612-4035-9040-5f73cd792029: shutdown FollowerState
2019-10-20 04:42:46,494 [grpc-default-executor-2] INFO  impl.RoleInfo (RoleInfo.java:updateAndGet(143)) - 8f4dcc74-0612-4035-9040-5f73cd792029: start FollowerState
2019-10-20 04:42:46,495 [Thread-738] INFO  impl.FollowerState (FollowerState.java:run(117)) - 8f4dcc74-0612-4035-9040-5f73cd792029@group-045AAD0D4D73-FollowerState was interrupted: java.lang.InterruptedException: sleep interrupted
2019-10-20 04:42:46,533 [e3be97a9-3d3a-4f1a-9aac-bb0a1b054e74@group-045AAD0D4D73-LeaderElection29] INFO  impl.LeaderElection (LeaderElection.java:logAndReturn(56)) - e3be97a9-3d3a-4f1a-9aac-bb0a1b054e74@group-045AAD0D4D73-LeaderElection29: Election REJECTED; received 2 response(s) [e3be97a9-3d3a-4f1a-9aac-bb0a1b054e74<-57114e09-3b7f-4b4a-a342-090fe34f336a#0:FAIL-t30, e3be97a9-3d3a-4f1a-9aac-bb0a1b054e74<-8f4dcc74-0612-4035-9040-5f73cd792029#0:FAIL-t30] and 0 exception(s); e3be97a9-3d3a-4f1a-9aac-bb0a1b054e74@group-045AAD0D4D73:t30, leader=null, voted=e3be97a9-3d3a-4f1a-9aac-bb0a1b054e74, raftlog=e3be97a9-3d3a-4f1a-9aac-bb0a1b054e74@group-045AAD0D4D73-SegmentedRaftLog:OPENED:c3,f4,i4, conf=0: [57114e09-3b7f-4b4a-a342-090fe34f336a:192.168.164.239:45374, e3be97a9-3d3a-4f1a-9aac-bb0a1b054e74:192.168.164.239:42267, 8f4dcc74-0612-4035-9040-5f73cd792029:192.168.164.239:37614], old=null
2019-10-20 04:42:46,533 [e3be97a9-3d3a-4f1a-9aac-bb0a1b054e74@group-045AAD0D4D73-LeaderElection29] INFO  impl.RaftServerImpl (RaftServerImpl.java:setRole(184)) - e3be97a9-3d3a-4f1a-9aac-bb0a1b054e74@group-045AAD0D4D73: changes role from CANDIDATE to FOLLOWER at term 30 for DISCOVERED_A_NEW_TERM
2019-10-20 04:42:46,533 [e3be97a9-3d3a-4f1a-9aac-bb0a1b054e74@group-045AAD0D4D73-LeaderElection29] INFO  impl.RoleInfo (RoleInfo.java:shutdownLeaderElection(134)) - e3be97a9-3d3a-4f1a-9aac-bb0a1b054e74: shutdown LeaderElection
2019-10-20 04:42:46,533 [e3be97a9-3d3a-4f1a-9aac-bb0a1b054e74@group-045AAD0D4D73-LeaderElection29] INFO  impl.RoleInfo (RoleInfo.java:updateAndGet(143)) - e3be97a9-3d3a-4f1a-9aac-bb0a1b054e74: start FollowerState
2019-10-20 04:42:46,717 [Thread-743] INFO  impl.FollowerState (FollowerState.java:run(108)) - e3be97a9-3d3a-4f1a-9aac-bb0a1b054e74@group-045AAD0D4D73-FollowerState: change to CANDIDATE, lastRpcTime:183ms, electionTimeout:183ms
2019-10-20 04:42:46,719 [Thread-743] INFO  impl.RoleInfo (RoleInfo.java:shutdownFollowerState(121)) - e3be97a9-3d3a-4f1a-9aac-bb0a1b054e74: shutdown FollowerState
2019-10-20 04:42:46,719 [Thread-743] INFO  impl.RaftServerImpl (RaftServerImpl.java:setRole(184)) - e3be97a9-3d3a-4f1a-9aac-bb0a1b054e74@group-045AAD0D4D73: changes role from  FOLLOWER to CANDIDATE at term 30 for changeToCandidate
2019-10-20 04:42:46,719 [Thread-743] INFO  impl.RoleInfo (RoleInfo.java:updateAndGet(143)) - e3be97a9-3d3a-4f1a-9aac-bb0a1b054e74: start LeaderElection
2019-10-20 04:42:46,748 [e3be97a9-3d3a-4f1a-9aac-bb0a1b054e74@group-045AAD0D4D73-LeaderElection30] INFO  impl.LeaderElection (LeaderElection.java:askForVotes(178)) - e3be97a9-3d3a-4f1a-9aac-bb0a1b054e74@group-045AAD0D4D73-LeaderElection30: begin an election at term 31 for 0: [57114e09-3b7f-4b4a-a342-090fe34f336a:192.168.164.239:45374, e3be97a9-3d3a-4f1a-9aac-bb0a1b054e74:192.168.164.239:42267, 8f4dcc74-0612-4035-9040-5f73cd792029:192.168.164.239:37614], old=null
2019-10-20 04:42:46,752 [grpc-default-executor-4] INFO  impl.RaftServerImpl (RaftServerImpl.java:setRole(184)) - 57114e09-3b7f-4b4a-a342-090fe34f336a@group-045AAD0D4D73: changes role from  FOLLOWER to FOLLOWER at term 31 for recognizeCandidate:e3be97a9-3d3a-4f1a-9aac-bb0a1b054e74
2019-10-20 04:42:46,752 [grpc-default-executor-2] INFO  impl.RaftServerImpl (RaftServerImpl.java:setRole(184)) - 8f4dcc74-0612-4035-9040-5f73cd792029@group-045AAD0D4D73: changes role from  FOLLOWER to FOLLOWER at term 31 for recognizeCandidate:e3be97a9-3d3a-4f1a-9aac-bb0a1b054e74
2019-10-20 04:42:46,752 [grpc-default-executor-2] INFO  impl.RoleInfo (RoleInfo.java:shutdownFollowerState(121)) - 8f4dcc74-0612-4035-9040-5f73cd792029: shutdown FollowerState
2019-10-20 04:42:46,752 [grpc-default-executor-4] INFO  impl.RoleInfo (RoleInfo.java:shutdownFollowerState(121)) - 57114e09-3b7f-4b4a-a342-090fe34f336a: shutdown FollowerState
2019-10-20 04:42:46,752 [Thread-742] INFO  impl.FollowerState (FollowerState.java:run(117)) - 8f4dcc74-0612-4035-9040-5f73cd792029@group-045AAD0D4D73-FollowerState was interrupted: java.lang.InterruptedException: sleep interrupted
2019-10-20 04:42:46,752 [grpc-default-executor-2] INFO  impl.RoleInfo (RoleInfo.java:updateAndGet(143)) - 8f4dcc74-0612-4035-9040-5f73cd792029: start FollowerState
2019-10-20 04:42:46,753 [Thread-741] INFO  impl.FollowerState (FollowerState.java:run(117)) - 57114e09-3b7f-4b4a-a342-090fe34f336a@group-045AAD0D4D73-FollowerState was interrupted: java.lang.InterruptedException: sleep interrupted
2019-10-20 04:42:46,753 [grpc-default-executor-4] INFO  impl.RoleInfo (RoleInfo.java:updateAndGet(143)) - 57114e09-3b7f-4b4a-a342-090fe34f336a: start FollowerState
2019-10-20 04:42:46,783 [e3be97a9-3d3a-4f1a-9aac-bb0a1b054e74@group-045AAD0D4D73-LeaderElection30] INFO  impl.LeaderElection (LeaderElection.java:logAndReturn(56)) - e3be97a9-3d3a-4f1a-9aac-bb0a1b054e74@group-045AAD0D4D73-LeaderElection30: Election REJECTED; received 2 response(s) [e3be97a9-3d3a-4f1a-9aac-bb0a1b054e74<-57114e09-3b7f-4b4a-a342-090fe34f336a#0:FAIL-t31, e3be97a9-3d3a-4f1a-9aac-bb0a1b054e74<-8f4dcc74-0612-4035-9040-5f73cd792029#0:FAIL-t31] and 0 exception(s); e3be97a9-3d3a-4f1a-9aac-bb0a1b054e74@group-045AAD0D4D73:t31, leader=null, voted=e3be97a9-3d3a-4f1a-9aac-bb0a1b054e74, raftlog=e3be97a9-3d3a-4f1a-9aac-bb0a1b054e74@group-045AAD0D4D73-SegmentedRaftLog:OPENED:c3,f4,i4, conf=0: [57114e09-3b7f-4b4a-a342-090fe34f336a:192.168.164.239:45374, e3be97a9-3d3a-4f1a-9aac-bb0a1b054e74:192.168.164.239:42267, 8f4dcc74-0612-4035-9040-5f73cd792029:192.168.164.239:37614], old=null
2019-10-20 04:42:46,784 [e3be97a9-3d3a-4f1a-9aac-bb0a1b054e74@group-045AAD0D4D73-LeaderElection30] INFO  impl.RaftServerImpl (RaftServerImpl.java:setRole(184)) - e3be97a9-3d3a-4f1a-9aac-bb0a1b054e74@group-045AAD0D4D73: changes role from CANDIDATE to FOLLOWER at term 31 for DISCOVERED_A_NEW_TERM
2019-10-20 04:42:46,784 [e3be97a9-3d3a-4f1a-9aac-bb0a1b054e74@group-045AAD0D4D73-LeaderElection30] INFO  impl.RoleInfo (RoleInfo.java:shutdownLeaderElection(134)) - e3be97a9-3d3a-4f1a-9aac-bb0a1b054e74: shutdown LeaderElection
2019-10-20 04:42:46,784 [e3be97a9-3d3a-4f1a-9aac-bb0a1b054e74@group-045AAD0D4D73-LeaderElection30] INFO  impl.RoleInfo (RoleInfo.java:updateAndGet(143)) - e3be97a9-3d3a-4f1a-9aac-bb0a1b054e74: start FollowerState
2019-10-20 04:42:46,840 [Thread-749] INFO  impl.FollowerState (FollowerState.java:run(108)) - e3be97a9-3d3a-4f1a-9aac-bb0a1b054e74@group-045AAD0D4D73-FollowerState: change to CANDIDATE, lastRpcTime:55ms, electionTimeout:55ms
2019-10-20 04:42:46,844 [Thread-749] INFO  impl.RoleInfo (RoleInfo.java:shutdownFollowerState(121)) - e3be97a9-3d3a-4f1a-9aac-bb0a1b054e74: shutdown FollowerState
2019-10-20 04:42:46,844 [Thread-749] INFO  impl.RaftServerImpl (RaftServerImpl.java:setRole(184)) - e3be97a9-3d3a-4f1a-9aac-bb0a1b054e74@group-045AAD0D4D73: changes role from  FOLLOWER to CANDIDATE at term 31 for changeToCandidate
2019-10-20 04:42:46,844 [Thread-749] INFO  impl.RoleInfo (RoleInfo.java:updateAndGet(143)) - e3be97a9-3d3a-4f1a-9aac-bb0a1b054e74: start LeaderElection
2019-10-20 04:42:46,875 [e3be97a9-3d3a-4f1a-9aac-bb0a1b054e74@group-045AAD0D4D73-LeaderElection31] INFO  impl.LeaderElection (LeaderElection.java:askForVotes(178)) - e3be97a9-3d3a-4f1a-9aac-bb0a1b054e74@group-045AAD0D4D73-LeaderElection31: begin an election at term 32 for 0: [57114e09-3b7f-4b4a-a342-090fe34f336a:192.168.164.239:45374, e3be97a9-3d3a-4f1a-9aac-bb0a1b054e74:192.168.164.239:42267, 8f4dcc74-0612-4035-9040-5f73cd792029:192.168.164.239:37614], old=null
2019-10-20 04:42:46,878 [grpc-default-executor-4] INFO  impl.RaftServerImpl (RaftServerImpl.java:setRole(184)) - 8f4dcc74-0612-4035-9040-5f73cd792029@group-045AAD0D4D73: changes role from  FOLLOWER to FOLLOWER at term 32 for recognizeCandidate:e3be97a9-3d3a-4f1a-9aac-bb0a1b054e74
2019-10-20 04:42:46,878 [grpc-default-executor-2] INFO  impl.RaftServerImpl (RaftServerImpl.java:setRole(184)) - 57114e09-3b7f-4b4a-a342-090fe34f336a@group-045AAD0D4D73: changes role from  FOLLOWER to FOLLOWER at term 32 for recognizeCandidate:e3be97a9-3d3a-4f1a-9aac-bb0a1b054e74
2019-10-20 04:42:46,878 [grpc-default-executor-4] INFO  impl.RoleInfo (RoleInfo.java:shutdownFollowerState(121)) - 8f4dcc74-0612-4035-9040-5f73cd792029: shutdown FollowerState
2019-10-20 04:42:46,878 [grpc-default-executor-2] INFO  impl.RoleInfo (RoleInfo.java:shutdownFollowerState(121)) - 57114e09-3b7f-4b4a-a342-090fe34f336a: shutdown FollowerState
2019-10-20 04:42:46,879 [Thread-747] INFO  impl.FollowerState (FollowerState.java:run(117)) - 8f4dcc74-0612-4035-9040-5f73cd792029@group-045AAD0D4D73-FollowerState was interrupted: java.lang.InterruptedException: sleep interrupted
2019-10-20 04:42:46,879 [grpc-default-executor-4] INFO  impl.RoleInfo (RoleInfo.java:updateAndGet(143)) - 8f4dcc74-0612-4035-9040-5f73cd792029: start FollowerState
2019-10-20 04:42:46,879 [grpc-default-executor-2] INFO  impl.RoleInfo (RoleInfo.java:updateAndGet(143)) - 57114e09-3b7f-4b4a-a342-090fe34f336a: start FollowerState
2019-10-20 04:42:46,879 [Thread-748] INFO  impl.FollowerState (FollowerState.java:run(117)) - 57114e09-3b7f-4b4a-a342-090fe34f336a@group-045AAD0D4D73-FollowerState was interrupted: java.lang.InterruptedException: sleep interrupted
2019-10-20 04:42:46,902 [e3be97a9-3d3a-4f1a-9aac-bb0a1b054e74@group-045AAD0D4D73-LeaderElection31] INFO  impl.LeaderElection (LeaderElection.java:logAndReturn(56)) - e3be97a9-3d3a-4f1a-9aac-bb0a1b054e74@group-045AAD0D4D73-LeaderElection31: Election REJECTED; received 2 response(s) [e3be97a9-3d3a-4f1a-9aac-bb0a1b054e74<-57114e09-3b7f-4b4a-a342-090fe34f336a#0:FAIL-t32, e3be97a9-3d3a-4f1a-9aac-bb0a1b054e74<-8f4dcc74-0612-4035-9040-5f73cd792029#0:FAIL-t32] and 0 exception(s); e3be97a9-3d3a-4f1a-9aac-bb0a1b054e74@group-045AAD0D4D73:t32, leader=null, voted=e3be97a9-3d3a-4f1a-9aac-bb0a1b054e74, raftlog=e3be97a9-3d3a-4f1a-9aac-bb0a1b054e74@group-045AAD0D4D73-SegmentedRaftLog:OPENED:c3,f4,i4, conf=0: [57114e09-3b7f-4b4a-a342-090fe34f336a:192.168.164.239:45374, e3be97a9-3d3a-4f1a-9aac-bb0a1b054e74:192.168.164.239:42267, 8f4dcc74-0612-4035-9040-5f73cd792029:192.168.164.239:37614], old=null
2019-10-20 04:42:46,902 [e3be97a9-3d3a-4f1a-9aac-bb0a1b054e74@group-045AAD0D4D73-LeaderElection31] INFO  impl.RaftServerImpl (RaftServerImpl.java:setRole(184)) - e3be97a9-3d3a-4f1a-9aac-bb0a1b054e74@group-045AAD0D4D73: changes role from CANDIDATE to FOLLOWER at term 32 for DISCOVERED_A_NEW_TERM
2019-10-20 04:42:46,902 [e3be97a9-3d3a-4f1a-9aac-bb0a1b054e74@group-045AAD0D4D73-LeaderElection31] INFO  impl.RoleInfo (RoleInfo.java:shutdownLeaderElection(134)) - e3be97a9-3d3a-4f1a-9aac-bb0a1b054e74: shutdown LeaderElection
2019-10-20 04:42:46,902 [e3be97a9-3d3a-4f1a-9aac-bb0a1b054e74@group-045AAD0D4D73-LeaderElection31] INFO  impl.RoleInfo (RoleInfo.java:updateAndGet(143)) - e3be97a9-3d3a-4f1a-9aac-bb0a1b054e74: start FollowerState
2019-10-20 04:42:46,965 [EventQueue-PendingDeleteStatusForPendingDeleteHandler] INFO  block.SCMBlockDeletingService (SCMBlockDeletingService.java:handlePendingDeletes(115)) - Block deletion txnID mismatch in datanode e3be97a9-3d3a-4f1a-9aac-bb0a1b054e74 for containerID 1. Datanode delete txnID: 0, SCM txnID: 1
2019-10-20 04:42:46,999 [grpc-default-executor-4] INFO  impl.RaftServerProxy (RaftServerProxy.java:addNew(89)) - e3be97a9-3d3a-4f1a-9aac-bb0a1b054e74: addNew group-A10CFFEA4055:[e3be97a9-3d3a-4f1a-9aac-bb0a1b054e74:192.168.164.239:42267] returns group-A10CFFEA4055:java.util.concurrent.CompletableFuture@131136a7[Not completed]
2019-10-20 04:42:47,000 [pool-59-thread-1] INFO  impl.RaftServerImpl (RaftServerImpl.java:<init>(104)) - e3be97a9-3d3a-4f1a-9aac-bb0a1b054e74: new RaftServerImpl for group-A10CFFEA4055:[e3be97a9-3d3a-4f1a-9aac-bb0a1b054e74:192.168.164.239:42267] with ContainerStateMachine:uninitialized
2019-10-20 04:42:47,000 [pool-59-thread-1] INFO  server.RaftServerConfigKeys (ConfUtils.java:logGet(43)) - raft.server.rpc.timeout.min = 5s (custom)
2019-10-20 04:42:47,000 [pool-59-thread-1] INFO  server.RaftServerConfigKeys (ConfUtils.java:logGet(43)) - raft.server.rpc.timeout.max = 5200ms (custom)
2019-10-20 04:42:47,001 [pool-59-thread-1] INFO  server.RaftServerConfigKeys (ConfUtils.java:logGet(43)) - raft.server.rpcslowness.timeout = 1000s (custom)
2019-10-20 04:42:47,001 [pool-59-thread-1] INFO  server.RaftServerConfigKeys (ConfUtils.java:logGet(43)) - raft.server.sleep.deviation.threshold = 300 (default)
2019-10-20 04:42:47,001 [pool-59-thread-1] INFO  server.RaftServerConfigKeys (ConfUtils.java:logGet(43)) - raft.server.log.appender.install.snapshot.enabled = false (custom)
2019-10-20 04:42:47,001 [pool-59-thread-1] INFO  impl.RaftServerImpl (ServerState.java:<init>(103)) - e3be97a9-3d3a-4f1a-9aac-bb0a1b054e74@group-A10CFFEA4055: ConfigurationManager, init=-1: [e3be97a9-3d3a-4f1a-9aac-bb0a1b054e74:192.168.164.239:42267], old=null, confs=<EMPTY_MAP>
2019-10-20 04:42:47,001 [pool-59-thread-1] INFO  server.RaftServerConfigKeys (ConfUtils.java:logGet(43)) - raft.server.storage.dir = [/workdir/hadoop-ozone/integration-test/target/test-dir/MiniOzoneClusterImpl-d38a7f5b-303d-44e0-98bc-bd79b7bb2084/datanode-2/data/ratis] (custom)
2019-10-20 04:42:47,001 [pool-59-thread-1] INFO  server.RaftServerConfigKeys (ConfUtils.java:logGet(43)) - raft.server.log.corruption.policy = EXCEPTION (default)
2019-10-20 04:42:47,001 [pool-59-thread-1] INFO  storage.RaftStorageDirectory (RaftStorageDirectory.java:analyzeStorage(246)) - The storage directory /workdir/hadoop-ozone/integration-test/target/test-dir/MiniOzoneClusterImpl-d38a7f5b-303d-44e0-98bc-bd79b7bb2084/datanode-2/data/ratis/8387ced9-08a9-4eee-90ee-a10cffea4055 does not exist. Creating ...
2019-10-20 04:42:47,026 [pool-59-thread-1] INFO  storage.RaftStorageDirectory (RaftStorageDirectory.java:tryLock(328)) - Lock on /workdir/hadoop-ozone/integration-test/target/test-dir/MiniOzoneClusterImpl-d38a7f5b-303d-44e0-98bc-bd79b7bb2084/datanode-2/data/ratis/8387ced9-08a9-4eee-90ee-a10cffea4055/in_use.lock acquired by nodename 26650@trunk-nightly-20191020-r5wzl-4145440258
2019-10-20 04:42:47,031 [Thread-755] INFO  impl.FollowerState (FollowerState.java:run(108)) - e3be97a9-3d3a-4f1a-9aac-bb0a1b054e74@group-045AAD0D4D73-FollowerState: change to CANDIDATE, lastRpcTime:128ms, electionTimeout:128ms
2019-10-20 04:42:47,031 [Thread-755] INFO  impl.RoleInfo (RoleInfo.java:shutdownFollowerState(121)) - e3be97a9-3d3a-4f1a-9aac-bb0a1b054e74: shutdown FollowerState
2019-10-20 04:42:47,031 [Thread-755] INFO  impl.RaftServerImpl (RaftServerImpl.java:setRole(184)) - e3be97a9-3d3a-4f1a-9aac-bb0a1b054e74@group-045AAD0D4D73: changes role from  FOLLOWER to CANDIDATE at term 32 for changeToCandidate
2019-10-20 04:42:47,031 [Thread-755] INFO  impl.RoleInfo (RoleInfo.java:updateAndGet(143)) - e3be97a9-3d3a-4f1a-9aac-bb0a1b054e74: start LeaderElection
2019-10-20 04:42:47,051 [pool-59-thread-1] INFO  storage.RaftStorage (RaftStorage.java:format(84)) - Storage directory /workdir/hadoop-ozone/integration-test/target/test-dir/MiniOzoneClusterImpl-d38a7f5b-303d-44e0-98bc-bd79b7bb2084/datanode-2/data/ratis/8387ced9-08a9-4eee-90ee-a10cffea4055 has been successfully formatted.
2019-10-20 04:42:47,051 [e3be97a9-3d3a-4f1a-9aac-bb0a1b054e74@group-045AAD0D4D73-LeaderElection32] INFO  impl.LeaderElection (LeaderElection.java:askForVotes(178)) - e3be97a9-3d3a-4f1a-9aac-bb0a1b054e74@group-045AAD0D4D73-LeaderElection32: begin an election at term 33 for 0: [57114e09-3b7f-4b4a-a342-090fe34f336a:192.168.164.239:45374, e3be97a9-3d3a-4f1a-9aac-bb0a1b054e74:192.168.164.239:42267, 8f4dcc74-0612-4035-9040-5f73cd792029:192.168.164.239:37614], old=null
2019-10-20 04:42:47,052 [pool-59-thread-1] INFO  ratis.ContainerStateMachine (ContainerStateMachine.java:loadSnapshot(231)) - group-A10CFFEA4055: The snapshot info is null. Setting the last applied indexto:(t:0, i:~)
2019-10-20 04:42:47,052 [pool-59-thread-1] INFO  server.RaftServerConfigKeys (ConfUtils.java:logGet(43)) - raft.server.notification.no-leader.timeout = 1000s (custom)
2019-10-20 04:42:47,052 [pool-59-thread-1] INFO  server.RaftServerConfigKeys (ConfUtils.java:logGet(43)) - raft.server.log.use.memory = false (default)
2019-10-20 04:42:47,052 [pool-59-thread-1] INFO  server.RaftServerConfigKeys (ConfUtils.java:logGet(43)) - raft.server.log.purge.gap = 1000000 (custom)
2019-10-20 04:42:47,052 [pool-59-thread-1] INFO  server.RaftServerConfigKeys (ConfUtils.java:logGet(43)) - raft.server.log.appender.buffer.byte-limit = 33554432 (custom)
2019-10-20 04:42:47,052 [pool-59-thread-1] INFO  server.RaftServerConfigKeys (ConfUtils.java:logGet(43)) - raft.server.log.segment.size.max = 1048576 (custom)
2019-10-20 04:42:47,052 [pool-59-thread-1] INFO  server.RaftServerConfigKeys (ConfUtils.java:logGet(43)) - raft.server.log.segment.cache.num.max = 2 (custom)
2019-10-20 04:42:47,053 [pool-59-thread-1] INFO  segmented.SegmentedRaftLogWorker (SegmentedRaftLogWorker.java:<init>(173)) - new e3be97a9-3d3a-4f1a-9aac-bb0a1b054e74@group-A10CFFEA4055-SegmentedRaftLogWorker for RaftStorage:Storage Directory /workdir/hadoop-ozone/integration-test/target/test-dir/MiniOzoneClusterImpl-d38a7f5b-303d-44e0-98bc-bd79b7bb2084/datanode-2/data/ratis/8387ced9-08a9-4eee-90ee-a10cffea4055
2019-10-20 04:42:47,053 [pool-59-thread-1] INFO  server.RaftServerConfigKeys (ConfUtils.java:logGet(43)) - raft.server.log.queue.byte-limit = 2147483647 (custom)
2019-10-20 04:42:47,053 [pool-59-thread-1] INFO  server.RaftServerConfigKeys (ConfUtils.java:logGet(43)) - raft.server.log.queue.element-limit = 1024 (custom)
2019-10-20 04:42:47,053 [pool-59-thread-1] INFO  server.RaftServerConfigKeys (ConfUtils.java:logGet(43)) - raft.server.log.segment.size.max = 1048576 (custom)
2019-10-20 04:42:47,053 [pool-59-thread-1] INFO  server.RaftServerConfigKeys (ConfUtils.java:logGet(43)) - raft.server.log.preallocated.size = 16384 (custom)
2019-10-20 04:42:47,053 [pool-59-thread-1] INFO  server.RaftServerConfigKeys (ConfUtils.java:logGet(43)) - raft.server.log.write.buffer.size = 33554432 (custom)
2019-10-20 04:42:47,053 [pool-59-thread-1] INFO  server.RaftServerConfigKeys (ConfUtils.java:logGet(43)) - raft.server.log.force.sync.num = 128 (default)
2019-10-20 04:42:47,053 [pool-59-thread-1] INFO  server.RaftServerConfigKeys (ConfUtils.java:logGet(43)) - raft.server.log.statemachine.data.sync = true (default)
2019-10-20 04:42:47,053 [pool-59-thread-1] INFO  server.RaftServerConfigKeys (ConfUtils.java:logGet(43)) - raft.server.log.statemachine.data.sync.timeout = 10s (default)
2019-10-20 04:42:47,053 [pool-59-thread-1] INFO  server.RaftServerConfigKeys (ConfUtils.java:logGet(43)) - raft.server.log.statemachine.data.sync.timeout.retry = -1 (default)
2019-10-20 04:42:47,054 [pool-59-thread-1] INFO  server.RaftServerConfigKeys (ConfUtils.java:logGet(43)) - raft.server.log.statemachine.data.caching.enabled = true (custom)
2019-10-20 04:42:47,054 [pool-59-thread-1] INFO  segmented.SegmentedRaftLogWorker (SegmentedRaftLogWorker.java:lambda$new$0(128)) - e3be97a9-3d3a-4f1a-9aac-bb0a1b054e74@group-A10CFFEA4055-SegmentedRaftLogWorker: flushIndex: setUnconditionally 0 -> -1
2019-10-20 04:42:47,054 [pool-59-thread-1] INFO  server.RaftServerConfigKeys (ConfUtils.java:logGet(43)) - raft.server.snapshot.auto.trigger.enabled = true (custom)
2019-10-20 04:42:47,054 [pool-59-thread-1] INFO  server.RaftServerConfigKeys (ConfUtils.java:logGet(43)) - raft.server.snapshot.auto.trigger.threshold = 10000 (custom)
2019-10-20 04:42:47,054 [pool-59-thread-1] INFO  server.RaftServerConfigKeys (ConfUtils.java:logGet(43)) - raft.server.snapshot.retention.file.num = 5 (custom)
2019-10-20 04:42:47,054 [pool-59-thread-1] INFO  server.RaftServerConfigKeys (ConfUtils.java:logGet(43)) - raft.server.retrycache.expirytime = 600000ms (custom)
2019-10-20 04:42:47,054 [grpc-default-executor-2] INFO  impl.RaftServerImpl (RaftServerImpl.java:setRole(184)) - 57114e09-3b7f-4b4a-a342-090fe34f336a@group-045AAD0D4D73: changes role from  FOLLOWER to FOLLOWER at term 33 for recognizeCandidate:e3be97a9-3d3a-4f1a-9aac-bb0a1b054e74
2019-10-20 04:42:47,054 [grpc-default-executor-4] INFO  impl.RaftServerImpl (RaftServerImpl.java:setRole(184)) - 8f4dcc74-0612-4035-9040-5f73cd792029@group-045AAD0D4D73: changes role from  FOLLOWER to FOLLOWER at term 33 for recognizeCandidate:e3be97a9-3d3a-4f1a-9aac-bb0a1b054e74
2019-10-20 04:42:47,055 [grpc-default-executor-2] INFO  impl.RoleInfo (RoleInfo.java:shutdownFollowerState(121)) - 57114e09-3b7f-4b4a-a342-090fe34f336a: shutdown FollowerState
2019-10-20 04:42:47,055 [grpc-default-executor-4] INFO  impl.RoleInfo (RoleInfo.java:shutdownFollowerState(121)) - 8f4dcc74-0612-4035-9040-5f73cd792029: shutdown FollowerState
2019-10-20 04:42:47,055 [Thread-754] INFO  impl.FollowerState (FollowerState.java:run(117)) - 57114e09-3b7f-4b4a-a342-090fe34f336a@group-045AAD0D4D73-FollowerState was interrupted: java.lang.InterruptedException: sleep interrupted
2019-10-20 04:42:47,055 [grpc-default-executor-2] INFO  impl.RoleInfo (RoleInfo.java:updateAndGet(143)) - 57114e09-3b7f-4b4a-a342-090fe34f336a: start FollowerState
2019-10-20 04:42:47,055 [Thread-753] INFO  impl.FollowerState (FollowerState.java:run(117)) - 8f4dcc74-0612-4035-9040-5f73cd792029@group-045AAD0D4D73-FollowerState was interrupted: java.lang.InterruptedException: sleep interrupted
2019-10-20 04:42:47,055 [grpc-default-executor-4] INFO  impl.RoleInfo (RoleInfo.java:updateAndGet(143)) - 8f4dcc74-0612-4035-9040-5f73cd792029: start FollowerState
2019-10-20 04:42:47,057 [pool-59-thread-1] INFO  impl.RaftServerImpl (RaftServerImpl.java:start(195)) - e3be97a9-3d3a-4f1a-9aac-bb0a1b054e74@group-A10CFFEA4055: start as a follower, conf=-1: [e3be97a9-3d3a-4f1a-9aac-bb0a1b054e74:192.168.164.239:42267], old=null
2019-10-20 04:42:47,057 [pool-59-thread-1] INFO  impl.RaftServerImpl (RaftServerImpl.java:setRole(184)) - e3be97a9-3d3a-4f1a-9aac-bb0a1b054e74@group-A10CFFEA4055: changes role from      null to FOLLOWER at term 0 for startAsFollower
2019-10-20 04:42:47,057 [pool-59-thread-1] INFO  impl.RoleInfo (RoleInfo.java:updateAndGet(143)) - e3be97a9-3d3a-4f1a-9aac-bb0a1b054e74: start FollowerState
2019-10-20 04:42:47,057 [pool-59-thread-1] INFO  util.JmxRegister (JmxRegister.java:tryRegister(44)) - Successfully registered JMX Bean with object name Ratis:service=RaftServer,group=group-A10CFFEA4055,id=e3be97a9-3d3a-4f1a-9aac-bb0a1b054e74
2019-10-20 04:42:47,063 [RatisPipelineUtilsThread] INFO  pipeline.PipelineStateManager (PipelineStateManager.java:addPipeline(56)) - Created pipeline Pipeline[ Id: 8387ced9-08a9-4eee-90ee-a10cffea4055, Nodes: e3be97a9-3d3a-4f1a-9aac-bb0a1b054e74{ip: 192.168.164.239, host: trunk-nightly-20191020-r5wzl-4145440258, networkLocation: /default-rack, certSerialId: null}, Type:RATIS, Factor:ONE, State:OPEN]
2019-10-20 04:42:47,082 [grpc-default-executor-6] INFO  impl.RaftServerProxy (RaftServerProxy.java:addNew(89)) - e3be97a9-3d3a-4f1a-9aac-bb0a1b054e74: addNew group-49522119C91D:[57114e09-3b7f-4b4a-a342-090fe34f336a:192.168.164.239:45374, e3be97a9-3d3a-4f1a-9aac-bb0a1b054e74:192.168.164.239:42267, 8f4dcc74-0612-4035-9040-5f73cd792029:192.168.164.239:37614] returns group-49522119C91D:java.util.concurrent.CompletableFuture@17f57fd0[Not completed]
2019-10-20 04:42:47,082 [grpc-default-executor-5] INFO  impl.RaftServerProxy (RaftServerProxy.java:addNew(89)) - 8f4dcc74-0612-4035-9040-5f73cd792029: addNew group-49522119C91D:[57114e09-3b7f-4b4a-a342-090fe34f336a:192.168.164.239:45374, e3be97a9-3d3a-4f1a-9aac-bb0a1b054e74:192.168.164.239:42267, 8f4dcc74-0612-4035-9040-5f73cd792029:192.168.164.239:37614] returns group-49522119C91D:java.util.concurrent.CompletableFuture@47868f95[Not completed]
2019-10-20 04:42:47,083 [grpc-default-executor-1] INFO  impl.RaftServerProxy (RaftServerProxy.java:addNew(89)) - 57114e09-3b7f-4b4a-a342-090fe34f336a: addNew group-49522119C91D:[57114e09-3b7f-4b4a-a342-090fe34f336a:192.168.164.239:45374, e3be97a9-3d3a-4f1a-9aac-bb0a1b054e74:192.168.164.239:42267, 8f4dcc74-0612-4035-9040-5f73cd792029:192.168.164.239:37614] returns group-49522119C91D:java.util.concurrent.CompletableFuture@40bf049[Not completed]
2019-10-20 04:42:47,084 [pool-59-thread-1] INFO  impl.RaftServerImpl (RaftServerImpl.java:<init>(104)) - e3be97a9-3d3a-4f1a-9aac-bb0a1b054e74: new RaftServerImpl for group-49522119C91D:[57114e09-3b7f-4b4a-a342-090fe34f336a:192.168.164.239:45374, e3be97a9-3d3a-4f1a-9aac-bb0a1b054e74:192.168.164.239:42267, 8f4dcc74-0612-4035-9040-5f73cd792029:192.168.164.239:37614] with ContainerStateMachine:uninitialized
2019-10-20 04:42:47,084 [pool-59-thread-1] INFO  server.RaftServerConfigKeys (ConfUtils.java:logGet(43)) - raft.server.rpc.timeout.min = 5s (custom)
2019-10-20 04:42:47,084 [pool-59-thread-1] INFO  server.RaftServerConfigKeys (ConfUtils.java:logGet(43)) - raft.server.rpc.timeout.max = 5200ms (custom)
2019-10-20 04:42:47,084 [pool-59-thread-1] INFO  server.RaftServerConfigKeys (ConfUtils.java:logGet(43)) - raft.server.rpcslowness.timeout = 1000s (custom)
2019-10-20 04:42:47,084 [pool-59-thread-1] INFO  server.RaftServerConfigKeys (ConfUtils.java:logGet(43)) - raft.server.sleep.deviation.threshold = 300 (default)
2019-10-20 04:42:47,084 [pool-59-thread-1] INFO  server.RaftServerConfigKeys (ConfUtils.java:logGet(43)) - raft.server.log.appender.install.snapshot.enabled = false (custom)
2019-10-20 04:42:47,085 [pool-59-thread-1] INFO  impl.RaftServerImpl (ServerState.java:<init>(103)) - e3be97a9-3d3a-4f1a-9aac-bb0a1b054e74@group-49522119C91D: ConfigurationManager, init=-1: [57114e09-3b7f-4b4a-a342-090fe34f336a:192.168.164.239:45374, e3be97a9-3d3a-4f1a-9aac-bb0a1b054e74:192.168.164.239:42267, 8f4dcc74-0612-4035-9040-5f73cd792029:192.168.164.239:37614], old=null, confs=<EMPTY_MAP>
2019-10-20 04:42:47,085 [pool-59-thread-1] INFO  server.RaftServerConfigKeys (ConfUtils.java:logGet(43)) - raft.server.storage.dir = [/workdir/hadoop-ozone/integration-test/target/test-dir/MiniOzoneClusterImpl-d38a7f5b-303d-44e0-98bc-bd79b7bb2084/datanode-2/data/ratis] (custom)
2019-10-20 04:42:47,085 [pool-59-thread-1] INFO  server.RaftServerConfigKeys (ConfUtils.java:logGet(43)) - raft.server.log.corruption.policy = EXCEPTION (default)
2019-10-20 04:42:47,085 [pool-27-thread-1] INFO  impl.RaftServerImpl (RaftServerImpl.java:<init>(104)) - 57114e09-3b7f-4b4a-a342-090fe34f336a: new RaftServerImpl for group-49522119C91D:[57114e09-3b7f-4b4a-a342-090fe34f336a:192.168.164.239:45374, e3be97a9-3d3a-4f1a-9aac-bb0a1b054e74:192.168.164.239:42267, 8f4dcc74-0612-4035-9040-5f73cd792029:192.168.164.239:37614] with ContainerStateMachine:uninitialized
2019-10-20 04:42:47,085 [pool-59-thread-1] INFO  storage.RaftStorageDirectory (RaftStorageDirectory.java:analyzeStorage(246)) - The storage directory /workdir/hadoop-ozone/integration-test/target/test-dir/MiniOzoneClusterImpl-d38a7f5b-303d-44e0-98bc-bd79b7bb2084/datanode-2/data/ratis/402e9138-c345-4765-b2d0-49522119c91d does not exist. Creating ...
2019-10-20 04:42:47,085 [pool-27-thread-1] INFO  server.RaftServerConfigKeys (ConfUtils.java:logGet(43)) - raft.server.rpc.timeout.min = 5s (custom)
2019-10-20 04:42:47,086 [pool-27-thread-1] INFO  server.RaftServerConfigKeys (ConfUtils.java:logGet(43)) - raft.server.rpc.timeout.max = 5200ms (custom)
2019-10-20 04:42:47,086 [pool-27-thread-1] INFO  server.RaftServerConfigKeys (ConfUtils.java:logGet(43)) - raft.server.rpcslowness.timeout = 1000s (custom)
2019-10-20 04:42:47,086 [pool-27-thread-1] INFO  server.RaftServerConfigKeys (ConfUtils.java:logGet(43)) - raft.server.sleep.deviation.threshold = 300 (default)
2019-10-20 04:42:47,086 [e3be97a9-3d3a-4f1a-9aac-bb0a1b054e74@group-045AAD0D4D73-LeaderElection32] INFO  impl.LeaderElection (LeaderElection.java:logAndReturn(56)) - e3be97a9-3d3a-4f1a-9aac-bb0a1b054e74@group-045AAD0D4D73-LeaderElection32: Election REJECTED; received 2 response(s) [e3be97a9-3d3a-4f1a-9aac-bb0a1b054e74<-57114e09-3b7f-4b4a-a342-090fe34f336a#0:FAIL-t33, e3be97a9-3d3a-4f1a-9aac-bb0a1b054e74<-8f4dcc74-0612-4035-9040-5f73cd792029#0:FAIL-t33] and 0 exception(s); e3be97a9-3d3a-4f1a-9aac-bb0a1b054e74@group-045AAD0D4D73:t33, leader=null, voted=e3be97a9-3d3a-4f1a-9aac-bb0a1b054e74, raftlog=e3be97a9-3d3a-4f1a-9aac-bb0a1b054e74@group-045AAD0D4D73-SegmentedRaftLog:OPENED:c3,f4,i4, conf=0: [57114e09-3b7f-4b4a-a342-090fe34f336a:192.168.164.239:45374, e3be97a9-3d3a-4f1a-9aac-bb0a1b054e74:192.168.164.239:42267, 8f4dcc74-0612-4035-9040-5f73cd792029:192.168.164.239:37614], old=null
2019-10-20 04:42:47,086 [pool-27-thread-1] INFO  server.RaftServerConfigKeys (ConfUtils.java:logGet(43)) - raft.server.log.appender.install.snapshot.enabled = false (custom)
2019-10-20 04:42:47,086 [e3be97a9-3d3a-4f1a-9aac-bb0a1b054e74@group-045AAD0D4D73-LeaderElection32] INFO  impl.RaftServerImpl (RaftServerImpl.java:setRole(184)) - e3be97a9-3d3a-4f1a-9aac-bb0a1b054e74@group-045AAD0D4D73: changes role from CANDIDATE to FOLLOWER at term 33 for DISCOVERED_A_NEW_TERM
2019-10-20 04:42:47,086 [pool-27-thread-1] INFO  impl.RaftServerImpl (ServerState.java:<init>(103)) - 57114e09-3b7f-4b4a-a342-090fe34f336a@group-49522119C91D: ConfigurationManager, init=-1: [57114e09-3b7f-4b4a-a342-090fe34f336a:192.168.164.239:45374, e3be97a9-3d3a-4f1a-9aac-bb0a1b054e74:192.168.164.239:42267, 8f4dcc74-0612-4035-9040-5f73cd792029:192.168.164.239:37614], old=null, confs=<EMPTY_MAP>
2019-10-20 04:42:47,087 [pool-27-thread-1] INFO  server.RaftServerConfigKeys (ConfUtils.java:logGet(43)) - raft.server.storage.dir = [/workdir/hadoop-ozone/integration-test/target/test-dir/MiniOzoneClusterImpl-d38a7f5b-303d-44e0-98bc-bd79b7bb2084/datanode-0/data/ratis] (custom)
2019-10-20 04:42:47,086 [pool-37-thread-1] INFO  impl.RaftServerImpl (RaftServerImpl.java:<init>(104)) - 8f4dcc74-0612-4035-9040-5f73cd792029: new RaftServerImpl for group-49522119C91D:[57114e09-3b7f-4b4a-a342-090fe34f336a:192.168.164.239:45374, e3be97a9-3d3a-4f1a-9aac-bb0a1b054e74:192.168.164.239:42267, 8f4dcc74-0612-4035-9040-5f73cd792029:192.168.164.239:37614] with ContainerStateMachine:uninitialized
2019-10-20 04:42:47,087 [e3be97a9-3d3a-4f1a-9aac-bb0a1b054e74@group-045AAD0D4D73-LeaderElection32] INFO  impl.RoleInfo (RoleInfo.java:shutdownLeaderElection(134)) - e3be97a9-3d3a-4f1a-9aac-bb0a1b054e74: shutdown LeaderElection
2019-10-20 04:42:47,087 [pool-37-thread-1] INFO  server.RaftServerConfigKeys (ConfUtils.java:logGet(43)) - raft.server.rpc.timeout.min = 5s (custom)
2019-10-20 04:42:47,087 [e3be97a9-3d3a-4f1a-9aac-bb0a1b054e74@group-045AAD0D4D73-LeaderElection32] INFO  impl.RoleInfo (RoleInfo.java:updateAndGet(143)) - e3be97a9-3d3a-4f1a-9aac-bb0a1b054e74: start FollowerState
2019-10-20 04:42:47,087 [pool-27-thread-1] INFO  server.RaftServerConfigKeys (ConfUtils.java:logGet(43)) - raft.server.log.corruption.policy = EXCEPTION (default)
2019-10-20 04:42:47,087 [pool-37-thread-1] INFO  server.RaftServerConfigKeys (ConfUtils.java:logGet(43)) - raft.server.rpc.timeout.max = 5200ms (custom)
2019-10-20 04:42:47,088 [pool-37-thread-1] INFO  server.RaftServerConfigKeys (ConfUtils.java:logGet(43)) - raft.server.rpcslowness.timeout = 1000s (custom)
2019-10-20 04:42:47,088 [pool-27-thread-1] INFO  storage.RaftStorageDirectory (RaftStorageDirectory.java:analyzeStorage(246)) - The storage directory /workdir/hadoop-ozone/integration-test/target/test-dir/MiniOzoneClusterImpl-d38a7f5b-303d-44e0-98bc-bd79b7bb2084/datanode-0/data/ratis/402e9138-c345-4765-b2d0-49522119c91d does not exist. Creating ...
2019-10-20 04:42:47,088 [pool-37-thread-1] INFO  server.RaftServerConfigKeys (ConfUtils.java:logGet(43)) - raft.server.sleep.deviation.threshold = 300 (default)
2019-10-20 04:42:47,088 [pool-37-thread-1] INFO  server.RaftServerConfigKeys (ConfUtils.java:logGet(43)) - raft.server.log.appender.install.snapshot.enabled = false (custom)
2019-10-20 04:42:47,088 [pool-37-thread-1] INFO  impl.RaftServerImpl (ServerState.java:<init>(103)) - 8f4dcc74-0612-4035-9040-5f73cd792029@group-49522119C91D: ConfigurationManager, init=-1: [57114e09-3b7f-4b4a-a342-090fe34f336a:192.168.164.239:45374, e3be97a9-3d3a-4f1a-9aac-bb0a1b054e74:192.168.164.239:42267, 8f4dcc74-0612-4035-9040-5f73cd792029:192.168.164.239:37614], old=null, confs=<EMPTY_MAP>
2019-10-20 04:42:47,088 [pool-37-thread-1] INFO  server.RaftServerConfigKeys (ConfUtils.java:logGet(43)) - raft.server.storage.dir = [/workdir/hadoop-ozone/integration-test/target/test-dir/MiniOzoneClusterImpl-d38a7f5b-303d-44e0-98bc-bd79b7bb2084/datanode-1/data/ratis] (custom)
2019-10-20 04:42:47,088 [pool-37-thread-1] INFO  server.RaftServerConfigKeys (ConfUtils.java:logGet(43)) - raft.server.log.corruption.policy = EXCEPTION (default)
2019-10-20 04:42:47,089 [pool-37-thread-1] INFO  storage.RaftStorageDirectory (RaftStorageDirectory.java:analyzeStorage(246)) - The storage directory /workdir/hadoop-ozone/integration-test/target/test-dir/MiniOzoneClusterImpl-d38a7f5b-303d-44e0-98bc-bd79b7bb2084/datanode-1/data/ratis/402e9138-c345-4765-b2d0-49522119c91d does not exist. Creating ...
2019-10-20 04:42:47,111 [pool-27-thread-1] INFO  storage.RaftStorageDirectory (RaftStorageDirectory.java:tryLock(328)) - Lock on /workdir/hadoop-ozone/integration-test/target/test-dir/MiniOzoneClusterImpl-d38a7f5b-303d-44e0-98bc-bd79b7bb2084/datanode-0/data/ratis/402e9138-c345-4765-b2d0-49522119c91d/in_use.lock acquired by nodename 26650@trunk-nightly-20191020-r5wzl-4145440258
2019-10-20 04:42:47,111 [pool-37-thread-1] INFO  storage.RaftStorageDirectory (RaftStorageDirectory.java:tryLock(328)) - Lock on /workdir/hadoop-ozone/integration-test/target/test-dir/MiniOzoneClusterImpl-d38a7f5b-303d-44e0-98bc-bd79b7bb2084/datanode-1/data/ratis/402e9138-c345-4765-b2d0-49522119c91d/in_use.lock acquired by nodename 26650@trunk-nightly-20191020-r5wzl-4145440258
2019-10-20 04:42:47,111 [pool-59-thread-1] INFO  storage.RaftStorageDirectory (RaftStorageDirectory.java:tryLock(328)) - Lock on /workdir/hadoop-ozone/integration-test/target/test-dir/MiniOzoneClusterImpl-d38a7f5b-303d-44e0-98bc-bd79b7bb2084/datanode-2/data/ratis/402e9138-c345-4765-b2d0-49522119c91d/in_use.lock acquired by nodename 26650@trunk-nightly-20191020-r5wzl-4145440258
2019-10-20 04:42:47,136 [pool-37-thread-1] INFO  storage.RaftStorage (RaftStorage.java:format(84)) - Storage directory /workdir/hadoop-ozone/integration-test/target/test-dir/MiniOzoneClusterImpl-d38a7f5b-303d-44e0-98bc-bd79b7bb2084/datanode-1/data/ratis/402e9138-c345-4765-b2d0-49522119c91d has been successfully formatted.
2019-10-20 04:42:47,136 [pool-27-thread-1] INFO  storage.RaftStorage (RaftStorage.java:format(84)) - Storage directory /workdir/hadoop-ozone/integration-test/target/test-dir/MiniOzoneClusterImpl-d38a7f5b-303d-44e0-98bc-bd79b7bb2084/datanode-0/data/ratis/402e9138-c345-4765-b2d0-49522119c91d has been successfully formatted.
2019-10-20 04:42:47,136 [pool-59-thread-1] INFO  storage.RaftStorage (RaftStorage.java:format(84)) - Storage directory /workdir/hadoop-ozone/integration-test/target/test-dir/MiniOzoneClusterImpl-d38a7f5b-303d-44e0-98bc-bd79b7bb2084/datanode-2/data/ratis/402e9138-c345-4765-b2d0-49522119c91d has been successfully formatted.
2019-10-20 04:42:47,137 [pool-37-thread-1] INFO  ratis.ContainerStateMachine (ContainerStateMachine.java:loadSnapshot(231)) - group-49522119C91D: The snapshot info is null. Setting the last applied indexto:(t:0, i:~)
2019-10-20 04:42:47,137 [pool-59-thread-1] INFO  ratis.ContainerStateMachine (ContainerStateMachine.java:loadSnapshot(231)) - group-49522119C91D: The snapshot info is null. Setting the last applied indexto:(t:0, i:~)
2019-10-20 04:42:47,137 [pool-27-thread-1] INFO  ratis.ContainerStateMachine (ContainerStateMachine.java:loadSnapshot(231)) - group-49522119C91D: The snapshot info is null. Setting the last applied indexto:(t:0, i:~)
2019-10-20 04:42:47,137 [pool-37-thread-1] INFO  server.RaftServerConfigKeys (ConfUtils.java:logGet(43)) - raft.server.notification.no-leader.timeout = 1000s (custom)
2019-10-20 04:42:47,137 [pool-59-thread-1] INFO  server.RaftServerConfigKeys (ConfUtils.java:logGet(43)) - raft.server.notification.no-leader.timeout = 1000s (custom)
2019-10-20 04:42:47,138 [pool-27-thread-1] INFO  server.RaftServerConfigKeys (ConfUtils.java:logGet(43)) - raft.server.notification.no-leader.timeout = 1000s (custom)
2019-10-20 04:42:47,138 [pool-37-thread-1] INFO  server.RaftServerConfigKeys (ConfUtils.java:logGet(43)) - raft.server.log.use.memory = false (default)
2019-10-20 04:42:47,138 [pool-59-thread-1] INFO  server.RaftServerConfigKeys (ConfUtils.java:logGet(43)) - raft.server.log.use.memory = false (default)
2019-10-20 04:42:47,138 [pool-37-thread-1] INFO  server.RaftServerConfigKeys (ConfUtils.java:logGet(43)) - raft.server.log.purge.gap = 1000000 (custom)
2019-10-20 04:42:47,138 [pool-27-thread-1] INFO  server.RaftServerConfigKeys (ConfUtils.java:logGet(43)) - raft.server.log.use.memory = false (default)
2019-10-20 04:42:47,139 [pool-37-thread-1] INFO  server.RaftServerConfigKeys (ConfUtils.java:logGet(43)) - raft.server.log.appender.buffer.byte-limit = 33554432 (custom)
2019-10-20 04:42:47,138 [pool-59-thread-1] INFO  server.RaftServerConfigKeys (ConfUtils.java:logGet(43)) - raft.server.log.purge.gap = 1000000 (custom)
2019-10-20 04:42:47,139 [pool-37-thread-1] INFO  server.RaftServerConfigKeys (ConfUtils.java:logGet(43)) - raft.server.log.segment.size.max = 1048576 (custom)
2019-10-20 04:42:47,139 [pool-27-thread-1] INFO  server.RaftServerConfigKeys (ConfUtils.java:logGet(43)) - raft.server.log.purge.gap = 1000000 (custom)
2019-10-20 04:42:47,139 [pool-37-thread-1] INFO  server.RaftServerConfigKeys (ConfUtils.java:logGet(43)) - raft.server.log.segment.cache.num.max = 2 (custom)
2019-10-20 04:42:47,139 [pool-59-thread-1] INFO  server.RaftServerConfigKeys (ConfUtils.java:logGet(43)) - raft.server.log.appender.buffer.byte-limit = 33554432 (custom)
2019-10-20 04:42:47,139 [pool-37-thread-1] INFO  segmented.SegmentedRaftLogWorker (SegmentedRaftLogWorker.java:<init>(173)) - new 8f4dcc74-0612-4035-9040-5f73cd792029@group-49522119C91D-SegmentedRaftLogWorker for RaftStorage:Storage Directory /workdir/hadoop-ozone/integration-test/target/test-dir/MiniOzoneClusterImpl-d38a7f5b-303d-44e0-98bc-bd79b7bb2084/datanode-1/data/ratis/402e9138-c345-4765-b2d0-49522119c91d
2019-10-20 04:42:47,139 [pool-27-thread-1] INFO  server.RaftServerConfigKeys (ConfUtils.java:logGet(43)) - raft.server.log.appender.buffer.byte-limit = 33554432 (custom)
2019-10-20 04:42:47,139 [pool-59-thread-1] INFO  server.RaftServerConfigKeys (ConfUtils.java:logGet(43)) - raft.server.log.segment.size.max = 1048576 (custom)
2019-10-20 04:42:47,140 [pool-27-thread-1] INFO  server.RaftServerConfigKeys (ConfUtils.java:logGet(43)) - raft.server.log.segment.size.max = 1048576 (custom)
2019-10-20 04:42:47,140 [pool-37-thread-1] INFO  server.RaftServerConfigKeys (ConfUtils.java:logGet(43)) - raft.server.log.queue.byte-limit = 2147483647 (custom)
2019-10-20 04:42:47,140 [pool-27-thread-1] INFO  server.RaftServerConfigKeys (ConfUtils.java:logGet(43)) - raft.server.log.segment.cache.num.max = 2 (custom)
2019-10-20 04:42:47,140 [pool-59-thread-1] INFO  server.RaftServerConfigKeys (ConfUtils.java:logGet(43)) - raft.server.log.segment.cache.num.max = 2 (custom)
2019-10-20 04:42:47,140 [pool-27-thread-1] INFO  segmented.SegmentedRaftLogWorker (SegmentedRaftLogWorker.java:<init>(173)) - new 57114e09-3b7f-4b4a-a342-090fe34f336a@group-49522119C91D-SegmentedRaftLogWorker for RaftStorage:Storage Directory /workdir/hadoop-ozone/integration-test/target/test-dir/MiniOzoneClusterImpl-d38a7f5b-303d-44e0-98bc-bd79b7bb2084/datanode-0/data/ratis/402e9138-c345-4765-b2d0-49522119c91d
2019-10-20 04:42:47,140 [pool-37-thread-1] INFO  server.RaftServerConfigKeys (ConfUtils.java:logGet(43)) - raft.server.log.queue.element-limit = 1024 (custom)
2019-10-20 04:42:47,141 [pool-27-thread-1] INFO  server.RaftServerConfigKeys (ConfUtils.java:logGet(43)) - raft.server.log.queue.byte-limit = 2147483647 (custom)
2019-10-20 04:42:47,140 [pool-59-thread-1] INFO  segmented.SegmentedRaftLogWorker (SegmentedRaftLogWorker.java:<init>(173)) - new e3be97a9-3d3a-4f1a-9aac-bb0a1b054e74@group-49522119C91D-SegmentedRaftLogWorker for RaftStorage:Storage Directory /workdir/hadoop-ozone/integration-test/target/test-dir/MiniOzoneClusterImpl-d38a7f5b-303d-44e0-98bc-bd79b7bb2084/datanode-2/data/ratis/402e9138-c345-4765-b2d0-49522119c91d
2019-10-20 04:42:47,141 [pool-27-thread-1] INFO  server.RaftServerConfigKeys (ConfUtils.java:logGet(43)) - raft.server.log.queue.element-limit = 1024 (custom)
2019-10-20 04:42:47,141 [pool-37-thread-1] INFO  server.RaftServerConfigKeys (ConfUtils.java:logGet(43)) - raft.server.log.segment.size.max = 1048576 (custom)
2019-10-20 04:42:47,141 [pool-27-thread-1] INFO  server.RaftServerConfigKeys (ConfUtils.java:logGet(43)) - raft.server.log.segment.size.max = 1048576 (custom)
2019-10-20 04:42:47,141 [pool-59-thread-1] INFO  server.RaftServerConfigKeys (ConfUtils.java:logGet(43)) - raft.server.log.queue.byte-limit = 2147483647 (custom)
2019-10-20 04:42:47,141 [pool-27-thread-1] INFO  server.RaftServerConfigKeys (ConfUtils.java:logGet(43)) - raft.server.log.preallocated.size = 16384 (custom)
2019-10-20 04:42:47,141 [pool-37-thread-1] INFO  server.RaftServerConfigKeys (ConfUtils.java:logGet(43)) - raft.server.log.preallocated.size = 16384 (custom)
2019-10-20 04:42:47,142 [pool-27-thread-1] INFO  server.RaftServerConfigKeys (ConfUtils.java:logGet(43)) - raft.server.log.write.buffer.size = 33554432 (custom)
2019-10-20 04:42:47,142 [pool-27-thread-1] INFO  server.RaftServerConfigKeys (ConfUtils.java:logGet(43)) - raft.server.log.force.sync.num = 128 (default)
2019-10-20 04:42:47,142 [pool-59-thread-1] INFO  server.RaftServerConfigKeys (ConfUtils.java:logGet(43)) - raft.server.log.queue.element-limit = 1024 (custom)
2019-10-20 04:42:47,142 [pool-27-thread-1] INFO  server.RaftServerConfigKeys (ConfUtils.java:logGet(43)) - raft.server.log.statemachine.data.sync = true (default)
2019-10-20 04:42:47,142 [pool-37-thread-1] INFO  server.RaftServerConfigKeys (ConfUtils.java:logGet(43)) - raft.server.log.write.buffer.size = 33554432 (custom)
2019-10-20 04:42:47,142 [pool-27-thread-1] INFO  server.RaftServerConfigKeys (ConfUtils.java:logGet(43)) - raft.server.log.statemachine.data.sync.timeout = 10s (default)
2019-10-20 04:42:47,142 [pool-59-thread-1] INFO  server.RaftServerConfigKeys (ConfUtils.java:logGet(43)) - raft.server.log.segment.size.max = 1048576 (custom)
2019-10-20 04:42:47,143 [pool-27-thread-1] INFO  server.RaftServerConfigKeys (ConfUtils.java:logGet(43)) - raft.server.log.statemachine.data.sync.timeout.retry = -1 (default)
2019-10-20 04:42:47,143 [pool-37-thread-1] INFO  server.RaftServerConfigKeys (ConfUtils.java:logGet(43)) - raft.server.log.force.sync.num = 128 (default)
2019-10-20 04:42:47,143 [pool-27-thread-1] INFO  server.RaftServerConfigKeys (ConfUtils.java:logGet(43)) - raft.server.log.statemachine.data.caching.enabled = true (custom)
2019-10-20 04:42:47,143 [pool-59-thread-1] INFO  server.RaftServerConfigKeys (ConfUtils.java:logGet(43)) - raft.server.log.preallocated.size = 16384 (custom)
2019-10-20 04:42:47,143 [pool-37-thread-1] INFO  server.RaftServerConfigKeys (ConfUtils.java:logGet(43)) - raft.server.log.statemachine.data.sync = true (default)
2019-10-20 04:42:47,143 [pool-27-thread-1] INFO  segmented.SegmentedRaftLogWorker (SegmentedRaftLogWorker.java:lambda$new$0(128)) - 57114e09-3b7f-4b4a-a342-090fe34f336a@group-49522119C91D-SegmentedRaftLogWorker: flushIndex: setUnconditionally 0 -> -1
2019-10-20 04:42:47,143 [pool-59-thread-1] INFO  server.RaftServerConfigKeys (ConfUtils.java:logGet(43)) - raft.server.log.write.buffer.size = 33554432 (custom)
2019-10-20 04:42:47,143 [pool-37-thread-1] INFO  server.RaftServerConfigKeys (ConfUtils.java:logGet(43)) - raft.server.log.statemachine.data.sync.timeout = 10s (default)
2019-10-20 04:42:47,144 [pool-27-thread-1] INFO  server.RaftServerConfigKeys (ConfUtils.java:logGet(43)) - raft.server.snapshot.auto.trigger.enabled = true (custom)
2019-10-20 04:42:47,144 [pool-59-thread-1] INFO  server.RaftServerConfigKeys (ConfUtils.java:logGet(43)) - raft.server.log.force.sync.num = 128 (default)
2019-10-20 04:42:47,144 [pool-27-thread-1] INFO  server.RaftServerConfigKeys (ConfUtils.java:logGet(43)) - raft.server.snapshot.auto.trigger.threshold = 10000 (custom)
2019-10-20 04:42:47,144 [pool-37-thread-1] INFO  server.RaftServerConfigKeys (ConfUtils.java:logGet(43)) - raft.server.log.statemachine.data.sync.timeout.retry = -1 (default)
2019-10-20 04:42:47,144 [pool-27-thread-1] INFO  server.RaftServerConfigKeys (ConfUtils.java:logGet(43)) - raft.server.snapshot.retention.file.num = 5 (custom)
2019-10-20 04:42:47,144 [pool-59-thread-1] INFO  server.RaftServerConfigKeys (ConfUtils.java:logGet(43)) - raft.server.log.statemachine.data.sync = true (default)
2019-10-20 04:42:47,145 [pool-27-thread-1] INFO  server.RaftServerConfigKeys (ConfUtils.java:logGet(43)) - raft.server.retrycache.expirytime = 600000ms (custom)
2019-10-20 04:42:47,144 [pool-37-thread-1] INFO  server.RaftServerConfigKeys (ConfUtils.java:logGet(43)) - raft.server.log.statemachine.data.caching.enabled = true (custom)
2019-10-20 04:42:47,145 [pool-59-thread-1] INFO  server.RaftServerConfigKeys (ConfUtils.java:logGet(43)) - raft.server.log.statemachine.data.sync.timeout = 10s (default)
2019-10-20 04:42:47,145 [pool-59-thread-1] INFO  server.RaftServerConfigKeys (ConfUtils.java:logGet(43)) - raft.server.log.statemachine.data.sync.timeout.retry = -1 (default)
2019-10-20 04:42:47,145 [pool-37-thread-1] INFO  segmented.SegmentedRaftLogWorker (SegmentedRaftLogWorker.java:lambda$new$0(128)) - 8f4dcc74-0612-4035-9040-5f73cd792029@group-49522119C91D-SegmentedRaftLogWorker: flushIndex: setUnconditionally 0 -> -1
2019-10-20 04:42:47,145 [pool-59-thread-1] INFO  server.RaftServerConfigKeys (ConfUtils.java:logGet(43)) - raft.server.log.statemachine.data.caching.enabled = true (custom)
2019-10-20 04:42:47,145 [Thread-764] INFO  impl.FollowerState (FollowerState.java:run(108)) - e3be97a9-3d3a-4f1a-9aac-bb0a1b054e74@group-A10CFFEA4055-FollowerState: change to CANDIDATE, lastRpcTime:88ms, electionTimeout:88ms
2019-10-20 04:42:47,146 [pool-59-thread-1] INFO  segmented.SegmentedRaftLogWorker (SegmentedRaftLogWorker.java:lambda$new$0(128)) - e3be97a9-3d3a-4f1a-9aac-bb0a1b054e74@group-49522119C91D-SegmentedRaftLogWorker: flushIndex: setUnconditionally 0 -> -1
2019-10-20 04:42:47,145 [pool-37-thread-1] INFO  server.RaftServerConfigKeys (ConfUtils.java:logGet(43)) - raft.server.snapshot.auto.trigger.enabled = true (custom)
2019-10-20 04:42:47,146 [Thread-764] INFO  impl.RoleInfo (RoleInfo.java:shutdownFollowerState(121)) - e3be97a9-3d3a-4f1a-9aac-bb0a1b054e74: shutdown FollowerState
2019-10-20 04:42:47,146 [pool-37-thread-1] INFO  server.RaftServerConfigKeys (ConfUtils.java:logGet(43)) - raft.server.snapshot.auto.trigger.threshold = 10000 (custom)
2019-10-20 04:42:47,146 [pool-59-thread-1] INFO  server.RaftServerConfigKeys (ConfUtils.java:logGet(43)) - raft.server.snapshot.auto.trigger.enabled = true (custom)
2019-10-20 04:42:47,146 [Thread-764] INFO  impl.RaftServerImpl (RaftServerImpl.java:setRole(184)) - e3be97a9-3d3a-4f1a-9aac-bb0a1b054e74@group-A10CFFEA4055: changes role from  FOLLOWER to CANDIDATE at term 0 for changeToCandidate
2019-10-20 04:42:47,146 [pool-59-thread-1] INFO  server.RaftServerConfigKeys (ConfUtils.java:logGet(43)) - raft.server.snapshot.auto.trigger.threshold = 10000 (custom)
2019-10-20 04:42:47,146 [Thread-764] INFO  impl.RoleInfo (RoleInfo.java:updateAndGet(143)) - e3be97a9-3d3a-4f1a-9aac-bb0a1b054e74: start LeaderElection
2019-10-20 04:42:47,146 [pool-37-thread-1] INFO  server.RaftServerConfigKeys (ConfUtils.java:logGet(43)) - raft.server.snapshot.retention.file.num = 5 (custom)
2019-10-20 04:42:47,146 [pool-59-thread-1] INFO  server.RaftServerConfigKeys (ConfUtils.java:logGet(43)) - raft.server.snapshot.retention.file.num = 5 (custom)
2019-10-20 04:42:47,147 [pool-37-thread-1] INFO  server.RaftServerConfigKeys (ConfUtils.java:logGet(43)) - raft.server.retrycache.expirytime = 600000ms (custom)
2019-10-20 04:42:47,147 [pool-59-thread-1] INFO  server.RaftServerConfigKeys (ConfUtils.java:logGet(43)) - raft.server.retrycache.expirytime = 600000ms (custom)
2019-10-20 04:42:47,150 [pool-27-thread-1] INFO  impl.RaftServerImpl (RaftServerImpl.java:start(195)) - 57114e09-3b7f-4b4a-a342-090fe34f336a@group-49522119C91D: start as a follower, conf=-1: [57114e09-3b7f-4b4a-a342-090fe34f336a:192.168.164.239:45374, e3be97a9-3d3a-4f1a-9aac-bb0a1b054e74:192.168.164.239:42267, 8f4dcc74-0612-4035-9040-5f73cd792029:192.168.164.239:37614], old=null
2019-10-20 04:42:47,150 [pool-27-thread-1] INFO  impl.RaftServerImpl (RaftServerImpl.java:setRole(184)) - 57114e09-3b7f-4b4a-a342-090fe34f336a@group-49522119C91D: changes role from      null to FOLLOWER at term 0 for startAsFollower
2019-10-20 04:42:47,150 [pool-27-thread-1] INFO  impl.RoleInfo (RoleInfo.java:updateAndGet(143)) - 57114e09-3b7f-4b4a-a342-090fe34f336a: start FollowerState
2019-10-20 04:42:47,151 [pool-27-thread-1] INFO  util.JmxRegister (JmxRegister.java:tryRegister(44)) - Successfully registered JMX Bean with object name Ratis:service=RaftServer,group=group-49522119C91D,id=57114e09-3b7f-4b4a-a342-090fe34f336a
2019-10-20 04:42:47,154 [pool-37-thread-1] INFO  impl.RaftServerImpl (RaftServerImpl.java:start(195)) - 8f4dcc74-0612-4035-9040-5f73cd792029@group-49522119C91D: start as a follower, conf=-1: [57114e09-3b7f-4b4a-a342-090fe34f336a:192.168.164.239:45374, e3be97a9-3d3a-4f1a-9aac-bb0a1b054e74:192.168.164.239:42267, 8f4dcc74-0612-4035-9040-5f73cd792029:192.168.164.239:37614], old=null
2019-10-20 04:42:47,154 [pool-37-thread-1] INFO  impl.RaftServerImpl (RaftServerImpl.java:setRole(184)) - 8f4dcc74-0612-4035-9040-5f73cd792029@group-49522119C91D: changes role from      null to FOLLOWER at term 0 for startAsFollower
2019-10-20 04:42:47,154 [pool-37-thread-1] INFO  impl.RoleInfo (RoleInfo.java:updateAndGet(143)) - 8f4dcc74-0612-4035-9040-5f73cd792029: start FollowerState
2019-10-20 04:42:47,154 [pool-59-thread-1] INFO  impl.RaftServerImpl (RaftServerImpl.java:start(195)) - e3be97a9-3d3a-4f1a-9aac-bb0a1b054e74@group-49522119C91D: start as a follower, conf=-1: [57114e09-3b7f-4b4a-a342-090fe34f336a:192.168.164.239:45374, e3be97a9-3d3a-4f1a-9aac-bb0a1b054e74:192.168.164.239:42267, 8f4dcc74-0612-4035-9040-5f73cd792029:192.168.164.239:37614], old=null
2019-10-20 04:42:47,154 [pool-59-thread-1] INFO  impl.RaftServerImpl (RaftServerImpl.java:setRole(184)) - e3be97a9-3d3a-4f1a-9aac-bb0a1b054e74@group-49522119C91D: changes role from      null to FOLLOWER at term 0 for startAsFollower
2019-10-20 04:42:47,154 [pool-37-thread-1] INFO  util.JmxRegister (JmxRegister.java:tryRegister(44)) - Successfully registered JMX Bean with object name Ratis:service=RaftServer,group=group-49522119C91D,id=8f4dcc74-0612-4035-9040-5f73cd792029
2019-10-20 04:42:47,154 [pool-59-thread-1] INFO  impl.RoleInfo (RoleInfo.java:updateAndGet(143)) - e3be97a9-3d3a-4f1a-9aac-bb0a1b054e74: start FollowerState
2019-10-20 04:42:47,155 [pool-59-thread-1] INFO  util.JmxRegister (JmxRegister.java:tryRegister(44)) - Successfully registered JMX Bean with object name Ratis:service=RaftServer,group=group-49522119C91D,id=e3be97a9-3d3a-4f1a-9aac-bb0a1b054e74
2019-10-20 04:42:47,166 [EventQueue-PendingDeleteStatusForPendingDeleteHandler] INFO  block.SCMBlockDeletingService (SCMBlockDeletingService.java:handlePendingDeletes(115)) - Block deletion txnID mismatch in datanode e3be97a9-3d3a-4f1a-9aac-bb0a1b054e74 for containerID 1. Datanode delete txnID: 0, SCM txnID: 1
2019-10-20 04:42:47,166 [RatisPipelineUtilsThread] INFO  pipeline.PipelineStateManager (PipelineStateManager.java:addPipeline(56)) - Created pipeline Pipeline[ Id: 402e9138-c345-4765-b2d0-49522119c91d, Nodes: e3be97a9-3d3a-4f1a-9aac-bb0a1b054e74{ip: 192.168.164.239, host: trunk-nightly-20191020-r5wzl-4145440258, networkLocation: /default-rack, certSerialId: null}57114e09-3b7f-4b4a-a342-090fe34f336a{ip: 192.168.164.239, host: trunk-nightly-20191020-r5wzl-4145440258, networkLocation: /default-rack, certSerialId: null}8f4dcc74-0612-4035-9040-5f73cd792029{ip: 192.168.164.239, host: trunk-nightly-20191020-r5wzl-4145440258, networkLocation: /default-rack, certSerialId: null}, Type:RATIS, Factor:THREE, State:OPEN]
2019-10-20 04:42:47,187 [e3be97a9-3d3a-4f1a-9aac-bb0a1b054e74@group-A10CFFEA4055-LeaderElection33] INFO  impl.LeaderElection (LeaderElection.java:askForVotes(178)) - e3be97a9-3d3a-4f1a-9aac-bb0a1b054e74@group-A10CFFEA4055-LeaderElection33: begin an election at term 1 for -1: [e3be97a9-3d3a-4f1a-9aac-bb0a1b054e74:192.168.164.239:42267], old=null
2019-10-20 04:42:47,187 [e3be97a9-3d3a-4f1a-9aac-bb0a1b054e74@group-A10CFFEA4055-LeaderElection33] INFO  impl.RoleInfo (RoleInfo.java:shutdownLeaderElection(134)) - e3be97a9-3d3a-4f1a-9aac-bb0a1b054e74: shutdown LeaderElection
2019-10-20 04:42:47,187 [e3be97a9-3d3a-4f1a-9aac-bb0a1b054e74@group-A10CFFEA4055-LeaderElection33] INFO  impl.RaftServerImpl (RaftServerImpl.java:setRole(184)) - e3be97a9-3d3a-4f1a-9aac-bb0a1b054e74@group-A10CFFEA4055: changes role from CANDIDATE to LEADER at term 1 for changeToLeader
2019-10-20 04:42:47,187 [e3be97a9-3d3a-4f1a-9aac-bb0a1b054e74@group-A10CFFEA4055-LeaderElection33] INFO  impl.RaftServerImpl (ServerState.java:setLeader(256)) - e3be97a9-3d3a-4f1a-9aac-bb0a1b054e74@group-A10CFFEA4055: change Leader from null to e3be97a9-3d3a-4f1a-9aac-bb0a1b054e74 at term 1 for becomeLeader, leader elected after 135ms
2019-10-20 04:42:47,187 [e3be97a9-3d3a-4f1a-9aac-bb0a1b054e74@group-A10CFFEA4055-LeaderElection33] INFO  server.RaftServerConfigKeys (ConfUtils.java:logGet(43)) - raft.server.staging.catchup.gap = 1000 (default)
2019-10-20 04:42:47,187 [e3be97a9-3d3a-4f1a-9aac-bb0a1b054e74@group-A10CFFEA4055-LeaderElection33] INFO  server.RaftServerConfigKeys (ConfUtils.java:logGet(43)) - raft.server.rpc.sleep.time = 25ms (default)
2019-10-20 04:42:47,187 [e3be97a9-3d3a-4f1a-9aac-bb0a1b054e74@group-A10CFFEA4055-LeaderElection33] INFO  server.RaftServerConfigKeys (ConfUtils.java:logGet(43)) - raft.server.write.element-limit = 4096 (default)
2019-10-20 04:42:47,188 [e3be97a9-3d3a-4f1a-9aac-bb0a1b054e74@group-A10CFFEA4055-LeaderElection33] INFO  server.RaftServerConfigKeys (ConfUtils.java:logGet(43)) - raft.server.watch.timeout = 10s (default)
2019-10-20 04:42:47,188 [e3be97a9-3d3a-4f1a-9aac-bb0a1b054e74@group-A10CFFEA4055-LeaderElection33] INFO  server.RaftServerConfigKeys (ConfUtils.java:logGet(43)) - raft.server.watch.timeout.denomination = 1s (default)
2019-10-20 04:42:47,188 [e3be97a9-3d3a-4f1a-9aac-bb0a1b054e74@group-A10CFFEA4055-LeaderElection33] INFO  server.RaftServerConfigKeys (ConfUtils.java:logGet(43)) - raft.server.watch.element-limit = 65536 (default)
2019-10-20 04:42:47,190 [e3be97a9-3d3a-4f1a-9aac-bb0a1b054e74@group-A10CFFEA4055-LeaderElection33] INFO  impl.RoleInfo (RoleInfo.java:updateAndGet(143)) - e3be97a9-3d3a-4f1a-9aac-bb0a1b054e74: start LeaderState
2019-10-20 04:42:47,190 [e3be97a9-3d3a-4f1a-9aac-bb0a1b054e74@group-A10CFFEA4055-LeaderElection33] INFO  segmented.SegmentedRaftLogWorker (SegmentedRaftLogWorker.java:startLogSegment(385)) - e3be97a9-3d3a-4f1a-9aac-bb0a1b054e74@group-A10CFFEA4055-SegmentedRaftLogWorker: Starting segment from index:0
2019-10-20 04:42:47,191 [e3be97a9-3d3a-4f1a-9aac-bb0a1b054e74@group-A10CFFEA4055-LeaderElection33] INFO  impl.RaftServerImpl (ServerState.java:setRaftConf(357)) - e3be97a9-3d3a-4f1a-9aac-bb0a1b054e74@group-A10CFFEA4055: set configuration 0: [e3be97a9-3d3a-4f1a-9aac-bb0a1b054e74:192.168.164.239:42267], old=null at 0
2019-10-20 04:42:47,227 [Thread-773] INFO  impl.FollowerState (FollowerState.java:run(108)) - e3be97a9-3d3a-4f1a-9aac-bb0a1b054e74@group-49522119C91D-FollowerState: change to CANDIDATE, lastRpcTime:72ms, electionTimeout:72ms
2019-10-20 04:42:47,227 [Thread-773] INFO  impl.RoleInfo (RoleInfo.java:shutdownFollowerState(121)) - e3be97a9-3d3a-4f1a-9aac-bb0a1b054e74: shutdown FollowerState
2019-10-20 04:42:47,227 [Thread-773] INFO  impl.RaftServerImpl (RaftServerImpl.java:setRole(184)) - e3be97a9-3d3a-4f1a-9aac-bb0a1b054e74@group-49522119C91D: changes role from  FOLLOWER to CANDIDATE at term 0 for changeToCandidate
2019-10-20 04:42:47,227 [Thread-773] INFO  impl.RoleInfo (RoleInfo.java:updateAndGet(143)) - e3be97a9-3d3a-4f1a-9aac-bb0a1b054e74: start LeaderElection
2019-10-20 04:42:47,230 [Thread-766] INFO  impl.FollowerState (FollowerState.java:run(108)) - e3be97a9-3d3a-4f1a-9aac-bb0a1b054e74@group-045AAD0D4D73-FollowerState: change to CANDIDATE, lastRpcTime:142ms, electionTimeout:142ms
2019-10-20 04:42:47,230 [Thread-766] INFO  impl.RoleInfo (RoleInfo.java:shutdownFollowerState(121)) - e3be97a9-3d3a-4f1a-9aac-bb0a1b054e74: shutdown FollowerState
2019-10-20 04:42:47,230 [Thread-766] INFO  impl.RaftServerImpl (RaftServerImpl.java:setRole(184)) - e3be97a9-3d3a-4f1a-9aac-bb0a1b054e74@group-045AAD0D4D73: changes role from  FOLLOWER to CANDIDATE at term 33 for changeToCandidate
2019-10-20 04:42:47,230 [Thread-766] INFO  impl.RoleInfo (RoleInfo.java:updateAndGet(143)) - e3be97a9-3d3a-4f1a-9aac-bb0a1b054e74: start LeaderElection
2019-10-20 04:42:47,233 [Thread-771] INFO  impl.FollowerState (FollowerState.java:run(108)) - 57114e09-3b7f-4b4a-a342-090fe34f336a@group-49522119C91D-FollowerState: change to CANDIDATE, lastRpcTime:82ms, electionTimeout:82ms
2019-10-20 04:42:47,234 [Thread-771] INFO  impl.RoleInfo (RoleInfo.java:shutdownFollowerState(121)) - 57114e09-3b7f-4b4a-a342-090fe34f336a: shutdown FollowerState
2019-10-20 04:42:47,234 [Thread-771] INFO  impl.RaftServerImpl (RaftServerImpl.java:setRole(184)) - 57114e09-3b7f-4b4a-a342-090fe34f336a@group-49522119C91D: changes role from  FOLLOWER to CANDIDATE at term 0 for changeToCandidate
2019-10-20 04:42:47,234 [Thread-771] INFO  impl.RoleInfo (RoleInfo.java:updateAndGet(143)) - 57114e09-3b7f-4b4a-a342-090fe34f336a: start LeaderElection
2019-10-20 04:42:47,238 [Thread-782] INFO  client.GrpcClientProtocolService (GrpcClientProtocolService.java:lambda$processClientRequest$0(278)) - Failed RaftClientRequest:client-A2F9089F7F1F->e3be97a9-3d3a-4f1a-9aac-bb0a1b054e74@group-045AAD0D4D73, cid=10, seq=0, Watch-ALL_COMMITTED(6), Message:<EMPTY>, reply=RaftClientReply:client-A2F9089F7F1F->e3be97a9-3d3a-4f1a-9aac-bb0a1b054e74@group-045AAD0D4D73, cid=10, FAILED org.apache.ratis.protocol.NotLeaderException: Server e3be97a9-3d3a-4f1a-9aac-bb0a1b054e74@group-045AAD0D4D73 is not the leader, logIndex=0, commits[e3be97a9-3d3a-4f1a-9aac-bb0a1b054e74:c3]
2019-10-20 04:42:47,245 [e3be97a9-3d3a-4f1a-9aac-bb0a1b054e74@group-A10CFFEA4055-SegmentedRaftLogWorker] INFO  segmented.SegmentedRaftLogWorker (SegmentedRaftLogWorker.java:execute(576)) - e3be97a9-3d3a-4f1a-9aac-bb0a1b054e74@group-A10CFFEA4055-SegmentedRaftLogWorker: created new log segment /workdir/hadoop-ozone/integration-test/target/test-dir/MiniOzoneClusterImpl-d38a7f5b-303d-44e0-98bc-bd79b7bb2084/datanode-2/data/ratis/8387ced9-08a9-4eee-90ee-a10cffea4055/current/log_inprogress_0
2019-10-20 04:42:47,262 [e3be97a9-3d3a-4f1a-9aac-bb0a1b054e74@group-045AAD0D4D73-LeaderElection35] INFO  impl.LeaderElection (LeaderElection.java:askForVotes(178)) - e3be97a9-3d3a-4f1a-9aac-bb0a1b054e74@group-045AAD0D4D73-LeaderElection35: begin an election at term 34 for 0: [57114e09-3b7f-4b4a-a342-090fe34f336a:192.168.164.239:45374, e3be97a9-3d3a-4f1a-9aac-bb0a1b054e74:192.168.164.239:42267, 8f4dcc74-0612-4035-9040-5f73cd792029:192.168.164.239:37614], old=null
2019-10-20 04:42:47,262 [57114e09-3b7f-4b4a-a342-090fe34f336a@group-49522119C91D-LeaderElection36] INFO  impl.LeaderElection (LeaderElection.java:askForVotes(178)) - 57114e09-3b7f-4b4a-a342-090fe34f336a@group-49522119C91D-LeaderElection36: begin an election at term 1 for -1: [57114e09-3b7f-4b4a-a342-090fe34f336a:192.168.164.239:45374, e3be97a9-3d3a-4f1a-9aac-bb0a1b054e74:192.168.164.239:42267, 8f4dcc74-0612-4035-9040-5f73cd792029:192.168.164.239:37614], old=null
2019-10-20 04:42:47,262 [e3be97a9-3d3a-4f1a-9aac-bb0a1b054e74@group-49522119C91D-LeaderElection34] INFO  impl.LeaderElection (LeaderElection.java:askForVotes(178)) - e3be97a9-3d3a-4f1a-9aac-bb0a1b054e74@group-49522119C91D-LeaderElection34: begin an election at term 1 for -1: [57114e09-3b7f-4b4a-a342-090fe34f336a:192.168.164.239:45374, e3be97a9-3d3a-4f1a-9aac-bb0a1b054e74:192.168.164.239:42267, 8f4dcc74-0612-4035-9040-5f73cd792029:192.168.164.239:37614], old=null
2019-10-20 04:42:47,267 [grpc-default-executor-4] INFO  impl.RaftServerImpl (RaftServerImpl.java:setRole(184)) - 57114e09-3b7f-4b4a-a342-090fe34f336a@group-045AAD0D4D73: changes role from  FOLLOWER to FOLLOWER at term 34 for recognizeCandidate:e3be97a9-3d3a-4f1a-9aac-bb0a1b054e74
2019-10-20 04:42:47,267 [grpc-default-executor-4] INFO  impl.RoleInfo (RoleInfo.java:shutdownFollowerState(121)) - 57114e09-3b7f-4b4a-a342-090fe34f336a: shutdown FollowerState
2019-10-20 04:42:47,267 [grpc-default-executor-4] INFO  impl.RoleInfo (RoleInfo.java:updateAndGet(143)) - 57114e09-3b7f-4b4a-a342-090fe34f336a: start FollowerState
2019-10-20 04:42:47,267 [Thread-762] INFO  impl.FollowerState (FollowerState.java:run(117)) - 57114e09-3b7f-4b4a-a342-090fe34f336a@group-045AAD0D4D73-FollowerState was interrupted: java.lang.InterruptedException: sleep interrupted
2019-10-20 04:42:47,268 [grpc-default-executor-2] INFO  impl.RaftServerImpl (RaftServerImpl.java:setRole(184)) - 8f4dcc74-0612-4035-9040-5f73cd792029@group-045AAD0D4D73: changes role from  FOLLOWER to FOLLOWER at term 34 for recognizeCandidate:e3be97a9-3d3a-4f1a-9aac-bb0a1b054e74
2019-10-20 04:42:47,268 [grpc-default-executor-2] INFO  impl.RoleInfo (RoleInfo.java:shutdownFollowerState(121)) - 8f4dcc74-0612-4035-9040-5f73cd792029: shutdown FollowerState
2019-10-20 04:42:47,269 [grpc-default-executor-1] INFO  impl.RaftServerImpl (RaftServerImpl.java:setRole(184)) - 8f4dcc74-0612-4035-9040-5f73cd792029@group-49522119C91D: changes role from  FOLLOWER to FOLLOWER at term 1 for recognizeCandidate:57114e09-3b7f-4b4a-a342-090fe34f336a
2019-10-20 04:42:47,269 [grpc-default-executor-1] INFO  impl.RoleInfo (RoleInfo.java:shutdownFollowerState(121)) - 8f4dcc74-0612-4035-9040-5f73cd792029: shutdown FollowerState
2019-10-20 04:42:47,269 [Thread-763] INFO  impl.FollowerState (FollowerState.java:run(117)) - 8f4dcc74-0612-4035-9040-5f73cd792029@group-045AAD0D4D73-FollowerState was interrupted: java.lang.InterruptedException: sleep interrupted
2019-10-20 04:42:47,270 [Thread-772] INFO  impl.FollowerState (FollowerState.java:run(117)) - 8f4dcc74-0612-4035-9040-5f73cd792029@group-49522119C91D-FollowerState was interrupted: java.lang.InterruptedException: sleep interrupted
2019-10-20 04:42:47,270 [grpc-default-executor-2] INFO  impl.RoleInfo (RoleInfo.java:updateAndGet(143)) - 8f4dcc74-0612-4035-9040-5f73cd792029: start FollowerState
2019-10-20 04:42:47,269 [grpc-default-executor-1] INFO  impl.RoleInfo (RoleInfo.java:updateAndGet(143)) - 8f4dcc74-0612-4035-9040-5f73cd792029: start FollowerState
2019-10-20 04:42:47,271 [BlockDeletingService#2] WARN  background.BlockDeletingService (BlockDeletingService.java:isDeletionAllowed(187)) - Close Container log Index 6 is not replicated across allthe servers in the pipeline 34dfe2c8-23b7-47ff-8954-045aad0d4d73 as the min replicated index is 4. Deletion is not allowed in this container yet.
2019-10-20 04:42:47,272 [BlockDeletingService#2] WARN  background.BlockDeletingService (BlockDeletingService.java:isDeletionAllowed(187)) - Close Container log Index 6 is not replicated across allthe servers in the pipeline 34dfe2c8-23b7-47ff-8954-045aad0d4d73 as the min replicated index is 4. Deletion is not allowed in this container yet.
2019-10-20 04:42:47,298 [e3be97a9-3d3a-4f1a-9aac-bb0a1b054e74@group-045AAD0D4D73-LeaderElection35] INFO  impl.LeaderElection (LeaderElection.java:logAndReturn(56)) - e3be97a9-3d3a-4f1a-9aac-bb0a1b054e74@group-045AAD0D4D73-LeaderElection35: Election REJECTED; received 2 response(s) [e3be97a9-3d3a-4f1a-9aac-bb0a1b054e74<-57114e09-3b7f-4b4a-a342-090fe34f336a#0:FAIL-t34, e3be97a9-3d3a-4f1a-9aac-bb0a1b054e74<-8f4dcc74-0612-4035-9040-5f73cd792029#0:FAIL-t34] and 0 exception(s); e3be97a9-3d3a-4f1a-9aac-bb0a1b054e74@group-045AAD0D4D73:t34, leader=null, voted=e3be97a9-3d3a-4f1a-9aac-bb0a1b054e74, raftlog=e3be97a9-3d3a-4f1a-9aac-bb0a1b054e74@group-045AAD0D4D73-SegmentedRaftLog:OPENED:c3,f4,i4, conf=0: [57114e09-3b7f-4b4a-a342-090fe34f336a:192.168.164.239:45374, e3be97a9-3d3a-4f1a-9aac-bb0a1b054e74:192.168.164.239:42267, 8f4dcc74-0612-4035-9040-5f73cd792029:192.168.164.239:37614], old=null
2019-10-20 04:42:47,298 [e3be97a9-3d3a-4f1a-9aac-bb0a1b054e74@group-49522119C91D-LeaderElection34] INFO  impl.LeaderElection (LeaderElection.java:logAndReturn(56)) - e3be97a9-3d3a-4f1a-9aac-bb0a1b054e74@group-49522119C91D-LeaderElection34: Election REJECTED; received 2 response(s) [e3be97a9-3d3a-4f1a-9aac-bb0a1b054e74<-57114e09-3b7f-4b4a-a342-090fe34f336a#0:FAIL-t1, e3be97a9-3d3a-4f1a-9aac-bb0a1b054e74<-8f4dcc74-0612-4035-9040-5f73cd792029#0:FAIL-t1] and 0 exception(s); e3be97a9-3d3a-4f1a-9aac-bb0a1b054e74@group-49522119C91D:t1, leader=null, voted=e3be97a9-3d3a-4f1a-9aac-bb0a1b054e74, raftlog=e3be97a9-3d3a-4f1a-9aac-bb0a1b054e74@group-49522119C91D-SegmentedRaftLog:OPENED:c-1,f-1,i0, conf=-1: [57114e09-3b7f-4b4a-a342-090fe34f336a:192.168.164.239:45374, e3be97a9-3d3a-4f1a-9aac-bb0a1b054e74:192.168.164.239:42267, 8f4dcc74-0612-4035-9040-5f73cd792029:192.168.164.239:37614], old=null
2019-10-20 04:42:47,298 [57114e09-3b7f-4b4a-a342-090fe34f336a@group-49522119C91D-LeaderElection36] INFO  impl.LeaderElection (LeaderElection.java:logAndReturn(56)) - 57114e09-3b7f-4b4a-a342-090fe34f336a@group-49522119C91D-LeaderElection36: Election PASSED; received 2 response(s) [57114e09-3b7f-4b4a-a342-090fe34f336a<-e3be97a9-3d3a-4f1a-9aac-bb0a1b054e74#0:FAIL-t1, 57114e09-3b7f-4b4a-a342-090fe34f336a<-8f4dcc74-0612-4035-9040-5f73cd792029#0:OK-t1] and 0 exception(s); 57114e09-3b7f-4b4a-a342-090fe34f336a@group-49522119C91D:t1, leader=null, voted=57114e09-3b7f-4b4a-a342-090fe34f336a, raftlog=57114e09-3b7f-4b4a-a342-090fe34f336a@group-49522119C91D-SegmentedRaftLog:OPENED:c-1,f-1,i0, conf=-1: [57114e09-3b7f-4b4a-a342-090fe34f336a:192.168.164.239:45374, e3be97a9-3d3a-4f1a-9aac-bb0a1b054e74:192.168.164.239:42267, 8f4dcc74-0612-4035-9040-5f73cd792029:192.168.164.239:37614], old=null
2019-10-20 04:42:47,298 [e3be97a9-3d3a-4f1a-9aac-bb0a1b054e74@group-49522119C91D-LeaderElection34] INFO  impl.RaftServerImpl (RaftServerImpl.java:setRole(184)) - e3be97a9-3d3a-4f1a-9aac-bb0a1b054e74@group-49522119C91D: changes role from CANDIDATE to FOLLOWER at term 1 for DISCOVERED_A_NEW_TERM
2019-10-20 04:42:47,298 [e3be97a9-3d3a-4f1a-9aac-bb0a1b054e74@group-045AAD0D4D73-LeaderElection35] INFO  impl.RaftServerImpl (RaftServerImpl.java:setRole(184)) - e3be97a9-3d3a-4f1a-9aac-bb0a1b054e74@group-045AAD0D4D73: changes role from CANDIDATE to FOLLOWER at term 34 for DISCOVERED_A_NEW_TERM
2019-10-20 04:42:47,298 [57114e09-3b7f-4b4a-a342-090fe34f336a@group-49522119C91D-LeaderElection36] INFO  impl.RoleInfo (RoleInfo.java:shutdownLeaderElection(134)) - 57114e09-3b7f-4b4a-a342-090fe34f336a: shutdown LeaderElection
2019-10-20 04:42:47,298 [e3be97a9-3d3a-4f1a-9aac-bb0a1b054e74@group-49522119C91D-LeaderElection34] INFO  impl.RoleInfo (RoleInfo.java:shutdownLeaderElection(134)) - e3be97a9-3d3a-4f1a-9aac-bb0a1b054e74: shutdown LeaderElection
2019-10-20 04:42:47,299 [57114e09-3b7f-4b4a-a342-090fe34f336a@group-49522119C91D-LeaderElection36] INFO  impl.RaftServerImpl (RaftServerImpl.java:setRole(184)) - 57114e09-3b7f-4b4a-a342-090fe34f336a@group-49522119C91D: changes role from CANDIDATE to LEADER at term 1 for changeToLeader
2019-10-20 04:42:47,299 [e3be97a9-3d3a-4f1a-9aac-bb0a1b054e74@group-045AAD0D4D73-LeaderElection35] INFO  impl.RoleInfo (RoleInfo.java:shutdownLeaderElection(134)) - e3be97a9-3d3a-4f1a-9aac-bb0a1b054e74: shutdown LeaderElection
2019-10-20 04:42:47,299 [57114e09-3b7f-4b4a-a342-090fe34f336a@group-49522119C91D-LeaderElection36] INFO  impl.RaftServerImpl (ServerState.java:setLeader(256)) - 57114e09-3b7f-4b4a-a342-090fe34f336a@group-49522119C91D: change Leader from null to 57114e09-3b7f-4b4a-a342-090fe34f336a at term 1 for becomeLeader, leader elected after 161ms
2019-10-20 04:42:47,299 [e3be97a9-3d3a-4f1a-9aac-bb0a1b054e74@group-49522119C91D-LeaderElection34] INFO  impl.RoleInfo (RoleInfo.java:updateAndGet(143)) - e3be97a9-3d3a-4f1a-9aac-bb0a1b054e74: start FollowerState
2019-10-20 04:42:47,299 [57114e09-3b7f-4b4a-a342-090fe34f336a@group-49522119C91D-LeaderElection36] INFO  server.RaftServerConfigKeys (ConfUtils.java:logGet(43)) - raft.server.staging.catchup.gap = 1000 (default)
2019-10-20 04:42:47,299 [e3be97a9-3d3a-4f1a-9aac-bb0a1b054e74@group-045AAD0D4D73-LeaderElection35] INFO  impl.RoleInfo (RoleInfo.java:updateAndGet(143)) - e3be97a9-3d3a-4f1a-9aac-bb0a1b054e74: start FollowerState
2019-10-20 04:42:47,300 [57114e09-3b7f-4b4a-a342-090fe34f336a@group-49522119C91D-LeaderElection36] INFO  server.RaftServerConfigKeys (ConfUtils.java:logGet(43)) - raft.server.rpc.sleep.time = 25ms (default)
2019-10-20 04:42:47,300 [57114e09-3b7f-4b4a-a342-090fe34f336a@group-49522119C91D-LeaderElection36] INFO  server.RaftServerConfigKeys (ConfUtils.java:logGet(43)) - raft.server.write.element-limit = 4096 (default)
2019-10-20 04:42:47,300 [57114e09-3b7f-4b4a-a342-090fe34f336a@group-49522119C91D-LeaderElection36] INFO  server.RaftServerConfigKeys (ConfUtils.java:logGet(43)) - raft.server.watch.timeout = 10s (default)
2019-10-20 04:42:47,300 [57114e09-3b7f-4b4a-a342-090fe34f336a@group-49522119C91D-LeaderElection36] INFO  server.RaftServerConfigKeys (ConfUtils.java:logGet(43)) - raft.server.watch.timeout.denomination = 1s (default)
2019-10-20 04:42:47,300 [57114e09-3b7f-4b4a-a342-090fe34f336a@group-49522119C91D-LeaderElection36] INFO  server.RaftServerConfigKeys (ConfUtils.java:logGet(43)) - raft.server.watch.element-limit = 65536 (default)
2019-10-20 04:42:47,303 [57114e09-3b7f-4b4a-a342-090fe34f336a@group-49522119C91D-LeaderElection36] INFO  server.RaftServerConfigKeys (ConfUtils.java:logGet(43)) - raft.server.log.appender.snapshot.chunk.size.max = 16MB (=16777216) (default)
2019-10-20 04:42:47,304 [57114e09-3b7f-4b4a-a342-090fe34f336a@group-49522119C91D-LeaderElection36] INFO  server.RaftServerConfigKeys (ConfUtils.java:logGet(43)) - raft.server.log.appender.buffer.byte-limit = 33554432 (custom)
2019-10-20 04:42:47,304 [57114e09-3b7f-4b4a-a342-090fe34f336a@group-49522119C91D-LeaderElection36] INFO  server.RaftServerConfigKeys (ConfUtils.java:logGet(43)) - raft.server.log.appender.buffer.element-limit = 1 (custom)
2019-10-20 04:42:47,304 [57114e09-3b7f-4b4a-a342-090fe34f336a@group-49522119C91D-LeaderElection36] INFO  grpc.GrpcConfigKeys$Server (ConfUtils.java:logGet(43)) - raft.grpc.server.leader.outstanding.appends.max = 128 (default)
2019-10-20 04:42:47,304 [57114e09-3b7f-4b4a-a342-090fe34f336a@group-49522119C91D-LeaderElection36] INFO  server.RaftServerConfigKeys (ConfUtils.java:logGet(43)) - raft.server.rpc.request.timeout = 3000ms (default)
2019-10-20 04:42:47,305 [57114e09-3b7f-4b4a-a342-090fe34f336a@group-49522119C91D-LeaderElection36] INFO  server.RaftServerConfigKeys (ConfUtils.java:logGet(43)) - raft.server.log.appender.install.snapshot.enabled = false (custom)
2019-10-20 04:42:47,307 [57114e09-3b7f-4b4a-a342-090fe34f336a@group-49522119C91D-LeaderElection36] INFO  server.RaftServerConfigKeys (ConfUtils.java:logGet(43)) - raft.server.log.appender.snapshot.chunk.size.max = 16MB (=16777216) (default)
2019-10-20 04:42:47,308 [57114e09-3b7f-4b4a-a342-090fe34f336a@group-49522119C91D-LeaderElection36] INFO  server.RaftServerConfigKeys (ConfUtils.java:logGet(43)) - raft.server.log.appender.buffer.byte-limit = 33554432 (custom)
2019-10-20 04:42:47,308 [57114e09-3b7f-4b4a-a342-090fe34f336a@group-49522119C91D-LeaderElection36] INFO  server.RaftServerConfigKeys (ConfUtils.java:logGet(43)) - raft.server.log.appender.buffer.element-limit = 1 (custom)
2019-10-20 04:42:47,308 [57114e09-3b7f-4b4a-a342-090fe34f336a@group-49522119C91D-LeaderElection36] INFO  grpc.GrpcConfigKeys$Server (ConfUtils.java:logGet(43)) - raft.grpc.server.leader.outstanding.appends.max = 128 (default)
2019-10-20 04:42:47,308 [57114e09-3b7f-4b4a-a342-090fe34f336a@group-49522119C91D-LeaderElection36] INFO  server.RaftServerConfigKeys (ConfUtils.java:logGet(43)) - raft.server.rpc.request.timeout = 3000ms (default)
2019-10-20 04:42:47,309 [57114e09-3b7f-4b4a-a342-090fe34f336a@group-49522119C91D-LeaderElection36] INFO  server.RaftServerConfigKeys (ConfUtils.java:logGet(43)) - raft.server.log.appender.install.snapshot.enabled = false (custom)
2019-10-20 04:42:47,312 [57114e09-3b7f-4b4a-a342-090fe34f336a@group-49522119C91D-LeaderElection36] INFO  impl.RoleInfo (RoleInfo.java:updateAndGet(143)) - 57114e09-3b7f-4b4a-a342-090fe34f336a: start LeaderState
2019-10-20 04:42:47,312 [57114e09-3b7f-4b4a-a342-090fe34f336a@group-49522119C91D-LeaderElection36] INFO  segmented.SegmentedRaftLogWorker (SegmentedRaftLogWorker.java:startLogSegment(385)) - 57114e09-3b7f-4b4a-a342-090fe34f336a@group-49522119C91D-SegmentedRaftLogWorker: Starting segment from index:0
2019-10-20 04:42:47,313 [57114e09-3b7f-4b4a-a342-090fe34f336a@group-49522119C91D-LeaderElection36] INFO  impl.RaftServerImpl (ServerState.java:setRaftConf(357)) - 57114e09-3b7f-4b4a-a342-090fe34f336a@group-49522119C91D: set configuration 0: [57114e09-3b7f-4b4a-a342-090fe34f336a:192.168.164.239:45374, e3be97a9-3d3a-4f1a-9aac-bb0a1b054e74:192.168.164.239:42267, 8f4dcc74-0612-4035-9040-5f73cd792029:192.168.164.239:37614], old=null at 0
2019-10-20 04:42:47,316 [grpc-default-executor-5] INFO  impl.RaftServerImpl (ServerState.java:setLeader(256)) - 8f4dcc74-0612-4035-9040-5f73cd792029@group-49522119C91D: change Leader from null to 57114e09-3b7f-4b4a-a342-090fe34f336a at term 1 for appendEntries, leader elected after 178ms
2019-10-20 04:42:47,316 [grpc-default-executor-2] INFO  impl.RaftServerImpl (ServerState.java:setLeader(256)) - e3be97a9-3d3a-4f1a-9aac-bb0a1b054e74@group-49522119C91D: change Leader from null to 57114e09-3b7f-4b4a-a342-090fe34f336a at term 1 for appendEntries, leader elected after 178ms
2019-10-20 04:42:47,320 [grpc-default-executor-5] INFO  impl.RaftServerImpl (ServerState.java:setRaftConf(357)) - e3be97a9-3d3a-4f1a-9aac-bb0a1b054e74@group-49522119C91D: set configuration 0: [57114e09-3b7f-4b4a-a342-090fe34f336a:192.168.164.239:45374, e3be97a9-3d3a-4f1a-9aac-bb0a1b054e74:192.168.164.239:42267, 8f4dcc74-0612-4035-9040-5f73cd792029:192.168.164.239:37614], old=null at 0
2019-10-20 04:42:47,320 [grpc-default-executor-5] INFO  segmented.SegmentedRaftLogWorker (SegmentedRaftLogWorker.java:startLogSegment(385)) - e3be97a9-3d3a-4f1a-9aac-bb0a1b054e74@group-49522119C91D-SegmentedRaftLogWorker: Starting segment from index:0
2019-10-20 04:42:47,321 [grpc-default-executor-2] INFO  impl.RaftServerImpl (ServerState.java:setRaftConf(357)) - 8f4dcc74-0612-4035-9040-5f73cd792029@group-49522119C91D: set configuration 0: [57114e09-3b7f-4b4a-a342-090fe34f336a:192.168.164.239:45374, e3be97a9-3d3a-4f1a-9aac-bb0a1b054e74:192.168.164.239:42267, 8f4dcc74-0612-4035-9040-5f73cd792029:192.168.164.239:37614], old=null at 0
2019-10-20 04:42:47,321 [grpc-default-executor-2] INFO  segmented.SegmentedRaftLogWorker (SegmentedRaftLogWorker.java:startLogSegment(385)) - 8f4dcc74-0612-4035-9040-5f73cd792029@group-49522119C91D-SegmentedRaftLogWorker: Starting segment from index:0
2019-10-20 04:42:47,325 [pool-7-thread-2] INFO  commands.RetriableDatanodeEventWatcher (RetriableDatanodeEventWatcher.java:onTimeout(47)) - RetriableDatanodeCommand type=deleteBlocksCommand with id=1571546560324 timed out. Retrying.
2019-10-20 04:42:47,325 [SCMBlockDeletingService#0] INFO  block.SCMBlockDeletingService (SCMBlockDeletingService.java:call(184)) - Totally added 1 delete blocks command for 1 datanodes, task elapsed time: 1ms
2019-10-20 04:42:47,326 [pool-7-thread-4] INFO  commands.RetriableDatanodeEventWatcher (RetriableDatanodeEventWatcher.java:onTimeout(47)) - RetriableDatanodeCommand type=deleteBlocksCommand with id=1571546560322 timed out. Retrying.
2019-10-20 04:42:47,326 [pool-7-thread-1] INFO  commands.RetriableDatanodeEventWatcher (RetriableDatanodeEventWatcher.java:onTimeout(47)) - RetriableDatanodeCommand type=deleteBlocksCommand with id=1571546560325 timed out. Retrying.
2019-10-20 04:42:47,326 [pool-7-thread-3] INFO  commands.RetriableDatanodeEventWatcher (RetriableDatanodeEventWatcher.java:onTimeout(47)) - RetriableDatanodeCommand type=deleteBlocksCommand with id=1571546560320 timed out. Retrying.
2019-10-20 04:42:47,326 [pool-7-thread-5] INFO  commands.RetriableDatanodeEventWatcher (RetriableDatanodeEventWatcher.java:onTimeout(47)) - RetriableDatanodeCommand type=deleteBlocksCommand with id=1571546560321 timed out. Retrying.
2019-10-20 04:42:47,326 [pool-7-thread-6] INFO  commands.RetriableDatanodeEventWatcher (RetriableDatanodeEventWatcher.java:onTimeout(47)) - RetriableDatanodeCommand type=deleteBlocksCommand with id=1571546560323 timed out. Retrying.
2019-10-20 04:42:47,327 [pool-7-thread-7] INFO  commands.RetriableDatanodeEventWatcher (RetriableDatanodeEventWatcher.java:onTimeout(47)) - RetriableDatanodeCommand type=deleteBlocksCommand with id=1571546560317 timed out. Retrying.
2019-10-20 04:42:47,372 [57114e09-3b7f-4b4a-a342-090fe34f336a@group-49522119C91D-SegmentedRaftLogWorker] INFO  segmented.SegmentedRaftLogWorker (SegmentedRaftLogWorker.java:execute(576)) - 57114e09-3b7f-4b4a-a342-090fe34f336a@group-49522119C91D-SegmentedRaftLogWorker: created new log segment /workdir/hadoop-ozone/integration-test/target/test-dir/MiniOzoneClusterImpl-d38a7f5b-303d-44e0-98bc-bd79b7bb2084/datanode-0/data/ratis/402e9138-c345-4765-b2d0-49522119c91d/current/log_inprogress_0
2019-10-20 04:42:47,372 [8f4dcc74-0612-4035-9040-5f73cd792029@group-49522119C91D-SegmentedRaftLogWorker] INFO  segmented.SegmentedRaftLogWorker (SegmentedRaftLogWorker.java:execute(576)) - 8f4dcc74-0612-4035-9040-5f73cd792029@group-49522119C91D-SegmentedRaftLogWorker: created new log segment /workdir/hadoop-ozone/integration-test/target/test-dir/MiniOzoneClusterImpl-d38a7f5b-303d-44e0-98bc-bd79b7bb2084/datanode-1/data/ratis/402e9138-c345-4765-b2d0-49522119c91d/current/log_inprogress_0
2019-10-20 04:42:47,372 [e3be97a9-3d3a-4f1a-9aac-bb0a1b054e74@group-49522119C91D-SegmentedRaftLogWorker] INFO  segmented.SegmentedRaftLogWorker (SegmentedRaftLogWorker.java:execute(576)) - e3be97a9-3d3a-4f1a-9aac-bb0a1b054e74@group-49522119C91D-SegmentedRaftLogWorker: created new log segment /workdir/hadoop-ozone/integration-test/target/test-dir/MiniOzoneClusterImpl-d38a7f5b-303d-44e0-98bc-bd79b7bb2084/datanode-2/data/ratis/402e9138-c345-4765-b2d0-49522119c91d/current/log_inprogress_0
2019-10-20 04:42:47,381 [Thread-796] INFO  impl.FollowerState (FollowerState.java:run(108)) - e3be97a9-3d3a-4f1a-9aac-bb0a1b054e74@group-045AAD0D4D73-FollowerState: change to CANDIDATE, lastRpcTime:81ms, electionTimeout:81ms
2019-10-20 04:42:47,381 [Thread-796] INFO  impl.RoleInfo (RoleInfo.java:shutdownFollowerState(121)) - e3be97a9-3d3a-4f1a-9aac-bb0a1b054e74: shutdown FollowerState
2019-10-20 04:42:47,381 [Thread-796] INFO  impl.RaftServerImpl (RaftServerImpl.java:setRole(184)) - e3be97a9-3d3a-4f1a-9aac-bb0a1b054e74@group-045AAD0D4D73: changes role from  FOLLOWER to CANDIDATE at term 34 for changeToCandidate
2019-10-20 04:42:47,381 [Thread-796] INFO  impl.RoleInfo (RoleInfo.java:updateAndGet(143)) - e3be97a9-3d3a-4f1a-9aac-bb0a1b054e74: start LeaderElection
2019-10-20 04:42:47,397 [e3be97a9-3d3a-4f1a-9aac-bb0a1b054e74@group-045AAD0D4D73-LeaderElection37] INFO  impl.LeaderElection (LeaderElection.java:askForVotes(178)) - e3be97a9-3d3a-4f1a-9aac-bb0a1b054e74@group-045AAD0D4D73-LeaderElection37: begin an election at term 35 for 0: [57114e09-3b7f-4b4a-a342-090fe34f336a:192.168.164.239:45374, e3be97a9-3d3a-4f1a-9aac-bb0a1b054e74:192.168.164.239:42267, 8f4dcc74-0612-4035-9040-5f73cd792029:192.168.164.239:37614], old=null
2019-10-20 04:42:47,400 [grpc-default-executor-2] INFO  impl.RaftServerImpl (RaftServerImpl.java:setRole(184)) - 57114e09-3b7f-4b4a-a342-090fe34f336a@group-045AAD0D4D73: changes role from  FOLLOWER to FOLLOWER at term 35 for recognizeCandidate:e3be97a9-3d3a-4f1a-9aac-bb0a1b054e74
2019-10-20 04:42:47,400 [grpc-default-executor-5] INFO  impl.RaftServerImpl (RaftServerImpl.java:setRole(184)) - 8f4dcc74-0612-4035-9040-5f73cd792029@group-045AAD0D4D73: changes role from  FOLLOWER to FOLLOWER at term 35 for recognizeCandidate:e3be97a9-3d3a-4f1a-9aac-bb0a1b054e74
2019-10-20 04:42:47,400 [grpc-default-executor-2] INFO  impl.RoleInfo (RoleInfo.java:shutdownFollowerState(121)) - 57114e09-3b7f-4b4a-a342-090fe34f336a: shutdown FollowerState
2019-10-20 04:42:47,400 [grpc-default-executor-5] INFO  impl.RoleInfo (RoleInfo.java:shutdownFollowerState(121)) - 8f4dcc74-0612-4035-9040-5f73cd792029: shutdown FollowerState
2019-10-20 04:42:47,400 [grpc-default-executor-2] INFO  impl.RoleInfo (RoleInfo.java:updateAndGet(143)) - 57114e09-3b7f-4b4a-a342-090fe34f336a: start FollowerState
2019-10-20 04:42:47,400 [Thread-790] INFO  impl.FollowerState (FollowerState.java:run(117)) - 57114e09-3b7f-4b4a-a342-090fe34f336a@group-045AAD0D4D73-FollowerState was interrupted: java.lang.InterruptedException: sleep interrupted
2019-10-20 04:42:47,400 [Thread-791] INFO  impl.FollowerState (FollowerState.java:run(117)) - 8f4dcc74-0612-4035-9040-5f73cd792029@group-045AAD0D4D73-FollowerState was interrupted: java.lang.InterruptedException: sleep interrupted
2019-10-20 04:42:47,400 [grpc-default-executor-5] INFO  impl.RoleInfo (RoleInfo.java:updateAndGet(143)) - 8f4dcc74-0612-4035-9040-5f73cd792029: start FollowerState
2019-10-20 04:42:47,457 [e3be97a9-3d3a-4f1a-9aac-bb0a1b054e74@group-045AAD0D4D73-LeaderElection37] INFO  impl.LeaderElection (LeaderElection.java:logAndReturn(56)) - e3be97a9-3d3a-4f1a-9aac-bb0a1b054e74@group-045AAD0D4D73-LeaderElection37: Election REJECTED; received 2 response(s) [e3be97a9-3d3a-4f1a-9aac-bb0a1b054e74<-57114e09-3b7f-4b4a-a342-090fe34f336a#0:FAIL-t35, e3be97a9-3d3a-4f1a-9aac-bb0a1b054e74<-8f4dcc74-0612-4035-9040-5f73cd792029#0:FAIL-t35] and 0 exception(s); e3be97a9-3d3a-4f1a-9aac-bb0a1b054e74@group-045AAD0D4D73:t35, leader=null, voted=e3be97a9-3d3a-4f1a-9aac-bb0a1b054e74, raftlog=e3be97a9-3d3a-4f1a-9aac-bb0a1b054e74@group-045AAD0D4D73-SegmentedRaftLog:OPENED:c3,f4,i4, conf=0: [57114e09-3b7f-4b4a-a342-090fe34f336a:192.168.164.239:45374, e3be97a9-3d3a-4f1a-9aac-bb0a1b054e74:192.168.164.239:42267, 8f4dcc74-0612-4035-9040-5f73cd792029:192.168.164.239:37614], old=null
2019-10-20 04:42:47,457 [e3be97a9-3d3a-4f1a-9aac-bb0a1b054e74@group-045AAD0D4D73-LeaderElection37] INFO  impl.RaftServerImpl (RaftServerImpl.java:setRole(184)) - e3be97a9-3d3a-4f1a-9aac-bb0a1b054e74@group-045AAD0D4D73: changes role from CANDIDATE to FOLLOWER at term 35 for DISCOVERED_A_NEW_TERM
2019-10-20 04:42:47,458 [e3be97a9-3d3a-4f1a-9aac-bb0a1b054e74@group-045AAD0D4D73-LeaderElection37] INFO  impl.RoleInfo (RoleInfo.java:shutdownLeaderElection(134)) - e3be97a9-3d3a-4f1a-9aac-bb0a1b054e74: shutdown LeaderElection
2019-10-20 04:42:47,458 [e3be97a9-3d3a-4f1a-9aac-bb0a1b054e74@group-045AAD0D4D73-LeaderElection37] INFO  impl.RoleInfo (RoleInfo.java:updateAndGet(143)) - e3be97a9-3d3a-4f1a-9aac-bb0a1b054e74: start FollowerState
2019-10-20 04:42:47,502 [Thread-811] INFO  impl.FollowerState (FollowerState.java:run(108)) - e3be97a9-3d3a-4f1a-9aac-bb0a1b054e74@group-045AAD0D4D73-FollowerState: change to CANDIDATE, lastRpcTime:44ms, electionTimeout:44ms
2019-10-20 04:42:47,502 [Thread-811] INFO  impl.RoleInfo (RoleInfo.java:shutdownFollowerState(121)) - e3be97a9-3d3a-4f1a-9aac-bb0a1b054e74: shutdown FollowerState
2019-10-20 04:42:47,503 [Thread-811] INFO  impl.RaftServerImpl (RaftServerImpl.java:setRole(184)) - e3be97a9-3d3a-4f1a-9aac-bb0a1b054e74@group-045AAD0D4D73: changes role from  FOLLOWER to CANDIDATE at term 35 for changeToCandidate
2019-10-20 04:42:47,503 [Thread-811] INFO  impl.RoleInfo (RoleInfo.java:updateAndGet(143)) - e3be97a9-3d3a-4f1a-9aac-bb0a1b054e74: start LeaderElection
2019-10-20 04:42:47,532 [e3be97a9-3d3a-4f1a-9aac-bb0a1b054e74@group-045AAD0D4D73-LeaderElection38] INFO  impl.LeaderElection (LeaderElection.java:askForVotes(178)) - e3be97a9-3d3a-4f1a-9aac-bb0a1b054e74@group-045AAD0D4D73-LeaderElection38: begin an election at term 36 for 0: [57114e09-3b7f-4b4a-a342-090fe34f336a:192.168.164.239:45374, e3be97a9-3d3a-4f1a-9aac-bb0a1b054e74:192.168.164.239:42267, 8f4dcc74-0612-4035-9040-5f73cd792029:192.168.164.239:37614], old=null
2019-10-20 04:42:47,540 [grpc-default-executor-2] INFO  impl.RaftServerImpl (RaftServerImpl.java:setRole(184)) - 57114e09-3b7f-4b4a-a342-090fe34f336a@group-045AAD0D4D73: changes role from  FOLLOWER to FOLLOWER at term 36 for recognizeCandidate:e3be97a9-3d3a-4f1a-9aac-bb0a1b054e74
2019-10-20 04:42:47,540 [grpc-default-executor-5] INFO  impl.RaftServerImpl (RaftServerImpl.java:setRole(184)) - 8f4dcc74-0612-4035-9040-5f73cd792029@group-045AAD0D4D73: changes role from  FOLLOWER to FOLLOWER at term 36 for recognizeCandidate:e3be97a9-3d3a-4f1a-9aac-bb0a1b054e74
2019-10-20 04:42:47,541 [grpc-default-executor-2] INFO  impl.RoleInfo (RoleInfo.java:shutdownFollowerState(121)) - 57114e09-3b7f-4b4a-a342-090fe34f336a: shutdown FollowerState
2019-10-20 04:42:47,541 [grpc-default-executor-5] INFO  impl.RoleInfo (RoleInfo.java:shutdownFollowerState(121)) - 8f4dcc74-0612-4035-9040-5f73cd792029: shutdown FollowerState
2019-10-20 04:42:47,542 [Thread-809] INFO  impl.FollowerState (FollowerState.java:run(117)) - 57114e09-3b7f-4b4a-a342-090fe34f336a@group-045AAD0D4D73-FollowerState was interrupted: java.lang.InterruptedException: sleep interrupted
2019-10-20 04:42:47,542 [Thread-810] INFO  impl.FollowerState (FollowerState.java:run(117)) - 8f4dcc74-0612-4035-9040-5f73cd792029@group-045AAD0D4D73-FollowerState was interrupted: java.lang.InterruptedException: sleep interrupted
2019-10-20 04:42:47,542 [grpc-default-executor-2] INFO  impl.RoleInfo (RoleInfo.java:updateAndGet(143)) - 57114e09-3b7f-4b4a-a342-090fe34f336a: start FollowerState
2019-10-20 04:42:47,542 [grpc-default-executor-5] INFO  impl.RoleInfo (RoleInfo.java:updateAndGet(143)) - 8f4dcc74-0612-4035-9040-5f73cd792029: start FollowerState
2019-10-20 04:42:47,562 [e3be97a9-3d3a-4f1a-9aac-bb0a1b054e74@group-045AAD0D4D73-LeaderElection38] INFO  impl.LeaderElection (LeaderElection.java:logAndReturn(56)) - e3be97a9-3d3a-4f1a-9aac-bb0a1b054e74@group-045AAD0D4D73-LeaderElection38: Election TIMEOUT; received 0 response(s) [] and 0 exception(s); e3be97a9-3d3a-4f1a-9aac-bb0a1b054e74@group-045AAD0D4D73:t36, leader=null, voted=e3be97a9-3d3a-4f1a-9aac-bb0a1b054e74, raftlog=e3be97a9-3d3a-4f1a-9aac-bb0a1b054e74@group-045AAD0D4D73-SegmentedRaftLog:OPENED:c3,f4,i4, conf=0: [57114e09-3b7f-4b4a-a342-090fe34f336a:192.168.164.239:45374, e3be97a9-3d3a-4f1a-9aac-bb0a1b054e74:192.168.164.239:42267, 8f4dcc74-0612-4035-9040-5f73cd792029:192.168.164.239:37614], old=null
2019-10-20 04:42:47,567 [EventQueue-PendingDeleteStatusForPendingDeleteHandler] INFO  block.SCMBlockDeletingService (SCMBlockDeletingService.java:handlePendingDeletes(115)) - Block deletion txnID mismatch in datanode e3be97a9-3d3a-4f1a-9aac-bb0a1b054e74 for containerID 1. Datanode delete txnID: 0, SCM txnID: 1
2019-10-20 04:42:47,582 [e3be97a9-3d3a-4f1a-9aac-bb0a1b054e74@group-045AAD0D4D73-LeaderElection38] INFO  impl.LeaderElection (LeaderElection.java:askForVotes(178)) - e3be97a9-3d3a-4f1a-9aac-bb0a1b054e74@group-045AAD0D4D73-LeaderElection38: begin an election at term 37 for 0: [57114e09-3b7f-4b4a-a342-090fe34f336a:192.168.164.239:45374, e3be97a9-3d3a-4f1a-9aac-bb0a1b054e74:192.168.164.239:42267, 8f4dcc74-0612-4035-9040-5f73cd792029:192.168.164.239:37614], old=null
2019-10-20 04:42:47,585 [grpc-default-executor-2] INFO  impl.RaftServerImpl (RaftServerImpl.java:setRole(184)) - 57114e09-3b7f-4b4a-a342-090fe34f336a@group-045AAD0D4D73: changes role from  FOLLOWER to FOLLOWER at term 37 for recognizeCandidate:e3be97a9-3d3a-4f1a-9aac-bb0a1b054e74
2019-10-20 04:42:47,585 [grpc-default-executor-5] INFO  impl.RaftServerImpl (RaftServerImpl.java:setRole(184)) - 8f4dcc74-0612-4035-9040-5f73cd792029@group-045AAD0D4D73: changes role from  FOLLOWER to FOLLOWER at term 37 for recognizeCandidate:e3be97a9-3d3a-4f1a-9aac-bb0a1b054e74
2019-10-20 04:42:47,585 [grpc-default-executor-2] INFO  impl.RoleInfo (RoleInfo.java:shutdownFollowerState(121)) - 57114e09-3b7f-4b4a-a342-090fe34f336a: shutdown FollowerState
2019-10-20 04:42:47,585 [grpc-default-executor-5] INFO  impl.RoleInfo (RoleInfo.java:shutdownFollowerState(121)) - 8f4dcc74-0612-4035-9040-5f73cd792029: shutdown FollowerState
2019-10-20 04:42:47,585 [Thread-815] INFO  impl.FollowerState (FollowerState.java:run(117)) - 57114e09-3b7f-4b4a-a342-090fe34f336a@group-045AAD0D4D73-FollowerState was interrupted: java.lang.InterruptedException: sleep interrupted
2019-10-20 04:42:47,585 [Thread-816] INFO  impl.FollowerState (FollowerState.java:run(117)) - 8f4dcc74-0612-4035-9040-5f73cd792029@group-045AAD0D4D73-FollowerState was interrupted: java.lang.InterruptedException: sleep interrupted
2019-10-20 04:42:47,585 [grpc-default-executor-5] INFO  impl.RoleInfo (RoleInfo.java:updateAndGet(143)) - 8f4dcc74-0612-4035-9040-5f73cd792029: start FollowerState
2019-10-20 04:42:47,585 [grpc-default-executor-2] INFO  impl.RoleInfo (RoleInfo.java:updateAndGet(143)) - 57114e09-3b7f-4b4a-a342-090fe34f336a: start FollowerState
2019-10-20 04:42:47,609 [e3be97a9-3d3a-4f1a-9aac-bb0a1b054e74@group-045AAD0D4D73-LeaderElection38] INFO  impl.LeaderElection (LeaderElection.java:logAndReturn(56)) - e3be97a9-3d3a-4f1a-9aac-bb0a1b054e74@group-045AAD0D4D73-LeaderElection38: Election REJECTED; received 2 response(s) [e3be97a9-3d3a-4f1a-9aac-bb0a1b054e74<-57114e09-3b7f-4b4a-a342-090fe34f336a#0:FAIL-t37, e3be97a9-3d3a-4f1a-9aac-bb0a1b054e74<-8f4dcc74-0612-4035-9040-5f73cd792029#0:FAIL-t37] and 0 exception(s); e3be97a9-3d3a-4f1a-9aac-bb0a1b054e74@group-045AAD0D4D73:t37, leader=null, voted=e3be97a9-3d3a-4f1a-9aac-bb0a1b054e74, raftlog=e3be97a9-3d3a-4f1a-9aac-bb0a1b054e74@group-045AAD0D4D73-SegmentedRaftLog:OPENED:c3,f4,i4, conf=0: [57114e09-3b7f-4b4a-a342-090fe34f336a:192.168.164.239:45374, e3be97a9-3d3a-4f1a-9aac-bb0a1b054e74:192.168.164.239:42267, 8f4dcc74-0612-4035-9040-5f73cd792029:192.168.164.239:37614], old=null
2019-10-20 04:42:47,609 [e3be97a9-3d3a-4f1a-9aac-bb0a1b054e74@group-045AAD0D4D73-LeaderElection38] INFO  impl.RaftServerImpl (RaftServerImpl.java:setRole(184)) - e3be97a9-3d3a-4f1a-9aac-bb0a1b054e74@group-045AAD0D4D73: changes role from CANDIDATE to FOLLOWER at term 37 for DISCOVERED_A_NEW_TERM
2019-10-20 04:42:47,609 [e3be97a9-3d3a-4f1a-9aac-bb0a1b054e74@group-045AAD0D4D73-LeaderElection38] INFO  impl.RoleInfo (RoleInfo.java:shutdownLeaderElection(134)) - e3be97a9-3d3a-4f1a-9aac-bb0a1b054e74: shutdown LeaderElection
2019-10-20 04:42:47,609 [e3be97a9-3d3a-4f1a-9aac-bb0a1b054e74@group-045AAD0D4D73-LeaderElection38] INFO  impl.RoleInfo (RoleInfo.java:updateAndGet(143)) - e3be97a9-3d3a-4f1a-9aac-bb0a1b054e74: start FollowerState
2019-10-20 04:42:47,740 [Thread-821] INFO  impl.FollowerState (FollowerState.java:run(108)) - e3be97a9-3d3a-4f1a-9aac-bb0a1b054e74@group-045AAD0D4D73-FollowerState: change to CANDIDATE, lastRpcTime:130ms, electionTimeout:130ms
2019-10-20 04:42:47,740 [Thread-821] INFO  impl.RoleInfo (RoleInfo.java:shutdownFollowerState(121)) - e3be97a9-3d3a-4f1a-9aac-bb0a1b054e74: shutdown FollowerState
2019-10-20 04:42:47,740 [Thread-821] INFO  impl.RaftServerImpl (RaftServerImpl.java:setRole(184)) - e3be97a9-3d3a-4f1a-9aac-bb0a1b054e74@group-045AAD0D4D73: changes role from  FOLLOWER to CANDIDATE at term 37 for changeToCandidate
2019-10-20 04:42:47,740 [Thread-821] INFO  impl.RoleInfo (RoleInfo.java:updateAndGet(143)) - e3be97a9-3d3a-4f1a-9aac-bb0a1b054e74: start LeaderElection
2019-10-20 04:42:47,766 [e3be97a9-3d3a-4f1a-9aac-bb0a1b054e74@group-045AAD0D4D73-LeaderElection39] INFO  impl.LeaderElection (LeaderElection.java:askForVotes(178)) - e3be97a9-3d3a-4f1a-9aac-bb0a1b054e74@group-045AAD0D4D73-LeaderElection39: begin an election at term 38 for 0: [57114e09-3b7f-4b4a-a342-090fe34f336a:192.168.164.239:45374, e3be97a9-3d3a-4f1a-9aac-bb0a1b054e74:192.168.164.239:42267, 8f4dcc74-0612-4035-9040-5f73cd792029:192.168.164.239:37614], old=null
2019-10-20 04:42:47,768 [e3be97a9-3d3a-4f1a-9aac-bb0a1b054e74@group-045AAD0D4D73-LeaderElection39] INFO  impl.LeaderElection (LeaderElection.java:logAndReturn(56)) - e3be97a9-3d3a-4f1a-9aac-bb0a1b054e74@group-045AAD0D4D73-LeaderElection39: Election TIMEOUT; received 0 response(s) [] and 0 exception(s); e3be97a9-3d3a-4f1a-9aac-bb0a1b054e74@group-045AAD0D4D73:t38, leader=null, voted=e3be97a9-3d3a-4f1a-9aac-bb0a1b054e74, raftlog=e3be97a9-3d3a-4f1a-9aac-bb0a1b054e74@group-045AAD0D4D73-SegmentedRaftLog:OPENED:c3,f4,i4, conf=0: [57114e09-3b7f-4b4a-a342-090fe34f336a:192.168.164.239:45374, e3be97a9-3d3a-4f1a-9aac-bb0a1b054e74:192.168.164.239:42267, 8f4dcc74-0612-4035-9040-5f73cd792029:192.168.164.239:37614], old=null
2019-10-20 04:42:47,769 [grpc-default-executor-2] INFO  impl.RaftServerImpl (RaftServerImpl.java:setRole(184)) - 8f4dcc74-0612-4035-9040-5f73cd792029@group-045AAD0D4D73: changes role from  FOLLOWER to FOLLOWER at term 38 for recognizeCandidate:e3be97a9-3d3a-4f1a-9aac-bb0a1b054e74
2019-10-20 04:42:47,770 [grpc-default-executor-2] INFO  impl.RoleInfo (RoleInfo.java:shutdownFollowerState(121)) - 8f4dcc74-0612-4035-9040-5f73cd792029: shutdown FollowerState
2019-10-20 04:42:47,770 [grpc-default-executor-5] INFO  impl.RaftServerImpl (RaftServerImpl.java:setRole(184)) - 57114e09-3b7f-4b4a-a342-090fe34f336a@group-045AAD0D4D73: changes role from  FOLLOWER to FOLLOWER at term 38 for recognizeCandidate:e3be97a9-3d3a-4f1a-9aac-bb0a1b054e74
2019-10-20 04:42:47,770 [Thread-820] INFO  impl.FollowerState (FollowerState.java:run(117)) - 8f4dcc74-0612-4035-9040-5f73cd792029@group-045AAD0D4D73-FollowerState was interrupted: java.lang.InterruptedException: sleep interrupted
2019-10-20 04:42:47,770 [grpc-default-executor-2] INFO  impl.RoleInfo (RoleInfo.java:updateAndGet(143)) - 8f4dcc74-0612-4035-9040-5f73cd792029: start FollowerState
2019-10-20 04:42:47,770 [grpc-default-executor-5] INFO  impl.RoleInfo (RoleInfo.java:shutdownFollowerState(121)) - 57114e09-3b7f-4b4a-a342-090fe34f336a: shutdown FollowerState
2019-10-20 04:42:47,771 [grpc-default-executor-5] INFO  impl.RoleInfo (RoleInfo.java:updateAndGet(143)) - 57114e09-3b7f-4b4a-a342-090fe34f336a: start FollowerState
2019-10-20 04:42:47,771 [Thread-819] INFO  impl.FollowerState (FollowerState.java:run(117)) - 57114e09-3b7f-4b4a-a342-090fe34f336a@group-045AAD0D4D73-FollowerState was interrupted: java.lang.InterruptedException: sleep interrupted
2019-10-20 04:42:47,793 [e3be97a9-3d3a-4f1a-9aac-bb0a1b054e74@group-045AAD0D4D73-LeaderElection39] INFO  impl.LeaderElection (LeaderElection.java:askForVotes(178)) - e3be97a9-3d3a-4f1a-9aac-bb0a1b054e74@group-045AAD0D4D73-LeaderElection39: begin an election at term 39 for 0: [57114e09-3b7f-4b4a-a342-090fe34f336a:192.168.164.239:45374, e3be97a9-3d3a-4f1a-9aac-bb0a1b054e74:192.168.164.239:42267, 8f4dcc74-0612-4035-9040-5f73cd792029:192.168.164.239:37614], old=null
2019-10-20 04:42:47,794 [e3be97a9-3d3a-4f1a-9aac-bb0a1b054e74@group-045AAD0D4D73-LeaderElection39] INFO  impl.LeaderElection (LeaderElection.java:logAndReturn(56)) - e3be97a9-3d3a-4f1a-9aac-bb0a1b054e74@group-045AAD0D4D73-LeaderElection39: Election TIMEOUT; received 0 response(s) [] and 0 exception(s); e3be97a9-3d3a-4f1a-9aac-bb0a1b054e74@group-045AAD0D4D73:t39, leader=null, voted=e3be97a9-3d3a-4f1a-9aac-bb0a1b054e74, raftlog=e3be97a9-3d3a-4f1a-9aac-bb0a1b054e74@group-045AAD0D4D73-SegmentedRaftLog:OPENED:c3,f4,i4, conf=0: [57114e09-3b7f-4b4a-a342-090fe34f336a:192.168.164.239:45374, e3be97a9-3d3a-4f1a-9aac-bb0a1b054e74:192.168.164.239:42267, 8f4dcc74-0612-4035-9040-5f73cd792029:192.168.164.239:37614], old=null
2019-10-20 04:42:47,796 [grpc-default-executor-5] INFO  impl.RaftServerImpl (RaftServerImpl.java:setRole(184)) - 57114e09-3b7f-4b4a-a342-090fe34f336a@group-045AAD0D4D73: changes role from  FOLLOWER to FOLLOWER at term 39 for recognizeCandidate:e3be97a9-3d3a-4f1a-9aac-bb0a1b054e74
2019-10-20 04:42:47,796 [grpc-default-executor-5] INFO  impl.RoleInfo (RoleInfo.java:shutdownFollowerState(121)) - 57114e09-3b7f-4b4a-a342-090fe34f336a: shutdown FollowerState
2019-10-20 04:42:47,796 [grpc-default-executor-5] INFO  impl.RoleInfo (RoleInfo.java:updateAndGet(143)) - 57114e09-3b7f-4b4a-a342-090fe34f336a: start FollowerState
2019-10-20 04:42:47,796 [grpc-default-executor-2] INFO  impl.RaftServerImpl (RaftServerImpl.java:setRole(184)) - 8f4dcc74-0612-4035-9040-5f73cd792029@group-045AAD0D4D73: changes role from  FOLLOWER to FOLLOWER at term 39 for recognizeCandidate:e3be97a9-3d3a-4f1a-9aac-bb0a1b054e74
2019-10-20 04:42:47,796 [Thread-826] INFO  impl.FollowerState (FollowerState.java:run(117)) - 57114e09-3b7f-4b4a-a342-090fe34f336a@group-045AAD0D4D73-FollowerState was interrupted: java.lang.InterruptedException: sleep interrupted
2019-10-20 04:42:47,796 [grpc-default-executor-2] INFO  impl.RoleInfo (RoleInfo.java:shutdownFollowerState(121)) - 8f4dcc74-0612-4035-9040-5f73cd792029: shutdown FollowerState
2019-10-20 04:42:47,797 [Thread-825] INFO  impl.FollowerState (FollowerState.java:run(117)) - 8f4dcc74-0612-4035-9040-5f73cd792029@group-045AAD0D4D73-FollowerState was interrupted: java.lang.InterruptedException: sleep interrupted
2019-10-20 04:42:47,797 [grpc-default-executor-2] INFO  impl.RoleInfo (RoleInfo.java:updateAndGet(143)) - 8f4dcc74-0612-4035-9040-5f73cd792029: start FollowerState
2019-10-20 04:42:47,827 [e3be97a9-3d3a-4f1a-9aac-bb0a1b054e74@group-045AAD0D4D73-LeaderElection39] INFO  impl.LeaderElection (LeaderElection.java:askForVotes(178)) - e3be97a9-3d3a-4f1a-9aac-bb0a1b054e74@group-045AAD0D4D73-LeaderElection39: begin an election at term 40 for 0: [57114e09-3b7f-4b4a-a342-090fe34f336a:192.168.164.239:45374, e3be97a9-3d3a-4f1a-9aac-bb0a1b054e74:192.168.164.239:42267, 8f4dcc74-0612-4035-9040-5f73cd792029:192.168.164.239:37614], old=null
2019-10-20 04:42:47,829 [grpc-default-executor-2] INFO  impl.RaftServerImpl (RaftServerImpl.java:setRole(184)) - 57114e09-3b7f-4b4a-a342-090fe34f336a@group-045AAD0D4D73: changes role from  FOLLOWER to FOLLOWER at term 40 for recognizeCandidate:e3be97a9-3d3a-4f1a-9aac-bb0a1b054e74
2019-10-20 04:42:47,830 [grpc-default-executor-2] INFO  impl.RoleInfo (RoleInfo.java:shutdownFollowerState(121)) - 57114e09-3b7f-4b4a-a342-090fe34f336a: shutdown FollowerState
2019-10-20 04:42:47,830 [grpc-default-executor-5] INFO  impl.RaftServerImpl (RaftServerImpl.java:setRole(184)) - 8f4dcc74-0612-4035-9040-5f73cd792029@group-045AAD0D4D73: changes role from  FOLLOWER to FOLLOWER at term 40 for recognizeCandidate:e3be97a9-3d3a-4f1a-9aac-bb0a1b054e74
2019-10-20 04:42:47,830 [Thread-829] INFO  impl.FollowerState (FollowerState.java:run(117)) - 57114e09-3b7f-4b4a-a342-090fe34f336a@group-045AAD0D4D73-FollowerState was interrupted: java.lang.InterruptedException: sleep interrupted
2019-10-20 04:42:47,830 [grpc-default-executor-2] INFO  impl.RoleInfo (RoleInfo.java:updateAndGet(143)) - 57114e09-3b7f-4b4a-a342-090fe34f336a: start FollowerState
2019-10-20 04:42:47,830 [grpc-default-executor-5] INFO  impl.RoleInfo (RoleInfo.java:shutdownFollowerState(121)) - 8f4dcc74-0612-4035-9040-5f73cd792029: shutdown FollowerState
2019-10-20 04:42:47,830 [grpc-default-executor-5] INFO  impl.RoleInfo (RoleInfo.java:updateAndGet(143)) - 8f4dcc74-0612-4035-9040-5f73cd792029: start FollowerState
2019-10-20 04:42:47,830 [Thread-830] INFO  impl.FollowerState (FollowerState.java:run(117)) - 8f4dcc74-0612-4035-9040-5f73cd792029@group-045AAD0D4D73-FollowerState was interrupted: java.lang.InterruptedException: sleep interrupted
2019-10-20 04:42:47,854 [e3be97a9-3d3a-4f1a-9aac-bb0a1b054e74@group-045AAD0D4D73-LeaderElection39] INFO  impl.LeaderElection (LeaderElection.java:logAndReturn(56)) - e3be97a9-3d3a-4f1a-9aac-bb0a1b054e74@group-045AAD0D4D73-LeaderElection39: Election REJECTED; received 2 response(s) [e3be97a9-3d3a-4f1a-9aac-bb0a1b054e74<-57114e09-3b7f-4b4a-a342-090fe34f336a#0:FAIL-t40, e3be97a9-3d3a-4f1a-9aac-bb0a1b054e74<-8f4dcc74-0612-4035-9040-5f73cd792029#0:FAIL-t40] and 0 exception(s); e3be97a9-3d3a-4f1a-9aac-bb0a1b054e74@group-045AAD0D4D73:t40, leader=null, voted=e3be97a9-3d3a-4f1a-9aac-bb0a1b054e74, raftlog=e3be97a9-3d3a-4f1a-9aac-bb0a1b054e74@group-045AAD0D4D73-SegmentedRaftLog:OPENED:c3,f4,i4, conf=0: [57114e09-3b7f-4b4a-a342-090fe34f336a:192.168.164.239:45374, e3be97a9-3d3a-4f1a-9aac-bb0a1b054e74:192.168.164.239:42267, 8f4dcc74-0612-4035-9040-5f73cd792029:192.168.164.239:37614], old=null
2019-10-20 04:42:47,854 [e3be97a9-3d3a-4f1a-9aac-bb0a1b054e74@group-045AAD0D4D73-LeaderElection39] INFO  impl.RaftServerImpl (RaftServerImpl.java:setRole(184)) - e3be97a9-3d3a-4f1a-9aac-bb0a1b054e74@group-045AAD0D4D73: changes role from CANDIDATE to FOLLOWER at term 40 for DISCOVERED_A_NEW_TERM
2019-10-20 04:42:47,854 [e3be97a9-3d3a-4f1a-9aac-bb0a1b054e74@group-045AAD0D4D73-LeaderElection39] INFO  impl.RoleInfo (RoleInfo.java:shutdownLeaderElection(134)) - e3be97a9-3d3a-4f1a-9aac-bb0a1b054e74: shutdown LeaderElection
2019-10-20 04:42:47,854 [e3be97a9-3d3a-4f1a-9aac-bb0a1b054e74@group-045AAD0D4D73-LeaderElection39] INFO  impl.RoleInfo (RoleInfo.java:updateAndGet(143)) - e3be97a9-3d3a-4f1a-9aac-bb0a1b054e74: start FollowerState
2019-10-20 04:42:47,866 [EventQueue-PendingDeleteStatusForPendingDeleteHandler] INFO  block.SCMBlockDeletingService (SCMBlockDeletingService.java:handlePendingDeletes(115)) - Block deletion txnID mismatch in datanode e3be97a9-3d3a-4f1a-9aac-bb0a1b054e74 for containerID 1. Datanode delete txnID: 0, SCM txnID: 1
2019-10-20 04:42:48,004 [Command processor thread] INFO  commandhandler.DeleteBlocksCommandHandler (DeleteBlocksCommandHandler.java:handle(106)) - Start to delete container blocks, TXIDs=[1(0)], numOfContainers=1, numOfBlocks=1
2019-10-20 04:42:48,005 [Command processor thread] INFO  commandhandler.DeleteBlocksCommandHandler (DeleteBlocksCommandHandler.java:handle(106)) - Start to delete container blocks, TXIDs=[1(2)], numOfContainers=1, numOfBlocks=1
2019-10-20 04:42:48,006 [Command processor thread] INFO  commandhandler.DeleteBlocksCommandHandler (DeleteBlocksCommandHandler.java:handle(106)) - Start to delete container blocks, TXIDs=[1(0)], numOfContainers=1, numOfBlocks=1
2019-10-20 04:42:48,006 [Command processor thread] INFO  commandhandler.DeleteBlocksCommandHandler (DeleteBlocksCommandHandler.java:handle(106)) - Start to delete container blocks, TXIDs=[1(2)], numOfContainers=1, numOfBlocks=1
2019-10-20 04:42:48,006 [Command processor thread] INFO  commandhandler.DeleteBlocksCommandHandler (DeleteBlocksCommandHandler.java:handle(106)) - Start to delete container blocks, TXIDs=[1(0)], numOfContainers=1, numOfBlocks=1
2019-10-20 04:42:48,006 [Command processor thread] INFO  commandhandler.DeleteBlocksCommandHandler (DeleteBlocksCommandHandler.java:handle(106)) - Start to delete container blocks, TXIDs=[1(2)], numOfContainers=1, numOfBlocks=1
2019-10-20 04:42:48,006 [Command processor thread] INFO  commandhandler.DeleteBlocksCommandHandler (DeleteBlocksCommandHandler.java:handle(106)) - Start to delete container blocks, TXIDs=[1(2)], numOfContainers=1, numOfBlocks=1
2019-10-20 04:42:48,006 [Command processor thread] INFO  commandhandler.DeleteBlocksCommandHandler (DeleteBlocksCommandHandler.java:handle(106)) - Start to delete container blocks, TXIDs=[1(0)], numOfContainers=1, numOfBlocks=1
2019-10-20 04:42:48,007 [Command processor thread] INFO  commandhandler.DeleteBlocksCommandHandler (DeleteBlocksCommandHandler.java:handle(106)) - Start to delete container blocks, TXIDs=[1(2)], numOfContainers=1, numOfBlocks=1
2019-10-20 04:42:48,007 [Command processor thread] INFO  commandhandler.DeleteBlocksCommandHandler (DeleteBlocksCommandHandler.java:handle(106)) - Start to delete container blocks, TXIDs=[1(2)], numOfContainers=1, numOfBlocks=1
2019-10-20 04:42:48,007 [Command processor thread] INFO  commandhandler.DeleteBlocksCommandHandler (DeleteBlocksCommandHandler.java:handle(106)) - Start to delete container blocks, TXIDs=[1(2)], numOfContainers=1, numOfBlocks=1
2019-10-20 04:42:48,007 [Command processor thread] INFO  commandhandler.DeleteBlocksCommandHandler (DeleteBlocksCommandHandler.java:handle(106)) - Start to delete container blocks, TXIDs=[1(2)], numOfContainers=1, numOfBlocks=1
2019-10-20 04:42:48,007 [Command processor thread] INFO  commandhandler.DeleteBlocksCommandHandler (DeleteBlocksCommandHandler.java:handle(106)) - Start to delete container blocks, TXIDs=[1(2)], numOfContainers=1, numOfBlocks=1
2019-10-20 04:42:48,008 [Command processor thread] INFO  commandhandler.DeleteBlocksCommandHandler (DeleteBlocksCommandHandler.java:handle(106)) - Start to delete container blocks, TXIDs=[1(2)], numOfContainers=1, numOfBlocks=1
2019-10-20 04:42:48,008 [Command processor thread] INFO  commandhandler.DeleteBlocksCommandHandler (DeleteBlocksCommandHandler.java:handle(106)) - Start to delete container blocks, TXIDs=[1(0)], numOfContainers=1, numOfBlocks=1
2019-10-20 04:42:48,008 [Command processor thread] INFO  commandhandler.DeleteBlocksCommandHandler (DeleteBlocksCommandHandler.java:handle(106)) - Start to delete container blocks, TXIDs=[1(2)], numOfContainers=1, numOfBlocks=1
2019-10-20 04:42:48,008 [Command processor thread] INFO  commandhandler.DeleteBlocksCommandHandler (DeleteBlocksCommandHandler.java:handle(106)) - Start to delete container blocks, TXIDs=[1(2)], numOfContainers=1, numOfBlocks=1
2019-10-20 04:42:48,009 [Command processor thread] INFO  commandhandler.DeleteBlocksCommandHandler (DeleteBlocksCommandHandler.java:handle(106)) - Start to delete container blocks, TXIDs=[1(0)], numOfContainers=1, numOfBlocks=1
2019-10-20 04:42:48,009 [Command processor thread] INFO  commandhandler.DeleteBlocksCommandHandler (DeleteBlocksCommandHandler.java:handle(106)) - Start to delete container blocks, TXIDs=[1(2)], numOfContainers=1, numOfBlocks=1
2019-10-20 04:42:48,009 [Command processor thread] INFO  commandhandler.DeleteBlocksCommandHandler (DeleteBlocksCommandHandler.java:handle(106)) - Start to delete container blocks, TXIDs=[1(2)], numOfContainers=1, numOfBlocks=1
2019-10-20 04:42:48,009 [Command processor thread] INFO  commandhandler.DeleteBlocksCommandHandler (DeleteBlocksCommandHandler.java:handle(106)) - Start to delete container blocks, TXIDs=[1(2)], numOfContainers=1, numOfBlocks=1
2019-10-20 04:42:48,010 [Command processor thread] INFO  commandhandler.DeleteBlocksCommandHandler (DeleteBlocksCommandHandler.java:handle(106)) - Start to delete container blocks, TXIDs=[1(2)], numOfContainers=1, numOfBlocks=1
2019-10-20 04:42:48,010 [Command processor thread] INFO  commandhandler.DeleteBlocksCommandHandler (DeleteBlocksCommandHandler.java:handle(106)) - Start to delete container blocks, TXIDs=[1(0)], numOfContainers=1, numOfBlocks=1
2019-10-20 04:42:48,010 [Command processor thread] INFO  commandhandler.DeleteBlocksCommandHandler (DeleteBlocksCommandHandler.java:handle(106)) - Start to delete container blocks, TXIDs=[1(2)], numOfContainers=1, numOfBlocks=1
2019-10-20 04:42:48,010 [Command processor thread] INFO  commandhandler.DeleteBlocksCommandHandler (DeleteBlocksCommandHandler.java:handle(106)) - Start to delete container blocks, TXIDs=[1(2)], numOfContainers=1, numOfBlocks=1
2019-10-20 04:42:48,011 [Command processor thread] INFO  commandhandler.DeleteBlocksCommandHandler (DeleteBlocksCommandHandler.java:handle(106)) - Start to delete container blocks, TXIDs=[1(2)], numOfContainers=1, numOfBlocks=1
2019-10-20 04:42:48,011 [Command processor thread] INFO  commandhandler.DeleteBlocksCommandHandler (DeleteBlocksCommandHandler.java:handle(106)) - Start to delete container blocks, TXIDs=[1(2)], numOfContainers=1, numOfBlocks=1
2019-10-20 04:42:48,011 [Command processor thread] INFO  commandhandler.DeleteBlocksCommandHandler (DeleteBlocksCommandHandler.java:handle(106)) - Start to delete container blocks, TXIDs=[1(2)], numOfContainers=1, numOfBlocks=1
2019-10-20 04:42:48,011 [Command processor thread] INFO  commandhandler.DeleteBlocksCommandHandler (DeleteBlocksCommandHandler.java:handle(106)) - Start to delete container blocks, TXIDs=[1(30)], numOfContainers=1, numOfBlocks=1
2019-10-20 04:42:48,011 [Command processor thread] INFO  commandhandler.DeleteBlocksCommandHandler (DeleteBlocksCommandHandler.java:handle(106)) - Start to delete container blocks, TXIDs=[1(2)], numOfContainers=1, numOfBlocks=1
2019-10-20 04:42:48,012 [Command processor thread] INFO  commandhandler.DeleteBlocksCommandHandler (DeleteBlocksCommandHandler.java:handle(106)) - Start to delete container blocks, TXIDs=[1(2)], numOfContainers=1, numOfBlocks=1
2019-10-20 04:42:48,012 [Command processor thread] INFO  commandhandler.DeleteBlocksCommandHandler (DeleteBlocksCommandHandler.java:handle(106)) - Start to delete container blocks, TXIDs=[1(2)], numOfContainers=1, numOfBlocks=1
2019-10-20 04:42:48,012 [Command processor thread] INFO  commandhandler.DeleteBlocksCommandHandler (DeleteBlocksCommandHandler.java:handle(106)) - Start to delete container blocks, TXIDs=[1(2)], numOfContainers=1, numOfBlocks=1
2019-10-20 04:42:48,012 [Command processor thread] INFO  commandhandler.DeleteBlocksCommandHandler (DeleteBlocksCommandHandler.java:handle(106)) - Start to delete container blocks, TXIDs=[1(2)], numOfContainers=1, numOfBlocks=1
2019-10-20 04:42:48,013 [Command processor thread] INFO  commandhandler.DeleteBlocksCommandHandler (DeleteBlocksCommandHandler.java:handle(106)) - Start to delete container blocks, TXIDs=[1(2)], numOfContainers=1, numOfBlocks=1
2019-10-20 04:42:48,013 [Command processor thread] INFO  commandhandler.DeleteBlocksCommandHandler (DeleteBlocksCommandHandler.java:handle(106)) - Start to delete container blocks, TXIDs=[1(0)], numOfContainers=1, numOfBlocks=1
2019-10-20 04:42:48,039 [Thread-835] INFO  impl.FollowerState (FollowerState.java:run(108)) - e3be97a9-3d3a-4f1a-9aac-bb0a1b054e74@group-045AAD0D4D73-FollowerState: change to CANDIDATE, lastRpcTime:184ms, electionTimeout:184ms
2019-10-20 04:42:48,039 [Thread-835] INFO  impl.RoleInfo (RoleInfo.java:shutdownFollowerState(121)) - e3be97a9-3d3a-4f1a-9aac-bb0a1b054e74: shutdown FollowerState
2019-10-20 04:42:48,039 [Thread-835] INFO  impl.RaftServerImpl (RaftServerImpl.java:setRole(184)) - e3be97a9-3d3a-4f1a-9aac-bb0a1b054e74@group-045AAD0D4D73: changes role from  FOLLOWER to CANDIDATE at term 40 for changeToCandidate
2019-10-20 04:42:48,039 [Thread-835] INFO  impl.RoleInfo (RoleInfo.java:updateAndGet(143)) - e3be97a9-3d3a-4f1a-9aac-bb0a1b054e74: start LeaderElection
2019-10-20 04:42:48,070 [e3be97a9-3d3a-4f1a-9aac-bb0a1b054e74@group-045AAD0D4D73-LeaderElection40] INFO  impl.LeaderElection (LeaderElection.java:askForVotes(178)) - e3be97a9-3d3a-4f1a-9aac-bb0a1b054e74@group-045AAD0D4D73-LeaderElection40: begin an election at term 41 for 0: [57114e09-3b7f-4b4a-a342-090fe34f336a:192.168.164.239:45374, e3be97a9-3d3a-4f1a-9aac-bb0a1b054e74:192.168.164.239:42267, 8f4dcc74-0612-4035-9040-5f73cd792029:192.168.164.239:37614], old=null
2019-10-20 04:42:48,073 [grpc-default-executor-5] INFO  impl.RaftServerImpl (RaftServerImpl.java:setRole(184)) - 57114e09-3b7f-4b4a-a342-090fe34f336a@group-045AAD0D4D73: changes role from  FOLLOWER to FOLLOWER at term 41 for recognizeCandidate:e3be97a9-3d3a-4f1a-9aac-bb0a1b054e74
2019-10-20 04:42:48,073 [grpc-default-executor-5] INFO  impl.RoleInfo (RoleInfo.java:shutdownFollowerState(121)) - 57114e09-3b7f-4b4a-a342-090fe34f336a: shutdown FollowerState
2019-10-20 04:42:48,073 [grpc-default-executor-5] INFO  impl.RoleInfo (RoleInfo.java:updateAndGet(143)) - 57114e09-3b7f-4b4a-a342-090fe34f336a: start FollowerState
2019-10-20 04:42:48,073 [Thread-833] INFO  impl.FollowerState (FollowerState.java:run(117)) - 57114e09-3b7f-4b4a-a342-090fe34f336a@group-045AAD0D4D73-FollowerState was interrupted: java.lang.InterruptedException: sleep interrupted
2019-10-20 04:42:48,073 [grpc-default-executor-2] INFO  impl.RaftServerImpl (RaftServerImpl.java:setRole(184)) - 8f4dcc74-0612-4035-9040-5f73cd792029@group-045AAD0D4D73: changes role from  FOLLOWER to FOLLOWER at term 41 for recognizeCandidate:e3be97a9-3d3a-4f1a-9aac-bb0a1b054e74
2019-10-20 04:42:48,074 [grpc-default-executor-2] INFO  impl.RoleInfo (RoleInfo.java:shutdownFollowerState(121)) - 8f4dcc74-0612-4035-9040-5f73cd792029: shutdown FollowerState
2019-10-20 04:42:48,074 [grpc-default-executor-2] INFO  impl.RoleInfo (RoleInfo.java:updateAndGet(143)) - 8f4dcc74-0612-4035-9040-5f73cd792029: start FollowerState
2019-10-20 04:42:48,074 [Thread-834] INFO  impl.FollowerState (FollowerState.java:run(117)) - 8f4dcc74-0612-4035-9040-5f73cd792029@group-045AAD0D4D73-FollowerState was interrupted: java.lang.InterruptedException: sleep interrupted
2019-10-20 04:42:48,096 [e3be97a9-3d3a-4f1a-9aac-bb0a1b054e74@group-045AAD0D4D73-LeaderElection40] INFO  impl.LeaderElection (LeaderElection.java:logAndReturn(56)) - e3be97a9-3d3a-4f1a-9aac-bb0a1b054e74@group-045AAD0D4D73-LeaderElection40: Election REJECTED; received 2 response(s) [e3be97a9-3d3a-4f1a-9aac-bb0a1b054e74<-57114e09-3b7f-4b4a-a342-090fe34f336a#0:FAIL-t41, e3be97a9-3d3a-4f1a-9aac-bb0a1b054e74<-8f4dcc74-0612-4035-9040-5f73cd792029#0:FAIL-t41] and 0 exception(s); e3be97a9-3d3a-4f1a-9aac-bb0a1b054e74@group-045AAD0D4D73:t41, leader=null, voted=e3be97a9-3d3a-4f1a-9aac-bb0a1b054e74, raftlog=e3be97a9-3d3a-4f1a-9aac-bb0a1b054e74@group-045AAD0D4D73-SegmentedRaftLog:OPENED:c3,f4,i4, conf=0: [57114e09-3b7f-4b4a-a342-090fe34f336a:192.168.164.239:45374, e3be97a9-3d3a-4f1a-9aac-bb0a1b054e74:192.168.164.239:42267, 8f4dcc74-0612-4035-9040-5f73cd792029:192.168.164.239:37614], old=null
2019-10-20 04:42:48,096 [e3be97a9-3d3a-4f1a-9aac-bb0a1b054e74@group-045AAD0D4D73-LeaderElection40] INFO  impl.RaftServerImpl (RaftServerImpl.java:setRole(184)) - e3be97a9-3d3a-4f1a-9aac-bb0a1b054e74@group-045AAD0D4D73: changes role from CANDIDATE to FOLLOWER at term 41 for DISCOVERED_A_NEW_TERM
2019-10-20 04:42:48,097 [e3be97a9-3d3a-4f1a-9aac-bb0a1b054e74@group-045AAD0D4D73-LeaderElection40] INFO  impl.RoleInfo (RoleInfo.java:shutdownLeaderElection(134)) - e3be97a9-3d3a-4f1a-9aac-bb0a1b054e74: shutdown LeaderElection
2019-10-20 04:42:48,097 [e3be97a9-3d3a-4f1a-9aac-bb0a1b054e74@group-045AAD0D4D73-LeaderElection40] INFO  impl.RoleInfo (RoleInfo.java:updateAndGet(143)) - e3be97a9-3d3a-4f1a-9aac-bb0a1b054e74: start FollowerState
2019-10-20 04:42:48,207 [EventQueue-DeleteBlockStatusForDeletedBlockLogImpl] WARN  block.DeletedBlockLogImpl (DeletedBlockLogImpl.java:commitTransactions(205)) - Transaction txId=1 commit by dnId=e3be97a9-3d3a-4f1a-9aac-bb0a1b054e74 for containerID=#1 failed. Corresponding entry not found.
2019-10-20 04:42:48,207 [EventQueue-DeleteBlockStatusForDeletedBlockLogImpl] WARN  block.DeletedBlockLogImpl (DeletedBlockLogImpl.java:commitTransactions(205)) - Transaction txId=1 commit by dnId=e3be97a9-3d3a-4f1a-9aac-bb0a1b054e74 for containerID=#1 failed. Corresponding entry not found.
2019-10-20 04:42:48,207 [EventQueue-DeleteBlockStatusForDeletedBlockLogImpl] WARN  block.DeletedBlockLogImpl (DeletedBlockLogImpl.java:commitTransactions(205)) - Transaction txId=1 commit by dnId=e3be97a9-3d3a-4f1a-9aac-bb0a1b054e74 for containerID=#1 failed. Corresponding entry not found.
2019-10-20 04:42:48,207 [EventQueue-DeleteBlockStatusForDeletedBlockLogImpl] WARN  block.DeletedBlockLogImpl (DeletedBlockLogImpl.java:commitTransactions(205)) - Transaction txId=1 commit by dnId=e3be97a9-3d3a-4f1a-9aac-bb0a1b054e74 for containerID=#1 failed. Corresponding entry not found.
2019-10-20 04:42:48,208 [EventQueue-DeleteBlockStatusForDeletedBlockLogImpl] WARN  block.DeletedBlockLogImpl (DeletedBlockLogImpl.java:commitTransactions(205)) - Transaction txId=1 commit by dnId=e3be97a9-3d3a-4f1a-9aac-bb0a1b054e74 for containerID=#1 failed. Corresponding entry not found.
2019-10-20 04:42:48,208 [EventQueue-DeleteBlockStatusForDeletedBlockLogImpl] WARN  block.DeletedBlockLogImpl (DeletedBlockLogImpl.java:commitTransactions(205)) - Transaction txId=1 commit by dnId=e3be97a9-3d3a-4f1a-9aac-bb0a1b054e74 for containerID=#1 failed. Corresponding entry not found.
2019-10-20 04:42:48,208 [EventQueue-DeleteBlockStatusForDeletedBlockLogImpl] WARN  block.DeletedBlockLogImpl (DeletedBlockLogImpl.java:commitTransactions(205)) - Transaction txId=1 commit by dnId=e3be97a9-3d3a-4f1a-9aac-bb0a1b054e74 for containerID=#1 failed. Corresponding entry not found.
2019-10-20 04:42:48,255 [Thread-844] INFO  client.GrpcClientProtocolService (GrpcClientProtocolService.java:lambda$processClientRequest$0(278)) - Failed RaftClientRequest:client-A2F9089F7F1F->8f4dcc74-0612-4035-9040-5f73cd792029@group-045AAD0D4D73, cid=10, seq=0, Watch-ALL_COMMITTED(6), Message:<EMPTY>, reply=RaftClientReply:client-A2F9089F7F1F->8f4dcc74-0612-4035-9040-5f73cd792029@group-045AAD0D4D73, cid=10, FAILED org.apache.ratis.protocol.NotLeaderException: Server 8f4dcc74-0612-4035-9040-5f73cd792029@group-045AAD0D4D73 is not the leader, logIndex=0, commits[8f4dcc74-0612-4035-9040-5f73cd792029:c10, 57114e09-3b7f-4b4a-a342-090fe34f336a:c10, e3be97a9-3d3a-4f1a-9aac-bb0a1b054e74:c4]
2019-10-20 04:42:48,270 [Thread-842] INFO  impl.FollowerState (FollowerState.java:run(108)) - e3be97a9-3d3a-4f1a-9aac-bb0a1b054e74@group-045AAD0D4D73-FollowerState: change to CANDIDATE, lastRpcTime:173ms, electionTimeout:173ms
2019-10-20 04:42:48,270 [Thread-842] INFO  impl.RoleInfo (RoleInfo.java:shutdownFollowerState(121)) - e3be97a9-3d3a-4f1a-9aac-bb0a1b054e74: shutdown FollowerState
2019-10-20 04:42:48,271 [Thread-842] INFO  impl.RaftServerImpl (RaftServerImpl.java:setRole(184)) - e3be97a9-3d3a-4f1a-9aac-bb0a1b054e74@group-045AAD0D4D73: changes role from  FOLLOWER to CANDIDATE at term 41 for changeToCandidate
2019-10-20 04:42:48,271 [Thread-842] INFO  impl.RoleInfo (RoleInfo.java:updateAndGet(143)) - e3be97a9-3d3a-4f1a-9aac-bb0a1b054e74: start LeaderElection
2019-10-20 04:42:48,273 [BlockDeletingService#2] WARN  background.BlockDeletingService (BlockDeletingService.java:isDeletionAllowed(187)) - Close Container log Index 6 is not replicated across allthe servers in the pipeline 34dfe2c8-23b7-47ff-8954-045aad0d4d73 as the min replicated index is 4. Deletion is not allowed in this container yet.
2019-10-20 04:42:48,273 [BlockDeletingService#2] WARN  background.BlockDeletingService (BlockDeletingService.java:isDeletionAllowed(187)) - Close Container log Index 6 is not replicated across allthe servers in the pipeline 34dfe2c8-23b7-47ff-8954-045aad0d4d73 as the min replicated index is 4. Deletion is not allowed in this container yet.
2019-10-20 04:42:48,296 [e3be97a9-3d3a-4f1a-9aac-bb0a1b054e74@group-045AAD0D4D73-LeaderElection41] INFO  impl.LeaderElection (LeaderElection.java:askForVotes(178)) - e3be97a9-3d3a-4f1a-9aac-bb0a1b054e74@group-045AAD0D4D73-LeaderElection41: begin an election at term 42 for 0: [57114e09-3b7f-4b4a-a342-090fe34f336a:192.168.164.239:45374, e3be97a9-3d3a-4f1a-9aac-bb0a1b054e74:192.168.164.239:42267, 8f4dcc74-0612-4035-9040-5f73cd792029:192.168.164.239:37614], old=null
2019-10-20 04:42:48,299 [grpc-default-executor-5] INFO  impl.RaftServerImpl (RaftServerImpl.java:setRole(184)) - 8f4dcc74-0612-4035-9040-5f73cd792029@group-045AAD0D4D73: changes role from  FOLLOWER to FOLLOWER at term 42 for recognizeCandidate:e3be97a9-3d3a-4f1a-9aac-bb0a1b054e74
2019-10-20 04:42:48,299 [grpc-default-executor-2] INFO  impl.RaftServerImpl (RaftServerImpl.java:setRole(184)) - 57114e09-3b7f-4b4a-a342-090fe34f336a@group-045AAD0D4D73: changes role from  FOLLOWER to FOLLOWER at term 42 for recognizeCandidate:e3be97a9-3d3a-4f1a-9aac-bb0a1b054e74
2019-10-20 04:42:48,299 [grpc-default-executor-5] INFO  impl.RoleInfo (RoleInfo.java:shutdownFollowerState(121)) - 8f4dcc74-0612-4035-9040-5f73cd792029: shutdown FollowerState
2019-10-20 04:42:48,299 [grpc-default-executor-2] INFO  impl.RoleInfo (RoleInfo.java:shutdownFollowerState(121)) - 57114e09-3b7f-4b4a-a342-090fe34f336a: shutdown FollowerState
2019-10-20 04:42:48,299 [grpc-default-executor-5] INFO  impl.RoleInfo (RoleInfo.java:updateAndGet(143)) - 8f4dcc74-0612-4035-9040-5f73cd792029: start FollowerState
2019-10-20 04:42:48,299 [Thread-840] INFO  impl.FollowerState (FollowerState.java:run(117)) - 57114e09-3b7f-4b4a-a342-090fe34f336a@group-045AAD0D4D73-FollowerState was interrupted: java.lang.InterruptedException: sleep interrupted
2019-10-20 04:42:48,299 [grpc-default-executor-2] INFO  impl.RoleInfo (RoleInfo.java:updateAndGet(143)) - 57114e09-3b7f-4b4a-a342-090fe34f336a: start FollowerState
2019-10-20 04:42:48,299 [Thread-841] INFO  impl.FollowerState (FollowerState.java:run(117)) - 8f4dcc74-0612-4035-9040-5f73cd792029@group-045AAD0D4D73-FollowerState was interrupted: java.lang.InterruptedException: sleep interrupted
2019-10-20 04:42:48,322 [e3be97a9-3d3a-4f1a-9aac-bb0a1b054e74@group-045AAD0D4D73-LeaderElection41] INFO  impl.LeaderElection (LeaderElection.java:logAndReturn(56)) - e3be97a9-3d3a-4f1a-9aac-bb0a1b054e74@group-045AAD0D4D73-LeaderElection41: Election REJECTED; received 2 response(s) [e3be97a9-3d3a-4f1a-9aac-bb0a1b054e74<-57114e09-3b7f-4b4a-a342-090fe34f336a#0:FAIL-t42, e3be97a9-3d3a-4f1a-9aac-bb0a1b054e74<-8f4dcc74-0612-4035-9040-5f73cd792029#0:FAIL-t42] and 0 exception(s); e3be97a9-3d3a-4f1a-9aac-bb0a1b054e74@group-045AAD0D4D73:t42, leader=null, voted=e3be97a9-3d3a-4f1a-9aac-bb0a1b054e74, raftlog=e3be97a9-3d3a-4f1a-9aac-bb0a1b054e74@group-045AAD0D4D73-SegmentedRaftLog:OPENED:c3,f4,i4, conf=0: [57114e09-3b7f-4b4a-a342-090fe34f336a:192.168.164.239:45374, e3be97a9-3d3a-4f1a-9aac-bb0a1b054e74:192.168.164.239:42267, 8f4dcc74-0612-4035-9040-5f73cd792029:192.168.164.239:37614], old=null
2019-10-20 04:42:48,322 [e3be97a9-3d3a-4f1a-9aac-bb0a1b054e74@group-045AAD0D4D73-LeaderElection41] INFO  impl.RaftServerImpl (RaftServerImpl.java:setRole(184)) - e3be97a9-3d3a-4f1a-9aac-bb0a1b054e74@group-045AAD0D4D73: changes role from CANDIDATE to FOLLOWER at term 42 for DISCOVERED_A_NEW_TERM
2019-10-20 04:42:48,323 [e3be97a9-3d3a-4f1a-9aac-bb0a1b054e74@group-045AAD0D4D73-LeaderElection41] INFO  impl.RoleInfo (RoleInfo.java:shutdownLeaderElection(134)) - e3be97a9-3d3a-4f1a-9aac-bb0a1b054e74: shutdown LeaderElection
2019-10-20 04:42:48,323 [e3be97a9-3d3a-4f1a-9aac-bb0a1b054e74@group-045AAD0D4D73-LeaderElection41] INFO  impl.RoleInfo (RoleInfo.java:updateAndGet(143)) - e3be97a9-3d3a-4f1a-9aac-bb0a1b054e74: start FollowerState
2019-10-20 04:42:48,478 [Thread-853] INFO  impl.FollowerState (FollowerState.java:run(108)) - e3be97a9-3d3a-4f1a-9aac-bb0a1b054e74@group-045AAD0D4D73-FollowerState: change to CANDIDATE, lastRpcTime:155ms, electionTimeout:155ms
2019-10-20 04:42:48,479 [Thread-853] INFO  impl.RoleInfo (RoleInfo.java:shutdownFollowerState(121)) - e3be97a9-3d3a-4f1a-9aac-bb0a1b054e74: shutdown FollowerState
2019-10-20 04:42:48,479 [Thread-853] INFO  impl.RaftServerImpl (RaftServerImpl.java:setRole(184)) - e3be97a9-3d3a-4f1a-9aac-bb0a1b054e74@group-045AAD0D4D73: changes role from  FOLLOWER to CANDIDATE at term 42 for changeToCandidate
2019-10-20 04:42:48,479 [Thread-853] INFO  impl.RoleInfo (RoleInfo.java:updateAndGet(143)) - e3be97a9-3d3a-4f1a-9aac-bb0a1b054e74: start LeaderElection
2019-10-20 04:42:48,505 [e3be97a9-3d3a-4f1a-9aac-bb0a1b054e74@group-045AAD0D4D73-LeaderElection42] INFO  impl.LeaderElection (LeaderElection.java:askForVotes(178)) - e3be97a9-3d3a-4f1a-9aac-bb0a1b054e74@group-045AAD0D4D73-LeaderElection42: begin an election at term 43 for 0: [57114e09-3b7f-4b4a-a342-090fe34f336a:192.168.164.239:45374, e3be97a9-3d3a-4f1a-9aac-bb0a1b054e74:192.168.164.239:42267, 8f4dcc74-0612-4035-9040-5f73cd792029:192.168.164.239:37614], old=null
2019-10-20 04:42:48,508 [grpc-default-executor-2] INFO  impl.RaftServerImpl (RaftServerImpl.java:setRole(184)) - 8f4dcc74-0612-4035-9040-5f73cd792029@group-045AAD0D4D73: changes role from  FOLLOWER to FOLLOWER at term 43 for recognizeCandidate:e3be97a9-3d3a-4f1a-9aac-bb0a1b054e74
2019-10-20 04:42:48,508 [grpc-default-executor-5] INFO  impl.RaftServerImpl (RaftServerImpl.java:setRole(184)) - 57114e09-3b7f-4b4a-a342-090fe34f336a@group-045AAD0D4D73: changes role from  FOLLOWER to FOLLOWER at term 43 for recognizeCandidate:e3be97a9-3d3a-4f1a-9aac-bb0a1b054e74
2019-10-20 04:42:48,508 [grpc-default-executor-2] INFO  impl.RoleInfo (RoleInfo.java:shutdownFollowerState(121)) - 8f4dcc74-0612-4035-9040-5f73cd792029: shutdown FollowerState
2019-10-20 04:42:48,508 [grpc-default-executor-5] INFO  impl.RoleInfo (RoleInfo.java:shutdownFollowerState(121)) - 57114e09-3b7f-4b4a-a342-090fe34f336a: shutdown FollowerState
2019-10-20 04:42:48,508 [Thread-851] INFO  impl.FollowerState (FollowerState.java:run(117)) - 8f4dcc74-0612-4035-9040-5f73cd792029@group-045AAD0D4D73-FollowerState was interrupted: java.lang.InterruptedException: sleep interrupted
2019-10-20 04:42:48,508 [grpc-default-executor-2] INFO  impl.RoleInfo (RoleInfo.java:updateAndGet(143)) - 8f4dcc74-0612-4035-9040-5f73cd792029: start FollowerState
2019-10-20 04:42:48,509 [grpc-default-executor-5] INFO  impl.RoleInfo (RoleInfo.java:updateAndGet(143)) - 57114e09-3b7f-4b4a-a342-090fe34f336a: start FollowerState
2019-10-20 04:42:48,509 [Thread-852] INFO  impl.FollowerState (FollowerState.java:run(117)) - 57114e09-3b7f-4b4a-a342-090fe34f336a@group-045AAD0D4D73-FollowerState was interrupted: java.lang.InterruptedException: sleep interrupted
2019-10-20 04:42:48,532 [e3be97a9-3d3a-4f1a-9aac-bb0a1b054e74@group-045AAD0D4D73-LeaderElection42] INFO  impl.LeaderElection (LeaderElection.java:logAndReturn(56)) - e3be97a9-3d3a-4f1a-9aac-bb0a1b054e74@group-045AAD0D4D73-LeaderElection42: Election REJECTED; received 2 response(s) [e3be97a9-3d3a-4f1a-9aac-bb0a1b054e74<-57114e09-3b7f-4b4a-a342-090fe34f336a#0:FAIL-t43, e3be97a9-3d3a-4f1a-9aac-bb0a1b054e74<-8f4dcc74-0612-4035-9040-5f73cd792029#0:FAIL-t43] and 0 exception(s); e3be97a9-3d3a-4f1a-9aac-bb0a1b054e74@group-045AAD0D4D73:t43, leader=null, voted=e3be97a9-3d3a-4f1a-9aac-bb0a1b054e74, raftlog=e3be97a9-3d3a-4f1a-9aac-bb0a1b054e74@group-045AAD0D4D73-SegmentedRaftLog:OPENED:c3,f4,i4, conf=0: [57114e09-3b7f-4b4a-a342-090fe34f336a:192.168.164.239:45374, e3be97a9-3d3a-4f1a-9aac-bb0a1b054e74:192.168.164.239:42267, 8f4dcc74-0612-4035-9040-5f73cd792029:192.168.164.239:37614], old=null
2019-10-20 04:42:48,532 [e3be97a9-3d3a-4f1a-9aac-bb0a1b054e74@group-045AAD0D4D73-LeaderElection42] INFO  impl.RaftServerImpl (RaftServerImpl.java:setRole(184)) - e3be97a9-3d3a-4f1a-9aac-bb0a1b054e74@group-045AAD0D4D73: changes role from CANDIDATE to FOLLOWER at term 43 for DISCOVERED_A_NEW_TERM
2019-10-20 04:42:48,532 [e3be97a9-3d3a-4f1a-9aac-bb0a1b054e74@group-045AAD0D4D73-LeaderElection42] INFO  impl.RoleInfo (RoleInfo.java:shutdownLeaderElection(134)) - e3be97a9-3d3a-4f1a-9aac-bb0a1b054e74: shutdown LeaderElection
2019-10-20 04:42:48,532 [e3be97a9-3d3a-4f1a-9aac-bb0a1b054e74@group-045AAD0D4D73-LeaderElection42] INFO  impl.RoleInfo (RoleInfo.java:updateAndGet(143)) - e3be97a9-3d3a-4f1a-9aac-bb0a1b054e74: start FollowerState
2019-10-20 04:42:48,696 [Thread-859] INFO  impl.FollowerState (FollowerState.java:run(108)) - e3be97a9-3d3a-4f1a-9aac-bb0a1b054e74@group-045AAD0D4D73-FollowerState: change to CANDIDATE, lastRpcTime:163ms, electionTimeout:163ms
2019-10-20 04:42:48,696 [Thread-859] INFO  impl.RoleInfo (RoleInfo.java:shutdownFollowerState(121)) - e3be97a9-3d3a-4f1a-9aac-bb0a1b054e74: shutdown FollowerState
2019-10-20 04:42:48,696 [Thread-859] INFO  impl.RaftServerImpl (RaftServerImpl.java:setRole(184)) - e3be97a9-3d3a-4f1a-9aac-bb0a1b054e74@group-045AAD0D4D73: changes role from  FOLLOWER to CANDIDATE at term 43 for changeToCandidate
2019-10-20 04:42:48,696 [Thread-859] INFO  impl.RoleInfo (RoleInfo.java:updateAndGet(143)) - e3be97a9-3d3a-4f1a-9aac-bb0a1b054e74: start LeaderElection
2019-10-20 04:42:48,722 [e3be97a9-3d3a-4f1a-9aac-bb0a1b054e74@group-045AAD0D4D73-LeaderElection43] INFO  impl.LeaderElection (LeaderElection.java:askForVotes(178)) - e3be97a9-3d3a-4f1a-9aac-bb0a1b054e74@group-045AAD0D4D73-LeaderElection43: begin an election at term 44 for 0: [57114e09-3b7f-4b4a-a342-090fe34f336a:192.168.164.239:45374, e3be97a9-3d3a-4f1a-9aac-bb0a1b054e74:192.168.164.239:42267, 8f4dcc74-0612-4035-9040-5f73cd792029:192.168.164.239:37614], old=null
2019-10-20 04:42:48,725 [grpc-default-executor-5] INFO  impl.RaftServerImpl (RaftServerImpl.java:setRole(184)) - 57114e09-3b7f-4b4a-a342-090fe34f336a@group-045AAD0D4D73: changes role from  FOLLOWER to FOLLOWER at term 44 for recognizeCandidate:e3be97a9-3d3a-4f1a-9aac-bb0a1b054e74
2019-10-20 04:42:48,725 [grpc-default-executor-2] INFO  impl.RaftServerImpl (RaftServerImpl.java:setRole(184)) - 8f4dcc74-0612-4035-9040-5f73cd792029@group-045AAD0D4D73: changes role from  FOLLOWER to FOLLOWER at term 44 for recognizeCandidate:e3be97a9-3d3a-4f1a-9aac-bb0a1b054e74
2019-10-20 04:42:48,725 [grpc-default-executor-5] INFO  impl.RoleInfo (RoleInfo.java:shutdownFollowerState(121)) - 57114e09-3b7f-4b4a-a342-090fe34f336a: shutdown FollowerState
2019-10-20 04:42:48,726 [grpc-default-executor-2] INFO  impl.RoleInfo (RoleInfo.java:shutdownFollowerState(121)) - 8f4dcc74-0612-4035-9040-5f73cd792029: shutdown FollowerState
2019-10-20 04:42:48,726 [grpc-default-executor-5] INFO  impl.RoleInfo (RoleInfo.java:updateAndGet(143)) - 57114e09-3b7f-4b4a-a342-090fe34f336a: start FollowerState
2019-10-20 04:42:48,726 [Thread-858] INFO  impl.FollowerState (FollowerState.java:run(117)) - 57114e09-3b7f-4b4a-a342-090fe34f336a@group-045AAD0D4D73-FollowerState was interrupted: java.lang.InterruptedException: sleep interrupted
2019-10-20 04:42:48,726 [Thread-857] INFO  impl.FollowerState (FollowerState.java:run(117)) - 8f4dcc74-0612-4035-9040-5f73cd792029@group-045AAD0D4D73-FollowerState was interrupted: java.lang.InterruptedException: sleep interrupted
2019-10-20 04:42:48,726 [grpc-default-executor-2] INFO  impl.RoleInfo (RoleInfo.java:updateAndGet(143)) - 8f4dcc74-0612-4035-9040-5f73cd792029: start FollowerState
2019-10-20 04:42:48,749 [e3be97a9-3d3a-4f1a-9aac-bb0a1b054e74@group-045AAD0D4D73-LeaderElection43] INFO  impl.LeaderElection (LeaderElection.java:logAndReturn(56)) - e3be97a9-3d3a-4f1a-9aac-bb0a1b054e74@group-045AAD0D4D73-LeaderElection43: Election REJECTED; received 2 response(s) [e3be97a9-3d3a-4f1a-9aac-bb0a1b054e74<-57114e09-3b7f-4b4a-a342-090fe34f336a#0:FAIL-t44, e3be97a9-3d3a-4f1a-9aac-bb0a1b054e74<-8f4dcc74-0612-4035-9040-5f73cd792029#0:FAIL-t44] and 0 exception(s); e3be97a9-3d3a-4f1a-9aac-bb0a1b054e74@group-045AAD0D4D73:t44, leader=null, voted=e3be97a9-3d3a-4f1a-9aac-bb0a1b054e74, raftlog=e3be97a9-3d3a-4f1a-9aac-bb0a1b054e74@group-045AAD0D4D73-SegmentedRaftLog:OPENED:c3,f4,i4, conf=0: [57114e09-3b7f-4b4a-a342-090fe34f336a:192.168.164.239:45374, e3be97a9-3d3a-4f1a-9aac-bb0a1b054e74:192.168.164.239:42267, 8f4dcc74-0612-4035-9040-5f73cd792029:192.168.164.239:37614], old=null
2019-10-20 04:42:48,749 [e3be97a9-3d3a-4f1a-9aac-bb0a1b054e74@group-045AAD0D4D73-LeaderElection43] INFO  impl.RaftServerImpl (RaftServerImpl.java:setRole(184)) - e3be97a9-3d3a-4f1a-9aac-bb0a1b054e74@group-045AAD0D4D73: changes role from CANDIDATE to FOLLOWER at term 44 for DISCOVERED_A_NEW_TERM
2019-10-20 04:42:48,750 [e3be97a9-3d3a-4f1a-9aac-bb0a1b054e74@group-045AAD0D4D73-LeaderElection43] INFO  impl.RoleInfo (RoleInfo.java:shutdownLeaderElection(134)) - e3be97a9-3d3a-4f1a-9aac-bb0a1b054e74: shutdown LeaderElection
2019-10-20 04:42:48,750 [e3be97a9-3d3a-4f1a-9aac-bb0a1b054e74@group-045AAD0D4D73-LeaderElection43] INFO  impl.RoleInfo (RoleInfo.java:updateAndGet(143)) - e3be97a9-3d3a-4f1a-9aac-bb0a1b054e74: start FollowerState
2019-10-20 04:42:48,945 [Thread-865] INFO  impl.FollowerState (FollowerState.java:run(108)) - e3be97a9-3d3a-4f1a-9aac-bb0a1b054e74@group-045AAD0D4D73-FollowerState: change to CANDIDATE, lastRpcTime:195ms, electionTimeout:195ms
2019-10-20 04:42:48,945 [Thread-865] INFO  impl.RoleInfo (RoleInfo.java:shutdownFollowerState(121)) - e3be97a9-3d3a-4f1a-9aac-bb0a1b054e74: shutdown FollowerState
2019-10-20 04:42:48,945 [Thread-865] INFO  impl.RaftServerImpl (RaftServerImpl.java:setRole(184)) - e3be97a9-3d3a-4f1a-9aac-bb0a1b054e74@group-045AAD0D4D73: changes role from  FOLLOWER to CANDIDATE at term 44 for changeToCandidate
2019-10-20 04:42:48,946 [Thread-865] INFO  impl.RoleInfo (RoleInfo.java:updateAndGet(143)) - e3be97a9-3d3a-4f1a-9aac-bb0a1b054e74: start LeaderElection
2019-10-20 04:42:48,973 [e3be97a9-3d3a-4f1a-9aac-bb0a1b054e74@group-045AAD0D4D73-LeaderElection44] INFO  impl.LeaderElection (LeaderElection.java:askForVotes(178)) - e3be97a9-3d3a-4f1a-9aac-bb0a1b054e74@group-045AAD0D4D73-LeaderElection44: begin an election at term 45 for 0: [57114e09-3b7f-4b4a-a342-090fe34f336a:192.168.164.239:45374, e3be97a9-3d3a-4f1a-9aac-bb0a1b054e74:192.168.164.239:42267, 8f4dcc74-0612-4035-9040-5f73cd792029:192.168.164.239:37614], old=null
2019-10-20 04:42:48,976 [grpc-default-executor-2] INFO  impl.RaftServerImpl (RaftServerImpl.java:setRole(184)) - 8f4dcc74-0612-4035-9040-5f73cd792029@group-045AAD0D4D73: changes role from  FOLLOWER to FOLLOWER at term 45 for recognizeCandidate:e3be97a9-3d3a-4f1a-9aac-bb0a1b054e74
2019-10-20 04:42:48,976 [grpc-default-executor-5] INFO  impl.RaftServerImpl (RaftServerImpl.java:setRole(184)) - 57114e09-3b7f-4b4a-a342-090fe34f336a@group-045AAD0D4D73: changes role from  FOLLOWER to FOLLOWER at term 45 for recognizeCandidate:e3be97a9-3d3a-4f1a-9aac-bb0a1b054e74
2019-10-20 04:42:48,976 [grpc-default-executor-2] INFO  impl.RoleInfo (RoleInfo.java:shutdownFollowerState(121)) - 8f4dcc74-0612-4035-9040-5f73cd792029: shutdown FollowerState
2019-10-20 04:42:48,976 [grpc-default-executor-5] INFO  impl.RoleInfo (RoleInfo.java:shutdownFollowerState(121)) - 57114e09-3b7f-4b4a-a342-090fe34f336a: shutdown FollowerState
2019-10-20 04:42:48,976 [grpc-default-executor-2] INFO  impl.RoleInfo (RoleInfo.java:updateAndGet(143)) - 8f4dcc74-0612-4035-9040-5f73cd792029: start FollowerState
2019-10-20 04:42:48,976 [Thread-864] INFO  impl.FollowerState (FollowerState.java:run(117)) - 8f4dcc74-0612-4035-9040-5f73cd792029@group-045AAD0D4D73-FollowerState was interrupted: java.lang.InterruptedException: sleep interrupted
2019-10-20 04:42:48,976 [grpc-default-executor-5] INFO  impl.RoleInfo (RoleInfo.java:updateAndGet(143)) - 57114e09-3b7f-4b4a-a342-090fe34f336a: start FollowerState
2019-10-20 04:42:48,976 [Thread-863] INFO  impl.FollowerState (FollowerState.java:run(117)) - 57114e09-3b7f-4b4a-a342-090fe34f336a@group-045AAD0D4D73-FollowerState was interrupted: java.lang.InterruptedException: sleep interrupted
2019-10-20 04:42:49,000 [e3be97a9-3d3a-4f1a-9aac-bb0a1b054e74@group-045AAD0D4D73-LeaderElection44] INFO  impl.LeaderElection (LeaderElection.java:logAndReturn(56)) - e3be97a9-3d3a-4f1a-9aac-bb0a1b054e74@group-045AAD0D4D73-LeaderElection44: Election REJECTED; received 2 response(s) [e3be97a9-3d3a-4f1a-9aac-bb0a1b054e74<-57114e09-3b7f-4b4a-a342-090fe34f336a#0:FAIL-t45, e3be97a9-3d3a-4f1a-9aac-bb0a1b054e74<-8f4dcc74-0612-4035-9040-5f73cd792029#0:FAIL-t45] and 0 exception(s); e3be97a9-3d3a-4f1a-9aac-bb0a1b054e74@group-045AAD0D4D73:t45, leader=null, voted=e3be97a9-3d3a-4f1a-9aac-bb0a1b054e74, raftlog=e3be97a9-3d3a-4f1a-9aac-bb0a1b054e74@group-045AAD0D4D73-SegmentedRaftLog:OPENED:c3,f4,i4, conf=0: [57114e09-3b7f-4b4a-a342-090fe34f336a:192.168.164.239:45374, e3be97a9-3d3a-4f1a-9aac-bb0a1b054e74:192.168.164.239:42267, 8f4dcc74-0612-4035-9040-5f73cd792029:192.168.164.239:37614], old=null
2019-10-20 04:42:49,000 [e3be97a9-3d3a-4f1a-9aac-bb0a1b054e74@group-045AAD0D4D73-LeaderElection44] INFO  impl.RaftServerImpl (RaftServerImpl.java:setRole(184)) - e3be97a9-3d3a-4f1a-9aac-bb0a1b054e74@group-045AAD0D4D73: changes role from CANDIDATE to FOLLOWER at term 45 for DISCOVERED_A_NEW_TERM
2019-10-20 04:42:49,000 [e3be97a9-3d3a-4f1a-9aac-bb0a1b054e74@group-045AAD0D4D73-LeaderElection44] INFO  impl.RoleInfo (RoleInfo.java:shutdownLeaderElection(134)) - e3be97a9-3d3a-4f1a-9aac-bb0a1b054e74: shutdown LeaderElection
2019-10-20 04:42:49,000 [e3be97a9-3d3a-4f1a-9aac-bb0a1b054e74@group-045AAD0D4D73-LeaderElection44] INFO  impl.RoleInfo (RoleInfo.java:updateAndGet(143)) - e3be97a9-3d3a-4f1a-9aac-bb0a1b054e74: start FollowerState
2019-10-20 04:42:49,087 [Thread-872] INFO  impl.FollowerState (FollowerState.java:run(108)) - e3be97a9-3d3a-4f1a-9aac-bb0a1b054e74@group-045AAD0D4D73-FollowerState: change to CANDIDATE, lastRpcTime:86ms, electionTimeout:86ms
2019-10-20 04:42:49,087 [Thread-872] INFO  impl.RoleInfo (RoleInfo.java:shutdownFollowerState(121)) - e3be97a9-3d3a-4f1a-9aac-bb0a1b054e74: shutdown FollowerState
2019-10-20 04:42:49,087 [Thread-872] INFO  impl.RaftServerImpl (RaftServerImpl.java:setRole(184)) - e3be97a9-3d3a-4f1a-9aac-bb0a1b054e74@group-045AAD0D4D73: changes role from  FOLLOWER to CANDIDATE at term 45 for changeToCandidate
2019-10-20 04:42:49,087 [Thread-872] INFO  impl.RoleInfo (RoleInfo.java:updateAndGet(143)) - e3be97a9-3d3a-4f1a-9aac-bb0a1b054e74: start LeaderElection
2019-10-20 04:42:49,116 [e3be97a9-3d3a-4f1a-9aac-bb0a1b054e74@group-045AAD0D4D73-LeaderElection45] INFO  impl.LeaderElection (LeaderElection.java:askForVotes(178)) - e3be97a9-3d3a-4f1a-9aac-bb0a1b054e74@group-045AAD0D4D73-LeaderElection45: begin an election at term 46 for 0: [57114e09-3b7f-4b4a-a342-090fe34f336a:192.168.164.239:45374, e3be97a9-3d3a-4f1a-9aac-bb0a1b054e74:192.168.164.239:42267, 8f4dcc74-0612-4035-9040-5f73cd792029:192.168.164.239:37614], old=null
2019-10-20 04:42:49,118 [grpc-default-executor-2] INFO  impl.RaftServerImpl (RaftServerImpl.java:setRole(184)) - 57114e09-3b7f-4b4a-a342-090fe34f336a@group-045AAD0D4D73: changes role from  FOLLOWER to FOLLOWER at term 46 for recognizeCandidate:e3be97a9-3d3a-4f1a-9aac-bb0a1b054e74
2019-10-20 04:42:49,118 [grpc-default-executor-5] INFO  impl.RaftServerImpl (RaftServerImpl.java:setRole(184)) - 8f4dcc74-0612-4035-9040-5f73cd792029@group-045AAD0D4D73: changes role from  FOLLOWER to FOLLOWER at term 46 for recognizeCandidate:e3be97a9-3d3a-4f1a-9aac-bb0a1b054e74
2019-10-20 04:42:49,118 [grpc-default-executor-2] INFO  impl.RoleInfo (RoleInfo.java:shutdownFollowerState(121)) - 57114e09-3b7f-4b4a-a342-090fe34f336a: shutdown FollowerState
2019-10-20 04:42:49,118 [grpc-default-executor-5] INFO  impl.RoleInfo (RoleInfo.java:shutdownFollowerState(121)) - 8f4dcc74-0612-4035-9040-5f73cd792029: shutdown FollowerState
2019-10-20 04:42:49,119 [Thread-869] INFO  impl.FollowerState (FollowerState.java:run(117)) - 8f4dcc74-0612-4035-9040-5f73cd792029@group-045AAD0D4D73-FollowerState was interrupted: java.lang.InterruptedException: sleep interrupted
2019-10-20 04:42:49,119 [Thread-870] INFO  impl.FollowerState (FollowerState.java:run(117)) - 57114e09-3b7f-4b4a-a342-090fe34f336a@group-045AAD0D4D73-FollowerState was interrupted: java.lang.InterruptedException: sleep interrupted
2019-10-20 04:42:49,119 [grpc-default-executor-2] INFO  impl.RoleInfo (RoleInfo.java:updateAndGet(143)) - 57114e09-3b7f-4b4a-a342-090fe34f336a: start FollowerState
2019-10-20 04:42:49,119 [grpc-default-executor-5] INFO  impl.RoleInfo (RoleInfo.java:updateAndGet(143)) - 8f4dcc74-0612-4035-9040-5f73cd792029: start FollowerState
2019-10-20 04:42:49,142 [e3be97a9-3d3a-4f1a-9aac-bb0a1b054e74@group-045AAD0D4D73-LeaderElection45] INFO  impl.LeaderElection (LeaderElection.java:logAndReturn(56)) - e3be97a9-3d3a-4f1a-9aac-bb0a1b054e74@group-045AAD0D4D73-LeaderElection45: Election REJECTED; received 2 response(s) [e3be97a9-3d3a-4f1a-9aac-bb0a1b054e74<-57114e09-3b7f-4b4a-a342-090fe34f336a#0:FAIL-t46, e3be97a9-3d3a-4f1a-9aac-bb0a1b054e74<-8f4dcc74-0612-4035-9040-5f73cd792029#0:FAIL-t46] and 0 exception(s); e3be97a9-3d3a-4f1a-9aac-bb0a1b054e74@group-045AAD0D4D73:t46, leader=null, voted=e3be97a9-3d3a-4f1a-9aac-bb0a1b054e74, raftlog=e3be97a9-3d3a-4f1a-9aac-bb0a1b054e74@group-045AAD0D4D73-SegmentedRaftLog:OPENED:c3,f4,i4, conf=0: [57114e09-3b7f-4b4a-a342-090fe34f336a:192.168.164.239:45374, e3be97a9-3d3a-4f1a-9aac-bb0a1b054e74:192.168.164.239:42267, 8f4dcc74-0612-4035-9040-5f73cd792029:192.168.164.239:37614], old=null
2019-10-20 04:42:49,143 [e3be97a9-3d3a-4f1a-9aac-bb0a1b054e74@group-045AAD0D4D73-LeaderElection45] INFO  impl.RaftServerImpl (RaftServerImpl.java:setRole(184)) - e3be97a9-3d3a-4f1a-9aac-bb0a1b054e74@group-045AAD0D4D73: changes role from CANDIDATE to FOLLOWER at term 46 for DISCOVERED_A_NEW_TERM
2019-10-20 04:42:49,143 [e3be97a9-3d3a-4f1a-9aac-bb0a1b054e74@group-045AAD0D4D73-LeaderElection45] INFO  impl.RoleInfo (RoleInfo.java:shutdownLeaderElection(134)) - e3be97a9-3d3a-4f1a-9aac-bb0a1b054e74: shutdown LeaderElection
2019-10-20 04:42:49,143 [e3be97a9-3d3a-4f1a-9aac-bb0a1b054e74@group-045AAD0D4D73-LeaderElection45] INFO  impl.RoleInfo (RoleInfo.java:updateAndGet(143)) - e3be97a9-3d3a-4f1a-9aac-bb0a1b054e74: start FollowerState
2019-10-20 04:42:49,270 [Thread-880] INFO  client.GrpcClientProtocolService (GrpcClientProtocolService.java:lambda$processClientRequest$0(278)) - Failed RaftClientRequest:client-A2F9089F7F1F->e3be97a9-3d3a-4f1a-9aac-bb0a1b054e74@group-045AAD0D4D73, cid=10, seq=0, Watch-ALL_COMMITTED(6), Message:<EMPTY>, reply=RaftClientReply:client-A2F9089F7F1F->e3be97a9-3d3a-4f1a-9aac-bb0a1b054e74@group-045AAD0D4D73, cid=10, FAILED org.apache.ratis.protocol.NotLeaderException: Server e3be97a9-3d3a-4f1a-9aac-bb0a1b054e74@group-045AAD0D4D73 is not the leader, logIndex=0, commits[e3be97a9-3d3a-4f1a-9aac-bb0a1b054e74:c3]
2019-10-20 04:42:49,277 [BlockDeletingService#2] WARN  background.BlockDeletingService (BlockDeletingService.java:isDeletionAllowed(187)) - Close Container log Index 6 is not replicated across allthe servers in the pipeline 34dfe2c8-23b7-47ff-8954-045aad0d4d73 as the min replicated index is 4. Deletion is not allowed in this container yet.
2019-10-20 04:42:49,277 [BlockDeletingService#2] WARN  background.BlockDeletingService (BlockDeletingService.java:isDeletionAllowed(187)) - Close Container log Index 6 is not replicated across allthe servers in the pipeline 34dfe2c8-23b7-47ff-8954-045aad0d4d73 as the min replicated index is 4. Deletion is not allowed in this container yet.
2019-10-20 04:42:49,289 [Thread-878] INFO  impl.FollowerState (FollowerState.java:run(108)) - e3be97a9-3d3a-4f1a-9aac-bb0a1b054e74@group-045AAD0D4D73-FollowerState: change to CANDIDATE, lastRpcTime:146ms, electionTimeout:146ms
2019-10-20 04:42:49,289 [Thread-878] INFO  impl.RoleInfo (RoleInfo.java:shutdownFollowerState(121)) - e3be97a9-3d3a-4f1a-9aac-bb0a1b054e74: shutdown FollowerState
2019-10-20 04:42:49,290 [Thread-878] INFO  impl.RaftServerImpl (RaftServerImpl.java:setRole(184)) - e3be97a9-3d3a-4f1a-9aac-bb0a1b054e74@group-045AAD0D4D73: changes role from  FOLLOWER to CANDIDATE at term 46 for changeToCandidate
2019-10-20 04:42:49,290 [Thread-878] INFO  impl.RoleInfo (RoleInfo.java:updateAndGet(143)) - e3be97a9-3d3a-4f1a-9aac-bb0a1b054e74: start LeaderElection
2019-10-20 04:42:49,317 [e3be97a9-3d3a-4f1a-9aac-bb0a1b054e74@group-045AAD0D4D73-LeaderElection46] INFO  impl.LeaderElection (LeaderElection.java:askForVotes(178)) - e3be97a9-3d3a-4f1a-9aac-bb0a1b054e74@group-045AAD0D4D73-LeaderElection46: begin an election at term 47 for 0: [57114e09-3b7f-4b4a-a342-090fe34f336a:192.168.164.239:45374, e3be97a9-3d3a-4f1a-9aac-bb0a1b054e74:192.168.164.239:42267, 8f4dcc74-0612-4035-9040-5f73cd792029:192.168.164.239:37614], old=null
2019-10-20 04:42:49,319 [grpc-default-executor-2] INFO  impl.RaftServerImpl (RaftServerImpl.java:setRole(184)) - 57114e09-3b7f-4b4a-a342-090fe34f336a@group-045AAD0D4D73: changes role from  FOLLOWER to FOLLOWER at term 47 for recognizeCandidate:e3be97a9-3d3a-4f1a-9aac-bb0a1b054e74
2019-10-20 04:42:49,320 [grpc-default-executor-2] INFO  impl.RoleInfo (RoleInfo.java:shutdownFollowerState(121)) - 57114e09-3b7f-4b4a-a342-090fe34f336a: shutdown FollowerState
2019-10-20 04:42:49,320 [grpc-default-executor-2] INFO  impl.RoleInfo (RoleInfo.java:updateAndGet(143)) - 57114e09-3b7f-4b4a-a342-090fe34f336a: start FollowerState
2019-10-20 04:42:49,320 [Thread-876] INFO  impl.FollowerState (FollowerState.java:run(117)) - 57114e09-3b7f-4b4a-a342-090fe34f336a@group-045AAD0D4D73-FollowerState was interrupted: java.lang.InterruptedException: sleep interrupted
2019-10-20 04:42:49,320 [grpc-default-executor-5] INFO  impl.RaftServerImpl (RaftServerImpl.java:setRole(184)) - 8f4dcc74-0612-4035-9040-5f73cd792029@group-045AAD0D4D73: changes role from  FOLLOWER to FOLLOWER at term 47 for recognizeCandidate:e3be97a9-3d3a-4f1a-9aac-bb0a1b054e74
2019-10-20 04:42:49,320 [grpc-default-executor-5] INFO  impl.RoleInfo (RoleInfo.java:shutdownFollowerState(121)) - 8f4dcc74-0612-4035-9040-5f73cd792029: shutdown FollowerState
2019-10-20 04:42:49,321 [Thread-877] INFO  impl.FollowerState (FollowerState.java:run(117)) - 8f4dcc74-0612-4035-9040-5f73cd792029@group-045AAD0D4D73-FollowerState was interrupted: java.lang.InterruptedException: sleep interrupted
2019-10-20 04:42:49,321 [grpc-default-executor-5] INFO  impl.RoleInfo (RoleInfo.java:updateAndGet(143)) - 8f4dcc74-0612-4035-9040-5f73cd792029: start FollowerState
2019-10-20 04:42:49,343 [e3be97a9-3d3a-4f1a-9aac-bb0a1b054e74@group-045AAD0D4D73-LeaderElection46] INFO  impl.LeaderElection (LeaderElection.java:logAndReturn(56)) - e3be97a9-3d3a-4f1a-9aac-bb0a1b054e74@group-045AAD0D4D73-LeaderElection46: Election REJECTED; received 2 response(s) [e3be97a9-3d3a-4f1a-9aac-bb0a1b054e74<-57114e09-3b7f-4b4a-a342-090fe34f336a#0:FAIL-t47, e3be97a9-3d3a-4f1a-9aac-bb0a1b054e74<-8f4dcc74-0612-4035-9040-5f73cd792029#0:FAIL-t47] and 0 exception(s); e3be97a9-3d3a-4f1a-9aac-bb0a1b054e74@group-045AAD0D4D73:t47, leader=null, voted=e3be97a9-3d3a-4f1a-9aac-bb0a1b054e74, raftlog=e3be97a9-3d3a-4f1a-9aac-bb0a1b054e74@group-045AAD0D4D73-SegmentedRaftLog:OPENED:c3,f4,i4, conf=0: [57114e09-3b7f-4b4a-a342-090fe34f336a:192.168.164.239:45374, e3be97a9-3d3a-4f1a-9aac-bb0a1b054e74:192.168.164.239:42267, 8f4dcc74-0612-4035-9040-5f73cd792029:192.168.164.239:37614], old=null
2019-10-20 04:42:49,343 [e3be97a9-3d3a-4f1a-9aac-bb0a1b054e74@group-045AAD0D4D73-LeaderElection46] INFO  impl.RaftServerImpl (RaftServerImpl.java:setRole(184)) - e3be97a9-3d3a-4f1a-9aac-bb0a1b054e74@group-045AAD0D4D73: changes role from CANDIDATE to FOLLOWER at term 47 for DISCOVERED_A_NEW_TERM
2019-10-20 04:42:49,344 [e3be97a9-3d3a-4f1a-9aac-bb0a1b054e74@group-045AAD0D4D73-LeaderElection46] INFO  impl.RoleInfo (RoleInfo.java:shutdownLeaderElection(134)) - e3be97a9-3d3a-4f1a-9aac-bb0a1b054e74: shutdown LeaderElection
2019-10-20 04:42:49,344 [e3be97a9-3d3a-4f1a-9aac-bb0a1b054e74@group-045AAD0D4D73-LeaderElection46] INFO  impl.RoleInfo (RoleInfo.java:updateAndGet(143)) - e3be97a9-3d3a-4f1a-9aac-bb0a1b054e74: start FollowerState
2019-10-20 04:42:49,440 [Thread-889] INFO  impl.FollowerState (FollowerState.java:run(108)) - e3be97a9-3d3a-4f1a-9aac-bb0a1b054e74@group-045AAD0D4D73-FollowerState: change to CANDIDATE, lastRpcTime:96ms, electionTimeout:96ms
2019-10-20 04:42:49,440 [Thread-889] INFO  impl.RoleInfo (RoleInfo.java:shutdownFollowerState(121)) - e3be97a9-3d3a-4f1a-9aac-bb0a1b054e74: shutdown FollowerState
2019-10-20 04:42:49,441 [Thread-889] INFO  impl.RaftServerImpl (RaftServerImpl.java:setRole(184)) - e3be97a9-3d3a-4f1a-9aac-bb0a1b054e74@group-045AAD0D4D73: changes role from  FOLLOWER to CANDIDATE at term 47 for changeToCandidate
2019-10-20 04:42:49,441 [Thread-889] INFO  impl.RoleInfo (RoleInfo.java:updateAndGet(143)) - e3be97a9-3d3a-4f1a-9aac-bb0a1b054e74: start LeaderElection
2019-10-20 04:42:49,470 [e3be97a9-3d3a-4f1a-9aac-bb0a1b054e74@group-045AAD0D4D73-LeaderElection47] INFO  impl.LeaderElection (LeaderElection.java:askForVotes(178)) - e3be97a9-3d3a-4f1a-9aac-bb0a1b054e74@group-045AAD0D4D73-LeaderElection47: begin an election at term 48 for 0: [57114e09-3b7f-4b4a-a342-090fe34f336a:192.168.164.239:45374, e3be97a9-3d3a-4f1a-9aac-bb0a1b054e74:192.168.164.239:42267, 8f4dcc74-0612-4035-9040-5f73cd792029:192.168.164.239:37614], old=null
2019-10-20 04:42:49,473 [grpc-default-executor-5] INFO  impl.RaftServerImpl (RaftServerImpl.java:setRole(184)) - 57114e09-3b7f-4b4a-a342-090fe34f336a@group-045AAD0D4D73: changes role from  FOLLOWER to FOLLOWER at term 48 for recognizeCandidate:e3be97a9-3d3a-4f1a-9aac-bb0a1b054e74
2019-10-20 04:42:49,474 [grpc-default-executor-5] INFO  impl.RoleInfo (RoleInfo.java:shutdownFollowerState(121)) - 57114e09-3b7f-4b4a-a342-090fe34f336a: shutdown FollowerState
2019-10-20 04:42:49,474 [grpc-default-executor-5] INFO  impl.RoleInfo (RoleInfo.java:updateAndGet(143)) - 57114e09-3b7f-4b4a-a342-090fe34f336a: start FollowerState
2019-10-20 04:42:49,474 [grpc-default-executor-2] INFO  impl.RaftServerImpl (RaftServerImpl.java:setRole(184)) - 8f4dcc74-0612-4035-9040-5f73cd792029@group-045AAD0D4D73: changes role from  FOLLOWER to FOLLOWER at term 48 for recognizeCandidate:e3be97a9-3d3a-4f1a-9aac-bb0a1b054e74
2019-10-20 04:42:49,474 [Thread-887] INFO  impl.FollowerState (FollowerState.java:run(117)) - 57114e09-3b7f-4b4a-a342-090fe34f336a@group-045AAD0D4D73-FollowerState was interrupted: java.lang.InterruptedException: sleep interrupted
2019-10-20 04:42:49,474 [grpc-default-executor-2] INFO  impl.RoleInfo (RoleInfo.java:shutdownFollowerState(121)) - 8f4dcc74-0612-4035-9040-5f73cd792029: shutdown FollowerState
2019-10-20 04:42:49,474 [grpc-default-executor-2] INFO  impl.RoleInfo (RoleInfo.java:updateAndGet(143)) - 8f4dcc74-0612-4035-9040-5f73cd792029: start FollowerState
2019-10-20 04:42:49,475 [Thread-888] INFO  impl.FollowerState (FollowerState.java:run(117)) - 8f4dcc74-0612-4035-9040-5f73cd792029@group-045AAD0D4D73-FollowerState was interrupted: java.lang.InterruptedException: sleep interrupted
2019-10-20 04:42:49,491 [e3be97a9-3d3a-4f1a-9aac-bb0a1b054e74@group-045AAD0D4D73-LeaderElection47] INFO  impl.LeaderElection (LeaderElection.java:logAndReturn(56)) - e3be97a9-3d3a-4f1a-9aac-bb0a1b054e74@group-045AAD0D4D73-LeaderElection47: Election REJECTED; received 2 response(s) [e3be97a9-3d3a-4f1a-9aac-bb0a1b054e74<-57114e09-3b7f-4b4a-a342-090fe34f336a#0:FAIL-t48, e3be97a9-3d3a-4f1a-9aac-bb0a1b054e74<-8f4dcc74-0612-4035-9040-5f73cd792029#0:FAIL-t48] and 0 exception(s); e3be97a9-3d3a-4f1a-9aac-bb0a1b054e74@group-045AAD0D4D73:t48, leader=null, voted=e3be97a9-3d3a-4f1a-9aac-bb0a1b054e74, raftlog=e3be97a9-3d3a-4f1a-9aac-bb0a1b054e74@group-045AAD0D4D73-SegmentedRaftLog:OPENED:c3,f4,i4, conf=0: [57114e09-3b7f-4b4a-a342-090fe34f336a:192.168.164.239:45374, e3be97a9-3d3a-4f1a-9aac-bb0a1b054e74:192.168.164.239:42267, 8f4dcc74-0612-4035-9040-5f73cd792029:192.168.164.239:37614], old=null
2019-10-20 04:42:49,491 [e3be97a9-3d3a-4f1a-9aac-bb0a1b054e74@group-045AAD0D4D73-LeaderElection47] INFO  impl.RaftServerImpl (RaftServerImpl.java:setRole(184)) - e3be97a9-3d3a-4f1a-9aac-bb0a1b054e74@group-045AAD0D4D73: changes role from CANDIDATE to FOLLOWER at term 48 for DISCOVERED_A_NEW_TERM
2019-10-20 04:42:49,491 [e3be97a9-3d3a-4f1a-9aac-bb0a1b054e74@group-045AAD0D4D73-LeaderElection47] INFO  impl.RoleInfo (RoleInfo.java:shutdownLeaderElection(134)) - e3be97a9-3d3a-4f1a-9aac-bb0a1b054e74: shutdown LeaderElection
2019-10-20 04:42:49,492 [e3be97a9-3d3a-4f1a-9aac-bb0a1b054e74@group-045AAD0D4D73-LeaderElection47] INFO  impl.RoleInfo (RoleInfo.java:updateAndGet(143)) - e3be97a9-3d3a-4f1a-9aac-bb0a1b054e74: start FollowerState
2019-10-20 04:42:49,500 [Thread-895] INFO  impl.FollowerState (FollowerState.java:run(108)) - e3be97a9-3d3a-4f1a-9aac-bb0a1b054e74@group-045AAD0D4D73-FollowerState: change to CANDIDATE, lastRpcTime:8ms, electionTimeout:8ms
2019-10-20 04:42:49,500 [Thread-895] INFO  impl.RoleInfo (RoleInfo.java:shutdownFollowerState(121)) - e3be97a9-3d3a-4f1a-9aac-bb0a1b054e74: shutdown FollowerState
2019-10-20 04:42:49,500 [Thread-895] INFO  impl.RaftServerImpl (RaftServerImpl.java:setRole(184)) - e3be97a9-3d3a-4f1a-9aac-bb0a1b054e74@group-045AAD0D4D73: changes role from  FOLLOWER to CANDIDATE at term 48 for changeToCandidate
2019-10-20 04:42:49,500 [Thread-895] INFO  impl.RoleInfo (RoleInfo.java:updateAndGet(143)) - e3be97a9-3d3a-4f1a-9aac-bb0a1b054e74: start LeaderElection
2019-10-20 04:42:49,524 [e3be97a9-3d3a-4f1a-9aac-bb0a1b054e74@group-045AAD0D4D73-LeaderElection48] INFO  impl.LeaderElection (LeaderElection.java:askForVotes(178)) - e3be97a9-3d3a-4f1a-9aac-bb0a1b054e74@group-045AAD0D4D73-LeaderElection48: begin an election at term 49 for 0: [57114e09-3b7f-4b4a-a342-090fe34f336a:192.168.164.239:45374, e3be97a9-3d3a-4f1a-9aac-bb0a1b054e74:192.168.164.239:42267, 8f4dcc74-0612-4035-9040-5f73cd792029:192.168.164.239:37614], old=null
2019-10-20 04:42:49,527 [grpc-default-executor-2] INFO  impl.RaftServerImpl (RaftServerImpl.java:setRole(184)) - 57114e09-3b7f-4b4a-a342-090fe34f336a@group-045AAD0D4D73: changes role from  FOLLOWER to FOLLOWER at term 49 for recognizeCandidate:e3be97a9-3d3a-4f1a-9aac-bb0a1b054e74
2019-10-20 04:42:49,527 [grpc-default-executor-5] INFO  impl.RaftServerImpl (RaftServerImpl.java:setRole(184)) - 8f4dcc74-0612-4035-9040-5f73cd792029@group-045AAD0D4D73: changes role from  FOLLOWER to FOLLOWER at term 49 for recognizeCandidate:e3be97a9-3d3a-4f1a-9aac-bb0a1b054e74
2019-10-20 04:42:49,527 [grpc-default-executor-2] INFO  impl.RoleInfo (RoleInfo.java:shutdownFollowerState(121)) - 57114e09-3b7f-4b4a-a342-090fe34f336a: shutdown FollowerState
2019-10-20 04:42:49,527 [grpc-default-executor-5] INFO  impl.RoleInfo (RoleInfo.java:shutdownFollowerState(121)) - 8f4dcc74-0612-4035-9040-5f73cd792029: shutdown FollowerState
2019-10-20 04:42:49,528 [Thread-893] INFO  impl.FollowerState (FollowerState.java:run(117)) - 57114e09-3b7f-4b4a-a342-090fe34f336a@group-045AAD0D4D73-FollowerState was interrupted: java.lang.InterruptedException: sleep interrupted
2019-10-20 04:42:49,528 [Thread-894] INFO  impl.FollowerState (FollowerState.java:run(117)) - 8f4dcc74-0612-4035-9040-5f73cd792029@group-045AAD0D4D73-FollowerState was interrupted: java.lang.InterruptedException: sleep interrupted
2019-10-20 04:42:49,528 [grpc-default-executor-2] INFO  impl.RoleInfo (RoleInfo.java:updateAndGet(143)) - 57114e09-3b7f-4b4a-a342-090fe34f336a: start FollowerState
2019-10-20 04:42:49,528 [grpc-default-executor-5] INFO  impl.RoleInfo (RoleInfo.java:updateAndGet(143)) - 8f4dcc74-0612-4035-9040-5f73cd792029: start FollowerState
2019-10-20 04:42:49,553 [e3be97a9-3d3a-4f1a-9aac-bb0a1b054e74@group-045AAD0D4D73-LeaderElection48] INFO  impl.LeaderElection (LeaderElection.java:logAndReturn(56)) - e3be97a9-3d3a-4f1a-9aac-bb0a1b054e74@group-045AAD0D4D73-LeaderElection48: Election REJECTED; received 2 response(s) [e3be97a9-3d3a-4f1a-9aac-bb0a1b054e74<-57114e09-3b7f-4b4a-a342-090fe34f336a#0:FAIL-t49, e3be97a9-3d3a-4f1a-9aac-bb0a1b054e74<-8f4dcc74-0612-4035-9040-5f73cd792029#0:FAIL-t49] and 0 exception(s); e3be97a9-3d3a-4f1a-9aac-bb0a1b054e74@group-045AAD0D4D73:t49, leader=null, voted=e3be97a9-3d3a-4f1a-9aac-bb0a1b054e74, raftlog=e3be97a9-3d3a-4f1a-9aac-bb0a1b054e74@group-045AAD0D4D73-SegmentedRaftLog:OPENED:c3,f4,i4, conf=0: [57114e09-3b7f-4b4a-a342-090fe34f336a:192.168.164.239:45374, e3be97a9-3d3a-4f1a-9aac-bb0a1b054e74:192.168.164.239:42267, 8f4dcc74-0612-4035-9040-5f73cd792029:192.168.164.239:37614], old=null
2019-10-20 04:42:49,553 [e3be97a9-3d3a-4f1a-9aac-bb0a1b054e74@group-045AAD0D4D73-LeaderElection48] INFO  impl.RaftServerImpl (RaftServerImpl.java:setRole(184)) - e3be97a9-3d3a-4f1a-9aac-bb0a1b054e74@group-045AAD0D4D73: changes role from CANDIDATE to FOLLOWER at term 49 for DISCOVERED_A_NEW_TERM
2019-10-20 04:42:49,553 [e3be97a9-3d3a-4f1a-9aac-bb0a1b054e74@group-045AAD0D4D73-LeaderElection48] INFO  impl.RoleInfo (RoleInfo.java:shutdownLeaderElection(134)) - e3be97a9-3d3a-4f1a-9aac-bb0a1b054e74: shutdown LeaderElection
2019-10-20 04:42:49,553 [e3be97a9-3d3a-4f1a-9aac-bb0a1b054e74@group-045AAD0D4D73-LeaderElection48] INFO  impl.RoleInfo (RoleInfo.java:updateAndGet(143)) - e3be97a9-3d3a-4f1a-9aac-bb0a1b054e74: start FollowerState
2019-10-20 04:42:49,724 [Thread-901] INFO  impl.FollowerState (FollowerState.java:run(108)) - e3be97a9-3d3a-4f1a-9aac-bb0a1b054e74@group-045AAD0D4D73-FollowerState: change to CANDIDATE, lastRpcTime:170ms, electionTimeout:170ms
2019-10-20 04:42:49,724 [Thread-901] INFO  impl.RoleInfo (RoleInfo.java:shutdownFollowerState(121)) - e3be97a9-3d3a-4f1a-9aac-bb0a1b054e74: shutdown FollowerState
2019-10-20 04:42:49,724 [Thread-901] INFO  impl.RaftServerImpl (RaftServerImpl.java:setRole(184)) - e3be97a9-3d3a-4f1a-9aac-bb0a1b054e74@group-045AAD0D4D73: changes role from  FOLLOWER to CANDIDATE at term 49 for changeToCandidate
2019-10-20 04:42:49,724 [Thread-901] INFO  impl.RoleInfo (RoleInfo.java:updateAndGet(143)) - e3be97a9-3d3a-4f1a-9aac-bb0a1b054e74: start LeaderElection
2019-10-20 04:42:49,748 [e3be97a9-3d3a-4f1a-9aac-bb0a1b054e74@group-045AAD0D4D73-LeaderElection49] INFO  impl.LeaderElection (LeaderElection.java:askForVotes(178)) - e3be97a9-3d3a-4f1a-9aac-bb0a1b054e74@group-045AAD0D4D73-LeaderElection49: begin an election at term 50 for 0: [57114e09-3b7f-4b4a-a342-090fe34f336a:192.168.164.239:45374, e3be97a9-3d3a-4f1a-9aac-bb0a1b054e74:192.168.164.239:42267, 8f4dcc74-0612-4035-9040-5f73cd792029:192.168.164.239:37614], old=null
2019-10-20 04:42:49,752 [grpc-default-executor-5] INFO  impl.RaftServerImpl (RaftServerImpl.java:setRole(184)) - 57114e09-3b7f-4b4a-a342-090fe34f336a@group-045AAD0D4D73: changes role from  FOLLOWER to FOLLOWER at term 50 for recognizeCandidate:e3be97a9-3d3a-4f1a-9aac-bb0a1b054e74
2019-10-20 04:42:49,752 [grpc-default-executor-2] INFO  impl.RaftServerImpl (RaftServerImpl.java:setRole(184)) - 8f4dcc74-0612-4035-9040-5f73cd792029@group-045AAD0D4D73: changes role from  FOLLOWER to FOLLOWER at term 50 for recognizeCandidate:e3be97a9-3d3a-4f1a-9aac-bb0a1b054e74
2019-10-20 04:42:49,752 [grpc-default-executor-5] INFO  impl.RoleInfo (RoleInfo.java:shutdownFollowerState(121)) - 57114e09-3b7f-4b4a-a342-090fe34f336a: shutdown FollowerState
2019-10-20 04:42:49,753 [grpc-default-executor-2] INFO  impl.RoleInfo (RoleInfo.java:shutdownFollowerState(121)) - 8f4dcc74-0612-4035-9040-5f73cd792029: shutdown FollowerState
2019-10-20 04:42:49,753 [Thread-899] INFO  impl.FollowerState (FollowerState.java:run(117)) - 57114e09-3b7f-4b4a-a342-090fe34f336a@group-045AAD0D4D73-FollowerState was interrupted: java.lang.InterruptedException: sleep interrupted
2019-10-20 04:42:49,753 [grpc-default-executor-5] INFO  impl.RoleInfo (RoleInfo.java:updateAndGet(143)) - 57114e09-3b7f-4b4a-a342-090fe34f336a: start FollowerState
2019-10-20 04:42:49,753 [Thread-900] INFO  impl.FollowerState (FollowerState.java:run(117)) - 8f4dcc74-0612-4035-9040-5f73cd792029@group-045AAD0D4D73-FollowerState was interrupted: java.lang.InterruptedException: sleep interrupted
2019-10-20 04:42:49,753 [grpc-default-executor-2] INFO  impl.RoleInfo (RoleInfo.java:updateAndGet(143)) - 8f4dcc74-0612-4035-9040-5f73cd792029: start FollowerState
2019-10-20 04:42:49,765 [e3be97a9-3d3a-4f1a-9aac-bb0a1b054e74@group-045AAD0D4D73-LeaderElection49] INFO  impl.LeaderElection (LeaderElection.java:logAndReturn(56)) - e3be97a9-3d3a-4f1a-9aac-bb0a1b054e74@group-045AAD0D4D73-LeaderElection49: Election REJECTED; received 2 response(s) [e3be97a9-3d3a-4f1a-9aac-bb0a1b054e74<-57114e09-3b7f-4b4a-a342-090fe34f336a#0:FAIL-t50, e3be97a9-3d3a-4f1a-9aac-bb0a1b054e74<-8f4dcc74-0612-4035-9040-5f73cd792029#0:FAIL-t50] and 0 exception(s); e3be97a9-3d3a-4f1a-9aac-bb0a1b054e74@group-045AAD0D4D73:t50, leader=null, voted=e3be97a9-3d3a-4f1a-9aac-bb0a1b054e74, raftlog=e3be97a9-3d3a-4f1a-9aac-bb0a1b054e74@group-045AAD0D4D73-SegmentedRaftLog:OPENED:c3,f4,i4, conf=0: [57114e09-3b7f-4b4a-a342-090fe34f336a:192.168.164.239:45374, e3be97a9-3d3a-4f1a-9aac-bb0a1b054e74:192.168.164.239:42267, 8f4dcc74-0612-4035-9040-5f73cd792029:192.168.164.239:37614], old=null
2019-10-20 04:42:49,765 [e3be97a9-3d3a-4f1a-9aac-bb0a1b054e74@group-045AAD0D4D73-LeaderElection49] INFO  impl.RaftServerImpl (RaftServerImpl.java:setRole(184)) - e3be97a9-3d3a-4f1a-9aac-bb0a1b054e74@group-045AAD0D4D73: changes role from CANDIDATE to FOLLOWER at term 50 for DISCOVERED_A_NEW_TERM
2019-10-20 04:42:49,765 [e3be97a9-3d3a-4f1a-9aac-bb0a1b054e74@group-045AAD0D4D73-LeaderElection49] INFO  impl.RoleInfo (RoleInfo.java:shutdownLeaderElection(134)) - e3be97a9-3d3a-4f1a-9aac-bb0a1b054e74: shutdown LeaderElection
2019-10-20 04:42:49,765 [e3be97a9-3d3a-4f1a-9aac-bb0a1b054e74@group-045AAD0D4D73-LeaderElection49] INFO  impl.RoleInfo (RoleInfo.java:updateAndGet(143)) - e3be97a9-3d3a-4f1a-9aac-bb0a1b054e74: start FollowerState
2019-10-20 04:42:49,943 [Thread-907] INFO  impl.FollowerState (FollowerState.java:run(108)) - e3be97a9-3d3a-4f1a-9aac-bb0a1b054e74@group-045AAD0D4D73-FollowerState: change to CANDIDATE, lastRpcTime:173ms, electionTimeout:171ms
2019-10-20 04:42:49,949 [Thread-907] INFO  impl.RoleInfo (RoleInfo.java:shutdownFollowerState(121)) - e3be97a9-3d3a-4f1a-9aac-bb0a1b054e74: shutdown FollowerState
2019-10-20 04:42:49,952 [Thread-907] INFO  impl.RaftServerImpl (RaftServerImpl.java:setRole(184)) - e3be97a9-3d3a-4f1a-9aac-bb0a1b054e74@group-045AAD0D4D73: changes role from  FOLLOWER to CANDIDATE at term 50 for changeToCandidate
2019-10-20 04:42:49,953 [Thread-907] INFO  impl.RoleInfo (RoleInfo.java:updateAndGet(143)) - e3be97a9-3d3a-4f1a-9aac-bb0a1b054e74: start LeaderElection
2019-10-20 04:42:49,979 [e3be97a9-3d3a-4f1a-9aac-bb0a1b054e74@group-045AAD0D4D73-LeaderElection50] INFO  impl.LeaderElection (LeaderElection.java:askForVotes(178)) - e3be97a9-3d3a-4f1a-9aac-bb0a1b054e74@group-045AAD0D4D73-LeaderElection50: begin an election at term 51 for 0: [57114e09-3b7f-4b4a-a342-090fe34f336a:192.168.164.239:45374, e3be97a9-3d3a-4f1a-9aac-bb0a1b054e74:192.168.164.239:42267, 8f4dcc74-0612-4035-9040-5f73cd792029:192.168.164.239:37614], old=null
2019-10-20 04:42:49,983 [grpc-default-executor-2] INFO  impl.RaftServerImpl (RaftServerImpl.java:setRole(184)) - 57114e09-3b7f-4b4a-a342-090fe34f336a@group-045AAD0D4D73: changes role from  FOLLOWER to FOLLOWER at term 51 for recognizeCandidate:e3be97a9-3d3a-4f1a-9aac-bb0a1b054e74
2019-10-20 04:42:49,983 [grpc-default-executor-5] INFO  impl.RaftServerImpl (RaftServerImpl.java:setRole(184)) - 8f4dcc74-0612-4035-9040-5f73cd792029@group-045AAD0D4D73: changes role from  FOLLOWER to FOLLOWER at term 51 for recognizeCandidate:e3be97a9-3d3a-4f1a-9aac-bb0a1b054e74
2019-10-20 04:42:49,983 [grpc-default-executor-2] INFO  impl.RoleInfo (RoleInfo.java:shutdownFollowerState(121)) - 57114e09-3b7f-4b4a-a342-090fe34f336a: shutdown FollowerState
2019-10-20 04:42:49,983 [grpc-default-executor-5] INFO  impl.RoleInfo (RoleInfo.java:shutdownFollowerState(121)) - 8f4dcc74-0612-4035-9040-5f73cd792029: shutdown FollowerState
2019-10-20 04:42:49,983 [grpc-default-executor-2] INFO  impl.RoleInfo (RoleInfo.java:updateAndGet(143)) - 57114e09-3b7f-4b4a-a342-090fe34f336a: start FollowerState
2019-10-20 04:42:49,984 [Thread-906] INFO  impl.FollowerState (FollowerState.java:run(117)) - 8f4dcc74-0612-4035-9040-5f73cd792029@group-045AAD0D4D73-FollowerState was interrupted: java.lang.InterruptedException: sleep interrupted
2019-10-20 04:42:49,984 [grpc-default-executor-5] INFO  impl.RoleInfo (RoleInfo.java:updateAndGet(143)) - 8f4dcc74-0612-4035-9040-5f73cd792029: start FollowerState
2019-10-20 04:42:49,984 [Thread-905] INFO  impl.FollowerState (FollowerState.java:run(117)) - 57114e09-3b7f-4b4a-a342-090fe34f336a@group-045AAD0D4D73-FollowerState was interrupted: java.lang.InterruptedException: sleep interrupted
2019-10-20 04:42:50,009 [e3be97a9-3d3a-4f1a-9aac-bb0a1b054e74@group-045AAD0D4D73-LeaderElection50] INFO  impl.LeaderElection (LeaderElection.java:logAndReturn(56)) - e3be97a9-3d3a-4f1a-9aac-bb0a1b054e74@group-045AAD0D4D73-LeaderElection50: Election REJECTED; received 2 response(s) [e3be97a9-3d3a-4f1a-9aac-bb0a1b054e74<-57114e09-3b7f-4b4a-a342-090fe34f336a#0:FAIL-t51, e3be97a9-3d3a-4f1a-9aac-bb0a1b054e74<-8f4dcc74-0612-4035-9040-5f73cd792029#0:FAIL-t51] and 0 exception(s); e3be97a9-3d3a-4f1a-9aac-bb0a1b054e74@group-045AAD0D4D73:t51, leader=null, voted=e3be97a9-3d3a-4f1a-9aac-bb0a1b054e74, raftlog=e3be97a9-3d3a-4f1a-9aac-bb0a1b054e74@group-045AAD0D4D73-SegmentedRaftLog:OPENED:c3,f4,i4, conf=0: [57114e09-3b7f-4b4a-a342-090fe34f336a:192.168.164.239:45374, e3be97a9-3d3a-4f1a-9aac-bb0a1b054e74:192.168.164.239:42267, 8f4dcc74-0612-4035-9040-5f73cd792029:192.168.164.239:37614], old=null
2019-10-20 04:42:50,009 [e3be97a9-3d3a-4f1a-9aac-bb0a1b054e74@group-045AAD0D4D73-LeaderElection50] INFO  impl.RaftServerImpl (RaftServerImpl.java:setRole(184)) - e3be97a9-3d3a-4f1a-9aac-bb0a1b054e74@group-045AAD0D4D73: changes role from CANDIDATE to FOLLOWER at term 51 for DISCOVERED_A_NEW_TERM
2019-10-20 04:42:50,009 [e3be97a9-3d3a-4f1a-9aac-bb0a1b054e74@group-045AAD0D4D73-LeaderElection50] INFO  impl.RoleInfo (RoleInfo.java:shutdownLeaderElection(134)) - e3be97a9-3d3a-4f1a-9aac-bb0a1b054e74: shutdown LeaderElection
2019-10-20 04:42:50,010 [e3be97a9-3d3a-4f1a-9aac-bb0a1b054e74@group-045AAD0D4D73-LeaderElection50] INFO  impl.RoleInfo (RoleInfo.java:updateAndGet(143)) - e3be97a9-3d3a-4f1a-9aac-bb0a1b054e74: start FollowerState
2019-10-20 04:42:50,085 [Thread-916] INFO  impl.FollowerState (FollowerState.java:run(108)) - e3be97a9-3d3a-4f1a-9aac-bb0a1b054e74@group-045AAD0D4D73-FollowerState: change to CANDIDATE, lastRpcTime:75ms, electionTimeout:75ms
2019-10-20 04:42:50,085 [Thread-916] INFO  impl.RoleInfo (RoleInfo.java:shutdownFollowerState(121)) - e3be97a9-3d3a-4f1a-9aac-bb0a1b054e74: shutdown FollowerState
2019-10-20 04:42:50,086 [Thread-916] INFO  impl.RaftServerImpl (RaftServerImpl.java:setRole(184)) - e3be97a9-3d3a-4f1a-9aac-bb0a1b054e74@group-045AAD0D4D73: changes role from  FOLLOWER to CANDIDATE at term 51 for changeToCandidate
2019-10-20 04:42:50,086 [Thread-916] INFO  impl.RoleInfo (RoleInfo.java:updateAndGet(143)) - e3be97a9-3d3a-4f1a-9aac-bb0a1b054e74: start LeaderElection
2019-10-20 04:42:50,122 [e3be97a9-3d3a-4f1a-9aac-bb0a1b054e74@group-045AAD0D4D73-LeaderElection51] INFO  impl.LeaderElection (LeaderElection.java:askForVotes(178)) - e3be97a9-3d3a-4f1a-9aac-bb0a1b054e74@group-045AAD0D4D73-LeaderElection51: begin an election at term 52 for 0: [57114e09-3b7f-4b4a-a342-090fe34f336a:192.168.164.239:45374, e3be97a9-3d3a-4f1a-9aac-bb0a1b054e74:192.168.164.239:42267, 8f4dcc74-0612-4035-9040-5f73cd792029:192.168.164.239:37614], old=null
2019-10-20 04:42:50,127 [grpc-default-executor-5] INFO  impl.RaftServerImpl (RaftServerImpl.java:setRole(184)) - 8f4dcc74-0612-4035-9040-5f73cd792029@group-045AAD0D4D73: changes role from  FOLLOWER to FOLLOWER at term 52 for recognizeCandidate:e3be97a9-3d3a-4f1a-9aac-bb0a1b054e74
2019-10-20 04:42:50,127 [grpc-default-executor-2] INFO  impl.RaftServerImpl (RaftServerImpl.java:setRole(184)) - 57114e09-3b7f-4b4a-a342-090fe34f336a@group-045AAD0D4D73: changes role from  FOLLOWER to FOLLOWER at term 52 for recognizeCandidate:e3be97a9-3d3a-4f1a-9aac-bb0a1b054e74
2019-10-20 04:42:50,127 [grpc-default-executor-5] INFO  impl.RoleInfo (RoleInfo.java:shutdownFollowerState(121)) - 8f4dcc74-0612-4035-9040-5f73cd792029: shutdown FollowerState
2019-10-20 04:42:50,127 [grpc-default-executor-2] INFO  impl.RoleInfo (RoleInfo.java:shutdownFollowerState(121)) - 57114e09-3b7f-4b4a-a342-090fe34f336a: shutdown FollowerState
2019-10-20 04:42:50,127 [grpc-default-executor-5] INFO  impl.RoleInfo (RoleInfo.java:updateAndGet(143)) - 8f4dcc74-0612-4035-9040-5f73cd792029: start FollowerState
2019-10-20 04:42:50,127 [grpc-default-executor-2] INFO  impl.RoleInfo (RoleInfo.java:updateAndGet(143)) - 57114e09-3b7f-4b4a-a342-090fe34f336a: start FollowerState
2019-10-20 04:42:50,127 [Thread-914] INFO  impl.FollowerState (FollowerState.java:run(117)) - 8f4dcc74-0612-4035-9040-5f73cd792029@group-045AAD0D4D73-FollowerState was interrupted: java.lang.InterruptedException: sleep interrupted
2019-10-20 04:42:50,127 [Thread-913] INFO  impl.FollowerState (FollowerState.java:run(117)) - 57114e09-3b7f-4b4a-a342-090fe34f336a@group-045AAD0D4D73-FollowerState was interrupted: java.lang.InterruptedException: sleep interrupted
2019-10-20 04:42:50,157 [e3be97a9-3d3a-4f1a-9aac-bb0a1b054e74@group-045AAD0D4D73-LeaderElection51] INFO  impl.LeaderElection (LeaderElection.java:logAndReturn(56)) - e3be97a9-3d3a-4f1a-9aac-bb0a1b054e74@group-045AAD0D4D73-LeaderElection51: Election REJECTED; received 2 response(s) [e3be97a9-3d3a-4f1a-9aac-bb0a1b054e74<-57114e09-3b7f-4b4a-a342-090fe34f336a#0:FAIL-t52, e3be97a9-3d3a-4f1a-9aac-bb0a1b054e74<-8f4dcc74-0612-4035-9040-5f73cd792029#0:FAIL-t52] and 0 exception(s); e3be97a9-3d3a-4f1a-9aac-bb0a1b054e74@group-045AAD0D4D73:t52, leader=null, voted=e3be97a9-3d3a-4f1a-9aac-bb0a1b054e74, raftlog=e3be97a9-3d3a-4f1a-9aac-bb0a1b054e74@group-045AAD0D4D73-SegmentedRaftLog:OPENED:c3,f4,i4, conf=0: [57114e09-3b7f-4b4a-a342-090fe34f336a:192.168.164.239:45374, e3be97a9-3d3a-4f1a-9aac-bb0a1b054e74:192.168.164.239:42267, 8f4dcc74-0612-4035-9040-5f73cd792029:192.168.164.239:37614], old=null
2019-10-20 04:42:50,157 [e3be97a9-3d3a-4f1a-9aac-bb0a1b054e74@group-045AAD0D4D73-LeaderElection51] INFO  impl.RaftServerImpl (RaftServerImpl.java:setRole(184)) - e3be97a9-3d3a-4f1a-9aac-bb0a1b054e74@group-045AAD0D4D73: changes role from CANDIDATE to FOLLOWER at term 52 for DISCOVERED_A_NEW_TERM
2019-10-20 04:42:50,157 [e3be97a9-3d3a-4f1a-9aac-bb0a1b054e74@group-045AAD0D4D73-LeaderElection51] INFO  impl.RoleInfo (RoleInfo.java:shutdownLeaderElection(134)) - e3be97a9-3d3a-4f1a-9aac-bb0a1b054e74: shutdown LeaderElection
2019-10-20 04:42:50,157 [e3be97a9-3d3a-4f1a-9aac-bb0a1b054e74@group-045AAD0D4D73-LeaderElection51] INFO  impl.RoleInfo (RoleInfo.java:updateAndGet(143)) - e3be97a9-3d3a-4f1a-9aac-bb0a1b054e74: start FollowerState
2019-10-20 04:42:50,229 [Thread-922] INFO  impl.FollowerState (FollowerState.java:run(108)) - e3be97a9-3d3a-4f1a-9aac-bb0a1b054e74@group-045AAD0D4D73-FollowerState: change to CANDIDATE, lastRpcTime:71ms, electionTimeout:71ms
2019-10-20 04:42:50,229 [Thread-922] INFO  impl.RoleInfo (RoleInfo.java:shutdownFollowerState(121)) - e3be97a9-3d3a-4f1a-9aac-bb0a1b054e74: shutdown FollowerState
2019-10-20 04:42:50,229 [Thread-922] INFO  impl.RaftServerImpl (RaftServerImpl.java:setRole(184)) - e3be97a9-3d3a-4f1a-9aac-bb0a1b054e74@group-045AAD0D4D73: changes role from  FOLLOWER to CANDIDATE at term 52 for changeToCandidate
2019-10-20 04:42:50,229 [Thread-922] INFO  impl.RoleInfo (RoleInfo.java:updateAndGet(143)) - e3be97a9-3d3a-4f1a-9aac-bb0a1b054e74: start LeaderElection
2019-10-20 04:42:50,256 [e3be97a9-3d3a-4f1a-9aac-bb0a1b054e74@group-045AAD0D4D73-LeaderElection52] INFO  impl.LeaderElection (LeaderElection.java:askForVotes(178)) - e3be97a9-3d3a-4f1a-9aac-bb0a1b054e74@group-045AAD0D4D73-LeaderElection52: begin an election at term 53 for 0: [57114e09-3b7f-4b4a-a342-090fe34f336a:192.168.164.239:45374, e3be97a9-3d3a-4f1a-9aac-bb0a1b054e74:192.168.164.239:42267, 8f4dcc74-0612-4035-9040-5f73cd792029:192.168.164.239:37614], old=null
2019-10-20 04:42:50,259 [grpc-default-executor-5] INFO  impl.RaftServerImpl (RaftServerImpl.java:setRole(184)) - 57114e09-3b7f-4b4a-a342-090fe34f336a@group-045AAD0D4D73: changes role from  FOLLOWER to FOLLOWER at term 53 for recognizeCandidate:e3be97a9-3d3a-4f1a-9aac-bb0a1b054e74
2019-10-20 04:42:50,259 [grpc-default-executor-2] INFO  impl.RaftServerImpl (RaftServerImpl.java:setRole(184)) - 8f4dcc74-0612-4035-9040-5f73cd792029@group-045AAD0D4D73: changes role from  FOLLOWER to FOLLOWER at term 53 for recognizeCandidate:e3be97a9-3d3a-4f1a-9aac-bb0a1b054e74
2019-10-20 04:42:50,259 [grpc-default-executor-5] INFO  impl.RoleInfo (RoleInfo.java:shutdownFollowerState(121)) - 57114e09-3b7f-4b4a-a342-090fe34f336a: shutdown FollowerState
2019-10-20 04:42:50,259 [grpc-default-executor-2] INFO  impl.RoleInfo (RoleInfo.java:shutdownFollowerState(121)) - 8f4dcc74-0612-4035-9040-5f73cd792029: shutdown FollowerState
2019-10-20 04:42:50,259 [Thread-921] INFO  impl.FollowerState (FollowerState.java:run(117)) - 57114e09-3b7f-4b4a-a342-090fe34f336a@group-045AAD0D4D73-FollowerState was interrupted: java.lang.InterruptedException: sleep interrupted
2019-10-20 04:42:50,259 [grpc-default-executor-5] INFO  impl.RoleInfo (RoleInfo.java:updateAndGet(143)) - 57114e09-3b7f-4b4a-a342-090fe34f336a: start FollowerState
2019-10-20 04:42:50,259 [grpc-default-executor-2] INFO  impl.RoleInfo (RoleInfo.java:updateAndGet(143)) - 8f4dcc74-0612-4035-9040-5f73cd792029: start FollowerState
2019-10-20 04:42:50,259 [Thread-920] INFO  impl.FollowerState (FollowerState.java:run(117)) - 8f4dcc74-0612-4035-9040-5f73cd792029@group-045AAD0D4D73-FollowerState was interrupted: java.lang.InterruptedException: sleep interrupted
2019-10-20 04:42:50,279 [BlockDeletingService#2] WARN  background.BlockDeletingService (BlockDeletingService.java:isDeletionAllowed(187)) - Close Container log Index 6 is not replicated across allthe servers in the pipeline 34dfe2c8-23b7-47ff-8954-045aad0d4d73 as the min replicated index is 4. Deletion is not allowed in this container yet.
2019-10-20 04:42:50,279 [BlockDeletingService#2] WARN  background.BlockDeletingService (BlockDeletingService.java:isDeletionAllowed(187)) - Close Container log Index 6 is not replicated across allthe servers in the pipeline 34dfe2c8-23b7-47ff-8954-045aad0d4d73 as the min replicated index is 4. Deletion is not allowed in this container yet.
2019-10-20 04:42:50,283 [e3be97a9-3d3a-4f1a-9aac-bb0a1b054e74@group-045AAD0D4D73-LeaderElection52] INFO  impl.LeaderElection (LeaderElection.java:logAndReturn(56)) - e3be97a9-3d3a-4f1a-9aac-bb0a1b054e74@group-045AAD0D4D73-LeaderElection52: Election REJECTED; received 2 response(s) [e3be97a9-3d3a-4f1a-9aac-bb0a1b054e74<-57114e09-3b7f-4b4a-a342-090fe34f336a#0:FAIL-t53, e3be97a9-3d3a-4f1a-9aac-bb0a1b054e74<-8f4dcc74-0612-4035-9040-5f73cd792029#0:FAIL-t53] and 0 exception(s); e3be97a9-3d3a-4f1a-9aac-bb0a1b054e74@group-045AAD0D4D73:t53, leader=null, voted=e3be97a9-3d3a-4f1a-9aac-bb0a1b054e74, raftlog=e3be97a9-3d3a-4f1a-9aac-bb0a1b054e74@group-045AAD0D4D73-SegmentedRaftLog:OPENED:c3,f4,i4, conf=0: [57114e09-3b7f-4b4a-a342-090fe34f336a:192.168.164.239:45374, e3be97a9-3d3a-4f1a-9aac-bb0a1b054e74:192.168.164.239:42267, 8f4dcc74-0612-4035-9040-5f73cd792029:192.168.164.239:37614], old=null
2019-10-20 04:42:50,283 [e3be97a9-3d3a-4f1a-9aac-bb0a1b054e74@group-045AAD0D4D73-LeaderElection52] INFO  impl.RaftServerImpl (RaftServerImpl.java:setRole(184)) - e3be97a9-3d3a-4f1a-9aac-bb0a1b054e74@group-045AAD0D4D73: changes role from CANDIDATE to FOLLOWER at term 53 for DISCOVERED_A_NEW_TERM
2019-10-20 04:42:50,283 [e3be97a9-3d3a-4f1a-9aac-bb0a1b054e74@group-045AAD0D4D73-LeaderElection52] INFO  impl.RoleInfo (RoleInfo.java:shutdownLeaderElection(134)) - e3be97a9-3d3a-4f1a-9aac-bb0a1b054e74: shutdown LeaderElection
2019-10-20 04:42:50,283 [e3be97a9-3d3a-4f1a-9aac-bb0a1b054e74@group-045AAD0D4D73-LeaderElection52] INFO  impl.RoleInfo (RoleInfo.java:updateAndGet(143)) - e3be97a9-3d3a-4f1a-9aac-bb0a1b054e74: start FollowerState
2019-10-20 04:42:50,285 [Thread-932] INFO  client.GrpcClientProtocolService (GrpcClientProtocolService.java:lambda$processClientRequest$0(278)) - Failed RaftClientRequest:client-A2F9089F7F1F->8f4dcc74-0612-4035-9040-5f73cd792029@group-045AAD0D4D73, cid=10, seq=0, Watch-ALL_COMMITTED(6), Message:<EMPTY>, reply=RaftClientReply:client-A2F9089F7F1F->8f4dcc74-0612-4035-9040-5f73cd792029@group-045AAD0D4D73, cid=10, FAILED org.apache.ratis.protocol.NotLeaderException: Server 8f4dcc74-0612-4035-9040-5f73cd792029@group-045AAD0D4D73 is not the leader, logIndex=0, commits[8f4dcc74-0612-4035-9040-5f73cd792029:c10, 57114e09-3b7f-4b4a-a342-090fe34f336a:c10, e3be97a9-3d3a-4f1a-9aac-bb0a1b054e74:c4]
2019-10-20 04:42:50,419 [Thread-931] INFO  impl.FollowerState (FollowerState.java:run(108)) - e3be97a9-3d3a-4f1a-9aac-bb0a1b054e74@group-045AAD0D4D73-FollowerState: change to CANDIDATE, lastRpcTime:135ms, electionTimeout:135ms
2019-10-20 04:42:50,419 [Thread-931] INFO  impl.RoleInfo (RoleInfo.java:shutdownFollowerState(121)) - e3be97a9-3d3a-4f1a-9aac-bb0a1b054e74: shutdown FollowerState
2019-10-20 04:42:50,419 [Thread-931] INFO  impl.RaftServerImpl (RaftServerImpl.java:setRole(184)) - e3be97a9-3d3a-4f1a-9aac-bb0a1b054e74@group-045AAD0D4D73: changes role from  FOLLOWER to CANDIDATE at term 53 for changeToCandidate
2019-10-20 04:42:50,419 [Thread-931] INFO  impl.RoleInfo (RoleInfo.java:updateAndGet(143)) - e3be97a9-3d3a-4f1a-9aac-bb0a1b054e74: start LeaderElection
2019-10-20 04:42:50,449 [e3be97a9-3d3a-4f1a-9aac-bb0a1b054e74@group-045AAD0D4D73-LeaderElection53] INFO  impl.LeaderElection (LeaderElection.java:askForVotes(178)) - e3be97a9-3d3a-4f1a-9aac-bb0a1b054e74@group-045AAD0D4D73-LeaderElection53: begin an election at term 54 for 0: [57114e09-3b7f-4b4a-a342-090fe34f336a:192.168.164.239:45374, e3be97a9-3d3a-4f1a-9aac-bb0a1b054e74:192.168.164.239:42267, 8f4dcc74-0612-4035-9040-5f73cd792029:192.168.164.239:37614], old=null
2019-10-20 04:42:50,452 [grpc-default-executor-2] INFO  impl.RaftServerImpl (RaftServerImpl.java:setRole(184)) - 8f4dcc74-0612-4035-9040-5f73cd792029@group-045AAD0D4D73: changes role from  FOLLOWER to FOLLOWER at term 54 for recognizeCandidate:e3be97a9-3d3a-4f1a-9aac-bb0a1b054e74
2019-10-20 04:42:50,452 [grpc-default-executor-1] INFO  impl.RaftServerImpl (RaftServerImpl.java:setRole(184)) - 57114e09-3b7f-4b4a-a342-090fe34f336a@group-045AAD0D4D73: changes role from  FOLLOWER to FOLLOWER at term 54 for recognizeCandidate:e3be97a9-3d3a-4f1a-9aac-bb0a1b054e74
2019-10-20 04:42:50,453 [grpc-default-executor-2] INFO  impl.RoleInfo (RoleInfo.java:shutdownFollowerState(121)) - 8f4dcc74-0612-4035-9040-5f73cd792029: shutdown FollowerState
2019-10-20 04:42:50,453 [grpc-default-executor-1] INFO  impl.RoleInfo (RoleInfo.java:shutdownFollowerState(121)) - 57114e09-3b7f-4b4a-a342-090fe34f336a: shutdown FollowerState
2019-10-20 04:42:50,453 [Thread-927] INFO  impl.FollowerState (FollowerState.java:run(117)) - 8f4dcc74-0612-4035-9040-5f73cd792029@group-045AAD0D4D73-FollowerState was interrupted: java.lang.InterruptedException: sleep interrupted
2019-10-20 04:42:50,453 [Thread-926] INFO  impl.FollowerState (FollowerState.java:run(117)) - 57114e09-3b7f-4b4a-a342-090fe34f336a@group-045AAD0D4D73-FollowerState was interrupted: java.lang.InterruptedException: sleep interrupted
2019-10-20 04:42:50,453 [grpc-default-executor-2] INFO  impl.RoleInfo (RoleInfo.java:updateAndGet(143)) - 8f4dcc74-0612-4035-9040-5f73cd792029: start FollowerState
2019-10-20 04:42:50,453 [grpc-default-executor-1] INFO  impl.RoleInfo (RoleInfo.java:updateAndGet(143)) - 57114e09-3b7f-4b4a-a342-090fe34f336a: start FollowerState
2019-10-20 04:42:50,469 [e3be97a9-3d3a-4f1a-9aac-bb0a1b054e74@group-045AAD0D4D73-LeaderElection53] INFO  impl.LeaderElection (LeaderElection.java:logAndReturn(56)) - e3be97a9-3d3a-4f1a-9aac-bb0a1b054e74@group-045AAD0D4D73-LeaderElection53: Election TIMEOUT; received 0 response(s) [] and 0 exception(s); e3be97a9-3d3a-4f1a-9aac-bb0a1b054e74@group-045AAD0D4D73:t54, leader=null, voted=e3be97a9-3d3a-4f1a-9aac-bb0a1b054e74, raftlog=e3be97a9-3d3a-4f1a-9aac-bb0a1b054e74@group-045AAD0D4D73-SegmentedRaftLog:OPENED:c3,f4,i4, conf=0: [57114e09-3b7f-4b4a-a342-090fe34f336a:192.168.164.239:45374, e3be97a9-3d3a-4f1a-9aac-bb0a1b054e74:192.168.164.239:42267, 8f4dcc74-0612-4035-9040-5f73cd792029:192.168.164.239:37614], old=null
2019-10-20 04:42:50,500 [e3be97a9-3d3a-4f1a-9aac-bb0a1b054e74@group-045AAD0D4D73-LeaderElection53] INFO  impl.LeaderElection (LeaderElection.java:askForVotes(178)) - e3be97a9-3d3a-4f1a-9aac-bb0a1b054e74@group-045AAD0D4D73-LeaderElection53: begin an election at term 55 for 0: [57114e09-3b7f-4b4a-a342-090fe34f336a:192.168.164.239:45374, e3be97a9-3d3a-4f1a-9aac-bb0a1b054e74:192.168.164.239:42267, 8f4dcc74-0612-4035-9040-5f73cd792029:192.168.164.239:37614], old=null
2019-10-20 04:42:50,503 [grpc-default-executor-1] INFO  impl.RaftServerImpl (RaftServerImpl.java:setRole(184)) - 57114e09-3b7f-4b4a-a342-090fe34f336a@group-045AAD0D4D73: changes role from  FOLLOWER to FOLLOWER at term 55 for recognizeCandidate:e3be97a9-3d3a-4f1a-9aac-bb0a1b054e74
2019-10-20 04:42:50,504 [grpc-default-executor-1] INFO  impl.RoleInfo (RoleInfo.java:shutdownFollowerState(121)) - 57114e09-3b7f-4b4a-a342-090fe34f336a: shutdown FollowerState
2019-10-20 04:42:50,504 [grpc-default-executor-1] INFO  impl.RoleInfo (RoleInfo.java:updateAndGet(143)) - 57114e09-3b7f-4b4a-a342-090fe34f336a: start FollowerState
2019-10-20 04:42:50,504 [grpc-default-executor-2] INFO  impl.RaftServerImpl (RaftServerImpl.java:setRole(184)) - 8f4dcc74-0612-4035-9040-5f73cd792029@group-045AAD0D4D73: changes role from  FOLLOWER to FOLLOWER at term 55 for recognizeCandidate:e3be97a9-3d3a-4f1a-9aac-bb0a1b054e74
2019-10-20 04:42:50,504 [grpc-default-executor-2] INFO  impl.RoleInfo (RoleInfo.java:shutdownFollowerState(121)) - 8f4dcc74-0612-4035-9040-5f73cd792029: shutdown FollowerState
2019-10-20 04:42:50,504 [Thread-938] INFO  impl.FollowerState (FollowerState.java:run(117)) - 57114e09-3b7f-4b4a-a342-090fe34f336a@group-045AAD0D4D73-FollowerState was interrupted: java.lang.InterruptedException: sleep interrupted
2019-10-20 04:42:50,504 [Thread-937] INFO  impl.FollowerState (FollowerState.java:run(117)) - 8f4dcc74-0612-4035-9040-5f73cd792029@group-045AAD0D4D73-FollowerState was interrupted: java.lang.InterruptedException: sleep interrupted
2019-10-20 04:42:50,504 [grpc-default-executor-2] INFO  impl.RoleInfo (RoleInfo.java:updateAndGet(143)) - 8f4dcc74-0612-4035-9040-5f73cd792029: start FollowerState
2019-10-20 04:42:50,535 [e3be97a9-3d3a-4f1a-9aac-bb0a1b054e74@group-045AAD0D4D73-LeaderElection53] INFO  impl.LeaderElection (LeaderElection.java:logAndReturn(56)) - e3be97a9-3d3a-4f1a-9aac-bb0a1b054e74@group-045AAD0D4D73-LeaderElection53: Election REJECTED; received 2 response(s) [e3be97a9-3d3a-4f1a-9aac-bb0a1b054e74<-57114e09-3b7f-4b4a-a342-090fe34f336a#0:FAIL-t55, e3be97a9-3d3a-4f1a-9aac-bb0a1b054e74<-8f4dcc74-0612-4035-9040-5f73cd792029#0:FAIL-t55] and 0 exception(s); e3be97a9-3d3a-4f1a-9aac-bb0a1b054e74@group-045AAD0D4D73:t55, leader=null, voted=e3be97a9-3d3a-4f1a-9aac-bb0a1b054e74, raftlog=e3be97a9-3d3a-4f1a-9aac-bb0a1b054e74@group-045AAD0D4D73-SegmentedRaftLog:OPENED:c3,f4,i4, conf=0: [57114e09-3b7f-4b4a-a342-090fe34f336a:192.168.164.239:45374, e3be97a9-3d3a-4f1a-9aac-bb0a1b054e74:192.168.164.239:42267, 8f4dcc74-0612-4035-9040-5f73cd792029:192.168.164.239:37614], old=null
2019-10-20 04:42:50,535 [e3be97a9-3d3a-4f1a-9aac-bb0a1b054e74@group-045AAD0D4D73-LeaderElection53] INFO  impl.RaftServerImpl (RaftServerImpl.java:setRole(184)) - e3be97a9-3d3a-4f1a-9aac-bb0a1b054e74@group-045AAD0D4D73: changes role from CANDIDATE to FOLLOWER at term 55 for DISCOVERED_A_NEW_TERM
2019-10-20 04:42:50,535 [e3be97a9-3d3a-4f1a-9aac-bb0a1b054e74@group-045AAD0D4D73-LeaderElection53] INFO  impl.RoleInfo (RoleInfo.java:shutdownLeaderElection(134)) - e3be97a9-3d3a-4f1a-9aac-bb0a1b054e74: shutdown LeaderElection
2019-10-20 04:42:50,535 [e3be97a9-3d3a-4f1a-9aac-bb0a1b054e74@group-045AAD0D4D73-LeaderElection53] INFO  impl.RoleInfo (RoleInfo.java:updateAndGet(143)) - e3be97a9-3d3a-4f1a-9aac-bb0a1b054e74: start FollowerState
2019-10-20 04:42:50,658 [Thread-943] INFO  impl.FollowerState (FollowerState.java:run(108)) - e3be97a9-3d3a-4f1a-9aac-bb0a1b054e74@group-045AAD0D4D73-FollowerState: change to CANDIDATE, lastRpcTime:122ms, electionTimeout:122ms
2019-10-20 04:42:50,658 [Thread-943] INFO  impl.RoleInfo (RoleInfo.java:shutdownFollowerState(121)) - e3be97a9-3d3a-4f1a-9aac-bb0a1b054e74: shutdown FollowerState
2019-10-20 04:42:50,658 [Thread-943] INFO  impl.RaftServerImpl (RaftServerImpl.java:setRole(184)) - e3be97a9-3d3a-4f1a-9aac-bb0a1b054e74@group-045AAD0D4D73: changes role from  FOLLOWER to CANDIDATE at term 55 for changeToCandidate
2019-10-20 04:42:50,658 [Thread-943] INFO  impl.RoleInfo (RoleInfo.java:updateAndGet(143)) - e3be97a9-3d3a-4f1a-9aac-bb0a1b054e74: start LeaderElection
2019-10-20 04:42:50,684 [e3be97a9-3d3a-4f1a-9aac-bb0a1b054e74@group-045AAD0D4D73-LeaderElection54] INFO  impl.LeaderElection (LeaderElection.java:askForVotes(178)) - e3be97a9-3d3a-4f1a-9aac-bb0a1b054e74@group-045AAD0D4D73-LeaderElection54: begin an election at term 56 for 0: [57114e09-3b7f-4b4a-a342-090fe34f336a:192.168.164.239:45374, e3be97a9-3d3a-4f1a-9aac-bb0a1b054e74:192.168.164.239:42267, 8f4dcc74-0612-4035-9040-5f73cd792029:192.168.164.239:37614], old=null
2019-10-20 04:42:50,687 [grpc-default-executor-2] INFO  impl.RaftServerImpl (RaftServerImpl.java:setRole(184)) - 57114e09-3b7f-4b4a-a342-090fe34f336a@group-045AAD0D4D73: changes role from  FOLLOWER to FOLLOWER at term 56 for recognizeCandidate:e3be97a9-3d3a-4f1a-9aac-bb0a1b054e74
2019-10-20 04:42:50,687 [grpc-default-executor-2] INFO  impl.RoleInfo (RoleInfo.java:shutdownFollowerState(121)) - 57114e09-3b7f-4b4a-a342-090fe34f336a: shutdown FollowerState
2019-10-20 04:42:50,687 [grpc-default-executor-1] INFO  impl.RaftServerImpl (RaftServerImpl.java:setRole(184)) - 8f4dcc74-0612-4035-9040-5f73cd792029@group-045AAD0D4D73: changes role from  FOLLOWER to FOLLOWER at term 56 for recognizeCandidate:e3be97a9-3d3a-4f1a-9aac-bb0a1b054e74
2019-10-20 04:42:50,687 [Thread-941] INFO  impl.FollowerState (FollowerState.java:run(117)) - 57114e09-3b7f-4b4a-a342-090fe34f336a@group-045AAD0D4D73-FollowerState was interrupted: java.lang.InterruptedException: sleep interrupted
2019-10-20 04:42:50,687 [grpc-default-executor-2] INFO  impl.RoleInfo (RoleInfo.java:updateAndGet(143)) - 57114e09-3b7f-4b4a-a342-090fe34f336a: start FollowerState
2019-10-20 04:42:50,687 [grpc-default-executor-1] INFO  impl.RoleInfo (RoleInfo.java:shutdownFollowerState(121)) - 8f4dcc74-0612-4035-9040-5f73cd792029: shutdown FollowerState
2019-10-20 04:42:50,688 [grpc-default-executor-1] INFO  impl.RoleInfo (RoleInfo.java:updateAndGet(143)) - 8f4dcc74-0612-4035-9040-5f73cd792029: start FollowerState
2019-10-20 04:42:50,688 [Thread-942] INFO  impl.FollowerState (FollowerState.java:run(117)) - 8f4dcc74-0612-4035-9040-5f73cd792029@group-045AAD0D4D73-FollowerState was interrupted: java.lang.InterruptedException: sleep interrupted
2019-10-20 04:42:50,710 [e3be97a9-3d3a-4f1a-9aac-bb0a1b054e74@group-045AAD0D4D73-LeaderElection54] INFO  impl.LeaderElection (LeaderElection.java:logAndReturn(56)) - e3be97a9-3d3a-4f1a-9aac-bb0a1b054e74@group-045AAD0D4D73-LeaderElection54: Election REJECTED; received 2 response(s) [e3be97a9-3d3a-4f1a-9aac-bb0a1b054e74<-57114e09-3b7f-4b4a-a342-090fe34f336a#0:FAIL-t56, e3be97a9-3d3a-4f1a-9aac-bb0a1b054e74<-8f4dcc74-0612-4035-9040-5f73cd792029#0:FAIL-t56] and 0 exception(s); e3be97a9-3d3a-4f1a-9aac-bb0a1b054e74@group-045AAD0D4D73:t56, leader=null, voted=e3be97a9-3d3a-4f1a-9aac-bb0a1b054e74, raftlog=e3be97a9-3d3a-4f1a-9aac-bb0a1b054e74@group-045AAD0D4D73-SegmentedRaftLog:OPENED:c3,f4,i4, conf=0: [57114e09-3b7f-4b4a-a342-090fe34f336a:192.168.164.239:45374, e3be97a9-3d3a-4f1a-9aac-bb0a1b054e74:192.168.164.239:42267, 8f4dcc74-0612-4035-9040-5f73cd792029:192.168.164.239:37614], old=null
2019-10-20 04:42:50,711 [e3be97a9-3d3a-4f1a-9aac-bb0a1b054e74@group-045AAD0D4D73-LeaderElection54] INFO  impl.RaftServerImpl (RaftServerImpl.java:setRole(184)) - e3be97a9-3d3a-4f1a-9aac-bb0a1b054e74@group-045AAD0D4D73: changes role from CANDIDATE to FOLLOWER at term 56 for DISCOVERED_A_NEW_TERM
2019-10-20 04:42:50,711 [e3be97a9-3d3a-4f1a-9aac-bb0a1b054e74@group-045AAD0D4D73-LeaderElection54] INFO  impl.RoleInfo (RoleInfo.java:shutdownLeaderElection(134)) - e3be97a9-3d3a-4f1a-9aac-bb0a1b054e74: shutdown LeaderElection
2019-10-20 04:42:50,711 [e3be97a9-3d3a-4f1a-9aac-bb0a1b054e74@group-045AAD0D4D73-LeaderElection54] INFO  impl.RoleInfo (RoleInfo.java:updateAndGet(143)) - e3be97a9-3d3a-4f1a-9aac-bb0a1b054e74: start FollowerState
2019-10-20 04:42:50,889 [Thread-949] INFO  impl.FollowerState (FollowerState.java:run(108)) - e3be97a9-3d3a-4f1a-9aac-bb0a1b054e74@group-045AAD0D4D73-FollowerState: change to CANDIDATE, lastRpcTime:178ms, electionTimeout:178ms
2019-10-20 04:42:50,890 [Thread-949] INFO  impl.RoleInfo (RoleInfo.java:shutdownFollowerState(121)) - e3be97a9-3d3a-4f1a-9aac-bb0a1b054e74: shutdown FollowerState
2019-10-20 04:42:50,890 [Thread-949] INFO  impl.RaftServerImpl (RaftServerImpl.java:setRole(184)) - e3be97a9-3d3a-4f1a-9aac-bb0a1b054e74@group-045AAD0D4D73: changes role from  FOLLOWER to CANDIDATE at term 56 for changeToCandidate
2019-10-20 04:42:50,890 [Thread-949] INFO  impl.RoleInfo (RoleInfo.java:updateAndGet(143)) - e3be97a9-3d3a-4f1a-9aac-bb0a1b054e74: start LeaderElection
2019-10-20 04:42:50,918 [e3be97a9-3d3a-4f1a-9aac-bb0a1b054e74@group-045AAD0D4D73-LeaderElection55] INFO  impl.LeaderElection (LeaderElection.java:askForVotes(178)) - e3be97a9-3d3a-4f1a-9aac-bb0a1b054e74@group-045AAD0D4D73-LeaderElection55: begin an election at term 57 for 0: [57114e09-3b7f-4b4a-a342-090fe34f336a:192.168.164.239:45374, e3be97a9-3d3a-4f1a-9aac-bb0a1b054e74:192.168.164.239:42267, 8f4dcc74-0612-4035-9040-5f73cd792029:192.168.164.239:37614], old=null
2019-10-20 04:42:50,921 [grpc-default-executor-2] INFO  impl.RaftServerImpl (RaftServerImpl.java:setRole(184)) - 8f4dcc74-0612-4035-9040-5f73cd792029@group-045AAD0D4D73: changes role from  FOLLOWER to FOLLOWER at term 57 for recognizeCandidate:e3be97a9-3d3a-4f1a-9aac-bb0a1b054e74
2019-10-20 04:42:50,921 [grpc-default-executor-2] INFO  impl.RoleInfo (RoleInfo.java:shutdownFollowerState(121)) - 8f4dcc74-0612-4035-9040-5f73cd792029: shutdown FollowerState
2019-10-20 04:42:50,921 [grpc-default-executor-1] INFO  impl.RaftServerImpl (RaftServerImpl.java:setRole(184)) - 57114e09-3b7f-4b4a-a342-090fe34f336a@group-045AAD0D4D73: changes role from  FOLLOWER to FOLLOWER at term 57 for recognizeCandidate:e3be97a9-3d3a-4f1a-9aac-bb0a1b054e74
2019-10-20 04:42:50,922 [grpc-default-executor-2] INFO  impl.RoleInfo (RoleInfo.java:updateAndGet(143)) - 8f4dcc74-0612-4035-9040-5f73cd792029: start FollowerState
2019-10-20 04:42:50,922 [Thread-948] INFO  impl.FollowerState (FollowerState.java:run(117)) - 8f4dcc74-0612-4035-9040-5f73cd792029@group-045AAD0D4D73-FollowerState was interrupted: java.lang.InterruptedException: sleep interrupted
2019-10-20 04:42:50,922 [grpc-default-executor-1] INFO  impl.RoleInfo (RoleInfo.java:shutdownFollowerState(121)) - 57114e09-3b7f-4b4a-a342-090fe34f336a: shutdown FollowerState
2019-10-20 04:42:50,922 [Thread-947] INFO  impl.FollowerState (FollowerState.java:run(117)) - 57114e09-3b7f-4b4a-a342-090fe34f336a@group-045AAD0D4D73-FollowerState was interrupted: java.lang.InterruptedException: sleep interrupted
2019-10-20 04:42:50,922 [grpc-default-executor-1] INFO  impl.RoleInfo (RoleInfo.java:updateAndGet(143)) - 57114e09-3b7f-4b4a-a342-090fe34f336a: start FollowerState
2019-10-20 04:42:50,953 [e3be97a9-3d3a-4f1a-9aac-bb0a1b054e74@group-045AAD0D4D73-LeaderElection55] INFO  impl.LeaderElection (LeaderElection.java:logAndReturn(56)) - e3be97a9-3d3a-4f1a-9aac-bb0a1b054e74@group-045AAD0D4D73-LeaderElection55: Election REJECTED; received 2 response(s) [e3be97a9-3d3a-4f1a-9aac-bb0a1b054e74<-57114e09-3b7f-4b4a-a342-090fe34f336a#0:FAIL-t57, e3be97a9-3d3a-4f1a-9aac-bb0a1b054e74<-8f4dcc74-0612-4035-9040-5f73cd792029#0:FAIL-t57] and 0 exception(s); e3be97a9-3d3a-4f1a-9aac-bb0a1b054e74@group-045AAD0D4D73:t57, leader=null, voted=e3be97a9-3d3a-4f1a-9aac-bb0a1b054e74, raftlog=e3be97a9-3d3a-4f1a-9aac-bb0a1b054e74@group-045AAD0D4D73-SegmentedRaftLog:OPENED:c3,f4,i4, conf=0: [57114e09-3b7f-4b4a-a342-090fe34f336a:192.168.164.239:45374, e3be97a9-3d3a-4f1a-9aac-bb0a1b054e74:192.168.164.239:42267, 8f4dcc74-0612-4035-9040-5f73cd792029:192.168.164.239:37614], old=null
2019-10-20 04:42:50,953 [e3be97a9-3d3a-4f1a-9aac-bb0a1b054e74@group-045AAD0D4D73-LeaderElection55] INFO  impl.RaftServerImpl (RaftServerImpl.java:setRole(184)) - e3be97a9-3d3a-4f1a-9aac-bb0a1b054e74@group-045AAD0D4D73: changes role from CANDIDATE to FOLLOWER at term 57 for DISCOVERED_A_NEW_TERM
2019-10-20 04:42:50,953 [e3be97a9-3d3a-4f1a-9aac-bb0a1b054e74@group-045AAD0D4D73-LeaderElection55] INFO  impl.RoleInfo (RoleInfo.java:shutdownLeaderElection(134)) - e3be97a9-3d3a-4f1a-9aac-bb0a1b054e74: shutdown LeaderElection
2019-10-20 04:42:50,953 [e3be97a9-3d3a-4f1a-9aac-bb0a1b054e74@group-045AAD0D4D73-LeaderElection55] INFO  impl.RoleInfo (RoleInfo.java:updateAndGet(143)) - e3be97a9-3d3a-4f1a-9aac-bb0a1b054e74: start FollowerState
]]></system-out>
    <system-err><![CDATA[ERROR StatusLogger No Log4j 2 configuration file found. Using default configuration (logging only errors to the console), or user programmatically provided configurations. Set system property 'log4j2.debug' to show Log4j 2 internal initialization logging. See https://logging.apache.org/log4j/2.x/manual/configuration.html for instructions on how to configure Log4j 2
Oct 20, 2019 4:41:04 AM org.apache.ratis.thirdparty.io.grpc.internal.SerializingExecutor run
SEVERE: Exception while executing runnable org.apache.ratis.thirdparty.io.grpc.internal.ServerImpl$JumpToApplicationThreadServerStreamListener$1Closed@2a65e22
org.apache.ratis.thirdparty.io.grpc.StatusRuntimeException: CANCELLED: call already cancelled
	at org.apache.ratis.thirdparty.io.grpc.Status.asRuntimeException(Status.java:517)
	at org.apache.ratis.thirdparty.io.grpc.stub.ServerCalls$ServerCallStreamObserverImpl.onCompleted(ServerCalls.java:356)
	at org.apache.ratis.grpc.server.GrpcServerProtocolService$ServerRequestStreamObserver.onError(GrpcServerProtocolService.java:121)
	at org.apache.ratis.thirdparty.io.grpc.stub.ServerCalls$StreamingServerCallHandler$StreamingServerCallListener.onCancel(ServerCalls.java:269)
	at org.apache.ratis.thirdparty.io.grpc.internal.ServerCallImpl$ServerStreamListenerImpl.closed(ServerCallImpl.java:293)
	at org.apache.ratis.thirdparty.io.grpc.internal.ServerImpl$JumpToApplicationThreadServerStreamListener$1Closed.runInContext(ServerImpl.java:741)
	at org.apache.ratis.thirdparty.io.grpc.internal.ContextRunnable.run(ContextRunnable.java:37)
	at org.apache.ratis.thirdparty.io.grpc.internal.SerializingExecutor.run(SerializingExecutor.java:123)
	at java.util.concurrent.ThreadPoolExecutor.runWorker(ThreadPoolExecutor.java:1149)
	at java.util.concurrent.ThreadPoolExecutor$Worker.run(ThreadPoolExecutor.java:624)
	at java.lang.Thread.run(Thread.java:748)

Oct 20, 2019 4:41:04 AM org.apache.ratis.thirdparty.io.grpc.internal.SerializingExecutor run
SEVERE: Exception while executing runnable org.apache.ratis.thirdparty.io.grpc.internal.ClientCallImpl$ClientStreamListenerImpl$1StreamClosed@1d055987
java.lang.NullPointerException
	at org.apache.ratis.grpc.server.GrpcLogAppender$AppendLogResponseHandler.onError(GrpcLogAppender.java:303)
	at org.apache.ratis.thirdparty.io.grpc.stub.ClientCalls$StreamObserverToCallListenerAdapter.onClose(ClientCalls.java:434)
	at org.apache.ratis.thirdparty.io.grpc.PartialForwardingClientCallListener.onClose(PartialForwardingClientCallListener.java:39)
	at org.apache.ratis.thirdparty.io.grpc.ForwardingClientCallListener.onClose(ForwardingClientCallListener.java:23)
	at org.apache.ratis.thirdparty.io.grpc.ForwardingClientCallListener$SimpleForwardingClientCallListener.onClose(ForwardingClientCallListener.java:40)
	at org.apache.ratis.thirdparty.io.grpc.internal.CensusStatsModule$StatsClientInterceptor$1$1.onClose(CensusStatsModule.java:678)
	at org.apache.ratis.thirdparty.io.grpc.PartialForwardingClientCallListener.onClose(PartialForwardingClientCallListener.java:39)
	at org.apache.ratis.thirdparty.io.grpc.ForwardingClientCallListener.onClose(ForwardingClientCallListener.java:23)
	at org.apache.ratis.thirdparty.io.grpc.ForwardingClientCallListener$SimpleForwardingClientCallListener.onClose(ForwardingClientCallListener.java:40)
	at org.apache.ratis.thirdparty.io.grpc.internal.CensusTracingModule$TracingClientInterceptor$1$1.onClose(CensusTracingModule.java:397)
	at org.apache.ratis.thirdparty.io.grpc.internal.ClientCallImpl.closeObserver(ClientCallImpl.java:459)
	at org.apache.ratis.thirdparty.io.grpc.internal.ClientCallImpl.access$300(ClientCallImpl.java:63)
	at org.apache.ratis.thirdparty.io.grpc.internal.ClientCallImpl$ClientStreamListenerImpl.close(ClientCallImpl.java:546)
	at org.apache.ratis.thirdparty.io.grpc.internal.ClientCallImpl$ClientStreamListenerImpl.access$600(ClientCallImpl.java:467)
	at org.apache.ratis.thirdparty.io.grpc.internal.ClientCallImpl$ClientStreamListenerImpl$1StreamClosed.runInContext(ClientCallImpl.java:584)
	at org.apache.ratis.thirdparty.io.grpc.internal.ContextRunnable.run(ContextRunnable.java:37)
	at org.apache.ratis.thirdparty.io.grpc.internal.SerializingExecutor.run(SerializingExecutor.java:123)
	at java.util.concurrent.ThreadPoolExecutor.runWorker(ThreadPoolExecutor.java:1149)
	at java.util.concurrent.ThreadPoolExecutor$Worker.run(ThreadPoolExecutor.java:624)
	at java.lang.Thread.run(Thread.java:748)

]]></system-err>
  </testcase>
</testsuite>