<?xml version="1.0" encoding="UTF-8"?>
<testsuite xmlns:xsi="http://www.w3.org/2001/XMLSchema-instance" xsi:noNamespaceSchemaLocation="https://maven.apache.org/surefire/maven-surefire-plugin/xsd/surefire-test-report.xsd" name="org.apache.hadoop.ozone.client.rpc.TestWatchForCommit" time="229.277" tests="5" errors="1" skipped="0" failures="0">
  <properties>
    <property name="awt.toolkit" value="sun.awt.X11.XToolkit"/>
    <property name="file.encoding.pkg" value="sun.io"/>
    <property name="java.specification.version" value="1.8"/>
    <property name="sun.cpu.isalist" value=""/>
    <property name="sun.jnu.encoding" value="UTF-8"/>
    <property name="java.class.path" value="/workdir/hadoop-ozone/integration-test/target/test-classes:/workdir/hadoop-ozone/integration-test/target/classes:/home/user/.m2/repository/org/apache/hadoop/hadoop-ozone-common/0.5.0-SNAPSHOT/hadoop-ozone-common-0.5.0-SNAPSHOT.jar:/home/user/.m2/repository/org/apache/commons/commons-compress/1.4.1/commons-compress-1.4.1.jar:/home/user/.m2/repository/org/tukaani/xz/1.0/xz-1.0.jar:/home/user/.m2/repository/org/apache/hadoop/hadoop-common/3.2.0/hadoop-common-3.2.0.jar:/home/user/.m2/repository/org/apache/hadoop/hadoop-hdfs/3.2.0/hadoop-hdfs-3.2.0.jar:/home/user/.m2/repository/org/apache/hadoop/hadoop-hdfs-client/3.2.0/hadoop-hdfs-client-3.2.0.jar:/home/user/.m2/repository/com/fasterxml/jackson/core/jackson-annotations/2.9.9/jackson-annotations-2.9.9.jar:/home/user/.m2/repository/org/apache/hadoop/hadoop-hdds-common/0.5.0-SNAPSHOT/hadoop-hdds-common-0.5.0-SNAPSHOT.jar:/home/user/.m2/repository/javax/annotation/javax.annotation-api/1.2/javax.annotation-api-1.2.jar:/home/user/.m2/repository/org/apache/ratis/ratis-server/0.5.0-201fc85-SNAPSHOT/ratis-server-0.5.0-201fc85-SNAPSHOT.jar:/home/user/.m2/repository/org/apache/ratis/ratis-thirdparty-misc/0.2.0/ratis-thirdparty-misc-0.2.0.jar:/home/user/.m2/repository/org/apache/ratis/ratis-proto/0.5.0-201fc85-SNAPSHOT/ratis-proto-0.5.0-201fc85-SNAPSHOT.jar:/home/user/.m2/repository/org/apache/ratis/ratis-common/0.5.0-201fc85-SNAPSHOT/ratis-common-0.5.0-201fc85-SNAPSHOT.jar:/home/user/.m2/repository/org/apache/ratis/ratis-client/0.5.0-201fc85-SNAPSHOT/ratis-client-0.5.0-201fc85-SNAPSHOT.jar:/home/user/.m2/repository/org/apache/ratis/ratis-metrics/0.5.0-201fc85-SNAPSHOT/ratis-metrics-0.5.0-201fc85-SNAPSHOT.jar:/home/user/.m2/repository/com/github/joshelser/dropwizard-metrics-hadoop-metrics2-reporter/0.1.2/dropwizard-metrics-hadoop-metrics2-reporter-0.1.2.jar:/home/user/.m2/repository/io/dropwizard/metrics/metrics-jvm/3.2.5/metrics-jvm-3.2.5.jar:/home/user/.m2/repository/io/dropwizard/metrics/metrics-ganglia/3.2.5/metrics-ganglia-3.2.5.jar:/home/user/.m2/repository/info/ganglia/gmetric4j/gmetric4j/1.0.7/gmetric4j-1.0.7.jar:/home/user/.m2/repository/org/apache/ratis/ratis-netty/0.5.0-201fc85-SNAPSHOT/ratis-netty-0.5.0-201fc85-SNAPSHOT.jar:/home/user/.m2/repository/org/apache/ratis/ratis-grpc/0.5.0-201fc85-SNAPSHOT/ratis-grpc-0.5.0-201fc85-SNAPSHOT.jar:/home/user/.m2/repository/org/rocksdb/rocksdbjni/6.0.1/rocksdbjni-6.0.1.jar:/home/user/.m2/repository/org/apache/logging/log4j/log4j-api/2.11.0/log4j-api-2.11.0.jar:/home/user/.m2/repository/org/apache/logging/log4j/log4j-core/2.11.0/log4j-core-2.11.0.jar:/home/user/.m2/repository/com/lmax/disruptor/3.4.2/disruptor-3.4.2.jar:/home/user/.m2/repository/org/apache/commons/commons-pool2/2.6.0/commons-pool2-2.6.0.jar:/home/user/.m2/repository/org/bouncycastle/bcpkix-jdk15on/1.60/bcpkix-jdk15on-1.60.jar:/home/user/.m2/repository/commons-validator/commons-validator/1.6/commons-validator-1.6.jar:/home/user/.m2/repository/commons-digester/commons-digester/1.8.1/commons-digester-1.8.1.jar:/home/user/.m2/repository/io/jaegertracing/jaeger-client/0.34.0/jaeger-client-0.34.0.jar:/home/user/.m2/repository/io/jaegertracing/jaeger-thrift/0.34.0/jaeger-thrift-0.34.0.jar:/home/user/.m2/repository/org/apache/thrift/libthrift/0.12.0/libthrift-0.12.0.jar:/home/user/.m2/repository/com/squareup/okhttp3/okhttp/3.9.0/okhttp-3.9.0.jar:/home/user/.m2/repository/com/squareup/okio/okio/1.13.0/okio-1.13.0.jar:/home/user/.m2/repository/io/jaegertracing/jaeger-core/0.34.0/jaeger-core-0.34.0.jar:/home/user/.m2/repository/io/jaegertracing/jaeger-tracerresolver/0.34.0/jaeger-tracerresolver-0.34.0.jar:/home/user/.m2/repository/io/opentracing/contrib/opentracing-tracerresolver/0.1.5/opentracing-tracerresolver-0.1.5.jar:/home/user/.m2/repository/io/opentracing/opentracing-util/0.31.0/opentracing-util-0.31.0.jar:/home/user/.m2/repository/io/opentracing/opentracing-api/0.31.0/opentracing-api-0.31.0.jar:/home/user/.m2/repository/io/opentracing/opentracing-noop/0.31.0/opentracing-noop-0.31.0.jar:/home/user/.m2/repository/org/apache/hadoop/hadoop-hdds-server-framework/0.5.0-SNAPSHOT/hadoop-hdds-server-framework-0.5.0-SNAPSHOT.jar:/home/user/.m2/repository/org/apache/hadoop/hadoop-hdds-container-service/0.5.0-SNAPSHOT/hadoop-hdds-container-service-0.5.0-SNAPSHOT.jar:/home/user/.m2/repository/org/apache/hadoop/hadoop-hdds-client/0.5.0-SNAPSHOT/hadoop-hdds-client-0.5.0-SNAPSHOT.jar:/home/user/.m2/repository/org/apache/hadoop/hadoop-hdds-tools/0.5.0-SNAPSHOT/hadoop-hdds-tools-0.5.0-SNAPSHOT.jar:/home/user/.m2/repository/org/apache/hadoop/hadoop-hdds-server-scm/0.5.0-SNAPSHOT/hadoop-hdds-server-scm-0.5.0-SNAPSHOT.jar:/home/user/.m2/repository/org/apache/hadoop/hadoop-hdds-docs/0.5.0-SNAPSHOT/hadoop-hdds-docs-0.5.0-SNAPSHOT.jar:/home/user/.m2/repository/io/dropwizard/metrics/metrics-core/3.2.4/metrics-core-3.2.4.jar:/home/user/.m2/repository/org/hamcrest/hamcrest-all/1.3/hamcrest-all-1.3.jar:/home/user/.m2/repository/org/bouncycastle/bcprov-jdk15on/1.60/bcprov-jdk15on-1.60.jar:/home/user/.m2/repository/info/picocli/picocli/3.9.6/picocli-3.9.6.jar:/home/user/.m2/repository/com/google/protobuf/protobuf-java/2.5.0/protobuf-java-2.5.0.jar:/home/user/.m2/repository/com/google/guava/guava/11.0.2/guava-11.0.2.jar:/home/user/.m2/repository/org/apache/hadoop/hadoop-ozone-ozone-manager/0.5.0-SNAPSHOT/hadoop-ozone-ozone-manager-0.5.0-SNAPSHOT.jar:/home/user/.m2/repository/org/apache/hadoop/hadoop-minikdc/3.2.0/hadoop-minikdc-3.2.0.jar:/home/user/.m2/repository/commons-io/commons-io/2.5/commons-io-2.5.jar:/home/user/.m2/repository/org/apache/kerby/kerb-simplekdc/1.0.1/kerb-simplekdc-1.0.1.jar:/home/user/.m2/repository/org/apache/kerby/kerb-client/1.0.1/kerb-client-1.0.1.jar:/home/user/.m2/repository/org/apache/kerby/kerby-config/1.0.1/kerby-config-1.0.1.jar:/home/user/.m2/repository/org/apache/kerby/kerb-core/1.0.1/kerb-core-1.0.1.jar:/home/user/.m2/repository/org/apache/kerby/kerby-pkix/1.0.1/kerby-pkix-1.0.1.jar:/home/user/.m2/repository/org/apache/kerby/kerby-asn1/1.0.1/kerby-asn1-1.0.1.jar:/home/user/.m2/repository/org/apache/kerby/kerby-util/1.0.1/kerby-util-1.0.1.jar:/home/user/.m2/repository/org/apache/kerby/kerb-common/1.0.1/kerb-common-1.0.1.jar:/home/user/.m2/repository/org/apache/kerby/kerb-crypto/1.0.1/kerb-crypto-1.0.1.jar:/home/user/.m2/repository/org/apache/kerby/kerb-util/1.0.1/kerb-util-1.0.1.jar:/home/user/.m2/repository/org/apache/kerby/token-provider/1.0.1/token-provider-1.0.1.jar:/home/user/.m2/repository/org/apache/kerby/kerb-admin/1.0.1/kerb-admin-1.0.1.jar:/home/user/.m2/repository/org/apache/kerby/kerb-server/1.0.1/kerb-server-1.0.1.jar:/home/user/.m2/repository/org/apache/kerby/kerb-identity/1.0.1/kerb-identity-1.0.1.jar:/home/user/.m2/repository/org/apache/kerby/kerby-xdr/1.0.1/kerby-xdr-1.0.1.jar:/home/user/.m2/repository/org/slf4j/slf4j-log4j12/1.7.25/slf4j-log4j12-1.7.25.jar:/home/user/.m2/repository/org/apache/hadoop/hadoop-ozone-s3gateway/0.5.0-SNAPSHOT/hadoop-ozone-s3gateway-0.5.0-SNAPSHOT.jar:/home/user/.m2/repository/org/jboss/weld/servlet/weld-servlet/2.4.7.Final/weld-servlet-2.4.7.Final.jar:/home/user/.m2/repository/org/glassfish/jersey/containers/jersey-container-servlet-core/2.27/jersey-container-servlet-core-2.27.jar:/home/user/.m2/repository/org/glassfish/hk2/external/javax.inject/2.5.0-b42/javax.inject-2.5.0-b42.jar:/home/user/.m2/repository/org/glassfish/jersey/core/jersey-common/2.27/jersey-common-2.27.jar:/home/user/.m2/repository/org/glassfish/hk2/osgi-resource-locator/1.0.1/osgi-resource-locator-1.0.1.jar:/home/user/.m2/repository/javax/ws/rs/javax.ws.rs-api/2.1/javax.ws.rs-api-2.1.jar:/home/user/.m2/repository/org/glassfish/jersey/ext/cdi/jersey-cdi1x/2.27/jersey-cdi1x-2.27.jar:/home/user/.m2/repository/org/glassfish/jersey/inject/jersey-hk2/2.27/jersey-hk2-2.27.jar:/home/user/.m2/repository/org/glassfish/hk2/hk2-locator/2.5.0-b42/hk2-locator-2.5.0-b42.jar:/home/user/.m2/repository/org/javassist/javassist/3.22.0-CR2/javassist-3.22.0-CR2.jar:/home/user/.m2/repository/org/glassfish/hk2/hk2-api/2.5.0/hk2-api-2.5.0.jar:/home/user/.m2/repository/org/glassfish/hk2/external/jakarta.inject/2.5.0/jakarta.inject-2.5.0.jar:/home/user/.m2/repository/org/glassfish/hk2/hk2-utils/2.5.0/hk2-utils-2.5.0.jar:/home/user/.m2/repository/jakarta/annotation/jakarta.annotation-api/1.3.4/jakarta.annotation-api-1.3.4.jar:/home/user/.m2/repository/org/glassfish/hk2/external/aopalliance-repackaged/2.5.0/aopalliance-repackaged-2.5.0.jar:/home/user/.m2/repository/com/fasterxml/jackson/dataformat/jackson-dataformat-xml/2.9.0/jackson-dataformat-xml-2.9.0.jar:/home/user/.m2/repository/com/fasterxml/jackson/core/jackson-core/2.9.9/jackson-core-2.9.9.jar:/home/user/.m2/repository/com/fasterxml/jackson/module/jackson-module-jaxb-annotations/2.9.9/jackson-module-jaxb-annotations-2.9.9.jar:/home/user/.m2/repository/javax/enterprise/cdi-api/1.2/cdi-api-1.2.jar:/home/user/.m2/repository/javax/el/javax.el-api/3.0.0/javax.el-api-3.0.0.jar:/home/user/.m2/repository/javax/interceptor/javax.interceptor-api/1.2/javax.interceptor-api-1.2.jar:/home/user/.m2/repository/javax/inject/javax.inject/1/javax.inject-1.jar:/home/user/.m2/repository/com/sun/xml/bind/jaxb-impl/2.3.0.1/jaxb-impl-2.3.0.1.jar:/home/user/.m2/repository/com/sun/xml/bind/jaxb-core/2.3.0.1/jaxb-core-2.3.0.1.jar:/home/user/.m2/repository/javax/xml/bind/jaxb-api/2.3.0/jaxb-api-2.3.0.jar:/home/user/.m2/repository/javax/activation/activation/1.1.1/activation-1.1.1.jar:/home/user/.m2/repository/org/apache/hadoop/hadoop-ozone-csi/0.5.0-SNAPSHOT/hadoop-ozone-csi-0.5.0-SNAPSHOT.jar:/home/user/.m2/repository/com/google/protobuf/protobuf-java-util/3.5.1/protobuf-java-util-3.5.1.jar:/home/user/.m2/repository/org/apache/hadoop/hadoop-hdds-config/0.5.0-SNAPSHOT/hadoop-hdds-config-0.5.0-SNAPSHOT.jar:/home/user/.m2/repository/io/grpc/grpc-netty/1.17.1/grpc-netty-1.17.1.jar:/home/user/.m2/repository/io/grpc/grpc-core/1.17.1/grpc-core-1.17.1.jar:/home/user/.m2/repository/io/grpc/grpc-context/1.17.1/grpc-context-1.17.1.jar:/home/user/.m2/repository/com/google/errorprone/error_prone_annotations/2.2.0/error_prone_annotations-2.2.0.jar:/home/user/.m2/repository/org/codehaus/mojo/animal-sniffer-annotations/1.17/animal-sniffer-annotations-1.17.jar:/home/user/.m2/repository/io/opencensus/opencensus-api/0.17.0/opencensus-api-0.17.0.jar:/home/user/.m2/repository/io/opencensus/opencensus-contrib-grpc-metrics/0.17.0/opencensus-contrib-grpc-metrics-0.17.0.jar:/home/user/.m2/repository/io/netty/netty-codec-http2/4.1.30.Final/netty-codec-http2-4.1.30.Final.jar:/home/user/.m2/repository/io/netty/netty-codec-http/4.1.30.Final/netty-codec-http-4.1.30.Final.jar:/home/user/.m2/repository/io/netty/netty-codec/4.1.30.Final/netty-codec-4.1.30.Final.jar:/home/user/.m2/repository/io/netty/netty-handler/4.1.30.Final/netty-handler-4.1.30.Final.jar:/home/user/.m2/repository/io/netty/netty-handler-proxy/4.1.30.Final/netty-handler-proxy-4.1.30.Final.jar:/home/user/.m2/repository/io/netty/netty-codec-socks/4.1.30.Final/netty-codec-socks-4.1.30.Final.jar:/home/user/.m2/repository/io/netty/netty-transport-native-epoll/4.1.30.Final/netty-transport-native-epoll-4.1.30.Final.jar:/home/user/.m2/repository/io/netty/netty-common/4.1.30.Final/netty-common-4.1.30.Final.jar:/home/user/.m2/repository/io/netty/netty-buffer/4.1.30.Final/netty-buffer-4.1.30.Final.jar:/home/user/.m2/repository/io/netty/netty-transport/4.1.30.Final/netty-transport-4.1.30.Final.jar:/home/user/.m2/repository/io/netty/netty-resolver/4.1.30.Final/netty-resolver-4.1.30.Final.jar:/home/user/.m2/repository/io/netty/netty-transport-native-unix-common/4.1.30.Final/netty-transport-native-unix-common-4.1.30.Final.jar:/home/user/.m2/repository/io/grpc/grpc-protobuf/1.17.1/grpc-protobuf-1.17.1.jar:/home/user/.m2/repository/com/google/api/grpc/proto-google-common-protos/1.0.0/proto-google-common-protos-1.0.0.jar:/home/user/.m2/repository/io/grpc/grpc-protobuf-lite/1.17.1/grpc-protobuf-lite-1.17.1.jar:/home/user/.m2/repository/io/grpc/grpc-stub/1.17.1/grpc-stub-1.17.1.jar:/home/user/.m2/repository/org/apache/hadoop/hadoop-ozone-recon/0.5.0-SNAPSHOT/hadoop-ozone-recon-0.5.0-SNAPSHOT.jar:/home/user/.m2/repository/org/apache/hadoop/hadoop-ozone-reconcodegen/0.5.0-SNAPSHOT/hadoop-ozone-reconcodegen-0.5.0-SNAPSHOT.jar:/home/user/.m2/repository/com/google/inject/extensions/guice-multibindings/4.0/guice-multibindings-4.0.jar:/home/user/.m2/repository/com/google/inject/guice/4.0/guice-4.0.jar:/home/user/.m2/repository/aopalliance/aopalliance/1.0/aopalliance-1.0.jar:/home/user/.m2/repository/com/google/inject/extensions/guice-servlet/4.0/guice-servlet-4.0.jar:/home/user/.m2/repository/org/glassfish/jersey/containers/jersey-container-servlet/2.27/jersey-container-servlet-2.27.jar:/home/user/.m2/repository/org/glassfish/hk2/guice-bridge/2.5.0/guice-bridge-2.5.0.jar:/home/user/.m2/repository/org/glassfish/jersey/core/jersey-server/2.27/jersey-server-2.27.jar:/home/user/.m2/repository/org/glassfish/jersey/core/jersey-client/2.27/jersey-client-2.27.jar:/home/user/.m2/repository/org/glassfish/jersey/media/jersey-media-jaxb/2.27/jersey-media-jaxb-2.27.jar:/home/user/.m2/repository/javax/validation/validation-api/1.1.0.Final/validation-api-1.1.0.Final.jar:/home/user/.m2/repository/org/glassfish/jersey/media/jersey-media-json-jackson/2.27/jersey-media-json-jackson-2.27.jar:/home/user/.m2/repository/org/glassfish/jersey/ext/jersey-entity-filtering/2.27/jersey-entity-filtering-2.27.jar:/home/user/.m2/repository/com/google/inject/extensions/guice-assistedinject/4.0/guice-assistedinject-4.0.jar:/home/user/.m2/repository/org/jooq/jooq/3.11.10/jooq-3.11.10.jar:/home/user/.m2/repository/org/jooq/jooq-meta/3.11.10/jooq-meta-3.11.10.jar:/home/user/.m2/repository/org/jooq/jooq-codegen/3.11.10/jooq-codegen-3.11.10.jar:/home/user/.m2/repository/com/jolbox/bonecp/0.8.0.RELEASE/bonecp-0.8.0.RELEASE.jar:/home/user/.m2/repository/org/xerial/sqlite-jdbc/3.25.2/sqlite-jdbc-3.25.2.jar:/home/user/.m2/repository/org/springframework/spring-jdbc/5.1.3.RELEASE/spring-jdbc-5.1.3.RELEASE.jar:/home/user/.m2/repository/org/springframework/spring-beans/5.1.3.RELEASE/spring-beans-5.1.3.RELEASE.jar:/home/user/.m2/repository/org/springframework/spring-core/5.1.3.RELEASE/spring-core-5.1.3.RELEASE.jar:/home/user/.m2/repository/org/springframework/spring-jcl/5.1.3.RELEASE/spring-jcl-5.1.3.RELEASE.jar:/home/user/.m2/repository/org/springframework/spring-tx/5.1.3.RELEASE/spring-tx-5.1.3.RELEASE.jar:/home/user/.m2/repository/org/apache/hadoop/hadoop-ozone-client/0.5.0-SNAPSHOT/hadoop-ozone-client-0.5.0-SNAPSHOT.jar:/home/user/.m2/repository/commons-lang/commons-lang/2.6/commons-lang-2.6.jar:/home/user/.m2/repository/org/apache/hadoop/hadoop-ozone-ozone-manager/0.5.0-SNAPSHOT/hadoop-ozone-ozone-manager-0.5.0-SNAPSHOT-tests.jar:/home/user/.m2/repository/junit/junit/4.11/junit-4.11.jar:/home/user/.m2/repository/org/hamcrest/hamcrest-core/1.3/hamcrest-core-1.3.jar:/home/user/.m2/repository/org/openjdk/jmh/jmh-core/1.19/jmh-core-1.19.jar:/home/user/.m2/repository/net/sf/jopt-simple/jopt-simple/4.6/jopt-simple-4.6.jar:/home/user/.m2/repository/org/apache/commons/commons-math3/3.1.1/commons-math3-3.1.1.jar:/home/user/.m2/repository/org/openjdk/jmh/jmh-generator-annprocess/1.19/jmh-generator-annprocess-1.19.jar:/home/user/.m2/repository/org/mockito/mockito-all/1.8.5/mockito-all-1.8.5.jar:/home/user/.m2/repository/org/apache/hadoop/hadoop-kms/3.2.0/hadoop-kms-3.2.0.jar:/home/user/.m2/repository/org/apache/hadoop/hadoop-auth/3.2.0/hadoop-auth-3.2.0.jar:/home/user/.m2/repository/com/nimbusds/nimbus-jose-jwt/4.41.1/nimbus-jose-jwt-4.41.1.jar:/home/user/.m2/repository/com/github/stephenc/jcip/jcip-annotations/1.0-1/jcip-annotations-1.0-1.jar:/home/user/.m2/repository/net/minidev/json-smart/2.3/json-smart-2.3.jar:/home/user/.m2/repository/net/minidev/accessors-smart/1.2/accessors-smart-1.2.jar:/home/user/.m2/repository/org/ow2/asm/asm/5.0.4/asm-5.0.4.jar:/home/user/.m2/repository/org/apache/curator/curator-framework/2.12.0/curator-framework-2.12.0.jar:/home/user/.m2/repository/com/sun/jersey/jersey-core/1.19/jersey-core-1.19.jar:/home/user/.m2/repository/javax/ws/rs/jsr311-api/1.1.1/jsr311-api-1.1.1.jar:/home/user/.m2/repository/com/sun/jersey/jersey-server/1.19/jersey-server-1.19.jar:/home/user/.m2/repository/javax/servlet/javax.servlet-api/3.1.0/javax.servlet-api-3.1.0.jar:/home/user/.m2/repository/org/eclipse/jetty/jetty-server/9.3.25.v20180904/jetty-server-9.3.25.v20180904.jar:/home/user/.m2/repository/org/eclipse/jetty/jetty-http/9.3.25.v20180904/jetty-http-9.3.25.v20180904.jar:/home/user/.m2/repository/org/eclipse/jetty/jetty-io/9.3.25.v20180904/jetty-io-9.3.25.v20180904.jar:/home/user/.m2/repository/org/eclipse/jetty/jetty-webapp/9.3.25.v20180904/jetty-webapp-9.3.25.v20180904.jar:/home/user/.m2/repository/org/eclipse/jetty/jetty-xml/9.3.25.v20180904/jetty-xml-9.3.25.v20180904.jar:/home/user/.m2/repository/log4j/log4j/1.2.17/log4j-1.2.17.jar:/home/user/.m2/repository/org/slf4j/slf4j-api/1.7.25/slf4j-api-1.7.25.jar:/home/user/.m2/repository/org/slf4j/jul-to-slf4j/1.7.25/jul-to-slf4j-1.7.25.jar:/home/user/.m2/repository/org/eclipse/jetty/jetty-util/9.3.25.v20180904/jetty-util-9.3.25.v20180904.jar:/home/user/.m2/repository/com/fasterxml/jackson/core/jackson-databind/2.9.9/jackson-databind-2.9.9.jar:/home/user/.m2/repository/org/apache/hadoop/hadoop-kms/3.2.0/hadoop-kms-3.2.0-tests.jar:/home/user/.m2/repository/org/apache/hadoop/hadoop-hdds-server-scm/0.5.0-SNAPSHOT/hadoop-hdds-server-scm-0.5.0-SNAPSHOT-tests.jar:/home/user/.m2/repository/org/apache/hadoop/hadoop-hdds-container-service/0.5.0-SNAPSHOT/hadoop-hdds-container-service-0.5.0-SNAPSHOT-tests.jar:/home/user/.m2/repository/org/yaml/snakeyaml/1.16/snakeyaml-1.16.jar:/home/user/.m2/repository/org/apache/hadoop/hadoop-common/3.2.0/hadoop-common-3.2.0-tests.jar:/home/user/.m2/repository/org/apache/hadoop/hadoop-annotations/3.2.0/hadoop-annotations-3.2.0.jar:/usr/lib/jvm/java-1.8-openjdk/jre/../lib/tools.jar:/home/user/.m2/repository/commons-cli/commons-cli/1.2/commons-cli-1.2.jar:/home/user/.m2/repository/org/apache/httpcomponents/httpclient/4.5.2/httpclient-4.5.2.jar:/home/user/.m2/repository/org/apache/httpcomponents/httpcore/4.4.4/httpcore-4.4.4.jar:/home/user/.m2/repository/commons-codec/commons-codec/1.11/commons-codec-1.11.jar:/home/user/.m2/repository/commons-net/commons-net/3.6/commons-net-3.6.jar:/home/user/.m2/repository/commons-collections/commons-collections/3.2.2/commons-collections-3.2.2.jar:/home/user/.m2/repository/org/eclipse/jetty/jetty-servlet/9.3.25.v20180904/jetty-servlet-9.3.25.v20180904.jar:/home/user/.m2/repository/org/eclipse/jetty/jetty-security/9.3.25.v20180904/jetty-security-9.3.25.v20180904.jar:/home/user/.m2/repository/javax/servlet/jsp/jsp-api/2.1/jsp-api-2.1.jar:/home/user/.m2/repository/com/sun/jersey/jersey-servlet/1.19/jersey-servlet-1.19.jar:/home/user/.m2/repository/com/sun/jersey/jersey-json/1.19/jersey-json-1.19.jar:/home/user/.m2/repository/org/codehaus/jettison/jettison/1.1/jettison-1.1.jar:/home/user/.m2/repository/org/codehaus/jackson/jackson-core-asl/1.9.13/jackson-core-asl-1.9.13.jar:/home/user/.m2/repository/org/codehaus/jackson/jackson-mapper-asl/1.9.13/jackson-mapper-asl-1.9.13.jar:/home/user/.m2/repository/org/codehaus/jackson/jackson-jaxrs/1.9.13/jackson-jaxrs-1.9.13.jar:/home/user/.m2/repository/org/codehaus/jackson/jackson-xc/1.9.13/jackson-xc-1.9.13.jar:/home/user/.m2/repository/commons-logging/commons-logging/1.1.3/commons-logging-1.1.3.jar:/home/user/.m2/repository/commons-beanutils/commons-beanutils/1.9.4/commons-beanutils-1.9.4.jar:/home/user/.m2/repository/org/apache/commons/commons-configuration2/2.1.1/commons-configuration2-2.1.1.jar:/home/user/.m2/repository/org/apache/commons/commons-lang3/3.7/commons-lang3-3.7.jar:/home/user/.m2/repository/org/apache/commons/commons-text/1.4/commons-text-1.4.jar:/home/user/.m2/repository/org/apache/avro/avro/1.7.7/avro-1.7.7.jar:/home/user/.m2/repository/com/thoughtworks/paranamer/paranamer/2.3/paranamer-2.3.jar:/home/user/.m2/repository/org/xerial/snappy/snappy-java/1.0.5/snappy-java-1.0.5.jar:/home/user/.m2/repository/com/google/re2j/re2j/1.1/re2j-1.1.jar:/home/user/.m2/repository/com/google/code/gson/gson/2.2.4/gson-2.2.4.jar:/home/user/.m2/repository/com/jcraft/jsch/0.1.54/jsch-0.1.54.jar:/home/user/.m2/repository/org/apache/curator/curator-client/2.12.0/curator-client-2.12.0.jar:/home/user/.m2/repository/org/apache/curator/curator-recipes/2.12.0/curator-recipes-2.12.0.jar:/home/user/.m2/repository/com/google/code/findbugs/jsr305/3.0.0/jsr305-3.0.0.jar:/home/user/.m2/repository/org/apache/htrace/htrace-core4/4.1.0-incubating/htrace-core4-4.1.0-incubating.jar:/home/user/.m2/repository/org/apache/zookeeper/zookeeper/3.4.13/zookeeper-3.4.13.jar:/home/user/.m2/repository/jline/jline/0.9.94/jline-0.9.94.jar:/home/user/.m2/repository/org/apache/yetus/audience-annotations/0.5.0/audience-annotations-0.5.0.jar:/home/user/.m2/repository/org/codehaus/woodstox/stax2-api/3.1.4/stax2-api-3.1.4.jar:/home/user/.m2/repository/com/fasterxml/woodstox/woodstox-core/5.0.3/woodstox-core-5.0.3.jar:/home/user/.m2/repository/dnsjava/dnsjava/2.1.7/dnsjava-2.1.7.jar:/home/user/.m2/repository/org/apache/hadoop/hadoop-hdfs/3.2.0/hadoop-hdfs-3.2.0-tests.jar:/home/user/.m2/repository/org/eclipse/jetty/jetty-util-ajax/9.3.25.v20180904/jetty-util-ajax-9.3.25.v20180904.jar:/home/user/.m2/repository/commons-daemon/commons-daemon/1.0.13/commons-daemon-1.0.13.jar:/home/user/.m2/repository/io/netty/netty/3.10.5.Final/netty-3.10.5.Final.jar:/home/user/.m2/repository/io/netty/netty-all/4.0.52.Final/netty-all-4.0.52.Final.jar:/home/user/.m2/repository/org/fusesource/leveldbjni/leveldbjni-all/1.8/leveldbjni-all-1.8.jar:"/>
    <property name="java.vm.vendor" value="IcedTea"/>
    <property name="sun.arch.data.model" value="64"/>
    <property name="test.build.dir" value="/workdir/hadoop-ozone/integration-test/target/test-dir"/>
    <property name="test.cache.data" value=""/>
    <property name="java.vendor.url" value="https://icedtea.classpath.org"/>
    <property name="user.timezone" value=""/>
    <property name="java.vm.specification.version" value="1.8"/>
    <property name="os.name" value="Linux"/>
    <property name="test.build.data" value="/workdir/hadoop-ozone/integration-test/target/test-dir"/>
    <property name="user.country" value="US"/>
    <property name="sun.java.launcher" value="SUN_STANDARD"/>
    <property name="sun.boot.library.path" value="/usr/lib/jvm/java-1.8-openjdk/jre/lib/amd64"/>
    <property name="sun.java.command" value="/workdir/hadoop-ozone/integration-test/target/surefire/surefirebooter603884526432785146.jar /workdir/hadoop-ozone/integration-test/target/surefire 2019-10-09T22-40-08_288-jvmRun1 surefire3150082584245038071tmp surefire_76909220420912284711tmp"/>
    <property name="test" value="!TestMiniChaosOzoneCluster"/>
    <property name="surefire.test.class.path" value="/workdir/hadoop-ozone/integration-test/target/test-classes:/workdir/hadoop-ozone/integration-test/target/classes:/home/user/.m2/repository/org/apache/hadoop/hadoop-ozone-common/0.5.0-SNAPSHOT/hadoop-ozone-common-0.5.0-SNAPSHOT.jar:/home/user/.m2/repository/org/apache/commons/commons-compress/1.4.1/commons-compress-1.4.1.jar:/home/user/.m2/repository/org/tukaani/xz/1.0/xz-1.0.jar:/home/user/.m2/repository/org/apache/hadoop/hadoop-common/3.2.0/hadoop-common-3.2.0.jar:/home/user/.m2/repository/org/apache/hadoop/hadoop-hdfs/3.2.0/hadoop-hdfs-3.2.0.jar:/home/user/.m2/repository/org/apache/hadoop/hadoop-hdfs-client/3.2.0/hadoop-hdfs-client-3.2.0.jar:/home/user/.m2/repository/com/fasterxml/jackson/core/jackson-annotations/2.9.9/jackson-annotations-2.9.9.jar:/home/user/.m2/repository/org/apache/hadoop/hadoop-hdds-common/0.5.0-SNAPSHOT/hadoop-hdds-common-0.5.0-SNAPSHOT.jar:/home/user/.m2/repository/javax/annotation/javax.annotation-api/1.2/javax.annotation-api-1.2.jar:/home/user/.m2/repository/org/apache/ratis/ratis-server/0.5.0-201fc85-SNAPSHOT/ratis-server-0.5.0-201fc85-SNAPSHOT.jar:/home/user/.m2/repository/org/apache/ratis/ratis-thirdparty-misc/0.2.0/ratis-thirdparty-misc-0.2.0.jar:/home/user/.m2/repository/org/apache/ratis/ratis-proto/0.5.0-201fc85-SNAPSHOT/ratis-proto-0.5.0-201fc85-SNAPSHOT.jar:/home/user/.m2/repository/org/apache/ratis/ratis-common/0.5.0-201fc85-SNAPSHOT/ratis-common-0.5.0-201fc85-SNAPSHOT.jar:/home/user/.m2/repository/org/apache/ratis/ratis-client/0.5.0-201fc85-SNAPSHOT/ratis-client-0.5.0-201fc85-SNAPSHOT.jar:/home/user/.m2/repository/org/apache/ratis/ratis-metrics/0.5.0-201fc85-SNAPSHOT/ratis-metrics-0.5.0-201fc85-SNAPSHOT.jar:/home/user/.m2/repository/com/github/joshelser/dropwizard-metrics-hadoop-metrics2-reporter/0.1.2/dropwizard-metrics-hadoop-metrics2-reporter-0.1.2.jar:/home/user/.m2/repository/io/dropwizard/metrics/metrics-jvm/3.2.5/metrics-jvm-3.2.5.jar:/home/user/.m2/repository/io/dropwizard/metrics/metrics-ganglia/3.2.5/metrics-ganglia-3.2.5.jar:/home/user/.m2/repository/info/ganglia/gmetric4j/gmetric4j/1.0.7/gmetric4j-1.0.7.jar:/home/user/.m2/repository/org/apache/ratis/ratis-netty/0.5.0-201fc85-SNAPSHOT/ratis-netty-0.5.0-201fc85-SNAPSHOT.jar:/home/user/.m2/repository/org/apache/ratis/ratis-grpc/0.5.0-201fc85-SNAPSHOT/ratis-grpc-0.5.0-201fc85-SNAPSHOT.jar:/home/user/.m2/repository/org/rocksdb/rocksdbjni/6.0.1/rocksdbjni-6.0.1.jar:/home/user/.m2/repository/org/apache/logging/log4j/log4j-api/2.11.0/log4j-api-2.11.0.jar:/home/user/.m2/repository/org/apache/logging/log4j/log4j-core/2.11.0/log4j-core-2.11.0.jar:/home/user/.m2/repository/com/lmax/disruptor/3.4.2/disruptor-3.4.2.jar:/home/user/.m2/repository/org/apache/commons/commons-pool2/2.6.0/commons-pool2-2.6.0.jar:/home/user/.m2/repository/org/bouncycastle/bcpkix-jdk15on/1.60/bcpkix-jdk15on-1.60.jar:/home/user/.m2/repository/commons-validator/commons-validator/1.6/commons-validator-1.6.jar:/home/user/.m2/repository/commons-digester/commons-digester/1.8.1/commons-digester-1.8.1.jar:/home/user/.m2/repository/io/jaegertracing/jaeger-client/0.34.0/jaeger-client-0.34.0.jar:/home/user/.m2/repository/io/jaegertracing/jaeger-thrift/0.34.0/jaeger-thrift-0.34.0.jar:/home/user/.m2/repository/org/apache/thrift/libthrift/0.12.0/libthrift-0.12.0.jar:/home/user/.m2/repository/com/squareup/okhttp3/okhttp/3.9.0/okhttp-3.9.0.jar:/home/user/.m2/repository/com/squareup/okio/okio/1.13.0/okio-1.13.0.jar:/home/user/.m2/repository/io/jaegertracing/jaeger-core/0.34.0/jaeger-core-0.34.0.jar:/home/user/.m2/repository/io/jaegertracing/jaeger-tracerresolver/0.34.0/jaeger-tracerresolver-0.34.0.jar:/home/user/.m2/repository/io/opentracing/contrib/opentracing-tracerresolver/0.1.5/opentracing-tracerresolver-0.1.5.jar:/home/user/.m2/repository/io/opentracing/opentracing-util/0.31.0/opentracing-util-0.31.0.jar:/home/user/.m2/repository/io/opentracing/opentracing-api/0.31.0/opentracing-api-0.31.0.jar:/home/user/.m2/repository/io/opentracing/opentracing-noop/0.31.0/opentracing-noop-0.31.0.jar:/home/user/.m2/repository/org/apache/hadoop/hadoop-hdds-server-framework/0.5.0-SNAPSHOT/hadoop-hdds-server-framework-0.5.0-SNAPSHOT.jar:/home/user/.m2/repository/org/apache/hadoop/hadoop-hdds-container-service/0.5.0-SNAPSHOT/hadoop-hdds-container-service-0.5.0-SNAPSHOT.jar:/home/user/.m2/repository/org/apache/hadoop/hadoop-hdds-client/0.5.0-SNAPSHOT/hadoop-hdds-client-0.5.0-SNAPSHOT.jar:/home/user/.m2/repository/org/apache/hadoop/hadoop-hdds-tools/0.5.0-SNAPSHOT/hadoop-hdds-tools-0.5.0-SNAPSHOT.jar:/home/user/.m2/repository/org/apache/hadoop/hadoop-hdds-server-scm/0.5.0-SNAPSHOT/hadoop-hdds-server-scm-0.5.0-SNAPSHOT.jar:/home/user/.m2/repository/org/apache/hadoop/hadoop-hdds-docs/0.5.0-SNAPSHOT/hadoop-hdds-docs-0.5.0-SNAPSHOT.jar:/home/user/.m2/repository/io/dropwizard/metrics/metrics-core/3.2.4/metrics-core-3.2.4.jar:/home/user/.m2/repository/org/hamcrest/hamcrest-all/1.3/hamcrest-all-1.3.jar:/home/user/.m2/repository/org/bouncycastle/bcprov-jdk15on/1.60/bcprov-jdk15on-1.60.jar:/home/user/.m2/repository/info/picocli/picocli/3.9.6/picocli-3.9.6.jar:/home/user/.m2/repository/com/google/protobuf/protobuf-java/2.5.0/protobuf-java-2.5.0.jar:/home/user/.m2/repository/com/google/guava/guava/11.0.2/guava-11.0.2.jar:/home/user/.m2/repository/org/apache/hadoop/hadoop-ozone-ozone-manager/0.5.0-SNAPSHOT/hadoop-ozone-ozone-manager-0.5.0-SNAPSHOT.jar:/home/user/.m2/repository/org/apache/hadoop/hadoop-minikdc/3.2.0/hadoop-minikdc-3.2.0.jar:/home/user/.m2/repository/commons-io/commons-io/2.5/commons-io-2.5.jar:/home/user/.m2/repository/org/apache/kerby/kerb-simplekdc/1.0.1/kerb-simplekdc-1.0.1.jar:/home/user/.m2/repository/org/apache/kerby/kerb-client/1.0.1/kerb-client-1.0.1.jar:/home/user/.m2/repository/org/apache/kerby/kerby-config/1.0.1/kerby-config-1.0.1.jar:/home/user/.m2/repository/org/apache/kerby/kerb-core/1.0.1/kerb-core-1.0.1.jar:/home/user/.m2/repository/org/apache/kerby/kerby-pkix/1.0.1/kerby-pkix-1.0.1.jar:/home/user/.m2/repository/org/apache/kerby/kerby-asn1/1.0.1/kerby-asn1-1.0.1.jar:/home/user/.m2/repository/org/apache/kerby/kerby-util/1.0.1/kerby-util-1.0.1.jar:/home/user/.m2/repository/org/apache/kerby/kerb-common/1.0.1/kerb-common-1.0.1.jar:/home/user/.m2/repository/org/apache/kerby/kerb-crypto/1.0.1/kerb-crypto-1.0.1.jar:/home/user/.m2/repository/org/apache/kerby/kerb-util/1.0.1/kerb-util-1.0.1.jar:/home/user/.m2/repository/org/apache/kerby/token-provider/1.0.1/token-provider-1.0.1.jar:/home/user/.m2/repository/org/apache/kerby/kerb-admin/1.0.1/kerb-admin-1.0.1.jar:/home/user/.m2/repository/org/apache/kerby/kerb-server/1.0.1/kerb-server-1.0.1.jar:/home/user/.m2/repository/org/apache/kerby/kerb-identity/1.0.1/kerb-identity-1.0.1.jar:/home/user/.m2/repository/org/apache/kerby/kerby-xdr/1.0.1/kerby-xdr-1.0.1.jar:/home/user/.m2/repository/org/slf4j/slf4j-log4j12/1.7.25/slf4j-log4j12-1.7.25.jar:/home/user/.m2/repository/org/apache/hadoop/hadoop-ozone-s3gateway/0.5.0-SNAPSHOT/hadoop-ozone-s3gateway-0.5.0-SNAPSHOT.jar:/home/user/.m2/repository/org/jboss/weld/servlet/weld-servlet/2.4.7.Final/weld-servlet-2.4.7.Final.jar:/home/user/.m2/repository/org/glassfish/jersey/containers/jersey-container-servlet-core/2.27/jersey-container-servlet-core-2.27.jar:/home/user/.m2/repository/org/glassfish/hk2/external/javax.inject/2.5.0-b42/javax.inject-2.5.0-b42.jar:/home/user/.m2/repository/org/glassfish/jersey/core/jersey-common/2.27/jersey-common-2.27.jar:/home/user/.m2/repository/org/glassfish/hk2/osgi-resource-locator/1.0.1/osgi-resource-locator-1.0.1.jar:/home/user/.m2/repository/javax/ws/rs/javax.ws.rs-api/2.1/javax.ws.rs-api-2.1.jar:/home/user/.m2/repository/org/glassfish/jersey/ext/cdi/jersey-cdi1x/2.27/jersey-cdi1x-2.27.jar:/home/user/.m2/repository/org/glassfish/jersey/inject/jersey-hk2/2.27/jersey-hk2-2.27.jar:/home/user/.m2/repository/org/glassfish/hk2/hk2-locator/2.5.0-b42/hk2-locator-2.5.0-b42.jar:/home/user/.m2/repository/org/javassist/javassist/3.22.0-CR2/javassist-3.22.0-CR2.jar:/home/user/.m2/repository/org/glassfish/hk2/hk2-api/2.5.0/hk2-api-2.5.0.jar:/home/user/.m2/repository/org/glassfish/hk2/external/jakarta.inject/2.5.0/jakarta.inject-2.5.0.jar:/home/user/.m2/repository/org/glassfish/hk2/hk2-utils/2.5.0/hk2-utils-2.5.0.jar:/home/user/.m2/repository/jakarta/annotation/jakarta.annotation-api/1.3.4/jakarta.annotation-api-1.3.4.jar:/home/user/.m2/repository/org/glassfish/hk2/external/aopalliance-repackaged/2.5.0/aopalliance-repackaged-2.5.0.jar:/home/user/.m2/repository/com/fasterxml/jackson/dataformat/jackson-dataformat-xml/2.9.0/jackson-dataformat-xml-2.9.0.jar:/home/user/.m2/repository/com/fasterxml/jackson/core/jackson-core/2.9.9/jackson-core-2.9.9.jar:/home/user/.m2/repository/com/fasterxml/jackson/module/jackson-module-jaxb-annotations/2.9.9/jackson-module-jaxb-annotations-2.9.9.jar:/home/user/.m2/repository/javax/enterprise/cdi-api/1.2/cdi-api-1.2.jar:/home/user/.m2/repository/javax/el/javax.el-api/3.0.0/javax.el-api-3.0.0.jar:/home/user/.m2/repository/javax/interceptor/javax.interceptor-api/1.2/javax.interceptor-api-1.2.jar:/home/user/.m2/repository/javax/inject/javax.inject/1/javax.inject-1.jar:/home/user/.m2/repository/com/sun/xml/bind/jaxb-impl/2.3.0.1/jaxb-impl-2.3.0.1.jar:/home/user/.m2/repository/com/sun/xml/bind/jaxb-core/2.3.0.1/jaxb-core-2.3.0.1.jar:/home/user/.m2/repository/javax/xml/bind/jaxb-api/2.3.0/jaxb-api-2.3.0.jar:/home/user/.m2/repository/javax/activation/activation/1.1.1/activation-1.1.1.jar:/home/user/.m2/repository/org/apache/hadoop/hadoop-ozone-csi/0.5.0-SNAPSHOT/hadoop-ozone-csi-0.5.0-SNAPSHOT.jar:/home/user/.m2/repository/com/google/protobuf/protobuf-java-util/3.5.1/protobuf-java-util-3.5.1.jar:/home/user/.m2/repository/org/apache/hadoop/hadoop-hdds-config/0.5.0-SNAPSHOT/hadoop-hdds-config-0.5.0-SNAPSHOT.jar:/home/user/.m2/repository/io/grpc/grpc-netty/1.17.1/grpc-netty-1.17.1.jar:/home/user/.m2/repository/io/grpc/grpc-core/1.17.1/grpc-core-1.17.1.jar:/home/user/.m2/repository/io/grpc/grpc-context/1.17.1/grpc-context-1.17.1.jar:/home/user/.m2/repository/com/google/errorprone/error_prone_annotations/2.2.0/error_prone_annotations-2.2.0.jar:/home/user/.m2/repository/org/codehaus/mojo/animal-sniffer-annotations/1.17/animal-sniffer-annotations-1.17.jar:/home/user/.m2/repository/io/opencensus/opencensus-api/0.17.0/opencensus-api-0.17.0.jar:/home/user/.m2/repository/io/opencensus/opencensus-contrib-grpc-metrics/0.17.0/opencensus-contrib-grpc-metrics-0.17.0.jar:/home/user/.m2/repository/io/netty/netty-codec-http2/4.1.30.Final/netty-codec-http2-4.1.30.Final.jar:/home/user/.m2/repository/io/netty/netty-codec-http/4.1.30.Final/netty-codec-http-4.1.30.Final.jar:/home/user/.m2/repository/io/netty/netty-codec/4.1.30.Final/netty-codec-4.1.30.Final.jar:/home/user/.m2/repository/io/netty/netty-handler/4.1.30.Final/netty-handler-4.1.30.Final.jar:/home/user/.m2/repository/io/netty/netty-handler-proxy/4.1.30.Final/netty-handler-proxy-4.1.30.Final.jar:/home/user/.m2/repository/io/netty/netty-codec-socks/4.1.30.Final/netty-codec-socks-4.1.30.Final.jar:/home/user/.m2/repository/io/netty/netty-transport-native-epoll/4.1.30.Final/netty-transport-native-epoll-4.1.30.Final.jar:/home/user/.m2/repository/io/netty/netty-common/4.1.30.Final/netty-common-4.1.30.Final.jar:/home/user/.m2/repository/io/netty/netty-buffer/4.1.30.Final/netty-buffer-4.1.30.Final.jar:/home/user/.m2/repository/io/netty/netty-transport/4.1.30.Final/netty-transport-4.1.30.Final.jar:/home/user/.m2/repository/io/netty/netty-resolver/4.1.30.Final/netty-resolver-4.1.30.Final.jar:/home/user/.m2/repository/io/netty/netty-transport-native-unix-common/4.1.30.Final/netty-transport-native-unix-common-4.1.30.Final.jar:/home/user/.m2/repository/io/grpc/grpc-protobuf/1.17.1/grpc-protobuf-1.17.1.jar:/home/user/.m2/repository/com/google/api/grpc/proto-google-common-protos/1.0.0/proto-google-common-protos-1.0.0.jar:/home/user/.m2/repository/io/grpc/grpc-protobuf-lite/1.17.1/grpc-protobuf-lite-1.17.1.jar:/home/user/.m2/repository/io/grpc/grpc-stub/1.17.1/grpc-stub-1.17.1.jar:/home/user/.m2/repository/org/apache/hadoop/hadoop-ozone-recon/0.5.0-SNAPSHOT/hadoop-ozone-recon-0.5.0-SNAPSHOT.jar:/home/user/.m2/repository/org/apache/hadoop/hadoop-ozone-reconcodegen/0.5.0-SNAPSHOT/hadoop-ozone-reconcodegen-0.5.0-SNAPSHOT.jar:/home/user/.m2/repository/com/google/inject/extensions/guice-multibindings/4.0/guice-multibindings-4.0.jar:/home/user/.m2/repository/com/google/inject/guice/4.0/guice-4.0.jar:/home/user/.m2/repository/aopalliance/aopalliance/1.0/aopalliance-1.0.jar:/home/user/.m2/repository/com/google/inject/extensions/guice-servlet/4.0/guice-servlet-4.0.jar:/home/user/.m2/repository/org/glassfish/jersey/containers/jersey-container-servlet/2.27/jersey-container-servlet-2.27.jar:/home/user/.m2/repository/org/glassfish/hk2/guice-bridge/2.5.0/guice-bridge-2.5.0.jar:/home/user/.m2/repository/org/glassfish/jersey/core/jersey-server/2.27/jersey-server-2.27.jar:/home/user/.m2/repository/org/glassfish/jersey/core/jersey-client/2.27/jersey-client-2.27.jar:/home/user/.m2/repository/org/glassfish/jersey/media/jersey-media-jaxb/2.27/jersey-media-jaxb-2.27.jar:/home/user/.m2/repository/javax/validation/validation-api/1.1.0.Final/validation-api-1.1.0.Final.jar:/home/user/.m2/repository/org/glassfish/jersey/media/jersey-media-json-jackson/2.27/jersey-media-json-jackson-2.27.jar:/home/user/.m2/repository/org/glassfish/jersey/ext/jersey-entity-filtering/2.27/jersey-entity-filtering-2.27.jar:/home/user/.m2/repository/com/google/inject/extensions/guice-assistedinject/4.0/guice-assistedinject-4.0.jar:/home/user/.m2/repository/org/jooq/jooq/3.11.10/jooq-3.11.10.jar:/home/user/.m2/repository/org/jooq/jooq-meta/3.11.10/jooq-meta-3.11.10.jar:/home/user/.m2/repository/org/jooq/jooq-codegen/3.11.10/jooq-codegen-3.11.10.jar:/home/user/.m2/repository/com/jolbox/bonecp/0.8.0.RELEASE/bonecp-0.8.0.RELEASE.jar:/home/user/.m2/repository/org/xerial/sqlite-jdbc/3.25.2/sqlite-jdbc-3.25.2.jar:/home/user/.m2/repository/org/springframework/spring-jdbc/5.1.3.RELEASE/spring-jdbc-5.1.3.RELEASE.jar:/home/user/.m2/repository/org/springframework/spring-beans/5.1.3.RELEASE/spring-beans-5.1.3.RELEASE.jar:/home/user/.m2/repository/org/springframework/spring-core/5.1.3.RELEASE/spring-core-5.1.3.RELEASE.jar:/home/user/.m2/repository/org/springframework/spring-jcl/5.1.3.RELEASE/spring-jcl-5.1.3.RELEASE.jar:/home/user/.m2/repository/org/springframework/spring-tx/5.1.3.RELEASE/spring-tx-5.1.3.RELEASE.jar:/home/user/.m2/repository/org/apache/hadoop/hadoop-ozone-client/0.5.0-SNAPSHOT/hadoop-ozone-client-0.5.0-SNAPSHOT.jar:/home/user/.m2/repository/commons-lang/commons-lang/2.6/commons-lang-2.6.jar:/home/user/.m2/repository/org/apache/hadoop/hadoop-ozone-ozone-manager/0.5.0-SNAPSHOT/hadoop-ozone-ozone-manager-0.5.0-SNAPSHOT-tests.jar:/home/user/.m2/repository/junit/junit/4.11/junit-4.11.jar:/home/user/.m2/repository/org/hamcrest/hamcrest-core/1.3/hamcrest-core-1.3.jar:/home/user/.m2/repository/org/openjdk/jmh/jmh-core/1.19/jmh-core-1.19.jar:/home/user/.m2/repository/net/sf/jopt-simple/jopt-simple/4.6/jopt-simple-4.6.jar:/home/user/.m2/repository/org/apache/commons/commons-math3/3.1.1/commons-math3-3.1.1.jar:/home/user/.m2/repository/org/openjdk/jmh/jmh-generator-annprocess/1.19/jmh-generator-annprocess-1.19.jar:/home/user/.m2/repository/org/mockito/mockito-all/1.8.5/mockito-all-1.8.5.jar:/home/user/.m2/repository/org/apache/hadoop/hadoop-kms/3.2.0/hadoop-kms-3.2.0.jar:/home/user/.m2/repository/org/apache/hadoop/hadoop-auth/3.2.0/hadoop-auth-3.2.0.jar:/home/user/.m2/repository/com/nimbusds/nimbus-jose-jwt/4.41.1/nimbus-jose-jwt-4.41.1.jar:/home/user/.m2/repository/com/github/stephenc/jcip/jcip-annotations/1.0-1/jcip-annotations-1.0-1.jar:/home/user/.m2/repository/net/minidev/json-smart/2.3/json-smart-2.3.jar:/home/user/.m2/repository/net/minidev/accessors-smart/1.2/accessors-smart-1.2.jar:/home/user/.m2/repository/org/ow2/asm/asm/5.0.4/asm-5.0.4.jar:/home/user/.m2/repository/org/apache/curator/curator-framework/2.12.0/curator-framework-2.12.0.jar:/home/user/.m2/repository/com/sun/jersey/jersey-core/1.19/jersey-core-1.19.jar:/home/user/.m2/repository/javax/ws/rs/jsr311-api/1.1.1/jsr311-api-1.1.1.jar:/home/user/.m2/repository/com/sun/jersey/jersey-server/1.19/jersey-server-1.19.jar:/home/user/.m2/repository/javax/servlet/javax.servlet-api/3.1.0/javax.servlet-api-3.1.0.jar:/home/user/.m2/repository/org/eclipse/jetty/jetty-server/9.3.25.v20180904/jetty-server-9.3.25.v20180904.jar:/home/user/.m2/repository/org/eclipse/jetty/jetty-http/9.3.25.v20180904/jetty-http-9.3.25.v20180904.jar:/home/user/.m2/repository/org/eclipse/jetty/jetty-io/9.3.25.v20180904/jetty-io-9.3.25.v20180904.jar:/home/user/.m2/repository/org/eclipse/jetty/jetty-webapp/9.3.25.v20180904/jetty-webapp-9.3.25.v20180904.jar:/home/user/.m2/repository/org/eclipse/jetty/jetty-xml/9.3.25.v20180904/jetty-xml-9.3.25.v20180904.jar:/home/user/.m2/repository/log4j/log4j/1.2.17/log4j-1.2.17.jar:/home/user/.m2/repository/org/slf4j/slf4j-api/1.7.25/slf4j-api-1.7.25.jar:/home/user/.m2/repository/org/slf4j/jul-to-slf4j/1.7.25/jul-to-slf4j-1.7.25.jar:/home/user/.m2/repository/org/eclipse/jetty/jetty-util/9.3.25.v20180904/jetty-util-9.3.25.v20180904.jar:/home/user/.m2/repository/com/fasterxml/jackson/core/jackson-databind/2.9.9/jackson-databind-2.9.9.jar:/home/user/.m2/repository/org/apache/hadoop/hadoop-kms/3.2.0/hadoop-kms-3.2.0-tests.jar:/home/user/.m2/repository/org/apache/hadoop/hadoop-hdds-server-scm/0.5.0-SNAPSHOT/hadoop-hdds-server-scm-0.5.0-SNAPSHOT-tests.jar:/home/user/.m2/repository/org/apache/hadoop/hadoop-hdds-container-service/0.5.0-SNAPSHOT/hadoop-hdds-container-service-0.5.0-SNAPSHOT-tests.jar:/home/user/.m2/repository/org/yaml/snakeyaml/1.16/snakeyaml-1.16.jar:/home/user/.m2/repository/org/apache/hadoop/hadoop-common/3.2.0/hadoop-common-3.2.0-tests.jar:/home/user/.m2/repository/org/apache/hadoop/hadoop-annotations/3.2.0/hadoop-annotations-3.2.0.jar:/usr/lib/jvm/java-1.8-openjdk/jre/../lib/tools.jar:/home/user/.m2/repository/commons-cli/commons-cli/1.2/commons-cli-1.2.jar:/home/user/.m2/repository/org/apache/httpcomponents/httpclient/4.5.2/httpclient-4.5.2.jar:/home/user/.m2/repository/org/apache/httpcomponents/httpcore/4.4.4/httpcore-4.4.4.jar:/home/user/.m2/repository/commons-codec/commons-codec/1.11/commons-codec-1.11.jar:/home/user/.m2/repository/commons-net/commons-net/3.6/commons-net-3.6.jar:/home/user/.m2/repository/commons-collections/commons-collections/3.2.2/commons-collections-3.2.2.jar:/home/user/.m2/repository/org/eclipse/jetty/jetty-servlet/9.3.25.v20180904/jetty-servlet-9.3.25.v20180904.jar:/home/user/.m2/repository/org/eclipse/jetty/jetty-security/9.3.25.v20180904/jetty-security-9.3.25.v20180904.jar:/home/user/.m2/repository/javax/servlet/jsp/jsp-api/2.1/jsp-api-2.1.jar:/home/user/.m2/repository/com/sun/jersey/jersey-servlet/1.19/jersey-servlet-1.19.jar:/home/user/.m2/repository/com/sun/jersey/jersey-json/1.19/jersey-json-1.19.jar:/home/user/.m2/repository/org/codehaus/jettison/jettison/1.1/jettison-1.1.jar:/home/user/.m2/repository/org/codehaus/jackson/jackson-core-asl/1.9.13/jackson-core-asl-1.9.13.jar:/home/user/.m2/repository/org/codehaus/jackson/jackson-mapper-asl/1.9.13/jackson-mapper-asl-1.9.13.jar:/home/user/.m2/repository/org/codehaus/jackson/jackson-jaxrs/1.9.13/jackson-jaxrs-1.9.13.jar:/home/user/.m2/repository/org/codehaus/jackson/jackson-xc/1.9.13/jackson-xc-1.9.13.jar:/home/user/.m2/repository/commons-logging/commons-logging/1.1.3/commons-logging-1.1.3.jar:/home/user/.m2/repository/commons-beanutils/commons-beanutils/1.9.4/commons-beanutils-1.9.4.jar:/home/user/.m2/repository/org/apache/commons/commons-configuration2/2.1.1/commons-configuration2-2.1.1.jar:/home/user/.m2/repository/org/apache/commons/commons-lang3/3.7/commons-lang3-3.7.jar:/home/user/.m2/repository/org/apache/commons/commons-text/1.4/commons-text-1.4.jar:/home/user/.m2/repository/org/apache/avro/avro/1.7.7/avro-1.7.7.jar:/home/user/.m2/repository/com/thoughtworks/paranamer/paranamer/2.3/paranamer-2.3.jar:/home/user/.m2/repository/org/xerial/snappy/snappy-java/1.0.5/snappy-java-1.0.5.jar:/home/user/.m2/repository/com/google/re2j/re2j/1.1/re2j-1.1.jar:/home/user/.m2/repository/com/google/code/gson/gson/2.2.4/gson-2.2.4.jar:/home/user/.m2/repository/com/jcraft/jsch/0.1.54/jsch-0.1.54.jar:/home/user/.m2/repository/org/apache/curator/curator-client/2.12.0/curator-client-2.12.0.jar:/home/user/.m2/repository/org/apache/curator/curator-recipes/2.12.0/curator-recipes-2.12.0.jar:/home/user/.m2/repository/com/google/code/findbugs/jsr305/3.0.0/jsr305-3.0.0.jar:/home/user/.m2/repository/org/apache/htrace/htrace-core4/4.1.0-incubating/htrace-core4-4.1.0-incubating.jar:/home/user/.m2/repository/org/apache/zookeeper/zookeeper/3.4.13/zookeeper-3.4.13.jar:/home/user/.m2/repository/jline/jline/0.9.94/jline-0.9.94.jar:/home/user/.m2/repository/org/apache/yetus/audience-annotations/0.5.0/audience-annotations-0.5.0.jar:/home/user/.m2/repository/org/codehaus/woodstox/stax2-api/3.1.4/stax2-api-3.1.4.jar:/home/user/.m2/repository/com/fasterxml/woodstox/woodstox-core/5.0.3/woodstox-core-5.0.3.jar:/home/user/.m2/repository/dnsjava/dnsjava/2.1.7/dnsjava-2.1.7.jar:/home/user/.m2/repository/org/apache/hadoop/hadoop-hdfs/3.2.0/hadoop-hdfs-3.2.0-tests.jar:/home/user/.m2/repository/org/eclipse/jetty/jetty-util-ajax/9.3.25.v20180904/jetty-util-ajax-9.3.25.v20180904.jar:/home/user/.m2/repository/commons-daemon/commons-daemon/1.0.13/commons-daemon-1.0.13.jar:/home/user/.m2/repository/io/netty/netty/3.10.5.Final/netty-3.10.5.Final.jar:/home/user/.m2/repository/io/netty/netty-all/4.0.52.Final/netty-all-4.0.52.Final.jar:/home/user/.m2/repository/org/fusesource/leveldbjni/leveldbjni-all/1.8/leveldbjni-all-1.8.jar:"/>
    <property name="sun.cpu.endian" value="little"/>
    <property name="user.home" value="/home/user"/>
    <property name="user.language" value="en"/>
    <property name="java.specification.vendor" value="Oracle Corporation"/>
    <property name="java.home" value="/usr/lib/jvm/java-1.8-openjdk/jre"/>
    <property name="java.security.krb5.conf" value="/workdir/hadoop-ozone/integration-test/target/test-classes/krb5.conf"/>
    <property name="basedir" value="/workdir/hadoop-ozone/integration-test"/>
    <property name="file.separator" value="/"/>
    <property name="line.separator" value="&#10;"/>
    <property name="java.vm.specification.vendor" value="Oracle Corporation"/>
    <property name="java.specification.name" value="Java Platform API Specification"/>
    <property name="java.awt.graphicsenv" value="sun.awt.X11GraphicsEnvironment"/>
    <property name="surefire.real.class.path" value="/workdir/hadoop-ozone/integration-test/target/surefire/surefirebooter603884526432785146.jar"/>
    <property name="hadoop.log.dir" value="/workdir/hadoop-ozone/integration-test/target/log"/>
    <property name="sun.boot.class.path" value="/usr/lib/jvm/java-1.8-openjdk/jre/lib/resources.jar:/usr/lib/jvm/java-1.8-openjdk/jre/lib/rt.jar:/usr/lib/jvm/java-1.8-openjdk/jre/lib/sunrsasign.jar:/usr/lib/jvm/java-1.8-openjdk/jre/lib/jsse.jar:/usr/lib/jvm/java-1.8-openjdk/jre/lib/jce.jar:/usr/lib/jvm/java-1.8-openjdk/jre/lib/charsets.jar:/usr/lib/jvm/java-1.8-openjdk/jre/lib/jfr.jar:/usr/lib/jvm/java-1.8-openjdk/jre/classes"/>
    <property name="sun.management.compiler" value="HotSpot 64-Bit Tiered Compilers"/>
    <property name="java.runtime.version" value="1.8.0_212-b04"/>
    <property name="java.net.preferIPv4Stack" value="true"/>
    <property name="user.name" value="jenkins1000"/>
    <property name="path.separator" value=":"/>
    <property name="java.security.egd" value="file:///dev/urandom"/>
    <property name="os.version" value="3.10.0-957.12.2.el7.x86_64"/>
    <property name="java.endorsed.dirs" value="/usr/lib/jvm/java-1.8-openjdk/jre/lib/endorsed"/>
    <property name="java.runtime.name" value="OpenJDK Runtime Environment"/>
    <property name="file.encoding" value="UTF-8"/>
    <property name="java.vm.name" value="OpenJDK 64-Bit Server VM"/>
    <property name="test.build.webapps" value=""/>
    <property name="localRepository" value="/home/user/.m2/repository"/>
    <property name="java.vendor.url.bug" value="https://icedtea.classpath.org/bugzilla"/>
    <property name="java.io.tmpdir" value="/tmp"/>
    <property name="require.test.libhadoop" value=""/>
    <property name="java.version" value="1.8.0_212"/>
    <property name="user.dir" value="/workdir/hadoop-ozone/integration-test"/>
    <property name="os.arch" value="amd64"/>
    <property name="java.vm.specification.name" value="Java Virtual Machine Specification"/>
    <property name="test.build.classes" value="/workdir/hadoop-ozone/integration-test/target/test-classes"/>
    <property name="java.awt.printerjob" value="sun.print.PSPrinterJob"/>
    <property name="sun.os.patch.level" value="unknown"/>
    <property name="hadoop.tmp.dir" value="/workdir/hadoop-ozone/integration-test/target/tmp"/>
    <property name="java.library.path" value="/usr/lib/jvm/java-1.8-openjdk/jre/lib/amd64/server:/usr/lib/jvm/java-1.8-openjdk/jre/lib/amd64:/usr/lib/jvm/java-1.8-openjdk/jre/../lib/amd64:/workdir/hadoop-ozone/integration-test/target/native/target/usr/local/lib:/workdir/hadoop-ozone/integration-test/../../hadoop-common-project/hadoop-common/target/native/target/usr/local/lib:/usr/java/packages/lib/amd64:/usr/lib64:/lib64:/lib:/usr/lib"/>
    <property name="java.vm.info" value="mixed mode"/>
    <property name="java.vendor" value="IcedTea"/>
    <property name="java.vm.version" value="25.212-b04"/>
    <property name="java.ext.dirs" value="/usr/lib/jvm/java-1.8-openjdk/jre/lib/ext:/usr/java/packages/lib/ext"/>
    <property name="sun.io.unicode.encoding" value="UnicodeLittle"/>
    <property name="java.class.version" value="52.0"/>
  </properties>
  <testcase name="testWatchForCommitWithKeyWrite" classname="org.apache.hadoop.ozone.client.rpc.TestWatchForCommit" time="57.872"/>
  <testcase name="testWatchForCommitWithSmallerTimeoutValue" classname="org.apache.hadoop.ozone.client.rpc.TestWatchForCommit" time="42.967"/>
  <testcase name="testWatchForCommitForRetryfailure" classname="org.apache.hadoop.ozone.client.rpc.TestWatchForCommit" time="73.355"/>
  <testcase name="testWatchForCommitForGroupMismatchException" classname="org.apache.hadoop.ozone.client.rpc.TestWatchForCommit" time="32.495"/>
  <testcase name="test2WayCommitForTimeoutException" classname="org.apache.hadoop.ozone.client.rpc.TestWatchForCommit" time="22.518">
    <error type="java.util.concurrent.TimeoutException">java.util.concurrent.TimeoutException
	at java.util.concurrent.CompletableFuture.timedGet(CompletableFuture.java:1771)
	at java.util.concurrent.CompletableFuture.get(CompletableFuture.java:1915)
	at org.apache.hadoop.hdds.scm.XceiverClientRatis.watchForCommit(XceiverClientRatis.java:283)
	at org.apache.hadoop.ozone.client.rpc.TestWatchForCommit.test2WayCommitForTimeoutException(TestWatchForCommit.java:391)
	at sun.reflect.NativeMethodAccessorImpl.invoke0(Native Method)
	at sun.reflect.NativeMethodAccessorImpl.invoke(NativeMethodAccessorImpl.java:62)
	at sun.reflect.DelegatingMethodAccessorImpl.invoke(DelegatingMethodAccessorImpl.java:43)
	at java.lang.reflect.Method.invoke(Method.java:498)
	at org.junit.runners.model.FrameworkMethod$1.runReflectiveCall(FrameworkMethod.java:47)
	at org.junit.internal.runners.model.ReflectiveCallable.run(ReflectiveCallable.java:12)
	at org.junit.runners.model.FrameworkMethod.invokeExplosively(FrameworkMethod.java:44)
	at org.junit.internal.runners.statements.InvokeMethod.evaluate(InvokeMethod.java:17)
	at org.junit.runners.ParentRunner.runLeaf(ParentRunner.java:271)
	at org.junit.runners.BlockJUnit4ClassRunner.runChild(BlockJUnit4ClassRunner.java:70)
	at org.junit.runners.BlockJUnit4ClassRunner.runChild(BlockJUnit4ClassRunner.java:50)
	at org.junit.runners.ParentRunner$3.run(ParentRunner.java:238)
	at org.junit.runners.ParentRunner$1.schedule(ParentRunner.java:63)
	at org.junit.runners.ParentRunner.runChildren(ParentRunner.java:236)
	at org.junit.runners.ParentRunner.access$000(ParentRunner.java:53)
	at org.junit.runners.ParentRunner$2.evaluate(ParentRunner.java:229)
	at org.junit.runners.ParentRunner.run(ParentRunner.java:309)
	at org.apache.maven.surefire.junit4.JUnit4Provider.execute(JUnit4Provider.java:365)
	at org.apache.maven.surefire.junit4.JUnit4Provider.executeWithRerun(JUnit4Provider.java:273)
	at org.apache.maven.surefire.junit4.JUnit4Provider.executeTestSet(JUnit4Provider.java:238)
	at org.apache.maven.surefire.junit4.JUnit4Provider.invoke(JUnit4Provider.java:159)
	at org.apache.maven.surefire.booter.ForkedBooter.invokeProviderInSameClassLoader(ForkedBooter.java:384)
	at org.apache.maven.surefire.booter.ForkedBooter.runSuitesInProcess(ForkedBooter.java:345)
	at org.apache.maven.surefire.booter.ForkedBooter.execute(ForkedBooter.java:126)
	at org.apache.maven.surefire.booter.ForkedBooter.main(ForkedBooter.java:418)
</error>
    <system-out><![CDATA[2019-10-10 00:01:22,773 [main] WARN  server.ServerUtils (ServerUtils.java:getScmDbDir(145)) - ozone.scm.db.dirs is not configured. We recommend adding this setting. Falling back to ozone.metadata.dirs instead.
2019-10-10 00:01:22,868 [main] WARN  server.ServerUtils (ServerUtils.java:getScmDbDir(145)) - ozone.scm.db.dirs is not configured. We recommend adding this setting. Falling back to ozone.metadata.dirs instead.
2019-10-10 00:01:22,868 [main] WARN  server.ServerUtils (ServerUtils.java:getScmDbDir(145)) - ozone.scm.db.dirs is not configured. We recommend adding this setting. Falling back to ozone.metadata.dirs instead.
2019-10-10 00:01:22,869 [main] INFO  db.DBStoreBuilder (DBStoreBuilder.java:addTable(117)) - using custom profile for table: deletedBlocks
2019-10-10 00:01:22,869 [main] INFO  db.DBStoreBuilder (DBStoreBuilder.java:processTables(168)) - Using default column profile:DBProfile.DISK for Table:deletedBlocks
2019-10-10 00:01:22,870 [main] INFO  db.DBStoreBuilder (DBStoreBuilder.java:addTable(117)) - using custom profile for table: validCerts
2019-10-10 00:01:22,870 [main] INFO  db.DBStoreBuilder (DBStoreBuilder.java:processTables(168)) - Using default column profile:DBProfile.DISK for Table:validCerts
2019-10-10 00:01:22,870 [main] INFO  db.DBStoreBuilder (DBStoreBuilder.java:addTable(117)) - using custom profile for table: revokedCerts
2019-10-10 00:01:22,870 [main] INFO  db.DBStoreBuilder (DBStoreBuilder.java:processTables(168)) - Using default column profile:DBProfile.DISK for Table:revokedCerts
2019-10-10 00:01:22,871 [main] INFO  db.DBStoreBuilder (DBStoreBuilder.java:addTable(117)) - using custom profile for table: default
2019-10-10 00:01:22,871 [main] INFO  db.DBStoreBuilder (DBStoreBuilder.java:processTables(174)) - Using default column profile:DBProfile.DISK for Table:default
2019-10-10 00:01:22,871 [main] INFO  db.DBStoreBuilder (DBStoreBuilder.java:getDbProfile(205)) - Using default options. DBProfile.DISK
2019-10-10 00:01:23,000 [main] INFO  net.NodeSchemaLoader (NodeSchemaLoader.java:loadSchemaFromFile(125)) - Loading file from sun.misc.CompoundEnumeration@19f02280
2019-10-10 00:01:23,001 [main] INFO  net.NodeSchemaLoader (NodeSchemaLoader.java:loadSchema(171)) - Loading network topology layer schema file
2019-10-10 00:01:23,007 [main] WARN  server.ServerUtils (ServerUtils.java:sanitizeUserArgs(70)) - ozone.scm.stale.node.interval value = 300000 is larger than max = 100000 based on the key value of ozone.scm.heartbeat.thread.interval, reset to the max value 100000.
2019-10-10 00:01:23,007 [main] WARN  server.ServerUtils (ServerUtils.java:sanitizeUserArgs(70)) - ozone.scm.stale.node.interval value = 300000 is larger than max = 100000 based on the key value of ozone.scm.heartbeat.thread.interval, reset to the max value 100000.
2019-10-10 00:01:23,007 [main] INFO  node.SCMNodeManager (SCMNodeManager.java:<init>(116)) - Entering startup safe mode.
2019-10-10 00:01:23,008 [main] INFO  algorithms.ContainerPlacementPolicyFactory (ContainerPlacementPolicyFactory.java:getPolicy(57)) - Create container placement policy of type org.apache.hadoop.hdds.scm.container.placement.algorithms.SCMContainerPlacementRandom
2019-10-10 00:01:23,009 [main] WARN  server.ServerUtils (ServerUtils.java:getScmDbDir(145)) - ozone.scm.db.dirs is not configured. We recommend adding this setting. Falling back to ozone.metadata.dirs instead.
2019-10-10 00:01:23,049 [main] INFO  pipeline.SCMPipelineManager (SCMPipelineManager.java:initializePipelineState(132)) - No pipeline exists in current db
2019-10-10 00:01:23,050 [main] WARN  server.ServerUtils (ServerUtils.java:getScmDbDir(145)) - ozone.scm.db.dirs is not configured. We recommend adding this setting. Falling back to ozone.metadata.dirs instead.
2019-10-10 00:01:23,075 [main] WARN  events.EventQueue (EventQueue.java:fireEvent(183)) - No event handler registered for event TypedEvent{payloadType=SafeModeStatus, name='SafeModeStatus'}
2019-10-10 00:01:23,076 [main] INFO  ipc.CallQueueManager (CallQueueManager.java:<init>(84)) - Using callQueue: class java.util.concurrent.LinkedBlockingQueue, queueCapacity: 2000, scheduler: class org.apache.hadoop.ipc.DefaultRpcScheduler, ipcBackoff: false.
2019-10-10 00:01:23,077 [Socket Reader #1 for port 43031] INFO  ipc.Server (Server.java:run(1074)) - Starting Socket Reader #1 for port 43031
2019-10-10 00:01:23,079 [main] INFO  ipc.CallQueueManager (CallQueueManager.java:<init>(84)) - Using callQueue: class java.util.concurrent.LinkedBlockingQueue, queueCapacity: 2000, scheduler: class org.apache.hadoop.ipc.DefaultRpcScheduler, ipcBackoff: false.
2019-10-10 00:01:23,080 [Socket Reader #1 for port 41752] INFO  ipc.Server (Server.java:run(1074)) - Starting Socket Reader #1 for port 41752
2019-10-10 00:01:23,082 [main] INFO  ipc.CallQueueManager (CallQueueManager.java:<init>(84)) - Using callQueue: class java.util.concurrent.LinkedBlockingQueue, queueCapacity: 2000, scheduler: class org.apache.hadoop.ipc.DefaultRpcScheduler, ipcBackoff: false.
2019-10-10 00:01:23,082 [Socket Reader #1 for port 41814] INFO  ipc.Server (Server.java:run(1074)) - Starting Socket Reader #1 for port 41814
2019-10-10 00:01:23,085 [main] INFO  hdfs.DFSUtil (DFSUtil.java:httpServerTemplateForNNAndJN(1641)) - Starting Web-server for scm at: http://0.0.0.0:0
2019-10-10 00:01:23,088 [main] INFO  server.AuthenticationFilter (AuthenticationFilter.java:constructSecretProvider(240)) - Unable to initialize FileSignerSecretProvider, falling back to use random secrets.
2019-10-10 00:01:23,089 [main] WARN  http.HttpRequestLog (HttpRequestLog.java:getRequestLog(97)) - Jetty request log can only be enabled using Log4j
2019-10-10 00:01:23,091 [main] INFO  http.HttpServer2 (HttpServer2.java:addGlobalFilter(975)) - Added global filter 'safety' (class=org.apache.hadoop.http.HttpServer2$QuotingInputFilter)
2019-10-10 00:01:23,092 [main] INFO  http.HttpServer2 (HttpServer2.java:addFilter(948)) - Added filter static_user_filter (class=org.apache.hadoop.http.lib.StaticUserWebFilter$StaticUserFilter) to context scm
2019-10-10 00:01:23,092 [main] INFO  http.HttpServer2 (HttpServer2.java:addFilter(958)) - Added filter static_user_filter (class=org.apache.hadoop.http.lib.StaticUserWebFilter$StaticUserFilter) to context static
2019-10-10 00:01:23,092 [main] INFO  http.HttpServer2 (HttpServer2.java:addFilter(958)) - Added filter static_user_filter (class=org.apache.hadoop.http.lib.StaticUserWebFilter$StaticUserFilter) to context logs
2019-10-10 00:01:23,095 [main] INFO  server.StorageContainerManager (StorageContainerManager.java:start(772)) - StorageContainerLocationProtocol RPC server is listening at /0.0.0.0:41814
2019-10-10 00:01:23,098 [main] WARN  impl.MetricsConfig (MetricsConfig.java:loadFirst(134)) - Cannot locate configuration: tried hadoop-metrics2-storagecontainermanager.properties,hadoop-metrics2.properties
2019-10-10 00:01:23,099 [main] INFO  impl.MetricsSystemImpl (MetricsSystemImpl.java:startTimer(374)) - Scheduled Metric snapshot period at 10 second(s).
2019-10-10 00:01:23,099 [main] INFO  impl.MetricsSystemImpl (MetricsSystemImpl.java:start(191)) - StorageContainerManager metrics system started
2019-10-10 00:01:23,180 [main] WARN  impl.MetricsSystemImpl (MetricsSystemImpl.java:register(276)) - Sink prometheus already exists!
2019-10-10 00:01:23,266 [main] INFO  server.SCMClientProtocolServer (SCMClientProtocolServer.java:start(159)) - RPC server for Client  is listening at /0.0.0.0:41814
2019-10-10 00:01:23,266 [IPC Server Responder] INFO  ipc.Server (Server.java:run(1314)) - IPC Server Responder: starting
2019-10-10 00:01:23,266 [IPC Server listener on 41814] INFO  ipc.Server (Server.java:run(1153)) - IPC Server listener on 41814: starting
2019-10-10 00:01:23,271 [main] INFO  server.StorageContainerManager (StorageContainerManager.java:start(782)) - ScmBlockLocationProtocol RPC server is listening at /0.0.0.0:41752
2019-10-10 00:01:23,272 [main] INFO  server.SCMBlockProtocolServer (SCMBlockProtocolServer.java:start(146)) - RPC server for Block Protocol is listening at /0.0.0.0:41752
2019-10-10 00:01:23,272 [IPC Server Responder] INFO  ipc.Server (Server.java:run(1314)) - IPC Server Responder: starting
2019-10-10 00:01:23,272 [IPC Server listener on 41752] INFO  ipc.Server (Server.java:run(1153)) - IPC Server listener on 41752: starting
2019-10-10 00:01:23,277 [main] INFO  server.StorageContainerManager (StorageContainerManager.java:start(786)) - ScmDatanodeProtocl RPC server is listening at /0.0.0.0:43031
2019-10-10 00:01:23,278 [main] INFO  server.SCMDatanodeProtocolServer (SCMDatanodeProtocolServer.java:start(169)) - RPC server for DataNodes is listening at /0.0.0.0:43031
2019-10-10 00:01:23,278 [IPC Server Responder] INFO  ipc.Server (Server.java:run(1314)) - IPC Server Responder: starting
2019-10-10 00:01:23,279 [IPC Server listener on 43031] INFO  ipc.Server (Server.java:run(1153)) - IPC Server listener on 43031: starting
2019-10-10 00:01:23,282 [main] INFO  http.HttpServer2 (HttpServer2.java:bindListener(1191)) - Jetty bound to port 33146
2019-10-10 00:01:23,282 [main] INFO  server.Server (Server.java:doStart(351)) - jetty-9.3.25.v20180904, build timestamp: 2018-09-04T21:11:46Z, git hash: 3ce520221d0240229c862b122d2b06c12a625732
2019-10-10 00:01:23,283 [main] INFO  handler.ContextHandler (ContextHandler.java:doStart(781)) - Started o.e.j.s.ServletContextHandler@32507479{/logs,file:///workdir/hadoop-ozone/integration-test/target/log,AVAILABLE}
2019-10-10 00:01:23,284 [main] INFO  handler.ContextHandler (ContextHandler.java:doStart(781)) - Started o.e.j.s.ServletContextHandler@4ae2e781{/static,file:///workdir/hadoop-ozone/integration-test/target/test-classes/webapps/static,AVAILABLE}
2019-10-10 00:01:23,288 [main] INFO  handler.ContextHandler (ContextHandler.java:doStart(781)) - Started o.e.j.w.WebAppContext@6ef2f7ad{/,file:///workdir/hadoop-ozone/integration-test/target/test-classes/webapps/scm/,AVAILABLE}{/scm}
2019-10-10 00:01:23,289 [main] INFO  server.AbstractConnector (AbstractConnector.java:doStart(278)) - Started ServerConnector@22d477c2{HTTP/1.1,[http/1.1]}{0.0.0.0:33146}
2019-10-10 00:01:23,290 [main] INFO  server.Server (Server.java:doStart(419)) - Started @208218ms
2019-10-10 00:01:23,290 [main] WARN  impl.MetricsSystemImpl (MetricsSystemImpl.java:register(276)) - Sink prometheus already exists!
2019-10-10 00:01:23,291 [main] INFO  server.BaseHttpServer (BaseHttpServer.java:updateConnectorAddress(215)) - HTTP server of SCM is listening at http://0.0.0.0:33146
2019-10-10 00:01:23,292 [main] WARN  server.ServerUtils (ServerUtils.java:getDBPath(222)) - ozone.om.db.dirs is not configured. We recommend adding this setting. Falling back to ozone.metadata.dirs instead.
2019-10-10 00:01:23,292 [org.apache.hadoop.util.JvmPauseMonitor$Monitor@41def031] INFO  util.JvmPauseMonitor (JvmPauseMonitor.java:run(188)) - Starting JVM pause monitor
2019-10-10 00:01:23,307 [main] INFO  ha.OMHANodeDetails (OMHANodeDetails.java:loadOMHAConfig(190)) - Configuration either no ozone.om.address set. Falling back to the default OM address /127.0.0.1:0
2019-10-10 00:01:23,307 [main] INFO  ha.OMHANodeDetails (OMHANodeDetails.java:getOMNodeDetails(220)) - OM Service ID is not set. Setting it to the default ID: omServiceIdDefault
2019-10-10 00:01:23,307 [main] WARN  server.ServerUtils (ServerUtils.java:getDBPath(222)) - ozone.om.db.dirs is not configured. We recommend adding this setting. Falling back to ozone.metadata.dirs instead.
2019-10-10 00:01:23,308 [main] WARN  server.ServerUtils (ServerUtils.java:getDBPath(222)) - ozone.om.db.dirs is not configured. We recommend adding this setting. Falling back to ozone.metadata.dirs instead.
2019-10-10 00:01:23,317 [main] WARN  server.ServerUtils (ServerUtils.java:getDBPath(222)) - ozone.om.db.dirs is not configured. We recommend adding this setting. Falling back to ozone.metadata.dirs instead.
2019-10-10 00:01:23,318 [main] INFO  db.DBStoreBuilder (DBStoreBuilder.java:addTable(117)) - using custom profile for table: userTable
2019-10-10 00:01:23,318 [main] INFO  db.DBStoreBuilder (DBStoreBuilder.java:processTables(168)) - Using default column profile:DBProfile.DISK for Table:userTable
2019-10-10 00:01:23,318 [main] INFO  db.DBStoreBuilder (DBStoreBuilder.java:addTable(117)) - using custom profile for table: volumeTable
2019-10-10 00:01:23,319 [main] INFO  db.DBStoreBuilder (DBStoreBuilder.java:processTables(168)) - Using default column profile:DBProfile.DISK for Table:volumeTable
2019-10-10 00:01:23,319 [main] INFO  db.DBStoreBuilder (DBStoreBuilder.java:addTable(117)) - using custom profile for table: bucketTable
2019-10-10 00:01:23,319 [main] INFO  db.DBStoreBuilder (DBStoreBuilder.java:processTables(168)) - Using default column profile:DBProfile.DISK for Table:bucketTable
2019-10-10 00:01:23,319 [main] INFO  db.DBStoreBuilder (DBStoreBuilder.java:addTable(117)) - using custom profile for table: keyTable
2019-10-10 00:01:23,320 [main] INFO  db.DBStoreBuilder (DBStoreBuilder.java:processTables(168)) - Using default column profile:DBProfile.DISK for Table:keyTable
2019-10-10 00:01:23,320 [main] INFO  db.DBStoreBuilder (DBStoreBuilder.java:addTable(117)) - using custom profile for table: deletedTable
2019-10-10 00:01:23,320 [main] INFO  db.DBStoreBuilder (DBStoreBuilder.java:processTables(168)) - Using default column profile:DBProfile.DISK for Table:deletedTable
2019-10-10 00:01:23,320 [main] INFO  db.DBStoreBuilder (DBStoreBuilder.java:addTable(117)) - using custom profile for table: openKeyTable
2019-10-10 00:01:23,320 [main] INFO  db.DBStoreBuilder (DBStoreBuilder.java:processTables(168)) - Using default column profile:DBProfile.DISK for Table:openKeyTable
2019-10-10 00:01:23,321 [main] INFO  db.DBStoreBuilder (DBStoreBuilder.java:addTable(117)) - using custom profile for table: s3Table
2019-10-10 00:01:23,321 [main] INFO  db.DBStoreBuilder (DBStoreBuilder.java:processTables(168)) - Using default column profile:DBProfile.DISK for Table:s3Table
2019-10-10 00:01:23,321 [main] INFO  db.DBStoreBuilder (DBStoreBuilder.java:addTable(117)) - using custom profile for table: multipartInfoTable
2019-10-10 00:01:23,321 [main] INFO  db.DBStoreBuilder (DBStoreBuilder.java:processTables(168)) - Using default column profile:DBProfile.DISK for Table:multipartInfoTable
2019-10-10 00:01:23,322 [main] INFO  db.DBStoreBuilder (DBStoreBuilder.java:addTable(117)) - using custom profile for table: dTokenTable
2019-10-10 00:01:23,322 [main] INFO  db.DBStoreBuilder (DBStoreBuilder.java:processTables(168)) - Using default column profile:DBProfile.DISK for Table:dTokenTable
2019-10-10 00:01:23,322 [main] INFO  db.DBStoreBuilder (DBStoreBuilder.java:addTable(117)) - using custom profile for table: s3SecretTable
2019-10-10 00:01:23,322 [main] INFO  db.DBStoreBuilder (DBStoreBuilder.java:processTables(168)) - Using default column profile:DBProfile.DISK for Table:s3SecretTable
2019-10-10 00:01:23,323 [main] INFO  db.DBStoreBuilder (DBStoreBuilder.java:addTable(117)) - using custom profile for table: prefixTable
2019-10-10 00:01:23,323 [main] INFO  db.DBStoreBuilder (DBStoreBuilder.java:processTables(168)) - Using default column profile:DBProfile.DISK for Table:prefixTable
2019-10-10 00:01:23,323 [main] INFO  db.DBStoreBuilder (DBStoreBuilder.java:addTable(117)) - using custom profile for table: default
2019-10-10 00:01:23,323 [main] INFO  db.DBStoreBuilder (DBStoreBuilder.java:processTables(174)) - Using default column profile:DBProfile.DISK for Table:default
2019-10-10 00:01:23,323 [main] INFO  db.DBStoreBuilder (DBStoreBuilder.java:getDbProfile(205)) - Using default options. DBProfile.DISK
2019-10-10 00:01:24,011 [main] INFO  ipc.CallQueueManager (CallQueueManager.java:<init>(84)) - Using callQueue: class java.util.concurrent.LinkedBlockingQueue, queueCapacity: 2000, scheduler: class org.apache.hadoop.ipc.DefaultRpcScheduler, ipcBackoff: false.
2019-10-10 00:01:24,012 [Socket Reader #1 for port 45553] INFO  ipc.Server (Server.java:run(1074)) - Starting Socket Reader #1 for port 45553
2019-10-10 00:01:24,024 [main] INFO  om.OzoneManager (OzoneManager.java:start(1069)) - OzoneManager RPC server is listening at localhost/127.0.0.1:45553
2019-10-10 00:01:24,025 [main] INFO  impl.MetricsSystemImpl (MetricsSystemImpl.java:init(158)) - OzoneManager metrics system started (again)
2019-10-10 00:01:24,027 [IPC Server Responder] INFO  ipc.Server (Server.java:run(1314)) - IPC Server Responder: starting
2019-10-10 00:01:24,027 [IPC Server listener on 45553] INFO  ipc.Server (Server.java:run(1153)) - IPC Server listener on 45553: starting
2019-10-10 00:01:24,034 [main] INFO  hdfs.DFSUtil (DFSUtil.java:httpServerTemplateForNNAndJN(1641)) - Starting Web-server for ozoneManager at: http://0.0.0.0:0
2019-10-10 00:01:24,036 [main] INFO  server.AuthenticationFilter (AuthenticationFilter.java:constructSecretProvider(240)) - Unable to initialize FileSignerSecretProvider, falling back to use random secrets.
2019-10-10 00:01:24,037 [main] WARN  http.HttpRequestLog (HttpRequestLog.java:getRequestLog(97)) - Jetty request log can only be enabled using Log4j
2019-10-10 00:01:24,039 [main] INFO  http.HttpServer2 (HttpServer2.java:addGlobalFilter(975)) - Added global filter 'safety' (class=org.apache.hadoop.http.HttpServer2$QuotingInputFilter)
2019-10-10 00:01:24,040 [main] INFO  http.HttpServer2 (HttpServer2.java:addFilter(948)) - Added filter static_user_filter (class=org.apache.hadoop.http.lib.StaticUserWebFilter$StaticUserFilter) to context ozoneManager
2019-10-10 00:01:24,040 [main] INFO  http.HttpServer2 (HttpServer2.java:addFilter(958)) - Added filter static_user_filter (class=org.apache.hadoop.http.lib.StaticUserWebFilter$StaticUserFilter) to context logs
2019-10-10 00:01:24,040 [main] INFO  http.HttpServer2 (HttpServer2.java:addFilter(958)) - Added filter static_user_filter (class=org.apache.hadoop.http.lib.StaticUserWebFilter$StaticUserFilter) to context static
2019-10-10 00:01:24,041 [main] INFO  http.HttpServer2 (HttpServer2.java:bindListener(1191)) - Jetty bound to port 44102
2019-10-10 00:01:24,042 [main] INFO  server.Server (Server.java:doStart(351)) - jetty-9.3.25.v20180904, build timestamp: 2018-09-04T21:11:46Z, git hash: 3ce520221d0240229c862b122d2b06c12a625732
2019-10-10 00:01:24,044 [main] INFO  handler.ContextHandler (ContextHandler.java:doStart(781)) - Started o.e.j.s.ServletContextHandler@21f7e537{/logs,file:///workdir/hadoop-ozone/integration-test/target/log,AVAILABLE}
2019-10-10 00:01:24,044 [main] INFO  handler.ContextHandler (ContextHandler.java:doStart(781)) - Started o.e.j.s.ServletContextHandler@62b6c045{/static,file:///workdir/hadoop-ozone/integration-test/target/test-classes/webapps/static,AVAILABLE}
2019-10-10 00:01:24,049 [main] INFO  handler.ContextHandler (ContextHandler.java:doStart(781)) - Started o.e.j.w.WebAppContext@4b9c411{/,file:///workdir/hadoop-ozone/integration-test/target/test-classes/webapps/ozoneManager/,AVAILABLE}{/ozoneManager}
2019-10-10 00:01:24,050 [main] INFO  server.AbstractConnector (AbstractConnector.java:doStart(278)) - Started ServerConnector@41e9f86{HTTP/1.1,[http/1.1]}{0.0.0.0:44102}
2019-10-10 00:01:24,051 [main] INFO  server.Server (Server.java:doStart(419)) - Started @208979ms
2019-10-10 00:01:24,051 [main] WARN  impl.MetricsSystemImpl (MetricsSystemImpl.java:register(276)) - Sink prometheus already exists!
2019-10-10 00:01:24,052 [main] INFO  server.BaseHttpServer (BaseHttpServer.java:updateConnectorAddress(215)) - HTTP server of OZONEMANAGER is listening at http://0.0.0.0:44102
2019-10-10 00:01:24,070 [main] INFO  impl.MetricsSystemImpl (MetricsSystemImpl.java:init(158)) - HddsDatanode metrics system started (again)
2019-10-10 00:01:24,075 [main] INFO  ozone.HddsDatanodeService (HddsDatanodeService.java:start(184)) - HddsDatanodeService host:pr-hdds-2194-ks6jj-815731239 ip:192.168.151.98
2019-10-10 00:01:24,087 [main] INFO  volume.HddsVolume (HddsVolume.java:<init>(176)) - Creating Volume: /workdir/hadoop-ozone/integration-test/target/test-dir/MiniOzoneClusterImpl-4ac3c868-dcd7-40cc-945e-ce08398c8c7c/datanode-0/data/containers/hdds of  storage type : DISK and capacity : 1482555576320
2019-10-10 00:01:24,087 [main] INFO  volume.VolumeSet (VolumeSet.java:initializeVolumeSet(170)) - Added Volume : /workdir/hadoop-ozone/integration-test/target/test-dir/MiniOzoneClusterImpl-4ac3c868-dcd7-40cc-945e-ce08398c8c7c/datanode-0/data/containers/hdds to VolumeSet
2019-10-10 00:01:24,088 [main] INFO  volume.ThrottledAsyncChecker (ThrottledAsyncChecker.java:schedule(141)) - Scheduling a check for org.apache.hadoop.ozone.container.common.volume.HddsVolume@183fc2fa
2019-10-10 00:01:24,090 [main] INFO  volume.HddsVolumeChecker (HddsVolumeChecker.java:checkAllVolumes(204)) - Scheduled health check for volume org.apache.hadoop.ozone.container.common.volume.HddsVolume@183fc2fa
2019-10-10 00:01:24,103 [main] INFO  impl.RaftServerProxy (ConfUtils.java:logGet(43)) - raft.rpc.type = GRPC (default)
2019-10-10 00:01:24,103 [main] INFO  grpc.GrpcFactory (GrpcFactory.java:checkPooledByteBufAllocatorUseCacheForAllThreads(45)) - PERFORMANCE WARNING: useCacheForAllThreads is true that may cause Netty to create a lot garbage objects and, as a result, trigger GC.
	It is recommended to disable useCacheForAllThreads by setting -Dorg.apache.ratis.thirdparty.io.netty.allocator.useCacheForAllThreads=false in command line.
2019-10-10 00:01:24,103 [main] INFO  grpc.GrpcConfigKeys$Server (ConfUtils.java:logGet(43)) - raft.grpc.server.port = 0 (default)
2019-10-10 00:01:24,103 [main] INFO  server.GrpcService (ConfUtils.java:logGet(43)) - raft.grpc.message.size.max = 33570816 (custom)
2019-10-10 00:01:24,104 [main] INFO  server.RaftServerConfigKeys (ConfUtils.java:logGet(43)) - raft.server.log.appender.buffer.byte-limit = 33554432 (custom)
2019-10-10 00:01:24,104 [main] INFO  server.GrpcService (ConfUtils.java:logGet(43)) - raft.grpc.flow.control.window = 1MB (=1048576) (default)
2019-10-10 00:01:24,104 [main] INFO  server.RaftServerConfigKeys (ConfUtils.java:logGet(43)) - raft.server.rpc.request.timeout = 3000ms (default)
2019-10-10 00:01:24,104 [main] INFO  server.RaftServerConfigKeys (ConfUtils.java:logGet(43)) - raft.server.storage.dir = [/workdir/hadoop-ozone/integration-test/target/test-dir/MiniOzoneClusterImpl-4ac3c868-dcd7-40cc-945e-ce08398c8c7c/datanode-0/data/ratis] (custom)
2019-10-10 00:01:24,106 [main] INFO  hdfs.DFSUtil (DFSUtil.java:httpServerTemplateForNNAndJN(1641)) - Starting Web-server for hddsDatanode at: http://0.0.0.0:0
2019-10-10 00:01:24,107 [main] INFO  server.AuthenticationFilter (AuthenticationFilter.java:constructSecretProvider(240)) - Unable to initialize FileSignerSecretProvider, falling back to use random secrets.
2019-10-10 00:01:24,107 [main] WARN  http.HttpRequestLog (HttpRequestLog.java:getRequestLog(97)) - Jetty request log can only be enabled using Log4j
2019-10-10 00:01:24,108 [main] INFO  http.HttpServer2 (HttpServer2.java:addGlobalFilter(975)) - Added global filter 'safety' (class=org.apache.hadoop.http.HttpServer2$QuotingInputFilter)
2019-10-10 00:01:24,109 [main] INFO  http.HttpServer2 (HttpServer2.java:addFilter(948)) - Added filter static_user_filter (class=org.apache.hadoop.http.lib.StaticUserWebFilter$StaticUserFilter) to context hddsDatanode
2019-10-10 00:01:24,109 [main] INFO  http.HttpServer2 (HttpServer2.java:addFilter(958)) - Added filter static_user_filter (class=org.apache.hadoop.http.lib.StaticUserWebFilter$StaticUserFilter) to context logs
2019-10-10 00:01:24,109 [main] INFO  http.HttpServer2 (HttpServer2.java:addFilter(958)) - Added filter static_user_filter (class=org.apache.hadoop.http.lib.StaticUserWebFilter$StaticUserFilter) to context static
2019-10-10 00:01:24,110 [main] INFO  http.HttpServer2 (HttpServer2.java:bindListener(1191)) - Jetty bound to port 34699
2019-10-10 00:01:24,110 [main] INFO  server.Server (Server.java:doStart(351)) - jetty-9.3.25.v20180904, build timestamp: 2018-09-04T21:11:46Z, git hash: 3ce520221d0240229c862b122d2b06c12a625732
2019-10-10 00:01:24,111 [main] INFO  handler.ContextHandler (ContextHandler.java:doStart(781)) - Started o.e.j.s.ServletContextHandler@1eca3ea7{/logs,file:///workdir/hadoop-ozone/integration-test/target/log,AVAILABLE}
2019-10-10 00:01:24,111 [main] INFO  handler.ContextHandler (ContextHandler.java:doStart(781)) - Started o.e.j.s.ServletContextHandler@73a6cc79{/static,jar:file:/home/user/.m2/repository/org/apache/hadoop/hadoop-hdds-container-service/0.5.0-SNAPSHOT/hadoop-hdds-container-service-0.5.0-SNAPSHOT.jar!/webapps/static,AVAILABLE}
2019-10-10 00:01:24,137 [main] INFO  handler.ContextHandler (ContextHandler.java:doStart(781)) - Started o.e.j.w.WebAppContext@585513a8{/,file:///tmp/jetty-0.0.0.0-34699-hddsDatanode-_-any-5748979085605687038.dir/webapp/,AVAILABLE}{/hddsDatanode}
2019-10-10 00:01:24,138 [main] INFO  server.AbstractConnector (AbstractConnector.java:doStart(278)) - Started ServerConnector@7b18658a{HTTP/1.1,[http/1.1]}{0.0.0.0:34699}
2019-10-10 00:01:24,139 [main] INFO  server.Server (Server.java:doStart(419)) - Started @209067ms
2019-10-10 00:01:24,139 [main] WARN  impl.MetricsSystemImpl (MetricsSystemImpl.java:register(276)) - Sink prometheus already exists!
2019-10-10 00:01:24,140 [main] INFO  server.BaseHttpServer (BaseHttpServer.java:updateConnectorAddress(215)) - HTTP server of HDDSDATANODE is listening at http://0.0.0.0:34699
2019-10-10 00:01:24,140 [main] INFO  impl.MetricsSystemImpl (MetricsSystemImpl.java:init(158)) - HddsDatanode metrics system started (again)
2019-10-10 00:01:24,144 [org.apache.hadoop.util.JvmPauseMonitor$Monitor@7f4f7a61] INFO  util.JvmPauseMonitor (JvmPauseMonitor.java:run(188)) - Starting JVM pause monitor
2019-10-10 00:01:24,144 [main] INFO  ozone.HddsDatanodeService (HddsDatanodeService.java:start(184)) - HddsDatanodeService host:pr-hdds-2194-ks6jj-815731239 ip:192.168.151.98
2019-10-10 00:01:24,145 [Datanode State Machine Thread - 0] INFO  datanode.InitDatanodeState (InitDatanodeState.java:persistContainerDatanodeDetails(140)) - DatanodeDetails is persisted to /workdir/hadoop-ozone/integration-test/target/test-dir/MiniOzoneClusterImpl-4ac3c868-dcd7-40cc-945e-ce08398c8c7c/datanode-0/meta/datanode.id
2019-10-10 00:01:24,149 [main] INFO  volume.HddsVolume (HddsVolume.java:<init>(176)) - Creating Volume: /workdir/hadoop-ozone/integration-test/target/test-dir/MiniOzoneClusterImpl-4ac3c868-dcd7-40cc-945e-ce08398c8c7c/datanode-1/data/containers/hdds of  storage type : DISK and capacity : 1482555576320
2019-10-10 00:01:24,149 [main] INFO  volume.VolumeSet (VolumeSet.java:initializeVolumeSet(170)) - Added Volume : /workdir/hadoop-ozone/integration-test/target/test-dir/MiniOzoneClusterImpl-4ac3c868-dcd7-40cc-945e-ce08398c8c7c/datanode-1/data/containers/hdds to VolumeSet
2019-10-10 00:01:24,150 [main] INFO  volume.ThrottledAsyncChecker (ThrottledAsyncChecker.java:schedule(141)) - Scheduling a check for org.apache.hadoop.ozone.container.common.volume.HddsVolume@57186526
2019-10-10 00:01:24,150 [main] INFO  volume.HddsVolumeChecker (HddsVolumeChecker.java:checkAllVolumes(204)) - Scheduled health check for volume org.apache.hadoop.ozone.container.common.volume.HddsVolume@57186526
2019-10-10 00:01:24,162 [main] INFO  impl.RaftServerProxy (ConfUtils.java:logGet(43)) - raft.rpc.type = GRPC (default)
2019-10-10 00:01:24,162 [main] INFO  grpc.GrpcFactory (GrpcFactory.java:checkPooledByteBufAllocatorUseCacheForAllThreads(45)) - PERFORMANCE WARNING: useCacheForAllThreads is true that may cause Netty to create a lot garbage objects and, as a result, trigger GC.
	It is recommended to disable useCacheForAllThreads by setting -Dorg.apache.ratis.thirdparty.io.netty.allocator.useCacheForAllThreads=false in command line.
2019-10-10 00:01:24,162 [main] INFO  grpc.GrpcConfigKeys$Server (ConfUtils.java:logGet(43)) - raft.grpc.server.port = 0 (default)
2019-10-10 00:01:24,163 [main] INFO  server.GrpcService (ConfUtils.java:logGet(43)) - raft.grpc.message.size.max = 33570816 (custom)
2019-10-10 00:01:24,163 [main] INFO  server.RaftServerConfigKeys (ConfUtils.java:logGet(43)) - raft.server.log.appender.buffer.byte-limit = 33554432 (custom)
2019-10-10 00:01:24,163 [main] INFO  server.GrpcService (ConfUtils.java:logGet(43)) - raft.grpc.flow.control.window = 1MB (=1048576) (default)
2019-10-10 00:01:24,163 [main] INFO  server.RaftServerConfigKeys (ConfUtils.java:logGet(43)) - raft.server.rpc.request.timeout = 3000ms (default)
2019-10-10 00:01:24,163 [main] INFO  server.RaftServerConfigKeys (ConfUtils.java:logGet(43)) - raft.server.storage.dir = [/workdir/hadoop-ozone/integration-test/target/test-dir/MiniOzoneClusterImpl-4ac3c868-dcd7-40cc-945e-ce08398c8c7c/datanode-1/data/ratis] (custom)
2019-10-10 00:01:24,165 [main] INFO  hdfs.DFSUtil (DFSUtil.java:httpServerTemplateForNNAndJN(1641)) - Starting Web-server for hddsDatanode at: http://0.0.0.0:0
2019-10-10 00:01:24,166 [main] INFO  server.AuthenticationFilter (AuthenticationFilter.java:constructSecretProvider(240)) - Unable to initialize FileSignerSecretProvider, falling back to use random secrets.
2019-10-10 00:01:24,166 [main] WARN  http.HttpRequestLog (HttpRequestLog.java:getRequestLog(97)) - Jetty request log can only be enabled using Log4j
2019-10-10 00:01:24,167 [main] INFO  http.HttpServer2 (HttpServer2.java:addGlobalFilter(975)) - Added global filter 'safety' (class=org.apache.hadoop.http.HttpServer2$QuotingInputFilter)
2019-10-10 00:01:24,168 [main] INFO  http.HttpServer2 (HttpServer2.java:addFilter(948)) - Added filter static_user_filter (class=org.apache.hadoop.http.lib.StaticUserWebFilter$StaticUserFilter) to context hddsDatanode
2019-10-10 00:01:24,168 [main] INFO  http.HttpServer2 (HttpServer2.java:addFilter(958)) - Added filter static_user_filter (class=org.apache.hadoop.http.lib.StaticUserWebFilter$StaticUserFilter) to context logs
2019-10-10 00:01:24,168 [main] INFO  http.HttpServer2 (HttpServer2.java:addFilter(958)) - Added filter static_user_filter (class=org.apache.hadoop.http.lib.StaticUserWebFilter$StaticUserFilter) to context static
2019-10-10 00:01:24,168 [main] INFO  http.HttpServer2 (HttpServer2.java:bindListener(1191)) - Jetty bound to port 36711
2019-10-10 00:01:24,169 [main] INFO  server.Server (Server.java:doStart(351)) - jetty-9.3.25.v20180904, build timestamp: 2018-09-04T21:11:46Z, git hash: 3ce520221d0240229c862b122d2b06c12a625732
2019-10-10 00:01:24,170 [main] INFO  handler.ContextHandler (ContextHandler.java:doStart(781)) - Started o.e.j.s.ServletContextHandler@7c70aae1{/logs,file:///workdir/hadoop-ozone/integration-test/target/log,AVAILABLE}
2019-10-10 00:01:24,170 [main] INFO  handler.ContextHandler (ContextHandler.java:doStart(781)) - Started o.e.j.s.ServletContextHandler@6f38f084{/static,jar:file:/home/user/.m2/repository/org/apache/hadoop/hadoop-hdds-container-service/0.5.0-SNAPSHOT/hadoop-hdds-container-service-0.5.0-SNAPSHOT.jar!/webapps/static,AVAILABLE}
2019-10-10 00:01:24,197 [main] INFO  handler.ContextHandler (ContextHandler.java:doStart(781)) - Started o.e.j.w.WebAppContext@543fe698{/,file:///tmp/jetty-0.0.0.0-36711-hddsDatanode-_-any-606350991664181259.dir/webapp/,AVAILABLE}{/hddsDatanode}
2019-10-10 00:01:24,197 [main] INFO  server.AbstractConnector (AbstractConnector.java:doStart(278)) - Started ServerConnector@6b2fdffc{HTTP/1.1,[http/1.1]}{0.0.0.0:36711}
2019-10-10 00:01:24,198 [main] INFO  server.Server (Server.java:doStart(419)) - Started @209126ms
2019-10-10 00:01:24,199 [main] WARN  impl.MetricsSystemImpl (MetricsSystemImpl.java:register(276)) - Sink prometheus already exists!
2019-10-10 00:01:24,199 [main] INFO  server.BaseHttpServer (BaseHttpServer.java:updateConnectorAddress(215)) - HTTP server of HDDSDATANODE is listening at http://0.0.0.0:36711
2019-10-10 00:01:24,200 [main] INFO  impl.MetricsSystemImpl (MetricsSystemImpl.java:init(158)) - HddsDatanode metrics system started (again)
2019-10-10 00:01:24,204 [org.apache.hadoop.util.JvmPauseMonitor$Monitor@4a8e6d10] INFO  util.JvmPauseMonitor (JvmPauseMonitor.java:run(188)) - Starting JVM pause monitor
2019-10-10 00:01:24,204 [main] INFO  ozone.HddsDatanodeService (HddsDatanodeService.java:start(184)) - HddsDatanodeService host:pr-hdds-2194-ks6jj-815731239 ip:192.168.151.98
2019-10-10 00:01:24,205 [Datanode State Machine Thread - 0] INFO  datanode.InitDatanodeState (InitDatanodeState.java:persistContainerDatanodeDetails(140)) - DatanodeDetails is persisted to /workdir/hadoop-ozone/integration-test/target/test-dir/MiniOzoneClusterImpl-4ac3c868-dcd7-40cc-945e-ce08398c8c7c/datanode-1/meta/datanode.id
2019-10-10 00:01:24,210 [main] INFO  volume.HddsVolume (HddsVolume.java:<init>(176)) - Creating Volume: /workdir/hadoop-ozone/integration-test/target/test-dir/MiniOzoneClusterImpl-4ac3c868-dcd7-40cc-945e-ce08398c8c7c/datanode-2/data/containers/hdds of  storage type : DISK and capacity : 1482555576320
2019-10-10 00:01:24,210 [main] INFO  volume.VolumeSet (VolumeSet.java:initializeVolumeSet(170)) - Added Volume : /workdir/hadoop-ozone/integration-test/target/test-dir/MiniOzoneClusterImpl-4ac3c868-dcd7-40cc-945e-ce08398c8c7c/datanode-2/data/containers/hdds to VolumeSet
2019-10-10 00:01:24,210 [main] INFO  volume.ThrottledAsyncChecker (ThrottledAsyncChecker.java:schedule(141)) - Scheduling a check for org.apache.hadoop.ozone.container.common.volume.HddsVolume@515ab3f2
2019-10-10 00:01:24,211 [main] INFO  volume.HddsVolumeChecker (HddsVolumeChecker.java:checkAllVolumes(204)) - Scheduled health check for volume org.apache.hadoop.ozone.container.common.volume.HddsVolume@515ab3f2
2019-10-10 00:01:24,223 [main] INFO  impl.RaftServerProxy (ConfUtils.java:logGet(43)) - raft.rpc.type = GRPC (default)
2019-10-10 00:01:24,223 [main] INFO  grpc.GrpcFactory (GrpcFactory.java:checkPooledByteBufAllocatorUseCacheForAllThreads(45)) - PERFORMANCE WARNING: useCacheForAllThreads is true that may cause Netty to create a lot garbage objects and, as a result, trigger GC.
	It is recommended to disable useCacheForAllThreads by setting -Dorg.apache.ratis.thirdparty.io.netty.allocator.useCacheForAllThreads=false in command line.
2019-10-10 00:01:24,224 [main] INFO  grpc.GrpcConfigKeys$Server (ConfUtils.java:logGet(43)) - raft.grpc.server.port = 0 (default)
2019-10-10 00:01:24,224 [main] INFO  server.GrpcService (ConfUtils.java:logGet(43)) - raft.grpc.message.size.max = 33570816 (custom)
2019-10-10 00:01:24,224 [main] INFO  server.RaftServerConfigKeys (ConfUtils.java:logGet(43)) - raft.server.log.appender.buffer.byte-limit = 33554432 (custom)
2019-10-10 00:01:24,224 [main] INFO  server.GrpcService (ConfUtils.java:logGet(43)) - raft.grpc.flow.control.window = 1MB (=1048576) (default)
2019-10-10 00:01:24,224 [main] INFO  server.RaftServerConfigKeys (ConfUtils.java:logGet(43)) - raft.server.rpc.request.timeout = 3000ms (default)
2019-10-10 00:01:24,225 [main] INFO  server.RaftServerConfigKeys (ConfUtils.java:logGet(43)) - raft.server.storage.dir = [/workdir/hadoop-ozone/integration-test/target/test-dir/MiniOzoneClusterImpl-4ac3c868-dcd7-40cc-945e-ce08398c8c7c/datanode-2/data/ratis] (custom)
2019-10-10 00:01:24,226 [main] INFO  hdfs.DFSUtil (DFSUtil.java:httpServerTemplateForNNAndJN(1641)) - Starting Web-server for hddsDatanode at: http://0.0.0.0:0
2019-10-10 00:01:24,227 [main] INFO  server.AuthenticationFilter (AuthenticationFilter.java:constructSecretProvider(240)) - Unable to initialize FileSignerSecretProvider, falling back to use random secrets.
2019-10-10 00:01:24,228 [main] WARN  http.HttpRequestLog (HttpRequestLog.java:getRequestLog(97)) - Jetty request log can only be enabled using Log4j
2019-10-10 00:01:24,229 [main] INFO  http.HttpServer2 (HttpServer2.java:addGlobalFilter(975)) - Added global filter 'safety' (class=org.apache.hadoop.http.HttpServer2$QuotingInputFilter)
2019-10-10 00:01:24,229 [main] INFO  http.HttpServer2 (HttpServer2.java:addFilter(948)) - Added filter static_user_filter (class=org.apache.hadoop.http.lib.StaticUserWebFilter$StaticUserFilter) to context hddsDatanode
2019-10-10 00:01:24,230 [main] INFO  http.HttpServer2 (HttpServer2.java:addFilter(958)) - Added filter static_user_filter (class=org.apache.hadoop.http.lib.StaticUserWebFilter$StaticUserFilter) to context static
2019-10-10 00:01:24,230 [main] INFO  http.HttpServer2 (HttpServer2.java:addFilter(958)) - Added filter static_user_filter (class=org.apache.hadoop.http.lib.StaticUserWebFilter$StaticUserFilter) to context logs
2019-10-10 00:01:24,230 [main] INFO  http.HttpServer2 (HttpServer2.java:bindListener(1191)) - Jetty bound to port 37695
2019-10-10 00:01:24,230 [main] INFO  server.Server (Server.java:doStart(351)) - jetty-9.3.25.v20180904, build timestamp: 2018-09-04T21:11:46Z, git hash: 3ce520221d0240229c862b122d2b06c12a625732
2019-10-10 00:01:24,232 [main] INFO  handler.ContextHandler (ContextHandler.java:doStart(781)) - Started o.e.j.s.ServletContextHandler@6c951ada{/logs,file:///workdir/hadoop-ozone/integration-test/target/log,AVAILABLE}
2019-10-10 00:01:24,232 [main] INFO  handler.ContextHandler (ContextHandler.java:doStart(781)) - Started o.e.j.s.ServletContextHandler@3b0d3a63{/static,jar:file:/home/user/.m2/repository/org/apache/hadoop/hadoop-hdds-container-service/0.5.0-SNAPSHOT/hadoop-hdds-container-service-0.5.0-SNAPSHOT.jar!/webapps/static,AVAILABLE}
2019-10-10 00:01:24,274 [main] INFO  handler.ContextHandler (ContextHandler.java:doStart(781)) - Started o.e.j.w.WebAppContext@578a5ce8{/,file:///tmp/jetty-0.0.0.0-37695-hddsDatanode-_-any-195240437065951208.dir/webapp/,AVAILABLE}{/hddsDatanode}
2019-10-10 00:01:24,274 [main] INFO  server.AbstractConnector (AbstractConnector.java:doStart(278)) - Started ServerConnector@7c453c34{HTTP/1.1,[http/1.1]}{0.0.0.0:37695}
2019-10-10 00:01:24,276 [main] INFO  server.Server (Server.java:doStart(419)) - Started @209204ms
2019-10-10 00:01:24,276 [main] WARN  impl.MetricsSystemImpl (MetricsSystemImpl.java:register(276)) - Sink prometheus already exists!
2019-10-10 00:01:24,277 [main] INFO  server.BaseHttpServer (BaseHttpServer.java:updateConnectorAddress(215)) - HTTP server of HDDSDATANODE is listening at http://0.0.0.0:37695
2019-10-10 00:01:24,277 [main] INFO  impl.MetricsSystemImpl (MetricsSystemImpl.java:init(158)) - HddsDatanode metrics system started (again)
2019-10-10 00:01:24,281 [org.apache.hadoop.util.JvmPauseMonitor$Monitor@2b50a719] INFO  util.JvmPauseMonitor (JvmPauseMonitor.java:run(188)) - Starting JVM pause monitor
2019-10-10 00:01:24,282 [main] INFO  ozone.HddsDatanodeService (HddsDatanodeService.java:start(184)) - HddsDatanodeService host:pr-hdds-2194-ks6jj-815731239 ip:192.168.151.98
2019-10-10 00:01:24,282 [Datanode State Machine Thread - 0] INFO  datanode.InitDatanodeState (InitDatanodeState.java:persistContainerDatanodeDetails(140)) - DatanodeDetails is persisted to /workdir/hadoop-ozone/integration-test/target/test-dir/MiniOzoneClusterImpl-4ac3c868-dcd7-40cc-945e-ce08398c8c7c/datanode-2/meta/datanode.id
2019-10-10 00:01:24,288 [main] INFO  volume.HddsVolume (HddsVolume.java:<init>(176)) - Creating Volume: /workdir/hadoop-ozone/integration-test/target/test-dir/MiniOzoneClusterImpl-4ac3c868-dcd7-40cc-945e-ce08398c8c7c/datanode-3/data/containers/hdds of  storage type : DISK and capacity : 1482555576320
2019-10-10 00:01:24,288 [main] INFO  volume.VolumeSet (VolumeSet.java:initializeVolumeSet(170)) - Added Volume : /workdir/hadoop-ozone/integration-test/target/test-dir/MiniOzoneClusterImpl-4ac3c868-dcd7-40cc-945e-ce08398c8c7c/datanode-3/data/containers/hdds to VolumeSet
2019-10-10 00:01:24,289 [main] INFO  volume.ThrottledAsyncChecker (ThrottledAsyncChecker.java:schedule(141)) - Scheduling a check for org.apache.hadoop.ozone.container.common.volume.HddsVolume@216372b7
2019-10-10 00:01:24,289 [main] INFO  volume.HddsVolumeChecker (HddsVolumeChecker.java:checkAllVolumes(204)) - Scheduled health check for volume org.apache.hadoop.ozone.container.common.volume.HddsVolume@216372b7
2019-10-10 00:01:24,302 [main] INFO  impl.RaftServerProxy (ConfUtils.java:logGet(43)) - raft.rpc.type = GRPC (default)
2019-10-10 00:01:24,302 [main] INFO  grpc.GrpcFactory (GrpcFactory.java:checkPooledByteBufAllocatorUseCacheForAllThreads(45)) - PERFORMANCE WARNING: useCacheForAllThreads is true that may cause Netty to create a lot garbage objects and, as a result, trigger GC.
	It is recommended to disable useCacheForAllThreads by setting -Dorg.apache.ratis.thirdparty.io.netty.allocator.useCacheForAllThreads=false in command line.
2019-10-10 00:01:24,302 [main] INFO  grpc.GrpcConfigKeys$Server (ConfUtils.java:logGet(43)) - raft.grpc.server.port = 0 (default)
2019-10-10 00:01:24,302 [main] INFO  server.GrpcService (ConfUtils.java:logGet(43)) - raft.grpc.message.size.max = 33570816 (custom)
2019-10-10 00:01:24,303 [main] INFO  server.RaftServerConfigKeys (ConfUtils.java:logGet(43)) - raft.server.log.appender.buffer.byte-limit = 33554432 (custom)
2019-10-10 00:01:24,303 [main] INFO  server.GrpcService (ConfUtils.java:logGet(43)) - raft.grpc.flow.control.window = 1MB (=1048576) (default)
2019-10-10 00:01:24,303 [main] INFO  server.RaftServerConfigKeys (ConfUtils.java:logGet(43)) - raft.server.rpc.request.timeout = 3000ms (default)
2019-10-10 00:01:24,303 [main] INFO  server.RaftServerConfigKeys (ConfUtils.java:logGet(43)) - raft.server.storage.dir = [/workdir/hadoop-ozone/integration-test/target/test-dir/MiniOzoneClusterImpl-4ac3c868-dcd7-40cc-945e-ce08398c8c7c/datanode-3/data/ratis] (custom)
2019-10-10 00:01:24,305 [main] INFO  hdfs.DFSUtil (DFSUtil.java:httpServerTemplateForNNAndJN(1641)) - Starting Web-server for hddsDatanode at: http://0.0.0.0:0
2019-10-10 00:01:24,306 [main] INFO  server.AuthenticationFilter (AuthenticationFilter.java:constructSecretProvider(240)) - Unable to initialize FileSignerSecretProvider, falling back to use random secrets.
2019-10-10 00:01:24,306 [main] WARN  http.HttpRequestLog (HttpRequestLog.java:getRequestLog(97)) - Jetty request log can only be enabled using Log4j
2019-10-10 00:01:24,307 [main] INFO  http.HttpServer2 (HttpServer2.java:addGlobalFilter(975)) - Added global filter 'safety' (class=org.apache.hadoop.http.HttpServer2$QuotingInputFilter)
2019-10-10 00:01:24,308 [main] INFO  http.HttpServer2 (HttpServer2.java:addFilter(948)) - Added filter static_user_filter (class=org.apache.hadoop.http.lib.StaticUserWebFilter$StaticUserFilter) to context hddsDatanode
2019-10-10 00:01:24,308 [main] INFO  http.HttpServer2 (HttpServer2.java:addFilter(958)) - Added filter static_user_filter (class=org.apache.hadoop.http.lib.StaticUserWebFilter$StaticUserFilter) to context static
2019-10-10 00:01:24,308 [main] INFO  http.HttpServer2 (HttpServer2.java:addFilter(958)) - Added filter static_user_filter (class=org.apache.hadoop.http.lib.StaticUserWebFilter$StaticUserFilter) to context logs
2019-10-10 00:01:24,309 [main] INFO  http.HttpServer2 (HttpServer2.java:bindListener(1191)) - Jetty bound to port 39330
2019-10-10 00:01:24,309 [main] INFO  server.Server (Server.java:doStart(351)) - jetty-9.3.25.v20180904, build timestamp: 2018-09-04T21:11:46Z, git hash: 3ce520221d0240229c862b122d2b06c12a625732
2019-10-10 00:01:24,311 [main] INFO  handler.ContextHandler (ContextHandler.java:doStart(781)) - Started o.e.j.s.ServletContextHandler@11e9ac24{/logs,file:///workdir/hadoop-ozone/integration-test/target/log,AVAILABLE}
2019-10-10 00:01:24,311 [main] INFO  handler.ContextHandler (ContextHandler.java:doStart(781)) - Started o.e.j.s.ServletContextHandler@675b18ff{/static,jar:file:/home/user/.m2/repository/org/apache/hadoop/hadoop-hdds-container-service/0.5.0-SNAPSHOT/hadoop-hdds-container-service-0.5.0-SNAPSHOT.jar!/webapps/static,AVAILABLE}
2019-10-10 00:01:24,344 [main] INFO  handler.ContextHandler (ContextHandler.java:doStart(781)) - Started o.e.j.w.WebAppContext@4270b142{/,file:///tmp/jetty-0.0.0.0-39330-hddsDatanode-_-any-2397450482443592381.dir/webapp/,AVAILABLE}{/hddsDatanode}
2019-10-10 00:01:24,345 [main] INFO  server.AbstractConnector (AbstractConnector.java:doStart(278)) - Started ServerConnector@2dfa02c1{HTTP/1.1,[http/1.1]}{0.0.0.0:39330}
2019-10-10 00:01:24,346 [main] INFO  server.Server (Server.java:doStart(419)) - Started @209275ms
2019-10-10 00:01:24,347 [main] WARN  impl.MetricsSystemImpl (MetricsSystemImpl.java:register(276)) - Sink prometheus already exists!
2019-10-10 00:01:24,348 [main] INFO  server.BaseHttpServer (BaseHttpServer.java:updateConnectorAddress(215)) - HTTP server of HDDSDATANODE is listening at http://0.0.0.0:39330
2019-10-10 00:01:24,348 [main] INFO  impl.MetricsSystemImpl (MetricsSystemImpl.java:init(158)) - HddsDatanode metrics system started (again)
2019-10-10 00:01:24,352 [org.apache.hadoop.util.JvmPauseMonitor$Monitor@3789f45d] INFO  util.JvmPauseMonitor (JvmPauseMonitor.java:run(188)) - Starting JVM pause monitor
2019-10-10 00:01:24,353 [main] INFO  ozone.HddsDatanodeService (HddsDatanodeService.java:start(184)) - HddsDatanodeService host:pr-hdds-2194-ks6jj-815731239 ip:192.168.151.98
2019-10-10 00:01:24,354 [Datanode State Machine Thread - 0] INFO  datanode.InitDatanodeState (InitDatanodeState.java:persistContainerDatanodeDetails(140)) - DatanodeDetails is persisted to /workdir/hadoop-ozone/integration-test/target/test-dir/MiniOzoneClusterImpl-4ac3c868-dcd7-40cc-945e-ce08398c8c7c/datanode-3/meta/datanode.id
2019-10-10 00:01:24,358 [main] INFO  volume.HddsVolume (HddsVolume.java:<init>(176)) - Creating Volume: /workdir/hadoop-ozone/integration-test/target/test-dir/MiniOzoneClusterImpl-4ac3c868-dcd7-40cc-945e-ce08398c8c7c/datanode-4/data/containers/hdds of  storage type : DISK and capacity : 1482555576320
2019-10-10 00:01:24,358 [main] INFO  volume.VolumeSet (VolumeSet.java:initializeVolumeSet(170)) - Added Volume : /workdir/hadoop-ozone/integration-test/target/test-dir/MiniOzoneClusterImpl-4ac3c868-dcd7-40cc-945e-ce08398c8c7c/datanode-4/data/containers/hdds to VolumeSet
2019-10-10 00:01:24,359 [main] INFO  volume.ThrottledAsyncChecker (ThrottledAsyncChecker.java:schedule(141)) - Scheduling a check for org.apache.hadoop.ozone.container.common.volume.HddsVolume@62a6674f
2019-10-10 00:01:24,359 [main] INFO  volume.HddsVolumeChecker (HddsVolumeChecker.java:checkAllVolumes(204)) - Scheduled health check for volume org.apache.hadoop.ozone.container.common.volume.HddsVolume@62a6674f
2019-10-10 00:01:24,371 [main] INFO  impl.RaftServerProxy (ConfUtils.java:logGet(43)) - raft.rpc.type = GRPC (default)
2019-10-10 00:01:24,371 [main] INFO  grpc.GrpcFactory (GrpcFactory.java:checkPooledByteBufAllocatorUseCacheForAllThreads(45)) - PERFORMANCE WARNING: useCacheForAllThreads is true that may cause Netty to create a lot garbage objects and, as a result, trigger GC.
	It is recommended to disable useCacheForAllThreads by setting -Dorg.apache.ratis.thirdparty.io.netty.allocator.useCacheForAllThreads=false in command line.
2019-10-10 00:01:24,371 [main] INFO  grpc.GrpcConfigKeys$Server (ConfUtils.java:logGet(43)) - raft.grpc.server.port = 0 (default)
2019-10-10 00:01:24,371 [main] INFO  server.GrpcService (ConfUtils.java:logGet(43)) - raft.grpc.message.size.max = 33570816 (custom)
2019-10-10 00:01:24,372 [main] INFO  server.RaftServerConfigKeys (ConfUtils.java:logGet(43)) - raft.server.log.appender.buffer.byte-limit = 33554432 (custom)
2019-10-10 00:01:24,372 [main] INFO  server.GrpcService (ConfUtils.java:logGet(43)) - raft.grpc.flow.control.window = 1MB (=1048576) (default)
2019-10-10 00:01:24,372 [main] INFO  server.RaftServerConfigKeys (ConfUtils.java:logGet(43)) - raft.server.rpc.request.timeout = 3000ms (default)
2019-10-10 00:01:24,372 [main] INFO  server.RaftServerConfigKeys (ConfUtils.java:logGet(43)) - raft.server.storage.dir = [/workdir/hadoop-ozone/integration-test/target/test-dir/MiniOzoneClusterImpl-4ac3c868-dcd7-40cc-945e-ce08398c8c7c/datanode-4/data/ratis] (custom)
2019-10-10 00:01:24,373 [main] INFO  hdfs.DFSUtil (DFSUtil.java:httpServerTemplateForNNAndJN(1641)) - Starting Web-server for hddsDatanode at: http://0.0.0.0:0
2019-10-10 00:01:24,375 [main] INFO  server.AuthenticationFilter (AuthenticationFilter.java:constructSecretProvider(240)) - Unable to initialize FileSignerSecretProvider, falling back to use random secrets.
2019-10-10 00:01:24,375 [main] WARN  http.HttpRequestLog (HttpRequestLog.java:getRequestLog(97)) - Jetty request log can only be enabled using Log4j
2019-10-10 00:01:24,376 [main] INFO  http.HttpServer2 (HttpServer2.java:addGlobalFilter(975)) - Added global filter 'safety' (class=org.apache.hadoop.http.HttpServer2$QuotingInputFilter)
2019-10-10 00:01:24,377 [main] INFO  http.HttpServer2 (HttpServer2.java:addFilter(948)) - Added filter static_user_filter (class=org.apache.hadoop.http.lib.StaticUserWebFilter$StaticUserFilter) to context hddsDatanode
2019-10-10 00:01:24,377 [main] INFO  http.HttpServer2 (HttpServer2.java:addFilter(958)) - Added filter static_user_filter (class=org.apache.hadoop.http.lib.StaticUserWebFilter$StaticUserFilter) to context logs
2019-10-10 00:01:24,377 [main] INFO  http.HttpServer2 (HttpServer2.java:addFilter(958)) - Added filter static_user_filter (class=org.apache.hadoop.http.lib.StaticUserWebFilter$StaticUserFilter) to context static
2019-10-10 00:01:24,378 [main] INFO  http.HttpServer2 (HttpServer2.java:bindListener(1191)) - Jetty bound to port 34498
2019-10-10 00:01:24,378 [main] INFO  server.Server (Server.java:doStart(351)) - jetty-9.3.25.v20180904, build timestamp: 2018-09-04T21:11:46Z, git hash: 3ce520221d0240229c862b122d2b06c12a625732
2019-10-10 00:01:24,379 [main] INFO  handler.ContextHandler (ContextHandler.java:doStart(781)) - Started o.e.j.s.ServletContextHandler@52354202{/logs,file:///workdir/hadoop-ozone/integration-test/target/log,AVAILABLE}
2019-10-10 00:01:24,380 [main] INFO  handler.ContextHandler (ContextHandler.java:doStart(781)) - Started o.e.j.s.ServletContextHandler@342ee097{/static,jar:file:/home/user/.m2/repository/org/apache/hadoop/hadoop-hdds-container-service/0.5.0-SNAPSHOT/hadoop-hdds-container-service-0.5.0-SNAPSHOT.jar!/webapps/static,AVAILABLE}
2019-10-10 00:01:24,422 [main] INFO  handler.ContextHandler (ContextHandler.java:doStart(781)) - Started o.e.j.w.WebAppContext@28d739f1{/,file:///tmp/jetty-0.0.0.0-34498-hddsDatanode-_-any-5795452295435780474.dir/webapp/,AVAILABLE}{/hddsDatanode}
2019-10-10 00:01:24,422 [main] INFO  server.AbstractConnector (AbstractConnector.java:doStart(278)) - Started ServerConnector@1c5d3a37{HTTP/1.1,[http/1.1]}{0.0.0.0:34498}
2019-10-10 00:01:24,423 [main] INFO  server.Server (Server.java:doStart(419)) - Started @209351ms
2019-10-10 00:01:24,423 [main] WARN  impl.MetricsSystemImpl (MetricsSystemImpl.java:register(276)) - Sink prometheus already exists!
2019-10-10 00:01:24,424 [main] INFO  server.BaseHttpServer (BaseHttpServer.java:updateConnectorAddress(215)) - HTTP server of HDDSDATANODE is listening at http://0.0.0.0:34498
2019-10-10 00:01:24,425 [main] INFO  impl.MetricsSystemImpl (MetricsSystemImpl.java:init(158)) - HddsDatanode metrics system started (again)
2019-10-10 00:01:24,432 [org.apache.hadoop.util.JvmPauseMonitor$Monitor@28cbb0d1] INFO  util.JvmPauseMonitor (JvmPauseMonitor.java:run(188)) - Starting JVM pause monitor
2019-10-10 00:01:24,434 [Datanode State Machine Thread - 0] INFO  datanode.InitDatanodeState (InitDatanodeState.java:persistContainerDatanodeDetails(140)) - DatanodeDetails is persisted to /workdir/hadoop-ozone/integration-test/target/test-dir/MiniOzoneClusterImpl-4ac3c868-dcd7-40cc-945e-ce08398c8c7c/datanode-4/meta/datanode.id
2019-10-10 00:01:24,434 [main] INFO  ozone.HddsDatanodeService (HddsDatanodeService.java:start(184)) - HddsDatanodeService host:pr-hdds-2194-ks6jj-815731239 ip:192.168.151.98
2019-10-10 00:01:24,440 [main] INFO  volume.HddsVolume (HddsVolume.java:<init>(176)) - Creating Volume: /workdir/hadoop-ozone/integration-test/target/test-dir/MiniOzoneClusterImpl-4ac3c868-dcd7-40cc-945e-ce08398c8c7c/datanode-5/data/containers/hdds of  storage type : DISK and capacity : 1482555576320
2019-10-10 00:01:24,440 [main] INFO  volume.VolumeSet (VolumeSet.java:initializeVolumeSet(170)) - Added Volume : /workdir/hadoop-ozone/integration-test/target/test-dir/MiniOzoneClusterImpl-4ac3c868-dcd7-40cc-945e-ce08398c8c7c/datanode-5/data/containers/hdds to VolumeSet
2019-10-10 00:01:24,441 [main] INFO  volume.ThrottledAsyncChecker (ThrottledAsyncChecker.java:schedule(141)) - Scheduling a check for org.apache.hadoop.ozone.container.common.volume.HddsVolume@6889f56f
2019-10-10 00:01:24,442 [main] INFO  volume.HddsVolumeChecker (HddsVolumeChecker.java:checkAllVolumes(204)) - Scheduled health check for volume org.apache.hadoop.ozone.container.common.volume.HddsVolume@6889f56f
2019-10-10 00:01:24,461 [main] INFO  impl.RaftServerProxy (ConfUtils.java:logGet(43)) - raft.rpc.type = GRPC (default)
2019-10-10 00:01:24,461 [main] INFO  grpc.GrpcFactory (GrpcFactory.java:checkPooledByteBufAllocatorUseCacheForAllThreads(45)) - PERFORMANCE WARNING: useCacheForAllThreads is true that may cause Netty to create a lot garbage objects and, as a result, trigger GC.
	It is recommended to disable useCacheForAllThreads by setting -Dorg.apache.ratis.thirdparty.io.netty.allocator.useCacheForAllThreads=false in command line.
2019-10-10 00:01:24,462 [main] INFO  grpc.GrpcConfigKeys$Server (ConfUtils.java:logGet(43)) - raft.grpc.server.port = 0 (default)
2019-10-10 00:01:24,462 [main] INFO  server.GrpcService (ConfUtils.java:logGet(43)) - raft.grpc.message.size.max = 33570816 (custom)
2019-10-10 00:01:24,462 [main] INFO  server.RaftServerConfigKeys (ConfUtils.java:logGet(43)) - raft.server.log.appender.buffer.byte-limit = 33554432 (custom)
2019-10-10 00:01:24,463 [main] INFO  server.GrpcService (ConfUtils.java:logGet(43)) - raft.grpc.flow.control.window = 1MB (=1048576) (default)
2019-10-10 00:01:24,463 [main] INFO  server.RaftServerConfigKeys (ConfUtils.java:logGet(43)) - raft.server.rpc.request.timeout = 3000ms (default)
2019-10-10 00:01:24,463 [main] INFO  server.RaftServerConfigKeys (ConfUtils.java:logGet(43)) - raft.server.storage.dir = [/workdir/hadoop-ozone/integration-test/target/test-dir/MiniOzoneClusterImpl-4ac3c868-dcd7-40cc-945e-ce08398c8c7c/datanode-5/data/ratis] (custom)
2019-10-10 00:01:24,465 [main] INFO  hdfs.DFSUtil (DFSUtil.java:httpServerTemplateForNNAndJN(1641)) - Starting Web-server for hddsDatanode at: http://0.0.0.0:0
2019-10-10 00:01:24,466 [main] INFO  server.AuthenticationFilter (AuthenticationFilter.java:constructSecretProvider(240)) - Unable to initialize FileSignerSecretProvider, falling back to use random secrets.
2019-10-10 00:01:24,467 [main] WARN  http.HttpRequestLog (HttpRequestLog.java:getRequestLog(97)) - Jetty request log can only be enabled using Log4j
2019-10-10 00:01:24,469 [main] INFO  http.HttpServer2 (HttpServer2.java:addGlobalFilter(975)) - Added global filter 'safety' (class=org.apache.hadoop.http.HttpServer2$QuotingInputFilter)
2019-10-10 00:01:24,469 [main] INFO  http.HttpServer2 (HttpServer2.java:addFilter(948)) - Added filter static_user_filter (class=org.apache.hadoop.http.lib.StaticUserWebFilter$StaticUserFilter) to context hddsDatanode
2019-10-10 00:01:24,470 [main] INFO  http.HttpServer2 (HttpServer2.java:addFilter(958)) - Added filter static_user_filter (class=org.apache.hadoop.http.lib.StaticUserWebFilter$StaticUserFilter) to context logs
2019-10-10 00:01:24,470 [main] INFO  http.HttpServer2 (HttpServer2.java:addFilter(958)) - Added filter static_user_filter (class=org.apache.hadoop.http.lib.StaticUserWebFilter$StaticUserFilter) to context static
2019-10-10 00:01:24,471 [main] INFO  http.HttpServer2 (HttpServer2.java:bindListener(1191)) - Jetty bound to port 39854
2019-10-10 00:01:24,471 [main] INFO  server.Server (Server.java:doStart(351)) - jetty-9.3.25.v20180904, build timestamp: 2018-09-04T21:11:46Z, git hash: 3ce520221d0240229c862b122d2b06c12a625732
2019-10-10 00:01:24,473 [main] INFO  handler.ContextHandler (ContextHandler.java:doStart(781)) - Started o.e.j.s.ServletContextHandler@5d850a25{/logs,file:///workdir/hadoop-ozone/integration-test/target/log,AVAILABLE}
2019-10-10 00:01:24,473 [main] INFO  handler.ContextHandler (ContextHandler.java:doStart(781)) - Started o.e.j.s.ServletContextHandler@3e14d390{/static,jar:file:/home/user/.m2/repository/org/apache/hadoop/hadoop-hdds-container-service/0.5.0-SNAPSHOT/hadoop-hdds-container-service-0.5.0-SNAPSHOT.jar!/webapps/static,AVAILABLE}
2019-10-10 00:01:24,521 [main] INFO  handler.ContextHandler (ContextHandler.java:doStart(781)) - Started o.e.j.w.WebAppContext@4137aab0{/,file:///tmp/jetty-0.0.0.0-39854-hddsDatanode-_-any-1663243802437908956.dir/webapp/,AVAILABLE}{/hddsDatanode}
2019-10-10 00:01:24,521 [main] INFO  server.AbstractConnector (AbstractConnector.java:doStart(278)) - Started ServerConnector@1df9186f{HTTP/1.1,[http/1.1]}{0.0.0.0:39854}
2019-10-10 00:01:24,523 [main] INFO  server.Server (Server.java:doStart(419)) - Started @209451ms
2019-10-10 00:01:24,523 [main] WARN  impl.MetricsSystemImpl (MetricsSystemImpl.java:register(276)) - Sink prometheus already exists!
2019-10-10 00:01:24,524 [main] INFO  server.BaseHttpServer (BaseHttpServer.java:updateConnectorAddress(215)) - HTTP server of HDDSDATANODE is listening at http://0.0.0.0:39854
2019-10-10 00:01:24,524 [main] INFO  impl.MetricsSystemImpl (MetricsSystemImpl.java:init(158)) - HddsDatanode metrics system started (again)
2019-10-10 00:01:24,532 [org.apache.hadoop.util.JvmPauseMonitor$Monitor@4807707f] INFO  util.JvmPauseMonitor (JvmPauseMonitor.java:run(188)) - Starting JVM pause monitor
2019-10-10 00:01:24,533 [Datanode State Machine Thread - 0] INFO  datanode.InitDatanodeState (InitDatanodeState.java:persistContainerDatanodeDetails(140)) - DatanodeDetails is persisted to /workdir/hadoop-ozone/integration-test/target/test-dir/MiniOzoneClusterImpl-4ac3c868-dcd7-40cc-945e-ce08398c8c7c/datanode-5/meta/datanode.id
2019-10-10 00:01:24,533 [main] INFO  ozone.HddsDatanodeService (HddsDatanodeService.java:start(184)) - HddsDatanodeService host:pr-hdds-2194-ks6jj-815731239 ip:192.168.151.98
2019-10-10 00:01:24,541 [main] INFO  volume.HddsVolume (HddsVolume.java:<init>(176)) - Creating Volume: /workdir/hadoop-ozone/integration-test/target/test-dir/MiniOzoneClusterImpl-4ac3c868-dcd7-40cc-945e-ce08398c8c7c/datanode-6/data/containers/hdds of  storage type : DISK and capacity : 1482555576320
2019-10-10 00:01:24,541 [main] INFO  volume.VolumeSet (VolumeSet.java:initializeVolumeSet(170)) - Added Volume : /workdir/hadoop-ozone/integration-test/target/test-dir/MiniOzoneClusterImpl-4ac3c868-dcd7-40cc-945e-ce08398c8c7c/datanode-6/data/containers/hdds to VolumeSet
2019-10-10 00:01:24,542 [main] INFO  volume.ThrottledAsyncChecker (ThrottledAsyncChecker.java:schedule(141)) - Scheduling a check for org.apache.hadoop.ozone.container.common.volume.HddsVolume@21e5f0b6
2019-10-10 00:01:24,542 [main] INFO  volume.HddsVolumeChecker (HddsVolumeChecker.java:checkAllVolumes(204)) - Scheduled health check for volume org.apache.hadoop.ozone.container.common.volume.HddsVolume@21e5f0b6
2019-10-10 00:01:24,562 [main] INFO  impl.RaftServerProxy (ConfUtils.java:logGet(43)) - raft.rpc.type = GRPC (default)
2019-10-10 00:01:24,562 [main] INFO  grpc.GrpcFactory (GrpcFactory.java:checkPooledByteBufAllocatorUseCacheForAllThreads(45)) - PERFORMANCE WARNING: useCacheForAllThreads is true that may cause Netty to create a lot garbage objects and, as a result, trigger GC.
	It is recommended to disable useCacheForAllThreads by setting -Dorg.apache.ratis.thirdparty.io.netty.allocator.useCacheForAllThreads=false in command line.
2019-10-10 00:01:24,562 [main] INFO  grpc.GrpcConfigKeys$Server (ConfUtils.java:logGet(43)) - raft.grpc.server.port = 0 (default)
2019-10-10 00:01:24,563 [main] INFO  server.GrpcService (ConfUtils.java:logGet(43)) - raft.grpc.message.size.max = 33570816 (custom)
2019-10-10 00:01:24,563 [main] INFO  server.RaftServerConfigKeys (ConfUtils.java:logGet(43)) - raft.server.log.appender.buffer.byte-limit = 33554432 (custom)
2019-10-10 00:01:24,563 [main] INFO  server.GrpcService (ConfUtils.java:logGet(43)) - raft.grpc.flow.control.window = 1MB (=1048576) (default)
2019-10-10 00:01:24,563 [main] INFO  server.RaftServerConfigKeys (ConfUtils.java:logGet(43)) - raft.server.rpc.request.timeout = 3000ms (default)
2019-10-10 00:01:24,564 [main] INFO  server.RaftServerConfigKeys (ConfUtils.java:logGet(43)) - raft.server.storage.dir = [/workdir/hadoop-ozone/integration-test/target/test-dir/MiniOzoneClusterImpl-4ac3c868-dcd7-40cc-945e-ce08398c8c7c/datanode-6/data/ratis] (custom)
2019-10-10 00:01:24,566 [main] INFO  hdfs.DFSUtil (DFSUtil.java:httpServerTemplateForNNAndJN(1641)) - Starting Web-server for hddsDatanode at: http://0.0.0.0:0
2019-10-10 00:01:24,567 [main] INFO  server.AuthenticationFilter (AuthenticationFilter.java:constructSecretProvider(240)) - Unable to initialize FileSignerSecretProvider, falling back to use random secrets.
2019-10-10 00:01:24,568 [main] WARN  http.HttpRequestLog (HttpRequestLog.java:getRequestLog(97)) - Jetty request log can only be enabled using Log4j
2019-10-10 00:01:24,570 [main] INFO  http.HttpServer2 (HttpServer2.java:addGlobalFilter(975)) - Added global filter 'safety' (class=org.apache.hadoop.http.HttpServer2$QuotingInputFilter)
2019-10-10 00:01:24,570 [main] INFO  http.HttpServer2 (HttpServer2.java:addFilter(948)) - Added filter static_user_filter (class=org.apache.hadoop.http.lib.StaticUserWebFilter$StaticUserFilter) to context hddsDatanode
2019-10-10 00:01:24,570 [main] INFO  http.HttpServer2 (HttpServer2.java:addFilter(958)) - Added filter static_user_filter (class=org.apache.hadoop.http.lib.StaticUserWebFilter$StaticUserFilter) to context logs
2019-10-10 00:01:24,571 [main] INFO  http.HttpServer2 (HttpServer2.java:addFilter(958)) - Added filter static_user_filter (class=org.apache.hadoop.http.lib.StaticUserWebFilter$StaticUserFilter) to context static
2019-10-10 00:01:24,571 [main] INFO  http.HttpServer2 (HttpServer2.java:bindListener(1191)) - Jetty bound to port 39040
2019-10-10 00:01:24,571 [main] INFO  server.Server (Server.java:doStart(351)) - jetty-9.3.25.v20180904, build timestamp: 2018-09-04T21:11:46Z, git hash: 3ce520221d0240229c862b122d2b06c12a625732
2019-10-10 00:01:24,573 [main] INFO  handler.ContextHandler (ContextHandler.java:doStart(781)) - Started o.e.j.s.ServletContextHandler@52f8a6f4{/logs,file:///workdir/hadoop-ozone/integration-test/target/log,AVAILABLE}
2019-10-10 00:01:24,574 [main] INFO  handler.ContextHandler (ContextHandler.java:doStart(781)) - Started o.e.j.s.ServletContextHandler@6486fe7b{/static,jar:file:/home/user/.m2/repository/org/apache/hadoop/hadoop-hdds-container-service/0.5.0-SNAPSHOT/hadoop-hdds-container-service-0.5.0-SNAPSHOT.jar!/webapps/static,AVAILABLE}
2019-10-10 00:01:24,624 [main] INFO  handler.ContextHandler (ContextHandler.java:doStart(781)) - Started o.e.j.w.WebAppContext@7a64cb0c{/,file:///tmp/jetty-0.0.0.0-39040-hddsDatanode-_-any-3018493874168909229.dir/webapp/,AVAILABLE}{/hddsDatanode}
2019-10-10 00:01:24,624 [main] INFO  server.AbstractConnector (AbstractConnector.java:doStart(278)) - Started ServerConnector@785ed99c{HTTP/1.1,[http/1.1]}{0.0.0.0:39040}
2019-10-10 00:01:24,626 [main] INFO  server.Server (Server.java:doStart(419)) - Started @209554ms
2019-10-10 00:01:24,626 [main] WARN  impl.MetricsSystemImpl (MetricsSystemImpl.java:register(276)) - Sink prometheus already exists!
2019-10-10 00:01:24,627 [main] INFO  server.BaseHttpServer (BaseHttpServer.java:updateConnectorAddress(215)) - HTTP server of HDDSDATANODE is listening at http://0.0.0.0:39040
2019-10-10 00:01:24,628 [main] INFO  ozone.MiniOzoneClusterImpl (MiniOzoneClusterImpl.java:lambda$waitForClusterToBeReady$0(147)) - Waiting for cluster to be ready. Got 0 of 7 DN Heartbeats.
2019-10-10 00:01:24,629 [org.apache.hadoop.util.JvmPauseMonitor$Monitor@2a825509] INFO  util.JvmPauseMonitor (JvmPauseMonitor.java:run(188)) - Starting JVM pause monitor
2019-10-10 00:01:24,631 [Datanode State Machine Thread - 0] INFO  datanode.InitDatanodeState (InitDatanodeState.java:persistContainerDatanodeDetails(140)) - DatanodeDetails is persisted to /workdir/hadoop-ozone/integration-test/target/test-dir/MiniOzoneClusterImpl-4ac3c868-dcd7-40cc-945e-ce08398c8c7c/datanode-6/meta/datanode.id
2019-10-10 00:01:25,628 [main] INFO  ozone.MiniOzoneClusterImpl (MiniOzoneClusterImpl.java:lambda$waitForClusterToBeReady$0(147)) - Waiting for cluster to be ready. Got 0 of 7 DN Heartbeats.
2019-10-10 00:01:26,202 [Datanode State Machine Thread - 0] INFO  ozoneimpl.OzoneContainer (OzoneContainer.java:start(213)) - Attempting to start container services.
2019-10-10 00:01:26,203 [Datanode State Machine Thread - 0] INFO  ozoneimpl.OzoneContainer (OzoneContainer.java:startContainerScrub(177)) - Background container scanner has been disabled.
2019-10-10 00:01:26,203 [Datanode State Machine Thread - 0] INFO  ratis.XceiverServerRatis (XceiverServerRatis.java:start(418)) - Starting XceiverServerRatis 3b8dee2b-a736-49ac-9a65-2887f1808b91 at port 0
2019-10-10 00:01:26,211 [Datanode State Machine Thread - 0] INFO  impl.RaftServerProxy (RaftServerProxy.java:lambda$start$3(299)) - 3b8dee2b-a736-49ac-9a65-2887f1808b91: start RPC server
2019-10-10 00:01:26,213 [Datanode State Machine Thread - 0] INFO  server.GrpcService (GrpcService.java:startImpl(158)) - 3b8dee2b-a736-49ac-9a65-2887f1808b91: GrpcService started, listening on 0.0.0.0/0.0.0.0:39540
2019-10-10 00:01:26,213 [Datanode State Machine Thread - 0] INFO  ratis.XceiverServerRatis (XceiverServerRatis.java:start(428)) - XceiverServerRatis 3b8dee2b-a736-49ac-9a65-2887f1808b91 is started using port 39540
2019-10-10 00:01:26,218 [Datanode State Machine Thread - 0] INFO  server.XceiverServerGrpc (XceiverServerGrpc.java:start(149)) - XceiverServerGrpc 3b8dee2b-a736-49ac-9a65-2887f1808b91 is started using port 33291
2019-10-10 00:01:26,233 [Datanode State Machine Thread - 0] INFO  ozoneimpl.OzoneContainer (OzoneContainer.java:start(213)) - Attempting to start container services.
2019-10-10 00:01:26,234 [Datanode State Machine Thread - 0] INFO  ozoneimpl.OzoneContainer (OzoneContainer.java:startContainerScrub(177)) - Background container scanner has been disabled.
2019-10-10 00:01:26,234 [Datanode State Machine Thread - 0] INFO  ratis.XceiverServerRatis (XceiverServerRatis.java:start(418)) - Starting XceiverServerRatis 1898ed4f-cd53-4d03-b80f-d742d1f668c5 at port 0
2019-10-10 00:01:26,238 [Datanode State Machine Thread - 0] INFO  impl.RaftServerProxy (RaftServerProxy.java:lambda$start$3(299)) - 1898ed4f-cd53-4d03-b80f-d742d1f668c5: start RPC server
2019-10-10 00:01:26,238 [Datanode State Machine Thread - 0] INFO  server.GrpcService (GrpcService.java:startImpl(158)) - 1898ed4f-cd53-4d03-b80f-d742d1f668c5: GrpcService started, listening on 0.0.0.0/0.0.0.0:35382
2019-10-10 00:01:26,238 [Datanode State Machine Thread - 0] INFO  ratis.XceiverServerRatis (XceiverServerRatis.java:start(428)) - XceiverServerRatis 1898ed4f-cd53-4d03-b80f-d742d1f668c5 is started using port 35382
2019-10-10 00:01:26,239 [Datanode State Machine Thread - 0] INFO  server.XceiverServerGrpc (XceiverServerGrpc.java:start(149)) - XceiverServerGrpc 1898ed4f-cd53-4d03-b80f-d742d1f668c5 is started using port 40451
2019-10-10 00:01:26,307 [Datanode State Machine Thread - 0] INFO  ozoneimpl.OzoneContainer (OzoneContainer.java:start(213)) - Attempting to start container services.
2019-10-10 00:01:26,307 [Datanode State Machine Thread - 0] INFO  ozoneimpl.OzoneContainer (OzoneContainer.java:startContainerScrub(177)) - Background container scanner has been disabled.
2019-10-10 00:01:26,307 [Datanode State Machine Thread - 0] INFO  ratis.XceiverServerRatis (XceiverServerRatis.java:start(418)) - Starting XceiverServerRatis 6f3b3925-b3bf-4e77-a763-7ca3b61f29c5 at port 0
2019-10-10 00:01:26,312 [Datanode State Machine Thread - 0] INFO  impl.RaftServerProxy (RaftServerProxy.java:lambda$start$3(299)) - 6f3b3925-b3bf-4e77-a763-7ca3b61f29c5: start RPC server
2019-10-10 00:01:26,312 [Datanode State Machine Thread - 0] INFO  server.GrpcService (GrpcService.java:startImpl(158)) - 6f3b3925-b3bf-4e77-a763-7ca3b61f29c5: GrpcService started, listening on 0.0.0.0/0.0.0.0:33419
2019-10-10 00:01:26,312 [Datanode State Machine Thread - 0] INFO  ratis.XceiverServerRatis (XceiverServerRatis.java:start(428)) - XceiverServerRatis 6f3b3925-b3bf-4e77-a763-7ca3b61f29c5 is started using port 33419
2019-10-10 00:01:26,315 [Datanode State Machine Thread - 0] INFO  server.XceiverServerGrpc (XceiverServerGrpc.java:start(149)) - XceiverServerGrpc 6f3b3925-b3bf-4e77-a763-7ca3b61f29c5 is started using port 41015
2019-10-10 00:01:26,365 [Datanode State Machine Thread - 0] INFO  ozoneimpl.OzoneContainer (OzoneContainer.java:start(213)) - Attempting to start container services.
2019-10-10 00:01:26,366 [Datanode State Machine Thread - 0] INFO  ozoneimpl.OzoneContainer (OzoneContainer.java:startContainerScrub(177)) - Background container scanner has been disabled.
2019-10-10 00:01:26,366 [Datanode State Machine Thread - 0] INFO  ratis.XceiverServerRatis (XceiverServerRatis.java:start(418)) - Starting XceiverServerRatis a8fb07c2-5f9f-49f5-a43e-fbbd202a09ff at port 0
2019-10-10 00:01:26,372 [Datanode State Machine Thread - 0] INFO  impl.RaftServerProxy (RaftServerProxy.java:lambda$start$3(299)) - a8fb07c2-5f9f-49f5-a43e-fbbd202a09ff: start RPC server
2019-10-10 00:01:26,372 [Datanode State Machine Thread - 0] INFO  server.GrpcService (GrpcService.java:startImpl(158)) - a8fb07c2-5f9f-49f5-a43e-fbbd202a09ff: GrpcService started, listening on 0.0.0.0/0.0.0.0:41671
2019-10-10 00:01:26,373 [Datanode State Machine Thread - 0] INFO  ratis.XceiverServerRatis (XceiverServerRatis.java:start(428)) - XceiverServerRatis a8fb07c2-5f9f-49f5-a43e-fbbd202a09ff is started using port 41671
2019-10-10 00:01:26,373 [Datanode State Machine Thread - 0] INFO  server.XceiverServerGrpc (XceiverServerGrpc.java:start(149)) - XceiverServerGrpc a8fb07c2-5f9f-49f5-a43e-fbbd202a09ff is started using port 37065
2019-10-10 00:01:26,454 [Datanode State Machine Thread - 0] INFO  ozoneimpl.OzoneContainer (OzoneContainer.java:start(213)) - Attempting to start container services.
2019-10-10 00:01:26,455 [Datanode State Machine Thread - 0] INFO  ozoneimpl.OzoneContainer (OzoneContainer.java:startContainerScrub(177)) - Background container scanner has been disabled.
2019-10-10 00:01:26,455 [Datanode State Machine Thread - 0] INFO  ratis.XceiverServerRatis (XceiverServerRatis.java:start(418)) - Starting XceiverServerRatis 09ad47e2-225d-435b-8601-488dc6b24bba at port 0
2019-10-10 00:01:26,461 [Datanode State Machine Thread - 0] INFO  impl.RaftServerProxy (RaftServerProxy.java:lambda$start$3(299)) - 09ad47e2-225d-435b-8601-488dc6b24bba: start RPC server
2019-10-10 00:01:26,464 [Datanode State Machine Thread - 0] INFO  server.GrpcService (GrpcService.java:startImpl(158)) - 09ad47e2-225d-435b-8601-488dc6b24bba: GrpcService started, listening on 0.0.0.0/0.0.0.0:45224
2019-10-10 00:01:26,465 [Datanode State Machine Thread - 0] INFO  ratis.XceiverServerRatis (XceiverServerRatis.java:start(428)) - XceiverServerRatis 09ad47e2-225d-435b-8601-488dc6b24bba is started using port 45224
2019-10-10 00:01:26,465 [Datanode State Machine Thread - 0] INFO  server.XceiverServerGrpc (XceiverServerGrpc.java:start(149)) - XceiverServerGrpc 09ad47e2-225d-435b-8601-488dc6b24bba is started using port 36859
2019-10-10 00:01:26,554 [Datanode State Machine Thread - 0] INFO  ozoneimpl.OzoneContainer (OzoneContainer.java:start(213)) - Attempting to start container services.
2019-10-10 00:01:26,554 [Datanode State Machine Thread - 0] INFO  ozoneimpl.OzoneContainer (OzoneContainer.java:startContainerScrub(177)) - Background container scanner has been disabled.
2019-10-10 00:01:26,554 [Datanode State Machine Thread - 0] INFO  ratis.XceiverServerRatis (XceiverServerRatis.java:start(418)) - Starting XceiverServerRatis a0138ca6-04c1-41da-8356-dd9f33ccd7f6 at port 0
2019-10-10 00:01:26,559 [Datanode State Machine Thread - 0] INFO  impl.RaftServerProxy (RaftServerProxy.java:lambda$start$3(299)) - a0138ca6-04c1-41da-8356-dd9f33ccd7f6: start RPC server
2019-10-10 00:01:26,560 [Datanode State Machine Thread - 0] INFO  server.GrpcService (GrpcService.java:startImpl(158)) - a0138ca6-04c1-41da-8356-dd9f33ccd7f6: GrpcService started, listening on 0.0.0.0/0.0.0.0:45991
2019-10-10 00:01:26,560 [Datanode State Machine Thread - 0] INFO  ratis.XceiverServerRatis (XceiverServerRatis.java:start(428)) - XceiverServerRatis a0138ca6-04c1-41da-8356-dd9f33ccd7f6 is started using port 45991
2019-10-10 00:01:26,561 [Datanode State Machine Thread - 0] INFO  server.XceiverServerGrpc (XceiverServerGrpc.java:start(149)) - XceiverServerGrpc a0138ca6-04c1-41da-8356-dd9f33ccd7f6 is started using port 41656
2019-10-10 00:01:26,629 [main] INFO  ozone.MiniOzoneClusterImpl (MiniOzoneClusterImpl.java:lambda$waitForClusterToBeReady$0(147)) - Waiting for cluster to be ready. Got 0 of 7 DN Heartbeats.
2019-10-10 00:01:26,649 [Datanode State Machine Thread - 0] INFO  ozoneimpl.OzoneContainer (OzoneContainer.java:start(213)) - Attempting to start container services.
2019-10-10 00:01:26,650 [Datanode State Machine Thread - 0] INFO  ozoneimpl.OzoneContainer (OzoneContainer.java:startContainerScrub(177)) - Background container scanner has been disabled.
2019-10-10 00:01:26,650 [Datanode State Machine Thread - 0] INFO  ratis.XceiverServerRatis (XceiverServerRatis.java:start(418)) - Starting XceiverServerRatis 890e0604-8fd0-428e-9c4d-bcad176b3943 at port 0
2019-10-10 00:01:26,657 [Datanode State Machine Thread - 0] INFO  impl.RaftServerProxy (RaftServerProxy.java:lambda$start$3(299)) - 890e0604-8fd0-428e-9c4d-bcad176b3943: start RPC server
2019-10-10 00:01:26,660 [Datanode State Machine Thread - 0] INFO  server.GrpcService (GrpcService.java:startImpl(158)) - 890e0604-8fd0-428e-9c4d-bcad176b3943: GrpcService started, listening on 0.0.0.0/0.0.0.0:42135
2019-10-10 00:01:26,660 [Datanode State Machine Thread - 0] INFO  ratis.XceiverServerRatis (XceiverServerRatis.java:start(428)) - XceiverServerRatis 890e0604-8fd0-428e-9c4d-bcad176b3943 is started using port 42135
2019-10-10 00:01:26,663 [Datanode State Machine Thread - 0] INFO  server.XceiverServerGrpc (XceiverServerGrpc.java:start(149)) - XceiverServerGrpc 890e0604-8fd0-428e-9c4d-bcad176b3943 is started using port 38548
2019-10-10 00:01:27,629 [main] INFO  ozone.MiniOzoneClusterImpl (MiniOzoneClusterImpl.java:lambda$waitForClusterToBeReady$0(147)) - Waiting for cluster to be ready. Got 0 of 7 DN Heartbeats.
2019-10-10 00:01:28,149 [IPC Server handler 5 on 43031] INFO  net.NetworkTopology (NetworkTopologyImpl.java:add(111)) - Added a new node: /default-rack/3b8dee2b-a736-49ac-9a65-2887f1808b91
2019-10-10 00:01:28,152 [IPC Server handler 5 on 43031] INFO  node.SCMNodeManager (SCMNodeManager.java:register(268)) - Registered Data node : 3b8dee2b-a736-49ac-9a65-2887f1808b91{ip: 192.168.151.98, host: pr-hdds-2194-ks6jj-815731239, networkLocation: /default-rack, certSerialId: null}
2019-10-10 00:01:28,153 [EventQueue-NodeRegistrationContainerReportForDataNodeSafeModeRule] INFO  safemode.SCMSafeModeManager (DataNodeSafeModeRule.java:process(71)) - SCM in safe mode. 1 DataNodes registered, 1 required.
2019-10-10 00:01:28,156 [EventQueue-NodeRegistrationContainerReportForDataNodeSafeModeRule] INFO  safemode.SCMSafeModeManager (SCMSafeModeManager.java:validateSafeModeExitRules(177)) - ScmSafeModeManager, all rules are successfully validated
2019-10-10 00:01:28,156 [EventQueue-NodeRegistrationContainerReportForDataNodeSafeModeRule] INFO  safemode.SCMSafeModeManager (SCMSafeModeManager.java:exitSafeMode(193)) - SCM exiting safe mode.
2019-10-10 00:01:28,166 [grpc-default-executor-1] INFO  impl.RaftServerProxy (RaftServerProxy.java:addNew(89)) - 3b8dee2b-a736-49ac-9a65-2887f1808b91: addNew group-20B096809132:[3b8dee2b-a736-49ac-9a65-2887f1808b91:192.168.151.98:39540] returns group-20B096809132:java.util.concurrent.CompletableFuture@275c6d7[Not completed]
2019-10-10 00:01:28,167 [pool-383-thread-1] INFO  impl.RaftServerImpl (RaftServerImpl.java:<init>(95)) - 3b8dee2b-a736-49ac-9a65-2887f1808b91: new RaftServerImpl for group-20B096809132:[3b8dee2b-a736-49ac-9a65-2887f1808b91:192.168.151.98:39540] with ContainerStateMachine:uninitialized
2019-10-10 00:01:28,167 [pool-383-thread-1] INFO  server.RaftServerConfigKeys (ConfUtils.java:logGet(43)) - raft.server.rpc.timeout.min = 5s (custom)
2019-10-10 00:01:28,168 [pool-383-thread-1] INFO  server.RaftServerConfigKeys (ConfUtils.java:logGet(43)) - raft.server.rpc.timeout.max = 5200ms (custom)
2019-10-10 00:01:28,168 [pool-383-thread-1] INFO  server.RaftServerConfigKeys (ConfUtils.java:logGet(43)) - raft.server.rpcslowness.timeout = 120s (custom)
2019-10-10 00:01:28,168 [pool-383-thread-1] INFO  server.RaftServerConfigKeys (ConfUtils.java:logGet(43)) - raft.server.sleep.deviation.threshold = 300 (default)
2019-10-10 00:01:28,168 [pool-383-thread-1] INFO  server.RaftServerConfigKeys (ConfUtils.java:logGet(43)) - raft.server.log.appender.install.snapshot.enabled = false (custom)
2019-10-10 00:01:28,168 [pool-383-thread-1] INFO  impl.RaftServerImpl (ServerState.java:<init>(103)) - 3b8dee2b-a736-49ac-9a65-2887f1808b91@group-20B096809132: ConfigurationManager, init=-1: [3b8dee2b-a736-49ac-9a65-2887f1808b91:192.168.151.98:39540], old=null, confs=<EMPTY_MAP>
2019-10-10 00:01:28,168 [pool-383-thread-1] INFO  server.RaftServerConfigKeys (ConfUtils.java:logGet(43)) - raft.server.storage.dir = [/workdir/hadoop-ozone/integration-test/target/test-dir/MiniOzoneClusterImpl-4ac3c868-dcd7-40cc-945e-ce08398c8c7c/datanode-0/data/ratis] (custom)
2019-10-10 00:01:28,168 [pool-383-thread-1] INFO  server.RaftServerConfigKeys (ConfUtils.java:logGet(43)) - raft.server.log.corruption.policy = EXCEPTION (default)
2019-10-10 00:01:28,169 [pool-383-thread-1] INFO  storage.RaftStorageDirectory (RaftStorageDirectory.java:analyzeStorage(246)) - The storage directory /workdir/hadoop-ozone/integration-test/target/test-dir/MiniOzoneClusterImpl-4ac3c868-dcd7-40cc-945e-ce08398c8c7c/datanode-0/data/ratis/afc773cd-dca6-43ea-bff3-20b096809132 does not exist. Creating ...
2019-10-10 00:01:28,181 [pool-383-thread-1] INFO  storage.RaftStorageDirectory (RaftStorageDirectory.java:tryLock(328)) - Lock on /workdir/hadoop-ozone/integration-test/target/test-dir/MiniOzoneClusterImpl-4ac3c868-dcd7-40cc-945e-ce08398c8c7c/datanode-0/data/ratis/afc773cd-dca6-43ea-bff3-20b096809132/in_use.lock acquired by nodename 28031@pr-hdds-2194-ks6jj-815731239
2019-10-10 00:01:28,195 [pool-383-thread-1] INFO  storage.RaftStorage (RaftStorage.java:format(84)) - Storage directory /workdir/hadoop-ozone/integration-test/target/test-dir/MiniOzoneClusterImpl-4ac3c868-dcd7-40cc-945e-ce08398c8c7c/datanode-0/data/ratis/afc773cd-dca6-43ea-bff3-20b096809132 has been successfully formatted.
2019-10-10 00:01:28,195 [pool-383-thread-1] INFO  ratis.ContainerStateMachine (ContainerStateMachine.java:loadSnapshot(231)) - group-20B096809132: The snapshot info is null. Setting the last applied indexto:(t:0, i:~)
2019-10-10 00:01:28,196 [pool-383-thread-1] INFO  server.RaftServerConfigKeys (ConfUtils.java:logGet(43)) - raft.server.notification.no-leader.timeout = 120s (custom)
2019-10-10 00:01:28,196 [pool-383-thread-1] INFO  server.RaftServerConfigKeys (ConfUtils.java:logGet(43)) - raft.server.log.use.memory = false (default)
2019-10-10 00:01:28,196 [pool-383-thread-1] INFO  server.RaftServerConfigKeys (ConfUtils.java:logGet(43)) - raft.server.log.purge.gap = 1000000 (custom)
2019-10-10 00:01:28,196 [pool-383-thread-1] INFO  server.RaftServerConfigKeys (ConfUtils.java:logGet(43)) - raft.server.log.appender.buffer.byte-limit = 33554432 (custom)
2019-10-10 00:01:28,196 [pool-383-thread-1] INFO  server.RaftServerConfigKeys (ConfUtils.java:logGet(43)) - raft.server.log.segment.size.max = 1048576 (custom)
2019-10-10 00:01:28,197 [pool-383-thread-1] INFO  server.RaftServerConfigKeys (ConfUtils.java:logGet(43)) - raft.server.log.segment.cache.num.max = 2 (custom)
2019-10-10 00:01:28,197 [pool-383-thread-1] INFO  segmented.SegmentedRaftLogWorker (SegmentedRaftLogWorker.java:<init>(173)) - new 3b8dee2b-a736-49ac-9a65-2887f1808b91@group-20B096809132-SegmentedRaftLogWorker for RaftStorage:Storage Directory /workdir/hadoop-ozone/integration-test/target/test-dir/MiniOzoneClusterImpl-4ac3c868-dcd7-40cc-945e-ce08398c8c7c/datanode-0/data/ratis/afc773cd-dca6-43ea-bff3-20b096809132
2019-10-10 00:01:28,198 [pool-383-thread-1] INFO  server.RaftServerConfigKeys (ConfUtils.java:logGet(43)) - raft.server.log.queue.byte-limit = 2147483647 (custom)
2019-10-10 00:01:28,198 [pool-383-thread-1] INFO  server.RaftServerConfigKeys (ConfUtils.java:logGet(43)) - raft.server.log.queue.element-limit = 1024 (custom)
2019-10-10 00:01:28,198 [pool-383-thread-1] INFO  server.RaftServerConfigKeys (ConfUtils.java:logGet(43)) - raft.server.log.segment.size.max = 1048576 (custom)
2019-10-10 00:01:28,198 [pool-383-thread-1] INFO  server.RaftServerConfigKeys (ConfUtils.java:logGet(43)) - raft.server.log.preallocated.size = 16384 (custom)
2019-10-10 00:01:28,198 [pool-383-thread-1] INFO  server.RaftServerConfigKeys (ConfUtils.java:logGet(43)) - raft.server.log.write.buffer.size = 33554432 (custom)
2019-10-10 00:01:28,198 [pool-383-thread-1] INFO  server.RaftServerConfigKeys (ConfUtils.java:logGet(43)) - raft.server.log.force.sync.num = 128 (default)
2019-10-10 00:01:28,198 [pool-383-thread-1] INFO  server.RaftServerConfigKeys (ConfUtils.java:logGet(43)) - raft.server.log.statemachine.data.sync = true (default)
2019-10-10 00:01:28,198 [pool-383-thread-1] INFO  server.RaftServerConfigKeys (ConfUtils.java:logGet(43)) - raft.server.log.statemachine.data.sync.timeout = 10s (default)
2019-10-10 00:01:28,198 [pool-383-thread-1] INFO  server.RaftServerConfigKeys (ConfUtils.java:logGet(43)) - raft.server.log.statemachine.data.sync.timeout.retry = -1 (default)
2019-10-10 00:01:28,199 [pool-383-thread-1] INFO  server.RaftServerConfigKeys (ConfUtils.java:logGet(43)) - raft.server.log.statemachine.data.caching.enabled = true (custom)
2019-10-10 00:01:28,199 [pool-383-thread-1] INFO  segmented.SegmentedRaftLogWorker (SegmentedRaftLogWorker.java:lambda$new$0(128)) - 3b8dee2b-a736-49ac-9a65-2887f1808b91@group-20B096809132-SegmentedRaftLogWorker: flushIndex: setUnconditionally 0 -> -1
2019-10-10 00:01:28,199 [pool-383-thread-1] INFO  server.RaftServerConfigKeys (ConfUtils.java:logGet(43)) - raft.server.snapshot.auto.trigger.enabled = true (custom)
2019-10-10 00:01:28,199 [pool-383-thread-1] INFO  server.RaftServerConfigKeys (ConfUtils.java:logGet(43)) - raft.server.snapshot.auto.trigger.threshold = 10000 (custom)
2019-10-10 00:01:28,199 [pool-383-thread-1] INFO  server.RaftServerConfigKeys (ConfUtils.java:logGet(43)) - raft.server.snapshot.retention.file.num = 5 (custom)
2019-10-10 00:01:28,199 [pool-383-thread-1] INFO  server.RaftServerConfigKeys (ConfUtils.java:logGet(43)) - raft.server.retrycache.expirytime = 600000ms (custom)
2019-10-10 00:01:28,201 [pool-383-thread-1] INFO  impl.RaftServerImpl (RaftServerImpl.java:start(181)) - 3b8dee2b-a736-49ac-9a65-2887f1808b91@group-20B096809132: start as a follower, conf=-1: [3b8dee2b-a736-49ac-9a65-2887f1808b91:192.168.151.98:39540], old=null
2019-10-10 00:01:28,201 [pool-383-thread-1] INFO  impl.RaftServerImpl (RaftServerImpl.java:setRole(170)) - 3b8dee2b-a736-49ac-9a65-2887f1808b91@group-20B096809132: changes role from      null to FOLLOWER at term 0 for startAsFollower
2019-10-10 00:01:28,201 [pool-383-thread-1] INFO  impl.RoleInfo (RoleInfo.java:updateAndGet(143)) - 3b8dee2b-a736-49ac-9a65-2887f1808b91: start FollowerState
2019-10-10 00:01:28,202 [pool-383-thread-1] INFO  util.JmxRegister (JmxRegister.java:tryRegister(44)) - Successfully registered JMX Bean with object name Ratis:service=RaftServer,group=group-20B096809132,id=3b8dee2b-a736-49ac-9a65-2887f1808b91
2019-10-10 00:01:28,206 [IPC Server handler 8 on 43031] INFO  net.NetworkTopology (NetworkTopologyImpl.java:add(111)) - Added a new node: /default-rack/1898ed4f-cd53-4d03-b80f-d742d1f668c5
2019-10-10 00:01:28,207 [IPC Server handler 8 on 43031] INFO  node.SCMNodeManager (SCMNodeManager.java:register(268)) - Registered Data node : 1898ed4f-cd53-4d03-b80f-d742d1f668c5{ip: 192.168.151.98, host: pr-hdds-2194-ks6jj-815731239, networkLocation: /default-rack, certSerialId: null}
2019-10-10 00:01:28,208 [RatisPipelineUtilsThread] INFO  pipeline.PipelineStateManager (PipelineStateManager.java:addPipeline(56)) - Created pipeline Pipeline[ Id: afc773cd-dca6-43ea-bff3-20b096809132, Nodes: 3b8dee2b-a736-49ac-9a65-2887f1808b91{ip: 192.168.151.98, host: pr-hdds-2194-ks6jj-815731239, networkLocation: /default-rack, certSerialId: null}, Type:RATIS, Factor:ONE, State:OPEN]
2019-10-10 00:01:28,214 [grpc-default-executor-1] INFO  impl.RaftServerProxy (RaftServerProxy.java:addNew(89)) - 1898ed4f-cd53-4d03-b80f-d742d1f668c5: addNew group-B3DFAEF8A559:[1898ed4f-cd53-4d03-b80f-d742d1f668c5:192.168.151.98:35382] returns group-B3DFAEF8A559:java.util.concurrent.CompletableFuture@4c97b973[Not completed]
2019-10-10 00:01:28,215 [pool-393-thread-1] INFO  impl.RaftServerImpl (RaftServerImpl.java:<init>(95)) - 1898ed4f-cd53-4d03-b80f-d742d1f668c5: new RaftServerImpl for group-B3DFAEF8A559:[1898ed4f-cd53-4d03-b80f-d742d1f668c5:192.168.151.98:35382] with ContainerStateMachine:uninitialized
2019-10-10 00:01:28,215 [pool-393-thread-1] INFO  server.RaftServerConfigKeys (ConfUtils.java:logGet(43)) - raft.server.rpc.timeout.min = 5s (custom)
2019-10-10 00:01:28,216 [pool-393-thread-1] INFO  server.RaftServerConfigKeys (ConfUtils.java:logGet(43)) - raft.server.rpc.timeout.max = 5200ms (custom)
2019-10-10 00:01:28,216 [pool-393-thread-1] INFO  server.RaftServerConfigKeys (ConfUtils.java:logGet(43)) - raft.server.rpcslowness.timeout = 120s (custom)
2019-10-10 00:01:28,216 [pool-393-thread-1] INFO  server.RaftServerConfigKeys (ConfUtils.java:logGet(43)) - raft.server.sleep.deviation.threshold = 300 (default)
2019-10-10 00:01:28,216 [pool-393-thread-1] INFO  server.RaftServerConfigKeys (ConfUtils.java:logGet(43)) - raft.server.log.appender.install.snapshot.enabled = false (custom)
2019-10-10 00:01:28,216 [pool-393-thread-1] INFO  impl.RaftServerImpl (ServerState.java:<init>(103)) - 1898ed4f-cd53-4d03-b80f-d742d1f668c5@group-B3DFAEF8A559: ConfigurationManager, init=-1: [1898ed4f-cd53-4d03-b80f-d742d1f668c5:192.168.151.98:35382], old=null, confs=<EMPTY_MAP>
2019-10-10 00:01:28,216 [pool-393-thread-1] INFO  server.RaftServerConfigKeys (ConfUtils.java:logGet(43)) - raft.server.storage.dir = [/workdir/hadoop-ozone/integration-test/target/test-dir/MiniOzoneClusterImpl-4ac3c868-dcd7-40cc-945e-ce08398c8c7c/datanode-1/data/ratis] (custom)
2019-10-10 00:01:28,216 [pool-393-thread-1] INFO  server.RaftServerConfigKeys (ConfUtils.java:logGet(43)) - raft.server.log.corruption.policy = EXCEPTION (default)
2019-10-10 00:01:28,217 [pool-393-thread-1] INFO  storage.RaftStorageDirectory (RaftStorageDirectory.java:analyzeStorage(246)) - The storage directory /workdir/hadoop-ozone/integration-test/target/test-dir/MiniOzoneClusterImpl-4ac3c868-dcd7-40cc-945e-ce08398c8c7c/datanode-1/data/ratis/2cc87462-f83e-423b-bbb5-b3dfaef8a559 does not exist. Creating ...
2019-10-10 00:01:28,229 [pool-393-thread-1] INFO  storage.RaftStorageDirectory (RaftStorageDirectory.java:tryLock(328)) - Lock on /workdir/hadoop-ozone/integration-test/target/test-dir/MiniOzoneClusterImpl-4ac3c868-dcd7-40cc-945e-ce08398c8c7c/datanode-1/data/ratis/2cc87462-f83e-423b-bbb5-b3dfaef8a559/in_use.lock acquired by nodename 28031@pr-hdds-2194-ks6jj-815731239
2019-10-10 00:01:28,242 [pool-393-thread-1] INFO  storage.RaftStorage (RaftStorage.java:format(84)) - Storage directory /workdir/hadoop-ozone/integration-test/target/test-dir/MiniOzoneClusterImpl-4ac3c868-dcd7-40cc-945e-ce08398c8c7c/datanode-1/data/ratis/2cc87462-f83e-423b-bbb5-b3dfaef8a559 has been successfully formatted.
2019-10-10 00:01:28,242 [pool-393-thread-1] INFO  ratis.ContainerStateMachine (ContainerStateMachine.java:loadSnapshot(231)) - group-B3DFAEF8A559: The snapshot info is null. Setting the last applied indexto:(t:0, i:~)
2019-10-10 00:01:28,242 [pool-393-thread-1] INFO  server.RaftServerConfigKeys (ConfUtils.java:logGet(43)) - raft.server.notification.no-leader.timeout = 120s (custom)
2019-10-10 00:01:28,242 [pool-393-thread-1] INFO  server.RaftServerConfigKeys (ConfUtils.java:logGet(43)) - raft.server.log.use.memory = false (default)
2019-10-10 00:01:28,242 [pool-393-thread-1] INFO  server.RaftServerConfigKeys (ConfUtils.java:logGet(43)) - raft.server.log.purge.gap = 1000000 (custom)
2019-10-10 00:01:28,243 [pool-393-thread-1] INFO  server.RaftServerConfigKeys (ConfUtils.java:logGet(43)) - raft.server.log.appender.buffer.byte-limit = 33554432 (custom)
2019-10-10 00:01:28,243 [pool-393-thread-1] INFO  server.RaftServerConfigKeys (ConfUtils.java:logGet(43)) - raft.server.log.segment.size.max = 1048576 (custom)
2019-10-10 00:01:28,244 [pool-393-thread-1] INFO  server.RaftServerConfigKeys (ConfUtils.java:logGet(43)) - raft.server.log.segment.cache.num.max = 2 (custom)
2019-10-10 00:01:28,244 [pool-393-thread-1] INFO  segmented.SegmentedRaftLogWorker (SegmentedRaftLogWorker.java:<init>(173)) - new 1898ed4f-cd53-4d03-b80f-d742d1f668c5@group-B3DFAEF8A559-SegmentedRaftLogWorker for RaftStorage:Storage Directory /workdir/hadoop-ozone/integration-test/target/test-dir/MiniOzoneClusterImpl-4ac3c868-dcd7-40cc-945e-ce08398c8c7c/datanode-1/data/ratis/2cc87462-f83e-423b-bbb5-b3dfaef8a559
2019-10-10 00:01:28,244 [pool-393-thread-1] INFO  server.RaftServerConfigKeys (ConfUtils.java:logGet(43)) - raft.server.log.queue.byte-limit = 2147483647 (custom)
2019-10-10 00:01:28,245 [pool-393-thread-1] INFO  server.RaftServerConfigKeys (ConfUtils.java:logGet(43)) - raft.server.log.queue.element-limit = 1024 (custom)
2019-10-10 00:01:28,245 [pool-393-thread-1] INFO  server.RaftServerConfigKeys (ConfUtils.java:logGet(43)) - raft.server.log.segment.size.max = 1048576 (custom)
2019-10-10 00:01:28,245 [pool-393-thread-1] INFO  server.RaftServerConfigKeys (ConfUtils.java:logGet(43)) - raft.server.log.preallocated.size = 16384 (custom)
2019-10-10 00:01:28,245 [pool-393-thread-1] INFO  server.RaftServerConfigKeys (ConfUtils.java:logGet(43)) - raft.server.log.write.buffer.size = 33554432 (custom)
2019-10-10 00:01:28,245 [pool-393-thread-1] INFO  server.RaftServerConfigKeys (ConfUtils.java:logGet(43)) - raft.server.log.force.sync.num = 128 (default)
2019-10-10 00:01:28,245 [pool-393-thread-1] INFO  server.RaftServerConfigKeys (ConfUtils.java:logGet(43)) - raft.server.log.statemachine.data.sync = true (default)
2019-10-10 00:01:28,245 [pool-393-thread-1] INFO  server.RaftServerConfigKeys (ConfUtils.java:logGet(43)) - raft.server.log.statemachine.data.sync.timeout = 10s (default)
2019-10-10 00:01:28,245 [pool-393-thread-1] INFO  server.RaftServerConfigKeys (ConfUtils.java:logGet(43)) - raft.server.log.statemachine.data.sync.timeout.retry = -1 (default)
2019-10-10 00:01:28,246 [pool-393-thread-1] INFO  server.RaftServerConfigKeys (ConfUtils.java:logGet(43)) - raft.server.log.statemachine.data.caching.enabled = true (custom)
2019-10-10 00:01:28,246 [pool-393-thread-1] INFO  segmented.SegmentedRaftLogWorker (SegmentedRaftLogWorker.java:lambda$new$0(128)) - 1898ed4f-cd53-4d03-b80f-d742d1f668c5@group-B3DFAEF8A559-SegmentedRaftLogWorker: flushIndex: setUnconditionally 0 -> -1
2019-10-10 00:01:28,246 [pool-393-thread-1] INFO  server.RaftServerConfigKeys (ConfUtils.java:logGet(43)) - raft.server.snapshot.auto.trigger.enabled = true (custom)
2019-10-10 00:01:28,246 [pool-393-thread-1] INFO  server.RaftServerConfigKeys (ConfUtils.java:logGet(43)) - raft.server.snapshot.auto.trigger.threshold = 10000 (custom)
2019-10-10 00:01:28,246 [pool-393-thread-1] INFO  server.RaftServerConfigKeys (ConfUtils.java:logGet(43)) - raft.server.snapshot.retention.file.num = 5 (custom)
2019-10-10 00:01:28,247 [pool-393-thread-1] INFO  server.RaftServerConfigKeys (ConfUtils.java:logGet(43)) - raft.server.retrycache.expirytime = 600000ms (custom)
2019-10-10 00:01:28,248 [pool-393-thread-1] INFO  impl.RaftServerImpl (RaftServerImpl.java:start(181)) - 1898ed4f-cd53-4d03-b80f-d742d1f668c5@group-B3DFAEF8A559: start as a follower, conf=-1: [1898ed4f-cd53-4d03-b80f-d742d1f668c5:192.168.151.98:35382], old=null
2019-10-10 00:01:28,248 [pool-393-thread-1] INFO  impl.RaftServerImpl (RaftServerImpl.java:setRole(170)) - 1898ed4f-cd53-4d03-b80f-d742d1f668c5@group-B3DFAEF8A559: changes role from      null to FOLLOWER at term 0 for startAsFollower
2019-10-10 00:01:28,248 [pool-393-thread-1] INFO  impl.RoleInfo (RoleInfo.java:updateAndGet(143)) - 1898ed4f-cd53-4d03-b80f-d742d1f668c5: start FollowerState
2019-10-10 00:01:28,249 [pool-393-thread-1] INFO  util.JmxRegister (JmxRegister.java:tryRegister(44)) - Successfully registered JMX Bean with object name Ratis:service=RaftServer,group=group-B3DFAEF8A559,id=1898ed4f-cd53-4d03-b80f-d742d1f668c5
2019-10-10 00:01:28,255 [RatisPipelineUtilsThread] INFO  pipeline.PipelineStateManager (PipelineStateManager.java:addPipeline(56)) - Created pipeline Pipeline[ Id: 2cc87462-f83e-423b-bbb5-b3dfaef8a559, Nodes: 1898ed4f-cd53-4d03-b80f-d742d1f668c5{ip: 192.168.151.98, host: pr-hdds-2194-ks6jj-815731239, networkLocation: /default-rack, certSerialId: null}, Type:RATIS, Factor:ONE, State:OPEN]
2019-10-10 00:01:28,282 [IPC Server handler 1 on 43031] INFO  net.NetworkTopology (NetworkTopologyImpl.java:add(111)) - Added a new node: /default-rack/6f3b3925-b3bf-4e77-a763-7ca3b61f29c5
2019-10-10 00:01:28,284 [IPC Server handler 1 on 43031] INFO  node.SCMNodeManager (SCMNodeManager.java:register(268)) - Registered Data node : 6f3b3925-b3bf-4e77-a763-7ca3b61f29c5{ip: 192.168.151.98, host: pr-hdds-2194-ks6jj-815731239, networkLocation: /default-rack, certSerialId: null}
2019-10-10 00:01:28,291 [grpc-default-executor-1] INFO  impl.RaftServerProxy (RaftServerProxy.java:addNew(89)) - 6f3b3925-b3bf-4e77-a763-7ca3b61f29c5: addNew group-43C6D31E567E:[6f3b3925-b3bf-4e77-a763-7ca3b61f29c5:192.168.151.98:33419] returns group-43C6D31E567E:java.util.concurrent.CompletableFuture@22b5532b[Not completed]
2019-10-10 00:01:28,293 [pool-403-thread-1] INFO  impl.RaftServerImpl (RaftServerImpl.java:<init>(95)) - 6f3b3925-b3bf-4e77-a763-7ca3b61f29c5: new RaftServerImpl for group-43C6D31E567E:[6f3b3925-b3bf-4e77-a763-7ca3b61f29c5:192.168.151.98:33419] with ContainerStateMachine:uninitialized
2019-10-10 00:01:28,293 [pool-403-thread-1] INFO  server.RaftServerConfigKeys (ConfUtils.java:logGet(43)) - raft.server.rpc.timeout.min = 5s (custom)
2019-10-10 00:01:28,293 [pool-403-thread-1] INFO  server.RaftServerConfigKeys (ConfUtils.java:logGet(43)) - raft.server.rpc.timeout.max = 5200ms (custom)
2019-10-10 00:01:28,293 [pool-403-thread-1] INFO  server.RaftServerConfigKeys (ConfUtils.java:logGet(43)) - raft.server.rpcslowness.timeout = 120s (custom)
2019-10-10 00:01:28,293 [pool-403-thread-1] INFO  server.RaftServerConfigKeys (ConfUtils.java:logGet(43)) - raft.server.sleep.deviation.threshold = 300 (default)
2019-10-10 00:01:28,293 [pool-403-thread-1] INFO  server.RaftServerConfigKeys (ConfUtils.java:logGet(43)) - raft.server.log.appender.install.snapshot.enabled = false (custom)
2019-10-10 00:01:28,294 [pool-403-thread-1] INFO  impl.RaftServerImpl (ServerState.java:<init>(103)) - 6f3b3925-b3bf-4e77-a763-7ca3b61f29c5@group-43C6D31E567E: ConfigurationManager, init=-1: [6f3b3925-b3bf-4e77-a763-7ca3b61f29c5:192.168.151.98:33419], old=null, confs=<EMPTY_MAP>
2019-10-10 00:01:28,294 [pool-403-thread-1] INFO  server.RaftServerConfigKeys (ConfUtils.java:logGet(43)) - raft.server.storage.dir = [/workdir/hadoop-ozone/integration-test/target/test-dir/MiniOzoneClusterImpl-4ac3c868-dcd7-40cc-945e-ce08398c8c7c/datanode-2/data/ratis] (custom)
2019-10-10 00:01:28,294 [pool-403-thread-1] INFO  server.RaftServerConfigKeys (ConfUtils.java:logGet(43)) - raft.server.log.corruption.policy = EXCEPTION (default)
2019-10-10 00:01:28,294 [pool-403-thread-1] INFO  storage.RaftStorageDirectory (RaftStorageDirectory.java:analyzeStorage(246)) - The storage directory /workdir/hadoop-ozone/integration-test/target/test-dir/MiniOzoneClusterImpl-4ac3c868-dcd7-40cc-945e-ce08398c8c7c/datanode-2/data/ratis/efe09bd3-c0a8-4cbe-abb8-43c6d31e567e does not exist. Creating ...
2019-10-10 00:01:28,309 [pool-403-thread-1] INFO  storage.RaftStorageDirectory (RaftStorageDirectory.java:tryLock(328)) - Lock on /workdir/hadoop-ozone/integration-test/target/test-dir/MiniOzoneClusterImpl-4ac3c868-dcd7-40cc-945e-ce08398c8c7c/datanode-2/data/ratis/efe09bd3-c0a8-4cbe-abb8-43c6d31e567e/in_use.lock acquired by nodename 28031@pr-hdds-2194-ks6jj-815731239
2019-10-10 00:01:28,321 [pool-403-thread-1] INFO  storage.RaftStorage (RaftStorage.java:format(84)) - Storage directory /workdir/hadoop-ozone/integration-test/target/test-dir/MiniOzoneClusterImpl-4ac3c868-dcd7-40cc-945e-ce08398c8c7c/datanode-2/data/ratis/efe09bd3-c0a8-4cbe-abb8-43c6d31e567e has been successfully formatted.
2019-10-10 00:01:28,321 [pool-403-thread-1] INFO  ratis.ContainerStateMachine (ContainerStateMachine.java:loadSnapshot(231)) - group-43C6D31E567E: The snapshot info is null. Setting the last applied indexto:(t:0, i:~)
2019-10-10 00:01:28,321 [pool-403-thread-1] INFO  server.RaftServerConfigKeys (ConfUtils.java:logGet(43)) - raft.server.notification.no-leader.timeout = 120s (custom)
2019-10-10 00:01:28,322 [pool-403-thread-1] INFO  server.RaftServerConfigKeys (ConfUtils.java:logGet(43)) - raft.server.log.use.memory = false (default)
2019-10-10 00:01:28,322 [pool-403-thread-1] INFO  server.RaftServerConfigKeys (ConfUtils.java:logGet(43)) - raft.server.log.purge.gap = 1000000 (custom)
2019-10-10 00:01:28,322 [pool-403-thread-1] INFO  server.RaftServerConfigKeys (ConfUtils.java:logGet(43)) - raft.server.log.appender.buffer.byte-limit = 33554432 (custom)
2019-10-10 00:01:28,322 [pool-403-thread-1] INFO  server.RaftServerConfigKeys (ConfUtils.java:logGet(43)) - raft.server.log.segment.size.max = 1048576 (custom)
2019-10-10 00:01:28,323 [pool-403-thread-1] INFO  server.RaftServerConfigKeys (ConfUtils.java:logGet(43)) - raft.server.log.segment.cache.num.max = 2 (custom)
2019-10-10 00:01:28,323 [pool-403-thread-1] INFO  segmented.SegmentedRaftLogWorker (SegmentedRaftLogWorker.java:<init>(173)) - new 6f3b3925-b3bf-4e77-a763-7ca3b61f29c5@group-43C6D31E567E-SegmentedRaftLogWorker for RaftStorage:Storage Directory /workdir/hadoop-ozone/integration-test/target/test-dir/MiniOzoneClusterImpl-4ac3c868-dcd7-40cc-945e-ce08398c8c7c/datanode-2/data/ratis/efe09bd3-c0a8-4cbe-abb8-43c6d31e567e
2019-10-10 00:01:28,323 [pool-403-thread-1] INFO  server.RaftServerConfigKeys (ConfUtils.java:logGet(43)) - raft.server.log.queue.byte-limit = 2147483647 (custom)
2019-10-10 00:01:28,323 [pool-403-thread-1] INFO  server.RaftServerConfigKeys (ConfUtils.java:logGet(43)) - raft.server.log.queue.element-limit = 1024 (custom)
2019-10-10 00:01:28,323 [pool-403-thread-1] INFO  server.RaftServerConfigKeys (ConfUtils.java:logGet(43)) - raft.server.log.segment.size.max = 1048576 (custom)
2019-10-10 00:01:28,323 [pool-403-thread-1] INFO  server.RaftServerConfigKeys (ConfUtils.java:logGet(43)) - raft.server.log.preallocated.size = 16384 (custom)
2019-10-10 00:01:28,324 [pool-403-thread-1] INFO  server.RaftServerConfigKeys (ConfUtils.java:logGet(43)) - raft.server.log.write.buffer.size = 33554432 (custom)
2019-10-10 00:01:28,324 [pool-403-thread-1] INFO  server.RaftServerConfigKeys (ConfUtils.java:logGet(43)) - raft.server.log.force.sync.num = 128 (default)
2019-10-10 00:01:28,324 [pool-403-thread-1] INFO  server.RaftServerConfigKeys (ConfUtils.java:logGet(43)) - raft.server.log.statemachine.data.sync = true (default)
2019-10-10 00:01:28,324 [pool-403-thread-1] INFO  server.RaftServerConfigKeys (ConfUtils.java:logGet(43)) - raft.server.log.statemachine.data.sync.timeout = 10s (default)
2019-10-10 00:01:28,324 [pool-403-thread-1] INFO  server.RaftServerConfigKeys (ConfUtils.java:logGet(43)) - raft.server.log.statemachine.data.sync.timeout.retry = -1 (default)
2019-10-10 00:01:28,324 [pool-403-thread-1] INFO  server.RaftServerConfigKeys (ConfUtils.java:logGet(43)) - raft.server.log.statemachine.data.caching.enabled = true (custom)
2019-10-10 00:01:28,324 [pool-403-thread-1] INFO  segmented.SegmentedRaftLogWorker (SegmentedRaftLogWorker.java:lambda$new$0(128)) - 6f3b3925-b3bf-4e77-a763-7ca3b61f29c5@group-43C6D31E567E-SegmentedRaftLogWorker: flushIndex: setUnconditionally 0 -> -1
2019-10-10 00:01:28,324 [pool-403-thread-1] INFO  server.RaftServerConfigKeys (ConfUtils.java:logGet(43)) - raft.server.snapshot.auto.trigger.enabled = true (custom)
2019-10-10 00:01:28,325 [pool-403-thread-1] INFO  server.RaftServerConfigKeys (ConfUtils.java:logGet(43)) - raft.server.snapshot.auto.trigger.threshold = 10000 (custom)
2019-10-10 00:01:28,325 [pool-403-thread-1] INFO  server.RaftServerConfigKeys (ConfUtils.java:logGet(43)) - raft.server.snapshot.retention.file.num = 5 (custom)
2019-10-10 00:01:28,325 [pool-403-thread-1] INFO  server.RaftServerConfigKeys (ConfUtils.java:logGet(43)) - raft.server.retrycache.expirytime = 600000ms (custom)
2019-10-10 00:01:28,326 [pool-403-thread-1] INFO  impl.RaftServerImpl (RaftServerImpl.java:start(181)) - 6f3b3925-b3bf-4e77-a763-7ca3b61f29c5@group-43C6D31E567E: start as a follower, conf=-1: [6f3b3925-b3bf-4e77-a763-7ca3b61f29c5:192.168.151.98:33419], old=null
2019-10-10 00:01:28,326 [pool-403-thread-1] INFO  impl.RaftServerImpl (RaftServerImpl.java:setRole(170)) - 6f3b3925-b3bf-4e77-a763-7ca3b61f29c5@group-43C6D31E567E: changes role from      null to FOLLOWER at term 0 for startAsFollower
2019-10-10 00:01:28,326 [pool-403-thread-1] INFO  impl.RoleInfo (RoleInfo.java:updateAndGet(143)) - 6f3b3925-b3bf-4e77-a763-7ca3b61f29c5: start FollowerState
2019-10-10 00:01:28,326 [pool-403-thread-1] INFO  util.JmxRegister (JmxRegister.java:tryRegister(44)) - Successfully registered JMX Bean with object name Ratis:service=RaftServer,group=group-43C6D31E567E,id=6f3b3925-b3bf-4e77-a763-7ca3b61f29c5
2019-10-10 00:01:28,331 [RatisPipelineUtilsThread] INFO  pipeline.PipelineStateManager (PipelineStateManager.java:addPipeline(56)) - Created pipeline Pipeline[ Id: efe09bd3-c0a8-4cbe-abb8-43c6d31e567e, Nodes: 6f3b3925-b3bf-4e77-a763-7ca3b61f29c5{ip: 192.168.151.98, host: pr-hdds-2194-ks6jj-815731239, networkLocation: /default-rack, certSerialId: null}, Type:RATIS, Factor:ONE, State:OPEN]
2019-10-10 00:01:28,349 [grpc-default-executor-6] INFO  impl.RaftServerProxy (RaftServerProxy.java:addNew(89)) - 1898ed4f-cd53-4d03-b80f-d742d1f668c5: addNew group-F4B8AC20E29A:[1898ed4f-cd53-4d03-b80f-d742d1f668c5:192.168.151.98:35382, 6f3b3925-b3bf-4e77-a763-7ca3b61f29c5:192.168.151.98:33419, 3b8dee2b-a736-49ac-9a65-2887f1808b91:192.168.151.98:39540] returns group-F4B8AC20E29A:java.util.concurrent.CompletableFuture@65a43833[Not completed]
2019-10-10 00:01:28,349 [grpc-default-executor-7] INFO  impl.RaftServerProxy (RaftServerProxy.java:addNew(89)) - 6f3b3925-b3bf-4e77-a763-7ca3b61f29c5: addNew group-F4B8AC20E29A:[1898ed4f-cd53-4d03-b80f-d742d1f668c5:192.168.151.98:35382, 6f3b3925-b3bf-4e77-a763-7ca3b61f29c5:192.168.151.98:33419, 3b8dee2b-a736-49ac-9a65-2887f1808b91:192.168.151.98:39540] returns group-F4B8AC20E29A:java.util.concurrent.CompletableFuture@7eb54197[Not completed]
2019-10-10 00:01:28,350 [pool-393-thread-1] INFO  impl.RaftServerImpl (RaftServerImpl.java:<init>(95)) - 1898ed4f-cd53-4d03-b80f-d742d1f668c5: new RaftServerImpl for group-F4B8AC20E29A:[1898ed4f-cd53-4d03-b80f-d742d1f668c5:192.168.151.98:35382, 6f3b3925-b3bf-4e77-a763-7ca3b61f29c5:192.168.151.98:33419, 3b8dee2b-a736-49ac-9a65-2887f1808b91:192.168.151.98:39540] with ContainerStateMachine:uninitialized
2019-10-10 00:01:28,350 [pool-393-thread-1] INFO  server.RaftServerConfigKeys (ConfUtils.java:logGet(43)) - raft.server.rpc.timeout.min = 5s (custom)
2019-10-10 00:01:28,350 [pool-393-thread-1] INFO  server.RaftServerConfigKeys (ConfUtils.java:logGet(43)) - raft.server.rpc.timeout.max = 5200ms (custom)
2019-10-10 00:01:28,351 [pool-393-thread-1] INFO  server.RaftServerConfigKeys (ConfUtils.java:logGet(43)) - raft.server.rpcslowness.timeout = 120s (custom)
2019-10-10 00:01:28,351 [pool-393-thread-1] INFO  server.RaftServerConfigKeys (ConfUtils.java:logGet(43)) - raft.server.sleep.deviation.threshold = 300 (default)
2019-10-10 00:01:28,351 [pool-393-thread-1] INFO  server.RaftServerConfigKeys (ConfUtils.java:logGet(43)) - raft.server.log.appender.install.snapshot.enabled = false (custom)
2019-10-10 00:01:28,351 [pool-403-thread-1] INFO  impl.RaftServerImpl (RaftServerImpl.java:<init>(95)) - 6f3b3925-b3bf-4e77-a763-7ca3b61f29c5: new RaftServerImpl for group-F4B8AC20E29A:[1898ed4f-cd53-4d03-b80f-d742d1f668c5:192.168.151.98:35382, 6f3b3925-b3bf-4e77-a763-7ca3b61f29c5:192.168.151.98:33419, 3b8dee2b-a736-49ac-9a65-2887f1808b91:192.168.151.98:39540] with ContainerStateMachine:uninitialized
2019-10-10 00:01:28,351 [pool-393-thread-1] INFO  impl.RaftServerImpl (ServerState.java:<init>(103)) - 1898ed4f-cd53-4d03-b80f-d742d1f668c5@group-F4B8AC20E29A: ConfigurationManager, init=-1: [1898ed4f-cd53-4d03-b80f-d742d1f668c5:192.168.151.98:35382, 6f3b3925-b3bf-4e77-a763-7ca3b61f29c5:192.168.151.98:33419, 3b8dee2b-a736-49ac-9a65-2887f1808b91:192.168.151.98:39540], old=null, confs=<EMPTY_MAP>
2019-10-10 00:01:28,351 [grpc-default-executor-7] INFO  impl.RaftServerProxy (RaftServerProxy.java:addNew(89)) - 3b8dee2b-a736-49ac-9a65-2887f1808b91: addNew group-F4B8AC20E29A:[1898ed4f-cd53-4d03-b80f-d742d1f668c5:192.168.151.98:35382, 6f3b3925-b3bf-4e77-a763-7ca3b61f29c5:192.168.151.98:33419, 3b8dee2b-a736-49ac-9a65-2887f1808b91:192.168.151.98:39540] returns group-F4B8AC20E29A:java.util.concurrent.CompletableFuture@3cb92a63[Not completed]
2019-10-10 00:01:28,351 [pool-403-thread-1] INFO  server.RaftServerConfigKeys (ConfUtils.java:logGet(43)) - raft.server.rpc.timeout.min = 5s (custom)
2019-10-10 00:01:28,351 [pool-393-thread-1] INFO  server.RaftServerConfigKeys (ConfUtils.java:logGet(43)) - raft.server.storage.dir = [/workdir/hadoop-ozone/integration-test/target/test-dir/MiniOzoneClusterImpl-4ac3c868-dcd7-40cc-945e-ce08398c8c7c/datanode-1/data/ratis] (custom)
2019-10-10 00:01:28,351 [pool-403-thread-1] INFO  server.RaftServerConfigKeys (ConfUtils.java:logGet(43)) - raft.server.rpc.timeout.max = 5200ms (custom)
2019-10-10 00:01:28,352 [pool-403-thread-1] INFO  server.RaftServerConfigKeys (ConfUtils.java:logGet(43)) - raft.server.rpcslowness.timeout = 120s (custom)
2019-10-10 00:01:28,352 [pool-393-thread-1] INFO  server.RaftServerConfigKeys (ConfUtils.java:logGet(43)) - raft.server.log.corruption.policy = EXCEPTION (default)
2019-10-10 00:01:28,352 [pool-383-thread-1] INFO  impl.RaftServerImpl (RaftServerImpl.java:<init>(95)) - 3b8dee2b-a736-49ac-9a65-2887f1808b91: new RaftServerImpl for group-F4B8AC20E29A:[1898ed4f-cd53-4d03-b80f-d742d1f668c5:192.168.151.98:35382, 6f3b3925-b3bf-4e77-a763-7ca3b61f29c5:192.168.151.98:33419, 3b8dee2b-a736-49ac-9a65-2887f1808b91:192.168.151.98:39540] with ContainerStateMachine:uninitialized
2019-10-10 00:01:28,352 [pool-403-thread-1] INFO  server.RaftServerConfigKeys (ConfUtils.java:logGet(43)) - raft.server.sleep.deviation.threshold = 300 (default)
2019-10-10 00:01:28,352 [pool-383-thread-1] INFO  server.RaftServerConfigKeys (ConfUtils.java:logGet(43)) - raft.server.rpc.timeout.min = 5s (custom)
2019-10-10 00:01:28,352 [pool-393-thread-1] INFO  storage.RaftStorageDirectory (RaftStorageDirectory.java:analyzeStorage(246)) - The storage directory /workdir/hadoop-ozone/integration-test/target/test-dir/MiniOzoneClusterImpl-4ac3c868-dcd7-40cc-945e-ce08398c8c7c/datanode-1/data/ratis/d396994e-f5b0-4ab7-ade2-f4b8ac20e29a does not exist. Creating ...
2019-10-10 00:01:28,352 [pool-383-thread-1] INFO  server.RaftServerConfigKeys (ConfUtils.java:logGet(43)) - raft.server.rpc.timeout.max = 5200ms (custom)
2019-10-10 00:01:28,352 [pool-403-thread-1] INFO  server.RaftServerConfigKeys (ConfUtils.java:logGet(43)) - raft.server.log.appender.install.snapshot.enabled = false (custom)
2019-10-10 00:01:28,353 [pool-383-thread-1] INFO  server.RaftServerConfigKeys (ConfUtils.java:logGet(43)) - raft.server.rpcslowness.timeout = 120s (custom)
2019-10-10 00:01:28,353 [pool-403-thread-1] INFO  impl.RaftServerImpl (ServerState.java:<init>(103)) - 6f3b3925-b3bf-4e77-a763-7ca3b61f29c5@group-F4B8AC20E29A: ConfigurationManager, init=-1: [1898ed4f-cd53-4d03-b80f-d742d1f668c5:192.168.151.98:35382, 6f3b3925-b3bf-4e77-a763-7ca3b61f29c5:192.168.151.98:33419, 3b8dee2b-a736-49ac-9a65-2887f1808b91:192.168.151.98:39540], old=null, confs=<EMPTY_MAP>
2019-10-10 00:01:28,353 [pool-383-thread-1] INFO  server.RaftServerConfigKeys (ConfUtils.java:logGet(43)) - raft.server.sleep.deviation.threshold = 300 (default)
2019-10-10 00:01:28,353 [pool-403-thread-1] INFO  server.RaftServerConfigKeys (ConfUtils.java:logGet(43)) - raft.server.storage.dir = [/workdir/hadoop-ozone/integration-test/target/test-dir/MiniOzoneClusterImpl-4ac3c868-dcd7-40cc-945e-ce08398c8c7c/datanode-2/data/ratis] (custom)
2019-10-10 00:01:28,353 [pool-383-thread-1] INFO  server.RaftServerConfigKeys (ConfUtils.java:logGet(43)) - raft.server.log.appender.install.snapshot.enabled = false (custom)
2019-10-10 00:01:28,353 [pool-403-thread-1] INFO  server.RaftServerConfigKeys (ConfUtils.java:logGet(43)) - raft.server.log.corruption.policy = EXCEPTION (default)
2019-10-10 00:01:28,353 [pool-383-thread-1] INFO  impl.RaftServerImpl (ServerState.java:<init>(103)) - 3b8dee2b-a736-49ac-9a65-2887f1808b91@group-F4B8AC20E29A: ConfigurationManager, init=-1: [1898ed4f-cd53-4d03-b80f-d742d1f668c5:192.168.151.98:35382, 6f3b3925-b3bf-4e77-a763-7ca3b61f29c5:192.168.151.98:33419, 3b8dee2b-a736-49ac-9a65-2887f1808b91:192.168.151.98:39540], old=null, confs=<EMPTY_MAP>
2019-10-10 00:01:28,353 [IPC Server handler 3 on 43031] INFO  net.NetworkTopology (NetworkTopologyImpl.java:add(111)) - Added a new node: /default-rack/a8fb07c2-5f9f-49f5-a43e-fbbd202a09ff
2019-10-10 00:01:28,354 [pool-383-thread-1] INFO  server.RaftServerConfigKeys (ConfUtils.java:logGet(43)) - raft.server.storage.dir = [/workdir/hadoop-ozone/integration-test/target/test-dir/MiniOzoneClusterImpl-4ac3c868-dcd7-40cc-945e-ce08398c8c7c/datanode-0/data/ratis] (custom)
2019-10-10 00:01:28,353 [pool-403-thread-1] INFO  storage.RaftStorageDirectory (RaftStorageDirectory.java:analyzeStorage(246)) - The storage directory /workdir/hadoop-ozone/integration-test/target/test-dir/MiniOzoneClusterImpl-4ac3c868-dcd7-40cc-945e-ce08398c8c7c/datanode-2/data/ratis/d396994e-f5b0-4ab7-ade2-f4b8ac20e29a does not exist. Creating ...
2019-10-10 00:01:28,354 [IPC Server handler 3 on 43031] INFO  node.SCMNodeManager (SCMNodeManager.java:register(268)) - Registered Data node : a8fb07c2-5f9f-49f5-a43e-fbbd202a09ff{ip: 192.168.151.98, host: pr-hdds-2194-ks6jj-815731239, networkLocation: /default-rack, certSerialId: null}
2019-10-10 00:01:28,354 [pool-383-thread-1] INFO  server.RaftServerConfigKeys (ConfUtils.java:logGet(43)) - raft.server.log.corruption.policy = EXCEPTION (default)
2019-10-10 00:01:28,354 [pool-383-thread-1] INFO  storage.RaftStorageDirectory (RaftStorageDirectory.java:analyzeStorage(246)) - The storage directory /workdir/hadoop-ozone/integration-test/target/test-dir/MiniOzoneClusterImpl-4ac3c868-dcd7-40cc-945e-ce08398c8c7c/datanode-0/data/ratis/d396994e-f5b0-4ab7-ade2-f4b8ac20e29a does not exist. Creating ...
2019-10-10 00:01:28,374 [pool-383-thread-1] INFO  storage.RaftStorageDirectory (RaftStorageDirectory.java:tryLock(328)) - Lock on /workdir/hadoop-ozone/integration-test/target/test-dir/MiniOzoneClusterImpl-4ac3c868-dcd7-40cc-945e-ce08398c8c7c/datanode-0/data/ratis/d396994e-f5b0-4ab7-ade2-f4b8ac20e29a/in_use.lock acquired by nodename 28031@pr-hdds-2194-ks6jj-815731239
2019-10-10 00:01:28,374 [pool-393-thread-1] INFO  storage.RaftStorageDirectory (RaftStorageDirectory.java:tryLock(328)) - Lock on /workdir/hadoop-ozone/integration-test/target/test-dir/MiniOzoneClusterImpl-4ac3c868-dcd7-40cc-945e-ce08398c8c7c/datanode-1/data/ratis/d396994e-f5b0-4ab7-ade2-f4b8ac20e29a/in_use.lock acquired by nodename 28031@pr-hdds-2194-ks6jj-815731239
2019-10-10 00:01:28,374 [pool-403-thread-1] INFO  storage.RaftStorageDirectory (RaftStorageDirectory.java:tryLock(328)) - Lock on /workdir/hadoop-ozone/integration-test/target/test-dir/MiniOzoneClusterImpl-4ac3c868-dcd7-40cc-945e-ce08398c8c7c/datanode-2/data/ratis/d396994e-f5b0-4ab7-ade2-f4b8ac20e29a/in_use.lock acquired by nodename 28031@pr-hdds-2194-ks6jj-815731239
2019-10-10 00:01:28,388 [pool-393-thread-1] INFO  storage.RaftStorage (RaftStorage.java:format(84)) - Storage directory /workdir/hadoop-ozone/integration-test/target/test-dir/MiniOzoneClusterImpl-4ac3c868-dcd7-40cc-945e-ce08398c8c7c/datanode-1/data/ratis/d396994e-f5b0-4ab7-ade2-f4b8ac20e29a has been successfully formatted.
2019-10-10 00:01:28,388 [pool-383-thread-1] INFO  storage.RaftStorage (RaftStorage.java:format(84)) - Storage directory /workdir/hadoop-ozone/integration-test/target/test-dir/MiniOzoneClusterImpl-4ac3c868-dcd7-40cc-945e-ce08398c8c7c/datanode-0/data/ratis/d396994e-f5b0-4ab7-ade2-f4b8ac20e29a has been successfully formatted.
2019-10-10 00:01:28,388 [pool-403-thread-1] INFO  storage.RaftStorage (RaftStorage.java:format(84)) - Storage directory /workdir/hadoop-ozone/integration-test/target/test-dir/MiniOzoneClusterImpl-4ac3c868-dcd7-40cc-945e-ce08398c8c7c/datanode-2/data/ratis/d396994e-f5b0-4ab7-ade2-f4b8ac20e29a has been successfully formatted.
2019-10-10 00:01:28,388 [pool-393-thread-1] INFO  ratis.ContainerStateMachine (ContainerStateMachine.java:loadSnapshot(231)) - group-F4B8AC20E29A: The snapshot info is null. Setting the last applied indexto:(t:0, i:~)
2019-10-10 00:01:28,388 [pool-403-thread-1] INFO  ratis.ContainerStateMachine (ContainerStateMachine.java:loadSnapshot(231)) - group-F4B8AC20E29A: The snapshot info is null. Setting the last applied indexto:(t:0, i:~)
2019-10-10 00:01:28,388 [pool-383-thread-1] INFO  ratis.ContainerStateMachine (ContainerStateMachine.java:loadSnapshot(231)) - group-F4B8AC20E29A: The snapshot info is null. Setting the last applied indexto:(t:0, i:~)
2019-10-10 00:01:28,388 [pool-403-thread-1] INFO  server.RaftServerConfigKeys (ConfUtils.java:logGet(43)) - raft.server.notification.no-leader.timeout = 120s (custom)
2019-10-10 00:01:28,388 [pool-393-thread-1] INFO  server.RaftServerConfigKeys (ConfUtils.java:logGet(43)) - raft.server.notification.no-leader.timeout = 120s (custom)
2019-10-10 00:01:28,389 [pool-403-thread-1] INFO  server.RaftServerConfigKeys (ConfUtils.java:logGet(43)) - raft.server.log.use.memory = false (default)
2019-10-10 00:01:28,388 [pool-383-thread-1] INFO  server.RaftServerConfigKeys (ConfUtils.java:logGet(43)) - raft.server.notification.no-leader.timeout = 120s (custom)
2019-10-10 00:01:28,389 [pool-403-thread-1] INFO  server.RaftServerConfigKeys (ConfUtils.java:logGet(43)) - raft.server.log.purge.gap = 1000000 (custom)
2019-10-10 00:01:28,389 [pool-393-thread-1] INFO  server.RaftServerConfigKeys (ConfUtils.java:logGet(43)) - raft.server.log.use.memory = false (default)
2019-10-10 00:01:28,389 [pool-403-thread-1] INFO  server.RaftServerConfigKeys (ConfUtils.java:logGet(43)) - raft.server.log.appender.buffer.byte-limit = 33554432 (custom)
2019-10-10 00:01:28,389 [pool-383-thread-1] INFO  server.RaftServerConfigKeys (ConfUtils.java:logGet(43)) - raft.server.log.use.memory = false (default)
2019-10-10 00:01:28,389 [pool-403-thread-1] INFO  server.RaftServerConfigKeys (ConfUtils.java:logGet(43)) - raft.server.log.segment.size.max = 1048576 (custom)
2019-10-10 00:01:28,389 [pool-393-thread-1] INFO  server.RaftServerConfigKeys (ConfUtils.java:logGet(43)) - raft.server.log.purge.gap = 1000000 (custom)
2019-10-10 00:01:28,389 [pool-403-thread-1] INFO  server.RaftServerConfigKeys (ConfUtils.java:logGet(43)) - raft.server.log.segment.cache.num.max = 2 (custom)
2019-10-10 00:01:28,389 [pool-383-thread-1] INFO  server.RaftServerConfigKeys (ConfUtils.java:logGet(43)) - raft.server.log.purge.gap = 1000000 (custom)
2019-10-10 00:01:28,390 [pool-403-thread-1] INFO  segmented.SegmentedRaftLogWorker (SegmentedRaftLogWorker.java:<init>(173)) - new 6f3b3925-b3bf-4e77-a763-7ca3b61f29c5@group-F4B8AC20E29A-SegmentedRaftLogWorker for RaftStorage:Storage Directory /workdir/hadoop-ozone/integration-test/target/test-dir/MiniOzoneClusterImpl-4ac3c868-dcd7-40cc-945e-ce08398c8c7c/datanode-2/data/ratis/d396994e-f5b0-4ab7-ade2-f4b8ac20e29a
2019-10-10 00:01:28,389 [pool-393-thread-1] INFO  server.RaftServerConfigKeys (ConfUtils.java:logGet(43)) - raft.server.log.appender.buffer.byte-limit = 33554432 (custom)
2019-10-10 00:01:28,390 [pool-403-thread-1] INFO  server.RaftServerConfigKeys (ConfUtils.java:logGet(43)) - raft.server.log.queue.byte-limit = 2147483647 (custom)
2019-10-10 00:01:28,390 [pool-383-thread-1] INFO  server.RaftServerConfigKeys (ConfUtils.java:logGet(43)) - raft.server.log.appender.buffer.byte-limit = 33554432 (custom)
2019-10-10 00:01:28,390 [pool-403-thread-1] INFO  server.RaftServerConfigKeys (ConfUtils.java:logGet(43)) - raft.server.log.queue.element-limit = 1024 (custom)
2019-10-10 00:01:28,390 [pool-393-thread-1] INFO  server.RaftServerConfigKeys (ConfUtils.java:logGet(43)) - raft.server.log.segment.size.max = 1048576 (custom)
2019-10-10 00:01:28,390 [pool-403-thread-1] INFO  server.RaftServerConfigKeys (ConfUtils.java:logGet(43)) - raft.server.log.segment.size.max = 1048576 (custom)
2019-10-10 00:01:28,390 [pool-383-thread-1] INFO  server.RaftServerConfigKeys (ConfUtils.java:logGet(43)) - raft.server.log.segment.size.max = 1048576 (custom)
2019-10-10 00:01:28,390 [pool-403-thread-1] INFO  server.RaftServerConfigKeys (ConfUtils.java:logGet(43)) - raft.server.log.preallocated.size = 16384 (custom)
2019-10-10 00:01:28,390 [pool-393-thread-1] INFO  server.RaftServerConfigKeys (ConfUtils.java:logGet(43)) - raft.server.log.segment.cache.num.max = 2 (custom)
2019-10-10 00:01:28,391 [pool-403-thread-1] INFO  server.RaftServerConfigKeys (ConfUtils.java:logGet(43)) - raft.server.log.write.buffer.size = 33554432 (custom)
2019-10-10 00:01:28,390 [pool-383-thread-1] INFO  server.RaftServerConfigKeys (ConfUtils.java:logGet(43)) - raft.server.log.segment.cache.num.max = 2 (custom)
2019-10-10 00:01:28,391 [pool-403-thread-1] INFO  server.RaftServerConfigKeys (ConfUtils.java:logGet(43)) - raft.server.log.force.sync.num = 128 (default)
2019-10-10 00:01:28,391 [pool-393-thread-1] INFO  segmented.SegmentedRaftLogWorker (SegmentedRaftLogWorker.java:<init>(173)) - new 1898ed4f-cd53-4d03-b80f-d742d1f668c5@group-F4B8AC20E29A-SegmentedRaftLogWorker for RaftStorage:Storage Directory /workdir/hadoop-ozone/integration-test/target/test-dir/MiniOzoneClusterImpl-4ac3c868-dcd7-40cc-945e-ce08398c8c7c/datanode-1/data/ratis/d396994e-f5b0-4ab7-ade2-f4b8ac20e29a
2019-10-10 00:01:28,391 [pool-403-thread-1] INFO  server.RaftServerConfigKeys (ConfUtils.java:logGet(43)) - raft.server.log.statemachine.data.sync = true (default)
2019-10-10 00:01:28,391 [pool-383-thread-1] INFO  segmented.SegmentedRaftLogWorker (SegmentedRaftLogWorker.java:<init>(173)) - new 3b8dee2b-a736-49ac-9a65-2887f1808b91@group-F4B8AC20E29A-SegmentedRaftLogWorker for RaftStorage:Storage Directory /workdir/hadoop-ozone/integration-test/target/test-dir/MiniOzoneClusterImpl-4ac3c868-dcd7-40cc-945e-ce08398c8c7c/datanode-0/data/ratis/d396994e-f5b0-4ab7-ade2-f4b8ac20e29a
2019-10-10 00:01:28,391 [pool-403-thread-1] INFO  server.RaftServerConfigKeys (ConfUtils.java:logGet(43)) - raft.server.log.statemachine.data.sync.timeout = 10s (default)
2019-10-10 00:01:28,391 [pool-393-thread-1] INFO  server.RaftServerConfigKeys (ConfUtils.java:logGet(43)) - raft.server.log.queue.byte-limit = 2147483647 (custom)
2019-10-10 00:01:28,391 [pool-403-thread-1] INFO  server.RaftServerConfigKeys (ConfUtils.java:logGet(43)) - raft.server.log.statemachine.data.sync.timeout.retry = -1 (default)
2019-10-10 00:01:28,391 [pool-383-thread-1] INFO  server.RaftServerConfigKeys (ConfUtils.java:logGet(43)) - raft.server.log.queue.byte-limit = 2147483647 (custom)
2019-10-10 00:01:28,392 [pool-403-thread-1] INFO  server.RaftServerConfigKeys (ConfUtils.java:logGet(43)) - raft.server.log.statemachine.data.caching.enabled = true (custom)
2019-10-10 00:01:28,391 [pool-393-thread-1] INFO  server.RaftServerConfigKeys (ConfUtils.java:logGet(43)) - raft.server.log.queue.element-limit = 1024 (custom)
2019-10-10 00:01:28,392 [pool-383-thread-1] INFO  server.RaftServerConfigKeys (ConfUtils.java:logGet(43)) - raft.server.log.queue.element-limit = 1024 (custom)
2019-10-10 00:01:28,392 [pool-403-thread-1] INFO  segmented.SegmentedRaftLogWorker (SegmentedRaftLogWorker.java:lambda$new$0(128)) - 6f3b3925-b3bf-4e77-a763-7ca3b61f29c5@group-F4B8AC20E29A-SegmentedRaftLogWorker: flushIndex: setUnconditionally 0 -> -1
2019-10-10 00:01:28,392 [pool-393-thread-1] INFO  server.RaftServerConfigKeys (ConfUtils.java:logGet(43)) - raft.server.log.segment.size.max = 1048576 (custom)
2019-10-10 00:01:28,392 [pool-383-thread-1] INFO  server.RaftServerConfigKeys (ConfUtils.java:logGet(43)) - raft.server.log.segment.size.max = 1048576 (custom)
2019-10-10 00:01:28,392 [pool-403-thread-1] INFO  server.RaftServerConfigKeys (ConfUtils.java:logGet(43)) - raft.server.snapshot.auto.trigger.enabled = true (custom)
2019-10-10 00:01:28,392 [pool-393-thread-1] INFO  server.RaftServerConfigKeys (ConfUtils.java:logGet(43)) - raft.server.log.preallocated.size = 16384 (custom)
2019-10-10 00:01:28,392 [pool-403-thread-1] INFO  server.RaftServerConfigKeys (ConfUtils.java:logGet(43)) - raft.server.snapshot.auto.trigger.threshold = 10000 (custom)
2019-10-10 00:01:28,392 [pool-383-thread-1] INFO  server.RaftServerConfigKeys (ConfUtils.java:logGet(43)) - raft.server.log.preallocated.size = 16384 (custom)
2019-10-10 00:01:28,392 [pool-403-thread-1] INFO  server.RaftServerConfigKeys (ConfUtils.java:logGet(43)) - raft.server.snapshot.retention.file.num = 5 (custom)
2019-10-10 00:01:28,392 [pool-393-thread-1] INFO  server.RaftServerConfigKeys (ConfUtils.java:logGet(43)) - raft.server.log.write.buffer.size = 33554432 (custom)
2019-10-10 00:01:28,393 [pool-403-thread-1] INFO  server.RaftServerConfigKeys (ConfUtils.java:logGet(43)) - raft.server.retrycache.expirytime = 600000ms (custom)
2019-10-10 00:01:28,393 [pool-383-thread-1] INFO  server.RaftServerConfigKeys (ConfUtils.java:logGet(43)) - raft.server.log.write.buffer.size = 33554432 (custom)
2019-10-10 00:01:28,393 [pool-393-thread-1] INFO  server.RaftServerConfigKeys (ConfUtils.java:logGet(43)) - raft.server.log.force.sync.num = 128 (default)
2019-10-10 00:01:28,393 [pool-383-thread-1] INFO  server.RaftServerConfigKeys (ConfUtils.java:logGet(43)) - raft.server.log.force.sync.num = 128 (default)
2019-10-10 00:01:28,393 [pool-393-thread-1] INFO  server.RaftServerConfigKeys (ConfUtils.java:logGet(43)) - raft.server.log.statemachine.data.sync = true (default)
2019-10-10 00:01:28,393 [pool-383-thread-1] INFO  server.RaftServerConfigKeys (ConfUtils.java:logGet(43)) - raft.server.log.statemachine.data.sync = true (default)
2019-10-10 00:01:28,393 [pool-393-thread-1] INFO  server.RaftServerConfigKeys (ConfUtils.java:logGet(43)) - raft.server.log.statemachine.data.sync.timeout = 10s (default)
2019-10-10 00:01:28,393 [pool-383-thread-1] INFO  server.RaftServerConfigKeys (ConfUtils.java:logGet(43)) - raft.server.log.statemachine.data.sync.timeout = 10s (default)
2019-10-10 00:01:28,393 [pool-393-thread-1] INFO  server.RaftServerConfigKeys (ConfUtils.java:logGet(43)) - raft.server.log.statemachine.data.sync.timeout.retry = -1 (default)
2019-10-10 00:01:28,394 [pool-383-thread-1] INFO  server.RaftServerConfigKeys (ConfUtils.java:logGet(43)) - raft.server.log.statemachine.data.sync.timeout.retry = -1 (default)
2019-10-10 00:01:28,394 [pool-393-thread-1] INFO  server.RaftServerConfigKeys (ConfUtils.java:logGet(43)) - raft.server.log.statemachine.data.caching.enabled = true (custom)
2019-10-10 00:01:28,394 [pool-383-thread-1] INFO  server.RaftServerConfigKeys (ConfUtils.java:logGet(43)) - raft.server.log.statemachine.data.caching.enabled = true (custom)
2019-10-10 00:01:28,394 [pool-393-thread-1] INFO  segmented.SegmentedRaftLogWorker (SegmentedRaftLogWorker.java:lambda$new$0(128)) - 1898ed4f-cd53-4d03-b80f-d742d1f668c5@group-F4B8AC20E29A-SegmentedRaftLogWorker: flushIndex: setUnconditionally 0 -> -1
2019-10-10 00:01:28,394 [pool-403-thread-1] INFO  impl.RaftServerImpl (RaftServerImpl.java:start(181)) - 6f3b3925-b3bf-4e77-a763-7ca3b61f29c5@group-F4B8AC20E29A: start as a follower, conf=-1: [1898ed4f-cd53-4d03-b80f-d742d1f668c5:192.168.151.98:35382, 6f3b3925-b3bf-4e77-a763-7ca3b61f29c5:192.168.151.98:33419, 3b8dee2b-a736-49ac-9a65-2887f1808b91:192.168.151.98:39540], old=null
2019-10-10 00:01:28,394 [pool-383-thread-1] INFO  segmented.SegmentedRaftLogWorker (SegmentedRaftLogWorker.java:lambda$new$0(128)) - 3b8dee2b-a736-49ac-9a65-2887f1808b91@group-F4B8AC20E29A-SegmentedRaftLogWorker: flushIndex: setUnconditionally 0 -> -1
2019-10-10 00:01:28,394 [pool-393-thread-1] INFO  server.RaftServerConfigKeys (ConfUtils.java:logGet(43)) - raft.server.snapshot.auto.trigger.enabled = true (custom)
2019-10-10 00:01:28,394 [pool-383-thread-1] INFO  server.RaftServerConfigKeys (ConfUtils.java:logGet(43)) - raft.server.snapshot.auto.trigger.enabled = true (custom)
2019-10-10 00:01:28,394 [pool-403-thread-1] INFO  impl.RaftServerImpl (RaftServerImpl.java:setRole(170)) - 6f3b3925-b3bf-4e77-a763-7ca3b61f29c5@group-F4B8AC20E29A: changes role from      null to FOLLOWER at term 0 for startAsFollower
2019-10-10 00:01:28,394 [pool-383-thread-1] INFO  server.RaftServerConfigKeys (ConfUtils.java:logGet(43)) - raft.server.snapshot.auto.trigger.threshold = 10000 (custom)
2019-10-10 00:01:28,394 [pool-393-thread-1] INFO  server.RaftServerConfigKeys (ConfUtils.java:logGet(43)) - raft.server.snapshot.auto.trigger.threshold = 10000 (custom)
2019-10-10 00:01:28,395 [pool-383-thread-1] INFO  server.RaftServerConfigKeys (ConfUtils.java:logGet(43)) - raft.server.snapshot.retention.file.num = 5 (custom)
2019-10-10 00:01:28,395 [pool-403-thread-1] INFO  impl.RoleInfo (RoleInfo.java:updateAndGet(143)) - 6f3b3925-b3bf-4e77-a763-7ca3b61f29c5: start FollowerState
2019-10-10 00:01:28,395 [pool-393-thread-1] INFO  server.RaftServerConfigKeys (ConfUtils.java:logGet(43)) - raft.server.snapshot.retention.file.num = 5 (custom)
2019-10-10 00:01:28,395 [pool-383-thread-1] INFO  server.RaftServerConfigKeys (ConfUtils.java:logGet(43)) - raft.server.retrycache.expirytime = 600000ms (custom)
2019-10-10 00:01:28,395 [pool-403-thread-1] INFO  util.JmxRegister (JmxRegister.java:tryRegister(44)) - Successfully registered JMX Bean with object name Ratis:service=RaftServer,group=group-F4B8AC20E29A,id=6f3b3925-b3bf-4e77-a763-7ca3b61f29c5
2019-10-10 00:01:28,395 [pool-393-thread-1] INFO  server.RaftServerConfigKeys (ConfUtils.java:logGet(43)) - raft.server.retrycache.expirytime = 600000ms (custom)
2019-10-10 00:01:28,397 [pool-383-thread-1] INFO  impl.RaftServerImpl (RaftServerImpl.java:start(181)) - 3b8dee2b-a736-49ac-9a65-2887f1808b91@group-F4B8AC20E29A: start as a follower, conf=-1: [1898ed4f-cd53-4d03-b80f-d742d1f668c5:192.168.151.98:35382, 6f3b3925-b3bf-4e77-a763-7ca3b61f29c5:192.168.151.98:33419, 3b8dee2b-a736-49ac-9a65-2887f1808b91:192.168.151.98:39540], old=null
2019-10-10 00:01:28,397 [pool-383-thread-1] INFO  impl.RaftServerImpl (RaftServerImpl.java:setRole(170)) - 3b8dee2b-a736-49ac-9a65-2887f1808b91@group-F4B8AC20E29A: changes role from      null to FOLLOWER at term 0 for startAsFollower
2019-10-10 00:01:28,398 [pool-383-thread-1] INFO  impl.RoleInfo (RoleInfo.java:updateAndGet(143)) - 3b8dee2b-a736-49ac-9a65-2887f1808b91: start FollowerState
2019-10-10 00:01:28,398 [pool-383-thread-1] INFO  util.JmxRegister (JmxRegister.java:tryRegister(44)) - Successfully registered JMX Bean with object name Ratis:service=RaftServer,group=group-F4B8AC20E29A,id=3b8dee2b-a736-49ac-9a65-2887f1808b91
2019-10-10 00:01:28,398 [pool-393-thread-1] INFO  impl.RaftServerImpl (RaftServerImpl.java:start(181)) - 1898ed4f-cd53-4d03-b80f-d742d1f668c5@group-F4B8AC20E29A: start as a follower, conf=-1: [1898ed4f-cd53-4d03-b80f-d742d1f668c5:192.168.151.98:35382, 6f3b3925-b3bf-4e77-a763-7ca3b61f29c5:192.168.151.98:33419, 3b8dee2b-a736-49ac-9a65-2887f1808b91:192.168.151.98:39540], old=null
2019-10-10 00:01:28,398 [pool-393-thread-1] INFO  impl.RaftServerImpl (RaftServerImpl.java:setRole(170)) - 1898ed4f-cd53-4d03-b80f-d742d1f668c5@group-F4B8AC20E29A: changes role from      null to FOLLOWER at term 0 for startAsFollower
2019-10-10 00:01:28,398 [pool-393-thread-1] INFO  impl.RoleInfo (RoleInfo.java:updateAndGet(143)) - 1898ed4f-cd53-4d03-b80f-d742d1f668c5: start FollowerState
2019-10-10 00:01:28,399 [pool-393-thread-1] INFO  util.JmxRegister (JmxRegister.java:tryRegister(44)) - Successfully registered JMX Bean with object name Ratis:service=RaftServer,group=group-F4B8AC20E29A,id=1898ed4f-cd53-4d03-b80f-d742d1f668c5
2019-10-10 00:01:28,408 [RatisPipelineUtilsThread] INFO  pipeline.PipelineStateManager (PipelineStateManager.java:addPipeline(56)) - Created pipeline Pipeline[ Id: d396994e-f5b0-4ab7-ade2-f4b8ac20e29a, Nodes: 1898ed4f-cd53-4d03-b80f-d742d1f668c5{ip: 192.168.151.98, host: pr-hdds-2194-ks6jj-815731239, networkLocation: /default-rack, certSerialId: null}6f3b3925-b3bf-4e77-a763-7ca3b61f29c5{ip: 192.168.151.98, host: pr-hdds-2194-ks6jj-815731239, networkLocation: /default-rack, certSerialId: null}3b8dee2b-a736-49ac-9a65-2887f1808b91{ip: 192.168.151.98, host: pr-hdds-2194-ks6jj-815731239, networkLocation: /default-rack, certSerialId: null}, Type:RATIS, Factor:THREE, State:OPEN]
2019-10-10 00:01:28,434 [IPC Server handler 4 on 43031] INFO  net.NetworkTopology (NetworkTopologyImpl.java:add(111)) - Added a new node: /default-rack/09ad47e2-225d-435b-8601-488dc6b24bba
2019-10-10 00:01:28,436 [IPC Server handler 4 on 43031] INFO  node.SCMNodeManager (SCMNodeManager.java:register(268)) - Registered Data node : 09ad47e2-225d-435b-8601-488dc6b24bba{ip: 192.168.151.98, host: pr-hdds-2194-ks6jj-815731239, networkLocation: /default-rack, certSerialId: null}
2019-10-10 00:01:28,441 [grpc-default-executor-7] INFO  impl.RaftServerProxy (RaftServerProxy.java:addNew(89)) - a8fb07c2-5f9f-49f5-a43e-fbbd202a09ff: addNew group-FC4FA494D286:[a8fb07c2-5f9f-49f5-a43e-fbbd202a09ff:192.168.151.98:41671] returns group-FC4FA494D286:java.util.concurrent.CompletableFuture@5f9f34dc[Not completed]
2019-10-10 00:01:28,444 [pool-413-thread-1] INFO  impl.RaftServerImpl (RaftServerImpl.java:<init>(95)) - a8fb07c2-5f9f-49f5-a43e-fbbd202a09ff: new RaftServerImpl for group-FC4FA494D286:[a8fb07c2-5f9f-49f5-a43e-fbbd202a09ff:192.168.151.98:41671] with ContainerStateMachine:uninitialized
2019-10-10 00:01:28,444 [pool-413-thread-1] INFO  server.RaftServerConfigKeys (ConfUtils.java:logGet(43)) - raft.server.rpc.timeout.min = 5s (custom)
2019-10-10 00:01:28,444 [pool-413-thread-1] INFO  server.RaftServerConfigKeys (ConfUtils.java:logGet(43)) - raft.server.rpc.timeout.max = 5200ms (custom)
2019-10-10 00:01:28,444 [pool-413-thread-1] INFO  server.RaftServerConfigKeys (ConfUtils.java:logGet(43)) - raft.server.rpcslowness.timeout = 120s (custom)
2019-10-10 00:01:28,444 [pool-413-thread-1] INFO  server.RaftServerConfigKeys (ConfUtils.java:logGet(43)) - raft.server.sleep.deviation.threshold = 300 (default)
2019-10-10 00:01:28,445 [pool-413-thread-1] INFO  server.RaftServerConfigKeys (ConfUtils.java:logGet(43)) - raft.server.log.appender.install.snapshot.enabled = false (custom)
2019-10-10 00:01:28,445 [pool-413-thread-1] INFO  impl.RaftServerImpl (ServerState.java:<init>(103)) - a8fb07c2-5f9f-49f5-a43e-fbbd202a09ff@group-FC4FA494D286: ConfigurationManager, init=-1: [a8fb07c2-5f9f-49f5-a43e-fbbd202a09ff:192.168.151.98:41671], old=null, confs=<EMPTY_MAP>
2019-10-10 00:01:28,445 [pool-413-thread-1] INFO  server.RaftServerConfigKeys (ConfUtils.java:logGet(43)) - raft.server.storage.dir = [/workdir/hadoop-ozone/integration-test/target/test-dir/MiniOzoneClusterImpl-4ac3c868-dcd7-40cc-945e-ce08398c8c7c/datanode-3/data/ratis] (custom)
2019-10-10 00:01:28,445 [pool-413-thread-1] INFO  server.RaftServerConfigKeys (ConfUtils.java:logGet(43)) - raft.server.log.corruption.policy = EXCEPTION (default)
2019-10-10 00:01:28,445 [pool-413-thread-1] INFO  storage.RaftStorageDirectory (RaftStorageDirectory.java:analyzeStorage(246)) - The storage directory /workdir/hadoop-ozone/integration-test/target/test-dir/MiniOzoneClusterImpl-4ac3c868-dcd7-40cc-945e-ce08398c8c7c/datanode-3/data/ratis/1112020b-f41c-4dd6-a462-fc4fa494d286 does not exist. Creating ...
2019-10-10 00:01:28,458 [pool-413-thread-1] INFO  storage.RaftStorageDirectory (RaftStorageDirectory.java:tryLock(328)) - Lock on /workdir/hadoop-ozone/integration-test/target/test-dir/MiniOzoneClusterImpl-4ac3c868-dcd7-40cc-945e-ce08398c8c7c/datanode-3/data/ratis/1112020b-f41c-4dd6-a462-fc4fa494d286/in_use.lock acquired by nodename 28031@pr-hdds-2194-ks6jj-815731239
2019-10-10 00:01:28,470 [pool-413-thread-1] INFO  storage.RaftStorage (RaftStorage.java:format(84)) - Storage directory /workdir/hadoop-ozone/integration-test/target/test-dir/MiniOzoneClusterImpl-4ac3c868-dcd7-40cc-945e-ce08398c8c7c/datanode-3/data/ratis/1112020b-f41c-4dd6-a462-fc4fa494d286 has been successfully formatted.
2019-10-10 00:01:28,471 [pool-413-thread-1] INFO  ratis.ContainerStateMachine (ContainerStateMachine.java:loadSnapshot(231)) - group-FC4FA494D286: The snapshot info is null. Setting the last applied indexto:(t:0, i:~)
2019-10-10 00:01:28,471 [pool-413-thread-1] INFO  server.RaftServerConfigKeys (ConfUtils.java:logGet(43)) - raft.server.notification.no-leader.timeout = 120s (custom)
2019-10-10 00:01:28,471 [pool-413-thread-1] INFO  server.RaftServerConfigKeys (ConfUtils.java:logGet(43)) - raft.server.log.use.memory = false (default)
2019-10-10 00:01:28,471 [pool-413-thread-1] INFO  server.RaftServerConfigKeys (ConfUtils.java:logGet(43)) - raft.server.log.purge.gap = 1000000 (custom)
2019-10-10 00:01:28,471 [pool-413-thread-1] INFO  server.RaftServerConfigKeys (ConfUtils.java:logGet(43)) - raft.server.log.appender.buffer.byte-limit = 33554432 (custom)
2019-10-10 00:01:28,471 [pool-413-thread-1] INFO  server.RaftServerConfigKeys (ConfUtils.java:logGet(43)) - raft.server.log.segment.size.max = 1048576 (custom)
2019-10-10 00:01:28,473 [pool-413-thread-1] INFO  server.RaftServerConfigKeys (ConfUtils.java:logGet(43)) - raft.server.log.segment.cache.num.max = 2 (custom)
2019-10-10 00:01:28,473 [pool-413-thread-1] INFO  segmented.SegmentedRaftLogWorker (SegmentedRaftLogWorker.java:<init>(173)) - new a8fb07c2-5f9f-49f5-a43e-fbbd202a09ff@group-FC4FA494D286-SegmentedRaftLogWorker for RaftStorage:Storage Directory /workdir/hadoop-ozone/integration-test/target/test-dir/MiniOzoneClusterImpl-4ac3c868-dcd7-40cc-945e-ce08398c8c7c/datanode-3/data/ratis/1112020b-f41c-4dd6-a462-fc4fa494d286
2019-10-10 00:01:28,473 [pool-413-thread-1] INFO  server.RaftServerConfigKeys (ConfUtils.java:logGet(43)) - raft.server.log.queue.byte-limit = 2147483647 (custom)
2019-10-10 00:01:28,473 [pool-413-thread-1] INFO  server.RaftServerConfigKeys (ConfUtils.java:logGet(43)) - raft.server.log.queue.element-limit = 1024 (custom)
2019-10-10 00:01:28,473 [pool-413-thread-1] INFO  server.RaftServerConfigKeys (ConfUtils.java:logGet(43)) - raft.server.log.segment.size.max = 1048576 (custom)
2019-10-10 00:01:28,473 [pool-413-thread-1] INFO  server.RaftServerConfigKeys (ConfUtils.java:logGet(43)) - raft.server.log.preallocated.size = 16384 (custom)
2019-10-10 00:01:28,474 [pool-413-thread-1] INFO  server.RaftServerConfigKeys (ConfUtils.java:logGet(43)) - raft.server.log.write.buffer.size = 33554432 (custom)
2019-10-10 00:01:28,474 [pool-413-thread-1] INFO  server.RaftServerConfigKeys (ConfUtils.java:logGet(43)) - raft.server.log.force.sync.num = 128 (default)
2019-10-10 00:01:28,474 [pool-413-thread-1] INFO  server.RaftServerConfigKeys (ConfUtils.java:logGet(43)) - raft.server.log.statemachine.data.sync = true (default)
2019-10-10 00:01:28,474 [pool-413-thread-1] INFO  server.RaftServerConfigKeys (ConfUtils.java:logGet(43)) - raft.server.log.statemachine.data.sync.timeout = 10s (default)
2019-10-10 00:01:28,474 [pool-413-thread-1] INFO  server.RaftServerConfigKeys (ConfUtils.java:logGet(43)) - raft.server.log.statemachine.data.sync.timeout.retry = -1 (default)
2019-10-10 00:01:28,474 [pool-413-thread-1] INFO  server.RaftServerConfigKeys (ConfUtils.java:logGet(43)) - raft.server.log.statemachine.data.caching.enabled = true (custom)
2019-10-10 00:01:28,475 [pool-413-thread-1] INFO  segmented.SegmentedRaftLogWorker (SegmentedRaftLogWorker.java:lambda$new$0(128)) - a8fb07c2-5f9f-49f5-a43e-fbbd202a09ff@group-FC4FA494D286-SegmentedRaftLogWorker: flushIndex: setUnconditionally 0 -> -1
2019-10-10 00:01:28,475 [pool-413-thread-1] INFO  server.RaftServerConfigKeys (ConfUtils.java:logGet(43)) - raft.server.snapshot.auto.trigger.enabled = true (custom)
2019-10-10 00:01:28,475 [pool-413-thread-1] INFO  server.RaftServerConfigKeys (ConfUtils.java:logGet(43)) - raft.server.snapshot.auto.trigger.threshold = 10000 (custom)
2019-10-10 00:01:28,475 [pool-413-thread-1] INFO  server.RaftServerConfigKeys (ConfUtils.java:logGet(43)) - raft.server.snapshot.retention.file.num = 5 (custom)
2019-10-10 00:01:28,475 [pool-413-thread-1] INFO  server.RaftServerConfigKeys (ConfUtils.java:logGet(43)) - raft.server.retrycache.expirytime = 600000ms (custom)
2019-10-10 00:01:28,477 [pool-413-thread-1] INFO  impl.RaftServerImpl (RaftServerImpl.java:start(181)) - a8fb07c2-5f9f-49f5-a43e-fbbd202a09ff@group-FC4FA494D286: start as a follower, conf=-1: [a8fb07c2-5f9f-49f5-a43e-fbbd202a09ff:192.168.151.98:41671], old=null
2019-10-10 00:01:28,477 [pool-413-thread-1] INFO  impl.RaftServerImpl (RaftServerImpl.java:setRole(170)) - a8fb07c2-5f9f-49f5-a43e-fbbd202a09ff@group-FC4FA494D286: changes role from      null to FOLLOWER at term 0 for startAsFollower
2019-10-10 00:01:28,477 [pool-413-thread-1] INFO  impl.RoleInfo (RoleInfo.java:updateAndGet(143)) - a8fb07c2-5f9f-49f5-a43e-fbbd202a09ff: start FollowerState
2019-10-10 00:01:28,477 [pool-413-thread-1] INFO  util.JmxRegister (JmxRegister.java:tryRegister(44)) - Successfully registered JMX Bean with object name Ratis:service=RaftServer,group=group-FC4FA494D286,id=a8fb07c2-5f9f-49f5-a43e-fbbd202a09ff
2019-10-10 00:01:28,483 [RatisPipelineUtilsThread] INFO  pipeline.PipelineStateManager (PipelineStateManager.java:addPipeline(56)) - Created pipeline Pipeline[ Id: 1112020b-f41c-4dd6-a462-fc4fa494d286, Nodes: a8fb07c2-5f9f-49f5-a43e-fbbd202a09ff{ip: 192.168.151.98, host: pr-hdds-2194-ks6jj-815731239, networkLocation: /default-rack, certSerialId: null}, Type:RATIS, Factor:ONE, State:OPEN]
2019-10-10 00:01:28,491 [grpc-default-executor-7] INFO  impl.RaftServerProxy (RaftServerProxy.java:addNew(89)) - 09ad47e2-225d-435b-8601-488dc6b24bba: addNew group-D587CD0B6FF3:[09ad47e2-225d-435b-8601-488dc6b24bba:192.168.151.98:45224] returns group-D587CD0B6FF3:java.util.concurrent.CompletableFuture@31e85ba4[Not completed]
2019-10-10 00:01:28,492 [pool-423-thread-1] INFO  impl.RaftServerImpl (RaftServerImpl.java:<init>(95)) - 09ad47e2-225d-435b-8601-488dc6b24bba: new RaftServerImpl for group-D587CD0B6FF3:[09ad47e2-225d-435b-8601-488dc6b24bba:192.168.151.98:45224] with ContainerStateMachine:uninitialized
2019-10-10 00:01:28,492 [pool-423-thread-1] INFO  server.RaftServerConfigKeys (ConfUtils.java:logGet(43)) - raft.server.rpc.timeout.min = 5s (custom)
2019-10-10 00:01:28,493 [pool-423-thread-1] INFO  server.RaftServerConfigKeys (ConfUtils.java:logGet(43)) - raft.server.rpc.timeout.max = 5200ms (custom)
2019-10-10 00:01:28,493 [pool-423-thread-1] INFO  server.RaftServerConfigKeys (ConfUtils.java:logGet(43)) - raft.server.rpcslowness.timeout = 120s (custom)
2019-10-10 00:01:28,493 [pool-423-thread-1] INFO  server.RaftServerConfigKeys (ConfUtils.java:logGet(43)) - raft.server.sleep.deviation.threshold = 300 (default)
2019-10-10 00:01:28,493 [pool-423-thread-1] INFO  server.RaftServerConfigKeys (ConfUtils.java:logGet(43)) - raft.server.log.appender.install.snapshot.enabled = false (custom)
2019-10-10 00:01:28,493 [pool-423-thread-1] INFO  impl.RaftServerImpl (ServerState.java:<init>(103)) - 09ad47e2-225d-435b-8601-488dc6b24bba@group-D587CD0B6FF3: ConfigurationManager, init=-1: [09ad47e2-225d-435b-8601-488dc6b24bba:192.168.151.98:45224], old=null, confs=<EMPTY_MAP>
2019-10-10 00:01:28,493 [pool-423-thread-1] INFO  server.RaftServerConfigKeys (ConfUtils.java:logGet(43)) - raft.server.storage.dir = [/workdir/hadoop-ozone/integration-test/target/test-dir/MiniOzoneClusterImpl-4ac3c868-dcd7-40cc-945e-ce08398c8c7c/datanode-4/data/ratis] (custom)
2019-10-10 00:01:28,494 [pool-423-thread-1] INFO  server.RaftServerConfigKeys (ConfUtils.java:logGet(43)) - raft.server.log.corruption.policy = EXCEPTION (default)
2019-10-10 00:01:28,494 [pool-423-thread-1] INFO  storage.RaftStorageDirectory (RaftStorageDirectory.java:analyzeStorage(246)) - The storage directory /workdir/hadoop-ozone/integration-test/target/test-dir/MiniOzoneClusterImpl-4ac3c868-dcd7-40cc-945e-ce08398c8c7c/datanode-4/data/ratis/13228000-230c-4f12-8ed3-d587cd0b6ff3 does not exist. Creating ...
2019-10-10 00:01:28,507 [pool-423-thread-1] INFO  storage.RaftStorageDirectory (RaftStorageDirectory.java:tryLock(328)) - Lock on /workdir/hadoop-ozone/integration-test/target/test-dir/MiniOzoneClusterImpl-4ac3c868-dcd7-40cc-945e-ce08398c8c7c/datanode-4/data/ratis/13228000-230c-4f12-8ed3-d587cd0b6ff3/in_use.lock acquired by nodename 28031@pr-hdds-2194-ks6jj-815731239
2019-10-10 00:01:28,519 [pool-423-thread-1] INFO  storage.RaftStorage (RaftStorage.java:format(84)) - Storage directory /workdir/hadoop-ozone/integration-test/target/test-dir/MiniOzoneClusterImpl-4ac3c868-dcd7-40cc-945e-ce08398c8c7c/datanode-4/data/ratis/13228000-230c-4f12-8ed3-d587cd0b6ff3 has been successfully formatted.
2019-10-10 00:01:28,519 [pool-423-thread-1] INFO  ratis.ContainerStateMachine (ContainerStateMachine.java:loadSnapshot(231)) - group-D587CD0B6FF3: The snapshot info is null. Setting the last applied indexto:(t:0, i:~)
2019-10-10 00:01:28,520 [pool-423-thread-1] INFO  server.RaftServerConfigKeys (ConfUtils.java:logGet(43)) - raft.server.notification.no-leader.timeout = 120s (custom)
2019-10-10 00:01:28,520 [pool-423-thread-1] INFO  server.RaftServerConfigKeys (ConfUtils.java:logGet(43)) - raft.server.log.use.memory = false (default)
2019-10-10 00:01:28,520 [pool-423-thread-1] INFO  server.RaftServerConfigKeys (ConfUtils.java:logGet(43)) - raft.server.log.purge.gap = 1000000 (custom)
2019-10-10 00:01:28,520 [pool-423-thread-1] INFO  server.RaftServerConfigKeys (ConfUtils.java:logGet(43)) - raft.server.log.appender.buffer.byte-limit = 33554432 (custom)
2019-10-10 00:01:28,520 [pool-423-thread-1] INFO  server.RaftServerConfigKeys (ConfUtils.java:logGet(43)) - raft.server.log.segment.size.max = 1048576 (custom)
2019-10-10 00:01:28,521 [pool-423-thread-1] INFO  server.RaftServerConfigKeys (ConfUtils.java:logGet(43)) - raft.server.log.segment.cache.num.max = 2 (custom)
2019-10-10 00:01:28,521 [pool-423-thread-1] INFO  segmented.SegmentedRaftLogWorker (SegmentedRaftLogWorker.java:<init>(173)) - new 09ad47e2-225d-435b-8601-488dc6b24bba@group-D587CD0B6FF3-SegmentedRaftLogWorker for RaftStorage:Storage Directory /workdir/hadoop-ozone/integration-test/target/test-dir/MiniOzoneClusterImpl-4ac3c868-dcd7-40cc-945e-ce08398c8c7c/datanode-4/data/ratis/13228000-230c-4f12-8ed3-d587cd0b6ff3
2019-10-10 00:01:28,521 [pool-423-thread-1] INFO  server.RaftServerConfigKeys (ConfUtils.java:logGet(43)) - raft.server.log.queue.byte-limit = 2147483647 (custom)
2019-10-10 00:01:28,521 [pool-423-thread-1] INFO  server.RaftServerConfigKeys (ConfUtils.java:logGet(43)) - raft.server.log.queue.element-limit = 1024 (custom)
2019-10-10 00:01:28,521 [pool-423-thread-1] INFO  server.RaftServerConfigKeys (ConfUtils.java:logGet(43)) - raft.server.log.segment.size.max = 1048576 (custom)
2019-10-10 00:01:28,521 [pool-423-thread-1] INFO  server.RaftServerConfigKeys (ConfUtils.java:logGet(43)) - raft.server.log.preallocated.size = 16384 (custom)
2019-10-10 00:01:28,521 [pool-423-thread-1] INFO  server.RaftServerConfigKeys (ConfUtils.java:logGet(43)) - raft.server.log.write.buffer.size = 33554432 (custom)
2019-10-10 00:01:28,522 [pool-423-thread-1] INFO  server.RaftServerConfigKeys (ConfUtils.java:logGet(43)) - raft.server.log.force.sync.num = 128 (default)
2019-10-10 00:01:28,522 [pool-423-thread-1] INFO  server.RaftServerConfigKeys (ConfUtils.java:logGet(43)) - raft.server.log.statemachine.data.sync = true (default)
2019-10-10 00:01:28,522 [pool-423-thread-1] INFO  server.RaftServerConfigKeys (ConfUtils.java:logGet(43)) - raft.server.log.statemachine.data.sync.timeout = 10s (default)
2019-10-10 00:01:28,522 [pool-423-thread-1] INFO  server.RaftServerConfigKeys (ConfUtils.java:logGet(43)) - raft.server.log.statemachine.data.sync.timeout.retry = -1 (default)
2019-10-10 00:01:28,522 [pool-423-thread-1] INFO  server.RaftServerConfigKeys (ConfUtils.java:logGet(43)) - raft.server.log.statemachine.data.caching.enabled = true (custom)
2019-10-10 00:01:28,522 [pool-423-thread-1] INFO  segmented.SegmentedRaftLogWorker (SegmentedRaftLogWorker.java:lambda$new$0(128)) - 09ad47e2-225d-435b-8601-488dc6b24bba@group-D587CD0B6FF3-SegmentedRaftLogWorker: flushIndex: setUnconditionally 0 -> -1
2019-10-10 00:01:28,522 [pool-423-thread-1] INFO  server.RaftServerConfigKeys (ConfUtils.java:logGet(43)) - raft.server.snapshot.auto.trigger.enabled = true (custom)
2019-10-10 00:01:28,522 [pool-423-thread-1] INFO  server.RaftServerConfigKeys (ConfUtils.java:logGet(43)) - raft.server.snapshot.auto.trigger.threshold = 10000 (custom)
2019-10-10 00:01:28,523 [pool-423-thread-1] INFO  server.RaftServerConfigKeys (ConfUtils.java:logGet(43)) - raft.server.snapshot.retention.file.num = 5 (custom)
2019-10-10 00:01:28,523 [pool-423-thread-1] INFO  server.RaftServerConfigKeys (ConfUtils.java:logGet(43)) - raft.server.retrycache.expirytime = 600000ms (custom)
2019-10-10 00:01:28,524 [pool-423-thread-1] INFO  impl.RaftServerImpl (RaftServerImpl.java:start(181)) - 09ad47e2-225d-435b-8601-488dc6b24bba@group-D587CD0B6FF3: start as a follower, conf=-1: [09ad47e2-225d-435b-8601-488dc6b24bba:192.168.151.98:45224], old=null
2019-10-10 00:01:28,524 [pool-423-thread-1] INFO  impl.RaftServerImpl (RaftServerImpl.java:setRole(170)) - 09ad47e2-225d-435b-8601-488dc6b24bba@group-D587CD0B6FF3: changes role from      null to FOLLOWER at term 0 for startAsFollower
2019-10-10 00:01:28,524 [pool-423-thread-1] INFO  impl.RoleInfo (RoleInfo.java:updateAndGet(143)) - 09ad47e2-225d-435b-8601-488dc6b24bba: start FollowerState
2019-10-10 00:01:28,532 [pool-423-thread-1] INFO  util.JmxRegister (JmxRegister.java:tryRegister(44)) - Successfully registered JMX Bean with object name Ratis:service=RaftServer,group=group-D587CD0B6FF3,id=09ad47e2-225d-435b-8601-488dc6b24bba
2019-10-10 00:01:28,533 [IPC Server handler 0 on 43031] INFO  net.NetworkTopology (NetworkTopologyImpl.java:add(111)) - Added a new node: /default-rack/a0138ca6-04c1-41da-8356-dd9f33ccd7f6
2019-10-10 00:01:28,533 [IPC Server handler 0 on 43031] INFO  node.SCMNodeManager (SCMNodeManager.java:register(268)) - Registered Data node : a0138ca6-04c1-41da-8356-dd9f33ccd7f6{ip: 192.168.151.98, host: pr-hdds-2194-ks6jj-815731239, networkLocation: /default-rack, certSerialId: null}
2019-10-10 00:01:28,538 [RatisPipelineUtilsThread] INFO  pipeline.PipelineStateManager (PipelineStateManager.java:addPipeline(56)) - Created pipeline Pipeline[ Id: 13228000-230c-4f12-8ed3-d587cd0b6ff3, Nodes: 09ad47e2-225d-435b-8601-488dc6b24bba{ip: 192.168.151.98, host: pr-hdds-2194-ks6jj-815731239, networkLocation: /default-rack, certSerialId: null}, Type:RATIS, Factor:ONE, State:OPEN]
2019-10-10 00:01:28,545 [grpc-default-executor-7] INFO  impl.RaftServerProxy (RaftServerProxy.java:addNew(89)) - a0138ca6-04c1-41da-8356-dd9f33ccd7f6: addNew group-962F3DAE8992:[a0138ca6-04c1-41da-8356-dd9f33ccd7f6:192.168.151.98:45991] returns group-962F3DAE8992:java.util.concurrent.CompletableFuture@733a4c55[Not completed]
2019-10-10 00:01:28,546 [pool-433-thread-1] INFO  impl.RaftServerImpl (RaftServerImpl.java:<init>(95)) - a0138ca6-04c1-41da-8356-dd9f33ccd7f6: new RaftServerImpl for group-962F3DAE8992:[a0138ca6-04c1-41da-8356-dd9f33ccd7f6:192.168.151.98:45991] with ContainerStateMachine:uninitialized
2019-10-10 00:01:28,546 [pool-433-thread-1] INFO  server.RaftServerConfigKeys (ConfUtils.java:logGet(43)) - raft.server.rpc.timeout.min = 5s (custom)
2019-10-10 00:01:28,546 [pool-433-thread-1] INFO  server.RaftServerConfigKeys (ConfUtils.java:logGet(43)) - raft.server.rpc.timeout.max = 5200ms (custom)
2019-10-10 00:01:28,546 [pool-433-thread-1] INFO  server.RaftServerConfigKeys (ConfUtils.java:logGet(43)) - raft.server.rpcslowness.timeout = 120s (custom)
2019-10-10 00:01:28,546 [pool-433-thread-1] INFO  server.RaftServerConfigKeys (ConfUtils.java:logGet(43)) - raft.server.sleep.deviation.threshold = 300 (default)
2019-10-10 00:01:28,546 [pool-433-thread-1] INFO  server.RaftServerConfigKeys (ConfUtils.java:logGet(43)) - raft.server.log.appender.install.snapshot.enabled = false (custom)
2019-10-10 00:01:28,547 [pool-433-thread-1] INFO  impl.RaftServerImpl (ServerState.java:<init>(103)) - a0138ca6-04c1-41da-8356-dd9f33ccd7f6@group-962F3DAE8992: ConfigurationManager, init=-1: [a0138ca6-04c1-41da-8356-dd9f33ccd7f6:192.168.151.98:45991], old=null, confs=<EMPTY_MAP>
2019-10-10 00:01:28,547 [pool-433-thread-1] INFO  server.RaftServerConfigKeys (ConfUtils.java:logGet(43)) - raft.server.storage.dir = [/workdir/hadoop-ozone/integration-test/target/test-dir/MiniOzoneClusterImpl-4ac3c868-dcd7-40cc-945e-ce08398c8c7c/datanode-5/data/ratis] (custom)
2019-10-10 00:01:28,547 [pool-433-thread-1] INFO  server.RaftServerConfigKeys (ConfUtils.java:logGet(43)) - raft.server.log.corruption.policy = EXCEPTION (default)
2019-10-10 00:01:28,547 [pool-433-thread-1] INFO  storage.RaftStorageDirectory (RaftStorageDirectory.java:analyzeStorage(246)) - The storage directory /workdir/hadoop-ozone/integration-test/target/test-dir/MiniOzoneClusterImpl-4ac3c868-dcd7-40cc-945e-ce08398c8c7c/datanode-5/data/ratis/923478d6-b073-4b92-814f-962f3dae8992 does not exist. Creating ...
2019-10-10 00:01:28,559 [pool-433-thread-1] INFO  storage.RaftStorageDirectory (RaftStorageDirectory.java:tryLock(328)) - Lock on /workdir/hadoop-ozone/integration-test/target/test-dir/MiniOzoneClusterImpl-4ac3c868-dcd7-40cc-945e-ce08398c8c7c/datanode-5/data/ratis/923478d6-b073-4b92-814f-962f3dae8992/in_use.lock acquired by nodename 28031@pr-hdds-2194-ks6jj-815731239
2019-10-10 00:01:28,572 [pool-433-thread-1] INFO  storage.RaftStorage (RaftStorage.java:format(84)) - Storage directory /workdir/hadoop-ozone/integration-test/target/test-dir/MiniOzoneClusterImpl-4ac3c868-dcd7-40cc-945e-ce08398c8c7c/datanode-5/data/ratis/923478d6-b073-4b92-814f-962f3dae8992 has been successfully formatted.
2019-10-10 00:01:28,572 [pool-433-thread-1] INFO  ratis.ContainerStateMachine (ContainerStateMachine.java:loadSnapshot(231)) - group-962F3DAE8992: The snapshot info is null. Setting the last applied indexto:(t:0, i:~)
2019-10-10 00:01:28,572 [pool-433-thread-1] INFO  server.RaftServerConfigKeys (ConfUtils.java:logGet(43)) - raft.server.notification.no-leader.timeout = 120s (custom)
2019-10-10 00:01:28,572 [pool-433-thread-1] INFO  server.RaftServerConfigKeys (ConfUtils.java:logGet(43)) - raft.server.log.use.memory = false (default)
2019-10-10 00:01:28,572 [pool-433-thread-1] INFO  server.RaftServerConfigKeys (ConfUtils.java:logGet(43)) - raft.server.log.purge.gap = 1000000 (custom)
2019-10-10 00:01:28,572 [pool-433-thread-1] INFO  server.RaftServerConfigKeys (ConfUtils.java:logGet(43)) - raft.server.log.appender.buffer.byte-limit = 33554432 (custom)
2019-10-10 00:01:28,573 [pool-433-thread-1] INFO  server.RaftServerConfigKeys (ConfUtils.java:logGet(43)) - raft.server.log.segment.size.max = 1048576 (custom)
2019-10-10 00:01:28,574 [pool-433-thread-1] INFO  server.RaftServerConfigKeys (ConfUtils.java:logGet(43)) - raft.server.log.segment.cache.num.max = 2 (custom)
2019-10-10 00:01:28,574 [pool-433-thread-1] INFO  segmented.SegmentedRaftLogWorker (SegmentedRaftLogWorker.java:<init>(173)) - new a0138ca6-04c1-41da-8356-dd9f33ccd7f6@group-962F3DAE8992-SegmentedRaftLogWorker for RaftStorage:Storage Directory /workdir/hadoop-ozone/integration-test/target/test-dir/MiniOzoneClusterImpl-4ac3c868-dcd7-40cc-945e-ce08398c8c7c/datanode-5/data/ratis/923478d6-b073-4b92-814f-962f3dae8992
2019-10-10 00:01:28,574 [pool-433-thread-1] INFO  server.RaftServerConfigKeys (ConfUtils.java:logGet(43)) - raft.server.log.queue.byte-limit = 2147483647 (custom)
2019-10-10 00:01:28,574 [pool-433-thread-1] INFO  server.RaftServerConfigKeys (ConfUtils.java:logGet(43)) - raft.server.log.queue.element-limit = 1024 (custom)
2019-10-10 00:01:28,574 [pool-433-thread-1] INFO  server.RaftServerConfigKeys (ConfUtils.java:logGet(43)) - raft.server.log.segment.size.max = 1048576 (custom)
2019-10-10 00:01:28,574 [pool-433-thread-1] INFO  server.RaftServerConfigKeys (ConfUtils.java:logGet(43)) - raft.server.log.preallocated.size = 16384 (custom)
2019-10-10 00:01:28,574 [pool-433-thread-1] INFO  server.RaftServerConfigKeys (ConfUtils.java:logGet(43)) - raft.server.log.write.buffer.size = 33554432 (custom)
2019-10-10 00:01:28,574 [pool-433-thread-1] INFO  server.RaftServerConfigKeys (ConfUtils.java:logGet(43)) - raft.server.log.force.sync.num = 128 (default)
2019-10-10 00:01:28,575 [pool-433-thread-1] INFO  server.RaftServerConfigKeys (ConfUtils.java:logGet(43)) - raft.server.log.statemachine.data.sync = true (default)
2019-10-10 00:01:28,575 [pool-433-thread-1] INFO  server.RaftServerConfigKeys (ConfUtils.java:logGet(43)) - raft.server.log.statemachine.data.sync.timeout = 10s (default)
2019-10-10 00:01:28,575 [pool-433-thread-1] INFO  server.RaftServerConfigKeys (ConfUtils.java:logGet(43)) - raft.server.log.statemachine.data.sync.timeout.retry = -1 (default)
2019-10-10 00:01:28,575 [pool-433-thread-1] INFO  server.RaftServerConfigKeys (ConfUtils.java:logGet(43)) - raft.server.log.statemachine.data.caching.enabled = true (custom)
2019-10-10 00:01:28,575 [pool-433-thread-1] INFO  segmented.SegmentedRaftLogWorker (SegmentedRaftLogWorker.java:lambda$new$0(128)) - a0138ca6-04c1-41da-8356-dd9f33ccd7f6@group-962F3DAE8992-SegmentedRaftLogWorker: flushIndex: setUnconditionally 0 -> -1
2019-10-10 00:01:28,576 [pool-433-thread-1] INFO  server.RaftServerConfigKeys (ConfUtils.java:logGet(43)) - raft.server.snapshot.auto.trigger.enabled = true (custom)
2019-10-10 00:01:28,576 [pool-433-thread-1] INFO  server.RaftServerConfigKeys (ConfUtils.java:logGet(43)) - raft.server.snapshot.auto.trigger.threshold = 10000 (custom)
2019-10-10 00:01:28,576 [pool-433-thread-1] INFO  server.RaftServerConfigKeys (ConfUtils.java:logGet(43)) - raft.server.snapshot.retention.file.num = 5 (custom)
2019-10-10 00:01:28,576 [pool-433-thread-1] INFO  server.RaftServerConfigKeys (ConfUtils.java:logGet(43)) - raft.server.retrycache.expirytime = 600000ms (custom)
2019-10-10 00:01:28,577 [pool-433-thread-1] INFO  impl.RaftServerImpl (RaftServerImpl.java:start(181)) - a0138ca6-04c1-41da-8356-dd9f33ccd7f6@group-962F3DAE8992: start as a follower, conf=-1: [a0138ca6-04c1-41da-8356-dd9f33ccd7f6:192.168.151.98:45991], old=null
2019-10-10 00:01:28,577 [pool-433-thread-1] INFO  impl.RaftServerImpl (RaftServerImpl.java:setRole(170)) - a0138ca6-04c1-41da-8356-dd9f33ccd7f6@group-962F3DAE8992: changes role from      null to FOLLOWER at term 0 for startAsFollower
2019-10-10 00:01:28,577 [pool-433-thread-1] INFO  impl.RoleInfo (RoleInfo.java:updateAndGet(143)) - a0138ca6-04c1-41da-8356-dd9f33ccd7f6: start FollowerState
2019-10-10 00:01:28,577 [pool-433-thread-1] INFO  util.JmxRegister (JmxRegister.java:tryRegister(44)) - Successfully registered JMX Bean with object name Ratis:service=RaftServer,group=group-962F3DAE8992,id=a0138ca6-04c1-41da-8356-dd9f33ccd7f6
2019-10-10 00:01:28,583 [RatisPipelineUtilsThread] INFO  pipeline.PipelineStateManager (PipelineStateManager.java:addPipeline(56)) - Created pipeline Pipeline[ Id: 923478d6-b073-4b92-814f-962f3dae8992, Nodes: a0138ca6-04c1-41da-8356-dd9f33ccd7f6{ip: 192.168.151.98, host: pr-hdds-2194-ks6jj-815731239, networkLocation: /default-rack, certSerialId: null}, Type:RATIS, Factor:ONE, State:OPEN]
2019-10-10 00:01:28,595 [grpc-default-executor-7] INFO  impl.RaftServerProxy (RaftServerProxy.java:addNew(89)) - a0138ca6-04c1-41da-8356-dd9f33ccd7f6: addNew group-0957C52F60A2:[a0138ca6-04c1-41da-8356-dd9f33ccd7f6:192.168.151.98:45991, 09ad47e2-225d-435b-8601-488dc6b24bba:192.168.151.98:45224, a8fb07c2-5f9f-49f5-a43e-fbbd202a09ff:192.168.151.98:41671] returns group-0957C52F60A2:java.util.concurrent.CompletableFuture@2a25474b[Not completed]
2019-10-10 00:01:28,595 [grpc-default-executor-1] INFO  impl.RaftServerProxy (RaftServerProxy.java:addNew(89)) - a8fb07c2-5f9f-49f5-a43e-fbbd202a09ff: addNew group-0957C52F60A2:[a0138ca6-04c1-41da-8356-dd9f33ccd7f6:192.168.151.98:45991, 09ad47e2-225d-435b-8601-488dc6b24bba:192.168.151.98:45224, a8fb07c2-5f9f-49f5-a43e-fbbd202a09ff:192.168.151.98:41671] returns group-0957C52F60A2:java.util.concurrent.CompletableFuture@5957c0fe[Not completed]
2019-10-10 00:01:28,595 [grpc-default-executor-6] INFO  impl.RaftServerProxy (RaftServerProxy.java:addNew(89)) - 09ad47e2-225d-435b-8601-488dc6b24bba: addNew group-0957C52F60A2:[a0138ca6-04c1-41da-8356-dd9f33ccd7f6:192.168.151.98:45991, 09ad47e2-225d-435b-8601-488dc6b24bba:192.168.151.98:45224, a8fb07c2-5f9f-49f5-a43e-fbbd202a09ff:192.168.151.98:41671] returns group-0957C52F60A2:java.util.concurrent.CompletableFuture@6e53140f[Not completed]
2019-10-10 00:01:28,596 [pool-433-thread-1] INFO  impl.RaftServerImpl (RaftServerImpl.java:<init>(95)) - a0138ca6-04c1-41da-8356-dd9f33ccd7f6: new RaftServerImpl for group-0957C52F60A2:[a0138ca6-04c1-41da-8356-dd9f33ccd7f6:192.168.151.98:45991, 09ad47e2-225d-435b-8601-488dc6b24bba:192.168.151.98:45224, a8fb07c2-5f9f-49f5-a43e-fbbd202a09ff:192.168.151.98:41671] with ContainerStateMachine:uninitialized
2019-10-10 00:01:28,596 [pool-433-thread-1] INFO  server.RaftServerConfigKeys (ConfUtils.java:logGet(43)) - raft.server.rpc.timeout.min = 5s (custom)
2019-10-10 00:01:28,597 [pool-433-thread-1] INFO  server.RaftServerConfigKeys (ConfUtils.java:logGet(43)) - raft.server.rpc.timeout.max = 5200ms (custom)
2019-10-10 00:01:28,597 [pool-433-thread-1] INFO  server.RaftServerConfigKeys (ConfUtils.java:logGet(43)) - raft.server.rpcslowness.timeout = 120s (custom)
2019-10-10 00:01:28,597 [pool-433-thread-1] INFO  server.RaftServerConfigKeys (ConfUtils.java:logGet(43)) - raft.server.sleep.deviation.threshold = 300 (default)
2019-10-10 00:01:28,597 [pool-433-thread-1] INFO  server.RaftServerConfigKeys (ConfUtils.java:logGet(43)) - raft.server.log.appender.install.snapshot.enabled = false (custom)
2019-10-10 00:01:28,597 [pool-413-thread-1] INFO  impl.RaftServerImpl (RaftServerImpl.java:<init>(95)) - a8fb07c2-5f9f-49f5-a43e-fbbd202a09ff: new RaftServerImpl for group-0957C52F60A2:[a0138ca6-04c1-41da-8356-dd9f33ccd7f6:192.168.151.98:45991, 09ad47e2-225d-435b-8601-488dc6b24bba:192.168.151.98:45224, a8fb07c2-5f9f-49f5-a43e-fbbd202a09ff:192.168.151.98:41671] with ContainerStateMachine:uninitialized
2019-10-10 00:01:28,597 [pool-433-thread-1] INFO  impl.RaftServerImpl (ServerState.java:<init>(103)) - a0138ca6-04c1-41da-8356-dd9f33ccd7f6@group-0957C52F60A2: ConfigurationManager, init=-1: [a0138ca6-04c1-41da-8356-dd9f33ccd7f6:192.168.151.98:45991, 09ad47e2-225d-435b-8601-488dc6b24bba:192.168.151.98:45224, a8fb07c2-5f9f-49f5-a43e-fbbd202a09ff:192.168.151.98:41671], old=null, confs=<EMPTY_MAP>
2019-10-10 00:01:28,597 [pool-413-thread-1] INFO  server.RaftServerConfigKeys (ConfUtils.java:logGet(43)) - raft.server.rpc.timeout.min = 5s (custom)
2019-10-10 00:01:28,597 [pool-423-thread-1] INFO  impl.RaftServerImpl (RaftServerImpl.java:<init>(95)) - 09ad47e2-225d-435b-8601-488dc6b24bba: new RaftServerImpl for group-0957C52F60A2:[a0138ca6-04c1-41da-8356-dd9f33ccd7f6:192.168.151.98:45991, 09ad47e2-225d-435b-8601-488dc6b24bba:192.168.151.98:45224, a8fb07c2-5f9f-49f5-a43e-fbbd202a09ff:192.168.151.98:41671] with ContainerStateMachine:uninitialized
2019-10-10 00:01:28,597 [pool-433-thread-1] INFO  server.RaftServerConfigKeys (ConfUtils.java:logGet(43)) - raft.server.storage.dir = [/workdir/hadoop-ozone/integration-test/target/test-dir/MiniOzoneClusterImpl-4ac3c868-dcd7-40cc-945e-ce08398c8c7c/datanode-5/data/ratis] (custom)
2019-10-10 00:01:28,597 [pool-423-thread-1] INFO  server.RaftServerConfigKeys (ConfUtils.java:logGet(43)) - raft.server.rpc.timeout.min = 5s (custom)
2019-10-10 00:01:28,597 [pool-413-thread-1] INFO  server.RaftServerConfigKeys (ConfUtils.java:logGet(43)) - raft.server.rpc.timeout.max = 5200ms (custom)
2019-10-10 00:01:28,597 [pool-433-thread-1] INFO  server.RaftServerConfigKeys (ConfUtils.java:logGet(43)) - raft.server.log.corruption.policy = EXCEPTION (default)
2019-10-10 00:01:28,597 [pool-423-thread-1] INFO  server.RaftServerConfigKeys (ConfUtils.java:logGet(43)) - raft.server.rpc.timeout.max = 5200ms (custom)
2019-10-10 00:01:28,597 [pool-413-thread-1] INFO  server.RaftServerConfigKeys (ConfUtils.java:logGet(43)) - raft.server.rpcslowness.timeout = 120s (custom)
2019-10-10 00:01:28,598 [pool-433-thread-1] INFO  storage.RaftStorageDirectory (RaftStorageDirectory.java:analyzeStorage(246)) - The storage directory /workdir/hadoop-ozone/integration-test/target/test-dir/MiniOzoneClusterImpl-4ac3c868-dcd7-40cc-945e-ce08398c8c7c/datanode-5/data/ratis/748416cf-7785-4950-a5d7-0957c52f60a2 does not exist. Creating ...
2019-10-10 00:01:28,598 [pool-423-thread-1] INFO  server.RaftServerConfigKeys (ConfUtils.java:logGet(43)) - raft.server.rpcslowness.timeout = 120s (custom)
2019-10-10 00:01:28,598 [pool-413-thread-1] INFO  server.RaftServerConfigKeys (ConfUtils.java:logGet(43)) - raft.server.sleep.deviation.threshold = 300 (default)
2019-10-10 00:01:28,598 [pool-423-thread-1] INFO  server.RaftServerConfigKeys (ConfUtils.java:logGet(43)) - raft.server.sleep.deviation.threshold = 300 (default)
2019-10-10 00:01:28,598 [pool-413-thread-1] INFO  server.RaftServerConfigKeys (ConfUtils.java:logGet(43)) - raft.server.log.appender.install.snapshot.enabled = false (custom)
2019-10-10 00:01:28,598 [pool-423-thread-1] INFO  server.RaftServerConfigKeys (ConfUtils.java:logGet(43)) - raft.server.log.appender.install.snapshot.enabled = false (custom)
2019-10-10 00:01:28,598 [pool-413-thread-1] INFO  impl.RaftServerImpl (ServerState.java:<init>(103)) - a8fb07c2-5f9f-49f5-a43e-fbbd202a09ff@group-0957C52F60A2: ConfigurationManager, init=-1: [a0138ca6-04c1-41da-8356-dd9f33ccd7f6:192.168.151.98:45991, 09ad47e2-225d-435b-8601-488dc6b24bba:192.168.151.98:45224, a8fb07c2-5f9f-49f5-a43e-fbbd202a09ff:192.168.151.98:41671], old=null, confs=<EMPTY_MAP>
2019-10-10 00:01:28,598 [pool-423-thread-1] INFO  impl.RaftServerImpl (ServerState.java:<init>(103)) - 09ad47e2-225d-435b-8601-488dc6b24bba@group-0957C52F60A2: ConfigurationManager, init=-1: [a0138ca6-04c1-41da-8356-dd9f33ccd7f6:192.168.151.98:45991, 09ad47e2-225d-435b-8601-488dc6b24bba:192.168.151.98:45224, a8fb07c2-5f9f-49f5-a43e-fbbd202a09ff:192.168.151.98:41671], old=null, confs=<EMPTY_MAP>
2019-10-10 00:01:28,598 [pool-413-thread-1] INFO  server.RaftServerConfigKeys (ConfUtils.java:logGet(43)) - raft.server.storage.dir = [/workdir/hadoop-ozone/integration-test/target/test-dir/MiniOzoneClusterImpl-4ac3c868-dcd7-40cc-945e-ce08398c8c7c/datanode-3/data/ratis] (custom)
2019-10-10 00:01:28,598 [pool-423-thread-1] INFO  server.RaftServerConfigKeys (ConfUtils.java:logGet(43)) - raft.server.storage.dir = [/workdir/hadoop-ozone/integration-test/target/test-dir/MiniOzoneClusterImpl-4ac3c868-dcd7-40cc-945e-ce08398c8c7c/datanode-4/data/ratis] (custom)
2019-10-10 00:01:28,599 [pool-413-thread-1] INFO  server.RaftServerConfigKeys (ConfUtils.java:logGet(43)) - raft.server.log.corruption.policy = EXCEPTION (default)
2019-10-10 00:01:28,599 [pool-423-thread-1] INFO  server.RaftServerConfigKeys (ConfUtils.java:logGet(43)) - raft.server.log.corruption.policy = EXCEPTION (default)
2019-10-10 00:01:28,599 [pool-413-thread-1] INFO  storage.RaftStorageDirectory (RaftStorageDirectory.java:analyzeStorage(246)) - The storage directory /workdir/hadoop-ozone/integration-test/target/test-dir/MiniOzoneClusterImpl-4ac3c868-dcd7-40cc-945e-ce08398c8c7c/datanode-3/data/ratis/748416cf-7785-4950-a5d7-0957c52f60a2 does not exist. Creating ...
2019-10-10 00:01:28,599 [pool-423-thread-1] INFO  storage.RaftStorageDirectory (RaftStorageDirectory.java:analyzeStorage(246)) - The storage directory /workdir/hadoop-ozone/integration-test/target/test-dir/MiniOzoneClusterImpl-4ac3c868-dcd7-40cc-945e-ce08398c8c7c/datanode-4/data/ratis/748416cf-7785-4950-a5d7-0957c52f60a2 does not exist. Creating ...
2019-10-10 00:01:28,612 [pool-413-thread-1] INFO  storage.RaftStorageDirectory (RaftStorageDirectory.java:tryLock(328)) - Lock on /workdir/hadoop-ozone/integration-test/target/test-dir/MiniOzoneClusterImpl-4ac3c868-dcd7-40cc-945e-ce08398c8c7c/datanode-3/data/ratis/748416cf-7785-4950-a5d7-0957c52f60a2/in_use.lock acquired by nodename 28031@pr-hdds-2194-ks6jj-815731239
2019-10-10 00:01:28,612 [pool-433-thread-1] INFO  storage.RaftStorageDirectory (RaftStorageDirectory.java:tryLock(328)) - Lock on /workdir/hadoop-ozone/integration-test/target/test-dir/MiniOzoneClusterImpl-4ac3c868-dcd7-40cc-945e-ce08398c8c7c/datanode-5/data/ratis/748416cf-7785-4950-a5d7-0957c52f60a2/in_use.lock acquired by nodename 28031@pr-hdds-2194-ks6jj-815731239
2019-10-10 00:01:28,612 [pool-423-thread-1] INFO  storage.RaftStorageDirectory (RaftStorageDirectory.java:tryLock(328)) - Lock on /workdir/hadoop-ozone/integration-test/target/test-dir/MiniOzoneClusterImpl-4ac3c868-dcd7-40cc-945e-ce08398c8c7c/datanode-4/data/ratis/748416cf-7785-4950-a5d7-0957c52f60a2/in_use.lock acquired by nodename 28031@pr-hdds-2194-ks6jj-815731239
2019-10-10 00:01:28,630 [main] INFO  ozone.MiniOzoneClusterImpl (MiniOzoneClusterImpl.java:lambda$waitForClusterToBeReady$0(147)) - Waiting for cluster to be ready. Got 6 of 7 DN Heartbeats.
2019-10-10 00:01:28,630 [IPC Server handler 5 on 43031] INFO  net.NetworkTopology (NetworkTopologyImpl.java:add(111)) - Added a new node: /default-rack/890e0604-8fd0-428e-9c4d-bcad176b3943
2019-10-10 00:01:28,630 [IPC Server handler 5 on 43031] INFO  node.SCMNodeManager (SCMNodeManager.java:register(268)) - Registered Data node : 890e0604-8fd0-428e-9c4d-bcad176b3943{ip: 192.168.151.98, host: pr-hdds-2194-ks6jj-815731239, networkLocation: /default-rack, certSerialId: null}
2019-10-10 00:01:28,637 [pool-423-thread-1] INFO  storage.RaftStorage (RaftStorage.java:format(84)) - Storage directory /workdir/hadoop-ozone/integration-test/target/test-dir/MiniOzoneClusterImpl-4ac3c868-dcd7-40cc-945e-ce08398c8c7c/datanode-4/data/ratis/748416cf-7785-4950-a5d7-0957c52f60a2 has been successfully formatted.
2019-10-10 00:01:28,638 [pool-433-thread-1] INFO  storage.RaftStorage (RaftStorage.java:format(84)) - Storage directory /workdir/hadoop-ozone/integration-test/target/test-dir/MiniOzoneClusterImpl-4ac3c868-dcd7-40cc-945e-ce08398c8c7c/datanode-5/data/ratis/748416cf-7785-4950-a5d7-0957c52f60a2 has been successfully formatted.
2019-10-10 00:01:28,638 [pool-413-thread-1] INFO  storage.RaftStorage (RaftStorage.java:format(84)) - Storage directory /workdir/hadoop-ozone/integration-test/target/test-dir/MiniOzoneClusterImpl-4ac3c868-dcd7-40cc-945e-ce08398c8c7c/datanode-3/data/ratis/748416cf-7785-4950-a5d7-0957c52f60a2 has been successfully formatted.
2019-10-10 00:01:28,638 [pool-433-thread-1] INFO  ratis.ContainerStateMachine (ContainerStateMachine.java:loadSnapshot(231)) - group-0957C52F60A2: The snapshot info is null. Setting the last applied indexto:(t:0, i:~)
2019-10-10 00:01:28,638 [pool-413-thread-1] INFO  ratis.ContainerStateMachine (ContainerStateMachine.java:loadSnapshot(231)) - group-0957C52F60A2: The snapshot info is null. Setting the last applied indexto:(t:0, i:~)
2019-10-10 00:01:28,638 [pool-423-thread-1] INFO  ratis.ContainerStateMachine (ContainerStateMachine.java:loadSnapshot(231)) - group-0957C52F60A2: The snapshot info is null. Setting the last applied indexto:(t:0, i:~)
2019-10-10 00:01:28,638 [pool-413-thread-1] INFO  server.RaftServerConfigKeys (ConfUtils.java:logGet(43)) - raft.server.notification.no-leader.timeout = 120s (custom)
2019-10-10 00:01:28,638 [pool-433-thread-1] INFO  server.RaftServerConfigKeys (ConfUtils.java:logGet(43)) - raft.server.notification.no-leader.timeout = 120s (custom)
2019-10-10 00:01:28,638 [pool-413-thread-1] INFO  server.RaftServerConfigKeys (ConfUtils.java:logGet(43)) - raft.server.log.use.memory = false (default)
2019-10-10 00:01:28,638 [pool-423-thread-1] INFO  server.RaftServerConfigKeys (ConfUtils.java:logGet(43)) - raft.server.notification.no-leader.timeout = 120s (custom)
2019-10-10 00:01:28,638 [pool-413-thread-1] INFO  server.RaftServerConfigKeys (ConfUtils.java:logGet(43)) - raft.server.log.purge.gap = 1000000 (custom)
2019-10-10 00:01:28,638 [pool-433-thread-1] INFO  server.RaftServerConfigKeys (ConfUtils.java:logGet(43)) - raft.server.log.use.memory = false (default)
2019-10-10 00:01:28,639 [pool-413-thread-1] INFO  server.RaftServerConfigKeys (ConfUtils.java:logGet(43)) - raft.server.log.appender.buffer.byte-limit = 33554432 (custom)
2019-10-10 00:01:28,638 [pool-423-thread-1] INFO  server.RaftServerConfigKeys (ConfUtils.java:logGet(43)) - raft.server.log.use.memory = false (default)
2019-10-10 00:01:28,639 [pool-413-thread-1] INFO  server.RaftServerConfigKeys (ConfUtils.java:logGet(43)) - raft.server.log.segment.size.max = 1048576 (custom)
2019-10-10 00:01:28,639 [pool-433-thread-1] INFO  server.RaftServerConfigKeys (ConfUtils.java:logGet(43)) - raft.server.log.purge.gap = 1000000 (custom)
2019-10-10 00:01:28,639 [pool-413-thread-1] INFO  server.RaftServerConfigKeys (ConfUtils.java:logGet(43)) - raft.server.log.segment.cache.num.max = 2 (custom)
2019-10-10 00:01:28,639 [pool-423-thread-1] INFO  server.RaftServerConfigKeys (ConfUtils.java:logGet(43)) - raft.server.log.purge.gap = 1000000 (custom)
2019-10-10 00:01:28,639 [pool-413-thread-1] INFO  segmented.SegmentedRaftLogWorker (SegmentedRaftLogWorker.java:<init>(173)) - new a8fb07c2-5f9f-49f5-a43e-fbbd202a09ff@group-0957C52F60A2-SegmentedRaftLogWorker for RaftStorage:Storage Directory /workdir/hadoop-ozone/integration-test/target/test-dir/MiniOzoneClusterImpl-4ac3c868-dcd7-40cc-945e-ce08398c8c7c/datanode-3/data/ratis/748416cf-7785-4950-a5d7-0957c52f60a2
2019-10-10 00:01:28,639 [pool-433-thread-1] INFO  server.RaftServerConfigKeys (ConfUtils.java:logGet(43)) - raft.server.log.appender.buffer.byte-limit = 33554432 (custom)
2019-10-10 00:01:28,639 [pool-413-thread-1] INFO  server.RaftServerConfigKeys (ConfUtils.java:logGet(43)) - raft.server.log.queue.byte-limit = 2147483647 (custom)
2019-10-10 00:01:28,639 [pool-423-thread-1] INFO  server.RaftServerConfigKeys (ConfUtils.java:logGet(43)) - raft.server.log.appender.buffer.byte-limit = 33554432 (custom)
2019-10-10 00:01:28,639 [pool-413-thread-1] INFO  server.RaftServerConfigKeys (ConfUtils.java:logGet(43)) - raft.server.log.queue.element-limit = 1024 (custom)
2019-10-10 00:01:28,639 [pool-433-thread-1] INFO  server.RaftServerConfigKeys (ConfUtils.java:logGet(43)) - raft.server.log.segment.size.max = 1048576 (custom)
2019-10-10 00:01:28,640 [pool-413-thread-1] INFO  server.RaftServerConfigKeys (ConfUtils.java:logGet(43)) - raft.server.log.segment.size.max = 1048576 (custom)
2019-10-10 00:01:28,640 [pool-423-thread-1] INFO  server.RaftServerConfigKeys (ConfUtils.java:logGet(43)) - raft.server.log.segment.size.max = 1048576 (custom)
2019-10-10 00:01:28,640 [pool-413-thread-1] INFO  server.RaftServerConfigKeys (ConfUtils.java:logGet(43)) - raft.server.log.preallocated.size = 16384 (custom)
2019-10-10 00:01:28,640 [pool-433-thread-1] INFO  server.RaftServerConfigKeys (ConfUtils.java:logGet(43)) - raft.server.log.segment.cache.num.max = 2 (custom)
2019-10-10 00:01:28,640 [pool-413-thread-1] INFO  server.RaftServerConfigKeys (ConfUtils.java:logGet(43)) - raft.server.log.write.buffer.size = 33554432 (custom)
2019-10-10 00:01:28,640 [pool-413-thread-1] INFO  server.RaftServerConfigKeys (ConfUtils.java:logGet(43)) - raft.server.log.force.sync.num = 128 (default)
2019-10-10 00:01:28,640 [pool-423-thread-1] INFO  server.RaftServerConfigKeys (ConfUtils.java:logGet(43)) - raft.server.log.segment.cache.num.max = 2 (custom)
2019-10-10 00:01:28,640 [pool-413-thread-1] INFO  server.RaftServerConfigKeys (ConfUtils.java:logGet(43)) - raft.server.log.statemachine.data.sync = true (default)
2019-10-10 00:01:28,640 [pool-433-thread-1] INFO  segmented.SegmentedRaftLogWorker (SegmentedRaftLogWorker.java:<init>(173)) - new a0138ca6-04c1-41da-8356-dd9f33ccd7f6@group-0957C52F60A2-SegmentedRaftLogWorker for RaftStorage:Storage Directory /workdir/hadoop-ozone/integration-test/target/test-dir/MiniOzoneClusterImpl-4ac3c868-dcd7-40cc-945e-ce08398c8c7c/datanode-5/data/ratis/748416cf-7785-4950-a5d7-0957c52f60a2
2019-10-10 00:01:28,641 [pool-413-thread-1] INFO  server.RaftServerConfigKeys (ConfUtils.java:logGet(43)) - raft.server.log.statemachine.data.sync.timeout = 10s (default)
2019-10-10 00:01:28,640 [pool-423-thread-1] INFO  segmented.SegmentedRaftLogWorker (SegmentedRaftLogWorker.java:<init>(173)) - new 09ad47e2-225d-435b-8601-488dc6b24bba@group-0957C52F60A2-SegmentedRaftLogWorker for RaftStorage:Storage Directory /workdir/hadoop-ozone/integration-test/target/test-dir/MiniOzoneClusterImpl-4ac3c868-dcd7-40cc-945e-ce08398c8c7c/datanode-4/data/ratis/748416cf-7785-4950-a5d7-0957c52f60a2
2019-10-10 00:01:28,641 [pool-413-thread-1] INFO  server.RaftServerConfigKeys (ConfUtils.java:logGet(43)) - raft.server.log.statemachine.data.sync.timeout.retry = -1 (default)
2019-10-10 00:01:28,641 [pool-433-thread-1] INFO  server.RaftServerConfigKeys (ConfUtils.java:logGet(43)) - raft.server.log.queue.byte-limit = 2147483647 (custom)
2019-10-10 00:01:28,641 [pool-413-thread-1] INFO  server.RaftServerConfigKeys (ConfUtils.java:logGet(43)) - raft.server.log.statemachine.data.caching.enabled = true (custom)
2019-10-10 00:01:28,641 [pool-423-thread-1] INFO  server.RaftServerConfigKeys (ConfUtils.java:logGet(43)) - raft.server.log.queue.byte-limit = 2147483647 (custom)
2019-10-10 00:01:28,641 [pool-433-thread-1] INFO  server.RaftServerConfigKeys (ConfUtils.java:logGet(43)) - raft.server.log.queue.element-limit = 1024 (custom)
2019-10-10 00:01:28,641 [pool-413-thread-1] INFO  segmented.SegmentedRaftLogWorker (SegmentedRaftLogWorker.java:lambda$new$0(128)) - a8fb07c2-5f9f-49f5-a43e-fbbd202a09ff@group-0957C52F60A2-SegmentedRaftLogWorker: flushIndex: setUnconditionally 0 -> -1
2019-10-10 00:01:28,641 [pool-423-thread-1] INFO  server.RaftServerConfigKeys (ConfUtils.java:logGet(43)) - raft.server.log.queue.element-limit = 1024 (custom)
2019-10-10 00:01:28,641 [pool-433-thread-1] INFO  server.RaftServerConfigKeys (ConfUtils.java:logGet(43)) - raft.server.log.segment.size.max = 1048576 (custom)
2019-10-10 00:01:28,642 [pool-413-thread-1] INFO  server.RaftServerConfigKeys (ConfUtils.java:logGet(43)) - raft.server.snapshot.auto.trigger.enabled = true (custom)
2019-10-10 00:01:28,641 [pool-423-thread-1] INFO  server.RaftServerConfigKeys (ConfUtils.java:logGet(43)) - raft.server.log.segment.size.max = 1048576 (custom)
2019-10-10 00:01:28,642 [pool-413-thread-1] INFO  server.RaftServerConfigKeys (ConfUtils.java:logGet(43)) - raft.server.snapshot.auto.trigger.threshold = 10000 (custom)
2019-10-10 00:01:28,642 [pool-433-thread-1] INFO  server.RaftServerConfigKeys (ConfUtils.java:logGet(43)) - raft.server.log.preallocated.size = 16384 (custom)
2019-10-10 00:01:28,642 [pool-413-thread-1] INFO  server.RaftServerConfigKeys (ConfUtils.java:logGet(43)) - raft.server.snapshot.retention.file.num = 5 (custom)
2019-10-10 00:01:28,642 [pool-423-thread-1] INFO  server.RaftServerConfigKeys (ConfUtils.java:logGet(43)) - raft.server.log.preallocated.size = 16384 (custom)
2019-10-10 00:01:28,642 [pool-413-thread-1] INFO  server.RaftServerConfigKeys (ConfUtils.java:logGet(43)) - raft.server.retrycache.expirytime = 600000ms (custom)
2019-10-10 00:01:28,642 [pool-433-thread-1] INFO  server.RaftServerConfigKeys (ConfUtils.java:logGet(43)) - raft.server.log.write.buffer.size = 33554432 (custom)
2019-10-10 00:01:28,642 [pool-423-thread-1] INFO  server.RaftServerConfigKeys (ConfUtils.java:logGet(43)) - raft.server.log.write.buffer.size = 33554432 (custom)
2019-10-10 00:01:28,642 [pool-433-thread-1] INFO  server.RaftServerConfigKeys (ConfUtils.java:logGet(43)) - raft.server.log.force.sync.num = 128 (default)
2019-10-10 00:01:28,642 [pool-423-thread-1] INFO  server.RaftServerConfigKeys (ConfUtils.java:logGet(43)) - raft.server.log.force.sync.num = 128 (default)
2019-10-10 00:01:28,642 [pool-433-thread-1] INFO  server.RaftServerConfigKeys (ConfUtils.java:logGet(43)) - raft.server.log.statemachine.data.sync = true (default)
2019-10-10 00:01:28,643 [pool-423-thread-1] INFO  server.RaftServerConfigKeys (ConfUtils.java:logGet(43)) - raft.server.log.statemachine.data.sync = true (default)
2019-10-10 00:01:28,643 [pool-433-thread-1] INFO  server.RaftServerConfigKeys (ConfUtils.java:logGet(43)) - raft.server.log.statemachine.data.sync.timeout = 10s (default)
2019-10-10 00:01:28,643 [pool-423-thread-1] INFO  server.RaftServerConfigKeys (ConfUtils.java:logGet(43)) - raft.server.log.statemachine.data.sync.timeout = 10s (default)
2019-10-10 00:01:28,643 [pool-433-thread-1] INFO  server.RaftServerConfigKeys (ConfUtils.java:logGet(43)) - raft.server.log.statemachine.data.sync.timeout.retry = -1 (default)
2019-10-10 00:01:28,643 [pool-423-thread-1] INFO  server.RaftServerConfigKeys (ConfUtils.java:logGet(43)) - raft.server.log.statemachine.data.sync.timeout.retry = -1 (default)
2019-10-10 00:01:28,643 [pool-433-thread-1] INFO  server.RaftServerConfigKeys (ConfUtils.java:logGet(43)) - raft.server.log.statemachine.data.caching.enabled = true (custom)
2019-10-10 00:01:28,643 [pool-423-thread-1] INFO  server.RaftServerConfigKeys (ConfUtils.java:logGet(43)) - raft.server.log.statemachine.data.caching.enabled = true (custom)
2019-10-10 00:01:28,643 [pool-433-thread-1] INFO  segmented.SegmentedRaftLogWorker (SegmentedRaftLogWorker.java:lambda$new$0(128)) - a0138ca6-04c1-41da-8356-dd9f33ccd7f6@group-0957C52F60A2-SegmentedRaftLogWorker: flushIndex: setUnconditionally 0 -> -1
2019-10-10 00:01:28,643 [pool-423-thread-1] INFO  segmented.SegmentedRaftLogWorker (SegmentedRaftLogWorker.java:lambda$new$0(128)) - 09ad47e2-225d-435b-8601-488dc6b24bba@group-0957C52F60A2-SegmentedRaftLogWorker: flushIndex: setUnconditionally 0 -> -1
2019-10-10 00:01:28,643 [pool-433-thread-1] INFO  server.RaftServerConfigKeys (ConfUtils.java:logGet(43)) - raft.server.snapshot.auto.trigger.enabled = true (custom)
2019-10-10 00:01:28,643 [pool-433-thread-1] INFO  server.RaftServerConfigKeys (ConfUtils.java:logGet(43)) - raft.server.snapshot.auto.trigger.threshold = 10000 (custom)
2019-10-10 00:01:28,644 [pool-423-thread-1] INFO  server.RaftServerConfigKeys (ConfUtils.java:logGet(43)) - raft.server.snapshot.auto.trigger.enabled = true (custom)
2019-10-10 00:01:28,644 [pool-433-thread-1] INFO  server.RaftServerConfigKeys (ConfUtils.java:logGet(43)) - raft.server.snapshot.retention.file.num = 5 (custom)
2019-10-10 00:01:28,644 [pool-413-thread-1] INFO  impl.RaftServerImpl (RaftServerImpl.java:start(181)) - a8fb07c2-5f9f-49f5-a43e-fbbd202a09ff@group-0957C52F60A2: start as a follower, conf=-1: [a0138ca6-04c1-41da-8356-dd9f33ccd7f6:192.168.151.98:45991, 09ad47e2-225d-435b-8601-488dc6b24bba:192.168.151.98:45224, a8fb07c2-5f9f-49f5-a43e-fbbd202a09ff:192.168.151.98:41671], old=null
2019-10-10 00:01:28,644 [pool-423-thread-1] INFO  server.RaftServerConfigKeys (ConfUtils.java:logGet(43)) - raft.server.snapshot.auto.trigger.threshold = 10000 (custom)
2019-10-10 00:01:28,644 [pool-413-thread-1] INFO  impl.RaftServerImpl (RaftServerImpl.java:setRole(170)) - a8fb07c2-5f9f-49f5-a43e-fbbd202a09ff@group-0957C52F60A2: changes role from      null to FOLLOWER at term 0 for startAsFollower
2019-10-10 00:01:28,644 [pool-433-thread-1] INFO  server.RaftServerConfigKeys (ConfUtils.java:logGet(43)) - raft.server.retrycache.expirytime = 600000ms (custom)
2019-10-10 00:01:28,644 [pool-413-thread-1] INFO  impl.RoleInfo (RoleInfo.java:updateAndGet(143)) - a8fb07c2-5f9f-49f5-a43e-fbbd202a09ff: start FollowerState
2019-10-10 00:01:28,644 [pool-423-thread-1] INFO  server.RaftServerConfigKeys (ConfUtils.java:logGet(43)) - raft.server.snapshot.retention.file.num = 5 (custom)
2019-10-10 00:01:28,644 [pool-423-thread-1] INFO  server.RaftServerConfigKeys (ConfUtils.java:logGet(43)) - raft.server.retrycache.expirytime = 600000ms (custom)
2019-10-10 00:01:28,644 [pool-413-thread-1] INFO  util.JmxRegister (JmxRegister.java:tryRegister(44)) - Successfully registered JMX Bean with object name Ratis:service=RaftServer,group=group-0957C52F60A2,id=a8fb07c2-5f9f-49f5-a43e-fbbd202a09ff
2019-10-10 00:01:28,646 [pool-433-thread-1] INFO  impl.RaftServerImpl (RaftServerImpl.java:start(181)) - a0138ca6-04c1-41da-8356-dd9f33ccd7f6@group-0957C52F60A2: start as a follower, conf=-1: [a0138ca6-04c1-41da-8356-dd9f33ccd7f6:192.168.151.98:45991, 09ad47e2-225d-435b-8601-488dc6b24bba:192.168.151.98:45224, a8fb07c2-5f9f-49f5-a43e-fbbd202a09ff:192.168.151.98:41671], old=null
2019-10-10 00:01:28,646 [pool-433-thread-1] INFO  impl.RaftServerImpl (RaftServerImpl.java:setRole(170)) - a0138ca6-04c1-41da-8356-dd9f33ccd7f6@group-0957C52F60A2: changes role from      null to FOLLOWER at term 0 for startAsFollower
2019-10-10 00:01:28,646 [pool-433-thread-1] INFO  impl.RoleInfo (RoleInfo.java:updateAndGet(143)) - a0138ca6-04c1-41da-8356-dd9f33ccd7f6: start FollowerState
2019-10-10 00:01:28,646 [pool-433-thread-1] INFO  util.JmxRegister (JmxRegister.java:tryRegister(44)) - Successfully registered JMX Bean with object name Ratis:service=RaftServer,group=group-0957C52F60A2,id=a0138ca6-04c1-41da-8356-dd9f33ccd7f6
2019-10-10 00:01:28,647 [pool-423-thread-1] INFO  impl.RaftServerImpl (RaftServerImpl.java:start(181)) - 09ad47e2-225d-435b-8601-488dc6b24bba@group-0957C52F60A2: start as a follower, conf=-1: [a0138ca6-04c1-41da-8356-dd9f33ccd7f6:192.168.151.98:45991, 09ad47e2-225d-435b-8601-488dc6b24bba:192.168.151.98:45224, a8fb07c2-5f9f-49f5-a43e-fbbd202a09ff:192.168.151.98:41671], old=null
2019-10-10 00:01:28,647 [pool-423-thread-1] INFO  impl.RaftServerImpl (RaftServerImpl.java:setRole(170)) - 09ad47e2-225d-435b-8601-488dc6b24bba@group-0957C52F60A2: changes role from      null to FOLLOWER at term 0 for startAsFollower
2019-10-10 00:01:28,647 [pool-423-thread-1] INFO  impl.RoleInfo (RoleInfo.java:updateAndGet(143)) - 09ad47e2-225d-435b-8601-488dc6b24bba: start FollowerState
2019-10-10 00:01:28,647 [pool-423-thread-1] INFO  util.JmxRegister (JmxRegister.java:tryRegister(44)) - Successfully registered JMX Bean with object name Ratis:service=RaftServer,group=group-0957C52F60A2,id=09ad47e2-225d-435b-8601-488dc6b24bba
2019-10-10 00:01:28,656 [RatisPipelineUtilsThread] INFO  pipeline.PipelineStateManager (PipelineStateManager.java:addPipeline(56)) - Created pipeline Pipeline[ Id: 748416cf-7785-4950-a5d7-0957c52f60a2, Nodes: a8fb07c2-5f9f-49f5-a43e-fbbd202a09ff{ip: 192.168.151.98, host: pr-hdds-2194-ks6jj-815731239, networkLocation: /default-rack, certSerialId: null}09ad47e2-225d-435b-8601-488dc6b24bba{ip: 192.168.151.98, host: pr-hdds-2194-ks6jj-815731239, networkLocation: /default-rack, certSerialId: null}a0138ca6-04c1-41da-8356-dd9f33ccd7f6{ip: 192.168.151.98, host: pr-hdds-2194-ks6jj-815731239, networkLocation: /default-rack, certSerialId: null}, Type:RATIS, Factor:THREE, State:OPEN]
2019-10-10 00:01:29,630 [main] INFO  ozone.MiniOzoneClusterImpl (MiniOzoneClusterImpl.java:lambda$waitForClusterToBeReady$0(147)) - Cluster is ready. Got 7 of 7 DN Heartbeats.
2019-10-10 00:01:29,659 [main] INFO  rpc.RpcClient (RpcClient.java:createVolume(272)) - Creating Volume: watchforcommithandlingtest, with jenkins1000 as owner.
2019-10-10 00:01:29,661 [IPC Server handler 0 on 45553] INFO  volume.OMVolumeCreateRequest (OMVolumeCreateRequest.java:validateAndUpdateCache(193)) - created volume:watchforcommithandlingtest for user:jenkins1000
2019-10-10 00:01:29,673 [main] INFO  rpc.RpcClient (RpcClient.java:createBucket(411)) - Creating Bucket: watchforcommithandlingtest/watchforcommithandlingtest, with Versioning false and Storage Type set to DISK and Encryption set to false 
2019-10-10 00:01:29,676 [main] INFO  ozone.MiniOzoneClusterImpl (MiniOzoneClusterImpl.java:getStorageContainerLocationClient(234)) - Creating StorageContainerLocationProtocol RPC client with address /0.0.0.0:41814
2019-10-10 00:01:31,158 [Thread-2292] INFO  container.ReplicationManager (ReplicationManager.java:start(162)) - Starting Replication Monitor Thread.
2019-10-10 00:01:31,162 [ReplicationMonitor] INFO  container.ReplicationManager (ReplicationManager.java:run(225)) - Replication Monitor Thread took 0 milliseconds for processing 1 containers.
2019-10-10 00:01:33,207 [Thread-2294] INFO  impl.FollowerState (FollowerState.java:run(108)) - 3b8dee2b-a736-49ac-9a65-2887f1808b91@group-20B096809132-FollowerState: change to CANDIDATE, lastRpcTime:5005ms, electionTimeout:5005ms
2019-10-10 00:01:33,207 [Thread-2294] INFO  impl.RoleInfo (RoleInfo.java:shutdownFollowerState(121)) - 3b8dee2b-a736-49ac-9a65-2887f1808b91: shutdown FollowerState
2019-10-10 00:01:33,208 [Thread-2294] INFO  impl.RaftServerImpl (RaftServerImpl.java:setRole(170)) - 3b8dee2b-a736-49ac-9a65-2887f1808b91@group-20B096809132: changes role from  FOLLOWER to CANDIDATE at term 0 for changeToCandidate
2019-10-10 00:01:33,208 [Thread-2294] INFO  impl.RoleInfo (RoleInfo.java:updateAndGet(143)) - 3b8dee2b-a736-49ac-9a65-2887f1808b91: start LeaderElection
2019-10-10 00:01:33,229 [3b8dee2b-a736-49ac-9a65-2887f1808b91@group-20B096809132-LeaderElection78] INFO  impl.LeaderElection (LeaderElection.java:askForVotes(178)) - 3b8dee2b-a736-49ac-9a65-2887f1808b91@group-20B096809132-LeaderElection78: begin an election at term 1 for -1: [3b8dee2b-a736-49ac-9a65-2887f1808b91:192.168.151.98:39540], old=null
2019-10-10 00:01:33,229 [3b8dee2b-a736-49ac-9a65-2887f1808b91@group-20B096809132-LeaderElection78] INFO  impl.RoleInfo (RoleInfo.java:shutdownLeaderElection(134)) - 3b8dee2b-a736-49ac-9a65-2887f1808b91: shutdown LeaderElection
2019-10-10 00:01:33,229 [3b8dee2b-a736-49ac-9a65-2887f1808b91@group-20B096809132-LeaderElection78] INFO  impl.RaftServerImpl (RaftServerImpl.java:setRole(170)) - 3b8dee2b-a736-49ac-9a65-2887f1808b91@group-20B096809132: changes role from CANDIDATE to LEADER at term 1 for changeToLeader
2019-10-10 00:01:33,230 [3b8dee2b-a736-49ac-9a65-2887f1808b91@group-20B096809132-LeaderElection78] INFO  impl.RaftServerImpl (ServerState.java:setLeader(255)) - 3b8dee2b-a736-49ac-9a65-2887f1808b91@group-20B096809132: change Leader from null to 3b8dee2b-a736-49ac-9a65-2887f1808b91 at term 1 for becomeLeader, leader elected after 5034ms
2019-10-10 00:01:33,230 [3b8dee2b-a736-49ac-9a65-2887f1808b91@group-20B096809132-LeaderElection78] INFO  server.RaftServerConfigKeys (ConfUtils.java:logGet(43)) - raft.server.staging.catchup.gap = 1000 (default)
2019-10-10 00:01:33,230 [3b8dee2b-a736-49ac-9a65-2887f1808b91@group-20B096809132-LeaderElection78] INFO  server.RaftServerConfigKeys (ConfUtils.java:logGet(43)) - raft.server.rpc.sleep.time = 25ms (default)
2019-10-10 00:01:33,230 [3b8dee2b-a736-49ac-9a65-2887f1808b91@group-20B096809132-LeaderElection78] INFO  server.RaftServerConfigKeys (ConfUtils.java:logGet(43)) - raft.server.write.element-limit = 4096 (default)
2019-10-10 00:01:33,230 [3b8dee2b-a736-49ac-9a65-2887f1808b91@group-20B096809132-LeaderElection78] INFO  server.RaftServerConfigKeys (ConfUtils.java:logGet(43)) - raft.server.watch.timeout = 10s (default)
2019-10-10 00:01:33,230 [3b8dee2b-a736-49ac-9a65-2887f1808b91@group-20B096809132-LeaderElection78] INFO  server.RaftServerConfigKeys (ConfUtils.java:logGet(43)) - raft.server.watch.timeout.denomination = 1s (default)
2019-10-10 00:01:33,230 [3b8dee2b-a736-49ac-9a65-2887f1808b91@group-20B096809132-LeaderElection78] INFO  server.RaftServerConfigKeys (ConfUtils.java:logGet(43)) - raft.server.watch.element-limit = 65536 (default)
2019-10-10 00:01:33,232 [3b8dee2b-a736-49ac-9a65-2887f1808b91@group-20B096809132-LeaderElection78] INFO  impl.RoleInfo (RoleInfo.java:updateAndGet(143)) - 3b8dee2b-a736-49ac-9a65-2887f1808b91: start LeaderState
2019-10-10 00:01:33,233 [3b8dee2b-a736-49ac-9a65-2887f1808b91@group-20B096809132-LeaderElection78] INFO  segmented.SegmentedRaftLogWorker (SegmentedRaftLogWorker.java:startLogSegment(385)) - 3b8dee2b-a736-49ac-9a65-2887f1808b91@group-20B096809132-SegmentedRaftLogWorker: Starting segment from index:0
2019-10-10 00:01:33,233 [3b8dee2b-a736-49ac-9a65-2887f1808b91@group-20B096809132-LeaderElection78] INFO  impl.RaftServerImpl (ServerState.java:setRaftConf(356)) - 3b8dee2b-a736-49ac-9a65-2887f1808b91@group-20B096809132: set configuration 0: [3b8dee2b-a736-49ac-9a65-2887f1808b91:192.168.151.98:39540], old=null at 0
2019-10-10 00:01:33,298 [Thread-2297] INFO  impl.FollowerState (FollowerState.java:run(108)) - 1898ed4f-cd53-4d03-b80f-d742d1f668c5@group-B3DFAEF8A559-FollowerState: change to CANDIDATE, lastRpcTime:5049ms, electionTimeout:5049ms
2019-10-10 00:01:33,298 [Thread-2297] INFO  impl.RoleInfo (RoleInfo.java:shutdownFollowerState(121)) - 1898ed4f-cd53-4d03-b80f-d742d1f668c5: shutdown FollowerState
2019-10-10 00:01:33,298 [Thread-2297] INFO  impl.RaftServerImpl (RaftServerImpl.java:setRole(170)) - 1898ed4f-cd53-4d03-b80f-d742d1f668c5@group-B3DFAEF8A559: changes role from  FOLLOWER to CANDIDATE at term 0 for changeToCandidate
2019-10-10 00:01:33,298 [Thread-2297] INFO  impl.RoleInfo (RoleInfo.java:updateAndGet(143)) - 1898ed4f-cd53-4d03-b80f-d742d1f668c5: start LeaderElection
2019-10-10 00:01:33,309 [3b8dee2b-a736-49ac-9a65-2887f1808b91@group-20B096809132-SegmentedRaftLogWorker] INFO  segmented.SegmentedRaftLogWorker (SegmentedRaftLogWorker.java:execute(574)) - 3b8dee2b-a736-49ac-9a65-2887f1808b91@group-20B096809132-SegmentedRaftLogWorker: created new log segment /workdir/hadoop-ozone/integration-test/target/test-dir/MiniOzoneClusterImpl-4ac3c868-dcd7-40cc-945e-ce08398c8c7c/datanode-0/data/ratis/afc773cd-dca6-43ea-bff3-20b096809132/current/log_inprogress_0
2019-10-10 00:01:33,322 [1898ed4f-cd53-4d03-b80f-d742d1f668c5@group-B3DFAEF8A559-LeaderElection79] INFO  impl.LeaderElection (LeaderElection.java:askForVotes(178)) - 1898ed4f-cd53-4d03-b80f-d742d1f668c5@group-B3DFAEF8A559-LeaderElection79: begin an election at term 1 for -1: [1898ed4f-cd53-4d03-b80f-d742d1f668c5:192.168.151.98:35382], old=null
2019-10-10 00:01:33,322 [1898ed4f-cd53-4d03-b80f-d742d1f668c5@group-B3DFAEF8A559-LeaderElection79] INFO  impl.RoleInfo (RoleInfo.java:shutdownLeaderElection(134)) - 1898ed4f-cd53-4d03-b80f-d742d1f668c5: shutdown LeaderElection
2019-10-10 00:01:33,322 [1898ed4f-cd53-4d03-b80f-d742d1f668c5@group-B3DFAEF8A559-LeaderElection79] INFO  impl.RaftServerImpl (RaftServerImpl.java:setRole(170)) - 1898ed4f-cd53-4d03-b80f-d742d1f668c5@group-B3DFAEF8A559: changes role from CANDIDATE to LEADER at term 1 for changeToLeader
2019-10-10 00:01:33,322 [1898ed4f-cd53-4d03-b80f-d742d1f668c5@group-B3DFAEF8A559-LeaderElection79] INFO  impl.RaftServerImpl (ServerState.java:setLeader(255)) - 1898ed4f-cd53-4d03-b80f-d742d1f668c5@group-B3DFAEF8A559: change Leader from null to 1898ed4f-cd53-4d03-b80f-d742d1f668c5 at term 1 for becomeLeader, leader elected after 5080ms
2019-10-10 00:01:33,322 [1898ed4f-cd53-4d03-b80f-d742d1f668c5@group-B3DFAEF8A559-LeaderElection79] INFO  server.RaftServerConfigKeys (ConfUtils.java:logGet(43)) - raft.server.staging.catchup.gap = 1000 (default)
2019-10-10 00:01:33,323 [1898ed4f-cd53-4d03-b80f-d742d1f668c5@group-B3DFAEF8A559-LeaderElection79] INFO  server.RaftServerConfigKeys (ConfUtils.java:logGet(43)) - raft.server.rpc.sleep.time = 25ms (default)
2019-10-10 00:01:33,323 [1898ed4f-cd53-4d03-b80f-d742d1f668c5@group-B3DFAEF8A559-LeaderElection79] INFO  server.RaftServerConfigKeys (ConfUtils.java:logGet(43)) - raft.server.write.element-limit = 4096 (default)
2019-10-10 00:01:33,323 [1898ed4f-cd53-4d03-b80f-d742d1f668c5@group-B3DFAEF8A559-LeaderElection79] INFO  server.RaftServerConfigKeys (ConfUtils.java:logGet(43)) - raft.server.watch.timeout = 10s (default)
2019-10-10 00:01:33,323 [1898ed4f-cd53-4d03-b80f-d742d1f668c5@group-B3DFAEF8A559-LeaderElection79] INFO  server.RaftServerConfigKeys (ConfUtils.java:logGet(43)) - raft.server.watch.timeout.denomination = 1s (default)
2019-10-10 00:01:33,323 [1898ed4f-cd53-4d03-b80f-d742d1f668c5@group-B3DFAEF8A559-LeaderElection79] INFO  server.RaftServerConfigKeys (ConfUtils.java:logGet(43)) - raft.server.watch.element-limit = 65536 (default)
2019-10-10 00:01:33,324 [1898ed4f-cd53-4d03-b80f-d742d1f668c5@group-B3DFAEF8A559-LeaderElection79] INFO  impl.RoleInfo (RoleInfo.java:updateAndGet(143)) - 1898ed4f-cd53-4d03-b80f-d742d1f668c5: start LeaderState
2019-10-10 00:01:33,325 [1898ed4f-cd53-4d03-b80f-d742d1f668c5@group-B3DFAEF8A559-LeaderElection79] INFO  segmented.SegmentedRaftLogWorker (SegmentedRaftLogWorker.java:startLogSegment(385)) - 1898ed4f-cd53-4d03-b80f-d742d1f668c5@group-B3DFAEF8A559-SegmentedRaftLogWorker: Starting segment from index:0
2019-10-10 00:01:33,325 [1898ed4f-cd53-4d03-b80f-d742d1f668c5@group-B3DFAEF8A559-LeaderElection79] INFO  impl.RaftServerImpl (ServerState.java:setRaftConf(356)) - 1898ed4f-cd53-4d03-b80f-d742d1f668c5@group-B3DFAEF8A559: set configuration 0: [1898ed4f-cd53-4d03-b80f-d742d1f668c5:192.168.151.98:35382], old=null at 0
2019-10-10 00:01:33,375 [1898ed4f-cd53-4d03-b80f-d742d1f668c5@group-B3DFAEF8A559-SegmentedRaftLogWorker] INFO  segmented.SegmentedRaftLogWorker (SegmentedRaftLogWorker.java:execute(574)) - 1898ed4f-cd53-4d03-b80f-d742d1f668c5@group-B3DFAEF8A559-SegmentedRaftLogWorker: created new log segment /workdir/hadoop-ozone/integration-test/target/test-dir/MiniOzoneClusterImpl-4ac3c868-dcd7-40cc-945e-ce08398c8c7c/datanode-1/data/ratis/2cc87462-f83e-423b-bbb5-b3dfaef8a559/current/log_inprogress_0
2019-10-10 00:01:33,381 [Thread-2300] INFO  impl.FollowerState (FollowerState.java:run(108)) - 6f3b3925-b3bf-4e77-a763-7ca3b61f29c5@group-43C6D31E567E-FollowerState: change to CANDIDATE, lastRpcTime:5055ms, electionTimeout:5055ms
2019-10-10 00:01:33,381 [Thread-2300] INFO  impl.RoleInfo (RoleInfo.java:shutdownFollowerState(121)) - 6f3b3925-b3bf-4e77-a763-7ca3b61f29c5: shutdown FollowerState
2019-10-10 00:01:33,382 [Thread-2300] INFO  impl.RaftServerImpl (RaftServerImpl.java:setRole(170)) - 6f3b3925-b3bf-4e77-a763-7ca3b61f29c5@group-43C6D31E567E: changes role from  FOLLOWER to CANDIDATE at term 0 for changeToCandidate
2019-10-10 00:01:33,382 [Thread-2300] INFO  impl.RoleInfo (RoleInfo.java:updateAndGet(143)) - 6f3b3925-b3bf-4e77-a763-7ca3b61f29c5: start LeaderElection
2019-10-10 00:01:33,399 [Thread-2303] INFO  impl.FollowerState (FollowerState.java:run(108)) - 6f3b3925-b3bf-4e77-a763-7ca3b61f29c5@group-F4B8AC20E29A-FollowerState: change to CANDIDATE, lastRpcTime:5004ms, electionTimeout:5004ms
2019-10-10 00:01:33,399 [Thread-2303] INFO  impl.RoleInfo (RoleInfo.java:shutdownFollowerState(121)) - 6f3b3925-b3bf-4e77-a763-7ca3b61f29c5: shutdown FollowerState
2019-10-10 00:01:33,399 [Thread-2303] INFO  impl.RaftServerImpl (RaftServerImpl.java:setRole(170)) - 6f3b3925-b3bf-4e77-a763-7ca3b61f29c5@group-F4B8AC20E29A: changes role from  FOLLOWER to CANDIDATE at term 0 for changeToCandidate
2019-10-10 00:01:33,400 [Thread-2303] INFO  impl.RoleInfo (RoleInfo.java:updateAndGet(143)) - 6f3b3925-b3bf-4e77-a763-7ca3b61f29c5: start LeaderElection
2019-10-10 00:01:33,403 [6f3b3925-b3bf-4e77-a763-7ca3b61f29c5@group-43C6D31E567E-LeaderElection80] INFO  impl.LeaderElection (LeaderElection.java:askForVotes(178)) - 6f3b3925-b3bf-4e77-a763-7ca3b61f29c5@group-43C6D31E567E-LeaderElection80: begin an election at term 1 for -1: [6f3b3925-b3bf-4e77-a763-7ca3b61f29c5:192.168.151.98:33419], old=null
2019-10-10 00:01:33,404 [6f3b3925-b3bf-4e77-a763-7ca3b61f29c5@group-43C6D31E567E-LeaderElection80] INFO  impl.RoleInfo (RoleInfo.java:shutdownLeaderElection(134)) - 6f3b3925-b3bf-4e77-a763-7ca3b61f29c5: shutdown LeaderElection
2019-10-10 00:01:33,404 [6f3b3925-b3bf-4e77-a763-7ca3b61f29c5@group-43C6D31E567E-LeaderElection80] INFO  impl.RaftServerImpl (RaftServerImpl.java:setRole(170)) - 6f3b3925-b3bf-4e77-a763-7ca3b61f29c5@group-43C6D31E567E: changes role from CANDIDATE to LEADER at term 1 for changeToLeader
2019-10-10 00:01:33,404 [6f3b3925-b3bf-4e77-a763-7ca3b61f29c5@group-43C6D31E567E-LeaderElection80] INFO  impl.RaftServerImpl (ServerState.java:setLeader(255)) - 6f3b3925-b3bf-4e77-a763-7ca3b61f29c5@group-43C6D31E567E: change Leader from null to 6f3b3925-b3bf-4e77-a763-7ca3b61f29c5 at term 1 for becomeLeader, leader elected after 5082ms
2019-10-10 00:01:33,404 [6f3b3925-b3bf-4e77-a763-7ca3b61f29c5@group-43C6D31E567E-LeaderElection80] INFO  server.RaftServerConfigKeys (ConfUtils.java:logGet(43)) - raft.server.staging.catchup.gap = 1000 (default)
2019-10-10 00:01:33,404 [6f3b3925-b3bf-4e77-a763-7ca3b61f29c5@group-43C6D31E567E-LeaderElection80] INFO  server.RaftServerConfigKeys (ConfUtils.java:logGet(43)) - raft.server.rpc.sleep.time = 25ms (default)
2019-10-10 00:01:33,404 [6f3b3925-b3bf-4e77-a763-7ca3b61f29c5@group-43C6D31E567E-LeaderElection80] INFO  server.RaftServerConfigKeys (ConfUtils.java:logGet(43)) - raft.server.write.element-limit = 4096 (default)
2019-10-10 00:01:33,404 [6f3b3925-b3bf-4e77-a763-7ca3b61f29c5@group-43C6D31E567E-LeaderElection80] INFO  server.RaftServerConfigKeys (ConfUtils.java:logGet(43)) - raft.server.watch.timeout = 10s (default)
2019-10-10 00:01:33,405 [6f3b3925-b3bf-4e77-a763-7ca3b61f29c5@group-43C6D31E567E-LeaderElection80] INFO  server.RaftServerConfigKeys (ConfUtils.java:logGet(43)) - raft.server.watch.timeout.denomination = 1s (default)
2019-10-10 00:01:33,405 [6f3b3925-b3bf-4e77-a763-7ca3b61f29c5@group-43C6D31E567E-LeaderElection80] INFO  server.RaftServerConfigKeys (ConfUtils.java:logGet(43)) - raft.server.watch.element-limit = 65536 (default)
2019-10-10 00:01:33,407 [6f3b3925-b3bf-4e77-a763-7ca3b61f29c5@group-43C6D31E567E-LeaderElection80] INFO  impl.RoleInfo (RoleInfo.java:updateAndGet(143)) - 6f3b3925-b3bf-4e77-a763-7ca3b61f29c5: start LeaderState
2019-10-10 00:01:33,407 [6f3b3925-b3bf-4e77-a763-7ca3b61f29c5@group-43C6D31E567E-LeaderElection80] INFO  segmented.SegmentedRaftLogWorker (SegmentedRaftLogWorker.java:startLogSegment(385)) - 6f3b3925-b3bf-4e77-a763-7ca3b61f29c5@group-43C6D31E567E-SegmentedRaftLogWorker: Starting segment from index:0
2019-10-10 00:01:33,408 [6f3b3925-b3bf-4e77-a763-7ca3b61f29c5@group-43C6D31E567E-LeaderElection80] INFO  impl.RaftServerImpl (ServerState.java:setRaftConf(356)) - 6f3b3925-b3bf-4e77-a763-7ca3b61f29c5@group-43C6D31E567E: set configuration 0: [6f3b3925-b3bf-4e77-a763-7ca3b61f29c5:192.168.151.98:33419], old=null at 0
2019-10-10 00:01:33,426 [6f3b3925-b3bf-4e77-a763-7ca3b61f29c5@group-F4B8AC20E29A-LeaderElection81] INFO  impl.LeaderElection (LeaderElection.java:askForVotes(178)) - 6f3b3925-b3bf-4e77-a763-7ca3b61f29c5@group-F4B8AC20E29A-LeaderElection81: begin an election at term 1 for -1: [1898ed4f-cd53-4d03-b80f-d742d1f668c5:192.168.151.98:35382, 6f3b3925-b3bf-4e77-a763-7ca3b61f29c5:192.168.151.98:33419, 3b8dee2b-a736-49ac-9a65-2887f1808b91:192.168.151.98:39540], old=null
2019-10-10 00:01:33,431 [grpc-default-executor-1] INFO  impl.RaftServerImpl (RaftServerImpl.java:setRole(170)) - 3b8dee2b-a736-49ac-9a65-2887f1808b91@group-F4B8AC20E29A: changes role from  FOLLOWER to FOLLOWER at term 1 for recognizeCandidate:6f3b3925-b3bf-4e77-a763-7ca3b61f29c5
2019-10-10 00:01:33,431 [grpc-default-executor-1] INFO  impl.RoleInfo (RoleInfo.java:shutdownFollowerState(121)) - 3b8dee2b-a736-49ac-9a65-2887f1808b91: shutdown FollowerState
2019-10-10 00:01:33,431 [grpc-default-executor-6] INFO  impl.RaftServerImpl (RaftServerImpl.java:setRole(170)) - 1898ed4f-cd53-4d03-b80f-d742d1f668c5@group-F4B8AC20E29A: changes role from  FOLLOWER to FOLLOWER at term 1 for recognizeCandidate:6f3b3925-b3bf-4e77-a763-7ca3b61f29c5
2019-10-10 00:01:33,431 [Thread-2306] INFO  impl.FollowerState (FollowerState.java:run(117)) - 3b8dee2b-a736-49ac-9a65-2887f1808b91@group-F4B8AC20E29A-FollowerState was interrupted: java.lang.InterruptedException: sleep interrupted
2019-10-10 00:01:33,431 [grpc-default-executor-1] INFO  impl.RoleInfo (RoleInfo.java:updateAndGet(143)) - 3b8dee2b-a736-49ac-9a65-2887f1808b91: start FollowerState
2019-10-10 00:01:33,431 [grpc-default-executor-6] INFO  impl.RoleInfo (RoleInfo.java:shutdownFollowerState(121)) - 1898ed4f-cd53-4d03-b80f-d742d1f668c5: shutdown FollowerState
2019-10-10 00:01:33,444 [grpc-default-executor-6] INFO  impl.RoleInfo (RoleInfo.java:updateAndGet(143)) - 1898ed4f-cd53-4d03-b80f-d742d1f668c5: start FollowerState
2019-10-10 00:01:33,444 [Thread-2308] INFO  impl.FollowerState (FollowerState.java:run(117)) - 1898ed4f-cd53-4d03-b80f-d742d1f668c5@group-F4B8AC20E29A-FollowerState was interrupted: java.lang.InterruptedException: sleep interrupted
2019-10-10 00:01:33,456 [6f3b3925-b3bf-4e77-a763-7ca3b61f29c5@group-43C6D31E567E-SegmentedRaftLogWorker] INFO  segmented.SegmentedRaftLogWorker (SegmentedRaftLogWorker.java:execute(574)) - 6f3b3925-b3bf-4e77-a763-7ca3b61f29c5@group-43C6D31E567E-SegmentedRaftLogWorker: created new log segment /workdir/hadoop-ozone/integration-test/target/test-dir/MiniOzoneClusterImpl-4ac3c868-dcd7-40cc-945e-ce08398c8c7c/datanode-2/data/ratis/efe09bd3-c0a8-4cbe-abb8-43c6d31e567e/current/log_inprogress_0
2019-10-10 00:01:33,461 [6f3b3925-b3bf-4e77-a763-7ca3b61f29c5@group-F4B8AC20E29A-LeaderElection81] INFO  impl.LeaderElection (LeaderElection.java:logAndReturn(56)) - 6f3b3925-b3bf-4e77-a763-7ca3b61f29c5@group-F4B8AC20E29A-LeaderElection81: Election PASSED; received 1 response(s) [6f3b3925-b3bf-4e77-a763-7ca3b61f29c5<-3b8dee2b-a736-49ac-9a65-2887f1808b91#0:OK-t1] and 0 exception(s); 6f3b3925-b3bf-4e77-a763-7ca3b61f29c5@group-F4B8AC20E29A:t1, leader=null, voted=6f3b3925-b3bf-4e77-a763-7ca3b61f29c5, raftlog=6f3b3925-b3bf-4e77-a763-7ca3b61f29c5@group-F4B8AC20E29A-SegmentedRaftLog:OPENED:c-1,f-1,i0, conf=-1: [1898ed4f-cd53-4d03-b80f-d742d1f668c5:192.168.151.98:35382, 6f3b3925-b3bf-4e77-a763-7ca3b61f29c5:192.168.151.98:33419, 3b8dee2b-a736-49ac-9a65-2887f1808b91:192.168.151.98:39540], old=null
2019-10-10 00:01:33,461 [6f3b3925-b3bf-4e77-a763-7ca3b61f29c5@group-F4B8AC20E29A-LeaderElection81] INFO  impl.RoleInfo (RoleInfo.java:shutdownLeaderElection(134)) - 6f3b3925-b3bf-4e77-a763-7ca3b61f29c5: shutdown LeaderElection
2019-10-10 00:01:33,461 [6f3b3925-b3bf-4e77-a763-7ca3b61f29c5@group-F4B8AC20E29A-LeaderElection81] INFO  impl.RaftServerImpl (RaftServerImpl.java:setRole(170)) - 6f3b3925-b3bf-4e77-a763-7ca3b61f29c5@group-F4B8AC20E29A: changes role from CANDIDATE to LEADER at term 1 for changeToLeader
2019-10-10 00:01:33,461 [6f3b3925-b3bf-4e77-a763-7ca3b61f29c5@group-F4B8AC20E29A-LeaderElection81] INFO  impl.RaftServerImpl (ServerState.java:setLeader(255)) - 6f3b3925-b3bf-4e77-a763-7ca3b61f29c5@group-F4B8AC20E29A: change Leader from null to 6f3b3925-b3bf-4e77-a763-7ca3b61f29c5 at term 1 for becomeLeader, leader elected after 5072ms
2019-10-10 00:01:33,461 [6f3b3925-b3bf-4e77-a763-7ca3b61f29c5@group-F4B8AC20E29A-LeaderElection81] INFO  server.RaftServerConfigKeys (ConfUtils.java:logGet(43)) - raft.server.staging.catchup.gap = 1000 (default)
2019-10-10 00:01:33,461 [6f3b3925-b3bf-4e77-a763-7ca3b61f29c5@group-F4B8AC20E29A-LeaderElection81] INFO  server.RaftServerConfigKeys (ConfUtils.java:logGet(43)) - raft.server.rpc.sleep.time = 25ms (default)
2019-10-10 00:01:33,462 [6f3b3925-b3bf-4e77-a763-7ca3b61f29c5@group-F4B8AC20E29A-LeaderElection81] INFO  server.RaftServerConfigKeys (ConfUtils.java:logGet(43)) - raft.server.write.element-limit = 4096 (default)
2019-10-10 00:01:33,462 [6f3b3925-b3bf-4e77-a763-7ca3b61f29c5@group-F4B8AC20E29A-LeaderElection81] INFO  server.RaftServerConfigKeys (ConfUtils.java:logGet(43)) - raft.server.watch.timeout = 10s (default)
2019-10-10 00:01:33,462 [6f3b3925-b3bf-4e77-a763-7ca3b61f29c5@group-F4B8AC20E29A-LeaderElection81] INFO  server.RaftServerConfigKeys (ConfUtils.java:logGet(43)) - raft.server.watch.timeout.denomination = 1s (default)
2019-10-10 00:01:33,462 [6f3b3925-b3bf-4e77-a763-7ca3b61f29c5@group-F4B8AC20E29A-LeaderElection81] INFO  server.RaftServerConfigKeys (ConfUtils.java:logGet(43)) - raft.server.watch.element-limit = 65536 (default)
2019-10-10 00:01:33,464 [6f3b3925-b3bf-4e77-a763-7ca3b61f29c5@group-F4B8AC20E29A-LeaderElection81] INFO  server.RaftServerConfigKeys (ConfUtils.java:logGet(43)) - raft.server.log.appender.snapshot.chunk.size.max = 16MB (=16777216) (default)
2019-10-10 00:01:33,464 [6f3b3925-b3bf-4e77-a763-7ca3b61f29c5@group-F4B8AC20E29A-LeaderElection81] INFO  server.RaftServerConfigKeys (ConfUtils.java:logGet(43)) - raft.server.log.appender.buffer.byte-limit = 33554432 (custom)
2019-10-10 00:01:33,464 [6f3b3925-b3bf-4e77-a763-7ca3b61f29c5@group-F4B8AC20E29A-LeaderElection81] INFO  server.RaftServerConfigKeys (ConfUtils.java:logGet(43)) - raft.server.log.appender.buffer.element-limit = 1 (custom)
2019-10-10 00:01:33,465 [6f3b3925-b3bf-4e77-a763-7ca3b61f29c5@group-F4B8AC20E29A-LeaderElection81] INFO  grpc.GrpcConfigKeys$Server (ConfUtils.java:logGet(43)) - raft.grpc.server.leader.outstanding.appends.max = 128 (default)
2019-10-10 00:01:33,465 [6f3b3925-b3bf-4e77-a763-7ca3b61f29c5@group-F4B8AC20E29A-LeaderElection81] INFO  server.RaftServerConfigKeys (ConfUtils.java:logGet(43)) - raft.server.rpc.request.timeout = 3000ms (default)
2019-10-10 00:01:33,465 [6f3b3925-b3bf-4e77-a763-7ca3b61f29c5@group-F4B8AC20E29A-LeaderElection81] INFO  server.RaftServerConfigKeys (ConfUtils.java:logGet(43)) - raft.server.log.appender.install.snapshot.enabled = false (custom)
2019-10-10 00:01:33,465 [6f3b3925-b3bf-4e77-a763-7ca3b61f29c5@group-F4B8AC20E29A-LeaderElection81] INFO  server.RaftServerConfigKeys (ConfUtils.java:logGet(43)) - raft.server.log.appender.snapshot.chunk.size.max = 16MB (=16777216) (default)
2019-10-10 00:01:33,465 [6f3b3925-b3bf-4e77-a763-7ca3b61f29c5@group-F4B8AC20E29A-LeaderElection81] INFO  server.RaftServerConfigKeys (ConfUtils.java:logGet(43)) - raft.server.log.appender.buffer.byte-limit = 33554432 (custom)
2019-10-10 00:01:33,466 [6f3b3925-b3bf-4e77-a763-7ca3b61f29c5@group-F4B8AC20E29A-LeaderElection81] INFO  server.RaftServerConfigKeys (ConfUtils.java:logGet(43)) - raft.server.log.appender.buffer.element-limit = 1 (custom)
2019-10-10 00:01:33,466 [6f3b3925-b3bf-4e77-a763-7ca3b61f29c5@group-F4B8AC20E29A-LeaderElection81] INFO  grpc.GrpcConfigKeys$Server (ConfUtils.java:logGet(43)) - raft.grpc.server.leader.outstanding.appends.max = 128 (default)
2019-10-10 00:01:33,466 [6f3b3925-b3bf-4e77-a763-7ca3b61f29c5@group-F4B8AC20E29A-LeaderElection81] INFO  server.RaftServerConfigKeys (ConfUtils.java:logGet(43)) - raft.server.rpc.request.timeout = 3000ms (default)
2019-10-10 00:01:33,466 [6f3b3925-b3bf-4e77-a763-7ca3b61f29c5@group-F4B8AC20E29A-LeaderElection81] INFO  server.RaftServerConfigKeys (ConfUtils.java:logGet(43)) - raft.server.log.appender.install.snapshot.enabled = false (custom)
2019-10-10 00:01:33,467 [6f3b3925-b3bf-4e77-a763-7ca3b61f29c5@group-F4B8AC20E29A-LeaderElection81] INFO  impl.RoleInfo (RoleInfo.java:updateAndGet(143)) - 6f3b3925-b3bf-4e77-a763-7ca3b61f29c5: start LeaderState
2019-10-10 00:01:33,467 [6f3b3925-b3bf-4e77-a763-7ca3b61f29c5@group-F4B8AC20E29A-LeaderElection81] INFO  segmented.SegmentedRaftLogWorker (SegmentedRaftLogWorker.java:startLogSegment(385)) - 6f3b3925-b3bf-4e77-a763-7ca3b61f29c5@group-F4B8AC20E29A-SegmentedRaftLogWorker: Starting segment from index:0
2019-10-10 00:01:33,467 [6f3b3925-b3bf-4e77-a763-7ca3b61f29c5@group-F4B8AC20E29A-LeaderElection81] INFO  impl.RaftServerImpl (ServerState.java:setRaftConf(356)) - 6f3b3925-b3bf-4e77-a763-7ca3b61f29c5@group-F4B8AC20E29A: set configuration 0: [1898ed4f-cd53-4d03-b80f-d742d1f668c5:192.168.151.98:35382, 6f3b3925-b3bf-4e77-a763-7ca3b61f29c5:192.168.151.98:33419, 3b8dee2b-a736-49ac-9a65-2887f1808b91:192.168.151.98:39540], old=null at 0
2019-10-10 00:01:33,497 [grpc-default-executor-1] INFO  impl.RaftServerImpl (ServerState.java:setLeader(255)) - 3b8dee2b-a736-49ac-9a65-2887f1808b91@group-F4B8AC20E29A: change Leader from null to 6f3b3925-b3bf-4e77-a763-7ca3b61f29c5 at term 1 for appendEntries, leader elected after 5108ms
2019-10-10 00:01:33,500 [grpc-default-executor-6] INFO  impl.RaftServerImpl (ServerState.java:setLeader(255)) - 1898ed4f-cd53-4d03-b80f-d742d1f668c5@group-F4B8AC20E29A: change Leader from null to 6f3b3925-b3bf-4e77-a763-7ca3b61f29c5 at term 1 for appendEntries, leader elected after 5111ms
2019-10-10 00:01:33,506 [grpc-default-executor-1] INFO  impl.RaftServerImpl (ServerState.java:setRaftConf(356)) - 3b8dee2b-a736-49ac-9a65-2887f1808b91@group-F4B8AC20E29A: set configuration 0: [1898ed4f-cd53-4d03-b80f-d742d1f668c5:192.168.151.98:35382, 6f3b3925-b3bf-4e77-a763-7ca3b61f29c5:192.168.151.98:33419, 3b8dee2b-a736-49ac-9a65-2887f1808b91:192.168.151.98:39540], old=null at 0
2019-10-10 00:01:33,506 [grpc-default-executor-1] INFO  segmented.SegmentedRaftLogWorker (SegmentedRaftLogWorker.java:startLogSegment(385)) - 3b8dee2b-a736-49ac-9a65-2887f1808b91@group-F4B8AC20E29A-SegmentedRaftLogWorker: Starting segment from index:0
2019-10-10 00:01:33,506 [grpc-default-executor-6] INFO  impl.RaftServerImpl (ServerState.java:setRaftConf(356)) - 1898ed4f-cd53-4d03-b80f-d742d1f668c5@group-F4B8AC20E29A: set configuration 0: [1898ed4f-cd53-4d03-b80f-d742d1f668c5:192.168.151.98:35382, 6f3b3925-b3bf-4e77-a763-7ca3b61f29c5:192.168.151.98:33419, 3b8dee2b-a736-49ac-9a65-2887f1808b91:192.168.151.98:39540], old=null at 0
2019-10-10 00:01:33,507 [grpc-default-executor-6] INFO  segmented.SegmentedRaftLogWorker (SegmentedRaftLogWorker.java:startLogSegment(385)) - 1898ed4f-cd53-4d03-b80f-d742d1f668c5@group-F4B8AC20E29A-SegmentedRaftLogWorker: Starting segment from index:0
2019-10-10 00:01:33,508 [6f3b3925-b3bf-4e77-a763-7ca3b61f29c5@group-F4B8AC20E29A-SegmentedRaftLogWorker] INFO  segmented.SegmentedRaftLogWorker (SegmentedRaftLogWorker.java:execute(574)) - 6f3b3925-b3bf-4e77-a763-7ca3b61f29c5@group-F4B8AC20E29A-SegmentedRaftLogWorker: created new log segment /workdir/hadoop-ozone/integration-test/target/test-dir/MiniOzoneClusterImpl-4ac3c868-dcd7-40cc-945e-ce08398c8c7c/datanode-2/data/ratis/d396994e-f5b0-4ab7-ade2-f4b8ac20e29a/current/log_inprogress_0
2019-10-10 00:01:33,549 [3b8dee2b-a736-49ac-9a65-2887f1808b91@group-F4B8AC20E29A-SegmentedRaftLogWorker] INFO  segmented.SegmentedRaftLogWorker (SegmentedRaftLogWorker.java:execute(574)) - 3b8dee2b-a736-49ac-9a65-2887f1808b91@group-F4B8AC20E29A-SegmentedRaftLogWorker: created new log segment /workdir/hadoop-ozone/integration-test/target/test-dir/MiniOzoneClusterImpl-4ac3c868-dcd7-40cc-945e-ce08398c8c7c/datanode-0/data/ratis/d396994e-f5b0-4ab7-ade2-f4b8ac20e29a/current/log_inprogress_0
2019-10-10 00:01:33,549 [1898ed4f-cd53-4d03-b80f-d742d1f668c5@group-F4B8AC20E29A-SegmentedRaftLogWorker] INFO  segmented.SegmentedRaftLogWorker (SegmentedRaftLogWorker.java:execute(574)) - 1898ed4f-cd53-4d03-b80f-d742d1f668c5@group-F4B8AC20E29A-SegmentedRaftLogWorker: created new log segment /workdir/hadoop-ozone/integration-test/target/test-dir/MiniOzoneClusterImpl-4ac3c868-dcd7-40cc-945e-ce08398c8c7c/datanode-1/data/ratis/d396994e-f5b0-4ab7-ade2-f4b8ac20e29a/current/log_inprogress_0
2019-10-10 00:01:33,592 [Thread-2315] INFO  impl.FollowerState (FollowerState.java:run(108)) - 09ad47e2-225d-435b-8601-488dc6b24bba@group-D587CD0B6FF3-FollowerState: change to CANDIDATE, lastRpcTime:5068ms, electionTimeout:5060ms
2019-10-10 00:01:33,592 [Thread-2315] INFO  impl.RoleInfo (RoleInfo.java:shutdownFollowerState(121)) - 09ad47e2-225d-435b-8601-488dc6b24bba: shutdown FollowerState
2019-10-10 00:01:33,592 [Thread-2315] INFO  impl.RaftServerImpl (RaftServerImpl.java:setRole(170)) - 09ad47e2-225d-435b-8601-488dc6b24bba@group-D587CD0B6FF3: changes role from  FOLLOWER to CANDIDATE at term 0 for changeToCandidate
2019-10-10 00:01:33,593 [Thread-2315] INFO  impl.RoleInfo (RoleInfo.java:updateAndGet(143)) - 09ad47e2-225d-435b-8601-488dc6b24bba: start LeaderElection
2019-10-10 00:01:33,615 [09ad47e2-225d-435b-8601-488dc6b24bba@group-D587CD0B6FF3-LeaderElection82] INFO  impl.LeaderElection (LeaderElection.java:askForVotes(178)) - 09ad47e2-225d-435b-8601-488dc6b24bba@group-D587CD0B6FF3-LeaderElection82: begin an election at term 1 for -1: [09ad47e2-225d-435b-8601-488dc6b24bba:192.168.151.98:45224], old=null
2019-10-10 00:01:33,615 [09ad47e2-225d-435b-8601-488dc6b24bba@group-D587CD0B6FF3-LeaderElection82] INFO  impl.RoleInfo (RoleInfo.java:shutdownLeaderElection(134)) - 09ad47e2-225d-435b-8601-488dc6b24bba: shutdown LeaderElection
2019-10-10 00:01:33,615 [09ad47e2-225d-435b-8601-488dc6b24bba@group-D587CD0B6FF3-LeaderElection82] INFO  impl.RaftServerImpl (RaftServerImpl.java:setRole(170)) - 09ad47e2-225d-435b-8601-488dc6b24bba@group-D587CD0B6FF3: changes role from CANDIDATE to LEADER at term 1 for changeToLeader
2019-10-10 00:01:33,615 [09ad47e2-225d-435b-8601-488dc6b24bba@group-D587CD0B6FF3-LeaderElection82] INFO  impl.RaftServerImpl (ServerState.java:setLeader(255)) - 09ad47e2-225d-435b-8601-488dc6b24bba@group-D587CD0B6FF3: change Leader from null to 09ad47e2-225d-435b-8601-488dc6b24bba at term 1 for becomeLeader, leader elected after 5095ms
2019-10-10 00:01:33,615 [09ad47e2-225d-435b-8601-488dc6b24bba@group-D587CD0B6FF3-LeaderElection82] INFO  server.RaftServerConfigKeys (ConfUtils.java:logGet(43)) - raft.server.staging.catchup.gap = 1000 (default)
2019-10-10 00:01:33,616 [09ad47e2-225d-435b-8601-488dc6b24bba@group-D587CD0B6FF3-LeaderElection82] INFO  server.RaftServerConfigKeys (ConfUtils.java:logGet(43)) - raft.server.rpc.sleep.time = 25ms (default)
2019-10-10 00:01:33,616 [09ad47e2-225d-435b-8601-488dc6b24bba@group-D587CD0B6FF3-LeaderElection82] INFO  server.RaftServerConfigKeys (ConfUtils.java:logGet(43)) - raft.server.write.element-limit = 4096 (default)
2019-10-10 00:01:33,616 [09ad47e2-225d-435b-8601-488dc6b24bba@group-D587CD0B6FF3-LeaderElection82] INFO  server.RaftServerConfigKeys (ConfUtils.java:logGet(43)) - raft.server.watch.timeout = 10s (default)
2019-10-10 00:01:33,616 [09ad47e2-225d-435b-8601-488dc6b24bba@group-D587CD0B6FF3-LeaderElection82] INFO  server.RaftServerConfigKeys (ConfUtils.java:logGet(43)) - raft.server.watch.timeout.denomination = 1s (default)
2019-10-10 00:01:33,616 [09ad47e2-225d-435b-8601-488dc6b24bba@group-D587CD0B6FF3-LeaderElection82] INFO  server.RaftServerConfigKeys (ConfUtils.java:logGet(43)) - raft.server.watch.element-limit = 65536 (default)
2019-10-10 00:01:33,619 [09ad47e2-225d-435b-8601-488dc6b24bba@group-D587CD0B6FF3-LeaderElection82] INFO  impl.RoleInfo (RoleInfo.java:updateAndGet(143)) - 09ad47e2-225d-435b-8601-488dc6b24bba: start LeaderState
2019-10-10 00:01:33,619 [09ad47e2-225d-435b-8601-488dc6b24bba@group-D587CD0B6FF3-LeaderElection82] INFO  segmented.SegmentedRaftLogWorker (SegmentedRaftLogWorker.java:startLogSegment(385)) - 09ad47e2-225d-435b-8601-488dc6b24bba@group-D587CD0B6FF3-SegmentedRaftLogWorker: Starting segment from index:0
2019-10-10 00:01:33,620 [09ad47e2-225d-435b-8601-488dc6b24bba@group-D587CD0B6FF3-LeaderElection82] INFO  impl.RaftServerImpl (ServerState.java:setRaftConf(356)) - 09ad47e2-225d-435b-8601-488dc6b24bba@group-D587CD0B6FF3: set configuration 0: [09ad47e2-225d-435b-8601-488dc6b24bba:192.168.151.98:45224], old=null at 0
2019-10-10 00:01:33,662 [Thread-2312] INFO  impl.FollowerState (FollowerState.java:run(108)) - a8fb07c2-5f9f-49f5-a43e-fbbd202a09ff@group-FC4FA494D286-FollowerState: change to CANDIDATE, lastRpcTime:5185ms, electionTimeout:5185ms
2019-10-10 00:01:33,663 [Thread-2312] INFO  impl.RoleInfo (RoleInfo.java:shutdownFollowerState(121)) - a8fb07c2-5f9f-49f5-a43e-fbbd202a09ff: shutdown FollowerState
2019-10-10 00:01:33,663 [Thread-2312] INFO  impl.RaftServerImpl (RaftServerImpl.java:setRole(170)) - a8fb07c2-5f9f-49f5-a43e-fbbd202a09ff@group-FC4FA494D286: changes role from  FOLLOWER to CANDIDATE at term 0 for changeToCandidate
2019-10-10 00:01:33,663 [Thread-2312] INFO  impl.RoleInfo (RoleInfo.java:updateAndGet(143)) - a8fb07c2-5f9f-49f5-a43e-fbbd202a09ff: start LeaderElection
2019-10-10 00:01:33,667 [09ad47e2-225d-435b-8601-488dc6b24bba@group-D587CD0B6FF3-SegmentedRaftLogWorker] INFO  segmented.SegmentedRaftLogWorker (SegmentedRaftLogWorker.java:execute(574)) - 09ad47e2-225d-435b-8601-488dc6b24bba@group-D587CD0B6FF3-SegmentedRaftLogWorker: created new log segment /workdir/hadoop-ozone/integration-test/target/test-dir/MiniOzoneClusterImpl-4ac3c868-dcd7-40cc-945e-ce08398c8c7c/datanode-4/data/ratis/13228000-230c-4f12-8ed3-d587cd0b6ff3/current/log_inprogress_0
2019-10-10 00:01:33,682 [Thread-2324] INFO  impl.FollowerState (FollowerState.java:run(108)) - a0138ca6-04c1-41da-8356-dd9f33ccd7f6@group-0957C52F60A2-FollowerState: change to CANDIDATE, lastRpcTime:5035ms, electionTimeout:5035ms
2019-10-10 00:01:33,682 [Thread-2324] INFO  impl.RoleInfo (RoleInfo.java:shutdownFollowerState(121)) - a0138ca6-04c1-41da-8356-dd9f33ccd7f6: shutdown FollowerState
2019-10-10 00:01:33,682 [Thread-2324] INFO  impl.RaftServerImpl (RaftServerImpl.java:setRole(170)) - a0138ca6-04c1-41da-8356-dd9f33ccd7f6@group-0957C52F60A2: changes role from  FOLLOWER to CANDIDATE at term 0 for changeToCandidate
2019-10-10 00:01:33,682 [Thread-2324] INFO  impl.RoleInfo (RoleInfo.java:updateAndGet(143)) - a0138ca6-04c1-41da-8356-dd9f33ccd7f6: start LeaderElection
2019-10-10 00:01:33,691 [a8fb07c2-5f9f-49f5-a43e-fbbd202a09ff@group-FC4FA494D286-LeaderElection83] INFO  impl.LeaderElection (LeaderElection.java:askForVotes(178)) - a8fb07c2-5f9f-49f5-a43e-fbbd202a09ff@group-FC4FA494D286-LeaderElection83: begin an election at term 1 for -1: [a8fb07c2-5f9f-49f5-a43e-fbbd202a09ff:192.168.151.98:41671], old=null
2019-10-10 00:01:33,691 [a8fb07c2-5f9f-49f5-a43e-fbbd202a09ff@group-FC4FA494D286-LeaderElection83] INFO  impl.RoleInfo (RoleInfo.java:shutdownLeaderElection(134)) - a8fb07c2-5f9f-49f5-a43e-fbbd202a09ff: shutdown LeaderElection
2019-10-10 00:01:33,691 [a8fb07c2-5f9f-49f5-a43e-fbbd202a09ff@group-FC4FA494D286-LeaderElection83] INFO  impl.RaftServerImpl (RaftServerImpl.java:setRole(170)) - a8fb07c2-5f9f-49f5-a43e-fbbd202a09ff@group-FC4FA494D286: changes role from CANDIDATE to LEADER at term 1 for changeToLeader
2019-10-10 00:01:33,691 [a8fb07c2-5f9f-49f5-a43e-fbbd202a09ff@group-FC4FA494D286-LeaderElection83] INFO  impl.RaftServerImpl (ServerState.java:setLeader(255)) - a8fb07c2-5f9f-49f5-a43e-fbbd202a09ff@group-FC4FA494D286: change Leader from null to a8fb07c2-5f9f-49f5-a43e-fbbd202a09ff at term 1 for becomeLeader, leader elected after 5220ms
2019-10-10 00:01:33,692 [a8fb07c2-5f9f-49f5-a43e-fbbd202a09ff@group-FC4FA494D286-LeaderElection83] INFO  server.RaftServerConfigKeys (ConfUtils.java:logGet(43)) - raft.server.staging.catchup.gap = 1000 (default)
2019-10-10 00:01:33,692 [a8fb07c2-5f9f-49f5-a43e-fbbd202a09ff@group-FC4FA494D286-LeaderElection83] INFO  server.RaftServerConfigKeys (ConfUtils.java:logGet(43)) - raft.server.rpc.sleep.time = 25ms (default)
2019-10-10 00:01:33,692 [a8fb07c2-5f9f-49f5-a43e-fbbd202a09ff@group-FC4FA494D286-LeaderElection83] INFO  server.RaftServerConfigKeys (ConfUtils.java:logGet(43)) - raft.server.write.element-limit = 4096 (default)
2019-10-10 00:01:33,692 [a8fb07c2-5f9f-49f5-a43e-fbbd202a09ff@group-FC4FA494D286-LeaderElection83] INFO  server.RaftServerConfigKeys (ConfUtils.java:logGet(43)) - raft.server.watch.timeout = 10s (default)
2019-10-10 00:01:33,692 [a8fb07c2-5f9f-49f5-a43e-fbbd202a09ff@group-FC4FA494D286-LeaderElection83] INFO  server.RaftServerConfigKeys (ConfUtils.java:logGet(43)) - raft.server.watch.timeout.denomination = 1s (default)
2019-10-10 00:01:33,692 [a8fb07c2-5f9f-49f5-a43e-fbbd202a09ff@group-FC4FA494D286-LeaderElection83] INFO  server.RaftServerConfigKeys (ConfUtils.java:logGet(43)) - raft.server.watch.element-limit = 65536 (default)
2019-10-10 00:01:33,694 [a8fb07c2-5f9f-49f5-a43e-fbbd202a09ff@group-FC4FA494D286-LeaderElection83] INFO  impl.RoleInfo (RoleInfo.java:updateAndGet(143)) - a8fb07c2-5f9f-49f5-a43e-fbbd202a09ff: start LeaderState
2019-10-10 00:01:33,695 [a8fb07c2-5f9f-49f5-a43e-fbbd202a09ff@group-FC4FA494D286-LeaderElection83] INFO  segmented.SegmentedRaftLogWorker (SegmentedRaftLogWorker.java:startLogSegment(385)) - a8fb07c2-5f9f-49f5-a43e-fbbd202a09ff@group-FC4FA494D286-SegmentedRaftLogWorker: Starting segment from index:0
2019-10-10 00:01:33,695 [a8fb07c2-5f9f-49f5-a43e-fbbd202a09ff@group-FC4FA494D286-LeaderElection83] INFO  impl.RaftServerImpl (ServerState.java:setRaftConf(356)) - a8fb07c2-5f9f-49f5-a43e-fbbd202a09ff@group-FC4FA494D286: set configuration 0: [a8fb07c2-5f9f-49f5-a43e-fbbd202a09ff:192.168.151.98:41671], old=null at 0
2019-10-10 00:01:33,716 [a0138ca6-04c1-41da-8356-dd9f33ccd7f6@group-0957C52F60A2-LeaderElection84] INFO  impl.LeaderElection (LeaderElection.java:askForVotes(178)) - a0138ca6-04c1-41da-8356-dd9f33ccd7f6@group-0957C52F60A2-LeaderElection84: begin an election at term 1 for -1: [a0138ca6-04c1-41da-8356-dd9f33ccd7f6:192.168.151.98:45991, 09ad47e2-225d-435b-8601-488dc6b24bba:192.168.151.98:45224, a8fb07c2-5f9f-49f5-a43e-fbbd202a09ff:192.168.151.98:41671], old=null
2019-10-10 00:01:33,726 [grpc-default-executor-1] INFO  impl.RaftServerImpl (RaftServerImpl.java:setRole(170)) - a8fb07c2-5f9f-49f5-a43e-fbbd202a09ff@group-0957C52F60A2: changes role from  FOLLOWER to FOLLOWER at term 1 for recognizeCandidate:a0138ca6-04c1-41da-8356-dd9f33ccd7f6
2019-10-10 00:01:33,727 [grpc-default-executor-1] INFO  impl.RoleInfo (RoleInfo.java:shutdownFollowerState(121)) - a8fb07c2-5f9f-49f5-a43e-fbbd202a09ff: shutdown FollowerState
2019-10-10 00:01:33,729 [grpc-default-executor-6] INFO  impl.RaftServerImpl (RaftServerImpl.java:setRole(170)) - 09ad47e2-225d-435b-8601-488dc6b24bba@group-0957C52F60A2: changes role from  FOLLOWER to FOLLOWER at term 1 for recognizeCandidate:a0138ca6-04c1-41da-8356-dd9f33ccd7f6
2019-10-10 00:01:33,729 [Thread-2322] INFO  impl.FollowerState (FollowerState.java:run(117)) - a8fb07c2-5f9f-49f5-a43e-fbbd202a09ff@group-0957C52F60A2-FollowerState was interrupted: java.lang.InterruptedException: sleep interrupted
2019-10-10 00:01:33,729 [grpc-default-executor-1] INFO  impl.RoleInfo (RoleInfo.java:updateAndGet(143)) - a8fb07c2-5f9f-49f5-a43e-fbbd202a09ff: start FollowerState
2019-10-10 00:01:33,729 [grpc-default-executor-6] INFO  impl.RoleInfo (RoleInfo.java:shutdownFollowerState(121)) - 09ad47e2-225d-435b-8601-488dc6b24bba: shutdown FollowerState
2019-10-10 00:01:33,733 [grpc-default-executor-6] INFO  impl.RoleInfo (RoleInfo.java:updateAndGet(143)) - 09ad47e2-225d-435b-8601-488dc6b24bba: start FollowerState
2019-10-10 00:01:33,733 [Thread-2325] INFO  impl.FollowerState (FollowerState.java:run(117)) - 09ad47e2-225d-435b-8601-488dc6b24bba@group-0957C52F60A2-FollowerState was interrupted: java.lang.InterruptedException: sleep interrupted
2019-10-10 00:01:33,751 [a8fb07c2-5f9f-49f5-a43e-fbbd202a09ff@group-FC4FA494D286-SegmentedRaftLogWorker] INFO  segmented.SegmentedRaftLogWorker (SegmentedRaftLogWorker.java:execute(574)) - a8fb07c2-5f9f-49f5-a43e-fbbd202a09ff@group-FC4FA494D286-SegmentedRaftLogWorker: created new log segment /workdir/hadoop-ozone/integration-test/target/test-dir/MiniOzoneClusterImpl-4ac3c868-dcd7-40cc-945e-ce08398c8c7c/datanode-3/data/ratis/1112020b-f41c-4dd6-a462-fc4fa494d286/current/log_inprogress_0
2019-10-10 00:01:33,769 [Thread-2318] INFO  impl.FollowerState (FollowerState.java:run(108)) - a0138ca6-04c1-41da-8356-dd9f33ccd7f6@group-962F3DAE8992-FollowerState: change to CANDIDATE, lastRpcTime:5191ms, electionTimeout:5189ms
2019-10-10 00:01:33,769 [Thread-2318] INFO  impl.RoleInfo (RoleInfo.java:shutdownFollowerState(121)) - a0138ca6-04c1-41da-8356-dd9f33ccd7f6: shutdown FollowerState
2019-10-10 00:01:33,769 [Thread-2318] INFO  impl.RaftServerImpl (RaftServerImpl.java:setRole(170)) - a0138ca6-04c1-41da-8356-dd9f33ccd7f6@group-962F3DAE8992: changes role from  FOLLOWER to CANDIDATE at term 0 for changeToCandidate
2019-10-10 00:01:33,769 [a0138ca6-04c1-41da-8356-dd9f33ccd7f6@group-0957C52F60A2-LeaderElection84] INFO  impl.LeaderElection (LeaderElection.java:logAndReturn(56)) - a0138ca6-04c1-41da-8356-dd9f33ccd7f6@group-0957C52F60A2-LeaderElection84: Election PASSED; received 1 response(s) [a0138ca6-04c1-41da-8356-dd9f33ccd7f6<-09ad47e2-225d-435b-8601-488dc6b24bba#0:OK-t1] and 0 exception(s); a0138ca6-04c1-41da-8356-dd9f33ccd7f6@group-0957C52F60A2:t1, leader=null, voted=a0138ca6-04c1-41da-8356-dd9f33ccd7f6, raftlog=a0138ca6-04c1-41da-8356-dd9f33ccd7f6@group-0957C52F60A2-SegmentedRaftLog:OPENED:c-1,f-1,i0, conf=-1: [a0138ca6-04c1-41da-8356-dd9f33ccd7f6:192.168.151.98:45991, 09ad47e2-225d-435b-8601-488dc6b24bba:192.168.151.98:45224, a8fb07c2-5f9f-49f5-a43e-fbbd202a09ff:192.168.151.98:41671], old=null
2019-10-10 00:01:33,769 [Thread-2318] INFO  impl.RoleInfo (RoleInfo.java:updateAndGet(143)) - a0138ca6-04c1-41da-8356-dd9f33ccd7f6: start LeaderElection
2019-10-10 00:01:33,770 [a0138ca6-04c1-41da-8356-dd9f33ccd7f6@group-0957C52F60A2-LeaderElection84] INFO  impl.RoleInfo (RoleInfo.java:shutdownLeaderElection(134)) - a0138ca6-04c1-41da-8356-dd9f33ccd7f6: shutdown LeaderElection
2019-10-10 00:01:33,772 [a0138ca6-04c1-41da-8356-dd9f33ccd7f6@group-0957C52F60A2-LeaderElection84] INFO  impl.RaftServerImpl (RaftServerImpl.java:setRole(170)) - a0138ca6-04c1-41da-8356-dd9f33ccd7f6@group-0957C52F60A2: changes role from CANDIDATE to LEADER at term 1 for changeToLeader
2019-10-10 00:01:33,772 [a0138ca6-04c1-41da-8356-dd9f33ccd7f6@group-0957C52F60A2-LeaderElection84] INFO  impl.RaftServerImpl (ServerState.java:setLeader(255)) - a0138ca6-04c1-41da-8356-dd9f33ccd7f6@group-0957C52F60A2: change Leader from null to a0138ca6-04c1-41da-8356-dd9f33ccd7f6 at term 1 for becomeLeader, leader elected after 5134ms
2019-10-10 00:01:33,778 [a0138ca6-04c1-41da-8356-dd9f33ccd7f6@group-0957C52F60A2-LeaderElection84] INFO  server.RaftServerConfigKeys (ConfUtils.java:logGet(43)) - raft.server.staging.catchup.gap = 1000 (default)
2019-10-10 00:01:33,778 [a0138ca6-04c1-41da-8356-dd9f33ccd7f6@group-0957C52F60A2-LeaderElection84] INFO  server.RaftServerConfigKeys (ConfUtils.java:logGet(43)) - raft.server.rpc.sleep.time = 25ms (default)
2019-10-10 00:01:33,778 [a0138ca6-04c1-41da-8356-dd9f33ccd7f6@group-0957C52F60A2-LeaderElection84] INFO  server.RaftServerConfigKeys (ConfUtils.java:logGet(43)) - raft.server.write.element-limit = 4096 (default)
2019-10-10 00:01:33,778 [a0138ca6-04c1-41da-8356-dd9f33ccd7f6@group-0957C52F60A2-LeaderElection84] INFO  server.RaftServerConfigKeys (ConfUtils.java:logGet(43)) - raft.server.watch.timeout = 10s (default)
2019-10-10 00:01:33,779 [a0138ca6-04c1-41da-8356-dd9f33ccd7f6@group-0957C52F60A2-LeaderElection84] INFO  server.RaftServerConfigKeys (ConfUtils.java:logGet(43)) - raft.server.watch.timeout.denomination = 1s (default)
2019-10-10 00:01:33,779 [a0138ca6-04c1-41da-8356-dd9f33ccd7f6@group-0957C52F60A2-LeaderElection84] INFO  server.RaftServerConfigKeys (ConfUtils.java:logGet(43)) - raft.server.watch.element-limit = 65536 (default)
2019-10-10 00:01:33,781 [a0138ca6-04c1-41da-8356-dd9f33ccd7f6@group-0957C52F60A2-LeaderElection84] INFO  server.RaftServerConfigKeys (ConfUtils.java:logGet(43)) - raft.server.log.appender.snapshot.chunk.size.max = 16MB (=16777216) (default)
2019-10-10 00:01:33,781 [a0138ca6-04c1-41da-8356-dd9f33ccd7f6@group-0957C52F60A2-LeaderElection84] INFO  server.RaftServerConfigKeys (ConfUtils.java:logGet(43)) - raft.server.log.appender.buffer.byte-limit = 33554432 (custom)
2019-10-10 00:01:33,782 [a0138ca6-04c1-41da-8356-dd9f33ccd7f6@group-0957C52F60A2-LeaderElection84] INFO  server.RaftServerConfigKeys (ConfUtils.java:logGet(43)) - raft.server.log.appender.buffer.element-limit = 1 (custom)
2019-10-10 00:01:33,782 [a0138ca6-04c1-41da-8356-dd9f33ccd7f6@group-0957C52F60A2-LeaderElection84] INFO  grpc.GrpcConfigKeys$Server (ConfUtils.java:logGet(43)) - raft.grpc.server.leader.outstanding.appends.max = 128 (default)
2019-10-10 00:01:33,782 [a0138ca6-04c1-41da-8356-dd9f33ccd7f6@group-0957C52F60A2-LeaderElection84] INFO  server.RaftServerConfigKeys (ConfUtils.java:logGet(43)) - raft.server.rpc.request.timeout = 3000ms (default)
2019-10-10 00:01:33,782 [a0138ca6-04c1-41da-8356-dd9f33ccd7f6@group-0957C52F60A2-LeaderElection84] INFO  server.RaftServerConfigKeys (ConfUtils.java:logGet(43)) - raft.server.log.appender.install.snapshot.enabled = false (custom)
2019-10-10 00:01:33,782 [a0138ca6-04c1-41da-8356-dd9f33ccd7f6@group-0957C52F60A2-LeaderElection84] INFO  server.RaftServerConfigKeys (ConfUtils.java:logGet(43)) - raft.server.log.appender.snapshot.chunk.size.max = 16MB (=16777216) (default)
2019-10-10 00:01:33,783 [a0138ca6-04c1-41da-8356-dd9f33ccd7f6@group-0957C52F60A2-LeaderElection84] INFO  server.RaftServerConfigKeys (ConfUtils.java:logGet(43)) - raft.server.log.appender.buffer.byte-limit = 33554432 (custom)
2019-10-10 00:01:33,783 [a0138ca6-04c1-41da-8356-dd9f33ccd7f6@group-0957C52F60A2-LeaderElection84] INFO  server.RaftServerConfigKeys (ConfUtils.java:logGet(43)) - raft.server.log.appender.buffer.element-limit = 1 (custom)
2019-10-10 00:01:33,783 [a0138ca6-04c1-41da-8356-dd9f33ccd7f6@group-0957C52F60A2-LeaderElection84] INFO  grpc.GrpcConfigKeys$Server (ConfUtils.java:logGet(43)) - raft.grpc.server.leader.outstanding.appends.max = 128 (default)
2019-10-10 00:01:33,783 [a0138ca6-04c1-41da-8356-dd9f33ccd7f6@group-0957C52F60A2-LeaderElection84] INFO  server.RaftServerConfigKeys (ConfUtils.java:logGet(43)) - raft.server.rpc.request.timeout = 3000ms (default)
2019-10-10 00:01:33,783 [a0138ca6-04c1-41da-8356-dd9f33ccd7f6@group-0957C52F60A2-LeaderElection84] INFO  server.RaftServerConfigKeys (ConfUtils.java:logGet(43)) - raft.server.log.appender.install.snapshot.enabled = false (custom)
2019-10-10 00:01:33,784 [a0138ca6-04c1-41da-8356-dd9f33ccd7f6@group-0957C52F60A2-LeaderElection84] INFO  impl.RoleInfo (RoleInfo.java:updateAndGet(143)) - a0138ca6-04c1-41da-8356-dd9f33ccd7f6: start LeaderState
2019-10-10 00:01:33,784 [a0138ca6-04c1-41da-8356-dd9f33ccd7f6@group-0957C52F60A2-LeaderElection84] INFO  segmented.SegmentedRaftLogWorker (SegmentedRaftLogWorker.java:startLogSegment(385)) - a0138ca6-04c1-41da-8356-dd9f33ccd7f6@group-0957C52F60A2-SegmentedRaftLogWorker: Starting segment from index:0
2019-10-10 00:01:33,786 [grpc-default-executor-6] INFO  impl.RaftServerImpl (ServerState.java:setLeader(255)) - 09ad47e2-225d-435b-8601-488dc6b24bba@group-0957C52F60A2: change Leader from null to a0138ca6-04c1-41da-8356-dd9f33ccd7f6 at term 1 for appendEntries, leader elected after 5148ms
2019-10-10 00:01:33,787 [a0138ca6-04c1-41da-8356-dd9f33ccd7f6@group-0957C52F60A2-LeaderElection84] INFO  impl.RaftServerImpl (ServerState.java:setRaftConf(356)) - a0138ca6-04c1-41da-8356-dd9f33ccd7f6@group-0957C52F60A2: set configuration 0: [a0138ca6-04c1-41da-8356-dd9f33ccd7f6:192.168.151.98:45991, 09ad47e2-225d-435b-8601-488dc6b24bba:192.168.151.98:45224, a8fb07c2-5f9f-49f5-a43e-fbbd202a09ff:192.168.151.98:41671], old=null at 0
2019-10-10 00:01:33,814 [grpc-default-executor-6] INFO  impl.RaftServerImpl (ServerState.java:setLeader(255)) - a8fb07c2-5f9f-49f5-a43e-fbbd202a09ff@group-0957C52F60A2: change Leader from null to a0138ca6-04c1-41da-8356-dd9f33ccd7f6 at term 1 for appendEntries, leader elected after 5176ms
2019-10-10 00:01:33,815 [a0138ca6-04c1-41da-8356-dd9f33ccd7f6@group-962F3DAE8992-LeaderElection85] INFO  impl.LeaderElection (LeaderElection.java:askForVotes(178)) - a0138ca6-04c1-41da-8356-dd9f33ccd7f6@group-962F3DAE8992-LeaderElection85: begin an election at term 1 for -1: [a0138ca6-04c1-41da-8356-dd9f33ccd7f6:192.168.151.98:45991], old=null
2019-10-10 00:01:33,815 [a0138ca6-04c1-41da-8356-dd9f33ccd7f6@group-962F3DAE8992-LeaderElection85] INFO  impl.RoleInfo (RoleInfo.java:shutdownLeaderElection(134)) - a0138ca6-04c1-41da-8356-dd9f33ccd7f6: shutdown LeaderElection
2019-10-10 00:01:33,815 [a0138ca6-04c1-41da-8356-dd9f33ccd7f6@group-962F3DAE8992-LeaderElection85] INFO  impl.RaftServerImpl (RaftServerImpl.java:setRole(170)) - a0138ca6-04c1-41da-8356-dd9f33ccd7f6@group-962F3DAE8992: changes role from CANDIDATE to LEADER at term 1 for changeToLeader
2019-10-10 00:01:33,817 [a0138ca6-04c1-41da-8356-dd9f33ccd7f6@group-962F3DAE8992-LeaderElection85] INFO  impl.RaftServerImpl (ServerState.java:setLeader(255)) - a0138ca6-04c1-41da-8356-dd9f33ccd7f6@group-962F3DAE8992: change Leader from null to a0138ca6-04c1-41da-8356-dd9f33ccd7f6 at term 1 for becomeLeader, leader elected after 5245ms
2019-10-10 00:01:33,818 [a0138ca6-04c1-41da-8356-dd9f33ccd7f6@group-962F3DAE8992-LeaderElection85] INFO  server.RaftServerConfigKeys (ConfUtils.java:logGet(43)) - raft.server.staging.catchup.gap = 1000 (default)
2019-10-10 00:01:33,818 [a0138ca6-04c1-41da-8356-dd9f33ccd7f6@group-962F3DAE8992-LeaderElection85] INFO  server.RaftServerConfigKeys (ConfUtils.java:logGet(43)) - raft.server.rpc.sleep.time = 25ms (default)
2019-10-10 00:01:33,818 [a0138ca6-04c1-41da-8356-dd9f33ccd7f6@group-962F3DAE8992-LeaderElection85] INFO  server.RaftServerConfigKeys (ConfUtils.java:logGet(43)) - raft.server.write.element-limit = 4096 (default)
2019-10-10 00:01:33,818 [a0138ca6-04c1-41da-8356-dd9f33ccd7f6@group-962F3DAE8992-LeaderElection85] INFO  server.RaftServerConfigKeys (ConfUtils.java:logGet(43)) - raft.server.watch.timeout = 10s (default)
2019-10-10 00:01:33,818 [a0138ca6-04c1-41da-8356-dd9f33ccd7f6@group-962F3DAE8992-LeaderElection85] INFO  server.RaftServerConfigKeys (ConfUtils.java:logGet(43)) - raft.server.watch.timeout.denomination = 1s (default)
2019-10-10 00:01:33,819 [a0138ca6-04c1-41da-8356-dd9f33ccd7f6@group-962F3DAE8992-LeaderElection85] INFO  server.RaftServerConfigKeys (ConfUtils.java:logGet(43)) - raft.server.watch.element-limit = 65536 (default)
2019-10-10 00:01:33,821 [a0138ca6-04c1-41da-8356-dd9f33ccd7f6@group-962F3DAE8992-LeaderElection85] INFO  impl.RoleInfo (RoleInfo.java:updateAndGet(143)) - a0138ca6-04c1-41da-8356-dd9f33ccd7f6: start LeaderState
2019-10-10 00:01:33,821 [a0138ca6-04c1-41da-8356-dd9f33ccd7f6@group-962F3DAE8992-LeaderElection85] INFO  segmented.SegmentedRaftLogWorker (SegmentedRaftLogWorker.java:startLogSegment(385)) - a0138ca6-04c1-41da-8356-dd9f33ccd7f6@group-962F3DAE8992-SegmentedRaftLogWorker: Starting segment from index:0
2019-10-10 00:01:33,821 [grpc-default-executor-7] INFO  impl.RaftServerImpl (ServerState.java:setRaftConf(356)) - a8fb07c2-5f9f-49f5-a43e-fbbd202a09ff@group-0957C52F60A2: set configuration 0: [a0138ca6-04c1-41da-8356-dd9f33ccd7f6:192.168.151.98:45991, 09ad47e2-225d-435b-8601-488dc6b24bba:192.168.151.98:45224, a8fb07c2-5f9f-49f5-a43e-fbbd202a09ff:192.168.151.98:41671], old=null at 0
2019-10-10 00:01:33,822 [a0138ca6-04c1-41da-8356-dd9f33ccd7f6@group-962F3DAE8992-LeaderElection85] INFO  impl.RaftServerImpl (ServerState.java:setRaftConf(356)) - a0138ca6-04c1-41da-8356-dd9f33ccd7f6@group-962F3DAE8992: set configuration 0: [a0138ca6-04c1-41da-8356-dd9f33ccd7f6:192.168.151.98:45991], old=null at 0
2019-10-10 00:01:33,822 [grpc-default-executor-7] INFO  segmented.SegmentedRaftLogWorker (SegmentedRaftLogWorker.java:startLogSegment(385)) - a8fb07c2-5f9f-49f5-a43e-fbbd202a09ff@group-0957C52F60A2-SegmentedRaftLogWorker: Starting segment from index:0
2019-10-10 00:01:33,822 [grpc-default-executor-6] INFO  impl.RaftServerImpl (ServerState.java:setRaftConf(356)) - 09ad47e2-225d-435b-8601-488dc6b24bba@group-0957C52F60A2: set configuration 0: [a0138ca6-04c1-41da-8356-dd9f33ccd7f6:192.168.151.98:45991, 09ad47e2-225d-435b-8601-488dc6b24bba:192.168.151.98:45224, a8fb07c2-5f9f-49f5-a43e-fbbd202a09ff:192.168.151.98:41671], old=null at 0
2019-10-10 00:01:33,823 [grpc-default-executor-6] INFO  segmented.SegmentedRaftLogWorker (SegmentedRaftLogWorker.java:startLogSegment(385)) - 09ad47e2-225d-435b-8601-488dc6b24bba@group-0957C52F60A2-SegmentedRaftLogWorker: Starting segment from index:0
2019-10-10 00:01:33,847 [a0138ca6-04c1-41da-8356-dd9f33ccd7f6@group-0957C52F60A2-SegmentedRaftLogWorker] INFO  segmented.SegmentedRaftLogWorker (SegmentedRaftLogWorker.java:execute(574)) - a0138ca6-04c1-41da-8356-dd9f33ccd7f6@group-0957C52F60A2-SegmentedRaftLogWorker: created new log segment /workdir/hadoop-ozone/integration-test/target/test-dir/MiniOzoneClusterImpl-4ac3c868-dcd7-40cc-945e-ce08398c8c7c/datanode-5/data/ratis/748416cf-7785-4950-a5d7-0957c52f60a2/current/log_inprogress_0
2019-10-10 00:01:33,877 [09ad47e2-225d-435b-8601-488dc6b24bba@group-0957C52F60A2-SegmentedRaftLogWorker] INFO  segmented.SegmentedRaftLogWorker (SegmentedRaftLogWorker.java:execute(574)) - 09ad47e2-225d-435b-8601-488dc6b24bba@group-0957C52F60A2-SegmentedRaftLogWorker: created new log segment /workdir/hadoop-ozone/integration-test/target/test-dir/MiniOzoneClusterImpl-4ac3c868-dcd7-40cc-945e-ce08398c8c7c/datanode-4/data/ratis/748416cf-7785-4950-a5d7-0957c52f60a2/current/log_inprogress_0
2019-10-10 00:01:33,877 [a0138ca6-04c1-41da-8356-dd9f33ccd7f6@group-962F3DAE8992-SegmentedRaftLogWorker] INFO  segmented.SegmentedRaftLogWorker (SegmentedRaftLogWorker.java:execute(574)) - a0138ca6-04c1-41da-8356-dd9f33ccd7f6@group-962F3DAE8992-SegmentedRaftLogWorker: created new log segment /workdir/hadoop-ozone/integration-test/target/test-dir/MiniOzoneClusterImpl-4ac3c868-dcd7-40cc-945e-ce08398c8c7c/datanode-5/data/ratis/923478d6-b073-4b92-814f-962f3dae8992/current/log_inprogress_0
2019-10-10 00:01:33,877 [a8fb07c2-5f9f-49f5-a43e-fbbd202a09ff@group-0957C52F60A2-SegmentedRaftLogWorker] INFO  segmented.SegmentedRaftLogWorker (SegmentedRaftLogWorker.java:execute(574)) - a8fb07c2-5f9f-49f5-a43e-fbbd202a09ff@group-0957C52F60A2-SegmentedRaftLogWorker: created new log segment /workdir/hadoop-ozone/integration-test/target/test-dir/MiniOzoneClusterImpl-4ac3c868-dcd7-40cc-945e-ce08398c8c7c/datanode-3/data/ratis/748416cf-7785-4950-a5d7-0957c52f60a2/current/log_inprogress_0
2019-10-10 00:01:34,945 [Datanode State Machine Thread - 0] INFO  statemachine.DatanodeStateMachine (DatanodeStateMachine.java:lambda$startDaemon$0(350)) - Ozone container server started.
2019-10-10 00:01:38,950 [main] INFO  ozoneimpl.OzoneContainer (OzoneContainer.java:stop(227)) - Attempting to stop container services.
2019-10-10 00:01:38,951 [main] INFO  impl.RaftServerProxy (RaftServerProxy.java:lambda$close$4(314)) - 1898ed4f-cd53-4d03-b80f-d742d1f668c5: close
2019-10-10 00:01:38,952 [main] INFO  impl.RaftServerImpl (RaftServerImpl.java:lambda$shutdown$3(247)) - 1898ed4f-cd53-4d03-b80f-d742d1f668c5@group-B3DFAEF8A559: shutdown
2019-10-10 00:01:38,952 [ForkJoinPool.commonPool-worker-1] INFO  impl.RaftServerImpl (RaftServerImpl.java:lambda$shutdown$3(247)) - 1898ed4f-cd53-4d03-b80f-d742d1f668c5@group-F4B8AC20E29A: shutdown
2019-10-10 00:01:38,953 [main] INFO  util.JmxRegister (JmxRegister.java:unregister(73)) - Successfully un-registered JMX Bean with object name Ratis:service=RaftServer,group=group-B3DFAEF8A559,id=1898ed4f-cd53-4d03-b80f-d742d1f668c5
2019-10-10 00:01:38,953 [ForkJoinPool.commonPool-worker-1] INFO  util.JmxRegister (JmxRegister.java:unregister(73)) - Successfully un-registered JMX Bean with object name Ratis:service=RaftServer,group=group-F4B8AC20E29A,id=1898ed4f-cd53-4d03-b80f-d742d1f668c5
2019-10-10 00:01:38,953 [main] INFO  impl.RoleInfo (RoleInfo.java:shutdownLeaderState(104)) - 1898ed4f-cd53-4d03-b80f-d742d1f668c5: shutdown LeaderState
2019-10-10 00:01:38,953 [ForkJoinPool.commonPool-worker-1] INFO  impl.RoleInfo (RoleInfo.java:shutdownFollowerState(121)) - 1898ed4f-cd53-4d03-b80f-d742d1f668c5: shutdown FollowerState
2019-10-10 00:01:38,954 [main] INFO  impl.PendingRequests (PendingRequests.java:sendNotLeaderResponses(202)) - 1898ed4f-cd53-4d03-b80f-d742d1f668c5@group-B3DFAEF8A559-PendingRequests: sendNotLeaderResponses
2019-10-10 00:01:38,954 [1898ed4f-cd53-4d03-b80f-d742d1f668c5@group-F4B8AC20E29A-StateMachineUpdater] INFO  ratis.ContainerStateMachine (ContainerStateMachine.java:takeSnapshot(294)) - group-F4B8AC20E29A: Taking a snapshot at:(t:1, i:1) file /workdir/hadoop-ozone/integration-test/target/test-dir/MiniOzoneClusterImpl-4ac3c868-dcd7-40cc-945e-ce08398c8c7c/datanode-1/data/ratis/d396994e-f5b0-4ab7-ade2-f4b8ac20e29a/sm/snapshot.1_1
2019-10-10 00:01:38,954 [Thread-2351] INFO  impl.FollowerState (FollowerState.java:run(117)) - 1898ed4f-cd53-4d03-b80f-d742d1f668c5@group-F4B8AC20E29A-FollowerState was interrupted: java.lang.InterruptedException: sleep interrupted
2019-10-10 00:01:38,954 [ForkJoinPool.commonPool-worker-1] INFO  impl.StateMachineUpdater (StateMachineUpdater.java:stopAndJoin(136)) - 1898ed4f-cd53-4d03-b80f-d742d1f668c5@group-F4B8AC20E29A-StateMachineUpdater: set stopIndex = 2
2019-10-10 00:01:38,961 [main] INFO  impl.StateMachineUpdater (StateMachineUpdater.java:stopAndJoin(136)) - 1898ed4f-cd53-4d03-b80f-d742d1f668c5@group-B3DFAEF8A559-StateMachineUpdater: set stopIndex = 0
2019-10-10 00:01:38,961 [main] INFO  impl.RaftServerImpl (ServerState.java:close(387)) - 1898ed4f-cd53-4d03-b80f-d742d1f668c5@group-B3DFAEF8A559: closes. applyIndex: 0
2019-10-10 00:01:38,962 [1898ed4f-cd53-4d03-b80f-d742d1f668c5@group-B3DFAEF8A559-SegmentedRaftLogWorker] INFO  segmented.SegmentedRaftLogWorker (SegmentedRaftLogWorker.java:run(316)) - 1898ed4f-cd53-4d03-b80f-d742d1f668c5@group-B3DFAEF8A559-SegmentedRaftLogWorker was interrupted, exiting. There are 0 tasks remaining in the queue.
2019-10-10 00:01:38,964 [main] INFO  segmented.SegmentedRaftLogWorker (SegmentedRaftLogWorker.java:close(224)) - 1898ed4f-cd53-4d03-b80f-d742d1f668c5@group-B3DFAEF8A559-SegmentedRaftLogWorker close()
2019-10-10 00:01:38,974 [1898ed4f-cd53-4d03-b80f-d742d1f668c5@group-F4B8AC20E29A-StateMachineUpdater] INFO  ratis.ContainerStateMachine (ContainerStateMachine.java:takeSnapshot(305)) - group-F4B8AC20E29A: Finished taking a snapshot at:(t:1, i:1) file:/workdir/hadoop-ozone/integration-test/target/test-dir/MiniOzoneClusterImpl-4ac3c868-dcd7-40cc-945e-ce08398c8c7c/datanode-1/data/ratis/d396994e-f5b0-4ab7-ade2-f4b8ac20e29a/sm/snapshot.1_1 time:19
2019-10-10 00:01:38,974 [1898ed4f-cd53-4d03-b80f-d742d1f668c5@group-F4B8AC20E29A-StateMachineUpdater] INFO  impl.StateMachineUpdater (StateMachineUpdater.java:takeSnapshot(269)) - 1898ed4f-cd53-4d03-b80f-d742d1f668c5@group-F4B8AC20E29A-StateMachineUpdater: Took a snapshot at index 1
2019-10-10 00:01:38,974 [1898ed4f-cd53-4d03-b80f-d742d1f668c5@group-F4B8AC20E29A-StateMachineUpdater] INFO  impl.StateMachineUpdater (StateMachineUpdater.java:lambda$new$0(84)) - 1898ed4f-cd53-4d03-b80f-d742d1f668c5@group-F4B8AC20E29A-StateMachineUpdater: snapshotIndex: updateIncreasingly -1 -> 1
2019-10-10 00:01:38,975 [1898ed4f-cd53-4d03-b80f-d742d1f668c5@group-F4B8AC20E29A-StateMachineUpdater] INFO  ratis.ContainerStateMachine (ContainerStateMachine.java:takeSnapshot(294)) - group-F4B8AC20E29A: Taking a snapshot at:(t:1, i:1) file /workdir/hadoop-ozone/integration-test/target/test-dir/MiniOzoneClusterImpl-4ac3c868-dcd7-40cc-945e-ce08398c8c7c/datanode-1/data/ratis/d396994e-f5b0-4ab7-ade2-f4b8ac20e29a/sm/snapshot.1_1
2019-10-10 00:01:38,987 [1898ed4f-cd53-4d03-b80f-d742d1f668c5@group-F4B8AC20E29A-StateMachineUpdater] INFO  ratis.ContainerStateMachine (ContainerStateMachine.java:takeSnapshot(305)) - group-F4B8AC20E29A: Finished taking a snapshot at:(t:1, i:1) file:/workdir/hadoop-ozone/integration-test/target/test-dir/MiniOzoneClusterImpl-4ac3c868-dcd7-40cc-945e-ce08398c8c7c/datanode-1/data/ratis/d396994e-f5b0-4ab7-ade2-f4b8ac20e29a/sm/snapshot.1_1 time:13
2019-10-10 00:01:38,987 [1898ed4f-cd53-4d03-b80f-d742d1f668c5@group-F4B8AC20E29A-StateMachineUpdater] INFO  impl.StateMachineUpdater (StateMachineUpdater.java:takeSnapshot(269)) - 1898ed4f-cd53-4d03-b80f-d742d1f668c5@group-F4B8AC20E29A-StateMachineUpdater: Took a snapshot at index 1
2019-10-10 00:01:38,988 [1898ed4f-cd53-4d03-b80f-d742d1f668c5@group-F4B8AC20E29A-StateMachineUpdater] INFO  impl.StateMachineUpdater (StateMachineUpdater.java:lambda$new$0(84)) - 1898ed4f-cd53-4d03-b80f-d742d1f668c5@group-F4B8AC20E29A-StateMachineUpdater: snapshotIndex: updateIncreasingly 1 -> 1
2019-10-10 00:01:38,988 [ForkJoinPool.commonPool-worker-1] INFO  impl.RaftServerImpl (ServerState.java:close(387)) - 1898ed4f-cd53-4d03-b80f-d742d1f668c5@group-F4B8AC20E29A: closes. applyIndex: 2
2019-10-10 00:01:38,988 [1898ed4f-cd53-4d03-b80f-d742d1f668c5@group-F4B8AC20E29A-SegmentedRaftLogWorker] INFO  segmented.SegmentedRaftLogWorker (SegmentedRaftLogWorker.java:run(316)) - 1898ed4f-cd53-4d03-b80f-d742d1f668c5@group-F4B8AC20E29A-SegmentedRaftLogWorker was interrupted, exiting. There are 0 tasks remaining in the queue.
2019-10-10 00:01:38,992 [ForkJoinPool.commonPool-worker-1] INFO  segmented.SegmentedRaftLogWorker (SegmentedRaftLogWorker.java:close(224)) - 1898ed4f-cd53-4d03-b80f-d742d1f668c5@group-F4B8AC20E29A-SegmentedRaftLogWorker close()
2019-10-10 00:01:38,998 [main] INFO  server.GrpcService (GrpcService.java:closeImpl(164)) - 1898ed4f-cd53-4d03-b80f-d742d1f668c5: shutdown server with port 35382 now
2019-10-10 00:01:38,999 [grpc-default-executor-1] WARN  server.GrpcServerProtocolService (LogUtils.java:warn(134)) - 1898ed4f-cd53-4d03-b80f-d742d1f668c5: installSnapshot onError, lastRequest: 6f3b3925-b3bf-4e77-a763-7ca3b61f29c5->1898ed4f-cd53-4d03-b80f-d742d1f668c5#5-t1, previous=(t:1, i:2), leaderCommit=2, initializing? false, entries: <empty>: org.apache.ratis.thirdparty.io.grpc.StatusRuntimeException: CANCELLED: cancelled before receiving half close
2019-10-10 00:01:39,000 [grpc-default-executor-7] WARN  server.GrpcLogAppender (LogUtils.java:warn(134)) - 6f3b3925-b3bf-4e77-a763-7ca3b61f29c5@group-F4B8AC20E29A->1898ed4f-cd53-4d03-b80f-d742d1f668c5-AppendLogResponseHandler: Failed appendEntries: org.apache.ratis.thirdparty.io.grpc.StatusRuntimeException: CANCELLED: HTTP/2 error code: CANCEL
Received Rst Stream
2019-10-10 00:01:39,000 [main] INFO  server.GrpcService (GrpcService.java:closeImpl(172)) - 1898ed4f-cd53-4d03-b80f-d742d1f668c5: shutdown server with port 35382 successfully
2019-10-10 00:01:39,000 [grpc-default-executor-7] INFO  impl.FollowerInfo (FollowerInfo.java:lambda$new$0(51)) - 6f3b3925-b3bf-4e77-a763-7ca3b61f29c5@group-F4B8AC20E29A->1898ed4f-cd53-4d03-b80f-d742d1f668c5: nextIndex: updateUnconditionally 3 -> 2
2019-10-10 00:01:39,002 [refreshUsed-/workdir/hadoop-ozone/integration-test/target/test-dir/MiniOzoneClusterImpl-4ac3c868-dcd7-40cc-945e-ce08398c8c7c/datanode-1/data/containers] WARN  fs.CachingGetSpaceUsed (CachingGetSpaceUsed.java:run(183)) - Thread Interrupted waiting to refresh disk information: sleep interrupted
2019-10-10 00:01:39,022 [main] INFO  utils.BackgroundService (BackgroundService.java:shutdown(151)) - Shutting down service BlockDeletingService
2019-10-10 00:01:39,030 [main] INFO  statemachine.DatanodeStateMachine (DatanodeStateMachine.java:stopDaemon(395)) - Ozone container server stopped.
2019-10-10 00:01:39,032 [main] INFO  handler.ContextHandler (ContextHandler.java:doStop(910)) - Stopped o.e.j.w.WebAppContext@543fe698{/,null,UNAVAILABLE}{/hddsDatanode}
2019-10-10 00:01:39,033 [main] INFO  server.AbstractConnector (AbstractConnector.java:doStop(318)) - Stopped ServerConnector@6b2fdffc{HTTP/1.1,[http/1.1]}{0.0.0.0:0}
2019-10-10 00:01:39,034 [main] INFO  handler.ContextHandler (ContextHandler.java:doStop(910)) - Stopped o.e.j.s.ServletContextHandler@6f38f084{/static,jar:file:/home/user/.m2/repository/org/apache/hadoop/hadoop-hdds-container-service/0.5.0-SNAPSHOT/hadoop-hdds-container-service-0.5.0-SNAPSHOT.jar!/webapps/static,UNAVAILABLE}
2019-10-10 00:01:39,034 [main] INFO  handler.ContextHandler (ContextHandler.java:doStop(910)) - Stopped o.e.j.s.ServletContextHandler@7c70aae1{/logs,file:///workdir/hadoop-ozone/integration-test/target/log,UNAVAILABLE}
2019-10-10 00:01:39,043 [grpc-default-executor-7] WARN  server.GrpcLogAppender (LogUtils.java:warn(134)) - 6f3b3925-b3bf-4e77-a763-7ca3b61f29c5@group-F4B8AC20E29A->1898ed4f-cd53-4d03-b80f-d742d1f668c5-AppendLogResponseHandler: Failed appendEntries: org.apache.ratis.thirdparty.io.grpc.StatusRuntimeException: UNAVAILABLE: io exception
2019-10-10 00:01:39,044 [grpc-default-executor-7] INFO  impl.FollowerInfo (FollowerInfo.java:lambda$new$0(51)) - 6f3b3925-b3bf-4e77-a763-7ca3b61f29c5@group-F4B8AC20E29A->1898ed4f-cd53-4d03-b80f-d742d1f668c5: nextIndex: updateUnconditionally 3 -> 2
2019-10-10 00:01:39,056 [grpc-default-executor-6] WARN  server.GrpcLogAppender (LogUtils.java:warn(134)) - 6f3b3925-b3bf-4e77-a763-7ca3b61f29c5@group-F4B8AC20E29A->1898ed4f-cd53-4d03-b80f-d742d1f668c5-AppendLogResponseHandler: Failed appendEntries: org.apache.ratis.thirdparty.io.grpc.StatusRuntimeException: UNAVAILABLE: io exception
2019-10-10 00:01:39,056 [grpc-default-executor-6] INFO  impl.FollowerInfo (FollowerInfo.java:lambda$new$0(51)) - 6f3b3925-b3bf-4e77-a763-7ca3b61f29c5@group-F4B8AC20E29A->1898ed4f-cd53-4d03-b80f-d742d1f668c5: nextIndex: updateUnconditionally 3 -> 2
2019-10-10 00:01:39,080 [grpc-default-executor-7] WARN  server.GrpcLogAppender (LogUtils.java:warn(134)) - 6f3b3925-b3bf-4e77-a763-7ca3b61f29c5@group-F4B8AC20E29A->1898ed4f-cd53-4d03-b80f-d742d1f668c5-AppendLogResponseHandler: Failed appendEntries: org.apache.ratis.thirdparty.io.grpc.StatusRuntimeException: UNAVAILABLE: io exception
2019-10-10 00:01:39,080 [grpc-default-executor-7] INFO  impl.FollowerInfo (FollowerInfo.java:lambda$new$0(51)) - 6f3b3925-b3bf-4e77-a763-7ca3b61f29c5@group-F4B8AC20E29A->1898ed4f-cd53-4d03-b80f-d742d1f668c5: nextIndex: updateUnconditionally 3 -> 2
2019-10-10 00:01:39,081 [EventQueue-IncrementalContainerReportForIncrementalContainerReportHandler] WARN  container.IncrementalContainerReportHandler (AbstractContainerReportHandler.java:updateContainerState(145)) - Container #1 is in OPEN state, but the datanode 6f3b3925-b3bf-4e77-a763-7ca3b61f29c5{ip: 192.168.151.98, host: pr-hdds-2194-ks6jj-815731239, networkLocation: /default-rack, certSerialId: null} reports an CLOSING replica.
2019-10-10 00:01:39,111 [EventQueue-IncrementalContainerReportForIncrementalContainerReportHandler] WARN  container.IncrementalContainerReportHandler (AbstractContainerReportHandler.java:updateContainerState(145)) - Container #1 is in OPEN state, but the datanode 3b8dee2b-a736-49ac-9a65-2887f1808b91{ip: 192.168.151.98, host: pr-hdds-2194-ks6jj-815731239, networkLocation: /default-rack, certSerialId: null} reports an CLOSING replica.
2019-10-10 00:01:39,173 [RatisApplyTransactionExecutor 1] INFO  interfaces.Container (KeyValueContainer.java:flushAndSyncDB(386)) - Container 1 is synced with bcsId 0.
2019-10-10 00:01:39,220 [RatisApplyTransactionExecutor 1] INFO  interfaces.Container (KeyValueContainer.java:flushAndSyncDB(386)) - Container 1 is synced with bcsId 0.
2019-10-10 00:01:39,222 [RatisApplyTransactionExecutor 1] INFO  interfaces.Container (KeyValueContainer.java:flushAndSyncDB(386)) - Container 1 is synced with bcsId 0.
2019-10-10 00:01:39,222 [RatisApplyTransactionExecutor 1] INFO  interfaces.Container (KeyValueContainer.java:flushAndSyncDB(386)) - Container 1 is synced with bcsId 0.
2019-10-10 00:01:39,238 [RatisApplyTransactionExecutor 1] INFO  interfaces.Container (KeyValueContainer.java:close(335)) - Container 1 is closed with bcsId 0.
2019-10-10 00:01:39,238 [RatisApplyTransactionExecutor 1] INFO  interfaces.Container (KeyValueContainer.java:close(335)) - Container 1 is closed with bcsId 0.
2019-10-10 00:01:39,242 [EventQueue-IncrementalContainerReportForIncrementalContainerReportHandler] WARN  container.IncrementalContainerReportHandler (AbstractContainerReportHandler.java:updateContainerState(145)) - Container #1 is in OPEN state, but the datanode 3b8dee2b-a736-49ac-9a65-2887f1808b91{ip: 192.168.151.98, host: pr-hdds-2194-ks6jj-815731239, networkLocation: /default-rack, certSerialId: null} reports an CLOSED replica.
2019-10-10 00:01:39,242 [EventQueue-IncrementalContainerReportForIncrementalContainerReportHandler] WARN  container.IncrementalContainerReportHandler (AbstractContainerReportHandler.java:updateContainerState(145)) - Container #1 is in OPEN state, but the datanode 6f3b3925-b3bf-4e77-a763-7ca3b61f29c5{ip: 192.168.151.98, host: pr-hdds-2194-ks6jj-815731239, networkLocation: /default-rack, certSerialId: null} reports an CLOSED replica.
2019-10-10 00:01:41,584 [grpc-default-executor-6] WARN  server.GrpcLogAppender (LogUtils.java:warn(134)) - 6f3b3925-b3bf-4e77-a763-7ca3b61f29c5@group-F4B8AC20E29A->1898ed4f-cd53-4d03-b80f-d742d1f668c5-AppendLogResponseHandler: Failed appendEntries: org.apache.ratis.thirdparty.io.grpc.StatusRuntimeException: UNAVAILABLE: io exception
2019-10-10 00:01:41,584 [grpc-default-executor-6] INFO  impl.FollowerInfo (FollowerInfo.java:lambda$new$0(51)) - 6f3b3925-b3bf-4e77-a763-7ca3b61f29c5@group-F4B8AC20E29A->1898ed4f-cd53-4d03-b80f-d742d1f668c5: nextIndex: updateUnconditionally 2 -> 1
2019-10-10 00:01:42,245 [main] WARN  scm.XceiverClientRatis (XceiverClientRatis.java:watchForCommit(277)) - 3 way commit failed on pipeline Pipeline[ Id: d396994e-f5b0-4ab7-ade2-f4b8ac20e29a, Nodes: 1898ed4f-cd53-4d03-b80f-d742d1f668c5{ip: 192.168.151.98, host: pr-hdds-2194-ks6jj-815731239, networkLocation: /default-rack, certSerialId: null}6f3b3925-b3bf-4e77-a763-7ca3b61f29c5{ip: 192.168.151.98, host: pr-hdds-2194-ks6jj-815731239, networkLocation: /default-rack, certSerialId: null}3b8dee2b-a736-49ac-9a65-2887f1808b91{ip: 192.168.151.98, host: pr-hdds-2194-ks6jj-815731239, networkLocation: /default-rack, certSerialId: null}, Type:RATIS, Factor:THREE, State:OPEN]
java.util.concurrent.TimeoutException
	at java.util.concurrent.CompletableFuture.timedGet(CompletableFuture.java:1771)
	at java.util.concurrent.CompletableFuture.get(CompletableFuture.java:1915)
	at org.apache.hadoop.hdds.scm.XceiverClientRatis.watchForCommit(XceiverClientRatis.java:274)
	at org.apache.hadoop.ozone.client.rpc.TestWatchForCommit.test2WayCommitForTimeoutException(TestWatchForCommit.java:391)
	at sun.reflect.NativeMethodAccessorImpl.invoke0(Native Method)
	at sun.reflect.NativeMethodAccessorImpl.invoke(NativeMethodAccessorImpl.java:62)
	at sun.reflect.DelegatingMethodAccessorImpl.invoke(DelegatingMethodAccessorImpl.java:43)
	at java.lang.reflect.Method.invoke(Method.java:498)
	at org.junit.runners.model.FrameworkMethod$1.runReflectiveCall(FrameworkMethod.java:47)
	at org.junit.internal.runners.model.ReflectiveCallable.run(ReflectiveCallable.java:12)
	at org.junit.runners.model.FrameworkMethod.invokeExplosively(FrameworkMethod.java:44)
	at org.junit.internal.runners.statements.InvokeMethod.evaluate(InvokeMethod.java:17)
	at org.junit.runners.ParentRunner.runLeaf(ParentRunner.java:271)
	at org.junit.runners.BlockJUnit4ClassRunner.runChild(BlockJUnit4ClassRunner.java:70)
	at org.junit.runners.BlockJUnit4ClassRunner.runChild(BlockJUnit4ClassRunner.java:50)
	at org.junit.runners.ParentRunner$3.run(ParentRunner.java:238)
	at org.junit.runners.ParentRunner$1.schedule(ParentRunner.java:63)
	at org.junit.runners.ParentRunner.runChildren(ParentRunner.java:236)
	at org.junit.runners.ParentRunner.access$000(ParentRunner.java:53)
	at org.junit.runners.ParentRunner$2.evaluate(ParentRunner.java:229)
	at org.junit.runners.ParentRunner.run(ParentRunner.java:309)
	at org.apache.maven.surefire.junit4.JUnit4Provider.execute(JUnit4Provider.java:365)
	at org.apache.maven.surefire.junit4.JUnit4Provider.executeWithRerun(JUnit4Provider.java:273)
	at org.apache.maven.surefire.junit4.JUnit4Provider.executeTestSet(JUnit4Provider.java:238)
	at org.apache.maven.surefire.junit4.JUnit4Provider.invoke(JUnit4Provider.java:159)
	at org.apache.maven.surefire.booter.ForkedBooter.invokeProviderInSameClassLoader(ForkedBooter.java:384)
	at org.apache.maven.surefire.booter.ForkedBooter.runSuitesInProcess(ForkedBooter.java:345)
	at org.apache.maven.surefire.booter.ForkedBooter.execute(ForkedBooter.java:126)
	at org.apache.maven.surefire.booter.ForkedBooter.main(ForkedBooter.java:418)
2019-10-10 00:01:44,083 [grpc-default-executor-1] WARN  server.GrpcLogAppender (LogUtils.java:warn(134)) - 6f3b3925-b3bf-4e77-a763-7ca3b61f29c5@group-F4B8AC20E29A->1898ed4f-cd53-4d03-b80f-d742d1f668c5-AppendLogResponseHandler: Failed appendEntries: org.apache.ratis.thirdparty.io.grpc.StatusRuntimeException: UNAVAILABLE: io exception
2019-10-10 00:01:44,087 [grpc-default-executor-1] INFO  impl.FollowerInfo (FollowerInfo.java:lambda$new$0(51)) - 6f3b3925-b3bf-4e77-a763-7ca3b61f29c5@group-F4B8AC20E29A->1898ed4f-cd53-4d03-b80f-d742d1f668c5: nextIndex: updateUnconditionally 1 -> 0
]]></system-out>
    <system-err><![CDATA[Oct 10, 2019 12:01:39 AM org.apache.ratis.thirdparty.io.grpc.internal.SerializingExecutor run
SEVERE: Exception while executing runnable org.apache.ratis.thirdparty.io.grpc.internal.ServerImpl$JumpToApplicationThreadServerStreamListener$1Closed@6a15b62c
org.apache.ratis.thirdparty.io.grpc.StatusRuntimeException: CANCELLED: call already cancelled
	at org.apache.ratis.thirdparty.io.grpc.Status.asRuntimeException(Status.java:517)
	at org.apache.ratis.thirdparty.io.grpc.stub.ServerCalls$ServerCallStreamObserverImpl.onCompleted(ServerCalls.java:356)
	at org.apache.ratis.grpc.server.GrpcServerProtocolService$ServerRequestStreamObserver.onError(GrpcServerProtocolService.java:121)
	at org.apache.ratis.thirdparty.io.grpc.stub.ServerCalls$StreamingServerCallHandler$StreamingServerCallListener.onCancel(ServerCalls.java:269)
	at org.apache.ratis.thirdparty.io.grpc.internal.ServerCallImpl$ServerStreamListenerImpl.closed(ServerCallImpl.java:293)
	at org.apache.ratis.thirdparty.io.grpc.internal.ServerImpl$JumpToApplicationThreadServerStreamListener$1Closed.runInContext(ServerImpl.java:741)
	at org.apache.ratis.thirdparty.io.grpc.internal.ContextRunnable.run(ContextRunnable.java:37)
	at org.apache.ratis.thirdparty.io.grpc.internal.SerializingExecutor.run(SerializingExecutor.java:123)
	at java.util.concurrent.ThreadPoolExecutor.runWorker(ThreadPoolExecutor.java:1149)
	at java.util.concurrent.ThreadPoolExecutor$Worker.run(ThreadPoolExecutor.java:624)
	at java.lang.Thread.run(Thread.java:748)

]]></system-err>
  </testcase>
</testsuite>