<?xml version="1.0" encoding="UTF-8"?>
<testsuite xmlns:xsi="http://www.w3.org/2001/XMLSchema-instance" xsi:noNamespaceSchemaLocation="https://maven.apache.org/surefire/maven-surefire-plugin/xsd/surefire-test-report.xsd" name="org.apache.hadoop.ozone.client.rpc.TestBlockOutputStreamWithFailures" time="743.18" tests="8" errors="0" skipped="0" failures="1">
  <properties>
    <property name="awt.toolkit" value="sun.awt.X11.XToolkit"/>
    <property name="file.encoding.pkg" value="sun.io"/>
    <property name="java.specification.version" value="1.8"/>
    <property name="sun.cpu.isalist" value=""/>
    <property name="sun.jnu.encoding" value="UTF-8"/>
    <property name="java.class.path" value="/workdir/hadoop-ozone/integration-test/target/test-classes:/workdir/hadoop-ozone/integration-test/target/classes:/home/user/.m2/repository/org/apache/hadoop/hadoop-ozone-common/0.5.0-SNAPSHOT/hadoop-ozone-common-0.5.0-SNAPSHOT.jar:/home/user/.m2/repository/org/apache/commons/commons-compress/1.4.1/commons-compress-1.4.1.jar:/home/user/.m2/repository/org/tukaani/xz/1.0/xz-1.0.jar:/home/user/.m2/repository/org/apache/hadoop/hadoop-common/3.2.0/hadoop-common-3.2.0.jar:/home/user/.m2/repository/org/apache/hadoop/hadoop-hdfs/3.2.0/hadoop-hdfs-3.2.0.jar:/home/user/.m2/repository/org/apache/hadoop/hadoop-hdfs-client/3.2.0/hadoop-hdfs-client-3.2.0.jar:/home/user/.m2/repository/com/fasterxml/jackson/core/jackson-annotations/2.9.9/jackson-annotations-2.9.9.jar:/home/user/.m2/repository/org/apache/hadoop/hadoop-hdds-common/0.5.0-SNAPSHOT/hadoop-hdds-common-0.5.0-SNAPSHOT.jar:/home/user/.m2/repository/javax/annotation/javax.annotation-api/1.2/javax.annotation-api-1.2.jar:/home/user/.m2/repository/org/apache/ratis/ratis-server/0.5.0-201fc85-SNAPSHOT/ratis-server-0.5.0-201fc85-SNAPSHOT.jar:/home/user/.m2/repository/org/apache/ratis/ratis-thirdparty-misc/0.2.0/ratis-thirdparty-misc-0.2.0.jar:/home/user/.m2/repository/org/apache/ratis/ratis-proto/0.5.0-201fc85-SNAPSHOT/ratis-proto-0.5.0-201fc85-SNAPSHOT.jar:/home/user/.m2/repository/org/apache/ratis/ratis-common/0.5.0-201fc85-SNAPSHOT/ratis-common-0.5.0-201fc85-SNAPSHOT.jar:/home/user/.m2/repository/org/apache/ratis/ratis-client/0.5.0-201fc85-SNAPSHOT/ratis-client-0.5.0-201fc85-SNAPSHOT.jar:/home/user/.m2/repository/org/apache/ratis/ratis-metrics/0.5.0-201fc85-SNAPSHOT/ratis-metrics-0.5.0-201fc85-SNAPSHOT.jar:/home/user/.m2/repository/com/github/joshelser/dropwizard-metrics-hadoop-metrics2-reporter/0.1.2/dropwizard-metrics-hadoop-metrics2-reporter-0.1.2.jar:/home/user/.m2/repository/io/dropwizard/metrics/metrics-jvm/3.2.5/metrics-jvm-3.2.5.jar:/home/user/.m2/repository/io/dropwizard/metrics/metrics-ganglia/3.2.5/metrics-ganglia-3.2.5.jar:/home/user/.m2/repository/info/ganglia/gmetric4j/gmetric4j/1.0.7/gmetric4j-1.0.7.jar:/home/user/.m2/repository/org/apache/ratis/ratis-netty/0.5.0-201fc85-SNAPSHOT/ratis-netty-0.5.0-201fc85-SNAPSHOT.jar:/home/user/.m2/repository/org/apache/ratis/ratis-grpc/0.5.0-201fc85-SNAPSHOT/ratis-grpc-0.5.0-201fc85-SNAPSHOT.jar:/home/user/.m2/repository/org/rocksdb/rocksdbjni/6.0.1/rocksdbjni-6.0.1.jar:/home/user/.m2/repository/org/apache/logging/log4j/log4j-api/2.11.0/log4j-api-2.11.0.jar:/home/user/.m2/repository/org/apache/logging/log4j/log4j-core/2.11.0/log4j-core-2.11.0.jar:/home/user/.m2/repository/com/lmax/disruptor/3.4.2/disruptor-3.4.2.jar:/home/user/.m2/repository/org/apache/commons/commons-pool2/2.6.0/commons-pool2-2.6.0.jar:/home/user/.m2/repository/org/bouncycastle/bcpkix-jdk15on/1.60/bcpkix-jdk15on-1.60.jar:/home/user/.m2/repository/commons-validator/commons-validator/1.6/commons-validator-1.6.jar:/home/user/.m2/repository/commons-digester/commons-digester/1.8.1/commons-digester-1.8.1.jar:/home/user/.m2/repository/io/jaegertracing/jaeger-client/0.34.0/jaeger-client-0.34.0.jar:/home/user/.m2/repository/io/jaegertracing/jaeger-thrift/0.34.0/jaeger-thrift-0.34.0.jar:/home/user/.m2/repository/org/apache/thrift/libthrift/0.12.0/libthrift-0.12.0.jar:/home/user/.m2/repository/com/squareup/okhttp3/okhttp/3.9.0/okhttp-3.9.0.jar:/home/user/.m2/repository/com/squareup/okio/okio/1.13.0/okio-1.13.0.jar:/home/user/.m2/repository/io/jaegertracing/jaeger-core/0.34.0/jaeger-core-0.34.0.jar:/home/user/.m2/repository/io/jaegertracing/jaeger-tracerresolver/0.34.0/jaeger-tracerresolver-0.34.0.jar:/home/user/.m2/repository/io/opentracing/contrib/opentracing-tracerresolver/0.1.5/opentracing-tracerresolver-0.1.5.jar:/home/user/.m2/repository/io/opentracing/opentracing-util/0.31.0/opentracing-util-0.31.0.jar:/home/user/.m2/repository/io/opentracing/opentracing-api/0.31.0/opentracing-api-0.31.0.jar:/home/user/.m2/repository/io/opentracing/opentracing-noop/0.31.0/opentracing-noop-0.31.0.jar:/home/user/.m2/repository/org/apache/hadoop/hadoop-hdds-server-framework/0.5.0-SNAPSHOT/hadoop-hdds-server-framework-0.5.0-SNAPSHOT.jar:/home/user/.m2/repository/org/apache/hadoop/hadoop-hdds-container-service/0.5.0-SNAPSHOT/hadoop-hdds-container-service-0.5.0-SNAPSHOT.jar:/home/user/.m2/repository/org/apache/hadoop/hadoop-hdds-client/0.5.0-SNAPSHOT/hadoop-hdds-client-0.5.0-SNAPSHOT.jar:/home/user/.m2/repository/org/apache/hadoop/hadoop-hdds-tools/0.5.0-SNAPSHOT/hadoop-hdds-tools-0.5.0-SNAPSHOT.jar:/home/user/.m2/repository/org/apache/hadoop/hadoop-hdds-server-scm/0.5.0-SNAPSHOT/hadoop-hdds-server-scm-0.5.0-SNAPSHOT.jar:/home/user/.m2/repository/org/apache/hadoop/hadoop-hdds-docs/0.5.0-SNAPSHOT/hadoop-hdds-docs-0.5.0-SNAPSHOT.jar:/home/user/.m2/repository/io/dropwizard/metrics/metrics-core/3.2.4/metrics-core-3.2.4.jar:/home/user/.m2/repository/org/hamcrest/hamcrest-all/1.3/hamcrest-all-1.3.jar:/home/user/.m2/repository/org/bouncycastle/bcprov-jdk15on/1.60/bcprov-jdk15on-1.60.jar:/home/user/.m2/repository/info/picocli/picocli/3.9.6/picocli-3.9.6.jar:/home/user/.m2/repository/com/google/protobuf/protobuf-java/2.5.0/protobuf-java-2.5.0.jar:/home/user/.m2/repository/com/google/guava/guava/11.0.2/guava-11.0.2.jar:/home/user/.m2/repository/org/apache/hadoop/hadoop-ozone-ozone-manager/0.5.0-SNAPSHOT/hadoop-ozone-ozone-manager-0.5.0-SNAPSHOT.jar:/home/user/.m2/repository/org/apache/hadoop/hadoop-minikdc/3.2.0/hadoop-minikdc-3.2.0.jar:/home/user/.m2/repository/commons-io/commons-io/2.5/commons-io-2.5.jar:/home/user/.m2/repository/org/apache/kerby/kerb-simplekdc/1.0.1/kerb-simplekdc-1.0.1.jar:/home/user/.m2/repository/org/apache/kerby/kerb-client/1.0.1/kerb-client-1.0.1.jar:/home/user/.m2/repository/org/apache/kerby/kerby-config/1.0.1/kerby-config-1.0.1.jar:/home/user/.m2/repository/org/apache/kerby/kerb-core/1.0.1/kerb-core-1.0.1.jar:/home/user/.m2/repository/org/apache/kerby/kerby-pkix/1.0.1/kerby-pkix-1.0.1.jar:/home/user/.m2/repository/org/apache/kerby/kerby-asn1/1.0.1/kerby-asn1-1.0.1.jar:/home/user/.m2/repository/org/apache/kerby/kerby-util/1.0.1/kerby-util-1.0.1.jar:/home/user/.m2/repository/org/apache/kerby/kerb-common/1.0.1/kerb-common-1.0.1.jar:/home/user/.m2/repository/org/apache/kerby/kerb-crypto/1.0.1/kerb-crypto-1.0.1.jar:/home/user/.m2/repository/org/apache/kerby/kerb-util/1.0.1/kerb-util-1.0.1.jar:/home/user/.m2/repository/org/apache/kerby/token-provider/1.0.1/token-provider-1.0.1.jar:/home/user/.m2/repository/org/apache/kerby/kerb-admin/1.0.1/kerb-admin-1.0.1.jar:/home/user/.m2/repository/org/apache/kerby/kerb-server/1.0.1/kerb-server-1.0.1.jar:/home/user/.m2/repository/org/apache/kerby/kerb-identity/1.0.1/kerb-identity-1.0.1.jar:/home/user/.m2/repository/org/apache/kerby/kerby-xdr/1.0.1/kerby-xdr-1.0.1.jar:/home/user/.m2/repository/org/slf4j/slf4j-log4j12/1.7.25/slf4j-log4j12-1.7.25.jar:/home/user/.m2/repository/org/apache/hadoop/hadoop-ozone-s3gateway/0.5.0-SNAPSHOT/hadoop-ozone-s3gateway-0.5.0-SNAPSHOT.jar:/home/user/.m2/repository/org/jboss/weld/servlet/weld-servlet/2.4.7.Final/weld-servlet-2.4.7.Final.jar:/home/user/.m2/repository/org/glassfish/jersey/containers/jersey-container-servlet-core/2.27/jersey-container-servlet-core-2.27.jar:/home/user/.m2/repository/org/glassfish/hk2/external/javax.inject/2.5.0-b42/javax.inject-2.5.0-b42.jar:/home/user/.m2/repository/org/glassfish/jersey/core/jersey-common/2.27/jersey-common-2.27.jar:/home/user/.m2/repository/org/glassfish/hk2/osgi-resource-locator/1.0.1/osgi-resource-locator-1.0.1.jar:/home/user/.m2/repository/javax/ws/rs/javax.ws.rs-api/2.1/javax.ws.rs-api-2.1.jar:/home/user/.m2/repository/org/glassfish/jersey/ext/cdi/jersey-cdi1x/2.27/jersey-cdi1x-2.27.jar:/home/user/.m2/repository/org/glassfish/jersey/inject/jersey-hk2/2.27/jersey-hk2-2.27.jar:/home/user/.m2/repository/org/glassfish/hk2/hk2-locator/2.5.0-b42/hk2-locator-2.5.0-b42.jar:/home/user/.m2/repository/org/javassist/javassist/3.22.0-CR2/javassist-3.22.0-CR2.jar:/home/user/.m2/repository/org/glassfish/hk2/hk2-api/2.5.0/hk2-api-2.5.0.jar:/home/user/.m2/repository/org/glassfish/hk2/external/jakarta.inject/2.5.0/jakarta.inject-2.5.0.jar:/home/user/.m2/repository/org/glassfish/hk2/hk2-utils/2.5.0/hk2-utils-2.5.0.jar:/home/user/.m2/repository/jakarta/annotation/jakarta.annotation-api/1.3.4/jakarta.annotation-api-1.3.4.jar:/home/user/.m2/repository/org/glassfish/hk2/external/aopalliance-repackaged/2.5.0/aopalliance-repackaged-2.5.0.jar:/home/user/.m2/repository/com/fasterxml/jackson/dataformat/jackson-dataformat-xml/2.9.0/jackson-dataformat-xml-2.9.0.jar:/home/user/.m2/repository/com/fasterxml/jackson/core/jackson-core/2.9.9/jackson-core-2.9.9.jar:/home/user/.m2/repository/com/fasterxml/jackson/module/jackson-module-jaxb-annotations/2.9.9/jackson-module-jaxb-annotations-2.9.9.jar:/home/user/.m2/repository/javax/enterprise/cdi-api/1.2/cdi-api-1.2.jar:/home/user/.m2/repository/javax/el/javax.el-api/3.0.0/javax.el-api-3.0.0.jar:/home/user/.m2/repository/javax/interceptor/javax.interceptor-api/1.2/javax.interceptor-api-1.2.jar:/home/user/.m2/repository/javax/inject/javax.inject/1/javax.inject-1.jar:/home/user/.m2/repository/com/sun/xml/bind/jaxb-impl/2.3.0.1/jaxb-impl-2.3.0.1.jar:/home/user/.m2/repository/com/sun/xml/bind/jaxb-core/2.3.0.1/jaxb-core-2.3.0.1.jar:/home/user/.m2/repository/javax/xml/bind/jaxb-api/2.3.0/jaxb-api-2.3.0.jar:/home/user/.m2/repository/javax/activation/activation/1.1.1/activation-1.1.1.jar:/home/user/.m2/repository/org/apache/hadoop/hadoop-ozone-csi/0.5.0-SNAPSHOT/hadoop-ozone-csi-0.5.0-SNAPSHOT.jar:/home/user/.m2/repository/com/google/protobuf/protobuf-java-util/3.5.1/protobuf-java-util-3.5.1.jar:/home/user/.m2/repository/org/apache/hadoop/hadoop-hdds-config/0.5.0-SNAPSHOT/hadoop-hdds-config-0.5.0-SNAPSHOT.jar:/home/user/.m2/repository/io/grpc/grpc-netty/1.17.1/grpc-netty-1.17.1.jar:/home/user/.m2/repository/io/grpc/grpc-core/1.17.1/grpc-core-1.17.1.jar:/home/user/.m2/repository/io/grpc/grpc-context/1.17.1/grpc-context-1.17.1.jar:/home/user/.m2/repository/com/google/errorprone/error_prone_annotations/2.2.0/error_prone_annotations-2.2.0.jar:/home/user/.m2/repository/org/codehaus/mojo/animal-sniffer-annotations/1.17/animal-sniffer-annotations-1.17.jar:/home/user/.m2/repository/io/opencensus/opencensus-api/0.17.0/opencensus-api-0.17.0.jar:/home/user/.m2/repository/io/opencensus/opencensus-contrib-grpc-metrics/0.17.0/opencensus-contrib-grpc-metrics-0.17.0.jar:/home/user/.m2/repository/io/netty/netty-codec-http2/4.1.30.Final/netty-codec-http2-4.1.30.Final.jar:/home/user/.m2/repository/io/netty/netty-codec-http/4.1.30.Final/netty-codec-http-4.1.30.Final.jar:/home/user/.m2/repository/io/netty/netty-codec/4.1.30.Final/netty-codec-4.1.30.Final.jar:/home/user/.m2/repository/io/netty/netty-handler/4.1.30.Final/netty-handler-4.1.30.Final.jar:/home/user/.m2/repository/io/netty/netty-handler-proxy/4.1.30.Final/netty-handler-proxy-4.1.30.Final.jar:/home/user/.m2/repository/io/netty/netty-codec-socks/4.1.30.Final/netty-codec-socks-4.1.30.Final.jar:/home/user/.m2/repository/io/netty/netty-transport-native-epoll/4.1.30.Final/netty-transport-native-epoll-4.1.30.Final.jar:/home/user/.m2/repository/io/netty/netty-common/4.1.30.Final/netty-common-4.1.30.Final.jar:/home/user/.m2/repository/io/netty/netty-buffer/4.1.30.Final/netty-buffer-4.1.30.Final.jar:/home/user/.m2/repository/io/netty/netty-transport/4.1.30.Final/netty-transport-4.1.30.Final.jar:/home/user/.m2/repository/io/netty/netty-resolver/4.1.30.Final/netty-resolver-4.1.30.Final.jar:/home/user/.m2/repository/io/netty/netty-transport-native-unix-common/4.1.30.Final/netty-transport-native-unix-common-4.1.30.Final.jar:/home/user/.m2/repository/io/grpc/grpc-protobuf/1.17.1/grpc-protobuf-1.17.1.jar:/home/user/.m2/repository/com/google/api/grpc/proto-google-common-protos/1.0.0/proto-google-common-protos-1.0.0.jar:/home/user/.m2/repository/io/grpc/grpc-protobuf-lite/1.17.1/grpc-protobuf-lite-1.17.1.jar:/home/user/.m2/repository/io/grpc/grpc-stub/1.17.1/grpc-stub-1.17.1.jar:/home/user/.m2/repository/org/apache/hadoop/hadoop-ozone-recon/0.5.0-SNAPSHOT/hadoop-ozone-recon-0.5.0-SNAPSHOT.jar:/home/user/.m2/repository/org/apache/hadoop/hadoop-ozone-reconcodegen/0.5.0-SNAPSHOT/hadoop-ozone-reconcodegen-0.5.0-SNAPSHOT.jar:/home/user/.m2/repository/com/google/inject/extensions/guice-multibindings/4.0/guice-multibindings-4.0.jar:/home/user/.m2/repository/com/google/inject/guice/4.0/guice-4.0.jar:/home/user/.m2/repository/aopalliance/aopalliance/1.0/aopalliance-1.0.jar:/home/user/.m2/repository/com/google/inject/extensions/guice-servlet/4.0/guice-servlet-4.0.jar:/home/user/.m2/repository/org/glassfish/jersey/containers/jersey-container-servlet/2.27/jersey-container-servlet-2.27.jar:/home/user/.m2/repository/org/glassfish/hk2/guice-bridge/2.5.0/guice-bridge-2.5.0.jar:/home/user/.m2/repository/org/glassfish/jersey/core/jersey-server/2.27/jersey-server-2.27.jar:/home/user/.m2/repository/org/glassfish/jersey/core/jersey-client/2.27/jersey-client-2.27.jar:/home/user/.m2/repository/org/glassfish/jersey/media/jersey-media-jaxb/2.27/jersey-media-jaxb-2.27.jar:/home/user/.m2/repository/javax/validation/validation-api/1.1.0.Final/validation-api-1.1.0.Final.jar:/home/user/.m2/repository/org/glassfish/jersey/media/jersey-media-json-jackson/2.27/jersey-media-json-jackson-2.27.jar:/home/user/.m2/repository/org/glassfish/jersey/ext/jersey-entity-filtering/2.27/jersey-entity-filtering-2.27.jar:/home/user/.m2/repository/com/google/inject/extensions/guice-assistedinject/4.0/guice-assistedinject-4.0.jar:/home/user/.m2/repository/org/jooq/jooq/3.11.10/jooq-3.11.10.jar:/home/user/.m2/repository/org/jooq/jooq-meta/3.11.10/jooq-meta-3.11.10.jar:/home/user/.m2/repository/org/jooq/jooq-codegen/3.11.10/jooq-codegen-3.11.10.jar:/home/user/.m2/repository/com/jolbox/bonecp/0.8.0.RELEASE/bonecp-0.8.0.RELEASE.jar:/home/user/.m2/repository/org/xerial/sqlite-jdbc/3.25.2/sqlite-jdbc-3.25.2.jar:/home/user/.m2/repository/org/springframework/spring-jdbc/5.1.3.RELEASE/spring-jdbc-5.1.3.RELEASE.jar:/home/user/.m2/repository/org/springframework/spring-beans/5.1.3.RELEASE/spring-beans-5.1.3.RELEASE.jar:/home/user/.m2/repository/org/springframework/spring-core/5.1.3.RELEASE/spring-core-5.1.3.RELEASE.jar:/home/user/.m2/repository/org/springframework/spring-jcl/5.1.3.RELEASE/spring-jcl-5.1.3.RELEASE.jar:/home/user/.m2/repository/org/springframework/spring-tx/5.1.3.RELEASE/spring-tx-5.1.3.RELEASE.jar:/home/user/.m2/repository/org/apache/hadoop/hadoop-ozone-client/0.5.0-SNAPSHOT/hadoop-ozone-client-0.5.0-SNAPSHOT.jar:/home/user/.m2/repository/commons-lang/commons-lang/2.6/commons-lang-2.6.jar:/home/user/.m2/repository/org/apache/hadoop/hadoop-ozone-ozone-manager/0.5.0-SNAPSHOT/hadoop-ozone-ozone-manager-0.5.0-SNAPSHOT-tests.jar:/home/user/.m2/repository/junit/junit/4.11/junit-4.11.jar:/home/user/.m2/repository/org/hamcrest/hamcrest-core/1.3/hamcrest-core-1.3.jar:/home/user/.m2/repository/org/openjdk/jmh/jmh-core/1.19/jmh-core-1.19.jar:/home/user/.m2/repository/net/sf/jopt-simple/jopt-simple/4.6/jopt-simple-4.6.jar:/home/user/.m2/repository/org/apache/commons/commons-math3/3.1.1/commons-math3-3.1.1.jar:/home/user/.m2/repository/org/openjdk/jmh/jmh-generator-annprocess/1.19/jmh-generator-annprocess-1.19.jar:/home/user/.m2/repository/org/mockito/mockito-all/1.8.5/mockito-all-1.8.5.jar:/home/user/.m2/repository/org/apache/hadoop/hadoop-kms/3.2.0/hadoop-kms-3.2.0.jar:/home/user/.m2/repository/org/apache/hadoop/hadoop-auth/3.2.0/hadoop-auth-3.2.0.jar:/home/user/.m2/repository/com/nimbusds/nimbus-jose-jwt/4.41.1/nimbus-jose-jwt-4.41.1.jar:/home/user/.m2/repository/com/github/stephenc/jcip/jcip-annotations/1.0-1/jcip-annotations-1.0-1.jar:/home/user/.m2/repository/net/minidev/json-smart/2.3/json-smart-2.3.jar:/home/user/.m2/repository/net/minidev/accessors-smart/1.2/accessors-smart-1.2.jar:/home/user/.m2/repository/org/ow2/asm/asm/5.0.4/asm-5.0.4.jar:/home/user/.m2/repository/org/apache/curator/curator-framework/2.12.0/curator-framework-2.12.0.jar:/home/user/.m2/repository/com/sun/jersey/jersey-core/1.19/jersey-core-1.19.jar:/home/user/.m2/repository/javax/ws/rs/jsr311-api/1.1.1/jsr311-api-1.1.1.jar:/home/user/.m2/repository/com/sun/jersey/jersey-server/1.19/jersey-server-1.19.jar:/home/user/.m2/repository/javax/servlet/javax.servlet-api/3.1.0/javax.servlet-api-3.1.0.jar:/home/user/.m2/repository/org/eclipse/jetty/jetty-server/9.3.25.v20180904/jetty-server-9.3.25.v20180904.jar:/home/user/.m2/repository/org/eclipse/jetty/jetty-http/9.3.25.v20180904/jetty-http-9.3.25.v20180904.jar:/home/user/.m2/repository/org/eclipse/jetty/jetty-io/9.3.25.v20180904/jetty-io-9.3.25.v20180904.jar:/home/user/.m2/repository/org/eclipse/jetty/jetty-webapp/9.3.25.v20180904/jetty-webapp-9.3.25.v20180904.jar:/home/user/.m2/repository/org/eclipse/jetty/jetty-xml/9.3.25.v20180904/jetty-xml-9.3.25.v20180904.jar:/home/user/.m2/repository/log4j/log4j/1.2.17/log4j-1.2.17.jar:/home/user/.m2/repository/org/slf4j/slf4j-api/1.7.25/slf4j-api-1.7.25.jar:/home/user/.m2/repository/org/slf4j/jul-to-slf4j/1.7.25/jul-to-slf4j-1.7.25.jar:/home/user/.m2/repository/org/eclipse/jetty/jetty-util/9.3.25.v20180904/jetty-util-9.3.25.v20180904.jar:/home/user/.m2/repository/com/fasterxml/jackson/core/jackson-databind/2.9.9/jackson-databind-2.9.9.jar:/home/user/.m2/repository/org/apache/hadoop/hadoop-kms/3.2.0/hadoop-kms-3.2.0-tests.jar:/home/user/.m2/repository/org/apache/hadoop/hadoop-hdds-server-scm/0.5.0-SNAPSHOT/hadoop-hdds-server-scm-0.5.0-SNAPSHOT-tests.jar:/home/user/.m2/repository/org/apache/hadoop/hadoop-hdds-container-service/0.5.0-SNAPSHOT/hadoop-hdds-container-service-0.5.0-SNAPSHOT-tests.jar:/home/user/.m2/repository/org/yaml/snakeyaml/1.16/snakeyaml-1.16.jar:/home/user/.m2/repository/org/apache/hadoop/hadoop-common/3.2.0/hadoop-common-3.2.0-tests.jar:/home/user/.m2/repository/org/apache/hadoop/hadoop-annotations/3.2.0/hadoop-annotations-3.2.0.jar:/usr/lib/jvm/java-1.8-openjdk/jre/../lib/tools.jar:/home/user/.m2/repository/commons-cli/commons-cli/1.2/commons-cli-1.2.jar:/home/user/.m2/repository/org/apache/httpcomponents/httpclient/4.5.2/httpclient-4.5.2.jar:/home/user/.m2/repository/org/apache/httpcomponents/httpcore/4.4.4/httpcore-4.4.4.jar:/home/user/.m2/repository/commons-codec/commons-codec/1.11/commons-codec-1.11.jar:/home/user/.m2/repository/commons-net/commons-net/3.6/commons-net-3.6.jar:/home/user/.m2/repository/commons-collections/commons-collections/3.2.2/commons-collections-3.2.2.jar:/home/user/.m2/repository/org/eclipse/jetty/jetty-servlet/9.3.25.v20180904/jetty-servlet-9.3.25.v20180904.jar:/home/user/.m2/repository/org/eclipse/jetty/jetty-security/9.3.25.v20180904/jetty-security-9.3.25.v20180904.jar:/home/user/.m2/repository/javax/servlet/jsp/jsp-api/2.1/jsp-api-2.1.jar:/home/user/.m2/repository/com/sun/jersey/jersey-servlet/1.19/jersey-servlet-1.19.jar:/home/user/.m2/repository/com/sun/jersey/jersey-json/1.19/jersey-json-1.19.jar:/home/user/.m2/repository/org/codehaus/jettison/jettison/1.1/jettison-1.1.jar:/home/user/.m2/repository/org/codehaus/jackson/jackson-core-asl/1.9.13/jackson-core-asl-1.9.13.jar:/home/user/.m2/repository/org/codehaus/jackson/jackson-mapper-asl/1.9.13/jackson-mapper-asl-1.9.13.jar:/home/user/.m2/repository/org/codehaus/jackson/jackson-jaxrs/1.9.13/jackson-jaxrs-1.9.13.jar:/home/user/.m2/repository/org/codehaus/jackson/jackson-xc/1.9.13/jackson-xc-1.9.13.jar:/home/user/.m2/repository/commons-logging/commons-logging/1.1.3/commons-logging-1.1.3.jar:/home/user/.m2/repository/commons-beanutils/commons-beanutils/1.9.4/commons-beanutils-1.9.4.jar:/home/user/.m2/repository/org/apache/commons/commons-configuration2/2.1.1/commons-configuration2-2.1.1.jar:/home/user/.m2/repository/org/apache/commons/commons-lang3/3.7/commons-lang3-3.7.jar:/home/user/.m2/repository/org/apache/commons/commons-text/1.4/commons-text-1.4.jar:/home/user/.m2/repository/org/apache/avro/avro/1.7.7/avro-1.7.7.jar:/home/user/.m2/repository/com/thoughtworks/paranamer/paranamer/2.3/paranamer-2.3.jar:/home/user/.m2/repository/org/xerial/snappy/snappy-java/1.0.5/snappy-java-1.0.5.jar:/home/user/.m2/repository/com/google/re2j/re2j/1.1/re2j-1.1.jar:/home/user/.m2/repository/com/google/code/gson/gson/2.2.4/gson-2.2.4.jar:/home/user/.m2/repository/com/jcraft/jsch/0.1.54/jsch-0.1.54.jar:/home/user/.m2/repository/org/apache/curator/curator-client/2.12.0/curator-client-2.12.0.jar:/home/user/.m2/repository/org/apache/curator/curator-recipes/2.12.0/curator-recipes-2.12.0.jar:/home/user/.m2/repository/com/google/code/findbugs/jsr305/3.0.0/jsr305-3.0.0.jar:/home/user/.m2/repository/org/apache/htrace/htrace-core4/4.1.0-incubating/htrace-core4-4.1.0-incubating.jar:/home/user/.m2/repository/org/apache/zookeeper/zookeeper/3.4.13/zookeeper-3.4.13.jar:/home/user/.m2/repository/jline/jline/0.9.94/jline-0.9.94.jar:/home/user/.m2/repository/org/apache/yetus/audience-annotations/0.5.0/audience-annotations-0.5.0.jar:/home/user/.m2/repository/org/codehaus/woodstox/stax2-api/3.1.4/stax2-api-3.1.4.jar:/home/user/.m2/repository/com/fasterxml/woodstox/woodstox-core/5.0.3/woodstox-core-5.0.3.jar:/home/user/.m2/repository/dnsjava/dnsjava/2.1.7/dnsjava-2.1.7.jar:/home/user/.m2/repository/org/apache/hadoop/hadoop-hdfs/3.2.0/hadoop-hdfs-3.2.0-tests.jar:/home/user/.m2/repository/org/eclipse/jetty/jetty-util-ajax/9.3.25.v20180904/jetty-util-ajax-9.3.25.v20180904.jar:/home/user/.m2/repository/commons-daemon/commons-daemon/1.0.13/commons-daemon-1.0.13.jar:/home/user/.m2/repository/io/netty/netty/3.10.5.Final/netty-3.10.5.Final.jar:/home/user/.m2/repository/io/netty/netty-all/4.0.52.Final/netty-all-4.0.52.Final.jar:/home/user/.m2/repository/org/fusesource/leveldbjni/leveldbjni-all/1.8/leveldbjni-all-1.8.jar:"/>
    <property name="java.vm.vendor" value="IcedTea"/>
    <property name="sun.arch.data.model" value="64"/>
    <property name="test.build.dir" value="/workdir/hadoop-ozone/integration-test/target/test-dir"/>
    <property name="test.cache.data" value=""/>
    <property name="java.vendor.url" value="https://icedtea.classpath.org"/>
    <property name="user.timezone" value=""/>
    <property name="java.vm.specification.version" value="1.8"/>
    <property name="os.name" value="Linux"/>
    <property name="test.build.data" value="/workdir/hadoop-ozone/integration-test/target/test-dir"/>
    <property name="user.country" value="US"/>
    <property name="sun.java.launcher" value="SUN_STANDARD"/>
    <property name="sun.boot.library.path" value="/usr/lib/jvm/java-1.8-openjdk/jre/lib/amd64"/>
    <property name="sun.java.command" value="/workdir/hadoop-ozone/integration-test/target/surefire/surefirebooter1118429850139386233.jar /workdir/hadoop-ozone/integration-test/target/surefire 2019-10-09T22-40-08_288-jvmRun1 surefire514884042656324653tmp surefire_642632929440034339156tmp"/>
    <property name="test" value="!TestMiniChaosOzoneCluster"/>
    <property name="surefire.test.class.path" value="/workdir/hadoop-ozone/integration-test/target/test-classes:/workdir/hadoop-ozone/integration-test/target/classes:/home/user/.m2/repository/org/apache/hadoop/hadoop-ozone-common/0.5.0-SNAPSHOT/hadoop-ozone-common-0.5.0-SNAPSHOT.jar:/home/user/.m2/repository/org/apache/commons/commons-compress/1.4.1/commons-compress-1.4.1.jar:/home/user/.m2/repository/org/tukaani/xz/1.0/xz-1.0.jar:/home/user/.m2/repository/org/apache/hadoop/hadoop-common/3.2.0/hadoop-common-3.2.0.jar:/home/user/.m2/repository/org/apache/hadoop/hadoop-hdfs/3.2.0/hadoop-hdfs-3.2.0.jar:/home/user/.m2/repository/org/apache/hadoop/hadoop-hdfs-client/3.2.0/hadoop-hdfs-client-3.2.0.jar:/home/user/.m2/repository/com/fasterxml/jackson/core/jackson-annotations/2.9.9/jackson-annotations-2.9.9.jar:/home/user/.m2/repository/org/apache/hadoop/hadoop-hdds-common/0.5.0-SNAPSHOT/hadoop-hdds-common-0.5.0-SNAPSHOT.jar:/home/user/.m2/repository/javax/annotation/javax.annotation-api/1.2/javax.annotation-api-1.2.jar:/home/user/.m2/repository/org/apache/ratis/ratis-server/0.5.0-201fc85-SNAPSHOT/ratis-server-0.5.0-201fc85-SNAPSHOT.jar:/home/user/.m2/repository/org/apache/ratis/ratis-thirdparty-misc/0.2.0/ratis-thirdparty-misc-0.2.0.jar:/home/user/.m2/repository/org/apache/ratis/ratis-proto/0.5.0-201fc85-SNAPSHOT/ratis-proto-0.5.0-201fc85-SNAPSHOT.jar:/home/user/.m2/repository/org/apache/ratis/ratis-common/0.5.0-201fc85-SNAPSHOT/ratis-common-0.5.0-201fc85-SNAPSHOT.jar:/home/user/.m2/repository/org/apache/ratis/ratis-client/0.5.0-201fc85-SNAPSHOT/ratis-client-0.5.0-201fc85-SNAPSHOT.jar:/home/user/.m2/repository/org/apache/ratis/ratis-metrics/0.5.0-201fc85-SNAPSHOT/ratis-metrics-0.5.0-201fc85-SNAPSHOT.jar:/home/user/.m2/repository/com/github/joshelser/dropwizard-metrics-hadoop-metrics2-reporter/0.1.2/dropwizard-metrics-hadoop-metrics2-reporter-0.1.2.jar:/home/user/.m2/repository/io/dropwizard/metrics/metrics-jvm/3.2.5/metrics-jvm-3.2.5.jar:/home/user/.m2/repository/io/dropwizard/metrics/metrics-ganglia/3.2.5/metrics-ganglia-3.2.5.jar:/home/user/.m2/repository/info/ganglia/gmetric4j/gmetric4j/1.0.7/gmetric4j-1.0.7.jar:/home/user/.m2/repository/org/apache/ratis/ratis-netty/0.5.0-201fc85-SNAPSHOT/ratis-netty-0.5.0-201fc85-SNAPSHOT.jar:/home/user/.m2/repository/org/apache/ratis/ratis-grpc/0.5.0-201fc85-SNAPSHOT/ratis-grpc-0.5.0-201fc85-SNAPSHOT.jar:/home/user/.m2/repository/org/rocksdb/rocksdbjni/6.0.1/rocksdbjni-6.0.1.jar:/home/user/.m2/repository/org/apache/logging/log4j/log4j-api/2.11.0/log4j-api-2.11.0.jar:/home/user/.m2/repository/org/apache/logging/log4j/log4j-core/2.11.0/log4j-core-2.11.0.jar:/home/user/.m2/repository/com/lmax/disruptor/3.4.2/disruptor-3.4.2.jar:/home/user/.m2/repository/org/apache/commons/commons-pool2/2.6.0/commons-pool2-2.6.0.jar:/home/user/.m2/repository/org/bouncycastle/bcpkix-jdk15on/1.60/bcpkix-jdk15on-1.60.jar:/home/user/.m2/repository/commons-validator/commons-validator/1.6/commons-validator-1.6.jar:/home/user/.m2/repository/commons-digester/commons-digester/1.8.1/commons-digester-1.8.1.jar:/home/user/.m2/repository/io/jaegertracing/jaeger-client/0.34.0/jaeger-client-0.34.0.jar:/home/user/.m2/repository/io/jaegertracing/jaeger-thrift/0.34.0/jaeger-thrift-0.34.0.jar:/home/user/.m2/repository/org/apache/thrift/libthrift/0.12.0/libthrift-0.12.0.jar:/home/user/.m2/repository/com/squareup/okhttp3/okhttp/3.9.0/okhttp-3.9.0.jar:/home/user/.m2/repository/com/squareup/okio/okio/1.13.0/okio-1.13.0.jar:/home/user/.m2/repository/io/jaegertracing/jaeger-core/0.34.0/jaeger-core-0.34.0.jar:/home/user/.m2/repository/io/jaegertracing/jaeger-tracerresolver/0.34.0/jaeger-tracerresolver-0.34.0.jar:/home/user/.m2/repository/io/opentracing/contrib/opentracing-tracerresolver/0.1.5/opentracing-tracerresolver-0.1.5.jar:/home/user/.m2/repository/io/opentracing/opentracing-util/0.31.0/opentracing-util-0.31.0.jar:/home/user/.m2/repository/io/opentracing/opentracing-api/0.31.0/opentracing-api-0.31.0.jar:/home/user/.m2/repository/io/opentracing/opentracing-noop/0.31.0/opentracing-noop-0.31.0.jar:/home/user/.m2/repository/org/apache/hadoop/hadoop-hdds-server-framework/0.5.0-SNAPSHOT/hadoop-hdds-server-framework-0.5.0-SNAPSHOT.jar:/home/user/.m2/repository/org/apache/hadoop/hadoop-hdds-container-service/0.5.0-SNAPSHOT/hadoop-hdds-container-service-0.5.0-SNAPSHOT.jar:/home/user/.m2/repository/org/apache/hadoop/hadoop-hdds-client/0.5.0-SNAPSHOT/hadoop-hdds-client-0.5.0-SNAPSHOT.jar:/home/user/.m2/repository/org/apache/hadoop/hadoop-hdds-tools/0.5.0-SNAPSHOT/hadoop-hdds-tools-0.5.0-SNAPSHOT.jar:/home/user/.m2/repository/org/apache/hadoop/hadoop-hdds-server-scm/0.5.0-SNAPSHOT/hadoop-hdds-server-scm-0.5.0-SNAPSHOT.jar:/home/user/.m2/repository/org/apache/hadoop/hadoop-hdds-docs/0.5.0-SNAPSHOT/hadoop-hdds-docs-0.5.0-SNAPSHOT.jar:/home/user/.m2/repository/io/dropwizard/metrics/metrics-core/3.2.4/metrics-core-3.2.4.jar:/home/user/.m2/repository/org/hamcrest/hamcrest-all/1.3/hamcrest-all-1.3.jar:/home/user/.m2/repository/org/bouncycastle/bcprov-jdk15on/1.60/bcprov-jdk15on-1.60.jar:/home/user/.m2/repository/info/picocli/picocli/3.9.6/picocli-3.9.6.jar:/home/user/.m2/repository/com/google/protobuf/protobuf-java/2.5.0/protobuf-java-2.5.0.jar:/home/user/.m2/repository/com/google/guava/guava/11.0.2/guava-11.0.2.jar:/home/user/.m2/repository/org/apache/hadoop/hadoop-ozone-ozone-manager/0.5.0-SNAPSHOT/hadoop-ozone-ozone-manager-0.5.0-SNAPSHOT.jar:/home/user/.m2/repository/org/apache/hadoop/hadoop-minikdc/3.2.0/hadoop-minikdc-3.2.0.jar:/home/user/.m2/repository/commons-io/commons-io/2.5/commons-io-2.5.jar:/home/user/.m2/repository/org/apache/kerby/kerb-simplekdc/1.0.1/kerb-simplekdc-1.0.1.jar:/home/user/.m2/repository/org/apache/kerby/kerb-client/1.0.1/kerb-client-1.0.1.jar:/home/user/.m2/repository/org/apache/kerby/kerby-config/1.0.1/kerby-config-1.0.1.jar:/home/user/.m2/repository/org/apache/kerby/kerb-core/1.0.1/kerb-core-1.0.1.jar:/home/user/.m2/repository/org/apache/kerby/kerby-pkix/1.0.1/kerby-pkix-1.0.1.jar:/home/user/.m2/repository/org/apache/kerby/kerby-asn1/1.0.1/kerby-asn1-1.0.1.jar:/home/user/.m2/repository/org/apache/kerby/kerby-util/1.0.1/kerby-util-1.0.1.jar:/home/user/.m2/repository/org/apache/kerby/kerb-common/1.0.1/kerb-common-1.0.1.jar:/home/user/.m2/repository/org/apache/kerby/kerb-crypto/1.0.1/kerb-crypto-1.0.1.jar:/home/user/.m2/repository/org/apache/kerby/kerb-util/1.0.1/kerb-util-1.0.1.jar:/home/user/.m2/repository/org/apache/kerby/token-provider/1.0.1/token-provider-1.0.1.jar:/home/user/.m2/repository/org/apache/kerby/kerb-admin/1.0.1/kerb-admin-1.0.1.jar:/home/user/.m2/repository/org/apache/kerby/kerb-server/1.0.1/kerb-server-1.0.1.jar:/home/user/.m2/repository/org/apache/kerby/kerb-identity/1.0.1/kerb-identity-1.0.1.jar:/home/user/.m2/repository/org/apache/kerby/kerby-xdr/1.0.1/kerby-xdr-1.0.1.jar:/home/user/.m2/repository/org/slf4j/slf4j-log4j12/1.7.25/slf4j-log4j12-1.7.25.jar:/home/user/.m2/repository/org/apache/hadoop/hadoop-ozone-s3gateway/0.5.0-SNAPSHOT/hadoop-ozone-s3gateway-0.5.0-SNAPSHOT.jar:/home/user/.m2/repository/org/jboss/weld/servlet/weld-servlet/2.4.7.Final/weld-servlet-2.4.7.Final.jar:/home/user/.m2/repository/org/glassfish/jersey/containers/jersey-container-servlet-core/2.27/jersey-container-servlet-core-2.27.jar:/home/user/.m2/repository/org/glassfish/hk2/external/javax.inject/2.5.0-b42/javax.inject-2.5.0-b42.jar:/home/user/.m2/repository/org/glassfish/jersey/core/jersey-common/2.27/jersey-common-2.27.jar:/home/user/.m2/repository/org/glassfish/hk2/osgi-resource-locator/1.0.1/osgi-resource-locator-1.0.1.jar:/home/user/.m2/repository/javax/ws/rs/javax.ws.rs-api/2.1/javax.ws.rs-api-2.1.jar:/home/user/.m2/repository/org/glassfish/jersey/ext/cdi/jersey-cdi1x/2.27/jersey-cdi1x-2.27.jar:/home/user/.m2/repository/org/glassfish/jersey/inject/jersey-hk2/2.27/jersey-hk2-2.27.jar:/home/user/.m2/repository/org/glassfish/hk2/hk2-locator/2.5.0-b42/hk2-locator-2.5.0-b42.jar:/home/user/.m2/repository/org/javassist/javassist/3.22.0-CR2/javassist-3.22.0-CR2.jar:/home/user/.m2/repository/org/glassfish/hk2/hk2-api/2.5.0/hk2-api-2.5.0.jar:/home/user/.m2/repository/org/glassfish/hk2/external/jakarta.inject/2.5.0/jakarta.inject-2.5.0.jar:/home/user/.m2/repository/org/glassfish/hk2/hk2-utils/2.5.0/hk2-utils-2.5.0.jar:/home/user/.m2/repository/jakarta/annotation/jakarta.annotation-api/1.3.4/jakarta.annotation-api-1.3.4.jar:/home/user/.m2/repository/org/glassfish/hk2/external/aopalliance-repackaged/2.5.0/aopalliance-repackaged-2.5.0.jar:/home/user/.m2/repository/com/fasterxml/jackson/dataformat/jackson-dataformat-xml/2.9.0/jackson-dataformat-xml-2.9.0.jar:/home/user/.m2/repository/com/fasterxml/jackson/core/jackson-core/2.9.9/jackson-core-2.9.9.jar:/home/user/.m2/repository/com/fasterxml/jackson/module/jackson-module-jaxb-annotations/2.9.9/jackson-module-jaxb-annotations-2.9.9.jar:/home/user/.m2/repository/javax/enterprise/cdi-api/1.2/cdi-api-1.2.jar:/home/user/.m2/repository/javax/el/javax.el-api/3.0.0/javax.el-api-3.0.0.jar:/home/user/.m2/repository/javax/interceptor/javax.interceptor-api/1.2/javax.interceptor-api-1.2.jar:/home/user/.m2/repository/javax/inject/javax.inject/1/javax.inject-1.jar:/home/user/.m2/repository/com/sun/xml/bind/jaxb-impl/2.3.0.1/jaxb-impl-2.3.0.1.jar:/home/user/.m2/repository/com/sun/xml/bind/jaxb-core/2.3.0.1/jaxb-core-2.3.0.1.jar:/home/user/.m2/repository/javax/xml/bind/jaxb-api/2.3.0/jaxb-api-2.3.0.jar:/home/user/.m2/repository/javax/activation/activation/1.1.1/activation-1.1.1.jar:/home/user/.m2/repository/org/apache/hadoop/hadoop-ozone-csi/0.5.0-SNAPSHOT/hadoop-ozone-csi-0.5.0-SNAPSHOT.jar:/home/user/.m2/repository/com/google/protobuf/protobuf-java-util/3.5.1/protobuf-java-util-3.5.1.jar:/home/user/.m2/repository/org/apache/hadoop/hadoop-hdds-config/0.5.0-SNAPSHOT/hadoop-hdds-config-0.5.0-SNAPSHOT.jar:/home/user/.m2/repository/io/grpc/grpc-netty/1.17.1/grpc-netty-1.17.1.jar:/home/user/.m2/repository/io/grpc/grpc-core/1.17.1/grpc-core-1.17.1.jar:/home/user/.m2/repository/io/grpc/grpc-context/1.17.1/grpc-context-1.17.1.jar:/home/user/.m2/repository/com/google/errorprone/error_prone_annotations/2.2.0/error_prone_annotations-2.2.0.jar:/home/user/.m2/repository/org/codehaus/mojo/animal-sniffer-annotations/1.17/animal-sniffer-annotations-1.17.jar:/home/user/.m2/repository/io/opencensus/opencensus-api/0.17.0/opencensus-api-0.17.0.jar:/home/user/.m2/repository/io/opencensus/opencensus-contrib-grpc-metrics/0.17.0/opencensus-contrib-grpc-metrics-0.17.0.jar:/home/user/.m2/repository/io/netty/netty-codec-http2/4.1.30.Final/netty-codec-http2-4.1.30.Final.jar:/home/user/.m2/repository/io/netty/netty-codec-http/4.1.30.Final/netty-codec-http-4.1.30.Final.jar:/home/user/.m2/repository/io/netty/netty-codec/4.1.30.Final/netty-codec-4.1.30.Final.jar:/home/user/.m2/repository/io/netty/netty-handler/4.1.30.Final/netty-handler-4.1.30.Final.jar:/home/user/.m2/repository/io/netty/netty-handler-proxy/4.1.30.Final/netty-handler-proxy-4.1.30.Final.jar:/home/user/.m2/repository/io/netty/netty-codec-socks/4.1.30.Final/netty-codec-socks-4.1.30.Final.jar:/home/user/.m2/repository/io/netty/netty-transport-native-epoll/4.1.30.Final/netty-transport-native-epoll-4.1.30.Final.jar:/home/user/.m2/repository/io/netty/netty-common/4.1.30.Final/netty-common-4.1.30.Final.jar:/home/user/.m2/repository/io/netty/netty-buffer/4.1.30.Final/netty-buffer-4.1.30.Final.jar:/home/user/.m2/repository/io/netty/netty-transport/4.1.30.Final/netty-transport-4.1.30.Final.jar:/home/user/.m2/repository/io/netty/netty-resolver/4.1.30.Final/netty-resolver-4.1.30.Final.jar:/home/user/.m2/repository/io/netty/netty-transport-native-unix-common/4.1.30.Final/netty-transport-native-unix-common-4.1.30.Final.jar:/home/user/.m2/repository/io/grpc/grpc-protobuf/1.17.1/grpc-protobuf-1.17.1.jar:/home/user/.m2/repository/com/google/api/grpc/proto-google-common-protos/1.0.0/proto-google-common-protos-1.0.0.jar:/home/user/.m2/repository/io/grpc/grpc-protobuf-lite/1.17.1/grpc-protobuf-lite-1.17.1.jar:/home/user/.m2/repository/io/grpc/grpc-stub/1.17.1/grpc-stub-1.17.1.jar:/home/user/.m2/repository/org/apache/hadoop/hadoop-ozone-recon/0.5.0-SNAPSHOT/hadoop-ozone-recon-0.5.0-SNAPSHOT.jar:/home/user/.m2/repository/org/apache/hadoop/hadoop-ozone-reconcodegen/0.5.0-SNAPSHOT/hadoop-ozone-reconcodegen-0.5.0-SNAPSHOT.jar:/home/user/.m2/repository/com/google/inject/extensions/guice-multibindings/4.0/guice-multibindings-4.0.jar:/home/user/.m2/repository/com/google/inject/guice/4.0/guice-4.0.jar:/home/user/.m2/repository/aopalliance/aopalliance/1.0/aopalliance-1.0.jar:/home/user/.m2/repository/com/google/inject/extensions/guice-servlet/4.0/guice-servlet-4.0.jar:/home/user/.m2/repository/org/glassfish/jersey/containers/jersey-container-servlet/2.27/jersey-container-servlet-2.27.jar:/home/user/.m2/repository/org/glassfish/hk2/guice-bridge/2.5.0/guice-bridge-2.5.0.jar:/home/user/.m2/repository/org/glassfish/jersey/core/jersey-server/2.27/jersey-server-2.27.jar:/home/user/.m2/repository/org/glassfish/jersey/core/jersey-client/2.27/jersey-client-2.27.jar:/home/user/.m2/repository/org/glassfish/jersey/media/jersey-media-jaxb/2.27/jersey-media-jaxb-2.27.jar:/home/user/.m2/repository/javax/validation/validation-api/1.1.0.Final/validation-api-1.1.0.Final.jar:/home/user/.m2/repository/org/glassfish/jersey/media/jersey-media-json-jackson/2.27/jersey-media-json-jackson-2.27.jar:/home/user/.m2/repository/org/glassfish/jersey/ext/jersey-entity-filtering/2.27/jersey-entity-filtering-2.27.jar:/home/user/.m2/repository/com/google/inject/extensions/guice-assistedinject/4.0/guice-assistedinject-4.0.jar:/home/user/.m2/repository/org/jooq/jooq/3.11.10/jooq-3.11.10.jar:/home/user/.m2/repository/org/jooq/jooq-meta/3.11.10/jooq-meta-3.11.10.jar:/home/user/.m2/repository/org/jooq/jooq-codegen/3.11.10/jooq-codegen-3.11.10.jar:/home/user/.m2/repository/com/jolbox/bonecp/0.8.0.RELEASE/bonecp-0.8.0.RELEASE.jar:/home/user/.m2/repository/org/xerial/sqlite-jdbc/3.25.2/sqlite-jdbc-3.25.2.jar:/home/user/.m2/repository/org/springframework/spring-jdbc/5.1.3.RELEASE/spring-jdbc-5.1.3.RELEASE.jar:/home/user/.m2/repository/org/springframework/spring-beans/5.1.3.RELEASE/spring-beans-5.1.3.RELEASE.jar:/home/user/.m2/repository/org/springframework/spring-core/5.1.3.RELEASE/spring-core-5.1.3.RELEASE.jar:/home/user/.m2/repository/org/springframework/spring-jcl/5.1.3.RELEASE/spring-jcl-5.1.3.RELEASE.jar:/home/user/.m2/repository/org/springframework/spring-tx/5.1.3.RELEASE/spring-tx-5.1.3.RELEASE.jar:/home/user/.m2/repository/org/apache/hadoop/hadoop-ozone-client/0.5.0-SNAPSHOT/hadoop-ozone-client-0.5.0-SNAPSHOT.jar:/home/user/.m2/repository/commons-lang/commons-lang/2.6/commons-lang-2.6.jar:/home/user/.m2/repository/org/apache/hadoop/hadoop-ozone-ozone-manager/0.5.0-SNAPSHOT/hadoop-ozone-ozone-manager-0.5.0-SNAPSHOT-tests.jar:/home/user/.m2/repository/junit/junit/4.11/junit-4.11.jar:/home/user/.m2/repository/org/hamcrest/hamcrest-core/1.3/hamcrest-core-1.3.jar:/home/user/.m2/repository/org/openjdk/jmh/jmh-core/1.19/jmh-core-1.19.jar:/home/user/.m2/repository/net/sf/jopt-simple/jopt-simple/4.6/jopt-simple-4.6.jar:/home/user/.m2/repository/org/apache/commons/commons-math3/3.1.1/commons-math3-3.1.1.jar:/home/user/.m2/repository/org/openjdk/jmh/jmh-generator-annprocess/1.19/jmh-generator-annprocess-1.19.jar:/home/user/.m2/repository/org/mockito/mockito-all/1.8.5/mockito-all-1.8.5.jar:/home/user/.m2/repository/org/apache/hadoop/hadoop-kms/3.2.0/hadoop-kms-3.2.0.jar:/home/user/.m2/repository/org/apache/hadoop/hadoop-auth/3.2.0/hadoop-auth-3.2.0.jar:/home/user/.m2/repository/com/nimbusds/nimbus-jose-jwt/4.41.1/nimbus-jose-jwt-4.41.1.jar:/home/user/.m2/repository/com/github/stephenc/jcip/jcip-annotations/1.0-1/jcip-annotations-1.0-1.jar:/home/user/.m2/repository/net/minidev/json-smart/2.3/json-smart-2.3.jar:/home/user/.m2/repository/net/minidev/accessors-smart/1.2/accessors-smart-1.2.jar:/home/user/.m2/repository/org/ow2/asm/asm/5.0.4/asm-5.0.4.jar:/home/user/.m2/repository/org/apache/curator/curator-framework/2.12.0/curator-framework-2.12.0.jar:/home/user/.m2/repository/com/sun/jersey/jersey-core/1.19/jersey-core-1.19.jar:/home/user/.m2/repository/javax/ws/rs/jsr311-api/1.1.1/jsr311-api-1.1.1.jar:/home/user/.m2/repository/com/sun/jersey/jersey-server/1.19/jersey-server-1.19.jar:/home/user/.m2/repository/javax/servlet/javax.servlet-api/3.1.0/javax.servlet-api-3.1.0.jar:/home/user/.m2/repository/org/eclipse/jetty/jetty-server/9.3.25.v20180904/jetty-server-9.3.25.v20180904.jar:/home/user/.m2/repository/org/eclipse/jetty/jetty-http/9.3.25.v20180904/jetty-http-9.3.25.v20180904.jar:/home/user/.m2/repository/org/eclipse/jetty/jetty-io/9.3.25.v20180904/jetty-io-9.3.25.v20180904.jar:/home/user/.m2/repository/org/eclipse/jetty/jetty-webapp/9.3.25.v20180904/jetty-webapp-9.3.25.v20180904.jar:/home/user/.m2/repository/org/eclipse/jetty/jetty-xml/9.3.25.v20180904/jetty-xml-9.3.25.v20180904.jar:/home/user/.m2/repository/log4j/log4j/1.2.17/log4j-1.2.17.jar:/home/user/.m2/repository/org/slf4j/slf4j-api/1.7.25/slf4j-api-1.7.25.jar:/home/user/.m2/repository/org/slf4j/jul-to-slf4j/1.7.25/jul-to-slf4j-1.7.25.jar:/home/user/.m2/repository/org/eclipse/jetty/jetty-util/9.3.25.v20180904/jetty-util-9.3.25.v20180904.jar:/home/user/.m2/repository/com/fasterxml/jackson/core/jackson-databind/2.9.9/jackson-databind-2.9.9.jar:/home/user/.m2/repository/org/apache/hadoop/hadoop-kms/3.2.0/hadoop-kms-3.2.0-tests.jar:/home/user/.m2/repository/org/apache/hadoop/hadoop-hdds-server-scm/0.5.0-SNAPSHOT/hadoop-hdds-server-scm-0.5.0-SNAPSHOT-tests.jar:/home/user/.m2/repository/org/apache/hadoop/hadoop-hdds-container-service/0.5.0-SNAPSHOT/hadoop-hdds-container-service-0.5.0-SNAPSHOT-tests.jar:/home/user/.m2/repository/org/yaml/snakeyaml/1.16/snakeyaml-1.16.jar:/home/user/.m2/repository/org/apache/hadoop/hadoop-common/3.2.0/hadoop-common-3.2.0-tests.jar:/home/user/.m2/repository/org/apache/hadoop/hadoop-annotations/3.2.0/hadoop-annotations-3.2.0.jar:/usr/lib/jvm/java-1.8-openjdk/jre/../lib/tools.jar:/home/user/.m2/repository/commons-cli/commons-cli/1.2/commons-cli-1.2.jar:/home/user/.m2/repository/org/apache/httpcomponents/httpclient/4.5.2/httpclient-4.5.2.jar:/home/user/.m2/repository/org/apache/httpcomponents/httpcore/4.4.4/httpcore-4.4.4.jar:/home/user/.m2/repository/commons-codec/commons-codec/1.11/commons-codec-1.11.jar:/home/user/.m2/repository/commons-net/commons-net/3.6/commons-net-3.6.jar:/home/user/.m2/repository/commons-collections/commons-collections/3.2.2/commons-collections-3.2.2.jar:/home/user/.m2/repository/org/eclipse/jetty/jetty-servlet/9.3.25.v20180904/jetty-servlet-9.3.25.v20180904.jar:/home/user/.m2/repository/org/eclipse/jetty/jetty-security/9.3.25.v20180904/jetty-security-9.3.25.v20180904.jar:/home/user/.m2/repository/javax/servlet/jsp/jsp-api/2.1/jsp-api-2.1.jar:/home/user/.m2/repository/com/sun/jersey/jersey-servlet/1.19/jersey-servlet-1.19.jar:/home/user/.m2/repository/com/sun/jersey/jersey-json/1.19/jersey-json-1.19.jar:/home/user/.m2/repository/org/codehaus/jettison/jettison/1.1/jettison-1.1.jar:/home/user/.m2/repository/org/codehaus/jackson/jackson-core-asl/1.9.13/jackson-core-asl-1.9.13.jar:/home/user/.m2/repository/org/codehaus/jackson/jackson-mapper-asl/1.9.13/jackson-mapper-asl-1.9.13.jar:/home/user/.m2/repository/org/codehaus/jackson/jackson-jaxrs/1.9.13/jackson-jaxrs-1.9.13.jar:/home/user/.m2/repository/org/codehaus/jackson/jackson-xc/1.9.13/jackson-xc-1.9.13.jar:/home/user/.m2/repository/commons-logging/commons-logging/1.1.3/commons-logging-1.1.3.jar:/home/user/.m2/repository/commons-beanutils/commons-beanutils/1.9.4/commons-beanutils-1.9.4.jar:/home/user/.m2/repository/org/apache/commons/commons-configuration2/2.1.1/commons-configuration2-2.1.1.jar:/home/user/.m2/repository/org/apache/commons/commons-lang3/3.7/commons-lang3-3.7.jar:/home/user/.m2/repository/org/apache/commons/commons-text/1.4/commons-text-1.4.jar:/home/user/.m2/repository/org/apache/avro/avro/1.7.7/avro-1.7.7.jar:/home/user/.m2/repository/com/thoughtworks/paranamer/paranamer/2.3/paranamer-2.3.jar:/home/user/.m2/repository/org/xerial/snappy/snappy-java/1.0.5/snappy-java-1.0.5.jar:/home/user/.m2/repository/com/google/re2j/re2j/1.1/re2j-1.1.jar:/home/user/.m2/repository/com/google/code/gson/gson/2.2.4/gson-2.2.4.jar:/home/user/.m2/repository/com/jcraft/jsch/0.1.54/jsch-0.1.54.jar:/home/user/.m2/repository/org/apache/curator/curator-client/2.12.0/curator-client-2.12.0.jar:/home/user/.m2/repository/org/apache/curator/curator-recipes/2.12.0/curator-recipes-2.12.0.jar:/home/user/.m2/repository/com/google/code/findbugs/jsr305/3.0.0/jsr305-3.0.0.jar:/home/user/.m2/repository/org/apache/htrace/htrace-core4/4.1.0-incubating/htrace-core4-4.1.0-incubating.jar:/home/user/.m2/repository/org/apache/zookeeper/zookeeper/3.4.13/zookeeper-3.4.13.jar:/home/user/.m2/repository/jline/jline/0.9.94/jline-0.9.94.jar:/home/user/.m2/repository/org/apache/yetus/audience-annotations/0.5.0/audience-annotations-0.5.0.jar:/home/user/.m2/repository/org/codehaus/woodstox/stax2-api/3.1.4/stax2-api-3.1.4.jar:/home/user/.m2/repository/com/fasterxml/woodstox/woodstox-core/5.0.3/woodstox-core-5.0.3.jar:/home/user/.m2/repository/dnsjava/dnsjava/2.1.7/dnsjava-2.1.7.jar:/home/user/.m2/repository/org/apache/hadoop/hadoop-hdfs/3.2.0/hadoop-hdfs-3.2.0-tests.jar:/home/user/.m2/repository/org/eclipse/jetty/jetty-util-ajax/9.3.25.v20180904/jetty-util-ajax-9.3.25.v20180904.jar:/home/user/.m2/repository/commons-daemon/commons-daemon/1.0.13/commons-daemon-1.0.13.jar:/home/user/.m2/repository/io/netty/netty/3.10.5.Final/netty-3.10.5.Final.jar:/home/user/.m2/repository/io/netty/netty-all/4.0.52.Final/netty-all-4.0.52.Final.jar:/home/user/.m2/repository/org/fusesource/leveldbjni/leveldbjni-all/1.8/leveldbjni-all-1.8.jar:"/>
    <property name="sun.cpu.endian" value="little"/>
    <property name="user.home" value="/home/user"/>
    <property name="user.language" value="en"/>
    <property name="java.specification.vendor" value="Oracle Corporation"/>
    <property name="java.home" value="/usr/lib/jvm/java-1.8-openjdk/jre"/>
    <property name="java.security.krb5.conf" value="/workdir/hadoop-ozone/integration-test/target/test-classes/krb5.conf"/>
    <property name="basedir" value="/workdir/hadoop-ozone/integration-test"/>
    <property name="file.separator" value="/"/>
    <property name="line.separator" value="&#10;"/>
    <property name="java.vm.specification.vendor" value="Oracle Corporation"/>
    <property name="java.specification.name" value="Java Platform API Specification"/>
    <property name="java.awt.graphicsenv" value="sun.awt.X11GraphicsEnvironment"/>
    <property name="surefire.real.class.path" value="/workdir/hadoop-ozone/integration-test/target/surefire/surefirebooter1118429850139386233.jar"/>
    <property name="hadoop.log.dir" value="/workdir/hadoop-ozone/integration-test/target/log"/>
    <property name="sun.boot.class.path" value="/usr/lib/jvm/java-1.8-openjdk/jre/lib/resources.jar:/usr/lib/jvm/java-1.8-openjdk/jre/lib/rt.jar:/usr/lib/jvm/java-1.8-openjdk/jre/lib/sunrsasign.jar:/usr/lib/jvm/java-1.8-openjdk/jre/lib/jsse.jar:/usr/lib/jvm/java-1.8-openjdk/jre/lib/jce.jar:/usr/lib/jvm/java-1.8-openjdk/jre/lib/charsets.jar:/usr/lib/jvm/java-1.8-openjdk/jre/lib/jfr.jar:/usr/lib/jvm/java-1.8-openjdk/jre/classes"/>
    <property name="sun.management.compiler" value="HotSpot 64-Bit Tiered Compilers"/>
    <property name="java.runtime.version" value="1.8.0_212-b04"/>
    <property name="java.net.preferIPv4Stack" value="true"/>
    <property name="user.name" value="jenkins1000"/>
    <property name="path.separator" value=":"/>
    <property name="java.security.egd" value="file:///dev/urandom"/>
    <property name="os.version" value="3.10.0-957.12.2.el7.x86_64"/>
    <property name="java.endorsed.dirs" value="/usr/lib/jvm/java-1.8-openjdk/jre/lib/endorsed"/>
    <property name="java.runtime.name" value="OpenJDK Runtime Environment"/>
    <property name="file.encoding" value="UTF-8"/>
    <property name="java.vm.name" value="OpenJDK 64-Bit Server VM"/>
    <property name="test.build.webapps" value=""/>
    <property name="localRepository" value="/home/user/.m2/repository"/>
    <property name="java.vendor.url.bug" value="https://icedtea.classpath.org/bugzilla"/>
    <property name="java.io.tmpdir" value="/tmp"/>
    <property name="require.test.libhadoop" value=""/>
    <property name="java.version" value="1.8.0_212"/>
    <property name="user.dir" value="/workdir/hadoop-ozone/integration-test"/>
    <property name="os.arch" value="amd64"/>
    <property name="java.vm.specification.name" value="Java Virtual Machine Specification"/>
    <property name="test.build.classes" value="/workdir/hadoop-ozone/integration-test/target/test-classes"/>
    <property name="java.awt.printerjob" value="sun.print.PSPrinterJob"/>
    <property name="sun.os.patch.level" value="unknown"/>
    <property name="hadoop.tmp.dir" value="/workdir/hadoop-ozone/integration-test/target/tmp"/>
    <property name="java.library.path" value="/usr/lib/jvm/java-1.8-openjdk/jre/lib/amd64/server:/usr/lib/jvm/java-1.8-openjdk/jre/lib/amd64:/usr/lib/jvm/java-1.8-openjdk/jre/../lib/amd64:/workdir/hadoop-ozone/integration-test/target/native/target/usr/local/lib:/workdir/hadoop-ozone/integration-test/../../hadoop-common-project/hadoop-common/target/native/target/usr/local/lib:/usr/java/packages/lib/amd64:/usr/lib64:/lib64:/lib:/usr/lib"/>
    <property name="java.vm.info" value="mixed mode"/>
    <property name="java.vendor" value="IcedTea"/>
    <property name="java.vm.version" value="25.212-b04"/>
    <property name="java.ext.dirs" value="/usr/lib/jvm/java-1.8-openjdk/jre/lib/ext:/usr/java/packages/lib/ext"/>
    <property name="sun.io.unicode.encoding" value="UnicodeLittle"/>
    <property name="java.class.version" value="52.0"/>
  </properties>
  <testcase name="test2DatanodesFailure" classname="org.apache.hadoop.ozone.client.rpc.TestBlockOutputStreamWithFailures" time="105.174"/>
  <testcase name="testDatanodeFailureWithPreAllocation" classname="org.apache.hadoop.ozone.client.rpc.TestBlockOutputStreamWithFailures" time="224.29"/>
  <testcase name="testDatanodeFailureWithSingleNodeRatis" classname="org.apache.hadoop.ozone.client.rpc.TestBlockOutputStreamWithFailures" time="221.827"/>
  <testcase name="testWatchForCommitWithSingleNodeRatis" classname="org.apache.hadoop.ozone.client.rpc.TestBlockOutputStreamWithFailures" time="34.262"/>
  <testcase name="testWatchForCommitDatanodeFailure" classname="org.apache.hadoop.ozone.client.rpc.TestBlockOutputStreamWithFailures" time="51.402">
    <failure message="expected:&lt;2&gt; but was:&lt;3&gt;" type="java.lang.AssertionError"><![CDATA[java.lang.AssertionError: expected:<2> but was:<3>
	at org.junit.Assert.fail(Assert.java:88)
	at org.junit.Assert.failNotEquals(Assert.java:743)
	at org.junit.Assert.assertEquals(Assert.java:118)
	at org.junit.Assert.assertEquals(Assert.java:555)
	at org.junit.Assert.assertEquals(Assert.java:542)
	at org.apache.hadoop.ozone.client.rpc.TestBlockOutputStreamWithFailures.testWatchForCommitDatanodeFailure(TestBlockOutputStreamWithFailures.java:366)
	at sun.reflect.NativeMethodAccessorImpl.invoke0(Native Method)
	at sun.reflect.NativeMethodAccessorImpl.invoke(NativeMethodAccessorImpl.java:62)
	at sun.reflect.DelegatingMethodAccessorImpl.invoke(DelegatingMethodAccessorImpl.java:43)
	at java.lang.reflect.Method.invoke(Method.java:498)
	at org.junit.runners.model.FrameworkMethod$1.runReflectiveCall(FrameworkMethod.java:47)
	at org.junit.internal.runners.model.ReflectiveCallable.run(ReflectiveCallable.java:12)
	at org.junit.runners.model.FrameworkMethod.invokeExplosively(FrameworkMethod.java:44)
	at org.junit.internal.runners.statements.InvokeMethod.evaluate(InvokeMethod.java:17)
	at org.junit.internal.runners.statements.RunBefores.evaluate(RunBefores.java:26)
	at org.junit.internal.runners.statements.RunAfters.evaluate(RunAfters.java:27)
	at org.junit.runners.ParentRunner.runLeaf(ParentRunner.java:271)
	at org.junit.runners.BlockJUnit4ClassRunner.runChild(BlockJUnit4ClassRunner.java:70)
	at org.junit.runners.BlockJUnit4ClassRunner.runChild(BlockJUnit4ClassRunner.java:50)
	at org.junit.runners.ParentRunner$3.run(ParentRunner.java:238)
	at org.junit.runners.ParentRunner$1.schedule(ParentRunner.java:63)
	at org.junit.runners.ParentRunner.runChildren(ParentRunner.java:236)
	at org.junit.runners.ParentRunner.access$000(ParentRunner.java:53)
	at org.junit.runners.ParentRunner$2.evaluate(ParentRunner.java:229)
	at org.junit.runners.ParentRunner.run(ParentRunner.java:309)
	at org.apache.maven.surefire.junit4.JUnit4Provider.execute(JUnit4Provider.java:365)
	at org.apache.maven.surefire.junit4.JUnit4Provider.executeWithRerun(JUnit4Provider.java:273)
	at org.apache.maven.surefire.junit4.JUnit4Provider.executeTestSet(JUnit4Provider.java:238)
	at org.apache.maven.surefire.junit4.JUnit4Provider.invoke(JUnit4Provider.java:159)
	at org.apache.maven.surefire.booter.ForkedBooter.invokeProviderInSameClassLoader(ForkedBooter.java:384)
	at org.apache.maven.surefire.booter.ForkedBooter.runSuitesInProcess(ForkedBooter.java:345)
	at org.apache.maven.surefire.booter.ForkedBooter.execute(ForkedBooter.java:126)
	at org.apache.maven.surefire.booter.ForkedBooter.main(ForkedBooter.java:418)
]]></failure>
    <system-out><![CDATA[2019-10-09 23:42:05,358 [main] WARN  server.ServerUtils (ServerUtils.java:getScmDbDir(145)) - ozone.scm.db.dirs is not configured. We recommend adding this setting. Falling back to ozone.metadata.dirs instead.
2019-10-09 23:42:05,386 [main] WARN  server.ServerUtils (ServerUtils.java:getScmDbDir(145)) - ozone.scm.db.dirs is not configured. We recommend adding this setting. Falling back to ozone.metadata.dirs instead.
2019-10-09 23:42:05,386 [main] WARN  server.ServerUtils (ServerUtils.java:getScmDbDir(145)) - ozone.scm.db.dirs is not configured. We recommend adding this setting. Falling back to ozone.metadata.dirs instead.
2019-10-09 23:42:05,387 [main] INFO  db.DBStoreBuilder (DBStoreBuilder.java:addTable(117)) - using custom profile for table: deletedBlocks
2019-10-09 23:42:05,387 [main] INFO  db.DBStoreBuilder (DBStoreBuilder.java:processTables(168)) - Using default column profile:DBProfile.DISK for Table:deletedBlocks
2019-10-09 23:42:05,387 [main] INFO  db.DBStoreBuilder (DBStoreBuilder.java:addTable(117)) - using custom profile for table: validCerts
2019-10-09 23:42:05,387 [main] INFO  db.DBStoreBuilder (DBStoreBuilder.java:processTables(168)) - Using default column profile:DBProfile.DISK for Table:validCerts
2019-10-09 23:42:05,388 [main] INFO  db.DBStoreBuilder (DBStoreBuilder.java:addTable(117)) - using custom profile for table: revokedCerts
2019-10-09 23:42:05,388 [main] INFO  db.DBStoreBuilder (DBStoreBuilder.java:processTables(168)) - Using default column profile:DBProfile.DISK for Table:revokedCerts
2019-10-09 23:42:05,388 [main] INFO  db.DBStoreBuilder (DBStoreBuilder.java:addTable(117)) - using custom profile for table: default
2019-10-09 23:42:05,388 [main] INFO  db.DBStoreBuilder (DBStoreBuilder.java:processTables(174)) - Using default column profile:DBProfile.DISK for Table:default
2019-10-09 23:42:05,388 [main] INFO  db.DBStoreBuilder (DBStoreBuilder.java:getDbProfile(205)) - Using default options. DBProfile.DISK
2019-10-09 23:42:05,586 [main] INFO  net.NodeSchemaLoader (NodeSchemaLoader.java:loadSchemaFromFile(125)) - Loading file from sun.misc.CompoundEnumeration@681061d6
2019-10-09 23:42:05,586 [main] INFO  net.NodeSchemaLoader (NodeSchemaLoader.java:loadSchema(171)) - Loading network topology layer schema file
2019-10-09 23:42:05,594 [main] INFO  node.SCMNodeManager (SCMNodeManager.java:<init>(116)) - Entering startup safe mode.
2019-10-09 23:42:05,595 [main] INFO  algorithms.ContainerPlacementPolicyFactory (ContainerPlacementPolicyFactory.java:getPolicy(57)) - Create container placement policy of type org.apache.hadoop.hdds.scm.container.placement.algorithms.SCMContainerPlacementRandom
2019-10-09 23:42:05,595 [main] WARN  server.ServerUtils (ServerUtils.java:getScmDbDir(145)) - ozone.scm.db.dirs is not configured. We recommend adding this setting. Falling back to ozone.metadata.dirs instead.
2019-10-09 23:42:05,674 [main] INFO  pipeline.SCMPipelineManager (SCMPipelineManager.java:initializePipelineState(132)) - No pipeline exists in current db
2019-10-09 23:42:05,675 [main] WARN  server.ServerUtils (ServerUtils.java:getScmDbDir(145)) - ozone.scm.db.dirs is not configured. We recommend adding this setting. Falling back to ozone.metadata.dirs instead.
2019-10-09 23:42:05,789 [main] WARN  events.EventQueue (EventQueue.java:fireEvent(183)) - No event handler registered for event TypedEvent{payloadType=SafeModeStatus, name='SafeModeStatus'}
2019-10-09 23:42:05,791 [main] INFO  ipc.CallQueueManager (CallQueueManager.java:<init>(84)) - Using callQueue: class java.util.concurrent.LinkedBlockingQueue, queueCapacity: 2000, scheduler: class org.apache.hadoop.ipc.DefaultRpcScheduler, ipcBackoff: false.
2019-10-09 23:42:05,792 [Socket Reader #1 for port 43755] INFO  ipc.Server (Server.java:run(1074)) - Starting Socket Reader #1 for port 43755
2019-10-09 23:42:05,794 [main] INFO  ipc.CallQueueManager (CallQueueManager.java:<init>(84)) - Using callQueue: class java.util.concurrent.LinkedBlockingQueue, queueCapacity: 2000, scheduler: class org.apache.hadoop.ipc.DefaultRpcScheduler, ipcBackoff: false.
2019-10-09 23:42:05,795 [Socket Reader #1 for port 42356] INFO  ipc.Server (Server.java:run(1074)) - Starting Socket Reader #1 for port 42356
2019-10-09 23:42:05,797 [main] INFO  ipc.CallQueueManager (CallQueueManager.java:<init>(84)) - Using callQueue: class java.util.concurrent.LinkedBlockingQueue, queueCapacity: 2000, scheduler: class org.apache.hadoop.ipc.DefaultRpcScheduler, ipcBackoff: false.
2019-10-09 23:42:05,798 [Socket Reader #1 for port 42927] INFO  ipc.Server (Server.java:run(1074)) - Starting Socket Reader #1 for port 42927
2019-10-09 23:42:05,801 [main] INFO  hdfs.DFSUtil (DFSUtil.java:httpServerTemplateForNNAndJN(1641)) - Starting Web-server for scm at: http://0.0.0.0:0
2019-10-09 23:42:05,803 [main] INFO  server.AuthenticationFilter (AuthenticationFilter.java:constructSecretProvider(240)) - Unable to initialize FileSignerSecretProvider, falling back to use random secrets.
2019-10-09 23:42:05,803 [main] WARN  http.HttpRequestLog (HttpRequestLog.java:getRequestLog(97)) - Jetty request log can only be enabled using Log4j
2019-10-09 23:42:05,805 [main] INFO  http.HttpServer2 (HttpServer2.java:addGlobalFilter(975)) - Added global filter 'safety' (class=org.apache.hadoop.http.HttpServer2$QuotingInputFilter)
2019-10-09 23:42:05,805 [main] INFO  http.HttpServer2 (HttpServer2.java:addFilter(948)) - Added filter static_user_filter (class=org.apache.hadoop.http.lib.StaticUserWebFilter$StaticUserFilter) to context scm
2019-10-09 23:42:05,805 [main] INFO  http.HttpServer2 (HttpServer2.java:addFilter(958)) - Added filter static_user_filter (class=org.apache.hadoop.http.lib.StaticUserWebFilter$StaticUserFilter) to context static
2019-10-09 23:42:05,806 [main] INFO  http.HttpServer2 (HttpServer2.java:addFilter(958)) - Added filter static_user_filter (class=org.apache.hadoop.http.lib.StaticUserWebFilter$StaticUserFilter) to context logs
2019-10-09 23:42:05,808 [main] INFO  server.StorageContainerManager (StorageContainerManager.java:start(772)) - StorageContainerLocationProtocol RPC server is listening at /0.0.0.0:42927
2019-10-09 23:42:05,811 [main] WARN  impl.MetricsConfig (MetricsConfig.java:loadFirst(134)) - Cannot locate configuration: tried hadoop-metrics2-storagecontainermanager.properties,hadoop-metrics2.properties
2019-10-09 23:42:05,812 [main] INFO  impl.MetricsSystemImpl (MetricsSystemImpl.java:startTimer(374)) - Scheduled Metric snapshot period at 10 second(s).
2019-10-09 23:42:05,812 [main] INFO  impl.MetricsSystemImpl (MetricsSystemImpl.java:start(191)) - StorageContainerManager metrics system started
2019-10-09 23:42:05,887 [main] WARN  impl.MetricsSystemImpl (MetricsSystemImpl.java:register(276)) - Sink prometheus already exists!
2019-10-09 23:42:05,964 [main] INFO  server.SCMClientProtocolServer (SCMClientProtocolServer.java:start(159)) - RPC server for Client  is listening at /0.0.0.0:42927
2019-10-09 23:42:05,965 [IPC Server Responder] INFO  ipc.Server (Server.java:run(1314)) - IPC Server Responder: starting
2019-10-09 23:42:05,965 [IPC Server listener on 42927] INFO  ipc.Server (Server.java:run(1153)) - IPC Server listener on 42927: starting
2019-10-09 23:42:05,968 [main] INFO  server.StorageContainerManager (StorageContainerManager.java:start(782)) - ScmBlockLocationProtocol RPC server is listening at /0.0.0.0:42356
2019-10-09 23:42:05,969 [main] INFO  server.SCMBlockProtocolServer (SCMBlockProtocolServer.java:start(146)) - RPC server for Block Protocol is listening at /0.0.0.0:42356
2019-10-09 23:42:05,969 [IPC Server Responder] INFO  ipc.Server (Server.java:run(1314)) - IPC Server Responder: starting
2019-10-09 23:42:05,969 [IPC Server listener on 42356] INFO  ipc.Server (Server.java:run(1153)) - IPC Server listener on 42356: starting
2019-10-09 23:42:05,972 [main] INFO  server.StorageContainerManager (StorageContainerManager.java:start(786)) - ScmDatanodeProtocl RPC server is listening at /0.0.0.0:43755
2019-10-09 23:42:05,973 [main] INFO  server.SCMDatanodeProtocolServer (SCMDatanodeProtocolServer.java:start(169)) - RPC server for DataNodes is listening at /0.0.0.0:43755
2019-10-09 23:42:05,973 [IPC Server Responder] INFO  ipc.Server (Server.java:run(1314)) - IPC Server Responder: starting
2019-10-09 23:42:05,974 [IPC Server listener on 43755] INFO  ipc.Server (Server.java:run(1153)) - IPC Server listener on 43755: starting
2019-10-09 23:42:05,977 [main] INFO  http.HttpServer2 (HttpServer2.java:bindListener(1191)) - Jetty bound to port 41442
2019-10-09 23:42:05,977 [main] INFO  server.Server (Server.java:doStart(351)) - jetty-9.3.25.v20180904, build timestamp: 2018-09-04T21:11:46Z, git hash: 3ce520221d0240229c862b122d2b06c12a625732
2019-10-09 23:42:05,978 [main] INFO  handler.ContextHandler (ContextHandler.java:doStart(781)) - Started o.e.j.s.ServletContextHandler@599f1b7{/logs,file:///workdir/hadoop-ozone/integration-test/target/log,AVAILABLE}
2019-10-09 23:42:05,979 [main] INFO  handler.ContextHandler (ContextHandler.java:doStart(781)) - Started o.e.j.s.ServletContextHandler@64f4f12{/static,file:///workdir/hadoop-ozone/integration-test/target/test-classes/webapps/static,AVAILABLE}
2019-10-09 23:42:05,984 [main] INFO  handler.ContextHandler (ContextHandler.java:doStart(781)) - Started o.e.j.w.WebAppContext@5eb87338{/,file:///workdir/hadoop-ozone/integration-test/target/test-classes/webapps/scm/,AVAILABLE}{/scm}
2019-10-09 23:42:05,984 [main] INFO  server.AbstractConnector (AbstractConnector.java:doStart(278)) - Started ServerConnector@2b999ee8{HTTP/1.1,[http/1.1]}{0.0.0.0:41442}
2019-10-09 23:42:05,985 [main] INFO  server.Server (Server.java:doStart(419)) - Started @586759ms
2019-10-09 23:42:05,985 [main] WARN  impl.MetricsSystemImpl (MetricsSystemImpl.java:register(276)) - Sink prometheus already exists!
2019-10-09 23:42:05,986 [main] INFO  server.BaseHttpServer (BaseHttpServer.java:updateConnectorAddress(215)) - HTTP server of SCM is listening at http://0.0.0.0:41442
2019-10-09 23:42:05,986 [main] WARN  server.ServerUtils (ServerUtils.java:getDBPath(222)) - ozone.om.db.dirs is not configured. We recommend adding this setting. Falling back to ozone.metadata.dirs instead.
2019-10-09 23:42:05,986 [org.apache.hadoop.util.JvmPauseMonitor$Monitor@29bbc391] INFO  util.JvmPauseMonitor (JvmPauseMonitor.java:run(188)) - Starting JVM pause monitor
2019-10-09 23:42:05,999 [main] INFO  ha.OMHANodeDetails (OMHANodeDetails.java:loadOMHAConfig(190)) - Configuration either no ozone.om.address set. Falling back to the default OM address /127.0.0.1:0
2019-10-09 23:42:06,000 [main] INFO  ha.OMHANodeDetails (OMHANodeDetails.java:getOMNodeDetails(220)) - OM Service ID is not set. Setting it to the default ID: omServiceIdDefault
2019-10-09 23:42:06,000 [main] WARN  server.ServerUtils (ServerUtils.java:getDBPath(222)) - ozone.om.db.dirs is not configured. We recommend adding this setting. Falling back to ozone.metadata.dirs instead.
2019-10-09 23:42:06,000 [main] WARN  server.ServerUtils (ServerUtils.java:getDBPath(222)) - ozone.om.db.dirs is not configured. We recommend adding this setting. Falling back to ozone.metadata.dirs instead.
2019-10-09 23:42:06,008 [main] WARN  server.ServerUtils (ServerUtils.java:getDBPath(222)) - ozone.om.db.dirs is not configured. We recommend adding this setting. Falling back to ozone.metadata.dirs instead.
2019-10-09 23:42:06,008 [main] INFO  db.DBStoreBuilder (DBStoreBuilder.java:addTable(117)) - using custom profile for table: userTable
2019-10-09 23:42:06,008 [main] INFO  db.DBStoreBuilder (DBStoreBuilder.java:processTables(168)) - Using default column profile:DBProfile.DISK for Table:userTable
2019-10-09 23:42:06,008 [main] INFO  db.DBStoreBuilder (DBStoreBuilder.java:addTable(117)) - using custom profile for table: volumeTable
2019-10-09 23:42:06,009 [main] INFO  db.DBStoreBuilder (DBStoreBuilder.java:processTables(168)) - Using default column profile:DBProfile.DISK for Table:volumeTable
2019-10-09 23:42:06,009 [main] INFO  db.DBStoreBuilder (DBStoreBuilder.java:addTable(117)) - using custom profile for table: bucketTable
2019-10-09 23:42:06,009 [main] INFO  db.DBStoreBuilder (DBStoreBuilder.java:processTables(168)) - Using default column profile:DBProfile.DISK for Table:bucketTable
2019-10-09 23:42:06,009 [main] INFO  db.DBStoreBuilder (DBStoreBuilder.java:addTable(117)) - using custom profile for table: keyTable
2019-10-09 23:42:06,009 [main] INFO  db.DBStoreBuilder (DBStoreBuilder.java:processTables(168)) - Using default column profile:DBProfile.DISK for Table:keyTable
2019-10-09 23:42:06,009 [main] INFO  db.DBStoreBuilder (DBStoreBuilder.java:addTable(117)) - using custom profile for table: deletedTable
2019-10-09 23:42:06,009 [main] INFO  db.DBStoreBuilder (DBStoreBuilder.java:processTables(168)) - Using default column profile:DBProfile.DISK for Table:deletedTable
2019-10-09 23:42:06,010 [main] INFO  db.DBStoreBuilder (DBStoreBuilder.java:addTable(117)) - using custom profile for table: openKeyTable
2019-10-09 23:42:06,010 [main] INFO  db.DBStoreBuilder (DBStoreBuilder.java:processTables(168)) - Using default column profile:DBProfile.DISK for Table:openKeyTable
2019-10-09 23:42:06,010 [main] INFO  db.DBStoreBuilder (DBStoreBuilder.java:addTable(117)) - using custom profile for table: s3Table
2019-10-09 23:42:06,010 [main] INFO  db.DBStoreBuilder (DBStoreBuilder.java:processTables(168)) - Using default column profile:DBProfile.DISK for Table:s3Table
2019-10-09 23:42:06,010 [main] INFO  db.DBStoreBuilder (DBStoreBuilder.java:addTable(117)) - using custom profile for table: multipartInfoTable
2019-10-09 23:42:06,010 [main] INFO  db.DBStoreBuilder (DBStoreBuilder.java:processTables(168)) - Using default column profile:DBProfile.DISK for Table:multipartInfoTable
2019-10-09 23:42:06,011 [main] INFO  db.DBStoreBuilder (DBStoreBuilder.java:addTable(117)) - using custom profile for table: dTokenTable
2019-10-09 23:42:06,011 [main] INFO  db.DBStoreBuilder (DBStoreBuilder.java:processTables(168)) - Using default column profile:DBProfile.DISK for Table:dTokenTable
2019-10-09 23:42:06,011 [main] INFO  db.DBStoreBuilder (DBStoreBuilder.java:addTable(117)) - using custom profile for table: s3SecretTable
2019-10-09 23:42:06,011 [main] INFO  db.DBStoreBuilder (DBStoreBuilder.java:processTables(168)) - Using default column profile:DBProfile.DISK for Table:s3SecretTable
2019-10-09 23:42:06,011 [main] INFO  db.DBStoreBuilder (DBStoreBuilder.java:addTable(117)) - using custom profile for table: prefixTable
2019-10-09 23:42:06,011 [main] INFO  db.DBStoreBuilder (DBStoreBuilder.java:processTables(168)) - Using default column profile:DBProfile.DISK for Table:prefixTable
2019-10-09 23:42:06,011 [main] INFO  db.DBStoreBuilder (DBStoreBuilder.java:addTable(117)) - using custom profile for table: default
2019-10-09 23:42:06,011 [main] INFO  db.DBStoreBuilder (DBStoreBuilder.java:processTables(174)) - Using default column profile:DBProfile.DISK for Table:default
2019-10-09 23:42:06,012 [main] INFO  db.DBStoreBuilder (DBStoreBuilder.java:getDbProfile(205)) - Using default options. DBProfile.DISK
2019-10-09 23:42:06,669 [main] INFO  ipc.CallQueueManager (CallQueueManager.java:<init>(84)) - Using callQueue: class java.util.concurrent.LinkedBlockingQueue, queueCapacity: 2000, scheduler: class org.apache.hadoop.ipc.DefaultRpcScheduler, ipcBackoff: false.
2019-10-09 23:42:06,670 [Socket Reader #1 for port 34647] INFO  ipc.Server (Server.java:run(1074)) - Starting Socket Reader #1 for port 34647
2019-10-09 23:42:06,686 [main] INFO  om.OzoneManager (OzoneManager.java:start(1069)) - OzoneManager RPC server is listening at localhost/127.0.0.1:34647
2019-10-09 23:42:06,686 [main] INFO  impl.MetricsSystemImpl (MetricsSystemImpl.java:init(158)) - OzoneManager metrics system started (again)
2019-10-09 23:42:06,689 [IPC Server Responder] INFO  ipc.Server (Server.java:run(1314)) - IPC Server Responder: starting
2019-10-09 23:42:06,690 [IPC Server listener on 34647] INFO  ipc.Server (Server.java:run(1153)) - IPC Server listener on 34647: starting
2019-10-09 23:42:06,695 [main] INFO  hdfs.DFSUtil (DFSUtil.java:httpServerTemplateForNNAndJN(1641)) - Starting Web-server for ozoneManager at: http://0.0.0.0:0
2019-10-09 23:42:06,697 [main] INFO  server.AuthenticationFilter (AuthenticationFilter.java:constructSecretProvider(240)) - Unable to initialize FileSignerSecretProvider, falling back to use random secrets.
2019-10-09 23:42:06,697 [main] WARN  http.HttpRequestLog (HttpRequestLog.java:getRequestLog(97)) - Jetty request log can only be enabled using Log4j
2019-10-09 23:42:06,699 [main] INFO  http.HttpServer2 (HttpServer2.java:addGlobalFilter(975)) - Added global filter 'safety' (class=org.apache.hadoop.http.HttpServer2$QuotingInputFilter)
2019-10-09 23:42:06,700 [main] INFO  http.HttpServer2 (HttpServer2.java:addFilter(948)) - Added filter static_user_filter (class=org.apache.hadoop.http.lib.StaticUserWebFilter$StaticUserFilter) to context ozoneManager
2019-10-09 23:42:06,701 [main] INFO  http.HttpServer2 (HttpServer2.java:addFilter(958)) - Added filter static_user_filter (class=org.apache.hadoop.http.lib.StaticUserWebFilter$StaticUserFilter) to context static
2019-10-09 23:42:06,701 [main] INFO  http.HttpServer2 (HttpServer2.java:addFilter(958)) - Added filter static_user_filter (class=org.apache.hadoop.http.lib.StaticUserWebFilter$StaticUserFilter) to context logs
2019-10-09 23:42:06,702 [main] INFO  http.HttpServer2 (HttpServer2.java:bindListener(1191)) - Jetty bound to port 41256
2019-10-09 23:42:06,702 [main] INFO  server.Server (Server.java:doStart(351)) - jetty-9.3.25.v20180904, build timestamp: 2018-09-04T21:11:46Z, git hash: 3ce520221d0240229c862b122d2b06c12a625732
2019-10-09 23:42:06,703 [main] INFO  handler.ContextHandler (ContextHandler.java:doStart(781)) - Started o.e.j.s.ServletContextHandler@58d4238e{/logs,file:///workdir/hadoop-ozone/integration-test/target/log,AVAILABLE}
2019-10-09 23:42:06,704 [main] INFO  handler.ContextHandler (ContextHandler.java:doStart(781)) - Started o.e.j.s.ServletContextHandler@36478bce{/static,file:///workdir/hadoop-ozone/integration-test/target/test-classes/webapps/static,AVAILABLE}
2019-10-09 23:42:06,709 [main] INFO  handler.ContextHandler (ContextHandler.java:doStart(781)) - Started o.e.j.w.WebAppContext@430df350{/,file:///workdir/hadoop-ozone/integration-test/target/test-classes/webapps/ozoneManager/,AVAILABLE}{/ozoneManager}
2019-10-09 23:42:06,709 [main] INFO  server.AbstractConnector (AbstractConnector.java:doStart(278)) - Started ServerConnector@1373e3ee{HTTP/1.1,[http/1.1]}{0.0.0.0:41256}
2019-10-09 23:42:06,711 [main] INFO  server.Server (Server.java:doStart(419)) - Started @587485ms
2019-10-09 23:42:06,711 [main] WARN  impl.MetricsSystemImpl (MetricsSystemImpl.java:register(276)) - Sink prometheus already exists!
2019-10-09 23:42:06,712 [main] INFO  server.BaseHttpServer (BaseHttpServer.java:updateConnectorAddress(215)) - HTTP server of OZONEMANAGER is listening at http://0.0.0.0:41256
2019-10-09 23:42:06,729 [main] INFO  impl.MetricsSystemImpl (MetricsSystemImpl.java:init(158)) - HddsDatanode metrics system started (again)
2019-10-09 23:42:06,734 [main] INFO  ozone.HddsDatanodeService (HddsDatanodeService.java:start(184)) - HddsDatanodeService host:pr-hdds-2194-ks6jj-815731239 ip:192.168.151.98
2019-10-09 23:42:06,741 [main] INFO  volume.HddsVolume (HddsVolume.java:<init>(176)) - Creating Volume: /workdir/hadoop-ozone/integration-test/target/test-dir/MiniOzoneClusterImpl-8b6ca641-6d7f-4583-914a-a0f78aea40f0/datanode-0/data/containers/hdds of  storage type : DISK and capacity : 1482555576320
2019-10-09 23:42:06,741 [main] INFO  volume.VolumeSet (VolumeSet.java:initializeVolumeSet(170)) - Added Volume : /workdir/hadoop-ozone/integration-test/target/test-dir/MiniOzoneClusterImpl-8b6ca641-6d7f-4583-914a-a0f78aea40f0/datanode-0/data/containers/hdds to VolumeSet
2019-10-09 23:42:06,742 [main] INFO  volume.ThrottledAsyncChecker (ThrottledAsyncChecker.java:schedule(141)) - Scheduling a check for org.apache.hadoop.ozone.container.common.volume.HddsVolume@4f5f474c
2019-10-09 23:42:06,744 [main] INFO  volume.HddsVolumeChecker (HddsVolumeChecker.java:checkAllVolumes(204)) - Scheduled health check for volume org.apache.hadoop.ozone.container.common.volume.HddsVolume@4f5f474c
2019-10-09 23:42:06,760 [main] INFO  impl.RaftServerProxy (ConfUtils.java:logGet(43)) - raft.rpc.type = GRPC (default)
2019-10-09 23:42:06,761 [main] INFO  grpc.GrpcFactory (GrpcFactory.java:checkPooledByteBufAllocatorUseCacheForAllThreads(45)) - PERFORMANCE WARNING: useCacheForAllThreads is true that may cause Netty to create a lot garbage objects and, as a result, trigger GC.
	It is recommended to disable useCacheForAllThreads by setting -Dorg.apache.ratis.thirdparty.io.netty.allocator.useCacheForAllThreads=false in command line.
2019-10-09 23:42:06,761 [main] INFO  grpc.GrpcConfigKeys$Server (ConfUtils.java:logGet(43)) - raft.grpc.server.port = 0 (default)
2019-10-09 23:42:06,761 [main] INFO  server.GrpcService (ConfUtils.java:logGet(43)) - raft.grpc.message.size.max = 33570816 (custom)
2019-10-09 23:42:06,761 [main] INFO  server.RaftServerConfigKeys (ConfUtils.java:logGet(43)) - raft.server.log.appender.buffer.byte-limit = 33554432 (custom)
2019-10-09 23:42:06,762 [main] INFO  server.GrpcService (ConfUtils.java:logGet(43)) - raft.grpc.flow.control.window = 1MB (=1048576) (default)
2019-10-09 23:42:06,762 [main] INFO  server.RaftServerConfigKeys (ConfUtils.java:logGet(43)) - raft.server.rpc.request.timeout = 3000ms (default)
2019-10-09 23:42:06,762 [main] INFO  server.RaftServerConfigKeys (ConfUtils.java:logGet(43)) - raft.server.storage.dir = [/workdir/hadoop-ozone/integration-test/target/test-dir/MiniOzoneClusterImpl-8b6ca641-6d7f-4583-914a-a0f78aea40f0/datanode-0/data/ratis] (custom)
2019-10-09 23:42:06,764 [main] INFO  hdfs.DFSUtil (DFSUtil.java:httpServerTemplateForNNAndJN(1641)) - Starting Web-server for hddsDatanode at: http://0.0.0.0:0
2019-10-09 23:42:06,766 [main] INFO  server.AuthenticationFilter (AuthenticationFilter.java:constructSecretProvider(240)) - Unable to initialize FileSignerSecretProvider, falling back to use random secrets.
2019-10-09 23:42:06,766 [main] WARN  http.HttpRequestLog (HttpRequestLog.java:getRequestLog(97)) - Jetty request log can only be enabled using Log4j
2019-10-09 23:42:06,768 [main] INFO  http.HttpServer2 (HttpServer2.java:addGlobalFilter(975)) - Added global filter 'safety' (class=org.apache.hadoop.http.HttpServer2$QuotingInputFilter)
2019-10-09 23:42:06,769 [main] INFO  http.HttpServer2 (HttpServer2.java:addFilter(948)) - Added filter static_user_filter (class=org.apache.hadoop.http.lib.StaticUserWebFilter$StaticUserFilter) to context hddsDatanode
2019-10-09 23:42:06,769 [main] INFO  http.HttpServer2 (HttpServer2.java:addFilter(958)) - Added filter static_user_filter (class=org.apache.hadoop.http.lib.StaticUserWebFilter$StaticUserFilter) to context static
2019-10-09 23:42:06,769 [main] INFO  http.HttpServer2 (HttpServer2.java:addFilter(958)) - Added filter static_user_filter (class=org.apache.hadoop.http.lib.StaticUserWebFilter$StaticUserFilter) to context logs
2019-10-09 23:42:06,770 [main] INFO  http.HttpServer2 (HttpServer2.java:bindListener(1191)) - Jetty bound to port 34450
2019-10-09 23:42:06,770 [main] INFO  server.Server (Server.java:doStart(351)) - jetty-9.3.25.v20180904, build timestamp: 2018-09-04T21:11:46Z, git hash: 3ce520221d0240229c862b122d2b06c12a625732
2019-10-09 23:42:06,771 [main] INFO  handler.ContextHandler (ContextHandler.java:doStart(781)) - Started o.e.j.s.ServletContextHandler@3ab595c8{/logs,file:///workdir/hadoop-ozone/integration-test/target/log,AVAILABLE}
2019-10-09 23:42:06,772 [main] INFO  handler.ContextHandler (ContextHandler.java:doStart(781)) - Started o.e.j.s.ServletContextHandler@cbf1997{/static,jar:file:/home/user/.m2/repository/org/apache/hadoop/hadoop-hdds-container-service/0.5.0-SNAPSHOT/hadoop-hdds-container-service-0.5.0-SNAPSHOT.jar!/webapps/static,AVAILABLE}
2019-10-09 23:42:06,801 [main] INFO  handler.ContextHandler (ContextHandler.java:doStart(781)) - Started o.e.j.w.WebAppContext@49c1e294{/,file:///tmp/jetty-0.0.0.0-34450-hddsDatanode-_-any-8713737275273536459.dir/webapp/,AVAILABLE}{/hddsDatanode}
2019-10-09 23:42:06,802 [main] INFO  server.AbstractConnector (AbstractConnector.java:doStart(278)) - Started ServerConnector@7741ae1b{HTTP/1.1,[http/1.1]}{0.0.0.0:34450}
2019-10-09 23:42:06,803 [main] INFO  server.Server (Server.java:doStart(419)) - Started @587577ms
2019-10-09 23:42:06,803 [main] WARN  impl.MetricsSystemImpl (MetricsSystemImpl.java:register(276)) - Sink prometheus already exists!
2019-10-09 23:42:06,804 [main] INFO  server.BaseHttpServer (BaseHttpServer.java:updateConnectorAddress(215)) - HTTP server of HDDSDATANODE is listening at http://0.0.0.0:34450
2019-10-09 23:42:06,804 [main] INFO  impl.MetricsSystemImpl (MetricsSystemImpl.java:init(158)) - HddsDatanode metrics system started (again)
2019-10-09 23:42:06,808 [org.apache.hadoop.util.JvmPauseMonitor$Monitor@29a971b3] INFO  util.JvmPauseMonitor (JvmPauseMonitor.java:run(188)) - Starting JVM pause monitor
2019-10-09 23:42:06,809 [main] INFO  ozone.HddsDatanodeService (HddsDatanodeService.java:start(184)) - HddsDatanodeService host:pr-hdds-2194-ks6jj-815731239 ip:192.168.151.98
2019-10-09 23:42:06,810 [Datanode State Machine Thread - 0] INFO  datanode.InitDatanodeState (InitDatanodeState.java:persistContainerDatanodeDetails(140)) - DatanodeDetails is persisted to /workdir/hadoop-ozone/integration-test/target/test-dir/MiniOzoneClusterImpl-8b6ca641-6d7f-4583-914a-a0f78aea40f0/datanode-0/meta/datanode.id
2019-10-09 23:42:06,814 [main] INFO  volume.HddsVolume (HddsVolume.java:<init>(176)) - Creating Volume: /workdir/hadoop-ozone/integration-test/target/test-dir/MiniOzoneClusterImpl-8b6ca641-6d7f-4583-914a-a0f78aea40f0/datanode-1/data/containers/hdds of  storage type : DISK and capacity : 1482555576320
2019-10-09 23:42:06,815 [main] INFO  volume.VolumeSet (VolumeSet.java:initializeVolumeSet(170)) - Added Volume : /workdir/hadoop-ozone/integration-test/target/test-dir/MiniOzoneClusterImpl-8b6ca641-6d7f-4583-914a-a0f78aea40f0/datanode-1/data/containers/hdds to VolumeSet
2019-10-09 23:42:06,815 [main] INFO  volume.ThrottledAsyncChecker (ThrottledAsyncChecker.java:schedule(141)) - Scheduling a check for org.apache.hadoop.ozone.container.common.volume.HddsVolume@3a40bb52
2019-10-09 23:42:06,815 [main] INFO  volume.HddsVolumeChecker (HddsVolumeChecker.java:checkAllVolumes(204)) - Scheduled health check for volume org.apache.hadoop.ozone.container.common.volume.HddsVolume@3a40bb52
2019-10-09 23:42:06,829 [main] INFO  impl.RaftServerProxy (ConfUtils.java:logGet(43)) - raft.rpc.type = GRPC (default)
2019-10-09 23:42:06,829 [main] INFO  grpc.GrpcFactory (GrpcFactory.java:checkPooledByteBufAllocatorUseCacheForAllThreads(45)) - PERFORMANCE WARNING: useCacheForAllThreads is true that may cause Netty to create a lot garbage objects and, as a result, trigger GC.
	It is recommended to disable useCacheForAllThreads by setting -Dorg.apache.ratis.thirdparty.io.netty.allocator.useCacheForAllThreads=false in command line.
2019-10-09 23:42:06,830 [main] INFO  grpc.GrpcConfigKeys$Server (ConfUtils.java:logGet(43)) - raft.grpc.server.port = 0 (default)
2019-10-09 23:42:06,830 [main] INFO  server.GrpcService (ConfUtils.java:logGet(43)) - raft.grpc.message.size.max = 33570816 (custom)
2019-10-09 23:42:06,830 [main] INFO  server.RaftServerConfigKeys (ConfUtils.java:logGet(43)) - raft.server.log.appender.buffer.byte-limit = 33554432 (custom)
2019-10-09 23:42:06,830 [main] INFO  server.GrpcService (ConfUtils.java:logGet(43)) - raft.grpc.flow.control.window = 1MB (=1048576) (default)
2019-10-09 23:42:06,831 [main] INFO  server.RaftServerConfigKeys (ConfUtils.java:logGet(43)) - raft.server.rpc.request.timeout = 3000ms (default)
2019-10-09 23:42:06,831 [main] INFO  server.RaftServerConfigKeys (ConfUtils.java:logGet(43)) - raft.server.storage.dir = [/workdir/hadoop-ozone/integration-test/target/test-dir/MiniOzoneClusterImpl-8b6ca641-6d7f-4583-914a-a0f78aea40f0/datanode-1/data/ratis] (custom)
2019-10-09 23:42:06,832 [main] INFO  hdfs.DFSUtil (DFSUtil.java:httpServerTemplateForNNAndJN(1641)) - Starting Web-server for hddsDatanode at: http://0.0.0.0:0
2019-10-09 23:42:06,833 [main] INFO  server.AuthenticationFilter (AuthenticationFilter.java:constructSecretProvider(240)) - Unable to initialize FileSignerSecretProvider, falling back to use random secrets.
2019-10-09 23:42:06,834 [main] WARN  http.HttpRequestLog (HttpRequestLog.java:getRequestLog(97)) - Jetty request log can only be enabled using Log4j
2019-10-09 23:42:06,835 [main] INFO  http.HttpServer2 (HttpServer2.java:addGlobalFilter(975)) - Added global filter 'safety' (class=org.apache.hadoop.http.HttpServer2$QuotingInputFilter)
2019-10-09 23:42:06,835 [main] INFO  http.HttpServer2 (HttpServer2.java:addFilter(948)) - Added filter static_user_filter (class=org.apache.hadoop.http.lib.StaticUserWebFilter$StaticUserFilter) to context hddsDatanode
2019-10-09 23:42:06,835 [main] INFO  http.HttpServer2 (HttpServer2.java:addFilter(958)) - Added filter static_user_filter (class=org.apache.hadoop.http.lib.StaticUserWebFilter$StaticUserFilter) to context logs
2019-10-09 23:42:06,836 [main] INFO  http.HttpServer2 (HttpServer2.java:addFilter(958)) - Added filter static_user_filter (class=org.apache.hadoop.http.lib.StaticUserWebFilter$StaticUserFilter) to context static
2019-10-09 23:42:06,836 [main] INFO  http.HttpServer2 (HttpServer2.java:bindListener(1191)) - Jetty bound to port 43690
2019-10-09 23:42:06,836 [main] INFO  server.Server (Server.java:doStart(351)) - jetty-9.3.25.v20180904, build timestamp: 2018-09-04T21:11:46Z, git hash: 3ce520221d0240229c862b122d2b06c12a625732
2019-10-09 23:42:06,838 [main] INFO  handler.ContextHandler (ContextHandler.java:doStart(781)) - Started o.e.j.s.ServletContextHandler@561f9d92{/logs,file:///workdir/hadoop-ozone/integration-test/target/log,AVAILABLE}
2019-10-09 23:42:06,838 [main] INFO  handler.ContextHandler (ContextHandler.java:doStart(781)) - Started o.e.j.s.ServletContextHandler@7ceb6c45{/static,jar:file:/home/user/.m2/repository/org/apache/hadoop/hadoop-hdds-container-service/0.5.0-SNAPSHOT/hadoop-hdds-container-service-0.5.0-SNAPSHOT.jar!/webapps/static,AVAILABLE}
2019-10-09 23:42:06,868 [main] INFO  handler.ContextHandler (ContextHandler.java:doStart(781)) - Started o.e.j.w.WebAppContext@2017f6e6{/,file:///tmp/jetty-0.0.0.0-43690-hddsDatanode-_-any-9090605609050295211.dir/webapp/,AVAILABLE}{/hddsDatanode}
2019-10-09 23:42:06,868 [main] INFO  server.AbstractConnector (AbstractConnector.java:doStart(278)) - Started ServerConnector@115c946b{HTTP/1.1,[http/1.1]}{0.0.0.0:43690}
2019-10-09 23:42:06,870 [main] INFO  server.Server (Server.java:doStart(419)) - Started @587644ms
2019-10-09 23:42:06,870 [main] WARN  impl.MetricsSystemImpl (MetricsSystemImpl.java:register(276)) - Sink prometheus already exists!
2019-10-09 23:42:06,871 [main] INFO  server.BaseHttpServer (BaseHttpServer.java:updateConnectorAddress(215)) - HTTP server of HDDSDATANODE is listening at http://0.0.0.0:43690
2019-10-09 23:42:06,871 [main] INFO  impl.MetricsSystemImpl (MetricsSystemImpl.java:init(158)) - HddsDatanode metrics system started (again)
2019-10-09 23:42:06,875 [org.apache.hadoop.util.JvmPauseMonitor$Monitor@461e6cdd] INFO  util.JvmPauseMonitor (JvmPauseMonitor.java:run(188)) - Starting JVM pause monitor
2019-10-09 23:42:06,876 [main] INFO  ozone.HddsDatanodeService (HddsDatanodeService.java:start(184)) - HddsDatanodeService host:pr-hdds-2194-ks6jj-815731239 ip:192.168.151.98
2019-10-09 23:42:06,877 [Datanode State Machine Thread - 0] INFO  datanode.InitDatanodeState (InitDatanodeState.java:persistContainerDatanodeDetails(140)) - DatanodeDetails is persisted to /workdir/hadoop-ozone/integration-test/target/test-dir/MiniOzoneClusterImpl-8b6ca641-6d7f-4583-914a-a0f78aea40f0/datanode-1/meta/datanode.id
2019-10-09 23:42:06,882 [main] INFO  volume.HddsVolume (HddsVolume.java:<init>(176)) - Creating Volume: /workdir/hadoop-ozone/integration-test/target/test-dir/MiniOzoneClusterImpl-8b6ca641-6d7f-4583-914a-a0f78aea40f0/datanode-2/data/containers/hdds of  storage type : DISK and capacity : 1482555576320
2019-10-09 23:42:06,883 [main] INFO  volume.VolumeSet (VolumeSet.java:initializeVolumeSet(170)) - Added Volume : /workdir/hadoop-ozone/integration-test/target/test-dir/MiniOzoneClusterImpl-8b6ca641-6d7f-4583-914a-a0f78aea40f0/datanode-2/data/containers/hdds to VolumeSet
2019-10-09 23:42:06,883 [main] INFO  volume.ThrottledAsyncChecker (ThrottledAsyncChecker.java:schedule(141)) - Scheduling a check for org.apache.hadoop.ozone.container.common.volume.HddsVolume@2c8b8de0
2019-10-09 23:42:06,883 [main] INFO  volume.HddsVolumeChecker (HddsVolumeChecker.java:checkAllVolumes(204)) - Scheduled health check for volume org.apache.hadoop.ozone.container.common.volume.HddsVolume@2c8b8de0
2019-10-09 23:42:06,896 [main] INFO  impl.RaftServerProxy (ConfUtils.java:logGet(43)) - raft.rpc.type = GRPC (default)
2019-10-09 23:42:06,896 [main] INFO  grpc.GrpcFactory (GrpcFactory.java:checkPooledByteBufAllocatorUseCacheForAllThreads(45)) - PERFORMANCE WARNING: useCacheForAllThreads is true that may cause Netty to create a lot garbage objects and, as a result, trigger GC.
	It is recommended to disable useCacheForAllThreads by setting -Dorg.apache.ratis.thirdparty.io.netty.allocator.useCacheForAllThreads=false in command line.
2019-10-09 23:42:06,896 [main] INFO  grpc.GrpcConfigKeys$Server (ConfUtils.java:logGet(43)) - raft.grpc.server.port = 0 (default)
2019-10-09 23:42:06,896 [main] INFO  server.GrpcService (ConfUtils.java:logGet(43)) - raft.grpc.message.size.max = 33570816 (custom)
2019-10-09 23:42:06,897 [main] INFO  server.RaftServerConfigKeys (ConfUtils.java:logGet(43)) - raft.server.log.appender.buffer.byte-limit = 33554432 (custom)
2019-10-09 23:42:06,897 [main] INFO  server.GrpcService (ConfUtils.java:logGet(43)) - raft.grpc.flow.control.window = 1MB (=1048576) (default)
2019-10-09 23:42:06,897 [main] INFO  server.RaftServerConfigKeys (ConfUtils.java:logGet(43)) - raft.server.rpc.request.timeout = 3000ms (default)
2019-10-09 23:42:06,897 [main] INFO  server.RaftServerConfigKeys (ConfUtils.java:logGet(43)) - raft.server.storage.dir = [/workdir/hadoop-ozone/integration-test/target/test-dir/MiniOzoneClusterImpl-8b6ca641-6d7f-4583-914a-a0f78aea40f0/datanode-2/data/ratis] (custom)
2019-10-09 23:42:06,898 [main] INFO  hdfs.DFSUtil (DFSUtil.java:httpServerTemplateForNNAndJN(1641)) - Starting Web-server for hddsDatanode at: http://0.0.0.0:0
2019-10-09 23:42:06,899 [main] INFO  server.AuthenticationFilter (AuthenticationFilter.java:constructSecretProvider(240)) - Unable to initialize FileSignerSecretProvider, falling back to use random secrets.
2019-10-09 23:42:06,900 [main] WARN  http.HttpRequestLog (HttpRequestLog.java:getRequestLog(97)) - Jetty request log can only be enabled using Log4j
2019-10-09 23:42:06,901 [main] INFO  http.HttpServer2 (HttpServer2.java:addGlobalFilter(975)) - Added global filter 'safety' (class=org.apache.hadoop.http.HttpServer2$QuotingInputFilter)
2019-10-09 23:42:06,901 [main] INFO  http.HttpServer2 (HttpServer2.java:addFilter(948)) - Added filter static_user_filter (class=org.apache.hadoop.http.lib.StaticUserWebFilter$StaticUserFilter) to context hddsDatanode
2019-10-09 23:42:06,901 [main] INFO  http.HttpServer2 (HttpServer2.java:addFilter(958)) - Added filter static_user_filter (class=org.apache.hadoop.http.lib.StaticUserWebFilter$StaticUserFilter) to context static
2019-10-09 23:42:06,902 [main] INFO  http.HttpServer2 (HttpServer2.java:addFilter(958)) - Added filter static_user_filter (class=org.apache.hadoop.http.lib.StaticUserWebFilter$StaticUserFilter) to context logs
2019-10-09 23:42:06,902 [main] INFO  http.HttpServer2 (HttpServer2.java:bindListener(1191)) - Jetty bound to port 36395
2019-10-09 23:42:06,903 [main] INFO  server.Server (Server.java:doStart(351)) - jetty-9.3.25.v20180904, build timestamp: 2018-09-04T21:11:46Z, git hash: 3ce520221d0240229c862b122d2b06c12a625732
2019-10-09 23:42:06,904 [main] INFO  handler.ContextHandler (ContextHandler.java:doStart(781)) - Started o.e.j.s.ServletContextHandler@78116659{/logs,file:///workdir/hadoop-ozone/integration-test/target/log,AVAILABLE}
2019-10-09 23:42:06,905 [main] INFO  handler.ContextHandler (ContextHandler.java:doStart(781)) - Started o.e.j.s.ServletContextHandler@53ea380b{/static,jar:file:/home/user/.m2/repository/org/apache/hadoop/hadoop-hdds-container-service/0.5.0-SNAPSHOT/hadoop-hdds-container-service-0.5.0-SNAPSHOT.jar!/webapps/static,AVAILABLE}
2019-10-09 23:42:06,932 [main] INFO  handler.ContextHandler (ContextHandler.java:doStart(781)) - Started o.e.j.w.WebAppContext@56fda064{/,file:///tmp/jetty-0.0.0.0-36395-hddsDatanode-_-any-7813631015599140057.dir/webapp/,AVAILABLE}{/hddsDatanode}
2019-10-09 23:42:06,933 [main] INFO  server.AbstractConnector (AbstractConnector.java:doStart(278)) - Started ServerConnector@6cdee57{HTTP/1.1,[http/1.1]}{0.0.0.0:36395}
2019-10-09 23:42:06,933 [main] INFO  server.Server (Server.java:doStart(419)) - Started @587707ms
2019-10-09 23:42:06,934 [main] WARN  impl.MetricsSystemImpl (MetricsSystemImpl.java:register(276)) - Sink prometheus already exists!
2019-10-09 23:42:06,935 [main] INFO  server.BaseHttpServer (BaseHttpServer.java:updateConnectorAddress(215)) - HTTP server of HDDSDATANODE is listening at http://0.0.0.0:36395
2019-10-09 23:42:06,935 [main] INFO  impl.MetricsSystemImpl (MetricsSystemImpl.java:init(158)) - HddsDatanode metrics system started (again)
2019-10-09 23:42:06,940 [org.apache.hadoop.util.JvmPauseMonitor$Monitor@3553760] INFO  util.JvmPauseMonitor (JvmPauseMonitor.java:run(188)) - Starting JVM pause monitor
2019-10-09 23:42:06,940 [main] INFO  ozone.HddsDatanodeService (HddsDatanodeService.java:start(184)) - HddsDatanodeService host:pr-hdds-2194-ks6jj-815731239 ip:192.168.151.98
2019-10-09 23:42:06,941 [Datanode State Machine Thread - 0] INFO  datanode.InitDatanodeState (InitDatanodeState.java:persistContainerDatanodeDetails(140)) - DatanodeDetails is persisted to /workdir/hadoop-ozone/integration-test/target/test-dir/MiniOzoneClusterImpl-8b6ca641-6d7f-4583-914a-a0f78aea40f0/datanode-2/meta/datanode.id
2019-10-09 23:42:06,946 [main] INFO  volume.HddsVolume (HddsVolume.java:<init>(176)) - Creating Volume: /workdir/hadoop-ozone/integration-test/target/test-dir/MiniOzoneClusterImpl-8b6ca641-6d7f-4583-914a-a0f78aea40f0/datanode-3/data/containers/hdds of  storage type : DISK and capacity : 1482555576320
2019-10-09 23:42:06,947 [main] INFO  volume.VolumeSet (VolumeSet.java:initializeVolumeSet(170)) - Added Volume : /workdir/hadoop-ozone/integration-test/target/test-dir/MiniOzoneClusterImpl-8b6ca641-6d7f-4583-914a-a0f78aea40f0/datanode-3/data/containers/hdds to VolumeSet
2019-10-09 23:42:06,947 [main] INFO  volume.ThrottledAsyncChecker (ThrottledAsyncChecker.java:schedule(141)) - Scheduling a check for org.apache.hadoop.ozone.container.common.volume.HddsVolume@27ab206
2019-10-09 23:42:06,947 [main] INFO  volume.HddsVolumeChecker (HddsVolumeChecker.java:checkAllVolumes(204)) - Scheduled health check for volume org.apache.hadoop.ozone.container.common.volume.HddsVolume@27ab206
2019-10-09 23:42:06,961 [main] INFO  impl.RaftServerProxy (ConfUtils.java:logGet(43)) - raft.rpc.type = GRPC (default)
2019-10-09 23:42:06,961 [main] INFO  grpc.GrpcFactory (GrpcFactory.java:checkPooledByteBufAllocatorUseCacheForAllThreads(45)) - PERFORMANCE WARNING: useCacheForAllThreads is true that may cause Netty to create a lot garbage objects and, as a result, trigger GC.
	It is recommended to disable useCacheForAllThreads by setting -Dorg.apache.ratis.thirdparty.io.netty.allocator.useCacheForAllThreads=false in command line.
2019-10-09 23:42:06,962 [main] INFO  grpc.GrpcConfigKeys$Server (ConfUtils.java:logGet(43)) - raft.grpc.server.port = 0 (default)
2019-10-09 23:42:06,962 [main] INFO  server.GrpcService (ConfUtils.java:logGet(43)) - raft.grpc.message.size.max = 33570816 (custom)
2019-10-09 23:42:06,962 [main] INFO  server.RaftServerConfigKeys (ConfUtils.java:logGet(43)) - raft.server.log.appender.buffer.byte-limit = 33554432 (custom)
2019-10-09 23:42:06,962 [main] INFO  server.GrpcService (ConfUtils.java:logGet(43)) - raft.grpc.flow.control.window = 1MB (=1048576) (default)
2019-10-09 23:42:06,962 [main] INFO  server.RaftServerConfigKeys (ConfUtils.java:logGet(43)) - raft.server.rpc.request.timeout = 3000ms (default)
2019-10-09 23:42:06,963 [main] INFO  server.RaftServerConfigKeys (ConfUtils.java:logGet(43)) - raft.server.storage.dir = [/workdir/hadoop-ozone/integration-test/target/test-dir/MiniOzoneClusterImpl-8b6ca641-6d7f-4583-914a-a0f78aea40f0/datanode-3/data/ratis] (custom)
2019-10-09 23:42:06,964 [main] INFO  hdfs.DFSUtil (DFSUtil.java:httpServerTemplateForNNAndJN(1641)) - Starting Web-server for hddsDatanode at: http://0.0.0.0:0
2019-10-09 23:42:06,965 [main] INFO  server.AuthenticationFilter (AuthenticationFilter.java:constructSecretProvider(240)) - Unable to initialize FileSignerSecretProvider, falling back to use random secrets.
2019-10-09 23:42:06,965 [main] WARN  http.HttpRequestLog (HttpRequestLog.java:getRequestLog(97)) - Jetty request log can only be enabled using Log4j
2019-10-09 23:42:06,966 [main] INFO  http.HttpServer2 (HttpServer2.java:addGlobalFilter(975)) - Added global filter 'safety' (class=org.apache.hadoop.http.HttpServer2$QuotingInputFilter)
2019-10-09 23:42:06,966 [main] INFO  http.HttpServer2 (HttpServer2.java:addFilter(948)) - Added filter static_user_filter (class=org.apache.hadoop.http.lib.StaticUserWebFilter$StaticUserFilter) to context hddsDatanode
2019-10-09 23:42:06,967 [main] INFO  http.HttpServer2 (HttpServer2.java:addFilter(958)) - Added filter static_user_filter (class=org.apache.hadoop.http.lib.StaticUserWebFilter$StaticUserFilter) to context static
2019-10-09 23:42:06,967 [main] INFO  http.HttpServer2 (HttpServer2.java:addFilter(958)) - Added filter static_user_filter (class=org.apache.hadoop.http.lib.StaticUserWebFilter$StaticUserFilter) to context logs
2019-10-09 23:42:06,967 [main] INFO  http.HttpServer2 (HttpServer2.java:bindListener(1191)) - Jetty bound to port 41104
2019-10-09 23:42:06,967 [main] INFO  server.Server (Server.java:doStart(351)) - jetty-9.3.25.v20180904, build timestamp: 2018-09-04T21:11:46Z, git hash: 3ce520221d0240229c862b122d2b06c12a625732
2019-10-09 23:42:06,969 [main] INFO  handler.ContextHandler (ContextHandler.java:doStart(781)) - Started o.e.j.s.ServletContextHandler@18a98913{/logs,file:///workdir/hadoop-ozone/integration-test/target/log,AVAILABLE}
2019-10-09 23:42:06,969 [main] INFO  handler.ContextHandler (ContextHandler.java:doStart(781)) - Started o.e.j.s.ServletContextHandler@34f7b44f{/static,jar:file:/home/user/.m2/repository/org/apache/hadoop/hadoop-hdds-container-service/0.5.0-SNAPSHOT/hadoop-hdds-container-service-0.5.0-SNAPSHOT.jar!/webapps/static,AVAILABLE}
2019-10-09 23:42:06,996 [main] INFO  handler.ContextHandler (ContextHandler.java:doStart(781)) - Started o.e.j.w.WebAppContext@2e0ad709{/,file:///tmp/jetty-0.0.0.0-41104-hddsDatanode-_-any-2895483726380796376.dir/webapp/,AVAILABLE}{/hddsDatanode}
2019-10-09 23:42:06,997 [main] INFO  server.AbstractConnector (AbstractConnector.java:doStart(278)) - Started ServerConnector@1fe8f5e8{HTTP/1.1,[http/1.1]}{0.0.0.0:41104}
2019-10-09 23:42:06,997 [main] INFO  server.Server (Server.java:doStart(419)) - Started @587771ms
2019-10-09 23:42:06,998 [main] WARN  impl.MetricsSystemImpl (MetricsSystemImpl.java:register(276)) - Sink prometheus already exists!
2019-10-09 23:42:06,999 [main] INFO  server.BaseHttpServer (BaseHttpServer.java:updateConnectorAddress(215)) - HTTP server of HDDSDATANODE is listening at http://0.0.0.0:41104
2019-10-09 23:42:06,999 [main] INFO  impl.MetricsSystemImpl (MetricsSystemImpl.java:init(158)) - HddsDatanode metrics system started (again)
2019-10-09 23:42:07,004 [org.apache.hadoop.util.JvmPauseMonitor$Monitor@6069e8aa] INFO  util.JvmPauseMonitor (JvmPauseMonitor.java:run(188)) - Starting JVM pause monitor
2019-10-09 23:42:07,004 [main] INFO  ozone.HddsDatanodeService (HddsDatanodeService.java:start(184)) - HddsDatanodeService host:pr-hdds-2194-ks6jj-815731239 ip:192.168.151.98
2019-10-09 23:42:07,005 [Datanode State Machine Thread - 0] INFO  datanode.InitDatanodeState (InitDatanodeState.java:persistContainerDatanodeDetails(140)) - DatanodeDetails is persisted to /workdir/hadoop-ozone/integration-test/target/test-dir/MiniOzoneClusterImpl-8b6ca641-6d7f-4583-914a-a0f78aea40f0/datanode-3/meta/datanode.id
2019-10-09 23:42:07,010 [main] INFO  volume.HddsVolume (HddsVolume.java:<init>(176)) - Creating Volume: /workdir/hadoop-ozone/integration-test/target/test-dir/MiniOzoneClusterImpl-8b6ca641-6d7f-4583-914a-a0f78aea40f0/datanode-4/data/containers/hdds of  storage type : DISK and capacity : 1482555576320
2019-10-09 23:42:07,011 [main] INFO  volume.VolumeSet (VolumeSet.java:initializeVolumeSet(170)) - Added Volume : /workdir/hadoop-ozone/integration-test/target/test-dir/MiniOzoneClusterImpl-8b6ca641-6d7f-4583-914a-a0f78aea40f0/datanode-4/data/containers/hdds to VolumeSet
2019-10-09 23:42:07,011 [main] INFO  volume.ThrottledAsyncChecker (ThrottledAsyncChecker.java:schedule(141)) - Scheduling a check for org.apache.hadoop.ozone.container.common.volume.HddsVolume@54ccb3
2019-10-09 23:42:07,011 [main] INFO  volume.HddsVolumeChecker (HddsVolumeChecker.java:checkAllVolumes(204)) - Scheduled health check for volume org.apache.hadoop.ozone.container.common.volume.HddsVolume@54ccb3
2019-10-09 23:42:07,024 [main] INFO  impl.RaftServerProxy (ConfUtils.java:logGet(43)) - raft.rpc.type = GRPC (default)
2019-10-09 23:42:07,025 [main] INFO  grpc.GrpcFactory (GrpcFactory.java:checkPooledByteBufAllocatorUseCacheForAllThreads(45)) - PERFORMANCE WARNING: useCacheForAllThreads is true that may cause Netty to create a lot garbage objects and, as a result, trigger GC.
	It is recommended to disable useCacheForAllThreads by setting -Dorg.apache.ratis.thirdparty.io.netty.allocator.useCacheForAllThreads=false in command line.
2019-10-09 23:42:07,025 [main] INFO  grpc.GrpcConfigKeys$Server (ConfUtils.java:logGet(43)) - raft.grpc.server.port = 0 (default)
2019-10-09 23:42:07,025 [main] INFO  server.GrpcService (ConfUtils.java:logGet(43)) - raft.grpc.message.size.max = 33570816 (custom)
2019-10-09 23:42:07,025 [main] INFO  server.RaftServerConfigKeys (ConfUtils.java:logGet(43)) - raft.server.log.appender.buffer.byte-limit = 33554432 (custom)
2019-10-09 23:42:07,025 [main] INFO  server.GrpcService (ConfUtils.java:logGet(43)) - raft.grpc.flow.control.window = 1MB (=1048576) (default)
2019-10-09 23:42:07,025 [main] INFO  server.RaftServerConfigKeys (ConfUtils.java:logGet(43)) - raft.server.rpc.request.timeout = 3000ms (default)
2019-10-09 23:42:07,026 [main] INFO  server.RaftServerConfigKeys (ConfUtils.java:logGet(43)) - raft.server.storage.dir = [/workdir/hadoop-ozone/integration-test/target/test-dir/MiniOzoneClusterImpl-8b6ca641-6d7f-4583-914a-a0f78aea40f0/datanode-4/data/ratis] (custom)
2019-10-09 23:42:07,027 [main] INFO  hdfs.DFSUtil (DFSUtil.java:httpServerTemplateForNNAndJN(1641)) - Starting Web-server for hddsDatanode at: http://0.0.0.0:0
2019-10-09 23:42:07,028 [main] INFO  server.AuthenticationFilter (AuthenticationFilter.java:constructSecretProvider(240)) - Unable to initialize FileSignerSecretProvider, falling back to use random secrets.
2019-10-09 23:42:07,028 [main] WARN  http.HttpRequestLog (HttpRequestLog.java:getRequestLog(97)) - Jetty request log can only be enabled using Log4j
2019-10-09 23:42:07,029 [main] INFO  http.HttpServer2 (HttpServer2.java:addGlobalFilter(975)) - Added global filter 'safety' (class=org.apache.hadoop.http.HttpServer2$QuotingInputFilter)
2019-10-09 23:42:07,029 [main] INFO  http.HttpServer2 (HttpServer2.java:addFilter(948)) - Added filter static_user_filter (class=org.apache.hadoop.http.lib.StaticUserWebFilter$StaticUserFilter) to context hddsDatanode
2019-10-09 23:42:07,030 [main] INFO  http.HttpServer2 (HttpServer2.java:addFilter(958)) - Added filter static_user_filter (class=org.apache.hadoop.http.lib.StaticUserWebFilter$StaticUserFilter) to context static
2019-10-09 23:42:07,030 [main] INFO  http.HttpServer2 (HttpServer2.java:addFilter(958)) - Added filter static_user_filter (class=org.apache.hadoop.http.lib.StaticUserWebFilter$StaticUserFilter) to context logs
2019-10-09 23:42:07,030 [main] INFO  http.HttpServer2 (HttpServer2.java:bindListener(1191)) - Jetty bound to port 38264
2019-10-09 23:42:07,030 [main] INFO  server.Server (Server.java:doStart(351)) - jetty-9.3.25.v20180904, build timestamp: 2018-09-04T21:11:46Z, git hash: 3ce520221d0240229c862b122d2b06c12a625732
2019-10-09 23:42:07,032 [main] INFO  handler.ContextHandler (ContextHandler.java:doStart(781)) - Started o.e.j.s.ServletContextHandler@4faf1f4{/logs,file:///workdir/hadoop-ozone/integration-test/target/log,AVAILABLE}
2019-10-09 23:42:07,032 [main] INFO  handler.ContextHandler (ContextHandler.java:doStart(781)) - Started o.e.j.s.ServletContextHandler@7f2b584b{/static,jar:file:/home/user/.m2/repository/org/apache/hadoop/hadoop-hdds-container-service/0.5.0-SNAPSHOT/hadoop-hdds-container-service-0.5.0-SNAPSHOT.jar!/webapps/static,AVAILABLE}
2019-10-09 23:42:07,060 [main] INFO  handler.ContextHandler (ContextHandler.java:doStart(781)) - Started o.e.j.w.WebAppContext@79cb8ffa{/,file:///tmp/jetty-0.0.0.0-38264-hddsDatanode-_-any-1160667381047391064.dir/webapp/,AVAILABLE}{/hddsDatanode}
2019-10-09 23:42:07,061 [main] INFO  server.AbstractConnector (AbstractConnector.java:doStart(278)) - Started ServerConnector@1a2e563e{HTTP/1.1,[http/1.1]}{0.0.0.0:38264}
2019-10-09 23:42:07,061 [main] INFO  server.Server (Server.java:doStart(419)) - Started @587835ms
2019-10-09 23:42:07,062 [main] WARN  impl.MetricsSystemImpl (MetricsSystemImpl.java:register(276)) - Sink prometheus already exists!
2019-10-09 23:42:07,063 [main] INFO  server.BaseHttpServer (BaseHttpServer.java:updateConnectorAddress(215)) - HTTP server of HDDSDATANODE is listening at http://0.0.0.0:38264
2019-10-09 23:42:07,063 [main] INFO  impl.MetricsSystemImpl (MetricsSystemImpl.java:init(158)) - HddsDatanode metrics system started (again)
2019-10-09 23:42:07,069 [org.apache.hadoop.util.JvmPauseMonitor$Monitor@2653fd86] INFO  util.JvmPauseMonitor (JvmPauseMonitor.java:run(188)) - Starting JVM pause monitor
2019-10-09 23:42:07,069 [main] INFO  ozone.HddsDatanodeService (HddsDatanodeService.java:start(184)) - HddsDatanodeService host:pr-hdds-2194-ks6jj-815731239 ip:192.168.151.98
2019-10-09 23:42:07,070 [Datanode State Machine Thread - 0] INFO  datanode.InitDatanodeState (InitDatanodeState.java:persistContainerDatanodeDetails(140)) - DatanodeDetails is persisted to /workdir/hadoop-ozone/integration-test/target/test-dir/MiniOzoneClusterImpl-8b6ca641-6d7f-4583-914a-a0f78aea40f0/datanode-4/meta/datanode.id
2019-10-09 23:42:07,075 [main] INFO  volume.HddsVolume (HddsVolume.java:<init>(176)) - Creating Volume: /workdir/hadoop-ozone/integration-test/target/test-dir/MiniOzoneClusterImpl-8b6ca641-6d7f-4583-914a-a0f78aea40f0/datanode-5/data/containers/hdds of  storage type : DISK and capacity : 1482555576320
2019-10-09 23:42:07,075 [main] INFO  volume.VolumeSet (VolumeSet.java:initializeVolumeSet(170)) - Added Volume : /workdir/hadoop-ozone/integration-test/target/test-dir/MiniOzoneClusterImpl-8b6ca641-6d7f-4583-914a-a0f78aea40f0/datanode-5/data/containers/hdds to VolumeSet
2019-10-09 23:42:07,075 [main] INFO  volume.ThrottledAsyncChecker (ThrottledAsyncChecker.java:schedule(141)) - Scheduling a check for org.apache.hadoop.ozone.container.common.volume.HddsVolume@aa1bb14
2019-10-09 23:42:07,076 [main] INFO  volume.HddsVolumeChecker (HddsVolumeChecker.java:checkAllVolumes(204)) - Scheduled health check for volume org.apache.hadoop.ozone.container.common.volume.HddsVolume@aa1bb14
2019-10-09 23:42:07,091 [main] INFO  impl.RaftServerProxy (ConfUtils.java:logGet(43)) - raft.rpc.type = GRPC (default)
2019-10-09 23:42:07,092 [main] INFO  grpc.GrpcFactory (GrpcFactory.java:checkPooledByteBufAllocatorUseCacheForAllThreads(45)) - PERFORMANCE WARNING: useCacheForAllThreads is true that may cause Netty to create a lot garbage objects and, as a result, trigger GC.
	It is recommended to disable useCacheForAllThreads by setting -Dorg.apache.ratis.thirdparty.io.netty.allocator.useCacheForAllThreads=false in command line.
2019-10-09 23:42:07,092 [main] INFO  grpc.GrpcConfigKeys$Server (ConfUtils.java:logGet(43)) - raft.grpc.server.port = 0 (default)
2019-10-09 23:42:07,092 [main] INFO  server.GrpcService (ConfUtils.java:logGet(43)) - raft.grpc.message.size.max = 33570816 (custom)
2019-10-09 23:42:07,092 [main] INFO  server.RaftServerConfigKeys (ConfUtils.java:logGet(43)) - raft.server.log.appender.buffer.byte-limit = 33554432 (custom)
2019-10-09 23:42:07,093 [main] INFO  server.GrpcService (ConfUtils.java:logGet(43)) - raft.grpc.flow.control.window = 1MB (=1048576) (default)
2019-10-09 23:42:07,093 [main] INFO  server.RaftServerConfigKeys (ConfUtils.java:logGet(43)) - raft.server.rpc.request.timeout = 3000ms (default)
2019-10-09 23:42:07,094 [main] INFO  server.RaftServerConfigKeys (ConfUtils.java:logGet(43)) - raft.server.storage.dir = [/workdir/hadoop-ozone/integration-test/target/test-dir/MiniOzoneClusterImpl-8b6ca641-6d7f-4583-914a-a0f78aea40f0/datanode-5/data/ratis] (custom)
2019-10-09 23:42:07,095 [main] INFO  hdfs.DFSUtil (DFSUtil.java:httpServerTemplateForNNAndJN(1641)) - Starting Web-server for hddsDatanode at: http://0.0.0.0:0
2019-10-09 23:42:07,096 [main] INFO  server.AuthenticationFilter (AuthenticationFilter.java:constructSecretProvider(240)) - Unable to initialize FileSignerSecretProvider, falling back to use random secrets.
2019-10-09 23:42:07,096 [main] WARN  http.HttpRequestLog (HttpRequestLog.java:getRequestLog(97)) - Jetty request log can only be enabled using Log4j
2019-10-09 23:42:07,097 [main] INFO  http.HttpServer2 (HttpServer2.java:addGlobalFilter(975)) - Added global filter 'safety' (class=org.apache.hadoop.http.HttpServer2$QuotingInputFilter)
2019-10-09 23:42:07,098 [main] INFO  http.HttpServer2 (HttpServer2.java:addFilter(948)) - Added filter static_user_filter (class=org.apache.hadoop.http.lib.StaticUserWebFilter$StaticUserFilter) to context hddsDatanode
2019-10-09 23:42:07,098 [main] INFO  http.HttpServer2 (HttpServer2.java:addFilter(958)) - Added filter static_user_filter (class=org.apache.hadoop.http.lib.StaticUserWebFilter$StaticUserFilter) to context logs
2019-10-09 23:42:07,098 [main] INFO  http.HttpServer2 (HttpServer2.java:addFilter(958)) - Added filter static_user_filter (class=org.apache.hadoop.http.lib.StaticUserWebFilter$StaticUserFilter) to context static
2019-10-09 23:42:07,099 [main] INFO  http.HttpServer2 (HttpServer2.java:bindListener(1191)) - Jetty bound to port 37043
2019-10-09 23:42:07,099 [main] INFO  server.Server (Server.java:doStart(351)) - jetty-9.3.25.v20180904, build timestamp: 2018-09-04T21:11:46Z, git hash: 3ce520221d0240229c862b122d2b06c12a625732
2019-10-09 23:42:07,100 [main] INFO  handler.ContextHandler (ContextHandler.java:doStart(781)) - Started o.e.j.s.ServletContextHandler@615439f7{/logs,file:///workdir/hadoop-ozone/integration-test/target/log,AVAILABLE}
2019-10-09 23:42:07,101 [main] INFO  handler.ContextHandler (ContextHandler.java:doStart(781)) - Started o.e.j.s.ServletContextHandler@51b87df7{/static,jar:file:/home/user/.m2/repository/org/apache/hadoop/hadoop-hdds-container-service/0.5.0-SNAPSHOT/hadoop-hdds-container-service-0.5.0-SNAPSHOT.jar!/webapps/static,AVAILABLE}
2019-10-09 23:42:07,128 [main] INFO  handler.ContextHandler (ContextHandler.java:doStart(781)) - Started o.e.j.w.WebAppContext@31881aa2{/,file:///tmp/jetty-0.0.0.0-37043-hddsDatanode-_-any-6906339615880160926.dir/webapp/,AVAILABLE}{/hddsDatanode}
2019-10-09 23:42:07,128 [main] INFO  server.AbstractConnector (AbstractConnector.java:doStart(278)) - Started ServerConnector@1b46392c{HTTP/1.1,[http/1.1]}{0.0.0.0:37043}
2019-10-09 23:42:07,129 [main] INFO  server.Server (Server.java:doStart(419)) - Started @587903ms
2019-10-09 23:42:07,131 [main] WARN  impl.MetricsSystemImpl (MetricsSystemImpl.java:register(276)) - Sink prometheus already exists!
2019-10-09 23:42:07,131 [main] INFO  server.BaseHttpServer (BaseHttpServer.java:updateConnectorAddress(215)) - HTTP server of HDDSDATANODE is listening at http://0.0.0.0:37043
2019-10-09 23:42:07,132 [main] INFO  impl.MetricsSystemImpl (MetricsSystemImpl.java:init(158)) - HddsDatanode metrics system started (again)
2019-10-09 23:42:07,137 [org.apache.hadoop.util.JvmPauseMonitor$Monitor@496e3c64] INFO  util.JvmPauseMonitor (JvmPauseMonitor.java:run(188)) - Starting JVM pause monitor
2019-10-09 23:42:07,138 [main] INFO  ozone.HddsDatanodeService (HddsDatanodeService.java:start(184)) - HddsDatanodeService host:pr-hdds-2194-ks6jj-815731239 ip:192.168.151.98
2019-10-09 23:42:07,138 [Datanode State Machine Thread - 0] INFO  datanode.InitDatanodeState (InitDatanodeState.java:persistContainerDatanodeDetails(140)) - DatanodeDetails is persisted to /workdir/hadoop-ozone/integration-test/target/test-dir/MiniOzoneClusterImpl-8b6ca641-6d7f-4583-914a-a0f78aea40f0/datanode-5/meta/datanode.id
2019-10-09 23:42:07,144 [main] INFO  volume.HddsVolume (HddsVolume.java:<init>(176)) - Creating Volume: /workdir/hadoop-ozone/integration-test/target/test-dir/MiniOzoneClusterImpl-8b6ca641-6d7f-4583-914a-a0f78aea40f0/datanode-6/data/containers/hdds of  storage type : DISK and capacity : 1482555576320
2019-10-09 23:42:07,144 [main] INFO  volume.VolumeSet (VolumeSet.java:initializeVolumeSet(170)) - Added Volume : /workdir/hadoop-ozone/integration-test/target/test-dir/MiniOzoneClusterImpl-8b6ca641-6d7f-4583-914a-a0f78aea40f0/datanode-6/data/containers/hdds to VolumeSet
2019-10-09 23:42:07,145 [main] INFO  volume.ThrottledAsyncChecker (ThrottledAsyncChecker.java:schedule(141)) - Scheduling a check for org.apache.hadoop.ozone.container.common.volume.HddsVolume@36510e73
2019-10-09 23:42:07,145 [main] INFO  volume.HddsVolumeChecker (HddsVolumeChecker.java:checkAllVolumes(204)) - Scheduled health check for volume org.apache.hadoop.ozone.container.common.volume.HddsVolume@36510e73
2019-10-09 23:42:07,160 [main] INFO  impl.RaftServerProxy (ConfUtils.java:logGet(43)) - raft.rpc.type = GRPC (default)
2019-10-09 23:42:07,160 [main] INFO  grpc.GrpcFactory (GrpcFactory.java:checkPooledByteBufAllocatorUseCacheForAllThreads(45)) - PERFORMANCE WARNING: useCacheForAllThreads is true that may cause Netty to create a lot garbage objects and, as a result, trigger GC.
	It is recommended to disable useCacheForAllThreads by setting -Dorg.apache.ratis.thirdparty.io.netty.allocator.useCacheForAllThreads=false in command line.
2019-10-09 23:42:07,160 [main] INFO  grpc.GrpcConfigKeys$Server (ConfUtils.java:logGet(43)) - raft.grpc.server.port = 0 (default)
2019-10-09 23:42:07,160 [main] INFO  server.GrpcService (ConfUtils.java:logGet(43)) - raft.grpc.message.size.max = 33570816 (custom)
2019-10-09 23:42:07,161 [main] INFO  server.RaftServerConfigKeys (ConfUtils.java:logGet(43)) - raft.server.log.appender.buffer.byte-limit = 33554432 (custom)
2019-10-09 23:42:07,161 [main] INFO  server.GrpcService (ConfUtils.java:logGet(43)) - raft.grpc.flow.control.window = 1MB (=1048576) (default)
2019-10-09 23:42:07,161 [main] INFO  server.RaftServerConfigKeys (ConfUtils.java:logGet(43)) - raft.server.rpc.request.timeout = 3000ms (default)
2019-10-09 23:42:07,161 [main] INFO  server.RaftServerConfigKeys (ConfUtils.java:logGet(43)) - raft.server.storage.dir = [/workdir/hadoop-ozone/integration-test/target/test-dir/MiniOzoneClusterImpl-8b6ca641-6d7f-4583-914a-a0f78aea40f0/datanode-6/data/ratis] (custom)
2019-10-09 23:42:07,162 [main] INFO  hdfs.DFSUtil (DFSUtil.java:httpServerTemplateForNNAndJN(1641)) - Starting Web-server for hddsDatanode at: http://0.0.0.0:0
2019-10-09 23:42:07,163 [main] INFO  server.AuthenticationFilter (AuthenticationFilter.java:constructSecretProvider(240)) - Unable to initialize FileSignerSecretProvider, falling back to use random secrets.
2019-10-09 23:42:07,164 [main] WARN  http.HttpRequestLog (HttpRequestLog.java:getRequestLog(97)) - Jetty request log can only be enabled using Log4j
2019-10-09 23:42:07,165 [main] INFO  http.HttpServer2 (HttpServer2.java:addGlobalFilter(975)) - Added global filter 'safety' (class=org.apache.hadoop.http.HttpServer2$QuotingInputFilter)
2019-10-09 23:42:07,165 [main] INFO  http.HttpServer2 (HttpServer2.java:addFilter(948)) - Added filter static_user_filter (class=org.apache.hadoop.http.lib.StaticUserWebFilter$StaticUserFilter) to context hddsDatanode
2019-10-09 23:42:07,166 [main] INFO  http.HttpServer2 (HttpServer2.java:addFilter(958)) - Added filter static_user_filter (class=org.apache.hadoop.http.lib.StaticUserWebFilter$StaticUserFilter) to context static
2019-10-09 23:42:07,166 [main] INFO  http.HttpServer2 (HttpServer2.java:addFilter(958)) - Added filter static_user_filter (class=org.apache.hadoop.http.lib.StaticUserWebFilter$StaticUserFilter) to context logs
2019-10-09 23:42:07,166 [main] INFO  http.HttpServer2 (HttpServer2.java:bindListener(1191)) - Jetty bound to port 35948
2019-10-09 23:42:07,167 [main] INFO  server.Server (Server.java:doStart(351)) - jetty-9.3.25.v20180904, build timestamp: 2018-09-04T21:11:46Z, git hash: 3ce520221d0240229c862b122d2b06c12a625732
2019-10-09 23:42:07,168 [main] INFO  handler.ContextHandler (ContextHandler.java:doStart(781)) - Started o.e.j.s.ServletContextHandler@96abc76{/logs,file:///workdir/hadoop-ozone/integration-test/target/log,AVAILABLE}
2019-10-09 23:42:07,168 [main] INFO  handler.ContextHandler (ContextHandler.java:doStart(781)) - Started o.e.j.s.ServletContextHandler@437281c5{/static,jar:file:/home/user/.m2/repository/org/apache/hadoop/hadoop-hdds-container-service/0.5.0-SNAPSHOT/hadoop-hdds-container-service-0.5.0-SNAPSHOT.jar!/webapps/static,AVAILABLE}
2019-10-09 23:42:07,196 [main] INFO  handler.ContextHandler (ContextHandler.java:doStart(781)) - Started o.e.j.w.WebAppContext@103c97ff{/,file:///tmp/jetty-0.0.0.0-35948-hddsDatanode-_-any-4978662820648401048.dir/webapp/,AVAILABLE}{/hddsDatanode}
2019-10-09 23:42:07,196 [main] INFO  server.AbstractConnector (AbstractConnector.java:doStart(278)) - Started ServerConnector@7d25913{HTTP/1.1,[http/1.1]}{0.0.0.0:35948}
2019-10-09 23:42:07,197 [main] INFO  server.Server (Server.java:doStart(419)) - Started @587971ms
2019-10-09 23:42:07,203 [main] WARN  impl.MetricsSystemImpl (MetricsSystemImpl.java:register(276)) - Sink prometheus already exists!
2019-10-09 23:42:07,203 [main] INFO  server.BaseHttpServer (BaseHttpServer.java:updateConnectorAddress(215)) - HTTP server of HDDSDATANODE is listening at http://0.0.0.0:35948
2019-10-09 23:42:07,204 [main] INFO  ozone.MiniOzoneClusterImpl (MiniOzoneClusterImpl.java:lambda$waitForClusterToBeReady$0(147)) - Waiting for cluster to be ready. Got 0 of 7 DN Heartbeats.
2019-10-09 23:42:07,205 [org.apache.hadoop.util.JvmPauseMonitor$Monitor@53ec3214] INFO  util.JvmPauseMonitor (JvmPauseMonitor.java:run(188)) - Starting JVM pause monitor
2019-10-09 23:42:07,206 [Datanode State Machine Thread - 0] INFO  datanode.InitDatanodeState (InitDatanodeState.java:persistContainerDatanodeDetails(140)) - DatanodeDetails is persisted to /workdir/hadoop-ozone/integration-test/target/test-dir/MiniOzoneClusterImpl-8b6ca641-6d7f-4583-914a-a0f78aea40f0/datanode-6/meta/datanode.id
2019-10-09 23:42:08,204 [main] INFO  ozone.MiniOzoneClusterImpl (MiniOzoneClusterImpl.java:lambda$waitForClusterToBeReady$0(147)) - Waiting for cluster to be ready. Got 0 of 7 DN Heartbeats.
2019-10-09 23:42:08,838 [Datanode State Machine Thread - 0] INFO  ozoneimpl.OzoneContainer (OzoneContainer.java:start(213)) - Attempting to start container services.
2019-10-09 23:42:08,839 [Datanode State Machine Thread - 0] INFO  ozoneimpl.OzoneContainer (OzoneContainer.java:startContainerScrub(177)) - Background container scanner has been disabled.
2019-10-09 23:42:08,839 [Datanode State Machine Thread - 0] INFO  ratis.XceiverServerRatis (XceiverServerRatis.java:start(418)) - Starting XceiverServerRatis d136ae8b-688f-4f7c-93b0-c5cb447f1571 at port 0
2019-10-09 23:42:08,846 [Datanode State Machine Thread - 0] INFO  impl.RaftServerProxy (RaftServerProxy.java:lambda$start$3(299)) - d136ae8b-688f-4f7c-93b0-c5cb447f1571: start RPC server
2019-10-09 23:42:08,848 [Datanode State Machine Thread - 0] INFO  server.GrpcService (GrpcService.java:startImpl(158)) - d136ae8b-688f-4f7c-93b0-c5cb447f1571: GrpcService started, listening on 0.0.0.0/0.0.0.0:39657
2019-10-09 23:42:08,849 [Datanode State Machine Thread - 0] INFO  ratis.XceiverServerRatis (XceiverServerRatis.java:start(428)) - XceiverServerRatis d136ae8b-688f-4f7c-93b0-c5cb447f1571 is started using port 39657
2019-10-09 23:42:08,851 [Datanode State Machine Thread - 0] INFO  server.XceiverServerGrpc (XceiverServerGrpc.java:start(149)) - XceiverServerGrpc d136ae8b-688f-4f7c-93b0-c5cb447f1571 is started using port 36995
2019-10-09 23:42:08,892 [Datanode State Machine Thread - 0] INFO  ozoneimpl.OzoneContainer (OzoneContainer.java:start(213)) - Attempting to start container services.
2019-10-09 23:42:08,892 [Datanode State Machine Thread - 0] INFO  ozoneimpl.OzoneContainer (OzoneContainer.java:startContainerScrub(177)) - Background container scanner has been disabled.
2019-10-09 23:42:08,892 [Datanode State Machine Thread - 0] INFO  ratis.XceiverServerRatis (XceiverServerRatis.java:start(418)) - Starting XceiverServerRatis 8b64e72b-f692-4da6-8701-d8357aa19361 at port 0
2019-10-09 23:42:08,897 [Datanode State Machine Thread - 0] INFO  impl.RaftServerProxy (RaftServerProxy.java:lambda$start$3(299)) - 8b64e72b-f692-4da6-8701-d8357aa19361: start RPC server
2019-10-09 23:42:08,898 [Datanode State Machine Thread - 0] INFO  server.GrpcService (GrpcService.java:startImpl(158)) - 8b64e72b-f692-4da6-8701-d8357aa19361: GrpcService started, listening on 0.0.0.0/0.0.0.0:35165
2019-10-09 23:42:08,898 [Datanode State Machine Thread - 0] INFO  ratis.XceiverServerRatis (XceiverServerRatis.java:start(428)) - XceiverServerRatis 8b64e72b-f692-4da6-8701-d8357aa19361 is started using port 35165
2019-10-09 23:42:08,900 [Datanode State Machine Thread - 0] INFO  server.XceiverServerGrpc (XceiverServerGrpc.java:start(149)) - XceiverServerGrpc 8b64e72b-f692-4da6-8701-d8357aa19361 is started using port 45247
2019-10-09 23:42:08,953 [Datanode State Machine Thread - 0] INFO  ozoneimpl.OzoneContainer (OzoneContainer.java:start(213)) - Attempting to start container services.
2019-10-09 23:42:08,953 [Datanode State Machine Thread - 0] INFO  ozoneimpl.OzoneContainer (OzoneContainer.java:startContainerScrub(177)) - Background container scanner has been disabled.
2019-10-09 23:42:08,953 [Datanode State Machine Thread - 0] INFO  ratis.XceiverServerRatis (XceiverServerRatis.java:start(418)) - Starting XceiverServerRatis 9aa4720c-4ff1-4461-88d1-1a3f7075fdcd at port 0
2019-10-09 23:42:08,959 [Datanode State Machine Thread - 0] INFO  impl.RaftServerProxy (RaftServerProxy.java:lambda$start$3(299)) - 9aa4720c-4ff1-4461-88d1-1a3f7075fdcd: start RPC server
2019-10-09 23:42:08,961 [Datanode State Machine Thread - 0] INFO  server.GrpcService (GrpcService.java:startImpl(158)) - 9aa4720c-4ff1-4461-88d1-1a3f7075fdcd: GrpcService started, listening on 0.0.0.0/0.0.0.0:40006
2019-10-09 23:42:08,961 [Datanode State Machine Thread - 0] INFO  ratis.XceiverServerRatis (XceiverServerRatis.java:start(428)) - XceiverServerRatis 9aa4720c-4ff1-4461-88d1-1a3f7075fdcd is started using port 40006
2019-10-09 23:42:08,962 [Datanode State Machine Thread - 0] INFO  server.XceiverServerGrpc (XceiverServerGrpc.java:start(149)) - XceiverServerGrpc 9aa4720c-4ff1-4461-88d1-1a3f7075fdcd is started using port 35324
2019-10-09 23:42:09,017 [Datanode State Machine Thread - 0] INFO  ozoneimpl.OzoneContainer (OzoneContainer.java:start(213)) - Attempting to start container services.
2019-10-09 23:42:09,017 [Datanode State Machine Thread - 0] INFO  ozoneimpl.OzoneContainer (OzoneContainer.java:startContainerScrub(177)) - Background container scanner has been disabled.
2019-10-09 23:42:09,018 [Datanode State Machine Thread - 0] INFO  ratis.XceiverServerRatis (XceiverServerRatis.java:start(418)) - Starting XceiverServerRatis 048ed862-969d-4a53-9065-988fa7882172 at port 0
2019-10-09 23:42:09,024 [Datanode State Machine Thread - 0] INFO  impl.RaftServerProxy (RaftServerProxy.java:lambda$start$3(299)) - 048ed862-969d-4a53-9065-988fa7882172: start RPC server
2019-10-09 23:42:09,035 [Datanode State Machine Thread - 0] INFO  server.GrpcService (GrpcService.java:startImpl(158)) - 048ed862-969d-4a53-9065-988fa7882172: GrpcService started, listening on 0.0.0.0/0.0.0.0:42040
2019-10-09 23:42:09,035 [Datanode State Machine Thread - 0] INFO  ratis.XceiverServerRatis (XceiverServerRatis.java:start(428)) - XceiverServerRatis 048ed862-969d-4a53-9065-988fa7882172 is started using port 42040
2019-10-09 23:42:09,035 [Datanode State Machine Thread - 0] INFO  server.XceiverServerGrpc (XceiverServerGrpc.java:start(149)) - XceiverServerGrpc 048ed862-969d-4a53-9065-988fa7882172 is started using port 37392
2019-10-09 23:42:09,082 [Datanode State Machine Thread - 0] INFO  ozoneimpl.OzoneContainer (OzoneContainer.java:start(213)) - Attempting to start container services.
2019-10-09 23:42:09,082 [Datanode State Machine Thread - 0] INFO  ozoneimpl.OzoneContainer (OzoneContainer.java:startContainerScrub(177)) - Background container scanner has been disabled.
2019-10-09 23:42:09,082 [Datanode State Machine Thread - 0] INFO  ratis.XceiverServerRatis (XceiverServerRatis.java:start(418)) - Starting XceiverServerRatis db0f9e5f-40c7-432b-82eb-2896485fae3f at port 0
2019-10-09 23:42:09,091 [Datanode State Machine Thread - 0] INFO  impl.RaftServerProxy (RaftServerProxy.java:lambda$start$3(299)) - db0f9e5f-40c7-432b-82eb-2896485fae3f: start RPC server
2019-10-09 23:42:09,094 [Datanode State Machine Thread - 0] INFO  server.GrpcService (GrpcService.java:startImpl(158)) - db0f9e5f-40c7-432b-82eb-2896485fae3f: GrpcService started, listening on 0.0.0.0/0.0.0.0:33436
2019-10-09 23:42:09,094 [Datanode State Machine Thread - 0] INFO  ratis.XceiverServerRatis (XceiverServerRatis.java:start(428)) - XceiverServerRatis db0f9e5f-40c7-432b-82eb-2896485fae3f is started using port 33436
2019-10-09 23:42:09,097 [Datanode State Machine Thread - 0] INFO  server.XceiverServerGrpc (XceiverServerGrpc.java:start(149)) - XceiverServerGrpc db0f9e5f-40c7-432b-82eb-2896485fae3f is started using port 40921
2019-10-09 23:42:09,151 [Datanode State Machine Thread - 0] INFO  ozoneimpl.OzoneContainer (OzoneContainer.java:start(213)) - Attempting to start container services.
2019-10-09 23:42:09,151 [Datanode State Machine Thread - 0] INFO  ozoneimpl.OzoneContainer (OzoneContainer.java:startContainerScrub(177)) - Background container scanner has been disabled.
2019-10-09 23:42:09,151 [Datanode State Machine Thread - 0] INFO  ratis.XceiverServerRatis (XceiverServerRatis.java:start(418)) - Starting XceiverServerRatis 347733b7-3083-402e-906e-121f5d9a8d9c at port 0
2019-10-09 23:42:09,156 [Datanode State Machine Thread - 0] INFO  impl.RaftServerProxy (RaftServerProxy.java:lambda$start$3(299)) - 347733b7-3083-402e-906e-121f5d9a8d9c: start RPC server
2019-10-09 23:42:09,160 [Datanode State Machine Thread - 0] INFO  server.GrpcService (GrpcService.java:startImpl(158)) - 347733b7-3083-402e-906e-121f5d9a8d9c: GrpcService started, listening on 0.0.0.0/0.0.0.0:34194
2019-10-09 23:42:09,160 [Datanode State Machine Thread - 0] INFO  ratis.XceiverServerRatis (XceiverServerRatis.java:start(428)) - XceiverServerRatis 347733b7-3083-402e-906e-121f5d9a8d9c is started using port 34194
2019-10-09 23:42:09,160 [Datanode State Machine Thread - 0] INFO  server.XceiverServerGrpc (XceiverServerGrpc.java:start(149)) - XceiverServerGrpc 347733b7-3083-402e-906e-121f5d9a8d9c is started using port 46786
2019-10-09 23:42:09,205 [main] INFO  ozone.MiniOzoneClusterImpl (MiniOzoneClusterImpl.java:lambda$waitForClusterToBeReady$0(147)) - Waiting for cluster to be ready. Got 0 of 7 DN Heartbeats.
2019-10-09 23:42:09,219 [Datanode State Machine Thread - 0] INFO  ozoneimpl.OzoneContainer (OzoneContainer.java:start(213)) - Attempting to start container services.
2019-10-09 23:42:09,219 [Datanode State Machine Thread - 0] INFO  ozoneimpl.OzoneContainer (OzoneContainer.java:startContainerScrub(177)) - Background container scanner has been disabled.
2019-10-09 23:42:09,219 [Datanode State Machine Thread - 0] INFO  ratis.XceiverServerRatis (XceiverServerRatis.java:start(418)) - Starting XceiverServerRatis 2fa37604-7db0-4e2a-bcef-caac287edc99 at port 0
2019-10-09 23:42:09,226 [Datanode State Machine Thread - 0] INFO  impl.RaftServerProxy (RaftServerProxy.java:lambda$start$3(299)) - 2fa37604-7db0-4e2a-bcef-caac287edc99: start RPC server
2019-10-09 23:42:09,226 [Datanode State Machine Thread - 0] INFO  server.GrpcService (GrpcService.java:startImpl(158)) - 2fa37604-7db0-4e2a-bcef-caac287edc99: GrpcService started, listening on 0.0.0.0/0.0.0.0:43506
2019-10-09 23:42:09,227 [Datanode State Machine Thread - 0] INFO  ratis.XceiverServerRatis (XceiverServerRatis.java:start(428)) - XceiverServerRatis 2fa37604-7db0-4e2a-bcef-caac287edc99 is started using port 43506
2019-10-09 23:42:09,227 [Datanode State Machine Thread - 0] INFO  server.XceiverServerGrpc (XceiverServerGrpc.java:start(149)) - XceiverServerGrpc 2fa37604-7db0-4e2a-bcef-caac287edc99 is started using port 45095
2019-10-09 23:42:10,205 [main] INFO  ozone.MiniOzoneClusterImpl (MiniOzoneClusterImpl.java:lambda$waitForClusterToBeReady$0(147)) - Waiting for cluster to be ready. Got 0 of 7 DN Heartbeats.
2019-10-09 23:42:10,815 [IPC Server handler 5 on 43755] INFO  net.NetworkTopology (NetworkTopologyImpl.java:add(111)) - Added a new node: /default-rack/d136ae8b-688f-4f7c-93b0-c5cb447f1571
2019-10-09 23:42:10,819 [IPC Server handler 5 on 43755] INFO  node.SCMNodeManager (SCMNodeManager.java:register(268)) - Registered Data node : d136ae8b-688f-4f7c-93b0-c5cb447f1571{ip: 192.168.151.98, host: pr-hdds-2194-ks6jj-815731239, networkLocation: /default-rack, certSerialId: null}
2019-10-09 23:42:10,820 [EventQueue-NodeRegistrationContainerReportForDataNodeSafeModeRule] INFO  safemode.SCMSafeModeManager (DataNodeSafeModeRule.java:process(71)) - SCM in safe mode. 1 DataNodes registered, 1 required.
2019-10-09 23:42:10,823 [EventQueue-NodeRegistrationContainerReportForDataNodeSafeModeRule] INFO  safemode.SCMSafeModeManager (SCMSafeModeManager.java:validateSafeModeExitRules(177)) - ScmSafeModeManager, all rules are successfully validated
2019-10-09 23:42:10,823 [EventQueue-NodeRegistrationContainerReportForDataNodeSafeModeRule] INFO  safemode.SCMSafeModeManager (SCMSafeModeManager.java:exitSafeMode(193)) - SCM exiting safe mode.
2019-10-09 23:42:10,837 [grpc-default-executor-11] INFO  impl.RaftServerProxy (RaftServerProxy.java:addNew(89)) - d136ae8b-688f-4f7c-93b0-c5cb447f1571: addNew group-822FCA5868A2:[d136ae8b-688f-4f7c-93b0-c5cb447f1571:192.168.151.98:39657] returns group-822FCA5868A2:java.util.concurrent.CompletableFuture@69dc60bb[Not completed]
2019-10-09 23:42:10,840 [pool-409-thread-1] INFO  impl.RaftServerImpl (RaftServerImpl.java:<init>(95)) - d136ae8b-688f-4f7c-93b0-c5cb447f1571: new RaftServerImpl for group-822FCA5868A2:[d136ae8b-688f-4f7c-93b0-c5cb447f1571:192.168.151.98:39657] with ContainerStateMachine:uninitialized
2019-10-09 23:42:10,841 [pool-409-thread-1] INFO  server.RaftServerConfigKeys (ConfUtils.java:logGet(43)) - raft.server.rpc.timeout.min = 5s (custom)
2019-10-09 23:42:10,841 [pool-409-thread-1] INFO  server.RaftServerConfigKeys (ConfUtils.java:logGet(43)) - raft.server.rpc.timeout.max = 5200ms (custom)
2019-10-09 23:42:10,841 [pool-409-thread-1] INFO  server.RaftServerConfigKeys (ConfUtils.java:logGet(43)) - raft.server.rpcslowness.timeout = 120s (custom)
2019-10-09 23:42:10,841 [pool-409-thread-1] INFO  server.RaftServerConfigKeys (ConfUtils.java:logGet(43)) - raft.server.sleep.deviation.threshold = 300 (default)
2019-10-09 23:42:10,841 [pool-409-thread-1] INFO  server.RaftServerConfigKeys (ConfUtils.java:logGet(43)) - raft.server.log.appender.install.snapshot.enabled = false (custom)
2019-10-09 23:42:10,842 [pool-409-thread-1] INFO  impl.RaftServerImpl (ServerState.java:<init>(103)) - d136ae8b-688f-4f7c-93b0-c5cb447f1571@group-822FCA5868A2: ConfigurationManager, init=-1: [d136ae8b-688f-4f7c-93b0-c5cb447f1571:192.168.151.98:39657], old=null, confs=<EMPTY_MAP>
2019-10-09 23:42:10,842 [pool-409-thread-1] INFO  server.RaftServerConfigKeys (ConfUtils.java:logGet(43)) - raft.server.storage.dir = [/workdir/hadoop-ozone/integration-test/target/test-dir/MiniOzoneClusterImpl-8b6ca641-6d7f-4583-914a-a0f78aea40f0/datanode-0/data/ratis] (custom)
2019-10-09 23:42:10,843 [pool-409-thread-1] INFO  server.RaftServerConfigKeys (ConfUtils.java:logGet(43)) - raft.server.log.corruption.policy = EXCEPTION (default)
2019-10-09 23:42:10,843 [pool-409-thread-1] INFO  storage.RaftStorageDirectory (RaftStorageDirectory.java:analyzeStorage(246)) - The storage directory /workdir/hadoop-ozone/integration-test/target/test-dir/MiniOzoneClusterImpl-8b6ca641-6d7f-4583-914a-a0f78aea40f0/datanode-0/data/ratis/c7f31775-4b44-4189-8d08-822fca5868a2 does not exist. Creating ...
2019-10-09 23:42:10,856 [pool-409-thread-1] INFO  storage.RaftStorageDirectory (RaftStorageDirectory.java:tryLock(328)) - Lock on /workdir/hadoop-ozone/integration-test/target/test-dir/MiniOzoneClusterImpl-8b6ca641-6d7f-4583-914a-a0f78aea40f0/datanode-0/data/ratis/c7f31775-4b44-4189-8d08-822fca5868a2/in_use.lock acquired by nodename 25498@pr-hdds-2194-ks6jj-815731239
2019-10-09 23:42:10,869 [pool-409-thread-1] INFO  storage.RaftStorage (RaftStorage.java:format(84)) - Storage directory /workdir/hadoop-ozone/integration-test/target/test-dir/MiniOzoneClusterImpl-8b6ca641-6d7f-4583-914a-a0f78aea40f0/datanode-0/data/ratis/c7f31775-4b44-4189-8d08-822fca5868a2 has been successfully formatted.
2019-10-09 23:42:10,870 [pool-409-thread-1] INFO  ratis.ContainerStateMachine (ContainerStateMachine.java:loadSnapshot(231)) - group-822FCA5868A2: The snapshot info is null. Setting the last applied indexto:(t:0, i:~)
2019-10-09 23:42:10,870 [pool-409-thread-1] INFO  server.RaftServerConfigKeys (ConfUtils.java:logGet(43)) - raft.server.notification.no-leader.timeout = 120s (custom)
2019-10-09 23:42:10,870 [pool-409-thread-1] INFO  server.RaftServerConfigKeys (ConfUtils.java:logGet(43)) - raft.server.log.use.memory = false (default)
2019-10-09 23:42:10,871 [pool-409-thread-1] INFO  server.RaftServerConfigKeys (ConfUtils.java:logGet(43)) - raft.server.log.purge.gap = 1000000 (custom)
2019-10-09 23:42:10,871 [pool-409-thread-1] INFO  server.RaftServerConfigKeys (ConfUtils.java:logGet(43)) - raft.server.log.appender.buffer.byte-limit = 33554432 (custom)
2019-10-09 23:42:10,871 [pool-409-thread-1] INFO  server.RaftServerConfigKeys (ConfUtils.java:logGet(43)) - raft.server.log.segment.size.max = 1048576 (custom)
2019-10-09 23:42:10,874 [pool-409-thread-1] INFO  server.RaftServerConfigKeys (ConfUtils.java:logGet(43)) - raft.server.log.segment.cache.num.max = 2 (custom)
2019-10-09 23:42:10,874 [pool-409-thread-1] INFO  segmented.SegmentedRaftLogWorker (SegmentedRaftLogWorker.java:<init>(173)) - new d136ae8b-688f-4f7c-93b0-c5cb447f1571@group-822FCA5868A2-SegmentedRaftLogWorker for RaftStorage:Storage Directory /workdir/hadoop-ozone/integration-test/target/test-dir/MiniOzoneClusterImpl-8b6ca641-6d7f-4583-914a-a0f78aea40f0/datanode-0/data/ratis/c7f31775-4b44-4189-8d08-822fca5868a2
2019-10-09 23:42:10,874 [pool-409-thread-1] INFO  server.RaftServerConfigKeys (ConfUtils.java:logGet(43)) - raft.server.log.queue.byte-limit = 2147483647 (custom)
2019-10-09 23:42:10,874 [pool-409-thread-1] INFO  server.RaftServerConfigKeys (ConfUtils.java:logGet(43)) - raft.server.log.queue.element-limit = 1024 (custom)
2019-10-09 23:42:10,875 [pool-409-thread-1] INFO  server.RaftServerConfigKeys (ConfUtils.java:logGet(43)) - raft.server.log.segment.size.max = 1048576 (custom)
2019-10-09 23:42:10,875 [pool-409-thread-1] INFO  server.RaftServerConfigKeys (ConfUtils.java:logGet(43)) - raft.server.log.preallocated.size = 16384 (custom)
2019-10-09 23:42:10,875 [pool-409-thread-1] INFO  server.RaftServerConfigKeys (ConfUtils.java:logGet(43)) - raft.server.log.write.buffer.size = 33554432 (custom)
2019-10-09 23:42:10,875 [pool-409-thread-1] INFO  server.RaftServerConfigKeys (ConfUtils.java:logGet(43)) - raft.server.log.force.sync.num = 128 (default)
2019-10-09 23:42:10,875 [pool-409-thread-1] INFO  server.RaftServerConfigKeys (ConfUtils.java:logGet(43)) - raft.server.log.statemachine.data.sync = true (default)
2019-10-09 23:42:10,875 [pool-409-thread-1] INFO  server.RaftServerConfigKeys (ConfUtils.java:logGet(43)) - raft.server.log.statemachine.data.sync.timeout = 10s (default)
2019-10-09 23:42:10,876 [pool-409-thread-1] INFO  server.RaftServerConfigKeys (ConfUtils.java:logGet(43)) - raft.server.log.statemachine.data.sync.timeout.retry = -1 (default)
2019-10-09 23:42:10,876 [IPC Server handler 0 on 43755] INFO  net.NetworkTopology (NetworkTopologyImpl.java:add(111)) - Added a new node: /default-rack/8b64e72b-f692-4da6-8701-d8357aa19361
2019-10-09 23:42:10,876 [IPC Server handler 0 on 43755] INFO  node.SCMNodeManager (SCMNodeManager.java:register(268)) - Registered Data node : 8b64e72b-f692-4da6-8701-d8357aa19361{ip: 192.168.151.98, host: pr-hdds-2194-ks6jj-815731239, networkLocation: /default-rack, certSerialId: null}
2019-10-09 23:42:10,876 [pool-409-thread-1] INFO  server.RaftServerConfigKeys (ConfUtils.java:logGet(43)) - raft.server.log.statemachine.data.caching.enabled = true (custom)
2019-10-09 23:42:10,877 [pool-409-thread-1] INFO  segmented.SegmentedRaftLogWorker (SegmentedRaftLogWorker.java:lambda$new$0(128)) - d136ae8b-688f-4f7c-93b0-c5cb447f1571@group-822FCA5868A2-SegmentedRaftLogWorker: flushIndex: setUnconditionally 0 -> -1
2019-10-09 23:42:10,877 [pool-409-thread-1] INFO  server.RaftServerConfigKeys (ConfUtils.java:logGet(43)) - raft.server.snapshot.auto.trigger.enabled = true (custom)
2019-10-09 23:42:10,878 [pool-409-thread-1] INFO  server.RaftServerConfigKeys (ConfUtils.java:logGet(43)) - raft.server.snapshot.auto.trigger.threshold = 10000 (custom)
2019-10-09 23:42:10,878 [pool-409-thread-1] INFO  server.RaftServerConfigKeys (ConfUtils.java:logGet(43)) - raft.server.snapshot.retention.file.num = 5 (custom)
2019-10-09 23:42:10,878 [pool-409-thread-1] INFO  server.RaftServerConfigKeys (ConfUtils.java:logGet(43)) - raft.server.retrycache.expirytime = 600000ms (custom)
2019-10-09 23:42:10,880 [pool-409-thread-1] INFO  impl.RaftServerImpl (RaftServerImpl.java:start(181)) - d136ae8b-688f-4f7c-93b0-c5cb447f1571@group-822FCA5868A2: start as a follower, conf=-1: [d136ae8b-688f-4f7c-93b0-c5cb447f1571:192.168.151.98:39657], old=null
2019-10-09 23:42:10,880 [pool-409-thread-1] INFO  impl.RaftServerImpl (RaftServerImpl.java:setRole(170)) - d136ae8b-688f-4f7c-93b0-c5cb447f1571@group-822FCA5868A2: changes role from      null to FOLLOWER at term 0 for startAsFollower
2019-10-09 23:42:10,880 [pool-409-thread-1] INFO  impl.RoleInfo (RoleInfo.java:updateAndGet(143)) - d136ae8b-688f-4f7c-93b0-c5cb447f1571: start FollowerState
2019-10-09 23:42:10,880 [pool-409-thread-1] INFO  util.JmxRegister (JmxRegister.java:tryRegister(44)) - Successfully registered JMX Bean with object name Ratis:service=RaftServer,group=group-822FCA5868A2,id=d136ae8b-688f-4f7c-93b0-c5cb447f1571
2019-10-09 23:42:10,885 [RatisPipelineUtilsThread] INFO  pipeline.PipelineStateManager (PipelineStateManager.java:addPipeline(56)) - Created pipeline Pipeline[ Id: c7f31775-4b44-4189-8d08-822fca5868a2, Nodes: d136ae8b-688f-4f7c-93b0-c5cb447f1571{ip: 192.168.151.98, host: pr-hdds-2194-ks6jj-815731239, networkLocation: /default-rack, certSerialId: null}, Type:RATIS, Factor:ONE, State:OPEN]
2019-10-09 23:42:10,892 [grpc-default-executor-11] INFO  impl.RaftServerProxy (RaftServerProxy.java:addNew(89)) - 8b64e72b-f692-4da6-8701-d8357aa19361: addNew group-6D0431870CA1:[8b64e72b-f692-4da6-8701-d8357aa19361:192.168.151.98:35165] returns group-6D0431870CA1:java.util.concurrent.CompletableFuture@729fce6f[Not completed]
2019-10-09 23:42:10,893 [pool-419-thread-1] INFO  impl.RaftServerImpl (RaftServerImpl.java:<init>(95)) - 8b64e72b-f692-4da6-8701-d8357aa19361: new RaftServerImpl for group-6D0431870CA1:[8b64e72b-f692-4da6-8701-d8357aa19361:192.168.151.98:35165] with ContainerStateMachine:uninitialized
2019-10-09 23:42:10,893 [pool-419-thread-1] INFO  server.RaftServerConfigKeys (ConfUtils.java:logGet(43)) - raft.server.rpc.timeout.min = 5s (custom)
2019-10-09 23:42:10,893 [pool-419-thread-1] INFO  server.RaftServerConfigKeys (ConfUtils.java:logGet(43)) - raft.server.rpc.timeout.max = 5200ms (custom)
2019-10-09 23:42:10,893 [pool-419-thread-1] INFO  server.RaftServerConfigKeys (ConfUtils.java:logGet(43)) - raft.server.rpcslowness.timeout = 120s (custom)
2019-10-09 23:42:10,893 [pool-419-thread-1] INFO  server.RaftServerConfigKeys (ConfUtils.java:logGet(43)) - raft.server.sleep.deviation.threshold = 300 (default)
2019-10-09 23:42:10,893 [pool-419-thread-1] INFO  server.RaftServerConfigKeys (ConfUtils.java:logGet(43)) - raft.server.log.appender.install.snapshot.enabled = false (custom)
2019-10-09 23:42:10,893 [pool-419-thread-1] INFO  impl.RaftServerImpl (ServerState.java:<init>(103)) - 8b64e72b-f692-4da6-8701-d8357aa19361@group-6D0431870CA1: ConfigurationManager, init=-1: [8b64e72b-f692-4da6-8701-d8357aa19361:192.168.151.98:35165], old=null, confs=<EMPTY_MAP>
2019-10-09 23:42:10,894 [pool-419-thread-1] INFO  server.RaftServerConfigKeys (ConfUtils.java:logGet(43)) - raft.server.storage.dir = [/workdir/hadoop-ozone/integration-test/target/test-dir/MiniOzoneClusterImpl-8b6ca641-6d7f-4583-914a-a0f78aea40f0/datanode-1/data/ratis] (custom)
2019-10-09 23:42:10,894 [pool-419-thread-1] INFO  server.RaftServerConfigKeys (ConfUtils.java:logGet(43)) - raft.server.log.corruption.policy = EXCEPTION (default)
2019-10-09 23:42:10,894 [pool-419-thread-1] INFO  storage.RaftStorageDirectory (RaftStorageDirectory.java:analyzeStorage(246)) - The storage directory /workdir/hadoop-ozone/integration-test/target/test-dir/MiniOzoneClusterImpl-8b6ca641-6d7f-4583-914a-a0f78aea40f0/datanode-1/data/ratis/6f9c2e72-b008-456c-9bef-6d0431870ca1 does not exist. Creating ...
2019-10-09 23:42:10,906 [pool-419-thread-1] INFO  storage.RaftStorageDirectory (RaftStorageDirectory.java:tryLock(328)) - Lock on /workdir/hadoop-ozone/integration-test/target/test-dir/MiniOzoneClusterImpl-8b6ca641-6d7f-4583-914a-a0f78aea40f0/datanode-1/data/ratis/6f9c2e72-b008-456c-9bef-6d0431870ca1/in_use.lock acquired by nodename 25498@pr-hdds-2194-ks6jj-815731239
2019-10-09 23:42:10,920 [pool-419-thread-1] INFO  storage.RaftStorage (RaftStorage.java:format(84)) - Storage directory /workdir/hadoop-ozone/integration-test/target/test-dir/MiniOzoneClusterImpl-8b6ca641-6d7f-4583-914a-a0f78aea40f0/datanode-1/data/ratis/6f9c2e72-b008-456c-9bef-6d0431870ca1 has been successfully formatted.
2019-10-09 23:42:10,920 [pool-419-thread-1] INFO  ratis.ContainerStateMachine (ContainerStateMachine.java:loadSnapshot(231)) - group-6D0431870CA1: The snapshot info is null. Setting the last applied indexto:(t:0, i:~)
2019-10-09 23:42:10,920 [pool-419-thread-1] INFO  server.RaftServerConfigKeys (ConfUtils.java:logGet(43)) - raft.server.notification.no-leader.timeout = 120s (custom)
2019-10-09 23:42:10,920 [pool-419-thread-1] INFO  server.RaftServerConfigKeys (ConfUtils.java:logGet(43)) - raft.server.log.use.memory = false (default)
2019-10-09 23:42:10,920 [pool-419-thread-1] INFO  server.RaftServerConfigKeys (ConfUtils.java:logGet(43)) - raft.server.log.purge.gap = 1000000 (custom)
2019-10-09 23:42:10,920 [pool-419-thread-1] INFO  server.RaftServerConfigKeys (ConfUtils.java:logGet(43)) - raft.server.log.appender.buffer.byte-limit = 33554432 (custom)
2019-10-09 23:42:10,921 [pool-419-thread-1] INFO  server.RaftServerConfigKeys (ConfUtils.java:logGet(43)) - raft.server.log.segment.size.max = 1048576 (custom)
2019-10-09 23:42:10,922 [pool-419-thread-1] INFO  server.RaftServerConfigKeys (ConfUtils.java:logGet(43)) - raft.server.log.segment.cache.num.max = 2 (custom)
2019-10-09 23:42:10,922 [pool-419-thread-1] INFO  segmented.SegmentedRaftLogWorker (SegmentedRaftLogWorker.java:<init>(173)) - new 8b64e72b-f692-4da6-8701-d8357aa19361@group-6D0431870CA1-SegmentedRaftLogWorker for RaftStorage:Storage Directory /workdir/hadoop-ozone/integration-test/target/test-dir/MiniOzoneClusterImpl-8b6ca641-6d7f-4583-914a-a0f78aea40f0/datanode-1/data/ratis/6f9c2e72-b008-456c-9bef-6d0431870ca1
2019-10-09 23:42:10,923 [pool-419-thread-1] INFO  server.RaftServerConfigKeys (ConfUtils.java:logGet(43)) - raft.server.log.queue.byte-limit = 2147483647 (custom)
2019-10-09 23:42:10,923 [pool-419-thread-1] INFO  server.RaftServerConfigKeys (ConfUtils.java:logGet(43)) - raft.server.log.queue.element-limit = 1024 (custom)
2019-10-09 23:42:10,923 [pool-419-thread-1] INFO  server.RaftServerConfigKeys (ConfUtils.java:logGet(43)) - raft.server.log.segment.size.max = 1048576 (custom)
2019-10-09 23:42:10,923 [pool-419-thread-1] INFO  server.RaftServerConfigKeys (ConfUtils.java:logGet(43)) - raft.server.log.preallocated.size = 16384 (custom)
2019-10-09 23:42:10,923 [pool-419-thread-1] INFO  server.RaftServerConfigKeys (ConfUtils.java:logGet(43)) - raft.server.log.write.buffer.size = 33554432 (custom)
2019-10-09 23:42:10,923 [pool-419-thread-1] INFO  server.RaftServerConfigKeys (ConfUtils.java:logGet(43)) - raft.server.log.force.sync.num = 128 (default)
2019-10-09 23:42:10,923 [pool-419-thread-1] INFO  server.RaftServerConfigKeys (ConfUtils.java:logGet(43)) - raft.server.log.statemachine.data.sync = true (default)
2019-10-09 23:42:10,923 [pool-419-thread-1] INFO  server.RaftServerConfigKeys (ConfUtils.java:logGet(43)) - raft.server.log.statemachine.data.sync.timeout = 10s (default)
2019-10-09 23:42:10,924 [pool-419-thread-1] INFO  server.RaftServerConfigKeys (ConfUtils.java:logGet(43)) - raft.server.log.statemachine.data.sync.timeout.retry = -1 (default)
2019-10-09 23:42:10,924 [pool-419-thread-1] INFO  server.RaftServerConfigKeys (ConfUtils.java:logGet(43)) - raft.server.log.statemachine.data.caching.enabled = true (custom)
2019-10-09 23:42:10,924 [pool-419-thread-1] INFO  segmented.SegmentedRaftLogWorker (SegmentedRaftLogWorker.java:lambda$new$0(128)) - 8b64e72b-f692-4da6-8701-d8357aa19361@group-6D0431870CA1-SegmentedRaftLogWorker: flushIndex: setUnconditionally 0 -> -1
2019-10-09 23:42:10,925 [pool-419-thread-1] INFO  server.RaftServerConfigKeys (ConfUtils.java:logGet(43)) - raft.server.snapshot.auto.trigger.enabled = true (custom)
2019-10-09 23:42:10,925 [pool-419-thread-1] INFO  server.RaftServerConfigKeys (ConfUtils.java:logGet(43)) - raft.server.snapshot.auto.trigger.threshold = 10000 (custom)
2019-10-09 23:42:10,925 [pool-419-thread-1] INFO  server.RaftServerConfigKeys (ConfUtils.java:logGet(43)) - raft.server.snapshot.retention.file.num = 5 (custom)
2019-10-09 23:42:10,925 [pool-419-thread-1] INFO  server.RaftServerConfigKeys (ConfUtils.java:logGet(43)) - raft.server.retrycache.expirytime = 600000ms (custom)
2019-10-09 23:42:10,927 [pool-419-thread-1] INFO  impl.RaftServerImpl (RaftServerImpl.java:start(181)) - 8b64e72b-f692-4da6-8701-d8357aa19361@group-6D0431870CA1: start as a follower, conf=-1: [8b64e72b-f692-4da6-8701-d8357aa19361:192.168.151.98:35165], old=null
2019-10-09 23:42:10,927 [pool-419-thread-1] INFO  impl.RaftServerImpl (RaftServerImpl.java:setRole(170)) - 8b64e72b-f692-4da6-8701-d8357aa19361@group-6D0431870CA1: changes role from      null to FOLLOWER at term 0 for startAsFollower
2019-10-09 23:42:10,927 [pool-419-thread-1] INFO  impl.RoleInfo (RoleInfo.java:updateAndGet(143)) - 8b64e72b-f692-4da6-8701-d8357aa19361: start FollowerState
2019-10-09 23:42:10,927 [pool-419-thread-1] INFO  util.JmxRegister (JmxRegister.java:tryRegister(44)) - Successfully registered JMX Bean with object name Ratis:service=RaftServer,group=group-6D0431870CA1,id=8b64e72b-f692-4da6-8701-d8357aa19361
2019-10-09 23:42:10,931 [RatisPipelineUtilsThread] INFO  pipeline.PipelineStateManager (PipelineStateManager.java:addPipeline(56)) - Created pipeline Pipeline[ Id: 6f9c2e72-b008-456c-9bef-6d0431870ca1, Nodes: 8b64e72b-f692-4da6-8701-d8357aa19361{ip: 192.168.151.98, host: pr-hdds-2194-ks6jj-815731239, networkLocation: /default-rack, certSerialId: null}, Type:RATIS, Factor:ONE, State:OPEN]
2019-10-09 23:42:10,947 [IPC Server handler 6 on 43755] INFO  net.NetworkTopology (NetworkTopologyImpl.java:add(111)) - Added a new node: /default-rack/9aa4720c-4ff1-4461-88d1-1a3f7075fdcd
2019-10-09 23:42:10,947 [IPC Server handler 6 on 43755] INFO  node.SCMNodeManager (SCMNodeManager.java:register(268)) - Registered Data node : 9aa4720c-4ff1-4461-88d1-1a3f7075fdcd{ip: 192.168.151.98, host: pr-hdds-2194-ks6jj-815731239, networkLocation: /default-rack, certSerialId: null}
2019-10-09 23:42:10,953 [grpc-default-executor-11] INFO  impl.RaftServerProxy (RaftServerProxy.java:addNew(89)) - 9aa4720c-4ff1-4461-88d1-1a3f7075fdcd: addNew group-17F4A7731B8A:[9aa4720c-4ff1-4461-88d1-1a3f7075fdcd:192.168.151.98:40006] returns group-17F4A7731B8A:java.util.concurrent.CompletableFuture@7b000f19[Not completed]
2019-10-09 23:42:10,954 [pool-429-thread-1] INFO  impl.RaftServerImpl (RaftServerImpl.java:<init>(95)) - 9aa4720c-4ff1-4461-88d1-1a3f7075fdcd: new RaftServerImpl for group-17F4A7731B8A:[9aa4720c-4ff1-4461-88d1-1a3f7075fdcd:192.168.151.98:40006] with ContainerStateMachine:uninitialized
2019-10-09 23:42:10,954 [pool-429-thread-1] INFO  server.RaftServerConfigKeys (ConfUtils.java:logGet(43)) - raft.server.rpc.timeout.min = 5s (custom)
2019-10-09 23:42:10,954 [pool-429-thread-1] INFO  server.RaftServerConfigKeys (ConfUtils.java:logGet(43)) - raft.server.rpc.timeout.max = 5200ms (custom)
2019-10-09 23:42:10,954 [pool-429-thread-1] INFO  server.RaftServerConfigKeys (ConfUtils.java:logGet(43)) - raft.server.rpcslowness.timeout = 120s (custom)
2019-10-09 23:42:10,954 [pool-429-thread-1] INFO  server.RaftServerConfigKeys (ConfUtils.java:logGet(43)) - raft.server.sleep.deviation.threshold = 300 (default)
2019-10-09 23:42:10,954 [pool-429-thread-1] INFO  server.RaftServerConfigKeys (ConfUtils.java:logGet(43)) - raft.server.log.appender.install.snapshot.enabled = false (custom)
2019-10-09 23:42:10,954 [pool-429-thread-1] INFO  impl.RaftServerImpl (ServerState.java:<init>(103)) - 9aa4720c-4ff1-4461-88d1-1a3f7075fdcd@group-17F4A7731B8A: ConfigurationManager, init=-1: [9aa4720c-4ff1-4461-88d1-1a3f7075fdcd:192.168.151.98:40006], old=null, confs=<EMPTY_MAP>
2019-10-09 23:42:10,954 [pool-429-thread-1] INFO  server.RaftServerConfigKeys (ConfUtils.java:logGet(43)) - raft.server.storage.dir = [/workdir/hadoop-ozone/integration-test/target/test-dir/MiniOzoneClusterImpl-8b6ca641-6d7f-4583-914a-a0f78aea40f0/datanode-2/data/ratis] (custom)
2019-10-09 23:42:10,954 [pool-429-thread-1] INFO  server.RaftServerConfigKeys (ConfUtils.java:logGet(43)) - raft.server.log.corruption.policy = EXCEPTION (default)
2019-10-09 23:42:10,955 [pool-429-thread-1] INFO  storage.RaftStorageDirectory (RaftStorageDirectory.java:analyzeStorage(246)) - The storage directory /workdir/hadoop-ozone/integration-test/target/test-dir/MiniOzoneClusterImpl-8b6ca641-6d7f-4583-914a-a0f78aea40f0/datanode-2/data/ratis/d61dcdcc-bc7e-4ca7-99ee-17f4a7731b8a does not exist. Creating ...
2019-10-09 23:42:10,967 [pool-429-thread-1] INFO  storage.RaftStorageDirectory (RaftStorageDirectory.java:tryLock(328)) - Lock on /workdir/hadoop-ozone/integration-test/target/test-dir/MiniOzoneClusterImpl-8b6ca641-6d7f-4583-914a-a0f78aea40f0/datanode-2/data/ratis/d61dcdcc-bc7e-4ca7-99ee-17f4a7731b8a/in_use.lock acquired by nodename 25498@pr-hdds-2194-ks6jj-815731239
2019-10-09 23:42:10,980 [pool-429-thread-1] INFO  storage.RaftStorage (RaftStorage.java:format(84)) - Storage directory /workdir/hadoop-ozone/integration-test/target/test-dir/MiniOzoneClusterImpl-8b6ca641-6d7f-4583-914a-a0f78aea40f0/datanode-2/data/ratis/d61dcdcc-bc7e-4ca7-99ee-17f4a7731b8a has been successfully formatted.
2019-10-09 23:42:10,980 [pool-429-thread-1] INFO  ratis.ContainerStateMachine (ContainerStateMachine.java:loadSnapshot(231)) - group-17F4A7731B8A: The snapshot info is null. Setting the last applied indexto:(t:0, i:~)
2019-10-09 23:42:10,981 [pool-429-thread-1] INFO  server.RaftServerConfigKeys (ConfUtils.java:logGet(43)) - raft.server.notification.no-leader.timeout = 120s (custom)
2019-10-09 23:42:10,981 [pool-429-thread-1] INFO  server.RaftServerConfigKeys (ConfUtils.java:logGet(43)) - raft.server.log.use.memory = false (default)
2019-10-09 23:42:10,981 [pool-429-thread-1] INFO  server.RaftServerConfigKeys (ConfUtils.java:logGet(43)) - raft.server.log.purge.gap = 1000000 (custom)
2019-10-09 23:42:10,981 [pool-429-thread-1] INFO  server.RaftServerConfigKeys (ConfUtils.java:logGet(43)) - raft.server.log.appender.buffer.byte-limit = 33554432 (custom)
2019-10-09 23:42:10,981 [pool-429-thread-1] INFO  server.RaftServerConfigKeys (ConfUtils.java:logGet(43)) - raft.server.log.segment.size.max = 1048576 (custom)
2019-10-09 23:42:10,982 [pool-429-thread-1] INFO  server.RaftServerConfigKeys (ConfUtils.java:logGet(43)) - raft.server.log.segment.cache.num.max = 2 (custom)
2019-10-09 23:42:10,982 [pool-429-thread-1] INFO  segmented.SegmentedRaftLogWorker (SegmentedRaftLogWorker.java:<init>(173)) - new 9aa4720c-4ff1-4461-88d1-1a3f7075fdcd@group-17F4A7731B8A-SegmentedRaftLogWorker for RaftStorage:Storage Directory /workdir/hadoop-ozone/integration-test/target/test-dir/MiniOzoneClusterImpl-8b6ca641-6d7f-4583-914a-a0f78aea40f0/datanode-2/data/ratis/d61dcdcc-bc7e-4ca7-99ee-17f4a7731b8a
2019-10-09 23:42:10,982 [pool-429-thread-1] INFO  server.RaftServerConfigKeys (ConfUtils.java:logGet(43)) - raft.server.log.queue.byte-limit = 2147483647 (custom)
2019-10-09 23:42:10,982 [pool-429-thread-1] INFO  server.RaftServerConfigKeys (ConfUtils.java:logGet(43)) - raft.server.log.queue.element-limit = 1024 (custom)
2019-10-09 23:42:10,982 [pool-429-thread-1] INFO  server.RaftServerConfigKeys (ConfUtils.java:logGet(43)) - raft.server.log.segment.size.max = 1048576 (custom)
2019-10-09 23:42:10,983 [pool-429-thread-1] INFO  server.RaftServerConfigKeys (ConfUtils.java:logGet(43)) - raft.server.log.preallocated.size = 16384 (custom)
2019-10-09 23:42:10,983 [pool-429-thread-1] INFO  server.RaftServerConfigKeys (ConfUtils.java:logGet(43)) - raft.server.log.write.buffer.size = 33554432 (custom)
2019-10-09 23:42:10,983 [pool-429-thread-1] INFO  server.RaftServerConfigKeys (ConfUtils.java:logGet(43)) - raft.server.log.force.sync.num = 128 (default)
2019-10-09 23:42:10,983 [pool-429-thread-1] INFO  server.RaftServerConfigKeys (ConfUtils.java:logGet(43)) - raft.server.log.statemachine.data.sync = true (default)
2019-10-09 23:42:10,983 [pool-429-thread-1] INFO  server.RaftServerConfigKeys (ConfUtils.java:logGet(43)) - raft.server.log.statemachine.data.sync.timeout = 10s (default)
2019-10-09 23:42:10,983 [pool-429-thread-1] INFO  server.RaftServerConfigKeys (ConfUtils.java:logGet(43)) - raft.server.log.statemachine.data.sync.timeout.retry = -1 (default)
2019-10-09 23:42:10,983 [pool-429-thread-1] INFO  server.RaftServerConfigKeys (ConfUtils.java:logGet(43)) - raft.server.log.statemachine.data.caching.enabled = true (custom)
2019-10-09 23:42:10,983 [pool-429-thread-1] INFO  segmented.SegmentedRaftLogWorker (SegmentedRaftLogWorker.java:lambda$new$0(128)) - 9aa4720c-4ff1-4461-88d1-1a3f7075fdcd@group-17F4A7731B8A-SegmentedRaftLogWorker: flushIndex: setUnconditionally 0 -> -1
2019-10-09 23:42:10,984 [pool-429-thread-1] INFO  server.RaftServerConfigKeys (ConfUtils.java:logGet(43)) - raft.server.snapshot.auto.trigger.enabled = true (custom)
2019-10-09 23:42:10,984 [pool-429-thread-1] INFO  server.RaftServerConfigKeys (ConfUtils.java:logGet(43)) - raft.server.snapshot.auto.trigger.threshold = 10000 (custom)
2019-10-09 23:42:10,984 [pool-429-thread-1] INFO  server.RaftServerConfigKeys (ConfUtils.java:logGet(43)) - raft.server.snapshot.retention.file.num = 5 (custom)
2019-10-09 23:42:10,984 [pool-429-thread-1] INFO  server.RaftServerConfigKeys (ConfUtils.java:logGet(43)) - raft.server.retrycache.expirytime = 600000ms (custom)
2019-10-09 23:42:10,985 [pool-429-thread-1] INFO  impl.RaftServerImpl (RaftServerImpl.java:start(181)) - 9aa4720c-4ff1-4461-88d1-1a3f7075fdcd@group-17F4A7731B8A: start as a follower, conf=-1: [9aa4720c-4ff1-4461-88d1-1a3f7075fdcd:192.168.151.98:40006], old=null
2019-10-09 23:42:10,985 [pool-429-thread-1] INFO  impl.RaftServerImpl (RaftServerImpl.java:setRole(170)) - 9aa4720c-4ff1-4461-88d1-1a3f7075fdcd@group-17F4A7731B8A: changes role from      null to FOLLOWER at term 0 for startAsFollower
2019-10-09 23:42:10,985 [pool-429-thread-1] INFO  impl.RoleInfo (RoleInfo.java:updateAndGet(143)) - 9aa4720c-4ff1-4461-88d1-1a3f7075fdcd: start FollowerState
2019-10-09 23:42:10,985 [pool-429-thread-1] INFO  util.JmxRegister (JmxRegister.java:tryRegister(44)) - Successfully registered JMX Bean with object name Ratis:service=RaftServer,group=group-17F4A7731B8A,id=9aa4720c-4ff1-4461-88d1-1a3f7075fdcd
2019-10-09 23:42:10,989 [RatisPipelineUtilsThread] INFO  pipeline.PipelineStateManager (PipelineStateManager.java:addPipeline(56)) - Created pipeline Pipeline[ Id: d61dcdcc-bc7e-4ca7-99ee-17f4a7731b8a, Nodes: 9aa4720c-4ff1-4461-88d1-1a3f7075fdcd{ip: 192.168.151.98, host: pr-hdds-2194-ks6jj-815731239, networkLocation: /default-rack, certSerialId: null}, Type:RATIS, Factor:ONE, State:OPEN]
2019-10-09 23:42:11,008 [IPC Server handler 1 on 43755] INFO  net.NetworkTopology (NetworkTopologyImpl.java:add(111)) - Added a new node: /default-rack/048ed862-969d-4a53-9065-988fa7882172
2019-10-09 23:42:11,009 [IPC Server handler 1 on 43755] INFO  node.SCMNodeManager (SCMNodeManager.java:register(268)) - Registered Data node : 048ed862-969d-4a53-9065-988fa7882172{ip: 192.168.151.98, host: pr-hdds-2194-ks6jj-815731239, networkLocation: /default-rack, certSerialId: null}
2019-10-09 23:42:11,010 [grpc-default-executor-9] INFO  impl.RaftServerProxy (RaftServerProxy.java:addNew(89)) - 9aa4720c-4ff1-4461-88d1-1a3f7075fdcd: addNew group-8C33BFA2BBE8:[d136ae8b-688f-4f7c-93b0-c5cb447f1571:192.168.151.98:39657, 9aa4720c-4ff1-4461-88d1-1a3f7075fdcd:192.168.151.98:40006, 8b64e72b-f692-4da6-8701-d8357aa19361:192.168.151.98:35165] returns group-8C33BFA2BBE8:java.util.concurrent.CompletableFuture@7e72fe7e[Not completed]
2019-10-09 23:42:11,010 [grpc-default-executor-10] INFO  impl.RaftServerProxy (RaftServerProxy.java:addNew(89)) - d136ae8b-688f-4f7c-93b0-c5cb447f1571: addNew group-8C33BFA2BBE8:[d136ae8b-688f-4f7c-93b0-c5cb447f1571:192.168.151.98:39657, 9aa4720c-4ff1-4461-88d1-1a3f7075fdcd:192.168.151.98:40006, 8b64e72b-f692-4da6-8701-d8357aa19361:192.168.151.98:35165] returns group-8C33BFA2BBE8:java.util.concurrent.CompletableFuture@f22e1f3[Not completed]
2019-10-09 23:42:11,010 [grpc-default-executor-11] INFO  impl.RaftServerProxy (RaftServerProxy.java:addNew(89)) - 8b64e72b-f692-4da6-8701-d8357aa19361: addNew group-8C33BFA2BBE8:[d136ae8b-688f-4f7c-93b0-c5cb447f1571:192.168.151.98:39657, 9aa4720c-4ff1-4461-88d1-1a3f7075fdcd:192.168.151.98:40006, 8b64e72b-f692-4da6-8701-d8357aa19361:192.168.151.98:35165] returns group-8C33BFA2BBE8:java.util.concurrent.CompletableFuture@6ab8582a[Not completed]
2019-10-09 23:42:11,011 [pool-409-thread-1] INFO  impl.RaftServerImpl (RaftServerImpl.java:<init>(95)) - d136ae8b-688f-4f7c-93b0-c5cb447f1571: new RaftServerImpl for group-8C33BFA2BBE8:[d136ae8b-688f-4f7c-93b0-c5cb447f1571:192.168.151.98:39657, 9aa4720c-4ff1-4461-88d1-1a3f7075fdcd:192.168.151.98:40006, 8b64e72b-f692-4da6-8701-d8357aa19361:192.168.151.98:35165] with ContainerStateMachine:uninitialized
2019-10-09 23:42:11,012 [pool-409-thread-1] INFO  server.RaftServerConfigKeys (ConfUtils.java:logGet(43)) - raft.server.rpc.timeout.min = 5s (custom)
2019-10-09 23:42:11,012 [pool-409-thread-1] INFO  server.RaftServerConfigKeys (ConfUtils.java:logGet(43)) - raft.server.rpc.timeout.max = 5200ms (custom)
2019-10-09 23:42:11,012 [pool-409-thread-1] INFO  server.RaftServerConfigKeys (ConfUtils.java:logGet(43)) - raft.server.rpcslowness.timeout = 120s (custom)
2019-10-09 23:42:11,012 [pool-409-thread-1] INFO  server.RaftServerConfigKeys (ConfUtils.java:logGet(43)) - raft.server.sleep.deviation.threshold = 300 (default)
2019-10-09 23:42:11,012 [pool-409-thread-1] INFO  server.RaftServerConfigKeys (ConfUtils.java:logGet(43)) - raft.server.log.appender.install.snapshot.enabled = false (custom)
2019-10-09 23:42:11,012 [pool-419-thread-1] INFO  impl.RaftServerImpl (RaftServerImpl.java:<init>(95)) - 8b64e72b-f692-4da6-8701-d8357aa19361: new RaftServerImpl for group-8C33BFA2BBE8:[d136ae8b-688f-4f7c-93b0-c5cb447f1571:192.168.151.98:39657, 9aa4720c-4ff1-4461-88d1-1a3f7075fdcd:192.168.151.98:40006, 8b64e72b-f692-4da6-8701-d8357aa19361:192.168.151.98:35165] with ContainerStateMachine:uninitialized
2019-10-09 23:42:11,012 [pool-409-thread-1] INFO  impl.RaftServerImpl (ServerState.java:<init>(103)) - d136ae8b-688f-4f7c-93b0-c5cb447f1571@group-8C33BFA2BBE8: ConfigurationManager, init=-1: [d136ae8b-688f-4f7c-93b0-c5cb447f1571:192.168.151.98:39657, 9aa4720c-4ff1-4461-88d1-1a3f7075fdcd:192.168.151.98:40006, 8b64e72b-f692-4da6-8701-d8357aa19361:192.168.151.98:35165], old=null, confs=<EMPTY_MAP>
2019-10-09 23:42:11,013 [pool-419-thread-1] INFO  server.RaftServerConfigKeys (ConfUtils.java:logGet(43)) - raft.server.rpc.timeout.min = 5s (custom)
2019-10-09 23:42:11,013 [pool-409-thread-1] INFO  server.RaftServerConfigKeys (ConfUtils.java:logGet(43)) - raft.server.storage.dir = [/workdir/hadoop-ozone/integration-test/target/test-dir/MiniOzoneClusterImpl-8b6ca641-6d7f-4583-914a-a0f78aea40f0/datanode-0/data/ratis] (custom)
2019-10-09 23:42:11,013 [pool-429-thread-1] INFO  impl.RaftServerImpl (RaftServerImpl.java:<init>(95)) - 9aa4720c-4ff1-4461-88d1-1a3f7075fdcd: new RaftServerImpl for group-8C33BFA2BBE8:[d136ae8b-688f-4f7c-93b0-c5cb447f1571:192.168.151.98:39657, 9aa4720c-4ff1-4461-88d1-1a3f7075fdcd:192.168.151.98:40006, 8b64e72b-f692-4da6-8701-d8357aa19361:192.168.151.98:35165] with ContainerStateMachine:uninitialized
2019-10-09 23:42:11,013 [pool-419-thread-1] INFO  server.RaftServerConfigKeys (ConfUtils.java:logGet(43)) - raft.server.rpc.timeout.max = 5200ms (custom)
2019-10-09 23:42:11,013 [pool-409-thread-1] INFO  server.RaftServerConfigKeys (ConfUtils.java:logGet(43)) - raft.server.log.corruption.policy = EXCEPTION (default)
2019-10-09 23:42:11,013 [pool-429-thread-1] INFO  server.RaftServerConfigKeys (ConfUtils.java:logGet(43)) - raft.server.rpc.timeout.min = 5s (custom)
2019-10-09 23:42:11,013 [pool-419-thread-1] INFO  server.RaftServerConfigKeys (ConfUtils.java:logGet(43)) - raft.server.rpcslowness.timeout = 120s (custom)
2019-10-09 23:42:11,014 [pool-429-thread-1] INFO  server.RaftServerConfigKeys (ConfUtils.java:logGet(43)) - raft.server.rpc.timeout.max = 5200ms (custom)
2019-10-09 23:42:11,013 [pool-409-thread-1] INFO  storage.RaftStorageDirectory (RaftStorageDirectory.java:analyzeStorage(246)) - The storage directory /workdir/hadoop-ozone/integration-test/target/test-dir/MiniOzoneClusterImpl-8b6ca641-6d7f-4583-914a-a0f78aea40f0/datanode-0/data/ratis/98701677-2582-4086-a233-8c33bfa2bbe8 does not exist. Creating ...
2019-10-09 23:42:11,014 [pool-429-thread-1] INFO  server.RaftServerConfigKeys (ConfUtils.java:logGet(43)) - raft.server.rpcslowness.timeout = 120s (custom)
2019-10-09 23:42:11,014 [pool-419-thread-1] INFO  server.RaftServerConfigKeys (ConfUtils.java:logGet(43)) - raft.server.sleep.deviation.threshold = 300 (default)
2019-10-09 23:42:11,014 [pool-429-thread-1] INFO  server.RaftServerConfigKeys (ConfUtils.java:logGet(43)) - raft.server.sleep.deviation.threshold = 300 (default)
2019-10-09 23:42:11,014 [pool-419-thread-1] INFO  server.RaftServerConfigKeys (ConfUtils.java:logGet(43)) - raft.server.log.appender.install.snapshot.enabled = false (custom)
2019-10-09 23:42:11,014 [pool-429-thread-1] INFO  server.RaftServerConfigKeys (ConfUtils.java:logGet(43)) - raft.server.log.appender.install.snapshot.enabled = false (custom)
2019-10-09 23:42:11,014 [pool-419-thread-1] INFO  impl.RaftServerImpl (ServerState.java:<init>(103)) - 8b64e72b-f692-4da6-8701-d8357aa19361@group-8C33BFA2BBE8: ConfigurationManager, init=-1: [d136ae8b-688f-4f7c-93b0-c5cb447f1571:192.168.151.98:39657, 9aa4720c-4ff1-4461-88d1-1a3f7075fdcd:192.168.151.98:40006, 8b64e72b-f692-4da6-8701-d8357aa19361:192.168.151.98:35165], old=null, confs=<EMPTY_MAP>
2019-10-09 23:42:11,014 [pool-429-thread-1] INFO  impl.RaftServerImpl (ServerState.java:<init>(103)) - 9aa4720c-4ff1-4461-88d1-1a3f7075fdcd@group-8C33BFA2BBE8: ConfigurationManager, init=-1: [d136ae8b-688f-4f7c-93b0-c5cb447f1571:192.168.151.98:39657, 9aa4720c-4ff1-4461-88d1-1a3f7075fdcd:192.168.151.98:40006, 8b64e72b-f692-4da6-8701-d8357aa19361:192.168.151.98:35165], old=null, confs=<EMPTY_MAP>
2019-10-09 23:42:11,015 [pool-419-thread-1] INFO  server.RaftServerConfigKeys (ConfUtils.java:logGet(43)) - raft.server.storage.dir = [/workdir/hadoop-ozone/integration-test/target/test-dir/MiniOzoneClusterImpl-8b6ca641-6d7f-4583-914a-a0f78aea40f0/datanode-1/data/ratis] (custom)
2019-10-09 23:42:11,015 [pool-429-thread-1] INFO  server.RaftServerConfigKeys (ConfUtils.java:logGet(43)) - raft.server.storage.dir = [/workdir/hadoop-ozone/integration-test/target/test-dir/MiniOzoneClusterImpl-8b6ca641-6d7f-4583-914a-a0f78aea40f0/datanode-2/data/ratis] (custom)
2019-10-09 23:42:11,015 [pool-419-thread-1] INFO  server.RaftServerConfigKeys (ConfUtils.java:logGet(43)) - raft.server.log.corruption.policy = EXCEPTION (default)
2019-10-09 23:42:11,015 [pool-429-thread-1] INFO  server.RaftServerConfigKeys (ConfUtils.java:logGet(43)) - raft.server.log.corruption.policy = EXCEPTION (default)
2019-10-09 23:42:11,015 [pool-419-thread-1] INFO  storage.RaftStorageDirectory (RaftStorageDirectory.java:analyzeStorage(246)) - The storage directory /workdir/hadoop-ozone/integration-test/target/test-dir/MiniOzoneClusterImpl-8b6ca641-6d7f-4583-914a-a0f78aea40f0/datanode-1/data/ratis/98701677-2582-4086-a233-8c33bfa2bbe8 does not exist. Creating ...
2019-10-09 23:42:11,015 [pool-429-thread-1] INFO  storage.RaftStorageDirectory (RaftStorageDirectory.java:analyzeStorage(246)) - The storage directory /workdir/hadoop-ozone/integration-test/target/test-dir/MiniOzoneClusterImpl-8b6ca641-6d7f-4583-914a-a0f78aea40f0/datanode-2/data/ratis/98701677-2582-4086-a233-8c33bfa2bbe8 does not exist. Creating ...
2019-10-09 23:42:11,027 [pool-419-thread-1] INFO  storage.RaftStorageDirectory (RaftStorageDirectory.java:tryLock(328)) - Lock on /workdir/hadoop-ozone/integration-test/target/test-dir/MiniOzoneClusterImpl-8b6ca641-6d7f-4583-914a-a0f78aea40f0/datanode-1/data/ratis/98701677-2582-4086-a233-8c33bfa2bbe8/in_use.lock acquired by nodename 25498@pr-hdds-2194-ks6jj-815731239
2019-10-09 23:42:11,027 [pool-409-thread-1] INFO  storage.RaftStorageDirectory (RaftStorageDirectory.java:tryLock(328)) - Lock on /workdir/hadoop-ozone/integration-test/target/test-dir/MiniOzoneClusterImpl-8b6ca641-6d7f-4583-914a-a0f78aea40f0/datanode-0/data/ratis/98701677-2582-4086-a233-8c33bfa2bbe8/in_use.lock acquired by nodename 25498@pr-hdds-2194-ks6jj-815731239
2019-10-09 23:42:11,027 [pool-429-thread-1] INFO  storage.RaftStorageDirectory (RaftStorageDirectory.java:tryLock(328)) - Lock on /workdir/hadoop-ozone/integration-test/target/test-dir/MiniOzoneClusterImpl-8b6ca641-6d7f-4583-914a-a0f78aea40f0/datanode-2/data/ratis/98701677-2582-4086-a233-8c33bfa2bbe8/in_use.lock acquired by nodename 25498@pr-hdds-2194-ks6jj-815731239
2019-10-09 23:42:11,041 [pool-419-thread-1] INFO  storage.RaftStorage (RaftStorage.java:format(84)) - Storage directory /workdir/hadoop-ozone/integration-test/target/test-dir/MiniOzoneClusterImpl-8b6ca641-6d7f-4583-914a-a0f78aea40f0/datanode-1/data/ratis/98701677-2582-4086-a233-8c33bfa2bbe8 has been successfully formatted.
2019-10-09 23:42:11,041 [pool-409-thread-1] INFO  storage.RaftStorage (RaftStorage.java:format(84)) - Storage directory /workdir/hadoop-ozone/integration-test/target/test-dir/MiniOzoneClusterImpl-8b6ca641-6d7f-4583-914a-a0f78aea40f0/datanode-0/data/ratis/98701677-2582-4086-a233-8c33bfa2bbe8 has been successfully formatted.
2019-10-09 23:42:11,041 [pool-429-thread-1] INFO  storage.RaftStorage (RaftStorage.java:format(84)) - Storage directory /workdir/hadoop-ozone/integration-test/target/test-dir/MiniOzoneClusterImpl-8b6ca641-6d7f-4583-914a-a0f78aea40f0/datanode-2/data/ratis/98701677-2582-4086-a233-8c33bfa2bbe8 has been successfully formatted.
2019-10-09 23:42:11,041 [pool-419-thread-1] INFO  ratis.ContainerStateMachine (ContainerStateMachine.java:loadSnapshot(231)) - group-8C33BFA2BBE8: The snapshot info is null. Setting the last applied indexto:(t:0, i:~)
2019-10-09 23:42:11,041 [pool-429-thread-1] INFO  ratis.ContainerStateMachine (ContainerStateMachine.java:loadSnapshot(231)) - group-8C33BFA2BBE8: The snapshot info is null. Setting the last applied indexto:(t:0, i:~)
2019-10-09 23:42:11,041 [pool-409-thread-1] INFO  ratis.ContainerStateMachine (ContainerStateMachine.java:loadSnapshot(231)) - group-8C33BFA2BBE8: The snapshot info is null. Setting the last applied indexto:(t:0, i:~)
2019-10-09 23:42:11,042 [pool-429-thread-1] INFO  server.RaftServerConfigKeys (ConfUtils.java:logGet(43)) - raft.server.notification.no-leader.timeout = 120s (custom)
2019-10-09 23:42:11,041 [pool-419-thread-1] INFO  server.RaftServerConfigKeys (ConfUtils.java:logGet(43)) - raft.server.notification.no-leader.timeout = 120s (custom)
2019-10-09 23:42:11,042 [pool-429-thread-1] INFO  server.RaftServerConfigKeys (ConfUtils.java:logGet(43)) - raft.server.log.use.memory = false (default)
2019-10-09 23:42:11,042 [pool-409-thread-1] INFO  server.RaftServerConfigKeys (ConfUtils.java:logGet(43)) - raft.server.notification.no-leader.timeout = 120s (custom)
2019-10-09 23:42:11,042 [pool-429-thread-1] INFO  server.RaftServerConfigKeys (ConfUtils.java:logGet(43)) - raft.server.log.purge.gap = 1000000 (custom)
2019-10-09 23:42:11,042 [pool-419-thread-1] INFO  server.RaftServerConfigKeys (ConfUtils.java:logGet(43)) - raft.server.log.use.memory = false (default)
2019-10-09 23:42:11,042 [pool-429-thread-1] INFO  server.RaftServerConfigKeys (ConfUtils.java:logGet(43)) - raft.server.log.appender.buffer.byte-limit = 33554432 (custom)
2019-10-09 23:42:11,042 [pool-409-thread-1] INFO  server.RaftServerConfigKeys (ConfUtils.java:logGet(43)) - raft.server.log.use.memory = false (default)
2019-10-09 23:42:11,042 [pool-429-thread-1] INFO  server.RaftServerConfigKeys (ConfUtils.java:logGet(43)) - raft.server.log.segment.size.max = 1048576 (custom)
2019-10-09 23:42:11,042 [pool-419-thread-1] INFO  server.RaftServerConfigKeys (ConfUtils.java:logGet(43)) - raft.server.log.purge.gap = 1000000 (custom)
2019-10-09 23:42:11,043 [pool-429-thread-1] INFO  server.RaftServerConfigKeys (ConfUtils.java:logGet(43)) - raft.server.log.segment.cache.num.max = 2 (custom)
2019-10-09 23:42:11,043 [pool-409-thread-1] INFO  server.RaftServerConfigKeys (ConfUtils.java:logGet(43)) - raft.server.log.purge.gap = 1000000 (custom)
2019-10-09 23:42:11,043 [pool-429-thread-1] INFO  segmented.SegmentedRaftLogWorker (SegmentedRaftLogWorker.java:<init>(173)) - new 9aa4720c-4ff1-4461-88d1-1a3f7075fdcd@group-8C33BFA2BBE8-SegmentedRaftLogWorker for RaftStorage:Storage Directory /workdir/hadoop-ozone/integration-test/target/test-dir/MiniOzoneClusterImpl-8b6ca641-6d7f-4583-914a-a0f78aea40f0/datanode-2/data/ratis/98701677-2582-4086-a233-8c33bfa2bbe8
2019-10-09 23:42:11,043 [pool-419-thread-1] INFO  server.RaftServerConfigKeys (ConfUtils.java:logGet(43)) - raft.server.log.appender.buffer.byte-limit = 33554432 (custom)
2019-10-09 23:42:11,043 [pool-429-thread-1] INFO  server.RaftServerConfigKeys (ConfUtils.java:logGet(43)) - raft.server.log.queue.byte-limit = 2147483647 (custom)
2019-10-09 23:42:11,043 [pool-409-thread-1] INFO  server.RaftServerConfigKeys (ConfUtils.java:logGet(43)) - raft.server.log.appender.buffer.byte-limit = 33554432 (custom)
2019-10-09 23:42:11,043 [pool-429-thread-1] INFO  server.RaftServerConfigKeys (ConfUtils.java:logGet(43)) - raft.server.log.queue.element-limit = 1024 (custom)
2019-10-09 23:42:11,043 [pool-419-thread-1] INFO  server.RaftServerConfigKeys (ConfUtils.java:logGet(43)) - raft.server.log.segment.size.max = 1048576 (custom)
2019-10-09 23:42:11,044 [pool-429-thread-1] INFO  server.RaftServerConfigKeys (ConfUtils.java:logGet(43)) - raft.server.log.segment.size.max = 1048576 (custom)
2019-10-09 23:42:11,043 [pool-409-thread-1] INFO  server.RaftServerConfigKeys (ConfUtils.java:logGet(43)) - raft.server.log.segment.size.max = 1048576 (custom)
2019-10-09 23:42:11,044 [pool-429-thread-1] INFO  server.RaftServerConfigKeys (ConfUtils.java:logGet(43)) - raft.server.log.preallocated.size = 16384 (custom)
2019-10-09 23:42:11,044 [pool-419-thread-1] INFO  server.RaftServerConfigKeys (ConfUtils.java:logGet(43)) - raft.server.log.segment.cache.num.max = 2 (custom)
2019-10-09 23:42:11,044 [pool-429-thread-1] INFO  server.RaftServerConfigKeys (ConfUtils.java:logGet(43)) - raft.server.log.write.buffer.size = 33554432 (custom)
2019-10-09 23:42:11,044 [pool-409-thread-1] INFO  server.RaftServerConfigKeys (ConfUtils.java:logGet(43)) - raft.server.log.segment.cache.num.max = 2 (custom)
2019-10-09 23:42:11,044 [pool-429-thread-1] INFO  server.RaftServerConfigKeys (ConfUtils.java:logGet(43)) - raft.server.log.force.sync.num = 128 (default)
2019-10-09 23:42:11,044 [pool-419-thread-1] INFO  segmented.SegmentedRaftLogWorker (SegmentedRaftLogWorker.java:<init>(173)) - new 8b64e72b-f692-4da6-8701-d8357aa19361@group-8C33BFA2BBE8-SegmentedRaftLogWorker for RaftStorage:Storage Directory /workdir/hadoop-ozone/integration-test/target/test-dir/MiniOzoneClusterImpl-8b6ca641-6d7f-4583-914a-a0f78aea40f0/datanode-1/data/ratis/98701677-2582-4086-a233-8c33bfa2bbe8
2019-10-09 23:42:11,044 [pool-429-thread-1] INFO  server.RaftServerConfigKeys (ConfUtils.java:logGet(43)) - raft.server.log.statemachine.data.sync = true (default)
2019-10-09 23:42:11,044 [pool-409-thread-1] INFO  segmented.SegmentedRaftLogWorker (SegmentedRaftLogWorker.java:<init>(173)) - new d136ae8b-688f-4f7c-93b0-c5cb447f1571@group-8C33BFA2BBE8-SegmentedRaftLogWorker for RaftStorage:Storage Directory /workdir/hadoop-ozone/integration-test/target/test-dir/MiniOzoneClusterImpl-8b6ca641-6d7f-4583-914a-a0f78aea40f0/datanode-0/data/ratis/98701677-2582-4086-a233-8c33bfa2bbe8
2019-10-09 23:42:11,044 [pool-429-thread-1] INFO  server.RaftServerConfigKeys (ConfUtils.java:logGet(43)) - raft.server.log.statemachine.data.sync.timeout = 10s (default)
2019-10-09 23:42:11,044 [pool-419-thread-1] INFO  server.RaftServerConfigKeys (ConfUtils.java:logGet(43)) - raft.server.log.queue.byte-limit = 2147483647 (custom)
2019-10-09 23:42:11,045 [pool-429-thread-1] INFO  server.RaftServerConfigKeys (ConfUtils.java:logGet(43)) - raft.server.log.statemachine.data.sync.timeout.retry = -1 (default)
2019-10-09 23:42:11,045 [pool-409-thread-1] INFO  server.RaftServerConfigKeys (ConfUtils.java:logGet(43)) - raft.server.log.queue.byte-limit = 2147483647 (custom)
2019-10-09 23:42:11,045 [pool-429-thread-1] INFO  server.RaftServerConfigKeys (ConfUtils.java:logGet(43)) - raft.server.log.statemachine.data.caching.enabled = true (custom)
2019-10-09 23:42:11,045 [pool-419-thread-1] INFO  server.RaftServerConfigKeys (ConfUtils.java:logGet(43)) - raft.server.log.queue.element-limit = 1024 (custom)
2019-10-09 23:42:11,045 [pool-409-thread-1] INFO  server.RaftServerConfigKeys (ConfUtils.java:logGet(43)) - raft.server.log.queue.element-limit = 1024 (custom)
2019-10-09 23:42:11,045 [pool-429-thread-1] INFO  segmented.SegmentedRaftLogWorker (SegmentedRaftLogWorker.java:lambda$new$0(128)) - 9aa4720c-4ff1-4461-88d1-1a3f7075fdcd@group-8C33BFA2BBE8-SegmentedRaftLogWorker: flushIndex: setUnconditionally 0 -> -1
2019-10-09 23:42:11,045 [pool-419-thread-1] INFO  server.RaftServerConfigKeys (ConfUtils.java:logGet(43)) - raft.server.log.segment.size.max = 1048576 (custom)
2019-10-09 23:42:11,045 [pool-409-thread-1] INFO  server.RaftServerConfigKeys (ConfUtils.java:logGet(43)) - raft.server.log.segment.size.max = 1048576 (custom)
2019-10-09 23:42:11,046 [pool-429-thread-1] INFO  server.RaftServerConfigKeys (ConfUtils.java:logGet(43)) - raft.server.snapshot.auto.trigger.enabled = true (custom)
2019-10-09 23:42:11,046 [pool-419-thread-1] INFO  server.RaftServerConfigKeys (ConfUtils.java:logGet(43)) - raft.server.log.preallocated.size = 16384 (custom)
2019-10-09 23:42:11,046 [pool-429-thread-1] INFO  server.RaftServerConfigKeys (ConfUtils.java:logGet(43)) - raft.server.snapshot.auto.trigger.threshold = 10000 (custom)
2019-10-09 23:42:11,046 [pool-409-thread-1] INFO  server.RaftServerConfigKeys (ConfUtils.java:logGet(43)) - raft.server.log.preallocated.size = 16384 (custom)
2019-10-09 23:42:11,046 [pool-429-thread-1] INFO  server.RaftServerConfigKeys (ConfUtils.java:logGet(43)) - raft.server.snapshot.retention.file.num = 5 (custom)
2019-10-09 23:42:11,046 [pool-419-thread-1] INFO  server.RaftServerConfigKeys (ConfUtils.java:logGet(43)) - raft.server.log.write.buffer.size = 33554432 (custom)
2019-10-09 23:42:11,046 [pool-429-thread-1] INFO  server.RaftServerConfigKeys (ConfUtils.java:logGet(43)) - raft.server.retrycache.expirytime = 600000ms (custom)
2019-10-09 23:42:11,046 [pool-409-thread-1] INFO  server.RaftServerConfigKeys (ConfUtils.java:logGet(43)) - raft.server.log.write.buffer.size = 33554432 (custom)
2019-10-09 23:42:11,046 [pool-419-thread-1] INFO  server.RaftServerConfigKeys (ConfUtils.java:logGet(43)) - raft.server.log.force.sync.num = 128 (default)
2019-10-09 23:42:11,046 [pool-409-thread-1] INFO  server.RaftServerConfigKeys (ConfUtils.java:logGet(43)) - raft.server.log.force.sync.num = 128 (default)
2019-10-09 23:42:11,047 [pool-419-thread-1] INFO  server.RaftServerConfigKeys (ConfUtils.java:logGet(43)) - raft.server.log.statemachine.data.sync = true (default)
2019-10-09 23:42:11,047 [pool-409-thread-1] INFO  server.RaftServerConfigKeys (ConfUtils.java:logGet(43)) - raft.server.log.statemachine.data.sync = true (default)
2019-10-09 23:42:11,047 [pool-419-thread-1] INFO  server.RaftServerConfigKeys (ConfUtils.java:logGet(43)) - raft.server.log.statemachine.data.sync.timeout = 10s (default)
2019-10-09 23:42:11,047 [pool-409-thread-1] INFO  server.RaftServerConfigKeys (ConfUtils.java:logGet(43)) - raft.server.log.statemachine.data.sync.timeout = 10s (default)
2019-10-09 23:42:11,047 [pool-419-thread-1] INFO  server.RaftServerConfigKeys (ConfUtils.java:logGet(43)) - raft.server.log.statemachine.data.sync.timeout.retry = -1 (default)
2019-10-09 23:42:11,047 [pool-409-thread-1] INFO  server.RaftServerConfigKeys (ConfUtils.java:logGet(43)) - raft.server.log.statemachine.data.sync.timeout.retry = -1 (default)
2019-10-09 23:42:11,047 [pool-419-thread-1] INFO  server.RaftServerConfigKeys (ConfUtils.java:logGet(43)) - raft.server.log.statemachine.data.caching.enabled = true (custom)
2019-10-09 23:42:11,047 [pool-409-thread-1] INFO  server.RaftServerConfigKeys (ConfUtils.java:logGet(43)) - raft.server.log.statemachine.data.caching.enabled = true (custom)
2019-10-09 23:42:11,048 [pool-419-thread-1] INFO  segmented.SegmentedRaftLogWorker (SegmentedRaftLogWorker.java:lambda$new$0(128)) - 8b64e72b-f692-4da6-8701-d8357aa19361@group-8C33BFA2BBE8-SegmentedRaftLogWorker: flushIndex: setUnconditionally 0 -> -1
2019-10-09 23:42:11,047 [pool-429-thread-1] INFO  impl.RaftServerImpl (RaftServerImpl.java:start(181)) - 9aa4720c-4ff1-4461-88d1-1a3f7075fdcd@group-8C33BFA2BBE8: start as a follower, conf=-1: [d136ae8b-688f-4f7c-93b0-c5cb447f1571:192.168.151.98:39657, 9aa4720c-4ff1-4461-88d1-1a3f7075fdcd:192.168.151.98:40006, 8b64e72b-f692-4da6-8701-d8357aa19361:192.168.151.98:35165], old=null
2019-10-09 23:42:11,048 [pool-409-thread-1] INFO  segmented.SegmentedRaftLogWorker (SegmentedRaftLogWorker.java:lambda$new$0(128)) - d136ae8b-688f-4f7c-93b0-c5cb447f1571@group-8C33BFA2BBE8-SegmentedRaftLogWorker: flushIndex: setUnconditionally 0 -> -1
2019-10-09 23:42:11,048 [pool-419-thread-1] INFO  server.RaftServerConfigKeys (ConfUtils.java:logGet(43)) - raft.server.snapshot.auto.trigger.enabled = true (custom)
2019-10-09 23:42:11,048 [pool-429-thread-1] INFO  impl.RaftServerImpl (RaftServerImpl.java:setRole(170)) - 9aa4720c-4ff1-4461-88d1-1a3f7075fdcd@group-8C33BFA2BBE8: changes role from      null to FOLLOWER at term 0 for startAsFollower
2019-10-09 23:42:11,048 [pool-419-thread-1] INFO  server.RaftServerConfigKeys (ConfUtils.java:logGet(43)) - raft.server.snapshot.auto.trigger.threshold = 10000 (custom)
2019-10-09 23:42:11,048 [pool-409-thread-1] INFO  server.RaftServerConfigKeys (ConfUtils.java:logGet(43)) - raft.server.snapshot.auto.trigger.enabled = true (custom)
2019-10-09 23:42:11,048 [pool-429-thread-1] INFO  impl.RoleInfo (RoleInfo.java:updateAndGet(143)) - 9aa4720c-4ff1-4461-88d1-1a3f7075fdcd: start FollowerState
2019-10-09 23:42:11,048 [pool-409-thread-1] INFO  server.RaftServerConfigKeys (ConfUtils.java:logGet(43)) - raft.server.snapshot.auto.trigger.threshold = 10000 (custom)
2019-10-09 23:42:11,048 [pool-419-thread-1] INFO  server.RaftServerConfigKeys (ConfUtils.java:logGet(43)) - raft.server.snapshot.retention.file.num = 5 (custom)
2019-10-09 23:42:11,049 [pool-429-thread-1] INFO  util.JmxRegister (JmxRegister.java:tryRegister(44)) - Successfully registered JMX Bean with object name Ratis:service=RaftServer,group=group-8C33BFA2BBE8,id=9aa4720c-4ff1-4461-88d1-1a3f7075fdcd
2019-10-09 23:42:11,049 [pool-409-thread-1] INFO  server.RaftServerConfigKeys (ConfUtils.java:logGet(43)) - raft.server.snapshot.retention.file.num = 5 (custom)
2019-10-09 23:42:11,049 [pool-419-thread-1] INFO  server.RaftServerConfigKeys (ConfUtils.java:logGet(43)) - raft.server.retrycache.expirytime = 600000ms (custom)
2019-10-09 23:42:11,049 [pool-409-thread-1] INFO  server.RaftServerConfigKeys (ConfUtils.java:logGet(43)) - raft.server.retrycache.expirytime = 600000ms (custom)
2019-10-09 23:42:11,051 [pool-419-thread-1] INFO  impl.RaftServerImpl (RaftServerImpl.java:start(181)) - 8b64e72b-f692-4da6-8701-d8357aa19361@group-8C33BFA2BBE8: start as a follower, conf=-1: [d136ae8b-688f-4f7c-93b0-c5cb447f1571:192.168.151.98:39657, 9aa4720c-4ff1-4461-88d1-1a3f7075fdcd:192.168.151.98:40006, 8b64e72b-f692-4da6-8701-d8357aa19361:192.168.151.98:35165], old=null
2019-10-09 23:42:11,051 [pool-419-thread-1] INFO  impl.RaftServerImpl (RaftServerImpl.java:setRole(170)) - 8b64e72b-f692-4da6-8701-d8357aa19361@group-8C33BFA2BBE8: changes role from      null to FOLLOWER at term 0 for startAsFollower
2019-10-09 23:42:11,051 [pool-419-thread-1] INFO  impl.RoleInfo (RoleInfo.java:updateAndGet(143)) - 8b64e72b-f692-4da6-8701-d8357aa19361: start FollowerState
2019-10-09 23:42:11,051 [pool-409-thread-1] INFO  impl.RaftServerImpl (RaftServerImpl.java:start(181)) - d136ae8b-688f-4f7c-93b0-c5cb447f1571@group-8C33BFA2BBE8: start as a follower, conf=-1: [d136ae8b-688f-4f7c-93b0-c5cb447f1571:192.168.151.98:39657, 9aa4720c-4ff1-4461-88d1-1a3f7075fdcd:192.168.151.98:40006, 8b64e72b-f692-4da6-8701-d8357aa19361:192.168.151.98:35165], old=null
2019-10-09 23:42:11,052 [pool-419-thread-1] INFO  util.JmxRegister (JmxRegister.java:tryRegister(44)) - Successfully registered JMX Bean with object name Ratis:service=RaftServer,group=group-8C33BFA2BBE8,id=8b64e72b-f692-4da6-8701-d8357aa19361
2019-10-09 23:42:11,052 [pool-409-thread-1] INFO  impl.RaftServerImpl (RaftServerImpl.java:setRole(170)) - d136ae8b-688f-4f7c-93b0-c5cb447f1571@group-8C33BFA2BBE8: changes role from      null to FOLLOWER at term 0 for startAsFollower
2019-10-09 23:42:11,052 [pool-409-thread-1] INFO  impl.RoleInfo (RoleInfo.java:updateAndGet(143)) - d136ae8b-688f-4f7c-93b0-c5cb447f1571: start FollowerState
2019-10-09 23:42:11,052 [pool-409-thread-1] INFO  util.JmxRegister (JmxRegister.java:tryRegister(44)) - Successfully registered JMX Bean with object name Ratis:service=RaftServer,group=group-8C33BFA2BBE8,id=d136ae8b-688f-4f7c-93b0-c5cb447f1571
2019-10-09 23:42:11,056 [RatisPipelineUtilsThread] INFO  pipeline.PipelineStateManager (PipelineStateManager.java:addPipeline(56)) - Created pipeline Pipeline[ Id: 98701677-2582-4086-a233-8c33bfa2bbe8, Nodes: d136ae8b-688f-4f7c-93b0-c5cb447f1571{ip: 192.168.151.98, host: pr-hdds-2194-ks6jj-815731239, networkLocation: /default-rack, certSerialId: null}9aa4720c-4ff1-4461-88d1-1a3f7075fdcd{ip: 192.168.151.98, host: pr-hdds-2194-ks6jj-815731239, networkLocation: /default-rack, certSerialId: null}8b64e72b-f692-4da6-8701-d8357aa19361{ip: 192.168.151.98, host: pr-hdds-2194-ks6jj-815731239, networkLocation: /default-rack, certSerialId: null}, Type:RATIS, Factor:THREE, State:OPEN]
2019-10-09 23:42:11,070 [IPC Server handler 3 on 43755] INFO  net.NetworkTopology (NetworkTopologyImpl.java:add(111)) - Added a new node: /default-rack/db0f9e5f-40c7-432b-82eb-2896485fae3f
2019-10-09 23:42:11,070 [IPC Server handler 3 on 43755] INFO  node.SCMNodeManager (SCMNodeManager.java:register(268)) - Registered Data node : db0f9e5f-40c7-432b-82eb-2896485fae3f{ip: 192.168.151.98, host: pr-hdds-2194-ks6jj-815731239, networkLocation: /default-rack, certSerialId: null}
2019-10-09 23:42:11,077 [grpc-default-executor-11] INFO  impl.RaftServerProxy (RaftServerProxy.java:addNew(89)) - db0f9e5f-40c7-432b-82eb-2896485fae3f: addNew group-03BD43E7D871:[db0f9e5f-40c7-432b-82eb-2896485fae3f:192.168.151.98:33436] returns group-03BD43E7D871:java.util.concurrent.CompletableFuture@44146ad1[Not completed]
2019-10-09 23:42:11,081 [pool-449-thread-1] INFO  impl.RaftServerImpl (RaftServerImpl.java:<init>(95)) - db0f9e5f-40c7-432b-82eb-2896485fae3f: new RaftServerImpl for group-03BD43E7D871:[db0f9e5f-40c7-432b-82eb-2896485fae3f:192.168.151.98:33436] with ContainerStateMachine:uninitialized
2019-10-09 23:42:11,081 [pool-449-thread-1] INFO  server.RaftServerConfigKeys (ConfUtils.java:logGet(43)) - raft.server.rpc.timeout.min = 5s (custom)
2019-10-09 23:42:11,081 [pool-449-thread-1] INFO  server.RaftServerConfigKeys (ConfUtils.java:logGet(43)) - raft.server.rpc.timeout.max = 5200ms (custom)
2019-10-09 23:42:11,081 [pool-449-thread-1] INFO  server.RaftServerConfigKeys (ConfUtils.java:logGet(43)) - raft.server.rpcslowness.timeout = 120s (custom)
2019-10-09 23:42:11,081 [pool-449-thread-1] INFO  server.RaftServerConfigKeys (ConfUtils.java:logGet(43)) - raft.server.sleep.deviation.threshold = 300 (default)
2019-10-09 23:42:11,081 [pool-449-thread-1] INFO  server.RaftServerConfigKeys (ConfUtils.java:logGet(43)) - raft.server.log.appender.install.snapshot.enabled = false (custom)
2019-10-09 23:42:11,082 [pool-449-thread-1] INFO  impl.RaftServerImpl (ServerState.java:<init>(103)) - db0f9e5f-40c7-432b-82eb-2896485fae3f@group-03BD43E7D871: ConfigurationManager, init=-1: [db0f9e5f-40c7-432b-82eb-2896485fae3f:192.168.151.98:33436], old=null, confs=<EMPTY_MAP>
2019-10-09 23:42:11,082 [pool-449-thread-1] INFO  server.RaftServerConfigKeys (ConfUtils.java:logGet(43)) - raft.server.storage.dir = [/workdir/hadoop-ozone/integration-test/target/test-dir/MiniOzoneClusterImpl-8b6ca641-6d7f-4583-914a-a0f78aea40f0/datanode-4/data/ratis] (custom)
2019-10-09 23:42:11,082 [pool-449-thread-1] INFO  server.RaftServerConfigKeys (ConfUtils.java:logGet(43)) - raft.server.log.corruption.policy = EXCEPTION (default)
2019-10-09 23:42:11,082 [pool-449-thread-1] INFO  storage.RaftStorageDirectory (RaftStorageDirectory.java:analyzeStorage(246)) - The storage directory /workdir/hadoop-ozone/integration-test/target/test-dir/MiniOzoneClusterImpl-8b6ca641-6d7f-4583-914a-a0f78aea40f0/datanode-4/data/ratis/bd446112-2222-4ded-9bb5-03bd43e7d871 does not exist. Creating ...
2019-10-09 23:42:11,095 [pool-449-thread-1] INFO  storage.RaftStorageDirectory (RaftStorageDirectory.java:tryLock(328)) - Lock on /workdir/hadoop-ozone/integration-test/target/test-dir/MiniOzoneClusterImpl-8b6ca641-6d7f-4583-914a-a0f78aea40f0/datanode-4/data/ratis/bd446112-2222-4ded-9bb5-03bd43e7d871/in_use.lock acquired by nodename 25498@pr-hdds-2194-ks6jj-815731239
2019-10-09 23:42:11,108 [pool-449-thread-1] INFO  storage.RaftStorage (RaftStorage.java:format(84)) - Storage directory /workdir/hadoop-ozone/integration-test/target/test-dir/MiniOzoneClusterImpl-8b6ca641-6d7f-4583-914a-a0f78aea40f0/datanode-4/data/ratis/bd446112-2222-4ded-9bb5-03bd43e7d871 has been successfully formatted.
2019-10-09 23:42:11,108 [pool-449-thread-1] INFO  ratis.ContainerStateMachine (ContainerStateMachine.java:loadSnapshot(231)) - group-03BD43E7D871: The snapshot info is null. Setting the last applied indexto:(t:0, i:~)
2019-10-09 23:42:11,108 [pool-449-thread-1] INFO  server.RaftServerConfigKeys (ConfUtils.java:logGet(43)) - raft.server.notification.no-leader.timeout = 120s (custom)
2019-10-09 23:42:11,108 [pool-449-thread-1] INFO  server.RaftServerConfigKeys (ConfUtils.java:logGet(43)) - raft.server.log.use.memory = false (default)
2019-10-09 23:42:11,108 [pool-449-thread-1] INFO  server.RaftServerConfigKeys (ConfUtils.java:logGet(43)) - raft.server.log.purge.gap = 1000000 (custom)
2019-10-09 23:42:11,108 [pool-449-thread-1] INFO  server.RaftServerConfigKeys (ConfUtils.java:logGet(43)) - raft.server.log.appender.buffer.byte-limit = 33554432 (custom)
2019-10-09 23:42:11,108 [pool-449-thread-1] INFO  server.RaftServerConfigKeys (ConfUtils.java:logGet(43)) - raft.server.log.segment.size.max = 1048576 (custom)
2019-10-09 23:42:11,110 [pool-449-thread-1] INFO  server.RaftServerConfigKeys (ConfUtils.java:logGet(43)) - raft.server.log.segment.cache.num.max = 2 (custom)
2019-10-09 23:42:11,110 [pool-449-thread-1] INFO  segmented.SegmentedRaftLogWorker (SegmentedRaftLogWorker.java:<init>(173)) - new db0f9e5f-40c7-432b-82eb-2896485fae3f@group-03BD43E7D871-SegmentedRaftLogWorker for RaftStorage:Storage Directory /workdir/hadoop-ozone/integration-test/target/test-dir/MiniOzoneClusterImpl-8b6ca641-6d7f-4583-914a-a0f78aea40f0/datanode-4/data/ratis/bd446112-2222-4ded-9bb5-03bd43e7d871
2019-10-09 23:42:11,110 [pool-449-thread-1] INFO  server.RaftServerConfigKeys (ConfUtils.java:logGet(43)) - raft.server.log.queue.byte-limit = 2147483647 (custom)
2019-10-09 23:42:11,110 [pool-449-thread-1] INFO  server.RaftServerConfigKeys (ConfUtils.java:logGet(43)) - raft.server.log.queue.element-limit = 1024 (custom)
2019-10-09 23:42:11,110 [pool-449-thread-1] INFO  server.RaftServerConfigKeys (ConfUtils.java:logGet(43)) - raft.server.log.segment.size.max = 1048576 (custom)
2019-10-09 23:42:11,110 [pool-449-thread-1] INFO  server.RaftServerConfigKeys (ConfUtils.java:logGet(43)) - raft.server.log.preallocated.size = 16384 (custom)
2019-10-09 23:42:11,110 [pool-449-thread-1] INFO  server.RaftServerConfigKeys (ConfUtils.java:logGet(43)) - raft.server.log.write.buffer.size = 33554432 (custom)
2019-10-09 23:42:11,111 [pool-449-thread-1] INFO  server.RaftServerConfigKeys (ConfUtils.java:logGet(43)) - raft.server.log.force.sync.num = 128 (default)
2019-10-09 23:42:11,111 [pool-449-thread-1] INFO  server.RaftServerConfigKeys (ConfUtils.java:logGet(43)) - raft.server.log.statemachine.data.sync = true (default)
2019-10-09 23:42:11,111 [pool-449-thread-1] INFO  server.RaftServerConfigKeys (ConfUtils.java:logGet(43)) - raft.server.log.statemachine.data.sync.timeout = 10s (default)
2019-10-09 23:42:11,111 [pool-449-thread-1] INFO  server.RaftServerConfigKeys (ConfUtils.java:logGet(43)) - raft.server.log.statemachine.data.sync.timeout.retry = -1 (default)
2019-10-09 23:42:11,111 [pool-449-thread-1] INFO  server.RaftServerConfigKeys (ConfUtils.java:logGet(43)) - raft.server.log.statemachine.data.caching.enabled = true (custom)
2019-10-09 23:42:11,111 [pool-449-thread-1] INFO  segmented.SegmentedRaftLogWorker (SegmentedRaftLogWorker.java:lambda$new$0(128)) - db0f9e5f-40c7-432b-82eb-2896485fae3f@group-03BD43E7D871-SegmentedRaftLogWorker: flushIndex: setUnconditionally 0 -> -1
2019-10-09 23:42:11,112 [pool-449-thread-1] INFO  server.RaftServerConfigKeys (ConfUtils.java:logGet(43)) - raft.server.snapshot.auto.trigger.enabled = true (custom)
2019-10-09 23:42:11,112 [pool-449-thread-1] INFO  server.RaftServerConfigKeys (ConfUtils.java:logGet(43)) - raft.server.snapshot.auto.trigger.threshold = 10000 (custom)
2019-10-09 23:42:11,112 [pool-449-thread-1] INFO  server.RaftServerConfigKeys (ConfUtils.java:logGet(43)) - raft.server.snapshot.retention.file.num = 5 (custom)
2019-10-09 23:42:11,112 [pool-449-thread-1] INFO  server.RaftServerConfigKeys (ConfUtils.java:logGet(43)) - raft.server.retrycache.expirytime = 600000ms (custom)
2019-10-09 23:42:11,113 [pool-449-thread-1] INFO  impl.RaftServerImpl (RaftServerImpl.java:start(181)) - db0f9e5f-40c7-432b-82eb-2896485fae3f@group-03BD43E7D871: start as a follower, conf=-1: [db0f9e5f-40c7-432b-82eb-2896485fae3f:192.168.151.98:33436], old=null
2019-10-09 23:42:11,114 [pool-449-thread-1] INFO  impl.RaftServerImpl (RaftServerImpl.java:setRole(170)) - db0f9e5f-40c7-432b-82eb-2896485fae3f@group-03BD43E7D871: changes role from      null to FOLLOWER at term 0 for startAsFollower
2019-10-09 23:42:11,114 [pool-449-thread-1] INFO  impl.RoleInfo (RoleInfo.java:updateAndGet(143)) - db0f9e5f-40c7-432b-82eb-2896485fae3f: start FollowerState
2019-10-09 23:42:11,114 [pool-449-thread-1] INFO  util.JmxRegister (JmxRegister.java:tryRegister(44)) - Successfully registered JMX Bean with object name Ratis:service=RaftServer,group=group-03BD43E7D871,id=db0f9e5f-40c7-432b-82eb-2896485fae3f
2019-10-09 23:42:11,118 [RatisPipelineUtilsThread] INFO  pipeline.PipelineStateManager (PipelineStateManager.java:addPipeline(56)) - Created pipeline Pipeline[ Id: bd446112-2222-4ded-9bb5-03bd43e7d871, Nodes: db0f9e5f-40c7-432b-82eb-2896485fae3f{ip: 192.168.151.98, host: pr-hdds-2194-ks6jj-815731239, networkLocation: /default-rack, certSerialId: null}, Type:RATIS, Factor:ONE, State:OPEN]
2019-10-09 23:42:11,125 [grpc-default-executor-11] INFO  impl.RaftServerProxy (RaftServerProxy.java:addNew(89)) - 048ed862-969d-4a53-9065-988fa7882172: addNew group-A1E3CC2534D4:[048ed862-969d-4a53-9065-988fa7882172:192.168.151.98:42040] returns group-A1E3CC2534D4:java.util.concurrent.CompletableFuture@a94ac12[Not completed]
2019-10-09 23:42:11,126 [pool-439-thread-1] INFO  impl.RaftServerImpl (RaftServerImpl.java:<init>(95)) - 048ed862-969d-4a53-9065-988fa7882172: new RaftServerImpl for group-A1E3CC2534D4:[048ed862-969d-4a53-9065-988fa7882172:192.168.151.98:42040] with ContainerStateMachine:uninitialized
2019-10-09 23:42:11,126 [pool-439-thread-1] INFO  server.RaftServerConfigKeys (ConfUtils.java:logGet(43)) - raft.server.rpc.timeout.min = 5s (custom)
2019-10-09 23:42:11,126 [pool-439-thread-1] INFO  server.RaftServerConfigKeys (ConfUtils.java:logGet(43)) - raft.server.rpc.timeout.max = 5200ms (custom)
2019-10-09 23:42:11,126 [pool-439-thread-1] INFO  server.RaftServerConfigKeys (ConfUtils.java:logGet(43)) - raft.server.rpcslowness.timeout = 120s (custom)
2019-10-09 23:42:11,126 [pool-439-thread-1] INFO  server.RaftServerConfigKeys (ConfUtils.java:logGet(43)) - raft.server.sleep.deviation.threshold = 300 (default)
2019-10-09 23:42:11,126 [pool-439-thread-1] INFO  server.RaftServerConfigKeys (ConfUtils.java:logGet(43)) - raft.server.log.appender.install.snapshot.enabled = false (custom)
2019-10-09 23:42:11,126 [pool-439-thread-1] INFO  impl.RaftServerImpl (ServerState.java:<init>(103)) - 048ed862-969d-4a53-9065-988fa7882172@group-A1E3CC2534D4: ConfigurationManager, init=-1: [048ed862-969d-4a53-9065-988fa7882172:192.168.151.98:42040], old=null, confs=<EMPTY_MAP>
2019-10-09 23:42:11,126 [pool-439-thread-1] INFO  server.RaftServerConfigKeys (ConfUtils.java:logGet(43)) - raft.server.storage.dir = [/workdir/hadoop-ozone/integration-test/target/test-dir/MiniOzoneClusterImpl-8b6ca641-6d7f-4583-914a-a0f78aea40f0/datanode-3/data/ratis] (custom)
2019-10-09 23:42:11,127 [pool-439-thread-1] INFO  server.RaftServerConfigKeys (ConfUtils.java:logGet(43)) - raft.server.log.corruption.policy = EXCEPTION (default)
2019-10-09 23:42:11,127 [pool-439-thread-1] INFO  storage.RaftStorageDirectory (RaftStorageDirectory.java:analyzeStorage(246)) - The storage directory /workdir/hadoop-ozone/integration-test/target/test-dir/MiniOzoneClusterImpl-8b6ca641-6d7f-4583-914a-a0f78aea40f0/datanode-3/data/ratis/6f04489f-b261-455d-b982-a1e3cc2534d4 does not exist. Creating ...
2019-10-09 23:42:11,137 [pool-439-thread-1] INFO  storage.RaftStorageDirectory (RaftStorageDirectory.java:tryLock(328)) - Lock on /workdir/hadoop-ozone/integration-test/target/test-dir/MiniOzoneClusterImpl-8b6ca641-6d7f-4583-914a-a0f78aea40f0/datanode-3/data/ratis/6f04489f-b261-455d-b982-a1e3cc2534d4/in_use.lock acquired by nodename 25498@pr-hdds-2194-ks6jj-815731239
2019-10-09 23:42:11,138 [IPC Server handler 4 on 43755] INFO  net.NetworkTopology (NetworkTopologyImpl.java:add(111)) - Added a new node: /default-rack/347733b7-3083-402e-906e-121f5d9a8d9c
2019-10-09 23:42:11,138 [IPC Server handler 4 on 43755] INFO  node.SCMNodeManager (SCMNodeManager.java:register(268)) - Registered Data node : 347733b7-3083-402e-906e-121f5d9a8d9c{ip: 192.168.151.98, host: pr-hdds-2194-ks6jj-815731239, networkLocation: /default-rack, certSerialId: null}
2019-10-09 23:42:11,150 [pool-439-thread-1] INFO  storage.RaftStorage (RaftStorage.java:format(84)) - Storage directory /workdir/hadoop-ozone/integration-test/target/test-dir/MiniOzoneClusterImpl-8b6ca641-6d7f-4583-914a-a0f78aea40f0/datanode-3/data/ratis/6f04489f-b261-455d-b982-a1e3cc2534d4 has been successfully formatted.
2019-10-09 23:42:11,150 [pool-439-thread-1] INFO  ratis.ContainerStateMachine (ContainerStateMachine.java:loadSnapshot(231)) - group-A1E3CC2534D4: The snapshot info is null. Setting the last applied indexto:(t:0, i:~)
2019-10-09 23:42:11,150 [pool-439-thread-1] INFO  server.RaftServerConfigKeys (ConfUtils.java:logGet(43)) - raft.server.notification.no-leader.timeout = 120s (custom)
2019-10-09 23:42:11,151 [pool-439-thread-1] INFO  server.RaftServerConfigKeys (ConfUtils.java:logGet(43)) - raft.server.log.use.memory = false (default)
2019-10-09 23:42:11,151 [pool-439-thread-1] INFO  server.RaftServerConfigKeys (ConfUtils.java:logGet(43)) - raft.server.log.purge.gap = 1000000 (custom)
2019-10-09 23:42:11,151 [pool-439-thread-1] INFO  server.RaftServerConfigKeys (ConfUtils.java:logGet(43)) - raft.server.log.appender.buffer.byte-limit = 33554432 (custom)
2019-10-09 23:42:11,151 [pool-439-thread-1] INFO  server.RaftServerConfigKeys (ConfUtils.java:logGet(43)) - raft.server.log.segment.size.max = 1048576 (custom)
2019-10-09 23:42:11,152 [pool-439-thread-1] INFO  server.RaftServerConfigKeys (ConfUtils.java:logGet(43)) - raft.server.log.segment.cache.num.max = 2 (custom)
2019-10-09 23:42:11,152 [pool-439-thread-1] INFO  segmented.SegmentedRaftLogWorker (SegmentedRaftLogWorker.java:<init>(173)) - new 048ed862-969d-4a53-9065-988fa7882172@group-A1E3CC2534D4-SegmentedRaftLogWorker for RaftStorage:Storage Directory /workdir/hadoop-ozone/integration-test/target/test-dir/MiniOzoneClusterImpl-8b6ca641-6d7f-4583-914a-a0f78aea40f0/datanode-3/data/ratis/6f04489f-b261-455d-b982-a1e3cc2534d4
2019-10-09 23:42:11,152 [pool-439-thread-1] INFO  server.RaftServerConfigKeys (ConfUtils.java:logGet(43)) - raft.server.log.queue.byte-limit = 2147483647 (custom)
2019-10-09 23:42:11,152 [pool-439-thread-1] INFO  server.RaftServerConfigKeys (ConfUtils.java:logGet(43)) - raft.server.log.queue.element-limit = 1024 (custom)
2019-10-09 23:42:11,152 [pool-439-thread-1] INFO  server.RaftServerConfigKeys (ConfUtils.java:logGet(43)) - raft.server.log.segment.size.max = 1048576 (custom)
2019-10-09 23:42:11,153 [pool-439-thread-1] INFO  server.RaftServerConfigKeys (ConfUtils.java:logGet(43)) - raft.server.log.preallocated.size = 16384 (custom)
2019-10-09 23:42:11,153 [pool-439-thread-1] INFO  server.RaftServerConfigKeys (ConfUtils.java:logGet(43)) - raft.server.log.write.buffer.size = 33554432 (custom)
2019-10-09 23:42:11,153 [pool-439-thread-1] INFO  server.RaftServerConfigKeys (ConfUtils.java:logGet(43)) - raft.server.log.force.sync.num = 128 (default)
2019-10-09 23:42:11,153 [pool-439-thread-1] INFO  server.RaftServerConfigKeys (ConfUtils.java:logGet(43)) - raft.server.log.statemachine.data.sync = true (default)
2019-10-09 23:42:11,153 [pool-439-thread-1] INFO  server.RaftServerConfigKeys (ConfUtils.java:logGet(43)) - raft.server.log.statemachine.data.sync.timeout = 10s (default)
2019-10-09 23:42:11,153 [pool-439-thread-1] INFO  server.RaftServerConfigKeys (ConfUtils.java:logGet(43)) - raft.server.log.statemachine.data.sync.timeout.retry = -1 (default)
2019-10-09 23:42:11,153 [pool-439-thread-1] INFO  server.RaftServerConfigKeys (ConfUtils.java:logGet(43)) - raft.server.log.statemachine.data.caching.enabled = true (custom)
2019-10-09 23:42:11,154 [pool-439-thread-1] INFO  segmented.SegmentedRaftLogWorker (SegmentedRaftLogWorker.java:lambda$new$0(128)) - 048ed862-969d-4a53-9065-988fa7882172@group-A1E3CC2534D4-SegmentedRaftLogWorker: flushIndex: setUnconditionally 0 -> -1
2019-10-09 23:42:11,154 [pool-439-thread-1] INFO  server.RaftServerConfigKeys (ConfUtils.java:logGet(43)) - raft.server.snapshot.auto.trigger.enabled = true (custom)
2019-10-09 23:42:11,154 [pool-439-thread-1] INFO  server.RaftServerConfigKeys (ConfUtils.java:logGet(43)) - raft.server.snapshot.auto.trigger.threshold = 10000 (custom)
2019-10-09 23:42:11,154 [pool-439-thread-1] INFO  server.RaftServerConfigKeys (ConfUtils.java:logGet(43)) - raft.server.snapshot.retention.file.num = 5 (custom)
2019-10-09 23:42:11,154 [pool-439-thread-1] INFO  server.RaftServerConfigKeys (ConfUtils.java:logGet(43)) - raft.server.retrycache.expirytime = 600000ms (custom)
2019-10-09 23:42:11,155 [pool-439-thread-1] INFO  impl.RaftServerImpl (RaftServerImpl.java:start(181)) - 048ed862-969d-4a53-9065-988fa7882172@group-A1E3CC2534D4: start as a follower, conf=-1: [048ed862-969d-4a53-9065-988fa7882172:192.168.151.98:42040], old=null
2019-10-09 23:42:11,155 [pool-439-thread-1] INFO  impl.RaftServerImpl (RaftServerImpl.java:setRole(170)) - 048ed862-969d-4a53-9065-988fa7882172@group-A1E3CC2534D4: changes role from      null to FOLLOWER at term 0 for startAsFollower
2019-10-09 23:42:11,155 [pool-439-thread-1] INFO  impl.RoleInfo (RoleInfo.java:updateAndGet(143)) - 048ed862-969d-4a53-9065-988fa7882172: start FollowerState
2019-10-09 23:42:11,169 [pool-439-thread-1] INFO  util.JmxRegister (JmxRegister.java:tryRegister(44)) - Successfully registered JMX Bean with object name Ratis:service=RaftServer,group=group-A1E3CC2534D4,id=048ed862-969d-4a53-9065-988fa7882172
2019-10-09 23:42:11,183 [RatisPipelineUtilsThread] INFO  pipeline.PipelineStateManager (PipelineStateManager.java:addPipeline(56)) - Created pipeline Pipeline[ Id: 6f04489f-b261-455d-b982-a1e3cc2534d4, Nodes: 048ed862-969d-4a53-9065-988fa7882172{ip: 192.168.151.98, host: pr-hdds-2194-ks6jj-815731239, networkLocation: /default-rack, certSerialId: null}, Type:RATIS, Factor:ONE, State:OPEN]
2019-10-09 23:42:11,192 [grpc-default-executor-11] INFO  impl.RaftServerProxy (RaftServerProxy.java:addNew(89)) - 347733b7-3083-402e-906e-121f5d9a8d9c: addNew group-A6242274143E:[347733b7-3083-402e-906e-121f5d9a8d9c:192.168.151.98:34194] returns group-A6242274143E:java.util.concurrent.CompletableFuture@59512a8b[Not completed]
2019-10-09 23:42:11,192 [pool-459-thread-1] INFO  impl.RaftServerImpl (RaftServerImpl.java:<init>(95)) - 347733b7-3083-402e-906e-121f5d9a8d9c: new RaftServerImpl for group-A6242274143E:[347733b7-3083-402e-906e-121f5d9a8d9c:192.168.151.98:34194] with ContainerStateMachine:uninitialized
2019-10-09 23:42:11,193 [pool-459-thread-1] INFO  server.RaftServerConfigKeys (ConfUtils.java:logGet(43)) - raft.server.rpc.timeout.min = 5s (custom)
2019-10-09 23:42:11,193 [pool-459-thread-1] INFO  server.RaftServerConfigKeys (ConfUtils.java:logGet(43)) - raft.server.rpc.timeout.max = 5200ms (custom)
2019-10-09 23:42:11,193 [pool-459-thread-1] INFO  server.RaftServerConfigKeys (ConfUtils.java:logGet(43)) - raft.server.rpcslowness.timeout = 120s (custom)
2019-10-09 23:42:11,193 [pool-459-thread-1] INFO  server.RaftServerConfigKeys (ConfUtils.java:logGet(43)) - raft.server.sleep.deviation.threshold = 300 (default)
2019-10-09 23:42:11,193 [pool-459-thread-1] INFO  server.RaftServerConfigKeys (ConfUtils.java:logGet(43)) - raft.server.log.appender.install.snapshot.enabled = false (custom)
2019-10-09 23:42:11,193 [pool-459-thread-1] INFO  impl.RaftServerImpl (ServerState.java:<init>(103)) - 347733b7-3083-402e-906e-121f5d9a8d9c@group-A6242274143E: ConfigurationManager, init=-1: [347733b7-3083-402e-906e-121f5d9a8d9c:192.168.151.98:34194], old=null, confs=<EMPTY_MAP>
2019-10-09 23:42:11,193 [pool-459-thread-1] INFO  server.RaftServerConfigKeys (ConfUtils.java:logGet(43)) - raft.server.storage.dir = [/workdir/hadoop-ozone/integration-test/target/test-dir/MiniOzoneClusterImpl-8b6ca641-6d7f-4583-914a-a0f78aea40f0/datanode-5/data/ratis] (custom)
2019-10-09 23:42:11,193 [pool-459-thread-1] INFO  server.RaftServerConfigKeys (ConfUtils.java:logGet(43)) - raft.server.log.corruption.policy = EXCEPTION (default)
2019-10-09 23:42:11,193 [pool-459-thread-1] INFO  storage.RaftStorageDirectory (RaftStorageDirectory.java:analyzeStorage(246)) - The storage directory /workdir/hadoop-ozone/integration-test/target/test-dir/MiniOzoneClusterImpl-8b6ca641-6d7f-4583-914a-a0f78aea40f0/datanode-5/data/ratis/a4bd2279-4c70-45a4-98db-a6242274143e does not exist. Creating ...
2019-10-09 23:42:11,205 [IPC Server handler 5 on 43755] INFO  net.NetworkTopology (NetworkTopologyImpl.java:add(111)) - Added a new node: /default-rack/2fa37604-7db0-4e2a-bcef-caac287edc99
2019-10-09 23:42:11,205 [IPC Server handler 5 on 43755] INFO  node.SCMNodeManager (SCMNodeManager.java:register(268)) - Registered Data node : 2fa37604-7db0-4e2a-bcef-caac287edc99{ip: 192.168.151.98, host: pr-hdds-2194-ks6jj-815731239, networkLocation: /default-rack, certSerialId: null}
2019-10-09 23:42:11,206 [main] INFO  ozone.MiniOzoneClusterImpl (MiniOzoneClusterImpl.java:lambda$waitForClusterToBeReady$0(147)) - Cluster is ready. Got 7 of 7 DN Heartbeats.
2019-10-09 23:42:11,206 [pool-459-thread-1] INFO  storage.RaftStorageDirectory (RaftStorageDirectory.java:tryLock(328)) - Lock on /workdir/hadoop-ozone/integration-test/target/test-dir/MiniOzoneClusterImpl-8b6ca641-6d7f-4583-914a-a0f78aea40f0/datanode-5/data/ratis/a4bd2279-4c70-45a4-98db-a6242274143e/in_use.lock acquired by nodename 25498@pr-hdds-2194-ks6jj-815731239
2019-10-09 23:42:11,219 [pool-459-thread-1] INFO  storage.RaftStorage (RaftStorage.java:format(84)) - Storage directory /workdir/hadoop-ozone/integration-test/target/test-dir/MiniOzoneClusterImpl-8b6ca641-6d7f-4583-914a-a0f78aea40f0/datanode-5/data/ratis/a4bd2279-4c70-45a4-98db-a6242274143e has been successfully formatted.
2019-10-09 23:42:11,219 [pool-459-thread-1] INFO  ratis.ContainerStateMachine (ContainerStateMachine.java:loadSnapshot(231)) - group-A6242274143E: The snapshot info is null. Setting the last applied indexto:(t:0, i:~)
2019-10-09 23:42:11,219 [pool-459-thread-1] INFO  server.RaftServerConfigKeys (ConfUtils.java:logGet(43)) - raft.server.notification.no-leader.timeout = 120s (custom)
2019-10-09 23:42:11,219 [pool-459-thread-1] INFO  server.RaftServerConfigKeys (ConfUtils.java:logGet(43)) - raft.server.log.use.memory = false (default)
2019-10-09 23:42:11,220 [pool-459-thread-1] INFO  server.RaftServerConfigKeys (ConfUtils.java:logGet(43)) - raft.server.log.purge.gap = 1000000 (custom)
2019-10-09 23:42:11,220 [pool-459-thread-1] INFO  server.RaftServerConfigKeys (ConfUtils.java:logGet(43)) - raft.server.log.appender.buffer.byte-limit = 33554432 (custom)
2019-10-09 23:42:11,220 [pool-459-thread-1] INFO  server.RaftServerConfigKeys (ConfUtils.java:logGet(43)) - raft.server.log.segment.size.max = 1048576 (custom)
2019-10-09 23:42:11,224 [pool-459-thread-1] INFO  server.RaftServerConfigKeys (ConfUtils.java:logGet(43)) - raft.server.log.segment.cache.num.max = 2 (custom)
2019-10-09 23:42:11,224 [pool-459-thread-1] INFO  segmented.SegmentedRaftLogWorker (SegmentedRaftLogWorker.java:<init>(173)) - new 347733b7-3083-402e-906e-121f5d9a8d9c@group-A6242274143E-SegmentedRaftLogWorker for RaftStorage:Storage Directory /workdir/hadoop-ozone/integration-test/target/test-dir/MiniOzoneClusterImpl-8b6ca641-6d7f-4583-914a-a0f78aea40f0/datanode-5/data/ratis/a4bd2279-4c70-45a4-98db-a6242274143e
2019-10-09 23:42:11,224 [pool-459-thread-1] INFO  server.RaftServerConfigKeys (ConfUtils.java:logGet(43)) - raft.server.log.queue.byte-limit = 2147483647 (custom)
2019-10-09 23:42:11,224 [pool-459-thread-1] INFO  server.RaftServerConfigKeys (ConfUtils.java:logGet(43)) - raft.server.log.queue.element-limit = 1024 (custom)
2019-10-09 23:42:11,224 [pool-459-thread-1] INFO  server.RaftServerConfigKeys (ConfUtils.java:logGet(43)) - raft.server.log.segment.size.max = 1048576 (custom)
2019-10-09 23:42:11,224 [pool-459-thread-1] INFO  server.RaftServerConfigKeys (ConfUtils.java:logGet(43)) - raft.server.log.preallocated.size = 16384 (custom)
2019-10-09 23:42:11,224 [pool-459-thread-1] INFO  server.RaftServerConfigKeys (ConfUtils.java:logGet(43)) - raft.server.log.write.buffer.size = 33554432 (custom)
2019-10-09 23:42:11,242 [pool-459-thread-1] INFO  server.RaftServerConfigKeys (ConfUtils.java:logGet(43)) - raft.server.log.force.sync.num = 128 (default)
2019-10-09 23:42:11,242 [pool-459-thread-1] INFO  server.RaftServerConfigKeys (ConfUtils.java:logGet(43)) - raft.server.log.statemachine.data.sync = true (default)
2019-10-09 23:42:11,242 [pool-459-thread-1] INFO  server.RaftServerConfigKeys (ConfUtils.java:logGet(43)) - raft.server.log.statemachine.data.sync.timeout = 10s (default)
2019-10-09 23:42:11,242 [pool-459-thread-1] INFO  server.RaftServerConfigKeys (ConfUtils.java:logGet(43)) - raft.server.log.statemachine.data.sync.timeout.retry = -1 (default)
2019-10-09 23:42:11,242 [pool-459-thread-1] INFO  server.RaftServerConfigKeys (ConfUtils.java:logGet(43)) - raft.server.log.statemachine.data.caching.enabled = true (custom)
2019-10-09 23:42:11,243 [pool-459-thread-1] INFO  segmented.SegmentedRaftLogWorker (SegmentedRaftLogWorker.java:lambda$new$0(128)) - 347733b7-3083-402e-906e-121f5d9a8d9c@group-A6242274143E-SegmentedRaftLogWorker: flushIndex: setUnconditionally 0 -> -1
2019-10-09 23:42:11,243 [pool-459-thread-1] INFO  server.RaftServerConfigKeys (ConfUtils.java:logGet(43)) - raft.server.snapshot.auto.trigger.enabled = true (custom)
2019-10-09 23:42:11,243 [pool-459-thread-1] INFO  server.RaftServerConfigKeys (ConfUtils.java:logGet(43)) - raft.server.snapshot.auto.trigger.threshold = 10000 (custom)
2019-10-09 23:42:11,243 [pool-459-thread-1] INFO  server.RaftServerConfigKeys (ConfUtils.java:logGet(43)) - raft.server.snapshot.retention.file.num = 5 (custom)
2019-10-09 23:42:11,243 [pool-459-thread-1] INFO  server.RaftServerConfigKeys (ConfUtils.java:logGet(43)) - raft.server.retrycache.expirytime = 600000ms (custom)
2019-10-09 23:42:11,244 [pool-459-thread-1] INFO  impl.RaftServerImpl (RaftServerImpl.java:start(181)) - 347733b7-3083-402e-906e-121f5d9a8d9c@group-A6242274143E: start as a follower, conf=-1: [347733b7-3083-402e-906e-121f5d9a8d9c:192.168.151.98:34194], old=null
2019-10-09 23:42:11,245 [pool-459-thread-1] INFO  impl.RaftServerImpl (RaftServerImpl.java:setRole(170)) - 347733b7-3083-402e-906e-121f5d9a8d9c@group-A6242274143E: changes role from      null to FOLLOWER at term 0 for startAsFollower
2019-10-09 23:42:11,245 [pool-459-thread-1] INFO  impl.RoleInfo (RoleInfo.java:updateAndGet(143)) - 347733b7-3083-402e-906e-121f5d9a8d9c: start FollowerState
2019-10-09 23:42:11,245 [pool-459-thread-1] INFO  util.JmxRegister (JmxRegister.java:tryRegister(44)) - Successfully registered JMX Bean with object name Ratis:service=RaftServer,group=group-A6242274143E,id=347733b7-3083-402e-906e-121f5d9a8d9c
2019-10-09 23:42:11,251 [main] INFO  rpc.RpcClient (RpcClient.java:createVolume(272)) - Creating Volume: testblockoutputstream, with jenkins1000 as owner.
2019-10-09 23:42:11,251 [RatisPipelineUtilsThread] INFO  pipeline.PipelineStateManager (PipelineStateManager.java:addPipeline(56)) - Created pipeline Pipeline[ Id: a4bd2279-4c70-45a4-98db-a6242274143e, Nodes: 347733b7-3083-402e-906e-121f5d9a8d9c{ip: 192.168.151.98, host: pr-hdds-2194-ks6jj-815731239, networkLocation: /default-rack, certSerialId: null}, Type:RATIS, Factor:ONE, State:OPEN]
2019-10-09 23:42:11,258 [grpc-default-executor-11] INFO  impl.RaftServerProxy (RaftServerProxy.java:addNew(89)) - 2fa37604-7db0-4e2a-bcef-caac287edc99: addNew group-0FCB90F3C6E6:[2fa37604-7db0-4e2a-bcef-caac287edc99:192.168.151.98:43506] returns group-0FCB90F3C6E6:java.util.concurrent.CompletableFuture@60c4154c[Not completed]
2019-10-09 23:42:11,258 [IPC Server handler 1 on 34647] INFO  volume.OMVolumeCreateRequest (OMVolumeCreateRequest.java:validateAndUpdateCache(193)) - created volume:testblockoutputstream for user:jenkins1000
2019-10-09 23:42:11,259 [pool-469-thread-1] INFO  impl.RaftServerImpl (RaftServerImpl.java:<init>(95)) - 2fa37604-7db0-4e2a-bcef-caac287edc99: new RaftServerImpl for group-0FCB90F3C6E6:[2fa37604-7db0-4e2a-bcef-caac287edc99:192.168.151.98:43506] with ContainerStateMachine:uninitialized
2019-10-09 23:42:11,259 [pool-469-thread-1] INFO  server.RaftServerConfigKeys (ConfUtils.java:logGet(43)) - raft.server.rpc.timeout.min = 5s (custom)
2019-10-09 23:42:11,260 [pool-469-thread-1] INFO  server.RaftServerConfigKeys (ConfUtils.java:logGet(43)) - raft.server.rpc.timeout.max = 5200ms (custom)
2019-10-09 23:42:11,260 [pool-469-thread-1] INFO  server.RaftServerConfigKeys (ConfUtils.java:logGet(43)) - raft.server.rpcslowness.timeout = 120s (custom)
2019-10-09 23:42:11,260 [pool-469-thread-1] INFO  server.RaftServerConfigKeys (ConfUtils.java:logGet(43)) - raft.server.sleep.deviation.threshold = 300 (default)
2019-10-09 23:42:11,260 [pool-469-thread-1] INFO  server.RaftServerConfigKeys (ConfUtils.java:logGet(43)) - raft.server.log.appender.install.snapshot.enabled = false (custom)
2019-10-09 23:42:11,260 [pool-469-thread-1] INFO  impl.RaftServerImpl (ServerState.java:<init>(103)) - 2fa37604-7db0-4e2a-bcef-caac287edc99@group-0FCB90F3C6E6: ConfigurationManager, init=-1: [2fa37604-7db0-4e2a-bcef-caac287edc99:192.168.151.98:43506], old=null, confs=<EMPTY_MAP>
2019-10-09 23:42:11,263 [pool-469-thread-1] INFO  server.RaftServerConfigKeys (ConfUtils.java:logGet(43)) - raft.server.storage.dir = [/workdir/hadoop-ozone/integration-test/target/test-dir/MiniOzoneClusterImpl-8b6ca641-6d7f-4583-914a-a0f78aea40f0/datanode-6/data/ratis] (custom)
2019-10-09 23:42:11,264 [pool-469-thread-1] INFO  server.RaftServerConfigKeys (ConfUtils.java:logGet(43)) - raft.server.log.corruption.policy = EXCEPTION (default)
2019-10-09 23:42:11,264 [pool-469-thread-1] INFO  storage.RaftStorageDirectory (RaftStorageDirectory.java:analyzeStorage(246)) - The storage directory /workdir/hadoop-ozone/integration-test/target/test-dir/MiniOzoneClusterImpl-8b6ca641-6d7f-4583-914a-a0f78aea40f0/datanode-6/data/ratis/6855e474-fb4b-441e-8a6e-0fcb90f3c6e6 does not exist. Creating ...
2019-10-09 23:42:11,274 [main] INFO  rpc.RpcClient (RpcClient.java:createBucket(411)) - Creating Bucket: testblockoutputstream/testblockoutputstream, with Versioning false and Storage Type set to DISK and Encryption set to false 
2019-10-09 23:42:11,287 [pool-469-thread-1] INFO  storage.RaftStorageDirectory (RaftStorageDirectory.java:tryLock(328)) - Lock on /workdir/hadoop-ozone/integration-test/target/test-dir/MiniOzoneClusterImpl-8b6ca641-6d7f-4583-914a-a0f78aea40f0/datanode-6/data/ratis/6855e474-fb4b-441e-8a6e-0fcb90f3c6e6/in_use.lock acquired by nodename 25498@pr-hdds-2194-ks6jj-815731239
2019-10-09 23:42:11,301 [pool-469-thread-1] INFO  storage.RaftStorage (RaftStorage.java:format(84)) - Storage directory /workdir/hadoop-ozone/integration-test/target/test-dir/MiniOzoneClusterImpl-8b6ca641-6d7f-4583-914a-a0f78aea40f0/datanode-6/data/ratis/6855e474-fb4b-441e-8a6e-0fcb90f3c6e6 has been successfully formatted.
2019-10-09 23:42:11,301 [pool-469-thread-1] INFO  ratis.ContainerStateMachine (ContainerStateMachine.java:loadSnapshot(231)) - group-0FCB90F3C6E6: The snapshot info is null. Setting the last applied indexto:(t:0, i:~)
2019-10-09 23:42:11,301 [pool-469-thread-1] INFO  server.RaftServerConfigKeys (ConfUtils.java:logGet(43)) - raft.server.notification.no-leader.timeout = 120s (custom)
2019-10-09 23:42:11,301 [pool-469-thread-1] INFO  server.RaftServerConfigKeys (ConfUtils.java:logGet(43)) - raft.server.log.use.memory = false (default)
2019-10-09 23:42:11,302 [pool-469-thread-1] INFO  server.RaftServerConfigKeys (ConfUtils.java:logGet(43)) - raft.server.log.purge.gap = 1000000 (custom)
2019-10-09 23:42:11,302 [pool-469-thread-1] INFO  server.RaftServerConfigKeys (ConfUtils.java:logGet(43)) - raft.server.log.appender.buffer.byte-limit = 33554432 (custom)
2019-10-09 23:42:11,302 [pool-469-thread-1] INFO  server.RaftServerConfigKeys (ConfUtils.java:logGet(43)) - raft.server.log.segment.size.max = 1048576 (custom)
2019-10-09 23:42:11,303 [pool-469-thread-1] INFO  server.RaftServerConfigKeys (ConfUtils.java:logGet(43)) - raft.server.log.segment.cache.num.max = 2 (custom)
2019-10-09 23:42:11,303 [pool-469-thread-1] INFO  segmented.SegmentedRaftLogWorker (SegmentedRaftLogWorker.java:<init>(173)) - new 2fa37604-7db0-4e2a-bcef-caac287edc99@group-0FCB90F3C6E6-SegmentedRaftLogWorker for RaftStorage:Storage Directory /workdir/hadoop-ozone/integration-test/target/test-dir/MiniOzoneClusterImpl-8b6ca641-6d7f-4583-914a-a0f78aea40f0/datanode-6/data/ratis/6855e474-fb4b-441e-8a6e-0fcb90f3c6e6
2019-10-09 23:42:11,303 [pool-469-thread-1] INFO  server.RaftServerConfigKeys (ConfUtils.java:logGet(43)) - raft.server.log.queue.byte-limit = 2147483647 (custom)
2019-10-09 23:42:11,304 [pool-469-thread-1] INFO  server.RaftServerConfigKeys (ConfUtils.java:logGet(43)) - raft.server.log.queue.element-limit = 1024 (custom)
2019-10-09 23:42:11,304 [pool-469-thread-1] INFO  server.RaftServerConfigKeys (ConfUtils.java:logGet(43)) - raft.server.log.segment.size.max = 1048576 (custom)
2019-10-09 23:42:11,304 [pool-469-thread-1] INFO  server.RaftServerConfigKeys (ConfUtils.java:logGet(43)) - raft.server.log.preallocated.size = 16384 (custom)
2019-10-09 23:42:11,304 [pool-469-thread-1] INFO  server.RaftServerConfigKeys (ConfUtils.java:logGet(43)) - raft.server.log.write.buffer.size = 33554432 (custom)
2019-10-09 23:42:11,304 [pool-469-thread-1] INFO  server.RaftServerConfigKeys (ConfUtils.java:logGet(43)) - raft.server.log.force.sync.num = 128 (default)
2019-10-09 23:42:11,304 [pool-469-thread-1] INFO  server.RaftServerConfigKeys (ConfUtils.java:logGet(43)) - raft.server.log.statemachine.data.sync = true (default)
2019-10-09 23:42:11,304 [pool-469-thread-1] INFO  server.RaftServerConfigKeys (ConfUtils.java:logGet(43)) - raft.server.log.statemachine.data.sync.timeout = 10s (default)
2019-10-09 23:42:11,304 [pool-469-thread-1] INFO  server.RaftServerConfigKeys (ConfUtils.java:logGet(43)) - raft.server.log.statemachine.data.sync.timeout.retry = -1 (default)
2019-10-09 23:42:11,304 [pool-469-thread-1] INFO  server.RaftServerConfigKeys (ConfUtils.java:logGet(43)) - raft.server.log.statemachine.data.caching.enabled = true (custom)
2019-10-09 23:42:11,305 [pool-469-thread-1] INFO  segmented.SegmentedRaftLogWorker (SegmentedRaftLogWorker.java:lambda$new$0(128)) - 2fa37604-7db0-4e2a-bcef-caac287edc99@group-0FCB90F3C6E6-SegmentedRaftLogWorker: flushIndex: setUnconditionally 0 -> -1
2019-10-09 23:42:11,305 [pool-469-thread-1] INFO  server.RaftServerConfigKeys (ConfUtils.java:logGet(43)) - raft.server.snapshot.auto.trigger.enabled = true (custom)
2019-10-09 23:42:11,305 [pool-469-thread-1] INFO  server.RaftServerConfigKeys (ConfUtils.java:logGet(43)) - raft.server.snapshot.auto.trigger.threshold = 10000 (custom)
2019-10-09 23:42:11,305 [pool-469-thread-1] INFO  server.RaftServerConfigKeys (ConfUtils.java:logGet(43)) - raft.server.snapshot.retention.file.num = 5 (custom)
2019-10-09 23:42:11,305 [pool-469-thread-1] INFO  server.RaftServerConfigKeys (ConfUtils.java:logGet(43)) - raft.server.retrycache.expirytime = 600000ms (custom)
2019-10-09 23:42:11,306 [pool-469-thread-1] INFO  impl.RaftServerImpl (RaftServerImpl.java:start(181)) - 2fa37604-7db0-4e2a-bcef-caac287edc99@group-0FCB90F3C6E6: start as a follower, conf=-1: [2fa37604-7db0-4e2a-bcef-caac287edc99:192.168.151.98:43506], old=null
2019-10-09 23:42:11,306 [pool-469-thread-1] INFO  impl.RaftServerImpl (RaftServerImpl.java:setRole(170)) - 2fa37604-7db0-4e2a-bcef-caac287edc99@group-0FCB90F3C6E6: changes role from      null to FOLLOWER at term 0 for startAsFollower
2019-10-09 23:42:11,306 [pool-469-thread-1] INFO  impl.RoleInfo (RoleInfo.java:updateAndGet(143)) - 2fa37604-7db0-4e2a-bcef-caac287edc99: start FollowerState
2019-10-09 23:42:11,307 [pool-469-thread-1] INFO  util.JmxRegister (JmxRegister.java:tryRegister(44)) - Successfully registered JMX Bean with object name Ratis:service=RaftServer,group=group-0FCB90F3C6E6,id=2fa37604-7db0-4e2a-bcef-caac287edc99
2019-10-09 23:42:11,310 [RatisPipelineUtilsThread] INFO  pipeline.PipelineStateManager (PipelineStateManager.java:addPipeline(56)) - Created pipeline Pipeline[ Id: 6855e474-fb4b-441e-8a6e-0fcb90f3c6e6, Nodes: 2fa37604-7db0-4e2a-bcef-caac287edc99{ip: 192.168.151.98, host: pr-hdds-2194-ks6jj-815731239, networkLocation: /default-rack, certSerialId: null}, Type:RATIS, Factor:ONE, State:OPEN]
2019-10-09 23:42:11,322 [grpc-default-executor-9] INFO  impl.RaftServerProxy (RaftServerProxy.java:addNew(89)) - 048ed862-969d-4a53-9065-988fa7882172: addNew group-6E1002E0E66A:[db0f9e5f-40c7-432b-82eb-2896485fae3f:192.168.151.98:33436, 2fa37604-7db0-4e2a-bcef-caac287edc99:192.168.151.98:43506, 048ed862-969d-4a53-9065-988fa7882172:192.168.151.98:42040] returns group-6E1002E0E66A:java.util.concurrent.CompletableFuture@f6d0e87[Not completed]
2019-10-09 23:42:11,322 [grpc-default-executor-11] INFO  impl.RaftServerProxy (RaftServerProxy.java:addNew(89)) - 2fa37604-7db0-4e2a-bcef-caac287edc99: addNew group-6E1002E0E66A:[db0f9e5f-40c7-432b-82eb-2896485fae3f:192.168.151.98:33436, 2fa37604-7db0-4e2a-bcef-caac287edc99:192.168.151.98:43506, 048ed862-969d-4a53-9065-988fa7882172:192.168.151.98:42040] returns group-6E1002E0E66A:java.util.concurrent.CompletableFuture@1176afb1[Not completed]
2019-10-09 23:42:11,322 [grpc-default-executor-10] INFO  impl.RaftServerProxy (RaftServerProxy.java:addNew(89)) - db0f9e5f-40c7-432b-82eb-2896485fae3f: addNew group-6E1002E0E66A:[db0f9e5f-40c7-432b-82eb-2896485fae3f:192.168.151.98:33436, 2fa37604-7db0-4e2a-bcef-caac287edc99:192.168.151.98:43506, 048ed862-969d-4a53-9065-988fa7882172:192.168.151.98:42040] returns group-6E1002E0E66A:java.util.concurrent.CompletableFuture@310ae9f5[Not completed]
2019-10-09 23:42:11,324 [pool-439-thread-1] INFO  impl.RaftServerImpl (RaftServerImpl.java:<init>(95)) - 048ed862-969d-4a53-9065-988fa7882172: new RaftServerImpl for group-6E1002E0E66A:[db0f9e5f-40c7-432b-82eb-2896485fae3f:192.168.151.98:33436, 2fa37604-7db0-4e2a-bcef-caac287edc99:192.168.151.98:43506, 048ed862-969d-4a53-9065-988fa7882172:192.168.151.98:42040] with ContainerStateMachine:uninitialized
2019-10-09 23:42:11,324 [pool-439-thread-1] INFO  server.RaftServerConfigKeys (ConfUtils.java:logGet(43)) - raft.server.rpc.timeout.min = 5s (custom)
2019-10-09 23:42:11,324 [pool-439-thread-1] INFO  server.RaftServerConfigKeys (ConfUtils.java:logGet(43)) - raft.server.rpc.timeout.max = 5200ms (custom)
2019-10-09 23:42:11,324 [pool-439-thread-1] INFO  server.RaftServerConfigKeys (ConfUtils.java:logGet(43)) - raft.server.rpcslowness.timeout = 120s (custom)
2019-10-09 23:42:11,324 [pool-439-thread-1] INFO  server.RaftServerConfigKeys (ConfUtils.java:logGet(43)) - raft.server.sleep.deviation.threshold = 300 (default)
2019-10-09 23:42:11,324 [pool-439-thread-1] INFO  server.RaftServerConfigKeys (ConfUtils.java:logGet(43)) - raft.server.log.appender.install.snapshot.enabled = false (custom)
2019-10-09 23:42:11,324 [pool-439-thread-1] INFO  impl.RaftServerImpl (ServerState.java:<init>(103)) - 048ed862-969d-4a53-9065-988fa7882172@group-6E1002E0E66A: ConfigurationManager, init=-1: [db0f9e5f-40c7-432b-82eb-2896485fae3f:192.168.151.98:33436, 2fa37604-7db0-4e2a-bcef-caac287edc99:192.168.151.98:43506, 048ed862-969d-4a53-9065-988fa7882172:192.168.151.98:42040], old=null, confs=<EMPTY_MAP>
2019-10-09 23:42:11,324 [pool-439-thread-1] INFO  server.RaftServerConfigKeys (ConfUtils.java:logGet(43)) - raft.server.storage.dir = [/workdir/hadoop-ozone/integration-test/target/test-dir/MiniOzoneClusterImpl-8b6ca641-6d7f-4583-914a-a0f78aea40f0/datanode-3/data/ratis] (custom)
2019-10-09 23:42:11,325 [pool-449-thread-1] INFO  impl.RaftServerImpl (RaftServerImpl.java:<init>(95)) - db0f9e5f-40c7-432b-82eb-2896485fae3f: new RaftServerImpl for group-6E1002E0E66A:[db0f9e5f-40c7-432b-82eb-2896485fae3f:192.168.151.98:33436, 2fa37604-7db0-4e2a-bcef-caac287edc99:192.168.151.98:43506, 048ed862-969d-4a53-9065-988fa7882172:192.168.151.98:42040] with ContainerStateMachine:uninitialized
2019-10-09 23:42:11,325 [pool-439-thread-1] INFO  server.RaftServerConfigKeys (ConfUtils.java:logGet(43)) - raft.server.log.corruption.policy = EXCEPTION (default)
2019-10-09 23:42:11,325 [pool-449-thread-1] INFO  server.RaftServerConfigKeys (ConfUtils.java:logGet(43)) - raft.server.rpc.timeout.min = 5s (custom)
2019-10-09 23:42:11,325 [pool-439-thread-1] INFO  storage.RaftStorageDirectory (RaftStorageDirectory.java:analyzeStorage(246)) - The storage directory /workdir/hadoop-ozone/integration-test/target/test-dir/MiniOzoneClusterImpl-8b6ca641-6d7f-4583-914a-a0f78aea40f0/datanode-3/data/ratis/e154a239-4471-404e-a663-6e1002e0e66a does not exist. Creating ...
2019-10-09 23:42:11,325 [pool-469-thread-1] INFO  impl.RaftServerImpl (RaftServerImpl.java:<init>(95)) - 2fa37604-7db0-4e2a-bcef-caac287edc99: new RaftServerImpl for group-6E1002E0E66A:[db0f9e5f-40c7-432b-82eb-2896485fae3f:192.168.151.98:33436, 2fa37604-7db0-4e2a-bcef-caac287edc99:192.168.151.98:43506, 048ed862-969d-4a53-9065-988fa7882172:192.168.151.98:42040] with ContainerStateMachine:uninitialized
2019-10-09 23:42:11,325 [pool-469-thread-1] INFO  server.RaftServerConfigKeys (ConfUtils.java:logGet(43)) - raft.server.rpc.timeout.min = 5s (custom)
2019-10-09 23:42:11,325 [pool-449-thread-1] INFO  server.RaftServerConfigKeys (ConfUtils.java:logGet(43)) - raft.server.rpc.timeout.max = 5200ms (custom)
2019-10-09 23:42:11,325 [pool-469-thread-1] INFO  server.RaftServerConfigKeys (ConfUtils.java:logGet(43)) - raft.server.rpc.timeout.max = 5200ms (custom)
2019-10-09 23:42:11,326 [pool-469-thread-1] INFO  server.RaftServerConfigKeys (ConfUtils.java:logGet(43)) - raft.server.rpcslowness.timeout = 120s (custom)
2019-10-09 23:42:11,325 [pool-449-thread-1] INFO  server.RaftServerConfigKeys (ConfUtils.java:logGet(43)) - raft.server.rpcslowness.timeout = 120s (custom)
2019-10-09 23:42:11,326 [pool-469-thread-1] INFO  server.RaftServerConfigKeys (ConfUtils.java:logGet(43)) - raft.server.sleep.deviation.threshold = 300 (default)
2019-10-09 23:42:11,326 [pool-449-thread-1] INFO  server.RaftServerConfigKeys (ConfUtils.java:logGet(43)) - raft.server.sleep.deviation.threshold = 300 (default)
2019-10-09 23:42:11,326 [pool-469-thread-1] INFO  server.RaftServerConfigKeys (ConfUtils.java:logGet(43)) - raft.server.log.appender.install.snapshot.enabled = false (custom)
2019-10-09 23:42:11,326 [pool-449-thread-1] INFO  server.RaftServerConfigKeys (ConfUtils.java:logGet(43)) - raft.server.log.appender.install.snapshot.enabled = false (custom)
2019-10-09 23:42:11,326 [pool-469-thread-1] INFO  impl.RaftServerImpl (ServerState.java:<init>(103)) - 2fa37604-7db0-4e2a-bcef-caac287edc99@group-6E1002E0E66A: ConfigurationManager, init=-1: [db0f9e5f-40c7-432b-82eb-2896485fae3f:192.168.151.98:33436, 2fa37604-7db0-4e2a-bcef-caac287edc99:192.168.151.98:43506, 048ed862-969d-4a53-9065-988fa7882172:192.168.151.98:42040], old=null, confs=<EMPTY_MAP>
2019-10-09 23:42:11,326 [pool-449-thread-1] INFO  impl.RaftServerImpl (ServerState.java:<init>(103)) - db0f9e5f-40c7-432b-82eb-2896485fae3f@group-6E1002E0E66A: ConfigurationManager, init=-1: [db0f9e5f-40c7-432b-82eb-2896485fae3f:192.168.151.98:33436, 2fa37604-7db0-4e2a-bcef-caac287edc99:192.168.151.98:43506, 048ed862-969d-4a53-9065-988fa7882172:192.168.151.98:42040], old=null, confs=<EMPTY_MAP>
2019-10-09 23:42:11,326 [pool-469-thread-1] INFO  server.RaftServerConfigKeys (ConfUtils.java:logGet(43)) - raft.server.storage.dir = [/workdir/hadoop-ozone/integration-test/target/test-dir/MiniOzoneClusterImpl-8b6ca641-6d7f-4583-914a-a0f78aea40f0/datanode-6/data/ratis] (custom)
2019-10-09 23:42:11,326 [pool-449-thread-1] INFO  server.RaftServerConfigKeys (ConfUtils.java:logGet(43)) - raft.server.storage.dir = [/workdir/hadoop-ozone/integration-test/target/test-dir/MiniOzoneClusterImpl-8b6ca641-6d7f-4583-914a-a0f78aea40f0/datanode-4/data/ratis] (custom)
2019-10-09 23:42:11,327 [pool-469-thread-1] INFO  server.RaftServerConfigKeys (ConfUtils.java:logGet(43)) - raft.server.log.corruption.policy = EXCEPTION (default)
2019-10-09 23:42:11,327 [pool-449-thread-1] INFO  server.RaftServerConfigKeys (ConfUtils.java:logGet(43)) - raft.server.log.corruption.policy = EXCEPTION (default)
2019-10-09 23:42:11,327 [pool-469-thread-1] INFO  storage.RaftStorageDirectory (RaftStorageDirectory.java:analyzeStorage(246)) - The storage directory /workdir/hadoop-ozone/integration-test/target/test-dir/MiniOzoneClusterImpl-8b6ca641-6d7f-4583-914a-a0f78aea40f0/datanode-6/data/ratis/e154a239-4471-404e-a663-6e1002e0e66a does not exist. Creating ...
2019-10-09 23:42:11,327 [pool-449-thread-1] INFO  storage.RaftStorageDirectory (RaftStorageDirectory.java:analyzeStorage(246)) - The storage directory /workdir/hadoop-ozone/integration-test/target/test-dir/MiniOzoneClusterImpl-8b6ca641-6d7f-4583-914a-a0f78aea40f0/datanode-4/data/ratis/e154a239-4471-404e-a663-6e1002e0e66a does not exist. Creating ...
2019-10-09 23:42:11,358 [pool-469-thread-1] INFO  storage.RaftStorageDirectory (RaftStorageDirectory.java:tryLock(328)) - Lock on /workdir/hadoop-ozone/integration-test/target/test-dir/MiniOzoneClusterImpl-8b6ca641-6d7f-4583-914a-a0f78aea40f0/datanode-6/data/ratis/e154a239-4471-404e-a663-6e1002e0e66a/in_use.lock acquired by nodename 25498@pr-hdds-2194-ks6jj-815731239
2019-10-09 23:42:11,358 [pool-439-thread-1] INFO  storage.RaftStorageDirectory (RaftStorageDirectory.java:tryLock(328)) - Lock on /workdir/hadoop-ozone/integration-test/target/test-dir/MiniOzoneClusterImpl-8b6ca641-6d7f-4583-914a-a0f78aea40f0/datanode-3/data/ratis/e154a239-4471-404e-a663-6e1002e0e66a/in_use.lock acquired by nodename 25498@pr-hdds-2194-ks6jj-815731239
2019-10-09 23:42:11,358 [pool-449-thread-1] INFO  storage.RaftStorageDirectory (RaftStorageDirectory.java:tryLock(328)) - Lock on /workdir/hadoop-ozone/integration-test/target/test-dir/MiniOzoneClusterImpl-8b6ca641-6d7f-4583-914a-a0f78aea40f0/datanode-4/data/ratis/e154a239-4471-404e-a663-6e1002e0e66a/in_use.lock acquired by nodename 25498@pr-hdds-2194-ks6jj-815731239
2019-10-09 23:42:11,395 [pool-439-thread-1] INFO  storage.RaftStorage (RaftStorage.java:format(84)) - Storage directory /workdir/hadoop-ozone/integration-test/target/test-dir/MiniOzoneClusterImpl-8b6ca641-6d7f-4583-914a-a0f78aea40f0/datanode-3/data/ratis/e154a239-4471-404e-a663-6e1002e0e66a has been successfully formatted.
2019-10-09 23:42:11,395 [pool-449-thread-1] INFO  storage.RaftStorage (RaftStorage.java:format(84)) - Storage directory /workdir/hadoop-ozone/integration-test/target/test-dir/MiniOzoneClusterImpl-8b6ca641-6d7f-4583-914a-a0f78aea40f0/datanode-4/data/ratis/e154a239-4471-404e-a663-6e1002e0e66a has been successfully formatted.
2019-10-09 23:42:11,395 [pool-469-thread-1] INFO  storage.RaftStorage (RaftStorage.java:format(84)) - Storage directory /workdir/hadoop-ozone/integration-test/target/test-dir/MiniOzoneClusterImpl-8b6ca641-6d7f-4583-914a-a0f78aea40f0/datanode-6/data/ratis/e154a239-4471-404e-a663-6e1002e0e66a has been successfully formatted.
2019-10-09 23:42:11,395 [pool-439-thread-1] INFO  ratis.ContainerStateMachine (ContainerStateMachine.java:loadSnapshot(231)) - group-6E1002E0E66A: The snapshot info is null. Setting the last applied indexto:(t:0, i:~)
2019-10-09 23:42:11,395 [pool-469-thread-1] INFO  ratis.ContainerStateMachine (ContainerStateMachine.java:loadSnapshot(231)) - group-6E1002E0E66A: The snapshot info is null. Setting the last applied indexto:(t:0, i:~)
2019-10-09 23:42:11,395 [pool-439-thread-1] INFO  server.RaftServerConfigKeys (ConfUtils.java:logGet(43)) - raft.server.notification.no-leader.timeout = 120s (custom)
2019-10-09 23:42:11,395 [pool-449-thread-1] INFO  ratis.ContainerStateMachine (ContainerStateMachine.java:loadSnapshot(231)) - group-6E1002E0E66A: The snapshot info is null. Setting the last applied indexto:(t:0, i:~)
2019-10-09 23:42:11,395 [pool-439-thread-1] INFO  server.RaftServerConfigKeys (ConfUtils.java:logGet(43)) - raft.server.log.use.memory = false (default)
2019-10-09 23:42:11,395 [pool-469-thread-1] INFO  server.RaftServerConfigKeys (ConfUtils.java:logGet(43)) - raft.server.notification.no-leader.timeout = 120s (custom)
2019-10-09 23:42:11,396 [pool-439-thread-1] INFO  server.RaftServerConfigKeys (ConfUtils.java:logGet(43)) - raft.server.log.purge.gap = 1000000 (custom)
2019-10-09 23:42:11,395 [pool-449-thread-1] INFO  server.RaftServerConfigKeys (ConfUtils.java:logGet(43)) - raft.server.notification.no-leader.timeout = 120s (custom)
2019-10-09 23:42:11,396 [pool-439-thread-1] INFO  server.RaftServerConfigKeys (ConfUtils.java:logGet(43)) - raft.server.log.appender.buffer.byte-limit = 33554432 (custom)
2019-10-09 23:42:11,396 [pool-469-thread-1] INFO  server.RaftServerConfigKeys (ConfUtils.java:logGet(43)) - raft.server.log.use.memory = false (default)
2019-10-09 23:42:11,396 [pool-439-thread-1] INFO  server.RaftServerConfigKeys (ConfUtils.java:logGet(43)) - raft.server.log.segment.size.max = 1048576 (custom)
2019-10-09 23:42:11,396 [pool-449-thread-1] INFO  server.RaftServerConfigKeys (ConfUtils.java:logGet(43)) - raft.server.log.use.memory = false (default)
2019-10-09 23:42:11,396 [pool-439-thread-1] INFO  server.RaftServerConfigKeys (ConfUtils.java:logGet(43)) - raft.server.log.segment.cache.num.max = 2 (custom)
2019-10-09 23:42:11,396 [pool-469-thread-1] INFO  server.RaftServerConfigKeys (ConfUtils.java:logGet(43)) - raft.server.log.purge.gap = 1000000 (custom)
2019-10-09 23:42:11,396 [pool-439-thread-1] INFO  segmented.SegmentedRaftLogWorker (SegmentedRaftLogWorker.java:<init>(173)) - new 048ed862-969d-4a53-9065-988fa7882172@group-6E1002E0E66A-SegmentedRaftLogWorker for RaftStorage:Storage Directory /workdir/hadoop-ozone/integration-test/target/test-dir/MiniOzoneClusterImpl-8b6ca641-6d7f-4583-914a-a0f78aea40f0/datanode-3/data/ratis/e154a239-4471-404e-a663-6e1002e0e66a
2019-10-09 23:42:11,396 [pool-449-thread-1] INFO  server.RaftServerConfigKeys (ConfUtils.java:logGet(43)) - raft.server.log.purge.gap = 1000000 (custom)
2019-10-09 23:42:11,397 [pool-439-thread-1] INFO  server.RaftServerConfigKeys (ConfUtils.java:logGet(43)) - raft.server.log.queue.byte-limit = 2147483647 (custom)
2019-10-09 23:42:11,396 [pool-469-thread-1] INFO  server.RaftServerConfigKeys (ConfUtils.java:logGet(43)) - raft.server.log.appender.buffer.byte-limit = 33554432 (custom)
2019-10-09 23:42:11,397 [pool-439-thread-1] INFO  server.RaftServerConfigKeys (ConfUtils.java:logGet(43)) - raft.server.log.queue.element-limit = 1024 (custom)
2019-10-09 23:42:11,397 [pool-449-thread-1] INFO  server.RaftServerConfigKeys (ConfUtils.java:logGet(43)) - raft.server.log.appender.buffer.byte-limit = 33554432 (custom)
2019-10-09 23:42:11,397 [pool-439-thread-1] INFO  server.RaftServerConfigKeys (ConfUtils.java:logGet(43)) - raft.server.log.segment.size.max = 1048576 (custom)
2019-10-09 23:42:11,397 [pool-469-thread-1] INFO  server.RaftServerConfigKeys (ConfUtils.java:logGet(43)) - raft.server.log.segment.size.max = 1048576 (custom)
2019-10-09 23:42:11,397 [pool-439-thread-1] INFO  server.RaftServerConfigKeys (ConfUtils.java:logGet(43)) - raft.server.log.preallocated.size = 16384 (custom)
2019-10-09 23:42:11,397 [pool-449-thread-1] INFO  server.RaftServerConfigKeys (ConfUtils.java:logGet(43)) - raft.server.log.segment.size.max = 1048576 (custom)
2019-10-09 23:42:11,397 [pool-439-thread-1] INFO  server.RaftServerConfigKeys (ConfUtils.java:logGet(43)) - raft.server.log.write.buffer.size = 33554432 (custom)
2019-10-09 23:42:11,397 [pool-469-thread-1] INFO  server.RaftServerConfigKeys (ConfUtils.java:logGet(43)) - raft.server.log.segment.cache.num.max = 2 (custom)
2019-10-09 23:42:11,398 [pool-439-thread-1] INFO  server.RaftServerConfigKeys (ConfUtils.java:logGet(43)) - raft.server.log.force.sync.num = 128 (default)
2019-10-09 23:42:11,398 [pool-449-thread-1] INFO  server.RaftServerConfigKeys (ConfUtils.java:logGet(43)) - raft.server.log.segment.cache.num.max = 2 (custom)
2019-10-09 23:42:11,398 [pool-439-thread-1] INFO  server.RaftServerConfigKeys (ConfUtils.java:logGet(43)) - raft.server.log.statemachine.data.sync = true (default)
2019-10-09 23:42:11,398 [pool-469-thread-1] INFO  segmented.SegmentedRaftLogWorker (SegmentedRaftLogWorker.java:<init>(173)) - new 2fa37604-7db0-4e2a-bcef-caac287edc99@group-6E1002E0E66A-SegmentedRaftLogWorker for RaftStorage:Storage Directory /workdir/hadoop-ozone/integration-test/target/test-dir/MiniOzoneClusterImpl-8b6ca641-6d7f-4583-914a-a0f78aea40f0/datanode-6/data/ratis/e154a239-4471-404e-a663-6e1002e0e66a
2019-10-09 23:42:11,398 [pool-439-thread-1] INFO  server.RaftServerConfigKeys (ConfUtils.java:logGet(43)) - raft.server.log.statemachine.data.sync.timeout = 10s (default)
2019-10-09 23:42:11,398 [pool-449-thread-1] INFO  segmented.SegmentedRaftLogWorker (SegmentedRaftLogWorker.java:<init>(173)) - new db0f9e5f-40c7-432b-82eb-2896485fae3f@group-6E1002E0E66A-SegmentedRaftLogWorker for RaftStorage:Storage Directory /workdir/hadoop-ozone/integration-test/target/test-dir/MiniOzoneClusterImpl-8b6ca641-6d7f-4583-914a-a0f78aea40f0/datanode-4/data/ratis/e154a239-4471-404e-a663-6e1002e0e66a
2019-10-09 23:42:11,398 [pool-439-thread-1] INFO  server.RaftServerConfigKeys (ConfUtils.java:logGet(43)) - raft.server.log.statemachine.data.sync.timeout.retry = -1 (default)
2019-10-09 23:42:11,398 [pool-469-thread-1] INFO  server.RaftServerConfigKeys (ConfUtils.java:logGet(43)) - raft.server.log.queue.byte-limit = 2147483647 (custom)
2019-10-09 23:42:11,398 [pool-439-thread-1] INFO  server.RaftServerConfigKeys (ConfUtils.java:logGet(43)) - raft.server.log.statemachine.data.caching.enabled = true (custom)
2019-10-09 23:42:11,398 [pool-449-thread-1] INFO  server.RaftServerConfigKeys (ConfUtils.java:logGet(43)) - raft.server.log.queue.byte-limit = 2147483647 (custom)
2019-10-09 23:42:11,399 [pool-439-thread-1] INFO  segmented.SegmentedRaftLogWorker (SegmentedRaftLogWorker.java:lambda$new$0(128)) - 048ed862-969d-4a53-9065-988fa7882172@group-6E1002E0E66A-SegmentedRaftLogWorker: flushIndex: setUnconditionally 0 -> -1
2019-10-09 23:42:11,398 [pool-469-thread-1] INFO  server.RaftServerConfigKeys (ConfUtils.java:logGet(43)) - raft.server.log.queue.element-limit = 1024 (custom)
2019-10-09 23:42:11,399 [pool-449-thread-1] INFO  server.RaftServerConfigKeys (ConfUtils.java:logGet(43)) - raft.server.log.queue.element-limit = 1024 (custom)
2019-10-09 23:42:11,399 [pool-439-thread-1] INFO  server.RaftServerConfigKeys (ConfUtils.java:logGet(43)) - raft.server.snapshot.auto.trigger.enabled = true (custom)
2019-10-09 23:42:11,399 [pool-469-thread-1] INFO  server.RaftServerConfigKeys (ConfUtils.java:logGet(43)) - raft.server.log.segment.size.max = 1048576 (custom)
2019-10-09 23:42:11,399 [pool-439-thread-1] INFO  server.RaftServerConfigKeys (ConfUtils.java:logGet(43)) - raft.server.snapshot.auto.trigger.threshold = 10000 (custom)
2019-10-09 23:42:11,399 [pool-449-thread-1] INFO  server.RaftServerConfigKeys (ConfUtils.java:logGet(43)) - raft.server.log.segment.size.max = 1048576 (custom)
2019-10-09 23:42:11,399 [pool-439-thread-1] INFO  server.RaftServerConfigKeys (ConfUtils.java:logGet(43)) - raft.server.snapshot.retention.file.num = 5 (custom)
2019-10-09 23:42:11,399 [pool-469-thread-1] INFO  server.RaftServerConfigKeys (ConfUtils.java:logGet(43)) - raft.server.log.preallocated.size = 16384 (custom)
2019-10-09 23:42:11,400 [pool-439-thread-1] INFO  server.RaftServerConfigKeys (ConfUtils.java:logGet(43)) - raft.server.retrycache.expirytime = 600000ms (custom)
2019-10-09 23:42:11,399 [pool-449-thread-1] INFO  server.RaftServerConfigKeys (ConfUtils.java:logGet(43)) - raft.server.log.preallocated.size = 16384 (custom)
2019-10-09 23:42:11,400 [pool-469-thread-1] INFO  server.RaftServerConfigKeys (ConfUtils.java:logGet(43)) - raft.server.log.write.buffer.size = 33554432 (custom)
2019-10-09 23:42:11,400 [pool-449-thread-1] INFO  server.RaftServerConfigKeys (ConfUtils.java:logGet(43)) - raft.server.log.write.buffer.size = 33554432 (custom)
2019-10-09 23:42:11,400 [pool-469-thread-1] INFO  server.RaftServerConfigKeys (ConfUtils.java:logGet(43)) - raft.server.log.force.sync.num = 128 (default)
2019-10-09 23:42:11,400 [pool-449-thread-1] INFO  server.RaftServerConfigKeys (ConfUtils.java:logGet(43)) - raft.server.log.force.sync.num = 128 (default)
2019-10-09 23:42:11,400 [pool-469-thread-1] INFO  server.RaftServerConfigKeys (ConfUtils.java:logGet(43)) - raft.server.log.statemachine.data.sync = true (default)
2019-10-09 23:42:11,400 [pool-449-thread-1] INFO  server.RaftServerConfigKeys (ConfUtils.java:logGet(43)) - raft.server.log.statemachine.data.sync = true (default)
2019-10-09 23:42:11,400 [pool-469-thread-1] INFO  server.RaftServerConfigKeys (ConfUtils.java:logGet(43)) - raft.server.log.statemachine.data.sync.timeout = 10s (default)
2019-10-09 23:42:11,401 [pool-449-thread-1] INFO  server.RaftServerConfigKeys (ConfUtils.java:logGet(43)) - raft.server.log.statemachine.data.sync.timeout = 10s (default)
2019-10-09 23:42:11,401 [pool-469-thread-1] INFO  server.RaftServerConfigKeys (ConfUtils.java:logGet(43)) - raft.server.log.statemachine.data.sync.timeout.retry = -1 (default)
2019-10-09 23:42:11,401 [pool-439-thread-1] INFO  impl.RaftServerImpl (RaftServerImpl.java:start(181)) - 048ed862-969d-4a53-9065-988fa7882172@group-6E1002E0E66A: start as a follower, conf=-1: [db0f9e5f-40c7-432b-82eb-2896485fae3f:192.168.151.98:33436, 2fa37604-7db0-4e2a-bcef-caac287edc99:192.168.151.98:43506, 048ed862-969d-4a53-9065-988fa7882172:192.168.151.98:42040], old=null
2019-10-09 23:42:11,401 [pool-449-thread-1] INFO  server.RaftServerConfigKeys (ConfUtils.java:logGet(43)) - raft.server.log.statemachine.data.sync.timeout.retry = -1 (default)
2019-10-09 23:42:11,401 [pool-439-thread-1] INFO  impl.RaftServerImpl (RaftServerImpl.java:setRole(170)) - 048ed862-969d-4a53-9065-988fa7882172@group-6E1002E0E66A: changes role from      null to FOLLOWER at term 0 for startAsFollower
2019-10-09 23:42:11,401 [pool-469-thread-1] INFO  server.RaftServerConfigKeys (ConfUtils.java:logGet(43)) - raft.server.log.statemachine.data.caching.enabled = true (custom)
2019-10-09 23:42:11,401 [pool-439-thread-1] INFO  impl.RoleInfo (RoleInfo.java:updateAndGet(143)) - 048ed862-969d-4a53-9065-988fa7882172: start FollowerState
2019-10-09 23:42:11,401 [pool-449-thread-1] INFO  server.RaftServerConfigKeys (ConfUtils.java:logGet(43)) - raft.server.log.statemachine.data.caching.enabled = true (custom)
2019-10-09 23:42:11,401 [pool-469-thread-1] INFO  segmented.SegmentedRaftLogWorker (SegmentedRaftLogWorker.java:lambda$new$0(128)) - 2fa37604-7db0-4e2a-bcef-caac287edc99@group-6E1002E0E66A-SegmentedRaftLogWorker: flushIndex: setUnconditionally 0 -> -1
2019-10-09 23:42:11,402 [pool-439-thread-1] INFO  util.JmxRegister (JmxRegister.java:tryRegister(44)) - Successfully registered JMX Bean with object name Ratis:service=RaftServer,group=group-6E1002E0E66A,id=048ed862-969d-4a53-9065-988fa7882172
2019-10-09 23:42:11,402 [pool-449-thread-1] INFO  segmented.SegmentedRaftLogWorker (SegmentedRaftLogWorker.java:lambda$new$0(128)) - db0f9e5f-40c7-432b-82eb-2896485fae3f@group-6E1002E0E66A-SegmentedRaftLogWorker: flushIndex: setUnconditionally 0 -> -1
2019-10-09 23:42:11,402 [pool-469-thread-1] INFO  server.RaftServerConfigKeys (ConfUtils.java:logGet(43)) - raft.server.snapshot.auto.trigger.enabled = true (custom)
2019-10-09 23:42:11,402 [pool-469-thread-1] INFO  server.RaftServerConfigKeys (ConfUtils.java:logGet(43)) - raft.server.snapshot.auto.trigger.threshold = 10000 (custom)
2019-10-09 23:42:11,402 [pool-449-thread-1] INFO  server.RaftServerConfigKeys (ConfUtils.java:logGet(43)) - raft.server.snapshot.auto.trigger.enabled = true (custom)
2019-10-09 23:42:11,402 [pool-469-thread-1] INFO  server.RaftServerConfigKeys (ConfUtils.java:logGet(43)) - raft.server.snapshot.retention.file.num = 5 (custom)
2019-10-09 23:42:11,402 [pool-449-thread-1] INFO  server.RaftServerConfigKeys (ConfUtils.java:logGet(43)) - raft.server.snapshot.auto.trigger.threshold = 10000 (custom)
2019-10-09 23:42:11,402 [pool-469-thread-1] INFO  server.RaftServerConfigKeys (ConfUtils.java:logGet(43)) - raft.server.retrycache.expirytime = 600000ms (custom)
2019-10-09 23:42:11,403 [pool-449-thread-1] INFO  server.RaftServerConfigKeys (ConfUtils.java:logGet(43)) - raft.server.snapshot.retention.file.num = 5 (custom)
2019-10-09 23:42:11,403 [pool-449-thread-1] INFO  server.RaftServerConfigKeys (ConfUtils.java:logGet(43)) - raft.server.retrycache.expirytime = 600000ms (custom)
2019-10-09 23:42:11,405 [pool-469-thread-1] INFO  impl.RaftServerImpl (RaftServerImpl.java:start(181)) - 2fa37604-7db0-4e2a-bcef-caac287edc99@group-6E1002E0E66A: start as a follower, conf=-1: [db0f9e5f-40c7-432b-82eb-2896485fae3f:192.168.151.98:33436, 2fa37604-7db0-4e2a-bcef-caac287edc99:192.168.151.98:43506, 048ed862-969d-4a53-9065-988fa7882172:192.168.151.98:42040], old=null
2019-10-09 23:42:11,405 [pool-469-thread-1] INFO  impl.RaftServerImpl (RaftServerImpl.java:setRole(170)) - 2fa37604-7db0-4e2a-bcef-caac287edc99@group-6E1002E0E66A: changes role from      null to FOLLOWER at term 0 for startAsFollower
2019-10-09 23:42:11,405 [pool-469-thread-1] INFO  impl.RoleInfo (RoleInfo.java:updateAndGet(143)) - 2fa37604-7db0-4e2a-bcef-caac287edc99: start FollowerState
2019-10-09 23:42:11,405 [pool-449-thread-1] INFO  impl.RaftServerImpl (RaftServerImpl.java:start(181)) - db0f9e5f-40c7-432b-82eb-2896485fae3f@group-6E1002E0E66A: start as a follower, conf=-1: [db0f9e5f-40c7-432b-82eb-2896485fae3f:192.168.151.98:33436, 2fa37604-7db0-4e2a-bcef-caac287edc99:192.168.151.98:43506, 048ed862-969d-4a53-9065-988fa7882172:192.168.151.98:42040], old=null
2019-10-09 23:42:11,405 [pool-469-thread-1] INFO  util.JmxRegister (JmxRegister.java:tryRegister(44)) - Successfully registered JMX Bean with object name Ratis:service=RaftServer,group=group-6E1002E0E66A,id=2fa37604-7db0-4e2a-bcef-caac287edc99
2019-10-09 23:42:11,405 [pool-449-thread-1] INFO  impl.RaftServerImpl (RaftServerImpl.java:setRole(170)) - db0f9e5f-40c7-432b-82eb-2896485fae3f@group-6E1002E0E66A: changes role from      null to FOLLOWER at term 0 for startAsFollower
2019-10-09 23:42:11,405 [pool-449-thread-1] INFO  impl.RoleInfo (RoleInfo.java:updateAndGet(143)) - db0f9e5f-40c7-432b-82eb-2896485fae3f: start FollowerState
2019-10-09 23:42:11,406 [pool-449-thread-1] INFO  util.JmxRegister (JmxRegister.java:tryRegister(44)) - Successfully registered JMX Bean with object name Ratis:service=RaftServer,group=group-6E1002E0E66A,id=db0f9e5f-40c7-432b-82eb-2896485fae3f
2019-10-09 23:42:11,410 [RatisPipelineUtilsThread] INFO  pipeline.PipelineStateManager (PipelineStateManager.java:addPipeline(56)) - Created pipeline Pipeline[ Id: e154a239-4471-404e-a663-6e1002e0e66a, Nodes: db0f9e5f-40c7-432b-82eb-2896485fae3f{ip: 192.168.151.98, host: pr-hdds-2194-ks6jj-815731239, networkLocation: /default-rack, certSerialId: null}048ed862-969d-4a53-9065-988fa7882172{ip: 192.168.151.98, host: pr-hdds-2194-ks6jj-815731239, networkLocation: /default-rack, certSerialId: null}2fa37604-7db0-4e2a-bcef-caac287edc99{ip: 192.168.151.98, host: pr-hdds-2194-ks6jj-815731239, networkLocation: /default-rack, certSerialId: null}, Type:RATIS, Factor:THREE, State:OPEN]
2019-10-09 23:42:13,824 [Thread-3072] INFO  container.ReplicationManager (ReplicationManager.java:start(162)) - Starting Replication Monitor Thread.
2019-10-09 23:42:13,830 [ReplicationMonitor] INFO  container.ReplicationManager (ReplicationManager.java:run(225)) - Replication Monitor Thread took 0 milliseconds for processing 1 containers.
2019-10-09 23:42:16,048 [Thread-3080] INFO  impl.FollowerState (FollowerState.java:run(108)) - 9aa4720c-4ff1-4461-88d1-1a3f7075fdcd@group-17F4A7731B8A-FollowerState: change to CANDIDATE, lastRpcTime:5062ms, electionTimeout:5062ms
2019-10-09 23:42:16,048 [Thread-3080] INFO  impl.RoleInfo (RoleInfo.java:shutdownFollowerState(121)) - 9aa4720c-4ff1-4461-88d1-1a3f7075fdcd: shutdown FollowerState
2019-10-09 23:42:16,049 [Thread-3080] INFO  impl.RaftServerImpl (RaftServerImpl.java:setRole(170)) - 9aa4720c-4ff1-4461-88d1-1a3f7075fdcd@group-17F4A7731B8A: changes role from  FOLLOWER to CANDIDATE at term 0 for changeToCandidate
2019-10-09 23:42:16,049 [Thread-3080] INFO  impl.RoleInfo (RoleInfo.java:updateAndGet(143)) - 9aa4720c-4ff1-4461-88d1-1a3f7075fdcd: start LeaderElection
2019-10-09 23:42:16,058 [Thread-3074] INFO  impl.FollowerState (FollowerState.java:run(108)) - d136ae8b-688f-4f7c-93b0-c5cb447f1571@group-822FCA5868A2-FollowerState: change to CANDIDATE, lastRpcTime:5172ms, electionTimeout:5172ms
2019-10-09 23:42:16,058 [Thread-3074] INFO  impl.RoleInfo (RoleInfo.java:shutdownFollowerState(121)) - d136ae8b-688f-4f7c-93b0-c5cb447f1571: shutdown FollowerState
2019-10-09 23:42:16,058 [Thread-3074] INFO  impl.RaftServerImpl (RaftServerImpl.java:setRole(170)) - d136ae8b-688f-4f7c-93b0-c5cb447f1571@group-822FCA5868A2: changes role from  FOLLOWER to CANDIDATE at term 0 for changeToCandidate
2019-10-09 23:42:16,058 [Thread-3074] INFO  impl.RoleInfo (RoleInfo.java:updateAndGet(143)) - d136ae8b-688f-4f7c-93b0-c5cb447f1571: start LeaderElection
2019-10-09 23:42:16,073 [d136ae8b-688f-4f7c-93b0-c5cb447f1571@group-822FCA5868A2-LeaderElection75] INFO  impl.LeaderElection (LeaderElection.java:askForVotes(178)) - d136ae8b-688f-4f7c-93b0-c5cb447f1571@group-822FCA5868A2-LeaderElection75: begin an election at term 1 for -1: [d136ae8b-688f-4f7c-93b0-c5cb447f1571:192.168.151.98:39657], old=null
2019-10-09 23:42:16,073 [9aa4720c-4ff1-4461-88d1-1a3f7075fdcd@group-17F4A7731B8A-LeaderElection74] INFO  impl.LeaderElection (LeaderElection.java:askForVotes(178)) - 9aa4720c-4ff1-4461-88d1-1a3f7075fdcd@group-17F4A7731B8A-LeaderElection74: begin an election at term 1 for -1: [9aa4720c-4ff1-4461-88d1-1a3f7075fdcd:192.168.151.98:40006], old=null
2019-10-09 23:42:16,074 [d136ae8b-688f-4f7c-93b0-c5cb447f1571@group-822FCA5868A2-LeaderElection75] INFO  impl.RoleInfo (RoleInfo.java:shutdownLeaderElection(134)) - d136ae8b-688f-4f7c-93b0-c5cb447f1571: shutdown LeaderElection
2019-10-09 23:42:16,074 [9aa4720c-4ff1-4461-88d1-1a3f7075fdcd@group-17F4A7731B8A-LeaderElection74] INFO  impl.RoleInfo (RoleInfo.java:shutdownLeaderElection(134)) - 9aa4720c-4ff1-4461-88d1-1a3f7075fdcd: shutdown LeaderElection
2019-10-09 23:42:16,074 [d136ae8b-688f-4f7c-93b0-c5cb447f1571@group-822FCA5868A2-LeaderElection75] INFO  impl.RaftServerImpl (RaftServerImpl.java:setRole(170)) - d136ae8b-688f-4f7c-93b0-c5cb447f1571@group-822FCA5868A2: changes role from CANDIDATE to LEADER at term 1 for changeToLeader
2019-10-09 23:42:16,074 [9aa4720c-4ff1-4461-88d1-1a3f7075fdcd@group-17F4A7731B8A-LeaderElection74] INFO  impl.RaftServerImpl (RaftServerImpl.java:setRole(170)) - 9aa4720c-4ff1-4461-88d1-1a3f7075fdcd@group-17F4A7731B8A: changes role from CANDIDATE to LEADER at term 1 for changeToLeader
2019-10-09 23:42:16,074 [d136ae8b-688f-4f7c-93b0-c5cb447f1571@group-822FCA5868A2-LeaderElection75] INFO  impl.RaftServerImpl (ServerState.java:setLeader(255)) - d136ae8b-688f-4f7c-93b0-c5cb447f1571@group-822FCA5868A2: change Leader from null to d136ae8b-688f-4f7c-93b0-c5cb447f1571 at term 1 for becomeLeader, leader elected after 5204ms
2019-10-09 23:42:16,074 [9aa4720c-4ff1-4461-88d1-1a3f7075fdcd@group-17F4A7731B8A-LeaderElection74] INFO  impl.RaftServerImpl (ServerState.java:setLeader(255)) - 9aa4720c-4ff1-4461-88d1-1a3f7075fdcd@group-17F4A7731B8A: change Leader from null to 9aa4720c-4ff1-4461-88d1-1a3f7075fdcd at term 1 for becomeLeader, leader elected after 5093ms
2019-10-09 23:42:16,075 [d136ae8b-688f-4f7c-93b0-c5cb447f1571@group-822FCA5868A2-LeaderElection75] INFO  server.RaftServerConfigKeys (ConfUtils.java:logGet(43)) - raft.server.staging.catchup.gap = 1000 (default)
2019-10-09 23:42:16,075 [9aa4720c-4ff1-4461-88d1-1a3f7075fdcd@group-17F4A7731B8A-LeaderElection74] INFO  server.RaftServerConfigKeys (ConfUtils.java:logGet(43)) - raft.server.staging.catchup.gap = 1000 (default)
2019-10-09 23:42:16,075 [d136ae8b-688f-4f7c-93b0-c5cb447f1571@group-822FCA5868A2-LeaderElection75] INFO  server.RaftServerConfigKeys (ConfUtils.java:logGet(43)) - raft.server.rpc.sleep.time = 25ms (default)
2019-10-09 23:42:16,075 [9aa4720c-4ff1-4461-88d1-1a3f7075fdcd@group-17F4A7731B8A-LeaderElection74] INFO  server.RaftServerConfigKeys (ConfUtils.java:logGet(43)) - raft.server.rpc.sleep.time = 25ms (default)
2019-10-09 23:42:16,076 [d136ae8b-688f-4f7c-93b0-c5cb447f1571@group-822FCA5868A2-LeaderElection75] INFO  server.RaftServerConfigKeys (ConfUtils.java:logGet(43)) - raft.server.write.element-limit = 4096 (default)
2019-10-09 23:42:16,076 [9aa4720c-4ff1-4461-88d1-1a3f7075fdcd@group-17F4A7731B8A-LeaderElection74] INFO  server.RaftServerConfigKeys (ConfUtils.java:logGet(43)) - raft.server.write.element-limit = 4096 (default)
2019-10-09 23:42:16,076 [d136ae8b-688f-4f7c-93b0-c5cb447f1571@group-822FCA5868A2-LeaderElection75] INFO  server.RaftServerConfigKeys (ConfUtils.java:logGet(43)) - raft.server.watch.timeout = 10s (default)
2019-10-09 23:42:16,076 [9aa4720c-4ff1-4461-88d1-1a3f7075fdcd@group-17F4A7731B8A-LeaderElection74] INFO  server.RaftServerConfigKeys (ConfUtils.java:logGet(43)) - raft.server.watch.timeout = 10s (default)
2019-10-09 23:42:16,076 [d136ae8b-688f-4f7c-93b0-c5cb447f1571@group-822FCA5868A2-LeaderElection75] INFO  server.RaftServerConfigKeys (ConfUtils.java:logGet(43)) - raft.server.watch.timeout.denomination = 1s (default)
2019-10-09 23:42:16,077 [9aa4720c-4ff1-4461-88d1-1a3f7075fdcd@group-17F4A7731B8A-LeaderElection74] INFO  server.RaftServerConfigKeys (ConfUtils.java:logGet(43)) - raft.server.watch.timeout.denomination = 1s (default)
2019-10-09 23:42:16,077 [d136ae8b-688f-4f7c-93b0-c5cb447f1571@group-822FCA5868A2-LeaderElection75] INFO  server.RaftServerConfigKeys (ConfUtils.java:logGet(43)) - raft.server.watch.element-limit = 65536 (default)
2019-10-09 23:42:16,077 [9aa4720c-4ff1-4461-88d1-1a3f7075fdcd@group-17F4A7731B8A-LeaderElection74] INFO  server.RaftServerConfigKeys (ConfUtils.java:logGet(43)) - raft.server.watch.element-limit = 65536 (default)
2019-10-09 23:42:16,079 [Thread-3088] INFO  impl.FollowerState (FollowerState.java:run(108)) - d136ae8b-688f-4f7c-93b0-c5cb447f1571@group-8C33BFA2BBE8-FollowerState: change to CANDIDATE, lastRpcTime:5026ms, electionTimeout:5026ms
2019-10-09 23:42:16,079 [Thread-3088] INFO  impl.RoleInfo (RoleInfo.java:shutdownFollowerState(121)) - d136ae8b-688f-4f7c-93b0-c5cb447f1571: shutdown FollowerState
2019-10-09 23:42:16,079 [Thread-3088] INFO  impl.RaftServerImpl (RaftServerImpl.java:setRole(170)) - d136ae8b-688f-4f7c-93b0-c5cb447f1571@group-8C33BFA2BBE8: changes role from  FOLLOWER to CANDIDATE at term 0 for changeToCandidate
2019-10-09 23:42:16,079 [Thread-3088] INFO  impl.RoleInfo (RoleInfo.java:updateAndGet(143)) - d136ae8b-688f-4f7c-93b0-c5cb447f1571: start LeaderElection
2019-10-09 23:42:16,089 [d136ae8b-688f-4f7c-93b0-c5cb447f1571@group-822FCA5868A2-LeaderElection75] INFO  impl.RoleInfo (RoleInfo.java:updateAndGet(143)) - d136ae8b-688f-4f7c-93b0-c5cb447f1571: start LeaderState
2019-10-09 23:42:16,089 [Thread-3077] INFO  impl.FollowerState (FollowerState.java:run(108)) - 8b64e72b-f692-4da6-8701-d8357aa19361@group-6D0431870CA1-FollowerState: change to CANDIDATE, lastRpcTime:5162ms, electionTimeout:5162ms
2019-10-09 23:42:16,089 [9aa4720c-4ff1-4461-88d1-1a3f7075fdcd@group-17F4A7731B8A-LeaderElection74] INFO  impl.RoleInfo (RoleInfo.java:updateAndGet(143)) - 9aa4720c-4ff1-4461-88d1-1a3f7075fdcd: start LeaderState
2019-10-09 23:42:16,090 [Thread-3077] INFO  impl.RoleInfo (RoleInfo.java:shutdownFollowerState(121)) - 8b64e72b-f692-4da6-8701-d8357aa19361: shutdown FollowerState
2019-10-09 23:42:16,090 [Thread-3077] INFO  impl.RaftServerImpl (RaftServerImpl.java:setRole(170)) - 8b64e72b-f692-4da6-8701-d8357aa19361@group-6D0431870CA1: changes role from  FOLLOWER to CANDIDATE at term 0 for changeToCandidate
2019-10-09 23:42:16,090 [9aa4720c-4ff1-4461-88d1-1a3f7075fdcd@group-17F4A7731B8A-LeaderElection74] INFO  segmented.SegmentedRaftLogWorker (SegmentedRaftLogWorker.java:startLogSegment(385)) - 9aa4720c-4ff1-4461-88d1-1a3f7075fdcd@group-17F4A7731B8A-SegmentedRaftLogWorker: Starting segment from index:0
2019-10-09 23:42:16,090 [d136ae8b-688f-4f7c-93b0-c5cb447f1571@group-822FCA5868A2-LeaderElection75] INFO  segmented.SegmentedRaftLogWorker (SegmentedRaftLogWorker.java:startLogSegment(385)) - d136ae8b-688f-4f7c-93b0-c5cb447f1571@group-822FCA5868A2-SegmentedRaftLogWorker: Starting segment from index:0
2019-10-09 23:42:16,090 [Thread-3077] INFO  impl.RoleInfo (RoleInfo.java:updateAndGet(143)) - 8b64e72b-f692-4da6-8701-d8357aa19361: start LeaderElection
2019-10-09 23:42:16,091 [d136ae8b-688f-4f7c-93b0-c5cb447f1571@group-8C33BFA2BBE8-LeaderElection76] INFO  impl.LeaderElection (LeaderElection.java:askForVotes(178)) - d136ae8b-688f-4f7c-93b0-c5cb447f1571@group-8C33BFA2BBE8-LeaderElection76: begin an election at term 1 for -1: [d136ae8b-688f-4f7c-93b0-c5cb447f1571:192.168.151.98:39657, 9aa4720c-4ff1-4461-88d1-1a3f7075fdcd:192.168.151.98:40006, 8b64e72b-f692-4da6-8701-d8357aa19361:192.168.151.98:35165], old=null
2019-10-09 23:42:16,127 [Thread-3083] INFO  impl.FollowerState (FollowerState.java:run(108)) - 9aa4720c-4ff1-4461-88d1-1a3f7075fdcd@group-8C33BFA2BBE8-FollowerState: change to CANDIDATE, lastRpcTime:5078ms, electionTimeout:5077ms
2019-10-09 23:42:16,130 [9aa4720c-4ff1-4461-88d1-1a3f7075fdcd@group-17F4A7731B8A-LeaderElection74] INFO  impl.RaftServerImpl (ServerState.java:setRaftConf(356)) - 9aa4720c-4ff1-4461-88d1-1a3f7075fdcd@group-17F4A7731B8A: set configuration 0: [9aa4720c-4ff1-4461-88d1-1a3f7075fdcd:192.168.151.98:40006], old=null at 0
2019-10-09 23:42:16,130 [d136ae8b-688f-4f7c-93b0-c5cb447f1571@group-822FCA5868A2-LeaderElection75] INFO  impl.RaftServerImpl (ServerState.java:setRaftConf(356)) - d136ae8b-688f-4f7c-93b0-c5cb447f1571@group-822FCA5868A2: set configuration 0: [d136ae8b-688f-4f7c-93b0-c5cb447f1571:192.168.151.98:39657], old=null at 0
2019-10-09 23:42:16,132 [Thread-3083] INFO  impl.RoleInfo (RoleInfo.java:shutdownFollowerState(121)) - 9aa4720c-4ff1-4461-88d1-1a3f7075fdcd: shutdown FollowerState
2019-10-09 23:42:16,132 [Thread-3083] INFO  impl.RaftServerImpl (RaftServerImpl.java:setRole(170)) - 9aa4720c-4ff1-4461-88d1-1a3f7075fdcd@group-8C33BFA2BBE8: changes role from  FOLLOWER to CANDIDATE at term 0 for changeToCandidate
2019-10-09 23:42:16,132 [Thread-3083] INFO  impl.RoleInfo (RoleInfo.java:updateAndGet(143)) - 9aa4720c-4ff1-4461-88d1-1a3f7075fdcd: start LeaderElection
2019-10-09 23:42:16,136 [d136ae8b-688f-4f7c-93b0-c5cb447f1571@group-822FCA5868A2-SegmentedRaftLogWorker] INFO  segmented.SegmentedRaftLogWorker (SegmentedRaftLogWorker.java:execute(574)) - d136ae8b-688f-4f7c-93b0-c5cb447f1571@group-822FCA5868A2-SegmentedRaftLogWorker: created new log segment /workdir/hadoop-ozone/integration-test/target/test-dir/MiniOzoneClusterImpl-8b6ca641-6d7f-4583-914a-a0f78aea40f0/datanode-0/data/ratis/c7f31775-4b44-4189-8d08-822fca5868a2/current/log_inprogress_0
2019-10-09 23:42:16,136 [9aa4720c-4ff1-4461-88d1-1a3f7075fdcd@group-17F4A7731B8A-SegmentedRaftLogWorker] INFO  segmented.SegmentedRaftLogWorker (SegmentedRaftLogWorker.java:execute(574)) - 9aa4720c-4ff1-4461-88d1-1a3f7075fdcd@group-17F4A7731B8A-SegmentedRaftLogWorker: created new log segment /workdir/hadoop-ozone/integration-test/target/test-dir/MiniOzoneClusterImpl-8b6ca641-6d7f-4583-914a-a0f78aea40f0/datanode-2/data/ratis/d61dcdcc-bc7e-4ca7-99ee-17f4a7731b8a/current/log_inprogress_0
2019-10-09 23:42:16,136 [8b64e72b-f692-4da6-8701-d8357aa19361@group-6D0431870CA1-LeaderElection77] INFO  impl.LeaderElection (LeaderElection.java:askForVotes(178)) - 8b64e72b-f692-4da6-8701-d8357aa19361@group-6D0431870CA1-LeaderElection77: begin an election at term 1 for -1: [8b64e72b-f692-4da6-8701-d8357aa19361:192.168.151.98:35165], old=null
2019-10-09 23:42:16,163 [8b64e72b-f692-4da6-8701-d8357aa19361@group-6D0431870CA1-LeaderElection77] INFO  impl.RoleInfo (RoleInfo.java:shutdownLeaderElection(134)) - 8b64e72b-f692-4da6-8701-d8357aa19361: shutdown LeaderElection
2019-10-09 23:42:16,163 [8b64e72b-f692-4da6-8701-d8357aa19361@group-6D0431870CA1-LeaderElection77] INFO  impl.RaftServerImpl (RaftServerImpl.java:setRole(170)) - 8b64e72b-f692-4da6-8701-d8357aa19361@group-6D0431870CA1: changes role from CANDIDATE to LEADER at term 1 for changeToLeader
2019-10-09 23:42:16,174 [Thread-3087] INFO  impl.FollowerState (FollowerState.java:run(108)) - 8b64e72b-f692-4da6-8701-d8357aa19361@group-8C33BFA2BBE8-FollowerState: change to CANDIDATE, lastRpcTime:5122ms, electionTimeout:5109ms
2019-10-09 23:42:16,174 [8b64e72b-f692-4da6-8701-d8357aa19361@group-6D0431870CA1-LeaderElection77] INFO  impl.RaftServerImpl (ServerState.java:setLeader(255)) - 8b64e72b-f692-4da6-8701-d8357aa19361@group-6D0431870CA1: change Leader from null to 8b64e72b-f692-4da6-8701-d8357aa19361 at term 1 for becomeLeader, leader elected after 5253ms
2019-10-09 23:42:16,174 [Thread-3087] INFO  impl.RoleInfo (RoleInfo.java:shutdownFollowerState(121)) - 8b64e72b-f692-4da6-8701-d8357aa19361: shutdown FollowerState
2019-10-09 23:42:16,174 [8b64e72b-f692-4da6-8701-d8357aa19361@group-6D0431870CA1-LeaderElection77] INFO  server.RaftServerConfigKeys (ConfUtils.java:logGet(43)) - raft.server.staging.catchup.gap = 1000 (default)
2019-10-09 23:42:16,174 [Thread-3087] INFO  impl.RaftServerImpl (RaftServerImpl.java:setRole(170)) - 8b64e72b-f692-4da6-8701-d8357aa19361@group-8C33BFA2BBE8: changes role from  FOLLOWER to CANDIDATE at term 0 for changeToCandidate
2019-10-09 23:42:16,174 [8b64e72b-f692-4da6-8701-d8357aa19361@group-6D0431870CA1-LeaderElection77] INFO  server.RaftServerConfigKeys (ConfUtils.java:logGet(43)) - raft.server.rpc.sleep.time = 25ms (default)
2019-10-09 23:42:16,175 [Thread-3087] INFO  impl.RoleInfo (RoleInfo.java:updateAndGet(143)) - 8b64e72b-f692-4da6-8701-d8357aa19361: start LeaderElection
2019-10-09 23:42:16,175 [8b64e72b-f692-4da6-8701-d8357aa19361@group-6D0431870CA1-LeaderElection77] INFO  server.RaftServerConfigKeys (ConfUtils.java:logGet(43)) - raft.server.write.element-limit = 4096 (default)
2019-10-09 23:42:16,175 [8b64e72b-f692-4da6-8701-d8357aa19361@group-6D0431870CA1-LeaderElection77] INFO  server.RaftServerConfigKeys (ConfUtils.java:logGet(43)) - raft.server.watch.timeout = 10s (default)
2019-10-09 23:42:16,178 [8b64e72b-f692-4da6-8701-d8357aa19361@group-6D0431870CA1-LeaderElection77] INFO  server.RaftServerConfigKeys (ConfUtils.java:logGet(43)) - raft.server.watch.timeout.denomination = 1s (default)
2019-10-09 23:42:16,178 [8b64e72b-f692-4da6-8701-d8357aa19361@group-6D0431870CA1-LeaderElection77] INFO  server.RaftServerConfigKeys (ConfUtils.java:logGet(43)) - raft.server.watch.element-limit = 65536 (default)
2019-10-09 23:42:16,182 [8b64e72b-f692-4da6-8701-d8357aa19361@group-6D0431870CA1-LeaderElection77] INFO  impl.RoleInfo (RoleInfo.java:updateAndGet(143)) - 8b64e72b-f692-4da6-8701-d8357aa19361: start LeaderState
2019-10-09 23:42:16,182 [8b64e72b-f692-4da6-8701-d8357aa19361@group-6D0431870CA1-LeaderElection77] INFO  segmented.SegmentedRaftLogWorker (SegmentedRaftLogWorker.java:startLogSegment(385)) - 8b64e72b-f692-4da6-8701-d8357aa19361@group-6D0431870CA1-SegmentedRaftLogWorker: Starting segment from index:0
2019-10-09 23:42:16,183 [8b64e72b-f692-4da6-8701-d8357aa19361@group-6D0431870CA1-LeaderElection77] INFO  impl.RaftServerImpl (ServerState.java:setRaftConf(356)) - 8b64e72b-f692-4da6-8701-d8357aa19361@group-6D0431870CA1: set configuration 0: [8b64e72b-f692-4da6-8701-d8357aa19361:192.168.151.98:35165], old=null at 0
2019-10-09 23:42:16,200 [9aa4720c-4ff1-4461-88d1-1a3f7075fdcd@group-8C33BFA2BBE8-LeaderElection78] INFO  impl.LeaderElection (LeaderElection.java:askForVotes(178)) - 9aa4720c-4ff1-4461-88d1-1a3f7075fdcd@group-8C33BFA2BBE8-LeaderElection78: begin an election at term 1 for -1: [d136ae8b-688f-4f7c-93b0-c5cb447f1571:192.168.151.98:39657, 9aa4720c-4ff1-4461-88d1-1a3f7075fdcd:192.168.151.98:40006, 8b64e72b-f692-4da6-8701-d8357aa19361:192.168.151.98:35165], old=null
2019-10-09 23:42:16,211 [Thread-3092] INFO  impl.FollowerState (FollowerState.java:run(108)) - db0f9e5f-40c7-432b-82eb-2896485fae3f@group-03BD43E7D871-FollowerState: change to CANDIDATE, lastRpcTime:5097ms, electionTimeout:5090ms
2019-10-09 23:42:16,200 [8b64e72b-f692-4da6-8701-d8357aa19361@group-8C33BFA2BBE8-LeaderElection79] INFO  impl.LeaderElection (LeaderElection.java:askForVotes(178)) - 8b64e72b-f692-4da6-8701-d8357aa19361@group-8C33BFA2BBE8-LeaderElection79: begin an election at term 1 for -1: [d136ae8b-688f-4f7c-93b0-c5cb447f1571:192.168.151.98:39657, 9aa4720c-4ff1-4461-88d1-1a3f7075fdcd:192.168.151.98:40006, 8b64e72b-f692-4da6-8701-d8357aa19361:192.168.151.98:35165], old=null
2019-10-09 23:42:16,211 [Thread-3092] INFO  impl.RoleInfo (RoleInfo.java:shutdownFollowerState(121)) - db0f9e5f-40c7-432b-82eb-2896485fae3f: shutdown FollowerState
2019-10-09 23:42:16,212 [Thread-3092] INFO  impl.RaftServerImpl (RaftServerImpl.java:setRole(170)) - db0f9e5f-40c7-432b-82eb-2896485fae3f@group-03BD43E7D871: changes role from  FOLLOWER to CANDIDATE at term 0 for changeToCandidate
2019-10-09 23:42:16,212 [Thread-3092] INFO  impl.RoleInfo (RoleInfo.java:updateAndGet(143)) - db0f9e5f-40c7-432b-82eb-2896485fae3f: start LeaderElection
2019-10-09 23:42:16,212 [d136ae8b-688f-4f7c-93b0-c5cb447f1571@group-8C33BFA2BBE8-LeaderElection76] INFO  impl.LeaderElection (LeaderElection.java:logAndReturn(56)) - d136ae8b-688f-4f7c-93b0-c5cb447f1571@group-8C33BFA2BBE8-LeaderElection76: Election REJECTED; received 2 response(s) [d136ae8b-688f-4f7c-93b0-c5cb447f1571<-9aa4720c-4ff1-4461-88d1-1a3f7075fdcd#0:FAIL-t1, d136ae8b-688f-4f7c-93b0-c5cb447f1571<-8b64e72b-f692-4da6-8701-d8357aa19361#0:FAIL-t1] and 0 exception(s); d136ae8b-688f-4f7c-93b0-c5cb447f1571@group-8C33BFA2BBE8:t1, leader=null, voted=d136ae8b-688f-4f7c-93b0-c5cb447f1571, raftlog=d136ae8b-688f-4f7c-93b0-c5cb447f1571@group-8C33BFA2BBE8-SegmentedRaftLog:OPENED:c-1,f-1,i0, conf=-1: [d136ae8b-688f-4f7c-93b0-c5cb447f1571:192.168.151.98:39657, 9aa4720c-4ff1-4461-88d1-1a3f7075fdcd:192.168.151.98:40006, 8b64e72b-f692-4da6-8701-d8357aa19361:192.168.151.98:35165], old=null
2019-10-09 23:42:16,214 [d136ae8b-688f-4f7c-93b0-c5cb447f1571@group-8C33BFA2BBE8-LeaderElection76] INFO  impl.RaftServerImpl (RaftServerImpl.java:setRole(170)) - d136ae8b-688f-4f7c-93b0-c5cb447f1571@group-8C33BFA2BBE8: changes role from CANDIDATE to FOLLOWER at term 1 for DISCOVERED_A_NEW_TERM
2019-10-09 23:42:16,215 [d136ae8b-688f-4f7c-93b0-c5cb447f1571@group-8C33BFA2BBE8-LeaderElection76] INFO  impl.RoleInfo (RoleInfo.java:shutdownLeaderElection(134)) - d136ae8b-688f-4f7c-93b0-c5cb447f1571: shutdown LeaderElection
2019-10-09 23:42:16,217 [d136ae8b-688f-4f7c-93b0-c5cb447f1571@group-8C33BFA2BBE8-LeaderElection76] INFO  impl.RoleInfo (RoleInfo.java:updateAndGet(143)) - d136ae8b-688f-4f7c-93b0-c5cb447f1571: start FollowerState
2019-10-09 23:42:16,220 [8b64e72b-f692-4da6-8701-d8357aa19361@group-8C33BFA2BBE8-LeaderElection79] INFO  impl.LeaderElection (LeaderElection.java:logAndReturn(56)) - 8b64e72b-f692-4da6-8701-d8357aa19361@group-8C33BFA2BBE8-LeaderElection79: Election REJECTED; received 2 response(s) [8b64e72b-f692-4da6-8701-d8357aa19361<-d136ae8b-688f-4f7c-93b0-c5cb447f1571#0:FAIL-t1, 8b64e72b-f692-4da6-8701-d8357aa19361<-9aa4720c-4ff1-4461-88d1-1a3f7075fdcd#0:FAIL-t1] and 0 exception(s); 8b64e72b-f692-4da6-8701-d8357aa19361@group-8C33BFA2BBE8:t1, leader=null, voted=8b64e72b-f692-4da6-8701-d8357aa19361, raftlog=8b64e72b-f692-4da6-8701-d8357aa19361@group-8C33BFA2BBE8-SegmentedRaftLog:OPENED:c-1,f-1,i0, conf=-1: [d136ae8b-688f-4f7c-93b0-c5cb447f1571:192.168.151.98:39657, 9aa4720c-4ff1-4461-88d1-1a3f7075fdcd:192.168.151.98:40006, 8b64e72b-f692-4da6-8701-d8357aa19361:192.168.151.98:35165], old=null
2019-10-09 23:42:16,222 [8b64e72b-f692-4da6-8701-d8357aa19361@group-8C33BFA2BBE8-LeaderElection79] INFO  impl.RaftServerImpl (RaftServerImpl.java:setRole(170)) - 8b64e72b-f692-4da6-8701-d8357aa19361@group-8C33BFA2BBE8: changes role from CANDIDATE to FOLLOWER at term 1 for DISCOVERED_A_NEW_TERM
2019-10-09 23:42:16,222 [8b64e72b-f692-4da6-8701-d8357aa19361@group-8C33BFA2BBE8-LeaderElection79] INFO  impl.RoleInfo (RoleInfo.java:shutdownLeaderElection(134)) - 8b64e72b-f692-4da6-8701-d8357aa19361: shutdown LeaderElection
2019-10-09 23:42:16,222 [9aa4720c-4ff1-4461-88d1-1a3f7075fdcd@group-8C33BFA2BBE8-LeaderElection78] INFO  impl.LeaderElection (LeaderElection.java:logAndReturn(56)) - 9aa4720c-4ff1-4461-88d1-1a3f7075fdcd@group-8C33BFA2BBE8-LeaderElection78: Election REJECTED; received 2 response(s) [9aa4720c-4ff1-4461-88d1-1a3f7075fdcd<-d136ae8b-688f-4f7c-93b0-c5cb447f1571#0:FAIL-t1, 9aa4720c-4ff1-4461-88d1-1a3f7075fdcd<-8b64e72b-f692-4da6-8701-d8357aa19361#0:FAIL-t1] and 0 exception(s); 9aa4720c-4ff1-4461-88d1-1a3f7075fdcd@group-8C33BFA2BBE8:t1, leader=null, voted=9aa4720c-4ff1-4461-88d1-1a3f7075fdcd, raftlog=9aa4720c-4ff1-4461-88d1-1a3f7075fdcd@group-8C33BFA2BBE8-SegmentedRaftLog:OPENED:c-1,f-1,i0, conf=-1: [d136ae8b-688f-4f7c-93b0-c5cb447f1571:192.168.151.98:39657, 9aa4720c-4ff1-4461-88d1-1a3f7075fdcd:192.168.151.98:40006, 8b64e72b-f692-4da6-8701-d8357aa19361:192.168.151.98:35165], old=null
2019-10-09 23:42:16,224 [9aa4720c-4ff1-4461-88d1-1a3f7075fdcd@group-8C33BFA2BBE8-LeaderElection78] INFO  impl.RaftServerImpl (RaftServerImpl.java:setRole(170)) - 9aa4720c-4ff1-4461-88d1-1a3f7075fdcd@group-8C33BFA2BBE8: changes role from CANDIDATE to FOLLOWER at term 1 for DISCOVERED_A_NEW_TERM
2019-10-09 23:42:16,224 [8b64e72b-f692-4da6-8701-d8357aa19361@group-8C33BFA2BBE8-LeaderElection79] INFO  impl.RoleInfo (RoleInfo.java:updateAndGet(143)) - 8b64e72b-f692-4da6-8701-d8357aa19361: start FollowerState
2019-10-09 23:42:16,224 [9aa4720c-4ff1-4461-88d1-1a3f7075fdcd@group-8C33BFA2BBE8-LeaderElection78] INFO  impl.RoleInfo (RoleInfo.java:shutdownLeaderElection(134)) - 9aa4720c-4ff1-4461-88d1-1a3f7075fdcd: shutdown LeaderElection
2019-10-09 23:42:16,226 [9aa4720c-4ff1-4461-88d1-1a3f7075fdcd@group-8C33BFA2BBE8-LeaderElection78] INFO  impl.RoleInfo (RoleInfo.java:updateAndGet(143)) - 9aa4720c-4ff1-4461-88d1-1a3f7075fdcd: start FollowerState
2019-10-09 23:42:16,247 [8b64e72b-f692-4da6-8701-d8357aa19361@group-6D0431870CA1-SegmentedRaftLogWorker] INFO  segmented.SegmentedRaftLogWorker (SegmentedRaftLogWorker.java:execute(574)) - 8b64e72b-f692-4da6-8701-d8357aa19361@group-6D0431870CA1-SegmentedRaftLogWorker: created new log segment /workdir/hadoop-ozone/integration-test/target/test-dir/MiniOzoneClusterImpl-8b6ca641-6d7f-4583-914a-a0f78aea40f0/datanode-1/data/ratis/6f9c2e72-b008-456c-9bef-6d0431870ca1/current/log_inprogress_0
2019-10-09 23:42:16,249 [db0f9e5f-40c7-432b-82eb-2896485fae3f@group-03BD43E7D871-LeaderElection80] INFO  impl.LeaderElection (LeaderElection.java:askForVotes(178)) - db0f9e5f-40c7-432b-82eb-2896485fae3f@group-03BD43E7D871-LeaderElection80: begin an election at term 1 for -1: [db0f9e5f-40c7-432b-82eb-2896485fae3f:192.168.151.98:33436], old=null
2019-10-09 23:42:16,249 [db0f9e5f-40c7-432b-82eb-2896485fae3f@group-03BD43E7D871-LeaderElection80] INFO  impl.RoleInfo (RoleInfo.java:shutdownLeaderElection(134)) - db0f9e5f-40c7-432b-82eb-2896485fae3f: shutdown LeaderElection
2019-10-09 23:42:16,249 [db0f9e5f-40c7-432b-82eb-2896485fae3f@group-03BD43E7D871-LeaderElection80] INFO  impl.RaftServerImpl (RaftServerImpl.java:setRole(170)) - db0f9e5f-40c7-432b-82eb-2896485fae3f@group-03BD43E7D871: changes role from CANDIDATE to LEADER at term 1 for changeToLeader
2019-10-09 23:42:16,249 [db0f9e5f-40c7-432b-82eb-2896485fae3f@group-03BD43E7D871-LeaderElection80] INFO  impl.RaftServerImpl (ServerState.java:setLeader(255)) - db0f9e5f-40c7-432b-82eb-2896485fae3f@group-03BD43E7D871: change Leader from null to db0f9e5f-40c7-432b-82eb-2896485fae3f at term 1 for becomeLeader, leader elected after 5141ms
2019-10-09 23:42:16,249 [db0f9e5f-40c7-432b-82eb-2896485fae3f@group-03BD43E7D871-LeaderElection80] INFO  server.RaftServerConfigKeys (ConfUtils.java:logGet(43)) - raft.server.staging.catchup.gap = 1000 (default)
2019-10-09 23:42:16,249 [db0f9e5f-40c7-432b-82eb-2896485fae3f@group-03BD43E7D871-LeaderElection80] INFO  server.RaftServerConfigKeys (ConfUtils.java:logGet(43)) - raft.server.rpc.sleep.time = 25ms (default)
2019-10-09 23:42:16,250 [db0f9e5f-40c7-432b-82eb-2896485fae3f@group-03BD43E7D871-LeaderElection80] INFO  server.RaftServerConfigKeys (ConfUtils.java:logGet(43)) - raft.server.write.element-limit = 4096 (default)
2019-10-09 23:42:16,250 [db0f9e5f-40c7-432b-82eb-2896485fae3f@group-03BD43E7D871-LeaderElection80] INFO  server.RaftServerConfigKeys (ConfUtils.java:logGet(43)) - raft.server.watch.timeout = 10s (default)
2019-10-09 23:42:16,250 [db0f9e5f-40c7-432b-82eb-2896485fae3f@group-03BD43E7D871-LeaderElection80] INFO  server.RaftServerConfigKeys (ConfUtils.java:logGet(43)) - raft.server.watch.timeout.denomination = 1s (default)
2019-10-09 23:42:16,250 [db0f9e5f-40c7-432b-82eb-2896485fae3f@group-03BD43E7D871-LeaderElection80] INFO  server.RaftServerConfigKeys (ConfUtils.java:logGet(43)) - raft.server.watch.element-limit = 65536 (default)
2019-10-09 23:42:16,252 [db0f9e5f-40c7-432b-82eb-2896485fae3f@group-03BD43E7D871-LeaderElection80] INFO  impl.RoleInfo (RoleInfo.java:updateAndGet(143)) - db0f9e5f-40c7-432b-82eb-2896485fae3f: start LeaderState
2019-10-09 23:42:16,252 [db0f9e5f-40c7-432b-82eb-2896485fae3f@group-03BD43E7D871-LeaderElection80] INFO  segmented.SegmentedRaftLogWorker (SegmentedRaftLogWorker.java:startLogSegment(385)) - db0f9e5f-40c7-432b-82eb-2896485fae3f@group-03BD43E7D871-SegmentedRaftLogWorker: Starting segment from index:0
2019-10-09 23:42:16,253 [db0f9e5f-40c7-432b-82eb-2896485fae3f@group-03BD43E7D871-LeaderElection80] INFO  impl.RaftServerImpl (ServerState.java:setRaftConf(356)) - db0f9e5f-40c7-432b-82eb-2896485fae3f@group-03BD43E7D871: set configuration 0: [db0f9e5f-40c7-432b-82eb-2896485fae3f:192.168.151.98:33436], old=null at 0
2019-10-09 23:42:16,292 [Thread-3095] INFO  impl.FollowerState (FollowerState.java:run(108)) - 048ed862-969d-4a53-9065-988fa7882172@group-A1E3CC2534D4-FollowerState: change to CANDIDATE, lastRpcTime:5136ms, electionTimeout:5136ms
2019-10-09 23:42:16,292 [Thread-3095] INFO  impl.RoleInfo (RoleInfo.java:shutdownFollowerState(121)) - 048ed862-969d-4a53-9065-988fa7882172: shutdown FollowerState
2019-10-09 23:42:16,292 [Thread-3095] INFO  impl.RaftServerImpl (RaftServerImpl.java:setRole(170)) - 048ed862-969d-4a53-9065-988fa7882172@group-A1E3CC2534D4: changes role from  FOLLOWER to CANDIDATE at term 0 for changeToCandidate
2019-10-09 23:42:16,292 [Thread-3095] INFO  impl.RoleInfo (RoleInfo.java:updateAndGet(143)) - 048ed862-969d-4a53-9065-988fa7882172: start LeaderElection
2019-10-09 23:42:16,295 [db0f9e5f-40c7-432b-82eb-2896485fae3f@group-03BD43E7D871-SegmentedRaftLogWorker] INFO  segmented.SegmentedRaftLogWorker (SegmentedRaftLogWorker.java:execute(574)) - db0f9e5f-40c7-432b-82eb-2896485fae3f@group-03BD43E7D871-SegmentedRaftLogWorker: created new log segment /workdir/hadoop-ozone/integration-test/target/test-dir/MiniOzoneClusterImpl-8b6ca641-6d7f-4583-914a-a0f78aea40f0/datanode-4/data/ratis/bd446112-2222-4ded-9bb5-03bd43e7d871/current/log_inprogress_0
2019-10-09 23:42:16,324 [048ed862-969d-4a53-9065-988fa7882172@group-A1E3CC2534D4-LeaderElection81] INFO  impl.LeaderElection (LeaderElection.java:askForVotes(178)) - 048ed862-969d-4a53-9065-988fa7882172@group-A1E3CC2534D4-LeaderElection81: begin an election at term 1 for -1: [048ed862-969d-4a53-9065-988fa7882172:192.168.151.98:42040], old=null
2019-10-09 23:42:16,324 [048ed862-969d-4a53-9065-988fa7882172@group-A1E3CC2534D4-LeaderElection81] INFO  impl.RoleInfo (RoleInfo.java:shutdownLeaderElection(134)) - 048ed862-969d-4a53-9065-988fa7882172: shutdown LeaderElection
2019-10-09 23:42:16,324 [048ed862-969d-4a53-9065-988fa7882172@group-A1E3CC2534D4-LeaderElection81] INFO  impl.RaftServerImpl (RaftServerImpl.java:setRole(170)) - 048ed862-969d-4a53-9065-988fa7882172@group-A1E3CC2534D4: changes role from CANDIDATE to LEADER at term 1 for changeToLeader
2019-10-09 23:42:16,324 [048ed862-969d-4a53-9065-988fa7882172@group-A1E3CC2534D4-LeaderElection81] INFO  impl.RaftServerImpl (ServerState.java:setLeader(255)) - 048ed862-969d-4a53-9065-988fa7882172@group-A1E3CC2534D4: change Leader from null to 048ed862-969d-4a53-9065-988fa7882172 at term 1 for becomeLeader, leader elected after 5173ms
2019-10-09 23:42:16,324 [048ed862-969d-4a53-9065-988fa7882172@group-A1E3CC2534D4-LeaderElection81] INFO  server.RaftServerConfigKeys (ConfUtils.java:logGet(43)) - raft.server.staging.catchup.gap = 1000 (default)
2019-10-09 23:42:16,324 [048ed862-969d-4a53-9065-988fa7882172@group-A1E3CC2534D4-LeaderElection81] INFO  server.RaftServerConfigKeys (ConfUtils.java:logGet(43)) - raft.server.rpc.sleep.time = 25ms (default)
2019-10-09 23:42:16,325 [048ed862-969d-4a53-9065-988fa7882172@group-A1E3CC2534D4-LeaderElection81] INFO  server.RaftServerConfigKeys (ConfUtils.java:logGet(43)) - raft.server.write.element-limit = 4096 (default)
2019-10-09 23:42:16,325 [048ed862-969d-4a53-9065-988fa7882172@group-A1E3CC2534D4-LeaderElection81] INFO  server.RaftServerConfigKeys (ConfUtils.java:logGet(43)) - raft.server.watch.timeout = 10s (default)
2019-10-09 23:42:16,325 [048ed862-969d-4a53-9065-988fa7882172@group-A1E3CC2534D4-LeaderElection81] INFO  server.RaftServerConfigKeys (ConfUtils.java:logGet(43)) - raft.server.watch.timeout.denomination = 1s (default)
2019-10-09 23:42:16,325 [048ed862-969d-4a53-9065-988fa7882172@group-A1E3CC2534D4-LeaderElection81] INFO  server.RaftServerConfigKeys (ConfUtils.java:logGet(43)) - raft.server.watch.element-limit = 65536 (default)
2019-10-09 23:42:16,327 [048ed862-969d-4a53-9065-988fa7882172@group-A1E3CC2534D4-LeaderElection81] INFO  impl.RoleInfo (RoleInfo.java:updateAndGet(143)) - 048ed862-969d-4a53-9065-988fa7882172: start LeaderState
2019-10-09 23:42:16,328 [048ed862-969d-4a53-9065-988fa7882172@group-A1E3CC2534D4-LeaderElection81] INFO  segmented.SegmentedRaftLogWorker (SegmentedRaftLogWorker.java:startLogSegment(385)) - 048ed862-969d-4a53-9065-988fa7882172@group-A1E3CC2534D4-SegmentedRaftLogWorker: Starting segment from index:0
2019-10-09 23:42:16,328 [048ed862-969d-4a53-9065-988fa7882172@group-A1E3CC2534D4-LeaderElection81] INFO  impl.RaftServerImpl (ServerState.java:setRaftConf(356)) - 048ed862-969d-4a53-9065-988fa7882172@group-A1E3CC2534D4: set configuration 0: [048ed862-969d-4a53-9065-988fa7882172:192.168.151.98:42040], old=null at 0
2019-10-09 23:42:16,356 [Thread-3103] INFO  impl.FollowerState (FollowerState.java:run(108)) - 2fa37604-7db0-4e2a-bcef-caac287edc99@group-0FCB90F3C6E6-FollowerState: change to CANDIDATE, lastRpcTime:5049ms, electionTimeout:5032ms
2019-10-09 23:42:16,356 [Thread-3103] INFO  impl.RoleInfo (RoleInfo.java:shutdownFollowerState(121)) - 2fa37604-7db0-4e2a-bcef-caac287edc99: shutdown FollowerState
2019-10-09 23:42:16,356 [Thread-3103] INFO  impl.RaftServerImpl (RaftServerImpl.java:setRole(170)) - 2fa37604-7db0-4e2a-bcef-caac287edc99@group-0FCB90F3C6E6: changes role from  FOLLOWER to CANDIDATE at term 0 for changeToCandidate
2019-10-09 23:42:16,356 [Thread-3103] INFO  impl.RoleInfo (RoleInfo.java:updateAndGet(143)) - 2fa37604-7db0-4e2a-bcef-caac287edc99: start LeaderElection
2019-10-09 23:42:16,368 [048ed862-969d-4a53-9065-988fa7882172@group-A1E3CC2534D4-SegmentedRaftLogWorker] INFO  segmented.SegmentedRaftLogWorker (SegmentedRaftLogWorker.java:execute(574)) - 048ed862-969d-4a53-9065-988fa7882172@group-A1E3CC2534D4-SegmentedRaftLogWorker: created new log segment /workdir/hadoop-ozone/integration-test/target/test-dir/MiniOzoneClusterImpl-8b6ca641-6d7f-4583-914a-a0f78aea40f0/datanode-3/data/ratis/6f04489f-b261-455d-b982-a1e3cc2534d4/current/log_inprogress_0
2019-10-09 23:42:16,368 [2fa37604-7db0-4e2a-bcef-caac287edc99@group-0FCB90F3C6E6-LeaderElection82] INFO  impl.LeaderElection (LeaderElection.java:askForVotes(178)) - 2fa37604-7db0-4e2a-bcef-caac287edc99@group-0FCB90F3C6E6-LeaderElection82: begin an election at term 1 for -1: [2fa37604-7db0-4e2a-bcef-caac287edc99:192.168.151.98:43506], old=null
2019-10-09 23:42:16,368 [2fa37604-7db0-4e2a-bcef-caac287edc99@group-0FCB90F3C6E6-LeaderElection82] INFO  impl.RoleInfo (RoleInfo.java:shutdownLeaderElection(134)) - 2fa37604-7db0-4e2a-bcef-caac287edc99: shutdown LeaderElection
2019-10-09 23:42:16,368 [2fa37604-7db0-4e2a-bcef-caac287edc99@group-0FCB90F3C6E6-LeaderElection82] INFO  impl.RaftServerImpl (RaftServerImpl.java:setRole(170)) - 2fa37604-7db0-4e2a-bcef-caac287edc99@group-0FCB90F3C6E6: changes role from CANDIDATE to LEADER at term 1 for changeToLeader
2019-10-09 23:42:16,368 [2fa37604-7db0-4e2a-bcef-caac287edc99@group-0FCB90F3C6E6-LeaderElection82] INFO  impl.RaftServerImpl (ServerState.java:setLeader(255)) - 2fa37604-7db0-4e2a-bcef-caac287edc99@group-0FCB90F3C6E6: change Leader from null to 2fa37604-7db0-4e2a-bcef-caac287edc99 at term 1 for becomeLeader, leader elected after 5066ms
2019-10-09 23:42:16,368 [2fa37604-7db0-4e2a-bcef-caac287edc99@group-0FCB90F3C6E6-LeaderElection82] INFO  server.RaftServerConfigKeys (ConfUtils.java:logGet(43)) - raft.server.staging.catchup.gap = 1000 (default)
2019-10-09 23:42:16,368 [2fa37604-7db0-4e2a-bcef-caac287edc99@group-0FCB90F3C6E6-LeaderElection82] INFO  server.RaftServerConfigKeys (ConfUtils.java:logGet(43)) - raft.server.rpc.sleep.time = 25ms (default)
2019-10-09 23:42:16,368 [2fa37604-7db0-4e2a-bcef-caac287edc99@group-0FCB90F3C6E6-LeaderElection82] INFO  server.RaftServerConfigKeys (ConfUtils.java:logGet(43)) - raft.server.write.element-limit = 4096 (default)
2019-10-09 23:42:16,368 [2fa37604-7db0-4e2a-bcef-caac287edc99@group-0FCB90F3C6E6-LeaderElection82] INFO  server.RaftServerConfigKeys (ConfUtils.java:logGet(43)) - raft.server.watch.timeout = 10s (default)
2019-10-09 23:42:16,369 [2fa37604-7db0-4e2a-bcef-caac287edc99@group-0FCB90F3C6E6-LeaderElection82] INFO  server.RaftServerConfigKeys (ConfUtils.java:logGet(43)) - raft.server.watch.timeout.denomination = 1s (default)
2019-10-09 23:42:16,369 [2fa37604-7db0-4e2a-bcef-caac287edc99@group-0FCB90F3C6E6-LeaderElection82] INFO  server.RaftServerConfigKeys (ConfUtils.java:logGet(43)) - raft.server.watch.element-limit = 65536 (default)
2019-10-09 23:42:16,370 [2fa37604-7db0-4e2a-bcef-caac287edc99@group-0FCB90F3C6E6-LeaderElection82] INFO  impl.RoleInfo (RoleInfo.java:updateAndGet(143)) - 2fa37604-7db0-4e2a-bcef-caac287edc99: start LeaderState
2019-10-09 23:42:16,370 [2fa37604-7db0-4e2a-bcef-caac287edc99@group-0FCB90F3C6E6-LeaderElection82] INFO  segmented.SegmentedRaftLogWorker (SegmentedRaftLogWorker.java:startLogSegment(385)) - 2fa37604-7db0-4e2a-bcef-caac287edc99@group-0FCB90F3C6E6-SegmentedRaftLogWorker: Starting segment from index:0
2019-10-09 23:42:16,370 [2fa37604-7db0-4e2a-bcef-caac287edc99@group-0FCB90F3C6E6-LeaderElection82] INFO  impl.RaftServerImpl (ServerState.java:setRaftConf(356)) - 2fa37604-7db0-4e2a-bcef-caac287edc99@group-0FCB90F3C6E6: set configuration 0: [2fa37604-7db0-4e2a-bcef-caac287edc99:192.168.151.98:43506], old=null at 0
2019-10-09 23:42:16,397 [Thread-3100] INFO  impl.FollowerState (FollowerState.java:run(108)) - 347733b7-3083-402e-906e-121f5d9a8d9c@group-A6242274143E-FollowerState: change to CANDIDATE, lastRpcTime:5152ms, electionTimeout:5146ms
2019-10-09 23:42:16,397 [Thread-3100] INFO  impl.RoleInfo (RoleInfo.java:shutdownFollowerState(121)) - 347733b7-3083-402e-906e-121f5d9a8d9c: shutdown FollowerState
2019-10-09 23:42:16,397 [Thread-3100] INFO  impl.RaftServerImpl (RaftServerImpl.java:setRole(170)) - 347733b7-3083-402e-906e-121f5d9a8d9c@group-A6242274143E: changes role from  FOLLOWER to CANDIDATE at term 0 for changeToCandidate
2019-10-09 23:42:16,397 [Thread-3100] INFO  impl.RoleInfo (RoleInfo.java:updateAndGet(143)) - 347733b7-3083-402e-906e-121f5d9a8d9c: start LeaderElection
2019-10-09 23:42:16,412 [2fa37604-7db0-4e2a-bcef-caac287edc99@group-0FCB90F3C6E6-SegmentedRaftLogWorker] INFO  segmented.SegmentedRaftLogWorker (SegmentedRaftLogWorker.java:execute(574)) - 2fa37604-7db0-4e2a-bcef-caac287edc99@group-0FCB90F3C6E6-SegmentedRaftLogWorker: created new log segment /workdir/hadoop-ozone/integration-test/target/test-dir/MiniOzoneClusterImpl-8b6ca641-6d7f-4583-914a-a0f78aea40f0/datanode-6/data/ratis/6855e474-fb4b-441e-8a6e-0fcb90f3c6e6/current/log_inprogress_0
2019-10-09 23:42:16,425 [347733b7-3083-402e-906e-121f5d9a8d9c@group-A6242274143E-LeaderElection83] INFO  impl.LeaderElection (LeaderElection.java:askForVotes(178)) - 347733b7-3083-402e-906e-121f5d9a8d9c@group-A6242274143E-LeaderElection83: begin an election at term 1 for -1: [347733b7-3083-402e-906e-121f5d9a8d9c:192.168.151.98:34194], old=null
2019-10-09 23:42:16,425 [347733b7-3083-402e-906e-121f5d9a8d9c@group-A6242274143E-LeaderElection83] INFO  impl.RoleInfo (RoleInfo.java:shutdownLeaderElection(134)) - 347733b7-3083-402e-906e-121f5d9a8d9c: shutdown LeaderElection
2019-10-09 23:42:16,425 [347733b7-3083-402e-906e-121f5d9a8d9c@group-A6242274143E-LeaderElection83] INFO  impl.RaftServerImpl (RaftServerImpl.java:setRole(170)) - 347733b7-3083-402e-906e-121f5d9a8d9c@group-A6242274143E: changes role from CANDIDATE to LEADER at term 1 for changeToLeader
2019-10-09 23:42:16,425 [347733b7-3083-402e-906e-121f5d9a8d9c@group-A6242274143E-LeaderElection83] INFO  impl.RaftServerImpl (ServerState.java:setLeader(255)) - 347733b7-3083-402e-906e-121f5d9a8d9c@group-A6242274143E: change Leader from null to 347733b7-3083-402e-906e-121f5d9a8d9c at term 1 for becomeLeader, leader elected after 5205ms
2019-10-09 23:42:16,425 [347733b7-3083-402e-906e-121f5d9a8d9c@group-A6242274143E-LeaderElection83] INFO  server.RaftServerConfigKeys (ConfUtils.java:logGet(43)) - raft.server.staging.catchup.gap = 1000 (default)
2019-10-09 23:42:16,425 [347733b7-3083-402e-906e-121f5d9a8d9c@group-A6242274143E-LeaderElection83] INFO  server.RaftServerConfigKeys (ConfUtils.java:logGet(43)) - raft.server.rpc.sleep.time = 25ms (default)
2019-10-09 23:42:16,425 [347733b7-3083-402e-906e-121f5d9a8d9c@group-A6242274143E-LeaderElection83] INFO  server.RaftServerConfigKeys (ConfUtils.java:logGet(43)) - raft.server.write.element-limit = 4096 (default)
2019-10-09 23:42:16,425 [347733b7-3083-402e-906e-121f5d9a8d9c@group-A6242274143E-LeaderElection83] INFO  server.RaftServerConfigKeys (ConfUtils.java:logGet(43)) - raft.server.watch.timeout = 10s (default)
2019-10-09 23:42:16,425 [347733b7-3083-402e-906e-121f5d9a8d9c@group-A6242274143E-LeaderElection83] INFO  server.RaftServerConfigKeys (ConfUtils.java:logGet(43)) - raft.server.watch.timeout.denomination = 1s (default)
2019-10-09 23:42:16,425 [347733b7-3083-402e-906e-121f5d9a8d9c@group-A6242274143E-LeaderElection83] INFO  server.RaftServerConfigKeys (ConfUtils.java:logGet(43)) - raft.server.watch.element-limit = 65536 (default)
2019-10-09 23:42:16,427 [347733b7-3083-402e-906e-121f5d9a8d9c@group-A6242274143E-LeaderElection83] INFO  impl.RoleInfo (RoleInfo.java:updateAndGet(143)) - 347733b7-3083-402e-906e-121f5d9a8d9c: start LeaderState
2019-10-09 23:42:16,427 [347733b7-3083-402e-906e-121f5d9a8d9c@group-A6242274143E-LeaderElection83] INFO  segmented.SegmentedRaftLogWorker (SegmentedRaftLogWorker.java:startLogSegment(385)) - 347733b7-3083-402e-906e-121f5d9a8d9c@group-A6242274143E-SegmentedRaftLogWorker: Starting segment from index:0
2019-10-09 23:42:16,427 [347733b7-3083-402e-906e-121f5d9a8d9c@group-A6242274143E-LeaderElection83] INFO  impl.RaftServerImpl (ServerState.java:setRaftConf(356)) - 347733b7-3083-402e-906e-121f5d9a8d9c@group-A6242274143E: set configuration 0: [347733b7-3083-402e-906e-121f5d9a8d9c:192.168.151.98:34194], old=null at 0
2019-10-09 23:42:16,479 [347733b7-3083-402e-906e-121f5d9a8d9c@group-A6242274143E-SegmentedRaftLogWorker] INFO  segmented.SegmentedRaftLogWorker (SegmentedRaftLogWorker.java:execute(574)) - 347733b7-3083-402e-906e-121f5d9a8d9c@group-A6242274143E-SegmentedRaftLogWorker: created new log segment /workdir/hadoop-ozone/integration-test/target/test-dir/MiniOzoneClusterImpl-8b6ca641-6d7f-4583-914a-a0f78aea40f0/datanode-5/data/ratis/a4bd2279-4c70-45a4-98db-a6242274143e/current/log_inprogress_0
2019-10-09 23:42:16,542 [Thread-3111] INFO  impl.FollowerState (FollowerState.java:run(108)) - db0f9e5f-40c7-432b-82eb-2896485fae3f@group-6E1002E0E66A-FollowerState: change to CANDIDATE, lastRpcTime:5136ms, electionTimeout:5136ms
2019-10-09 23:42:16,542 [Thread-3111] INFO  impl.RoleInfo (RoleInfo.java:shutdownFollowerState(121)) - db0f9e5f-40c7-432b-82eb-2896485fae3f: shutdown FollowerState
2019-10-09 23:42:16,542 [Thread-3111] INFO  impl.RaftServerImpl (RaftServerImpl.java:setRole(170)) - db0f9e5f-40c7-432b-82eb-2896485fae3f@group-6E1002E0E66A: changes role from  FOLLOWER to CANDIDATE at term 0 for changeToCandidate
2019-10-09 23:42:16,542 [Thread-3111] INFO  impl.RoleInfo (RoleInfo.java:updateAndGet(143)) - db0f9e5f-40c7-432b-82eb-2896485fae3f: start LeaderElection
2019-10-09 23:42:16,559 [db0f9e5f-40c7-432b-82eb-2896485fae3f@group-6E1002E0E66A-LeaderElection84] INFO  impl.LeaderElection (LeaderElection.java:askForVotes(178)) - db0f9e5f-40c7-432b-82eb-2896485fae3f@group-6E1002E0E66A-LeaderElection84: begin an election at term 1 for -1: [db0f9e5f-40c7-432b-82eb-2896485fae3f:192.168.151.98:33436, 2fa37604-7db0-4e2a-bcef-caac287edc99:192.168.151.98:43506, 048ed862-969d-4a53-9065-988fa7882172:192.168.151.98:42040], old=null
2019-10-09 23:42:16,562 [grpc-default-executor-9] INFO  impl.RaftServerImpl (RaftServerImpl.java:setRole(170)) - 2fa37604-7db0-4e2a-bcef-caac287edc99@group-6E1002E0E66A: changes role from  FOLLOWER to FOLLOWER at term 1 for recognizeCandidate:db0f9e5f-40c7-432b-82eb-2896485fae3f
2019-10-09 23:42:16,562 [grpc-default-executor-9] INFO  impl.RoleInfo (RoleInfo.java:shutdownFollowerState(121)) - 2fa37604-7db0-4e2a-bcef-caac287edc99: shutdown FollowerState
2019-10-09 23:42:16,562 [grpc-default-executor-11] INFO  impl.RaftServerImpl (RaftServerImpl.java:setRole(170)) - 048ed862-969d-4a53-9065-988fa7882172@group-6E1002E0E66A: changes role from  FOLLOWER to FOLLOWER at term 1 for recognizeCandidate:db0f9e5f-40c7-432b-82eb-2896485fae3f
2019-10-09 23:42:16,562 [grpc-default-executor-9] INFO  impl.RoleInfo (RoleInfo.java:updateAndGet(143)) - 2fa37604-7db0-4e2a-bcef-caac287edc99: start FollowerState
2019-10-09 23:42:16,563 [Thread-3110] INFO  impl.FollowerState (FollowerState.java:run(117)) - 2fa37604-7db0-4e2a-bcef-caac287edc99@group-6E1002E0E66A-FollowerState was interrupted: java.lang.InterruptedException: sleep interrupted
2019-10-09 23:42:16,562 [grpc-default-executor-11] INFO  impl.RoleInfo (RoleInfo.java:shutdownFollowerState(121)) - 048ed862-969d-4a53-9065-988fa7882172: shutdown FollowerState
2019-10-09 23:42:16,566 [grpc-default-executor-11] INFO  impl.RoleInfo (RoleInfo.java:updateAndGet(143)) - 048ed862-969d-4a53-9065-988fa7882172: start FollowerState
2019-10-09 23:42:16,566 [Thread-3106] INFO  impl.FollowerState (FollowerState.java:run(117)) - 048ed862-969d-4a53-9065-988fa7882172@group-6E1002E0E66A-FollowerState was interrupted: java.lang.InterruptedException: sleep interrupted
2019-10-09 23:42:16,583 [db0f9e5f-40c7-432b-82eb-2896485fae3f@group-6E1002E0E66A-LeaderElection84] INFO  impl.LeaderElection (LeaderElection.java:logAndReturn(56)) - db0f9e5f-40c7-432b-82eb-2896485fae3f@group-6E1002E0E66A-LeaderElection84: Election PASSED; received 1 response(s) [db0f9e5f-40c7-432b-82eb-2896485fae3f<-2fa37604-7db0-4e2a-bcef-caac287edc99#0:OK-t1] and 0 exception(s); db0f9e5f-40c7-432b-82eb-2896485fae3f@group-6E1002E0E66A:t1, leader=null, voted=db0f9e5f-40c7-432b-82eb-2896485fae3f, raftlog=db0f9e5f-40c7-432b-82eb-2896485fae3f@group-6E1002E0E66A-SegmentedRaftLog:OPENED:c-1,f-1,i0, conf=-1: [db0f9e5f-40c7-432b-82eb-2896485fae3f:192.168.151.98:33436, 2fa37604-7db0-4e2a-bcef-caac287edc99:192.168.151.98:43506, 048ed862-969d-4a53-9065-988fa7882172:192.168.151.98:42040], old=null
2019-10-09 23:42:16,583 [db0f9e5f-40c7-432b-82eb-2896485fae3f@group-6E1002E0E66A-LeaderElection84] INFO  impl.RoleInfo (RoleInfo.java:shutdownLeaderElection(134)) - db0f9e5f-40c7-432b-82eb-2896485fae3f: shutdown LeaderElection
2019-10-09 23:42:16,583 [db0f9e5f-40c7-432b-82eb-2896485fae3f@group-6E1002E0E66A-LeaderElection84] INFO  impl.RaftServerImpl (RaftServerImpl.java:setRole(170)) - db0f9e5f-40c7-432b-82eb-2896485fae3f@group-6E1002E0E66A: changes role from CANDIDATE to LEADER at term 1 for changeToLeader
2019-10-09 23:42:16,583 [db0f9e5f-40c7-432b-82eb-2896485fae3f@group-6E1002E0E66A-LeaderElection84] INFO  impl.RaftServerImpl (ServerState.java:setLeader(255)) - db0f9e5f-40c7-432b-82eb-2896485fae3f@group-6E1002E0E66A: change Leader from null to db0f9e5f-40c7-432b-82eb-2896485fae3f at term 1 for becomeLeader, leader elected after 5187ms
2019-10-09 23:42:16,583 [db0f9e5f-40c7-432b-82eb-2896485fae3f@group-6E1002E0E66A-LeaderElection84] INFO  server.RaftServerConfigKeys (ConfUtils.java:logGet(43)) - raft.server.staging.catchup.gap = 1000 (default)
2019-10-09 23:42:16,583 [db0f9e5f-40c7-432b-82eb-2896485fae3f@group-6E1002E0E66A-LeaderElection84] INFO  server.RaftServerConfigKeys (ConfUtils.java:logGet(43)) - raft.server.rpc.sleep.time = 25ms (default)
2019-10-09 23:42:16,583 [db0f9e5f-40c7-432b-82eb-2896485fae3f@group-6E1002E0E66A-LeaderElection84] INFO  server.RaftServerConfigKeys (ConfUtils.java:logGet(43)) - raft.server.write.element-limit = 4096 (default)
2019-10-09 23:42:16,583 [db0f9e5f-40c7-432b-82eb-2896485fae3f@group-6E1002E0E66A-LeaderElection84] INFO  server.RaftServerConfigKeys (ConfUtils.java:logGet(43)) - raft.server.watch.timeout = 10s (default)
2019-10-09 23:42:16,583 [db0f9e5f-40c7-432b-82eb-2896485fae3f@group-6E1002E0E66A-LeaderElection84] INFO  server.RaftServerConfigKeys (ConfUtils.java:logGet(43)) - raft.server.watch.timeout.denomination = 1s (default)
2019-10-09 23:42:16,583 [db0f9e5f-40c7-432b-82eb-2896485fae3f@group-6E1002E0E66A-LeaderElection84] INFO  server.RaftServerConfigKeys (ConfUtils.java:logGet(43)) - raft.server.watch.element-limit = 65536 (default)
2019-10-09 23:42:16,585 [db0f9e5f-40c7-432b-82eb-2896485fae3f@group-6E1002E0E66A-LeaderElection84] INFO  server.RaftServerConfigKeys (ConfUtils.java:logGet(43)) - raft.server.log.appender.snapshot.chunk.size.max = 16MB (=16777216) (default)
2019-10-09 23:42:16,585 [db0f9e5f-40c7-432b-82eb-2896485fae3f@group-6E1002E0E66A-LeaderElection84] INFO  server.RaftServerConfigKeys (ConfUtils.java:logGet(43)) - raft.server.log.appender.buffer.byte-limit = 33554432 (custom)
2019-10-09 23:42:16,585 [db0f9e5f-40c7-432b-82eb-2896485fae3f@group-6E1002E0E66A-LeaderElection84] INFO  server.RaftServerConfigKeys (ConfUtils.java:logGet(43)) - raft.server.log.appender.buffer.element-limit = 1 (custom)
2019-10-09 23:42:16,585 [db0f9e5f-40c7-432b-82eb-2896485fae3f@group-6E1002E0E66A-LeaderElection84] INFO  grpc.GrpcConfigKeys$Server (ConfUtils.java:logGet(43)) - raft.grpc.server.leader.outstanding.appends.max = 128 (default)
2019-10-09 23:42:16,585 [db0f9e5f-40c7-432b-82eb-2896485fae3f@group-6E1002E0E66A-LeaderElection84] INFO  server.RaftServerConfigKeys (ConfUtils.java:logGet(43)) - raft.server.rpc.request.timeout = 3000ms (default)
2019-10-09 23:42:16,585 [db0f9e5f-40c7-432b-82eb-2896485fae3f@group-6E1002E0E66A-LeaderElection84] INFO  server.RaftServerConfigKeys (ConfUtils.java:logGet(43)) - raft.server.log.appender.install.snapshot.enabled = false (custom)
2019-10-09 23:42:16,585 [db0f9e5f-40c7-432b-82eb-2896485fae3f@group-6E1002E0E66A-LeaderElection84] INFO  server.RaftServerConfigKeys (ConfUtils.java:logGet(43)) - raft.server.log.appender.snapshot.chunk.size.max = 16MB (=16777216) (default)
2019-10-09 23:42:16,586 [db0f9e5f-40c7-432b-82eb-2896485fae3f@group-6E1002E0E66A-LeaderElection84] INFO  server.RaftServerConfigKeys (ConfUtils.java:logGet(43)) - raft.server.log.appender.buffer.byte-limit = 33554432 (custom)
2019-10-09 23:42:16,586 [db0f9e5f-40c7-432b-82eb-2896485fae3f@group-6E1002E0E66A-LeaderElection84] INFO  server.RaftServerConfigKeys (ConfUtils.java:logGet(43)) - raft.server.log.appender.buffer.element-limit = 1 (custom)
2019-10-09 23:42:16,586 [db0f9e5f-40c7-432b-82eb-2896485fae3f@group-6E1002E0E66A-LeaderElection84] INFO  grpc.GrpcConfigKeys$Server (ConfUtils.java:logGet(43)) - raft.grpc.server.leader.outstanding.appends.max = 128 (default)
2019-10-09 23:42:16,586 [db0f9e5f-40c7-432b-82eb-2896485fae3f@group-6E1002E0E66A-LeaderElection84] INFO  server.RaftServerConfigKeys (ConfUtils.java:logGet(43)) - raft.server.rpc.request.timeout = 3000ms (default)
2019-10-09 23:42:16,586 [db0f9e5f-40c7-432b-82eb-2896485fae3f@group-6E1002E0E66A-LeaderElection84] INFO  server.RaftServerConfigKeys (ConfUtils.java:logGet(43)) - raft.server.log.appender.install.snapshot.enabled = false (custom)
2019-10-09 23:42:16,586 [db0f9e5f-40c7-432b-82eb-2896485fae3f@group-6E1002E0E66A-LeaderElection84] INFO  impl.RoleInfo (RoleInfo.java:updateAndGet(143)) - db0f9e5f-40c7-432b-82eb-2896485fae3f: start LeaderState
2019-10-09 23:42:16,586 [db0f9e5f-40c7-432b-82eb-2896485fae3f@group-6E1002E0E66A-LeaderElection84] INFO  segmented.SegmentedRaftLogWorker (SegmentedRaftLogWorker.java:startLogSegment(385)) - db0f9e5f-40c7-432b-82eb-2896485fae3f@group-6E1002E0E66A-SegmentedRaftLogWorker: Starting segment from index:0
2019-10-09 23:42:16,587 [db0f9e5f-40c7-432b-82eb-2896485fae3f@group-6E1002E0E66A-LeaderElection84] INFO  impl.RaftServerImpl (ServerState.java:setRaftConf(356)) - db0f9e5f-40c7-432b-82eb-2896485fae3f@group-6E1002E0E66A: set configuration 0: [db0f9e5f-40c7-432b-82eb-2896485fae3f:192.168.151.98:33436, 2fa37604-7db0-4e2a-bcef-caac287edc99:192.168.151.98:43506, 048ed862-969d-4a53-9065-988fa7882172:192.168.151.98:42040], old=null at 0
2019-10-09 23:42:16,588 [grpc-default-executor-9] INFO  impl.RaftServerImpl (ServerState.java:setLeader(255)) - 2fa37604-7db0-4e2a-bcef-caac287edc99@group-6E1002E0E66A: change Leader from null to db0f9e5f-40c7-432b-82eb-2896485fae3f at term 1 for appendEntries, leader elected after 5192ms
2019-10-09 23:42:16,588 [grpc-default-executor-11] INFO  impl.RaftServerImpl (ServerState.java:setLeader(255)) - 048ed862-969d-4a53-9065-988fa7882172@group-6E1002E0E66A: change Leader from null to db0f9e5f-40c7-432b-82eb-2896485fae3f at term 1 for appendEntries, leader elected after 5192ms
2019-10-09 23:42:16,618 [grpc-default-executor-9] INFO  impl.RaftServerImpl (ServerState.java:setRaftConf(356)) - 2fa37604-7db0-4e2a-bcef-caac287edc99@group-6E1002E0E66A: set configuration 0: [db0f9e5f-40c7-432b-82eb-2896485fae3f:192.168.151.98:33436, 2fa37604-7db0-4e2a-bcef-caac287edc99:192.168.151.98:43506, 048ed862-969d-4a53-9065-988fa7882172:192.168.151.98:42040], old=null at 0
2019-10-09 23:42:16,618 [grpc-default-executor-11] INFO  impl.RaftServerImpl (ServerState.java:setRaftConf(356)) - 048ed862-969d-4a53-9065-988fa7882172@group-6E1002E0E66A: set configuration 0: [db0f9e5f-40c7-432b-82eb-2896485fae3f:192.168.151.98:33436, 2fa37604-7db0-4e2a-bcef-caac287edc99:192.168.151.98:43506, 048ed862-969d-4a53-9065-988fa7882172:192.168.151.98:42040], old=null at 0
2019-10-09 23:42:16,618 [grpc-default-executor-9] INFO  segmented.SegmentedRaftLogWorker (SegmentedRaftLogWorker.java:startLogSegment(385)) - 2fa37604-7db0-4e2a-bcef-caac287edc99@group-6E1002E0E66A-SegmentedRaftLogWorker: Starting segment from index:0
2019-10-09 23:42:16,619 [grpc-default-executor-11] INFO  segmented.SegmentedRaftLogWorker (SegmentedRaftLogWorker.java:startLogSegment(385)) - 048ed862-969d-4a53-9065-988fa7882172@group-6E1002E0E66A-SegmentedRaftLogWorker: Starting segment from index:0
2019-10-09 23:42:16,624 [db0f9e5f-40c7-432b-82eb-2896485fae3f@group-6E1002E0E66A-SegmentedRaftLogWorker] INFO  segmented.SegmentedRaftLogWorker (SegmentedRaftLogWorker.java:execute(574)) - db0f9e5f-40c7-432b-82eb-2896485fae3f@group-6E1002E0E66A-SegmentedRaftLogWorker: created new log segment /workdir/hadoop-ozone/integration-test/target/test-dir/MiniOzoneClusterImpl-8b6ca641-6d7f-4583-914a-a0f78aea40f0/datanode-4/data/ratis/e154a239-4471-404e-a663-6e1002e0e66a/current/log_inprogress_0
2019-10-09 23:42:16,656 [2fa37604-7db0-4e2a-bcef-caac287edc99@group-6E1002E0E66A-SegmentedRaftLogWorker] INFO  segmented.SegmentedRaftLogWorker (SegmentedRaftLogWorker.java:execute(574)) - 2fa37604-7db0-4e2a-bcef-caac287edc99@group-6E1002E0E66A-SegmentedRaftLogWorker: created new log segment /workdir/hadoop-ozone/integration-test/target/test-dir/MiniOzoneClusterImpl-8b6ca641-6d7f-4583-914a-a0f78aea40f0/datanode-6/data/ratis/e154a239-4471-404e-a663-6e1002e0e66a/current/log_inprogress_0
2019-10-09 23:42:16,656 [048ed862-969d-4a53-9065-988fa7882172@group-6E1002E0E66A-SegmentedRaftLogWorker] INFO  segmented.SegmentedRaftLogWorker (SegmentedRaftLogWorker.java:execute(574)) - 048ed862-969d-4a53-9065-988fa7882172@group-6E1002E0E66A-SegmentedRaftLogWorker: created new log segment /workdir/hadoop-ozone/integration-test/target/test-dir/MiniOzoneClusterImpl-8b6ca641-6d7f-4583-914a-a0f78aea40f0/datanode-3/data/ratis/e154a239-4471-404e-a663-6e1002e0e66a/current/log_inprogress_0
2019-10-09 23:42:18,695 [Datanode State Machine Thread - 0] INFO  statemachine.DatanodeStateMachine (DatanodeStateMachine.java:lambda$startDaemon$0(350)) - Ozone container server started.
2019-10-09 23:42:21,254 [Thread-3144] INFO  impl.FollowerState (FollowerState.java:run(108)) - 9aa4720c-4ff1-4461-88d1-1a3f7075fdcd@group-8C33BFA2BBE8-FollowerState: change to CANDIDATE, lastRpcTime:5028ms, electionTimeout:5028ms
2019-10-09 23:42:21,255 [Thread-3142] INFO  impl.FollowerState (FollowerState.java:run(108)) - d136ae8b-688f-4f7c-93b0-c5cb447f1571@group-8C33BFA2BBE8-FollowerState: change to CANDIDATE, lastRpcTime:5037ms, electionTimeout:5037ms
2019-10-09 23:42:21,255 [Thread-3144] INFO  impl.RoleInfo (RoleInfo.java:shutdownFollowerState(121)) - 9aa4720c-4ff1-4461-88d1-1a3f7075fdcd: shutdown FollowerState
2019-10-09 23:42:21,255 [Thread-3142] INFO  impl.RoleInfo (RoleInfo.java:shutdownFollowerState(121)) - d136ae8b-688f-4f7c-93b0-c5cb447f1571: shutdown FollowerState
2019-10-09 23:42:21,255 [Thread-3144] INFO  impl.RaftServerImpl (RaftServerImpl.java:setRole(170)) - 9aa4720c-4ff1-4461-88d1-1a3f7075fdcd@group-8C33BFA2BBE8: changes role from  FOLLOWER to CANDIDATE at term 1 for changeToCandidate
2019-10-09 23:42:21,255 [Thread-3142] INFO  impl.RaftServerImpl (RaftServerImpl.java:setRole(170)) - d136ae8b-688f-4f7c-93b0-c5cb447f1571@group-8C33BFA2BBE8: changes role from  FOLLOWER to CANDIDATE at term 1 for changeToCandidate
2019-10-09 23:42:21,256 [Thread-3144] INFO  impl.RoleInfo (RoleInfo.java:updateAndGet(143)) - 9aa4720c-4ff1-4461-88d1-1a3f7075fdcd: start LeaderElection
2019-10-09 23:42:21,256 [Thread-3142] INFO  impl.RoleInfo (RoleInfo.java:updateAndGet(143)) - d136ae8b-688f-4f7c-93b0-c5cb447f1571: start LeaderElection
2019-10-09 23:42:21,278 [d136ae8b-688f-4f7c-93b0-c5cb447f1571@group-8C33BFA2BBE8-LeaderElection86] INFO  impl.LeaderElection (LeaderElection.java:askForVotes(178)) - d136ae8b-688f-4f7c-93b0-c5cb447f1571@group-8C33BFA2BBE8-LeaderElection86: begin an election at term 2 for -1: [d136ae8b-688f-4f7c-93b0-c5cb447f1571:192.168.151.98:39657, 9aa4720c-4ff1-4461-88d1-1a3f7075fdcd:192.168.151.98:40006, 8b64e72b-f692-4da6-8701-d8357aa19361:192.168.151.98:35165], old=null
2019-10-09 23:42:21,278 [9aa4720c-4ff1-4461-88d1-1a3f7075fdcd@group-8C33BFA2BBE8-LeaderElection85] INFO  impl.LeaderElection (LeaderElection.java:askForVotes(178)) - 9aa4720c-4ff1-4461-88d1-1a3f7075fdcd@group-8C33BFA2BBE8-LeaderElection85: begin an election at term 2 for -1: [d136ae8b-688f-4f7c-93b0-c5cb447f1571:192.168.151.98:39657, 9aa4720c-4ff1-4461-88d1-1a3f7075fdcd:192.168.151.98:40006, 8b64e72b-f692-4da6-8701-d8357aa19361:192.168.151.98:35165], old=null
2019-10-09 23:42:21,287 [grpc-default-executor-10] INFO  impl.RaftServerImpl (RaftServerImpl.java:setRole(170)) - 8b64e72b-f692-4da6-8701-d8357aa19361@group-8C33BFA2BBE8: changes role from  FOLLOWER to FOLLOWER at term 2 for recognizeCandidate:9aa4720c-4ff1-4461-88d1-1a3f7075fdcd
2019-10-09 23:42:21,287 [grpc-default-executor-10] INFO  impl.RoleInfo (RoleInfo.java:shutdownFollowerState(121)) - 8b64e72b-f692-4da6-8701-d8357aa19361: shutdown FollowerState
2019-10-09 23:42:21,288 [grpc-default-executor-10] INFO  impl.RoleInfo (RoleInfo.java:updateAndGet(143)) - 8b64e72b-f692-4da6-8701-d8357aa19361: start FollowerState
2019-10-09 23:42:21,288 [Thread-3143] INFO  impl.FollowerState (FollowerState.java:run(117)) - 8b64e72b-f692-4da6-8701-d8357aa19361@group-8C33BFA2BBE8-FollowerState was interrupted: java.lang.InterruptedException: sleep interrupted
2019-10-09 23:42:21,306 [d136ae8b-688f-4f7c-93b0-c5cb447f1571@group-8C33BFA2BBE8-LeaderElection86] INFO  impl.LeaderElection (LeaderElection.java:logAndReturn(56)) - d136ae8b-688f-4f7c-93b0-c5cb447f1571@group-8C33BFA2BBE8-LeaderElection86: Election REJECTED; received 2 response(s) [d136ae8b-688f-4f7c-93b0-c5cb447f1571<-9aa4720c-4ff1-4461-88d1-1a3f7075fdcd#0:FAIL-t2, d136ae8b-688f-4f7c-93b0-c5cb447f1571<-8b64e72b-f692-4da6-8701-d8357aa19361#0:FAIL-t2] and 0 exception(s); d136ae8b-688f-4f7c-93b0-c5cb447f1571@group-8C33BFA2BBE8:t2, leader=null, voted=d136ae8b-688f-4f7c-93b0-c5cb447f1571, raftlog=d136ae8b-688f-4f7c-93b0-c5cb447f1571@group-8C33BFA2BBE8-SegmentedRaftLog:OPENED:c-1,f-1,i0, conf=-1: [d136ae8b-688f-4f7c-93b0-c5cb447f1571:192.168.151.98:39657, 9aa4720c-4ff1-4461-88d1-1a3f7075fdcd:192.168.151.98:40006, 8b64e72b-f692-4da6-8701-d8357aa19361:192.168.151.98:35165], old=null
2019-10-09 23:42:21,306 [9aa4720c-4ff1-4461-88d1-1a3f7075fdcd@group-8C33BFA2BBE8-LeaderElection85] INFO  impl.LeaderElection (LeaderElection.java:logAndReturn(56)) - 9aa4720c-4ff1-4461-88d1-1a3f7075fdcd@group-8C33BFA2BBE8-LeaderElection85: Election PASSED; received 2 response(s) [9aa4720c-4ff1-4461-88d1-1a3f7075fdcd<-d136ae8b-688f-4f7c-93b0-c5cb447f1571#0:FAIL-t2, 9aa4720c-4ff1-4461-88d1-1a3f7075fdcd<-8b64e72b-f692-4da6-8701-d8357aa19361#0:OK-t2] and 0 exception(s); 9aa4720c-4ff1-4461-88d1-1a3f7075fdcd@group-8C33BFA2BBE8:t2, leader=null, voted=9aa4720c-4ff1-4461-88d1-1a3f7075fdcd, raftlog=9aa4720c-4ff1-4461-88d1-1a3f7075fdcd@group-8C33BFA2BBE8-SegmentedRaftLog:OPENED:c-1,f-1,i0, conf=-1: [d136ae8b-688f-4f7c-93b0-c5cb447f1571:192.168.151.98:39657, 9aa4720c-4ff1-4461-88d1-1a3f7075fdcd:192.168.151.98:40006, 8b64e72b-f692-4da6-8701-d8357aa19361:192.168.151.98:35165], old=null
2019-10-09 23:42:21,306 [d136ae8b-688f-4f7c-93b0-c5cb447f1571@group-8C33BFA2BBE8-LeaderElection86] INFO  impl.RaftServerImpl (RaftServerImpl.java:setRole(170)) - d136ae8b-688f-4f7c-93b0-c5cb447f1571@group-8C33BFA2BBE8: changes role from CANDIDATE to FOLLOWER at term 2 for DISCOVERED_A_NEW_TERM
2019-10-09 23:42:21,309 [d136ae8b-688f-4f7c-93b0-c5cb447f1571@group-8C33BFA2BBE8-LeaderElection86] INFO  impl.RoleInfo (RoleInfo.java:shutdownLeaderElection(134)) - d136ae8b-688f-4f7c-93b0-c5cb447f1571: shutdown LeaderElection
2019-10-09 23:42:21,306 [9aa4720c-4ff1-4461-88d1-1a3f7075fdcd@group-8C33BFA2BBE8-LeaderElection85] INFO  impl.RoleInfo (RoleInfo.java:shutdownLeaderElection(134)) - 9aa4720c-4ff1-4461-88d1-1a3f7075fdcd: shutdown LeaderElection
2019-10-09 23:42:21,312 [9aa4720c-4ff1-4461-88d1-1a3f7075fdcd@group-8C33BFA2BBE8-LeaderElection85] INFO  impl.RaftServerImpl (RaftServerImpl.java:setRole(170)) - 9aa4720c-4ff1-4461-88d1-1a3f7075fdcd@group-8C33BFA2BBE8: changes role from CANDIDATE to LEADER at term 2 for changeToLeader
2019-10-09 23:42:21,312 [d136ae8b-688f-4f7c-93b0-c5cb447f1571@group-8C33BFA2BBE8-LeaderElection86] INFO  impl.RoleInfo (RoleInfo.java:updateAndGet(143)) - d136ae8b-688f-4f7c-93b0-c5cb447f1571: start FollowerState
2019-10-09 23:42:21,312 [9aa4720c-4ff1-4461-88d1-1a3f7075fdcd@group-8C33BFA2BBE8-LeaderElection85] INFO  impl.RaftServerImpl (ServerState.java:setLeader(255)) - 9aa4720c-4ff1-4461-88d1-1a3f7075fdcd@group-8C33BFA2BBE8: change Leader from null to 9aa4720c-4ff1-4461-88d1-1a3f7075fdcd at term 2 for becomeLeader, leader elected after 10270ms
2019-10-09 23:42:21,313 [9aa4720c-4ff1-4461-88d1-1a3f7075fdcd@group-8C33BFA2BBE8-LeaderElection85] INFO  server.RaftServerConfigKeys (ConfUtils.java:logGet(43)) - raft.server.staging.catchup.gap = 1000 (default)
2019-10-09 23:42:21,313 [9aa4720c-4ff1-4461-88d1-1a3f7075fdcd@group-8C33BFA2BBE8-LeaderElection85] INFO  server.RaftServerConfigKeys (ConfUtils.java:logGet(43)) - raft.server.rpc.sleep.time = 25ms (default)
2019-10-09 23:42:21,314 [9aa4720c-4ff1-4461-88d1-1a3f7075fdcd@group-8C33BFA2BBE8-LeaderElection85] INFO  server.RaftServerConfigKeys (ConfUtils.java:logGet(43)) - raft.server.write.element-limit = 4096 (default)
2019-10-09 23:42:21,314 [9aa4720c-4ff1-4461-88d1-1a3f7075fdcd@group-8C33BFA2BBE8-LeaderElection85] INFO  server.RaftServerConfigKeys (ConfUtils.java:logGet(43)) - raft.server.watch.timeout = 10s (default)
2019-10-09 23:42:21,314 [9aa4720c-4ff1-4461-88d1-1a3f7075fdcd@group-8C33BFA2BBE8-LeaderElection85] INFO  server.RaftServerConfigKeys (ConfUtils.java:logGet(43)) - raft.server.watch.timeout.denomination = 1s (default)
2019-10-09 23:42:21,314 [9aa4720c-4ff1-4461-88d1-1a3f7075fdcd@group-8C33BFA2BBE8-LeaderElection85] INFO  server.RaftServerConfigKeys (ConfUtils.java:logGet(43)) - raft.server.watch.element-limit = 65536 (default)
2019-10-09 23:42:21,318 [9aa4720c-4ff1-4461-88d1-1a3f7075fdcd@group-8C33BFA2BBE8-LeaderElection85] INFO  server.RaftServerConfigKeys (ConfUtils.java:logGet(43)) - raft.server.log.appender.snapshot.chunk.size.max = 16MB (=16777216) (default)
2019-10-09 23:42:21,318 [9aa4720c-4ff1-4461-88d1-1a3f7075fdcd@group-8C33BFA2BBE8-LeaderElection85] INFO  server.RaftServerConfigKeys (ConfUtils.java:logGet(43)) - raft.server.log.appender.buffer.byte-limit = 33554432 (custom)
2019-10-09 23:42:21,318 [9aa4720c-4ff1-4461-88d1-1a3f7075fdcd@group-8C33BFA2BBE8-LeaderElection85] INFO  server.RaftServerConfigKeys (ConfUtils.java:logGet(43)) - raft.server.log.appender.buffer.element-limit = 1 (custom)
2019-10-09 23:42:21,318 [9aa4720c-4ff1-4461-88d1-1a3f7075fdcd@group-8C33BFA2BBE8-LeaderElection85] INFO  grpc.GrpcConfigKeys$Server (ConfUtils.java:logGet(43)) - raft.grpc.server.leader.outstanding.appends.max = 128 (default)
2019-10-09 23:42:21,319 [9aa4720c-4ff1-4461-88d1-1a3f7075fdcd@group-8C33BFA2BBE8-LeaderElection85] INFO  server.RaftServerConfigKeys (ConfUtils.java:logGet(43)) - raft.server.rpc.request.timeout = 3000ms (default)
2019-10-09 23:42:21,319 [9aa4720c-4ff1-4461-88d1-1a3f7075fdcd@group-8C33BFA2BBE8-LeaderElection85] INFO  server.RaftServerConfigKeys (ConfUtils.java:logGet(43)) - raft.server.log.appender.install.snapshot.enabled = false (custom)
2019-10-09 23:42:21,319 [9aa4720c-4ff1-4461-88d1-1a3f7075fdcd@group-8C33BFA2BBE8-LeaderElection85] INFO  server.RaftServerConfigKeys (ConfUtils.java:logGet(43)) - raft.server.log.appender.snapshot.chunk.size.max = 16MB (=16777216) (default)
2019-10-09 23:42:21,319 [9aa4720c-4ff1-4461-88d1-1a3f7075fdcd@group-8C33BFA2BBE8-LeaderElection85] INFO  server.RaftServerConfigKeys (ConfUtils.java:logGet(43)) - raft.server.log.appender.buffer.byte-limit = 33554432 (custom)
2019-10-09 23:42:21,320 [9aa4720c-4ff1-4461-88d1-1a3f7075fdcd@group-8C33BFA2BBE8-LeaderElection85] INFO  server.RaftServerConfigKeys (ConfUtils.java:logGet(43)) - raft.server.log.appender.buffer.element-limit = 1 (custom)
2019-10-09 23:42:21,320 [9aa4720c-4ff1-4461-88d1-1a3f7075fdcd@group-8C33BFA2BBE8-LeaderElection85] INFO  grpc.GrpcConfigKeys$Server (ConfUtils.java:logGet(43)) - raft.grpc.server.leader.outstanding.appends.max = 128 (default)
2019-10-09 23:42:21,320 [9aa4720c-4ff1-4461-88d1-1a3f7075fdcd@group-8C33BFA2BBE8-LeaderElection85] INFO  server.RaftServerConfigKeys (ConfUtils.java:logGet(43)) - raft.server.rpc.request.timeout = 3000ms (default)
2019-10-09 23:42:21,320 [9aa4720c-4ff1-4461-88d1-1a3f7075fdcd@group-8C33BFA2BBE8-LeaderElection85] INFO  server.RaftServerConfigKeys (ConfUtils.java:logGet(43)) - raft.server.log.appender.install.snapshot.enabled = false (custom)
2019-10-09 23:42:21,320 [9aa4720c-4ff1-4461-88d1-1a3f7075fdcd@group-8C33BFA2BBE8-LeaderElection85] INFO  impl.RoleInfo (RoleInfo.java:updateAndGet(143)) - 9aa4720c-4ff1-4461-88d1-1a3f7075fdcd: start LeaderState
2019-10-09 23:42:21,321 [9aa4720c-4ff1-4461-88d1-1a3f7075fdcd@group-8C33BFA2BBE8-LeaderElection85] INFO  segmented.SegmentedRaftLogWorker (SegmentedRaftLogWorker.java:startLogSegment(385)) - 9aa4720c-4ff1-4461-88d1-1a3f7075fdcd@group-8C33BFA2BBE8-SegmentedRaftLogWorker: Starting segment from index:0
2019-10-09 23:42:21,354 [9aa4720c-4ff1-4461-88d1-1a3f7075fdcd@group-8C33BFA2BBE8-LeaderElection85] INFO  impl.RaftServerImpl (ServerState.java:setRaftConf(356)) - 9aa4720c-4ff1-4461-88d1-1a3f7075fdcd@group-8C33BFA2BBE8: set configuration 0: [d136ae8b-688f-4f7c-93b0-c5cb447f1571:192.168.151.98:39657, 9aa4720c-4ff1-4461-88d1-1a3f7075fdcd:192.168.151.98:40006, 8b64e72b-f692-4da6-8701-d8357aa19361:192.168.151.98:35165], old=null at 0
2019-10-09 23:42:21,355 [grpc-default-executor-4] INFO  impl.RaftServerImpl (ServerState.java:setLeader(255)) - 8b64e72b-f692-4da6-8701-d8357aa19361@group-8C33BFA2BBE8: change Leader from null to 9aa4720c-4ff1-4461-88d1-1a3f7075fdcd at term 2 for appendEntries, leader elected after 10313ms
2019-10-09 23:42:21,355 [grpc-default-executor-10] INFO  impl.RaftServerImpl (ServerState.java:setLeader(255)) - d136ae8b-688f-4f7c-93b0-c5cb447f1571@group-8C33BFA2BBE8: change Leader from null to 9aa4720c-4ff1-4461-88d1-1a3f7075fdcd at term 2 for appendEntries, leader elected after 10313ms
2019-10-09 23:42:21,358 [grpc-default-executor-4] INFO  impl.RaftServerImpl (ServerState.java:setRaftConf(356)) - d136ae8b-688f-4f7c-93b0-c5cb447f1571@group-8C33BFA2BBE8: set configuration 0: [d136ae8b-688f-4f7c-93b0-c5cb447f1571:192.168.151.98:39657, 9aa4720c-4ff1-4461-88d1-1a3f7075fdcd:192.168.151.98:40006, 8b64e72b-f692-4da6-8701-d8357aa19361:192.168.151.98:35165], old=null at 0
2019-10-09 23:42:21,358 [grpc-default-executor-10] INFO  impl.RaftServerImpl (ServerState.java:setRaftConf(356)) - 8b64e72b-f692-4da6-8701-d8357aa19361@group-8C33BFA2BBE8: set configuration 0: [d136ae8b-688f-4f7c-93b0-c5cb447f1571:192.168.151.98:39657, 9aa4720c-4ff1-4461-88d1-1a3f7075fdcd:192.168.151.98:40006, 8b64e72b-f692-4da6-8701-d8357aa19361:192.168.151.98:35165], old=null at 0
2019-10-09 23:42:21,358 [grpc-default-executor-4] INFO  segmented.SegmentedRaftLogWorker (SegmentedRaftLogWorker.java:startLogSegment(385)) - d136ae8b-688f-4f7c-93b0-c5cb447f1571@group-8C33BFA2BBE8-SegmentedRaftLogWorker: Starting segment from index:0
2019-10-09 23:42:21,359 [grpc-default-executor-10] INFO  segmented.SegmentedRaftLogWorker (SegmentedRaftLogWorker.java:startLogSegment(385)) - 8b64e72b-f692-4da6-8701-d8357aa19361@group-8C33BFA2BBE8-SegmentedRaftLogWorker: Starting segment from index:0
2019-10-09 23:42:21,378 [9aa4720c-4ff1-4461-88d1-1a3f7075fdcd@group-8C33BFA2BBE8-SegmentedRaftLogWorker] INFO  segmented.SegmentedRaftLogWorker (SegmentedRaftLogWorker.java:execute(574)) - 9aa4720c-4ff1-4461-88d1-1a3f7075fdcd@group-8C33BFA2BBE8-SegmentedRaftLogWorker: created new log segment /workdir/hadoop-ozone/integration-test/target/test-dir/MiniOzoneClusterImpl-8b6ca641-6d7f-4583-914a-a0f78aea40f0/datanode-2/data/ratis/98701677-2582-4086-a233-8c33bfa2bbe8/current/log_inprogress_0
2019-10-09 23:42:21,408 [8b64e72b-f692-4da6-8701-d8357aa19361@group-8C33BFA2BBE8-SegmentedRaftLogWorker] INFO  segmented.SegmentedRaftLogWorker (SegmentedRaftLogWorker.java:execute(574)) - 8b64e72b-f692-4da6-8701-d8357aa19361@group-8C33BFA2BBE8-SegmentedRaftLogWorker: created new log segment /workdir/hadoop-ozone/integration-test/target/test-dir/MiniOzoneClusterImpl-8b6ca641-6d7f-4583-914a-a0f78aea40f0/datanode-1/data/ratis/98701677-2582-4086-a233-8c33bfa2bbe8/current/log_inprogress_0
2019-10-09 23:42:21,408 [d136ae8b-688f-4f7c-93b0-c5cb447f1571@group-8C33BFA2BBE8-SegmentedRaftLogWorker] INFO  segmented.SegmentedRaftLogWorker (SegmentedRaftLogWorker.java:execute(574)) - d136ae8b-688f-4f7c-93b0-c5cb447f1571@group-8C33BFA2BBE8-SegmentedRaftLogWorker: created new log segment /workdir/hadoop-ozone/integration-test/target/test-dir/MiniOzoneClusterImpl-8b6ca641-6d7f-4583-914a-a0f78aea40f0/datanode-0/data/ratis/98701677-2582-4086-a233-8c33bfa2bbe8/current/log_inprogress_0
2019-10-09 23:42:22,765 [EventQueue-StaleNodeForStaleNodeHandler] INFO  node.StaleNodeHandler (StaleNodeHandler.java:onMessage(58)) - Datanode db0f9e5f-40c7-432b-82eb-2896485fae3f{ip: 192.168.151.98, host: pr-hdds-2194-ks6jj-815731239, networkLocation: /default-rack, certSerialId: null} moved to stale state. Finalizing its pipelines [PipelineID=bd446112-2222-4ded-9bb5-03bd43e7d871, PipelineID=e154a239-4471-404e-a663-6e1002e0e66a]
2019-10-09 23:42:22,766 [EventQueue-StaleNodeForStaleNodeHandler] INFO  pipeline.SCMPipelineManager (SCMPipelineManager.java:finalizeAndDestroyPipeline(315)) - destroying pipeline:Pipeline[ Id: bd446112-2222-4ded-9bb5-03bd43e7d871, Nodes: db0f9e5f-40c7-432b-82eb-2896485fae3f{ip: 192.168.151.98, host: pr-hdds-2194-ks6jj-815731239, networkLocation: /default-rack, certSerialId: null}, Type:RATIS, Factor:ONE, State:OPEN]
2019-10-09 23:42:22,766 [EventQueue-StaleNodeForStaleNodeHandler] INFO  pipeline.PipelineStateManager (PipelineStateManager.java:finalizePipeline(123)) - Pipeline Pipeline[ Id: bd446112-2222-4ded-9bb5-03bd43e7d871, Nodes: db0f9e5f-40c7-432b-82eb-2896485fae3f{ip: 192.168.151.98, host: pr-hdds-2194-ks6jj-815731239, networkLocation: /default-rack, certSerialId: null}, Type:RATIS, Factor:ONE, State:CLOSED] moved to CLOSED state
2019-10-09 23:42:22,767 [EventQueue-StaleNodeForStaleNodeHandler] INFO  pipeline.SCMPipelineManager (SCMPipelineManager.java:finalizeAndDestroyPipeline(315)) - destroying pipeline:Pipeline[ Id: e154a239-4471-404e-a663-6e1002e0e66a, Nodes: db0f9e5f-40c7-432b-82eb-2896485fae3f{ip: 192.168.151.98, host: pr-hdds-2194-ks6jj-815731239, networkLocation: /default-rack, certSerialId: null}048ed862-969d-4a53-9065-988fa7882172{ip: 192.168.151.98, host: pr-hdds-2194-ks6jj-815731239, networkLocation: /default-rack, certSerialId: null}2fa37604-7db0-4e2a-bcef-caac287edc99{ip: 192.168.151.98, host: pr-hdds-2194-ks6jj-815731239, networkLocation: /default-rack, certSerialId: null}, Type:RATIS, Factor:THREE, State:OPEN]
2019-10-09 23:42:22,768 [EventQueue-StaleNodeForStaleNodeHandler] INFO  pipeline.PipelineStateManager (PipelineStateManager.java:finalizePipeline(123)) - Pipeline Pipeline[ Id: e154a239-4471-404e-a663-6e1002e0e66a, Nodes: db0f9e5f-40c7-432b-82eb-2896485fae3f{ip: 192.168.151.98, host: pr-hdds-2194-ks6jj-815731239, networkLocation: /default-rack, certSerialId: null}048ed862-969d-4a53-9065-988fa7882172{ip: 192.168.151.98, host: pr-hdds-2194-ks6jj-815731239, networkLocation: /default-rack, certSerialId: null}2fa37604-7db0-4e2a-bcef-caac287edc99{ip: 192.168.151.98, host: pr-hdds-2194-ks6jj-815731239, networkLocation: /default-rack, certSerialId: null}, Type:RATIS, Factor:THREE, State:CLOSED] moved to CLOSED state
2019-10-09 23:42:22,768 [EventQueue-CloseContainerForCloseContainerEventHandler] INFO  container.CloseContainerEventHandler (CloseContainerEventHandler.java:onMessage(61)) - Close container Event triggered for container : #1
2019-10-09 23:42:22,991 [main] INFO  ozoneimpl.OzoneContainer (OzoneContainer.java:stop(227)) - Attempting to stop container services.
2019-10-09 23:42:23,000 [main] INFO  impl.RaftServerProxy (RaftServerProxy.java:lambda$close$4(314)) - db0f9e5f-40c7-432b-82eb-2896485fae3f: close
2019-10-09 23:42:23,001 [main] INFO  impl.RaftServerImpl (RaftServerImpl.java:lambda$shutdown$3(247)) - db0f9e5f-40c7-432b-82eb-2896485fae3f@group-03BD43E7D871: shutdown
2019-10-09 23:42:23,002 [ForkJoinPool.commonPool-worker-0] INFO  impl.RaftServerImpl (RaftServerImpl.java:lambda$shutdown$3(247)) - db0f9e5f-40c7-432b-82eb-2896485fae3f@group-6E1002E0E66A: shutdown
2019-10-09 23:42:23,002 [main] INFO  util.JmxRegister (JmxRegister.java:unregister(73)) - Successfully un-registered JMX Bean with object name Ratis:service=RaftServer,group=group-03BD43E7D871,id=db0f9e5f-40c7-432b-82eb-2896485fae3f
2019-10-09 23:42:23,002 [ForkJoinPool.commonPool-worker-0] INFO  util.JmxRegister (JmxRegister.java:unregister(73)) - Successfully un-registered JMX Bean with object name Ratis:service=RaftServer,group=group-6E1002E0E66A,id=db0f9e5f-40c7-432b-82eb-2896485fae3f
2019-10-09 23:42:23,003 [main] INFO  impl.RoleInfo (RoleInfo.java:shutdownLeaderState(104)) - db0f9e5f-40c7-432b-82eb-2896485fae3f: shutdown LeaderState
2019-10-09 23:42:23,003 [ForkJoinPool.commonPool-worker-0] INFO  impl.RoleInfo (RoleInfo.java:shutdownLeaderState(104)) - db0f9e5f-40c7-432b-82eb-2896485fae3f: shutdown LeaderState
2019-10-09 23:42:23,003 [main] INFO  impl.PendingRequests (PendingRequests.java:sendNotLeaderResponses(202)) - db0f9e5f-40c7-432b-82eb-2896485fae3f@group-03BD43E7D871-PendingRequests: sendNotLeaderResponses
2019-10-09 23:42:23,009 [org.apache.ratis.server.impl.LogAppender$AppenderDaemon$$Lambda$529/97826224@4d05c450] WARN  server.GrpcLogAppender (GrpcLogAppender.java:mayWait(143)) - db0f9e5f-40c7-432b-82eb-2896485fae3f@group-6E1002E0E66A->048ed862-969d-4a53-9065-988fa7882172-GrpcLogAppender: Wait interrupted by java.lang.InterruptedException
2019-10-09 23:42:23,009 [ForkJoinPool.commonPool-worker-0] INFO  impl.PendingRequests (PendingRequests.java:sendNotLeaderResponses(202)) - db0f9e5f-40c7-432b-82eb-2896485fae3f@group-6E1002E0E66A-PendingRequests: sendNotLeaderResponses
2019-10-09 23:42:23,010 [main] INFO  impl.StateMachineUpdater (StateMachineUpdater.java:stopAndJoin(136)) - db0f9e5f-40c7-432b-82eb-2896485fae3f@group-03BD43E7D871-StateMachineUpdater: set stopIndex = 0
2019-10-09 23:42:23,009 [org.apache.ratis.server.impl.LogAppender$AppenderDaemon$$Lambda$529/97826224@538abbf2] WARN  server.GrpcLogAppender (GrpcLogAppender.java:mayWait(143)) - db0f9e5f-40c7-432b-82eb-2896485fae3f@group-6E1002E0E66A->2fa37604-7db0-4e2a-bcef-caac287edc99-GrpcLogAppender: Wait interrupted by java.lang.InterruptedException
2019-10-09 23:42:23,020 [ForkJoinPool.commonPool-worker-0] INFO  impl.StateMachineUpdater (StateMachineUpdater.java:stopAndJoin(136)) - db0f9e5f-40c7-432b-82eb-2896485fae3f@group-6E1002E0E66A-StateMachineUpdater: set stopIndex = 15
2019-10-09 23:42:23,020 [grpc-default-executor-4] INFO  server.GrpcServerProtocolService (GrpcServerProtocolService.java:onCompleted(113)) - 048ed862-969d-4a53-9065-988fa7882172: Completed APPEND_ENTRIES, lastRequest: db0f9e5f-40c7-432b-82eb-2896485fae3f->048ed862-969d-4a53-9065-988fa7882172#18-t1, previous=(t:1, i:15), leaderCommit=15, initializing? false, entries: <empty>
2019-10-09 23:42:23,020 [main] INFO  impl.RaftServerImpl (ServerState.java:close(387)) - db0f9e5f-40c7-432b-82eb-2896485fae3f@group-03BD43E7D871: closes. applyIndex: 0
2019-10-09 23:42:23,020 [db0f9e5f-40c7-432b-82eb-2896485fae3f@group-6E1002E0E66A-StateMachineUpdater] INFO  ratis.ContainerStateMachine (ContainerStateMachine.java:takeSnapshot(294)) - group-6E1002E0E66A: Taking a snapshot at:(t:1, i:13) file /workdir/hadoop-ozone/integration-test/target/test-dir/MiniOzoneClusterImpl-8b6ca641-6d7f-4583-914a-a0f78aea40f0/datanode-4/data/ratis/e154a239-4471-404e-a663-6e1002e0e66a/sm/snapshot.1_13
2019-10-09 23:42:23,021 [grpc-default-executor-4] INFO  server.GrpcLogAppender (GrpcLogAppender.java:onCompleted(293)) - db0f9e5f-40c7-432b-82eb-2896485fae3f@group-6E1002E0E66A->048ed862-969d-4a53-9065-988fa7882172-AppendLogResponseHandler: follower responses appendEntries COMPLETED
2019-10-09 23:42:23,021 [grpc-default-executor-10] INFO  server.GrpcServerProtocolService (GrpcServerProtocolService.java:onCompleted(113)) - 2fa37604-7db0-4e2a-bcef-caac287edc99: Completed APPEND_ENTRIES, lastRequest: db0f9e5f-40c7-432b-82eb-2896485fae3f->2fa37604-7db0-4e2a-bcef-caac287edc99#18-t1, previous=(t:1, i:15), leaderCommit=15, initializing? false, entries: <empty>
2019-10-09 23:42:23,021 [db0f9e5f-40c7-432b-82eb-2896485fae3f@group-03BD43E7D871-SegmentedRaftLogWorker] INFO  segmented.SegmentedRaftLogWorker (SegmentedRaftLogWorker.java:run(316)) - db0f9e5f-40c7-432b-82eb-2896485fae3f@group-03BD43E7D871-SegmentedRaftLogWorker was interrupted, exiting. There are 0 tasks remaining in the queue.
2019-10-09 23:42:23,022 [grpc-default-executor-10] INFO  server.GrpcLogAppender (GrpcLogAppender.java:onCompleted(293)) - db0f9e5f-40c7-432b-82eb-2896485fae3f@group-6E1002E0E66A->2fa37604-7db0-4e2a-bcef-caac287edc99-AppendLogResponseHandler: follower responses appendEntries COMPLETED
2019-10-09 23:42:23,025 [main] INFO  segmented.SegmentedRaftLogWorker (SegmentedRaftLogWorker.java:close(224)) - db0f9e5f-40c7-432b-82eb-2896485fae3f@group-03BD43E7D871-SegmentedRaftLogWorker close()
2019-10-09 23:42:23,051 [db0f9e5f-40c7-432b-82eb-2896485fae3f@group-6E1002E0E66A-StateMachineUpdater] INFO  ratis.ContainerStateMachine (ContainerStateMachine.java:takeSnapshot(305)) - group-6E1002E0E66A: Finished taking a snapshot at:(t:1, i:13) file:/workdir/hadoop-ozone/integration-test/target/test-dir/MiniOzoneClusterImpl-8b6ca641-6d7f-4583-914a-a0f78aea40f0/datanode-4/data/ratis/e154a239-4471-404e-a663-6e1002e0e66a/sm/snapshot.1_13 time:31
2019-10-09 23:42:23,051 [grpc-default-executor-4] INFO  impl.FollowerInfo (FollowerInfo.java:lambda$new$0(51)) - db0f9e5f-40c7-432b-82eb-2896485fae3f@group-6E1002E0E66A->048ed862-969d-4a53-9065-988fa7882172: nextIndex: updateUnconditionally 16 -> 15
2019-10-09 23:42:23,051 [db0f9e5f-40c7-432b-82eb-2896485fae3f@group-6E1002E0E66A-StateMachineUpdater] INFO  impl.StateMachineUpdater (StateMachineUpdater.java:takeSnapshot(269)) - db0f9e5f-40c7-432b-82eb-2896485fae3f@group-6E1002E0E66A-StateMachineUpdater: Took a snapshot at index 13
2019-10-09 23:42:23,051 [grpc-default-executor-10] INFO  impl.FollowerInfo (FollowerInfo.java:lambda$new$0(51)) - db0f9e5f-40c7-432b-82eb-2896485fae3f@group-6E1002E0E66A->2fa37604-7db0-4e2a-bcef-caac287edc99: nextIndex: updateUnconditionally 16 -> 15
2019-10-09 23:42:23,052 [db0f9e5f-40c7-432b-82eb-2896485fae3f@group-6E1002E0E66A-StateMachineUpdater] INFO  impl.StateMachineUpdater (StateMachineUpdater.java:lambda$new$0(84)) - db0f9e5f-40c7-432b-82eb-2896485fae3f@group-6E1002E0E66A-StateMachineUpdater: snapshotIndex: updateIncreasingly -1 -> 13
2019-10-09 23:42:23,052 [db0f9e5f-40c7-432b-82eb-2896485fae3f@group-6E1002E0E66A-StateMachineUpdater] INFO  ratis.ContainerStateMachine (ContainerStateMachine.java:takeSnapshot(294)) - group-6E1002E0E66A: Taking a snapshot at:(t:1, i:13) file /workdir/hadoop-ozone/integration-test/target/test-dir/MiniOzoneClusterImpl-8b6ca641-6d7f-4583-914a-a0f78aea40f0/datanode-4/data/ratis/e154a239-4471-404e-a663-6e1002e0e66a/sm/snapshot.1_13
2019-10-09 23:42:23,065 [db0f9e5f-40c7-432b-82eb-2896485fae3f@group-6E1002E0E66A-StateMachineUpdater] INFO  ratis.ContainerStateMachine (ContainerStateMachine.java:takeSnapshot(305)) - group-6E1002E0E66A: Finished taking a snapshot at:(t:1, i:13) file:/workdir/hadoop-ozone/integration-test/target/test-dir/MiniOzoneClusterImpl-8b6ca641-6d7f-4583-914a-a0f78aea40f0/datanode-4/data/ratis/e154a239-4471-404e-a663-6e1002e0e66a/sm/snapshot.1_13 time:13
2019-10-09 23:42:23,065 [db0f9e5f-40c7-432b-82eb-2896485fae3f@group-6E1002E0E66A-StateMachineUpdater] INFO  impl.StateMachineUpdater (StateMachineUpdater.java:takeSnapshot(269)) - db0f9e5f-40c7-432b-82eb-2896485fae3f@group-6E1002E0E66A-StateMachineUpdater: Took a snapshot at index 13
2019-10-09 23:42:23,065 [db0f9e5f-40c7-432b-82eb-2896485fae3f@group-6E1002E0E66A-StateMachineUpdater] INFO  impl.StateMachineUpdater (StateMachineUpdater.java:lambda$new$0(84)) - db0f9e5f-40c7-432b-82eb-2896485fae3f@group-6E1002E0E66A-StateMachineUpdater: snapshotIndex: updateIncreasingly 13 -> 13
2019-10-09 23:42:23,065 [ForkJoinPool.commonPool-worker-0] INFO  impl.RaftServerImpl (ServerState.java:close(387)) - db0f9e5f-40c7-432b-82eb-2896485fae3f@group-6E1002E0E66A: closes. applyIndex: 15
2019-10-09 23:42:23,066 [db0f9e5f-40c7-432b-82eb-2896485fae3f@group-6E1002E0E66A-SegmentedRaftLogWorker] INFO  segmented.SegmentedRaftLogWorker (SegmentedRaftLogWorker.java:run(316)) - db0f9e5f-40c7-432b-82eb-2896485fae3f@group-6E1002E0E66A-SegmentedRaftLogWorker was interrupted, exiting. There are 0 tasks remaining in the queue.
2019-10-09 23:42:23,066 [ForkJoinPool.commonPool-worker-0] INFO  segmented.SegmentedRaftLogWorker (SegmentedRaftLogWorker.java:close(224)) - db0f9e5f-40c7-432b-82eb-2896485fae3f@group-6E1002E0E66A-SegmentedRaftLogWorker close()
2019-10-09 23:42:23,071 [main] INFO  server.GrpcService (GrpcService.java:closeImpl(164)) - db0f9e5f-40c7-432b-82eb-2896485fae3f: shutdown server with port 33436 now
2019-10-09 23:42:23,072 [grpc-default-executor-4] WARN  client.GrpcClientProtocolService (LogUtils.java:warn(134)) - 4-UnorderedRequestStreamObserver4: onError: org.apache.ratis.thirdparty.io.grpc.StatusRuntimeException: CANCELLED: cancelled before receiving half close
2019-10-09 23:42:23,076 [main] INFO  server.GrpcService (GrpcService.java:closeImpl(172)) - db0f9e5f-40c7-432b-82eb-2896485fae3f: shutdown server with port 33436 successfully
2019-10-09 23:42:23,081 [refreshUsed-/workdir/hadoop-ozone/integration-test/target/test-dir/MiniOzoneClusterImpl-8b6ca641-6d7f-4583-914a-a0f78aea40f0/datanode-4/data/containers] WARN  fs.CachingGetSpaceUsed (CachingGetSpaceUsed.java:run(183)) - Thread Interrupted waiting to refresh disk information: sleep interrupted
2019-10-09 23:42:23,100 [main] INFO  utils.BackgroundService (BackgroundService.java:shutdown(151)) - Shutting down service BlockDeletingService
2019-10-09 23:42:23,110 [main] INFO  statemachine.DatanodeStateMachine (DatanodeStateMachine.java:stopDaemon(395)) - Ozone container server stopped.
2019-10-09 23:42:23,112 [main] INFO  handler.ContextHandler (ContextHandler.java:doStop(910)) - Stopped o.e.j.w.WebAppContext@79cb8ffa{/,null,UNAVAILABLE}{/hddsDatanode}
2019-10-09 23:42:23,113 [main] INFO  server.AbstractConnector (AbstractConnector.java:doStop(318)) - Stopped ServerConnector@1a2e563e{HTTP/1.1,[http/1.1]}{0.0.0.0:0}
2019-10-09 23:42:23,113 [main] INFO  handler.ContextHandler (ContextHandler.java:doStop(910)) - Stopped o.e.j.s.ServletContextHandler@7f2b584b{/static,jar:file:/home/user/.m2/repository/org/apache/hadoop/hadoop-hdds-container-service/0.5.0-SNAPSHOT/hadoop-hdds-container-service-0.5.0-SNAPSHOT.jar!/webapps/static,UNAVAILABLE}
2019-10-09 23:42:23,114 [main] INFO  handler.ContextHandler (ContextHandler.java:doStop(910)) - Stopped o.e.j.s.ServletContextHandler@4faf1f4{/logs,file:///workdir/hadoop-ozone/integration-test/target/log,UNAVAILABLE}
2019-10-09 23:42:31,699 [Thread-3157] INFO  impl.FollowerState (FollowerState.java:run(108)) - 2fa37604-7db0-4e2a-bcef-caac287edc99@group-6E1002E0E66A-FollowerState: change to CANDIDATE, lastRpcTime:8698ms, electionTimeout:5080ms
2019-10-09 23:42:31,700 [Thread-3157] INFO  impl.RoleInfo (RoleInfo.java:shutdownFollowerState(121)) - 2fa37604-7db0-4e2a-bcef-caac287edc99: shutdown FollowerState
2019-10-09 23:42:31,701 [Thread-3157] INFO  impl.RaftServerImpl (RaftServerImpl.java:setRole(170)) - 2fa37604-7db0-4e2a-bcef-caac287edc99@group-6E1002E0E66A: changes role from  FOLLOWER to CANDIDATE at term 1 for changeToCandidate
2019-10-09 23:42:31,701 [Thread-3157] INFO  impl.RoleInfo (RoleInfo.java:updateAndGet(143)) - 2fa37604-7db0-4e2a-bcef-caac287edc99: start LeaderElection
2019-10-09 23:42:31,701 [2fa37604-7db0-4e2a-bcef-caac287edc99@group-6E1002E0E66A-LeaderElection87] INFO  impl.RaftServerImpl (ServerState.java:setLeader(255)) - 2fa37604-7db0-4e2a-bcef-caac287edc99@group-6E1002E0E66A: change Leader from db0f9e5f-40c7-432b-82eb-2896485fae3f to null at term 1 for initElection
2019-10-09 23:42:31,740 [2fa37604-7db0-4e2a-bcef-caac287edc99@group-6E1002E0E66A-LeaderElection87] INFO  impl.LeaderElection (LeaderElection.java:askForVotes(178)) - 2fa37604-7db0-4e2a-bcef-caac287edc99@group-6E1002E0E66A-LeaderElection87: begin an election at term 2 for 0: [db0f9e5f-40c7-432b-82eb-2896485fae3f:192.168.151.98:33436, 2fa37604-7db0-4e2a-bcef-caac287edc99:192.168.151.98:43506, 048ed862-969d-4a53-9065-988fa7882172:192.168.151.98:42040], old=null
2019-10-09 23:42:31,742 [2fa37604-7db0-4e2a-bcef-caac287edc99@group-6E1002E0E66A-LeaderElection87] INFO  impl.LeaderElection (LogUtils.java:infoOrTrace(149)) - 2fa37604-7db0-4e2a-bcef-caac287edc99@group-6E1002E0E66A-LeaderElection87 got exception when requesting votes: {}
java.util.concurrent.ExecutionException: org.apache.ratis.thirdparty.io.grpc.StatusRuntimeException: UNAVAILABLE: io exception
	at java.util.concurrent.FutureTask.report(FutureTask.java:122)
	at java.util.concurrent.FutureTask.get(FutureTask.java:192)
	at org.apache.ratis.server.impl.LeaderElection.waitForResults(LeaderElection.java:259)
	at org.apache.ratis.server.impl.LeaderElection.askForVotes(LeaderElection.java:197)
	at org.apache.ratis.server.impl.LeaderElection.run(LeaderElection.java:133)
	at java.lang.Thread.run(Thread.java:748)
Caused by: org.apache.ratis.thirdparty.io.grpc.StatusRuntimeException: UNAVAILABLE: io exception
	at org.apache.ratis.thirdparty.io.grpc.stub.ClientCalls.toStatusRuntimeException(ClientCalls.java:233)
	at org.apache.ratis.thirdparty.io.grpc.stub.ClientCalls.getUnchecked(ClientCalls.java:214)
	at org.apache.ratis.thirdparty.io.grpc.stub.ClientCalls.blockingUnaryCall(ClientCalls.java:139)
	at org.apache.ratis.proto.grpc.RaftServerProtocolServiceGrpc$RaftServerProtocolServiceBlockingStub.requestVote(RaftServerProtocolServiceGrpc.java:265)
	at org.apache.ratis.grpc.server.GrpcServerProtocolClient.requestVote(GrpcServerProtocolClient.java:99)
	at org.apache.ratis.grpc.server.GrpcService.requestVote(GrpcService.java:204)
	at org.apache.ratis.server.impl.LeaderElection.lambda$submitRequests$1(LeaderElection.java:234)
	at java.util.concurrent.FutureTask.run(FutureTask.java:266)
	at java.util.concurrent.Executors$RunnableAdapter.call(Executors.java:511)
	at java.util.concurrent.FutureTask.run(FutureTask.java:266)
	at java.util.concurrent.ThreadPoolExecutor.runWorker(ThreadPoolExecutor.java:1149)
	at java.util.concurrent.ThreadPoolExecutor$Worker.run(ThreadPoolExecutor.java:624)
	... 1 more
Caused by: org.apache.ratis.thirdparty.io.netty.channel.AbstractChannel$AnnotatedConnectException: Connection refused: /192.168.151.98:33436
	at sun.nio.ch.SocketChannelImpl.checkConnect(Native Method)
	at sun.nio.ch.SocketChannelImpl.finishConnect(SocketChannelImpl.java:717)
	at org.apache.ratis.thirdparty.io.netty.channel.socket.nio.NioSocketChannel.doFinishConnect(NioSocketChannel.java:327)
	at org.apache.ratis.thirdparty.io.netty.channel.nio.AbstractNioChannel$AbstractNioUnsafe.finishConnect(AbstractNioChannel.java:340)
	at org.apache.ratis.thirdparty.io.netty.channel.nio.NioEventLoop.processSelectedKey(NioEventLoop.java:632)
	at org.apache.ratis.thirdparty.io.netty.channel.nio.NioEventLoop.processSelectedKeysOptimized(NioEventLoop.java:579)
	at org.apache.ratis.thirdparty.io.netty.channel.nio.NioEventLoop.processSelectedKeys(NioEventLoop.java:496)
	at org.apache.ratis.thirdparty.io.netty.channel.nio.NioEventLoop.run(NioEventLoop.java:458)
	at org.apache.ratis.thirdparty.io.netty.util.concurrent.SingleThreadEventExecutor$5.run(SingleThreadEventExecutor.java:897)
	at org.apache.ratis.thirdparty.io.netty.util.concurrent.FastThreadLocalRunnable.run(FastThreadLocalRunnable.java:30)
	... 1 more
Caused by: java.net.ConnectException: Connection refused
	... 11 more
2019-10-09 23:42:31,748 [grpc-default-executor-4] INFO  impl.RaftServerImpl (ServerState.java:setLeader(255)) - 048ed862-969d-4a53-9065-988fa7882172@group-6E1002E0E66A: change Leader from db0f9e5f-40c7-432b-82eb-2896485fae3f to null at term 2 for updateCurrentTerm
2019-10-09 23:42:31,749 [grpc-default-executor-4] INFO  impl.RaftServerImpl (RaftServerImpl.java:setRole(170)) - 048ed862-969d-4a53-9065-988fa7882172@group-6E1002E0E66A: changes role from  FOLLOWER to FOLLOWER at term 2 for recognizeCandidate:2fa37604-7db0-4e2a-bcef-caac287edc99
2019-10-09 23:42:31,749 [grpc-default-executor-4] INFO  impl.RoleInfo (RoleInfo.java:shutdownFollowerState(121)) - 048ed862-969d-4a53-9065-988fa7882172: shutdown FollowerState
2019-10-09 23:42:31,749 [grpc-default-executor-4] INFO  impl.RoleInfo (RoleInfo.java:updateAndGet(143)) - 048ed862-969d-4a53-9065-988fa7882172: start FollowerState
2019-10-09 23:42:31,749 [Thread-3158] INFO  impl.FollowerState (FollowerState.java:run(117)) - 048ed862-969d-4a53-9065-988fa7882172@group-6E1002E0E66A-FollowerState was interrupted: java.lang.InterruptedException: sleep interrupted
2019-10-09 23:42:31,766 [2fa37604-7db0-4e2a-bcef-caac287edc99@group-6E1002E0E66A-LeaderElection87] INFO  impl.LeaderElection (LeaderElection.java:logAndReturn(56)) - 2fa37604-7db0-4e2a-bcef-caac287edc99@group-6E1002E0E66A-LeaderElection87: Election PASSED; received 1 response(s) [2fa37604-7db0-4e2a-bcef-caac287edc99<-048ed862-969d-4a53-9065-988fa7882172#0:OK-t2] and 1 exception(s); 2fa37604-7db0-4e2a-bcef-caac287edc99@group-6E1002E0E66A:t2, leader=null, voted=2fa37604-7db0-4e2a-bcef-caac287edc99, raftlog=2fa37604-7db0-4e2a-bcef-caac287edc99@group-6E1002E0E66A-SegmentedRaftLog:OPENED:c15,f15,i15, conf=0: [db0f9e5f-40c7-432b-82eb-2896485fae3f:192.168.151.98:33436, 2fa37604-7db0-4e2a-bcef-caac287edc99:192.168.151.98:43506, 048ed862-969d-4a53-9065-988fa7882172:192.168.151.98:42040], old=null
2019-10-09 23:42:31,766 [2fa37604-7db0-4e2a-bcef-caac287edc99@group-6E1002E0E66A-LeaderElection87] INFO  impl.LeaderElection (LogUtils.java:infoOrTrace(149)) -   Exception 0: {}
java.util.concurrent.ExecutionException: org.apache.ratis.thirdparty.io.grpc.StatusRuntimeException: UNAVAILABLE: io exception
	at java.util.concurrent.FutureTask.report(FutureTask.java:122)
	at java.util.concurrent.FutureTask.get(FutureTask.java:192)
	at org.apache.ratis.server.impl.LeaderElection.waitForResults(LeaderElection.java:259)
	at org.apache.ratis.server.impl.LeaderElection.askForVotes(LeaderElection.java:197)
	at org.apache.ratis.server.impl.LeaderElection.run(LeaderElection.java:133)
	at java.lang.Thread.run(Thread.java:748)
Caused by: org.apache.ratis.thirdparty.io.grpc.StatusRuntimeException: UNAVAILABLE: io exception
	at org.apache.ratis.thirdparty.io.grpc.stub.ClientCalls.toStatusRuntimeException(ClientCalls.java:233)
	at org.apache.ratis.thirdparty.io.grpc.stub.ClientCalls.getUnchecked(ClientCalls.java:214)
	at org.apache.ratis.thirdparty.io.grpc.stub.ClientCalls.blockingUnaryCall(ClientCalls.java:139)
	at org.apache.ratis.proto.grpc.RaftServerProtocolServiceGrpc$RaftServerProtocolServiceBlockingStub.requestVote(RaftServerProtocolServiceGrpc.java:265)
	at org.apache.ratis.grpc.server.GrpcServerProtocolClient.requestVote(GrpcServerProtocolClient.java:99)
	at org.apache.ratis.grpc.server.GrpcService.requestVote(GrpcService.java:204)
	at org.apache.ratis.server.impl.LeaderElection.lambda$submitRequests$1(LeaderElection.java:234)
	at java.util.concurrent.FutureTask.run(FutureTask.java:266)
	at java.util.concurrent.Executors$RunnableAdapter.call(Executors.java:511)
	at java.util.concurrent.FutureTask.run(FutureTask.java:266)
	at java.util.concurrent.ThreadPoolExecutor.runWorker(ThreadPoolExecutor.java:1149)
	at java.util.concurrent.ThreadPoolExecutor$Worker.run(ThreadPoolExecutor.java:624)
	... 1 more
Caused by: org.apache.ratis.thirdparty.io.netty.channel.AbstractChannel$AnnotatedConnectException: Connection refused: /192.168.151.98:33436
	at sun.nio.ch.SocketChannelImpl.checkConnect(Native Method)
	at sun.nio.ch.SocketChannelImpl.finishConnect(SocketChannelImpl.java:717)
	at org.apache.ratis.thirdparty.io.netty.channel.socket.nio.NioSocketChannel.doFinishConnect(NioSocketChannel.java:327)
	at org.apache.ratis.thirdparty.io.netty.channel.nio.AbstractNioChannel$AbstractNioUnsafe.finishConnect(AbstractNioChannel.java:340)
	at org.apache.ratis.thirdparty.io.netty.channel.nio.NioEventLoop.processSelectedKey(NioEventLoop.java:632)
	at org.apache.ratis.thirdparty.io.netty.channel.nio.NioEventLoop.processSelectedKeysOptimized(NioEventLoop.java:579)
	at org.apache.ratis.thirdparty.io.netty.channel.nio.NioEventLoop.processSelectedKeys(NioEventLoop.java:496)
	at org.apache.ratis.thirdparty.io.netty.channel.nio.NioEventLoop.run(NioEventLoop.java:458)
	at org.apache.ratis.thirdparty.io.netty.util.concurrent.SingleThreadEventExecutor$5.run(SingleThreadEventExecutor.java:897)
	at org.apache.ratis.thirdparty.io.netty.util.concurrent.FastThreadLocalRunnable.run(FastThreadLocalRunnable.java:30)
	... 1 more
Caused by: java.net.ConnectException: Connection refused
	... 11 more
2019-10-09 23:42:31,766 [2fa37604-7db0-4e2a-bcef-caac287edc99@group-6E1002E0E66A-LeaderElection87] INFO  impl.RoleInfo (RoleInfo.java:shutdownLeaderElection(134)) - 2fa37604-7db0-4e2a-bcef-caac287edc99: shutdown LeaderElection
2019-10-09 23:42:31,767 [2fa37604-7db0-4e2a-bcef-caac287edc99@group-6E1002E0E66A-LeaderElection87] INFO  impl.RaftServerImpl (RaftServerImpl.java:setRole(170)) - 2fa37604-7db0-4e2a-bcef-caac287edc99@group-6E1002E0E66A: changes role from CANDIDATE to LEADER at term 2 for changeToLeader
2019-10-09 23:42:31,767 [2fa37604-7db0-4e2a-bcef-caac287edc99@group-6E1002E0E66A-LeaderElection87] INFO  impl.RaftServerImpl (ServerState.java:setLeader(255)) - 2fa37604-7db0-4e2a-bcef-caac287edc99@group-6E1002E0E66A: change Leader from null to 2fa37604-7db0-4e2a-bcef-caac287edc99 at term 2 for becomeLeader, leader elected after 65ms
2019-10-09 23:42:31,767 [2fa37604-7db0-4e2a-bcef-caac287edc99@group-6E1002E0E66A-LeaderElection87] INFO  server.RaftServerConfigKeys (ConfUtils.java:logGet(43)) - raft.server.staging.catchup.gap = 1000 (default)
2019-10-09 23:42:31,767 [2fa37604-7db0-4e2a-bcef-caac287edc99@group-6E1002E0E66A-LeaderElection87] INFO  server.RaftServerConfigKeys (ConfUtils.java:logGet(43)) - raft.server.rpc.sleep.time = 25ms (default)
2019-10-09 23:42:31,767 [2fa37604-7db0-4e2a-bcef-caac287edc99@group-6E1002E0E66A-LeaderElection87] INFO  server.RaftServerConfigKeys (ConfUtils.java:logGet(43)) - raft.server.write.element-limit = 4096 (default)
2019-10-09 23:42:31,768 [2fa37604-7db0-4e2a-bcef-caac287edc99@group-6E1002E0E66A-LeaderElection87] INFO  server.RaftServerConfigKeys (ConfUtils.java:logGet(43)) - raft.server.watch.timeout = 10s (default)
2019-10-09 23:42:31,768 [2fa37604-7db0-4e2a-bcef-caac287edc99@group-6E1002E0E66A-LeaderElection87] INFO  server.RaftServerConfigKeys (ConfUtils.java:logGet(43)) - raft.server.watch.timeout.denomination = 1s (default)
2019-10-09 23:42:31,768 [2fa37604-7db0-4e2a-bcef-caac287edc99@group-6E1002E0E66A-LeaderElection87] INFO  server.RaftServerConfigKeys (ConfUtils.java:logGet(43)) - raft.server.watch.element-limit = 65536 (default)
2019-10-09 23:42:31,771 [2fa37604-7db0-4e2a-bcef-caac287edc99@group-6E1002E0E66A-LeaderElection87] INFO  server.RaftServerConfigKeys (ConfUtils.java:logGet(43)) - raft.server.log.appender.snapshot.chunk.size.max = 16MB (=16777216) (default)
2019-10-09 23:42:31,771 [2fa37604-7db0-4e2a-bcef-caac287edc99@group-6E1002E0E66A-LeaderElection87] INFO  server.RaftServerConfigKeys (ConfUtils.java:logGet(43)) - raft.server.log.appender.buffer.byte-limit = 33554432 (custom)
2019-10-09 23:42:31,771 [2fa37604-7db0-4e2a-bcef-caac287edc99@group-6E1002E0E66A-LeaderElection87] INFO  server.RaftServerConfigKeys (ConfUtils.java:logGet(43)) - raft.server.log.appender.buffer.element-limit = 1 (custom)
2019-10-09 23:42:31,771 [2fa37604-7db0-4e2a-bcef-caac287edc99@group-6E1002E0E66A-LeaderElection87] INFO  grpc.GrpcConfigKeys$Server (ConfUtils.java:logGet(43)) - raft.grpc.server.leader.outstanding.appends.max = 128 (default)
2019-10-09 23:42:31,771 [2fa37604-7db0-4e2a-bcef-caac287edc99@group-6E1002E0E66A-LeaderElection87] INFO  server.RaftServerConfigKeys (ConfUtils.java:logGet(43)) - raft.server.rpc.request.timeout = 3000ms (default)
2019-10-09 23:42:31,772 [2fa37604-7db0-4e2a-bcef-caac287edc99@group-6E1002E0E66A-LeaderElection87] INFO  server.RaftServerConfigKeys (ConfUtils.java:logGet(43)) - raft.server.log.appender.install.snapshot.enabled = false (custom)
2019-10-09 23:42:31,772 [2fa37604-7db0-4e2a-bcef-caac287edc99@group-6E1002E0E66A-LeaderElection87] INFO  server.RaftServerConfigKeys (ConfUtils.java:logGet(43)) - raft.server.log.appender.snapshot.chunk.size.max = 16MB (=16777216) (default)
2019-10-09 23:42:31,772 [2fa37604-7db0-4e2a-bcef-caac287edc99@group-6E1002E0E66A-LeaderElection87] INFO  server.RaftServerConfigKeys (ConfUtils.java:logGet(43)) - raft.server.log.appender.buffer.byte-limit = 33554432 (custom)
2019-10-09 23:42:31,772 [2fa37604-7db0-4e2a-bcef-caac287edc99@group-6E1002E0E66A-LeaderElection87] INFO  server.RaftServerConfigKeys (ConfUtils.java:logGet(43)) - raft.server.log.appender.buffer.element-limit = 1 (custom)
2019-10-09 23:42:31,772 [2fa37604-7db0-4e2a-bcef-caac287edc99@group-6E1002E0E66A-LeaderElection87] INFO  grpc.GrpcConfigKeys$Server (ConfUtils.java:logGet(43)) - raft.grpc.server.leader.outstanding.appends.max = 128 (default)
2019-10-09 23:42:31,772 [2fa37604-7db0-4e2a-bcef-caac287edc99@group-6E1002E0E66A-LeaderElection87] INFO  server.RaftServerConfigKeys (ConfUtils.java:logGet(43)) - raft.server.rpc.request.timeout = 3000ms (default)
2019-10-09 23:42:31,773 [2fa37604-7db0-4e2a-bcef-caac287edc99@group-6E1002E0E66A-LeaderElection87] INFO  server.RaftServerConfigKeys (ConfUtils.java:logGet(43)) - raft.server.log.appender.install.snapshot.enabled = false (custom)
2019-10-09 23:42:31,773 [2fa37604-7db0-4e2a-bcef-caac287edc99@group-6E1002E0E66A-LeaderElection87] INFO  impl.RoleInfo (RoleInfo.java:updateAndGet(143)) - 2fa37604-7db0-4e2a-bcef-caac287edc99: start LeaderState
2019-10-09 23:42:31,773 [2fa37604-7db0-4e2a-bcef-caac287edc99@group-6E1002E0E66A-LeaderElection87] INFO  segmented.SegmentedRaftLogWorker (SegmentedRaftLogWorker.java:rollLogSegment(390)) - 2fa37604-7db0-4e2a-bcef-caac287edc99@group-6E1002E0E66A-SegmentedRaftLogWorker: Rolling segment log-0_15 to index:15
2019-10-09 23:42:31,774 [2fa37604-7db0-4e2a-bcef-caac287edc99@group-6E1002E0E66A-LeaderElection87] INFO  impl.RaftServerImpl (ServerState.java:setRaftConf(356)) - 2fa37604-7db0-4e2a-bcef-caac287edc99@group-6E1002E0E66A: set configuration 16: [db0f9e5f-40c7-432b-82eb-2896485fae3f:192.168.151.98:33436, 2fa37604-7db0-4e2a-bcef-caac287edc99:192.168.151.98:43506, 048ed862-969d-4a53-9065-988fa7882172:192.168.151.98:42040], old=null at 16
2019-10-09 23:42:31,775 [grpc-default-executor-4] WARN  server.GrpcLogAppender (LogUtils.java:warn(134)) - 2fa37604-7db0-4e2a-bcef-caac287edc99@group-6E1002E0E66A->db0f9e5f-40c7-432b-82eb-2896485fae3f-AppendLogResponseHandler: Failed appendEntries: org.apache.ratis.thirdparty.io.grpc.StatusRuntimeException: UNAVAILABLE: io exception
2019-10-09 23:42:31,775 [2fa37604-7db0-4e2a-bcef-caac287edc99@group-6E1002E0E66A-SegmentedRaftLogWorker] INFO  segmented.SegmentedRaftLogWorker (SegmentedRaftLogWorker.java:execute(531)) - 2fa37604-7db0-4e2a-bcef-caac287edc99@group-6E1002E0E66A-SegmentedRaftLogWorker: Rolled log segment from /workdir/hadoop-ozone/integration-test/target/test-dir/MiniOzoneClusterImpl-8b6ca641-6d7f-4583-914a-a0f78aea40f0/datanode-6/data/ratis/e154a239-4471-404e-a663-6e1002e0e66a/current/log_inprogress_0 to /workdir/hadoop-ozone/integration-test/target/test-dir/MiniOzoneClusterImpl-8b6ca641-6d7f-4583-914a-a0f78aea40f0/datanode-6/data/ratis/e154a239-4471-404e-a663-6e1002e0e66a/current/log_0-15
2019-10-09 23:42:31,777 [grpc-default-executor-11] INFO  impl.RaftServerImpl (ServerState.java:setLeader(255)) - 048ed862-969d-4a53-9065-988fa7882172@group-6E1002E0E66A: change Leader from null to 2fa37604-7db0-4e2a-bcef-caac287edc99 at term 2 for appendEntries, leader elected after 29ms
2019-10-09 23:42:31,777 [grpc-default-executor-4] INFO  impl.FollowerInfo (FollowerInfo.java:lambda$new$0(51)) - 2fa37604-7db0-4e2a-bcef-caac287edc99@group-6E1002E0E66A->db0f9e5f-40c7-432b-82eb-2896485fae3f: nextIndex: updateUnconditionally 16 -> 1
2019-10-09 23:42:31,808 [grpc-default-executor-11] INFO  impl.RaftServerImpl (ServerState.java:setRaftConf(356)) - 048ed862-969d-4a53-9065-988fa7882172@group-6E1002E0E66A: set configuration 16: [db0f9e5f-40c7-432b-82eb-2896485fae3f:192.168.151.98:33436, 2fa37604-7db0-4e2a-bcef-caac287edc99:192.168.151.98:43506, 048ed862-969d-4a53-9065-988fa7882172:192.168.151.98:42040], old=null at 16
2019-10-09 23:42:31,809 [grpc-default-executor-11] INFO  segmented.SegmentedRaftLogWorker (SegmentedRaftLogWorker.java:rollLogSegment(390)) - 048ed862-969d-4a53-9065-988fa7882172@group-6E1002E0E66A-SegmentedRaftLogWorker: Rolling segment log-0_15 to index:15
2019-10-09 23:42:31,809 [048ed862-969d-4a53-9065-988fa7882172@group-6E1002E0E66A-SegmentedRaftLogWorker] INFO  segmented.SegmentedRaftLogWorker (SegmentedRaftLogWorker.java:execute(531)) - 048ed862-969d-4a53-9065-988fa7882172@group-6E1002E0E66A-SegmentedRaftLogWorker: Rolled log segment from /workdir/hadoop-ozone/integration-test/target/test-dir/MiniOzoneClusterImpl-8b6ca641-6d7f-4583-914a-a0f78aea40f0/datanode-3/data/ratis/e154a239-4471-404e-a663-6e1002e0e66a/current/log_inprogress_0 to /workdir/hadoop-ozone/integration-test/target/test-dir/MiniOzoneClusterImpl-8b6ca641-6d7f-4583-914a-a0f78aea40f0/datanode-3/data/ratis/e154a239-4471-404e-a663-6e1002e0e66a/current/log_0-15
2019-10-09 23:42:31,831 [2fa37604-7db0-4e2a-bcef-caac287edc99@group-6E1002E0E66A-SegmentedRaftLogWorker] INFO  segmented.SegmentedRaftLogWorker (SegmentedRaftLogWorker.java:execute(574)) - 2fa37604-7db0-4e2a-bcef-caac287edc99@group-6E1002E0E66A-SegmentedRaftLogWorker: created new log segment /workdir/hadoop-ozone/integration-test/target/test-dir/MiniOzoneClusterImpl-8b6ca641-6d7f-4583-914a-a0f78aea40f0/datanode-6/data/ratis/e154a239-4471-404e-a663-6e1002e0e66a/current/log_inprogress_16
2019-10-09 23:42:31,844 [048ed862-969d-4a53-9065-988fa7882172@group-6E1002E0E66A-SegmentedRaftLogWorker] INFO  segmented.SegmentedRaftLogWorker (SegmentedRaftLogWorker.java:execute(574)) - 048ed862-969d-4a53-9065-988fa7882172@group-6E1002E0E66A-SegmentedRaftLogWorker: created new log segment /workdir/hadoop-ozone/integration-test/target/test-dir/MiniOzoneClusterImpl-8b6ca641-6d7f-4583-914a-a0f78aea40f0/datanode-3/data/ratis/e154a239-4471-404e-a663-6e1002e0e66a/current/log_inprogress_16
2019-10-09 23:42:31,867 [grpc-default-executor-10] WARN  server.GrpcLogAppender (LogUtils.java:warn(134)) - 2fa37604-7db0-4e2a-bcef-caac287edc99@group-6E1002E0E66A->db0f9e5f-40c7-432b-82eb-2896485fae3f-AppendLogResponseHandler: Failed appendEntries: org.apache.ratis.thirdparty.io.grpc.StatusRuntimeException: UNAVAILABLE: io exception
2019-10-09 23:42:31,867 [grpc-default-executor-10] INFO  impl.FollowerInfo (FollowerInfo.java:lambda$new$0(51)) - 2fa37604-7db0-4e2a-bcef-caac287edc99@group-6E1002E0E66A->db0f9e5f-40c7-432b-82eb-2896485fae3f: nextIndex: updateUnconditionally 2 -> 1
2019-10-09 23:42:31,895 [grpc-default-executor-10] WARN  server.GrpcLogAppender (LogUtils.java:warn(134)) - 2fa37604-7db0-4e2a-bcef-caac287edc99@group-6E1002E0E66A->db0f9e5f-40c7-432b-82eb-2896485fae3f-AppendLogResponseHandler: Failed appendEntries: org.apache.ratis.thirdparty.io.grpc.StatusRuntimeException: UNAVAILABLE: io exception
2019-10-09 23:42:31,895 [grpc-default-executor-10] INFO  impl.FollowerInfo (FollowerInfo.java:lambda$new$0(51)) - 2fa37604-7db0-4e2a-bcef-caac287edc99@group-6E1002E0E66A->db0f9e5f-40c7-432b-82eb-2896485fae3f: nextIndex: updateUnconditionally 2 -> 1
23:42:32.240 [grpc-default-executor-10] ERROR DNAudit - user=null | ip=null | op=WRITE_CHUNK {blockData=conID: 1 locID: 102935070730747917 bcsId: 13} | ret=FAILURE
org.apache.hadoop.hdds.scm.container.common.helpers.ContainerNotOpenException: Container 1 in CLOSING state
	at org.apache.hadoop.ozone.container.common.impl.HddsDispatcher.validateContainerCommand(HddsDispatcher.java:436) ~[hadoop-hdds-container-service-0.5.0-SNAPSHOT.jar:?]
	at org.apache.hadoop.ozone.container.common.transport.server.ratis.ContainerStateMachine.startTransaction(ContainerStateMachine.java:320) ~[hadoop-hdds-container-service-0.5.0-SNAPSHOT.jar:?]
	at org.apache.ratis.server.impl.RaftServerImpl.submitClientRequestAsync(RaftServerImpl.java:569) ~[ratis-server-0.5.0-201fc85-SNAPSHOT.jar:0.5.0-201fc85-SNAPSHOT]
	at org.apache.ratis.server.impl.RaftServerProxy.lambda$submitClientRequestAsync$7(RaftServerProxy.java:333) ~[ratis-server-0.5.0-201fc85-SNAPSHOT.jar:0.5.0-201fc85-SNAPSHOT]
	at org.apache.ratis.server.impl.RaftServerProxy.lambda$null$5(RaftServerProxy.java:328) ~[ratis-server-0.5.0-201fc85-SNAPSHOT.jar:0.5.0-201fc85-SNAPSHOT]
	at org.apache.ratis.util.JavaUtils.callAsUnchecked(JavaUtils.java:109) ~[ratis-common-0.5.0-201fc85-SNAPSHOT.jar:0.5.0-201fc85-SNAPSHOT]
	at org.apache.ratis.server.impl.RaftServerProxy.lambda$submitRequest$6(RaftServerProxy.java:328) ~[ratis-server-0.5.0-201fc85-SNAPSHOT.jar:0.5.0-201fc85-SNAPSHOT]
	at java.util.concurrent.CompletableFuture.uniComposeStage(CompletableFuture.java:981) ~[?:1.8.0_212]
	at java.util.concurrent.CompletableFuture.thenCompose(CompletableFuture.java:2124) ~[?:1.8.0_212]
	at org.apache.ratis.server.impl.RaftServerProxy.submitRequest(RaftServerProxy.java:327) ~[ratis-server-0.5.0-201fc85-SNAPSHOT.jar:0.5.0-201fc85-SNAPSHOT]
	at org.apache.ratis.server.impl.RaftServerProxy.submitClientRequestAsync(RaftServerProxy.java:333) ~[ratis-server-0.5.0-201fc85-SNAPSHOT.jar:0.5.0-201fc85-SNAPSHOT]
	at org.apache.ratis.grpc.client.GrpcClientProtocolService$RequestStreamObserver.processClientRequest(GrpcClientProtocolService.java:220) ~[ratis-grpc-0.5.0-201fc85-SNAPSHOT.jar:0.5.0-201fc85-SNAPSHOT]
	at org.apache.ratis.grpc.client.GrpcClientProtocolService$OrderedRequestStreamObserver.processClientRequest(GrpcClientProtocolService.java:326) ~[ratis-grpc-0.5.0-201fc85-SNAPSHOT.jar:0.5.0-201fc85-SNAPSHOT]
	at org.apache.ratis.util.SlidingWindow$Server.processRequestsFromHead(SlidingWindow.java:429) [ratis-common-0.5.0-201fc85-SNAPSHOT.jar:0.5.0-201fc85-SNAPSHOT]
	at org.apache.ratis.util.SlidingWindow$Server.receivedRequest(SlidingWindow.java:421) [ratis-common-0.5.0-201fc85-SNAPSHOT.jar:0.5.0-201fc85-SNAPSHOT]
	at org.apache.ratis.grpc.client.GrpcClientProtocolService$OrderedRequestStreamObserver.processClientRequest(GrpcClientProtocolService.java:345) [ratis-grpc-0.5.0-201fc85-SNAPSHOT.jar:0.5.0-201fc85-SNAPSHOT]
	at org.apache.ratis.grpc.client.GrpcClientProtocolService$RequestStreamObserver.onNext(GrpcClientProtocolService.java:240) [ratis-grpc-0.5.0-201fc85-SNAPSHOT.jar:0.5.0-201fc85-SNAPSHOT]
	at org.apache.ratis.grpc.client.GrpcClientProtocolService$RequestStreamObserver.onNext(GrpcClientProtocolService.java:168) [ratis-grpc-0.5.0-201fc85-SNAPSHOT.jar:0.5.0-201fc85-SNAPSHOT]
	at org.apache.ratis.thirdparty.io.grpc.stub.ServerCalls$StreamingServerCallHandler$StreamingServerCallListener.onMessage(ServerCalls.java:248) [ratis-thirdparty-misc-0.2.0.jar:0.2.0]
	at org.apache.ratis.thirdparty.io.grpc.internal.ServerCallImpl$ServerStreamListenerImpl.messagesAvailable(ServerCallImpl.java:263) [ratis-thirdparty-misc-0.2.0.jar:0.2.0]
	at org.apache.ratis.thirdparty.io.grpc.internal.ServerImpl$JumpToApplicationThreadServerStreamListener$1MessagesAvailable.runInContext(ServerImpl.java:686) [ratis-thirdparty-misc-0.2.0.jar:0.2.0]
	at org.apache.ratis.thirdparty.io.grpc.internal.ContextRunnable.run(ContextRunnable.java:37) [ratis-thirdparty-misc-0.2.0.jar:0.2.0]
	at org.apache.ratis.thirdparty.io.grpc.internal.SerializingExecutor.run(SerializingExecutor.java:123) [ratis-thirdparty-misc-0.2.0.jar:0.2.0]
	at java.util.concurrent.ThreadPoolExecutor.runWorker(ThreadPoolExecutor.java:1149) [?:1.8.0_212]
	at java.util.concurrent.ThreadPoolExecutor$Worker.run(ThreadPoolExecutor.java:624) [?:1.8.0_212]
	at java.lang.Thread.run(Thread.java:748) [?:1.8.0_212]
23:42:32.258 [grpc-default-executor-4] ERROR DNAudit - user=null | ip=null | op=WRITE_CHUNK {blockData=conID: 1 locID: 102935070730747917 bcsId: 13} | ret=FAILURE
org.apache.hadoop.hdds.scm.container.common.helpers.ContainerNotOpenException: Container 1 in CLOSING state
	at org.apache.hadoop.ozone.container.common.impl.HddsDispatcher.validateContainerCommand(HddsDispatcher.java:436) ~[hadoop-hdds-container-service-0.5.0-SNAPSHOT.jar:?]
	at org.apache.hadoop.ozone.container.common.transport.server.ratis.ContainerStateMachine.startTransaction(ContainerStateMachine.java:320) ~[hadoop-hdds-container-service-0.5.0-SNAPSHOT.jar:?]
	at org.apache.ratis.server.impl.RaftServerImpl.submitClientRequestAsync(RaftServerImpl.java:569) ~[ratis-server-0.5.0-201fc85-SNAPSHOT.jar:0.5.0-201fc85-SNAPSHOT]
	at org.apache.ratis.server.impl.RaftServerProxy.lambda$submitClientRequestAsync$7(RaftServerProxy.java:333) ~[ratis-server-0.5.0-201fc85-SNAPSHOT.jar:0.5.0-201fc85-SNAPSHOT]
	at org.apache.ratis.server.impl.RaftServerProxy.lambda$null$5(RaftServerProxy.java:328) ~[ratis-server-0.5.0-201fc85-SNAPSHOT.jar:0.5.0-201fc85-SNAPSHOT]
	at org.apache.ratis.util.JavaUtils.callAsUnchecked(JavaUtils.java:109) ~[ratis-common-0.5.0-201fc85-SNAPSHOT.jar:0.5.0-201fc85-SNAPSHOT]
	at org.apache.ratis.server.impl.RaftServerProxy.lambda$submitRequest$6(RaftServerProxy.java:328) ~[ratis-server-0.5.0-201fc85-SNAPSHOT.jar:0.5.0-201fc85-SNAPSHOT]
	at java.util.concurrent.CompletableFuture.uniComposeStage(CompletableFuture.java:981) ~[?:1.8.0_212]
	at java.util.concurrent.CompletableFuture.thenCompose(CompletableFuture.java:2124) ~[?:1.8.0_212]
	at org.apache.ratis.server.impl.RaftServerProxy.submitRequest(RaftServerProxy.java:327) ~[ratis-server-0.5.0-201fc85-SNAPSHOT.jar:0.5.0-201fc85-SNAPSHOT]
	at org.apache.ratis.server.impl.RaftServerProxy.submitClientRequestAsync(RaftServerProxy.java:333) ~[ratis-server-0.5.0-201fc85-SNAPSHOT.jar:0.5.0-201fc85-SNAPSHOT]
	at org.apache.ratis.grpc.client.GrpcClientProtocolService$RequestStreamObserver.processClientRequest(GrpcClientProtocolService.java:220) ~[ratis-grpc-0.5.0-201fc85-SNAPSHOT.jar:0.5.0-201fc85-SNAPSHOT]
	at org.apache.ratis.grpc.client.GrpcClientProtocolService$OrderedRequestStreamObserver.processClientRequest(GrpcClientProtocolService.java:326) ~[ratis-grpc-0.5.0-201fc85-SNAPSHOT.jar:0.5.0-201fc85-SNAPSHOT]
	at org.apache.ratis.util.SlidingWindow$Server.processRequestsFromHead(SlidingWindow.java:429) [ratis-common-0.5.0-201fc85-SNAPSHOT.jar:0.5.0-201fc85-SNAPSHOT]
	at org.apache.ratis.util.SlidingWindow$Server.receivedRequest(SlidingWindow.java:421) [ratis-common-0.5.0-201fc85-SNAPSHOT.jar:0.5.0-201fc85-SNAPSHOT]
	at org.apache.ratis.grpc.client.GrpcClientProtocolService$OrderedRequestStreamObserver.processClientRequest(GrpcClientProtocolService.java:345) [ratis-grpc-0.5.0-201fc85-SNAPSHOT.jar:0.5.0-201fc85-SNAPSHOT]
	at org.apache.ratis.grpc.client.GrpcClientProtocolService$RequestStreamObserver.onNext(GrpcClientProtocolService.java:240) [ratis-grpc-0.5.0-201fc85-SNAPSHOT.jar:0.5.0-201fc85-SNAPSHOT]
	at org.apache.ratis.grpc.client.GrpcClientProtocolService$RequestStreamObserver.onNext(GrpcClientProtocolService.java:168) [ratis-grpc-0.5.0-201fc85-SNAPSHOT.jar:0.5.0-201fc85-SNAPSHOT]
	at org.apache.ratis.thirdparty.io.grpc.stub.ServerCalls$StreamingServerCallHandler$StreamingServerCallListener.onMessage(ServerCalls.java:248) [ratis-thirdparty-misc-0.2.0.jar:0.2.0]
	at org.apache.ratis.thirdparty.io.grpc.internal.ServerCallImpl$ServerStreamListenerImpl.messagesAvailable(ServerCallImpl.java:263) [ratis-thirdparty-misc-0.2.0.jar:0.2.0]
	at org.apache.ratis.thirdparty.io.grpc.internal.ServerImpl$JumpToApplicationThreadServerStreamListener$1MessagesAvailable.runInContext(ServerImpl.java:686) [ratis-thirdparty-misc-0.2.0.jar:0.2.0]
	at org.apache.ratis.thirdparty.io.grpc.internal.ContextRunnable.run(ContextRunnable.java:37) [ratis-thirdparty-misc-0.2.0.jar:0.2.0]
	at org.apache.ratis.thirdparty.io.grpc.internal.SerializingExecutor.run(SerializingExecutor.java:123) [ratis-thirdparty-misc-0.2.0.jar:0.2.0]
	at java.util.concurrent.ThreadPoolExecutor.runWorker(ThreadPoolExecutor.java:1149) [?:1.8.0_212]
	at java.util.concurrent.ThreadPoolExecutor$Worker.run(ThreadPoolExecutor.java:624) [?:1.8.0_212]
	at java.lang.Thread.run(Thread.java:748) [?:1.8.0_212]
23:42:32.267 [grpc-default-executor-4] ERROR DNAudit - user=null | ip=null | op=PUT_BLOCK {blockData=[blockId=conID: 1 locID: 102935070730747917 bcsId: 0,size=650]} | ret=FAILURE
org.apache.hadoop.hdds.scm.container.common.helpers.ContainerNotOpenException: Container 1 in CLOSING state
	at org.apache.hadoop.ozone.container.common.impl.HddsDispatcher.validateContainerCommand(HddsDispatcher.java:436) ~[hadoop-hdds-container-service-0.5.0-SNAPSHOT.jar:?]
	at org.apache.hadoop.ozone.container.common.transport.server.ratis.ContainerStateMachine.startTransaction(ContainerStateMachine.java:320) ~[hadoop-hdds-container-service-0.5.0-SNAPSHOT.jar:?]
	at org.apache.ratis.server.impl.RaftServerImpl.submitClientRequestAsync(RaftServerImpl.java:569) ~[ratis-server-0.5.0-201fc85-SNAPSHOT.jar:0.5.0-201fc85-SNAPSHOT]
	at org.apache.ratis.server.impl.RaftServerProxy.lambda$submitClientRequestAsync$7(RaftServerProxy.java:333) ~[ratis-server-0.5.0-201fc85-SNAPSHOT.jar:0.5.0-201fc85-SNAPSHOT]
	at org.apache.ratis.server.impl.RaftServerProxy.lambda$null$5(RaftServerProxy.java:328) ~[ratis-server-0.5.0-201fc85-SNAPSHOT.jar:0.5.0-201fc85-SNAPSHOT]
	at org.apache.ratis.util.JavaUtils.callAsUnchecked(JavaUtils.java:109) ~[ratis-common-0.5.0-201fc85-SNAPSHOT.jar:0.5.0-201fc85-SNAPSHOT]
	at org.apache.ratis.server.impl.RaftServerProxy.lambda$submitRequest$6(RaftServerProxy.java:328) ~[ratis-server-0.5.0-201fc85-SNAPSHOT.jar:0.5.0-201fc85-SNAPSHOT]
	at java.util.concurrent.CompletableFuture.uniComposeStage(CompletableFuture.java:981) ~[?:1.8.0_212]
	at java.util.concurrent.CompletableFuture.thenCompose(CompletableFuture.java:2124) ~[?:1.8.0_212]
	at org.apache.ratis.server.impl.RaftServerProxy.submitRequest(RaftServerProxy.java:327) ~[ratis-server-0.5.0-201fc85-SNAPSHOT.jar:0.5.0-201fc85-SNAPSHOT]
	at org.apache.ratis.server.impl.RaftServerProxy.submitClientRequestAsync(RaftServerProxy.java:333) ~[ratis-server-0.5.0-201fc85-SNAPSHOT.jar:0.5.0-201fc85-SNAPSHOT]
	at org.apache.ratis.grpc.client.GrpcClientProtocolService$RequestStreamObserver.processClientRequest(GrpcClientProtocolService.java:220) ~[ratis-grpc-0.5.0-201fc85-SNAPSHOT.jar:0.5.0-201fc85-SNAPSHOT]
	at org.apache.ratis.grpc.client.GrpcClientProtocolService$OrderedRequestStreamObserver.processClientRequest(GrpcClientProtocolService.java:326) ~[ratis-grpc-0.5.0-201fc85-SNAPSHOT.jar:0.5.0-201fc85-SNAPSHOT]
	at org.apache.ratis.util.SlidingWindow$Server.processRequestsFromHead(SlidingWindow.java:429) [ratis-common-0.5.0-201fc85-SNAPSHOT.jar:0.5.0-201fc85-SNAPSHOT]
	at org.apache.ratis.util.SlidingWindow$Server.receivedRequest(SlidingWindow.java:421) [ratis-common-0.5.0-201fc85-SNAPSHOT.jar:0.5.0-201fc85-SNAPSHOT]
	at org.apache.ratis.grpc.client.GrpcClientProtocolService$OrderedRequestStreamObserver.processClientRequest(GrpcClientProtocolService.java:345) [ratis-grpc-0.5.0-201fc85-SNAPSHOT.jar:0.5.0-201fc85-SNAPSHOT]
	at org.apache.ratis.grpc.client.GrpcClientProtocolService$RequestStreamObserver.onNext(GrpcClientProtocolService.java:240) [ratis-grpc-0.5.0-201fc85-SNAPSHOT.jar:0.5.0-201fc85-SNAPSHOT]
	at org.apache.ratis.grpc.client.GrpcClientProtocolService$RequestStreamObserver.onNext(GrpcClientProtocolService.java:168) [ratis-grpc-0.5.0-201fc85-SNAPSHOT.jar:0.5.0-201fc85-SNAPSHOT]
	at org.apache.ratis.thirdparty.io.grpc.stub.ServerCalls$StreamingServerCallHandler$StreamingServerCallListener.onMessage(ServerCalls.java:248) [ratis-thirdparty-misc-0.2.0.jar:0.2.0]
	at org.apache.ratis.thirdparty.io.grpc.internal.ServerCallImpl$ServerStreamListenerImpl.messagesAvailable(ServerCallImpl.java:263) [ratis-thirdparty-misc-0.2.0.jar:0.2.0]
	at org.apache.ratis.thirdparty.io.grpc.internal.ServerImpl$JumpToApplicationThreadServerStreamListener$1MessagesAvailable.runInContext(ServerImpl.java:686) [ratis-thirdparty-misc-0.2.0.jar:0.2.0]
	at org.apache.ratis.thirdparty.io.grpc.internal.ContextRunnable.run(ContextRunnable.java:37) [ratis-thirdparty-misc-0.2.0.jar:0.2.0]
	at org.apache.ratis.thirdparty.io.grpc.internal.SerializingExecutor.run(SerializingExecutor.java:123) [ratis-thirdparty-misc-0.2.0.jar:0.2.0]
	at java.util.concurrent.ThreadPoolExecutor.runWorker(ThreadPoolExecutor.java:1149) [?:1.8.0_212]
	at java.util.concurrent.ThreadPoolExecutor$Worker.run(ThreadPoolExecutor.java:624) [?:1.8.0_212]
	at java.lang.Thread.run(Thread.java:748) [?:1.8.0_212]
23:42:32.268 [grpc-default-executor-10] ERROR DNAudit - user=null | ip=null | op=WRITE_CHUNK {blockData=conID: 1 locID: 102935070730747917 bcsId: 13} | ret=FAILURE
org.apache.hadoop.hdds.scm.container.common.helpers.ContainerNotOpenException: Container 1 in CLOSING state
	at org.apache.hadoop.ozone.container.common.impl.HddsDispatcher.validateContainerCommand(HddsDispatcher.java:436) ~[hadoop-hdds-container-service-0.5.0-SNAPSHOT.jar:?]
	at org.apache.hadoop.ozone.container.common.transport.server.ratis.ContainerStateMachine.startTransaction(ContainerStateMachine.java:320) ~[hadoop-hdds-container-service-0.5.0-SNAPSHOT.jar:?]
	at org.apache.ratis.server.impl.RaftServerImpl.submitClientRequestAsync(RaftServerImpl.java:569) ~[ratis-server-0.5.0-201fc85-SNAPSHOT.jar:0.5.0-201fc85-SNAPSHOT]
	at org.apache.ratis.server.impl.RaftServerProxy.lambda$submitClientRequestAsync$7(RaftServerProxy.java:333) ~[ratis-server-0.5.0-201fc85-SNAPSHOT.jar:0.5.0-201fc85-SNAPSHOT]
	at org.apache.ratis.server.impl.RaftServerProxy.lambda$null$5(RaftServerProxy.java:328) ~[ratis-server-0.5.0-201fc85-SNAPSHOT.jar:0.5.0-201fc85-SNAPSHOT]
	at org.apache.ratis.util.JavaUtils.callAsUnchecked(JavaUtils.java:109) ~[ratis-common-0.5.0-201fc85-SNAPSHOT.jar:0.5.0-201fc85-SNAPSHOT]
	at org.apache.ratis.server.impl.RaftServerProxy.lambda$submitRequest$6(RaftServerProxy.java:328) ~[ratis-server-0.5.0-201fc85-SNAPSHOT.jar:0.5.0-201fc85-SNAPSHOT]
	at java.util.concurrent.CompletableFuture.uniComposeStage(CompletableFuture.java:981) ~[?:1.8.0_212]
	at java.util.concurrent.CompletableFuture.thenCompose(CompletableFuture.java:2124) ~[?:1.8.0_212]
	at org.apache.ratis.server.impl.RaftServerProxy.submitRequest(RaftServerProxy.java:327) ~[ratis-server-0.5.0-201fc85-SNAPSHOT.jar:0.5.0-201fc85-SNAPSHOT]
	at org.apache.ratis.server.impl.RaftServerProxy.submitClientRequestAsync(RaftServerProxy.java:333) ~[ratis-server-0.5.0-201fc85-SNAPSHOT.jar:0.5.0-201fc85-SNAPSHOT]
	at org.apache.ratis.grpc.client.GrpcClientProtocolService$RequestStreamObserver.processClientRequest(GrpcClientProtocolService.java:220) ~[ratis-grpc-0.5.0-201fc85-SNAPSHOT.jar:0.5.0-201fc85-SNAPSHOT]
	at org.apache.ratis.grpc.client.GrpcClientProtocolService$OrderedRequestStreamObserver.processClientRequest(GrpcClientProtocolService.java:326) ~[ratis-grpc-0.5.0-201fc85-SNAPSHOT.jar:0.5.0-201fc85-SNAPSHOT]
	at org.apache.ratis.util.SlidingWindow$Server.processRequestsFromHead(SlidingWindow.java:429) [ratis-common-0.5.0-201fc85-SNAPSHOT.jar:0.5.0-201fc85-SNAPSHOT]
	at org.apache.ratis.util.SlidingWindow$Server.receivedRequest(SlidingWindow.java:421) [ratis-common-0.5.0-201fc85-SNAPSHOT.jar:0.5.0-201fc85-SNAPSHOT]
	at org.apache.ratis.grpc.client.GrpcClientProtocolService$OrderedRequestStreamObserver.processClientRequest(GrpcClientProtocolService.java:345) [ratis-grpc-0.5.0-201fc85-SNAPSHOT.jar:0.5.0-201fc85-SNAPSHOT]
	at org.apache.ratis.grpc.client.GrpcClientProtocolService$RequestStreamObserver.onNext(GrpcClientProtocolService.java:240) [ratis-grpc-0.5.0-201fc85-SNAPSHOT.jar:0.5.0-201fc85-SNAPSHOT]
	at org.apache.ratis.grpc.client.GrpcClientProtocolService$RequestStreamObserver.onNext(GrpcClientProtocolService.java:168) [ratis-grpc-0.5.0-201fc85-SNAPSHOT.jar:0.5.0-201fc85-SNAPSHOT]
	at org.apache.ratis.thirdparty.io.grpc.stub.ServerCalls$StreamingServerCallHandler$StreamingServerCallListener.onMessage(ServerCalls.java:248) [ratis-thirdparty-misc-0.2.0.jar:0.2.0]
	at org.apache.ratis.thirdparty.io.grpc.internal.ServerCallImpl$ServerStreamListenerImpl.messagesAvailable(ServerCallImpl.java:263) [ratis-thirdparty-misc-0.2.0.jar:0.2.0]
	at org.apache.ratis.thirdparty.io.grpc.internal.ServerImpl$JumpToApplicationThreadServerStreamListener$1MessagesAvailable.runInContext(ServerImpl.java:686) [ratis-thirdparty-misc-0.2.0.jar:0.2.0]
	at org.apache.ratis.thirdparty.io.grpc.internal.ContextRunnable.run(ContextRunnable.java:37) [ratis-thirdparty-misc-0.2.0.jar:0.2.0]
	at org.apache.ratis.thirdparty.io.grpc.internal.SerializingExecutor.run(SerializingExecutor.java:123) [ratis-thirdparty-misc-0.2.0.jar:0.2.0]
	at java.util.concurrent.ThreadPoolExecutor.runWorker(ThreadPoolExecutor.java:1149) [?:1.8.0_212]
	at java.util.concurrent.ThreadPoolExecutor$Worker.run(ThreadPoolExecutor.java:624) [?:1.8.0_212]
	at java.lang.Thread.run(Thread.java:748) [?:1.8.0_212]
23:42:32.278 [grpc-default-executor-10] ERROR DNAudit - user=null | ip=null | op=WRITE_CHUNK {blockData=conID: 1 locID: 102935070730747917 bcsId: 13} | ret=FAILURE
org.apache.hadoop.hdds.scm.container.common.helpers.ContainerNotOpenException: Container 1 in CLOSING state
	at org.apache.hadoop.ozone.container.common.impl.HddsDispatcher.validateContainerCommand(HddsDispatcher.java:436) ~[hadoop-hdds-container-service-0.5.0-SNAPSHOT.jar:?]
	at org.apache.hadoop.ozone.container.common.transport.server.ratis.ContainerStateMachine.startTransaction(ContainerStateMachine.java:320) ~[hadoop-hdds-container-service-0.5.0-SNAPSHOT.jar:?]
	at org.apache.ratis.server.impl.RaftServerImpl.submitClientRequestAsync(RaftServerImpl.java:569) ~[ratis-server-0.5.0-201fc85-SNAPSHOT.jar:0.5.0-201fc85-SNAPSHOT]
	at org.apache.ratis.server.impl.RaftServerProxy.lambda$submitClientRequestAsync$7(RaftServerProxy.java:333) ~[ratis-server-0.5.0-201fc85-SNAPSHOT.jar:0.5.0-201fc85-SNAPSHOT]
	at org.apache.ratis.server.impl.RaftServerProxy.lambda$null$5(RaftServerProxy.java:328) ~[ratis-server-0.5.0-201fc85-SNAPSHOT.jar:0.5.0-201fc85-SNAPSHOT]
	at org.apache.ratis.util.JavaUtils.callAsUnchecked(JavaUtils.java:109) ~[ratis-common-0.5.0-201fc85-SNAPSHOT.jar:0.5.0-201fc85-SNAPSHOT]
	at org.apache.ratis.server.impl.RaftServerProxy.lambda$submitRequest$6(RaftServerProxy.java:328) ~[ratis-server-0.5.0-201fc85-SNAPSHOT.jar:0.5.0-201fc85-SNAPSHOT]
	at java.util.concurrent.CompletableFuture.uniComposeStage(CompletableFuture.java:981) ~[?:1.8.0_212]
	at java.util.concurrent.CompletableFuture.thenCompose(CompletableFuture.java:2124) ~[?:1.8.0_212]
	at org.apache.ratis.server.impl.RaftServerProxy.submitRequest(RaftServerProxy.java:327) ~[ratis-server-0.5.0-201fc85-SNAPSHOT.jar:0.5.0-201fc85-SNAPSHOT]
	at org.apache.ratis.server.impl.RaftServerProxy.submitClientRequestAsync(RaftServerProxy.java:333) ~[ratis-server-0.5.0-201fc85-SNAPSHOT.jar:0.5.0-201fc85-SNAPSHOT]
	at org.apache.ratis.grpc.client.GrpcClientProtocolService$RequestStreamObserver.processClientRequest(GrpcClientProtocolService.java:220) ~[ratis-grpc-0.5.0-201fc85-SNAPSHOT.jar:0.5.0-201fc85-SNAPSHOT]
	at org.apache.ratis.grpc.client.GrpcClientProtocolService$OrderedRequestStreamObserver.processClientRequest(GrpcClientProtocolService.java:326) ~[ratis-grpc-0.5.0-201fc85-SNAPSHOT.jar:0.5.0-201fc85-SNAPSHOT]
	at org.apache.ratis.util.SlidingWindow$Server.processRequestsFromHead(SlidingWindow.java:429) [ratis-common-0.5.0-201fc85-SNAPSHOT.jar:0.5.0-201fc85-SNAPSHOT]
	at org.apache.ratis.util.SlidingWindow$Server.receivedRequest(SlidingWindow.java:421) [ratis-common-0.5.0-201fc85-SNAPSHOT.jar:0.5.0-201fc85-SNAPSHOT]
	at org.apache.ratis.grpc.client.GrpcClientProtocolService$OrderedRequestStreamObserver.processClientRequest(GrpcClientProtocolService.java:345) [ratis-grpc-0.5.0-201fc85-SNAPSHOT.jar:0.5.0-201fc85-SNAPSHOT]
	at org.apache.ratis.grpc.client.GrpcClientProtocolService$RequestStreamObserver.onNext(GrpcClientProtocolService.java:240) [ratis-grpc-0.5.0-201fc85-SNAPSHOT.jar:0.5.0-201fc85-SNAPSHOT]
	at org.apache.ratis.grpc.client.GrpcClientProtocolService$RequestStreamObserver.onNext(GrpcClientProtocolService.java:168) [ratis-grpc-0.5.0-201fc85-SNAPSHOT.jar:0.5.0-201fc85-SNAPSHOT]
	at org.apache.ratis.thirdparty.io.grpc.stub.ServerCalls$StreamingServerCallHandler$StreamingServerCallListener.onMessage(ServerCalls.java:248) [ratis-thirdparty-misc-0.2.0.jar:0.2.0]
	at org.apache.ratis.thirdparty.io.grpc.internal.ServerCallImpl$ServerStreamListenerImpl.messagesAvailable(ServerCallImpl.java:263) [ratis-thirdparty-misc-0.2.0.jar:0.2.0]
	at org.apache.ratis.thirdparty.io.grpc.internal.ServerImpl$JumpToApplicationThreadServerStreamListener$1MessagesAvailable.runInContext(ServerImpl.java:686) [ratis-thirdparty-misc-0.2.0.jar:0.2.0]
	at org.apache.ratis.thirdparty.io.grpc.internal.ContextRunnable.run(ContextRunnable.java:37) [ratis-thirdparty-misc-0.2.0.jar:0.2.0]
	at org.apache.ratis.thirdparty.io.grpc.internal.SerializingExecutor.run(SerializingExecutor.java:123) [ratis-thirdparty-misc-0.2.0.jar:0.2.0]
	at java.util.concurrent.ThreadPoolExecutor.runWorker(ThreadPoolExecutor.java:1149) [?:1.8.0_212]
	at java.util.concurrent.ThreadPoolExecutor$Worker.run(ThreadPoolExecutor.java:624) [?:1.8.0_212]
	at java.lang.Thread.run(Thread.java:748) [?:1.8.0_212]
23:42:32.290 [grpc-default-executor-4] ERROR DNAudit - user=null | ip=null | op=PUT_BLOCK {blockData=[blockId=conID: 1 locID: 102935070730747917 bcsId: 0,size=800]} | ret=FAILURE
org.apache.hadoop.hdds.scm.container.common.helpers.ContainerNotOpenException: Container 1 in CLOSING state
	at org.apache.hadoop.ozone.container.common.impl.HddsDispatcher.validateContainerCommand(HddsDispatcher.java:436) ~[hadoop-hdds-container-service-0.5.0-SNAPSHOT.jar:?]
	at org.apache.hadoop.ozone.container.common.transport.server.ratis.ContainerStateMachine.startTransaction(ContainerStateMachine.java:320) ~[hadoop-hdds-container-service-0.5.0-SNAPSHOT.jar:?]
	at org.apache.ratis.server.impl.RaftServerImpl.submitClientRequestAsync(RaftServerImpl.java:569) ~[ratis-server-0.5.0-201fc85-SNAPSHOT.jar:0.5.0-201fc85-SNAPSHOT]
	at org.apache.ratis.server.impl.RaftServerProxy.lambda$submitClientRequestAsync$7(RaftServerProxy.java:333) ~[ratis-server-0.5.0-201fc85-SNAPSHOT.jar:0.5.0-201fc85-SNAPSHOT]
	at org.apache.ratis.server.impl.RaftServerProxy.lambda$null$5(RaftServerProxy.java:328) ~[ratis-server-0.5.0-201fc85-SNAPSHOT.jar:0.5.0-201fc85-SNAPSHOT]
	at org.apache.ratis.util.JavaUtils.callAsUnchecked(JavaUtils.java:109) ~[ratis-common-0.5.0-201fc85-SNAPSHOT.jar:0.5.0-201fc85-SNAPSHOT]
	at org.apache.ratis.server.impl.RaftServerProxy.lambda$submitRequest$6(RaftServerProxy.java:328) ~[ratis-server-0.5.0-201fc85-SNAPSHOT.jar:0.5.0-201fc85-SNAPSHOT]
	at java.util.concurrent.CompletableFuture.uniComposeStage(CompletableFuture.java:981) ~[?:1.8.0_212]
	at java.util.concurrent.CompletableFuture.thenCompose(CompletableFuture.java:2124) ~[?:1.8.0_212]
	at org.apache.ratis.server.impl.RaftServerProxy.submitRequest(RaftServerProxy.java:327) ~[ratis-server-0.5.0-201fc85-SNAPSHOT.jar:0.5.0-201fc85-SNAPSHOT]
	at org.apache.ratis.server.impl.RaftServerProxy.submitClientRequestAsync(RaftServerProxy.java:333) ~[ratis-server-0.5.0-201fc85-SNAPSHOT.jar:0.5.0-201fc85-SNAPSHOT]
	at org.apache.ratis.grpc.client.GrpcClientProtocolService$RequestStreamObserver.processClientRequest(GrpcClientProtocolService.java:220) ~[ratis-grpc-0.5.0-201fc85-SNAPSHOT.jar:0.5.0-201fc85-SNAPSHOT]
	at org.apache.ratis.grpc.client.GrpcClientProtocolService$OrderedRequestStreamObserver.processClientRequest(GrpcClientProtocolService.java:326) ~[ratis-grpc-0.5.0-201fc85-SNAPSHOT.jar:0.5.0-201fc85-SNAPSHOT]
	at org.apache.ratis.util.SlidingWindow$Server.processRequestsFromHead(SlidingWindow.java:429) [ratis-common-0.5.0-201fc85-SNAPSHOT.jar:0.5.0-201fc85-SNAPSHOT]
	at org.apache.ratis.util.SlidingWindow$Server.receivedRequest(SlidingWindow.java:421) [ratis-common-0.5.0-201fc85-SNAPSHOT.jar:0.5.0-201fc85-SNAPSHOT]
	at org.apache.ratis.grpc.client.GrpcClientProtocolService$OrderedRequestStreamObserver.processClientRequest(GrpcClientProtocolService.java:345) [ratis-grpc-0.5.0-201fc85-SNAPSHOT.jar:0.5.0-201fc85-SNAPSHOT]
	at org.apache.ratis.grpc.client.GrpcClientProtocolService$RequestStreamObserver.onNext(GrpcClientProtocolService.java:240) [ratis-grpc-0.5.0-201fc85-SNAPSHOT.jar:0.5.0-201fc85-SNAPSHOT]
	at org.apache.ratis.grpc.client.GrpcClientProtocolService$RequestStreamObserver.onNext(GrpcClientProtocolService.java:168) [ratis-grpc-0.5.0-201fc85-SNAPSHOT.jar:0.5.0-201fc85-SNAPSHOT]
	at org.apache.ratis.thirdparty.io.grpc.stub.ServerCalls$StreamingServerCallHandler$StreamingServerCallListener.onMessage(ServerCalls.java:248) [ratis-thirdparty-misc-0.2.0.jar:0.2.0]
	at org.apache.ratis.thirdparty.io.grpc.internal.ServerCallImpl$ServerStreamListenerImpl.messagesAvailable(ServerCallImpl.java:263) [ratis-thirdparty-misc-0.2.0.jar:0.2.0]
	at org.apache.ratis.thirdparty.io.grpc.internal.ServerImpl$JumpToApplicationThreadServerStreamListener$1MessagesAvailable.runInContext(ServerImpl.java:686) [ratis-thirdparty-misc-0.2.0.jar:0.2.0]
	at org.apache.ratis.thirdparty.io.grpc.internal.ContextRunnable.run(ContextRunnable.java:37) [ratis-thirdparty-misc-0.2.0.jar:0.2.0]
	at org.apache.ratis.thirdparty.io.grpc.internal.SerializingExecutor.run(SerializingExecutor.java:123) [ratis-thirdparty-misc-0.2.0.jar:0.2.0]
	at java.util.concurrent.ThreadPoolExecutor.runWorker(ThreadPoolExecutor.java:1149) [?:1.8.0_212]
	at java.util.concurrent.ThreadPoolExecutor$Worker.run(ThreadPoolExecutor.java:624) [?:1.8.0_212]
	at java.lang.Thread.run(Thread.java:748) [?:1.8.0_212]
2019-10-09 23:42:33,751 [main] WARN  scm.XceiverClientRatis (XceiverClientRatis.java:watchForCommit(277)) - 3 way commit failed on pipeline Pipeline[ Id: 98701677-2582-4086-a233-8c33bfa2bbe8, Nodes: d136ae8b-688f-4f7c-93b0-c5cb447f1571{ip: 192.168.151.98, host: pr-hdds-2194-ks6jj-815731239, networkLocation: /default-rack, certSerialId: null}9aa4720c-4ff1-4461-88d1-1a3f7075fdcd{ip: 192.168.151.98, host: pr-hdds-2194-ks6jj-815731239, networkLocation: /default-rack, certSerialId: null}8b64e72b-f692-4da6-8701-d8357aa19361{ip: 192.168.151.98, host: pr-hdds-2194-ks6jj-815731239, networkLocation: /default-rack, certSerialId: null}, Type:RATIS, Factor:THREE, State:OPEN]
java.util.concurrent.TimeoutException
	at java.util.concurrent.CompletableFuture.timedGet(CompletableFuture.java:1771)
	at java.util.concurrent.CompletableFuture.get(CompletableFuture.java:1915)
	at org.apache.hadoop.hdds.scm.XceiverClientRatis.watchForCommit(XceiverClientRatis.java:274)
	at org.apache.hadoop.hdds.scm.storage.CommitWatcher.watchForCommit(CommitWatcher.java:198)
	at org.apache.hadoop.hdds.scm.storage.CommitWatcher.watchOnLastIndex(CommitWatcher.java:161)
	at org.apache.hadoop.hdds.scm.storage.BlockOutputStream.watchForCommit(BlockOutputStream.java:346)
	at org.apache.hadoop.hdds.scm.storage.BlockOutputStream.handleFlush(BlockOutputStream.java:482)
	at org.apache.hadoop.hdds.scm.storage.BlockOutputStream.flush(BlockOutputStream.java:431)
	at org.apache.hadoop.ozone.client.io.BlockOutputStreamEntry.flush(BlockOutputStreamEntry.java:136)
	at org.apache.hadoop.ozone.client.io.KeyOutputStream.handleFlushOrClose(KeyOutputStream.java:443)
	at org.apache.hadoop.ozone.client.io.KeyOutputStream.flush(KeyOutputStream.java:397)
	at org.apache.hadoop.ozone.client.io.OzoneOutputStream.flush(OzoneOutputStream.java:54)
	at org.apache.hadoop.ozone.client.rpc.TestBlockOutputStreamWithFailures.testWatchForCommitDatanodeFailure(TestBlockOutputStreamWithFailures.java:365)
	at sun.reflect.NativeMethodAccessorImpl.invoke0(Native Method)
	at sun.reflect.NativeMethodAccessorImpl.invoke(NativeMethodAccessorImpl.java:62)
	at sun.reflect.DelegatingMethodAccessorImpl.invoke(DelegatingMethodAccessorImpl.java:43)
	at java.lang.reflect.Method.invoke(Method.java:498)
	at org.junit.runners.model.FrameworkMethod$1.runReflectiveCall(FrameworkMethod.java:47)
	at org.junit.internal.runners.model.ReflectiveCallable.run(ReflectiveCallable.java:12)
	at org.junit.runners.model.FrameworkMethod.invokeExplosively(FrameworkMethod.java:44)
	at org.junit.internal.runners.statements.InvokeMethod.evaluate(InvokeMethod.java:17)
	at org.junit.internal.runners.statements.RunBefores.evaluate(RunBefores.java:26)
	at org.junit.internal.runners.statements.RunAfters.evaluate(RunAfters.java:27)
	at org.junit.runners.ParentRunner.runLeaf(ParentRunner.java:271)
	at org.junit.runners.BlockJUnit4ClassRunner.runChild(BlockJUnit4ClassRunner.java:70)
	at org.junit.runners.BlockJUnit4ClassRunner.runChild(BlockJUnit4ClassRunner.java:50)
	at org.junit.runners.ParentRunner$3.run(ParentRunner.java:238)
	at org.junit.runners.ParentRunner$1.schedule(ParentRunner.java:63)
	at org.junit.runners.ParentRunner.runChildren(ParentRunner.java:236)
	at org.junit.runners.ParentRunner.access$000(ParentRunner.java:53)
	at org.junit.runners.ParentRunner$2.evaluate(ParentRunner.java:229)
	at org.junit.runners.ParentRunner.run(ParentRunner.java:309)
	at org.apache.maven.surefire.junit4.JUnit4Provider.execute(JUnit4Provider.java:365)
	at org.apache.maven.surefire.junit4.JUnit4Provider.executeWithRerun(JUnit4Provider.java:273)
	at org.apache.maven.surefire.junit4.JUnit4Provider.executeTestSet(JUnit4Provider.java:238)
	at org.apache.maven.surefire.junit4.JUnit4Provider.invoke(JUnit4Provider.java:159)
	at org.apache.maven.surefire.booter.ForkedBooter.invokeProviderInSameClassLoader(ForkedBooter.java:384)
	at org.apache.maven.surefire.booter.ForkedBooter.runSuitesInProcess(ForkedBooter.java:345)
	at org.apache.maven.surefire.booter.ForkedBooter.execute(ForkedBooter.java:126)
	at org.apache.maven.surefire.booter.ForkedBooter.main(ForkedBooter.java:418)
2019-10-09 23:42:34,399 [grpc-default-executor-11] WARN  server.GrpcLogAppender (LogUtils.java:warn(134)) - 2fa37604-7db0-4e2a-bcef-caac287edc99@group-6E1002E0E66A->db0f9e5f-40c7-432b-82eb-2896485fae3f-AppendLogResponseHandler: Failed appendEntries: org.apache.ratis.thirdparty.io.grpc.StatusRuntimeException: UNAVAILABLE: io exception
2019-10-09 23:42:34,400 [grpc-default-executor-11] INFO  impl.FollowerInfo (FollowerInfo.java:lambda$new$0(51)) - 2fa37604-7db0-4e2a-bcef-caac287edc99@group-6E1002E0E66A->db0f9e5f-40c7-432b-82eb-2896485fae3f: nextIndex: updateUnconditionally 1 -> 0
2019-10-09 23:42:34,759 [main] WARN  storage.CommitWatcher (CommitWatcher.java:watchForCommit(207)) - watchForCommit failed for index 14
java.util.concurrent.TimeoutException
	at java.util.concurrent.CompletableFuture.timedGet(CompletableFuture.java:1771)
	at java.util.concurrent.CompletableFuture.get(CompletableFuture.java:1915)
	at org.apache.hadoop.hdds.scm.XceiverClientRatis.watchForCommit(XceiverClientRatis.java:283)
	at org.apache.hadoop.hdds.scm.storage.CommitWatcher.watchForCommit(CommitWatcher.java:198)
	at org.apache.hadoop.hdds.scm.storage.CommitWatcher.watchOnLastIndex(CommitWatcher.java:161)
	at org.apache.hadoop.hdds.scm.storage.BlockOutputStream.watchForCommit(BlockOutputStream.java:346)
	at org.apache.hadoop.hdds.scm.storage.BlockOutputStream.handleFlush(BlockOutputStream.java:482)
	at org.apache.hadoop.hdds.scm.storage.BlockOutputStream.flush(BlockOutputStream.java:431)
	at org.apache.hadoop.ozone.client.io.BlockOutputStreamEntry.flush(BlockOutputStreamEntry.java:136)
	at org.apache.hadoop.ozone.client.io.KeyOutputStream.handleFlushOrClose(KeyOutputStream.java:443)
	at org.apache.hadoop.ozone.client.io.KeyOutputStream.flush(KeyOutputStream.java:397)
	at org.apache.hadoop.ozone.client.io.OzoneOutputStream.flush(OzoneOutputStream.java:54)
	at org.apache.hadoop.ozone.client.rpc.TestBlockOutputStreamWithFailures.testWatchForCommitDatanodeFailure(TestBlockOutputStreamWithFailures.java:365)
	at sun.reflect.NativeMethodAccessorImpl.invoke0(Native Method)
	at sun.reflect.NativeMethodAccessorImpl.invoke(NativeMethodAccessorImpl.java:62)
	at sun.reflect.DelegatingMethodAccessorImpl.invoke(DelegatingMethodAccessorImpl.java:43)
	at java.lang.reflect.Method.invoke(Method.java:498)
	at org.junit.runners.model.FrameworkMethod$1.runReflectiveCall(FrameworkMethod.java:47)
	at org.junit.internal.runners.model.ReflectiveCallable.run(ReflectiveCallable.java:12)
	at org.junit.runners.model.FrameworkMethod.invokeExplosively(FrameworkMethod.java:44)
	at org.junit.internal.runners.statements.InvokeMethod.evaluate(InvokeMethod.java:17)
	at org.junit.internal.runners.statements.RunBefores.evaluate(RunBefores.java:26)
	at org.junit.internal.runners.statements.RunAfters.evaluate(RunAfters.java:27)
	at org.junit.runners.ParentRunner.runLeaf(ParentRunner.java:271)
	at org.junit.runners.BlockJUnit4ClassRunner.runChild(BlockJUnit4ClassRunner.java:70)
	at org.junit.runners.BlockJUnit4ClassRunner.runChild(BlockJUnit4ClassRunner.java:50)
	at org.junit.runners.ParentRunner$3.run(ParentRunner.java:238)
	at org.junit.runners.ParentRunner$1.schedule(ParentRunner.java:63)
	at org.junit.runners.ParentRunner.runChildren(ParentRunner.java:236)
	at org.junit.runners.ParentRunner.access$000(ParentRunner.java:53)
	at org.junit.runners.ParentRunner$2.evaluate(ParentRunner.java:229)
	at org.junit.runners.ParentRunner.run(ParentRunner.java:309)
	at org.apache.maven.surefire.junit4.JUnit4Provider.execute(JUnit4Provider.java:365)
	at org.apache.maven.surefire.junit4.JUnit4Provider.executeWithRerun(JUnit4Provider.java:273)
	at org.apache.maven.surefire.junit4.JUnit4Provider.executeTestSet(JUnit4Provider.java:238)
	at org.apache.maven.surefire.junit4.JUnit4Provider.invoke(JUnit4Provider.java:159)
	at org.apache.maven.surefire.booter.ForkedBooter.invokeProviderInSameClassLoader(ForkedBooter.java:384)
	at org.apache.maven.surefire.booter.ForkedBooter.runSuitesInProcess(ForkedBooter.java:345)
	at org.apache.maven.surefire.booter.ForkedBooter.execute(ForkedBooter.java:126)
	at org.apache.maven.surefire.booter.ForkedBooter.main(ForkedBooter.java:418)
2019-10-09 23:42:34,764 [main] WARN  io.KeyOutputStream (KeyOutputStream.java:handleException(274)) - Encountered exception java.io.IOException: Unexpected Storage Container Exception: java.io.IOException: Unexpected Storage Container Exception: java.util.concurrent.TimeoutException on the pipeline Pipeline[ Id: 98701677-2582-4086-a233-8c33bfa2bbe8, Nodes: d136ae8b-688f-4f7c-93b0-c5cb447f1571{ip: 192.168.151.98, host: pr-hdds-2194-ks6jj-815731239, networkLocation: /default-rack, certSerialId: null}9aa4720c-4ff1-4461-88d1-1a3f7075fdcd{ip: 192.168.151.98, host: pr-hdds-2194-ks6jj-815731239, networkLocation: /default-rack, certSerialId: null}8b64e72b-f692-4da6-8701-d8357aa19361{ip: 192.168.151.98, host: pr-hdds-2194-ks6jj-815731239, networkLocation: /default-rack, certSerialId: null}, Type:RATIS, Factor:THREE, State:OPEN]. The last committed block length is 400, uncommitted data length is 50 retry count 0
2019-10-09 23:42:34,785 [grpc-default-executor-11] INFO  impl.RaftServerProxy (RaftServerProxy.java:addNew(89)) - 2fa37604-7db0-4e2a-bcef-caac287edc99: addNew group-F1A982B19A43:[347733b7-3083-402e-906e-121f5d9a8d9c:192.168.151.98:34194, 2fa37604-7db0-4e2a-bcef-caac287edc99:192.168.151.98:43506, 048ed862-969d-4a53-9065-988fa7882172:192.168.151.98:42040] returns group-F1A982B19A43:java.util.concurrent.CompletableFuture@77c23ada[Not completed]
2019-10-09 23:42:34,785 [grpc-default-executor-9] INFO  impl.RaftServerProxy (RaftServerProxy.java:addNew(89)) - 347733b7-3083-402e-906e-121f5d9a8d9c: addNew group-F1A982B19A43:[347733b7-3083-402e-906e-121f5d9a8d9c:192.168.151.98:34194, 2fa37604-7db0-4e2a-bcef-caac287edc99:192.168.151.98:43506, 048ed862-969d-4a53-9065-988fa7882172:192.168.151.98:42040] returns group-F1A982B19A43:java.util.concurrent.CompletableFuture@41ca5759[Not completed]
2019-10-09 23:42:34,785 [grpc-default-executor-4] INFO  impl.RaftServerProxy (RaftServerProxy.java:addNew(89)) - 048ed862-969d-4a53-9065-988fa7882172: addNew group-F1A982B19A43:[347733b7-3083-402e-906e-121f5d9a8d9c:192.168.151.98:34194, 2fa37604-7db0-4e2a-bcef-caac287edc99:192.168.151.98:43506, 048ed862-969d-4a53-9065-988fa7882172:192.168.151.98:42040] returns group-F1A982B19A43:java.util.concurrent.CompletableFuture@24d5d7f4[Not completed]
2019-10-09 23:42:34,789 [pool-469-thread-1] INFO  impl.RaftServerImpl (RaftServerImpl.java:<init>(95)) - 2fa37604-7db0-4e2a-bcef-caac287edc99: new RaftServerImpl for group-F1A982B19A43:[347733b7-3083-402e-906e-121f5d9a8d9c:192.168.151.98:34194, 2fa37604-7db0-4e2a-bcef-caac287edc99:192.168.151.98:43506, 048ed862-969d-4a53-9065-988fa7882172:192.168.151.98:42040] with ContainerStateMachine:uninitialized
2019-10-09 23:42:34,789 [pool-469-thread-1] INFO  server.RaftServerConfigKeys (ConfUtils.java:logGet(43)) - raft.server.rpc.timeout.min = 5s (custom)
2019-10-09 23:42:34,789 [pool-469-thread-1] INFO  server.RaftServerConfigKeys (ConfUtils.java:logGet(43)) - raft.server.rpc.timeout.max = 5200ms (custom)
2019-10-09 23:42:34,789 [pool-469-thread-1] INFO  server.RaftServerConfigKeys (ConfUtils.java:logGet(43)) - raft.server.rpcslowness.timeout = 120s (custom)
2019-10-09 23:42:34,789 [pool-469-thread-1] INFO  server.RaftServerConfigKeys (ConfUtils.java:logGet(43)) - raft.server.sleep.deviation.threshold = 300 (default)
2019-10-09 23:42:34,789 [pool-469-thread-1] INFO  server.RaftServerConfigKeys (ConfUtils.java:logGet(43)) - raft.server.log.appender.install.snapshot.enabled = false (custom)
2019-10-09 23:42:34,789 [pool-469-thread-1] INFO  impl.RaftServerImpl (ServerState.java:<init>(103)) - 2fa37604-7db0-4e2a-bcef-caac287edc99@group-F1A982B19A43: ConfigurationManager, init=-1: [347733b7-3083-402e-906e-121f5d9a8d9c:192.168.151.98:34194, 2fa37604-7db0-4e2a-bcef-caac287edc99:192.168.151.98:43506, 048ed862-969d-4a53-9065-988fa7882172:192.168.151.98:42040], old=null, confs=<EMPTY_MAP>
2019-10-09 23:42:34,789 [pool-459-thread-1] INFO  impl.RaftServerImpl (RaftServerImpl.java:<init>(95)) - 347733b7-3083-402e-906e-121f5d9a8d9c: new RaftServerImpl for group-F1A982B19A43:[347733b7-3083-402e-906e-121f5d9a8d9c:192.168.151.98:34194, 2fa37604-7db0-4e2a-bcef-caac287edc99:192.168.151.98:43506, 048ed862-969d-4a53-9065-988fa7882172:192.168.151.98:42040] with ContainerStateMachine:uninitialized
2019-10-09 23:42:34,789 [pool-469-thread-1] INFO  server.RaftServerConfigKeys (ConfUtils.java:logGet(43)) - raft.server.storage.dir = [/workdir/hadoop-ozone/integration-test/target/test-dir/MiniOzoneClusterImpl-8b6ca641-6d7f-4583-914a-a0f78aea40f0/datanode-6/data/ratis] (custom)
2019-10-09 23:42:34,790 [pool-459-thread-1] INFO  server.RaftServerConfigKeys (ConfUtils.java:logGet(43)) - raft.server.rpc.timeout.min = 5s (custom)
2019-10-09 23:42:34,790 [pool-459-thread-1] INFO  server.RaftServerConfigKeys (ConfUtils.java:logGet(43)) - raft.server.rpc.timeout.max = 5200ms (custom)
2019-10-09 23:42:34,790 [pool-469-thread-1] INFO  server.RaftServerConfigKeys (ConfUtils.java:logGet(43)) - raft.server.log.corruption.policy = EXCEPTION (default)
2019-10-09 23:42:34,790 [pool-439-thread-1] INFO  impl.RaftServerImpl (RaftServerImpl.java:<init>(95)) - 048ed862-969d-4a53-9065-988fa7882172: new RaftServerImpl for group-F1A982B19A43:[347733b7-3083-402e-906e-121f5d9a8d9c:192.168.151.98:34194, 2fa37604-7db0-4e2a-bcef-caac287edc99:192.168.151.98:43506, 048ed862-969d-4a53-9065-988fa7882172:192.168.151.98:42040] with ContainerStateMachine:uninitialized
2019-10-09 23:42:34,790 [pool-469-thread-1] INFO  storage.RaftStorageDirectory (RaftStorageDirectory.java:analyzeStorage(246)) - The storage directory /workdir/hadoop-ozone/integration-test/target/test-dir/MiniOzoneClusterImpl-8b6ca641-6d7f-4583-914a-a0f78aea40f0/datanode-6/data/ratis/b5a41277-d5a2-4f4a-bed7-f1a982b19a43 does not exist. Creating ...
2019-10-09 23:42:34,790 [pool-459-thread-1] INFO  server.RaftServerConfigKeys (ConfUtils.java:logGet(43)) - raft.server.rpcslowness.timeout = 120s (custom)
2019-10-09 23:42:34,790 [pool-439-thread-1] INFO  server.RaftServerConfigKeys (ConfUtils.java:logGet(43)) - raft.server.rpc.timeout.min = 5s (custom)
2019-10-09 23:42:34,790 [pool-459-thread-1] INFO  server.RaftServerConfigKeys (ConfUtils.java:logGet(43)) - raft.server.sleep.deviation.threshold = 300 (default)
2019-10-09 23:42:34,790 [pool-439-thread-1] INFO  server.RaftServerConfigKeys (ConfUtils.java:logGet(43)) - raft.server.rpc.timeout.max = 5200ms (custom)
2019-10-09 23:42:34,790 [pool-459-thread-1] INFO  server.RaftServerConfigKeys (ConfUtils.java:logGet(43)) - raft.server.log.appender.install.snapshot.enabled = false (custom)
2019-10-09 23:42:34,791 [pool-439-thread-1] INFO  server.RaftServerConfigKeys (ConfUtils.java:logGet(43)) - raft.server.rpcslowness.timeout = 120s (custom)
2019-10-09 23:42:34,791 [pool-459-thread-1] INFO  impl.RaftServerImpl (ServerState.java:<init>(103)) - 347733b7-3083-402e-906e-121f5d9a8d9c@group-F1A982B19A43: ConfigurationManager, init=-1: [347733b7-3083-402e-906e-121f5d9a8d9c:192.168.151.98:34194, 2fa37604-7db0-4e2a-bcef-caac287edc99:192.168.151.98:43506, 048ed862-969d-4a53-9065-988fa7882172:192.168.151.98:42040], old=null, confs=<EMPTY_MAP>
2019-10-09 23:42:34,791 [pool-439-thread-1] INFO  server.RaftServerConfigKeys (ConfUtils.java:logGet(43)) - raft.server.sleep.deviation.threshold = 300 (default)
2019-10-09 23:42:34,791 [pool-459-thread-1] INFO  server.RaftServerConfigKeys (ConfUtils.java:logGet(43)) - raft.server.storage.dir = [/workdir/hadoop-ozone/integration-test/target/test-dir/MiniOzoneClusterImpl-8b6ca641-6d7f-4583-914a-a0f78aea40f0/datanode-5/data/ratis] (custom)
2019-10-09 23:42:34,791 [pool-439-thread-1] INFO  server.RaftServerConfigKeys (ConfUtils.java:logGet(43)) - raft.server.log.appender.install.snapshot.enabled = false (custom)
2019-10-09 23:42:34,791 [pool-439-thread-1] INFO  impl.RaftServerImpl (ServerState.java:<init>(103)) - 048ed862-969d-4a53-9065-988fa7882172@group-F1A982B19A43: ConfigurationManager, init=-1: [347733b7-3083-402e-906e-121f5d9a8d9c:192.168.151.98:34194, 2fa37604-7db0-4e2a-bcef-caac287edc99:192.168.151.98:43506, 048ed862-969d-4a53-9065-988fa7882172:192.168.151.98:42040], old=null, confs=<EMPTY_MAP>
2019-10-09 23:42:34,791 [pool-459-thread-1] INFO  server.RaftServerConfigKeys (ConfUtils.java:logGet(43)) - raft.server.log.corruption.policy = EXCEPTION (default)
2019-10-09 23:42:34,791 [pool-439-thread-1] INFO  server.RaftServerConfigKeys (ConfUtils.java:logGet(43)) - raft.server.storage.dir = [/workdir/hadoop-ozone/integration-test/target/test-dir/MiniOzoneClusterImpl-8b6ca641-6d7f-4583-914a-a0f78aea40f0/datanode-3/data/ratis] (custom)
2019-10-09 23:42:34,792 [pool-459-thread-1] INFO  storage.RaftStorageDirectory (RaftStorageDirectory.java:analyzeStorage(246)) - The storage directory /workdir/hadoop-ozone/integration-test/target/test-dir/MiniOzoneClusterImpl-8b6ca641-6d7f-4583-914a-a0f78aea40f0/datanode-5/data/ratis/b5a41277-d5a2-4f4a-bed7-f1a982b19a43 does not exist. Creating ...
2019-10-09 23:42:34,792 [pool-439-thread-1] INFO  server.RaftServerConfigKeys (ConfUtils.java:logGet(43)) - raft.server.log.corruption.policy = EXCEPTION (default)
2019-10-09 23:42:34,792 [pool-439-thread-1] INFO  storage.RaftStorageDirectory (RaftStorageDirectory.java:analyzeStorage(246)) - The storage directory /workdir/hadoop-ozone/integration-test/target/test-dir/MiniOzoneClusterImpl-8b6ca641-6d7f-4583-914a-a0f78aea40f0/datanode-3/data/ratis/b5a41277-d5a2-4f4a-bed7-f1a982b19a43 does not exist. Creating ...
2019-10-09 23:42:34,799 [pool-459-thread-1] INFO  storage.RaftStorageDirectory (RaftStorageDirectory.java:tryLock(328)) - Lock on /workdir/hadoop-ozone/integration-test/target/test-dir/MiniOzoneClusterImpl-8b6ca641-6d7f-4583-914a-a0f78aea40f0/datanode-5/data/ratis/b5a41277-d5a2-4f4a-bed7-f1a982b19a43/in_use.lock acquired by nodename 25498@pr-hdds-2194-ks6jj-815731239
2019-10-09 23:42:34,799 [pool-469-thread-1] INFO  storage.RaftStorageDirectory (RaftStorageDirectory.java:tryLock(328)) - Lock on /workdir/hadoop-ozone/integration-test/target/test-dir/MiniOzoneClusterImpl-8b6ca641-6d7f-4583-914a-a0f78aea40f0/datanode-6/data/ratis/b5a41277-d5a2-4f4a-bed7-f1a982b19a43/in_use.lock acquired by nodename 25498@pr-hdds-2194-ks6jj-815731239
2019-10-09 23:42:34,799 [pool-439-thread-1] INFO  storage.RaftStorageDirectory (RaftStorageDirectory.java:tryLock(328)) - Lock on /workdir/hadoop-ozone/integration-test/target/test-dir/MiniOzoneClusterImpl-8b6ca641-6d7f-4583-914a-a0f78aea40f0/datanode-3/data/ratis/b5a41277-d5a2-4f4a-bed7-f1a982b19a43/in_use.lock acquired by nodename 25498@pr-hdds-2194-ks6jj-815731239
2019-10-09 23:42:34,808 [pool-469-thread-1] INFO  storage.RaftStorage (RaftStorage.java:format(84)) - Storage directory /workdir/hadoop-ozone/integration-test/target/test-dir/MiniOzoneClusterImpl-8b6ca641-6d7f-4583-914a-a0f78aea40f0/datanode-6/data/ratis/b5a41277-d5a2-4f4a-bed7-f1a982b19a43 has been successfully formatted.
2019-10-09 23:42:34,808 [pool-459-thread-1] INFO  storage.RaftStorage (RaftStorage.java:format(84)) - Storage directory /workdir/hadoop-ozone/integration-test/target/test-dir/MiniOzoneClusterImpl-8b6ca641-6d7f-4583-914a-a0f78aea40f0/datanode-5/data/ratis/b5a41277-d5a2-4f4a-bed7-f1a982b19a43 has been successfully formatted.
2019-10-09 23:42:34,808 [pool-439-thread-1] INFO  storage.RaftStorage (RaftStorage.java:format(84)) - Storage directory /workdir/hadoop-ozone/integration-test/target/test-dir/MiniOzoneClusterImpl-8b6ca641-6d7f-4583-914a-a0f78aea40f0/datanode-3/data/ratis/b5a41277-d5a2-4f4a-bed7-f1a982b19a43 has been successfully formatted.
2019-10-09 23:42:34,809 [pool-469-thread-1] INFO  ratis.ContainerStateMachine (ContainerStateMachine.java:loadSnapshot(231)) - group-F1A982B19A43: The snapshot info is null. Setting the last applied indexto:(t:0, i:~)
2019-10-09 23:42:34,809 [pool-439-thread-1] INFO  ratis.ContainerStateMachine (ContainerStateMachine.java:loadSnapshot(231)) - group-F1A982B19A43: The snapshot info is null. Setting the last applied indexto:(t:0, i:~)
2019-10-09 23:42:34,809 [pool-459-thread-1] INFO  ratis.ContainerStateMachine (ContainerStateMachine.java:loadSnapshot(231)) - group-F1A982B19A43: The snapshot info is null. Setting the last applied indexto:(t:0, i:~)
2019-10-09 23:42:34,809 [pool-439-thread-1] INFO  server.RaftServerConfigKeys (ConfUtils.java:logGet(43)) - raft.server.notification.no-leader.timeout = 120s (custom)
2019-10-09 23:42:34,809 [pool-469-thread-1] INFO  server.RaftServerConfigKeys (ConfUtils.java:logGet(43)) - raft.server.notification.no-leader.timeout = 120s (custom)
2019-10-09 23:42:34,809 [pool-439-thread-1] INFO  server.RaftServerConfigKeys (ConfUtils.java:logGet(43)) - raft.server.log.use.memory = false (default)
2019-10-09 23:42:34,809 [pool-459-thread-1] INFO  server.RaftServerConfigKeys (ConfUtils.java:logGet(43)) - raft.server.notification.no-leader.timeout = 120s (custom)
2019-10-09 23:42:34,809 [pool-439-thread-1] INFO  server.RaftServerConfigKeys (ConfUtils.java:logGet(43)) - raft.server.log.purge.gap = 1000000 (custom)
2019-10-09 23:42:34,809 [pool-469-thread-1] INFO  server.RaftServerConfigKeys (ConfUtils.java:logGet(43)) - raft.server.log.use.memory = false (default)
2019-10-09 23:42:34,810 [pool-439-thread-1] INFO  server.RaftServerConfigKeys (ConfUtils.java:logGet(43)) - raft.server.log.appender.buffer.byte-limit = 33554432 (custom)
2019-10-09 23:42:34,810 [pool-459-thread-1] INFO  server.RaftServerConfigKeys (ConfUtils.java:logGet(43)) - raft.server.log.use.memory = false (default)
2019-10-09 23:42:34,810 [pool-439-thread-1] INFO  server.RaftServerConfigKeys (ConfUtils.java:logGet(43)) - raft.server.log.segment.size.max = 1048576 (custom)
2019-10-09 23:42:34,810 [pool-469-thread-1] INFO  server.RaftServerConfigKeys (ConfUtils.java:logGet(43)) - raft.server.log.purge.gap = 1000000 (custom)
2019-10-09 23:42:34,810 [pool-439-thread-1] INFO  server.RaftServerConfigKeys (ConfUtils.java:logGet(43)) - raft.server.log.segment.cache.num.max = 2 (custom)
2019-10-09 23:42:34,810 [pool-459-thread-1] INFO  server.RaftServerConfigKeys (ConfUtils.java:logGet(43)) - raft.server.log.purge.gap = 1000000 (custom)
2019-10-09 23:42:34,810 [pool-439-thread-1] INFO  segmented.SegmentedRaftLogWorker (SegmentedRaftLogWorker.java:<init>(173)) - new 048ed862-969d-4a53-9065-988fa7882172@group-F1A982B19A43-SegmentedRaftLogWorker for RaftStorage:Storage Directory /workdir/hadoop-ozone/integration-test/target/test-dir/MiniOzoneClusterImpl-8b6ca641-6d7f-4583-914a-a0f78aea40f0/datanode-3/data/ratis/b5a41277-d5a2-4f4a-bed7-f1a982b19a43
2019-10-09 23:42:34,810 [pool-469-thread-1] INFO  server.RaftServerConfigKeys (ConfUtils.java:logGet(43)) - raft.server.log.appender.buffer.byte-limit = 33554432 (custom)
2019-10-09 23:42:34,810 [pool-439-thread-1] INFO  server.RaftServerConfigKeys (ConfUtils.java:logGet(43)) - raft.server.log.queue.byte-limit = 2147483647 (custom)
2019-10-09 23:42:34,810 [pool-459-thread-1] INFO  server.RaftServerConfigKeys (ConfUtils.java:logGet(43)) - raft.server.log.appender.buffer.byte-limit = 33554432 (custom)
2019-10-09 23:42:34,811 [pool-439-thread-1] INFO  server.RaftServerConfigKeys (ConfUtils.java:logGet(43)) - raft.server.log.queue.element-limit = 1024 (custom)
2019-10-09 23:42:34,811 [pool-469-thread-1] INFO  server.RaftServerConfigKeys (ConfUtils.java:logGet(43)) - raft.server.log.segment.size.max = 1048576 (custom)
2019-10-09 23:42:34,811 [pool-439-thread-1] INFO  server.RaftServerConfigKeys (ConfUtils.java:logGet(43)) - raft.server.log.segment.size.max = 1048576 (custom)
2019-10-09 23:42:34,811 [pool-459-thread-1] INFO  server.RaftServerConfigKeys (ConfUtils.java:logGet(43)) - raft.server.log.segment.size.max = 1048576 (custom)
2019-10-09 23:42:34,811 [pool-439-thread-1] INFO  server.RaftServerConfigKeys (ConfUtils.java:logGet(43)) - raft.server.log.preallocated.size = 16384 (custom)
2019-10-09 23:42:34,811 [pool-469-thread-1] INFO  server.RaftServerConfigKeys (ConfUtils.java:logGet(43)) - raft.server.log.segment.cache.num.max = 2 (custom)
2019-10-09 23:42:34,811 [pool-439-thread-1] INFO  server.RaftServerConfigKeys (ConfUtils.java:logGet(43)) - raft.server.log.write.buffer.size = 33554432 (custom)
2019-10-09 23:42:34,811 [pool-459-thread-1] INFO  server.RaftServerConfigKeys (ConfUtils.java:logGet(43)) - raft.server.log.segment.cache.num.max = 2 (custom)
2019-10-09 23:42:34,811 [pool-439-thread-1] INFO  server.RaftServerConfigKeys (ConfUtils.java:logGet(43)) - raft.server.log.force.sync.num = 128 (default)
2019-10-09 23:42:34,811 [pool-469-thread-1] INFO  segmented.SegmentedRaftLogWorker (SegmentedRaftLogWorker.java:<init>(173)) - new 2fa37604-7db0-4e2a-bcef-caac287edc99@group-F1A982B19A43-SegmentedRaftLogWorker for RaftStorage:Storage Directory /workdir/hadoop-ozone/integration-test/target/test-dir/MiniOzoneClusterImpl-8b6ca641-6d7f-4583-914a-a0f78aea40f0/datanode-6/data/ratis/b5a41277-d5a2-4f4a-bed7-f1a982b19a43
2019-10-09 23:42:34,812 [pool-439-thread-1] INFO  server.RaftServerConfigKeys (ConfUtils.java:logGet(43)) - raft.server.log.statemachine.data.sync = true (default)
2019-10-09 23:42:34,812 [pool-459-thread-1] INFO  segmented.SegmentedRaftLogWorker (SegmentedRaftLogWorker.java:<init>(173)) - new 347733b7-3083-402e-906e-121f5d9a8d9c@group-F1A982B19A43-SegmentedRaftLogWorker for RaftStorage:Storage Directory /workdir/hadoop-ozone/integration-test/target/test-dir/MiniOzoneClusterImpl-8b6ca641-6d7f-4583-914a-a0f78aea40f0/datanode-5/data/ratis/b5a41277-d5a2-4f4a-bed7-f1a982b19a43
2019-10-09 23:42:34,812 [pool-439-thread-1] INFO  server.RaftServerConfigKeys (ConfUtils.java:logGet(43)) - raft.server.log.statemachine.data.sync.timeout = 10s (default)
2019-10-09 23:42:34,812 [pool-469-thread-1] INFO  server.RaftServerConfigKeys (ConfUtils.java:logGet(43)) - raft.server.log.queue.byte-limit = 2147483647 (custom)
2019-10-09 23:42:34,812 [pool-439-thread-1] INFO  server.RaftServerConfigKeys (ConfUtils.java:logGet(43)) - raft.server.log.statemachine.data.sync.timeout.retry = -1 (default)
2019-10-09 23:42:34,812 [pool-459-thread-1] INFO  server.RaftServerConfigKeys (ConfUtils.java:logGet(43)) - raft.server.log.queue.byte-limit = 2147483647 (custom)
2019-10-09 23:42:34,812 [pool-439-thread-1] INFO  server.RaftServerConfigKeys (ConfUtils.java:logGet(43)) - raft.server.log.statemachine.data.caching.enabled = true (custom)
2019-10-09 23:42:34,812 [pool-469-thread-1] INFO  server.RaftServerConfigKeys (ConfUtils.java:logGet(43)) - raft.server.log.queue.element-limit = 1024 (custom)
2019-10-09 23:42:34,812 [pool-459-thread-1] INFO  server.RaftServerConfigKeys (ConfUtils.java:logGet(43)) - raft.server.log.queue.element-limit = 1024 (custom)
2019-10-09 23:42:34,813 [pool-439-thread-1] INFO  segmented.SegmentedRaftLogWorker (SegmentedRaftLogWorker.java:lambda$new$0(128)) - 048ed862-969d-4a53-9065-988fa7882172@group-F1A982B19A43-SegmentedRaftLogWorker: flushIndex: setUnconditionally 0 -> -1
2019-10-09 23:42:34,813 [pool-469-thread-1] INFO  server.RaftServerConfigKeys (ConfUtils.java:logGet(43)) - raft.server.log.segment.size.max = 1048576 (custom)
2019-10-09 23:42:34,813 [pool-459-thread-1] INFO  server.RaftServerConfigKeys (ConfUtils.java:logGet(43)) - raft.server.log.segment.size.max = 1048576 (custom)
2019-10-09 23:42:34,813 [pool-439-thread-1] INFO  server.RaftServerConfigKeys (ConfUtils.java:logGet(43)) - raft.server.snapshot.auto.trigger.enabled = true (custom)
2019-10-09 23:42:34,813 [pool-469-thread-1] INFO  server.RaftServerConfigKeys (ConfUtils.java:logGet(43)) - raft.server.log.preallocated.size = 16384 (custom)
2019-10-09 23:42:34,813 [pool-439-thread-1] INFO  server.RaftServerConfigKeys (ConfUtils.java:logGet(43)) - raft.server.snapshot.auto.trigger.threshold = 10000 (custom)
2019-10-09 23:42:34,813 [pool-459-thread-1] INFO  server.RaftServerConfigKeys (ConfUtils.java:logGet(43)) - raft.server.log.preallocated.size = 16384 (custom)
2019-10-09 23:42:34,813 [pool-439-thread-1] INFO  server.RaftServerConfigKeys (ConfUtils.java:logGet(43)) - raft.server.snapshot.retention.file.num = 5 (custom)
2019-10-09 23:42:34,813 [pool-469-thread-1] INFO  server.RaftServerConfigKeys (ConfUtils.java:logGet(43)) - raft.server.log.write.buffer.size = 33554432 (custom)
2019-10-09 23:42:34,814 [pool-439-thread-1] INFO  server.RaftServerConfigKeys (ConfUtils.java:logGet(43)) - raft.server.retrycache.expirytime = 600000ms (custom)
2019-10-09 23:42:34,813 [pool-459-thread-1] INFO  server.RaftServerConfigKeys (ConfUtils.java:logGet(43)) - raft.server.log.write.buffer.size = 33554432 (custom)
2019-10-09 23:42:34,814 [pool-469-thread-1] INFO  server.RaftServerConfigKeys (ConfUtils.java:logGet(43)) - raft.server.log.force.sync.num = 128 (default)
2019-10-09 23:42:34,814 [pool-459-thread-1] INFO  server.RaftServerConfigKeys (ConfUtils.java:logGet(43)) - raft.server.log.force.sync.num = 128 (default)
2019-10-09 23:42:34,814 [pool-469-thread-1] INFO  server.RaftServerConfigKeys (ConfUtils.java:logGet(43)) - raft.server.log.statemachine.data.sync = true (default)
2019-10-09 23:42:34,814 [pool-459-thread-1] INFO  server.RaftServerConfigKeys (ConfUtils.java:logGet(43)) - raft.server.log.statemachine.data.sync = true (default)
2019-10-09 23:42:34,814 [pool-469-thread-1] INFO  server.RaftServerConfigKeys (ConfUtils.java:logGet(43)) - raft.server.log.statemachine.data.sync.timeout = 10s (default)
2019-10-09 23:42:34,814 [pool-459-thread-1] INFO  server.RaftServerConfigKeys (ConfUtils.java:logGet(43)) - raft.server.log.statemachine.data.sync.timeout = 10s (default)
2019-10-09 23:42:34,815 [pool-469-thread-1] INFO  server.RaftServerConfigKeys (ConfUtils.java:logGet(43)) - raft.server.log.statemachine.data.sync.timeout.retry = -1 (default)
2019-10-09 23:42:34,815 [pool-459-thread-1] INFO  server.RaftServerConfigKeys (ConfUtils.java:logGet(43)) - raft.server.log.statemachine.data.sync.timeout.retry = -1 (default)
2019-10-09 23:42:34,815 [pool-469-thread-1] INFO  server.RaftServerConfigKeys (ConfUtils.java:logGet(43)) - raft.server.log.statemachine.data.caching.enabled = true (custom)
2019-10-09 23:42:34,815 [pool-459-thread-1] INFO  server.RaftServerConfigKeys (ConfUtils.java:logGet(43)) - raft.server.log.statemachine.data.caching.enabled = true (custom)
2019-10-09 23:42:34,815 [pool-469-thread-1] INFO  segmented.SegmentedRaftLogWorker (SegmentedRaftLogWorker.java:lambda$new$0(128)) - 2fa37604-7db0-4e2a-bcef-caac287edc99@group-F1A982B19A43-SegmentedRaftLogWorker: flushIndex: setUnconditionally 0 -> -1
2019-10-09 23:42:34,815 [pool-459-thread-1] INFO  segmented.SegmentedRaftLogWorker (SegmentedRaftLogWorker.java:lambda$new$0(128)) - 347733b7-3083-402e-906e-121f5d9a8d9c@group-F1A982B19A43-SegmentedRaftLogWorker: flushIndex: setUnconditionally 0 -> -1
2019-10-09 23:42:34,815 [pool-469-thread-1] INFO  server.RaftServerConfigKeys (ConfUtils.java:logGet(43)) - raft.server.snapshot.auto.trigger.enabled = true (custom)
2019-10-09 23:42:34,816 [pool-469-thread-1] INFO  server.RaftServerConfigKeys (ConfUtils.java:logGet(43)) - raft.server.snapshot.auto.trigger.threshold = 10000 (custom)
2019-10-09 23:42:34,816 [pool-439-thread-1] INFO  impl.RaftServerImpl (RaftServerImpl.java:start(181)) - 048ed862-969d-4a53-9065-988fa7882172@group-F1A982B19A43: start as a follower, conf=-1: [347733b7-3083-402e-906e-121f5d9a8d9c:192.168.151.98:34194, 2fa37604-7db0-4e2a-bcef-caac287edc99:192.168.151.98:43506, 048ed862-969d-4a53-9065-988fa7882172:192.168.151.98:42040], old=null
2019-10-09 23:42:34,816 [pool-459-thread-1] INFO  server.RaftServerConfigKeys (ConfUtils.java:logGet(43)) - raft.server.snapshot.auto.trigger.enabled = true (custom)
2019-10-09 23:42:34,816 [pool-469-thread-1] INFO  server.RaftServerConfigKeys (ConfUtils.java:logGet(43)) - raft.server.snapshot.retention.file.num = 5 (custom)
2019-10-09 23:42:34,816 [pool-459-thread-1] INFO  server.RaftServerConfigKeys (ConfUtils.java:logGet(43)) - raft.server.snapshot.auto.trigger.threshold = 10000 (custom)
2019-10-09 23:42:34,816 [pool-439-thread-1] INFO  impl.RaftServerImpl (RaftServerImpl.java:setRole(170)) - 048ed862-969d-4a53-9065-988fa7882172@group-F1A982B19A43: changes role from      null to FOLLOWER at term 0 for startAsFollower
2019-10-09 23:42:34,816 [pool-459-thread-1] INFO  server.RaftServerConfigKeys (ConfUtils.java:logGet(43)) - raft.server.snapshot.retention.file.num = 5 (custom)
2019-10-09 23:42:34,816 [pool-469-thread-1] INFO  server.RaftServerConfigKeys (ConfUtils.java:logGet(43)) - raft.server.retrycache.expirytime = 600000ms (custom)
2019-10-09 23:42:34,816 [pool-459-thread-1] INFO  server.RaftServerConfigKeys (ConfUtils.java:logGet(43)) - raft.server.retrycache.expirytime = 600000ms (custom)
2019-10-09 23:42:34,816 [pool-439-thread-1] INFO  impl.RoleInfo (RoleInfo.java:updateAndGet(143)) - 048ed862-969d-4a53-9065-988fa7882172: start FollowerState
2019-10-09 23:42:34,817 [pool-439-thread-1] INFO  util.JmxRegister (JmxRegister.java:tryRegister(44)) - Successfully registered JMX Bean with object name Ratis:service=RaftServer,group=group-F1A982B19A43,id=048ed862-969d-4a53-9065-988fa7882172
2019-10-09 23:42:34,819 [pool-469-thread-1] INFO  impl.RaftServerImpl (RaftServerImpl.java:start(181)) - 2fa37604-7db0-4e2a-bcef-caac287edc99@group-F1A982B19A43: start as a follower, conf=-1: [347733b7-3083-402e-906e-121f5d9a8d9c:192.168.151.98:34194, 2fa37604-7db0-4e2a-bcef-caac287edc99:192.168.151.98:43506, 048ed862-969d-4a53-9065-988fa7882172:192.168.151.98:42040], old=null
2019-10-09 23:42:34,819 [pool-469-thread-1] INFO  impl.RaftServerImpl (RaftServerImpl.java:setRole(170)) - 2fa37604-7db0-4e2a-bcef-caac287edc99@group-F1A982B19A43: changes role from      null to FOLLOWER at term 0 for startAsFollower
2019-10-09 23:42:34,819 [pool-469-thread-1] INFO  impl.RoleInfo (RoleInfo.java:updateAndGet(143)) - 2fa37604-7db0-4e2a-bcef-caac287edc99: start FollowerState
2019-10-09 23:42:34,819 [pool-469-thread-1] INFO  util.JmxRegister (JmxRegister.java:tryRegister(44)) - Successfully registered JMX Bean with object name Ratis:service=RaftServer,group=group-F1A982B19A43,id=2fa37604-7db0-4e2a-bcef-caac287edc99
2019-10-09 23:42:34,820 [pool-459-thread-1] INFO  impl.RaftServerImpl (RaftServerImpl.java:start(181)) - 347733b7-3083-402e-906e-121f5d9a8d9c@group-F1A982B19A43: start as a follower, conf=-1: [347733b7-3083-402e-906e-121f5d9a8d9c:192.168.151.98:34194, 2fa37604-7db0-4e2a-bcef-caac287edc99:192.168.151.98:43506, 048ed862-969d-4a53-9065-988fa7882172:192.168.151.98:42040], old=null
2019-10-09 23:42:34,820 [pool-459-thread-1] INFO  impl.RaftServerImpl (RaftServerImpl.java:setRole(170)) - 347733b7-3083-402e-906e-121f5d9a8d9c@group-F1A982B19A43: changes role from      null to FOLLOWER at term 0 for startAsFollower
2019-10-09 23:42:34,820 [pool-459-thread-1] INFO  impl.RoleInfo (RoleInfo.java:updateAndGet(143)) - 347733b7-3083-402e-906e-121f5d9a8d9c: start FollowerState
2019-10-09 23:42:34,821 [pool-459-thread-1] INFO  util.JmxRegister (JmxRegister.java:tryRegister(44)) - Successfully registered JMX Bean with object name Ratis:service=RaftServer,group=group-F1A982B19A43,id=347733b7-3083-402e-906e-121f5d9a8d9c
2019-10-09 23:42:34,824 [IPC Server handler 8 on 42356] INFO  pipeline.PipelineStateManager (PipelineStateManager.java:addPipeline(56)) - Created pipeline Pipeline[ Id: b5a41277-d5a2-4f4a-bed7-f1a982b19a43, Nodes: 048ed862-969d-4a53-9065-988fa7882172{ip: 192.168.151.98, host: pr-hdds-2194-ks6jj-815731239, networkLocation: /default-rack, certSerialId: null}2fa37604-7db0-4e2a-bcef-caac287edc99{ip: 192.168.151.98, host: pr-hdds-2194-ks6jj-815731239, networkLocation: /default-rack, certSerialId: null}347733b7-3083-402e-906e-121f5d9a8d9c{ip: 192.168.151.98, host: pr-hdds-2194-ks6jj-815731239, networkLocation: /default-rack, certSerialId: null}, Type:RATIS, Factor:THREE, State:OPEN]
2019-10-09 23:42:36,896 [grpc-default-executor-4] WARN  server.GrpcLogAppender (LogUtils.java:warn(134)) - 2fa37604-7db0-4e2a-bcef-caac287edc99@group-6E1002E0E66A->db0f9e5f-40c7-432b-82eb-2896485fae3f-AppendLogResponseHandler: Failed appendEntries: org.apache.ratis.thirdparty.io.grpc.StatusRuntimeException: UNAVAILABLE: io exception
2019-10-09 23:42:36,897 [grpc-default-executor-4] INFO  impl.FollowerInfo (FollowerInfo.java:lambda$new$0(51)) - 2fa37604-7db0-4e2a-bcef-caac287edc99@group-6E1002E0E66A->db0f9e5f-40c7-432b-82eb-2896485fae3f: nextIndex: updateUnconditionally 0 -> 0
2019-10-09 23:42:39,397 [grpc-default-executor-4] WARN  server.GrpcLogAppender (LogUtils.java:warn(134)) - 2fa37604-7db0-4e2a-bcef-caac287edc99@group-6E1002E0E66A->db0f9e5f-40c7-432b-82eb-2896485fae3f-AppendLogResponseHandler: Failed appendEntries: org.apache.ratis.thirdparty.io.grpc.StatusRuntimeException: UNAVAILABLE: io exception
2019-10-09 23:42:39,398 [grpc-default-executor-4] INFO  impl.FollowerInfo (FollowerInfo.java:lambda$new$0(51)) - 2fa37604-7db0-4e2a-bcef-caac287edc99@group-6E1002E0E66A->db0f9e5f-40c7-432b-82eb-2896485fae3f: nextIndex: updateUnconditionally 0 -> 0
2019-10-09 23:42:39,827 [Thread-3344] INFO  impl.FollowerState (FollowerState.java:run(108)) - 048ed862-969d-4a53-9065-988fa7882172@group-F1A982B19A43-FollowerState: change to CANDIDATE, lastRpcTime:5010ms, electionTimeout:5010ms
2019-10-09 23:42:39,833 [Thread-3344] INFO  impl.RoleInfo (RoleInfo.java:shutdownFollowerState(121)) - 048ed862-969d-4a53-9065-988fa7882172: shutdown FollowerState
2019-10-09 23:42:39,833 [Thread-3344] INFO  impl.RaftServerImpl (RaftServerImpl.java:setRole(170)) - 048ed862-969d-4a53-9065-988fa7882172@group-F1A982B19A43: changes role from  FOLLOWER to CANDIDATE at term 0 for changeToCandidate
2019-10-09 23:42:39,833 [Thread-3344] INFO  impl.RoleInfo (RoleInfo.java:updateAndGet(143)) - 048ed862-969d-4a53-9065-988fa7882172: start LeaderElection
2019-10-09 23:42:39,887 [048ed862-969d-4a53-9065-988fa7882172@group-F1A982B19A43-LeaderElection88] INFO  impl.LeaderElection (LeaderElection.java:askForVotes(178)) - 048ed862-969d-4a53-9065-988fa7882172@group-F1A982B19A43-LeaderElection88: begin an election at term 1 for -1: [347733b7-3083-402e-906e-121f5d9a8d9c:192.168.151.98:34194, 2fa37604-7db0-4e2a-bcef-caac287edc99:192.168.151.98:43506, 048ed862-969d-4a53-9065-988fa7882172:192.168.151.98:42040], old=null
2019-10-09 23:42:39,900 [grpc-default-executor-4] INFO  impl.RaftServerImpl (RaftServerImpl.java:setRole(170)) - 2fa37604-7db0-4e2a-bcef-caac287edc99@group-F1A982B19A43: changes role from  FOLLOWER to FOLLOWER at term 1 for recognizeCandidate:048ed862-969d-4a53-9065-988fa7882172
2019-10-09 23:42:39,900 [grpc-default-executor-9] INFO  impl.RaftServerImpl (RaftServerImpl.java:setRole(170)) - 347733b7-3083-402e-906e-121f5d9a8d9c@group-F1A982B19A43: changes role from  FOLLOWER to FOLLOWER at term 1 for recognizeCandidate:048ed862-969d-4a53-9065-988fa7882172
2019-10-09 23:42:39,900 [grpc-default-executor-9] INFO  impl.RoleInfo (RoleInfo.java:shutdownFollowerState(121)) - 347733b7-3083-402e-906e-121f5d9a8d9c: shutdown FollowerState
2019-10-09 23:42:39,900 [grpc-default-executor-4] INFO  impl.RoleInfo (RoleInfo.java:shutdownFollowerState(121)) - 2fa37604-7db0-4e2a-bcef-caac287edc99: shutdown FollowerState
2019-10-09 23:42:39,901 [Thread-3347] INFO  impl.FollowerState (FollowerState.java:run(117)) - 347733b7-3083-402e-906e-121f5d9a8d9c@group-F1A982B19A43-FollowerState was interrupted: java.lang.InterruptedException: sleep interrupted
2019-10-09 23:42:39,901 [grpc-default-executor-9] INFO  impl.RoleInfo (RoleInfo.java:updateAndGet(143)) - 347733b7-3083-402e-906e-121f5d9a8d9c: start FollowerState
2019-10-09 23:42:39,914 [Thread-3346] INFO  impl.FollowerState (FollowerState.java:run(117)) - 2fa37604-7db0-4e2a-bcef-caac287edc99@group-F1A982B19A43-FollowerState was interrupted: java.lang.InterruptedException: sleep interrupted
2019-10-09 23:42:39,901 [grpc-default-executor-4] INFO  impl.RoleInfo (RoleInfo.java:updateAndGet(143)) - 2fa37604-7db0-4e2a-bcef-caac287edc99: start FollowerState
2019-10-09 23:42:39,921 [048ed862-969d-4a53-9065-988fa7882172@group-F1A982B19A43-LeaderElection88] INFO  impl.LeaderElection (LeaderElection.java:logAndReturn(56)) - 048ed862-969d-4a53-9065-988fa7882172@group-F1A982B19A43-LeaderElection88: Election PASSED; received 1 response(s) [048ed862-969d-4a53-9065-988fa7882172<-2fa37604-7db0-4e2a-bcef-caac287edc99#0:OK-t1] and 0 exception(s); 048ed862-969d-4a53-9065-988fa7882172@group-F1A982B19A43:t1, leader=null, voted=048ed862-969d-4a53-9065-988fa7882172, raftlog=048ed862-969d-4a53-9065-988fa7882172@group-F1A982B19A43-SegmentedRaftLog:OPENED:c-1,f-1,i0, conf=-1: [347733b7-3083-402e-906e-121f5d9a8d9c:192.168.151.98:34194, 2fa37604-7db0-4e2a-bcef-caac287edc99:192.168.151.98:43506, 048ed862-969d-4a53-9065-988fa7882172:192.168.151.98:42040], old=null
2019-10-09 23:42:39,922 [048ed862-969d-4a53-9065-988fa7882172@group-F1A982B19A43-LeaderElection88] INFO  impl.RoleInfo (RoleInfo.java:shutdownLeaderElection(134)) - 048ed862-969d-4a53-9065-988fa7882172: shutdown LeaderElection
2019-10-09 23:42:39,922 [048ed862-969d-4a53-9065-988fa7882172@group-F1A982B19A43-LeaderElection88] INFO  impl.RaftServerImpl (RaftServerImpl.java:setRole(170)) - 048ed862-969d-4a53-9065-988fa7882172@group-F1A982B19A43: changes role from CANDIDATE to LEADER at term 1 for changeToLeader
2019-10-09 23:42:39,922 [048ed862-969d-4a53-9065-988fa7882172@group-F1A982B19A43-LeaderElection88] INFO  impl.RaftServerImpl (ServerState.java:setLeader(255)) - 048ed862-969d-4a53-9065-988fa7882172@group-F1A982B19A43: change Leader from null to 048ed862-969d-4a53-9065-988fa7882172 at term 1 for becomeLeader, leader elected after 5112ms
2019-10-09 23:42:39,922 [048ed862-969d-4a53-9065-988fa7882172@group-F1A982B19A43-LeaderElection88] INFO  server.RaftServerConfigKeys (ConfUtils.java:logGet(43)) - raft.server.staging.catchup.gap = 1000 (default)
2019-10-09 23:42:39,922 [048ed862-969d-4a53-9065-988fa7882172@group-F1A982B19A43-LeaderElection88] INFO  server.RaftServerConfigKeys (ConfUtils.java:logGet(43)) - raft.server.rpc.sleep.time = 25ms (default)
2019-10-09 23:42:39,922 [048ed862-969d-4a53-9065-988fa7882172@group-F1A982B19A43-LeaderElection88] INFO  server.RaftServerConfigKeys (ConfUtils.java:logGet(43)) - raft.server.write.element-limit = 4096 (default)
2019-10-09 23:42:39,923 [048ed862-969d-4a53-9065-988fa7882172@group-F1A982B19A43-LeaderElection88] INFO  server.RaftServerConfigKeys (ConfUtils.java:logGet(43)) - raft.server.watch.timeout = 10s (default)
2019-10-09 23:42:39,923 [048ed862-969d-4a53-9065-988fa7882172@group-F1A982B19A43-LeaderElection88] INFO  server.RaftServerConfigKeys (ConfUtils.java:logGet(43)) - raft.server.watch.timeout.denomination = 1s (default)
2019-10-09 23:42:39,923 [048ed862-969d-4a53-9065-988fa7882172@group-F1A982B19A43-LeaderElection88] INFO  server.RaftServerConfigKeys (ConfUtils.java:logGet(43)) - raft.server.watch.element-limit = 65536 (default)
2019-10-09 23:42:39,925 [048ed862-969d-4a53-9065-988fa7882172@group-F1A982B19A43-LeaderElection88] INFO  server.RaftServerConfigKeys (ConfUtils.java:logGet(43)) - raft.server.log.appender.snapshot.chunk.size.max = 16MB (=16777216) (default)
2019-10-09 23:42:39,926 [048ed862-969d-4a53-9065-988fa7882172@group-F1A982B19A43-LeaderElection88] INFO  server.RaftServerConfigKeys (ConfUtils.java:logGet(43)) - raft.server.log.appender.buffer.byte-limit = 33554432 (custom)
2019-10-09 23:42:39,926 [048ed862-969d-4a53-9065-988fa7882172@group-F1A982B19A43-LeaderElection88] INFO  server.RaftServerConfigKeys (ConfUtils.java:logGet(43)) - raft.server.log.appender.buffer.element-limit = 1 (custom)
2019-10-09 23:42:39,926 [048ed862-969d-4a53-9065-988fa7882172@group-F1A982B19A43-LeaderElection88] INFO  grpc.GrpcConfigKeys$Server (ConfUtils.java:logGet(43)) - raft.grpc.server.leader.outstanding.appends.max = 128 (default)
2019-10-09 23:42:39,926 [048ed862-969d-4a53-9065-988fa7882172@group-F1A982B19A43-LeaderElection88] INFO  server.RaftServerConfigKeys (ConfUtils.java:logGet(43)) - raft.server.rpc.request.timeout = 3000ms (default)
2019-10-09 23:42:39,926 [048ed862-969d-4a53-9065-988fa7882172@group-F1A982B19A43-LeaderElection88] INFO  server.RaftServerConfigKeys (ConfUtils.java:logGet(43)) - raft.server.log.appender.install.snapshot.enabled = false (custom)
2019-10-09 23:42:39,926 [048ed862-969d-4a53-9065-988fa7882172@group-F1A982B19A43-LeaderElection88] INFO  server.RaftServerConfigKeys (ConfUtils.java:logGet(43)) - raft.server.log.appender.snapshot.chunk.size.max = 16MB (=16777216) (default)
2019-10-09 23:42:39,927 [048ed862-969d-4a53-9065-988fa7882172@group-F1A982B19A43-LeaderElection88] INFO  server.RaftServerConfigKeys (ConfUtils.java:logGet(43)) - raft.server.log.appender.buffer.byte-limit = 33554432 (custom)
2019-10-09 23:42:39,927 [048ed862-969d-4a53-9065-988fa7882172@group-F1A982B19A43-LeaderElection88] INFO  server.RaftServerConfigKeys (ConfUtils.java:logGet(43)) - raft.server.log.appender.buffer.element-limit = 1 (custom)
2019-10-09 23:42:39,927 [048ed862-969d-4a53-9065-988fa7882172@group-F1A982B19A43-LeaderElection88] INFO  grpc.GrpcConfigKeys$Server (ConfUtils.java:logGet(43)) - raft.grpc.server.leader.outstanding.appends.max = 128 (default)
2019-10-09 23:42:39,927 [048ed862-969d-4a53-9065-988fa7882172@group-F1A982B19A43-LeaderElection88] INFO  server.RaftServerConfigKeys (ConfUtils.java:logGet(43)) - raft.server.rpc.request.timeout = 3000ms (default)
2019-10-09 23:42:39,927 [048ed862-969d-4a53-9065-988fa7882172@group-F1A982B19A43-LeaderElection88] INFO  server.RaftServerConfigKeys (ConfUtils.java:logGet(43)) - raft.server.log.appender.install.snapshot.enabled = false (custom)
2019-10-09 23:42:39,927 [048ed862-969d-4a53-9065-988fa7882172@group-F1A982B19A43-LeaderElection88] INFO  impl.RoleInfo (RoleInfo.java:updateAndGet(143)) - 048ed862-969d-4a53-9065-988fa7882172: start LeaderState
2019-10-09 23:42:39,928 [048ed862-969d-4a53-9065-988fa7882172@group-F1A982B19A43-LeaderElection88] INFO  segmented.SegmentedRaftLogWorker (SegmentedRaftLogWorker.java:startLogSegment(385)) - 048ed862-969d-4a53-9065-988fa7882172@group-F1A982B19A43-SegmentedRaftLogWorker: Starting segment from index:0
2019-10-09 23:42:39,929 [048ed862-969d-4a53-9065-988fa7882172@group-F1A982B19A43-LeaderElection88] INFO  impl.RaftServerImpl (ServerState.java:setRaftConf(356)) - 048ed862-969d-4a53-9065-988fa7882172@group-F1A982B19A43: set configuration 0: [347733b7-3083-402e-906e-121f5d9a8d9c:192.168.151.98:34194, 2fa37604-7db0-4e2a-bcef-caac287edc99:192.168.151.98:43506, 048ed862-969d-4a53-9065-988fa7882172:192.168.151.98:42040], old=null at 0
2019-10-09 23:42:39,957 [048ed862-969d-4a53-9065-988fa7882172@group-F1A982B19A43-SegmentedRaftLogWorker] INFO  segmented.SegmentedRaftLogWorker (SegmentedRaftLogWorker.java:execute(574)) - 048ed862-969d-4a53-9065-988fa7882172@group-F1A982B19A43-SegmentedRaftLogWorker: created new log segment /workdir/hadoop-ozone/integration-test/target/test-dir/MiniOzoneClusterImpl-8b6ca641-6d7f-4583-914a-a0f78aea40f0/datanode-3/data/ratis/b5a41277-d5a2-4f4a-bed7-f1a982b19a43/current/log_inprogress_0
2019-10-09 23:42:39,960 [grpc-default-executor-4] INFO  impl.RaftServerImpl (ServerState.java:setLeader(255)) - 347733b7-3083-402e-906e-121f5d9a8d9c@group-F1A982B19A43: change Leader from null to 048ed862-969d-4a53-9065-988fa7882172 at term 1 for appendEntries, leader elected after 5150ms
2019-10-09 23:42:39,958 [grpc-default-executor-9] INFO  impl.RaftServerImpl (ServerState.java:setLeader(255)) - 2fa37604-7db0-4e2a-bcef-caac287edc99@group-F1A982B19A43: change Leader from null to 048ed862-969d-4a53-9065-988fa7882172 at term 1 for appendEntries, leader elected after 5149ms
2019-10-09 23:42:39,963 [grpc-default-executor-4] INFO  impl.RaftServerImpl (ServerState.java:setRaftConf(356)) - 347733b7-3083-402e-906e-121f5d9a8d9c@group-F1A982B19A43: set configuration 0: [347733b7-3083-402e-906e-121f5d9a8d9c:192.168.151.98:34194, 2fa37604-7db0-4e2a-bcef-caac287edc99:192.168.151.98:43506, 048ed862-969d-4a53-9065-988fa7882172:192.168.151.98:42040], old=null at 0
2019-10-09 23:42:39,963 [grpc-default-executor-9] INFO  impl.RaftServerImpl (ServerState.java:setRaftConf(356)) - 2fa37604-7db0-4e2a-bcef-caac287edc99@group-F1A982B19A43: set configuration 0: [347733b7-3083-402e-906e-121f5d9a8d9c:192.168.151.98:34194, 2fa37604-7db0-4e2a-bcef-caac287edc99:192.168.151.98:43506, 048ed862-969d-4a53-9065-988fa7882172:192.168.151.98:42040], old=null at 0
2019-10-09 23:42:39,963 [grpc-default-executor-4] INFO  segmented.SegmentedRaftLogWorker (SegmentedRaftLogWorker.java:startLogSegment(385)) - 347733b7-3083-402e-906e-121f5d9a8d9c@group-F1A982B19A43-SegmentedRaftLogWorker: Starting segment from index:0
2019-10-09 23:42:39,963 [grpc-default-executor-9] INFO  segmented.SegmentedRaftLogWorker (SegmentedRaftLogWorker.java:startLogSegment(385)) - 2fa37604-7db0-4e2a-bcef-caac287edc99@group-F1A982B19A43-SegmentedRaftLogWorker: Starting segment from index:0
2019-10-09 23:42:40,000 [347733b7-3083-402e-906e-121f5d9a8d9c@group-F1A982B19A43-SegmentedRaftLogWorker] INFO  segmented.SegmentedRaftLogWorker (SegmentedRaftLogWorker.java:execute(574)) - 347733b7-3083-402e-906e-121f5d9a8d9c@group-F1A982B19A43-SegmentedRaftLogWorker: created new log segment /workdir/hadoop-ozone/integration-test/target/test-dir/MiniOzoneClusterImpl-8b6ca641-6d7f-4583-914a-a0f78aea40f0/datanode-5/data/ratis/b5a41277-d5a2-4f4a-bed7-f1a982b19a43/current/log_inprogress_0
2019-10-09 23:42:40,003 [2fa37604-7db0-4e2a-bcef-caac287edc99@group-F1A982B19A43-SegmentedRaftLogWorker] INFO  segmented.SegmentedRaftLogWorker (SegmentedRaftLogWorker.java:execute(574)) - 2fa37604-7db0-4e2a-bcef-caac287edc99@group-F1A982B19A43-SegmentedRaftLogWorker: created new log segment /workdir/hadoop-ozone/integration-test/target/test-dir/MiniOzoneClusterImpl-8b6ca641-6d7f-4583-914a-a0f78aea40f0/datanode-6/data/ratis/b5a41277-d5a2-4f4a-bed7-f1a982b19a43/current/log_inprogress_0
2019-10-09 23:42:41,139 [main] INFO  ozone.MiniOzoneClusterImpl (MiniOzoneClusterImpl.java:shutdown(314)) - Shutting down the Mini Ozone Cluster
2019-10-09 23:42:41,139 [main] INFO  ozone.MiniOzoneClusterImpl (MiniOzoneClusterImpl.java:stop(330)) - Stopping the Mini Ozone Cluster
2019-10-09 23:42:41,140 [main] INFO  ozone.MiniOzoneClusterImpl (MiniOzoneClusterImpl.java:stopOM(400)) - Stopping the OzoneManager
2019-10-09 23:42:41,140 [main] INFO  ipc.Server (Server.java:stop(3082)) - Stopping server on 34647
2019-10-09 23:42:41,152 [IPC Server listener on 34647] INFO  ipc.Server (Server.java:run(1185)) - Stopping IPC Server listener on 34647
2019-10-09 23:42:41,164 [main] INFO  ratis.OzoneManagerDoubleBuffer (OzoneManagerDoubleBuffer.java:stop(248)) - Stopping OMDoubleBuffer flush thread
2019-10-09 23:42:41,164 [IPC Server Responder] INFO  ipc.Server (Server.java:run(1319)) - Stopping IPC Server Responder
2019-10-09 23:42:41,164 [OMDoubleBufferFlushThread] INFO  ratis.OzoneManagerDoubleBuffer (OzoneManagerDoubleBuffer.java:flushTransactions(191)) - OMDoubleBuffer flush thread OMDoubleBufferFlushThread is interrupted and will exit. OMDoubleBufferFlushThread
2019-10-09 23:42:41,164 [main] INFO  utils.BackgroundService (BackgroundService.java:shutdown(151)) - Shutting down service KeyDeletingService
2019-10-09 23:42:41,166 [main] INFO  handler.ContextHandler (ContextHandler.java:doStop(910)) - Stopped o.e.j.w.WebAppContext@430df350{/,null,UNAVAILABLE}{/ozoneManager}
2019-10-09 23:42:41,167 [main] INFO  server.AbstractConnector (AbstractConnector.java:doStop(318)) - Stopped ServerConnector@1373e3ee{HTTP/1.1,[http/1.1]}{0.0.0.0:0}
2019-10-09 23:42:41,167 [main] INFO  handler.ContextHandler (ContextHandler.java:doStop(910)) - Stopped o.e.j.s.ServletContextHandler@36478bce{/static,file:///workdir/hadoop-ozone/integration-test/target/test-classes/webapps/static,UNAVAILABLE}
2019-10-09 23:42:41,168 [main] INFO  handler.ContextHandler (ContextHandler.java:doStop(910)) - Stopped o.e.j.s.ServletContextHandler@58d4238e{/logs,file:///workdir/hadoop-ozone/integration-test/target/log,UNAVAILABLE}
2019-10-09 23:42:41,170 [main] INFO  ozone.MiniOzoneClusterImpl (MiniOzoneClusterImpl.java:stopDatanodes(377)) - Stopping the HddsDatanodes
2019-10-09 23:42:41,507 [Datanode State Machine Thread - 0] INFO  statemachine.DatanodeStateMachine (DatanodeStateMachine.java:lambda$startDaemon$0(350)) - Ozone container server started.
2019-10-09 23:42:41,898 [grpc-default-executor-9] WARN  server.GrpcLogAppender (LogUtils.java:warn(134)) - 2fa37604-7db0-4e2a-bcef-caac287edc99@group-6E1002E0E66A->db0f9e5f-40c7-432b-82eb-2896485fae3f-AppendLogResponseHandler: Failed appendEntries: org.apache.ratis.thirdparty.io.grpc.StatusRuntimeException: UNAVAILABLE: io exception
2019-10-09 23:42:41,898 [grpc-default-executor-9] INFO  impl.FollowerInfo (FollowerInfo.java:lambda$new$0(51)) - 2fa37604-7db0-4e2a-bcef-caac287edc99@group-6E1002E0E66A->db0f9e5f-40c7-432b-82eb-2896485fae3f: nextIndex: updateUnconditionally 0 -> 0
2019-10-09 23:42:42,060 [Datanode State Machine Thread - 0] INFO  statemachine.DatanodeStateMachine (DatanodeStateMachine.java:lambda$startDaemon$0(350)) - Ozone container server started.
2019-10-09 23:42:44,398 [grpc-default-executor-11] WARN  server.GrpcLogAppender (LogUtils.java:warn(134)) - 2fa37604-7db0-4e2a-bcef-caac287edc99@group-6E1002E0E66A->db0f9e5f-40c7-432b-82eb-2896485fae3f-AppendLogResponseHandler: Failed appendEntries: org.apache.ratis.thirdparty.io.grpc.StatusRuntimeException: UNAVAILABLE: io exception
2019-10-09 23:42:44,398 [grpc-default-executor-11] INFO  impl.FollowerInfo (FollowerInfo.java:lambda$new$0(51)) - 2fa37604-7db0-4e2a-bcef-caac287edc99@group-6E1002E0E66A->db0f9e5f-40c7-432b-82eb-2896485fae3f: nextIndex: updateUnconditionally 0 -> 0
2019-10-09 23:42:45,524 [EventQueue-StaleNodeForStaleNodeHandler] INFO  node.StaleNodeHandler (StaleNodeHandler.java:onMessage(58)) - Datanode 8b64e72b-f692-4da6-8701-d8357aa19361{ip: 192.168.151.98, host: pr-hdds-2194-ks6jj-815731239, networkLocation: /default-rack, certSerialId: null} moved to stale state. Finalizing its pipelines [PipelineID=6f9c2e72-b008-456c-9bef-6d0431870ca1, PipelineID=98701677-2582-4086-a233-8c33bfa2bbe8]
2019-10-09 23:42:45,524 [EventQueue-StaleNodeForStaleNodeHandler] INFO  pipeline.SCMPipelineManager (SCMPipelineManager.java:finalizeAndDestroyPipeline(315)) - destroying pipeline:Pipeline[ Id: 6f9c2e72-b008-456c-9bef-6d0431870ca1, Nodes: 8b64e72b-f692-4da6-8701-d8357aa19361{ip: 192.168.151.98, host: pr-hdds-2194-ks6jj-815731239, networkLocation: /default-rack, certSerialId: null}, Type:RATIS, Factor:ONE, State:OPEN]
2019-10-09 23:42:45,525 [EventQueue-StaleNodeForStaleNodeHandler] INFO  pipeline.PipelineStateManager (PipelineStateManager.java:finalizePipeline(123)) - Pipeline Pipeline[ Id: 6f9c2e72-b008-456c-9bef-6d0431870ca1, Nodes: 8b64e72b-f692-4da6-8701-d8357aa19361{ip: 192.168.151.98, host: pr-hdds-2194-ks6jj-815731239, networkLocation: /default-rack, certSerialId: null}, Type:RATIS, Factor:ONE, State:CLOSED] moved to CLOSED state
2019-10-09 23:42:45,525 [EventQueue-StaleNodeForStaleNodeHandler] INFO  pipeline.SCMPipelineManager (SCMPipelineManager.java:finalizeAndDestroyPipeline(315)) - destroying pipeline:Pipeline[ Id: 98701677-2582-4086-a233-8c33bfa2bbe8, Nodes: d136ae8b-688f-4f7c-93b0-c5cb447f1571{ip: 192.168.151.98, host: pr-hdds-2194-ks6jj-815731239, networkLocation: /default-rack, certSerialId: null}9aa4720c-4ff1-4461-88d1-1a3f7075fdcd{ip: 192.168.151.98, host: pr-hdds-2194-ks6jj-815731239, networkLocation: /default-rack, certSerialId: null}8b64e72b-f692-4da6-8701-d8357aa19361{ip: 192.168.151.98, host: pr-hdds-2194-ks6jj-815731239, networkLocation: /default-rack, certSerialId: null}, Type:RATIS, Factor:THREE, State:OPEN]
2019-10-09 23:42:45,526 [EventQueue-StaleNodeForStaleNodeHandler] INFO  pipeline.PipelineStateManager (PipelineStateManager.java:finalizePipeline(123)) - Pipeline Pipeline[ Id: 98701677-2582-4086-a233-8c33bfa2bbe8, Nodes: d136ae8b-688f-4f7c-93b0-c5cb447f1571{ip: 192.168.151.98, host: pr-hdds-2194-ks6jj-815731239, networkLocation: /default-rack, certSerialId: null}9aa4720c-4ff1-4461-88d1-1a3f7075fdcd{ip: 192.168.151.98, host: pr-hdds-2194-ks6jj-815731239, networkLocation: /default-rack, certSerialId: null}8b64e72b-f692-4da6-8701-d8357aa19361{ip: 192.168.151.98, host: pr-hdds-2194-ks6jj-815731239, networkLocation: /default-rack, certSerialId: null}, Type:RATIS, Factor:THREE, State:CLOSED] moved to CLOSED state
2019-10-09 23:42:45,526 [EventQueue-CloseContainerForCloseContainerEventHandler] INFO  container.CloseContainerEventHandler (CloseContainerEventHandler.java:onMessage(61)) - Close container Event triggered for container : #2
2019-10-09 23:42:46,124 [EventQueue-StaleNodeForStaleNodeHandler] INFO  node.StaleNodeHandler (StaleNodeHandler.java:onMessage(58)) - Datanode 048ed862-969d-4a53-9065-988fa7882172{ip: 192.168.151.98, host: pr-hdds-2194-ks6jj-815731239, networkLocation: /default-rack, certSerialId: null} moved to stale state. Finalizing its pipelines [PipelineID=6f04489f-b261-455d-b982-a1e3cc2534d4, PipelineID=b5a41277-d5a2-4f4a-bed7-f1a982b19a43, PipelineID=e154a239-4471-404e-a663-6e1002e0e66a]
2019-10-09 23:42:46,127 [EventQueue-StaleNodeForStaleNodeHandler] INFO  pipeline.SCMPipelineManager (SCMPipelineManager.java:finalizeAndDestroyPipeline(315)) - destroying pipeline:Pipeline[ Id: 6f04489f-b261-455d-b982-a1e3cc2534d4, Nodes: 048ed862-969d-4a53-9065-988fa7882172{ip: 192.168.151.98, host: pr-hdds-2194-ks6jj-815731239, networkLocation: /default-rack, certSerialId: null}, Type:RATIS, Factor:ONE, State:OPEN]
2019-10-09 23:42:46,127 [EventQueue-StaleNodeForStaleNodeHandler] INFO  pipeline.PipelineStateManager (PipelineStateManager.java:finalizePipeline(123)) - Pipeline Pipeline[ Id: 6f04489f-b261-455d-b982-a1e3cc2534d4, Nodes: 048ed862-969d-4a53-9065-988fa7882172{ip: 192.168.151.98, host: pr-hdds-2194-ks6jj-815731239, networkLocation: /default-rack, certSerialId: null}, Type:RATIS, Factor:ONE, State:CLOSED] moved to CLOSED state
2019-10-09 23:42:46,128 [EventQueue-StaleNodeForStaleNodeHandler] INFO  pipeline.SCMPipelineManager (SCMPipelineManager.java:finalizeAndDestroyPipeline(315)) - destroying pipeline:Pipeline[ Id: b5a41277-d5a2-4f4a-bed7-f1a982b19a43, Nodes: 048ed862-969d-4a53-9065-988fa7882172{ip: 192.168.151.98, host: pr-hdds-2194-ks6jj-815731239, networkLocation: /default-rack, certSerialId: null}2fa37604-7db0-4e2a-bcef-caac287edc99{ip: 192.168.151.98, host: pr-hdds-2194-ks6jj-815731239, networkLocation: /default-rack, certSerialId: null}347733b7-3083-402e-906e-121f5d9a8d9c{ip: 192.168.151.98, host: pr-hdds-2194-ks6jj-815731239, networkLocation: /default-rack, certSerialId: null}, Type:RATIS, Factor:THREE, State:OPEN]
2019-10-09 23:42:46,128 [EventQueue-StaleNodeForStaleNodeHandler] INFO  pipeline.PipelineStateManager (PipelineStateManager.java:finalizePipeline(123)) - Pipeline Pipeline[ Id: b5a41277-d5a2-4f4a-bed7-f1a982b19a43, Nodes: 048ed862-969d-4a53-9065-988fa7882172{ip: 192.168.151.98, host: pr-hdds-2194-ks6jj-815731239, networkLocation: /default-rack, certSerialId: null}2fa37604-7db0-4e2a-bcef-caac287edc99{ip: 192.168.151.98, host: pr-hdds-2194-ks6jj-815731239, networkLocation: /default-rack, certSerialId: null}347733b7-3083-402e-906e-121f5d9a8d9c{ip: 192.168.151.98, host: pr-hdds-2194-ks6jj-815731239, networkLocation: /default-rack, certSerialId: null}, Type:RATIS, Factor:THREE, State:CLOSED] moved to CLOSED state
2019-10-09 23:42:46,128 [EventQueue-CloseContainerForCloseContainerEventHandler] INFO  container.CloseContainerEventHandler (CloseContainerEventHandler.java:onMessage(61)) - Close container Event triggered for container : #3
2019-10-09 23:42:46,131 [EventQueue-StaleNodeForStaleNodeHandler] INFO  pipeline.SCMPipelineManager (SCMPipelineManager.java:finalizeAndDestroyPipeline(315)) - destroying pipeline:Pipeline[ Id: e154a239-4471-404e-a663-6e1002e0e66a, Nodes: db0f9e5f-40c7-432b-82eb-2896485fae3f{ip: 192.168.151.98, host: pr-hdds-2194-ks6jj-815731239, networkLocation: /default-rack, certSerialId: null}048ed862-969d-4a53-9065-988fa7882172{ip: 192.168.151.98, host: pr-hdds-2194-ks6jj-815731239, networkLocation: /default-rack, certSerialId: null}2fa37604-7db0-4e2a-bcef-caac287edc99{ip: 192.168.151.98, host: pr-hdds-2194-ks6jj-815731239, networkLocation: /default-rack, certSerialId: null}, Type:RATIS, Factor:THREE, State:CLOSED]
2019-10-09 23:42:46,171 [ForkJoinPool.commonPool-worker-1] INFO  ozoneimpl.OzoneContainer (OzoneContainer.java:stop(227)) - Attempting to stop container services.
2019-10-09 23:42:46,171 [main] INFO  ozoneimpl.OzoneContainer (OzoneContainer.java:stop(227)) - Attempting to stop container services.
2019-10-09 23:42:46,181 [ForkJoinPool.commonPool-worker-1] INFO  impl.RaftServerProxy (RaftServerProxy.java:lambda$close$4(314)) - 8b64e72b-f692-4da6-8701-d8357aa19361: close
2019-10-09 23:42:46,184 [main] INFO  impl.RaftServerProxy (RaftServerProxy.java:lambda$close$4(314)) - 048ed862-969d-4a53-9065-988fa7882172: close
2019-10-09 23:42:46,184 [ForkJoinPool.commonPool-worker-1] INFO  impl.RaftServerImpl (RaftServerImpl.java:lambda$shutdown$3(247)) - 8b64e72b-f692-4da6-8701-d8357aa19361@group-6D0431870CA1: shutdown
2019-10-09 23:42:46,184 [main] INFO  impl.RaftServerImpl (RaftServerImpl.java:lambda$shutdown$3(247)) - 048ed862-969d-4a53-9065-988fa7882172@group-A1E3CC2534D4: shutdown
2019-10-09 23:42:46,184 [ForkJoinPool.commonPool-worker-1] INFO  util.JmxRegister (JmxRegister.java:unregister(73)) - Successfully un-registered JMX Bean with object name Ratis:service=RaftServer,group=group-6D0431870CA1,id=8b64e72b-f692-4da6-8701-d8357aa19361
2019-10-09 23:42:46,184 [main] INFO  util.JmxRegister (JmxRegister.java:unregister(73)) - Successfully un-registered JMX Bean with object name Ratis:service=RaftServer,group=group-A1E3CC2534D4,id=048ed862-969d-4a53-9065-988fa7882172
2019-10-09 23:42:46,184 [ForkJoinPool.commonPool-worker-1] INFO  impl.RoleInfo (RoleInfo.java:shutdownLeaderState(104)) - 8b64e72b-f692-4da6-8701-d8357aa19361: shutdown LeaderState
2019-10-09 23:42:46,185 [main] INFO  impl.RoleInfo (RoleInfo.java:shutdownLeaderState(104)) - 048ed862-969d-4a53-9065-988fa7882172: shutdown LeaderState
2019-10-09 23:42:46,185 [ForkJoinPool.commonPool-worker-1] INFO  impl.PendingRequests (PendingRequests.java:sendNotLeaderResponses(202)) - 8b64e72b-f692-4da6-8701-d8357aa19361@group-6D0431870CA1-PendingRequests: sendNotLeaderResponses
2019-10-09 23:42:46,185 [main] INFO  impl.PendingRequests (PendingRequests.java:sendNotLeaderResponses(202)) - 048ed862-969d-4a53-9065-988fa7882172@group-A1E3CC2534D4-PendingRequests: sendNotLeaderResponses
2019-10-09 23:42:46,185 [ForkJoinPool.commonPool-worker-1] INFO  impl.StateMachineUpdater (StateMachineUpdater.java:stopAndJoin(136)) - 8b64e72b-f692-4da6-8701-d8357aa19361@group-6D0431870CA1-StateMachineUpdater: set stopIndex = 0
2019-10-09 23:42:46,185 [main] INFO  impl.StateMachineUpdater (StateMachineUpdater.java:stopAndJoin(136)) - 048ed862-969d-4a53-9065-988fa7882172@group-A1E3CC2534D4-StateMachineUpdater: set stopIndex = 0
2019-10-09 23:42:46,186 [ForkJoinPool.commonPool-worker-1] INFO  impl.RaftServerImpl (ServerState.java:close(387)) - 8b64e72b-f692-4da6-8701-d8357aa19361@group-6D0431870CA1: closes. applyIndex: 0
2019-10-09 23:42:46,186 [main] INFO  impl.RaftServerImpl (ServerState.java:close(387)) - 048ed862-969d-4a53-9065-988fa7882172@group-A1E3CC2534D4: closes. applyIndex: 0
2019-10-09 23:42:46,186 [8b64e72b-f692-4da6-8701-d8357aa19361@group-6D0431870CA1-SegmentedRaftLogWorker] INFO  segmented.SegmentedRaftLogWorker (SegmentedRaftLogWorker.java:run(316)) - 8b64e72b-f692-4da6-8701-d8357aa19361@group-6D0431870CA1-SegmentedRaftLogWorker was interrupted, exiting. There are 0 tasks remaining in the queue.
2019-10-09 23:42:46,186 [048ed862-969d-4a53-9065-988fa7882172@group-A1E3CC2534D4-SegmentedRaftLogWorker] INFO  segmented.SegmentedRaftLogWorker (SegmentedRaftLogWorker.java:run(316)) - 048ed862-969d-4a53-9065-988fa7882172@group-A1E3CC2534D4-SegmentedRaftLogWorker was interrupted, exiting. There are 0 tasks remaining in the queue.
2019-10-09 23:42:46,187 [main] INFO  segmented.SegmentedRaftLogWorker (SegmentedRaftLogWorker.java:close(224)) - 048ed862-969d-4a53-9065-988fa7882172@group-A1E3CC2534D4-SegmentedRaftLogWorker close()
2019-10-09 23:42:46,187 [ForkJoinPool.commonPool-worker-1] INFO  segmented.SegmentedRaftLogWorker (SegmentedRaftLogWorker.java:close(224)) - 8b64e72b-f692-4da6-8701-d8357aa19361@group-6D0431870CA1-SegmentedRaftLogWorker close()
2019-10-09 23:42:46,188 [main] INFO  impl.RaftServerImpl (RaftServerImpl.java:lambda$shutdown$3(247)) - 048ed862-969d-4a53-9065-988fa7882172@group-F1A982B19A43: shutdown
2019-10-09 23:42:46,190 [ForkJoinPool.commonPool-worker-1] INFO  impl.RaftServerImpl (RaftServerImpl.java:lambda$shutdown$3(247)) - 8b64e72b-f692-4da6-8701-d8357aa19361@group-8C33BFA2BBE8: shutdown
2019-10-09 23:42:46,191 [main] INFO  util.JmxRegister (JmxRegister.java:unregister(73)) - Successfully un-registered JMX Bean with object name Ratis:service=RaftServer,group=group-F1A982B19A43,id=048ed862-969d-4a53-9065-988fa7882172
2019-10-09 23:42:46,191 [ForkJoinPool.commonPool-worker-1] INFO  util.JmxRegister (JmxRegister.java:unregister(73)) - Successfully un-registered JMX Bean with object name Ratis:service=RaftServer,group=group-8C33BFA2BBE8,id=8b64e72b-f692-4da6-8701-d8357aa19361
2019-10-09 23:42:46,191 [main] INFO  impl.RoleInfo (RoleInfo.java:shutdownLeaderState(104)) - 048ed862-969d-4a53-9065-988fa7882172: shutdown LeaderState
2019-10-09 23:42:46,191 [ForkJoinPool.commonPool-worker-1] INFO  impl.RoleInfo (RoleInfo.java:shutdownFollowerState(121)) - 8b64e72b-f692-4da6-8701-d8357aa19361: shutdown FollowerState
2019-10-09 23:42:46,194 [main] INFO  impl.PendingRequests (PendingRequests.java:sendNotLeaderResponses(202)) - 048ed862-969d-4a53-9065-988fa7882172@group-F1A982B19A43-PendingRequests: sendNotLeaderResponses
2019-10-09 23:42:46,194 [org.apache.ratis.server.impl.LogAppender$AppenderDaemon$$Lambda$529/97826224@330ccb8a] WARN  server.GrpcLogAppender (GrpcLogAppender.java:mayWait(143)) - 048ed862-969d-4a53-9065-988fa7882172@group-F1A982B19A43->2fa37604-7db0-4e2a-bcef-caac287edc99-GrpcLogAppender: Wait interrupted by java.lang.InterruptedException
2019-10-09 23:42:46,195 [Thread-3224] INFO  impl.FollowerState (FollowerState.java:run(117)) - 8b64e72b-f692-4da6-8701-d8357aa19361@group-8C33BFA2BBE8-FollowerState was interrupted: java.lang.InterruptedException: sleep interrupted
2019-10-09 23:42:46,195 [8b64e72b-f692-4da6-8701-d8357aa19361@group-8C33BFA2BBE8-StateMachineUpdater] INFO  ratis.ContainerStateMachine (ContainerStateMachine.java:takeSnapshot(294)) - group-8C33BFA2BBE8: Taking a snapshot at:(t:2, i:16) file /workdir/hadoop-ozone/integration-test/target/test-dir/MiniOzoneClusterImpl-8b6ca641-6d7f-4583-914a-a0f78aea40f0/datanode-1/data/ratis/98701677-2582-4086-a233-8c33bfa2bbe8/sm/snapshot.2_16
2019-10-09 23:42:46,195 [org.apache.ratis.server.impl.LogAppender$AppenderDaemon$$Lambda$529/97826224@74556509] WARN  server.GrpcLogAppender (GrpcLogAppender.java:mayWait(143)) - 048ed862-969d-4a53-9065-988fa7882172@group-F1A982B19A43->347733b7-3083-402e-906e-121f5d9a8d9c-GrpcLogAppender: Wait interrupted by java.lang.InterruptedException
2019-10-09 23:42:46,195 [ForkJoinPool.commonPool-worker-1] INFO  impl.StateMachineUpdater (StateMachineUpdater.java:stopAndJoin(136)) - 8b64e72b-f692-4da6-8701-d8357aa19361@group-8C33BFA2BBE8-StateMachineUpdater: set stopIndex = 16
2019-10-09 23:42:46,198 [grpc-default-executor-11] INFO  server.GrpcServerProtocolService (GrpcServerProtocolService.java:onCompleted(113)) - 347733b7-3083-402e-906e-121f5d9a8d9c: Completed APPEND_ENTRIES, lastRequest: 048ed862-969d-4a53-9065-988fa7882172->347733b7-3083-402e-906e-121f5d9a8d9c#7-t1, previous=(t:1, i:4), leaderCommit=4, initializing? false, entries: <empty>
2019-10-09 23:42:46,197 [grpc-default-executor-4] INFO  server.GrpcServerProtocolService (GrpcServerProtocolService.java:onCompleted(113)) - 2fa37604-7db0-4e2a-bcef-caac287edc99: Completed APPEND_ENTRIES, lastRequest: 048ed862-969d-4a53-9065-988fa7882172->2fa37604-7db0-4e2a-bcef-caac287edc99#7-t1, previous=(t:1, i:4), leaderCommit=4, initializing? false, entries: <empty>
2019-10-09 23:42:46,202 [main] INFO  impl.StateMachineUpdater (StateMachineUpdater.java:stopAndJoin(136)) - 048ed862-969d-4a53-9065-988fa7882172@group-F1A982B19A43-StateMachineUpdater: set stopIndex = 4
2019-10-09 23:42:46,203 [grpc-default-executor-4] INFO  server.GrpcLogAppender (GrpcLogAppender.java:onCompleted(293)) - 048ed862-969d-4a53-9065-988fa7882172@group-F1A982B19A43->347733b7-3083-402e-906e-121f5d9a8d9c-AppendLogResponseHandler: follower responses appendEntries COMPLETED
2019-10-09 23:42:46,203 [grpc-default-executor-11] INFO  server.GrpcLogAppender (GrpcLogAppender.java:onCompleted(293)) - 048ed862-969d-4a53-9065-988fa7882172@group-F1A982B19A43->2fa37604-7db0-4e2a-bcef-caac287edc99-AppendLogResponseHandler: follower responses appendEntries COMPLETED
2019-10-09 23:42:46,202 [048ed862-969d-4a53-9065-988fa7882172@group-F1A982B19A43-StateMachineUpdater] INFO  ratis.ContainerStateMachine (ContainerStateMachine.java:takeSnapshot(294)) - group-F1A982B19A43: Taking a snapshot at:(t:1, i:4) file /workdir/hadoop-ozone/integration-test/target/test-dir/MiniOzoneClusterImpl-8b6ca641-6d7f-4583-914a-a0f78aea40f0/datanode-3/data/ratis/b5a41277-d5a2-4f4a-bed7-f1a982b19a43/sm/snapshot.1_4
2019-10-09 23:42:46,203 [grpc-default-executor-4] INFO  impl.FollowerInfo (FollowerInfo.java:lambda$new$0(51)) - 048ed862-969d-4a53-9065-988fa7882172@group-F1A982B19A43->347733b7-3083-402e-906e-121f5d9a8d9c: nextIndex: updateUnconditionally 5 -> 4
2019-10-09 23:42:46,204 [grpc-default-executor-11] INFO  impl.FollowerInfo (FollowerInfo.java:lambda$new$0(51)) - 048ed862-969d-4a53-9065-988fa7882172@group-F1A982B19A43->2fa37604-7db0-4e2a-bcef-caac287edc99: nextIndex: updateUnconditionally 5 -> 4
2019-10-09 23:42:46,230 [8b64e72b-f692-4da6-8701-d8357aa19361@group-8C33BFA2BBE8-StateMachineUpdater] INFO  ratis.ContainerStateMachine (ContainerStateMachine.java:takeSnapshot(305)) - group-8C33BFA2BBE8: Finished taking a snapshot at:(t:2, i:16) file:/workdir/hadoop-ozone/integration-test/target/test-dir/MiniOzoneClusterImpl-8b6ca641-6d7f-4583-914a-a0f78aea40f0/datanode-1/data/ratis/98701677-2582-4086-a233-8c33bfa2bbe8/sm/snapshot.2_16 time:36
2019-10-09 23:42:46,230 [048ed862-969d-4a53-9065-988fa7882172@group-F1A982B19A43-StateMachineUpdater] INFO  ratis.ContainerStateMachine (ContainerStateMachine.java:takeSnapshot(305)) - group-F1A982B19A43: Finished taking a snapshot at:(t:1, i:4) file:/workdir/hadoop-ozone/integration-test/target/test-dir/MiniOzoneClusterImpl-8b6ca641-6d7f-4583-914a-a0f78aea40f0/datanode-3/data/ratis/b5a41277-d5a2-4f4a-bed7-f1a982b19a43/sm/snapshot.1_4 time:28
2019-10-09 23:42:46,230 [8b64e72b-f692-4da6-8701-d8357aa19361@group-8C33BFA2BBE8-StateMachineUpdater] INFO  impl.StateMachineUpdater (StateMachineUpdater.java:takeSnapshot(269)) - 8b64e72b-f692-4da6-8701-d8357aa19361@group-8C33BFA2BBE8-StateMachineUpdater: Took a snapshot at index 16
2019-10-09 23:42:46,230 [8b64e72b-f692-4da6-8701-d8357aa19361@group-8C33BFA2BBE8-StateMachineUpdater] INFO  impl.StateMachineUpdater (StateMachineUpdater.java:lambda$new$0(84)) - 8b64e72b-f692-4da6-8701-d8357aa19361@group-8C33BFA2BBE8-StateMachineUpdater: snapshotIndex: updateIncreasingly -1 -> 16
2019-10-09 23:42:46,230 [048ed862-969d-4a53-9065-988fa7882172@group-F1A982B19A43-StateMachineUpdater] INFO  impl.StateMachineUpdater (StateMachineUpdater.java:takeSnapshot(269)) - 048ed862-969d-4a53-9065-988fa7882172@group-F1A982B19A43-StateMachineUpdater: Took a snapshot at index 4
2019-10-09 23:42:46,231 [048ed862-969d-4a53-9065-988fa7882172@group-F1A982B19A43-StateMachineUpdater] INFO  impl.StateMachineUpdater (StateMachineUpdater.java:lambda$new$0(84)) - 048ed862-969d-4a53-9065-988fa7882172@group-F1A982B19A43-StateMachineUpdater: snapshotIndex: updateIncreasingly -1 -> 4
2019-10-09 23:42:46,231 [ForkJoinPool.commonPool-worker-1] INFO  impl.RaftServerImpl (ServerState.java:close(387)) - 8b64e72b-f692-4da6-8701-d8357aa19361@group-8C33BFA2BBE8: closes. applyIndex: 16
2019-10-09 23:42:46,231 [main] INFO  impl.RaftServerImpl (ServerState.java:close(387)) - 048ed862-969d-4a53-9065-988fa7882172@group-F1A982B19A43: closes. applyIndex: 4
2019-10-09 23:42:46,231 [8b64e72b-f692-4da6-8701-d8357aa19361@group-8C33BFA2BBE8-SegmentedRaftLogWorker] INFO  segmented.SegmentedRaftLogWorker (SegmentedRaftLogWorker.java:run(316)) - 8b64e72b-f692-4da6-8701-d8357aa19361@group-8C33BFA2BBE8-SegmentedRaftLogWorker was interrupted, exiting. There are 0 tasks remaining in the queue.
2019-10-09 23:42:46,232 [048ed862-969d-4a53-9065-988fa7882172@group-F1A982B19A43-SegmentedRaftLogWorker] INFO  segmented.SegmentedRaftLogWorker (SegmentedRaftLogWorker.java:run(316)) - 048ed862-969d-4a53-9065-988fa7882172@group-F1A982B19A43-SegmentedRaftLogWorker was interrupted, exiting. There are 0 tasks remaining in the queue.
2019-10-09 23:42:46,234 [ForkJoinPool.commonPool-worker-1] INFO  segmented.SegmentedRaftLogWorker (SegmentedRaftLogWorker.java:close(224)) - 8b64e72b-f692-4da6-8701-d8357aa19361@group-8C33BFA2BBE8-SegmentedRaftLogWorker close()
2019-10-09 23:42:46,236 [main] INFO  segmented.SegmentedRaftLogWorker (SegmentedRaftLogWorker.java:close(224)) - 048ed862-969d-4a53-9065-988fa7882172@group-F1A982B19A43-SegmentedRaftLogWorker close()
2019-10-09 23:42:46,239 [ForkJoinPool.commonPool-worker-1] INFO  server.GrpcService (GrpcService.java:closeImpl(164)) - 8b64e72b-f692-4da6-8701-d8357aa19361: shutdown server with port 35165 now
2019-10-09 23:42:46,243 [main] INFO  impl.RaftServerImpl (RaftServerImpl.java:lambda$shutdown$3(247)) - 048ed862-969d-4a53-9065-988fa7882172@group-6E1002E0E66A: shutdown
2019-10-09 23:42:46,244 [main] INFO  util.JmxRegister (JmxRegister.java:unregister(73)) - Successfully un-registered JMX Bean with object name Ratis:service=RaftServer,group=group-6E1002E0E66A,id=048ed862-969d-4a53-9065-988fa7882172
2019-10-09 23:42:46,244 [grpc-default-executor-10] WARN  server.GrpcLogAppender (LogUtils.java:warn(134)) - 9aa4720c-4ff1-4461-88d1-1a3f7075fdcd@group-8C33BFA2BBE8->8b64e72b-f692-4da6-8701-d8357aa19361-AppendLogResponseHandler: Failed appendEntries: org.apache.ratis.thirdparty.io.grpc.StatusRuntimeException: CANCELLED: HTTP/2 error code: CANCEL
Received Rst Stream
2019-10-09 23:42:46,244 [grpc-default-executor-4] WARN  server.GrpcServerProtocolService (LogUtils.java:warn(134)) - 8b64e72b-f692-4da6-8701-d8357aa19361: installSnapshot onError, lastRequest: 9aa4720c-4ff1-4461-88d1-1a3f7075fdcd->8b64e72b-f692-4da6-8701-d8357aa19361#26-t2, previous=(t:2, i:16), leaderCommit=16, initializing? false, entries: <empty>: org.apache.ratis.thirdparty.io.grpc.StatusRuntimeException: CANCELLED: cancelled before receiving half close
2019-10-09 23:42:46,245 [grpc-default-executor-10] INFO  impl.FollowerInfo (FollowerInfo.java:lambda$new$0(51)) - 9aa4720c-4ff1-4461-88d1-1a3f7075fdcd@group-8C33BFA2BBE8->8b64e72b-f692-4da6-8701-d8357aa19361: nextIndex: updateUnconditionally 17 -> 16
2019-10-09 23:42:46,245 [main] INFO  impl.RoleInfo (RoleInfo.java:shutdownFollowerState(121)) - 048ed862-969d-4a53-9065-988fa7882172: shutdown FollowerState
2019-10-09 23:42:46,244 [ForkJoinPool.commonPool-worker-1] INFO  server.GrpcService (GrpcService.java:closeImpl(172)) - 8b64e72b-f692-4da6-8701-d8357aa19361: shutdown server with port 35165 successfully
2019-10-09 23:42:46,246 [Thread-3275] INFO  impl.FollowerState (FollowerState.java:run(117)) - 048ed862-969d-4a53-9065-988fa7882172@group-6E1002E0E66A-FollowerState was interrupted: java.lang.InterruptedException: sleep interrupted
2019-10-09 23:42:46,246 [main] INFO  impl.StateMachineUpdater (StateMachineUpdater.java:stopAndJoin(136)) - 048ed862-969d-4a53-9065-988fa7882172@group-6E1002E0E66A-StateMachineUpdater: set stopIndex = 17
2019-10-09 23:42:46,246 [048ed862-969d-4a53-9065-988fa7882172@group-6E1002E0E66A-StateMachineUpdater] INFO  ratis.ContainerStateMachine (ContainerStateMachine.java:takeSnapshot(294)) - group-6E1002E0E66A: Taking a snapshot at:(t:1, i:13) file /workdir/hadoop-ozone/integration-test/target/test-dir/MiniOzoneClusterImpl-8b6ca641-6d7f-4583-914a-a0f78aea40f0/datanode-3/data/ratis/e154a239-4471-404e-a663-6e1002e0e66a/sm/snapshot.1_13
2019-10-09 23:42:46,248 [refreshUsed-/workdir/hadoop-ozone/integration-test/target/test-dir/MiniOzoneClusterImpl-8b6ca641-6d7f-4583-914a-a0f78aea40f0/datanode-1/data/containers] WARN  fs.CachingGetSpaceUsed (CachingGetSpaceUsed.java:run(183)) - Thread Interrupted waiting to refresh disk information: sleep interrupted
2019-10-09 23:42:46,259 [048ed862-969d-4a53-9065-988fa7882172@group-6E1002E0E66A-StateMachineUpdater] INFO  ratis.ContainerStateMachine (ContainerStateMachine.java:takeSnapshot(305)) - group-6E1002E0E66A: Finished taking a snapshot at:(t:1, i:13) file:/workdir/hadoop-ozone/integration-test/target/test-dir/MiniOzoneClusterImpl-8b6ca641-6d7f-4583-914a-a0f78aea40f0/datanode-3/data/ratis/e154a239-4471-404e-a663-6e1002e0e66a/sm/snapshot.1_13 time:13
2019-10-09 23:42:46,259 [048ed862-969d-4a53-9065-988fa7882172@group-6E1002E0E66A-StateMachineUpdater] INFO  impl.StateMachineUpdater (StateMachineUpdater.java:takeSnapshot(269)) - 048ed862-969d-4a53-9065-988fa7882172@group-6E1002E0E66A-StateMachineUpdater: Took a snapshot at index 13
2019-10-09 23:42:46,259 [048ed862-969d-4a53-9065-988fa7882172@group-6E1002E0E66A-StateMachineUpdater] INFO  impl.StateMachineUpdater (StateMachineUpdater.java:lambda$new$0(84)) - 048ed862-969d-4a53-9065-988fa7882172@group-6E1002E0E66A-StateMachineUpdater: snapshotIndex: updateIncreasingly -1 -> 13
2019-10-09 23:42:46,260 [048ed862-969d-4a53-9065-988fa7882172@group-6E1002E0E66A-StateMachineUpdater] INFO  ratis.ContainerStateMachine (ContainerStateMachine.java:takeSnapshot(294)) - group-6E1002E0E66A: Taking a snapshot at:(t:1, i:13) file /workdir/hadoop-ozone/integration-test/target/test-dir/MiniOzoneClusterImpl-8b6ca641-6d7f-4583-914a-a0f78aea40f0/datanode-3/data/ratis/e154a239-4471-404e-a663-6e1002e0e66a/sm/snapshot.1_13
2019-10-09 23:42:46,267 [ForkJoinPool.commonPool-worker-1] INFO  utils.BackgroundService (BackgroundService.java:shutdown(151)) - Shutting down service BlockDeletingService
2019-10-09 23:42:46,273 [ForkJoinPool.commonPool-worker-1] INFO  statemachine.DatanodeStateMachine (DatanodeStateMachine.java:stopDaemon(395)) - Ozone container server stopped.
2019-10-09 23:42:46,273 [048ed862-969d-4a53-9065-988fa7882172@group-6E1002E0E66A-StateMachineUpdater] INFO  ratis.ContainerStateMachine (ContainerStateMachine.java:takeSnapshot(305)) - group-6E1002E0E66A: Finished taking a snapshot at:(t:1, i:13) file:/workdir/hadoop-ozone/integration-test/target/test-dir/MiniOzoneClusterImpl-8b6ca641-6d7f-4583-914a-a0f78aea40f0/datanode-3/data/ratis/e154a239-4471-404e-a663-6e1002e0e66a/sm/snapshot.1_13 time:14
2019-10-09 23:42:46,277 [048ed862-969d-4a53-9065-988fa7882172@group-6E1002E0E66A-StateMachineUpdater] INFO  impl.StateMachineUpdater (StateMachineUpdater.java:takeSnapshot(269)) - 048ed862-969d-4a53-9065-988fa7882172@group-6E1002E0E66A-StateMachineUpdater: Took a snapshot at index 13
2019-10-09 23:42:46,278 [048ed862-969d-4a53-9065-988fa7882172@group-6E1002E0E66A-StateMachineUpdater] INFO  impl.StateMachineUpdater (StateMachineUpdater.java:lambda$new$0(84)) - 048ed862-969d-4a53-9065-988fa7882172@group-6E1002E0E66A-StateMachineUpdater: snapshotIndex: updateIncreasingly 13 -> 13
2019-10-09 23:42:46,278 [ForkJoinPool.commonPool-worker-1] INFO  handler.ContextHandler (ContextHandler.java:doStop(910)) - Stopped o.e.j.w.WebAppContext@2017f6e6{/,null,UNAVAILABLE}{/hddsDatanode}
2019-10-09 23:42:46,279 [main] INFO  impl.RaftServerImpl (ServerState.java:close(387)) - 048ed862-969d-4a53-9065-988fa7882172@group-6E1002E0E66A: closes. applyIndex: 17
2019-10-09 23:42:46,279 [ForkJoinPool.commonPool-worker-1] INFO  server.AbstractConnector (AbstractConnector.java:doStop(318)) - Stopped ServerConnector@115c946b{HTTP/1.1,[http/1.1]}{0.0.0.0:0}
2019-10-09 23:42:46,279 [048ed862-969d-4a53-9065-988fa7882172@group-6E1002E0E66A-SegmentedRaftLogWorker] INFO  segmented.SegmentedRaftLogWorker (SegmentedRaftLogWorker.java:run(316)) - 048ed862-969d-4a53-9065-988fa7882172@group-6E1002E0E66A-SegmentedRaftLogWorker was interrupted, exiting. There are 0 tasks remaining in the queue.
2019-10-09 23:42:46,286 [ForkJoinPool.commonPool-worker-1] INFO  handler.ContextHandler (ContextHandler.java:doStop(910)) - Stopped o.e.j.s.ServletContextHandler@7ceb6c45{/static,jar:file:/home/user/.m2/repository/org/apache/hadoop/hadoop-hdds-container-service/0.5.0-SNAPSHOT/hadoop-hdds-container-service-0.5.0-SNAPSHOT.jar!/webapps/static,UNAVAILABLE}
2019-10-09 23:42:46,288 [main] INFO  segmented.SegmentedRaftLogWorker (SegmentedRaftLogWorker.java:close(224)) - 048ed862-969d-4a53-9065-988fa7882172@group-6E1002E0E66A-SegmentedRaftLogWorker close()
2019-10-09 23:42:46,288 [ForkJoinPool.commonPool-worker-1] INFO  handler.ContextHandler (ContextHandler.java:doStop(910)) - Stopped o.e.j.s.ServletContextHandler@561f9d92{/logs,file:///workdir/hadoop-ozone/integration-test/target/log,UNAVAILABLE}
2019-10-09 23:42:46,290 [main] INFO  server.GrpcService (GrpcService.java:closeImpl(164)) - 048ed862-969d-4a53-9065-988fa7882172: shutdown server with port 42040 now
2019-10-09 23:42:46,291 [grpc-default-executor-10] WARN  server.GrpcServerProtocolService (LogUtils.java:warn(134)) - 048ed862-969d-4a53-9065-988fa7882172: installSnapshot onError, lastRequest: 2fa37604-7db0-4e2a-bcef-caac287edc99->048ed862-969d-4a53-9065-988fa7882172#7-t2, previous=(t:2, i:17), leaderCommit=17, initializing? false, entries: <empty>: org.apache.ratis.thirdparty.io.grpc.StatusRuntimeException: CANCELLED: cancelled before receiving half close
2019-10-09 23:42:46,291 [main] INFO  server.GrpcService (GrpcService.java:closeImpl(172)) - 048ed862-969d-4a53-9065-988fa7882172: shutdown server with port 42040 successfully
2019-10-09 23:42:46,291 [grpc-default-executor-4] WARN  server.GrpcLogAppender (LogUtils.java:warn(134)) - 2fa37604-7db0-4e2a-bcef-caac287edc99@group-6E1002E0E66A->048ed862-969d-4a53-9065-988fa7882172-AppendLogResponseHandler: Failed appendEntries: org.apache.ratis.thirdparty.io.grpc.StatusRuntimeException: CANCELLED: HTTP/2 error code: CANCEL
Received Rst Stream
2019-10-09 23:42:46,292 [grpc-default-executor-4] INFO  impl.FollowerInfo (FollowerInfo.java:lambda$new$0(51)) - 2fa37604-7db0-4e2a-bcef-caac287edc99@group-6E1002E0E66A->048ed862-969d-4a53-9065-988fa7882172: nextIndex: updateUnconditionally 18 -> 17
2019-10-09 23:42:46,293 [refreshUsed-/workdir/hadoop-ozone/integration-test/target/test-dir/MiniOzoneClusterImpl-8b6ca641-6d7f-4583-914a-a0f78aea40f0/datanode-3/data/containers] WARN  fs.CachingGetSpaceUsed (CachingGetSpaceUsed.java:run(183)) - Thread Interrupted waiting to refresh disk information: sleep interrupted
2019-10-09 23:42:46,306 [main] INFO  utils.BackgroundService (BackgroundService.java:shutdown(151)) - Shutting down service BlockDeletingService
2019-10-09 23:42:46,311 [main] INFO  statemachine.DatanodeStateMachine (DatanodeStateMachine.java:stopDaemon(395)) - Ozone container server stopped.
2019-10-09 23:42:46,311 [main] INFO  handler.ContextHandler (ContextHandler.java:doStop(910)) - Stopped o.e.j.w.WebAppContext@2e0ad709{/,null,UNAVAILABLE}{/hddsDatanode}
2019-10-09 23:42:46,312 [main] INFO  server.AbstractConnector (AbstractConnector.java:doStop(318)) - Stopped ServerConnector@1fe8f5e8{HTTP/1.1,[http/1.1]}{0.0.0.0:0}
2019-10-09 23:42:46,312 [main] INFO  handler.ContextHandler (ContextHandler.java:doStop(910)) - Stopped o.e.j.s.ServletContextHandler@34f7b44f{/static,jar:file:/home/user/.m2/repository/org/apache/hadoop/hadoop-hdds-container-service/0.5.0-SNAPSHOT/hadoop-hdds-container-service-0.5.0-SNAPSHOT.jar!/webapps/static,UNAVAILABLE}
2019-10-09 23:42:46,313 [main] INFO  handler.ContextHandler (ContextHandler.java:doStop(910)) - Stopped o.e.j.s.ServletContextHandler@18a98913{/logs,file:///workdir/hadoop-ozone/integration-test/target/log,UNAVAILABLE}
2019-10-09 23:42:46,507 [Datanode State Machine Thread - 0] INFO  statemachine.DatanodeStateMachine (DatanodeStateMachine.java:lambda$startDaemon$0(350)) - Ozone container server started.
2019-10-09 23:42:46,891 [grpc-default-executor-4] WARN  server.GrpcLogAppender (LogUtils.java:warn(134)) - 2fa37604-7db0-4e2a-bcef-caac287edc99@group-6E1002E0E66A->048ed862-969d-4a53-9065-988fa7882172-AppendLogResponseHandler: Failed appendEntries: org.apache.ratis.thirdparty.io.grpc.StatusRuntimeException: UNAVAILABLE: io exception
2019-10-09 23:42:46,891 [grpc-default-executor-4] INFO  impl.FollowerInfo (FollowerInfo.java:lambda$new$0(51)) - 2fa37604-7db0-4e2a-bcef-caac287edc99@group-6E1002E0E66A->048ed862-969d-4a53-9065-988fa7882172: nextIndex: updateUnconditionally 17 -> 16
2019-10-09 23:42:46,898 [grpc-default-executor-11] WARN  server.GrpcLogAppender (LogUtils.java:warn(134)) - 2fa37604-7db0-4e2a-bcef-caac287edc99@group-6E1002E0E66A->db0f9e5f-40c7-432b-82eb-2896485fae3f-AppendLogResponseHandler: Failed appendEntries: org.apache.ratis.thirdparty.io.grpc.StatusRuntimeException: UNAVAILABLE: io exception
2019-10-09 23:42:46,898 [grpc-default-executor-11] INFO  impl.FollowerInfo (FollowerInfo.java:lambda$new$0(51)) - 2fa37604-7db0-4e2a-bcef-caac287edc99@group-6E1002E0E66A->db0f9e5f-40c7-432b-82eb-2896485fae3f: nextIndex: updateUnconditionally 0 -> 0
2019-10-09 23:42:47,048 [Datanode State Machine Thread - 0] INFO  statemachine.DatanodeStateMachine (DatanodeStateMachine.java:lambda$startDaemon$0(350)) - Ozone container server started.
2019-10-09 23:42:47,774 [grpc-default-executor-9] WARN  server.GrpcLogAppender (LogUtils.java:warn(134)) - 9aa4720c-4ff1-4461-88d1-1a3f7075fdcd@group-8C33BFA2BBE8->8b64e72b-f692-4da6-8701-d8357aa19361-AppendLogResponseHandler: Failed appendEntries: org.apache.ratis.thirdparty.io.grpc.StatusRuntimeException: UNAVAILABLE: io exception
2019-10-09 23:42:47,774 [grpc-default-executor-9] INFO  impl.FollowerInfo (FollowerInfo.java:lambda$new$0(51)) - 9aa4720c-4ff1-4461-88d1-1a3f7075fdcd@group-8C33BFA2BBE8->8b64e72b-f692-4da6-8701-d8357aa19361: nextIndex: updateUnconditionally 16 -> 15
2019-10-09 23:42:49,392 [grpc-default-executor-9] WARN  server.GrpcLogAppender (LogUtils.java:warn(134)) - 2fa37604-7db0-4e2a-bcef-caac287edc99@group-6E1002E0E66A->048ed862-969d-4a53-9065-988fa7882172-AppendLogResponseHandler: Failed appendEntries: org.apache.ratis.thirdparty.io.grpc.StatusRuntimeException: UNAVAILABLE: io exception
2019-10-09 23:42:49,393 [grpc-default-executor-9] INFO  impl.FollowerInfo (FollowerInfo.java:lambda$new$0(51)) - 2fa37604-7db0-4e2a-bcef-caac287edc99@group-6E1002E0E66A->048ed862-969d-4a53-9065-988fa7882172: nextIndex: updateUnconditionally 16 -> 15
2019-10-09 23:42:49,399 [grpc-default-executor-9] WARN  server.GrpcLogAppender (LogUtils.java:warn(134)) - 2fa37604-7db0-4e2a-bcef-caac287edc99@group-6E1002E0E66A->db0f9e5f-40c7-432b-82eb-2896485fae3f-AppendLogResponseHandler: Failed appendEntries: org.apache.ratis.thirdparty.io.grpc.StatusRuntimeException: UNAVAILABLE: io exception
2019-10-09 23:42:49,399 [grpc-default-executor-9] INFO  impl.FollowerInfo (FollowerInfo.java:lambda$new$0(51)) - 2fa37604-7db0-4e2a-bcef-caac287edc99@group-6E1002E0E66A->db0f9e5f-40c7-432b-82eb-2896485fae3f: nextIndex: updateUnconditionally 0 -> 0
2019-10-09 23:42:50,276 [grpc-default-executor-11] WARN  server.GrpcLogAppender (LogUtils.java:warn(134)) - 9aa4720c-4ff1-4461-88d1-1a3f7075fdcd@group-8C33BFA2BBE8->8b64e72b-f692-4da6-8701-d8357aa19361-AppendLogResponseHandler: Failed appendEntries: org.apache.ratis.thirdparty.io.grpc.StatusRuntimeException: UNAVAILABLE: io exception
2019-10-09 23:42:50,277 [grpc-default-executor-11] INFO  impl.FollowerInfo (FollowerInfo.java:lambda$new$0(51)) - 9aa4720c-4ff1-4461-88d1-1a3f7075fdcd@group-8C33BFA2BBE8->8b64e72b-f692-4da6-8701-d8357aa19361: nextIndex: updateUnconditionally 15 -> 14
2019-10-09 23:42:50,529 [EventQueue-StaleNodeForStaleNodeHandler] INFO  node.StaleNodeHandler (StaleNodeHandler.java:onMessage(58)) - Datanode 9aa4720c-4ff1-4461-88d1-1a3f7075fdcd{ip: 192.168.151.98, host: pr-hdds-2194-ks6jj-815731239, networkLocation: /default-rack, certSerialId: null} moved to stale state. Finalizing its pipelines [PipelineID=98701677-2582-4086-a233-8c33bfa2bbe8, PipelineID=d61dcdcc-bc7e-4ca7-99ee-17f4a7731b8a]
2019-10-09 23:42:50,529 [EventQueue-StaleNodeForStaleNodeHandler] INFO  pipeline.SCMPipelineManager (SCMPipelineManager.java:finalizeAndDestroyPipeline(315)) - destroying pipeline:Pipeline[ Id: 98701677-2582-4086-a233-8c33bfa2bbe8, Nodes: d136ae8b-688f-4f7c-93b0-c5cb447f1571{ip: 192.168.151.98, host: pr-hdds-2194-ks6jj-815731239, networkLocation: /default-rack, certSerialId: null}9aa4720c-4ff1-4461-88d1-1a3f7075fdcd{ip: 192.168.151.98, host: pr-hdds-2194-ks6jj-815731239, networkLocation: /default-rack, certSerialId: null}8b64e72b-f692-4da6-8701-d8357aa19361{ip: 192.168.151.98, host: pr-hdds-2194-ks6jj-815731239, networkLocation: /default-rack, certSerialId: null}, Type:RATIS, Factor:THREE, State:CLOSED]
2019-10-09 23:42:50,530 [EventQueue-StaleNodeForStaleNodeHandler] INFO  pipeline.SCMPipelineManager (SCMPipelineManager.java:finalizeAndDestroyPipeline(315)) - destroying pipeline:Pipeline[ Id: d61dcdcc-bc7e-4ca7-99ee-17f4a7731b8a, Nodes: 9aa4720c-4ff1-4461-88d1-1a3f7075fdcd{ip: 192.168.151.98, host: pr-hdds-2194-ks6jj-815731239, networkLocation: /default-rack, certSerialId: null}, Type:RATIS, Factor:ONE, State:OPEN]
2019-10-09 23:42:50,530 [EventQueue-StaleNodeForStaleNodeHandler] INFO  pipeline.PipelineStateManager (PipelineStateManager.java:finalizePipeline(123)) - Pipeline Pipeline[ Id: d61dcdcc-bc7e-4ca7-99ee-17f4a7731b8a, Nodes: 9aa4720c-4ff1-4461-88d1-1a3f7075fdcd{ip: 192.168.151.98, host: pr-hdds-2194-ks6jj-815731239, networkLocation: /default-rack, certSerialId: null}, Type:RATIS, Factor:ONE, State:CLOSED] moved to CLOSED state
2019-10-09 23:42:51,129 [EventQueue-StaleNodeForStaleNodeHandler] INFO  node.StaleNodeHandler (StaleNodeHandler.java:onMessage(58)) - Datanode 2fa37604-7db0-4e2a-bcef-caac287edc99{ip: 192.168.151.98, host: pr-hdds-2194-ks6jj-815731239, networkLocation: /default-rack, certSerialId: null} moved to stale state. Finalizing its pipelines [PipelineID=6855e474-fb4b-441e-8a6e-0fcb90f3c6e6, PipelineID=b5a41277-d5a2-4f4a-bed7-f1a982b19a43, PipelineID=e154a239-4471-404e-a663-6e1002e0e66a]
2019-10-09 23:42:51,130 [EventQueue-StaleNodeForStaleNodeHandler] INFO  pipeline.SCMPipelineManager (SCMPipelineManager.java:finalizeAndDestroyPipeline(315)) - destroying pipeline:Pipeline[ Id: 6855e474-fb4b-441e-8a6e-0fcb90f3c6e6, Nodes: 2fa37604-7db0-4e2a-bcef-caac287edc99{ip: 192.168.151.98, host: pr-hdds-2194-ks6jj-815731239, networkLocation: /default-rack, certSerialId: null}, Type:RATIS, Factor:ONE, State:OPEN]
2019-10-09 23:42:51,130 [EventQueue-StaleNodeForStaleNodeHandler] INFO  pipeline.PipelineStateManager (PipelineStateManager.java:finalizePipeline(123)) - Pipeline Pipeline[ Id: 6855e474-fb4b-441e-8a6e-0fcb90f3c6e6, Nodes: 2fa37604-7db0-4e2a-bcef-caac287edc99{ip: 192.168.151.98, host: pr-hdds-2194-ks6jj-815731239, networkLocation: /default-rack, certSerialId: null}, Type:RATIS, Factor:ONE, State:CLOSED] moved to CLOSED state
2019-10-09 23:42:51,131 [EventQueue-StaleNodeForStaleNodeHandler] INFO  pipeline.SCMPipelineManager (SCMPipelineManager.java:finalizeAndDestroyPipeline(315)) - destroying pipeline:Pipeline[ Id: b5a41277-d5a2-4f4a-bed7-f1a982b19a43, Nodes: 048ed862-969d-4a53-9065-988fa7882172{ip: 192.168.151.98, host: pr-hdds-2194-ks6jj-815731239, networkLocation: /default-rack, certSerialId: null}2fa37604-7db0-4e2a-bcef-caac287edc99{ip: 192.168.151.98, host: pr-hdds-2194-ks6jj-815731239, networkLocation: /default-rack, certSerialId: null}347733b7-3083-402e-906e-121f5d9a8d9c{ip: 192.168.151.98, host: pr-hdds-2194-ks6jj-815731239, networkLocation: /default-rack, certSerialId: null}, Type:RATIS, Factor:THREE, State:CLOSED]
2019-10-09 23:42:51,131 [EventQueue-StaleNodeForStaleNodeHandler] INFO  pipeline.SCMPipelineManager (SCMPipelineManager.java:finalizeAndDestroyPipeline(315)) - destroying pipeline:Pipeline[ Id: e154a239-4471-404e-a663-6e1002e0e66a, Nodes: db0f9e5f-40c7-432b-82eb-2896485fae3f{ip: 192.168.151.98, host: pr-hdds-2194-ks6jj-815731239, networkLocation: /default-rack, certSerialId: null}048ed862-969d-4a53-9065-988fa7882172{ip: 192.168.151.98, host: pr-hdds-2194-ks6jj-815731239, networkLocation: /default-rack, certSerialId: null}2fa37604-7db0-4e2a-bcef-caac287edc99{ip: 192.168.151.98, host: pr-hdds-2194-ks6jj-815731239, networkLocation: /default-rack, certSerialId: null}, Type:RATIS, Factor:THREE, State:CLOSED]
2019-10-09 23:42:51,292 [ForkJoinPool.commonPool-worker-1] INFO  ozoneimpl.OzoneContainer (OzoneContainer.java:stop(227)) - Attempting to stop container services.
2019-10-09 23:42:51,297 [ForkJoinPool.commonPool-worker-1] INFO  impl.RaftServerProxy (RaftServerProxy.java:lambda$close$4(314)) - 9aa4720c-4ff1-4461-88d1-1a3f7075fdcd: close
2019-10-09 23:42:51,298 [ForkJoinPool.commonPool-worker-1] INFO  impl.RaftServerImpl (RaftServerImpl.java:lambda$shutdown$3(247)) - 9aa4720c-4ff1-4461-88d1-1a3f7075fdcd@group-8C33BFA2BBE8: shutdown
2019-10-09 23:42:51,298 [ForkJoinPool.commonPool-worker-1] INFO  util.JmxRegister (JmxRegister.java:unregister(73)) - Successfully un-registered JMX Bean with object name Ratis:service=RaftServer,group=group-8C33BFA2BBE8,id=9aa4720c-4ff1-4461-88d1-1a3f7075fdcd
2019-10-09 23:42:51,298 [ForkJoinPool.commonPool-worker-1] INFO  impl.RoleInfo (RoleInfo.java:shutdownLeaderState(104)) - 9aa4720c-4ff1-4461-88d1-1a3f7075fdcd: shutdown LeaderState
2019-10-09 23:42:51,301 [ForkJoinPool.commonPool-worker-1] INFO  impl.PendingRequests (PendingRequests.java:sendNotLeaderResponses(202)) - 9aa4720c-4ff1-4461-88d1-1a3f7075fdcd@group-8C33BFA2BBE8-PendingRequests: sendNotLeaderResponses
2019-10-09 23:42:51,301 [org.apache.ratis.server.impl.LogAppender$AppenderDaemon$$Lambda$529/97826224@4fcf18da] WARN  server.GrpcLogAppender (GrpcLogAppender.java:mayWait(143)) - 9aa4720c-4ff1-4461-88d1-1a3f7075fdcd@group-8C33BFA2BBE8->d136ae8b-688f-4f7c-93b0-c5cb447f1571-GrpcLogAppender: Wait interrupted by java.lang.InterruptedException
2019-10-09 23:42:51,301 [org.apache.ratis.server.impl.LogAppender$AppenderDaemon$$Lambda$529/97826224@603104e0] WARN  server.GrpcLogAppender (GrpcLogAppender.java:mayWait(143)) - 9aa4720c-4ff1-4461-88d1-1a3f7075fdcd@group-8C33BFA2BBE8->8b64e72b-f692-4da6-8701-d8357aa19361-GrpcLogAppender: Wait interrupted by java.lang.InterruptedException
2019-10-09 23:42:51,308 [ForkJoinPool.commonPool-worker-1] INFO  impl.StateMachineUpdater (StateMachineUpdater.java:stopAndJoin(136)) - 9aa4720c-4ff1-4461-88d1-1a3f7075fdcd@group-8C33BFA2BBE8-StateMachineUpdater: set stopIndex = 16
2019-10-09 23:42:51,308 [9aa4720c-4ff1-4461-88d1-1a3f7075fdcd@group-8C33BFA2BBE8-StateMachineUpdater] INFO  ratis.ContainerStateMachine (ContainerStateMachine.java:takeSnapshot(294)) - group-8C33BFA2BBE8: Taking a snapshot at:(t:2, i:14) file /workdir/hadoop-ozone/integration-test/target/test-dir/MiniOzoneClusterImpl-8b6ca641-6d7f-4583-914a-a0f78aea40f0/datanode-2/data/ratis/98701677-2582-4086-a233-8c33bfa2bbe8/sm/snapshot.2_14
2019-10-09 23:42:51,308 [grpc-default-executor-11] INFO  server.GrpcServerProtocolService (GrpcServerProtocolService.java:onCompleted(113)) - d136ae8b-688f-4f7c-93b0-c5cb447f1571: Completed APPEND_ENTRIES, lastRequest: 9aa4720c-4ff1-4461-88d1-1a3f7075fdcd->d136ae8b-688f-4f7c-93b0-c5cb447f1571#28-t2, previous=(t:2, i:16), leaderCommit=16, initializing? false, entries: <empty>
2019-10-09 23:42:51,309 [grpc-default-executor-11] INFO  server.GrpcLogAppender (GrpcLogAppender.java:onCompleted(293)) - 9aa4720c-4ff1-4461-88d1-1a3f7075fdcd@group-8C33BFA2BBE8->d136ae8b-688f-4f7c-93b0-c5cb447f1571-AppendLogResponseHandler: follower responses appendEntries COMPLETED
2019-10-09 23:42:51,309 [grpc-default-executor-11] INFO  impl.FollowerInfo (FollowerInfo.java:lambda$new$0(51)) - 9aa4720c-4ff1-4461-88d1-1a3f7075fdcd@group-8C33BFA2BBE8->d136ae8b-688f-4f7c-93b0-c5cb447f1571: nextIndex: updateUnconditionally 17 -> 16
2019-10-09 23:42:51,314 [main] INFO  ozoneimpl.OzoneContainer (OzoneContainer.java:stop(227)) - Attempting to stop container services.
2019-10-09 23:42:51,314 [main] INFO  impl.RaftServerProxy (RaftServerProxy.java:lambda$close$4(314)) - 2fa37604-7db0-4e2a-bcef-caac287edc99: close
2019-10-09 23:42:51,315 [main] INFO  impl.RaftServerImpl (RaftServerImpl.java:lambda$shutdown$3(247)) - 2fa37604-7db0-4e2a-bcef-caac287edc99@group-0FCB90F3C6E6: shutdown
2019-10-09 23:42:51,315 [main] INFO  util.JmxRegister (JmxRegister.java:unregister(73)) - Successfully un-registered JMX Bean with object name Ratis:service=RaftServer,group=group-0FCB90F3C6E6,id=2fa37604-7db0-4e2a-bcef-caac287edc99
2019-10-09 23:42:51,315 [main] INFO  impl.RoleInfo (RoleInfo.java:shutdownLeaderState(104)) - 2fa37604-7db0-4e2a-bcef-caac287edc99: shutdown LeaderState
2019-10-09 23:42:51,316 [main] INFO  impl.PendingRequests (PendingRequests.java:sendNotLeaderResponses(202)) - 2fa37604-7db0-4e2a-bcef-caac287edc99@group-0FCB90F3C6E6-PendingRequests: sendNotLeaderResponses
2019-10-09 23:42:51,316 [main] INFO  impl.StateMachineUpdater (StateMachineUpdater.java:stopAndJoin(136)) - 2fa37604-7db0-4e2a-bcef-caac287edc99@group-0FCB90F3C6E6-StateMachineUpdater: set stopIndex = 0
2019-10-09 23:42:51,317 [main] INFO  impl.RaftServerImpl (ServerState.java:close(387)) - 2fa37604-7db0-4e2a-bcef-caac287edc99@group-0FCB90F3C6E6: closes. applyIndex: 0
2019-10-09 23:42:51,317 [2fa37604-7db0-4e2a-bcef-caac287edc99@group-0FCB90F3C6E6-SegmentedRaftLogWorker] INFO  segmented.SegmentedRaftLogWorker (SegmentedRaftLogWorker.java:run(316)) - 2fa37604-7db0-4e2a-bcef-caac287edc99@group-0FCB90F3C6E6-SegmentedRaftLogWorker was interrupted, exiting. There are 0 tasks remaining in the queue.
2019-10-09 23:42:51,317 [main] INFO  segmented.SegmentedRaftLogWorker (SegmentedRaftLogWorker.java:close(224)) - 2fa37604-7db0-4e2a-bcef-caac287edc99@group-0FCB90F3C6E6-SegmentedRaftLogWorker close()
2019-10-09 23:42:51,320 [main] INFO  impl.RaftServerImpl (RaftServerImpl.java:lambda$shutdown$3(247)) - 2fa37604-7db0-4e2a-bcef-caac287edc99@group-F1A982B19A43: shutdown
2019-10-09 23:42:51,320 [main] INFO  util.JmxRegister (JmxRegister.java:unregister(73)) - Successfully un-registered JMX Bean with object name Ratis:service=RaftServer,group=group-F1A982B19A43,id=2fa37604-7db0-4e2a-bcef-caac287edc99
2019-10-09 23:42:51,320 [main] INFO  impl.RoleInfo (RoleInfo.java:shutdownFollowerState(121)) - 2fa37604-7db0-4e2a-bcef-caac287edc99: shutdown FollowerState
2019-10-09 23:42:51,321 [main] INFO  impl.StateMachineUpdater (StateMachineUpdater.java:stopAndJoin(136)) - 2fa37604-7db0-4e2a-bcef-caac287edc99@group-F1A982B19A43-StateMachineUpdater: set stopIndex = 4
2019-10-09 23:42:51,321 [Thread-3378] INFO  impl.FollowerState (FollowerState.java:run(117)) - 2fa37604-7db0-4e2a-bcef-caac287edc99@group-F1A982B19A43-FollowerState was interrupted: java.lang.InterruptedException: sleep interrupted
2019-10-09 23:42:51,321 [2fa37604-7db0-4e2a-bcef-caac287edc99@group-F1A982B19A43-StateMachineUpdater] INFO  ratis.ContainerStateMachine (ContainerStateMachine.java:takeSnapshot(294)) - group-F1A982B19A43: Taking a snapshot at:(t:1, i:3) file /workdir/hadoop-ozone/integration-test/target/test-dir/MiniOzoneClusterImpl-8b6ca641-6d7f-4583-914a-a0f78aea40f0/datanode-6/data/ratis/b5a41277-d5a2-4f4a-bed7-f1a982b19a43/sm/snapshot.1_3
2019-10-09 23:42:51,323 [9aa4720c-4ff1-4461-88d1-1a3f7075fdcd@group-8C33BFA2BBE8-StateMachineUpdater] INFO  ratis.ContainerStateMachine (ContainerStateMachine.java:takeSnapshot(305)) - group-8C33BFA2BBE8: Finished taking a snapshot at:(t:2, i:14) file:/workdir/hadoop-ozone/integration-test/target/test-dir/MiniOzoneClusterImpl-8b6ca641-6d7f-4583-914a-a0f78aea40f0/datanode-2/data/ratis/98701677-2582-4086-a233-8c33bfa2bbe8/sm/snapshot.2_14 time:15
2019-10-09 23:42:51,323 [9aa4720c-4ff1-4461-88d1-1a3f7075fdcd@group-8C33BFA2BBE8-StateMachineUpdater] INFO  impl.StateMachineUpdater (StateMachineUpdater.java:takeSnapshot(269)) - 9aa4720c-4ff1-4461-88d1-1a3f7075fdcd@group-8C33BFA2BBE8-StateMachineUpdater: Took a snapshot at index 14
2019-10-09 23:42:51,324 [9aa4720c-4ff1-4461-88d1-1a3f7075fdcd@group-8C33BFA2BBE8-StateMachineUpdater] INFO  impl.StateMachineUpdater (StateMachineUpdater.java:lambda$new$0(84)) - 9aa4720c-4ff1-4461-88d1-1a3f7075fdcd@group-8C33BFA2BBE8-StateMachineUpdater: snapshotIndex: updateIncreasingly -1 -> 14
2019-10-09 23:42:51,324 [9aa4720c-4ff1-4461-88d1-1a3f7075fdcd@group-8C33BFA2BBE8-StateMachineUpdater] INFO  ratis.ContainerStateMachine (ContainerStateMachine.java:takeSnapshot(294)) - group-8C33BFA2BBE8: Taking a snapshot at:(t:2, i:14) file /workdir/hadoop-ozone/integration-test/target/test-dir/MiniOzoneClusterImpl-8b6ca641-6d7f-4583-914a-a0f78aea40f0/datanode-2/data/ratis/98701677-2582-4086-a233-8c33bfa2bbe8/sm/snapshot.2_14
2019-10-09 23:42:51,348 [2fa37604-7db0-4e2a-bcef-caac287edc99@group-F1A982B19A43-StateMachineUpdater] INFO  ratis.ContainerStateMachine (ContainerStateMachine.java:takeSnapshot(305)) - group-F1A982B19A43: Finished taking a snapshot at:(t:1, i:3) file:/workdir/hadoop-ozone/integration-test/target/test-dir/MiniOzoneClusterImpl-8b6ca641-6d7f-4583-914a-a0f78aea40f0/datanode-6/data/ratis/b5a41277-d5a2-4f4a-bed7-f1a982b19a43/sm/snapshot.1_3 time:26
2019-10-09 23:42:51,348 [9aa4720c-4ff1-4461-88d1-1a3f7075fdcd@group-8C33BFA2BBE8-StateMachineUpdater] INFO  ratis.ContainerStateMachine (ContainerStateMachine.java:takeSnapshot(305)) - group-8C33BFA2BBE8: Finished taking a snapshot at:(t:2, i:14) file:/workdir/hadoop-ozone/integration-test/target/test-dir/MiniOzoneClusterImpl-8b6ca641-6d7f-4583-914a-a0f78aea40f0/datanode-2/data/ratis/98701677-2582-4086-a233-8c33bfa2bbe8/sm/snapshot.2_14 time:23
2019-10-09 23:42:51,348 [2fa37604-7db0-4e2a-bcef-caac287edc99@group-F1A982B19A43-StateMachineUpdater] INFO  impl.StateMachineUpdater (StateMachineUpdater.java:takeSnapshot(269)) - 2fa37604-7db0-4e2a-bcef-caac287edc99@group-F1A982B19A43-StateMachineUpdater: Took a snapshot at index 3
2019-10-09 23:42:51,348 [9aa4720c-4ff1-4461-88d1-1a3f7075fdcd@group-8C33BFA2BBE8-StateMachineUpdater] INFO  impl.StateMachineUpdater (StateMachineUpdater.java:takeSnapshot(269)) - 9aa4720c-4ff1-4461-88d1-1a3f7075fdcd@group-8C33BFA2BBE8-StateMachineUpdater: Took a snapshot at index 14
2019-10-09 23:42:51,348 [2fa37604-7db0-4e2a-bcef-caac287edc99@group-F1A982B19A43-StateMachineUpdater] INFO  impl.StateMachineUpdater (StateMachineUpdater.java:lambda$new$0(84)) - 2fa37604-7db0-4e2a-bcef-caac287edc99@group-F1A982B19A43-StateMachineUpdater: snapshotIndex: updateIncreasingly -1 -> 3
2019-10-09 23:42:51,348 [9aa4720c-4ff1-4461-88d1-1a3f7075fdcd@group-8C33BFA2BBE8-StateMachineUpdater] INFO  impl.StateMachineUpdater (StateMachineUpdater.java:lambda$new$0(84)) - 9aa4720c-4ff1-4461-88d1-1a3f7075fdcd@group-8C33BFA2BBE8-StateMachineUpdater: snapshotIndex: updateIncreasingly 14 -> 14
2019-10-09 23:42:51,348 [2fa37604-7db0-4e2a-bcef-caac287edc99@group-F1A982B19A43-StateMachineUpdater] INFO  ratis.ContainerStateMachine (ContainerStateMachine.java:takeSnapshot(294)) - group-F1A982B19A43: Taking a snapshot at:(t:1, i:3) file /workdir/hadoop-ozone/integration-test/target/test-dir/MiniOzoneClusterImpl-8b6ca641-6d7f-4583-914a-a0f78aea40f0/datanode-6/data/ratis/b5a41277-d5a2-4f4a-bed7-f1a982b19a43/sm/snapshot.1_3
2019-10-09 23:42:51,348 [ForkJoinPool.commonPool-worker-1] INFO  impl.RaftServerImpl (ServerState.java:close(387)) - 9aa4720c-4ff1-4461-88d1-1a3f7075fdcd@group-8C33BFA2BBE8: closes. applyIndex: 16
2019-10-09 23:42:51,349 [9aa4720c-4ff1-4461-88d1-1a3f7075fdcd@group-8C33BFA2BBE8-SegmentedRaftLogWorker] INFO  segmented.SegmentedRaftLogWorker (SegmentedRaftLogWorker.java:run(316)) - 9aa4720c-4ff1-4461-88d1-1a3f7075fdcd@group-8C33BFA2BBE8-SegmentedRaftLogWorker was interrupted, exiting. There are 0 tasks remaining in the queue.
2019-10-09 23:42:51,350 [ForkJoinPool.commonPool-worker-1] INFO  segmented.SegmentedRaftLogWorker (SegmentedRaftLogWorker.java:close(224)) - 9aa4720c-4ff1-4461-88d1-1a3f7075fdcd@group-8C33BFA2BBE8-SegmentedRaftLogWorker close()
2019-10-09 23:42:51,352 [ForkJoinPool.commonPool-worker-1] INFO  impl.RaftServerImpl (RaftServerImpl.java:lambda$shutdown$3(247)) - 9aa4720c-4ff1-4461-88d1-1a3f7075fdcd@group-17F4A7731B8A: shutdown
2019-10-09 23:42:51,352 [ForkJoinPool.commonPool-worker-1] INFO  util.JmxRegister (JmxRegister.java:unregister(73)) - Successfully un-registered JMX Bean with object name Ratis:service=RaftServer,group=group-17F4A7731B8A,id=9aa4720c-4ff1-4461-88d1-1a3f7075fdcd
2019-10-09 23:42:51,353 [ForkJoinPool.commonPool-worker-1] INFO  impl.RoleInfo (RoleInfo.java:shutdownLeaderState(104)) - 9aa4720c-4ff1-4461-88d1-1a3f7075fdcd: shutdown LeaderState
2019-10-09 23:42:51,353 [ForkJoinPool.commonPool-worker-1] INFO  impl.PendingRequests (PendingRequests.java:sendNotLeaderResponses(202)) - 9aa4720c-4ff1-4461-88d1-1a3f7075fdcd@group-17F4A7731B8A-PendingRequests: sendNotLeaderResponses
2019-10-09 23:42:51,353 [ForkJoinPool.commonPool-worker-1] INFO  impl.StateMachineUpdater (StateMachineUpdater.java:stopAndJoin(136)) - 9aa4720c-4ff1-4461-88d1-1a3f7075fdcd@group-17F4A7731B8A-StateMachineUpdater: set stopIndex = 0
2019-10-09 23:42:51,354 [ForkJoinPool.commonPool-worker-1] INFO  impl.RaftServerImpl (ServerState.java:close(387)) - 9aa4720c-4ff1-4461-88d1-1a3f7075fdcd@group-17F4A7731B8A: closes. applyIndex: 0
2019-10-09 23:42:51,354 [9aa4720c-4ff1-4461-88d1-1a3f7075fdcd@group-17F4A7731B8A-SegmentedRaftLogWorker] INFO  segmented.SegmentedRaftLogWorker (SegmentedRaftLogWorker.java:run(316)) - 9aa4720c-4ff1-4461-88d1-1a3f7075fdcd@group-17F4A7731B8A-SegmentedRaftLogWorker was interrupted, exiting. There are 0 tasks remaining in the queue.
2019-10-09 23:42:51,354 [ForkJoinPool.commonPool-worker-1] INFO  segmented.SegmentedRaftLogWorker (SegmentedRaftLogWorker.java:close(224)) - 9aa4720c-4ff1-4461-88d1-1a3f7075fdcd@group-17F4A7731B8A-SegmentedRaftLogWorker close()
2019-10-09 23:42:51,356 [ForkJoinPool.commonPool-worker-1] INFO  server.GrpcService (GrpcService.java:closeImpl(164)) - 9aa4720c-4ff1-4461-88d1-1a3f7075fdcd: shutdown server with port 40006 now
2019-10-09 23:42:51,357 [grpc-default-executor-9] WARN  client.GrpcClientProtocolService (LogUtils.java:warn(134)) - 1-UnorderedRequestStreamObserver1: onError: org.apache.ratis.thirdparty.io.grpc.StatusRuntimeException: CANCELLED: cancelled before receiving half close
2019-10-09 23:42:51,357 [ForkJoinPool.commonPool-worker-1] INFO  server.GrpcService (GrpcService.java:closeImpl(172)) - 9aa4720c-4ff1-4461-88d1-1a3f7075fdcd: shutdown server with port 40006 successfully
2019-10-09 23:42:51,361 [2fa37604-7db0-4e2a-bcef-caac287edc99@group-F1A982B19A43-StateMachineUpdater] INFO  ratis.ContainerStateMachine (ContainerStateMachine.java:takeSnapshot(305)) - group-F1A982B19A43: Finished taking a snapshot at:(t:1, i:3) file:/workdir/hadoop-ozone/integration-test/target/test-dir/MiniOzoneClusterImpl-8b6ca641-6d7f-4583-914a-a0f78aea40f0/datanode-6/data/ratis/b5a41277-d5a2-4f4a-bed7-f1a982b19a43/sm/snapshot.1_3 time:12
2019-10-09 23:42:51,361 [2fa37604-7db0-4e2a-bcef-caac287edc99@group-F1A982B19A43-StateMachineUpdater] INFO  impl.StateMachineUpdater (StateMachineUpdater.java:takeSnapshot(269)) - 2fa37604-7db0-4e2a-bcef-caac287edc99@group-F1A982B19A43-StateMachineUpdater: Took a snapshot at index 3
2019-10-09 23:42:51,361 [2fa37604-7db0-4e2a-bcef-caac287edc99@group-F1A982B19A43-StateMachineUpdater] INFO  impl.StateMachineUpdater (StateMachineUpdater.java:lambda$new$0(84)) - 2fa37604-7db0-4e2a-bcef-caac287edc99@group-F1A982B19A43-StateMachineUpdater: snapshotIndex: updateIncreasingly 3 -> 3
2019-10-09 23:42:51,362 [main] INFO  impl.RaftServerImpl (ServerState.java:close(387)) - 2fa37604-7db0-4e2a-bcef-caac287edc99@group-F1A982B19A43: closes. applyIndex: 4
2019-10-09 23:42:51,362 [refreshUsed-/workdir/hadoop-ozone/integration-test/target/test-dir/MiniOzoneClusterImpl-8b6ca641-6d7f-4583-914a-a0f78aea40f0/datanode-2/data/containers] WARN  fs.CachingGetSpaceUsed (CachingGetSpaceUsed.java:run(183)) - Thread Interrupted waiting to refresh disk information: sleep interrupted
2019-10-09 23:42:51,362 [2fa37604-7db0-4e2a-bcef-caac287edc99@group-F1A982B19A43-SegmentedRaftLogWorker] INFO  segmented.SegmentedRaftLogWorker (SegmentedRaftLogWorker.java:run(316)) - 2fa37604-7db0-4e2a-bcef-caac287edc99@group-F1A982B19A43-SegmentedRaftLogWorker was interrupted, exiting. There are 0 tasks remaining in the queue.
2019-10-09 23:42:51,364 [main] INFO  segmented.SegmentedRaftLogWorker (SegmentedRaftLogWorker.java:close(224)) - 2fa37604-7db0-4e2a-bcef-caac287edc99@group-F1A982B19A43-SegmentedRaftLogWorker close()
2019-10-09 23:42:51,367 [main] INFO  impl.RaftServerImpl (RaftServerImpl.java:lambda$shutdown$3(247)) - 2fa37604-7db0-4e2a-bcef-caac287edc99@group-6E1002E0E66A: shutdown
2019-10-09 23:42:51,367 [main] INFO  util.JmxRegister (JmxRegister.java:unregister(73)) - Successfully un-registered JMX Bean with object name Ratis:service=RaftServer,group=group-6E1002E0E66A,id=2fa37604-7db0-4e2a-bcef-caac287edc99
2019-10-09 23:42:51,368 [main] INFO  impl.RoleInfo (RoleInfo.java:shutdownLeaderState(104)) - 2fa37604-7db0-4e2a-bcef-caac287edc99: shutdown LeaderState
2019-10-09 23:42:51,370 [org.apache.ratis.server.impl.LogAppender$AppenderDaemon$$Lambda$529/97826224@7ef6f4b3] WARN  server.GrpcLogAppender (GrpcLogAppender.java:mayWait(143)) - 2fa37604-7db0-4e2a-bcef-caac287edc99@group-6E1002E0E66A->048ed862-969d-4a53-9065-988fa7882172-GrpcLogAppender: Wait interrupted by java.lang.InterruptedException
2019-10-09 23:42:51,371 [main] INFO  impl.PendingRequests (PendingRequests.java:sendNotLeaderResponses(202)) - 2fa37604-7db0-4e2a-bcef-caac287edc99@group-6E1002E0E66A-PendingRequests: sendNotLeaderResponses
2019-10-09 23:42:51,371 [org.apache.ratis.server.impl.LogAppender$AppenderDaemon$$Lambda$529/97826224@61e916d6] WARN  server.GrpcLogAppender (GrpcLogAppender.java:mayWait(143)) - 2fa37604-7db0-4e2a-bcef-caac287edc99@group-6E1002E0E66A->db0f9e5f-40c7-432b-82eb-2896485fae3f-GrpcLogAppender: Wait interrupted by java.lang.InterruptedException
2019-10-09 23:42:51,371 [main] INFO  impl.StateMachineUpdater (StateMachineUpdater.java:stopAndJoin(136)) - 2fa37604-7db0-4e2a-bcef-caac287edc99@group-6E1002E0E66A-StateMachineUpdater: set stopIndex = 17
2019-10-09 23:42:51,371 [2fa37604-7db0-4e2a-bcef-caac287edc99@group-6E1002E0E66A-StateMachineUpdater] INFO  ratis.ContainerStateMachine (ContainerStateMachine.java:takeSnapshot(294)) - group-6E1002E0E66A: Taking a snapshot at:(t:1, i:13) file /workdir/hadoop-ozone/integration-test/target/test-dir/MiniOzoneClusterImpl-8b6ca641-6d7f-4583-914a-a0f78aea40f0/datanode-6/data/ratis/e154a239-4471-404e-a663-6e1002e0e66a/sm/snapshot.1_13
2019-10-09 23:42:51,380 [ForkJoinPool.commonPool-worker-1] INFO  utils.BackgroundService (BackgroundService.java:shutdown(151)) - Shutting down service BlockDeletingService
2019-10-09 23:42:51,385 [ForkJoinPool.commonPool-worker-1] INFO  statemachine.DatanodeStateMachine (DatanodeStateMachine.java:stopDaemon(395)) - Ozone container server stopped.
2019-10-09 23:42:51,386 [2fa37604-7db0-4e2a-bcef-caac287edc99@group-6E1002E0E66A-StateMachineUpdater] INFO  ratis.ContainerStateMachine (ContainerStateMachine.java:takeSnapshot(305)) - group-6E1002E0E66A: Finished taking a snapshot at:(t:1, i:13) file:/workdir/hadoop-ozone/integration-test/target/test-dir/MiniOzoneClusterImpl-8b6ca641-6d7f-4583-914a-a0f78aea40f0/datanode-6/data/ratis/e154a239-4471-404e-a663-6e1002e0e66a/sm/snapshot.1_13 time:15
2019-10-09 23:42:51,386 [2fa37604-7db0-4e2a-bcef-caac287edc99@group-6E1002E0E66A-StateMachineUpdater] INFO  impl.StateMachineUpdater (StateMachineUpdater.java:takeSnapshot(269)) - 2fa37604-7db0-4e2a-bcef-caac287edc99@group-6E1002E0E66A-StateMachineUpdater: Took a snapshot at index 13
2019-10-09 23:42:51,387 [2fa37604-7db0-4e2a-bcef-caac287edc99@group-6E1002E0E66A-StateMachineUpdater] INFO  impl.StateMachineUpdater (StateMachineUpdater.java:lambda$new$0(84)) - 2fa37604-7db0-4e2a-bcef-caac287edc99@group-6E1002E0E66A-StateMachineUpdater: snapshotIndex: updateIncreasingly -1 -> 13
2019-10-09 23:42:51,387 [2fa37604-7db0-4e2a-bcef-caac287edc99@group-6E1002E0E66A-StateMachineUpdater] INFO  ratis.ContainerStateMachine (ContainerStateMachine.java:takeSnapshot(294)) - group-6E1002E0E66A: Taking a snapshot at:(t:1, i:13) file /workdir/hadoop-ozone/integration-test/target/test-dir/MiniOzoneClusterImpl-8b6ca641-6d7f-4583-914a-a0f78aea40f0/datanode-6/data/ratis/e154a239-4471-404e-a663-6e1002e0e66a/sm/snapshot.1_13
2019-10-09 23:42:51,389 [ForkJoinPool.commonPool-worker-1] INFO  handler.ContextHandler (ContextHandler.java:doStop(910)) - Stopped o.e.j.w.WebAppContext@56fda064{/,null,UNAVAILABLE}{/hddsDatanode}
2019-10-09 23:42:51,389 [ForkJoinPool.commonPool-worker-1] INFO  server.AbstractConnector (AbstractConnector.java:doStop(318)) - Stopped ServerConnector@6cdee57{HTTP/1.1,[http/1.1]}{0.0.0.0:0}
2019-10-09 23:42:51,389 [ForkJoinPool.commonPool-worker-1] INFO  handler.ContextHandler (ContextHandler.java:doStop(910)) - Stopped o.e.j.s.ServletContextHandler@53ea380b{/static,jar:file:/home/user/.m2/repository/org/apache/hadoop/hadoop-hdds-container-service/0.5.0-SNAPSHOT/hadoop-hdds-container-service-0.5.0-SNAPSHOT.jar!/webapps/static,UNAVAILABLE}
2019-10-09 23:42:51,390 [ForkJoinPool.commonPool-worker-1] INFO  handler.ContextHandler (ContextHandler.java:doStop(910)) - Stopped o.e.j.s.ServletContextHandler@78116659{/logs,file:///workdir/hadoop-ozone/integration-test/target/log,UNAVAILABLE}
2019-10-09 23:42:51,415 [2fa37604-7db0-4e2a-bcef-caac287edc99@group-6E1002E0E66A-StateMachineUpdater] INFO  ratis.ContainerStateMachine (ContainerStateMachine.java:takeSnapshot(305)) - group-6E1002E0E66A: Finished taking a snapshot at:(t:1, i:13) file:/workdir/hadoop-ozone/integration-test/target/test-dir/MiniOzoneClusterImpl-8b6ca641-6d7f-4583-914a-a0f78aea40f0/datanode-6/data/ratis/e154a239-4471-404e-a663-6e1002e0e66a/sm/snapshot.1_13 time:29
2019-10-09 23:42:51,416 [2fa37604-7db0-4e2a-bcef-caac287edc99@group-6E1002E0E66A-StateMachineUpdater] INFO  impl.StateMachineUpdater (StateMachineUpdater.java:takeSnapshot(269)) - 2fa37604-7db0-4e2a-bcef-caac287edc99@group-6E1002E0E66A-StateMachineUpdater: Took a snapshot at index 13
2019-10-09 23:42:51,416 [2fa37604-7db0-4e2a-bcef-caac287edc99@group-6E1002E0E66A-StateMachineUpdater] INFO  impl.StateMachineUpdater (StateMachineUpdater.java:lambda$new$0(84)) - 2fa37604-7db0-4e2a-bcef-caac287edc99@group-6E1002E0E66A-StateMachineUpdater: snapshotIndex: updateIncreasingly 13 -> 13
2019-10-09 23:42:51,416 [main] INFO  impl.RaftServerImpl (ServerState.java:close(387)) - 2fa37604-7db0-4e2a-bcef-caac287edc99@group-6E1002E0E66A: closes. applyIndex: 17
2019-10-09 23:42:51,417 [2fa37604-7db0-4e2a-bcef-caac287edc99@group-6E1002E0E66A-SegmentedRaftLogWorker] INFO  segmented.SegmentedRaftLogWorker (SegmentedRaftLogWorker.java:run(316)) - 2fa37604-7db0-4e2a-bcef-caac287edc99@group-6E1002E0E66A-SegmentedRaftLogWorker was interrupted, exiting. There are 0 tasks remaining in the queue.
2019-10-09 23:42:51,418 [main] INFO  segmented.SegmentedRaftLogWorker (SegmentedRaftLogWorker.java:close(224)) - 2fa37604-7db0-4e2a-bcef-caac287edc99@group-6E1002E0E66A-SegmentedRaftLogWorker close()
2019-10-09 23:42:51,420 [main] INFO  server.GrpcService (GrpcService.java:closeImpl(164)) - 2fa37604-7db0-4e2a-bcef-caac287edc99: shutdown server with port 43506 now
2019-10-09 23:42:51,421 [main] INFO  server.GrpcService (GrpcService.java:closeImpl(172)) - 2fa37604-7db0-4e2a-bcef-caac287edc99: shutdown server with port 43506 successfully
2019-10-09 23:42:51,423 [refreshUsed-/workdir/hadoop-ozone/integration-test/target/test-dir/MiniOzoneClusterImpl-8b6ca641-6d7f-4583-914a-a0f78aea40f0/datanode-6/data/containers] WARN  fs.CachingGetSpaceUsed (CachingGetSpaceUsed.java:run(183)) - Thread Interrupted waiting to refresh disk information: sleep interrupted
2019-10-09 23:42:51,438 [main] INFO  utils.BackgroundService (BackgroundService.java:shutdown(151)) - Shutting down service BlockDeletingService
2019-10-09 23:42:51,442 [main] INFO  statemachine.DatanodeStateMachine (DatanodeStateMachine.java:stopDaemon(395)) - Ozone container server stopped.
2019-10-09 23:42:51,443 [main] INFO  handler.ContextHandler (ContextHandler.java:doStop(910)) - Stopped o.e.j.w.WebAppContext@103c97ff{/,null,UNAVAILABLE}{/hddsDatanode}
2019-10-09 23:42:51,445 [main] INFO  server.AbstractConnector (AbstractConnector.java:doStop(318)) - Stopped ServerConnector@7d25913{HTTP/1.1,[http/1.1]}{0.0.0.0:0}
2019-10-09 23:42:51,445 [main] INFO  handler.ContextHandler (ContextHandler.java:doStop(910)) - Stopped o.e.j.s.ServletContextHandler@437281c5{/static,jar:file:/home/user/.m2/repository/org/apache/hadoop/hadoop-hdds-container-service/0.5.0-SNAPSHOT/hadoop-hdds-container-service-0.5.0-SNAPSHOT.jar!/webapps/static,UNAVAILABLE}
2019-10-09 23:42:51,445 [main] INFO  handler.ContextHandler (ContextHandler.java:doStop(910)) - Stopped o.e.j.s.ServletContextHandler@96abc76{/logs,file:///workdir/hadoop-ozone/integration-test/target/log,UNAVAILABLE}
2019-10-09 23:42:51,524 [Datanode State Machine Thread - 0] INFO  statemachine.DatanodeStateMachine (DatanodeStateMachine.java:lambda$startDaemon$0(350)) - Ozone container server started.
2019-10-09 23:42:52,077 [Datanode State Machine Thread - 0] INFO  statemachine.DatanodeStateMachine (DatanodeStateMachine.java:lambda$startDaemon$0(350)) - Ozone container server started.
2019-10-09 23:42:55,000 [Thread-3377] INFO  impl.FollowerState (FollowerState.java:run(108)) - 347733b7-3083-402e-906e-121f5d9a8d9c@group-F1A982B19A43-FollowerState: change to CANDIDATE, lastRpcTime:8897ms, electionTimeout:5022ms
2019-10-09 23:42:55,001 [Thread-3377] INFO  impl.RoleInfo (RoleInfo.java:shutdownFollowerState(121)) - 347733b7-3083-402e-906e-121f5d9a8d9c: shutdown FollowerState
2019-10-09 23:42:55,001 [Thread-3377] INFO  impl.RaftServerImpl (RaftServerImpl.java:setRole(170)) - 347733b7-3083-402e-906e-121f5d9a8d9c@group-F1A982B19A43: changes role from  FOLLOWER to CANDIDATE at term 1 for changeToCandidate
2019-10-09 23:42:55,001 [Thread-3377] INFO  impl.RoleInfo (RoleInfo.java:updateAndGet(143)) - 347733b7-3083-402e-906e-121f5d9a8d9c: start LeaderElection
2019-10-09 23:42:55,004 [347733b7-3083-402e-906e-121f5d9a8d9c@group-F1A982B19A43-LeaderElection89] INFO  impl.RaftServerImpl (ServerState.java:setLeader(255)) - 347733b7-3083-402e-906e-121f5d9a8d9c@group-F1A982B19A43: change Leader from 048ed862-969d-4a53-9065-988fa7882172 to null at term 1 for initElection
2019-10-09 23:42:55,020 [347733b7-3083-402e-906e-121f5d9a8d9c@group-F1A982B19A43-LeaderElection89] INFO  impl.LeaderElection (LeaderElection.java:askForVotes(178)) - 347733b7-3083-402e-906e-121f5d9a8d9c@group-F1A982B19A43-LeaderElection89: begin an election at term 2 for 0: [347733b7-3083-402e-906e-121f5d9a8d9c:192.168.151.98:34194, 2fa37604-7db0-4e2a-bcef-caac287edc99:192.168.151.98:43506, 048ed862-969d-4a53-9065-988fa7882172:192.168.151.98:42040], old=null
2019-10-09 23:42:55,025 [347733b7-3083-402e-906e-121f5d9a8d9c@group-F1A982B19A43-LeaderElection89] INFO  impl.LeaderElection (LogUtils.java:infoOrTrace(149)) - 347733b7-3083-402e-906e-121f5d9a8d9c@group-F1A982B19A43-LeaderElection89 got exception when requesting votes: {}
java.util.concurrent.ExecutionException: org.apache.ratis.thirdparty.io.grpc.StatusRuntimeException: UNAVAILABLE: io exception
	at java.util.concurrent.FutureTask.report(FutureTask.java:122)
	at java.util.concurrent.FutureTask.get(FutureTask.java:192)
	at org.apache.ratis.server.impl.LeaderElection.waitForResults(LeaderElection.java:259)
	at org.apache.ratis.server.impl.LeaderElection.askForVotes(LeaderElection.java:197)
	at org.apache.ratis.server.impl.LeaderElection.run(LeaderElection.java:133)
	at java.lang.Thread.run(Thread.java:748)
Caused by: org.apache.ratis.thirdparty.io.grpc.StatusRuntimeException: UNAVAILABLE: io exception
	at org.apache.ratis.thirdparty.io.grpc.stub.ClientCalls.toStatusRuntimeException(ClientCalls.java:233)
	at org.apache.ratis.thirdparty.io.grpc.stub.ClientCalls.getUnchecked(ClientCalls.java:214)
	at org.apache.ratis.thirdparty.io.grpc.stub.ClientCalls.blockingUnaryCall(ClientCalls.java:139)
	at org.apache.ratis.proto.grpc.RaftServerProtocolServiceGrpc$RaftServerProtocolServiceBlockingStub.requestVote(RaftServerProtocolServiceGrpc.java:265)
	at org.apache.ratis.grpc.server.GrpcServerProtocolClient.requestVote(GrpcServerProtocolClient.java:99)
	at org.apache.ratis.grpc.server.GrpcService.requestVote(GrpcService.java:204)
	at org.apache.ratis.server.impl.LeaderElection.lambda$submitRequests$1(LeaderElection.java:234)
	at java.util.concurrent.FutureTask.run(FutureTask.java:266)
	at java.util.concurrent.Executors$RunnableAdapter.call(Executors.java:511)
	at java.util.concurrent.FutureTask.run(FutureTask.java:266)
	at java.util.concurrent.ThreadPoolExecutor.runWorker(ThreadPoolExecutor.java:1149)
	at java.util.concurrent.ThreadPoolExecutor$Worker.run(ThreadPoolExecutor.java:624)
	... 1 more
Caused by: org.apache.ratis.thirdparty.io.netty.channel.AbstractChannel$AnnotatedConnectException: Connection refused: /192.168.151.98:43506
	at sun.nio.ch.SocketChannelImpl.checkConnect(Native Method)
	at sun.nio.ch.SocketChannelImpl.finishConnect(SocketChannelImpl.java:717)
	at org.apache.ratis.thirdparty.io.netty.channel.socket.nio.NioSocketChannel.doFinishConnect(NioSocketChannel.java:327)
	at org.apache.ratis.thirdparty.io.netty.channel.nio.AbstractNioChannel$AbstractNioUnsafe.finishConnect(AbstractNioChannel.java:340)
	at org.apache.ratis.thirdparty.io.netty.channel.nio.NioEventLoop.processSelectedKey(NioEventLoop.java:632)
	at org.apache.ratis.thirdparty.io.netty.channel.nio.NioEventLoop.processSelectedKeysOptimized(NioEventLoop.java:579)
	at org.apache.ratis.thirdparty.io.netty.channel.nio.NioEventLoop.processSelectedKeys(NioEventLoop.java:496)
	at org.apache.ratis.thirdparty.io.netty.channel.nio.NioEventLoop.run(NioEventLoop.java:458)
	at org.apache.ratis.thirdparty.io.netty.util.concurrent.SingleThreadEventExecutor$5.run(SingleThreadEventExecutor.java:897)
	at org.apache.ratis.thirdparty.io.netty.util.concurrent.FastThreadLocalRunnable.run(FastThreadLocalRunnable.java:30)
	... 1 more
Caused by: java.net.ConnectException: Connection refused
	... 11 more
2019-10-09 23:42:55,027 [347733b7-3083-402e-906e-121f5d9a8d9c@group-F1A982B19A43-LeaderElection89] INFO  impl.LeaderElection (LogUtils.java:infoOrTrace(149)) - 347733b7-3083-402e-906e-121f5d9a8d9c@group-F1A982B19A43-LeaderElection89 got exception when requesting votes: {}
java.util.concurrent.ExecutionException: org.apache.ratis.thirdparty.io.grpc.StatusRuntimeException: UNAVAILABLE: io exception
	at java.util.concurrent.FutureTask.report(FutureTask.java:122)
	at java.util.concurrent.FutureTask.get(FutureTask.java:192)
	at org.apache.ratis.server.impl.LeaderElection.waitForResults(LeaderElection.java:259)
	at org.apache.ratis.server.impl.LeaderElection.askForVotes(LeaderElection.java:197)
	at org.apache.ratis.server.impl.LeaderElection.run(LeaderElection.java:133)
	at java.lang.Thread.run(Thread.java:748)
Caused by: org.apache.ratis.thirdparty.io.grpc.StatusRuntimeException: UNAVAILABLE: io exception
	at org.apache.ratis.thirdparty.io.grpc.stub.ClientCalls.toStatusRuntimeException(ClientCalls.java:233)
	at org.apache.ratis.thirdparty.io.grpc.stub.ClientCalls.getUnchecked(ClientCalls.java:214)
	at org.apache.ratis.thirdparty.io.grpc.stub.ClientCalls.blockingUnaryCall(ClientCalls.java:139)
	at org.apache.ratis.proto.grpc.RaftServerProtocolServiceGrpc$RaftServerProtocolServiceBlockingStub.requestVote(RaftServerProtocolServiceGrpc.java:265)
	at org.apache.ratis.grpc.server.GrpcServerProtocolClient.requestVote(GrpcServerProtocolClient.java:99)
	at org.apache.ratis.grpc.server.GrpcService.requestVote(GrpcService.java:204)
	at org.apache.ratis.server.impl.LeaderElection.lambda$submitRequests$1(LeaderElection.java:234)
	at java.util.concurrent.FutureTask.run(FutureTask.java:266)
	at java.util.concurrent.Executors$RunnableAdapter.call(Executors.java:511)
	at java.util.concurrent.FutureTask.run(FutureTask.java:266)
	at java.util.concurrent.ThreadPoolExecutor.runWorker(ThreadPoolExecutor.java:1149)
	at java.util.concurrent.ThreadPoolExecutor$Worker.run(ThreadPoolExecutor.java:624)
	... 1 more
Caused by: org.apache.ratis.thirdparty.io.netty.channel.AbstractChannel$AnnotatedConnectException: Connection refused: /192.168.151.98:42040
	at sun.nio.ch.SocketChannelImpl.checkConnect(Native Method)
	at sun.nio.ch.SocketChannelImpl.finishConnect(SocketChannelImpl.java:717)
	at org.apache.ratis.thirdparty.io.netty.channel.socket.nio.NioSocketChannel.doFinishConnect(NioSocketChannel.java:327)
	at org.apache.ratis.thirdparty.io.netty.channel.nio.AbstractNioChannel$AbstractNioUnsafe.finishConnect(AbstractNioChannel.java:340)
	at org.apache.ratis.thirdparty.io.netty.channel.nio.NioEventLoop.processSelectedKey(NioEventLoop.java:632)
	at org.apache.ratis.thirdparty.io.netty.channel.nio.NioEventLoop.processSelectedKeysOptimized(NioEventLoop.java:579)
	at org.apache.ratis.thirdparty.io.netty.channel.nio.NioEventLoop.processSelectedKeys(NioEventLoop.java:496)
	at org.apache.ratis.thirdparty.io.netty.channel.nio.NioEventLoop.run(NioEventLoop.java:458)
	at org.apache.ratis.thirdparty.io.netty.util.concurrent.SingleThreadEventExecutor$5.run(SingleThreadEventExecutor.java:897)
	at org.apache.ratis.thirdparty.io.netty.util.concurrent.FastThreadLocalRunnable.run(FastThreadLocalRunnable.java:30)
	... 1 more
Caused by: java.net.ConnectException: Connection refused
	... 11 more
2019-10-09 23:42:55,029 [347733b7-3083-402e-906e-121f5d9a8d9c@group-F1A982B19A43-LeaderElection89] INFO  impl.LeaderElection (LeaderElection.java:logAndReturn(56)) - 347733b7-3083-402e-906e-121f5d9a8d9c@group-F1A982B19A43-LeaderElection89: Election REJECTED; received 0 response(s) [] and 2 exception(s); 347733b7-3083-402e-906e-121f5d9a8d9c@group-F1A982B19A43:t2, leader=null, voted=347733b7-3083-402e-906e-121f5d9a8d9c, raftlog=347733b7-3083-402e-906e-121f5d9a8d9c@group-F1A982B19A43-SegmentedRaftLog:OPENED:c4,f4,i4, conf=0: [347733b7-3083-402e-906e-121f5d9a8d9c:192.168.151.98:34194, 2fa37604-7db0-4e2a-bcef-caac287edc99:192.168.151.98:43506, 048ed862-969d-4a53-9065-988fa7882172:192.168.151.98:42040], old=null
2019-10-09 23:42:55,029 [347733b7-3083-402e-906e-121f5d9a8d9c@group-F1A982B19A43-LeaderElection89] INFO  impl.LeaderElection (LogUtils.java:infoOrTrace(149)) -   Exception 0: {}
java.util.concurrent.ExecutionException: org.apache.ratis.thirdparty.io.grpc.StatusRuntimeException: UNAVAILABLE: io exception
	at java.util.concurrent.FutureTask.report(FutureTask.java:122)
	at java.util.concurrent.FutureTask.get(FutureTask.java:192)
	at org.apache.ratis.server.impl.LeaderElection.waitForResults(LeaderElection.java:259)
	at org.apache.ratis.server.impl.LeaderElection.askForVotes(LeaderElection.java:197)
	at org.apache.ratis.server.impl.LeaderElection.run(LeaderElection.java:133)
	at java.lang.Thread.run(Thread.java:748)
Caused by: org.apache.ratis.thirdparty.io.grpc.StatusRuntimeException: UNAVAILABLE: io exception
	at org.apache.ratis.thirdparty.io.grpc.stub.ClientCalls.toStatusRuntimeException(ClientCalls.java:233)
	at org.apache.ratis.thirdparty.io.grpc.stub.ClientCalls.getUnchecked(ClientCalls.java:214)
	at org.apache.ratis.thirdparty.io.grpc.stub.ClientCalls.blockingUnaryCall(ClientCalls.java:139)
	at org.apache.ratis.proto.grpc.RaftServerProtocolServiceGrpc$RaftServerProtocolServiceBlockingStub.requestVote(RaftServerProtocolServiceGrpc.java:265)
	at org.apache.ratis.grpc.server.GrpcServerProtocolClient.requestVote(GrpcServerProtocolClient.java:99)
	at org.apache.ratis.grpc.server.GrpcService.requestVote(GrpcService.java:204)
	at org.apache.ratis.server.impl.LeaderElection.lambda$submitRequests$1(LeaderElection.java:234)
	at java.util.concurrent.FutureTask.run(FutureTask.java:266)
	at java.util.concurrent.Executors$RunnableAdapter.call(Executors.java:511)
	at java.util.concurrent.FutureTask.run(FutureTask.java:266)
	at java.util.concurrent.ThreadPoolExecutor.runWorker(ThreadPoolExecutor.java:1149)
	at java.util.concurrent.ThreadPoolExecutor$Worker.run(ThreadPoolExecutor.java:624)
	... 1 more
Caused by: org.apache.ratis.thirdparty.io.netty.channel.AbstractChannel$AnnotatedConnectException: Connection refused: /192.168.151.98:43506
	at sun.nio.ch.SocketChannelImpl.checkConnect(Native Method)
	at sun.nio.ch.SocketChannelImpl.finishConnect(SocketChannelImpl.java:717)
	at org.apache.ratis.thirdparty.io.netty.channel.socket.nio.NioSocketChannel.doFinishConnect(NioSocketChannel.java:327)
	at org.apache.ratis.thirdparty.io.netty.channel.nio.AbstractNioChannel$AbstractNioUnsafe.finishConnect(AbstractNioChannel.java:340)
	at org.apache.ratis.thirdparty.io.netty.channel.nio.NioEventLoop.processSelectedKey(NioEventLoop.java:632)
	at org.apache.ratis.thirdparty.io.netty.channel.nio.NioEventLoop.processSelectedKeysOptimized(NioEventLoop.java:579)
	at org.apache.ratis.thirdparty.io.netty.channel.nio.NioEventLoop.processSelectedKeys(NioEventLoop.java:496)
	at org.apache.ratis.thirdparty.io.netty.channel.nio.NioEventLoop.run(NioEventLoop.java:458)
	at org.apache.ratis.thirdparty.io.netty.util.concurrent.SingleThreadEventExecutor$5.run(SingleThreadEventExecutor.java:897)
	at org.apache.ratis.thirdparty.io.netty.util.concurrent.FastThreadLocalRunnable.run(FastThreadLocalRunnable.java:30)
	... 1 more
Caused by: java.net.ConnectException: Connection refused
	... 11 more
2019-10-09 23:42:55,030 [347733b7-3083-402e-906e-121f5d9a8d9c@group-F1A982B19A43-LeaderElection89] INFO  impl.LeaderElection (LogUtils.java:infoOrTrace(149)) -   Exception 1: {}
java.util.concurrent.ExecutionException: org.apache.ratis.thirdparty.io.grpc.StatusRuntimeException: UNAVAILABLE: io exception
	at java.util.concurrent.FutureTask.report(FutureTask.java:122)
	at java.util.concurrent.FutureTask.get(FutureTask.java:192)
	at org.apache.ratis.server.impl.LeaderElection.waitForResults(LeaderElection.java:259)
	at org.apache.ratis.server.impl.LeaderElection.askForVotes(LeaderElection.java:197)
	at org.apache.ratis.server.impl.LeaderElection.run(LeaderElection.java:133)
	at java.lang.Thread.run(Thread.java:748)
Caused by: org.apache.ratis.thirdparty.io.grpc.StatusRuntimeException: UNAVAILABLE: io exception
	at org.apache.ratis.thirdparty.io.grpc.stub.ClientCalls.toStatusRuntimeException(ClientCalls.java:233)
	at org.apache.ratis.thirdparty.io.grpc.stub.ClientCalls.getUnchecked(ClientCalls.java:214)
	at org.apache.ratis.thirdparty.io.grpc.stub.ClientCalls.blockingUnaryCall(ClientCalls.java:139)
	at org.apache.ratis.proto.grpc.RaftServerProtocolServiceGrpc$RaftServerProtocolServiceBlockingStub.requestVote(RaftServerProtocolServiceGrpc.java:265)
	at org.apache.ratis.grpc.server.GrpcServerProtocolClient.requestVote(GrpcServerProtocolClient.java:99)
	at org.apache.ratis.grpc.server.GrpcService.requestVote(GrpcService.java:204)
	at org.apache.ratis.server.impl.LeaderElection.lambda$submitRequests$1(LeaderElection.java:234)
	at java.util.concurrent.FutureTask.run(FutureTask.java:266)
	at java.util.concurrent.Executors$RunnableAdapter.call(Executors.java:511)
	at java.util.concurrent.FutureTask.run(FutureTask.java:266)
	at java.util.concurrent.ThreadPoolExecutor.runWorker(ThreadPoolExecutor.java:1149)
	at java.util.concurrent.ThreadPoolExecutor$Worker.run(ThreadPoolExecutor.java:624)
	... 1 more
Caused by: org.apache.ratis.thirdparty.io.netty.channel.AbstractChannel$AnnotatedConnectException: Connection refused: /192.168.151.98:42040
	at sun.nio.ch.SocketChannelImpl.checkConnect(Native Method)
	at sun.nio.ch.SocketChannelImpl.finishConnect(SocketChannelImpl.java:717)
	at org.apache.ratis.thirdparty.io.netty.channel.socket.nio.NioSocketChannel.doFinishConnect(NioSocketChannel.java:327)
	at org.apache.ratis.thirdparty.io.netty.channel.nio.AbstractNioChannel$AbstractNioUnsafe.finishConnect(AbstractNioChannel.java:340)
	at org.apache.ratis.thirdparty.io.netty.channel.nio.NioEventLoop.processSelectedKey(NioEventLoop.java:632)
	at org.apache.ratis.thirdparty.io.netty.channel.nio.NioEventLoop.processSelectedKeysOptimized(NioEventLoop.java:579)
	at org.apache.ratis.thirdparty.io.netty.channel.nio.NioEventLoop.processSelectedKeys(NioEventLoop.java:496)
	at org.apache.ratis.thirdparty.io.netty.channel.nio.NioEventLoop.run(NioEventLoop.java:458)
	at org.apache.ratis.thirdparty.io.netty.util.concurrent.SingleThreadEventExecutor$5.run(SingleThreadEventExecutor.java:897)
	at org.apache.ratis.thirdparty.io.netty.util.concurrent.FastThreadLocalRunnable.run(FastThreadLocalRunnable.java:30)
	... 1 more
Caused by: java.net.ConnectException: Connection refused
	... 11 more
2019-10-09 23:42:55,030 [347733b7-3083-402e-906e-121f5d9a8d9c@group-F1A982B19A43-LeaderElection89] INFO  impl.RaftServerImpl (RaftServerImpl.java:setRole(170)) - 347733b7-3083-402e-906e-121f5d9a8d9c@group-F1A982B19A43: changes role from CANDIDATE to FOLLOWER at term 2 for DISCOVERED_A_NEW_TERM
2019-10-09 23:42:55,030 [347733b7-3083-402e-906e-121f5d9a8d9c@group-F1A982B19A43-LeaderElection89] INFO  impl.RoleInfo (RoleInfo.java:shutdownLeaderElection(134)) - 347733b7-3083-402e-906e-121f5d9a8d9c: shutdown LeaderElection
2019-10-09 23:42:55,031 [347733b7-3083-402e-906e-121f5d9a8d9c@group-F1A982B19A43-LeaderElection89] INFO  impl.RoleInfo (RoleInfo.java:updateAndGet(143)) - 347733b7-3083-402e-906e-121f5d9a8d9c: start FollowerState
2019-10-09 23:42:55,534 [EventQueue-StaleNodeForStaleNodeHandler] INFO  node.StaleNodeHandler (StaleNodeHandler.java:onMessage(58)) - Datanode d136ae8b-688f-4f7c-93b0-c5cb447f1571{ip: 192.168.151.98, host: pr-hdds-2194-ks6jj-815731239, networkLocation: /default-rack, certSerialId: null} moved to stale state. Finalizing its pipelines [PipelineID=c7f31775-4b44-4189-8d08-822fca5868a2, PipelineID=98701677-2582-4086-a233-8c33bfa2bbe8]
2019-10-09 23:42:55,537 [EventQueue-StaleNodeForStaleNodeHandler] INFO  pipeline.SCMPipelineManager (SCMPipelineManager.java:finalizeAndDestroyPipeline(315)) - destroying pipeline:Pipeline[ Id: c7f31775-4b44-4189-8d08-822fca5868a2, Nodes: d136ae8b-688f-4f7c-93b0-c5cb447f1571{ip: 192.168.151.98, host: pr-hdds-2194-ks6jj-815731239, networkLocation: /default-rack, certSerialId: null}, Type:RATIS, Factor:ONE, State:OPEN]
2019-10-09 23:42:55,537 [EventQueue-StaleNodeForStaleNodeHandler] INFO  pipeline.PipelineStateManager (PipelineStateManager.java:finalizePipeline(123)) - Pipeline Pipeline[ Id: c7f31775-4b44-4189-8d08-822fca5868a2, Nodes: d136ae8b-688f-4f7c-93b0-c5cb447f1571{ip: 192.168.151.98, host: pr-hdds-2194-ks6jj-815731239, networkLocation: /default-rack, certSerialId: null}, Type:RATIS, Factor:ONE, State:CLOSED] moved to CLOSED state
2019-10-09 23:42:55,538 [EventQueue-StaleNodeForStaleNodeHandler] INFO  pipeline.SCMPipelineManager (SCMPipelineManager.java:finalizeAndDestroyPipeline(315)) - destroying pipeline:Pipeline[ Id: 98701677-2582-4086-a233-8c33bfa2bbe8, Nodes: d136ae8b-688f-4f7c-93b0-c5cb447f1571{ip: 192.168.151.98, host: pr-hdds-2194-ks6jj-815731239, networkLocation: /default-rack, certSerialId: null}9aa4720c-4ff1-4461-88d1-1a3f7075fdcd{ip: 192.168.151.98, host: pr-hdds-2194-ks6jj-815731239, networkLocation: /default-rack, certSerialId: null}8b64e72b-f692-4da6-8701-d8357aa19361{ip: 192.168.151.98, host: pr-hdds-2194-ks6jj-815731239, networkLocation: /default-rack, certSerialId: null}, Type:RATIS, Factor:THREE, State:CLOSED]
2019-10-09 23:42:56,135 [EventQueue-StaleNodeForStaleNodeHandler] INFO  node.StaleNodeHandler (StaleNodeHandler.java:onMessage(58)) - Datanode 347733b7-3083-402e-906e-121f5d9a8d9c{ip: 192.168.151.98, host: pr-hdds-2194-ks6jj-815731239, networkLocation: /default-rack, certSerialId: null} moved to stale state. Finalizing its pipelines [PipelineID=a4bd2279-4c70-45a4-98db-a6242274143e, PipelineID=b5a41277-d5a2-4f4a-bed7-f1a982b19a43]
2019-10-09 23:42:56,135 [EventQueue-StaleNodeForStaleNodeHandler] INFO  pipeline.SCMPipelineManager (SCMPipelineManager.java:finalizeAndDestroyPipeline(315)) - destroying pipeline:Pipeline[ Id: a4bd2279-4c70-45a4-98db-a6242274143e, Nodes: 347733b7-3083-402e-906e-121f5d9a8d9c{ip: 192.168.151.98, host: pr-hdds-2194-ks6jj-815731239, networkLocation: /default-rack, certSerialId: null}, Type:RATIS, Factor:ONE, State:OPEN]
2019-10-09 23:42:56,135 [EventQueue-StaleNodeForStaleNodeHandler] INFO  pipeline.PipelineStateManager (PipelineStateManager.java:finalizePipeline(123)) - Pipeline Pipeline[ Id: a4bd2279-4c70-45a4-98db-a6242274143e, Nodes: 347733b7-3083-402e-906e-121f5d9a8d9c{ip: 192.168.151.98, host: pr-hdds-2194-ks6jj-815731239, networkLocation: /default-rack, certSerialId: null}, Type:RATIS, Factor:ONE, State:CLOSED] moved to CLOSED state
2019-10-09 23:42:56,136 [EventQueue-StaleNodeForStaleNodeHandler] INFO  pipeline.SCMPipelineManager (SCMPipelineManager.java:finalizeAndDestroyPipeline(315)) - destroying pipeline:Pipeline[ Id: b5a41277-d5a2-4f4a-bed7-f1a982b19a43, Nodes: 048ed862-969d-4a53-9065-988fa7882172{ip: 192.168.151.98, host: pr-hdds-2194-ks6jj-815731239, networkLocation: /default-rack, certSerialId: null}2fa37604-7db0-4e2a-bcef-caac287edc99{ip: 192.168.151.98, host: pr-hdds-2194-ks6jj-815731239, networkLocation: /default-rack, certSerialId: null}347733b7-3083-402e-906e-121f5d9a8d9c{ip: 192.168.151.98, host: pr-hdds-2194-ks6jj-815731239, networkLocation: /default-rack, certSerialId: null}, Type:RATIS, Factor:THREE, State:CLOSED]
2019-10-09 23:42:56,392 [ForkJoinPool.commonPool-worker-1] INFO  ozoneimpl.OzoneContainer (OzoneContainer.java:stop(227)) - Attempting to stop container services.
2019-10-09 23:42:56,394 [ForkJoinPool.commonPool-worker-1] INFO  impl.RaftServerProxy (RaftServerProxy.java:lambda$close$4(314)) - d136ae8b-688f-4f7c-93b0-c5cb447f1571: close
2019-10-09 23:42:56,395 [ForkJoinPool.commonPool-worker-1] INFO  impl.RaftServerImpl (RaftServerImpl.java:lambda$shutdown$3(247)) - d136ae8b-688f-4f7c-93b0-c5cb447f1571@group-822FCA5868A2: shutdown
2019-10-09 23:42:56,395 [ForkJoinPool.commonPool-worker-1] INFO  util.JmxRegister (JmxRegister.java:unregister(73)) - Successfully un-registered JMX Bean with object name Ratis:service=RaftServer,group=group-822FCA5868A2,id=d136ae8b-688f-4f7c-93b0-c5cb447f1571
2019-10-09 23:42:56,396 [ForkJoinPool.commonPool-worker-1] INFO  impl.RoleInfo (RoleInfo.java:shutdownLeaderState(104)) - d136ae8b-688f-4f7c-93b0-c5cb447f1571: shutdown LeaderState
2019-10-09 23:42:56,396 [ForkJoinPool.commonPool-worker-1] INFO  impl.PendingRequests (PendingRequests.java:sendNotLeaderResponses(202)) - d136ae8b-688f-4f7c-93b0-c5cb447f1571@group-822FCA5868A2-PendingRequests: sendNotLeaderResponses
2019-10-09 23:42:56,397 [ForkJoinPool.commonPool-worker-1] INFO  impl.StateMachineUpdater (StateMachineUpdater.java:stopAndJoin(136)) - d136ae8b-688f-4f7c-93b0-c5cb447f1571@group-822FCA5868A2-StateMachineUpdater: set stopIndex = 0
2019-10-09 23:42:56,398 [ForkJoinPool.commonPool-worker-1] INFO  impl.RaftServerImpl (ServerState.java:close(387)) - d136ae8b-688f-4f7c-93b0-c5cb447f1571@group-822FCA5868A2: closes. applyIndex: 0
2019-10-09 23:42:56,398 [d136ae8b-688f-4f7c-93b0-c5cb447f1571@group-822FCA5868A2-SegmentedRaftLogWorker] INFO  segmented.SegmentedRaftLogWorker (SegmentedRaftLogWorker.java:run(316)) - d136ae8b-688f-4f7c-93b0-c5cb447f1571@group-822FCA5868A2-SegmentedRaftLogWorker was interrupted, exiting. There are 0 tasks remaining in the queue.
2019-10-09 23:42:56,400 [ForkJoinPool.commonPool-worker-1] INFO  segmented.SegmentedRaftLogWorker (SegmentedRaftLogWorker.java:close(224)) - d136ae8b-688f-4f7c-93b0-c5cb447f1571@group-822FCA5868A2-SegmentedRaftLogWorker close()
2019-10-09 23:42:56,401 [ForkJoinPool.commonPool-worker-1] INFO  impl.RaftServerImpl (RaftServerImpl.java:lambda$shutdown$3(247)) - d136ae8b-688f-4f7c-93b0-c5cb447f1571@group-8C33BFA2BBE8: shutdown
2019-10-09 23:42:56,402 [ForkJoinPool.commonPool-worker-1] INFO  util.JmxRegister (JmxRegister.java:unregister(73)) - Successfully un-registered JMX Bean with object name Ratis:service=RaftServer,group=group-8C33BFA2BBE8,id=d136ae8b-688f-4f7c-93b0-c5cb447f1571
2019-10-09 23:42:56,402 [ForkJoinPool.commonPool-worker-1] INFO  impl.RoleInfo (RoleInfo.java:shutdownFollowerState(121)) - d136ae8b-688f-4f7c-93b0-c5cb447f1571: shutdown FollowerState
2019-10-09 23:42:56,402 [ForkJoinPool.commonPool-worker-1] INFO  impl.StateMachineUpdater (StateMachineUpdater.java:stopAndJoin(136)) - d136ae8b-688f-4f7c-93b0-c5cb447f1571@group-8C33BFA2BBE8-StateMachineUpdater: set stopIndex = 16
2019-10-09 23:42:56,403 [Thread-3225] INFO  impl.FollowerState (FollowerState.java:run(117)) - d136ae8b-688f-4f7c-93b0-c5cb447f1571@group-8C33BFA2BBE8-FollowerState was interrupted: java.lang.InterruptedException: sleep interrupted
2019-10-09 23:42:56,403 [d136ae8b-688f-4f7c-93b0-c5cb447f1571@group-8C33BFA2BBE8-StateMachineUpdater] INFO  ratis.ContainerStateMachine (ContainerStateMachine.java:takeSnapshot(294)) - group-8C33BFA2BBE8: Taking a snapshot at:(t:2, i:16) file /workdir/hadoop-ozone/integration-test/target/test-dir/MiniOzoneClusterImpl-8b6ca641-6d7f-4583-914a-a0f78aea40f0/datanode-0/data/ratis/98701677-2582-4086-a233-8c33bfa2bbe8/sm/snapshot.2_16
2019-10-09 23:42:56,417 [d136ae8b-688f-4f7c-93b0-c5cb447f1571@group-8C33BFA2BBE8-StateMachineUpdater] INFO  ratis.ContainerStateMachine (ContainerStateMachine.java:takeSnapshot(305)) - group-8C33BFA2BBE8: Finished taking a snapshot at:(t:2, i:16) file:/workdir/hadoop-ozone/integration-test/target/test-dir/MiniOzoneClusterImpl-8b6ca641-6d7f-4583-914a-a0f78aea40f0/datanode-0/data/ratis/98701677-2582-4086-a233-8c33bfa2bbe8/sm/snapshot.2_16 time:14
2019-10-09 23:42:56,417 [d136ae8b-688f-4f7c-93b0-c5cb447f1571@group-8C33BFA2BBE8-StateMachineUpdater] INFO  impl.StateMachineUpdater (StateMachineUpdater.java:takeSnapshot(269)) - d136ae8b-688f-4f7c-93b0-c5cb447f1571@group-8C33BFA2BBE8-StateMachineUpdater: Took a snapshot at index 16
2019-10-09 23:42:56,417 [d136ae8b-688f-4f7c-93b0-c5cb447f1571@group-8C33BFA2BBE8-StateMachineUpdater] INFO  impl.StateMachineUpdater (StateMachineUpdater.java:lambda$new$0(84)) - d136ae8b-688f-4f7c-93b0-c5cb447f1571@group-8C33BFA2BBE8-StateMachineUpdater: snapshotIndex: updateIncreasingly -1 -> 16
2019-10-09 23:42:56,418 [ForkJoinPool.commonPool-worker-1] INFO  impl.RaftServerImpl (ServerState.java:close(387)) - d136ae8b-688f-4f7c-93b0-c5cb447f1571@group-8C33BFA2BBE8: closes. applyIndex: 16
2019-10-09 23:42:56,418 [d136ae8b-688f-4f7c-93b0-c5cb447f1571@group-8C33BFA2BBE8-SegmentedRaftLogWorker] INFO  segmented.SegmentedRaftLogWorker (SegmentedRaftLogWorker.java:run(316)) - d136ae8b-688f-4f7c-93b0-c5cb447f1571@group-8C33BFA2BBE8-SegmentedRaftLogWorker was interrupted, exiting. There are 0 tasks remaining in the queue.
2019-10-09 23:42:56,419 [ForkJoinPool.commonPool-worker-1] INFO  segmented.SegmentedRaftLogWorker (SegmentedRaftLogWorker.java:close(224)) - d136ae8b-688f-4f7c-93b0-c5cb447f1571@group-8C33BFA2BBE8-SegmentedRaftLogWorker close()
2019-10-09 23:42:56,421 [ForkJoinPool.commonPool-worker-1] INFO  server.GrpcService (GrpcService.java:closeImpl(164)) - d136ae8b-688f-4f7c-93b0-c5cb447f1571: shutdown server with port 39657 now
2019-10-09 23:42:56,421 [ForkJoinPool.commonPool-worker-1] INFO  server.GrpcService (GrpcService.java:closeImpl(172)) - d136ae8b-688f-4f7c-93b0-c5cb447f1571: shutdown server with port 39657 successfully
2019-10-09 23:42:56,429 [refreshUsed-/workdir/hadoop-ozone/integration-test/target/test-dir/MiniOzoneClusterImpl-8b6ca641-6d7f-4583-914a-a0f78aea40f0/datanode-0/data/containers] WARN  fs.CachingGetSpaceUsed (CachingGetSpaceUsed.java:run(183)) - Thread Interrupted waiting to refresh disk information: sleep interrupted
2019-10-09 23:42:56,447 [main] INFO  ozoneimpl.OzoneContainer (OzoneContainer.java:stop(227)) - Attempting to stop container services.
2019-10-09 23:42:56,447 [ForkJoinPool.commonPool-worker-1] INFO  utils.BackgroundService (BackgroundService.java:shutdown(151)) - Shutting down service BlockDeletingService
2019-10-09 23:42:56,448 [main] INFO  impl.RaftServerProxy (RaftServerProxy.java:lambda$close$4(314)) - 347733b7-3083-402e-906e-121f5d9a8d9c: close
2019-10-09 23:42:56,448 [main] INFO  impl.RaftServerImpl (RaftServerImpl.java:lambda$shutdown$3(247)) - 347733b7-3083-402e-906e-121f5d9a8d9c@group-A6242274143E: shutdown
2019-10-09 23:42:56,450 [main] INFO  util.JmxRegister (JmxRegister.java:unregister(73)) - Successfully un-registered JMX Bean with object name Ratis:service=RaftServer,group=group-A6242274143E,id=347733b7-3083-402e-906e-121f5d9a8d9c
2019-10-09 23:42:56,452 [ForkJoinPool.commonPool-worker-1] INFO  statemachine.DatanodeStateMachine (DatanodeStateMachine.java:stopDaemon(395)) - Ozone container server stopped.
2019-10-09 23:42:56,452 [main] INFO  impl.RoleInfo (RoleInfo.java:shutdownLeaderState(104)) - 347733b7-3083-402e-906e-121f5d9a8d9c: shutdown LeaderState
2019-10-09 23:42:56,454 [main] INFO  impl.PendingRequests (PendingRequests.java:sendNotLeaderResponses(202)) - 347733b7-3083-402e-906e-121f5d9a8d9c@group-A6242274143E-PendingRequests: sendNotLeaderResponses
2019-10-09 23:42:56,455 [ForkJoinPool.commonPool-worker-1] INFO  handler.ContextHandler (ContextHandler.java:doStop(910)) - Stopped o.e.j.w.WebAppContext@49c1e294{/,null,UNAVAILABLE}{/hddsDatanode}
2019-10-09 23:42:56,455 [main] INFO  impl.StateMachineUpdater (StateMachineUpdater.java:stopAndJoin(136)) - 347733b7-3083-402e-906e-121f5d9a8d9c@group-A6242274143E-StateMachineUpdater: set stopIndex = 0
2019-10-09 23:42:56,456 [main] INFO  impl.RaftServerImpl (ServerState.java:close(387)) - 347733b7-3083-402e-906e-121f5d9a8d9c@group-A6242274143E: closes. applyIndex: 0
2019-10-09 23:42:56,456 [ForkJoinPool.commonPool-worker-1] INFO  server.AbstractConnector (AbstractConnector.java:doStop(318)) - Stopped ServerConnector@7741ae1b{HTTP/1.1,[http/1.1]}{0.0.0.0:0}
2019-10-09 23:42:56,456 [347733b7-3083-402e-906e-121f5d9a8d9c@group-A6242274143E-SegmentedRaftLogWorker] INFO  segmented.SegmentedRaftLogWorker (SegmentedRaftLogWorker.java:run(316)) - 347733b7-3083-402e-906e-121f5d9a8d9c@group-A6242274143E-SegmentedRaftLogWorker was interrupted, exiting. There are 0 tasks remaining in the queue.
2019-10-09 23:42:56,456 [ForkJoinPool.commonPool-worker-1] INFO  handler.ContextHandler (ContextHandler.java:doStop(910)) - Stopped o.e.j.s.ServletContextHandler@cbf1997{/static,jar:file:/home/user/.m2/repository/org/apache/hadoop/hadoop-hdds-container-service/0.5.0-SNAPSHOT/hadoop-hdds-container-service-0.5.0-SNAPSHOT.jar!/webapps/static,UNAVAILABLE}
2019-10-09 23:42:56,457 [main] INFO  segmented.SegmentedRaftLogWorker (SegmentedRaftLogWorker.java:close(224)) - 347733b7-3083-402e-906e-121f5d9a8d9c@group-A6242274143E-SegmentedRaftLogWorker close()
2019-10-09 23:42:56,457 [ForkJoinPool.commonPool-worker-1] INFO  handler.ContextHandler (ContextHandler.java:doStop(910)) - Stopped o.e.j.s.ServletContextHandler@3ab595c8{/logs,file:///workdir/hadoop-ozone/integration-test/target/log,UNAVAILABLE}
2019-10-09 23:42:56,458 [main] INFO  impl.RaftServerImpl (RaftServerImpl.java:lambda$shutdown$3(247)) - 347733b7-3083-402e-906e-121f5d9a8d9c@group-F1A982B19A43: shutdown
2019-10-09 23:42:56,458 [main] INFO  util.JmxRegister (JmxRegister.java:unregister(73)) - Successfully un-registered JMX Bean with object name Ratis:service=RaftServer,group=group-F1A982B19A43,id=347733b7-3083-402e-906e-121f5d9a8d9c
2019-10-09 23:42:56,459 [main] INFO  impl.RoleInfo (RoleInfo.java:shutdownFollowerState(121)) - 347733b7-3083-402e-906e-121f5d9a8d9c: shutdown FollowerState
2019-10-09 23:42:56,459 [main] INFO  impl.StateMachineUpdater (StateMachineUpdater.java:stopAndJoin(136)) - 347733b7-3083-402e-906e-121f5d9a8d9c@group-F1A982B19A43-StateMachineUpdater: set stopIndex = 4
2019-10-09 23:42:56,459 [347733b7-3083-402e-906e-121f5d9a8d9c@group-F1A982B19A43-StateMachineUpdater] INFO  ratis.ContainerStateMachine (ContainerStateMachine.java:takeSnapshot(294)) - group-F1A982B19A43: Taking a snapshot at:(t:1, i:3) file /workdir/hadoop-ozone/integration-test/target/test-dir/MiniOzoneClusterImpl-8b6ca641-6d7f-4583-914a-a0f78aea40f0/datanode-5/data/ratis/b5a41277-d5a2-4f4a-bed7-f1a982b19a43/sm/snapshot.1_3
2019-10-09 23:42:56,459 [Thread-3421] INFO  impl.FollowerState (FollowerState.java:run(117)) - 347733b7-3083-402e-906e-121f5d9a8d9c@group-F1A982B19A43-FollowerState was interrupted: java.lang.InterruptedException: sleep interrupted
2019-10-09 23:42:56,485 [347733b7-3083-402e-906e-121f5d9a8d9c@group-F1A982B19A43-StateMachineUpdater] INFO  ratis.ContainerStateMachine (ContainerStateMachine.java:takeSnapshot(305)) - group-F1A982B19A43: Finished taking a snapshot at:(t:1, i:3) file:/workdir/hadoop-ozone/integration-test/target/test-dir/MiniOzoneClusterImpl-8b6ca641-6d7f-4583-914a-a0f78aea40f0/datanode-5/data/ratis/b5a41277-d5a2-4f4a-bed7-f1a982b19a43/sm/snapshot.1_3 time:26
2019-10-09 23:42:56,485 [347733b7-3083-402e-906e-121f5d9a8d9c@group-F1A982B19A43-StateMachineUpdater] INFO  impl.StateMachineUpdater (StateMachineUpdater.java:takeSnapshot(269)) - 347733b7-3083-402e-906e-121f5d9a8d9c@group-F1A982B19A43-StateMachineUpdater: Took a snapshot at index 3
2019-10-09 23:42:56,485 [347733b7-3083-402e-906e-121f5d9a8d9c@group-F1A982B19A43-StateMachineUpdater] INFO  impl.StateMachineUpdater (StateMachineUpdater.java:lambda$new$0(84)) - 347733b7-3083-402e-906e-121f5d9a8d9c@group-F1A982B19A43-StateMachineUpdater: snapshotIndex: updateIncreasingly -1 -> 3
2019-10-09 23:42:56,486 [347733b7-3083-402e-906e-121f5d9a8d9c@group-F1A982B19A43-StateMachineUpdater] INFO  ratis.ContainerStateMachine (ContainerStateMachine.java:takeSnapshot(294)) - group-F1A982B19A43: Taking a snapshot at:(t:1, i:3) file /workdir/hadoop-ozone/integration-test/target/test-dir/MiniOzoneClusterImpl-8b6ca641-6d7f-4583-914a-a0f78aea40f0/datanode-5/data/ratis/b5a41277-d5a2-4f4a-bed7-f1a982b19a43/sm/snapshot.1_3
2019-10-09 23:42:56,498 [347733b7-3083-402e-906e-121f5d9a8d9c@group-F1A982B19A43-StateMachineUpdater] INFO  ratis.ContainerStateMachine (ContainerStateMachine.java:takeSnapshot(305)) - group-F1A982B19A43: Finished taking a snapshot at:(t:1, i:3) file:/workdir/hadoop-ozone/integration-test/target/test-dir/MiniOzoneClusterImpl-8b6ca641-6d7f-4583-914a-a0f78aea40f0/datanode-5/data/ratis/b5a41277-d5a2-4f4a-bed7-f1a982b19a43/sm/snapshot.1_3 time:12
2019-10-09 23:42:56,498 [347733b7-3083-402e-906e-121f5d9a8d9c@group-F1A982B19A43-StateMachineUpdater] INFO  impl.StateMachineUpdater (StateMachineUpdater.java:takeSnapshot(269)) - 347733b7-3083-402e-906e-121f5d9a8d9c@group-F1A982B19A43-StateMachineUpdater: Took a snapshot at index 3
2019-10-09 23:42:56,498 [347733b7-3083-402e-906e-121f5d9a8d9c@group-F1A982B19A43-StateMachineUpdater] INFO  impl.StateMachineUpdater (StateMachineUpdater.java:lambda$new$0(84)) - 347733b7-3083-402e-906e-121f5d9a8d9c@group-F1A982B19A43-StateMachineUpdater: snapshotIndex: updateIncreasingly 3 -> 3
2019-10-09 23:42:56,498 [main] INFO  impl.RaftServerImpl (ServerState.java:close(387)) - 347733b7-3083-402e-906e-121f5d9a8d9c@group-F1A982B19A43: closes. applyIndex: 4
2019-10-09 23:42:56,498 [347733b7-3083-402e-906e-121f5d9a8d9c@group-F1A982B19A43-SegmentedRaftLogWorker] INFO  segmented.SegmentedRaftLogWorker (SegmentedRaftLogWorker.java:run(316)) - 347733b7-3083-402e-906e-121f5d9a8d9c@group-F1A982B19A43-SegmentedRaftLogWorker was interrupted, exiting. There are 0 tasks remaining in the queue.
2019-10-09 23:42:56,500 [main] INFO  segmented.SegmentedRaftLogWorker (SegmentedRaftLogWorker.java:close(224)) - 347733b7-3083-402e-906e-121f5d9a8d9c@group-F1A982B19A43-SegmentedRaftLogWorker close()
2019-10-09 23:42:56,503 [main] INFO  server.GrpcService (GrpcService.java:closeImpl(164)) - 347733b7-3083-402e-906e-121f5d9a8d9c: shutdown server with port 34194 now
2019-10-09 23:42:56,503 [main] INFO  server.GrpcService (GrpcService.java:closeImpl(172)) - 347733b7-3083-402e-906e-121f5d9a8d9c: shutdown server with port 34194 successfully
2019-10-09 23:42:56,506 [refreshUsed-/workdir/hadoop-ozone/integration-test/target/test-dir/MiniOzoneClusterImpl-8b6ca641-6d7f-4583-914a-a0f78aea40f0/datanode-5/data/containers] WARN  fs.CachingGetSpaceUsed (CachingGetSpaceUsed.java:run(183)) - Thread Interrupted waiting to refresh disk information: sleep interrupted
2019-10-09 23:42:56,522 [main] INFO  utils.BackgroundService (BackgroundService.java:shutdown(151)) - Shutting down service BlockDeletingService
2019-10-09 23:42:56,528 [main] INFO  statemachine.DatanodeStateMachine (DatanodeStateMachine.java:stopDaemon(395)) - Ozone container server stopped.
2019-10-09 23:42:56,529 [main] INFO  handler.ContextHandler (ContextHandler.java:doStop(910)) - Stopped o.e.j.w.WebAppContext@31881aa2{/,null,UNAVAILABLE}{/hddsDatanode}
2019-10-09 23:42:56,529 [main] INFO  server.AbstractConnector (AbstractConnector.java:doStop(318)) - Stopped ServerConnector@1b46392c{HTTP/1.1,[http/1.1]}{0.0.0.0:0}
2019-10-09 23:42:56,529 [main] INFO  handler.ContextHandler (ContextHandler.java:doStop(910)) - Stopped o.e.j.s.ServletContextHandler@51b87df7{/static,jar:file:/home/user/.m2/repository/org/apache/hadoop/hadoop-hdds-container-service/0.5.0-SNAPSHOT/hadoop-hdds-container-service-0.5.0-SNAPSHOT.jar!/webapps/static,UNAVAILABLE}
2019-10-09 23:42:56,530 [main] INFO  handler.ContextHandler (ContextHandler.java:doStop(910)) - Stopped o.e.j.s.ServletContextHandler@615439f7{/logs,file:///workdir/hadoop-ozone/integration-test/target/log,UNAVAILABLE}
2019-10-09 23:42:56,531 [main] INFO  ozone.MiniOzoneClusterImpl (MiniOzoneClusterImpl.java:stopSCM(392)) - Stopping the StorageContainerManager
2019-10-09 23:42:56,531 [main] INFO  server.StorageContainerManager (StorageContainerManager.java:stop(810)) - Stopping Replication Manager Service.
2019-10-09 23:42:56,531 [main] INFO  container.ReplicationManager (ReplicationManager.java:stop(203)) - Stopping Replication Monitor Thread.
2019-10-09 23:42:56,531 [main] INFO  server.StorageContainerManager (StorageContainerManager.java:stop(817)) - Stopping Lease Manager of the command watchers
2019-10-09 23:42:56,531 [main] INFO  server.StorageContainerManager (StorageContainerManager.java:stop(824)) - Stopping datanode service RPC server
2019-10-09 23:42:56,531 [main] INFO  server.SCMDatanodeProtocolServer (SCMDatanodeProtocolServer.java:stop(346)) - Stopping the RPC server for DataNodes
2019-10-09 23:42:56,532 [main] INFO  ipc.Server (Server.java:stop(3082)) - Stopping server on 43755
2019-10-09 23:42:56,534 [IPC Server listener on 43755] INFO  ipc.Server (Server.java:run(1185)) - Stopping IPC Server listener on 43755
2019-10-09 23:42:56,536 [IPC Server Responder] INFO  ipc.Server (Server.java:run(1319)) - Stopping IPC Server Responder
2019-10-09 23:42:56,636 [SCM Heartbeat Processing Thread - 0] WARN  node.NodeStateManager (NodeStateManager.java:scheduleNextHealthCheck(646)) - Current Thread is interrupted, shutting down HB processing thread for Node Manager.
2019-10-09 23:42:56,637 [main] INFO  server.StorageContainerManager (StorageContainerManager.java:stop(832)) - Stopping block service RPC server
2019-10-09 23:42:56,637 [main] INFO  server.SCMBlockProtocolServer (SCMBlockProtocolServer.java:stop(155)) - Stopping the RPC server for Block Protocol
2019-10-09 23:42:56,637 [main] INFO  ipc.Server (Server.java:stop(3082)) - Stopping server on 42356
2019-10-09 23:42:56,641 [IPC Server listener on 42356] INFO  ipc.Server (Server.java:run(1185)) - Stopping IPC Server listener on 42356
2019-10-09 23:42:56,641 [main] INFO  server.StorageContainerManager (StorageContainerManager.java:stop(839)) - Stopping the StorageContainerLocationProtocol RPC server
2019-10-09 23:42:56,641 [IPC Server Responder] INFO  ipc.Server (Server.java:run(1319)) - Stopping IPC Server Responder
2019-10-09 23:42:56,643 [main] INFO  server.SCMClientProtocolServer (SCMClientProtocolServer.java:stop(168)) - Stopping the RPC server for Client Protocol
2019-10-09 23:42:56,643 [main] INFO  ipc.Server (Server.java:stop(3082)) - Stopping server on 42927
2019-10-09 23:42:56,646 [IPC Server listener on 42927] INFO  ipc.Server (Server.java:run(1185)) - Stopping IPC Server listener on 42927
2019-10-09 23:42:56,646 [main] INFO  server.StorageContainerManager (StorageContainerManager.java:stop(846)) - Stopping Storage Container Manager HTTP server.
2019-10-09 23:42:56,648 [IPC Server Responder] INFO  ipc.Server (Server.java:run(1319)) - Stopping IPC Server Responder
2019-10-09 23:42:56,649 [main] INFO  handler.ContextHandler (ContextHandler.java:doStop(910)) - Stopped o.e.j.w.WebAppContext@5eb87338{/,null,UNAVAILABLE}{/scm}
2019-10-09 23:42:56,649 [main] INFO  server.AbstractConnector (AbstractConnector.java:doStop(318)) - Stopped ServerConnector@2b999ee8{HTTP/1.1,[http/1.1]}{0.0.0.0:0}
2019-10-09 23:42:56,650 [main] INFO  handler.ContextHandler (ContextHandler.java:doStop(910)) - Stopped o.e.j.s.ServletContextHandler@64f4f12{/static,file:///workdir/hadoop-ozone/integration-test/target/test-classes/webapps/static,UNAVAILABLE}
2019-10-09 23:42:56,650 [main] INFO  handler.ContextHandler (ContextHandler.java:doStop(910)) - Stopped o.e.j.s.ServletContextHandler@599f1b7{/logs,file:///workdir/hadoop-ozone/integration-test/target/log,UNAVAILABLE}
2019-10-09 23:42:56,651 [main] INFO  server.StorageContainerManager (StorageContainerManager.java:stop(857)) - Stopping Block Manager Service.
2019-10-09 23:42:56,651 [main] INFO  utils.BackgroundService (BackgroundService.java:shutdown(151)) - Shutting down service SCMBlockDeletingService
2019-10-09 23:42:56,652 [main] INFO  utils.BackgroundService (BackgroundService.java:shutdown(151)) - Shutting down service SCMBlockDeletingService
2019-10-09 23:42:56,652 [main] INFO  server.StorageContainerManager (StorageContainerManager.java:stop(879)) - Stopping SCM Event Queue.
2019-10-09 23:42:56,657 [main] INFO  impl.MetricsSystemImpl (MetricsSystemImpl.java:stop(210)) - Stopping HddsDatanode metrics system...
2019-10-09 23:42:56,695 [main] INFO  impl.MetricsSystemImpl (MetricsSystemImpl.java:stop(216)) - HddsDatanode metrics system stopped.
]]></system-out>
    <system-err><![CDATA[Oct 09, 2019 11:42:46 PM org.apache.ratis.thirdparty.io.grpc.internal.SerializingExecutor run
SEVERE: Exception while executing runnable org.apache.ratis.thirdparty.io.grpc.internal.ServerImpl$JumpToApplicationThreadServerStreamListener$1Closed@57b090a4
org.apache.ratis.thirdparty.io.grpc.StatusRuntimeException: CANCELLED: call already cancelled
	at org.apache.ratis.thirdparty.io.grpc.Status.asRuntimeException(Status.java:517)
	at org.apache.ratis.thirdparty.io.grpc.stub.ServerCalls$ServerCallStreamObserverImpl.onCompleted(ServerCalls.java:356)
	at org.apache.ratis.grpc.server.GrpcServerProtocolService$ServerRequestStreamObserver.onError(GrpcServerProtocolService.java:121)
	at org.apache.ratis.thirdparty.io.grpc.stub.ServerCalls$StreamingServerCallHandler$StreamingServerCallListener.onCancel(ServerCalls.java:269)
	at org.apache.ratis.thirdparty.io.grpc.internal.ServerCallImpl$ServerStreamListenerImpl.closed(ServerCallImpl.java:293)
	at org.apache.ratis.thirdparty.io.grpc.internal.ServerImpl$JumpToApplicationThreadServerStreamListener$1Closed.runInContext(ServerImpl.java:741)
	at org.apache.ratis.thirdparty.io.grpc.internal.ContextRunnable.run(ContextRunnable.java:37)
	at org.apache.ratis.thirdparty.io.grpc.internal.SerializingExecutor.run(SerializingExecutor.java:123)
	at java.util.concurrent.ThreadPoolExecutor.runWorker(ThreadPoolExecutor.java:1149)
	at java.util.concurrent.ThreadPoolExecutor$Worker.run(ThreadPoolExecutor.java:624)
	at java.lang.Thread.run(Thread.java:748)

Oct 09, 2019 11:42:46 PM org.apache.ratis.thirdparty.io.grpc.internal.SerializingExecutor run
SEVERE: Exception while executing runnable org.apache.ratis.thirdparty.io.grpc.internal.ServerImpl$JumpToApplicationThreadServerStreamListener$1Closed@76e2f8ea
org.apache.ratis.thirdparty.io.grpc.StatusRuntimeException: CANCELLED: call already cancelled
	at org.apache.ratis.thirdparty.io.grpc.Status.asRuntimeException(Status.java:517)
	at org.apache.ratis.thirdparty.io.grpc.stub.ServerCalls$ServerCallStreamObserverImpl.onCompleted(ServerCalls.java:356)
	at org.apache.ratis.grpc.server.GrpcServerProtocolService$ServerRequestStreamObserver.onError(GrpcServerProtocolService.java:121)
	at org.apache.ratis.thirdparty.io.grpc.stub.ServerCalls$StreamingServerCallHandler$StreamingServerCallListener.onCancel(ServerCalls.java:269)
	at org.apache.ratis.thirdparty.io.grpc.internal.ServerCallImpl$ServerStreamListenerImpl.closed(ServerCallImpl.java:293)
	at org.apache.ratis.thirdparty.io.grpc.internal.ServerImpl$JumpToApplicationThreadServerStreamListener$1Closed.runInContext(ServerImpl.java:741)
	at org.apache.ratis.thirdparty.io.grpc.internal.ContextRunnable.run(ContextRunnable.java:37)
	at org.apache.ratis.thirdparty.io.grpc.internal.SerializingExecutor.run(SerializingExecutor.java:123)
	at java.util.concurrent.ThreadPoolExecutor.runWorker(ThreadPoolExecutor.java:1149)
	at java.util.concurrent.ThreadPoolExecutor$Worker.run(ThreadPoolExecutor.java:624)
	at java.lang.Thread.run(Thread.java:748)

]]></system-err>
  </testcase>
  <testcase name="testFailureWithPrimeSizedData" classname="org.apache.hadoop.ozone.client.rpc.TestBlockOutputStreamWithFailures" time="35.144"/>
  <testcase name="testWatchForCommitWithCloseContainerException" classname="org.apache.hadoop.ozone.client.rpc.TestBlockOutputStreamWithFailures" time="34.124"/>
  <testcase name="testExceptionDuringClose" classname="org.apache.hadoop.ozone.client.rpc.TestBlockOutputStreamWithFailures" time="36.709"/>
</testsuite>