<?xml version="1.0" encoding="UTF-8"?>
<testsuite xmlns:xsi="http://www.w3.org/2001/XMLSchema-instance" xsi:noNamespaceSchemaLocation="https://maven.apache.org/surefire/maven-surefire-plugin/xsd/surefire-test-report.xsd" name="org.apache.hadoop.ozone.client.rpc.TestWatchForCommit" time="274.869" tests="5" errors="1" skipped="0" failures="0">
  <properties>
    <property name="awt.toolkit" value="sun.awt.X11.XToolkit"/>
    <property name="file.encoding.pkg" value="sun.io"/>
    <property name="java.specification.version" value="1.8"/>
    <property name="sun.cpu.isalist" value=""/>
    <property name="sun.jnu.encoding" value="UTF-8"/>
    <property name="java.class.path" value="/workdir/hadoop-ozone/integration-test/target/test-classes:/workdir/hadoop-ozone/integration-test/target/classes:/home/user/.m2/repository/org/apache/hadoop/hadoop-ozone-common/0.5.0-SNAPSHOT/hadoop-ozone-common-0.5.0-SNAPSHOT.jar:/home/user/.m2/repository/org/apache/commons/commons-compress/1.4.1/commons-compress-1.4.1.jar:/home/user/.m2/repository/org/tukaani/xz/1.0/xz-1.0.jar:/home/user/.m2/repository/org/apache/hadoop/hadoop-common/3.2.0/hadoop-common-3.2.0.jar:/home/user/.m2/repository/org/apache/hadoop/hadoop-hdfs/3.2.0/hadoop-hdfs-3.2.0.jar:/home/user/.m2/repository/org/apache/hadoop/hadoop-hdfs-client/3.2.0/hadoop-hdfs-client-3.2.0.jar:/home/user/.m2/repository/com/fasterxml/jackson/core/jackson-annotations/2.9.9/jackson-annotations-2.9.9.jar:/home/user/.m2/repository/org/apache/hadoop/hadoop-hdds-common/0.5.0-SNAPSHOT/hadoop-hdds-common-0.5.0-SNAPSHOT.jar:/home/user/.m2/repository/javax/annotation/javax.annotation-api/1.2/javax.annotation-api-1.2.jar:/home/user/.m2/repository/org/apache/ratis/ratis-server/0.5.0-63cd2fb-SNAPSHOT/ratis-server-0.5.0-63cd2fb-SNAPSHOT.jar:/home/user/.m2/repository/org/apache/ratis/ratis-thirdparty-misc/0.2.0/ratis-thirdparty-misc-0.2.0.jar:/home/user/.m2/repository/org/apache/ratis/ratis-proto/0.5.0-63cd2fb-SNAPSHOT/ratis-proto-0.5.0-63cd2fb-SNAPSHOT.jar:/home/user/.m2/repository/org/apache/ratis/ratis-common/0.5.0-63cd2fb-SNAPSHOT/ratis-common-0.5.0-63cd2fb-SNAPSHOT.jar:/home/user/.m2/repository/org/apache/ratis/ratis-client/0.5.0-63cd2fb-SNAPSHOT/ratis-client-0.5.0-63cd2fb-SNAPSHOT.jar:/home/user/.m2/repository/org/apache/ratis/ratis-metrics/0.5.0-63cd2fb-SNAPSHOT/ratis-metrics-0.5.0-63cd2fb-SNAPSHOT.jar:/home/user/.m2/repository/com/github/joshelser/dropwizard-metrics-hadoop-metrics2-reporter/0.1.2/dropwizard-metrics-hadoop-metrics2-reporter-0.1.2.jar:/home/user/.m2/repository/io/dropwizard/metrics/metrics-jvm/3.2.5/metrics-jvm-3.2.5.jar:/home/user/.m2/repository/io/dropwizard/metrics/metrics-ganglia/3.2.5/metrics-ganglia-3.2.5.jar:/home/user/.m2/repository/info/ganglia/gmetric4j/gmetric4j/1.0.7/gmetric4j-1.0.7.jar:/home/user/.m2/repository/org/apache/ratis/ratis-netty/0.5.0-63cd2fb-SNAPSHOT/ratis-netty-0.5.0-63cd2fb-SNAPSHOT.jar:/home/user/.m2/repository/org/apache/ratis/ratis-grpc/0.5.0-63cd2fb-SNAPSHOT/ratis-grpc-0.5.0-63cd2fb-SNAPSHOT.jar:/home/user/.m2/repository/org/rocksdb/rocksdbjni/6.0.1/rocksdbjni-6.0.1.jar:/home/user/.m2/repository/org/apache/logging/log4j/log4j-api/2.11.0/log4j-api-2.11.0.jar:/home/user/.m2/repository/org/apache/logging/log4j/log4j-core/2.11.0/log4j-core-2.11.0.jar:/home/user/.m2/repository/com/lmax/disruptor/3.4.2/disruptor-3.4.2.jar:/home/user/.m2/repository/org/apache/commons/commons-pool2/2.6.0/commons-pool2-2.6.0.jar:/home/user/.m2/repository/org/bouncycastle/bcpkix-jdk15on/1.60/bcpkix-jdk15on-1.60.jar:/home/user/.m2/repository/commons-validator/commons-validator/1.6/commons-validator-1.6.jar:/home/user/.m2/repository/commons-digester/commons-digester/1.8.1/commons-digester-1.8.1.jar:/home/user/.m2/repository/io/jaegertracing/jaeger-client/0.34.0/jaeger-client-0.34.0.jar:/home/user/.m2/repository/io/jaegertracing/jaeger-thrift/0.34.0/jaeger-thrift-0.34.0.jar:/home/user/.m2/repository/org/apache/thrift/libthrift/0.12.0/libthrift-0.12.0.jar:/home/user/.m2/repository/com/squareup/okhttp3/okhttp/3.9.0/okhttp-3.9.0.jar:/home/user/.m2/repository/com/squareup/okio/okio/1.13.0/okio-1.13.0.jar:/home/user/.m2/repository/io/jaegertracing/jaeger-core/0.34.0/jaeger-core-0.34.0.jar:/home/user/.m2/repository/io/jaegertracing/jaeger-tracerresolver/0.34.0/jaeger-tracerresolver-0.34.0.jar:/home/user/.m2/repository/io/opentracing/contrib/opentracing-tracerresolver/0.1.5/opentracing-tracerresolver-0.1.5.jar:/home/user/.m2/repository/io/opentracing/opentracing-util/0.31.0/opentracing-util-0.31.0.jar:/home/user/.m2/repository/io/opentracing/opentracing-api/0.31.0/opentracing-api-0.31.0.jar:/home/user/.m2/repository/io/opentracing/opentracing-noop/0.31.0/opentracing-noop-0.31.0.jar:/home/user/.m2/repository/org/apache/hadoop/hadoop-hdds-server-framework/0.5.0-SNAPSHOT/hadoop-hdds-server-framework-0.5.0-SNAPSHOT.jar:/home/user/.m2/repository/org/apache/hadoop/hadoop-hdds-container-service/0.5.0-SNAPSHOT/hadoop-hdds-container-service-0.5.0-SNAPSHOT.jar:/home/user/.m2/repository/org/apache/hadoop/hadoop-hdds-client/0.5.0-SNAPSHOT/hadoop-hdds-client-0.5.0-SNAPSHOT.jar:/home/user/.m2/repository/org/apache/hadoop/hadoop-hdds-tools/0.5.0-SNAPSHOT/hadoop-hdds-tools-0.5.0-SNAPSHOT.jar:/home/user/.m2/repository/org/apache/hadoop/hadoop-hdds-server-scm/0.5.0-SNAPSHOT/hadoop-hdds-server-scm-0.5.0-SNAPSHOT.jar:/home/user/.m2/repository/org/apache/hadoop/hadoop-hdds-docs/0.5.0-SNAPSHOT/hadoop-hdds-docs-0.5.0-SNAPSHOT.jar:/home/user/.m2/repository/io/dropwizard/metrics/metrics-core/3.2.4/metrics-core-3.2.4.jar:/home/user/.m2/repository/org/hamcrest/hamcrest-all/1.3/hamcrest-all-1.3.jar:/home/user/.m2/repository/org/bouncycastle/bcprov-jdk15on/1.60/bcprov-jdk15on-1.60.jar:/home/user/.m2/repository/info/picocli/picocli/3.9.6/picocli-3.9.6.jar:/home/user/.m2/repository/com/google/protobuf/protobuf-java/2.5.0/protobuf-java-2.5.0.jar:/home/user/.m2/repository/com/google/guava/guava/11.0.2/guava-11.0.2.jar:/home/user/.m2/repository/org/apache/hadoop/hadoop-ozone-ozone-manager/0.5.0-SNAPSHOT/hadoop-ozone-ozone-manager-0.5.0-SNAPSHOT.jar:/home/user/.m2/repository/org/apache/hadoop/hadoop-minikdc/3.2.0/hadoop-minikdc-3.2.0.jar:/home/user/.m2/repository/commons-io/commons-io/2.5/commons-io-2.5.jar:/home/user/.m2/repository/org/apache/kerby/kerb-simplekdc/1.0.1/kerb-simplekdc-1.0.1.jar:/home/user/.m2/repository/org/apache/kerby/kerb-client/1.0.1/kerb-client-1.0.1.jar:/home/user/.m2/repository/org/apache/kerby/kerby-config/1.0.1/kerby-config-1.0.1.jar:/home/user/.m2/repository/org/apache/kerby/kerb-core/1.0.1/kerb-core-1.0.1.jar:/home/user/.m2/repository/org/apache/kerby/kerby-pkix/1.0.1/kerby-pkix-1.0.1.jar:/home/user/.m2/repository/org/apache/kerby/kerby-asn1/1.0.1/kerby-asn1-1.0.1.jar:/home/user/.m2/repository/org/apache/kerby/kerby-util/1.0.1/kerby-util-1.0.1.jar:/home/user/.m2/repository/org/apache/kerby/kerb-common/1.0.1/kerb-common-1.0.1.jar:/home/user/.m2/repository/org/apache/kerby/kerb-crypto/1.0.1/kerb-crypto-1.0.1.jar:/home/user/.m2/repository/org/apache/kerby/kerb-util/1.0.1/kerb-util-1.0.1.jar:/home/user/.m2/repository/org/apache/kerby/token-provider/1.0.1/token-provider-1.0.1.jar:/home/user/.m2/repository/org/apache/kerby/kerb-admin/1.0.1/kerb-admin-1.0.1.jar:/home/user/.m2/repository/org/apache/kerby/kerb-server/1.0.1/kerb-server-1.0.1.jar:/home/user/.m2/repository/org/apache/kerby/kerb-identity/1.0.1/kerb-identity-1.0.1.jar:/home/user/.m2/repository/org/apache/kerby/kerby-xdr/1.0.1/kerby-xdr-1.0.1.jar:/home/user/.m2/repository/org/slf4j/slf4j-log4j12/1.7.25/slf4j-log4j12-1.7.25.jar:/home/user/.m2/repository/org/apache/hadoop/hadoop-ozone-s3gateway/0.5.0-SNAPSHOT/hadoop-ozone-s3gateway-0.5.0-SNAPSHOT.jar:/home/user/.m2/repository/org/jboss/weld/servlet/weld-servlet/2.4.7.Final/weld-servlet-2.4.7.Final.jar:/home/user/.m2/repository/org/glassfish/jersey/containers/jersey-container-servlet-core/2.27/jersey-container-servlet-core-2.27.jar:/home/user/.m2/repository/org/glassfish/hk2/external/javax.inject/2.5.0-b42/javax.inject-2.5.0-b42.jar:/home/user/.m2/repository/org/glassfish/jersey/core/jersey-common/2.27/jersey-common-2.27.jar:/home/user/.m2/repository/org/glassfish/hk2/osgi-resource-locator/1.0.1/osgi-resource-locator-1.0.1.jar:/home/user/.m2/repository/javax/ws/rs/javax.ws.rs-api/2.1/javax.ws.rs-api-2.1.jar:/home/user/.m2/repository/org/glassfish/jersey/ext/cdi/jersey-cdi1x/2.27/jersey-cdi1x-2.27.jar:/home/user/.m2/repository/org/glassfish/jersey/inject/jersey-hk2/2.27/jersey-hk2-2.27.jar:/home/user/.m2/repository/org/glassfish/hk2/hk2-locator/2.5.0-b42/hk2-locator-2.5.0-b42.jar:/home/user/.m2/repository/org/javassist/javassist/3.22.0-CR2/javassist-3.22.0-CR2.jar:/home/user/.m2/repository/org/glassfish/hk2/hk2-api/2.5.0/hk2-api-2.5.0.jar:/home/user/.m2/repository/org/glassfish/hk2/external/jakarta.inject/2.5.0/jakarta.inject-2.5.0.jar:/home/user/.m2/repository/org/glassfish/hk2/hk2-utils/2.5.0/hk2-utils-2.5.0.jar:/home/user/.m2/repository/jakarta/annotation/jakarta.annotation-api/1.3.4/jakarta.annotation-api-1.3.4.jar:/home/user/.m2/repository/org/glassfish/hk2/external/aopalliance-repackaged/2.5.0/aopalliance-repackaged-2.5.0.jar:/home/user/.m2/repository/com/fasterxml/jackson/dataformat/jackson-dataformat-xml/2.9.0/jackson-dataformat-xml-2.9.0.jar:/home/user/.m2/repository/com/fasterxml/jackson/core/jackson-core/2.9.9/jackson-core-2.9.9.jar:/home/user/.m2/repository/com/fasterxml/jackson/module/jackson-module-jaxb-annotations/2.9.9/jackson-module-jaxb-annotations-2.9.9.jar:/home/user/.m2/repository/javax/enterprise/cdi-api/1.2/cdi-api-1.2.jar:/home/user/.m2/repository/javax/el/javax.el-api/3.0.0/javax.el-api-3.0.0.jar:/home/user/.m2/repository/javax/interceptor/javax.interceptor-api/1.2/javax.interceptor-api-1.2.jar:/home/user/.m2/repository/javax/inject/javax.inject/1/javax.inject-1.jar:/home/user/.m2/repository/com/sun/xml/bind/jaxb-impl/2.3.0.1/jaxb-impl-2.3.0.1.jar:/home/user/.m2/repository/com/sun/xml/bind/jaxb-core/2.3.0.1/jaxb-core-2.3.0.1.jar:/home/user/.m2/repository/javax/xml/bind/jaxb-api/2.3.0/jaxb-api-2.3.0.jar:/home/user/.m2/repository/javax/activation/activation/1.1.1/activation-1.1.1.jar:/home/user/.m2/repository/org/apache/hadoop/hadoop-ozone-csi/0.5.0-SNAPSHOT/hadoop-ozone-csi-0.5.0-SNAPSHOT.jar:/home/user/.m2/repository/com/google/protobuf/protobuf-java-util/3.5.1/protobuf-java-util-3.5.1.jar:/home/user/.m2/repository/org/apache/hadoop/hadoop-hdds-config/0.5.0-SNAPSHOT/hadoop-hdds-config-0.5.0-SNAPSHOT.jar:/home/user/.m2/repository/io/grpc/grpc-netty/1.17.1/grpc-netty-1.17.1.jar:/home/user/.m2/repository/io/grpc/grpc-core/1.17.1/grpc-core-1.17.1.jar:/home/user/.m2/repository/io/grpc/grpc-context/1.17.1/grpc-context-1.17.1.jar:/home/user/.m2/repository/com/google/errorprone/error_prone_annotations/2.2.0/error_prone_annotations-2.2.0.jar:/home/user/.m2/repository/org/codehaus/mojo/animal-sniffer-annotations/1.17/animal-sniffer-annotations-1.17.jar:/home/user/.m2/repository/io/opencensus/opencensus-api/0.17.0/opencensus-api-0.17.0.jar:/home/user/.m2/repository/io/opencensus/opencensus-contrib-grpc-metrics/0.17.0/opencensus-contrib-grpc-metrics-0.17.0.jar:/home/user/.m2/repository/io/netty/netty-codec-http2/4.1.30.Final/netty-codec-http2-4.1.30.Final.jar:/home/user/.m2/repository/io/netty/netty-codec-http/4.1.30.Final/netty-codec-http-4.1.30.Final.jar:/home/user/.m2/repository/io/netty/netty-codec/4.1.30.Final/netty-codec-4.1.30.Final.jar:/home/user/.m2/repository/io/netty/netty-handler/4.1.30.Final/netty-handler-4.1.30.Final.jar:/home/user/.m2/repository/io/netty/netty-handler-proxy/4.1.30.Final/netty-handler-proxy-4.1.30.Final.jar:/home/user/.m2/repository/io/netty/netty-codec-socks/4.1.30.Final/netty-codec-socks-4.1.30.Final.jar:/home/user/.m2/repository/io/netty/netty-transport-native-epoll/4.1.30.Final/netty-transport-native-epoll-4.1.30.Final.jar:/home/user/.m2/repository/io/netty/netty-common/4.1.30.Final/netty-common-4.1.30.Final.jar:/home/user/.m2/repository/io/netty/netty-buffer/4.1.30.Final/netty-buffer-4.1.30.Final.jar:/home/user/.m2/repository/io/netty/netty-transport/4.1.30.Final/netty-transport-4.1.30.Final.jar:/home/user/.m2/repository/io/netty/netty-resolver/4.1.30.Final/netty-resolver-4.1.30.Final.jar:/home/user/.m2/repository/io/netty/netty-transport-native-unix-common/4.1.30.Final/netty-transport-native-unix-common-4.1.30.Final.jar:/home/user/.m2/repository/io/grpc/grpc-protobuf/1.17.1/grpc-protobuf-1.17.1.jar:/home/user/.m2/repository/com/google/api/grpc/proto-google-common-protos/1.0.0/proto-google-common-protos-1.0.0.jar:/home/user/.m2/repository/io/grpc/grpc-protobuf-lite/1.17.1/grpc-protobuf-lite-1.17.1.jar:/home/user/.m2/repository/io/grpc/grpc-stub/1.17.1/grpc-stub-1.17.1.jar:/home/user/.m2/repository/org/apache/hadoop/hadoop-ozone-recon/0.5.0-SNAPSHOT/hadoop-ozone-recon-0.5.0-SNAPSHOT.jar:/home/user/.m2/repository/org/apache/hadoop/hadoop-ozone-reconcodegen/0.5.0-SNAPSHOT/hadoop-ozone-reconcodegen-0.5.0-SNAPSHOT.jar:/home/user/.m2/repository/com/google/inject/extensions/guice-multibindings/4.0/guice-multibindings-4.0.jar:/home/user/.m2/repository/com/google/inject/guice/4.0/guice-4.0.jar:/home/user/.m2/repository/aopalliance/aopalliance/1.0/aopalliance-1.0.jar:/home/user/.m2/repository/com/google/inject/extensions/guice-servlet/4.0/guice-servlet-4.0.jar:/home/user/.m2/repository/org/glassfish/jersey/containers/jersey-container-servlet/2.27/jersey-container-servlet-2.27.jar:/home/user/.m2/repository/org/glassfish/hk2/guice-bridge/2.5.0/guice-bridge-2.5.0.jar:/home/user/.m2/repository/org/glassfish/jersey/core/jersey-server/2.27/jersey-server-2.27.jar:/home/user/.m2/repository/org/glassfish/jersey/core/jersey-client/2.27/jersey-client-2.27.jar:/home/user/.m2/repository/org/glassfish/jersey/media/jersey-media-jaxb/2.27/jersey-media-jaxb-2.27.jar:/home/user/.m2/repository/javax/validation/validation-api/1.1.0.Final/validation-api-1.1.0.Final.jar:/home/user/.m2/repository/org/glassfish/jersey/media/jersey-media-json-jackson/2.27/jersey-media-json-jackson-2.27.jar:/home/user/.m2/repository/org/glassfish/jersey/ext/jersey-entity-filtering/2.27/jersey-entity-filtering-2.27.jar:/home/user/.m2/repository/com/google/inject/extensions/guice-assistedinject/4.0/guice-assistedinject-4.0.jar:/home/user/.m2/repository/org/jooq/jooq/3.11.10/jooq-3.11.10.jar:/home/user/.m2/repository/org/jooq/jooq-meta/3.11.10/jooq-meta-3.11.10.jar:/home/user/.m2/repository/org/jooq/jooq-codegen/3.11.10/jooq-codegen-3.11.10.jar:/home/user/.m2/repository/com/jolbox/bonecp/0.8.0.RELEASE/bonecp-0.8.0.RELEASE.jar:/home/user/.m2/repository/org/xerial/sqlite-jdbc/3.25.2/sqlite-jdbc-3.25.2.jar:/home/user/.m2/repository/org/springframework/spring-jdbc/5.1.3.RELEASE/spring-jdbc-5.1.3.RELEASE.jar:/home/user/.m2/repository/org/springframework/spring-beans/5.1.3.RELEASE/spring-beans-5.1.3.RELEASE.jar:/home/user/.m2/repository/org/springframework/spring-core/5.1.3.RELEASE/spring-core-5.1.3.RELEASE.jar:/home/user/.m2/repository/org/springframework/spring-jcl/5.1.3.RELEASE/spring-jcl-5.1.3.RELEASE.jar:/home/user/.m2/repository/org/springframework/spring-tx/5.1.3.RELEASE/spring-tx-5.1.3.RELEASE.jar:/home/user/.m2/repository/org/apache/hadoop/hadoop-ozone-client/0.5.0-SNAPSHOT/hadoop-ozone-client-0.5.0-SNAPSHOT.jar:/home/user/.m2/repository/commons-lang/commons-lang/2.6/commons-lang-2.6.jar:/home/user/.m2/repository/org/apache/hadoop/hadoop-ozone-ozone-manager/0.5.0-SNAPSHOT/hadoop-ozone-ozone-manager-0.5.0-SNAPSHOT-tests.jar:/home/user/.m2/repository/junit/junit/4.11/junit-4.11.jar:/home/user/.m2/repository/org/hamcrest/hamcrest-core/1.3/hamcrest-core-1.3.jar:/home/user/.m2/repository/org/openjdk/jmh/jmh-core/1.19/jmh-core-1.19.jar:/home/user/.m2/repository/net/sf/jopt-simple/jopt-simple/4.6/jopt-simple-4.6.jar:/home/user/.m2/repository/org/apache/commons/commons-math3/3.1.1/commons-math3-3.1.1.jar:/home/user/.m2/repository/org/openjdk/jmh/jmh-generator-annprocess/1.19/jmh-generator-annprocess-1.19.jar:/home/user/.m2/repository/org/mockito/mockito-all/1.8.5/mockito-all-1.8.5.jar:/home/user/.m2/repository/org/apache/hadoop/hadoop-kms/3.2.0/hadoop-kms-3.2.0.jar:/home/user/.m2/repository/org/apache/hadoop/hadoop-auth/3.2.0/hadoop-auth-3.2.0.jar:/home/user/.m2/repository/com/nimbusds/nimbus-jose-jwt/4.41.1/nimbus-jose-jwt-4.41.1.jar:/home/user/.m2/repository/com/github/stephenc/jcip/jcip-annotations/1.0-1/jcip-annotations-1.0-1.jar:/home/user/.m2/repository/net/minidev/json-smart/2.3/json-smart-2.3.jar:/home/user/.m2/repository/net/minidev/accessors-smart/1.2/accessors-smart-1.2.jar:/home/user/.m2/repository/org/ow2/asm/asm/5.0.4/asm-5.0.4.jar:/home/user/.m2/repository/org/apache/curator/curator-framework/2.12.0/curator-framework-2.12.0.jar:/home/user/.m2/repository/com/sun/jersey/jersey-core/1.19/jersey-core-1.19.jar:/home/user/.m2/repository/javax/ws/rs/jsr311-api/1.1.1/jsr311-api-1.1.1.jar:/home/user/.m2/repository/com/sun/jersey/jersey-server/1.19/jersey-server-1.19.jar:/home/user/.m2/repository/javax/servlet/javax.servlet-api/3.1.0/javax.servlet-api-3.1.0.jar:/home/user/.m2/repository/org/eclipse/jetty/jetty-server/9.3.25.v20180904/jetty-server-9.3.25.v20180904.jar:/home/user/.m2/repository/org/eclipse/jetty/jetty-http/9.3.25.v20180904/jetty-http-9.3.25.v20180904.jar:/home/user/.m2/repository/org/eclipse/jetty/jetty-io/9.3.25.v20180904/jetty-io-9.3.25.v20180904.jar:/home/user/.m2/repository/org/eclipse/jetty/jetty-webapp/9.3.25.v20180904/jetty-webapp-9.3.25.v20180904.jar:/home/user/.m2/repository/org/eclipse/jetty/jetty-xml/9.3.25.v20180904/jetty-xml-9.3.25.v20180904.jar:/home/user/.m2/repository/log4j/log4j/1.2.17/log4j-1.2.17.jar:/home/user/.m2/repository/org/slf4j/slf4j-api/1.7.25/slf4j-api-1.7.25.jar:/home/user/.m2/repository/org/slf4j/jul-to-slf4j/1.7.25/jul-to-slf4j-1.7.25.jar:/home/user/.m2/repository/org/eclipse/jetty/jetty-util/9.3.25.v20180904/jetty-util-9.3.25.v20180904.jar:/home/user/.m2/repository/com/fasterxml/jackson/core/jackson-databind/2.9.9/jackson-databind-2.9.9.jar:/home/user/.m2/repository/org/apache/hadoop/hadoop-kms/3.2.0/hadoop-kms-3.2.0-tests.jar:/home/user/.m2/repository/org/apache/hadoop/hadoop-hdds-server-scm/0.5.0-SNAPSHOT/hadoop-hdds-server-scm-0.5.0-SNAPSHOT-tests.jar:/home/user/.m2/repository/org/apache/hadoop/hadoop-hdds-container-service/0.5.0-SNAPSHOT/hadoop-hdds-container-service-0.5.0-SNAPSHOT-tests.jar:/home/user/.m2/repository/org/yaml/snakeyaml/1.16/snakeyaml-1.16.jar:/home/user/.m2/repository/org/apache/hadoop/hadoop-common/3.2.0/hadoop-common-3.2.0-tests.jar:/home/user/.m2/repository/org/apache/hadoop/hadoop-annotations/3.2.0/hadoop-annotations-3.2.0.jar:/usr/lib/jvm/java-1.8-openjdk/jre/../lib/tools.jar:/home/user/.m2/repository/commons-cli/commons-cli/1.2/commons-cli-1.2.jar:/home/user/.m2/repository/org/apache/httpcomponents/httpclient/4.5.2/httpclient-4.5.2.jar:/home/user/.m2/repository/org/apache/httpcomponents/httpcore/4.4.4/httpcore-4.4.4.jar:/home/user/.m2/repository/commons-codec/commons-codec/1.11/commons-codec-1.11.jar:/home/user/.m2/repository/commons-net/commons-net/3.6/commons-net-3.6.jar:/home/user/.m2/repository/commons-collections/commons-collections/3.2.2/commons-collections-3.2.2.jar:/home/user/.m2/repository/org/eclipse/jetty/jetty-servlet/9.3.25.v20180904/jetty-servlet-9.3.25.v20180904.jar:/home/user/.m2/repository/org/eclipse/jetty/jetty-security/9.3.25.v20180904/jetty-security-9.3.25.v20180904.jar:/home/user/.m2/repository/javax/servlet/jsp/jsp-api/2.1/jsp-api-2.1.jar:/home/user/.m2/repository/com/sun/jersey/jersey-servlet/1.19/jersey-servlet-1.19.jar:/home/user/.m2/repository/com/sun/jersey/jersey-json/1.19/jersey-json-1.19.jar:/home/user/.m2/repository/org/codehaus/jettison/jettison/1.1/jettison-1.1.jar:/home/user/.m2/repository/org/codehaus/jackson/jackson-core-asl/1.9.13/jackson-core-asl-1.9.13.jar:/home/user/.m2/repository/org/codehaus/jackson/jackson-mapper-asl/1.9.13/jackson-mapper-asl-1.9.13.jar:/home/user/.m2/repository/org/codehaus/jackson/jackson-jaxrs/1.9.13/jackson-jaxrs-1.9.13.jar:/home/user/.m2/repository/org/codehaus/jackson/jackson-xc/1.9.13/jackson-xc-1.9.13.jar:/home/user/.m2/repository/commons-logging/commons-logging/1.1.3/commons-logging-1.1.3.jar:/home/user/.m2/repository/commons-beanutils/commons-beanutils/1.9.4/commons-beanutils-1.9.4.jar:/home/user/.m2/repository/org/apache/commons/commons-configuration2/2.1.1/commons-configuration2-2.1.1.jar:/home/user/.m2/repository/org/apache/commons/commons-lang3/3.7/commons-lang3-3.7.jar:/home/user/.m2/repository/org/apache/commons/commons-text/1.4/commons-text-1.4.jar:/home/user/.m2/repository/org/apache/avro/avro/1.7.7/avro-1.7.7.jar:/home/user/.m2/repository/com/thoughtworks/paranamer/paranamer/2.3/paranamer-2.3.jar:/home/user/.m2/repository/org/xerial/snappy/snappy-java/1.0.5/snappy-java-1.0.5.jar:/home/user/.m2/repository/com/google/re2j/re2j/1.1/re2j-1.1.jar:/home/user/.m2/repository/com/google/code/gson/gson/2.2.4/gson-2.2.4.jar:/home/user/.m2/repository/com/jcraft/jsch/0.1.54/jsch-0.1.54.jar:/home/user/.m2/repository/org/apache/curator/curator-client/2.12.0/curator-client-2.12.0.jar:/home/user/.m2/repository/org/apache/curator/curator-recipes/2.12.0/curator-recipes-2.12.0.jar:/home/user/.m2/repository/com/google/code/findbugs/jsr305/3.0.0/jsr305-3.0.0.jar:/home/user/.m2/repository/org/apache/htrace/htrace-core4/4.1.0-incubating/htrace-core4-4.1.0-incubating.jar:/home/user/.m2/repository/org/apache/zookeeper/zookeeper/3.4.13/zookeeper-3.4.13.jar:/home/user/.m2/repository/jline/jline/0.9.94/jline-0.9.94.jar:/home/user/.m2/repository/org/apache/yetus/audience-annotations/0.5.0/audience-annotations-0.5.0.jar:/home/user/.m2/repository/org/codehaus/woodstox/stax2-api/3.1.4/stax2-api-3.1.4.jar:/home/user/.m2/repository/com/fasterxml/woodstox/woodstox-core/5.0.3/woodstox-core-5.0.3.jar:/home/user/.m2/repository/dnsjava/dnsjava/2.1.7/dnsjava-2.1.7.jar:/home/user/.m2/repository/org/apache/hadoop/hadoop-hdfs/3.2.0/hadoop-hdfs-3.2.0-tests.jar:/home/user/.m2/repository/org/eclipse/jetty/jetty-util-ajax/9.3.25.v20180904/jetty-util-ajax-9.3.25.v20180904.jar:/home/user/.m2/repository/commons-daemon/commons-daemon/1.0.13/commons-daemon-1.0.13.jar:/home/user/.m2/repository/io/netty/netty/3.10.5.Final/netty-3.10.5.Final.jar:/home/user/.m2/repository/io/netty/netty-all/4.0.52.Final/netty-all-4.0.52.Final.jar:/home/user/.m2/repository/org/fusesource/leveldbjni/leveldbjni-all/1.8/leveldbjni-all-1.8.jar:"/>
    <property name="java.vm.vendor" value="IcedTea"/>
    <property name="sun.arch.data.model" value="64"/>
    <property name="test.build.dir" value="/workdir/hadoop-ozone/integration-test/target/test-dir"/>
    <property name="test.cache.data" value=""/>
    <property name="java.vendor.url" value="https://icedtea.classpath.org"/>
    <property name="user.timezone" value=""/>
    <property name="java.vm.specification.version" value="1.8"/>
    <property name="os.name" value="Linux"/>
    <property name="test.build.data" value="/workdir/hadoop-ozone/integration-test/target/test-dir"/>
    <property name="user.country" value="US"/>
    <property name="sun.java.launcher" value="SUN_STANDARD"/>
    <property name="sun.boot.library.path" value="/usr/lib/jvm/java-1.8-openjdk/jre/lib/amd64"/>
    <property name="sun.java.command" value="/workdir/hadoop-ozone/integration-test/target/surefire/surefirebooter1722850252016873771.jar /workdir/hadoop-ozone/integration-test/target/surefire 2019-10-14T23-49-34_655-jvmRun1 surefire2386956621129272178tmp surefire_55901838760520486717tmp"/>
    <property name="test" value="!TestMiniChaosOzoneCluster"/>
    <property name="surefire.test.class.path" value="/workdir/hadoop-ozone/integration-test/target/test-classes:/workdir/hadoop-ozone/integration-test/target/classes:/home/user/.m2/repository/org/apache/hadoop/hadoop-ozone-common/0.5.0-SNAPSHOT/hadoop-ozone-common-0.5.0-SNAPSHOT.jar:/home/user/.m2/repository/org/apache/commons/commons-compress/1.4.1/commons-compress-1.4.1.jar:/home/user/.m2/repository/org/tukaani/xz/1.0/xz-1.0.jar:/home/user/.m2/repository/org/apache/hadoop/hadoop-common/3.2.0/hadoop-common-3.2.0.jar:/home/user/.m2/repository/org/apache/hadoop/hadoop-hdfs/3.2.0/hadoop-hdfs-3.2.0.jar:/home/user/.m2/repository/org/apache/hadoop/hadoop-hdfs-client/3.2.0/hadoop-hdfs-client-3.2.0.jar:/home/user/.m2/repository/com/fasterxml/jackson/core/jackson-annotations/2.9.9/jackson-annotations-2.9.9.jar:/home/user/.m2/repository/org/apache/hadoop/hadoop-hdds-common/0.5.0-SNAPSHOT/hadoop-hdds-common-0.5.0-SNAPSHOT.jar:/home/user/.m2/repository/javax/annotation/javax.annotation-api/1.2/javax.annotation-api-1.2.jar:/home/user/.m2/repository/org/apache/ratis/ratis-server/0.5.0-63cd2fb-SNAPSHOT/ratis-server-0.5.0-63cd2fb-SNAPSHOT.jar:/home/user/.m2/repository/org/apache/ratis/ratis-thirdparty-misc/0.2.0/ratis-thirdparty-misc-0.2.0.jar:/home/user/.m2/repository/org/apache/ratis/ratis-proto/0.5.0-63cd2fb-SNAPSHOT/ratis-proto-0.5.0-63cd2fb-SNAPSHOT.jar:/home/user/.m2/repository/org/apache/ratis/ratis-common/0.5.0-63cd2fb-SNAPSHOT/ratis-common-0.5.0-63cd2fb-SNAPSHOT.jar:/home/user/.m2/repository/org/apache/ratis/ratis-client/0.5.0-63cd2fb-SNAPSHOT/ratis-client-0.5.0-63cd2fb-SNAPSHOT.jar:/home/user/.m2/repository/org/apache/ratis/ratis-metrics/0.5.0-63cd2fb-SNAPSHOT/ratis-metrics-0.5.0-63cd2fb-SNAPSHOT.jar:/home/user/.m2/repository/com/github/joshelser/dropwizard-metrics-hadoop-metrics2-reporter/0.1.2/dropwizard-metrics-hadoop-metrics2-reporter-0.1.2.jar:/home/user/.m2/repository/io/dropwizard/metrics/metrics-jvm/3.2.5/metrics-jvm-3.2.5.jar:/home/user/.m2/repository/io/dropwizard/metrics/metrics-ganglia/3.2.5/metrics-ganglia-3.2.5.jar:/home/user/.m2/repository/info/ganglia/gmetric4j/gmetric4j/1.0.7/gmetric4j-1.0.7.jar:/home/user/.m2/repository/org/apache/ratis/ratis-netty/0.5.0-63cd2fb-SNAPSHOT/ratis-netty-0.5.0-63cd2fb-SNAPSHOT.jar:/home/user/.m2/repository/org/apache/ratis/ratis-grpc/0.5.0-63cd2fb-SNAPSHOT/ratis-grpc-0.5.0-63cd2fb-SNAPSHOT.jar:/home/user/.m2/repository/org/rocksdb/rocksdbjni/6.0.1/rocksdbjni-6.0.1.jar:/home/user/.m2/repository/org/apache/logging/log4j/log4j-api/2.11.0/log4j-api-2.11.0.jar:/home/user/.m2/repository/org/apache/logging/log4j/log4j-core/2.11.0/log4j-core-2.11.0.jar:/home/user/.m2/repository/com/lmax/disruptor/3.4.2/disruptor-3.4.2.jar:/home/user/.m2/repository/org/apache/commons/commons-pool2/2.6.0/commons-pool2-2.6.0.jar:/home/user/.m2/repository/org/bouncycastle/bcpkix-jdk15on/1.60/bcpkix-jdk15on-1.60.jar:/home/user/.m2/repository/commons-validator/commons-validator/1.6/commons-validator-1.6.jar:/home/user/.m2/repository/commons-digester/commons-digester/1.8.1/commons-digester-1.8.1.jar:/home/user/.m2/repository/io/jaegertracing/jaeger-client/0.34.0/jaeger-client-0.34.0.jar:/home/user/.m2/repository/io/jaegertracing/jaeger-thrift/0.34.0/jaeger-thrift-0.34.0.jar:/home/user/.m2/repository/org/apache/thrift/libthrift/0.12.0/libthrift-0.12.0.jar:/home/user/.m2/repository/com/squareup/okhttp3/okhttp/3.9.0/okhttp-3.9.0.jar:/home/user/.m2/repository/com/squareup/okio/okio/1.13.0/okio-1.13.0.jar:/home/user/.m2/repository/io/jaegertracing/jaeger-core/0.34.0/jaeger-core-0.34.0.jar:/home/user/.m2/repository/io/jaegertracing/jaeger-tracerresolver/0.34.0/jaeger-tracerresolver-0.34.0.jar:/home/user/.m2/repository/io/opentracing/contrib/opentracing-tracerresolver/0.1.5/opentracing-tracerresolver-0.1.5.jar:/home/user/.m2/repository/io/opentracing/opentracing-util/0.31.0/opentracing-util-0.31.0.jar:/home/user/.m2/repository/io/opentracing/opentracing-api/0.31.0/opentracing-api-0.31.0.jar:/home/user/.m2/repository/io/opentracing/opentracing-noop/0.31.0/opentracing-noop-0.31.0.jar:/home/user/.m2/repository/org/apache/hadoop/hadoop-hdds-server-framework/0.5.0-SNAPSHOT/hadoop-hdds-server-framework-0.5.0-SNAPSHOT.jar:/home/user/.m2/repository/org/apache/hadoop/hadoop-hdds-container-service/0.5.0-SNAPSHOT/hadoop-hdds-container-service-0.5.0-SNAPSHOT.jar:/home/user/.m2/repository/org/apache/hadoop/hadoop-hdds-client/0.5.0-SNAPSHOT/hadoop-hdds-client-0.5.0-SNAPSHOT.jar:/home/user/.m2/repository/org/apache/hadoop/hadoop-hdds-tools/0.5.0-SNAPSHOT/hadoop-hdds-tools-0.5.0-SNAPSHOT.jar:/home/user/.m2/repository/org/apache/hadoop/hadoop-hdds-server-scm/0.5.0-SNAPSHOT/hadoop-hdds-server-scm-0.5.0-SNAPSHOT.jar:/home/user/.m2/repository/org/apache/hadoop/hadoop-hdds-docs/0.5.0-SNAPSHOT/hadoop-hdds-docs-0.5.0-SNAPSHOT.jar:/home/user/.m2/repository/io/dropwizard/metrics/metrics-core/3.2.4/metrics-core-3.2.4.jar:/home/user/.m2/repository/org/hamcrest/hamcrest-all/1.3/hamcrest-all-1.3.jar:/home/user/.m2/repository/org/bouncycastle/bcprov-jdk15on/1.60/bcprov-jdk15on-1.60.jar:/home/user/.m2/repository/info/picocli/picocli/3.9.6/picocli-3.9.6.jar:/home/user/.m2/repository/com/google/protobuf/protobuf-java/2.5.0/protobuf-java-2.5.0.jar:/home/user/.m2/repository/com/google/guava/guava/11.0.2/guava-11.0.2.jar:/home/user/.m2/repository/org/apache/hadoop/hadoop-ozone-ozone-manager/0.5.0-SNAPSHOT/hadoop-ozone-ozone-manager-0.5.0-SNAPSHOT.jar:/home/user/.m2/repository/org/apache/hadoop/hadoop-minikdc/3.2.0/hadoop-minikdc-3.2.0.jar:/home/user/.m2/repository/commons-io/commons-io/2.5/commons-io-2.5.jar:/home/user/.m2/repository/org/apache/kerby/kerb-simplekdc/1.0.1/kerb-simplekdc-1.0.1.jar:/home/user/.m2/repository/org/apache/kerby/kerb-client/1.0.1/kerb-client-1.0.1.jar:/home/user/.m2/repository/org/apache/kerby/kerby-config/1.0.1/kerby-config-1.0.1.jar:/home/user/.m2/repository/org/apache/kerby/kerb-core/1.0.1/kerb-core-1.0.1.jar:/home/user/.m2/repository/org/apache/kerby/kerby-pkix/1.0.1/kerby-pkix-1.0.1.jar:/home/user/.m2/repository/org/apache/kerby/kerby-asn1/1.0.1/kerby-asn1-1.0.1.jar:/home/user/.m2/repository/org/apache/kerby/kerby-util/1.0.1/kerby-util-1.0.1.jar:/home/user/.m2/repository/org/apache/kerby/kerb-common/1.0.1/kerb-common-1.0.1.jar:/home/user/.m2/repository/org/apache/kerby/kerb-crypto/1.0.1/kerb-crypto-1.0.1.jar:/home/user/.m2/repository/org/apache/kerby/kerb-util/1.0.1/kerb-util-1.0.1.jar:/home/user/.m2/repository/org/apache/kerby/token-provider/1.0.1/token-provider-1.0.1.jar:/home/user/.m2/repository/org/apache/kerby/kerb-admin/1.0.1/kerb-admin-1.0.1.jar:/home/user/.m2/repository/org/apache/kerby/kerb-server/1.0.1/kerb-server-1.0.1.jar:/home/user/.m2/repository/org/apache/kerby/kerb-identity/1.0.1/kerb-identity-1.0.1.jar:/home/user/.m2/repository/org/apache/kerby/kerby-xdr/1.0.1/kerby-xdr-1.0.1.jar:/home/user/.m2/repository/org/slf4j/slf4j-log4j12/1.7.25/slf4j-log4j12-1.7.25.jar:/home/user/.m2/repository/org/apache/hadoop/hadoop-ozone-s3gateway/0.5.0-SNAPSHOT/hadoop-ozone-s3gateway-0.5.0-SNAPSHOT.jar:/home/user/.m2/repository/org/jboss/weld/servlet/weld-servlet/2.4.7.Final/weld-servlet-2.4.7.Final.jar:/home/user/.m2/repository/org/glassfish/jersey/containers/jersey-container-servlet-core/2.27/jersey-container-servlet-core-2.27.jar:/home/user/.m2/repository/org/glassfish/hk2/external/javax.inject/2.5.0-b42/javax.inject-2.5.0-b42.jar:/home/user/.m2/repository/org/glassfish/jersey/core/jersey-common/2.27/jersey-common-2.27.jar:/home/user/.m2/repository/org/glassfish/hk2/osgi-resource-locator/1.0.1/osgi-resource-locator-1.0.1.jar:/home/user/.m2/repository/javax/ws/rs/javax.ws.rs-api/2.1/javax.ws.rs-api-2.1.jar:/home/user/.m2/repository/org/glassfish/jersey/ext/cdi/jersey-cdi1x/2.27/jersey-cdi1x-2.27.jar:/home/user/.m2/repository/org/glassfish/jersey/inject/jersey-hk2/2.27/jersey-hk2-2.27.jar:/home/user/.m2/repository/org/glassfish/hk2/hk2-locator/2.5.0-b42/hk2-locator-2.5.0-b42.jar:/home/user/.m2/repository/org/javassist/javassist/3.22.0-CR2/javassist-3.22.0-CR2.jar:/home/user/.m2/repository/org/glassfish/hk2/hk2-api/2.5.0/hk2-api-2.5.0.jar:/home/user/.m2/repository/org/glassfish/hk2/external/jakarta.inject/2.5.0/jakarta.inject-2.5.0.jar:/home/user/.m2/repository/org/glassfish/hk2/hk2-utils/2.5.0/hk2-utils-2.5.0.jar:/home/user/.m2/repository/jakarta/annotation/jakarta.annotation-api/1.3.4/jakarta.annotation-api-1.3.4.jar:/home/user/.m2/repository/org/glassfish/hk2/external/aopalliance-repackaged/2.5.0/aopalliance-repackaged-2.5.0.jar:/home/user/.m2/repository/com/fasterxml/jackson/dataformat/jackson-dataformat-xml/2.9.0/jackson-dataformat-xml-2.9.0.jar:/home/user/.m2/repository/com/fasterxml/jackson/core/jackson-core/2.9.9/jackson-core-2.9.9.jar:/home/user/.m2/repository/com/fasterxml/jackson/module/jackson-module-jaxb-annotations/2.9.9/jackson-module-jaxb-annotations-2.9.9.jar:/home/user/.m2/repository/javax/enterprise/cdi-api/1.2/cdi-api-1.2.jar:/home/user/.m2/repository/javax/el/javax.el-api/3.0.0/javax.el-api-3.0.0.jar:/home/user/.m2/repository/javax/interceptor/javax.interceptor-api/1.2/javax.interceptor-api-1.2.jar:/home/user/.m2/repository/javax/inject/javax.inject/1/javax.inject-1.jar:/home/user/.m2/repository/com/sun/xml/bind/jaxb-impl/2.3.0.1/jaxb-impl-2.3.0.1.jar:/home/user/.m2/repository/com/sun/xml/bind/jaxb-core/2.3.0.1/jaxb-core-2.3.0.1.jar:/home/user/.m2/repository/javax/xml/bind/jaxb-api/2.3.0/jaxb-api-2.3.0.jar:/home/user/.m2/repository/javax/activation/activation/1.1.1/activation-1.1.1.jar:/home/user/.m2/repository/org/apache/hadoop/hadoop-ozone-csi/0.5.0-SNAPSHOT/hadoop-ozone-csi-0.5.0-SNAPSHOT.jar:/home/user/.m2/repository/com/google/protobuf/protobuf-java-util/3.5.1/protobuf-java-util-3.5.1.jar:/home/user/.m2/repository/org/apache/hadoop/hadoop-hdds-config/0.5.0-SNAPSHOT/hadoop-hdds-config-0.5.0-SNAPSHOT.jar:/home/user/.m2/repository/io/grpc/grpc-netty/1.17.1/grpc-netty-1.17.1.jar:/home/user/.m2/repository/io/grpc/grpc-core/1.17.1/grpc-core-1.17.1.jar:/home/user/.m2/repository/io/grpc/grpc-context/1.17.1/grpc-context-1.17.1.jar:/home/user/.m2/repository/com/google/errorprone/error_prone_annotations/2.2.0/error_prone_annotations-2.2.0.jar:/home/user/.m2/repository/org/codehaus/mojo/animal-sniffer-annotations/1.17/animal-sniffer-annotations-1.17.jar:/home/user/.m2/repository/io/opencensus/opencensus-api/0.17.0/opencensus-api-0.17.0.jar:/home/user/.m2/repository/io/opencensus/opencensus-contrib-grpc-metrics/0.17.0/opencensus-contrib-grpc-metrics-0.17.0.jar:/home/user/.m2/repository/io/netty/netty-codec-http2/4.1.30.Final/netty-codec-http2-4.1.30.Final.jar:/home/user/.m2/repository/io/netty/netty-codec-http/4.1.30.Final/netty-codec-http-4.1.30.Final.jar:/home/user/.m2/repository/io/netty/netty-codec/4.1.30.Final/netty-codec-4.1.30.Final.jar:/home/user/.m2/repository/io/netty/netty-handler/4.1.30.Final/netty-handler-4.1.30.Final.jar:/home/user/.m2/repository/io/netty/netty-handler-proxy/4.1.30.Final/netty-handler-proxy-4.1.30.Final.jar:/home/user/.m2/repository/io/netty/netty-codec-socks/4.1.30.Final/netty-codec-socks-4.1.30.Final.jar:/home/user/.m2/repository/io/netty/netty-transport-native-epoll/4.1.30.Final/netty-transport-native-epoll-4.1.30.Final.jar:/home/user/.m2/repository/io/netty/netty-common/4.1.30.Final/netty-common-4.1.30.Final.jar:/home/user/.m2/repository/io/netty/netty-buffer/4.1.30.Final/netty-buffer-4.1.30.Final.jar:/home/user/.m2/repository/io/netty/netty-transport/4.1.30.Final/netty-transport-4.1.30.Final.jar:/home/user/.m2/repository/io/netty/netty-resolver/4.1.30.Final/netty-resolver-4.1.30.Final.jar:/home/user/.m2/repository/io/netty/netty-transport-native-unix-common/4.1.30.Final/netty-transport-native-unix-common-4.1.30.Final.jar:/home/user/.m2/repository/io/grpc/grpc-protobuf/1.17.1/grpc-protobuf-1.17.1.jar:/home/user/.m2/repository/com/google/api/grpc/proto-google-common-protos/1.0.0/proto-google-common-protos-1.0.0.jar:/home/user/.m2/repository/io/grpc/grpc-protobuf-lite/1.17.1/grpc-protobuf-lite-1.17.1.jar:/home/user/.m2/repository/io/grpc/grpc-stub/1.17.1/grpc-stub-1.17.1.jar:/home/user/.m2/repository/org/apache/hadoop/hadoop-ozone-recon/0.5.0-SNAPSHOT/hadoop-ozone-recon-0.5.0-SNAPSHOT.jar:/home/user/.m2/repository/org/apache/hadoop/hadoop-ozone-reconcodegen/0.5.0-SNAPSHOT/hadoop-ozone-reconcodegen-0.5.0-SNAPSHOT.jar:/home/user/.m2/repository/com/google/inject/extensions/guice-multibindings/4.0/guice-multibindings-4.0.jar:/home/user/.m2/repository/com/google/inject/guice/4.0/guice-4.0.jar:/home/user/.m2/repository/aopalliance/aopalliance/1.0/aopalliance-1.0.jar:/home/user/.m2/repository/com/google/inject/extensions/guice-servlet/4.0/guice-servlet-4.0.jar:/home/user/.m2/repository/org/glassfish/jersey/containers/jersey-container-servlet/2.27/jersey-container-servlet-2.27.jar:/home/user/.m2/repository/org/glassfish/hk2/guice-bridge/2.5.0/guice-bridge-2.5.0.jar:/home/user/.m2/repository/org/glassfish/jersey/core/jersey-server/2.27/jersey-server-2.27.jar:/home/user/.m2/repository/org/glassfish/jersey/core/jersey-client/2.27/jersey-client-2.27.jar:/home/user/.m2/repository/org/glassfish/jersey/media/jersey-media-jaxb/2.27/jersey-media-jaxb-2.27.jar:/home/user/.m2/repository/javax/validation/validation-api/1.1.0.Final/validation-api-1.1.0.Final.jar:/home/user/.m2/repository/org/glassfish/jersey/media/jersey-media-json-jackson/2.27/jersey-media-json-jackson-2.27.jar:/home/user/.m2/repository/org/glassfish/jersey/ext/jersey-entity-filtering/2.27/jersey-entity-filtering-2.27.jar:/home/user/.m2/repository/com/google/inject/extensions/guice-assistedinject/4.0/guice-assistedinject-4.0.jar:/home/user/.m2/repository/org/jooq/jooq/3.11.10/jooq-3.11.10.jar:/home/user/.m2/repository/org/jooq/jooq-meta/3.11.10/jooq-meta-3.11.10.jar:/home/user/.m2/repository/org/jooq/jooq-codegen/3.11.10/jooq-codegen-3.11.10.jar:/home/user/.m2/repository/com/jolbox/bonecp/0.8.0.RELEASE/bonecp-0.8.0.RELEASE.jar:/home/user/.m2/repository/org/xerial/sqlite-jdbc/3.25.2/sqlite-jdbc-3.25.2.jar:/home/user/.m2/repository/org/springframework/spring-jdbc/5.1.3.RELEASE/spring-jdbc-5.1.3.RELEASE.jar:/home/user/.m2/repository/org/springframework/spring-beans/5.1.3.RELEASE/spring-beans-5.1.3.RELEASE.jar:/home/user/.m2/repository/org/springframework/spring-core/5.1.3.RELEASE/spring-core-5.1.3.RELEASE.jar:/home/user/.m2/repository/org/springframework/spring-jcl/5.1.3.RELEASE/spring-jcl-5.1.3.RELEASE.jar:/home/user/.m2/repository/org/springframework/spring-tx/5.1.3.RELEASE/spring-tx-5.1.3.RELEASE.jar:/home/user/.m2/repository/org/apache/hadoop/hadoop-ozone-client/0.5.0-SNAPSHOT/hadoop-ozone-client-0.5.0-SNAPSHOT.jar:/home/user/.m2/repository/commons-lang/commons-lang/2.6/commons-lang-2.6.jar:/home/user/.m2/repository/org/apache/hadoop/hadoop-ozone-ozone-manager/0.5.0-SNAPSHOT/hadoop-ozone-ozone-manager-0.5.0-SNAPSHOT-tests.jar:/home/user/.m2/repository/junit/junit/4.11/junit-4.11.jar:/home/user/.m2/repository/org/hamcrest/hamcrest-core/1.3/hamcrest-core-1.3.jar:/home/user/.m2/repository/org/openjdk/jmh/jmh-core/1.19/jmh-core-1.19.jar:/home/user/.m2/repository/net/sf/jopt-simple/jopt-simple/4.6/jopt-simple-4.6.jar:/home/user/.m2/repository/org/apache/commons/commons-math3/3.1.1/commons-math3-3.1.1.jar:/home/user/.m2/repository/org/openjdk/jmh/jmh-generator-annprocess/1.19/jmh-generator-annprocess-1.19.jar:/home/user/.m2/repository/org/mockito/mockito-all/1.8.5/mockito-all-1.8.5.jar:/home/user/.m2/repository/org/apache/hadoop/hadoop-kms/3.2.0/hadoop-kms-3.2.0.jar:/home/user/.m2/repository/org/apache/hadoop/hadoop-auth/3.2.0/hadoop-auth-3.2.0.jar:/home/user/.m2/repository/com/nimbusds/nimbus-jose-jwt/4.41.1/nimbus-jose-jwt-4.41.1.jar:/home/user/.m2/repository/com/github/stephenc/jcip/jcip-annotations/1.0-1/jcip-annotations-1.0-1.jar:/home/user/.m2/repository/net/minidev/json-smart/2.3/json-smart-2.3.jar:/home/user/.m2/repository/net/minidev/accessors-smart/1.2/accessors-smart-1.2.jar:/home/user/.m2/repository/org/ow2/asm/asm/5.0.4/asm-5.0.4.jar:/home/user/.m2/repository/org/apache/curator/curator-framework/2.12.0/curator-framework-2.12.0.jar:/home/user/.m2/repository/com/sun/jersey/jersey-core/1.19/jersey-core-1.19.jar:/home/user/.m2/repository/javax/ws/rs/jsr311-api/1.1.1/jsr311-api-1.1.1.jar:/home/user/.m2/repository/com/sun/jersey/jersey-server/1.19/jersey-server-1.19.jar:/home/user/.m2/repository/javax/servlet/javax.servlet-api/3.1.0/javax.servlet-api-3.1.0.jar:/home/user/.m2/repository/org/eclipse/jetty/jetty-server/9.3.25.v20180904/jetty-server-9.3.25.v20180904.jar:/home/user/.m2/repository/org/eclipse/jetty/jetty-http/9.3.25.v20180904/jetty-http-9.3.25.v20180904.jar:/home/user/.m2/repository/org/eclipse/jetty/jetty-io/9.3.25.v20180904/jetty-io-9.3.25.v20180904.jar:/home/user/.m2/repository/org/eclipse/jetty/jetty-webapp/9.3.25.v20180904/jetty-webapp-9.3.25.v20180904.jar:/home/user/.m2/repository/org/eclipse/jetty/jetty-xml/9.3.25.v20180904/jetty-xml-9.3.25.v20180904.jar:/home/user/.m2/repository/log4j/log4j/1.2.17/log4j-1.2.17.jar:/home/user/.m2/repository/org/slf4j/slf4j-api/1.7.25/slf4j-api-1.7.25.jar:/home/user/.m2/repository/org/slf4j/jul-to-slf4j/1.7.25/jul-to-slf4j-1.7.25.jar:/home/user/.m2/repository/org/eclipse/jetty/jetty-util/9.3.25.v20180904/jetty-util-9.3.25.v20180904.jar:/home/user/.m2/repository/com/fasterxml/jackson/core/jackson-databind/2.9.9/jackson-databind-2.9.9.jar:/home/user/.m2/repository/org/apache/hadoop/hadoop-kms/3.2.0/hadoop-kms-3.2.0-tests.jar:/home/user/.m2/repository/org/apache/hadoop/hadoop-hdds-server-scm/0.5.0-SNAPSHOT/hadoop-hdds-server-scm-0.5.0-SNAPSHOT-tests.jar:/home/user/.m2/repository/org/apache/hadoop/hadoop-hdds-container-service/0.5.0-SNAPSHOT/hadoop-hdds-container-service-0.5.0-SNAPSHOT-tests.jar:/home/user/.m2/repository/org/yaml/snakeyaml/1.16/snakeyaml-1.16.jar:/home/user/.m2/repository/org/apache/hadoop/hadoop-common/3.2.0/hadoop-common-3.2.0-tests.jar:/home/user/.m2/repository/org/apache/hadoop/hadoop-annotations/3.2.0/hadoop-annotations-3.2.0.jar:/usr/lib/jvm/java-1.8-openjdk/jre/../lib/tools.jar:/home/user/.m2/repository/commons-cli/commons-cli/1.2/commons-cli-1.2.jar:/home/user/.m2/repository/org/apache/httpcomponents/httpclient/4.5.2/httpclient-4.5.2.jar:/home/user/.m2/repository/org/apache/httpcomponents/httpcore/4.4.4/httpcore-4.4.4.jar:/home/user/.m2/repository/commons-codec/commons-codec/1.11/commons-codec-1.11.jar:/home/user/.m2/repository/commons-net/commons-net/3.6/commons-net-3.6.jar:/home/user/.m2/repository/commons-collections/commons-collections/3.2.2/commons-collections-3.2.2.jar:/home/user/.m2/repository/org/eclipse/jetty/jetty-servlet/9.3.25.v20180904/jetty-servlet-9.3.25.v20180904.jar:/home/user/.m2/repository/org/eclipse/jetty/jetty-security/9.3.25.v20180904/jetty-security-9.3.25.v20180904.jar:/home/user/.m2/repository/javax/servlet/jsp/jsp-api/2.1/jsp-api-2.1.jar:/home/user/.m2/repository/com/sun/jersey/jersey-servlet/1.19/jersey-servlet-1.19.jar:/home/user/.m2/repository/com/sun/jersey/jersey-json/1.19/jersey-json-1.19.jar:/home/user/.m2/repository/org/codehaus/jettison/jettison/1.1/jettison-1.1.jar:/home/user/.m2/repository/org/codehaus/jackson/jackson-core-asl/1.9.13/jackson-core-asl-1.9.13.jar:/home/user/.m2/repository/org/codehaus/jackson/jackson-mapper-asl/1.9.13/jackson-mapper-asl-1.9.13.jar:/home/user/.m2/repository/org/codehaus/jackson/jackson-jaxrs/1.9.13/jackson-jaxrs-1.9.13.jar:/home/user/.m2/repository/org/codehaus/jackson/jackson-xc/1.9.13/jackson-xc-1.9.13.jar:/home/user/.m2/repository/commons-logging/commons-logging/1.1.3/commons-logging-1.1.3.jar:/home/user/.m2/repository/commons-beanutils/commons-beanutils/1.9.4/commons-beanutils-1.9.4.jar:/home/user/.m2/repository/org/apache/commons/commons-configuration2/2.1.1/commons-configuration2-2.1.1.jar:/home/user/.m2/repository/org/apache/commons/commons-lang3/3.7/commons-lang3-3.7.jar:/home/user/.m2/repository/org/apache/commons/commons-text/1.4/commons-text-1.4.jar:/home/user/.m2/repository/org/apache/avro/avro/1.7.7/avro-1.7.7.jar:/home/user/.m2/repository/com/thoughtworks/paranamer/paranamer/2.3/paranamer-2.3.jar:/home/user/.m2/repository/org/xerial/snappy/snappy-java/1.0.5/snappy-java-1.0.5.jar:/home/user/.m2/repository/com/google/re2j/re2j/1.1/re2j-1.1.jar:/home/user/.m2/repository/com/google/code/gson/gson/2.2.4/gson-2.2.4.jar:/home/user/.m2/repository/com/jcraft/jsch/0.1.54/jsch-0.1.54.jar:/home/user/.m2/repository/org/apache/curator/curator-client/2.12.0/curator-client-2.12.0.jar:/home/user/.m2/repository/org/apache/curator/curator-recipes/2.12.0/curator-recipes-2.12.0.jar:/home/user/.m2/repository/com/google/code/findbugs/jsr305/3.0.0/jsr305-3.0.0.jar:/home/user/.m2/repository/org/apache/htrace/htrace-core4/4.1.0-incubating/htrace-core4-4.1.0-incubating.jar:/home/user/.m2/repository/org/apache/zookeeper/zookeeper/3.4.13/zookeeper-3.4.13.jar:/home/user/.m2/repository/jline/jline/0.9.94/jline-0.9.94.jar:/home/user/.m2/repository/org/apache/yetus/audience-annotations/0.5.0/audience-annotations-0.5.0.jar:/home/user/.m2/repository/org/codehaus/woodstox/stax2-api/3.1.4/stax2-api-3.1.4.jar:/home/user/.m2/repository/com/fasterxml/woodstox/woodstox-core/5.0.3/woodstox-core-5.0.3.jar:/home/user/.m2/repository/dnsjava/dnsjava/2.1.7/dnsjava-2.1.7.jar:/home/user/.m2/repository/org/apache/hadoop/hadoop-hdfs/3.2.0/hadoop-hdfs-3.2.0-tests.jar:/home/user/.m2/repository/org/eclipse/jetty/jetty-util-ajax/9.3.25.v20180904/jetty-util-ajax-9.3.25.v20180904.jar:/home/user/.m2/repository/commons-daemon/commons-daemon/1.0.13/commons-daemon-1.0.13.jar:/home/user/.m2/repository/io/netty/netty/3.10.5.Final/netty-3.10.5.Final.jar:/home/user/.m2/repository/io/netty/netty-all/4.0.52.Final/netty-all-4.0.52.Final.jar:/home/user/.m2/repository/org/fusesource/leveldbjni/leveldbjni-all/1.8/leveldbjni-all-1.8.jar:"/>
    <property name="sun.cpu.endian" value="little"/>
    <property name="user.home" value="/home/user"/>
    <property name="user.language" value="en"/>
    <property name="java.specification.vendor" value="Oracle Corporation"/>
    <property name="java.home" value="/usr/lib/jvm/java-1.8-openjdk/jre"/>
    <property name="surefire.excludesFile" value="/tools/ozone-bad-unit-tests"/>
    <property name="java.security.krb5.conf" value="/workdir/hadoop-ozone/integration-test/target/test-classes/krb5.conf"/>
    <property name="basedir" value="/workdir/hadoop-ozone/integration-test"/>
    <property name="file.separator" value="/"/>
    <property name="line.separator" value="&#10;"/>
    <property name="java.vm.specification.vendor" value="Oracle Corporation"/>
    <property name="java.specification.name" value="Java Platform API Specification"/>
    <property name="java.awt.graphicsenv" value="sun.awt.X11GraphicsEnvironment"/>
    <property name="surefire.real.class.path" value="/workdir/hadoop-ozone/integration-test/target/surefire/surefirebooter1722850252016873771.jar"/>
    <property name="hadoop.log.dir" value="/workdir/hadoop-ozone/integration-test/target/log"/>
    <property name="sun.boot.class.path" value="/usr/lib/jvm/java-1.8-openjdk/jre/lib/resources.jar:/usr/lib/jvm/java-1.8-openjdk/jre/lib/rt.jar:/usr/lib/jvm/java-1.8-openjdk/jre/lib/sunrsasign.jar:/usr/lib/jvm/java-1.8-openjdk/jre/lib/jsse.jar:/usr/lib/jvm/java-1.8-openjdk/jre/lib/jce.jar:/usr/lib/jvm/java-1.8-openjdk/jre/lib/charsets.jar:/usr/lib/jvm/java-1.8-openjdk/jre/lib/jfr.jar:/usr/lib/jvm/java-1.8-openjdk/jre/classes"/>
    <property name="sun.management.compiler" value="HotSpot 64-Bit Tiered Compilers"/>
    <property name="java.runtime.version" value="1.8.0_212-b04"/>
    <property name="java.net.preferIPv4Stack" value="true"/>
    <property name="user.name" value="jenkins1000"/>
    <property name="path.separator" value=":"/>
    <property name="java.security.egd" value="file:///dev/urandom"/>
    <property name="os.version" value="3.10.0-957.12.2.el7.x86_64"/>
    <property name="java.endorsed.dirs" value="/usr/lib/jvm/java-1.8-openjdk/jre/lib/endorsed"/>
    <property name="java.runtime.name" value="OpenJDK Runtime Environment"/>
    <property name="file.encoding" value="UTF-8"/>
    <property name="java.vm.name" value="OpenJDK 64-Bit Server VM"/>
    <property name="test.build.webapps" value=""/>
    <property name="localRepository" value="/home/user/.m2/repository"/>
    <property name="java.vendor.url.bug" value="https://icedtea.classpath.org/bugzilla"/>
    <property name="java.io.tmpdir" value="/tmp"/>
    <property name="require.test.libhadoop" value=""/>
    <property name="java.version" value="1.8.0_212"/>
    <property name="user.dir" value="/workdir/hadoop-ozone/integration-test"/>
    <property name="os.arch" value="amd64"/>
    <property name="java.vm.specification.name" value="Java Virtual Machine Specification"/>
    <property name="test.build.classes" value="/workdir/hadoop-ozone/integration-test/target/test-classes"/>
    <property name="java.awt.printerjob" value="sun.print.PSPrinterJob"/>
    <property name="sun.os.patch.level" value="unknown"/>
    <property name="hadoop.tmp.dir" value="/workdir/hadoop-ozone/integration-test/target/tmp"/>
    <property name="java.library.path" value="/usr/lib/jvm/java-1.8-openjdk/jre/lib/amd64/server:/usr/lib/jvm/java-1.8-openjdk/jre/lib/amd64:/usr/lib/jvm/java-1.8-openjdk/jre/../lib/amd64:/workdir/hadoop-ozone/integration-test/target/native/target/usr/local/lib:/workdir/hadoop-ozone/integration-test/../../hadoop-common-project/hadoop-common/target/native/target/usr/local/lib:/usr/java/packages/lib/amd64:/usr/lib64:/lib64:/lib:/usr/lib"/>
    <property name="java.vm.info" value="mixed mode"/>
    <property name="java.vendor" value="IcedTea"/>
    <property name="java.vm.version" value="25.212-b04"/>
    <property name="java.ext.dirs" value="/usr/lib/jvm/java-1.8-openjdk/jre/lib/ext:/usr/java/packages/lib/ext"/>
    <property name="sun.io.unicode.encoding" value="UnicodeLittle"/>
    <property name="java.class.version" value="52.0"/>
  </properties>
  <testcase name="testWatchForCommitWithKeyWrite" classname="org.apache.hadoop.ozone.client.rpc.TestWatchForCommit" time="85.635"/>
  <testcase name="testWatchForCommitWithSmallerTimeoutValue" classname="org.apache.hadoop.ozone.client.rpc.TestWatchForCommit" time="47.568"/>
  <testcase name="testWatchForCommitForRetryfailure" classname="org.apache.hadoop.ozone.client.rpc.TestWatchForCommit" time="76.725"/>
  <testcase name="testWatchForCommitForGroupMismatchException" classname="org.apache.hadoop.ozone.client.rpc.TestWatchForCommit" time="37.338"/>
  <testcase name="test2WayCommitForTimeoutException" classname="org.apache.hadoop.ozone.client.rpc.TestWatchForCommit" time="27.544">
    <error type="java.util.concurrent.TimeoutException">java.util.concurrent.TimeoutException
	at java.util.concurrent.CompletableFuture.timedGet(CompletableFuture.java:1771)
	at java.util.concurrent.CompletableFuture.get(CompletableFuture.java:1915)
	at org.apache.hadoop.hdds.scm.XceiverClientRatis.watchForCommit(XceiverClientRatis.java:283)
	at org.apache.hadoop.ozone.client.rpc.TestWatchForCommit.test2WayCommitForTimeoutException(TestWatchForCommit.java:391)
	at sun.reflect.NativeMethodAccessorImpl.invoke0(Native Method)
	at sun.reflect.NativeMethodAccessorImpl.invoke(NativeMethodAccessorImpl.java:62)
	at sun.reflect.DelegatingMethodAccessorImpl.invoke(DelegatingMethodAccessorImpl.java:43)
	at java.lang.reflect.Method.invoke(Method.java:498)
	at org.junit.runners.model.FrameworkMethod$1.runReflectiveCall(FrameworkMethod.java:47)
	at org.junit.internal.runners.model.ReflectiveCallable.run(ReflectiveCallable.java:12)
	at org.junit.runners.model.FrameworkMethod.invokeExplosively(FrameworkMethod.java:44)
	at org.junit.internal.runners.statements.InvokeMethod.evaluate(InvokeMethod.java:17)
	at org.junit.runners.ParentRunner.runLeaf(ParentRunner.java:271)
	at org.junit.runners.BlockJUnit4ClassRunner.runChild(BlockJUnit4ClassRunner.java:70)
	at org.junit.runners.BlockJUnit4ClassRunner.runChild(BlockJUnit4ClassRunner.java:50)
	at org.junit.runners.ParentRunner$3.run(ParentRunner.java:238)
	at org.junit.runners.ParentRunner$1.schedule(ParentRunner.java:63)
	at org.junit.runners.ParentRunner.runChildren(ParentRunner.java:236)
	at org.junit.runners.ParentRunner.access$000(ParentRunner.java:53)
	at org.junit.runners.ParentRunner$2.evaluate(ParentRunner.java:229)
	at org.junit.runners.ParentRunner.run(ParentRunner.java:309)
	at org.apache.maven.surefire.junit4.JUnit4Provider.execute(JUnit4Provider.java:365)
	at org.apache.maven.surefire.junit4.JUnit4Provider.executeWithRerun(JUnit4Provider.java:273)
	at org.apache.maven.surefire.junit4.JUnit4Provider.executeTestSet(JUnit4Provider.java:238)
	at org.apache.maven.surefire.junit4.JUnit4Provider.invoke(JUnit4Provider.java:159)
	at org.apache.maven.surefire.booter.ForkedBooter.invokeProviderInSameClassLoader(ForkedBooter.java:384)
	at org.apache.maven.surefire.booter.ForkedBooter.runSuitesInProcess(ForkedBooter.java:345)
	at org.apache.maven.surefire.booter.ForkedBooter.execute(ForkedBooter.java:126)
	at org.apache.maven.surefire.booter.ForkedBooter.main(ForkedBooter.java:418)
</error>
    <system-out><![CDATA[2019-10-15 00:58:11,752 [main] WARN  server.ServerUtils (ServerUtils.java:getScmDbDir(145)) - ozone.scm.db.dirs is not configured. We recommend adding this setting. Falling back to ozone.metadata.dirs instead.
2019-10-15 00:58:11,786 [main] WARN  server.ServerUtils (ServerUtils.java:getScmDbDir(145)) - ozone.scm.db.dirs is not configured. We recommend adding this setting. Falling back to ozone.metadata.dirs instead.
2019-10-15 00:58:11,786 [main] WARN  server.ServerUtils (ServerUtils.java:getScmDbDir(145)) - ozone.scm.db.dirs is not configured. We recommend adding this setting. Falling back to ozone.metadata.dirs instead.
2019-10-15 00:58:11,787 [main] INFO  db.DBStoreBuilder (DBStoreBuilder.java:addTable(117)) - using custom profile for table: deletedBlocks
2019-10-15 00:58:11,787 [main] INFO  db.DBStoreBuilder (DBStoreBuilder.java:processTables(168)) - Using default column profile:DBProfile.DISK for Table:deletedBlocks
2019-10-15 00:58:11,787 [main] INFO  db.DBStoreBuilder (DBStoreBuilder.java:addTable(117)) - using custom profile for table: validCerts
2019-10-15 00:58:11,787 [main] INFO  db.DBStoreBuilder (DBStoreBuilder.java:processTables(168)) - Using default column profile:DBProfile.DISK for Table:validCerts
2019-10-15 00:58:11,788 [main] INFO  db.DBStoreBuilder (DBStoreBuilder.java:addTable(117)) - using custom profile for table: revokedCerts
2019-10-15 00:58:11,788 [main] INFO  db.DBStoreBuilder (DBStoreBuilder.java:processTables(168)) - Using default column profile:DBProfile.DISK for Table:revokedCerts
2019-10-15 00:58:11,788 [main] INFO  db.DBStoreBuilder (DBStoreBuilder.java:addTable(117)) - using custom profile for table: default
2019-10-15 00:58:11,788 [main] INFO  db.DBStoreBuilder (DBStoreBuilder.java:processTables(174)) - Using default column profile:DBProfile.DISK for Table:default
2019-10-15 00:58:11,788 [main] INFO  db.DBStoreBuilder (DBStoreBuilder.java:getDbProfile(205)) - Using default options. DBProfile.DISK
2019-10-15 00:58:12,117 [main] INFO  net.NodeSchemaLoader (NodeSchemaLoader.java:loadSchemaFromFile(125)) - Loading file from sun.misc.CompoundEnumeration@679d0be8
2019-10-15 00:58:12,117 [main] INFO  net.NodeSchemaLoader (NodeSchemaLoader.java:loadSchema(171)) - Loading network topology layer schema file
2019-10-15 00:58:12,124 [main] WARN  server.ServerUtils (ServerUtils.java:sanitizeUserArgs(70)) - ozone.scm.stale.node.interval value = 300000 is larger than max = 100000 based on the key value of ozone.scm.heartbeat.thread.interval, reset to the max value 100000.
2019-10-15 00:58:12,124 [main] WARN  server.ServerUtils (ServerUtils.java:sanitizeUserArgs(70)) - ozone.scm.stale.node.interval value = 300000 is larger than max = 100000 based on the key value of ozone.scm.heartbeat.thread.interval, reset to the max value 100000.
2019-10-15 00:58:12,124 [main] INFO  node.SCMNodeManager (SCMNodeManager.java:<init>(116)) - Entering startup safe mode.
2019-10-15 00:58:12,125 [main] INFO  algorithms.ContainerPlacementPolicyFactory (ContainerPlacementPolicyFactory.java:getPolicy(57)) - Create container placement policy of type org.apache.hadoop.hdds.scm.container.placement.algorithms.SCMContainerPlacementRandom
2019-10-15 00:58:12,126 [main] WARN  server.ServerUtils (ServerUtils.java:getScmDbDir(145)) - ozone.scm.db.dirs is not configured. We recommend adding this setting. Falling back to ozone.metadata.dirs instead.
2019-10-15 00:58:12,275 [main] INFO  pipeline.SCMPipelineManager (SCMPipelineManager.java:initializePipelineState(132)) - No pipeline exists in current db
2019-10-15 00:58:12,276 [main] WARN  server.ServerUtils (ServerUtils.java:getScmDbDir(145)) - ozone.scm.db.dirs is not configured. We recommend adding this setting. Falling back to ozone.metadata.dirs instead.
2019-10-15 00:58:12,404 [main] WARN  events.EventQueue (EventQueue.java:fireEvent(183)) - No event handler registered for event TypedEvent{payloadType=SafeModeStatus, name='SafeModeStatus'}
2019-10-15 00:58:12,405 [main] INFO  ipc.CallQueueManager (CallQueueManager.java:<init>(84)) - Using callQueue: class java.util.concurrent.LinkedBlockingQueue, queueCapacity: 2000, scheduler: class org.apache.hadoop.ipc.DefaultRpcScheduler, ipcBackoff: false.
2019-10-15 00:58:12,406 [Socket Reader #1 for port 36625] INFO  ipc.Server (Server.java:run(1074)) - Starting Socket Reader #1 for port 36625
2019-10-15 00:58:12,409 [main] INFO  ipc.CallQueueManager (CallQueueManager.java:<init>(84)) - Using callQueue: class java.util.concurrent.LinkedBlockingQueue, queueCapacity: 2000, scheduler: class org.apache.hadoop.ipc.DefaultRpcScheduler, ipcBackoff: false.
2019-10-15 00:58:12,409 [Socket Reader #1 for port 34349] INFO  ipc.Server (Server.java:run(1074)) - Starting Socket Reader #1 for port 34349
2019-10-15 00:58:12,411 [main] INFO  ipc.CallQueueManager (CallQueueManager.java:<init>(84)) - Using callQueue: class java.util.concurrent.LinkedBlockingQueue, queueCapacity: 2000, scheduler: class org.apache.hadoop.ipc.DefaultRpcScheduler, ipcBackoff: false.
2019-10-15 00:58:12,411 [Socket Reader #1 for port 35645] INFO  ipc.Server (Server.java:run(1074)) - Starting Socket Reader #1 for port 35645
2019-10-15 00:58:12,414 [main] INFO  hdfs.DFSUtil (DFSUtil.java:httpServerTemplateForNNAndJN(1641)) - Starting Web-server for scm at: http://0.0.0.0:0
2019-10-15 00:58:12,416 [main] INFO  server.AuthenticationFilter (AuthenticationFilter.java:constructSecretProvider(240)) - Unable to initialize FileSignerSecretProvider, falling back to use random secrets.
2019-10-15 00:58:12,417 [main] WARN  http.HttpRequestLog (HttpRequestLog.java:getRequestLog(97)) - Jetty request log can only be enabled using Log4j
2019-10-15 00:58:12,420 [main] INFO  http.HttpServer2 (HttpServer2.java:addGlobalFilter(975)) - Added global filter 'safety' (class=org.apache.hadoop.http.HttpServer2$QuotingInputFilter)
2019-10-15 00:58:12,420 [main] INFO  http.HttpServer2 (HttpServer2.java:addFilter(948)) - Added filter static_user_filter (class=org.apache.hadoop.http.lib.StaticUserWebFilter$StaticUserFilter) to context scm
2019-10-15 00:58:12,421 [main] INFO  http.HttpServer2 (HttpServer2.java:addFilter(958)) - Added filter static_user_filter (class=org.apache.hadoop.http.lib.StaticUserWebFilter$StaticUserFilter) to context logs
2019-10-15 00:58:12,421 [main] INFO  http.HttpServer2 (HttpServer2.java:addFilter(958)) - Added filter static_user_filter (class=org.apache.hadoop.http.lib.StaticUserWebFilter$StaticUserFilter) to context static
2019-10-15 00:58:12,423 [main] INFO  server.StorageContainerManager (StorageContainerManager.java:start(772)) - StorageContainerLocationProtocol RPC server is listening at /0.0.0.0:35645
2019-10-15 00:58:12,426 [main] WARN  impl.MetricsConfig (MetricsConfig.java:loadFirst(134)) - Cannot locate configuration: tried hadoop-metrics2-storagecontainermanager.properties,hadoop-metrics2.properties
2019-10-15 00:58:12,427 [main] INFO  impl.MetricsSystemImpl (MetricsSystemImpl.java:startTimer(374)) - Scheduled Metric snapshot period at 10 second(s).
2019-10-15 00:58:12,427 [main] INFO  impl.MetricsSystemImpl (MetricsSystemImpl.java:start(191)) - StorageContainerManager metrics system started
2019-10-15 00:58:12,576 [main] WARN  impl.MetricsSystemImpl (MetricsSystemImpl.java:register(276)) - Sink prometheus already exists!
2019-10-15 00:58:12,659 [main] INFO  server.SCMClientProtocolServer (SCMClientProtocolServer.java:start(159)) - RPC server for Client  is listening at /0.0.0.0:35645
2019-10-15 00:58:12,660 [IPC Server Responder] INFO  ipc.Server (Server.java:run(1314)) - IPC Server Responder: starting
2019-10-15 00:58:12,660 [IPC Server listener on 35645] INFO  ipc.Server (Server.java:run(1153)) - IPC Server listener on 35645: starting
2019-10-15 00:58:12,666 [main] INFO  server.StorageContainerManager (StorageContainerManager.java:start(782)) - ScmBlockLocationProtocol RPC server is listening at /0.0.0.0:34349
2019-10-15 00:58:12,666 [main] INFO  server.SCMBlockProtocolServer (SCMBlockProtocolServer.java:start(146)) - RPC server for Block Protocol is listening at /0.0.0.0:34349
2019-10-15 00:58:12,666 [IPC Server Responder] INFO  ipc.Server (Server.java:run(1314)) - IPC Server Responder: starting
2019-10-15 00:58:12,666 [IPC Server listener on 34349] INFO  ipc.Server (Server.java:run(1153)) - IPC Server listener on 34349: starting
2019-10-15 00:58:12,676 [main] INFO  server.StorageContainerManager (StorageContainerManager.java:start(786)) - ScmDatanodeProtocl RPC server is listening at /0.0.0.0:36625
2019-10-15 00:58:12,676 [main] INFO  server.SCMDatanodeProtocolServer (SCMDatanodeProtocolServer.java:start(169)) - RPC server for DataNodes is listening at /0.0.0.0:36625
2019-10-15 00:58:12,677 [IPC Server Responder] INFO  ipc.Server (Server.java:run(1314)) - IPC Server Responder: starting
2019-10-15 00:58:12,677 [IPC Server listener on 36625] INFO  ipc.Server (Server.java:run(1153)) - IPC Server listener on 36625: starting
2019-10-15 00:58:12,682 [main] INFO  http.HttpServer2 (HttpServer2.java:bindListener(1191)) - Jetty bound to port 40932
2019-10-15 00:58:12,682 [main] INFO  server.Server (Server.java:doStart(351)) - jetty-9.3.25.v20180904, build timestamp: 2018-09-04T21:11:46Z, git hash: 3ce520221d0240229c862b122d2b06c12a625732
2019-10-15 00:58:12,684 [main] INFO  handler.ContextHandler (ContextHandler.java:doStart(781)) - Started o.e.j.s.ServletContextHandler@13250132{/logs,file:///workdir/hadoop-ozone/integration-test/target/log,AVAILABLE}
2019-10-15 00:58:12,685 [main] INFO  handler.ContextHandler (ContextHandler.java:doStart(781)) - Started o.e.j.s.ServletContextHandler@4a864d4d{/static,file:///workdir/hadoop-ozone/integration-test/target/test-classes/webapps/static,AVAILABLE}
2019-10-15 00:58:12,690 [main] INFO  handler.ContextHandler (ContextHandler.java:doStart(781)) - Started o.e.j.w.WebAppContext@7ddcb0dc{/,file:///workdir/hadoop-ozone/integration-test/target/test-classes/webapps/scm/,AVAILABLE}{/scm}
2019-10-15 00:58:12,691 [main] INFO  server.AbstractConnector (AbstractConnector.java:doStart(278)) - Started ServerConnector@f5bf288{HTTP/1.1,[http/1.1]}{0.0.0.0:40932}
2019-10-15 00:58:12,692 [main] INFO  server.Server (Server.java:doStart(419)) - Started @248600ms
2019-10-15 00:58:12,692 [main] WARN  impl.MetricsSystemImpl (MetricsSystemImpl.java:register(276)) - Sink prometheus already exists!
2019-10-15 00:58:12,694 [main] INFO  server.BaseHttpServer (BaseHttpServer.java:updateConnectorAddress(215)) - HTTP server of SCM is listening at http://0.0.0.0:40932
2019-10-15 00:58:12,695 [main] WARN  server.ServerUtils (ServerUtils.java:getDBPath(222)) - ozone.om.db.dirs is not configured. We recommend adding this setting. Falling back to ozone.metadata.dirs instead.
2019-10-15 00:58:12,696 [org.apache.hadoop.util.JvmPauseMonitor$Monitor@26c77f54] INFO  util.JvmPauseMonitor (JvmPauseMonitor.java:run(188)) - Starting JVM pause monitor
2019-10-15 00:58:12,726 [main] INFO  ha.OMHANodeDetails (OMHANodeDetails.java:loadOMHAConfig(190)) - Configuration either no ozone.om.address set. Falling back to the default OM address /127.0.0.1:0
2019-10-15 00:58:12,726 [main] INFO  ha.OMHANodeDetails (OMHANodeDetails.java:getOMNodeDetails(220)) - OM Service ID is not set. Setting it to the default ID: omServiceIdDefault
2019-10-15 00:58:12,727 [main] WARN  server.ServerUtils (ServerUtils.java:getDBPath(222)) - ozone.om.db.dirs is not configured. We recommend adding this setting. Falling back to ozone.metadata.dirs instead.
2019-10-15 00:58:12,727 [main] WARN  server.ServerUtils (ServerUtils.java:getDBPath(222)) - ozone.om.db.dirs is not configured. We recommend adding this setting. Falling back to ozone.metadata.dirs instead.
2019-10-15 00:58:12,747 [main] WARN  server.ServerUtils (ServerUtils.java:getDBPath(222)) - ozone.om.db.dirs is not configured. We recommend adding this setting. Falling back to ozone.metadata.dirs instead.
2019-10-15 00:58:12,747 [main] INFO  db.DBStoreBuilder (DBStoreBuilder.java:addTable(117)) - using custom profile for table: userTable
2019-10-15 00:58:12,747 [main] INFO  db.DBStoreBuilder (DBStoreBuilder.java:processTables(168)) - Using default column profile:DBProfile.DISK for Table:userTable
2019-10-15 00:58:12,747 [main] INFO  db.DBStoreBuilder (DBStoreBuilder.java:addTable(117)) - using custom profile for table: volumeTable
2019-10-15 00:58:12,748 [main] INFO  db.DBStoreBuilder (DBStoreBuilder.java:processTables(168)) - Using default column profile:DBProfile.DISK for Table:volumeTable
2019-10-15 00:58:12,748 [main] INFO  db.DBStoreBuilder (DBStoreBuilder.java:addTable(117)) - using custom profile for table: bucketTable
2019-10-15 00:58:12,748 [main] INFO  db.DBStoreBuilder (DBStoreBuilder.java:processTables(168)) - Using default column profile:DBProfile.DISK for Table:bucketTable
2019-10-15 00:58:12,748 [main] INFO  db.DBStoreBuilder (DBStoreBuilder.java:addTable(117)) - using custom profile for table: keyTable
2019-10-15 00:58:12,748 [main] INFO  db.DBStoreBuilder (DBStoreBuilder.java:processTables(168)) - Using default column profile:DBProfile.DISK for Table:keyTable
2019-10-15 00:58:12,749 [main] INFO  db.DBStoreBuilder (DBStoreBuilder.java:addTable(117)) - using custom profile for table: deletedTable
2019-10-15 00:58:12,749 [main] INFO  db.DBStoreBuilder (DBStoreBuilder.java:processTables(168)) - Using default column profile:DBProfile.DISK for Table:deletedTable
2019-10-15 00:58:12,749 [main] INFO  db.DBStoreBuilder (DBStoreBuilder.java:addTable(117)) - using custom profile for table: openKeyTable
2019-10-15 00:58:12,749 [main] INFO  db.DBStoreBuilder (DBStoreBuilder.java:processTables(168)) - Using default column profile:DBProfile.DISK for Table:openKeyTable
2019-10-15 00:58:12,749 [main] INFO  db.DBStoreBuilder (DBStoreBuilder.java:addTable(117)) - using custom profile for table: s3Table
2019-10-15 00:58:12,750 [main] INFO  db.DBStoreBuilder (DBStoreBuilder.java:processTables(168)) - Using default column profile:DBProfile.DISK for Table:s3Table
2019-10-15 00:58:12,750 [main] INFO  db.DBStoreBuilder (DBStoreBuilder.java:addTable(117)) - using custom profile for table: multipartInfoTable
2019-10-15 00:58:12,750 [main] INFO  db.DBStoreBuilder (DBStoreBuilder.java:processTables(168)) - Using default column profile:DBProfile.DISK for Table:multipartInfoTable
2019-10-15 00:58:12,750 [main] INFO  db.DBStoreBuilder (DBStoreBuilder.java:addTable(117)) - using custom profile for table: dTokenTable
2019-10-15 00:58:12,750 [main] INFO  db.DBStoreBuilder (DBStoreBuilder.java:processTables(168)) - Using default column profile:DBProfile.DISK for Table:dTokenTable
2019-10-15 00:58:12,751 [main] INFO  db.DBStoreBuilder (DBStoreBuilder.java:addTable(117)) - using custom profile for table: s3SecretTable
2019-10-15 00:58:12,751 [main] INFO  db.DBStoreBuilder (DBStoreBuilder.java:processTables(168)) - Using default column profile:DBProfile.DISK for Table:s3SecretTable
2019-10-15 00:58:12,751 [main] INFO  db.DBStoreBuilder (DBStoreBuilder.java:addTable(117)) - using custom profile for table: prefixTable
2019-10-15 00:58:12,751 [main] INFO  db.DBStoreBuilder (DBStoreBuilder.java:processTables(168)) - Using default column profile:DBProfile.DISK for Table:prefixTable
2019-10-15 00:58:12,751 [main] INFO  db.DBStoreBuilder (DBStoreBuilder.java:addTable(117)) - using custom profile for table: default
2019-10-15 00:58:12,751 [main] INFO  db.DBStoreBuilder (DBStoreBuilder.java:processTables(174)) - Using default column profile:DBProfile.DISK for Table:default
2019-10-15 00:58:12,752 [main] INFO  db.DBStoreBuilder (DBStoreBuilder.java:getDbProfile(205)) - Using default options. DBProfile.DISK
2019-10-15 00:58:13,601 [main] INFO  ipc.CallQueueManager (CallQueueManager.java:<init>(84)) - Using callQueue: class java.util.concurrent.LinkedBlockingQueue, queueCapacity: 2000, scheduler: class org.apache.hadoop.ipc.DefaultRpcScheduler, ipcBackoff: false.
2019-10-15 00:58:13,602 [Socket Reader #1 for port 43111] INFO  ipc.Server (Server.java:run(1074)) - Starting Socket Reader #1 for port 43111
2019-10-15 00:58:13,620 [main] INFO  om.OzoneManager (OzoneManager.java:start(1071)) - OzoneManager RPC server is listening at localhost/127.0.0.1:43111
2019-10-15 00:58:13,620 [main] INFO  impl.MetricsSystemImpl (MetricsSystemImpl.java:init(158)) - OzoneManager metrics system started (again)
2019-10-15 00:58:13,622 [IPC Server Responder] INFO  ipc.Server (Server.java:run(1314)) - IPC Server Responder: starting
2019-10-15 00:58:13,622 [IPC Server listener on 43111] INFO  ipc.Server (Server.java:run(1153)) - IPC Server listener on 43111: starting
2019-10-15 00:58:13,630 [main] INFO  hdfs.DFSUtil (DFSUtil.java:httpServerTemplateForNNAndJN(1641)) - Starting Web-server for ozoneManager at: http://0.0.0.0:0
2019-10-15 00:58:13,631 [main] INFO  server.AuthenticationFilter (AuthenticationFilter.java:constructSecretProvider(240)) - Unable to initialize FileSignerSecretProvider, falling back to use random secrets.
2019-10-15 00:58:13,632 [main] WARN  http.HttpRequestLog (HttpRequestLog.java:getRequestLog(97)) - Jetty request log can only be enabled using Log4j
2019-10-15 00:58:13,633 [main] INFO  http.HttpServer2 (HttpServer2.java:addGlobalFilter(975)) - Added global filter 'safety' (class=org.apache.hadoop.http.HttpServer2$QuotingInputFilter)
2019-10-15 00:58:13,634 [main] INFO  http.HttpServer2 (HttpServer2.java:addFilter(948)) - Added filter static_user_filter (class=org.apache.hadoop.http.lib.StaticUserWebFilter$StaticUserFilter) to context ozoneManager
2019-10-15 00:58:13,634 [main] INFO  http.HttpServer2 (HttpServer2.java:addFilter(958)) - Added filter static_user_filter (class=org.apache.hadoop.http.lib.StaticUserWebFilter$StaticUserFilter) to context logs
2019-10-15 00:58:13,634 [main] INFO  http.HttpServer2 (HttpServer2.java:addFilter(958)) - Added filter static_user_filter (class=org.apache.hadoop.http.lib.StaticUserWebFilter$StaticUserFilter) to context static
2019-10-15 00:58:13,635 [main] INFO  http.HttpServer2 (HttpServer2.java:bindListener(1191)) - Jetty bound to port 38945
2019-10-15 00:58:13,635 [main] INFO  server.Server (Server.java:doStart(351)) - jetty-9.3.25.v20180904, build timestamp: 2018-09-04T21:11:46Z, git hash: 3ce520221d0240229c862b122d2b06c12a625732
2019-10-15 00:58:13,637 [main] INFO  handler.ContextHandler (ContextHandler.java:doStart(781)) - Started o.e.j.s.ServletContextHandler@36224f93{/logs,file:///workdir/hadoop-ozone/integration-test/target/log,AVAILABLE}
2019-10-15 00:58:13,638 [main] INFO  handler.ContextHandler (ContextHandler.java:doStart(781)) - Started o.e.j.s.ServletContextHandler@52a7928a{/static,file:///workdir/hadoop-ozone/integration-test/target/test-classes/webapps/static,AVAILABLE}
2019-10-15 00:58:13,642 [main] INFO  handler.ContextHandler (ContextHandler.java:doStart(781)) - Started o.e.j.w.WebAppContext@3fde2209{/,file:///workdir/hadoop-ozone/integration-test/target/test-classes/webapps/ozoneManager/,AVAILABLE}{/ozoneManager}
2019-10-15 00:58:13,643 [main] INFO  server.AbstractConnector (AbstractConnector.java:doStart(278)) - Started ServerConnector@1f916219{HTTP/1.1,[http/1.1]}{0.0.0.0:38945}
2019-10-15 00:58:13,644 [main] INFO  server.Server (Server.java:doStart(419)) - Started @249552ms
2019-10-15 00:58:13,644 [main] WARN  impl.MetricsSystemImpl (MetricsSystemImpl.java:register(276)) - Sink prometheus already exists!
2019-10-15 00:58:13,645 [main] INFO  server.BaseHttpServer (BaseHttpServer.java:updateConnectorAddress(215)) - HTTP server of OZONEMANAGER is listening at http://0.0.0.0:38945
2019-10-15 00:58:13,662 [main] INFO  impl.MetricsSystemImpl (MetricsSystemImpl.java:init(158)) - HddsDatanode metrics system started (again)
2019-10-15 00:58:13,668 [main] INFO  ozone.HddsDatanodeService (HddsDatanodeService.java:start(184)) - HddsDatanodeService host:pr-hdds-1868-7bj8h-208101609 ip:192.168.164.218
2019-10-15 00:58:13,676 [main] INFO  volume.HddsVolume (HddsVolume.java:<init>(176)) - Creating Volume: /workdir/hadoop-ozone/integration-test/target/test-dir/MiniOzoneClusterImpl-5d82b4cd-4e47-4b06-a8d5-8585c925b255/datanode-0/data/containers/hdds of  storage type : DISK and capacity : 1482555576320
2019-10-15 00:58:13,676 [main] INFO  volume.VolumeSet (VolumeSet.java:initializeVolumeSet(170)) - Added Volume : /workdir/hadoop-ozone/integration-test/target/test-dir/MiniOzoneClusterImpl-5d82b4cd-4e47-4b06-a8d5-8585c925b255/datanode-0/data/containers/hdds to VolumeSet
2019-10-15 00:58:13,677 [main] INFO  volume.ThrottledAsyncChecker (ThrottledAsyncChecker.java:schedule(141)) - Scheduling a check for org.apache.hadoop.ozone.container.common.volume.HddsVolume@3d104c9b
2019-10-15 00:58:13,677 [main] INFO  volume.HddsVolumeChecker (HddsVolumeChecker.java:checkAllVolumes(204)) - Scheduled health check for volume org.apache.hadoop.ozone.container.common.volume.HddsVolume@3d104c9b
2019-10-15 00:58:13,696 [main] INFO  impl.RaftServerProxy (ConfUtils.java:logGet(43)) - raft.rpc.type = GRPC (default)
2019-10-15 00:58:13,697 [main] INFO  grpc.GrpcFactory (GrpcFactory.java:checkPooledByteBufAllocatorUseCacheForAllThreads(45)) - PERFORMANCE WARNING: useCacheForAllThreads is true that may cause Netty to create a lot garbage objects and, as a result, trigger GC.
	It is recommended to disable useCacheForAllThreads by setting -Dorg.apache.ratis.thirdparty.io.netty.allocator.useCacheForAllThreads=false in command line.
2019-10-15 00:58:13,697 [main] INFO  grpc.GrpcConfigKeys$Server (ConfUtils.java:logGet(43)) - raft.grpc.server.port = 0 (default)
2019-10-15 00:58:13,697 [main] INFO  server.GrpcService (ConfUtils.java:logGet(43)) - raft.grpc.message.size.max = 33570816 (custom)
2019-10-15 00:58:13,697 [main] INFO  server.RaftServerConfigKeys (ConfUtils.java:logGet(43)) - raft.server.log.appender.buffer.byte-limit = 33554432 (custom)
2019-10-15 00:58:13,698 [main] INFO  server.GrpcService (ConfUtils.java:logGet(43)) - raft.grpc.flow.control.window = 1MB (=1048576) (default)
2019-10-15 00:58:13,698 [main] INFO  server.RaftServerConfigKeys (ConfUtils.java:logGet(43)) - raft.server.rpc.request.timeout = 3000ms (default)
2019-10-15 00:58:13,699 [main] INFO  server.RaftServerConfigKeys (ConfUtils.java:logGet(43)) - raft.server.storage.dir = [/workdir/hadoop-ozone/integration-test/target/test-dir/MiniOzoneClusterImpl-5d82b4cd-4e47-4b06-a8d5-8585c925b255/datanode-0/data/ratis] (custom)
2019-10-15 00:58:13,700 [main] INFO  hdfs.DFSUtil (DFSUtil.java:httpServerTemplateForNNAndJN(1641)) - Starting Web-server for hddsDatanode at: http://0.0.0.0:0
2019-10-15 00:58:13,701 [main] INFO  server.AuthenticationFilter (AuthenticationFilter.java:constructSecretProvider(240)) - Unable to initialize FileSignerSecretProvider, falling back to use random secrets.
2019-10-15 00:58:13,702 [main] WARN  http.HttpRequestLog (HttpRequestLog.java:getRequestLog(97)) - Jetty request log can only be enabled using Log4j
2019-10-15 00:58:13,703 [main] INFO  http.HttpServer2 (HttpServer2.java:addGlobalFilter(975)) - Added global filter 'safety' (class=org.apache.hadoop.http.HttpServer2$QuotingInputFilter)
2019-10-15 00:58:13,704 [main] INFO  http.HttpServer2 (HttpServer2.java:addFilter(948)) - Added filter static_user_filter (class=org.apache.hadoop.http.lib.StaticUserWebFilter$StaticUserFilter) to context hddsDatanode
2019-10-15 00:58:13,704 [main] INFO  http.HttpServer2 (HttpServer2.java:addFilter(958)) - Added filter static_user_filter (class=org.apache.hadoop.http.lib.StaticUserWebFilter$StaticUserFilter) to context static
2019-10-15 00:58:13,704 [main] INFO  http.HttpServer2 (HttpServer2.java:addFilter(958)) - Added filter static_user_filter (class=org.apache.hadoop.http.lib.StaticUserWebFilter$StaticUserFilter) to context logs
2019-10-15 00:58:13,705 [main] INFO  http.HttpServer2 (HttpServer2.java:bindListener(1191)) - Jetty bound to port 41326
2019-10-15 00:58:13,705 [main] INFO  server.Server (Server.java:doStart(351)) - jetty-9.3.25.v20180904, build timestamp: 2018-09-04T21:11:46Z, git hash: 3ce520221d0240229c862b122d2b06c12a625732
2019-10-15 00:58:13,707 [main] INFO  handler.ContextHandler (ContextHandler.java:doStart(781)) - Started o.e.j.s.ServletContextHandler@4dc52559{/logs,file:///workdir/hadoop-ozone/integration-test/target/log,AVAILABLE}
2019-10-15 00:58:13,707 [main] INFO  handler.ContextHandler (ContextHandler.java:doStart(781)) - Started o.e.j.s.ServletContextHandler@119290b9{/static,jar:file:/home/user/.m2/repository/org/apache/hadoop/hadoop-hdds-container-service/0.5.0-SNAPSHOT/hadoop-hdds-container-service-0.5.0-SNAPSHOT.jar!/webapps/static,AVAILABLE}
2019-10-15 00:58:13,740 [main] INFO  handler.ContextHandler (ContextHandler.java:doStart(781)) - Started o.e.j.w.WebAppContext@437ed416{/,file:///tmp/jetty-0.0.0.0-41326-hddsDatanode-_-any-5608939109508046240.dir/webapp/,AVAILABLE}{/hddsDatanode}
2019-10-15 00:58:13,740 [main] INFO  server.AbstractConnector (AbstractConnector.java:doStart(278)) - Started ServerConnector@11f23038{HTTP/1.1,[http/1.1]}{0.0.0.0:41326}
2019-10-15 00:58:13,742 [main] INFO  server.Server (Server.java:doStart(419)) - Started @249650ms
2019-10-15 00:58:13,742 [main] WARN  impl.MetricsSystemImpl (MetricsSystemImpl.java:register(276)) - Sink prometheus already exists!
2019-10-15 00:58:13,743 [main] INFO  server.BaseHttpServer (BaseHttpServer.java:updateConnectorAddress(215)) - HTTP server of HDDSDATANODE is listening at http://0.0.0.0:41326
2019-10-15 00:58:13,743 [main] INFO  impl.MetricsSystemImpl (MetricsSystemImpl.java:init(158)) - HddsDatanode metrics system started (again)
2019-10-15 00:58:13,748 [main] INFO  ozone.HddsDatanodeService (HddsDatanodeService.java:start(184)) - HddsDatanodeService host:pr-hdds-1868-7bj8h-208101609 ip:192.168.164.218
2019-10-15 00:58:13,748 [org.apache.hadoop.util.JvmPauseMonitor$Monitor@627fe69f] INFO  util.JvmPauseMonitor (JvmPauseMonitor.java:run(188)) - Starting JVM pause monitor
2019-10-15 00:58:13,751 [Datanode State Machine Thread - 0] INFO  datanode.InitDatanodeState (InitDatanodeState.java:persistContainerDatanodeDetails(140)) - DatanodeDetails is persisted to /workdir/hadoop-ozone/integration-test/target/test-dir/MiniOzoneClusterImpl-5d82b4cd-4e47-4b06-a8d5-8585c925b255/datanode-0/meta/datanode.id
2019-10-15 00:58:13,755 [main] INFO  volume.HddsVolume (HddsVolume.java:<init>(176)) - Creating Volume: /workdir/hadoop-ozone/integration-test/target/test-dir/MiniOzoneClusterImpl-5d82b4cd-4e47-4b06-a8d5-8585c925b255/datanode-1/data/containers/hdds of  storage type : DISK and capacity : 1482555576320
2019-10-15 00:58:13,755 [main] INFO  volume.VolumeSet (VolumeSet.java:initializeVolumeSet(170)) - Added Volume : /workdir/hadoop-ozone/integration-test/target/test-dir/MiniOzoneClusterImpl-5d82b4cd-4e47-4b06-a8d5-8585c925b255/datanode-1/data/containers/hdds to VolumeSet
2019-10-15 00:58:13,755 [main] INFO  volume.ThrottledAsyncChecker (ThrottledAsyncChecker.java:schedule(141)) - Scheduling a check for org.apache.hadoop.ozone.container.common.volume.HddsVolume@6a09484c
2019-10-15 00:58:13,756 [main] INFO  volume.HddsVolumeChecker (HddsVolumeChecker.java:checkAllVolumes(204)) - Scheduled health check for volume org.apache.hadoop.ozone.container.common.volume.HddsVolume@6a09484c
2019-10-15 00:58:13,769 [main] INFO  impl.RaftServerProxy (ConfUtils.java:logGet(43)) - raft.rpc.type = GRPC (default)
2019-10-15 00:58:13,770 [main] INFO  grpc.GrpcFactory (GrpcFactory.java:checkPooledByteBufAllocatorUseCacheForAllThreads(45)) - PERFORMANCE WARNING: useCacheForAllThreads is true that may cause Netty to create a lot garbage objects and, as a result, trigger GC.
	It is recommended to disable useCacheForAllThreads by setting -Dorg.apache.ratis.thirdparty.io.netty.allocator.useCacheForAllThreads=false in command line.
2019-10-15 00:58:13,770 [main] INFO  grpc.GrpcConfigKeys$Server (ConfUtils.java:logGet(43)) - raft.grpc.server.port = 0 (default)
2019-10-15 00:58:13,770 [main] INFO  server.GrpcService (ConfUtils.java:logGet(43)) - raft.grpc.message.size.max = 33570816 (custom)
2019-10-15 00:58:13,770 [main] INFO  server.RaftServerConfigKeys (ConfUtils.java:logGet(43)) - raft.server.log.appender.buffer.byte-limit = 33554432 (custom)
2019-10-15 00:58:13,770 [main] INFO  server.GrpcService (ConfUtils.java:logGet(43)) - raft.grpc.flow.control.window = 1MB (=1048576) (default)
2019-10-15 00:58:13,770 [main] INFO  server.RaftServerConfigKeys (ConfUtils.java:logGet(43)) - raft.server.rpc.request.timeout = 3000ms (default)
2019-10-15 00:58:13,771 [main] INFO  server.RaftServerConfigKeys (ConfUtils.java:logGet(43)) - raft.server.storage.dir = [/workdir/hadoop-ozone/integration-test/target/test-dir/MiniOzoneClusterImpl-5d82b4cd-4e47-4b06-a8d5-8585c925b255/datanode-1/data/ratis] (custom)
2019-10-15 00:58:13,772 [main] INFO  hdfs.DFSUtil (DFSUtil.java:httpServerTemplateForNNAndJN(1641)) - Starting Web-server for hddsDatanode at: http://0.0.0.0:0
2019-10-15 00:58:13,773 [main] INFO  server.AuthenticationFilter (AuthenticationFilter.java:constructSecretProvider(240)) - Unable to initialize FileSignerSecretProvider, falling back to use random secrets.
2019-10-15 00:58:13,774 [main] WARN  http.HttpRequestLog (HttpRequestLog.java:getRequestLog(97)) - Jetty request log can only be enabled using Log4j
2019-10-15 00:58:13,775 [main] INFO  http.HttpServer2 (HttpServer2.java:addGlobalFilter(975)) - Added global filter 'safety' (class=org.apache.hadoop.http.HttpServer2$QuotingInputFilter)
2019-10-15 00:58:13,776 [main] INFO  http.HttpServer2 (HttpServer2.java:addFilter(948)) - Added filter static_user_filter (class=org.apache.hadoop.http.lib.StaticUserWebFilter$StaticUserFilter) to context hddsDatanode
2019-10-15 00:58:13,776 [main] INFO  http.HttpServer2 (HttpServer2.java:addFilter(958)) - Added filter static_user_filter (class=org.apache.hadoop.http.lib.StaticUserWebFilter$StaticUserFilter) to context logs
2019-10-15 00:58:13,776 [main] INFO  http.HttpServer2 (HttpServer2.java:addFilter(958)) - Added filter static_user_filter (class=org.apache.hadoop.http.lib.StaticUserWebFilter$StaticUserFilter) to context static
2019-10-15 00:58:13,777 [main] INFO  http.HttpServer2 (HttpServer2.java:bindListener(1191)) - Jetty bound to port 41041
2019-10-15 00:58:13,777 [main] INFO  server.Server (Server.java:doStart(351)) - jetty-9.3.25.v20180904, build timestamp: 2018-09-04T21:11:46Z, git hash: 3ce520221d0240229c862b122d2b06c12a625732
2019-10-15 00:58:13,779 [main] INFO  handler.ContextHandler (ContextHandler.java:doStart(781)) - Started o.e.j.s.ServletContextHandler@61359e87{/logs,file:///workdir/hadoop-ozone/integration-test/target/log,AVAILABLE}
2019-10-15 00:58:13,779 [main] INFO  handler.ContextHandler (ContextHandler.java:doStart(781)) - Started o.e.j.s.ServletContextHandler@45037e16{/static,jar:file:/home/user/.m2/repository/org/apache/hadoop/hadoop-hdds-container-service/0.5.0-SNAPSHOT/hadoop-hdds-container-service-0.5.0-SNAPSHOT.jar!/webapps/static,AVAILABLE}
2019-10-15 00:58:13,814 [main] INFO  handler.ContextHandler (ContextHandler.java:doStart(781)) - Started o.e.j.w.WebAppContext@34279b8a{/,file:///tmp/jetty-0.0.0.0-41041-hddsDatanode-_-any-5631795258444954221.dir/webapp/,AVAILABLE}{/hddsDatanode}
2019-10-15 00:58:13,815 [main] INFO  server.AbstractConnector (AbstractConnector.java:doStart(278)) - Started ServerConnector@687389a6{HTTP/1.1,[http/1.1]}{0.0.0.0:41041}
2019-10-15 00:58:13,817 [main] INFO  server.Server (Server.java:doStart(419)) - Started @249724ms
2019-10-15 00:58:13,817 [main] WARN  impl.MetricsSystemImpl (MetricsSystemImpl.java:register(276)) - Sink prometheus already exists!
2019-10-15 00:58:13,818 [main] INFO  server.BaseHttpServer (BaseHttpServer.java:updateConnectorAddress(215)) - HTTP server of HDDSDATANODE is listening at http://0.0.0.0:41041
2019-10-15 00:58:13,818 [main] INFO  impl.MetricsSystemImpl (MetricsSystemImpl.java:init(158)) - HddsDatanode metrics system started (again)
2019-10-15 00:58:13,823 [org.apache.hadoop.util.JvmPauseMonitor$Monitor@2d06bc26] INFO  util.JvmPauseMonitor (JvmPauseMonitor.java:run(188)) - Starting JVM pause monitor
2019-10-15 00:58:13,825 [main] INFO  ozone.HddsDatanodeService (HddsDatanodeService.java:start(184)) - HddsDatanodeService host:pr-hdds-1868-7bj8h-208101609 ip:192.168.164.218
2019-10-15 00:58:13,825 [Datanode State Machine Thread - 0] INFO  datanode.InitDatanodeState (InitDatanodeState.java:persistContainerDatanodeDetails(140)) - DatanodeDetails is persisted to /workdir/hadoop-ozone/integration-test/target/test-dir/MiniOzoneClusterImpl-5d82b4cd-4e47-4b06-a8d5-8585c925b255/datanode-1/meta/datanode.id
2019-10-15 00:58:13,831 [main] INFO  volume.HddsVolume (HddsVolume.java:<init>(176)) - Creating Volume: /workdir/hadoop-ozone/integration-test/target/test-dir/MiniOzoneClusterImpl-5d82b4cd-4e47-4b06-a8d5-8585c925b255/datanode-2/data/containers/hdds of  storage type : DISK and capacity : 1482555576320
2019-10-15 00:58:13,831 [main] INFO  volume.VolumeSet (VolumeSet.java:initializeVolumeSet(170)) - Added Volume : /workdir/hadoop-ozone/integration-test/target/test-dir/MiniOzoneClusterImpl-5d82b4cd-4e47-4b06-a8d5-8585c925b255/datanode-2/data/containers/hdds to VolumeSet
2019-10-15 00:58:13,831 [main] INFO  volume.ThrottledAsyncChecker (ThrottledAsyncChecker.java:schedule(141)) - Scheduling a check for org.apache.hadoop.ozone.container.common.volume.HddsVolume@53d6e959
2019-10-15 00:58:13,832 [main] INFO  volume.HddsVolumeChecker (HddsVolumeChecker.java:checkAllVolumes(204)) - Scheduled health check for volume org.apache.hadoop.ozone.container.common.volume.HddsVolume@53d6e959
2019-10-15 00:58:13,846 [main] INFO  impl.RaftServerProxy (ConfUtils.java:logGet(43)) - raft.rpc.type = GRPC (default)
2019-10-15 00:58:13,846 [main] INFO  grpc.GrpcFactory (GrpcFactory.java:checkPooledByteBufAllocatorUseCacheForAllThreads(45)) - PERFORMANCE WARNING: useCacheForAllThreads is true that may cause Netty to create a lot garbage objects and, as a result, trigger GC.
	It is recommended to disable useCacheForAllThreads by setting -Dorg.apache.ratis.thirdparty.io.netty.allocator.useCacheForAllThreads=false in command line.
2019-10-15 00:58:13,846 [main] INFO  grpc.GrpcConfigKeys$Server (ConfUtils.java:logGet(43)) - raft.grpc.server.port = 0 (default)
2019-10-15 00:58:13,847 [main] INFO  server.GrpcService (ConfUtils.java:logGet(43)) - raft.grpc.message.size.max = 33570816 (custom)
2019-10-15 00:58:13,847 [main] INFO  server.RaftServerConfigKeys (ConfUtils.java:logGet(43)) - raft.server.log.appender.buffer.byte-limit = 33554432 (custom)
2019-10-15 00:58:13,847 [main] INFO  server.GrpcService (ConfUtils.java:logGet(43)) - raft.grpc.flow.control.window = 1MB (=1048576) (default)
2019-10-15 00:58:13,847 [main] INFO  server.RaftServerConfigKeys (ConfUtils.java:logGet(43)) - raft.server.rpc.request.timeout = 3000ms (default)
2019-10-15 00:58:13,848 [main] INFO  server.RaftServerConfigKeys (ConfUtils.java:logGet(43)) - raft.server.storage.dir = [/workdir/hadoop-ozone/integration-test/target/test-dir/MiniOzoneClusterImpl-5d82b4cd-4e47-4b06-a8d5-8585c925b255/datanode-2/data/ratis] (custom)
2019-10-15 00:58:13,849 [main] INFO  hdfs.DFSUtil (DFSUtil.java:httpServerTemplateForNNAndJN(1641)) - Starting Web-server for hddsDatanode at: http://0.0.0.0:0
2019-10-15 00:58:13,850 [main] INFO  server.AuthenticationFilter (AuthenticationFilter.java:constructSecretProvider(240)) - Unable to initialize FileSignerSecretProvider, falling back to use random secrets.
2019-10-15 00:58:13,850 [main] WARN  http.HttpRequestLog (HttpRequestLog.java:getRequestLog(97)) - Jetty request log can only be enabled using Log4j
2019-10-15 00:58:13,852 [main] INFO  http.HttpServer2 (HttpServer2.java:addGlobalFilter(975)) - Added global filter 'safety' (class=org.apache.hadoop.http.HttpServer2$QuotingInputFilter)
2019-10-15 00:58:13,852 [main] INFO  http.HttpServer2 (HttpServer2.java:addFilter(948)) - Added filter static_user_filter (class=org.apache.hadoop.http.lib.StaticUserWebFilter$StaticUserFilter) to context hddsDatanode
2019-10-15 00:58:13,852 [main] INFO  http.HttpServer2 (HttpServer2.java:addFilter(958)) - Added filter static_user_filter (class=org.apache.hadoop.http.lib.StaticUserWebFilter$StaticUserFilter) to context static
2019-10-15 00:58:13,852 [main] INFO  http.HttpServer2 (HttpServer2.java:addFilter(958)) - Added filter static_user_filter (class=org.apache.hadoop.http.lib.StaticUserWebFilter$StaticUserFilter) to context logs
2019-10-15 00:58:13,853 [main] INFO  http.HttpServer2 (HttpServer2.java:bindListener(1191)) - Jetty bound to port 40173
2019-10-15 00:58:13,853 [main] INFO  server.Server (Server.java:doStart(351)) - jetty-9.3.25.v20180904, build timestamp: 2018-09-04T21:11:46Z, git hash: 3ce520221d0240229c862b122d2b06c12a625732
2019-10-15 00:58:13,854 [main] INFO  handler.ContextHandler (ContextHandler.java:doStart(781)) - Started o.e.j.s.ServletContextHandler@22791b75{/logs,file:///workdir/hadoop-ozone/integration-test/target/log,AVAILABLE}
2019-10-15 00:58:13,855 [main] INFO  handler.ContextHandler (ContextHandler.java:doStart(781)) - Started o.e.j.s.ServletContextHandler@37d28938{/static,jar:file:/home/user/.m2/repository/org/apache/hadoop/hadoop-hdds-container-service/0.5.0-SNAPSHOT/hadoop-hdds-container-service-0.5.0-SNAPSHOT.jar!/webapps/static,AVAILABLE}
2019-10-15 00:58:13,883 [main] INFO  handler.ContextHandler (ContextHandler.java:doStart(781)) - Started o.e.j.w.WebAppContext@12192604{/,file:///tmp/jetty-0.0.0.0-40173-hddsDatanode-_-any-1223985995596754351.dir/webapp/,AVAILABLE}{/hddsDatanode}
2019-10-15 00:58:13,883 [main] INFO  server.AbstractConnector (AbstractConnector.java:doStart(278)) - Started ServerConnector@6075b369{HTTP/1.1,[http/1.1]}{0.0.0.0:40173}
2019-10-15 00:58:13,885 [main] INFO  server.Server (Server.java:doStart(419)) - Started @249793ms
2019-10-15 00:58:13,885 [main] WARN  impl.MetricsSystemImpl (MetricsSystemImpl.java:register(276)) - Sink prometheus already exists!
2019-10-15 00:58:13,886 [main] INFO  server.BaseHttpServer (BaseHttpServer.java:updateConnectorAddress(215)) - HTTP server of HDDSDATANODE is listening at http://0.0.0.0:40173
2019-10-15 00:58:13,886 [main] INFO  impl.MetricsSystemImpl (MetricsSystemImpl.java:init(158)) - HddsDatanode metrics system started (again)
2019-10-15 00:58:13,894 [org.apache.hadoop.util.JvmPauseMonitor$Monitor@17a8d18] INFO  util.JvmPauseMonitor (JvmPauseMonitor.java:run(188)) - Starting JVM pause monitor
2019-10-15 00:58:13,894 [main] INFO  ozone.HddsDatanodeService (HddsDatanodeService.java:start(184)) - HddsDatanodeService host:pr-hdds-1868-7bj8h-208101609 ip:192.168.164.218
2019-10-15 00:58:13,898 [Datanode State Machine Thread - 0] INFO  datanode.InitDatanodeState (InitDatanodeState.java:persistContainerDatanodeDetails(140)) - DatanodeDetails is persisted to /workdir/hadoop-ozone/integration-test/target/test-dir/MiniOzoneClusterImpl-5d82b4cd-4e47-4b06-a8d5-8585c925b255/datanode-2/meta/datanode.id
2019-10-15 00:58:13,902 [main] INFO  volume.HddsVolume (HddsVolume.java:<init>(176)) - Creating Volume: /workdir/hadoop-ozone/integration-test/target/test-dir/MiniOzoneClusterImpl-5d82b4cd-4e47-4b06-a8d5-8585c925b255/datanode-3/data/containers/hdds of  storage type : DISK and capacity : 1482555576320
2019-10-15 00:58:13,903 [main] INFO  volume.VolumeSet (VolumeSet.java:initializeVolumeSet(170)) - Added Volume : /workdir/hadoop-ozone/integration-test/target/test-dir/MiniOzoneClusterImpl-5d82b4cd-4e47-4b06-a8d5-8585c925b255/datanode-3/data/containers/hdds to VolumeSet
2019-10-15 00:58:13,903 [main] INFO  volume.ThrottledAsyncChecker (ThrottledAsyncChecker.java:schedule(141)) - Scheduling a check for org.apache.hadoop.ozone.container.common.volume.HddsVolume@5a2ae1ab
2019-10-15 00:58:13,903 [main] INFO  volume.HddsVolumeChecker (HddsVolumeChecker.java:checkAllVolumes(204)) - Scheduled health check for volume org.apache.hadoop.ozone.container.common.volume.HddsVolume@5a2ae1ab
2019-10-15 00:58:13,922 [main] INFO  impl.RaftServerProxy (ConfUtils.java:logGet(43)) - raft.rpc.type = GRPC (default)
2019-10-15 00:58:13,922 [main] INFO  grpc.GrpcFactory (GrpcFactory.java:checkPooledByteBufAllocatorUseCacheForAllThreads(45)) - PERFORMANCE WARNING: useCacheForAllThreads is true that may cause Netty to create a lot garbage objects and, as a result, trigger GC.
	It is recommended to disable useCacheForAllThreads by setting -Dorg.apache.ratis.thirdparty.io.netty.allocator.useCacheForAllThreads=false in command line.
2019-10-15 00:58:13,922 [main] INFO  grpc.GrpcConfigKeys$Server (ConfUtils.java:logGet(43)) - raft.grpc.server.port = 0 (default)
2019-10-15 00:58:13,923 [main] INFO  server.GrpcService (ConfUtils.java:logGet(43)) - raft.grpc.message.size.max = 33570816 (custom)
2019-10-15 00:58:13,923 [main] INFO  server.RaftServerConfigKeys (ConfUtils.java:logGet(43)) - raft.server.log.appender.buffer.byte-limit = 33554432 (custom)
2019-10-15 00:58:13,923 [main] INFO  server.GrpcService (ConfUtils.java:logGet(43)) - raft.grpc.flow.control.window = 1MB (=1048576) (default)
2019-10-15 00:58:13,923 [main] INFO  server.RaftServerConfigKeys (ConfUtils.java:logGet(43)) - raft.server.rpc.request.timeout = 3000ms (default)
2019-10-15 00:58:13,924 [main] INFO  server.RaftServerConfigKeys (ConfUtils.java:logGet(43)) - raft.server.storage.dir = [/workdir/hadoop-ozone/integration-test/target/test-dir/MiniOzoneClusterImpl-5d82b4cd-4e47-4b06-a8d5-8585c925b255/datanode-3/data/ratis] (custom)
2019-10-15 00:58:13,925 [main] INFO  hdfs.DFSUtil (DFSUtil.java:httpServerTemplateForNNAndJN(1641)) - Starting Web-server for hddsDatanode at: http://0.0.0.0:0
2019-10-15 00:58:13,926 [main] INFO  server.AuthenticationFilter (AuthenticationFilter.java:constructSecretProvider(240)) - Unable to initialize FileSignerSecretProvider, falling back to use random secrets.
2019-10-15 00:58:13,927 [main] WARN  http.HttpRequestLog (HttpRequestLog.java:getRequestLog(97)) - Jetty request log can only be enabled using Log4j
2019-10-15 00:58:13,929 [main] INFO  http.HttpServer2 (HttpServer2.java:addGlobalFilter(975)) - Added global filter 'safety' (class=org.apache.hadoop.http.HttpServer2$QuotingInputFilter)
2019-10-15 00:58:13,929 [main] INFO  http.HttpServer2 (HttpServer2.java:addFilter(948)) - Added filter static_user_filter (class=org.apache.hadoop.http.lib.StaticUserWebFilter$StaticUserFilter) to context hddsDatanode
2019-10-15 00:58:13,929 [main] INFO  http.HttpServer2 (HttpServer2.java:addFilter(958)) - Added filter static_user_filter (class=org.apache.hadoop.http.lib.StaticUserWebFilter$StaticUserFilter) to context logs
2019-10-15 00:58:13,929 [main] INFO  http.HttpServer2 (HttpServer2.java:addFilter(958)) - Added filter static_user_filter (class=org.apache.hadoop.http.lib.StaticUserWebFilter$StaticUserFilter) to context static
2019-10-15 00:58:13,930 [main] INFO  http.HttpServer2 (HttpServer2.java:bindListener(1191)) - Jetty bound to port 43334
2019-10-15 00:58:13,930 [main] INFO  server.Server (Server.java:doStart(351)) - jetty-9.3.25.v20180904, build timestamp: 2018-09-04T21:11:46Z, git hash: 3ce520221d0240229c862b122d2b06c12a625732
2019-10-15 00:58:13,932 [main] INFO  handler.ContextHandler (ContextHandler.java:doStart(781)) - Started o.e.j.s.ServletContextHandler@51888019{/logs,file:///workdir/hadoop-ozone/integration-test/target/log,AVAILABLE}
2019-10-15 00:58:13,933 [main] INFO  handler.ContextHandler (ContextHandler.java:doStart(781)) - Started o.e.j.s.ServletContextHandler@19b5214b{/static,jar:file:/home/user/.m2/repository/org/apache/hadoop/hadoop-hdds-container-service/0.5.0-SNAPSHOT/hadoop-hdds-container-service-0.5.0-SNAPSHOT.jar!/webapps/static,AVAILABLE}
2019-10-15 00:58:13,966 [main] INFO  handler.ContextHandler (ContextHandler.java:doStart(781)) - Started o.e.j.w.WebAppContext@2b999ee8{/,file:///tmp/jetty-0.0.0.0-43334-hddsDatanode-_-any-1468733001964460043.dir/webapp/,AVAILABLE}{/hddsDatanode}
2019-10-15 00:58:13,967 [main] INFO  server.AbstractConnector (AbstractConnector.java:doStart(278)) - Started ServerConnector@31ab1e67{HTTP/1.1,[http/1.1]}{0.0.0.0:43334}
2019-10-15 00:58:13,969 [main] INFO  server.Server (Server.java:doStart(419)) - Started @249876ms
2019-10-15 00:58:13,969 [main] WARN  impl.MetricsSystemImpl (MetricsSystemImpl.java:register(276)) - Sink prometheus already exists!
2019-10-15 00:58:13,970 [main] INFO  server.BaseHttpServer (BaseHttpServer.java:updateConnectorAddress(215)) - HTTP server of HDDSDATANODE is listening at http://0.0.0.0:43334
2019-10-15 00:58:13,970 [main] INFO  impl.MetricsSystemImpl (MetricsSystemImpl.java:init(158)) - HddsDatanode metrics system started (again)
2019-10-15 00:58:13,976 [org.apache.hadoop.util.JvmPauseMonitor$Monitor@26e6e404] INFO  util.JvmPauseMonitor (JvmPauseMonitor.java:run(188)) - Starting JVM pause monitor
2019-10-15 00:58:13,977 [Datanode State Machine Thread - 0] INFO  datanode.InitDatanodeState (InitDatanodeState.java:persistContainerDatanodeDetails(140)) - DatanodeDetails is persisted to /workdir/hadoop-ozone/integration-test/target/test-dir/MiniOzoneClusterImpl-5d82b4cd-4e47-4b06-a8d5-8585c925b255/datanode-3/meta/datanode.id
2019-10-15 00:58:13,978 [main] INFO  ozone.HddsDatanodeService (HddsDatanodeService.java:start(184)) - HddsDatanodeService host:pr-hdds-1868-7bj8h-208101609 ip:192.168.164.218
2019-10-15 00:58:13,985 [main] INFO  volume.HddsVolume (HddsVolume.java:<init>(176)) - Creating Volume: /workdir/hadoop-ozone/integration-test/target/test-dir/MiniOzoneClusterImpl-5d82b4cd-4e47-4b06-a8d5-8585c925b255/datanode-4/data/containers/hdds of  storage type : DISK and capacity : 1482555576320
2019-10-15 00:58:13,985 [main] INFO  volume.VolumeSet (VolumeSet.java:initializeVolumeSet(170)) - Added Volume : /workdir/hadoop-ozone/integration-test/target/test-dir/MiniOzoneClusterImpl-5d82b4cd-4e47-4b06-a8d5-8585c925b255/datanode-4/data/containers/hdds to VolumeSet
2019-10-15 00:58:13,985 [main] INFO  volume.ThrottledAsyncChecker (ThrottledAsyncChecker.java:schedule(141)) - Scheduling a check for org.apache.hadoop.ozone.container.common.volume.HddsVolume@32ae8f27
2019-10-15 00:58:13,985 [main] INFO  volume.HddsVolumeChecker (HddsVolumeChecker.java:checkAllVolumes(204)) - Scheduled health check for volume org.apache.hadoop.ozone.container.common.volume.HddsVolume@32ae8f27
2019-10-15 00:58:14,002 [main] INFO  impl.RaftServerProxy (ConfUtils.java:logGet(43)) - raft.rpc.type = GRPC (default)
2019-10-15 00:58:14,002 [main] INFO  grpc.GrpcFactory (GrpcFactory.java:checkPooledByteBufAllocatorUseCacheForAllThreads(45)) - PERFORMANCE WARNING: useCacheForAllThreads is true that may cause Netty to create a lot garbage objects and, as a result, trigger GC.
	It is recommended to disable useCacheForAllThreads by setting -Dorg.apache.ratis.thirdparty.io.netty.allocator.useCacheForAllThreads=false in command line.
2019-10-15 00:58:14,002 [main] INFO  grpc.GrpcConfigKeys$Server (ConfUtils.java:logGet(43)) - raft.grpc.server.port = 0 (default)
2019-10-15 00:58:14,002 [main] INFO  server.GrpcService (ConfUtils.java:logGet(43)) - raft.grpc.message.size.max = 33570816 (custom)
2019-10-15 00:58:14,002 [main] INFO  server.RaftServerConfigKeys (ConfUtils.java:logGet(43)) - raft.server.log.appender.buffer.byte-limit = 33554432 (custom)
2019-10-15 00:58:14,003 [main] INFO  server.GrpcService (ConfUtils.java:logGet(43)) - raft.grpc.flow.control.window = 1MB (=1048576) (default)
2019-10-15 00:58:14,003 [main] INFO  server.RaftServerConfigKeys (ConfUtils.java:logGet(43)) - raft.server.rpc.request.timeout = 3000ms (default)
2019-10-15 00:58:14,003 [main] INFO  server.RaftServerConfigKeys (ConfUtils.java:logGet(43)) - raft.server.storage.dir = [/workdir/hadoop-ozone/integration-test/target/test-dir/MiniOzoneClusterImpl-5d82b4cd-4e47-4b06-a8d5-8585c925b255/datanode-4/data/ratis] (custom)
2019-10-15 00:58:14,004 [main] INFO  hdfs.DFSUtil (DFSUtil.java:httpServerTemplateForNNAndJN(1641)) - Starting Web-server for hddsDatanode at: http://0.0.0.0:0
2019-10-15 00:58:14,006 [main] INFO  server.AuthenticationFilter (AuthenticationFilter.java:constructSecretProvider(240)) - Unable to initialize FileSignerSecretProvider, falling back to use random secrets.
2019-10-15 00:58:14,006 [main] WARN  http.HttpRequestLog (HttpRequestLog.java:getRequestLog(97)) - Jetty request log can only be enabled using Log4j
2019-10-15 00:58:14,008 [main] INFO  http.HttpServer2 (HttpServer2.java:addGlobalFilter(975)) - Added global filter 'safety' (class=org.apache.hadoop.http.HttpServer2$QuotingInputFilter)
2019-10-15 00:58:14,008 [main] INFO  http.HttpServer2 (HttpServer2.java:addFilter(948)) - Added filter static_user_filter (class=org.apache.hadoop.http.lib.StaticUserWebFilter$StaticUserFilter) to context hddsDatanode
2019-10-15 00:58:14,008 [main] INFO  http.HttpServer2 (HttpServer2.java:addFilter(958)) - Added filter static_user_filter (class=org.apache.hadoop.http.lib.StaticUserWebFilter$StaticUserFilter) to context static
2019-10-15 00:58:14,009 [main] INFO  http.HttpServer2 (HttpServer2.java:addFilter(958)) - Added filter static_user_filter (class=org.apache.hadoop.http.lib.StaticUserWebFilter$StaticUserFilter) to context logs
2019-10-15 00:58:14,009 [main] INFO  http.HttpServer2 (HttpServer2.java:bindListener(1191)) - Jetty bound to port 46005
2019-10-15 00:58:14,009 [main] INFO  server.Server (Server.java:doStart(351)) - jetty-9.3.25.v20180904, build timestamp: 2018-09-04T21:11:46Z, git hash: 3ce520221d0240229c862b122d2b06c12a625732
2019-10-15 00:58:14,011 [main] INFO  handler.ContextHandler (ContextHandler.java:doStart(781)) - Started o.e.j.s.ServletContextHandler@5b48f0f4{/logs,file:///workdir/hadoop-ozone/integration-test/target/log,AVAILABLE}
2019-10-15 00:58:14,012 [main] INFO  handler.ContextHandler (ContextHandler.java:doStart(781)) - Started o.e.j.s.ServletContextHandler@5bfc79cb{/static,jar:file:/home/user/.m2/repository/org/apache/hadoop/hadoop-hdds-container-service/0.5.0-SNAPSHOT/hadoop-hdds-container-service-0.5.0-SNAPSHOT.jar!/webapps/static,AVAILABLE}
2019-10-15 00:58:14,040 [main] INFO  handler.ContextHandler (ContextHandler.java:doStart(781)) - Started o.e.j.w.WebAppContext@4645679e{/,file:///tmp/jetty-0.0.0.0-46005-hddsDatanode-_-any-2419239250516815887.dir/webapp/,AVAILABLE}{/hddsDatanode}
2019-10-15 00:58:14,040 [main] INFO  server.AbstractConnector (AbstractConnector.java:doStart(278)) - Started ServerConnector@3a0b6a{HTTP/1.1,[http/1.1]}{0.0.0.0:46005}
2019-10-15 00:58:14,042 [main] INFO  server.Server (Server.java:doStart(419)) - Started @249950ms
2019-10-15 00:58:14,042 [main] WARN  impl.MetricsSystemImpl (MetricsSystemImpl.java:register(276)) - Sink prometheus already exists!
2019-10-15 00:58:14,043 [main] INFO  server.BaseHttpServer (BaseHttpServer.java:updateConnectorAddress(215)) - HTTP server of HDDSDATANODE is listening at http://0.0.0.0:46005
2019-10-15 00:58:14,043 [main] INFO  impl.MetricsSystemImpl (MetricsSystemImpl.java:init(158)) - HddsDatanode metrics system started (again)
2019-10-15 00:58:14,050 [org.apache.hadoop.util.JvmPauseMonitor$Monitor@744c55db] INFO  util.JvmPauseMonitor (JvmPauseMonitor.java:run(188)) - Starting JVM pause monitor
2019-10-15 00:58:14,051 [main] INFO  ozone.HddsDatanodeService (HddsDatanodeService.java:start(184)) - HddsDatanodeService host:pr-hdds-1868-7bj8h-208101609 ip:192.168.164.218
2019-10-15 00:58:14,052 [Datanode State Machine Thread - 0] INFO  datanode.InitDatanodeState (InitDatanodeState.java:persistContainerDatanodeDetails(140)) - DatanodeDetails is persisted to /workdir/hadoop-ozone/integration-test/target/test-dir/MiniOzoneClusterImpl-5d82b4cd-4e47-4b06-a8d5-8585c925b255/datanode-4/meta/datanode.id
2019-10-15 00:58:14,057 [main] INFO  volume.HddsVolume (HddsVolume.java:<init>(176)) - Creating Volume: /workdir/hadoop-ozone/integration-test/target/test-dir/MiniOzoneClusterImpl-5d82b4cd-4e47-4b06-a8d5-8585c925b255/datanode-5/data/containers/hdds of  storage type : DISK and capacity : 1482555576320
2019-10-15 00:58:14,057 [main] INFO  volume.VolumeSet (VolumeSet.java:initializeVolumeSet(170)) - Added Volume : /workdir/hadoop-ozone/integration-test/target/test-dir/MiniOzoneClusterImpl-5d82b4cd-4e47-4b06-a8d5-8585c925b255/datanode-5/data/containers/hdds to VolumeSet
2019-10-15 00:58:14,057 [main] INFO  volume.ThrottledAsyncChecker (ThrottledAsyncChecker.java:schedule(141)) - Scheduling a check for org.apache.hadoop.ozone.container.common.volume.HddsVolume@58d4238e
2019-10-15 00:58:14,058 [main] INFO  volume.HddsVolumeChecker (HddsVolumeChecker.java:checkAllVolumes(204)) - Scheduled health check for volume org.apache.hadoop.ozone.container.common.volume.HddsVolume@58d4238e
2019-10-15 00:58:14,071 [main] INFO  impl.RaftServerProxy (ConfUtils.java:logGet(43)) - raft.rpc.type = GRPC (default)
2019-10-15 00:58:14,071 [main] INFO  grpc.GrpcFactory (GrpcFactory.java:checkPooledByteBufAllocatorUseCacheForAllThreads(45)) - PERFORMANCE WARNING: useCacheForAllThreads is true that may cause Netty to create a lot garbage objects and, as a result, trigger GC.
	It is recommended to disable useCacheForAllThreads by setting -Dorg.apache.ratis.thirdparty.io.netty.allocator.useCacheForAllThreads=false in command line.
2019-10-15 00:58:14,071 [main] INFO  grpc.GrpcConfigKeys$Server (ConfUtils.java:logGet(43)) - raft.grpc.server.port = 0 (default)
2019-10-15 00:58:14,071 [main] INFO  server.GrpcService (ConfUtils.java:logGet(43)) - raft.grpc.message.size.max = 33570816 (custom)
2019-10-15 00:58:14,071 [main] INFO  server.RaftServerConfigKeys (ConfUtils.java:logGet(43)) - raft.server.log.appender.buffer.byte-limit = 33554432 (custom)
2019-10-15 00:58:14,072 [main] INFO  server.GrpcService (ConfUtils.java:logGet(43)) - raft.grpc.flow.control.window = 1MB (=1048576) (default)
2019-10-15 00:58:14,072 [main] INFO  server.RaftServerConfigKeys (ConfUtils.java:logGet(43)) - raft.server.rpc.request.timeout = 3000ms (default)
2019-10-15 00:58:14,072 [main] INFO  server.RaftServerConfigKeys (ConfUtils.java:logGet(43)) - raft.server.storage.dir = [/workdir/hadoop-ozone/integration-test/target/test-dir/MiniOzoneClusterImpl-5d82b4cd-4e47-4b06-a8d5-8585c925b255/datanode-5/data/ratis] (custom)
2019-10-15 00:58:14,073 [main] INFO  hdfs.DFSUtil (DFSUtil.java:httpServerTemplateForNNAndJN(1641)) - Starting Web-server for hddsDatanode at: http://0.0.0.0:0
2019-10-15 00:58:14,074 [main] INFO  server.AuthenticationFilter (AuthenticationFilter.java:constructSecretProvider(240)) - Unable to initialize FileSignerSecretProvider, falling back to use random secrets.
2019-10-15 00:58:14,075 [main] WARN  http.HttpRequestLog (HttpRequestLog.java:getRequestLog(97)) - Jetty request log can only be enabled using Log4j
2019-10-15 00:58:14,076 [main] INFO  http.HttpServer2 (HttpServer2.java:addGlobalFilter(975)) - Added global filter 'safety' (class=org.apache.hadoop.http.HttpServer2$QuotingInputFilter)
2019-10-15 00:58:14,077 [main] INFO  http.HttpServer2 (HttpServer2.java:addFilter(948)) - Added filter static_user_filter (class=org.apache.hadoop.http.lib.StaticUserWebFilter$StaticUserFilter) to context hddsDatanode
2019-10-15 00:58:14,077 [main] INFO  http.HttpServer2 (HttpServer2.java:addFilter(958)) - Added filter static_user_filter (class=org.apache.hadoop.http.lib.StaticUserWebFilter$StaticUserFilter) to context logs
2019-10-15 00:58:14,077 [main] INFO  http.HttpServer2 (HttpServer2.java:addFilter(958)) - Added filter static_user_filter (class=org.apache.hadoop.http.lib.StaticUserWebFilter$StaticUserFilter) to context static
2019-10-15 00:58:14,078 [main] INFO  http.HttpServer2 (HttpServer2.java:bindListener(1191)) - Jetty bound to port 39219
2019-10-15 00:58:14,078 [main] INFO  server.Server (Server.java:doStart(351)) - jetty-9.3.25.v20180904, build timestamp: 2018-09-04T21:11:46Z, git hash: 3ce520221d0240229c862b122d2b06c12a625732
2019-10-15 00:58:14,080 [main] INFO  handler.ContextHandler (ContextHandler.java:doStart(781)) - Started o.e.j.s.ServletContextHandler@6842c101{/logs,file:///workdir/hadoop-ozone/integration-test/target/log,AVAILABLE}
2019-10-15 00:58:14,081 [main] INFO  handler.ContextHandler (ContextHandler.java:doStart(781)) - Started o.e.j.s.ServletContextHandler@2c48cede{/static,jar:file:/home/user/.m2/repository/org/apache/hadoop/hadoop-hdds-container-service/0.5.0-SNAPSHOT/hadoop-hdds-container-service-0.5.0-SNAPSHOT.jar!/webapps/static,AVAILABLE}
2019-10-15 00:58:14,110 [main] INFO  handler.ContextHandler (ContextHandler.java:doStart(781)) - Started o.e.j.w.WebAppContext@60591e1b{/,file:///tmp/jetty-0.0.0.0-39219-hddsDatanode-_-any-1200887305709638528.dir/webapp/,AVAILABLE}{/hddsDatanode}
2019-10-15 00:58:14,111 [main] INFO  server.AbstractConnector (AbstractConnector.java:doStart(278)) - Started ServerConnector@29c53c4f{HTTP/1.1,[http/1.1]}{0.0.0.0:39219}
2019-10-15 00:58:14,112 [main] INFO  server.Server (Server.java:doStart(419)) - Started @250020ms
2019-10-15 00:58:14,113 [main] WARN  impl.MetricsSystemImpl (MetricsSystemImpl.java:register(276)) - Sink prometheus already exists!
2019-10-15 00:58:14,113 [main] INFO  server.BaseHttpServer (BaseHttpServer.java:updateConnectorAddress(215)) - HTTP server of HDDSDATANODE is listening at http://0.0.0.0:39219
2019-10-15 00:58:14,114 [main] INFO  impl.MetricsSystemImpl (MetricsSystemImpl.java:init(158)) - HddsDatanode metrics system started (again)
2019-10-15 00:58:14,121 [org.apache.hadoop.util.JvmPauseMonitor$Monitor@49287999] INFO  util.JvmPauseMonitor (JvmPauseMonitor.java:run(188)) - Starting JVM pause monitor
2019-10-15 00:58:14,122 [main] INFO  ozone.HddsDatanodeService (HddsDatanodeService.java:start(184)) - HddsDatanodeService host:pr-hdds-1868-7bj8h-208101609 ip:192.168.164.218
2019-10-15 00:58:14,123 [Datanode State Machine Thread - 0] INFO  datanode.InitDatanodeState (InitDatanodeState.java:persistContainerDatanodeDetails(140)) - DatanodeDetails is persisted to /workdir/hadoop-ozone/integration-test/target/test-dir/MiniOzoneClusterImpl-5d82b4cd-4e47-4b06-a8d5-8585c925b255/datanode-5/meta/datanode.id
2019-10-15 00:58:14,129 [main] INFO  volume.HddsVolume (HddsVolume.java:<init>(176)) - Creating Volume: /workdir/hadoop-ozone/integration-test/target/test-dir/MiniOzoneClusterImpl-5d82b4cd-4e47-4b06-a8d5-8585c925b255/datanode-6/data/containers/hdds of  storage type : DISK and capacity : 1482555576320
2019-10-15 00:58:14,129 [main] INFO  volume.VolumeSet (VolumeSet.java:initializeVolumeSet(170)) - Added Volume : /workdir/hadoop-ozone/integration-test/target/test-dir/MiniOzoneClusterImpl-5d82b4cd-4e47-4b06-a8d5-8585c925b255/datanode-6/data/containers/hdds to VolumeSet
2019-10-15 00:58:14,130 [main] INFO  volume.ThrottledAsyncChecker (ThrottledAsyncChecker.java:schedule(141)) - Scheduling a check for org.apache.hadoop.ozone.container.common.volume.HddsVolume@58a3d521
2019-10-15 00:58:14,130 [main] INFO  volume.HddsVolumeChecker (HddsVolumeChecker.java:checkAllVolumes(204)) - Scheduled health check for volume org.apache.hadoop.ozone.container.common.volume.HddsVolume@58a3d521
2019-10-15 00:58:14,150 [main] INFO  impl.RaftServerProxy (ConfUtils.java:logGet(43)) - raft.rpc.type = GRPC (default)
2019-10-15 00:58:14,150 [main] INFO  grpc.GrpcFactory (GrpcFactory.java:checkPooledByteBufAllocatorUseCacheForAllThreads(45)) - PERFORMANCE WARNING: useCacheForAllThreads is true that may cause Netty to create a lot garbage objects and, as a result, trigger GC.
	It is recommended to disable useCacheForAllThreads by setting -Dorg.apache.ratis.thirdparty.io.netty.allocator.useCacheForAllThreads=false in command line.
2019-10-15 00:58:14,150 [main] INFO  grpc.GrpcConfigKeys$Server (ConfUtils.java:logGet(43)) - raft.grpc.server.port = 0 (default)
2019-10-15 00:58:14,150 [main] INFO  server.GrpcService (ConfUtils.java:logGet(43)) - raft.grpc.message.size.max = 33570816 (custom)
2019-10-15 00:58:14,151 [main] INFO  server.RaftServerConfigKeys (ConfUtils.java:logGet(43)) - raft.server.log.appender.buffer.byte-limit = 33554432 (custom)
2019-10-15 00:58:14,151 [main] INFO  server.GrpcService (ConfUtils.java:logGet(43)) - raft.grpc.flow.control.window = 1MB (=1048576) (default)
2019-10-15 00:58:14,151 [main] INFO  server.RaftServerConfigKeys (ConfUtils.java:logGet(43)) - raft.server.rpc.request.timeout = 3000ms (default)
2019-10-15 00:58:14,152 [main] INFO  server.RaftServerConfigKeys (ConfUtils.java:logGet(43)) - raft.server.storage.dir = [/workdir/hadoop-ozone/integration-test/target/test-dir/MiniOzoneClusterImpl-5d82b4cd-4e47-4b06-a8d5-8585c925b255/datanode-6/data/ratis] (custom)
2019-10-15 00:58:14,153 [main] INFO  hdfs.DFSUtil (DFSUtil.java:httpServerTemplateForNNAndJN(1641)) - Starting Web-server for hddsDatanode at: http://0.0.0.0:0
2019-10-15 00:58:14,155 [main] INFO  server.AuthenticationFilter (AuthenticationFilter.java:constructSecretProvider(240)) - Unable to initialize FileSignerSecretProvider, falling back to use random secrets.
2019-10-15 00:58:14,155 [main] WARN  http.HttpRequestLog (HttpRequestLog.java:getRequestLog(97)) - Jetty request log can only be enabled using Log4j
2019-10-15 00:58:14,157 [main] INFO  http.HttpServer2 (HttpServer2.java:addGlobalFilter(975)) - Added global filter 'safety' (class=org.apache.hadoop.http.HttpServer2$QuotingInputFilter)
2019-10-15 00:58:14,158 [main] INFO  http.HttpServer2 (HttpServer2.java:addFilter(948)) - Added filter static_user_filter (class=org.apache.hadoop.http.lib.StaticUserWebFilter$StaticUserFilter) to context hddsDatanode
2019-10-15 00:58:14,158 [main] INFO  http.HttpServer2 (HttpServer2.java:addFilter(958)) - Added filter static_user_filter (class=org.apache.hadoop.http.lib.StaticUserWebFilter$StaticUserFilter) to context static
2019-10-15 00:58:14,158 [main] INFO  http.HttpServer2 (HttpServer2.java:addFilter(958)) - Added filter static_user_filter (class=org.apache.hadoop.http.lib.StaticUserWebFilter$StaticUserFilter) to context logs
2019-10-15 00:58:14,159 [main] INFO  http.HttpServer2 (HttpServer2.java:bindListener(1191)) - Jetty bound to port 43220
2019-10-15 00:58:14,159 [main] INFO  server.Server (Server.java:doStart(351)) - jetty-9.3.25.v20180904, build timestamp: 2018-09-04T21:11:46Z, git hash: 3ce520221d0240229c862b122d2b06c12a625732
2019-10-15 00:58:14,161 [main] INFO  handler.ContextHandler (ContextHandler.java:doStart(781)) - Started o.e.j.s.ServletContextHandler@2365ea38{/logs,file:///workdir/hadoop-ozone/integration-test/target/log,AVAILABLE}
2019-10-15 00:58:14,161 [main] INFO  handler.ContextHandler (ContextHandler.java:doStart(781)) - Started o.e.j.s.ServletContextHandler@49232c6f{/static,jar:file:/home/user/.m2/repository/org/apache/hadoop/hadoop-hdds-container-service/0.5.0-SNAPSHOT/hadoop-hdds-container-service-0.5.0-SNAPSHOT.jar!/webapps/static,AVAILABLE}
2019-10-15 00:58:14,191 [main] INFO  handler.ContextHandler (ContextHandler.java:doStart(781)) - Started o.e.j.w.WebAppContext@7741ae1b{/,file:///tmp/jetty-0.0.0.0-43220-hddsDatanode-_-any-3006730323177399055.dir/webapp/,AVAILABLE}{/hddsDatanode}
2019-10-15 00:58:14,192 [main] INFO  server.AbstractConnector (AbstractConnector.java:doStart(278)) - Started ServerConnector@50e5032c{HTTP/1.1,[http/1.1]}{0.0.0.0:43220}
2019-10-15 00:58:14,193 [main] INFO  server.Server (Server.java:doStart(419)) - Started @250101ms
2019-10-15 00:58:14,194 [main] WARN  impl.MetricsSystemImpl (MetricsSystemImpl.java:register(276)) - Sink prometheus already exists!
2019-10-15 00:58:14,194 [main] INFO  server.BaseHttpServer (BaseHttpServer.java:updateConnectorAddress(215)) - HTTP server of HDDSDATANODE is listening at http://0.0.0.0:43220
2019-10-15 00:58:14,195 [main] INFO  ozone.MiniOzoneClusterImpl (MiniOzoneClusterImpl.java:lambda$waitForClusterToBeReady$2(172)) - Waiting for cluster to be ready. Got 0 of 7 DN Heartbeats.
2019-10-15 00:58:14,196 [org.apache.hadoop.util.JvmPauseMonitor$Monitor@5b67344a] INFO  util.JvmPauseMonitor (JvmPauseMonitor.java:run(188)) - Starting JVM pause monitor
2019-10-15 00:58:14,197 [Datanode State Machine Thread - 0] INFO  datanode.InitDatanodeState (InitDatanodeState.java:persistContainerDatanodeDetails(140)) - DatanodeDetails is persisted to /workdir/hadoop-ozone/integration-test/target/test-dir/MiniOzoneClusterImpl-5d82b4cd-4e47-4b06-a8d5-8585c925b255/datanode-6/meta/datanode.id
2019-10-15 00:58:15,195 [main] INFO  ozone.MiniOzoneClusterImpl (MiniOzoneClusterImpl.java:lambda$waitForClusterToBeReady$2(172)) - Waiting for cluster to be ready. Got 0 of 7 DN Heartbeats.
2019-10-15 00:58:15,800 [Datanode State Machine Thread - 0] INFO  ozoneimpl.OzoneContainer (OzoneContainer.java:start(213)) - Attempting to start container services.
2019-10-15 00:58:15,801 [Datanode State Machine Thread - 0] INFO  ozoneimpl.OzoneContainer (OzoneContainer.java:startContainerScrub(177)) - Background container scanner has been disabled.
2019-10-15 00:58:15,801 [Datanode State Machine Thread - 0] INFO  ratis.XceiverServerRatis (XceiverServerRatis.java:start(425)) - Starting XceiverServerRatis 0151c55e-3a7e-46cc-adf1-6da81881f204 at port 0
2019-10-15 00:58:15,810 [Datanode State Machine Thread - 0] INFO  impl.RaftServerProxy (RaftServerProxy.java:lambda$start$3(299)) - 0151c55e-3a7e-46cc-adf1-6da81881f204: start RPC server
2019-10-15 00:58:15,827 [Datanode State Machine Thread - 0] INFO  server.GrpcService (GrpcService.java:startImpl(158)) - 0151c55e-3a7e-46cc-adf1-6da81881f204: GrpcService started, listening on 0.0.0.0/0.0.0.0:46456
2019-10-15 00:58:15,827 [Datanode State Machine Thread - 0] INFO  ratis.XceiverServerRatis (XceiverServerRatis.java:start(435)) - XceiverServerRatis 0151c55e-3a7e-46cc-adf1-6da81881f204 is started using port 46456
2019-10-15 00:58:15,830 [Datanode State Machine Thread - 0] INFO  server.XceiverServerGrpc (XceiverServerGrpc.java:start(149)) - XceiverServerGrpc 0151c55e-3a7e-46cc-adf1-6da81881f204 is started using port 42395
2019-10-15 00:58:15,851 [Datanode State Machine Thread - 0] INFO  ozoneimpl.OzoneContainer (OzoneContainer.java:start(213)) - Attempting to start container services.
2019-10-15 00:58:15,851 [Datanode State Machine Thread - 0] INFO  ozoneimpl.OzoneContainer (OzoneContainer.java:startContainerScrub(177)) - Background container scanner has been disabled.
2019-10-15 00:58:15,851 [Datanode State Machine Thread - 0] INFO  ratis.XceiverServerRatis (XceiverServerRatis.java:start(425)) - Starting XceiverServerRatis f8529145-e696-4a90-8b47-2b96a6036656 at port 0
2019-10-15 00:58:15,859 [Datanode State Machine Thread - 0] INFO  impl.RaftServerProxy (RaftServerProxy.java:lambda$start$3(299)) - f8529145-e696-4a90-8b47-2b96a6036656: start RPC server
2019-10-15 00:58:15,862 [Datanode State Machine Thread - 0] INFO  server.GrpcService (GrpcService.java:startImpl(158)) - f8529145-e696-4a90-8b47-2b96a6036656: GrpcService started, listening on 0.0.0.0/0.0.0.0:38812
2019-10-15 00:58:15,862 [Datanode State Machine Thread - 0] INFO  ratis.XceiverServerRatis (XceiverServerRatis.java:start(435)) - XceiverServerRatis f8529145-e696-4a90-8b47-2b96a6036656 is started using port 38812
2019-10-15 00:58:15,863 [Datanode State Machine Thread - 0] INFO  server.XceiverServerGrpc (XceiverServerGrpc.java:start(149)) - XceiverServerGrpc f8529145-e696-4a90-8b47-2b96a6036656 is started using port 44187
2019-10-15 00:58:15,919 [Datanode State Machine Thread - 0] INFO  ozoneimpl.OzoneContainer (OzoneContainer.java:start(213)) - Attempting to start container services.
2019-10-15 00:58:15,919 [Datanode State Machine Thread - 0] INFO  ozoneimpl.OzoneContainer (OzoneContainer.java:startContainerScrub(177)) - Background container scanner has been disabled.
2019-10-15 00:58:15,919 [Datanode State Machine Thread - 0] INFO  ratis.XceiverServerRatis (XceiverServerRatis.java:start(425)) - Starting XceiverServerRatis 3f7df7da-b219-487f-8006-3cfb850b729b at port 0
2019-10-15 00:58:15,930 [Datanode State Machine Thread - 0] INFO  impl.RaftServerProxy (RaftServerProxy.java:lambda$start$3(299)) - 3f7df7da-b219-487f-8006-3cfb850b729b: start RPC server
2019-10-15 00:58:15,931 [Datanode State Machine Thread - 0] INFO  server.GrpcService (GrpcService.java:startImpl(158)) - 3f7df7da-b219-487f-8006-3cfb850b729b: GrpcService started, listening on 0.0.0.0/0.0.0.0:34625
2019-10-15 00:58:15,931 [Datanode State Machine Thread - 0] INFO  ratis.XceiverServerRatis (XceiverServerRatis.java:start(435)) - XceiverServerRatis 3f7df7da-b219-487f-8006-3cfb850b729b is started using port 34625
2019-10-15 00:58:15,931 [Datanode State Machine Thread - 0] INFO  server.XceiverServerGrpc (XceiverServerGrpc.java:start(149)) - XceiverServerGrpc 3f7df7da-b219-487f-8006-3cfb850b729b is started using port 36837
2019-10-15 00:58:16,004 [Datanode State Machine Thread - 0] INFO  ozoneimpl.OzoneContainer (OzoneContainer.java:start(213)) - Attempting to start container services.
2019-10-15 00:58:16,004 [Datanode State Machine Thread - 0] INFO  ozoneimpl.OzoneContainer (OzoneContainer.java:startContainerScrub(177)) - Background container scanner has been disabled.
2019-10-15 00:58:16,004 [Datanode State Machine Thread - 0] INFO  ratis.XceiverServerRatis (XceiverServerRatis.java:start(425)) - Starting XceiverServerRatis 5370a49f-0488-4254-b182-627088936824 at port 0
2019-10-15 00:58:16,012 [Datanode State Machine Thread - 0] INFO  impl.RaftServerProxy (RaftServerProxy.java:lambda$start$3(299)) - 5370a49f-0488-4254-b182-627088936824: start RPC server
2019-10-15 00:58:16,016 [Datanode State Machine Thread - 0] INFO  server.GrpcService (GrpcService.java:startImpl(158)) - 5370a49f-0488-4254-b182-627088936824: GrpcService started, listening on 0.0.0.0/0.0.0.0:34405
2019-10-15 00:58:16,016 [Datanode State Machine Thread - 0] INFO  ratis.XceiverServerRatis (XceiverServerRatis.java:start(435)) - XceiverServerRatis 5370a49f-0488-4254-b182-627088936824 is started using port 34405
2019-10-15 00:58:16,016 [Datanode State Machine Thread - 0] INFO  server.XceiverServerGrpc (XceiverServerGrpc.java:start(149)) - XceiverServerGrpc 5370a49f-0488-4254-b182-627088936824 is started using port 43538
2019-10-15 00:58:16,087 [Datanode State Machine Thread - 0] INFO  ozoneimpl.OzoneContainer (OzoneContainer.java:start(213)) - Attempting to start container services.
2019-10-15 00:58:16,088 [Datanode State Machine Thread - 0] INFO  ozoneimpl.OzoneContainer (OzoneContainer.java:startContainerScrub(177)) - Background container scanner has been disabled.
2019-10-15 00:58:16,088 [Datanode State Machine Thread - 0] INFO  ratis.XceiverServerRatis (XceiverServerRatis.java:start(425)) - Starting XceiverServerRatis a195247f-068a-4b76-a937-2df84190de26 at port 0
2019-10-15 00:58:16,097 [Datanode State Machine Thread - 0] INFO  impl.RaftServerProxy (RaftServerProxy.java:lambda$start$3(299)) - a195247f-068a-4b76-a937-2df84190de26: start RPC server
2019-10-15 00:58:16,097 [Datanode State Machine Thread - 0] INFO  server.GrpcService (GrpcService.java:startImpl(158)) - a195247f-068a-4b76-a937-2df84190de26: GrpcService started, listening on 0.0.0.0/0.0.0.0:44926
2019-10-15 00:58:16,098 [Datanode State Machine Thread - 0] INFO  ratis.XceiverServerRatis (XceiverServerRatis.java:start(435)) - XceiverServerRatis a195247f-068a-4b76-a937-2df84190de26 is started using port 44926
2019-10-15 00:58:16,101 [Datanode State Machine Thread - 0] INFO  server.XceiverServerGrpc (XceiverServerGrpc.java:start(149)) - XceiverServerGrpc a195247f-068a-4b76-a937-2df84190de26 is started using port 34672
2019-10-15 00:58:16,142 [Datanode State Machine Thread - 0] INFO  ozoneimpl.OzoneContainer (OzoneContainer.java:start(213)) - Attempting to start container services.
2019-10-15 00:58:16,143 [Datanode State Machine Thread - 0] INFO  ozoneimpl.OzoneContainer (OzoneContainer.java:startContainerScrub(177)) - Background container scanner has been disabled.
2019-10-15 00:58:16,143 [Datanode State Machine Thread - 0] INFO  ratis.XceiverServerRatis (XceiverServerRatis.java:start(425)) - Starting XceiverServerRatis 6f2fd86e-288d-46f4-8189-7559bb792ffd at port 0
2019-10-15 00:58:16,149 [Datanode State Machine Thread - 0] INFO  impl.RaftServerProxy (RaftServerProxy.java:lambda$start$3(299)) - 6f2fd86e-288d-46f4-8189-7559bb792ffd: start RPC server
2019-10-15 00:58:16,150 [Datanode State Machine Thread - 0] INFO  server.GrpcService (GrpcService.java:startImpl(158)) - 6f2fd86e-288d-46f4-8189-7559bb792ffd: GrpcService started, listening on 0.0.0.0/0.0.0.0:42752
2019-10-15 00:58:16,150 [Datanode State Machine Thread - 0] INFO  ratis.XceiverServerRatis (XceiverServerRatis.java:start(435)) - XceiverServerRatis 6f2fd86e-288d-46f4-8189-7559bb792ffd is started using port 42752
2019-10-15 00:58:16,150 [Datanode State Machine Thread - 0] INFO  server.XceiverServerGrpc (XceiverServerGrpc.java:start(149)) - XceiverServerGrpc 6f2fd86e-288d-46f4-8189-7559bb792ffd is started using port 37715
2019-10-15 00:58:16,196 [main] INFO  ozone.MiniOzoneClusterImpl (MiniOzoneClusterImpl.java:lambda$waitForClusterToBeReady$2(172)) - Waiting for cluster to be ready. Got 0 of 7 DN Heartbeats.
2019-10-15 00:58:16,221 [Datanode State Machine Thread - 0] INFO  ozoneimpl.OzoneContainer (OzoneContainer.java:start(213)) - Attempting to start container services.
2019-10-15 00:58:16,221 [Datanode State Machine Thread - 0] INFO  ozoneimpl.OzoneContainer (OzoneContainer.java:startContainerScrub(177)) - Background container scanner has been disabled.
2019-10-15 00:58:16,221 [Datanode State Machine Thread - 0] INFO  ratis.XceiverServerRatis (XceiverServerRatis.java:start(425)) - Starting XceiverServerRatis 91c7735c-f887-4c28-a289-17cc148dd39e at port 0
2019-10-15 00:58:16,227 [Datanode State Machine Thread - 0] INFO  impl.RaftServerProxy (RaftServerProxy.java:lambda$start$3(299)) - 91c7735c-f887-4c28-a289-17cc148dd39e: start RPC server
2019-10-15 00:58:16,227 [Datanode State Machine Thread - 0] INFO  server.GrpcService (GrpcService.java:startImpl(158)) - 91c7735c-f887-4c28-a289-17cc148dd39e: GrpcService started, listening on 0.0.0.0/0.0.0.0:34616
2019-10-15 00:58:16,227 [Datanode State Machine Thread - 0] INFO  ratis.XceiverServerRatis (XceiverServerRatis.java:start(435)) - XceiverServerRatis 91c7735c-f887-4c28-a289-17cc148dd39e is started using port 34616
2019-10-15 00:58:16,228 [Datanode State Machine Thread - 0] INFO  server.XceiverServerGrpc (XceiverServerGrpc.java:start(149)) - XceiverServerGrpc 91c7735c-f887-4c28-a289-17cc148dd39e is started using port 39189
2019-10-15 00:58:17,196 [main] INFO  ozone.MiniOzoneClusterImpl (MiniOzoneClusterImpl.java:lambda$waitForClusterToBeReady$2(172)) - Waiting for cluster to be ready. Got 0 of 7 DN Heartbeats.
2019-10-15 00:58:17,756 [IPC Server handler 0 on 36625] INFO  net.NetworkTopology (NetworkTopologyImpl.java:add(111)) - Added a new node: /default-rack/0151c55e-3a7e-46cc-adf1-6da81881f204
2019-10-15 00:58:17,759 [IPC Server handler 0 on 36625] INFO  node.SCMNodeManager (SCMNodeManager.java:register(268)) - Registered Data node : 0151c55e-3a7e-46cc-adf1-6da81881f204{ip: 192.168.164.218, host: pr-hdds-1868-7bj8h-208101609, networkLocation: /default-rack, certSerialId: null}
2019-10-15 00:58:17,761 [EventQueue-NodeRegistrationContainerReportForDataNodeSafeModeRule] INFO  safemode.SCMSafeModeManager (DataNodeSafeModeRule.java:process(71)) - SCM in safe mode. 1 DataNodes registered, 1 required.
2019-10-15 00:58:17,764 [EventQueue-NodeRegistrationContainerReportForDataNodeSafeModeRule] INFO  safemode.SCMSafeModeManager (SCMSafeModeManager.java:validateSafeModeExitRules(177)) - ScmSafeModeManager, all rules are successfully validated
2019-10-15 00:58:17,764 [EventQueue-NodeRegistrationContainerReportForDataNodeSafeModeRule] INFO  safemode.SCMSafeModeManager (SCMSafeModeManager.java:exitSafeMode(193)) - SCM exiting safe mode.
2019-10-15 00:58:17,775 [grpc-default-executor-2] INFO  impl.RaftServerProxy (RaftServerProxy.java:addNew(89)) - 0151c55e-3a7e-46cc-adf1-6da81881f204: addNew group-E4774C6913BA:[0151c55e-3a7e-46cc-adf1-6da81881f204:192.168.164.218:46456] returns group-E4774C6913BA:java.util.concurrent.CompletableFuture@3c2c4dbc[Not completed]
2019-10-15 00:58:17,777 [pool-383-thread-1] INFO  impl.RaftServerImpl (RaftServerImpl.java:<init>(95)) - 0151c55e-3a7e-46cc-adf1-6da81881f204: new RaftServerImpl for group-E4774C6913BA:[0151c55e-3a7e-46cc-adf1-6da81881f204:192.168.164.218:46456] with ContainerStateMachine:uninitialized
2019-10-15 00:58:17,777 [pool-383-thread-1] INFO  server.RaftServerConfigKeys (ConfUtils.java:logGet(43)) - raft.server.rpc.timeout.min = 5s (custom)
2019-10-15 00:58:17,777 [pool-383-thread-1] INFO  server.RaftServerConfigKeys (ConfUtils.java:logGet(43)) - raft.server.rpc.timeout.max = 5200ms (custom)
2019-10-15 00:58:17,778 [pool-383-thread-1] INFO  server.RaftServerConfigKeys (ConfUtils.java:logGet(43)) - raft.server.rpcslowness.timeout = 120s (custom)
2019-10-15 00:58:17,778 [pool-383-thread-1] INFO  server.RaftServerConfigKeys (ConfUtils.java:logGet(43)) - raft.server.sleep.deviation.threshold = 300 (default)
2019-10-15 00:58:17,778 [pool-383-thread-1] INFO  server.RaftServerConfigKeys (ConfUtils.java:logGet(43)) - raft.server.log.appender.install.snapshot.enabled = false (custom)
2019-10-15 00:58:17,778 [pool-383-thread-1] INFO  impl.RaftServerImpl (ServerState.java:<init>(103)) - 0151c55e-3a7e-46cc-adf1-6da81881f204@group-E4774C6913BA: ConfigurationManager, init=-1: [0151c55e-3a7e-46cc-adf1-6da81881f204:192.168.164.218:46456], old=null, confs=<EMPTY_MAP>
2019-10-15 00:58:17,778 [pool-383-thread-1] INFO  server.RaftServerConfigKeys (ConfUtils.java:logGet(43)) - raft.server.storage.dir = [/workdir/hadoop-ozone/integration-test/target/test-dir/MiniOzoneClusterImpl-5d82b4cd-4e47-4b06-a8d5-8585c925b255/datanode-0/data/ratis] (custom)
2019-10-15 00:58:17,779 [pool-383-thread-1] INFO  server.RaftServerConfigKeys (ConfUtils.java:logGet(43)) - raft.server.log.corruption.policy = EXCEPTION (default)
2019-10-15 00:58:17,779 [pool-383-thread-1] INFO  storage.RaftStorageDirectory (RaftStorageDirectory.java:analyzeStorage(246)) - The storage directory /workdir/hadoop-ozone/integration-test/target/test-dir/MiniOzoneClusterImpl-5d82b4cd-4e47-4b06-a8d5-8585c925b255/datanode-0/data/ratis/092749d7-a020-4361-ad69-e4774c6913ba does not exist. Creating ...
2019-10-15 00:58:17,803 [pool-383-thread-1] INFO  storage.RaftStorageDirectory (RaftStorageDirectory.java:tryLock(328)) - Lock on /workdir/hadoop-ozone/integration-test/target/test-dir/MiniOzoneClusterImpl-5d82b4cd-4e47-4b06-a8d5-8585c925b255/datanode-0/data/ratis/092749d7-a020-4361-ad69-e4774c6913ba/in_use.lock acquired by nodename 21128@pr-hdds-1868-7bj8h-208101609
2019-10-15 00:58:17,826 [pool-383-thread-1] INFO  storage.RaftStorage (RaftStorage.java:format(84)) - Storage directory /workdir/hadoop-ozone/integration-test/target/test-dir/MiniOzoneClusterImpl-5d82b4cd-4e47-4b06-a8d5-8585c925b255/datanode-0/data/ratis/092749d7-a020-4361-ad69-e4774c6913ba has been successfully formatted.
2019-10-15 00:58:17,827 [pool-383-thread-1] INFO  ratis.ContainerStateMachine (ContainerStateMachine.java:loadSnapshot(233)) - group-E4774C6913BA: The snapshot info is null. Setting the last applied indexto:(t:0, i:~)
2019-10-15 00:58:17,827 [pool-383-thread-1] INFO  server.RaftServerConfigKeys (ConfUtils.java:logGet(43)) - raft.server.notification.no-leader.timeout = 120s (custom)
2019-10-15 00:58:17,827 [pool-383-thread-1] INFO  server.RaftServerConfigKeys (ConfUtils.java:logGet(43)) - raft.server.log.use.memory = false (default)
2019-10-15 00:58:17,827 [pool-383-thread-1] INFO  server.RaftServerConfigKeys (ConfUtils.java:logGet(43)) - raft.server.log.purge.gap = 1000000 (custom)
2019-10-15 00:58:17,828 [pool-383-thread-1] INFO  server.RaftServerConfigKeys (ConfUtils.java:logGet(43)) - raft.server.log.appender.buffer.byte-limit = 33554432 (custom)
2019-10-15 00:58:17,828 [IPC Server handler 1 on 36625] INFO  net.NetworkTopology (NetworkTopologyImpl.java:add(111)) - Added a new node: /default-rack/f8529145-e696-4a90-8b47-2b96a6036656
2019-10-15 00:58:17,828 [pool-383-thread-1] INFO  server.RaftServerConfigKeys (ConfUtils.java:logGet(43)) - raft.server.log.segment.size.max = 1048576 (custom)
2019-10-15 00:58:17,828 [IPC Server handler 1 on 36625] INFO  node.SCMNodeManager (SCMNodeManager.java:register(268)) - Registered Data node : f8529145-e696-4a90-8b47-2b96a6036656{ip: 192.168.164.218, host: pr-hdds-1868-7bj8h-208101609, networkLocation: /default-rack, certSerialId: null}
2019-10-15 00:58:17,831 [pool-383-thread-1] INFO  server.RaftServerConfigKeys (ConfUtils.java:logGet(43)) - raft.server.log.segment.cache.num.max = 2 (custom)
2019-10-15 00:58:17,831 [pool-383-thread-1] INFO  segmented.SegmentedRaftLogWorker (SegmentedRaftLogWorker.java:<init>(173)) - new 0151c55e-3a7e-46cc-adf1-6da81881f204@group-E4774C6913BA-SegmentedRaftLogWorker for RaftStorage:Storage Directory /workdir/hadoop-ozone/integration-test/target/test-dir/MiniOzoneClusterImpl-5d82b4cd-4e47-4b06-a8d5-8585c925b255/datanode-0/data/ratis/092749d7-a020-4361-ad69-e4774c6913ba
2019-10-15 00:58:17,832 [pool-383-thread-1] INFO  server.RaftServerConfigKeys (ConfUtils.java:logGet(43)) - raft.server.log.queue.byte-limit = 2147483647 (custom)
2019-10-15 00:58:17,832 [pool-383-thread-1] INFO  server.RaftServerConfigKeys (ConfUtils.java:logGet(43)) - raft.server.log.queue.element-limit = 1024 (custom)
2019-10-15 00:58:17,832 [pool-383-thread-1] INFO  server.RaftServerConfigKeys (ConfUtils.java:logGet(43)) - raft.server.log.segment.size.max = 1048576 (custom)
2019-10-15 00:58:17,832 [pool-383-thread-1] INFO  server.RaftServerConfigKeys (ConfUtils.java:logGet(43)) - raft.server.log.preallocated.size = 16384 (custom)
2019-10-15 00:58:17,832 [pool-383-thread-1] INFO  server.RaftServerConfigKeys (ConfUtils.java:logGet(43)) - raft.server.log.write.buffer.size = 33554432 (custom)
2019-10-15 00:58:17,832 [pool-383-thread-1] INFO  server.RaftServerConfigKeys (ConfUtils.java:logGet(43)) - raft.server.log.force.sync.num = 128 (default)
2019-10-15 00:58:17,833 [pool-383-thread-1] INFO  server.RaftServerConfigKeys (ConfUtils.java:logGet(43)) - raft.server.log.statemachine.data.sync = true (default)
2019-10-15 00:58:17,833 [pool-383-thread-1] INFO  server.RaftServerConfigKeys (ConfUtils.java:logGet(43)) - raft.server.log.statemachine.data.sync.timeout = 10s (default)
2019-10-15 00:58:17,833 [pool-383-thread-1] INFO  server.RaftServerConfigKeys (ConfUtils.java:logGet(43)) - raft.server.log.statemachine.data.sync.timeout.retry = -1 (default)
2019-10-15 00:58:17,834 [pool-383-thread-1] INFO  server.RaftServerConfigKeys (ConfUtils.java:logGet(43)) - raft.server.log.statemachine.data.caching.enabled = true (custom)
2019-10-15 00:58:17,834 [pool-383-thread-1] INFO  segmented.SegmentedRaftLogWorker (SegmentedRaftLogWorker.java:lambda$new$0(128)) - 0151c55e-3a7e-46cc-adf1-6da81881f204@group-E4774C6913BA-SegmentedRaftLogWorker: flushIndex: setUnconditionally 0 -> -1
2019-10-15 00:58:17,834 [pool-383-thread-1] INFO  server.RaftServerConfigKeys (ConfUtils.java:logGet(43)) - raft.server.snapshot.auto.trigger.enabled = true (custom)
2019-10-15 00:58:17,835 [pool-383-thread-1] INFO  server.RaftServerConfigKeys (ConfUtils.java:logGet(43)) - raft.server.snapshot.auto.trigger.threshold = 10000 (custom)
2019-10-15 00:58:17,835 [pool-383-thread-1] INFO  server.RaftServerConfigKeys (ConfUtils.java:logGet(43)) - raft.server.snapshot.retention.file.num = 5 (custom)
2019-10-15 00:58:17,835 [pool-383-thread-1] INFO  server.RaftServerConfigKeys (ConfUtils.java:logGet(43)) - raft.server.retrycache.expirytime = 600000ms (custom)
2019-10-15 00:58:17,837 [pool-383-thread-1] INFO  impl.RaftServerImpl (RaftServerImpl.java:start(181)) - 0151c55e-3a7e-46cc-adf1-6da81881f204@group-E4774C6913BA: start as a follower, conf=-1: [0151c55e-3a7e-46cc-adf1-6da81881f204:192.168.164.218:46456], old=null
2019-10-15 00:58:17,837 [pool-383-thread-1] INFO  impl.RaftServerImpl (RaftServerImpl.java:setRole(170)) - 0151c55e-3a7e-46cc-adf1-6da81881f204@group-E4774C6913BA: changes role from      null to FOLLOWER at term 0 for startAsFollower
2019-10-15 00:58:17,838 [pool-383-thread-1] INFO  impl.RoleInfo (RoleInfo.java:updateAndGet(143)) - 0151c55e-3a7e-46cc-adf1-6da81881f204: start FollowerState
2019-10-15 00:58:17,838 [pool-383-thread-1] INFO  util.JmxRegister (JmxRegister.java:tryRegister(44)) - Successfully registered JMX Bean with object name Ratis:service=RaftServer,group=group-E4774C6913BA,id=0151c55e-3a7e-46cc-adf1-6da81881f204
2019-10-15 00:58:17,843 [RatisPipelineUtilsThread] INFO  pipeline.PipelineStateManager (PipelineStateManager.java:addPipeline(57)) - Created pipeline Pipeline[ Id: 092749d7-a020-4361-ad69-e4774c6913ba, Nodes: 0151c55e-3a7e-46cc-adf1-6da81881f204{ip: 192.168.164.218, host: pr-hdds-1868-7bj8h-208101609, networkLocation: /default-rack, certSerialId: null}, Type:RATIS, Factor:ONE, State:ALLOCATED]
2019-10-15 00:58:17,851 [grpc-default-executor-2] INFO  impl.RaftServerProxy (RaftServerProxy.java:addNew(89)) - f8529145-e696-4a90-8b47-2b96a6036656: addNew group-4AEC7B2ADF2E:[f8529145-e696-4a90-8b47-2b96a6036656:192.168.164.218:38812] returns group-4AEC7B2ADF2E:java.util.concurrent.CompletableFuture@19c4a64c[Not completed]
2019-10-15 00:58:17,853 [pool-393-thread-1] INFO  impl.RaftServerImpl (RaftServerImpl.java:<init>(95)) - f8529145-e696-4a90-8b47-2b96a6036656: new RaftServerImpl for group-4AEC7B2ADF2E:[f8529145-e696-4a90-8b47-2b96a6036656:192.168.164.218:38812] with ContainerStateMachine:uninitialized
2019-10-15 00:58:17,853 [pool-393-thread-1] INFO  server.RaftServerConfigKeys (ConfUtils.java:logGet(43)) - raft.server.rpc.timeout.min = 5s (custom)
2019-10-15 00:58:17,854 [pool-393-thread-1] INFO  server.RaftServerConfigKeys (ConfUtils.java:logGet(43)) - raft.server.rpc.timeout.max = 5200ms (custom)
2019-10-15 00:58:17,854 [pool-393-thread-1] INFO  server.RaftServerConfigKeys (ConfUtils.java:logGet(43)) - raft.server.rpcslowness.timeout = 120s (custom)
2019-10-15 00:58:17,854 [pool-393-thread-1] INFO  server.RaftServerConfigKeys (ConfUtils.java:logGet(43)) - raft.server.sleep.deviation.threshold = 300 (default)
2019-10-15 00:58:17,854 [pool-393-thread-1] INFO  server.RaftServerConfigKeys (ConfUtils.java:logGet(43)) - raft.server.log.appender.install.snapshot.enabled = false (custom)
2019-10-15 00:58:17,854 [pool-393-thread-1] INFO  impl.RaftServerImpl (ServerState.java:<init>(103)) - f8529145-e696-4a90-8b47-2b96a6036656@group-4AEC7B2ADF2E: ConfigurationManager, init=-1: [f8529145-e696-4a90-8b47-2b96a6036656:192.168.164.218:38812], old=null, confs=<EMPTY_MAP>
2019-10-15 00:58:17,854 [pool-393-thread-1] INFO  server.RaftServerConfigKeys (ConfUtils.java:logGet(43)) - raft.server.storage.dir = [/workdir/hadoop-ozone/integration-test/target/test-dir/MiniOzoneClusterImpl-5d82b4cd-4e47-4b06-a8d5-8585c925b255/datanode-1/data/ratis] (custom)
2019-10-15 00:58:17,855 [pool-393-thread-1] INFO  server.RaftServerConfigKeys (ConfUtils.java:logGet(43)) - raft.server.log.corruption.policy = EXCEPTION (default)
2019-10-15 00:58:17,855 [pool-393-thread-1] INFO  storage.RaftStorageDirectory (RaftStorageDirectory.java:analyzeStorage(246)) - The storage directory /workdir/hadoop-ozone/integration-test/target/test-dir/MiniOzoneClusterImpl-5d82b4cd-4e47-4b06-a8d5-8585c925b255/datanode-1/data/ratis/6b6f02d5-c41c-4aaf-8630-4aec7b2adf2e does not exist. Creating ...
2019-10-15 00:58:17,877 [pool-393-thread-1] INFO  storage.RaftStorageDirectory (RaftStorageDirectory.java:tryLock(328)) - Lock on /workdir/hadoop-ozone/integration-test/target/test-dir/MiniOzoneClusterImpl-5d82b4cd-4e47-4b06-a8d5-8585c925b255/datanode-1/data/ratis/6b6f02d5-c41c-4aaf-8630-4aec7b2adf2e/in_use.lock acquired by nodename 21128@pr-hdds-1868-7bj8h-208101609
2019-10-15 00:58:17,895 [IPC Server handler 2 on 36625] INFO  net.NetworkTopology (NetworkTopologyImpl.java:add(111)) - Added a new node: /default-rack/3f7df7da-b219-487f-8006-3cfb850b729b
2019-10-15 00:58:17,895 [IPC Server handler 2 on 36625] INFO  node.SCMNodeManager (SCMNodeManager.java:register(268)) - Registered Data node : 3f7df7da-b219-487f-8006-3cfb850b729b{ip: 192.168.164.218, host: pr-hdds-1868-7bj8h-208101609, networkLocation: /default-rack, certSerialId: null}
2019-10-15 00:58:17,900 [pool-393-thread-1] INFO  storage.RaftStorage (RaftStorage.java:format(84)) - Storage directory /workdir/hadoop-ozone/integration-test/target/test-dir/MiniOzoneClusterImpl-5d82b4cd-4e47-4b06-a8d5-8585c925b255/datanode-1/data/ratis/6b6f02d5-c41c-4aaf-8630-4aec7b2adf2e has been successfully formatted.
2019-10-15 00:58:17,901 [pool-393-thread-1] INFO  ratis.ContainerStateMachine (ContainerStateMachine.java:loadSnapshot(233)) - group-4AEC7B2ADF2E: The snapshot info is null. Setting the last applied indexto:(t:0, i:~)
2019-10-15 00:58:17,901 [pool-393-thread-1] INFO  server.RaftServerConfigKeys (ConfUtils.java:logGet(43)) - raft.server.notification.no-leader.timeout = 120s (custom)
2019-10-15 00:58:17,901 [pool-393-thread-1] INFO  server.RaftServerConfigKeys (ConfUtils.java:logGet(43)) - raft.server.log.use.memory = false (default)
2019-10-15 00:58:17,901 [pool-393-thread-1] INFO  server.RaftServerConfigKeys (ConfUtils.java:logGet(43)) - raft.server.log.purge.gap = 1000000 (custom)
2019-10-15 00:58:17,902 [pool-393-thread-1] INFO  server.RaftServerConfigKeys (ConfUtils.java:logGet(43)) - raft.server.log.appender.buffer.byte-limit = 33554432 (custom)
2019-10-15 00:58:17,902 [pool-393-thread-1] INFO  server.RaftServerConfigKeys (ConfUtils.java:logGet(43)) - raft.server.log.segment.size.max = 1048576 (custom)
2019-10-15 00:58:17,905 [pool-393-thread-1] INFO  server.RaftServerConfigKeys (ConfUtils.java:logGet(43)) - raft.server.log.segment.cache.num.max = 2 (custom)
2019-10-15 00:58:17,905 [pool-393-thread-1] INFO  segmented.SegmentedRaftLogWorker (SegmentedRaftLogWorker.java:<init>(173)) - new f8529145-e696-4a90-8b47-2b96a6036656@group-4AEC7B2ADF2E-SegmentedRaftLogWorker for RaftStorage:Storage Directory /workdir/hadoop-ozone/integration-test/target/test-dir/MiniOzoneClusterImpl-5d82b4cd-4e47-4b06-a8d5-8585c925b255/datanode-1/data/ratis/6b6f02d5-c41c-4aaf-8630-4aec7b2adf2e
2019-10-15 00:58:17,905 [pool-393-thread-1] INFO  server.RaftServerConfigKeys (ConfUtils.java:logGet(43)) - raft.server.log.queue.byte-limit = 2147483647 (custom)
2019-10-15 00:58:17,906 [pool-393-thread-1] INFO  server.RaftServerConfigKeys (ConfUtils.java:logGet(43)) - raft.server.log.queue.element-limit = 1024 (custom)
2019-10-15 00:58:17,906 [pool-393-thread-1] INFO  server.RaftServerConfigKeys (ConfUtils.java:logGet(43)) - raft.server.log.segment.size.max = 1048576 (custom)
2019-10-15 00:58:17,906 [pool-393-thread-1] INFO  server.RaftServerConfigKeys (ConfUtils.java:logGet(43)) - raft.server.log.preallocated.size = 16384 (custom)
2019-10-15 00:58:17,906 [pool-393-thread-1] INFO  server.RaftServerConfigKeys (ConfUtils.java:logGet(43)) - raft.server.log.write.buffer.size = 33554432 (custom)
2019-10-15 00:58:17,906 [pool-393-thread-1] INFO  server.RaftServerConfigKeys (ConfUtils.java:logGet(43)) - raft.server.log.force.sync.num = 128 (default)
2019-10-15 00:58:17,907 [pool-393-thread-1] INFO  server.RaftServerConfigKeys (ConfUtils.java:logGet(43)) - raft.server.log.statemachine.data.sync = true (default)
2019-10-15 00:58:17,907 [pool-393-thread-1] INFO  server.RaftServerConfigKeys (ConfUtils.java:logGet(43)) - raft.server.log.statemachine.data.sync.timeout = 10s (default)
2019-10-15 00:58:17,907 [pool-393-thread-1] INFO  server.RaftServerConfigKeys (ConfUtils.java:logGet(43)) - raft.server.log.statemachine.data.sync.timeout.retry = -1 (default)
2019-10-15 00:58:17,908 [pool-393-thread-1] INFO  server.RaftServerConfigKeys (ConfUtils.java:logGet(43)) - raft.server.log.statemachine.data.caching.enabled = true (custom)
2019-10-15 00:58:17,908 [pool-393-thread-1] INFO  segmented.SegmentedRaftLogWorker (SegmentedRaftLogWorker.java:lambda$new$0(128)) - f8529145-e696-4a90-8b47-2b96a6036656@group-4AEC7B2ADF2E-SegmentedRaftLogWorker: flushIndex: setUnconditionally 0 -> -1
2019-10-15 00:58:17,909 [pool-393-thread-1] INFO  server.RaftServerConfigKeys (ConfUtils.java:logGet(43)) - raft.server.snapshot.auto.trigger.enabled = true (custom)
2019-10-15 00:58:17,909 [pool-393-thread-1] INFO  server.RaftServerConfigKeys (ConfUtils.java:logGet(43)) - raft.server.snapshot.auto.trigger.threshold = 10000 (custom)
2019-10-15 00:58:17,909 [pool-393-thread-1] INFO  server.RaftServerConfigKeys (ConfUtils.java:logGet(43)) - raft.server.snapshot.retention.file.num = 5 (custom)
2019-10-15 00:58:17,909 [pool-393-thread-1] INFO  server.RaftServerConfigKeys (ConfUtils.java:logGet(43)) - raft.server.retrycache.expirytime = 600000ms (custom)
2019-10-15 00:58:17,912 [pool-393-thread-1] INFO  impl.RaftServerImpl (RaftServerImpl.java:start(181)) - f8529145-e696-4a90-8b47-2b96a6036656@group-4AEC7B2ADF2E: start as a follower, conf=-1: [f8529145-e696-4a90-8b47-2b96a6036656:192.168.164.218:38812], old=null
2019-10-15 00:58:17,912 [pool-393-thread-1] INFO  impl.RaftServerImpl (RaftServerImpl.java:setRole(170)) - f8529145-e696-4a90-8b47-2b96a6036656@group-4AEC7B2ADF2E: changes role from      null to FOLLOWER at term 0 for startAsFollower
2019-10-15 00:58:17,912 [pool-393-thread-1] INFO  impl.RoleInfo (RoleInfo.java:updateAndGet(143)) - f8529145-e696-4a90-8b47-2b96a6036656: start FollowerState
2019-10-15 00:58:17,913 [pool-393-thread-1] INFO  util.JmxRegister (JmxRegister.java:tryRegister(44)) - Successfully registered JMX Bean with object name Ratis:service=RaftServer,group=group-4AEC7B2ADF2E,id=f8529145-e696-4a90-8b47-2b96a6036656
2019-10-15 00:58:17,918 [RatisPipelineUtilsThread] INFO  pipeline.PipelineStateManager (PipelineStateManager.java:addPipeline(57)) - Created pipeline Pipeline[ Id: 6b6f02d5-c41c-4aaf-8630-4aec7b2adf2e, Nodes: f8529145-e696-4a90-8b47-2b96a6036656{ip: 192.168.164.218, host: pr-hdds-1868-7bj8h-208101609, networkLocation: /default-rack, certSerialId: null}, Type:RATIS, Factor:ONE, State:ALLOCATED]
2019-10-15 00:58:17,926 [grpc-default-executor-2] INFO  impl.RaftServerProxy (RaftServerProxy.java:addNew(89)) - 3f7df7da-b219-487f-8006-3cfb850b729b: addNew group-0F4FC6C446A6:[3f7df7da-b219-487f-8006-3cfb850b729b:192.168.164.218:34625] returns group-0F4FC6C446A6:java.util.concurrent.CompletableFuture@2663b597[Not completed]
2019-10-15 00:58:17,927 [pool-403-thread-1] INFO  impl.RaftServerImpl (RaftServerImpl.java:<init>(95)) - 3f7df7da-b219-487f-8006-3cfb850b729b: new RaftServerImpl for group-0F4FC6C446A6:[3f7df7da-b219-487f-8006-3cfb850b729b:192.168.164.218:34625] with ContainerStateMachine:uninitialized
2019-10-15 00:58:17,927 [pool-403-thread-1] INFO  server.RaftServerConfigKeys (ConfUtils.java:logGet(43)) - raft.server.rpc.timeout.min = 5s (custom)
2019-10-15 00:58:17,928 [pool-403-thread-1] INFO  server.RaftServerConfigKeys (ConfUtils.java:logGet(43)) - raft.server.rpc.timeout.max = 5200ms (custom)
2019-10-15 00:58:17,928 [pool-403-thread-1] INFO  server.RaftServerConfigKeys (ConfUtils.java:logGet(43)) - raft.server.rpcslowness.timeout = 120s (custom)
2019-10-15 00:58:17,928 [pool-403-thread-1] INFO  server.RaftServerConfigKeys (ConfUtils.java:logGet(43)) - raft.server.sleep.deviation.threshold = 300 (default)
2019-10-15 00:58:17,928 [pool-403-thread-1] INFO  server.RaftServerConfigKeys (ConfUtils.java:logGet(43)) - raft.server.log.appender.install.snapshot.enabled = false (custom)
2019-10-15 00:58:17,928 [pool-403-thread-1] INFO  impl.RaftServerImpl (ServerState.java:<init>(103)) - 3f7df7da-b219-487f-8006-3cfb850b729b@group-0F4FC6C446A6: ConfigurationManager, init=-1: [3f7df7da-b219-487f-8006-3cfb850b729b:192.168.164.218:34625], old=null, confs=<EMPTY_MAP>
2019-10-15 00:58:17,928 [pool-403-thread-1] INFO  server.RaftServerConfigKeys (ConfUtils.java:logGet(43)) - raft.server.storage.dir = [/workdir/hadoop-ozone/integration-test/target/test-dir/MiniOzoneClusterImpl-5d82b4cd-4e47-4b06-a8d5-8585c925b255/datanode-2/data/ratis] (custom)
2019-10-15 00:58:17,929 [pool-403-thread-1] INFO  server.RaftServerConfigKeys (ConfUtils.java:logGet(43)) - raft.server.log.corruption.policy = EXCEPTION (default)
2019-10-15 00:58:17,929 [pool-403-thread-1] INFO  storage.RaftStorageDirectory (RaftStorageDirectory.java:analyzeStorage(246)) - The storage directory /workdir/hadoop-ozone/integration-test/target/test-dir/MiniOzoneClusterImpl-5d82b4cd-4e47-4b06-a8d5-8585c925b255/datanode-2/data/ratis/c3f35ea3-86c9-4c6c-8cc4-0f4fc6c446a6 does not exist. Creating ...
2019-10-15 00:58:17,951 [pool-403-thread-1] INFO  storage.RaftStorageDirectory (RaftStorageDirectory.java:tryLock(328)) - Lock on /workdir/hadoop-ozone/integration-test/target/test-dir/MiniOzoneClusterImpl-5d82b4cd-4e47-4b06-a8d5-8585c925b255/datanode-2/data/ratis/c3f35ea3-86c9-4c6c-8cc4-0f4fc6c446a6/in_use.lock acquired by nodename 21128@pr-hdds-1868-7bj8h-208101609
2019-10-15 00:58:17,974 [pool-403-thread-1] INFO  storage.RaftStorage (RaftStorage.java:format(84)) - Storage directory /workdir/hadoop-ozone/integration-test/target/test-dir/MiniOzoneClusterImpl-5d82b4cd-4e47-4b06-a8d5-8585c925b255/datanode-2/data/ratis/c3f35ea3-86c9-4c6c-8cc4-0f4fc6c446a6 has been successfully formatted.
2019-10-15 00:58:17,975 [pool-403-thread-1] INFO  ratis.ContainerStateMachine (ContainerStateMachine.java:loadSnapshot(233)) - group-0F4FC6C446A6: The snapshot info is null. Setting the last applied indexto:(t:0, i:~)
2019-10-15 00:58:17,975 [pool-403-thread-1] INFO  server.RaftServerConfigKeys (ConfUtils.java:logGet(43)) - raft.server.notification.no-leader.timeout = 120s (custom)
2019-10-15 00:58:17,975 [pool-403-thread-1] INFO  server.RaftServerConfigKeys (ConfUtils.java:logGet(43)) - raft.server.log.use.memory = false (default)
2019-10-15 00:58:17,976 [pool-403-thread-1] INFO  server.RaftServerConfigKeys (ConfUtils.java:logGet(43)) - raft.server.log.purge.gap = 1000000 (custom)
2019-10-15 00:58:17,976 [pool-403-thread-1] INFO  server.RaftServerConfigKeys (ConfUtils.java:logGet(43)) - raft.server.log.appender.buffer.byte-limit = 33554432 (custom)
2019-10-15 00:58:17,976 [pool-403-thread-1] INFO  server.RaftServerConfigKeys (ConfUtils.java:logGet(43)) - raft.server.log.segment.size.max = 1048576 (custom)
2019-10-15 00:58:17,977 [IPC Server handler 3 on 36625] INFO  net.NetworkTopology (NetworkTopologyImpl.java:add(111)) - Added a new node: /default-rack/5370a49f-0488-4254-b182-627088936824
2019-10-15 00:58:17,978 [IPC Server handler 3 on 36625] INFO  node.SCMNodeManager (SCMNodeManager.java:register(268)) - Registered Data node : 5370a49f-0488-4254-b182-627088936824{ip: 192.168.164.218, host: pr-hdds-1868-7bj8h-208101609, networkLocation: /default-rack, certSerialId: null}
2019-10-15 00:58:17,978 [pool-403-thread-1] INFO  server.RaftServerConfigKeys (ConfUtils.java:logGet(43)) - raft.server.log.segment.cache.num.max = 2 (custom)
2019-10-15 00:58:17,979 [pool-403-thread-1] INFO  segmented.SegmentedRaftLogWorker (SegmentedRaftLogWorker.java:<init>(173)) - new 3f7df7da-b219-487f-8006-3cfb850b729b@group-0F4FC6C446A6-SegmentedRaftLogWorker for RaftStorage:Storage Directory /workdir/hadoop-ozone/integration-test/target/test-dir/MiniOzoneClusterImpl-5d82b4cd-4e47-4b06-a8d5-8585c925b255/datanode-2/data/ratis/c3f35ea3-86c9-4c6c-8cc4-0f4fc6c446a6
2019-10-15 00:58:17,979 [pool-403-thread-1] INFO  server.RaftServerConfigKeys (ConfUtils.java:logGet(43)) - raft.server.log.queue.byte-limit = 2147483647 (custom)
2019-10-15 00:58:17,979 [pool-403-thread-1] INFO  server.RaftServerConfigKeys (ConfUtils.java:logGet(43)) - raft.server.log.queue.element-limit = 1024 (custom)
2019-10-15 00:58:17,979 [pool-403-thread-1] INFO  server.RaftServerConfigKeys (ConfUtils.java:logGet(43)) - raft.server.log.segment.size.max = 1048576 (custom)
2019-10-15 00:58:17,979 [pool-403-thread-1] INFO  server.RaftServerConfigKeys (ConfUtils.java:logGet(43)) - raft.server.log.preallocated.size = 16384 (custom)
2019-10-15 00:58:17,979 [pool-403-thread-1] INFO  server.RaftServerConfigKeys (ConfUtils.java:logGet(43)) - raft.server.log.write.buffer.size = 33554432 (custom)
2019-10-15 00:58:17,979 [pool-403-thread-1] INFO  server.RaftServerConfigKeys (ConfUtils.java:logGet(43)) - raft.server.log.force.sync.num = 128 (default)
2019-10-15 00:58:17,980 [pool-403-thread-1] INFO  server.RaftServerConfigKeys (ConfUtils.java:logGet(43)) - raft.server.log.statemachine.data.sync = true (default)
2019-10-15 00:58:17,980 [pool-403-thread-1] INFO  server.RaftServerConfigKeys (ConfUtils.java:logGet(43)) - raft.server.log.statemachine.data.sync.timeout = 10s (default)
2019-10-15 00:58:17,980 [pool-403-thread-1] INFO  server.RaftServerConfigKeys (ConfUtils.java:logGet(43)) - raft.server.log.statemachine.data.sync.timeout.retry = -1 (default)
2019-10-15 00:58:17,980 [pool-403-thread-1] INFO  server.RaftServerConfigKeys (ConfUtils.java:logGet(43)) - raft.server.log.statemachine.data.caching.enabled = true (custom)
2019-10-15 00:58:17,981 [pool-403-thread-1] INFO  segmented.SegmentedRaftLogWorker (SegmentedRaftLogWorker.java:lambda$new$0(128)) - 3f7df7da-b219-487f-8006-3cfb850b729b@group-0F4FC6C446A6-SegmentedRaftLogWorker: flushIndex: setUnconditionally 0 -> -1
2019-10-15 00:58:17,981 [pool-403-thread-1] INFO  server.RaftServerConfigKeys (ConfUtils.java:logGet(43)) - raft.server.snapshot.auto.trigger.enabled = true (custom)
2019-10-15 00:58:17,981 [pool-403-thread-1] INFO  server.RaftServerConfigKeys (ConfUtils.java:logGet(43)) - raft.server.snapshot.auto.trigger.threshold = 10000 (custom)
2019-10-15 00:58:17,981 [pool-403-thread-1] INFO  server.RaftServerConfigKeys (ConfUtils.java:logGet(43)) - raft.server.snapshot.retention.file.num = 5 (custom)
2019-10-15 00:58:17,981 [pool-403-thread-1] INFO  server.RaftServerConfigKeys (ConfUtils.java:logGet(43)) - raft.server.retrycache.expirytime = 600000ms (custom)
2019-10-15 00:58:17,984 [pool-403-thread-1] INFO  impl.RaftServerImpl (RaftServerImpl.java:start(181)) - 3f7df7da-b219-487f-8006-3cfb850b729b@group-0F4FC6C446A6: start as a follower, conf=-1: [3f7df7da-b219-487f-8006-3cfb850b729b:192.168.164.218:34625], old=null
2019-10-15 00:58:17,984 [pool-403-thread-1] INFO  impl.RaftServerImpl (RaftServerImpl.java:setRole(170)) - 3f7df7da-b219-487f-8006-3cfb850b729b@group-0F4FC6C446A6: changes role from      null to FOLLOWER at term 0 for startAsFollower
2019-10-15 00:58:17,984 [pool-403-thread-1] INFO  impl.RoleInfo (RoleInfo.java:updateAndGet(143)) - 3f7df7da-b219-487f-8006-3cfb850b729b: start FollowerState
2019-10-15 00:58:17,984 [pool-403-thread-1] INFO  util.JmxRegister (JmxRegister.java:tryRegister(44)) - Successfully registered JMX Bean with object name Ratis:service=RaftServer,group=group-0F4FC6C446A6,id=3f7df7da-b219-487f-8006-3cfb850b729b
2019-10-15 00:58:17,989 [RatisPipelineUtilsThread] INFO  pipeline.PipelineStateManager (PipelineStateManager.java:addPipeline(57)) - Created pipeline Pipeline[ Id: c3f35ea3-86c9-4c6c-8cc4-0f4fc6c446a6, Nodes: 3f7df7da-b219-487f-8006-3cfb850b729b{ip: 192.168.164.218, host: pr-hdds-1868-7bj8h-208101609, networkLocation: /default-rack, certSerialId: null}, Type:RATIS, Factor:ONE, State:ALLOCATED]
2019-10-15 00:58:17,997 [grpc-default-executor-2] INFO  impl.RaftServerProxy (RaftServerProxy.java:addNew(89)) - 5370a49f-0488-4254-b182-627088936824: addNew group-78E023339E60:[5370a49f-0488-4254-b182-627088936824:192.168.164.218:34405] returns group-78E023339E60:java.util.concurrent.CompletableFuture@37d09ef6[Not completed]
2019-10-15 00:58:17,998 [pool-413-thread-1] INFO  impl.RaftServerImpl (RaftServerImpl.java:<init>(95)) - 5370a49f-0488-4254-b182-627088936824: new RaftServerImpl for group-78E023339E60:[5370a49f-0488-4254-b182-627088936824:192.168.164.218:34405] with ContainerStateMachine:uninitialized
2019-10-15 00:58:17,998 [pool-413-thread-1] INFO  server.RaftServerConfigKeys (ConfUtils.java:logGet(43)) - raft.server.rpc.timeout.min = 5s (custom)
2019-10-15 00:58:17,998 [pool-413-thread-1] INFO  server.RaftServerConfigKeys (ConfUtils.java:logGet(43)) - raft.server.rpc.timeout.max = 5200ms (custom)
2019-10-15 00:58:17,999 [pool-413-thread-1] INFO  server.RaftServerConfigKeys (ConfUtils.java:logGet(43)) - raft.server.rpcslowness.timeout = 120s (custom)
2019-10-15 00:58:17,999 [pool-413-thread-1] INFO  server.RaftServerConfigKeys (ConfUtils.java:logGet(43)) - raft.server.sleep.deviation.threshold = 300 (default)
2019-10-15 00:58:17,999 [pool-413-thread-1] INFO  server.RaftServerConfigKeys (ConfUtils.java:logGet(43)) - raft.server.log.appender.install.snapshot.enabled = false (custom)
2019-10-15 00:58:17,999 [pool-413-thread-1] INFO  impl.RaftServerImpl (ServerState.java:<init>(103)) - 5370a49f-0488-4254-b182-627088936824@group-78E023339E60: ConfigurationManager, init=-1: [5370a49f-0488-4254-b182-627088936824:192.168.164.218:34405], old=null, confs=<EMPTY_MAP>
2019-10-15 00:58:17,999 [pool-413-thread-1] INFO  server.RaftServerConfigKeys (ConfUtils.java:logGet(43)) - raft.server.storage.dir = [/workdir/hadoop-ozone/integration-test/target/test-dir/MiniOzoneClusterImpl-5d82b4cd-4e47-4b06-a8d5-8585c925b255/datanode-3/data/ratis] (custom)
2019-10-15 00:58:18,000 [pool-413-thread-1] INFO  server.RaftServerConfigKeys (ConfUtils.java:logGet(43)) - raft.server.log.corruption.policy = EXCEPTION (default)
2019-10-15 00:58:18,000 [pool-413-thread-1] INFO  storage.RaftStorageDirectory (RaftStorageDirectory.java:analyzeStorage(246)) - The storage directory /workdir/hadoop-ozone/integration-test/target/test-dir/MiniOzoneClusterImpl-5d82b4cd-4e47-4b06-a8d5-8585c925b255/datanode-3/data/ratis/c92db8ac-171d-45a6-8c2b-78e023339e60 does not exist. Creating ...
2019-10-15 00:58:18,021 [pool-413-thread-1] INFO  storage.RaftStorageDirectory (RaftStorageDirectory.java:tryLock(328)) - Lock on /workdir/hadoop-ozone/integration-test/target/test-dir/MiniOzoneClusterImpl-5d82b4cd-4e47-4b06-a8d5-8585c925b255/datanode-3/data/ratis/c92db8ac-171d-45a6-8c2b-78e023339e60/in_use.lock acquired by nodename 21128@pr-hdds-1868-7bj8h-208101609
2019-10-15 00:58:18,051 [IPC Server handler 4 on 36625] INFO  net.NetworkTopology (NetworkTopologyImpl.java:add(111)) - Added a new node: /default-rack/a195247f-068a-4b76-a937-2df84190de26
2019-10-15 00:58:18,051 [IPC Server handler 4 on 36625] INFO  node.SCMNodeManager (SCMNodeManager.java:register(268)) - Registered Data node : a195247f-068a-4b76-a937-2df84190de26{ip: 192.168.164.218, host: pr-hdds-1868-7bj8h-208101609, networkLocation: /default-rack, certSerialId: null}
2019-10-15 00:58:18,058 [pool-413-thread-1] INFO  storage.RaftStorage (RaftStorage.java:format(84)) - Storage directory /workdir/hadoop-ozone/integration-test/target/test-dir/MiniOzoneClusterImpl-5d82b4cd-4e47-4b06-a8d5-8585c925b255/datanode-3/data/ratis/c92db8ac-171d-45a6-8c2b-78e023339e60 has been successfully formatted.
2019-10-15 00:58:18,058 [pool-413-thread-1] INFO  ratis.ContainerStateMachine (ContainerStateMachine.java:loadSnapshot(233)) - group-78E023339E60: The snapshot info is null. Setting the last applied indexto:(t:0, i:~)
2019-10-15 00:58:18,058 [pool-413-thread-1] INFO  server.RaftServerConfigKeys (ConfUtils.java:logGet(43)) - raft.server.notification.no-leader.timeout = 120s (custom)
2019-10-15 00:58:18,058 [pool-413-thread-1] INFO  server.RaftServerConfigKeys (ConfUtils.java:logGet(43)) - raft.server.log.use.memory = false (default)
2019-10-15 00:58:18,058 [pool-413-thread-1] INFO  server.RaftServerConfigKeys (ConfUtils.java:logGet(43)) - raft.server.log.purge.gap = 1000000 (custom)
2019-10-15 00:58:18,058 [pool-413-thread-1] INFO  server.RaftServerConfigKeys (ConfUtils.java:logGet(43)) - raft.server.log.appender.buffer.byte-limit = 33554432 (custom)
2019-10-15 00:58:18,059 [pool-413-thread-1] INFO  server.RaftServerConfigKeys (ConfUtils.java:logGet(43)) - raft.server.log.segment.size.max = 1048576 (custom)
2019-10-15 00:58:18,060 [pool-413-thread-1] INFO  server.RaftServerConfigKeys (ConfUtils.java:logGet(43)) - raft.server.log.segment.cache.num.max = 2 (custom)
2019-10-15 00:58:18,060 [pool-413-thread-1] INFO  segmented.SegmentedRaftLogWorker (SegmentedRaftLogWorker.java:<init>(173)) - new 5370a49f-0488-4254-b182-627088936824@group-78E023339E60-SegmentedRaftLogWorker for RaftStorage:Storage Directory /workdir/hadoop-ozone/integration-test/target/test-dir/MiniOzoneClusterImpl-5d82b4cd-4e47-4b06-a8d5-8585c925b255/datanode-3/data/ratis/c92db8ac-171d-45a6-8c2b-78e023339e60
2019-10-15 00:58:18,060 [pool-413-thread-1] INFO  server.RaftServerConfigKeys (ConfUtils.java:logGet(43)) - raft.server.log.queue.byte-limit = 2147483647 (custom)
2019-10-15 00:58:18,060 [pool-413-thread-1] INFO  server.RaftServerConfigKeys (ConfUtils.java:logGet(43)) - raft.server.log.queue.element-limit = 1024 (custom)
2019-10-15 00:58:18,060 [pool-413-thread-1] INFO  server.RaftServerConfigKeys (ConfUtils.java:logGet(43)) - raft.server.log.segment.size.max = 1048576 (custom)
2019-10-15 00:58:18,061 [pool-413-thread-1] INFO  server.RaftServerConfigKeys (ConfUtils.java:logGet(43)) - raft.server.log.preallocated.size = 16384 (custom)
2019-10-15 00:58:18,061 [pool-413-thread-1] INFO  server.RaftServerConfigKeys (ConfUtils.java:logGet(43)) - raft.server.log.write.buffer.size = 33554432 (custom)
2019-10-15 00:58:18,061 [pool-413-thread-1] INFO  server.RaftServerConfigKeys (ConfUtils.java:logGet(43)) - raft.server.log.force.sync.num = 128 (default)
2019-10-15 00:58:18,061 [pool-413-thread-1] INFO  server.RaftServerConfigKeys (ConfUtils.java:logGet(43)) - raft.server.log.statemachine.data.sync = true (default)
2019-10-15 00:58:18,061 [pool-413-thread-1] INFO  server.RaftServerConfigKeys (ConfUtils.java:logGet(43)) - raft.server.log.statemachine.data.sync.timeout = 10s (default)
2019-10-15 00:58:18,061 [pool-413-thread-1] INFO  server.RaftServerConfigKeys (ConfUtils.java:logGet(43)) - raft.server.log.statemachine.data.sync.timeout.retry = -1 (default)
2019-10-15 00:58:18,061 [pool-413-thread-1] INFO  server.RaftServerConfigKeys (ConfUtils.java:logGet(43)) - raft.server.log.statemachine.data.caching.enabled = true (custom)
2019-10-15 00:58:18,061 [pool-413-thread-1] INFO  segmented.SegmentedRaftLogWorker (SegmentedRaftLogWorker.java:lambda$new$0(128)) - 5370a49f-0488-4254-b182-627088936824@group-78E023339E60-SegmentedRaftLogWorker: flushIndex: setUnconditionally 0 -> -1
2019-10-15 00:58:18,062 [pool-413-thread-1] INFO  server.RaftServerConfigKeys (ConfUtils.java:logGet(43)) - raft.server.snapshot.auto.trigger.enabled = true (custom)
2019-10-15 00:58:18,062 [pool-413-thread-1] INFO  server.RaftServerConfigKeys (ConfUtils.java:logGet(43)) - raft.server.snapshot.auto.trigger.threshold = 10000 (custom)
2019-10-15 00:58:18,062 [pool-413-thread-1] INFO  server.RaftServerConfigKeys (ConfUtils.java:logGet(43)) - raft.server.snapshot.retention.file.num = 5 (custom)
2019-10-15 00:58:18,062 [pool-413-thread-1] INFO  server.RaftServerConfigKeys (ConfUtils.java:logGet(43)) - raft.server.retrycache.expirytime = 600000ms (custom)
2019-10-15 00:58:18,063 [pool-413-thread-1] INFO  impl.RaftServerImpl (RaftServerImpl.java:start(181)) - 5370a49f-0488-4254-b182-627088936824@group-78E023339E60: start as a follower, conf=-1: [5370a49f-0488-4254-b182-627088936824:192.168.164.218:34405], old=null
2019-10-15 00:58:18,063 [pool-413-thread-1] INFO  impl.RaftServerImpl (RaftServerImpl.java:setRole(170)) - 5370a49f-0488-4254-b182-627088936824@group-78E023339E60: changes role from      null to FOLLOWER at term 0 for startAsFollower
2019-10-15 00:58:18,063 [pool-413-thread-1] INFO  impl.RoleInfo (RoleInfo.java:updateAndGet(143)) - 5370a49f-0488-4254-b182-627088936824: start FollowerState
2019-10-15 00:58:18,064 [pool-413-thread-1] INFO  util.JmxRegister (JmxRegister.java:tryRegister(44)) - Successfully registered JMX Bean with object name Ratis:service=RaftServer,group=group-78E023339E60,id=5370a49f-0488-4254-b182-627088936824
2019-10-15 00:58:18,067 [RatisPipelineUtilsThread] INFO  pipeline.PipelineStateManager (PipelineStateManager.java:addPipeline(57)) - Created pipeline Pipeline[ Id: c92db8ac-171d-45a6-8c2b-78e023339e60, Nodes: 5370a49f-0488-4254-b182-627088936824{ip: 192.168.164.218, host: pr-hdds-1868-7bj8h-208101609, networkLocation: /default-rack, certSerialId: null}, Type:RATIS, Factor:ONE, State:ALLOCATED]
2019-10-15 00:58:18,075 [grpc-default-executor-2] INFO  impl.RaftServerProxy (RaftServerProxy.java:addNew(89)) - a195247f-068a-4b76-a937-2df84190de26: addNew group-FACAB69D063D:[a195247f-068a-4b76-a937-2df84190de26:192.168.164.218:44926] returns group-FACAB69D063D:java.util.concurrent.CompletableFuture@7acd25e3[Not completed]
2019-10-15 00:58:18,076 [pool-423-thread-1] INFO  impl.RaftServerImpl (RaftServerImpl.java:<init>(95)) - a195247f-068a-4b76-a937-2df84190de26: new RaftServerImpl for group-FACAB69D063D:[a195247f-068a-4b76-a937-2df84190de26:192.168.164.218:44926] with ContainerStateMachine:uninitialized
2019-10-15 00:58:18,077 [pool-423-thread-1] INFO  server.RaftServerConfigKeys (ConfUtils.java:logGet(43)) - raft.server.rpc.timeout.min = 5s (custom)
2019-10-15 00:58:18,077 [pool-423-thread-1] INFO  server.RaftServerConfigKeys (ConfUtils.java:logGet(43)) - raft.server.rpc.timeout.max = 5200ms (custom)
2019-10-15 00:58:18,077 [pool-423-thread-1] INFO  server.RaftServerConfigKeys (ConfUtils.java:logGet(43)) - raft.server.rpcslowness.timeout = 120s (custom)
2019-10-15 00:58:18,077 [pool-423-thread-1] INFO  server.RaftServerConfigKeys (ConfUtils.java:logGet(43)) - raft.server.sleep.deviation.threshold = 300 (default)
2019-10-15 00:58:18,077 [pool-423-thread-1] INFO  server.RaftServerConfigKeys (ConfUtils.java:logGet(43)) - raft.server.log.appender.install.snapshot.enabled = false (custom)
2019-10-15 00:58:18,077 [pool-423-thread-1] INFO  impl.RaftServerImpl (ServerState.java:<init>(103)) - a195247f-068a-4b76-a937-2df84190de26@group-FACAB69D063D: ConfigurationManager, init=-1: [a195247f-068a-4b76-a937-2df84190de26:192.168.164.218:44926], old=null, confs=<EMPTY_MAP>
2019-10-15 00:58:18,077 [pool-423-thread-1] INFO  server.RaftServerConfigKeys (ConfUtils.java:logGet(43)) - raft.server.storage.dir = [/workdir/hadoop-ozone/integration-test/target/test-dir/MiniOzoneClusterImpl-5d82b4cd-4e47-4b06-a8d5-8585c925b255/datanode-4/data/ratis] (custom)
2019-10-15 00:58:18,078 [pool-423-thread-1] INFO  server.RaftServerConfigKeys (ConfUtils.java:logGet(43)) - raft.server.log.corruption.policy = EXCEPTION (default)
2019-10-15 00:58:18,078 [pool-423-thread-1] INFO  storage.RaftStorageDirectory (RaftStorageDirectory.java:analyzeStorage(246)) - The storage directory /workdir/hadoop-ozone/integration-test/target/test-dir/MiniOzoneClusterImpl-5d82b4cd-4e47-4b06-a8d5-8585c925b255/datanode-4/data/ratis/ede533ae-3d62-4251-b839-facab69d063d does not exist. Creating ...
2019-10-15 00:58:18,100 [pool-423-thread-1] INFO  storage.RaftStorageDirectory (RaftStorageDirectory.java:tryLock(328)) - Lock on /workdir/hadoop-ozone/integration-test/target/test-dir/MiniOzoneClusterImpl-5d82b4cd-4e47-4b06-a8d5-8585c925b255/datanode-4/data/ratis/ede533ae-3d62-4251-b839-facab69d063d/in_use.lock acquired by nodename 21128@pr-hdds-1868-7bj8h-208101609
2019-10-15 00:58:18,121 [IPC Server handler 5 on 36625] INFO  net.NetworkTopology (NetworkTopologyImpl.java:add(111)) - Added a new node: /default-rack/6f2fd86e-288d-46f4-8189-7559bb792ffd
2019-10-15 00:58:18,121 [IPC Server handler 5 on 36625] INFO  node.SCMNodeManager (SCMNodeManager.java:register(268)) - Registered Data node : 6f2fd86e-288d-46f4-8189-7559bb792ffd{ip: 192.168.164.218, host: pr-hdds-1868-7bj8h-208101609, networkLocation: /default-rack, certSerialId: null}
2019-10-15 00:58:18,125 [pool-423-thread-1] INFO  storage.RaftStorage (RaftStorage.java:format(84)) - Storage directory /workdir/hadoop-ozone/integration-test/target/test-dir/MiniOzoneClusterImpl-5d82b4cd-4e47-4b06-a8d5-8585c925b255/datanode-4/data/ratis/ede533ae-3d62-4251-b839-facab69d063d has been successfully formatted.
2019-10-15 00:58:18,126 [pool-423-thread-1] INFO  ratis.ContainerStateMachine (ContainerStateMachine.java:loadSnapshot(233)) - group-FACAB69D063D: The snapshot info is null. Setting the last applied indexto:(t:0, i:~)
2019-10-15 00:58:18,126 [pool-423-thread-1] INFO  server.RaftServerConfigKeys (ConfUtils.java:logGet(43)) - raft.server.notification.no-leader.timeout = 120s (custom)
2019-10-15 00:58:18,126 [pool-423-thread-1] INFO  server.RaftServerConfigKeys (ConfUtils.java:logGet(43)) - raft.server.log.use.memory = false (default)
2019-10-15 00:58:18,126 [pool-423-thread-1] INFO  server.RaftServerConfigKeys (ConfUtils.java:logGet(43)) - raft.server.log.purge.gap = 1000000 (custom)
2019-10-15 00:58:18,126 [pool-423-thread-1] INFO  server.RaftServerConfigKeys (ConfUtils.java:logGet(43)) - raft.server.log.appender.buffer.byte-limit = 33554432 (custom)
2019-10-15 00:58:18,126 [pool-423-thread-1] INFO  server.RaftServerConfigKeys (ConfUtils.java:logGet(43)) - raft.server.log.segment.size.max = 1048576 (custom)
2019-10-15 00:58:18,128 [pool-423-thread-1] INFO  server.RaftServerConfigKeys (ConfUtils.java:logGet(43)) - raft.server.log.segment.cache.num.max = 2 (custom)
2019-10-15 00:58:18,128 [pool-423-thread-1] INFO  segmented.SegmentedRaftLogWorker (SegmentedRaftLogWorker.java:<init>(173)) - new a195247f-068a-4b76-a937-2df84190de26@group-FACAB69D063D-SegmentedRaftLogWorker for RaftStorage:Storage Directory /workdir/hadoop-ozone/integration-test/target/test-dir/MiniOzoneClusterImpl-5d82b4cd-4e47-4b06-a8d5-8585c925b255/datanode-4/data/ratis/ede533ae-3d62-4251-b839-facab69d063d
2019-10-15 00:58:18,128 [pool-423-thread-1] INFO  server.RaftServerConfigKeys (ConfUtils.java:logGet(43)) - raft.server.log.queue.byte-limit = 2147483647 (custom)
2019-10-15 00:58:18,128 [pool-423-thread-1] INFO  server.RaftServerConfigKeys (ConfUtils.java:logGet(43)) - raft.server.log.queue.element-limit = 1024 (custom)
2019-10-15 00:58:18,129 [pool-423-thread-1] INFO  server.RaftServerConfigKeys (ConfUtils.java:logGet(43)) - raft.server.log.segment.size.max = 1048576 (custom)
2019-10-15 00:58:18,129 [pool-423-thread-1] INFO  server.RaftServerConfigKeys (ConfUtils.java:logGet(43)) - raft.server.log.preallocated.size = 16384 (custom)
2019-10-15 00:58:18,129 [pool-423-thread-1] INFO  server.RaftServerConfigKeys (ConfUtils.java:logGet(43)) - raft.server.log.write.buffer.size = 33554432 (custom)
2019-10-15 00:58:18,129 [pool-423-thread-1] INFO  server.RaftServerConfigKeys (ConfUtils.java:logGet(43)) - raft.server.log.force.sync.num = 128 (default)
2019-10-15 00:58:18,129 [pool-423-thread-1] INFO  server.RaftServerConfigKeys (ConfUtils.java:logGet(43)) - raft.server.log.statemachine.data.sync = true (default)
2019-10-15 00:58:18,129 [pool-423-thread-1] INFO  server.RaftServerConfigKeys (ConfUtils.java:logGet(43)) - raft.server.log.statemachine.data.sync.timeout = 10s (default)
2019-10-15 00:58:18,129 [pool-423-thread-1] INFO  server.RaftServerConfigKeys (ConfUtils.java:logGet(43)) - raft.server.log.statemachine.data.sync.timeout.retry = -1 (default)
2019-10-15 00:58:18,130 [pool-423-thread-1] INFO  server.RaftServerConfigKeys (ConfUtils.java:logGet(43)) - raft.server.log.statemachine.data.caching.enabled = true (custom)
2019-10-15 00:58:18,130 [pool-423-thread-1] INFO  segmented.SegmentedRaftLogWorker (SegmentedRaftLogWorker.java:lambda$new$0(128)) - a195247f-068a-4b76-a937-2df84190de26@group-FACAB69D063D-SegmentedRaftLogWorker: flushIndex: setUnconditionally 0 -> -1
2019-10-15 00:58:18,130 [pool-423-thread-1] INFO  server.RaftServerConfigKeys (ConfUtils.java:logGet(43)) - raft.server.snapshot.auto.trigger.enabled = true (custom)
2019-10-15 00:58:18,131 [pool-423-thread-1] INFO  server.RaftServerConfigKeys (ConfUtils.java:logGet(43)) - raft.server.snapshot.auto.trigger.threshold = 10000 (custom)
2019-10-15 00:58:18,131 [pool-423-thread-1] INFO  server.RaftServerConfigKeys (ConfUtils.java:logGet(43)) - raft.server.snapshot.retention.file.num = 5 (custom)
2019-10-15 00:58:18,131 [pool-423-thread-1] INFO  server.RaftServerConfigKeys (ConfUtils.java:logGet(43)) - raft.server.retrycache.expirytime = 600000ms (custom)
2019-10-15 00:58:18,133 [pool-423-thread-1] INFO  impl.RaftServerImpl (RaftServerImpl.java:start(181)) - a195247f-068a-4b76-a937-2df84190de26@group-FACAB69D063D: start as a follower, conf=-1: [a195247f-068a-4b76-a937-2df84190de26:192.168.164.218:44926], old=null
2019-10-15 00:58:18,133 [pool-423-thread-1] INFO  impl.RaftServerImpl (RaftServerImpl.java:setRole(170)) - a195247f-068a-4b76-a937-2df84190de26@group-FACAB69D063D: changes role from      null to FOLLOWER at term 0 for startAsFollower
2019-10-15 00:58:18,133 [pool-423-thread-1] INFO  impl.RoleInfo (RoleInfo.java:updateAndGet(143)) - a195247f-068a-4b76-a937-2df84190de26: start FollowerState
2019-10-15 00:58:18,134 [pool-423-thread-1] INFO  util.JmxRegister (JmxRegister.java:tryRegister(44)) - Successfully registered JMX Bean with object name Ratis:service=RaftServer,group=group-FACAB69D063D,id=a195247f-068a-4b76-a937-2df84190de26
2019-10-15 00:58:18,138 [RatisPipelineUtilsThread] INFO  pipeline.PipelineStateManager (PipelineStateManager.java:addPipeline(57)) - Created pipeline Pipeline[ Id: ede533ae-3d62-4251-b839-facab69d063d, Nodes: a195247f-068a-4b76-a937-2df84190de26{ip: 192.168.164.218, host: pr-hdds-1868-7bj8h-208101609, networkLocation: /default-rack, certSerialId: null}, Type:RATIS, Factor:ONE, State:ALLOCATED]
2019-10-15 00:58:18,147 [grpc-default-executor-2] INFO  impl.RaftServerProxy (RaftServerProxy.java:addNew(89)) - 6f2fd86e-288d-46f4-8189-7559bb792ffd: addNew group-57BE4B0A0F18:[6f2fd86e-288d-46f4-8189-7559bb792ffd:192.168.164.218:42752] returns group-57BE4B0A0F18:java.util.concurrent.CompletableFuture@168d622a[Not completed]
2019-10-15 00:58:18,148 [pool-433-thread-1] INFO  impl.RaftServerImpl (RaftServerImpl.java:<init>(95)) - 6f2fd86e-288d-46f4-8189-7559bb792ffd: new RaftServerImpl for group-57BE4B0A0F18:[6f2fd86e-288d-46f4-8189-7559bb792ffd:192.168.164.218:42752] with ContainerStateMachine:uninitialized
2019-10-15 00:58:18,148 [pool-433-thread-1] INFO  server.RaftServerConfigKeys (ConfUtils.java:logGet(43)) - raft.server.rpc.timeout.min = 5s (custom)
2019-10-15 00:58:18,148 [pool-433-thread-1] INFO  server.RaftServerConfigKeys (ConfUtils.java:logGet(43)) - raft.server.rpc.timeout.max = 5200ms (custom)
2019-10-15 00:58:18,148 [pool-433-thread-1] INFO  server.RaftServerConfigKeys (ConfUtils.java:logGet(43)) - raft.server.rpcslowness.timeout = 120s (custom)
2019-10-15 00:58:18,148 [pool-433-thread-1] INFO  server.RaftServerConfigKeys (ConfUtils.java:logGet(43)) - raft.server.sleep.deviation.threshold = 300 (default)
2019-10-15 00:58:18,148 [pool-433-thread-1] INFO  server.RaftServerConfigKeys (ConfUtils.java:logGet(43)) - raft.server.log.appender.install.snapshot.enabled = false (custom)
2019-10-15 00:58:18,148 [pool-433-thread-1] INFO  impl.RaftServerImpl (ServerState.java:<init>(103)) - 6f2fd86e-288d-46f4-8189-7559bb792ffd@group-57BE4B0A0F18: ConfigurationManager, init=-1: [6f2fd86e-288d-46f4-8189-7559bb792ffd:192.168.164.218:42752], old=null, confs=<EMPTY_MAP>
2019-10-15 00:58:18,148 [pool-433-thread-1] INFO  server.RaftServerConfigKeys (ConfUtils.java:logGet(43)) - raft.server.storage.dir = [/workdir/hadoop-ozone/integration-test/target/test-dir/MiniOzoneClusterImpl-5d82b4cd-4e47-4b06-a8d5-8585c925b255/datanode-5/data/ratis] (custom)
2019-10-15 00:58:18,149 [pool-433-thread-1] INFO  server.RaftServerConfigKeys (ConfUtils.java:logGet(43)) - raft.server.log.corruption.policy = EXCEPTION (default)
2019-10-15 00:58:18,149 [pool-433-thread-1] INFO  storage.RaftStorageDirectory (RaftStorageDirectory.java:analyzeStorage(246)) - The storage directory /workdir/hadoop-ozone/integration-test/target/test-dir/MiniOzoneClusterImpl-5d82b4cd-4e47-4b06-a8d5-8585c925b255/datanode-5/data/ratis/a72ca42a-c32a-4b57-8dbd-57be4b0a0f18 does not exist. Creating ...
2019-10-15 00:58:18,175 [pool-433-thread-1] INFO  storage.RaftStorageDirectory (RaftStorageDirectory.java:tryLock(328)) - Lock on /workdir/hadoop-ozone/integration-test/target/test-dir/MiniOzoneClusterImpl-5d82b4cd-4e47-4b06-a8d5-8585c925b255/datanode-5/data/ratis/a72ca42a-c32a-4b57-8dbd-57be4b0a0f18/in_use.lock acquired by nodename 21128@pr-hdds-1868-7bj8h-208101609
2019-10-15 00:58:18,198 [IPC Server handler 7 on 36625] INFO  net.NetworkTopology (NetworkTopologyImpl.java:add(111)) - Added a new node: /default-rack/91c7735c-f887-4c28-a289-17cc148dd39e
2019-10-15 00:58:18,198 [IPC Server handler 7 on 36625] INFO  node.SCMNodeManager (SCMNodeManager.java:register(268)) - Registered Data node : 91c7735c-f887-4c28-a289-17cc148dd39e{ip: 192.168.164.218, host: pr-hdds-1868-7bj8h-208101609, networkLocation: /default-rack, certSerialId: null}
2019-10-15 00:58:18,201 [pool-433-thread-1] INFO  storage.RaftStorage (RaftStorage.java:format(84)) - Storage directory /workdir/hadoop-ozone/integration-test/target/test-dir/MiniOzoneClusterImpl-5d82b4cd-4e47-4b06-a8d5-8585c925b255/datanode-5/data/ratis/a72ca42a-c32a-4b57-8dbd-57be4b0a0f18 has been successfully formatted.
2019-10-15 00:58:18,201 [pool-433-thread-1] INFO  ratis.ContainerStateMachine (ContainerStateMachine.java:loadSnapshot(233)) - group-57BE4B0A0F18: The snapshot info is null. Setting the last applied indexto:(t:0, i:~)
2019-10-15 00:58:18,201 [pool-433-thread-1] INFO  server.RaftServerConfigKeys (ConfUtils.java:logGet(43)) - raft.server.notification.no-leader.timeout = 120s (custom)
2019-10-15 00:58:18,201 [pool-433-thread-1] INFO  server.RaftServerConfigKeys (ConfUtils.java:logGet(43)) - raft.server.log.use.memory = false (default)
2019-10-15 00:58:18,201 [pool-433-thread-1] INFO  server.RaftServerConfigKeys (ConfUtils.java:logGet(43)) - raft.server.log.purge.gap = 1000000 (custom)
2019-10-15 00:58:18,202 [pool-433-thread-1] INFO  server.RaftServerConfigKeys (ConfUtils.java:logGet(43)) - raft.server.log.appender.buffer.byte-limit = 33554432 (custom)
2019-10-15 00:58:18,202 [pool-433-thread-1] INFO  server.RaftServerConfigKeys (ConfUtils.java:logGet(43)) - raft.server.log.segment.size.max = 1048576 (custom)
2019-10-15 00:58:18,203 [pool-433-thread-1] INFO  server.RaftServerConfigKeys (ConfUtils.java:logGet(43)) - raft.server.log.segment.cache.num.max = 2 (custom)
2019-10-15 00:58:18,203 [pool-433-thread-1] INFO  segmented.SegmentedRaftLogWorker (SegmentedRaftLogWorker.java:<init>(173)) - new 6f2fd86e-288d-46f4-8189-7559bb792ffd@group-57BE4B0A0F18-SegmentedRaftLogWorker for RaftStorage:Storage Directory /workdir/hadoop-ozone/integration-test/target/test-dir/MiniOzoneClusterImpl-5d82b4cd-4e47-4b06-a8d5-8585c925b255/datanode-5/data/ratis/a72ca42a-c32a-4b57-8dbd-57be4b0a0f18
2019-10-15 00:58:18,203 [pool-433-thread-1] INFO  server.RaftServerConfigKeys (ConfUtils.java:logGet(43)) - raft.server.log.queue.byte-limit = 2147483647 (custom)
2019-10-15 00:58:18,204 [pool-433-thread-1] INFO  server.RaftServerConfigKeys (ConfUtils.java:logGet(43)) - raft.server.log.queue.element-limit = 1024 (custom)
2019-10-15 00:58:18,204 [pool-433-thread-1] INFO  server.RaftServerConfigKeys (ConfUtils.java:logGet(43)) - raft.server.log.segment.size.max = 1048576 (custom)
2019-10-15 00:58:18,204 [pool-433-thread-1] INFO  server.RaftServerConfigKeys (ConfUtils.java:logGet(43)) - raft.server.log.preallocated.size = 16384 (custom)
2019-10-15 00:58:18,204 [pool-433-thread-1] INFO  server.RaftServerConfigKeys (ConfUtils.java:logGet(43)) - raft.server.log.write.buffer.size = 33554432 (custom)
2019-10-15 00:58:18,204 [pool-433-thread-1] INFO  server.RaftServerConfigKeys (ConfUtils.java:logGet(43)) - raft.server.log.force.sync.num = 128 (default)
2019-10-15 00:58:18,204 [pool-433-thread-1] INFO  server.RaftServerConfigKeys (ConfUtils.java:logGet(43)) - raft.server.log.statemachine.data.sync = true (default)
2019-10-15 00:58:18,204 [pool-433-thread-1] INFO  server.RaftServerConfigKeys (ConfUtils.java:logGet(43)) - raft.server.log.statemachine.data.sync.timeout = 10s (default)
2019-10-15 00:58:18,204 [pool-433-thread-1] INFO  server.RaftServerConfigKeys (ConfUtils.java:logGet(43)) - raft.server.log.statemachine.data.sync.timeout.retry = -1 (default)
2019-10-15 00:58:18,205 [pool-433-thread-1] INFO  server.RaftServerConfigKeys (ConfUtils.java:logGet(43)) - raft.server.log.statemachine.data.caching.enabled = true (custom)
2019-10-15 00:58:18,205 [pool-433-thread-1] INFO  segmented.SegmentedRaftLogWorker (SegmentedRaftLogWorker.java:lambda$new$0(128)) - 6f2fd86e-288d-46f4-8189-7559bb792ffd@group-57BE4B0A0F18-SegmentedRaftLogWorker: flushIndex: setUnconditionally 0 -> -1
2019-10-15 00:58:18,205 [pool-433-thread-1] INFO  server.RaftServerConfigKeys (ConfUtils.java:logGet(43)) - raft.server.snapshot.auto.trigger.enabled = true (custom)
2019-10-15 00:58:18,205 [pool-433-thread-1] INFO  server.RaftServerConfigKeys (ConfUtils.java:logGet(43)) - raft.server.snapshot.auto.trigger.threshold = 10000 (custom)
2019-10-15 00:58:18,205 [pool-433-thread-1] INFO  server.RaftServerConfigKeys (ConfUtils.java:logGet(43)) - raft.server.snapshot.retention.file.num = 5 (custom)
2019-10-15 00:58:18,205 [pool-433-thread-1] INFO  server.RaftServerConfigKeys (ConfUtils.java:logGet(43)) - raft.server.retrycache.expirytime = 600000ms (custom)
2019-10-15 00:58:18,207 [pool-433-thread-1] INFO  impl.RaftServerImpl (RaftServerImpl.java:start(181)) - 6f2fd86e-288d-46f4-8189-7559bb792ffd@group-57BE4B0A0F18: start as a follower, conf=-1: [6f2fd86e-288d-46f4-8189-7559bb792ffd:192.168.164.218:42752], old=null
2019-10-15 00:58:18,207 [pool-433-thread-1] INFO  impl.RaftServerImpl (RaftServerImpl.java:setRole(170)) - 6f2fd86e-288d-46f4-8189-7559bb792ffd@group-57BE4B0A0F18: changes role from      null to FOLLOWER at term 0 for startAsFollower
2019-10-15 00:58:18,207 [pool-433-thread-1] INFO  impl.RoleInfo (RoleInfo.java:updateAndGet(143)) - 6f2fd86e-288d-46f4-8189-7559bb792ffd: start FollowerState
2019-10-15 00:58:18,207 [pool-433-thread-1] INFO  util.JmxRegister (JmxRegister.java:tryRegister(44)) - Successfully registered JMX Bean with object name Ratis:service=RaftServer,group=group-57BE4B0A0F18,id=6f2fd86e-288d-46f4-8189-7559bb792ffd
2019-10-15 00:58:18,210 [RatisPipelineUtilsThread] INFO  pipeline.PipelineStateManager (PipelineStateManager.java:addPipeline(57)) - Created pipeline Pipeline[ Id: a72ca42a-c32a-4b57-8dbd-57be4b0a0f18, Nodes: 6f2fd86e-288d-46f4-8189-7559bb792ffd{ip: 192.168.164.218, host: pr-hdds-1868-7bj8h-208101609, networkLocation: /default-rack, certSerialId: null}, Type:RATIS, Factor:ONE, State:ALLOCATED]
2019-10-15 00:58:18,217 [grpc-default-executor-2] INFO  impl.RaftServerProxy (RaftServerProxy.java:addNew(89)) - 91c7735c-f887-4c28-a289-17cc148dd39e: addNew group-102711F8FF0D:[91c7735c-f887-4c28-a289-17cc148dd39e:192.168.164.218:34616] returns group-102711F8FF0D:java.util.concurrent.CompletableFuture@5b66d0c1[Not completed]
2019-10-15 00:58:18,218 [pool-443-thread-1] INFO  impl.RaftServerImpl (RaftServerImpl.java:<init>(95)) - 91c7735c-f887-4c28-a289-17cc148dd39e: new RaftServerImpl for group-102711F8FF0D:[91c7735c-f887-4c28-a289-17cc148dd39e:192.168.164.218:34616] with ContainerStateMachine:uninitialized
2019-10-15 00:58:18,218 [pool-443-thread-1] INFO  server.RaftServerConfigKeys (ConfUtils.java:logGet(43)) - raft.server.rpc.timeout.min = 5s (custom)
2019-10-15 00:58:18,218 [pool-443-thread-1] INFO  server.RaftServerConfigKeys (ConfUtils.java:logGet(43)) - raft.server.rpc.timeout.max = 5200ms (custom)
2019-10-15 00:58:18,218 [pool-443-thread-1] INFO  server.RaftServerConfigKeys (ConfUtils.java:logGet(43)) - raft.server.rpcslowness.timeout = 120s (custom)
2019-10-15 00:58:18,218 [pool-443-thread-1] INFO  server.RaftServerConfigKeys (ConfUtils.java:logGet(43)) - raft.server.sleep.deviation.threshold = 300 (default)
2019-10-15 00:58:18,218 [pool-443-thread-1] INFO  server.RaftServerConfigKeys (ConfUtils.java:logGet(43)) - raft.server.log.appender.install.snapshot.enabled = false (custom)
2019-10-15 00:58:18,218 [pool-443-thread-1] INFO  impl.RaftServerImpl (ServerState.java:<init>(103)) - 91c7735c-f887-4c28-a289-17cc148dd39e@group-102711F8FF0D: ConfigurationManager, init=-1: [91c7735c-f887-4c28-a289-17cc148dd39e:192.168.164.218:34616], old=null, confs=<EMPTY_MAP>
2019-10-15 00:58:18,218 [pool-443-thread-1] INFO  server.RaftServerConfigKeys (ConfUtils.java:logGet(43)) - raft.server.storage.dir = [/workdir/hadoop-ozone/integration-test/target/test-dir/MiniOzoneClusterImpl-5d82b4cd-4e47-4b06-a8d5-8585c925b255/datanode-6/data/ratis] (custom)
2019-10-15 00:58:18,219 [pool-443-thread-1] INFO  server.RaftServerConfigKeys (ConfUtils.java:logGet(43)) - raft.server.log.corruption.policy = EXCEPTION (default)
2019-10-15 00:58:18,219 [pool-443-thread-1] INFO  storage.RaftStorageDirectory (RaftStorageDirectory.java:analyzeStorage(246)) - The storage directory /workdir/hadoop-ozone/integration-test/target/test-dir/MiniOzoneClusterImpl-5d82b4cd-4e47-4b06-a8d5-8585c925b255/datanode-6/data/ratis/dac7e28f-7398-43f3-a3c8-102711f8ff0d does not exist. Creating ...
2019-10-15 00:58:18,243 [pool-443-thread-1] INFO  storage.RaftStorageDirectory (RaftStorageDirectory.java:tryLock(328)) - Lock on /workdir/hadoop-ozone/integration-test/target/test-dir/MiniOzoneClusterImpl-5d82b4cd-4e47-4b06-a8d5-8585c925b255/datanode-6/data/ratis/dac7e28f-7398-43f3-a3c8-102711f8ff0d/in_use.lock acquired by nodename 21128@pr-hdds-1868-7bj8h-208101609
2019-10-15 00:58:18,268 [pool-443-thread-1] INFO  storage.RaftStorage (RaftStorage.java:format(84)) - Storage directory /workdir/hadoop-ozone/integration-test/target/test-dir/MiniOzoneClusterImpl-5d82b4cd-4e47-4b06-a8d5-8585c925b255/datanode-6/data/ratis/dac7e28f-7398-43f3-a3c8-102711f8ff0d has been successfully formatted.
2019-10-15 00:58:18,269 [pool-443-thread-1] INFO  ratis.ContainerStateMachine (ContainerStateMachine.java:loadSnapshot(233)) - group-102711F8FF0D: The snapshot info is null. Setting the last applied indexto:(t:0, i:~)
2019-10-15 00:58:18,269 [pool-443-thread-1] INFO  server.RaftServerConfigKeys (ConfUtils.java:logGet(43)) - raft.server.notification.no-leader.timeout = 120s (custom)
2019-10-15 00:58:18,269 [pool-443-thread-1] INFO  server.RaftServerConfigKeys (ConfUtils.java:logGet(43)) - raft.server.log.use.memory = false (default)
2019-10-15 00:58:18,269 [pool-443-thread-1] INFO  server.RaftServerConfigKeys (ConfUtils.java:logGet(43)) - raft.server.log.purge.gap = 1000000 (custom)
2019-10-15 00:58:18,269 [pool-443-thread-1] INFO  server.RaftServerConfigKeys (ConfUtils.java:logGet(43)) - raft.server.log.appender.buffer.byte-limit = 33554432 (custom)
2019-10-15 00:58:18,269 [pool-443-thread-1] INFO  server.RaftServerConfigKeys (ConfUtils.java:logGet(43)) - raft.server.log.segment.size.max = 1048576 (custom)
2019-10-15 00:58:18,270 [pool-443-thread-1] INFO  server.RaftServerConfigKeys (ConfUtils.java:logGet(43)) - raft.server.log.segment.cache.num.max = 2 (custom)
2019-10-15 00:58:18,270 [pool-443-thread-1] INFO  segmented.SegmentedRaftLogWorker (SegmentedRaftLogWorker.java:<init>(173)) - new 91c7735c-f887-4c28-a289-17cc148dd39e@group-102711F8FF0D-SegmentedRaftLogWorker for RaftStorage:Storage Directory /workdir/hadoop-ozone/integration-test/target/test-dir/MiniOzoneClusterImpl-5d82b4cd-4e47-4b06-a8d5-8585c925b255/datanode-6/data/ratis/dac7e28f-7398-43f3-a3c8-102711f8ff0d
2019-10-15 00:58:18,270 [pool-443-thread-1] INFO  server.RaftServerConfigKeys (ConfUtils.java:logGet(43)) - raft.server.log.queue.byte-limit = 2147483647 (custom)
2019-10-15 00:58:18,270 [pool-443-thread-1] INFO  server.RaftServerConfigKeys (ConfUtils.java:logGet(43)) - raft.server.log.queue.element-limit = 1024 (custom)
2019-10-15 00:58:18,270 [pool-443-thread-1] INFO  server.RaftServerConfigKeys (ConfUtils.java:logGet(43)) - raft.server.log.segment.size.max = 1048576 (custom)
2019-10-15 00:58:18,271 [pool-443-thread-1] INFO  server.RaftServerConfigKeys (ConfUtils.java:logGet(43)) - raft.server.log.preallocated.size = 16384 (custom)
2019-10-15 00:58:18,271 [pool-443-thread-1] INFO  server.RaftServerConfigKeys (ConfUtils.java:logGet(43)) - raft.server.log.write.buffer.size = 33554432 (custom)
2019-10-15 00:58:18,271 [pool-443-thread-1] INFO  server.RaftServerConfigKeys (ConfUtils.java:logGet(43)) - raft.server.log.force.sync.num = 128 (default)
2019-10-15 00:58:18,271 [pool-443-thread-1] INFO  server.RaftServerConfigKeys (ConfUtils.java:logGet(43)) - raft.server.log.statemachine.data.sync = true (default)
2019-10-15 00:58:18,271 [pool-443-thread-1] INFO  server.RaftServerConfigKeys (ConfUtils.java:logGet(43)) - raft.server.log.statemachine.data.sync.timeout = 10s (default)
2019-10-15 00:58:18,271 [pool-443-thread-1] INFO  server.RaftServerConfigKeys (ConfUtils.java:logGet(43)) - raft.server.log.statemachine.data.sync.timeout.retry = -1 (default)
2019-10-15 00:58:18,271 [pool-443-thread-1] INFO  server.RaftServerConfigKeys (ConfUtils.java:logGet(43)) - raft.server.log.statemachine.data.caching.enabled = true (custom)
2019-10-15 00:58:18,271 [pool-443-thread-1] INFO  segmented.SegmentedRaftLogWorker (SegmentedRaftLogWorker.java:lambda$new$0(128)) - 91c7735c-f887-4c28-a289-17cc148dd39e@group-102711F8FF0D-SegmentedRaftLogWorker: flushIndex: setUnconditionally 0 -> -1
2019-10-15 00:58:18,272 [pool-443-thread-1] INFO  server.RaftServerConfigKeys (ConfUtils.java:logGet(43)) - raft.server.snapshot.auto.trigger.enabled = true (custom)
2019-10-15 00:58:18,272 [pool-443-thread-1] INFO  server.RaftServerConfigKeys (ConfUtils.java:logGet(43)) - raft.server.snapshot.auto.trigger.threshold = 10000 (custom)
2019-10-15 00:58:18,272 [pool-443-thread-1] INFO  server.RaftServerConfigKeys (ConfUtils.java:logGet(43)) - raft.server.snapshot.retention.file.num = 5 (custom)
2019-10-15 00:58:18,272 [pool-443-thread-1] INFO  server.RaftServerConfigKeys (ConfUtils.java:logGet(43)) - raft.server.retrycache.expirytime = 600000ms (custom)
2019-10-15 00:58:18,273 [pool-443-thread-1] INFO  impl.RaftServerImpl (RaftServerImpl.java:start(181)) - 91c7735c-f887-4c28-a289-17cc148dd39e@group-102711F8FF0D: start as a follower, conf=-1: [91c7735c-f887-4c28-a289-17cc148dd39e:192.168.164.218:34616], old=null
2019-10-15 00:58:18,273 [pool-443-thread-1] INFO  impl.RaftServerImpl (RaftServerImpl.java:setRole(170)) - 91c7735c-f887-4c28-a289-17cc148dd39e@group-102711F8FF0D: changes role from      null to FOLLOWER at term 0 for startAsFollower
2019-10-15 00:58:18,274 [pool-443-thread-1] INFO  impl.RoleInfo (RoleInfo.java:updateAndGet(143)) - 91c7735c-f887-4c28-a289-17cc148dd39e: start FollowerState
2019-10-15 00:58:18,274 [pool-443-thread-1] INFO  util.JmxRegister (JmxRegister.java:tryRegister(44)) - Successfully registered JMX Bean with object name Ratis:service=RaftServer,group=group-102711F8FF0D,id=91c7735c-f887-4c28-a289-17cc148dd39e
2019-10-15 00:58:18,277 [RatisPipelineUtilsThread] INFO  pipeline.PipelineStateManager (PipelineStateManager.java:addPipeline(57)) - Created pipeline Pipeline[ Id: dac7e28f-7398-43f3-a3c8-102711f8ff0d, Nodes: 91c7735c-f887-4c28-a289-17cc148dd39e{ip: 192.168.164.218, host: pr-hdds-1868-7bj8h-208101609, networkLocation: /default-rack, certSerialId: null}, Type:RATIS, Factor:ONE, State:ALLOCATED]
2019-10-15 00:58:18,287 [grpc-default-executor-2] INFO  impl.RaftServerProxy (RaftServerProxy.java:addNew(89)) - 0151c55e-3a7e-46cc-adf1-6da81881f204: addNew group-3F5E0ACF7447:[f8529145-e696-4a90-8b47-2b96a6036656:192.168.164.218:38812, 91c7735c-f887-4c28-a289-17cc148dd39e:192.168.164.218:34616, 0151c55e-3a7e-46cc-adf1-6da81881f204:192.168.164.218:46456] returns group-3F5E0ACF7447:java.util.concurrent.CompletableFuture@4662e3d7[Not completed]
2019-10-15 00:58:18,287 [grpc-default-executor-4] INFO  impl.RaftServerProxy (RaftServerProxy.java:addNew(89)) - 91c7735c-f887-4c28-a289-17cc148dd39e: addNew group-3F5E0ACF7447:[f8529145-e696-4a90-8b47-2b96a6036656:192.168.164.218:38812, 91c7735c-f887-4c28-a289-17cc148dd39e:192.168.164.218:34616, 0151c55e-3a7e-46cc-adf1-6da81881f204:192.168.164.218:46456] returns group-3F5E0ACF7447:java.util.concurrent.CompletableFuture@1433df7c[Not completed]
2019-10-15 00:58:18,288 [grpc-default-executor-2] INFO  impl.RaftServerProxy (RaftServerProxy.java:addNew(89)) - f8529145-e696-4a90-8b47-2b96a6036656: addNew group-3F5E0ACF7447:[f8529145-e696-4a90-8b47-2b96a6036656:192.168.164.218:38812, 91c7735c-f887-4c28-a289-17cc148dd39e:192.168.164.218:34616, 0151c55e-3a7e-46cc-adf1-6da81881f204:192.168.164.218:46456] returns group-3F5E0ACF7447:java.util.concurrent.CompletableFuture@3559a5d6[Not completed]
2019-10-15 00:58:18,288 [pool-383-thread-1] INFO  impl.RaftServerImpl (RaftServerImpl.java:<init>(95)) - 0151c55e-3a7e-46cc-adf1-6da81881f204: new RaftServerImpl for group-3F5E0ACF7447:[f8529145-e696-4a90-8b47-2b96a6036656:192.168.164.218:38812, 91c7735c-f887-4c28-a289-17cc148dd39e:192.168.164.218:34616, 0151c55e-3a7e-46cc-adf1-6da81881f204:192.168.164.218:46456] with ContainerStateMachine:uninitialized
2019-10-15 00:58:18,288 [pool-383-thread-1] INFO  server.RaftServerConfigKeys (ConfUtils.java:logGet(43)) - raft.server.rpc.timeout.min = 5s (custom)
2019-10-15 00:58:18,289 [pool-383-thread-1] INFO  server.RaftServerConfigKeys (ConfUtils.java:logGet(43)) - raft.server.rpc.timeout.max = 5200ms (custom)
2019-10-15 00:58:18,289 [pool-383-thread-1] INFO  server.RaftServerConfigKeys (ConfUtils.java:logGet(43)) - raft.server.rpcslowness.timeout = 120s (custom)
2019-10-15 00:58:18,289 [pool-393-thread-1] INFO  impl.RaftServerImpl (RaftServerImpl.java:<init>(95)) - f8529145-e696-4a90-8b47-2b96a6036656: new RaftServerImpl for group-3F5E0ACF7447:[f8529145-e696-4a90-8b47-2b96a6036656:192.168.164.218:38812, 91c7735c-f887-4c28-a289-17cc148dd39e:192.168.164.218:34616, 0151c55e-3a7e-46cc-adf1-6da81881f204:192.168.164.218:46456] with ContainerStateMachine:uninitialized
2019-10-15 00:58:18,289 [pool-383-thread-1] INFO  server.RaftServerConfigKeys (ConfUtils.java:logGet(43)) - raft.server.sleep.deviation.threshold = 300 (default)
2019-10-15 00:58:18,289 [pool-393-thread-1] INFO  server.RaftServerConfigKeys (ConfUtils.java:logGet(43)) - raft.server.rpc.timeout.min = 5s (custom)
2019-10-15 00:58:18,289 [pool-383-thread-1] INFO  server.RaftServerConfigKeys (ConfUtils.java:logGet(43)) - raft.server.log.appender.install.snapshot.enabled = false (custom)
2019-10-15 00:58:18,289 [pool-393-thread-1] INFO  server.RaftServerConfigKeys (ConfUtils.java:logGet(43)) - raft.server.rpc.timeout.max = 5200ms (custom)
2019-10-15 00:58:18,289 [pool-383-thread-1] INFO  impl.RaftServerImpl (ServerState.java:<init>(103)) - 0151c55e-3a7e-46cc-adf1-6da81881f204@group-3F5E0ACF7447: ConfigurationManager, init=-1: [f8529145-e696-4a90-8b47-2b96a6036656:192.168.164.218:38812, 91c7735c-f887-4c28-a289-17cc148dd39e:192.168.164.218:34616, 0151c55e-3a7e-46cc-adf1-6da81881f204:192.168.164.218:46456], old=null, confs=<EMPTY_MAP>
2019-10-15 00:58:18,289 [pool-393-thread-1] INFO  server.RaftServerConfigKeys (ConfUtils.java:logGet(43)) - raft.server.rpcslowness.timeout = 120s (custom)
2019-10-15 00:58:18,289 [pool-443-thread-1] INFO  impl.RaftServerImpl (RaftServerImpl.java:<init>(95)) - 91c7735c-f887-4c28-a289-17cc148dd39e: new RaftServerImpl for group-3F5E0ACF7447:[f8529145-e696-4a90-8b47-2b96a6036656:192.168.164.218:38812, 91c7735c-f887-4c28-a289-17cc148dd39e:192.168.164.218:34616, 0151c55e-3a7e-46cc-adf1-6da81881f204:192.168.164.218:46456] with ContainerStateMachine:uninitialized
2019-10-15 00:58:18,289 [pool-383-thread-1] INFO  server.RaftServerConfigKeys (ConfUtils.java:logGet(43)) - raft.server.storage.dir = [/workdir/hadoop-ozone/integration-test/target/test-dir/MiniOzoneClusterImpl-5d82b4cd-4e47-4b06-a8d5-8585c925b255/datanode-0/data/ratis] (custom)
2019-10-15 00:58:18,289 [pool-393-thread-1] INFO  server.RaftServerConfigKeys (ConfUtils.java:logGet(43)) - raft.server.sleep.deviation.threshold = 300 (default)
2019-10-15 00:58:18,289 [pool-443-thread-1] INFO  server.RaftServerConfigKeys (ConfUtils.java:logGet(43)) - raft.server.rpc.timeout.min = 5s (custom)
2019-10-15 00:58:18,290 [pool-383-thread-1] INFO  server.RaftServerConfigKeys (ConfUtils.java:logGet(43)) - raft.server.log.corruption.policy = EXCEPTION (default)
2019-10-15 00:58:18,290 [pool-393-thread-1] INFO  server.RaftServerConfigKeys (ConfUtils.java:logGet(43)) - raft.server.log.appender.install.snapshot.enabled = false (custom)
2019-10-15 00:58:18,290 [pool-383-thread-1] INFO  storage.RaftStorageDirectory (RaftStorageDirectory.java:analyzeStorage(246)) - The storage directory /workdir/hadoop-ozone/integration-test/target/test-dir/MiniOzoneClusterImpl-5d82b4cd-4e47-4b06-a8d5-8585c925b255/datanode-0/data/ratis/2110fbd3-ea1b-4955-a924-3f5e0acf7447 does not exist. Creating ...
2019-10-15 00:58:18,290 [pool-443-thread-1] INFO  server.RaftServerConfigKeys (ConfUtils.java:logGet(43)) - raft.server.rpc.timeout.max = 5200ms (custom)
2019-10-15 00:58:18,290 [pool-393-thread-1] INFO  impl.RaftServerImpl (ServerState.java:<init>(103)) - f8529145-e696-4a90-8b47-2b96a6036656@group-3F5E0ACF7447: ConfigurationManager, init=-1: [f8529145-e696-4a90-8b47-2b96a6036656:192.168.164.218:38812, 91c7735c-f887-4c28-a289-17cc148dd39e:192.168.164.218:34616, 0151c55e-3a7e-46cc-adf1-6da81881f204:192.168.164.218:46456], old=null, confs=<EMPTY_MAP>
2019-10-15 00:58:18,290 [pool-443-thread-1] INFO  server.RaftServerConfigKeys (ConfUtils.java:logGet(43)) - raft.server.rpcslowness.timeout = 120s (custom)
2019-10-15 00:58:18,290 [pool-393-thread-1] INFO  server.RaftServerConfigKeys (ConfUtils.java:logGet(43)) - raft.server.storage.dir = [/workdir/hadoop-ozone/integration-test/target/test-dir/MiniOzoneClusterImpl-5d82b4cd-4e47-4b06-a8d5-8585c925b255/datanode-1/data/ratis] (custom)
2019-10-15 00:58:18,290 [pool-443-thread-1] INFO  server.RaftServerConfigKeys (ConfUtils.java:logGet(43)) - raft.server.sleep.deviation.threshold = 300 (default)
2019-10-15 00:58:18,290 [pool-443-thread-1] INFO  server.RaftServerConfigKeys (ConfUtils.java:logGet(43)) - raft.server.log.appender.install.snapshot.enabled = false (custom)
2019-10-15 00:58:18,290 [pool-393-thread-1] INFO  server.RaftServerConfigKeys (ConfUtils.java:logGet(43)) - raft.server.log.corruption.policy = EXCEPTION (default)
2019-10-15 00:58:18,291 [pool-443-thread-1] INFO  impl.RaftServerImpl (ServerState.java:<init>(103)) - 91c7735c-f887-4c28-a289-17cc148dd39e@group-3F5E0ACF7447: ConfigurationManager, init=-1: [f8529145-e696-4a90-8b47-2b96a6036656:192.168.164.218:38812, 91c7735c-f887-4c28-a289-17cc148dd39e:192.168.164.218:34616, 0151c55e-3a7e-46cc-adf1-6da81881f204:192.168.164.218:46456], old=null, confs=<EMPTY_MAP>
2019-10-15 00:58:18,291 [pool-393-thread-1] INFO  storage.RaftStorageDirectory (RaftStorageDirectory.java:analyzeStorage(246)) - The storage directory /workdir/hadoop-ozone/integration-test/target/test-dir/MiniOzoneClusterImpl-5d82b4cd-4e47-4b06-a8d5-8585c925b255/datanode-1/data/ratis/2110fbd3-ea1b-4955-a924-3f5e0acf7447 does not exist. Creating ...
2019-10-15 00:58:18,291 [pool-443-thread-1] INFO  server.RaftServerConfigKeys (ConfUtils.java:logGet(43)) - raft.server.storage.dir = [/workdir/hadoop-ozone/integration-test/target/test-dir/MiniOzoneClusterImpl-5d82b4cd-4e47-4b06-a8d5-8585c925b255/datanode-6/data/ratis] (custom)
2019-10-15 00:58:18,291 [pool-443-thread-1] INFO  server.RaftServerConfigKeys (ConfUtils.java:logGet(43)) - raft.server.log.corruption.policy = EXCEPTION (default)
2019-10-15 00:58:18,291 [pool-443-thread-1] INFO  storage.RaftStorageDirectory (RaftStorageDirectory.java:analyzeStorage(246)) - The storage directory /workdir/hadoop-ozone/integration-test/target/test-dir/MiniOzoneClusterImpl-5d82b4cd-4e47-4b06-a8d5-8585c925b255/datanode-6/data/ratis/2110fbd3-ea1b-4955-a924-3f5e0acf7447 does not exist. Creating ...
2019-10-15 00:58:18,319 [pool-393-thread-1] INFO  storage.RaftStorageDirectory (RaftStorageDirectory.java:tryLock(328)) - Lock on /workdir/hadoop-ozone/integration-test/target/test-dir/MiniOzoneClusterImpl-5d82b4cd-4e47-4b06-a8d5-8585c925b255/datanode-1/data/ratis/2110fbd3-ea1b-4955-a924-3f5e0acf7447/in_use.lock acquired by nodename 21128@pr-hdds-1868-7bj8h-208101609
2019-10-15 00:58:18,319 [pool-383-thread-1] INFO  storage.RaftStorageDirectory (RaftStorageDirectory.java:tryLock(328)) - Lock on /workdir/hadoop-ozone/integration-test/target/test-dir/MiniOzoneClusterImpl-5d82b4cd-4e47-4b06-a8d5-8585c925b255/datanode-0/data/ratis/2110fbd3-ea1b-4955-a924-3f5e0acf7447/in_use.lock acquired by nodename 21128@pr-hdds-1868-7bj8h-208101609
2019-10-15 00:58:18,319 [pool-443-thread-1] INFO  storage.RaftStorageDirectory (RaftStorageDirectory.java:tryLock(328)) - Lock on /workdir/hadoop-ozone/integration-test/target/test-dir/MiniOzoneClusterImpl-5d82b4cd-4e47-4b06-a8d5-8585c925b255/datanode-6/data/ratis/2110fbd3-ea1b-4955-a924-3f5e0acf7447/in_use.lock acquired by nodename 21128@pr-hdds-1868-7bj8h-208101609
2019-10-15 00:58:18,336 [pool-443-thread-1] INFO  storage.RaftStorage (RaftStorage.java:format(84)) - Storage directory /workdir/hadoop-ozone/integration-test/target/test-dir/MiniOzoneClusterImpl-5d82b4cd-4e47-4b06-a8d5-8585c925b255/datanode-6/data/ratis/2110fbd3-ea1b-4955-a924-3f5e0acf7447 has been successfully formatted.
2019-10-15 00:58:18,336 [pool-393-thread-1] INFO  storage.RaftStorage (RaftStorage.java:format(84)) - Storage directory /workdir/hadoop-ozone/integration-test/target/test-dir/MiniOzoneClusterImpl-5d82b4cd-4e47-4b06-a8d5-8585c925b255/datanode-1/data/ratis/2110fbd3-ea1b-4955-a924-3f5e0acf7447 has been successfully formatted.
2019-10-15 00:58:18,336 [pool-443-thread-1] INFO  ratis.ContainerStateMachine (ContainerStateMachine.java:loadSnapshot(233)) - group-3F5E0ACF7447: The snapshot info is null. Setting the last applied indexto:(t:0, i:~)
2019-10-15 00:58:18,336 [pool-383-thread-1] INFO  storage.RaftStorage (RaftStorage.java:format(84)) - Storage directory /workdir/hadoop-ozone/integration-test/target/test-dir/MiniOzoneClusterImpl-5d82b4cd-4e47-4b06-a8d5-8585c925b255/datanode-0/data/ratis/2110fbd3-ea1b-4955-a924-3f5e0acf7447 has been successfully formatted.
2019-10-15 00:58:18,337 [pool-443-thread-1] INFO  server.RaftServerConfigKeys (ConfUtils.java:logGet(43)) - raft.server.notification.no-leader.timeout = 120s (custom)
2019-10-15 00:58:18,337 [pool-393-thread-1] INFO  ratis.ContainerStateMachine (ContainerStateMachine.java:loadSnapshot(233)) - group-3F5E0ACF7447: The snapshot info is null. Setting the last applied indexto:(t:0, i:~)
2019-10-15 00:58:18,337 [pool-443-thread-1] INFO  server.RaftServerConfigKeys (ConfUtils.java:logGet(43)) - raft.server.log.use.memory = false (default)
2019-10-15 00:58:18,337 [pool-383-thread-1] INFO  ratis.ContainerStateMachine (ContainerStateMachine.java:loadSnapshot(233)) - group-3F5E0ACF7447: The snapshot info is null. Setting the last applied indexto:(t:0, i:~)
2019-10-15 00:58:18,337 [pool-443-thread-1] INFO  server.RaftServerConfigKeys (ConfUtils.java:logGet(43)) - raft.server.log.purge.gap = 1000000 (custom)
2019-10-15 00:58:18,337 [pool-393-thread-1] INFO  server.RaftServerConfigKeys (ConfUtils.java:logGet(43)) - raft.server.notification.no-leader.timeout = 120s (custom)
2019-10-15 00:58:18,337 [pool-443-thread-1] INFO  server.RaftServerConfigKeys (ConfUtils.java:logGet(43)) - raft.server.log.appender.buffer.byte-limit = 33554432 (custom)
2019-10-15 00:58:18,337 [pool-383-thread-1] INFO  server.RaftServerConfigKeys (ConfUtils.java:logGet(43)) - raft.server.notification.no-leader.timeout = 120s (custom)
2019-10-15 00:58:18,338 [pool-443-thread-1] INFO  server.RaftServerConfigKeys (ConfUtils.java:logGet(43)) - raft.server.log.segment.size.max = 1048576 (custom)
2019-10-15 00:58:18,338 [pool-393-thread-1] INFO  server.RaftServerConfigKeys (ConfUtils.java:logGet(43)) - raft.server.log.use.memory = false (default)
2019-10-15 00:58:18,338 [pool-443-thread-1] INFO  server.RaftServerConfigKeys (ConfUtils.java:logGet(43)) - raft.server.log.segment.cache.num.max = 2 (custom)
2019-10-15 00:58:18,338 [pool-383-thread-1] INFO  server.RaftServerConfigKeys (ConfUtils.java:logGet(43)) - raft.server.log.use.memory = false (default)
2019-10-15 00:58:18,338 [pool-443-thread-1] INFO  segmented.SegmentedRaftLogWorker (SegmentedRaftLogWorker.java:<init>(173)) - new 91c7735c-f887-4c28-a289-17cc148dd39e@group-3F5E0ACF7447-SegmentedRaftLogWorker for RaftStorage:Storage Directory /workdir/hadoop-ozone/integration-test/target/test-dir/MiniOzoneClusterImpl-5d82b4cd-4e47-4b06-a8d5-8585c925b255/datanode-6/data/ratis/2110fbd3-ea1b-4955-a924-3f5e0acf7447
2019-10-15 00:58:18,338 [pool-393-thread-1] INFO  server.RaftServerConfigKeys (ConfUtils.java:logGet(43)) - raft.server.log.purge.gap = 1000000 (custom)
2019-10-15 00:58:18,338 [pool-443-thread-1] INFO  server.RaftServerConfigKeys (ConfUtils.java:logGet(43)) - raft.server.log.queue.byte-limit = 2147483647 (custom)
2019-10-15 00:58:18,338 [pool-383-thread-1] INFO  server.RaftServerConfigKeys (ConfUtils.java:logGet(43)) - raft.server.log.purge.gap = 1000000 (custom)
2019-10-15 00:58:18,339 [pool-443-thread-1] INFO  server.RaftServerConfigKeys (ConfUtils.java:logGet(43)) - raft.server.log.queue.element-limit = 1024 (custom)
2019-10-15 00:58:18,339 [pool-393-thread-1] INFO  server.RaftServerConfigKeys (ConfUtils.java:logGet(43)) - raft.server.log.appender.buffer.byte-limit = 33554432 (custom)
2019-10-15 00:58:18,339 [pool-443-thread-1] INFO  server.RaftServerConfigKeys (ConfUtils.java:logGet(43)) - raft.server.log.segment.size.max = 1048576 (custom)
2019-10-15 00:58:18,339 [pool-383-thread-1] INFO  server.RaftServerConfigKeys (ConfUtils.java:logGet(43)) - raft.server.log.appender.buffer.byte-limit = 33554432 (custom)
2019-10-15 00:58:18,339 [pool-443-thread-1] INFO  server.RaftServerConfigKeys (ConfUtils.java:logGet(43)) - raft.server.log.preallocated.size = 16384 (custom)
2019-10-15 00:58:18,339 [pool-393-thread-1] INFO  server.RaftServerConfigKeys (ConfUtils.java:logGet(43)) - raft.server.log.segment.size.max = 1048576 (custom)
2019-10-15 00:58:18,339 [pool-443-thread-1] INFO  server.RaftServerConfigKeys (ConfUtils.java:logGet(43)) - raft.server.log.write.buffer.size = 33554432 (custom)
2019-10-15 00:58:18,339 [pool-383-thread-1] INFO  server.RaftServerConfigKeys (ConfUtils.java:logGet(43)) - raft.server.log.segment.size.max = 1048576 (custom)
2019-10-15 00:58:18,340 [pool-443-thread-1] INFO  server.RaftServerConfigKeys (ConfUtils.java:logGet(43)) - raft.server.log.force.sync.num = 128 (default)
2019-10-15 00:58:18,340 [pool-393-thread-1] INFO  server.RaftServerConfigKeys (ConfUtils.java:logGet(43)) - raft.server.log.segment.cache.num.max = 2 (custom)
2019-10-15 00:58:18,340 [pool-443-thread-1] INFO  server.RaftServerConfigKeys (ConfUtils.java:logGet(43)) - raft.server.log.statemachine.data.sync = true (default)
2019-10-15 00:58:18,340 [pool-383-thread-1] INFO  server.RaftServerConfigKeys (ConfUtils.java:logGet(43)) - raft.server.log.segment.cache.num.max = 2 (custom)
2019-10-15 00:58:18,340 [pool-443-thread-1] INFO  server.RaftServerConfigKeys (ConfUtils.java:logGet(43)) - raft.server.log.statemachine.data.sync.timeout = 10s (default)
2019-10-15 00:58:18,340 [pool-393-thread-1] INFO  segmented.SegmentedRaftLogWorker (SegmentedRaftLogWorker.java:<init>(173)) - new f8529145-e696-4a90-8b47-2b96a6036656@group-3F5E0ACF7447-SegmentedRaftLogWorker for RaftStorage:Storage Directory /workdir/hadoop-ozone/integration-test/target/test-dir/MiniOzoneClusterImpl-5d82b4cd-4e47-4b06-a8d5-8585c925b255/datanode-1/data/ratis/2110fbd3-ea1b-4955-a924-3f5e0acf7447
2019-10-15 00:58:18,340 [pool-443-thread-1] INFO  server.RaftServerConfigKeys (ConfUtils.java:logGet(43)) - raft.server.log.statemachine.data.sync.timeout.retry = -1 (default)
2019-10-15 00:58:18,340 [pool-383-thread-1] INFO  segmented.SegmentedRaftLogWorker (SegmentedRaftLogWorker.java:<init>(173)) - new 0151c55e-3a7e-46cc-adf1-6da81881f204@group-3F5E0ACF7447-SegmentedRaftLogWorker for RaftStorage:Storage Directory /workdir/hadoop-ozone/integration-test/target/test-dir/MiniOzoneClusterImpl-5d82b4cd-4e47-4b06-a8d5-8585c925b255/datanode-0/data/ratis/2110fbd3-ea1b-4955-a924-3f5e0acf7447
2019-10-15 00:58:18,341 [pool-443-thread-1] INFO  server.RaftServerConfigKeys (ConfUtils.java:logGet(43)) - raft.server.log.statemachine.data.caching.enabled = true (custom)
2019-10-15 00:58:18,340 [pool-393-thread-1] INFO  server.RaftServerConfigKeys (ConfUtils.java:logGet(43)) - raft.server.log.queue.byte-limit = 2147483647 (custom)
2019-10-15 00:58:18,341 [pool-443-thread-1] INFO  segmented.SegmentedRaftLogWorker (SegmentedRaftLogWorker.java:lambda$new$0(128)) - 91c7735c-f887-4c28-a289-17cc148dd39e@group-3F5E0ACF7447-SegmentedRaftLogWorker: flushIndex: setUnconditionally 0 -> -1
2019-10-15 00:58:18,341 [pool-383-thread-1] INFO  server.RaftServerConfigKeys (ConfUtils.java:logGet(43)) - raft.server.log.queue.byte-limit = 2147483647 (custom)
2019-10-15 00:58:18,341 [pool-393-thread-1] INFO  server.RaftServerConfigKeys (ConfUtils.java:logGet(43)) - raft.server.log.queue.element-limit = 1024 (custom)
2019-10-15 00:58:18,341 [pool-383-thread-1] INFO  server.RaftServerConfigKeys (ConfUtils.java:logGet(43)) - raft.server.log.queue.element-limit = 1024 (custom)
2019-10-15 00:58:18,341 [pool-443-thread-1] INFO  server.RaftServerConfigKeys (ConfUtils.java:logGet(43)) - raft.server.snapshot.auto.trigger.enabled = true (custom)
2019-10-15 00:58:18,342 [pool-383-thread-1] INFO  server.RaftServerConfigKeys (ConfUtils.java:logGet(43)) - raft.server.log.segment.size.max = 1048576 (custom)
2019-10-15 00:58:18,341 [pool-393-thread-1] INFO  server.RaftServerConfigKeys (ConfUtils.java:logGet(43)) - raft.server.log.segment.size.max = 1048576 (custom)
2019-10-15 00:58:18,342 [pool-383-thread-1] INFO  server.RaftServerConfigKeys (ConfUtils.java:logGet(43)) - raft.server.log.preallocated.size = 16384 (custom)
2019-10-15 00:58:18,342 [pool-443-thread-1] INFO  server.RaftServerConfigKeys (ConfUtils.java:logGet(43)) - raft.server.snapshot.auto.trigger.threshold = 10000 (custom)
2019-10-15 00:58:18,342 [pool-383-thread-1] INFO  server.RaftServerConfigKeys (ConfUtils.java:logGet(43)) - raft.server.log.write.buffer.size = 33554432 (custom)
2019-10-15 00:58:18,342 [pool-393-thread-1] INFO  server.RaftServerConfigKeys (ConfUtils.java:logGet(43)) - raft.server.log.preallocated.size = 16384 (custom)
2019-10-15 00:58:18,342 [pool-383-thread-1] INFO  server.RaftServerConfigKeys (ConfUtils.java:logGet(43)) - raft.server.log.force.sync.num = 128 (default)
2019-10-15 00:58:18,342 [pool-443-thread-1] INFO  server.RaftServerConfigKeys (ConfUtils.java:logGet(43)) - raft.server.snapshot.retention.file.num = 5 (custom)
2019-10-15 00:58:18,343 [pool-383-thread-1] INFO  server.RaftServerConfigKeys (ConfUtils.java:logGet(43)) - raft.server.log.statemachine.data.sync = true (default)
2019-10-15 00:58:18,343 [pool-383-thread-1] INFO  server.RaftServerConfigKeys (ConfUtils.java:logGet(43)) - raft.server.log.statemachine.data.sync.timeout = 10s (default)
2019-10-15 00:58:18,342 [pool-393-thread-1] INFO  server.RaftServerConfigKeys (ConfUtils.java:logGet(43)) - raft.server.log.write.buffer.size = 33554432 (custom)
2019-10-15 00:58:18,343 [pool-383-thread-1] INFO  server.RaftServerConfigKeys (ConfUtils.java:logGet(43)) - raft.server.log.statemachine.data.sync.timeout.retry = -1 (default)
2019-10-15 00:58:18,343 [pool-443-thread-1] INFO  server.RaftServerConfigKeys (ConfUtils.java:logGet(43)) - raft.server.retrycache.expirytime = 600000ms (custom)
2019-10-15 00:58:18,343 [pool-383-thread-1] INFO  server.RaftServerConfigKeys (ConfUtils.java:logGet(43)) - raft.server.log.statemachine.data.caching.enabled = true (custom)
2019-10-15 00:58:18,343 [pool-393-thread-1] INFO  server.RaftServerConfigKeys (ConfUtils.java:logGet(43)) - raft.server.log.force.sync.num = 128 (default)
2019-10-15 00:58:18,344 [pool-383-thread-1] INFO  segmented.SegmentedRaftLogWorker (SegmentedRaftLogWorker.java:lambda$new$0(128)) - 0151c55e-3a7e-46cc-adf1-6da81881f204@group-3F5E0ACF7447-SegmentedRaftLogWorker: flushIndex: setUnconditionally 0 -> -1
2019-10-15 00:58:18,344 [pool-393-thread-1] INFO  server.RaftServerConfigKeys (ConfUtils.java:logGet(43)) - raft.server.log.statemachine.data.sync = true (default)
2019-10-15 00:58:18,344 [pool-393-thread-1] INFO  server.RaftServerConfigKeys (ConfUtils.java:logGet(43)) - raft.server.log.statemachine.data.sync.timeout = 10s (default)
2019-10-15 00:58:18,344 [pool-383-thread-1] INFO  server.RaftServerConfigKeys (ConfUtils.java:logGet(43)) - raft.server.snapshot.auto.trigger.enabled = true (custom)
2019-10-15 00:58:18,344 [pool-393-thread-1] INFO  server.RaftServerConfigKeys (ConfUtils.java:logGet(43)) - raft.server.log.statemachine.data.sync.timeout.retry = -1 (default)
2019-10-15 00:58:18,344 [pool-383-thread-1] INFO  server.RaftServerConfigKeys (ConfUtils.java:logGet(43)) - raft.server.snapshot.auto.trigger.threshold = 10000 (custom)
2019-10-15 00:58:18,345 [pool-393-thread-1] INFO  server.RaftServerConfigKeys (ConfUtils.java:logGet(43)) - raft.server.log.statemachine.data.caching.enabled = true (custom)
2019-10-15 00:58:18,345 [pool-383-thread-1] INFO  server.RaftServerConfigKeys (ConfUtils.java:logGet(43)) - raft.server.snapshot.retention.file.num = 5 (custom)
2019-10-15 00:58:18,345 [pool-393-thread-1] INFO  segmented.SegmentedRaftLogWorker (SegmentedRaftLogWorker.java:lambda$new$0(128)) - f8529145-e696-4a90-8b47-2b96a6036656@group-3F5E0ACF7447-SegmentedRaftLogWorker: flushIndex: setUnconditionally 0 -> -1
2019-10-15 00:58:18,345 [pool-383-thread-1] INFO  server.RaftServerConfigKeys (ConfUtils.java:logGet(43)) - raft.server.retrycache.expirytime = 600000ms (custom)
2019-10-15 00:58:18,345 [pool-443-thread-1] INFO  impl.RaftServerImpl (RaftServerImpl.java:start(181)) - 91c7735c-f887-4c28-a289-17cc148dd39e@group-3F5E0ACF7447: start as a follower, conf=-1: [f8529145-e696-4a90-8b47-2b96a6036656:192.168.164.218:38812, 91c7735c-f887-4c28-a289-17cc148dd39e:192.168.164.218:34616, 0151c55e-3a7e-46cc-adf1-6da81881f204:192.168.164.218:46456], old=null
2019-10-15 00:58:18,345 [pool-393-thread-1] INFO  server.RaftServerConfigKeys (ConfUtils.java:logGet(43)) - raft.server.snapshot.auto.trigger.enabled = true (custom)
2019-10-15 00:58:18,345 [pool-443-thread-1] INFO  impl.RaftServerImpl (RaftServerImpl.java:setRole(170)) - 91c7735c-f887-4c28-a289-17cc148dd39e@group-3F5E0ACF7447: changes role from      null to FOLLOWER at term 0 for startAsFollower
2019-10-15 00:58:18,345 [pool-393-thread-1] INFO  server.RaftServerConfigKeys (ConfUtils.java:logGet(43)) - raft.server.snapshot.auto.trigger.threshold = 10000 (custom)
2019-10-15 00:58:18,346 [pool-393-thread-1] INFO  server.RaftServerConfigKeys (ConfUtils.java:logGet(43)) - raft.server.snapshot.retention.file.num = 5 (custom)
2019-10-15 00:58:18,346 [pool-443-thread-1] INFO  impl.RoleInfo (RoleInfo.java:updateAndGet(143)) - 91c7735c-f887-4c28-a289-17cc148dd39e: start FollowerState
2019-10-15 00:58:18,346 [pool-393-thread-1] INFO  server.RaftServerConfigKeys (ConfUtils.java:logGet(43)) - raft.server.retrycache.expirytime = 600000ms (custom)
2019-10-15 00:58:18,346 [pool-443-thread-1] INFO  util.JmxRegister (JmxRegister.java:tryRegister(44)) - Successfully registered JMX Bean with object name Ratis:service=RaftServer,group=group-3F5E0ACF7447,id=91c7735c-f887-4c28-a289-17cc148dd39e
2019-10-15 00:58:18,347 [pool-383-thread-1] INFO  impl.RaftServerImpl (RaftServerImpl.java:start(181)) - 0151c55e-3a7e-46cc-adf1-6da81881f204@group-3F5E0ACF7447: start as a follower, conf=-1: [f8529145-e696-4a90-8b47-2b96a6036656:192.168.164.218:38812, 91c7735c-f887-4c28-a289-17cc148dd39e:192.168.164.218:34616, 0151c55e-3a7e-46cc-adf1-6da81881f204:192.168.164.218:46456], old=null
2019-10-15 00:58:18,347 [pool-383-thread-1] INFO  impl.RaftServerImpl (RaftServerImpl.java:setRole(170)) - 0151c55e-3a7e-46cc-adf1-6da81881f204@group-3F5E0ACF7447: changes role from      null to FOLLOWER at term 0 for startAsFollower
2019-10-15 00:58:18,348 [pool-383-thread-1] INFO  impl.RoleInfo (RoleInfo.java:updateAndGet(143)) - 0151c55e-3a7e-46cc-adf1-6da81881f204: start FollowerState
2019-10-15 00:58:18,348 [pool-383-thread-1] INFO  util.JmxRegister (JmxRegister.java:tryRegister(44)) - Successfully registered JMX Bean with object name Ratis:service=RaftServer,group=group-3F5E0ACF7447,id=0151c55e-3a7e-46cc-adf1-6da81881f204
2019-10-15 00:58:18,348 [pool-393-thread-1] INFO  impl.RaftServerImpl (RaftServerImpl.java:start(181)) - f8529145-e696-4a90-8b47-2b96a6036656@group-3F5E0ACF7447: start as a follower, conf=-1: [f8529145-e696-4a90-8b47-2b96a6036656:192.168.164.218:38812, 91c7735c-f887-4c28-a289-17cc148dd39e:192.168.164.218:34616, 0151c55e-3a7e-46cc-adf1-6da81881f204:192.168.164.218:46456], old=null
2019-10-15 00:58:18,348 [pool-393-thread-1] INFO  impl.RaftServerImpl (RaftServerImpl.java:setRole(170)) - f8529145-e696-4a90-8b47-2b96a6036656@group-3F5E0ACF7447: changes role from      null to FOLLOWER at term 0 for startAsFollower
2019-10-15 00:58:18,349 [pool-393-thread-1] INFO  impl.RoleInfo (RoleInfo.java:updateAndGet(143)) - f8529145-e696-4a90-8b47-2b96a6036656: start FollowerState
2019-10-15 00:58:18,349 [pool-393-thread-1] INFO  util.JmxRegister (JmxRegister.java:tryRegister(44)) - Successfully registered JMX Bean with object name Ratis:service=RaftServer,group=group-3F5E0ACF7447,id=f8529145-e696-4a90-8b47-2b96a6036656
2019-10-15 00:58:18,363 [RatisPipelineUtilsThread] INFO  pipeline.PipelineStateManager (PipelineStateManager.java:addPipeline(57)) - Created pipeline Pipeline[ Id: 2110fbd3-ea1b-4955-a924-3f5e0acf7447, Nodes: 0151c55e-3a7e-46cc-adf1-6da81881f204{ip: 192.168.164.218, host: pr-hdds-1868-7bj8h-208101609, networkLocation: /default-rack, certSerialId: null}91c7735c-f887-4c28-a289-17cc148dd39e{ip: 192.168.164.218, host: pr-hdds-1868-7bj8h-208101609, networkLocation: /default-rack, certSerialId: null}f8529145-e696-4a90-8b47-2b96a6036656{ip: 192.168.164.218, host: pr-hdds-1868-7bj8h-208101609, networkLocation: /default-rack, certSerialId: null}, Type:RATIS, Factor:THREE, State:ALLOCATED]
2019-10-15 00:58:18,370 [grpc-default-executor-4] INFO  impl.RaftServerProxy (RaftServerProxy.java:addNew(89)) - 3f7df7da-b219-487f-8006-3cfb850b729b: addNew group-8D77978FC02C:[5370a49f-0488-4254-b182-627088936824:192.168.164.218:34405, 3f7df7da-b219-487f-8006-3cfb850b729b:192.168.164.218:34625, 6f2fd86e-288d-46f4-8189-7559bb792ffd:192.168.164.218:42752] returns group-8D77978FC02C:java.util.concurrent.CompletableFuture@44d190aa[Not completed]
2019-10-15 00:58:18,370 [grpc-default-executor-6] INFO  impl.RaftServerProxy (RaftServerProxy.java:addNew(89)) - 5370a49f-0488-4254-b182-627088936824: addNew group-8D77978FC02C:[5370a49f-0488-4254-b182-627088936824:192.168.164.218:34405, 3f7df7da-b219-487f-8006-3cfb850b729b:192.168.164.218:34625, 6f2fd86e-288d-46f4-8189-7559bb792ffd:192.168.164.218:42752] returns group-8D77978FC02C:java.util.concurrent.CompletableFuture@5e40ac5[Not completed]
2019-10-15 00:58:18,370 [grpc-default-executor-2] INFO  impl.RaftServerProxy (RaftServerProxy.java:addNew(89)) - 6f2fd86e-288d-46f4-8189-7559bb792ffd: addNew group-8D77978FC02C:[5370a49f-0488-4254-b182-627088936824:192.168.164.218:34405, 3f7df7da-b219-487f-8006-3cfb850b729b:192.168.164.218:34625, 6f2fd86e-288d-46f4-8189-7559bb792ffd:192.168.164.218:42752] returns group-8D77978FC02C:java.util.concurrent.CompletableFuture@45e3e716[Not completed]
2019-10-15 00:58:18,372 [pool-403-thread-1] INFO  impl.RaftServerImpl (RaftServerImpl.java:<init>(95)) - 3f7df7da-b219-487f-8006-3cfb850b729b: new RaftServerImpl for group-8D77978FC02C:[5370a49f-0488-4254-b182-627088936824:192.168.164.218:34405, 3f7df7da-b219-487f-8006-3cfb850b729b:192.168.164.218:34625, 6f2fd86e-288d-46f4-8189-7559bb792ffd:192.168.164.218:42752] with ContainerStateMachine:uninitialized
2019-10-15 00:58:18,372 [pool-403-thread-1] INFO  server.RaftServerConfigKeys (ConfUtils.java:logGet(43)) - raft.server.rpc.timeout.min = 5s (custom)
2019-10-15 00:58:18,372 [pool-433-thread-1] INFO  impl.RaftServerImpl (RaftServerImpl.java:<init>(95)) - 6f2fd86e-288d-46f4-8189-7559bb792ffd: new RaftServerImpl for group-8D77978FC02C:[5370a49f-0488-4254-b182-627088936824:192.168.164.218:34405, 3f7df7da-b219-487f-8006-3cfb850b729b:192.168.164.218:34625, 6f2fd86e-288d-46f4-8189-7559bb792ffd:192.168.164.218:42752] with ContainerStateMachine:uninitialized
2019-10-15 00:58:18,372 [pool-403-thread-1] INFO  server.RaftServerConfigKeys (ConfUtils.java:logGet(43)) - raft.server.rpc.timeout.max = 5200ms (custom)
2019-10-15 00:58:18,372 [pool-433-thread-1] INFO  server.RaftServerConfigKeys (ConfUtils.java:logGet(43)) - raft.server.rpc.timeout.min = 5s (custom)
2019-10-15 00:58:18,372 [pool-403-thread-1] INFO  server.RaftServerConfigKeys (ConfUtils.java:logGet(43)) - raft.server.rpcslowness.timeout = 120s (custom)
2019-10-15 00:58:18,372 [pool-433-thread-1] INFO  server.RaftServerConfigKeys (ConfUtils.java:logGet(43)) - raft.server.rpc.timeout.max = 5200ms (custom)
2019-10-15 00:58:18,373 [pool-403-thread-1] INFO  server.RaftServerConfigKeys (ConfUtils.java:logGet(43)) - raft.server.sleep.deviation.threshold = 300 (default)
2019-10-15 00:58:18,372 [pool-413-thread-1] INFO  impl.RaftServerImpl (RaftServerImpl.java:<init>(95)) - 5370a49f-0488-4254-b182-627088936824: new RaftServerImpl for group-8D77978FC02C:[5370a49f-0488-4254-b182-627088936824:192.168.164.218:34405, 3f7df7da-b219-487f-8006-3cfb850b729b:192.168.164.218:34625, 6f2fd86e-288d-46f4-8189-7559bb792ffd:192.168.164.218:42752] with ContainerStateMachine:uninitialized
2019-10-15 00:58:18,373 [pool-403-thread-1] INFO  server.RaftServerConfigKeys (ConfUtils.java:logGet(43)) - raft.server.log.appender.install.snapshot.enabled = false (custom)
2019-10-15 00:58:18,373 [pool-433-thread-1] INFO  server.RaftServerConfigKeys (ConfUtils.java:logGet(43)) - raft.server.rpcslowness.timeout = 120s (custom)
2019-10-15 00:58:18,373 [pool-403-thread-1] INFO  impl.RaftServerImpl (ServerState.java:<init>(103)) - 3f7df7da-b219-487f-8006-3cfb850b729b@group-8D77978FC02C: ConfigurationManager, init=-1: [5370a49f-0488-4254-b182-627088936824:192.168.164.218:34405, 3f7df7da-b219-487f-8006-3cfb850b729b:192.168.164.218:34625, 6f2fd86e-288d-46f4-8189-7559bb792ffd:192.168.164.218:42752], old=null, confs=<EMPTY_MAP>
2019-10-15 00:58:18,373 [pool-413-thread-1] INFO  server.RaftServerConfigKeys (ConfUtils.java:logGet(43)) - raft.server.rpc.timeout.min = 5s (custom)
2019-10-15 00:58:18,373 [pool-433-thread-1] INFO  server.RaftServerConfigKeys (ConfUtils.java:logGet(43)) - raft.server.sleep.deviation.threshold = 300 (default)
2019-10-15 00:58:18,373 [pool-403-thread-1] INFO  server.RaftServerConfigKeys (ConfUtils.java:logGet(43)) - raft.server.storage.dir = [/workdir/hadoop-ozone/integration-test/target/test-dir/MiniOzoneClusterImpl-5d82b4cd-4e47-4b06-a8d5-8585c925b255/datanode-2/data/ratis] (custom)
2019-10-15 00:58:18,373 [pool-413-thread-1] INFO  server.RaftServerConfigKeys (ConfUtils.java:logGet(43)) - raft.server.rpc.timeout.max = 5200ms (custom)
2019-10-15 00:58:18,373 [pool-433-thread-1] INFO  server.RaftServerConfigKeys (ConfUtils.java:logGet(43)) - raft.server.log.appender.install.snapshot.enabled = false (custom)
2019-10-15 00:58:18,373 [pool-413-thread-1] INFO  server.RaftServerConfigKeys (ConfUtils.java:logGet(43)) - raft.server.rpcslowness.timeout = 120s (custom)
2019-10-15 00:58:18,374 [pool-403-thread-1] INFO  server.RaftServerConfigKeys (ConfUtils.java:logGet(43)) - raft.server.log.corruption.policy = EXCEPTION (default)
2019-10-15 00:58:18,374 [pool-433-thread-1] INFO  impl.RaftServerImpl (ServerState.java:<init>(103)) - 6f2fd86e-288d-46f4-8189-7559bb792ffd@group-8D77978FC02C: ConfigurationManager, init=-1: [5370a49f-0488-4254-b182-627088936824:192.168.164.218:34405, 3f7df7da-b219-487f-8006-3cfb850b729b:192.168.164.218:34625, 6f2fd86e-288d-46f4-8189-7559bb792ffd:192.168.164.218:42752], old=null, confs=<EMPTY_MAP>
2019-10-15 00:58:18,374 [pool-413-thread-1] INFO  server.RaftServerConfigKeys (ConfUtils.java:logGet(43)) - raft.server.sleep.deviation.threshold = 300 (default)
2019-10-15 00:58:18,374 [pool-433-thread-1] INFO  server.RaftServerConfigKeys (ConfUtils.java:logGet(43)) - raft.server.storage.dir = [/workdir/hadoop-ozone/integration-test/target/test-dir/MiniOzoneClusterImpl-5d82b4cd-4e47-4b06-a8d5-8585c925b255/datanode-5/data/ratis] (custom)
2019-10-15 00:58:18,374 [pool-403-thread-1] INFO  storage.RaftStorageDirectory (RaftStorageDirectory.java:analyzeStorage(246)) - The storage directory /workdir/hadoop-ozone/integration-test/target/test-dir/MiniOzoneClusterImpl-5d82b4cd-4e47-4b06-a8d5-8585c925b255/datanode-2/data/ratis/da321ad1-4428-4896-916d-8d77978fc02c does not exist. Creating ...
2019-10-15 00:58:18,374 [pool-433-thread-1] INFO  server.RaftServerConfigKeys (ConfUtils.java:logGet(43)) - raft.server.log.corruption.policy = EXCEPTION (default)
2019-10-15 00:58:18,374 [pool-413-thread-1] INFO  server.RaftServerConfigKeys (ConfUtils.java:logGet(43)) - raft.server.log.appender.install.snapshot.enabled = false (custom)
2019-10-15 00:58:18,374 [pool-433-thread-1] INFO  storage.RaftStorageDirectory (RaftStorageDirectory.java:analyzeStorage(246)) - The storage directory /workdir/hadoop-ozone/integration-test/target/test-dir/MiniOzoneClusterImpl-5d82b4cd-4e47-4b06-a8d5-8585c925b255/datanode-5/data/ratis/da321ad1-4428-4896-916d-8d77978fc02c does not exist. Creating ...
2019-10-15 00:58:18,374 [pool-413-thread-1] INFO  impl.RaftServerImpl (ServerState.java:<init>(103)) - 5370a49f-0488-4254-b182-627088936824@group-8D77978FC02C: ConfigurationManager, init=-1: [5370a49f-0488-4254-b182-627088936824:192.168.164.218:34405, 3f7df7da-b219-487f-8006-3cfb850b729b:192.168.164.218:34625, 6f2fd86e-288d-46f4-8189-7559bb792ffd:192.168.164.218:42752], old=null, confs=<EMPTY_MAP>
2019-10-15 00:58:18,374 [pool-413-thread-1] INFO  server.RaftServerConfigKeys (ConfUtils.java:logGet(43)) - raft.server.storage.dir = [/workdir/hadoop-ozone/integration-test/target/test-dir/MiniOzoneClusterImpl-5d82b4cd-4e47-4b06-a8d5-8585c925b255/datanode-3/data/ratis] (custom)
2019-10-15 00:58:18,375 [pool-413-thread-1] INFO  server.RaftServerConfigKeys (ConfUtils.java:logGet(43)) - raft.server.log.corruption.policy = EXCEPTION (default)
2019-10-15 00:58:18,375 [pool-413-thread-1] INFO  storage.RaftStorageDirectory (RaftStorageDirectory.java:analyzeStorage(246)) - The storage directory /workdir/hadoop-ozone/integration-test/target/test-dir/MiniOzoneClusterImpl-5d82b4cd-4e47-4b06-a8d5-8585c925b255/datanode-3/data/ratis/da321ad1-4428-4896-916d-8d77978fc02c does not exist. Creating ...
2019-10-15 00:58:18,405 [pool-433-thread-1] INFO  storage.RaftStorageDirectory (RaftStorageDirectory.java:tryLock(328)) - Lock on /workdir/hadoop-ozone/integration-test/target/test-dir/MiniOzoneClusterImpl-5d82b4cd-4e47-4b06-a8d5-8585c925b255/datanode-5/data/ratis/da321ad1-4428-4896-916d-8d77978fc02c/in_use.lock acquired by nodename 21128@pr-hdds-1868-7bj8h-208101609
2019-10-15 00:58:18,405 [pool-403-thread-1] INFO  storage.RaftStorageDirectory (RaftStorageDirectory.java:tryLock(328)) - Lock on /workdir/hadoop-ozone/integration-test/target/test-dir/MiniOzoneClusterImpl-5d82b4cd-4e47-4b06-a8d5-8585c925b255/datanode-2/data/ratis/da321ad1-4428-4896-916d-8d77978fc02c/in_use.lock acquired by nodename 21128@pr-hdds-1868-7bj8h-208101609
2019-10-15 00:58:18,405 [pool-413-thread-1] INFO  storage.RaftStorageDirectory (RaftStorageDirectory.java:tryLock(328)) - Lock on /workdir/hadoop-ozone/integration-test/target/test-dir/MiniOzoneClusterImpl-5d82b4cd-4e47-4b06-a8d5-8585c925b255/datanode-3/data/ratis/da321ad1-4428-4896-916d-8d77978fc02c/in_use.lock acquired by nodename 21128@pr-hdds-1868-7bj8h-208101609
2019-10-15 00:58:18,430 [pool-433-thread-1] INFO  storage.RaftStorage (RaftStorage.java:format(84)) - Storage directory /workdir/hadoop-ozone/integration-test/target/test-dir/MiniOzoneClusterImpl-5d82b4cd-4e47-4b06-a8d5-8585c925b255/datanode-5/data/ratis/da321ad1-4428-4896-916d-8d77978fc02c has been successfully formatted.
2019-10-15 00:58:18,430 [pool-403-thread-1] INFO  storage.RaftStorage (RaftStorage.java:format(84)) - Storage directory /workdir/hadoop-ozone/integration-test/target/test-dir/MiniOzoneClusterImpl-5d82b4cd-4e47-4b06-a8d5-8585c925b255/datanode-2/data/ratis/da321ad1-4428-4896-916d-8d77978fc02c has been successfully formatted.
2019-10-15 00:58:18,431 [pool-433-thread-1] INFO  ratis.ContainerStateMachine (ContainerStateMachine.java:loadSnapshot(233)) - group-8D77978FC02C: The snapshot info is null. Setting the last applied indexto:(t:0, i:~)
2019-10-15 00:58:18,430 [pool-413-thread-1] INFO  storage.RaftStorage (RaftStorage.java:format(84)) - Storage directory /workdir/hadoop-ozone/integration-test/target/test-dir/MiniOzoneClusterImpl-5d82b4cd-4e47-4b06-a8d5-8585c925b255/datanode-3/data/ratis/da321ad1-4428-4896-916d-8d77978fc02c has been successfully formatted.
2019-10-15 00:58:18,431 [pool-433-thread-1] INFO  server.RaftServerConfigKeys (ConfUtils.java:logGet(43)) - raft.server.notification.no-leader.timeout = 120s (custom)
2019-10-15 00:58:18,431 [pool-403-thread-1] INFO  ratis.ContainerStateMachine (ContainerStateMachine.java:loadSnapshot(233)) - group-8D77978FC02C: The snapshot info is null. Setting the last applied indexto:(t:0, i:~)
2019-10-15 00:58:18,431 [pool-413-thread-1] INFO  ratis.ContainerStateMachine (ContainerStateMachine.java:loadSnapshot(233)) - group-8D77978FC02C: The snapshot info is null. Setting the last applied indexto:(t:0, i:~)
2019-10-15 00:58:18,431 [pool-433-thread-1] INFO  server.RaftServerConfigKeys (ConfUtils.java:logGet(43)) - raft.server.log.use.memory = false (default)
2019-10-15 00:58:18,431 [pool-413-thread-1] INFO  server.RaftServerConfigKeys (ConfUtils.java:logGet(43)) - raft.server.notification.no-leader.timeout = 120s (custom)
2019-10-15 00:58:18,431 [pool-403-thread-1] INFO  server.RaftServerConfigKeys (ConfUtils.java:logGet(43)) - raft.server.notification.no-leader.timeout = 120s (custom)
2019-10-15 00:58:18,431 [pool-413-thread-1] INFO  server.RaftServerConfigKeys (ConfUtils.java:logGet(43)) - raft.server.log.use.memory = false (default)
2019-10-15 00:58:18,431 [pool-433-thread-1] INFO  server.RaftServerConfigKeys (ConfUtils.java:logGet(43)) - raft.server.log.purge.gap = 1000000 (custom)
2019-10-15 00:58:18,432 [pool-413-thread-1] INFO  server.RaftServerConfigKeys (ConfUtils.java:logGet(43)) - raft.server.log.purge.gap = 1000000 (custom)
2019-10-15 00:58:18,431 [pool-403-thread-1] INFO  server.RaftServerConfigKeys (ConfUtils.java:logGet(43)) - raft.server.log.use.memory = false (default)
2019-10-15 00:58:18,432 [pool-413-thread-1] INFO  server.RaftServerConfigKeys (ConfUtils.java:logGet(43)) - raft.server.log.appender.buffer.byte-limit = 33554432 (custom)
2019-10-15 00:58:18,432 [pool-433-thread-1] INFO  server.RaftServerConfigKeys (ConfUtils.java:logGet(43)) - raft.server.log.appender.buffer.byte-limit = 33554432 (custom)
2019-10-15 00:58:18,432 [pool-413-thread-1] INFO  server.RaftServerConfigKeys (ConfUtils.java:logGet(43)) - raft.server.log.segment.size.max = 1048576 (custom)
2019-10-15 00:58:18,432 [pool-403-thread-1] INFO  server.RaftServerConfigKeys (ConfUtils.java:logGet(43)) - raft.server.log.purge.gap = 1000000 (custom)
2019-10-15 00:58:18,432 [pool-413-thread-1] INFO  server.RaftServerConfigKeys (ConfUtils.java:logGet(43)) - raft.server.log.segment.cache.num.max = 2 (custom)
2019-10-15 00:58:18,432 [pool-433-thread-1] INFO  server.RaftServerConfigKeys (ConfUtils.java:logGet(43)) - raft.server.log.segment.size.max = 1048576 (custom)
2019-10-15 00:58:18,432 [pool-413-thread-1] INFO  segmented.SegmentedRaftLogWorker (SegmentedRaftLogWorker.java:<init>(173)) - new 5370a49f-0488-4254-b182-627088936824@group-8D77978FC02C-SegmentedRaftLogWorker for RaftStorage:Storage Directory /workdir/hadoop-ozone/integration-test/target/test-dir/MiniOzoneClusterImpl-5d82b4cd-4e47-4b06-a8d5-8585c925b255/datanode-3/data/ratis/da321ad1-4428-4896-916d-8d77978fc02c
2019-10-15 00:58:18,432 [pool-403-thread-1] INFO  server.RaftServerConfigKeys (ConfUtils.java:logGet(43)) - raft.server.log.appender.buffer.byte-limit = 33554432 (custom)
2019-10-15 00:58:18,433 [pool-413-thread-1] INFO  server.RaftServerConfigKeys (ConfUtils.java:logGet(43)) - raft.server.log.queue.byte-limit = 2147483647 (custom)
2019-10-15 00:58:18,433 [pool-433-thread-1] INFO  server.RaftServerConfigKeys (ConfUtils.java:logGet(43)) - raft.server.log.segment.cache.num.max = 2 (custom)
2019-10-15 00:58:18,433 [pool-413-thread-1] INFO  server.RaftServerConfigKeys (ConfUtils.java:logGet(43)) - raft.server.log.queue.element-limit = 1024 (custom)
2019-10-15 00:58:18,433 [pool-403-thread-1] INFO  server.RaftServerConfigKeys (ConfUtils.java:logGet(43)) - raft.server.log.segment.size.max = 1048576 (custom)
2019-10-15 00:58:18,433 [pool-413-thread-1] INFO  server.RaftServerConfigKeys (ConfUtils.java:logGet(43)) - raft.server.log.segment.size.max = 1048576 (custom)
2019-10-15 00:58:18,433 [pool-433-thread-1] INFO  segmented.SegmentedRaftLogWorker (SegmentedRaftLogWorker.java:<init>(173)) - new 6f2fd86e-288d-46f4-8189-7559bb792ffd@group-8D77978FC02C-SegmentedRaftLogWorker for RaftStorage:Storage Directory /workdir/hadoop-ozone/integration-test/target/test-dir/MiniOzoneClusterImpl-5d82b4cd-4e47-4b06-a8d5-8585c925b255/datanode-5/data/ratis/da321ad1-4428-4896-916d-8d77978fc02c
2019-10-15 00:58:18,433 [pool-413-thread-1] INFO  server.RaftServerConfigKeys (ConfUtils.java:logGet(43)) - raft.server.log.preallocated.size = 16384 (custom)
2019-10-15 00:58:18,433 [pool-403-thread-1] INFO  server.RaftServerConfigKeys (ConfUtils.java:logGet(43)) - raft.server.log.segment.cache.num.max = 2 (custom)
2019-10-15 00:58:18,433 [pool-413-thread-1] INFO  server.RaftServerConfigKeys (ConfUtils.java:logGet(43)) - raft.server.log.write.buffer.size = 33554432 (custom)
2019-10-15 00:58:18,433 [pool-433-thread-1] INFO  server.RaftServerConfigKeys (ConfUtils.java:logGet(43)) - raft.server.log.queue.byte-limit = 2147483647 (custom)
2019-10-15 00:58:18,434 [pool-413-thread-1] INFO  server.RaftServerConfigKeys (ConfUtils.java:logGet(43)) - raft.server.log.force.sync.num = 128 (default)
2019-10-15 00:58:18,434 [pool-403-thread-1] INFO  segmented.SegmentedRaftLogWorker (SegmentedRaftLogWorker.java:<init>(173)) - new 3f7df7da-b219-487f-8006-3cfb850b729b@group-8D77978FC02C-SegmentedRaftLogWorker for RaftStorage:Storage Directory /workdir/hadoop-ozone/integration-test/target/test-dir/MiniOzoneClusterImpl-5d82b4cd-4e47-4b06-a8d5-8585c925b255/datanode-2/data/ratis/da321ad1-4428-4896-916d-8d77978fc02c
2019-10-15 00:58:18,434 [pool-413-thread-1] INFO  server.RaftServerConfigKeys (ConfUtils.java:logGet(43)) - raft.server.log.statemachine.data.sync = true (default)
2019-10-15 00:58:18,434 [pool-433-thread-1] INFO  server.RaftServerConfigKeys (ConfUtils.java:logGet(43)) - raft.server.log.queue.element-limit = 1024 (custom)
2019-10-15 00:58:18,434 [pool-413-thread-1] INFO  server.RaftServerConfigKeys (ConfUtils.java:logGet(43)) - raft.server.log.statemachine.data.sync.timeout = 10s (default)
2019-10-15 00:58:18,434 [pool-403-thread-1] INFO  server.RaftServerConfigKeys (ConfUtils.java:logGet(43)) - raft.server.log.queue.byte-limit = 2147483647 (custom)
2019-10-15 00:58:18,434 [pool-413-thread-1] INFO  server.RaftServerConfigKeys (ConfUtils.java:logGet(43)) - raft.server.log.statemachine.data.sync.timeout.retry = -1 (default)
2019-10-15 00:58:18,434 [pool-433-thread-1] INFO  server.RaftServerConfigKeys (ConfUtils.java:logGet(43)) - raft.server.log.segment.size.max = 1048576 (custom)
2019-10-15 00:58:18,435 [pool-413-thread-1] INFO  server.RaftServerConfigKeys (ConfUtils.java:logGet(43)) - raft.server.log.statemachine.data.caching.enabled = true (custom)
2019-10-15 00:58:18,434 [pool-403-thread-1] INFO  server.RaftServerConfigKeys (ConfUtils.java:logGet(43)) - raft.server.log.queue.element-limit = 1024 (custom)
2019-10-15 00:58:18,435 [pool-413-thread-1] INFO  segmented.SegmentedRaftLogWorker (SegmentedRaftLogWorker.java:lambda$new$0(128)) - 5370a49f-0488-4254-b182-627088936824@group-8D77978FC02C-SegmentedRaftLogWorker: flushIndex: setUnconditionally 0 -> -1
2019-10-15 00:58:18,435 [pool-433-thread-1] INFO  server.RaftServerConfigKeys (ConfUtils.java:logGet(43)) - raft.server.log.preallocated.size = 16384 (custom)
2019-10-15 00:58:18,435 [pool-403-thread-1] INFO  server.RaftServerConfigKeys (ConfUtils.java:logGet(43)) - raft.server.log.segment.size.max = 1048576 (custom)
2019-10-15 00:58:18,435 [pool-413-thread-1] INFO  server.RaftServerConfigKeys (ConfUtils.java:logGet(43)) - raft.server.snapshot.auto.trigger.enabled = true (custom)
2019-10-15 00:58:18,435 [pool-433-thread-1] INFO  server.RaftServerConfigKeys (ConfUtils.java:logGet(43)) - raft.server.log.write.buffer.size = 33554432 (custom)
2019-10-15 00:58:18,435 [pool-413-thread-1] INFO  server.RaftServerConfigKeys (ConfUtils.java:logGet(43)) - raft.server.snapshot.auto.trigger.threshold = 10000 (custom)
2019-10-15 00:58:18,435 [pool-403-thread-1] INFO  server.RaftServerConfigKeys (ConfUtils.java:logGet(43)) - raft.server.log.preallocated.size = 16384 (custom)
2019-10-15 00:58:18,436 [pool-413-thread-1] INFO  server.RaftServerConfigKeys (ConfUtils.java:logGet(43)) - raft.server.snapshot.retention.file.num = 5 (custom)
2019-10-15 00:58:18,435 [pool-433-thread-1] INFO  server.RaftServerConfigKeys (ConfUtils.java:logGet(43)) - raft.server.log.force.sync.num = 128 (default)
2019-10-15 00:58:18,436 [pool-413-thread-1] INFO  server.RaftServerConfigKeys (ConfUtils.java:logGet(43)) - raft.server.retrycache.expirytime = 600000ms (custom)
2019-10-15 00:58:18,436 [pool-403-thread-1] INFO  server.RaftServerConfigKeys (ConfUtils.java:logGet(43)) - raft.server.log.write.buffer.size = 33554432 (custom)
2019-10-15 00:58:18,436 [pool-433-thread-1] INFO  server.RaftServerConfigKeys (ConfUtils.java:logGet(43)) - raft.server.log.statemachine.data.sync = true (default)
2019-10-15 00:58:18,436 [pool-403-thread-1] INFO  server.RaftServerConfigKeys (ConfUtils.java:logGet(43)) - raft.server.log.force.sync.num = 128 (default)
2019-10-15 00:58:18,436 [pool-433-thread-1] INFO  server.RaftServerConfigKeys (ConfUtils.java:logGet(43)) - raft.server.log.statemachine.data.sync.timeout = 10s (default)
2019-10-15 00:58:18,436 [pool-403-thread-1] INFO  server.RaftServerConfigKeys (ConfUtils.java:logGet(43)) - raft.server.log.statemachine.data.sync = true (default)
2019-10-15 00:58:18,436 [pool-433-thread-1] INFO  server.RaftServerConfigKeys (ConfUtils.java:logGet(43)) - raft.server.log.statemachine.data.sync.timeout.retry = -1 (default)
2019-10-15 00:58:18,437 [pool-403-thread-1] INFO  server.RaftServerConfigKeys (ConfUtils.java:logGet(43)) - raft.server.log.statemachine.data.sync.timeout = 10s (default)
2019-10-15 00:58:18,437 [pool-433-thread-1] INFO  server.RaftServerConfigKeys (ConfUtils.java:logGet(43)) - raft.server.log.statemachine.data.caching.enabled = true (custom)
2019-10-15 00:58:18,437 [pool-403-thread-1] INFO  server.RaftServerConfigKeys (ConfUtils.java:logGet(43)) - raft.server.log.statemachine.data.sync.timeout.retry = -1 (default)
2019-10-15 00:58:18,437 [pool-433-thread-1] INFO  segmented.SegmentedRaftLogWorker (SegmentedRaftLogWorker.java:lambda$new$0(128)) - 6f2fd86e-288d-46f4-8189-7559bb792ffd@group-8D77978FC02C-SegmentedRaftLogWorker: flushIndex: setUnconditionally 0 -> -1
2019-10-15 00:58:18,437 [pool-403-thread-1] INFO  server.RaftServerConfigKeys (ConfUtils.java:logGet(43)) - raft.server.log.statemachine.data.caching.enabled = true (custom)
2019-10-15 00:58:18,437 [pool-433-thread-1] INFO  server.RaftServerConfigKeys (ConfUtils.java:logGet(43)) - raft.server.snapshot.auto.trigger.enabled = true (custom)
2019-10-15 00:58:18,438 [pool-433-thread-1] INFO  server.RaftServerConfigKeys (ConfUtils.java:logGet(43)) - raft.server.snapshot.auto.trigger.threshold = 10000 (custom)
2019-10-15 00:58:18,438 [pool-403-thread-1] INFO  segmented.SegmentedRaftLogWorker (SegmentedRaftLogWorker.java:lambda$new$0(128)) - 3f7df7da-b219-487f-8006-3cfb850b729b@group-8D77978FC02C-SegmentedRaftLogWorker: flushIndex: setUnconditionally 0 -> -1
2019-10-15 00:58:18,438 [pool-413-thread-1] INFO  impl.RaftServerImpl (RaftServerImpl.java:start(181)) - 5370a49f-0488-4254-b182-627088936824@group-8D77978FC02C: start as a follower, conf=-1: [5370a49f-0488-4254-b182-627088936824:192.168.164.218:34405, 3f7df7da-b219-487f-8006-3cfb850b729b:192.168.164.218:34625, 6f2fd86e-288d-46f4-8189-7559bb792ffd:192.168.164.218:42752], old=null
2019-10-15 00:58:18,438 [pool-433-thread-1] INFO  server.RaftServerConfigKeys (ConfUtils.java:logGet(43)) - raft.server.snapshot.retention.file.num = 5 (custom)
2019-10-15 00:58:18,438 [pool-403-thread-1] INFO  server.RaftServerConfigKeys (ConfUtils.java:logGet(43)) - raft.server.snapshot.auto.trigger.enabled = true (custom)
2019-10-15 00:58:18,438 [pool-413-thread-1] INFO  impl.RaftServerImpl (RaftServerImpl.java:setRole(170)) - 5370a49f-0488-4254-b182-627088936824@group-8D77978FC02C: changes role from      null to FOLLOWER at term 0 for startAsFollower
2019-10-15 00:58:18,438 [pool-403-thread-1] INFO  server.RaftServerConfigKeys (ConfUtils.java:logGet(43)) - raft.server.snapshot.auto.trigger.threshold = 10000 (custom)
2019-10-15 00:58:18,438 [pool-433-thread-1] INFO  server.RaftServerConfigKeys (ConfUtils.java:logGet(43)) - raft.server.retrycache.expirytime = 600000ms (custom)
2019-10-15 00:58:18,438 [pool-403-thread-1] INFO  server.RaftServerConfigKeys (ConfUtils.java:logGet(43)) - raft.server.snapshot.retention.file.num = 5 (custom)
2019-10-15 00:58:18,438 [pool-413-thread-1] INFO  impl.RoleInfo (RoleInfo.java:updateAndGet(143)) - 5370a49f-0488-4254-b182-627088936824: start FollowerState
2019-10-15 00:58:18,439 [pool-403-thread-1] INFO  server.RaftServerConfigKeys (ConfUtils.java:logGet(43)) - raft.server.retrycache.expirytime = 600000ms (custom)
2019-10-15 00:58:18,439 [pool-413-thread-1] INFO  util.JmxRegister (JmxRegister.java:tryRegister(44)) - Successfully registered JMX Bean with object name Ratis:service=RaftServer,group=group-8D77978FC02C,id=5370a49f-0488-4254-b182-627088936824
2019-10-15 00:58:18,441 [pool-433-thread-1] INFO  impl.RaftServerImpl (RaftServerImpl.java:start(181)) - 6f2fd86e-288d-46f4-8189-7559bb792ffd@group-8D77978FC02C: start as a follower, conf=-1: [5370a49f-0488-4254-b182-627088936824:192.168.164.218:34405, 3f7df7da-b219-487f-8006-3cfb850b729b:192.168.164.218:34625, 6f2fd86e-288d-46f4-8189-7559bb792ffd:192.168.164.218:42752], old=null
2019-10-15 00:58:18,441 [pool-433-thread-1] INFO  impl.RaftServerImpl (RaftServerImpl.java:setRole(170)) - 6f2fd86e-288d-46f4-8189-7559bb792ffd@group-8D77978FC02C: changes role from      null to FOLLOWER at term 0 for startAsFollower
2019-10-15 00:58:18,441 [pool-433-thread-1] INFO  impl.RoleInfo (RoleInfo.java:updateAndGet(143)) - 6f2fd86e-288d-46f4-8189-7559bb792ffd: start FollowerState
2019-10-15 00:58:18,442 [pool-433-thread-1] INFO  util.JmxRegister (JmxRegister.java:tryRegister(44)) - Successfully registered JMX Bean with object name Ratis:service=RaftServer,group=group-8D77978FC02C,id=6f2fd86e-288d-46f4-8189-7559bb792ffd
2019-10-15 00:58:18,442 [pool-403-thread-1] INFO  impl.RaftServerImpl (RaftServerImpl.java:start(181)) - 3f7df7da-b219-487f-8006-3cfb850b729b@group-8D77978FC02C: start as a follower, conf=-1: [5370a49f-0488-4254-b182-627088936824:192.168.164.218:34405, 3f7df7da-b219-487f-8006-3cfb850b729b:192.168.164.218:34625, 6f2fd86e-288d-46f4-8189-7559bb792ffd:192.168.164.218:42752], old=null
2019-10-15 00:58:18,442 [pool-403-thread-1] INFO  impl.RaftServerImpl (RaftServerImpl.java:setRole(170)) - 3f7df7da-b219-487f-8006-3cfb850b729b@group-8D77978FC02C: changes role from      null to FOLLOWER at term 0 for startAsFollower
2019-10-15 00:58:18,442 [pool-403-thread-1] INFO  impl.RoleInfo (RoleInfo.java:updateAndGet(143)) - 3f7df7da-b219-487f-8006-3cfb850b729b: start FollowerState
2019-10-15 00:58:18,443 [pool-403-thread-1] INFO  util.JmxRegister (JmxRegister.java:tryRegister(44)) - Successfully registered JMX Bean with object name Ratis:service=RaftServer,group=group-8D77978FC02C,id=3f7df7da-b219-487f-8006-3cfb850b729b
2019-10-15 00:58:18,447 [RatisPipelineUtilsThread] INFO  pipeline.PipelineStateManager (PipelineStateManager.java:addPipeline(57)) - Created pipeline Pipeline[ Id: da321ad1-4428-4896-916d-8d77978fc02c, Nodes: 5370a49f-0488-4254-b182-627088936824{ip: 192.168.164.218, host: pr-hdds-1868-7bj8h-208101609, networkLocation: /default-rack, certSerialId: null}3f7df7da-b219-487f-8006-3cfb850b729b{ip: 192.168.164.218, host: pr-hdds-1868-7bj8h-208101609, networkLocation: /default-rack, certSerialId: null}6f2fd86e-288d-46f4-8189-7559bb792ffd{ip: 192.168.164.218, host: pr-hdds-1868-7bj8h-208101609, networkLocation: /default-rack, certSerialId: null}, Type:RATIS, Factor:THREE, State:ALLOCATED]
2019-10-15 00:58:18,447 [main] INFO  ozone.MiniOzoneClusterImpl (MiniOzoneClusterImpl.java:lambda$waitForClusterToBeReady$2(164)) - Waiting for 9 number of pipelines out of 9, to report a leader.
2019-10-15 00:58:19,449 [main] INFO  ozone.MiniOzoneClusterImpl (MiniOzoneClusterImpl.java:lambda$waitForClusterToBeReady$2(164)) - Waiting for 9 number of pipelines out of 9, to report a leader.
2019-10-15 00:58:20,453 [main] INFO  ozone.MiniOzoneClusterImpl (MiniOzoneClusterImpl.java:lambda$waitForClusterToBeReady$2(164)) - Waiting for 9 number of pipelines out of 9, to report a leader.
2019-10-15 00:58:20,766 [Thread-2436] INFO  container.ReplicationManager (ReplicationManager.java:start(162)) - Starting Replication Monitor Thread.
2019-10-15 00:58:20,766 [Thread-2436] INFO  pipeline.SCMPipelineManager (SCMPipelineManager.java:finalizeAndDestroyPipeline(315)) - destroying pipeline:Pipeline[ Id: 6b6f02d5-c41c-4aaf-8630-4aec7b2adf2e, Nodes: f8529145-e696-4a90-8b47-2b96a6036656{ip: 192.168.164.218, host: pr-hdds-1868-7bj8h-208101609, networkLocation: /default-rack, certSerialId: null}, Type:RATIS, Factor:ONE, State:ALLOCATED]
2019-10-15 00:58:20,770 [ReplicationMonitor] INFO  container.ReplicationManager (ReplicationManager.java:run(225)) - Replication Monitor Thread took 0 milliseconds for processing 0 containers.
2019-10-15 00:58:20,770 [Thread-2436] INFO  pipeline.PipelineStateManager (PipelineStateManager.java:finalizePipeline(123)) - Pipeline Pipeline[ Id: 6b6f02d5-c41c-4aaf-8630-4aec7b2adf2e, Nodes: f8529145-e696-4a90-8b47-2b96a6036656{ip: 192.168.164.218, host: pr-hdds-1868-7bj8h-208101609, networkLocation: /default-rack, certSerialId: null}, Type:RATIS, Factor:ONE, State:CLOSED] moved to CLOSED state
2019-10-15 00:58:20,781 [grpc-default-executor-2] INFO  impl.RaftServerProxy (RaftServerProxy.java:remove(95)) - f8529145-e696-4a90-8b47-2b96a6036656: remove  FOLLOWER f8529145-e696-4a90-8b47-2b96a6036656@group-4AEC7B2ADF2E:t0, leader=null, voted=null, raftlog=f8529145-e696-4a90-8b47-2b96a6036656@group-4AEC7B2ADF2E-SegmentedRaftLog:OPENED:c-1,f-1,i0, conf=-1: [f8529145-e696-4a90-8b47-2b96a6036656:192.168.164.218:38812], old=null RUNNING
2019-10-15 00:58:20,781 [grpc-default-executor-2] INFO  impl.RaftServerImpl (RaftServerImpl.java:lambda$shutdown$3(247)) - f8529145-e696-4a90-8b47-2b96a6036656@group-4AEC7B2ADF2E: shutdown
2019-10-15 00:58:20,782 [grpc-default-executor-2] INFO  util.JmxRegister (JmxRegister.java:unregister(73)) - Successfully un-registered JMX Bean with object name Ratis:service=RaftServer,group=group-4AEC7B2ADF2E,id=f8529145-e696-4a90-8b47-2b96a6036656
2019-10-15 00:58:20,782 [grpc-default-executor-2] INFO  impl.RoleInfo (RoleInfo.java:shutdownFollowerState(121)) - f8529145-e696-4a90-8b47-2b96a6036656: shutdown FollowerState
2019-10-15 00:58:20,782 [grpc-default-executor-2] INFO  impl.StateMachineUpdater (StateMachineUpdater.java:stopAndJoin(136)) - f8529145-e696-4a90-8b47-2b96a6036656@group-4AEC7B2ADF2E-StateMachineUpdater: set stopIndex = -1
2019-10-15 00:58:20,782 [Thread-2441] INFO  impl.FollowerState (FollowerState.java:run(117)) - f8529145-e696-4a90-8b47-2b96a6036656@group-4AEC7B2ADF2E-FollowerState was interrupted: java.lang.InterruptedException: sleep interrupted
2019-10-15 00:58:20,782 [grpc-default-executor-2] INFO  impl.RaftServerImpl (ServerState.java:close(387)) - f8529145-e696-4a90-8b47-2b96a6036656@group-4AEC7B2ADF2E: closes. applyIndex: -1
2019-10-15 00:58:20,783 [f8529145-e696-4a90-8b47-2b96a6036656@group-4AEC7B2ADF2E-SegmentedRaftLogWorker] INFO  segmented.SegmentedRaftLogWorker (SegmentedRaftLogWorker.java:run(316)) - f8529145-e696-4a90-8b47-2b96a6036656@group-4AEC7B2ADF2E-SegmentedRaftLogWorker was interrupted, exiting. There are 0 tasks remaining in the queue.
2019-10-15 00:58:20,783 [grpc-default-executor-2] INFO  segmented.SegmentedRaftLogWorker (SegmentedRaftLogWorker.java:close(224)) - f8529145-e696-4a90-8b47-2b96a6036656@group-4AEC7B2ADF2E-SegmentedRaftLogWorker close()
2019-10-15 00:58:20,793 [Thread-2436] INFO  pipeline.PipelineStateManager (PipelineStateManager.java:removePipeline(108)) - Pipeline Pipeline[ Id: 6b6f02d5-c41c-4aaf-8630-4aec7b2adf2e, Nodes: f8529145-e696-4a90-8b47-2b96a6036656{ip: 192.168.164.218, host: pr-hdds-1868-7bj8h-208101609, networkLocation: /default-rack, certSerialId: null}, Type:RATIS, Factor:ONE, State:CLOSED] removed from db
2019-10-15 00:58:20,796 [Thread-2436] INFO  pipeline.SCMPipelineManager (SCMPipelineManager.java:finalizeAndDestroyPipeline(315)) - destroying pipeline:Pipeline[ Id: c92db8ac-171d-45a6-8c2b-78e023339e60, Nodes: 5370a49f-0488-4254-b182-627088936824{ip: 192.168.164.218, host: pr-hdds-1868-7bj8h-208101609, networkLocation: /default-rack, certSerialId: null}, Type:RATIS, Factor:ONE, State:ALLOCATED]
2019-10-15 00:58:20,800 [grpc-default-executor-2] INFO  impl.RaftServerProxy (RaftServerProxy.java:addNew(89)) - f8529145-e696-4a90-8b47-2b96a6036656: addNew group-BDE7D98D7E21:[f8529145-e696-4a90-8b47-2b96a6036656:192.168.164.218:38812] returns group-BDE7D98D7E21:java.util.concurrent.CompletableFuture@10b2812b[Not completed]
2019-10-15 00:58:20,801 [pool-393-thread-1] INFO  impl.RaftServerImpl (RaftServerImpl.java:<init>(95)) - f8529145-e696-4a90-8b47-2b96a6036656: new RaftServerImpl for group-BDE7D98D7E21:[f8529145-e696-4a90-8b47-2b96a6036656:192.168.164.218:38812] with ContainerStateMachine:uninitialized
2019-10-15 00:58:20,801 [pool-393-thread-1] INFO  server.RaftServerConfigKeys (ConfUtils.java:logGet(43)) - raft.server.rpc.timeout.min = 5s (custom)
2019-10-15 00:58:20,802 [pool-393-thread-1] INFO  server.RaftServerConfigKeys (ConfUtils.java:logGet(43)) - raft.server.rpc.timeout.max = 5200ms (custom)
2019-10-15 00:58:20,802 [pool-393-thread-1] INFO  server.RaftServerConfigKeys (ConfUtils.java:logGet(43)) - raft.server.rpcslowness.timeout = 120s (custom)
2019-10-15 00:58:20,802 [pool-393-thread-1] INFO  server.RaftServerConfigKeys (ConfUtils.java:logGet(43)) - raft.server.sleep.deviation.threshold = 300 (default)
2019-10-15 00:58:20,802 [pool-393-thread-1] INFO  server.RaftServerConfigKeys (ConfUtils.java:logGet(43)) - raft.server.log.appender.install.snapshot.enabled = false (custom)
2019-10-15 00:58:20,802 [pool-393-thread-1] INFO  impl.RaftServerImpl (ServerState.java:<init>(103)) - f8529145-e696-4a90-8b47-2b96a6036656@group-BDE7D98D7E21: ConfigurationManager, init=-1: [f8529145-e696-4a90-8b47-2b96a6036656:192.168.164.218:38812], old=null, confs=<EMPTY_MAP>
2019-10-15 00:58:20,802 [pool-393-thread-1] INFO  server.RaftServerConfigKeys (ConfUtils.java:logGet(43)) - raft.server.storage.dir = [/workdir/hadoop-ozone/integration-test/target/test-dir/MiniOzoneClusterImpl-5d82b4cd-4e47-4b06-a8d5-8585c925b255/datanode-1/data/ratis] (custom)
2019-10-15 00:58:20,803 [pool-393-thread-1] INFO  server.RaftServerConfigKeys (ConfUtils.java:logGet(43)) - raft.server.log.corruption.policy = EXCEPTION (default)
2019-10-15 00:58:20,803 [pool-393-thread-1] INFO  storage.RaftStorageDirectory (RaftStorageDirectory.java:analyzeStorage(246)) - The storage directory /workdir/hadoop-ozone/integration-test/target/test-dir/MiniOzoneClusterImpl-5d82b4cd-4e47-4b06-a8d5-8585c925b255/datanode-1/data/ratis/08e929c1-bfb7-4079-9cb1-bde7d98d7e21 does not exist. Creating ...
2019-10-15 00:58:20,848 [pool-393-thread-1] INFO  storage.RaftStorageDirectory (RaftStorageDirectory.java:tryLock(328)) - Lock on /workdir/hadoop-ozone/integration-test/target/test-dir/MiniOzoneClusterImpl-5d82b4cd-4e47-4b06-a8d5-8585c925b255/datanode-1/data/ratis/08e929c1-bfb7-4079-9cb1-bde7d98d7e21/in_use.lock acquired by nodename 21128@pr-hdds-1868-7bj8h-208101609
2019-10-15 00:58:20,865 [pool-393-thread-1] INFO  storage.RaftStorage (RaftStorage.java:format(84)) - Storage directory /workdir/hadoop-ozone/integration-test/target/test-dir/MiniOzoneClusterImpl-5d82b4cd-4e47-4b06-a8d5-8585c925b255/datanode-1/data/ratis/08e929c1-bfb7-4079-9cb1-bde7d98d7e21 has been successfully formatted.
2019-10-15 00:58:20,865 [pool-393-thread-1] INFO  ratis.ContainerStateMachine (ContainerStateMachine.java:loadSnapshot(233)) - group-BDE7D98D7E21: The snapshot info is null. Setting the last applied indexto:(t:0, i:~)
2019-10-15 00:58:20,865 [pool-393-thread-1] INFO  server.RaftServerConfigKeys (ConfUtils.java:logGet(43)) - raft.server.notification.no-leader.timeout = 120s (custom)
2019-10-15 00:58:20,865 [pool-393-thread-1] INFO  server.RaftServerConfigKeys (ConfUtils.java:logGet(43)) - raft.server.log.use.memory = false (default)
2019-10-15 00:58:20,866 [pool-393-thread-1] INFO  server.RaftServerConfigKeys (ConfUtils.java:logGet(43)) - raft.server.log.purge.gap = 1000000 (custom)
2019-10-15 00:58:20,866 [pool-393-thread-1] INFO  server.RaftServerConfigKeys (ConfUtils.java:logGet(43)) - raft.server.log.appender.buffer.byte-limit = 33554432 (custom)
2019-10-15 00:58:20,866 [pool-393-thread-1] INFO  server.RaftServerConfigKeys (ConfUtils.java:logGet(43)) - raft.server.log.segment.size.max = 1048576 (custom)
2019-10-15 00:58:20,866 [pool-393-thread-1] INFO  server.RaftServerConfigKeys (ConfUtils.java:logGet(43)) - raft.server.log.segment.cache.num.max = 2 (custom)
2019-10-15 00:58:20,866 [pool-393-thread-1] INFO  segmented.SegmentedRaftLogWorker (SegmentedRaftLogWorker.java:<init>(173)) - new f8529145-e696-4a90-8b47-2b96a6036656@group-BDE7D98D7E21-SegmentedRaftLogWorker for RaftStorage:Storage Directory /workdir/hadoop-ozone/integration-test/target/test-dir/MiniOzoneClusterImpl-5d82b4cd-4e47-4b06-a8d5-8585c925b255/datanode-1/data/ratis/08e929c1-bfb7-4079-9cb1-bde7d98d7e21
2019-10-15 00:58:20,866 [pool-393-thread-1] INFO  server.RaftServerConfigKeys (ConfUtils.java:logGet(43)) - raft.server.log.queue.byte-limit = 2147483647 (custom)
2019-10-15 00:58:20,867 [pool-393-thread-1] INFO  server.RaftServerConfigKeys (ConfUtils.java:logGet(43)) - raft.server.log.queue.element-limit = 1024 (custom)
2019-10-15 00:58:20,867 [pool-393-thread-1] INFO  server.RaftServerConfigKeys (ConfUtils.java:logGet(43)) - raft.server.log.segment.size.max = 1048576 (custom)
2019-10-15 00:58:20,867 [pool-393-thread-1] INFO  server.RaftServerConfigKeys (ConfUtils.java:logGet(43)) - raft.server.log.preallocated.size = 16384 (custom)
2019-10-15 00:58:20,867 [pool-393-thread-1] INFO  server.RaftServerConfigKeys (ConfUtils.java:logGet(43)) - raft.server.log.write.buffer.size = 33554432 (custom)
2019-10-15 00:58:20,867 [pool-393-thread-1] INFO  server.RaftServerConfigKeys (ConfUtils.java:logGet(43)) - raft.server.log.force.sync.num = 128 (default)
2019-10-15 00:58:20,867 [pool-393-thread-1] INFO  server.RaftServerConfigKeys (ConfUtils.java:logGet(43)) - raft.server.log.statemachine.data.sync = true (default)
2019-10-15 00:58:20,867 [pool-393-thread-1] INFO  server.RaftServerConfigKeys (ConfUtils.java:logGet(43)) - raft.server.log.statemachine.data.sync.timeout = 10s (default)
2019-10-15 00:58:20,868 [pool-393-thread-1] INFO  server.RaftServerConfigKeys (ConfUtils.java:logGet(43)) - raft.server.log.statemachine.data.sync.timeout.retry = -1 (default)
2019-10-15 00:58:20,868 [pool-393-thread-1] INFO  server.RaftServerConfigKeys (ConfUtils.java:logGet(43)) - raft.server.log.statemachine.data.caching.enabled = true (custom)
2019-10-15 00:58:20,868 [pool-393-thread-1] INFO  segmented.SegmentedRaftLogWorker (SegmentedRaftLogWorker.java:lambda$new$0(128)) - f8529145-e696-4a90-8b47-2b96a6036656@group-BDE7D98D7E21-SegmentedRaftLogWorker: flushIndex: setUnconditionally 0 -> -1
2019-10-15 00:58:20,869 [pool-393-thread-1] INFO  server.RaftServerConfigKeys (ConfUtils.java:logGet(43)) - raft.server.snapshot.auto.trigger.enabled = true (custom)
2019-10-15 00:58:20,869 [pool-393-thread-1] INFO  server.RaftServerConfigKeys (ConfUtils.java:logGet(43)) - raft.server.snapshot.auto.trigger.threshold = 10000 (custom)
2019-10-15 00:58:20,869 [pool-393-thread-1] INFO  server.RaftServerConfigKeys (ConfUtils.java:logGet(43)) - raft.server.snapshot.retention.file.num = 5 (custom)
2019-10-15 00:58:20,869 [pool-393-thread-1] INFO  server.RaftServerConfigKeys (ConfUtils.java:logGet(43)) - raft.server.retrycache.expirytime = 600000ms (custom)
2019-10-15 00:58:20,871 [pool-393-thread-1] INFO  impl.RaftServerImpl (RaftServerImpl.java:start(181)) - f8529145-e696-4a90-8b47-2b96a6036656@group-BDE7D98D7E21: start as a follower, conf=-1: [f8529145-e696-4a90-8b47-2b96a6036656:192.168.164.218:38812], old=null
2019-10-15 00:58:20,871 [pool-393-thread-1] INFO  impl.RaftServerImpl (RaftServerImpl.java:setRole(170)) - f8529145-e696-4a90-8b47-2b96a6036656@group-BDE7D98D7E21: changes role from      null to FOLLOWER at term 0 for startAsFollower
2019-10-15 00:58:20,872 [pool-393-thread-1] INFO  impl.RoleInfo (RoleInfo.java:updateAndGet(143)) - f8529145-e696-4a90-8b47-2b96a6036656: start FollowerState
2019-10-15 00:58:20,872 [pool-393-thread-1] INFO  util.JmxRegister (JmxRegister.java:tryRegister(44)) - Successfully registered JMX Bean with object name Ratis:service=RaftServer,group=group-BDE7D98D7E21,id=f8529145-e696-4a90-8b47-2b96a6036656
2019-10-15 00:58:20,877 [RatisPipelineUtilsThread] INFO  pipeline.PipelineStateManager (PipelineStateManager.java:addPipeline(57)) - Created pipeline Pipeline[ Id: 08e929c1-bfb7-4079-9cb1-bde7d98d7e21, Nodes: f8529145-e696-4a90-8b47-2b96a6036656{ip: 192.168.164.218, host: pr-hdds-1868-7bj8h-208101609, networkLocation: /default-rack, certSerialId: null}, Type:RATIS, Factor:ONE, State:ALLOCATED]
2019-10-15 00:58:20,877 [Thread-2436] INFO  pipeline.PipelineStateManager (PipelineStateManager.java:finalizePipeline(123)) - Pipeline Pipeline[ Id: c92db8ac-171d-45a6-8c2b-78e023339e60, Nodes: 5370a49f-0488-4254-b182-627088936824{ip: 192.168.164.218, host: pr-hdds-1868-7bj8h-208101609, networkLocation: /default-rack, certSerialId: null}, Type:RATIS, Factor:ONE, State:CLOSED] moved to CLOSED state
2019-10-15 00:58:20,886 [grpc-default-executor-2] INFO  impl.RaftServerProxy (RaftServerProxy.java:remove(95)) - 5370a49f-0488-4254-b182-627088936824: remove  FOLLOWER 5370a49f-0488-4254-b182-627088936824@group-78E023339E60:t0, leader=null, voted=null, raftlog=5370a49f-0488-4254-b182-627088936824@group-78E023339E60-SegmentedRaftLog:OPENED:c-1,f-1,i0, conf=-1: [5370a49f-0488-4254-b182-627088936824:192.168.164.218:34405], old=null RUNNING
2019-10-15 00:58:20,886 [grpc-default-executor-2] INFO  impl.RaftServerImpl (RaftServerImpl.java:lambda$shutdown$3(247)) - 5370a49f-0488-4254-b182-627088936824@group-78E023339E60: shutdown
2019-10-15 00:58:20,886 [grpc-default-executor-2] INFO  util.JmxRegister (JmxRegister.java:unregister(73)) - Successfully un-registered JMX Bean with object name Ratis:service=RaftServer,group=group-78E023339E60,id=5370a49f-0488-4254-b182-627088936824
2019-10-15 00:58:20,887 [grpc-default-executor-2] INFO  impl.RoleInfo (RoleInfo.java:shutdownFollowerState(121)) - 5370a49f-0488-4254-b182-627088936824: shutdown FollowerState
2019-10-15 00:58:20,887 [grpc-default-executor-2] INFO  impl.StateMachineUpdater (StateMachineUpdater.java:stopAndJoin(136)) - 5370a49f-0488-4254-b182-627088936824@group-78E023339E60-StateMachineUpdater: set stopIndex = -1
2019-10-15 00:58:20,887 [Thread-2447] INFO  impl.FollowerState (FollowerState.java:run(117)) - 5370a49f-0488-4254-b182-627088936824@group-78E023339E60-FollowerState was interrupted: java.lang.InterruptedException: sleep interrupted
2019-10-15 00:58:20,887 [grpc-default-executor-2] INFO  impl.RaftServerImpl (ServerState.java:close(387)) - 5370a49f-0488-4254-b182-627088936824@group-78E023339E60: closes. applyIndex: -1
2019-10-15 00:58:20,887 [5370a49f-0488-4254-b182-627088936824@group-78E023339E60-SegmentedRaftLogWorker] INFO  segmented.SegmentedRaftLogWorker (SegmentedRaftLogWorker.java:run(316)) - 5370a49f-0488-4254-b182-627088936824@group-78E023339E60-SegmentedRaftLogWorker was interrupted, exiting. There are 0 tasks remaining in the queue.
2019-10-15 00:58:20,888 [grpc-default-executor-2] INFO  segmented.SegmentedRaftLogWorker (SegmentedRaftLogWorker.java:close(224)) - 5370a49f-0488-4254-b182-627088936824@group-78E023339E60-SegmentedRaftLogWorker close()
2019-10-15 00:58:20,895 [Thread-2436] INFO  pipeline.PipelineStateManager (PipelineStateManager.java:removePipeline(108)) - Pipeline Pipeline[ Id: c92db8ac-171d-45a6-8c2b-78e023339e60, Nodes: 5370a49f-0488-4254-b182-627088936824{ip: 192.168.164.218, host: pr-hdds-1868-7bj8h-208101609, networkLocation: /default-rack, certSerialId: null}, Type:RATIS, Factor:ONE, State:CLOSED] removed from db
2019-10-15 00:58:20,896 [Thread-2436] INFO  pipeline.SCMPipelineManager (SCMPipelineManager.java:finalizeAndDestroyPipeline(315)) - destroying pipeline:Pipeline[ Id: da321ad1-4428-4896-916d-8d77978fc02c, Nodes: 5370a49f-0488-4254-b182-627088936824{ip: 192.168.164.218, host: pr-hdds-1868-7bj8h-208101609, networkLocation: /default-rack, certSerialId: null}3f7df7da-b219-487f-8006-3cfb850b729b{ip: 192.168.164.218, host: pr-hdds-1868-7bj8h-208101609, networkLocation: /default-rack, certSerialId: null}6f2fd86e-288d-46f4-8189-7559bb792ffd{ip: 192.168.164.218, host: pr-hdds-1868-7bj8h-208101609, networkLocation: /default-rack, certSerialId: null}, Type:RATIS, Factor:THREE, State:ALLOCATED]
2019-10-15 00:58:20,898 [grpc-default-executor-2] INFO  impl.RaftServerProxy (RaftServerProxy.java:addNew(89)) - 5370a49f-0488-4254-b182-627088936824: addNew group-F69765C8B39D:[5370a49f-0488-4254-b182-627088936824:192.168.164.218:34405] returns group-F69765C8B39D:java.util.concurrent.CompletableFuture@49bdae4b[Not completed]
2019-10-15 00:58:20,899 [pool-413-thread-1] INFO  impl.RaftServerImpl (RaftServerImpl.java:<init>(95)) - 5370a49f-0488-4254-b182-627088936824: new RaftServerImpl for group-F69765C8B39D:[5370a49f-0488-4254-b182-627088936824:192.168.164.218:34405] with ContainerStateMachine:uninitialized
2019-10-15 00:58:20,900 [pool-413-thread-1] INFO  server.RaftServerConfigKeys (ConfUtils.java:logGet(43)) - raft.server.rpc.timeout.min = 5s (custom)
2019-10-15 00:58:20,900 [pool-413-thread-1] INFO  server.RaftServerConfigKeys (ConfUtils.java:logGet(43)) - raft.server.rpc.timeout.max = 5200ms (custom)
2019-10-15 00:58:20,900 [pool-413-thread-1] INFO  server.RaftServerConfigKeys (ConfUtils.java:logGet(43)) - raft.server.rpcslowness.timeout = 120s (custom)
2019-10-15 00:58:20,900 [pool-413-thread-1] INFO  server.RaftServerConfigKeys (ConfUtils.java:logGet(43)) - raft.server.sleep.deviation.threshold = 300 (default)
2019-10-15 00:58:20,900 [pool-413-thread-1] INFO  server.RaftServerConfigKeys (ConfUtils.java:logGet(43)) - raft.server.log.appender.install.snapshot.enabled = false (custom)
2019-10-15 00:58:20,900 [pool-413-thread-1] INFO  impl.RaftServerImpl (ServerState.java:<init>(103)) - 5370a49f-0488-4254-b182-627088936824@group-F69765C8B39D: ConfigurationManager, init=-1: [5370a49f-0488-4254-b182-627088936824:192.168.164.218:34405], old=null, confs=<EMPTY_MAP>
2019-10-15 00:58:20,900 [pool-413-thread-1] INFO  server.RaftServerConfigKeys (ConfUtils.java:logGet(43)) - raft.server.storage.dir = [/workdir/hadoop-ozone/integration-test/target/test-dir/MiniOzoneClusterImpl-5d82b4cd-4e47-4b06-a8d5-8585c925b255/datanode-3/data/ratis] (custom)
2019-10-15 00:58:20,901 [pool-413-thread-1] INFO  server.RaftServerConfigKeys (ConfUtils.java:logGet(43)) - raft.server.log.corruption.policy = EXCEPTION (default)
2019-10-15 00:58:20,901 [pool-413-thread-1] INFO  storage.RaftStorageDirectory (RaftStorageDirectory.java:analyzeStorage(246)) - The storage directory /workdir/hadoop-ozone/integration-test/target/test-dir/MiniOzoneClusterImpl-5d82b4cd-4e47-4b06-a8d5-8585c925b255/datanode-3/data/ratis/4f1a9589-4dbe-46af-8820-f69765c8b39d does not exist. Creating ...
2019-10-15 00:58:20,924 [pool-413-thread-1] INFO  storage.RaftStorageDirectory (RaftStorageDirectory.java:tryLock(328)) - Lock on /workdir/hadoop-ozone/integration-test/target/test-dir/MiniOzoneClusterImpl-5d82b4cd-4e47-4b06-a8d5-8585c925b255/datanode-3/data/ratis/4f1a9589-4dbe-46af-8820-f69765c8b39d/in_use.lock acquired by nodename 21128@pr-hdds-1868-7bj8h-208101609
2019-10-15 00:58:20,949 [pool-413-thread-1] INFO  storage.RaftStorage (RaftStorage.java:format(84)) - Storage directory /workdir/hadoop-ozone/integration-test/target/test-dir/MiniOzoneClusterImpl-5d82b4cd-4e47-4b06-a8d5-8585c925b255/datanode-3/data/ratis/4f1a9589-4dbe-46af-8820-f69765c8b39d has been successfully formatted.
2019-10-15 00:58:20,949 [pool-413-thread-1] INFO  ratis.ContainerStateMachine (ContainerStateMachine.java:loadSnapshot(233)) - group-F69765C8B39D: The snapshot info is null. Setting the last applied indexto:(t:0, i:~)
2019-10-15 00:58:20,949 [pool-413-thread-1] INFO  server.RaftServerConfigKeys (ConfUtils.java:logGet(43)) - raft.server.notification.no-leader.timeout = 120s (custom)
2019-10-15 00:58:20,950 [pool-413-thread-1] INFO  server.RaftServerConfigKeys (ConfUtils.java:logGet(43)) - raft.server.log.use.memory = false (default)
2019-10-15 00:58:20,950 [pool-413-thread-1] INFO  server.RaftServerConfigKeys (ConfUtils.java:logGet(43)) - raft.server.log.purge.gap = 1000000 (custom)
2019-10-15 00:58:20,950 [pool-413-thread-1] INFO  server.RaftServerConfigKeys (ConfUtils.java:logGet(43)) - raft.server.log.appender.buffer.byte-limit = 33554432 (custom)
2019-10-15 00:58:20,950 [pool-413-thread-1] INFO  server.RaftServerConfigKeys (ConfUtils.java:logGet(43)) - raft.server.log.segment.size.max = 1048576 (custom)
2019-10-15 00:58:20,950 [pool-413-thread-1] INFO  server.RaftServerConfigKeys (ConfUtils.java:logGet(43)) - raft.server.log.segment.cache.num.max = 2 (custom)
2019-10-15 00:58:20,950 [pool-413-thread-1] INFO  segmented.SegmentedRaftLogWorker (SegmentedRaftLogWorker.java:<init>(173)) - new 5370a49f-0488-4254-b182-627088936824@group-F69765C8B39D-SegmentedRaftLogWorker for RaftStorage:Storage Directory /workdir/hadoop-ozone/integration-test/target/test-dir/MiniOzoneClusterImpl-5d82b4cd-4e47-4b06-a8d5-8585c925b255/datanode-3/data/ratis/4f1a9589-4dbe-46af-8820-f69765c8b39d
2019-10-15 00:58:20,950 [pool-413-thread-1] INFO  server.RaftServerConfigKeys (ConfUtils.java:logGet(43)) - raft.server.log.queue.byte-limit = 2147483647 (custom)
2019-10-15 00:58:20,951 [pool-413-thread-1] INFO  server.RaftServerConfigKeys (ConfUtils.java:logGet(43)) - raft.server.log.queue.element-limit = 1024 (custom)
2019-10-15 00:58:20,951 [pool-413-thread-1] INFO  server.RaftServerConfigKeys (ConfUtils.java:logGet(43)) - raft.server.log.segment.size.max = 1048576 (custom)
2019-10-15 00:58:20,951 [pool-413-thread-1] INFO  server.RaftServerConfigKeys (ConfUtils.java:logGet(43)) - raft.server.log.preallocated.size = 16384 (custom)
2019-10-15 00:58:20,951 [pool-413-thread-1] INFO  server.RaftServerConfigKeys (ConfUtils.java:logGet(43)) - raft.server.log.write.buffer.size = 33554432 (custom)
2019-10-15 00:58:20,951 [pool-413-thread-1] INFO  server.RaftServerConfigKeys (ConfUtils.java:logGet(43)) - raft.server.log.force.sync.num = 128 (default)
2019-10-15 00:58:20,951 [pool-413-thread-1] INFO  server.RaftServerConfigKeys (ConfUtils.java:logGet(43)) - raft.server.log.statemachine.data.sync = true (default)
2019-10-15 00:58:20,952 [pool-413-thread-1] INFO  server.RaftServerConfigKeys (ConfUtils.java:logGet(43)) - raft.server.log.statemachine.data.sync.timeout = 10s (default)
2019-10-15 00:58:20,952 [pool-413-thread-1] INFO  server.RaftServerConfigKeys (ConfUtils.java:logGet(43)) - raft.server.log.statemachine.data.sync.timeout.retry = -1 (default)
2019-10-15 00:58:20,952 [pool-413-thread-1] INFO  server.RaftServerConfigKeys (ConfUtils.java:logGet(43)) - raft.server.log.statemachine.data.caching.enabled = true (custom)
2019-10-15 00:58:20,952 [pool-413-thread-1] INFO  segmented.SegmentedRaftLogWorker (SegmentedRaftLogWorker.java:lambda$new$0(128)) - 5370a49f-0488-4254-b182-627088936824@group-F69765C8B39D-SegmentedRaftLogWorker: flushIndex: setUnconditionally 0 -> -1
2019-10-15 00:58:20,953 [pool-413-thread-1] INFO  server.RaftServerConfigKeys (ConfUtils.java:logGet(43)) - raft.server.snapshot.auto.trigger.enabled = true (custom)
2019-10-15 00:58:20,953 [pool-413-thread-1] INFO  server.RaftServerConfigKeys (ConfUtils.java:logGet(43)) - raft.server.snapshot.auto.trigger.threshold = 10000 (custom)
2019-10-15 00:58:20,953 [pool-413-thread-1] INFO  server.RaftServerConfigKeys (ConfUtils.java:logGet(43)) - raft.server.snapshot.retention.file.num = 5 (custom)
2019-10-15 00:58:20,953 [pool-413-thread-1] INFO  server.RaftServerConfigKeys (ConfUtils.java:logGet(43)) - raft.server.retrycache.expirytime = 600000ms (custom)
2019-10-15 00:58:20,955 [pool-413-thread-1] INFO  impl.RaftServerImpl (RaftServerImpl.java:start(181)) - 5370a49f-0488-4254-b182-627088936824@group-F69765C8B39D: start as a follower, conf=-1: [5370a49f-0488-4254-b182-627088936824:192.168.164.218:34405], old=null
2019-10-15 00:58:20,956 [pool-413-thread-1] INFO  impl.RaftServerImpl (RaftServerImpl.java:setRole(170)) - 5370a49f-0488-4254-b182-627088936824@group-F69765C8B39D: changes role from      null to FOLLOWER at term 0 for startAsFollower
2019-10-15 00:58:20,956 [pool-413-thread-1] INFO  impl.RoleInfo (RoleInfo.java:updateAndGet(143)) - 5370a49f-0488-4254-b182-627088936824: start FollowerState
2019-10-15 00:58:20,956 [pool-413-thread-1] INFO  util.JmxRegister (JmxRegister.java:tryRegister(44)) - Successfully registered JMX Bean with object name Ratis:service=RaftServer,group=group-F69765C8B39D,id=5370a49f-0488-4254-b182-627088936824
2019-10-15 00:58:20,960 [RatisPipelineUtilsThread] INFO  pipeline.PipelineStateManager (PipelineStateManager.java:addPipeline(57)) - Created pipeline Pipeline[ Id: 4f1a9589-4dbe-46af-8820-f69765c8b39d, Nodes: 5370a49f-0488-4254-b182-627088936824{ip: 192.168.164.218, host: pr-hdds-1868-7bj8h-208101609, networkLocation: /default-rack, certSerialId: null}, Type:RATIS, Factor:ONE, State:ALLOCATED]
2019-10-15 00:58:20,961 [Thread-2436] INFO  pipeline.PipelineStateManager (PipelineStateManager.java:finalizePipeline(123)) - Pipeline Pipeline[ Id: da321ad1-4428-4896-916d-8d77978fc02c, Nodes: 5370a49f-0488-4254-b182-627088936824{ip: 192.168.164.218, host: pr-hdds-1868-7bj8h-208101609, networkLocation: /default-rack, certSerialId: null}3f7df7da-b219-487f-8006-3cfb850b729b{ip: 192.168.164.218, host: pr-hdds-1868-7bj8h-208101609, networkLocation: /default-rack, certSerialId: null}6f2fd86e-288d-46f4-8189-7559bb792ffd{ip: 192.168.164.218, host: pr-hdds-1868-7bj8h-208101609, networkLocation: /default-rack, certSerialId: null}, Type:RATIS, Factor:THREE, State:CLOSED] moved to CLOSED state
2019-10-15 00:58:20,967 [grpc-default-executor-2] INFO  impl.RaftServerProxy (RaftServerProxy.java:remove(95)) - 5370a49f-0488-4254-b182-627088936824: remove  FOLLOWER 5370a49f-0488-4254-b182-627088936824@group-8D77978FC02C:t0, leader=null, voted=null, raftlog=5370a49f-0488-4254-b182-627088936824@group-8D77978FC02C-SegmentedRaftLog:OPENED:c-1,f-1,i0, conf=-1: [5370a49f-0488-4254-b182-627088936824:192.168.164.218:34405, 3f7df7da-b219-487f-8006-3cfb850b729b:192.168.164.218:34625, 6f2fd86e-288d-46f4-8189-7559bb792ffd:192.168.164.218:42752], old=null RUNNING
2019-10-15 00:58:20,967 [grpc-default-executor-2] INFO  impl.RaftServerImpl (RaftServerImpl.java:lambda$shutdown$3(247)) - 5370a49f-0488-4254-b182-627088936824@group-8D77978FC02C: shutdown
2019-10-15 00:58:20,967 [grpc-default-executor-2] INFO  util.JmxRegister (JmxRegister.java:unregister(73)) - Successfully un-registered JMX Bean with object name Ratis:service=RaftServer,group=group-8D77978FC02C,id=5370a49f-0488-4254-b182-627088936824
2019-10-15 00:58:20,967 [grpc-default-executor-2] INFO  impl.RoleInfo (RoleInfo.java:shutdownFollowerState(121)) - 5370a49f-0488-4254-b182-627088936824: shutdown FollowerState
2019-10-15 00:58:20,968 [grpc-default-executor-2] INFO  impl.StateMachineUpdater (StateMachineUpdater.java:stopAndJoin(136)) - 5370a49f-0488-4254-b182-627088936824@group-8D77978FC02C-StateMachineUpdater: set stopIndex = -1
2019-10-15 00:58:20,968 [Thread-2469] INFO  impl.FollowerState (FollowerState.java:run(117)) - 5370a49f-0488-4254-b182-627088936824@group-8D77978FC02C-FollowerState was interrupted: java.lang.InterruptedException: sleep interrupted
2019-10-15 00:58:20,968 [grpc-default-executor-2] INFO  impl.RaftServerImpl (ServerState.java:close(387)) - 5370a49f-0488-4254-b182-627088936824@group-8D77978FC02C: closes. applyIndex: -1
2019-10-15 00:58:20,968 [5370a49f-0488-4254-b182-627088936824@group-8D77978FC02C-SegmentedRaftLogWorker] INFO  segmented.SegmentedRaftLogWorker (SegmentedRaftLogWorker.java:run(316)) - 5370a49f-0488-4254-b182-627088936824@group-8D77978FC02C-SegmentedRaftLogWorker was interrupted, exiting. There are 0 tasks remaining in the queue.
2019-10-15 00:58:20,968 [grpc-default-executor-2] INFO  segmented.SegmentedRaftLogWorker (SegmentedRaftLogWorker.java:close(224)) - 5370a49f-0488-4254-b182-627088936824@group-8D77978FC02C-SegmentedRaftLogWorker close()
2019-10-15 00:58:20,981 [grpc-default-executor-2] INFO  impl.RaftServerProxy (RaftServerProxy.java:remove(95)) - 3f7df7da-b219-487f-8006-3cfb850b729b: remove  FOLLOWER 3f7df7da-b219-487f-8006-3cfb850b729b@group-8D77978FC02C:t0, leader=null, voted=null, raftlog=3f7df7da-b219-487f-8006-3cfb850b729b@group-8D77978FC02C-SegmentedRaftLog:OPENED:c-1,f-1,i0, conf=-1: [5370a49f-0488-4254-b182-627088936824:192.168.164.218:34405, 3f7df7da-b219-487f-8006-3cfb850b729b:192.168.164.218:34625, 6f2fd86e-288d-46f4-8189-7559bb792ffd:192.168.164.218:42752], old=null RUNNING
2019-10-15 00:58:20,981 [grpc-default-executor-2] INFO  impl.RaftServerImpl (RaftServerImpl.java:lambda$shutdown$3(247)) - 3f7df7da-b219-487f-8006-3cfb850b729b@group-8D77978FC02C: shutdown
2019-10-15 00:58:20,982 [grpc-default-executor-2] INFO  util.JmxRegister (JmxRegister.java:unregister(73)) - Successfully un-registered JMX Bean with object name Ratis:service=RaftServer,group=group-8D77978FC02C,id=3f7df7da-b219-487f-8006-3cfb850b729b
2019-10-15 00:58:20,982 [grpc-default-executor-2] INFO  impl.RoleInfo (RoleInfo.java:shutdownFollowerState(121)) - 3f7df7da-b219-487f-8006-3cfb850b729b: shutdown FollowerState
2019-10-15 00:58:20,982 [grpc-default-executor-2] INFO  impl.StateMachineUpdater (StateMachineUpdater.java:stopAndJoin(136)) - 3f7df7da-b219-487f-8006-3cfb850b729b@group-8D77978FC02C-StateMachineUpdater: set stopIndex = -1
2019-10-15 00:58:20,982 [Thread-2472] INFO  impl.FollowerState (FollowerState.java:run(117)) - 3f7df7da-b219-487f-8006-3cfb850b729b@group-8D77978FC02C-FollowerState was interrupted: java.lang.InterruptedException: sleep interrupted
2019-10-15 00:58:20,982 [grpc-default-executor-2] INFO  impl.RaftServerImpl (ServerState.java:close(387)) - 3f7df7da-b219-487f-8006-3cfb850b729b@group-8D77978FC02C: closes. applyIndex: -1
2019-10-15 00:58:20,983 [3f7df7da-b219-487f-8006-3cfb850b729b@group-8D77978FC02C-SegmentedRaftLogWorker] INFO  segmented.SegmentedRaftLogWorker (SegmentedRaftLogWorker.java:run(316)) - 3f7df7da-b219-487f-8006-3cfb850b729b@group-8D77978FC02C-SegmentedRaftLogWorker was interrupted, exiting. There are 0 tasks remaining in the queue.
2019-10-15 00:58:20,983 [grpc-default-executor-2] INFO  segmented.SegmentedRaftLogWorker (SegmentedRaftLogWorker.java:close(224)) - 3f7df7da-b219-487f-8006-3cfb850b729b@group-8D77978FC02C-SegmentedRaftLogWorker close()
2019-10-15 00:58:20,996 [grpc-default-executor-2] INFO  impl.RaftServerProxy (RaftServerProxy.java:remove(95)) - 6f2fd86e-288d-46f4-8189-7559bb792ffd: remove  FOLLOWER 6f2fd86e-288d-46f4-8189-7559bb792ffd@group-8D77978FC02C:t0, leader=null, voted=null, raftlog=6f2fd86e-288d-46f4-8189-7559bb792ffd@group-8D77978FC02C-SegmentedRaftLog:OPENED:c-1,f-1,i0, conf=-1: [5370a49f-0488-4254-b182-627088936824:192.168.164.218:34405, 3f7df7da-b219-487f-8006-3cfb850b729b:192.168.164.218:34625, 6f2fd86e-288d-46f4-8189-7559bb792ffd:192.168.164.218:42752], old=null RUNNING
2019-10-15 00:58:20,996 [grpc-default-executor-2] INFO  impl.RaftServerImpl (RaftServerImpl.java:lambda$shutdown$3(247)) - 6f2fd86e-288d-46f4-8189-7559bb792ffd@group-8D77978FC02C: shutdown
2019-10-15 00:58:20,996 [grpc-default-executor-2] INFO  util.JmxRegister (JmxRegister.java:unregister(73)) - Successfully un-registered JMX Bean with object name Ratis:service=RaftServer,group=group-8D77978FC02C,id=6f2fd86e-288d-46f4-8189-7559bb792ffd
2019-10-15 00:58:20,996 [grpc-default-executor-2] INFO  impl.RoleInfo (RoleInfo.java:shutdownFollowerState(121)) - 6f2fd86e-288d-46f4-8189-7559bb792ffd: shutdown FollowerState
2019-10-15 00:58:20,996 [grpc-default-executor-2] INFO  impl.StateMachineUpdater (StateMachineUpdater.java:stopAndJoin(136)) - 6f2fd86e-288d-46f4-8189-7559bb792ffd@group-8D77978FC02C-StateMachineUpdater: set stopIndex = -1
2019-10-15 00:58:20,997 [Thread-2471] INFO  impl.FollowerState (FollowerState.java:run(117)) - 6f2fd86e-288d-46f4-8189-7559bb792ffd@group-8D77978FC02C-FollowerState was interrupted: java.lang.InterruptedException: sleep interrupted
2019-10-15 00:58:20,997 [grpc-default-executor-2] INFO  impl.RaftServerImpl (ServerState.java:close(387)) - 6f2fd86e-288d-46f4-8189-7559bb792ffd@group-8D77978FC02C: closes. applyIndex: -1
2019-10-15 00:58:20,997 [6f2fd86e-288d-46f4-8189-7559bb792ffd@group-8D77978FC02C-SegmentedRaftLogWorker] INFO  segmented.SegmentedRaftLogWorker (SegmentedRaftLogWorker.java:run(316)) - 6f2fd86e-288d-46f4-8189-7559bb792ffd@group-8D77978FC02C-SegmentedRaftLogWorker was interrupted, exiting. There are 0 tasks remaining in the queue.
2019-10-15 00:58:20,997 [grpc-default-executor-2] INFO  segmented.SegmentedRaftLogWorker (SegmentedRaftLogWorker.java:close(224)) - 6f2fd86e-288d-46f4-8189-7559bb792ffd@group-8D77978FC02C-SegmentedRaftLogWorker close()
2019-10-15 00:58:21,005 [Thread-2436] INFO  pipeline.PipelineStateManager (PipelineStateManager.java:removePipeline(108)) - Pipeline Pipeline[ Id: da321ad1-4428-4896-916d-8d77978fc02c, Nodes: 5370a49f-0488-4254-b182-627088936824{ip: 192.168.164.218, host: pr-hdds-1868-7bj8h-208101609, networkLocation: /default-rack, certSerialId: null}3f7df7da-b219-487f-8006-3cfb850b729b{ip: 192.168.164.218, host: pr-hdds-1868-7bj8h-208101609, networkLocation: /default-rack, certSerialId: null}6f2fd86e-288d-46f4-8189-7559bb792ffd{ip: 192.168.164.218, host: pr-hdds-1868-7bj8h-208101609, networkLocation: /default-rack, certSerialId: null}, Type:RATIS, Factor:THREE, State:CLOSED] removed from db
2019-10-15 00:58:21,005 [Thread-2436] INFO  pipeline.SCMPipelineManager (SCMPipelineManager.java:finalizeAndDestroyPipeline(315)) - destroying pipeline:Pipeline[ Id: dac7e28f-7398-43f3-a3c8-102711f8ff0d, Nodes: 91c7735c-f887-4c28-a289-17cc148dd39e{ip: 192.168.164.218, host: pr-hdds-1868-7bj8h-208101609, networkLocation: /default-rack, certSerialId: null}, Type:RATIS, Factor:ONE, State:ALLOCATED]
2019-10-15 00:58:21,009 [grpc-default-executor-6] INFO  impl.RaftServerProxy (RaftServerProxy.java:addNew(89)) - 3f7df7da-b219-487f-8006-3cfb850b729b: addNew group-ABEB7CAEB823:[5370a49f-0488-4254-b182-627088936824:192.168.164.218:34405, 3f7df7da-b219-487f-8006-3cfb850b729b:192.168.164.218:34625, 6f2fd86e-288d-46f4-8189-7559bb792ffd:192.168.164.218:42752] returns group-ABEB7CAEB823:java.util.concurrent.CompletableFuture@89021e[Not completed]
2019-10-15 00:58:21,009 [grpc-default-executor-4] INFO  impl.RaftServerProxy (RaftServerProxy.java:addNew(89)) - 5370a49f-0488-4254-b182-627088936824: addNew group-ABEB7CAEB823:[5370a49f-0488-4254-b182-627088936824:192.168.164.218:34405, 3f7df7da-b219-487f-8006-3cfb850b729b:192.168.164.218:34625, 6f2fd86e-288d-46f4-8189-7559bb792ffd:192.168.164.218:42752] returns group-ABEB7CAEB823:java.util.concurrent.CompletableFuture@e5c49d4[Not completed]
2019-10-15 00:58:21,009 [grpc-default-executor-2] INFO  impl.RaftServerProxy (RaftServerProxy.java:addNew(89)) - 6f2fd86e-288d-46f4-8189-7559bb792ffd: addNew group-ABEB7CAEB823:[5370a49f-0488-4254-b182-627088936824:192.168.164.218:34405, 3f7df7da-b219-487f-8006-3cfb850b729b:192.168.164.218:34625, 6f2fd86e-288d-46f4-8189-7559bb792ffd:192.168.164.218:42752] returns group-ABEB7CAEB823:java.util.concurrent.CompletableFuture@3f885e60[Not completed]
2019-10-15 00:58:21,010 [pool-413-thread-1] INFO  impl.RaftServerImpl (RaftServerImpl.java:<init>(95)) - 5370a49f-0488-4254-b182-627088936824: new RaftServerImpl for group-ABEB7CAEB823:[5370a49f-0488-4254-b182-627088936824:192.168.164.218:34405, 3f7df7da-b219-487f-8006-3cfb850b729b:192.168.164.218:34625, 6f2fd86e-288d-46f4-8189-7559bb792ffd:192.168.164.218:42752] with ContainerStateMachine:uninitialized
2019-10-15 00:58:21,010 [pool-413-thread-1] INFO  server.RaftServerConfigKeys (ConfUtils.java:logGet(43)) - raft.server.rpc.timeout.min = 5s (custom)
2019-10-15 00:58:21,011 [pool-413-thread-1] INFO  server.RaftServerConfigKeys (ConfUtils.java:logGet(43)) - raft.server.rpc.timeout.max = 5200ms (custom)
2019-10-15 00:58:21,011 [pool-413-thread-1] INFO  server.RaftServerConfigKeys (ConfUtils.java:logGet(43)) - raft.server.rpcslowness.timeout = 120s (custom)
2019-10-15 00:58:21,011 [pool-413-thread-1] INFO  server.RaftServerConfigKeys (ConfUtils.java:logGet(43)) - raft.server.sleep.deviation.threshold = 300 (default)
2019-10-15 00:58:21,011 [pool-433-thread-1] INFO  impl.RaftServerImpl (RaftServerImpl.java:<init>(95)) - 6f2fd86e-288d-46f4-8189-7559bb792ffd: new RaftServerImpl for group-ABEB7CAEB823:[5370a49f-0488-4254-b182-627088936824:192.168.164.218:34405, 3f7df7da-b219-487f-8006-3cfb850b729b:192.168.164.218:34625, 6f2fd86e-288d-46f4-8189-7559bb792ffd:192.168.164.218:42752] with ContainerStateMachine:uninitialized
2019-10-15 00:58:21,011 [pool-413-thread-1] INFO  server.RaftServerConfigKeys (ConfUtils.java:logGet(43)) - raft.server.log.appender.install.snapshot.enabled = false (custom)
2019-10-15 00:58:21,011 [pool-433-thread-1] INFO  server.RaftServerConfigKeys (ConfUtils.java:logGet(43)) - raft.server.rpc.timeout.min = 5s (custom)
2019-10-15 00:58:21,011 [pool-413-thread-1] INFO  impl.RaftServerImpl (ServerState.java:<init>(103)) - 5370a49f-0488-4254-b182-627088936824@group-ABEB7CAEB823: ConfigurationManager, init=-1: [5370a49f-0488-4254-b182-627088936824:192.168.164.218:34405, 3f7df7da-b219-487f-8006-3cfb850b729b:192.168.164.218:34625, 6f2fd86e-288d-46f4-8189-7559bb792ffd:192.168.164.218:42752], old=null, confs=<EMPTY_MAP>
2019-10-15 00:58:21,012 [pool-403-thread-1] INFO  impl.RaftServerImpl (RaftServerImpl.java:<init>(95)) - 3f7df7da-b219-487f-8006-3cfb850b729b: new RaftServerImpl for group-ABEB7CAEB823:[5370a49f-0488-4254-b182-627088936824:192.168.164.218:34405, 3f7df7da-b219-487f-8006-3cfb850b729b:192.168.164.218:34625, 6f2fd86e-288d-46f4-8189-7559bb792ffd:192.168.164.218:42752] with ContainerStateMachine:uninitialized
2019-10-15 00:58:21,011 [pool-433-thread-1] INFO  server.RaftServerConfigKeys (ConfUtils.java:logGet(43)) - raft.server.rpc.timeout.max = 5200ms (custom)
2019-10-15 00:58:21,012 [pool-403-thread-1] INFO  server.RaftServerConfigKeys (ConfUtils.java:logGet(43)) - raft.server.rpc.timeout.min = 5s (custom)
2019-10-15 00:58:21,012 [pool-413-thread-1] INFO  server.RaftServerConfigKeys (ConfUtils.java:logGet(43)) - raft.server.storage.dir = [/workdir/hadoop-ozone/integration-test/target/test-dir/MiniOzoneClusterImpl-5d82b4cd-4e47-4b06-a8d5-8585c925b255/datanode-3/data/ratis] (custom)
2019-10-15 00:58:21,012 [pool-403-thread-1] INFO  server.RaftServerConfigKeys (ConfUtils.java:logGet(43)) - raft.server.rpc.timeout.max = 5200ms (custom)
2019-10-15 00:58:21,012 [pool-433-thread-1] INFO  server.RaftServerConfigKeys (ConfUtils.java:logGet(43)) - raft.server.rpcslowness.timeout = 120s (custom)
2019-10-15 00:58:21,012 [pool-413-thread-1] INFO  server.RaftServerConfigKeys (ConfUtils.java:logGet(43)) - raft.server.log.corruption.policy = EXCEPTION (default)
2019-10-15 00:58:21,012 [pool-403-thread-1] INFO  server.RaftServerConfigKeys (ConfUtils.java:logGet(43)) - raft.server.rpcslowness.timeout = 120s (custom)
2019-10-15 00:58:21,013 [pool-413-thread-1] INFO  storage.RaftStorageDirectory (RaftStorageDirectory.java:analyzeStorage(246)) - The storage directory /workdir/hadoop-ozone/integration-test/target/test-dir/MiniOzoneClusterImpl-5d82b4cd-4e47-4b06-a8d5-8585c925b255/datanode-3/data/ratis/e7484d6e-8a61-4d0a-831c-abeb7caeb823 does not exist. Creating ...
2019-10-15 00:58:21,012 [pool-433-thread-1] INFO  server.RaftServerConfigKeys (ConfUtils.java:logGet(43)) - raft.server.sleep.deviation.threshold = 300 (default)
2019-10-15 00:58:21,013 [pool-403-thread-1] INFO  server.RaftServerConfigKeys (ConfUtils.java:logGet(43)) - raft.server.sleep.deviation.threshold = 300 (default)
2019-10-15 00:58:21,013 [pool-433-thread-1] INFO  server.RaftServerConfigKeys (ConfUtils.java:logGet(43)) - raft.server.log.appender.install.snapshot.enabled = false (custom)
2019-10-15 00:58:21,013 [pool-403-thread-1] INFO  server.RaftServerConfigKeys (ConfUtils.java:logGet(43)) - raft.server.log.appender.install.snapshot.enabled = false (custom)
2019-10-15 00:58:21,013 [pool-433-thread-1] INFO  impl.RaftServerImpl (ServerState.java:<init>(103)) - 6f2fd86e-288d-46f4-8189-7559bb792ffd@group-ABEB7CAEB823: ConfigurationManager, init=-1: [5370a49f-0488-4254-b182-627088936824:192.168.164.218:34405, 3f7df7da-b219-487f-8006-3cfb850b729b:192.168.164.218:34625, 6f2fd86e-288d-46f4-8189-7559bb792ffd:192.168.164.218:42752], old=null, confs=<EMPTY_MAP>
2019-10-15 00:58:21,013 [pool-403-thread-1] INFO  impl.RaftServerImpl (ServerState.java:<init>(103)) - 3f7df7da-b219-487f-8006-3cfb850b729b@group-ABEB7CAEB823: ConfigurationManager, init=-1: [5370a49f-0488-4254-b182-627088936824:192.168.164.218:34405, 3f7df7da-b219-487f-8006-3cfb850b729b:192.168.164.218:34625, 6f2fd86e-288d-46f4-8189-7559bb792ffd:192.168.164.218:42752], old=null, confs=<EMPTY_MAP>
2019-10-15 00:58:21,013 [pool-433-thread-1] INFO  server.RaftServerConfigKeys (ConfUtils.java:logGet(43)) - raft.server.storage.dir = [/workdir/hadoop-ozone/integration-test/target/test-dir/MiniOzoneClusterImpl-5d82b4cd-4e47-4b06-a8d5-8585c925b255/datanode-5/data/ratis] (custom)
2019-10-15 00:58:21,014 [pool-403-thread-1] INFO  server.RaftServerConfigKeys (ConfUtils.java:logGet(43)) - raft.server.storage.dir = [/workdir/hadoop-ozone/integration-test/target/test-dir/MiniOzoneClusterImpl-5d82b4cd-4e47-4b06-a8d5-8585c925b255/datanode-2/data/ratis] (custom)
2019-10-15 00:58:21,014 [pool-433-thread-1] INFO  server.RaftServerConfigKeys (ConfUtils.java:logGet(43)) - raft.server.log.corruption.policy = EXCEPTION (default)
2019-10-15 00:58:21,014 [pool-403-thread-1] INFO  server.RaftServerConfigKeys (ConfUtils.java:logGet(43)) - raft.server.log.corruption.policy = EXCEPTION (default)
2019-10-15 00:58:21,014 [pool-433-thread-1] INFO  storage.RaftStorageDirectory (RaftStorageDirectory.java:analyzeStorage(246)) - The storage directory /workdir/hadoop-ozone/integration-test/target/test-dir/MiniOzoneClusterImpl-5d82b4cd-4e47-4b06-a8d5-8585c925b255/datanode-5/data/ratis/e7484d6e-8a61-4d0a-831c-abeb7caeb823 does not exist. Creating ...
2019-10-15 00:58:21,014 [pool-403-thread-1] INFO  storage.RaftStorageDirectory (RaftStorageDirectory.java:analyzeStorage(246)) - The storage directory /workdir/hadoop-ozone/integration-test/target/test-dir/MiniOzoneClusterImpl-5d82b4cd-4e47-4b06-a8d5-8585c925b255/datanode-2/data/ratis/e7484d6e-8a61-4d0a-831c-abeb7caeb823 does not exist. Creating ...
2019-10-15 00:58:21,033 [pool-433-thread-1] INFO  storage.RaftStorageDirectory (RaftStorageDirectory.java:tryLock(328)) - Lock on /workdir/hadoop-ozone/integration-test/target/test-dir/MiniOzoneClusterImpl-5d82b4cd-4e47-4b06-a8d5-8585c925b255/datanode-5/data/ratis/e7484d6e-8a61-4d0a-831c-abeb7caeb823/in_use.lock acquired by nodename 21128@pr-hdds-1868-7bj8h-208101609
2019-10-15 00:58:21,033 [pool-403-thread-1] INFO  storage.RaftStorageDirectory (RaftStorageDirectory.java:tryLock(328)) - Lock on /workdir/hadoop-ozone/integration-test/target/test-dir/MiniOzoneClusterImpl-5d82b4cd-4e47-4b06-a8d5-8585c925b255/datanode-2/data/ratis/e7484d6e-8a61-4d0a-831c-abeb7caeb823/in_use.lock acquired by nodename 21128@pr-hdds-1868-7bj8h-208101609
2019-10-15 00:58:21,033 [pool-413-thread-1] INFO  storage.RaftStorageDirectory (RaftStorageDirectory.java:tryLock(328)) - Lock on /workdir/hadoop-ozone/integration-test/target/test-dir/MiniOzoneClusterImpl-5d82b4cd-4e47-4b06-a8d5-8585c925b255/datanode-3/data/ratis/e7484d6e-8a61-4d0a-831c-abeb7caeb823/in_use.lock acquired by nodename 21128@pr-hdds-1868-7bj8h-208101609
2019-10-15 00:58:21,059 [pool-433-thread-1] INFO  storage.RaftStorage (RaftStorage.java:format(84)) - Storage directory /workdir/hadoop-ozone/integration-test/target/test-dir/MiniOzoneClusterImpl-5d82b4cd-4e47-4b06-a8d5-8585c925b255/datanode-5/data/ratis/e7484d6e-8a61-4d0a-831c-abeb7caeb823 has been successfully formatted.
2019-10-15 00:58:21,059 [pool-403-thread-1] INFO  storage.RaftStorage (RaftStorage.java:format(84)) - Storage directory /workdir/hadoop-ozone/integration-test/target/test-dir/MiniOzoneClusterImpl-5d82b4cd-4e47-4b06-a8d5-8585c925b255/datanode-2/data/ratis/e7484d6e-8a61-4d0a-831c-abeb7caeb823 has been successfully formatted.
2019-10-15 00:58:21,059 [pool-413-thread-1] INFO  storage.RaftStorage (RaftStorage.java:format(84)) - Storage directory /workdir/hadoop-ozone/integration-test/target/test-dir/MiniOzoneClusterImpl-5d82b4cd-4e47-4b06-a8d5-8585c925b255/datanode-3/data/ratis/e7484d6e-8a61-4d0a-831c-abeb7caeb823 has been successfully formatted.
2019-10-15 00:58:21,059 [pool-403-thread-1] INFO  ratis.ContainerStateMachine (ContainerStateMachine.java:loadSnapshot(233)) - group-ABEB7CAEB823: The snapshot info is null. Setting the last applied indexto:(t:0, i:~)
2019-10-15 00:58:21,059 [pool-413-thread-1] INFO  ratis.ContainerStateMachine (ContainerStateMachine.java:loadSnapshot(233)) - group-ABEB7CAEB823: The snapshot info is null. Setting the last applied indexto:(t:0, i:~)
2019-10-15 00:58:21,059 [pool-433-thread-1] INFO  ratis.ContainerStateMachine (ContainerStateMachine.java:loadSnapshot(233)) - group-ABEB7CAEB823: The snapshot info is null. Setting the last applied indexto:(t:0, i:~)
2019-10-15 00:58:21,060 [pool-413-thread-1] INFO  server.RaftServerConfigKeys (ConfUtils.java:logGet(43)) - raft.server.notification.no-leader.timeout = 120s (custom)
2019-10-15 00:58:21,059 [pool-403-thread-1] INFO  server.RaftServerConfigKeys (ConfUtils.java:logGet(43)) - raft.server.notification.no-leader.timeout = 120s (custom)
2019-10-15 00:58:21,060 [pool-413-thread-1] INFO  server.RaftServerConfigKeys (ConfUtils.java:logGet(43)) - raft.server.log.use.memory = false (default)
2019-10-15 00:58:21,060 [pool-433-thread-1] INFO  server.RaftServerConfigKeys (ConfUtils.java:logGet(43)) - raft.server.notification.no-leader.timeout = 120s (custom)
2019-10-15 00:58:21,060 [pool-413-thread-1] INFO  server.RaftServerConfigKeys (ConfUtils.java:logGet(43)) - raft.server.log.purge.gap = 1000000 (custom)
2019-10-15 00:58:21,060 [pool-403-thread-1] INFO  server.RaftServerConfigKeys (ConfUtils.java:logGet(43)) - raft.server.log.use.memory = false (default)
2019-10-15 00:58:21,060 [pool-413-thread-1] INFO  server.RaftServerConfigKeys (ConfUtils.java:logGet(43)) - raft.server.log.appender.buffer.byte-limit = 33554432 (custom)
2019-10-15 00:58:21,060 [pool-433-thread-1] INFO  server.RaftServerConfigKeys (ConfUtils.java:logGet(43)) - raft.server.log.use.memory = false (default)
2019-10-15 00:58:21,061 [pool-413-thread-1] INFO  server.RaftServerConfigKeys (ConfUtils.java:logGet(43)) - raft.server.log.segment.size.max = 1048576 (custom)
2019-10-15 00:58:21,060 [pool-403-thread-1] INFO  server.RaftServerConfigKeys (ConfUtils.java:logGet(43)) - raft.server.log.purge.gap = 1000000 (custom)
2019-10-15 00:58:21,061 [pool-413-thread-1] INFO  server.RaftServerConfigKeys (ConfUtils.java:logGet(43)) - raft.server.log.segment.cache.num.max = 2 (custom)
2019-10-15 00:58:21,061 [pool-433-thread-1] INFO  server.RaftServerConfigKeys (ConfUtils.java:logGet(43)) - raft.server.log.purge.gap = 1000000 (custom)
2019-10-15 00:58:21,061 [pool-413-thread-1] INFO  segmented.SegmentedRaftLogWorker (SegmentedRaftLogWorker.java:<init>(173)) - new 5370a49f-0488-4254-b182-627088936824@group-ABEB7CAEB823-SegmentedRaftLogWorker for RaftStorage:Storage Directory /workdir/hadoop-ozone/integration-test/target/test-dir/MiniOzoneClusterImpl-5d82b4cd-4e47-4b06-a8d5-8585c925b255/datanode-3/data/ratis/e7484d6e-8a61-4d0a-831c-abeb7caeb823
2019-10-15 00:58:21,061 [pool-413-thread-1] INFO  server.RaftServerConfigKeys (ConfUtils.java:logGet(43)) - raft.server.log.queue.byte-limit = 2147483647 (custom)
2019-10-15 00:58:21,061 [pool-403-thread-1] INFO  server.RaftServerConfigKeys (ConfUtils.java:logGet(43)) - raft.server.log.appender.buffer.byte-limit = 33554432 (custom)
2019-10-15 00:58:21,062 [pool-413-thread-1] INFO  server.RaftServerConfigKeys (ConfUtils.java:logGet(43)) - raft.server.log.queue.element-limit = 1024 (custom)
2019-10-15 00:58:21,061 [pool-433-thread-1] INFO  server.RaftServerConfigKeys (ConfUtils.java:logGet(43)) - raft.server.log.appender.buffer.byte-limit = 33554432 (custom)
2019-10-15 00:58:21,062 [pool-413-thread-1] INFO  server.RaftServerConfigKeys (ConfUtils.java:logGet(43)) - raft.server.log.segment.size.max = 1048576 (custom)
2019-10-15 00:58:21,062 [pool-413-thread-1] INFO  server.RaftServerConfigKeys (ConfUtils.java:logGet(43)) - raft.server.log.preallocated.size = 16384 (custom)
2019-10-15 00:58:21,062 [pool-403-thread-1] INFO  server.RaftServerConfigKeys (ConfUtils.java:logGet(43)) - raft.server.log.segment.size.max = 1048576 (custom)
2019-10-15 00:58:21,062 [pool-413-thread-1] INFO  server.RaftServerConfigKeys (ConfUtils.java:logGet(43)) - raft.server.log.write.buffer.size = 33554432 (custom)
2019-10-15 00:58:21,062 [pool-433-thread-1] INFO  server.RaftServerConfigKeys (ConfUtils.java:logGet(43)) - raft.server.log.segment.size.max = 1048576 (custom)
2019-10-15 00:58:21,063 [pool-433-thread-1] INFO  server.RaftServerConfigKeys (ConfUtils.java:logGet(43)) - raft.server.log.segment.cache.num.max = 2 (custom)
2019-10-15 00:58:21,063 [pool-413-thread-1] INFO  server.RaftServerConfigKeys (ConfUtils.java:logGet(43)) - raft.server.log.force.sync.num = 128 (default)
2019-10-15 00:58:21,062 [pool-403-thread-1] INFO  server.RaftServerConfigKeys (ConfUtils.java:logGet(43)) - raft.server.log.segment.cache.num.max = 2 (custom)
2019-10-15 00:58:21,063 [pool-413-thread-1] INFO  server.RaftServerConfigKeys (ConfUtils.java:logGet(43)) - raft.server.log.statemachine.data.sync = true (default)
2019-10-15 00:58:21,063 [pool-433-thread-1] INFO  segmented.SegmentedRaftLogWorker (SegmentedRaftLogWorker.java:<init>(173)) - new 6f2fd86e-288d-46f4-8189-7559bb792ffd@group-ABEB7CAEB823-SegmentedRaftLogWorker for RaftStorage:Storage Directory /workdir/hadoop-ozone/integration-test/target/test-dir/MiniOzoneClusterImpl-5d82b4cd-4e47-4b06-a8d5-8585c925b255/datanode-5/data/ratis/e7484d6e-8a61-4d0a-831c-abeb7caeb823
2019-10-15 00:58:21,063 [pool-413-thread-1] INFO  server.RaftServerConfigKeys (ConfUtils.java:logGet(43)) - raft.server.log.statemachine.data.sync.timeout = 10s (default)
2019-10-15 00:58:21,063 [pool-403-thread-1] INFO  segmented.SegmentedRaftLogWorker (SegmentedRaftLogWorker.java:<init>(173)) - new 3f7df7da-b219-487f-8006-3cfb850b729b@group-ABEB7CAEB823-SegmentedRaftLogWorker for RaftStorage:Storage Directory /workdir/hadoop-ozone/integration-test/target/test-dir/MiniOzoneClusterImpl-5d82b4cd-4e47-4b06-a8d5-8585c925b255/datanode-2/data/ratis/e7484d6e-8a61-4d0a-831c-abeb7caeb823
2019-10-15 00:58:21,064 [pool-413-thread-1] INFO  server.RaftServerConfigKeys (ConfUtils.java:logGet(43)) - raft.server.log.statemachine.data.sync.timeout.retry = -1 (default)
2019-10-15 00:58:21,064 [pool-433-thread-1] INFO  server.RaftServerConfigKeys (ConfUtils.java:logGet(43)) - raft.server.log.queue.byte-limit = 2147483647 (custom)
2019-10-15 00:58:21,064 [pool-413-thread-1] INFO  server.RaftServerConfigKeys (ConfUtils.java:logGet(43)) - raft.server.log.statemachine.data.caching.enabled = true (custom)
2019-10-15 00:58:21,064 [pool-403-thread-1] INFO  server.RaftServerConfigKeys (ConfUtils.java:logGet(43)) - raft.server.log.queue.byte-limit = 2147483647 (custom)
2019-10-15 00:58:21,064 [pool-433-thread-1] INFO  server.RaftServerConfigKeys (ConfUtils.java:logGet(43)) - raft.server.log.queue.element-limit = 1024 (custom)
2019-10-15 00:58:21,064 [pool-413-thread-1] INFO  segmented.SegmentedRaftLogWorker (SegmentedRaftLogWorker.java:lambda$new$0(128)) - 5370a49f-0488-4254-b182-627088936824@group-ABEB7CAEB823-SegmentedRaftLogWorker: flushIndex: setUnconditionally 0 -> -1
2019-10-15 00:58:21,064 [pool-403-thread-1] INFO  server.RaftServerConfigKeys (ConfUtils.java:logGet(43)) - raft.server.log.queue.element-limit = 1024 (custom)
2019-10-15 00:58:21,065 [pool-413-thread-1] INFO  server.RaftServerConfigKeys (ConfUtils.java:logGet(43)) - raft.server.snapshot.auto.trigger.enabled = true (custom)
2019-10-15 00:58:21,064 [pool-433-thread-1] INFO  server.RaftServerConfigKeys (ConfUtils.java:logGet(43)) - raft.server.log.segment.size.max = 1048576 (custom)
2019-10-15 00:58:21,065 [pool-413-thread-1] INFO  server.RaftServerConfigKeys (ConfUtils.java:logGet(43)) - raft.server.snapshot.auto.trigger.threshold = 10000 (custom)
2019-10-15 00:58:21,065 [pool-403-thread-1] INFO  server.RaftServerConfigKeys (ConfUtils.java:logGet(43)) - raft.server.log.segment.size.max = 1048576 (custom)
2019-10-15 00:58:21,065 [pool-413-thread-1] INFO  server.RaftServerConfigKeys (ConfUtils.java:logGet(43)) - raft.server.snapshot.retention.file.num = 5 (custom)
2019-10-15 00:58:21,065 [pool-433-thread-1] INFO  server.RaftServerConfigKeys (ConfUtils.java:logGet(43)) - raft.server.log.preallocated.size = 16384 (custom)
2019-10-15 00:58:21,065 [pool-413-thread-1] INFO  server.RaftServerConfigKeys (ConfUtils.java:logGet(43)) - raft.server.retrycache.expirytime = 600000ms (custom)
2019-10-15 00:58:21,065 [pool-403-thread-1] INFO  server.RaftServerConfigKeys (ConfUtils.java:logGet(43)) - raft.server.log.preallocated.size = 16384 (custom)
2019-10-15 00:58:21,065 [pool-433-thread-1] INFO  server.RaftServerConfigKeys (ConfUtils.java:logGet(43)) - raft.server.log.write.buffer.size = 33554432 (custom)
2019-10-15 00:58:21,066 [pool-403-thread-1] INFO  server.RaftServerConfigKeys (ConfUtils.java:logGet(43)) - raft.server.log.write.buffer.size = 33554432 (custom)
2019-10-15 00:58:21,066 [pool-433-thread-1] INFO  server.RaftServerConfigKeys (ConfUtils.java:logGet(43)) - raft.server.log.force.sync.num = 128 (default)
2019-10-15 00:58:21,066 [pool-403-thread-1] INFO  server.RaftServerConfigKeys (ConfUtils.java:logGet(43)) - raft.server.log.force.sync.num = 128 (default)
2019-10-15 00:58:21,066 [pool-433-thread-1] INFO  server.RaftServerConfigKeys (ConfUtils.java:logGet(43)) - raft.server.log.statemachine.data.sync = true (default)
2019-10-15 00:58:21,066 [pool-403-thread-1] INFO  server.RaftServerConfigKeys (ConfUtils.java:logGet(43)) - raft.server.log.statemachine.data.sync = true (default)
2019-10-15 00:58:21,066 [pool-433-thread-1] INFO  server.RaftServerConfigKeys (ConfUtils.java:logGet(43)) - raft.server.log.statemachine.data.sync.timeout = 10s (default)
2019-10-15 00:58:21,066 [pool-403-thread-1] INFO  server.RaftServerConfigKeys (ConfUtils.java:logGet(43)) - raft.server.log.statemachine.data.sync.timeout = 10s (default)
2019-10-15 00:58:21,067 [pool-433-thread-1] INFO  server.RaftServerConfigKeys (ConfUtils.java:logGet(43)) - raft.server.log.statemachine.data.sync.timeout.retry = -1 (default)
2019-10-15 00:58:21,067 [pool-403-thread-1] INFO  server.RaftServerConfigKeys (ConfUtils.java:logGet(43)) - raft.server.log.statemachine.data.sync.timeout.retry = -1 (default)
2019-10-15 00:58:21,067 [pool-433-thread-1] INFO  server.RaftServerConfigKeys (ConfUtils.java:logGet(43)) - raft.server.log.statemachine.data.caching.enabled = true (custom)
2019-10-15 00:58:21,067 [pool-403-thread-1] INFO  server.RaftServerConfigKeys (ConfUtils.java:logGet(43)) - raft.server.log.statemachine.data.caching.enabled = true (custom)
2019-10-15 00:58:21,067 [pool-433-thread-1] INFO  segmented.SegmentedRaftLogWorker (SegmentedRaftLogWorker.java:lambda$new$0(128)) - 6f2fd86e-288d-46f4-8189-7559bb792ffd@group-ABEB7CAEB823-SegmentedRaftLogWorker: flushIndex: setUnconditionally 0 -> -1
2019-10-15 00:58:21,067 [pool-413-thread-1] INFO  impl.RaftServerImpl (RaftServerImpl.java:start(181)) - 5370a49f-0488-4254-b182-627088936824@group-ABEB7CAEB823: start as a follower, conf=-1: [5370a49f-0488-4254-b182-627088936824:192.168.164.218:34405, 3f7df7da-b219-487f-8006-3cfb850b729b:192.168.164.218:34625, 6f2fd86e-288d-46f4-8189-7559bb792ffd:192.168.164.218:42752], old=null
2019-10-15 00:58:21,067 [pool-433-thread-1] INFO  server.RaftServerConfigKeys (ConfUtils.java:logGet(43)) - raft.server.snapshot.auto.trigger.enabled = true (custom)
2019-10-15 00:58:21,067 [pool-403-thread-1] INFO  segmented.SegmentedRaftLogWorker (SegmentedRaftLogWorker.java:lambda$new$0(128)) - 3f7df7da-b219-487f-8006-3cfb850b729b@group-ABEB7CAEB823-SegmentedRaftLogWorker: flushIndex: setUnconditionally 0 -> -1
2019-10-15 00:58:21,068 [pool-433-thread-1] INFO  server.RaftServerConfigKeys (ConfUtils.java:logGet(43)) - raft.server.snapshot.auto.trigger.threshold = 10000 (custom)
2019-10-15 00:58:21,067 [pool-413-thread-1] INFO  impl.RaftServerImpl (RaftServerImpl.java:setRole(170)) - 5370a49f-0488-4254-b182-627088936824@group-ABEB7CAEB823: changes role from      null to FOLLOWER at term 0 for startAsFollower
2019-10-15 00:58:21,068 [pool-403-thread-1] INFO  server.RaftServerConfigKeys (ConfUtils.java:logGet(43)) - raft.server.snapshot.auto.trigger.enabled = true (custom)
2019-10-15 00:58:21,068 [pool-433-thread-1] INFO  server.RaftServerConfigKeys (ConfUtils.java:logGet(43)) - raft.server.snapshot.retention.file.num = 5 (custom)
2019-10-15 00:58:21,068 [pool-403-thread-1] INFO  server.RaftServerConfigKeys (ConfUtils.java:logGet(43)) - raft.server.snapshot.auto.trigger.threshold = 10000 (custom)
2019-10-15 00:58:21,068 [pool-413-thread-1] INFO  impl.RoleInfo (RoleInfo.java:updateAndGet(143)) - 5370a49f-0488-4254-b182-627088936824: start FollowerState
2019-10-15 00:58:21,068 [pool-403-thread-1] INFO  server.RaftServerConfigKeys (ConfUtils.java:logGet(43)) - raft.server.snapshot.retention.file.num = 5 (custom)
2019-10-15 00:58:21,068 [pool-433-thread-1] INFO  server.RaftServerConfigKeys (ConfUtils.java:logGet(43)) - raft.server.retrycache.expirytime = 600000ms (custom)
2019-10-15 00:58:21,068 [pool-413-thread-1] INFO  util.JmxRegister (JmxRegister.java:tryRegister(44)) - Successfully registered JMX Bean with object name Ratis:service=RaftServer,group=group-ABEB7CAEB823,id=5370a49f-0488-4254-b182-627088936824
2019-10-15 00:58:21,068 [pool-403-thread-1] INFO  server.RaftServerConfigKeys (ConfUtils.java:logGet(43)) - raft.server.retrycache.expirytime = 600000ms (custom)
2019-10-15 00:58:21,072 [pool-433-thread-1] INFO  impl.RaftServerImpl (RaftServerImpl.java:start(181)) - 6f2fd86e-288d-46f4-8189-7559bb792ffd@group-ABEB7CAEB823: start as a follower, conf=-1: [5370a49f-0488-4254-b182-627088936824:192.168.164.218:34405, 3f7df7da-b219-487f-8006-3cfb850b729b:192.168.164.218:34625, 6f2fd86e-288d-46f4-8189-7559bb792ffd:192.168.164.218:42752], old=null
2019-10-15 00:58:21,072 [pool-433-thread-1] INFO  impl.RaftServerImpl (RaftServerImpl.java:setRole(170)) - 6f2fd86e-288d-46f4-8189-7559bb792ffd@group-ABEB7CAEB823: changes role from      null to FOLLOWER at term 0 for startAsFollower
2019-10-15 00:58:21,072 [pool-433-thread-1] INFO  impl.RoleInfo (RoleInfo.java:updateAndGet(143)) - 6f2fd86e-288d-46f4-8189-7559bb792ffd: start FollowerState
2019-10-15 00:58:21,072 [pool-433-thread-1] INFO  util.JmxRegister (JmxRegister.java:tryRegister(44)) - Successfully registered JMX Bean with object name Ratis:service=RaftServer,group=group-ABEB7CAEB823,id=6f2fd86e-288d-46f4-8189-7559bb792ffd
2019-10-15 00:58:21,072 [pool-403-thread-1] INFO  impl.RaftServerImpl (RaftServerImpl.java:start(181)) - 3f7df7da-b219-487f-8006-3cfb850b729b@group-ABEB7CAEB823: start as a follower, conf=-1: [5370a49f-0488-4254-b182-627088936824:192.168.164.218:34405, 3f7df7da-b219-487f-8006-3cfb850b729b:192.168.164.218:34625, 6f2fd86e-288d-46f4-8189-7559bb792ffd:192.168.164.218:42752], old=null
2019-10-15 00:58:21,072 [pool-403-thread-1] INFO  impl.RaftServerImpl (RaftServerImpl.java:setRole(170)) - 3f7df7da-b219-487f-8006-3cfb850b729b@group-ABEB7CAEB823: changes role from      null to FOLLOWER at term 0 for startAsFollower
2019-10-15 00:58:21,073 [pool-403-thread-1] INFO  impl.RoleInfo (RoleInfo.java:updateAndGet(143)) - 3f7df7da-b219-487f-8006-3cfb850b729b: start FollowerState
2019-10-15 00:58:21,073 [pool-403-thread-1] INFO  util.JmxRegister (JmxRegister.java:tryRegister(44)) - Successfully registered JMX Bean with object name Ratis:service=RaftServer,group=group-ABEB7CAEB823,id=3f7df7da-b219-487f-8006-3cfb850b729b
2019-10-15 00:58:21,078 [RatisPipelineUtilsThread] INFO  pipeline.PipelineStateManager (PipelineStateManager.java:addPipeline(57)) - Created pipeline Pipeline[ Id: e7484d6e-8a61-4d0a-831c-abeb7caeb823, Nodes: 5370a49f-0488-4254-b182-627088936824{ip: 192.168.164.218, host: pr-hdds-1868-7bj8h-208101609, networkLocation: /default-rack, certSerialId: null}3f7df7da-b219-487f-8006-3cfb850b729b{ip: 192.168.164.218, host: pr-hdds-1868-7bj8h-208101609, networkLocation: /default-rack, certSerialId: null}6f2fd86e-288d-46f4-8189-7559bb792ffd{ip: 192.168.164.218, host: pr-hdds-1868-7bj8h-208101609, networkLocation: /default-rack, certSerialId: null}, Type:RATIS, Factor:THREE, State:ALLOCATED]
2019-10-15 00:58:21,078 [Thread-2436] INFO  pipeline.PipelineStateManager (PipelineStateManager.java:finalizePipeline(123)) - Pipeline Pipeline[ Id: dac7e28f-7398-43f3-a3c8-102711f8ff0d, Nodes: 91c7735c-f887-4c28-a289-17cc148dd39e{ip: 192.168.164.218, host: pr-hdds-1868-7bj8h-208101609, networkLocation: /default-rack, certSerialId: null}, Type:RATIS, Factor:ONE, State:CLOSED] moved to CLOSED state
2019-10-15 00:58:21,084 [grpc-default-executor-2] INFO  impl.RaftServerProxy (RaftServerProxy.java:remove(95)) - 91c7735c-f887-4c28-a289-17cc148dd39e: remove  FOLLOWER 91c7735c-f887-4c28-a289-17cc148dd39e@group-102711F8FF0D:t0, leader=null, voted=null, raftlog=91c7735c-f887-4c28-a289-17cc148dd39e@group-102711F8FF0D-SegmentedRaftLog:OPENED:c-1,f-1,i0, conf=-1: [91c7735c-f887-4c28-a289-17cc148dd39e:192.168.164.218:34616], old=null RUNNING
2019-10-15 00:58:21,085 [grpc-default-executor-2] INFO  impl.RaftServerImpl (RaftServerImpl.java:lambda$shutdown$3(247)) - 91c7735c-f887-4c28-a289-17cc148dd39e@group-102711F8FF0D: shutdown
2019-10-15 00:58:21,085 [grpc-default-executor-2] INFO  util.JmxRegister (JmxRegister.java:unregister(73)) - Successfully un-registered JMX Bean with object name Ratis:service=RaftServer,group=group-102711F8FF0D,id=91c7735c-f887-4c28-a289-17cc148dd39e
2019-10-15 00:58:21,085 [grpc-default-executor-2] INFO  impl.RoleInfo (RoleInfo.java:shutdownFollowerState(121)) - 91c7735c-f887-4c28-a289-17cc148dd39e: shutdown FollowerState
2019-10-15 00:58:21,085 [grpc-default-executor-2] INFO  impl.StateMachineUpdater (StateMachineUpdater.java:stopAndJoin(136)) - 91c7735c-f887-4c28-a289-17cc148dd39e@group-102711F8FF0D-StateMachineUpdater: set stopIndex = -1
2019-10-15 00:58:21,085 [Thread-2456] INFO  impl.FollowerState (FollowerState.java:run(117)) - 91c7735c-f887-4c28-a289-17cc148dd39e@group-102711F8FF0D-FollowerState was interrupted: java.lang.InterruptedException: sleep interrupted
2019-10-15 00:58:21,085 [grpc-default-executor-2] INFO  impl.RaftServerImpl (ServerState.java:close(387)) - 91c7735c-f887-4c28-a289-17cc148dd39e@group-102711F8FF0D: closes. applyIndex: -1
2019-10-15 00:58:21,086 [91c7735c-f887-4c28-a289-17cc148dd39e@group-102711F8FF0D-SegmentedRaftLogWorker] INFO  segmented.SegmentedRaftLogWorker (SegmentedRaftLogWorker.java:run(316)) - 91c7735c-f887-4c28-a289-17cc148dd39e@group-102711F8FF0D-SegmentedRaftLogWorker was interrupted, exiting. There are 0 tasks remaining in the queue.
2019-10-15 00:58:21,086 [grpc-default-executor-2] INFO  segmented.SegmentedRaftLogWorker (SegmentedRaftLogWorker.java:close(224)) - 91c7735c-f887-4c28-a289-17cc148dd39e@group-102711F8FF0D-SegmentedRaftLogWorker close()
2019-10-15 00:58:21,094 [Thread-2436] INFO  pipeline.PipelineStateManager (PipelineStateManager.java:removePipeline(108)) - Pipeline Pipeline[ Id: dac7e28f-7398-43f3-a3c8-102711f8ff0d, Nodes: 91c7735c-f887-4c28-a289-17cc148dd39e{ip: 192.168.164.218, host: pr-hdds-1868-7bj8h-208101609, networkLocation: /default-rack, certSerialId: null}, Type:RATIS, Factor:ONE, State:CLOSED] removed from db
2019-10-15 00:58:21,094 [Thread-2436] INFO  pipeline.SCMPipelineManager (SCMPipelineManager.java:finalizeAndDestroyPipeline(315)) - destroying pipeline:Pipeline[ Id: a72ca42a-c32a-4b57-8dbd-57be4b0a0f18, Nodes: 6f2fd86e-288d-46f4-8189-7559bb792ffd{ip: 192.168.164.218, host: pr-hdds-1868-7bj8h-208101609, networkLocation: /default-rack, certSerialId: null}, Type:RATIS, Factor:ONE, State:ALLOCATED]
2019-10-15 00:58:21,096 [grpc-default-executor-2] INFO  impl.RaftServerProxy (RaftServerProxy.java:addNew(89)) - 91c7735c-f887-4c28-a289-17cc148dd39e: addNew group-60853505AB20:[91c7735c-f887-4c28-a289-17cc148dd39e:192.168.164.218:34616] returns group-60853505AB20:java.util.concurrent.CompletableFuture@1a8e2ead[Not completed]
2019-10-15 00:58:21,098 [pool-443-thread-1] INFO  impl.RaftServerImpl (RaftServerImpl.java:<init>(95)) - 91c7735c-f887-4c28-a289-17cc148dd39e: new RaftServerImpl for group-60853505AB20:[91c7735c-f887-4c28-a289-17cc148dd39e:192.168.164.218:34616] with ContainerStateMachine:uninitialized
2019-10-15 00:58:21,098 [pool-443-thread-1] INFO  server.RaftServerConfigKeys (ConfUtils.java:logGet(43)) - raft.server.rpc.timeout.min = 5s (custom)
2019-10-15 00:58:21,098 [pool-443-thread-1] INFO  server.RaftServerConfigKeys (ConfUtils.java:logGet(43)) - raft.server.rpc.timeout.max = 5200ms (custom)
2019-10-15 00:58:21,098 [pool-443-thread-1] INFO  server.RaftServerConfigKeys (ConfUtils.java:logGet(43)) - raft.server.rpcslowness.timeout = 120s (custom)
2019-10-15 00:58:21,098 [pool-443-thread-1] INFO  server.RaftServerConfigKeys (ConfUtils.java:logGet(43)) - raft.server.sleep.deviation.threshold = 300 (default)
2019-10-15 00:58:21,098 [pool-443-thread-1] INFO  server.RaftServerConfigKeys (ConfUtils.java:logGet(43)) - raft.server.log.appender.install.snapshot.enabled = false (custom)
2019-10-15 00:58:21,099 [pool-443-thread-1] INFO  impl.RaftServerImpl (ServerState.java:<init>(103)) - 91c7735c-f887-4c28-a289-17cc148dd39e@group-60853505AB20: ConfigurationManager, init=-1: [91c7735c-f887-4c28-a289-17cc148dd39e:192.168.164.218:34616], old=null, confs=<EMPTY_MAP>
2019-10-15 00:58:21,099 [pool-443-thread-1] INFO  server.RaftServerConfigKeys (ConfUtils.java:logGet(43)) - raft.server.storage.dir = [/workdir/hadoop-ozone/integration-test/target/test-dir/MiniOzoneClusterImpl-5d82b4cd-4e47-4b06-a8d5-8585c925b255/datanode-6/data/ratis] (custom)
2019-10-15 00:58:21,099 [pool-443-thread-1] INFO  server.RaftServerConfigKeys (ConfUtils.java:logGet(43)) - raft.server.log.corruption.policy = EXCEPTION (default)
2019-10-15 00:58:21,099 [pool-443-thread-1] INFO  storage.RaftStorageDirectory (RaftStorageDirectory.java:analyzeStorage(246)) - The storage directory /workdir/hadoop-ozone/integration-test/target/test-dir/MiniOzoneClusterImpl-5d82b4cd-4e47-4b06-a8d5-8585c925b255/datanode-6/data/ratis/b742e335-b44c-4791-a2bb-60853505ab20 does not exist. Creating ...
2019-10-15 00:58:21,126 [pool-443-thread-1] INFO  storage.RaftStorageDirectory (RaftStorageDirectory.java:tryLock(328)) - Lock on /workdir/hadoop-ozone/integration-test/target/test-dir/MiniOzoneClusterImpl-5d82b4cd-4e47-4b06-a8d5-8585c925b255/datanode-6/data/ratis/b742e335-b44c-4791-a2bb-60853505ab20/in_use.lock acquired by nodename 21128@pr-hdds-1868-7bj8h-208101609
2019-10-15 00:58:21,143 [pool-443-thread-1] INFO  storage.RaftStorage (RaftStorage.java:format(84)) - Storage directory /workdir/hadoop-ozone/integration-test/target/test-dir/MiniOzoneClusterImpl-5d82b4cd-4e47-4b06-a8d5-8585c925b255/datanode-6/data/ratis/b742e335-b44c-4791-a2bb-60853505ab20 has been successfully formatted.
2019-10-15 00:58:21,143 [pool-443-thread-1] INFO  ratis.ContainerStateMachine (ContainerStateMachine.java:loadSnapshot(233)) - group-60853505AB20: The snapshot info is null. Setting the last applied indexto:(t:0, i:~)
2019-10-15 00:58:21,143 [pool-443-thread-1] INFO  server.RaftServerConfigKeys (ConfUtils.java:logGet(43)) - raft.server.notification.no-leader.timeout = 120s (custom)
2019-10-15 00:58:21,144 [pool-443-thread-1] INFO  server.RaftServerConfigKeys (ConfUtils.java:logGet(43)) - raft.server.log.use.memory = false (default)
2019-10-15 00:58:21,144 [pool-443-thread-1] INFO  server.RaftServerConfigKeys (ConfUtils.java:logGet(43)) - raft.server.log.purge.gap = 1000000 (custom)
2019-10-15 00:58:21,144 [pool-443-thread-1] INFO  server.RaftServerConfigKeys (ConfUtils.java:logGet(43)) - raft.server.log.appender.buffer.byte-limit = 33554432 (custom)
2019-10-15 00:58:21,144 [pool-443-thread-1] INFO  server.RaftServerConfigKeys (ConfUtils.java:logGet(43)) - raft.server.log.segment.size.max = 1048576 (custom)
2019-10-15 00:58:21,144 [pool-443-thread-1] INFO  server.RaftServerConfigKeys (ConfUtils.java:logGet(43)) - raft.server.log.segment.cache.num.max = 2 (custom)
2019-10-15 00:58:21,144 [pool-443-thread-1] INFO  segmented.SegmentedRaftLogWorker (SegmentedRaftLogWorker.java:<init>(173)) - new 91c7735c-f887-4c28-a289-17cc148dd39e@group-60853505AB20-SegmentedRaftLogWorker for RaftStorage:Storage Directory /workdir/hadoop-ozone/integration-test/target/test-dir/MiniOzoneClusterImpl-5d82b4cd-4e47-4b06-a8d5-8585c925b255/datanode-6/data/ratis/b742e335-b44c-4791-a2bb-60853505ab20
2019-10-15 00:58:21,144 [pool-443-thread-1] INFO  server.RaftServerConfigKeys (ConfUtils.java:logGet(43)) - raft.server.log.queue.byte-limit = 2147483647 (custom)
2019-10-15 00:58:21,145 [pool-443-thread-1] INFO  server.RaftServerConfigKeys (ConfUtils.java:logGet(43)) - raft.server.log.queue.element-limit = 1024 (custom)
2019-10-15 00:58:21,145 [pool-443-thread-1] INFO  server.RaftServerConfigKeys (ConfUtils.java:logGet(43)) - raft.server.log.segment.size.max = 1048576 (custom)
2019-10-15 00:58:21,145 [pool-443-thread-1] INFO  server.RaftServerConfigKeys (ConfUtils.java:logGet(43)) - raft.server.log.preallocated.size = 16384 (custom)
2019-10-15 00:58:21,145 [pool-443-thread-1] INFO  server.RaftServerConfigKeys (ConfUtils.java:logGet(43)) - raft.server.log.write.buffer.size = 33554432 (custom)
2019-10-15 00:58:21,145 [pool-443-thread-1] INFO  server.RaftServerConfigKeys (ConfUtils.java:logGet(43)) - raft.server.log.force.sync.num = 128 (default)
2019-10-15 00:58:21,145 [pool-443-thread-1] INFO  server.RaftServerConfigKeys (ConfUtils.java:logGet(43)) - raft.server.log.statemachine.data.sync = true (default)
2019-10-15 00:58:21,145 [pool-443-thread-1] INFO  server.RaftServerConfigKeys (ConfUtils.java:logGet(43)) - raft.server.log.statemachine.data.sync.timeout = 10s (default)
2019-10-15 00:58:21,145 [pool-443-thread-1] INFO  server.RaftServerConfigKeys (ConfUtils.java:logGet(43)) - raft.server.log.statemachine.data.sync.timeout.retry = -1 (default)
2019-10-15 00:58:21,146 [pool-443-thread-1] INFO  server.RaftServerConfigKeys (ConfUtils.java:logGet(43)) - raft.server.log.statemachine.data.caching.enabled = true (custom)
2019-10-15 00:58:21,146 [pool-443-thread-1] INFO  segmented.SegmentedRaftLogWorker (SegmentedRaftLogWorker.java:lambda$new$0(128)) - 91c7735c-f887-4c28-a289-17cc148dd39e@group-60853505AB20-SegmentedRaftLogWorker: flushIndex: setUnconditionally 0 -> -1
2019-10-15 00:58:21,146 [pool-443-thread-1] INFO  server.RaftServerConfigKeys (ConfUtils.java:logGet(43)) - raft.server.snapshot.auto.trigger.enabled = true (custom)
2019-10-15 00:58:21,146 [pool-443-thread-1] INFO  server.RaftServerConfigKeys (ConfUtils.java:logGet(43)) - raft.server.snapshot.auto.trigger.threshold = 10000 (custom)
2019-10-15 00:58:21,146 [pool-443-thread-1] INFO  server.RaftServerConfigKeys (ConfUtils.java:logGet(43)) - raft.server.snapshot.retention.file.num = 5 (custom)
2019-10-15 00:58:21,147 [pool-443-thread-1] INFO  server.RaftServerConfigKeys (ConfUtils.java:logGet(43)) - raft.server.retrycache.expirytime = 600000ms (custom)
2019-10-15 00:58:21,148 [pool-443-thread-1] INFO  impl.RaftServerImpl (RaftServerImpl.java:start(181)) - 91c7735c-f887-4c28-a289-17cc148dd39e@group-60853505AB20: start as a follower, conf=-1: [91c7735c-f887-4c28-a289-17cc148dd39e:192.168.164.218:34616], old=null
2019-10-15 00:58:21,148 [pool-443-thread-1] INFO  impl.RaftServerImpl (RaftServerImpl.java:setRole(170)) - 91c7735c-f887-4c28-a289-17cc148dd39e@group-60853505AB20: changes role from      null to FOLLOWER at term 0 for startAsFollower
2019-10-15 00:58:21,148 [pool-443-thread-1] INFO  impl.RoleInfo (RoleInfo.java:updateAndGet(143)) - 91c7735c-f887-4c28-a289-17cc148dd39e: start FollowerState
2019-10-15 00:58:21,149 [pool-443-thread-1] INFO  util.JmxRegister (JmxRegister.java:tryRegister(44)) - Successfully registered JMX Bean with object name Ratis:service=RaftServer,group=group-60853505AB20,id=91c7735c-f887-4c28-a289-17cc148dd39e
2019-10-15 00:58:21,153 [RatisPipelineUtilsThread] INFO  pipeline.PipelineStateManager (PipelineStateManager.java:addPipeline(57)) - Created pipeline Pipeline[ Id: b742e335-b44c-4791-a2bb-60853505ab20, Nodes: 91c7735c-f887-4c28-a289-17cc148dd39e{ip: 192.168.164.218, host: pr-hdds-1868-7bj8h-208101609, networkLocation: /default-rack, certSerialId: null}, Type:RATIS, Factor:ONE, State:ALLOCATED]
2019-10-15 00:58:21,154 [Thread-2436] INFO  pipeline.PipelineStateManager (PipelineStateManager.java:finalizePipeline(123)) - Pipeline Pipeline[ Id: a72ca42a-c32a-4b57-8dbd-57be4b0a0f18, Nodes: 6f2fd86e-288d-46f4-8189-7559bb792ffd{ip: 192.168.164.218, host: pr-hdds-1868-7bj8h-208101609, networkLocation: /default-rack, certSerialId: null}, Type:RATIS, Factor:ONE, State:CLOSED] moved to CLOSED state
2019-10-15 00:58:21,160 [grpc-default-executor-2] INFO  impl.RaftServerProxy (RaftServerProxy.java:remove(95)) - 6f2fd86e-288d-46f4-8189-7559bb792ffd: remove  FOLLOWER 6f2fd86e-288d-46f4-8189-7559bb792ffd@group-57BE4B0A0F18:t0, leader=null, voted=null, raftlog=6f2fd86e-288d-46f4-8189-7559bb792ffd@group-57BE4B0A0F18-SegmentedRaftLog:OPENED:c-1,f-1,i0, conf=-1: [6f2fd86e-288d-46f4-8189-7559bb792ffd:192.168.164.218:42752], old=null RUNNING
2019-10-15 00:58:21,161 [grpc-default-executor-2] INFO  impl.RaftServerImpl (RaftServerImpl.java:lambda$shutdown$3(247)) - 6f2fd86e-288d-46f4-8189-7559bb792ffd@group-57BE4B0A0F18: shutdown
2019-10-15 00:58:21,161 [grpc-default-executor-2] INFO  util.JmxRegister (JmxRegister.java:unregister(73)) - Successfully un-registered JMX Bean with object name Ratis:service=RaftServer,group=group-57BE4B0A0F18,id=6f2fd86e-288d-46f4-8189-7559bb792ffd
2019-10-15 00:58:21,161 [grpc-default-executor-2] INFO  impl.RoleInfo (RoleInfo.java:shutdownFollowerState(121)) - 6f2fd86e-288d-46f4-8189-7559bb792ffd: shutdown FollowerState
2019-10-15 00:58:21,161 [grpc-default-executor-2] INFO  impl.StateMachineUpdater (StateMachineUpdater.java:stopAndJoin(136)) - 6f2fd86e-288d-46f4-8189-7559bb792ffd@group-57BE4B0A0F18-StateMachineUpdater: set stopIndex = -1
2019-10-15 00:58:21,161 [Thread-2453] INFO  impl.FollowerState (FollowerState.java:run(117)) - 6f2fd86e-288d-46f4-8189-7559bb792ffd@group-57BE4B0A0F18-FollowerState was interrupted: java.lang.InterruptedException: sleep interrupted
2019-10-15 00:58:21,162 [grpc-default-executor-2] INFO  impl.RaftServerImpl (ServerState.java:close(387)) - 6f2fd86e-288d-46f4-8189-7559bb792ffd@group-57BE4B0A0F18: closes. applyIndex: -1
2019-10-15 00:58:21,162 [6f2fd86e-288d-46f4-8189-7559bb792ffd@group-57BE4B0A0F18-SegmentedRaftLogWorker] INFO  segmented.SegmentedRaftLogWorker (SegmentedRaftLogWorker.java:run(316)) - 6f2fd86e-288d-46f4-8189-7559bb792ffd@group-57BE4B0A0F18-SegmentedRaftLogWorker was interrupted, exiting. There are 0 tasks remaining in the queue.
2019-10-15 00:58:21,162 [grpc-default-executor-2] INFO  segmented.SegmentedRaftLogWorker (SegmentedRaftLogWorker.java:close(224)) - 6f2fd86e-288d-46f4-8189-7559bb792ffd@group-57BE4B0A0F18-SegmentedRaftLogWorker close()
2019-10-15 00:58:21,170 [Thread-2436] INFO  pipeline.PipelineStateManager (PipelineStateManager.java:removePipeline(108)) - Pipeline Pipeline[ Id: a72ca42a-c32a-4b57-8dbd-57be4b0a0f18, Nodes: 6f2fd86e-288d-46f4-8189-7559bb792ffd{ip: 192.168.164.218, host: pr-hdds-1868-7bj8h-208101609, networkLocation: /default-rack, certSerialId: null}, Type:RATIS, Factor:ONE, State:CLOSED] removed from db
2019-10-15 00:58:21,170 [Thread-2436] INFO  pipeline.SCMPipelineManager (SCMPipelineManager.java:finalizeAndDestroyPipeline(315)) - destroying pipeline:Pipeline[ Id: ede533ae-3d62-4251-b839-facab69d063d, Nodes: a195247f-068a-4b76-a937-2df84190de26{ip: 192.168.164.218, host: pr-hdds-1868-7bj8h-208101609, networkLocation: /default-rack, certSerialId: null}, Type:RATIS, Factor:ONE, State:ALLOCATED]
2019-10-15 00:58:21,173 [grpc-default-executor-2] INFO  impl.RaftServerProxy (RaftServerProxy.java:addNew(89)) - 6f2fd86e-288d-46f4-8189-7559bb792ffd: addNew group-C3318AACD063:[6f2fd86e-288d-46f4-8189-7559bb792ffd:192.168.164.218:42752] returns group-C3318AACD063:java.util.concurrent.CompletableFuture@27a34b3e[Not completed]
2019-10-15 00:58:21,174 [pool-433-thread-1] INFO  impl.RaftServerImpl (RaftServerImpl.java:<init>(95)) - 6f2fd86e-288d-46f4-8189-7559bb792ffd: new RaftServerImpl for group-C3318AACD063:[6f2fd86e-288d-46f4-8189-7559bb792ffd:192.168.164.218:42752] with ContainerStateMachine:uninitialized
2019-10-15 00:58:21,174 [pool-433-thread-1] INFO  server.RaftServerConfigKeys (ConfUtils.java:logGet(43)) - raft.server.rpc.timeout.min = 5s (custom)
2019-10-15 00:58:21,174 [pool-433-thread-1] INFO  server.RaftServerConfigKeys (ConfUtils.java:logGet(43)) - raft.server.rpc.timeout.max = 5200ms (custom)
2019-10-15 00:58:21,174 [pool-433-thread-1] INFO  server.RaftServerConfigKeys (ConfUtils.java:logGet(43)) - raft.server.rpcslowness.timeout = 120s (custom)
2019-10-15 00:58:21,174 [pool-433-thread-1] INFO  server.RaftServerConfigKeys (ConfUtils.java:logGet(43)) - raft.server.sleep.deviation.threshold = 300 (default)
2019-10-15 00:58:21,174 [pool-433-thread-1] INFO  server.RaftServerConfigKeys (ConfUtils.java:logGet(43)) - raft.server.log.appender.install.snapshot.enabled = false (custom)
2019-10-15 00:58:21,174 [pool-433-thread-1] INFO  impl.RaftServerImpl (ServerState.java:<init>(103)) - 6f2fd86e-288d-46f4-8189-7559bb792ffd@group-C3318AACD063: ConfigurationManager, init=-1: [6f2fd86e-288d-46f4-8189-7559bb792ffd:192.168.164.218:42752], old=null, confs=<EMPTY_MAP>
2019-10-15 00:58:21,175 [pool-433-thread-1] INFO  server.RaftServerConfigKeys (ConfUtils.java:logGet(43)) - raft.server.storage.dir = [/workdir/hadoop-ozone/integration-test/target/test-dir/MiniOzoneClusterImpl-5d82b4cd-4e47-4b06-a8d5-8585c925b255/datanode-5/data/ratis] (custom)
2019-10-15 00:58:21,175 [pool-433-thread-1] INFO  server.RaftServerConfigKeys (ConfUtils.java:logGet(43)) - raft.server.log.corruption.policy = EXCEPTION (default)
2019-10-15 00:58:21,175 [pool-433-thread-1] INFO  storage.RaftStorageDirectory (RaftStorageDirectory.java:analyzeStorage(246)) - The storage directory /workdir/hadoop-ozone/integration-test/target/test-dir/MiniOzoneClusterImpl-5d82b4cd-4e47-4b06-a8d5-8585c925b255/datanode-5/data/ratis/f2c8559c-73aa-4935-92a0-c3318aacd063 does not exist. Creating ...
2019-10-15 00:58:21,202 [pool-433-thread-1] INFO  storage.RaftStorageDirectory (RaftStorageDirectory.java:tryLock(328)) - Lock on /workdir/hadoop-ozone/integration-test/target/test-dir/MiniOzoneClusterImpl-5d82b4cd-4e47-4b06-a8d5-8585c925b255/datanode-5/data/ratis/f2c8559c-73aa-4935-92a0-c3318aacd063/in_use.lock acquired by nodename 21128@pr-hdds-1868-7bj8h-208101609
2019-10-15 00:58:21,227 [pool-433-thread-1] INFO  storage.RaftStorage (RaftStorage.java:format(84)) - Storage directory /workdir/hadoop-ozone/integration-test/target/test-dir/MiniOzoneClusterImpl-5d82b4cd-4e47-4b06-a8d5-8585c925b255/datanode-5/data/ratis/f2c8559c-73aa-4935-92a0-c3318aacd063 has been successfully formatted.
2019-10-15 00:58:21,227 [pool-433-thread-1] INFO  ratis.ContainerStateMachine (ContainerStateMachine.java:loadSnapshot(233)) - group-C3318AACD063: The snapshot info is null. Setting the last applied indexto:(t:0, i:~)
2019-10-15 00:58:21,227 [pool-433-thread-1] INFO  server.RaftServerConfigKeys (ConfUtils.java:logGet(43)) - raft.server.notification.no-leader.timeout = 120s (custom)
2019-10-15 00:58:21,228 [pool-433-thread-1] INFO  server.RaftServerConfigKeys (ConfUtils.java:logGet(43)) - raft.server.log.use.memory = false (default)
2019-10-15 00:58:21,228 [pool-433-thread-1] INFO  server.RaftServerConfigKeys (ConfUtils.java:logGet(43)) - raft.server.log.purge.gap = 1000000 (custom)
2019-10-15 00:58:21,228 [pool-433-thread-1] INFO  server.RaftServerConfigKeys (ConfUtils.java:logGet(43)) - raft.server.log.appender.buffer.byte-limit = 33554432 (custom)
2019-10-15 00:58:21,228 [pool-433-thread-1] INFO  server.RaftServerConfigKeys (ConfUtils.java:logGet(43)) - raft.server.log.segment.size.max = 1048576 (custom)
2019-10-15 00:58:21,228 [pool-433-thread-1] INFO  server.RaftServerConfigKeys (ConfUtils.java:logGet(43)) - raft.server.log.segment.cache.num.max = 2 (custom)
2019-10-15 00:58:21,228 [pool-433-thread-1] INFO  segmented.SegmentedRaftLogWorker (SegmentedRaftLogWorker.java:<init>(173)) - new 6f2fd86e-288d-46f4-8189-7559bb792ffd@group-C3318AACD063-SegmentedRaftLogWorker for RaftStorage:Storage Directory /workdir/hadoop-ozone/integration-test/target/test-dir/MiniOzoneClusterImpl-5d82b4cd-4e47-4b06-a8d5-8585c925b255/datanode-5/data/ratis/f2c8559c-73aa-4935-92a0-c3318aacd063
2019-10-15 00:58:21,228 [pool-433-thread-1] INFO  server.RaftServerConfigKeys (ConfUtils.java:logGet(43)) - raft.server.log.queue.byte-limit = 2147483647 (custom)
2019-10-15 00:58:21,228 [pool-433-thread-1] INFO  server.RaftServerConfigKeys (ConfUtils.java:logGet(43)) - raft.server.log.queue.element-limit = 1024 (custom)
2019-10-15 00:58:21,228 [pool-433-thread-1] INFO  server.RaftServerConfigKeys (ConfUtils.java:logGet(43)) - raft.server.log.segment.size.max = 1048576 (custom)
2019-10-15 00:58:21,228 [pool-433-thread-1] INFO  server.RaftServerConfigKeys (ConfUtils.java:logGet(43)) - raft.server.log.preallocated.size = 16384 (custom)
2019-10-15 00:58:21,229 [pool-433-thread-1] INFO  server.RaftServerConfigKeys (ConfUtils.java:logGet(43)) - raft.server.log.write.buffer.size = 33554432 (custom)
2019-10-15 00:58:21,229 [pool-433-thread-1] INFO  server.RaftServerConfigKeys (ConfUtils.java:logGet(43)) - raft.server.log.force.sync.num = 128 (default)
2019-10-15 00:58:21,229 [pool-433-thread-1] INFO  server.RaftServerConfigKeys (ConfUtils.java:logGet(43)) - raft.server.log.statemachine.data.sync = true (default)
2019-10-15 00:58:21,229 [pool-433-thread-1] INFO  server.RaftServerConfigKeys (ConfUtils.java:logGet(43)) - raft.server.log.statemachine.data.sync.timeout = 10s (default)
2019-10-15 00:58:21,229 [pool-433-thread-1] INFO  server.RaftServerConfigKeys (ConfUtils.java:logGet(43)) - raft.server.log.statemachine.data.sync.timeout.retry = -1 (default)
2019-10-15 00:58:21,229 [pool-433-thread-1] INFO  server.RaftServerConfigKeys (ConfUtils.java:logGet(43)) - raft.server.log.statemachine.data.caching.enabled = true (custom)
2019-10-15 00:58:21,229 [pool-433-thread-1] INFO  segmented.SegmentedRaftLogWorker (SegmentedRaftLogWorker.java:lambda$new$0(128)) - 6f2fd86e-288d-46f4-8189-7559bb792ffd@group-C3318AACD063-SegmentedRaftLogWorker: flushIndex: setUnconditionally 0 -> -1
2019-10-15 00:58:21,229 [pool-433-thread-1] INFO  server.RaftServerConfigKeys (ConfUtils.java:logGet(43)) - raft.server.snapshot.auto.trigger.enabled = true (custom)
2019-10-15 00:58:21,230 [pool-433-thread-1] INFO  server.RaftServerConfigKeys (ConfUtils.java:logGet(43)) - raft.server.snapshot.auto.trigger.threshold = 10000 (custom)
2019-10-15 00:58:21,230 [pool-433-thread-1] INFO  server.RaftServerConfigKeys (ConfUtils.java:logGet(43)) - raft.server.snapshot.retention.file.num = 5 (custom)
2019-10-15 00:58:21,230 [pool-433-thread-1] INFO  server.RaftServerConfigKeys (ConfUtils.java:logGet(43)) - raft.server.retrycache.expirytime = 600000ms (custom)
2019-10-15 00:58:21,231 [pool-433-thread-1] INFO  impl.RaftServerImpl (RaftServerImpl.java:start(181)) - 6f2fd86e-288d-46f4-8189-7559bb792ffd@group-C3318AACD063: start as a follower, conf=-1: [6f2fd86e-288d-46f4-8189-7559bb792ffd:192.168.164.218:42752], old=null
2019-10-15 00:58:21,231 [pool-433-thread-1] INFO  impl.RaftServerImpl (RaftServerImpl.java:setRole(170)) - 6f2fd86e-288d-46f4-8189-7559bb792ffd@group-C3318AACD063: changes role from      null to FOLLOWER at term 0 for startAsFollower
2019-10-15 00:58:21,231 [pool-433-thread-1] INFO  impl.RoleInfo (RoleInfo.java:updateAndGet(143)) - 6f2fd86e-288d-46f4-8189-7559bb792ffd: start FollowerState
2019-10-15 00:58:21,249 [pool-433-thread-1] INFO  util.JmxRegister (JmxRegister.java:tryRegister(44)) - Successfully registered JMX Bean with object name Ratis:service=RaftServer,group=group-C3318AACD063,id=6f2fd86e-288d-46f4-8189-7559bb792ffd
2019-10-15 00:58:21,262 [RatisPipelineUtilsThread] INFO  pipeline.PipelineStateManager (PipelineStateManager.java:addPipeline(57)) - Created pipeline Pipeline[ Id: f2c8559c-73aa-4935-92a0-c3318aacd063, Nodes: 6f2fd86e-288d-46f4-8189-7559bb792ffd{ip: 192.168.164.218, host: pr-hdds-1868-7bj8h-208101609, networkLocation: /default-rack, certSerialId: null}, Type:RATIS, Factor:ONE, State:ALLOCATED]
2019-10-15 00:58:21,263 [Thread-2436] INFO  pipeline.PipelineStateManager (PipelineStateManager.java:finalizePipeline(123)) - Pipeline Pipeline[ Id: ede533ae-3d62-4251-b839-facab69d063d, Nodes: a195247f-068a-4b76-a937-2df84190de26{ip: 192.168.164.218, host: pr-hdds-1868-7bj8h-208101609, networkLocation: /default-rack, certSerialId: null}, Type:RATIS, Factor:ONE, State:CLOSED] moved to CLOSED state
2019-10-15 00:58:21,270 [grpc-default-executor-2] INFO  impl.RaftServerProxy (RaftServerProxy.java:remove(95)) - a195247f-068a-4b76-a937-2df84190de26: remove  FOLLOWER a195247f-068a-4b76-a937-2df84190de26@group-FACAB69D063D:t0, leader=null, voted=null, raftlog=a195247f-068a-4b76-a937-2df84190de26@group-FACAB69D063D-SegmentedRaftLog:OPENED:c-1,f-1,i0, conf=-1: [a195247f-068a-4b76-a937-2df84190de26:192.168.164.218:44926], old=null RUNNING
2019-10-15 00:58:21,270 [grpc-default-executor-2] INFO  impl.RaftServerImpl (RaftServerImpl.java:lambda$shutdown$3(247)) - a195247f-068a-4b76-a937-2df84190de26@group-FACAB69D063D: shutdown
2019-10-15 00:58:21,271 [grpc-default-executor-2] INFO  util.JmxRegister (JmxRegister.java:unregister(73)) - Successfully un-registered JMX Bean with object name Ratis:service=RaftServer,group=group-FACAB69D063D,id=a195247f-068a-4b76-a937-2df84190de26
2019-10-15 00:58:21,271 [grpc-default-executor-2] INFO  impl.RoleInfo (RoleInfo.java:shutdownFollowerState(121)) - a195247f-068a-4b76-a937-2df84190de26: shutdown FollowerState
2019-10-15 00:58:21,271 [grpc-default-executor-2] INFO  impl.StateMachineUpdater (StateMachineUpdater.java:stopAndJoin(136)) - a195247f-068a-4b76-a937-2df84190de26@group-FACAB69D063D-StateMachineUpdater: set stopIndex = -1
2019-10-15 00:58:21,271 [grpc-default-executor-2] INFO  impl.RaftServerImpl (ServerState.java:close(387)) - a195247f-068a-4b76-a937-2df84190de26@group-FACAB69D063D: closes. applyIndex: -1
2019-10-15 00:58:21,271 [Thread-2450] INFO  impl.FollowerState (FollowerState.java:run(117)) - a195247f-068a-4b76-a937-2df84190de26@group-FACAB69D063D-FollowerState was interrupted: java.lang.InterruptedException: sleep interrupted
2019-10-15 00:58:21,271 [a195247f-068a-4b76-a937-2df84190de26@group-FACAB69D063D-SegmentedRaftLogWorker] INFO  segmented.SegmentedRaftLogWorker (SegmentedRaftLogWorker.java:run(316)) - a195247f-068a-4b76-a937-2df84190de26@group-FACAB69D063D-SegmentedRaftLogWorker was interrupted, exiting. There are 0 tasks remaining in the queue.
2019-10-15 00:58:21,271 [grpc-default-executor-2] INFO  segmented.SegmentedRaftLogWorker (SegmentedRaftLogWorker.java:close(224)) - a195247f-068a-4b76-a937-2df84190de26@group-FACAB69D063D-SegmentedRaftLogWorker close()
2019-10-15 00:58:21,277 [Thread-2436] INFO  pipeline.PipelineStateManager (PipelineStateManager.java:removePipeline(108)) - Pipeline Pipeline[ Id: ede533ae-3d62-4251-b839-facab69d063d, Nodes: a195247f-068a-4b76-a937-2df84190de26{ip: 192.168.164.218, host: pr-hdds-1868-7bj8h-208101609, networkLocation: /default-rack, certSerialId: null}, Type:RATIS, Factor:ONE, State:CLOSED] removed from db
2019-10-15 00:58:21,277 [Thread-2436] INFO  pipeline.SCMPipelineManager (SCMPipelineManager.java:finalizeAndDestroyPipeline(315)) - destroying pipeline:Pipeline[ Id: 092749d7-a020-4361-ad69-e4774c6913ba, Nodes: 0151c55e-3a7e-46cc-adf1-6da81881f204{ip: 192.168.164.218, host: pr-hdds-1868-7bj8h-208101609, networkLocation: /default-rack, certSerialId: null}, Type:RATIS, Factor:ONE, State:ALLOCATED]
2019-10-15 00:58:21,280 [grpc-default-executor-2] INFO  impl.RaftServerProxy (RaftServerProxy.java:addNew(89)) - a195247f-068a-4b76-a937-2df84190de26: addNew group-3374AD751B7D:[a195247f-068a-4b76-a937-2df84190de26:192.168.164.218:44926] returns group-3374AD751B7D:java.util.concurrent.CompletableFuture@1bda13be[Not completed]
2019-10-15 00:58:21,281 [pool-423-thread-1] INFO  impl.RaftServerImpl (RaftServerImpl.java:<init>(95)) - a195247f-068a-4b76-a937-2df84190de26: new RaftServerImpl for group-3374AD751B7D:[a195247f-068a-4b76-a937-2df84190de26:192.168.164.218:44926] with ContainerStateMachine:uninitialized
2019-10-15 00:58:21,281 [pool-423-thread-1] INFO  server.RaftServerConfigKeys (ConfUtils.java:logGet(43)) - raft.server.rpc.timeout.min = 5s (custom)
2019-10-15 00:58:21,281 [pool-423-thread-1] INFO  server.RaftServerConfigKeys (ConfUtils.java:logGet(43)) - raft.server.rpc.timeout.max = 5200ms (custom)
2019-10-15 00:58:21,281 [pool-423-thread-1] INFO  server.RaftServerConfigKeys (ConfUtils.java:logGet(43)) - raft.server.rpcslowness.timeout = 120s (custom)
2019-10-15 00:58:21,281 [pool-423-thread-1] INFO  server.RaftServerConfigKeys (ConfUtils.java:logGet(43)) - raft.server.sleep.deviation.threshold = 300 (default)
2019-10-15 00:58:21,281 [pool-423-thread-1] INFO  server.RaftServerConfigKeys (ConfUtils.java:logGet(43)) - raft.server.log.appender.install.snapshot.enabled = false (custom)
2019-10-15 00:58:21,281 [pool-423-thread-1] INFO  impl.RaftServerImpl (ServerState.java:<init>(103)) - a195247f-068a-4b76-a937-2df84190de26@group-3374AD751B7D: ConfigurationManager, init=-1: [a195247f-068a-4b76-a937-2df84190de26:192.168.164.218:44926], old=null, confs=<EMPTY_MAP>
2019-10-15 00:58:21,282 [pool-423-thread-1] INFO  server.RaftServerConfigKeys (ConfUtils.java:logGet(43)) - raft.server.storage.dir = [/workdir/hadoop-ozone/integration-test/target/test-dir/MiniOzoneClusterImpl-5d82b4cd-4e47-4b06-a8d5-8585c925b255/datanode-4/data/ratis] (custom)
2019-10-15 00:58:21,282 [pool-423-thread-1] INFO  server.RaftServerConfigKeys (ConfUtils.java:logGet(43)) - raft.server.log.corruption.policy = EXCEPTION (default)
2019-10-15 00:58:21,282 [pool-423-thread-1] INFO  storage.RaftStorageDirectory (RaftStorageDirectory.java:analyzeStorage(246)) - The storage directory /workdir/hadoop-ozone/integration-test/target/test-dir/MiniOzoneClusterImpl-5d82b4cd-4e47-4b06-a8d5-8585c925b255/datanode-4/data/ratis/d6c82b50-07a2-482a-8923-3374ad751b7d does not exist. Creating ...
2019-10-15 00:58:21,311 [pool-423-thread-1] INFO  storage.RaftStorageDirectory (RaftStorageDirectory.java:tryLock(328)) - Lock on /workdir/hadoop-ozone/integration-test/target/test-dir/MiniOzoneClusterImpl-5d82b4cd-4e47-4b06-a8d5-8585c925b255/datanode-4/data/ratis/d6c82b50-07a2-482a-8923-3374ad751b7d/in_use.lock acquired by nodename 21128@pr-hdds-1868-7bj8h-208101609
2019-10-15 00:58:21,336 [pool-423-thread-1] INFO  storage.RaftStorage (RaftStorage.java:format(84)) - Storage directory /workdir/hadoop-ozone/integration-test/target/test-dir/MiniOzoneClusterImpl-5d82b4cd-4e47-4b06-a8d5-8585c925b255/datanode-4/data/ratis/d6c82b50-07a2-482a-8923-3374ad751b7d has been successfully formatted.
2019-10-15 00:58:21,337 [pool-423-thread-1] INFO  ratis.ContainerStateMachine (ContainerStateMachine.java:loadSnapshot(233)) - group-3374AD751B7D: The snapshot info is null. Setting the last applied indexto:(t:0, i:~)
2019-10-15 00:58:21,337 [pool-423-thread-1] INFO  server.RaftServerConfigKeys (ConfUtils.java:logGet(43)) - raft.server.notification.no-leader.timeout = 120s (custom)
2019-10-15 00:58:21,337 [pool-423-thread-1] INFO  server.RaftServerConfigKeys (ConfUtils.java:logGet(43)) - raft.server.log.use.memory = false (default)
2019-10-15 00:58:21,337 [pool-423-thread-1] INFO  server.RaftServerConfigKeys (ConfUtils.java:logGet(43)) - raft.server.log.purge.gap = 1000000 (custom)
2019-10-15 00:58:21,337 [pool-423-thread-1] INFO  server.RaftServerConfigKeys (ConfUtils.java:logGet(43)) - raft.server.log.appender.buffer.byte-limit = 33554432 (custom)
2019-10-15 00:58:21,337 [pool-423-thread-1] INFO  server.RaftServerConfigKeys (ConfUtils.java:logGet(43)) - raft.server.log.segment.size.max = 1048576 (custom)
2019-10-15 00:58:21,337 [pool-423-thread-1] INFO  server.RaftServerConfigKeys (ConfUtils.java:logGet(43)) - raft.server.log.segment.cache.num.max = 2 (custom)
2019-10-15 00:58:21,337 [pool-423-thread-1] INFO  segmented.SegmentedRaftLogWorker (SegmentedRaftLogWorker.java:<init>(173)) - new a195247f-068a-4b76-a937-2df84190de26@group-3374AD751B7D-SegmentedRaftLogWorker for RaftStorage:Storage Directory /workdir/hadoop-ozone/integration-test/target/test-dir/MiniOzoneClusterImpl-5d82b4cd-4e47-4b06-a8d5-8585c925b255/datanode-4/data/ratis/d6c82b50-07a2-482a-8923-3374ad751b7d
2019-10-15 00:58:21,337 [pool-423-thread-1] INFO  server.RaftServerConfigKeys (ConfUtils.java:logGet(43)) - raft.server.log.queue.byte-limit = 2147483647 (custom)
2019-10-15 00:58:21,337 [pool-423-thread-1] INFO  server.RaftServerConfigKeys (ConfUtils.java:logGet(43)) - raft.server.log.queue.element-limit = 1024 (custom)
2019-10-15 00:58:21,338 [pool-423-thread-1] INFO  server.RaftServerConfigKeys (ConfUtils.java:logGet(43)) - raft.server.log.segment.size.max = 1048576 (custom)
2019-10-15 00:58:21,338 [pool-423-thread-1] INFO  server.RaftServerConfigKeys (ConfUtils.java:logGet(43)) - raft.server.log.preallocated.size = 16384 (custom)
2019-10-15 00:58:21,338 [pool-423-thread-1] INFO  server.RaftServerConfigKeys (ConfUtils.java:logGet(43)) - raft.server.log.write.buffer.size = 33554432 (custom)
2019-10-15 00:58:21,338 [pool-423-thread-1] INFO  server.RaftServerConfigKeys (ConfUtils.java:logGet(43)) - raft.server.log.force.sync.num = 128 (default)
2019-10-15 00:58:21,338 [pool-423-thread-1] INFO  server.RaftServerConfigKeys (ConfUtils.java:logGet(43)) - raft.server.log.statemachine.data.sync = true (default)
2019-10-15 00:58:21,338 [pool-423-thread-1] INFO  server.RaftServerConfigKeys (ConfUtils.java:logGet(43)) - raft.server.log.statemachine.data.sync.timeout = 10s (default)
2019-10-15 00:58:21,338 [pool-423-thread-1] INFO  server.RaftServerConfigKeys (ConfUtils.java:logGet(43)) - raft.server.log.statemachine.data.sync.timeout.retry = -1 (default)
2019-10-15 00:58:21,339 [pool-423-thread-1] INFO  server.RaftServerConfigKeys (ConfUtils.java:logGet(43)) - raft.server.log.statemachine.data.caching.enabled = true (custom)
2019-10-15 00:58:21,339 [pool-423-thread-1] INFO  segmented.SegmentedRaftLogWorker (SegmentedRaftLogWorker.java:lambda$new$0(128)) - a195247f-068a-4b76-a937-2df84190de26@group-3374AD751B7D-SegmentedRaftLogWorker: flushIndex: setUnconditionally 0 -> -1
2019-10-15 00:58:21,339 [pool-423-thread-1] INFO  server.RaftServerConfigKeys (ConfUtils.java:logGet(43)) - raft.server.snapshot.auto.trigger.enabled = true (custom)
2019-10-15 00:58:21,339 [pool-423-thread-1] INFO  server.RaftServerConfigKeys (ConfUtils.java:logGet(43)) - raft.server.snapshot.auto.trigger.threshold = 10000 (custom)
2019-10-15 00:58:21,339 [pool-423-thread-1] INFO  server.RaftServerConfigKeys (ConfUtils.java:logGet(43)) - raft.server.snapshot.retention.file.num = 5 (custom)
2019-10-15 00:58:21,339 [pool-423-thread-1] INFO  server.RaftServerConfigKeys (ConfUtils.java:logGet(43)) - raft.server.retrycache.expirytime = 600000ms (custom)
2019-10-15 00:58:21,341 [pool-423-thread-1] INFO  impl.RaftServerImpl (RaftServerImpl.java:start(181)) - a195247f-068a-4b76-a937-2df84190de26@group-3374AD751B7D: start as a follower, conf=-1: [a195247f-068a-4b76-a937-2df84190de26:192.168.164.218:44926], old=null
2019-10-15 00:58:21,341 [pool-423-thread-1] INFO  impl.RaftServerImpl (RaftServerImpl.java:setRole(170)) - a195247f-068a-4b76-a937-2df84190de26@group-3374AD751B7D: changes role from      null to FOLLOWER at term 0 for startAsFollower
2019-10-15 00:58:21,341 [pool-423-thread-1] INFO  impl.RoleInfo (RoleInfo.java:updateAndGet(143)) - a195247f-068a-4b76-a937-2df84190de26: start FollowerState
2019-10-15 00:58:21,341 [pool-423-thread-1] INFO  util.JmxRegister (JmxRegister.java:tryRegister(44)) - Successfully registered JMX Bean with object name Ratis:service=RaftServer,group=group-3374AD751B7D,id=a195247f-068a-4b76-a937-2df84190de26
2019-10-15 00:58:21,345 [RatisPipelineUtilsThread] INFO  pipeline.PipelineStateManager (PipelineStateManager.java:addPipeline(57)) - Created pipeline Pipeline[ Id: d6c82b50-07a2-482a-8923-3374ad751b7d, Nodes: a195247f-068a-4b76-a937-2df84190de26{ip: 192.168.164.218, host: pr-hdds-1868-7bj8h-208101609, networkLocation: /default-rack, certSerialId: null}, Type:RATIS, Factor:ONE, State:ALLOCATED]
2019-10-15 00:58:21,346 [Thread-2436] INFO  pipeline.PipelineStateManager (PipelineStateManager.java:finalizePipeline(123)) - Pipeline Pipeline[ Id: 092749d7-a020-4361-ad69-e4774c6913ba, Nodes: 0151c55e-3a7e-46cc-adf1-6da81881f204{ip: 192.168.164.218, host: pr-hdds-1868-7bj8h-208101609, networkLocation: /default-rack, certSerialId: null}, Type:RATIS, Factor:ONE, State:CLOSED] moved to CLOSED state
2019-10-15 00:58:21,354 [grpc-default-executor-2] INFO  impl.RaftServerProxy (RaftServerProxy.java:remove(95)) - 0151c55e-3a7e-46cc-adf1-6da81881f204: remove  FOLLOWER 0151c55e-3a7e-46cc-adf1-6da81881f204@group-E4774C6913BA:t0, leader=null, voted=null, raftlog=0151c55e-3a7e-46cc-adf1-6da81881f204@group-E4774C6913BA-SegmentedRaftLog:OPENED:c-1,f-1,i0, conf=-1: [0151c55e-3a7e-46cc-adf1-6da81881f204:192.168.164.218:46456], old=null RUNNING
2019-10-15 00:58:21,354 [grpc-default-executor-2] INFO  impl.RaftServerImpl (RaftServerImpl.java:lambda$shutdown$3(247)) - 0151c55e-3a7e-46cc-adf1-6da81881f204@group-E4774C6913BA: shutdown
2019-10-15 00:58:21,354 [grpc-default-executor-2] INFO  util.JmxRegister (JmxRegister.java:unregister(73)) - Successfully un-registered JMX Bean with object name Ratis:service=RaftServer,group=group-E4774C6913BA,id=0151c55e-3a7e-46cc-adf1-6da81881f204
2019-10-15 00:58:21,355 [grpc-default-executor-2] INFO  impl.RoleInfo (RoleInfo.java:shutdownFollowerState(121)) - 0151c55e-3a7e-46cc-adf1-6da81881f204: shutdown FollowerState
2019-10-15 00:58:21,355 [grpc-default-executor-2] INFO  impl.StateMachineUpdater (StateMachineUpdater.java:stopAndJoin(136)) - 0151c55e-3a7e-46cc-adf1-6da81881f204@group-E4774C6913BA-StateMachineUpdater: set stopIndex = -1
2019-10-15 00:58:21,355 [Thread-2438] INFO  impl.FollowerState (FollowerState.java:run(117)) - 0151c55e-3a7e-46cc-adf1-6da81881f204@group-E4774C6913BA-FollowerState was interrupted: java.lang.InterruptedException: sleep interrupted
2019-10-15 00:58:21,355 [grpc-default-executor-2] INFO  impl.RaftServerImpl (ServerState.java:close(387)) - 0151c55e-3a7e-46cc-adf1-6da81881f204@group-E4774C6913BA: closes. applyIndex: -1
2019-10-15 00:58:21,355 [0151c55e-3a7e-46cc-adf1-6da81881f204@group-E4774C6913BA-SegmentedRaftLogWorker] INFO  segmented.SegmentedRaftLogWorker (SegmentedRaftLogWorker.java:run(316)) - 0151c55e-3a7e-46cc-adf1-6da81881f204@group-E4774C6913BA-SegmentedRaftLogWorker was interrupted, exiting. There are 0 tasks remaining in the queue.
2019-10-15 00:58:21,355 [grpc-default-executor-2] INFO  segmented.SegmentedRaftLogWorker (SegmentedRaftLogWorker.java:close(224)) - 0151c55e-3a7e-46cc-adf1-6da81881f204@group-E4774C6913BA-SegmentedRaftLogWorker close()
2019-10-15 00:58:21,361 [Thread-2436] INFO  pipeline.PipelineStateManager (PipelineStateManager.java:removePipeline(108)) - Pipeline Pipeline[ Id: 092749d7-a020-4361-ad69-e4774c6913ba, Nodes: 0151c55e-3a7e-46cc-adf1-6da81881f204{ip: 192.168.164.218, host: pr-hdds-1868-7bj8h-208101609, networkLocation: /default-rack, certSerialId: null}, Type:RATIS, Factor:ONE, State:CLOSED] removed from db
2019-10-15 00:58:21,361 [Thread-2436] INFO  pipeline.SCMPipelineManager (SCMPipelineManager.java:finalizeAndDestroyPipeline(315)) - destroying pipeline:Pipeline[ Id: c3f35ea3-86c9-4c6c-8cc4-0f4fc6c446a6, Nodes: 3f7df7da-b219-487f-8006-3cfb850b729b{ip: 192.168.164.218, host: pr-hdds-1868-7bj8h-208101609, networkLocation: /default-rack, certSerialId: null}, Type:RATIS, Factor:ONE, State:ALLOCATED]
2019-10-15 00:58:21,364 [grpc-default-executor-2] INFO  impl.RaftServerProxy (RaftServerProxy.java:addNew(89)) - 0151c55e-3a7e-46cc-adf1-6da81881f204: addNew group-0201776E8675:[0151c55e-3a7e-46cc-adf1-6da81881f204:192.168.164.218:46456] returns group-0201776E8675:java.util.concurrent.CompletableFuture@4f67f75d[Not completed]
2019-10-15 00:58:21,365 [pool-383-thread-1] INFO  impl.RaftServerImpl (RaftServerImpl.java:<init>(95)) - 0151c55e-3a7e-46cc-adf1-6da81881f204: new RaftServerImpl for group-0201776E8675:[0151c55e-3a7e-46cc-adf1-6da81881f204:192.168.164.218:46456] with ContainerStateMachine:uninitialized
2019-10-15 00:58:21,365 [pool-383-thread-1] INFO  server.RaftServerConfigKeys (ConfUtils.java:logGet(43)) - raft.server.rpc.timeout.min = 5s (custom)
2019-10-15 00:58:21,365 [pool-383-thread-1] INFO  server.RaftServerConfigKeys (ConfUtils.java:logGet(43)) - raft.server.rpc.timeout.max = 5200ms (custom)
2019-10-15 00:58:21,366 [pool-383-thread-1] INFO  server.RaftServerConfigKeys (ConfUtils.java:logGet(43)) - raft.server.rpcslowness.timeout = 120s (custom)
2019-10-15 00:58:21,366 [pool-383-thread-1] INFO  server.RaftServerConfigKeys (ConfUtils.java:logGet(43)) - raft.server.sleep.deviation.threshold = 300 (default)
2019-10-15 00:58:21,366 [pool-383-thread-1] INFO  server.RaftServerConfigKeys (ConfUtils.java:logGet(43)) - raft.server.log.appender.install.snapshot.enabled = false (custom)
2019-10-15 00:58:21,366 [pool-383-thread-1] INFO  impl.RaftServerImpl (ServerState.java:<init>(103)) - 0151c55e-3a7e-46cc-adf1-6da81881f204@group-0201776E8675: ConfigurationManager, init=-1: [0151c55e-3a7e-46cc-adf1-6da81881f204:192.168.164.218:46456], old=null, confs=<EMPTY_MAP>
2019-10-15 00:58:21,366 [pool-383-thread-1] INFO  server.RaftServerConfigKeys (ConfUtils.java:logGet(43)) - raft.server.storage.dir = [/workdir/hadoop-ozone/integration-test/target/test-dir/MiniOzoneClusterImpl-5d82b4cd-4e47-4b06-a8d5-8585c925b255/datanode-0/data/ratis] (custom)
2019-10-15 00:58:21,366 [pool-383-thread-1] INFO  server.RaftServerConfigKeys (ConfUtils.java:logGet(43)) - raft.server.log.corruption.policy = EXCEPTION (default)
2019-10-15 00:58:21,366 [pool-383-thread-1] INFO  storage.RaftStorageDirectory (RaftStorageDirectory.java:analyzeStorage(246)) - The storage directory /workdir/hadoop-ozone/integration-test/target/test-dir/MiniOzoneClusterImpl-5d82b4cd-4e47-4b06-a8d5-8585c925b255/datanode-0/data/ratis/6d69543b-6dbf-4c45-87b7-0201776e8675 does not exist. Creating ...
2019-10-15 00:58:21,387 [pool-383-thread-1] INFO  storage.RaftStorageDirectory (RaftStorageDirectory.java:tryLock(328)) - Lock on /workdir/hadoop-ozone/integration-test/target/test-dir/MiniOzoneClusterImpl-5d82b4cd-4e47-4b06-a8d5-8585c925b255/datanode-0/data/ratis/6d69543b-6dbf-4c45-87b7-0201776e8675/in_use.lock acquired by nodename 21128@pr-hdds-1868-7bj8h-208101609
2019-10-15 00:58:21,412 [pool-383-thread-1] INFO  storage.RaftStorage (RaftStorage.java:format(84)) - Storage directory /workdir/hadoop-ozone/integration-test/target/test-dir/MiniOzoneClusterImpl-5d82b4cd-4e47-4b06-a8d5-8585c925b255/datanode-0/data/ratis/6d69543b-6dbf-4c45-87b7-0201776e8675 has been successfully formatted.
2019-10-15 00:58:21,413 [pool-383-thread-1] INFO  ratis.ContainerStateMachine (ContainerStateMachine.java:loadSnapshot(233)) - group-0201776E8675: The snapshot info is null. Setting the last applied indexto:(t:0, i:~)
2019-10-15 00:58:21,413 [pool-383-thread-1] INFO  server.RaftServerConfigKeys (ConfUtils.java:logGet(43)) - raft.server.notification.no-leader.timeout = 120s (custom)
2019-10-15 00:58:21,413 [pool-383-thread-1] INFO  server.RaftServerConfigKeys (ConfUtils.java:logGet(43)) - raft.server.log.use.memory = false (default)
2019-10-15 00:58:21,413 [pool-383-thread-1] INFO  server.RaftServerConfigKeys (ConfUtils.java:logGet(43)) - raft.server.log.purge.gap = 1000000 (custom)
2019-10-15 00:58:21,413 [pool-383-thread-1] INFO  server.RaftServerConfigKeys (ConfUtils.java:logGet(43)) - raft.server.log.appender.buffer.byte-limit = 33554432 (custom)
2019-10-15 00:58:21,413 [pool-383-thread-1] INFO  server.RaftServerConfigKeys (ConfUtils.java:logGet(43)) - raft.server.log.segment.size.max = 1048576 (custom)
2019-10-15 00:58:21,414 [pool-383-thread-1] INFO  server.RaftServerConfigKeys (ConfUtils.java:logGet(43)) - raft.server.log.segment.cache.num.max = 2 (custom)
2019-10-15 00:58:21,414 [pool-383-thread-1] INFO  segmented.SegmentedRaftLogWorker (SegmentedRaftLogWorker.java:<init>(173)) - new 0151c55e-3a7e-46cc-adf1-6da81881f204@group-0201776E8675-SegmentedRaftLogWorker for RaftStorage:Storage Directory /workdir/hadoop-ozone/integration-test/target/test-dir/MiniOzoneClusterImpl-5d82b4cd-4e47-4b06-a8d5-8585c925b255/datanode-0/data/ratis/6d69543b-6dbf-4c45-87b7-0201776e8675
2019-10-15 00:58:21,414 [pool-383-thread-1] INFO  server.RaftServerConfigKeys (ConfUtils.java:logGet(43)) - raft.server.log.queue.byte-limit = 2147483647 (custom)
2019-10-15 00:58:21,414 [pool-383-thread-1] INFO  server.RaftServerConfigKeys (ConfUtils.java:logGet(43)) - raft.server.log.queue.element-limit = 1024 (custom)
2019-10-15 00:58:21,414 [pool-383-thread-1] INFO  server.RaftServerConfigKeys (ConfUtils.java:logGet(43)) - raft.server.log.segment.size.max = 1048576 (custom)
2019-10-15 00:58:21,414 [pool-383-thread-1] INFO  server.RaftServerConfigKeys (ConfUtils.java:logGet(43)) - raft.server.log.preallocated.size = 16384 (custom)
2019-10-15 00:58:21,415 [pool-383-thread-1] INFO  server.RaftServerConfigKeys (ConfUtils.java:logGet(43)) - raft.server.log.write.buffer.size = 33554432 (custom)
2019-10-15 00:58:21,415 [pool-383-thread-1] INFO  server.RaftServerConfigKeys (ConfUtils.java:logGet(43)) - raft.server.log.force.sync.num = 128 (default)
2019-10-15 00:58:21,415 [pool-383-thread-1] INFO  server.RaftServerConfigKeys (ConfUtils.java:logGet(43)) - raft.server.log.statemachine.data.sync = true (default)
2019-10-15 00:58:21,415 [pool-383-thread-1] INFO  server.RaftServerConfigKeys (ConfUtils.java:logGet(43)) - raft.server.log.statemachine.data.sync.timeout = 10s (default)
2019-10-15 00:58:21,415 [pool-383-thread-1] INFO  server.RaftServerConfigKeys (ConfUtils.java:logGet(43)) - raft.server.log.statemachine.data.sync.timeout.retry = -1 (default)
2019-10-15 00:58:21,416 [pool-383-thread-1] INFO  server.RaftServerConfigKeys (ConfUtils.java:logGet(43)) - raft.server.log.statemachine.data.caching.enabled = true (custom)
2019-10-15 00:58:21,416 [pool-383-thread-1] INFO  segmented.SegmentedRaftLogWorker (SegmentedRaftLogWorker.java:lambda$new$0(128)) - 0151c55e-3a7e-46cc-adf1-6da81881f204@group-0201776E8675-SegmentedRaftLogWorker: flushIndex: setUnconditionally 0 -> -1
2019-10-15 00:58:21,416 [pool-383-thread-1] INFO  server.RaftServerConfigKeys (ConfUtils.java:logGet(43)) - raft.server.snapshot.auto.trigger.enabled = true (custom)
2019-10-15 00:58:21,416 [pool-383-thread-1] INFO  server.RaftServerConfigKeys (ConfUtils.java:logGet(43)) - raft.server.snapshot.auto.trigger.threshold = 10000 (custom)
2019-10-15 00:58:21,417 [pool-383-thread-1] INFO  server.RaftServerConfigKeys (ConfUtils.java:logGet(43)) - raft.server.snapshot.retention.file.num = 5 (custom)
2019-10-15 00:58:21,417 [pool-383-thread-1] INFO  server.RaftServerConfigKeys (ConfUtils.java:logGet(43)) - raft.server.retrycache.expirytime = 600000ms (custom)
2019-10-15 00:58:21,419 [pool-383-thread-1] INFO  impl.RaftServerImpl (RaftServerImpl.java:start(181)) - 0151c55e-3a7e-46cc-adf1-6da81881f204@group-0201776E8675: start as a follower, conf=-1: [0151c55e-3a7e-46cc-adf1-6da81881f204:192.168.164.218:46456], old=null
2019-10-15 00:58:21,419 [pool-383-thread-1] INFO  impl.RaftServerImpl (RaftServerImpl.java:setRole(170)) - 0151c55e-3a7e-46cc-adf1-6da81881f204@group-0201776E8675: changes role from      null to FOLLOWER at term 0 for startAsFollower
2019-10-15 00:58:21,419 [pool-383-thread-1] INFO  impl.RoleInfo (RoleInfo.java:updateAndGet(143)) - 0151c55e-3a7e-46cc-adf1-6da81881f204: start FollowerState
2019-10-15 00:58:21,420 [pool-383-thread-1] INFO  util.JmxRegister (JmxRegister.java:tryRegister(44)) - Successfully registered JMX Bean with object name Ratis:service=RaftServer,group=group-0201776E8675,id=0151c55e-3a7e-46cc-adf1-6da81881f204
2019-10-15 00:58:21,424 [RatisPipelineUtilsThread] INFO  pipeline.PipelineStateManager (PipelineStateManager.java:addPipeline(57)) - Created pipeline Pipeline[ Id: 6d69543b-6dbf-4c45-87b7-0201776e8675, Nodes: 0151c55e-3a7e-46cc-adf1-6da81881f204{ip: 192.168.164.218, host: pr-hdds-1868-7bj8h-208101609, networkLocation: /default-rack, certSerialId: null}, Type:RATIS, Factor:ONE, State:ALLOCATED]
2019-10-15 00:58:21,425 [Thread-2436] INFO  pipeline.PipelineStateManager (PipelineStateManager.java:finalizePipeline(123)) - Pipeline Pipeline[ Id: c3f35ea3-86c9-4c6c-8cc4-0f4fc6c446a6, Nodes: 3f7df7da-b219-487f-8006-3cfb850b729b{ip: 192.168.164.218, host: pr-hdds-1868-7bj8h-208101609, networkLocation: /default-rack, certSerialId: null}, Type:RATIS, Factor:ONE, State:CLOSED] moved to CLOSED state
2019-10-15 00:58:21,433 [grpc-default-executor-2] INFO  impl.RaftServerProxy (RaftServerProxy.java:remove(95)) - 3f7df7da-b219-487f-8006-3cfb850b729b: remove  FOLLOWER 3f7df7da-b219-487f-8006-3cfb850b729b@group-0F4FC6C446A6:t0, leader=null, voted=null, raftlog=3f7df7da-b219-487f-8006-3cfb850b729b@group-0F4FC6C446A6-SegmentedRaftLog:OPENED:c-1,f-1,i0, conf=-1: [3f7df7da-b219-487f-8006-3cfb850b729b:192.168.164.218:34625], old=null RUNNING
2019-10-15 00:58:21,433 [grpc-default-executor-2] INFO  impl.RaftServerImpl (RaftServerImpl.java:lambda$shutdown$3(247)) - 3f7df7da-b219-487f-8006-3cfb850b729b@group-0F4FC6C446A6: shutdown
2019-10-15 00:58:21,434 [grpc-default-executor-2] INFO  util.JmxRegister (JmxRegister.java:unregister(73)) - Successfully un-registered JMX Bean with object name Ratis:service=RaftServer,group=group-0F4FC6C446A6,id=3f7df7da-b219-487f-8006-3cfb850b729b
2019-10-15 00:58:21,434 [grpc-default-executor-2] INFO  impl.RoleInfo (RoleInfo.java:shutdownFollowerState(121)) - 3f7df7da-b219-487f-8006-3cfb850b729b: shutdown FollowerState
2019-10-15 00:58:21,434 [grpc-default-executor-2] INFO  impl.StateMachineUpdater (StateMachineUpdater.java:stopAndJoin(136)) - 3f7df7da-b219-487f-8006-3cfb850b729b@group-0F4FC6C446A6-StateMachineUpdater: set stopIndex = -1
2019-10-15 00:58:21,434 [Thread-2444] INFO  impl.FollowerState (FollowerState.java:run(117)) - 3f7df7da-b219-487f-8006-3cfb850b729b@group-0F4FC6C446A6-FollowerState was interrupted: java.lang.InterruptedException: sleep interrupted
2019-10-15 00:58:21,434 [grpc-default-executor-2] INFO  impl.RaftServerImpl (ServerState.java:close(387)) - 3f7df7da-b219-487f-8006-3cfb850b729b@group-0F4FC6C446A6: closes. applyIndex: -1
2019-10-15 00:58:21,435 [3f7df7da-b219-487f-8006-3cfb850b729b@group-0F4FC6C446A6-SegmentedRaftLogWorker] INFO  segmented.SegmentedRaftLogWorker (SegmentedRaftLogWorker.java:run(316)) - 3f7df7da-b219-487f-8006-3cfb850b729b@group-0F4FC6C446A6-SegmentedRaftLogWorker was interrupted, exiting. There are 0 tasks remaining in the queue.
2019-10-15 00:58:21,435 [grpc-default-executor-2] INFO  segmented.SegmentedRaftLogWorker (SegmentedRaftLogWorker.java:close(224)) - 3f7df7da-b219-487f-8006-3cfb850b729b@group-0F4FC6C446A6-SegmentedRaftLogWorker close()
2019-10-15 00:58:21,443 [Thread-2436] INFO  pipeline.PipelineStateManager (PipelineStateManager.java:removePipeline(108)) - Pipeline Pipeline[ Id: c3f35ea3-86c9-4c6c-8cc4-0f4fc6c446a6, Nodes: 3f7df7da-b219-487f-8006-3cfb850b729b{ip: 192.168.164.218, host: pr-hdds-1868-7bj8h-208101609, networkLocation: /default-rack, certSerialId: null}, Type:RATIS, Factor:ONE, State:CLOSED] removed from db
2019-10-15 00:58:21,443 [Thread-2436] INFO  pipeline.SCMPipelineManager (SCMPipelineManager.java:finalizeAndDestroyPipeline(315)) - destroying pipeline:Pipeline[ Id: 2110fbd3-ea1b-4955-a924-3f5e0acf7447, Nodes: 0151c55e-3a7e-46cc-adf1-6da81881f204{ip: 192.168.164.218, host: pr-hdds-1868-7bj8h-208101609, networkLocation: /default-rack, certSerialId: null}91c7735c-f887-4c28-a289-17cc148dd39e{ip: 192.168.164.218, host: pr-hdds-1868-7bj8h-208101609, networkLocation: /default-rack, certSerialId: null}f8529145-e696-4a90-8b47-2b96a6036656{ip: 192.168.164.218, host: pr-hdds-1868-7bj8h-208101609, networkLocation: /default-rack, certSerialId: null}, Type:RATIS, Factor:THREE, State:ALLOCATED]
2019-10-15 00:58:21,447 [grpc-default-executor-2] INFO  impl.RaftServerProxy (RaftServerProxy.java:addNew(89)) - 3f7df7da-b219-487f-8006-3cfb850b729b: addNew group-CE8FC8691731:[3f7df7da-b219-487f-8006-3cfb850b729b:192.168.164.218:34625] returns group-CE8FC8691731:java.util.concurrent.CompletableFuture@5d234ee3[Not completed]
2019-10-15 00:58:21,448 [pool-403-thread-1] INFO  impl.RaftServerImpl (RaftServerImpl.java:<init>(95)) - 3f7df7da-b219-487f-8006-3cfb850b729b: new RaftServerImpl for group-CE8FC8691731:[3f7df7da-b219-487f-8006-3cfb850b729b:192.168.164.218:34625] with ContainerStateMachine:uninitialized
2019-10-15 00:58:21,448 [pool-403-thread-1] INFO  server.RaftServerConfigKeys (ConfUtils.java:logGet(43)) - raft.server.rpc.timeout.min = 5s (custom)
2019-10-15 00:58:21,448 [pool-403-thread-1] INFO  server.RaftServerConfigKeys (ConfUtils.java:logGet(43)) - raft.server.rpc.timeout.max = 5200ms (custom)
2019-10-15 00:58:21,449 [pool-403-thread-1] INFO  server.RaftServerConfigKeys (ConfUtils.java:logGet(43)) - raft.server.rpcslowness.timeout = 120s (custom)
2019-10-15 00:58:21,449 [pool-403-thread-1] INFO  server.RaftServerConfigKeys (ConfUtils.java:logGet(43)) - raft.server.sleep.deviation.threshold = 300 (default)
2019-10-15 00:58:21,449 [pool-403-thread-1] INFO  server.RaftServerConfigKeys (ConfUtils.java:logGet(43)) - raft.server.log.appender.install.snapshot.enabled = false (custom)
2019-10-15 00:58:21,449 [pool-403-thread-1] INFO  impl.RaftServerImpl (ServerState.java:<init>(103)) - 3f7df7da-b219-487f-8006-3cfb850b729b@group-CE8FC8691731: ConfigurationManager, init=-1: [3f7df7da-b219-487f-8006-3cfb850b729b:192.168.164.218:34625], old=null, confs=<EMPTY_MAP>
2019-10-15 00:58:21,449 [pool-403-thread-1] INFO  server.RaftServerConfigKeys (ConfUtils.java:logGet(43)) - raft.server.storage.dir = [/workdir/hadoop-ozone/integration-test/target/test-dir/MiniOzoneClusterImpl-5d82b4cd-4e47-4b06-a8d5-8585c925b255/datanode-2/data/ratis] (custom)
2019-10-15 00:58:21,450 [pool-403-thread-1] INFO  server.RaftServerConfigKeys (ConfUtils.java:logGet(43)) - raft.server.log.corruption.policy = EXCEPTION (default)
2019-10-15 00:58:21,450 [pool-403-thread-1] INFO  storage.RaftStorageDirectory (RaftStorageDirectory.java:analyzeStorage(246)) - The storage directory /workdir/hadoop-ozone/integration-test/target/test-dir/MiniOzoneClusterImpl-5d82b4cd-4e47-4b06-a8d5-8585c925b255/datanode-2/data/ratis/53b6a636-b261-437c-a530-ce8fc8691731 does not exist. Creating ...
2019-10-15 00:58:21,481 [pool-403-thread-1] INFO  storage.RaftStorageDirectory (RaftStorageDirectory.java:tryLock(328)) - Lock on /workdir/hadoop-ozone/integration-test/target/test-dir/MiniOzoneClusterImpl-5d82b4cd-4e47-4b06-a8d5-8585c925b255/datanode-2/data/ratis/53b6a636-b261-437c-a530-ce8fc8691731/in_use.lock acquired by nodename 21128@pr-hdds-1868-7bj8h-208101609
2019-10-15 00:58:21,506 [pool-403-thread-1] INFO  storage.RaftStorage (RaftStorage.java:format(84)) - Storage directory /workdir/hadoop-ozone/integration-test/target/test-dir/MiniOzoneClusterImpl-5d82b4cd-4e47-4b06-a8d5-8585c925b255/datanode-2/data/ratis/53b6a636-b261-437c-a530-ce8fc8691731 has been successfully formatted.
2019-10-15 00:58:21,506 [pool-403-thread-1] INFO  ratis.ContainerStateMachine (ContainerStateMachine.java:loadSnapshot(233)) - group-CE8FC8691731: The snapshot info is null. Setting the last applied indexto:(t:0, i:~)
2019-10-15 00:58:21,507 [pool-403-thread-1] INFO  server.RaftServerConfigKeys (ConfUtils.java:logGet(43)) - raft.server.notification.no-leader.timeout = 120s (custom)
2019-10-15 00:58:21,507 [pool-403-thread-1] INFO  server.RaftServerConfigKeys (ConfUtils.java:logGet(43)) - raft.server.log.use.memory = false (default)
2019-10-15 00:58:21,507 [pool-403-thread-1] INFO  server.RaftServerConfigKeys (ConfUtils.java:logGet(43)) - raft.server.log.purge.gap = 1000000 (custom)
2019-10-15 00:58:21,507 [pool-403-thread-1] INFO  server.RaftServerConfigKeys (ConfUtils.java:logGet(43)) - raft.server.log.appender.buffer.byte-limit = 33554432 (custom)
2019-10-15 00:58:21,507 [pool-403-thread-1] INFO  server.RaftServerConfigKeys (ConfUtils.java:logGet(43)) - raft.server.log.segment.size.max = 1048576 (custom)
2019-10-15 00:58:21,507 [pool-403-thread-1] INFO  server.RaftServerConfigKeys (ConfUtils.java:logGet(43)) - raft.server.log.segment.cache.num.max = 2 (custom)
2019-10-15 00:58:21,507 [pool-403-thread-1] INFO  segmented.SegmentedRaftLogWorker (SegmentedRaftLogWorker.java:<init>(173)) - new 3f7df7da-b219-487f-8006-3cfb850b729b@group-CE8FC8691731-SegmentedRaftLogWorker for RaftStorage:Storage Directory /workdir/hadoop-ozone/integration-test/target/test-dir/MiniOzoneClusterImpl-5d82b4cd-4e47-4b06-a8d5-8585c925b255/datanode-2/data/ratis/53b6a636-b261-437c-a530-ce8fc8691731
2019-10-15 00:58:21,508 [pool-403-thread-1] INFO  server.RaftServerConfigKeys (ConfUtils.java:logGet(43)) - raft.server.log.queue.byte-limit = 2147483647 (custom)
2019-10-15 00:58:21,508 [pool-403-thread-1] INFO  server.RaftServerConfigKeys (ConfUtils.java:logGet(43)) - raft.server.log.queue.element-limit = 1024 (custom)
2019-10-15 00:58:21,508 [pool-403-thread-1] INFO  server.RaftServerConfigKeys (ConfUtils.java:logGet(43)) - raft.server.log.segment.size.max = 1048576 (custom)
2019-10-15 00:58:21,508 [pool-403-thread-1] INFO  server.RaftServerConfigKeys (ConfUtils.java:logGet(43)) - raft.server.log.preallocated.size = 16384 (custom)
2019-10-15 00:58:21,508 [pool-403-thread-1] INFO  server.RaftServerConfigKeys (ConfUtils.java:logGet(43)) - raft.server.log.write.buffer.size = 33554432 (custom)
2019-10-15 00:58:21,508 [pool-403-thread-1] INFO  server.RaftServerConfigKeys (ConfUtils.java:logGet(43)) - raft.server.log.force.sync.num = 128 (default)
2019-10-15 00:58:21,508 [pool-403-thread-1] INFO  server.RaftServerConfigKeys (ConfUtils.java:logGet(43)) - raft.server.log.statemachine.data.sync = true (default)
2019-10-15 00:58:21,508 [pool-403-thread-1] INFO  server.RaftServerConfigKeys (ConfUtils.java:logGet(43)) - raft.server.log.statemachine.data.sync.timeout = 10s (default)
2019-10-15 00:58:21,509 [pool-403-thread-1] INFO  server.RaftServerConfigKeys (ConfUtils.java:logGet(43)) - raft.server.log.statemachine.data.sync.timeout.retry = -1 (default)
2019-10-15 00:58:21,509 [pool-403-thread-1] INFO  server.RaftServerConfigKeys (ConfUtils.java:logGet(43)) - raft.server.log.statemachine.data.caching.enabled = true (custom)
2019-10-15 00:58:21,509 [pool-403-thread-1] INFO  segmented.SegmentedRaftLogWorker (SegmentedRaftLogWorker.java:lambda$new$0(128)) - 3f7df7da-b219-487f-8006-3cfb850b729b@group-CE8FC8691731-SegmentedRaftLogWorker: flushIndex: setUnconditionally 0 -> -1
2019-10-15 00:58:21,509 [pool-403-thread-1] INFO  server.RaftServerConfigKeys (ConfUtils.java:logGet(43)) - raft.server.snapshot.auto.trigger.enabled = true (custom)
2019-10-15 00:58:21,510 [pool-403-thread-1] INFO  server.RaftServerConfigKeys (ConfUtils.java:logGet(43)) - raft.server.snapshot.auto.trigger.threshold = 10000 (custom)
2019-10-15 00:58:21,510 [pool-403-thread-1] INFO  server.RaftServerConfigKeys (ConfUtils.java:logGet(43)) - raft.server.snapshot.retention.file.num = 5 (custom)
2019-10-15 00:58:21,510 [pool-403-thread-1] INFO  server.RaftServerConfigKeys (ConfUtils.java:logGet(43)) - raft.server.retrycache.expirytime = 600000ms (custom)
2019-10-15 00:58:21,512 [pool-403-thread-1] INFO  impl.RaftServerImpl (RaftServerImpl.java:start(181)) - 3f7df7da-b219-487f-8006-3cfb850b729b@group-CE8FC8691731: start as a follower, conf=-1: [3f7df7da-b219-487f-8006-3cfb850b729b:192.168.164.218:34625], old=null
2019-10-15 00:58:21,512 [pool-403-thread-1] INFO  impl.RaftServerImpl (RaftServerImpl.java:setRole(170)) - 3f7df7da-b219-487f-8006-3cfb850b729b@group-CE8FC8691731: changes role from      null to FOLLOWER at term 0 for startAsFollower
2019-10-15 00:58:21,512 [pool-403-thread-1] INFO  impl.RoleInfo (RoleInfo.java:updateAndGet(143)) - 3f7df7da-b219-487f-8006-3cfb850b729b: start FollowerState
2019-10-15 00:58:21,512 [pool-403-thread-1] INFO  util.JmxRegister (JmxRegister.java:tryRegister(44)) - Successfully registered JMX Bean with object name Ratis:service=RaftServer,group=group-CE8FC8691731,id=3f7df7da-b219-487f-8006-3cfb850b729b
2019-10-15 00:58:21,517 [RatisPipelineUtilsThread] INFO  pipeline.PipelineStateManager (PipelineStateManager.java:addPipeline(57)) - Created pipeline Pipeline[ Id: 53b6a636-b261-437c-a530-ce8fc8691731, Nodes: 3f7df7da-b219-487f-8006-3cfb850b729b{ip: 192.168.164.218, host: pr-hdds-1868-7bj8h-208101609, networkLocation: /default-rack, certSerialId: null}, Type:RATIS, Factor:ONE, State:ALLOCATED]
2019-10-15 00:58:21,517 [Thread-2436] INFO  pipeline.PipelineStateManager (PipelineStateManager.java:finalizePipeline(123)) - Pipeline Pipeline[ Id: 2110fbd3-ea1b-4955-a924-3f5e0acf7447, Nodes: 0151c55e-3a7e-46cc-adf1-6da81881f204{ip: 192.168.164.218, host: pr-hdds-1868-7bj8h-208101609, networkLocation: /default-rack, certSerialId: null}91c7735c-f887-4c28-a289-17cc148dd39e{ip: 192.168.164.218, host: pr-hdds-1868-7bj8h-208101609, networkLocation: /default-rack, certSerialId: null}f8529145-e696-4a90-8b47-2b96a6036656{ip: 192.168.164.218, host: pr-hdds-1868-7bj8h-208101609, networkLocation: /default-rack, certSerialId: null}, Type:RATIS, Factor:THREE, State:CLOSED] moved to CLOSED state
2019-10-15 00:58:21,518 [main] INFO  ozone.MiniOzoneClusterImpl (MiniOzoneClusterImpl.java:lambda$waitForClusterToBeReady$2(164)) - Waiting for 8 number of pipelines out of 9, to report a leader.
2019-10-15 00:58:21,526 [grpc-default-executor-2] INFO  impl.RaftServerProxy (RaftServerProxy.java:remove(95)) - 0151c55e-3a7e-46cc-adf1-6da81881f204: remove  FOLLOWER 0151c55e-3a7e-46cc-adf1-6da81881f204@group-3F5E0ACF7447:t0, leader=null, voted=null, raftlog=0151c55e-3a7e-46cc-adf1-6da81881f204@group-3F5E0ACF7447-SegmentedRaftLog:OPENED:c-1,f-1,i0, conf=-1: [f8529145-e696-4a90-8b47-2b96a6036656:192.168.164.218:38812, 91c7735c-f887-4c28-a289-17cc148dd39e:192.168.164.218:34616, 0151c55e-3a7e-46cc-adf1-6da81881f204:192.168.164.218:46456], old=null RUNNING
2019-10-15 00:58:21,526 [grpc-default-executor-2] INFO  impl.RaftServerImpl (RaftServerImpl.java:lambda$shutdown$3(247)) - 0151c55e-3a7e-46cc-adf1-6da81881f204@group-3F5E0ACF7447: shutdown
2019-10-15 00:58:21,526 [grpc-default-executor-2] INFO  util.JmxRegister (JmxRegister.java:unregister(73)) - Successfully un-registered JMX Bean with object name Ratis:service=RaftServer,group=group-3F5E0ACF7447,id=0151c55e-3a7e-46cc-adf1-6da81881f204
2019-10-15 00:58:21,527 [grpc-default-executor-2] INFO  impl.RoleInfo (RoleInfo.java:shutdownFollowerState(121)) - 0151c55e-3a7e-46cc-adf1-6da81881f204: shutdown FollowerState
2019-10-15 00:58:21,527 [grpc-default-executor-2] INFO  impl.StateMachineUpdater (StateMachineUpdater.java:stopAndJoin(136)) - 0151c55e-3a7e-46cc-adf1-6da81881f204@group-3F5E0ACF7447-StateMachineUpdater: set stopIndex = -1
2019-10-15 00:58:21,527 [Thread-2462] INFO  impl.FollowerState (FollowerState.java:run(117)) - 0151c55e-3a7e-46cc-adf1-6da81881f204@group-3F5E0ACF7447-FollowerState was interrupted: java.lang.InterruptedException: sleep interrupted
2019-10-15 00:58:21,527 [grpc-default-executor-2] INFO  impl.RaftServerImpl (ServerState.java:close(387)) - 0151c55e-3a7e-46cc-adf1-6da81881f204@group-3F5E0ACF7447: closes. applyIndex: -1
2019-10-15 00:58:21,527 [0151c55e-3a7e-46cc-adf1-6da81881f204@group-3F5E0ACF7447-SegmentedRaftLogWorker] INFO  segmented.SegmentedRaftLogWorker (SegmentedRaftLogWorker.java:run(316)) - 0151c55e-3a7e-46cc-adf1-6da81881f204@group-3F5E0ACF7447-SegmentedRaftLogWorker was interrupted, exiting. There are 0 tasks remaining in the queue.
2019-10-15 00:58:21,528 [grpc-default-executor-2] INFO  segmented.SegmentedRaftLogWorker (SegmentedRaftLogWorker.java:close(224)) - 0151c55e-3a7e-46cc-adf1-6da81881f204@group-3F5E0ACF7447-SegmentedRaftLogWorker close()
2019-10-15 00:58:21,541 [grpc-default-executor-2] INFO  impl.RaftServerProxy (RaftServerProxy.java:remove(95)) - 91c7735c-f887-4c28-a289-17cc148dd39e: remove  FOLLOWER 91c7735c-f887-4c28-a289-17cc148dd39e@group-3F5E0ACF7447:t0, leader=null, voted=null, raftlog=91c7735c-f887-4c28-a289-17cc148dd39e@group-3F5E0ACF7447-SegmentedRaftLog:OPENED:c-1,f-1,i0, conf=-1: [f8529145-e696-4a90-8b47-2b96a6036656:192.168.164.218:38812, 91c7735c-f887-4c28-a289-17cc148dd39e:192.168.164.218:34616, 0151c55e-3a7e-46cc-adf1-6da81881f204:192.168.164.218:46456], old=null RUNNING
2019-10-15 00:58:21,542 [grpc-default-executor-2] INFO  impl.RaftServerImpl (RaftServerImpl.java:lambda$shutdown$3(247)) - 91c7735c-f887-4c28-a289-17cc148dd39e@group-3F5E0ACF7447: shutdown
2019-10-15 00:58:21,542 [grpc-default-executor-2] INFO  util.JmxRegister (JmxRegister.java:unregister(73)) - Successfully un-registered JMX Bean with object name Ratis:service=RaftServer,group=group-3F5E0ACF7447,id=91c7735c-f887-4c28-a289-17cc148dd39e
2019-10-15 00:58:21,542 [grpc-default-executor-2] INFO  impl.RoleInfo (RoleInfo.java:shutdownFollowerState(121)) - 91c7735c-f887-4c28-a289-17cc148dd39e: shutdown FollowerState
2019-10-15 00:58:21,542 [grpc-default-executor-2] INFO  impl.StateMachineUpdater (StateMachineUpdater.java:stopAndJoin(136)) - 91c7735c-f887-4c28-a289-17cc148dd39e@group-3F5E0ACF7447-StateMachineUpdater: set stopIndex = -1
2019-10-15 00:58:21,542 [Thread-2460] INFO  impl.FollowerState (FollowerState.java:run(117)) - 91c7735c-f887-4c28-a289-17cc148dd39e@group-3F5E0ACF7447-FollowerState was interrupted: java.lang.InterruptedException: sleep interrupted
2019-10-15 00:58:21,542 [grpc-default-executor-2] INFO  impl.RaftServerImpl (ServerState.java:close(387)) - 91c7735c-f887-4c28-a289-17cc148dd39e@group-3F5E0ACF7447: closes. applyIndex: -1
2019-10-15 00:58:21,543 [91c7735c-f887-4c28-a289-17cc148dd39e@group-3F5E0ACF7447-SegmentedRaftLogWorker] INFO  segmented.SegmentedRaftLogWorker (SegmentedRaftLogWorker.java:run(316)) - 91c7735c-f887-4c28-a289-17cc148dd39e@group-3F5E0ACF7447-SegmentedRaftLogWorker was interrupted, exiting. There are 0 tasks remaining in the queue.
2019-10-15 00:58:21,543 [grpc-default-executor-2] INFO  segmented.SegmentedRaftLogWorker (SegmentedRaftLogWorker.java:close(224)) - 91c7735c-f887-4c28-a289-17cc148dd39e@group-3F5E0ACF7447-SegmentedRaftLogWorker close()
2019-10-15 00:58:21,555 [grpc-default-executor-2] INFO  impl.RaftServerProxy (RaftServerProxy.java:remove(95)) - f8529145-e696-4a90-8b47-2b96a6036656: remove  FOLLOWER f8529145-e696-4a90-8b47-2b96a6036656@group-3F5E0ACF7447:t0, leader=null, voted=null, raftlog=f8529145-e696-4a90-8b47-2b96a6036656@group-3F5E0ACF7447-SegmentedRaftLog:OPENED:c-1,f-1,i0, conf=-1: [f8529145-e696-4a90-8b47-2b96a6036656:192.168.164.218:38812, 91c7735c-f887-4c28-a289-17cc148dd39e:192.168.164.218:34616, 0151c55e-3a7e-46cc-adf1-6da81881f204:192.168.164.218:46456], old=null RUNNING
2019-10-15 00:58:21,556 [grpc-default-executor-2] INFO  impl.RaftServerImpl (RaftServerImpl.java:lambda$shutdown$3(247)) - f8529145-e696-4a90-8b47-2b96a6036656@group-3F5E0ACF7447: shutdown
2019-10-15 00:58:21,556 [grpc-default-executor-2] INFO  util.JmxRegister (JmxRegister.java:unregister(73)) - Successfully un-registered JMX Bean with object name Ratis:service=RaftServer,group=group-3F5E0ACF7447,id=f8529145-e696-4a90-8b47-2b96a6036656
2019-10-15 00:58:21,556 [grpc-default-executor-2] INFO  impl.RoleInfo (RoleInfo.java:shutdownFollowerState(121)) - f8529145-e696-4a90-8b47-2b96a6036656: shutdown FollowerState
2019-10-15 00:58:21,556 [grpc-default-executor-2] INFO  impl.StateMachineUpdater (StateMachineUpdater.java:stopAndJoin(136)) - f8529145-e696-4a90-8b47-2b96a6036656@group-3F5E0ACF7447-StateMachineUpdater: set stopIndex = -1
2019-10-15 00:58:21,556 [Thread-2464] INFO  impl.FollowerState (FollowerState.java:run(117)) - f8529145-e696-4a90-8b47-2b96a6036656@group-3F5E0ACF7447-FollowerState was interrupted: java.lang.InterruptedException: sleep interrupted
2019-10-15 00:58:21,556 [grpc-default-executor-2] INFO  impl.RaftServerImpl (ServerState.java:close(387)) - f8529145-e696-4a90-8b47-2b96a6036656@group-3F5E0ACF7447: closes. applyIndex: -1
2019-10-15 00:58:21,557 [f8529145-e696-4a90-8b47-2b96a6036656@group-3F5E0ACF7447-SegmentedRaftLogWorker] INFO  segmented.SegmentedRaftLogWorker (SegmentedRaftLogWorker.java:run(316)) - f8529145-e696-4a90-8b47-2b96a6036656@group-3F5E0ACF7447-SegmentedRaftLogWorker was interrupted, exiting. There are 0 tasks remaining in the queue.
2019-10-15 00:58:21,557 [grpc-default-executor-2] INFO  segmented.SegmentedRaftLogWorker (SegmentedRaftLogWorker.java:close(224)) - f8529145-e696-4a90-8b47-2b96a6036656@group-3F5E0ACF7447-SegmentedRaftLogWorker close()
2019-10-15 00:58:21,565 [Thread-2436] INFO  pipeline.PipelineStateManager (PipelineStateManager.java:removePipeline(108)) - Pipeline Pipeline[ Id: 2110fbd3-ea1b-4955-a924-3f5e0acf7447, Nodes: 0151c55e-3a7e-46cc-adf1-6da81881f204{ip: 192.168.164.218, host: pr-hdds-1868-7bj8h-208101609, networkLocation: /default-rack, certSerialId: null}91c7735c-f887-4c28-a289-17cc148dd39e{ip: 192.168.164.218, host: pr-hdds-1868-7bj8h-208101609, networkLocation: /default-rack, certSerialId: null}f8529145-e696-4a90-8b47-2b96a6036656{ip: 192.168.164.218, host: pr-hdds-1868-7bj8h-208101609, networkLocation: /default-rack, certSerialId: null}, Type:RATIS, Factor:THREE, State:CLOSED] removed from db
2019-10-15 00:58:21,569 [grpc-default-executor-6] INFO  impl.RaftServerProxy (RaftServerProxy.java:addNew(89)) - f8529145-e696-4a90-8b47-2b96a6036656: addNew group-1736B5CECF62:[f8529145-e696-4a90-8b47-2b96a6036656:192.168.164.218:38812, 91c7735c-f887-4c28-a289-17cc148dd39e:192.168.164.218:34616, 0151c55e-3a7e-46cc-adf1-6da81881f204:192.168.164.218:46456] returns group-1736B5CECF62:java.util.concurrent.CompletableFuture@677f4255[Not completed]
2019-10-15 00:58:21,569 [grpc-default-executor-5] INFO  impl.RaftServerProxy (RaftServerProxy.java:addNew(89)) - 0151c55e-3a7e-46cc-adf1-6da81881f204: addNew group-1736B5CECF62:[f8529145-e696-4a90-8b47-2b96a6036656:192.168.164.218:38812, 91c7735c-f887-4c28-a289-17cc148dd39e:192.168.164.218:34616, 0151c55e-3a7e-46cc-adf1-6da81881f204:192.168.164.218:46456] returns group-1736B5CECF62:java.util.concurrent.CompletableFuture@7be5d78b[Not completed]
2019-10-15 00:58:21,569 [grpc-default-executor-2] INFO  impl.RaftServerProxy (RaftServerProxy.java:addNew(89)) - 91c7735c-f887-4c28-a289-17cc148dd39e: addNew group-1736B5CECF62:[f8529145-e696-4a90-8b47-2b96a6036656:192.168.164.218:38812, 91c7735c-f887-4c28-a289-17cc148dd39e:192.168.164.218:34616, 0151c55e-3a7e-46cc-adf1-6da81881f204:192.168.164.218:46456] returns group-1736B5CECF62:java.util.concurrent.CompletableFuture@250b568e[Not completed]
2019-10-15 00:58:21,570 [pool-443-thread-1] INFO  impl.RaftServerImpl (RaftServerImpl.java:<init>(95)) - 91c7735c-f887-4c28-a289-17cc148dd39e: new RaftServerImpl for group-1736B5CECF62:[f8529145-e696-4a90-8b47-2b96a6036656:192.168.164.218:38812, 91c7735c-f887-4c28-a289-17cc148dd39e:192.168.164.218:34616, 0151c55e-3a7e-46cc-adf1-6da81881f204:192.168.164.218:46456] with ContainerStateMachine:uninitialized
2019-10-15 00:58:21,570 [pool-443-thread-1] INFO  server.RaftServerConfigKeys (ConfUtils.java:logGet(43)) - raft.server.rpc.timeout.min = 5s (custom)
2019-10-15 00:58:21,570 [pool-443-thread-1] INFO  server.RaftServerConfigKeys (ConfUtils.java:logGet(43)) - raft.server.rpc.timeout.max = 5200ms (custom)
2019-10-15 00:58:21,570 [pool-443-thread-1] INFO  server.RaftServerConfigKeys (ConfUtils.java:logGet(43)) - raft.server.rpcslowness.timeout = 120s (custom)
2019-10-15 00:58:21,570 [pool-443-thread-1] INFO  server.RaftServerConfigKeys (ConfUtils.java:logGet(43)) - raft.server.sleep.deviation.threshold = 300 (default)
2019-10-15 00:58:21,570 [pool-443-thread-1] INFO  server.RaftServerConfigKeys (ConfUtils.java:logGet(43)) - raft.server.log.appender.install.snapshot.enabled = false (custom)
2019-10-15 00:58:21,570 [pool-443-thread-1] INFO  impl.RaftServerImpl (ServerState.java:<init>(103)) - 91c7735c-f887-4c28-a289-17cc148dd39e@group-1736B5CECF62: ConfigurationManager, init=-1: [f8529145-e696-4a90-8b47-2b96a6036656:192.168.164.218:38812, 91c7735c-f887-4c28-a289-17cc148dd39e:192.168.164.218:34616, 0151c55e-3a7e-46cc-adf1-6da81881f204:192.168.164.218:46456], old=null, confs=<EMPTY_MAP>
2019-10-15 00:58:21,570 [pool-383-thread-1] INFO  impl.RaftServerImpl (RaftServerImpl.java:<init>(95)) - 0151c55e-3a7e-46cc-adf1-6da81881f204: new RaftServerImpl for group-1736B5CECF62:[f8529145-e696-4a90-8b47-2b96a6036656:192.168.164.218:38812, 91c7735c-f887-4c28-a289-17cc148dd39e:192.168.164.218:34616, 0151c55e-3a7e-46cc-adf1-6da81881f204:192.168.164.218:46456] with ContainerStateMachine:uninitialized
2019-10-15 00:58:21,571 [pool-443-thread-1] INFO  server.RaftServerConfigKeys (ConfUtils.java:logGet(43)) - raft.server.storage.dir = [/workdir/hadoop-ozone/integration-test/target/test-dir/MiniOzoneClusterImpl-5d82b4cd-4e47-4b06-a8d5-8585c925b255/datanode-6/data/ratis] (custom)
2019-10-15 00:58:21,571 [pool-383-thread-1] INFO  server.RaftServerConfigKeys (ConfUtils.java:logGet(43)) - raft.server.rpc.timeout.min = 5s (custom)
2019-10-15 00:58:21,571 [pool-443-thread-1] INFO  server.RaftServerConfigKeys (ConfUtils.java:logGet(43)) - raft.server.log.corruption.policy = EXCEPTION (default)
2019-10-15 00:58:21,571 [pool-383-thread-1] INFO  server.RaftServerConfigKeys (ConfUtils.java:logGet(43)) - raft.server.rpc.timeout.max = 5200ms (custom)
2019-10-15 00:58:21,571 [pool-393-thread-1] INFO  impl.RaftServerImpl (RaftServerImpl.java:<init>(95)) - f8529145-e696-4a90-8b47-2b96a6036656: new RaftServerImpl for group-1736B5CECF62:[f8529145-e696-4a90-8b47-2b96a6036656:192.168.164.218:38812, 91c7735c-f887-4c28-a289-17cc148dd39e:192.168.164.218:34616, 0151c55e-3a7e-46cc-adf1-6da81881f204:192.168.164.218:46456] with ContainerStateMachine:uninitialized
2019-10-15 00:58:21,571 [pool-443-thread-1] INFO  storage.RaftStorageDirectory (RaftStorageDirectory.java:analyzeStorage(246)) - The storage directory /workdir/hadoop-ozone/integration-test/target/test-dir/MiniOzoneClusterImpl-5d82b4cd-4e47-4b06-a8d5-8585c925b255/datanode-6/data/ratis/efa194f0-81e1-4f69-9890-1736b5cecf62 does not exist. Creating ...
2019-10-15 00:58:21,571 [pool-393-thread-1] INFO  server.RaftServerConfigKeys (ConfUtils.java:logGet(43)) - raft.server.rpc.timeout.min = 5s (custom)
2019-10-15 00:58:21,571 [pool-383-thread-1] INFO  server.RaftServerConfigKeys (ConfUtils.java:logGet(43)) - raft.server.rpcslowness.timeout = 120s (custom)
2019-10-15 00:58:21,571 [pool-393-thread-1] INFO  server.RaftServerConfigKeys (ConfUtils.java:logGet(43)) - raft.server.rpc.timeout.max = 5200ms (custom)
2019-10-15 00:58:21,572 [pool-383-thread-1] INFO  server.RaftServerConfigKeys (ConfUtils.java:logGet(43)) - raft.server.sleep.deviation.threshold = 300 (default)
2019-10-15 00:58:21,572 [pool-393-thread-1] INFO  server.RaftServerConfigKeys (ConfUtils.java:logGet(43)) - raft.server.rpcslowness.timeout = 120s (custom)
2019-10-15 00:58:21,572 [pool-383-thread-1] INFO  server.RaftServerConfigKeys (ConfUtils.java:logGet(43)) - raft.server.log.appender.install.snapshot.enabled = false (custom)
2019-10-15 00:58:21,572 [pool-393-thread-1] INFO  server.RaftServerConfigKeys (ConfUtils.java:logGet(43)) - raft.server.sleep.deviation.threshold = 300 (default)
2019-10-15 00:58:21,572 [pool-383-thread-1] INFO  impl.RaftServerImpl (ServerState.java:<init>(103)) - 0151c55e-3a7e-46cc-adf1-6da81881f204@group-1736B5CECF62: ConfigurationManager, init=-1: [f8529145-e696-4a90-8b47-2b96a6036656:192.168.164.218:38812, 91c7735c-f887-4c28-a289-17cc148dd39e:192.168.164.218:34616, 0151c55e-3a7e-46cc-adf1-6da81881f204:192.168.164.218:46456], old=null, confs=<EMPTY_MAP>
2019-10-15 00:58:21,572 [pool-393-thread-1] INFO  server.RaftServerConfigKeys (ConfUtils.java:logGet(43)) - raft.server.log.appender.install.snapshot.enabled = false (custom)
2019-10-15 00:58:21,572 [pool-383-thread-1] INFO  server.RaftServerConfigKeys (ConfUtils.java:logGet(43)) - raft.server.storage.dir = [/workdir/hadoop-ozone/integration-test/target/test-dir/MiniOzoneClusterImpl-5d82b4cd-4e47-4b06-a8d5-8585c925b255/datanode-0/data/ratis] (custom)
2019-10-15 00:58:21,572 [pool-393-thread-1] INFO  impl.RaftServerImpl (ServerState.java:<init>(103)) - f8529145-e696-4a90-8b47-2b96a6036656@group-1736B5CECF62: ConfigurationManager, init=-1: [f8529145-e696-4a90-8b47-2b96a6036656:192.168.164.218:38812, 91c7735c-f887-4c28-a289-17cc148dd39e:192.168.164.218:34616, 0151c55e-3a7e-46cc-adf1-6da81881f204:192.168.164.218:46456], old=null, confs=<EMPTY_MAP>
2019-10-15 00:58:21,573 [pool-383-thread-1] INFO  server.RaftServerConfigKeys (ConfUtils.java:logGet(43)) - raft.server.log.corruption.policy = EXCEPTION (default)
2019-10-15 00:58:21,573 [pool-393-thread-1] INFO  server.RaftServerConfigKeys (ConfUtils.java:logGet(43)) - raft.server.storage.dir = [/workdir/hadoop-ozone/integration-test/target/test-dir/MiniOzoneClusterImpl-5d82b4cd-4e47-4b06-a8d5-8585c925b255/datanode-1/data/ratis] (custom)
2019-10-15 00:58:21,573 [pool-383-thread-1] INFO  storage.RaftStorageDirectory (RaftStorageDirectory.java:analyzeStorage(246)) - The storage directory /workdir/hadoop-ozone/integration-test/target/test-dir/MiniOzoneClusterImpl-5d82b4cd-4e47-4b06-a8d5-8585c925b255/datanode-0/data/ratis/efa194f0-81e1-4f69-9890-1736b5cecf62 does not exist. Creating ...
2019-10-15 00:58:21,573 [pool-393-thread-1] INFO  server.RaftServerConfigKeys (ConfUtils.java:logGet(43)) - raft.server.log.corruption.policy = EXCEPTION (default)
2019-10-15 00:58:21,573 [pool-393-thread-1] INFO  storage.RaftStorageDirectory (RaftStorageDirectory.java:analyzeStorage(246)) - The storage directory /workdir/hadoop-ozone/integration-test/target/test-dir/MiniOzoneClusterImpl-5d82b4cd-4e47-4b06-a8d5-8585c925b255/datanode-1/data/ratis/efa194f0-81e1-4f69-9890-1736b5cecf62 does not exist. Creating ...
2019-10-15 00:58:21,598 [pool-383-thread-1] INFO  storage.RaftStorageDirectory (RaftStorageDirectory.java:tryLock(328)) - Lock on /workdir/hadoop-ozone/integration-test/target/test-dir/MiniOzoneClusterImpl-5d82b4cd-4e47-4b06-a8d5-8585c925b255/datanode-0/data/ratis/efa194f0-81e1-4f69-9890-1736b5cecf62/in_use.lock acquired by nodename 21128@pr-hdds-1868-7bj8h-208101609
2019-10-15 00:58:21,598 [pool-443-thread-1] INFO  storage.RaftStorageDirectory (RaftStorageDirectory.java:tryLock(328)) - Lock on /workdir/hadoop-ozone/integration-test/target/test-dir/MiniOzoneClusterImpl-5d82b4cd-4e47-4b06-a8d5-8585c925b255/datanode-6/data/ratis/efa194f0-81e1-4f69-9890-1736b5cecf62/in_use.lock acquired by nodename 21128@pr-hdds-1868-7bj8h-208101609
2019-10-15 00:58:21,598 [pool-393-thread-1] INFO  storage.RaftStorageDirectory (RaftStorageDirectory.java:tryLock(328)) - Lock on /workdir/hadoop-ozone/integration-test/target/test-dir/MiniOzoneClusterImpl-5d82b4cd-4e47-4b06-a8d5-8585c925b255/datanode-1/data/ratis/efa194f0-81e1-4f69-9890-1736b5cecf62/in_use.lock acquired by nodename 21128@pr-hdds-1868-7bj8h-208101609
2019-10-15 00:58:21,624 [pool-443-thread-1] INFO  storage.RaftStorage (RaftStorage.java:format(84)) - Storage directory /workdir/hadoop-ozone/integration-test/target/test-dir/MiniOzoneClusterImpl-5d82b4cd-4e47-4b06-a8d5-8585c925b255/datanode-6/data/ratis/efa194f0-81e1-4f69-9890-1736b5cecf62 has been successfully formatted.
2019-10-15 00:58:21,624 [pool-393-thread-1] INFO  storage.RaftStorage (RaftStorage.java:format(84)) - Storage directory /workdir/hadoop-ozone/integration-test/target/test-dir/MiniOzoneClusterImpl-5d82b4cd-4e47-4b06-a8d5-8585c925b255/datanode-1/data/ratis/efa194f0-81e1-4f69-9890-1736b5cecf62 has been successfully formatted.
2019-10-15 00:58:21,624 [pool-383-thread-1] INFO  storage.RaftStorage (RaftStorage.java:format(84)) - Storage directory /workdir/hadoop-ozone/integration-test/target/test-dir/MiniOzoneClusterImpl-5d82b4cd-4e47-4b06-a8d5-8585c925b255/datanode-0/data/ratis/efa194f0-81e1-4f69-9890-1736b5cecf62 has been successfully formatted.
2019-10-15 00:58:21,625 [pool-393-thread-1] INFO  ratis.ContainerStateMachine (ContainerStateMachine.java:loadSnapshot(233)) - group-1736B5CECF62: The snapshot info is null. Setting the last applied indexto:(t:0, i:~)
2019-10-15 00:58:21,624 [pool-443-thread-1] INFO  ratis.ContainerStateMachine (ContainerStateMachine.java:loadSnapshot(233)) - group-1736B5CECF62: The snapshot info is null. Setting the last applied indexto:(t:0, i:~)
2019-10-15 00:58:21,625 [pool-393-thread-1] INFO  server.RaftServerConfigKeys (ConfUtils.java:logGet(43)) - raft.server.notification.no-leader.timeout = 120s (custom)
2019-10-15 00:58:21,625 [pool-383-thread-1] INFO  ratis.ContainerStateMachine (ContainerStateMachine.java:loadSnapshot(233)) - group-1736B5CECF62: The snapshot info is null. Setting the last applied indexto:(t:0, i:~)
2019-10-15 00:58:21,625 [pool-393-thread-1] INFO  server.RaftServerConfigKeys (ConfUtils.java:logGet(43)) - raft.server.log.use.memory = false (default)
2019-10-15 00:58:21,625 [pool-443-thread-1] INFO  server.RaftServerConfigKeys (ConfUtils.java:logGet(43)) - raft.server.notification.no-leader.timeout = 120s (custom)
2019-10-15 00:58:21,625 [pool-393-thread-1] INFO  server.RaftServerConfigKeys (ConfUtils.java:logGet(43)) - raft.server.log.purge.gap = 1000000 (custom)
2019-10-15 00:58:21,625 [pool-383-thread-1] INFO  server.RaftServerConfigKeys (ConfUtils.java:logGet(43)) - raft.server.notification.no-leader.timeout = 120s (custom)
2019-10-15 00:58:21,626 [pool-393-thread-1] INFO  server.RaftServerConfigKeys (ConfUtils.java:logGet(43)) - raft.server.log.appender.buffer.byte-limit = 33554432 (custom)
2019-10-15 00:58:21,625 [pool-443-thread-1] INFO  server.RaftServerConfigKeys (ConfUtils.java:logGet(43)) - raft.server.log.use.memory = false (default)
2019-10-15 00:58:21,626 [pool-393-thread-1] INFO  server.RaftServerConfigKeys (ConfUtils.java:logGet(43)) - raft.server.log.segment.size.max = 1048576 (custom)
2019-10-15 00:58:21,626 [pool-383-thread-1] INFO  server.RaftServerConfigKeys (ConfUtils.java:logGet(43)) - raft.server.log.use.memory = false (default)
2019-10-15 00:58:21,626 [pool-393-thread-1] INFO  server.RaftServerConfigKeys (ConfUtils.java:logGet(43)) - raft.server.log.segment.cache.num.max = 2 (custom)
2019-10-15 00:58:21,626 [pool-443-thread-1] INFO  server.RaftServerConfigKeys (ConfUtils.java:logGet(43)) - raft.server.log.purge.gap = 1000000 (custom)
2019-10-15 00:58:21,626 [pool-393-thread-1] INFO  segmented.SegmentedRaftLogWorker (SegmentedRaftLogWorker.java:<init>(173)) - new f8529145-e696-4a90-8b47-2b96a6036656@group-1736B5CECF62-SegmentedRaftLogWorker for RaftStorage:Storage Directory /workdir/hadoop-ozone/integration-test/target/test-dir/MiniOzoneClusterImpl-5d82b4cd-4e47-4b06-a8d5-8585c925b255/datanode-1/data/ratis/efa194f0-81e1-4f69-9890-1736b5cecf62
2019-10-15 00:58:21,626 [pool-383-thread-1] INFO  server.RaftServerConfigKeys (ConfUtils.java:logGet(43)) - raft.server.log.purge.gap = 1000000 (custom)
2019-10-15 00:58:21,627 [pool-393-thread-1] INFO  server.RaftServerConfigKeys (ConfUtils.java:logGet(43)) - raft.server.log.queue.byte-limit = 2147483647 (custom)
2019-10-15 00:58:21,627 [pool-393-thread-1] INFO  server.RaftServerConfigKeys (ConfUtils.java:logGet(43)) - raft.server.log.queue.element-limit = 1024 (custom)
2019-10-15 00:58:21,627 [pool-443-thread-1] INFO  server.RaftServerConfigKeys (ConfUtils.java:logGet(43)) - raft.server.log.appender.buffer.byte-limit = 33554432 (custom)
2019-10-15 00:58:21,627 [pool-393-thread-1] INFO  server.RaftServerConfigKeys (ConfUtils.java:logGet(43)) - raft.server.log.segment.size.max = 1048576 (custom)
2019-10-15 00:58:21,627 [pool-383-thread-1] INFO  server.RaftServerConfigKeys (ConfUtils.java:logGet(43)) - raft.server.log.appender.buffer.byte-limit = 33554432 (custom)
2019-10-15 00:58:21,627 [pool-393-thread-1] INFO  server.RaftServerConfigKeys (ConfUtils.java:logGet(43)) - raft.server.log.preallocated.size = 16384 (custom)
2019-10-15 00:58:21,627 [pool-443-thread-1] INFO  server.RaftServerConfigKeys (ConfUtils.java:logGet(43)) - raft.server.log.segment.size.max = 1048576 (custom)
2019-10-15 00:58:21,628 [pool-393-thread-1] INFO  server.RaftServerConfigKeys (ConfUtils.java:logGet(43)) - raft.server.log.write.buffer.size = 33554432 (custom)
2019-10-15 00:58:21,628 [pool-393-thread-1] INFO  server.RaftServerConfigKeys (ConfUtils.java:logGet(43)) - raft.server.log.force.sync.num = 128 (default)
2019-10-15 00:58:21,627 [pool-383-thread-1] INFO  server.RaftServerConfigKeys (ConfUtils.java:logGet(43)) - raft.server.log.segment.size.max = 1048576 (custom)
2019-10-15 00:58:21,628 [pool-393-thread-1] INFO  server.RaftServerConfigKeys (ConfUtils.java:logGet(43)) - raft.server.log.statemachine.data.sync = true (default)
2019-10-15 00:58:21,628 [pool-443-thread-1] INFO  server.RaftServerConfigKeys (ConfUtils.java:logGet(43)) - raft.server.log.segment.cache.num.max = 2 (custom)
2019-10-15 00:58:21,628 [pool-393-thread-1] INFO  server.RaftServerConfigKeys (ConfUtils.java:logGet(43)) - raft.server.log.statemachine.data.sync.timeout = 10s (default)
2019-10-15 00:58:21,628 [pool-383-thread-1] INFO  server.RaftServerConfigKeys (ConfUtils.java:logGet(43)) - raft.server.log.segment.cache.num.max = 2 (custom)
2019-10-15 00:58:21,629 [pool-393-thread-1] INFO  server.RaftServerConfigKeys (ConfUtils.java:logGet(43)) - raft.server.log.statemachine.data.sync.timeout.retry = -1 (default)
2019-10-15 00:58:21,628 [pool-443-thread-1] INFO  segmented.SegmentedRaftLogWorker (SegmentedRaftLogWorker.java:<init>(173)) - new 91c7735c-f887-4c28-a289-17cc148dd39e@group-1736B5CECF62-SegmentedRaftLogWorker for RaftStorage:Storage Directory /workdir/hadoop-ozone/integration-test/target/test-dir/MiniOzoneClusterImpl-5d82b4cd-4e47-4b06-a8d5-8585c925b255/datanode-6/data/ratis/efa194f0-81e1-4f69-9890-1736b5cecf62
2019-10-15 00:58:21,629 [pool-393-thread-1] INFO  server.RaftServerConfigKeys (ConfUtils.java:logGet(43)) - raft.server.log.statemachine.data.caching.enabled = true (custom)
2019-10-15 00:58:21,629 [pool-383-thread-1] INFO  segmented.SegmentedRaftLogWorker (SegmentedRaftLogWorker.java:<init>(173)) - new 0151c55e-3a7e-46cc-adf1-6da81881f204@group-1736B5CECF62-SegmentedRaftLogWorker for RaftStorage:Storage Directory /workdir/hadoop-ozone/integration-test/target/test-dir/MiniOzoneClusterImpl-5d82b4cd-4e47-4b06-a8d5-8585c925b255/datanode-0/data/ratis/efa194f0-81e1-4f69-9890-1736b5cecf62
2019-10-15 00:58:21,629 [pool-443-thread-1] INFO  server.RaftServerConfigKeys (ConfUtils.java:logGet(43)) - raft.server.log.queue.byte-limit = 2147483647 (custom)
2019-10-15 00:58:21,629 [pool-393-thread-1] INFO  segmented.SegmentedRaftLogWorker (SegmentedRaftLogWorker.java:lambda$new$0(128)) - f8529145-e696-4a90-8b47-2b96a6036656@group-1736B5CECF62-SegmentedRaftLogWorker: flushIndex: setUnconditionally 0 -> -1
2019-10-15 00:58:21,629 [pool-383-thread-1] INFO  server.RaftServerConfigKeys (ConfUtils.java:logGet(43)) - raft.server.log.queue.byte-limit = 2147483647 (custom)
2019-10-15 00:58:21,629 [pool-443-thread-1] INFO  server.RaftServerConfigKeys (ConfUtils.java:logGet(43)) - raft.server.log.queue.element-limit = 1024 (custom)
2019-10-15 00:58:21,630 [pool-393-thread-1] INFO  server.RaftServerConfigKeys (ConfUtils.java:logGet(43)) - raft.server.snapshot.auto.trigger.enabled = true (custom)
2019-10-15 00:58:21,630 [pool-383-thread-1] INFO  server.RaftServerConfigKeys (ConfUtils.java:logGet(43)) - raft.server.log.queue.element-limit = 1024 (custom)
2019-10-15 00:58:21,630 [pool-393-thread-1] INFO  server.RaftServerConfigKeys (ConfUtils.java:logGet(43)) - raft.server.snapshot.auto.trigger.threshold = 10000 (custom)
2019-10-15 00:58:21,630 [pool-443-thread-1] INFO  server.RaftServerConfigKeys (ConfUtils.java:logGet(43)) - raft.server.log.segment.size.max = 1048576 (custom)
2019-10-15 00:58:21,630 [pool-393-thread-1] INFO  server.RaftServerConfigKeys (ConfUtils.java:logGet(43)) - raft.server.snapshot.retention.file.num = 5 (custom)
2019-10-15 00:58:21,630 [pool-383-thread-1] INFO  server.RaftServerConfigKeys (ConfUtils.java:logGet(43)) - raft.server.log.segment.size.max = 1048576 (custom)
2019-10-15 00:58:21,631 [pool-393-thread-1] INFO  server.RaftServerConfigKeys (ConfUtils.java:logGet(43)) - raft.server.retrycache.expirytime = 600000ms (custom)
2019-10-15 00:58:21,630 [pool-443-thread-1] INFO  server.RaftServerConfigKeys (ConfUtils.java:logGet(43)) - raft.server.log.preallocated.size = 16384 (custom)
2019-10-15 00:58:21,631 [pool-383-thread-1] INFO  server.RaftServerConfigKeys (ConfUtils.java:logGet(43)) - raft.server.log.preallocated.size = 16384 (custom)
2019-10-15 00:58:21,631 [pool-443-thread-1] INFO  server.RaftServerConfigKeys (ConfUtils.java:logGet(43)) - raft.server.log.write.buffer.size = 33554432 (custom)
2019-10-15 00:58:21,631 [pool-383-thread-1] INFO  server.RaftServerConfigKeys (ConfUtils.java:logGet(43)) - raft.server.log.write.buffer.size = 33554432 (custom)
2019-10-15 00:58:21,631 [pool-443-thread-1] INFO  server.RaftServerConfigKeys (ConfUtils.java:logGet(43)) - raft.server.log.force.sync.num = 128 (default)
2019-10-15 00:58:21,631 [pool-383-thread-1] INFO  server.RaftServerConfigKeys (ConfUtils.java:logGet(43)) - raft.server.log.force.sync.num = 128 (default)
2019-10-15 00:58:21,631 [pool-443-thread-1] INFO  server.RaftServerConfigKeys (ConfUtils.java:logGet(43)) - raft.server.log.statemachine.data.sync = true (default)
2019-10-15 00:58:21,631 [pool-383-thread-1] INFO  server.RaftServerConfigKeys (ConfUtils.java:logGet(43)) - raft.server.log.statemachine.data.sync = true (default)
2019-10-15 00:58:21,632 [pool-443-thread-1] INFO  server.RaftServerConfigKeys (ConfUtils.java:logGet(43)) - raft.server.log.statemachine.data.sync.timeout = 10s (default)
2019-10-15 00:58:21,632 [pool-383-thread-1] INFO  server.RaftServerConfigKeys (ConfUtils.java:logGet(43)) - raft.server.log.statemachine.data.sync.timeout = 10s (default)
2019-10-15 00:58:21,632 [pool-443-thread-1] INFO  server.RaftServerConfigKeys (ConfUtils.java:logGet(43)) - raft.server.log.statemachine.data.sync.timeout.retry = -1 (default)
2019-10-15 00:58:21,632 [pool-383-thread-1] INFO  server.RaftServerConfigKeys (ConfUtils.java:logGet(43)) - raft.server.log.statemachine.data.sync.timeout.retry = -1 (default)
2019-10-15 00:58:21,632 [pool-443-thread-1] INFO  server.RaftServerConfigKeys (ConfUtils.java:logGet(43)) - raft.server.log.statemachine.data.caching.enabled = true (custom)
2019-10-15 00:58:21,632 [pool-383-thread-1] INFO  server.RaftServerConfigKeys (ConfUtils.java:logGet(43)) - raft.server.log.statemachine.data.caching.enabled = true (custom)
2019-10-15 00:58:21,632 [pool-443-thread-1] INFO  segmented.SegmentedRaftLogWorker (SegmentedRaftLogWorker.java:lambda$new$0(128)) - 91c7735c-f887-4c28-a289-17cc148dd39e@group-1736B5CECF62-SegmentedRaftLogWorker: flushIndex: setUnconditionally 0 -> -1
2019-10-15 00:58:21,633 [pool-393-thread-1] INFO  impl.RaftServerImpl (RaftServerImpl.java:start(181)) - f8529145-e696-4a90-8b47-2b96a6036656@group-1736B5CECF62: start as a follower, conf=-1: [f8529145-e696-4a90-8b47-2b96a6036656:192.168.164.218:38812, 91c7735c-f887-4c28-a289-17cc148dd39e:192.168.164.218:34616, 0151c55e-3a7e-46cc-adf1-6da81881f204:192.168.164.218:46456], old=null
2019-10-15 00:58:21,633 [pool-383-thread-1] INFO  segmented.SegmentedRaftLogWorker (SegmentedRaftLogWorker.java:lambda$new$0(128)) - 0151c55e-3a7e-46cc-adf1-6da81881f204@group-1736B5CECF62-SegmentedRaftLogWorker: flushIndex: setUnconditionally 0 -> -1
2019-10-15 00:58:21,633 [pool-443-thread-1] INFO  server.RaftServerConfigKeys (ConfUtils.java:logGet(43)) - raft.server.snapshot.auto.trigger.enabled = true (custom)
2019-10-15 00:58:21,633 [pool-393-thread-1] INFO  impl.RaftServerImpl (RaftServerImpl.java:setRole(170)) - f8529145-e696-4a90-8b47-2b96a6036656@group-1736B5CECF62: changes role from      null to FOLLOWER at term 0 for startAsFollower
2019-10-15 00:58:21,633 [pool-443-thread-1] INFO  server.RaftServerConfigKeys (ConfUtils.java:logGet(43)) - raft.server.snapshot.auto.trigger.threshold = 10000 (custom)
2019-10-15 00:58:21,633 [pool-383-thread-1] INFO  server.RaftServerConfigKeys (ConfUtils.java:logGet(43)) - raft.server.snapshot.auto.trigger.enabled = true (custom)
2019-10-15 00:58:21,633 [pool-443-thread-1] INFO  server.RaftServerConfigKeys (ConfUtils.java:logGet(43)) - raft.server.snapshot.retention.file.num = 5 (custom)
2019-10-15 00:58:21,633 [pool-393-thread-1] INFO  impl.RoleInfo (RoleInfo.java:updateAndGet(143)) - f8529145-e696-4a90-8b47-2b96a6036656: start FollowerState
2019-10-15 00:58:21,634 [pool-443-thread-1] INFO  server.RaftServerConfigKeys (ConfUtils.java:logGet(43)) - raft.server.retrycache.expirytime = 600000ms (custom)
2019-10-15 00:58:21,633 [pool-383-thread-1] INFO  server.RaftServerConfigKeys (ConfUtils.java:logGet(43)) - raft.server.snapshot.auto.trigger.threshold = 10000 (custom)
2019-10-15 00:58:21,634 [pool-383-thread-1] INFO  server.RaftServerConfigKeys (ConfUtils.java:logGet(43)) - raft.server.snapshot.retention.file.num = 5 (custom)
2019-10-15 00:58:21,634 [pool-393-thread-1] INFO  util.JmxRegister (JmxRegister.java:tryRegister(44)) - Successfully registered JMX Bean with object name Ratis:service=RaftServer,group=group-1736B5CECF62,id=f8529145-e696-4a90-8b47-2b96a6036656
2019-10-15 00:58:21,634 [pool-383-thread-1] INFO  server.RaftServerConfigKeys (ConfUtils.java:logGet(43)) - raft.server.retrycache.expirytime = 600000ms (custom)
2019-10-15 00:58:21,637 [pool-443-thread-1] INFO  impl.RaftServerImpl (RaftServerImpl.java:start(181)) - 91c7735c-f887-4c28-a289-17cc148dd39e@group-1736B5CECF62: start as a follower, conf=-1: [f8529145-e696-4a90-8b47-2b96a6036656:192.168.164.218:38812, 91c7735c-f887-4c28-a289-17cc148dd39e:192.168.164.218:34616, 0151c55e-3a7e-46cc-adf1-6da81881f204:192.168.164.218:46456], old=null
2019-10-15 00:58:21,637 [pool-443-thread-1] INFO  impl.RaftServerImpl (RaftServerImpl.java:setRole(170)) - 91c7735c-f887-4c28-a289-17cc148dd39e@group-1736B5CECF62: changes role from      null to FOLLOWER at term 0 for startAsFollower
2019-10-15 00:58:21,638 [pool-383-thread-1] INFO  impl.RaftServerImpl (RaftServerImpl.java:start(181)) - 0151c55e-3a7e-46cc-adf1-6da81881f204@group-1736B5CECF62: start as a follower, conf=-1: [f8529145-e696-4a90-8b47-2b96a6036656:192.168.164.218:38812, 91c7735c-f887-4c28-a289-17cc148dd39e:192.168.164.218:34616, 0151c55e-3a7e-46cc-adf1-6da81881f204:192.168.164.218:46456], old=null
2019-10-15 00:58:21,638 [pool-383-thread-1] INFO  impl.RaftServerImpl (RaftServerImpl.java:setRole(170)) - 0151c55e-3a7e-46cc-adf1-6da81881f204@group-1736B5CECF62: changes role from      null to FOLLOWER at term 0 for startAsFollower
2019-10-15 00:58:21,638 [pool-443-thread-1] INFO  impl.RoleInfo (RoleInfo.java:updateAndGet(143)) - 91c7735c-f887-4c28-a289-17cc148dd39e: start FollowerState
2019-10-15 00:58:21,638 [pool-383-thread-1] INFO  impl.RoleInfo (RoleInfo.java:updateAndGet(143)) - 0151c55e-3a7e-46cc-adf1-6da81881f204: start FollowerState
2019-10-15 00:58:21,638 [pool-443-thread-1] INFO  util.JmxRegister (JmxRegister.java:tryRegister(44)) - Successfully registered JMX Bean with object name Ratis:service=RaftServer,group=group-1736B5CECF62,id=91c7735c-f887-4c28-a289-17cc148dd39e
2019-10-15 00:58:21,638 [pool-383-thread-1] INFO  util.JmxRegister (JmxRegister.java:tryRegister(44)) - Successfully registered JMX Bean with object name Ratis:service=RaftServer,group=group-1736B5CECF62,id=0151c55e-3a7e-46cc-adf1-6da81881f204
2019-10-15 00:58:21,645 [RatisPipelineUtilsThread] INFO  pipeline.PipelineStateManager (PipelineStateManager.java:addPipeline(57)) - Created pipeline Pipeline[ Id: efa194f0-81e1-4f69-9890-1736b5cecf62, Nodes: 0151c55e-3a7e-46cc-adf1-6da81881f204{ip: 192.168.164.218, host: pr-hdds-1868-7bj8h-208101609, networkLocation: /default-rack, certSerialId: null}91c7735c-f887-4c28-a289-17cc148dd39e{ip: 192.168.164.218, host: pr-hdds-1868-7bj8h-208101609, networkLocation: /default-rack, certSerialId: null}f8529145-e696-4a90-8b47-2b96a6036656{ip: 192.168.164.218, host: pr-hdds-1868-7bj8h-208101609, networkLocation: /default-rack, certSerialId: null}, Type:RATIS, Factor:THREE, State:ALLOCATED]
2019-10-15 00:58:22,518 [main] INFO  ozone.MiniOzoneClusterImpl (MiniOzoneClusterImpl.java:lambda$waitForClusterToBeReady$2(164)) - Waiting for 9 number of pipelines out of 9, to report a leader.
2019-10-15 00:58:23,519 [main] INFO  ozone.MiniOzoneClusterImpl (MiniOzoneClusterImpl.java:lambda$waitForClusterToBeReady$2(164)) - Waiting for 9 number of pipelines out of 9, to report a leader.
2019-10-15 00:58:24,519 [main] INFO  ozone.MiniOzoneClusterImpl (MiniOzoneClusterImpl.java:lambda$waitForClusterToBeReady$2(164)) - Waiting for 9 number of pipelines out of 9, to report a leader.
2019-10-15 00:58:25,520 [main] INFO  ozone.MiniOzoneClusterImpl (MiniOzoneClusterImpl.java:lambda$waitForClusterToBeReady$2(164)) - Waiting for 9 number of pipelines out of 9, to report a leader.
2019-10-15 00:58:25,886 [Thread-2479] INFO  impl.FollowerState (FollowerState.java:run(108)) - f8529145-e696-4a90-8b47-2b96a6036656@group-BDE7D98D7E21-FollowerState: change to CANDIDATE, lastRpcTime:5014ms, electionTimeout:5014ms
2019-10-15 00:58:25,887 [Thread-2479] INFO  impl.RoleInfo (RoleInfo.java:shutdownFollowerState(121)) - f8529145-e696-4a90-8b47-2b96a6036656: shutdown FollowerState
2019-10-15 00:58:25,887 [Thread-2479] INFO  impl.RaftServerImpl (RaftServerImpl.java:setRole(170)) - f8529145-e696-4a90-8b47-2b96a6036656@group-BDE7D98D7E21: changes role from  FOLLOWER to CANDIDATE at term 0 for changeToCandidate
2019-10-15 00:58:25,887 [Thread-2479] INFO  impl.RoleInfo (RoleInfo.java:updateAndGet(143)) - f8529145-e696-4a90-8b47-2b96a6036656: start LeaderElection
2019-10-15 00:58:25,925 [f8529145-e696-4a90-8b47-2b96a6036656@group-BDE7D98D7E21-LeaderElection53] INFO  impl.LeaderElection (LeaderElection.java:askForVotes(178)) - f8529145-e696-4a90-8b47-2b96a6036656@group-BDE7D98D7E21-LeaderElection53: begin an election at term 1 for -1: [f8529145-e696-4a90-8b47-2b96a6036656:192.168.164.218:38812], old=null
2019-10-15 00:58:25,925 [f8529145-e696-4a90-8b47-2b96a6036656@group-BDE7D98D7E21-LeaderElection53] INFO  impl.RoleInfo (RoleInfo.java:shutdownLeaderElection(134)) - f8529145-e696-4a90-8b47-2b96a6036656: shutdown LeaderElection
2019-10-15 00:58:25,925 [f8529145-e696-4a90-8b47-2b96a6036656@group-BDE7D98D7E21-LeaderElection53] INFO  impl.RaftServerImpl (RaftServerImpl.java:setRole(170)) - f8529145-e696-4a90-8b47-2b96a6036656@group-BDE7D98D7E21: changes role from CANDIDATE to LEADER at term 1 for changeToLeader
2019-10-15 00:58:25,925 [f8529145-e696-4a90-8b47-2b96a6036656@group-BDE7D98D7E21-LeaderElection53] INFO  ratis.XceiverServerRatis (XceiverServerRatis.java:handleLeaderChangedNotification(702)) - Leader change notification received for group: group-BDE7D98D7E21 with new leaderId: f8529145-e696-4a90-8b47-2b96a6036656
2019-10-15 00:58:25,928 [f8529145-e696-4a90-8b47-2b96a6036656@group-BDE7D98D7E21-LeaderElection53] INFO  impl.RaftServerImpl (ServerState.java:setLeader(255)) - f8529145-e696-4a90-8b47-2b96a6036656@group-BDE7D98D7E21: change Leader from null to f8529145-e696-4a90-8b47-2b96a6036656 at term 1 for becomeLeader, leader elected after 5060ms
2019-10-15 00:58:25,929 [f8529145-e696-4a90-8b47-2b96a6036656@group-BDE7D98D7E21-LeaderElection53] INFO  server.RaftServerConfigKeys (ConfUtils.java:logGet(43)) - raft.server.staging.catchup.gap = 1000 (default)
2019-10-15 00:58:25,929 [f8529145-e696-4a90-8b47-2b96a6036656@group-BDE7D98D7E21-LeaderElection53] INFO  server.RaftServerConfigKeys (ConfUtils.java:logGet(43)) - raft.server.rpc.sleep.time = 25ms (default)
2019-10-15 00:58:25,929 [f8529145-e696-4a90-8b47-2b96a6036656@group-BDE7D98D7E21-LeaderElection53] INFO  server.RaftServerConfigKeys (ConfUtils.java:logGet(43)) - raft.server.write.element-limit = 4096 (default)
2019-10-15 00:58:25,929 [f8529145-e696-4a90-8b47-2b96a6036656@group-BDE7D98D7E21-LeaderElection53] INFO  server.RaftServerConfigKeys (ConfUtils.java:logGet(43)) - raft.server.watch.timeout = 10s (default)
2019-10-15 00:58:25,930 [f8529145-e696-4a90-8b47-2b96a6036656@group-BDE7D98D7E21-LeaderElection53] INFO  server.RaftServerConfigKeys (ConfUtils.java:logGet(43)) - raft.server.watch.timeout.denomination = 1s (default)
2019-10-15 00:58:25,930 [f8529145-e696-4a90-8b47-2b96a6036656@group-BDE7D98D7E21-LeaderElection53] INFO  server.RaftServerConfigKeys (ConfUtils.java:logGet(43)) - raft.server.watch.element-limit = 65536 (default)
2019-10-15 00:58:25,930 [EventQueue-PipelineReportForPipelineReportHandler] INFO  pipeline.PipelineReportHandler (PipelineReportHandler.java:processPipelineReport(119)) - Pipeline PipelineID=efa194f0-81e1-4f69-9890-1736b5cecf62 reported by f8529145-e696-4a90-8b47-2b96a6036656{ip: 192.168.164.218, host: pr-hdds-1868-7bj8h-208101609, networkLocation: /default-rack, certSerialId: null} with leaderId 
2019-10-15 00:58:25,930 [EventQueue-PipelineReportForPipelineReportHandler] INFO  pipeline.PipelineReportHandler (PipelineReportHandler.java:processPipelineReport(119)) - Pipeline PipelineID=08e929c1-bfb7-4079-9cb1-bde7d98d7e21 reported by f8529145-e696-4a90-8b47-2b96a6036656{ip: 192.168.164.218, host: pr-hdds-1868-7bj8h-208101609, networkLocation: /default-rack, certSerialId: null} with leaderId f8529145-e696-4a90-8b47-2b96a6036656
2019-10-15 00:58:25,931 [EventQueue-PipelineReportForPipelineReportHandler] INFO  pipeline.PipelineStateManager (PipelineStateManager.java:openPipeline(136)) - Pipeline Pipeline[ Id: 08e929c1-bfb7-4079-9cb1-bde7d98d7e21, Nodes: f8529145-e696-4a90-8b47-2b96a6036656{ip: 192.168.164.218, host: pr-hdds-1868-7bj8h-208101609, networkLocation: /default-rack, certSerialId: null}, Type:RATIS, Factor:ONE, State:OPEN] moved to OPEN state
2019-10-15 00:58:25,933 [f8529145-e696-4a90-8b47-2b96a6036656@group-BDE7D98D7E21-LeaderElection53] INFO  impl.RoleInfo (RoleInfo.java:updateAndGet(143)) - f8529145-e696-4a90-8b47-2b96a6036656: start LeaderState
2019-10-15 00:58:25,933 [f8529145-e696-4a90-8b47-2b96a6036656@group-BDE7D98D7E21-LeaderElection53] INFO  segmented.SegmentedRaftLogWorker (SegmentedRaftLogWorker.java:startLogSegment(385)) - f8529145-e696-4a90-8b47-2b96a6036656@group-BDE7D98D7E21-SegmentedRaftLogWorker: Starting segment from index:0
2019-10-15 00:58:25,934 [f8529145-e696-4a90-8b47-2b96a6036656@group-BDE7D98D7E21-LeaderElection53] INFO  impl.RaftServerImpl (ServerState.java:setRaftConf(356)) - f8529145-e696-4a90-8b47-2b96a6036656@group-BDE7D98D7E21: set configuration 0: [f8529145-e696-4a90-8b47-2b96a6036656:192.168.164.218:38812], old=null at 0
2019-10-15 00:58:25,992 [f8529145-e696-4a90-8b47-2b96a6036656@group-BDE7D98D7E21-SegmentedRaftLogWorker] INFO  segmented.SegmentedRaftLogWorker (SegmentedRaftLogWorker.java:execute(576)) - f8529145-e696-4a90-8b47-2b96a6036656@group-BDE7D98D7E21-SegmentedRaftLogWorker: created new log segment /workdir/hadoop-ozone/integration-test/target/test-dir/MiniOzoneClusterImpl-5d82b4cd-4e47-4b06-a8d5-8585c925b255/datanode-1/data/ratis/08e929c1-bfb7-4079-9cb1-bde7d98d7e21/current/log_inprogress_0
2019-10-15 00:58:25,993 [Thread-2483] INFO  impl.FollowerState (FollowerState.java:run(108)) - 5370a49f-0488-4254-b182-627088936824@group-F69765C8B39D-FollowerState: change to CANDIDATE, lastRpcTime:5037ms, electionTimeout:5037ms
2019-10-15 00:58:25,993 [Thread-2483] INFO  impl.RoleInfo (RoleInfo.java:shutdownFollowerState(121)) - 5370a49f-0488-4254-b182-627088936824: shutdown FollowerState
2019-10-15 00:58:25,994 [Thread-2483] INFO  impl.RaftServerImpl (RaftServerImpl.java:setRole(170)) - 5370a49f-0488-4254-b182-627088936824@group-F69765C8B39D: changes role from  FOLLOWER to CANDIDATE at term 0 for changeToCandidate
2019-10-15 00:58:25,994 [Thread-2483] INFO  impl.RoleInfo (RoleInfo.java:updateAndGet(143)) - 5370a49f-0488-4254-b182-627088936824: start LeaderElection
2019-10-15 00:58:26,034 [5370a49f-0488-4254-b182-627088936824@group-F69765C8B39D-LeaderElection54] INFO  impl.LeaderElection (LeaderElection.java:askForVotes(178)) - 5370a49f-0488-4254-b182-627088936824@group-F69765C8B39D-LeaderElection54: begin an election at term 1 for -1: [5370a49f-0488-4254-b182-627088936824:192.168.164.218:34405], old=null
2019-10-15 00:58:26,034 [5370a49f-0488-4254-b182-627088936824@group-F69765C8B39D-LeaderElection54] INFO  impl.RoleInfo (RoleInfo.java:shutdownLeaderElection(134)) - 5370a49f-0488-4254-b182-627088936824: shutdown LeaderElection
2019-10-15 00:58:26,034 [5370a49f-0488-4254-b182-627088936824@group-F69765C8B39D-LeaderElection54] INFO  impl.RaftServerImpl (RaftServerImpl.java:setRole(170)) - 5370a49f-0488-4254-b182-627088936824@group-F69765C8B39D: changes role from CANDIDATE to LEADER at term 1 for changeToLeader
2019-10-15 00:58:26,034 [5370a49f-0488-4254-b182-627088936824@group-F69765C8B39D-LeaderElection54] INFO  ratis.XceiverServerRatis (XceiverServerRatis.java:handleLeaderChangedNotification(702)) - Leader change notification received for group: group-F69765C8B39D with new leaderId: 5370a49f-0488-4254-b182-627088936824
2019-10-15 00:58:26,038 [5370a49f-0488-4254-b182-627088936824@group-F69765C8B39D-LeaderElection54] INFO  impl.RaftServerImpl (ServerState.java:setLeader(255)) - 5370a49f-0488-4254-b182-627088936824@group-F69765C8B39D: change Leader from null to 5370a49f-0488-4254-b182-627088936824 at term 1 for becomeLeader, leader elected after 5084ms
2019-10-15 00:58:26,038 [5370a49f-0488-4254-b182-627088936824@group-F69765C8B39D-LeaderElection54] INFO  server.RaftServerConfigKeys (ConfUtils.java:logGet(43)) - raft.server.staging.catchup.gap = 1000 (default)
2019-10-15 00:58:26,038 [5370a49f-0488-4254-b182-627088936824@group-F69765C8B39D-LeaderElection54] INFO  server.RaftServerConfigKeys (ConfUtils.java:logGet(43)) - raft.server.rpc.sleep.time = 25ms (default)
2019-10-15 00:58:26,038 [5370a49f-0488-4254-b182-627088936824@group-F69765C8B39D-LeaderElection54] INFO  server.RaftServerConfigKeys (ConfUtils.java:logGet(43)) - raft.server.write.element-limit = 4096 (default)
2019-10-15 00:58:26,039 [5370a49f-0488-4254-b182-627088936824@group-F69765C8B39D-LeaderElection54] INFO  server.RaftServerConfigKeys (ConfUtils.java:logGet(43)) - raft.server.watch.timeout = 10s (default)
2019-10-15 00:58:26,039 [5370a49f-0488-4254-b182-627088936824@group-F69765C8B39D-LeaderElection54] INFO  server.RaftServerConfigKeys (ConfUtils.java:logGet(43)) - raft.server.watch.timeout.denomination = 1s (default)
2019-10-15 00:58:26,039 [5370a49f-0488-4254-b182-627088936824@group-F69765C8B39D-LeaderElection54] INFO  server.RaftServerConfigKeys (ConfUtils.java:logGet(43)) - raft.server.watch.element-limit = 65536 (default)
2019-10-15 00:58:26,039 [EventQueue-PipelineReportForPipelineReportHandler] INFO  pipeline.PipelineReportHandler (PipelineReportHandler.java:processPipelineReport(119)) - Pipeline PipelineID=4f1a9589-4dbe-46af-8820-f69765c8b39d reported by 5370a49f-0488-4254-b182-627088936824{ip: 192.168.164.218, host: pr-hdds-1868-7bj8h-208101609, networkLocation: /default-rack, certSerialId: null} with leaderId 5370a49f-0488-4254-b182-627088936824
2019-10-15 00:58:26,039 [EventQueue-PipelineReportForPipelineReportHandler] INFO  pipeline.PipelineStateManager (PipelineStateManager.java:openPipeline(136)) - Pipeline Pipeline[ Id: 4f1a9589-4dbe-46af-8820-f69765c8b39d, Nodes: 5370a49f-0488-4254-b182-627088936824{ip: 192.168.164.218, host: pr-hdds-1868-7bj8h-208101609, networkLocation: /default-rack, certSerialId: null}, Type:RATIS, Factor:ONE, State:OPEN] moved to OPEN state
2019-10-15 00:58:26,040 [EventQueue-PipelineReportForPipelineReportHandler] INFO  pipeline.PipelineReportHandler (PipelineReportHandler.java:processPipelineReport(119)) - Pipeline PipelineID=e7484d6e-8a61-4d0a-831c-abeb7caeb823 reported by 5370a49f-0488-4254-b182-627088936824{ip: 192.168.164.218, host: pr-hdds-1868-7bj8h-208101609, networkLocation: /default-rack, certSerialId: null} with leaderId 
2019-10-15 00:58:26,041 [5370a49f-0488-4254-b182-627088936824@group-F69765C8B39D-LeaderElection54] INFO  impl.RoleInfo (RoleInfo.java:updateAndGet(143)) - 5370a49f-0488-4254-b182-627088936824: start LeaderState
2019-10-15 00:58:26,041 [5370a49f-0488-4254-b182-627088936824@group-F69765C8B39D-LeaderElection54] INFO  segmented.SegmentedRaftLogWorker (SegmentedRaftLogWorker.java:startLogSegment(385)) - 5370a49f-0488-4254-b182-627088936824@group-F69765C8B39D-SegmentedRaftLogWorker: Starting segment from index:0
2019-10-15 00:58:26,041 [5370a49f-0488-4254-b182-627088936824@group-F69765C8B39D-LeaderElection54] INFO  impl.RaftServerImpl (ServerState.java:setRaftConf(356)) - 5370a49f-0488-4254-b182-627088936824@group-F69765C8B39D: set configuration 0: [5370a49f-0488-4254-b182-627088936824:192.168.164.218:34405], old=null at 0
2019-10-15 00:58:26,092 [5370a49f-0488-4254-b182-627088936824@group-F69765C8B39D-SegmentedRaftLogWorker] INFO  segmented.SegmentedRaftLogWorker (SegmentedRaftLogWorker.java:execute(576)) - 5370a49f-0488-4254-b182-627088936824@group-F69765C8B39D-SegmentedRaftLogWorker: created new log segment /workdir/hadoop-ozone/integration-test/target/test-dir/MiniOzoneClusterImpl-5d82b4cd-4e47-4b06-a8d5-8585c925b255/datanode-3/data/ratis/4f1a9589-4dbe-46af-8820-f69765c8b39d/current/log_inprogress_0
2019-10-15 00:58:26,118 [Thread-2494] INFO  impl.FollowerState (FollowerState.java:run(108)) - 3f7df7da-b219-487f-8006-3cfb850b729b@group-ABEB7CAEB823-FollowerState: change to CANDIDATE, lastRpcTime:5045ms, electionTimeout:5045ms
2019-10-15 00:58:26,118 [Thread-2494] INFO  impl.RoleInfo (RoleInfo.java:shutdownFollowerState(121)) - 3f7df7da-b219-487f-8006-3cfb850b729b: shutdown FollowerState
2019-10-15 00:58:26,118 [Thread-2494] INFO  impl.RaftServerImpl (RaftServerImpl.java:setRole(170)) - 3f7df7da-b219-487f-8006-3cfb850b729b@group-ABEB7CAEB823: changes role from  FOLLOWER to CANDIDATE at term 0 for changeToCandidate
2019-10-15 00:58:26,119 [Thread-2494] INFO  impl.RoleInfo (RoleInfo.java:updateAndGet(143)) - 3f7df7da-b219-487f-8006-3cfb850b729b: start LeaderElection
2019-10-15 00:58:26,151 [3f7df7da-b219-487f-8006-3cfb850b729b@group-ABEB7CAEB823-LeaderElection55] INFO  impl.LeaderElection (LeaderElection.java:askForVotes(178)) - 3f7df7da-b219-487f-8006-3cfb850b729b@group-ABEB7CAEB823-LeaderElection55: begin an election at term 1 for -1: [5370a49f-0488-4254-b182-627088936824:192.168.164.218:34405, 3f7df7da-b219-487f-8006-3cfb850b729b:192.168.164.218:34625, 6f2fd86e-288d-46f4-8189-7559bb792ffd:192.168.164.218:42752], old=null
2019-10-15 00:58:26,159 [grpc-default-executor-2] INFO  impl.RaftServerImpl (RaftServerImpl.java:setRole(170)) - 5370a49f-0488-4254-b182-627088936824@group-ABEB7CAEB823: changes role from  FOLLOWER to FOLLOWER at term 1 for recognizeCandidate:3f7df7da-b219-487f-8006-3cfb850b729b
2019-10-15 00:58:26,159 [grpc-default-executor-5] INFO  impl.RaftServerImpl (RaftServerImpl.java:setRole(170)) - 6f2fd86e-288d-46f4-8189-7559bb792ffd@group-ABEB7CAEB823: changes role from  FOLLOWER to FOLLOWER at term 1 for recognizeCandidate:3f7df7da-b219-487f-8006-3cfb850b729b
2019-10-15 00:58:26,159 [grpc-default-executor-2] INFO  impl.RoleInfo (RoleInfo.java:shutdownFollowerState(121)) - 5370a49f-0488-4254-b182-627088936824: shutdown FollowerState
2019-10-15 00:58:26,159 [grpc-default-executor-5] INFO  impl.RoleInfo (RoleInfo.java:shutdownFollowerState(121)) - 6f2fd86e-288d-46f4-8189-7559bb792ffd: shutdown FollowerState
2019-10-15 00:58:26,159 [Thread-2489] INFO  impl.FollowerState (FollowerState.java:run(117)) - 5370a49f-0488-4254-b182-627088936824@group-ABEB7CAEB823-FollowerState was interrupted: java.lang.InterruptedException: sleep interrupted
2019-10-15 00:58:26,160 [grpc-default-executor-5] INFO  impl.RoleInfo (RoleInfo.java:updateAndGet(143)) - 6f2fd86e-288d-46f4-8189-7559bb792ffd: start FollowerState
2019-10-15 00:58:26,159 [grpc-default-executor-2] INFO  impl.RoleInfo (RoleInfo.java:updateAndGet(143)) - 5370a49f-0488-4254-b182-627088936824: start FollowerState
2019-10-15 00:58:26,160 [Thread-2492] INFO  impl.FollowerState (FollowerState.java:run(117)) - 6f2fd86e-288d-46f4-8189-7559bb792ffd@group-ABEB7CAEB823-FollowerState was interrupted: java.lang.InterruptedException: sleep interrupted
2019-10-15 00:58:26,186 [3f7df7da-b219-487f-8006-3cfb850b729b@group-ABEB7CAEB823-LeaderElection55] INFO  impl.LeaderElection (LeaderElection.java:logAndReturn(56)) - 3f7df7da-b219-487f-8006-3cfb850b729b@group-ABEB7CAEB823-LeaderElection55: Election PASSED; received 1 response(s) [3f7df7da-b219-487f-8006-3cfb850b729b<-5370a49f-0488-4254-b182-627088936824#0:OK-t1] and 0 exception(s); 3f7df7da-b219-487f-8006-3cfb850b729b@group-ABEB7CAEB823:t1, leader=null, voted=3f7df7da-b219-487f-8006-3cfb850b729b, raftlog=3f7df7da-b219-487f-8006-3cfb850b729b@group-ABEB7CAEB823-SegmentedRaftLog:OPENED:c-1,f-1,i0, conf=-1: [5370a49f-0488-4254-b182-627088936824:192.168.164.218:34405, 3f7df7da-b219-487f-8006-3cfb850b729b:192.168.164.218:34625, 6f2fd86e-288d-46f4-8189-7559bb792ffd:192.168.164.218:42752], old=null
2019-10-15 00:58:26,186 [3f7df7da-b219-487f-8006-3cfb850b729b@group-ABEB7CAEB823-LeaderElection55] INFO  impl.RoleInfo (RoleInfo.java:shutdownLeaderElection(134)) - 3f7df7da-b219-487f-8006-3cfb850b729b: shutdown LeaderElection
2019-10-15 00:58:26,186 [3f7df7da-b219-487f-8006-3cfb850b729b@group-ABEB7CAEB823-LeaderElection55] INFO  impl.RaftServerImpl (RaftServerImpl.java:setRole(170)) - 3f7df7da-b219-487f-8006-3cfb850b729b@group-ABEB7CAEB823: changes role from CANDIDATE to LEADER at term 1 for changeToLeader
2019-10-15 00:58:26,186 [3f7df7da-b219-487f-8006-3cfb850b729b@group-ABEB7CAEB823-LeaderElection55] INFO  ratis.XceiverServerRatis (XceiverServerRatis.java:handleLeaderChangedNotification(702)) - Leader change notification received for group: group-ABEB7CAEB823 with new leaderId: 3f7df7da-b219-487f-8006-3cfb850b729b
2019-10-15 00:58:26,189 [3f7df7da-b219-487f-8006-3cfb850b729b@group-ABEB7CAEB823-LeaderElection55] INFO  impl.RaftServerImpl (ServerState.java:setLeader(255)) - 3f7df7da-b219-487f-8006-3cfb850b729b@group-ABEB7CAEB823: change Leader from null to 3f7df7da-b219-487f-8006-3cfb850b729b at term 1 for becomeLeader, leader elected after 5126ms
2019-10-15 00:58:26,190 [3f7df7da-b219-487f-8006-3cfb850b729b@group-ABEB7CAEB823-LeaderElection55] INFO  server.RaftServerConfigKeys (ConfUtils.java:logGet(43)) - raft.server.staging.catchup.gap = 1000 (default)
2019-10-15 00:58:26,190 [3f7df7da-b219-487f-8006-3cfb850b729b@group-ABEB7CAEB823-LeaderElection55] INFO  server.RaftServerConfigKeys (ConfUtils.java:logGet(43)) - raft.server.rpc.sleep.time = 25ms (default)
2019-10-15 00:58:26,190 [3f7df7da-b219-487f-8006-3cfb850b729b@group-ABEB7CAEB823-LeaderElection55] INFO  server.RaftServerConfigKeys (ConfUtils.java:logGet(43)) - raft.server.write.element-limit = 4096 (default)
2019-10-15 00:58:26,190 [3f7df7da-b219-487f-8006-3cfb850b729b@group-ABEB7CAEB823-LeaderElection55] INFO  server.RaftServerConfigKeys (ConfUtils.java:logGet(43)) - raft.server.watch.timeout = 10s (default)
2019-10-15 00:58:26,190 [3f7df7da-b219-487f-8006-3cfb850b729b@group-ABEB7CAEB823-LeaderElection55] INFO  server.RaftServerConfigKeys (ConfUtils.java:logGet(43)) - raft.server.watch.timeout.denomination = 1s (default)
2019-10-15 00:58:26,190 [EventQueue-PipelineReportForPipelineReportHandler] INFO  pipeline.PipelineReportHandler (PipelineReportHandler.java:processPipelineReport(119)) - Pipeline PipelineID=e7484d6e-8a61-4d0a-831c-abeb7caeb823 reported by 3f7df7da-b219-487f-8006-3cfb850b729b{ip: 192.168.164.218, host: pr-hdds-1868-7bj8h-208101609, networkLocation: /default-rack, certSerialId: null} with leaderId 3f7df7da-b219-487f-8006-3cfb850b729b
2019-10-15 00:58:26,190 [3f7df7da-b219-487f-8006-3cfb850b729b@group-ABEB7CAEB823-LeaderElection55] INFO  server.RaftServerConfigKeys (ConfUtils.java:logGet(43)) - raft.server.watch.element-limit = 65536 (default)
2019-10-15 00:58:26,191 [EventQueue-PipelineReportForPipelineReportHandler] INFO  pipeline.PipelineReportHandler (PipelineReportHandler.java:processPipelineReport(119)) - Pipeline PipelineID=53b6a636-b261-437c-a530-ce8fc8691731 reported by 3f7df7da-b219-487f-8006-3cfb850b729b{ip: 192.168.164.218, host: pr-hdds-1868-7bj8h-208101609, networkLocation: /default-rack, certSerialId: null} with leaderId 
2019-10-15 00:58:26,191 [EventQueue-PipelineReportForPipelineReportHandler] INFO  pipeline.PipelineStateManager (PipelineStateManager.java:openPipeline(136)) - Pipeline Pipeline[ Id: 53b6a636-b261-437c-a530-ce8fc8691731, Nodes: 3f7df7da-b219-487f-8006-3cfb850b729b{ip: 192.168.164.218, host: pr-hdds-1868-7bj8h-208101609, networkLocation: /default-rack, certSerialId: null}, Type:RATIS, Factor:ONE, State:OPEN] moved to OPEN state
2019-10-15 00:58:26,193 [3f7df7da-b219-487f-8006-3cfb850b729b@group-ABEB7CAEB823-LeaderElection55] INFO  server.RaftServerConfigKeys (ConfUtils.java:logGet(43)) - raft.server.log.appender.snapshot.chunk.size.max = 16MB (=16777216) (default)
2019-10-15 00:58:26,193 [3f7df7da-b219-487f-8006-3cfb850b729b@group-ABEB7CAEB823-LeaderElection55] INFO  server.RaftServerConfigKeys (ConfUtils.java:logGet(43)) - raft.server.log.appender.buffer.byte-limit = 33554432 (custom)
2019-10-15 00:58:26,193 [3f7df7da-b219-487f-8006-3cfb850b729b@group-ABEB7CAEB823-LeaderElection55] INFO  server.RaftServerConfigKeys (ConfUtils.java:logGet(43)) - raft.server.log.appender.buffer.element-limit = 1 (custom)
2019-10-15 00:58:26,194 [3f7df7da-b219-487f-8006-3cfb850b729b@group-ABEB7CAEB823-LeaderElection55] INFO  grpc.GrpcConfigKeys$Server (ConfUtils.java:logGet(43)) - raft.grpc.server.leader.outstanding.appends.max = 128 (default)
2019-10-15 00:58:26,194 [3f7df7da-b219-487f-8006-3cfb850b729b@group-ABEB7CAEB823-LeaderElection55] INFO  server.RaftServerConfigKeys (ConfUtils.java:logGet(43)) - raft.server.rpc.request.timeout = 3000ms (default)
2019-10-15 00:58:26,194 [3f7df7da-b219-487f-8006-3cfb850b729b@group-ABEB7CAEB823-LeaderElection55] INFO  server.RaftServerConfigKeys (ConfUtils.java:logGet(43)) - raft.server.log.appender.install.snapshot.enabled = false (custom)
2019-10-15 00:58:26,194 [3f7df7da-b219-487f-8006-3cfb850b729b@group-ABEB7CAEB823-LeaderElection55] INFO  server.RaftServerConfigKeys (ConfUtils.java:logGet(43)) - raft.server.log.appender.snapshot.chunk.size.max = 16MB (=16777216) (default)
2019-10-15 00:58:26,194 [3f7df7da-b219-487f-8006-3cfb850b729b@group-ABEB7CAEB823-LeaderElection55] INFO  server.RaftServerConfigKeys (ConfUtils.java:logGet(43)) - raft.server.log.appender.buffer.byte-limit = 33554432 (custom)
2019-10-15 00:58:26,195 [3f7df7da-b219-487f-8006-3cfb850b729b@group-ABEB7CAEB823-LeaderElection55] INFO  server.RaftServerConfigKeys (ConfUtils.java:logGet(43)) - raft.server.log.appender.buffer.element-limit = 1 (custom)
2019-10-15 00:58:26,195 [3f7df7da-b219-487f-8006-3cfb850b729b@group-ABEB7CAEB823-LeaderElection55] INFO  grpc.GrpcConfigKeys$Server (ConfUtils.java:logGet(43)) - raft.grpc.server.leader.outstanding.appends.max = 128 (default)
2019-10-15 00:58:26,195 [3f7df7da-b219-487f-8006-3cfb850b729b@group-ABEB7CAEB823-LeaderElection55] INFO  server.RaftServerConfigKeys (ConfUtils.java:logGet(43)) - raft.server.rpc.request.timeout = 3000ms (default)
2019-10-15 00:58:26,195 [3f7df7da-b219-487f-8006-3cfb850b729b@group-ABEB7CAEB823-LeaderElection55] INFO  server.RaftServerConfigKeys (ConfUtils.java:logGet(43)) - raft.server.log.appender.install.snapshot.enabled = false (custom)
2019-10-15 00:58:26,195 [3f7df7da-b219-487f-8006-3cfb850b729b@group-ABEB7CAEB823-LeaderElection55] INFO  impl.RoleInfo (RoleInfo.java:updateAndGet(143)) - 3f7df7da-b219-487f-8006-3cfb850b729b: start LeaderState
2019-10-15 00:58:26,196 [3f7df7da-b219-487f-8006-3cfb850b729b@group-ABEB7CAEB823-LeaderElection55] INFO  segmented.SegmentedRaftLogWorker (SegmentedRaftLogWorker.java:startLogSegment(385)) - 3f7df7da-b219-487f-8006-3cfb850b729b@group-ABEB7CAEB823-SegmentedRaftLogWorker: Starting segment from index:0
2019-10-15 00:58:26,197 [3f7df7da-b219-487f-8006-3cfb850b729b@group-ABEB7CAEB823-LeaderElection55] INFO  impl.RaftServerImpl (ServerState.java:setRaftConf(356)) - 3f7df7da-b219-487f-8006-3cfb850b729b@group-ABEB7CAEB823: set configuration 0: [5370a49f-0488-4254-b182-627088936824:192.168.164.218:34405, 3f7df7da-b219-487f-8006-3cfb850b729b:192.168.164.218:34625, 6f2fd86e-288d-46f4-8189-7559bb792ffd:192.168.164.218:42752], old=null at 0
2019-10-15 00:58:26,232 [Thread-2499] INFO  impl.FollowerState (FollowerState.java:run(108)) - 91c7735c-f887-4c28-a289-17cc148dd39e@group-60853505AB20-FollowerState: change to CANDIDATE, lastRpcTime:5083ms, electionTimeout:5072ms
2019-10-15 00:58:26,232 [Thread-2499] INFO  impl.RoleInfo (RoleInfo.java:shutdownFollowerState(121)) - 91c7735c-f887-4c28-a289-17cc148dd39e: shutdown FollowerState
2019-10-15 00:58:26,232 [Thread-2499] INFO  impl.RaftServerImpl (RaftServerImpl.java:setRole(170)) - 91c7735c-f887-4c28-a289-17cc148dd39e@group-60853505AB20: changes role from  FOLLOWER to CANDIDATE at term 0 for changeToCandidate
2019-10-15 00:58:26,232 [Thread-2499] INFO  impl.RoleInfo (RoleInfo.java:updateAndGet(143)) - 91c7735c-f887-4c28-a289-17cc148dd39e: start LeaderElection
2019-10-15 00:58:26,246 [grpc-default-executor-5] INFO  ratis.XceiverServerRatis (XceiverServerRatis.java:handleLeaderChangedNotification(702)) - Leader change notification received for group: group-ABEB7CAEB823 with new leaderId: 3f7df7da-b219-487f-8006-3cfb850b729b
2019-10-15 00:58:26,246 [grpc-default-executor-5] INFO  impl.RaftServerImpl (ServerState.java:setLeader(255)) - 5370a49f-0488-4254-b182-627088936824@group-ABEB7CAEB823: change Leader from null to 3f7df7da-b219-487f-8006-3cfb850b729b at term 1 for appendEntries, leader elected after 5186ms
2019-10-15 00:58:26,250 [grpc-default-executor-2] INFO  ratis.XceiverServerRatis (XceiverServerRatis.java:handleLeaderChangedNotification(702)) - Leader change notification received for group: group-ABEB7CAEB823 with new leaderId: 3f7df7da-b219-487f-8006-3cfb850b729b
2019-10-15 00:58:26,253 [grpc-default-executor-2] INFO  impl.RaftServerImpl (ServerState.java:setLeader(255)) - 6f2fd86e-288d-46f4-8189-7559bb792ffd@group-ABEB7CAEB823: change Leader from null to 3f7df7da-b219-487f-8006-3cfb850b729b at term 1 for appendEntries, leader elected after 5190ms
2019-10-15 00:58:26,254 [EventQueue-PipelineReportForPipelineReportHandler] INFO  pipeline.PipelineReportHandler (PipelineReportHandler.java:processPipelineReport(119)) - Pipeline PipelineID=e7484d6e-8a61-4d0a-831c-abeb7caeb823 reported by 5370a49f-0488-4254-b182-627088936824{ip: 192.168.164.218, host: pr-hdds-1868-7bj8h-208101609, networkLocation: /default-rack, certSerialId: null} with leaderId 3f7df7da-b219-487f-8006-3cfb850b729b
2019-10-15 00:58:26,254 [EventQueue-PipelineReportForPipelineReportHandler] INFO  pipeline.PipelineReportHandler (PipelineReportHandler.java:processPipelineReport(119)) - Pipeline PipelineID=f2c8559c-73aa-4935-92a0-c3318aacd063 reported by 6f2fd86e-288d-46f4-8189-7559bb792ffd{ip: 192.168.164.218, host: pr-hdds-1868-7bj8h-208101609, networkLocation: /default-rack, certSerialId: null} with leaderId 
2019-10-15 00:58:26,254 [EventQueue-PipelineReportForPipelineReportHandler] INFO  pipeline.PipelineStateManager (PipelineStateManager.java:openPipeline(136)) - Pipeline Pipeline[ Id: f2c8559c-73aa-4935-92a0-c3318aacd063, Nodes: 6f2fd86e-288d-46f4-8189-7559bb792ffd{ip: 192.168.164.218, host: pr-hdds-1868-7bj8h-208101609, networkLocation: /default-rack, certSerialId: null}, Type:RATIS, Factor:ONE, State:OPEN] moved to OPEN state
2019-10-15 00:58:26,254 [EventQueue-PipelineReportForPipelineReportHandler] INFO  pipeline.PipelineReportHandler (PipelineReportHandler.java:processPipelineReport(119)) - Pipeline PipelineID=e7484d6e-8a61-4d0a-831c-abeb7caeb823 reported by 6f2fd86e-288d-46f4-8189-7559bb792ffd{ip: 192.168.164.218, host: pr-hdds-1868-7bj8h-208101609, networkLocation: /default-rack, certSerialId: null} with leaderId 3f7df7da-b219-487f-8006-3cfb850b729b
2019-10-15 00:58:26,255 [EventQueue-PipelineReportForPipelineReportHandler] INFO  pipeline.PipelineStateManager (PipelineStateManager.java:openPipeline(136)) - Pipeline Pipeline[ Id: e7484d6e-8a61-4d0a-831c-abeb7caeb823, Nodes: 5370a49f-0488-4254-b182-627088936824{ip: 192.168.164.218, host: pr-hdds-1868-7bj8h-208101609, networkLocation: /default-rack, certSerialId: null}3f7df7da-b219-487f-8006-3cfb850b729b{ip: 192.168.164.218, host: pr-hdds-1868-7bj8h-208101609, networkLocation: /default-rack, certSerialId: null}6f2fd86e-288d-46f4-8189-7559bb792ffd{ip: 192.168.164.218, host: pr-hdds-1868-7bj8h-208101609, networkLocation: /default-rack, certSerialId: null}, Type:RATIS, Factor:THREE, State:OPEN] moved to OPEN state
2019-10-15 00:58:26,256 [grpc-default-executor-2] INFO  impl.RaftServerImpl (ServerState.java:setRaftConf(356)) - 5370a49f-0488-4254-b182-627088936824@group-ABEB7CAEB823: set configuration 0: [5370a49f-0488-4254-b182-627088936824:192.168.164.218:34405, 3f7df7da-b219-487f-8006-3cfb850b729b:192.168.164.218:34625, 6f2fd86e-288d-46f4-8189-7559bb792ffd:192.168.164.218:42752], old=null at 0
2019-10-15 00:58:26,256 [grpc-default-executor-5] INFO  impl.RaftServerImpl (ServerState.java:setRaftConf(356)) - 6f2fd86e-288d-46f4-8189-7559bb792ffd@group-ABEB7CAEB823: set configuration 0: [5370a49f-0488-4254-b182-627088936824:192.168.164.218:34405, 3f7df7da-b219-487f-8006-3cfb850b729b:192.168.164.218:34625, 6f2fd86e-288d-46f4-8189-7559bb792ffd:192.168.164.218:42752], old=null at 0
2019-10-15 00:58:26,256 [grpc-default-executor-2] INFO  segmented.SegmentedRaftLogWorker (SegmentedRaftLogWorker.java:startLogSegment(385)) - 5370a49f-0488-4254-b182-627088936824@group-ABEB7CAEB823-SegmentedRaftLogWorker: Starting segment from index:0
2019-10-15 00:58:26,256 [grpc-default-executor-5] INFO  segmented.SegmentedRaftLogWorker (SegmentedRaftLogWorker.java:startLogSegment(385)) - 6f2fd86e-288d-46f4-8189-7559bb792ffd@group-ABEB7CAEB823-SegmentedRaftLogWorker: Starting segment from index:0
2019-10-15 00:58:26,260 [3f7df7da-b219-487f-8006-3cfb850b729b@group-ABEB7CAEB823-SegmentedRaftLogWorker] INFO  segmented.SegmentedRaftLogWorker (SegmentedRaftLogWorker.java:execute(576)) - 3f7df7da-b219-487f-8006-3cfb850b729b@group-ABEB7CAEB823-SegmentedRaftLogWorker: created new log segment /workdir/hadoop-ozone/integration-test/target/test-dir/MiniOzoneClusterImpl-5d82b4cd-4e47-4b06-a8d5-8585c925b255/datanode-2/data/ratis/e7484d6e-8a61-4d0a-831c-abeb7caeb823/current/log_inprogress_0
2019-10-15 00:58:26,277 [91c7735c-f887-4c28-a289-17cc148dd39e@group-60853505AB20-LeaderElection56] INFO  impl.LeaderElection (LeaderElection.java:askForVotes(178)) - 91c7735c-f887-4c28-a289-17cc148dd39e@group-60853505AB20-LeaderElection56: begin an election at term 1 for -1: [91c7735c-f887-4c28-a289-17cc148dd39e:192.168.164.218:34616], old=null
2019-10-15 00:58:26,278 [91c7735c-f887-4c28-a289-17cc148dd39e@group-60853505AB20-LeaderElection56] INFO  impl.RoleInfo (RoleInfo.java:shutdownLeaderElection(134)) - 91c7735c-f887-4c28-a289-17cc148dd39e: shutdown LeaderElection
2019-10-15 00:58:26,278 [91c7735c-f887-4c28-a289-17cc148dd39e@group-60853505AB20-LeaderElection56] INFO  impl.RaftServerImpl (RaftServerImpl.java:setRole(170)) - 91c7735c-f887-4c28-a289-17cc148dd39e@group-60853505AB20: changes role from CANDIDATE to LEADER at term 1 for changeToLeader
2019-10-15 00:58:26,278 [91c7735c-f887-4c28-a289-17cc148dd39e@group-60853505AB20-LeaderElection56] INFO  ratis.XceiverServerRatis (XceiverServerRatis.java:handleLeaderChangedNotification(702)) - Leader change notification received for group: group-60853505AB20 with new leaderId: 91c7735c-f887-4c28-a289-17cc148dd39e
2019-10-15 00:58:26,287 [91c7735c-f887-4c28-a289-17cc148dd39e@group-60853505AB20-LeaderElection56] INFO  impl.RaftServerImpl (ServerState.java:setLeader(255)) - 91c7735c-f887-4c28-a289-17cc148dd39e@group-60853505AB20: change Leader from null to 91c7735c-f887-4c28-a289-17cc148dd39e at term 1 for becomeLeader, leader elected after 5134ms
2019-10-15 00:58:26,287 [91c7735c-f887-4c28-a289-17cc148dd39e@group-60853505AB20-LeaderElection56] INFO  server.RaftServerConfigKeys (ConfUtils.java:logGet(43)) - raft.server.staging.catchup.gap = 1000 (default)
2019-10-15 00:58:26,287 [91c7735c-f887-4c28-a289-17cc148dd39e@group-60853505AB20-LeaderElection56] INFO  server.RaftServerConfigKeys (ConfUtils.java:logGet(43)) - raft.server.rpc.sleep.time = 25ms (default)
2019-10-15 00:58:26,287 [91c7735c-f887-4c28-a289-17cc148dd39e@group-60853505AB20-LeaderElection56] INFO  server.RaftServerConfigKeys (ConfUtils.java:logGet(43)) - raft.server.write.element-limit = 4096 (default)
2019-10-15 00:58:26,287 [91c7735c-f887-4c28-a289-17cc148dd39e@group-60853505AB20-LeaderElection56] INFO  server.RaftServerConfigKeys (ConfUtils.java:logGet(43)) - raft.server.watch.timeout = 10s (default)
2019-10-15 00:58:26,287 [91c7735c-f887-4c28-a289-17cc148dd39e@group-60853505AB20-LeaderElection56] INFO  server.RaftServerConfigKeys (ConfUtils.java:logGet(43)) - raft.server.watch.timeout.denomination = 1s (default)
2019-10-15 00:58:26,287 [91c7735c-f887-4c28-a289-17cc148dd39e@group-60853505AB20-LeaderElection56] INFO  server.RaftServerConfigKeys (ConfUtils.java:logGet(43)) - raft.server.watch.element-limit = 65536 (default)
2019-10-15 00:58:26,288 [EventQueue-PipelineReportForPipelineReportHandler] INFO  pipeline.PipelineReportHandler (PipelineReportHandler.java:processPipelineReport(119)) - Pipeline PipelineID=b742e335-b44c-4791-a2bb-60853505ab20 reported by 91c7735c-f887-4c28-a289-17cc148dd39e{ip: 192.168.164.218, host: pr-hdds-1868-7bj8h-208101609, networkLocation: /default-rack, certSerialId: null} with leaderId 91c7735c-f887-4c28-a289-17cc148dd39e
2019-10-15 00:58:26,288 [EventQueue-PipelineReportForPipelineReportHandler] INFO  pipeline.PipelineStateManager (PipelineStateManager.java:openPipeline(136)) - Pipeline Pipeline[ Id: b742e335-b44c-4791-a2bb-60853505ab20, Nodes: 91c7735c-f887-4c28-a289-17cc148dd39e{ip: 192.168.164.218, host: pr-hdds-1868-7bj8h-208101609, networkLocation: /default-rack, certSerialId: null}, Type:RATIS, Factor:ONE, State:OPEN] moved to OPEN state
2019-10-15 00:58:26,288 [EventQueue-PipelineReportForPipelineReportHandler] INFO  pipeline.PipelineReportHandler (PipelineReportHandler.java:processPipelineReport(119)) - Pipeline PipelineID=efa194f0-81e1-4f69-9890-1736b5cecf62 reported by 91c7735c-f887-4c28-a289-17cc148dd39e{ip: 192.168.164.218, host: pr-hdds-1868-7bj8h-208101609, networkLocation: /default-rack, certSerialId: null} with leaderId 
2019-10-15 00:58:26,289 [91c7735c-f887-4c28-a289-17cc148dd39e@group-60853505AB20-LeaderElection56] INFO  impl.RoleInfo (RoleInfo.java:updateAndGet(143)) - 91c7735c-f887-4c28-a289-17cc148dd39e: start LeaderState
2019-10-15 00:58:26,289 [91c7735c-f887-4c28-a289-17cc148dd39e@group-60853505AB20-LeaderElection56] INFO  segmented.SegmentedRaftLogWorker (SegmentedRaftLogWorker.java:startLogSegment(385)) - 91c7735c-f887-4c28-a289-17cc148dd39e@group-60853505AB20-SegmentedRaftLogWorker: Starting segment from index:0
2019-10-15 00:58:26,289 [91c7735c-f887-4c28-a289-17cc148dd39e@group-60853505AB20-LeaderElection56] INFO  impl.RaftServerImpl (ServerState.java:setRaftConf(356)) - 91c7735c-f887-4c28-a289-17cc148dd39e@group-60853505AB20: set configuration 0: [91c7735c-f887-4c28-a289-17cc148dd39e:192.168.164.218:34616], old=null at 0
2019-10-15 00:58:26,303 [6f2fd86e-288d-46f4-8189-7559bb792ffd@group-ABEB7CAEB823-SegmentedRaftLogWorker] INFO  segmented.SegmentedRaftLogWorker (SegmentedRaftLogWorker.java:execute(576)) - 6f2fd86e-288d-46f4-8189-7559bb792ffd@group-ABEB7CAEB823-SegmentedRaftLogWorker: created new log segment /workdir/hadoop-ozone/integration-test/target/test-dir/MiniOzoneClusterImpl-5d82b4cd-4e47-4b06-a8d5-8585c925b255/datanode-5/data/ratis/e7484d6e-8a61-4d0a-831c-abeb7caeb823/current/log_inprogress_0
2019-10-15 00:58:26,303 [5370a49f-0488-4254-b182-627088936824@group-ABEB7CAEB823-SegmentedRaftLogWorker] INFO  segmented.SegmentedRaftLogWorker (SegmentedRaftLogWorker.java:execute(576)) - 5370a49f-0488-4254-b182-627088936824@group-ABEB7CAEB823-SegmentedRaftLogWorker: created new log segment /workdir/hadoop-ozone/integration-test/target/test-dir/MiniOzoneClusterImpl-5d82b4cd-4e47-4b06-a8d5-8585c925b255/datanode-3/data/ratis/e7484d6e-8a61-4d0a-831c-abeb7caeb823/current/log_inprogress_0
2019-10-15 00:58:26,348 [Thread-2503] INFO  impl.FollowerState (FollowerState.java:run(108)) - 6f2fd86e-288d-46f4-8189-7559bb792ffd@group-C3318AACD063-FollowerState: change to CANDIDATE, lastRpcTime:5116ms, electionTimeout:5098ms
2019-10-15 00:58:26,348 [Thread-2503] INFO  impl.RoleInfo (RoleInfo.java:shutdownFollowerState(121)) - 6f2fd86e-288d-46f4-8189-7559bb792ffd: shutdown FollowerState
2019-10-15 00:58:26,348 [Thread-2503] INFO  impl.RaftServerImpl (RaftServerImpl.java:setRole(170)) - 6f2fd86e-288d-46f4-8189-7559bb792ffd@group-C3318AACD063: changes role from  FOLLOWER to CANDIDATE at term 0 for changeToCandidate
2019-10-15 00:58:26,348 [Thread-2503] INFO  impl.RoleInfo (RoleInfo.java:updateAndGet(143)) - 6f2fd86e-288d-46f4-8189-7559bb792ffd: start LeaderElection
2019-10-15 00:58:26,353 [91c7735c-f887-4c28-a289-17cc148dd39e@group-60853505AB20-SegmentedRaftLogWorker] INFO  segmented.SegmentedRaftLogWorker (SegmentedRaftLogWorker.java:execute(576)) - 91c7735c-f887-4c28-a289-17cc148dd39e@group-60853505AB20-SegmentedRaftLogWorker: created new log segment /workdir/hadoop-ozone/integration-test/target/test-dir/MiniOzoneClusterImpl-5d82b4cd-4e47-4b06-a8d5-8585c925b255/datanode-6/data/ratis/b742e335-b44c-4791-a2bb-60853505ab20/current/log_inprogress_0
2019-10-15 00:58:26,395 [6f2fd86e-288d-46f4-8189-7559bb792ffd@group-C3318AACD063-LeaderElection57] INFO  impl.LeaderElection (LeaderElection.java:askForVotes(178)) - 6f2fd86e-288d-46f4-8189-7559bb792ffd@group-C3318AACD063-LeaderElection57: begin an election at term 1 for -1: [6f2fd86e-288d-46f4-8189-7559bb792ffd:192.168.164.218:42752], old=null
2019-10-15 00:58:26,395 [6f2fd86e-288d-46f4-8189-7559bb792ffd@group-C3318AACD063-LeaderElection57] INFO  impl.RoleInfo (RoleInfo.java:shutdownLeaderElection(134)) - 6f2fd86e-288d-46f4-8189-7559bb792ffd: shutdown LeaderElection
2019-10-15 00:58:26,395 [6f2fd86e-288d-46f4-8189-7559bb792ffd@group-C3318AACD063-LeaderElection57] INFO  impl.RaftServerImpl (RaftServerImpl.java:setRole(170)) - 6f2fd86e-288d-46f4-8189-7559bb792ffd@group-C3318AACD063: changes role from CANDIDATE to LEADER at term 1 for changeToLeader
2019-10-15 00:58:26,396 [6f2fd86e-288d-46f4-8189-7559bb792ffd@group-C3318AACD063-LeaderElection57] INFO  ratis.XceiverServerRatis (XceiverServerRatis.java:handleLeaderChangedNotification(702)) - Leader change notification received for group: group-C3318AACD063 with new leaderId: 6f2fd86e-288d-46f4-8189-7559bb792ffd
2019-10-15 00:58:26,396 [6f2fd86e-288d-46f4-8189-7559bb792ffd@group-C3318AACD063-LeaderElection57] INFO  impl.RaftServerImpl (ServerState.java:setLeader(255)) - 6f2fd86e-288d-46f4-8189-7559bb792ffd@group-C3318AACD063: change Leader from null to 6f2fd86e-288d-46f4-8189-7559bb792ffd at term 1 for becomeLeader, leader elected after 5168ms
2019-10-15 00:58:26,396 [6f2fd86e-288d-46f4-8189-7559bb792ffd@group-C3318AACD063-LeaderElection57] INFO  server.RaftServerConfigKeys (ConfUtils.java:logGet(43)) - raft.server.staging.catchup.gap = 1000 (default)
2019-10-15 00:58:26,396 [6f2fd86e-288d-46f4-8189-7559bb792ffd@group-C3318AACD063-LeaderElection57] INFO  server.RaftServerConfigKeys (ConfUtils.java:logGet(43)) - raft.server.rpc.sleep.time = 25ms (default)
2019-10-15 00:58:26,397 [6f2fd86e-288d-46f4-8189-7559bb792ffd@group-C3318AACD063-LeaderElection57] INFO  server.RaftServerConfigKeys (ConfUtils.java:logGet(43)) - raft.server.write.element-limit = 4096 (default)
2019-10-15 00:58:26,397 [6f2fd86e-288d-46f4-8189-7559bb792ffd@group-C3318AACD063-LeaderElection57] INFO  server.RaftServerConfigKeys (ConfUtils.java:logGet(43)) - raft.server.watch.timeout = 10s (default)
2019-10-15 00:58:26,397 [6f2fd86e-288d-46f4-8189-7559bb792ffd@group-C3318AACD063-LeaderElection57] INFO  server.RaftServerConfigKeys (ConfUtils.java:logGet(43)) - raft.server.watch.timeout.denomination = 1s (default)
2019-10-15 00:58:26,397 [6f2fd86e-288d-46f4-8189-7559bb792ffd@group-C3318AACD063-LeaderElection57] INFO  server.RaftServerConfigKeys (ConfUtils.java:logGet(43)) - raft.server.watch.element-limit = 65536 (default)
2019-10-15 00:58:26,400 [6f2fd86e-288d-46f4-8189-7559bb792ffd@group-C3318AACD063-LeaderElection57] INFO  impl.RoleInfo (RoleInfo.java:updateAndGet(143)) - 6f2fd86e-288d-46f4-8189-7559bb792ffd: start LeaderState
2019-10-15 00:58:26,400 [6f2fd86e-288d-46f4-8189-7559bb792ffd@group-C3318AACD063-LeaderElection57] INFO  segmented.SegmentedRaftLogWorker (SegmentedRaftLogWorker.java:startLogSegment(385)) - 6f2fd86e-288d-46f4-8189-7559bb792ffd@group-C3318AACD063-SegmentedRaftLogWorker: Starting segment from index:0
2019-10-15 00:58:26,400 [6f2fd86e-288d-46f4-8189-7559bb792ffd@group-C3318AACD063-LeaderElection57] INFO  impl.RaftServerImpl (ServerState.java:setRaftConf(356)) - 6f2fd86e-288d-46f4-8189-7559bb792ffd@group-C3318AACD063: set configuration 0: [6f2fd86e-288d-46f4-8189-7559bb792ffd:192.168.164.218:42752], old=null at 0
2019-10-15 00:58:26,462 [6f2fd86e-288d-46f4-8189-7559bb792ffd@group-C3318AACD063-SegmentedRaftLogWorker] INFO  segmented.SegmentedRaftLogWorker (SegmentedRaftLogWorker.java:execute(576)) - 6f2fd86e-288d-46f4-8189-7559bb792ffd@group-C3318AACD063-SegmentedRaftLogWorker: created new log segment /workdir/hadoop-ozone/integration-test/target/test-dir/MiniOzoneClusterImpl-5d82b4cd-4e47-4b06-a8d5-8585c925b255/datanode-5/data/ratis/f2c8559c-73aa-4935-92a0-c3318aacd063/current/log_inprogress_0
2019-10-15 00:58:26,516 [Thread-2507] INFO  impl.FollowerState (FollowerState.java:run(108)) - a195247f-068a-4b76-a937-2df84190de26@group-3374AD751B7D-FollowerState: change to CANDIDATE, lastRpcTime:5174ms, electionTimeout:5174ms
2019-10-15 00:58:26,516 [Thread-2507] INFO  impl.RoleInfo (RoleInfo.java:shutdownFollowerState(121)) - a195247f-068a-4b76-a937-2df84190de26: shutdown FollowerState
2019-10-15 00:58:26,516 [Thread-2507] INFO  impl.RaftServerImpl (RaftServerImpl.java:setRole(170)) - a195247f-068a-4b76-a937-2df84190de26@group-3374AD751B7D: changes role from  FOLLOWER to CANDIDATE at term 0 for changeToCandidate
2019-10-15 00:58:26,516 [Thread-2507] INFO  impl.RoleInfo (RoleInfo.java:updateAndGet(143)) - a195247f-068a-4b76-a937-2df84190de26: start LeaderElection
2019-10-15 00:58:26,521 [main] INFO  ozone.MiniOzoneClusterImpl (MiniOzoneClusterImpl.java:lambda$waitForClusterToBeReady$2(164)) - Waiting for 3 number of pipelines out of 9, to report a leader.
2019-10-15 00:58:26,526 [Thread-2515] INFO  impl.FollowerState (FollowerState.java:run(108)) - 3f7df7da-b219-487f-8006-3cfb850b729b@group-CE8FC8691731-FollowerState: change to CANDIDATE, lastRpcTime:5014ms, electionTimeout:5014ms
2019-10-15 00:58:26,527 [Thread-2515] INFO  impl.RoleInfo (RoleInfo.java:shutdownFollowerState(121)) - 3f7df7da-b219-487f-8006-3cfb850b729b: shutdown FollowerState
2019-10-15 00:58:26,527 [Thread-2515] INFO  impl.RaftServerImpl (RaftServerImpl.java:setRole(170)) - 3f7df7da-b219-487f-8006-3cfb850b729b@group-CE8FC8691731: changes role from  FOLLOWER to CANDIDATE at term 0 for changeToCandidate
2019-10-15 00:58:26,527 [Thread-2515] INFO  impl.RoleInfo (RoleInfo.java:updateAndGet(143)) - 3f7df7da-b219-487f-8006-3cfb850b729b: start LeaderElection
2019-10-15 00:58:26,546 [3f7df7da-b219-487f-8006-3cfb850b729b@group-CE8FC8691731-LeaderElection59] INFO  impl.LeaderElection (LeaderElection.java:askForVotes(178)) - 3f7df7da-b219-487f-8006-3cfb850b729b@group-CE8FC8691731-LeaderElection59: begin an election at term 1 for -1: [3f7df7da-b219-487f-8006-3cfb850b729b:192.168.164.218:34625], old=null
2019-10-15 00:58:26,546 [a195247f-068a-4b76-a937-2df84190de26@group-3374AD751B7D-LeaderElection58] INFO  impl.LeaderElection (LeaderElection.java:askForVotes(178)) - a195247f-068a-4b76-a937-2df84190de26@group-3374AD751B7D-LeaderElection58: begin an election at term 1 for -1: [a195247f-068a-4b76-a937-2df84190de26:192.168.164.218:44926], old=null
2019-10-15 00:58:26,546 [3f7df7da-b219-487f-8006-3cfb850b729b@group-CE8FC8691731-LeaderElection59] INFO  impl.RoleInfo (RoleInfo.java:shutdownLeaderElection(134)) - 3f7df7da-b219-487f-8006-3cfb850b729b: shutdown LeaderElection
2019-10-15 00:58:26,546 [a195247f-068a-4b76-a937-2df84190de26@group-3374AD751B7D-LeaderElection58] INFO  impl.RoleInfo (RoleInfo.java:shutdownLeaderElection(134)) - a195247f-068a-4b76-a937-2df84190de26: shutdown LeaderElection
2019-10-15 00:58:26,546 [3f7df7da-b219-487f-8006-3cfb850b729b@group-CE8FC8691731-LeaderElection59] INFO  impl.RaftServerImpl (RaftServerImpl.java:setRole(170)) - 3f7df7da-b219-487f-8006-3cfb850b729b@group-CE8FC8691731: changes role from CANDIDATE to LEADER at term 1 for changeToLeader
2019-10-15 00:58:26,547 [a195247f-068a-4b76-a937-2df84190de26@group-3374AD751B7D-LeaderElection58] INFO  impl.RaftServerImpl (RaftServerImpl.java:setRole(170)) - a195247f-068a-4b76-a937-2df84190de26@group-3374AD751B7D: changes role from CANDIDATE to LEADER at term 1 for changeToLeader
2019-10-15 00:58:26,547 [3f7df7da-b219-487f-8006-3cfb850b729b@group-CE8FC8691731-LeaderElection59] INFO  ratis.XceiverServerRatis (XceiverServerRatis.java:handleLeaderChangedNotification(702)) - Leader change notification received for group: group-CE8FC8691731 with new leaderId: 3f7df7da-b219-487f-8006-3cfb850b729b
2019-10-15 00:58:26,547 [a195247f-068a-4b76-a937-2df84190de26@group-3374AD751B7D-LeaderElection58] INFO  ratis.XceiverServerRatis (XceiverServerRatis.java:handleLeaderChangedNotification(702)) - Leader change notification received for group: group-3374AD751B7D with new leaderId: a195247f-068a-4b76-a937-2df84190de26
2019-10-15 00:58:26,547 [3f7df7da-b219-487f-8006-3cfb850b729b@group-CE8FC8691731-LeaderElection59] INFO  impl.RaftServerImpl (ServerState.java:setLeader(255)) - 3f7df7da-b219-487f-8006-3cfb850b729b@group-CE8FC8691731: change Leader from null to 3f7df7da-b219-487f-8006-3cfb850b729b at term 1 for becomeLeader, leader elected after 5040ms
2019-10-15 00:58:26,550 [a195247f-068a-4b76-a937-2df84190de26@group-3374AD751B7D-LeaderElection58] INFO  impl.RaftServerImpl (ServerState.java:setLeader(255)) - a195247f-068a-4b76-a937-2df84190de26@group-3374AD751B7D: change Leader from null to a195247f-068a-4b76-a937-2df84190de26 at term 1 for becomeLeader, leader elected after 5210ms
2019-10-15 00:58:26,550 [3f7df7da-b219-487f-8006-3cfb850b729b@group-CE8FC8691731-LeaderElection59] INFO  server.RaftServerConfigKeys (ConfUtils.java:logGet(43)) - raft.server.staging.catchup.gap = 1000 (default)
2019-10-15 00:58:26,550 [a195247f-068a-4b76-a937-2df84190de26@group-3374AD751B7D-LeaderElection58] INFO  server.RaftServerConfigKeys (ConfUtils.java:logGet(43)) - raft.server.staging.catchup.gap = 1000 (default)
2019-10-15 00:58:26,551 [3f7df7da-b219-487f-8006-3cfb850b729b@group-CE8FC8691731-LeaderElection59] INFO  server.RaftServerConfigKeys (ConfUtils.java:logGet(43)) - raft.server.rpc.sleep.time = 25ms (default)
2019-10-15 00:58:26,551 [a195247f-068a-4b76-a937-2df84190de26@group-3374AD751B7D-LeaderElection58] INFO  server.RaftServerConfigKeys (ConfUtils.java:logGet(43)) - raft.server.rpc.sleep.time = 25ms (default)
2019-10-15 00:58:26,551 [3f7df7da-b219-487f-8006-3cfb850b729b@group-CE8FC8691731-LeaderElection59] INFO  server.RaftServerConfigKeys (ConfUtils.java:logGet(43)) - raft.server.write.element-limit = 4096 (default)
2019-10-15 00:58:26,551 [a195247f-068a-4b76-a937-2df84190de26@group-3374AD751B7D-LeaderElection58] INFO  server.RaftServerConfigKeys (ConfUtils.java:logGet(43)) - raft.server.write.element-limit = 4096 (default)
2019-10-15 00:58:26,551 [3f7df7da-b219-487f-8006-3cfb850b729b@group-CE8FC8691731-LeaderElection59] INFO  server.RaftServerConfigKeys (ConfUtils.java:logGet(43)) - raft.server.watch.timeout = 10s (default)
2019-10-15 00:58:26,551 [a195247f-068a-4b76-a937-2df84190de26@group-3374AD751B7D-LeaderElection58] INFO  server.RaftServerConfigKeys (ConfUtils.java:logGet(43)) - raft.server.watch.timeout = 10s (default)
2019-10-15 00:58:26,552 [EventQueue-PipelineReportForPipelineReportHandler] INFO  pipeline.PipelineReportHandler (PipelineReportHandler.java:processPipelineReport(119)) - Pipeline PipelineID=d6c82b50-07a2-482a-8923-3374ad751b7d reported by a195247f-068a-4b76-a937-2df84190de26{ip: 192.168.164.218, host: pr-hdds-1868-7bj8h-208101609, networkLocation: /default-rack, certSerialId: null} with leaderId a195247f-068a-4b76-a937-2df84190de26
2019-10-15 00:58:26,552 [3f7df7da-b219-487f-8006-3cfb850b729b@group-CE8FC8691731-LeaderElection59] INFO  server.RaftServerConfigKeys (ConfUtils.java:logGet(43)) - raft.server.watch.timeout.denomination = 1s (default)
2019-10-15 00:58:26,552 [a195247f-068a-4b76-a937-2df84190de26@group-3374AD751B7D-LeaderElection58] INFO  server.RaftServerConfigKeys (ConfUtils.java:logGet(43)) - raft.server.watch.timeout.denomination = 1s (default)
2019-10-15 00:58:26,552 [3f7df7da-b219-487f-8006-3cfb850b729b@group-CE8FC8691731-LeaderElection59] INFO  server.RaftServerConfigKeys (ConfUtils.java:logGet(43)) - raft.server.watch.element-limit = 65536 (default)
2019-10-15 00:58:26,552 [EventQueue-PipelineReportForPipelineReportHandler] INFO  pipeline.PipelineStateManager (PipelineStateManager.java:openPipeline(136)) - Pipeline Pipeline[ Id: d6c82b50-07a2-482a-8923-3374ad751b7d, Nodes: a195247f-068a-4b76-a937-2df84190de26{ip: 192.168.164.218, host: pr-hdds-1868-7bj8h-208101609, networkLocation: /default-rack, certSerialId: null}, Type:RATIS, Factor:ONE, State:OPEN] moved to OPEN state
2019-10-15 00:58:26,552 [a195247f-068a-4b76-a937-2df84190de26@group-3374AD751B7D-LeaderElection58] INFO  server.RaftServerConfigKeys (ConfUtils.java:logGet(43)) - raft.server.watch.element-limit = 65536 (default)
2019-10-15 00:58:26,556 [3f7df7da-b219-487f-8006-3cfb850b729b@group-CE8FC8691731-LeaderElection59] INFO  impl.RoleInfo (RoleInfo.java:updateAndGet(143)) - 3f7df7da-b219-487f-8006-3cfb850b729b: start LeaderState
2019-10-15 00:58:26,556 [3f7df7da-b219-487f-8006-3cfb850b729b@group-CE8FC8691731-LeaderElection59] INFO  segmented.SegmentedRaftLogWorker (SegmentedRaftLogWorker.java:startLogSegment(385)) - 3f7df7da-b219-487f-8006-3cfb850b729b@group-CE8FC8691731-SegmentedRaftLogWorker: Starting segment from index:0
2019-10-15 00:58:26,556 [a195247f-068a-4b76-a937-2df84190de26@group-3374AD751B7D-LeaderElection58] INFO  impl.RoleInfo (RoleInfo.java:updateAndGet(143)) - a195247f-068a-4b76-a937-2df84190de26: start LeaderState
2019-10-15 00:58:26,557 [a195247f-068a-4b76-a937-2df84190de26@group-3374AD751B7D-LeaderElection58] INFO  segmented.SegmentedRaftLogWorker (SegmentedRaftLogWorker.java:startLogSegment(385)) - a195247f-068a-4b76-a937-2df84190de26@group-3374AD751B7D-SegmentedRaftLogWorker: Starting segment from index:0
2019-10-15 00:58:26,557 [3f7df7da-b219-487f-8006-3cfb850b729b@group-CE8FC8691731-LeaderElection59] INFO  impl.RaftServerImpl (ServerState.java:setRaftConf(356)) - 3f7df7da-b219-487f-8006-3cfb850b729b@group-CE8FC8691731: set configuration 0: [3f7df7da-b219-487f-8006-3cfb850b729b:192.168.164.218:34625], old=null at 0
2019-10-15 00:58:26,593 [a195247f-068a-4b76-a937-2df84190de26@group-3374AD751B7D-LeaderElection58] INFO  impl.RaftServerImpl (ServerState.java:setRaftConf(356)) - a195247f-068a-4b76-a937-2df84190de26@group-3374AD751B7D: set configuration 0: [a195247f-068a-4b76-a937-2df84190de26:192.168.164.218:44926], old=null at 0
2019-10-15 00:58:26,628 [3f7df7da-b219-487f-8006-3cfb850b729b@group-CE8FC8691731-SegmentedRaftLogWorker] INFO  segmented.SegmentedRaftLogWorker (SegmentedRaftLogWorker.java:execute(576)) - 3f7df7da-b219-487f-8006-3cfb850b729b@group-CE8FC8691731-SegmentedRaftLogWorker: created new log segment /workdir/hadoop-ozone/integration-test/target/test-dir/MiniOzoneClusterImpl-5d82b4cd-4e47-4b06-a8d5-8585c925b255/datanode-2/data/ratis/53b6a636-b261-437c-a530-ce8fc8691731/current/log_inprogress_0
2019-10-15 00:58:26,629 [Thread-2511] INFO  impl.FollowerState (FollowerState.java:run(108)) - 0151c55e-3a7e-46cc-adf1-6da81881f204@group-0201776E8675-FollowerState: change to CANDIDATE, lastRpcTime:5209ms, electionTimeout:5183ms
2019-10-15 00:58:26,629 [Thread-2511] INFO  impl.RoleInfo (RoleInfo.java:shutdownFollowerState(121)) - 0151c55e-3a7e-46cc-adf1-6da81881f204: shutdown FollowerState
2019-10-15 00:58:26,629 [Thread-2511] INFO  impl.RaftServerImpl (RaftServerImpl.java:setRole(170)) - 0151c55e-3a7e-46cc-adf1-6da81881f204@group-0201776E8675: changes role from  FOLLOWER to CANDIDATE at term 0 for changeToCandidate
2019-10-15 00:58:26,629 [Thread-2511] INFO  impl.RoleInfo (RoleInfo.java:updateAndGet(143)) - 0151c55e-3a7e-46cc-adf1-6da81881f204: start LeaderElection
2019-10-15 00:58:26,655 [a195247f-068a-4b76-a937-2df84190de26@group-3374AD751B7D-SegmentedRaftLogWorker] INFO  segmented.SegmentedRaftLogWorker (SegmentedRaftLogWorker.java:execute(576)) - a195247f-068a-4b76-a937-2df84190de26@group-3374AD751B7D-SegmentedRaftLogWorker: created new log segment /workdir/hadoop-ozone/integration-test/target/test-dir/MiniOzoneClusterImpl-5d82b4cd-4e47-4b06-a8d5-8585c925b255/datanode-4/data/ratis/d6c82b50-07a2-482a-8923-3374ad751b7d/current/log_inprogress_0
2019-10-15 00:58:26,655 [0151c55e-3a7e-46cc-adf1-6da81881f204@group-0201776E8675-LeaderElection60] INFO  impl.LeaderElection (LeaderElection.java:askForVotes(178)) - 0151c55e-3a7e-46cc-adf1-6da81881f204@group-0201776E8675-LeaderElection60: begin an election at term 1 for -1: [0151c55e-3a7e-46cc-adf1-6da81881f204:192.168.164.218:46456], old=null
2019-10-15 00:58:26,655 [0151c55e-3a7e-46cc-adf1-6da81881f204@group-0201776E8675-LeaderElection60] INFO  impl.RoleInfo (RoleInfo.java:shutdownLeaderElection(134)) - 0151c55e-3a7e-46cc-adf1-6da81881f204: shutdown LeaderElection
2019-10-15 00:58:26,655 [0151c55e-3a7e-46cc-adf1-6da81881f204@group-0201776E8675-LeaderElection60] INFO  impl.RaftServerImpl (RaftServerImpl.java:setRole(170)) - 0151c55e-3a7e-46cc-adf1-6da81881f204@group-0201776E8675: changes role from CANDIDATE to LEADER at term 1 for changeToLeader
2019-10-15 00:58:26,655 [0151c55e-3a7e-46cc-adf1-6da81881f204@group-0201776E8675-LeaderElection60] INFO  ratis.XceiverServerRatis (XceiverServerRatis.java:handleLeaderChangedNotification(702)) - Leader change notification received for group: group-0201776E8675 with new leaderId: 0151c55e-3a7e-46cc-adf1-6da81881f204
2019-10-15 00:58:26,658 [0151c55e-3a7e-46cc-adf1-6da81881f204@group-0201776E8675-LeaderElection60] INFO  impl.RaftServerImpl (ServerState.java:setLeader(255)) - 0151c55e-3a7e-46cc-adf1-6da81881f204@group-0201776E8675: change Leader from null to 0151c55e-3a7e-46cc-adf1-6da81881f204 at term 1 for becomeLeader, leader elected after 5242ms
2019-10-15 00:58:26,658 [0151c55e-3a7e-46cc-adf1-6da81881f204@group-0201776E8675-LeaderElection60] INFO  server.RaftServerConfigKeys (ConfUtils.java:logGet(43)) - raft.server.staging.catchup.gap = 1000 (default)
2019-10-15 00:58:26,659 [0151c55e-3a7e-46cc-adf1-6da81881f204@group-0201776E8675-LeaderElection60] INFO  server.RaftServerConfigKeys (ConfUtils.java:logGet(43)) - raft.server.rpc.sleep.time = 25ms (default)
2019-10-15 00:58:26,659 [0151c55e-3a7e-46cc-adf1-6da81881f204@group-0201776E8675-LeaderElection60] INFO  server.RaftServerConfigKeys (ConfUtils.java:logGet(43)) - raft.server.write.element-limit = 4096 (default)
2019-10-15 00:58:26,659 [0151c55e-3a7e-46cc-adf1-6da81881f204@group-0201776E8675-LeaderElection60] INFO  server.RaftServerConfigKeys (ConfUtils.java:logGet(43)) - raft.server.watch.timeout = 10s (default)
2019-10-15 00:58:26,659 [0151c55e-3a7e-46cc-adf1-6da81881f204@group-0201776E8675-LeaderElection60] INFO  server.RaftServerConfigKeys (ConfUtils.java:logGet(43)) - raft.server.watch.timeout.denomination = 1s (default)
2019-10-15 00:58:26,659 [0151c55e-3a7e-46cc-adf1-6da81881f204@group-0201776E8675-LeaderElection60] INFO  server.RaftServerConfigKeys (ConfUtils.java:logGet(43)) - raft.server.watch.element-limit = 65536 (default)
2019-10-15 00:58:26,660 [EventQueue-PipelineReportForPipelineReportHandler] INFO  pipeline.PipelineReportHandler (PipelineReportHandler.java:processPipelineReport(119)) - Pipeline PipelineID=efa194f0-81e1-4f69-9890-1736b5cecf62 reported by 0151c55e-3a7e-46cc-adf1-6da81881f204{ip: 192.168.164.218, host: pr-hdds-1868-7bj8h-208101609, networkLocation: /default-rack, certSerialId: null} with leaderId 
2019-10-15 00:58:26,660 [EventQueue-PipelineReportForPipelineReportHandler] INFO  pipeline.PipelineStateManager (PipelineStateManager.java:openPipeline(136)) - Pipeline Pipeline[ Id: efa194f0-81e1-4f69-9890-1736b5cecf62, Nodes: 0151c55e-3a7e-46cc-adf1-6da81881f204{ip: 192.168.164.218, host: pr-hdds-1868-7bj8h-208101609, networkLocation: /default-rack, certSerialId: null}91c7735c-f887-4c28-a289-17cc148dd39e{ip: 192.168.164.218, host: pr-hdds-1868-7bj8h-208101609, networkLocation: /default-rack, certSerialId: null}f8529145-e696-4a90-8b47-2b96a6036656{ip: 192.168.164.218, host: pr-hdds-1868-7bj8h-208101609, networkLocation: /default-rack, certSerialId: null}, Type:RATIS, Factor:THREE, State:OPEN] moved to OPEN state
2019-10-15 00:58:26,660 [EventQueue-PipelineReportForPipelineReportHandler] INFO  pipeline.PipelineReportHandler (PipelineReportHandler.java:processPipelineReport(119)) - Pipeline PipelineID=6d69543b-6dbf-4c45-87b7-0201776e8675 reported by 0151c55e-3a7e-46cc-adf1-6da81881f204{ip: 192.168.164.218, host: pr-hdds-1868-7bj8h-208101609, networkLocation: /default-rack, certSerialId: null} with leaderId 0151c55e-3a7e-46cc-adf1-6da81881f204
2019-10-15 00:58:26,661 [EventQueue-PipelineReportForPipelineReportHandler] INFO  pipeline.PipelineStateManager (PipelineStateManager.java:openPipeline(136)) - Pipeline Pipeline[ Id: 6d69543b-6dbf-4c45-87b7-0201776e8675, Nodes: 0151c55e-3a7e-46cc-adf1-6da81881f204{ip: 192.168.164.218, host: pr-hdds-1868-7bj8h-208101609, networkLocation: /default-rack, certSerialId: null}, Type:RATIS, Factor:ONE, State:OPEN] moved to OPEN state
2019-10-15 00:58:26,661 [0151c55e-3a7e-46cc-adf1-6da81881f204@group-0201776E8675-LeaderElection60] INFO  impl.RoleInfo (RoleInfo.java:updateAndGet(143)) - 0151c55e-3a7e-46cc-adf1-6da81881f204: start LeaderState
2019-10-15 00:58:26,662 [0151c55e-3a7e-46cc-adf1-6da81881f204@group-0201776E8675-LeaderElection60] INFO  segmented.SegmentedRaftLogWorker (SegmentedRaftLogWorker.java:startLogSegment(385)) - 0151c55e-3a7e-46cc-adf1-6da81881f204@group-0201776E8675-SegmentedRaftLogWorker: Starting segment from index:0
2019-10-15 00:58:26,662 [0151c55e-3a7e-46cc-adf1-6da81881f204@group-0201776E8675-LeaderElection60] INFO  impl.RaftServerImpl (ServerState.java:setRaftConf(356)) - 0151c55e-3a7e-46cc-adf1-6da81881f204@group-0201776E8675: set configuration 0: [0151c55e-3a7e-46cc-adf1-6da81881f204:192.168.164.218:46456], old=null at 0
2019-10-15 00:58:26,717 [Thread-2525] INFO  impl.FollowerState (FollowerState.java:run(108)) - 91c7735c-f887-4c28-a289-17cc148dd39e@group-1736B5CECF62-FollowerState: change to CANDIDATE, lastRpcTime:5078ms, electionTimeout:5078ms
2019-10-15 00:58:26,717 [Thread-2525] INFO  impl.RoleInfo (RoleInfo.java:shutdownFollowerState(121)) - 91c7735c-f887-4c28-a289-17cc148dd39e: shutdown FollowerState
2019-10-15 00:58:26,717 [Thread-2525] INFO  impl.RaftServerImpl (RaftServerImpl.java:setRole(170)) - 91c7735c-f887-4c28-a289-17cc148dd39e@group-1736B5CECF62: changes role from  FOLLOWER to CANDIDATE at term 0 for changeToCandidate
2019-10-15 00:58:26,717 [Thread-2525] INFO  impl.RoleInfo (RoleInfo.java:updateAndGet(143)) - 91c7735c-f887-4c28-a289-17cc148dd39e: start LeaderElection
2019-10-15 00:58:26,739 [0151c55e-3a7e-46cc-adf1-6da81881f204@group-0201776E8675-SegmentedRaftLogWorker] INFO  segmented.SegmentedRaftLogWorker (SegmentedRaftLogWorker.java:execute(576)) - 0151c55e-3a7e-46cc-adf1-6da81881f204@group-0201776E8675-SegmentedRaftLogWorker: created new log segment /workdir/hadoop-ozone/integration-test/target/test-dir/MiniOzoneClusterImpl-5d82b4cd-4e47-4b06-a8d5-8585c925b255/datanode-0/data/ratis/6d69543b-6dbf-4c45-87b7-0201776e8675/current/log_inprogress_0
2019-10-15 00:58:26,757 [91c7735c-f887-4c28-a289-17cc148dd39e@group-1736B5CECF62-LeaderElection61] INFO  impl.LeaderElection (LeaderElection.java:askForVotes(178)) - 91c7735c-f887-4c28-a289-17cc148dd39e@group-1736B5CECF62-LeaderElection61: begin an election at term 1 for -1: [f8529145-e696-4a90-8b47-2b96a6036656:192.168.164.218:38812, 91c7735c-f887-4c28-a289-17cc148dd39e:192.168.164.218:34616, 0151c55e-3a7e-46cc-adf1-6da81881f204:192.168.164.218:46456], old=null
2019-10-15 00:58:26,761 [grpc-default-executor-2] INFO  impl.RaftServerImpl (RaftServerImpl.java:setRole(170)) - 0151c55e-3a7e-46cc-adf1-6da81881f204@group-1736B5CECF62: changes role from  FOLLOWER to FOLLOWER at term 1 for recognizeCandidate:91c7735c-f887-4c28-a289-17cc148dd39e
2019-10-15 00:58:26,761 [grpc-default-executor-5] INFO  impl.RaftServerImpl (RaftServerImpl.java:setRole(170)) - f8529145-e696-4a90-8b47-2b96a6036656@group-1736B5CECF62: changes role from  FOLLOWER to FOLLOWER at term 1 for recognizeCandidate:91c7735c-f887-4c28-a289-17cc148dd39e
2019-10-15 00:58:26,761 [grpc-default-executor-2] INFO  impl.RoleInfo (RoleInfo.java:shutdownFollowerState(121)) - 0151c55e-3a7e-46cc-adf1-6da81881f204: shutdown FollowerState
2019-10-15 00:58:26,762 [grpc-default-executor-5] INFO  impl.RoleInfo (RoleInfo.java:shutdownFollowerState(121)) - f8529145-e696-4a90-8b47-2b96a6036656: shutdown FollowerState
2019-10-15 00:58:26,762 [Thread-2526] INFO  impl.FollowerState (FollowerState.java:run(117)) - 0151c55e-3a7e-46cc-adf1-6da81881f204@group-1736B5CECF62-FollowerState was interrupted: java.lang.InterruptedException: sleep interrupted
2019-10-15 00:58:26,762 [Thread-2521] INFO  impl.FollowerState (FollowerState.java:run(117)) - f8529145-e696-4a90-8b47-2b96a6036656@group-1736B5CECF62-FollowerState was interrupted: java.lang.InterruptedException: sleep interrupted
2019-10-15 00:58:26,762 [grpc-default-executor-2] INFO  impl.RoleInfo (RoleInfo.java:updateAndGet(143)) - 0151c55e-3a7e-46cc-adf1-6da81881f204: start FollowerState
2019-10-15 00:58:26,762 [grpc-default-executor-5] INFO  impl.RoleInfo (RoleInfo.java:updateAndGet(143)) - f8529145-e696-4a90-8b47-2b96a6036656: start FollowerState
2019-10-15 00:58:26,792 [91c7735c-f887-4c28-a289-17cc148dd39e@group-1736B5CECF62-LeaderElection61] INFO  impl.LeaderElection (LeaderElection.java:logAndReturn(56)) - 91c7735c-f887-4c28-a289-17cc148dd39e@group-1736B5CECF62-LeaderElection61: Election PASSED; received 1 response(s) [91c7735c-f887-4c28-a289-17cc148dd39e<-f8529145-e696-4a90-8b47-2b96a6036656#0:OK-t1] and 0 exception(s); 91c7735c-f887-4c28-a289-17cc148dd39e@group-1736B5CECF62:t1, leader=null, voted=91c7735c-f887-4c28-a289-17cc148dd39e, raftlog=91c7735c-f887-4c28-a289-17cc148dd39e@group-1736B5CECF62-SegmentedRaftLog:OPENED:c-1,f-1,i0, conf=-1: [f8529145-e696-4a90-8b47-2b96a6036656:192.168.164.218:38812, 91c7735c-f887-4c28-a289-17cc148dd39e:192.168.164.218:34616, 0151c55e-3a7e-46cc-adf1-6da81881f204:192.168.164.218:46456], old=null
2019-10-15 00:58:26,792 [91c7735c-f887-4c28-a289-17cc148dd39e@group-1736B5CECF62-LeaderElection61] INFO  impl.RoleInfo (RoleInfo.java:shutdownLeaderElection(134)) - 91c7735c-f887-4c28-a289-17cc148dd39e: shutdown LeaderElection
2019-10-15 00:58:26,792 [91c7735c-f887-4c28-a289-17cc148dd39e@group-1736B5CECF62-LeaderElection61] INFO  impl.RaftServerImpl (RaftServerImpl.java:setRole(170)) - 91c7735c-f887-4c28-a289-17cc148dd39e@group-1736B5CECF62: changes role from CANDIDATE to LEADER at term 1 for changeToLeader
2019-10-15 00:58:26,792 [91c7735c-f887-4c28-a289-17cc148dd39e@group-1736B5CECF62-LeaderElection61] INFO  ratis.XceiverServerRatis (XceiverServerRatis.java:handleLeaderChangedNotification(702)) - Leader change notification received for group: group-1736B5CECF62 with new leaderId: 91c7735c-f887-4c28-a289-17cc148dd39e
2019-10-15 00:58:26,792 [91c7735c-f887-4c28-a289-17cc148dd39e@group-1736B5CECF62-LeaderElection61] INFO  impl.RaftServerImpl (ServerState.java:setLeader(255)) - 91c7735c-f887-4c28-a289-17cc148dd39e@group-1736B5CECF62: change Leader from null to 91c7735c-f887-4c28-a289-17cc148dd39e at term 1 for becomeLeader, leader elected after 5166ms
2019-10-15 00:58:26,792 [91c7735c-f887-4c28-a289-17cc148dd39e@group-1736B5CECF62-LeaderElection61] INFO  server.RaftServerConfigKeys (ConfUtils.java:logGet(43)) - raft.server.staging.catchup.gap = 1000 (default)
2019-10-15 00:58:26,792 [91c7735c-f887-4c28-a289-17cc148dd39e@group-1736B5CECF62-LeaderElection61] INFO  server.RaftServerConfigKeys (ConfUtils.java:logGet(43)) - raft.server.rpc.sleep.time = 25ms (default)
2019-10-15 00:58:26,793 [91c7735c-f887-4c28-a289-17cc148dd39e@group-1736B5CECF62-LeaderElection61] INFO  server.RaftServerConfigKeys (ConfUtils.java:logGet(43)) - raft.server.write.element-limit = 4096 (default)
2019-10-15 00:58:26,793 [91c7735c-f887-4c28-a289-17cc148dd39e@group-1736B5CECF62-LeaderElection61] INFO  server.RaftServerConfigKeys (ConfUtils.java:logGet(43)) - raft.server.watch.timeout = 10s (default)
2019-10-15 00:58:26,793 [91c7735c-f887-4c28-a289-17cc148dd39e@group-1736B5CECF62-LeaderElection61] INFO  server.RaftServerConfigKeys (ConfUtils.java:logGet(43)) - raft.server.watch.timeout.denomination = 1s (default)
2019-10-15 00:58:26,793 [91c7735c-f887-4c28-a289-17cc148dd39e@group-1736B5CECF62-LeaderElection61] INFO  server.RaftServerConfigKeys (ConfUtils.java:logGet(43)) - raft.server.watch.element-limit = 65536 (default)
2019-10-15 00:58:26,795 [91c7735c-f887-4c28-a289-17cc148dd39e@group-1736B5CECF62-LeaderElection61] INFO  server.RaftServerConfigKeys (ConfUtils.java:logGet(43)) - raft.server.log.appender.snapshot.chunk.size.max = 16MB (=16777216) (default)
2019-10-15 00:58:26,795 [91c7735c-f887-4c28-a289-17cc148dd39e@group-1736B5CECF62-LeaderElection61] INFO  server.RaftServerConfigKeys (ConfUtils.java:logGet(43)) - raft.server.log.appender.buffer.byte-limit = 33554432 (custom)
2019-10-15 00:58:26,795 [91c7735c-f887-4c28-a289-17cc148dd39e@group-1736B5CECF62-LeaderElection61] INFO  server.RaftServerConfigKeys (ConfUtils.java:logGet(43)) - raft.server.log.appender.buffer.element-limit = 1 (custom)
2019-10-15 00:58:26,795 [91c7735c-f887-4c28-a289-17cc148dd39e@group-1736B5CECF62-LeaderElection61] INFO  grpc.GrpcConfigKeys$Server (ConfUtils.java:logGet(43)) - raft.grpc.server.leader.outstanding.appends.max = 128 (default)
2019-10-15 00:58:26,795 [91c7735c-f887-4c28-a289-17cc148dd39e@group-1736B5CECF62-LeaderElection61] INFO  server.RaftServerConfigKeys (ConfUtils.java:logGet(43)) - raft.server.rpc.request.timeout = 3000ms (default)
2019-10-15 00:58:26,795 [91c7735c-f887-4c28-a289-17cc148dd39e@group-1736B5CECF62-LeaderElection61] INFO  server.RaftServerConfigKeys (ConfUtils.java:logGet(43)) - raft.server.log.appender.install.snapshot.enabled = false (custom)
2019-10-15 00:58:26,796 [91c7735c-f887-4c28-a289-17cc148dd39e@group-1736B5CECF62-LeaderElection61] INFO  server.RaftServerConfigKeys (ConfUtils.java:logGet(43)) - raft.server.log.appender.snapshot.chunk.size.max = 16MB (=16777216) (default)
2019-10-15 00:58:26,796 [91c7735c-f887-4c28-a289-17cc148dd39e@group-1736B5CECF62-LeaderElection61] INFO  server.RaftServerConfigKeys (ConfUtils.java:logGet(43)) - raft.server.log.appender.buffer.byte-limit = 33554432 (custom)
2019-10-15 00:58:26,796 [91c7735c-f887-4c28-a289-17cc148dd39e@group-1736B5CECF62-LeaderElection61] INFO  server.RaftServerConfigKeys (ConfUtils.java:logGet(43)) - raft.server.log.appender.buffer.element-limit = 1 (custom)
2019-10-15 00:58:26,796 [91c7735c-f887-4c28-a289-17cc148dd39e@group-1736B5CECF62-LeaderElection61] INFO  grpc.GrpcConfigKeys$Server (ConfUtils.java:logGet(43)) - raft.grpc.server.leader.outstanding.appends.max = 128 (default)
2019-10-15 00:58:26,796 [91c7735c-f887-4c28-a289-17cc148dd39e@group-1736B5CECF62-LeaderElection61] INFO  server.RaftServerConfigKeys (ConfUtils.java:logGet(43)) - raft.server.rpc.request.timeout = 3000ms (default)
2019-10-15 00:58:26,796 [91c7735c-f887-4c28-a289-17cc148dd39e@group-1736B5CECF62-LeaderElection61] INFO  server.RaftServerConfigKeys (ConfUtils.java:logGet(43)) - raft.server.log.appender.install.snapshot.enabled = false (custom)
2019-10-15 00:58:26,796 [91c7735c-f887-4c28-a289-17cc148dd39e@group-1736B5CECF62-LeaderElection61] INFO  impl.RoleInfo (RoleInfo.java:updateAndGet(143)) - 91c7735c-f887-4c28-a289-17cc148dd39e: start LeaderState
2019-10-15 00:58:26,797 [91c7735c-f887-4c28-a289-17cc148dd39e@group-1736B5CECF62-LeaderElection61] INFO  segmented.SegmentedRaftLogWorker (SegmentedRaftLogWorker.java:startLogSegment(385)) - 91c7735c-f887-4c28-a289-17cc148dd39e@group-1736B5CECF62-SegmentedRaftLogWorker: Starting segment from index:0
2019-10-15 00:58:26,797 [91c7735c-f887-4c28-a289-17cc148dd39e@group-1736B5CECF62-LeaderElection61] INFO  impl.RaftServerImpl (ServerState.java:setRaftConf(356)) - 91c7735c-f887-4c28-a289-17cc148dd39e@group-1736B5CECF62: set configuration 0: [f8529145-e696-4a90-8b47-2b96a6036656:192.168.164.218:38812, 91c7735c-f887-4c28-a289-17cc148dd39e:192.168.164.218:34616, 0151c55e-3a7e-46cc-adf1-6da81881f204:192.168.164.218:46456], old=null at 0
2019-10-15 00:58:26,830 [grpc-default-executor-2] INFO  ratis.XceiverServerRatis (XceiverServerRatis.java:handleLeaderChangedNotification(702)) - Leader change notification received for group: group-1736B5CECF62 with new leaderId: 91c7735c-f887-4c28-a289-17cc148dd39e
2019-10-15 00:58:26,830 [grpc-default-executor-5] INFO  ratis.XceiverServerRatis (XceiverServerRatis.java:handleLeaderChangedNotification(702)) - Leader change notification received for group: group-1736B5CECF62 with new leaderId: 91c7735c-f887-4c28-a289-17cc148dd39e
2019-10-15 00:58:26,831 [grpc-default-executor-2] INFO  impl.RaftServerImpl (ServerState.java:setLeader(255)) - 0151c55e-3a7e-46cc-adf1-6da81881f204@group-1736B5CECF62: change Leader from null to 91c7735c-f887-4c28-a289-17cc148dd39e at term 1 for appendEntries, leader elected after 5204ms
2019-10-15 00:58:26,831 [grpc-default-executor-5] INFO  impl.RaftServerImpl (ServerState.java:setLeader(255)) - f8529145-e696-4a90-8b47-2b96a6036656@group-1736B5CECF62: change Leader from null to 91c7735c-f887-4c28-a289-17cc148dd39e at term 1 for appendEntries, leader elected after 5205ms
2019-10-15 00:58:26,841 [grpc-default-executor-5] INFO  impl.RaftServerImpl (ServerState.java:setRaftConf(356)) - 0151c55e-3a7e-46cc-adf1-6da81881f204@group-1736B5CECF62: set configuration 0: [f8529145-e696-4a90-8b47-2b96a6036656:192.168.164.218:38812, 91c7735c-f887-4c28-a289-17cc148dd39e:192.168.164.218:34616, 0151c55e-3a7e-46cc-adf1-6da81881f204:192.168.164.218:46456], old=null at 0
2019-10-15 00:58:26,843 [grpc-default-executor-2] INFO  impl.RaftServerImpl (ServerState.java:setRaftConf(356)) - f8529145-e696-4a90-8b47-2b96a6036656@group-1736B5CECF62: set configuration 0: [f8529145-e696-4a90-8b47-2b96a6036656:192.168.164.218:38812, 91c7735c-f887-4c28-a289-17cc148dd39e:192.168.164.218:34616, 0151c55e-3a7e-46cc-adf1-6da81881f204:192.168.164.218:46456], old=null at 0
2019-10-15 00:58:26,844 [grpc-default-executor-5] INFO  segmented.SegmentedRaftLogWorker (SegmentedRaftLogWorker.java:startLogSegment(385)) - 0151c55e-3a7e-46cc-adf1-6da81881f204@group-1736B5CECF62-SegmentedRaftLogWorker: Starting segment from index:0
2019-10-15 00:58:26,844 [grpc-default-executor-2] INFO  segmented.SegmentedRaftLogWorker (SegmentedRaftLogWorker.java:startLogSegment(385)) - f8529145-e696-4a90-8b47-2b96a6036656@group-1736B5CECF62-SegmentedRaftLogWorker: Starting segment from index:0
2019-10-15 00:58:26,858 [91c7735c-f887-4c28-a289-17cc148dd39e@group-1736B5CECF62-SegmentedRaftLogWorker] INFO  segmented.SegmentedRaftLogWorker (SegmentedRaftLogWorker.java:execute(576)) - 91c7735c-f887-4c28-a289-17cc148dd39e@group-1736B5CECF62-SegmentedRaftLogWorker: created new log segment /workdir/hadoop-ozone/integration-test/target/test-dir/MiniOzoneClusterImpl-5d82b4cd-4e47-4b06-a8d5-8585c925b255/datanode-6/data/ratis/efa194f0-81e1-4f69-9890-1736b5cecf62/current/log_inprogress_0
2019-10-15 00:58:26,900 [0151c55e-3a7e-46cc-adf1-6da81881f204@group-1736B5CECF62-SegmentedRaftLogWorker] INFO  segmented.SegmentedRaftLogWorker (SegmentedRaftLogWorker.java:execute(576)) - 0151c55e-3a7e-46cc-adf1-6da81881f204@group-1736B5CECF62-SegmentedRaftLogWorker: created new log segment /workdir/hadoop-ozone/integration-test/target/test-dir/MiniOzoneClusterImpl-5d82b4cd-4e47-4b06-a8d5-8585c925b255/datanode-0/data/ratis/efa194f0-81e1-4f69-9890-1736b5cecf62/current/log_inprogress_0
2019-10-15 00:58:26,900 [f8529145-e696-4a90-8b47-2b96a6036656@group-1736B5CECF62-SegmentedRaftLogWorker] INFO  segmented.SegmentedRaftLogWorker (SegmentedRaftLogWorker.java:execute(576)) - f8529145-e696-4a90-8b47-2b96a6036656@group-1736B5CECF62-SegmentedRaftLogWorker: created new log segment /workdir/hadoop-ozone/integration-test/target/test-dir/MiniOzoneClusterImpl-5d82b4cd-4e47-4b06-a8d5-8585c925b255/datanode-1/data/ratis/efa194f0-81e1-4f69-9890-1736b5cecf62/current/log_inprogress_0
2019-10-15 00:58:27,521 [main] INFO  ozone.MiniOzoneClusterImpl (MiniOzoneClusterImpl.java:lambda$waitForClusterToBeReady$2(172)) - Cluster is ready. Got 7 of 7 DN Heartbeats.
2019-10-15 00:58:27,568 [main] INFO  rpc.RpcClient (RpcClient.java:createVolume(272)) - Creating Volume: watchforcommithandlingtest, with jenkins1000 as owner.
2019-10-15 00:58:27,572 [IPC Server handler 4 on 43111] INFO  volume.OMVolumeCreateRequest (OMVolumeCreateRequest.java:validateAndUpdateCache(193)) - created volume:watchforcommithandlingtest for user:jenkins1000
2019-10-15 00:58:27,590 [main] INFO  rpc.RpcClient (RpcClient.java:createBucket(411)) - Creating Bucket: watchforcommithandlingtest/watchforcommithandlingtest, with Versioning false and Storage Type set to DISK and Encryption set to false 
2019-10-15 00:58:27,596 [main] INFO  ozone.MiniOzoneClusterImpl (MiniOzoneClusterImpl.java:getStorageContainerLocationClient(260)) - Creating StorageContainerLocationProtocol RPC client with address /0.0.0.0:35645
2019-10-15 00:58:28,830 [Datanode State Machine Thread - 0] INFO  statemachine.DatanodeStateMachine (DatanodeStateMachine.java:lambda$startDaemon$0(350)) - Ozone container server started.
2019-10-15 00:58:32,837 [main] INFO  ozoneimpl.OzoneContainer (OzoneContainer.java:stop(227)) - Attempting to stop container services.
2019-10-15 00:58:32,838 [main] INFO  impl.RaftServerProxy (RaftServerProxy.java:lambda$close$4(314)) - 5370a49f-0488-4254-b182-627088936824: close
2019-10-15 00:58:32,839 [main] INFO  impl.RaftServerImpl (RaftServerImpl.java:lambda$shutdown$3(247)) - 5370a49f-0488-4254-b182-627088936824@group-F69765C8B39D: shutdown
2019-10-15 00:58:32,840 [main] INFO  util.JmxRegister (JmxRegister.java:unregister(73)) - Successfully un-registered JMX Bean with object name Ratis:service=RaftServer,group=group-F69765C8B39D,id=5370a49f-0488-4254-b182-627088936824
2019-10-15 00:58:32,840 [main] INFO  impl.RoleInfo (RoleInfo.java:shutdownLeaderState(104)) - 5370a49f-0488-4254-b182-627088936824: shutdown LeaderState
2019-10-15 00:58:32,841 [main] INFO  impl.PendingRequests (PendingRequests.java:sendNotLeaderResponses(202)) - 5370a49f-0488-4254-b182-627088936824@group-F69765C8B39D-PendingRequests: sendNotLeaderResponses
2019-10-15 00:58:32,841 [main] INFO  impl.StateMachineUpdater (StateMachineUpdater.java:stopAndJoin(136)) - 5370a49f-0488-4254-b182-627088936824@group-F69765C8B39D-StateMachineUpdater: set stopIndex = 0
2019-10-15 00:58:32,842 [main] INFO  impl.RaftServerImpl (ServerState.java:close(387)) - 5370a49f-0488-4254-b182-627088936824@group-F69765C8B39D: closes. applyIndex: 0
2019-10-15 00:58:32,842 [5370a49f-0488-4254-b182-627088936824@group-F69765C8B39D-SegmentedRaftLogWorker] INFO  segmented.SegmentedRaftLogWorker (SegmentedRaftLogWorker.java:run(316)) - 5370a49f-0488-4254-b182-627088936824@group-F69765C8B39D-SegmentedRaftLogWorker was interrupted, exiting. There are 0 tasks remaining in the queue.
2019-10-15 00:58:32,847 [main] INFO  segmented.SegmentedRaftLogWorker (SegmentedRaftLogWorker.java:close(224)) - 5370a49f-0488-4254-b182-627088936824@group-F69765C8B39D-SegmentedRaftLogWorker close()
2019-10-15 00:58:32,852 [main] INFO  impl.RaftServerImpl (RaftServerImpl.java:lambda$shutdown$3(247)) - 5370a49f-0488-4254-b182-627088936824@group-ABEB7CAEB823: shutdown
2019-10-15 00:58:32,852 [main] INFO  util.JmxRegister (JmxRegister.java:unregister(73)) - Successfully un-registered JMX Bean with object name Ratis:service=RaftServer,group=group-ABEB7CAEB823,id=5370a49f-0488-4254-b182-627088936824
2019-10-15 00:58:32,853 [main] INFO  impl.RoleInfo (RoleInfo.java:shutdownFollowerState(121)) - 5370a49f-0488-4254-b182-627088936824: shutdown FollowerState
2019-10-15 00:58:32,853 [main] INFO  impl.StateMachineUpdater (StateMachineUpdater.java:stopAndJoin(136)) - 5370a49f-0488-4254-b182-627088936824@group-ABEB7CAEB823-StateMachineUpdater: set stopIndex = 2
2019-10-15 00:58:32,853 [Thread-2536] INFO  impl.FollowerState (FollowerState.java:run(117)) - 5370a49f-0488-4254-b182-627088936824@group-ABEB7CAEB823-FollowerState was interrupted: java.lang.InterruptedException: sleep interrupted
2019-10-15 00:58:32,853 [5370a49f-0488-4254-b182-627088936824@group-ABEB7CAEB823-StateMachineUpdater] INFO  ratis.ContainerStateMachine (ContainerStateMachine.java:takeSnapshot(296)) - group-ABEB7CAEB823: Taking a snapshot at:(t:1, i:1) file /workdir/hadoop-ozone/integration-test/target/test-dir/MiniOzoneClusterImpl-5d82b4cd-4e47-4b06-a8d5-8585c925b255/datanode-3/data/ratis/e7484d6e-8a61-4d0a-831c-abeb7caeb823/sm/snapshot.1_1
2019-10-15 00:58:32,877 [5370a49f-0488-4254-b182-627088936824@group-ABEB7CAEB823-StateMachineUpdater] INFO  ratis.ContainerStateMachine (ContainerStateMachine.java:takeSnapshot(307)) - group-ABEB7CAEB823: Finished taking a snapshot at:(t:1, i:1) file:/workdir/hadoop-ozone/integration-test/target/test-dir/MiniOzoneClusterImpl-5d82b4cd-4e47-4b06-a8d5-8585c925b255/datanode-3/data/ratis/e7484d6e-8a61-4d0a-831c-abeb7caeb823/sm/snapshot.1_1 time:24
2019-10-15 00:58:32,879 [5370a49f-0488-4254-b182-627088936824@group-ABEB7CAEB823-StateMachineUpdater] INFO  impl.StateMachineUpdater (StateMachineUpdater.java:takeSnapshot(269)) - 5370a49f-0488-4254-b182-627088936824@group-ABEB7CAEB823-StateMachineUpdater: Took a snapshot at index 1
2019-10-15 00:58:32,879 [5370a49f-0488-4254-b182-627088936824@group-ABEB7CAEB823-StateMachineUpdater] INFO  impl.StateMachineUpdater (StateMachineUpdater.java:lambda$new$0(84)) - 5370a49f-0488-4254-b182-627088936824@group-ABEB7CAEB823-StateMachineUpdater: snapshotIndex: updateIncreasingly -1 -> 1
2019-10-15 00:58:32,879 [5370a49f-0488-4254-b182-627088936824@group-ABEB7CAEB823-StateMachineUpdater] INFO  ratis.ContainerStateMachine (ContainerStateMachine.java:takeSnapshot(296)) - group-ABEB7CAEB823: Taking a snapshot at:(t:1, i:1) file /workdir/hadoop-ozone/integration-test/target/test-dir/MiniOzoneClusterImpl-5d82b4cd-4e47-4b06-a8d5-8585c925b255/datanode-3/data/ratis/e7484d6e-8a61-4d0a-831c-abeb7caeb823/sm/snapshot.1_1
2019-10-15 00:58:32,902 [5370a49f-0488-4254-b182-627088936824@group-ABEB7CAEB823-StateMachineUpdater] INFO  ratis.ContainerStateMachine (ContainerStateMachine.java:takeSnapshot(307)) - group-ABEB7CAEB823: Finished taking a snapshot at:(t:1, i:1) file:/workdir/hadoop-ozone/integration-test/target/test-dir/MiniOzoneClusterImpl-5d82b4cd-4e47-4b06-a8d5-8585c925b255/datanode-3/data/ratis/e7484d6e-8a61-4d0a-831c-abeb7caeb823/sm/snapshot.1_1 time:23
2019-10-15 00:58:32,902 [5370a49f-0488-4254-b182-627088936824@group-ABEB7CAEB823-StateMachineUpdater] INFO  impl.StateMachineUpdater (StateMachineUpdater.java:takeSnapshot(269)) - 5370a49f-0488-4254-b182-627088936824@group-ABEB7CAEB823-StateMachineUpdater: Took a snapshot at index 1
2019-10-15 00:58:32,903 [5370a49f-0488-4254-b182-627088936824@group-ABEB7CAEB823-StateMachineUpdater] INFO  impl.StateMachineUpdater (StateMachineUpdater.java:lambda$new$0(84)) - 5370a49f-0488-4254-b182-627088936824@group-ABEB7CAEB823-StateMachineUpdater: snapshotIndex: updateIncreasingly 1 -> 1
2019-10-15 00:58:32,903 [main] INFO  impl.RaftServerImpl (ServerState.java:close(387)) - 5370a49f-0488-4254-b182-627088936824@group-ABEB7CAEB823: closes. applyIndex: 2
2019-10-15 00:58:32,903 [5370a49f-0488-4254-b182-627088936824@group-ABEB7CAEB823-SegmentedRaftLogWorker] INFO  segmented.SegmentedRaftLogWorker (SegmentedRaftLogWorker.java:run(316)) - 5370a49f-0488-4254-b182-627088936824@group-ABEB7CAEB823-SegmentedRaftLogWorker was interrupted, exiting. There are 0 tasks remaining in the queue.
2019-10-15 00:58:32,907 [main] INFO  segmented.SegmentedRaftLogWorker (SegmentedRaftLogWorker.java:close(224)) - 5370a49f-0488-4254-b182-627088936824@group-ABEB7CAEB823-SegmentedRaftLogWorker close()
2019-10-15 00:58:32,913 [main] INFO  server.GrpcService (GrpcService.java:closeImpl(164)) - 5370a49f-0488-4254-b182-627088936824: shutdown server with port 34405 now
2019-10-15 00:58:32,914 [grpc-default-executor-2] WARN  server.GrpcServerProtocolService (LogUtils.java:warn(134)) - 5370a49f-0488-4254-b182-627088936824: installSnapshot onError, lastRequest: 3f7df7da-b219-487f-8006-3cfb850b729b->5370a49f-0488-4254-b182-627088936824#5-t1, previous=(t:1, i:2), leaderCommit=2, initializing? false, entries: <empty>: org.apache.ratis.thirdparty.io.grpc.StatusRuntimeException: CANCELLED: cancelled before receiving half close
2019-10-15 00:58:32,915 [main] INFO  server.GrpcService (GrpcService.java:closeImpl(172)) - 5370a49f-0488-4254-b182-627088936824: shutdown server with port 34405 successfully
2019-10-15 00:58:32,914 [grpc-default-executor-5] WARN  server.GrpcLogAppender (LogUtils.java:warn(134)) - 3f7df7da-b219-487f-8006-3cfb850b729b@group-ABEB7CAEB823->5370a49f-0488-4254-b182-627088936824-AppendLogResponseHandler: Failed appendEntries: org.apache.ratis.thirdparty.io.grpc.StatusRuntimeException: CANCELLED: HTTP/2 error code: CANCEL
Received Rst Stream
2019-10-15 00:58:32,916 [grpc-default-executor-5] INFO  impl.FollowerInfo (FollowerInfo.java:lambda$new$0(51)) - 3f7df7da-b219-487f-8006-3cfb850b729b@group-ABEB7CAEB823->5370a49f-0488-4254-b182-627088936824: nextIndex: updateUnconditionally 3 -> 2
2019-10-15 00:58:32,918 [refreshUsed-/workdir/hadoop-ozone/integration-test/target/test-dir/MiniOzoneClusterImpl-5d82b4cd-4e47-4b06-a8d5-8585c925b255/datanode-3/data/containers] WARN  fs.CachingGetSpaceUsed (CachingGetSpaceUsed.java:run(183)) - Thread Interrupted waiting to refresh disk information: sleep interrupted
2019-10-15 00:58:32,938 [main] INFO  utils.BackgroundService (BackgroundService.java:shutdown(151)) - Shutting down service BlockDeletingService
2019-10-15 00:58:32,947 [main] INFO  statemachine.DatanodeStateMachine (DatanodeStateMachine.java:stopDaemon(395)) - Ozone container server stopped.
2019-10-15 00:58:32,949 [main] INFO  handler.ContextHandler (ContextHandler.java:doStop(910)) - Stopped o.e.j.w.WebAppContext@2b999ee8{/,null,UNAVAILABLE}{/hddsDatanode}
2019-10-15 00:58:32,950 [main] INFO  server.AbstractConnector (AbstractConnector.java:doStop(318)) - Stopped ServerConnector@31ab1e67{HTTP/1.1,[http/1.1]}{0.0.0.0:0}
2019-10-15 00:58:32,950 [main] INFO  handler.ContextHandler (ContextHandler.java:doStop(910)) - Stopped o.e.j.s.ServletContextHandler@19b5214b{/static,jar:file:/home/user/.m2/repository/org/apache/hadoop/hadoop-hdds-container-service/0.5.0-SNAPSHOT/hadoop-hdds-container-service-0.5.0-SNAPSHOT.jar!/webapps/static,UNAVAILABLE}
2019-10-15 00:58:32,950 [main] INFO  handler.ContextHandler (ContextHandler.java:doStop(910)) - Stopped o.e.j.s.ServletContextHandler@51888019{/logs,file:///workdir/hadoop-ozone/integration-test/target/log,UNAVAILABLE}
2019-10-15 00:58:32,965 [grpc-default-executor-2] WARN  server.GrpcLogAppender (LogUtils.java:warn(134)) - 3f7df7da-b219-487f-8006-3cfb850b729b@group-ABEB7CAEB823->5370a49f-0488-4254-b182-627088936824-AppendLogResponseHandler: Failed appendEntries: org.apache.ratis.thirdparty.io.grpc.StatusRuntimeException: UNAVAILABLE: io exception
2019-10-15 00:58:32,966 [grpc-default-executor-2] INFO  impl.FollowerInfo (FollowerInfo.java:lambda$new$0(51)) - 3f7df7da-b219-487f-8006-3cfb850b729b@group-ABEB7CAEB823->5370a49f-0488-4254-b182-627088936824: nextIndex: updateUnconditionally 3 -> 2
2019-10-15 00:58:32,979 [grpc-default-executor-6] WARN  server.GrpcLogAppender (LogUtils.java:warn(134)) - 3f7df7da-b219-487f-8006-3cfb850b729b@group-ABEB7CAEB823->5370a49f-0488-4254-b182-627088936824-AppendLogResponseHandler: Failed appendEntries: org.apache.ratis.thirdparty.io.grpc.StatusRuntimeException: UNAVAILABLE: io exception
2019-10-15 00:58:32,980 [grpc-default-executor-6] INFO  impl.FollowerInfo (FollowerInfo.java:lambda$new$0(51)) - 3f7df7da-b219-487f-8006-3cfb850b729b@group-ABEB7CAEB823->5370a49f-0488-4254-b182-627088936824: nextIndex: updateUnconditionally 3 -> 2
2019-10-15 00:58:32,995 [grpc-default-executor-2] WARN  server.GrpcLogAppender (LogUtils.java:warn(134)) - 3f7df7da-b219-487f-8006-3cfb850b729b@group-ABEB7CAEB823->5370a49f-0488-4254-b182-627088936824-AppendLogResponseHandler: Failed appendEntries: org.apache.ratis.thirdparty.io.grpc.StatusRuntimeException: UNAVAILABLE: io exception
2019-10-15 00:58:32,996 [grpc-default-executor-2] INFO  impl.FollowerInfo (FollowerInfo.java:lambda$new$0(51)) - 3f7df7da-b219-487f-8006-3cfb850b729b@group-ABEB7CAEB823->5370a49f-0488-4254-b182-627088936824: nextIndex: updateUnconditionally 3 -> 2
2019-10-15 00:58:33,003 [EventQueue-IncrementalContainerReportForIncrementalContainerReportHandler] WARN  container.IncrementalContainerReportHandler (AbstractContainerReportHandler.java:updateContainerState(145)) - Container #1 is in OPEN state, but the datanode 3f7df7da-b219-487f-8006-3cfb850b729b{ip: 192.168.164.218, host: pr-hdds-1868-7bj8h-208101609, networkLocation: /default-rack, certSerialId: null} reports an CLOSING replica.
2019-10-15 00:58:33,026 [EventQueue-IncrementalContainerReportForIncrementalContainerReportHandler] WARN  container.IncrementalContainerReportHandler (AbstractContainerReportHandler.java:updateContainerState(145)) - Container #1 is in OPEN state, but the datanode 6f2fd86e-288d-46f4-8189-7559bb792ffd{ip: 192.168.164.218, host: pr-hdds-1868-7bj8h-208101609, networkLocation: /default-rack, certSerialId: null} reports an CLOSING replica.
2019-10-15 00:58:33,117 [RatisApplyTransactionExecutor 1] INFO  interfaces.Container (KeyValueContainer.java:flushAndSyncDB(386)) - Container 1 is synced with bcsId 0.
2019-10-15 00:58:33,203 [RatisApplyTransactionExecutor 1] INFO  interfaces.Container (KeyValueContainer.java:flushAndSyncDB(386)) - Container 1 is synced with bcsId 0.
2019-10-15 00:58:33,218 [RatisApplyTransactionExecutor 1] INFO  interfaces.Container (KeyValueContainer.java:flushAndSyncDB(386)) - Container 1 is synced with bcsId 0.
2019-10-15 00:58:33,218 [RatisApplyTransactionExecutor 1] INFO  interfaces.Container (KeyValueContainer.java:flushAndSyncDB(386)) - Container 1 is synced with bcsId 0.
2019-10-15 00:58:33,235 [RatisApplyTransactionExecutor 1] INFO  interfaces.Container (KeyValueContainer.java:close(335)) - Container 1 is closed with bcsId 0.
2019-10-15 00:58:33,235 [RatisApplyTransactionExecutor 1] INFO  interfaces.Container (KeyValueContainer.java:close(335)) - Container 1 is closed with bcsId 0.
2019-10-15 00:58:33,241 [EventQueue-IncrementalContainerReportForIncrementalContainerReportHandler] WARN  container.IncrementalContainerReportHandler (AbstractContainerReportHandler.java:updateContainerState(145)) - Container #1 is in OPEN state, but the datanode 3f7df7da-b219-487f-8006-3cfb850b729b{ip: 192.168.164.218, host: pr-hdds-1868-7bj8h-208101609, networkLocation: /default-rack, certSerialId: null} reports an CLOSED replica.
2019-10-15 00:58:33,242 [EventQueue-IncrementalContainerReportForIncrementalContainerReportHandler] WARN  container.IncrementalContainerReportHandler (AbstractContainerReportHandler.java:updateContainerState(145)) - Container #1 is in OPEN state, but the datanode 6f2fd86e-288d-46f4-8189-7559bb792ffd{ip: 192.168.164.218, host: pr-hdds-1868-7bj8h-208101609, networkLocation: /default-rack, certSerialId: null} reports an CLOSED replica.
2019-10-15 00:58:35,501 [grpc-default-executor-5] WARN  server.GrpcLogAppender (LogUtils.java:warn(134)) - 3f7df7da-b219-487f-8006-3cfb850b729b@group-ABEB7CAEB823->5370a49f-0488-4254-b182-627088936824-AppendLogResponseHandler: Failed appendEntries: org.apache.ratis.thirdparty.io.grpc.StatusRuntimeException: UNAVAILABLE: io exception
2019-10-15 00:58:35,503 [grpc-default-executor-5] INFO  impl.FollowerInfo (FollowerInfo.java:lambda$new$0(51)) - 3f7df7da-b219-487f-8006-3cfb850b729b@group-ABEB7CAEB823->5370a49f-0488-4254-b182-627088936824: nextIndex: updateUnconditionally 2 -> 1
2019-10-15 00:58:36,244 [main] WARN  scm.XceiverClientRatis (XceiverClientRatis.java:watchForCommit(277)) - 3 way commit failed on pipeline Pipeline[ Id: e7484d6e-8a61-4d0a-831c-abeb7caeb823, Nodes: 5370a49f-0488-4254-b182-627088936824{ip: 192.168.164.218, host: pr-hdds-1868-7bj8h-208101609, networkLocation: /default-rack, certSerialId: null}3f7df7da-b219-487f-8006-3cfb850b729b{ip: 192.168.164.218, host: pr-hdds-1868-7bj8h-208101609, networkLocation: /default-rack, certSerialId: null}6f2fd86e-288d-46f4-8189-7559bb792ffd{ip: 192.168.164.218, host: pr-hdds-1868-7bj8h-208101609, networkLocation: /default-rack, certSerialId: null}, Type:RATIS, Factor:THREE, State:OPEN]
java.util.concurrent.TimeoutException
	at java.util.concurrent.CompletableFuture.timedGet(CompletableFuture.java:1771)
	at java.util.concurrent.CompletableFuture.get(CompletableFuture.java:1915)
	at org.apache.hadoop.hdds.scm.XceiverClientRatis.watchForCommit(XceiverClientRatis.java:274)
	at org.apache.hadoop.ozone.client.rpc.TestWatchForCommit.test2WayCommitForTimeoutException(TestWatchForCommit.java:391)
	at sun.reflect.NativeMethodAccessorImpl.invoke0(Native Method)
	at sun.reflect.NativeMethodAccessorImpl.invoke(NativeMethodAccessorImpl.java:62)
	at sun.reflect.DelegatingMethodAccessorImpl.invoke(DelegatingMethodAccessorImpl.java:43)
	at java.lang.reflect.Method.invoke(Method.java:498)
	at org.junit.runners.model.FrameworkMethod$1.runReflectiveCall(FrameworkMethod.java:47)
	at org.junit.internal.runners.model.ReflectiveCallable.run(ReflectiveCallable.java:12)
	at org.junit.runners.model.FrameworkMethod.invokeExplosively(FrameworkMethod.java:44)
	at org.junit.internal.runners.statements.InvokeMethod.evaluate(InvokeMethod.java:17)
	at org.junit.runners.ParentRunner.runLeaf(ParentRunner.java:271)
	at org.junit.runners.BlockJUnit4ClassRunner.runChild(BlockJUnit4ClassRunner.java:70)
	at org.junit.runners.BlockJUnit4ClassRunner.runChild(BlockJUnit4ClassRunner.java:50)
	at org.junit.runners.ParentRunner$3.run(ParentRunner.java:238)
	at org.junit.runners.ParentRunner$1.schedule(ParentRunner.java:63)
	at org.junit.runners.ParentRunner.runChildren(ParentRunner.java:236)
	at org.junit.runners.ParentRunner.access$000(ParentRunner.java:53)
	at org.junit.runners.ParentRunner$2.evaluate(ParentRunner.java:229)
	at org.junit.runners.ParentRunner.run(ParentRunner.java:309)
	at org.apache.maven.surefire.junit4.JUnit4Provider.execute(JUnit4Provider.java:365)
	at org.apache.maven.surefire.junit4.JUnit4Provider.executeWithRerun(JUnit4Provider.java:273)
	at org.apache.maven.surefire.junit4.JUnit4Provider.executeTestSet(JUnit4Provider.java:238)
	at org.apache.maven.surefire.junit4.JUnit4Provider.invoke(JUnit4Provider.java:159)
	at org.apache.maven.surefire.booter.ForkedBooter.invokeProviderInSameClassLoader(ForkedBooter.java:384)
	at org.apache.maven.surefire.booter.ForkedBooter.runSuitesInProcess(ForkedBooter.java:345)
	at org.apache.maven.surefire.booter.ForkedBooter.execute(ForkedBooter.java:126)
	at org.apache.maven.surefire.booter.ForkedBooter.main(ForkedBooter.java:418)
2019-10-15 00:58:36,255 [Thread-2603] INFO  client.GrpcClientProtocolService (GrpcClientProtocolService.java:lambda$processClientRequest$0(278)) - Failed RaftClientRequest:client-DE5D1758D327->6f2fd86e-288d-46f4-8189-7559bb792ffd@group-ABEB7CAEB823, cid=210, seq=0, Watch-MAJORITY_COMMITTED(3), Message:<EMPTY>, reply=RaftClientReply:client-DE5D1758D327->6f2fd86e-288d-46f4-8189-7559bb792ffd@group-ABEB7CAEB823, cid=210, FAILED org.apache.ratis.protocol.NotLeaderException: Server 6f2fd86e-288d-46f4-8189-7559bb792ffd@group-ABEB7CAEB823 is not the leader 3f7df7da-b219-487f-8006-3cfb850b729b:192.168.164.218:34625, logIndex=0, commits[6f2fd86e-288d-46f4-8189-7559bb792ffd:c4, 5370a49f-0488-4254-b182-627088936824:c2, 3f7df7da-b219-487f-8006-3cfb850b729b:c4]
2019-10-15 00:58:38,005 [grpc-default-executor-5] WARN  server.GrpcLogAppender (LogUtils.java:warn(134)) - 3f7df7da-b219-487f-8006-3cfb850b729b@group-ABEB7CAEB823->5370a49f-0488-4254-b182-627088936824-AppendLogResponseHandler: Failed appendEntries: org.apache.ratis.thirdparty.io.grpc.StatusRuntimeException: UNAVAILABLE: io exception
2019-10-15 00:58:38,007 [grpc-default-executor-5] INFO  impl.FollowerInfo (FollowerInfo.java:lambda$new$0(51)) - 3f7df7da-b219-487f-8006-3cfb850b729b@group-ABEB7CAEB823->5370a49f-0488-4254-b182-627088936824: nextIndex: updateUnconditionally 1 -> 0
]]></system-out>
    <system-err><![CDATA[Oct 15, 2019 12:58:32 AM org.apache.ratis.thirdparty.io.grpc.internal.SerializingExecutor run
SEVERE: Exception while executing runnable org.apache.ratis.thirdparty.io.grpc.internal.ServerImpl$JumpToApplicationThreadServerStreamListener$1Closed@196281ad
org.apache.ratis.thirdparty.io.grpc.StatusRuntimeException: CANCELLED: call already cancelled
	at org.apache.ratis.thirdparty.io.grpc.Status.asRuntimeException(Status.java:517)
	at org.apache.ratis.thirdparty.io.grpc.stub.ServerCalls$ServerCallStreamObserverImpl.onCompleted(ServerCalls.java:356)
	at org.apache.ratis.grpc.server.GrpcServerProtocolService$ServerRequestStreamObserver.onError(GrpcServerProtocolService.java:121)
	at org.apache.ratis.thirdparty.io.grpc.stub.ServerCalls$StreamingServerCallHandler$StreamingServerCallListener.onCancel(ServerCalls.java:269)
	at org.apache.ratis.thirdparty.io.grpc.internal.ServerCallImpl$ServerStreamListenerImpl.closed(ServerCallImpl.java:293)
	at org.apache.ratis.thirdparty.io.grpc.internal.ServerImpl$JumpToApplicationThreadServerStreamListener$1Closed.runInContext(ServerImpl.java:741)
	at org.apache.ratis.thirdparty.io.grpc.internal.ContextRunnable.run(ContextRunnable.java:37)
	at org.apache.ratis.thirdparty.io.grpc.internal.SerializingExecutor.run(SerializingExecutor.java:123)
	at java.util.concurrent.ThreadPoolExecutor.runWorker(ThreadPoolExecutor.java:1149)
	at java.util.concurrent.ThreadPoolExecutor$Worker.run(ThreadPoolExecutor.java:624)
	at java.lang.Thread.run(Thread.java:748)

]]></system-err>
  </testcase>
</testsuite>