<?xml version="1.0" encoding="UTF-8"?>
<testsuite xmlns:xsi="http://www.w3.org/2001/XMLSchema-instance" xsi:noNamespaceSchemaLocation="https://maven.apache.org/surefire/maven-surefire-plugin/xsd/surefire-test-report.xsd" name="org.apache.hadoop.ozone.scm.pipeline.TestSCMPipelineMetrics" time="81.103" tests="3" errors="0" skipped="0" failures="1">
  <properties>
    <property name="awt.toolkit" value="sun.awt.X11.XToolkit"/>
    <property name="file.encoding.pkg" value="sun.io"/>
    <property name="java.specification.version" value="1.8"/>
    <property name="sun.cpu.isalist" value=""/>
    <property name="sun.jnu.encoding" value="UTF-8"/>
    <property name="java.class.path" value="/workdir/hadoop-ozone/integration-test/target/test-classes:/workdir/hadoop-ozone/integration-test/target/classes:/home/user/.m2/repository/org/apache/hadoop/hadoop-ozone-common/0.5.0-SNAPSHOT/hadoop-ozone-common-0.5.0-SNAPSHOT.jar:/home/user/.m2/repository/org/apache/commons/commons-compress/1.4.1/commons-compress-1.4.1.jar:/home/user/.m2/repository/org/tukaani/xz/1.0/xz-1.0.jar:/home/user/.m2/repository/org/apache/hadoop/hadoop-common/3.2.0/hadoop-common-3.2.0.jar:/home/user/.m2/repository/org/apache/hadoop/hadoop-hdfs/3.2.0/hadoop-hdfs-3.2.0.jar:/home/user/.m2/repository/org/apache/hadoop/hadoop-hdfs-client/3.2.0/hadoop-hdfs-client-3.2.0.jar:/home/user/.m2/repository/com/fasterxml/jackson/core/jackson-annotations/2.9.9/jackson-annotations-2.9.9.jar:/home/user/.m2/repository/org/apache/hadoop/hadoop-hdds-common/0.5.0-SNAPSHOT/hadoop-hdds-common-0.5.0-SNAPSHOT.jar:/home/user/.m2/repository/javax/annotation/javax.annotation-api/1.2/javax.annotation-api-1.2.jar:/home/user/.m2/repository/org/apache/ratis/ratis-server/0.5.0-63cd2fb-SNAPSHOT/ratis-server-0.5.0-63cd2fb-SNAPSHOT.jar:/home/user/.m2/repository/org/apache/ratis/ratis-thirdparty-misc/0.2.0/ratis-thirdparty-misc-0.2.0.jar:/home/user/.m2/repository/org/apache/ratis/ratis-proto/0.5.0-63cd2fb-SNAPSHOT/ratis-proto-0.5.0-63cd2fb-SNAPSHOT.jar:/home/user/.m2/repository/org/apache/ratis/ratis-common/0.5.0-63cd2fb-SNAPSHOT/ratis-common-0.5.0-63cd2fb-SNAPSHOT.jar:/home/user/.m2/repository/org/apache/ratis/ratis-client/0.5.0-63cd2fb-SNAPSHOT/ratis-client-0.5.0-63cd2fb-SNAPSHOT.jar:/home/user/.m2/repository/org/apache/ratis/ratis-metrics/0.5.0-63cd2fb-SNAPSHOT/ratis-metrics-0.5.0-63cd2fb-SNAPSHOT.jar:/home/user/.m2/repository/com/github/joshelser/dropwizard-metrics-hadoop-metrics2-reporter/0.1.2/dropwizard-metrics-hadoop-metrics2-reporter-0.1.2.jar:/home/user/.m2/repository/io/dropwizard/metrics/metrics-jvm/3.2.5/metrics-jvm-3.2.5.jar:/home/user/.m2/repository/io/dropwizard/metrics/metrics-ganglia/3.2.5/metrics-ganglia-3.2.5.jar:/home/user/.m2/repository/info/ganglia/gmetric4j/gmetric4j/1.0.7/gmetric4j-1.0.7.jar:/home/user/.m2/repository/org/apache/ratis/ratis-netty/0.5.0-63cd2fb-SNAPSHOT/ratis-netty-0.5.0-63cd2fb-SNAPSHOT.jar:/home/user/.m2/repository/org/apache/ratis/ratis-grpc/0.5.0-63cd2fb-SNAPSHOT/ratis-grpc-0.5.0-63cd2fb-SNAPSHOT.jar:/home/user/.m2/repository/org/rocksdb/rocksdbjni/6.0.1/rocksdbjni-6.0.1.jar:/home/user/.m2/repository/org/apache/logging/log4j/log4j-api/2.11.0/log4j-api-2.11.0.jar:/home/user/.m2/repository/org/apache/logging/log4j/log4j-core/2.11.0/log4j-core-2.11.0.jar:/home/user/.m2/repository/com/lmax/disruptor/3.4.2/disruptor-3.4.2.jar:/home/user/.m2/repository/org/apache/commons/commons-pool2/2.6.0/commons-pool2-2.6.0.jar:/home/user/.m2/repository/org/bouncycastle/bcpkix-jdk15on/1.60/bcpkix-jdk15on-1.60.jar:/home/user/.m2/repository/commons-validator/commons-validator/1.6/commons-validator-1.6.jar:/home/user/.m2/repository/commons-digester/commons-digester/1.8.1/commons-digester-1.8.1.jar:/home/user/.m2/repository/io/jaegertracing/jaeger-client/0.34.0/jaeger-client-0.34.0.jar:/home/user/.m2/repository/io/jaegertracing/jaeger-thrift/0.34.0/jaeger-thrift-0.34.0.jar:/home/user/.m2/repository/org/apache/thrift/libthrift/0.12.0/libthrift-0.12.0.jar:/home/user/.m2/repository/com/squareup/okhttp3/okhttp/3.9.0/okhttp-3.9.0.jar:/home/user/.m2/repository/com/squareup/okio/okio/1.13.0/okio-1.13.0.jar:/home/user/.m2/repository/io/jaegertracing/jaeger-core/0.34.0/jaeger-core-0.34.0.jar:/home/user/.m2/repository/io/jaegertracing/jaeger-tracerresolver/0.34.0/jaeger-tracerresolver-0.34.0.jar:/home/user/.m2/repository/io/opentracing/contrib/opentracing-tracerresolver/0.1.5/opentracing-tracerresolver-0.1.5.jar:/home/user/.m2/repository/io/opentracing/opentracing-util/0.31.0/opentracing-util-0.31.0.jar:/home/user/.m2/repository/io/opentracing/opentracing-api/0.31.0/opentracing-api-0.31.0.jar:/home/user/.m2/repository/io/opentracing/opentracing-noop/0.31.0/opentracing-noop-0.31.0.jar:/home/user/.m2/repository/org/apache/hadoop/hadoop-hdds-server-framework/0.5.0-SNAPSHOT/hadoop-hdds-server-framework-0.5.0-SNAPSHOT.jar:/home/user/.m2/repository/org/apache/hadoop/hadoop-hdds-container-service/0.5.0-SNAPSHOT/hadoop-hdds-container-service-0.5.0-SNAPSHOT.jar:/home/user/.m2/repository/org/apache/hadoop/hadoop-hdds-client/0.5.0-SNAPSHOT/hadoop-hdds-client-0.5.0-SNAPSHOT.jar:/home/user/.m2/repository/org/apache/hadoop/hadoop-hdds-tools/0.5.0-SNAPSHOT/hadoop-hdds-tools-0.5.0-SNAPSHOT.jar:/home/user/.m2/repository/org/apache/hadoop/hadoop-hdds-server-scm/0.5.0-SNAPSHOT/hadoop-hdds-server-scm-0.5.0-SNAPSHOT.jar:/home/user/.m2/repository/org/apache/hadoop/hadoop-hdds-docs/0.5.0-SNAPSHOT/hadoop-hdds-docs-0.5.0-SNAPSHOT.jar:/home/user/.m2/repository/io/dropwizard/metrics/metrics-core/3.2.4/metrics-core-3.2.4.jar:/home/user/.m2/repository/org/hamcrest/hamcrest-all/1.3/hamcrest-all-1.3.jar:/home/user/.m2/repository/org/bouncycastle/bcprov-jdk15on/1.60/bcprov-jdk15on-1.60.jar:/home/user/.m2/repository/info/picocli/picocli/3.9.6/picocli-3.9.6.jar:/home/user/.m2/repository/com/google/protobuf/protobuf-java/2.5.0/protobuf-java-2.5.0.jar:/home/user/.m2/repository/com/google/guava/guava/11.0.2/guava-11.0.2.jar:/home/user/.m2/repository/org/apache/hadoop/hadoop-ozone-ozone-manager/0.5.0-SNAPSHOT/hadoop-ozone-ozone-manager-0.5.0-SNAPSHOT.jar:/home/user/.m2/repository/org/apache/hadoop/hadoop-minikdc/3.2.0/hadoop-minikdc-3.2.0.jar:/home/user/.m2/repository/commons-io/commons-io/2.5/commons-io-2.5.jar:/home/user/.m2/repository/org/apache/kerby/kerb-simplekdc/1.0.1/kerb-simplekdc-1.0.1.jar:/home/user/.m2/repository/org/apache/kerby/kerb-client/1.0.1/kerb-client-1.0.1.jar:/home/user/.m2/repository/org/apache/kerby/kerby-config/1.0.1/kerby-config-1.0.1.jar:/home/user/.m2/repository/org/apache/kerby/kerb-core/1.0.1/kerb-core-1.0.1.jar:/home/user/.m2/repository/org/apache/kerby/kerby-pkix/1.0.1/kerby-pkix-1.0.1.jar:/home/user/.m2/repository/org/apache/kerby/kerby-asn1/1.0.1/kerby-asn1-1.0.1.jar:/home/user/.m2/repository/org/apache/kerby/kerby-util/1.0.1/kerby-util-1.0.1.jar:/home/user/.m2/repository/org/apache/kerby/kerb-common/1.0.1/kerb-common-1.0.1.jar:/home/user/.m2/repository/org/apache/kerby/kerb-crypto/1.0.1/kerb-crypto-1.0.1.jar:/home/user/.m2/repository/org/apache/kerby/kerb-util/1.0.1/kerb-util-1.0.1.jar:/home/user/.m2/repository/org/apache/kerby/token-provider/1.0.1/token-provider-1.0.1.jar:/home/user/.m2/repository/org/apache/kerby/kerb-admin/1.0.1/kerb-admin-1.0.1.jar:/home/user/.m2/repository/org/apache/kerby/kerb-server/1.0.1/kerb-server-1.0.1.jar:/home/user/.m2/repository/org/apache/kerby/kerb-identity/1.0.1/kerb-identity-1.0.1.jar:/home/user/.m2/repository/org/apache/kerby/kerby-xdr/1.0.1/kerby-xdr-1.0.1.jar:/home/user/.m2/repository/org/slf4j/slf4j-log4j12/1.7.25/slf4j-log4j12-1.7.25.jar:/home/user/.m2/repository/org/apache/hadoop/hadoop-ozone-s3gateway/0.5.0-SNAPSHOT/hadoop-ozone-s3gateway-0.5.0-SNAPSHOT.jar:/home/user/.m2/repository/org/jboss/weld/servlet/weld-servlet/2.4.7.Final/weld-servlet-2.4.7.Final.jar:/home/user/.m2/repository/org/glassfish/jersey/containers/jersey-container-servlet-core/2.27/jersey-container-servlet-core-2.27.jar:/home/user/.m2/repository/org/glassfish/hk2/external/javax.inject/2.5.0-b42/javax.inject-2.5.0-b42.jar:/home/user/.m2/repository/org/glassfish/jersey/core/jersey-common/2.27/jersey-common-2.27.jar:/home/user/.m2/repository/org/glassfish/hk2/osgi-resource-locator/1.0.1/osgi-resource-locator-1.0.1.jar:/home/user/.m2/repository/javax/ws/rs/javax.ws.rs-api/2.1/javax.ws.rs-api-2.1.jar:/home/user/.m2/repository/org/glassfish/jersey/ext/cdi/jersey-cdi1x/2.27/jersey-cdi1x-2.27.jar:/home/user/.m2/repository/org/glassfish/jersey/inject/jersey-hk2/2.27/jersey-hk2-2.27.jar:/home/user/.m2/repository/org/glassfish/hk2/hk2-locator/2.5.0-b42/hk2-locator-2.5.0-b42.jar:/home/user/.m2/repository/org/javassist/javassist/3.22.0-CR2/javassist-3.22.0-CR2.jar:/home/user/.m2/repository/org/glassfish/hk2/hk2-api/2.5.0/hk2-api-2.5.0.jar:/home/user/.m2/repository/org/glassfish/hk2/external/jakarta.inject/2.5.0/jakarta.inject-2.5.0.jar:/home/user/.m2/repository/org/glassfish/hk2/hk2-utils/2.5.0/hk2-utils-2.5.0.jar:/home/user/.m2/repository/jakarta/annotation/jakarta.annotation-api/1.3.4/jakarta.annotation-api-1.3.4.jar:/home/user/.m2/repository/org/glassfish/hk2/external/aopalliance-repackaged/2.5.0/aopalliance-repackaged-2.5.0.jar:/home/user/.m2/repository/com/fasterxml/jackson/dataformat/jackson-dataformat-xml/2.9.0/jackson-dataformat-xml-2.9.0.jar:/home/user/.m2/repository/com/fasterxml/jackson/core/jackson-core/2.9.9/jackson-core-2.9.9.jar:/home/user/.m2/repository/com/fasterxml/jackson/module/jackson-module-jaxb-annotations/2.9.9/jackson-module-jaxb-annotations-2.9.9.jar:/home/user/.m2/repository/javax/enterprise/cdi-api/1.2/cdi-api-1.2.jar:/home/user/.m2/repository/javax/el/javax.el-api/3.0.0/javax.el-api-3.0.0.jar:/home/user/.m2/repository/javax/interceptor/javax.interceptor-api/1.2/javax.interceptor-api-1.2.jar:/home/user/.m2/repository/javax/inject/javax.inject/1/javax.inject-1.jar:/home/user/.m2/repository/com/sun/xml/bind/jaxb-impl/2.3.0.1/jaxb-impl-2.3.0.1.jar:/home/user/.m2/repository/com/sun/xml/bind/jaxb-core/2.3.0.1/jaxb-core-2.3.0.1.jar:/home/user/.m2/repository/javax/xml/bind/jaxb-api/2.3.0/jaxb-api-2.3.0.jar:/home/user/.m2/repository/javax/activation/activation/1.1.1/activation-1.1.1.jar:/home/user/.m2/repository/org/apache/hadoop/hadoop-ozone-csi/0.5.0-SNAPSHOT/hadoop-ozone-csi-0.5.0-SNAPSHOT.jar:/home/user/.m2/repository/com/google/protobuf/protobuf-java-util/3.5.1/protobuf-java-util-3.5.1.jar:/home/user/.m2/repository/org/apache/hadoop/hadoop-hdds-config/0.5.0-SNAPSHOT/hadoop-hdds-config-0.5.0-SNAPSHOT.jar:/home/user/.m2/repository/io/grpc/grpc-netty/1.17.1/grpc-netty-1.17.1.jar:/home/user/.m2/repository/io/grpc/grpc-core/1.17.1/grpc-core-1.17.1.jar:/home/user/.m2/repository/io/grpc/grpc-context/1.17.1/grpc-context-1.17.1.jar:/home/user/.m2/repository/com/google/errorprone/error_prone_annotations/2.2.0/error_prone_annotations-2.2.0.jar:/home/user/.m2/repository/org/codehaus/mojo/animal-sniffer-annotations/1.17/animal-sniffer-annotations-1.17.jar:/home/user/.m2/repository/io/opencensus/opencensus-api/0.17.0/opencensus-api-0.17.0.jar:/home/user/.m2/repository/io/opencensus/opencensus-contrib-grpc-metrics/0.17.0/opencensus-contrib-grpc-metrics-0.17.0.jar:/home/user/.m2/repository/io/netty/netty-codec-http2/4.1.30.Final/netty-codec-http2-4.1.30.Final.jar:/home/user/.m2/repository/io/netty/netty-codec-http/4.1.30.Final/netty-codec-http-4.1.30.Final.jar:/home/user/.m2/repository/io/netty/netty-codec/4.1.30.Final/netty-codec-4.1.30.Final.jar:/home/user/.m2/repository/io/netty/netty-handler/4.1.30.Final/netty-handler-4.1.30.Final.jar:/home/user/.m2/repository/io/netty/netty-handler-proxy/4.1.30.Final/netty-handler-proxy-4.1.30.Final.jar:/home/user/.m2/repository/io/netty/netty-codec-socks/4.1.30.Final/netty-codec-socks-4.1.30.Final.jar:/home/user/.m2/repository/io/netty/netty-transport-native-epoll/4.1.30.Final/netty-transport-native-epoll-4.1.30.Final.jar:/home/user/.m2/repository/io/netty/netty-common/4.1.30.Final/netty-common-4.1.30.Final.jar:/home/user/.m2/repository/io/netty/netty-buffer/4.1.30.Final/netty-buffer-4.1.30.Final.jar:/home/user/.m2/repository/io/netty/netty-transport/4.1.30.Final/netty-transport-4.1.30.Final.jar:/home/user/.m2/repository/io/netty/netty-resolver/4.1.30.Final/netty-resolver-4.1.30.Final.jar:/home/user/.m2/repository/io/netty/netty-transport-native-unix-common/4.1.30.Final/netty-transport-native-unix-common-4.1.30.Final.jar:/home/user/.m2/repository/io/grpc/grpc-protobuf/1.17.1/grpc-protobuf-1.17.1.jar:/home/user/.m2/repository/com/google/api/grpc/proto-google-common-protos/1.0.0/proto-google-common-protos-1.0.0.jar:/home/user/.m2/repository/io/grpc/grpc-protobuf-lite/1.17.1/grpc-protobuf-lite-1.17.1.jar:/home/user/.m2/repository/io/grpc/grpc-stub/1.17.1/grpc-stub-1.17.1.jar:/home/user/.m2/repository/org/apache/hadoop/hadoop-ozone-recon/0.5.0-SNAPSHOT/hadoop-ozone-recon-0.5.0-SNAPSHOT.jar:/home/user/.m2/repository/org/apache/hadoop/hadoop-ozone-reconcodegen/0.5.0-SNAPSHOT/hadoop-ozone-reconcodegen-0.5.0-SNAPSHOT.jar:/home/user/.m2/repository/com/google/inject/extensions/guice-multibindings/4.0/guice-multibindings-4.0.jar:/home/user/.m2/repository/com/google/inject/guice/4.0/guice-4.0.jar:/home/user/.m2/repository/aopalliance/aopalliance/1.0/aopalliance-1.0.jar:/home/user/.m2/repository/com/google/inject/extensions/guice-servlet/4.0/guice-servlet-4.0.jar:/home/user/.m2/repository/org/glassfish/jersey/containers/jersey-container-servlet/2.27/jersey-container-servlet-2.27.jar:/home/user/.m2/repository/org/glassfish/hk2/guice-bridge/2.5.0/guice-bridge-2.5.0.jar:/home/user/.m2/repository/org/glassfish/jersey/core/jersey-server/2.27/jersey-server-2.27.jar:/home/user/.m2/repository/org/glassfish/jersey/core/jersey-client/2.27/jersey-client-2.27.jar:/home/user/.m2/repository/org/glassfish/jersey/media/jersey-media-jaxb/2.27/jersey-media-jaxb-2.27.jar:/home/user/.m2/repository/javax/validation/validation-api/1.1.0.Final/validation-api-1.1.0.Final.jar:/home/user/.m2/repository/org/glassfish/jersey/media/jersey-media-json-jackson/2.27/jersey-media-json-jackson-2.27.jar:/home/user/.m2/repository/org/glassfish/jersey/ext/jersey-entity-filtering/2.27/jersey-entity-filtering-2.27.jar:/home/user/.m2/repository/com/google/inject/extensions/guice-assistedinject/4.0/guice-assistedinject-4.0.jar:/home/user/.m2/repository/org/jooq/jooq/3.11.10/jooq-3.11.10.jar:/home/user/.m2/repository/org/jooq/jooq-meta/3.11.10/jooq-meta-3.11.10.jar:/home/user/.m2/repository/org/jooq/jooq-codegen/3.11.10/jooq-codegen-3.11.10.jar:/home/user/.m2/repository/com/jolbox/bonecp/0.8.0.RELEASE/bonecp-0.8.0.RELEASE.jar:/home/user/.m2/repository/org/xerial/sqlite-jdbc/3.25.2/sqlite-jdbc-3.25.2.jar:/home/user/.m2/repository/org/springframework/spring-jdbc/5.1.3.RELEASE/spring-jdbc-5.1.3.RELEASE.jar:/home/user/.m2/repository/org/springframework/spring-beans/5.1.3.RELEASE/spring-beans-5.1.3.RELEASE.jar:/home/user/.m2/repository/org/springframework/spring-core/5.1.3.RELEASE/spring-core-5.1.3.RELEASE.jar:/home/user/.m2/repository/org/springframework/spring-jcl/5.1.3.RELEASE/spring-jcl-5.1.3.RELEASE.jar:/home/user/.m2/repository/org/springframework/spring-tx/5.1.3.RELEASE/spring-tx-5.1.3.RELEASE.jar:/home/user/.m2/repository/org/apache/hadoop/hadoop-ozone-client/0.5.0-SNAPSHOT/hadoop-ozone-client-0.5.0-SNAPSHOT.jar:/home/user/.m2/repository/commons-lang/commons-lang/2.6/commons-lang-2.6.jar:/home/user/.m2/repository/org/apache/hadoop/hadoop-ozone-ozone-manager/0.5.0-SNAPSHOT/hadoop-ozone-ozone-manager-0.5.0-SNAPSHOT-tests.jar:/home/user/.m2/repository/junit/junit/4.11/junit-4.11.jar:/home/user/.m2/repository/org/hamcrest/hamcrest-core/1.3/hamcrest-core-1.3.jar:/home/user/.m2/repository/org/openjdk/jmh/jmh-core/1.19/jmh-core-1.19.jar:/home/user/.m2/repository/net/sf/jopt-simple/jopt-simple/4.6/jopt-simple-4.6.jar:/home/user/.m2/repository/org/apache/commons/commons-math3/3.1.1/commons-math3-3.1.1.jar:/home/user/.m2/repository/org/openjdk/jmh/jmh-generator-annprocess/1.19/jmh-generator-annprocess-1.19.jar:/home/user/.m2/repository/org/mockito/mockito-all/1.8.5/mockito-all-1.8.5.jar:/home/user/.m2/repository/org/apache/hadoop/hadoop-kms/3.2.0/hadoop-kms-3.2.0.jar:/home/user/.m2/repository/org/apache/hadoop/hadoop-auth/3.2.0/hadoop-auth-3.2.0.jar:/home/user/.m2/repository/com/nimbusds/nimbus-jose-jwt/4.41.1/nimbus-jose-jwt-4.41.1.jar:/home/user/.m2/repository/com/github/stephenc/jcip/jcip-annotations/1.0-1/jcip-annotations-1.0-1.jar:/home/user/.m2/repository/net/minidev/json-smart/2.3/json-smart-2.3.jar:/home/user/.m2/repository/net/minidev/accessors-smart/1.2/accessors-smart-1.2.jar:/home/user/.m2/repository/org/ow2/asm/asm/5.0.4/asm-5.0.4.jar:/home/user/.m2/repository/org/apache/curator/curator-framework/2.12.0/curator-framework-2.12.0.jar:/home/user/.m2/repository/com/sun/jersey/jersey-core/1.19/jersey-core-1.19.jar:/home/user/.m2/repository/javax/ws/rs/jsr311-api/1.1.1/jsr311-api-1.1.1.jar:/home/user/.m2/repository/com/sun/jersey/jersey-server/1.19/jersey-server-1.19.jar:/home/user/.m2/repository/javax/servlet/javax.servlet-api/3.1.0/javax.servlet-api-3.1.0.jar:/home/user/.m2/repository/org/eclipse/jetty/jetty-server/9.3.25.v20180904/jetty-server-9.3.25.v20180904.jar:/home/user/.m2/repository/org/eclipse/jetty/jetty-http/9.3.25.v20180904/jetty-http-9.3.25.v20180904.jar:/home/user/.m2/repository/org/eclipse/jetty/jetty-io/9.3.25.v20180904/jetty-io-9.3.25.v20180904.jar:/home/user/.m2/repository/org/eclipse/jetty/jetty-webapp/9.3.25.v20180904/jetty-webapp-9.3.25.v20180904.jar:/home/user/.m2/repository/org/eclipse/jetty/jetty-xml/9.3.25.v20180904/jetty-xml-9.3.25.v20180904.jar:/home/user/.m2/repository/log4j/log4j/1.2.17/log4j-1.2.17.jar:/home/user/.m2/repository/org/slf4j/slf4j-api/1.7.25/slf4j-api-1.7.25.jar:/home/user/.m2/repository/org/slf4j/jul-to-slf4j/1.7.25/jul-to-slf4j-1.7.25.jar:/home/user/.m2/repository/org/eclipse/jetty/jetty-util/9.3.25.v20180904/jetty-util-9.3.25.v20180904.jar:/home/user/.m2/repository/com/fasterxml/jackson/core/jackson-databind/2.9.9/jackson-databind-2.9.9.jar:/home/user/.m2/repository/org/apache/hadoop/hadoop-kms/3.2.0/hadoop-kms-3.2.0-tests.jar:/home/user/.m2/repository/org/apache/hadoop/hadoop-hdds-server-scm/0.5.0-SNAPSHOT/hadoop-hdds-server-scm-0.5.0-SNAPSHOT-tests.jar:/home/user/.m2/repository/org/apache/hadoop/hadoop-hdds-container-service/0.5.0-SNAPSHOT/hadoop-hdds-container-service-0.5.0-SNAPSHOT-tests.jar:/home/user/.m2/repository/org/yaml/snakeyaml/1.16/snakeyaml-1.16.jar:/home/user/.m2/repository/org/apache/hadoop/hadoop-common/3.2.0/hadoop-common-3.2.0-tests.jar:/home/user/.m2/repository/org/apache/hadoop/hadoop-annotations/3.2.0/hadoop-annotations-3.2.0.jar:/usr/lib/jvm/java-1.8-openjdk/jre/../lib/tools.jar:/home/user/.m2/repository/commons-cli/commons-cli/1.2/commons-cli-1.2.jar:/home/user/.m2/repository/org/apache/httpcomponents/httpclient/4.5.2/httpclient-4.5.2.jar:/home/user/.m2/repository/org/apache/httpcomponents/httpcore/4.4.4/httpcore-4.4.4.jar:/home/user/.m2/repository/commons-codec/commons-codec/1.11/commons-codec-1.11.jar:/home/user/.m2/repository/commons-net/commons-net/3.6/commons-net-3.6.jar:/home/user/.m2/repository/commons-collections/commons-collections/3.2.2/commons-collections-3.2.2.jar:/home/user/.m2/repository/org/eclipse/jetty/jetty-servlet/9.3.25.v20180904/jetty-servlet-9.3.25.v20180904.jar:/home/user/.m2/repository/org/eclipse/jetty/jetty-security/9.3.25.v20180904/jetty-security-9.3.25.v20180904.jar:/home/user/.m2/repository/javax/servlet/jsp/jsp-api/2.1/jsp-api-2.1.jar:/home/user/.m2/repository/com/sun/jersey/jersey-servlet/1.19/jersey-servlet-1.19.jar:/home/user/.m2/repository/com/sun/jersey/jersey-json/1.19/jersey-json-1.19.jar:/home/user/.m2/repository/org/codehaus/jettison/jettison/1.1/jettison-1.1.jar:/home/user/.m2/repository/org/codehaus/jackson/jackson-core-asl/1.9.13/jackson-core-asl-1.9.13.jar:/home/user/.m2/repository/org/codehaus/jackson/jackson-mapper-asl/1.9.13/jackson-mapper-asl-1.9.13.jar:/home/user/.m2/repository/org/codehaus/jackson/jackson-jaxrs/1.9.13/jackson-jaxrs-1.9.13.jar:/home/user/.m2/repository/org/codehaus/jackson/jackson-xc/1.9.13/jackson-xc-1.9.13.jar:/home/user/.m2/repository/commons-logging/commons-logging/1.1.3/commons-logging-1.1.3.jar:/home/user/.m2/repository/commons-beanutils/commons-beanutils/1.9.4/commons-beanutils-1.9.4.jar:/home/user/.m2/repository/org/apache/commons/commons-configuration2/2.1.1/commons-configuration2-2.1.1.jar:/home/user/.m2/repository/org/apache/commons/commons-lang3/3.7/commons-lang3-3.7.jar:/home/user/.m2/repository/org/apache/commons/commons-text/1.4/commons-text-1.4.jar:/home/user/.m2/repository/org/apache/avro/avro/1.7.7/avro-1.7.7.jar:/home/user/.m2/repository/com/thoughtworks/paranamer/paranamer/2.3/paranamer-2.3.jar:/home/user/.m2/repository/org/xerial/snappy/snappy-java/1.0.5/snappy-java-1.0.5.jar:/home/user/.m2/repository/com/google/re2j/re2j/1.1/re2j-1.1.jar:/home/user/.m2/repository/com/google/code/gson/gson/2.2.4/gson-2.2.4.jar:/home/user/.m2/repository/com/jcraft/jsch/0.1.54/jsch-0.1.54.jar:/home/user/.m2/repository/org/apache/curator/curator-client/2.12.0/curator-client-2.12.0.jar:/home/user/.m2/repository/org/apache/curator/curator-recipes/2.12.0/curator-recipes-2.12.0.jar:/home/user/.m2/repository/com/google/code/findbugs/jsr305/3.0.0/jsr305-3.0.0.jar:/home/user/.m2/repository/org/apache/htrace/htrace-core4/4.1.0-incubating/htrace-core4-4.1.0-incubating.jar:/home/user/.m2/repository/org/apache/zookeeper/zookeeper/3.4.13/zookeeper-3.4.13.jar:/home/user/.m2/repository/jline/jline/0.9.94/jline-0.9.94.jar:/home/user/.m2/repository/org/apache/yetus/audience-annotations/0.5.0/audience-annotations-0.5.0.jar:/home/user/.m2/repository/org/codehaus/woodstox/stax2-api/3.1.4/stax2-api-3.1.4.jar:/home/user/.m2/repository/com/fasterxml/woodstox/woodstox-core/5.0.3/woodstox-core-5.0.3.jar:/home/user/.m2/repository/dnsjava/dnsjava/2.1.7/dnsjava-2.1.7.jar:/home/user/.m2/repository/org/apache/hadoop/hadoop-hdfs/3.2.0/hadoop-hdfs-3.2.0-tests.jar:/home/user/.m2/repository/org/eclipse/jetty/jetty-util-ajax/9.3.25.v20180904/jetty-util-ajax-9.3.25.v20180904.jar:/home/user/.m2/repository/commons-daemon/commons-daemon/1.0.13/commons-daemon-1.0.13.jar:/home/user/.m2/repository/io/netty/netty/3.10.5.Final/netty-3.10.5.Final.jar:/home/user/.m2/repository/io/netty/netty-all/4.0.52.Final/netty-all-4.0.52.Final.jar:/home/user/.m2/repository/org/fusesource/leveldbjni/leveldbjni-all/1.8/leveldbjni-all-1.8.jar:"/>
    <property name="java.vm.vendor" value="IcedTea"/>
    <property name="sun.arch.data.model" value="64"/>
    <property name="test.build.dir" value="/workdir/hadoop-ozone/integration-test/target/test-dir"/>
    <property name="test.cache.data" value=""/>
    <property name="java.vendor.url" value="https://icedtea.classpath.org"/>
    <property name="user.timezone" value=""/>
    <property name="java.vm.specification.version" value="1.8"/>
    <property name="os.name" value="Linux"/>
    <property name="test.build.data" value="/workdir/hadoop-ozone/integration-test/target/test-dir"/>
    <property name="user.country" value="US"/>
    <property name="sun.java.launcher" value="SUN_STANDARD"/>
    <property name="sun.boot.library.path" value="/usr/lib/jvm/java-1.8-openjdk/jre/lib/amd64"/>
    <property name="sun.java.command" value="/workdir/hadoop-ozone/integration-test/target/surefire/surefirebooter6552419185437378632.jar /workdir/hadoop-ozone/integration-test/target/surefire 2019-10-14T23-49-34_655-jvmRun1 surefire2106513005589286928tmp surefire_701352954431714049621tmp"/>
    <property name="test" value="!TestMiniChaosOzoneCluster"/>
    <property name="surefire.test.class.path" value="/workdir/hadoop-ozone/integration-test/target/test-classes:/workdir/hadoop-ozone/integration-test/target/classes:/home/user/.m2/repository/org/apache/hadoop/hadoop-ozone-common/0.5.0-SNAPSHOT/hadoop-ozone-common-0.5.0-SNAPSHOT.jar:/home/user/.m2/repository/org/apache/commons/commons-compress/1.4.1/commons-compress-1.4.1.jar:/home/user/.m2/repository/org/tukaani/xz/1.0/xz-1.0.jar:/home/user/.m2/repository/org/apache/hadoop/hadoop-common/3.2.0/hadoop-common-3.2.0.jar:/home/user/.m2/repository/org/apache/hadoop/hadoop-hdfs/3.2.0/hadoop-hdfs-3.2.0.jar:/home/user/.m2/repository/org/apache/hadoop/hadoop-hdfs-client/3.2.0/hadoop-hdfs-client-3.2.0.jar:/home/user/.m2/repository/com/fasterxml/jackson/core/jackson-annotations/2.9.9/jackson-annotations-2.9.9.jar:/home/user/.m2/repository/org/apache/hadoop/hadoop-hdds-common/0.5.0-SNAPSHOT/hadoop-hdds-common-0.5.0-SNAPSHOT.jar:/home/user/.m2/repository/javax/annotation/javax.annotation-api/1.2/javax.annotation-api-1.2.jar:/home/user/.m2/repository/org/apache/ratis/ratis-server/0.5.0-63cd2fb-SNAPSHOT/ratis-server-0.5.0-63cd2fb-SNAPSHOT.jar:/home/user/.m2/repository/org/apache/ratis/ratis-thirdparty-misc/0.2.0/ratis-thirdparty-misc-0.2.0.jar:/home/user/.m2/repository/org/apache/ratis/ratis-proto/0.5.0-63cd2fb-SNAPSHOT/ratis-proto-0.5.0-63cd2fb-SNAPSHOT.jar:/home/user/.m2/repository/org/apache/ratis/ratis-common/0.5.0-63cd2fb-SNAPSHOT/ratis-common-0.5.0-63cd2fb-SNAPSHOT.jar:/home/user/.m2/repository/org/apache/ratis/ratis-client/0.5.0-63cd2fb-SNAPSHOT/ratis-client-0.5.0-63cd2fb-SNAPSHOT.jar:/home/user/.m2/repository/org/apache/ratis/ratis-metrics/0.5.0-63cd2fb-SNAPSHOT/ratis-metrics-0.5.0-63cd2fb-SNAPSHOT.jar:/home/user/.m2/repository/com/github/joshelser/dropwizard-metrics-hadoop-metrics2-reporter/0.1.2/dropwizard-metrics-hadoop-metrics2-reporter-0.1.2.jar:/home/user/.m2/repository/io/dropwizard/metrics/metrics-jvm/3.2.5/metrics-jvm-3.2.5.jar:/home/user/.m2/repository/io/dropwizard/metrics/metrics-ganglia/3.2.5/metrics-ganglia-3.2.5.jar:/home/user/.m2/repository/info/ganglia/gmetric4j/gmetric4j/1.0.7/gmetric4j-1.0.7.jar:/home/user/.m2/repository/org/apache/ratis/ratis-netty/0.5.0-63cd2fb-SNAPSHOT/ratis-netty-0.5.0-63cd2fb-SNAPSHOT.jar:/home/user/.m2/repository/org/apache/ratis/ratis-grpc/0.5.0-63cd2fb-SNAPSHOT/ratis-grpc-0.5.0-63cd2fb-SNAPSHOT.jar:/home/user/.m2/repository/org/rocksdb/rocksdbjni/6.0.1/rocksdbjni-6.0.1.jar:/home/user/.m2/repository/org/apache/logging/log4j/log4j-api/2.11.0/log4j-api-2.11.0.jar:/home/user/.m2/repository/org/apache/logging/log4j/log4j-core/2.11.0/log4j-core-2.11.0.jar:/home/user/.m2/repository/com/lmax/disruptor/3.4.2/disruptor-3.4.2.jar:/home/user/.m2/repository/org/apache/commons/commons-pool2/2.6.0/commons-pool2-2.6.0.jar:/home/user/.m2/repository/org/bouncycastle/bcpkix-jdk15on/1.60/bcpkix-jdk15on-1.60.jar:/home/user/.m2/repository/commons-validator/commons-validator/1.6/commons-validator-1.6.jar:/home/user/.m2/repository/commons-digester/commons-digester/1.8.1/commons-digester-1.8.1.jar:/home/user/.m2/repository/io/jaegertracing/jaeger-client/0.34.0/jaeger-client-0.34.0.jar:/home/user/.m2/repository/io/jaegertracing/jaeger-thrift/0.34.0/jaeger-thrift-0.34.0.jar:/home/user/.m2/repository/org/apache/thrift/libthrift/0.12.0/libthrift-0.12.0.jar:/home/user/.m2/repository/com/squareup/okhttp3/okhttp/3.9.0/okhttp-3.9.0.jar:/home/user/.m2/repository/com/squareup/okio/okio/1.13.0/okio-1.13.0.jar:/home/user/.m2/repository/io/jaegertracing/jaeger-core/0.34.0/jaeger-core-0.34.0.jar:/home/user/.m2/repository/io/jaegertracing/jaeger-tracerresolver/0.34.0/jaeger-tracerresolver-0.34.0.jar:/home/user/.m2/repository/io/opentracing/contrib/opentracing-tracerresolver/0.1.5/opentracing-tracerresolver-0.1.5.jar:/home/user/.m2/repository/io/opentracing/opentracing-util/0.31.0/opentracing-util-0.31.0.jar:/home/user/.m2/repository/io/opentracing/opentracing-api/0.31.0/opentracing-api-0.31.0.jar:/home/user/.m2/repository/io/opentracing/opentracing-noop/0.31.0/opentracing-noop-0.31.0.jar:/home/user/.m2/repository/org/apache/hadoop/hadoop-hdds-server-framework/0.5.0-SNAPSHOT/hadoop-hdds-server-framework-0.5.0-SNAPSHOT.jar:/home/user/.m2/repository/org/apache/hadoop/hadoop-hdds-container-service/0.5.0-SNAPSHOT/hadoop-hdds-container-service-0.5.0-SNAPSHOT.jar:/home/user/.m2/repository/org/apache/hadoop/hadoop-hdds-client/0.5.0-SNAPSHOT/hadoop-hdds-client-0.5.0-SNAPSHOT.jar:/home/user/.m2/repository/org/apache/hadoop/hadoop-hdds-tools/0.5.0-SNAPSHOT/hadoop-hdds-tools-0.5.0-SNAPSHOT.jar:/home/user/.m2/repository/org/apache/hadoop/hadoop-hdds-server-scm/0.5.0-SNAPSHOT/hadoop-hdds-server-scm-0.5.0-SNAPSHOT.jar:/home/user/.m2/repository/org/apache/hadoop/hadoop-hdds-docs/0.5.0-SNAPSHOT/hadoop-hdds-docs-0.5.0-SNAPSHOT.jar:/home/user/.m2/repository/io/dropwizard/metrics/metrics-core/3.2.4/metrics-core-3.2.4.jar:/home/user/.m2/repository/org/hamcrest/hamcrest-all/1.3/hamcrest-all-1.3.jar:/home/user/.m2/repository/org/bouncycastle/bcprov-jdk15on/1.60/bcprov-jdk15on-1.60.jar:/home/user/.m2/repository/info/picocli/picocli/3.9.6/picocli-3.9.6.jar:/home/user/.m2/repository/com/google/protobuf/protobuf-java/2.5.0/protobuf-java-2.5.0.jar:/home/user/.m2/repository/com/google/guava/guava/11.0.2/guava-11.0.2.jar:/home/user/.m2/repository/org/apache/hadoop/hadoop-ozone-ozone-manager/0.5.0-SNAPSHOT/hadoop-ozone-ozone-manager-0.5.0-SNAPSHOT.jar:/home/user/.m2/repository/org/apache/hadoop/hadoop-minikdc/3.2.0/hadoop-minikdc-3.2.0.jar:/home/user/.m2/repository/commons-io/commons-io/2.5/commons-io-2.5.jar:/home/user/.m2/repository/org/apache/kerby/kerb-simplekdc/1.0.1/kerb-simplekdc-1.0.1.jar:/home/user/.m2/repository/org/apache/kerby/kerb-client/1.0.1/kerb-client-1.0.1.jar:/home/user/.m2/repository/org/apache/kerby/kerby-config/1.0.1/kerby-config-1.0.1.jar:/home/user/.m2/repository/org/apache/kerby/kerb-core/1.0.1/kerb-core-1.0.1.jar:/home/user/.m2/repository/org/apache/kerby/kerby-pkix/1.0.1/kerby-pkix-1.0.1.jar:/home/user/.m2/repository/org/apache/kerby/kerby-asn1/1.0.1/kerby-asn1-1.0.1.jar:/home/user/.m2/repository/org/apache/kerby/kerby-util/1.0.1/kerby-util-1.0.1.jar:/home/user/.m2/repository/org/apache/kerby/kerb-common/1.0.1/kerb-common-1.0.1.jar:/home/user/.m2/repository/org/apache/kerby/kerb-crypto/1.0.1/kerb-crypto-1.0.1.jar:/home/user/.m2/repository/org/apache/kerby/kerb-util/1.0.1/kerb-util-1.0.1.jar:/home/user/.m2/repository/org/apache/kerby/token-provider/1.0.1/token-provider-1.0.1.jar:/home/user/.m2/repository/org/apache/kerby/kerb-admin/1.0.1/kerb-admin-1.0.1.jar:/home/user/.m2/repository/org/apache/kerby/kerb-server/1.0.1/kerb-server-1.0.1.jar:/home/user/.m2/repository/org/apache/kerby/kerb-identity/1.0.1/kerb-identity-1.0.1.jar:/home/user/.m2/repository/org/apache/kerby/kerby-xdr/1.0.1/kerby-xdr-1.0.1.jar:/home/user/.m2/repository/org/slf4j/slf4j-log4j12/1.7.25/slf4j-log4j12-1.7.25.jar:/home/user/.m2/repository/org/apache/hadoop/hadoop-ozone-s3gateway/0.5.0-SNAPSHOT/hadoop-ozone-s3gateway-0.5.0-SNAPSHOT.jar:/home/user/.m2/repository/org/jboss/weld/servlet/weld-servlet/2.4.7.Final/weld-servlet-2.4.7.Final.jar:/home/user/.m2/repository/org/glassfish/jersey/containers/jersey-container-servlet-core/2.27/jersey-container-servlet-core-2.27.jar:/home/user/.m2/repository/org/glassfish/hk2/external/javax.inject/2.5.0-b42/javax.inject-2.5.0-b42.jar:/home/user/.m2/repository/org/glassfish/jersey/core/jersey-common/2.27/jersey-common-2.27.jar:/home/user/.m2/repository/org/glassfish/hk2/osgi-resource-locator/1.0.1/osgi-resource-locator-1.0.1.jar:/home/user/.m2/repository/javax/ws/rs/javax.ws.rs-api/2.1/javax.ws.rs-api-2.1.jar:/home/user/.m2/repository/org/glassfish/jersey/ext/cdi/jersey-cdi1x/2.27/jersey-cdi1x-2.27.jar:/home/user/.m2/repository/org/glassfish/jersey/inject/jersey-hk2/2.27/jersey-hk2-2.27.jar:/home/user/.m2/repository/org/glassfish/hk2/hk2-locator/2.5.0-b42/hk2-locator-2.5.0-b42.jar:/home/user/.m2/repository/org/javassist/javassist/3.22.0-CR2/javassist-3.22.0-CR2.jar:/home/user/.m2/repository/org/glassfish/hk2/hk2-api/2.5.0/hk2-api-2.5.0.jar:/home/user/.m2/repository/org/glassfish/hk2/external/jakarta.inject/2.5.0/jakarta.inject-2.5.0.jar:/home/user/.m2/repository/org/glassfish/hk2/hk2-utils/2.5.0/hk2-utils-2.5.0.jar:/home/user/.m2/repository/jakarta/annotation/jakarta.annotation-api/1.3.4/jakarta.annotation-api-1.3.4.jar:/home/user/.m2/repository/org/glassfish/hk2/external/aopalliance-repackaged/2.5.0/aopalliance-repackaged-2.5.0.jar:/home/user/.m2/repository/com/fasterxml/jackson/dataformat/jackson-dataformat-xml/2.9.0/jackson-dataformat-xml-2.9.0.jar:/home/user/.m2/repository/com/fasterxml/jackson/core/jackson-core/2.9.9/jackson-core-2.9.9.jar:/home/user/.m2/repository/com/fasterxml/jackson/module/jackson-module-jaxb-annotations/2.9.9/jackson-module-jaxb-annotations-2.9.9.jar:/home/user/.m2/repository/javax/enterprise/cdi-api/1.2/cdi-api-1.2.jar:/home/user/.m2/repository/javax/el/javax.el-api/3.0.0/javax.el-api-3.0.0.jar:/home/user/.m2/repository/javax/interceptor/javax.interceptor-api/1.2/javax.interceptor-api-1.2.jar:/home/user/.m2/repository/javax/inject/javax.inject/1/javax.inject-1.jar:/home/user/.m2/repository/com/sun/xml/bind/jaxb-impl/2.3.0.1/jaxb-impl-2.3.0.1.jar:/home/user/.m2/repository/com/sun/xml/bind/jaxb-core/2.3.0.1/jaxb-core-2.3.0.1.jar:/home/user/.m2/repository/javax/xml/bind/jaxb-api/2.3.0/jaxb-api-2.3.0.jar:/home/user/.m2/repository/javax/activation/activation/1.1.1/activation-1.1.1.jar:/home/user/.m2/repository/org/apache/hadoop/hadoop-ozone-csi/0.5.0-SNAPSHOT/hadoop-ozone-csi-0.5.0-SNAPSHOT.jar:/home/user/.m2/repository/com/google/protobuf/protobuf-java-util/3.5.1/protobuf-java-util-3.5.1.jar:/home/user/.m2/repository/org/apache/hadoop/hadoop-hdds-config/0.5.0-SNAPSHOT/hadoop-hdds-config-0.5.0-SNAPSHOT.jar:/home/user/.m2/repository/io/grpc/grpc-netty/1.17.1/grpc-netty-1.17.1.jar:/home/user/.m2/repository/io/grpc/grpc-core/1.17.1/grpc-core-1.17.1.jar:/home/user/.m2/repository/io/grpc/grpc-context/1.17.1/grpc-context-1.17.1.jar:/home/user/.m2/repository/com/google/errorprone/error_prone_annotations/2.2.0/error_prone_annotations-2.2.0.jar:/home/user/.m2/repository/org/codehaus/mojo/animal-sniffer-annotations/1.17/animal-sniffer-annotations-1.17.jar:/home/user/.m2/repository/io/opencensus/opencensus-api/0.17.0/opencensus-api-0.17.0.jar:/home/user/.m2/repository/io/opencensus/opencensus-contrib-grpc-metrics/0.17.0/opencensus-contrib-grpc-metrics-0.17.0.jar:/home/user/.m2/repository/io/netty/netty-codec-http2/4.1.30.Final/netty-codec-http2-4.1.30.Final.jar:/home/user/.m2/repository/io/netty/netty-codec-http/4.1.30.Final/netty-codec-http-4.1.30.Final.jar:/home/user/.m2/repository/io/netty/netty-codec/4.1.30.Final/netty-codec-4.1.30.Final.jar:/home/user/.m2/repository/io/netty/netty-handler/4.1.30.Final/netty-handler-4.1.30.Final.jar:/home/user/.m2/repository/io/netty/netty-handler-proxy/4.1.30.Final/netty-handler-proxy-4.1.30.Final.jar:/home/user/.m2/repository/io/netty/netty-codec-socks/4.1.30.Final/netty-codec-socks-4.1.30.Final.jar:/home/user/.m2/repository/io/netty/netty-transport-native-epoll/4.1.30.Final/netty-transport-native-epoll-4.1.30.Final.jar:/home/user/.m2/repository/io/netty/netty-common/4.1.30.Final/netty-common-4.1.30.Final.jar:/home/user/.m2/repository/io/netty/netty-buffer/4.1.30.Final/netty-buffer-4.1.30.Final.jar:/home/user/.m2/repository/io/netty/netty-transport/4.1.30.Final/netty-transport-4.1.30.Final.jar:/home/user/.m2/repository/io/netty/netty-resolver/4.1.30.Final/netty-resolver-4.1.30.Final.jar:/home/user/.m2/repository/io/netty/netty-transport-native-unix-common/4.1.30.Final/netty-transport-native-unix-common-4.1.30.Final.jar:/home/user/.m2/repository/io/grpc/grpc-protobuf/1.17.1/grpc-protobuf-1.17.1.jar:/home/user/.m2/repository/com/google/api/grpc/proto-google-common-protos/1.0.0/proto-google-common-protos-1.0.0.jar:/home/user/.m2/repository/io/grpc/grpc-protobuf-lite/1.17.1/grpc-protobuf-lite-1.17.1.jar:/home/user/.m2/repository/io/grpc/grpc-stub/1.17.1/grpc-stub-1.17.1.jar:/home/user/.m2/repository/org/apache/hadoop/hadoop-ozone-recon/0.5.0-SNAPSHOT/hadoop-ozone-recon-0.5.0-SNAPSHOT.jar:/home/user/.m2/repository/org/apache/hadoop/hadoop-ozone-reconcodegen/0.5.0-SNAPSHOT/hadoop-ozone-reconcodegen-0.5.0-SNAPSHOT.jar:/home/user/.m2/repository/com/google/inject/extensions/guice-multibindings/4.0/guice-multibindings-4.0.jar:/home/user/.m2/repository/com/google/inject/guice/4.0/guice-4.0.jar:/home/user/.m2/repository/aopalliance/aopalliance/1.0/aopalliance-1.0.jar:/home/user/.m2/repository/com/google/inject/extensions/guice-servlet/4.0/guice-servlet-4.0.jar:/home/user/.m2/repository/org/glassfish/jersey/containers/jersey-container-servlet/2.27/jersey-container-servlet-2.27.jar:/home/user/.m2/repository/org/glassfish/hk2/guice-bridge/2.5.0/guice-bridge-2.5.0.jar:/home/user/.m2/repository/org/glassfish/jersey/core/jersey-server/2.27/jersey-server-2.27.jar:/home/user/.m2/repository/org/glassfish/jersey/core/jersey-client/2.27/jersey-client-2.27.jar:/home/user/.m2/repository/org/glassfish/jersey/media/jersey-media-jaxb/2.27/jersey-media-jaxb-2.27.jar:/home/user/.m2/repository/javax/validation/validation-api/1.1.0.Final/validation-api-1.1.0.Final.jar:/home/user/.m2/repository/org/glassfish/jersey/media/jersey-media-json-jackson/2.27/jersey-media-json-jackson-2.27.jar:/home/user/.m2/repository/org/glassfish/jersey/ext/jersey-entity-filtering/2.27/jersey-entity-filtering-2.27.jar:/home/user/.m2/repository/com/google/inject/extensions/guice-assistedinject/4.0/guice-assistedinject-4.0.jar:/home/user/.m2/repository/org/jooq/jooq/3.11.10/jooq-3.11.10.jar:/home/user/.m2/repository/org/jooq/jooq-meta/3.11.10/jooq-meta-3.11.10.jar:/home/user/.m2/repository/org/jooq/jooq-codegen/3.11.10/jooq-codegen-3.11.10.jar:/home/user/.m2/repository/com/jolbox/bonecp/0.8.0.RELEASE/bonecp-0.8.0.RELEASE.jar:/home/user/.m2/repository/org/xerial/sqlite-jdbc/3.25.2/sqlite-jdbc-3.25.2.jar:/home/user/.m2/repository/org/springframework/spring-jdbc/5.1.3.RELEASE/spring-jdbc-5.1.3.RELEASE.jar:/home/user/.m2/repository/org/springframework/spring-beans/5.1.3.RELEASE/spring-beans-5.1.3.RELEASE.jar:/home/user/.m2/repository/org/springframework/spring-core/5.1.3.RELEASE/spring-core-5.1.3.RELEASE.jar:/home/user/.m2/repository/org/springframework/spring-jcl/5.1.3.RELEASE/spring-jcl-5.1.3.RELEASE.jar:/home/user/.m2/repository/org/springframework/spring-tx/5.1.3.RELEASE/spring-tx-5.1.3.RELEASE.jar:/home/user/.m2/repository/org/apache/hadoop/hadoop-ozone-client/0.5.0-SNAPSHOT/hadoop-ozone-client-0.5.0-SNAPSHOT.jar:/home/user/.m2/repository/commons-lang/commons-lang/2.6/commons-lang-2.6.jar:/home/user/.m2/repository/org/apache/hadoop/hadoop-ozone-ozone-manager/0.5.0-SNAPSHOT/hadoop-ozone-ozone-manager-0.5.0-SNAPSHOT-tests.jar:/home/user/.m2/repository/junit/junit/4.11/junit-4.11.jar:/home/user/.m2/repository/org/hamcrest/hamcrest-core/1.3/hamcrest-core-1.3.jar:/home/user/.m2/repository/org/openjdk/jmh/jmh-core/1.19/jmh-core-1.19.jar:/home/user/.m2/repository/net/sf/jopt-simple/jopt-simple/4.6/jopt-simple-4.6.jar:/home/user/.m2/repository/org/apache/commons/commons-math3/3.1.1/commons-math3-3.1.1.jar:/home/user/.m2/repository/org/openjdk/jmh/jmh-generator-annprocess/1.19/jmh-generator-annprocess-1.19.jar:/home/user/.m2/repository/org/mockito/mockito-all/1.8.5/mockito-all-1.8.5.jar:/home/user/.m2/repository/org/apache/hadoop/hadoop-kms/3.2.0/hadoop-kms-3.2.0.jar:/home/user/.m2/repository/org/apache/hadoop/hadoop-auth/3.2.0/hadoop-auth-3.2.0.jar:/home/user/.m2/repository/com/nimbusds/nimbus-jose-jwt/4.41.1/nimbus-jose-jwt-4.41.1.jar:/home/user/.m2/repository/com/github/stephenc/jcip/jcip-annotations/1.0-1/jcip-annotations-1.0-1.jar:/home/user/.m2/repository/net/minidev/json-smart/2.3/json-smart-2.3.jar:/home/user/.m2/repository/net/minidev/accessors-smart/1.2/accessors-smart-1.2.jar:/home/user/.m2/repository/org/ow2/asm/asm/5.0.4/asm-5.0.4.jar:/home/user/.m2/repository/org/apache/curator/curator-framework/2.12.0/curator-framework-2.12.0.jar:/home/user/.m2/repository/com/sun/jersey/jersey-core/1.19/jersey-core-1.19.jar:/home/user/.m2/repository/javax/ws/rs/jsr311-api/1.1.1/jsr311-api-1.1.1.jar:/home/user/.m2/repository/com/sun/jersey/jersey-server/1.19/jersey-server-1.19.jar:/home/user/.m2/repository/javax/servlet/javax.servlet-api/3.1.0/javax.servlet-api-3.1.0.jar:/home/user/.m2/repository/org/eclipse/jetty/jetty-server/9.3.25.v20180904/jetty-server-9.3.25.v20180904.jar:/home/user/.m2/repository/org/eclipse/jetty/jetty-http/9.3.25.v20180904/jetty-http-9.3.25.v20180904.jar:/home/user/.m2/repository/org/eclipse/jetty/jetty-io/9.3.25.v20180904/jetty-io-9.3.25.v20180904.jar:/home/user/.m2/repository/org/eclipse/jetty/jetty-webapp/9.3.25.v20180904/jetty-webapp-9.3.25.v20180904.jar:/home/user/.m2/repository/org/eclipse/jetty/jetty-xml/9.3.25.v20180904/jetty-xml-9.3.25.v20180904.jar:/home/user/.m2/repository/log4j/log4j/1.2.17/log4j-1.2.17.jar:/home/user/.m2/repository/org/slf4j/slf4j-api/1.7.25/slf4j-api-1.7.25.jar:/home/user/.m2/repository/org/slf4j/jul-to-slf4j/1.7.25/jul-to-slf4j-1.7.25.jar:/home/user/.m2/repository/org/eclipse/jetty/jetty-util/9.3.25.v20180904/jetty-util-9.3.25.v20180904.jar:/home/user/.m2/repository/com/fasterxml/jackson/core/jackson-databind/2.9.9/jackson-databind-2.9.9.jar:/home/user/.m2/repository/org/apache/hadoop/hadoop-kms/3.2.0/hadoop-kms-3.2.0-tests.jar:/home/user/.m2/repository/org/apache/hadoop/hadoop-hdds-server-scm/0.5.0-SNAPSHOT/hadoop-hdds-server-scm-0.5.0-SNAPSHOT-tests.jar:/home/user/.m2/repository/org/apache/hadoop/hadoop-hdds-container-service/0.5.0-SNAPSHOT/hadoop-hdds-container-service-0.5.0-SNAPSHOT-tests.jar:/home/user/.m2/repository/org/yaml/snakeyaml/1.16/snakeyaml-1.16.jar:/home/user/.m2/repository/org/apache/hadoop/hadoop-common/3.2.0/hadoop-common-3.2.0-tests.jar:/home/user/.m2/repository/org/apache/hadoop/hadoop-annotations/3.2.0/hadoop-annotations-3.2.0.jar:/usr/lib/jvm/java-1.8-openjdk/jre/../lib/tools.jar:/home/user/.m2/repository/commons-cli/commons-cli/1.2/commons-cli-1.2.jar:/home/user/.m2/repository/org/apache/httpcomponents/httpclient/4.5.2/httpclient-4.5.2.jar:/home/user/.m2/repository/org/apache/httpcomponents/httpcore/4.4.4/httpcore-4.4.4.jar:/home/user/.m2/repository/commons-codec/commons-codec/1.11/commons-codec-1.11.jar:/home/user/.m2/repository/commons-net/commons-net/3.6/commons-net-3.6.jar:/home/user/.m2/repository/commons-collections/commons-collections/3.2.2/commons-collections-3.2.2.jar:/home/user/.m2/repository/org/eclipse/jetty/jetty-servlet/9.3.25.v20180904/jetty-servlet-9.3.25.v20180904.jar:/home/user/.m2/repository/org/eclipse/jetty/jetty-security/9.3.25.v20180904/jetty-security-9.3.25.v20180904.jar:/home/user/.m2/repository/javax/servlet/jsp/jsp-api/2.1/jsp-api-2.1.jar:/home/user/.m2/repository/com/sun/jersey/jersey-servlet/1.19/jersey-servlet-1.19.jar:/home/user/.m2/repository/com/sun/jersey/jersey-json/1.19/jersey-json-1.19.jar:/home/user/.m2/repository/org/codehaus/jettison/jettison/1.1/jettison-1.1.jar:/home/user/.m2/repository/org/codehaus/jackson/jackson-core-asl/1.9.13/jackson-core-asl-1.9.13.jar:/home/user/.m2/repository/org/codehaus/jackson/jackson-mapper-asl/1.9.13/jackson-mapper-asl-1.9.13.jar:/home/user/.m2/repository/org/codehaus/jackson/jackson-jaxrs/1.9.13/jackson-jaxrs-1.9.13.jar:/home/user/.m2/repository/org/codehaus/jackson/jackson-xc/1.9.13/jackson-xc-1.9.13.jar:/home/user/.m2/repository/commons-logging/commons-logging/1.1.3/commons-logging-1.1.3.jar:/home/user/.m2/repository/commons-beanutils/commons-beanutils/1.9.4/commons-beanutils-1.9.4.jar:/home/user/.m2/repository/org/apache/commons/commons-configuration2/2.1.1/commons-configuration2-2.1.1.jar:/home/user/.m2/repository/org/apache/commons/commons-lang3/3.7/commons-lang3-3.7.jar:/home/user/.m2/repository/org/apache/commons/commons-text/1.4/commons-text-1.4.jar:/home/user/.m2/repository/org/apache/avro/avro/1.7.7/avro-1.7.7.jar:/home/user/.m2/repository/com/thoughtworks/paranamer/paranamer/2.3/paranamer-2.3.jar:/home/user/.m2/repository/org/xerial/snappy/snappy-java/1.0.5/snappy-java-1.0.5.jar:/home/user/.m2/repository/com/google/re2j/re2j/1.1/re2j-1.1.jar:/home/user/.m2/repository/com/google/code/gson/gson/2.2.4/gson-2.2.4.jar:/home/user/.m2/repository/com/jcraft/jsch/0.1.54/jsch-0.1.54.jar:/home/user/.m2/repository/org/apache/curator/curator-client/2.12.0/curator-client-2.12.0.jar:/home/user/.m2/repository/org/apache/curator/curator-recipes/2.12.0/curator-recipes-2.12.0.jar:/home/user/.m2/repository/com/google/code/findbugs/jsr305/3.0.0/jsr305-3.0.0.jar:/home/user/.m2/repository/org/apache/htrace/htrace-core4/4.1.0-incubating/htrace-core4-4.1.0-incubating.jar:/home/user/.m2/repository/org/apache/zookeeper/zookeeper/3.4.13/zookeeper-3.4.13.jar:/home/user/.m2/repository/jline/jline/0.9.94/jline-0.9.94.jar:/home/user/.m2/repository/org/apache/yetus/audience-annotations/0.5.0/audience-annotations-0.5.0.jar:/home/user/.m2/repository/org/codehaus/woodstox/stax2-api/3.1.4/stax2-api-3.1.4.jar:/home/user/.m2/repository/com/fasterxml/woodstox/woodstox-core/5.0.3/woodstox-core-5.0.3.jar:/home/user/.m2/repository/dnsjava/dnsjava/2.1.7/dnsjava-2.1.7.jar:/home/user/.m2/repository/org/apache/hadoop/hadoop-hdfs/3.2.0/hadoop-hdfs-3.2.0-tests.jar:/home/user/.m2/repository/org/eclipse/jetty/jetty-util-ajax/9.3.25.v20180904/jetty-util-ajax-9.3.25.v20180904.jar:/home/user/.m2/repository/commons-daemon/commons-daemon/1.0.13/commons-daemon-1.0.13.jar:/home/user/.m2/repository/io/netty/netty/3.10.5.Final/netty-3.10.5.Final.jar:/home/user/.m2/repository/io/netty/netty-all/4.0.52.Final/netty-all-4.0.52.Final.jar:/home/user/.m2/repository/org/fusesource/leveldbjni/leveldbjni-all/1.8/leveldbjni-all-1.8.jar:"/>
    <property name="sun.cpu.endian" value="little"/>
    <property name="user.home" value="/home/user"/>
    <property name="user.language" value="en"/>
    <property name="java.specification.vendor" value="Oracle Corporation"/>
    <property name="java.home" value="/usr/lib/jvm/java-1.8-openjdk/jre"/>
    <property name="surefire.excludesFile" value="/tools/ozone-bad-unit-tests"/>
    <property name="java.security.krb5.conf" value="/workdir/hadoop-ozone/integration-test/target/test-classes/krb5.conf"/>
    <property name="basedir" value="/workdir/hadoop-ozone/integration-test"/>
    <property name="file.separator" value="/"/>
    <property name="line.separator" value="&#10;"/>
    <property name="java.vm.specification.vendor" value="Oracle Corporation"/>
    <property name="java.specification.name" value="Java Platform API Specification"/>
    <property name="java.awt.graphicsenv" value="sun.awt.X11GraphicsEnvironment"/>
    <property name="surefire.real.class.path" value="/workdir/hadoop-ozone/integration-test/target/surefire/surefirebooter6552419185437378632.jar"/>
    <property name="hadoop.log.dir" value="/workdir/hadoop-ozone/integration-test/target/log"/>
    <property name="sun.boot.class.path" value="/usr/lib/jvm/java-1.8-openjdk/jre/lib/resources.jar:/usr/lib/jvm/java-1.8-openjdk/jre/lib/rt.jar:/usr/lib/jvm/java-1.8-openjdk/jre/lib/sunrsasign.jar:/usr/lib/jvm/java-1.8-openjdk/jre/lib/jsse.jar:/usr/lib/jvm/java-1.8-openjdk/jre/lib/jce.jar:/usr/lib/jvm/java-1.8-openjdk/jre/lib/charsets.jar:/usr/lib/jvm/java-1.8-openjdk/jre/lib/jfr.jar:/usr/lib/jvm/java-1.8-openjdk/jre/classes"/>
    <property name="sun.management.compiler" value="HotSpot 64-Bit Tiered Compilers"/>
    <property name="java.runtime.version" value="1.8.0_212-b04"/>
    <property name="java.net.preferIPv4Stack" value="true"/>
    <property name="user.name" value="jenkins1000"/>
    <property name="path.separator" value=":"/>
    <property name="java.security.egd" value="file:///dev/urandom"/>
    <property name="os.version" value="3.10.0-957.12.2.el7.x86_64"/>
    <property name="java.endorsed.dirs" value="/usr/lib/jvm/java-1.8-openjdk/jre/lib/endorsed"/>
    <property name="java.runtime.name" value="OpenJDK Runtime Environment"/>
    <property name="file.encoding" value="UTF-8"/>
    <property name="java.vm.name" value="OpenJDK 64-Bit Server VM"/>
    <property name="test.build.webapps" value=""/>
    <property name="localRepository" value="/home/user/.m2/repository"/>
    <property name="java.vendor.url.bug" value="https://icedtea.classpath.org/bugzilla"/>
    <property name="java.io.tmpdir" value="/tmp"/>
    <property name="require.test.libhadoop" value=""/>
    <property name="java.version" value="1.8.0_212"/>
    <property name="user.dir" value="/workdir/hadoop-ozone/integration-test"/>
    <property name="os.arch" value="amd64"/>
    <property name="java.vm.specification.name" value="Java Virtual Machine Specification"/>
    <property name="test.build.classes" value="/workdir/hadoop-ozone/integration-test/target/test-classes"/>
    <property name="java.awt.printerjob" value="sun.print.PSPrinterJob"/>
    <property name="sun.os.patch.level" value="unknown"/>
    <property name="hadoop.tmp.dir" value="/workdir/hadoop-ozone/integration-test/target/tmp"/>
    <property name="java.library.path" value="/usr/lib/jvm/java-1.8-openjdk/jre/lib/amd64/server:/usr/lib/jvm/java-1.8-openjdk/jre/lib/amd64:/usr/lib/jvm/java-1.8-openjdk/jre/../lib/amd64:/workdir/hadoop-ozone/integration-test/target/native/target/usr/local/lib:/workdir/hadoop-ozone/integration-test/../../hadoop-common-project/hadoop-common/target/native/target/usr/local/lib:/usr/java/packages/lib/amd64:/usr/lib64:/lib64:/lib:/usr/lib"/>
    <property name="java.vm.info" value="mixed mode"/>
    <property name="java.vendor" value="IcedTea"/>
    <property name="java.vm.version" value="25.212-b04"/>
    <property name="java.ext.dirs" value="/usr/lib/jvm/java-1.8-openjdk/jre/lib/ext:/usr/java/packages/lib/ext"/>
    <property name="sun.io.unicode.encoding" value="UnicodeLittle"/>
    <property name="java.class.version" value="52.0"/>
  </properties>
  <testcase name="testPipelineDestroy" classname="org.apache.hadoop.ozone.scm.pipeline.TestSCMPipelineMetrics" time="29.589">
    <failure message="Bad value for metric NumPipelineDestroyed expected:&lt;1&gt; but was:&lt;5&gt;" type="java.lang.AssertionError"><![CDATA[java.lang.AssertionError: Bad value for metric NumPipelineDestroyed expected:<1> but was:<5>
	at org.junit.Assert.fail(Assert.java:88)
	at org.junit.Assert.failNotEquals(Assert.java:743)
	at org.junit.Assert.assertEquals(Assert.java:118)
	at org.junit.Assert.assertEquals(Assert.java:555)
	at org.apache.hadoop.test.MetricsAsserts.assertCounter(MetricsAsserts.java:227)
	at org.apache.hadoop.ozone.scm.pipeline.TestSCMPipelineMetrics.testPipelineDestroy(TestSCMPipelineMetrics.java:93)
	at sun.reflect.NativeMethodAccessorImpl.invoke0(Native Method)
	at sun.reflect.NativeMethodAccessorImpl.invoke(NativeMethodAccessorImpl.java:62)
	at sun.reflect.DelegatingMethodAccessorImpl.invoke(DelegatingMethodAccessorImpl.java:43)
	at java.lang.reflect.Method.invoke(Method.java:498)
	at org.junit.runners.model.FrameworkMethod$1.runReflectiveCall(FrameworkMethod.java:47)
	at org.junit.internal.runners.model.ReflectiveCallable.run(ReflectiveCallable.java:12)
	at org.junit.runners.model.FrameworkMethod.invokeExplosively(FrameworkMethod.java:44)
	at org.junit.internal.runners.statements.InvokeMethod.evaluate(InvokeMethod.java:17)
	at org.junit.internal.runners.statements.RunBefores.evaluate(RunBefores.java:26)
	at org.junit.internal.runners.statements.RunAfters.evaluate(RunAfters.java:27)
	at org.junit.runners.ParentRunner.runLeaf(ParentRunner.java:271)
	at org.junit.runners.BlockJUnit4ClassRunner.runChild(BlockJUnit4ClassRunner.java:70)
	at org.junit.runners.BlockJUnit4ClassRunner.runChild(BlockJUnit4ClassRunner.java:50)
	at org.junit.runners.ParentRunner$3.run(ParentRunner.java:238)
	at org.junit.runners.ParentRunner$1.schedule(ParentRunner.java:63)
	at org.junit.runners.ParentRunner.runChildren(ParentRunner.java:236)
	at org.junit.runners.ParentRunner.access$000(ParentRunner.java:53)
	at org.junit.runners.ParentRunner$2.evaluate(ParentRunner.java:229)
	at org.junit.runners.ParentRunner.run(ParentRunner.java:309)
	at org.apache.maven.surefire.junit4.JUnit4Provider.execute(JUnit4Provider.java:365)
	at org.apache.maven.surefire.junit4.JUnit4Provider.executeWithRerun(JUnit4Provider.java:273)
	at org.apache.maven.surefire.junit4.JUnit4Provider.executeTestSet(JUnit4Provider.java:238)
	at org.apache.maven.surefire.junit4.JUnit4Provider.invoke(JUnit4Provider.java:159)
	at org.apache.maven.surefire.booter.ForkedBooter.invokeProviderInSameClassLoader(ForkedBooter.java:384)
	at org.apache.maven.surefire.booter.ForkedBooter.runSuitesInProcess(ForkedBooter.java:345)
	at org.apache.maven.surefire.booter.ForkedBooter.execute(ForkedBooter.java:126)
	at org.apache.maven.surefire.booter.ForkedBooter.main(ForkedBooter.java:418)
]]></failure>
    <system-out><![CDATA[2019-10-15 01:24:34,246 [main] WARN  server.ServerUtils (ServerUtils.java:getScmDbDir(145)) - ozone.scm.db.dirs is not configured. We recommend adding this setting. Falling back to ozone.metadata.dirs instead.
2019-10-15 01:24:34,380 [main] WARN  server.ServerUtils (ServerUtils.java:getScmDbDir(145)) - ozone.scm.db.dirs is not configured. We recommend adding this setting. Falling back to ozone.metadata.dirs instead.
2019-10-15 01:24:34,384 [main] WARN  server.ServerUtils (ServerUtils.java:getScmDbDir(145)) - ozone.scm.db.dirs is not configured. We recommend adding this setting. Falling back to ozone.metadata.dirs instead.
2019-10-15 01:24:34,416 [main] INFO  util.log (Log.java:initialized(192)) - Logging initialized @989ms
2019-10-15 01:24:34,533 [main] INFO  db.DBStoreBuilder (DBStoreBuilder.java:addTable(117)) - using custom profile for table: deletedBlocks
2019-10-15 01:24:34,534 [main] INFO  db.DBStoreBuilder (DBStoreBuilder.java:processTables(168)) - Using default column profile:DBProfile.DISK for Table:deletedBlocks
2019-10-15 01:24:34,534 [main] INFO  db.DBStoreBuilder (DBStoreBuilder.java:addTable(117)) - using custom profile for table: validCerts
2019-10-15 01:24:34,535 [main] INFO  db.DBStoreBuilder (DBStoreBuilder.java:processTables(168)) - Using default column profile:DBProfile.DISK for Table:validCerts
2019-10-15 01:24:34,535 [main] INFO  db.DBStoreBuilder (DBStoreBuilder.java:addTable(117)) - using custom profile for table: revokedCerts
2019-10-15 01:24:34,535 [main] INFO  db.DBStoreBuilder (DBStoreBuilder.java:processTables(168)) - Using default column profile:DBProfile.DISK for Table:revokedCerts
2019-10-15 01:24:34,550 [main] INFO  db.DBStoreBuilder (DBStoreBuilder.java:addTable(117)) - using custom profile for table: default
2019-10-15 01:24:34,550 [main] INFO  db.DBStoreBuilder (DBStoreBuilder.java:processTables(174)) - Using default column profile:DBProfile.DISK for Table:default
2019-10-15 01:24:34,552 [main] INFO  db.DBStoreBuilder (DBStoreBuilder.java:getDbProfile(205)) - Using default options. DBProfile.DISK
2019-10-15 01:24:34,984 [main] INFO  net.NodeSchemaLoader (NodeSchemaLoader.java:loadSchemaFromFile(125)) - Loading file from sun.misc.CompoundEnumeration@74235045
2019-10-15 01:24:34,986 [main] INFO  net.NodeSchemaLoader (NodeSchemaLoader.java:loadSchema(171)) - Loading network topology layer schema file
2019-10-15 01:24:35,058 [main] WARN  server.ServerUtils (ServerUtils.java:sanitizeUserArgs(70)) - ozone.scm.stale.node.interval value = 300000 is larger than max = 100000 based on the key value of ozone.scm.heartbeat.thread.interval, reset to the max value 100000.
2019-10-15 01:24:35,060 [main] WARN  server.ServerUtils (ServerUtils.java:sanitizeUserArgs(70)) - ozone.scm.stale.node.interval value = 300000 is larger than max = 100000 based on the key value of ozone.scm.heartbeat.thread.interval, reset to the max value 100000.
2019-10-15 01:24:35,062 [main] INFO  node.SCMNodeManager (SCMNodeManager.java:<init>(116)) - Entering startup safe mode.
2019-10-15 01:24:35,135 [main] INFO  algorithms.ContainerPlacementPolicyFactory (ContainerPlacementPolicyFactory.java:getPolicy(57)) - Create container placement policy of type org.apache.hadoop.hdds.scm.container.placement.algorithms.SCMContainerPlacementRandom
2019-10-15 01:24:35,151 [main] WARN  server.ServerUtils (ServerUtils.java:getScmDbDir(145)) - ozone.scm.db.dirs is not configured. We recommend adding this setting. Falling back to ozone.metadata.dirs instead.
2019-10-15 01:24:35,307 [main] INFO  pipeline.SCMPipelineManager (SCMPipelineManager.java:initializePipelineState(132)) - No pipeline exists in current db
2019-10-15 01:24:35,310 [main] WARN  server.ServerUtils (ServerUtils.java:getScmDbDir(145)) - ozone.scm.db.dirs is not configured. We recommend adding this setting. Falling back to ozone.metadata.dirs instead.
2019-10-15 01:24:35,516 [main] WARN  events.EventQueue (EventQueue.java:fireEvent(183)) - No event handler registered for event TypedEvent{payloadType=SafeModeStatus, name='SafeModeStatus'}
2019-10-15 01:24:35,903 [main] INFO  ipc.CallQueueManager (CallQueueManager.java:<init>(84)) - Using callQueue: class java.util.concurrent.LinkedBlockingQueue, queueCapacity: 2000, scheduler: class org.apache.hadoop.ipc.DefaultRpcScheduler, ipcBackoff: false.
2019-10-15 01:24:35,940 [Socket Reader #1 for port 38609] INFO  ipc.Server (Server.java:run(1074)) - Starting Socket Reader #1 for port 38609
2019-10-15 01:24:36,091 [main] INFO  ipc.CallQueueManager (CallQueueManager.java:<init>(84)) - Using callQueue: class java.util.concurrent.LinkedBlockingQueue, queueCapacity: 2000, scheduler: class org.apache.hadoop.ipc.DefaultRpcScheduler, ipcBackoff: false.
2019-10-15 01:24:36,093 [Socket Reader #1 for port 44893] INFO  ipc.Server (Server.java:run(1074)) - Starting Socket Reader #1 for port 44893
2019-10-15 01:24:36,102 [main] INFO  ipc.CallQueueManager (CallQueueManager.java:<init>(84)) - Using callQueue: class java.util.concurrent.LinkedBlockingQueue, queueCapacity: 2000, scheduler: class org.apache.hadoop.ipc.DefaultRpcScheduler, ipcBackoff: false.
2019-10-15 01:24:36,103 [Socket Reader #1 for port 42525] INFO  ipc.Server (Server.java:run(1074)) - Starting Socket Reader #1 for port 42525
2019-10-15 01:24:36,132 [main] INFO  hdfs.DFSUtil (DFSUtil.java:httpServerTemplateForNNAndJN(1641)) - Starting Web-server for scm at: http://0.0.0.0:0
2019-10-15 01:24:36,285 [main] INFO  server.AuthenticationFilter (AuthenticationFilter.java:constructSecretProvider(240)) - Unable to initialize FileSignerSecretProvider, falling back to use random secrets.
2019-10-15 01:24:36,293 [main] WARN  http.HttpRequestLog (HttpRequestLog.java:getRequestLog(97)) - Jetty request log can only be enabled using Log4j
2019-10-15 01:24:36,301 [main] INFO  http.HttpServer2 (HttpServer2.java:addGlobalFilter(975)) - Added global filter 'safety' (class=org.apache.hadoop.http.HttpServer2$QuotingInputFilter)
2019-10-15 01:24:36,304 [main] INFO  http.HttpServer2 (HttpServer2.java:addFilter(948)) - Added filter static_user_filter (class=org.apache.hadoop.http.lib.StaticUserWebFilter$StaticUserFilter) to context scm
2019-10-15 01:24:36,304 [main] INFO  http.HttpServer2 (HttpServer2.java:addFilter(958)) - Added filter static_user_filter (class=org.apache.hadoop.http.lib.StaticUserWebFilter$StaticUserFilter) to context static
2019-10-15 01:24:36,304 [main] INFO  http.HttpServer2 (HttpServer2.java:addFilter(958)) - Added filter static_user_filter (class=org.apache.hadoop.http.lib.StaticUserWebFilter$StaticUserFilter) to context logs
2019-10-15 01:24:36,337 [main] INFO  server.StorageContainerManager (StorageContainerManager.java:start(772)) - StorageContainerLocationProtocol RPC server is listening at /0.0.0.0:42525
2019-10-15 01:24:36,408 [main] WARN  impl.MetricsConfig (MetricsConfig.java:loadFirst(134)) - Cannot locate configuration: tried hadoop-metrics2-storagecontainermanager.properties,hadoop-metrics2.properties
2019-10-15 01:24:36,421 [main] INFO  impl.MetricsSystemImpl (MetricsSystemImpl.java:startTimer(374)) - Scheduled Metric snapshot period at 10 second(s).
2019-10-15 01:24:36,421 [main] INFO  impl.MetricsSystemImpl (MetricsSystemImpl.java:start(191)) - StorageContainerManager metrics system started
2019-10-15 01:24:36,711 [main] INFO  server.SCMClientProtocolServer (SCMClientProtocolServer.java:start(159)) - RPC server for Client  is listening at /0.0.0.0:42525
2019-10-15 01:24:36,712 [IPC Server Responder] INFO  ipc.Server (Server.java:run(1314)) - IPC Server Responder: starting
2019-10-15 01:24:36,712 [IPC Server listener on 42525] INFO  ipc.Server (Server.java:run(1153)) - IPC Server listener on 42525: starting
2019-10-15 01:24:36,715 [main] INFO  server.StorageContainerManager (StorageContainerManager.java:start(782)) - ScmBlockLocationProtocol RPC server is listening at /0.0.0.0:44893
2019-10-15 01:24:36,716 [main] INFO  server.SCMBlockProtocolServer (SCMBlockProtocolServer.java:start(146)) - RPC server for Block Protocol is listening at /0.0.0.0:44893
2019-10-15 01:24:36,716 [IPC Server Responder] INFO  ipc.Server (Server.java:run(1314)) - IPC Server Responder: starting
2019-10-15 01:24:36,717 [IPC Server listener on 44893] INFO  ipc.Server (Server.java:run(1153)) - IPC Server listener on 44893: starting
2019-10-15 01:24:36,719 [main] INFO  server.StorageContainerManager (StorageContainerManager.java:start(786)) - ScmDatanodeProtocl RPC server is listening at /0.0.0.0:38609
2019-10-15 01:24:36,719 [main] INFO  server.SCMDatanodeProtocolServer (SCMDatanodeProtocolServer.java:start(169)) - RPC server for DataNodes is listening at /0.0.0.0:38609
2019-10-15 01:24:36,720 [IPC Server Responder] INFO  ipc.Server (Server.java:run(1314)) - IPC Server Responder: starting
2019-10-15 01:24:36,720 [IPC Server listener on 38609] INFO  ipc.Server (Server.java:run(1153)) - IPC Server listener on 38609: starting
2019-10-15 01:24:36,724 [main] INFO  http.HttpServer2 (HttpServer2.java:bindListener(1191)) - Jetty bound to port 38985
2019-10-15 01:24:36,726 [main] INFO  server.Server (Server.java:doStart(351)) - jetty-9.3.25.v20180904, build timestamp: 2018-09-04T21:11:46Z, git hash: 3ce520221d0240229c862b122d2b06c12a625732
2019-10-15 01:24:36,766 [main] INFO  handler.ContextHandler (ContextHandler.java:doStart(781)) - Started o.e.j.s.ServletContextHandler@65fe9e33{/logs,file:///workdir/hadoop-ozone/integration-test/target/log,AVAILABLE}
2019-10-15 01:24:36,766 [main] INFO  handler.ContextHandler (ContextHandler.java:doStart(781)) - Started o.e.j.s.ServletContextHandler@42f8285e{/static,file:///workdir/hadoop-ozone/integration-test/target/test-classes/webapps/static,AVAILABLE}
2019-10-15 01:24:36,801 [main] INFO  handler.ContextHandler (ContextHandler.java:doStart(781)) - Started o.e.j.w.WebAppContext@3d6300e8{/,file:///workdir/hadoop-ozone/integration-test/target/test-classes/webapps/scm/,AVAILABLE}{/scm}
2019-10-15 01:24:36,807 [main] INFO  server.AbstractConnector (AbstractConnector.java:doStart(278)) - Started ServerConnector@3af4e0bf{HTTP/1.1,[http/1.1]}{0.0.0.0:38985}
2019-10-15 01:24:36,807 [main] INFO  server.Server (Server.java:doStart(419)) - Started @3380ms
2019-10-15 01:24:36,809 [main] INFO  impl.MetricsSinkAdapter (MetricsSinkAdapter.java:start(204)) - Sink prometheus started
2019-10-15 01:24:36,809 [main] INFO  impl.MetricsSystemImpl (MetricsSystemImpl.java:registerSink(301)) - Registered sink prometheus
2019-10-15 01:24:36,811 [main] INFO  server.BaseHttpServer (BaseHttpServer.java:updateConnectorAddress(215)) - HTTP server of SCM is listening at http://0.0.0.0:38985
2019-10-15 01:24:36,819 [org.apache.hadoop.util.JvmPauseMonitor$Monitor@1a2e2935] INFO  util.JvmPauseMonitor (JvmPauseMonitor.java:run(188)) - Starting JVM pause monitor
2019-10-15 01:24:36,825 [main] WARN  server.ServerUtils (ServerUtils.java:getDBPath(222)) - ozone.om.db.dirs is not configured. We recommend adding this setting. Falling back to ozone.metadata.dirs instead.
2019-10-15 01:24:36,979 [main] INFO  ha.OMHANodeDetails (OMHANodeDetails.java:loadOMHAConfig(190)) - Configuration either no ozone.om.address set. Falling back to the default OM address /127.0.0.1:0
2019-10-15 01:24:36,979 [main] INFO  ha.OMHANodeDetails (OMHANodeDetails.java:getOMNodeDetails(220)) - OM Service ID is not set. Setting it to the default ID: omServiceIdDefault
2019-10-15 01:24:36,981 [main] WARN  server.ServerUtils (ServerUtils.java:getDBPath(222)) - ozone.om.db.dirs is not configured. We recommend adding this setting. Falling back to ozone.metadata.dirs instead.
2019-10-15 01:24:36,982 [main] WARN  server.ServerUtils (ServerUtils.java:getDBPath(222)) - ozone.om.db.dirs is not configured. We recommend adding this setting. Falling back to ozone.metadata.dirs instead.
2019-10-15 01:24:37,723 [main] WARN  server.ServerUtils (ServerUtils.java:getDBPath(222)) - ozone.om.db.dirs is not configured. We recommend adding this setting. Falling back to ozone.metadata.dirs instead.
2019-10-15 01:24:37,731 [main] INFO  db.DBStoreBuilder (DBStoreBuilder.java:addTable(117)) - using custom profile for table: userTable
2019-10-15 01:24:37,731 [main] INFO  db.DBStoreBuilder (DBStoreBuilder.java:processTables(168)) - Using default column profile:DBProfile.DISK for Table:userTable
2019-10-15 01:24:37,732 [main] INFO  db.DBStoreBuilder (DBStoreBuilder.java:addTable(117)) - using custom profile for table: volumeTable
2019-10-15 01:24:37,732 [main] INFO  db.DBStoreBuilder (DBStoreBuilder.java:processTables(168)) - Using default column profile:DBProfile.DISK for Table:volumeTable
2019-10-15 01:24:37,733 [main] INFO  db.DBStoreBuilder (DBStoreBuilder.java:addTable(117)) - using custom profile for table: bucketTable
2019-10-15 01:24:37,733 [main] INFO  db.DBStoreBuilder (DBStoreBuilder.java:processTables(168)) - Using default column profile:DBProfile.DISK for Table:bucketTable
2019-10-15 01:24:37,734 [main] INFO  db.DBStoreBuilder (DBStoreBuilder.java:addTable(117)) - using custom profile for table: keyTable
2019-10-15 01:24:37,734 [main] INFO  db.DBStoreBuilder (DBStoreBuilder.java:processTables(168)) - Using default column profile:DBProfile.DISK for Table:keyTable
2019-10-15 01:24:37,735 [main] INFO  db.DBStoreBuilder (DBStoreBuilder.java:addTable(117)) - using custom profile for table: deletedTable
2019-10-15 01:24:37,735 [main] INFO  db.DBStoreBuilder (DBStoreBuilder.java:processTables(168)) - Using default column profile:DBProfile.DISK for Table:deletedTable
2019-10-15 01:24:37,736 [main] INFO  db.DBStoreBuilder (DBStoreBuilder.java:addTable(117)) - using custom profile for table: openKeyTable
2019-10-15 01:24:37,736 [main] INFO  db.DBStoreBuilder (DBStoreBuilder.java:processTables(168)) - Using default column profile:DBProfile.DISK for Table:openKeyTable
2019-10-15 01:24:37,737 [main] INFO  db.DBStoreBuilder (DBStoreBuilder.java:addTable(117)) - using custom profile for table: s3Table
2019-10-15 01:24:37,737 [main] INFO  db.DBStoreBuilder (DBStoreBuilder.java:processTables(168)) - Using default column profile:DBProfile.DISK for Table:s3Table
2019-10-15 01:24:37,738 [main] INFO  db.DBStoreBuilder (DBStoreBuilder.java:addTable(117)) - using custom profile for table: multipartInfoTable
2019-10-15 01:24:37,738 [main] INFO  db.DBStoreBuilder (DBStoreBuilder.java:processTables(168)) - Using default column profile:DBProfile.DISK for Table:multipartInfoTable
2019-10-15 01:24:37,738 [main] INFO  db.DBStoreBuilder (DBStoreBuilder.java:addTable(117)) - using custom profile for table: dTokenTable
2019-10-15 01:24:37,739 [main] INFO  db.DBStoreBuilder (DBStoreBuilder.java:processTables(168)) - Using default column profile:DBProfile.DISK for Table:dTokenTable
2019-10-15 01:24:37,739 [main] INFO  db.DBStoreBuilder (DBStoreBuilder.java:addTable(117)) - using custom profile for table: s3SecretTable
2019-10-15 01:24:37,740 [main] INFO  db.DBStoreBuilder (DBStoreBuilder.java:processTables(168)) - Using default column profile:DBProfile.DISK for Table:s3SecretTable
2019-10-15 01:24:37,740 [main] INFO  db.DBStoreBuilder (DBStoreBuilder.java:addTable(117)) - using custom profile for table: prefixTable
2019-10-15 01:24:37,741 [main] INFO  db.DBStoreBuilder (DBStoreBuilder.java:processTables(168)) - Using default column profile:DBProfile.DISK for Table:prefixTable
2019-10-15 01:24:37,741 [main] INFO  db.DBStoreBuilder (DBStoreBuilder.java:addTable(117)) - using custom profile for table: default
2019-10-15 01:24:37,741 [main] INFO  db.DBStoreBuilder (DBStoreBuilder.java:processTables(174)) - Using default column profile:DBProfile.DISK for Table:default
2019-10-15 01:24:37,742 [main] INFO  db.DBStoreBuilder (DBStoreBuilder.java:getDbProfile(205)) - Using default options. DBProfile.DISK
2019-10-15 01:24:38,676 [main] INFO  ipc.CallQueueManager (CallQueueManager.java:<init>(84)) - Using callQueue: class java.util.concurrent.LinkedBlockingQueue, queueCapacity: 2000, scheduler: class org.apache.hadoop.ipc.DefaultRpcScheduler, ipcBackoff: false.
2019-10-15 01:24:38,677 [Socket Reader #1 for port 44926] INFO  ipc.Server (Server.java:run(1074)) - Starting Socket Reader #1 for port 44926
2019-10-15 01:24:38,702 [main] INFO  om.OzoneManager (OzoneManager.java:start(1071)) - OzoneManager RPC server is listening at localhost/127.0.0.1:44926
2019-10-15 01:24:38,702 [main] INFO  impl.MetricsSystemImpl (MetricsSystemImpl.java:init(158)) - OzoneManager metrics system started (again)
2019-10-15 01:24:38,712 [IPC Server Responder] INFO  ipc.Server (Server.java:run(1314)) - IPC Server Responder: starting
2019-10-15 01:24:38,712 [IPC Server listener on 44926] INFO  ipc.Server (Server.java:run(1153)) - IPC Server listener on 44926: starting
2019-10-15 01:24:38,720 [main] INFO  hdfs.DFSUtil (DFSUtil.java:httpServerTemplateForNNAndJN(1641)) - Starting Web-server for ozoneManager at: http://0.0.0.0:0
2019-10-15 01:24:38,723 [main] INFO  server.AuthenticationFilter (AuthenticationFilter.java:constructSecretProvider(240)) - Unable to initialize FileSignerSecretProvider, falling back to use random secrets.
2019-10-15 01:24:38,724 [main] WARN  http.HttpRequestLog (HttpRequestLog.java:getRequestLog(97)) - Jetty request log can only be enabled using Log4j
2019-10-15 01:24:38,727 [main] INFO  http.HttpServer2 (HttpServer2.java:addGlobalFilter(975)) - Added global filter 'safety' (class=org.apache.hadoop.http.HttpServer2$QuotingInputFilter)
2019-10-15 01:24:38,729 [main] INFO  http.HttpServer2 (HttpServer2.java:addFilter(948)) - Added filter static_user_filter (class=org.apache.hadoop.http.lib.StaticUserWebFilter$StaticUserFilter) to context ozoneManager
2019-10-15 01:24:38,729 [main] INFO  http.HttpServer2 (HttpServer2.java:addFilter(958)) - Added filter static_user_filter (class=org.apache.hadoop.http.lib.StaticUserWebFilter$StaticUserFilter) to context logs
2019-10-15 01:24:38,730 [main] INFO  http.HttpServer2 (HttpServer2.java:addFilter(958)) - Added filter static_user_filter (class=org.apache.hadoop.http.lib.StaticUserWebFilter$StaticUserFilter) to context static
2019-10-15 01:24:38,733 [main] INFO  http.HttpServer2 (HttpServer2.java:bindListener(1191)) - Jetty bound to port 37096
2019-10-15 01:24:38,733 [main] INFO  server.Server (Server.java:doStart(351)) - jetty-9.3.25.v20180904, build timestamp: 2018-09-04T21:11:46Z, git hash: 3ce520221d0240229c862b122d2b06c12a625732
2019-10-15 01:24:38,736 [main] INFO  handler.ContextHandler (ContextHandler.java:doStart(781)) - Started o.e.j.s.ServletContextHandler@1542af63{/logs,file:///workdir/hadoop-ozone/integration-test/target/log,AVAILABLE}
2019-10-15 01:24:38,740 [main] INFO  handler.ContextHandler (ContextHandler.java:doStart(781)) - Started o.e.j.s.ServletContextHandler@20ed3303{/static,file:///workdir/hadoop-ozone/integration-test/target/test-classes/webapps/static,AVAILABLE}
2019-10-15 01:24:38,751 [main] INFO  handler.ContextHandler (ContextHandler.java:doStart(781)) - Started o.e.j.w.WebAppContext@319854f0{/,file:///workdir/hadoop-ozone/integration-test/target/test-classes/webapps/ozoneManager/,AVAILABLE}{/ozoneManager}
2019-10-15 01:24:38,753 [main] INFO  server.AbstractConnector (AbstractConnector.java:doStart(278)) - Started ServerConnector@748fe51d{HTTP/1.1,[http/1.1]}{0.0.0.0:37096}
2019-10-15 01:24:38,756 [main] INFO  server.Server (Server.java:doStart(419)) - Started @5329ms
2019-10-15 01:24:38,758 [main] WARN  impl.MetricsSystemImpl (MetricsSystemImpl.java:register(276)) - Sink prometheus already exists!
2019-10-15 01:24:38,759 [main] INFO  server.BaseHttpServer (BaseHttpServer.java:updateConnectorAddress(215)) - HTTP server of OZONEMANAGER is listening at http://0.0.0.0:37096
2019-10-15 01:24:39,159 [main] INFO  impl.MetricsSystemImpl (MetricsSystemImpl.java:init(158)) - HddsDatanode metrics system started (again)
2019-10-15 01:24:39,209 [main] INFO  ozone.HddsDatanodeService (HddsDatanodeService.java:start(184)) - HddsDatanodeService host:pr-hdds-1868-7bj8h-208101609 ip:192.168.164.218
2019-10-15 01:24:39,243 [main] INFO  volume.HddsVolume (HddsVolume.java:<init>(176)) - Creating Volume: /workdir/hadoop-ozone/integration-test/target/test-dir/MiniOzoneClusterImpl-820509b4-500a-4e43-948b-909f0db04d64/datanode-0/data/containers/hdds of  storage type : DISK and capacity : 1482555576320
2019-10-15 01:24:39,245 [main] INFO  volume.VolumeSet (VolumeSet.java:initializeVolumeSet(170)) - Added Volume : /workdir/hadoop-ozone/integration-test/target/test-dir/MiniOzoneClusterImpl-820509b4-500a-4e43-948b-909f0db04d64/datanode-0/data/containers/hdds to VolumeSet
2019-10-15 01:24:39,248 [main] INFO  volume.ThrottledAsyncChecker (ThrottledAsyncChecker.java:schedule(141)) - Scheduling a check for org.apache.hadoop.ozone.container.common.volume.HddsVolume@50194e8d
2019-10-15 01:24:39,265 [main] INFO  volume.HddsVolumeChecker (HddsVolumeChecker.java:checkAllVolumes(204)) - Scheduled health check for volume org.apache.hadoop.ozone.container.common.volume.HddsVolume@50194e8d
2019-10-15 01:24:39,394 [main] INFO  impl.RaftServerProxy (ConfUtils.java:logGet(43)) - raft.rpc.type = GRPC (default)
2019-10-15 01:24:39,467 [main] INFO  grpc.GrpcFactory (GrpcFactory.java:checkPooledByteBufAllocatorUseCacheForAllThreads(45)) - PERFORMANCE WARNING: useCacheForAllThreads is true that may cause Netty to create a lot garbage objects and, as a result, trigger GC.
	It is recommended to disable useCacheForAllThreads by setting -Dorg.apache.ratis.thirdparty.io.netty.allocator.useCacheForAllThreads=false in command line.
2019-10-15 01:24:39,474 [main] INFO  grpc.GrpcConfigKeys$Server (ConfUtils.java:logGet(43)) - raft.grpc.server.port = 0 (default)
2019-10-15 01:24:39,476 [main] INFO  server.GrpcService (ConfUtils.java:logGet(43)) - raft.grpc.message.size.max = 33570816 (custom)
2019-10-15 01:24:39,478 [main] INFO  server.RaftServerConfigKeys (ConfUtils.java:logGet(43)) - raft.server.log.appender.buffer.byte-limit = 33554432 (custom)
2019-10-15 01:24:39,479 [main] INFO  server.GrpcService (ConfUtils.java:logGet(43)) - raft.grpc.flow.control.window = 1MB (=1048576) (default)
2019-10-15 01:24:39,480 [main] INFO  server.RaftServerConfigKeys (ConfUtils.java:logGet(43)) - raft.server.rpc.request.timeout = 3000ms (default)
2019-10-15 01:24:39,675 [main] INFO  server.RaftServerConfigKeys (ConfUtils.java:logGet(43)) - raft.server.storage.dir = [/workdir/hadoop-ozone/integration-test/target/test-dir/MiniOzoneClusterImpl-820509b4-500a-4e43-948b-909f0db04d64/datanode-0/data/ratis] (custom)
2019-10-15 01:24:39,741 [main] INFO  hdfs.DFSUtil (DFSUtil.java:httpServerTemplateForNNAndJN(1641)) - Starting Web-server for hddsDatanode at: http://0.0.0.0:0
2019-10-15 01:24:39,743 [main] INFO  server.AuthenticationFilter (AuthenticationFilter.java:constructSecretProvider(240)) - Unable to initialize FileSignerSecretProvider, falling back to use random secrets.
2019-10-15 01:24:39,744 [main] WARN  http.HttpRequestLog (HttpRequestLog.java:getRequestLog(97)) - Jetty request log can only be enabled using Log4j
2019-10-15 01:24:39,746 [main] INFO  http.HttpServer2 (HttpServer2.java:addGlobalFilter(975)) - Added global filter 'safety' (class=org.apache.hadoop.http.HttpServer2$QuotingInputFilter)
2019-10-15 01:24:39,747 [main] INFO  http.HttpServer2 (HttpServer2.java:addFilter(948)) - Added filter static_user_filter (class=org.apache.hadoop.http.lib.StaticUserWebFilter$StaticUserFilter) to context hddsDatanode
2019-10-15 01:24:39,747 [main] INFO  http.HttpServer2 (HttpServer2.java:addFilter(958)) - Added filter static_user_filter (class=org.apache.hadoop.http.lib.StaticUserWebFilter$StaticUserFilter) to context static
2019-10-15 01:24:39,747 [main] INFO  http.HttpServer2 (HttpServer2.java:addFilter(958)) - Added filter static_user_filter (class=org.apache.hadoop.http.lib.StaticUserWebFilter$StaticUserFilter) to context logs
2019-10-15 01:24:39,748 [main] INFO  http.HttpServer2 (HttpServer2.java:bindListener(1191)) - Jetty bound to port 46376
2019-10-15 01:24:39,749 [main] INFO  server.Server (Server.java:doStart(351)) - jetty-9.3.25.v20180904, build timestamp: 2018-09-04T21:11:46Z, git hash: 3ce520221d0240229c862b122d2b06c12a625732
2019-10-15 01:24:39,752 [main] INFO  handler.ContextHandler (ContextHandler.java:doStart(781)) - Started o.e.j.s.ServletContextHandler@d109c4f{/logs,file:///workdir/hadoop-ozone/integration-test/target/log,AVAILABLE}
2019-10-15 01:24:39,753 [main] INFO  handler.ContextHandler (ContextHandler.java:doStart(781)) - Started o.e.j.s.ServletContextHandler@26f46fa6{/static,jar:file:/home/user/.m2/repository/org/apache/hadoop/hadoop-hdds-container-service/0.5.0-SNAPSHOT/hadoop-hdds-container-service-0.5.0-SNAPSHOT.jar!/webapps/static,AVAILABLE}
2019-10-15 01:24:39,807 [main] INFO  handler.ContextHandler (ContextHandler.java:doStart(781)) - Started o.e.j.w.WebAppContext@6981f8f3{/,file:///tmp/jetty-0.0.0.0-46376-hddsDatanode-_-any-7444101328233704100.dir/webapp/,AVAILABLE}{/hddsDatanode}
2019-10-15 01:24:39,809 [main] INFO  server.AbstractConnector (AbstractConnector.java:doStart(278)) - Started ServerConnector@623dcf2a{HTTP/1.1,[http/1.1]}{0.0.0.0:46376}
2019-10-15 01:24:39,810 [main] INFO  server.Server (Server.java:doStart(419)) - Started @6383ms
2019-10-15 01:24:39,810 [main] WARN  impl.MetricsSystemImpl (MetricsSystemImpl.java:register(276)) - Sink prometheus already exists!
2019-10-15 01:24:39,811 [main] INFO  server.BaseHttpServer (BaseHttpServer.java:updateConnectorAddress(215)) - HTTP server of HDDSDATANODE is listening at http://0.0.0.0:46376
2019-10-15 01:24:39,813 [main] INFO  impl.MetricsSystemImpl (MetricsSystemImpl.java:init(158)) - HddsDatanode metrics system started (again)
2019-10-15 01:24:39,816 [main] INFO  ozone.HddsDatanodeService (HddsDatanodeService.java:start(184)) - HddsDatanodeService host:pr-hdds-1868-7bj8h-208101609 ip:192.168.164.218
2019-10-15 01:24:39,819 [org.apache.hadoop.util.JvmPauseMonitor$Monitor@fa39c60] INFO  util.JvmPauseMonitor (JvmPauseMonitor.java:run(188)) - Starting JVM pause monitor
2019-10-15 01:24:39,825 [main] INFO  volume.HddsVolume (HddsVolume.java:<init>(176)) - Creating Volume: /workdir/hadoop-ozone/integration-test/target/test-dir/MiniOzoneClusterImpl-820509b4-500a-4e43-948b-909f0db04d64/datanode-1/data/containers/hdds of  storage type : DISK and capacity : 1482555576320
2019-10-15 01:24:39,826 [main] INFO  volume.VolumeSet (VolumeSet.java:initializeVolumeSet(170)) - Added Volume : /workdir/hadoop-ozone/integration-test/target/test-dir/MiniOzoneClusterImpl-820509b4-500a-4e43-948b-909f0db04d64/datanode-1/data/containers/hdds to VolumeSet
2019-10-15 01:24:39,826 [main] INFO  volume.ThrottledAsyncChecker (ThrottledAsyncChecker.java:schedule(141)) - Scheduling a check for org.apache.hadoop.ozone.container.common.volume.HddsVolume@561b61ed
2019-10-15 01:24:39,828 [main] INFO  volume.HddsVolumeChecker (HddsVolumeChecker.java:checkAllVolumes(204)) - Scheduled health check for volume org.apache.hadoop.ozone.container.common.volume.HddsVolume@561b61ed
2019-10-15 01:24:39,845 [main] INFO  impl.RaftServerProxy (ConfUtils.java:logGet(43)) - raft.rpc.type = GRPC (default)
2019-10-15 01:24:39,846 [main] INFO  grpc.GrpcFactory (GrpcFactory.java:checkPooledByteBufAllocatorUseCacheForAllThreads(45)) - PERFORMANCE WARNING: useCacheForAllThreads is true that may cause Netty to create a lot garbage objects and, as a result, trigger GC.
	It is recommended to disable useCacheForAllThreads by setting -Dorg.apache.ratis.thirdparty.io.netty.allocator.useCacheForAllThreads=false in command line.
2019-10-15 01:24:39,846 [main] INFO  grpc.GrpcConfigKeys$Server (ConfUtils.java:logGet(43)) - raft.grpc.server.port = 0 (default)
2019-10-15 01:24:39,846 [main] INFO  server.GrpcService (ConfUtils.java:logGet(43)) - raft.grpc.message.size.max = 33570816 (custom)
2019-10-15 01:24:39,847 [main] INFO  server.RaftServerConfigKeys (ConfUtils.java:logGet(43)) - raft.server.log.appender.buffer.byte-limit = 33554432 (custom)
2019-10-15 01:24:39,847 [main] INFO  server.GrpcService (ConfUtils.java:logGet(43)) - raft.grpc.flow.control.window = 1MB (=1048576) (default)
2019-10-15 01:24:39,847 [main] INFO  server.RaftServerConfigKeys (ConfUtils.java:logGet(43)) - raft.server.rpc.request.timeout = 3000ms (default)
2019-10-15 01:24:39,848 [main] INFO  server.RaftServerConfigKeys (ConfUtils.java:logGet(43)) - raft.server.storage.dir = [/workdir/hadoop-ozone/integration-test/target/test-dir/MiniOzoneClusterImpl-820509b4-500a-4e43-948b-909f0db04d64/datanode-1/data/ratis] (custom)
2019-10-15 01:24:39,850 [main] INFO  hdfs.DFSUtil (DFSUtil.java:httpServerTemplateForNNAndJN(1641)) - Starting Web-server for hddsDatanode at: http://0.0.0.0:0
2019-10-15 01:24:39,851 [main] INFO  server.AuthenticationFilter (AuthenticationFilter.java:constructSecretProvider(240)) - Unable to initialize FileSignerSecretProvider, falling back to use random secrets.
2019-10-15 01:24:39,852 [main] WARN  http.HttpRequestLog (HttpRequestLog.java:getRequestLog(97)) - Jetty request log can only be enabled using Log4j
2019-10-15 01:24:39,854 [main] INFO  http.HttpServer2 (HttpServer2.java:addGlobalFilter(975)) - Added global filter 'safety' (class=org.apache.hadoop.http.HttpServer2$QuotingInputFilter)
2019-10-15 01:24:39,854 [main] INFO  http.HttpServer2 (HttpServer2.java:addFilter(948)) - Added filter static_user_filter (class=org.apache.hadoop.http.lib.StaticUserWebFilter$StaticUserFilter) to context hddsDatanode
2019-10-15 01:24:39,854 [main] INFO  http.HttpServer2 (HttpServer2.java:addFilter(958)) - Added filter static_user_filter (class=org.apache.hadoop.http.lib.StaticUserWebFilter$StaticUserFilter) to context static
2019-10-15 01:24:39,855 [main] INFO  http.HttpServer2 (HttpServer2.java:addFilter(958)) - Added filter static_user_filter (class=org.apache.hadoop.http.lib.StaticUserWebFilter$StaticUserFilter) to context logs
2019-10-15 01:24:39,856 [main] INFO  http.HttpServer2 (HttpServer2.java:bindListener(1191)) - Jetty bound to port 44130
2019-10-15 01:24:39,856 [main] INFO  server.Server (Server.java:doStart(351)) - jetty-9.3.25.v20180904, build timestamp: 2018-09-04T21:11:46Z, git hash: 3ce520221d0240229c862b122d2b06c12a625732
2019-10-15 01:24:39,860 [main] INFO  handler.ContextHandler (ContextHandler.java:doStart(781)) - Started o.e.j.s.ServletContextHandler@5679e96b{/logs,file:///workdir/hadoop-ozone/integration-test/target/log,AVAILABLE}
2019-10-15 01:24:39,861 [main] INFO  handler.ContextHandler (ContextHandler.java:doStart(781)) - Started o.e.j.s.ServletContextHandler@3bbf841e{/static,jar:file:/home/user/.m2/repository/org/apache/hadoop/hadoop-hdds-container-service/0.5.0-SNAPSHOT/hadoop-hdds-container-service-0.5.0-SNAPSHOT.jar!/webapps/static,AVAILABLE}
2019-10-15 01:24:39,896 [main] INFO  handler.ContextHandler (ContextHandler.java:doStart(781)) - Started o.e.j.w.WebAppContext@5b5e7036{/,file:///tmp/jetty-0.0.0.0-44130-hddsDatanode-_-any-7600244211343873258.dir/webapp/,AVAILABLE}{/hddsDatanode}
2019-10-15 01:24:39,897 [main] INFO  server.AbstractConnector (AbstractConnector.java:doStart(278)) - Started ServerConnector@62dbe64e{HTTP/1.1,[http/1.1]}{0.0.0.0:44130}
2019-10-15 01:24:39,898 [main] INFO  server.Server (Server.java:doStart(419)) - Started @6471ms
2019-10-15 01:24:39,898 [main] WARN  impl.MetricsSystemImpl (MetricsSystemImpl.java:register(276)) - Sink prometheus already exists!
2019-10-15 01:24:39,899 [main] INFO  server.BaseHttpServer (BaseHttpServer.java:updateConnectorAddress(215)) - HTTP server of HDDSDATANODE is listening at http://0.0.0.0:44130
2019-10-15 01:24:39,899 [main] INFO  impl.MetricsSystemImpl (MetricsSystemImpl.java:init(158)) - HddsDatanode metrics system started (again)
2019-10-15 01:24:39,903 [org.apache.hadoop.util.JvmPauseMonitor$Monitor@3b08813e] INFO  util.JvmPauseMonitor (JvmPauseMonitor.java:run(188)) - Starting JVM pause monitor
2019-10-15 01:24:39,904 [main] INFO  ozone.HddsDatanodeService (HddsDatanodeService.java:start(184)) - HddsDatanodeService host:pr-hdds-1868-7bj8h-208101609 ip:192.168.164.218
2019-10-15 01:24:39,914 [main] INFO  volume.HddsVolume (HddsVolume.java:<init>(176)) - Creating Volume: /workdir/hadoop-ozone/integration-test/target/test-dir/MiniOzoneClusterImpl-820509b4-500a-4e43-948b-909f0db04d64/datanode-2/data/containers/hdds of  storage type : DISK and capacity : 1482555576320
2019-10-15 01:24:39,914 [main] INFO  volume.VolumeSet (VolumeSet.java:initializeVolumeSet(170)) - Added Volume : /workdir/hadoop-ozone/integration-test/target/test-dir/MiniOzoneClusterImpl-820509b4-500a-4e43-948b-909f0db04d64/datanode-2/data/containers/hdds to VolumeSet
2019-10-15 01:24:39,915 [main] INFO  volume.ThrottledAsyncChecker (ThrottledAsyncChecker.java:schedule(141)) - Scheduling a check for org.apache.hadoop.ozone.container.common.volume.HddsVolume@c3edf4c
2019-10-15 01:24:39,915 [main] INFO  volume.HddsVolumeChecker (HddsVolumeChecker.java:checkAllVolumes(204)) - Scheduled health check for volume org.apache.hadoop.ozone.container.common.volume.HddsVolume@c3edf4c
2019-10-15 01:24:39,938 [main] INFO  impl.RaftServerProxy (ConfUtils.java:logGet(43)) - raft.rpc.type = GRPC (default)
2019-10-15 01:24:39,938 [main] INFO  grpc.GrpcFactory (GrpcFactory.java:checkPooledByteBufAllocatorUseCacheForAllThreads(45)) - PERFORMANCE WARNING: useCacheForAllThreads is true that may cause Netty to create a lot garbage objects and, as a result, trigger GC.
	It is recommended to disable useCacheForAllThreads by setting -Dorg.apache.ratis.thirdparty.io.netty.allocator.useCacheForAllThreads=false in command line.
2019-10-15 01:24:39,938 [main] INFO  grpc.GrpcConfigKeys$Server (ConfUtils.java:logGet(43)) - raft.grpc.server.port = 0 (default)
2019-10-15 01:24:39,939 [main] INFO  server.GrpcService (ConfUtils.java:logGet(43)) - raft.grpc.message.size.max = 33570816 (custom)
2019-10-15 01:24:39,939 [main] INFO  server.RaftServerConfigKeys (ConfUtils.java:logGet(43)) - raft.server.log.appender.buffer.byte-limit = 33554432 (custom)
2019-10-15 01:24:39,940 [main] INFO  server.GrpcService (ConfUtils.java:logGet(43)) - raft.grpc.flow.control.window = 1MB (=1048576) (default)
2019-10-15 01:24:39,940 [main] INFO  server.RaftServerConfigKeys (ConfUtils.java:logGet(43)) - raft.server.rpc.request.timeout = 3000ms (default)
2019-10-15 01:24:39,941 [main] INFO  server.RaftServerConfigKeys (ConfUtils.java:logGet(43)) - raft.server.storage.dir = [/workdir/hadoop-ozone/integration-test/target/test-dir/MiniOzoneClusterImpl-820509b4-500a-4e43-948b-909f0db04d64/datanode-2/data/ratis] (custom)
2019-10-15 01:24:39,944 [main] INFO  hdfs.DFSUtil (DFSUtil.java:httpServerTemplateForNNAndJN(1641)) - Starting Web-server for hddsDatanode at: http://0.0.0.0:0
2019-10-15 01:24:39,945 [main] INFO  server.AuthenticationFilter (AuthenticationFilter.java:constructSecretProvider(240)) - Unable to initialize FileSignerSecretProvider, falling back to use random secrets.
2019-10-15 01:24:39,946 [main] WARN  http.HttpRequestLog (HttpRequestLog.java:getRequestLog(97)) - Jetty request log can only be enabled using Log4j
2019-10-15 01:24:39,947 [main] INFO  http.HttpServer2 (HttpServer2.java:addGlobalFilter(975)) - Added global filter 'safety' (class=org.apache.hadoop.http.HttpServer2$QuotingInputFilter)
2019-10-15 01:24:39,948 [main] INFO  http.HttpServer2 (HttpServer2.java:addFilter(948)) - Added filter static_user_filter (class=org.apache.hadoop.http.lib.StaticUserWebFilter$StaticUserFilter) to context hddsDatanode
2019-10-15 01:24:39,948 [main] INFO  http.HttpServer2 (HttpServer2.java:addFilter(958)) - Added filter static_user_filter (class=org.apache.hadoop.http.lib.StaticUserWebFilter$StaticUserFilter) to context logs
2019-10-15 01:24:39,948 [main] INFO  http.HttpServer2 (HttpServer2.java:addFilter(958)) - Added filter static_user_filter (class=org.apache.hadoop.http.lib.StaticUserWebFilter$StaticUserFilter) to context static
2019-10-15 01:24:39,949 [main] INFO  http.HttpServer2 (HttpServer2.java:bindListener(1191)) - Jetty bound to port 42309
2019-10-15 01:24:39,949 [main] INFO  server.Server (Server.java:doStart(351)) - jetty-9.3.25.v20180904, build timestamp: 2018-09-04T21:11:46Z, git hash: 3ce520221d0240229c862b122d2b06c12a625732
2019-10-15 01:24:39,951 [main] INFO  handler.ContextHandler (ContextHandler.java:doStart(781)) - Started o.e.j.s.ServletContextHandler@1cd3b138{/logs,file:///workdir/hadoop-ozone/integration-test/target/log,AVAILABLE}
2019-10-15 01:24:39,951 [main] INFO  handler.ContextHandler (ContextHandler.java:doStart(781)) - Started o.e.j.s.ServletContextHandler@5a6d30e2{/static,jar:file:/home/user/.m2/repository/org/apache/hadoop/hadoop-hdds-container-service/0.5.0-SNAPSHOT/hadoop-hdds-container-service-0.5.0-SNAPSHOT.jar!/webapps/static,AVAILABLE}
2019-10-15 01:24:39,967 [Datanode State Machine Thread - 0] INFO  datanode.InitDatanodeState (InitDatanodeState.java:persistContainerDatanodeDetails(140)) - DatanodeDetails is persisted to /workdir/hadoop-ozone/integration-test/target/test-dir/MiniOzoneClusterImpl-820509b4-500a-4e43-948b-909f0db04d64/datanode-0/meta/datanode.id
2019-10-15 01:24:39,972 [Datanode State Machine Thread - 0] INFO  datanode.InitDatanodeState (InitDatanodeState.java:persistContainerDatanodeDetails(140)) - DatanodeDetails is persisted to /workdir/hadoop-ozone/integration-test/target/test-dir/MiniOzoneClusterImpl-820509b4-500a-4e43-948b-909f0db04d64/datanode-1/meta/datanode.id
2019-10-15 01:24:39,982 [main] INFO  handler.ContextHandler (ContextHandler.java:doStart(781)) - Started o.e.j.w.WebAppContext@6342d610{/,file:///tmp/jetty-0.0.0.0-42309-hddsDatanode-_-any-1373616429801607351.dir/webapp/,AVAILABLE}{/hddsDatanode}
2019-10-15 01:24:39,983 [main] INFO  server.AbstractConnector (AbstractConnector.java:doStart(278)) - Started ServerConnector@dc4a691{HTTP/1.1,[http/1.1]}{0.0.0.0:42309}
2019-10-15 01:24:39,984 [main] INFO  server.Server (Server.java:doStart(419)) - Started @6557ms
2019-10-15 01:24:39,984 [main] WARN  impl.MetricsSystemImpl (MetricsSystemImpl.java:register(276)) - Sink prometheus already exists!
2019-10-15 01:24:39,985 [main] INFO  server.BaseHttpServer (BaseHttpServer.java:updateConnectorAddress(215)) - HTTP server of HDDSDATANODE is listening at http://0.0.0.0:42309
2019-10-15 01:24:39,987 [main] INFO  ozone.MiniOzoneClusterImpl (MiniOzoneClusterImpl.java:lambda$waitForClusterToBeReady$2(172)) - Waiting for cluster to be ready. Got 0 of 3 DN Heartbeats.
2019-10-15 01:24:39,988 [org.apache.hadoop.util.JvmPauseMonitor$Monitor@4fd64918] INFO  util.JvmPauseMonitor (JvmPauseMonitor.java:run(188)) - Starting JVM pause monitor
2019-10-15 01:24:39,991 [Datanode State Machine Thread - 0] INFO  datanode.InitDatanodeState (InitDatanodeState.java:persistContainerDatanodeDetails(140)) - DatanodeDetails is persisted to /workdir/hadoop-ozone/integration-test/target/test-dir/MiniOzoneClusterImpl-820509b4-500a-4e43-948b-909f0db04d64/datanode-2/meta/datanode.id
2019-10-15 01:24:40,987 [main] INFO  ozone.MiniOzoneClusterImpl (MiniOzoneClusterImpl.java:lambda$waitForClusterToBeReady$2(172)) - Waiting for cluster to be ready. Got 0 of 3 DN Heartbeats.
2019-10-15 01:24:41,924 [Datanode State Machine Thread - 0] INFO  ozoneimpl.OzoneContainer (OzoneContainer.java:start(213)) - Attempting to start container services.
2019-10-15 01:24:41,924 [Datanode State Machine Thread - 0] INFO  ozoneimpl.OzoneContainer (OzoneContainer.java:start(213)) - Attempting to start container services.
2019-10-15 01:24:41,928 [Datanode State Machine Thread - 0] INFO  ozoneimpl.OzoneContainer (OzoneContainer.java:startContainerScrub(177)) - Background container scanner has been disabled.
2019-10-15 01:24:41,928 [Datanode State Machine Thread - 0] INFO  ozoneimpl.OzoneContainer (OzoneContainer.java:startContainerScrub(177)) - Background container scanner has been disabled.
2019-10-15 01:24:41,928 [Datanode State Machine Thread - 0] INFO  ratis.XceiverServerRatis (XceiverServerRatis.java:start(425)) - Starting XceiverServerRatis e64c7732-fb55-4271-8d7c-cf792785654a at port 0
2019-10-15 01:24:41,928 [Datanode State Machine Thread - 0] INFO  ratis.XceiverServerRatis (XceiverServerRatis.java:start(425)) - Starting XceiverServerRatis 755ef487-dc5c-49f0-8786-a5a94d7851cf at port 0
2019-10-15 01:24:41,980 [Datanode State Machine Thread - 0] INFO  impl.RaftServerProxy (RaftServerProxy.java:lambda$start$3(299)) - 755ef487-dc5c-49f0-8786-a5a94d7851cf: start RPC server
2019-10-15 01:24:41,980 [Datanode State Machine Thread - 0] INFO  impl.RaftServerProxy (RaftServerProxy.java:lambda$start$3(299)) - e64c7732-fb55-4271-8d7c-cf792785654a: start RPC server
2019-10-15 01:24:41,989 [main] INFO  ozone.MiniOzoneClusterImpl (MiniOzoneClusterImpl.java:lambda$waitForClusterToBeReady$2(172)) - Waiting for cluster to be ready. Got 0 of 3 DN Heartbeats.
2019-10-15 01:24:42,013 [Datanode State Machine Thread - 0] INFO  ozoneimpl.OzoneContainer (OzoneContainer.java:start(213)) - Attempting to start container services.
2019-10-15 01:24:42,018 [Datanode State Machine Thread - 0] INFO  ozoneimpl.OzoneContainer (OzoneContainer.java:startContainerScrub(177)) - Background container scanner has been disabled.
2019-10-15 01:24:42,019 [Datanode State Machine Thread - 0] INFO  ratis.XceiverServerRatis (XceiverServerRatis.java:start(425)) - Starting XceiverServerRatis 092a9b57-eeac-4fc9-9a65-b605a27d843e at port 0
2019-10-15 01:24:42,027 [Datanode State Machine Thread - 0] INFO  impl.RaftServerProxy (RaftServerProxy.java:lambda$start$3(299)) - 092a9b57-eeac-4fc9-9a65-b605a27d843e: start RPC server
2019-10-15 01:24:42,134 [Datanode State Machine Thread - 0] INFO  server.GrpcService (GrpcService.java:startImpl(158)) - e64c7732-fb55-4271-8d7c-cf792785654a: GrpcService started, listening on 0.0.0.0/0.0.0.0:44527
2019-10-15 01:24:42,134 [Datanode State Machine Thread - 0] INFO  server.GrpcService (GrpcService.java:startImpl(158)) - 092a9b57-eeac-4fc9-9a65-b605a27d843e: GrpcService started, listening on 0.0.0.0/0.0.0.0:35508
2019-10-15 01:24:42,134 [Datanode State Machine Thread - 0] INFO  server.GrpcService (GrpcService.java:startImpl(158)) - 755ef487-dc5c-49f0-8786-a5a94d7851cf: GrpcService started, listening on 0.0.0.0/0.0.0.0:44480
2019-10-15 01:24:42,135 [Datanode State Machine Thread - 0] INFO  ratis.XceiverServerRatis (XceiverServerRatis.java:start(435)) - XceiverServerRatis 092a9b57-eeac-4fc9-9a65-b605a27d843e is started using port 35508
2019-10-15 01:24:42,135 [Datanode State Machine Thread - 0] INFO  ratis.XceiverServerRatis (XceiverServerRatis.java:start(435)) - XceiverServerRatis e64c7732-fb55-4271-8d7c-cf792785654a is started using port 44527
2019-10-15 01:24:42,135 [Datanode State Machine Thread - 0] INFO  ratis.XceiverServerRatis (XceiverServerRatis.java:start(435)) - XceiverServerRatis 755ef487-dc5c-49f0-8786-a5a94d7851cf is started using port 44480
2019-10-15 01:24:42,140 [Datanode State Machine Thread - 0] INFO  server.XceiverServerGrpc (XceiverServerGrpc.java:start(149)) - XceiverServerGrpc 755ef487-dc5c-49f0-8786-a5a94d7851cf is started using port 37848
2019-10-15 01:24:42,140 [Datanode State Machine Thread - 0] INFO  server.XceiverServerGrpc (XceiverServerGrpc.java:start(149)) - XceiverServerGrpc e64c7732-fb55-4271-8d7c-cf792785654a is started using port 41508
2019-10-15 01:24:42,140 [Datanode State Machine Thread - 0] INFO  server.XceiverServerGrpc (XceiverServerGrpc.java:start(149)) - XceiverServerGrpc 092a9b57-eeac-4fc9-9a65-b605a27d843e is started using port 44298
2019-10-15 01:24:42,989 [main] INFO  ozone.MiniOzoneClusterImpl (MiniOzoneClusterImpl.java:lambda$waitForClusterToBeReady$2(172)) - Waiting for cluster to be ready. Got 0 of 3 DN Heartbeats.
2019-10-15 01:24:43,866 [IPC Server handler 0 on 38609] INFO  net.NetworkTopology (NetworkTopologyImpl.java:add(111)) - Added a new node: /default-rack/755ef487-dc5c-49f0-8786-a5a94d7851cf
2019-10-15 01:24:43,868 [IPC Server handler 0 on 38609] INFO  node.SCMNodeManager (SCMNodeManager.java:register(268)) - Registered Data node : 755ef487-dc5c-49f0-8786-a5a94d7851cf{ip: 192.168.164.218, host: pr-hdds-1868-7bj8h-208101609, networkLocation: /default-rack, certSerialId: null}
2019-10-15 01:24:43,871 [EventQueue-NodeRegistrationContainerReportForDataNodeSafeModeRule] INFO  safemode.SCMSafeModeManager (DataNodeSafeModeRule.java:process(71)) - SCM in safe mode. 1 DataNodes registered, 1 required.
2019-10-15 01:24:43,872 [EventQueue-NodeRegistrationContainerReportForDataNodeSafeModeRule] INFO  safemode.SCMSafeModeManager (SCMSafeModeManager.java:validateSafeModeExitRules(177)) - ScmSafeModeManager, all rules are successfully validated
2019-10-15 01:24:43,872 [EventQueue-NodeRegistrationContainerReportForDataNodeSafeModeRule] INFO  safemode.SCMSafeModeManager (SCMSafeModeManager.java:exitSafeMode(193)) - SCM exiting safe mode.
2019-10-15 01:24:43,907 [IPC Server handler 1 on 38609] INFO  net.NetworkTopology (NetworkTopologyImpl.java:add(111)) - Added a new node: /default-rack/e64c7732-fb55-4271-8d7c-cf792785654a
2019-10-15 01:24:43,907 [IPC Server handler 1 on 38609] INFO  node.SCMNodeManager (SCMNodeManager.java:register(268)) - Registered Data node : e64c7732-fb55-4271-8d7c-cf792785654a{ip: 192.168.164.218, host: pr-hdds-1868-7bj8h-208101609, networkLocation: /default-rack, certSerialId: null}
2019-10-15 01:24:43,991 [IPC Server handler 2 on 38609] INFO  net.NetworkTopology (NetworkTopologyImpl.java:add(111)) - Added a new node: /default-rack/092a9b57-eeac-4fc9-9a65-b605a27d843e
2019-10-15 01:24:43,992 [IPC Server handler 2 on 38609] INFO  node.SCMNodeManager (SCMNodeManager.java:register(268)) - Registered Data node : 092a9b57-eeac-4fc9-9a65-b605a27d843e{ip: 192.168.164.218, host: pr-hdds-1868-7bj8h-208101609, networkLocation: /default-rack, certSerialId: null}
2019-10-15 01:24:44,403 [grpc-default-executor-0] INFO  impl.RaftServerProxy (RaftServerProxy.java:addNew(89)) - 755ef487-dc5c-49f0-8786-a5a94d7851cf: addNew group-610308CBE19C:[755ef487-dc5c-49f0-8786-a5a94d7851cf:192.168.164.218:44480] returns group-610308CBE19C:java.util.concurrent.CompletableFuture@7a185068[Not completed]
2019-10-15 01:24:44,419 [pool-27-thread-1] INFO  impl.RaftServerImpl (RaftServerImpl.java:<init>(95)) - 755ef487-dc5c-49f0-8786-a5a94d7851cf: new RaftServerImpl for group-610308CBE19C:[755ef487-dc5c-49f0-8786-a5a94d7851cf:192.168.164.218:44480] with ContainerStateMachine:uninitialized
2019-10-15 01:24:44,422 [pool-27-thread-1] INFO  server.RaftServerConfigKeys (ConfUtils.java:logGet(43)) - raft.server.rpc.timeout.min = 5s (custom)
2019-10-15 01:24:44,423 [pool-27-thread-1] INFO  server.RaftServerConfigKeys (ConfUtils.java:logGet(43)) - raft.server.rpc.timeout.max = 5200ms (custom)
2019-10-15 01:24:44,423 [pool-27-thread-1] INFO  server.RaftServerConfigKeys (ConfUtils.java:logGet(43)) - raft.server.rpcslowness.timeout = 120s (custom)
2019-10-15 01:24:44,424 [pool-27-thread-1] INFO  server.RaftServerConfigKeys (ConfUtils.java:logGet(43)) - raft.server.sleep.deviation.threshold = 300 (default)
2019-10-15 01:24:44,425 [pool-27-thread-1] INFO  server.RaftServerConfigKeys (ConfUtils.java:logGet(43)) - raft.server.log.appender.install.snapshot.enabled = false (custom)
2019-10-15 01:24:44,434 [pool-27-thread-1] INFO  impl.RaftServerImpl (ServerState.java:<init>(103)) - 755ef487-dc5c-49f0-8786-a5a94d7851cf@group-610308CBE19C: ConfigurationManager, init=-1: [755ef487-dc5c-49f0-8786-a5a94d7851cf:192.168.164.218:44480], old=null, confs=<EMPTY_MAP>
2019-10-15 01:24:44,435 [pool-27-thread-1] INFO  server.RaftServerConfigKeys (ConfUtils.java:logGet(43)) - raft.server.storage.dir = [/workdir/hadoop-ozone/integration-test/target/test-dir/MiniOzoneClusterImpl-820509b4-500a-4e43-948b-909f0db04d64/datanode-0/data/ratis] (custom)
2019-10-15 01:24:44,442 [pool-27-thread-1] INFO  server.RaftServerConfigKeys (ConfUtils.java:logGet(43)) - raft.server.log.corruption.policy = EXCEPTION (default)
2019-10-15 01:24:44,445 [pool-27-thread-1] INFO  storage.RaftStorageDirectory (RaftStorageDirectory.java:analyzeStorage(246)) - The storage directory /workdir/hadoop-ozone/integration-test/target/test-dir/MiniOzoneClusterImpl-820509b4-500a-4e43-948b-909f0db04d64/datanode-0/data/ratis/c0ba3eda-ea2b-424d-8290-610308cbe19c does not exist. Creating ...
2019-10-15 01:24:44,472 [pool-27-thread-1] INFO  storage.RaftStorageDirectory (RaftStorageDirectory.java:tryLock(328)) - Lock on /workdir/hadoop-ozone/integration-test/target/test-dir/MiniOzoneClusterImpl-820509b4-500a-4e43-948b-909f0db04d64/datanode-0/data/ratis/c0ba3eda-ea2b-424d-8290-610308cbe19c/in_use.lock acquired by nodename 1649@pr-hdds-1868-7bj8h-208101609
2019-10-15 01:24:44,497 [pool-27-thread-1] INFO  storage.RaftStorage (RaftStorage.java:format(84)) - Storage directory /workdir/hadoop-ozone/integration-test/target/test-dir/MiniOzoneClusterImpl-820509b4-500a-4e43-948b-909f0db04d64/datanode-0/data/ratis/c0ba3eda-ea2b-424d-8290-610308cbe19c has been successfully formatted.
2019-10-15 01:24:44,501 [pool-27-thread-1] INFO  ratis.ContainerStateMachine (ContainerStateMachine.java:loadSnapshot(233)) - group-610308CBE19C: The snapshot info is null. Setting the last applied indexto:(t:0, i:~)
2019-10-15 01:24:44,501 [pool-27-thread-1] INFO  server.RaftServerConfigKeys (ConfUtils.java:logGet(43)) - raft.server.notification.no-leader.timeout = 120s (custom)
2019-10-15 01:24:44,504 [pool-27-thread-1] INFO  server.RaftServerConfigKeys (ConfUtils.java:logGet(43)) - raft.server.log.use.memory = false (default)
2019-10-15 01:24:44,513 [pool-27-thread-1] INFO  server.RaftServerConfigKeys (ConfUtils.java:logGet(43)) - raft.server.log.purge.gap = 1000000 (custom)
2019-10-15 01:24:44,513 [pool-27-thread-1] INFO  server.RaftServerConfigKeys (ConfUtils.java:logGet(43)) - raft.server.log.appender.buffer.byte-limit = 33554432 (custom)
2019-10-15 01:24:44,516 [pool-27-thread-1] INFO  server.RaftServerConfigKeys (ConfUtils.java:logGet(43)) - raft.server.log.segment.size.max = 1048576 (custom)
2019-10-15 01:24:44,519 [pool-27-thread-1] INFO  impl.MetricsSystemImpl (MetricsSystemImpl.java:init(158)) - ratis metrics system started (again)
2019-10-15 01:24:44,524 [pool-27-thread-1] INFO  metrics.MetricRegistries (MetricRegistriesLoader.java:load(64)) - Loaded MetricRegistries class org.apache.ratis.metrics.impl.MetricRegistriesImpl
2019-10-15 01:24:44,570 [pool-27-thread-1] INFO  server.RaftServerConfigKeys (ConfUtils.java:logGet(43)) - raft.server.log.segment.cache.num.max = 2 (custom)
2019-10-15 01:24:44,577 [pool-27-thread-1] INFO  segmented.SegmentedRaftLogWorker (SegmentedRaftLogWorker.java:<init>(173)) - new 755ef487-dc5c-49f0-8786-a5a94d7851cf@group-610308CBE19C-SegmentedRaftLogWorker for RaftStorage:Storage Directory /workdir/hadoop-ozone/integration-test/target/test-dir/MiniOzoneClusterImpl-820509b4-500a-4e43-948b-909f0db04d64/datanode-0/data/ratis/c0ba3eda-ea2b-424d-8290-610308cbe19c
2019-10-15 01:24:44,577 [pool-27-thread-1] INFO  server.RaftServerConfigKeys (ConfUtils.java:logGet(43)) - raft.server.log.queue.byte-limit = 2147483647 (custom)
2019-10-15 01:24:44,578 [pool-27-thread-1] INFO  server.RaftServerConfigKeys (ConfUtils.java:logGet(43)) - raft.server.log.queue.element-limit = 1024 (custom)
2019-10-15 01:24:44,579 [pool-27-thread-1] INFO  server.RaftServerConfigKeys (ConfUtils.java:logGet(43)) - raft.server.log.segment.size.max = 1048576 (custom)
2019-10-15 01:24:44,580 [pool-27-thread-1] INFO  server.RaftServerConfigKeys (ConfUtils.java:logGet(43)) - raft.server.log.preallocated.size = 16384 (custom)
2019-10-15 01:24:44,580 [pool-27-thread-1] INFO  server.RaftServerConfigKeys (ConfUtils.java:logGet(43)) - raft.server.log.write.buffer.size = 33554432 (custom)
2019-10-15 01:24:44,581 [pool-27-thread-1] INFO  server.RaftServerConfigKeys (ConfUtils.java:logGet(43)) - raft.server.log.force.sync.num = 128 (default)
2019-10-15 01:24:44,582 [pool-27-thread-1] INFO  server.RaftServerConfigKeys (ConfUtils.java:logGet(43)) - raft.server.log.statemachine.data.sync = true (default)
2019-10-15 01:24:44,582 [pool-27-thread-1] INFO  server.RaftServerConfigKeys (ConfUtils.java:logGet(43)) - raft.server.log.statemachine.data.sync.timeout = 10s (default)
2019-10-15 01:24:44,583 [pool-27-thread-1] INFO  server.RaftServerConfigKeys (ConfUtils.java:logGet(43)) - raft.server.log.statemachine.data.sync.timeout.retry = -1 (default)
2019-10-15 01:24:44,595 [pool-27-thread-1] INFO  server.RaftServerConfigKeys (ConfUtils.java:logGet(43)) - raft.server.log.statemachine.data.caching.enabled = true (custom)
2019-10-15 01:24:44,601 [pool-27-thread-1] INFO  segmented.SegmentedRaftLogWorker (SegmentedRaftLogWorker.java:lambda$new$0(128)) - 755ef487-dc5c-49f0-8786-a5a94d7851cf@group-610308CBE19C-SegmentedRaftLogWorker: flushIndex: setUnconditionally 0 -> -1
2019-10-15 01:24:44,605 [pool-27-thread-1] INFO  server.RaftServerConfigKeys (ConfUtils.java:logGet(43)) - raft.server.snapshot.auto.trigger.enabled = true (custom)
2019-10-15 01:24:44,606 [pool-27-thread-1] INFO  server.RaftServerConfigKeys (ConfUtils.java:logGet(43)) - raft.server.snapshot.auto.trigger.threshold = 10000 (custom)
2019-10-15 01:24:44,607 [pool-27-thread-1] INFO  server.RaftServerConfigKeys (ConfUtils.java:logGet(43)) - raft.server.snapshot.retention.file.num = 5 (custom)
2019-10-15 01:24:44,607 [pool-27-thread-1] INFO  server.RaftServerConfigKeys (ConfUtils.java:logGet(43)) - raft.server.retrycache.expirytime = 600000ms (custom)
2019-10-15 01:24:44,634 [pool-27-thread-1] INFO  impl.RaftServerImpl (RaftServerImpl.java:start(181)) - 755ef487-dc5c-49f0-8786-a5a94d7851cf@group-610308CBE19C: start as a follower, conf=-1: [755ef487-dc5c-49f0-8786-a5a94d7851cf:192.168.164.218:44480], old=null
2019-10-15 01:24:44,635 [pool-27-thread-1] INFO  impl.RaftServerImpl (RaftServerImpl.java:setRole(170)) - 755ef487-dc5c-49f0-8786-a5a94d7851cf@group-610308CBE19C: changes role from      null to FOLLOWER at term 0 for startAsFollower
2019-10-15 01:24:44,636 [pool-27-thread-1] INFO  impl.RoleInfo (RoleInfo.java:updateAndGet(143)) - 755ef487-dc5c-49f0-8786-a5a94d7851cf: start FollowerState
2019-10-15 01:24:44,638 [pool-27-thread-1] INFO  util.JmxRegister (JmxRegister.java:tryRegister(44)) - Successfully registered JMX Bean with object name Ratis:service=RaftServer,group=group-610308CBE19C,id=755ef487-dc5c-49f0-8786-a5a94d7851cf
2019-10-15 01:24:44,703 [RatisPipelineUtilsThread] INFO  pipeline.PipelineStateManager (PipelineStateManager.java:addPipeline(57)) - Created pipeline Pipeline[ Id: c0ba3eda-ea2b-424d-8290-610308cbe19c, Nodes: 755ef487-dc5c-49f0-8786-a5a94d7851cf{ip: 192.168.164.218, host: pr-hdds-1868-7bj8h-208101609, networkLocation: /default-rack, certSerialId: null}, Type:RATIS, Factor:ONE, State:ALLOCATED]
2019-10-15 01:24:44,719 [grpc-default-executor-0] INFO  impl.RaftServerProxy (RaftServerProxy.java:addNew(89)) - e64c7732-fb55-4271-8d7c-cf792785654a: addNew group-156230CA6D75:[e64c7732-fb55-4271-8d7c-cf792785654a:192.168.164.218:44527] returns group-156230CA6D75:java.util.concurrent.CompletableFuture@6fe95da6[Not completed]
2019-10-15 01:24:44,745 [pool-37-thread-1] INFO  impl.RaftServerImpl (RaftServerImpl.java:<init>(95)) - e64c7732-fb55-4271-8d7c-cf792785654a: new RaftServerImpl for group-156230CA6D75:[e64c7732-fb55-4271-8d7c-cf792785654a:192.168.164.218:44527] with ContainerStateMachine:uninitialized
2019-10-15 01:24:44,746 [pool-37-thread-1] INFO  server.RaftServerConfigKeys (ConfUtils.java:logGet(43)) - raft.server.rpc.timeout.min = 5s (custom)
2019-10-15 01:24:44,747 [pool-37-thread-1] INFO  server.RaftServerConfigKeys (ConfUtils.java:logGet(43)) - raft.server.rpc.timeout.max = 5200ms (custom)
2019-10-15 01:24:44,747 [pool-37-thread-1] INFO  server.RaftServerConfigKeys (ConfUtils.java:logGet(43)) - raft.server.rpcslowness.timeout = 120s (custom)
2019-10-15 01:24:44,747 [pool-37-thread-1] INFO  server.RaftServerConfigKeys (ConfUtils.java:logGet(43)) - raft.server.sleep.deviation.threshold = 300 (default)
2019-10-15 01:24:44,747 [pool-37-thread-1] INFO  server.RaftServerConfigKeys (ConfUtils.java:logGet(43)) - raft.server.log.appender.install.snapshot.enabled = false (custom)
2019-10-15 01:24:44,747 [pool-37-thread-1] INFO  impl.RaftServerImpl (ServerState.java:<init>(103)) - e64c7732-fb55-4271-8d7c-cf792785654a@group-156230CA6D75: ConfigurationManager, init=-1: [e64c7732-fb55-4271-8d7c-cf792785654a:192.168.164.218:44527], old=null, confs=<EMPTY_MAP>
2019-10-15 01:24:44,747 [pool-37-thread-1] INFO  server.RaftServerConfigKeys (ConfUtils.java:logGet(43)) - raft.server.storage.dir = [/workdir/hadoop-ozone/integration-test/target/test-dir/MiniOzoneClusterImpl-820509b4-500a-4e43-948b-909f0db04d64/datanode-1/data/ratis] (custom)
2019-10-15 01:24:44,748 [pool-37-thread-1] INFO  server.RaftServerConfigKeys (ConfUtils.java:logGet(43)) - raft.server.log.corruption.policy = EXCEPTION (default)
2019-10-15 01:24:44,748 [pool-37-thread-1] INFO  storage.RaftStorageDirectory (RaftStorageDirectory.java:analyzeStorage(246)) - The storage directory /workdir/hadoop-ozone/integration-test/target/test-dir/MiniOzoneClusterImpl-820509b4-500a-4e43-948b-909f0db04d64/datanode-1/data/ratis/4fb8881c-0e00-463f-8887-156230ca6d75 does not exist. Creating ...
2019-10-15 01:24:44,781 [pool-37-thread-1] INFO  storage.RaftStorageDirectory (RaftStorageDirectory.java:tryLock(328)) - Lock on /workdir/hadoop-ozone/integration-test/target/test-dir/MiniOzoneClusterImpl-820509b4-500a-4e43-948b-909f0db04d64/datanode-1/data/ratis/4fb8881c-0e00-463f-8887-156230ca6d75/in_use.lock acquired by nodename 1649@pr-hdds-1868-7bj8h-208101609
2019-10-15 01:24:44,804 [pool-37-thread-1] INFO  storage.RaftStorage (RaftStorage.java:format(84)) - Storage directory /workdir/hadoop-ozone/integration-test/target/test-dir/MiniOzoneClusterImpl-820509b4-500a-4e43-948b-909f0db04d64/datanode-1/data/ratis/4fb8881c-0e00-463f-8887-156230ca6d75 has been successfully formatted.
2019-10-15 01:24:44,805 [pool-37-thread-1] INFO  ratis.ContainerStateMachine (ContainerStateMachine.java:loadSnapshot(233)) - group-156230CA6D75: The snapshot info is null. Setting the last applied indexto:(t:0, i:~)
2019-10-15 01:24:44,807 [pool-37-thread-1] INFO  server.RaftServerConfigKeys (ConfUtils.java:logGet(43)) - raft.server.notification.no-leader.timeout = 120s (custom)
2019-10-15 01:24:44,807 [pool-37-thread-1] INFO  server.RaftServerConfigKeys (ConfUtils.java:logGet(43)) - raft.server.log.use.memory = false (default)
2019-10-15 01:24:44,807 [pool-37-thread-1] INFO  server.RaftServerConfigKeys (ConfUtils.java:logGet(43)) - raft.server.log.purge.gap = 1000000 (custom)
2019-10-15 01:24:44,807 [pool-37-thread-1] INFO  server.RaftServerConfigKeys (ConfUtils.java:logGet(43)) - raft.server.log.appender.buffer.byte-limit = 33554432 (custom)
2019-10-15 01:24:44,808 [pool-37-thread-1] INFO  server.RaftServerConfigKeys (ConfUtils.java:logGet(43)) - raft.server.log.segment.size.max = 1048576 (custom)
2019-10-15 01:24:44,815 [pool-37-thread-1] INFO  server.RaftServerConfigKeys (ConfUtils.java:logGet(43)) - raft.server.log.segment.cache.num.max = 2 (custom)
2019-10-15 01:24:44,815 [pool-37-thread-1] INFO  segmented.SegmentedRaftLogWorker (SegmentedRaftLogWorker.java:<init>(173)) - new e64c7732-fb55-4271-8d7c-cf792785654a@group-156230CA6D75-SegmentedRaftLogWorker for RaftStorage:Storage Directory /workdir/hadoop-ozone/integration-test/target/test-dir/MiniOzoneClusterImpl-820509b4-500a-4e43-948b-909f0db04d64/datanode-1/data/ratis/4fb8881c-0e00-463f-8887-156230ca6d75
2019-10-15 01:24:44,816 [pool-37-thread-1] INFO  server.RaftServerConfigKeys (ConfUtils.java:logGet(43)) - raft.server.log.queue.byte-limit = 2147483647 (custom)
2019-10-15 01:24:44,817 [pool-37-thread-1] INFO  server.RaftServerConfigKeys (ConfUtils.java:logGet(43)) - raft.server.log.queue.element-limit = 1024 (custom)
2019-10-15 01:24:44,817 [pool-37-thread-1] INFO  server.RaftServerConfigKeys (ConfUtils.java:logGet(43)) - raft.server.log.segment.size.max = 1048576 (custom)
2019-10-15 01:24:44,817 [pool-37-thread-1] INFO  server.RaftServerConfigKeys (ConfUtils.java:logGet(43)) - raft.server.log.preallocated.size = 16384 (custom)
2019-10-15 01:24:44,817 [pool-37-thread-1] INFO  server.RaftServerConfigKeys (ConfUtils.java:logGet(43)) - raft.server.log.write.buffer.size = 33554432 (custom)
2019-10-15 01:24:44,818 [pool-37-thread-1] INFO  server.RaftServerConfigKeys (ConfUtils.java:logGet(43)) - raft.server.log.force.sync.num = 128 (default)
2019-10-15 01:24:44,818 [pool-37-thread-1] INFO  server.RaftServerConfigKeys (ConfUtils.java:logGet(43)) - raft.server.log.statemachine.data.sync = true (default)
2019-10-15 01:24:44,818 [pool-37-thread-1] INFO  server.RaftServerConfigKeys (ConfUtils.java:logGet(43)) - raft.server.log.statemachine.data.sync.timeout = 10s (default)
2019-10-15 01:24:44,818 [pool-37-thread-1] INFO  server.RaftServerConfigKeys (ConfUtils.java:logGet(43)) - raft.server.log.statemachine.data.sync.timeout.retry = -1 (default)
2019-10-15 01:24:44,820 [pool-37-thread-1] INFO  server.RaftServerConfigKeys (ConfUtils.java:logGet(43)) - raft.server.log.statemachine.data.caching.enabled = true (custom)
2019-10-15 01:24:44,821 [pool-37-thread-1] INFO  segmented.SegmentedRaftLogWorker (SegmentedRaftLogWorker.java:lambda$new$0(128)) - e64c7732-fb55-4271-8d7c-cf792785654a@group-156230CA6D75-SegmentedRaftLogWorker: flushIndex: setUnconditionally 0 -> -1
2019-10-15 01:24:44,821 [pool-37-thread-1] INFO  server.RaftServerConfigKeys (ConfUtils.java:logGet(43)) - raft.server.snapshot.auto.trigger.enabled = true (custom)
2019-10-15 01:24:44,821 [pool-37-thread-1] INFO  server.RaftServerConfigKeys (ConfUtils.java:logGet(43)) - raft.server.snapshot.auto.trigger.threshold = 10000 (custom)
2019-10-15 01:24:44,821 [pool-37-thread-1] INFO  server.RaftServerConfigKeys (ConfUtils.java:logGet(43)) - raft.server.snapshot.retention.file.num = 5 (custom)
2019-10-15 01:24:44,822 [pool-37-thread-1] INFO  server.RaftServerConfigKeys (ConfUtils.java:logGet(43)) - raft.server.retrycache.expirytime = 600000ms (custom)
2019-10-15 01:24:44,829 [pool-37-thread-1] INFO  impl.RaftServerImpl (RaftServerImpl.java:start(181)) - e64c7732-fb55-4271-8d7c-cf792785654a@group-156230CA6D75: start as a follower, conf=-1: [e64c7732-fb55-4271-8d7c-cf792785654a:192.168.164.218:44527], old=null
2019-10-15 01:24:44,830 [pool-37-thread-1] INFO  impl.RaftServerImpl (RaftServerImpl.java:setRole(170)) - e64c7732-fb55-4271-8d7c-cf792785654a@group-156230CA6D75: changes role from      null to FOLLOWER at term 0 for startAsFollower
2019-10-15 01:24:44,830 [pool-37-thread-1] INFO  impl.RoleInfo (RoleInfo.java:updateAndGet(143)) - e64c7732-fb55-4271-8d7c-cf792785654a: start FollowerState
2019-10-15 01:24:44,831 [pool-37-thread-1] INFO  util.JmxRegister (JmxRegister.java:tryRegister(44)) - Successfully registered JMX Bean with object name Ratis:service=RaftServer,group=group-156230CA6D75,id=e64c7732-fb55-4271-8d7c-cf792785654a
2019-10-15 01:24:44,853 [RatisPipelineUtilsThread] INFO  pipeline.PipelineStateManager (PipelineStateManager.java:addPipeline(57)) - Created pipeline Pipeline[ Id: 4fb8881c-0e00-463f-8887-156230ca6d75, Nodes: e64c7732-fb55-4271-8d7c-cf792785654a{ip: 192.168.164.218, host: pr-hdds-1868-7bj8h-208101609, networkLocation: /default-rack, certSerialId: null}, Type:RATIS, Factor:ONE, State:ALLOCATED]
2019-10-15 01:24:44,856 [main] INFO  ozone.MiniOzoneClusterImpl (MiniOzoneClusterImpl.java:lambda$waitForClusterToBeReady$2(164)) - Waiting for 2 number of pipelines out of 2, to report a leader.
2019-10-15 01:24:44,875 [grpc-default-executor-0] INFO  impl.RaftServerProxy (RaftServerProxy.java:addNew(89)) - 092a9b57-eeac-4fc9-9a65-b605a27d843e: addNew group-7BE0BCA4D632:[092a9b57-eeac-4fc9-9a65-b605a27d843e:192.168.164.218:35508] returns group-7BE0BCA4D632:java.util.concurrent.CompletableFuture@15828754[Not completed]
2019-10-15 01:24:44,896 [pool-47-thread-1] INFO  impl.RaftServerImpl (RaftServerImpl.java:<init>(95)) - 092a9b57-eeac-4fc9-9a65-b605a27d843e: new RaftServerImpl for group-7BE0BCA4D632:[092a9b57-eeac-4fc9-9a65-b605a27d843e:192.168.164.218:35508] with ContainerStateMachine:uninitialized
2019-10-15 01:24:44,897 [pool-47-thread-1] INFO  server.RaftServerConfigKeys (ConfUtils.java:logGet(43)) - raft.server.rpc.timeout.min = 5s (custom)
2019-10-15 01:24:44,897 [pool-47-thread-1] INFO  server.RaftServerConfigKeys (ConfUtils.java:logGet(43)) - raft.server.rpc.timeout.max = 5200ms (custom)
2019-10-15 01:24:44,897 [pool-47-thread-1] INFO  server.RaftServerConfigKeys (ConfUtils.java:logGet(43)) - raft.server.rpcslowness.timeout = 120s (custom)
2019-10-15 01:24:44,897 [pool-47-thread-1] INFO  server.RaftServerConfigKeys (ConfUtils.java:logGet(43)) - raft.server.sleep.deviation.threshold = 300 (default)
2019-10-15 01:24:44,898 [pool-47-thread-1] INFO  server.RaftServerConfigKeys (ConfUtils.java:logGet(43)) - raft.server.log.appender.install.snapshot.enabled = false (custom)
2019-10-15 01:24:44,898 [pool-47-thread-1] INFO  impl.RaftServerImpl (ServerState.java:<init>(103)) - 092a9b57-eeac-4fc9-9a65-b605a27d843e@group-7BE0BCA4D632: ConfigurationManager, init=-1: [092a9b57-eeac-4fc9-9a65-b605a27d843e:192.168.164.218:35508], old=null, confs=<EMPTY_MAP>
2019-10-15 01:24:44,898 [pool-47-thread-1] INFO  server.RaftServerConfigKeys (ConfUtils.java:logGet(43)) - raft.server.storage.dir = [/workdir/hadoop-ozone/integration-test/target/test-dir/MiniOzoneClusterImpl-820509b4-500a-4e43-948b-909f0db04d64/datanode-2/data/ratis] (custom)
2019-10-15 01:24:44,898 [pool-47-thread-1] INFO  server.RaftServerConfigKeys (ConfUtils.java:logGet(43)) - raft.server.log.corruption.policy = EXCEPTION (default)
2019-10-15 01:24:44,899 [pool-47-thread-1] INFO  storage.RaftStorageDirectory (RaftStorageDirectory.java:analyzeStorage(246)) - The storage directory /workdir/hadoop-ozone/integration-test/target/test-dir/MiniOzoneClusterImpl-820509b4-500a-4e43-948b-909f0db04d64/datanode-2/data/ratis/3dd53ef5-85dd-4889-bc03-7be0bca4d632 does not exist. Creating ...
2019-10-15 01:24:44,922 [pool-47-thread-1] INFO  storage.RaftStorageDirectory (RaftStorageDirectory.java:tryLock(328)) - Lock on /workdir/hadoop-ozone/integration-test/target/test-dir/MiniOzoneClusterImpl-820509b4-500a-4e43-948b-909f0db04d64/datanode-2/data/ratis/3dd53ef5-85dd-4889-bc03-7be0bca4d632/in_use.lock acquired by nodename 1649@pr-hdds-1868-7bj8h-208101609
2019-10-15 01:24:44,945 [pool-47-thread-1] INFO  storage.RaftStorage (RaftStorage.java:format(84)) - Storage directory /workdir/hadoop-ozone/integration-test/target/test-dir/MiniOzoneClusterImpl-820509b4-500a-4e43-948b-909f0db04d64/datanode-2/data/ratis/3dd53ef5-85dd-4889-bc03-7be0bca4d632 has been successfully formatted.
2019-10-15 01:24:44,946 [pool-47-thread-1] INFO  ratis.ContainerStateMachine (ContainerStateMachine.java:loadSnapshot(233)) - group-7BE0BCA4D632: The snapshot info is null. Setting the last applied indexto:(t:0, i:~)
2019-10-15 01:24:44,946 [pool-47-thread-1] INFO  server.RaftServerConfigKeys (ConfUtils.java:logGet(43)) - raft.server.notification.no-leader.timeout = 120s (custom)
2019-10-15 01:24:44,946 [pool-47-thread-1] INFO  server.RaftServerConfigKeys (ConfUtils.java:logGet(43)) - raft.server.log.use.memory = false (default)
2019-10-15 01:24:44,946 [pool-47-thread-1] INFO  server.RaftServerConfigKeys (ConfUtils.java:logGet(43)) - raft.server.log.purge.gap = 1000000 (custom)
2019-10-15 01:24:44,946 [pool-47-thread-1] INFO  server.RaftServerConfigKeys (ConfUtils.java:logGet(43)) - raft.server.log.appender.buffer.byte-limit = 33554432 (custom)
2019-10-15 01:24:44,947 [pool-47-thread-1] INFO  server.RaftServerConfigKeys (ConfUtils.java:logGet(43)) - raft.server.log.segment.size.max = 1048576 (custom)
2019-10-15 01:24:44,970 [pool-47-thread-1] INFO  server.RaftServerConfigKeys (ConfUtils.java:logGet(43)) - raft.server.log.segment.cache.num.max = 2 (custom)
2019-10-15 01:24:44,970 [pool-47-thread-1] INFO  segmented.SegmentedRaftLogWorker (SegmentedRaftLogWorker.java:<init>(173)) - new 092a9b57-eeac-4fc9-9a65-b605a27d843e@group-7BE0BCA4D632-SegmentedRaftLogWorker for RaftStorage:Storage Directory /workdir/hadoop-ozone/integration-test/target/test-dir/MiniOzoneClusterImpl-820509b4-500a-4e43-948b-909f0db04d64/datanode-2/data/ratis/3dd53ef5-85dd-4889-bc03-7be0bca4d632
2019-10-15 01:24:44,970 [pool-47-thread-1] INFO  server.RaftServerConfigKeys (ConfUtils.java:logGet(43)) - raft.server.log.queue.byte-limit = 2147483647 (custom)
2019-10-15 01:24:44,970 [pool-47-thread-1] INFO  server.RaftServerConfigKeys (ConfUtils.java:logGet(43)) - raft.server.log.queue.element-limit = 1024 (custom)
2019-10-15 01:24:44,970 [pool-47-thread-1] INFO  server.RaftServerConfigKeys (ConfUtils.java:logGet(43)) - raft.server.log.segment.size.max = 1048576 (custom)
2019-10-15 01:24:44,971 [pool-47-thread-1] INFO  server.RaftServerConfigKeys (ConfUtils.java:logGet(43)) - raft.server.log.preallocated.size = 16384 (custom)
2019-10-15 01:24:44,971 [pool-47-thread-1] INFO  server.RaftServerConfigKeys (ConfUtils.java:logGet(43)) - raft.server.log.write.buffer.size = 33554432 (custom)
2019-10-15 01:24:44,971 [pool-47-thread-1] INFO  server.RaftServerConfigKeys (ConfUtils.java:logGet(43)) - raft.server.log.force.sync.num = 128 (default)
2019-10-15 01:24:44,971 [pool-47-thread-1] INFO  server.RaftServerConfigKeys (ConfUtils.java:logGet(43)) - raft.server.log.statemachine.data.sync = true (default)
2019-10-15 01:24:44,971 [pool-47-thread-1] INFO  server.RaftServerConfigKeys (ConfUtils.java:logGet(43)) - raft.server.log.statemachine.data.sync.timeout = 10s (default)
2019-10-15 01:24:44,971 [pool-47-thread-1] INFO  server.RaftServerConfigKeys (ConfUtils.java:logGet(43)) - raft.server.log.statemachine.data.sync.timeout.retry = -1 (default)
2019-10-15 01:24:44,972 [pool-47-thread-1] INFO  server.RaftServerConfigKeys (ConfUtils.java:logGet(43)) - raft.server.log.statemachine.data.caching.enabled = true (custom)
2019-10-15 01:24:44,972 [pool-47-thread-1] INFO  segmented.SegmentedRaftLogWorker (SegmentedRaftLogWorker.java:lambda$new$0(128)) - 092a9b57-eeac-4fc9-9a65-b605a27d843e@group-7BE0BCA4D632-SegmentedRaftLogWorker: flushIndex: setUnconditionally 0 -> -1
2019-10-15 01:24:44,973 [pool-47-thread-1] INFO  server.RaftServerConfigKeys (ConfUtils.java:logGet(43)) - raft.server.snapshot.auto.trigger.enabled = true (custom)
2019-10-15 01:24:44,973 [pool-47-thread-1] INFO  server.RaftServerConfigKeys (ConfUtils.java:logGet(43)) - raft.server.snapshot.auto.trigger.threshold = 10000 (custom)
2019-10-15 01:24:44,973 [pool-47-thread-1] INFO  server.RaftServerConfigKeys (ConfUtils.java:logGet(43)) - raft.server.snapshot.retention.file.num = 5 (custom)
2019-10-15 01:24:44,973 [pool-47-thread-1] INFO  server.RaftServerConfigKeys (ConfUtils.java:logGet(43)) - raft.server.retrycache.expirytime = 600000ms (custom)
2019-10-15 01:24:44,976 [pool-47-thread-1] INFO  impl.RaftServerImpl (RaftServerImpl.java:start(181)) - 092a9b57-eeac-4fc9-9a65-b605a27d843e@group-7BE0BCA4D632: start as a follower, conf=-1: [092a9b57-eeac-4fc9-9a65-b605a27d843e:192.168.164.218:35508], old=null
2019-10-15 01:24:44,977 [pool-47-thread-1] INFO  impl.RaftServerImpl (RaftServerImpl.java:setRole(170)) - 092a9b57-eeac-4fc9-9a65-b605a27d843e@group-7BE0BCA4D632: changes role from      null to FOLLOWER at term 0 for startAsFollower
2019-10-15 01:24:44,977 [pool-47-thread-1] INFO  impl.RoleInfo (RoleInfo.java:updateAndGet(143)) - 092a9b57-eeac-4fc9-9a65-b605a27d843e: start FollowerState
2019-10-15 01:24:44,977 [pool-47-thread-1] INFO  util.JmxRegister (JmxRegister.java:tryRegister(44)) - Successfully registered JMX Bean with object name Ratis:service=RaftServer,group=group-7BE0BCA4D632,id=092a9b57-eeac-4fc9-9a65-b605a27d843e
2019-10-15 01:24:44,992 [RatisPipelineUtilsThread] INFO  pipeline.PipelineStateManager (PipelineStateManager.java:addPipeline(57)) - Created pipeline Pipeline[ Id: 3dd53ef5-85dd-4889-bc03-7be0bca4d632, Nodes: 092a9b57-eeac-4fc9-9a65-b605a27d843e{ip: 192.168.164.218, host: pr-hdds-1868-7bj8h-208101609, networkLocation: /default-rack, certSerialId: null}, Type:RATIS, Factor:ONE, State:ALLOCATED]
2019-10-15 01:24:45,028 [grpc-default-executor-1] INFO  impl.RaftServerProxy (RaftServerProxy.java:addNew(89)) - 092a9b57-eeac-4fc9-9a65-b605a27d843e: addNew group-A8392D845D50:[092a9b57-eeac-4fc9-9a65-b605a27d843e:192.168.164.218:35508, e64c7732-fb55-4271-8d7c-cf792785654a:192.168.164.218:44527, 755ef487-dc5c-49f0-8786-a5a94d7851cf:192.168.164.218:44480] returns group-A8392D845D50:java.util.concurrent.CompletableFuture@4d86f7d[Not completed]
2019-10-15 01:24:45,028 [grpc-default-executor-2] INFO  impl.RaftServerProxy (RaftServerProxy.java:addNew(89)) - e64c7732-fb55-4271-8d7c-cf792785654a: addNew group-A8392D845D50:[092a9b57-eeac-4fc9-9a65-b605a27d843e:192.168.164.218:35508, e64c7732-fb55-4271-8d7c-cf792785654a:192.168.164.218:44527, 755ef487-dc5c-49f0-8786-a5a94d7851cf:192.168.164.218:44480] returns group-A8392D845D50:java.util.concurrent.CompletableFuture@28721c23[Not completed]
2019-10-15 01:24:45,029 [grpc-default-executor-0] INFO  impl.RaftServerProxy (RaftServerProxy.java:addNew(89)) - 755ef487-dc5c-49f0-8786-a5a94d7851cf: addNew group-A8392D845D50:[092a9b57-eeac-4fc9-9a65-b605a27d843e:192.168.164.218:35508, e64c7732-fb55-4271-8d7c-cf792785654a:192.168.164.218:44527, 755ef487-dc5c-49f0-8786-a5a94d7851cf:192.168.164.218:44480] returns group-A8392D845D50:java.util.concurrent.CompletableFuture@5153a3ad[Not completed]
2019-10-15 01:24:45,030 [pool-47-thread-1] INFO  impl.RaftServerImpl (RaftServerImpl.java:<init>(95)) - 092a9b57-eeac-4fc9-9a65-b605a27d843e: new RaftServerImpl for group-A8392D845D50:[092a9b57-eeac-4fc9-9a65-b605a27d843e:192.168.164.218:35508, e64c7732-fb55-4271-8d7c-cf792785654a:192.168.164.218:44527, 755ef487-dc5c-49f0-8786-a5a94d7851cf:192.168.164.218:44480] with ContainerStateMachine:uninitialized
2019-10-15 01:24:45,030 [pool-47-thread-1] INFO  server.RaftServerConfigKeys (ConfUtils.java:logGet(43)) - raft.server.rpc.timeout.min = 5s (custom)
2019-10-15 01:24:45,031 [pool-47-thread-1] INFO  server.RaftServerConfigKeys (ConfUtils.java:logGet(43)) - raft.server.rpc.timeout.max = 5200ms (custom)
2019-10-15 01:24:45,031 [pool-47-thread-1] INFO  server.RaftServerConfigKeys (ConfUtils.java:logGet(43)) - raft.server.rpcslowness.timeout = 120s (custom)
2019-10-15 01:24:45,031 [pool-47-thread-1] INFO  server.RaftServerConfigKeys (ConfUtils.java:logGet(43)) - raft.server.sleep.deviation.threshold = 300 (default)
2019-10-15 01:24:45,031 [pool-47-thread-1] INFO  server.RaftServerConfigKeys (ConfUtils.java:logGet(43)) - raft.server.log.appender.install.snapshot.enabled = false (custom)
2019-10-15 01:24:45,031 [pool-27-thread-1] INFO  impl.RaftServerImpl (RaftServerImpl.java:<init>(95)) - 755ef487-dc5c-49f0-8786-a5a94d7851cf: new RaftServerImpl for group-A8392D845D50:[092a9b57-eeac-4fc9-9a65-b605a27d843e:192.168.164.218:35508, e64c7732-fb55-4271-8d7c-cf792785654a:192.168.164.218:44527, 755ef487-dc5c-49f0-8786-a5a94d7851cf:192.168.164.218:44480] with ContainerStateMachine:uninitialized
2019-10-15 01:24:45,031 [pool-47-thread-1] INFO  impl.RaftServerImpl (ServerState.java:<init>(103)) - 092a9b57-eeac-4fc9-9a65-b605a27d843e@group-A8392D845D50: ConfigurationManager, init=-1: [092a9b57-eeac-4fc9-9a65-b605a27d843e:192.168.164.218:35508, e64c7732-fb55-4271-8d7c-cf792785654a:192.168.164.218:44527, 755ef487-dc5c-49f0-8786-a5a94d7851cf:192.168.164.218:44480], old=null, confs=<EMPTY_MAP>
2019-10-15 01:24:45,032 [pool-27-thread-1] INFO  server.RaftServerConfigKeys (ConfUtils.java:logGet(43)) - raft.server.rpc.timeout.min = 5s (custom)
2019-10-15 01:24:45,032 [pool-47-thread-1] INFO  server.RaftServerConfigKeys (ConfUtils.java:logGet(43)) - raft.server.storage.dir = [/workdir/hadoop-ozone/integration-test/target/test-dir/MiniOzoneClusterImpl-820509b4-500a-4e43-948b-909f0db04d64/datanode-2/data/ratis] (custom)
2019-10-15 01:24:45,032 [pool-27-thread-1] INFO  server.RaftServerConfigKeys (ConfUtils.java:logGet(43)) - raft.server.rpc.timeout.max = 5200ms (custom)
2019-10-15 01:24:45,032 [pool-27-thread-1] INFO  server.RaftServerConfigKeys (ConfUtils.java:logGet(43)) - raft.server.rpcslowness.timeout = 120s (custom)
2019-10-15 01:24:45,032 [pool-47-thread-1] INFO  server.RaftServerConfigKeys (ConfUtils.java:logGet(43)) - raft.server.log.corruption.policy = EXCEPTION (default)
2019-10-15 01:24:45,032 [pool-27-thread-1] INFO  server.RaftServerConfigKeys (ConfUtils.java:logGet(43)) - raft.server.sleep.deviation.threshold = 300 (default)
2019-10-15 01:24:45,032 [pool-47-thread-1] INFO  storage.RaftStorageDirectory (RaftStorageDirectory.java:analyzeStorage(246)) - The storage directory /workdir/hadoop-ozone/integration-test/target/test-dir/MiniOzoneClusterImpl-820509b4-500a-4e43-948b-909f0db04d64/datanode-2/data/ratis/9ba7048f-0396-4c13-b604-a8392d845d50 does not exist. Creating ...
2019-10-15 01:24:45,032 [pool-27-thread-1] INFO  server.RaftServerConfigKeys (ConfUtils.java:logGet(43)) - raft.server.log.appender.install.snapshot.enabled = false (custom)
2019-10-15 01:24:45,033 [pool-37-thread-1] INFO  impl.RaftServerImpl (RaftServerImpl.java:<init>(95)) - e64c7732-fb55-4271-8d7c-cf792785654a: new RaftServerImpl for group-A8392D845D50:[092a9b57-eeac-4fc9-9a65-b605a27d843e:192.168.164.218:35508, e64c7732-fb55-4271-8d7c-cf792785654a:192.168.164.218:44527, 755ef487-dc5c-49f0-8786-a5a94d7851cf:192.168.164.218:44480] with ContainerStateMachine:uninitialized
2019-10-15 01:24:45,033 [pool-27-thread-1] INFO  impl.RaftServerImpl (ServerState.java:<init>(103)) - 755ef487-dc5c-49f0-8786-a5a94d7851cf@group-A8392D845D50: ConfigurationManager, init=-1: [092a9b57-eeac-4fc9-9a65-b605a27d843e:192.168.164.218:35508, e64c7732-fb55-4271-8d7c-cf792785654a:192.168.164.218:44527, 755ef487-dc5c-49f0-8786-a5a94d7851cf:192.168.164.218:44480], old=null, confs=<EMPTY_MAP>
2019-10-15 01:24:45,033 [pool-37-thread-1] INFO  server.RaftServerConfigKeys (ConfUtils.java:logGet(43)) - raft.server.rpc.timeout.min = 5s (custom)
2019-10-15 01:24:45,033 [pool-27-thread-1] INFO  server.RaftServerConfigKeys (ConfUtils.java:logGet(43)) - raft.server.storage.dir = [/workdir/hadoop-ozone/integration-test/target/test-dir/MiniOzoneClusterImpl-820509b4-500a-4e43-948b-909f0db04d64/datanode-0/data/ratis] (custom)
2019-10-15 01:24:45,033 [pool-37-thread-1] INFO  server.RaftServerConfigKeys (ConfUtils.java:logGet(43)) - raft.server.rpc.timeout.max = 5200ms (custom)
2019-10-15 01:24:45,034 [pool-27-thread-1] INFO  server.RaftServerConfigKeys (ConfUtils.java:logGet(43)) - raft.server.log.corruption.policy = EXCEPTION (default)
2019-10-15 01:24:45,034 [pool-37-thread-1] INFO  server.RaftServerConfigKeys (ConfUtils.java:logGet(43)) - raft.server.rpcslowness.timeout = 120s (custom)
2019-10-15 01:24:45,034 [pool-27-thread-1] INFO  storage.RaftStorageDirectory (RaftStorageDirectory.java:analyzeStorage(246)) - The storage directory /workdir/hadoop-ozone/integration-test/target/test-dir/MiniOzoneClusterImpl-820509b4-500a-4e43-948b-909f0db04d64/datanode-0/data/ratis/9ba7048f-0396-4c13-b604-a8392d845d50 does not exist. Creating ...
2019-10-15 01:24:45,034 [pool-37-thread-1] INFO  server.RaftServerConfigKeys (ConfUtils.java:logGet(43)) - raft.server.sleep.deviation.threshold = 300 (default)
2019-10-15 01:24:45,034 [pool-37-thread-1] INFO  server.RaftServerConfigKeys (ConfUtils.java:logGet(43)) - raft.server.log.appender.install.snapshot.enabled = false (custom)
2019-10-15 01:24:45,035 [pool-37-thread-1] INFO  impl.RaftServerImpl (ServerState.java:<init>(103)) - e64c7732-fb55-4271-8d7c-cf792785654a@group-A8392D845D50: ConfigurationManager, init=-1: [092a9b57-eeac-4fc9-9a65-b605a27d843e:192.168.164.218:35508, e64c7732-fb55-4271-8d7c-cf792785654a:192.168.164.218:44527, 755ef487-dc5c-49f0-8786-a5a94d7851cf:192.168.164.218:44480], old=null, confs=<EMPTY_MAP>
2019-10-15 01:24:45,035 [pool-37-thread-1] INFO  server.RaftServerConfigKeys (ConfUtils.java:logGet(43)) - raft.server.storage.dir = [/workdir/hadoop-ozone/integration-test/target/test-dir/MiniOzoneClusterImpl-820509b4-500a-4e43-948b-909f0db04d64/datanode-1/data/ratis] (custom)
2019-10-15 01:24:45,035 [pool-37-thread-1] INFO  server.RaftServerConfigKeys (ConfUtils.java:logGet(43)) - raft.server.log.corruption.policy = EXCEPTION (default)
2019-10-15 01:24:45,036 [pool-37-thread-1] INFO  storage.RaftStorageDirectory (RaftStorageDirectory.java:analyzeStorage(246)) - The storage directory /workdir/hadoop-ozone/integration-test/target/test-dir/MiniOzoneClusterImpl-820509b4-500a-4e43-948b-909f0db04d64/datanode-1/data/ratis/9ba7048f-0396-4c13-b604-a8392d845d50 does not exist. Creating ...
2019-10-15 01:24:45,061 [pool-47-thread-1] INFO  storage.RaftStorageDirectory (RaftStorageDirectory.java:tryLock(328)) - Lock on /workdir/hadoop-ozone/integration-test/target/test-dir/MiniOzoneClusterImpl-820509b4-500a-4e43-948b-909f0db04d64/datanode-2/data/ratis/9ba7048f-0396-4c13-b604-a8392d845d50/in_use.lock acquired by nodename 1649@pr-hdds-1868-7bj8h-208101609
2019-10-15 01:24:45,061 [pool-37-thread-1] INFO  storage.RaftStorageDirectory (RaftStorageDirectory.java:tryLock(328)) - Lock on /workdir/hadoop-ozone/integration-test/target/test-dir/MiniOzoneClusterImpl-820509b4-500a-4e43-948b-909f0db04d64/datanode-1/data/ratis/9ba7048f-0396-4c13-b604-a8392d845d50/in_use.lock acquired by nodename 1649@pr-hdds-1868-7bj8h-208101609
2019-10-15 01:24:45,061 [pool-27-thread-1] INFO  storage.RaftStorageDirectory (RaftStorageDirectory.java:tryLock(328)) - Lock on /workdir/hadoop-ozone/integration-test/target/test-dir/MiniOzoneClusterImpl-820509b4-500a-4e43-948b-909f0db04d64/datanode-0/data/ratis/9ba7048f-0396-4c13-b604-a8392d845d50/in_use.lock acquired by nodename 1649@pr-hdds-1868-7bj8h-208101609
2019-10-15 01:24:45,083 [pool-37-thread-1] INFO  storage.RaftStorage (RaftStorage.java:format(84)) - Storage directory /workdir/hadoop-ozone/integration-test/target/test-dir/MiniOzoneClusterImpl-820509b4-500a-4e43-948b-909f0db04d64/datanode-1/data/ratis/9ba7048f-0396-4c13-b604-a8392d845d50 has been successfully formatted.
2019-10-15 01:24:45,083 [pool-27-thread-1] INFO  storage.RaftStorage (RaftStorage.java:format(84)) - Storage directory /workdir/hadoop-ozone/integration-test/target/test-dir/MiniOzoneClusterImpl-820509b4-500a-4e43-948b-909f0db04d64/datanode-0/data/ratis/9ba7048f-0396-4c13-b604-a8392d845d50 has been successfully formatted.
2019-10-15 01:24:45,083 [pool-47-thread-1] INFO  storage.RaftStorage (RaftStorage.java:format(84)) - Storage directory /workdir/hadoop-ozone/integration-test/target/test-dir/MiniOzoneClusterImpl-820509b4-500a-4e43-948b-909f0db04d64/datanode-2/data/ratis/9ba7048f-0396-4c13-b604-a8392d845d50 has been successfully formatted.
2019-10-15 01:24:45,084 [pool-37-thread-1] INFO  ratis.ContainerStateMachine (ContainerStateMachine.java:loadSnapshot(233)) - group-A8392D845D50: The snapshot info is null. Setting the last applied indexto:(t:0, i:~)
2019-10-15 01:24:45,084 [pool-27-thread-1] INFO  ratis.ContainerStateMachine (ContainerStateMachine.java:loadSnapshot(233)) - group-A8392D845D50: The snapshot info is null. Setting the last applied indexto:(t:0, i:~)
2019-10-15 01:24:45,084 [pool-47-thread-1] INFO  ratis.ContainerStateMachine (ContainerStateMachine.java:loadSnapshot(233)) - group-A8392D845D50: The snapshot info is null. Setting the last applied indexto:(t:0, i:~)
2019-10-15 01:24:45,084 [pool-37-thread-1] INFO  server.RaftServerConfigKeys (ConfUtils.java:logGet(43)) - raft.server.notification.no-leader.timeout = 120s (custom)
2019-10-15 01:24:45,084 [pool-27-thread-1] INFO  server.RaftServerConfigKeys (ConfUtils.java:logGet(43)) - raft.server.notification.no-leader.timeout = 120s (custom)
2019-10-15 01:24:45,084 [pool-47-thread-1] INFO  server.RaftServerConfigKeys (ConfUtils.java:logGet(43)) - raft.server.notification.no-leader.timeout = 120s (custom)
2019-10-15 01:24:45,085 [pool-27-thread-1] INFO  server.RaftServerConfigKeys (ConfUtils.java:logGet(43)) - raft.server.log.use.memory = false (default)
2019-10-15 01:24:45,085 [pool-37-thread-1] INFO  server.RaftServerConfigKeys (ConfUtils.java:logGet(43)) - raft.server.log.use.memory = false (default)
2019-10-15 01:24:45,085 [pool-27-thread-1] INFO  server.RaftServerConfigKeys (ConfUtils.java:logGet(43)) - raft.server.log.purge.gap = 1000000 (custom)
2019-10-15 01:24:45,085 [pool-47-thread-1] INFO  server.RaftServerConfigKeys (ConfUtils.java:logGet(43)) - raft.server.log.use.memory = false (default)
2019-10-15 01:24:45,085 [pool-27-thread-1] INFO  server.RaftServerConfigKeys (ConfUtils.java:logGet(43)) - raft.server.log.appender.buffer.byte-limit = 33554432 (custom)
2019-10-15 01:24:45,085 [pool-37-thread-1] INFO  server.RaftServerConfigKeys (ConfUtils.java:logGet(43)) - raft.server.log.purge.gap = 1000000 (custom)
2019-10-15 01:24:45,086 [pool-27-thread-1] INFO  server.RaftServerConfigKeys (ConfUtils.java:logGet(43)) - raft.server.log.segment.size.max = 1048576 (custom)
2019-10-15 01:24:45,086 [pool-47-thread-1] INFO  server.RaftServerConfigKeys (ConfUtils.java:logGet(43)) - raft.server.log.purge.gap = 1000000 (custom)
2019-10-15 01:24:45,086 [pool-27-thread-1] INFO  server.RaftServerConfigKeys (ConfUtils.java:logGet(43)) - raft.server.log.segment.cache.num.max = 2 (custom)
2019-10-15 01:24:45,086 [pool-37-thread-1] INFO  server.RaftServerConfigKeys (ConfUtils.java:logGet(43)) - raft.server.log.appender.buffer.byte-limit = 33554432 (custom)
2019-10-15 01:24:45,087 [pool-27-thread-1] INFO  segmented.SegmentedRaftLogWorker (SegmentedRaftLogWorker.java:<init>(173)) - new 755ef487-dc5c-49f0-8786-a5a94d7851cf@group-A8392D845D50-SegmentedRaftLogWorker for RaftStorage:Storage Directory /workdir/hadoop-ozone/integration-test/target/test-dir/MiniOzoneClusterImpl-820509b4-500a-4e43-948b-909f0db04d64/datanode-0/data/ratis/9ba7048f-0396-4c13-b604-a8392d845d50
2019-10-15 01:24:45,086 [pool-47-thread-1] INFO  server.RaftServerConfigKeys (ConfUtils.java:logGet(43)) - raft.server.log.appender.buffer.byte-limit = 33554432 (custom)
2019-10-15 01:24:45,087 [pool-27-thread-1] INFO  server.RaftServerConfigKeys (ConfUtils.java:logGet(43)) - raft.server.log.queue.byte-limit = 2147483647 (custom)
2019-10-15 01:24:45,087 [pool-37-thread-1] INFO  server.RaftServerConfigKeys (ConfUtils.java:logGet(43)) - raft.server.log.segment.size.max = 1048576 (custom)
2019-10-15 01:24:45,087 [pool-27-thread-1] INFO  server.RaftServerConfigKeys (ConfUtils.java:logGet(43)) - raft.server.log.queue.element-limit = 1024 (custom)
2019-10-15 01:24:45,087 [pool-47-thread-1] INFO  server.RaftServerConfigKeys (ConfUtils.java:logGet(43)) - raft.server.log.segment.size.max = 1048576 (custom)
2019-10-15 01:24:45,088 [pool-27-thread-1] INFO  server.RaftServerConfigKeys (ConfUtils.java:logGet(43)) - raft.server.log.segment.size.max = 1048576 (custom)
2019-10-15 01:24:45,088 [pool-37-thread-1] INFO  server.RaftServerConfigKeys (ConfUtils.java:logGet(43)) - raft.server.log.segment.cache.num.max = 2 (custom)
2019-10-15 01:24:45,088 [pool-27-thread-1] INFO  server.RaftServerConfigKeys (ConfUtils.java:logGet(43)) - raft.server.log.preallocated.size = 16384 (custom)
2019-10-15 01:24:45,088 [pool-47-thread-1] INFO  server.RaftServerConfigKeys (ConfUtils.java:logGet(43)) - raft.server.log.segment.cache.num.max = 2 (custom)
2019-10-15 01:24:45,089 [pool-27-thread-1] INFO  server.RaftServerConfigKeys (ConfUtils.java:logGet(43)) - raft.server.log.write.buffer.size = 33554432 (custom)
2019-10-15 01:24:45,088 [pool-37-thread-1] INFO  segmented.SegmentedRaftLogWorker (SegmentedRaftLogWorker.java:<init>(173)) - new e64c7732-fb55-4271-8d7c-cf792785654a@group-A8392D845D50-SegmentedRaftLogWorker for RaftStorage:Storage Directory /workdir/hadoop-ozone/integration-test/target/test-dir/MiniOzoneClusterImpl-820509b4-500a-4e43-948b-909f0db04d64/datanode-1/data/ratis/9ba7048f-0396-4c13-b604-a8392d845d50
2019-10-15 01:24:45,089 [pool-27-thread-1] INFO  server.RaftServerConfigKeys (ConfUtils.java:logGet(43)) - raft.server.log.force.sync.num = 128 (default)
2019-10-15 01:24:45,089 [pool-47-thread-1] INFO  segmented.SegmentedRaftLogWorker (SegmentedRaftLogWorker.java:<init>(173)) - new 092a9b57-eeac-4fc9-9a65-b605a27d843e@group-A8392D845D50-SegmentedRaftLogWorker for RaftStorage:Storage Directory /workdir/hadoop-ozone/integration-test/target/test-dir/MiniOzoneClusterImpl-820509b4-500a-4e43-948b-909f0db04d64/datanode-2/data/ratis/9ba7048f-0396-4c13-b604-a8392d845d50
2019-10-15 01:24:45,089 [pool-27-thread-1] INFO  server.RaftServerConfigKeys (ConfUtils.java:logGet(43)) - raft.server.log.statemachine.data.sync = true (default)
2019-10-15 01:24:45,089 [pool-37-thread-1] INFO  server.RaftServerConfigKeys (ConfUtils.java:logGet(43)) - raft.server.log.queue.byte-limit = 2147483647 (custom)
2019-10-15 01:24:45,090 [pool-27-thread-1] INFO  server.RaftServerConfigKeys (ConfUtils.java:logGet(43)) - raft.server.log.statemachine.data.sync.timeout = 10s (default)
2019-10-15 01:24:45,089 [pool-47-thread-1] INFO  server.RaftServerConfigKeys (ConfUtils.java:logGet(43)) - raft.server.log.queue.byte-limit = 2147483647 (custom)
2019-10-15 01:24:45,090 [pool-27-thread-1] INFO  server.RaftServerConfigKeys (ConfUtils.java:logGet(43)) - raft.server.log.statemachine.data.sync.timeout.retry = -1 (default)
2019-10-15 01:24:45,090 [pool-37-thread-1] INFO  server.RaftServerConfigKeys (ConfUtils.java:logGet(43)) - raft.server.log.queue.element-limit = 1024 (custom)
2019-10-15 01:24:45,090 [pool-47-thread-1] INFO  server.RaftServerConfigKeys (ConfUtils.java:logGet(43)) - raft.server.log.queue.element-limit = 1024 (custom)
2019-10-15 01:24:45,090 [pool-27-thread-1] INFO  server.RaftServerConfigKeys (ConfUtils.java:logGet(43)) - raft.server.log.statemachine.data.caching.enabled = true (custom)
2019-10-15 01:24:45,090 [pool-37-thread-1] INFO  server.RaftServerConfigKeys (ConfUtils.java:logGet(43)) - raft.server.log.segment.size.max = 1048576 (custom)
2019-10-15 01:24:45,091 [pool-47-thread-1] INFO  server.RaftServerConfigKeys (ConfUtils.java:logGet(43)) - raft.server.log.segment.size.max = 1048576 (custom)
2019-10-15 01:24:45,091 [pool-37-thread-1] INFO  server.RaftServerConfigKeys (ConfUtils.java:logGet(43)) - raft.server.log.preallocated.size = 16384 (custom)
2019-10-15 01:24:45,091 [pool-47-thread-1] INFO  server.RaftServerConfigKeys (ConfUtils.java:logGet(43)) - raft.server.log.preallocated.size = 16384 (custom)
2019-10-15 01:24:45,091 [pool-27-thread-1] INFO  segmented.SegmentedRaftLogWorker (SegmentedRaftLogWorker.java:lambda$new$0(128)) - 755ef487-dc5c-49f0-8786-a5a94d7851cf@group-A8392D845D50-SegmentedRaftLogWorker: flushIndex: setUnconditionally 0 -> -1
2019-10-15 01:24:45,091 [pool-47-thread-1] INFO  server.RaftServerConfigKeys (ConfUtils.java:logGet(43)) - raft.server.log.write.buffer.size = 33554432 (custom)
2019-10-15 01:24:45,092 [pool-47-thread-1] INFO  server.RaftServerConfigKeys (ConfUtils.java:logGet(43)) - raft.server.log.force.sync.num = 128 (default)
2019-10-15 01:24:45,091 [pool-37-thread-1] INFO  server.RaftServerConfigKeys (ConfUtils.java:logGet(43)) - raft.server.log.write.buffer.size = 33554432 (custom)
2019-10-15 01:24:45,092 [pool-27-thread-1] INFO  server.RaftServerConfigKeys (ConfUtils.java:logGet(43)) - raft.server.snapshot.auto.trigger.enabled = true (custom)
2019-10-15 01:24:45,092 [pool-47-thread-1] INFO  server.RaftServerConfigKeys (ConfUtils.java:logGet(43)) - raft.server.log.statemachine.data.sync = true (default)
2019-10-15 01:24:45,092 [pool-27-thread-1] INFO  server.RaftServerConfigKeys (ConfUtils.java:logGet(43)) - raft.server.snapshot.auto.trigger.threshold = 10000 (custom)
2019-10-15 01:24:45,092 [pool-37-thread-1] INFO  server.RaftServerConfigKeys (ConfUtils.java:logGet(43)) - raft.server.log.force.sync.num = 128 (default)
2019-10-15 01:24:45,092 [pool-27-thread-1] INFO  server.RaftServerConfigKeys (ConfUtils.java:logGet(43)) - raft.server.snapshot.retention.file.num = 5 (custom)
2019-10-15 01:24:45,092 [pool-47-thread-1] INFO  server.RaftServerConfigKeys (ConfUtils.java:logGet(43)) - raft.server.log.statemachine.data.sync.timeout = 10s (default)
2019-10-15 01:24:45,093 [pool-37-thread-1] INFO  server.RaftServerConfigKeys (ConfUtils.java:logGet(43)) - raft.server.log.statemachine.data.sync = true (default)
2019-10-15 01:24:45,093 [pool-27-thread-1] INFO  server.RaftServerConfigKeys (ConfUtils.java:logGet(43)) - raft.server.retrycache.expirytime = 600000ms (custom)
2019-10-15 01:24:45,093 [pool-47-thread-1] INFO  server.RaftServerConfigKeys (ConfUtils.java:logGet(43)) - raft.server.log.statemachine.data.sync.timeout.retry = -1 (default)
2019-10-15 01:24:45,093 [pool-37-thread-1] INFO  server.RaftServerConfigKeys (ConfUtils.java:logGet(43)) - raft.server.log.statemachine.data.sync.timeout = 10s (default)
2019-10-15 01:24:45,093 [pool-47-thread-1] INFO  server.RaftServerConfigKeys (ConfUtils.java:logGet(43)) - raft.server.log.statemachine.data.caching.enabled = true (custom)
2019-10-15 01:24:45,093 [pool-37-thread-1] INFO  server.RaftServerConfigKeys (ConfUtils.java:logGet(43)) - raft.server.log.statemachine.data.sync.timeout.retry = -1 (default)
2019-10-15 01:24:45,094 [pool-47-thread-1] INFO  segmented.SegmentedRaftLogWorker (SegmentedRaftLogWorker.java:lambda$new$0(128)) - 092a9b57-eeac-4fc9-9a65-b605a27d843e@group-A8392D845D50-SegmentedRaftLogWorker: flushIndex: setUnconditionally 0 -> -1
2019-10-15 01:24:45,094 [pool-37-thread-1] INFO  server.RaftServerConfigKeys (ConfUtils.java:logGet(43)) - raft.server.log.statemachine.data.caching.enabled = true (custom)
2019-10-15 01:24:45,094 [pool-47-thread-1] INFO  server.RaftServerConfigKeys (ConfUtils.java:logGet(43)) - raft.server.snapshot.auto.trigger.enabled = true (custom)
2019-10-15 01:24:45,094 [pool-47-thread-1] INFO  server.RaftServerConfigKeys (ConfUtils.java:logGet(43)) - raft.server.snapshot.auto.trigger.threshold = 10000 (custom)
2019-10-15 01:24:45,094 [pool-37-thread-1] INFO  segmented.SegmentedRaftLogWorker (SegmentedRaftLogWorker.java:lambda$new$0(128)) - e64c7732-fb55-4271-8d7c-cf792785654a@group-A8392D845D50-SegmentedRaftLogWorker: flushIndex: setUnconditionally 0 -> -1
2019-10-15 01:24:45,094 [pool-47-thread-1] INFO  server.RaftServerConfigKeys (ConfUtils.java:logGet(43)) - raft.server.snapshot.retention.file.num = 5 (custom)
2019-10-15 01:24:45,095 [pool-37-thread-1] INFO  server.RaftServerConfigKeys (ConfUtils.java:logGet(43)) - raft.server.snapshot.auto.trigger.enabled = true (custom)
2019-10-15 01:24:45,095 [pool-47-thread-1] INFO  server.RaftServerConfigKeys (ConfUtils.java:logGet(43)) - raft.server.retrycache.expirytime = 600000ms (custom)
2019-10-15 01:24:45,095 [pool-37-thread-1] INFO  server.RaftServerConfigKeys (ConfUtils.java:logGet(43)) - raft.server.snapshot.auto.trigger.threshold = 10000 (custom)
2019-10-15 01:24:45,095 [pool-37-thread-1] INFO  server.RaftServerConfigKeys (ConfUtils.java:logGet(43)) - raft.server.snapshot.retention.file.num = 5 (custom)
2019-10-15 01:24:45,095 [pool-37-thread-1] INFO  server.RaftServerConfigKeys (ConfUtils.java:logGet(43)) - raft.server.retrycache.expirytime = 600000ms (custom)
2019-10-15 01:24:45,099 [pool-27-thread-1] INFO  impl.RaftServerImpl (RaftServerImpl.java:start(181)) - 755ef487-dc5c-49f0-8786-a5a94d7851cf@group-A8392D845D50: start as a follower, conf=-1: [092a9b57-eeac-4fc9-9a65-b605a27d843e:192.168.164.218:35508, e64c7732-fb55-4271-8d7c-cf792785654a:192.168.164.218:44527, 755ef487-dc5c-49f0-8786-a5a94d7851cf:192.168.164.218:44480], old=null
2019-10-15 01:24:45,099 [pool-27-thread-1] INFO  impl.RaftServerImpl (RaftServerImpl.java:setRole(170)) - 755ef487-dc5c-49f0-8786-a5a94d7851cf@group-A8392D845D50: changes role from      null to FOLLOWER at term 0 for startAsFollower
2019-10-15 01:24:45,099 [pool-27-thread-1] INFO  impl.RoleInfo (RoleInfo.java:updateAndGet(143)) - 755ef487-dc5c-49f0-8786-a5a94d7851cf: start FollowerState
2019-10-15 01:24:45,099 [pool-47-thread-1] INFO  impl.RaftServerImpl (RaftServerImpl.java:start(181)) - 092a9b57-eeac-4fc9-9a65-b605a27d843e@group-A8392D845D50: start as a follower, conf=-1: [092a9b57-eeac-4fc9-9a65-b605a27d843e:192.168.164.218:35508, e64c7732-fb55-4271-8d7c-cf792785654a:192.168.164.218:44527, 755ef487-dc5c-49f0-8786-a5a94d7851cf:192.168.164.218:44480], old=null
2019-10-15 01:24:45,099 [pool-47-thread-1] INFO  impl.RaftServerImpl (RaftServerImpl.java:setRole(170)) - 092a9b57-eeac-4fc9-9a65-b605a27d843e@group-A8392D845D50: changes role from      null to FOLLOWER at term 0 for startAsFollower
2019-10-15 01:24:45,100 [pool-47-thread-1] INFO  impl.RoleInfo (RoleInfo.java:updateAndGet(143)) - 092a9b57-eeac-4fc9-9a65-b605a27d843e: start FollowerState
2019-10-15 01:24:45,100 [pool-27-thread-1] INFO  util.JmxRegister (JmxRegister.java:tryRegister(44)) - Successfully registered JMX Bean with object name Ratis:service=RaftServer,group=group-A8392D845D50,id=755ef487-dc5c-49f0-8786-a5a94d7851cf
2019-10-15 01:24:45,100 [pool-47-thread-1] INFO  util.JmxRegister (JmxRegister.java:tryRegister(44)) - Successfully registered JMX Bean with object name Ratis:service=RaftServer,group=group-A8392D845D50,id=092a9b57-eeac-4fc9-9a65-b605a27d843e
2019-10-15 01:24:45,100 [pool-37-thread-1] INFO  impl.RaftServerImpl (RaftServerImpl.java:start(181)) - e64c7732-fb55-4271-8d7c-cf792785654a@group-A8392D845D50: start as a follower, conf=-1: [092a9b57-eeac-4fc9-9a65-b605a27d843e:192.168.164.218:35508, e64c7732-fb55-4271-8d7c-cf792785654a:192.168.164.218:44527, 755ef487-dc5c-49f0-8786-a5a94d7851cf:192.168.164.218:44480], old=null
2019-10-15 01:24:45,100 [pool-37-thread-1] INFO  impl.RaftServerImpl (RaftServerImpl.java:setRole(170)) - e64c7732-fb55-4271-8d7c-cf792785654a@group-A8392D845D50: changes role from      null to FOLLOWER at term 0 for startAsFollower
2019-10-15 01:24:45,100 [pool-37-thread-1] INFO  impl.RoleInfo (RoleInfo.java:updateAndGet(143)) - e64c7732-fb55-4271-8d7c-cf792785654a: start FollowerState
2019-10-15 01:24:45,101 [pool-37-thread-1] INFO  util.JmxRegister (JmxRegister.java:tryRegister(44)) - Successfully registered JMX Bean with object name Ratis:service=RaftServer,group=group-A8392D845D50,id=e64c7732-fb55-4271-8d7c-cf792785654a
2019-10-15 01:24:45,132 [RatisPipelineUtilsThread] INFO  pipeline.PipelineStateManager (PipelineStateManager.java:addPipeline(57)) - Created pipeline Pipeline[ Id: 9ba7048f-0396-4c13-b604-a8392d845d50, Nodes: e64c7732-fb55-4271-8d7c-cf792785654a{ip: 192.168.164.218, host: pr-hdds-1868-7bj8h-208101609, networkLocation: /default-rack, certSerialId: null}092a9b57-eeac-4fc9-9a65-b605a27d843e{ip: 192.168.164.218, host: pr-hdds-1868-7bj8h-208101609, networkLocation: /default-rack, certSerialId: null}755ef487-dc5c-49f0-8786-a5a94d7851cf{ip: 192.168.164.218, host: pr-hdds-1868-7bj8h-208101609, networkLocation: /default-rack, certSerialId: null}, Type:RATIS, Factor:THREE, State:ALLOCATED]
2019-10-15 01:24:45,856 [main] INFO  ozone.MiniOzoneClusterImpl (MiniOzoneClusterImpl.java:lambda$waitForClusterToBeReady$2(164)) - Waiting for 4 number of pipelines out of 4, to report a leader.
2019-10-15 01:24:46,857 [main] INFO  ozone.MiniOzoneClusterImpl (MiniOzoneClusterImpl.java:lambda$waitForClusterToBeReady$2(164)) - Waiting for 4 number of pipelines out of 4, to report a leader.
2019-10-15 01:24:46,879 [Thread-178] INFO  container.ReplicationManager (ReplicationManager.java:start(162)) - Starting Replication Monitor Thread.
2019-10-15 01:24:46,882 [Thread-178] INFO  pipeline.SCMPipelineManager (SCMPipelineManager.java:finalizeAndDestroyPipeline(315)) - destroying pipeline:Pipeline[ Id: 4fb8881c-0e00-463f-8887-156230ca6d75, Nodes: e64c7732-fb55-4271-8d7c-cf792785654a{ip: 192.168.164.218, host: pr-hdds-1868-7bj8h-208101609, networkLocation: /default-rack, certSerialId: null}, Type:RATIS, Factor:ONE, State:ALLOCATED]
2019-10-15 01:24:46,883 [ReplicationMonitor] INFO  container.ReplicationManager (ReplicationManager.java:run(225)) - Replication Monitor Thread took 1 milliseconds for processing 0 containers.
2019-10-15 01:24:46,883 [Thread-178] INFO  pipeline.PipelineStateManager (PipelineStateManager.java:finalizePipeline(123)) - Pipeline Pipeline[ Id: 4fb8881c-0e00-463f-8887-156230ca6d75, Nodes: e64c7732-fb55-4271-8d7c-cf792785654a{ip: 192.168.164.218, host: pr-hdds-1868-7bj8h-208101609, networkLocation: /default-rack, certSerialId: null}, Type:RATIS, Factor:ONE, State:CLOSED] moved to CLOSED state
2019-10-15 01:24:46,925 [grpc-default-executor-2] INFO  impl.RaftServerProxy (RaftServerProxy.java:remove(95)) - e64c7732-fb55-4271-8d7c-cf792785654a: remove  FOLLOWER e64c7732-fb55-4271-8d7c-cf792785654a@group-156230CA6D75:t0, leader=null, voted=null, raftlog=e64c7732-fb55-4271-8d7c-cf792785654a@group-156230CA6D75-SegmentedRaftLog:OPENED:c-1,f-1,i0, conf=-1: [e64c7732-fb55-4271-8d7c-cf792785654a:192.168.164.218:44527], old=null RUNNING
2019-10-15 01:24:46,930 [grpc-default-executor-2] INFO  impl.RaftServerImpl (RaftServerImpl.java:lambda$shutdown$3(247)) - e64c7732-fb55-4271-8d7c-cf792785654a@group-156230CA6D75: shutdown
2019-10-15 01:24:46,930 [grpc-default-executor-2] INFO  util.JmxRegister (JmxRegister.java:unregister(73)) - Successfully un-registered JMX Bean with object name Ratis:service=RaftServer,group=group-156230CA6D75,id=e64c7732-fb55-4271-8d7c-cf792785654a
2019-10-15 01:24:46,931 [grpc-default-executor-2] INFO  impl.RoleInfo (RoleInfo.java:shutdownFollowerState(121)) - e64c7732-fb55-4271-8d7c-cf792785654a: shutdown FollowerState
2019-10-15 01:24:46,931 [grpc-default-executor-2] INFO  impl.StateMachineUpdater (StateMachineUpdater.java:stopAndJoin(136)) - e64c7732-fb55-4271-8d7c-cf792785654a@group-156230CA6D75-StateMachineUpdater: set stopIndex = -1
2019-10-15 01:24:46,931 [Thread-183] INFO  impl.FollowerState (FollowerState.java:run(117)) - e64c7732-fb55-4271-8d7c-cf792785654a@group-156230CA6D75-FollowerState was interrupted: java.lang.InterruptedException: sleep interrupted
2019-10-15 01:24:46,935 [grpc-default-executor-2] INFO  impl.RaftServerImpl (ServerState.java:close(387)) - e64c7732-fb55-4271-8d7c-cf792785654a@group-156230CA6D75: closes. applyIndex: -1
2019-10-15 01:24:46,941 [e64c7732-fb55-4271-8d7c-cf792785654a@group-156230CA6D75-SegmentedRaftLogWorker] INFO  segmented.SegmentedRaftLogWorker (SegmentedRaftLogWorker.java:run(316)) - e64c7732-fb55-4271-8d7c-cf792785654a@group-156230CA6D75-SegmentedRaftLogWorker was interrupted, exiting. There are 0 tasks remaining in the queue.
2019-10-15 01:24:46,943 [grpc-default-executor-2] INFO  segmented.SegmentedRaftLogWorker (SegmentedRaftLogWorker.java:close(224)) - e64c7732-fb55-4271-8d7c-cf792785654a@group-156230CA6D75-SegmentedRaftLogWorker close()
2019-10-15 01:24:46,965 [Thread-178] INFO  pipeline.PipelineStateManager (PipelineStateManager.java:removePipeline(108)) - Pipeline Pipeline[ Id: 4fb8881c-0e00-463f-8887-156230ca6d75, Nodes: e64c7732-fb55-4271-8d7c-cf792785654a{ip: 192.168.164.218, host: pr-hdds-1868-7bj8h-208101609, networkLocation: /default-rack, certSerialId: null}, Type:RATIS, Factor:ONE, State:CLOSED] removed from db
2019-10-15 01:24:46,966 [Thread-178] INFO  pipeline.SCMPipelineManager (SCMPipelineManager.java:finalizeAndDestroyPipeline(315)) - destroying pipeline:Pipeline[ Id: 3dd53ef5-85dd-4889-bc03-7be0bca4d632, Nodes: 092a9b57-eeac-4fc9-9a65-b605a27d843e{ip: 192.168.164.218, host: pr-hdds-1868-7bj8h-208101609, networkLocation: /default-rack, certSerialId: null}, Type:RATIS, Factor:ONE, State:ALLOCATED]
2019-10-15 01:24:46,979 [grpc-default-executor-2] INFO  impl.RaftServerProxy (RaftServerProxy.java:addNew(89)) - e64c7732-fb55-4271-8d7c-cf792785654a: addNew group-3D30953A87DD:[e64c7732-fb55-4271-8d7c-cf792785654a:192.168.164.218:44527] returns group-3D30953A87DD:java.util.concurrent.CompletableFuture@236b98b7[Not completed]
2019-10-15 01:24:46,982 [pool-37-thread-1] INFO  impl.RaftServerImpl (RaftServerImpl.java:<init>(95)) - e64c7732-fb55-4271-8d7c-cf792785654a: new RaftServerImpl for group-3D30953A87DD:[e64c7732-fb55-4271-8d7c-cf792785654a:192.168.164.218:44527] with ContainerStateMachine:uninitialized
2019-10-15 01:24:46,982 [pool-37-thread-1] INFO  server.RaftServerConfigKeys (ConfUtils.java:logGet(43)) - raft.server.rpc.timeout.min = 5s (custom)
2019-10-15 01:24:46,982 [pool-37-thread-1] INFO  server.RaftServerConfigKeys (ConfUtils.java:logGet(43)) - raft.server.rpc.timeout.max = 5200ms (custom)
2019-10-15 01:24:46,982 [pool-37-thread-1] INFO  server.RaftServerConfigKeys (ConfUtils.java:logGet(43)) - raft.server.rpcslowness.timeout = 120s (custom)
2019-10-15 01:24:46,983 [pool-37-thread-1] INFO  server.RaftServerConfigKeys (ConfUtils.java:logGet(43)) - raft.server.sleep.deviation.threshold = 300 (default)
2019-10-15 01:24:46,983 [pool-37-thread-1] INFO  server.RaftServerConfigKeys (ConfUtils.java:logGet(43)) - raft.server.log.appender.install.snapshot.enabled = false (custom)
2019-10-15 01:24:46,983 [pool-37-thread-1] INFO  impl.RaftServerImpl (ServerState.java:<init>(103)) - e64c7732-fb55-4271-8d7c-cf792785654a@group-3D30953A87DD: ConfigurationManager, init=-1: [e64c7732-fb55-4271-8d7c-cf792785654a:192.168.164.218:44527], old=null, confs=<EMPTY_MAP>
2019-10-15 01:24:46,984 [pool-37-thread-1] INFO  server.RaftServerConfigKeys (ConfUtils.java:logGet(43)) - raft.server.storage.dir = [/workdir/hadoop-ozone/integration-test/target/test-dir/MiniOzoneClusterImpl-820509b4-500a-4e43-948b-909f0db04d64/datanode-1/data/ratis] (custom)
2019-10-15 01:24:46,984 [pool-37-thread-1] INFO  server.RaftServerConfigKeys (ConfUtils.java:logGet(43)) - raft.server.log.corruption.policy = EXCEPTION (default)
2019-10-15 01:24:46,984 [pool-37-thread-1] INFO  storage.RaftStorageDirectory (RaftStorageDirectory.java:analyzeStorage(246)) - The storage directory /workdir/hadoop-ozone/integration-test/target/test-dir/MiniOzoneClusterImpl-820509b4-500a-4e43-948b-909f0db04d64/datanode-1/data/ratis/4bbfa8f0-e7b6-4acd-9a1a-3d30953a87dd does not exist. Creating ...
2019-10-15 01:24:47,017 [pool-37-thread-1] INFO  storage.RaftStorageDirectory (RaftStorageDirectory.java:tryLock(328)) - Lock on /workdir/hadoop-ozone/integration-test/target/test-dir/MiniOzoneClusterImpl-820509b4-500a-4e43-948b-909f0db04d64/datanode-1/data/ratis/4bbfa8f0-e7b6-4acd-9a1a-3d30953a87dd/in_use.lock acquired by nodename 1649@pr-hdds-1868-7bj8h-208101609
2019-10-15 01:24:47,042 [pool-37-thread-1] INFO  storage.RaftStorage (RaftStorage.java:format(84)) - Storage directory /workdir/hadoop-ozone/integration-test/target/test-dir/MiniOzoneClusterImpl-820509b4-500a-4e43-948b-909f0db04d64/datanode-1/data/ratis/4bbfa8f0-e7b6-4acd-9a1a-3d30953a87dd has been successfully formatted.
2019-10-15 01:24:47,043 [pool-37-thread-1] INFO  ratis.ContainerStateMachine (ContainerStateMachine.java:loadSnapshot(233)) - group-3D30953A87DD: The snapshot info is null. Setting the last applied indexto:(t:0, i:~)
2019-10-15 01:24:47,043 [pool-37-thread-1] INFO  server.RaftServerConfigKeys (ConfUtils.java:logGet(43)) - raft.server.notification.no-leader.timeout = 120s (custom)
2019-10-15 01:24:47,043 [pool-37-thread-1] INFO  server.RaftServerConfigKeys (ConfUtils.java:logGet(43)) - raft.server.log.use.memory = false (default)
2019-10-15 01:24:47,044 [pool-37-thread-1] INFO  server.RaftServerConfigKeys (ConfUtils.java:logGet(43)) - raft.server.log.purge.gap = 1000000 (custom)
2019-10-15 01:24:47,044 [pool-37-thread-1] INFO  server.RaftServerConfigKeys (ConfUtils.java:logGet(43)) - raft.server.log.appender.buffer.byte-limit = 33554432 (custom)
2019-10-15 01:24:47,044 [pool-37-thread-1] INFO  server.RaftServerConfigKeys (ConfUtils.java:logGet(43)) - raft.server.log.segment.size.max = 1048576 (custom)
2019-10-15 01:24:47,045 [pool-37-thread-1] INFO  server.RaftServerConfigKeys (ConfUtils.java:logGet(43)) - raft.server.log.segment.cache.num.max = 2 (custom)
2019-10-15 01:24:47,045 [pool-37-thread-1] INFO  segmented.SegmentedRaftLogWorker (SegmentedRaftLogWorker.java:<init>(173)) - new e64c7732-fb55-4271-8d7c-cf792785654a@group-3D30953A87DD-SegmentedRaftLogWorker for RaftStorage:Storage Directory /workdir/hadoop-ozone/integration-test/target/test-dir/MiniOzoneClusterImpl-820509b4-500a-4e43-948b-909f0db04d64/datanode-1/data/ratis/4bbfa8f0-e7b6-4acd-9a1a-3d30953a87dd
2019-10-15 01:24:47,045 [pool-37-thread-1] INFO  server.RaftServerConfigKeys (ConfUtils.java:logGet(43)) - raft.server.log.queue.byte-limit = 2147483647 (custom)
2019-10-15 01:24:47,045 [pool-37-thread-1] INFO  server.RaftServerConfigKeys (ConfUtils.java:logGet(43)) - raft.server.log.queue.element-limit = 1024 (custom)
2019-10-15 01:24:47,045 [pool-37-thread-1] INFO  server.RaftServerConfigKeys (ConfUtils.java:logGet(43)) - raft.server.log.segment.size.max = 1048576 (custom)
2019-10-15 01:24:47,046 [pool-37-thread-1] INFO  server.RaftServerConfigKeys (ConfUtils.java:logGet(43)) - raft.server.log.preallocated.size = 16384 (custom)
2019-10-15 01:24:47,046 [pool-37-thread-1] INFO  server.RaftServerConfigKeys (ConfUtils.java:logGet(43)) - raft.server.log.write.buffer.size = 33554432 (custom)
2019-10-15 01:24:47,046 [pool-37-thread-1] INFO  server.RaftServerConfigKeys (ConfUtils.java:logGet(43)) - raft.server.log.force.sync.num = 128 (default)
2019-10-15 01:24:47,046 [pool-37-thread-1] INFO  server.RaftServerConfigKeys (ConfUtils.java:logGet(43)) - raft.server.log.statemachine.data.sync = true (default)
2019-10-15 01:24:47,047 [pool-37-thread-1] INFO  server.RaftServerConfigKeys (ConfUtils.java:logGet(43)) - raft.server.log.statemachine.data.sync.timeout = 10s (default)
2019-10-15 01:24:47,047 [pool-37-thread-1] INFO  server.RaftServerConfigKeys (ConfUtils.java:logGet(43)) - raft.server.log.statemachine.data.sync.timeout.retry = -1 (default)
2019-10-15 01:24:47,047 [pool-37-thread-1] INFO  server.RaftServerConfigKeys (ConfUtils.java:logGet(43)) - raft.server.log.statemachine.data.caching.enabled = true (custom)
2019-10-15 01:24:47,048 [pool-37-thread-1] INFO  segmented.SegmentedRaftLogWorker (SegmentedRaftLogWorker.java:lambda$new$0(128)) - e64c7732-fb55-4271-8d7c-cf792785654a@group-3D30953A87DD-SegmentedRaftLogWorker: flushIndex: setUnconditionally 0 -> -1
2019-10-15 01:24:47,048 [pool-37-thread-1] INFO  server.RaftServerConfigKeys (ConfUtils.java:logGet(43)) - raft.server.snapshot.auto.trigger.enabled = true (custom)
2019-10-15 01:24:47,048 [pool-37-thread-1] INFO  server.RaftServerConfigKeys (ConfUtils.java:logGet(43)) - raft.server.snapshot.auto.trigger.threshold = 10000 (custom)
2019-10-15 01:24:47,049 [pool-37-thread-1] INFO  server.RaftServerConfigKeys (ConfUtils.java:logGet(43)) - raft.server.snapshot.retention.file.num = 5 (custom)
2019-10-15 01:24:47,049 [pool-37-thread-1] INFO  server.RaftServerConfigKeys (ConfUtils.java:logGet(43)) - raft.server.retrycache.expirytime = 600000ms (custom)
2019-10-15 01:24:47,054 [pool-37-thread-1] INFO  impl.RaftServerImpl (RaftServerImpl.java:start(181)) - e64c7732-fb55-4271-8d7c-cf792785654a@group-3D30953A87DD: start as a follower, conf=-1: [e64c7732-fb55-4271-8d7c-cf792785654a:192.168.164.218:44527], old=null
2019-10-15 01:24:47,054 [pool-37-thread-1] INFO  impl.RaftServerImpl (RaftServerImpl.java:setRole(170)) - e64c7732-fb55-4271-8d7c-cf792785654a@group-3D30953A87DD: changes role from      null to FOLLOWER at term 0 for startAsFollower
2019-10-15 01:24:47,055 [pool-37-thread-1] INFO  impl.RoleInfo (RoleInfo.java:updateAndGet(143)) - e64c7732-fb55-4271-8d7c-cf792785654a: start FollowerState
2019-10-15 01:24:47,055 [pool-37-thread-1] INFO  util.JmxRegister (JmxRegister.java:tryRegister(44)) - Successfully registered JMX Bean with object name Ratis:service=RaftServer,group=group-3D30953A87DD,id=e64c7732-fb55-4271-8d7c-cf792785654a
2019-10-15 01:24:47,074 [RatisPipelineUtilsThread] INFO  pipeline.PipelineStateManager (PipelineStateManager.java:addPipeline(57)) - Created pipeline Pipeline[ Id: 4bbfa8f0-e7b6-4acd-9a1a-3d30953a87dd, Nodes: e64c7732-fb55-4271-8d7c-cf792785654a{ip: 192.168.164.218, host: pr-hdds-1868-7bj8h-208101609, networkLocation: /default-rack, certSerialId: null}, Type:RATIS, Factor:ONE, State:ALLOCATED]
2019-10-15 01:24:47,076 [Thread-178] INFO  pipeline.PipelineStateManager (PipelineStateManager.java:finalizePipeline(123)) - Pipeline Pipeline[ Id: 3dd53ef5-85dd-4889-bc03-7be0bca4d632, Nodes: 092a9b57-eeac-4fc9-9a65-b605a27d843e{ip: 192.168.164.218, host: pr-hdds-1868-7bj8h-208101609, networkLocation: /default-rack, certSerialId: null}, Type:RATIS, Factor:ONE, State:CLOSED] moved to CLOSED state
2019-10-15 01:24:47,089 [grpc-default-executor-2] INFO  impl.RaftServerProxy (RaftServerProxy.java:remove(95)) - 092a9b57-eeac-4fc9-9a65-b605a27d843e: remove  FOLLOWER 092a9b57-eeac-4fc9-9a65-b605a27d843e@group-7BE0BCA4D632:t0, leader=null, voted=null, raftlog=092a9b57-eeac-4fc9-9a65-b605a27d843e@group-7BE0BCA4D632-SegmentedRaftLog:OPENED:c-1,f-1,i0, conf=-1: [092a9b57-eeac-4fc9-9a65-b605a27d843e:192.168.164.218:35508], old=null RUNNING
2019-10-15 01:24:47,089 [grpc-default-executor-2] INFO  impl.RaftServerImpl (RaftServerImpl.java:lambda$shutdown$3(247)) - 092a9b57-eeac-4fc9-9a65-b605a27d843e@group-7BE0BCA4D632: shutdown
2019-10-15 01:24:47,090 [grpc-default-executor-2] INFO  util.JmxRegister (JmxRegister.java:unregister(73)) - Successfully un-registered JMX Bean with object name Ratis:service=RaftServer,group=group-7BE0BCA4D632,id=092a9b57-eeac-4fc9-9a65-b605a27d843e
2019-10-15 01:24:47,096 [grpc-default-executor-2] INFO  impl.RoleInfo (RoleInfo.java:shutdownFollowerState(121)) - 092a9b57-eeac-4fc9-9a65-b605a27d843e: shutdown FollowerState
2019-10-15 01:24:47,096 [grpc-default-executor-2] INFO  impl.StateMachineUpdater (StateMachineUpdater.java:stopAndJoin(136)) - 092a9b57-eeac-4fc9-9a65-b605a27d843e@group-7BE0BCA4D632-StateMachineUpdater: set stopIndex = -1
2019-10-15 01:24:47,096 [Thread-186] INFO  impl.FollowerState (FollowerState.java:run(117)) - 092a9b57-eeac-4fc9-9a65-b605a27d843e@group-7BE0BCA4D632-FollowerState was interrupted: java.lang.InterruptedException: sleep interrupted
2019-10-15 01:24:47,098 [grpc-default-executor-2] INFO  impl.RaftServerImpl (ServerState.java:close(387)) - 092a9b57-eeac-4fc9-9a65-b605a27d843e@group-7BE0BCA4D632: closes. applyIndex: -1
2019-10-15 01:24:47,099 [092a9b57-eeac-4fc9-9a65-b605a27d843e@group-7BE0BCA4D632-SegmentedRaftLogWorker] INFO  segmented.SegmentedRaftLogWorker (SegmentedRaftLogWorker.java:run(316)) - 092a9b57-eeac-4fc9-9a65-b605a27d843e@group-7BE0BCA4D632-SegmentedRaftLogWorker was interrupted, exiting. There are 0 tasks remaining in the queue.
2019-10-15 01:24:47,099 [grpc-default-executor-2] INFO  segmented.SegmentedRaftLogWorker (SegmentedRaftLogWorker.java:close(224)) - 092a9b57-eeac-4fc9-9a65-b605a27d843e@group-7BE0BCA4D632-SegmentedRaftLogWorker close()
2019-10-15 01:24:47,111 [Thread-178] INFO  pipeline.PipelineStateManager (PipelineStateManager.java:removePipeline(108)) - Pipeline Pipeline[ Id: 3dd53ef5-85dd-4889-bc03-7be0bca4d632, Nodes: 092a9b57-eeac-4fc9-9a65-b605a27d843e{ip: 192.168.164.218, host: pr-hdds-1868-7bj8h-208101609, networkLocation: /default-rack, certSerialId: null}, Type:RATIS, Factor:ONE, State:CLOSED] removed from db
2019-10-15 01:24:47,111 [Thread-178] INFO  pipeline.SCMPipelineManager (SCMPipelineManager.java:finalizeAndDestroyPipeline(315)) - destroying pipeline:Pipeline[ Id: c0ba3eda-ea2b-424d-8290-610308cbe19c, Nodes: 755ef487-dc5c-49f0-8786-a5a94d7851cf{ip: 192.168.164.218, host: pr-hdds-1868-7bj8h-208101609, networkLocation: /default-rack, certSerialId: null}, Type:RATIS, Factor:ONE, State:ALLOCATED]
2019-10-15 01:24:47,122 [grpc-default-executor-2] INFO  impl.RaftServerProxy (RaftServerProxy.java:addNew(89)) - 092a9b57-eeac-4fc9-9a65-b605a27d843e: addNew group-AF9BFE0BEE78:[092a9b57-eeac-4fc9-9a65-b605a27d843e:192.168.164.218:35508] returns group-AF9BFE0BEE78:java.util.concurrent.CompletableFuture@225bff92[Not completed]
2019-10-15 01:24:47,124 [pool-47-thread-1] INFO  impl.RaftServerImpl (RaftServerImpl.java:<init>(95)) - 092a9b57-eeac-4fc9-9a65-b605a27d843e: new RaftServerImpl for group-AF9BFE0BEE78:[092a9b57-eeac-4fc9-9a65-b605a27d843e:192.168.164.218:35508] with ContainerStateMachine:uninitialized
2019-10-15 01:24:47,124 [pool-47-thread-1] INFO  server.RaftServerConfigKeys (ConfUtils.java:logGet(43)) - raft.server.rpc.timeout.min = 5s (custom)
2019-10-15 01:24:47,124 [pool-47-thread-1] INFO  server.RaftServerConfigKeys (ConfUtils.java:logGet(43)) - raft.server.rpc.timeout.max = 5200ms (custom)
2019-10-15 01:24:47,124 [pool-47-thread-1] INFO  server.RaftServerConfigKeys (ConfUtils.java:logGet(43)) - raft.server.rpcslowness.timeout = 120s (custom)
2019-10-15 01:24:47,124 [pool-47-thread-1] INFO  server.RaftServerConfigKeys (ConfUtils.java:logGet(43)) - raft.server.sleep.deviation.threshold = 300 (default)
2019-10-15 01:24:47,124 [pool-47-thread-1] INFO  server.RaftServerConfigKeys (ConfUtils.java:logGet(43)) - raft.server.log.appender.install.snapshot.enabled = false (custom)
2019-10-15 01:24:47,124 [pool-47-thread-1] INFO  impl.RaftServerImpl (ServerState.java:<init>(103)) - 092a9b57-eeac-4fc9-9a65-b605a27d843e@group-AF9BFE0BEE78: ConfigurationManager, init=-1: [092a9b57-eeac-4fc9-9a65-b605a27d843e:192.168.164.218:35508], old=null, confs=<EMPTY_MAP>
2019-10-15 01:24:47,125 [pool-47-thread-1] INFO  server.RaftServerConfigKeys (ConfUtils.java:logGet(43)) - raft.server.storage.dir = [/workdir/hadoop-ozone/integration-test/target/test-dir/MiniOzoneClusterImpl-820509b4-500a-4e43-948b-909f0db04d64/datanode-2/data/ratis] (custom)
2019-10-15 01:24:47,125 [pool-47-thread-1] INFO  server.RaftServerConfigKeys (ConfUtils.java:logGet(43)) - raft.server.log.corruption.policy = EXCEPTION (default)
2019-10-15 01:24:47,125 [pool-47-thread-1] INFO  storage.RaftStorageDirectory (RaftStorageDirectory.java:analyzeStorage(246)) - The storage directory /workdir/hadoop-ozone/integration-test/target/test-dir/MiniOzoneClusterImpl-820509b4-500a-4e43-948b-909f0db04d64/datanode-2/data/ratis/e210ab93-3e43-496c-a280-af9bfe0bee78 does not exist. Creating ...
2019-10-15 01:24:47,151 [pool-47-thread-1] INFO  storage.RaftStorageDirectory (RaftStorageDirectory.java:tryLock(328)) - Lock on /workdir/hadoop-ozone/integration-test/target/test-dir/MiniOzoneClusterImpl-820509b4-500a-4e43-948b-909f0db04d64/datanode-2/data/ratis/e210ab93-3e43-496c-a280-af9bfe0bee78/in_use.lock acquired by nodename 1649@pr-hdds-1868-7bj8h-208101609
2019-10-15 01:24:47,177 [pool-47-thread-1] INFO  storage.RaftStorage (RaftStorage.java:format(84)) - Storage directory /workdir/hadoop-ozone/integration-test/target/test-dir/MiniOzoneClusterImpl-820509b4-500a-4e43-948b-909f0db04d64/datanode-2/data/ratis/e210ab93-3e43-496c-a280-af9bfe0bee78 has been successfully formatted.
2019-10-15 01:24:47,177 [pool-47-thread-1] INFO  ratis.ContainerStateMachine (ContainerStateMachine.java:loadSnapshot(233)) - group-AF9BFE0BEE78: The snapshot info is null. Setting the last applied indexto:(t:0, i:~)
2019-10-15 01:24:47,177 [pool-47-thread-1] INFO  server.RaftServerConfigKeys (ConfUtils.java:logGet(43)) - raft.server.notification.no-leader.timeout = 120s (custom)
2019-10-15 01:24:47,177 [pool-47-thread-1] INFO  server.RaftServerConfigKeys (ConfUtils.java:logGet(43)) - raft.server.log.use.memory = false (default)
2019-10-15 01:24:47,178 [pool-47-thread-1] INFO  server.RaftServerConfigKeys (ConfUtils.java:logGet(43)) - raft.server.log.purge.gap = 1000000 (custom)
2019-10-15 01:24:47,178 [pool-47-thread-1] INFO  server.RaftServerConfigKeys (ConfUtils.java:logGet(43)) - raft.server.log.appender.buffer.byte-limit = 33554432 (custom)
2019-10-15 01:24:47,178 [pool-47-thread-1] INFO  server.RaftServerConfigKeys (ConfUtils.java:logGet(43)) - raft.server.log.segment.size.max = 1048576 (custom)
2019-10-15 01:24:47,178 [pool-47-thread-1] INFO  server.RaftServerConfigKeys (ConfUtils.java:logGet(43)) - raft.server.log.segment.cache.num.max = 2 (custom)
2019-10-15 01:24:47,178 [pool-47-thread-1] INFO  segmented.SegmentedRaftLogWorker (SegmentedRaftLogWorker.java:<init>(173)) - new 092a9b57-eeac-4fc9-9a65-b605a27d843e@group-AF9BFE0BEE78-SegmentedRaftLogWorker for RaftStorage:Storage Directory /workdir/hadoop-ozone/integration-test/target/test-dir/MiniOzoneClusterImpl-820509b4-500a-4e43-948b-909f0db04d64/datanode-2/data/ratis/e210ab93-3e43-496c-a280-af9bfe0bee78
2019-10-15 01:24:47,179 [pool-47-thread-1] INFO  server.RaftServerConfigKeys (ConfUtils.java:logGet(43)) - raft.server.log.queue.byte-limit = 2147483647 (custom)
2019-10-15 01:24:47,179 [pool-47-thread-1] INFO  server.RaftServerConfigKeys (ConfUtils.java:logGet(43)) - raft.server.log.queue.element-limit = 1024 (custom)
2019-10-15 01:24:47,179 [pool-47-thread-1] INFO  server.RaftServerConfigKeys (ConfUtils.java:logGet(43)) - raft.server.log.segment.size.max = 1048576 (custom)
2019-10-15 01:24:47,179 [pool-47-thread-1] INFO  server.RaftServerConfigKeys (ConfUtils.java:logGet(43)) - raft.server.log.preallocated.size = 16384 (custom)
2019-10-15 01:24:47,179 [pool-47-thread-1] INFO  server.RaftServerConfigKeys (ConfUtils.java:logGet(43)) - raft.server.log.write.buffer.size = 33554432 (custom)
2019-10-15 01:24:47,180 [pool-47-thread-1] INFO  server.RaftServerConfigKeys (ConfUtils.java:logGet(43)) - raft.server.log.force.sync.num = 128 (default)
2019-10-15 01:24:47,180 [pool-47-thread-1] INFO  server.RaftServerConfigKeys (ConfUtils.java:logGet(43)) - raft.server.log.statemachine.data.sync = true (default)
2019-10-15 01:24:47,180 [pool-47-thread-1] INFO  server.RaftServerConfigKeys (ConfUtils.java:logGet(43)) - raft.server.log.statemachine.data.sync.timeout = 10s (default)
2019-10-15 01:24:47,180 [pool-47-thread-1] INFO  server.RaftServerConfigKeys (ConfUtils.java:logGet(43)) - raft.server.log.statemachine.data.sync.timeout.retry = -1 (default)
2019-10-15 01:24:47,180 [pool-47-thread-1] INFO  server.RaftServerConfigKeys (ConfUtils.java:logGet(43)) - raft.server.log.statemachine.data.caching.enabled = true (custom)
2019-10-15 01:24:47,181 [pool-47-thread-1] INFO  segmented.SegmentedRaftLogWorker (SegmentedRaftLogWorker.java:lambda$new$0(128)) - 092a9b57-eeac-4fc9-9a65-b605a27d843e@group-AF9BFE0BEE78-SegmentedRaftLogWorker: flushIndex: setUnconditionally 0 -> -1
2019-10-15 01:24:47,181 [pool-47-thread-1] INFO  server.RaftServerConfigKeys (ConfUtils.java:logGet(43)) - raft.server.snapshot.auto.trigger.enabled = true (custom)
2019-10-15 01:24:47,181 [pool-47-thread-1] INFO  server.RaftServerConfigKeys (ConfUtils.java:logGet(43)) - raft.server.snapshot.auto.trigger.threshold = 10000 (custom)
2019-10-15 01:24:47,182 [pool-47-thread-1] INFO  server.RaftServerConfigKeys (ConfUtils.java:logGet(43)) - raft.server.snapshot.retention.file.num = 5 (custom)
2019-10-15 01:24:47,182 [pool-47-thread-1] INFO  server.RaftServerConfigKeys (ConfUtils.java:logGet(43)) - raft.server.retrycache.expirytime = 600000ms (custom)
2019-10-15 01:24:47,185 [pool-47-thread-1] INFO  impl.RaftServerImpl (RaftServerImpl.java:start(181)) - 092a9b57-eeac-4fc9-9a65-b605a27d843e@group-AF9BFE0BEE78: start as a follower, conf=-1: [092a9b57-eeac-4fc9-9a65-b605a27d843e:192.168.164.218:35508], old=null
2019-10-15 01:24:47,185 [pool-47-thread-1] INFO  impl.RaftServerImpl (RaftServerImpl.java:setRole(170)) - 092a9b57-eeac-4fc9-9a65-b605a27d843e@group-AF9BFE0BEE78: changes role from      null to FOLLOWER at term 0 for startAsFollower
2019-10-15 01:24:47,186 [pool-47-thread-1] INFO  impl.RoleInfo (RoleInfo.java:updateAndGet(143)) - 092a9b57-eeac-4fc9-9a65-b605a27d843e: start FollowerState
2019-10-15 01:24:47,186 [pool-47-thread-1] INFO  util.JmxRegister (JmxRegister.java:tryRegister(44)) - Successfully registered JMX Bean with object name Ratis:service=RaftServer,group=group-AF9BFE0BEE78,id=092a9b57-eeac-4fc9-9a65-b605a27d843e
2019-10-15 01:24:47,200 [RatisPipelineUtilsThread] INFO  pipeline.PipelineStateManager (PipelineStateManager.java:addPipeline(57)) - Created pipeline Pipeline[ Id: e210ab93-3e43-496c-a280-af9bfe0bee78, Nodes: 092a9b57-eeac-4fc9-9a65-b605a27d843e{ip: 192.168.164.218, host: pr-hdds-1868-7bj8h-208101609, networkLocation: /default-rack, certSerialId: null}, Type:RATIS, Factor:ONE, State:ALLOCATED]
2019-10-15 01:24:47,201 [Thread-178] INFO  pipeline.PipelineStateManager (PipelineStateManager.java:finalizePipeline(123)) - Pipeline Pipeline[ Id: c0ba3eda-ea2b-424d-8290-610308cbe19c, Nodes: 755ef487-dc5c-49f0-8786-a5a94d7851cf{ip: 192.168.164.218, host: pr-hdds-1868-7bj8h-208101609, networkLocation: /default-rack, certSerialId: null}, Type:RATIS, Factor:ONE, State:CLOSED] moved to CLOSED state
2019-10-15 01:24:47,215 [grpc-default-executor-2] INFO  impl.RaftServerProxy (RaftServerProxy.java:remove(95)) - 755ef487-dc5c-49f0-8786-a5a94d7851cf: remove  FOLLOWER 755ef487-dc5c-49f0-8786-a5a94d7851cf@group-610308CBE19C:t0, leader=null, voted=null, raftlog=755ef487-dc5c-49f0-8786-a5a94d7851cf@group-610308CBE19C-SegmentedRaftLog:OPENED:c-1,f-1,i0, conf=-1: [755ef487-dc5c-49f0-8786-a5a94d7851cf:192.168.164.218:44480], old=null RUNNING
2019-10-15 01:24:47,216 [grpc-default-executor-2] INFO  impl.RaftServerImpl (RaftServerImpl.java:lambda$shutdown$3(247)) - 755ef487-dc5c-49f0-8786-a5a94d7851cf@group-610308CBE19C: shutdown
2019-10-15 01:24:47,216 [grpc-default-executor-2] INFO  util.JmxRegister (JmxRegister.java:unregister(73)) - Successfully un-registered JMX Bean with object name Ratis:service=RaftServer,group=group-610308CBE19C,id=755ef487-dc5c-49f0-8786-a5a94d7851cf
2019-10-15 01:24:47,216 [grpc-default-executor-2] INFO  impl.RoleInfo (RoleInfo.java:shutdownFollowerState(121)) - 755ef487-dc5c-49f0-8786-a5a94d7851cf: shutdown FollowerState
2019-10-15 01:24:47,216 [grpc-default-executor-2] INFO  impl.StateMachineUpdater (StateMachineUpdater.java:stopAndJoin(136)) - 755ef487-dc5c-49f0-8786-a5a94d7851cf@group-610308CBE19C-StateMachineUpdater: set stopIndex = -1
2019-10-15 01:24:47,217 [Thread-180] INFO  impl.FollowerState (FollowerState.java:run(117)) - 755ef487-dc5c-49f0-8786-a5a94d7851cf@group-610308CBE19C-FollowerState was interrupted: java.lang.InterruptedException: sleep interrupted
2019-10-15 01:24:47,219 [grpc-default-executor-2] INFO  impl.RaftServerImpl (ServerState.java:close(387)) - 755ef487-dc5c-49f0-8786-a5a94d7851cf@group-610308CBE19C: closes. applyIndex: -1
2019-10-15 01:24:47,219 [755ef487-dc5c-49f0-8786-a5a94d7851cf@group-610308CBE19C-SegmentedRaftLogWorker] INFO  segmented.SegmentedRaftLogWorker (SegmentedRaftLogWorker.java:run(316)) - 755ef487-dc5c-49f0-8786-a5a94d7851cf@group-610308CBE19C-SegmentedRaftLogWorker was interrupted, exiting. There are 0 tasks remaining in the queue.
2019-10-15 01:24:47,220 [grpc-default-executor-2] INFO  segmented.SegmentedRaftLogWorker (SegmentedRaftLogWorker.java:close(224)) - 755ef487-dc5c-49f0-8786-a5a94d7851cf@group-610308CBE19C-SegmentedRaftLogWorker close()
2019-10-15 01:24:47,230 [Thread-178] INFO  pipeline.PipelineStateManager (PipelineStateManager.java:removePipeline(108)) - Pipeline Pipeline[ Id: c0ba3eda-ea2b-424d-8290-610308cbe19c, Nodes: 755ef487-dc5c-49f0-8786-a5a94d7851cf{ip: 192.168.164.218, host: pr-hdds-1868-7bj8h-208101609, networkLocation: /default-rack, certSerialId: null}, Type:RATIS, Factor:ONE, State:CLOSED] removed from db
2019-10-15 01:24:47,231 [Thread-178] INFO  pipeline.SCMPipelineManager (SCMPipelineManager.java:finalizeAndDestroyPipeline(315)) - destroying pipeline:Pipeline[ Id: 9ba7048f-0396-4c13-b604-a8392d845d50, Nodes: e64c7732-fb55-4271-8d7c-cf792785654a{ip: 192.168.164.218, host: pr-hdds-1868-7bj8h-208101609, networkLocation: /default-rack, certSerialId: null}092a9b57-eeac-4fc9-9a65-b605a27d843e{ip: 192.168.164.218, host: pr-hdds-1868-7bj8h-208101609, networkLocation: /default-rack, certSerialId: null}755ef487-dc5c-49f0-8786-a5a94d7851cf{ip: 192.168.164.218, host: pr-hdds-1868-7bj8h-208101609, networkLocation: /default-rack, certSerialId: null}, Type:RATIS, Factor:THREE, State:ALLOCATED]
2019-10-15 01:24:47,244 [grpc-default-executor-2] INFO  impl.RaftServerProxy (RaftServerProxy.java:addNew(89)) - 755ef487-dc5c-49f0-8786-a5a94d7851cf: addNew group-950B0857AC98:[755ef487-dc5c-49f0-8786-a5a94d7851cf:192.168.164.218:44480] returns group-950B0857AC98:java.util.concurrent.CompletableFuture@17601b95[Not completed]
2019-10-15 01:24:47,246 [pool-27-thread-1] INFO  impl.RaftServerImpl (RaftServerImpl.java:<init>(95)) - 755ef487-dc5c-49f0-8786-a5a94d7851cf: new RaftServerImpl for group-950B0857AC98:[755ef487-dc5c-49f0-8786-a5a94d7851cf:192.168.164.218:44480] with ContainerStateMachine:uninitialized
2019-10-15 01:24:47,247 [pool-27-thread-1] INFO  server.RaftServerConfigKeys (ConfUtils.java:logGet(43)) - raft.server.rpc.timeout.min = 5s (custom)
2019-10-15 01:24:47,248 [pool-27-thread-1] INFO  server.RaftServerConfigKeys (ConfUtils.java:logGet(43)) - raft.server.rpc.timeout.max = 5200ms (custom)
2019-10-15 01:24:47,248 [pool-27-thread-1] INFO  server.RaftServerConfigKeys (ConfUtils.java:logGet(43)) - raft.server.rpcslowness.timeout = 120s (custom)
2019-10-15 01:24:47,248 [pool-27-thread-1] INFO  server.RaftServerConfigKeys (ConfUtils.java:logGet(43)) - raft.server.sleep.deviation.threshold = 300 (default)
2019-10-15 01:24:47,248 [pool-27-thread-1] INFO  server.RaftServerConfigKeys (ConfUtils.java:logGet(43)) - raft.server.log.appender.install.snapshot.enabled = false (custom)
2019-10-15 01:24:47,248 [pool-27-thread-1] INFO  impl.RaftServerImpl (ServerState.java:<init>(103)) - 755ef487-dc5c-49f0-8786-a5a94d7851cf@group-950B0857AC98: ConfigurationManager, init=-1: [755ef487-dc5c-49f0-8786-a5a94d7851cf:192.168.164.218:44480], old=null, confs=<EMPTY_MAP>
2019-10-15 01:24:47,248 [pool-27-thread-1] INFO  server.RaftServerConfigKeys (ConfUtils.java:logGet(43)) - raft.server.storage.dir = [/workdir/hadoop-ozone/integration-test/target/test-dir/MiniOzoneClusterImpl-820509b4-500a-4e43-948b-909f0db04d64/datanode-0/data/ratis] (custom)
2019-10-15 01:24:47,249 [pool-27-thread-1] INFO  server.RaftServerConfigKeys (ConfUtils.java:logGet(43)) - raft.server.log.corruption.policy = EXCEPTION (default)
2019-10-15 01:24:47,249 [pool-27-thread-1] INFO  storage.RaftStorageDirectory (RaftStorageDirectory.java:analyzeStorage(246)) - The storage directory /workdir/hadoop-ozone/integration-test/target/test-dir/MiniOzoneClusterImpl-820509b4-500a-4e43-948b-909f0db04d64/datanode-0/data/ratis/e57fdbe9-998c-41e8-8539-950b0857ac98 does not exist. Creating ...
2019-10-15 01:24:47,285 [pool-27-thread-1] INFO  storage.RaftStorageDirectory (RaftStorageDirectory.java:tryLock(328)) - Lock on /workdir/hadoop-ozone/integration-test/target/test-dir/MiniOzoneClusterImpl-820509b4-500a-4e43-948b-909f0db04d64/datanode-0/data/ratis/e57fdbe9-998c-41e8-8539-950b0857ac98/in_use.lock acquired by nodename 1649@pr-hdds-1868-7bj8h-208101609
2019-10-15 01:24:47,311 [pool-27-thread-1] INFO  storage.RaftStorage (RaftStorage.java:format(84)) - Storage directory /workdir/hadoop-ozone/integration-test/target/test-dir/MiniOzoneClusterImpl-820509b4-500a-4e43-948b-909f0db04d64/datanode-0/data/ratis/e57fdbe9-998c-41e8-8539-950b0857ac98 has been successfully formatted.
2019-10-15 01:24:47,311 [pool-27-thread-1] INFO  ratis.ContainerStateMachine (ContainerStateMachine.java:loadSnapshot(233)) - group-950B0857AC98: The snapshot info is null. Setting the last applied indexto:(t:0, i:~)
2019-10-15 01:24:47,312 [pool-27-thread-1] INFO  server.RaftServerConfigKeys (ConfUtils.java:logGet(43)) - raft.server.notification.no-leader.timeout = 120s (custom)
2019-10-15 01:24:47,312 [pool-27-thread-1] INFO  server.RaftServerConfigKeys (ConfUtils.java:logGet(43)) - raft.server.log.use.memory = false (default)
2019-10-15 01:24:47,312 [pool-27-thread-1] INFO  server.RaftServerConfigKeys (ConfUtils.java:logGet(43)) - raft.server.log.purge.gap = 1000000 (custom)
2019-10-15 01:24:47,312 [pool-27-thread-1] INFO  server.RaftServerConfigKeys (ConfUtils.java:logGet(43)) - raft.server.log.appender.buffer.byte-limit = 33554432 (custom)
2019-10-15 01:24:47,312 [pool-27-thread-1] INFO  server.RaftServerConfigKeys (ConfUtils.java:logGet(43)) - raft.server.log.segment.size.max = 1048576 (custom)
2019-10-15 01:24:47,313 [pool-27-thread-1] INFO  server.RaftServerConfigKeys (ConfUtils.java:logGet(43)) - raft.server.log.segment.cache.num.max = 2 (custom)
2019-10-15 01:24:47,313 [pool-27-thread-1] INFO  segmented.SegmentedRaftLogWorker (SegmentedRaftLogWorker.java:<init>(173)) - new 755ef487-dc5c-49f0-8786-a5a94d7851cf@group-950B0857AC98-SegmentedRaftLogWorker for RaftStorage:Storage Directory /workdir/hadoop-ozone/integration-test/target/test-dir/MiniOzoneClusterImpl-820509b4-500a-4e43-948b-909f0db04d64/datanode-0/data/ratis/e57fdbe9-998c-41e8-8539-950b0857ac98
2019-10-15 01:24:47,313 [pool-27-thread-1] INFO  server.RaftServerConfigKeys (ConfUtils.java:logGet(43)) - raft.server.log.queue.byte-limit = 2147483647 (custom)
2019-10-15 01:24:47,313 [pool-27-thread-1] INFO  server.RaftServerConfigKeys (ConfUtils.java:logGet(43)) - raft.server.log.queue.element-limit = 1024 (custom)
2019-10-15 01:24:47,313 [pool-27-thread-1] INFO  server.RaftServerConfigKeys (ConfUtils.java:logGet(43)) - raft.server.log.segment.size.max = 1048576 (custom)
2019-10-15 01:24:47,313 [pool-27-thread-1] INFO  server.RaftServerConfigKeys (ConfUtils.java:logGet(43)) - raft.server.log.preallocated.size = 16384 (custom)
2019-10-15 01:24:47,314 [pool-27-thread-1] INFO  server.RaftServerConfigKeys (ConfUtils.java:logGet(43)) - raft.server.log.write.buffer.size = 33554432 (custom)
2019-10-15 01:24:47,314 [pool-27-thread-1] INFO  server.RaftServerConfigKeys (ConfUtils.java:logGet(43)) - raft.server.log.force.sync.num = 128 (default)
2019-10-15 01:24:47,314 [pool-27-thread-1] INFO  server.RaftServerConfigKeys (ConfUtils.java:logGet(43)) - raft.server.log.statemachine.data.sync = true (default)
2019-10-15 01:24:47,314 [pool-27-thread-1] INFO  server.RaftServerConfigKeys (ConfUtils.java:logGet(43)) - raft.server.log.statemachine.data.sync.timeout = 10s (default)
2019-10-15 01:24:47,314 [pool-27-thread-1] INFO  server.RaftServerConfigKeys (ConfUtils.java:logGet(43)) - raft.server.log.statemachine.data.sync.timeout.retry = -1 (default)
2019-10-15 01:24:47,315 [pool-27-thread-1] INFO  server.RaftServerConfigKeys (ConfUtils.java:logGet(43)) - raft.server.log.statemachine.data.caching.enabled = true (custom)
2019-10-15 01:24:47,315 [pool-27-thread-1] INFO  segmented.SegmentedRaftLogWorker (SegmentedRaftLogWorker.java:lambda$new$0(128)) - 755ef487-dc5c-49f0-8786-a5a94d7851cf@group-950B0857AC98-SegmentedRaftLogWorker: flushIndex: setUnconditionally 0 -> -1
2019-10-15 01:24:47,316 [pool-27-thread-1] INFO  server.RaftServerConfigKeys (ConfUtils.java:logGet(43)) - raft.server.snapshot.auto.trigger.enabled = true (custom)
2019-10-15 01:24:47,316 [pool-27-thread-1] INFO  server.RaftServerConfigKeys (ConfUtils.java:logGet(43)) - raft.server.snapshot.auto.trigger.threshold = 10000 (custom)
2019-10-15 01:24:47,316 [pool-27-thread-1] INFO  server.RaftServerConfigKeys (ConfUtils.java:logGet(43)) - raft.server.snapshot.retention.file.num = 5 (custom)
2019-10-15 01:24:47,316 [pool-27-thread-1] INFO  server.RaftServerConfigKeys (ConfUtils.java:logGet(43)) - raft.server.retrycache.expirytime = 600000ms (custom)
2019-10-15 01:24:47,319 [pool-27-thread-1] INFO  impl.RaftServerImpl (RaftServerImpl.java:start(181)) - 755ef487-dc5c-49f0-8786-a5a94d7851cf@group-950B0857AC98: start as a follower, conf=-1: [755ef487-dc5c-49f0-8786-a5a94d7851cf:192.168.164.218:44480], old=null
2019-10-15 01:24:47,319 [pool-27-thread-1] INFO  impl.RaftServerImpl (RaftServerImpl.java:setRole(170)) - 755ef487-dc5c-49f0-8786-a5a94d7851cf@group-950B0857AC98: changes role from      null to FOLLOWER at term 0 for startAsFollower
2019-10-15 01:24:47,320 [pool-27-thread-1] INFO  impl.RoleInfo (RoleInfo.java:updateAndGet(143)) - 755ef487-dc5c-49f0-8786-a5a94d7851cf: start FollowerState
2019-10-15 01:24:47,320 [pool-27-thread-1] INFO  util.JmxRegister (JmxRegister.java:tryRegister(44)) - Successfully registered JMX Bean with object name Ratis:service=RaftServer,group=group-950B0857AC98,id=755ef487-dc5c-49f0-8786-a5a94d7851cf
2019-10-15 01:24:47,333 [RatisPipelineUtilsThread] INFO  pipeline.PipelineStateManager (PipelineStateManager.java:addPipeline(57)) - Created pipeline Pipeline[ Id: e57fdbe9-998c-41e8-8539-950b0857ac98, Nodes: 755ef487-dc5c-49f0-8786-a5a94d7851cf{ip: 192.168.164.218, host: pr-hdds-1868-7bj8h-208101609, networkLocation: /default-rack, certSerialId: null}, Type:RATIS, Factor:ONE, State:ALLOCATED]
2019-10-15 01:24:47,334 [Thread-178] INFO  pipeline.PipelineStateManager (PipelineStateManager.java:finalizePipeline(123)) - Pipeline Pipeline[ Id: 9ba7048f-0396-4c13-b604-a8392d845d50, Nodes: e64c7732-fb55-4271-8d7c-cf792785654a{ip: 192.168.164.218, host: pr-hdds-1868-7bj8h-208101609, networkLocation: /default-rack, certSerialId: null}092a9b57-eeac-4fc9-9a65-b605a27d843e{ip: 192.168.164.218, host: pr-hdds-1868-7bj8h-208101609, networkLocation: /default-rack, certSerialId: null}755ef487-dc5c-49f0-8786-a5a94d7851cf{ip: 192.168.164.218, host: pr-hdds-1868-7bj8h-208101609, networkLocation: /default-rack, certSerialId: null}, Type:RATIS, Factor:THREE, State:CLOSED] moved to CLOSED state
2019-10-15 01:24:47,349 [grpc-default-executor-2] INFO  impl.RaftServerProxy (RaftServerProxy.java:remove(95)) - e64c7732-fb55-4271-8d7c-cf792785654a: remove  FOLLOWER e64c7732-fb55-4271-8d7c-cf792785654a@group-A8392D845D50:t0, leader=null, voted=null, raftlog=e64c7732-fb55-4271-8d7c-cf792785654a@group-A8392D845D50-SegmentedRaftLog:OPENED:c-1,f-1,i0, conf=-1: [092a9b57-eeac-4fc9-9a65-b605a27d843e:192.168.164.218:35508, e64c7732-fb55-4271-8d7c-cf792785654a:192.168.164.218:44527, 755ef487-dc5c-49f0-8786-a5a94d7851cf:192.168.164.218:44480], old=null RUNNING
2019-10-15 01:24:47,349 [grpc-default-executor-2] INFO  impl.RaftServerImpl (RaftServerImpl.java:lambda$shutdown$3(247)) - e64c7732-fb55-4271-8d7c-cf792785654a@group-A8392D845D50: shutdown
2019-10-15 01:24:47,350 [grpc-default-executor-2] INFO  util.JmxRegister (JmxRegister.java:unregister(73)) - Successfully un-registered JMX Bean with object name Ratis:service=RaftServer,group=group-A8392D845D50,id=e64c7732-fb55-4271-8d7c-cf792785654a
2019-10-15 01:24:47,350 [grpc-default-executor-2] INFO  impl.RoleInfo (RoleInfo.java:shutdownFollowerState(121)) - e64c7732-fb55-4271-8d7c-cf792785654a: shutdown FollowerState
2019-10-15 01:24:47,350 [grpc-default-executor-2] INFO  impl.StateMachineUpdater (StateMachineUpdater.java:stopAndJoin(136)) - e64c7732-fb55-4271-8d7c-cf792785654a@group-A8392D845D50-StateMachineUpdater: set stopIndex = -1
2019-10-15 01:24:47,350 [Thread-193] INFO  impl.FollowerState (FollowerState.java:run(117)) - e64c7732-fb55-4271-8d7c-cf792785654a@group-A8392D845D50-FollowerState was interrupted: java.lang.InterruptedException: sleep interrupted
2019-10-15 01:24:47,351 [grpc-default-executor-2] INFO  impl.RaftServerImpl (ServerState.java:close(387)) - e64c7732-fb55-4271-8d7c-cf792785654a@group-A8392D845D50: closes. applyIndex: -1
2019-10-15 01:24:47,353 [e64c7732-fb55-4271-8d7c-cf792785654a@group-A8392D845D50-SegmentedRaftLogWorker] INFO  segmented.SegmentedRaftLogWorker (SegmentedRaftLogWorker.java:run(316)) - e64c7732-fb55-4271-8d7c-cf792785654a@group-A8392D845D50-SegmentedRaftLogWorker was interrupted, exiting. There are 0 tasks remaining in the queue.
2019-10-15 01:24:47,353 [grpc-default-executor-2] INFO  segmented.SegmentedRaftLogWorker (SegmentedRaftLogWorker.java:close(224)) - e64c7732-fb55-4271-8d7c-cf792785654a@group-A8392D845D50-SegmentedRaftLogWorker close()
2019-10-15 01:24:47,374 [grpc-default-executor-2] INFO  impl.RaftServerProxy (RaftServerProxy.java:remove(95)) - 092a9b57-eeac-4fc9-9a65-b605a27d843e: remove  FOLLOWER 092a9b57-eeac-4fc9-9a65-b605a27d843e@group-A8392D845D50:t0, leader=null, voted=null, raftlog=092a9b57-eeac-4fc9-9a65-b605a27d843e@group-A8392D845D50-SegmentedRaftLog:OPENED:c-1,f-1,i0, conf=-1: [092a9b57-eeac-4fc9-9a65-b605a27d843e:192.168.164.218:35508, e64c7732-fb55-4271-8d7c-cf792785654a:192.168.164.218:44527, 755ef487-dc5c-49f0-8786-a5a94d7851cf:192.168.164.218:44480], old=null RUNNING
2019-10-15 01:24:47,374 [grpc-default-executor-2] INFO  impl.RaftServerImpl (RaftServerImpl.java:lambda$shutdown$3(247)) - 092a9b57-eeac-4fc9-9a65-b605a27d843e@group-A8392D845D50: shutdown
2019-10-15 01:24:47,375 [grpc-default-executor-2] INFO  util.JmxRegister (JmxRegister.java:unregister(73)) - Successfully un-registered JMX Bean with object name Ratis:service=RaftServer,group=group-A8392D845D50,id=092a9b57-eeac-4fc9-9a65-b605a27d843e
2019-10-15 01:24:47,375 [grpc-default-executor-2] INFO  impl.RoleInfo (RoleInfo.java:shutdownFollowerState(121)) - 092a9b57-eeac-4fc9-9a65-b605a27d843e: shutdown FollowerState
2019-10-15 01:24:47,375 [grpc-default-executor-2] INFO  impl.StateMachineUpdater (StateMachineUpdater.java:stopAndJoin(136)) - 092a9b57-eeac-4fc9-9a65-b605a27d843e@group-A8392D845D50-StateMachineUpdater: set stopIndex = -1
2019-10-15 01:24:47,375 [Thread-192] INFO  impl.FollowerState (FollowerState.java:run(117)) - 092a9b57-eeac-4fc9-9a65-b605a27d843e@group-A8392D845D50-FollowerState was interrupted: java.lang.InterruptedException: sleep interrupted
2019-10-15 01:24:47,376 [grpc-default-executor-2] INFO  impl.RaftServerImpl (ServerState.java:close(387)) - 092a9b57-eeac-4fc9-9a65-b605a27d843e@group-A8392D845D50: closes. applyIndex: -1
2019-10-15 01:24:47,378 [092a9b57-eeac-4fc9-9a65-b605a27d843e@group-A8392D845D50-SegmentedRaftLogWorker] INFO  segmented.SegmentedRaftLogWorker (SegmentedRaftLogWorker.java:run(316)) - 092a9b57-eeac-4fc9-9a65-b605a27d843e@group-A8392D845D50-SegmentedRaftLogWorker was interrupted, exiting. There are 0 tasks remaining in the queue.
2019-10-15 01:24:47,378 [grpc-default-executor-2] INFO  segmented.SegmentedRaftLogWorker (SegmentedRaftLogWorker.java:close(224)) - 092a9b57-eeac-4fc9-9a65-b605a27d843e@group-A8392D845D50-SegmentedRaftLogWorker close()
2019-10-15 01:24:47,399 [grpc-default-executor-2] INFO  impl.RaftServerProxy (RaftServerProxy.java:remove(95)) - 755ef487-dc5c-49f0-8786-a5a94d7851cf: remove  FOLLOWER 755ef487-dc5c-49f0-8786-a5a94d7851cf@group-A8392D845D50:t0, leader=null, voted=null, raftlog=755ef487-dc5c-49f0-8786-a5a94d7851cf@group-A8392D845D50-SegmentedRaftLog:OPENED:c-1,f-1,i0, conf=-1: [092a9b57-eeac-4fc9-9a65-b605a27d843e:192.168.164.218:35508, e64c7732-fb55-4271-8d7c-cf792785654a:192.168.164.218:44527, 755ef487-dc5c-49f0-8786-a5a94d7851cf:192.168.164.218:44480], old=null RUNNING
2019-10-15 01:24:47,399 [grpc-default-executor-2] INFO  impl.RaftServerImpl (RaftServerImpl.java:lambda$shutdown$3(247)) - 755ef487-dc5c-49f0-8786-a5a94d7851cf@group-A8392D845D50: shutdown
2019-10-15 01:24:47,399 [grpc-default-executor-2] INFO  util.JmxRegister (JmxRegister.java:unregister(73)) - Successfully un-registered JMX Bean with object name Ratis:service=RaftServer,group=group-A8392D845D50,id=755ef487-dc5c-49f0-8786-a5a94d7851cf
2019-10-15 01:24:47,399 [grpc-default-executor-2] INFO  impl.RoleInfo (RoleInfo.java:shutdownFollowerState(121)) - 755ef487-dc5c-49f0-8786-a5a94d7851cf: shutdown FollowerState
2019-10-15 01:24:47,400 [grpc-default-executor-2] INFO  impl.StateMachineUpdater (StateMachineUpdater.java:stopAndJoin(136)) - 755ef487-dc5c-49f0-8786-a5a94d7851cf@group-A8392D845D50-StateMachineUpdater: set stopIndex = -1
2019-10-15 01:24:47,400 [Thread-191] INFO  impl.FollowerState (FollowerState.java:run(117)) - 755ef487-dc5c-49f0-8786-a5a94d7851cf@group-A8392D845D50-FollowerState was interrupted: java.lang.InterruptedException: sleep interrupted
2019-10-15 01:24:47,401 [grpc-default-executor-2] INFO  impl.RaftServerImpl (ServerState.java:close(387)) - 755ef487-dc5c-49f0-8786-a5a94d7851cf@group-A8392D845D50: closes. applyIndex: -1
2019-10-15 01:24:47,402 [755ef487-dc5c-49f0-8786-a5a94d7851cf@group-A8392D845D50-SegmentedRaftLogWorker] INFO  segmented.SegmentedRaftLogWorker (SegmentedRaftLogWorker.java:run(316)) - 755ef487-dc5c-49f0-8786-a5a94d7851cf@group-A8392D845D50-SegmentedRaftLogWorker was interrupted, exiting. There are 0 tasks remaining in the queue.
2019-10-15 01:24:47,403 [grpc-default-executor-2] INFO  segmented.SegmentedRaftLogWorker (SegmentedRaftLogWorker.java:close(224)) - 755ef487-dc5c-49f0-8786-a5a94d7851cf@group-A8392D845D50-SegmentedRaftLogWorker close()
2019-10-15 01:24:47,410 [Thread-178] INFO  pipeline.PipelineStateManager (PipelineStateManager.java:removePipeline(108)) - Pipeline Pipeline[ Id: 9ba7048f-0396-4c13-b604-a8392d845d50, Nodes: e64c7732-fb55-4271-8d7c-cf792785654a{ip: 192.168.164.218, host: pr-hdds-1868-7bj8h-208101609, networkLocation: /default-rack, certSerialId: null}092a9b57-eeac-4fc9-9a65-b605a27d843e{ip: 192.168.164.218, host: pr-hdds-1868-7bj8h-208101609, networkLocation: /default-rack, certSerialId: null}755ef487-dc5c-49f0-8786-a5a94d7851cf{ip: 192.168.164.218, host: pr-hdds-1868-7bj8h-208101609, networkLocation: /default-rack, certSerialId: null}, Type:RATIS, Factor:THREE, State:CLOSED] removed from db
2019-10-15 01:24:47,431 [grpc-default-executor-0] INFO  impl.RaftServerProxy (RaftServerProxy.java:addNew(89)) - 092a9b57-eeac-4fc9-9a65-b605a27d843e: addNew group-DEE6F61FE133:[092a9b57-eeac-4fc9-9a65-b605a27d843e:192.168.164.218:35508, e64c7732-fb55-4271-8d7c-cf792785654a:192.168.164.218:44527, 755ef487-dc5c-49f0-8786-a5a94d7851cf:192.168.164.218:44480] returns group-DEE6F61FE133:java.util.concurrent.CompletableFuture@331d0076[Not completed]
2019-10-15 01:24:47,431 [grpc-default-executor-1] INFO  impl.RaftServerProxy (RaftServerProxy.java:addNew(89)) - e64c7732-fb55-4271-8d7c-cf792785654a: addNew group-DEE6F61FE133:[092a9b57-eeac-4fc9-9a65-b605a27d843e:192.168.164.218:35508, e64c7732-fb55-4271-8d7c-cf792785654a:192.168.164.218:44527, 755ef487-dc5c-49f0-8786-a5a94d7851cf:192.168.164.218:44480] returns group-DEE6F61FE133:java.util.concurrent.CompletableFuture@746a22df[Not completed]
2019-10-15 01:24:47,433 [grpc-default-executor-2] INFO  impl.RaftServerProxy (RaftServerProxy.java:addNew(89)) - 755ef487-dc5c-49f0-8786-a5a94d7851cf: addNew group-DEE6F61FE133:[092a9b57-eeac-4fc9-9a65-b605a27d843e:192.168.164.218:35508, e64c7732-fb55-4271-8d7c-cf792785654a:192.168.164.218:44527, 755ef487-dc5c-49f0-8786-a5a94d7851cf:192.168.164.218:44480] returns group-DEE6F61FE133:java.util.concurrent.CompletableFuture@1e52323b[Not completed]
2019-10-15 01:24:47,435 [pool-47-thread-1] INFO  impl.RaftServerImpl (RaftServerImpl.java:<init>(95)) - 092a9b57-eeac-4fc9-9a65-b605a27d843e: new RaftServerImpl for group-DEE6F61FE133:[092a9b57-eeac-4fc9-9a65-b605a27d843e:192.168.164.218:35508, e64c7732-fb55-4271-8d7c-cf792785654a:192.168.164.218:44527, 755ef487-dc5c-49f0-8786-a5a94d7851cf:192.168.164.218:44480] with ContainerStateMachine:uninitialized
2019-10-15 01:24:47,435 [pool-47-thread-1] INFO  server.RaftServerConfigKeys (ConfUtils.java:logGet(43)) - raft.server.rpc.timeout.min = 5s (custom)
2019-10-15 01:24:47,435 [pool-47-thread-1] INFO  server.RaftServerConfigKeys (ConfUtils.java:logGet(43)) - raft.server.rpc.timeout.max = 5200ms (custom)
2019-10-15 01:24:47,435 [pool-47-thread-1] INFO  server.RaftServerConfigKeys (ConfUtils.java:logGet(43)) - raft.server.rpcslowness.timeout = 120s (custom)
2019-10-15 01:24:47,435 [pool-47-thread-1] INFO  server.RaftServerConfigKeys (ConfUtils.java:logGet(43)) - raft.server.sleep.deviation.threshold = 300 (default)
2019-10-15 01:24:47,436 [pool-47-thread-1] INFO  server.RaftServerConfigKeys (ConfUtils.java:logGet(43)) - raft.server.log.appender.install.snapshot.enabled = false (custom)
2019-10-15 01:24:47,436 [pool-47-thread-1] INFO  impl.RaftServerImpl (ServerState.java:<init>(103)) - 092a9b57-eeac-4fc9-9a65-b605a27d843e@group-DEE6F61FE133: ConfigurationManager, init=-1: [092a9b57-eeac-4fc9-9a65-b605a27d843e:192.168.164.218:35508, e64c7732-fb55-4271-8d7c-cf792785654a:192.168.164.218:44527, 755ef487-dc5c-49f0-8786-a5a94d7851cf:192.168.164.218:44480], old=null, confs=<EMPTY_MAP>
2019-10-15 01:24:47,436 [pool-27-thread-1] INFO  impl.RaftServerImpl (RaftServerImpl.java:<init>(95)) - 755ef487-dc5c-49f0-8786-a5a94d7851cf: new RaftServerImpl for group-DEE6F61FE133:[092a9b57-eeac-4fc9-9a65-b605a27d843e:192.168.164.218:35508, e64c7732-fb55-4271-8d7c-cf792785654a:192.168.164.218:44527, 755ef487-dc5c-49f0-8786-a5a94d7851cf:192.168.164.218:44480] with ContainerStateMachine:uninitialized
2019-10-15 01:24:47,436 [pool-47-thread-1] INFO  server.RaftServerConfigKeys (ConfUtils.java:logGet(43)) - raft.server.storage.dir = [/workdir/hadoop-ozone/integration-test/target/test-dir/MiniOzoneClusterImpl-820509b4-500a-4e43-948b-909f0db04d64/datanode-2/data/ratis] (custom)
2019-10-15 01:24:47,436 [pool-27-thread-1] INFO  server.RaftServerConfigKeys (ConfUtils.java:logGet(43)) - raft.server.rpc.timeout.min = 5s (custom)
2019-10-15 01:24:47,436 [pool-27-thread-1] INFO  server.RaftServerConfigKeys (ConfUtils.java:logGet(43)) - raft.server.rpc.timeout.max = 5200ms (custom)
2019-10-15 01:24:47,436 [pool-47-thread-1] INFO  server.RaftServerConfigKeys (ConfUtils.java:logGet(43)) - raft.server.log.corruption.policy = EXCEPTION (default)
2019-10-15 01:24:47,436 [pool-27-thread-1] INFO  server.RaftServerConfigKeys (ConfUtils.java:logGet(43)) - raft.server.rpcslowness.timeout = 120s (custom)
2019-10-15 01:24:47,437 [pool-47-thread-1] INFO  storage.RaftStorageDirectory (RaftStorageDirectory.java:analyzeStorage(246)) - The storage directory /workdir/hadoop-ozone/integration-test/target/test-dir/MiniOzoneClusterImpl-820509b4-500a-4e43-948b-909f0db04d64/datanode-2/data/ratis/095d1dde-9c78-4db0-8ae5-dee6f61fe133 does not exist. Creating ...
2019-10-15 01:24:47,437 [pool-27-thread-1] INFO  server.RaftServerConfigKeys (ConfUtils.java:logGet(43)) - raft.server.sleep.deviation.threshold = 300 (default)
2019-10-15 01:24:47,437 [pool-27-thread-1] INFO  server.RaftServerConfigKeys (ConfUtils.java:logGet(43)) - raft.server.log.appender.install.snapshot.enabled = false (custom)
2019-10-15 01:24:47,437 [pool-37-thread-1] INFO  impl.RaftServerImpl (RaftServerImpl.java:<init>(95)) - e64c7732-fb55-4271-8d7c-cf792785654a: new RaftServerImpl for group-DEE6F61FE133:[092a9b57-eeac-4fc9-9a65-b605a27d843e:192.168.164.218:35508, e64c7732-fb55-4271-8d7c-cf792785654a:192.168.164.218:44527, 755ef487-dc5c-49f0-8786-a5a94d7851cf:192.168.164.218:44480] with ContainerStateMachine:uninitialized
2019-10-15 01:24:47,437 [pool-27-thread-1] INFO  impl.RaftServerImpl (ServerState.java:<init>(103)) - 755ef487-dc5c-49f0-8786-a5a94d7851cf@group-DEE6F61FE133: ConfigurationManager, init=-1: [092a9b57-eeac-4fc9-9a65-b605a27d843e:192.168.164.218:35508, e64c7732-fb55-4271-8d7c-cf792785654a:192.168.164.218:44527, 755ef487-dc5c-49f0-8786-a5a94d7851cf:192.168.164.218:44480], old=null, confs=<EMPTY_MAP>
2019-10-15 01:24:47,437 [pool-37-thread-1] INFO  server.RaftServerConfigKeys (ConfUtils.java:logGet(43)) - raft.server.rpc.timeout.min = 5s (custom)
2019-10-15 01:24:47,438 [pool-27-thread-1] INFO  server.RaftServerConfigKeys (ConfUtils.java:logGet(43)) - raft.server.storage.dir = [/workdir/hadoop-ozone/integration-test/target/test-dir/MiniOzoneClusterImpl-820509b4-500a-4e43-948b-909f0db04d64/datanode-0/data/ratis] (custom)
2019-10-15 01:24:47,438 [pool-37-thread-1] INFO  server.RaftServerConfigKeys (ConfUtils.java:logGet(43)) - raft.server.rpc.timeout.max = 5200ms (custom)
2019-10-15 01:24:47,438 [pool-37-thread-1] INFO  server.RaftServerConfigKeys (ConfUtils.java:logGet(43)) - raft.server.rpcslowness.timeout = 120s (custom)
2019-10-15 01:24:47,438 [pool-27-thread-1] INFO  server.RaftServerConfigKeys (ConfUtils.java:logGet(43)) - raft.server.log.corruption.policy = EXCEPTION (default)
2019-10-15 01:24:47,438 [pool-37-thread-1] INFO  server.RaftServerConfigKeys (ConfUtils.java:logGet(43)) - raft.server.sleep.deviation.threshold = 300 (default)
2019-10-15 01:24:47,438 [pool-27-thread-1] INFO  storage.RaftStorageDirectory (RaftStorageDirectory.java:analyzeStorage(246)) - The storage directory /workdir/hadoop-ozone/integration-test/target/test-dir/MiniOzoneClusterImpl-820509b4-500a-4e43-948b-909f0db04d64/datanode-0/data/ratis/095d1dde-9c78-4db0-8ae5-dee6f61fe133 does not exist. Creating ...
2019-10-15 01:24:47,439 [pool-37-thread-1] INFO  server.RaftServerConfigKeys (ConfUtils.java:logGet(43)) - raft.server.log.appender.install.snapshot.enabled = false (custom)
2019-10-15 01:24:47,439 [pool-37-thread-1] INFO  impl.RaftServerImpl (ServerState.java:<init>(103)) - e64c7732-fb55-4271-8d7c-cf792785654a@group-DEE6F61FE133: ConfigurationManager, init=-1: [092a9b57-eeac-4fc9-9a65-b605a27d843e:192.168.164.218:35508, e64c7732-fb55-4271-8d7c-cf792785654a:192.168.164.218:44527, 755ef487-dc5c-49f0-8786-a5a94d7851cf:192.168.164.218:44480], old=null, confs=<EMPTY_MAP>
2019-10-15 01:24:47,439 [pool-37-thread-1] INFO  server.RaftServerConfigKeys (ConfUtils.java:logGet(43)) - raft.server.storage.dir = [/workdir/hadoop-ozone/integration-test/target/test-dir/MiniOzoneClusterImpl-820509b4-500a-4e43-948b-909f0db04d64/datanode-1/data/ratis] (custom)
2019-10-15 01:24:47,439 [pool-37-thread-1] INFO  server.RaftServerConfigKeys (ConfUtils.java:logGet(43)) - raft.server.log.corruption.policy = EXCEPTION (default)
2019-10-15 01:24:47,440 [pool-37-thread-1] INFO  storage.RaftStorageDirectory (RaftStorageDirectory.java:analyzeStorage(246)) - The storage directory /workdir/hadoop-ozone/integration-test/target/test-dir/MiniOzoneClusterImpl-820509b4-500a-4e43-948b-909f0db04d64/datanode-1/data/ratis/095d1dde-9c78-4db0-8ae5-dee6f61fe133 does not exist. Creating ...
2019-10-15 01:24:47,462 [pool-27-thread-1] INFO  storage.RaftStorageDirectory (RaftStorageDirectory.java:tryLock(328)) - Lock on /workdir/hadoop-ozone/integration-test/target/test-dir/MiniOzoneClusterImpl-820509b4-500a-4e43-948b-909f0db04d64/datanode-0/data/ratis/095d1dde-9c78-4db0-8ae5-dee6f61fe133/in_use.lock acquired by nodename 1649@pr-hdds-1868-7bj8h-208101609
2019-10-15 01:24:47,462 [pool-47-thread-1] INFO  storage.RaftStorageDirectory (RaftStorageDirectory.java:tryLock(328)) - Lock on /workdir/hadoop-ozone/integration-test/target/test-dir/MiniOzoneClusterImpl-820509b4-500a-4e43-948b-909f0db04d64/datanode-2/data/ratis/095d1dde-9c78-4db0-8ae5-dee6f61fe133/in_use.lock acquired by nodename 1649@pr-hdds-1868-7bj8h-208101609
2019-10-15 01:24:47,462 [pool-37-thread-1] INFO  storage.RaftStorageDirectory (RaftStorageDirectory.java:tryLock(328)) - Lock on /workdir/hadoop-ozone/integration-test/target/test-dir/MiniOzoneClusterImpl-820509b4-500a-4e43-948b-909f0db04d64/datanode-1/data/ratis/095d1dde-9c78-4db0-8ae5-dee6f61fe133/in_use.lock acquired by nodename 1649@pr-hdds-1868-7bj8h-208101609
2019-10-15 01:24:47,487 [pool-27-thread-1] INFO  storage.RaftStorage (RaftStorage.java:format(84)) - Storage directory /workdir/hadoop-ozone/integration-test/target/test-dir/MiniOzoneClusterImpl-820509b4-500a-4e43-948b-909f0db04d64/datanode-0/data/ratis/095d1dde-9c78-4db0-8ae5-dee6f61fe133 has been successfully formatted.
2019-10-15 01:24:47,487 [pool-37-thread-1] INFO  storage.RaftStorage (RaftStorage.java:format(84)) - Storage directory /workdir/hadoop-ozone/integration-test/target/test-dir/MiniOzoneClusterImpl-820509b4-500a-4e43-948b-909f0db04d64/datanode-1/data/ratis/095d1dde-9c78-4db0-8ae5-dee6f61fe133 has been successfully formatted.
2019-10-15 01:24:47,487 [pool-47-thread-1] INFO  storage.RaftStorage (RaftStorage.java:format(84)) - Storage directory /workdir/hadoop-ozone/integration-test/target/test-dir/MiniOzoneClusterImpl-820509b4-500a-4e43-948b-909f0db04d64/datanode-2/data/ratis/095d1dde-9c78-4db0-8ae5-dee6f61fe133 has been successfully formatted.
2019-10-15 01:24:47,488 [pool-27-thread-1] INFO  ratis.ContainerStateMachine (ContainerStateMachine.java:loadSnapshot(233)) - group-DEE6F61FE133: The snapshot info is null. Setting the last applied indexto:(t:0, i:~)
2019-10-15 01:24:47,488 [pool-47-thread-1] INFO  ratis.ContainerStateMachine (ContainerStateMachine.java:loadSnapshot(233)) - group-DEE6F61FE133: The snapshot info is null. Setting the last applied indexto:(t:0, i:~)
2019-10-15 01:24:47,488 [pool-37-thread-1] INFO  ratis.ContainerStateMachine (ContainerStateMachine.java:loadSnapshot(233)) - group-DEE6F61FE133: The snapshot info is null. Setting the last applied indexto:(t:0, i:~)
2019-10-15 01:24:47,488 [pool-47-thread-1] INFO  server.RaftServerConfigKeys (ConfUtils.java:logGet(43)) - raft.server.notification.no-leader.timeout = 120s (custom)
2019-10-15 01:24:47,488 [pool-27-thread-1] INFO  server.RaftServerConfigKeys (ConfUtils.java:logGet(43)) - raft.server.notification.no-leader.timeout = 120s (custom)
2019-10-15 01:24:47,489 [pool-47-thread-1] INFO  server.RaftServerConfigKeys (ConfUtils.java:logGet(43)) - raft.server.log.use.memory = false (default)
2019-10-15 01:24:47,488 [pool-37-thread-1] INFO  server.RaftServerConfigKeys (ConfUtils.java:logGet(43)) - raft.server.notification.no-leader.timeout = 120s (custom)
2019-10-15 01:24:47,489 [pool-47-thread-1] INFO  server.RaftServerConfigKeys (ConfUtils.java:logGet(43)) - raft.server.log.purge.gap = 1000000 (custom)
2019-10-15 01:24:47,489 [pool-27-thread-1] INFO  server.RaftServerConfigKeys (ConfUtils.java:logGet(43)) - raft.server.log.use.memory = false (default)
2019-10-15 01:24:47,489 [pool-47-thread-1] INFO  server.RaftServerConfigKeys (ConfUtils.java:logGet(43)) - raft.server.log.appender.buffer.byte-limit = 33554432 (custom)
2019-10-15 01:24:47,489 [pool-37-thread-1] INFO  server.RaftServerConfigKeys (ConfUtils.java:logGet(43)) - raft.server.log.use.memory = false (default)
2019-10-15 01:24:47,490 [pool-47-thread-1] INFO  server.RaftServerConfigKeys (ConfUtils.java:logGet(43)) - raft.server.log.segment.size.max = 1048576 (custom)
2019-10-15 01:24:47,490 [pool-27-thread-1] INFO  server.RaftServerConfigKeys (ConfUtils.java:logGet(43)) - raft.server.log.purge.gap = 1000000 (custom)
2019-10-15 01:24:47,490 [pool-47-thread-1] INFO  server.RaftServerConfigKeys (ConfUtils.java:logGet(43)) - raft.server.log.segment.cache.num.max = 2 (custom)
2019-10-15 01:24:47,490 [pool-37-thread-1] INFO  server.RaftServerConfigKeys (ConfUtils.java:logGet(43)) - raft.server.log.purge.gap = 1000000 (custom)
2019-10-15 01:24:47,490 [pool-47-thread-1] INFO  segmented.SegmentedRaftLogWorker (SegmentedRaftLogWorker.java:<init>(173)) - new 092a9b57-eeac-4fc9-9a65-b605a27d843e@group-DEE6F61FE133-SegmentedRaftLogWorker for RaftStorage:Storage Directory /workdir/hadoop-ozone/integration-test/target/test-dir/MiniOzoneClusterImpl-820509b4-500a-4e43-948b-909f0db04d64/datanode-2/data/ratis/095d1dde-9c78-4db0-8ae5-dee6f61fe133
2019-10-15 01:24:47,490 [pool-27-thread-1] INFO  server.RaftServerConfigKeys (ConfUtils.java:logGet(43)) - raft.server.log.appender.buffer.byte-limit = 33554432 (custom)
2019-10-15 01:24:47,491 [pool-47-thread-1] INFO  server.RaftServerConfigKeys (ConfUtils.java:logGet(43)) - raft.server.log.queue.byte-limit = 2147483647 (custom)
2019-10-15 01:24:47,491 [pool-37-thread-1] INFO  server.RaftServerConfigKeys (ConfUtils.java:logGet(43)) - raft.server.log.appender.buffer.byte-limit = 33554432 (custom)
2019-10-15 01:24:47,491 [pool-47-thread-1] INFO  server.RaftServerConfigKeys (ConfUtils.java:logGet(43)) - raft.server.log.queue.element-limit = 1024 (custom)
2019-10-15 01:24:47,491 [pool-27-thread-1] INFO  server.RaftServerConfigKeys (ConfUtils.java:logGet(43)) - raft.server.log.segment.size.max = 1048576 (custom)
2019-10-15 01:24:47,491 [pool-47-thread-1] INFO  server.RaftServerConfigKeys (ConfUtils.java:logGet(43)) - raft.server.log.segment.size.max = 1048576 (custom)
2019-10-15 01:24:47,492 [pool-27-thread-1] INFO  server.RaftServerConfigKeys (ConfUtils.java:logGet(43)) - raft.server.log.segment.cache.num.max = 2 (custom)
2019-10-15 01:24:47,491 [pool-37-thread-1] INFO  server.RaftServerConfigKeys (ConfUtils.java:logGet(43)) - raft.server.log.segment.size.max = 1048576 (custom)
2019-10-15 01:24:47,492 [pool-27-thread-1] INFO  segmented.SegmentedRaftLogWorker (SegmentedRaftLogWorker.java:<init>(173)) - new 755ef487-dc5c-49f0-8786-a5a94d7851cf@group-DEE6F61FE133-SegmentedRaftLogWorker for RaftStorage:Storage Directory /workdir/hadoop-ozone/integration-test/target/test-dir/MiniOzoneClusterImpl-820509b4-500a-4e43-948b-909f0db04d64/datanode-0/data/ratis/095d1dde-9c78-4db0-8ae5-dee6f61fe133
2019-10-15 01:24:47,492 [pool-47-thread-1] INFO  server.RaftServerConfigKeys (ConfUtils.java:logGet(43)) - raft.server.log.preallocated.size = 16384 (custom)
2019-10-15 01:24:47,492 [pool-27-thread-1] INFO  server.RaftServerConfigKeys (ConfUtils.java:logGet(43)) - raft.server.log.queue.byte-limit = 2147483647 (custom)
2019-10-15 01:24:47,492 [pool-37-thread-1] INFO  server.RaftServerConfigKeys (ConfUtils.java:logGet(43)) - raft.server.log.segment.cache.num.max = 2 (custom)
2019-10-15 01:24:47,493 [pool-27-thread-1] INFO  server.RaftServerConfigKeys (ConfUtils.java:logGet(43)) - raft.server.log.queue.element-limit = 1024 (custom)
2019-10-15 01:24:47,492 [pool-47-thread-1] INFO  server.RaftServerConfigKeys (ConfUtils.java:logGet(43)) - raft.server.log.write.buffer.size = 33554432 (custom)
2019-10-15 01:24:47,493 [pool-27-thread-1] INFO  server.RaftServerConfigKeys (ConfUtils.java:logGet(43)) - raft.server.log.segment.size.max = 1048576 (custom)
2019-10-15 01:24:47,493 [pool-37-thread-1] INFO  segmented.SegmentedRaftLogWorker (SegmentedRaftLogWorker.java:<init>(173)) - new e64c7732-fb55-4271-8d7c-cf792785654a@group-DEE6F61FE133-SegmentedRaftLogWorker for RaftStorage:Storage Directory /workdir/hadoop-ozone/integration-test/target/test-dir/MiniOzoneClusterImpl-820509b4-500a-4e43-948b-909f0db04d64/datanode-1/data/ratis/095d1dde-9c78-4db0-8ae5-dee6f61fe133
2019-10-15 01:24:47,493 [pool-27-thread-1] INFO  server.RaftServerConfigKeys (ConfUtils.java:logGet(43)) - raft.server.log.preallocated.size = 16384 (custom)
2019-10-15 01:24:47,493 [pool-47-thread-1] INFO  server.RaftServerConfigKeys (ConfUtils.java:logGet(43)) - raft.server.log.force.sync.num = 128 (default)
2019-10-15 01:24:47,494 [pool-27-thread-1] INFO  server.RaftServerConfigKeys (ConfUtils.java:logGet(43)) - raft.server.log.write.buffer.size = 33554432 (custom)
2019-10-15 01:24:47,493 [pool-37-thread-1] INFO  server.RaftServerConfigKeys (ConfUtils.java:logGet(43)) - raft.server.log.queue.byte-limit = 2147483647 (custom)
2019-10-15 01:24:47,494 [pool-27-thread-1] INFO  server.RaftServerConfigKeys (ConfUtils.java:logGet(43)) - raft.server.log.force.sync.num = 128 (default)
2019-10-15 01:24:47,494 [pool-27-thread-1] INFO  server.RaftServerConfigKeys (ConfUtils.java:logGet(43)) - raft.server.log.statemachine.data.sync = true (default)
2019-10-15 01:24:47,494 [pool-47-thread-1] INFO  server.RaftServerConfigKeys (ConfUtils.java:logGet(43)) - raft.server.log.statemachine.data.sync = true (default)
2019-10-15 01:24:47,495 [pool-27-thread-1] INFO  server.RaftServerConfigKeys (ConfUtils.java:logGet(43)) - raft.server.log.statemachine.data.sync.timeout = 10s (default)
2019-10-15 01:24:47,494 [pool-37-thread-1] INFO  server.RaftServerConfigKeys (ConfUtils.java:logGet(43)) - raft.server.log.queue.element-limit = 1024 (custom)
2019-10-15 01:24:47,495 [pool-27-thread-1] INFO  server.RaftServerConfigKeys (ConfUtils.java:logGet(43)) - raft.server.log.statemachine.data.sync.timeout.retry = -1 (default)
2019-10-15 01:24:47,495 [pool-47-thread-1] INFO  server.RaftServerConfigKeys (ConfUtils.java:logGet(43)) - raft.server.log.statemachine.data.sync.timeout = 10s (default)
2019-10-15 01:24:47,496 [pool-27-thread-1] INFO  server.RaftServerConfigKeys (ConfUtils.java:logGet(43)) - raft.server.log.statemachine.data.caching.enabled = true (custom)
2019-10-15 01:24:47,495 [pool-37-thread-1] INFO  server.RaftServerConfigKeys (ConfUtils.java:logGet(43)) - raft.server.log.segment.size.max = 1048576 (custom)
2019-10-15 01:24:47,496 [pool-47-thread-1] INFO  server.RaftServerConfigKeys (ConfUtils.java:logGet(43)) - raft.server.log.statemachine.data.sync.timeout.retry = -1 (default)
2019-10-15 01:24:47,496 [pool-27-thread-1] INFO  segmented.SegmentedRaftLogWorker (SegmentedRaftLogWorker.java:lambda$new$0(128)) - 755ef487-dc5c-49f0-8786-a5a94d7851cf@group-DEE6F61FE133-SegmentedRaftLogWorker: flushIndex: setUnconditionally 0 -> -1
2019-10-15 01:24:47,496 [pool-37-thread-1] INFO  server.RaftServerConfigKeys (ConfUtils.java:logGet(43)) - raft.server.log.preallocated.size = 16384 (custom)
2019-10-15 01:24:47,496 [pool-47-thread-1] INFO  server.RaftServerConfigKeys (ConfUtils.java:logGet(43)) - raft.server.log.statemachine.data.caching.enabled = true (custom)
2019-10-15 01:24:47,497 [pool-27-thread-1] INFO  server.RaftServerConfigKeys (ConfUtils.java:logGet(43)) - raft.server.snapshot.auto.trigger.enabled = true (custom)
2019-10-15 01:24:47,497 [pool-37-thread-1] INFO  server.RaftServerConfigKeys (ConfUtils.java:logGet(43)) - raft.server.log.write.buffer.size = 33554432 (custom)
2019-10-15 01:24:47,497 [pool-47-thread-1] INFO  segmented.SegmentedRaftLogWorker (SegmentedRaftLogWorker.java:lambda$new$0(128)) - 092a9b57-eeac-4fc9-9a65-b605a27d843e@group-DEE6F61FE133-SegmentedRaftLogWorker: flushIndex: setUnconditionally 0 -> -1
2019-10-15 01:24:47,497 [pool-27-thread-1] INFO  server.RaftServerConfigKeys (ConfUtils.java:logGet(43)) - raft.server.snapshot.auto.trigger.threshold = 10000 (custom)
2019-10-15 01:24:47,497 [pool-37-thread-1] INFO  server.RaftServerConfigKeys (ConfUtils.java:logGet(43)) - raft.server.log.force.sync.num = 128 (default)
2019-10-15 01:24:47,497 [pool-27-thread-1] INFO  server.RaftServerConfigKeys (ConfUtils.java:logGet(43)) - raft.server.snapshot.retention.file.num = 5 (custom)
2019-10-15 01:24:47,497 [pool-47-thread-1] INFO  server.RaftServerConfigKeys (ConfUtils.java:logGet(43)) - raft.server.snapshot.auto.trigger.enabled = true (custom)
2019-10-15 01:24:47,498 [pool-27-thread-1] INFO  server.RaftServerConfigKeys (ConfUtils.java:logGet(43)) - raft.server.retrycache.expirytime = 600000ms (custom)
2019-10-15 01:24:47,498 [pool-37-thread-1] INFO  server.RaftServerConfigKeys (ConfUtils.java:logGet(43)) - raft.server.log.statemachine.data.sync = true (default)
2019-10-15 01:24:47,498 [pool-47-thread-1] INFO  server.RaftServerConfigKeys (ConfUtils.java:logGet(43)) - raft.server.snapshot.auto.trigger.threshold = 10000 (custom)
2019-10-15 01:24:47,498 [pool-37-thread-1] INFO  server.RaftServerConfigKeys (ConfUtils.java:logGet(43)) - raft.server.log.statemachine.data.sync.timeout = 10s (default)
2019-10-15 01:24:47,498 [pool-47-thread-1] INFO  server.RaftServerConfigKeys (ConfUtils.java:logGet(43)) - raft.server.snapshot.retention.file.num = 5 (custom)
2019-10-15 01:24:47,499 [pool-37-thread-1] INFO  server.RaftServerConfigKeys (ConfUtils.java:logGet(43)) - raft.server.log.statemachine.data.sync.timeout.retry = -1 (default)
2019-10-15 01:24:47,499 [pool-47-thread-1] INFO  server.RaftServerConfigKeys (ConfUtils.java:logGet(43)) - raft.server.retrycache.expirytime = 600000ms (custom)
2019-10-15 01:24:47,499 [pool-37-thread-1] INFO  server.RaftServerConfigKeys (ConfUtils.java:logGet(43)) - raft.server.log.statemachine.data.caching.enabled = true (custom)
2019-10-15 01:24:47,499 [pool-37-thread-1] INFO  segmented.SegmentedRaftLogWorker (SegmentedRaftLogWorker.java:lambda$new$0(128)) - e64c7732-fb55-4271-8d7c-cf792785654a@group-DEE6F61FE133-SegmentedRaftLogWorker: flushIndex: setUnconditionally 0 -> -1
2019-10-15 01:24:47,500 [pool-37-thread-1] INFO  server.RaftServerConfigKeys (ConfUtils.java:logGet(43)) - raft.server.snapshot.auto.trigger.enabled = true (custom)
2019-10-15 01:24:47,500 [pool-37-thread-1] INFO  server.RaftServerConfigKeys (ConfUtils.java:logGet(43)) - raft.server.snapshot.auto.trigger.threshold = 10000 (custom)
2019-10-15 01:24:47,500 [pool-37-thread-1] INFO  server.RaftServerConfigKeys (ConfUtils.java:logGet(43)) - raft.server.snapshot.retention.file.num = 5 (custom)
2019-10-15 01:24:47,500 [pool-37-thread-1] INFO  server.RaftServerConfigKeys (ConfUtils.java:logGet(43)) - raft.server.retrycache.expirytime = 600000ms (custom)
2019-10-15 01:24:47,504 [pool-27-thread-1] INFO  impl.RaftServerImpl (RaftServerImpl.java:start(181)) - 755ef487-dc5c-49f0-8786-a5a94d7851cf@group-DEE6F61FE133: start as a follower, conf=-1: [092a9b57-eeac-4fc9-9a65-b605a27d843e:192.168.164.218:35508, e64c7732-fb55-4271-8d7c-cf792785654a:192.168.164.218:44527, 755ef487-dc5c-49f0-8786-a5a94d7851cf:192.168.164.218:44480], old=null
2019-10-15 01:24:47,504 [pool-27-thread-1] INFO  impl.RaftServerImpl (RaftServerImpl.java:setRole(170)) - 755ef487-dc5c-49f0-8786-a5a94d7851cf@group-DEE6F61FE133: changes role from      null to FOLLOWER at term 0 for startAsFollower
2019-10-15 01:24:47,505 [pool-47-thread-1] INFO  impl.RaftServerImpl (RaftServerImpl.java:start(181)) - 092a9b57-eeac-4fc9-9a65-b605a27d843e@group-DEE6F61FE133: start as a follower, conf=-1: [092a9b57-eeac-4fc9-9a65-b605a27d843e:192.168.164.218:35508, e64c7732-fb55-4271-8d7c-cf792785654a:192.168.164.218:44527, 755ef487-dc5c-49f0-8786-a5a94d7851cf:192.168.164.218:44480], old=null
2019-10-15 01:24:47,505 [pool-27-thread-1] INFO  impl.RoleInfo (RoleInfo.java:updateAndGet(143)) - 755ef487-dc5c-49f0-8786-a5a94d7851cf: start FollowerState
2019-10-15 01:24:47,505 [pool-47-thread-1] INFO  impl.RaftServerImpl (RaftServerImpl.java:setRole(170)) - 092a9b57-eeac-4fc9-9a65-b605a27d843e@group-DEE6F61FE133: changes role from      null to FOLLOWER at term 0 for startAsFollower
2019-10-15 01:24:47,505 [pool-47-thread-1] INFO  impl.RoleInfo (RoleInfo.java:updateAndGet(143)) - 092a9b57-eeac-4fc9-9a65-b605a27d843e: start FollowerState
2019-10-15 01:24:47,505 [pool-27-thread-1] INFO  util.JmxRegister (JmxRegister.java:tryRegister(44)) - Successfully registered JMX Bean with object name Ratis:service=RaftServer,group=group-DEE6F61FE133,id=755ef487-dc5c-49f0-8786-a5a94d7851cf
2019-10-15 01:24:47,506 [pool-37-thread-1] INFO  impl.RaftServerImpl (RaftServerImpl.java:start(181)) - e64c7732-fb55-4271-8d7c-cf792785654a@group-DEE6F61FE133: start as a follower, conf=-1: [092a9b57-eeac-4fc9-9a65-b605a27d843e:192.168.164.218:35508, e64c7732-fb55-4271-8d7c-cf792785654a:192.168.164.218:44527, 755ef487-dc5c-49f0-8786-a5a94d7851cf:192.168.164.218:44480], old=null
2019-10-15 01:24:47,506 [pool-47-thread-1] INFO  util.JmxRegister (JmxRegister.java:tryRegister(44)) - Successfully registered JMX Bean with object name Ratis:service=RaftServer,group=group-DEE6F61FE133,id=092a9b57-eeac-4fc9-9a65-b605a27d843e
2019-10-15 01:24:47,506 [pool-37-thread-1] INFO  impl.RaftServerImpl (RaftServerImpl.java:setRole(170)) - e64c7732-fb55-4271-8d7c-cf792785654a@group-DEE6F61FE133: changes role from      null to FOLLOWER at term 0 for startAsFollower
2019-10-15 01:24:47,506 [pool-37-thread-1] INFO  impl.RoleInfo (RoleInfo.java:updateAndGet(143)) - e64c7732-fb55-4271-8d7c-cf792785654a: start FollowerState
2019-10-15 01:24:47,507 [pool-37-thread-1] INFO  util.JmxRegister (JmxRegister.java:tryRegister(44)) - Successfully registered JMX Bean with object name Ratis:service=RaftServer,group=group-DEE6F61FE133,id=e64c7732-fb55-4271-8d7c-cf792785654a
2019-10-15 01:24:47,521 [RatisPipelineUtilsThread] INFO  pipeline.PipelineStateManager (PipelineStateManager.java:addPipeline(57)) - Created pipeline Pipeline[ Id: 095d1dde-9c78-4db0-8ae5-dee6f61fe133, Nodes: e64c7732-fb55-4271-8d7c-cf792785654a{ip: 192.168.164.218, host: pr-hdds-1868-7bj8h-208101609, networkLocation: /default-rack, certSerialId: null}092a9b57-eeac-4fc9-9a65-b605a27d843e{ip: 192.168.164.218, host: pr-hdds-1868-7bj8h-208101609, networkLocation: /default-rack, certSerialId: null}755ef487-dc5c-49f0-8786-a5a94d7851cf{ip: 192.168.164.218, host: pr-hdds-1868-7bj8h-208101609, networkLocation: /default-rack, certSerialId: null}, Type:RATIS, Factor:THREE, State:ALLOCATED]
2019-10-15 01:24:47,858 [main] INFO  ozone.MiniOzoneClusterImpl (MiniOzoneClusterImpl.java:lambda$waitForClusterToBeReady$2(164)) - Waiting for 4 number of pipelines out of 4, to report a leader.
2019-10-15 01:24:48,858 [main] INFO  ozone.MiniOzoneClusterImpl (MiniOzoneClusterImpl.java:lambda$waitForClusterToBeReady$2(164)) - Waiting for 4 number of pipelines out of 4, to report a leader.
2019-10-15 01:24:49,859 [main] INFO  ozone.MiniOzoneClusterImpl (MiniOzoneClusterImpl.java:lambda$waitForClusterToBeReady$2(164)) - Waiting for 4 number of pipelines out of 4, to report a leader.
2019-10-15 01:24:50,859 [main] INFO  ozone.MiniOzoneClusterImpl (MiniOzoneClusterImpl.java:lambda$waitForClusterToBeReady$2(164)) - Waiting for 4 number of pipelines out of 4, to report a leader.
2019-10-15 01:24:51,860 [main] INFO  ozone.MiniOzoneClusterImpl (MiniOzoneClusterImpl.java:lambda$waitForClusterToBeReady$2(164)) - Waiting for 4 number of pipelines out of 4, to report a leader.
2019-10-15 01:24:52,112 [Thread-200] INFO  impl.FollowerState (FollowerState.java:run(108)) - e64c7732-fb55-4271-8d7c-cf792785654a@group-3D30953A87DD-FollowerState: change to CANDIDATE, lastRpcTime:5057ms, electionTimeout:5057ms
2019-10-15 01:24:52,117 [Thread-200] INFO  impl.RoleInfo (RoleInfo.java:shutdownFollowerState(121)) - e64c7732-fb55-4271-8d7c-cf792785654a: shutdown FollowerState
2019-10-15 01:24:52,117 [Thread-200] INFO  impl.RaftServerImpl (RaftServerImpl.java:setRole(170)) - e64c7732-fb55-4271-8d7c-cf792785654a@group-3D30953A87DD: changes role from  FOLLOWER to CANDIDATE at term 0 for changeToCandidate
2019-10-15 01:24:52,124 [Thread-200] INFO  impl.RoleInfo (RoleInfo.java:updateAndGet(143)) - e64c7732-fb55-4271-8d7c-cf792785654a: start LeaderElection
2019-10-15 01:24:52,158 [e64c7732-fb55-4271-8d7c-cf792785654a@group-3D30953A87DD-LeaderElection1] INFO  impl.LeaderElection (LeaderElection.java:askForVotes(178)) - e64c7732-fb55-4271-8d7c-cf792785654a@group-3D30953A87DD-LeaderElection1: begin an election at term 1 for -1: [e64c7732-fb55-4271-8d7c-cf792785654a:192.168.164.218:44527], old=null
2019-10-15 01:24:52,160 [e64c7732-fb55-4271-8d7c-cf792785654a@group-3D30953A87DD-LeaderElection1] INFO  impl.RoleInfo (RoleInfo.java:shutdownLeaderElection(134)) - e64c7732-fb55-4271-8d7c-cf792785654a: shutdown LeaderElection
2019-10-15 01:24:52,161 [e64c7732-fb55-4271-8d7c-cf792785654a@group-3D30953A87DD-LeaderElection1] INFO  impl.RaftServerImpl (RaftServerImpl.java:setRole(170)) - e64c7732-fb55-4271-8d7c-cf792785654a@group-3D30953A87DD: changes role from CANDIDATE to LEADER at term 1 for changeToLeader
2019-10-15 01:24:52,161 [e64c7732-fb55-4271-8d7c-cf792785654a@group-3D30953A87DD-LeaderElection1] INFO  ratis.XceiverServerRatis (XceiverServerRatis.java:handleLeaderChangedNotification(702)) - Leader change notification received for group: group-3D30953A87DD with new leaderId: e64c7732-fb55-4271-8d7c-cf792785654a
2019-10-15 01:24:52,166 [e64c7732-fb55-4271-8d7c-cf792785654a@group-3D30953A87DD-LeaderElection1] INFO  impl.RaftServerImpl (ServerState.java:setLeader(255)) - e64c7732-fb55-4271-8d7c-cf792785654a@group-3D30953A87DD: change Leader from null to e64c7732-fb55-4271-8d7c-cf792785654a at term 1 for becomeLeader, leader elected after 5117ms
2019-10-15 01:24:52,173 [e64c7732-fb55-4271-8d7c-cf792785654a@group-3D30953A87DD-LeaderElection1] INFO  server.RaftServerConfigKeys (ConfUtils.java:logGet(43)) - raft.server.staging.catchup.gap = 1000 (default)
2019-10-15 01:24:52,173 [e64c7732-fb55-4271-8d7c-cf792785654a@group-3D30953A87DD-LeaderElection1] INFO  server.RaftServerConfigKeys (ConfUtils.java:logGet(43)) - raft.server.rpc.sleep.time = 25ms (default)
2019-10-15 01:24:52,178 [e64c7732-fb55-4271-8d7c-cf792785654a@group-3D30953A87DD-LeaderElection1] INFO  server.RaftServerConfigKeys (ConfUtils.java:logGet(43)) - raft.server.write.element-limit = 4096 (default)
2019-10-15 01:24:52,181 [e64c7732-fb55-4271-8d7c-cf792785654a@group-3D30953A87DD-LeaderElection1] INFO  server.RaftServerConfigKeys (ConfUtils.java:logGet(43)) - raft.server.watch.timeout = 10s (default)
2019-10-15 01:24:52,181 [e64c7732-fb55-4271-8d7c-cf792785654a@group-3D30953A87DD-LeaderElection1] INFO  server.RaftServerConfigKeys (ConfUtils.java:logGet(43)) - raft.server.watch.timeout.denomination = 1s (default)
2019-10-15 01:24:52,182 [e64c7732-fb55-4271-8d7c-cf792785654a@group-3D30953A87DD-LeaderElection1] INFO  server.RaftServerConfigKeys (ConfUtils.java:logGet(43)) - raft.server.watch.element-limit = 65536 (default)
2019-10-15 01:24:52,191 [EventQueue-PipelineReportForPipelineReportHandler] INFO  pipeline.PipelineReportHandler (PipelineReportHandler.java:processPipelineReport(119)) - Pipeline PipelineID=095d1dde-9c78-4db0-8ae5-dee6f61fe133 reported by e64c7732-fb55-4271-8d7c-cf792785654a{ip: 192.168.164.218, host: pr-hdds-1868-7bj8h-208101609, networkLocation: /default-rack, certSerialId: null} with leaderId 
2019-10-15 01:24:52,192 [EventQueue-PipelineReportForPipelineReportHandler] INFO  pipeline.PipelineReportHandler (PipelineReportHandler.java:processPipelineReport(119)) - Pipeline PipelineID=4bbfa8f0-e7b6-4acd-9a1a-3d30953a87dd reported by e64c7732-fb55-4271-8d7c-cf792785654a{ip: 192.168.164.218, host: pr-hdds-1868-7bj8h-208101609, networkLocation: /default-rack, certSerialId: null} with leaderId e64c7732-fb55-4271-8d7c-cf792785654a
2019-10-15 01:24:52,198 [e64c7732-fb55-4271-8d7c-cf792785654a@group-3D30953A87DD-LeaderElection1] INFO  impl.RoleInfo (RoleInfo.java:updateAndGet(143)) - e64c7732-fb55-4271-8d7c-cf792785654a: start LeaderState
2019-10-15 01:24:52,199 [EventQueue-PipelineReportForPipelineReportHandler] INFO  pipeline.PipelineStateManager (PipelineStateManager.java:openPipeline(136)) - Pipeline Pipeline[ Id: 4bbfa8f0-e7b6-4acd-9a1a-3d30953a87dd, Nodes: e64c7732-fb55-4271-8d7c-cf792785654a{ip: 192.168.164.218, host: pr-hdds-1868-7bj8h-208101609, networkLocation: /default-rack, certSerialId: null}, Type:RATIS, Factor:ONE, State:OPEN] moved to OPEN state
2019-10-15 01:24:52,219 [e64c7732-fb55-4271-8d7c-cf792785654a@group-3D30953A87DD-LeaderElection1] INFO  segmented.SegmentedRaftLogWorker (SegmentedRaftLogWorker.java:startLogSegment(385)) - e64c7732-fb55-4271-8d7c-cf792785654a@group-3D30953A87DD-SegmentedRaftLogWorker: Starting segment from index:0
2019-10-15 01:24:52,228 [e64c7732-fb55-4271-8d7c-cf792785654a@group-3D30953A87DD-LeaderElection1] INFO  impl.RaftServerImpl (ServerState.java:setRaftConf(356)) - e64c7732-fb55-4271-8d7c-cf792785654a@group-3D30953A87DD: set configuration 0: [e64c7732-fb55-4271-8d7c-cf792785654a:192.168.164.218:44527], old=null at 0
2019-10-15 01:24:52,354 [Thread-204] INFO  impl.FollowerState (FollowerState.java:run(108)) - 092a9b57-eeac-4fc9-9a65-b605a27d843e@group-AF9BFE0BEE78-FollowerState: change to CANDIDATE, lastRpcTime:5168ms, electionTimeout:5168ms
2019-10-15 01:24:52,355 [Thread-204] INFO  impl.RoleInfo (RoleInfo.java:shutdownFollowerState(121)) - 092a9b57-eeac-4fc9-9a65-b605a27d843e: shutdown FollowerState
2019-10-15 01:24:52,355 [Thread-204] INFO  impl.RaftServerImpl (RaftServerImpl.java:setRole(170)) - 092a9b57-eeac-4fc9-9a65-b605a27d843e@group-AF9BFE0BEE78: changes role from  FOLLOWER to CANDIDATE at term 0 for changeToCandidate
2019-10-15 01:24:52,355 [Thread-204] INFO  impl.RoleInfo (RoleInfo.java:updateAndGet(143)) - 092a9b57-eeac-4fc9-9a65-b605a27d843e: start LeaderElection
2019-10-15 01:24:52,382 [092a9b57-eeac-4fc9-9a65-b605a27d843e@group-AF9BFE0BEE78-LeaderElection2] INFO  impl.LeaderElection (LeaderElection.java:askForVotes(178)) - 092a9b57-eeac-4fc9-9a65-b605a27d843e@group-AF9BFE0BEE78-LeaderElection2: begin an election at term 1 for -1: [092a9b57-eeac-4fc9-9a65-b605a27d843e:192.168.164.218:35508], old=null
2019-10-15 01:24:52,386 [092a9b57-eeac-4fc9-9a65-b605a27d843e@group-AF9BFE0BEE78-LeaderElection2] INFO  impl.RoleInfo (RoleInfo.java:shutdownLeaderElection(134)) - 092a9b57-eeac-4fc9-9a65-b605a27d843e: shutdown LeaderElection
2019-10-15 01:24:52,386 [092a9b57-eeac-4fc9-9a65-b605a27d843e@group-AF9BFE0BEE78-LeaderElection2] INFO  impl.RaftServerImpl (RaftServerImpl.java:setRole(170)) - 092a9b57-eeac-4fc9-9a65-b605a27d843e@group-AF9BFE0BEE78: changes role from CANDIDATE to LEADER at term 1 for changeToLeader
2019-10-15 01:24:52,387 [092a9b57-eeac-4fc9-9a65-b605a27d843e@group-AF9BFE0BEE78-LeaderElection2] INFO  ratis.XceiverServerRatis (XceiverServerRatis.java:handleLeaderChangedNotification(702)) - Leader change notification received for group: group-AF9BFE0BEE78 with new leaderId: 092a9b57-eeac-4fc9-9a65-b605a27d843e
2019-10-15 01:24:52,411 [092a9b57-eeac-4fc9-9a65-b605a27d843e@group-AF9BFE0BEE78-LeaderElection2] INFO  impl.RaftServerImpl (ServerState.java:setLeader(255)) - 092a9b57-eeac-4fc9-9a65-b605a27d843e@group-AF9BFE0BEE78: change Leader from null to 092a9b57-eeac-4fc9-9a65-b605a27d843e at term 1 for becomeLeader, leader elected after 5209ms
2019-10-15 01:24:52,411 [092a9b57-eeac-4fc9-9a65-b605a27d843e@group-AF9BFE0BEE78-LeaderElection2] INFO  server.RaftServerConfigKeys (ConfUtils.java:logGet(43)) - raft.server.staging.catchup.gap = 1000 (default)
2019-10-15 01:24:52,412 [092a9b57-eeac-4fc9-9a65-b605a27d843e@group-AF9BFE0BEE78-LeaderElection2] INFO  server.RaftServerConfigKeys (ConfUtils.java:logGet(43)) - raft.server.rpc.sleep.time = 25ms (default)
2019-10-15 01:24:52,412 [092a9b57-eeac-4fc9-9a65-b605a27d843e@group-AF9BFE0BEE78-LeaderElection2] INFO  server.RaftServerConfigKeys (ConfUtils.java:logGet(43)) - raft.server.write.element-limit = 4096 (default)
2019-10-15 01:24:52,413 [092a9b57-eeac-4fc9-9a65-b605a27d843e@group-AF9BFE0BEE78-LeaderElection2] INFO  server.RaftServerConfigKeys (ConfUtils.java:logGet(43)) - raft.server.watch.timeout = 10s (default)
2019-10-15 01:24:52,413 [092a9b57-eeac-4fc9-9a65-b605a27d843e@group-AF9BFE0BEE78-LeaderElection2] INFO  server.RaftServerConfigKeys (ConfUtils.java:logGet(43)) - raft.server.watch.timeout.denomination = 1s (default)
2019-10-15 01:24:52,414 [092a9b57-eeac-4fc9-9a65-b605a27d843e@group-AF9BFE0BEE78-LeaderElection2] INFO  server.RaftServerConfigKeys (ConfUtils.java:logGet(43)) - raft.server.watch.element-limit = 65536 (default)
2019-10-15 01:24:52,414 [EventQueue-PipelineReportForPipelineReportHandler] INFO  pipeline.PipelineReportHandler (PipelineReportHandler.java:processPipelineReport(119)) - Pipeline PipelineID=e210ab93-3e43-496c-a280-af9bfe0bee78 reported by 092a9b57-eeac-4fc9-9a65-b605a27d843e{ip: 192.168.164.218, host: pr-hdds-1868-7bj8h-208101609, networkLocation: /default-rack, certSerialId: null} with leaderId 092a9b57-eeac-4fc9-9a65-b605a27d843e
2019-10-15 01:24:52,415 [EventQueue-PipelineReportForPipelineReportHandler] INFO  pipeline.PipelineStateManager (PipelineStateManager.java:openPipeline(136)) - Pipeline Pipeline[ Id: e210ab93-3e43-496c-a280-af9bfe0bee78, Nodes: 092a9b57-eeac-4fc9-9a65-b605a27d843e{ip: 192.168.164.218, host: pr-hdds-1868-7bj8h-208101609, networkLocation: /default-rack, certSerialId: null}, Type:RATIS, Factor:ONE, State:OPEN] moved to OPEN state
2019-10-15 01:24:52,415 [Thread-208] INFO  impl.FollowerState (FollowerState.java:run(108)) - 755ef487-dc5c-49f0-8786-a5a94d7851cf@group-950B0857AC98-FollowerState: change to CANDIDATE, lastRpcTime:5095ms, electionTimeout:5095ms
2019-10-15 01:24:52,415 [EventQueue-PipelineReportForPipelineReportHandler] INFO  pipeline.PipelineReportHandler (PipelineReportHandler.java:processPipelineReport(119)) - Pipeline PipelineID=095d1dde-9c78-4db0-8ae5-dee6f61fe133 reported by 092a9b57-eeac-4fc9-9a65-b605a27d843e{ip: 192.168.164.218, host: pr-hdds-1868-7bj8h-208101609, networkLocation: /default-rack, certSerialId: null} with leaderId 
2019-10-15 01:24:52,415 [Thread-208] INFO  impl.RoleInfo (RoleInfo.java:shutdownFollowerState(121)) - 755ef487-dc5c-49f0-8786-a5a94d7851cf: shutdown FollowerState
2019-10-15 01:24:52,416 [Thread-208] INFO  impl.RaftServerImpl (RaftServerImpl.java:setRole(170)) - 755ef487-dc5c-49f0-8786-a5a94d7851cf@group-950B0857AC98: changes role from  FOLLOWER to CANDIDATE at term 0 for changeToCandidate
2019-10-15 01:24:52,416 [Thread-208] INFO  impl.RoleInfo (RoleInfo.java:updateAndGet(143)) - 755ef487-dc5c-49f0-8786-a5a94d7851cf: start LeaderElection
2019-10-15 01:24:52,420 [092a9b57-eeac-4fc9-9a65-b605a27d843e@group-AF9BFE0BEE78-LeaderElection2] INFO  impl.RoleInfo (RoleInfo.java:updateAndGet(143)) - 092a9b57-eeac-4fc9-9a65-b605a27d843e: start LeaderState
2019-10-15 01:24:52,420 [092a9b57-eeac-4fc9-9a65-b605a27d843e@group-AF9BFE0BEE78-LeaderElection2] INFO  segmented.SegmentedRaftLogWorker (SegmentedRaftLogWorker.java:startLogSegment(385)) - 092a9b57-eeac-4fc9-9a65-b605a27d843e@group-AF9BFE0BEE78-SegmentedRaftLogWorker: Starting segment from index:0
2019-10-15 01:24:52,421 [092a9b57-eeac-4fc9-9a65-b605a27d843e@group-AF9BFE0BEE78-LeaderElection2] INFO  impl.RaftServerImpl (ServerState.java:setRaftConf(356)) - 092a9b57-eeac-4fc9-9a65-b605a27d843e@group-AF9BFE0BEE78: set configuration 0: [092a9b57-eeac-4fc9-9a65-b605a27d843e:192.168.164.218:35508], old=null at 0
2019-10-15 01:24:52,431 [e64c7732-fb55-4271-8d7c-cf792785654a@group-3D30953A87DD-SegmentedRaftLogWorker] INFO  segmented.SegmentedRaftLogWorker (SegmentedRaftLogWorker.java:execute(576)) - e64c7732-fb55-4271-8d7c-cf792785654a@group-3D30953A87DD-SegmentedRaftLogWorker: created new log segment /workdir/hadoop-ozone/integration-test/target/test-dir/MiniOzoneClusterImpl-820509b4-500a-4e43-948b-909f0db04d64/datanode-1/data/ratis/4bbfa8f0-e7b6-4acd-9a1a-3d30953a87dd/current/log_inprogress_0
2019-10-15 01:24:52,460 [755ef487-dc5c-49f0-8786-a5a94d7851cf@group-950B0857AC98-LeaderElection3] INFO  impl.LeaderElection (LeaderElection.java:askForVotes(178)) - 755ef487-dc5c-49f0-8786-a5a94d7851cf@group-950B0857AC98-LeaderElection3: begin an election at term 1 for -1: [755ef487-dc5c-49f0-8786-a5a94d7851cf:192.168.164.218:44480], old=null
2019-10-15 01:24:52,468 [755ef487-dc5c-49f0-8786-a5a94d7851cf@group-950B0857AC98-LeaderElection3] INFO  impl.RoleInfo (RoleInfo.java:shutdownLeaderElection(134)) - 755ef487-dc5c-49f0-8786-a5a94d7851cf: shutdown LeaderElection
2019-10-15 01:24:52,468 [755ef487-dc5c-49f0-8786-a5a94d7851cf@group-950B0857AC98-LeaderElection3] INFO  impl.RaftServerImpl (RaftServerImpl.java:setRole(170)) - 755ef487-dc5c-49f0-8786-a5a94d7851cf@group-950B0857AC98: changes role from CANDIDATE to LEADER at term 1 for changeToLeader
2019-10-15 01:24:52,468 [755ef487-dc5c-49f0-8786-a5a94d7851cf@group-950B0857AC98-LeaderElection3] INFO  ratis.XceiverServerRatis (XceiverServerRatis.java:handleLeaderChangedNotification(702)) - Leader change notification received for group: group-950B0857AC98 with new leaderId: 755ef487-dc5c-49f0-8786-a5a94d7851cf
2019-10-15 01:24:52,469 [755ef487-dc5c-49f0-8786-a5a94d7851cf@group-950B0857AC98-LeaderElection3] INFO  impl.RaftServerImpl (ServerState.java:setLeader(255)) - 755ef487-dc5c-49f0-8786-a5a94d7851cf@group-950B0857AC98: change Leader from null to 755ef487-dc5c-49f0-8786-a5a94d7851cf at term 1 for becomeLeader, leader elected after 5156ms
2019-10-15 01:24:52,470 [755ef487-dc5c-49f0-8786-a5a94d7851cf@group-950B0857AC98-LeaderElection3] INFO  server.RaftServerConfigKeys (ConfUtils.java:logGet(43)) - raft.server.staging.catchup.gap = 1000 (default)
2019-10-15 01:24:52,470 [755ef487-dc5c-49f0-8786-a5a94d7851cf@group-950B0857AC98-LeaderElection3] INFO  server.RaftServerConfigKeys (ConfUtils.java:logGet(43)) - raft.server.rpc.sleep.time = 25ms (default)
2019-10-15 01:24:52,471 [755ef487-dc5c-49f0-8786-a5a94d7851cf@group-950B0857AC98-LeaderElection3] INFO  server.RaftServerConfigKeys (ConfUtils.java:logGet(43)) - raft.server.write.element-limit = 4096 (default)
2019-10-15 01:24:52,471 [755ef487-dc5c-49f0-8786-a5a94d7851cf@group-950B0857AC98-LeaderElection3] INFO  server.RaftServerConfigKeys (ConfUtils.java:logGet(43)) - raft.server.watch.timeout = 10s (default)
2019-10-15 01:24:52,472 [755ef487-dc5c-49f0-8786-a5a94d7851cf@group-950B0857AC98-LeaderElection3] INFO  server.RaftServerConfigKeys (ConfUtils.java:logGet(43)) - raft.server.watch.timeout.denomination = 1s (default)
2019-10-15 01:24:52,472 [755ef487-dc5c-49f0-8786-a5a94d7851cf@group-950B0857AC98-LeaderElection3] INFO  server.RaftServerConfigKeys (ConfUtils.java:logGet(43)) - raft.server.watch.element-limit = 65536 (default)
2019-10-15 01:24:52,472 [EventQueue-PipelineReportForPipelineReportHandler] INFO  pipeline.PipelineReportHandler (PipelineReportHandler.java:processPipelineReport(119)) - Pipeline PipelineID=095d1dde-9c78-4db0-8ae5-dee6f61fe133 reported by 755ef487-dc5c-49f0-8786-a5a94d7851cf{ip: 192.168.164.218, host: pr-hdds-1868-7bj8h-208101609, networkLocation: /default-rack, certSerialId: null} with leaderId 
2019-10-15 01:24:52,473 [EventQueue-PipelineReportForPipelineReportHandler] INFO  pipeline.PipelineStateManager (PipelineStateManager.java:openPipeline(136)) - Pipeline Pipeline[ Id: 095d1dde-9c78-4db0-8ae5-dee6f61fe133, Nodes: e64c7732-fb55-4271-8d7c-cf792785654a{ip: 192.168.164.218, host: pr-hdds-1868-7bj8h-208101609, networkLocation: /default-rack, certSerialId: null}092a9b57-eeac-4fc9-9a65-b605a27d843e{ip: 192.168.164.218, host: pr-hdds-1868-7bj8h-208101609, networkLocation: /default-rack, certSerialId: null}755ef487-dc5c-49f0-8786-a5a94d7851cf{ip: 192.168.164.218, host: pr-hdds-1868-7bj8h-208101609, networkLocation: /default-rack, certSerialId: null}, Type:RATIS, Factor:THREE, State:OPEN] moved to OPEN state
2019-10-15 01:24:52,473 [EventQueue-PipelineReportForPipelineReportHandler] INFO  pipeline.PipelineReportHandler (PipelineReportHandler.java:processPipelineReport(119)) - Pipeline PipelineID=e57fdbe9-998c-41e8-8539-950b0857ac98 reported by 755ef487-dc5c-49f0-8786-a5a94d7851cf{ip: 192.168.164.218, host: pr-hdds-1868-7bj8h-208101609, networkLocation: /default-rack, certSerialId: null} with leaderId 755ef487-dc5c-49f0-8786-a5a94d7851cf
2019-10-15 01:24:52,473 [EventQueue-PipelineReportForPipelineReportHandler] INFO  pipeline.PipelineStateManager (PipelineStateManager.java:openPipeline(136)) - Pipeline Pipeline[ Id: e57fdbe9-998c-41e8-8539-950b0857ac98, Nodes: 755ef487-dc5c-49f0-8786-a5a94d7851cf{ip: 192.168.164.218, host: pr-hdds-1868-7bj8h-208101609, networkLocation: /default-rack, certSerialId: null}, Type:RATIS, Factor:ONE, State:OPEN] moved to OPEN state
2019-10-15 01:24:52,475 [755ef487-dc5c-49f0-8786-a5a94d7851cf@group-950B0857AC98-LeaderElection3] INFO  impl.RoleInfo (RoleInfo.java:updateAndGet(143)) - 755ef487-dc5c-49f0-8786-a5a94d7851cf: start LeaderState
2019-10-15 01:24:52,477 [755ef487-dc5c-49f0-8786-a5a94d7851cf@group-950B0857AC98-LeaderElection3] INFO  segmented.SegmentedRaftLogWorker (SegmentedRaftLogWorker.java:startLogSegment(385)) - 755ef487-dc5c-49f0-8786-a5a94d7851cf@group-950B0857AC98-SegmentedRaftLogWorker: Starting segment from index:0
2019-10-15 01:24:52,477 [755ef487-dc5c-49f0-8786-a5a94d7851cf@group-950B0857AC98-LeaderElection3] INFO  impl.RaftServerImpl (ServerState.java:setRaftConf(356)) - 755ef487-dc5c-49f0-8786-a5a94d7851cf@group-950B0857AC98: set configuration 0: [755ef487-dc5c-49f0-8786-a5a94d7851cf:192.168.164.218:44480], old=null at 0
2019-10-15 01:24:52,509 [092a9b57-eeac-4fc9-9a65-b605a27d843e@group-AF9BFE0BEE78-SegmentedRaftLogWorker] INFO  segmented.SegmentedRaftLogWorker (SegmentedRaftLogWorker.java:execute(576)) - 092a9b57-eeac-4fc9-9a65-b605a27d843e@group-AF9BFE0BEE78-SegmentedRaftLogWorker: created new log segment /workdir/hadoop-ozone/integration-test/target/test-dir/MiniOzoneClusterImpl-820509b4-500a-4e43-948b-909f0db04d64/datanode-2/data/ratis/e210ab93-3e43-496c-a280-af9bfe0bee78/current/log_inprogress_0
2019-10-15 01:24:52,519 [Thread-216] INFO  impl.FollowerState (FollowerState.java:run(108)) - 755ef487-dc5c-49f0-8786-a5a94d7851cf@group-DEE6F61FE133-FollowerState: change to CANDIDATE, lastRpcTime:5014ms, electionTimeout:5014ms
2019-10-15 01:24:52,520 [Thread-216] INFO  impl.RoleInfo (RoleInfo.java:shutdownFollowerState(121)) - 755ef487-dc5c-49f0-8786-a5a94d7851cf: shutdown FollowerState
2019-10-15 01:24:52,520 [Thread-216] INFO  impl.RaftServerImpl (RaftServerImpl.java:setRole(170)) - 755ef487-dc5c-49f0-8786-a5a94d7851cf@group-DEE6F61FE133: changes role from  FOLLOWER to CANDIDATE at term 0 for changeToCandidate
2019-10-15 01:24:52,520 [Thread-216] INFO  impl.RoleInfo (RoleInfo.java:updateAndGet(143)) - 755ef487-dc5c-49f0-8786-a5a94d7851cf: start LeaderElection
2019-10-15 01:24:52,531 [755ef487-dc5c-49f0-8786-a5a94d7851cf@group-950B0857AC98-SegmentedRaftLogWorker] INFO  segmented.SegmentedRaftLogWorker (SegmentedRaftLogWorker.java:execute(576)) - 755ef487-dc5c-49f0-8786-a5a94d7851cf@group-950B0857AC98-SegmentedRaftLogWorker: created new log segment /workdir/hadoop-ozone/integration-test/target/test-dir/MiniOzoneClusterImpl-820509b4-500a-4e43-948b-909f0db04d64/datanode-0/data/ratis/e57fdbe9-998c-41e8-8539-950b0857ac98/current/log_inprogress_0
2019-10-15 01:24:52,554 [755ef487-dc5c-49f0-8786-a5a94d7851cf@group-DEE6F61FE133-LeaderElection4] INFO  impl.LeaderElection (LeaderElection.java:askForVotes(178)) - 755ef487-dc5c-49f0-8786-a5a94d7851cf@group-DEE6F61FE133-LeaderElection4: begin an election at term 1 for -1: [092a9b57-eeac-4fc9-9a65-b605a27d843e:192.168.164.218:35508, e64c7732-fb55-4271-8d7c-cf792785654a:192.168.164.218:44527, 755ef487-dc5c-49f0-8786-a5a94d7851cf:192.168.164.218:44480], old=null
2019-10-15 01:24:52,587 [grpc-default-executor-1] INFO  impl.RaftServerImpl (RaftServerImpl.java:setRole(170)) - e64c7732-fb55-4271-8d7c-cf792785654a@group-DEE6F61FE133: changes role from  FOLLOWER to FOLLOWER at term 1 for recognizeCandidate:755ef487-dc5c-49f0-8786-a5a94d7851cf
2019-10-15 01:24:52,587 [grpc-default-executor-2] INFO  impl.RaftServerImpl (RaftServerImpl.java:setRole(170)) - 092a9b57-eeac-4fc9-9a65-b605a27d843e@group-DEE6F61FE133: changes role from  FOLLOWER to FOLLOWER at term 1 for recognizeCandidate:755ef487-dc5c-49f0-8786-a5a94d7851cf
2019-10-15 01:24:52,587 [grpc-default-executor-1] INFO  impl.RoleInfo (RoleInfo.java:shutdownFollowerState(121)) - e64c7732-fb55-4271-8d7c-cf792785654a: shutdown FollowerState
2019-10-15 01:24:52,588 [grpc-default-executor-2] INFO  impl.RoleInfo (RoleInfo.java:shutdownFollowerState(121)) - 092a9b57-eeac-4fc9-9a65-b605a27d843e: shutdown FollowerState
2019-10-15 01:24:52,588 [Thread-218] INFO  impl.FollowerState (FollowerState.java:run(117)) - e64c7732-fb55-4271-8d7c-cf792785654a@group-DEE6F61FE133-FollowerState was interrupted: java.lang.InterruptedException: sleep interrupted
2019-10-15 01:24:52,588 [grpc-default-executor-2] INFO  impl.RoleInfo (RoleInfo.java:updateAndGet(143)) - 092a9b57-eeac-4fc9-9a65-b605a27d843e: start FollowerState
2019-10-15 01:24:52,588 [grpc-default-executor-1] INFO  impl.RoleInfo (RoleInfo.java:updateAndGet(143)) - e64c7732-fb55-4271-8d7c-cf792785654a: start FollowerState
2019-10-15 01:24:52,588 [Thread-217] INFO  impl.FollowerState (FollowerState.java:run(117)) - 092a9b57-eeac-4fc9-9a65-b605a27d843e@group-DEE6F61FE133-FollowerState was interrupted: java.lang.InterruptedException: sleep interrupted
2019-10-15 01:24:52,645 [755ef487-dc5c-49f0-8786-a5a94d7851cf@group-DEE6F61FE133-LeaderElection4] INFO  impl.LeaderElection (LeaderElection.java:logAndReturn(56)) - 755ef487-dc5c-49f0-8786-a5a94d7851cf@group-DEE6F61FE133-LeaderElection4: Election PASSED; received 1 response(s) [755ef487-dc5c-49f0-8786-a5a94d7851cf<-e64c7732-fb55-4271-8d7c-cf792785654a#0:OK-t1] and 0 exception(s); 755ef487-dc5c-49f0-8786-a5a94d7851cf@group-DEE6F61FE133:t1, leader=null, voted=755ef487-dc5c-49f0-8786-a5a94d7851cf, raftlog=755ef487-dc5c-49f0-8786-a5a94d7851cf@group-DEE6F61FE133-SegmentedRaftLog:OPENED:c-1,f-1,i0, conf=-1: [092a9b57-eeac-4fc9-9a65-b605a27d843e:192.168.164.218:35508, e64c7732-fb55-4271-8d7c-cf792785654a:192.168.164.218:44527, 755ef487-dc5c-49f0-8786-a5a94d7851cf:192.168.164.218:44480], old=null
2019-10-15 01:24:52,646 [755ef487-dc5c-49f0-8786-a5a94d7851cf@group-DEE6F61FE133-LeaderElection4] INFO  impl.RoleInfo (RoleInfo.java:shutdownLeaderElection(134)) - 755ef487-dc5c-49f0-8786-a5a94d7851cf: shutdown LeaderElection
2019-10-15 01:24:52,646 [755ef487-dc5c-49f0-8786-a5a94d7851cf@group-DEE6F61FE133-LeaderElection4] INFO  impl.RaftServerImpl (RaftServerImpl.java:setRole(170)) - 755ef487-dc5c-49f0-8786-a5a94d7851cf@group-DEE6F61FE133: changes role from CANDIDATE to LEADER at term 1 for changeToLeader
2019-10-15 01:24:52,647 [755ef487-dc5c-49f0-8786-a5a94d7851cf@group-DEE6F61FE133-LeaderElection4] INFO  ratis.XceiverServerRatis (XceiverServerRatis.java:handleLeaderChangedNotification(702)) - Leader change notification received for group: group-DEE6F61FE133 with new leaderId: 755ef487-dc5c-49f0-8786-a5a94d7851cf
2019-10-15 01:24:52,648 [755ef487-dc5c-49f0-8786-a5a94d7851cf@group-DEE6F61FE133-LeaderElection4] INFO  impl.RaftServerImpl (ServerState.java:setLeader(255)) - 755ef487-dc5c-49f0-8786-a5a94d7851cf@group-DEE6F61FE133: change Leader from null to 755ef487-dc5c-49f0-8786-a5a94d7851cf at term 1 for becomeLeader, leader elected after 5159ms
2019-10-15 01:24:52,648 [755ef487-dc5c-49f0-8786-a5a94d7851cf@group-DEE6F61FE133-LeaderElection4] INFO  server.RaftServerConfigKeys (ConfUtils.java:logGet(43)) - raft.server.staging.catchup.gap = 1000 (default)
2019-10-15 01:24:52,648 [755ef487-dc5c-49f0-8786-a5a94d7851cf@group-DEE6F61FE133-LeaderElection4] INFO  server.RaftServerConfigKeys (ConfUtils.java:logGet(43)) - raft.server.rpc.sleep.time = 25ms (default)
2019-10-15 01:24:52,649 [755ef487-dc5c-49f0-8786-a5a94d7851cf@group-DEE6F61FE133-LeaderElection4] INFO  server.RaftServerConfigKeys (ConfUtils.java:logGet(43)) - raft.server.write.element-limit = 4096 (default)
2019-10-15 01:24:52,650 [755ef487-dc5c-49f0-8786-a5a94d7851cf@group-DEE6F61FE133-LeaderElection4] INFO  server.RaftServerConfigKeys (ConfUtils.java:logGet(43)) - raft.server.watch.timeout = 10s (default)
2019-10-15 01:24:52,650 [755ef487-dc5c-49f0-8786-a5a94d7851cf@group-DEE6F61FE133-LeaderElection4] INFO  server.RaftServerConfigKeys (ConfUtils.java:logGet(43)) - raft.server.watch.timeout.denomination = 1s (default)
2019-10-15 01:24:52,650 [755ef487-dc5c-49f0-8786-a5a94d7851cf@group-DEE6F61FE133-LeaderElection4] INFO  server.RaftServerConfigKeys (ConfUtils.java:logGet(43)) - raft.server.watch.element-limit = 65536 (default)
2019-10-15 01:24:52,658 [755ef487-dc5c-49f0-8786-a5a94d7851cf@group-DEE6F61FE133-LeaderElection4] INFO  server.RaftServerConfigKeys (ConfUtils.java:logGet(43)) - raft.server.log.appender.snapshot.chunk.size.max = 16MB (=16777216) (default)
2019-10-15 01:24:52,658 [755ef487-dc5c-49f0-8786-a5a94d7851cf@group-DEE6F61FE133-LeaderElection4] INFO  server.RaftServerConfigKeys (ConfUtils.java:logGet(43)) - raft.server.log.appender.buffer.byte-limit = 33554432 (custom)
2019-10-15 01:24:52,659 [755ef487-dc5c-49f0-8786-a5a94d7851cf@group-DEE6F61FE133-LeaderElection4] INFO  server.RaftServerConfigKeys (ConfUtils.java:logGet(43)) - raft.server.log.appender.buffer.element-limit = 1 (custom)
2019-10-15 01:24:52,663 [755ef487-dc5c-49f0-8786-a5a94d7851cf@group-DEE6F61FE133-LeaderElection4] INFO  grpc.GrpcConfigKeys$Server (ConfUtils.java:logGet(43)) - raft.grpc.server.leader.outstanding.appends.max = 128 (default)
2019-10-15 01:24:52,664 [755ef487-dc5c-49f0-8786-a5a94d7851cf@group-DEE6F61FE133-LeaderElection4] INFO  server.RaftServerConfigKeys (ConfUtils.java:logGet(43)) - raft.server.rpc.request.timeout = 3000ms (default)
2019-10-15 01:24:52,664 [755ef487-dc5c-49f0-8786-a5a94d7851cf@group-DEE6F61FE133-LeaderElection4] INFO  server.RaftServerConfigKeys (ConfUtils.java:logGet(43)) - raft.server.log.appender.install.snapshot.enabled = false (custom)
2019-10-15 01:24:52,665 [755ef487-dc5c-49f0-8786-a5a94d7851cf@group-DEE6F61FE133-LeaderElection4] INFO  server.RaftServerConfigKeys (ConfUtils.java:logGet(43)) - raft.server.log.appender.snapshot.chunk.size.max = 16MB (=16777216) (default)
2019-10-15 01:24:52,665 [755ef487-dc5c-49f0-8786-a5a94d7851cf@group-DEE6F61FE133-LeaderElection4] INFO  server.RaftServerConfigKeys (ConfUtils.java:logGet(43)) - raft.server.log.appender.buffer.byte-limit = 33554432 (custom)
2019-10-15 01:24:52,666 [755ef487-dc5c-49f0-8786-a5a94d7851cf@group-DEE6F61FE133-LeaderElection4] INFO  server.RaftServerConfigKeys (ConfUtils.java:logGet(43)) - raft.server.log.appender.buffer.element-limit = 1 (custom)
2019-10-15 01:24:52,666 [755ef487-dc5c-49f0-8786-a5a94d7851cf@group-DEE6F61FE133-LeaderElection4] INFO  grpc.GrpcConfigKeys$Server (ConfUtils.java:logGet(43)) - raft.grpc.server.leader.outstanding.appends.max = 128 (default)
2019-10-15 01:24:52,666 [755ef487-dc5c-49f0-8786-a5a94d7851cf@group-DEE6F61FE133-LeaderElection4] INFO  server.RaftServerConfigKeys (ConfUtils.java:logGet(43)) - raft.server.rpc.request.timeout = 3000ms (default)
2019-10-15 01:24:52,666 [755ef487-dc5c-49f0-8786-a5a94d7851cf@group-DEE6F61FE133-LeaderElection4] INFO  server.RaftServerConfigKeys (ConfUtils.java:logGet(43)) - raft.server.log.appender.install.snapshot.enabled = false (custom)
2019-10-15 01:24:52,670 [755ef487-dc5c-49f0-8786-a5a94d7851cf@group-DEE6F61FE133-LeaderElection4] INFO  impl.RoleInfo (RoleInfo.java:updateAndGet(143)) - 755ef487-dc5c-49f0-8786-a5a94d7851cf: start LeaderState
2019-10-15 01:24:52,671 [755ef487-dc5c-49f0-8786-a5a94d7851cf@group-DEE6F61FE133-LeaderElection4] INFO  segmented.SegmentedRaftLogWorker (SegmentedRaftLogWorker.java:startLogSegment(385)) - 755ef487-dc5c-49f0-8786-a5a94d7851cf@group-DEE6F61FE133-SegmentedRaftLogWorker: Starting segment from index:0
2019-10-15 01:24:52,672 [755ef487-dc5c-49f0-8786-a5a94d7851cf@group-DEE6F61FE133-LeaderElection4] INFO  impl.RaftServerImpl (ServerState.java:setRaftConf(356)) - 755ef487-dc5c-49f0-8786-a5a94d7851cf@group-DEE6F61FE133: set configuration 0: [092a9b57-eeac-4fc9-9a65-b605a27d843e:192.168.164.218:35508, e64c7732-fb55-4271-8d7c-cf792785654a:192.168.164.218:44527, 755ef487-dc5c-49f0-8786-a5a94d7851cf:192.168.164.218:44480], old=null at 0
2019-10-15 01:24:52,726 [755ef487-dc5c-49f0-8786-a5a94d7851cf@group-DEE6F61FE133-SegmentedRaftLogWorker] INFO  segmented.SegmentedRaftLogWorker (SegmentedRaftLogWorker.java:execute(576)) - 755ef487-dc5c-49f0-8786-a5a94d7851cf@group-DEE6F61FE133-SegmentedRaftLogWorker: created new log segment /workdir/hadoop-ozone/integration-test/target/test-dir/MiniOzoneClusterImpl-820509b4-500a-4e43-948b-909f0db04d64/datanode-0/data/ratis/095d1dde-9c78-4db0-8ae5-dee6f61fe133/current/log_inprogress_0
2019-10-15 01:24:52,740 [grpc-default-executor-2] INFO  ratis.XceiverServerRatis (XceiverServerRatis.java:handleLeaderChangedNotification(702)) - Leader change notification received for group: group-DEE6F61FE133 with new leaderId: 755ef487-dc5c-49f0-8786-a5a94d7851cf
2019-10-15 01:24:52,740 [grpc-default-executor-1] INFO  ratis.XceiverServerRatis (XceiverServerRatis.java:handleLeaderChangedNotification(702)) - Leader change notification received for group: group-DEE6F61FE133 with new leaderId: 755ef487-dc5c-49f0-8786-a5a94d7851cf
2019-10-15 01:24:52,740 [grpc-default-executor-2] INFO  impl.RaftServerImpl (ServerState.java:setLeader(255)) - e64c7732-fb55-4271-8d7c-cf792785654a@group-DEE6F61FE133: change Leader from null to 755ef487-dc5c-49f0-8786-a5a94d7851cf at term 1 for appendEntries, leader elected after 5251ms
2019-10-15 01:24:52,741 [grpc-default-executor-1] INFO  impl.RaftServerImpl (ServerState.java:setLeader(255)) - 092a9b57-eeac-4fc9-9a65-b605a27d843e@group-DEE6F61FE133: change Leader from null to 755ef487-dc5c-49f0-8786-a5a94d7851cf at term 1 for appendEntries, leader elected after 5251ms
2019-10-15 01:24:52,774 [grpc-default-executor-1] INFO  impl.RaftServerImpl (ServerState.java:setRaftConf(356)) - e64c7732-fb55-4271-8d7c-cf792785654a@group-DEE6F61FE133: set configuration 0: [092a9b57-eeac-4fc9-9a65-b605a27d843e:192.168.164.218:35508, e64c7732-fb55-4271-8d7c-cf792785654a:192.168.164.218:44527, 755ef487-dc5c-49f0-8786-a5a94d7851cf:192.168.164.218:44480], old=null at 0
2019-10-15 01:24:52,774 [grpc-default-executor-2] INFO  impl.RaftServerImpl (ServerState.java:setRaftConf(356)) - 092a9b57-eeac-4fc9-9a65-b605a27d843e@group-DEE6F61FE133: set configuration 0: [092a9b57-eeac-4fc9-9a65-b605a27d843e:192.168.164.218:35508, e64c7732-fb55-4271-8d7c-cf792785654a:192.168.164.218:44527, 755ef487-dc5c-49f0-8786-a5a94d7851cf:192.168.164.218:44480], old=null at 0
2019-10-15 01:24:52,774 [grpc-default-executor-1] INFO  segmented.SegmentedRaftLogWorker (SegmentedRaftLogWorker.java:startLogSegment(385)) - e64c7732-fb55-4271-8d7c-cf792785654a@group-DEE6F61FE133-SegmentedRaftLogWorker: Starting segment from index:0
2019-10-15 01:24:52,774 [grpc-default-executor-2] INFO  segmented.SegmentedRaftLogWorker (SegmentedRaftLogWorker.java:startLogSegment(385)) - 092a9b57-eeac-4fc9-9a65-b605a27d843e@group-DEE6F61FE133-SegmentedRaftLogWorker: Starting segment from index:0
2019-10-15 01:24:52,835 [e64c7732-fb55-4271-8d7c-cf792785654a@group-DEE6F61FE133-SegmentedRaftLogWorker] INFO  segmented.SegmentedRaftLogWorker (SegmentedRaftLogWorker.java:execute(576)) - e64c7732-fb55-4271-8d7c-cf792785654a@group-DEE6F61FE133-SegmentedRaftLogWorker: created new log segment /workdir/hadoop-ozone/integration-test/target/test-dir/MiniOzoneClusterImpl-820509b4-500a-4e43-948b-909f0db04d64/datanode-1/data/ratis/095d1dde-9c78-4db0-8ae5-dee6f61fe133/current/log_inprogress_0
2019-10-15 01:24:52,835 [092a9b57-eeac-4fc9-9a65-b605a27d843e@group-DEE6F61FE133-SegmentedRaftLogWorker] INFO  segmented.SegmentedRaftLogWorker (SegmentedRaftLogWorker.java:execute(576)) - 092a9b57-eeac-4fc9-9a65-b605a27d843e@group-DEE6F61FE133-SegmentedRaftLogWorker: created new log segment /workdir/hadoop-ozone/integration-test/target/test-dir/MiniOzoneClusterImpl-820509b4-500a-4e43-948b-909f0db04d64/datanode-2/data/ratis/095d1dde-9c78-4db0-8ae5-dee6f61fe133/current/log_inprogress_0
2019-10-15 01:24:52,861 [main] INFO  ozone.MiniOzoneClusterImpl (MiniOzoneClusterImpl.java:lambda$waitForClusterToBeReady$2(172)) - Cluster is ready. Got 3 of 3 DN Heartbeats.
2019-10-15 01:24:52,865 [main] INFO  pipeline.SCMPipelineManager (SCMPipelineManager.java:finalizeAndDestroyPipeline(315)) - destroying pipeline:Pipeline[ Id: e210ab93-3e43-496c-a280-af9bfe0bee78, Nodes: 092a9b57-eeac-4fc9-9a65-b605a27d843e{ip: 192.168.164.218, host: pr-hdds-1868-7bj8h-208101609, networkLocation: /default-rack, certSerialId: null}, Type:RATIS, Factor:ONE, State:OPEN]
2019-10-15 01:24:52,868 [main] INFO  pipeline.PipelineStateManager (PipelineStateManager.java:finalizePipeline(123)) - Pipeline Pipeline[ Id: e210ab93-3e43-496c-a280-af9bfe0bee78, Nodes: 092a9b57-eeac-4fc9-9a65-b605a27d843e{ip: 192.168.164.218, host: pr-hdds-1868-7bj8h-208101609, networkLocation: /default-rack, certSerialId: null}, Type:RATIS, Factor:ONE, State:CLOSED] moved to CLOSED state
2019-10-15 01:24:52,881 [grpc-default-executor-1] INFO  impl.RaftServerProxy (RaftServerProxy.java:remove(95)) - 092a9b57-eeac-4fc9-9a65-b605a27d843e: remove    LEADER 092a9b57-eeac-4fc9-9a65-b605a27d843e@group-AF9BFE0BEE78:t1, leader=092a9b57-eeac-4fc9-9a65-b605a27d843e, voted=092a9b57-eeac-4fc9-9a65-b605a27d843e, raftlog=092a9b57-eeac-4fc9-9a65-b605a27d843e@group-AF9BFE0BEE78-SegmentedRaftLog:OPENED:c0,f0,i0, conf=0: [092a9b57-eeac-4fc9-9a65-b605a27d843e:192.168.164.218:35508], old=null RUNNING
2019-10-15 01:24:52,882 [grpc-default-executor-1] INFO  impl.RaftServerImpl (RaftServerImpl.java:lambda$shutdown$3(247)) - 092a9b57-eeac-4fc9-9a65-b605a27d843e@group-AF9BFE0BEE78: shutdown
2019-10-15 01:24:52,882 [grpc-default-executor-1] INFO  util.JmxRegister (JmxRegister.java:unregister(73)) - Successfully un-registered JMX Bean with object name Ratis:service=RaftServer,group=group-AF9BFE0BEE78,id=092a9b57-eeac-4fc9-9a65-b605a27d843e
2019-10-15 01:24:52,882 [grpc-default-executor-1] INFO  impl.RoleInfo (RoleInfo.java:shutdownLeaderState(104)) - 092a9b57-eeac-4fc9-9a65-b605a27d843e: shutdown LeaderState
2019-10-15 01:24:52,883 [grpc-default-executor-1] INFO  impl.PendingRequests (PendingRequests.java:sendNotLeaderResponses(202)) - 092a9b57-eeac-4fc9-9a65-b605a27d843e@group-AF9BFE0BEE78-PendingRequests: sendNotLeaderResponses
2019-10-15 01:24:52,884 [grpc-default-executor-1] INFO  impl.StateMachineUpdater (StateMachineUpdater.java:stopAndJoin(136)) - 092a9b57-eeac-4fc9-9a65-b605a27d843e@group-AF9BFE0BEE78-StateMachineUpdater: set stopIndex = 0
2019-10-15 01:24:52,886 [grpc-default-executor-1] INFO  impl.RaftServerImpl (ServerState.java:close(387)) - 092a9b57-eeac-4fc9-9a65-b605a27d843e@group-AF9BFE0BEE78: closes. applyIndex: 0
2019-10-15 01:24:52,887 [092a9b57-eeac-4fc9-9a65-b605a27d843e@group-AF9BFE0BEE78-SegmentedRaftLogWorker] INFO  segmented.SegmentedRaftLogWorker (SegmentedRaftLogWorker.java:run(316)) - 092a9b57-eeac-4fc9-9a65-b605a27d843e@group-AF9BFE0BEE78-SegmentedRaftLogWorker was interrupted, exiting. There are 0 tasks remaining in the queue.
2019-10-15 01:24:52,889 [grpc-default-executor-1] INFO  segmented.SegmentedRaftLogWorker (SegmentedRaftLogWorker.java:close(224)) - 092a9b57-eeac-4fc9-9a65-b605a27d843e@group-AF9BFE0BEE78-SegmentedRaftLogWorker close()
2019-10-15 01:24:52,898 [main] INFO  pipeline.PipelineStateManager (PipelineStateManager.java:removePipeline(108)) - Pipeline Pipeline[ Id: e210ab93-3e43-496c-a280-af9bfe0bee78, Nodes: 092a9b57-eeac-4fc9-9a65-b605a27d843e{ip: 192.168.164.218, host: pr-hdds-1868-7bj8h-208101609, networkLocation: /default-rack, certSerialId: null}, Type:RATIS, Factor:ONE, State:CLOSED] removed from db
2019-10-15 01:24:52,912 [grpc-default-executor-1] INFO  impl.RaftServerProxy (RaftServerProxy.java:addNew(89)) - 092a9b57-eeac-4fc9-9a65-b605a27d843e: addNew group-008FC5B2F498:[092a9b57-eeac-4fc9-9a65-b605a27d843e:192.168.164.218:35508] returns group-008FC5B2F498:java.util.concurrent.CompletableFuture@4f5d7fdf[Not completed]
2019-10-15 01:24:52,914 [pool-47-thread-1] INFO  impl.RaftServerImpl (RaftServerImpl.java:<init>(95)) - 092a9b57-eeac-4fc9-9a65-b605a27d843e: new RaftServerImpl for group-008FC5B2F498:[092a9b57-eeac-4fc9-9a65-b605a27d843e:192.168.164.218:35508] with ContainerStateMachine:uninitialized
2019-10-15 01:24:52,914 [pool-47-thread-1] INFO  server.RaftServerConfigKeys (ConfUtils.java:logGet(43)) - raft.server.rpc.timeout.min = 5s (custom)
2019-10-15 01:24:52,914 [pool-47-thread-1] INFO  server.RaftServerConfigKeys (ConfUtils.java:logGet(43)) - raft.server.rpc.timeout.max = 5200ms (custom)
2019-10-15 01:24:52,914 [pool-47-thread-1] INFO  server.RaftServerConfigKeys (ConfUtils.java:logGet(43)) - raft.server.rpcslowness.timeout = 120s (custom)
2019-10-15 01:24:52,914 [pool-47-thread-1] INFO  server.RaftServerConfigKeys (ConfUtils.java:logGet(43)) - raft.server.sleep.deviation.threshold = 300 (default)
2019-10-15 01:24:52,914 [pool-47-thread-1] INFO  server.RaftServerConfigKeys (ConfUtils.java:logGet(43)) - raft.server.log.appender.install.snapshot.enabled = false (custom)
2019-10-15 01:24:52,915 [pool-47-thread-1] INFO  impl.RaftServerImpl (ServerState.java:<init>(103)) - 092a9b57-eeac-4fc9-9a65-b605a27d843e@group-008FC5B2F498: ConfigurationManager, init=-1: [092a9b57-eeac-4fc9-9a65-b605a27d843e:192.168.164.218:35508], old=null, confs=<EMPTY_MAP>
2019-10-15 01:24:52,916 [pool-47-thread-1] INFO  server.RaftServerConfigKeys (ConfUtils.java:logGet(43)) - raft.server.storage.dir = [/workdir/hadoop-ozone/integration-test/target/test-dir/MiniOzoneClusterImpl-820509b4-500a-4e43-948b-909f0db04d64/datanode-2/data/ratis] (custom)
2019-10-15 01:24:52,916 [pool-47-thread-1] INFO  server.RaftServerConfigKeys (ConfUtils.java:logGet(43)) - raft.server.log.corruption.policy = EXCEPTION (default)
2019-10-15 01:24:52,916 [pool-47-thread-1] INFO  storage.RaftStorageDirectory (RaftStorageDirectory.java:analyzeStorage(246)) - The storage directory /workdir/hadoop-ozone/integration-test/target/test-dir/MiniOzoneClusterImpl-820509b4-500a-4e43-948b-909f0db04d64/datanode-2/data/ratis/805ff80a-89af-4e59-b53c-008fc5b2f498 does not exist. Creating ...
2019-10-15 01:24:52,943 [pool-47-thread-1] INFO  storage.RaftStorageDirectory (RaftStorageDirectory.java:tryLock(328)) - Lock on /workdir/hadoop-ozone/integration-test/target/test-dir/MiniOzoneClusterImpl-820509b4-500a-4e43-948b-909f0db04d64/datanode-2/data/ratis/805ff80a-89af-4e59-b53c-008fc5b2f498/in_use.lock acquired by nodename 1649@pr-hdds-1868-7bj8h-208101609
2019-10-15 01:24:52,969 [pool-47-thread-1] INFO  storage.RaftStorage (RaftStorage.java:format(84)) - Storage directory /workdir/hadoop-ozone/integration-test/target/test-dir/MiniOzoneClusterImpl-820509b4-500a-4e43-948b-909f0db04d64/datanode-2/data/ratis/805ff80a-89af-4e59-b53c-008fc5b2f498 has been successfully formatted.
2019-10-15 01:24:52,969 [pool-47-thread-1] INFO  ratis.ContainerStateMachine (ContainerStateMachine.java:loadSnapshot(233)) - group-008FC5B2F498: The snapshot info is null. Setting the last applied indexto:(t:0, i:~)
2019-10-15 01:24:52,969 [pool-47-thread-1] INFO  server.RaftServerConfigKeys (ConfUtils.java:logGet(43)) - raft.server.notification.no-leader.timeout = 120s (custom)
2019-10-15 01:24:52,969 [pool-47-thread-1] INFO  server.RaftServerConfigKeys (ConfUtils.java:logGet(43)) - raft.server.log.use.memory = false (default)
2019-10-15 01:24:52,970 [pool-47-thread-1] INFO  server.RaftServerConfigKeys (ConfUtils.java:logGet(43)) - raft.server.log.purge.gap = 1000000 (custom)
2019-10-15 01:24:52,970 [pool-47-thread-1] INFO  server.RaftServerConfigKeys (ConfUtils.java:logGet(43)) - raft.server.log.appender.buffer.byte-limit = 33554432 (custom)
2019-10-15 01:24:52,970 [pool-47-thread-1] INFO  server.RaftServerConfigKeys (ConfUtils.java:logGet(43)) - raft.server.log.segment.size.max = 1048576 (custom)
2019-10-15 01:24:52,970 [pool-47-thread-1] INFO  server.RaftServerConfigKeys (ConfUtils.java:logGet(43)) - raft.server.log.segment.cache.num.max = 2 (custom)
2019-10-15 01:24:52,970 [pool-47-thread-1] INFO  segmented.SegmentedRaftLogWorker (SegmentedRaftLogWorker.java:<init>(173)) - new 092a9b57-eeac-4fc9-9a65-b605a27d843e@group-008FC5B2F498-SegmentedRaftLogWorker for RaftStorage:Storage Directory /workdir/hadoop-ozone/integration-test/target/test-dir/MiniOzoneClusterImpl-820509b4-500a-4e43-948b-909f0db04d64/datanode-2/data/ratis/805ff80a-89af-4e59-b53c-008fc5b2f498
2019-10-15 01:24:52,970 [pool-47-thread-1] INFO  server.RaftServerConfigKeys (ConfUtils.java:logGet(43)) - raft.server.log.queue.byte-limit = 2147483647 (custom)
2019-10-15 01:24:52,970 [pool-47-thread-1] INFO  server.RaftServerConfigKeys (ConfUtils.java:logGet(43)) - raft.server.log.queue.element-limit = 1024 (custom)
2019-10-15 01:24:52,970 [pool-47-thread-1] INFO  server.RaftServerConfigKeys (ConfUtils.java:logGet(43)) - raft.server.log.segment.size.max = 1048576 (custom)
2019-10-15 01:24:52,971 [pool-47-thread-1] INFO  server.RaftServerConfigKeys (ConfUtils.java:logGet(43)) - raft.server.log.preallocated.size = 16384 (custom)
2019-10-15 01:24:52,971 [pool-47-thread-1] INFO  server.RaftServerConfigKeys (ConfUtils.java:logGet(43)) - raft.server.log.write.buffer.size = 33554432 (custom)
2019-10-15 01:24:52,971 [pool-47-thread-1] INFO  server.RaftServerConfigKeys (ConfUtils.java:logGet(43)) - raft.server.log.force.sync.num = 128 (default)
2019-10-15 01:24:52,971 [pool-47-thread-1] INFO  server.RaftServerConfigKeys (ConfUtils.java:logGet(43)) - raft.server.log.statemachine.data.sync = true (default)
2019-10-15 01:24:52,971 [pool-47-thread-1] INFO  server.RaftServerConfigKeys (ConfUtils.java:logGet(43)) - raft.server.log.statemachine.data.sync.timeout = 10s (default)
2019-10-15 01:24:52,971 [pool-47-thread-1] INFO  server.RaftServerConfigKeys (ConfUtils.java:logGet(43)) - raft.server.log.statemachine.data.sync.timeout.retry = -1 (default)
2019-10-15 01:24:52,971 [pool-47-thread-1] INFO  server.RaftServerConfigKeys (ConfUtils.java:logGet(43)) - raft.server.log.statemachine.data.caching.enabled = true (custom)
2019-10-15 01:24:52,972 [pool-47-thread-1] INFO  segmented.SegmentedRaftLogWorker (SegmentedRaftLogWorker.java:lambda$new$0(128)) - 092a9b57-eeac-4fc9-9a65-b605a27d843e@group-008FC5B2F498-SegmentedRaftLogWorker: flushIndex: setUnconditionally 0 -> -1
2019-10-15 01:24:52,972 [pool-47-thread-1] INFO  server.RaftServerConfigKeys (ConfUtils.java:logGet(43)) - raft.server.snapshot.auto.trigger.enabled = true (custom)
2019-10-15 01:24:52,972 [pool-47-thread-1] INFO  server.RaftServerConfigKeys (ConfUtils.java:logGet(43)) - raft.server.snapshot.auto.trigger.threshold = 10000 (custom)
2019-10-15 01:24:52,972 [pool-47-thread-1] INFO  server.RaftServerConfigKeys (ConfUtils.java:logGet(43)) - raft.server.snapshot.retention.file.num = 5 (custom)
2019-10-15 01:24:52,972 [pool-47-thread-1] INFO  server.RaftServerConfigKeys (ConfUtils.java:logGet(43)) - raft.server.retrycache.expirytime = 600000ms (custom)
2019-10-15 01:24:52,977 [pool-47-thread-1] INFO  impl.RaftServerImpl (RaftServerImpl.java:start(181)) - 092a9b57-eeac-4fc9-9a65-b605a27d843e@group-008FC5B2F498: start as a follower, conf=-1: [092a9b57-eeac-4fc9-9a65-b605a27d843e:192.168.164.218:35508], old=null
2019-10-15 01:24:52,977 [pool-47-thread-1] INFO  impl.RaftServerImpl (RaftServerImpl.java:setRole(170)) - 092a9b57-eeac-4fc9-9a65-b605a27d843e@group-008FC5B2F498: changes role from      null to FOLLOWER at term 0 for startAsFollower
2019-10-15 01:24:52,977 [pool-47-thread-1] INFO  impl.RoleInfo (RoleInfo.java:updateAndGet(143)) - 092a9b57-eeac-4fc9-9a65-b605a27d843e: start FollowerState
2019-10-15 01:24:52,977 [pool-47-thread-1] INFO  util.JmxRegister (JmxRegister.java:tryRegister(44)) - Successfully registered JMX Bean with object name Ratis:service=RaftServer,group=group-008FC5B2F498,id=092a9b57-eeac-4fc9-9a65-b605a27d843e
2019-10-15 01:24:52,985 [RatisPipelineUtilsThread] INFO  pipeline.PipelineStateManager (PipelineStateManager.java:addPipeline(57)) - Created pipeline Pipeline[ Id: 805ff80a-89af-4e59-b53c-008fc5b2f498, Nodes: 092a9b57-eeac-4fc9-9a65-b605a27d843e{ip: 192.168.164.218, host: pr-hdds-1868-7bj8h-208101609, networkLocation: /default-rack, certSerialId: null}, Type:RATIS, Factor:ONE, State:ALLOCATED]
2019-10-15 01:24:53,093 [main] INFO  ozone.MiniOzoneClusterImpl (MiniOzoneClusterImpl.java:shutdown(352)) - Shutting down the Mini Ozone Cluster
2019-10-15 01:24:53,094 [main] INFO  ozone.MiniOzoneClusterImpl (MiniOzoneClusterImpl.java:stop(368)) - Stopping the Mini Ozone Cluster
2019-10-15 01:24:53,094 [main] INFO  ozone.MiniOzoneClusterImpl (MiniOzoneClusterImpl.java:stopOM(438)) - Stopping the OzoneManager
2019-10-15 01:24:53,094 [main] INFO  ipc.Server (Server.java:stop(3082)) - Stopping server on 44926
2019-10-15 01:24:53,103 [IPC Server listener on 44926] INFO  ipc.Server (Server.java:run(1185)) - Stopping IPC Server listener on 44926
2019-10-15 01:24:53,103 [main] INFO  ratis.OzoneManagerDoubleBuffer (OzoneManagerDoubleBuffer.java:stop(250)) - Stopping OMDoubleBuffer flush thread
2019-10-15 01:24:53,108 [IPC Server Responder] INFO  ipc.Server (Server.java:run(1319)) - Stopping IPC Server Responder
2019-10-15 01:24:53,114 [OMDoubleBufferFlushThread] INFO  ratis.OzoneManagerDoubleBuffer (OzoneManagerDoubleBuffer.java:flushTransactions(193)) - OMDoubleBuffer flush thread OMDoubleBufferFlushThread is interrupted and will exit. OMDoubleBufferFlushThread
2019-10-15 01:24:53,119 [main] INFO  utils.BackgroundService (BackgroundService.java:shutdown(151)) - Shutting down service KeyDeletingService
2019-10-15 01:24:53,124 [main] INFO  handler.ContextHandler (ContextHandler.java:doStop(910)) - Stopped o.e.j.w.WebAppContext@319854f0{/,null,UNAVAILABLE}{/ozoneManager}
2019-10-15 01:24:53,131 [main] INFO  server.AbstractConnector (AbstractConnector.java:doStop(318)) - Stopped ServerConnector@748fe51d{HTTP/1.1,[http/1.1]}{0.0.0.0:0}
2019-10-15 01:24:53,131 [main] INFO  handler.ContextHandler (ContextHandler.java:doStop(910)) - Stopped o.e.j.s.ServletContextHandler@20ed3303{/static,file:///workdir/hadoop-ozone/integration-test/target/test-classes/webapps/static,UNAVAILABLE}
2019-10-15 01:24:53,132 [main] INFO  handler.ContextHandler (ContextHandler.java:doStop(910)) - Stopped o.e.j.s.ServletContextHandler@1542af63{/logs,file:///workdir/hadoop-ozone/integration-test/target/log,UNAVAILABLE}
2019-10-15 01:24:53,138 [main] INFO  ozone.MiniOzoneClusterImpl (MiniOzoneClusterImpl.java:stopDatanodes(415)) - Stopping the HddsDatanodes
2019-10-15 01:24:53,648 [Datanode State Machine Thread - 0] INFO  statemachine.DatanodeStateMachine (DatanodeStateMachine.java:lambda$startDaemon$0(350)) - Ozone container server started.
2019-10-15 01:24:53,740 [Datanode State Machine Thread - 0] INFO  statemachine.DatanodeStateMachine (DatanodeStateMachine.java:lambda$startDaemon$0(350)) - Ozone container server started.
2019-10-15 01:24:58,119 [Thread-244] INFO  impl.FollowerState (FollowerState.java:run(108)) - 092a9b57-eeac-4fc9-9a65-b605a27d843e@group-008FC5B2F498-FollowerState: change to CANDIDATE, lastRpcTime:5142ms, electionTimeout:5142ms
2019-10-15 01:24:58,120 [Thread-244] INFO  impl.RoleInfo (RoleInfo.java:shutdownFollowerState(121)) - 092a9b57-eeac-4fc9-9a65-b605a27d843e: shutdown FollowerState
2019-10-15 01:24:58,120 [Thread-244] INFO  impl.RaftServerImpl (RaftServerImpl.java:setRole(170)) - 092a9b57-eeac-4fc9-9a65-b605a27d843e@group-008FC5B2F498: changes role from  FOLLOWER to CANDIDATE at term 0 for changeToCandidate
2019-10-15 01:24:58,121 [Thread-244] INFO  impl.RoleInfo (RoleInfo.java:updateAndGet(143)) - 092a9b57-eeac-4fc9-9a65-b605a27d843e: start LeaderElection
2019-10-15 01:24:58,140 [main] INFO  ozoneimpl.OzoneContainer (OzoneContainer.java:stop(227)) - Attempting to stop container services.
2019-10-15 01:24:58,140 [ForkJoinPool.commonPool-worker-0] INFO  ozoneimpl.OzoneContainer (OzoneContainer.java:stop(227)) - Attempting to stop container services.
2019-10-15 01:24:58,142 [ForkJoinPool.commonPool-worker-0] INFO  impl.RaftServerProxy (RaftServerProxy.java:lambda$close$4(314)) - 755ef487-dc5c-49f0-8786-a5a94d7851cf: close
2019-10-15 01:24:58,142 [main] INFO  impl.RaftServerProxy (RaftServerProxy.java:lambda$close$4(314)) - e64c7732-fb55-4271-8d7c-cf792785654a: close
2019-10-15 01:24:58,143 [ForkJoinPool.commonPool-worker-0] INFO  impl.RaftServerImpl (RaftServerImpl.java:lambda$shutdown$3(247)) - 755ef487-dc5c-49f0-8786-a5a94d7851cf@group-DEE6F61FE133: shutdown
2019-10-15 01:24:58,143 [main] INFO  impl.RaftServerImpl (RaftServerImpl.java:lambda$shutdown$3(247)) - e64c7732-fb55-4271-8d7c-cf792785654a@group-DEE6F61FE133: shutdown
2019-10-15 01:24:58,143 [ForkJoinPool.commonPool-worker-0] INFO  util.JmxRegister (JmxRegister.java:unregister(73)) - Successfully un-registered JMX Bean with object name Ratis:service=RaftServer,group=group-DEE6F61FE133,id=755ef487-dc5c-49f0-8786-a5a94d7851cf
2019-10-15 01:24:58,144 [main] INFO  util.JmxRegister (JmxRegister.java:unregister(73)) - Successfully un-registered JMX Bean with object name Ratis:service=RaftServer,group=group-DEE6F61FE133,id=e64c7732-fb55-4271-8d7c-cf792785654a
2019-10-15 01:24:58,144 [ForkJoinPool.commonPool-worker-0] INFO  impl.RoleInfo (RoleInfo.java:shutdownLeaderState(104)) - 755ef487-dc5c-49f0-8786-a5a94d7851cf: shutdown LeaderState
2019-10-15 01:24:58,144 [main] INFO  impl.RoleInfo (RoleInfo.java:shutdownFollowerState(121)) - e64c7732-fb55-4271-8d7c-cf792785654a: shutdown FollowerState
2019-10-15 01:24:58,147 [ForkJoinPool.commonPool-worker-0] INFO  impl.PendingRequests (PendingRequests.java:sendNotLeaderResponses(202)) - 755ef487-dc5c-49f0-8786-a5a94d7851cf@group-DEE6F61FE133-PendingRequests: sendNotLeaderResponses
2019-10-15 01:24:58,147 [org.apache.ratis.server.impl.LogAppender$AppenderDaemon$$Lambda$415/1861418331@36a0998c] WARN  server.GrpcLogAppender (GrpcLogAppender.java:mayWait(143)) - 755ef487-dc5c-49f0-8786-a5a94d7851cf@group-DEE6F61FE133->092a9b57-eeac-4fc9-9a65-b605a27d843e-GrpcLogAppender: Wait interrupted by java.lang.InterruptedException
2019-10-15 01:24:58,150 [ForkJoinPool.commonPool-worker-0] INFO  impl.StateMachineUpdater (StateMachineUpdater.java:stopAndJoin(136)) - 755ef487-dc5c-49f0-8786-a5a94d7851cf@group-DEE6F61FE133-StateMachineUpdater: set stopIndex = 0
2019-10-15 01:24:58,150 [Thread-231] INFO  impl.FollowerState (FollowerState.java:run(117)) - e64c7732-fb55-4271-8d7c-cf792785654a@group-DEE6F61FE133-FollowerState was interrupted: java.lang.InterruptedException: sleep interrupted
2019-10-15 01:24:58,150 [092a9b57-eeac-4fc9-9a65-b605a27d843e@group-008FC5B2F498-LeaderElection5] INFO  impl.LeaderElection (LeaderElection.java:askForVotes(178)) - 092a9b57-eeac-4fc9-9a65-b605a27d843e@group-008FC5B2F498-LeaderElection5: begin an election at term 1 for -1: [092a9b57-eeac-4fc9-9a65-b605a27d843e:192.168.164.218:35508], old=null
2019-10-15 01:24:58,149 [main] INFO  impl.StateMachineUpdater (StateMachineUpdater.java:stopAndJoin(136)) - e64c7732-fb55-4271-8d7c-cf792785654a@group-DEE6F61FE133-StateMachineUpdater: set stopIndex = 0
2019-10-15 01:24:58,148 [org.apache.ratis.server.impl.LogAppender$AppenderDaemon$$Lambda$415/1861418331@663d2f83] WARN  server.GrpcLogAppender (GrpcLogAppender.java:mayWait(143)) - 755ef487-dc5c-49f0-8786-a5a94d7851cf@group-DEE6F61FE133->e64c7732-fb55-4271-8d7c-cf792785654a-GrpcLogAppender: Wait interrupted by java.lang.InterruptedException
2019-10-15 01:24:58,155 [main] INFO  impl.RaftServerImpl (ServerState.java:close(387)) - e64c7732-fb55-4271-8d7c-cf792785654a@group-DEE6F61FE133: closes. applyIndex: 0
2019-10-15 01:24:58,154 [092a9b57-eeac-4fc9-9a65-b605a27d843e@group-008FC5B2F498-LeaderElection5] INFO  impl.RoleInfo (RoleInfo.java:shutdownLeaderElection(134)) - 092a9b57-eeac-4fc9-9a65-b605a27d843e: shutdown LeaderElection
2019-10-15 01:24:58,152 [ForkJoinPool.commonPool-worker-0] INFO  impl.RaftServerImpl (ServerState.java:close(387)) - 755ef487-dc5c-49f0-8786-a5a94d7851cf@group-DEE6F61FE133: closes. applyIndex: 0
2019-10-15 01:24:58,157 [092a9b57-eeac-4fc9-9a65-b605a27d843e@group-008FC5B2F498-LeaderElection5] INFO  impl.RaftServerImpl (RaftServerImpl.java:setRole(170)) - 092a9b57-eeac-4fc9-9a65-b605a27d843e@group-008FC5B2F498: changes role from CANDIDATE to LEADER at term 1 for changeToLeader
2019-10-15 01:24:58,158 [755ef487-dc5c-49f0-8786-a5a94d7851cf@group-DEE6F61FE133-SegmentedRaftLogWorker] INFO  segmented.SegmentedRaftLogWorker (SegmentedRaftLogWorker.java:run(316)) - 755ef487-dc5c-49f0-8786-a5a94d7851cf@group-DEE6F61FE133-SegmentedRaftLogWorker was interrupted, exiting. There are 0 tasks remaining in the queue.
2019-10-15 01:24:58,157 [e64c7732-fb55-4271-8d7c-cf792785654a@group-DEE6F61FE133-SegmentedRaftLogWorker] INFO  segmented.SegmentedRaftLogWorker (SegmentedRaftLogWorker.java:run(316)) - e64c7732-fb55-4271-8d7c-cf792785654a@group-DEE6F61FE133-SegmentedRaftLogWorker was interrupted, exiting. There are 0 tasks remaining in the queue.
2019-10-15 01:24:58,158 [092a9b57-eeac-4fc9-9a65-b605a27d843e@group-008FC5B2F498-LeaderElection5] INFO  ratis.XceiverServerRatis (XceiverServerRatis.java:handleLeaderChangedNotification(702)) - Leader change notification received for group: group-008FC5B2F498 with new leaderId: 092a9b57-eeac-4fc9-9a65-b605a27d843e
2019-10-15 01:24:58,160 [ForkJoinPool.commonPool-worker-0] INFO  segmented.SegmentedRaftLogWorker (SegmentedRaftLogWorker.java:close(224)) - 755ef487-dc5c-49f0-8786-a5a94d7851cf@group-DEE6F61FE133-SegmentedRaftLogWorker close()
2019-10-15 01:24:58,163 [092a9b57-eeac-4fc9-9a65-b605a27d843e@group-008FC5B2F498-LeaderElection5] INFO  impl.RaftServerImpl (ServerState.java:setLeader(255)) - 092a9b57-eeac-4fc9-9a65-b605a27d843e@group-008FC5B2F498: change Leader from null to 092a9b57-eeac-4fc9-9a65-b605a27d843e at term 1 for becomeLeader, leader elected after 5188ms
2019-10-15 01:24:58,163 [main] INFO  segmented.SegmentedRaftLogWorker (SegmentedRaftLogWorker.java:close(224)) - e64c7732-fb55-4271-8d7c-cf792785654a@group-DEE6F61FE133-SegmentedRaftLogWorker close()
2019-10-15 01:24:58,166 [grpc-default-executor-2] INFO  server.GrpcServerProtocolService (GrpcServerProtocolService.java:onCompleted(113)) - 092a9b57-eeac-4fc9-9a65-b605a27d843e: Completed APPEND_ENTRIES, lastRequest: 755ef487-dc5c-49f0-8786-a5a94d7851cf->092a9b57-eeac-4fc9-9a65-b605a27d843e#3-t1, previous=(t:1, i:0), leaderCommit=0, initializing? false, entries: <empty>
2019-10-15 01:24:58,166 [grpc-default-executor-1] INFO  server.GrpcServerProtocolService (GrpcServerProtocolService.java:onCompleted(113)) - e64c7732-fb55-4271-8d7c-cf792785654a: Completed APPEND_ENTRIES, lastRequest: 755ef487-dc5c-49f0-8786-a5a94d7851cf->e64c7732-fb55-4271-8d7c-cf792785654a#3-t1, previous=(t:1, i:0), leaderCommit=0, initializing? false, entries: <empty>
2019-10-15 01:24:58,166 [092a9b57-eeac-4fc9-9a65-b605a27d843e@group-008FC5B2F498-LeaderElection5] INFO  server.RaftServerConfigKeys (ConfUtils.java:logGet(43)) - raft.server.staging.catchup.gap = 1000 (default)
2019-10-15 01:24:58,166 [ForkJoinPool.commonPool-worker-0] INFO  impl.RaftServerImpl (RaftServerImpl.java:lambda$shutdown$3(247)) - 755ef487-dc5c-49f0-8786-a5a94d7851cf@group-950B0857AC98: shutdown
2019-10-15 01:24:58,175 [092a9b57-eeac-4fc9-9a65-b605a27d843e@group-008FC5B2F498-LeaderElection5] INFO  server.RaftServerConfigKeys (ConfUtils.java:logGet(43)) - raft.server.rpc.sleep.time = 25ms (default)
2019-10-15 01:24:58,175 [main] INFO  impl.RaftServerImpl (RaftServerImpl.java:lambda$shutdown$3(247)) - e64c7732-fb55-4271-8d7c-cf792785654a@group-3D30953A87DD: shutdown
2019-10-15 01:24:58,176 [EventQueue-PipelineReportForPipelineReportHandler] INFO  pipeline.PipelineReportHandler (PipelineReportHandler.java:processPipelineReport(119)) - Pipeline PipelineID=805ff80a-89af-4e59-b53c-008fc5b2f498 reported by 092a9b57-eeac-4fc9-9a65-b605a27d843e{ip: 192.168.164.218, host: pr-hdds-1868-7bj8h-208101609, networkLocation: /default-rack, certSerialId: null} with leaderId 092a9b57-eeac-4fc9-9a65-b605a27d843e
2019-10-15 01:24:58,176 [grpc-default-executor-1] INFO  server.GrpcLogAppender (GrpcLogAppender.java:onCompleted(293)) - 755ef487-dc5c-49f0-8786-a5a94d7851cf@group-DEE6F61FE133->e64c7732-fb55-4271-8d7c-cf792785654a-AppendLogResponseHandler: follower responses appendEntries COMPLETED
2019-10-15 01:24:58,176 [grpc-default-executor-2] INFO  server.GrpcLogAppender (GrpcLogAppender.java:onCompleted(293)) - 755ef487-dc5c-49f0-8786-a5a94d7851cf@group-DEE6F61FE133->092a9b57-eeac-4fc9-9a65-b605a27d843e-AppendLogResponseHandler: follower responses appendEntries COMPLETED
2019-10-15 01:24:58,176 [092a9b57-eeac-4fc9-9a65-b605a27d843e@group-008FC5B2F498-LeaderElection5] INFO  server.RaftServerConfigKeys (ConfUtils.java:logGet(43)) - raft.server.write.element-limit = 4096 (default)
2019-10-15 01:24:58,175 [ForkJoinPool.commonPool-worker-0] INFO  util.JmxRegister (JmxRegister.java:unregister(73)) - Successfully un-registered JMX Bean with object name Ratis:service=RaftServer,group=group-950B0857AC98,id=755ef487-dc5c-49f0-8786-a5a94d7851cf
2019-10-15 01:24:58,178 [092a9b57-eeac-4fc9-9a65-b605a27d843e@group-008FC5B2F498-LeaderElection5] INFO  server.RaftServerConfigKeys (ConfUtils.java:logGet(43)) - raft.server.watch.timeout = 10s (default)
2019-10-15 01:24:58,176 [EventQueue-PipelineReportForPipelineReportHandler] INFO  pipeline.PipelineStateManager (PipelineStateManager.java:openPipeline(136)) - Pipeline Pipeline[ Id: 805ff80a-89af-4e59-b53c-008fc5b2f498, Nodes: 092a9b57-eeac-4fc9-9a65-b605a27d843e{ip: 192.168.164.218, host: pr-hdds-1868-7bj8h-208101609, networkLocation: /default-rack, certSerialId: null}, Type:RATIS, Factor:ONE, State:OPEN] moved to OPEN state
2019-10-15 01:24:58,176 [main] INFO  util.JmxRegister (JmxRegister.java:unregister(73)) - Successfully un-registered JMX Bean with object name Ratis:service=RaftServer,group=group-3D30953A87DD,id=e64c7732-fb55-4271-8d7c-cf792785654a
2019-10-15 01:24:58,178 [092a9b57-eeac-4fc9-9a65-b605a27d843e@group-008FC5B2F498-LeaderElection5] INFO  server.RaftServerConfigKeys (ConfUtils.java:logGet(43)) - raft.server.watch.timeout.denomination = 1s (default)
2019-10-15 01:24:58,178 [ForkJoinPool.commonPool-worker-0] INFO  impl.RoleInfo (RoleInfo.java:shutdownLeaderState(104)) - 755ef487-dc5c-49f0-8786-a5a94d7851cf: shutdown LeaderState
2019-10-15 01:24:58,181 [092a9b57-eeac-4fc9-9a65-b605a27d843e@group-008FC5B2F498-LeaderElection5] INFO  server.RaftServerConfigKeys (ConfUtils.java:logGet(43)) - raft.server.watch.element-limit = 65536 (default)
2019-10-15 01:24:58,181 [main] INFO  impl.RoleInfo (RoleInfo.java:shutdownLeaderState(104)) - e64c7732-fb55-4271-8d7c-cf792785654a: shutdown LeaderState
2019-10-15 01:24:58,181 [ForkJoinPool.commonPool-worker-0] INFO  impl.PendingRequests (PendingRequests.java:sendNotLeaderResponses(202)) - 755ef487-dc5c-49f0-8786-a5a94d7851cf@group-950B0857AC98-PendingRequests: sendNotLeaderResponses
2019-10-15 01:24:58,182 [grpc-default-executor-1] INFO  impl.FollowerInfo (FollowerInfo.java:lambda$new$0(51)) - 755ef487-dc5c-49f0-8786-a5a94d7851cf@group-DEE6F61FE133->e64c7732-fb55-4271-8d7c-cf792785654a: nextIndex: updateUnconditionally 1 -> 0
2019-10-15 01:24:58,182 [main] INFO  impl.PendingRequests (PendingRequests.java:sendNotLeaderResponses(202)) - e64c7732-fb55-4271-8d7c-cf792785654a@group-3D30953A87DD-PendingRequests: sendNotLeaderResponses
2019-10-15 01:24:58,183 [ForkJoinPool.commonPool-worker-0] INFO  impl.StateMachineUpdater (StateMachineUpdater.java:stopAndJoin(136)) - 755ef487-dc5c-49f0-8786-a5a94d7851cf@group-950B0857AC98-StateMachineUpdater: set stopIndex = 0
2019-10-15 01:24:58,182 [grpc-default-executor-2] INFO  impl.FollowerInfo (FollowerInfo.java:lambda$new$0(51)) - 755ef487-dc5c-49f0-8786-a5a94d7851cf@group-DEE6F61FE133->092a9b57-eeac-4fc9-9a65-b605a27d843e: nextIndex: updateUnconditionally 1 -> 0
2019-10-15 01:24:58,188 [ForkJoinPool.commonPool-worker-0] INFO  impl.RaftServerImpl (ServerState.java:close(387)) - 755ef487-dc5c-49f0-8786-a5a94d7851cf@group-950B0857AC98: closes. applyIndex: 0
2019-10-15 01:24:58,188 [main] INFO  impl.StateMachineUpdater (StateMachineUpdater.java:stopAndJoin(136)) - e64c7732-fb55-4271-8d7c-cf792785654a@group-3D30953A87DD-StateMachineUpdater: set stopIndex = 0
2019-10-15 01:24:58,189 [755ef487-dc5c-49f0-8786-a5a94d7851cf@group-950B0857AC98-SegmentedRaftLogWorker] INFO  segmented.SegmentedRaftLogWorker (SegmentedRaftLogWorker.java:run(316)) - 755ef487-dc5c-49f0-8786-a5a94d7851cf@group-950B0857AC98-SegmentedRaftLogWorker was interrupted, exiting. There are 0 tasks remaining in the queue.
2019-10-15 01:24:58,189 [main] INFO  impl.RaftServerImpl (ServerState.java:close(387)) - e64c7732-fb55-4271-8d7c-cf792785654a@group-3D30953A87DD: closes. applyIndex: 0
2019-10-15 01:24:58,190 [ForkJoinPool.commonPool-worker-0] INFO  segmented.SegmentedRaftLogWorker (SegmentedRaftLogWorker.java:close(224)) - 755ef487-dc5c-49f0-8786-a5a94d7851cf@group-950B0857AC98-SegmentedRaftLogWorker close()
2019-10-15 01:24:58,191 [e64c7732-fb55-4271-8d7c-cf792785654a@group-3D30953A87DD-SegmentedRaftLogWorker] INFO  segmented.SegmentedRaftLogWorker (SegmentedRaftLogWorker.java:run(316)) - e64c7732-fb55-4271-8d7c-cf792785654a@group-3D30953A87DD-SegmentedRaftLogWorker was interrupted, exiting. There are 0 tasks remaining in the queue.
2019-10-15 01:24:58,194 [main] INFO  segmented.SegmentedRaftLogWorker (SegmentedRaftLogWorker.java:close(224)) - e64c7732-fb55-4271-8d7c-cf792785654a@group-3D30953A87DD-SegmentedRaftLogWorker close()
2019-10-15 01:24:58,196 [ForkJoinPool.commonPool-worker-0] INFO  server.GrpcService (GrpcService.java:closeImpl(164)) - 755ef487-dc5c-49f0-8786-a5a94d7851cf: shutdown server with port 44480 now
2019-10-15 01:24:58,196 [092a9b57-eeac-4fc9-9a65-b605a27d843e@group-008FC5B2F498-LeaderElection5] INFO  impl.RoleInfo (RoleInfo.java:updateAndGet(143)) - 092a9b57-eeac-4fc9-9a65-b605a27d843e: start LeaderState
2019-10-15 01:24:58,196 [main] INFO  server.GrpcService (GrpcService.java:closeImpl(164)) - e64c7732-fb55-4271-8d7c-cf792785654a: shutdown server with port 44527 now
2019-10-15 01:24:58,197 [092a9b57-eeac-4fc9-9a65-b605a27d843e@group-008FC5B2F498-LeaderElection5] INFO  segmented.SegmentedRaftLogWorker (SegmentedRaftLogWorker.java:startLogSegment(385)) - 092a9b57-eeac-4fc9-9a65-b605a27d843e@group-008FC5B2F498-SegmentedRaftLogWorker: Starting segment from index:0
2019-10-15 01:24:58,197 [092a9b57-eeac-4fc9-9a65-b605a27d843e@group-008FC5B2F498-LeaderElection5] INFO  impl.RaftServerImpl (ServerState.java:setRaftConf(356)) - 092a9b57-eeac-4fc9-9a65-b605a27d843e@group-008FC5B2F498: set configuration 0: [092a9b57-eeac-4fc9-9a65-b605a27d843e:192.168.164.218:35508], old=null at 0
2019-10-15 01:24:58,198 [main] INFO  server.GrpcService (GrpcService.java:closeImpl(172)) - e64c7732-fb55-4271-8d7c-cf792785654a: shutdown server with port 44527 successfully
2019-10-15 01:24:58,225 [ForkJoinPool.commonPool-worker-0] INFO  server.GrpcService (GrpcService.java:closeImpl(172)) - 755ef487-dc5c-49f0-8786-a5a94d7851cf: shutdown server with port 44480 successfully
2019-10-15 01:24:58,228 [refreshUsed-/workdir/hadoop-ozone/integration-test/target/test-dir/MiniOzoneClusterImpl-820509b4-500a-4e43-948b-909f0db04d64/datanode-1/data/containers] WARN  fs.CachingGetSpaceUsed (CachingGetSpaceUsed.java:run(183)) - Thread Interrupted waiting to refresh disk information: sleep interrupted
2019-10-15 01:24:58,246 [refreshUsed-/workdir/hadoop-ozone/integration-test/target/test-dir/MiniOzoneClusterImpl-820509b4-500a-4e43-948b-909f0db04d64/datanode-0/data/containers] WARN  fs.CachingGetSpaceUsed (CachingGetSpaceUsed.java:run(183)) - Thread Interrupted waiting to refresh disk information: sleep interrupted
2019-10-15 01:24:58,247 [092a9b57-eeac-4fc9-9a65-b605a27d843e@group-008FC5B2F498-SegmentedRaftLogWorker] INFO  segmented.SegmentedRaftLogWorker (SegmentedRaftLogWorker.java:execute(576)) - 092a9b57-eeac-4fc9-9a65-b605a27d843e@group-008FC5B2F498-SegmentedRaftLogWorker: created new log segment /workdir/hadoop-ozone/integration-test/target/test-dir/MiniOzoneClusterImpl-820509b4-500a-4e43-948b-909f0db04d64/datanode-2/data/ratis/805ff80a-89af-4e59-b53c-008fc5b2f498/current/log_inprogress_0
2019-10-15 01:24:58,250 [main] INFO  utils.BackgroundService (BackgroundService.java:shutdown(151)) - Shutting down service BlockDeletingService
2019-10-15 01:24:58,252 [main] INFO  statemachine.DatanodeStateMachine (DatanodeStateMachine.java:stopDaemon(395)) - Ozone container server stopped.
2019-10-15 01:24:58,253 [main] INFO  handler.ContextHandler (ContextHandler.java:doStop(910)) - Stopped o.e.j.w.WebAppContext@5b5e7036{/,null,UNAVAILABLE}{/hddsDatanode}
2019-10-15 01:24:58,254 [main] INFO  server.AbstractConnector (AbstractConnector.java:doStop(318)) - Stopped ServerConnector@62dbe64e{HTTP/1.1,[http/1.1]}{0.0.0.0:0}
2019-10-15 01:24:58,254 [main] INFO  handler.ContextHandler (ContextHandler.java:doStop(910)) - Stopped o.e.j.s.ServletContextHandler@3bbf841e{/static,jar:file:/home/user/.m2/repository/org/apache/hadoop/hadoop-hdds-container-service/0.5.0-SNAPSHOT/hadoop-hdds-container-service-0.5.0-SNAPSHOT.jar!/webapps/static,UNAVAILABLE}
2019-10-15 01:24:58,255 [main] INFO  handler.ContextHandler (ContextHandler.java:doStop(910)) - Stopped o.e.j.s.ServletContextHandler@5679e96b{/logs,file:///workdir/hadoop-ozone/integration-test/target/log,UNAVAILABLE}
2019-10-15 01:24:58,263 [ForkJoinPool.commonPool-worker-0] INFO  utils.BackgroundService (BackgroundService.java:shutdown(151)) - Shutting down service BlockDeletingService
2019-10-15 01:24:58,265 [ForkJoinPool.commonPool-worker-0] INFO  statemachine.DatanodeStateMachine (DatanodeStateMachine.java:stopDaemon(395)) - Ozone container server stopped.
2019-10-15 01:24:58,268 [ForkJoinPool.commonPool-worker-0] INFO  handler.ContextHandler (ContextHandler.java:doStop(910)) - Stopped o.e.j.w.WebAppContext@6981f8f3{/,null,UNAVAILABLE}{/hddsDatanode}
2019-10-15 01:24:58,269 [ForkJoinPool.commonPool-worker-0] INFO  server.AbstractConnector (AbstractConnector.java:doStop(318)) - Stopped ServerConnector@623dcf2a{HTTP/1.1,[http/1.1]}{0.0.0.0:0}
2019-10-15 01:24:58,270 [ForkJoinPool.commonPool-worker-0] INFO  handler.ContextHandler (ContextHandler.java:doStop(910)) - Stopped o.e.j.s.ServletContextHandler@26f46fa6{/static,jar:file:/home/user/.m2/repository/org/apache/hadoop/hadoop-hdds-container-service/0.5.0-SNAPSHOT/hadoop-hdds-container-service-0.5.0-SNAPSHOT.jar!/webapps/static,UNAVAILABLE}
2019-10-15 01:24:58,271 [ForkJoinPool.commonPool-worker-0] INFO  handler.ContextHandler (ContextHandler.java:doStop(910)) - Stopped o.e.j.s.ServletContextHandler@d109c4f{/logs,file:///workdir/hadoop-ozone/integration-test/target/log,UNAVAILABLE}
2019-10-15 01:24:59,162 [Datanode State Machine Thread - 0] INFO  statemachine.DatanodeStateMachine (DatanodeStateMachine.java:lambda$startDaemon$0(350)) - Ozone container server started.
2019-10-15 01:25:03,256 [main] INFO  ozoneimpl.OzoneContainer (OzoneContainer.java:stop(227)) - Attempting to stop container services.
2019-10-15 01:25:03,257 [main] INFO  impl.RaftServerProxy (RaftServerProxy.java:lambda$close$4(314)) - 092a9b57-eeac-4fc9-9a65-b605a27d843e: close
2019-10-15 01:25:03,258 [main] INFO  impl.RaftServerImpl (RaftServerImpl.java:lambda$shutdown$3(247)) - 092a9b57-eeac-4fc9-9a65-b605a27d843e@group-DEE6F61FE133: shutdown
2019-10-15 01:25:03,258 [ForkJoinPool.commonPool-worker-1] INFO  impl.RaftServerImpl (RaftServerImpl.java:lambda$shutdown$3(247)) - 092a9b57-eeac-4fc9-9a65-b605a27d843e@group-008FC5B2F498: shutdown
2019-10-15 01:25:03,258 [main] INFO  util.JmxRegister (JmxRegister.java:unregister(73)) - Successfully un-registered JMX Bean with object name Ratis:service=RaftServer,group=group-DEE6F61FE133,id=092a9b57-eeac-4fc9-9a65-b605a27d843e
2019-10-15 01:25:03,259 [ForkJoinPool.commonPool-worker-1] INFO  util.JmxRegister (JmxRegister.java:unregister(73)) - Successfully un-registered JMX Bean with object name Ratis:service=RaftServer,group=group-008FC5B2F498,id=092a9b57-eeac-4fc9-9a65-b605a27d843e
2019-10-15 01:25:03,259 [main] INFO  impl.RoleInfo (RoleInfo.java:shutdownFollowerState(121)) - 092a9b57-eeac-4fc9-9a65-b605a27d843e: shutdown FollowerState
2019-10-15 01:25:03,259 [ForkJoinPool.commonPool-worker-1] INFO  impl.RoleInfo (RoleInfo.java:shutdownLeaderState(104)) - 092a9b57-eeac-4fc9-9a65-b605a27d843e: shutdown LeaderState
2019-10-15 01:25:03,260 [main] INFO  impl.StateMachineUpdater (StateMachineUpdater.java:stopAndJoin(136)) - 092a9b57-eeac-4fc9-9a65-b605a27d843e@group-DEE6F61FE133-StateMachineUpdater: set stopIndex = 0
2019-10-15 01:25:03,260 [ForkJoinPool.commonPool-worker-1] INFO  impl.PendingRequests (PendingRequests.java:sendNotLeaderResponses(202)) - 092a9b57-eeac-4fc9-9a65-b605a27d843e@group-008FC5B2F498-PendingRequests: sendNotLeaderResponses
2019-10-15 01:25:03,260 [Thread-232] INFO  impl.FollowerState (FollowerState.java:run(117)) - 092a9b57-eeac-4fc9-9a65-b605a27d843e@group-DEE6F61FE133-FollowerState was interrupted: java.lang.InterruptedException: sleep interrupted
2019-10-15 01:25:03,261 [ForkJoinPool.commonPool-worker-1] INFO  impl.StateMachineUpdater (StateMachineUpdater.java:stopAndJoin(136)) - 092a9b57-eeac-4fc9-9a65-b605a27d843e@group-008FC5B2F498-StateMachineUpdater: set stopIndex = 0
2019-10-15 01:25:03,260 [main] INFO  impl.RaftServerImpl (ServerState.java:close(387)) - 092a9b57-eeac-4fc9-9a65-b605a27d843e@group-DEE6F61FE133: closes. applyIndex: 0
2019-10-15 01:25:03,262 [ForkJoinPool.commonPool-worker-1] INFO  impl.RaftServerImpl (ServerState.java:close(387)) - 092a9b57-eeac-4fc9-9a65-b605a27d843e@group-008FC5B2F498: closes. applyIndex: 0
2019-10-15 01:25:03,263 [092a9b57-eeac-4fc9-9a65-b605a27d843e@group-DEE6F61FE133-SegmentedRaftLogWorker] INFO  segmented.SegmentedRaftLogWorker (SegmentedRaftLogWorker.java:run(316)) - 092a9b57-eeac-4fc9-9a65-b605a27d843e@group-DEE6F61FE133-SegmentedRaftLogWorker was interrupted, exiting. There are 0 tasks remaining in the queue.
2019-10-15 01:25:03,263 [092a9b57-eeac-4fc9-9a65-b605a27d843e@group-008FC5B2F498-SegmentedRaftLogWorker] INFO  segmented.SegmentedRaftLogWorker (SegmentedRaftLogWorker.java:run(316)) - 092a9b57-eeac-4fc9-9a65-b605a27d843e@group-008FC5B2F498-SegmentedRaftLogWorker was interrupted, exiting. There are 0 tasks remaining in the queue.
2019-10-15 01:25:03,264 [main] INFO  segmented.SegmentedRaftLogWorker (SegmentedRaftLogWorker.java:close(224)) - 092a9b57-eeac-4fc9-9a65-b605a27d843e@group-DEE6F61FE133-SegmentedRaftLogWorker close()
2019-10-15 01:25:03,275 [ForkJoinPool.commonPool-worker-1] INFO  segmented.SegmentedRaftLogWorker (SegmentedRaftLogWorker.java:close(224)) - 092a9b57-eeac-4fc9-9a65-b605a27d843e@group-008FC5B2F498-SegmentedRaftLogWorker close()
2019-10-15 01:25:03,278 [main] INFO  server.GrpcService (GrpcService.java:closeImpl(164)) - 092a9b57-eeac-4fc9-9a65-b605a27d843e: shutdown server with port 35508 now
2019-10-15 01:25:03,279 [main] INFO  server.GrpcService (GrpcService.java:closeImpl(172)) - 092a9b57-eeac-4fc9-9a65-b605a27d843e: shutdown server with port 35508 successfully
2019-10-15 01:25:03,286 [refreshUsed-/workdir/hadoop-ozone/integration-test/target/test-dir/MiniOzoneClusterImpl-820509b4-500a-4e43-948b-909f0db04d64/datanode-2/data/containers] WARN  fs.CachingGetSpaceUsed (CachingGetSpaceUsed.java:run(183)) - Thread Interrupted waiting to refresh disk information: sleep interrupted
2019-10-15 01:25:03,300 [main] INFO  utils.BackgroundService (BackgroundService.java:shutdown(151)) - Shutting down service BlockDeletingService
2019-10-15 01:25:03,302 [main] INFO  statemachine.DatanodeStateMachine (DatanodeStateMachine.java:stopDaemon(395)) - Ozone container server stopped.
2019-10-15 01:25:03,303 [main] INFO  handler.ContextHandler (ContextHandler.java:doStop(910)) - Stopped o.e.j.w.WebAppContext@6342d610{/,null,UNAVAILABLE}{/hddsDatanode}
2019-10-15 01:25:03,303 [main] INFO  server.AbstractConnector (AbstractConnector.java:doStop(318)) - Stopped ServerConnector@dc4a691{HTTP/1.1,[http/1.1]}{0.0.0.0:0}
2019-10-15 01:25:03,304 [main] INFO  handler.ContextHandler (ContextHandler.java:doStop(910)) - Stopped o.e.j.s.ServletContextHandler@5a6d30e2{/static,jar:file:/home/user/.m2/repository/org/apache/hadoop/hadoop-hdds-container-service/0.5.0-SNAPSHOT/hadoop-hdds-container-service-0.5.0-SNAPSHOT.jar!/webapps/static,UNAVAILABLE}
2019-10-15 01:25:03,304 [main] INFO  handler.ContextHandler (ContextHandler.java:doStop(910)) - Stopped o.e.j.s.ServletContextHandler@1cd3b138{/logs,file:///workdir/hadoop-ozone/integration-test/target/log,UNAVAILABLE}
2019-10-15 01:25:03,305 [main] INFO  ozone.MiniOzoneClusterImpl (MiniOzoneClusterImpl.java:stopSCM(430)) - Stopping the StorageContainerManager
2019-10-15 01:25:03,305 [main] INFO  server.StorageContainerManager (StorageContainerManager.java:stop(810)) - Stopping Replication Manager Service.
2019-10-15 01:25:03,305 [main] INFO  container.ReplicationManager (ReplicationManager.java:stop(203)) - Stopping Replication Monitor Thread.
2019-10-15 01:25:03,305 [main] INFO  server.StorageContainerManager (StorageContainerManager.java:stop(817)) - Stopping Lease Manager of the command watchers
2019-10-15 01:25:03,306 [main] INFO  server.StorageContainerManager (StorageContainerManager.java:stop(824)) - Stopping datanode service RPC server
2019-10-15 01:25:03,306 [main] INFO  server.SCMDatanodeProtocolServer (SCMDatanodeProtocolServer.java:stop(346)) - Stopping the RPC server for DataNodes
2019-10-15 01:25:03,306 [main] INFO  ipc.Server (Server.java:stop(3082)) - Stopping server on 38609
2019-10-15 01:25:03,306 [IPC Server listener on 38609] INFO  ipc.Server (Server.java:run(1185)) - Stopping IPC Server listener on 38609
2019-10-15 01:25:03,307 [IPC Server Responder] INFO  ipc.Server (Server.java:run(1319)) - Stopping IPC Server Responder
2019-10-15 01:25:03,362 [SCM Heartbeat Processing Thread - 0] WARN  node.NodeStateManager (NodeStateManager.java:scheduleNextHealthCheck(646)) - Current Thread is interrupted, shutting down HB processing thread for Node Manager.
2019-10-15 01:25:03,363 [main] INFO  server.StorageContainerManager (StorageContainerManager.java:stop(832)) - Stopping block service RPC server
2019-10-15 01:25:03,363 [main] INFO  server.SCMBlockProtocolServer (SCMBlockProtocolServer.java:stop(155)) - Stopping the RPC server for Block Protocol
2019-10-15 01:25:03,363 [main] INFO  ipc.Server (Server.java:stop(3082)) - Stopping server on 44893
2019-10-15 01:25:03,364 [main] INFO  server.StorageContainerManager (StorageContainerManager.java:stop(839)) - Stopping the StorageContainerLocationProtocol RPC server
2019-10-15 01:25:03,365 [main] INFO  server.SCMClientProtocolServer (SCMClientProtocolServer.java:stop(168)) - Stopping the RPC server for Client Protocol
2019-10-15 01:25:03,365 [IPC Server Responder] INFO  ipc.Server (Server.java:run(1319)) - Stopping IPC Server Responder
2019-10-15 01:25:03,365 [IPC Server listener on 44893] INFO  ipc.Server (Server.java:run(1185)) - Stopping IPC Server listener on 44893
2019-10-15 01:25:03,365 [main] INFO  ipc.Server (Server.java:stop(3082)) - Stopping server on 42525
2019-10-15 01:25:03,368 [main] INFO  server.StorageContainerManager (StorageContainerManager.java:stop(846)) - Stopping Storage Container Manager HTTP server.
2019-10-15 01:25:03,368 [IPC Server listener on 42525] INFO  ipc.Server (Server.java:run(1185)) - Stopping IPC Server listener on 42525
2019-10-15 01:25:03,368 [IPC Server Responder] INFO  ipc.Server (Server.java:run(1319)) - Stopping IPC Server Responder
2019-10-15 01:25:03,369 [main] INFO  handler.ContextHandler (ContextHandler.java:doStop(910)) - Stopped o.e.j.w.WebAppContext@3d6300e8{/,null,UNAVAILABLE}{/scm}
2019-10-15 01:25:03,370 [main] INFO  server.AbstractConnector (AbstractConnector.java:doStop(318)) - Stopped ServerConnector@3af4e0bf{HTTP/1.1,[http/1.1]}{0.0.0.0:0}
2019-10-15 01:25:03,370 [main] INFO  handler.ContextHandler (ContextHandler.java:doStop(910)) - Stopped o.e.j.s.ServletContextHandler@42f8285e{/static,file:///workdir/hadoop-ozone/integration-test/target/test-classes/webapps/static,UNAVAILABLE}
2019-10-15 01:25:03,371 [main] INFO  handler.ContextHandler (ContextHandler.java:doStop(910)) - Stopped o.e.j.s.ServletContextHandler@65fe9e33{/logs,file:///workdir/hadoop-ozone/integration-test/target/log,UNAVAILABLE}
2019-10-15 01:25:03,372 [main] INFO  server.StorageContainerManager (StorageContainerManager.java:stop(857)) - Stopping Block Manager Service.
2019-10-15 01:25:03,372 [main] INFO  utils.BackgroundService (BackgroundService.java:shutdown(151)) - Shutting down service SCMBlockDeletingService
2019-10-15 01:25:03,373 [main] INFO  utils.BackgroundService (BackgroundService.java:shutdown(151)) - Shutting down service SCMBlockDeletingService
2019-10-15 01:25:03,374 [main] INFO  server.StorageContainerManager (StorageContainerManager.java:stop(879)) - Stopping SCM Event Queue.
2019-10-15 01:25:03,380 [main] INFO  impl.MetricsSystemImpl (MetricsSystemImpl.java:stop(210)) - Stopping ratis metrics system...
2019-10-15 01:25:03,388 [prometheus] INFO  impl.MetricsSinkAdapter (MetricsSinkAdapter.java:publishMetricsFromQueue(141)) - prometheus thread interrupted.
2019-10-15 01:25:03,388 [main] INFO  impl.MetricsSystemImpl (MetricsSystemImpl.java:stop(216)) - ratis metrics system stopped.
]]></system-out>
    <system-err><![CDATA[ERROR StatusLogger No Log4j 2 configuration file found. Using default configuration (logging only errors to the console), or user programmatically provided configurations. Set system property 'log4j2.debug' to show Log4j 2 internal initialization logging. See https://logging.apache.org/log4j/2.x/manual/configuration.html for instructions on how to configure Log4j 2
]]></system-err>
  </testcase>
  <testcase name="testNumBlocksAllocated" classname="org.apache.hadoop.ozone.scm.pipeline.TestSCMPipelineMetrics" time="25.956"/>
  <testcase name="testPipelineCreation" classname="org.apache.hadoop.ozone.scm.pipeline.TestSCMPipelineMetrics" time="25.482"/>
</testsuite>