<?xml version="1.0" encoding="UTF-8"?>
<testsuite xmlns:xsi="http://www.w3.org/2001/XMLSchema-instance" xsi:noNamespaceSchemaLocation="https://maven.apache.org/surefire/maven-surefire-plugin/xsd/surefire-test-report.xsd" name="org.apache.hadoop.ozone.client.rpc.Test2WayCommitInRatis" time="39.927" tests="1" errors="1" skipped="0" failures="0">
  <properties>
    <property name="awt.toolkit" value="sun.awt.X11.XToolkit"/>
    <property name="file.encoding.pkg" value="sun.io"/>
    <property name="java.specification.version" value="1.8"/>
    <property name="sun.cpu.isalist" value=""/>
    <property name="sun.jnu.encoding" value="UTF-8"/>
    <property name="java.class.path" value="/workdir/hadoop-ozone/integration-test/target/test-classes:/workdir/hadoop-ozone/integration-test/target/classes:/home/user/.m2/repository/org/apache/hadoop/hadoop-ozone-common/0.5.0-SNAPSHOT/hadoop-ozone-common-0.5.0-SNAPSHOT.jar:/home/user/.m2/repository/org/apache/commons/commons-compress/1.4.1/commons-compress-1.4.1.jar:/home/user/.m2/repository/org/tukaani/xz/1.0/xz-1.0.jar:/home/user/.m2/repository/org/apache/hadoop/hadoop-common/3.2.0/hadoop-common-3.2.0.jar:/home/user/.m2/repository/org/apache/hadoop/hadoop-hdfs/3.2.0/hadoop-hdfs-3.2.0.jar:/home/user/.m2/repository/org/apache/hadoop/hadoop-hdfs-client/3.2.0/hadoop-hdfs-client-3.2.0.jar:/home/user/.m2/repository/com/fasterxml/jackson/core/jackson-annotations/2.9.9/jackson-annotations-2.9.9.jar:/home/user/.m2/repository/org/apache/hadoop/hadoop-hdds-common/0.5.0-SNAPSHOT/hadoop-hdds-common-0.5.0-SNAPSHOT.jar:/home/user/.m2/repository/javax/annotation/javax.annotation-api/1.2/javax.annotation-api-1.2.jar:/home/user/.m2/repository/org/apache/ratis/ratis-server/0.5.0-63cd2fb-SNAPSHOT/ratis-server-0.5.0-63cd2fb-SNAPSHOT.jar:/home/user/.m2/repository/org/apache/ratis/ratis-thirdparty-misc/0.2.0/ratis-thirdparty-misc-0.2.0.jar:/home/user/.m2/repository/org/apache/ratis/ratis-proto/0.5.0-63cd2fb-SNAPSHOT/ratis-proto-0.5.0-63cd2fb-SNAPSHOT.jar:/home/user/.m2/repository/org/apache/ratis/ratis-common/0.5.0-63cd2fb-SNAPSHOT/ratis-common-0.5.0-63cd2fb-SNAPSHOT.jar:/home/user/.m2/repository/org/apache/ratis/ratis-client/0.5.0-63cd2fb-SNAPSHOT/ratis-client-0.5.0-63cd2fb-SNAPSHOT.jar:/home/user/.m2/repository/org/apache/ratis/ratis-metrics/0.5.0-63cd2fb-SNAPSHOT/ratis-metrics-0.5.0-63cd2fb-SNAPSHOT.jar:/home/user/.m2/repository/com/github/joshelser/dropwizard-metrics-hadoop-metrics2-reporter/0.1.2/dropwizard-metrics-hadoop-metrics2-reporter-0.1.2.jar:/home/user/.m2/repository/io/dropwizard/metrics/metrics-jvm/3.2.5/metrics-jvm-3.2.5.jar:/home/user/.m2/repository/io/dropwizard/metrics/metrics-ganglia/3.2.5/metrics-ganglia-3.2.5.jar:/home/user/.m2/repository/info/ganglia/gmetric4j/gmetric4j/1.0.7/gmetric4j-1.0.7.jar:/home/user/.m2/repository/org/apache/ratis/ratis-netty/0.5.0-63cd2fb-SNAPSHOT/ratis-netty-0.5.0-63cd2fb-SNAPSHOT.jar:/home/user/.m2/repository/org/apache/ratis/ratis-grpc/0.5.0-63cd2fb-SNAPSHOT/ratis-grpc-0.5.0-63cd2fb-SNAPSHOT.jar:/home/user/.m2/repository/org/rocksdb/rocksdbjni/6.0.1/rocksdbjni-6.0.1.jar:/home/user/.m2/repository/org/apache/logging/log4j/log4j-api/2.11.0/log4j-api-2.11.0.jar:/home/user/.m2/repository/org/apache/logging/log4j/log4j-core/2.11.0/log4j-core-2.11.0.jar:/home/user/.m2/repository/com/lmax/disruptor/3.4.2/disruptor-3.4.2.jar:/home/user/.m2/repository/org/apache/commons/commons-pool2/2.6.0/commons-pool2-2.6.0.jar:/home/user/.m2/repository/org/bouncycastle/bcpkix-jdk15on/1.60/bcpkix-jdk15on-1.60.jar:/home/user/.m2/repository/commons-validator/commons-validator/1.6/commons-validator-1.6.jar:/home/user/.m2/repository/commons-digester/commons-digester/1.8.1/commons-digester-1.8.1.jar:/home/user/.m2/repository/io/jaegertracing/jaeger-client/0.34.0/jaeger-client-0.34.0.jar:/home/user/.m2/repository/io/jaegertracing/jaeger-thrift/0.34.0/jaeger-thrift-0.34.0.jar:/home/user/.m2/repository/org/apache/thrift/libthrift/0.12.0/libthrift-0.12.0.jar:/home/user/.m2/repository/com/squareup/okhttp3/okhttp/3.9.0/okhttp-3.9.0.jar:/home/user/.m2/repository/com/squareup/okio/okio/1.13.0/okio-1.13.0.jar:/home/user/.m2/repository/io/jaegertracing/jaeger-core/0.34.0/jaeger-core-0.34.0.jar:/home/user/.m2/repository/io/jaegertracing/jaeger-tracerresolver/0.34.0/jaeger-tracerresolver-0.34.0.jar:/home/user/.m2/repository/io/opentracing/contrib/opentracing-tracerresolver/0.1.5/opentracing-tracerresolver-0.1.5.jar:/home/user/.m2/repository/io/opentracing/opentracing-util/0.31.0/opentracing-util-0.31.0.jar:/home/user/.m2/repository/io/opentracing/opentracing-api/0.31.0/opentracing-api-0.31.0.jar:/home/user/.m2/repository/io/opentracing/opentracing-noop/0.31.0/opentracing-noop-0.31.0.jar:/home/user/.m2/repository/org/apache/hadoop/hadoop-hdds-server-framework/0.5.0-SNAPSHOT/hadoop-hdds-server-framework-0.5.0-SNAPSHOT.jar:/home/user/.m2/repository/org/apache/hadoop/hadoop-hdds-container-service/0.5.0-SNAPSHOT/hadoop-hdds-container-service-0.5.0-SNAPSHOT.jar:/home/user/.m2/repository/org/apache/hadoop/hadoop-hdds-client/0.5.0-SNAPSHOT/hadoop-hdds-client-0.5.0-SNAPSHOT.jar:/home/user/.m2/repository/org/apache/hadoop/hadoop-hdds-tools/0.5.0-SNAPSHOT/hadoop-hdds-tools-0.5.0-SNAPSHOT.jar:/home/user/.m2/repository/org/apache/hadoop/hadoop-hdds-server-scm/0.5.0-SNAPSHOT/hadoop-hdds-server-scm-0.5.0-SNAPSHOT.jar:/home/user/.m2/repository/org/apache/hadoop/hadoop-hdds-docs/0.5.0-SNAPSHOT/hadoop-hdds-docs-0.5.0-SNAPSHOT.jar:/home/user/.m2/repository/io/dropwizard/metrics/metrics-core/3.2.4/metrics-core-3.2.4.jar:/home/user/.m2/repository/org/hamcrest/hamcrest-all/1.3/hamcrest-all-1.3.jar:/home/user/.m2/repository/org/bouncycastle/bcprov-jdk15on/1.60/bcprov-jdk15on-1.60.jar:/home/user/.m2/repository/info/picocli/picocli/3.9.6/picocli-3.9.6.jar:/home/user/.m2/repository/com/google/protobuf/protobuf-java/2.5.0/protobuf-java-2.5.0.jar:/home/user/.m2/repository/com/google/guava/guava/11.0.2/guava-11.0.2.jar:/home/user/.m2/repository/org/apache/hadoop/hadoop-ozone-ozone-manager/0.5.0-SNAPSHOT/hadoop-ozone-ozone-manager-0.5.0-SNAPSHOT.jar:/home/user/.m2/repository/org/apache/hadoop/hadoop-minikdc/3.2.0/hadoop-minikdc-3.2.0.jar:/home/user/.m2/repository/commons-io/commons-io/2.5/commons-io-2.5.jar:/home/user/.m2/repository/org/apache/kerby/kerb-simplekdc/1.0.1/kerb-simplekdc-1.0.1.jar:/home/user/.m2/repository/org/apache/kerby/kerb-client/1.0.1/kerb-client-1.0.1.jar:/home/user/.m2/repository/org/apache/kerby/kerby-config/1.0.1/kerby-config-1.0.1.jar:/home/user/.m2/repository/org/apache/kerby/kerb-core/1.0.1/kerb-core-1.0.1.jar:/home/user/.m2/repository/org/apache/kerby/kerby-pkix/1.0.1/kerby-pkix-1.0.1.jar:/home/user/.m2/repository/org/apache/kerby/kerby-asn1/1.0.1/kerby-asn1-1.0.1.jar:/home/user/.m2/repository/org/apache/kerby/kerby-util/1.0.1/kerby-util-1.0.1.jar:/home/user/.m2/repository/org/apache/kerby/kerb-common/1.0.1/kerb-common-1.0.1.jar:/home/user/.m2/repository/org/apache/kerby/kerb-crypto/1.0.1/kerb-crypto-1.0.1.jar:/home/user/.m2/repository/org/apache/kerby/kerb-util/1.0.1/kerb-util-1.0.1.jar:/home/user/.m2/repository/org/apache/kerby/token-provider/1.0.1/token-provider-1.0.1.jar:/home/user/.m2/repository/org/apache/kerby/kerb-admin/1.0.1/kerb-admin-1.0.1.jar:/home/user/.m2/repository/org/apache/kerby/kerb-server/1.0.1/kerb-server-1.0.1.jar:/home/user/.m2/repository/org/apache/kerby/kerb-identity/1.0.1/kerb-identity-1.0.1.jar:/home/user/.m2/repository/org/apache/kerby/kerby-xdr/1.0.1/kerby-xdr-1.0.1.jar:/home/user/.m2/repository/org/slf4j/slf4j-log4j12/1.7.25/slf4j-log4j12-1.7.25.jar:/home/user/.m2/repository/org/apache/hadoop/hadoop-ozone-s3gateway/0.5.0-SNAPSHOT/hadoop-ozone-s3gateway-0.5.0-SNAPSHOT.jar:/home/user/.m2/repository/org/jboss/weld/servlet/weld-servlet/2.4.7.Final/weld-servlet-2.4.7.Final.jar:/home/user/.m2/repository/org/glassfish/jersey/containers/jersey-container-servlet-core/2.27/jersey-container-servlet-core-2.27.jar:/home/user/.m2/repository/org/glassfish/hk2/external/javax.inject/2.5.0-b42/javax.inject-2.5.0-b42.jar:/home/user/.m2/repository/org/glassfish/jersey/core/jersey-common/2.27/jersey-common-2.27.jar:/home/user/.m2/repository/org/glassfish/hk2/osgi-resource-locator/1.0.1/osgi-resource-locator-1.0.1.jar:/home/user/.m2/repository/javax/ws/rs/javax.ws.rs-api/2.1/javax.ws.rs-api-2.1.jar:/home/user/.m2/repository/org/glassfish/jersey/ext/cdi/jersey-cdi1x/2.27/jersey-cdi1x-2.27.jar:/home/user/.m2/repository/org/glassfish/jersey/inject/jersey-hk2/2.27/jersey-hk2-2.27.jar:/home/user/.m2/repository/org/glassfish/hk2/hk2-locator/2.5.0-b42/hk2-locator-2.5.0-b42.jar:/home/user/.m2/repository/org/javassist/javassist/3.22.0-CR2/javassist-3.22.0-CR2.jar:/home/user/.m2/repository/org/glassfish/hk2/hk2-api/2.5.0/hk2-api-2.5.0.jar:/home/user/.m2/repository/org/glassfish/hk2/external/jakarta.inject/2.5.0/jakarta.inject-2.5.0.jar:/home/user/.m2/repository/org/glassfish/hk2/hk2-utils/2.5.0/hk2-utils-2.5.0.jar:/home/user/.m2/repository/jakarta/annotation/jakarta.annotation-api/1.3.4/jakarta.annotation-api-1.3.4.jar:/home/user/.m2/repository/org/glassfish/hk2/external/aopalliance-repackaged/2.5.0/aopalliance-repackaged-2.5.0.jar:/home/user/.m2/repository/com/fasterxml/jackson/dataformat/jackson-dataformat-xml/2.9.0/jackson-dataformat-xml-2.9.0.jar:/home/user/.m2/repository/com/fasterxml/jackson/core/jackson-core/2.9.9/jackson-core-2.9.9.jar:/home/user/.m2/repository/com/fasterxml/jackson/module/jackson-module-jaxb-annotations/2.9.9/jackson-module-jaxb-annotations-2.9.9.jar:/home/user/.m2/repository/javax/enterprise/cdi-api/1.2/cdi-api-1.2.jar:/home/user/.m2/repository/javax/el/javax.el-api/3.0.0/javax.el-api-3.0.0.jar:/home/user/.m2/repository/javax/interceptor/javax.interceptor-api/1.2/javax.interceptor-api-1.2.jar:/home/user/.m2/repository/javax/inject/javax.inject/1/javax.inject-1.jar:/home/user/.m2/repository/com/sun/xml/bind/jaxb-impl/2.3.0.1/jaxb-impl-2.3.0.1.jar:/home/user/.m2/repository/com/sun/xml/bind/jaxb-core/2.3.0.1/jaxb-core-2.3.0.1.jar:/home/user/.m2/repository/javax/xml/bind/jaxb-api/2.3.0/jaxb-api-2.3.0.jar:/home/user/.m2/repository/javax/activation/activation/1.1.1/activation-1.1.1.jar:/home/user/.m2/repository/org/apache/hadoop/hadoop-ozone-csi/0.5.0-SNAPSHOT/hadoop-ozone-csi-0.5.0-SNAPSHOT.jar:/home/user/.m2/repository/com/google/protobuf/protobuf-java-util/3.5.1/protobuf-java-util-3.5.1.jar:/home/user/.m2/repository/org/apache/hadoop/hadoop-hdds-config/0.5.0-SNAPSHOT/hadoop-hdds-config-0.5.0-SNAPSHOT.jar:/home/user/.m2/repository/io/grpc/grpc-netty/1.17.1/grpc-netty-1.17.1.jar:/home/user/.m2/repository/io/grpc/grpc-core/1.17.1/grpc-core-1.17.1.jar:/home/user/.m2/repository/io/grpc/grpc-context/1.17.1/grpc-context-1.17.1.jar:/home/user/.m2/repository/com/google/errorprone/error_prone_annotations/2.2.0/error_prone_annotations-2.2.0.jar:/home/user/.m2/repository/org/codehaus/mojo/animal-sniffer-annotations/1.17/animal-sniffer-annotations-1.17.jar:/home/user/.m2/repository/io/opencensus/opencensus-api/0.17.0/opencensus-api-0.17.0.jar:/home/user/.m2/repository/io/opencensus/opencensus-contrib-grpc-metrics/0.17.0/opencensus-contrib-grpc-metrics-0.17.0.jar:/home/user/.m2/repository/io/netty/netty-codec-http2/4.1.30.Final/netty-codec-http2-4.1.30.Final.jar:/home/user/.m2/repository/io/netty/netty-codec-http/4.1.30.Final/netty-codec-http-4.1.30.Final.jar:/home/user/.m2/repository/io/netty/netty-codec/4.1.30.Final/netty-codec-4.1.30.Final.jar:/home/user/.m2/repository/io/netty/netty-handler/4.1.30.Final/netty-handler-4.1.30.Final.jar:/home/user/.m2/repository/io/netty/netty-handler-proxy/4.1.30.Final/netty-handler-proxy-4.1.30.Final.jar:/home/user/.m2/repository/io/netty/netty-codec-socks/4.1.30.Final/netty-codec-socks-4.1.30.Final.jar:/home/user/.m2/repository/io/netty/netty-transport-native-epoll/4.1.30.Final/netty-transport-native-epoll-4.1.30.Final.jar:/home/user/.m2/repository/io/netty/netty-common/4.1.30.Final/netty-common-4.1.30.Final.jar:/home/user/.m2/repository/io/netty/netty-buffer/4.1.30.Final/netty-buffer-4.1.30.Final.jar:/home/user/.m2/repository/io/netty/netty-transport/4.1.30.Final/netty-transport-4.1.30.Final.jar:/home/user/.m2/repository/io/netty/netty-resolver/4.1.30.Final/netty-resolver-4.1.30.Final.jar:/home/user/.m2/repository/io/netty/netty-transport-native-unix-common/4.1.30.Final/netty-transport-native-unix-common-4.1.30.Final.jar:/home/user/.m2/repository/io/grpc/grpc-protobuf/1.17.1/grpc-protobuf-1.17.1.jar:/home/user/.m2/repository/com/google/api/grpc/proto-google-common-protos/1.0.0/proto-google-common-protos-1.0.0.jar:/home/user/.m2/repository/io/grpc/grpc-protobuf-lite/1.17.1/grpc-protobuf-lite-1.17.1.jar:/home/user/.m2/repository/io/grpc/grpc-stub/1.17.1/grpc-stub-1.17.1.jar:/home/user/.m2/repository/org/apache/hadoop/hadoop-ozone-recon/0.5.0-SNAPSHOT/hadoop-ozone-recon-0.5.0-SNAPSHOT.jar:/home/user/.m2/repository/org/apache/hadoop/hadoop-ozone-reconcodegen/0.5.0-SNAPSHOT/hadoop-ozone-reconcodegen-0.5.0-SNAPSHOT.jar:/home/user/.m2/repository/com/google/inject/extensions/guice-multibindings/4.0/guice-multibindings-4.0.jar:/home/user/.m2/repository/com/google/inject/guice/4.0/guice-4.0.jar:/home/user/.m2/repository/aopalliance/aopalliance/1.0/aopalliance-1.0.jar:/home/user/.m2/repository/com/google/inject/extensions/guice-servlet/4.0/guice-servlet-4.0.jar:/home/user/.m2/repository/org/glassfish/jersey/containers/jersey-container-servlet/2.27/jersey-container-servlet-2.27.jar:/home/user/.m2/repository/org/glassfish/hk2/guice-bridge/2.5.0/guice-bridge-2.5.0.jar:/home/user/.m2/repository/org/glassfish/jersey/core/jersey-server/2.27/jersey-server-2.27.jar:/home/user/.m2/repository/org/glassfish/jersey/core/jersey-client/2.27/jersey-client-2.27.jar:/home/user/.m2/repository/org/glassfish/jersey/media/jersey-media-jaxb/2.27/jersey-media-jaxb-2.27.jar:/home/user/.m2/repository/javax/validation/validation-api/1.1.0.Final/validation-api-1.1.0.Final.jar:/home/user/.m2/repository/org/glassfish/jersey/media/jersey-media-json-jackson/2.27/jersey-media-json-jackson-2.27.jar:/home/user/.m2/repository/org/glassfish/jersey/ext/jersey-entity-filtering/2.27/jersey-entity-filtering-2.27.jar:/home/user/.m2/repository/com/google/inject/extensions/guice-assistedinject/4.0/guice-assistedinject-4.0.jar:/home/user/.m2/repository/org/jooq/jooq/3.11.10/jooq-3.11.10.jar:/home/user/.m2/repository/org/jooq/jooq-meta/3.11.10/jooq-meta-3.11.10.jar:/home/user/.m2/repository/org/jooq/jooq-codegen/3.11.10/jooq-codegen-3.11.10.jar:/home/user/.m2/repository/com/jolbox/bonecp/0.8.0.RELEASE/bonecp-0.8.0.RELEASE.jar:/home/user/.m2/repository/org/xerial/sqlite-jdbc/3.25.2/sqlite-jdbc-3.25.2.jar:/home/user/.m2/repository/org/springframework/spring-jdbc/5.1.3.RELEASE/spring-jdbc-5.1.3.RELEASE.jar:/home/user/.m2/repository/org/springframework/spring-beans/5.1.3.RELEASE/spring-beans-5.1.3.RELEASE.jar:/home/user/.m2/repository/org/springframework/spring-core/5.1.3.RELEASE/spring-core-5.1.3.RELEASE.jar:/home/user/.m2/repository/org/springframework/spring-jcl/5.1.3.RELEASE/spring-jcl-5.1.3.RELEASE.jar:/home/user/.m2/repository/org/springframework/spring-tx/5.1.3.RELEASE/spring-tx-5.1.3.RELEASE.jar:/home/user/.m2/repository/org/apache/hadoop/hadoop-ozone-client/0.5.0-SNAPSHOT/hadoop-ozone-client-0.5.0-SNAPSHOT.jar:/home/user/.m2/repository/commons-lang/commons-lang/2.6/commons-lang-2.6.jar:/home/user/.m2/repository/org/apache/hadoop/hadoop-ozone-ozone-manager/0.5.0-SNAPSHOT/hadoop-ozone-ozone-manager-0.5.0-SNAPSHOT-tests.jar:/home/user/.m2/repository/junit/junit/4.11/junit-4.11.jar:/home/user/.m2/repository/org/hamcrest/hamcrest-core/1.3/hamcrest-core-1.3.jar:/home/user/.m2/repository/org/openjdk/jmh/jmh-core/1.19/jmh-core-1.19.jar:/home/user/.m2/repository/net/sf/jopt-simple/jopt-simple/4.6/jopt-simple-4.6.jar:/home/user/.m2/repository/org/apache/commons/commons-math3/3.1.1/commons-math3-3.1.1.jar:/home/user/.m2/repository/org/openjdk/jmh/jmh-generator-annprocess/1.19/jmh-generator-annprocess-1.19.jar:/home/user/.m2/repository/org/mockito/mockito-all/1.8.5/mockito-all-1.8.5.jar:/home/user/.m2/repository/org/apache/hadoop/hadoop-kms/3.2.0/hadoop-kms-3.2.0.jar:/home/user/.m2/repository/org/apache/hadoop/hadoop-auth/3.2.0/hadoop-auth-3.2.0.jar:/home/user/.m2/repository/com/nimbusds/nimbus-jose-jwt/4.41.1/nimbus-jose-jwt-4.41.1.jar:/home/user/.m2/repository/com/github/stephenc/jcip/jcip-annotations/1.0-1/jcip-annotations-1.0-1.jar:/home/user/.m2/repository/net/minidev/json-smart/2.3/json-smart-2.3.jar:/home/user/.m2/repository/net/minidev/accessors-smart/1.2/accessors-smart-1.2.jar:/home/user/.m2/repository/org/ow2/asm/asm/5.0.4/asm-5.0.4.jar:/home/user/.m2/repository/org/apache/curator/curator-framework/2.12.0/curator-framework-2.12.0.jar:/home/user/.m2/repository/com/sun/jersey/jersey-core/1.19/jersey-core-1.19.jar:/home/user/.m2/repository/javax/ws/rs/jsr311-api/1.1.1/jsr311-api-1.1.1.jar:/home/user/.m2/repository/com/sun/jersey/jersey-server/1.19/jersey-server-1.19.jar:/home/user/.m2/repository/javax/servlet/javax.servlet-api/3.1.0/javax.servlet-api-3.1.0.jar:/home/user/.m2/repository/org/eclipse/jetty/jetty-server/9.3.25.v20180904/jetty-server-9.3.25.v20180904.jar:/home/user/.m2/repository/org/eclipse/jetty/jetty-http/9.3.25.v20180904/jetty-http-9.3.25.v20180904.jar:/home/user/.m2/repository/org/eclipse/jetty/jetty-io/9.3.25.v20180904/jetty-io-9.3.25.v20180904.jar:/home/user/.m2/repository/org/eclipse/jetty/jetty-webapp/9.3.25.v20180904/jetty-webapp-9.3.25.v20180904.jar:/home/user/.m2/repository/org/eclipse/jetty/jetty-xml/9.3.25.v20180904/jetty-xml-9.3.25.v20180904.jar:/home/user/.m2/repository/log4j/log4j/1.2.17/log4j-1.2.17.jar:/home/user/.m2/repository/org/slf4j/slf4j-api/1.7.25/slf4j-api-1.7.25.jar:/home/user/.m2/repository/org/slf4j/jul-to-slf4j/1.7.25/jul-to-slf4j-1.7.25.jar:/home/user/.m2/repository/org/eclipse/jetty/jetty-util/9.3.25.v20180904/jetty-util-9.3.25.v20180904.jar:/home/user/.m2/repository/com/fasterxml/jackson/core/jackson-databind/2.9.9/jackson-databind-2.9.9.jar:/home/user/.m2/repository/org/apache/hadoop/hadoop-kms/3.2.0/hadoop-kms-3.2.0-tests.jar:/home/user/.m2/repository/org/apache/hadoop/hadoop-hdds-server-scm/0.5.0-SNAPSHOT/hadoop-hdds-server-scm-0.5.0-SNAPSHOT-tests.jar:/home/user/.m2/repository/org/apache/hadoop/hadoop-hdds-container-service/0.5.0-SNAPSHOT/hadoop-hdds-container-service-0.5.0-SNAPSHOT-tests.jar:/home/user/.m2/repository/org/yaml/snakeyaml/1.16/snakeyaml-1.16.jar:/home/user/.m2/repository/org/apache/hadoop/hadoop-common/3.2.0/hadoop-common-3.2.0-tests.jar:/home/user/.m2/repository/org/apache/hadoop/hadoop-annotations/3.2.0/hadoop-annotations-3.2.0.jar:/usr/lib/jvm/java-1.8-openjdk/jre/../lib/tools.jar:/home/user/.m2/repository/commons-cli/commons-cli/1.2/commons-cli-1.2.jar:/home/user/.m2/repository/org/apache/httpcomponents/httpclient/4.5.2/httpclient-4.5.2.jar:/home/user/.m2/repository/org/apache/httpcomponents/httpcore/4.4.4/httpcore-4.4.4.jar:/home/user/.m2/repository/commons-codec/commons-codec/1.11/commons-codec-1.11.jar:/home/user/.m2/repository/commons-net/commons-net/3.6/commons-net-3.6.jar:/home/user/.m2/repository/commons-collections/commons-collections/3.2.2/commons-collections-3.2.2.jar:/home/user/.m2/repository/org/eclipse/jetty/jetty-servlet/9.3.25.v20180904/jetty-servlet-9.3.25.v20180904.jar:/home/user/.m2/repository/org/eclipse/jetty/jetty-security/9.3.25.v20180904/jetty-security-9.3.25.v20180904.jar:/home/user/.m2/repository/javax/servlet/jsp/jsp-api/2.1/jsp-api-2.1.jar:/home/user/.m2/repository/com/sun/jersey/jersey-servlet/1.19/jersey-servlet-1.19.jar:/home/user/.m2/repository/com/sun/jersey/jersey-json/1.19/jersey-json-1.19.jar:/home/user/.m2/repository/org/codehaus/jettison/jettison/1.1/jettison-1.1.jar:/home/user/.m2/repository/org/codehaus/jackson/jackson-core-asl/1.9.13/jackson-core-asl-1.9.13.jar:/home/user/.m2/repository/org/codehaus/jackson/jackson-mapper-asl/1.9.13/jackson-mapper-asl-1.9.13.jar:/home/user/.m2/repository/org/codehaus/jackson/jackson-jaxrs/1.9.13/jackson-jaxrs-1.9.13.jar:/home/user/.m2/repository/org/codehaus/jackson/jackson-xc/1.9.13/jackson-xc-1.9.13.jar:/home/user/.m2/repository/commons-logging/commons-logging/1.1.3/commons-logging-1.1.3.jar:/home/user/.m2/repository/commons-beanutils/commons-beanutils/1.9.4/commons-beanutils-1.9.4.jar:/home/user/.m2/repository/org/apache/commons/commons-configuration2/2.1.1/commons-configuration2-2.1.1.jar:/home/user/.m2/repository/org/apache/commons/commons-lang3/3.7/commons-lang3-3.7.jar:/home/user/.m2/repository/org/apache/commons/commons-text/1.4/commons-text-1.4.jar:/home/user/.m2/repository/org/apache/avro/avro/1.7.7/avro-1.7.7.jar:/home/user/.m2/repository/com/thoughtworks/paranamer/paranamer/2.3/paranamer-2.3.jar:/home/user/.m2/repository/org/xerial/snappy/snappy-java/1.0.5/snappy-java-1.0.5.jar:/home/user/.m2/repository/com/google/re2j/re2j/1.1/re2j-1.1.jar:/home/user/.m2/repository/com/google/code/gson/gson/2.2.4/gson-2.2.4.jar:/home/user/.m2/repository/com/jcraft/jsch/0.1.54/jsch-0.1.54.jar:/home/user/.m2/repository/org/apache/curator/curator-client/2.12.0/curator-client-2.12.0.jar:/home/user/.m2/repository/org/apache/curator/curator-recipes/2.12.0/curator-recipes-2.12.0.jar:/home/user/.m2/repository/com/google/code/findbugs/jsr305/3.0.0/jsr305-3.0.0.jar:/home/user/.m2/repository/org/apache/htrace/htrace-core4/4.1.0-incubating/htrace-core4-4.1.0-incubating.jar:/home/user/.m2/repository/org/apache/zookeeper/zookeeper/3.4.13/zookeeper-3.4.13.jar:/home/user/.m2/repository/jline/jline/0.9.94/jline-0.9.94.jar:/home/user/.m2/repository/org/apache/yetus/audience-annotations/0.5.0/audience-annotations-0.5.0.jar:/home/user/.m2/repository/org/codehaus/woodstox/stax2-api/3.1.4/stax2-api-3.1.4.jar:/home/user/.m2/repository/com/fasterxml/woodstox/woodstox-core/5.0.3/woodstox-core-5.0.3.jar:/home/user/.m2/repository/dnsjava/dnsjava/2.1.7/dnsjava-2.1.7.jar:/home/user/.m2/repository/org/apache/hadoop/hadoop-hdfs/3.2.0/hadoop-hdfs-3.2.0-tests.jar:/home/user/.m2/repository/org/eclipse/jetty/jetty-util-ajax/9.3.25.v20180904/jetty-util-ajax-9.3.25.v20180904.jar:/home/user/.m2/repository/commons-daemon/commons-daemon/1.0.13/commons-daemon-1.0.13.jar:/home/user/.m2/repository/io/netty/netty/3.10.5.Final/netty-3.10.5.Final.jar:/home/user/.m2/repository/io/netty/netty-all/4.0.52.Final/netty-all-4.0.52.Final.jar:/home/user/.m2/repository/org/fusesource/leveldbjni/leveldbjni-all/1.8/leveldbjni-all-1.8.jar:"/>
    <property name="java.vm.vendor" value="IcedTea"/>
    <property name="sun.arch.data.model" value="64"/>
    <property name="test.build.dir" value="/workdir/hadoop-ozone/integration-test/target/test-dir"/>
    <property name="test.cache.data" value=""/>
    <property name="java.vendor.url" value="https://icedtea.classpath.org"/>
    <property name="user.timezone" value=""/>
    <property name="java.vm.specification.version" value="1.8"/>
    <property name="os.name" value="Linux"/>
    <property name="test.build.data" value="/workdir/hadoop-ozone/integration-test/target/test-dir"/>
    <property name="user.country" value="US"/>
    <property name="sun.java.launcher" value="SUN_STANDARD"/>
    <property name="sun.boot.library.path" value="/usr/lib/jvm/java-1.8-openjdk/jre/lib/amd64"/>
    <property name="sun.java.command" value="/workdir/hadoop-ozone/integration-test/target/surefire/surefirebooter4741429204927725700.jar /workdir/hadoop-ozone/integration-test/target/surefire 2019-10-14T23-49-34_655-jvmRun1 surefire8218848297162653631tmp surefire_478566872488116915615tmp"/>
    <property name="test" value="!TestMiniChaosOzoneCluster"/>
    <property name="surefire.test.class.path" value="/workdir/hadoop-ozone/integration-test/target/test-classes:/workdir/hadoop-ozone/integration-test/target/classes:/home/user/.m2/repository/org/apache/hadoop/hadoop-ozone-common/0.5.0-SNAPSHOT/hadoop-ozone-common-0.5.0-SNAPSHOT.jar:/home/user/.m2/repository/org/apache/commons/commons-compress/1.4.1/commons-compress-1.4.1.jar:/home/user/.m2/repository/org/tukaani/xz/1.0/xz-1.0.jar:/home/user/.m2/repository/org/apache/hadoop/hadoop-common/3.2.0/hadoop-common-3.2.0.jar:/home/user/.m2/repository/org/apache/hadoop/hadoop-hdfs/3.2.0/hadoop-hdfs-3.2.0.jar:/home/user/.m2/repository/org/apache/hadoop/hadoop-hdfs-client/3.2.0/hadoop-hdfs-client-3.2.0.jar:/home/user/.m2/repository/com/fasterxml/jackson/core/jackson-annotations/2.9.9/jackson-annotations-2.9.9.jar:/home/user/.m2/repository/org/apache/hadoop/hadoop-hdds-common/0.5.0-SNAPSHOT/hadoop-hdds-common-0.5.0-SNAPSHOT.jar:/home/user/.m2/repository/javax/annotation/javax.annotation-api/1.2/javax.annotation-api-1.2.jar:/home/user/.m2/repository/org/apache/ratis/ratis-server/0.5.0-63cd2fb-SNAPSHOT/ratis-server-0.5.0-63cd2fb-SNAPSHOT.jar:/home/user/.m2/repository/org/apache/ratis/ratis-thirdparty-misc/0.2.0/ratis-thirdparty-misc-0.2.0.jar:/home/user/.m2/repository/org/apache/ratis/ratis-proto/0.5.0-63cd2fb-SNAPSHOT/ratis-proto-0.5.0-63cd2fb-SNAPSHOT.jar:/home/user/.m2/repository/org/apache/ratis/ratis-common/0.5.0-63cd2fb-SNAPSHOT/ratis-common-0.5.0-63cd2fb-SNAPSHOT.jar:/home/user/.m2/repository/org/apache/ratis/ratis-client/0.5.0-63cd2fb-SNAPSHOT/ratis-client-0.5.0-63cd2fb-SNAPSHOT.jar:/home/user/.m2/repository/org/apache/ratis/ratis-metrics/0.5.0-63cd2fb-SNAPSHOT/ratis-metrics-0.5.0-63cd2fb-SNAPSHOT.jar:/home/user/.m2/repository/com/github/joshelser/dropwizard-metrics-hadoop-metrics2-reporter/0.1.2/dropwizard-metrics-hadoop-metrics2-reporter-0.1.2.jar:/home/user/.m2/repository/io/dropwizard/metrics/metrics-jvm/3.2.5/metrics-jvm-3.2.5.jar:/home/user/.m2/repository/io/dropwizard/metrics/metrics-ganglia/3.2.5/metrics-ganglia-3.2.5.jar:/home/user/.m2/repository/info/ganglia/gmetric4j/gmetric4j/1.0.7/gmetric4j-1.0.7.jar:/home/user/.m2/repository/org/apache/ratis/ratis-netty/0.5.0-63cd2fb-SNAPSHOT/ratis-netty-0.5.0-63cd2fb-SNAPSHOT.jar:/home/user/.m2/repository/org/apache/ratis/ratis-grpc/0.5.0-63cd2fb-SNAPSHOT/ratis-grpc-0.5.0-63cd2fb-SNAPSHOT.jar:/home/user/.m2/repository/org/rocksdb/rocksdbjni/6.0.1/rocksdbjni-6.0.1.jar:/home/user/.m2/repository/org/apache/logging/log4j/log4j-api/2.11.0/log4j-api-2.11.0.jar:/home/user/.m2/repository/org/apache/logging/log4j/log4j-core/2.11.0/log4j-core-2.11.0.jar:/home/user/.m2/repository/com/lmax/disruptor/3.4.2/disruptor-3.4.2.jar:/home/user/.m2/repository/org/apache/commons/commons-pool2/2.6.0/commons-pool2-2.6.0.jar:/home/user/.m2/repository/org/bouncycastle/bcpkix-jdk15on/1.60/bcpkix-jdk15on-1.60.jar:/home/user/.m2/repository/commons-validator/commons-validator/1.6/commons-validator-1.6.jar:/home/user/.m2/repository/commons-digester/commons-digester/1.8.1/commons-digester-1.8.1.jar:/home/user/.m2/repository/io/jaegertracing/jaeger-client/0.34.0/jaeger-client-0.34.0.jar:/home/user/.m2/repository/io/jaegertracing/jaeger-thrift/0.34.0/jaeger-thrift-0.34.0.jar:/home/user/.m2/repository/org/apache/thrift/libthrift/0.12.0/libthrift-0.12.0.jar:/home/user/.m2/repository/com/squareup/okhttp3/okhttp/3.9.0/okhttp-3.9.0.jar:/home/user/.m2/repository/com/squareup/okio/okio/1.13.0/okio-1.13.0.jar:/home/user/.m2/repository/io/jaegertracing/jaeger-core/0.34.0/jaeger-core-0.34.0.jar:/home/user/.m2/repository/io/jaegertracing/jaeger-tracerresolver/0.34.0/jaeger-tracerresolver-0.34.0.jar:/home/user/.m2/repository/io/opentracing/contrib/opentracing-tracerresolver/0.1.5/opentracing-tracerresolver-0.1.5.jar:/home/user/.m2/repository/io/opentracing/opentracing-util/0.31.0/opentracing-util-0.31.0.jar:/home/user/.m2/repository/io/opentracing/opentracing-api/0.31.0/opentracing-api-0.31.0.jar:/home/user/.m2/repository/io/opentracing/opentracing-noop/0.31.0/opentracing-noop-0.31.0.jar:/home/user/.m2/repository/org/apache/hadoop/hadoop-hdds-server-framework/0.5.0-SNAPSHOT/hadoop-hdds-server-framework-0.5.0-SNAPSHOT.jar:/home/user/.m2/repository/org/apache/hadoop/hadoop-hdds-container-service/0.5.0-SNAPSHOT/hadoop-hdds-container-service-0.5.0-SNAPSHOT.jar:/home/user/.m2/repository/org/apache/hadoop/hadoop-hdds-client/0.5.0-SNAPSHOT/hadoop-hdds-client-0.5.0-SNAPSHOT.jar:/home/user/.m2/repository/org/apache/hadoop/hadoop-hdds-tools/0.5.0-SNAPSHOT/hadoop-hdds-tools-0.5.0-SNAPSHOT.jar:/home/user/.m2/repository/org/apache/hadoop/hadoop-hdds-server-scm/0.5.0-SNAPSHOT/hadoop-hdds-server-scm-0.5.0-SNAPSHOT.jar:/home/user/.m2/repository/org/apache/hadoop/hadoop-hdds-docs/0.5.0-SNAPSHOT/hadoop-hdds-docs-0.5.0-SNAPSHOT.jar:/home/user/.m2/repository/io/dropwizard/metrics/metrics-core/3.2.4/metrics-core-3.2.4.jar:/home/user/.m2/repository/org/hamcrest/hamcrest-all/1.3/hamcrest-all-1.3.jar:/home/user/.m2/repository/org/bouncycastle/bcprov-jdk15on/1.60/bcprov-jdk15on-1.60.jar:/home/user/.m2/repository/info/picocli/picocli/3.9.6/picocli-3.9.6.jar:/home/user/.m2/repository/com/google/protobuf/protobuf-java/2.5.0/protobuf-java-2.5.0.jar:/home/user/.m2/repository/com/google/guava/guava/11.0.2/guava-11.0.2.jar:/home/user/.m2/repository/org/apache/hadoop/hadoop-ozone-ozone-manager/0.5.0-SNAPSHOT/hadoop-ozone-ozone-manager-0.5.0-SNAPSHOT.jar:/home/user/.m2/repository/org/apache/hadoop/hadoop-minikdc/3.2.0/hadoop-minikdc-3.2.0.jar:/home/user/.m2/repository/commons-io/commons-io/2.5/commons-io-2.5.jar:/home/user/.m2/repository/org/apache/kerby/kerb-simplekdc/1.0.1/kerb-simplekdc-1.0.1.jar:/home/user/.m2/repository/org/apache/kerby/kerb-client/1.0.1/kerb-client-1.0.1.jar:/home/user/.m2/repository/org/apache/kerby/kerby-config/1.0.1/kerby-config-1.0.1.jar:/home/user/.m2/repository/org/apache/kerby/kerb-core/1.0.1/kerb-core-1.0.1.jar:/home/user/.m2/repository/org/apache/kerby/kerby-pkix/1.0.1/kerby-pkix-1.0.1.jar:/home/user/.m2/repository/org/apache/kerby/kerby-asn1/1.0.1/kerby-asn1-1.0.1.jar:/home/user/.m2/repository/org/apache/kerby/kerby-util/1.0.1/kerby-util-1.0.1.jar:/home/user/.m2/repository/org/apache/kerby/kerb-common/1.0.1/kerb-common-1.0.1.jar:/home/user/.m2/repository/org/apache/kerby/kerb-crypto/1.0.1/kerb-crypto-1.0.1.jar:/home/user/.m2/repository/org/apache/kerby/kerb-util/1.0.1/kerb-util-1.0.1.jar:/home/user/.m2/repository/org/apache/kerby/token-provider/1.0.1/token-provider-1.0.1.jar:/home/user/.m2/repository/org/apache/kerby/kerb-admin/1.0.1/kerb-admin-1.0.1.jar:/home/user/.m2/repository/org/apache/kerby/kerb-server/1.0.1/kerb-server-1.0.1.jar:/home/user/.m2/repository/org/apache/kerby/kerb-identity/1.0.1/kerb-identity-1.0.1.jar:/home/user/.m2/repository/org/apache/kerby/kerby-xdr/1.0.1/kerby-xdr-1.0.1.jar:/home/user/.m2/repository/org/slf4j/slf4j-log4j12/1.7.25/slf4j-log4j12-1.7.25.jar:/home/user/.m2/repository/org/apache/hadoop/hadoop-ozone-s3gateway/0.5.0-SNAPSHOT/hadoop-ozone-s3gateway-0.5.0-SNAPSHOT.jar:/home/user/.m2/repository/org/jboss/weld/servlet/weld-servlet/2.4.7.Final/weld-servlet-2.4.7.Final.jar:/home/user/.m2/repository/org/glassfish/jersey/containers/jersey-container-servlet-core/2.27/jersey-container-servlet-core-2.27.jar:/home/user/.m2/repository/org/glassfish/hk2/external/javax.inject/2.5.0-b42/javax.inject-2.5.0-b42.jar:/home/user/.m2/repository/org/glassfish/jersey/core/jersey-common/2.27/jersey-common-2.27.jar:/home/user/.m2/repository/org/glassfish/hk2/osgi-resource-locator/1.0.1/osgi-resource-locator-1.0.1.jar:/home/user/.m2/repository/javax/ws/rs/javax.ws.rs-api/2.1/javax.ws.rs-api-2.1.jar:/home/user/.m2/repository/org/glassfish/jersey/ext/cdi/jersey-cdi1x/2.27/jersey-cdi1x-2.27.jar:/home/user/.m2/repository/org/glassfish/jersey/inject/jersey-hk2/2.27/jersey-hk2-2.27.jar:/home/user/.m2/repository/org/glassfish/hk2/hk2-locator/2.5.0-b42/hk2-locator-2.5.0-b42.jar:/home/user/.m2/repository/org/javassist/javassist/3.22.0-CR2/javassist-3.22.0-CR2.jar:/home/user/.m2/repository/org/glassfish/hk2/hk2-api/2.5.0/hk2-api-2.5.0.jar:/home/user/.m2/repository/org/glassfish/hk2/external/jakarta.inject/2.5.0/jakarta.inject-2.5.0.jar:/home/user/.m2/repository/org/glassfish/hk2/hk2-utils/2.5.0/hk2-utils-2.5.0.jar:/home/user/.m2/repository/jakarta/annotation/jakarta.annotation-api/1.3.4/jakarta.annotation-api-1.3.4.jar:/home/user/.m2/repository/org/glassfish/hk2/external/aopalliance-repackaged/2.5.0/aopalliance-repackaged-2.5.0.jar:/home/user/.m2/repository/com/fasterxml/jackson/dataformat/jackson-dataformat-xml/2.9.0/jackson-dataformat-xml-2.9.0.jar:/home/user/.m2/repository/com/fasterxml/jackson/core/jackson-core/2.9.9/jackson-core-2.9.9.jar:/home/user/.m2/repository/com/fasterxml/jackson/module/jackson-module-jaxb-annotations/2.9.9/jackson-module-jaxb-annotations-2.9.9.jar:/home/user/.m2/repository/javax/enterprise/cdi-api/1.2/cdi-api-1.2.jar:/home/user/.m2/repository/javax/el/javax.el-api/3.0.0/javax.el-api-3.0.0.jar:/home/user/.m2/repository/javax/interceptor/javax.interceptor-api/1.2/javax.interceptor-api-1.2.jar:/home/user/.m2/repository/javax/inject/javax.inject/1/javax.inject-1.jar:/home/user/.m2/repository/com/sun/xml/bind/jaxb-impl/2.3.0.1/jaxb-impl-2.3.0.1.jar:/home/user/.m2/repository/com/sun/xml/bind/jaxb-core/2.3.0.1/jaxb-core-2.3.0.1.jar:/home/user/.m2/repository/javax/xml/bind/jaxb-api/2.3.0/jaxb-api-2.3.0.jar:/home/user/.m2/repository/javax/activation/activation/1.1.1/activation-1.1.1.jar:/home/user/.m2/repository/org/apache/hadoop/hadoop-ozone-csi/0.5.0-SNAPSHOT/hadoop-ozone-csi-0.5.0-SNAPSHOT.jar:/home/user/.m2/repository/com/google/protobuf/protobuf-java-util/3.5.1/protobuf-java-util-3.5.1.jar:/home/user/.m2/repository/org/apache/hadoop/hadoop-hdds-config/0.5.0-SNAPSHOT/hadoop-hdds-config-0.5.0-SNAPSHOT.jar:/home/user/.m2/repository/io/grpc/grpc-netty/1.17.1/grpc-netty-1.17.1.jar:/home/user/.m2/repository/io/grpc/grpc-core/1.17.1/grpc-core-1.17.1.jar:/home/user/.m2/repository/io/grpc/grpc-context/1.17.1/grpc-context-1.17.1.jar:/home/user/.m2/repository/com/google/errorprone/error_prone_annotations/2.2.0/error_prone_annotations-2.2.0.jar:/home/user/.m2/repository/org/codehaus/mojo/animal-sniffer-annotations/1.17/animal-sniffer-annotations-1.17.jar:/home/user/.m2/repository/io/opencensus/opencensus-api/0.17.0/opencensus-api-0.17.0.jar:/home/user/.m2/repository/io/opencensus/opencensus-contrib-grpc-metrics/0.17.0/opencensus-contrib-grpc-metrics-0.17.0.jar:/home/user/.m2/repository/io/netty/netty-codec-http2/4.1.30.Final/netty-codec-http2-4.1.30.Final.jar:/home/user/.m2/repository/io/netty/netty-codec-http/4.1.30.Final/netty-codec-http-4.1.30.Final.jar:/home/user/.m2/repository/io/netty/netty-codec/4.1.30.Final/netty-codec-4.1.30.Final.jar:/home/user/.m2/repository/io/netty/netty-handler/4.1.30.Final/netty-handler-4.1.30.Final.jar:/home/user/.m2/repository/io/netty/netty-handler-proxy/4.1.30.Final/netty-handler-proxy-4.1.30.Final.jar:/home/user/.m2/repository/io/netty/netty-codec-socks/4.1.30.Final/netty-codec-socks-4.1.30.Final.jar:/home/user/.m2/repository/io/netty/netty-transport-native-epoll/4.1.30.Final/netty-transport-native-epoll-4.1.30.Final.jar:/home/user/.m2/repository/io/netty/netty-common/4.1.30.Final/netty-common-4.1.30.Final.jar:/home/user/.m2/repository/io/netty/netty-buffer/4.1.30.Final/netty-buffer-4.1.30.Final.jar:/home/user/.m2/repository/io/netty/netty-transport/4.1.30.Final/netty-transport-4.1.30.Final.jar:/home/user/.m2/repository/io/netty/netty-resolver/4.1.30.Final/netty-resolver-4.1.30.Final.jar:/home/user/.m2/repository/io/netty/netty-transport-native-unix-common/4.1.30.Final/netty-transport-native-unix-common-4.1.30.Final.jar:/home/user/.m2/repository/io/grpc/grpc-protobuf/1.17.1/grpc-protobuf-1.17.1.jar:/home/user/.m2/repository/com/google/api/grpc/proto-google-common-protos/1.0.0/proto-google-common-protos-1.0.0.jar:/home/user/.m2/repository/io/grpc/grpc-protobuf-lite/1.17.1/grpc-protobuf-lite-1.17.1.jar:/home/user/.m2/repository/io/grpc/grpc-stub/1.17.1/grpc-stub-1.17.1.jar:/home/user/.m2/repository/org/apache/hadoop/hadoop-ozone-recon/0.5.0-SNAPSHOT/hadoop-ozone-recon-0.5.0-SNAPSHOT.jar:/home/user/.m2/repository/org/apache/hadoop/hadoop-ozone-reconcodegen/0.5.0-SNAPSHOT/hadoop-ozone-reconcodegen-0.5.0-SNAPSHOT.jar:/home/user/.m2/repository/com/google/inject/extensions/guice-multibindings/4.0/guice-multibindings-4.0.jar:/home/user/.m2/repository/com/google/inject/guice/4.0/guice-4.0.jar:/home/user/.m2/repository/aopalliance/aopalliance/1.0/aopalliance-1.0.jar:/home/user/.m2/repository/com/google/inject/extensions/guice-servlet/4.0/guice-servlet-4.0.jar:/home/user/.m2/repository/org/glassfish/jersey/containers/jersey-container-servlet/2.27/jersey-container-servlet-2.27.jar:/home/user/.m2/repository/org/glassfish/hk2/guice-bridge/2.5.0/guice-bridge-2.5.0.jar:/home/user/.m2/repository/org/glassfish/jersey/core/jersey-server/2.27/jersey-server-2.27.jar:/home/user/.m2/repository/org/glassfish/jersey/core/jersey-client/2.27/jersey-client-2.27.jar:/home/user/.m2/repository/org/glassfish/jersey/media/jersey-media-jaxb/2.27/jersey-media-jaxb-2.27.jar:/home/user/.m2/repository/javax/validation/validation-api/1.1.0.Final/validation-api-1.1.0.Final.jar:/home/user/.m2/repository/org/glassfish/jersey/media/jersey-media-json-jackson/2.27/jersey-media-json-jackson-2.27.jar:/home/user/.m2/repository/org/glassfish/jersey/ext/jersey-entity-filtering/2.27/jersey-entity-filtering-2.27.jar:/home/user/.m2/repository/com/google/inject/extensions/guice-assistedinject/4.0/guice-assistedinject-4.0.jar:/home/user/.m2/repository/org/jooq/jooq/3.11.10/jooq-3.11.10.jar:/home/user/.m2/repository/org/jooq/jooq-meta/3.11.10/jooq-meta-3.11.10.jar:/home/user/.m2/repository/org/jooq/jooq-codegen/3.11.10/jooq-codegen-3.11.10.jar:/home/user/.m2/repository/com/jolbox/bonecp/0.8.0.RELEASE/bonecp-0.8.0.RELEASE.jar:/home/user/.m2/repository/org/xerial/sqlite-jdbc/3.25.2/sqlite-jdbc-3.25.2.jar:/home/user/.m2/repository/org/springframework/spring-jdbc/5.1.3.RELEASE/spring-jdbc-5.1.3.RELEASE.jar:/home/user/.m2/repository/org/springframework/spring-beans/5.1.3.RELEASE/spring-beans-5.1.3.RELEASE.jar:/home/user/.m2/repository/org/springframework/spring-core/5.1.3.RELEASE/spring-core-5.1.3.RELEASE.jar:/home/user/.m2/repository/org/springframework/spring-jcl/5.1.3.RELEASE/spring-jcl-5.1.3.RELEASE.jar:/home/user/.m2/repository/org/springframework/spring-tx/5.1.3.RELEASE/spring-tx-5.1.3.RELEASE.jar:/home/user/.m2/repository/org/apache/hadoop/hadoop-ozone-client/0.5.0-SNAPSHOT/hadoop-ozone-client-0.5.0-SNAPSHOT.jar:/home/user/.m2/repository/commons-lang/commons-lang/2.6/commons-lang-2.6.jar:/home/user/.m2/repository/org/apache/hadoop/hadoop-ozone-ozone-manager/0.5.0-SNAPSHOT/hadoop-ozone-ozone-manager-0.5.0-SNAPSHOT-tests.jar:/home/user/.m2/repository/junit/junit/4.11/junit-4.11.jar:/home/user/.m2/repository/org/hamcrest/hamcrest-core/1.3/hamcrest-core-1.3.jar:/home/user/.m2/repository/org/openjdk/jmh/jmh-core/1.19/jmh-core-1.19.jar:/home/user/.m2/repository/net/sf/jopt-simple/jopt-simple/4.6/jopt-simple-4.6.jar:/home/user/.m2/repository/org/apache/commons/commons-math3/3.1.1/commons-math3-3.1.1.jar:/home/user/.m2/repository/org/openjdk/jmh/jmh-generator-annprocess/1.19/jmh-generator-annprocess-1.19.jar:/home/user/.m2/repository/org/mockito/mockito-all/1.8.5/mockito-all-1.8.5.jar:/home/user/.m2/repository/org/apache/hadoop/hadoop-kms/3.2.0/hadoop-kms-3.2.0.jar:/home/user/.m2/repository/org/apache/hadoop/hadoop-auth/3.2.0/hadoop-auth-3.2.0.jar:/home/user/.m2/repository/com/nimbusds/nimbus-jose-jwt/4.41.1/nimbus-jose-jwt-4.41.1.jar:/home/user/.m2/repository/com/github/stephenc/jcip/jcip-annotations/1.0-1/jcip-annotations-1.0-1.jar:/home/user/.m2/repository/net/minidev/json-smart/2.3/json-smart-2.3.jar:/home/user/.m2/repository/net/minidev/accessors-smart/1.2/accessors-smart-1.2.jar:/home/user/.m2/repository/org/ow2/asm/asm/5.0.4/asm-5.0.4.jar:/home/user/.m2/repository/org/apache/curator/curator-framework/2.12.0/curator-framework-2.12.0.jar:/home/user/.m2/repository/com/sun/jersey/jersey-core/1.19/jersey-core-1.19.jar:/home/user/.m2/repository/javax/ws/rs/jsr311-api/1.1.1/jsr311-api-1.1.1.jar:/home/user/.m2/repository/com/sun/jersey/jersey-server/1.19/jersey-server-1.19.jar:/home/user/.m2/repository/javax/servlet/javax.servlet-api/3.1.0/javax.servlet-api-3.1.0.jar:/home/user/.m2/repository/org/eclipse/jetty/jetty-server/9.3.25.v20180904/jetty-server-9.3.25.v20180904.jar:/home/user/.m2/repository/org/eclipse/jetty/jetty-http/9.3.25.v20180904/jetty-http-9.3.25.v20180904.jar:/home/user/.m2/repository/org/eclipse/jetty/jetty-io/9.3.25.v20180904/jetty-io-9.3.25.v20180904.jar:/home/user/.m2/repository/org/eclipse/jetty/jetty-webapp/9.3.25.v20180904/jetty-webapp-9.3.25.v20180904.jar:/home/user/.m2/repository/org/eclipse/jetty/jetty-xml/9.3.25.v20180904/jetty-xml-9.3.25.v20180904.jar:/home/user/.m2/repository/log4j/log4j/1.2.17/log4j-1.2.17.jar:/home/user/.m2/repository/org/slf4j/slf4j-api/1.7.25/slf4j-api-1.7.25.jar:/home/user/.m2/repository/org/slf4j/jul-to-slf4j/1.7.25/jul-to-slf4j-1.7.25.jar:/home/user/.m2/repository/org/eclipse/jetty/jetty-util/9.3.25.v20180904/jetty-util-9.3.25.v20180904.jar:/home/user/.m2/repository/com/fasterxml/jackson/core/jackson-databind/2.9.9/jackson-databind-2.9.9.jar:/home/user/.m2/repository/org/apache/hadoop/hadoop-kms/3.2.0/hadoop-kms-3.2.0-tests.jar:/home/user/.m2/repository/org/apache/hadoop/hadoop-hdds-server-scm/0.5.0-SNAPSHOT/hadoop-hdds-server-scm-0.5.0-SNAPSHOT-tests.jar:/home/user/.m2/repository/org/apache/hadoop/hadoop-hdds-container-service/0.5.0-SNAPSHOT/hadoop-hdds-container-service-0.5.0-SNAPSHOT-tests.jar:/home/user/.m2/repository/org/yaml/snakeyaml/1.16/snakeyaml-1.16.jar:/home/user/.m2/repository/org/apache/hadoop/hadoop-common/3.2.0/hadoop-common-3.2.0-tests.jar:/home/user/.m2/repository/org/apache/hadoop/hadoop-annotations/3.2.0/hadoop-annotations-3.2.0.jar:/usr/lib/jvm/java-1.8-openjdk/jre/../lib/tools.jar:/home/user/.m2/repository/commons-cli/commons-cli/1.2/commons-cli-1.2.jar:/home/user/.m2/repository/org/apache/httpcomponents/httpclient/4.5.2/httpclient-4.5.2.jar:/home/user/.m2/repository/org/apache/httpcomponents/httpcore/4.4.4/httpcore-4.4.4.jar:/home/user/.m2/repository/commons-codec/commons-codec/1.11/commons-codec-1.11.jar:/home/user/.m2/repository/commons-net/commons-net/3.6/commons-net-3.6.jar:/home/user/.m2/repository/commons-collections/commons-collections/3.2.2/commons-collections-3.2.2.jar:/home/user/.m2/repository/org/eclipse/jetty/jetty-servlet/9.3.25.v20180904/jetty-servlet-9.3.25.v20180904.jar:/home/user/.m2/repository/org/eclipse/jetty/jetty-security/9.3.25.v20180904/jetty-security-9.3.25.v20180904.jar:/home/user/.m2/repository/javax/servlet/jsp/jsp-api/2.1/jsp-api-2.1.jar:/home/user/.m2/repository/com/sun/jersey/jersey-servlet/1.19/jersey-servlet-1.19.jar:/home/user/.m2/repository/com/sun/jersey/jersey-json/1.19/jersey-json-1.19.jar:/home/user/.m2/repository/org/codehaus/jettison/jettison/1.1/jettison-1.1.jar:/home/user/.m2/repository/org/codehaus/jackson/jackson-core-asl/1.9.13/jackson-core-asl-1.9.13.jar:/home/user/.m2/repository/org/codehaus/jackson/jackson-mapper-asl/1.9.13/jackson-mapper-asl-1.9.13.jar:/home/user/.m2/repository/org/codehaus/jackson/jackson-jaxrs/1.9.13/jackson-jaxrs-1.9.13.jar:/home/user/.m2/repository/org/codehaus/jackson/jackson-xc/1.9.13/jackson-xc-1.9.13.jar:/home/user/.m2/repository/commons-logging/commons-logging/1.1.3/commons-logging-1.1.3.jar:/home/user/.m2/repository/commons-beanutils/commons-beanutils/1.9.4/commons-beanutils-1.9.4.jar:/home/user/.m2/repository/org/apache/commons/commons-configuration2/2.1.1/commons-configuration2-2.1.1.jar:/home/user/.m2/repository/org/apache/commons/commons-lang3/3.7/commons-lang3-3.7.jar:/home/user/.m2/repository/org/apache/commons/commons-text/1.4/commons-text-1.4.jar:/home/user/.m2/repository/org/apache/avro/avro/1.7.7/avro-1.7.7.jar:/home/user/.m2/repository/com/thoughtworks/paranamer/paranamer/2.3/paranamer-2.3.jar:/home/user/.m2/repository/org/xerial/snappy/snappy-java/1.0.5/snappy-java-1.0.5.jar:/home/user/.m2/repository/com/google/re2j/re2j/1.1/re2j-1.1.jar:/home/user/.m2/repository/com/google/code/gson/gson/2.2.4/gson-2.2.4.jar:/home/user/.m2/repository/com/jcraft/jsch/0.1.54/jsch-0.1.54.jar:/home/user/.m2/repository/org/apache/curator/curator-client/2.12.0/curator-client-2.12.0.jar:/home/user/.m2/repository/org/apache/curator/curator-recipes/2.12.0/curator-recipes-2.12.0.jar:/home/user/.m2/repository/com/google/code/findbugs/jsr305/3.0.0/jsr305-3.0.0.jar:/home/user/.m2/repository/org/apache/htrace/htrace-core4/4.1.0-incubating/htrace-core4-4.1.0-incubating.jar:/home/user/.m2/repository/org/apache/zookeeper/zookeeper/3.4.13/zookeeper-3.4.13.jar:/home/user/.m2/repository/jline/jline/0.9.94/jline-0.9.94.jar:/home/user/.m2/repository/org/apache/yetus/audience-annotations/0.5.0/audience-annotations-0.5.0.jar:/home/user/.m2/repository/org/codehaus/woodstox/stax2-api/3.1.4/stax2-api-3.1.4.jar:/home/user/.m2/repository/com/fasterxml/woodstox/woodstox-core/5.0.3/woodstox-core-5.0.3.jar:/home/user/.m2/repository/dnsjava/dnsjava/2.1.7/dnsjava-2.1.7.jar:/home/user/.m2/repository/org/apache/hadoop/hadoop-hdfs/3.2.0/hadoop-hdfs-3.2.0-tests.jar:/home/user/.m2/repository/org/eclipse/jetty/jetty-util-ajax/9.3.25.v20180904/jetty-util-ajax-9.3.25.v20180904.jar:/home/user/.m2/repository/commons-daemon/commons-daemon/1.0.13/commons-daemon-1.0.13.jar:/home/user/.m2/repository/io/netty/netty/3.10.5.Final/netty-3.10.5.Final.jar:/home/user/.m2/repository/io/netty/netty-all/4.0.52.Final/netty-all-4.0.52.Final.jar:/home/user/.m2/repository/org/fusesource/leveldbjni/leveldbjni-all/1.8/leveldbjni-all-1.8.jar:"/>
    <property name="sun.cpu.endian" value="little"/>
    <property name="user.home" value="/home/user"/>
    <property name="user.language" value="en"/>
    <property name="java.specification.vendor" value="Oracle Corporation"/>
    <property name="java.home" value="/usr/lib/jvm/java-1.8-openjdk/jre"/>
    <property name="surefire.excludesFile" value="/tools/ozone-bad-unit-tests"/>
    <property name="java.security.krb5.conf" value="/workdir/hadoop-ozone/integration-test/target/test-classes/krb5.conf"/>
    <property name="basedir" value="/workdir/hadoop-ozone/integration-test"/>
    <property name="file.separator" value="/"/>
    <property name="line.separator" value="&#10;"/>
    <property name="java.vm.specification.vendor" value="Oracle Corporation"/>
    <property name="java.specification.name" value="Java Platform API Specification"/>
    <property name="java.awt.graphicsenv" value="sun.awt.X11GraphicsEnvironment"/>
    <property name="surefire.real.class.path" value="/workdir/hadoop-ozone/integration-test/target/surefire/surefirebooter4741429204927725700.jar"/>
    <property name="hadoop.log.dir" value="/workdir/hadoop-ozone/integration-test/target/log"/>
    <property name="sun.boot.class.path" value="/usr/lib/jvm/java-1.8-openjdk/jre/lib/resources.jar:/usr/lib/jvm/java-1.8-openjdk/jre/lib/rt.jar:/usr/lib/jvm/java-1.8-openjdk/jre/lib/sunrsasign.jar:/usr/lib/jvm/java-1.8-openjdk/jre/lib/jsse.jar:/usr/lib/jvm/java-1.8-openjdk/jre/lib/jce.jar:/usr/lib/jvm/java-1.8-openjdk/jre/lib/charsets.jar:/usr/lib/jvm/java-1.8-openjdk/jre/lib/jfr.jar:/usr/lib/jvm/java-1.8-openjdk/jre/classes"/>
    <property name="sun.management.compiler" value="HotSpot 64-Bit Tiered Compilers"/>
    <property name="java.runtime.version" value="1.8.0_212-b04"/>
    <property name="java.net.preferIPv4Stack" value="true"/>
    <property name="user.name" value="jenkins1000"/>
    <property name="path.separator" value=":"/>
    <property name="java.security.egd" value="file:///dev/urandom"/>
    <property name="os.version" value="3.10.0-957.12.2.el7.x86_64"/>
    <property name="java.endorsed.dirs" value="/usr/lib/jvm/java-1.8-openjdk/jre/lib/endorsed"/>
    <property name="java.runtime.name" value="OpenJDK Runtime Environment"/>
    <property name="file.encoding" value="UTF-8"/>
    <property name="java.vm.name" value="OpenJDK 64-Bit Server VM"/>
    <property name="test.build.webapps" value=""/>
    <property name="localRepository" value="/home/user/.m2/repository"/>
    <property name="java.vendor.url.bug" value="https://icedtea.classpath.org/bugzilla"/>
    <property name="java.io.tmpdir" value="/tmp"/>
    <property name="require.test.libhadoop" value=""/>
    <property name="java.version" value="1.8.0_212"/>
    <property name="user.dir" value="/workdir/hadoop-ozone/integration-test"/>
    <property name="os.arch" value="amd64"/>
    <property name="java.vm.specification.name" value="Java Virtual Machine Specification"/>
    <property name="test.build.classes" value="/workdir/hadoop-ozone/integration-test/target/test-classes"/>
    <property name="java.awt.printerjob" value="sun.print.PSPrinterJob"/>
    <property name="sun.os.patch.level" value="unknown"/>
    <property name="hadoop.tmp.dir" value="/workdir/hadoop-ozone/integration-test/target/tmp"/>
    <property name="java.library.path" value="/usr/lib/jvm/java-1.8-openjdk/jre/lib/amd64/server:/usr/lib/jvm/java-1.8-openjdk/jre/lib/amd64:/usr/lib/jvm/java-1.8-openjdk/jre/../lib/amd64:/workdir/hadoop-ozone/integration-test/target/native/target/usr/local/lib:/workdir/hadoop-ozone/integration-test/../../hadoop-common-project/hadoop-common/target/native/target/usr/local/lib:/usr/java/packages/lib/amd64:/usr/lib64:/lib64:/lib:/usr/lib"/>
    <property name="java.vm.info" value="mixed mode"/>
    <property name="java.vendor" value="IcedTea"/>
    <property name="java.vm.version" value="25.212-b04"/>
    <property name="java.ext.dirs" value="/usr/lib/jvm/java-1.8-openjdk/jre/lib/ext:/usr/java/packages/lib/ext"/>
    <property name="sun.io.unicode.encoding" value="UnicodeLittle"/>
    <property name="java.class.version" value="52.0"/>
  </properties>
  <testcase name="test2WayCommitForRetryfailure" classname="org.apache.hadoop.ozone.client.rpc.Test2WayCommitInRatis" time="39.869">
    <error message="org.apache.ratis.protocol.RaftRetryFailureException: Failed RaftClientRequest:client-53CC1847DDF5-&gt;b6a7a8d3-8079-4dfa-92cd-d231555e9b27@group-3E7865DF923C, cid=40, seq=2*, RW, cmdType: CloseContainer&#10;traceID: &quot;d65744b3de0f99d6:d65744b3de0f99d6:0:0&quot;&#10;containerID: 1&#10;datanodeUuid: &quot;b6a7a8d3-8079-4dfa-92cd-d231555e9b27&quot;&#10;closeContainer {&#10;}&#10;, data.size=0 for 20 attempts with RetryLimited(maxAttempts=20, sleepTime=1000ms)" type="java.util.concurrent.ExecutionException">java.util.concurrent.ExecutionException: 
org.apache.ratis.protocol.RaftRetryFailureException: Failed RaftClientRequest:client-53CC1847DDF5->b6a7a8d3-8079-4dfa-92cd-d231555e9b27@group-3E7865DF923C, cid=40, seq=2*, RW, cmdType: CloseContainer
traceID: "d65744b3de0f99d6:d65744b3de0f99d6:0:0"
containerID: 1
datanodeUuid: "b6a7a8d3-8079-4dfa-92cd-d231555e9b27"
closeContainer {
}
, data.size=0 for 20 attempts with RetryLimited(maxAttempts=20, sleepTime=1000ms)
	at java.util.concurrent.CompletableFuture.reportGet(CompletableFuture.java:357)
	at java.util.concurrent.CompletableFuture.get(CompletableFuture.java:1895)
	at org.apache.hadoop.ozone.client.rpc.Test2WayCommitInRatis.test2WayCommitForRetryfailure(Test2WayCommitInRatis.java:144)
	at sun.reflect.NativeMethodAccessorImpl.invoke0(Native Method)
	at sun.reflect.NativeMethodAccessorImpl.invoke(NativeMethodAccessorImpl.java:62)
	at sun.reflect.DelegatingMethodAccessorImpl.invoke(DelegatingMethodAccessorImpl.java:43)
	at java.lang.reflect.Method.invoke(Method.java:498)
	at org.junit.runners.model.FrameworkMethod$1.runReflectiveCall(FrameworkMethod.java:47)
	at org.junit.internal.runners.model.ReflectiveCallable.run(ReflectiveCallable.java:12)
	at org.junit.runners.model.FrameworkMethod.invokeExplosively(FrameworkMethod.java:44)
	at org.junit.internal.runners.statements.InvokeMethod.evaluate(InvokeMethod.java:17)
	at org.junit.runners.ParentRunner.runLeaf(ParentRunner.java:271)
	at org.junit.runners.BlockJUnit4ClassRunner.runChild(BlockJUnit4ClassRunner.java:70)
	at org.junit.runners.BlockJUnit4ClassRunner.runChild(BlockJUnit4ClassRunner.java:50)
	at org.junit.runners.ParentRunner$3.run(ParentRunner.java:238)
	at org.junit.runners.ParentRunner$1.schedule(ParentRunner.java:63)
	at org.junit.runners.ParentRunner.runChildren(ParentRunner.java:236)
	at org.junit.runners.ParentRunner.access$000(ParentRunner.java:53)
	at org.junit.runners.ParentRunner$2.evaluate(ParentRunner.java:229)
	at org.junit.runners.ParentRunner.run(ParentRunner.java:309)
	at org.apache.maven.surefire.junit4.JUnit4Provider.execute(JUnit4Provider.java:365)
	at org.apache.maven.surefire.junit4.JUnit4Provider.executeWithRerun(JUnit4Provider.java:273)
	at org.apache.maven.surefire.junit4.JUnit4Provider.executeTestSet(JUnit4Provider.java:238)
	at org.apache.maven.surefire.junit4.JUnit4Provider.invoke(JUnit4Provider.java:159)
	at org.apache.maven.surefire.booter.ForkedBooter.invokeProviderInSameClassLoader(ForkedBooter.java:384)
	at org.apache.maven.surefire.booter.ForkedBooter.runSuitesInProcess(ForkedBooter.java:345)
	at org.apache.maven.surefire.booter.ForkedBooter.execute(ForkedBooter.java:126)
	at org.apache.maven.surefire.booter.ForkedBooter.main(ForkedBooter.java:418)
Caused by: org.apache.ratis.protocol.RaftRetryFailureException: Failed RaftClientRequest:client-53CC1847DDF5->b6a7a8d3-8079-4dfa-92cd-d231555e9b27@group-3E7865DF923C, cid=40, seq=2*, RW, cmdType: CloseContainer
traceID: "d65744b3de0f99d6:d65744b3de0f99d6:0:0"
containerID: 1
datanodeUuid: "b6a7a8d3-8079-4dfa-92cd-d231555e9b27"
closeContainer {
}
, data.size=0 for 20 attempts with RetryLimited(maxAttempts=20, sleepTime=1000ms)
	at org.apache.ratis.client.impl.RaftClientImpl.noMoreRetries(RaftClientImpl.java:271)
	at org.apache.ratis.client.impl.OrderedAsync.handleAsyncRetryFailure(OrderedAsync.java:138)
	at org.apache.ratis.client.impl.OrderedAsync.lambda$sendRequest$10(OrderedAsync.java:230)
	at java.util.concurrent.CompletableFuture.uniExceptionally(CompletableFuture.java:870)
	at java.util.concurrent.CompletableFuture$UniExceptionally.tryFire(CompletableFuture.java:852)
	at java.util.concurrent.CompletableFuture.postComplete(CompletableFuture.java:474)
	at java.util.concurrent.CompletableFuture.completeExceptionally(CompletableFuture.java:1977)
	at org.apache.ratis.grpc.client.GrpcClientProtocolClient$AsyncStreamObservers.completeReplyExceptionally(GrpcClientProtocolClient.java:345)
	at org.apache.ratis.grpc.client.GrpcClientProtocolClient$AsyncStreamObservers.access$000(GrpcClientProtocolClient.java:261)
	at org.apache.ratis.grpc.client.GrpcClientProtocolClient$AsyncStreamObservers$1.onError(GrpcClientProtocolClient.java:290)
	at org.apache.ratis.thirdparty.io.grpc.stub.ClientCalls$StreamObserverToCallListenerAdapter.onClose(ClientCalls.java:434)
	at org.apache.ratis.thirdparty.io.grpc.PartialForwardingClientCallListener.onClose(PartialForwardingClientCallListener.java:39)
	at org.apache.ratis.thirdparty.io.grpc.ForwardingClientCallListener.onClose(ForwardingClientCallListener.java:23)
	at org.apache.ratis.thirdparty.io.grpc.ForwardingClientCallListener$SimpleForwardingClientCallListener.onClose(ForwardingClientCallListener.java:40)
	at org.apache.ratis.thirdparty.io.grpc.internal.CensusStatsModule$StatsClientInterceptor$1$1.onClose(CensusStatsModule.java:678)
	at org.apache.ratis.thirdparty.io.grpc.PartialForwardingClientCallListener.onClose(PartialForwardingClientCallListener.java:39)
	at org.apache.ratis.thirdparty.io.grpc.ForwardingClientCallListener.onClose(ForwardingClientCallListener.java:23)
	at org.apache.ratis.thirdparty.io.grpc.ForwardingClientCallListener$SimpleForwardingClientCallListener.onClose(ForwardingClientCallListener.java:40)
	at org.apache.ratis.thirdparty.io.grpc.internal.CensusTracingModule$TracingClientInterceptor$1$1.onClose(CensusTracingModule.java:397)
	at org.apache.ratis.thirdparty.io.grpc.internal.ClientCallImpl.closeObserver(ClientCallImpl.java:459)
	at org.apache.ratis.thirdparty.io.grpc.internal.ClientCallImpl.access$300(ClientCallImpl.java:63)
	at org.apache.ratis.thirdparty.io.grpc.internal.ClientCallImpl$ClientStreamListenerImpl.close(ClientCallImpl.java:546)
	at org.apache.ratis.thirdparty.io.grpc.internal.ClientCallImpl$ClientStreamListenerImpl.access$600(ClientCallImpl.java:467)
	at org.apache.ratis.thirdparty.io.grpc.internal.ClientCallImpl$ClientStreamListenerImpl$1StreamClosed.runInContext(ClientCallImpl.java:584)
	at org.apache.ratis.thirdparty.io.grpc.internal.ContextRunnable.run(ContextRunnable.java:37)
	at org.apache.ratis.thirdparty.io.grpc.internal.SerializingExecutor.run(SerializingExecutor.java:123)
	at java.util.concurrent.ThreadPoolExecutor.runWorker(ThreadPoolExecutor.java:1149)
	at java.util.concurrent.ThreadPoolExecutor$Worker.run(ThreadPoolExecutor.java:624)
	at java.lang.Thread.run(Thread.java:748)
Caused by: java.io.IOException: org.apache.ratis.thirdparty.io.grpc.StatusRuntimeException: UNAVAILABLE: io exception
	at org.apache.ratis.grpc.GrpcUtil.unwrapException(GrpcUtil.java:76)
	at org.apache.ratis.grpc.GrpcUtil.unwrapIOException(GrpcUtil.java:128)
	at org.apache.ratis.grpc.client.GrpcClientProtocolClient$AsyncStreamObservers$1.onError(GrpcClientProtocolClient.java:289)
	... 19 more
Caused by: org.apache.ratis.thirdparty.io.grpc.StatusRuntimeException: UNAVAILABLE: io exception
	at org.apache.ratis.thirdparty.io.grpc.Status.asRuntimeException(Status.java:526)
	... 19 more
Caused by: org.apache.ratis.thirdparty.io.netty.channel.AbstractChannel$AnnotatedConnectException: Connection refused: /192.168.164.218:36375
	at sun.nio.ch.SocketChannelImpl.checkConnect(Native Method)
	at sun.nio.ch.SocketChannelImpl.finishConnect(SocketChannelImpl.java:717)
	at org.apache.ratis.thirdparty.io.netty.channel.socket.nio.NioSocketChannel.doFinishConnect(NioSocketChannel.java:327)
	at org.apache.ratis.thirdparty.io.netty.channel.nio.AbstractNioChannel$AbstractNioUnsafe.finishConnect(AbstractNioChannel.java:340)
	at org.apache.ratis.thirdparty.io.netty.channel.nio.NioEventLoop.processSelectedKey(NioEventLoop.java:632)
	at org.apache.ratis.thirdparty.io.netty.channel.nio.NioEventLoop.processSelectedKeysOptimized(NioEventLoop.java:579)
	at org.apache.ratis.thirdparty.io.netty.channel.nio.NioEventLoop.processSelectedKeys(NioEventLoop.java:496)
	at org.apache.ratis.thirdparty.io.netty.channel.nio.NioEventLoop.run(NioEventLoop.java:458)
	at org.apache.ratis.thirdparty.io.netty.util.concurrent.SingleThreadEventExecutor$5.run(SingleThreadEventExecutor.java:897)
	at org.apache.ratis.thirdparty.io.netty.util.concurrent.FastThreadLocalRunnable.run(FastThreadLocalRunnable.java:30)
	... 1 more
Caused by: java.net.ConnectException: Connection refused
	... 11 more
</error>
    <system-out><![CDATA[2019-10-15 00:41:32,804 [main] WARN  server.ServerUtils (ServerUtils.java:getScmDbDir(145)) - ozone.scm.db.dirs is not configured. We recommend adding this setting. Falling back to ozone.metadata.dirs instead.
2019-10-15 00:41:32,930 [main] WARN  server.ServerUtils (ServerUtils.java:getScmDbDir(145)) - ozone.scm.db.dirs is not configured. We recommend adding this setting. Falling back to ozone.metadata.dirs instead.
2019-10-15 00:41:32,932 [main] WARN  server.ServerUtils (ServerUtils.java:getScmDbDir(145)) - ozone.scm.db.dirs is not configured. We recommend adding this setting. Falling back to ozone.metadata.dirs instead.
2019-10-15 00:41:32,955 [main] INFO  util.log (Log.java:initialized(192)) - Logging initialized @874ms
2019-10-15 00:41:33,039 [main] INFO  db.DBStoreBuilder (DBStoreBuilder.java:addTable(117)) - using custom profile for table: deletedBlocks
2019-10-15 00:41:33,040 [main] INFO  db.DBStoreBuilder (DBStoreBuilder.java:processTables(168)) - Using default column profile:DBProfile.DISK for Table:deletedBlocks
2019-10-15 00:41:33,040 [main] INFO  db.DBStoreBuilder (DBStoreBuilder.java:addTable(117)) - using custom profile for table: validCerts
2019-10-15 00:41:33,040 [main] INFO  db.DBStoreBuilder (DBStoreBuilder.java:processTables(168)) - Using default column profile:DBProfile.DISK for Table:validCerts
2019-10-15 00:41:33,041 [main] INFO  db.DBStoreBuilder (DBStoreBuilder.java:addTable(117)) - using custom profile for table: revokedCerts
2019-10-15 00:41:33,041 [main] INFO  db.DBStoreBuilder (DBStoreBuilder.java:processTables(168)) - Using default column profile:DBProfile.DISK for Table:revokedCerts
2019-10-15 00:41:33,051 [main] INFO  db.DBStoreBuilder (DBStoreBuilder.java:addTable(117)) - using custom profile for table: default
2019-10-15 00:41:33,052 [main] INFO  db.DBStoreBuilder (DBStoreBuilder.java:processTables(174)) - Using default column profile:DBProfile.DISK for Table:default
2019-10-15 00:41:33,053 [main] INFO  db.DBStoreBuilder (DBStoreBuilder.java:getDbProfile(205)) - Using default options. DBProfile.DISK
2019-10-15 00:41:33,443 [main] INFO  net.NodeSchemaLoader (NodeSchemaLoader.java:loadSchemaFromFile(125)) - Loading file from sun.misc.CompoundEnumeration@2b71e916
2019-10-15 00:41:33,445 [main] INFO  net.NodeSchemaLoader (NodeSchemaLoader.java:loadSchema(171)) - Loading network topology layer schema file
2019-10-15 00:41:33,528 [main] WARN  server.ServerUtils (ServerUtils.java:sanitizeUserArgs(70)) - ozone.scm.stale.node.interval value = 300000 is larger than max = 100000 based on the key value of ozone.scm.heartbeat.thread.interval, reset to the max value 100000.
2019-10-15 00:41:33,529 [main] WARN  server.ServerUtils (ServerUtils.java:sanitizeUserArgs(70)) - ozone.scm.stale.node.interval value = 300000 is larger than max = 100000 based on the key value of ozone.scm.heartbeat.thread.interval, reset to the max value 100000.
2019-10-15 00:41:33,532 [main] INFO  node.SCMNodeManager (SCMNodeManager.java:<init>(116)) - Entering startup safe mode.
2019-10-15 00:41:33,607 [main] INFO  algorithms.ContainerPlacementPolicyFactory (ContainerPlacementPolicyFactory.java:getPolicy(57)) - Create container placement policy of type org.apache.hadoop.hdds.scm.container.placement.algorithms.SCMContainerPlacementRandom
2019-10-15 00:41:33,626 [main] WARN  server.ServerUtils (ServerUtils.java:getScmDbDir(145)) - ozone.scm.db.dirs is not configured. We recommend adding this setting. Falling back to ozone.metadata.dirs instead.
2019-10-15 00:41:33,792 [main] INFO  pipeline.SCMPipelineManager (SCMPipelineManager.java:initializePipelineState(132)) - No pipeline exists in current db
2019-10-15 00:41:33,795 [main] WARN  server.ServerUtils (ServerUtils.java:getScmDbDir(145)) - ozone.scm.db.dirs is not configured. We recommend adding this setting. Falling back to ozone.metadata.dirs instead.
2019-10-15 00:41:33,996 [main] WARN  events.EventQueue (EventQueue.java:fireEvent(183)) - No event handler registered for event TypedEvent{payloadType=SafeModeStatus, name='SafeModeStatus'}
2019-10-15 00:41:34,354 [main] INFO  ipc.CallQueueManager (CallQueueManager.java:<init>(84)) - Using callQueue: class java.util.concurrent.LinkedBlockingQueue, queueCapacity: 2000, scheduler: class org.apache.hadoop.ipc.DefaultRpcScheduler, ipcBackoff: false.
2019-10-15 00:41:34,381 [Socket Reader #1 for port 44929] INFO  ipc.Server (Server.java:run(1074)) - Starting Socket Reader #1 for port 44929
2019-10-15 00:41:34,487 [main] INFO  ipc.CallQueueManager (CallQueueManager.java:<init>(84)) - Using callQueue: class java.util.concurrent.LinkedBlockingQueue, queueCapacity: 2000, scheduler: class org.apache.hadoop.ipc.DefaultRpcScheduler, ipcBackoff: false.
2019-10-15 00:41:34,488 [Socket Reader #1 for port 43063] INFO  ipc.Server (Server.java:run(1074)) - Starting Socket Reader #1 for port 43063
2019-10-15 00:41:34,496 [main] INFO  ipc.CallQueueManager (CallQueueManager.java:<init>(84)) - Using callQueue: class java.util.concurrent.LinkedBlockingQueue, queueCapacity: 2000, scheduler: class org.apache.hadoop.ipc.DefaultRpcScheduler, ipcBackoff: false.
2019-10-15 00:41:34,497 [Socket Reader #1 for port 46264] INFO  ipc.Server (Server.java:run(1074)) - Starting Socket Reader #1 for port 46264
2019-10-15 00:41:34,518 [main] INFO  hdfs.DFSUtil (DFSUtil.java:httpServerTemplateForNNAndJN(1641)) - Starting Web-server for scm at: http://0.0.0.0:0
2019-10-15 00:41:34,705 [main] INFO  server.AuthenticationFilter (AuthenticationFilter.java:constructSecretProvider(240)) - Unable to initialize FileSignerSecretProvider, falling back to use random secrets.
2019-10-15 00:41:34,713 [main] WARN  http.HttpRequestLog (HttpRequestLog.java:getRequestLog(97)) - Jetty request log can only be enabled using Log4j
2019-10-15 00:41:34,721 [main] INFO  http.HttpServer2 (HttpServer2.java:addGlobalFilter(975)) - Added global filter 'safety' (class=org.apache.hadoop.http.HttpServer2$QuotingInputFilter)
2019-10-15 00:41:34,724 [main] INFO  http.HttpServer2 (HttpServer2.java:addFilter(948)) - Added filter static_user_filter (class=org.apache.hadoop.http.lib.StaticUserWebFilter$StaticUserFilter) to context scm
2019-10-15 00:41:34,724 [main] INFO  http.HttpServer2 (HttpServer2.java:addFilter(958)) - Added filter static_user_filter (class=org.apache.hadoop.http.lib.StaticUserWebFilter$StaticUserFilter) to context logs
2019-10-15 00:41:34,724 [main] INFO  http.HttpServer2 (HttpServer2.java:addFilter(958)) - Added filter static_user_filter (class=org.apache.hadoop.http.lib.StaticUserWebFilter$StaticUserFilter) to context static
2019-10-15 00:41:34,755 [main] INFO  server.StorageContainerManager (StorageContainerManager.java:start(772)) - StorageContainerLocationProtocol RPC server is listening at /0.0.0.0:46264
2019-10-15 00:41:34,814 [main] WARN  impl.MetricsConfig (MetricsConfig.java:loadFirst(134)) - Cannot locate configuration: tried hadoop-metrics2-storagecontainermanager.properties,hadoop-metrics2.properties
2019-10-15 00:41:34,827 [main] INFO  impl.MetricsSystemImpl (MetricsSystemImpl.java:startTimer(374)) - Scheduled Metric snapshot period at 10 second(s).
2019-10-15 00:41:34,827 [main] INFO  impl.MetricsSystemImpl (MetricsSystemImpl.java:start(191)) - StorageContainerManager metrics system started
2019-10-15 00:41:35,061 [main] INFO  server.SCMClientProtocolServer (SCMClientProtocolServer.java:start(159)) - RPC server for Client  is listening at /0.0.0.0:46264
2019-10-15 00:41:35,062 [IPC Server Responder] INFO  ipc.Server (Server.java:run(1314)) - IPC Server Responder: starting
2019-10-15 00:41:35,062 [IPC Server listener on 46264] INFO  ipc.Server (Server.java:run(1153)) - IPC Server listener on 46264: starting
2019-10-15 00:41:35,065 [main] INFO  server.StorageContainerManager (StorageContainerManager.java:start(782)) - ScmBlockLocationProtocol RPC server is listening at /0.0.0.0:43063
2019-10-15 00:41:35,065 [main] INFO  server.SCMBlockProtocolServer (SCMBlockProtocolServer.java:start(146)) - RPC server for Block Protocol is listening at /0.0.0.0:43063
2019-10-15 00:41:35,066 [IPC Server Responder] INFO  ipc.Server (Server.java:run(1314)) - IPC Server Responder: starting
2019-10-15 00:41:35,066 [IPC Server listener on 43063] INFO  ipc.Server (Server.java:run(1153)) - IPC Server listener on 43063: starting
2019-10-15 00:41:35,068 [main] INFO  server.StorageContainerManager (StorageContainerManager.java:start(786)) - ScmDatanodeProtocl RPC server is listening at /0.0.0.0:44929
2019-10-15 00:41:35,068 [main] INFO  server.SCMDatanodeProtocolServer (SCMDatanodeProtocolServer.java:start(169)) - RPC server for DataNodes is listening at /0.0.0.0:44929
2019-10-15 00:41:35,069 [IPC Server Responder] INFO  ipc.Server (Server.java:run(1314)) - IPC Server Responder: starting
2019-10-15 00:41:35,069 [IPC Server listener on 44929] INFO  ipc.Server (Server.java:run(1153)) - IPC Server listener on 44929: starting
2019-10-15 00:41:35,072 [main] INFO  http.HttpServer2 (HttpServer2.java:bindListener(1191)) - Jetty bound to port 35776
2019-10-15 00:41:35,074 [main] INFO  server.Server (Server.java:doStart(351)) - jetty-9.3.25.v20180904, build timestamp: 2018-09-04T21:11:46Z, git hash: 3ce520221d0240229c862b122d2b06c12a625732
2019-10-15 00:41:35,113 [main] INFO  handler.ContextHandler (ContextHandler.java:doStart(781)) - Started o.e.j.s.ServletContextHandler@340da44c{/logs,file:///workdir/hadoop-ozone/integration-test/target/log,AVAILABLE}
2019-10-15 00:41:35,114 [main] INFO  handler.ContextHandler (ContextHandler.java:doStart(781)) - Started o.e.j.s.ServletContextHandler@37052337{/static,file:///workdir/hadoop-ozone/integration-test/target/test-classes/webapps/static,AVAILABLE}
2019-10-15 00:41:35,149 [main] INFO  handler.ContextHandler (ContextHandler.java:doStart(781)) - Started o.e.j.w.WebAppContext@3b366632{/,file:///workdir/hadoop-ozone/integration-test/target/test-classes/webapps/scm/,AVAILABLE}{/scm}
2019-10-15 00:41:35,155 [main] INFO  server.AbstractConnector (AbstractConnector.java:doStart(278)) - Started ServerConnector@6815c5f2{HTTP/1.1,[http/1.1]}{0.0.0.0:35776}
2019-10-15 00:41:35,155 [main] INFO  server.Server (Server.java:doStart(419)) - Started @3075ms
2019-10-15 00:41:35,158 [main] INFO  impl.MetricsSinkAdapter (MetricsSinkAdapter.java:start(204)) - Sink prometheus started
2019-10-15 00:41:35,158 [main] INFO  impl.MetricsSystemImpl (MetricsSystemImpl.java:registerSink(301)) - Registered sink prometheus
2019-10-15 00:41:35,159 [main] INFO  server.BaseHttpServer (BaseHttpServer.java:updateConnectorAddress(215)) - HTTP server of SCM is listening at http://0.0.0.0:35776
2019-10-15 00:41:35,165 [org.apache.hadoop.util.JvmPauseMonitor$Monitor@4263b080] INFO  util.JvmPauseMonitor (JvmPauseMonitor.java:run(188)) - Starting JVM pause monitor
2019-10-15 00:41:35,167 [main] WARN  server.ServerUtils (ServerUtils.java:getDBPath(222)) - ozone.om.db.dirs is not configured. We recommend adding this setting. Falling back to ozone.metadata.dirs instead.
2019-10-15 00:41:35,282 [main] INFO  ha.OMHANodeDetails (OMHANodeDetails.java:loadOMHAConfig(190)) - Configuration either no ozone.om.address set. Falling back to the default OM address /127.0.0.1:0
2019-10-15 00:41:35,282 [main] INFO  ha.OMHANodeDetails (OMHANodeDetails.java:getOMNodeDetails(220)) - OM Service ID is not set. Setting it to the default ID: omServiceIdDefault
2019-10-15 00:41:35,283 [main] WARN  server.ServerUtils (ServerUtils.java:getDBPath(222)) - ozone.om.db.dirs is not configured. We recommend adding this setting. Falling back to ozone.metadata.dirs instead.
2019-10-15 00:41:35,284 [main] WARN  server.ServerUtils (ServerUtils.java:getDBPath(222)) - ozone.om.db.dirs is not configured. We recommend adding this setting. Falling back to ozone.metadata.dirs instead.
2019-10-15 00:41:35,879 [main] WARN  server.ServerUtils (ServerUtils.java:getDBPath(222)) - ozone.om.db.dirs is not configured. We recommend adding this setting. Falling back to ozone.metadata.dirs instead.
2019-10-15 00:41:35,887 [main] INFO  db.DBStoreBuilder (DBStoreBuilder.java:addTable(117)) - using custom profile for table: userTable
2019-10-15 00:41:35,888 [main] INFO  db.DBStoreBuilder (DBStoreBuilder.java:processTables(168)) - Using default column profile:DBProfile.DISK for Table:userTable
2019-10-15 00:41:35,888 [main] INFO  db.DBStoreBuilder (DBStoreBuilder.java:addTable(117)) - using custom profile for table: volumeTable
2019-10-15 00:41:35,888 [main] INFO  db.DBStoreBuilder (DBStoreBuilder.java:processTables(168)) - Using default column profile:DBProfile.DISK for Table:volumeTable
2019-10-15 00:41:35,889 [main] INFO  db.DBStoreBuilder (DBStoreBuilder.java:addTable(117)) - using custom profile for table: bucketTable
2019-10-15 00:41:35,889 [main] INFO  db.DBStoreBuilder (DBStoreBuilder.java:processTables(168)) - Using default column profile:DBProfile.DISK for Table:bucketTable
2019-10-15 00:41:35,890 [main] INFO  db.DBStoreBuilder (DBStoreBuilder.java:addTable(117)) - using custom profile for table: keyTable
2019-10-15 00:41:35,890 [main] INFO  db.DBStoreBuilder (DBStoreBuilder.java:processTables(168)) - Using default column profile:DBProfile.DISK for Table:keyTable
2019-10-15 00:41:35,890 [main] INFO  db.DBStoreBuilder (DBStoreBuilder.java:addTable(117)) - using custom profile for table: deletedTable
2019-10-15 00:41:35,891 [main] INFO  db.DBStoreBuilder (DBStoreBuilder.java:processTables(168)) - Using default column profile:DBProfile.DISK for Table:deletedTable
2019-10-15 00:41:35,891 [main] INFO  db.DBStoreBuilder (DBStoreBuilder.java:addTable(117)) - using custom profile for table: openKeyTable
2019-10-15 00:41:35,891 [main] INFO  db.DBStoreBuilder (DBStoreBuilder.java:processTables(168)) - Using default column profile:DBProfile.DISK for Table:openKeyTable
2019-10-15 00:41:35,892 [main] INFO  db.DBStoreBuilder (DBStoreBuilder.java:addTable(117)) - using custom profile for table: s3Table
2019-10-15 00:41:35,892 [main] INFO  db.DBStoreBuilder (DBStoreBuilder.java:processTables(168)) - Using default column profile:DBProfile.DISK for Table:s3Table
2019-10-15 00:41:35,893 [main] INFO  db.DBStoreBuilder (DBStoreBuilder.java:addTable(117)) - using custom profile for table: multipartInfoTable
2019-10-15 00:41:35,893 [main] INFO  db.DBStoreBuilder (DBStoreBuilder.java:processTables(168)) - Using default column profile:DBProfile.DISK for Table:multipartInfoTable
2019-10-15 00:41:35,893 [main] INFO  db.DBStoreBuilder (DBStoreBuilder.java:addTable(117)) - using custom profile for table: dTokenTable
2019-10-15 00:41:35,894 [main] INFO  db.DBStoreBuilder (DBStoreBuilder.java:processTables(168)) - Using default column profile:DBProfile.DISK for Table:dTokenTable
2019-10-15 00:41:35,894 [main] INFO  db.DBStoreBuilder (DBStoreBuilder.java:addTable(117)) - using custom profile for table: s3SecretTable
2019-10-15 00:41:35,894 [main] INFO  db.DBStoreBuilder (DBStoreBuilder.java:processTables(168)) - Using default column profile:DBProfile.DISK for Table:s3SecretTable
2019-10-15 00:41:35,895 [main] INFO  db.DBStoreBuilder (DBStoreBuilder.java:addTable(117)) - using custom profile for table: prefixTable
2019-10-15 00:41:35,895 [main] INFO  db.DBStoreBuilder (DBStoreBuilder.java:processTables(168)) - Using default column profile:DBProfile.DISK for Table:prefixTable
2019-10-15 00:41:35,896 [main] INFO  db.DBStoreBuilder (DBStoreBuilder.java:addTable(117)) - using custom profile for table: default
2019-10-15 00:41:35,896 [main] INFO  db.DBStoreBuilder (DBStoreBuilder.java:processTables(174)) - Using default column profile:DBProfile.DISK for Table:default
2019-10-15 00:41:35,896 [main] INFO  db.DBStoreBuilder (DBStoreBuilder.java:getDbProfile(205)) - Using default options. DBProfile.DISK
2019-10-15 00:41:36,839 [main] INFO  ipc.CallQueueManager (CallQueueManager.java:<init>(84)) - Using callQueue: class java.util.concurrent.LinkedBlockingQueue, queueCapacity: 2000, scheduler: class org.apache.hadoop.ipc.DefaultRpcScheduler, ipcBackoff: false.
2019-10-15 00:41:36,840 [Socket Reader #1 for port 37596] INFO  ipc.Server (Server.java:run(1074)) - Starting Socket Reader #1 for port 37596
2019-10-15 00:41:36,865 [main] INFO  om.OzoneManager (OzoneManager.java:start(1071)) - OzoneManager RPC server is listening at localhost/127.0.0.1:37596
2019-10-15 00:41:36,865 [main] INFO  impl.MetricsSystemImpl (MetricsSystemImpl.java:init(158)) - OzoneManager metrics system started (again)
2019-10-15 00:41:36,874 [IPC Server Responder] INFO  ipc.Server (Server.java:run(1314)) - IPC Server Responder: starting
2019-10-15 00:41:36,875 [IPC Server listener on 37596] INFO  ipc.Server (Server.java:run(1153)) - IPC Server listener on 37596: starting
2019-10-15 00:41:36,880 [main] INFO  hdfs.DFSUtil (DFSUtil.java:httpServerTemplateForNNAndJN(1641)) - Starting Web-server for ozoneManager at: http://0.0.0.0:0
2019-10-15 00:41:36,883 [main] INFO  server.AuthenticationFilter (AuthenticationFilter.java:constructSecretProvider(240)) - Unable to initialize FileSignerSecretProvider, falling back to use random secrets.
2019-10-15 00:41:36,884 [main] WARN  http.HttpRequestLog (HttpRequestLog.java:getRequestLog(97)) - Jetty request log can only be enabled using Log4j
2019-10-15 00:41:36,888 [main] INFO  http.HttpServer2 (HttpServer2.java:addGlobalFilter(975)) - Added global filter 'safety' (class=org.apache.hadoop.http.HttpServer2$QuotingInputFilter)
2019-10-15 00:41:36,890 [main] INFO  http.HttpServer2 (HttpServer2.java:addFilter(948)) - Added filter static_user_filter (class=org.apache.hadoop.http.lib.StaticUserWebFilter$StaticUserFilter) to context ozoneManager
2019-10-15 00:41:36,890 [main] INFO  http.HttpServer2 (HttpServer2.java:addFilter(958)) - Added filter static_user_filter (class=org.apache.hadoop.http.lib.StaticUserWebFilter$StaticUserFilter) to context logs
2019-10-15 00:41:36,890 [main] INFO  http.HttpServer2 (HttpServer2.java:addFilter(958)) - Added filter static_user_filter (class=org.apache.hadoop.http.lib.StaticUserWebFilter$StaticUserFilter) to context static
2019-10-15 00:41:36,894 [main] INFO  http.HttpServer2 (HttpServer2.java:bindListener(1191)) - Jetty bound to port 35028
2019-10-15 00:41:36,894 [main] INFO  server.Server (Server.java:doStart(351)) - jetty-9.3.25.v20180904, build timestamp: 2018-09-04T21:11:46Z, git hash: 3ce520221d0240229c862b122d2b06c12a625732
2019-10-15 00:41:36,897 [main] INFO  handler.ContextHandler (ContextHandler.java:doStart(781)) - Started o.e.j.s.ServletContextHandler@49aa766b{/logs,file:///workdir/hadoop-ozone/integration-test/target/log,AVAILABLE}
2019-10-15 00:41:36,898 [main] INFO  handler.ContextHandler (ContextHandler.java:doStart(781)) - Started o.e.j.s.ServletContextHandler@65004ff6{/static,file:///workdir/hadoop-ozone/integration-test/target/test-classes/webapps/static,AVAILABLE}
2019-10-15 00:41:36,906 [main] INFO  handler.ContextHandler (ContextHandler.java:doStart(781)) - Started o.e.j.w.WebAppContext@4158debd{/,file:///workdir/hadoop-ozone/integration-test/target/test-classes/webapps/ozoneManager/,AVAILABLE}{/ozoneManager}
2019-10-15 00:41:36,907 [main] INFO  server.AbstractConnector (AbstractConnector.java:doStart(278)) - Started ServerConnector@af78c87{HTTP/1.1,[http/1.1]}{0.0.0.0:35028}
2019-10-15 00:41:36,908 [main] INFO  server.Server (Server.java:doStart(419)) - Started @4828ms
2019-10-15 00:41:36,908 [main] WARN  impl.MetricsSystemImpl (MetricsSystemImpl.java:register(276)) - Sink prometheus already exists!
2019-10-15 00:41:36,909 [main] INFO  server.BaseHttpServer (BaseHttpServer.java:updateConnectorAddress(215)) - HTTP server of OZONEMANAGER is listening at http://0.0.0.0:35028
2019-10-15 00:41:37,246 [main] INFO  impl.MetricsSystemImpl (MetricsSystemImpl.java:init(158)) - HddsDatanode metrics system started (again)
2019-10-15 00:41:37,303 [main] INFO  ozone.HddsDatanodeService (HddsDatanodeService.java:start(184)) - HddsDatanodeService host:pr-hdds-1868-7bj8h-208101609 ip:192.168.164.218
2019-10-15 00:41:37,338 [main] INFO  volume.HddsVolume (HddsVolume.java:<init>(176)) - Creating Volume: /workdir/hadoop-ozone/integration-test/target/test-dir/MiniOzoneClusterImpl-e538d966-0196-4657-9505-dd1c5b05d6aa/datanode-0/data/containers/hdds of  storage type : DISK and capacity : 1482555576320
2019-10-15 00:41:37,340 [main] INFO  volume.VolumeSet (VolumeSet.java:initializeVolumeSet(170)) - Added Volume : /workdir/hadoop-ozone/integration-test/target/test-dir/MiniOzoneClusterImpl-e538d966-0196-4657-9505-dd1c5b05d6aa/datanode-0/data/containers/hdds to VolumeSet
2019-10-15 00:41:37,344 [main] INFO  volume.ThrottledAsyncChecker (ThrottledAsyncChecker.java:schedule(141)) - Scheduling a check for org.apache.hadoop.ozone.container.common.volume.HddsVolume@787f32b7
2019-10-15 00:41:37,370 [main] INFO  volume.HddsVolumeChecker (HddsVolumeChecker.java:checkAllVolumes(204)) - Scheduled health check for volume org.apache.hadoop.ozone.container.common.volume.HddsVolume@787f32b7
2019-10-15 00:41:37,511 [main] INFO  impl.RaftServerProxy (ConfUtils.java:logGet(43)) - raft.rpc.type = GRPC (default)
2019-10-15 00:41:37,590 [main] INFO  grpc.GrpcFactory (GrpcFactory.java:checkPooledByteBufAllocatorUseCacheForAllThreads(45)) - PERFORMANCE WARNING: useCacheForAllThreads is true that may cause Netty to create a lot garbage objects and, as a result, trigger GC.
	It is recommended to disable useCacheForAllThreads by setting -Dorg.apache.ratis.thirdparty.io.netty.allocator.useCacheForAllThreads=false in command line.
2019-10-15 00:41:37,596 [main] INFO  grpc.GrpcConfigKeys$Server (ConfUtils.java:logGet(43)) - raft.grpc.server.port = 0 (default)
2019-10-15 00:41:37,597 [main] INFO  server.GrpcService (ConfUtils.java:logGet(43)) - raft.grpc.message.size.max = 33570816 (custom)
2019-10-15 00:41:37,599 [main] INFO  server.RaftServerConfigKeys (ConfUtils.java:logGet(43)) - raft.server.log.appender.buffer.byte-limit = 33554432 (custom)
2019-10-15 00:41:37,600 [main] INFO  server.GrpcService (ConfUtils.java:logGet(43)) - raft.grpc.flow.control.window = 1MB (=1048576) (default)
2019-10-15 00:41:37,602 [main] INFO  server.RaftServerConfigKeys (ConfUtils.java:logGet(43)) - raft.server.rpc.request.timeout = 3000ms (default)
2019-10-15 00:41:37,763 [main] INFO  server.RaftServerConfigKeys (ConfUtils.java:logGet(43)) - raft.server.storage.dir = [/workdir/hadoop-ozone/integration-test/target/test-dir/MiniOzoneClusterImpl-e538d966-0196-4657-9505-dd1c5b05d6aa/datanode-0/data/ratis] (custom)
2019-10-15 00:41:37,821 [main] INFO  hdfs.DFSUtil (DFSUtil.java:httpServerTemplateForNNAndJN(1641)) - Starting Web-server for hddsDatanode at: http://0.0.0.0:0
2019-10-15 00:41:37,827 [main] INFO  server.AuthenticationFilter (AuthenticationFilter.java:constructSecretProvider(240)) - Unable to initialize FileSignerSecretProvider, falling back to use random secrets.
2019-10-15 00:41:37,829 [main] WARN  http.HttpRequestLog (HttpRequestLog.java:getRequestLog(97)) - Jetty request log can only be enabled using Log4j
2019-10-15 00:41:37,833 [main] INFO  http.HttpServer2 (HttpServer2.java:addGlobalFilter(975)) - Added global filter 'safety' (class=org.apache.hadoop.http.HttpServer2$QuotingInputFilter)
2019-10-15 00:41:37,834 [main] INFO  http.HttpServer2 (HttpServer2.java:addFilter(948)) - Added filter static_user_filter (class=org.apache.hadoop.http.lib.StaticUserWebFilter$StaticUserFilter) to context hddsDatanode
2019-10-15 00:41:37,834 [main] INFO  http.HttpServer2 (HttpServer2.java:addFilter(958)) - Added filter static_user_filter (class=org.apache.hadoop.http.lib.StaticUserWebFilter$StaticUserFilter) to context logs
2019-10-15 00:41:37,835 [main] INFO  http.HttpServer2 (HttpServer2.java:addFilter(958)) - Added filter static_user_filter (class=org.apache.hadoop.http.lib.StaticUserWebFilter$StaticUserFilter) to context static
2019-10-15 00:41:37,837 [main] INFO  http.HttpServer2 (HttpServer2.java:bindListener(1191)) - Jetty bound to port 40021
2019-10-15 00:41:37,838 [main] INFO  server.Server (Server.java:doStart(351)) - jetty-9.3.25.v20180904, build timestamp: 2018-09-04T21:11:46Z, git hash: 3ce520221d0240229c862b122d2b06c12a625732
2019-10-15 00:41:37,842 [main] INFO  handler.ContextHandler (ContextHandler.java:doStart(781)) - Started o.e.j.s.ServletContextHandler@26c47874{/logs,file:///workdir/hadoop-ozone/integration-test/target/log,AVAILABLE}
2019-10-15 00:41:37,843 [main] INFO  handler.ContextHandler (ContextHandler.java:doStart(781)) - Started o.e.j.s.ServletContextHandler@2849434b{/static,jar:file:/home/user/.m2/repository/org/apache/hadoop/hadoop-hdds-container-service/0.5.0-SNAPSHOT/hadoop-hdds-container-service-0.5.0-SNAPSHOT.jar!/webapps/static,AVAILABLE}
2019-10-15 00:41:37,893 [main] INFO  handler.ContextHandler (ContextHandler.java:doStart(781)) - Started o.e.j.w.WebAppContext@5bc28f40{/,file:///tmp/jetty-0.0.0.0-40021-hddsDatanode-_-any-3788494048832431297.dir/webapp/,AVAILABLE}{/hddsDatanode}
2019-10-15 00:41:37,894 [main] INFO  server.AbstractConnector (AbstractConnector.java:doStart(278)) - Started ServerConnector@46963479{HTTP/1.1,[http/1.1]}{0.0.0.0:40021}
2019-10-15 00:41:37,895 [main] INFO  server.Server (Server.java:doStart(419)) - Started @5815ms
2019-10-15 00:41:37,896 [main] WARN  impl.MetricsSystemImpl (MetricsSystemImpl.java:register(276)) - Sink prometheus already exists!
2019-10-15 00:41:37,897 [main] INFO  server.BaseHttpServer (BaseHttpServer.java:updateConnectorAddress(215)) - HTTP server of HDDSDATANODE is listening at http://0.0.0.0:40021
2019-10-15 00:41:37,898 [main] INFO  impl.MetricsSystemImpl (MetricsSystemImpl.java:init(158)) - HddsDatanode metrics system started (again)
2019-10-15 00:41:37,903 [main] INFO  ozone.HddsDatanodeService (HddsDatanodeService.java:start(184)) - HddsDatanodeService host:pr-hdds-1868-7bj8h-208101609 ip:192.168.164.218
2019-10-15 00:41:37,905 [org.apache.hadoop.util.JvmPauseMonitor$Monitor@2f41ec5c] INFO  util.JvmPauseMonitor (JvmPauseMonitor.java:run(188)) - Starting JVM pause monitor
2019-10-15 00:41:37,914 [main] INFO  volume.HddsVolume (HddsVolume.java:<init>(176)) - Creating Volume: /workdir/hadoop-ozone/integration-test/target/test-dir/MiniOzoneClusterImpl-e538d966-0196-4657-9505-dd1c5b05d6aa/datanode-1/data/containers/hdds of  storage type : DISK and capacity : 1482555576320
2019-10-15 00:41:37,915 [main] INFO  volume.VolumeSet (VolumeSet.java:initializeVolumeSet(170)) - Added Volume : /workdir/hadoop-ozone/integration-test/target/test-dir/MiniOzoneClusterImpl-e538d966-0196-4657-9505-dd1c5b05d6aa/datanode-1/data/containers/hdds to VolumeSet
2019-10-15 00:41:37,915 [main] INFO  volume.ThrottledAsyncChecker (ThrottledAsyncChecker.java:schedule(141)) - Scheduling a check for org.apache.hadoop.ozone.container.common.volume.HddsVolume@6cd64ee8
2019-10-15 00:41:37,916 [main] INFO  volume.HddsVolumeChecker (HddsVolumeChecker.java:checkAllVolumes(204)) - Scheduled health check for volume org.apache.hadoop.ozone.container.common.volume.HddsVolume@6cd64ee8
2019-10-15 00:41:37,934 [main] INFO  impl.RaftServerProxy (ConfUtils.java:logGet(43)) - raft.rpc.type = GRPC (default)
2019-10-15 00:41:37,934 [main] INFO  grpc.GrpcFactory (GrpcFactory.java:checkPooledByteBufAllocatorUseCacheForAllThreads(45)) - PERFORMANCE WARNING: useCacheForAllThreads is true that may cause Netty to create a lot garbage objects and, as a result, trigger GC.
	It is recommended to disable useCacheForAllThreads by setting -Dorg.apache.ratis.thirdparty.io.netty.allocator.useCacheForAllThreads=false in command line.
2019-10-15 00:41:37,935 [main] INFO  grpc.GrpcConfigKeys$Server (ConfUtils.java:logGet(43)) - raft.grpc.server.port = 0 (default)
2019-10-15 00:41:37,935 [main] INFO  server.GrpcService (ConfUtils.java:logGet(43)) - raft.grpc.message.size.max = 33570816 (custom)
2019-10-15 00:41:37,935 [main] INFO  server.RaftServerConfigKeys (ConfUtils.java:logGet(43)) - raft.server.log.appender.buffer.byte-limit = 33554432 (custom)
2019-10-15 00:41:37,935 [main] INFO  server.GrpcService (ConfUtils.java:logGet(43)) - raft.grpc.flow.control.window = 1MB (=1048576) (default)
2019-10-15 00:41:37,936 [main] INFO  server.RaftServerConfigKeys (ConfUtils.java:logGet(43)) - raft.server.rpc.request.timeout = 3000ms (default)
2019-10-15 00:41:37,936 [main] INFO  server.RaftServerConfigKeys (ConfUtils.java:logGet(43)) - raft.server.storage.dir = [/workdir/hadoop-ozone/integration-test/target/test-dir/MiniOzoneClusterImpl-e538d966-0196-4657-9505-dd1c5b05d6aa/datanode-1/data/ratis] (custom)
2019-10-15 00:41:37,938 [main] INFO  hdfs.DFSUtil (DFSUtil.java:httpServerTemplateForNNAndJN(1641)) - Starting Web-server for hddsDatanode at: http://0.0.0.0:0
2019-10-15 00:41:37,939 [main] INFO  server.AuthenticationFilter (AuthenticationFilter.java:constructSecretProvider(240)) - Unable to initialize FileSignerSecretProvider, falling back to use random secrets.
2019-10-15 00:41:37,940 [main] WARN  http.HttpRequestLog (HttpRequestLog.java:getRequestLog(97)) - Jetty request log can only be enabled using Log4j
2019-10-15 00:41:37,942 [main] INFO  http.HttpServer2 (HttpServer2.java:addGlobalFilter(975)) - Added global filter 'safety' (class=org.apache.hadoop.http.HttpServer2$QuotingInputFilter)
2019-10-15 00:41:37,943 [main] INFO  http.HttpServer2 (HttpServer2.java:addFilter(948)) - Added filter static_user_filter (class=org.apache.hadoop.http.lib.StaticUserWebFilter$StaticUserFilter) to context hddsDatanode
2019-10-15 00:41:37,943 [main] INFO  http.HttpServer2 (HttpServer2.java:addFilter(958)) - Added filter static_user_filter (class=org.apache.hadoop.http.lib.StaticUserWebFilter$StaticUserFilter) to context static
2019-10-15 00:41:37,943 [main] INFO  http.HttpServer2 (HttpServer2.java:addFilter(958)) - Added filter static_user_filter (class=org.apache.hadoop.http.lib.StaticUserWebFilter$StaticUserFilter) to context logs
2019-10-15 00:41:37,944 [main] INFO  http.HttpServer2 (HttpServer2.java:bindListener(1191)) - Jetty bound to port 37284
2019-10-15 00:41:37,944 [main] INFO  server.Server (Server.java:doStart(351)) - jetty-9.3.25.v20180904, build timestamp: 2018-09-04T21:11:46Z, git hash: 3ce520221d0240229c862b122d2b06c12a625732
2019-10-15 00:41:37,948 [main] INFO  handler.ContextHandler (ContextHandler.java:doStart(781)) - Started o.e.j.s.ServletContextHandler@77bbadc{/logs,file:///workdir/hadoop-ozone/integration-test/target/log,AVAILABLE}
2019-10-15 00:41:37,948 [main] INFO  handler.ContextHandler (ContextHandler.java:doStart(781)) - Started o.e.j.s.ServletContextHandler@7ceb4478{/static,jar:file:/home/user/.m2/repository/org/apache/hadoop/hadoop-hdds-container-service/0.5.0-SNAPSHOT/hadoop-hdds-container-service-0.5.0-SNAPSHOT.jar!/webapps/static,AVAILABLE}
2019-10-15 00:41:37,979 [main] INFO  handler.ContextHandler (ContextHandler.java:doStart(781)) - Started o.e.j.w.WebAppContext@7fe82967{/,file:///tmp/jetty-0.0.0.0-37284-hddsDatanode-_-any-7720638950386159904.dir/webapp/,AVAILABLE}{/hddsDatanode}
2019-10-15 00:41:37,980 [main] INFO  server.AbstractConnector (AbstractConnector.java:doStart(278)) - Started ServerConnector@50850539{HTTP/1.1,[http/1.1]}{0.0.0.0:37284}
2019-10-15 00:41:37,981 [main] INFO  server.Server (Server.java:doStart(419)) - Started @5901ms
2019-10-15 00:41:37,981 [main] WARN  impl.MetricsSystemImpl (MetricsSystemImpl.java:register(276)) - Sink prometheus already exists!
2019-10-15 00:41:37,982 [main] INFO  server.BaseHttpServer (BaseHttpServer.java:updateConnectorAddress(215)) - HTTP server of HDDSDATANODE is listening at http://0.0.0.0:37284
2019-10-15 00:41:37,982 [main] INFO  impl.MetricsSystemImpl (MetricsSystemImpl.java:init(158)) - HddsDatanode metrics system started (again)
2019-10-15 00:41:37,984 [org.apache.hadoop.util.JvmPauseMonitor$Monitor@6801ca99] INFO  util.JvmPauseMonitor (JvmPauseMonitor.java:run(188)) - Starting JVM pause monitor
2019-10-15 00:41:37,985 [main] INFO  ozone.HddsDatanodeService (HddsDatanodeService.java:start(184)) - HddsDatanodeService host:pr-hdds-1868-7bj8h-208101609 ip:192.168.164.218
2019-10-15 00:41:37,992 [main] INFO  volume.HddsVolume (HddsVolume.java:<init>(176)) - Creating Volume: /workdir/hadoop-ozone/integration-test/target/test-dir/MiniOzoneClusterImpl-e538d966-0196-4657-9505-dd1c5b05d6aa/datanode-2/data/containers/hdds of  storage type : DISK and capacity : 1482555576320
2019-10-15 00:41:37,992 [main] INFO  volume.VolumeSet (VolumeSet.java:initializeVolumeSet(170)) - Added Volume : /workdir/hadoop-ozone/integration-test/target/test-dir/MiniOzoneClusterImpl-e538d966-0196-4657-9505-dd1c5b05d6aa/datanode-2/data/containers/hdds to VolumeSet
2019-10-15 00:41:37,993 [main] INFO  volume.ThrottledAsyncChecker (ThrottledAsyncChecker.java:schedule(141)) - Scheduling a check for org.apache.hadoop.ozone.container.common.volume.HddsVolume@28da7d11
2019-10-15 00:41:37,993 [main] INFO  volume.HddsVolumeChecker (HddsVolumeChecker.java:checkAllVolumes(204)) - Scheduled health check for volume org.apache.hadoop.ozone.container.common.volume.HddsVolume@28da7d11
2019-10-15 00:41:38,010 [main] INFO  impl.RaftServerProxy (ConfUtils.java:logGet(43)) - raft.rpc.type = GRPC (default)
2019-10-15 00:41:38,011 [main] INFO  grpc.GrpcFactory (GrpcFactory.java:checkPooledByteBufAllocatorUseCacheForAllThreads(45)) - PERFORMANCE WARNING: useCacheForAllThreads is true that may cause Netty to create a lot garbage objects and, as a result, trigger GC.
	It is recommended to disable useCacheForAllThreads by setting -Dorg.apache.ratis.thirdparty.io.netty.allocator.useCacheForAllThreads=false in command line.
2019-10-15 00:41:38,011 [main] INFO  grpc.GrpcConfigKeys$Server (ConfUtils.java:logGet(43)) - raft.grpc.server.port = 0 (default)
2019-10-15 00:41:38,012 [main] INFO  server.GrpcService (ConfUtils.java:logGet(43)) - raft.grpc.message.size.max = 33570816 (custom)
2019-10-15 00:41:38,012 [main] INFO  server.RaftServerConfigKeys (ConfUtils.java:logGet(43)) - raft.server.log.appender.buffer.byte-limit = 33554432 (custom)
2019-10-15 00:41:38,012 [main] INFO  server.GrpcService (ConfUtils.java:logGet(43)) - raft.grpc.flow.control.window = 1MB (=1048576) (default)
2019-10-15 00:41:38,012 [main] INFO  server.RaftServerConfigKeys (ConfUtils.java:logGet(43)) - raft.server.rpc.request.timeout = 3000ms (default)
2019-10-15 00:41:38,013 [main] INFO  server.RaftServerConfigKeys (ConfUtils.java:logGet(43)) - raft.server.storage.dir = [/workdir/hadoop-ozone/integration-test/target/test-dir/MiniOzoneClusterImpl-e538d966-0196-4657-9505-dd1c5b05d6aa/datanode-2/data/ratis] (custom)
2019-10-15 00:41:38,016 [main] INFO  hdfs.DFSUtil (DFSUtil.java:httpServerTemplateForNNAndJN(1641)) - Starting Web-server for hddsDatanode at: http://0.0.0.0:0
2019-10-15 00:41:38,017 [main] INFO  server.AuthenticationFilter (AuthenticationFilter.java:constructSecretProvider(240)) - Unable to initialize FileSignerSecretProvider, falling back to use random secrets.
2019-10-15 00:41:38,017 [main] WARN  http.HttpRequestLog (HttpRequestLog.java:getRequestLog(97)) - Jetty request log can only be enabled using Log4j
2019-10-15 00:41:38,020 [main] INFO  http.HttpServer2 (HttpServer2.java:addGlobalFilter(975)) - Added global filter 'safety' (class=org.apache.hadoop.http.HttpServer2$QuotingInputFilter)
2019-10-15 00:41:38,021 [main] INFO  http.HttpServer2 (HttpServer2.java:addFilter(948)) - Added filter static_user_filter (class=org.apache.hadoop.http.lib.StaticUserWebFilter$StaticUserFilter) to context hddsDatanode
2019-10-15 00:41:38,021 [main] INFO  http.HttpServer2 (HttpServer2.java:addFilter(958)) - Added filter static_user_filter (class=org.apache.hadoop.http.lib.StaticUserWebFilter$StaticUserFilter) to context logs
2019-10-15 00:41:38,021 [main] INFO  http.HttpServer2 (HttpServer2.java:addFilter(958)) - Added filter static_user_filter (class=org.apache.hadoop.http.lib.StaticUserWebFilter$StaticUserFilter) to context static
2019-10-15 00:41:38,022 [main] INFO  http.HttpServer2 (HttpServer2.java:bindListener(1191)) - Jetty bound to port 33972
2019-10-15 00:41:38,022 [main] INFO  server.Server (Server.java:doStart(351)) - jetty-9.3.25.v20180904, build timestamp: 2018-09-04T21:11:46Z, git hash: 3ce520221d0240229c862b122d2b06c12a625732
2019-10-15 00:41:38,024 [main] INFO  handler.ContextHandler (ContextHandler.java:doStart(781)) - Started o.e.j.s.ServletContextHandler@70887727{/logs,file:///workdir/hadoop-ozone/integration-test/target/log,AVAILABLE}
2019-10-15 00:41:38,025 [main] INFO  handler.ContextHandler (ContextHandler.java:doStart(781)) - Started o.e.j.s.ServletContextHandler@599e4d41{/static,jar:file:/home/user/.m2/repository/org/apache/hadoop/hadoop-hdds-container-service/0.5.0-SNAPSHOT/hadoop-hdds-container-service-0.5.0-SNAPSHOT.jar!/webapps/static,AVAILABLE}
2019-10-15 00:41:38,025 [Datanode State Machine Thread - 0] INFO  datanode.InitDatanodeState (InitDatanodeState.java:persistContainerDatanodeDetails(140)) - DatanodeDetails is persisted to /workdir/hadoop-ozone/integration-test/target/test-dir/MiniOzoneClusterImpl-e538d966-0196-4657-9505-dd1c5b05d6aa/datanode-0/meta/datanode.id
2019-10-15 00:41:38,028 [Datanode State Machine Thread - 0] INFO  datanode.InitDatanodeState (InitDatanodeState.java:persistContainerDatanodeDetails(140)) - DatanodeDetails is persisted to /workdir/hadoop-ozone/integration-test/target/test-dir/MiniOzoneClusterImpl-e538d966-0196-4657-9505-dd1c5b05d6aa/datanode-1/meta/datanode.id
2019-10-15 00:41:38,058 [main] INFO  handler.ContextHandler (ContextHandler.java:doStart(781)) - Started o.e.j.w.WebAppContext@bc042d5{/,file:///tmp/jetty-0.0.0.0-33972-hddsDatanode-_-any-6668554488648431113.dir/webapp/,AVAILABLE}{/hddsDatanode}
2019-10-15 00:41:38,060 [main] INFO  server.AbstractConnector (AbstractConnector.java:doStart(278)) - Started ServerConnector@5484117b{HTTP/1.1,[http/1.1]}{0.0.0.0:33972}
2019-10-15 00:41:38,061 [main] INFO  server.Server (Server.java:doStart(419)) - Started @5981ms
2019-10-15 00:41:38,061 [main] WARN  impl.MetricsSystemImpl (MetricsSystemImpl.java:register(276)) - Sink prometheus already exists!
2019-10-15 00:41:38,062 [main] INFO  server.BaseHttpServer (BaseHttpServer.java:updateConnectorAddress(215)) - HTTP server of HDDSDATANODE is listening at http://0.0.0.0:33972
2019-10-15 00:41:38,062 [main] INFO  impl.MetricsSystemImpl (MetricsSystemImpl.java:init(158)) - HddsDatanode metrics system started (again)
2019-10-15 00:41:38,065 [org.apache.hadoop.util.JvmPauseMonitor$Monitor@61aa576b] INFO  util.JvmPauseMonitor (JvmPauseMonitor.java:run(188)) - Starting JVM pause monitor
2019-10-15 00:41:38,066 [main] INFO  ozone.HddsDatanodeService (HddsDatanodeService.java:start(184)) - HddsDatanodeService host:pr-hdds-1868-7bj8h-208101609 ip:192.168.164.218
2019-10-15 00:41:38,067 [Datanode State Machine Thread - 0] INFO  datanode.InitDatanodeState (InitDatanodeState.java:persistContainerDatanodeDetails(140)) - DatanodeDetails is persisted to /workdir/hadoop-ozone/integration-test/target/test-dir/MiniOzoneClusterImpl-e538d966-0196-4657-9505-dd1c5b05d6aa/datanode-2/meta/datanode.id
2019-10-15 00:41:38,074 [main] INFO  volume.HddsVolume (HddsVolume.java:<init>(176)) - Creating Volume: /workdir/hadoop-ozone/integration-test/target/test-dir/MiniOzoneClusterImpl-e538d966-0196-4657-9505-dd1c5b05d6aa/datanode-3/data/containers/hdds of  storage type : DISK and capacity : 1482555576320
2019-10-15 00:41:38,075 [main] INFO  volume.VolumeSet (VolumeSet.java:initializeVolumeSet(170)) - Added Volume : /workdir/hadoop-ozone/integration-test/target/test-dir/MiniOzoneClusterImpl-e538d966-0196-4657-9505-dd1c5b05d6aa/datanode-3/data/containers/hdds to VolumeSet
2019-10-15 00:41:38,075 [main] INFO  volume.ThrottledAsyncChecker (ThrottledAsyncChecker.java:schedule(141)) - Scheduling a check for org.apache.hadoop.ozone.container.common.volume.HddsVolume@378cfecf
2019-10-15 00:41:38,076 [main] INFO  volume.HddsVolumeChecker (HddsVolumeChecker.java:checkAllVolumes(204)) - Scheduled health check for volume org.apache.hadoop.ozone.container.common.volume.HddsVolume@378cfecf
2019-10-15 00:41:38,096 [main] INFO  impl.RaftServerProxy (ConfUtils.java:logGet(43)) - raft.rpc.type = GRPC (default)
2019-10-15 00:41:38,096 [main] INFO  grpc.GrpcFactory (GrpcFactory.java:checkPooledByteBufAllocatorUseCacheForAllThreads(45)) - PERFORMANCE WARNING: useCacheForAllThreads is true that may cause Netty to create a lot garbage objects and, as a result, trigger GC.
	It is recommended to disable useCacheForAllThreads by setting -Dorg.apache.ratis.thirdparty.io.netty.allocator.useCacheForAllThreads=false in command line.
2019-10-15 00:41:38,097 [main] INFO  grpc.GrpcConfigKeys$Server (ConfUtils.java:logGet(43)) - raft.grpc.server.port = 0 (default)
2019-10-15 00:41:38,097 [main] INFO  server.GrpcService (ConfUtils.java:logGet(43)) - raft.grpc.message.size.max = 33570816 (custom)
2019-10-15 00:41:38,098 [main] INFO  server.RaftServerConfigKeys (ConfUtils.java:logGet(43)) - raft.server.log.appender.buffer.byte-limit = 33554432 (custom)
2019-10-15 00:41:38,098 [main] INFO  server.GrpcService (ConfUtils.java:logGet(43)) - raft.grpc.flow.control.window = 1MB (=1048576) (default)
2019-10-15 00:41:38,099 [main] INFO  server.RaftServerConfigKeys (ConfUtils.java:logGet(43)) - raft.server.rpc.request.timeout = 3000ms (default)
2019-10-15 00:41:38,101 [main] INFO  server.RaftServerConfigKeys (ConfUtils.java:logGet(43)) - raft.server.storage.dir = [/workdir/hadoop-ozone/integration-test/target/test-dir/MiniOzoneClusterImpl-e538d966-0196-4657-9505-dd1c5b05d6aa/datanode-3/data/ratis] (custom)
2019-10-15 00:41:38,104 [main] INFO  hdfs.DFSUtil (DFSUtil.java:httpServerTemplateForNNAndJN(1641)) - Starting Web-server for hddsDatanode at: http://0.0.0.0:0
2019-10-15 00:41:38,106 [main] INFO  server.AuthenticationFilter (AuthenticationFilter.java:constructSecretProvider(240)) - Unable to initialize FileSignerSecretProvider, falling back to use random secrets.
2019-10-15 00:41:38,106 [main] WARN  http.HttpRequestLog (HttpRequestLog.java:getRequestLog(97)) - Jetty request log can only be enabled using Log4j
2019-10-15 00:41:38,108 [main] INFO  http.HttpServer2 (HttpServer2.java:addGlobalFilter(975)) - Added global filter 'safety' (class=org.apache.hadoop.http.HttpServer2$QuotingInputFilter)
2019-10-15 00:41:38,109 [main] INFO  http.HttpServer2 (HttpServer2.java:addFilter(948)) - Added filter static_user_filter (class=org.apache.hadoop.http.lib.StaticUserWebFilter$StaticUserFilter) to context hddsDatanode
2019-10-15 00:41:38,109 [main] INFO  http.HttpServer2 (HttpServer2.java:addFilter(958)) - Added filter static_user_filter (class=org.apache.hadoop.http.lib.StaticUserWebFilter$StaticUserFilter) to context logs
2019-10-15 00:41:38,109 [main] INFO  http.HttpServer2 (HttpServer2.java:addFilter(958)) - Added filter static_user_filter (class=org.apache.hadoop.http.lib.StaticUserWebFilter$StaticUserFilter) to context static
2019-10-15 00:41:38,110 [main] INFO  http.HttpServer2 (HttpServer2.java:bindListener(1191)) - Jetty bound to port 42215
2019-10-15 00:41:38,110 [main] INFO  server.Server (Server.java:doStart(351)) - jetty-9.3.25.v20180904, build timestamp: 2018-09-04T21:11:46Z, git hash: 3ce520221d0240229c862b122d2b06c12a625732
2019-10-15 00:41:38,114 [main] INFO  handler.ContextHandler (ContextHandler.java:doStart(781)) - Started o.e.j.s.ServletContextHandler@20ab3e3a{/logs,file:///workdir/hadoop-ozone/integration-test/target/log,AVAILABLE}
2019-10-15 00:41:38,115 [main] INFO  handler.ContextHandler (ContextHandler.java:doStart(781)) - Started o.e.j.s.ServletContextHandler@709ed6f3{/static,jar:file:/home/user/.m2/repository/org/apache/hadoop/hadoop-hdds-container-service/0.5.0-SNAPSHOT/hadoop-hdds-container-service-0.5.0-SNAPSHOT.jar!/webapps/static,AVAILABLE}
2019-10-15 00:41:38,145 [main] INFO  handler.ContextHandler (ContextHandler.java:doStart(781)) - Started o.e.j.w.WebAppContext@242b6e1a{/,file:///tmp/jetty-0.0.0.0-42215-hddsDatanode-_-any-7974773943335015573.dir/webapp/,AVAILABLE}{/hddsDatanode}
2019-10-15 00:41:38,146 [main] INFO  server.AbstractConnector (AbstractConnector.java:doStart(278)) - Started ServerConnector@39a87e72{HTTP/1.1,[http/1.1]}{0.0.0.0:42215}
2019-10-15 00:41:38,148 [main] INFO  server.Server (Server.java:doStart(419)) - Started @6067ms
2019-10-15 00:41:38,148 [main] WARN  impl.MetricsSystemImpl (MetricsSystemImpl.java:register(276)) - Sink prometheus already exists!
2019-10-15 00:41:38,149 [main] INFO  server.BaseHttpServer (BaseHttpServer.java:updateConnectorAddress(215)) - HTTP server of HDDSDATANODE is listening at http://0.0.0.0:42215
2019-10-15 00:41:38,149 [main] INFO  impl.MetricsSystemImpl (MetricsSystemImpl.java:init(158)) - HddsDatanode metrics system started (again)
2019-10-15 00:41:38,152 [org.apache.hadoop.util.JvmPauseMonitor$Monitor@1ce8f343] INFO  util.JvmPauseMonitor (JvmPauseMonitor.java:run(188)) - Starting JVM pause monitor
2019-10-15 00:41:38,153 [main] INFO  ozone.HddsDatanodeService (HddsDatanodeService.java:start(184)) - HddsDatanodeService host:pr-hdds-1868-7bj8h-208101609 ip:192.168.164.218
2019-10-15 00:41:38,155 [Datanode State Machine Thread - 0] INFO  datanode.InitDatanodeState (InitDatanodeState.java:persistContainerDatanodeDetails(140)) - DatanodeDetails is persisted to /workdir/hadoop-ozone/integration-test/target/test-dir/MiniOzoneClusterImpl-e538d966-0196-4657-9505-dd1c5b05d6aa/datanode-3/meta/datanode.id
2019-10-15 00:41:38,162 [main] INFO  volume.HddsVolume (HddsVolume.java:<init>(176)) - Creating Volume: /workdir/hadoop-ozone/integration-test/target/test-dir/MiniOzoneClusterImpl-e538d966-0196-4657-9505-dd1c5b05d6aa/datanode-4/data/containers/hdds of  storage type : DISK and capacity : 1482555576320
2019-10-15 00:41:38,163 [main] INFO  volume.VolumeSet (VolumeSet.java:initializeVolumeSet(170)) - Added Volume : /workdir/hadoop-ozone/integration-test/target/test-dir/MiniOzoneClusterImpl-e538d966-0196-4657-9505-dd1c5b05d6aa/datanode-4/data/containers/hdds to VolumeSet
2019-10-15 00:41:38,163 [main] INFO  volume.ThrottledAsyncChecker (ThrottledAsyncChecker.java:schedule(141)) - Scheduling a check for org.apache.hadoop.ozone.container.common.volume.HddsVolume@6a1d3225
2019-10-15 00:41:38,163 [main] INFO  volume.HddsVolumeChecker (HddsVolumeChecker.java:checkAllVolumes(204)) - Scheduled health check for volume org.apache.hadoop.ozone.container.common.volume.HddsVolume@6a1d3225
2019-10-15 00:41:38,178 [main] INFO  impl.RaftServerProxy (ConfUtils.java:logGet(43)) - raft.rpc.type = GRPC (default)
2019-10-15 00:41:38,178 [main] INFO  grpc.GrpcFactory (GrpcFactory.java:checkPooledByteBufAllocatorUseCacheForAllThreads(45)) - PERFORMANCE WARNING: useCacheForAllThreads is true that may cause Netty to create a lot garbage objects and, as a result, trigger GC.
	It is recommended to disable useCacheForAllThreads by setting -Dorg.apache.ratis.thirdparty.io.netty.allocator.useCacheForAllThreads=false in command line.
2019-10-15 00:41:38,178 [main] INFO  grpc.GrpcConfigKeys$Server (ConfUtils.java:logGet(43)) - raft.grpc.server.port = 0 (default)
2019-10-15 00:41:38,178 [main] INFO  server.GrpcService (ConfUtils.java:logGet(43)) - raft.grpc.message.size.max = 33570816 (custom)
2019-10-15 00:41:38,179 [main] INFO  server.RaftServerConfigKeys (ConfUtils.java:logGet(43)) - raft.server.log.appender.buffer.byte-limit = 33554432 (custom)
2019-10-15 00:41:38,179 [main] INFO  server.GrpcService (ConfUtils.java:logGet(43)) - raft.grpc.flow.control.window = 1MB (=1048576) (default)
2019-10-15 00:41:38,179 [main] INFO  server.RaftServerConfigKeys (ConfUtils.java:logGet(43)) - raft.server.rpc.request.timeout = 3000ms (default)
2019-10-15 00:41:38,180 [main] INFO  server.RaftServerConfigKeys (ConfUtils.java:logGet(43)) - raft.server.storage.dir = [/workdir/hadoop-ozone/integration-test/target/test-dir/MiniOzoneClusterImpl-e538d966-0196-4657-9505-dd1c5b05d6aa/datanode-4/data/ratis] (custom)
2019-10-15 00:41:38,181 [main] INFO  hdfs.DFSUtil (DFSUtil.java:httpServerTemplateForNNAndJN(1641)) - Starting Web-server for hddsDatanode at: http://0.0.0.0:0
2019-10-15 00:41:38,183 [main] INFO  server.AuthenticationFilter (AuthenticationFilter.java:constructSecretProvider(240)) - Unable to initialize FileSignerSecretProvider, falling back to use random secrets.
2019-10-15 00:41:38,184 [main] WARN  http.HttpRequestLog (HttpRequestLog.java:getRequestLog(97)) - Jetty request log can only be enabled using Log4j
2019-10-15 00:41:38,185 [main] INFO  http.HttpServer2 (HttpServer2.java:addGlobalFilter(975)) - Added global filter 'safety' (class=org.apache.hadoop.http.HttpServer2$QuotingInputFilter)
2019-10-15 00:41:38,186 [main] INFO  http.HttpServer2 (HttpServer2.java:addFilter(948)) - Added filter static_user_filter (class=org.apache.hadoop.http.lib.StaticUserWebFilter$StaticUserFilter) to context hddsDatanode
2019-10-15 00:41:38,186 [main] INFO  http.HttpServer2 (HttpServer2.java:addFilter(958)) - Added filter static_user_filter (class=org.apache.hadoop.http.lib.StaticUserWebFilter$StaticUserFilter) to context static
2019-10-15 00:41:38,186 [main] INFO  http.HttpServer2 (HttpServer2.java:addFilter(958)) - Added filter static_user_filter (class=org.apache.hadoop.http.lib.StaticUserWebFilter$StaticUserFilter) to context logs
2019-10-15 00:41:38,187 [main] INFO  http.HttpServer2 (HttpServer2.java:bindListener(1191)) - Jetty bound to port 35406
2019-10-15 00:41:38,187 [main] INFO  server.Server (Server.java:doStart(351)) - jetty-9.3.25.v20180904, build timestamp: 2018-09-04T21:11:46Z, git hash: 3ce520221d0240229c862b122d2b06c12a625732
2019-10-15 00:41:38,189 [main] INFO  handler.ContextHandler (ContextHandler.java:doStart(781)) - Started o.e.j.s.ServletContextHandler@16727bf0{/logs,file:///workdir/hadoop-ozone/integration-test/target/log,AVAILABLE}
2019-10-15 00:41:38,190 [main] INFO  handler.ContextHandler (ContextHandler.java:doStart(781)) - Started o.e.j.s.ServletContextHandler@291373d3{/static,jar:file:/home/user/.m2/repository/org/apache/hadoop/hadoop-hdds-container-service/0.5.0-SNAPSHOT/hadoop-hdds-container-service-0.5.0-SNAPSHOT.jar!/webapps/static,AVAILABLE}
2019-10-15 00:41:38,220 [main] INFO  handler.ContextHandler (ContextHandler.java:doStart(781)) - Started o.e.j.w.WebAppContext@48b4a043{/,file:///tmp/jetty-0.0.0.0-35406-hddsDatanode-_-any-6325546157150092785.dir/webapp/,AVAILABLE}{/hddsDatanode}
2019-10-15 00:41:38,222 [main] INFO  server.AbstractConnector (AbstractConnector.java:doStart(278)) - Started ServerConnector@2f5b8250{HTTP/1.1,[http/1.1]}{0.0.0.0:35406}
2019-10-15 00:41:38,222 [main] INFO  server.Server (Server.java:doStart(419)) - Started @6142ms
2019-10-15 00:41:38,223 [main] WARN  impl.MetricsSystemImpl (MetricsSystemImpl.java:register(276)) - Sink prometheus already exists!
2019-10-15 00:41:38,223 [main] INFO  server.BaseHttpServer (BaseHttpServer.java:updateConnectorAddress(215)) - HTTP server of HDDSDATANODE is listening at http://0.0.0.0:35406
2019-10-15 00:41:38,224 [main] INFO  impl.MetricsSystemImpl (MetricsSystemImpl.java:init(158)) - HddsDatanode metrics system started (again)
2019-10-15 00:41:38,227 [org.apache.hadoop.util.JvmPauseMonitor$Monitor@71d4fb86] INFO  util.JvmPauseMonitor (JvmPauseMonitor.java:run(188)) - Starting JVM pause monitor
2019-10-15 00:41:38,228 [main] INFO  ozone.HddsDatanodeService (HddsDatanodeService.java:start(184)) - HddsDatanodeService host:pr-hdds-1868-7bj8h-208101609 ip:192.168.164.218
2019-10-15 00:41:38,229 [Datanode State Machine Thread - 0] INFO  datanode.InitDatanodeState (InitDatanodeState.java:persistContainerDatanodeDetails(140)) - DatanodeDetails is persisted to /workdir/hadoop-ozone/integration-test/target/test-dir/MiniOzoneClusterImpl-e538d966-0196-4657-9505-dd1c5b05d6aa/datanode-4/meta/datanode.id
2019-10-15 00:41:38,234 [main] INFO  volume.HddsVolume (HddsVolume.java:<init>(176)) - Creating Volume: /workdir/hadoop-ozone/integration-test/target/test-dir/MiniOzoneClusterImpl-e538d966-0196-4657-9505-dd1c5b05d6aa/datanode-5/data/containers/hdds of  storage type : DISK and capacity : 1482555576320
2019-10-15 00:41:38,234 [main] INFO  volume.VolumeSet (VolumeSet.java:initializeVolumeSet(170)) - Added Volume : /workdir/hadoop-ozone/integration-test/target/test-dir/MiniOzoneClusterImpl-e538d966-0196-4657-9505-dd1c5b05d6aa/datanode-5/data/containers/hdds to VolumeSet
2019-10-15 00:41:38,234 [main] INFO  volume.ThrottledAsyncChecker (ThrottledAsyncChecker.java:schedule(141)) - Scheduling a check for org.apache.hadoop.ozone.container.common.volume.HddsVolume@6cf0a747
2019-10-15 00:41:38,235 [main] INFO  volume.HddsVolumeChecker (HddsVolumeChecker.java:checkAllVolumes(204)) - Scheduled health check for volume org.apache.hadoop.ozone.container.common.volume.HddsVolume@6cf0a747
2019-10-15 00:41:38,252 [main] INFO  impl.RaftServerProxy (ConfUtils.java:logGet(43)) - raft.rpc.type = GRPC (default)
2019-10-15 00:41:38,252 [main] INFO  grpc.GrpcFactory (GrpcFactory.java:checkPooledByteBufAllocatorUseCacheForAllThreads(45)) - PERFORMANCE WARNING: useCacheForAllThreads is true that may cause Netty to create a lot garbage objects and, as a result, trigger GC.
	It is recommended to disable useCacheForAllThreads by setting -Dorg.apache.ratis.thirdparty.io.netty.allocator.useCacheForAllThreads=false in command line.
2019-10-15 00:41:38,252 [main] INFO  grpc.GrpcConfigKeys$Server (ConfUtils.java:logGet(43)) - raft.grpc.server.port = 0 (default)
2019-10-15 00:41:38,253 [main] INFO  server.GrpcService (ConfUtils.java:logGet(43)) - raft.grpc.message.size.max = 33570816 (custom)
2019-10-15 00:41:38,253 [main] INFO  server.RaftServerConfigKeys (ConfUtils.java:logGet(43)) - raft.server.log.appender.buffer.byte-limit = 33554432 (custom)
2019-10-15 00:41:38,253 [main] INFO  server.GrpcService (ConfUtils.java:logGet(43)) - raft.grpc.flow.control.window = 1MB (=1048576) (default)
2019-10-15 00:41:38,253 [main] INFO  server.RaftServerConfigKeys (ConfUtils.java:logGet(43)) - raft.server.rpc.request.timeout = 3000ms (default)
2019-10-15 00:41:38,254 [main] INFO  server.RaftServerConfigKeys (ConfUtils.java:logGet(43)) - raft.server.storage.dir = [/workdir/hadoop-ozone/integration-test/target/test-dir/MiniOzoneClusterImpl-e538d966-0196-4657-9505-dd1c5b05d6aa/datanode-5/data/ratis] (custom)
2019-10-15 00:41:38,255 [main] INFO  hdfs.DFSUtil (DFSUtil.java:httpServerTemplateForNNAndJN(1641)) - Starting Web-server for hddsDatanode at: http://0.0.0.0:0
2019-10-15 00:41:38,257 [main] INFO  server.AuthenticationFilter (AuthenticationFilter.java:constructSecretProvider(240)) - Unable to initialize FileSignerSecretProvider, falling back to use random secrets.
2019-10-15 00:41:38,257 [main] WARN  http.HttpRequestLog (HttpRequestLog.java:getRequestLog(97)) - Jetty request log can only be enabled using Log4j
2019-10-15 00:41:38,259 [main] INFO  http.HttpServer2 (HttpServer2.java:addGlobalFilter(975)) - Added global filter 'safety' (class=org.apache.hadoop.http.HttpServer2$QuotingInputFilter)
2019-10-15 00:41:38,260 [main] INFO  http.HttpServer2 (HttpServer2.java:addFilter(948)) - Added filter static_user_filter (class=org.apache.hadoop.http.lib.StaticUserWebFilter$StaticUserFilter) to context hddsDatanode
2019-10-15 00:41:38,260 [main] INFO  http.HttpServer2 (HttpServer2.java:addFilter(958)) - Added filter static_user_filter (class=org.apache.hadoop.http.lib.StaticUserWebFilter$StaticUserFilter) to context logs
2019-10-15 00:41:38,260 [main] INFO  http.HttpServer2 (HttpServer2.java:addFilter(958)) - Added filter static_user_filter (class=org.apache.hadoop.http.lib.StaticUserWebFilter$StaticUserFilter) to context static
2019-10-15 00:41:38,261 [main] INFO  http.HttpServer2 (HttpServer2.java:bindListener(1191)) - Jetty bound to port 34348
2019-10-15 00:41:38,261 [main] INFO  server.Server (Server.java:doStart(351)) - jetty-9.3.25.v20180904, build timestamp: 2018-09-04T21:11:46Z, git hash: 3ce520221d0240229c862b122d2b06c12a625732
2019-10-15 00:41:38,262 [main] INFO  handler.ContextHandler (ContextHandler.java:doStart(781)) - Started o.e.j.s.ServletContextHandler@52f57666{/logs,file:///workdir/hadoop-ozone/integration-test/target/log,AVAILABLE}
2019-10-15 00:41:38,263 [main] INFO  handler.ContextHandler (ContextHandler.java:doStart(781)) - Started o.e.j.s.ServletContextHandler@267dc982{/static,jar:file:/home/user/.m2/repository/org/apache/hadoop/hadoop-hdds-container-service/0.5.0-SNAPSHOT/hadoop-hdds-container-service-0.5.0-SNAPSHOT.jar!/webapps/static,AVAILABLE}
2019-10-15 00:41:38,295 [main] INFO  handler.ContextHandler (ContextHandler.java:doStart(781)) - Started o.e.j.w.WebAppContext@1a1f5f71{/,file:///tmp/jetty-0.0.0.0-34348-hddsDatanode-_-any-5003875816963171891.dir/webapp/,AVAILABLE}{/hddsDatanode}
2019-10-15 00:41:38,296 [main] INFO  server.AbstractConnector (AbstractConnector.java:doStart(278)) - Started ServerConnector@63884e4{HTTP/1.1,[http/1.1]}{0.0.0.0:34348}
2019-10-15 00:41:38,296 [main] INFO  server.Server (Server.java:doStart(419)) - Started @6216ms
2019-10-15 00:41:38,296 [main] WARN  impl.MetricsSystemImpl (MetricsSystemImpl.java:register(276)) - Sink prometheus already exists!
2019-10-15 00:41:38,297 [main] INFO  server.BaseHttpServer (BaseHttpServer.java:updateConnectorAddress(215)) - HTTP server of HDDSDATANODE is listening at http://0.0.0.0:34348
2019-10-15 00:41:38,298 [main] INFO  impl.MetricsSystemImpl (MetricsSystemImpl.java:init(158)) - HddsDatanode metrics system started (again)
2019-10-15 00:41:38,301 [org.apache.hadoop.util.JvmPauseMonitor$Monitor@3fa8c936] INFO  util.JvmPauseMonitor (JvmPauseMonitor.java:run(188)) - Starting JVM pause monitor
2019-10-15 00:41:38,301 [main] INFO  ozone.HddsDatanodeService (HddsDatanodeService.java:start(184)) - HddsDatanodeService host:pr-hdds-1868-7bj8h-208101609 ip:192.168.164.218
2019-10-15 00:41:38,304 [Datanode State Machine Thread - 0] INFO  datanode.InitDatanodeState (InitDatanodeState.java:persistContainerDatanodeDetails(140)) - DatanodeDetails is persisted to /workdir/hadoop-ozone/integration-test/target/test-dir/MiniOzoneClusterImpl-e538d966-0196-4657-9505-dd1c5b05d6aa/datanode-5/meta/datanode.id
2019-10-15 00:41:38,308 [main] INFO  volume.HddsVolume (HddsVolume.java:<init>(176)) - Creating Volume: /workdir/hadoop-ozone/integration-test/target/test-dir/MiniOzoneClusterImpl-e538d966-0196-4657-9505-dd1c5b05d6aa/datanode-6/data/containers/hdds of  storage type : DISK and capacity : 1482555576320
2019-10-15 00:41:38,309 [main] INFO  volume.VolumeSet (VolumeSet.java:initializeVolumeSet(170)) - Added Volume : /workdir/hadoop-ozone/integration-test/target/test-dir/MiniOzoneClusterImpl-e538d966-0196-4657-9505-dd1c5b05d6aa/datanode-6/data/containers/hdds to VolumeSet
2019-10-15 00:41:38,309 [main] INFO  volume.ThrottledAsyncChecker (ThrottledAsyncChecker.java:schedule(141)) - Scheduling a check for org.apache.hadoop.ozone.container.common.volume.HddsVolume@623ebac7
2019-10-15 00:41:38,309 [main] INFO  volume.HddsVolumeChecker (HddsVolumeChecker.java:checkAllVolumes(204)) - Scheduled health check for volume org.apache.hadoop.ozone.container.common.volume.HddsVolume@623ebac7
2019-10-15 00:41:38,324 [main] INFO  impl.RaftServerProxy (ConfUtils.java:logGet(43)) - raft.rpc.type = GRPC (default)
2019-10-15 00:41:38,324 [main] INFO  grpc.GrpcFactory (GrpcFactory.java:checkPooledByteBufAllocatorUseCacheForAllThreads(45)) - PERFORMANCE WARNING: useCacheForAllThreads is true that may cause Netty to create a lot garbage objects and, as a result, trigger GC.
	It is recommended to disable useCacheForAllThreads by setting -Dorg.apache.ratis.thirdparty.io.netty.allocator.useCacheForAllThreads=false in command line.
2019-10-15 00:41:38,324 [main] INFO  grpc.GrpcConfigKeys$Server (ConfUtils.java:logGet(43)) - raft.grpc.server.port = 0 (default)
2019-10-15 00:41:38,324 [main] INFO  server.GrpcService (ConfUtils.java:logGet(43)) - raft.grpc.message.size.max = 33570816 (custom)
2019-10-15 00:41:38,325 [main] INFO  server.RaftServerConfigKeys (ConfUtils.java:logGet(43)) - raft.server.log.appender.buffer.byte-limit = 33554432 (custom)
2019-10-15 00:41:38,325 [main] INFO  server.GrpcService (ConfUtils.java:logGet(43)) - raft.grpc.flow.control.window = 1MB (=1048576) (default)
2019-10-15 00:41:38,325 [main] INFO  server.RaftServerConfigKeys (ConfUtils.java:logGet(43)) - raft.server.rpc.request.timeout = 3000ms (default)
2019-10-15 00:41:38,326 [main] INFO  server.RaftServerConfigKeys (ConfUtils.java:logGet(43)) - raft.server.storage.dir = [/workdir/hadoop-ozone/integration-test/target/test-dir/MiniOzoneClusterImpl-e538d966-0196-4657-9505-dd1c5b05d6aa/datanode-6/data/ratis] (custom)
2019-10-15 00:41:38,327 [main] INFO  hdfs.DFSUtil (DFSUtil.java:httpServerTemplateForNNAndJN(1641)) - Starting Web-server for hddsDatanode at: http://0.0.0.0:0
2019-10-15 00:41:38,328 [main] INFO  server.AuthenticationFilter (AuthenticationFilter.java:constructSecretProvider(240)) - Unable to initialize FileSignerSecretProvider, falling back to use random secrets.
2019-10-15 00:41:38,329 [main] WARN  http.HttpRequestLog (HttpRequestLog.java:getRequestLog(97)) - Jetty request log can only be enabled using Log4j
2019-10-15 00:41:38,330 [main] INFO  http.HttpServer2 (HttpServer2.java:addGlobalFilter(975)) - Added global filter 'safety' (class=org.apache.hadoop.http.HttpServer2$QuotingInputFilter)
2019-10-15 00:41:38,331 [main] INFO  http.HttpServer2 (HttpServer2.java:addFilter(948)) - Added filter static_user_filter (class=org.apache.hadoop.http.lib.StaticUserWebFilter$StaticUserFilter) to context hddsDatanode
2019-10-15 00:41:38,331 [main] INFO  http.HttpServer2 (HttpServer2.java:addFilter(958)) - Added filter static_user_filter (class=org.apache.hadoop.http.lib.StaticUserWebFilter$StaticUserFilter) to context logs
2019-10-15 00:41:38,331 [main] INFO  http.HttpServer2 (HttpServer2.java:addFilter(958)) - Added filter static_user_filter (class=org.apache.hadoop.http.lib.StaticUserWebFilter$StaticUserFilter) to context static
2019-10-15 00:41:38,332 [main] INFO  http.HttpServer2 (HttpServer2.java:bindListener(1191)) - Jetty bound to port 43036
2019-10-15 00:41:38,332 [main] INFO  server.Server (Server.java:doStart(351)) - jetty-9.3.25.v20180904, build timestamp: 2018-09-04T21:11:46Z, git hash: 3ce520221d0240229c862b122d2b06c12a625732
2019-10-15 00:41:38,334 [main] INFO  handler.ContextHandler (ContextHandler.java:doStart(781)) - Started o.e.j.s.ServletContextHandler@885e7ff{/logs,file:///workdir/hadoop-ozone/integration-test/target/log,AVAILABLE}
2019-10-15 00:41:38,335 [main] INFO  handler.ContextHandler (ContextHandler.java:doStart(781)) - Started o.e.j.s.ServletContextHandler@4fa9ab6{/static,jar:file:/home/user/.m2/repository/org/apache/hadoop/hadoop-hdds-container-service/0.5.0-SNAPSHOT/hadoop-hdds-container-service-0.5.0-SNAPSHOT.jar!/webapps/static,AVAILABLE}
2019-10-15 00:41:38,365 [main] INFO  handler.ContextHandler (ContextHandler.java:doStart(781)) - Started o.e.j.w.WebAppContext@512d6e60{/,file:///tmp/jetty-0.0.0.0-43036-hddsDatanode-_-any-9022915633016481620.dir/webapp/,AVAILABLE}{/hddsDatanode}
2019-10-15 00:41:38,365 [main] INFO  server.AbstractConnector (AbstractConnector.java:doStart(278)) - Started ServerConnector@1de9b505{HTTP/1.1,[http/1.1]}{0.0.0.0:43036}
2019-10-15 00:41:38,366 [main] INFO  server.Server (Server.java:doStart(419)) - Started @6286ms
2019-10-15 00:41:38,366 [main] WARN  impl.MetricsSystemImpl (MetricsSystemImpl.java:register(276)) - Sink prometheus already exists!
2019-10-15 00:41:38,367 [main] INFO  server.BaseHttpServer (BaseHttpServer.java:updateConnectorAddress(215)) - HTTP server of HDDSDATANODE is listening at http://0.0.0.0:43036
2019-10-15 00:41:38,370 [org.apache.hadoop.util.JvmPauseMonitor$Monitor@34ff4ce] INFO  util.JvmPauseMonitor (JvmPauseMonitor.java:run(188)) - Starting JVM pause monitor
2019-10-15 00:41:38,371 [main] INFO  ozone.MiniOzoneClusterImpl (MiniOzoneClusterImpl.java:lambda$waitForClusterToBeReady$2(172)) - Waiting for cluster to be ready. Got 0 of 7 DN Heartbeats.
2019-10-15 00:41:38,373 [Datanode State Machine Thread - 0] INFO  datanode.InitDatanodeState (InitDatanodeState.java:persistContainerDatanodeDetails(140)) - DatanodeDetails is persisted to /workdir/hadoop-ozone/integration-test/target/test-dir/MiniOzoneClusterImpl-e538d966-0196-4657-9505-dd1c5b05d6aa/datanode-6/meta/datanode.id
2019-10-15 00:41:39,372 [main] INFO  ozone.MiniOzoneClusterImpl (MiniOzoneClusterImpl.java:lambda$waitForClusterToBeReady$2(172)) - Waiting for cluster to be ready. Got 0 of 7 DN Heartbeats.
2019-10-15 00:41:40,004 [Datanode State Machine Thread - 0] INFO  ozoneimpl.OzoneContainer (OzoneContainer.java:start(213)) - Attempting to start container services.
2019-10-15 00:41:40,007 [Datanode State Machine Thread - 0] INFO  ozoneimpl.OzoneContainer (OzoneContainer.java:startContainerScrub(177)) - Background container scanner has been disabled.
2019-10-15 00:41:40,007 [Datanode State Machine Thread - 0] INFO  ratis.XceiverServerRatis (XceiverServerRatis.java:start(425)) - Starting XceiverServerRatis b4be3a15-5992-443a-af08-7fcb05eb4936 at port 0
2019-10-15 00:41:40,021 [Datanode State Machine Thread - 0] INFO  ozoneimpl.OzoneContainer (OzoneContainer.java:start(213)) - Attempting to start container services.
2019-10-15 00:41:40,028 [Datanode State Machine Thread - 0] INFO  ozoneimpl.OzoneContainer (OzoneContainer.java:startContainerScrub(177)) - Background container scanner has been disabled.
2019-10-15 00:41:40,028 [Datanode State Machine Thread - 0] INFO  ratis.XceiverServerRatis (XceiverServerRatis.java:start(425)) - Starting XceiverServerRatis 88a7d5fa-cc02-424e-979e-9137321ddddd at port 0
2019-10-15 00:41:40,038 [Datanode State Machine Thread - 0] INFO  impl.RaftServerProxy (RaftServerProxy.java:lambda$start$3(299)) - b4be3a15-5992-443a-af08-7fcb05eb4936: start RPC server
2019-10-15 00:41:40,039 [Datanode State Machine Thread - 0] INFO  impl.RaftServerProxy (RaftServerProxy.java:lambda$start$3(299)) - 88a7d5fa-cc02-424e-979e-9137321ddddd: start RPC server
2019-10-15 00:41:40,096 [Datanode State Machine Thread - 0] INFO  ozoneimpl.OzoneContainer (OzoneContainer.java:start(213)) - Attempting to start container services.
2019-10-15 00:41:40,100 [Datanode State Machine Thread - 0] INFO  ozoneimpl.OzoneContainer (OzoneContainer.java:startContainerScrub(177)) - Background container scanner has been disabled.
2019-10-15 00:41:40,100 [Datanode State Machine Thread - 0] INFO  ratis.XceiverServerRatis (XceiverServerRatis.java:start(425)) - Starting XceiverServerRatis c6075369-1c86-4712-9082-dc56af3ba339 at port 0
2019-10-15 00:41:40,107 [Datanode State Machine Thread - 0] INFO  impl.RaftServerProxy (RaftServerProxy.java:lambda$start$3(299)) - c6075369-1c86-4712-9082-dc56af3ba339: start RPC server
2019-10-15 00:41:40,180 [Datanode State Machine Thread - 0] INFO  ozoneimpl.OzoneContainer (OzoneContainer.java:start(213)) - Attempting to start container services.
2019-10-15 00:41:40,181 [Datanode State Machine Thread - 0] INFO  ozoneimpl.OzoneContainer (OzoneContainer.java:startContainerScrub(177)) - Background container scanner has been disabled.
2019-10-15 00:41:40,181 [Datanode State Machine Thread - 0] INFO  ratis.XceiverServerRatis (XceiverServerRatis.java:start(425)) - Starting XceiverServerRatis b6a7a8d3-8079-4dfa-92cd-d231555e9b27 at port 0
2019-10-15 00:41:40,191 [Datanode State Machine Thread - 0] INFO  impl.RaftServerProxy (RaftServerProxy.java:lambda$start$3(299)) - b6a7a8d3-8079-4dfa-92cd-d231555e9b27: start RPC server
2019-10-15 00:41:40,191 [Datanode State Machine Thread - 0] INFO  server.GrpcService (GrpcService.java:startImpl(158)) - 88a7d5fa-cc02-424e-979e-9137321ddddd: GrpcService started, listening on 0.0.0.0/0.0.0.0:32954
2019-10-15 00:41:40,191 [Datanode State Machine Thread - 0] INFO  server.GrpcService (GrpcService.java:startImpl(158)) - c6075369-1c86-4712-9082-dc56af3ba339: GrpcService started, listening on 0.0.0.0/0.0.0.0:34070
2019-10-15 00:41:40,191 [Datanode State Machine Thread - 0] INFO  server.GrpcService (GrpcService.java:startImpl(158)) - b4be3a15-5992-443a-af08-7fcb05eb4936: GrpcService started, listening on 0.0.0.0/0.0.0.0:35214
2019-10-15 00:41:40,195 [Datanode State Machine Thread - 0] INFO  server.GrpcService (GrpcService.java:startImpl(158)) - b6a7a8d3-8079-4dfa-92cd-d231555e9b27: GrpcService started, listening on 0.0.0.0/0.0.0.0:36375
2019-10-15 00:41:40,194 [Datanode State Machine Thread - 0] INFO  ratis.XceiverServerRatis (XceiverServerRatis.java:start(435)) - XceiverServerRatis c6075369-1c86-4712-9082-dc56af3ba339 is started using port 34070
2019-10-15 00:41:40,194 [Datanode State Machine Thread - 0] INFO  ratis.XceiverServerRatis (XceiverServerRatis.java:start(435)) - XceiverServerRatis 88a7d5fa-cc02-424e-979e-9137321ddddd is started using port 32954
2019-10-15 00:41:40,195 [Datanode State Machine Thread - 0] INFO  ratis.XceiverServerRatis (XceiverServerRatis.java:start(435)) - XceiverServerRatis b6a7a8d3-8079-4dfa-92cd-d231555e9b27 is started using port 36375
2019-10-15 00:41:40,195 [Datanode State Machine Thread - 0] INFO  ratis.XceiverServerRatis (XceiverServerRatis.java:start(435)) - XceiverServerRatis b4be3a15-5992-443a-af08-7fcb05eb4936 is started using port 35214
2019-10-15 00:41:40,202 [Datanode State Machine Thread - 0] INFO  server.XceiverServerGrpc (XceiverServerGrpc.java:start(149)) - XceiverServerGrpc 88a7d5fa-cc02-424e-979e-9137321ddddd is started using port 33811
2019-10-15 00:41:40,203 [Datanode State Machine Thread - 0] INFO  server.XceiverServerGrpc (XceiverServerGrpc.java:start(149)) - XceiverServerGrpc b6a7a8d3-8079-4dfa-92cd-d231555e9b27 is started using port 36154
2019-10-15 00:41:40,202 [Datanode State Machine Thread - 0] INFO  server.XceiverServerGrpc (XceiverServerGrpc.java:start(149)) - XceiverServerGrpc b4be3a15-5992-443a-af08-7fcb05eb4936 is started using port 41890
2019-10-15 00:41:40,203 [Datanode State Machine Thread - 0] INFO  server.XceiverServerGrpc (XceiverServerGrpc.java:start(149)) - XceiverServerGrpc c6075369-1c86-4712-9082-dc56af3ba339 is started using port 45880
2019-10-15 00:41:40,255 [Datanode State Machine Thread - 0] INFO  ozoneimpl.OzoneContainer (OzoneContainer.java:start(213)) - Attempting to start container services.
2019-10-15 00:41:40,255 [Datanode State Machine Thread - 0] INFO  ozoneimpl.OzoneContainer (OzoneContainer.java:startContainerScrub(177)) - Background container scanner has been disabled.
2019-10-15 00:41:40,255 [Datanode State Machine Thread - 0] INFO  ratis.XceiverServerRatis (XceiverServerRatis.java:start(425)) - Starting XceiverServerRatis f5d1e668-fe69-48c6-a450-c44235d2144d at port 0
2019-10-15 00:41:40,261 [Datanode State Machine Thread - 0] INFO  impl.RaftServerProxy (RaftServerProxy.java:lambda$start$3(299)) - f5d1e668-fe69-48c6-a450-c44235d2144d: start RPC server
2019-10-15 00:41:40,264 [Datanode State Machine Thread - 0] INFO  server.GrpcService (GrpcService.java:startImpl(158)) - f5d1e668-fe69-48c6-a450-c44235d2144d: GrpcService started, listening on 0.0.0.0/0.0.0.0:41414
2019-10-15 00:41:40,264 [Datanode State Machine Thread - 0] INFO  ratis.XceiverServerRatis (XceiverServerRatis.java:start(435)) - XceiverServerRatis f5d1e668-fe69-48c6-a450-c44235d2144d is started using port 41414
2019-10-15 00:41:40,266 [Datanode State Machine Thread - 0] INFO  server.XceiverServerGrpc (XceiverServerGrpc.java:start(149)) - XceiverServerGrpc f5d1e668-fe69-48c6-a450-c44235d2144d is started using port 42240
2019-10-15 00:41:40,330 [Datanode State Machine Thread - 0] INFO  ozoneimpl.OzoneContainer (OzoneContainer.java:start(213)) - Attempting to start container services.
2019-10-15 00:41:40,331 [Datanode State Machine Thread - 0] INFO  ozoneimpl.OzoneContainer (OzoneContainer.java:startContainerScrub(177)) - Background container scanner has been disabled.
2019-10-15 00:41:40,331 [Datanode State Machine Thread - 0] INFO  ratis.XceiverServerRatis (XceiverServerRatis.java:start(425)) - Starting XceiverServerRatis abc841f7-ccc7-46f2-94a7-38b3b9eaef01 at port 0
2019-10-15 00:41:40,338 [Datanode State Machine Thread - 0] INFO  impl.RaftServerProxy (RaftServerProxy.java:lambda$start$3(299)) - abc841f7-ccc7-46f2-94a7-38b3b9eaef01: start RPC server
2019-10-15 00:41:40,342 [Datanode State Machine Thread - 0] INFO  server.GrpcService (GrpcService.java:startImpl(158)) - abc841f7-ccc7-46f2-94a7-38b3b9eaef01: GrpcService started, listening on 0.0.0.0/0.0.0.0:46404
2019-10-15 00:41:40,342 [Datanode State Machine Thread - 0] INFO  ratis.XceiverServerRatis (XceiverServerRatis.java:start(435)) - XceiverServerRatis abc841f7-ccc7-46f2-94a7-38b3b9eaef01 is started using port 46404
2019-10-15 00:41:40,345 [Datanode State Machine Thread - 0] INFO  server.XceiverServerGrpc (XceiverServerGrpc.java:start(149)) - XceiverServerGrpc abc841f7-ccc7-46f2-94a7-38b3b9eaef01 is started using port 42762
2019-10-15 00:41:40,372 [main] INFO  ozone.MiniOzoneClusterImpl (MiniOzoneClusterImpl.java:lambda$waitForClusterToBeReady$2(172)) - Waiting for cluster to be ready. Got 0 of 7 DN Heartbeats.
2019-10-15 00:41:40,397 [Datanode State Machine Thread - 0] INFO  ozoneimpl.OzoneContainer (OzoneContainer.java:start(213)) - Attempting to start container services.
2019-10-15 00:41:40,398 [Datanode State Machine Thread - 0] INFO  ozoneimpl.OzoneContainer (OzoneContainer.java:startContainerScrub(177)) - Background container scanner has been disabled.
2019-10-15 00:41:40,398 [Datanode State Machine Thread - 0] INFO  ratis.XceiverServerRatis (XceiverServerRatis.java:start(425)) - Starting XceiverServerRatis 35e64544-bc3d-465e-adee-d25b886edeb0 at port 0
2019-10-15 00:41:40,404 [Datanode State Machine Thread - 0] INFO  impl.RaftServerProxy (RaftServerProxy.java:lambda$start$3(299)) - 35e64544-bc3d-465e-adee-d25b886edeb0: start RPC server
2019-10-15 00:41:40,408 [Datanode State Machine Thread - 0] INFO  server.GrpcService (GrpcService.java:startImpl(158)) - 35e64544-bc3d-465e-adee-d25b886edeb0: GrpcService started, listening on 0.0.0.0/0.0.0.0:35915
2019-10-15 00:41:40,408 [Datanode State Machine Thread - 0] INFO  ratis.XceiverServerRatis (XceiverServerRatis.java:start(435)) - XceiverServerRatis 35e64544-bc3d-465e-adee-d25b886edeb0 is started using port 35915
2019-10-15 00:41:40,411 [Datanode State Machine Thread - 0] INFO  server.XceiverServerGrpc (XceiverServerGrpc.java:start(149)) - XceiverServerGrpc 35e64544-bc3d-465e-adee-d25b886edeb0 is started using port 37278
2019-10-15 00:41:41,373 [main] INFO  ozone.MiniOzoneClusterImpl (MiniOzoneClusterImpl.java:lambda$waitForClusterToBeReady$2(172)) - Waiting for cluster to be ready. Got 0 of 7 DN Heartbeats.
2019-10-15 00:41:41,949 [IPC Server handler 7 on 44929] INFO  net.NetworkTopology (NetworkTopologyImpl.java:add(111)) - Added a new node: /default-rack/b4be3a15-5992-443a-af08-7fcb05eb4936
2019-10-15 00:41:41,949 [IPC Server handler 7 on 44929] INFO  node.SCMNodeManager (SCMNodeManager.java:register(268)) - Registered Data node : b4be3a15-5992-443a-af08-7fcb05eb4936{ip: 192.168.164.218, host: pr-hdds-1868-7bj8h-208101609, networkLocation: /default-rack, certSerialId: null}
2019-10-15 00:41:41,952 [EventQueue-NodeRegistrationContainerReportForDataNodeSafeModeRule] INFO  safemode.SCMSafeModeManager (DataNodeSafeModeRule.java:process(71)) - SCM in safe mode. 1 DataNodes registered, 1 required.
2019-10-15 00:41:41,952 [EventQueue-NodeRegistrationContainerReportForDataNodeSafeModeRule] INFO  safemode.SCMSafeModeManager (SCMSafeModeManager.java:validateSafeModeExitRules(177)) - ScmSafeModeManager, all rules are successfully validated
2019-10-15 00:41:41,952 [EventQueue-NodeRegistrationContainerReportForDataNodeSafeModeRule] INFO  safemode.SCMSafeModeManager (SCMSafeModeManager.java:exitSafeMode(193)) - SCM exiting safe mode.
2019-10-15 00:41:41,990 [IPC Server handler 9 on 44929] INFO  net.NetworkTopology (NetworkTopologyImpl.java:add(111)) - Added a new node: /default-rack/88a7d5fa-cc02-424e-979e-9137321ddddd
2019-10-15 00:41:41,990 [IPC Server handler 9 on 44929] INFO  node.SCMNodeManager (SCMNodeManager.java:register(268)) - Registered Data node : 88a7d5fa-cc02-424e-979e-9137321ddddd{ip: 192.168.164.218, host: pr-hdds-1868-7bj8h-208101609, networkLocation: /default-rack, certSerialId: null}
2019-10-15 00:41:42,068 [IPC Server handler 4 on 44929] INFO  net.NetworkTopology (NetworkTopologyImpl.java:add(111)) - Added a new node: /default-rack/c6075369-1c86-4712-9082-dc56af3ba339
2019-10-15 00:41:42,069 [IPC Server handler 4 on 44929] INFO  node.SCMNodeManager (SCMNodeManager.java:register(268)) - Registered Data node : c6075369-1c86-4712-9082-dc56af3ba339{ip: 192.168.164.218, host: pr-hdds-1868-7bj8h-208101609, networkLocation: /default-rack, certSerialId: null}
2019-10-15 00:41:42,155 [IPC Server handler 18 on 44929] INFO  net.NetworkTopology (NetworkTopologyImpl.java:add(111)) - Added a new node: /default-rack/b6a7a8d3-8079-4dfa-92cd-d231555e9b27
2019-10-15 00:41:42,156 [IPC Server handler 18 on 44929] INFO  node.SCMNodeManager (SCMNodeManager.java:register(268)) - Registered Data node : b6a7a8d3-8079-4dfa-92cd-d231555e9b27{ip: 192.168.164.218, host: pr-hdds-1868-7bj8h-208101609, networkLocation: /default-rack, certSerialId: null}
2019-10-15 00:41:42,230 [IPC Server handler 17 on 44929] INFO  net.NetworkTopology (NetworkTopologyImpl.java:add(111)) - Added a new node: /default-rack/f5d1e668-fe69-48c6-a450-c44235d2144d
2019-10-15 00:41:42,231 [IPC Server handler 17 on 44929] INFO  node.SCMNodeManager (SCMNodeManager.java:register(268)) - Registered Data node : f5d1e668-fe69-48c6-a450-c44235d2144d{ip: 192.168.164.218, host: pr-hdds-1868-7bj8h-208101609, networkLocation: /default-rack, certSerialId: null}
2019-10-15 00:41:42,305 [IPC Server handler 5 on 44929] INFO  net.NetworkTopology (NetworkTopologyImpl.java:add(111)) - Added a new node: /default-rack/abc841f7-ccc7-46f2-94a7-38b3b9eaef01
2019-10-15 00:41:42,305 [IPC Server handler 5 on 44929] INFO  node.SCMNodeManager (SCMNodeManager.java:register(268)) - Registered Data node : abc841f7-ccc7-46f2-94a7-38b3b9eaef01{ip: 192.168.164.218, host: pr-hdds-1868-7bj8h-208101609, networkLocation: /default-rack, certSerialId: null}
2019-10-15 00:41:42,376 [IPC Server handler 7 on 44929] INFO  net.NetworkTopology (NetworkTopologyImpl.java:add(111)) - Added a new node: /default-rack/35e64544-bc3d-465e-adee-d25b886edeb0
2019-10-15 00:41:42,376 [IPC Server handler 7 on 44929] INFO  node.SCMNodeManager (SCMNodeManager.java:register(268)) - Registered Data node : 35e64544-bc3d-465e-adee-d25b886edeb0{ip: 192.168.164.218, host: pr-hdds-1868-7bj8h-208101609, networkLocation: /default-rack, certSerialId: null}
2019-10-15 00:41:42,464 [grpc-default-executor-0] INFO  impl.RaftServerProxy (RaftServerProxy.java:addNew(89)) - b4be3a15-5992-443a-af08-7fcb05eb4936: addNew group-1A4E9F16DEBB:[b4be3a15-5992-443a-af08-7fcb05eb4936:192.168.164.218:35214] returns group-1A4E9F16DEBB:java.util.concurrent.CompletableFuture@3d378cb6[Not completed]
2019-10-15 00:41:42,477 [pool-27-thread-1] INFO  impl.RaftServerImpl (RaftServerImpl.java:<init>(95)) - b4be3a15-5992-443a-af08-7fcb05eb4936: new RaftServerImpl for group-1A4E9F16DEBB:[b4be3a15-5992-443a-af08-7fcb05eb4936:192.168.164.218:35214] with ContainerStateMachine:uninitialized
2019-10-15 00:41:42,478 [pool-27-thread-1] INFO  server.RaftServerConfigKeys (ConfUtils.java:logGet(43)) - raft.server.rpc.timeout.min = 5s (custom)
2019-10-15 00:41:42,480 [pool-27-thread-1] INFO  server.RaftServerConfigKeys (ConfUtils.java:logGet(43)) - raft.server.rpc.timeout.max = 5200ms (custom)
2019-10-15 00:41:42,480 [pool-27-thread-1] INFO  server.RaftServerConfigKeys (ConfUtils.java:logGet(43)) - raft.server.rpcslowness.timeout = 120s (custom)
2019-10-15 00:41:42,481 [pool-27-thread-1] INFO  server.RaftServerConfigKeys (ConfUtils.java:logGet(43)) - raft.server.sleep.deviation.threshold = 300 (default)
2019-10-15 00:41:42,482 [pool-27-thread-1] INFO  server.RaftServerConfigKeys (ConfUtils.java:logGet(43)) - raft.server.log.appender.install.snapshot.enabled = false (custom)
2019-10-15 00:41:42,491 [pool-27-thread-1] INFO  impl.RaftServerImpl (ServerState.java:<init>(103)) - b4be3a15-5992-443a-af08-7fcb05eb4936@group-1A4E9F16DEBB: ConfigurationManager, init=-1: [b4be3a15-5992-443a-af08-7fcb05eb4936:192.168.164.218:35214], old=null, confs=<EMPTY_MAP>
2019-10-15 00:41:42,491 [pool-27-thread-1] INFO  server.RaftServerConfigKeys (ConfUtils.java:logGet(43)) - raft.server.storage.dir = [/workdir/hadoop-ozone/integration-test/target/test-dir/MiniOzoneClusterImpl-e538d966-0196-4657-9505-dd1c5b05d6aa/datanode-0/data/ratis] (custom)
2019-10-15 00:41:42,498 [pool-27-thread-1] INFO  server.RaftServerConfigKeys (ConfUtils.java:logGet(43)) - raft.server.log.corruption.policy = EXCEPTION (default)
2019-10-15 00:41:42,500 [pool-27-thread-1] INFO  storage.RaftStorageDirectory (RaftStorageDirectory.java:analyzeStorage(246)) - The storage directory /workdir/hadoop-ozone/integration-test/target/test-dir/MiniOzoneClusterImpl-e538d966-0196-4657-9505-dd1c5b05d6aa/datanode-0/data/ratis/2c7fbdc6-2afb-4c38-a8b9-1a4e9f16debb does not exist. Creating ...
2019-10-15 00:41:42,531 [pool-27-thread-1] INFO  storage.RaftStorageDirectory (RaftStorageDirectory.java:tryLock(328)) - Lock on /workdir/hadoop-ozone/integration-test/target/test-dir/MiniOzoneClusterImpl-e538d966-0196-4657-9505-dd1c5b05d6aa/datanode-0/data/ratis/2c7fbdc6-2afb-4c38-a8b9-1a4e9f16debb/in_use.lock acquired by nodename 5159@pr-hdds-1868-7bj8h-208101609
2019-10-15 00:41:42,556 [pool-27-thread-1] INFO  storage.RaftStorage (RaftStorage.java:format(84)) - Storage directory /workdir/hadoop-ozone/integration-test/target/test-dir/MiniOzoneClusterImpl-e538d966-0196-4657-9505-dd1c5b05d6aa/datanode-0/data/ratis/2c7fbdc6-2afb-4c38-a8b9-1a4e9f16debb has been successfully formatted.
2019-10-15 00:41:42,559 [pool-27-thread-1] INFO  ratis.ContainerStateMachine (ContainerStateMachine.java:loadSnapshot(233)) - group-1A4E9F16DEBB: The snapshot info is null. Setting the last applied indexto:(t:0, i:~)
2019-10-15 00:41:42,560 [pool-27-thread-1] INFO  server.RaftServerConfigKeys (ConfUtils.java:logGet(43)) - raft.server.notification.no-leader.timeout = 120s (custom)
2019-10-15 00:41:42,563 [pool-27-thread-1] INFO  server.RaftServerConfigKeys (ConfUtils.java:logGet(43)) - raft.server.log.use.memory = false (default)
2019-10-15 00:41:42,570 [pool-27-thread-1] INFO  server.RaftServerConfigKeys (ConfUtils.java:logGet(43)) - raft.server.log.purge.gap = 1000000 (custom)
2019-10-15 00:41:42,571 [pool-27-thread-1] INFO  server.RaftServerConfigKeys (ConfUtils.java:logGet(43)) - raft.server.log.appender.buffer.byte-limit = 33554432 (custom)
2019-10-15 00:41:42,574 [pool-27-thread-1] INFO  server.RaftServerConfigKeys (ConfUtils.java:logGet(43)) - raft.server.log.segment.size.max = 1048576 (custom)
2019-10-15 00:41:42,576 [pool-27-thread-1] INFO  impl.MetricsSystemImpl (MetricsSystemImpl.java:init(158)) - ratis metrics system started (again)
2019-10-15 00:41:42,580 [pool-27-thread-1] INFO  metrics.MetricRegistries (MetricRegistriesLoader.java:load(64)) - Loaded MetricRegistries class org.apache.ratis.metrics.impl.MetricRegistriesImpl
2019-10-15 00:41:42,626 [pool-27-thread-1] INFO  server.RaftServerConfigKeys (ConfUtils.java:logGet(43)) - raft.server.log.segment.cache.num.max = 2 (custom)
2019-10-15 00:41:42,632 [pool-27-thread-1] INFO  segmented.SegmentedRaftLogWorker (SegmentedRaftLogWorker.java:<init>(173)) - new b4be3a15-5992-443a-af08-7fcb05eb4936@group-1A4E9F16DEBB-SegmentedRaftLogWorker for RaftStorage:Storage Directory /workdir/hadoop-ozone/integration-test/target/test-dir/MiniOzoneClusterImpl-e538d966-0196-4657-9505-dd1c5b05d6aa/datanode-0/data/ratis/2c7fbdc6-2afb-4c38-a8b9-1a4e9f16debb
2019-10-15 00:41:42,632 [pool-27-thread-1] INFO  server.RaftServerConfigKeys (ConfUtils.java:logGet(43)) - raft.server.log.queue.byte-limit = 2147483647 (custom)
2019-10-15 00:41:42,633 [pool-27-thread-1] INFO  server.RaftServerConfigKeys (ConfUtils.java:logGet(43)) - raft.server.log.queue.element-limit = 1024 (custom)
2019-10-15 00:41:42,634 [pool-27-thread-1] INFO  server.RaftServerConfigKeys (ConfUtils.java:logGet(43)) - raft.server.log.segment.size.max = 1048576 (custom)
2019-10-15 00:41:42,635 [pool-27-thread-1] INFO  server.RaftServerConfigKeys (ConfUtils.java:logGet(43)) - raft.server.log.preallocated.size = 16384 (custom)
2019-10-15 00:41:42,635 [pool-27-thread-1] INFO  server.RaftServerConfigKeys (ConfUtils.java:logGet(43)) - raft.server.log.write.buffer.size = 33554432 (custom)
2019-10-15 00:41:42,636 [pool-27-thread-1] INFO  server.RaftServerConfigKeys (ConfUtils.java:logGet(43)) - raft.server.log.force.sync.num = 128 (default)
2019-10-15 00:41:42,636 [pool-27-thread-1] INFO  server.RaftServerConfigKeys (ConfUtils.java:logGet(43)) - raft.server.log.statemachine.data.sync = true (default)
2019-10-15 00:41:42,637 [pool-27-thread-1] INFO  server.RaftServerConfigKeys (ConfUtils.java:logGet(43)) - raft.server.log.statemachine.data.sync.timeout = 10s (default)
2019-10-15 00:41:42,637 [pool-27-thread-1] INFO  server.RaftServerConfigKeys (ConfUtils.java:logGet(43)) - raft.server.log.statemachine.data.sync.timeout.retry = -1 (default)
2019-10-15 00:41:42,649 [pool-27-thread-1] INFO  server.RaftServerConfigKeys (ConfUtils.java:logGet(43)) - raft.server.log.statemachine.data.caching.enabled = true (custom)
2019-10-15 00:41:42,654 [pool-27-thread-1] INFO  segmented.SegmentedRaftLogWorker (SegmentedRaftLogWorker.java:lambda$new$0(128)) - b4be3a15-5992-443a-af08-7fcb05eb4936@group-1A4E9F16DEBB-SegmentedRaftLogWorker: flushIndex: setUnconditionally 0 -> -1
2019-10-15 00:41:42,658 [pool-27-thread-1] INFO  server.RaftServerConfigKeys (ConfUtils.java:logGet(43)) - raft.server.snapshot.auto.trigger.enabled = true (custom)
2019-10-15 00:41:42,658 [pool-27-thread-1] INFO  server.RaftServerConfigKeys (ConfUtils.java:logGet(43)) - raft.server.snapshot.auto.trigger.threshold = 10000 (custom)
2019-10-15 00:41:42,659 [pool-27-thread-1] INFO  server.RaftServerConfigKeys (ConfUtils.java:logGet(43)) - raft.server.snapshot.retention.file.num = 5 (custom)
2019-10-15 00:41:42,659 [pool-27-thread-1] INFO  server.RaftServerConfigKeys (ConfUtils.java:logGet(43)) - raft.server.retrycache.expirytime = 600000ms (custom)
2019-10-15 00:41:42,685 [pool-27-thread-1] INFO  impl.RaftServerImpl (RaftServerImpl.java:start(181)) - b4be3a15-5992-443a-af08-7fcb05eb4936@group-1A4E9F16DEBB: start as a follower, conf=-1: [b4be3a15-5992-443a-af08-7fcb05eb4936:192.168.164.218:35214], old=null
2019-10-15 00:41:42,686 [pool-27-thread-1] INFO  impl.RaftServerImpl (RaftServerImpl.java:setRole(170)) - b4be3a15-5992-443a-af08-7fcb05eb4936@group-1A4E9F16DEBB: changes role from      null to FOLLOWER at term 0 for startAsFollower
2019-10-15 00:41:42,687 [pool-27-thread-1] INFO  impl.RoleInfo (RoleInfo.java:updateAndGet(143)) - b4be3a15-5992-443a-af08-7fcb05eb4936: start FollowerState
2019-10-15 00:41:42,688 [pool-27-thread-1] INFO  util.JmxRegister (JmxRegister.java:tryRegister(44)) - Successfully registered JMX Bean with object name Ratis:service=RaftServer,group=group-1A4E9F16DEBB,id=b4be3a15-5992-443a-af08-7fcb05eb4936
2019-10-15 00:41:42,785 [RatisPipelineUtilsThread] INFO  pipeline.PipelineStateManager (PipelineStateManager.java:addPipeline(57)) - Created pipeline Pipeline[ Id: 2c7fbdc6-2afb-4c38-a8b9-1a4e9f16debb, Nodes: b4be3a15-5992-443a-af08-7fcb05eb4936{ip: 192.168.164.218, host: pr-hdds-1868-7bj8h-208101609, networkLocation: /default-rack, certSerialId: null}, Type:RATIS, Factor:ONE, State:ALLOCATED]
2019-10-15 00:41:42,816 [grpc-default-executor-0] INFO  impl.RaftServerProxy (RaftServerProxy.java:addNew(89)) - b6a7a8d3-8079-4dfa-92cd-d231555e9b27: addNew group-917A0143C3B2:[b6a7a8d3-8079-4dfa-92cd-d231555e9b27:192.168.164.218:36375] returns group-917A0143C3B2:java.util.concurrent.CompletableFuture@77a04006[Not completed]
2019-10-15 00:41:42,870 [pool-57-thread-1] INFO  impl.RaftServerImpl (RaftServerImpl.java:<init>(95)) - b6a7a8d3-8079-4dfa-92cd-d231555e9b27: new RaftServerImpl for group-917A0143C3B2:[b6a7a8d3-8079-4dfa-92cd-d231555e9b27:192.168.164.218:36375] with ContainerStateMachine:uninitialized
2019-10-15 00:41:42,872 [pool-57-thread-1] INFO  server.RaftServerConfigKeys (ConfUtils.java:logGet(43)) - raft.server.rpc.timeout.min = 5s (custom)
2019-10-15 00:41:42,872 [pool-57-thread-1] INFO  server.RaftServerConfigKeys (ConfUtils.java:logGet(43)) - raft.server.rpc.timeout.max = 5200ms (custom)
2019-10-15 00:41:42,872 [pool-57-thread-1] INFO  server.RaftServerConfigKeys (ConfUtils.java:logGet(43)) - raft.server.rpcslowness.timeout = 120s (custom)
2019-10-15 00:41:42,872 [pool-57-thread-1] INFO  server.RaftServerConfigKeys (ConfUtils.java:logGet(43)) - raft.server.sleep.deviation.threshold = 300 (default)
2019-10-15 00:41:42,872 [pool-57-thread-1] INFO  server.RaftServerConfigKeys (ConfUtils.java:logGet(43)) - raft.server.log.appender.install.snapshot.enabled = false (custom)
2019-10-15 00:41:42,872 [pool-57-thread-1] INFO  impl.RaftServerImpl (ServerState.java:<init>(103)) - b6a7a8d3-8079-4dfa-92cd-d231555e9b27@group-917A0143C3B2: ConfigurationManager, init=-1: [b6a7a8d3-8079-4dfa-92cd-d231555e9b27:192.168.164.218:36375], old=null, confs=<EMPTY_MAP>
2019-10-15 00:41:42,873 [pool-57-thread-1] INFO  server.RaftServerConfigKeys (ConfUtils.java:logGet(43)) - raft.server.storage.dir = [/workdir/hadoop-ozone/integration-test/target/test-dir/MiniOzoneClusterImpl-e538d966-0196-4657-9505-dd1c5b05d6aa/datanode-3/data/ratis] (custom)
2019-10-15 00:41:42,873 [pool-57-thread-1] INFO  server.RaftServerConfigKeys (ConfUtils.java:logGet(43)) - raft.server.log.corruption.policy = EXCEPTION (default)
2019-10-15 00:41:42,873 [pool-57-thread-1] INFO  storage.RaftStorageDirectory (RaftStorageDirectory.java:analyzeStorage(246)) - The storage directory /workdir/hadoop-ozone/integration-test/target/test-dir/MiniOzoneClusterImpl-e538d966-0196-4657-9505-dd1c5b05d6aa/datanode-3/data/ratis/8b04f236-66b1-44e3-bee8-917a0143c3b2 does not exist. Creating ...
2019-10-15 00:41:42,898 [pool-57-thread-1] INFO  storage.RaftStorageDirectory (RaftStorageDirectory.java:tryLock(328)) - Lock on /workdir/hadoop-ozone/integration-test/target/test-dir/MiniOzoneClusterImpl-e538d966-0196-4657-9505-dd1c5b05d6aa/datanode-3/data/ratis/8b04f236-66b1-44e3-bee8-917a0143c3b2/in_use.lock acquired by nodename 5159@pr-hdds-1868-7bj8h-208101609
2019-10-15 00:41:42,924 [pool-57-thread-1] INFO  storage.RaftStorage (RaftStorage.java:format(84)) - Storage directory /workdir/hadoop-ozone/integration-test/target/test-dir/MiniOzoneClusterImpl-e538d966-0196-4657-9505-dd1c5b05d6aa/datanode-3/data/ratis/8b04f236-66b1-44e3-bee8-917a0143c3b2 has been successfully formatted.
2019-10-15 00:41:42,927 [pool-57-thread-1] INFO  ratis.ContainerStateMachine (ContainerStateMachine.java:loadSnapshot(233)) - group-917A0143C3B2: The snapshot info is null. Setting the last applied indexto:(t:0, i:~)
2019-10-15 00:41:42,929 [pool-57-thread-1] INFO  server.RaftServerConfigKeys (ConfUtils.java:logGet(43)) - raft.server.notification.no-leader.timeout = 120s (custom)
2019-10-15 00:41:42,929 [pool-57-thread-1] INFO  server.RaftServerConfigKeys (ConfUtils.java:logGet(43)) - raft.server.log.use.memory = false (default)
2019-10-15 00:41:42,929 [pool-57-thread-1] INFO  server.RaftServerConfigKeys (ConfUtils.java:logGet(43)) - raft.server.log.purge.gap = 1000000 (custom)
2019-10-15 00:41:42,929 [pool-57-thread-1] INFO  server.RaftServerConfigKeys (ConfUtils.java:logGet(43)) - raft.server.log.appender.buffer.byte-limit = 33554432 (custom)
2019-10-15 00:41:42,930 [pool-57-thread-1] INFO  server.RaftServerConfigKeys (ConfUtils.java:logGet(43)) - raft.server.log.segment.size.max = 1048576 (custom)
2019-10-15 00:41:42,936 [pool-57-thread-1] INFO  server.RaftServerConfigKeys (ConfUtils.java:logGet(43)) - raft.server.log.segment.cache.num.max = 2 (custom)
2019-10-15 00:41:42,937 [pool-57-thread-1] INFO  segmented.SegmentedRaftLogWorker (SegmentedRaftLogWorker.java:<init>(173)) - new b6a7a8d3-8079-4dfa-92cd-d231555e9b27@group-917A0143C3B2-SegmentedRaftLogWorker for RaftStorage:Storage Directory /workdir/hadoop-ozone/integration-test/target/test-dir/MiniOzoneClusterImpl-e538d966-0196-4657-9505-dd1c5b05d6aa/datanode-3/data/ratis/8b04f236-66b1-44e3-bee8-917a0143c3b2
2019-10-15 00:41:42,939 [pool-57-thread-1] INFO  server.RaftServerConfigKeys (ConfUtils.java:logGet(43)) - raft.server.log.queue.byte-limit = 2147483647 (custom)
2019-10-15 00:41:42,939 [pool-57-thread-1] INFO  server.RaftServerConfigKeys (ConfUtils.java:logGet(43)) - raft.server.log.queue.element-limit = 1024 (custom)
2019-10-15 00:41:42,939 [pool-57-thread-1] INFO  server.RaftServerConfigKeys (ConfUtils.java:logGet(43)) - raft.server.log.segment.size.max = 1048576 (custom)
2019-10-15 00:41:42,939 [pool-57-thread-1] INFO  server.RaftServerConfigKeys (ConfUtils.java:logGet(43)) - raft.server.log.preallocated.size = 16384 (custom)
2019-10-15 00:41:42,939 [pool-57-thread-1] INFO  server.RaftServerConfigKeys (ConfUtils.java:logGet(43)) - raft.server.log.write.buffer.size = 33554432 (custom)
2019-10-15 00:41:42,940 [pool-57-thread-1] INFO  server.RaftServerConfigKeys (ConfUtils.java:logGet(43)) - raft.server.log.force.sync.num = 128 (default)
2019-10-15 00:41:42,940 [pool-57-thread-1] INFO  server.RaftServerConfigKeys (ConfUtils.java:logGet(43)) - raft.server.log.statemachine.data.sync = true (default)
2019-10-15 00:41:42,940 [pool-57-thread-1] INFO  server.RaftServerConfigKeys (ConfUtils.java:logGet(43)) - raft.server.log.statemachine.data.sync.timeout = 10s (default)
2019-10-15 00:41:42,940 [pool-57-thread-1] INFO  server.RaftServerConfigKeys (ConfUtils.java:logGet(43)) - raft.server.log.statemachine.data.sync.timeout.retry = -1 (default)
2019-10-15 00:41:42,941 [pool-57-thread-1] INFO  server.RaftServerConfigKeys (ConfUtils.java:logGet(43)) - raft.server.log.statemachine.data.caching.enabled = true (custom)
2019-10-15 00:41:42,942 [pool-57-thread-1] INFO  segmented.SegmentedRaftLogWorker (SegmentedRaftLogWorker.java:lambda$new$0(128)) - b6a7a8d3-8079-4dfa-92cd-d231555e9b27@group-917A0143C3B2-SegmentedRaftLogWorker: flushIndex: setUnconditionally 0 -> -1
2019-10-15 00:41:42,942 [pool-57-thread-1] INFO  server.RaftServerConfigKeys (ConfUtils.java:logGet(43)) - raft.server.snapshot.auto.trigger.enabled = true (custom)
2019-10-15 00:41:42,942 [pool-57-thread-1] INFO  server.RaftServerConfigKeys (ConfUtils.java:logGet(43)) - raft.server.snapshot.auto.trigger.threshold = 10000 (custom)
2019-10-15 00:41:42,942 [pool-57-thread-1] INFO  server.RaftServerConfigKeys (ConfUtils.java:logGet(43)) - raft.server.snapshot.retention.file.num = 5 (custom)
2019-10-15 00:41:42,943 [pool-57-thread-1] INFO  server.RaftServerConfigKeys (ConfUtils.java:logGet(43)) - raft.server.retrycache.expirytime = 600000ms (custom)
2019-10-15 00:41:42,948 [pool-57-thread-1] INFO  impl.RaftServerImpl (RaftServerImpl.java:start(181)) - b6a7a8d3-8079-4dfa-92cd-d231555e9b27@group-917A0143C3B2: start as a follower, conf=-1: [b6a7a8d3-8079-4dfa-92cd-d231555e9b27:192.168.164.218:36375], old=null
2019-10-15 00:41:42,948 [pool-57-thread-1] INFO  impl.RaftServerImpl (RaftServerImpl.java:setRole(170)) - b6a7a8d3-8079-4dfa-92cd-d231555e9b27@group-917A0143C3B2: changes role from      null to FOLLOWER at term 0 for startAsFollower
2019-10-15 00:41:42,948 [pool-57-thread-1] INFO  impl.RoleInfo (RoleInfo.java:updateAndGet(143)) - b6a7a8d3-8079-4dfa-92cd-d231555e9b27: start FollowerState
2019-10-15 00:41:42,951 [pool-57-thread-1] INFO  util.JmxRegister (JmxRegister.java:tryRegister(44)) - Successfully registered JMX Bean with object name Ratis:service=RaftServer,group=group-917A0143C3B2,id=b6a7a8d3-8079-4dfa-92cd-d231555e9b27
2019-10-15 00:41:42,975 [RatisPipelineUtilsThread] INFO  pipeline.PipelineStateManager (PipelineStateManager.java:addPipeline(57)) - Created pipeline Pipeline[ Id: 8b04f236-66b1-44e3-bee8-917a0143c3b2, Nodes: b6a7a8d3-8079-4dfa-92cd-d231555e9b27{ip: 192.168.164.218, host: pr-hdds-1868-7bj8h-208101609, networkLocation: /default-rack, certSerialId: null}, Type:RATIS, Factor:ONE, State:ALLOCATED]
2019-10-15 00:41:42,976 [main] INFO  ozone.MiniOzoneClusterImpl (MiniOzoneClusterImpl.java:lambda$waitForClusterToBeReady$2(164)) - Waiting for 2 number of pipelines out of 2, to report a leader.
2019-10-15 00:41:43,000 [grpc-default-executor-0] INFO  impl.RaftServerProxy (RaftServerProxy.java:addNew(89)) - abc841f7-ccc7-46f2-94a7-38b3b9eaef01: addNew group-B647FD23055D:[abc841f7-ccc7-46f2-94a7-38b3b9eaef01:192.168.164.218:46404] returns group-B647FD23055D:java.util.concurrent.CompletableFuture@1d0b9ff8[Not completed]
2019-10-15 00:41:43,040 [pool-77-thread-1] INFO  impl.RaftServerImpl (RaftServerImpl.java:<init>(95)) - abc841f7-ccc7-46f2-94a7-38b3b9eaef01: new RaftServerImpl for group-B647FD23055D:[abc841f7-ccc7-46f2-94a7-38b3b9eaef01:192.168.164.218:46404] with ContainerStateMachine:uninitialized
2019-10-15 00:41:43,040 [pool-77-thread-1] INFO  server.RaftServerConfigKeys (ConfUtils.java:logGet(43)) - raft.server.rpc.timeout.min = 5s (custom)
2019-10-15 00:41:43,040 [pool-77-thread-1] INFO  server.RaftServerConfigKeys (ConfUtils.java:logGet(43)) - raft.server.rpc.timeout.max = 5200ms (custom)
2019-10-15 00:41:43,041 [pool-77-thread-1] INFO  server.RaftServerConfigKeys (ConfUtils.java:logGet(43)) - raft.server.rpcslowness.timeout = 120s (custom)
2019-10-15 00:41:43,041 [pool-77-thread-1] INFO  server.RaftServerConfigKeys (ConfUtils.java:logGet(43)) - raft.server.sleep.deviation.threshold = 300 (default)
2019-10-15 00:41:43,041 [pool-77-thread-1] INFO  server.RaftServerConfigKeys (ConfUtils.java:logGet(43)) - raft.server.log.appender.install.snapshot.enabled = false (custom)
2019-10-15 00:41:43,041 [pool-77-thread-1] INFO  impl.RaftServerImpl (ServerState.java:<init>(103)) - abc841f7-ccc7-46f2-94a7-38b3b9eaef01@group-B647FD23055D: ConfigurationManager, init=-1: [abc841f7-ccc7-46f2-94a7-38b3b9eaef01:192.168.164.218:46404], old=null, confs=<EMPTY_MAP>
2019-10-15 00:41:43,042 [pool-77-thread-1] INFO  server.RaftServerConfigKeys (ConfUtils.java:logGet(43)) - raft.server.storage.dir = [/workdir/hadoop-ozone/integration-test/target/test-dir/MiniOzoneClusterImpl-e538d966-0196-4657-9505-dd1c5b05d6aa/datanode-5/data/ratis] (custom)
2019-10-15 00:41:43,042 [pool-77-thread-1] INFO  server.RaftServerConfigKeys (ConfUtils.java:logGet(43)) - raft.server.log.corruption.policy = EXCEPTION (default)
2019-10-15 00:41:43,042 [pool-77-thread-1] INFO  storage.RaftStorageDirectory (RaftStorageDirectory.java:analyzeStorage(246)) - The storage directory /workdir/hadoop-ozone/integration-test/target/test-dir/MiniOzoneClusterImpl-e538d966-0196-4657-9505-dd1c5b05d6aa/datanode-5/data/ratis/ef061cc6-0f42-4d06-b98e-b647fd23055d does not exist. Creating ...
2019-10-15 00:41:43,066 [pool-77-thread-1] INFO  storage.RaftStorageDirectory (RaftStorageDirectory.java:tryLock(328)) - Lock on /workdir/hadoop-ozone/integration-test/target/test-dir/MiniOzoneClusterImpl-e538d966-0196-4657-9505-dd1c5b05d6aa/datanode-5/data/ratis/ef061cc6-0f42-4d06-b98e-b647fd23055d/in_use.lock acquired by nodename 5159@pr-hdds-1868-7bj8h-208101609
2019-10-15 00:41:43,092 [pool-77-thread-1] INFO  storage.RaftStorage (RaftStorage.java:format(84)) - Storage directory /workdir/hadoop-ozone/integration-test/target/test-dir/MiniOzoneClusterImpl-e538d966-0196-4657-9505-dd1c5b05d6aa/datanode-5/data/ratis/ef061cc6-0f42-4d06-b98e-b647fd23055d has been successfully formatted.
2019-10-15 00:41:43,093 [pool-77-thread-1] INFO  ratis.ContainerStateMachine (ContainerStateMachine.java:loadSnapshot(233)) - group-B647FD23055D: The snapshot info is null. Setting the last applied indexto:(t:0, i:~)
2019-10-15 00:41:43,093 [pool-77-thread-1] INFO  server.RaftServerConfigKeys (ConfUtils.java:logGet(43)) - raft.server.notification.no-leader.timeout = 120s (custom)
2019-10-15 00:41:43,094 [pool-77-thread-1] INFO  server.RaftServerConfigKeys (ConfUtils.java:logGet(43)) - raft.server.log.use.memory = false (default)
2019-10-15 00:41:43,094 [pool-77-thread-1] INFO  server.RaftServerConfigKeys (ConfUtils.java:logGet(43)) - raft.server.log.purge.gap = 1000000 (custom)
2019-10-15 00:41:43,094 [pool-77-thread-1] INFO  server.RaftServerConfigKeys (ConfUtils.java:logGet(43)) - raft.server.log.appender.buffer.byte-limit = 33554432 (custom)
2019-10-15 00:41:43,094 [pool-77-thread-1] INFO  server.RaftServerConfigKeys (ConfUtils.java:logGet(43)) - raft.server.log.segment.size.max = 1048576 (custom)
2019-10-15 00:41:43,141 [pool-77-thread-1] INFO  server.RaftServerConfigKeys (ConfUtils.java:logGet(43)) - raft.server.log.segment.cache.num.max = 2 (custom)
2019-10-15 00:41:43,141 [pool-77-thread-1] INFO  segmented.SegmentedRaftLogWorker (SegmentedRaftLogWorker.java:<init>(173)) - new abc841f7-ccc7-46f2-94a7-38b3b9eaef01@group-B647FD23055D-SegmentedRaftLogWorker for RaftStorage:Storage Directory /workdir/hadoop-ozone/integration-test/target/test-dir/MiniOzoneClusterImpl-e538d966-0196-4657-9505-dd1c5b05d6aa/datanode-5/data/ratis/ef061cc6-0f42-4d06-b98e-b647fd23055d
2019-10-15 00:41:43,141 [pool-77-thread-1] INFO  server.RaftServerConfigKeys (ConfUtils.java:logGet(43)) - raft.server.log.queue.byte-limit = 2147483647 (custom)
2019-10-15 00:41:43,141 [pool-77-thread-1] INFO  server.RaftServerConfigKeys (ConfUtils.java:logGet(43)) - raft.server.log.queue.element-limit = 1024 (custom)
2019-10-15 00:41:43,142 [pool-77-thread-1] INFO  server.RaftServerConfigKeys (ConfUtils.java:logGet(43)) - raft.server.log.segment.size.max = 1048576 (custom)
2019-10-15 00:41:43,142 [pool-77-thread-1] INFO  server.RaftServerConfigKeys (ConfUtils.java:logGet(43)) - raft.server.log.preallocated.size = 16384 (custom)
2019-10-15 00:41:43,142 [pool-77-thread-1] INFO  server.RaftServerConfigKeys (ConfUtils.java:logGet(43)) - raft.server.log.write.buffer.size = 33554432 (custom)
2019-10-15 00:41:43,142 [pool-77-thread-1] INFO  server.RaftServerConfigKeys (ConfUtils.java:logGet(43)) - raft.server.log.force.sync.num = 128 (default)
2019-10-15 00:41:43,142 [pool-77-thread-1] INFO  server.RaftServerConfigKeys (ConfUtils.java:logGet(43)) - raft.server.log.statemachine.data.sync = true (default)
2019-10-15 00:41:43,142 [pool-77-thread-1] INFO  server.RaftServerConfigKeys (ConfUtils.java:logGet(43)) - raft.server.log.statemachine.data.sync.timeout = 10s (default)
2019-10-15 00:41:43,143 [pool-77-thread-1] INFO  server.RaftServerConfigKeys (ConfUtils.java:logGet(43)) - raft.server.log.statemachine.data.sync.timeout.retry = -1 (default)
2019-10-15 00:41:43,143 [pool-77-thread-1] INFO  server.RaftServerConfigKeys (ConfUtils.java:logGet(43)) - raft.server.log.statemachine.data.caching.enabled = true (custom)
2019-10-15 00:41:43,144 [pool-77-thread-1] INFO  segmented.SegmentedRaftLogWorker (SegmentedRaftLogWorker.java:lambda$new$0(128)) - abc841f7-ccc7-46f2-94a7-38b3b9eaef01@group-B647FD23055D-SegmentedRaftLogWorker: flushIndex: setUnconditionally 0 -> -1
2019-10-15 00:41:43,144 [pool-77-thread-1] INFO  server.RaftServerConfigKeys (ConfUtils.java:logGet(43)) - raft.server.snapshot.auto.trigger.enabled = true (custom)
2019-10-15 00:41:43,145 [pool-77-thread-1] INFO  server.RaftServerConfigKeys (ConfUtils.java:logGet(43)) - raft.server.snapshot.auto.trigger.threshold = 10000 (custom)
2019-10-15 00:41:43,145 [pool-77-thread-1] INFO  server.RaftServerConfigKeys (ConfUtils.java:logGet(43)) - raft.server.snapshot.retention.file.num = 5 (custom)
2019-10-15 00:41:43,145 [pool-77-thread-1] INFO  server.RaftServerConfigKeys (ConfUtils.java:logGet(43)) - raft.server.retrycache.expirytime = 600000ms (custom)
2019-10-15 00:41:43,150 [pool-77-thread-1] INFO  impl.RaftServerImpl (RaftServerImpl.java:start(181)) - abc841f7-ccc7-46f2-94a7-38b3b9eaef01@group-B647FD23055D: start as a follower, conf=-1: [abc841f7-ccc7-46f2-94a7-38b3b9eaef01:192.168.164.218:46404], old=null
2019-10-15 00:41:43,150 [pool-77-thread-1] INFO  impl.RaftServerImpl (RaftServerImpl.java:setRole(170)) - abc841f7-ccc7-46f2-94a7-38b3b9eaef01@group-B647FD23055D: changes role from      null to FOLLOWER at term 0 for startAsFollower
2019-10-15 00:41:43,151 [pool-77-thread-1] INFO  impl.RoleInfo (RoleInfo.java:updateAndGet(143)) - abc841f7-ccc7-46f2-94a7-38b3b9eaef01: start FollowerState
2019-10-15 00:41:43,151 [pool-77-thread-1] INFO  util.JmxRegister (JmxRegister.java:tryRegister(44)) - Successfully registered JMX Bean with object name Ratis:service=RaftServer,group=group-B647FD23055D,id=abc841f7-ccc7-46f2-94a7-38b3b9eaef01
2019-10-15 00:41:43,169 [RatisPipelineUtilsThread] INFO  pipeline.PipelineStateManager (PipelineStateManager.java:addPipeline(57)) - Created pipeline Pipeline[ Id: ef061cc6-0f42-4d06-b98e-b647fd23055d, Nodes: abc841f7-ccc7-46f2-94a7-38b3b9eaef01{ip: 192.168.164.218, host: pr-hdds-1868-7bj8h-208101609, networkLocation: /default-rack, certSerialId: null}, Type:RATIS, Factor:ONE, State:ALLOCATED]
2019-10-15 00:41:43,194 [grpc-default-executor-0] INFO  impl.RaftServerProxy (RaftServerProxy.java:addNew(89)) - 88a7d5fa-cc02-424e-979e-9137321ddddd: addNew group-F9456CF95DA2:[88a7d5fa-cc02-424e-979e-9137321ddddd:192.168.164.218:32954] returns group-F9456CF95DA2:java.util.concurrent.CompletableFuture@133de902[Not completed]
2019-10-15 00:41:43,195 [pool-37-thread-1] INFO  impl.RaftServerImpl (RaftServerImpl.java:<init>(95)) - 88a7d5fa-cc02-424e-979e-9137321ddddd: new RaftServerImpl for group-F9456CF95DA2:[88a7d5fa-cc02-424e-979e-9137321ddddd:192.168.164.218:32954] with ContainerStateMachine:uninitialized
2019-10-15 00:41:43,196 [pool-37-thread-1] INFO  server.RaftServerConfigKeys (ConfUtils.java:logGet(43)) - raft.server.rpc.timeout.min = 5s (custom)
2019-10-15 00:41:43,196 [pool-37-thread-1] INFO  server.RaftServerConfigKeys (ConfUtils.java:logGet(43)) - raft.server.rpc.timeout.max = 5200ms (custom)
2019-10-15 00:41:43,196 [pool-37-thread-1] INFO  server.RaftServerConfigKeys (ConfUtils.java:logGet(43)) - raft.server.rpcslowness.timeout = 120s (custom)
2019-10-15 00:41:43,196 [pool-37-thread-1] INFO  server.RaftServerConfigKeys (ConfUtils.java:logGet(43)) - raft.server.sleep.deviation.threshold = 300 (default)
2019-10-15 00:41:43,196 [pool-37-thread-1] INFO  server.RaftServerConfigKeys (ConfUtils.java:logGet(43)) - raft.server.log.appender.install.snapshot.enabled = false (custom)
2019-10-15 00:41:43,196 [pool-37-thread-1] INFO  impl.RaftServerImpl (ServerState.java:<init>(103)) - 88a7d5fa-cc02-424e-979e-9137321ddddd@group-F9456CF95DA2: ConfigurationManager, init=-1: [88a7d5fa-cc02-424e-979e-9137321ddddd:192.168.164.218:32954], old=null, confs=<EMPTY_MAP>
2019-10-15 00:41:43,197 [pool-37-thread-1] INFO  server.RaftServerConfigKeys (ConfUtils.java:logGet(43)) - raft.server.storage.dir = [/workdir/hadoop-ozone/integration-test/target/test-dir/MiniOzoneClusterImpl-e538d966-0196-4657-9505-dd1c5b05d6aa/datanode-1/data/ratis] (custom)
2019-10-15 00:41:43,197 [pool-37-thread-1] INFO  server.RaftServerConfigKeys (ConfUtils.java:logGet(43)) - raft.server.log.corruption.policy = EXCEPTION (default)
2019-10-15 00:41:43,197 [pool-37-thread-1] INFO  storage.RaftStorageDirectory (RaftStorageDirectory.java:analyzeStorage(246)) - The storage directory /workdir/hadoop-ozone/integration-test/target/test-dir/MiniOzoneClusterImpl-e538d966-0196-4657-9505-dd1c5b05d6aa/datanode-1/data/ratis/5e9b9f21-ef1d-49c1-a2dd-f9456cf95da2 does not exist. Creating ...
2019-10-15 00:41:43,226 [pool-37-thread-1] INFO  storage.RaftStorageDirectory (RaftStorageDirectory.java:tryLock(328)) - Lock on /workdir/hadoop-ozone/integration-test/target/test-dir/MiniOzoneClusterImpl-e538d966-0196-4657-9505-dd1c5b05d6aa/datanode-1/data/ratis/5e9b9f21-ef1d-49c1-a2dd-f9456cf95da2/in_use.lock acquired by nodename 5159@pr-hdds-1868-7bj8h-208101609
2019-10-15 00:41:43,251 [pool-37-thread-1] INFO  storage.RaftStorage (RaftStorage.java:format(84)) - Storage directory /workdir/hadoop-ozone/integration-test/target/test-dir/MiniOzoneClusterImpl-e538d966-0196-4657-9505-dd1c5b05d6aa/datanode-1/data/ratis/5e9b9f21-ef1d-49c1-a2dd-f9456cf95da2 has been successfully formatted.
2019-10-15 00:41:43,252 [pool-37-thread-1] INFO  ratis.ContainerStateMachine (ContainerStateMachine.java:loadSnapshot(233)) - group-F9456CF95DA2: The snapshot info is null. Setting the last applied indexto:(t:0, i:~)
2019-10-15 00:41:43,252 [pool-37-thread-1] INFO  server.RaftServerConfigKeys (ConfUtils.java:logGet(43)) - raft.server.notification.no-leader.timeout = 120s (custom)
2019-10-15 00:41:43,252 [pool-37-thread-1] INFO  server.RaftServerConfigKeys (ConfUtils.java:logGet(43)) - raft.server.log.use.memory = false (default)
2019-10-15 00:41:43,252 [pool-37-thread-1] INFO  server.RaftServerConfigKeys (ConfUtils.java:logGet(43)) - raft.server.log.purge.gap = 1000000 (custom)
2019-10-15 00:41:43,252 [pool-37-thread-1] INFO  server.RaftServerConfigKeys (ConfUtils.java:logGet(43)) - raft.server.log.appender.buffer.byte-limit = 33554432 (custom)
2019-10-15 00:41:43,252 [pool-37-thread-1] INFO  server.RaftServerConfigKeys (ConfUtils.java:logGet(43)) - raft.server.log.segment.size.max = 1048576 (custom)
2019-10-15 00:41:43,257 [pool-37-thread-1] INFO  server.RaftServerConfigKeys (ConfUtils.java:logGet(43)) - raft.server.log.segment.cache.num.max = 2 (custom)
2019-10-15 00:41:43,258 [pool-37-thread-1] INFO  segmented.SegmentedRaftLogWorker (SegmentedRaftLogWorker.java:<init>(173)) - new 88a7d5fa-cc02-424e-979e-9137321ddddd@group-F9456CF95DA2-SegmentedRaftLogWorker for RaftStorage:Storage Directory /workdir/hadoop-ozone/integration-test/target/test-dir/MiniOzoneClusterImpl-e538d966-0196-4657-9505-dd1c5b05d6aa/datanode-1/data/ratis/5e9b9f21-ef1d-49c1-a2dd-f9456cf95da2
2019-10-15 00:41:43,258 [pool-37-thread-1] INFO  server.RaftServerConfigKeys (ConfUtils.java:logGet(43)) - raft.server.log.queue.byte-limit = 2147483647 (custom)
2019-10-15 00:41:43,258 [pool-37-thread-1] INFO  server.RaftServerConfigKeys (ConfUtils.java:logGet(43)) - raft.server.log.queue.element-limit = 1024 (custom)
2019-10-15 00:41:43,258 [pool-37-thread-1] INFO  server.RaftServerConfigKeys (ConfUtils.java:logGet(43)) - raft.server.log.segment.size.max = 1048576 (custom)
2019-10-15 00:41:43,258 [pool-37-thread-1] INFO  server.RaftServerConfigKeys (ConfUtils.java:logGet(43)) - raft.server.log.preallocated.size = 16384 (custom)
2019-10-15 00:41:43,258 [pool-37-thread-1] INFO  server.RaftServerConfigKeys (ConfUtils.java:logGet(43)) - raft.server.log.write.buffer.size = 33554432 (custom)
2019-10-15 00:41:43,259 [pool-37-thread-1] INFO  server.RaftServerConfigKeys (ConfUtils.java:logGet(43)) - raft.server.log.force.sync.num = 128 (default)
2019-10-15 00:41:43,259 [pool-37-thread-1] INFO  server.RaftServerConfigKeys (ConfUtils.java:logGet(43)) - raft.server.log.statemachine.data.sync = true (default)
2019-10-15 00:41:43,259 [pool-37-thread-1] INFO  server.RaftServerConfigKeys (ConfUtils.java:logGet(43)) - raft.server.log.statemachine.data.sync.timeout = 10s (default)
2019-10-15 00:41:43,259 [pool-37-thread-1] INFO  server.RaftServerConfigKeys (ConfUtils.java:logGet(43)) - raft.server.log.statemachine.data.sync.timeout.retry = -1 (default)
2019-10-15 00:41:43,260 [pool-37-thread-1] INFO  server.RaftServerConfigKeys (ConfUtils.java:logGet(43)) - raft.server.log.statemachine.data.caching.enabled = true (custom)
2019-10-15 00:41:43,261 [pool-37-thread-1] INFO  segmented.SegmentedRaftLogWorker (SegmentedRaftLogWorker.java:lambda$new$0(128)) - 88a7d5fa-cc02-424e-979e-9137321ddddd@group-F9456CF95DA2-SegmentedRaftLogWorker: flushIndex: setUnconditionally 0 -> -1
2019-10-15 00:41:43,261 [pool-37-thread-1] INFO  server.RaftServerConfigKeys (ConfUtils.java:logGet(43)) - raft.server.snapshot.auto.trigger.enabled = true (custom)
2019-10-15 00:41:43,261 [pool-37-thread-1] INFO  server.RaftServerConfigKeys (ConfUtils.java:logGet(43)) - raft.server.snapshot.auto.trigger.threshold = 10000 (custom)
2019-10-15 00:41:43,261 [pool-37-thread-1] INFO  server.RaftServerConfigKeys (ConfUtils.java:logGet(43)) - raft.server.snapshot.retention.file.num = 5 (custom)
2019-10-15 00:41:43,262 [pool-37-thread-1] INFO  server.RaftServerConfigKeys (ConfUtils.java:logGet(43)) - raft.server.retrycache.expirytime = 600000ms (custom)
2019-10-15 00:41:43,265 [pool-37-thread-1] INFO  impl.RaftServerImpl (RaftServerImpl.java:start(181)) - 88a7d5fa-cc02-424e-979e-9137321ddddd@group-F9456CF95DA2: start as a follower, conf=-1: [88a7d5fa-cc02-424e-979e-9137321ddddd:192.168.164.218:32954], old=null
2019-10-15 00:41:43,266 [pool-37-thread-1] INFO  impl.RaftServerImpl (RaftServerImpl.java:setRole(170)) - 88a7d5fa-cc02-424e-979e-9137321ddddd@group-F9456CF95DA2: changes role from      null to FOLLOWER at term 0 for startAsFollower
2019-10-15 00:41:43,266 [pool-37-thread-1] INFO  impl.RoleInfo (RoleInfo.java:updateAndGet(143)) - 88a7d5fa-cc02-424e-979e-9137321ddddd: start FollowerState
2019-10-15 00:41:43,266 [pool-37-thread-1] INFO  util.JmxRegister (JmxRegister.java:tryRegister(44)) - Successfully registered JMX Bean with object name Ratis:service=RaftServer,group=group-F9456CF95DA2,id=88a7d5fa-cc02-424e-979e-9137321ddddd
2019-10-15 00:41:43,282 [RatisPipelineUtilsThread] INFO  pipeline.PipelineStateManager (PipelineStateManager.java:addPipeline(57)) - Created pipeline Pipeline[ Id: 5e9b9f21-ef1d-49c1-a2dd-f9456cf95da2, Nodes: 88a7d5fa-cc02-424e-979e-9137321ddddd{ip: 192.168.164.218, host: pr-hdds-1868-7bj8h-208101609, networkLocation: /default-rack, certSerialId: null}, Type:RATIS, Factor:ONE, State:ALLOCATED]
2019-10-15 00:41:43,299 [grpc-default-executor-0] INFO  impl.RaftServerProxy (RaftServerProxy.java:addNew(89)) - 35e64544-bc3d-465e-adee-d25b886edeb0: addNew group-13248FD7BD78:[35e64544-bc3d-465e-adee-d25b886edeb0:192.168.164.218:35915] returns group-13248FD7BD78:java.util.concurrent.CompletableFuture@71894122[Not completed]
2019-10-15 00:41:43,303 [pool-87-thread-1] INFO  impl.RaftServerImpl (RaftServerImpl.java:<init>(95)) - 35e64544-bc3d-465e-adee-d25b886edeb0: new RaftServerImpl for group-13248FD7BD78:[35e64544-bc3d-465e-adee-d25b886edeb0:192.168.164.218:35915] with ContainerStateMachine:uninitialized
2019-10-15 00:41:43,303 [pool-87-thread-1] INFO  server.RaftServerConfigKeys (ConfUtils.java:logGet(43)) - raft.server.rpc.timeout.min = 5s (custom)
2019-10-15 00:41:43,303 [pool-87-thread-1] INFO  server.RaftServerConfigKeys (ConfUtils.java:logGet(43)) - raft.server.rpc.timeout.max = 5200ms (custom)
2019-10-15 00:41:43,303 [pool-87-thread-1] INFO  server.RaftServerConfigKeys (ConfUtils.java:logGet(43)) - raft.server.rpcslowness.timeout = 120s (custom)
2019-10-15 00:41:43,303 [pool-87-thread-1] INFO  server.RaftServerConfigKeys (ConfUtils.java:logGet(43)) - raft.server.sleep.deviation.threshold = 300 (default)
2019-10-15 00:41:43,303 [pool-87-thread-1] INFO  server.RaftServerConfigKeys (ConfUtils.java:logGet(43)) - raft.server.log.appender.install.snapshot.enabled = false (custom)
2019-10-15 00:41:43,303 [pool-87-thread-1] INFO  impl.RaftServerImpl (ServerState.java:<init>(103)) - 35e64544-bc3d-465e-adee-d25b886edeb0@group-13248FD7BD78: ConfigurationManager, init=-1: [35e64544-bc3d-465e-adee-d25b886edeb0:192.168.164.218:35915], old=null, confs=<EMPTY_MAP>
2019-10-15 00:41:43,304 [pool-87-thread-1] INFO  server.RaftServerConfigKeys (ConfUtils.java:logGet(43)) - raft.server.storage.dir = [/workdir/hadoop-ozone/integration-test/target/test-dir/MiniOzoneClusterImpl-e538d966-0196-4657-9505-dd1c5b05d6aa/datanode-6/data/ratis] (custom)
2019-10-15 00:41:43,304 [pool-87-thread-1] INFO  server.RaftServerConfigKeys (ConfUtils.java:logGet(43)) - raft.server.log.corruption.policy = EXCEPTION (default)
2019-10-15 00:41:43,304 [pool-87-thread-1] INFO  storage.RaftStorageDirectory (RaftStorageDirectory.java:analyzeStorage(246)) - The storage directory /workdir/hadoop-ozone/integration-test/target/test-dir/MiniOzoneClusterImpl-e538d966-0196-4657-9505-dd1c5b05d6aa/datanode-6/data/ratis/2d89326f-2fc7-4363-8320-13248fd7bd78 does not exist. Creating ...
2019-10-15 00:41:43,326 [pool-87-thread-1] INFO  storage.RaftStorageDirectory (RaftStorageDirectory.java:tryLock(328)) - Lock on /workdir/hadoop-ozone/integration-test/target/test-dir/MiniOzoneClusterImpl-e538d966-0196-4657-9505-dd1c5b05d6aa/datanode-6/data/ratis/2d89326f-2fc7-4363-8320-13248fd7bd78/in_use.lock acquired by nodename 5159@pr-hdds-1868-7bj8h-208101609
2019-10-15 00:41:43,352 [pool-87-thread-1] INFO  storage.RaftStorage (RaftStorage.java:format(84)) - Storage directory /workdir/hadoop-ozone/integration-test/target/test-dir/MiniOzoneClusterImpl-e538d966-0196-4657-9505-dd1c5b05d6aa/datanode-6/data/ratis/2d89326f-2fc7-4363-8320-13248fd7bd78 has been successfully formatted.
2019-10-15 00:41:43,352 [pool-87-thread-1] INFO  ratis.ContainerStateMachine (ContainerStateMachine.java:loadSnapshot(233)) - group-13248FD7BD78: The snapshot info is null. Setting the last applied indexto:(t:0, i:~)
2019-10-15 00:41:43,353 [pool-87-thread-1] INFO  server.RaftServerConfigKeys (ConfUtils.java:logGet(43)) - raft.server.notification.no-leader.timeout = 120s (custom)
2019-10-15 00:41:43,353 [pool-87-thread-1] INFO  server.RaftServerConfigKeys (ConfUtils.java:logGet(43)) - raft.server.log.use.memory = false (default)
2019-10-15 00:41:43,353 [pool-87-thread-1] INFO  server.RaftServerConfigKeys (ConfUtils.java:logGet(43)) - raft.server.log.purge.gap = 1000000 (custom)
2019-10-15 00:41:43,353 [pool-87-thread-1] INFO  server.RaftServerConfigKeys (ConfUtils.java:logGet(43)) - raft.server.log.appender.buffer.byte-limit = 33554432 (custom)
2019-10-15 00:41:43,353 [pool-87-thread-1] INFO  server.RaftServerConfigKeys (ConfUtils.java:logGet(43)) - raft.server.log.segment.size.max = 1048576 (custom)
2019-10-15 00:41:43,357 [pool-87-thread-1] INFO  server.RaftServerConfigKeys (ConfUtils.java:logGet(43)) - raft.server.log.segment.cache.num.max = 2 (custom)
2019-10-15 00:41:43,357 [pool-87-thread-1] INFO  segmented.SegmentedRaftLogWorker (SegmentedRaftLogWorker.java:<init>(173)) - new 35e64544-bc3d-465e-adee-d25b886edeb0@group-13248FD7BD78-SegmentedRaftLogWorker for RaftStorage:Storage Directory /workdir/hadoop-ozone/integration-test/target/test-dir/MiniOzoneClusterImpl-e538d966-0196-4657-9505-dd1c5b05d6aa/datanode-6/data/ratis/2d89326f-2fc7-4363-8320-13248fd7bd78
2019-10-15 00:41:43,357 [pool-87-thread-1] INFO  server.RaftServerConfigKeys (ConfUtils.java:logGet(43)) - raft.server.log.queue.byte-limit = 2147483647 (custom)
2019-10-15 00:41:43,357 [pool-87-thread-1] INFO  server.RaftServerConfigKeys (ConfUtils.java:logGet(43)) - raft.server.log.queue.element-limit = 1024 (custom)
2019-10-15 00:41:43,357 [pool-87-thread-1] INFO  server.RaftServerConfigKeys (ConfUtils.java:logGet(43)) - raft.server.log.segment.size.max = 1048576 (custom)
2019-10-15 00:41:43,358 [pool-87-thread-1] INFO  server.RaftServerConfigKeys (ConfUtils.java:logGet(43)) - raft.server.log.preallocated.size = 16384 (custom)
2019-10-15 00:41:43,358 [pool-87-thread-1] INFO  server.RaftServerConfigKeys (ConfUtils.java:logGet(43)) - raft.server.log.write.buffer.size = 33554432 (custom)
2019-10-15 00:41:43,358 [pool-87-thread-1] INFO  server.RaftServerConfigKeys (ConfUtils.java:logGet(43)) - raft.server.log.force.sync.num = 128 (default)
2019-10-15 00:41:43,358 [pool-87-thread-1] INFO  server.RaftServerConfigKeys (ConfUtils.java:logGet(43)) - raft.server.log.statemachine.data.sync = true (default)
2019-10-15 00:41:43,358 [pool-87-thread-1] INFO  server.RaftServerConfigKeys (ConfUtils.java:logGet(43)) - raft.server.log.statemachine.data.sync.timeout = 10s (default)
2019-10-15 00:41:43,359 [pool-87-thread-1] INFO  server.RaftServerConfigKeys (ConfUtils.java:logGet(43)) - raft.server.log.statemachine.data.sync.timeout.retry = -1 (default)
2019-10-15 00:41:43,359 [pool-87-thread-1] INFO  server.RaftServerConfigKeys (ConfUtils.java:logGet(43)) - raft.server.log.statemachine.data.caching.enabled = true (custom)
2019-10-15 00:41:43,360 [pool-87-thread-1] INFO  segmented.SegmentedRaftLogWorker (SegmentedRaftLogWorker.java:lambda$new$0(128)) - 35e64544-bc3d-465e-adee-d25b886edeb0@group-13248FD7BD78-SegmentedRaftLogWorker: flushIndex: setUnconditionally 0 -> -1
2019-10-15 00:41:43,360 [pool-87-thread-1] INFO  server.RaftServerConfigKeys (ConfUtils.java:logGet(43)) - raft.server.snapshot.auto.trigger.enabled = true (custom)
2019-10-15 00:41:43,360 [pool-87-thread-1] INFO  server.RaftServerConfigKeys (ConfUtils.java:logGet(43)) - raft.server.snapshot.auto.trigger.threshold = 10000 (custom)
2019-10-15 00:41:43,360 [pool-87-thread-1] INFO  server.RaftServerConfigKeys (ConfUtils.java:logGet(43)) - raft.server.snapshot.retention.file.num = 5 (custom)
2019-10-15 00:41:43,361 [pool-87-thread-1] INFO  server.RaftServerConfigKeys (ConfUtils.java:logGet(43)) - raft.server.retrycache.expirytime = 600000ms (custom)
2019-10-15 00:41:43,364 [pool-87-thread-1] INFO  impl.RaftServerImpl (RaftServerImpl.java:start(181)) - 35e64544-bc3d-465e-adee-d25b886edeb0@group-13248FD7BD78: start as a follower, conf=-1: [35e64544-bc3d-465e-adee-d25b886edeb0:192.168.164.218:35915], old=null
2019-10-15 00:41:43,364 [pool-87-thread-1] INFO  impl.RaftServerImpl (RaftServerImpl.java:setRole(170)) - 35e64544-bc3d-465e-adee-d25b886edeb0@group-13248FD7BD78: changes role from      null to FOLLOWER at term 0 for startAsFollower
2019-10-15 00:41:43,364 [pool-87-thread-1] INFO  impl.RoleInfo (RoleInfo.java:updateAndGet(143)) - 35e64544-bc3d-465e-adee-d25b886edeb0: start FollowerState
2019-10-15 00:41:43,365 [pool-87-thread-1] INFO  util.JmxRegister (JmxRegister.java:tryRegister(44)) - Successfully registered JMX Bean with object name Ratis:service=RaftServer,group=group-13248FD7BD78,id=35e64544-bc3d-465e-adee-d25b886edeb0
2019-10-15 00:41:43,382 [RatisPipelineUtilsThread] INFO  pipeline.PipelineStateManager (PipelineStateManager.java:addPipeline(57)) - Created pipeline Pipeline[ Id: 2d89326f-2fc7-4363-8320-13248fd7bd78, Nodes: 35e64544-bc3d-465e-adee-d25b886edeb0{ip: 192.168.164.218, host: pr-hdds-1868-7bj8h-208101609, networkLocation: /default-rack, certSerialId: null}, Type:RATIS, Factor:ONE, State:ALLOCATED]
2019-10-15 00:41:43,400 [grpc-default-executor-0] INFO  impl.RaftServerProxy (RaftServerProxy.java:addNew(89)) - f5d1e668-fe69-48c6-a450-c44235d2144d: addNew group-15B124F9B8C2:[f5d1e668-fe69-48c6-a450-c44235d2144d:192.168.164.218:41414] returns group-15B124F9B8C2:java.util.concurrent.CompletableFuture@3b993f60[Not completed]
2019-10-15 00:41:43,404 [pool-67-thread-1] INFO  impl.RaftServerImpl (RaftServerImpl.java:<init>(95)) - f5d1e668-fe69-48c6-a450-c44235d2144d: new RaftServerImpl for group-15B124F9B8C2:[f5d1e668-fe69-48c6-a450-c44235d2144d:192.168.164.218:41414] with ContainerStateMachine:uninitialized
2019-10-15 00:41:43,405 [pool-67-thread-1] INFO  server.RaftServerConfigKeys (ConfUtils.java:logGet(43)) - raft.server.rpc.timeout.min = 5s (custom)
2019-10-15 00:41:43,405 [pool-67-thread-1] INFO  server.RaftServerConfigKeys (ConfUtils.java:logGet(43)) - raft.server.rpc.timeout.max = 5200ms (custom)
2019-10-15 00:41:43,405 [pool-67-thread-1] INFO  server.RaftServerConfigKeys (ConfUtils.java:logGet(43)) - raft.server.rpcslowness.timeout = 120s (custom)
2019-10-15 00:41:43,405 [pool-67-thread-1] INFO  server.RaftServerConfigKeys (ConfUtils.java:logGet(43)) - raft.server.sleep.deviation.threshold = 300 (default)
2019-10-15 00:41:43,405 [pool-67-thread-1] INFO  server.RaftServerConfigKeys (ConfUtils.java:logGet(43)) - raft.server.log.appender.install.snapshot.enabled = false (custom)
2019-10-15 00:41:43,406 [pool-67-thread-1] INFO  impl.RaftServerImpl (ServerState.java:<init>(103)) - f5d1e668-fe69-48c6-a450-c44235d2144d@group-15B124F9B8C2: ConfigurationManager, init=-1: [f5d1e668-fe69-48c6-a450-c44235d2144d:192.168.164.218:41414], old=null, confs=<EMPTY_MAP>
2019-10-15 00:41:43,406 [pool-67-thread-1] INFO  server.RaftServerConfigKeys (ConfUtils.java:logGet(43)) - raft.server.storage.dir = [/workdir/hadoop-ozone/integration-test/target/test-dir/MiniOzoneClusterImpl-e538d966-0196-4657-9505-dd1c5b05d6aa/datanode-4/data/ratis] (custom)
2019-10-15 00:41:43,406 [pool-67-thread-1] INFO  server.RaftServerConfigKeys (ConfUtils.java:logGet(43)) - raft.server.log.corruption.policy = EXCEPTION (default)
2019-10-15 00:41:43,407 [pool-67-thread-1] INFO  storage.RaftStorageDirectory (RaftStorageDirectory.java:analyzeStorage(246)) - The storage directory /workdir/hadoop-ozone/integration-test/target/test-dir/MiniOzoneClusterImpl-e538d966-0196-4657-9505-dd1c5b05d6aa/datanode-4/data/ratis/9532f7b3-19ab-4931-9d51-15b124f9b8c2 does not exist. Creating ...
2019-10-15 00:41:43,436 [pool-67-thread-1] INFO  storage.RaftStorageDirectory (RaftStorageDirectory.java:tryLock(328)) - Lock on /workdir/hadoop-ozone/integration-test/target/test-dir/MiniOzoneClusterImpl-e538d966-0196-4657-9505-dd1c5b05d6aa/datanode-4/data/ratis/9532f7b3-19ab-4931-9d51-15b124f9b8c2/in_use.lock acquired by nodename 5159@pr-hdds-1868-7bj8h-208101609
2019-10-15 00:41:43,461 [pool-67-thread-1] INFO  storage.RaftStorage (RaftStorage.java:format(84)) - Storage directory /workdir/hadoop-ozone/integration-test/target/test-dir/MiniOzoneClusterImpl-e538d966-0196-4657-9505-dd1c5b05d6aa/datanode-4/data/ratis/9532f7b3-19ab-4931-9d51-15b124f9b8c2 has been successfully formatted.
2019-10-15 00:41:43,461 [pool-67-thread-1] INFO  ratis.ContainerStateMachine (ContainerStateMachine.java:loadSnapshot(233)) - group-15B124F9B8C2: The snapshot info is null. Setting the last applied indexto:(t:0, i:~)
2019-10-15 00:41:43,462 [pool-67-thread-1] INFO  server.RaftServerConfigKeys (ConfUtils.java:logGet(43)) - raft.server.notification.no-leader.timeout = 120s (custom)
2019-10-15 00:41:43,462 [pool-67-thread-1] INFO  server.RaftServerConfigKeys (ConfUtils.java:logGet(43)) - raft.server.log.use.memory = false (default)
2019-10-15 00:41:43,462 [pool-67-thread-1] INFO  server.RaftServerConfigKeys (ConfUtils.java:logGet(43)) - raft.server.log.purge.gap = 1000000 (custom)
2019-10-15 00:41:43,462 [pool-67-thread-1] INFO  server.RaftServerConfigKeys (ConfUtils.java:logGet(43)) - raft.server.log.appender.buffer.byte-limit = 33554432 (custom)
2019-10-15 00:41:43,462 [pool-67-thread-1] INFO  server.RaftServerConfigKeys (ConfUtils.java:logGet(43)) - raft.server.log.segment.size.max = 1048576 (custom)
2019-10-15 00:41:43,466 [pool-67-thread-1] INFO  server.RaftServerConfigKeys (ConfUtils.java:logGet(43)) - raft.server.log.segment.cache.num.max = 2 (custom)
2019-10-15 00:41:43,466 [pool-67-thread-1] INFO  segmented.SegmentedRaftLogWorker (SegmentedRaftLogWorker.java:<init>(173)) - new f5d1e668-fe69-48c6-a450-c44235d2144d@group-15B124F9B8C2-SegmentedRaftLogWorker for RaftStorage:Storage Directory /workdir/hadoop-ozone/integration-test/target/test-dir/MiniOzoneClusterImpl-e538d966-0196-4657-9505-dd1c5b05d6aa/datanode-4/data/ratis/9532f7b3-19ab-4931-9d51-15b124f9b8c2
2019-10-15 00:41:43,466 [pool-67-thread-1] INFO  server.RaftServerConfigKeys (ConfUtils.java:logGet(43)) - raft.server.log.queue.byte-limit = 2147483647 (custom)
2019-10-15 00:41:43,466 [pool-67-thread-1] INFO  server.RaftServerConfigKeys (ConfUtils.java:logGet(43)) - raft.server.log.queue.element-limit = 1024 (custom)
2019-10-15 00:41:43,467 [pool-67-thread-1] INFO  server.RaftServerConfigKeys (ConfUtils.java:logGet(43)) - raft.server.log.segment.size.max = 1048576 (custom)
2019-10-15 00:41:43,467 [pool-67-thread-1] INFO  server.RaftServerConfigKeys (ConfUtils.java:logGet(43)) - raft.server.log.preallocated.size = 16384 (custom)
2019-10-15 00:41:43,467 [pool-67-thread-1] INFO  server.RaftServerConfigKeys (ConfUtils.java:logGet(43)) - raft.server.log.write.buffer.size = 33554432 (custom)
2019-10-15 00:41:43,467 [pool-67-thread-1] INFO  server.RaftServerConfigKeys (ConfUtils.java:logGet(43)) - raft.server.log.force.sync.num = 128 (default)
2019-10-15 00:41:43,467 [pool-67-thread-1] INFO  server.RaftServerConfigKeys (ConfUtils.java:logGet(43)) - raft.server.log.statemachine.data.sync = true (default)
2019-10-15 00:41:43,467 [pool-67-thread-1] INFO  server.RaftServerConfigKeys (ConfUtils.java:logGet(43)) - raft.server.log.statemachine.data.sync.timeout = 10s (default)
2019-10-15 00:41:43,468 [pool-67-thread-1] INFO  server.RaftServerConfigKeys (ConfUtils.java:logGet(43)) - raft.server.log.statemachine.data.sync.timeout.retry = -1 (default)
2019-10-15 00:41:43,468 [pool-67-thread-1] INFO  server.RaftServerConfigKeys (ConfUtils.java:logGet(43)) - raft.server.log.statemachine.data.caching.enabled = true (custom)
2019-10-15 00:41:43,469 [pool-67-thread-1] INFO  segmented.SegmentedRaftLogWorker (SegmentedRaftLogWorker.java:lambda$new$0(128)) - f5d1e668-fe69-48c6-a450-c44235d2144d@group-15B124F9B8C2-SegmentedRaftLogWorker: flushIndex: setUnconditionally 0 -> -1
2019-10-15 00:41:43,469 [pool-67-thread-1] INFO  server.RaftServerConfigKeys (ConfUtils.java:logGet(43)) - raft.server.snapshot.auto.trigger.enabled = true (custom)
2019-10-15 00:41:43,469 [pool-67-thread-1] INFO  server.RaftServerConfigKeys (ConfUtils.java:logGet(43)) - raft.server.snapshot.auto.trigger.threshold = 10000 (custom)
2019-10-15 00:41:43,469 [pool-67-thread-1] INFO  server.RaftServerConfigKeys (ConfUtils.java:logGet(43)) - raft.server.snapshot.retention.file.num = 5 (custom)
2019-10-15 00:41:43,470 [pool-67-thread-1] INFO  server.RaftServerConfigKeys (ConfUtils.java:logGet(43)) - raft.server.retrycache.expirytime = 600000ms (custom)
2019-10-15 00:41:43,473 [pool-67-thread-1] INFO  impl.RaftServerImpl (RaftServerImpl.java:start(181)) - f5d1e668-fe69-48c6-a450-c44235d2144d@group-15B124F9B8C2: start as a follower, conf=-1: [f5d1e668-fe69-48c6-a450-c44235d2144d:192.168.164.218:41414], old=null
2019-10-15 00:41:43,473 [pool-67-thread-1] INFO  impl.RaftServerImpl (RaftServerImpl.java:setRole(170)) - f5d1e668-fe69-48c6-a450-c44235d2144d@group-15B124F9B8C2: changes role from      null to FOLLOWER at term 0 for startAsFollower
2019-10-15 00:41:43,473 [pool-67-thread-1] INFO  impl.RoleInfo (RoleInfo.java:updateAndGet(143)) - f5d1e668-fe69-48c6-a450-c44235d2144d: start FollowerState
2019-10-15 00:41:43,474 [pool-67-thread-1] INFO  util.JmxRegister (JmxRegister.java:tryRegister(44)) - Successfully registered JMX Bean with object name Ratis:service=RaftServer,group=group-15B124F9B8C2,id=f5d1e668-fe69-48c6-a450-c44235d2144d
2019-10-15 00:41:43,488 [RatisPipelineUtilsThread] INFO  pipeline.PipelineStateManager (PipelineStateManager.java:addPipeline(57)) - Created pipeline Pipeline[ Id: 9532f7b3-19ab-4931-9d51-15b124f9b8c2, Nodes: f5d1e668-fe69-48c6-a450-c44235d2144d{ip: 192.168.164.218, host: pr-hdds-1868-7bj8h-208101609, networkLocation: /default-rack, certSerialId: null}, Type:RATIS, Factor:ONE, State:ALLOCATED]
2019-10-15 00:41:43,504 [grpc-default-executor-0] INFO  impl.RaftServerProxy (RaftServerProxy.java:addNew(89)) - c6075369-1c86-4712-9082-dc56af3ba339: addNew group-EBB09B637C59:[c6075369-1c86-4712-9082-dc56af3ba339:192.168.164.218:34070] returns group-EBB09B637C59:java.util.concurrent.CompletableFuture@62a750ef[Not completed]
2019-10-15 00:41:43,508 [pool-47-thread-1] INFO  impl.RaftServerImpl (RaftServerImpl.java:<init>(95)) - c6075369-1c86-4712-9082-dc56af3ba339: new RaftServerImpl for group-EBB09B637C59:[c6075369-1c86-4712-9082-dc56af3ba339:192.168.164.218:34070] with ContainerStateMachine:uninitialized
2019-10-15 00:41:43,508 [pool-47-thread-1] INFO  server.RaftServerConfigKeys (ConfUtils.java:logGet(43)) - raft.server.rpc.timeout.min = 5s (custom)
2019-10-15 00:41:43,508 [pool-47-thread-1] INFO  server.RaftServerConfigKeys (ConfUtils.java:logGet(43)) - raft.server.rpc.timeout.max = 5200ms (custom)
2019-10-15 00:41:43,508 [pool-47-thread-1] INFO  server.RaftServerConfigKeys (ConfUtils.java:logGet(43)) - raft.server.rpcslowness.timeout = 120s (custom)
2019-10-15 00:41:43,509 [pool-47-thread-1] INFO  server.RaftServerConfigKeys (ConfUtils.java:logGet(43)) - raft.server.sleep.deviation.threshold = 300 (default)
2019-10-15 00:41:43,509 [pool-47-thread-1] INFO  server.RaftServerConfigKeys (ConfUtils.java:logGet(43)) - raft.server.log.appender.install.snapshot.enabled = false (custom)
2019-10-15 00:41:43,509 [pool-47-thread-1] INFO  impl.RaftServerImpl (ServerState.java:<init>(103)) - c6075369-1c86-4712-9082-dc56af3ba339@group-EBB09B637C59: ConfigurationManager, init=-1: [c6075369-1c86-4712-9082-dc56af3ba339:192.168.164.218:34070], old=null, confs=<EMPTY_MAP>
2019-10-15 00:41:43,509 [pool-47-thread-1] INFO  server.RaftServerConfigKeys (ConfUtils.java:logGet(43)) - raft.server.storage.dir = [/workdir/hadoop-ozone/integration-test/target/test-dir/MiniOzoneClusterImpl-e538d966-0196-4657-9505-dd1c5b05d6aa/datanode-2/data/ratis] (custom)
2019-10-15 00:41:43,509 [pool-47-thread-1] INFO  server.RaftServerConfigKeys (ConfUtils.java:logGet(43)) - raft.server.log.corruption.policy = EXCEPTION (default)
2019-10-15 00:41:43,509 [pool-47-thread-1] INFO  storage.RaftStorageDirectory (RaftStorageDirectory.java:analyzeStorage(246)) - The storage directory /workdir/hadoop-ozone/integration-test/target/test-dir/MiniOzoneClusterImpl-e538d966-0196-4657-9505-dd1c5b05d6aa/datanode-2/data/ratis/adb0a296-a25a-4c41-b1f3-ebb09b637c59 does not exist. Creating ...
2019-10-15 00:41:43,536 [pool-47-thread-1] INFO  storage.RaftStorageDirectory (RaftStorageDirectory.java:tryLock(328)) - Lock on /workdir/hadoop-ozone/integration-test/target/test-dir/MiniOzoneClusterImpl-e538d966-0196-4657-9505-dd1c5b05d6aa/datanode-2/data/ratis/adb0a296-a25a-4c41-b1f3-ebb09b637c59/in_use.lock acquired by nodename 5159@pr-hdds-1868-7bj8h-208101609
2019-10-15 00:41:43,562 [pool-47-thread-1] INFO  storage.RaftStorage (RaftStorage.java:format(84)) - Storage directory /workdir/hadoop-ozone/integration-test/target/test-dir/MiniOzoneClusterImpl-e538d966-0196-4657-9505-dd1c5b05d6aa/datanode-2/data/ratis/adb0a296-a25a-4c41-b1f3-ebb09b637c59 has been successfully formatted.
2019-10-15 00:41:43,562 [pool-47-thread-1] INFO  ratis.ContainerStateMachine (ContainerStateMachine.java:loadSnapshot(233)) - group-EBB09B637C59: The snapshot info is null. Setting the last applied indexto:(t:0, i:~)
2019-10-15 00:41:43,562 [pool-47-thread-1] INFO  server.RaftServerConfigKeys (ConfUtils.java:logGet(43)) - raft.server.notification.no-leader.timeout = 120s (custom)
2019-10-15 00:41:43,562 [pool-47-thread-1] INFO  server.RaftServerConfigKeys (ConfUtils.java:logGet(43)) - raft.server.log.use.memory = false (default)
2019-10-15 00:41:43,563 [pool-47-thread-1] INFO  server.RaftServerConfigKeys (ConfUtils.java:logGet(43)) - raft.server.log.purge.gap = 1000000 (custom)
2019-10-15 00:41:43,563 [pool-47-thread-1] INFO  server.RaftServerConfigKeys (ConfUtils.java:logGet(43)) - raft.server.log.appender.buffer.byte-limit = 33554432 (custom)
2019-10-15 00:41:43,563 [pool-47-thread-1] INFO  server.RaftServerConfigKeys (ConfUtils.java:logGet(43)) - raft.server.log.segment.size.max = 1048576 (custom)
2019-10-15 00:41:43,566 [pool-47-thread-1] INFO  server.RaftServerConfigKeys (ConfUtils.java:logGet(43)) - raft.server.log.segment.cache.num.max = 2 (custom)
2019-10-15 00:41:43,566 [pool-47-thread-1] INFO  segmented.SegmentedRaftLogWorker (SegmentedRaftLogWorker.java:<init>(173)) - new c6075369-1c86-4712-9082-dc56af3ba339@group-EBB09B637C59-SegmentedRaftLogWorker for RaftStorage:Storage Directory /workdir/hadoop-ozone/integration-test/target/test-dir/MiniOzoneClusterImpl-e538d966-0196-4657-9505-dd1c5b05d6aa/datanode-2/data/ratis/adb0a296-a25a-4c41-b1f3-ebb09b637c59
2019-10-15 00:41:43,566 [pool-47-thread-1] INFO  server.RaftServerConfigKeys (ConfUtils.java:logGet(43)) - raft.server.log.queue.byte-limit = 2147483647 (custom)
2019-10-15 00:41:43,566 [pool-47-thread-1] INFO  server.RaftServerConfigKeys (ConfUtils.java:logGet(43)) - raft.server.log.queue.element-limit = 1024 (custom)
2019-10-15 00:41:43,567 [pool-47-thread-1] INFO  server.RaftServerConfigKeys (ConfUtils.java:logGet(43)) - raft.server.log.segment.size.max = 1048576 (custom)
2019-10-15 00:41:43,567 [pool-47-thread-1] INFO  server.RaftServerConfigKeys (ConfUtils.java:logGet(43)) - raft.server.log.preallocated.size = 16384 (custom)
2019-10-15 00:41:43,567 [pool-47-thread-1] INFO  server.RaftServerConfigKeys (ConfUtils.java:logGet(43)) - raft.server.log.write.buffer.size = 33554432 (custom)
2019-10-15 00:41:43,567 [pool-47-thread-1] INFO  server.RaftServerConfigKeys (ConfUtils.java:logGet(43)) - raft.server.log.force.sync.num = 128 (default)
2019-10-15 00:41:43,567 [pool-47-thread-1] INFO  server.RaftServerConfigKeys (ConfUtils.java:logGet(43)) - raft.server.log.statemachine.data.sync = true (default)
2019-10-15 00:41:43,567 [pool-47-thread-1] INFO  server.RaftServerConfigKeys (ConfUtils.java:logGet(43)) - raft.server.log.statemachine.data.sync.timeout = 10s (default)
2019-10-15 00:41:43,567 [pool-47-thread-1] INFO  server.RaftServerConfigKeys (ConfUtils.java:logGet(43)) - raft.server.log.statemachine.data.sync.timeout.retry = -1 (default)
2019-10-15 00:41:43,568 [pool-47-thread-1] INFO  server.RaftServerConfigKeys (ConfUtils.java:logGet(43)) - raft.server.log.statemachine.data.caching.enabled = true (custom)
2019-10-15 00:41:43,569 [pool-47-thread-1] INFO  segmented.SegmentedRaftLogWorker (SegmentedRaftLogWorker.java:lambda$new$0(128)) - c6075369-1c86-4712-9082-dc56af3ba339@group-EBB09B637C59-SegmentedRaftLogWorker: flushIndex: setUnconditionally 0 -> -1
2019-10-15 00:41:43,569 [pool-47-thread-1] INFO  server.RaftServerConfigKeys (ConfUtils.java:logGet(43)) - raft.server.snapshot.auto.trigger.enabled = true (custom)
2019-10-15 00:41:43,569 [pool-47-thread-1] INFO  server.RaftServerConfigKeys (ConfUtils.java:logGet(43)) - raft.server.snapshot.auto.trigger.threshold = 10000 (custom)
2019-10-15 00:41:43,569 [pool-47-thread-1] INFO  server.RaftServerConfigKeys (ConfUtils.java:logGet(43)) - raft.server.snapshot.retention.file.num = 5 (custom)
2019-10-15 00:41:43,569 [pool-47-thread-1] INFO  server.RaftServerConfigKeys (ConfUtils.java:logGet(43)) - raft.server.retrycache.expirytime = 600000ms (custom)
2019-10-15 00:41:43,572 [pool-47-thread-1] INFO  impl.RaftServerImpl (RaftServerImpl.java:start(181)) - c6075369-1c86-4712-9082-dc56af3ba339@group-EBB09B637C59: start as a follower, conf=-1: [c6075369-1c86-4712-9082-dc56af3ba339:192.168.164.218:34070], old=null
2019-10-15 00:41:43,572 [pool-47-thread-1] INFO  impl.RaftServerImpl (RaftServerImpl.java:setRole(170)) - c6075369-1c86-4712-9082-dc56af3ba339@group-EBB09B637C59: changes role from      null to FOLLOWER at term 0 for startAsFollower
2019-10-15 00:41:43,573 [pool-47-thread-1] INFO  impl.RoleInfo (RoleInfo.java:updateAndGet(143)) - c6075369-1c86-4712-9082-dc56af3ba339: start FollowerState
2019-10-15 00:41:43,573 [pool-47-thread-1] INFO  util.JmxRegister (JmxRegister.java:tryRegister(44)) - Successfully registered JMX Bean with object name Ratis:service=RaftServer,group=group-EBB09B637C59,id=c6075369-1c86-4712-9082-dc56af3ba339
2019-10-15 00:41:43,594 [RatisPipelineUtilsThread] INFO  pipeline.PipelineStateManager (PipelineStateManager.java:addPipeline(57)) - Created pipeline Pipeline[ Id: adb0a296-a25a-4c41-b1f3-ebb09b637c59, Nodes: c6075369-1c86-4712-9082-dc56af3ba339{ip: 192.168.164.218, host: pr-hdds-1868-7bj8h-208101609, networkLocation: /default-rack, certSerialId: null}, Type:RATIS, Factor:ONE, State:ALLOCATED]
2019-10-15 00:41:43,633 [grpc-default-executor-2] INFO  impl.RaftServerProxy (RaftServerProxy.java:addNew(89)) - abc841f7-ccc7-46f2-94a7-38b3b9eaef01: addNew group-C6E71009FF9A:[88a7d5fa-cc02-424e-979e-9137321ddddd:192.168.164.218:32954, b6a7a8d3-8079-4dfa-92cd-d231555e9b27:192.168.164.218:36375, abc841f7-ccc7-46f2-94a7-38b3b9eaef01:192.168.164.218:46404] returns group-C6E71009FF9A:java.util.concurrent.CompletableFuture@1dec16dd[Not completed]
2019-10-15 00:41:43,635 [grpc-default-executor-0] INFO  impl.RaftServerProxy (RaftServerProxy.java:addNew(89)) - b6a7a8d3-8079-4dfa-92cd-d231555e9b27: addNew group-C6E71009FF9A:[88a7d5fa-cc02-424e-979e-9137321ddddd:192.168.164.218:32954, b6a7a8d3-8079-4dfa-92cd-d231555e9b27:192.168.164.218:36375, abc841f7-ccc7-46f2-94a7-38b3b9eaef01:192.168.164.218:46404] returns group-C6E71009FF9A:java.util.concurrent.CompletableFuture@7c9936b[Not completed]
2019-10-15 00:41:43,636 [grpc-default-executor-1] INFO  impl.RaftServerProxy (RaftServerProxy.java:addNew(89)) - 88a7d5fa-cc02-424e-979e-9137321ddddd: addNew group-C6E71009FF9A:[88a7d5fa-cc02-424e-979e-9137321ddddd:192.168.164.218:32954, b6a7a8d3-8079-4dfa-92cd-d231555e9b27:192.168.164.218:36375, abc841f7-ccc7-46f2-94a7-38b3b9eaef01:192.168.164.218:46404] returns group-C6E71009FF9A:java.util.concurrent.CompletableFuture@2f88e01e[Not completed]
2019-10-15 00:41:43,637 [pool-77-thread-1] INFO  impl.RaftServerImpl (RaftServerImpl.java:<init>(95)) - abc841f7-ccc7-46f2-94a7-38b3b9eaef01: new RaftServerImpl for group-C6E71009FF9A:[88a7d5fa-cc02-424e-979e-9137321ddddd:192.168.164.218:32954, b6a7a8d3-8079-4dfa-92cd-d231555e9b27:192.168.164.218:36375, abc841f7-ccc7-46f2-94a7-38b3b9eaef01:192.168.164.218:46404] with ContainerStateMachine:uninitialized
2019-10-15 00:41:43,637 [pool-77-thread-1] INFO  server.RaftServerConfigKeys (ConfUtils.java:logGet(43)) - raft.server.rpc.timeout.min = 5s (custom)
2019-10-15 00:41:43,639 [pool-77-thread-1] INFO  server.RaftServerConfigKeys (ConfUtils.java:logGet(43)) - raft.server.rpc.timeout.max = 5200ms (custom)
2019-10-15 00:41:43,639 [pool-77-thread-1] INFO  server.RaftServerConfigKeys (ConfUtils.java:logGet(43)) - raft.server.rpcslowness.timeout = 120s (custom)
2019-10-15 00:41:43,639 [pool-77-thread-1] INFO  server.RaftServerConfigKeys (ConfUtils.java:logGet(43)) - raft.server.sleep.deviation.threshold = 300 (default)
2019-10-15 00:41:43,639 [pool-77-thread-1] INFO  server.RaftServerConfigKeys (ConfUtils.java:logGet(43)) - raft.server.log.appender.install.snapshot.enabled = false (custom)
2019-10-15 00:41:43,639 [pool-77-thread-1] INFO  impl.RaftServerImpl (ServerState.java:<init>(103)) - abc841f7-ccc7-46f2-94a7-38b3b9eaef01@group-C6E71009FF9A: ConfigurationManager, init=-1: [88a7d5fa-cc02-424e-979e-9137321ddddd:192.168.164.218:32954, b6a7a8d3-8079-4dfa-92cd-d231555e9b27:192.168.164.218:36375, abc841f7-ccc7-46f2-94a7-38b3b9eaef01:192.168.164.218:46404], old=null, confs=<EMPTY_MAP>
2019-10-15 00:41:43,639 [pool-37-thread-1] INFO  impl.RaftServerImpl (RaftServerImpl.java:<init>(95)) - 88a7d5fa-cc02-424e-979e-9137321ddddd: new RaftServerImpl for group-C6E71009FF9A:[88a7d5fa-cc02-424e-979e-9137321ddddd:192.168.164.218:32954, b6a7a8d3-8079-4dfa-92cd-d231555e9b27:192.168.164.218:36375, abc841f7-ccc7-46f2-94a7-38b3b9eaef01:192.168.164.218:46404] with ContainerStateMachine:uninitialized
2019-10-15 00:41:43,640 [pool-77-thread-1] INFO  server.RaftServerConfigKeys (ConfUtils.java:logGet(43)) - raft.server.storage.dir = [/workdir/hadoop-ozone/integration-test/target/test-dir/MiniOzoneClusterImpl-e538d966-0196-4657-9505-dd1c5b05d6aa/datanode-5/data/ratis] (custom)
2019-10-15 00:41:43,640 [pool-37-thread-1] INFO  server.RaftServerConfigKeys (ConfUtils.java:logGet(43)) - raft.server.rpc.timeout.min = 5s (custom)
2019-10-15 00:41:43,640 [pool-37-thread-1] INFO  server.RaftServerConfigKeys (ConfUtils.java:logGet(43)) - raft.server.rpc.timeout.max = 5200ms (custom)
2019-10-15 00:41:43,640 [pool-77-thread-1] INFO  server.RaftServerConfigKeys (ConfUtils.java:logGet(43)) - raft.server.log.corruption.policy = EXCEPTION (default)
2019-10-15 00:41:43,640 [pool-37-thread-1] INFO  server.RaftServerConfigKeys (ConfUtils.java:logGet(43)) - raft.server.rpcslowness.timeout = 120s (custom)
2019-10-15 00:41:43,640 [pool-77-thread-1] INFO  storage.RaftStorageDirectory (RaftStorageDirectory.java:analyzeStorage(246)) - The storage directory /workdir/hadoop-ozone/integration-test/target/test-dir/MiniOzoneClusterImpl-e538d966-0196-4657-9505-dd1c5b05d6aa/datanode-5/data/ratis/7e070aad-2356-4825-81fd-c6e71009ff9a does not exist. Creating ...
2019-10-15 00:41:43,640 [pool-37-thread-1] INFO  server.RaftServerConfigKeys (ConfUtils.java:logGet(43)) - raft.server.sleep.deviation.threshold = 300 (default)
2019-10-15 00:41:43,641 [pool-37-thread-1] INFO  server.RaftServerConfigKeys (ConfUtils.java:logGet(43)) - raft.server.log.appender.install.snapshot.enabled = false (custom)
2019-10-15 00:41:43,641 [pool-57-thread-1] INFO  impl.RaftServerImpl (RaftServerImpl.java:<init>(95)) - b6a7a8d3-8079-4dfa-92cd-d231555e9b27: new RaftServerImpl for group-C6E71009FF9A:[88a7d5fa-cc02-424e-979e-9137321ddddd:192.168.164.218:32954, b6a7a8d3-8079-4dfa-92cd-d231555e9b27:192.168.164.218:36375, abc841f7-ccc7-46f2-94a7-38b3b9eaef01:192.168.164.218:46404] with ContainerStateMachine:uninitialized
2019-10-15 00:41:43,641 [pool-37-thread-1] INFO  impl.RaftServerImpl (ServerState.java:<init>(103)) - 88a7d5fa-cc02-424e-979e-9137321ddddd@group-C6E71009FF9A: ConfigurationManager, init=-1: [88a7d5fa-cc02-424e-979e-9137321ddddd:192.168.164.218:32954, b6a7a8d3-8079-4dfa-92cd-d231555e9b27:192.168.164.218:36375, abc841f7-ccc7-46f2-94a7-38b3b9eaef01:192.168.164.218:46404], old=null, confs=<EMPTY_MAP>
2019-10-15 00:41:43,641 [pool-57-thread-1] INFO  server.RaftServerConfigKeys (ConfUtils.java:logGet(43)) - raft.server.rpc.timeout.min = 5s (custom)
2019-10-15 00:41:43,641 [pool-37-thread-1] INFO  server.RaftServerConfigKeys (ConfUtils.java:logGet(43)) - raft.server.storage.dir = [/workdir/hadoop-ozone/integration-test/target/test-dir/MiniOzoneClusterImpl-e538d966-0196-4657-9505-dd1c5b05d6aa/datanode-1/data/ratis] (custom)
2019-10-15 00:41:43,641 [pool-57-thread-1] INFO  server.RaftServerConfigKeys (ConfUtils.java:logGet(43)) - raft.server.rpc.timeout.max = 5200ms (custom)
2019-10-15 00:41:43,642 [pool-37-thread-1] INFO  server.RaftServerConfigKeys (ConfUtils.java:logGet(43)) - raft.server.log.corruption.policy = EXCEPTION (default)
2019-10-15 00:41:43,642 [pool-57-thread-1] INFO  server.RaftServerConfigKeys (ConfUtils.java:logGet(43)) - raft.server.rpcslowness.timeout = 120s (custom)
2019-10-15 00:41:43,642 [pool-37-thread-1] INFO  storage.RaftStorageDirectory (RaftStorageDirectory.java:analyzeStorage(246)) - The storage directory /workdir/hadoop-ozone/integration-test/target/test-dir/MiniOzoneClusterImpl-e538d966-0196-4657-9505-dd1c5b05d6aa/datanode-1/data/ratis/7e070aad-2356-4825-81fd-c6e71009ff9a does not exist. Creating ...
2019-10-15 00:41:43,642 [pool-57-thread-1] INFO  server.RaftServerConfigKeys (ConfUtils.java:logGet(43)) - raft.server.sleep.deviation.threshold = 300 (default)
2019-10-15 00:41:43,642 [pool-57-thread-1] INFO  server.RaftServerConfigKeys (ConfUtils.java:logGet(43)) - raft.server.log.appender.install.snapshot.enabled = false (custom)
2019-10-15 00:41:43,642 [pool-57-thread-1] INFO  impl.RaftServerImpl (ServerState.java:<init>(103)) - b6a7a8d3-8079-4dfa-92cd-d231555e9b27@group-C6E71009FF9A: ConfigurationManager, init=-1: [88a7d5fa-cc02-424e-979e-9137321ddddd:192.168.164.218:32954, b6a7a8d3-8079-4dfa-92cd-d231555e9b27:192.168.164.218:36375, abc841f7-ccc7-46f2-94a7-38b3b9eaef01:192.168.164.218:46404], old=null, confs=<EMPTY_MAP>
2019-10-15 00:41:43,643 [pool-57-thread-1] INFO  server.RaftServerConfigKeys (ConfUtils.java:logGet(43)) - raft.server.storage.dir = [/workdir/hadoop-ozone/integration-test/target/test-dir/MiniOzoneClusterImpl-e538d966-0196-4657-9505-dd1c5b05d6aa/datanode-3/data/ratis] (custom)
2019-10-15 00:41:43,643 [pool-57-thread-1] INFO  server.RaftServerConfigKeys (ConfUtils.java:logGet(43)) - raft.server.log.corruption.policy = EXCEPTION (default)
2019-10-15 00:41:43,643 [pool-57-thread-1] INFO  storage.RaftStorageDirectory (RaftStorageDirectory.java:analyzeStorage(246)) - The storage directory /workdir/hadoop-ozone/integration-test/target/test-dir/MiniOzoneClusterImpl-e538d966-0196-4657-9505-dd1c5b05d6aa/datanode-3/data/ratis/7e070aad-2356-4825-81fd-c6e71009ff9a does not exist. Creating ...
2019-10-15 00:41:43,671 [pool-57-thread-1] INFO  storage.RaftStorageDirectory (RaftStorageDirectory.java:tryLock(328)) - Lock on /workdir/hadoop-ozone/integration-test/target/test-dir/MiniOzoneClusterImpl-e538d966-0196-4657-9505-dd1c5b05d6aa/datanode-3/data/ratis/7e070aad-2356-4825-81fd-c6e71009ff9a/in_use.lock acquired by nodename 5159@pr-hdds-1868-7bj8h-208101609
2019-10-15 00:41:43,671 [pool-77-thread-1] INFO  storage.RaftStorageDirectory (RaftStorageDirectory.java:tryLock(328)) - Lock on /workdir/hadoop-ozone/integration-test/target/test-dir/MiniOzoneClusterImpl-e538d966-0196-4657-9505-dd1c5b05d6aa/datanode-5/data/ratis/7e070aad-2356-4825-81fd-c6e71009ff9a/in_use.lock acquired by nodename 5159@pr-hdds-1868-7bj8h-208101609
2019-10-15 00:41:43,671 [pool-37-thread-1] INFO  storage.RaftStorageDirectory (RaftStorageDirectory.java:tryLock(328)) - Lock on /workdir/hadoop-ozone/integration-test/target/test-dir/MiniOzoneClusterImpl-e538d966-0196-4657-9505-dd1c5b05d6aa/datanode-1/data/ratis/7e070aad-2356-4825-81fd-c6e71009ff9a/in_use.lock acquired by nodename 5159@pr-hdds-1868-7bj8h-208101609
2019-10-15 00:41:43,696 [pool-37-thread-1] INFO  storage.RaftStorage (RaftStorage.java:format(84)) - Storage directory /workdir/hadoop-ozone/integration-test/target/test-dir/MiniOzoneClusterImpl-e538d966-0196-4657-9505-dd1c5b05d6aa/datanode-1/data/ratis/7e070aad-2356-4825-81fd-c6e71009ff9a has been successfully formatted.
2019-10-15 00:41:43,696 [pool-77-thread-1] INFO  storage.RaftStorage (RaftStorage.java:format(84)) - Storage directory /workdir/hadoop-ozone/integration-test/target/test-dir/MiniOzoneClusterImpl-e538d966-0196-4657-9505-dd1c5b05d6aa/datanode-5/data/ratis/7e070aad-2356-4825-81fd-c6e71009ff9a has been successfully formatted.
2019-10-15 00:41:43,696 [pool-57-thread-1] INFO  storage.RaftStorage (RaftStorage.java:format(84)) - Storage directory /workdir/hadoop-ozone/integration-test/target/test-dir/MiniOzoneClusterImpl-e538d966-0196-4657-9505-dd1c5b05d6aa/datanode-3/data/ratis/7e070aad-2356-4825-81fd-c6e71009ff9a has been successfully formatted.
2019-10-15 00:41:43,697 [pool-37-thread-1] INFO  ratis.ContainerStateMachine (ContainerStateMachine.java:loadSnapshot(233)) - group-C6E71009FF9A: The snapshot info is null. Setting the last applied indexto:(t:0, i:~)
2019-10-15 00:41:43,697 [pool-77-thread-1] INFO  ratis.ContainerStateMachine (ContainerStateMachine.java:loadSnapshot(233)) - group-C6E71009FF9A: The snapshot info is null. Setting the last applied indexto:(t:0, i:~)
2019-10-15 00:41:43,697 [pool-37-thread-1] INFO  server.RaftServerConfigKeys (ConfUtils.java:logGet(43)) - raft.server.notification.no-leader.timeout = 120s (custom)
2019-10-15 00:41:43,697 [pool-57-thread-1] INFO  ratis.ContainerStateMachine (ContainerStateMachine.java:loadSnapshot(233)) - group-C6E71009FF9A: The snapshot info is null. Setting the last applied indexto:(t:0, i:~)
2019-10-15 00:41:43,697 [pool-37-thread-1] INFO  server.RaftServerConfigKeys (ConfUtils.java:logGet(43)) - raft.server.log.use.memory = false (default)
2019-10-15 00:41:43,697 [pool-77-thread-1] INFO  server.RaftServerConfigKeys (ConfUtils.java:logGet(43)) - raft.server.notification.no-leader.timeout = 120s (custom)
2019-10-15 00:41:43,698 [pool-37-thread-1] INFO  server.RaftServerConfigKeys (ConfUtils.java:logGet(43)) - raft.server.log.purge.gap = 1000000 (custom)
2019-10-15 00:41:43,698 [pool-57-thread-1] INFO  server.RaftServerConfigKeys (ConfUtils.java:logGet(43)) - raft.server.notification.no-leader.timeout = 120s (custom)
2019-10-15 00:41:43,698 [pool-37-thread-1] INFO  server.RaftServerConfigKeys (ConfUtils.java:logGet(43)) - raft.server.log.appender.buffer.byte-limit = 33554432 (custom)
2019-10-15 00:41:43,698 [pool-77-thread-1] INFO  server.RaftServerConfigKeys (ConfUtils.java:logGet(43)) - raft.server.log.use.memory = false (default)
2019-10-15 00:41:43,698 [pool-37-thread-1] INFO  server.RaftServerConfigKeys (ConfUtils.java:logGet(43)) - raft.server.log.segment.size.max = 1048576 (custom)
2019-10-15 00:41:43,698 [pool-57-thread-1] INFO  server.RaftServerConfigKeys (ConfUtils.java:logGet(43)) - raft.server.log.use.memory = false (default)
2019-10-15 00:41:43,699 [pool-37-thread-1] INFO  server.RaftServerConfigKeys (ConfUtils.java:logGet(43)) - raft.server.log.segment.cache.num.max = 2 (custom)
2019-10-15 00:41:43,698 [pool-77-thread-1] INFO  server.RaftServerConfigKeys (ConfUtils.java:logGet(43)) - raft.server.log.purge.gap = 1000000 (custom)
2019-10-15 00:41:43,699 [pool-37-thread-1] INFO  segmented.SegmentedRaftLogWorker (SegmentedRaftLogWorker.java:<init>(173)) - new 88a7d5fa-cc02-424e-979e-9137321ddddd@group-C6E71009FF9A-SegmentedRaftLogWorker for RaftStorage:Storage Directory /workdir/hadoop-ozone/integration-test/target/test-dir/MiniOzoneClusterImpl-e538d966-0196-4657-9505-dd1c5b05d6aa/datanode-1/data/ratis/7e070aad-2356-4825-81fd-c6e71009ff9a
2019-10-15 00:41:43,699 [pool-57-thread-1] INFO  server.RaftServerConfigKeys (ConfUtils.java:logGet(43)) - raft.server.log.purge.gap = 1000000 (custom)
2019-10-15 00:41:43,699 [pool-37-thread-1] INFO  server.RaftServerConfigKeys (ConfUtils.java:logGet(43)) - raft.server.log.queue.byte-limit = 2147483647 (custom)
2019-10-15 00:41:43,699 [pool-77-thread-1] INFO  server.RaftServerConfigKeys (ConfUtils.java:logGet(43)) - raft.server.log.appender.buffer.byte-limit = 33554432 (custom)
2019-10-15 00:41:43,700 [pool-37-thread-1] INFO  server.RaftServerConfigKeys (ConfUtils.java:logGet(43)) - raft.server.log.queue.element-limit = 1024 (custom)
2019-10-15 00:41:43,699 [pool-57-thread-1] INFO  server.RaftServerConfigKeys (ConfUtils.java:logGet(43)) - raft.server.log.appender.buffer.byte-limit = 33554432 (custom)
2019-10-15 00:41:43,700 [pool-37-thread-1] INFO  server.RaftServerConfigKeys (ConfUtils.java:logGet(43)) - raft.server.log.segment.size.max = 1048576 (custom)
2019-10-15 00:41:43,700 [pool-77-thread-1] INFO  server.RaftServerConfigKeys (ConfUtils.java:logGet(43)) - raft.server.log.segment.size.max = 1048576 (custom)
2019-10-15 00:41:43,700 [pool-37-thread-1] INFO  server.RaftServerConfigKeys (ConfUtils.java:logGet(43)) - raft.server.log.preallocated.size = 16384 (custom)
2019-10-15 00:41:43,700 [pool-57-thread-1] INFO  server.RaftServerConfigKeys (ConfUtils.java:logGet(43)) - raft.server.log.segment.size.max = 1048576 (custom)
2019-10-15 00:41:43,701 [pool-37-thread-1] INFO  server.RaftServerConfigKeys (ConfUtils.java:logGet(43)) - raft.server.log.write.buffer.size = 33554432 (custom)
2019-10-15 00:41:43,700 [pool-77-thread-1] INFO  server.RaftServerConfigKeys (ConfUtils.java:logGet(43)) - raft.server.log.segment.cache.num.max = 2 (custom)
2019-10-15 00:41:43,701 [pool-37-thread-1] INFO  server.RaftServerConfigKeys (ConfUtils.java:logGet(43)) - raft.server.log.force.sync.num = 128 (default)
2019-10-15 00:41:43,701 [pool-57-thread-1] INFO  server.RaftServerConfigKeys (ConfUtils.java:logGet(43)) - raft.server.log.segment.cache.num.max = 2 (custom)
2019-10-15 00:41:43,701 [pool-37-thread-1] INFO  server.RaftServerConfigKeys (ConfUtils.java:logGet(43)) - raft.server.log.statemachine.data.sync = true (default)
2019-10-15 00:41:43,702 [pool-57-thread-1] INFO  segmented.SegmentedRaftLogWorker (SegmentedRaftLogWorker.java:<init>(173)) - new b6a7a8d3-8079-4dfa-92cd-d231555e9b27@group-C6E71009FF9A-SegmentedRaftLogWorker for RaftStorage:Storage Directory /workdir/hadoop-ozone/integration-test/target/test-dir/MiniOzoneClusterImpl-e538d966-0196-4657-9505-dd1c5b05d6aa/datanode-3/data/ratis/7e070aad-2356-4825-81fd-c6e71009ff9a
2019-10-15 00:41:43,701 [pool-77-thread-1] INFO  segmented.SegmentedRaftLogWorker (SegmentedRaftLogWorker.java:<init>(173)) - new abc841f7-ccc7-46f2-94a7-38b3b9eaef01@group-C6E71009FF9A-SegmentedRaftLogWorker for RaftStorage:Storage Directory /workdir/hadoop-ozone/integration-test/target/test-dir/MiniOzoneClusterImpl-e538d966-0196-4657-9505-dd1c5b05d6aa/datanode-5/data/ratis/7e070aad-2356-4825-81fd-c6e71009ff9a
2019-10-15 00:41:43,702 [pool-57-thread-1] INFO  server.RaftServerConfigKeys (ConfUtils.java:logGet(43)) - raft.server.log.queue.byte-limit = 2147483647 (custom)
2019-10-15 00:41:43,702 [pool-37-thread-1] INFO  server.RaftServerConfigKeys (ConfUtils.java:logGet(43)) - raft.server.log.statemachine.data.sync.timeout = 10s (default)
2019-10-15 00:41:43,702 [pool-57-thread-1] INFO  server.RaftServerConfigKeys (ConfUtils.java:logGet(43)) - raft.server.log.queue.element-limit = 1024 (custom)
2019-10-15 00:41:43,702 [pool-77-thread-1] INFO  server.RaftServerConfigKeys (ConfUtils.java:logGet(43)) - raft.server.log.queue.byte-limit = 2147483647 (custom)
2019-10-15 00:41:43,702 [pool-57-thread-1] INFO  server.RaftServerConfigKeys (ConfUtils.java:logGet(43)) - raft.server.log.segment.size.max = 1048576 (custom)
2019-10-15 00:41:43,702 [pool-37-thread-1] INFO  server.RaftServerConfigKeys (ConfUtils.java:logGet(43)) - raft.server.log.statemachine.data.sync.timeout.retry = -1 (default)
2019-10-15 00:41:43,703 [pool-57-thread-1] INFO  server.RaftServerConfigKeys (ConfUtils.java:logGet(43)) - raft.server.log.preallocated.size = 16384 (custom)
2019-10-15 00:41:43,703 [pool-77-thread-1] INFO  server.RaftServerConfigKeys (ConfUtils.java:logGet(43)) - raft.server.log.queue.element-limit = 1024 (custom)
2019-10-15 00:41:43,703 [pool-57-thread-1] INFO  server.RaftServerConfigKeys (ConfUtils.java:logGet(43)) - raft.server.log.write.buffer.size = 33554432 (custom)
2019-10-15 00:41:43,703 [pool-37-thread-1] INFO  server.RaftServerConfigKeys (ConfUtils.java:logGet(43)) - raft.server.log.statemachine.data.caching.enabled = true (custom)
2019-10-15 00:41:43,703 [pool-57-thread-1] INFO  server.RaftServerConfigKeys (ConfUtils.java:logGet(43)) - raft.server.log.force.sync.num = 128 (default)
2019-10-15 00:41:43,703 [pool-77-thread-1] INFO  server.RaftServerConfigKeys (ConfUtils.java:logGet(43)) - raft.server.log.segment.size.max = 1048576 (custom)
2019-10-15 00:41:43,704 [pool-37-thread-1] INFO  segmented.SegmentedRaftLogWorker (SegmentedRaftLogWorker.java:lambda$new$0(128)) - 88a7d5fa-cc02-424e-979e-9137321ddddd@group-C6E71009FF9A-SegmentedRaftLogWorker: flushIndex: setUnconditionally 0 -> -1
2019-10-15 00:41:43,704 [pool-57-thread-1] INFO  server.RaftServerConfigKeys (ConfUtils.java:logGet(43)) - raft.server.log.statemachine.data.sync = true (default)
2019-10-15 00:41:43,704 [pool-77-thread-1] INFO  server.RaftServerConfigKeys (ConfUtils.java:logGet(43)) - raft.server.log.preallocated.size = 16384 (custom)
2019-10-15 00:41:43,704 [pool-37-thread-1] INFO  server.RaftServerConfigKeys (ConfUtils.java:logGet(43)) - raft.server.snapshot.auto.trigger.enabled = true (custom)
2019-10-15 00:41:43,704 [pool-57-thread-1] INFO  server.RaftServerConfigKeys (ConfUtils.java:logGet(43)) - raft.server.log.statemachine.data.sync.timeout = 10s (default)
2019-10-15 00:41:43,705 [pool-37-thread-1] INFO  server.RaftServerConfigKeys (ConfUtils.java:logGet(43)) - raft.server.snapshot.auto.trigger.threshold = 10000 (custom)
2019-10-15 00:41:43,704 [pool-77-thread-1] INFO  server.RaftServerConfigKeys (ConfUtils.java:logGet(43)) - raft.server.log.write.buffer.size = 33554432 (custom)
2019-10-15 00:41:43,705 [pool-37-thread-1] INFO  server.RaftServerConfigKeys (ConfUtils.java:logGet(43)) - raft.server.snapshot.retention.file.num = 5 (custom)
2019-10-15 00:41:43,705 [pool-57-thread-1] INFO  server.RaftServerConfigKeys (ConfUtils.java:logGet(43)) - raft.server.log.statemachine.data.sync.timeout.retry = -1 (default)
2019-10-15 00:41:43,705 [pool-37-thread-1] INFO  server.RaftServerConfigKeys (ConfUtils.java:logGet(43)) - raft.server.retrycache.expirytime = 600000ms (custom)
2019-10-15 00:41:43,705 [pool-57-thread-1] INFO  server.RaftServerConfigKeys (ConfUtils.java:logGet(43)) - raft.server.log.statemachine.data.caching.enabled = true (custom)
2019-10-15 00:41:43,705 [pool-77-thread-1] INFO  server.RaftServerConfigKeys (ConfUtils.java:logGet(43)) - raft.server.log.force.sync.num = 128 (default)
2019-10-15 00:41:43,706 [pool-77-thread-1] INFO  server.RaftServerConfigKeys (ConfUtils.java:logGet(43)) - raft.server.log.statemachine.data.sync = true (default)
2019-10-15 00:41:43,706 [pool-57-thread-1] INFO  segmented.SegmentedRaftLogWorker (SegmentedRaftLogWorker.java:lambda$new$0(128)) - b6a7a8d3-8079-4dfa-92cd-d231555e9b27@group-C6E71009FF9A-SegmentedRaftLogWorker: flushIndex: setUnconditionally 0 -> -1
2019-10-15 00:41:43,706 [pool-77-thread-1] INFO  server.RaftServerConfigKeys (ConfUtils.java:logGet(43)) - raft.server.log.statemachine.data.sync.timeout = 10s (default)
2019-10-15 00:41:43,706 [pool-57-thread-1] INFO  server.RaftServerConfigKeys (ConfUtils.java:logGet(43)) - raft.server.snapshot.auto.trigger.enabled = true (custom)
2019-10-15 00:41:43,706 [pool-77-thread-1] INFO  server.RaftServerConfigKeys (ConfUtils.java:logGet(43)) - raft.server.log.statemachine.data.sync.timeout.retry = -1 (default)
2019-10-15 00:41:43,706 [pool-57-thread-1] INFO  server.RaftServerConfigKeys (ConfUtils.java:logGet(43)) - raft.server.snapshot.auto.trigger.threshold = 10000 (custom)
2019-10-15 00:41:43,707 [pool-77-thread-1] INFO  server.RaftServerConfigKeys (ConfUtils.java:logGet(43)) - raft.server.log.statemachine.data.caching.enabled = true (custom)
2019-10-15 00:41:43,707 [pool-57-thread-1] INFO  server.RaftServerConfigKeys (ConfUtils.java:logGet(43)) - raft.server.snapshot.retention.file.num = 5 (custom)
2019-10-15 00:41:43,707 [pool-77-thread-1] INFO  segmented.SegmentedRaftLogWorker (SegmentedRaftLogWorker.java:lambda$new$0(128)) - abc841f7-ccc7-46f2-94a7-38b3b9eaef01@group-C6E71009FF9A-SegmentedRaftLogWorker: flushIndex: setUnconditionally 0 -> -1
2019-10-15 00:41:43,707 [pool-57-thread-1] INFO  server.RaftServerConfigKeys (ConfUtils.java:logGet(43)) - raft.server.retrycache.expirytime = 600000ms (custom)
2019-10-15 00:41:43,708 [pool-77-thread-1] INFO  server.RaftServerConfigKeys (ConfUtils.java:logGet(43)) - raft.server.snapshot.auto.trigger.enabled = true (custom)
2019-10-15 00:41:43,708 [pool-77-thread-1] INFO  server.RaftServerConfigKeys (ConfUtils.java:logGet(43)) - raft.server.snapshot.auto.trigger.threshold = 10000 (custom)
2019-10-15 00:41:43,708 [pool-77-thread-1] INFO  server.RaftServerConfigKeys (ConfUtils.java:logGet(43)) - raft.server.snapshot.retention.file.num = 5 (custom)
2019-10-15 00:41:43,708 [pool-77-thread-1] INFO  server.RaftServerConfigKeys (ConfUtils.java:logGet(43)) - raft.server.retrycache.expirytime = 600000ms (custom)
2019-10-15 00:41:43,709 [pool-37-thread-1] INFO  impl.RaftServerImpl (RaftServerImpl.java:start(181)) - 88a7d5fa-cc02-424e-979e-9137321ddddd@group-C6E71009FF9A: start as a follower, conf=-1: [88a7d5fa-cc02-424e-979e-9137321ddddd:192.168.164.218:32954, b6a7a8d3-8079-4dfa-92cd-d231555e9b27:192.168.164.218:36375, abc841f7-ccc7-46f2-94a7-38b3b9eaef01:192.168.164.218:46404], old=null
2019-10-15 00:41:43,709 [pool-37-thread-1] INFO  impl.RaftServerImpl (RaftServerImpl.java:setRole(170)) - 88a7d5fa-cc02-424e-979e-9137321ddddd@group-C6E71009FF9A: changes role from      null to FOLLOWER at term 0 for startAsFollower
2019-10-15 00:41:43,709 [pool-37-thread-1] INFO  impl.RoleInfo (RoleInfo.java:updateAndGet(143)) - 88a7d5fa-cc02-424e-979e-9137321ddddd: start FollowerState
2019-10-15 00:41:43,710 [pool-37-thread-1] INFO  util.JmxRegister (JmxRegister.java:tryRegister(44)) - Successfully registered JMX Bean with object name Ratis:service=RaftServer,group=group-C6E71009FF9A,id=88a7d5fa-cc02-424e-979e-9137321ddddd
2019-10-15 00:41:43,712 [pool-57-thread-1] INFO  impl.RaftServerImpl (RaftServerImpl.java:start(181)) - b6a7a8d3-8079-4dfa-92cd-d231555e9b27@group-C6E71009FF9A: start as a follower, conf=-1: [88a7d5fa-cc02-424e-979e-9137321ddddd:192.168.164.218:32954, b6a7a8d3-8079-4dfa-92cd-d231555e9b27:192.168.164.218:36375, abc841f7-ccc7-46f2-94a7-38b3b9eaef01:192.168.164.218:46404], old=null
2019-10-15 00:41:43,712 [pool-57-thread-1] INFO  impl.RaftServerImpl (RaftServerImpl.java:setRole(170)) - b6a7a8d3-8079-4dfa-92cd-d231555e9b27@group-C6E71009FF9A: changes role from      null to FOLLOWER at term 0 for startAsFollower
2019-10-15 00:41:43,712 [pool-57-thread-1] INFO  impl.RoleInfo (RoleInfo.java:updateAndGet(143)) - b6a7a8d3-8079-4dfa-92cd-d231555e9b27: start FollowerState
2019-10-15 00:41:43,712 [pool-77-thread-1] INFO  impl.RaftServerImpl (RaftServerImpl.java:start(181)) - abc841f7-ccc7-46f2-94a7-38b3b9eaef01@group-C6E71009FF9A: start as a follower, conf=-1: [88a7d5fa-cc02-424e-979e-9137321ddddd:192.168.164.218:32954, b6a7a8d3-8079-4dfa-92cd-d231555e9b27:192.168.164.218:36375, abc841f7-ccc7-46f2-94a7-38b3b9eaef01:192.168.164.218:46404], old=null
2019-10-15 00:41:43,712 [pool-77-thread-1] INFO  impl.RaftServerImpl (RaftServerImpl.java:setRole(170)) - abc841f7-ccc7-46f2-94a7-38b3b9eaef01@group-C6E71009FF9A: changes role from      null to FOLLOWER at term 0 for startAsFollower
2019-10-15 00:41:43,713 [pool-57-thread-1] INFO  util.JmxRegister (JmxRegister.java:tryRegister(44)) - Successfully registered JMX Bean with object name Ratis:service=RaftServer,group=group-C6E71009FF9A,id=b6a7a8d3-8079-4dfa-92cd-d231555e9b27
2019-10-15 00:41:43,713 [pool-77-thread-1] INFO  impl.RoleInfo (RoleInfo.java:updateAndGet(143)) - abc841f7-ccc7-46f2-94a7-38b3b9eaef01: start FollowerState
2019-10-15 00:41:43,713 [pool-77-thread-1] INFO  util.JmxRegister (JmxRegister.java:tryRegister(44)) - Successfully registered JMX Bean with object name Ratis:service=RaftServer,group=group-C6E71009FF9A,id=abc841f7-ccc7-46f2-94a7-38b3b9eaef01
2019-10-15 00:41:43,742 [RatisPipelineUtilsThread] INFO  pipeline.PipelineStateManager (PipelineStateManager.java:addPipeline(57)) - Created pipeline Pipeline[ Id: 7e070aad-2356-4825-81fd-c6e71009ff9a, Nodes: b6a7a8d3-8079-4dfa-92cd-d231555e9b27{ip: 192.168.164.218, host: pr-hdds-1868-7bj8h-208101609, networkLocation: /default-rack, certSerialId: null}abc841f7-ccc7-46f2-94a7-38b3b9eaef01{ip: 192.168.164.218, host: pr-hdds-1868-7bj8h-208101609, networkLocation: /default-rack, certSerialId: null}88a7d5fa-cc02-424e-979e-9137321ddddd{ip: 192.168.164.218, host: pr-hdds-1868-7bj8h-208101609, networkLocation: /default-rack, certSerialId: null}, Type:RATIS, Factor:THREE, State:ALLOCATED]
2019-10-15 00:41:43,782 [grpc-default-executor-2] INFO  impl.RaftServerProxy (RaftServerProxy.java:addNew(89)) - 35e64544-bc3d-465e-adee-d25b886edeb0: addNew group-37EE58D2D545:[c6075369-1c86-4712-9082-dc56af3ba339:192.168.164.218:34070, 35e64544-bc3d-465e-adee-d25b886edeb0:192.168.164.218:35915, f5d1e668-fe69-48c6-a450-c44235d2144d:192.168.164.218:41414] returns group-37EE58D2D545:java.util.concurrent.CompletableFuture@6ca37ca1[Not completed]
2019-10-15 00:41:43,782 [grpc-default-executor-1] INFO  impl.RaftServerProxy (RaftServerProxy.java:addNew(89)) - f5d1e668-fe69-48c6-a450-c44235d2144d: addNew group-37EE58D2D545:[c6075369-1c86-4712-9082-dc56af3ba339:192.168.164.218:34070, 35e64544-bc3d-465e-adee-d25b886edeb0:192.168.164.218:35915, f5d1e668-fe69-48c6-a450-c44235d2144d:192.168.164.218:41414] returns group-37EE58D2D545:java.util.concurrent.CompletableFuture@6eb5ea25[Not completed]
2019-10-15 00:41:43,783 [grpc-default-executor-0] INFO  impl.RaftServerProxy (RaftServerProxy.java:addNew(89)) - c6075369-1c86-4712-9082-dc56af3ba339: addNew group-37EE58D2D545:[c6075369-1c86-4712-9082-dc56af3ba339:192.168.164.218:34070, 35e64544-bc3d-465e-adee-d25b886edeb0:192.168.164.218:35915, f5d1e668-fe69-48c6-a450-c44235d2144d:192.168.164.218:41414] returns group-37EE58D2D545:java.util.concurrent.CompletableFuture@63939faa[Not completed]
2019-10-15 00:41:43,786 [pool-87-thread-1] INFO  impl.RaftServerImpl (RaftServerImpl.java:<init>(95)) - 35e64544-bc3d-465e-adee-d25b886edeb0: new RaftServerImpl for group-37EE58D2D545:[c6075369-1c86-4712-9082-dc56af3ba339:192.168.164.218:34070, 35e64544-bc3d-465e-adee-d25b886edeb0:192.168.164.218:35915, f5d1e668-fe69-48c6-a450-c44235d2144d:192.168.164.218:41414] with ContainerStateMachine:uninitialized
2019-10-15 00:41:43,786 [pool-87-thread-1] INFO  server.RaftServerConfigKeys (ConfUtils.java:logGet(43)) - raft.server.rpc.timeout.min = 5s (custom)
2019-10-15 00:41:43,786 [pool-87-thread-1] INFO  server.RaftServerConfigKeys (ConfUtils.java:logGet(43)) - raft.server.rpc.timeout.max = 5200ms (custom)
2019-10-15 00:41:43,786 [pool-87-thread-1] INFO  server.RaftServerConfigKeys (ConfUtils.java:logGet(43)) - raft.server.rpcslowness.timeout = 120s (custom)
2019-10-15 00:41:43,786 [pool-87-thread-1] INFO  server.RaftServerConfigKeys (ConfUtils.java:logGet(43)) - raft.server.sleep.deviation.threshold = 300 (default)
2019-10-15 00:41:43,787 [pool-87-thread-1] INFO  server.RaftServerConfigKeys (ConfUtils.java:logGet(43)) - raft.server.log.appender.install.snapshot.enabled = false (custom)
2019-10-15 00:41:43,787 [pool-87-thread-1] INFO  impl.RaftServerImpl (ServerState.java:<init>(103)) - 35e64544-bc3d-465e-adee-d25b886edeb0@group-37EE58D2D545: ConfigurationManager, init=-1: [c6075369-1c86-4712-9082-dc56af3ba339:192.168.164.218:34070, 35e64544-bc3d-465e-adee-d25b886edeb0:192.168.164.218:35915, f5d1e668-fe69-48c6-a450-c44235d2144d:192.168.164.218:41414], old=null, confs=<EMPTY_MAP>
2019-10-15 00:41:43,787 [pool-47-thread-1] INFO  impl.RaftServerImpl (RaftServerImpl.java:<init>(95)) - c6075369-1c86-4712-9082-dc56af3ba339: new RaftServerImpl for group-37EE58D2D545:[c6075369-1c86-4712-9082-dc56af3ba339:192.168.164.218:34070, 35e64544-bc3d-465e-adee-d25b886edeb0:192.168.164.218:35915, f5d1e668-fe69-48c6-a450-c44235d2144d:192.168.164.218:41414] with ContainerStateMachine:uninitialized
2019-10-15 00:41:43,787 [pool-87-thread-1] INFO  server.RaftServerConfigKeys (ConfUtils.java:logGet(43)) - raft.server.storage.dir = [/workdir/hadoop-ozone/integration-test/target/test-dir/MiniOzoneClusterImpl-e538d966-0196-4657-9505-dd1c5b05d6aa/datanode-6/data/ratis] (custom)
2019-10-15 00:41:43,787 [pool-47-thread-1] INFO  server.RaftServerConfigKeys (ConfUtils.java:logGet(43)) - raft.server.rpc.timeout.min = 5s (custom)
2019-10-15 00:41:43,788 [pool-47-thread-1] INFO  server.RaftServerConfigKeys (ConfUtils.java:logGet(43)) - raft.server.rpc.timeout.max = 5200ms (custom)
2019-10-15 00:41:43,788 [pool-87-thread-1] INFO  server.RaftServerConfigKeys (ConfUtils.java:logGet(43)) - raft.server.log.corruption.policy = EXCEPTION (default)
2019-10-15 00:41:43,788 [pool-47-thread-1] INFO  server.RaftServerConfigKeys (ConfUtils.java:logGet(43)) - raft.server.rpcslowness.timeout = 120s (custom)
2019-10-15 00:41:43,788 [pool-87-thread-1] INFO  storage.RaftStorageDirectory (RaftStorageDirectory.java:analyzeStorage(246)) - The storage directory /workdir/hadoop-ozone/integration-test/target/test-dir/MiniOzoneClusterImpl-e538d966-0196-4657-9505-dd1c5b05d6aa/datanode-6/data/ratis/19f2c43d-c9f9-4c87-b265-37ee58d2d545 does not exist. Creating ...
2019-10-15 00:41:43,788 [pool-47-thread-1] INFO  server.RaftServerConfigKeys (ConfUtils.java:logGet(43)) - raft.server.sleep.deviation.threshold = 300 (default)
2019-10-15 00:41:43,788 [pool-67-thread-1] INFO  impl.RaftServerImpl (RaftServerImpl.java:<init>(95)) - f5d1e668-fe69-48c6-a450-c44235d2144d: new RaftServerImpl for group-37EE58D2D545:[c6075369-1c86-4712-9082-dc56af3ba339:192.168.164.218:34070, 35e64544-bc3d-465e-adee-d25b886edeb0:192.168.164.218:35915, f5d1e668-fe69-48c6-a450-c44235d2144d:192.168.164.218:41414] with ContainerStateMachine:uninitialized
2019-10-15 00:41:43,788 [pool-47-thread-1] INFO  server.RaftServerConfigKeys (ConfUtils.java:logGet(43)) - raft.server.log.appender.install.snapshot.enabled = false (custom)
2019-10-15 00:41:43,789 [pool-67-thread-1] INFO  server.RaftServerConfigKeys (ConfUtils.java:logGet(43)) - raft.server.rpc.timeout.min = 5s (custom)
2019-10-15 00:41:43,789 [pool-47-thread-1] INFO  impl.RaftServerImpl (ServerState.java:<init>(103)) - c6075369-1c86-4712-9082-dc56af3ba339@group-37EE58D2D545: ConfigurationManager, init=-1: [c6075369-1c86-4712-9082-dc56af3ba339:192.168.164.218:34070, 35e64544-bc3d-465e-adee-d25b886edeb0:192.168.164.218:35915, f5d1e668-fe69-48c6-a450-c44235d2144d:192.168.164.218:41414], old=null, confs=<EMPTY_MAP>
2019-10-15 00:41:43,789 [pool-67-thread-1] INFO  server.RaftServerConfigKeys (ConfUtils.java:logGet(43)) - raft.server.rpc.timeout.max = 5200ms (custom)
2019-10-15 00:41:43,789 [pool-47-thread-1] INFO  server.RaftServerConfigKeys (ConfUtils.java:logGet(43)) - raft.server.storage.dir = [/workdir/hadoop-ozone/integration-test/target/test-dir/MiniOzoneClusterImpl-e538d966-0196-4657-9505-dd1c5b05d6aa/datanode-2/data/ratis] (custom)
2019-10-15 00:41:43,789 [pool-67-thread-1] INFO  server.RaftServerConfigKeys (ConfUtils.java:logGet(43)) - raft.server.rpcslowness.timeout = 120s (custom)
2019-10-15 00:41:43,789 [pool-67-thread-1] INFO  server.RaftServerConfigKeys (ConfUtils.java:logGet(43)) - raft.server.sleep.deviation.threshold = 300 (default)
2019-10-15 00:41:43,789 [pool-47-thread-1] INFO  server.RaftServerConfigKeys (ConfUtils.java:logGet(43)) - raft.server.log.corruption.policy = EXCEPTION (default)
2019-10-15 00:41:43,790 [pool-67-thread-1] INFO  server.RaftServerConfigKeys (ConfUtils.java:logGet(43)) - raft.server.log.appender.install.snapshot.enabled = false (custom)
2019-10-15 00:41:43,790 [pool-47-thread-1] INFO  storage.RaftStorageDirectory (RaftStorageDirectory.java:analyzeStorage(246)) - The storage directory /workdir/hadoop-ozone/integration-test/target/test-dir/MiniOzoneClusterImpl-e538d966-0196-4657-9505-dd1c5b05d6aa/datanode-2/data/ratis/19f2c43d-c9f9-4c87-b265-37ee58d2d545 does not exist. Creating ...
2019-10-15 00:41:43,790 [pool-67-thread-1] INFO  impl.RaftServerImpl (ServerState.java:<init>(103)) - f5d1e668-fe69-48c6-a450-c44235d2144d@group-37EE58D2D545: ConfigurationManager, init=-1: [c6075369-1c86-4712-9082-dc56af3ba339:192.168.164.218:34070, 35e64544-bc3d-465e-adee-d25b886edeb0:192.168.164.218:35915, f5d1e668-fe69-48c6-a450-c44235d2144d:192.168.164.218:41414], old=null, confs=<EMPTY_MAP>
2019-10-15 00:41:43,790 [pool-67-thread-1] INFO  server.RaftServerConfigKeys (ConfUtils.java:logGet(43)) - raft.server.storage.dir = [/workdir/hadoop-ozone/integration-test/target/test-dir/MiniOzoneClusterImpl-e538d966-0196-4657-9505-dd1c5b05d6aa/datanode-4/data/ratis] (custom)
2019-10-15 00:41:43,791 [pool-67-thread-1] INFO  server.RaftServerConfigKeys (ConfUtils.java:logGet(43)) - raft.server.log.corruption.policy = EXCEPTION (default)
2019-10-15 00:41:43,791 [pool-67-thread-1] INFO  storage.RaftStorageDirectory (RaftStorageDirectory.java:analyzeStorage(246)) - The storage directory /workdir/hadoop-ozone/integration-test/target/test-dir/MiniOzoneClusterImpl-e538d966-0196-4657-9505-dd1c5b05d6aa/datanode-4/data/ratis/19f2c43d-c9f9-4c87-b265-37ee58d2d545 does not exist. Creating ...
2019-10-15 00:41:43,814 [pool-87-thread-1] INFO  storage.RaftStorageDirectory (RaftStorageDirectory.java:tryLock(328)) - Lock on /workdir/hadoop-ozone/integration-test/target/test-dir/MiniOzoneClusterImpl-e538d966-0196-4657-9505-dd1c5b05d6aa/datanode-6/data/ratis/19f2c43d-c9f9-4c87-b265-37ee58d2d545/in_use.lock acquired by nodename 5159@pr-hdds-1868-7bj8h-208101609
2019-10-15 00:41:43,814 [pool-67-thread-1] INFO  storage.RaftStorageDirectory (RaftStorageDirectory.java:tryLock(328)) - Lock on /workdir/hadoop-ozone/integration-test/target/test-dir/MiniOzoneClusterImpl-e538d966-0196-4657-9505-dd1c5b05d6aa/datanode-4/data/ratis/19f2c43d-c9f9-4c87-b265-37ee58d2d545/in_use.lock acquired by nodename 5159@pr-hdds-1868-7bj8h-208101609
2019-10-15 00:41:43,814 [pool-47-thread-1] INFO  storage.RaftStorageDirectory (RaftStorageDirectory.java:tryLock(328)) - Lock on /workdir/hadoop-ozone/integration-test/target/test-dir/MiniOzoneClusterImpl-e538d966-0196-4657-9505-dd1c5b05d6aa/datanode-2/data/ratis/19f2c43d-c9f9-4c87-b265-37ee58d2d545/in_use.lock acquired by nodename 5159@pr-hdds-1868-7bj8h-208101609
2019-10-15 00:41:43,839 [pool-67-thread-1] INFO  storage.RaftStorage (RaftStorage.java:format(84)) - Storage directory /workdir/hadoop-ozone/integration-test/target/test-dir/MiniOzoneClusterImpl-e538d966-0196-4657-9505-dd1c5b05d6aa/datanode-4/data/ratis/19f2c43d-c9f9-4c87-b265-37ee58d2d545 has been successfully formatted.
2019-10-15 00:41:43,839 [pool-47-thread-1] INFO  storage.RaftStorage (RaftStorage.java:format(84)) - Storage directory /workdir/hadoop-ozone/integration-test/target/test-dir/MiniOzoneClusterImpl-e538d966-0196-4657-9505-dd1c5b05d6aa/datanode-2/data/ratis/19f2c43d-c9f9-4c87-b265-37ee58d2d545 has been successfully formatted.
2019-10-15 00:41:43,839 [pool-87-thread-1] INFO  storage.RaftStorage (RaftStorage.java:format(84)) - Storage directory /workdir/hadoop-ozone/integration-test/target/test-dir/MiniOzoneClusterImpl-e538d966-0196-4657-9505-dd1c5b05d6aa/datanode-6/data/ratis/19f2c43d-c9f9-4c87-b265-37ee58d2d545 has been successfully formatted.
2019-10-15 00:41:43,840 [pool-67-thread-1] INFO  ratis.ContainerStateMachine (ContainerStateMachine.java:loadSnapshot(233)) - group-37EE58D2D545: The snapshot info is null. Setting the last applied indexto:(t:0, i:~)
2019-10-15 00:41:43,840 [pool-47-thread-1] INFO  ratis.ContainerStateMachine (ContainerStateMachine.java:loadSnapshot(233)) - group-37EE58D2D545: The snapshot info is null. Setting the last applied indexto:(t:0, i:~)
2019-10-15 00:41:43,840 [pool-87-thread-1] INFO  ratis.ContainerStateMachine (ContainerStateMachine.java:loadSnapshot(233)) - group-37EE58D2D545: The snapshot info is null. Setting the last applied indexto:(t:0, i:~)
2019-10-15 00:41:43,840 [pool-67-thread-1] INFO  server.RaftServerConfigKeys (ConfUtils.java:logGet(43)) - raft.server.notification.no-leader.timeout = 120s (custom)
2019-10-15 00:41:43,840 [pool-87-thread-1] INFO  server.RaftServerConfigKeys (ConfUtils.java:logGet(43)) - raft.server.notification.no-leader.timeout = 120s (custom)
2019-10-15 00:41:43,840 [pool-47-thread-1] INFO  server.RaftServerConfigKeys (ConfUtils.java:logGet(43)) - raft.server.notification.no-leader.timeout = 120s (custom)
2019-10-15 00:41:43,840 [pool-87-thread-1] INFO  server.RaftServerConfigKeys (ConfUtils.java:logGet(43)) - raft.server.log.use.memory = false (default)
2019-10-15 00:41:43,840 [pool-67-thread-1] INFO  server.RaftServerConfigKeys (ConfUtils.java:logGet(43)) - raft.server.log.use.memory = false (default)
2019-10-15 00:41:43,840 [pool-47-thread-1] INFO  server.RaftServerConfigKeys (ConfUtils.java:logGet(43)) - raft.server.log.use.memory = false (default)
2019-10-15 00:41:43,841 [pool-67-thread-1] INFO  server.RaftServerConfigKeys (ConfUtils.java:logGet(43)) - raft.server.log.purge.gap = 1000000 (custom)
2019-10-15 00:41:43,841 [pool-87-thread-1] INFO  server.RaftServerConfigKeys (ConfUtils.java:logGet(43)) - raft.server.log.purge.gap = 1000000 (custom)
2019-10-15 00:41:43,841 [pool-67-thread-1] INFO  server.RaftServerConfigKeys (ConfUtils.java:logGet(43)) - raft.server.log.appender.buffer.byte-limit = 33554432 (custom)
2019-10-15 00:41:43,841 [pool-47-thread-1] INFO  server.RaftServerConfigKeys (ConfUtils.java:logGet(43)) - raft.server.log.purge.gap = 1000000 (custom)
2019-10-15 00:41:43,841 [pool-67-thread-1] INFO  server.RaftServerConfigKeys (ConfUtils.java:logGet(43)) - raft.server.log.segment.size.max = 1048576 (custom)
2019-10-15 00:41:43,841 [pool-87-thread-1] INFO  server.RaftServerConfigKeys (ConfUtils.java:logGet(43)) - raft.server.log.appender.buffer.byte-limit = 33554432 (custom)
2019-10-15 00:41:43,841 [pool-67-thread-1] INFO  server.RaftServerConfigKeys (ConfUtils.java:logGet(43)) - raft.server.log.segment.cache.num.max = 2 (custom)
2019-10-15 00:41:43,841 [pool-47-thread-1] INFO  server.RaftServerConfigKeys (ConfUtils.java:logGet(43)) - raft.server.log.appender.buffer.byte-limit = 33554432 (custom)
2019-10-15 00:41:43,842 [pool-67-thread-1] INFO  segmented.SegmentedRaftLogWorker (SegmentedRaftLogWorker.java:<init>(173)) - new f5d1e668-fe69-48c6-a450-c44235d2144d@group-37EE58D2D545-SegmentedRaftLogWorker for RaftStorage:Storage Directory /workdir/hadoop-ozone/integration-test/target/test-dir/MiniOzoneClusterImpl-e538d966-0196-4657-9505-dd1c5b05d6aa/datanode-4/data/ratis/19f2c43d-c9f9-4c87-b265-37ee58d2d545
2019-10-15 00:41:43,842 [pool-87-thread-1] INFO  server.RaftServerConfigKeys (ConfUtils.java:logGet(43)) - raft.server.log.segment.size.max = 1048576 (custom)
2019-10-15 00:41:43,842 [pool-67-thread-1] INFO  server.RaftServerConfigKeys (ConfUtils.java:logGet(43)) - raft.server.log.queue.byte-limit = 2147483647 (custom)
2019-10-15 00:41:43,842 [pool-47-thread-1] INFO  server.RaftServerConfigKeys (ConfUtils.java:logGet(43)) - raft.server.log.segment.size.max = 1048576 (custom)
2019-10-15 00:41:43,842 [pool-67-thread-1] INFO  server.RaftServerConfigKeys (ConfUtils.java:logGet(43)) - raft.server.log.queue.element-limit = 1024 (custom)
2019-10-15 00:41:43,842 [pool-87-thread-1] INFO  server.RaftServerConfigKeys (ConfUtils.java:logGet(43)) - raft.server.log.segment.cache.num.max = 2 (custom)
2019-10-15 00:41:43,843 [pool-67-thread-1] INFO  server.RaftServerConfigKeys (ConfUtils.java:logGet(43)) - raft.server.log.segment.size.max = 1048576 (custom)
2019-10-15 00:41:43,842 [pool-47-thread-1] INFO  server.RaftServerConfigKeys (ConfUtils.java:logGet(43)) - raft.server.log.segment.cache.num.max = 2 (custom)
2019-10-15 00:41:43,843 [pool-67-thread-1] INFO  server.RaftServerConfigKeys (ConfUtils.java:logGet(43)) - raft.server.log.preallocated.size = 16384 (custom)
2019-10-15 00:41:43,843 [pool-87-thread-1] INFO  segmented.SegmentedRaftLogWorker (SegmentedRaftLogWorker.java:<init>(173)) - new 35e64544-bc3d-465e-adee-d25b886edeb0@group-37EE58D2D545-SegmentedRaftLogWorker for RaftStorage:Storage Directory /workdir/hadoop-ozone/integration-test/target/test-dir/MiniOzoneClusterImpl-e538d966-0196-4657-9505-dd1c5b05d6aa/datanode-6/data/ratis/19f2c43d-c9f9-4c87-b265-37ee58d2d545
2019-10-15 00:41:43,843 [pool-67-thread-1] INFO  server.RaftServerConfigKeys (ConfUtils.java:logGet(43)) - raft.server.log.write.buffer.size = 33554432 (custom)
2019-10-15 00:41:43,843 [pool-47-thread-1] INFO  segmented.SegmentedRaftLogWorker (SegmentedRaftLogWorker.java:<init>(173)) - new c6075369-1c86-4712-9082-dc56af3ba339@group-37EE58D2D545-SegmentedRaftLogWorker for RaftStorage:Storage Directory /workdir/hadoop-ozone/integration-test/target/test-dir/MiniOzoneClusterImpl-e538d966-0196-4657-9505-dd1c5b05d6aa/datanode-2/data/ratis/19f2c43d-c9f9-4c87-b265-37ee58d2d545
2019-10-15 00:41:43,843 [pool-67-thread-1] INFO  server.RaftServerConfigKeys (ConfUtils.java:logGet(43)) - raft.server.log.force.sync.num = 128 (default)
2019-10-15 00:41:43,843 [pool-87-thread-1] INFO  server.RaftServerConfigKeys (ConfUtils.java:logGet(43)) - raft.server.log.queue.byte-limit = 2147483647 (custom)
2019-10-15 00:41:43,844 [pool-67-thread-1] INFO  server.RaftServerConfigKeys (ConfUtils.java:logGet(43)) - raft.server.log.statemachine.data.sync = true (default)
2019-10-15 00:41:43,844 [pool-47-thread-1] INFO  server.RaftServerConfigKeys (ConfUtils.java:logGet(43)) - raft.server.log.queue.byte-limit = 2147483647 (custom)
2019-10-15 00:41:43,844 [pool-67-thread-1] INFO  server.RaftServerConfigKeys (ConfUtils.java:logGet(43)) - raft.server.log.statemachine.data.sync.timeout = 10s (default)
2019-10-15 00:41:43,844 [pool-87-thread-1] INFO  server.RaftServerConfigKeys (ConfUtils.java:logGet(43)) - raft.server.log.queue.element-limit = 1024 (custom)
2019-10-15 00:41:43,845 [pool-67-thread-1] INFO  server.RaftServerConfigKeys (ConfUtils.java:logGet(43)) - raft.server.log.statemachine.data.sync.timeout.retry = -1 (default)
2019-10-15 00:41:43,844 [pool-47-thread-1] INFO  server.RaftServerConfigKeys (ConfUtils.java:logGet(43)) - raft.server.log.queue.element-limit = 1024 (custom)
2019-10-15 00:41:43,845 [pool-87-thread-1] INFO  server.RaftServerConfigKeys (ConfUtils.java:logGet(43)) - raft.server.log.segment.size.max = 1048576 (custom)
2019-10-15 00:41:43,845 [pool-67-thread-1] INFO  server.RaftServerConfigKeys (ConfUtils.java:logGet(43)) - raft.server.log.statemachine.data.caching.enabled = true (custom)
2019-10-15 00:41:43,845 [pool-47-thread-1] INFO  server.RaftServerConfigKeys (ConfUtils.java:logGet(43)) - raft.server.log.segment.size.max = 1048576 (custom)
2019-10-15 00:41:43,845 [pool-87-thread-1] INFO  server.RaftServerConfigKeys (ConfUtils.java:logGet(43)) - raft.server.log.preallocated.size = 16384 (custom)
2019-10-15 00:41:43,846 [pool-67-thread-1] INFO  segmented.SegmentedRaftLogWorker (SegmentedRaftLogWorker.java:lambda$new$0(128)) - f5d1e668-fe69-48c6-a450-c44235d2144d@group-37EE58D2D545-SegmentedRaftLogWorker: flushIndex: setUnconditionally 0 -> -1
2019-10-15 00:41:43,846 [pool-47-thread-1] INFO  server.RaftServerConfigKeys (ConfUtils.java:logGet(43)) - raft.server.log.preallocated.size = 16384 (custom)
2019-10-15 00:41:43,846 [pool-87-thread-1] INFO  server.RaftServerConfigKeys (ConfUtils.java:logGet(43)) - raft.server.log.write.buffer.size = 33554432 (custom)
2019-10-15 00:41:43,847 [pool-67-thread-1] INFO  server.RaftServerConfigKeys (ConfUtils.java:logGet(43)) - raft.server.snapshot.auto.trigger.enabled = true (custom)
2019-10-15 00:41:43,846 [pool-47-thread-1] INFO  server.RaftServerConfigKeys (ConfUtils.java:logGet(43)) - raft.server.log.write.buffer.size = 33554432 (custom)
2019-10-15 00:41:43,847 [pool-67-thread-1] INFO  server.RaftServerConfigKeys (ConfUtils.java:logGet(43)) - raft.server.snapshot.auto.trigger.threshold = 10000 (custom)
2019-10-15 00:41:43,847 [pool-87-thread-1] INFO  server.RaftServerConfigKeys (ConfUtils.java:logGet(43)) - raft.server.log.force.sync.num = 128 (default)
2019-10-15 00:41:43,847 [pool-67-thread-1] INFO  server.RaftServerConfigKeys (ConfUtils.java:logGet(43)) - raft.server.snapshot.retention.file.num = 5 (custom)
2019-10-15 00:41:43,847 [pool-47-thread-1] INFO  server.RaftServerConfigKeys (ConfUtils.java:logGet(43)) - raft.server.log.force.sync.num = 128 (default)
2019-10-15 00:41:43,848 [pool-67-thread-1] INFO  server.RaftServerConfigKeys (ConfUtils.java:logGet(43)) - raft.server.retrycache.expirytime = 600000ms (custom)
2019-10-15 00:41:43,847 [pool-87-thread-1] INFO  server.RaftServerConfigKeys (ConfUtils.java:logGet(43)) - raft.server.log.statemachine.data.sync = true (default)
2019-10-15 00:41:43,848 [pool-47-thread-1] INFO  server.RaftServerConfigKeys (ConfUtils.java:logGet(43)) - raft.server.log.statemachine.data.sync = true (default)
2019-10-15 00:41:43,848 [pool-87-thread-1] INFO  server.RaftServerConfigKeys (ConfUtils.java:logGet(43)) - raft.server.log.statemachine.data.sync.timeout = 10s (default)
2019-10-15 00:41:43,848 [pool-47-thread-1] INFO  server.RaftServerConfigKeys (ConfUtils.java:logGet(43)) - raft.server.log.statemachine.data.sync.timeout = 10s (default)
2019-10-15 00:41:43,849 [pool-87-thread-1] INFO  server.RaftServerConfigKeys (ConfUtils.java:logGet(43)) - raft.server.log.statemachine.data.sync.timeout.retry = -1 (default)
2019-10-15 00:41:43,849 [pool-47-thread-1] INFO  server.RaftServerConfigKeys (ConfUtils.java:logGet(43)) - raft.server.log.statemachine.data.sync.timeout.retry = -1 (default)
2019-10-15 00:41:43,849 [pool-87-thread-1] INFO  server.RaftServerConfigKeys (ConfUtils.java:logGet(43)) - raft.server.log.statemachine.data.caching.enabled = true (custom)
2019-10-15 00:41:43,849 [pool-47-thread-1] INFO  server.RaftServerConfigKeys (ConfUtils.java:logGet(43)) - raft.server.log.statemachine.data.caching.enabled = true (custom)
2019-10-15 00:41:43,850 [pool-87-thread-1] INFO  segmented.SegmentedRaftLogWorker (SegmentedRaftLogWorker.java:lambda$new$0(128)) - 35e64544-bc3d-465e-adee-d25b886edeb0@group-37EE58D2D545-SegmentedRaftLogWorker: flushIndex: setUnconditionally 0 -> -1
2019-10-15 00:41:43,850 [pool-47-thread-1] INFO  segmented.SegmentedRaftLogWorker (SegmentedRaftLogWorker.java:lambda$new$0(128)) - c6075369-1c86-4712-9082-dc56af3ba339@group-37EE58D2D545-SegmentedRaftLogWorker: flushIndex: setUnconditionally 0 -> -1
2019-10-15 00:41:43,850 [pool-87-thread-1] INFO  server.RaftServerConfigKeys (ConfUtils.java:logGet(43)) - raft.server.snapshot.auto.trigger.enabled = true (custom)
2019-10-15 00:41:43,850 [pool-47-thread-1] INFO  server.RaftServerConfigKeys (ConfUtils.java:logGet(43)) - raft.server.snapshot.auto.trigger.enabled = true (custom)
2019-10-15 00:41:43,850 [pool-87-thread-1] INFO  server.RaftServerConfigKeys (ConfUtils.java:logGet(43)) - raft.server.snapshot.auto.trigger.threshold = 10000 (custom)
2019-10-15 00:41:43,851 [pool-47-thread-1] INFO  server.RaftServerConfigKeys (ConfUtils.java:logGet(43)) - raft.server.snapshot.auto.trigger.threshold = 10000 (custom)
2019-10-15 00:41:43,851 [pool-87-thread-1] INFO  server.RaftServerConfigKeys (ConfUtils.java:logGet(43)) - raft.server.snapshot.retention.file.num = 5 (custom)
2019-10-15 00:41:43,851 [pool-47-thread-1] INFO  server.RaftServerConfigKeys (ConfUtils.java:logGet(43)) - raft.server.snapshot.retention.file.num = 5 (custom)
2019-10-15 00:41:43,851 [pool-87-thread-1] INFO  server.RaftServerConfigKeys (ConfUtils.java:logGet(43)) - raft.server.retrycache.expirytime = 600000ms (custom)
2019-10-15 00:41:43,851 [pool-47-thread-1] INFO  server.RaftServerConfigKeys (ConfUtils.java:logGet(43)) - raft.server.retrycache.expirytime = 600000ms (custom)
2019-10-15 00:41:43,853 [pool-67-thread-1] INFO  impl.RaftServerImpl (RaftServerImpl.java:start(181)) - f5d1e668-fe69-48c6-a450-c44235d2144d@group-37EE58D2D545: start as a follower, conf=-1: [c6075369-1c86-4712-9082-dc56af3ba339:192.168.164.218:34070, 35e64544-bc3d-465e-adee-d25b886edeb0:192.168.164.218:35915, f5d1e668-fe69-48c6-a450-c44235d2144d:192.168.164.218:41414], old=null
2019-10-15 00:41:43,853 [pool-67-thread-1] INFO  impl.RaftServerImpl (RaftServerImpl.java:setRole(170)) - f5d1e668-fe69-48c6-a450-c44235d2144d@group-37EE58D2D545: changes role from      null to FOLLOWER at term 0 for startAsFollower
2019-10-15 00:41:43,854 [pool-67-thread-1] INFO  impl.RoleInfo (RoleInfo.java:updateAndGet(143)) - f5d1e668-fe69-48c6-a450-c44235d2144d: start FollowerState
2019-10-15 00:41:43,854 [pool-67-thread-1] INFO  util.JmxRegister (JmxRegister.java:tryRegister(44)) - Successfully registered JMX Bean with object name Ratis:service=RaftServer,group=group-37EE58D2D545,id=f5d1e668-fe69-48c6-a450-c44235d2144d
2019-10-15 00:41:43,860 [pool-47-thread-1] INFO  impl.RaftServerImpl (RaftServerImpl.java:start(181)) - c6075369-1c86-4712-9082-dc56af3ba339@group-37EE58D2D545: start as a follower, conf=-1: [c6075369-1c86-4712-9082-dc56af3ba339:192.168.164.218:34070, 35e64544-bc3d-465e-adee-d25b886edeb0:192.168.164.218:35915, f5d1e668-fe69-48c6-a450-c44235d2144d:192.168.164.218:41414], old=null
2019-10-15 00:41:43,860 [pool-47-thread-1] INFO  impl.RaftServerImpl (RaftServerImpl.java:setRole(170)) - c6075369-1c86-4712-9082-dc56af3ba339@group-37EE58D2D545: changes role from      null to FOLLOWER at term 0 for startAsFollower
2019-10-15 00:41:43,860 [pool-47-thread-1] INFO  impl.RoleInfo (RoleInfo.java:updateAndGet(143)) - c6075369-1c86-4712-9082-dc56af3ba339: start FollowerState
2019-10-15 00:41:43,860 [pool-87-thread-1] INFO  impl.RaftServerImpl (RaftServerImpl.java:start(181)) - 35e64544-bc3d-465e-adee-d25b886edeb0@group-37EE58D2D545: start as a follower, conf=-1: [c6075369-1c86-4712-9082-dc56af3ba339:192.168.164.218:34070, 35e64544-bc3d-465e-adee-d25b886edeb0:192.168.164.218:35915, f5d1e668-fe69-48c6-a450-c44235d2144d:192.168.164.218:41414], old=null
2019-10-15 00:41:43,860 [pool-47-thread-1] INFO  util.JmxRegister (JmxRegister.java:tryRegister(44)) - Successfully registered JMX Bean with object name Ratis:service=RaftServer,group=group-37EE58D2D545,id=c6075369-1c86-4712-9082-dc56af3ba339
2019-10-15 00:41:43,861 [pool-87-thread-1] INFO  impl.RaftServerImpl (RaftServerImpl.java:setRole(170)) - 35e64544-bc3d-465e-adee-d25b886edeb0@group-37EE58D2D545: changes role from      null to FOLLOWER at term 0 for startAsFollower
2019-10-15 00:41:43,861 [pool-87-thread-1] INFO  impl.RoleInfo (RoleInfo.java:updateAndGet(143)) - 35e64544-bc3d-465e-adee-d25b886edeb0: start FollowerState
2019-10-15 00:41:43,863 [pool-87-thread-1] INFO  util.JmxRegister (JmxRegister.java:tryRegister(44)) - Successfully registered JMX Bean with object name Ratis:service=RaftServer,group=group-37EE58D2D545,id=35e64544-bc3d-465e-adee-d25b886edeb0
2019-10-15 00:41:43,890 [RatisPipelineUtilsThread] INFO  pipeline.PipelineStateManager (PipelineStateManager.java:addPipeline(57)) - Created pipeline Pipeline[ Id: 19f2c43d-c9f9-4c87-b265-37ee58d2d545, Nodes: 35e64544-bc3d-465e-adee-d25b886edeb0{ip: 192.168.164.218, host: pr-hdds-1868-7bj8h-208101609, networkLocation: /default-rack, certSerialId: null}f5d1e668-fe69-48c6-a450-c44235d2144d{ip: 192.168.164.218, host: pr-hdds-1868-7bj8h-208101609, networkLocation: /default-rack, certSerialId: null}c6075369-1c86-4712-9082-dc56af3ba339{ip: 192.168.164.218, host: pr-hdds-1868-7bj8h-208101609, networkLocation: /default-rack, certSerialId: null}, Type:RATIS, Factor:THREE, State:ALLOCATED]
2019-10-15 00:41:43,978 [main] INFO  ozone.MiniOzoneClusterImpl (MiniOzoneClusterImpl.java:lambda$waitForClusterToBeReady$2(164)) - Waiting for 9 number of pipelines out of 9, to report a leader.
2019-10-15 00:41:44,978 [main] INFO  ozone.MiniOzoneClusterImpl (MiniOzoneClusterImpl.java:lambda$waitForClusterToBeReady$2(164)) - Waiting for 9 number of pipelines out of 9, to report a leader.
2019-10-15 00:41:45,048 [Thread-238] INFO  container.ReplicationManager (ReplicationManager.java:start(162)) - Starting Replication Monitor Thread.
2019-10-15 00:41:45,051 [Thread-238] INFO  pipeline.SCMPipelineManager (SCMPipelineManager.java:finalizeAndDestroyPipeline(315)) - destroying pipeline:Pipeline[ Id: 2c7fbdc6-2afb-4c38-a8b9-1a4e9f16debb, Nodes: b4be3a15-5992-443a-af08-7fcb05eb4936{ip: 192.168.164.218, host: pr-hdds-1868-7bj8h-208101609, networkLocation: /default-rack, certSerialId: null}, Type:RATIS, Factor:ONE, State:ALLOCATED]
2019-10-15 00:41:45,051 [ReplicationMonitor] INFO  container.ReplicationManager (ReplicationManager.java:run(225)) - Replication Monitor Thread took 0 milliseconds for processing 0 containers.
2019-10-15 00:41:45,053 [Thread-238] INFO  pipeline.PipelineStateManager (PipelineStateManager.java:finalizePipeline(123)) - Pipeline Pipeline[ Id: 2c7fbdc6-2afb-4c38-a8b9-1a4e9f16debb, Nodes: b4be3a15-5992-443a-af08-7fcb05eb4936{ip: 192.168.164.218, host: pr-hdds-1868-7bj8h-208101609, networkLocation: /default-rack, certSerialId: null}, Type:RATIS, Factor:ONE, State:CLOSED] moved to CLOSED state
2019-10-15 00:41:45,074 [grpc-default-executor-1] INFO  impl.RaftServerProxy (RaftServerProxy.java:remove(95)) - b4be3a15-5992-443a-af08-7fcb05eb4936: remove  FOLLOWER b4be3a15-5992-443a-af08-7fcb05eb4936@group-1A4E9F16DEBB:t0, leader=null, voted=null, raftlog=b4be3a15-5992-443a-af08-7fcb05eb4936@group-1A4E9F16DEBB-SegmentedRaftLog:OPENED:c-1,f-1,i0, conf=-1: [b4be3a15-5992-443a-af08-7fcb05eb4936:192.168.164.218:35214], old=null RUNNING
2019-10-15 00:41:45,077 [grpc-default-executor-1] INFO  impl.RaftServerImpl (RaftServerImpl.java:lambda$shutdown$3(247)) - b4be3a15-5992-443a-af08-7fcb05eb4936@group-1A4E9F16DEBB: shutdown
2019-10-15 00:41:45,077 [grpc-default-executor-1] INFO  util.JmxRegister (JmxRegister.java:unregister(73)) - Successfully un-registered JMX Bean with object name Ratis:service=RaftServer,group=group-1A4E9F16DEBB,id=b4be3a15-5992-443a-af08-7fcb05eb4936
2019-10-15 00:41:45,077 [grpc-default-executor-1] INFO  impl.RoleInfo (RoleInfo.java:shutdownFollowerState(121)) - b4be3a15-5992-443a-af08-7fcb05eb4936: shutdown FollowerState
2019-10-15 00:41:45,078 [grpc-default-executor-1] INFO  impl.StateMachineUpdater (StateMachineUpdater.java:stopAndJoin(136)) - b4be3a15-5992-443a-af08-7fcb05eb4936@group-1A4E9F16DEBB-StateMachineUpdater: set stopIndex = -1
2019-10-15 00:41:45,078 [Thread-240] INFO  impl.FollowerState (FollowerState.java:run(117)) - b4be3a15-5992-443a-af08-7fcb05eb4936@group-1A4E9F16DEBB-FollowerState was interrupted: java.lang.InterruptedException: sleep interrupted
2019-10-15 00:41:45,081 [grpc-default-executor-1] INFO  impl.RaftServerImpl (ServerState.java:close(387)) - b4be3a15-5992-443a-af08-7fcb05eb4936@group-1A4E9F16DEBB: closes. applyIndex: -1
2019-10-15 00:41:45,085 [b4be3a15-5992-443a-af08-7fcb05eb4936@group-1A4E9F16DEBB-SegmentedRaftLogWorker] INFO  segmented.SegmentedRaftLogWorker (SegmentedRaftLogWorker.java:run(316)) - b4be3a15-5992-443a-af08-7fcb05eb4936@group-1A4E9F16DEBB-SegmentedRaftLogWorker was interrupted, exiting. There are 0 tasks remaining in the queue.
2019-10-15 00:41:45,087 [grpc-default-executor-1] INFO  segmented.SegmentedRaftLogWorker (SegmentedRaftLogWorker.java:close(224)) - b4be3a15-5992-443a-af08-7fcb05eb4936@group-1A4E9F16DEBB-SegmentedRaftLogWorker close()
2019-10-15 00:41:45,109 [Thread-238] INFO  pipeline.PipelineStateManager (PipelineStateManager.java:removePipeline(108)) - Pipeline Pipeline[ Id: 2c7fbdc6-2afb-4c38-a8b9-1a4e9f16debb, Nodes: b4be3a15-5992-443a-af08-7fcb05eb4936{ip: 192.168.164.218, host: pr-hdds-1868-7bj8h-208101609, networkLocation: /default-rack, certSerialId: null}, Type:RATIS, Factor:ONE, State:CLOSED] removed from db
2019-10-15 00:41:45,111 [Thread-238] INFO  pipeline.SCMPipelineManager (SCMPipelineManager.java:finalizeAndDestroyPipeline(315)) - destroying pipeline:Pipeline[ Id: 9532f7b3-19ab-4931-9d51-15b124f9b8c2, Nodes: f5d1e668-fe69-48c6-a450-c44235d2144d{ip: 192.168.164.218, host: pr-hdds-1868-7bj8h-208101609, networkLocation: /default-rack, certSerialId: null}, Type:RATIS, Factor:ONE, State:ALLOCATED]
2019-10-15 00:41:45,122 [grpc-default-executor-1] INFO  impl.RaftServerProxy (RaftServerProxy.java:addNew(89)) - b4be3a15-5992-443a-af08-7fcb05eb4936: addNew group-C707702FE182:[b4be3a15-5992-443a-af08-7fcb05eb4936:192.168.164.218:35214] returns group-C707702FE182:java.util.concurrent.CompletableFuture@5592c9d2[Not completed]
2019-10-15 00:41:45,124 [pool-27-thread-1] INFO  impl.RaftServerImpl (RaftServerImpl.java:<init>(95)) - b4be3a15-5992-443a-af08-7fcb05eb4936: new RaftServerImpl for group-C707702FE182:[b4be3a15-5992-443a-af08-7fcb05eb4936:192.168.164.218:35214] with ContainerStateMachine:uninitialized
2019-10-15 00:41:45,124 [pool-27-thread-1] INFO  server.RaftServerConfigKeys (ConfUtils.java:logGet(43)) - raft.server.rpc.timeout.min = 5s (custom)
2019-10-15 00:41:45,124 [pool-27-thread-1] INFO  server.RaftServerConfigKeys (ConfUtils.java:logGet(43)) - raft.server.rpc.timeout.max = 5200ms (custom)
2019-10-15 00:41:45,124 [pool-27-thread-1] INFO  server.RaftServerConfigKeys (ConfUtils.java:logGet(43)) - raft.server.rpcslowness.timeout = 120s (custom)
2019-10-15 00:41:45,124 [pool-27-thread-1] INFO  server.RaftServerConfigKeys (ConfUtils.java:logGet(43)) - raft.server.sleep.deviation.threshold = 300 (default)
2019-10-15 00:41:45,124 [pool-27-thread-1] INFO  server.RaftServerConfigKeys (ConfUtils.java:logGet(43)) - raft.server.log.appender.install.snapshot.enabled = false (custom)
2019-10-15 00:41:45,125 [pool-27-thread-1] INFO  impl.RaftServerImpl (ServerState.java:<init>(103)) - b4be3a15-5992-443a-af08-7fcb05eb4936@group-C707702FE182: ConfigurationManager, init=-1: [b4be3a15-5992-443a-af08-7fcb05eb4936:192.168.164.218:35214], old=null, confs=<EMPTY_MAP>
2019-10-15 00:41:45,125 [pool-27-thread-1] INFO  server.RaftServerConfigKeys (ConfUtils.java:logGet(43)) - raft.server.storage.dir = [/workdir/hadoop-ozone/integration-test/target/test-dir/MiniOzoneClusterImpl-e538d966-0196-4657-9505-dd1c5b05d6aa/datanode-0/data/ratis] (custom)
2019-10-15 00:41:45,125 [pool-27-thread-1] INFO  server.RaftServerConfigKeys (ConfUtils.java:logGet(43)) - raft.server.log.corruption.policy = EXCEPTION (default)
2019-10-15 00:41:45,125 [pool-27-thread-1] INFO  storage.RaftStorageDirectory (RaftStorageDirectory.java:analyzeStorage(246)) - The storage directory /workdir/hadoop-ozone/integration-test/target/test-dir/MiniOzoneClusterImpl-e538d966-0196-4657-9505-dd1c5b05d6aa/datanode-0/data/ratis/25c14886-6129-4808-b057-c707702fe182 does not exist. Creating ...
2019-10-15 00:41:45,156 [pool-27-thread-1] INFO  storage.RaftStorageDirectory (RaftStorageDirectory.java:tryLock(328)) - Lock on /workdir/hadoop-ozone/integration-test/target/test-dir/MiniOzoneClusterImpl-e538d966-0196-4657-9505-dd1c5b05d6aa/datanode-0/data/ratis/25c14886-6129-4808-b057-c707702fe182/in_use.lock acquired by nodename 5159@pr-hdds-1868-7bj8h-208101609
2019-10-15 00:41:45,182 [pool-27-thread-1] INFO  storage.RaftStorage (RaftStorage.java:format(84)) - Storage directory /workdir/hadoop-ozone/integration-test/target/test-dir/MiniOzoneClusterImpl-e538d966-0196-4657-9505-dd1c5b05d6aa/datanode-0/data/ratis/25c14886-6129-4808-b057-c707702fe182 has been successfully formatted.
2019-10-15 00:41:45,182 [pool-27-thread-1] INFO  ratis.ContainerStateMachine (ContainerStateMachine.java:loadSnapshot(233)) - group-C707702FE182: The snapshot info is null. Setting the last applied indexto:(t:0, i:~)
2019-10-15 00:41:45,182 [pool-27-thread-1] INFO  server.RaftServerConfigKeys (ConfUtils.java:logGet(43)) - raft.server.notification.no-leader.timeout = 120s (custom)
2019-10-15 00:41:45,182 [pool-27-thread-1] INFO  server.RaftServerConfigKeys (ConfUtils.java:logGet(43)) - raft.server.log.use.memory = false (default)
2019-10-15 00:41:45,183 [pool-27-thread-1] INFO  server.RaftServerConfigKeys (ConfUtils.java:logGet(43)) - raft.server.log.purge.gap = 1000000 (custom)
2019-10-15 00:41:45,183 [pool-27-thread-1] INFO  server.RaftServerConfigKeys (ConfUtils.java:logGet(43)) - raft.server.log.appender.buffer.byte-limit = 33554432 (custom)
2019-10-15 00:41:45,183 [pool-27-thread-1] INFO  server.RaftServerConfigKeys (ConfUtils.java:logGet(43)) - raft.server.log.segment.size.max = 1048576 (custom)
2019-10-15 00:41:45,183 [pool-27-thread-1] INFO  server.RaftServerConfigKeys (ConfUtils.java:logGet(43)) - raft.server.log.segment.cache.num.max = 2 (custom)
2019-10-15 00:41:45,183 [pool-27-thread-1] INFO  segmented.SegmentedRaftLogWorker (SegmentedRaftLogWorker.java:<init>(173)) - new b4be3a15-5992-443a-af08-7fcb05eb4936@group-C707702FE182-SegmentedRaftLogWorker for RaftStorage:Storage Directory /workdir/hadoop-ozone/integration-test/target/test-dir/MiniOzoneClusterImpl-e538d966-0196-4657-9505-dd1c5b05d6aa/datanode-0/data/ratis/25c14886-6129-4808-b057-c707702fe182
2019-10-15 00:41:45,183 [pool-27-thread-1] INFO  server.RaftServerConfigKeys (ConfUtils.java:logGet(43)) - raft.server.log.queue.byte-limit = 2147483647 (custom)
2019-10-15 00:41:45,184 [pool-27-thread-1] INFO  server.RaftServerConfigKeys (ConfUtils.java:logGet(43)) - raft.server.log.queue.element-limit = 1024 (custom)
2019-10-15 00:41:45,184 [pool-27-thread-1] INFO  server.RaftServerConfigKeys (ConfUtils.java:logGet(43)) - raft.server.log.segment.size.max = 1048576 (custom)
2019-10-15 00:41:45,184 [pool-27-thread-1] INFO  server.RaftServerConfigKeys (ConfUtils.java:logGet(43)) - raft.server.log.preallocated.size = 16384 (custom)
2019-10-15 00:41:45,184 [pool-27-thread-1] INFO  server.RaftServerConfigKeys (ConfUtils.java:logGet(43)) - raft.server.log.write.buffer.size = 33554432 (custom)
2019-10-15 00:41:45,184 [pool-27-thread-1] INFO  server.RaftServerConfigKeys (ConfUtils.java:logGet(43)) - raft.server.log.force.sync.num = 128 (default)
2019-10-15 00:41:45,184 [pool-27-thread-1] INFO  server.RaftServerConfigKeys (ConfUtils.java:logGet(43)) - raft.server.log.statemachine.data.sync = true (default)
2019-10-15 00:41:45,185 [pool-27-thread-1] INFO  server.RaftServerConfigKeys (ConfUtils.java:logGet(43)) - raft.server.log.statemachine.data.sync.timeout = 10s (default)
2019-10-15 00:41:45,185 [pool-27-thread-1] INFO  server.RaftServerConfigKeys (ConfUtils.java:logGet(43)) - raft.server.log.statemachine.data.sync.timeout.retry = -1 (default)
2019-10-15 00:41:45,185 [pool-27-thread-1] INFO  server.RaftServerConfigKeys (ConfUtils.java:logGet(43)) - raft.server.log.statemachine.data.caching.enabled = true (custom)
2019-10-15 00:41:45,185 [pool-27-thread-1] INFO  segmented.SegmentedRaftLogWorker (SegmentedRaftLogWorker.java:lambda$new$0(128)) - b4be3a15-5992-443a-af08-7fcb05eb4936@group-C707702FE182-SegmentedRaftLogWorker: flushIndex: setUnconditionally 0 -> -1
2019-10-15 00:41:45,186 [pool-27-thread-1] INFO  server.RaftServerConfigKeys (ConfUtils.java:logGet(43)) - raft.server.snapshot.auto.trigger.enabled = true (custom)
2019-10-15 00:41:45,186 [pool-27-thread-1] INFO  server.RaftServerConfigKeys (ConfUtils.java:logGet(43)) - raft.server.snapshot.auto.trigger.threshold = 10000 (custom)
2019-10-15 00:41:45,186 [pool-27-thread-1] INFO  server.RaftServerConfigKeys (ConfUtils.java:logGet(43)) - raft.server.snapshot.retention.file.num = 5 (custom)
2019-10-15 00:41:45,186 [pool-27-thread-1] INFO  server.RaftServerConfigKeys (ConfUtils.java:logGet(43)) - raft.server.retrycache.expirytime = 600000ms (custom)
2019-10-15 00:41:45,191 [pool-27-thread-1] INFO  impl.RaftServerImpl (RaftServerImpl.java:start(181)) - b4be3a15-5992-443a-af08-7fcb05eb4936@group-C707702FE182: start as a follower, conf=-1: [b4be3a15-5992-443a-af08-7fcb05eb4936:192.168.164.218:35214], old=null
2019-10-15 00:41:45,191 [pool-27-thread-1] INFO  impl.RaftServerImpl (RaftServerImpl.java:setRole(170)) - b4be3a15-5992-443a-af08-7fcb05eb4936@group-C707702FE182: changes role from      null to FOLLOWER at term 0 for startAsFollower
2019-10-15 00:41:45,191 [pool-27-thread-1] INFO  impl.RoleInfo (RoleInfo.java:updateAndGet(143)) - b4be3a15-5992-443a-af08-7fcb05eb4936: start FollowerState
2019-10-15 00:41:45,191 [pool-27-thread-1] INFO  util.JmxRegister (JmxRegister.java:tryRegister(44)) - Successfully registered JMX Bean with object name Ratis:service=RaftServer,group=group-C707702FE182,id=b4be3a15-5992-443a-af08-7fcb05eb4936
2019-10-15 00:41:45,200 [RatisPipelineUtilsThread] INFO  pipeline.PipelineStateManager (PipelineStateManager.java:addPipeline(57)) - Created pipeline Pipeline[ Id: 25c14886-6129-4808-b057-c707702fe182, Nodes: b4be3a15-5992-443a-af08-7fcb05eb4936{ip: 192.168.164.218, host: pr-hdds-1868-7bj8h-208101609, networkLocation: /default-rack, certSerialId: null}, Type:RATIS, Factor:ONE, State:ALLOCATED]
2019-10-15 00:41:45,201 [Thread-238] INFO  pipeline.PipelineStateManager (PipelineStateManager.java:finalizePipeline(123)) - Pipeline Pipeline[ Id: 9532f7b3-19ab-4931-9d51-15b124f9b8c2, Nodes: f5d1e668-fe69-48c6-a450-c44235d2144d{ip: 192.168.164.218, host: pr-hdds-1868-7bj8h-208101609, networkLocation: /default-rack, certSerialId: null}, Type:RATIS, Factor:ONE, State:CLOSED] moved to CLOSED state
2019-10-15 00:41:45,213 [grpc-default-executor-1] INFO  impl.RaftServerProxy (RaftServerProxy.java:remove(95)) - f5d1e668-fe69-48c6-a450-c44235d2144d: remove  FOLLOWER f5d1e668-fe69-48c6-a450-c44235d2144d@group-15B124F9B8C2:t0, leader=null, voted=null, raftlog=f5d1e668-fe69-48c6-a450-c44235d2144d@group-15B124F9B8C2-SegmentedRaftLog:OPENED:c-1,f-1,i0, conf=-1: [f5d1e668-fe69-48c6-a450-c44235d2144d:192.168.164.218:41414], old=null RUNNING
2019-10-15 00:41:45,214 [grpc-default-executor-1] INFO  impl.RaftServerImpl (RaftServerImpl.java:lambda$shutdown$3(247)) - f5d1e668-fe69-48c6-a450-c44235d2144d@group-15B124F9B8C2: shutdown
2019-10-15 00:41:45,214 [grpc-default-executor-1] INFO  util.JmxRegister (JmxRegister.java:unregister(73)) - Successfully un-registered JMX Bean with object name Ratis:service=RaftServer,group=group-15B124F9B8C2,id=f5d1e668-fe69-48c6-a450-c44235d2144d
2019-10-15 00:41:45,214 [grpc-default-executor-1] INFO  impl.RoleInfo (RoleInfo.java:shutdownFollowerState(121)) - f5d1e668-fe69-48c6-a450-c44235d2144d: shutdown FollowerState
2019-10-15 00:41:45,214 [grpc-default-executor-1] INFO  impl.StateMachineUpdater (StateMachineUpdater.java:stopAndJoin(136)) - f5d1e668-fe69-48c6-a450-c44235d2144d@group-15B124F9B8C2-StateMachineUpdater: set stopIndex = -1
2019-10-15 00:41:45,214 [Thread-255] INFO  impl.FollowerState (FollowerState.java:run(117)) - f5d1e668-fe69-48c6-a450-c44235d2144d@group-15B124F9B8C2-FollowerState was interrupted: java.lang.InterruptedException: sleep interrupted
2019-10-15 00:41:45,217 [grpc-default-executor-1] INFO  impl.RaftServerImpl (ServerState.java:close(387)) - f5d1e668-fe69-48c6-a450-c44235d2144d@group-15B124F9B8C2: closes. applyIndex: -1
2019-10-15 00:41:45,218 [f5d1e668-fe69-48c6-a450-c44235d2144d@group-15B124F9B8C2-SegmentedRaftLogWorker] INFO  segmented.SegmentedRaftLogWorker (SegmentedRaftLogWorker.java:run(316)) - f5d1e668-fe69-48c6-a450-c44235d2144d@group-15B124F9B8C2-SegmentedRaftLogWorker was interrupted, exiting. There are 0 tasks remaining in the queue.
2019-10-15 00:41:45,219 [grpc-default-executor-1] INFO  segmented.SegmentedRaftLogWorker (SegmentedRaftLogWorker.java:close(224)) - f5d1e668-fe69-48c6-a450-c44235d2144d@group-15B124F9B8C2-SegmentedRaftLogWorker close()
2019-10-15 00:41:45,226 [Thread-238] INFO  pipeline.PipelineStateManager (PipelineStateManager.java:removePipeline(108)) - Pipeline Pipeline[ Id: 9532f7b3-19ab-4931-9d51-15b124f9b8c2, Nodes: f5d1e668-fe69-48c6-a450-c44235d2144d{ip: 192.168.164.218, host: pr-hdds-1868-7bj8h-208101609, networkLocation: /default-rack, certSerialId: null}, Type:RATIS, Factor:ONE, State:CLOSED] removed from db
2019-10-15 00:41:45,226 [Thread-238] INFO  pipeline.SCMPipelineManager (SCMPipelineManager.java:finalizeAndDestroyPipeline(315)) - destroying pipeline:Pipeline[ Id: 7e070aad-2356-4825-81fd-c6e71009ff9a, Nodes: b6a7a8d3-8079-4dfa-92cd-d231555e9b27{ip: 192.168.164.218, host: pr-hdds-1868-7bj8h-208101609, networkLocation: /default-rack, certSerialId: null}abc841f7-ccc7-46f2-94a7-38b3b9eaef01{ip: 192.168.164.218, host: pr-hdds-1868-7bj8h-208101609, networkLocation: /default-rack, certSerialId: null}88a7d5fa-cc02-424e-979e-9137321ddddd{ip: 192.168.164.218, host: pr-hdds-1868-7bj8h-208101609, networkLocation: /default-rack, certSerialId: null}, Type:RATIS, Factor:THREE, State:ALLOCATED]
2019-10-15 00:41:45,238 [grpc-default-executor-1] INFO  impl.RaftServerProxy (RaftServerProxy.java:addNew(89)) - f5d1e668-fe69-48c6-a450-c44235d2144d: addNew group-1947756956B0:[f5d1e668-fe69-48c6-a450-c44235d2144d:192.168.164.218:41414] returns group-1947756956B0:java.util.concurrent.CompletableFuture@1503e77[Not completed]
2019-10-15 00:41:45,239 [pool-67-thread-1] INFO  impl.RaftServerImpl (RaftServerImpl.java:<init>(95)) - f5d1e668-fe69-48c6-a450-c44235d2144d: new RaftServerImpl for group-1947756956B0:[f5d1e668-fe69-48c6-a450-c44235d2144d:192.168.164.218:41414] with ContainerStateMachine:uninitialized
2019-10-15 00:41:45,240 [pool-67-thread-1] INFO  server.RaftServerConfigKeys (ConfUtils.java:logGet(43)) - raft.server.rpc.timeout.min = 5s (custom)
2019-10-15 00:41:45,240 [pool-67-thread-1] INFO  server.RaftServerConfigKeys (ConfUtils.java:logGet(43)) - raft.server.rpc.timeout.max = 5200ms (custom)
2019-10-15 00:41:45,241 [pool-67-thread-1] INFO  server.RaftServerConfigKeys (ConfUtils.java:logGet(43)) - raft.server.rpcslowness.timeout = 120s (custom)
2019-10-15 00:41:45,241 [pool-67-thread-1] INFO  server.RaftServerConfigKeys (ConfUtils.java:logGet(43)) - raft.server.sleep.deviation.threshold = 300 (default)
2019-10-15 00:41:45,241 [pool-67-thread-1] INFO  server.RaftServerConfigKeys (ConfUtils.java:logGet(43)) - raft.server.log.appender.install.snapshot.enabled = false (custom)
2019-10-15 00:41:45,241 [pool-67-thread-1] INFO  impl.RaftServerImpl (ServerState.java:<init>(103)) - f5d1e668-fe69-48c6-a450-c44235d2144d@group-1947756956B0: ConfigurationManager, init=-1: [f5d1e668-fe69-48c6-a450-c44235d2144d:192.168.164.218:41414], old=null, confs=<EMPTY_MAP>
2019-10-15 00:41:45,241 [pool-67-thread-1] INFO  server.RaftServerConfigKeys (ConfUtils.java:logGet(43)) - raft.server.storage.dir = [/workdir/hadoop-ozone/integration-test/target/test-dir/MiniOzoneClusterImpl-e538d966-0196-4657-9505-dd1c5b05d6aa/datanode-4/data/ratis] (custom)
2019-10-15 00:41:45,241 [pool-67-thread-1] INFO  server.RaftServerConfigKeys (ConfUtils.java:logGet(43)) - raft.server.log.corruption.policy = EXCEPTION (default)
2019-10-15 00:41:45,241 [pool-67-thread-1] INFO  storage.RaftStorageDirectory (RaftStorageDirectory.java:analyzeStorage(246)) - The storage directory /workdir/hadoop-ozone/integration-test/target/test-dir/MiniOzoneClusterImpl-e538d966-0196-4657-9505-dd1c5b05d6aa/datanode-4/data/ratis/bd3a9f28-4239-4aa1-b1c5-1947756956b0 does not exist. Creating ...
2019-10-15 00:41:45,265 [pool-67-thread-1] INFO  storage.RaftStorageDirectory (RaftStorageDirectory.java:tryLock(328)) - Lock on /workdir/hadoop-ozone/integration-test/target/test-dir/MiniOzoneClusterImpl-e538d966-0196-4657-9505-dd1c5b05d6aa/datanode-4/data/ratis/bd3a9f28-4239-4aa1-b1c5-1947756956b0/in_use.lock acquired by nodename 5159@pr-hdds-1868-7bj8h-208101609
2019-10-15 00:41:45,291 [pool-67-thread-1] INFO  storage.RaftStorage (RaftStorage.java:format(84)) - Storage directory /workdir/hadoop-ozone/integration-test/target/test-dir/MiniOzoneClusterImpl-e538d966-0196-4657-9505-dd1c5b05d6aa/datanode-4/data/ratis/bd3a9f28-4239-4aa1-b1c5-1947756956b0 has been successfully formatted.
2019-10-15 00:41:45,291 [pool-67-thread-1] INFO  ratis.ContainerStateMachine (ContainerStateMachine.java:loadSnapshot(233)) - group-1947756956B0: The snapshot info is null. Setting the last applied indexto:(t:0, i:~)
2019-10-15 00:41:45,291 [pool-67-thread-1] INFO  server.RaftServerConfigKeys (ConfUtils.java:logGet(43)) - raft.server.notification.no-leader.timeout = 120s (custom)
2019-10-15 00:41:45,292 [pool-67-thread-1] INFO  server.RaftServerConfigKeys (ConfUtils.java:logGet(43)) - raft.server.log.use.memory = false (default)
2019-10-15 00:41:45,292 [pool-67-thread-1] INFO  server.RaftServerConfigKeys (ConfUtils.java:logGet(43)) - raft.server.log.purge.gap = 1000000 (custom)
2019-10-15 00:41:45,292 [pool-67-thread-1] INFO  server.RaftServerConfigKeys (ConfUtils.java:logGet(43)) - raft.server.log.appender.buffer.byte-limit = 33554432 (custom)
2019-10-15 00:41:45,292 [pool-67-thread-1] INFO  server.RaftServerConfigKeys (ConfUtils.java:logGet(43)) - raft.server.log.segment.size.max = 1048576 (custom)
2019-10-15 00:41:45,292 [pool-67-thread-1] INFO  server.RaftServerConfigKeys (ConfUtils.java:logGet(43)) - raft.server.log.segment.cache.num.max = 2 (custom)
2019-10-15 00:41:45,292 [pool-67-thread-1] INFO  segmented.SegmentedRaftLogWorker (SegmentedRaftLogWorker.java:<init>(173)) - new f5d1e668-fe69-48c6-a450-c44235d2144d@group-1947756956B0-SegmentedRaftLogWorker for RaftStorage:Storage Directory /workdir/hadoop-ozone/integration-test/target/test-dir/MiniOzoneClusterImpl-e538d966-0196-4657-9505-dd1c5b05d6aa/datanode-4/data/ratis/bd3a9f28-4239-4aa1-b1c5-1947756956b0
2019-10-15 00:41:45,292 [pool-67-thread-1] INFO  server.RaftServerConfigKeys (ConfUtils.java:logGet(43)) - raft.server.log.queue.byte-limit = 2147483647 (custom)
2019-10-15 00:41:45,292 [pool-67-thread-1] INFO  server.RaftServerConfigKeys (ConfUtils.java:logGet(43)) - raft.server.log.queue.element-limit = 1024 (custom)
2019-10-15 00:41:45,292 [pool-67-thread-1] INFO  server.RaftServerConfigKeys (ConfUtils.java:logGet(43)) - raft.server.log.segment.size.max = 1048576 (custom)
2019-10-15 00:41:45,293 [pool-67-thread-1] INFO  server.RaftServerConfigKeys (ConfUtils.java:logGet(43)) - raft.server.log.preallocated.size = 16384 (custom)
2019-10-15 00:41:45,293 [pool-67-thread-1] INFO  server.RaftServerConfigKeys (ConfUtils.java:logGet(43)) - raft.server.log.write.buffer.size = 33554432 (custom)
2019-10-15 00:41:45,293 [pool-67-thread-1] INFO  server.RaftServerConfigKeys (ConfUtils.java:logGet(43)) - raft.server.log.force.sync.num = 128 (default)
2019-10-15 00:41:45,293 [pool-67-thread-1] INFO  server.RaftServerConfigKeys (ConfUtils.java:logGet(43)) - raft.server.log.statemachine.data.sync = true (default)
2019-10-15 00:41:45,293 [pool-67-thread-1] INFO  server.RaftServerConfigKeys (ConfUtils.java:logGet(43)) - raft.server.log.statemachine.data.sync.timeout = 10s (default)
2019-10-15 00:41:45,293 [pool-67-thread-1] INFO  server.RaftServerConfigKeys (ConfUtils.java:logGet(43)) - raft.server.log.statemachine.data.sync.timeout.retry = -1 (default)
2019-10-15 00:41:45,293 [pool-67-thread-1] INFO  server.RaftServerConfigKeys (ConfUtils.java:logGet(43)) - raft.server.log.statemachine.data.caching.enabled = true (custom)
2019-10-15 00:41:45,293 [pool-67-thread-1] INFO  segmented.SegmentedRaftLogWorker (SegmentedRaftLogWorker.java:lambda$new$0(128)) - f5d1e668-fe69-48c6-a450-c44235d2144d@group-1947756956B0-SegmentedRaftLogWorker: flushIndex: setUnconditionally 0 -> -1
2019-10-15 00:41:45,294 [pool-67-thread-1] INFO  server.RaftServerConfigKeys (ConfUtils.java:logGet(43)) - raft.server.snapshot.auto.trigger.enabled = true (custom)
2019-10-15 00:41:45,294 [pool-67-thread-1] INFO  server.RaftServerConfigKeys (ConfUtils.java:logGet(43)) - raft.server.snapshot.auto.trigger.threshold = 10000 (custom)
2019-10-15 00:41:45,294 [pool-67-thread-1] INFO  server.RaftServerConfigKeys (ConfUtils.java:logGet(43)) - raft.server.snapshot.retention.file.num = 5 (custom)
2019-10-15 00:41:45,294 [pool-67-thread-1] INFO  server.RaftServerConfigKeys (ConfUtils.java:logGet(43)) - raft.server.retrycache.expirytime = 600000ms (custom)
2019-10-15 00:41:45,296 [pool-67-thread-1] INFO  impl.RaftServerImpl (RaftServerImpl.java:start(181)) - f5d1e668-fe69-48c6-a450-c44235d2144d@group-1947756956B0: start as a follower, conf=-1: [f5d1e668-fe69-48c6-a450-c44235d2144d:192.168.164.218:41414], old=null
2019-10-15 00:41:45,297 [pool-67-thread-1] INFO  impl.RaftServerImpl (RaftServerImpl.java:setRole(170)) - f5d1e668-fe69-48c6-a450-c44235d2144d@group-1947756956B0: changes role from      null to FOLLOWER at term 0 for startAsFollower
2019-10-15 00:41:45,297 [pool-67-thread-1] INFO  impl.RoleInfo (RoleInfo.java:updateAndGet(143)) - f5d1e668-fe69-48c6-a450-c44235d2144d: start FollowerState
2019-10-15 00:41:45,297 [pool-67-thread-1] INFO  util.JmxRegister (JmxRegister.java:tryRegister(44)) - Successfully registered JMX Bean with object name Ratis:service=RaftServer,group=group-1947756956B0,id=f5d1e668-fe69-48c6-a450-c44235d2144d
2019-10-15 00:41:45,305 [RatisPipelineUtilsThread] INFO  pipeline.PipelineStateManager (PipelineStateManager.java:addPipeline(57)) - Created pipeline Pipeline[ Id: bd3a9f28-4239-4aa1-b1c5-1947756956b0, Nodes: f5d1e668-fe69-48c6-a450-c44235d2144d{ip: 192.168.164.218, host: pr-hdds-1868-7bj8h-208101609, networkLocation: /default-rack, certSerialId: null}, Type:RATIS, Factor:ONE, State:ALLOCATED]
2019-10-15 00:41:45,307 [Thread-238] INFO  pipeline.PipelineStateManager (PipelineStateManager.java:finalizePipeline(123)) - Pipeline Pipeline[ Id: 7e070aad-2356-4825-81fd-c6e71009ff9a, Nodes: b6a7a8d3-8079-4dfa-92cd-d231555e9b27{ip: 192.168.164.218, host: pr-hdds-1868-7bj8h-208101609, networkLocation: /default-rack, certSerialId: null}abc841f7-ccc7-46f2-94a7-38b3b9eaef01{ip: 192.168.164.218, host: pr-hdds-1868-7bj8h-208101609, networkLocation: /default-rack, certSerialId: null}88a7d5fa-cc02-424e-979e-9137321ddddd{ip: 192.168.164.218, host: pr-hdds-1868-7bj8h-208101609, networkLocation: /default-rack, certSerialId: null}, Type:RATIS, Factor:THREE, State:CLOSED] moved to CLOSED state
2019-10-15 00:41:45,319 [grpc-default-executor-1] INFO  impl.RaftServerProxy (RaftServerProxy.java:remove(95)) - b6a7a8d3-8079-4dfa-92cd-d231555e9b27: remove  FOLLOWER b6a7a8d3-8079-4dfa-92cd-d231555e9b27@group-C6E71009FF9A:t0, leader=null, voted=null, raftlog=b6a7a8d3-8079-4dfa-92cd-d231555e9b27@group-C6E71009FF9A-SegmentedRaftLog:OPENED:c-1,f-1,i0, conf=-1: [88a7d5fa-cc02-424e-979e-9137321ddddd:192.168.164.218:32954, b6a7a8d3-8079-4dfa-92cd-d231555e9b27:192.168.164.218:36375, abc841f7-ccc7-46f2-94a7-38b3b9eaef01:192.168.164.218:46404], old=null RUNNING
2019-10-15 00:41:45,320 [grpc-default-executor-1] INFO  impl.RaftServerImpl (RaftServerImpl.java:lambda$shutdown$3(247)) - b6a7a8d3-8079-4dfa-92cd-d231555e9b27@group-C6E71009FF9A: shutdown
2019-10-15 00:41:45,320 [grpc-default-executor-1] INFO  util.JmxRegister (JmxRegister.java:unregister(73)) - Successfully un-registered JMX Bean with object name Ratis:service=RaftServer,group=group-C6E71009FF9A,id=b6a7a8d3-8079-4dfa-92cd-d231555e9b27
2019-10-15 00:41:45,320 [grpc-default-executor-1] INFO  impl.RoleInfo (RoleInfo.java:shutdownFollowerState(121)) - b6a7a8d3-8079-4dfa-92cd-d231555e9b27: shutdown FollowerState
2019-10-15 00:41:45,320 [grpc-default-executor-1] INFO  impl.StateMachineUpdater (StateMachineUpdater.java:stopAndJoin(136)) - b6a7a8d3-8079-4dfa-92cd-d231555e9b27@group-C6E71009FF9A-StateMachineUpdater: set stopIndex = -1
2019-10-15 00:41:45,320 [Thread-264] INFO  impl.FollowerState (FollowerState.java:run(117)) - b6a7a8d3-8079-4dfa-92cd-d231555e9b27@group-C6E71009FF9A-FollowerState was interrupted: java.lang.InterruptedException: sleep interrupted
2019-10-15 00:41:45,322 [grpc-default-executor-1] INFO  impl.RaftServerImpl (ServerState.java:close(387)) - b6a7a8d3-8079-4dfa-92cd-d231555e9b27@group-C6E71009FF9A: closes. applyIndex: -1
2019-10-15 00:41:45,326 [b6a7a8d3-8079-4dfa-92cd-d231555e9b27@group-C6E71009FF9A-SegmentedRaftLogWorker] INFO  segmented.SegmentedRaftLogWorker (SegmentedRaftLogWorker.java:run(316)) - b6a7a8d3-8079-4dfa-92cd-d231555e9b27@group-C6E71009FF9A-SegmentedRaftLogWorker was interrupted, exiting. There are 0 tasks remaining in the queue.
2019-10-15 00:41:45,326 [grpc-default-executor-1] INFO  segmented.SegmentedRaftLogWorker (SegmentedRaftLogWorker.java:close(224)) - b6a7a8d3-8079-4dfa-92cd-d231555e9b27@group-C6E71009FF9A-SegmentedRaftLogWorker close()
2019-10-15 00:41:45,345 [grpc-default-executor-1] INFO  impl.RaftServerProxy (RaftServerProxy.java:remove(95)) - abc841f7-ccc7-46f2-94a7-38b3b9eaef01: remove  FOLLOWER abc841f7-ccc7-46f2-94a7-38b3b9eaef01@group-C6E71009FF9A:t0, leader=null, voted=null, raftlog=abc841f7-ccc7-46f2-94a7-38b3b9eaef01@group-C6E71009FF9A-SegmentedRaftLog:OPENED:c-1,f-1,i0, conf=-1: [88a7d5fa-cc02-424e-979e-9137321ddddd:192.168.164.218:32954, b6a7a8d3-8079-4dfa-92cd-d231555e9b27:192.168.164.218:36375, abc841f7-ccc7-46f2-94a7-38b3b9eaef01:192.168.164.218:46404], old=null RUNNING
2019-10-15 00:41:45,345 [grpc-default-executor-1] INFO  impl.RaftServerImpl (RaftServerImpl.java:lambda$shutdown$3(247)) - abc841f7-ccc7-46f2-94a7-38b3b9eaef01@group-C6E71009FF9A: shutdown
2019-10-15 00:41:45,345 [grpc-default-executor-1] INFO  util.JmxRegister (JmxRegister.java:unregister(73)) - Successfully un-registered JMX Bean with object name Ratis:service=RaftServer,group=group-C6E71009FF9A,id=abc841f7-ccc7-46f2-94a7-38b3b9eaef01
2019-10-15 00:41:45,346 [grpc-default-executor-1] INFO  impl.RoleInfo (RoleInfo.java:shutdownFollowerState(121)) - abc841f7-ccc7-46f2-94a7-38b3b9eaef01: shutdown FollowerState
2019-10-15 00:41:45,346 [grpc-default-executor-1] INFO  impl.StateMachineUpdater (StateMachineUpdater.java:stopAndJoin(136)) - abc841f7-ccc7-46f2-94a7-38b3b9eaef01@group-C6E71009FF9A-StateMachineUpdater: set stopIndex = -1
2019-10-15 00:41:45,346 [Thread-265] INFO  impl.FollowerState (FollowerState.java:run(117)) - abc841f7-ccc7-46f2-94a7-38b3b9eaef01@group-C6E71009FF9A-FollowerState was interrupted: java.lang.InterruptedException: sleep interrupted
2019-10-15 00:41:45,347 [grpc-default-executor-1] INFO  impl.RaftServerImpl (ServerState.java:close(387)) - abc841f7-ccc7-46f2-94a7-38b3b9eaef01@group-C6E71009FF9A: closes. applyIndex: -1
2019-10-15 00:41:45,349 [abc841f7-ccc7-46f2-94a7-38b3b9eaef01@group-C6E71009FF9A-SegmentedRaftLogWorker] INFO  segmented.SegmentedRaftLogWorker (SegmentedRaftLogWorker.java:run(316)) - abc841f7-ccc7-46f2-94a7-38b3b9eaef01@group-C6E71009FF9A-SegmentedRaftLogWorker was interrupted, exiting. There are 0 tasks remaining in the queue.
2019-10-15 00:41:45,349 [grpc-default-executor-1] INFO  segmented.SegmentedRaftLogWorker (SegmentedRaftLogWorker.java:close(224)) - abc841f7-ccc7-46f2-94a7-38b3b9eaef01@group-C6E71009FF9A-SegmentedRaftLogWorker close()
2019-10-15 00:41:45,377 [grpc-default-executor-1] INFO  impl.RaftServerProxy (RaftServerProxy.java:remove(95)) - 88a7d5fa-cc02-424e-979e-9137321ddddd: remove  FOLLOWER 88a7d5fa-cc02-424e-979e-9137321ddddd@group-C6E71009FF9A:t0, leader=null, voted=null, raftlog=88a7d5fa-cc02-424e-979e-9137321ddddd@group-C6E71009FF9A-SegmentedRaftLog:OPENED:c-1,f-1,i0, conf=-1: [88a7d5fa-cc02-424e-979e-9137321ddddd:192.168.164.218:32954, b6a7a8d3-8079-4dfa-92cd-d231555e9b27:192.168.164.218:36375, abc841f7-ccc7-46f2-94a7-38b3b9eaef01:192.168.164.218:46404], old=null RUNNING
2019-10-15 00:41:45,378 [grpc-default-executor-1] INFO  impl.RaftServerImpl (RaftServerImpl.java:lambda$shutdown$3(247)) - 88a7d5fa-cc02-424e-979e-9137321ddddd@group-C6E71009FF9A: shutdown
2019-10-15 00:41:45,378 [grpc-default-executor-1] INFO  util.JmxRegister (JmxRegister.java:unregister(73)) - Successfully un-registered JMX Bean with object name Ratis:service=RaftServer,group=group-C6E71009FF9A,id=88a7d5fa-cc02-424e-979e-9137321ddddd
2019-10-15 00:41:45,378 [grpc-default-executor-1] INFO  impl.RoleInfo (RoleInfo.java:shutdownFollowerState(121)) - 88a7d5fa-cc02-424e-979e-9137321ddddd: shutdown FollowerState
2019-10-15 00:41:45,378 [grpc-default-executor-1] INFO  impl.StateMachineUpdater (StateMachineUpdater.java:stopAndJoin(136)) - 88a7d5fa-cc02-424e-979e-9137321ddddd@group-C6E71009FF9A-StateMachineUpdater: set stopIndex = -1
2019-10-15 00:41:45,378 [Thread-263] INFO  impl.FollowerState (FollowerState.java:run(117)) - 88a7d5fa-cc02-424e-979e-9137321ddddd@group-C6E71009FF9A-FollowerState was interrupted: java.lang.InterruptedException: sleep interrupted
2019-10-15 00:41:45,380 [grpc-default-executor-1] INFO  impl.RaftServerImpl (ServerState.java:close(387)) - 88a7d5fa-cc02-424e-979e-9137321ddddd@group-C6E71009FF9A: closes. applyIndex: -1
2019-10-15 00:41:45,383 [88a7d5fa-cc02-424e-979e-9137321ddddd@group-C6E71009FF9A-SegmentedRaftLogWorker] INFO  segmented.SegmentedRaftLogWorker (SegmentedRaftLogWorker.java:run(316)) - 88a7d5fa-cc02-424e-979e-9137321ddddd@group-C6E71009FF9A-SegmentedRaftLogWorker was interrupted, exiting. There are 0 tasks remaining in the queue.
2019-10-15 00:41:45,383 [grpc-default-executor-1] INFO  segmented.SegmentedRaftLogWorker (SegmentedRaftLogWorker.java:close(224)) - 88a7d5fa-cc02-424e-979e-9137321ddddd@group-C6E71009FF9A-SegmentedRaftLogWorker close()
2019-10-15 00:41:45,394 [Thread-238] INFO  pipeline.PipelineStateManager (PipelineStateManager.java:removePipeline(108)) - Pipeline Pipeline[ Id: 7e070aad-2356-4825-81fd-c6e71009ff9a, Nodes: b6a7a8d3-8079-4dfa-92cd-d231555e9b27{ip: 192.168.164.218, host: pr-hdds-1868-7bj8h-208101609, networkLocation: /default-rack, certSerialId: null}abc841f7-ccc7-46f2-94a7-38b3b9eaef01{ip: 192.168.164.218, host: pr-hdds-1868-7bj8h-208101609, networkLocation: /default-rack, certSerialId: null}88a7d5fa-cc02-424e-979e-9137321ddddd{ip: 192.168.164.218, host: pr-hdds-1868-7bj8h-208101609, networkLocation: /default-rack, certSerialId: null}, Type:RATIS, Factor:THREE, State:CLOSED] removed from db
2019-10-15 00:41:45,394 [Thread-238] INFO  pipeline.SCMPipelineManager (SCMPipelineManager.java:finalizeAndDestroyPipeline(315)) - destroying pipeline:Pipeline[ Id: 8b04f236-66b1-44e3-bee8-917a0143c3b2, Nodes: b6a7a8d3-8079-4dfa-92cd-d231555e9b27{ip: 192.168.164.218, host: pr-hdds-1868-7bj8h-208101609, networkLocation: /default-rack, certSerialId: null}, Type:RATIS, Factor:ONE, State:ALLOCATED]
2019-10-15 00:41:45,394 [Thread-238] INFO  pipeline.PipelineStateManager (PipelineStateManager.java:finalizePipeline(123)) - Pipeline Pipeline[ Id: 8b04f236-66b1-44e3-bee8-917a0143c3b2, Nodes: b6a7a8d3-8079-4dfa-92cd-d231555e9b27{ip: 192.168.164.218, host: pr-hdds-1868-7bj8h-208101609, networkLocation: /default-rack, certSerialId: null}, Type:RATIS, Factor:ONE, State:CLOSED] moved to CLOSED state
2019-10-15 00:41:45,406 [grpc-default-executor-1] INFO  impl.RaftServerProxy (RaftServerProxy.java:remove(95)) - b6a7a8d3-8079-4dfa-92cd-d231555e9b27: remove  FOLLOWER b6a7a8d3-8079-4dfa-92cd-d231555e9b27@group-917A0143C3B2:t0, leader=null, voted=null, raftlog=b6a7a8d3-8079-4dfa-92cd-d231555e9b27@group-917A0143C3B2-SegmentedRaftLog:OPENED:c-1,f-1,i0, conf=-1: [b6a7a8d3-8079-4dfa-92cd-d231555e9b27:192.168.164.218:36375], old=null RUNNING
2019-10-15 00:41:45,408 [grpc-default-executor-1] INFO  impl.RaftServerImpl (RaftServerImpl.java:lambda$shutdown$3(247)) - b6a7a8d3-8079-4dfa-92cd-d231555e9b27@group-917A0143C3B2: shutdown
2019-10-15 00:41:45,408 [grpc-default-executor-1] INFO  util.JmxRegister (JmxRegister.java:unregister(73)) - Successfully un-registered JMX Bean with object name Ratis:service=RaftServer,group=group-917A0143C3B2,id=b6a7a8d3-8079-4dfa-92cd-d231555e9b27
2019-10-15 00:41:45,408 [grpc-default-executor-1] INFO  impl.RoleInfo (RoleInfo.java:shutdownFollowerState(121)) - b6a7a8d3-8079-4dfa-92cd-d231555e9b27: shutdown FollowerState
2019-10-15 00:41:45,409 [grpc-default-executor-1] INFO  impl.StateMachineUpdater (StateMachineUpdater.java:stopAndJoin(136)) - b6a7a8d3-8079-4dfa-92cd-d231555e9b27@group-917A0143C3B2-StateMachineUpdater: set stopIndex = -1
2019-10-15 00:41:45,409 [Thread-243] INFO  impl.FollowerState (FollowerState.java:run(117)) - b6a7a8d3-8079-4dfa-92cd-d231555e9b27@group-917A0143C3B2-FollowerState was interrupted: java.lang.InterruptedException: sleep interrupted
2019-10-15 00:41:45,410 [grpc-default-executor-1] INFO  impl.RaftServerImpl (ServerState.java:close(387)) - b6a7a8d3-8079-4dfa-92cd-d231555e9b27@group-917A0143C3B2: closes. applyIndex: -1
2019-10-15 00:41:45,411 [b6a7a8d3-8079-4dfa-92cd-d231555e9b27@group-917A0143C3B2-SegmentedRaftLogWorker] INFO  segmented.SegmentedRaftLogWorker (SegmentedRaftLogWorker.java:run(316)) - b6a7a8d3-8079-4dfa-92cd-d231555e9b27@group-917A0143C3B2-SegmentedRaftLogWorker was interrupted, exiting. There are 0 tasks remaining in the queue.
2019-10-15 00:41:45,411 [grpc-default-executor-1] INFO  segmented.SegmentedRaftLogWorker (SegmentedRaftLogWorker.java:close(224)) - b6a7a8d3-8079-4dfa-92cd-d231555e9b27@group-917A0143C3B2-SegmentedRaftLogWorker close()
2019-10-15 00:41:45,415 [grpc-default-executor-0] INFO  impl.RaftServerProxy (RaftServerProxy.java:addNew(89)) - b6a7a8d3-8079-4dfa-92cd-d231555e9b27: addNew group-331A4D48181B:[b6a7a8d3-8079-4dfa-92cd-d231555e9b27:192.168.164.218:36375] returns group-331A4D48181B:java.util.concurrent.CompletableFuture@4b831a1d[Not completed]
2019-10-15 00:41:45,418 [pool-57-thread-1] INFO  impl.RaftServerImpl (RaftServerImpl.java:<init>(95)) - b6a7a8d3-8079-4dfa-92cd-d231555e9b27: new RaftServerImpl for group-331A4D48181B:[b6a7a8d3-8079-4dfa-92cd-d231555e9b27:192.168.164.218:36375] with ContainerStateMachine:uninitialized
2019-10-15 00:41:45,418 [pool-57-thread-1] INFO  server.RaftServerConfigKeys (ConfUtils.java:logGet(43)) - raft.server.rpc.timeout.min = 5s (custom)
2019-10-15 00:41:45,418 [pool-57-thread-1] INFO  server.RaftServerConfigKeys (ConfUtils.java:logGet(43)) - raft.server.rpc.timeout.max = 5200ms (custom)
2019-10-15 00:41:45,418 [pool-57-thread-1] INFO  server.RaftServerConfigKeys (ConfUtils.java:logGet(43)) - raft.server.rpcslowness.timeout = 120s (custom)
2019-10-15 00:41:45,418 [pool-57-thread-1] INFO  server.RaftServerConfigKeys (ConfUtils.java:logGet(43)) - raft.server.sleep.deviation.threshold = 300 (default)
2019-10-15 00:41:45,418 [pool-57-thread-1] INFO  server.RaftServerConfigKeys (ConfUtils.java:logGet(43)) - raft.server.log.appender.install.snapshot.enabled = false (custom)
2019-10-15 00:41:45,418 [pool-57-thread-1] INFO  impl.RaftServerImpl (ServerState.java:<init>(103)) - b6a7a8d3-8079-4dfa-92cd-d231555e9b27@group-331A4D48181B: ConfigurationManager, init=-1: [b6a7a8d3-8079-4dfa-92cd-d231555e9b27:192.168.164.218:36375], old=null, confs=<EMPTY_MAP>
2019-10-15 00:41:45,418 [pool-57-thread-1] INFO  server.RaftServerConfigKeys (ConfUtils.java:logGet(43)) - raft.server.storage.dir = [/workdir/hadoop-ozone/integration-test/target/test-dir/MiniOzoneClusterImpl-e538d966-0196-4657-9505-dd1c5b05d6aa/datanode-3/data/ratis] (custom)
2019-10-15 00:41:45,419 [pool-57-thread-1] INFO  server.RaftServerConfigKeys (ConfUtils.java:logGet(43)) - raft.server.log.corruption.policy = EXCEPTION (default)
2019-10-15 00:41:45,419 [pool-57-thread-1] INFO  storage.RaftStorageDirectory (RaftStorageDirectory.java:analyzeStorage(246)) - The storage directory /workdir/hadoop-ozone/integration-test/target/test-dir/MiniOzoneClusterImpl-e538d966-0196-4657-9505-dd1c5b05d6aa/datanode-3/data/ratis/54cbac66-b29b-4498-91a9-331a4d48181b does not exist. Creating ...
2019-10-15 00:41:45,442 [pool-57-thread-1] INFO  storage.RaftStorageDirectory (RaftStorageDirectory.java:tryLock(328)) - Lock on /workdir/hadoop-ozone/integration-test/target/test-dir/MiniOzoneClusterImpl-e538d966-0196-4657-9505-dd1c5b05d6aa/datanode-3/data/ratis/54cbac66-b29b-4498-91a9-331a4d48181b/in_use.lock acquired by nodename 5159@pr-hdds-1868-7bj8h-208101609
2019-10-15 00:41:45,460 [pool-57-thread-1] INFO  storage.RaftStorage (RaftStorage.java:format(84)) - Storage directory /workdir/hadoop-ozone/integration-test/target/test-dir/MiniOzoneClusterImpl-e538d966-0196-4657-9505-dd1c5b05d6aa/datanode-3/data/ratis/54cbac66-b29b-4498-91a9-331a4d48181b has been successfully formatted.
2019-10-15 00:41:45,460 [pool-57-thread-1] INFO  ratis.ContainerStateMachine (ContainerStateMachine.java:loadSnapshot(233)) - group-331A4D48181B: The snapshot info is null. Setting the last applied indexto:(t:0, i:~)
2019-10-15 00:41:45,460 [pool-57-thread-1] INFO  server.RaftServerConfigKeys (ConfUtils.java:logGet(43)) - raft.server.notification.no-leader.timeout = 120s (custom)
2019-10-15 00:41:45,461 [pool-57-thread-1] INFO  server.RaftServerConfigKeys (ConfUtils.java:logGet(43)) - raft.server.log.use.memory = false (default)
2019-10-15 00:41:45,461 [pool-57-thread-1] INFO  server.RaftServerConfigKeys (ConfUtils.java:logGet(43)) - raft.server.log.purge.gap = 1000000 (custom)
2019-10-15 00:41:45,461 [pool-57-thread-1] INFO  server.RaftServerConfigKeys (ConfUtils.java:logGet(43)) - raft.server.log.appender.buffer.byte-limit = 33554432 (custom)
2019-10-15 00:41:45,461 [pool-57-thread-1] INFO  server.RaftServerConfigKeys (ConfUtils.java:logGet(43)) - raft.server.log.segment.size.max = 1048576 (custom)
2019-10-15 00:41:45,461 [pool-57-thread-1] INFO  server.RaftServerConfigKeys (ConfUtils.java:logGet(43)) - raft.server.log.segment.cache.num.max = 2 (custom)
2019-10-15 00:41:45,462 [pool-57-thread-1] INFO  segmented.SegmentedRaftLogWorker (SegmentedRaftLogWorker.java:<init>(173)) - new b6a7a8d3-8079-4dfa-92cd-d231555e9b27@group-331A4D48181B-SegmentedRaftLogWorker for RaftStorage:Storage Directory /workdir/hadoop-ozone/integration-test/target/test-dir/MiniOzoneClusterImpl-e538d966-0196-4657-9505-dd1c5b05d6aa/datanode-3/data/ratis/54cbac66-b29b-4498-91a9-331a4d48181b
2019-10-15 00:41:45,462 [pool-57-thread-1] INFO  server.RaftServerConfigKeys (ConfUtils.java:logGet(43)) - raft.server.log.queue.byte-limit = 2147483647 (custom)
2019-10-15 00:41:45,462 [pool-57-thread-1] INFO  server.RaftServerConfigKeys (ConfUtils.java:logGet(43)) - raft.server.log.queue.element-limit = 1024 (custom)
2019-10-15 00:41:45,462 [pool-57-thread-1] INFO  server.RaftServerConfigKeys (ConfUtils.java:logGet(43)) - raft.server.log.segment.size.max = 1048576 (custom)
2019-10-15 00:41:45,462 [pool-57-thread-1] INFO  server.RaftServerConfigKeys (ConfUtils.java:logGet(43)) - raft.server.log.preallocated.size = 16384 (custom)
2019-10-15 00:41:45,462 [pool-57-thread-1] INFO  server.RaftServerConfigKeys (ConfUtils.java:logGet(43)) - raft.server.log.write.buffer.size = 33554432 (custom)
2019-10-15 00:41:45,463 [pool-57-thread-1] INFO  server.RaftServerConfigKeys (ConfUtils.java:logGet(43)) - raft.server.log.force.sync.num = 128 (default)
2019-10-15 00:41:45,463 [pool-57-thread-1] INFO  server.RaftServerConfigKeys (ConfUtils.java:logGet(43)) - raft.server.log.statemachine.data.sync = true (default)
2019-10-15 00:41:45,463 [pool-57-thread-1] INFO  server.RaftServerConfigKeys (ConfUtils.java:logGet(43)) - raft.server.log.statemachine.data.sync.timeout = 10s (default)
2019-10-15 00:41:45,463 [pool-57-thread-1] INFO  server.RaftServerConfigKeys (ConfUtils.java:logGet(43)) - raft.server.log.statemachine.data.sync.timeout.retry = -1 (default)
2019-10-15 00:41:45,463 [pool-57-thread-1] INFO  server.RaftServerConfigKeys (ConfUtils.java:logGet(43)) - raft.server.log.statemachine.data.caching.enabled = true (custom)
2019-10-15 00:41:45,464 [pool-57-thread-1] INFO  segmented.SegmentedRaftLogWorker (SegmentedRaftLogWorker.java:lambda$new$0(128)) - b6a7a8d3-8079-4dfa-92cd-d231555e9b27@group-331A4D48181B-SegmentedRaftLogWorker: flushIndex: setUnconditionally 0 -> -1
2019-10-15 00:41:45,464 [pool-57-thread-1] INFO  server.RaftServerConfigKeys (ConfUtils.java:logGet(43)) - raft.server.snapshot.auto.trigger.enabled = true (custom)
2019-10-15 00:41:45,464 [pool-57-thread-1] INFO  server.RaftServerConfigKeys (ConfUtils.java:logGet(43)) - raft.server.snapshot.auto.trigger.threshold = 10000 (custom)
2019-10-15 00:41:45,465 [pool-57-thread-1] INFO  server.RaftServerConfigKeys (ConfUtils.java:logGet(43)) - raft.server.snapshot.retention.file.num = 5 (custom)
2019-10-15 00:41:45,465 [pool-57-thread-1] INFO  server.RaftServerConfigKeys (ConfUtils.java:logGet(43)) - raft.server.retrycache.expirytime = 600000ms (custom)
2019-10-15 00:41:45,468 [pool-57-thread-1] INFO  impl.RaftServerImpl (RaftServerImpl.java:start(181)) - b6a7a8d3-8079-4dfa-92cd-d231555e9b27@group-331A4D48181B: start as a follower, conf=-1: [b6a7a8d3-8079-4dfa-92cd-d231555e9b27:192.168.164.218:36375], old=null
2019-10-15 00:41:45,468 [pool-57-thread-1] INFO  impl.RaftServerImpl (RaftServerImpl.java:setRole(170)) - b6a7a8d3-8079-4dfa-92cd-d231555e9b27@group-331A4D48181B: changes role from      null to FOLLOWER at term 0 for startAsFollower
2019-10-15 00:41:45,468 [pool-57-thread-1] INFO  impl.RoleInfo (RoleInfo.java:updateAndGet(143)) - b6a7a8d3-8079-4dfa-92cd-d231555e9b27: start FollowerState
2019-10-15 00:41:45,469 [pool-57-thread-1] INFO  util.JmxRegister (JmxRegister.java:tryRegister(44)) - Successfully registered JMX Bean with object name Ratis:service=RaftServer,group=group-331A4D48181B,id=b6a7a8d3-8079-4dfa-92cd-d231555e9b27
2019-10-15 00:41:45,478 [RatisPipelineUtilsThread] INFO  pipeline.PipelineStateManager (PipelineStateManager.java:addPipeline(57)) - Created pipeline Pipeline[ Id: 54cbac66-b29b-4498-91a9-331a4d48181b, Nodes: b6a7a8d3-8079-4dfa-92cd-d231555e9b27{ip: 192.168.164.218, host: pr-hdds-1868-7bj8h-208101609, networkLocation: /default-rack, certSerialId: null}, Type:RATIS, Factor:ONE, State:ALLOCATED]
2019-10-15 00:41:45,505 [grpc-default-executor-2] INFO  impl.RaftServerProxy (RaftServerProxy.java:addNew(89)) - abc841f7-ccc7-46f2-94a7-38b3b9eaef01: addNew group-3E7865DF923C:[88a7d5fa-cc02-424e-979e-9137321ddddd:192.168.164.218:32954, b6a7a8d3-8079-4dfa-92cd-d231555e9b27:192.168.164.218:36375, abc841f7-ccc7-46f2-94a7-38b3b9eaef01:192.168.164.218:46404] returns group-3E7865DF923C:java.util.concurrent.CompletableFuture@14db7b7f[Not completed]
2019-10-15 00:41:45,505 [grpc-default-executor-1] INFO  impl.RaftServerProxy (RaftServerProxy.java:addNew(89)) - 88a7d5fa-cc02-424e-979e-9137321ddddd: addNew group-3E7865DF923C:[88a7d5fa-cc02-424e-979e-9137321ddddd:192.168.164.218:32954, b6a7a8d3-8079-4dfa-92cd-d231555e9b27:192.168.164.218:36375, abc841f7-ccc7-46f2-94a7-38b3b9eaef01:192.168.164.218:46404] returns group-3E7865DF923C:java.util.concurrent.CompletableFuture@76f08367[Not completed]
2019-10-15 00:41:45,506 [grpc-default-executor-0] INFO  impl.RaftServerProxy (RaftServerProxy.java:addNew(89)) - b6a7a8d3-8079-4dfa-92cd-d231555e9b27: addNew group-3E7865DF923C:[88a7d5fa-cc02-424e-979e-9137321ddddd:192.168.164.218:32954, b6a7a8d3-8079-4dfa-92cd-d231555e9b27:192.168.164.218:36375, abc841f7-ccc7-46f2-94a7-38b3b9eaef01:192.168.164.218:46404] returns group-3E7865DF923C:java.util.concurrent.CompletableFuture@679661ce[Not completed]
2019-10-15 00:41:45,506 [pool-77-thread-1] INFO  impl.RaftServerImpl (RaftServerImpl.java:<init>(95)) - abc841f7-ccc7-46f2-94a7-38b3b9eaef01: new RaftServerImpl for group-3E7865DF923C:[88a7d5fa-cc02-424e-979e-9137321ddddd:192.168.164.218:32954, b6a7a8d3-8079-4dfa-92cd-d231555e9b27:192.168.164.218:36375, abc841f7-ccc7-46f2-94a7-38b3b9eaef01:192.168.164.218:46404] with ContainerStateMachine:uninitialized
2019-10-15 00:41:45,507 [pool-77-thread-1] INFO  server.RaftServerConfigKeys (ConfUtils.java:logGet(43)) - raft.server.rpc.timeout.min = 5s (custom)
2019-10-15 00:41:45,507 [pool-77-thread-1] INFO  server.RaftServerConfigKeys (ConfUtils.java:logGet(43)) - raft.server.rpc.timeout.max = 5200ms (custom)
2019-10-15 00:41:45,507 [pool-77-thread-1] INFO  server.RaftServerConfigKeys (ConfUtils.java:logGet(43)) - raft.server.rpcslowness.timeout = 120s (custom)
2019-10-15 00:41:45,507 [pool-77-thread-1] INFO  server.RaftServerConfigKeys (ConfUtils.java:logGet(43)) - raft.server.sleep.deviation.threshold = 300 (default)
2019-10-15 00:41:45,507 [pool-77-thread-1] INFO  server.RaftServerConfigKeys (ConfUtils.java:logGet(43)) - raft.server.log.appender.install.snapshot.enabled = false (custom)
2019-10-15 00:41:45,507 [pool-77-thread-1] INFO  impl.RaftServerImpl (ServerState.java:<init>(103)) - abc841f7-ccc7-46f2-94a7-38b3b9eaef01@group-3E7865DF923C: ConfigurationManager, init=-1: [88a7d5fa-cc02-424e-979e-9137321ddddd:192.168.164.218:32954, b6a7a8d3-8079-4dfa-92cd-d231555e9b27:192.168.164.218:36375, abc841f7-ccc7-46f2-94a7-38b3b9eaef01:192.168.164.218:46404], old=null, confs=<EMPTY_MAP>
2019-10-15 00:41:45,507 [pool-77-thread-1] INFO  server.RaftServerConfigKeys (ConfUtils.java:logGet(43)) - raft.server.storage.dir = [/workdir/hadoop-ozone/integration-test/target/test-dir/MiniOzoneClusterImpl-e538d966-0196-4657-9505-dd1c5b05d6aa/datanode-5/data/ratis] (custom)
2019-10-15 00:41:45,507 [pool-57-thread-1] INFO  impl.RaftServerImpl (RaftServerImpl.java:<init>(95)) - b6a7a8d3-8079-4dfa-92cd-d231555e9b27: new RaftServerImpl for group-3E7865DF923C:[88a7d5fa-cc02-424e-979e-9137321ddddd:192.168.164.218:32954, b6a7a8d3-8079-4dfa-92cd-d231555e9b27:192.168.164.218:36375, abc841f7-ccc7-46f2-94a7-38b3b9eaef01:192.168.164.218:46404] with ContainerStateMachine:uninitialized
2019-10-15 00:41:45,508 [pool-77-thread-1] INFO  server.RaftServerConfigKeys (ConfUtils.java:logGet(43)) - raft.server.log.corruption.policy = EXCEPTION (default)
2019-10-15 00:41:45,508 [pool-57-thread-1] INFO  server.RaftServerConfigKeys (ConfUtils.java:logGet(43)) - raft.server.rpc.timeout.min = 5s (custom)
2019-10-15 00:41:45,508 [pool-77-thread-1] INFO  storage.RaftStorageDirectory (RaftStorageDirectory.java:analyzeStorage(246)) - The storage directory /workdir/hadoop-ozone/integration-test/target/test-dir/MiniOzoneClusterImpl-e538d966-0196-4657-9505-dd1c5b05d6aa/datanode-5/data/ratis/de6286c9-04d1-40ee-8907-3e7865df923c does not exist. Creating ...
2019-10-15 00:41:45,508 [pool-57-thread-1] INFO  server.RaftServerConfigKeys (ConfUtils.java:logGet(43)) - raft.server.rpc.timeout.max = 5200ms (custom)
2019-10-15 00:41:45,508 [pool-57-thread-1] INFO  server.RaftServerConfigKeys (ConfUtils.java:logGet(43)) - raft.server.rpcslowness.timeout = 120s (custom)
2019-10-15 00:41:45,508 [pool-57-thread-1] INFO  server.RaftServerConfigKeys (ConfUtils.java:logGet(43)) - raft.server.sleep.deviation.threshold = 300 (default)
2019-10-15 00:41:45,508 [pool-57-thread-1] INFO  server.RaftServerConfigKeys (ConfUtils.java:logGet(43)) - raft.server.log.appender.install.snapshot.enabled = false (custom)
2019-10-15 00:41:45,508 [pool-57-thread-1] INFO  impl.RaftServerImpl (ServerState.java:<init>(103)) - b6a7a8d3-8079-4dfa-92cd-d231555e9b27@group-3E7865DF923C: ConfigurationManager, init=-1: [88a7d5fa-cc02-424e-979e-9137321ddddd:192.168.164.218:32954, b6a7a8d3-8079-4dfa-92cd-d231555e9b27:192.168.164.218:36375, abc841f7-ccc7-46f2-94a7-38b3b9eaef01:192.168.164.218:46404], old=null, confs=<EMPTY_MAP>
2019-10-15 00:41:45,508 [pool-37-thread-1] INFO  impl.RaftServerImpl (RaftServerImpl.java:<init>(95)) - 88a7d5fa-cc02-424e-979e-9137321ddddd: new RaftServerImpl for group-3E7865DF923C:[88a7d5fa-cc02-424e-979e-9137321ddddd:192.168.164.218:32954, b6a7a8d3-8079-4dfa-92cd-d231555e9b27:192.168.164.218:36375, abc841f7-ccc7-46f2-94a7-38b3b9eaef01:192.168.164.218:46404] with ContainerStateMachine:uninitialized
2019-10-15 00:41:45,509 [pool-57-thread-1] INFO  server.RaftServerConfigKeys (ConfUtils.java:logGet(43)) - raft.server.storage.dir = [/workdir/hadoop-ozone/integration-test/target/test-dir/MiniOzoneClusterImpl-e538d966-0196-4657-9505-dd1c5b05d6aa/datanode-3/data/ratis] (custom)
2019-10-15 00:41:45,509 [pool-37-thread-1] INFO  server.RaftServerConfigKeys (ConfUtils.java:logGet(43)) - raft.server.rpc.timeout.min = 5s (custom)
2019-10-15 00:41:45,509 [pool-57-thread-1] INFO  server.RaftServerConfigKeys (ConfUtils.java:logGet(43)) - raft.server.log.corruption.policy = EXCEPTION (default)
2019-10-15 00:41:45,509 [pool-37-thread-1] INFO  server.RaftServerConfigKeys (ConfUtils.java:logGet(43)) - raft.server.rpc.timeout.max = 5200ms (custom)
2019-10-15 00:41:45,509 [pool-57-thread-1] INFO  storage.RaftStorageDirectory (RaftStorageDirectory.java:analyzeStorage(246)) - The storage directory /workdir/hadoop-ozone/integration-test/target/test-dir/MiniOzoneClusterImpl-e538d966-0196-4657-9505-dd1c5b05d6aa/datanode-3/data/ratis/de6286c9-04d1-40ee-8907-3e7865df923c does not exist. Creating ...
2019-10-15 00:41:45,509 [pool-37-thread-1] INFO  server.RaftServerConfigKeys (ConfUtils.java:logGet(43)) - raft.server.rpcslowness.timeout = 120s (custom)
2019-10-15 00:41:45,510 [pool-37-thread-1] INFO  server.RaftServerConfigKeys (ConfUtils.java:logGet(43)) - raft.server.sleep.deviation.threshold = 300 (default)
2019-10-15 00:41:45,510 [pool-37-thread-1] INFO  server.RaftServerConfigKeys (ConfUtils.java:logGet(43)) - raft.server.log.appender.install.snapshot.enabled = false (custom)
2019-10-15 00:41:45,510 [pool-37-thread-1] INFO  impl.RaftServerImpl (ServerState.java:<init>(103)) - 88a7d5fa-cc02-424e-979e-9137321ddddd@group-3E7865DF923C: ConfigurationManager, init=-1: [88a7d5fa-cc02-424e-979e-9137321ddddd:192.168.164.218:32954, b6a7a8d3-8079-4dfa-92cd-d231555e9b27:192.168.164.218:36375, abc841f7-ccc7-46f2-94a7-38b3b9eaef01:192.168.164.218:46404], old=null, confs=<EMPTY_MAP>
2019-10-15 00:41:45,510 [pool-37-thread-1] INFO  server.RaftServerConfigKeys (ConfUtils.java:logGet(43)) - raft.server.storage.dir = [/workdir/hadoop-ozone/integration-test/target/test-dir/MiniOzoneClusterImpl-e538d966-0196-4657-9505-dd1c5b05d6aa/datanode-1/data/ratis] (custom)
2019-10-15 00:41:45,510 [pool-37-thread-1] INFO  server.RaftServerConfigKeys (ConfUtils.java:logGet(43)) - raft.server.log.corruption.policy = EXCEPTION (default)
2019-10-15 00:41:45,511 [pool-37-thread-1] INFO  storage.RaftStorageDirectory (RaftStorageDirectory.java:analyzeStorage(246)) - The storage directory /workdir/hadoop-ozone/integration-test/target/test-dir/MiniOzoneClusterImpl-e538d966-0196-4657-9505-dd1c5b05d6aa/datanode-1/data/ratis/de6286c9-04d1-40ee-8907-3e7865df923c does not exist. Creating ...
2019-10-15 00:41:45,535 [pool-77-thread-1] INFO  storage.RaftStorageDirectory (RaftStorageDirectory.java:tryLock(328)) - Lock on /workdir/hadoop-ozone/integration-test/target/test-dir/MiniOzoneClusterImpl-e538d966-0196-4657-9505-dd1c5b05d6aa/datanode-5/data/ratis/de6286c9-04d1-40ee-8907-3e7865df923c/in_use.lock acquired by nodename 5159@pr-hdds-1868-7bj8h-208101609
2019-10-15 00:41:45,535 [pool-57-thread-1] INFO  storage.RaftStorageDirectory (RaftStorageDirectory.java:tryLock(328)) - Lock on /workdir/hadoop-ozone/integration-test/target/test-dir/MiniOzoneClusterImpl-e538d966-0196-4657-9505-dd1c5b05d6aa/datanode-3/data/ratis/de6286c9-04d1-40ee-8907-3e7865df923c/in_use.lock acquired by nodename 5159@pr-hdds-1868-7bj8h-208101609
2019-10-15 00:41:45,535 [pool-37-thread-1] INFO  storage.RaftStorageDirectory (RaftStorageDirectory.java:tryLock(328)) - Lock on /workdir/hadoop-ozone/integration-test/target/test-dir/MiniOzoneClusterImpl-e538d966-0196-4657-9505-dd1c5b05d6aa/datanode-1/data/ratis/de6286c9-04d1-40ee-8907-3e7865df923c/in_use.lock acquired by nodename 5159@pr-hdds-1868-7bj8h-208101609
2019-10-15 00:41:45,561 [pool-77-thread-1] INFO  storage.RaftStorage (RaftStorage.java:format(84)) - Storage directory /workdir/hadoop-ozone/integration-test/target/test-dir/MiniOzoneClusterImpl-e538d966-0196-4657-9505-dd1c5b05d6aa/datanode-5/data/ratis/de6286c9-04d1-40ee-8907-3e7865df923c has been successfully formatted.
2019-10-15 00:41:45,561 [pool-57-thread-1] INFO  storage.RaftStorage (RaftStorage.java:format(84)) - Storage directory /workdir/hadoop-ozone/integration-test/target/test-dir/MiniOzoneClusterImpl-e538d966-0196-4657-9505-dd1c5b05d6aa/datanode-3/data/ratis/de6286c9-04d1-40ee-8907-3e7865df923c has been successfully formatted.
2019-10-15 00:41:45,561 [pool-77-thread-1] INFO  ratis.ContainerStateMachine (ContainerStateMachine.java:loadSnapshot(233)) - group-3E7865DF923C: The snapshot info is null. Setting the last applied indexto:(t:0, i:~)
2019-10-15 00:41:45,561 [pool-37-thread-1] INFO  storage.RaftStorage (RaftStorage.java:format(84)) - Storage directory /workdir/hadoop-ozone/integration-test/target/test-dir/MiniOzoneClusterImpl-e538d966-0196-4657-9505-dd1c5b05d6aa/datanode-1/data/ratis/de6286c9-04d1-40ee-8907-3e7865df923c has been successfully formatted.
2019-10-15 00:41:45,561 [pool-57-thread-1] INFO  ratis.ContainerStateMachine (ContainerStateMachine.java:loadSnapshot(233)) - group-3E7865DF923C: The snapshot info is null. Setting the last applied indexto:(t:0, i:~)
2019-10-15 00:41:45,561 [pool-77-thread-1] INFO  server.RaftServerConfigKeys (ConfUtils.java:logGet(43)) - raft.server.notification.no-leader.timeout = 120s (custom)
2019-10-15 00:41:45,562 [pool-57-thread-1] INFO  server.RaftServerConfigKeys (ConfUtils.java:logGet(43)) - raft.server.notification.no-leader.timeout = 120s (custom)
2019-10-15 00:41:45,562 [pool-37-thread-1] INFO  ratis.ContainerStateMachine (ContainerStateMachine.java:loadSnapshot(233)) - group-3E7865DF923C: The snapshot info is null. Setting the last applied indexto:(t:0, i:~)
2019-10-15 00:41:45,562 [pool-57-thread-1] INFO  server.RaftServerConfigKeys (ConfUtils.java:logGet(43)) - raft.server.log.use.memory = false (default)
2019-10-15 00:41:45,562 [pool-77-thread-1] INFO  server.RaftServerConfigKeys (ConfUtils.java:logGet(43)) - raft.server.log.use.memory = false (default)
2019-10-15 00:41:45,562 [pool-57-thread-1] INFO  server.RaftServerConfigKeys (ConfUtils.java:logGet(43)) - raft.server.log.purge.gap = 1000000 (custom)
2019-10-15 00:41:45,562 [pool-77-thread-1] INFO  server.RaftServerConfigKeys (ConfUtils.java:logGet(43)) - raft.server.log.purge.gap = 1000000 (custom)
2019-10-15 00:41:45,562 [pool-37-thread-1] INFO  server.RaftServerConfigKeys (ConfUtils.java:logGet(43)) - raft.server.notification.no-leader.timeout = 120s (custom)
2019-10-15 00:41:45,563 [pool-77-thread-1] INFO  server.RaftServerConfigKeys (ConfUtils.java:logGet(43)) - raft.server.log.appender.buffer.byte-limit = 33554432 (custom)
2019-10-15 00:41:45,562 [pool-57-thread-1] INFO  server.RaftServerConfigKeys (ConfUtils.java:logGet(43)) - raft.server.log.appender.buffer.byte-limit = 33554432 (custom)
2019-10-15 00:41:45,563 [pool-77-thread-1] INFO  server.RaftServerConfigKeys (ConfUtils.java:logGet(43)) - raft.server.log.segment.size.max = 1048576 (custom)
2019-10-15 00:41:45,563 [pool-57-thread-1] INFO  server.RaftServerConfigKeys (ConfUtils.java:logGet(43)) - raft.server.log.segment.size.max = 1048576 (custom)
2019-10-15 00:41:45,563 [pool-37-thread-1] INFO  server.RaftServerConfigKeys (ConfUtils.java:logGet(43)) - raft.server.log.use.memory = false (default)
2019-10-15 00:41:45,563 [pool-57-thread-1] INFO  server.RaftServerConfigKeys (ConfUtils.java:logGet(43)) - raft.server.log.segment.cache.num.max = 2 (custom)
2019-10-15 00:41:45,563 [pool-77-thread-1] INFO  server.RaftServerConfigKeys (ConfUtils.java:logGet(43)) - raft.server.log.segment.cache.num.max = 2 (custom)
2019-10-15 00:41:45,564 [pool-57-thread-1] INFO  segmented.SegmentedRaftLogWorker (SegmentedRaftLogWorker.java:<init>(173)) - new b6a7a8d3-8079-4dfa-92cd-d231555e9b27@group-3E7865DF923C-SegmentedRaftLogWorker for RaftStorage:Storage Directory /workdir/hadoop-ozone/integration-test/target/test-dir/MiniOzoneClusterImpl-e538d966-0196-4657-9505-dd1c5b05d6aa/datanode-3/data/ratis/de6286c9-04d1-40ee-8907-3e7865df923c
2019-10-15 00:41:45,563 [pool-37-thread-1] INFO  server.RaftServerConfigKeys (ConfUtils.java:logGet(43)) - raft.server.log.purge.gap = 1000000 (custom)
2019-10-15 00:41:45,564 [pool-57-thread-1] INFO  server.RaftServerConfigKeys (ConfUtils.java:logGet(43)) - raft.server.log.queue.byte-limit = 2147483647 (custom)
2019-10-15 00:41:45,564 [pool-77-thread-1] INFO  segmented.SegmentedRaftLogWorker (SegmentedRaftLogWorker.java:<init>(173)) - new abc841f7-ccc7-46f2-94a7-38b3b9eaef01@group-3E7865DF923C-SegmentedRaftLogWorker for RaftStorage:Storage Directory /workdir/hadoop-ozone/integration-test/target/test-dir/MiniOzoneClusterImpl-e538d966-0196-4657-9505-dd1c5b05d6aa/datanode-5/data/ratis/de6286c9-04d1-40ee-8907-3e7865df923c
2019-10-15 00:41:45,564 [pool-57-thread-1] INFO  server.RaftServerConfigKeys (ConfUtils.java:logGet(43)) - raft.server.log.queue.element-limit = 1024 (custom)
2019-10-15 00:41:45,564 [pool-37-thread-1] INFO  server.RaftServerConfigKeys (ConfUtils.java:logGet(43)) - raft.server.log.appender.buffer.byte-limit = 33554432 (custom)
2019-10-15 00:41:45,565 [pool-57-thread-1] INFO  server.RaftServerConfigKeys (ConfUtils.java:logGet(43)) - raft.server.log.segment.size.max = 1048576 (custom)
2019-10-15 00:41:45,564 [pool-77-thread-1] INFO  server.RaftServerConfigKeys (ConfUtils.java:logGet(43)) - raft.server.log.queue.byte-limit = 2147483647 (custom)
2019-10-15 00:41:45,565 [pool-57-thread-1] INFO  server.RaftServerConfigKeys (ConfUtils.java:logGet(43)) - raft.server.log.preallocated.size = 16384 (custom)
2019-10-15 00:41:45,565 [pool-37-thread-1] INFO  server.RaftServerConfigKeys (ConfUtils.java:logGet(43)) - raft.server.log.segment.size.max = 1048576 (custom)
2019-10-15 00:41:45,565 [pool-57-thread-1] INFO  server.RaftServerConfigKeys (ConfUtils.java:logGet(43)) - raft.server.log.write.buffer.size = 33554432 (custom)
2019-10-15 00:41:45,565 [pool-77-thread-1] INFO  server.RaftServerConfigKeys (ConfUtils.java:logGet(43)) - raft.server.log.queue.element-limit = 1024 (custom)
2019-10-15 00:41:45,565 [pool-57-thread-1] INFO  server.RaftServerConfigKeys (ConfUtils.java:logGet(43)) - raft.server.log.force.sync.num = 128 (default)
2019-10-15 00:41:45,565 [pool-37-thread-1] INFO  server.RaftServerConfigKeys (ConfUtils.java:logGet(43)) - raft.server.log.segment.cache.num.max = 2 (custom)
2019-10-15 00:41:45,566 [pool-57-thread-1] INFO  server.RaftServerConfigKeys (ConfUtils.java:logGet(43)) - raft.server.log.statemachine.data.sync = true (default)
2019-10-15 00:41:45,565 [pool-77-thread-1] INFO  server.RaftServerConfigKeys (ConfUtils.java:logGet(43)) - raft.server.log.segment.size.max = 1048576 (custom)
2019-10-15 00:41:45,566 [pool-57-thread-1] INFO  server.RaftServerConfigKeys (ConfUtils.java:logGet(43)) - raft.server.log.statemachine.data.sync.timeout = 10s (default)
2019-10-15 00:41:45,566 [pool-37-thread-1] INFO  segmented.SegmentedRaftLogWorker (SegmentedRaftLogWorker.java:<init>(173)) - new 88a7d5fa-cc02-424e-979e-9137321ddddd@group-3E7865DF923C-SegmentedRaftLogWorker for RaftStorage:Storage Directory /workdir/hadoop-ozone/integration-test/target/test-dir/MiniOzoneClusterImpl-e538d966-0196-4657-9505-dd1c5b05d6aa/datanode-1/data/ratis/de6286c9-04d1-40ee-8907-3e7865df923c
2019-10-15 00:41:45,566 [pool-57-thread-1] INFO  server.RaftServerConfigKeys (ConfUtils.java:logGet(43)) - raft.server.log.statemachine.data.sync.timeout.retry = -1 (default)
2019-10-15 00:41:45,566 [pool-77-thread-1] INFO  server.RaftServerConfigKeys (ConfUtils.java:logGet(43)) - raft.server.log.preallocated.size = 16384 (custom)
2019-10-15 00:41:45,566 [pool-37-thread-1] INFO  server.RaftServerConfigKeys (ConfUtils.java:logGet(43)) - raft.server.log.queue.byte-limit = 2147483647 (custom)
2019-10-15 00:41:45,567 [pool-57-thread-1] INFO  server.RaftServerConfigKeys (ConfUtils.java:logGet(43)) - raft.server.log.statemachine.data.caching.enabled = true (custom)
2019-10-15 00:41:45,567 [pool-77-thread-1] INFO  server.RaftServerConfigKeys (ConfUtils.java:logGet(43)) - raft.server.log.write.buffer.size = 33554432 (custom)
2019-10-15 00:41:45,567 [pool-37-thread-1] INFO  server.RaftServerConfigKeys (ConfUtils.java:logGet(43)) - raft.server.log.queue.element-limit = 1024 (custom)
2019-10-15 00:41:45,570 [pool-77-thread-1] INFO  server.RaftServerConfigKeys (ConfUtils.java:logGet(43)) - raft.server.log.force.sync.num = 128 (default)
2019-10-15 00:41:45,570 [pool-37-thread-1] INFO  server.RaftServerConfigKeys (ConfUtils.java:logGet(43)) - raft.server.log.segment.size.max = 1048576 (custom)
2019-10-15 00:41:45,570 [pool-57-thread-1] INFO  segmented.SegmentedRaftLogWorker (SegmentedRaftLogWorker.java:lambda$new$0(128)) - b6a7a8d3-8079-4dfa-92cd-d231555e9b27@group-3E7865DF923C-SegmentedRaftLogWorker: flushIndex: setUnconditionally 0 -> -1
2019-10-15 00:41:45,571 [pool-37-thread-1] INFO  server.RaftServerConfigKeys (ConfUtils.java:logGet(43)) - raft.server.log.preallocated.size = 16384 (custom)
2019-10-15 00:41:45,571 [pool-77-thread-1] INFO  server.RaftServerConfigKeys (ConfUtils.java:logGet(43)) - raft.server.log.statemachine.data.sync = true (default)
2019-10-15 00:41:45,571 [pool-37-thread-1] INFO  server.RaftServerConfigKeys (ConfUtils.java:logGet(43)) - raft.server.log.write.buffer.size = 33554432 (custom)
2019-10-15 00:41:45,571 [pool-77-thread-1] INFO  server.RaftServerConfigKeys (ConfUtils.java:logGet(43)) - raft.server.log.statemachine.data.sync.timeout = 10s (default)
2019-10-15 00:41:45,571 [pool-57-thread-1] INFO  server.RaftServerConfigKeys (ConfUtils.java:logGet(43)) - raft.server.snapshot.auto.trigger.enabled = true (custom)
2019-10-15 00:41:45,572 [pool-77-thread-1] INFO  server.RaftServerConfigKeys (ConfUtils.java:logGet(43)) - raft.server.log.statemachine.data.sync.timeout.retry = -1 (default)
2019-10-15 00:41:45,571 [pool-37-thread-1] INFO  server.RaftServerConfigKeys (ConfUtils.java:logGet(43)) - raft.server.log.force.sync.num = 128 (default)
2019-10-15 00:41:45,572 [pool-77-thread-1] INFO  server.RaftServerConfigKeys (ConfUtils.java:logGet(43)) - raft.server.log.statemachine.data.caching.enabled = true (custom)
2019-10-15 00:41:45,572 [pool-57-thread-1] INFO  server.RaftServerConfigKeys (ConfUtils.java:logGet(43)) - raft.server.snapshot.auto.trigger.threshold = 10000 (custom)
2019-10-15 00:41:45,572 [pool-37-thread-1] INFO  server.RaftServerConfigKeys (ConfUtils.java:logGet(43)) - raft.server.log.statemachine.data.sync = true (default)
2019-10-15 00:41:45,572 [pool-57-thread-1] INFO  server.RaftServerConfigKeys (ConfUtils.java:logGet(43)) - raft.server.snapshot.retention.file.num = 5 (custom)
2019-10-15 00:41:45,572 [pool-77-thread-1] INFO  segmented.SegmentedRaftLogWorker (SegmentedRaftLogWorker.java:lambda$new$0(128)) - abc841f7-ccc7-46f2-94a7-38b3b9eaef01@group-3E7865DF923C-SegmentedRaftLogWorker: flushIndex: setUnconditionally 0 -> -1
2019-10-15 00:41:45,572 [pool-37-thread-1] INFO  server.RaftServerConfigKeys (ConfUtils.java:logGet(43)) - raft.server.log.statemachine.data.sync.timeout = 10s (default)
2019-10-15 00:41:45,573 [pool-57-thread-1] INFO  server.RaftServerConfigKeys (ConfUtils.java:logGet(43)) - raft.server.retrycache.expirytime = 600000ms (custom)
2019-10-15 00:41:45,573 [pool-37-thread-1] INFO  server.RaftServerConfigKeys (ConfUtils.java:logGet(43)) - raft.server.log.statemachine.data.sync.timeout.retry = -1 (default)
2019-10-15 00:41:45,573 [pool-77-thread-1] INFO  server.RaftServerConfigKeys (ConfUtils.java:logGet(43)) - raft.server.snapshot.auto.trigger.enabled = true (custom)
2019-10-15 00:41:45,573 [pool-77-thread-1] INFO  server.RaftServerConfigKeys (ConfUtils.java:logGet(43)) - raft.server.snapshot.auto.trigger.threshold = 10000 (custom)
2019-10-15 00:41:45,573 [pool-37-thread-1] INFO  server.RaftServerConfigKeys (ConfUtils.java:logGet(43)) - raft.server.log.statemachine.data.caching.enabled = true (custom)
2019-10-15 00:41:45,573 [pool-77-thread-1] INFO  server.RaftServerConfigKeys (ConfUtils.java:logGet(43)) - raft.server.snapshot.retention.file.num = 5 (custom)
2019-10-15 00:41:45,574 [pool-77-thread-1] INFO  server.RaftServerConfigKeys (ConfUtils.java:logGet(43)) - raft.server.retrycache.expirytime = 600000ms (custom)
2019-10-15 00:41:45,574 [pool-37-thread-1] INFO  segmented.SegmentedRaftLogWorker (SegmentedRaftLogWorker.java:lambda$new$0(128)) - 88a7d5fa-cc02-424e-979e-9137321ddddd@group-3E7865DF923C-SegmentedRaftLogWorker: flushIndex: setUnconditionally 0 -> -1
2019-10-15 00:41:45,574 [pool-37-thread-1] INFO  server.RaftServerConfigKeys (ConfUtils.java:logGet(43)) - raft.server.snapshot.auto.trigger.enabled = true (custom)
2019-10-15 00:41:45,574 [pool-37-thread-1] INFO  server.RaftServerConfigKeys (ConfUtils.java:logGet(43)) - raft.server.snapshot.auto.trigger.threshold = 10000 (custom)
2019-10-15 00:41:45,574 [pool-37-thread-1] INFO  server.RaftServerConfigKeys (ConfUtils.java:logGet(43)) - raft.server.snapshot.retention.file.num = 5 (custom)
2019-10-15 00:41:45,575 [pool-37-thread-1] INFO  server.RaftServerConfigKeys (ConfUtils.java:logGet(43)) - raft.server.retrycache.expirytime = 600000ms (custom)
2019-10-15 00:41:45,578 [pool-77-thread-1] INFO  impl.RaftServerImpl (RaftServerImpl.java:start(181)) - abc841f7-ccc7-46f2-94a7-38b3b9eaef01@group-3E7865DF923C: start as a follower, conf=-1: [88a7d5fa-cc02-424e-979e-9137321ddddd:192.168.164.218:32954, b6a7a8d3-8079-4dfa-92cd-d231555e9b27:192.168.164.218:36375, abc841f7-ccc7-46f2-94a7-38b3b9eaef01:192.168.164.218:46404], old=null
2019-10-15 00:41:45,578 [pool-77-thread-1] INFO  impl.RaftServerImpl (RaftServerImpl.java:setRole(170)) - abc841f7-ccc7-46f2-94a7-38b3b9eaef01@group-3E7865DF923C: changes role from      null to FOLLOWER at term 0 for startAsFollower
2019-10-15 00:41:45,578 [pool-57-thread-1] INFO  impl.RaftServerImpl (RaftServerImpl.java:start(181)) - b6a7a8d3-8079-4dfa-92cd-d231555e9b27@group-3E7865DF923C: start as a follower, conf=-1: [88a7d5fa-cc02-424e-979e-9137321ddddd:192.168.164.218:32954, b6a7a8d3-8079-4dfa-92cd-d231555e9b27:192.168.164.218:36375, abc841f7-ccc7-46f2-94a7-38b3b9eaef01:192.168.164.218:46404], old=null
2019-10-15 00:41:45,578 [pool-77-thread-1] INFO  impl.RoleInfo (RoleInfo.java:updateAndGet(143)) - abc841f7-ccc7-46f2-94a7-38b3b9eaef01: start FollowerState
2019-10-15 00:41:45,579 [pool-57-thread-1] INFO  impl.RaftServerImpl (RaftServerImpl.java:setRole(170)) - b6a7a8d3-8079-4dfa-92cd-d231555e9b27@group-3E7865DF923C: changes role from      null to FOLLOWER at term 0 for startAsFollower
2019-10-15 00:41:45,579 [pool-37-thread-1] INFO  impl.RaftServerImpl (RaftServerImpl.java:start(181)) - 88a7d5fa-cc02-424e-979e-9137321ddddd@group-3E7865DF923C: start as a follower, conf=-1: [88a7d5fa-cc02-424e-979e-9137321ddddd:192.168.164.218:32954, b6a7a8d3-8079-4dfa-92cd-d231555e9b27:192.168.164.218:36375, abc841f7-ccc7-46f2-94a7-38b3b9eaef01:192.168.164.218:46404], old=null
2019-10-15 00:41:45,579 [pool-77-thread-1] INFO  util.JmxRegister (JmxRegister.java:tryRegister(44)) - Successfully registered JMX Bean with object name Ratis:service=RaftServer,group=group-3E7865DF923C,id=abc841f7-ccc7-46f2-94a7-38b3b9eaef01
2019-10-15 00:41:45,579 [pool-57-thread-1] INFO  impl.RoleInfo (RoleInfo.java:updateAndGet(143)) - b6a7a8d3-8079-4dfa-92cd-d231555e9b27: start FollowerState
2019-10-15 00:41:45,579 [pool-37-thread-1] INFO  impl.RaftServerImpl (RaftServerImpl.java:setRole(170)) - 88a7d5fa-cc02-424e-979e-9137321ddddd@group-3E7865DF923C: changes role from      null to FOLLOWER at term 0 for startAsFollower
2019-10-15 00:41:45,580 [pool-37-thread-1] INFO  impl.RoleInfo (RoleInfo.java:updateAndGet(143)) - 88a7d5fa-cc02-424e-979e-9137321ddddd: start FollowerState
2019-10-15 00:41:45,580 [pool-57-thread-1] INFO  util.JmxRegister (JmxRegister.java:tryRegister(44)) - Successfully registered JMX Bean with object name Ratis:service=RaftServer,group=group-3E7865DF923C,id=b6a7a8d3-8079-4dfa-92cd-d231555e9b27
2019-10-15 00:41:45,580 [pool-37-thread-1] INFO  util.JmxRegister (JmxRegister.java:tryRegister(44)) - Successfully registered JMX Bean with object name Ratis:service=RaftServer,group=group-3E7865DF923C,id=88a7d5fa-cc02-424e-979e-9137321ddddd
2019-10-15 00:41:45,592 [RatisPipelineUtilsThread] INFO  pipeline.PipelineStateManager (PipelineStateManager.java:addPipeline(57)) - Created pipeline Pipeline[ Id: de6286c9-04d1-40ee-8907-3e7865df923c, Nodes: b6a7a8d3-8079-4dfa-92cd-d231555e9b27{ip: 192.168.164.218, host: pr-hdds-1868-7bj8h-208101609, networkLocation: /default-rack, certSerialId: null}abc841f7-ccc7-46f2-94a7-38b3b9eaef01{ip: 192.168.164.218, host: pr-hdds-1868-7bj8h-208101609, networkLocation: /default-rack, certSerialId: null}88a7d5fa-cc02-424e-979e-9137321ddddd{ip: 192.168.164.218, host: pr-hdds-1868-7bj8h-208101609, networkLocation: /default-rack, certSerialId: null}, Type:RATIS, Factor:THREE, State:ALLOCATED]
2019-10-15 00:41:45,594 [Thread-238] INFO  pipeline.PipelineStateManager (PipelineStateManager.java:removePipeline(108)) - Pipeline Pipeline[ Id: 8b04f236-66b1-44e3-bee8-917a0143c3b2, Nodes: b6a7a8d3-8079-4dfa-92cd-d231555e9b27{ip: 192.168.164.218, host: pr-hdds-1868-7bj8h-208101609, networkLocation: /default-rack, certSerialId: null}, Type:RATIS, Factor:ONE, State:CLOSED] removed from db
2019-10-15 00:41:45,594 [Thread-238] INFO  pipeline.SCMPipelineManager (SCMPipelineManager.java:finalizeAndDestroyPipeline(315)) - destroying pipeline:Pipeline[ Id: ef061cc6-0f42-4d06-b98e-b647fd23055d, Nodes: abc841f7-ccc7-46f2-94a7-38b3b9eaef01{ip: 192.168.164.218, host: pr-hdds-1868-7bj8h-208101609, networkLocation: /default-rack, certSerialId: null}, Type:RATIS, Factor:ONE, State:ALLOCATED]
2019-10-15 00:41:45,596 [Thread-238] INFO  pipeline.PipelineStateManager (PipelineStateManager.java:finalizePipeline(123)) - Pipeline Pipeline[ Id: ef061cc6-0f42-4d06-b98e-b647fd23055d, Nodes: abc841f7-ccc7-46f2-94a7-38b3b9eaef01{ip: 192.168.164.218, host: pr-hdds-1868-7bj8h-208101609, networkLocation: /default-rack, certSerialId: null}, Type:RATIS, Factor:ONE, State:CLOSED] moved to CLOSED state
2019-10-15 00:41:45,606 [grpc-default-executor-1] INFO  impl.RaftServerProxy (RaftServerProxy.java:remove(95)) - abc841f7-ccc7-46f2-94a7-38b3b9eaef01: remove  FOLLOWER abc841f7-ccc7-46f2-94a7-38b3b9eaef01@group-B647FD23055D:t0, leader=null, voted=null, raftlog=abc841f7-ccc7-46f2-94a7-38b3b9eaef01@group-B647FD23055D-SegmentedRaftLog:OPENED:c-1,f-1,i0, conf=-1: [abc841f7-ccc7-46f2-94a7-38b3b9eaef01:192.168.164.218:46404], old=null RUNNING
2019-10-15 00:41:45,607 [grpc-default-executor-1] INFO  impl.RaftServerImpl (RaftServerImpl.java:lambda$shutdown$3(247)) - abc841f7-ccc7-46f2-94a7-38b3b9eaef01@group-B647FD23055D: shutdown
2019-10-15 00:41:45,608 [grpc-default-executor-1] INFO  util.JmxRegister (JmxRegister.java:unregister(73)) - Successfully un-registered JMX Bean with object name Ratis:service=RaftServer,group=group-B647FD23055D,id=abc841f7-ccc7-46f2-94a7-38b3b9eaef01
2019-10-15 00:41:45,608 [grpc-default-executor-1] INFO  impl.RoleInfo (RoleInfo.java:shutdownFollowerState(121)) - abc841f7-ccc7-46f2-94a7-38b3b9eaef01: shutdown FollowerState
2019-10-15 00:41:45,608 [grpc-default-executor-1] INFO  impl.StateMachineUpdater (StateMachineUpdater.java:stopAndJoin(136)) - abc841f7-ccc7-46f2-94a7-38b3b9eaef01@group-B647FD23055D-StateMachineUpdater: set stopIndex = -1
2019-10-15 00:41:45,608 [Thread-246] INFO  impl.FollowerState (FollowerState.java:run(117)) - abc841f7-ccc7-46f2-94a7-38b3b9eaef01@group-B647FD23055D-FollowerState was interrupted: java.lang.InterruptedException: sleep interrupted
2019-10-15 00:41:45,609 [grpc-default-executor-1] INFO  impl.RaftServerImpl (ServerState.java:close(387)) - abc841f7-ccc7-46f2-94a7-38b3b9eaef01@group-B647FD23055D: closes. applyIndex: -1
2019-10-15 00:41:45,610 [abc841f7-ccc7-46f2-94a7-38b3b9eaef01@group-B647FD23055D-SegmentedRaftLogWorker] INFO  segmented.SegmentedRaftLogWorker (SegmentedRaftLogWorker.java:run(316)) - abc841f7-ccc7-46f2-94a7-38b3b9eaef01@group-B647FD23055D-SegmentedRaftLogWorker was interrupted, exiting. There are 0 tasks remaining in the queue.
2019-10-15 00:41:45,611 [grpc-default-executor-1] INFO  segmented.SegmentedRaftLogWorker (SegmentedRaftLogWorker.java:close(224)) - abc841f7-ccc7-46f2-94a7-38b3b9eaef01@group-B647FD23055D-SegmentedRaftLogWorker close()
2019-10-15 00:41:45,618 [Thread-238] INFO  pipeline.PipelineStateManager (PipelineStateManager.java:removePipeline(108)) - Pipeline Pipeline[ Id: ef061cc6-0f42-4d06-b98e-b647fd23055d, Nodes: abc841f7-ccc7-46f2-94a7-38b3b9eaef01{ip: 192.168.164.218, host: pr-hdds-1868-7bj8h-208101609, networkLocation: /default-rack, certSerialId: null}, Type:RATIS, Factor:ONE, State:CLOSED] removed from db
2019-10-15 00:41:45,618 [Thread-238] INFO  pipeline.SCMPipelineManager (SCMPipelineManager.java:finalizeAndDestroyPipeline(315)) - destroying pipeline:Pipeline[ Id: adb0a296-a25a-4c41-b1f3-ebb09b637c59, Nodes: c6075369-1c86-4712-9082-dc56af3ba339{ip: 192.168.164.218, host: pr-hdds-1868-7bj8h-208101609, networkLocation: /default-rack, certSerialId: null}, Type:RATIS, Factor:ONE, State:ALLOCATED]
2019-10-15 00:41:45,626 [grpc-default-executor-1] INFO  impl.RaftServerProxy (RaftServerProxy.java:addNew(89)) - abc841f7-ccc7-46f2-94a7-38b3b9eaef01: addNew group-809752E5D0C8:[abc841f7-ccc7-46f2-94a7-38b3b9eaef01:192.168.164.218:46404] returns group-809752E5D0C8:java.util.concurrent.CompletableFuture@633c6953[Not completed]
2019-10-15 00:41:45,627 [pool-77-thread-1] INFO  impl.RaftServerImpl (RaftServerImpl.java:<init>(95)) - abc841f7-ccc7-46f2-94a7-38b3b9eaef01: new RaftServerImpl for group-809752E5D0C8:[abc841f7-ccc7-46f2-94a7-38b3b9eaef01:192.168.164.218:46404] with ContainerStateMachine:uninitialized
2019-10-15 00:41:45,627 [pool-77-thread-1] INFO  server.RaftServerConfigKeys (ConfUtils.java:logGet(43)) - raft.server.rpc.timeout.min = 5s (custom)
2019-10-15 00:41:45,628 [pool-77-thread-1] INFO  server.RaftServerConfigKeys (ConfUtils.java:logGet(43)) - raft.server.rpc.timeout.max = 5200ms (custom)
2019-10-15 00:41:45,628 [pool-77-thread-1] INFO  server.RaftServerConfigKeys (ConfUtils.java:logGet(43)) - raft.server.rpcslowness.timeout = 120s (custom)
2019-10-15 00:41:45,628 [pool-77-thread-1] INFO  server.RaftServerConfigKeys (ConfUtils.java:logGet(43)) - raft.server.sleep.deviation.threshold = 300 (default)
2019-10-15 00:41:45,628 [pool-77-thread-1] INFO  server.RaftServerConfigKeys (ConfUtils.java:logGet(43)) - raft.server.log.appender.install.snapshot.enabled = false (custom)
2019-10-15 00:41:45,628 [pool-77-thread-1] INFO  impl.RaftServerImpl (ServerState.java:<init>(103)) - abc841f7-ccc7-46f2-94a7-38b3b9eaef01@group-809752E5D0C8: ConfigurationManager, init=-1: [abc841f7-ccc7-46f2-94a7-38b3b9eaef01:192.168.164.218:46404], old=null, confs=<EMPTY_MAP>
2019-10-15 00:41:45,628 [pool-77-thread-1] INFO  server.RaftServerConfigKeys (ConfUtils.java:logGet(43)) - raft.server.storage.dir = [/workdir/hadoop-ozone/integration-test/target/test-dir/MiniOzoneClusterImpl-e538d966-0196-4657-9505-dd1c5b05d6aa/datanode-5/data/ratis] (custom)
2019-10-15 00:41:45,628 [pool-77-thread-1] INFO  server.RaftServerConfigKeys (ConfUtils.java:logGet(43)) - raft.server.log.corruption.policy = EXCEPTION (default)
2019-10-15 00:41:45,629 [pool-77-thread-1] INFO  storage.RaftStorageDirectory (RaftStorageDirectory.java:analyzeStorage(246)) - The storage directory /workdir/hadoop-ozone/integration-test/target/test-dir/MiniOzoneClusterImpl-e538d966-0196-4657-9505-dd1c5b05d6aa/datanode-5/data/ratis/feed93c2-b3c5-410e-aa38-809752e5d0c8 does not exist. Creating ...
2019-10-15 00:41:45,653 [pool-77-thread-1] INFO  storage.RaftStorageDirectory (RaftStorageDirectory.java:tryLock(328)) - Lock on /workdir/hadoop-ozone/integration-test/target/test-dir/MiniOzoneClusterImpl-e538d966-0196-4657-9505-dd1c5b05d6aa/datanode-5/data/ratis/feed93c2-b3c5-410e-aa38-809752e5d0c8/in_use.lock acquired by nodename 5159@pr-hdds-1868-7bj8h-208101609
2019-10-15 00:41:45,678 [pool-77-thread-1] INFO  storage.RaftStorage (RaftStorage.java:format(84)) - Storage directory /workdir/hadoop-ozone/integration-test/target/test-dir/MiniOzoneClusterImpl-e538d966-0196-4657-9505-dd1c5b05d6aa/datanode-5/data/ratis/feed93c2-b3c5-410e-aa38-809752e5d0c8 has been successfully formatted.
2019-10-15 00:41:45,679 [pool-77-thread-1] INFO  ratis.ContainerStateMachine (ContainerStateMachine.java:loadSnapshot(233)) - group-809752E5D0C8: The snapshot info is null. Setting the last applied indexto:(t:0, i:~)
2019-10-15 00:41:45,679 [pool-77-thread-1] INFO  server.RaftServerConfigKeys (ConfUtils.java:logGet(43)) - raft.server.notification.no-leader.timeout = 120s (custom)
2019-10-15 00:41:45,679 [pool-77-thread-1] INFO  server.RaftServerConfigKeys (ConfUtils.java:logGet(43)) - raft.server.log.use.memory = false (default)
2019-10-15 00:41:45,679 [pool-77-thread-1] INFO  server.RaftServerConfigKeys (ConfUtils.java:logGet(43)) - raft.server.log.purge.gap = 1000000 (custom)
2019-10-15 00:41:45,679 [pool-77-thread-1] INFO  server.RaftServerConfigKeys (ConfUtils.java:logGet(43)) - raft.server.log.appender.buffer.byte-limit = 33554432 (custom)
2019-10-15 00:41:45,679 [pool-77-thread-1] INFO  server.RaftServerConfigKeys (ConfUtils.java:logGet(43)) - raft.server.log.segment.size.max = 1048576 (custom)
2019-10-15 00:41:45,680 [pool-77-thread-1] INFO  server.RaftServerConfigKeys (ConfUtils.java:logGet(43)) - raft.server.log.segment.cache.num.max = 2 (custom)
2019-10-15 00:41:45,680 [pool-77-thread-1] INFO  segmented.SegmentedRaftLogWorker (SegmentedRaftLogWorker.java:<init>(173)) - new abc841f7-ccc7-46f2-94a7-38b3b9eaef01@group-809752E5D0C8-SegmentedRaftLogWorker for RaftStorage:Storage Directory /workdir/hadoop-ozone/integration-test/target/test-dir/MiniOzoneClusterImpl-e538d966-0196-4657-9505-dd1c5b05d6aa/datanode-5/data/ratis/feed93c2-b3c5-410e-aa38-809752e5d0c8
2019-10-15 00:41:45,680 [pool-77-thread-1] INFO  server.RaftServerConfigKeys (ConfUtils.java:logGet(43)) - raft.server.log.queue.byte-limit = 2147483647 (custom)
2019-10-15 00:41:45,680 [pool-77-thread-1] INFO  server.RaftServerConfigKeys (ConfUtils.java:logGet(43)) - raft.server.log.queue.element-limit = 1024 (custom)
2019-10-15 00:41:45,680 [pool-77-thread-1] INFO  server.RaftServerConfigKeys (ConfUtils.java:logGet(43)) - raft.server.log.segment.size.max = 1048576 (custom)
2019-10-15 00:41:45,680 [pool-77-thread-1] INFO  server.RaftServerConfigKeys (ConfUtils.java:logGet(43)) - raft.server.log.preallocated.size = 16384 (custom)
2019-10-15 00:41:45,680 [pool-77-thread-1] INFO  server.RaftServerConfigKeys (ConfUtils.java:logGet(43)) - raft.server.log.write.buffer.size = 33554432 (custom)
2019-10-15 00:41:45,680 [pool-77-thread-1] INFO  server.RaftServerConfigKeys (ConfUtils.java:logGet(43)) - raft.server.log.force.sync.num = 128 (default)
2019-10-15 00:41:45,681 [pool-77-thread-1] INFO  server.RaftServerConfigKeys (ConfUtils.java:logGet(43)) - raft.server.log.statemachine.data.sync = true (default)
2019-10-15 00:41:45,681 [pool-77-thread-1] INFO  server.RaftServerConfigKeys (ConfUtils.java:logGet(43)) - raft.server.log.statemachine.data.sync.timeout = 10s (default)
2019-10-15 00:41:45,681 [pool-77-thread-1] INFO  server.RaftServerConfigKeys (ConfUtils.java:logGet(43)) - raft.server.log.statemachine.data.sync.timeout.retry = -1 (default)
2019-10-15 00:41:45,681 [pool-77-thread-1] INFO  server.RaftServerConfigKeys (ConfUtils.java:logGet(43)) - raft.server.log.statemachine.data.caching.enabled = true (custom)
2019-10-15 00:41:45,681 [pool-77-thread-1] INFO  segmented.SegmentedRaftLogWorker (SegmentedRaftLogWorker.java:lambda$new$0(128)) - abc841f7-ccc7-46f2-94a7-38b3b9eaef01@group-809752E5D0C8-SegmentedRaftLogWorker: flushIndex: setUnconditionally 0 -> -1
2019-10-15 00:41:45,682 [pool-77-thread-1] INFO  server.RaftServerConfigKeys (ConfUtils.java:logGet(43)) - raft.server.snapshot.auto.trigger.enabled = true (custom)
2019-10-15 00:41:45,682 [pool-77-thread-1] INFO  server.RaftServerConfigKeys (ConfUtils.java:logGet(43)) - raft.server.snapshot.auto.trigger.threshold = 10000 (custom)
2019-10-15 00:41:45,682 [pool-77-thread-1] INFO  server.RaftServerConfigKeys (ConfUtils.java:logGet(43)) - raft.server.snapshot.retention.file.num = 5 (custom)
2019-10-15 00:41:45,682 [pool-77-thread-1] INFO  server.RaftServerConfigKeys (ConfUtils.java:logGet(43)) - raft.server.retrycache.expirytime = 600000ms (custom)
2019-10-15 00:41:45,684 [pool-77-thread-1] INFO  impl.RaftServerImpl (RaftServerImpl.java:start(181)) - abc841f7-ccc7-46f2-94a7-38b3b9eaef01@group-809752E5D0C8: start as a follower, conf=-1: [abc841f7-ccc7-46f2-94a7-38b3b9eaef01:192.168.164.218:46404], old=null
2019-10-15 00:41:45,684 [pool-77-thread-1] INFO  impl.RaftServerImpl (RaftServerImpl.java:setRole(170)) - abc841f7-ccc7-46f2-94a7-38b3b9eaef01@group-809752E5D0C8: changes role from      null to FOLLOWER at term 0 for startAsFollower
2019-10-15 00:41:45,684 [pool-77-thread-1] INFO  impl.RoleInfo (RoleInfo.java:updateAndGet(143)) - abc841f7-ccc7-46f2-94a7-38b3b9eaef01: start FollowerState
2019-10-15 00:41:45,756 [pool-77-thread-1] INFO  util.JmxRegister (JmxRegister.java:tryRegister(44)) - Successfully registered JMX Bean with object name Ratis:service=RaftServer,group=group-809752E5D0C8,id=abc841f7-ccc7-46f2-94a7-38b3b9eaef01
2019-10-15 00:41:45,819 [RatisPipelineUtilsThread] INFO  pipeline.PipelineStateManager (PipelineStateManager.java:addPipeline(57)) - Created pipeline Pipeline[ Id: feed93c2-b3c5-410e-aa38-809752e5d0c8, Nodes: abc841f7-ccc7-46f2-94a7-38b3b9eaef01{ip: 192.168.164.218, host: pr-hdds-1868-7bj8h-208101609, networkLocation: /default-rack, certSerialId: null}, Type:RATIS, Factor:ONE, State:ALLOCATED]
2019-10-15 00:41:45,821 [Thread-238] INFO  pipeline.PipelineStateManager (PipelineStateManager.java:finalizePipeline(123)) - Pipeline Pipeline[ Id: adb0a296-a25a-4c41-b1f3-ebb09b637c59, Nodes: c6075369-1c86-4712-9082-dc56af3ba339{ip: 192.168.164.218, host: pr-hdds-1868-7bj8h-208101609, networkLocation: /default-rack, certSerialId: null}, Type:RATIS, Factor:ONE, State:CLOSED] moved to CLOSED state
2019-10-15 00:41:45,834 [grpc-default-executor-1] INFO  impl.RaftServerProxy (RaftServerProxy.java:remove(95)) - c6075369-1c86-4712-9082-dc56af3ba339: remove  FOLLOWER c6075369-1c86-4712-9082-dc56af3ba339@group-EBB09B637C59:t0, leader=null, voted=null, raftlog=c6075369-1c86-4712-9082-dc56af3ba339@group-EBB09B637C59-SegmentedRaftLog:OPENED:c-1,f-1,i0, conf=-1: [c6075369-1c86-4712-9082-dc56af3ba339:192.168.164.218:34070], old=null RUNNING
2019-10-15 00:41:45,834 [grpc-default-executor-1] INFO  impl.RaftServerImpl (RaftServerImpl.java:lambda$shutdown$3(247)) - c6075369-1c86-4712-9082-dc56af3ba339@group-EBB09B637C59: shutdown
2019-10-15 00:41:45,834 [grpc-default-executor-1] INFO  util.JmxRegister (JmxRegister.java:unregister(73)) - Successfully un-registered JMX Bean with object name Ratis:service=RaftServer,group=group-EBB09B637C59,id=c6075369-1c86-4712-9082-dc56af3ba339
2019-10-15 00:41:45,835 [grpc-default-executor-1] INFO  impl.RoleInfo (RoleInfo.java:shutdownFollowerState(121)) - c6075369-1c86-4712-9082-dc56af3ba339: shutdown FollowerState
2019-10-15 00:41:45,835 [grpc-default-executor-1] INFO  impl.StateMachineUpdater (StateMachineUpdater.java:stopAndJoin(136)) - c6075369-1c86-4712-9082-dc56af3ba339@group-EBB09B637C59-StateMachineUpdater: set stopIndex = -1
2019-10-15 00:41:45,835 [Thread-258] INFO  impl.FollowerState (FollowerState.java:run(117)) - c6075369-1c86-4712-9082-dc56af3ba339@group-EBB09B637C59-FollowerState was interrupted: java.lang.InterruptedException: sleep interrupted
2019-10-15 00:41:45,837 [grpc-default-executor-1] INFO  impl.RaftServerImpl (ServerState.java:close(387)) - c6075369-1c86-4712-9082-dc56af3ba339@group-EBB09B637C59: closes. applyIndex: -1
2019-10-15 00:41:45,838 [c6075369-1c86-4712-9082-dc56af3ba339@group-EBB09B637C59-SegmentedRaftLogWorker] INFO  segmented.SegmentedRaftLogWorker (SegmentedRaftLogWorker.java:run(316)) - c6075369-1c86-4712-9082-dc56af3ba339@group-EBB09B637C59-SegmentedRaftLogWorker was interrupted, exiting. There are 0 tasks remaining in the queue.
2019-10-15 00:41:45,839 [grpc-default-executor-1] INFO  segmented.SegmentedRaftLogWorker (SegmentedRaftLogWorker.java:close(224)) - c6075369-1c86-4712-9082-dc56af3ba339@group-EBB09B637C59-SegmentedRaftLogWorker close()
2019-10-15 00:41:45,846 [Thread-238] INFO  pipeline.PipelineStateManager (PipelineStateManager.java:removePipeline(108)) - Pipeline Pipeline[ Id: adb0a296-a25a-4c41-b1f3-ebb09b637c59, Nodes: c6075369-1c86-4712-9082-dc56af3ba339{ip: 192.168.164.218, host: pr-hdds-1868-7bj8h-208101609, networkLocation: /default-rack, certSerialId: null}, Type:RATIS, Factor:ONE, State:CLOSED] removed from db
2019-10-15 00:41:45,847 [Thread-238] INFO  pipeline.SCMPipelineManager (SCMPipelineManager.java:finalizeAndDestroyPipeline(315)) - destroying pipeline:Pipeline[ Id: 5e9b9f21-ef1d-49c1-a2dd-f9456cf95da2, Nodes: 88a7d5fa-cc02-424e-979e-9137321ddddd{ip: 192.168.164.218, host: pr-hdds-1868-7bj8h-208101609, networkLocation: /default-rack, certSerialId: null}, Type:RATIS, Factor:ONE, State:ALLOCATED]
2019-10-15 00:41:45,856 [grpc-default-executor-1] INFO  impl.RaftServerProxy (RaftServerProxy.java:addNew(89)) - c6075369-1c86-4712-9082-dc56af3ba339: addNew group-7B7301C5C746:[c6075369-1c86-4712-9082-dc56af3ba339:192.168.164.218:34070] returns group-7B7301C5C746:java.util.concurrent.CompletableFuture@41e712dc[Not completed]
2019-10-15 00:41:45,857 [pool-47-thread-1] INFO  impl.RaftServerImpl (RaftServerImpl.java:<init>(95)) - c6075369-1c86-4712-9082-dc56af3ba339: new RaftServerImpl for group-7B7301C5C746:[c6075369-1c86-4712-9082-dc56af3ba339:192.168.164.218:34070] with ContainerStateMachine:uninitialized
2019-10-15 00:41:45,857 [pool-47-thread-1] INFO  server.RaftServerConfigKeys (ConfUtils.java:logGet(43)) - raft.server.rpc.timeout.min = 5s (custom)
2019-10-15 00:41:45,857 [pool-47-thread-1] INFO  server.RaftServerConfigKeys (ConfUtils.java:logGet(43)) - raft.server.rpc.timeout.max = 5200ms (custom)
2019-10-15 00:41:45,857 [pool-47-thread-1] INFO  server.RaftServerConfigKeys (ConfUtils.java:logGet(43)) - raft.server.rpcslowness.timeout = 120s (custom)
2019-10-15 00:41:45,857 [pool-47-thread-1] INFO  server.RaftServerConfigKeys (ConfUtils.java:logGet(43)) - raft.server.sleep.deviation.threshold = 300 (default)
2019-10-15 00:41:45,858 [pool-47-thread-1] INFO  server.RaftServerConfigKeys (ConfUtils.java:logGet(43)) - raft.server.log.appender.install.snapshot.enabled = false (custom)
2019-10-15 00:41:45,858 [pool-47-thread-1] INFO  impl.RaftServerImpl (ServerState.java:<init>(103)) - c6075369-1c86-4712-9082-dc56af3ba339@group-7B7301C5C746: ConfigurationManager, init=-1: [c6075369-1c86-4712-9082-dc56af3ba339:192.168.164.218:34070], old=null, confs=<EMPTY_MAP>
2019-10-15 00:41:45,858 [pool-47-thread-1] INFO  server.RaftServerConfigKeys (ConfUtils.java:logGet(43)) - raft.server.storage.dir = [/workdir/hadoop-ozone/integration-test/target/test-dir/MiniOzoneClusterImpl-e538d966-0196-4657-9505-dd1c5b05d6aa/datanode-2/data/ratis] (custom)
2019-10-15 00:41:45,858 [pool-47-thread-1] INFO  server.RaftServerConfigKeys (ConfUtils.java:logGet(43)) - raft.server.log.corruption.policy = EXCEPTION (default)
2019-10-15 00:41:45,858 [pool-47-thread-1] INFO  storage.RaftStorageDirectory (RaftStorageDirectory.java:analyzeStorage(246)) - The storage directory /workdir/hadoop-ozone/integration-test/target/test-dir/MiniOzoneClusterImpl-e538d966-0196-4657-9505-dd1c5b05d6aa/datanode-2/data/ratis/78a7c782-4dbd-4793-8b48-7b7301c5c746 does not exist. Creating ...
2019-10-15 00:41:45,887 [pool-47-thread-1] INFO  storage.RaftStorageDirectory (RaftStorageDirectory.java:tryLock(328)) - Lock on /workdir/hadoop-ozone/integration-test/target/test-dir/MiniOzoneClusterImpl-e538d966-0196-4657-9505-dd1c5b05d6aa/datanode-2/data/ratis/78a7c782-4dbd-4793-8b48-7b7301c5c746/in_use.lock acquired by nodename 5159@pr-hdds-1868-7bj8h-208101609
2019-10-15 00:41:45,913 [pool-47-thread-1] INFO  storage.RaftStorage (RaftStorage.java:format(84)) - Storage directory /workdir/hadoop-ozone/integration-test/target/test-dir/MiniOzoneClusterImpl-e538d966-0196-4657-9505-dd1c5b05d6aa/datanode-2/data/ratis/78a7c782-4dbd-4793-8b48-7b7301c5c746 has been successfully formatted.
2019-10-15 00:41:45,913 [pool-47-thread-1] INFO  ratis.ContainerStateMachine (ContainerStateMachine.java:loadSnapshot(233)) - group-7B7301C5C746: The snapshot info is null. Setting the last applied indexto:(t:0, i:~)
2019-10-15 00:41:45,913 [pool-47-thread-1] INFO  server.RaftServerConfigKeys (ConfUtils.java:logGet(43)) - raft.server.notification.no-leader.timeout = 120s (custom)
2019-10-15 00:41:45,913 [pool-47-thread-1] INFO  server.RaftServerConfigKeys (ConfUtils.java:logGet(43)) - raft.server.log.use.memory = false (default)
2019-10-15 00:41:45,913 [pool-47-thread-1] INFO  server.RaftServerConfigKeys (ConfUtils.java:logGet(43)) - raft.server.log.purge.gap = 1000000 (custom)
2019-10-15 00:41:45,914 [pool-47-thread-1] INFO  server.RaftServerConfigKeys (ConfUtils.java:logGet(43)) - raft.server.log.appender.buffer.byte-limit = 33554432 (custom)
2019-10-15 00:41:45,914 [pool-47-thread-1] INFO  server.RaftServerConfigKeys (ConfUtils.java:logGet(43)) - raft.server.log.segment.size.max = 1048576 (custom)
2019-10-15 00:41:45,914 [pool-47-thread-1] INFO  server.RaftServerConfigKeys (ConfUtils.java:logGet(43)) - raft.server.log.segment.cache.num.max = 2 (custom)
2019-10-15 00:41:45,914 [pool-47-thread-1] INFO  segmented.SegmentedRaftLogWorker (SegmentedRaftLogWorker.java:<init>(173)) - new c6075369-1c86-4712-9082-dc56af3ba339@group-7B7301C5C746-SegmentedRaftLogWorker for RaftStorage:Storage Directory /workdir/hadoop-ozone/integration-test/target/test-dir/MiniOzoneClusterImpl-e538d966-0196-4657-9505-dd1c5b05d6aa/datanode-2/data/ratis/78a7c782-4dbd-4793-8b48-7b7301c5c746
2019-10-15 00:41:45,915 [pool-47-thread-1] INFO  server.RaftServerConfigKeys (ConfUtils.java:logGet(43)) - raft.server.log.queue.byte-limit = 2147483647 (custom)
2019-10-15 00:41:45,915 [pool-47-thread-1] INFO  server.RaftServerConfigKeys (ConfUtils.java:logGet(43)) - raft.server.log.queue.element-limit = 1024 (custom)
2019-10-15 00:41:45,915 [pool-47-thread-1] INFO  server.RaftServerConfigKeys (ConfUtils.java:logGet(43)) - raft.server.log.segment.size.max = 1048576 (custom)
2019-10-15 00:41:45,916 [pool-47-thread-1] INFO  server.RaftServerConfigKeys (ConfUtils.java:logGet(43)) - raft.server.log.preallocated.size = 16384 (custom)
2019-10-15 00:41:45,916 [pool-47-thread-1] INFO  server.RaftServerConfigKeys (ConfUtils.java:logGet(43)) - raft.server.log.write.buffer.size = 33554432 (custom)
2019-10-15 00:41:45,916 [pool-47-thread-1] INFO  server.RaftServerConfigKeys (ConfUtils.java:logGet(43)) - raft.server.log.force.sync.num = 128 (default)
2019-10-15 00:41:45,917 [pool-47-thread-1] INFO  server.RaftServerConfigKeys (ConfUtils.java:logGet(43)) - raft.server.log.statemachine.data.sync = true (default)
2019-10-15 00:41:45,917 [pool-47-thread-1] INFO  server.RaftServerConfigKeys (ConfUtils.java:logGet(43)) - raft.server.log.statemachine.data.sync.timeout = 10s (default)
2019-10-15 00:41:45,917 [pool-47-thread-1] INFO  server.RaftServerConfigKeys (ConfUtils.java:logGet(43)) - raft.server.log.statemachine.data.sync.timeout.retry = -1 (default)
2019-10-15 00:41:45,918 [pool-47-thread-1] INFO  server.RaftServerConfigKeys (ConfUtils.java:logGet(43)) - raft.server.log.statemachine.data.caching.enabled = true (custom)
2019-10-15 00:41:45,918 [pool-47-thread-1] INFO  segmented.SegmentedRaftLogWorker (SegmentedRaftLogWorker.java:lambda$new$0(128)) - c6075369-1c86-4712-9082-dc56af3ba339@group-7B7301C5C746-SegmentedRaftLogWorker: flushIndex: setUnconditionally 0 -> -1
2019-10-15 00:41:45,922 [pool-47-thread-1] INFO  server.RaftServerConfigKeys (ConfUtils.java:logGet(43)) - raft.server.snapshot.auto.trigger.enabled = true (custom)
2019-10-15 00:41:45,922 [pool-47-thread-1] INFO  server.RaftServerConfigKeys (ConfUtils.java:logGet(43)) - raft.server.snapshot.auto.trigger.threshold = 10000 (custom)
2019-10-15 00:41:45,923 [pool-47-thread-1] INFO  server.RaftServerConfigKeys (ConfUtils.java:logGet(43)) - raft.server.snapshot.retention.file.num = 5 (custom)
2019-10-15 00:41:45,923 [pool-47-thread-1] INFO  server.RaftServerConfigKeys (ConfUtils.java:logGet(43)) - raft.server.retrycache.expirytime = 600000ms (custom)
2019-10-15 00:41:45,926 [pool-47-thread-1] INFO  impl.RaftServerImpl (RaftServerImpl.java:start(181)) - c6075369-1c86-4712-9082-dc56af3ba339@group-7B7301C5C746: start as a follower, conf=-1: [c6075369-1c86-4712-9082-dc56af3ba339:192.168.164.218:34070], old=null
2019-10-15 00:41:45,927 [pool-47-thread-1] INFO  impl.RaftServerImpl (RaftServerImpl.java:setRole(170)) - c6075369-1c86-4712-9082-dc56af3ba339@group-7B7301C5C746: changes role from      null to FOLLOWER at term 0 for startAsFollower
2019-10-15 00:41:45,927 [pool-47-thread-1] INFO  impl.RoleInfo (RoleInfo.java:updateAndGet(143)) - c6075369-1c86-4712-9082-dc56af3ba339: start FollowerState
2019-10-15 00:41:45,927 [pool-47-thread-1] INFO  util.JmxRegister (JmxRegister.java:tryRegister(44)) - Successfully registered JMX Bean with object name Ratis:service=RaftServer,group=group-7B7301C5C746,id=c6075369-1c86-4712-9082-dc56af3ba339
2019-10-15 00:41:45,937 [RatisPipelineUtilsThread] INFO  pipeline.PipelineStateManager (PipelineStateManager.java:addPipeline(57)) - Created pipeline Pipeline[ Id: 78a7c782-4dbd-4793-8b48-7b7301c5c746, Nodes: c6075369-1c86-4712-9082-dc56af3ba339{ip: 192.168.164.218, host: pr-hdds-1868-7bj8h-208101609, networkLocation: /default-rack, certSerialId: null}, Type:RATIS, Factor:ONE, State:ALLOCATED]
2019-10-15 00:41:45,940 [Thread-238] INFO  pipeline.PipelineStateManager (PipelineStateManager.java:finalizePipeline(123)) - Pipeline Pipeline[ Id: 5e9b9f21-ef1d-49c1-a2dd-f9456cf95da2, Nodes: 88a7d5fa-cc02-424e-979e-9137321ddddd{ip: 192.168.164.218, host: pr-hdds-1868-7bj8h-208101609, networkLocation: /default-rack, certSerialId: null}, Type:RATIS, Factor:ONE, State:CLOSED] moved to CLOSED state
2019-10-15 00:41:45,951 [grpc-default-executor-1] INFO  impl.RaftServerProxy (RaftServerProxy.java:remove(95)) - 88a7d5fa-cc02-424e-979e-9137321ddddd: remove  FOLLOWER 88a7d5fa-cc02-424e-979e-9137321ddddd@group-F9456CF95DA2:t0, leader=null, voted=null, raftlog=88a7d5fa-cc02-424e-979e-9137321ddddd@group-F9456CF95DA2-SegmentedRaftLog:OPENED:c-1,f-1,i0, conf=-1: [88a7d5fa-cc02-424e-979e-9137321ddddd:192.168.164.218:32954], old=null RUNNING
2019-10-15 00:41:45,951 [grpc-default-executor-1] INFO  impl.RaftServerImpl (RaftServerImpl.java:lambda$shutdown$3(247)) - 88a7d5fa-cc02-424e-979e-9137321ddddd@group-F9456CF95DA2: shutdown
2019-10-15 00:41:45,952 [grpc-default-executor-1] INFO  util.JmxRegister (JmxRegister.java:unregister(73)) - Successfully un-registered JMX Bean with object name Ratis:service=RaftServer,group=group-F9456CF95DA2,id=88a7d5fa-cc02-424e-979e-9137321ddddd
2019-10-15 00:41:45,952 [grpc-default-executor-1] INFO  impl.RoleInfo (RoleInfo.java:shutdownFollowerState(121)) - 88a7d5fa-cc02-424e-979e-9137321ddddd: shutdown FollowerState
2019-10-15 00:41:45,952 [grpc-default-executor-1] INFO  impl.StateMachineUpdater (StateMachineUpdater.java:stopAndJoin(136)) - 88a7d5fa-cc02-424e-979e-9137321ddddd@group-F9456CF95DA2-StateMachineUpdater: set stopIndex = -1
2019-10-15 00:41:45,952 [Thread-249] INFO  impl.FollowerState (FollowerState.java:run(117)) - 88a7d5fa-cc02-424e-979e-9137321ddddd@group-F9456CF95DA2-FollowerState was interrupted: java.lang.InterruptedException: sleep interrupted
2019-10-15 00:41:45,954 [grpc-default-executor-1] INFO  impl.RaftServerImpl (ServerState.java:close(387)) - 88a7d5fa-cc02-424e-979e-9137321ddddd@group-F9456CF95DA2: closes. applyIndex: -1
2019-10-15 00:41:45,956 [88a7d5fa-cc02-424e-979e-9137321ddddd@group-F9456CF95DA2-SegmentedRaftLogWorker] INFO  segmented.SegmentedRaftLogWorker (SegmentedRaftLogWorker.java:run(316)) - 88a7d5fa-cc02-424e-979e-9137321ddddd@group-F9456CF95DA2-SegmentedRaftLogWorker was interrupted, exiting. There are 0 tasks remaining in the queue.
2019-10-15 00:41:45,956 [grpc-default-executor-1] INFO  segmented.SegmentedRaftLogWorker (SegmentedRaftLogWorker.java:close(224)) - 88a7d5fa-cc02-424e-979e-9137321ddddd@group-F9456CF95DA2-SegmentedRaftLogWorker close()
2019-10-15 00:41:45,965 [Thread-238] INFO  pipeline.PipelineStateManager (PipelineStateManager.java:removePipeline(108)) - Pipeline Pipeline[ Id: 5e9b9f21-ef1d-49c1-a2dd-f9456cf95da2, Nodes: 88a7d5fa-cc02-424e-979e-9137321ddddd{ip: 192.168.164.218, host: pr-hdds-1868-7bj8h-208101609, networkLocation: /default-rack, certSerialId: null}, Type:RATIS, Factor:ONE, State:CLOSED] removed from db
2019-10-15 00:41:45,965 [Thread-238] INFO  pipeline.SCMPipelineManager (SCMPipelineManager.java:finalizeAndDestroyPipeline(315)) - destroying pipeline:Pipeline[ Id: 2d89326f-2fc7-4363-8320-13248fd7bd78, Nodes: 35e64544-bc3d-465e-adee-d25b886edeb0{ip: 192.168.164.218, host: pr-hdds-1868-7bj8h-208101609, networkLocation: /default-rack, certSerialId: null}, Type:RATIS, Factor:ONE, State:ALLOCATED]
2019-10-15 00:41:45,984 [grpc-default-executor-1] INFO  impl.RaftServerProxy (RaftServerProxy.java:addNew(89)) - 88a7d5fa-cc02-424e-979e-9137321ddddd: addNew group-BE4B386EAFDC:[88a7d5fa-cc02-424e-979e-9137321ddddd:192.168.164.218:32954] returns group-BE4B386EAFDC:java.util.concurrent.CompletableFuture@8d8b188[Not completed]
2019-10-15 00:41:45,985 [pool-37-thread-1] INFO  impl.RaftServerImpl (RaftServerImpl.java:<init>(95)) - 88a7d5fa-cc02-424e-979e-9137321ddddd: new RaftServerImpl for group-BE4B386EAFDC:[88a7d5fa-cc02-424e-979e-9137321ddddd:192.168.164.218:32954] with ContainerStateMachine:uninitialized
2019-10-15 00:41:45,985 [pool-37-thread-1] INFO  server.RaftServerConfigKeys (ConfUtils.java:logGet(43)) - raft.server.rpc.timeout.min = 5s (custom)
2019-10-15 00:41:45,986 [pool-37-thread-1] INFO  server.RaftServerConfigKeys (ConfUtils.java:logGet(43)) - raft.server.rpc.timeout.max = 5200ms (custom)
2019-10-15 00:41:45,986 [pool-37-thread-1] INFO  server.RaftServerConfigKeys (ConfUtils.java:logGet(43)) - raft.server.rpcslowness.timeout = 120s (custom)
2019-10-15 00:41:45,986 [pool-37-thread-1] INFO  server.RaftServerConfigKeys (ConfUtils.java:logGet(43)) - raft.server.sleep.deviation.threshold = 300 (default)
2019-10-15 00:41:45,986 [pool-37-thread-1] INFO  server.RaftServerConfigKeys (ConfUtils.java:logGet(43)) - raft.server.log.appender.install.snapshot.enabled = false (custom)
2019-10-15 00:41:45,986 [pool-37-thread-1] INFO  impl.RaftServerImpl (ServerState.java:<init>(103)) - 88a7d5fa-cc02-424e-979e-9137321ddddd@group-BE4B386EAFDC: ConfigurationManager, init=-1: [88a7d5fa-cc02-424e-979e-9137321ddddd:192.168.164.218:32954], old=null, confs=<EMPTY_MAP>
2019-10-15 00:41:45,986 [pool-37-thread-1] INFO  server.RaftServerConfigKeys (ConfUtils.java:logGet(43)) - raft.server.storage.dir = [/workdir/hadoop-ozone/integration-test/target/test-dir/MiniOzoneClusterImpl-e538d966-0196-4657-9505-dd1c5b05d6aa/datanode-1/data/ratis] (custom)
2019-10-15 00:41:45,986 [pool-37-thread-1] INFO  server.RaftServerConfigKeys (ConfUtils.java:logGet(43)) - raft.server.log.corruption.policy = EXCEPTION (default)
2019-10-15 00:41:45,987 [pool-37-thread-1] INFO  storage.RaftStorageDirectory (RaftStorageDirectory.java:analyzeStorage(246)) - The storage directory /workdir/hadoop-ozone/integration-test/target/test-dir/MiniOzoneClusterImpl-e538d966-0196-4657-9505-dd1c5b05d6aa/datanode-1/data/ratis/06c450f0-e4e7-41cf-a83e-be4b386eafdc does not exist. Creating ...
2019-10-15 00:41:46,013 [pool-37-thread-1] INFO  storage.RaftStorageDirectory (RaftStorageDirectory.java:tryLock(328)) - Lock on /workdir/hadoop-ozone/integration-test/target/test-dir/MiniOzoneClusterImpl-e538d966-0196-4657-9505-dd1c5b05d6aa/datanode-1/data/ratis/06c450f0-e4e7-41cf-a83e-be4b386eafdc/in_use.lock acquired by nodename 5159@pr-hdds-1868-7bj8h-208101609
2019-10-15 00:41:46,038 [pool-37-thread-1] INFO  storage.RaftStorage (RaftStorage.java:format(84)) - Storage directory /workdir/hadoop-ozone/integration-test/target/test-dir/MiniOzoneClusterImpl-e538d966-0196-4657-9505-dd1c5b05d6aa/datanode-1/data/ratis/06c450f0-e4e7-41cf-a83e-be4b386eafdc has been successfully formatted.
2019-10-15 00:41:46,039 [pool-37-thread-1] INFO  ratis.ContainerStateMachine (ContainerStateMachine.java:loadSnapshot(233)) - group-BE4B386EAFDC: The snapshot info is null. Setting the last applied indexto:(t:0, i:~)
2019-10-15 00:41:46,039 [pool-37-thread-1] INFO  server.RaftServerConfigKeys (ConfUtils.java:logGet(43)) - raft.server.notification.no-leader.timeout = 120s (custom)
2019-10-15 00:41:46,039 [pool-37-thread-1] INFO  server.RaftServerConfigKeys (ConfUtils.java:logGet(43)) - raft.server.log.use.memory = false (default)
2019-10-15 00:41:46,039 [pool-37-thread-1] INFO  server.RaftServerConfigKeys (ConfUtils.java:logGet(43)) - raft.server.log.purge.gap = 1000000 (custom)
2019-10-15 00:41:46,039 [pool-37-thread-1] INFO  server.RaftServerConfigKeys (ConfUtils.java:logGet(43)) - raft.server.log.appender.buffer.byte-limit = 33554432 (custom)
2019-10-15 00:41:46,040 [pool-37-thread-1] INFO  server.RaftServerConfigKeys (ConfUtils.java:logGet(43)) - raft.server.log.segment.size.max = 1048576 (custom)
2019-10-15 00:41:46,040 [pool-37-thread-1] INFO  server.RaftServerConfigKeys (ConfUtils.java:logGet(43)) - raft.server.log.segment.cache.num.max = 2 (custom)
2019-10-15 00:41:46,040 [pool-37-thread-1] INFO  segmented.SegmentedRaftLogWorker (SegmentedRaftLogWorker.java:<init>(173)) - new 88a7d5fa-cc02-424e-979e-9137321ddddd@group-BE4B386EAFDC-SegmentedRaftLogWorker for RaftStorage:Storage Directory /workdir/hadoop-ozone/integration-test/target/test-dir/MiniOzoneClusterImpl-e538d966-0196-4657-9505-dd1c5b05d6aa/datanode-1/data/ratis/06c450f0-e4e7-41cf-a83e-be4b386eafdc
2019-10-15 00:41:46,040 [pool-37-thread-1] INFO  server.RaftServerConfigKeys (ConfUtils.java:logGet(43)) - raft.server.log.queue.byte-limit = 2147483647 (custom)
2019-10-15 00:41:46,040 [pool-37-thread-1] INFO  server.RaftServerConfigKeys (ConfUtils.java:logGet(43)) - raft.server.log.queue.element-limit = 1024 (custom)
2019-10-15 00:41:46,040 [pool-37-thread-1] INFO  server.RaftServerConfigKeys (ConfUtils.java:logGet(43)) - raft.server.log.segment.size.max = 1048576 (custom)
2019-10-15 00:41:46,040 [pool-37-thread-1] INFO  server.RaftServerConfigKeys (ConfUtils.java:logGet(43)) - raft.server.log.preallocated.size = 16384 (custom)
2019-10-15 00:41:46,040 [pool-37-thread-1] INFO  server.RaftServerConfigKeys (ConfUtils.java:logGet(43)) - raft.server.log.write.buffer.size = 33554432 (custom)
2019-10-15 00:41:46,041 [pool-37-thread-1] INFO  server.RaftServerConfigKeys (ConfUtils.java:logGet(43)) - raft.server.log.force.sync.num = 128 (default)
2019-10-15 00:41:46,041 [pool-37-thread-1] INFO  server.RaftServerConfigKeys (ConfUtils.java:logGet(43)) - raft.server.log.statemachine.data.sync = true (default)
2019-10-15 00:41:46,041 [pool-37-thread-1] INFO  server.RaftServerConfigKeys (ConfUtils.java:logGet(43)) - raft.server.log.statemachine.data.sync.timeout = 10s (default)
2019-10-15 00:41:46,041 [pool-37-thread-1] INFO  server.RaftServerConfigKeys (ConfUtils.java:logGet(43)) - raft.server.log.statemachine.data.sync.timeout.retry = -1 (default)
2019-10-15 00:41:46,041 [pool-37-thread-1] INFO  server.RaftServerConfigKeys (ConfUtils.java:logGet(43)) - raft.server.log.statemachine.data.caching.enabled = true (custom)
2019-10-15 00:41:46,041 [pool-37-thread-1] INFO  segmented.SegmentedRaftLogWorker (SegmentedRaftLogWorker.java:lambda$new$0(128)) - 88a7d5fa-cc02-424e-979e-9137321ddddd@group-BE4B386EAFDC-SegmentedRaftLogWorker: flushIndex: setUnconditionally 0 -> -1
2019-10-15 00:41:46,042 [pool-37-thread-1] INFO  server.RaftServerConfigKeys (ConfUtils.java:logGet(43)) - raft.server.snapshot.auto.trigger.enabled = true (custom)
2019-10-15 00:41:46,042 [pool-37-thread-1] INFO  server.RaftServerConfigKeys (ConfUtils.java:logGet(43)) - raft.server.snapshot.auto.trigger.threshold = 10000 (custom)
2019-10-15 00:41:46,042 [pool-37-thread-1] INFO  server.RaftServerConfigKeys (ConfUtils.java:logGet(43)) - raft.server.snapshot.retention.file.num = 5 (custom)
2019-10-15 00:41:46,042 [pool-37-thread-1] INFO  server.RaftServerConfigKeys (ConfUtils.java:logGet(43)) - raft.server.retrycache.expirytime = 600000ms (custom)
2019-10-15 00:41:46,044 [pool-37-thread-1] INFO  impl.RaftServerImpl (RaftServerImpl.java:start(181)) - 88a7d5fa-cc02-424e-979e-9137321ddddd@group-BE4B386EAFDC: start as a follower, conf=-1: [88a7d5fa-cc02-424e-979e-9137321ddddd:192.168.164.218:32954], old=null
2019-10-15 00:41:46,044 [pool-37-thread-1] INFO  impl.RaftServerImpl (RaftServerImpl.java:setRole(170)) - 88a7d5fa-cc02-424e-979e-9137321ddddd@group-BE4B386EAFDC: changes role from      null to FOLLOWER at term 0 for startAsFollower
2019-10-15 00:41:46,044 [pool-37-thread-1] INFO  impl.RoleInfo (RoleInfo.java:updateAndGet(143)) - 88a7d5fa-cc02-424e-979e-9137321ddddd: start FollowerState
2019-10-15 00:41:46,045 [pool-37-thread-1] INFO  util.JmxRegister (JmxRegister.java:tryRegister(44)) - Successfully registered JMX Bean with object name Ratis:service=RaftServer,group=group-BE4B386EAFDC,id=88a7d5fa-cc02-424e-979e-9137321ddddd
2019-10-15 00:41:46,052 [RatisPipelineUtilsThread] INFO  pipeline.PipelineStateManager (PipelineStateManager.java:addPipeline(57)) - Created pipeline Pipeline[ Id: 06c450f0-e4e7-41cf-a83e-be4b386eafdc, Nodes: 88a7d5fa-cc02-424e-979e-9137321ddddd{ip: 192.168.164.218, host: pr-hdds-1868-7bj8h-208101609, networkLocation: /default-rack, certSerialId: null}, Type:RATIS, Factor:ONE, State:ALLOCATED]
2019-10-15 00:41:46,053 [Thread-238] INFO  pipeline.PipelineStateManager (PipelineStateManager.java:finalizePipeline(123)) - Pipeline Pipeline[ Id: 2d89326f-2fc7-4363-8320-13248fd7bd78, Nodes: 35e64544-bc3d-465e-adee-d25b886edeb0{ip: 192.168.164.218, host: pr-hdds-1868-7bj8h-208101609, networkLocation: /default-rack, certSerialId: null}, Type:RATIS, Factor:ONE, State:CLOSED] moved to CLOSED state
2019-10-15 00:41:46,054 [main] INFO  ozone.MiniOzoneClusterImpl (MiniOzoneClusterImpl.java:lambda$waitForClusterToBeReady$2(164)) - Waiting for 8 number of pipelines out of 9, to report a leader.
2019-10-15 00:41:46,064 [grpc-default-executor-1] INFO  impl.RaftServerProxy (RaftServerProxy.java:remove(95)) - 35e64544-bc3d-465e-adee-d25b886edeb0: remove  FOLLOWER 35e64544-bc3d-465e-adee-d25b886edeb0@group-13248FD7BD78:t0, leader=null, voted=null, raftlog=35e64544-bc3d-465e-adee-d25b886edeb0@group-13248FD7BD78-SegmentedRaftLog:OPENED:c-1,f-1,i0, conf=-1: [35e64544-bc3d-465e-adee-d25b886edeb0:192.168.164.218:35915], old=null RUNNING
2019-10-15 00:41:46,065 [grpc-default-executor-1] INFO  impl.RaftServerImpl (RaftServerImpl.java:lambda$shutdown$3(247)) - 35e64544-bc3d-465e-adee-d25b886edeb0@group-13248FD7BD78: shutdown
2019-10-15 00:41:46,065 [grpc-default-executor-1] INFO  util.JmxRegister (JmxRegister.java:unregister(73)) - Successfully un-registered JMX Bean with object name Ratis:service=RaftServer,group=group-13248FD7BD78,id=35e64544-bc3d-465e-adee-d25b886edeb0
2019-10-15 00:41:46,065 [grpc-default-executor-1] INFO  impl.RoleInfo (RoleInfo.java:shutdownFollowerState(121)) - 35e64544-bc3d-465e-adee-d25b886edeb0: shutdown FollowerState
2019-10-15 00:41:46,066 [grpc-default-executor-1] INFO  impl.StateMachineUpdater (StateMachineUpdater.java:stopAndJoin(136)) - 35e64544-bc3d-465e-adee-d25b886edeb0@group-13248FD7BD78-StateMachineUpdater: set stopIndex = -1
2019-10-15 00:41:46,066 [Thread-252] INFO  impl.FollowerState (FollowerState.java:run(117)) - 35e64544-bc3d-465e-adee-d25b886edeb0@group-13248FD7BD78-FollowerState was interrupted: java.lang.InterruptedException: sleep interrupted
2019-10-15 00:41:46,068 [grpc-default-executor-1] INFO  impl.RaftServerImpl (ServerState.java:close(387)) - 35e64544-bc3d-465e-adee-d25b886edeb0@group-13248FD7BD78: closes. applyIndex: -1
2019-10-15 00:41:46,070 [35e64544-bc3d-465e-adee-d25b886edeb0@group-13248FD7BD78-SegmentedRaftLogWorker] INFO  segmented.SegmentedRaftLogWorker (SegmentedRaftLogWorker.java:run(316)) - 35e64544-bc3d-465e-adee-d25b886edeb0@group-13248FD7BD78-SegmentedRaftLogWorker was interrupted, exiting. There are 0 tasks remaining in the queue.
2019-10-15 00:41:46,071 [grpc-default-executor-1] INFO  segmented.SegmentedRaftLogWorker (SegmentedRaftLogWorker.java:close(224)) - 35e64544-bc3d-465e-adee-d25b886edeb0@group-13248FD7BD78-SegmentedRaftLogWorker close()
2019-10-15 00:41:46,079 [Thread-238] INFO  pipeline.PipelineStateManager (PipelineStateManager.java:removePipeline(108)) - Pipeline Pipeline[ Id: 2d89326f-2fc7-4363-8320-13248fd7bd78, Nodes: 35e64544-bc3d-465e-adee-d25b886edeb0{ip: 192.168.164.218, host: pr-hdds-1868-7bj8h-208101609, networkLocation: /default-rack, certSerialId: null}, Type:RATIS, Factor:ONE, State:CLOSED] removed from db
2019-10-15 00:41:46,079 [Thread-238] INFO  pipeline.SCMPipelineManager (SCMPipelineManager.java:finalizeAndDestroyPipeline(315)) - destroying pipeline:Pipeline[ Id: 19f2c43d-c9f9-4c87-b265-37ee58d2d545, Nodes: 35e64544-bc3d-465e-adee-d25b886edeb0{ip: 192.168.164.218, host: pr-hdds-1868-7bj8h-208101609, networkLocation: /default-rack, certSerialId: null}f5d1e668-fe69-48c6-a450-c44235d2144d{ip: 192.168.164.218, host: pr-hdds-1868-7bj8h-208101609, networkLocation: /default-rack, certSerialId: null}c6075369-1c86-4712-9082-dc56af3ba339{ip: 192.168.164.218, host: pr-hdds-1868-7bj8h-208101609, networkLocation: /default-rack, certSerialId: null}, Type:RATIS, Factor:THREE, State:ALLOCATED]
2019-10-15 00:41:46,088 [grpc-default-executor-1] INFO  impl.RaftServerProxy (RaftServerProxy.java:addNew(89)) - 35e64544-bc3d-465e-adee-d25b886edeb0: addNew group-D9DE16107B54:[35e64544-bc3d-465e-adee-d25b886edeb0:192.168.164.218:35915] returns group-D9DE16107B54:java.util.concurrent.CompletableFuture@5a743a3b[Not completed]
2019-10-15 00:41:46,090 [pool-87-thread-1] INFO  impl.RaftServerImpl (RaftServerImpl.java:<init>(95)) - 35e64544-bc3d-465e-adee-d25b886edeb0: new RaftServerImpl for group-D9DE16107B54:[35e64544-bc3d-465e-adee-d25b886edeb0:192.168.164.218:35915] with ContainerStateMachine:uninitialized
2019-10-15 00:41:46,092 [pool-87-thread-1] INFO  server.RaftServerConfigKeys (ConfUtils.java:logGet(43)) - raft.server.rpc.timeout.min = 5s (custom)
2019-10-15 00:41:46,092 [pool-87-thread-1] INFO  server.RaftServerConfigKeys (ConfUtils.java:logGet(43)) - raft.server.rpc.timeout.max = 5200ms (custom)
2019-10-15 00:41:46,092 [pool-87-thread-1] INFO  server.RaftServerConfigKeys (ConfUtils.java:logGet(43)) - raft.server.rpcslowness.timeout = 120s (custom)
2019-10-15 00:41:46,092 [pool-87-thread-1] INFO  server.RaftServerConfigKeys (ConfUtils.java:logGet(43)) - raft.server.sleep.deviation.threshold = 300 (default)
2019-10-15 00:41:46,092 [pool-87-thread-1] INFO  server.RaftServerConfigKeys (ConfUtils.java:logGet(43)) - raft.server.log.appender.install.snapshot.enabled = false (custom)
2019-10-15 00:41:46,093 [pool-87-thread-1] INFO  impl.RaftServerImpl (ServerState.java:<init>(103)) - 35e64544-bc3d-465e-adee-d25b886edeb0@group-D9DE16107B54: ConfigurationManager, init=-1: [35e64544-bc3d-465e-adee-d25b886edeb0:192.168.164.218:35915], old=null, confs=<EMPTY_MAP>
2019-10-15 00:41:46,093 [pool-87-thread-1] INFO  server.RaftServerConfigKeys (ConfUtils.java:logGet(43)) - raft.server.storage.dir = [/workdir/hadoop-ozone/integration-test/target/test-dir/MiniOzoneClusterImpl-e538d966-0196-4657-9505-dd1c5b05d6aa/datanode-6/data/ratis] (custom)
2019-10-15 00:41:46,093 [pool-87-thread-1] INFO  server.RaftServerConfigKeys (ConfUtils.java:logGet(43)) - raft.server.log.corruption.policy = EXCEPTION (default)
2019-10-15 00:41:46,093 [pool-87-thread-1] INFO  storage.RaftStorageDirectory (RaftStorageDirectory.java:analyzeStorage(246)) - The storage directory /workdir/hadoop-ozone/integration-test/target/test-dir/MiniOzoneClusterImpl-e538d966-0196-4657-9505-dd1c5b05d6aa/datanode-6/data/ratis/5c6a39b3-82b6-46d3-9a0c-d9de16107b54 does not exist. Creating ...
2019-10-15 00:41:46,122 [pool-87-thread-1] INFO  storage.RaftStorageDirectory (RaftStorageDirectory.java:tryLock(328)) - Lock on /workdir/hadoop-ozone/integration-test/target/test-dir/MiniOzoneClusterImpl-e538d966-0196-4657-9505-dd1c5b05d6aa/datanode-6/data/ratis/5c6a39b3-82b6-46d3-9a0c-d9de16107b54/in_use.lock acquired by nodename 5159@pr-hdds-1868-7bj8h-208101609
2019-10-15 00:41:46,148 [pool-87-thread-1] INFO  storage.RaftStorage (RaftStorage.java:format(84)) - Storage directory /workdir/hadoop-ozone/integration-test/target/test-dir/MiniOzoneClusterImpl-e538d966-0196-4657-9505-dd1c5b05d6aa/datanode-6/data/ratis/5c6a39b3-82b6-46d3-9a0c-d9de16107b54 has been successfully formatted.
2019-10-15 00:41:46,148 [pool-87-thread-1] INFO  ratis.ContainerStateMachine (ContainerStateMachine.java:loadSnapshot(233)) - group-D9DE16107B54: The snapshot info is null. Setting the last applied indexto:(t:0, i:~)
2019-10-15 00:41:46,148 [pool-87-thread-1] INFO  server.RaftServerConfigKeys (ConfUtils.java:logGet(43)) - raft.server.notification.no-leader.timeout = 120s (custom)
2019-10-15 00:41:46,148 [pool-87-thread-1] INFO  server.RaftServerConfigKeys (ConfUtils.java:logGet(43)) - raft.server.log.use.memory = false (default)
2019-10-15 00:41:46,149 [pool-87-thread-1] INFO  server.RaftServerConfigKeys (ConfUtils.java:logGet(43)) - raft.server.log.purge.gap = 1000000 (custom)
2019-10-15 00:41:46,149 [pool-87-thread-1] INFO  server.RaftServerConfigKeys (ConfUtils.java:logGet(43)) - raft.server.log.appender.buffer.byte-limit = 33554432 (custom)
2019-10-15 00:41:46,149 [pool-87-thread-1] INFO  server.RaftServerConfigKeys (ConfUtils.java:logGet(43)) - raft.server.log.segment.size.max = 1048576 (custom)
2019-10-15 00:41:46,149 [pool-87-thread-1] INFO  server.RaftServerConfigKeys (ConfUtils.java:logGet(43)) - raft.server.log.segment.cache.num.max = 2 (custom)
2019-10-15 00:41:46,149 [pool-87-thread-1] INFO  segmented.SegmentedRaftLogWorker (SegmentedRaftLogWorker.java:<init>(173)) - new 35e64544-bc3d-465e-adee-d25b886edeb0@group-D9DE16107B54-SegmentedRaftLogWorker for RaftStorage:Storage Directory /workdir/hadoop-ozone/integration-test/target/test-dir/MiniOzoneClusterImpl-e538d966-0196-4657-9505-dd1c5b05d6aa/datanode-6/data/ratis/5c6a39b3-82b6-46d3-9a0c-d9de16107b54
2019-10-15 00:41:46,149 [pool-87-thread-1] INFO  server.RaftServerConfigKeys (ConfUtils.java:logGet(43)) - raft.server.log.queue.byte-limit = 2147483647 (custom)
2019-10-15 00:41:46,149 [pool-87-thread-1] INFO  server.RaftServerConfigKeys (ConfUtils.java:logGet(43)) - raft.server.log.queue.element-limit = 1024 (custom)
2019-10-15 00:41:46,150 [pool-87-thread-1] INFO  server.RaftServerConfigKeys (ConfUtils.java:logGet(43)) - raft.server.log.segment.size.max = 1048576 (custom)
2019-10-15 00:41:46,150 [pool-87-thread-1] INFO  server.RaftServerConfigKeys (ConfUtils.java:logGet(43)) - raft.server.log.preallocated.size = 16384 (custom)
2019-10-15 00:41:46,150 [pool-87-thread-1] INFO  server.RaftServerConfigKeys (ConfUtils.java:logGet(43)) - raft.server.log.write.buffer.size = 33554432 (custom)
2019-10-15 00:41:46,150 [pool-87-thread-1] INFO  server.RaftServerConfigKeys (ConfUtils.java:logGet(43)) - raft.server.log.force.sync.num = 128 (default)
2019-10-15 00:41:46,150 [pool-87-thread-1] INFO  server.RaftServerConfigKeys (ConfUtils.java:logGet(43)) - raft.server.log.statemachine.data.sync = true (default)
2019-10-15 00:41:46,150 [pool-87-thread-1] INFO  server.RaftServerConfigKeys (ConfUtils.java:logGet(43)) - raft.server.log.statemachine.data.sync.timeout = 10s (default)
2019-10-15 00:41:46,151 [pool-87-thread-1] INFO  server.RaftServerConfigKeys (ConfUtils.java:logGet(43)) - raft.server.log.statemachine.data.sync.timeout.retry = -1 (default)
2019-10-15 00:41:46,151 [pool-87-thread-1] INFO  server.RaftServerConfigKeys (ConfUtils.java:logGet(43)) - raft.server.log.statemachine.data.caching.enabled = true (custom)
2019-10-15 00:41:46,151 [pool-87-thread-1] INFO  segmented.SegmentedRaftLogWorker (SegmentedRaftLogWorker.java:lambda$new$0(128)) - 35e64544-bc3d-465e-adee-d25b886edeb0@group-D9DE16107B54-SegmentedRaftLogWorker: flushIndex: setUnconditionally 0 -> -1
2019-10-15 00:41:46,152 [pool-87-thread-1] INFO  server.RaftServerConfigKeys (ConfUtils.java:logGet(43)) - raft.server.snapshot.auto.trigger.enabled = true (custom)
2019-10-15 00:41:46,152 [pool-87-thread-1] INFO  server.RaftServerConfigKeys (ConfUtils.java:logGet(43)) - raft.server.snapshot.auto.trigger.threshold = 10000 (custom)
2019-10-15 00:41:46,152 [pool-87-thread-1] INFO  server.RaftServerConfigKeys (ConfUtils.java:logGet(43)) - raft.server.snapshot.retention.file.num = 5 (custom)
2019-10-15 00:41:46,152 [pool-87-thread-1] INFO  server.RaftServerConfigKeys (ConfUtils.java:logGet(43)) - raft.server.retrycache.expirytime = 600000ms (custom)
2019-10-15 00:41:46,157 [pool-87-thread-1] INFO  impl.RaftServerImpl (RaftServerImpl.java:start(181)) - 35e64544-bc3d-465e-adee-d25b886edeb0@group-D9DE16107B54: start as a follower, conf=-1: [35e64544-bc3d-465e-adee-d25b886edeb0:192.168.164.218:35915], old=null
2019-10-15 00:41:46,157 [pool-87-thread-1] INFO  impl.RaftServerImpl (RaftServerImpl.java:setRole(170)) - 35e64544-bc3d-465e-adee-d25b886edeb0@group-D9DE16107B54: changes role from      null to FOLLOWER at term 0 for startAsFollower
2019-10-15 00:41:46,157 [pool-87-thread-1] INFO  impl.RoleInfo (RoleInfo.java:updateAndGet(143)) - 35e64544-bc3d-465e-adee-d25b886edeb0: start FollowerState
2019-10-15 00:41:46,158 [pool-87-thread-1] INFO  util.JmxRegister (JmxRegister.java:tryRegister(44)) - Successfully registered JMX Bean with object name Ratis:service=RaftServer,group=group-D9DE16107B54,id=35e64544-bc3d-465e-adee-d25b886edeb0
2019-10-15 00:41:46,166 [RatisPipelineUtilsThread] INFO  pipeline.PipelineStateManager (PipelineStateManager.java:addPipeline(57)) - Created pipeline Pipeline[ Id: 5c6a39b3-82b6-46d3-9a0c-d9de16107b54, Nodes: 35e64544-bc3d-465e-adee-d25b886edeb0{ip: 192.168.164.218, host: pr-hdds-1868-7bj8h-208101609, networkLocation: /default-rack, certSerialId: null}, Type:RATIS, Factor:ONE, State:ALLOCATED]
2019-10-15 00:41:46,169 [Thread-238] INFO  pipeline.PipelineStateManager (PipelineStateManager.java:finalizePipeline(123)) - Pipeline Pipeline[ Id: 19f2c43d-c9f9-4c87-b265-37ee58d2d545, Nodes: 35e64544-bc3d-465e-adee-d25b886edeb0{ip: 192.168.164.218, host: pr-hdds-1868-7bj8h-208101609, networkLocation: /default-rack, certSerialId: null}f5d1e668-fe69-48c6-a450-c44235d2144d{ip: 192.168.164.218, host: pr-hdds-1868-7bj8h-208101609, networkLocation: /default-rack, certSerialId: null}c6075369-1c86-4712-9082-dc56af3ba339{ip: 192.168.164.218, host: pr-hdds-1868-7bj8h-208101609, networkLocation: /default-rack, certSerialId: null}, Type:RATIS, Factor:THREE, State:CLOSED] moved to CLOSED state
2019-10-15 00:41:46,178 [grpc-default-executor-1] INFO  impl.RaftServerProxy (RaftServerProxy.java:remove(95)) - 35e64544-bc3d-465e-adee-d25b886edeb0: remove  FOLLOWER 35e64544-bc3d-465e-adee-d25b886edeb0@group-37EE58D2D545:t0, leader=null, voted=null, raftlog=35e64544-bc3d-465e-adee-d25b886edeb0@group-37EE58D2D545-SegmentedRaftLog:OPENED:c-1,f-1,i0, conf=-1: [c6075369-1c86-4712-9082-dc56af3ba339:192.168.164.218:34070, 35e64544-bc3d-465e-adee-d25b886edeb0:192.168.164.218:35915, f5d1e668-fe69-48c6-a450-c44235d2144d:192.168.164.218:41414], old=null RUNNING
2019-10-15 00:41:46,178 [grpc-default-executor-1] INFO  impl.RaftServerImpl (RaftServerImpl.java:lambda$shutdown$3(247)) - 35e64544-bc3d-465e-adee-d25b886edeb0@group-37EE58D2D545: shutdown
2019-10-15 00:41:46,178 [grpc-default-executor-1] INFO  util.JmxRegister (JmxRegister.java:unregister(73)) - Successfully un-registered JMX Bean with object name Ratis:service=RaftServer,group=group-37EE58D2D545,id=35e64544-bc3d-465e-adee-d25b886edeb0
2019-10-15 00:41:46,178 [grpc-default-executor-1] INFO  impl.RoleInfo (RoleInfo.java:shutdownFollowerState(121)) - 35e64544-bc3d-465e-adee-d25b886edeb0: shutdown FollowerState
2019-10-15 00:41:46,179 [grpc-default-executor-1] INFO  impl.StateMachineUpdater (StateMachineUpdater.java:stopAndJoin(136)) - 35e64544-bc3d-465e-adee-d25b886edeb0@group-37EE58D2D545-StateMachineUpdater: set stopIndex = -1
2019-10-15 00:41:46,179 [Thread-274] INFO  impl.FollowerState (FollowerState.java:run(117)) - 35e64544-bc3d-465e-adee-d25b886edeb0@group-37EE58D2D545-FollowerState was interrupted: java.lang.InterruptedException: sleep interrupted
2019-10-15 00:41:46,182 [grpc-default-executor-1] INFO  impl.RaftServerImpl (ServerState.java:close(387)) - 35e64544-bc3d-465e-adee-d25b886edeb0@group-37EE58D2D545: closes. applyIndex: -1
2019-10-15 00:41:46,183 [35e64544-bc3d-465e-adee-d25b886edeb0@group-37EE58D2D545-SegmentedRaftLogWorker] INFO  segmented.SegmentedRaftLogWorker (SegmentedRaftLogWorker.java:run(316)) - 35e64544-bc3d-465e-adee-d25b886edeb0@group-37EE58D2D545-SegmentedRaftLogWorker was interrupted, exiting. There are 0 tasks remaining in the queue.
2019-10-15 00:41:46,183 [grpc-default-executor-1] INFO  segmented.SegmentedRaftLogWorker (SegmentedRaftLogWorker.java:close(224)) - 35e64544-bc3d-465e-adee-d25b886edeb0@group-37EE58D2D545-SegmentedRaftLogWorker close()
2019-10-15 00:41:46,206 [grpc-default-executor-1] INFO  impl.RaftServerProxy (RaftServerProxy.java:remove(95)) - f5d1e668-fe69-48c6-a450-c44235d2144d: remove  FOLLOWER f5d1e668-fe69-48c6-a450-c44235d2144d@group-37EE58D2D545:t0, leader=null, voted=null, raftlog=f5d1e668-fe69-48c6-a450-c44235d2144d@group-37EE58D2D545-SegmentedRaftLog:OPENED:c-1,f-1,i0, conf=-1: [c6075369-1c86-4712-9082-dc56af3ba339:192.168.164.218:34070, 35e64544-bc3d-465e-adee-d25b886edeb0:192.168.164.218:35915, f5d1e668-fe69-48c6-a450-c44235d2144d:192.168.164.218:41414], old=null RUNNING
2019-10-15 00:41:46,206 [grpc-default-executor-1] INFO  impl.RaftServerImpl (RaftServerImpl.java:lambda$shutdown$3(247)) - f5d1e668-fe69-48c6-a450-c44235d2144d@group-37EE58D2D545: shutdown
2019-10-15 00:41:46,207 [grpc-default-executor-1] INFO  util.JmxRegister (JmxRegister.java:unregister(73)) - Successfully un-registered JMX Bean with object name Ratis:service=RaftServer,group=group-37EE58D2D545,id=f5d1e668-fe69-48c6-a450-c44235d2144d
2019-10-15 00:41:46,207 [grpc-default-executor-1] INFO  impl.RoleInfo (RoleInfo.java:shutdownFollowerState(121)) - f5d1e668-fe69-48c6-a450-c44235d2144d: shutdown FollowerState
2019-10-15 00:41:46,207 [grpc-default-executor-1] INFO  impl.StateMachineUpdater (StateMachineUpdater.java:stopAndJoin(136)) - f5d1e668-fe69-48c6-a450-c44235d2144d@group-37EE58D2D545-StateMachineUpdater: set stopIndex = -1
2019-10-15 00:41:46,207 [Thread-272] INFO  impl.FollowerState (FollowerState.java:run(117)) - f5d1e668-fe69-48c6-a450-c44235d2144d@group-37EE58D2D545-FollowerState was interrupted: java.lang.InterruptedException: sleep interrupted
2019-10-15 00:41:46,209 [grpc-default-executor-1] INFO  impl.RaftServerImpl (ServerState.java:close(387)) - f5d1e668-fe69-48c6-a450-c44235d2144d@group-37EE58D2D545: closes. applyIndex: -1
2019-10-15 00:41:46,210 [f5d1e668-fe69-48c6-a450-c44235d2144d@group-37EE58D2D545-SegmentedRaftLogWorker] INFO  segmented.SegmentedRaftLogWorker (SegmentedRaftLogWorker.java:run(316)) - f5d1e668-fe69-48c6-a450-c44235d2144d@group-37EE58D2D545-SegmentedRaftLogWorker was interrupted, exiting. There are 0 tasks remaining in the queue.
2019-10-15 00:41:46,210 [grpc-default-executor-1] INFO  segmented.SegmentedRaftLogWorker (SegmentedRaftLogWorker.java:close(224)) - f5d1e668-fe69-48c6-a450-c44235d2144d@group-37EE58D2D545-SegmentedRaftLogWorker close()
2019-10-15 00:41:46,223 [grpc-default-executor-1] INFO  impl.RaftServerProxy (RaftServerProxy.java:remove(95)) - c6075369-1c86-4712-9082-dc56af3ba339: remove  FOLLOWER c6075369-1c86-4712-9082-dc56af3ba339@group-37EE58D2D545:t0, leader=null, voted=null, raftlog=c6075369-1c86-4712-9082-dc56af3ba339@group-37EE58D2D545-SegmentedRaftLog:OPENED:c-1,f-1,i0, conf=-1: [c6075369-1c86-4712-9082-dc56af3ba339:192.168.164.218:34070, 35e64544-bc3d-465e-adee-d25b886edeb0:192.168.164.218:35915, f5d1e668-fe69-48c6-a450-c44235d2144d:192.168.164.218:41414], old=null RUNNING
2019-10-15 00:41:46,223 [grpc-default-executor-1] INFO  impl.RaftServerImpl (RaftServerImpl.java:lambda$shutdown$3(247)) - c6075369-1c86-4712-9082-dc56af3ba339@group-37EE58D2D545: shutdown
2019-10-15 00:41:46,224 [grpc-default-executor-1] INFO  util.JmxRegister (JmxRegister.java:unregister(73)) - Successfully un-registered JMX Bean with object name Ratis:service=RaftServer,group=group-37EE58D2D545,id=c6075369-1c86-4712-9082-dc56af3ba339
2019-10-15 00:41:46,224 [grpc-default-executor-1] INFO  impl.RoleInfo (RoleInfo.java:shutdownFollowerState(121)) - c6075369-1c86-4712-9082-dc56af3ba339: shutdown FollowerState
2019-10-15 00:41:46,224 [grpc-default-executor-1] INFO  impl.StateMachineUpdater (StateMachineUpdater.java:stopAndJoin(136)) - c6075369-1c86-4712-9082-dc56af3ba339@group-37EE58D2D545-StateMachineUpdater: set stopIndex = -1
2019-10-15 00:41:46,224 [Thread-273] INFO  impl.FollowerState (FollowerState.java:run(117)) - c6075369-1c86-4712-9082-dc56af3ba339@group-37EE58D2D545-FollowerState was interrupted: java.lang.InterruptedException: sleep interrupted
2019-10-15 00:41:46,225 [grpc-default-executor-1] INFO  impl.RaftServerImpl (ServerState.java:close(387)) - c6075369-1c86-4712-9082-dc56af3ba339@group-37EE58D2D545: closes. applyIndex: -1
2019-10-15 00:41:46,227 [c6075369-1c86-4712-9082-dc56af3ba339@group-37EE58D2D545-SegmentedRaftLogWorker] INFO  segmented.SegmentedRaftLogWorker (SegmentedRaftLogWorker.java:run(316)) - c6075369-1c86-4712-9082-dc56af3ba339@group-37EE58D2D545-SegmentedRaftLogWorker was interrupted, exiting. There are 0 tasks remaining in the queue.
2019-10-15 00:41:46,227 [grpc-default-executor-1] INFO  segmented.SegmentedRaftLogWorker (SegmentedRaftLogWorker.java:close(224)) - c6075369-1c86-4712-9082-dc56af3ba339@group-37EE58D2D545-SegmentedRaftLogWorker close()
2019-10-15 00:41:46,234 [Thread-238] INFO  pipeline.PipelineStateManager (PipelineStateManager.java:removePipeline(108)) - Pipeline Pipeline[ Id: 19f2c43d-c9f9-4c87-b265-37ee58d2d545, Nodes: 35e64544-bc3d-465e-adee-d25b886edeb0{ip: 192.168.164.218, host: pr-hdds-1868-7bj8h-208101609, networkLocation: /default-rack, certSerialId: null}f5d1e668-fe69-48c6-a450-c44235d2144d{ip: 192.168.164.218, host: pr-hdds-1868-7bj8h-208101609, networkLocation: /default-rack, certSerialId: null}c6075369-1c86-4712-9082-dc56af3ba339{ip: 192.168.164.218, host: pr-hdds-1868-7bj8h-208101609, networkLocation: /default-rack, certSerialId: null}, Type:RATIS, Factor:THREE, State:CLOSED] removed from db
2019-10-15 00:41:46,252 [grpc-default-executor-0] INFO  impl.RaftServerProxy (RaftServerProxy.java:addNew(89)) - f5d1e668-fe69-48c6-a450-c44235d2144d: addNew group-B1D43214130F:[c6075369-1c86-4712-9082-dc56af3ba339:192.168.164.218:34070, 35e64544-bc3d-465e-adee-d25b886edeb0:192.168.164.218:35915, f5d1e668-fe69-48c6-a450-c44235d2144d:192.168.164.218:41414] returns group-B1D43214130F:java.util.concurrent.CompletableFuture@1f9f59f9[Not completed]
2019-10-15 00:41:46,252 [grpc-default-executor-1] INFO  impl.RaftServerProxy (RaftServerProxy.java:addNew(89)) - 35e64544-bc3d-465e-adee-d25b886edeb0: addNew group-B1D43214130F:[c6075369-1c86-4712-9082-dc56af3ba339:192.168.164.218:34070, 35e64544-bc3d-465e-adee-d25b886edeb0:192.168.164.218:35915, f5d1e668-fe69-48c6-a450-c44235d2144d:192.168.164.218:41414] returns group-B1D43214130F:java.util.concurrent.CompletableFuture@698ada74[Not completed]
2019-10-15 00:41:46,252 [grpc-default-executor-2] INFO  impl.RaftServerProxy (RaftServerProxy.java:addNew(89)) - c6075369-1c86-4712-9082-dc56af3ba339: addNew group-B1D43214130F:[c6075369-1c86-4712-9082-dc56af3ba339:192.168.164.218:34070, 35e64544-bc3d-465e-adee-d25b886edeb0:192.168.164.218:35915, f5d1e668-fe69-48c6-a450-c44235d2144d:192.168.164.218:41414] returns group-B1D43214130F:java.util.concurrent.CompletableFuture@4ff04186[Not completed]
2019-10-15 00:41:46,255 [pool-67-thread-1] INFO  impl.RaftServerImpl (RaftServerImpl.java:<init>(95)) - f5d1e668-fe69-48c6-a450-c44235d2144d: new RaftServerImpl for group-B1D43214130F:[c6075369-1c86-4712-9082-dc56af3ba339:192.168.164.218:34070, 35e64544-bc3d-465e-adee-d25b886edeb0:192.168.164.218:35915, f5d1e668-fe69-48c6-a450-c44235d2144d:192.168.164.218:41414] with ContainerStateMachine:uninitialized
2019-10-15 00:41:46,255 [pool-67-thread-1] INFO  server.RaftServerConfigKeys (ConfUtils.java:logGet(43)) - raft.server.rpc.timeout.min = 5s (custom)
2019-10-15 00:41:46,255 [pool-67-thread-1] INFO  server.RaftServerConfigKeys (ConfUtils.java:logGet(43)) - raft.server.rpc.timeout.max = 5200ms (custom)
2019-10-15 00:41:46,255 [pool-67-thread-1] INFO  server.RaftServerConfigKeys (ConfUtils.java:logGet(43)) - raft.server.rpcslowness.timeout = 120s (custom)
2019-10-15 00:41:46,255 [pool-67-thread-1] INFO  server.RaftServerConfigKeys (ConfUtils.java:logGet(43)) - raft.server.sleep.deviation.threshold = 300 (default)
2019-10-15 00:41:46,255 [pool-67-thread-1] INFO  server.RaftServerConfigKeys (ConfUtils.java:logGet(43)) - raft.server.log.appender.install.snapshot.enabled = false (custom)
2019-10-15 00:41:46,256 [pool-67-thread-1] INFO  impl.RaftServerImpl (ServerState.java:<init>(103)) - f5d1e668-fe69-48c6-a450-c44235d2144d@group-B1D43214130F: ConfigurationManager, init=-1: [c6075369-1c86-4712-9082-dc56af3ba339:192.168.164.218:34070, 35e64544-bc3d-465e-adee-d25b886edeb0:192.168.164.218:35915, f5d1e668-fe69-48c6-a450-c44235d2144d:192.168.164.218:41414], old=null, confs=<EMPTY_MAP>
2019-10-15 00:41:46,256 [pool-67-thread-1] INFO  server.RaftServerConfigKeys (ConfUtils.java:logGet(43)) - raft.server.storage.dir = [/workdir/hadoop-ozone/integration-test/target/test-dir/MiniOzoneClusterImpl-e538d966-0196-4657-9505-dd1c5b05d6aa/datanode-4/data/ratis] (custom)
2019-10-15 00:41:46,256 [pool-67-thread-1] INFO  server.RaftServerConfigKeys (ConfUtils.java:logGet(43)) - raft.server.log.corruption.policy = EXCEPTION (default)
2019-10-15 00:41:46,256 [pool-87-thread-1] INFO  impl.RaftServerImpl (RaftServerImpl.java:<init>(95)) - 35e64544-bc3d-465e-adee-d25b886edeb0: new RaftServerImpl for group-B1D43214130F:[c6075369-1c86-4712-9082-dc56af3ba339:192.168.164.218:34070, 35e64544-bc3d-465e-adee-d25b886edeb0:192.168.164.218:35915, f5d1e668-fe69-48c6-a450-c44235d2144d:192.168.164.218:41414] with ContainerStateMachine:uninitialized
2019-10-15 00:41:46,256 [pool-67-thread-1] INFO  storage.RaftStorageDirectory (RaftStorageDirectory.java:analyzeStorage(246)) - The storage directory /workdir/hadoop-ozone/integration-test/target/test-dir/MiniOzoneClusterImpl-e538d966-0196-4657-9505-dd1c5b05d6aa/datanode-4/data/ratis/e7baa7a4-ae86-432e-8694-b1d43214130f does not exist. Creating ...
2019-10-15 00:41:46,256 [pool-87-thread-1] INFO  server.RaftServerConfigKeys (ConfUtils.java:logGet(43)) - raft.server.rpc.timeout.min = 5s (custom)
2019-10-15 00:41:46,256 [pool-47-thread-1] INFO  impl.RaftServerImpl (RaftServerImpl.java:<init>(95)) - c6075369-1c86-4712-9082-dc56af3ba339: new RaftServerImpl for group-B1D43214130F:[c6075369-1c86-4712-9082-dc56af3ba339:192.168.164.218:34070, 35e64544-bc3d-465e-adee-d25b886edeb0:192.168.164.218:35915, f5d1e668-fe69-48c6-a450-c44235d2144d:192.168.164.218:41414] with ContainerStateMachine:uninitialized
2019-10-15 00:41:46,257 [pool-87-thread-1] INFO  server.RaftServerConfigKeys (ConfUtils.java:logGet(43)) - raft.server.rpc.timeout.max = 5200ms (custom)
2019-10-15 00:41:46,257 [pool-47-thread-1] INFO  server.RaftServerConfigKeys (ConfUtils.java:logGet(43)) - raft.server.rpc.timeout.min = 5s (custom)
2019-10-15 00:41:46,257 [pool-87-thread-1] INFO  server.RaftServerConfigKeys (ConfUtils.java:logGet(43)) - raft.server.rpcslowness.timeout = 120s (custom)
2019-10-15 00:41:46,257 [pool-47-thread-1] INFO  server.RaftServerConfigKeys (ConfUtils.java:logGet(43)) - raft.server.rpc.timeout.max = 5200ms (custom)
2019-10-15 00:41:46,257 [pool-87-thread-1] INFO  server.RaftServerConfigKeys (ConfUtils.java:logGet(43)) - raft.server.sleep.deviation.threshold = 300 (default)
2019-10-15 00:41:46,257 [pool-47-thread-1] INFO  server.RaftServerConfigKeys (ConfUtils.java:logGet(43)) - raft.server.rpcslowness.timeout = 120s (custom)
2019-10-15 00:41:46,257 [pool-87-thread-1] INFO  server.RaftServerConfigKeys (ConfUtils.java:logGet(43)) - raft.server.log.appender.install.snapshot.enabled = false (custom)
2019-10-15 00:41:46,257 [pool-47-thread-1] INFO  server.RaftServerConfigKeys (ConfUtils.java:logGet(43)) - raft.server.sleep.deviation.threshold = 300 (default)
2019-10-15 00:41:46,258 [pool-87-thread-1] INFO  impl.RaftServerImpl (ServerState.java:<init>(103)) - 35e64544-bc3d-465e-adee-d25b886edeb0@group-B1D43214130F: ConfigurationManager, init=-1: [c6075369-1c86-4712-9082-dc56af3ba339:192.168.164.218:34070, 35e64544-bc3d-465e-adee-d25b886edeb0:192.168.164.218:35915, f5d1e668-fe69-48c6-a450-c44235d2144d:192.168.164.218:41414], old=null, confs=<EMPTY_MAP>
2019-10-15 00:41:46,258 [pool-47-thread-1] INFO  server.RaftServerConfigKeys (ConfUtils.java:logGet(43)) - raft.server.log.appender.install.snapshot.enabled = false (custom)
2019-10-15 00:41:46,258 [pool-47-thread-1] INFO  impl.RaftServerImpl (ServerState.java:<init>(103)) - c6075369-1c86-4712-9082-dc56af3ba339@group-B1D43214130F: ConfigurationManager, init=-1: [c6075369-1c86-4712-9082-dc56af3ba339:192.168.164.218:34070, 35e64544-bc3d-465e-adee-d25b886edeb0:192.168.164.218:35915, f5d1e668-fe69-48c6-a450-c44235d2144d:192.168.164.218:41414], old=null, confs=<EMPTY_MAP>
2019-10-15 00:41:46,258 [pool-87-thread-1] INFO  server.RaftServerConfigKeys (ConfUtils.java:logGet(43)) - raft.server.storage.dir = [/workdir/hadoop-ozone/integration-test/target/test-dir/MiniOzoneClusterImpl-e538d966-0196-4657-9505-dd1c5b05d6aa/datanode-6/data/ratis] (custom)
2019-10-15 00:41:46,258 [pool-47-thread-1] INFO  server.RaftServerConfigKeys (ConfUtils.java:logGet(43)) - raft.server.storage.dir = [/workdir/hadoop-ozone/integration-test/target/test-dir/MiniOzoneClusterImpl-e538d966-0196-4657-9505-dd1c5b05d6aa/datanode-2/data/ratis] (custom)
2019-10-15 00:41:46,258 [pool-47-thread-1] INFO  server.RaftServerConfigKeys (ConfUtils.java:logGet(43)) - raft.server.log.corruption.policy = EXCEPTION (default)
2019-10-15 00:41:46,258 [pool-87-thread-1] INFO  server.RaftServerConfigKeys (ConfUtils.java:logGet(43)) - raft.server.log.corruption.policy = EXCEPTION (default)
2019-10-15 00:41:46,258 [pool-47-thread-1] INFO  storage.RaftStorageDirectory (RaftStorageDirectory.java:analyzeStorage(246)) - The storage directory /workdir/hadoop-ozone/integration-test/target/test-dir/MiniOzoneClusterImpl-e538d966-0196-4657-9505-dd1c5b05d6aa/datanode-2/data/ratis/e7baa7a4-ae86-432e-8694-b1d43214130f does not exist. Creating ...
2019-10-15 00:41:46,259 [pool-87-thread-1] INFO  storage.RaftStorageDirectory (RaftStorageDirectory.java:analyzeStorage(246)) - The storage directory /workdir/hadoop-ozone/integration-test/target/test-dir/MiniOzoneClusterImpl-e538d966-0196-4657-9505-dd1c5b05d6aa/datanode-6/data/ratis/e7baa7a4-ae86-432e-8694-b1d43214130f does not exist. Creating ...
2019-10-15 00:41:46,290 [pool-67-thread-1] INFO  storage.RaftStorageDirectory (RaftStorageDirectory.java:tryLock(328)) - Lock on /workdir/hadoop-ozone/integration-test/target/test-dir/MiniOzoneClusterImpl-e538d966-0196-4657-9505-dd1c5b05d6aa/datanode-4/data/ratis/e7baa7a4-ae86-432e-8694-b1d43214130f/in_use.lock acquired by nodename 5159@pr-hdds-1868-7bj8h-208101609
2019-10-15 00:41:46,290 [pool-87-thread-1] INFO  storage.RaftStorageDirectory (RaftStorageDirectory.java:tryLock(328)) - Lock on /workdir/hadoop-ozone/integration-test/target/test-dir/MiniOzoneClusterImpl-e538d966-0196-4657-9505-dd1c5b05d6aa/datanode-6/data/ratis/e7baa7a4-ae86-432e-8694-b1d43214130f/in_use.lock acquired by nodename 5159@pr-hdds-1868-7bj8h-208101609
2019-10-15 00:41:46,290 [pool-47-thread-1] INFO  storage.RaftStorageDirectory (RaftStorageDirectory.java:tryLock(328)) - Lock on /workdir/hadoop-ozone/integration-test/target/test-dir/MiniOzoneClusterImpl-e538d966-0196-4657-9505-dd1c5b05d6aa/datanode-2/data/ratis/e7baa7a4-ae86-432e-8694-b1d43214130f/in_use.lock acquired by nodename 5159@pr-hdds-1868-7bj8h-208101609
2019-10-15 00:41:46,316 [pool-67-thread-1] INFO  storage.RaftStorage (RaftStorage.java:format(84)) - Storage directory /workdir/hadoop-ozone/integration-test/target/test-dir/MiniOzoneClusterImpl-e538d966-0196-4657-9505-dd1c5b05d6aa/datanode-4/data/ratis/e7baa7a4-ae86-432e-8694-b1d43214130f has been successfully formatted.
2019-10-15 00:41:46,316 [pool-87-thread-1] INFO  storage.RaftStorage (RaftStorage.java:format(84)) - Storage directory /workdir/hadoop-ozone/integration-test/target/test-dir/MiniOzoneClusterImpl-e538d966-0196-4657-9505-dd1c5b05d6aa/datanode-6/data/ratis/e7baa7a4-ae86-432e-8694-b1d43214130f has been successfully formatted.
2019-10-15 00:41:46,316 [pool-67-thread-1] INFO  ratis.ContainerStateMachine (ContainerStateMachine.java:loadSnapshot(233)) - group-B1D43214130F: The snapshot info is null. Setting the last applied indexto:(t:0, i:~)
2019-10-15 00:41:46,316 [pool-47-thread-1] INFO  storage.RaftStorage (RaftStorage.java:format(84)) - Storage directory /workdir/hadoop-ozone/integration-test/target/test-dir/MiniOzoneClusterImpl-e538d966-0196-4657-9505-dd1c5b05d6aa/datanode-2/data/ratis/e7baa7a4-ae86-432e-8694-b1d43214130f has been successfully formatted.
2019-10-15 00:41:46,316 [pool-87-thread-1] INFO  ratis.ContainerStateMachine (ContainerStateMachine.java:loadSnapshot(233)) - group-B1D43214130F: The snapshot info is null. Setting the last applied indexto:(t:0, i:~)
2019-10-15 00:41:46,316 [pool-67-thread-1] INFO  server.RaftServerConfigKeys (ConfUtils.java:logGet(43)) - raft.server.notification.no-leader.timeout = 120s (custom)
2019-10-15 00:41:46,316 [pool-87-thread-1] INFO  server.RaftServerConfigKeys (ConfUtils.java:logGet(43)) - raft.server.notification.no-leader.timeout = 120s (custom)
2019-10-15 00:41:46,316 [pool-47-thread-1] INFO  ratis.ContainerStateMachine (ContainerStateMachine.java:loadSnapshot(233)) - group-B1D43214130F: The snapshot info is null. Setting the last applied indexto:(t:0, i:~)
2019-10-15 00:41:46,317 [pool-87-thread-1] INFO  server.RaftServerConfigKeys (ConfUtils.java:logGet(43)) - raft.server.log.use.memory = false (default)
2019-10-15 00:41:46,316 [pool-67-thread-1] INFO  server.RaftServerConfigKeys (ConfUtils.java:logGet(43)) - raft.server.log.use.memory = false (default)
2019-10-15 00:41:46,317 [pool-87-thread-1] INFO  server.RaftServerConfigKeys (ConfUtils.java:logGet(43)) - raft.server.log.purge.gap = 1000000 (custom)
2019-10-15 00:41:46,317 [pool-47-thread-1] INFO  server.RaftServerConfigKeys (ConfUtils.java:logGet(43)) - raft.server.notification.no-leader.timeout = 120s (custom)
2019-10-15 00:41:46,317 [pool-87-thread-1] INFO  server.RaftServerConfigKeys (ConfUtils.java:logGet(43)) - raft.server.log.appender.buffer.byte-limit = 33554432 (custom)
2019-10-15 00:41:46,317 [pool-67-thread-1] INFO  server.RaftServerConfigKeys (ConfUtils.java:logGet(43)) - raft.server.log.purge.gap = 1000000 (custom)
2019-10-15 00:41:46,317 [pool-87-thread-1] INFO  server.RaftServerConfigKeys (ConfUtils.java:logGet(43)) - raft.server.log.segment.size.max = 1048576 (custom)
2019-10-15 00:41:46,317 [pool-47-thread-1] INFO  server.RaftServerConfigKeys (ConfUtils.java:logGet(43)) - raft.server.log.use.memory = false (default)
2019-10-15 00:41:46,318 [pool-87-thread-1] INFO  server.RaftServerConfigKeys (ConfUtils.java:logGet(43)) - raft.server.log.segment.cache.num.max = 2 (custom)
2019-10-15 00:41:46,318 [pool-47-thread-1] INFO  server.RaftServerConfigKeys (ConfUtils.java:logGet(43)) - raft.server.log.purge.gap = 1000000 (custom)
2019-10-15 00:41:46,318 [pool-67-thread-1] INFO  server.RaftServerConfigKeys (ConfUtils.java:logGet(43)) - raft.server.log.appender.buffer.byte-limit = 33554432 (custom)
2019-10-15 00:41:46,318 [pool-47-thread-1] INFO  server.RaftServerConfigKeys (ConfUtils.java:logGet(43)) - raft.server.log.appender.buffer.byte-limit = 33554432 (custom)
2019-10-15 00:41:46,318 [pool-87-thread-1] INFO  segmented.SegmentedRaftLogWorker (SegmentedRaftLogWorker.java:<init>(173)) - new 35e64544-bc3d-465e-adee-d25b886edeb0@group-B1D43214130F-SegmentedRaftLogWorker for RaftStorage:Storage Directory /workdir/hadoop-ozone/integration-test/target/test-dir/MiniOzoneClusterImpl-e538d966-0196-4657-9505-dd1c5b05d6aa/datanode-6/data/ratis/e7baa7a4-ae86-432e-8694-b1d43214130f
2019-10-15 00:41:46,318 [pool-47-thread-1] INFO  server.RaftServerConfigKeys (ConfUtils.java:logGet(43)) - raft.server.log.segment.size.max = 1048576 (custom)
2019-10-15 00:41:46,318 [pool-67-thread-1] INFO  server.RaftServerConfigKeys (ConfUtils.java:logGet(43)) - raft.server.log.segment.size.max = 1048576 (custom)
2019-10-15 00:41:46,319 [pool-47-thread-1] INFO  server.RaftServerConfigKeys (ConfUtils.java:logGet(43)) - raft.server.log.segment.cache.num.max = 2 (custom)
2019-10-15 00:41:46,318 [pool-87-thread-1] INFO  server.RaftServerConfigKeys (ConfUtils.java:logGet(43)) - raft.server.log.queue.byte-limit = 2147483647 (custom)
2019-10-15 00:41:46,319 [pool-47-thread-1] INFO  segmented.SegmentedRaftLogWorker (SegmentedRaftLogWorker.java:<init>(173)) - new c6075369-1c86-4712-9082-dc56af3ba339@group-B1D43214130F-SegmentedRaftLogWorker for RaftStorage:Storage Directory /workdir/hadoop-ozone/integration-test/target/test-dir/MiniOzoneClusterImpl-e538d966-0196-4657-9505-dd1c5b05d6aa/datanode-2/data/ratis/e7baa7a4-ae86-432e-8694-b1d43214130f
2019-10-15 00:41:46,319 [pool-67-thread-1] INFO  server.RaftServerConfigKeys (ConfUtils.java:logGet(43)) - raft.server.log.segment.cache.num.max = 2 (custom)
2019-10-15 00:41:46,319 [pool-47-thread-1] INFO  server.RaftServerConfigKeys (ConfUtils.java:logGet(43)) - raft.server.log.queue.byte-limit = 2147483647 (custom)
2019-10-15 00:41:46,319 [pool-87-thread-1] INFO  server.RaftServerConfigKeys (ConfUtils.java:logGet(43)) - raft.server.log.queue.element-limit = 1024 (custom)
2019-10-15 00:41:46,319 [pool-47-thread-1] INFO  server.RaftServerConfigKeys (ConfUtils.java:logGet(43)) - raft.server.log.queue.element-limit = 1024 (custom)
2019-10-15 00:41:46,319 [pool-67-thread-1] INFO  segmented.SegmentedRaftLogWorker (SegmentedRaftLogWorker.java:<init>(173)) - new f5d1e668-fe69-48c6-a450-c44235d2144d@group-B1D43214130F-SegmentedRaftLogWorker for RaftStorage:Storage Directory /workdir/hadoop-ozone/integration-test/target/test-dir/MiniOzoneClusterImpl-e538d966-0196-4657-9505-dd1c5b05d6aa/datanode-4/data/ratis/e7baa7a4-ae86-432e-8694-b1d43214130f
2019-10-15 00:41:46,319 [pool-47-thread-1] INFO  server.RaftServerConfigKeys (ConfUtils.java:logGet(43)) - raft.server.log.segment.size.max = 1048576 (custom)
2019-10-15 00:41:46,319 [pool-87-thread-1] INFO  server.RaftServerConfigKeys (ConfUtils.java:logGet(43)) - raft.server.log.segment.size.max = 1048576 (custom)
2019-10-15 00:41:46,320 [pool-47-thread-1] INFO  server.RaftServerConfigKeys (ConfUtils.java:logGet(43)) - raft.server.log.preallocated.size = 16384 (custom)
2019-10-15 00:41:46,320 [pool-67-thread-1] INFO  server.RaftServerConfigKeys (ConfUtils.java:logGet(43)) - raft.server.log.queue.byte-limit = 2147483647 (custom)
2019-10-15 00:41:46,320 [pool-47-thread-1] INFO  server.RaftServerConfigKeys (ConfUtils.java:logGet(43)) - raft.server.log.write.buffer.size = 33554432 (custom)
2019-10-15 00:41:46,320 [pool-87-thread-1] INFO  server.RaftServerConfigKeys (ConfUtils.java:logGet(43)) - raft.server.log.preallocated.size = 16384 (custom)
2019-10-15 00:41:46,320 [pool-47-thread-1] INFO  server.RaftServerConfigKeys (ConfUtils.java:logGet(43)) - raft.server.log.force.sync.num = 128 (default)
2019-10-15 00:41:46,320 [pool-67-thread-1] INFO  server.RaftServerConfigKeys (ConfUtils.java:logGet(43)) - raft.server.log.queue.element-limit = 1024 (custom)
2019-10-15 00:41:46,320 [pool-47-thread-1] INFO  server.RaftServerConfigKeys (ConfUtils.java:logGet(43)) - raft.server.log.statemachine.data.sync = true (default)
2019-10-15 00:41:46,320 [pool-87-thread-1] INFO  server.RaftServerConfigKeys (ConfUtils.java:logGet(43)) - raft.server.log.write.buffer.size = 33554432 (custom)
2019-10-15 00:41:46,321 [pool-47-thread-1] INFO  server.RaftServerConfigKeys (ConfUtils.java:logGet(43)) - raft.server.log.statemachine.data.sync.timeout = 10s (default)
2019-10-15 00:41:46,321 [pool-67-thread-1] INFO  server.RaftServerConfigKeys (ConfUtils.java:logGet(43)) - raft.server.log.segment.size.max = 1048576 (custom)
2019-10-15 00:41:46,321 [pool-47-thread-1] INFO  server.RaftServerConfigKeys (ConfUtils.java:logGet(43)) - raft.server.log.statemachine.data.sync.timeout.retry = -1 (default)
2019-10-15 00:41:46,321 [pool-87-thread-1] INFO  server.RaftServerConfigKeys (ConfUtils.java:logGet(43)) - raft.server.log.force.sync.num = 128 (default)
2019-10-15 00:41:46,321 [pool-47-thread-1] INFO  server.RaftServerConfigKeys (ConfUtils.java:logGet(43)) - raft.server.log.statemachine.data.caching.enabled = true (custom)
2019-10-15 00:41:46,321 [pool-67-thread-1] INFO  server.RaftServerConfigKeys (ConfUtils.java:logGet(43)) - raft.server.log.preallocated.size = 16384 (custom)
2019-10-15 00:41:46,321 [pool-87-thread-1] INFO  server.RaftServerConfigKeys (ConfUtils.java:logGet(43)) - raft.server.log.statemachine.data.sync = true (default)
2019-10-15 00:41:46,322 [pool-67-thread-1] INFO  server.RaftServerConfigKeys (ConfUtils.java:logGet(43)) - raft.server.log.write.buffer.size = 33554432 (custom)
2019-10-15 00:41:46,321 [pool-47-thread-1] INFO  segmented.SegmentedRaftLogWorker (SegmentedRaftLogWorker.java:lambda$new$0(128)) - c6075369-1c86-4712-9082-dc56af3ba339@group-B1D43214130F-SegmentedRaftLogWorker: flushIndex: setUnconditionally 0 -> -1
2019-10-15 00:41:46,322 [pool-67-thread-1] INFO  server.RaftServerConfigKeys (ConfUtils.java:logGet(43)) - raft.server.log.force.sync.num = 128 (default)
2019-10-15 00:41:46,322 [pool-47-thread-1] INFO  server.RaftServerConfigKeys (ConfUtils.java:logGet(43)) - raft.server.snapshot.auto.trigger.enabled = true (custom)
2019-10-15 00:41:46,322 [pool-87-thread-1] INFO  server.RaftServerConfigKeys (ConfUtils.java:logGet(43)) - raft.server.log.statemachine.data.sync.timeout = 10s (default)
2019-10-15 00:41:46,322 [pool-47-thread-1] INFO  server.RaftServerConfigKeys (ConfUtils.java:logGet(43)) - raft.server.snapshot.auto.trigger.threshold = 10000 (custom)
2019-10-15 00:41:46,322 [pool-67-thread-1] INFO  server.RaftServerConfigKeys (ConfUtils.java:logGet(43)) - raft.server.log.statemachine.data.sync = true (default)
2019-10-15 00:41:46,322 [pool-47-thread-1] INFO  server.RaftServerConfigKeys (ConfUtils.java:logGet(43)) - raft.server.snapshot.retention.file.num = 5 (custom)
2019-10-15 00:41:46,322 [pool-87-thread-1] INFO  server.RaftServerConfigKeys (ConfUtils.java:logGet(43)) - raft.server.log.statemachine.data.sync.timeout.retry = -1 (default)
2019-10-15 00:41:46,323 [pool-47-thread-1] INFO  server.RaftServerConfigKeys (ConfUtils.java:logGet(43)) - raft.server.retrycache.expirytime = 600000ms (custom)
2019-10-15 00:41:46,323 [pool-67-thread-1] INFO  server.RaftServerConfigKeys (ConfUtils.java:logGet(43)) - raft.server.log.statemachine.data.sync.timeout = 10s (default)
2019-10-15 00:41:46,323 [pool-87-thread-1] INFO  server.RaftServerConfigKeys (ConfUtils.java:logGet(43)) - raft.server.log.statemachine.data.caching.enabled = true (custom)
2019-10-15 00:41:46,323 [pool-67-thread-1] INFO  server.RaftServerConfigKeys (ConfUtils.java:logGet(43)) - raft.server.log.statemachine.data.sync.timeout.retry = -1 (default)
2019-10-15 00:41:46,324 [pool-67-thread-1] INFO  server.RaftServerConfigKeys (ConfUtils.java:logGet(43)) - raft.server.log.statemachine.data.caching.enabled = true (custom)
2019-10-15 00:41:46,324 [pool-87-thread-1] INFO  segmented.SegmentedRaftLogWorker (SegmentedRaftLogWorker.java:lambda$new$0(128)) - 35e64544-bc3d-465e-adee-d25b886edeb0@group-B1D43214130F-SegmentedRaftLogWorker: flushIndex: setUnconditionally 0 -> -1
2019-10-15 00:41:46,324 [pool-67-thread-1] INFO  segmented.SegmentedRaftLogWorker (SegmentedRaftLogWorker.java:lambda$new$0(128)) - f5d1e668-fe69-48c6-a450-c44235d2144d@group-B1D43214130F-SegmentedRaftLogWorker: flushIndex: setUnconditionally 0 -> -1
2019-10-15 00:41:46,324 [pool-87-thread-1] INFO  server.RaftServerConfigKeys (ConfUtils.java:logGet(43)) - raft.server.snapshot.auto.trigger.enabled = true (custom)
2019-10-15 00:41:46,324 [pool-67-thread-1] INFO  server.RaftServerConfigKeys (ConfUtils.java:logGet(43)) - raft.server.snapshot.auto.trigger.enabled = true (custom)
2019-10-15 00:41:46,324 [pool-87-thread-1] INFO  server.RaftServerConfigKeys (ConfUtils.java:logGet(43)) - raft.server.snapshot.auto.trigger.threshold = 10000 (custom)
2019-10-15 00:41:46,324 [pool-67-thread-1] INFO  server.RaftServerConfigKeys (ConfUtils.java:logGet(43)) - raft.server.snapshot.auto.trigger.threshold = 10000 (custom)
2019-10-15 00:41:46,325 [pool-47-thread-1] INFO  impl.RaftServerImpl (RaftServerImpl.java:start(181)) - c6075369-1c86-4712-9082-dc56af3ba339@group-B1D43214130F: start as a follower, conf=-1: [c6075369-1c86-4712-9082-dc56af3ba339:192.168.164.218:34070, 35e64544-bc3d-465e-adee-d25b886edeb0:192.168.164.218:35915, f5d1e668-fe69-48c6-a450-c44235d2144d:192.168.164.218:41414], old=null
2019-10-15 00:41:46,324 [pool-87-thread-1] INFO  server.RaftServerConfigKeys (ConfUtils.java:logGet(43)) - raft.server.snapshot.retention.file.num = 5 (custom)
2019-10-15 00:41:46,325 [pool-47-thread-1] INFO  impl.RaftServerImpl (RaftServerImpl.java:setRole(170)) - c6075369-1c86-4712-9082-dc56af3ba339@group-B1D43214130F: changes role from      null to FOLLOWER at term 0 for startAsFollower
2019-10-15 00:41:46,325 [pool-67-thread-1] INFO  server.RaftServerConfigKeys (ConfUtils.java:logGet(43)) - raft.server.snapshot.retention.file.num = 5 (custom)
2019-10-15 00:41:46,325 [pool-47-thread-1] INFO  impl.RoleInfo (RoleInfo.java:updateAndGet(143)) - c6075369-1c86-4712-9082-dc56af3ba339: start FollowerState
2019-10-15 00:41:46,325 [pool-87-thread-1] INFO  server.RaftServerConfigKeys (ConfUtils.java:logGet(43)) - raft.server.retrycache.expirytime = 600000ms (custom)
2019-10-15 00:41:46,325 [pool-67-thread-1] INFO  server.RaftServerConfigKeys (ConfUtils.java:logGet(43)) - raft.server.retrycache.expirytime = 600000ms (custom)
2019-10-15 00:41:46,325 [pool-47-thread-1] INFO  util.JmxRegister (JmxRegister.java:tryRegister(44)) - Successfully registered JMX Bean with object name Ratis:service=RaftServer,group=group-B1D43214130F,id=c6075369-1c86-4712-9082-dc56af3ba339
2019-10-15 00:41:46,330 [pool-87-thread-1] INFO  impl.RaftServerImpl (RaftServerImpl.java:start(181)) - 35e64544-bc3d-465e-adee-d25b886edeb0@group-B1D43214130F: start as a follower, conf=-1: [c6075369-1c86-4712-9082-dc56af3ba339:192.168.164.218:34070, 35e64544-bc3d-465e-adee-d25b886edeb0:192.168.164.218:35915, f5d1e668-fe69-48c6-a450-c44235d2144d:192.168.164.218:41414], old=null
2019-10-15 00:41:46,330 [pool-67-thread-1] INFO  impl.RaftServerImpl (RaftServerImpl.java:start(181)) - f5d1e668-fe69-48c6-a450-c44235d2144d@group-B1D43214130F: start as a follower, conf=-1: [c6075369-1c86-4712-9082-dc56af3ba339:192.168.164.218:34070, 35e64544-bc3d-465e-adee-d25b886edeb0:192.168.164.218:35915, f5d1e668-fe69-48c6-a450-c44235d2144d:192.168.164.218:41414], old=null
2019-10-15 00:41:46,330 [pool-87-thread-1] INFO  impl.RaftServerImpl (RaftServerImpl.java:setRole(170)) - 35e64544-bc3d-465e-adee-d25b886edeb0@group-B1D43214130F: changes role from      null to FOLLOWER at term 0 for startAsFollower
2019-10-15 00:41:46,330 [pool-67-thread-1] INFO  impl.RaftServerImpl (RaftServerImpl.java:setRole(170)) - f5d1e668-fe69-48c6-a450-c44235d2144d@group-B1D43214130F: changes role from      null to FOLLOWER at term 0 for startAsFollower
2019-10-15 00:41:46,330 [pool-87-thread-1] INFO  impl.RoleInfo (RoleInfo.java:updateAndGet(143)) - 35e64544-bc3d-465e-adee-d25b886edeb0: start FollowerState
2019-10-15 00:41:46,330 [pool-67-thread-1] INFO  impl.RoleInfo (RoleInfo.java:updateAndGet(143)) - f5d1e668-fe69-48c6-a450-c44235d2144d: start FollowerState
2019-10-15 00:41:46,331 [pool-87-thread-1] INFO  util.JmxRegister (JmxRegister.java:tryRegister(44)) - Successfully registered JMX Bean with object name Ratis:service=RaftServer,group=group-B1D43214130F,id=35e64544-bc3d-465e-adee-d25b886edeb0
2019-10-15 00:41:46,331 [pool-67-thread-1] INFO  util.JmxRegister (JmxRegister.java:tryRegister(44)) - Successfully registered JMX Bean with object name Ratis:service=RaftServer,group=group-B1D43214130F,id=f5d1e668-fe69-48c6-a450-c44235d2144d
2019-10-15 00:41:46,340 [RatisPipelineUtilsThread] INFO  pipeline.PipelineStateManager (PipelineStateManager.java:addPipeline(57)) - Created pipeline Pipeline[ Id: e7baa7a4-ae86-432e-8694-b1d43214130f, Nodes: 35e64544-bc3d-465e-adee-d25b886edeb0{ip: 192.168.164.218, host: pr-hdds-1868-7bj8h-208101609, networkLocation: /default-rack, certSerialId: null}f5d1e668-fe69-48c6-a450-c44235d2144d{ip: 192.168.164.218, host: pr-hdds-1868-7bj8h-208101609, networkLocation: /default-rack, certSerialId: null}c6075369-1c86-4712-9082-dc56af3ba339{ip: 192.168.164.218, host: pr-hdds-1868-7bj8h-208101609, networkLocation: /default-rack, certSerialId: null}, Type:RATIS, Factor:THREE, State:ALLOCATED]
2019-10-15 00:41:47,054 [main] INFO  ozone.MiniOzoneClusterImpl (MiniOzoneClusterImpl.java:lambda$waitForClusterToBeReady$2(164)) - Waiting for 9 number of pipelines out of 9, to report a leader.
2019-10-15 00:41:48,055 [main] INFO  ozone.MiniOzoneClusterImpl (MiniOzoneClusterImpl.java:lambda$waitForClusterToBeReady$2(164)) - Waiting for 9 number of pipelines out of 9, to report a leader.
2019-10-15 00:41:49,055 [main] INFO  ozone.MiniOzoneClusterImpl (MiniOzoneClusterImpl.java:lambda$waitForClusterToBeReady$2(164)) - Waiting for 9 number of pipelines out of 9, to report a leader.
2019-10-15 00:41:50,056 [main] INFO  ozone.MiniOzoneClusterImpl (MiniOzoneClusterImpl.java:lambda$waitForClusterToBeReady$2(164)) - Waiting for 9 number of pipelines out of 9, to report a leader.
2019-10-15 00:41:50,206 [Thread-281] INFO  impl.FollowerState (FollowerState.java:run(108)) - b4be3a15-5992-443a-af08-7fcb05eb4936@group-C707702FE182-FollowerState: change to CANDIDATE, lastRpcTime:5014ms, electionTimeout:5014ms
2019-10-15 00:41:50,210 [Thread-281] INFO  impl.RoleInfo (RoleInfo.java:shutdownFollowerState(121)) - b4be3a15-5992-443a-af08-7fcb05eb4936: shutdown FollowerState
2019-10-15 00:41:50,211 [Thread-281] INFO  impl.RaftServerImpl (RaftServerImpl.java:setRole(170)) - b4be3a15-5992-443a-af08-7fcb05eb4936@group-C707702FE182: changes role from  FOLLOWER to CANDIDATE at term 0 for changeToCandidate
2019-10-15 00:41:50,219 [Thread-281] INFO  impl.RoleInfo (RoleInfo.java:updateAndGet(143)) - b4be3a15-5992-443a-af08-7fcb05eb4936: start LeaderElection
2019-10-15 00:41:50,374 [b4be3a15-5992-443a-af08-7fcb05eb4936@group-C707702FE182-LeaderElection1] INFO  impl.LeaderElection (LeaderElection.java:askForVotes(178)) - b4be3a15-5992-443a-af08-7fcb05eb4936@group-C707702FE182-LeaderElection1: begin an election at term 1 for -1: [b4be3a15-5992-443a-af08-7fcb05eb4936:192.168.164.218:35214], old=null
2019-10-15 00:41:50,376 [b4be3a15-5992-443a-af08-7fcb05eb4936@group-C707702FE182-LeaderElection1] INFO  impl.RoleInfo (RoleInfo.java:shutdownLeaderElection(134)) - b4be3a15-5992-443a-af08-7fcb05eb4936: shutdown LeaderElection
2019-10-15 00:41:50,377 [b4be3a15-5992-443a-af08-7fcb05eb4936@group-C707702FE182-LeaderElection1] INFO  impl.RaftServerImpl (RaftServerImpl.java:setRole(170)) - b4be3a15-5992-443a-af08-7fcb05eb4936@group-C707702FE182: changes role from CANDIDATE to LEADER at term 1 for changeToLeader
2019-10-15 00:41:50,377 [b4be3a15-5992-443a-af08-7fcb05eb4936@group-C707702FE182-LeaderElection1] INFO  ratis.XceiverServerRatis (XceiverServerRatis.java:handleLeaderChangedNotification(702)) - Leader change notification received for group: group-C707702FE182 with new leaderId: b4be3a15-5992-443a-af08-7fcb05eb4936
2019-10-15 00:41:50,383 [b4be3a15-5992-443a-af08-7fcb05eb4936@group-C707702FE182-LeaderElection1] INFO  impl.RaftServerImpl (ServerState.java:setLeader(255)) - b4be3a15-5992-443a-af08-7fcb05eb4936@group-C707702FE182: change Leader from null to b4be3a15-5992-443a-af08-7fcb05eb4936 at term 1 for becomeLeader, leader elected after 5194ms
2019-10-15 00:41:50,391 [b4be3a15-5992-443a-af08-7fcb05eb4936@group-C707702FE182-LeaderElection1] INFO  server.RaftServerConfigKeys (ConfUtils.java:logGet(43)) - raft.server.staging.catchup.gap = 1000 (default)
2019-10-15 00:41:50,392 [b4be3a15-5992-443a-af08-7fcb05eb4936@group-C707702FE182-LeaderElection1] INFO  server.RaftServerConfigKeys (ConfUtils.java:logGet(43)) - raft.server.rpc.sleep.time = 25ms (default)
2019-10-15 00:41:50,396 [b4be3a15-5992-443a-af08-7fcb05eb4936@group-C707702FE182-LeaderElection1] INFO  server.RaftServerConfigKeys (ConfUtils.java:logGet(43)) - raft.server.write.element-limit = 4096 (default)
2019-10-15 00:41:50,399 [b4be3a15-5992-443a-af08-7fcb05eb4936@group-C707702FE182-LeaderElection1] INFO  server.RaftServerConfigKeys (ConfUtils.java:logGet(43)) - raft.server.watch.timeout = 10s (default)
2019-10-15 00:41:50,400 [b4be3a15-5992-443a-af08-7fcb05eb4936@group-C707702FE182-LeaderElection1] INFO  server.RaftServerConfigKeys (ConfUtils.java:logGet(43)) - raft.server.watch.timeout.denomination = 1s (default)
2019-10-15 00:41:50,401 [b4be3a15-5992-443a-af08-7fcb05eb4936@group-C707702FE182-LeaderElection1] INFO  server.RaftServerConfigKeys (ConfUtils.java:logGet(43)) - raft.server.watch.element-limit = 65536 (default)
2019-10-15 00:41:50,404 [EventQueue-PipelineReportForPipelineReportHandler] INFO  pipeline.PipelineReportHandler (PipelineReportHandler.java:processPipelineReport(119)) - Pipeline PipelineID=25c14886-6129-4808-b057-c707702fe182 reported by b4be3a15-5992-443a-af08-7fcb05eb4936{ip: 192.168.164.218, host: pr-hdds-1868-7bj8h-208101609, networkLocation: /default-rack, certSerialId: null} with leaderId b4be3a15-5992-443a-af08-7fcb05eb4936
2019-10-15 00:41:50,409 [EventQueue-PipelineReportForPipelineReportHandler] INFO  pipeline.PipelineStateManager (PipelineStateManager.java:openPipeline(136)) - Pipeline Pipeline[ Id: 25c14886-6129-4808-b057-c707702fe182, Nodes: b4be3a15-5992-443a-af08-7fcb05eb4936{ip: 192.168.164.218, host: pr-hdds-1868-7bj8h-208101609, networkLocation: /default-rack, certSerialId: null}, Type:RATIS, Factor:ONE, State:OPEN] moved to OPEN state
2019-10-15 00:41:50,415 [b4be3a15-5992-443a-af08-7fcb05eb4936@group-C707702FE182-LeaderElection1] INFO  impl.RoleInfo (RoleInfo.java:updateAndGet(143)) - b4be3a15-5992-443a-af08-7fcb05eb4936: start LeaderState
2019-10-15 00:41:50,423 [Thread-285] INFO  impl.FollowerState (FollowerState.java:run(108)) - f5d1e668-fe69-48c6-a450-c44235d2144d@group-1947756956B0-FollowerState: change to CANDIDATE, lastRpcTime:5126ms, electionTimeout:5126ms
2019-10-15 00:41:50,423 [Thread-285] INFO  impl.RoleInfo (RoleInfo.java:shutdownFollowerState(121)) - f5d1e668-fe69-48c6-a450-c44235d2144d: shutdown FollowerState
2019-10-15 00:41:50,423 [Thread-285] INFO  impl.RaftServerImpl (RaftServerImpl.java:setRole(170)) - f5d1e668-fe69-48c6-a450-c44235d2144d@group-1947756956B0: changes role from  FOLLOWER to CANDIDATE at term 0 for changeToCandidate
2019-10-15 00:41:50,424 [Thread-285] INFO  impl.RoleInfo (RoleInfo.java:updateAndGet(143)) - f5d1e668-fe69-48c6-a450-c44235d2144d: start LeaderElection
2019-10-15 00:41:50,443 [b4be3a15-5992-443a-af08-7fcb05eb4936@group-C707702FE182-LeaderElection1] INFO  segmented.SegmentedRaftLogWorker (SegmentedRaftLogWorker.java:startLogSegment(385)) - b4be3a15-5992-443a-af08-7fcb05eb4936@group-C707702FE182-SegmentedRaftLogWorker: Starting segment from index:0
2019-10-15 00:41:50,452 [b4be3a15-5992-443a-af08-7fcb05eb4936@group-C707702FE182-LeaderElection1] INFO  impl.RaftServerImpl (ServerState.java:setRaftConf(356)) - b4be3a15-5992-443a-af08-7fcb05eb4936@group-C707702FE182: set configuration 0: [b4be3a15-5992-443a-af08-7fcb05eb4936:192.168.164.218:35214], old=null at 0
2019-10-15 00:41:50,471 [f5d1e668-fe69-48c6-a450-c44235d2144d@group-1947756956B0-LeaderElection2] INFO  impl.LeaderElection (LeaderElection.java:askForVotes(178)) - f5d1e668-fe69-48c6-a450-c44235d2144d@group-1947756956B0-LeaderElection2: begin an election at term 1 for -1: [f5d1e668-fe69-48c6-a450-c44235d2144d:192.168.164.218:41414], old=null
2019-10-15 00:41:50,473 [f5d1e668-fe69-48c6-a450-c44235d2144d@group-1947756956B0-LeaderElection2] INFO  impl.RoleInfo (RoleInfo.java:shutdownLeaderElection(134)) - f5d1e668-fe69-48c6-a450-c44235d2144d: shutdown LeaderElection
2019-10-15 00:41:50,473 [f5d1e668-fe69-48c6-a450-c44235d2144d@group-1947756956B0-LeaderElection2] INFO  impl.RaftServerImpl (RaftServerImpl.java:setRole(170)) - f5d1e668-fe69-48c6-a450-c44235d2144d@group-1947756956B0: changes role from CANDIDATE to LEADER at term 1 for changeToLeader
2019-10-15 00:41:50,473 [f5d1e668-fe69-48c6-a450-c44235d2144d@group-1947756956B0-LeaderElection2] INFO  ratis.XceiverServerRatis (XceiverServerRatis.java:handleLeaderChangedNotification(702)) - Leader change notification received for group: group-1947756956B0 with new leaderId: f5d1e668-fe69-48c6-a450-c44235d2144d
2019-10-15 00:41:50,475 [f5d1e668-fe69-48c6-a450-c44235d2144d@group-1947756956B0-LeaderElection2] INFO  impl.RaftServerImpl (ServerState.java:setLeader(255)) - f5d1e668-fe69-48c6-a450-c44235d2144d@group-1947756956B0: change Leader from null to f5d1e668-fe69-48c6-a450-c44235d2144d at term 1 for becomeLeader, leader elected after 5181ms
2019-10-15 00:41:50,477 [f5d1e668-fe69-48c6-a450-c44235d2144d@group-1947756956B0-LeaderElection2] INFO  server.RaftServerConfigKeys (ConfUtils.java:logGet(43)) - raft.server.staging.catchup.gap = 1000 (default)
2019-10-15 00:41:50,477 [f5d1e668-fe69-48c6-a450-c44235d2144d@group-1947756956B0-LeaderElection2] INFO  server.RaftServerConfigKeys (ConfUtils.java:logGet(43)) - raft.server.rpc.sleep.time = 25ms (default)
2019-10-15 00:41:50,478 [f5d1e668-fe69-48c6-a450-c44235d2144d@group-1947756956B0-LeaderElection2] INFO  server.RaftServerConfigKeys (ConfUtils.java:logGet(43)) - raft.server.write.element-limit = 4096 (default)
2019-10-15 00:41:50,478 [f5d1e668-fe69-48c6-a450-c44235d2144d@group-1947756956B0-LeaderElection2] INFO  server.RaftServerConfigKeys (ConfUtils.java:logGet(43)) - raft.server.watch.timeout = 10s (default)
2019-10-15 00:41:50,478 [f5d1e668-fe69-48c6-a450-c44235d2144d@group-1947756956B0-LeaderElection2] INFO  server.RaftServerConfigKeys (ConfUtils.java:logGet(43)) - raft.server.watch.timeout.denomination = 1s (default)
2019-10-15 00:41:50,478 [EventQueue-PipelineReportForPipelineReportHandler] INFO  pipeline.PipelineReportHandler (PipelineReportHandler.java:processPipelineReport(119)) - Pipeline PipelineID=bd3a9f28-4239-4aa1-b1c5-1947756956b0 reported by f5d1e668-fe69-48c6-a450-c44235d2144d{ip: 192.168.164.218, host: pr-hdds-1868-7bj8h-208101609, networkLocation: /default-rack, certSerialId: null} with leaderId f5d1e668-fe69-48c6-a450-c44235d2144d
2019-10-15 00:41:50,478 [f5d1e668-fe69-48c6-a450-c44235d2144d@group-1947756956B0-LeaderElection2] INFO  server.RaftServerConfigKeys (ConfUtils.java:logGet(43)) - raft.server.watch.element-limit = 65536 (default)
2019-10-15 00:41:50,479 [EventQueue-PipelineReportForPipelineReportHandler] INFO  pipeline.PipelineStateManager (PipelineStateManager.java:openPipeline(136)) - Pipeline Pipeline[ Id: bd3a9f28-4239-4aa1-b1c5-1947756956b0, Nodes: f5d1e668-fe69-48c6-a450-c44235d2144d{ip: 192.168.164.218, host: pr-hdds-1868-7bj8h-208101609, networkLocation: /default-rack, certSerialId: null}, Type:RATIS, Factor:ONE, State:OPEN] moved to OPEN state
2019-10-15 00:41:50,479 [EventQueue-PipelineReportForPipelineReportHandler] INFO  pipeline.PipelineReportHandler (PipelineReportHandler.java:processPipelineReport(119)) - Pipeline PipelineID=e7baa7a4-ae86-432e-8694-b1d43214130f reported by f5d1e668-fe69-48c6-a450-c44235d2144d{ip: 192.168.164.218, host: pr-hdds-1868-7bj8h-208101609, networkLocation: /default-rack, certSerialId: null} with leaderId 
2019-10-15 00:41:50,482 [f5d1e668-fe69-48c6-a450-c44235d2144d@group-1947756956B0-LeaderElection2] INFO  impl.RoleInfo (RoleInfo.java:updateAndGet(143)) - f5d1e668-fe69-48c6-a450-c44235d2144d: start LeaderState
2019-10-15 00:41:50,483 [f5d1e668-fe69-48c6-a450-c44235d2144d@group-1947756956B0-LeaderElection2] INFO  segmented.SegmentedRaftLogWorker (SegmentedRaftLogWorker.java:startLogSegment(385)) - f5d1e668-fe69-48c6-a450-c44235d2144d@group-1947756956B0-SegmentedRaftLogWorker: Starting segment from index:0
2019-10-15 00:41:50,483 [f5d1e668-fe69-48c6-a450-c44235d2144d@group-1947756956B0-LeaderElection2] INFO  impl.RaftServerImpl (ServerState.java:setRaftConf(356)) - f5d1e668-fe69-48c6-a450-c44235d2144d@group-1947756956B0: set configuration 0: [f5d1e668-fe69-48c6-a450-c44235d2144d:192.168.164.218:41414], old=null at 0
2019-10-15 00:41:50,588 [Thread-292] INFO  impl.FollowerState (FollowerState.java:run(108)) - b6a7a8d3-8079-4dfa-92cd-d231555e9b27@group-331A4D48181B-FollowerState: change to CANDIDATE, lastRpcTime:5119ms, electionTimeout:5119ms
2019-10-15 00:41:50,588 [Thread-292] INFO  impl.RoleInfo (RoleInfo.java:shutdownFollowerState(121)) - b6a7a8d3-8079-4dfa-92cd-d231555e9b27: shutdown FollowerState
2019-10-15 00:41:50,588 [Thread-292] INFO  impl.RaftServerImpl (RaftServerImpl.java:setRole(170)) - b6a7a8d3-8079-4dfa-92cd-d231555e9b27@group-331A4D48181B: changes role from  FOLLOWER to CANDIDATE at term 0 for changeToCandidate
2019-10-15 00:41:50,588 [Thread-292] INFO  impl.RoleInfo (RoleInfo.java:updateAndGet(143)) - b6a7a8d3-8079-4dfa-92cd-d231555e9b27: start LeaderElection
2019-10-15 00:41:50,604 [Thread-299] INFO  impl.FollowerState (FollowerState.java:run(108)) - 88a7d5fa-cc02-424e-979e-9137321ddddd@group-3E7865DF923C-FollowerState: change to CANDIDATE, lastRpcTime:5024ms, electionTimeout:5024ms
2019-10-15 00:41:50,604 [Thread-299] INFO  impl.RoleInfo (RoleInfo.java:shutdownFollowerState(121)) - 88a7d5fa-cc02-424e-979e-9137321ddddd: shutdown FollowerState
2019-10-15 00:41:50,604 [Thread-299] INFO  impl.RaftServerImpl (RaftServerImpl.java:setRole(170)) - 88a7d5fa-cc02-424e-979e-9137321ddddd@group-3E7865DF923C: changes role from  FOLLOWER to CANDIDATE at term 0 for changeToCandidate
2019-10-15 00:41:50,605 [Thread-299] INFO  impl.RoleInfo (RoleInfo.java:updateAndGet(143)) - 88a7d5fa-cc02-424e-979e-9137321ddddd: start LeaderElection
2019-10-15 00:41:50,615 [Thread-298] INFO  impl.FollowerState (FollowerState.java:run(108)) - b6a7a8d3-8079-4dfa-92cd-d231555e9b27@group-3E7865DF923C-FollowerState: change to CANDIDATE, lastRpcTime:5035ms, electionTimeout:5035ms
2019-10-15 00:41:50,615 [Thread-298] INFO  impl.RoleInfo (RoleInfo.java:shutdownFollowerState(121)) - b6a7a8d3-8079-4dfa-92cd-d231555e9b27: shutdown FollowerState
2019-10-15 00:41:50,615 [Thread-298] INFO  impl.RaftServerImpl (RaftServerImpl.java:setRole(170)) - b6a7a8d3-8079-4dfa-92cd-d231555e9b27@group-3E7865DF923C: changes role from  FOLLOWER to CANDIDATE at term 0 for changeToCandidate
2019-10-15 00:41:50,615 [Thread-298] INFO  impl.RoleInfo (RoleInfo.java:updateAndGet(143)) - b6a7a8d3-8079-4dfa-92cd-d231555e9b27: start LeaderElection
2019-10-15 00:41:50,656 [b6a7a8d3-8079-4dfa-92cd-d231555e9b27@group-331A4D48181B-LeaderElection3] INFO  impl.LeaderElection (LeaderElection.java:askForVotes(178)) - b6a7a8d3-8079-4dfa-92cd-d231555e9b27@group-331A4D48181B-LeaderElection3: begin an election at term 1 for -1: [b6a7a8d3-8079-4dfa-92cd-d231555e9b27:192.168.164.218:36375], old=null
2019-10-15 00:41:50,656 [b6a7a8d3-8079-4dfa-92cd-d231555e9b27@group-331A4D48181B-LeaderElection3] INFO  impl.RoleInfo (RoleInfo.java:shutdownLeaderElection(134)) - b6a7a8d3-8079-4dfa-92cd-d231555e9b27: shutdown LeaderElection
2019-10-15 00:41:50,656 [b6a7a8d3-8079-4dfa-92cd-d231555e9b27@group-331A4D48181B-LeaderElection3] INFO  impl.RaftServerImpl (RaftServerImpl.java:setRole(170)) - b6a7a8d3-8079-4dfa-92cd-d231555e9b27@group-331A4D48181B: changes role from CANDIDATE to LEADER at term 1 for changeToLeader
2019-10-15 00:41:50,656 [b6a7a8d3-8079-4dfa-92cd-d231555e9b27@group-331A4D48181B-LeaderElection3] INFO  ratis.XceiverServerRatis (XceiverServerRatis.java:handleLeaderChangedNotification(702)) - Leader change notification received for group: group-331A4D48181B with new leaderId: b6a7a8d3-8079-4dfa-92cd-d231555e9b27
2019-10-15 00:41:50,670 [b6a7a8d3-8079-4dfa-92cd-d231555e9b27@group-331A4D48181B-LeaderElection3] INFO  impl.RaftServerImpl (ServerState.java:setLeader(255)) - b6a7a8d3-8079-4dfa-92cd-d231555e9b27@group-331A4D48181B: change Leader from null to b6a7a8d3-8079-4dfa-92cd-d231555e9b27 at term 1 for becomeLeader, leader elected after 5195ms
2019-10-15 00:41:50,670 [b6a7a8d3-8079-4dfa-92cd-d231555e9b27@group-3E7865DF923C-LeaderElection5] INFO  impl.LeaderElection (LeaderElection.java:askForVotes(178)) - b6a7a8d3-8079-4dfa-92cd-d231555e9b27@group-3E7865DF923C-LeaderElection5: begin an election at term 1 for -1: [88a7d5fa-cc02-424e-979e-9137321ddddd:192.168.164.218:32954, b6a7a8d3-8079-4dfa-92cd-d231555e9b27:192.168.164.218:36375, abc841f7-ccc7-46f2-94a7-38b3b9eaef01:192.168.164.218:46404], old=null
2019-10-15 00:41:50,672 [b6a7a8d3-8079-4dfa-92cd-d231555e9b27@group-331A4D48181B-LeaderElection3] INFO  server.RaftServerConfigKeys (ConfUtils.java:logGet(43)) - raft.server.staging.catchup.gap = 1000 (default)
2019-10-15 00:41:50,670 [88a7d5fa-cc02-424e-979e-9137321ddddd@group-3E7865DF923C-LeaderElection4] INFO  impl.LeaderElection (LeaderElection.java:askForVotes(178)) - 88a7d5fa-cc02-424e-979e-9137321ddddd@group-3E7865DF923C-LeaderElection4: begin an election at term 1 for -1: [88a7d5fa-cc02-424e-979e-9137321ddddd:192.168.164.218:32954, b6a7a8d3-8079-4dfa-92cd-d231555e9b27:192.168.164.218:36375, abc841f7-ccc7-46f2-94a7-38b3b9eaef01:192.168.164.218:46404], old=null
2019-10-15 00:41:50,673 [b6a7a8d3-8079-4dfa-92cd-d231555e9b27@group-331A4D48181B-LeaderElection3] INFO  server.RaftServerConfigKeys (ConfUtils.java:logGet(43)) - raft.server.rpc.sleep.time = 25ms (default)
2019-10-15 00:41:50,673 [b6a7a8d3-8079-4dfa-92cd-d231555e9b27@group-331A4D48181B-LeaderElection3] INFO  server.RaftServerConfigKeys (ConfUtils.java:logGet(43)) - raft.server.write.element-limit = 4096 (default)
2019-10-15 00:41:50,673 [b6a7a8d3-8079-4dfa-92cd-d231555e9b27@group-331A4D48181B-LeaderElection3] INFO  server.RaftServerConfigKeys (ConfUtils.java:logGet(43)) - raft.server.watch.timeout = 10s (default)
2019-10-15 00:41:50,674 [b6a7a8d3-8079-4dfa-92cd-d231555e9b27@group-331A4D48181B-LeaderElection3] INFO  server.RaftServerConfigKeys (ConfUtils.java:logGet(43)) - raft.server.watch.timeout.denomination = 1s (default)
2019-10-15 00:41:50,674 [b6a7a8d3-8079-4dfa-92cd-d231555e9b27@group-331A4D48181B-LeaderElection3] INFO  server.RaftServerConfigKeys (ConfUtils.java:logGet(43)) - raft.server.watch.element-limit = 65536 (default)
2019-10-15 00:41:50,674 [EventQueue-PipelineReportForPipelineReportHandler] INFO  pipeline.PipelineReportHandler (PipelineReportHandler.java:processPipelineReport(119)) - Pipeline PipelineID=de6286c9-04d1-40ee-8907-3e7865df923c reported by b6a7a8d3-8079-4dfa-92cd-d231555e9b27{ip: 192.168.164.218, host: pr-hdds-1868-7bj8h-208101609, networkLocation: /default-rack, certSerialId: null} with leaderId 
2019-10-15 00:41:50,674 [EventQueue-PipelineReportForPipelineReportHandler] INFO  pipeline.PipelineReportHandler (PipelineReportHandler.java:processPipelineReport(119)) - Pipeline PipelineID=54cbac66-b29b-4498-91a9-331a4d48181b reported by b6a7a8d3-8079-4dfa-92cd-d231555e9b27{ip: 192.168.164.218, host: pr-hdds-1868-7bj8h-208101609, networkLocation: /default-rack, certSerialId: null} with leaderId b6a7a8d3-8079-4dfa-92cd-d231555e9b27
2019-10-15 00:41:50,675 [EventQueue-PipelineReportForPipelineReportHandler] INFO  pipeline.PipelineStateManager (PipelineStateManager.java:openPipeline(136)) - Pipeline Pipeline[ Id: 54cbac66-b29b-4498-91a9-331a4d48181b, Nodes: b6a7a8d3-8079-4dfa-92cd-d231555e9b27{ip: 192.168.164.218, host: pr-hdds-1868-7bj8h-208101609, networkLocation: /default-rack, certSerialId: null}, Type:RATIS, Factor:ONE, State:OPEN] moved to OPEN state
2019-10-15 00:41:50,678 [b6a7a8d3-8079-4dfa-92cd-d231555e9b27@group-331A4D48181B-LeaderElection3] INFO  impl.RoleInfo (RoleInfo.java:updateAndGet(143)) - b6a7a8d3-8079-4dfa-92cd-d231555e9b27: start LeaderState
2019-10-15 00:41:50,678 [b6a7a8d3-8079-4dfa-92cd-d231555e9b27@group-331A4D48181B-LeaderElection3] INFO  segmented.SegmentedRaftLogWorker (SegmentedRaftLogWorker.java:startLogSegment(385)) - b6a7a8d3-8079-4dfa-92cd-d231555e9b27@group-331A4D48181B-SegmentedRaftLogWorker: Starting segment from index:0
2019-10-15 00:41:50,679 [b6a7a8d3-8079-4dfa-92cd-d231555e9b27@group-331A4D48181B-LeaderElection3] INFO  impl.RaftServerImpl (ServerState.java:setRaftConf(356)) - b6a7a8d3-8079-4dfa-92cd-d231555e9b27@group-331A4D48181B: set configuration 0: [b6a7a8d3-8079-4dfa-92cd-d231555e9b27:192.168.164.218:36375], old=null at 0
2019-10-15 00:41:50,710 [b4be3a15-5992-443a-af08-7fcb05eb4936@group-C707702FE182-SegmentedRaftLogWorker] INFO  segmented.SegmentedRaftLogWorker (SegmentedRaftLogWorker.java:execute(576)) - b4be3a15-5992-443a-af08-7fcb05eb4936@group-C707702FE182-SegmentedRaftLogWorker: created new log segment /workdir/hadoop-ozone/integration-test/target/test-dir/MiniOzoneClusterImpl-e538d966-0196-4657-9505-dd1c5b05d6aa/datanode-0/data/ratis/25c14886-6129-4808-b057-c707702fe182/current/log_inprogress_0
2019-10-15 00:41:50,710 [f5d1e668-fe69-48c6-a450-c44235d2144d@group-1947756956B0-SegmentedRaftLogWorker] INFO  segmented.SegmentedRaftLogWorker (SegmentedRaftLogWorker.java:execute(576)) - f5d1e668-fe69-48c6-a450-c44235d2144d@group-1947756956B0-SegmentedRaftLogWorker: created new log segment /workdir/hadoop-ozone/integration-test/target/test-dir/MiniOzoneClusterImpl-e538d966-0196-4657-9505-dd1c5b05d6aa/datanode-4/data/ratis/bd3a9f28-4239-4aa1-b1c5-1947756956b0/current/log_inprogress_0
2019-10-15 00:41:50,729 [grpc-default-executor-1] INFO  impl.RaftServerImpl (RaftServerImpl.java:setRole(170)) - abc841f7-ccc7-46f2-94a7-38b3b9eaef01@group-3E7865DF923C: changes role from  FOLLOWER to FOLLOWER at term 1 for recognizeCandidate:b6a7a8d3-8079-4dfa-92cd-d231555e9b27
2019-10-15 00:41:50,730 [grpc-default-executor-1] INFO  impl.RoleInfo (RoleInfo.java:shutdownFollowerState(121)) - abc841f7-ccc7-46f2-94a7-38b3b9eaef01: shutdown FollowerState
2019-10-15 00:41:50,730 [Thread-297] INFO  impl.FollowerState (FollowerState.java:run(117)) - abc841f7-ccc7-46f2-94a7-38b3b9eaef01@group-3E7865DF923C-FollowerState was interrupted: java.lang.InterruptedException: sleep interrupted
2019-10-15 00:41:50,730 [grpc-default-executor-1] INFO  impl.RoleInfo (RoleInfo.java:updateAndGet(143)) - abc841f7-ccc7-46f2-94a7-38b3b9eaef01: start FollowerState
2019-10-15 00:41:50,740 [b6a7a8d3-8079-4dfa-92cd-d231555e9b27@group-331A4D48181B-SegmentedRaftLogWorker] INFO  segmented.SegmentedRaftLogWorker (SegmentedRaftLogWorker.java:execute(576)) - b6a7a8d3-8079-4dfa-92cd-d231555e9b27@group-331A4D48181B-SegmentedRaftLogWorker: created new log segment /workdir/hadoop-ozone/integration-test/target/test-dir/MiniOzoneClusterImpl-e538d966-0196-4657-9505-dd1c5b05d6aa/datanode-3/data/ratis/54cbac66-b29b-4498-91a9-331a4d48181b/current/log_inprogress_0
2019-10-15 00:41:50,769 [88a7d5fa-cc02-424e-979e-9137321ddddd@group-3E7865DF923C-LeaderElection4] INFO  impl.LeaderElection (LeaderElection.java:logAndReturn(56)) - 88a7d5fa-cc02-424e-979e-9137321ddddd@group-3E7865DF923C-LeaderElection4: Election REJECTED; received 2 response(s) [88a7d5fa-cc02-424e-979e-9137321ddddd<-b6a7a8d3-8079-4dfa-92cd-d231555e9b27#0:FAIL-t1, 88a7d5fa-cc02-424e-979e-9137321ddddd<-abc841f7-ccc7-46f2-94a7-38b3b9eaef01#0:FAIL-t1] and 0 exception(s); 88a7d5fa-cc02-424e-979e-9137321ddddd@group-3E7865DF923C:t1, leader=null, voted=88a7d5fa-cc02-424e-979e-9137321ddddd, raftlog=88a7d5fa-cc02-424e-979e-9137321ddddd@group-3E7865DF923C-SegmentedRaftLog:OPENED:c-1,f-1,i0, conf=-1: [88a7d5fa-cc02-424e-979e-9137321ddddd:192.168.164.218:32954, b6a7a8d3-8079-4dfa-92cd-d231555e9b27:192.168.164.218:36375, abc841f7-ccc7-46f2-94a7-38b3b9eaef01:192.168.164.218:46404], old=null
2019-10-15 00:41:50,769 [b6a7a8d3-8079-4dfa-92cd-d231555e9b27@group-3E7865DF923C-LeaderElection5] INFO  impl.LeaderElection (LeaderElection.java:logAndReturn(56)) - b6a7a8d3-8079-4dfa-92cd-d231555e9b27@group-3E7865DF923C-LeaderElection5: Election PASSED; received 2 response(s) [b6a7a8d3-8079-4dfa-92cd-d231555e9b27<-88a7d5fa-cc02-424e-979e-9137321ddddd#0:FAIL-t1, b6a7a8d3-8079-4dfa-92cd-d231555e9b27<-abc841f7-ccc7-46f2-94a7-38b3b9eaef01#0:OK-t1] and 0 exception(s); b6a7a8d3-8079-4dfa-92cd-d231555e9b27@group-3E7865DF923C:t1, leader=null, voted=b6a7a8d3-8079-4dfa-92cd-d231555e9b27, raftlog=b6a7a8d3-8079-4dfa-92cd-d231555e9b27@group-3E7865DF923C-SegmentedRaftLog:OPENED:c-1,f-1,i0, conf=-1: [88a7d5fa-cc02-424e-979e-9137321ddddd:192.168.164.218:32954, b6a7a8d3-8079-4dfa-92cd-d231555e9b27:192.168.164.218:36375, abc841f7-ccc7-46f2-94a7-38b3b9eaef01:192.168.164.218:46404], old=null
2019-10-15 00:41:50,770 [88a7d5fa-cc02-424e-979e-9137321ddddd@group-3E7865DF923C-LeaderElection4] INFO  impl.RaftServerImpl (RaftServerImpl.java:setRole(170)) - 88a7d5fa-cc02-424e-979e-9137321ddddd@group-3E7865DF923C: changes role from CANDIDATE to FOLLOWER at term 1 for DISCOVERED_A_NEW_TERM
2019-10-15 00:41:50,770 [b6a7a8d3-8079-4dfa-92cd-d231555e9b27@group-3E7865DF923C-LeaderElection5] INFO  impl.RoleInfo (RoleInfo.java:shutdownLeaderElection(134)) - b6a7a8d3-8079-4dfa-92cd-d231555e9b27: shutdown LeaderElection
2019-10-15 00:41:50,776 [88a7d5fa-cc02-424e-979e-9137321ddddd@group-3E7865DF923C-LeaderElection4] INFO  impl.RoleInfo (RoleInfo.java:shutdownLeaderElection(134)) - 88a7d5fa-cc02-424e-979e-9137321ddddd: shutdown LeaderElection
2019-10-15 00:41:50,778 [b6a7a8d3-8079-4dfa-92cd-d231555e9b27@group-3E7865DF923C-LeaderElection5] INFO  impl.RaftServerImpl (RaftServerImpl.java:setRole(170)) - b6a7a8d3-8079-4dfa-92cd-d231555e9b27@group-3E7865DF923C: changes role from CANDIDATE to LEADER at term 1 for changeToLeader
2019-10-15 00:41:50,778 [88a7d5fa-cc02-424e-979e-9137321ddddd@group-3E7865DF923C-LeaderElection4] INFO  impl.RoleInfo (RoleInfo.java:updateAndGet(143)) - 88a7d5fa-cc02-424e-979e-9137321ddddd: start FollowerState
2019-10-15 00:41:50,778 [b6a7a8d3-8079-4dfa-92cd-d231555e9b27@group-3E7865DF923C-LeaderElection5] INFO  ratis.XceiverServerRatis (XceiverServerRatis.java:handleLeaderChangedNotification(702)) - Leader change notification received for group: group-3E7865DF923C with new leaderId: b6a7a8d3-8079-4dfa-92cd-d231555e9b27
2019-10-15 00:41:50,778 [b6a7a8d3-8079-4dfa-92cd-d231555e9b27@group-3E7865DF923C-LeaderElection5] INFO  impl.RaftServerImpl (ServerState.java:setLeader(255)) - b6a7a8d3-8079-4dfa-92cd-d231555e9b27@group-3E7865DF923C: change Leader from null to b6a7a8d3-8079-4dfa-92cd-d231555e9b27 at term 1 for becomeLeader, leader elected after 5216ms
2019-10-15 00:41:50,779 [b6a7a8d3-8079-4dfa-92cd-d231555e9b27@group-3E7865DF923C-LeaderElection5] INFO  server.RaftServerConfigKeys (ConfUtils.java:logGet(43)) - raft.server.staging.catchup.gap = 1000 (default)
2019-10-15 00:41:50,779 [b6a7a8d3-8079-4dfa-92cd-d231555e9b27@group-3E7865DF923C-LeaderElection5] INFO  server.RaftServerConfigKeys (ConfUtils.java:logGet(43)) - raft.server.rpc.sleep.time = 25ms (default)
2019-10-15 00:41:50,779 [b6a7a8d3-8079-4dfa-92cd-d231555e9b27@group-3E7865DF923C-LeaderElection5] INFO  server.RaftServerConfigKeys (ConfUtils.java:logGet(43)) - raft.server.write.element-limit = 4096 (default)
2019-10-15 00:41:50,779 [b6a7a8d3-8079-4dfa-92cd-d231555e9b27@group-3E7865DF923C-LeaderElection5] INFO  server.RaftServerConfigKeys (ConfUtils.java:logGet(43)) - raft.server.watch.timeout = 10s (default)
2019-10-15 00:41:50,779 [b6a7a8d3-8079-4dfa-92cd-d231555e9b27@group-3E7865DF923C-LeaderElection5] INFO  server.RaftServerConfigKeys (ConfUtils.java:logGet(43)) - raft.server.watch.timeout.denomination = 1s (default)
2019-10-15 00:41:50,779 [b6a7a8d3-8079-4dfa-92cd-d231555e9b27@group-3E7865DF923C-LeaderElection5] INFO  server.RaftServerConfigKeys (ConfUtils.java:logGet(43)) - raft.server.watch.element-limit = 65536 (default)
2019-10-15 00:41:50,780 [EventQueue-PipelineReportForPipelineReportHandler] INFO  pipeline.PipelineReportHandler (PipelineReportHandler.java:processPipelineReport(119)) - Pipeline PipelineID=de6286c9-04d1-40ee-8907-3e7865df923c reported by b6a7a8d3-8079-4dfa-92cd-d231555e9b27{ip: 192.168.164.218, host: pr-hdds-1868-7bj8h-208101609, networkLocation: /default-rack, certSerialId: null} with leaderId b6a7a8d3-8079-4dfa-92cd-d231555e9b27
2019-10-15 00:41:50,786 [b6a7a8d3-8079-4dfa-92cd-d231555e9b27@group-3E7865DF923C-LeaderElection5] INFO  server.RaftServerConfigKeys (ConfUtils.java:logGet(43)) - raft.server.log.appender.snapshot.chunk.size.max = 16MB (=16777216) (default)
2019-10-15 00:41:50,787 [b6a7a8d3-8079-4dfa-92cd-d231555e9b27@group-3E7865DF923C-LeaderElection5] INFO  server.RaftServerConfigKeys (ConfUtils.java:logGet(43)) - raft.server.log.appender.buffer.byte-limit = 33554432 (custom)
2019-10-15 00:41:50,788 [b6a7a8d3-8079-4dfa-92cd-d231555e9b27@group-3E7865DF923C-LeaderElection5] INFO  server.RaftServerConfigKeys (ConfUtils.java:logGet(43)) - raft.server.log.appender.buffer.element-limit = 1 (custom)
2019-10-15 00:41:50,792 [b6a7a8d3-8079-4dfa-92cd-d231555e9b27@group-3E7865DF923C-LeaderElection5] INFO  grpc.GrpcConfigKeys$Server (ConfUtils.java:logGet(43)) - raft.grpc.server.leader.outstanding.appends.max = 128 (default)
2019-10-15 00:41:50,793 [b6a7a8d3-8079-4dfa-92cd-d231555e9b27@group-3E7865DF923C-LeaderElection5] INFO  server.RaftServerConfigKeys (ConfUtils.java:logGet(43)) - raft.server.rpc.request.timeout = 3000ms (default)
2019-10-15 00:41:50,794 [b6a7a8d3-8079-4dfa-92cd-d231555e9b27@group-3E7865DF923C-LeaderElection5] INFO  server.RaftServerConfigKeys (ConfUtils.java:logGet(43)) - raft.server.log.appender.install.snapshot.enabled = false (custom)
2019-10-15 00:41:50,795 [b6a7a8d3-8079-4dfa-92cd-d231555e9b27@group-3E7865DF923C-LeaderElection5] INFO  server.RaftServerConfigKeys (ConfUtils.java:logGet(43)) - raft.server.log.appender.snapshot.chunk.size.max = 16MB (=16777216) (default)
2019-10-15 00:41:50,795 [b6a7a8d3-8079-4dfa-92cd-d231555e9b27@group-3E7865DF923C-LeaderElection5] INFO  server.RaftServerConfigKeys (ConfUtils.java:logGet(43)) - raft.server.log.appender.buffer.byte-limit = 33554432 (custom)
2019-10-15 00:41:50,795 [b6a7a8d3-8079-4dfa-92cd-d231555e9b27@group-3E7865DF923C-LeaderElection5] INFO  server.RaftServerConfigKeys (ConfUtils.java:logGet(43)) - raft.server.log.appender.buffer.element-limit = 1 (custom)
2019-10-15 00:41:50,796 [b6a7a8d3-8079-4dfa-92cd-d231555e9b27@group-3E7865DF923C-LeaderElection5] INFO  grpc.GrpcConfigKeys$Server (ConfUtils.java:logGet(43)) - raft.grpc.server.leader.outstanding.appends.max = 128 (default)
2019-10-15 00:41:50,796 [b6a7a8d3-8079-4dfa-92cd-d231555e9b27@group-3E7865DF923C-LeaderElection5] INFO  server.RaftServerConfigKeys (ConfUtils.java:logGet(43)) - raft.server.rpc.request.timeout = 3000ms (default)
2019-10-15 00:41:50,796 [b6a7a8d3-8079-4dfa-92cd-d231555e9b27@group-3E7865DF923C-LeaderElection5] INFO  server.RaftServerConfigKeys (ConfUtils.java:logGet(43)) - raft.server.log.appender.install.snapshot.enabled = false (custom)
2019-10-15 00:41:50,800 [b6a7a8d3-8079-4dfa-92cd-d231555e9b27@group-3E7865DF923C-LeaderElection5] INFO  impl.RoleInfo (RoleInfo.java:updateAndGet(143)) - b6a7a8d3-8079-4dfa-92cd-d231555e9b27: start LeaderState
2019-10-15 00:41:50,800 [b6a7a8d3-8079-4dfa-92cd-d231555e9b27@group-3E7865DF923C-LeaderElection5] INFO  segmented.SegmentedRaftLogWorker (SegmentedRaftLogWorker.java:startLogSegment(385)) - b6a7a8d3-8079-4dfa-92cd-d231555e9b27@group-3E7865DF923C-SegmentedRaftLogWorker: Starting segment from index:0
2019-10-15 00:41:50,801 [b6a7a8d3-8079-4dfa-92cd-d231555e9b27@group-3E7865DF923C-LeaderElection5] INFO  impl.RaftServerImpl (ServerState.java:setRaftConf(356)) - b6a7a8d3-8079-4dfa-92cd-d231555e9b27@group-3E7865DF923C: set configuration 0: [88a7d5fa-cc02-424e-979e-9137321ddddd:192.168.164.218:32954, b6a7a8d3-8079-4dfa-92cd-d231555e9b27:192.168.164.218:36375, abc841f7-ccc7-46f2-94a7-38b3b9eaef01:192.168.164.218:46404], old=null at 0
2019-10-15 00:41:50,840 [grpc-default-executor-1] INFO  ratis.XceiverServerRatis (XceiverServerRatis.java:handleLeaderChangedNotification(702)) - Leader change notification received for group: group-3E7865DF923C with new leaderId: b6a7a8d3-8079-4dfa-92cd-d231555e9b27
2019-10-15 00:41:50,840 [grpc-default-executor-3] INFO  ratis.XceiverServerRatis (XceiverServerRatis.java:handleLeaderChangedNotification(702)) - Leader change notification received for group: group-3E7865DF923C with new leaderId: b6a7a8d3-8079-4dfa-92cd-d231555e9b27
2019-10-15 00:41:50,842 [grpc-default-executor-1] INFO  impl.RaftServerImpl (ServerState.java:setLeader(255)) - abc841f7-ccc7-46f2-94a7-38b3b9eaef01@group-3E7865DF923C: change Leader from null to b6a7a8d3-8079-4dfa-92cd-d231555e9b27 at term 1 for appendEntries, leader elected after 5278ms
2019-10-15 00:41:50,843 [grpc-default-executor-3] INFO  impl.RaftServerImpl (ServerState.java:setLeader(255)) - 88a7d5fa-cc02-424e-979e-9137321ddddd@group-3E7865DF923C: change Leader from null to b6a7a8d3-8079-4dfa-92cd-d231555e9b27 at term 1 for appendEntries, leader elected after 5277ms
2019-10-15 00:41:50,845 [EventQueue-PipelineReportForPipelineReportHandler] INFO  pipeline.PipelineReportHandler (PipelineReportHandler.java:processPipelineReport(119)) - Pipeline PipelineID=de6286c9-04d1-40ee-8907-3e7865df923c reported by 88a7d5fa-cc02-424e-979e-9137321ddddd{ip: 192.168.164.218, host: pr-hdds-1868-7bj8h-208101609, networkLocation: /default-rack, certSerialId: null} with leaderId b6a7a8d3-8079-4dfa-92cd-d231555e9b27
2019-10-15 00:41:50,845 [EventQueue-PipelineReportForPipelineReportHandler] INFO  pipeline.PipelineReportHandler (PipelineReportHandler.java:processPipelineReport(119)) - Pipeline PipelineID=06c450f0-e4e7-41cf-a83e-be4b386eafdc reported by 88a7d5fa-cc02-424e-979e-9137321ddddd{ip: 192.168.164.218, host: pr-hdds-1868-7bj8h-208101609, networkLocation: /default-rack, certSerialId: null} with leaderId 
2019-10-15 00:41:50,845 [EventQueue-PipelineReportForPipelineReportHandler] INFO  pipeline.PipelineStateManager (PipelineStateManager.java:openPipeline(136)) - Pipeline Pipeline[ Id: 06c450f0-e4e7-41cf-a83e-be4b386eafdc, Nodes: 88a7d5fa-cc02-424e-979e-9137321ddddd{ip: 192.168.164.218, host: pr-hdds-1868-7bj8h-208101609, networkLocation: /default-rack, certSerialId: null}, Type:RATIS, Factor:ONE, State:OPEN] moved to OPEN state
2019-10-15 00:41:50,845 [EventQueue-PipelineReportForPipelineReportHandler] INFO  pipeline.PipelineReportHandler (PipelineReportHandler.java:processPipelineReport(119)) - Pipeline PipelineID=feed93c2-b3c5-410e-aa38-809752e5d0c8 reported by abc841f7-ccc7-46f2-94a7-38b3b9eaef01{ip: 192.168.164.218, host: pr-hdds-1868-7bj8h-208101609, networkLocation: /default-rack, certSerialId: null} with leaderId 
2019-10-15 00:41:50,845 [EventQueue-PipelineReportForPipelineReportHandler] INFO  pipeline.PipelineStateManager (PipelineStateManager.java:openPipeline(136)) - Pipeline Pipeline[ Id: feed93c2-b3c5-410e-aa38-809752e5d0c8, Nodes: abc841f7-ccc7-46f2-94a7-38b3b9eaef01{ip: 192.168.164.218, host: pr-hdds-1868-7bj8h-208101609, networkLocation: /default-rack, certSerialId: null}, Type:RATIS, Factor:ONE, State:OPEN] moved to OPEN state
2019-10-15 00:41:50,846 [EventQueue-PipelineReportForPipelineReportHandler] INFO  pipeline.PipelineReportHandler (PipelineReportHandler.java:processPipelineReport(119)) - Pipeline PipelineID=de6286c9-04d1-40ee-8907-3e7865df923c reported by abc841f7-ccc7-46f2-94a7-38b3b9eaef01{ip: 192.168.164.218, host: pr-hdds-1868-7bj8h-208101609, networkLocation: /default-rack, certSerialId: null} with leaderId b6a7a8d3-8079-4dfa-92cd-d231555e9b27
2019-10-15 00:41:50,846 [EventQueue-PipelineReportForPipelineReportHandler] INFO  pipeline.PipelineStateManager (PipelineStateManager.java:openPipeline(136)) - Pipeline Pipeline[ Id: de6286c9-04d1-40ee-8907-3e7865df923c, Nodes: b6a7a8d3-8079-4dfa-92cd-d231555e9b27{ip: 192.168.164.218, host: pr-hdds-1868-7bj8h-208101609, networkLocation: /default-rack, certSerialId: null}abc841f7-ccc7-46f2-94a7-38b3b9eaef01{ip: 192.168.164.218, host: pr-hdds-1868-7bj8h-208101609, networkLocation: /default-rack, certSerialId: null}88a7d5fa-cc02-424e-979e-9137321ddddd{ip: 192.168.164.218, host: pr-hdds-1868-7bj8h-208101609, networkLocation: /default-rack, certSerialId: null}, Type:RATIS, Factor:THREE, State:OPEN] moved to OPEN state
2019-10-15 00:41:50,864 [b6a7a8d3-8079-4dfa-92cd-d231555e9b27@group-3E7865DF923C-SegmentedRaftLogWorker] INFO  segmented.SegmentedRaftLogWorker (SegmentedRaftLogWorker.java:execute(576)) - b6a7a8d3-8079-4dfa-92cd-d231555e9b27@group-3E7865DF923C-SegmentedRaftLogWorker: created new log segment /workdir/hadoop-ozone/integration-test/target/test-dir/MiniOzoneClusterImpl-e538d966-0196-4657-9505-dd1c5b05d6aa/datanode-3/data/ratis/de6286c9-04d1-40ee-8907-3e7865df923c/current/log_inprogress_0
2019-10-15 00:41:50,874 [grpc-default-executor-1] INFO  impl.RaftServerImpl (ServerState.java:setRaftConf(356)) - 88a7d5fa-cc02-424e-979e-9137321ddddd@group-3E7865DF923C: set configuration 0: [88a7d5fa-cc02-424e-979e-9137321ddddd:192.168.164.218:32954, b6a7a8d3-8079-4dfa-92cd-d231555e9b27:192.168.164.218:36375, abc841f7-ccc7-46f2-94a7-38b3b9eaef01:192.168.164.218:46404], old=null at 0
2019-10-15 00:41:50,876 [grpc-default-executor-3] INFO  impl.RaftServerImpl (ServerState.java:setRaftConf(356)) - abc841f7-ccc7-46f2-94a7-38b3b9eaef01@group-3E7865DF923C: set configuration 0: [88a7d5fa-cc02-424e-979e-9137321ddddd:192.168.164.218:32954, b6a7a8d3-8079-4dfa-92cd-d231555e9b27:192.168.164.218:36375, abc841f7-ccc7-46f2-94a7-38b3b9eaef01:192.168.164.218:46404], old=null at 0
2019-10-15 00:41:50,876 [grpc-default-executor-1] INFO  segmented.SegmentedRaftLogWorker (SegmentedRaftLogWorker.java:startLogSegment(385)) - 88a7d5fa-cc02-424e-979e-9137321ddddd@group-3E7865DF923C-SegmentedRaftLogWorker: Starting segment from index:0
2019-10-15 00:41:50,876 [grpc-default-executor-3] INFO  segmented.SegmentedRaftLogWorker (SegmentedRaftLogWorker.java:startLogSegment(385)) - abc841f7-ccc7-46f2-94a7-38b3b9eaef01@group-3E7865DF923C-SegmentedRaftLogWorker: Starting segment from index:0
2019-10-15 00:41:50,930 [Thread-305] INFO  impl.FollowerState (FollowerState.java:run(108)) - abc841f7-ccc7-46f2-94a7-38b3b9eaef01@group-809752E5D0C8-FollowerState: change to CANDIDATE, lastRpcTime:5245ms, electionTimeout:5173ms
2019-10-15 00:41:50,930 [Thread-305] INFO  impl.RoleInfo (RoleInfo.java:shutdownFollowerState(121)) - abc841f7-ccc7-46f2-94a7-38b3b9eaef01: shutdown FollowerState
2019-10-15 00:41:50,930 [Thread-305] INFO  impl.RaftServerImpl (RaftServerImpl.java:setRole(170)) - abc841f7-ccc7-46f2-94a7-38b3b9eaef01@group-809752E5D0C8: changes role from  FOLLOWER to CANDIDATE at term 0 for changeToCandidate
2019-10-15 00:41:50,930 [Thread-305] INFO  impl.RoleInfo (RoleInfo.java:updateAndGet(143)) - abc841f7-ccc7-46f2-94a7-38b3b9eaef01: start LeaderElection
2019-10-15 00:41:50,940 [88a7d5fa-cc02-424e-979e-9137321ddddd@group-3E7865DF923C-SegmentedRaftLogWorker] INFO  segmented.SegmentedRaftLogWorker (SegmentedRaftLogWorker.java:execute(576)) - 88a7d5fa-cc02-424e-979e-9137321ddddd@group-3E7865DF923C-SegmentedRaftLogWorker: created new log segment /workdir/hadoop-ozone/integration-test/target/test-dir/MiniOzoneClusterImpl-e538d966-0196-4657-9505-dd1c5b05d6aa/datanode-1/data/ratis/de6286c9-04d1-40ee-8907-3e7865df923c/current/log_inprogress_0
2019-10-15 00:41:50,940 [abc841f7-ccc7-46f2-94a7-38b3b9eaef01@group-3E7865DF923C-SegmentedRaftLogWorker] INFO  segmented.SegmentedRaftLogWorker (SegmentedRaftLogWorker.java:execute(576)) - abc841f7-ccc7-46f2-94a7-38b3b9eaef01@group-3E7865DF923C-SegmentedRaftLogWorker: created new log segment /workdir/hadoop-ozone/integration-test/target/test-dir/MiniOzoneClusterImpl-e538d966-0196-4657-9505-dd1c5b05d6aa/datanode-5/data/ratis/de6286c9-04d1-40ee-8907-3e7865df923c/current/log_inprogress_0
2019-10-15 00:41:50,980 [abc841f7-ccc7-46f2-94a7-38b3b9eaef01@group-809752E5D0C8-LeaderElection6] INFO  impl.LeaderElection (LeaderElection.java:askForVotes(178)) - abc841f7-ccc7-46f2-94a7-38b3b9eaef01@group-809752E5D0C8-LeaderElection6: begin an election at term 1 for -1: [abc841f7-ccc7-46f2-94a7-38b3b9eaef01:192.168.164.218:46404], old=null
2019-10-15 00:41:50,981 [abc841f7-ccc7-46f2-94a7-38b3b9eaef01@group-809752E5D0C8-LeaderElection6] INFO  impl.RoleInfo (RoleInfo.java:shutdownLeaderElection(134)) - abc841f7-ccc7-46f2-94a7-38b3b9eaef01: shutdown LeaderElection
2019-10-15 00:41:50,981 [abc841f7-ccc7-46f2-94a7-38b3b9eaef01@group-809752E5D0C8-LeaderElection6] INFO  impl.RaftServerImpl (RaftServerImpl.java:setRole(170)) - abc841f7-ccc7-46f2-94a7-38b3b9eaef01@group-809752E5D0C8: changes role from CANDIDATE to LEADER at term 1 for changeToLeader
2019-10-15 00:41:50,981 [abc841f7-ccc7-46f2-94a7-38b3b9eaef01@group-809752E5D0C8-LeaderElection6] INFO  ratis.XceiverServerRatis (XceiverServerRatis.java:handleLeaderChangedNotification(702)) - Leader change notification received for group: group-809752E5D0C8 with new leaderId: abc841f7-ccc7-46f2-94a7-38b3b9eaef01
2019-10-15 00:41:50,981 [abc841f7-ccc7-46f2-94a7-38b3b9eaef01@group-809752E5D0C8-LeaderElection6] INFO  impl.RaftServerImpl (ServerState.java:setLeader(255)) - abc841f7-ccc7-46f2-94a7-38b3b9eaef01@group-809752E5D0C8: change Leader from null to abc841f7-ccc7-46f2-94a7-38b3b9eaef01 at term 1 for becomeLeader, leader elected after 5301ms
2019-10-15 00:41:50,983 [abc841f7-ccc7-46f2-94a7-38b3b9eaef01@group-809752E5D0C8-LeaderElection6] INFO  server.RaftServerConfigKeys (ConfUtils.java:logGet(43)) - raft.server.staging.catchup.gap = 1000 (default)
2019-10-15 00:41:50,983 [abc841f7-ccc7-46f2-94a7-38b3b9eaef01@group-809752E5D0C8-LeaderElection6] INFO  server.RaftServerConfigKeys (ConfUtils.java:logGet(43)) - raft.server.rpc.sleep.time = 25ms (default)
2019-10-15 00:41:50,983 [abc841f7-ccc7-46f2-94a7-38b3b9eaef01@group-809752E5D0C8-LeaderElection6] INFO  server.RaftServerConfigKeys (ConfUtils.java:logGet(43)) - raft.server.write.element-limit = 4096 (default)
2019-10-15 00:41:50,984 [abc841f7-ccc7-46f2-94a7-38b3b9eaef01@group-809752E5D0C8-LeaderElection6] INFO  server.RaftServerConfigKeys (ConfUtils.java:logGet(43)) - raft.server.watch.timeout = 10s (default)
2019-10-15 00:41:50,984 [abc841f7-ccc7-46f2-94a7-38b3b9eaef01@group-809752E5D0C8-LeaderElection6] INFO  server.RaftServerConfigKeys (ConfUtils.java:logGet(43)) - raft.server.watch.timeout.denomination = 1s (default)
2019-10-15 00:41:50,984 [abc841f7-ccc7-46f2-94a7-38b3b9eaef01@group-809752E5D0C8-LeaderElection6] INFO  server.RaftServerConfigKeys (ConfUtils.java:logGet(43)) - raft.server.watch.element-limit = 65536 (default)
2019-10-15 00:41:50,987 [abc841f7-ccc7-46f2-94a7-38b3b9eaef01@group-809752E5D0C8-LeaderElection6] INFO  impl.RoleInfo (RoleInfo.java:updateAndGet(143)) - abc841f7-ccc7-46f2-94a7-38b3b9eaef01: start LeaderState
2019-10-15 00:41:50,987 [abc841f7-ccc7-46f2-94a7-38b3b9eaef01@group-809752E5D0C8-LeaderElection6] INFO  segmented.SegmentedRaftLogWorker (SegmentedRaftLogWorker.java:startLogSegment(385)) - abc841f7-ccc7-46f2-94a7-38b3b9eaef01@group-809752E5D0C8-SegmentedRaftLogWorker: Starting segment from index:0
2019-10-15 00:41:50,988 [abc841f7-ccc7-46f2-94a7-38b3b9eaef01@group-809752E5D0C8-LeaderElection6] INFO  impl.RaftServerImpl (ServerState.java:setRaftConf(356)) - abc841f7-ccc7-46f2-94a7-38b3b9eaef01@group-809752E5D0C8: set configuration 0: [abc841f7-ccc7-46f2-94a7-38b3b9eaef01:192.168.164.218:46404], old=null at 0
2019-10-15 00:41:51,055 [Thread-313] INFO  impl.FollowerState (FollowerState.java:run(108)) - 88a7d5fa-cc02-424e-979e-9137321ddddd@group-BE4B386EAFDC-FollowerState: change to CANDIDATE, lastRpcTime:5010ms, electionTimeout:5010ms
2019-10-15 00:41:51,055 [abc841f7-ccc7-46f2-94a7-38b3b9eaef01@group-809752E5D0C8-SegmentedRaftLogWorker] INFO  segmented.SegmentedRaftLogWorker (SegmentedRaftLogWorker.java:execute(576)) - abc841f7-ccc7-46f2-94a7-38b3b9eaef01@group-809752E5D0C8-SegmentedRaftLogWorker: created new log segment /workdir/hadoop-ozone/integration-test/target/test-dir/MiniOzoneClusterImpl-e538d966-0196-4657-9505-dd1c5b05d6aa/datanode-5/data/ratis/feed93c2-b3c5-410e-aa38-809752e5d0c8/current/log_inprogress_0
2019-10-15 00:41:51,056 [Thread-313] INFO  impl.RoleInfo (RoleInfo.java:shutdownFollowerState(121)) - 88a7d5fa-cc02-424e-979e-9137321ddddd: shutdown FollowerState
2019-10-15 00:41:51,056 [Thread-313] INFO  impl.RaftServerImpl (RaftServerImpl.java:setRole(170)) - 88a7d5fa-cc02-424e-979e-9137321ddddd@group-BE4B386EAFDC: changes role from  FOLLOWER to CANDIDATE at term 0 for changeToCandidate
2019-10-15 00:41:51,056 [Thread-313] INFO  impl.RoleInfo (RoleInfo.java:updateAndGet(143)) - 88a7d5fa-cc02-424e-979e-9137321ddddd: start LeaderElection
2019-10-15 00:41:51,056 [main] INFO  ozone.MiniOzoneClusterImpl (MiniOzoneClusterImpl.java:lambda$waitForClusterToBeReady$2(164)) - Waiting for 3 number of pipelines out of 9, to report a leader.
2019-10-15 00:41:51,066 [Thread-309] INFO  impl.FollowerState (FollowerState.java:run(108)) - c6075369-1c86-4712-9082-dc56af3ba339@group-7B7301C5C746-FollowerState: change to CANDIDATE, lastRpcTime:5139ms, electionTimeout:5139ms
2019-10-15 00:41:51,067 [Thread-309] INFO  impl.RoleInfo (RoleInfo.java:shutdownFollowerState(121)) - c6075369-1c86-4712-9082-dc56af3ba339: shutdown FollowerState
2019-10-15 00:41:51,067 [Thread-309] INFO  impl.RaftServerImpl (RaftServerImpl.java:setRole(170)) - c6075369-1c86-4712-9082-dc56af3ba339@group-7B7301C5C746: changes role from  FOLLOWER to CANDIDATE at term 0 for changeToCandidate
2019-10-15 00:41:51,067 [Thread-309] INFO  impl.RoleInfo (RoleInfo.java:updateAndGet(143)) - c6075369-1c86-4712-9082-dc56af3ba339: start LeaderElection
2019-10-15 00:41:51,083 [88a7d5fa-cc02-424e-979e-9137321ddddd@group-BE4B386EAFDC-LeaderElection7] INFO  impl.LeaderElection (LeaderElection.java:askForVotes(178)) - 88a7d5fa-cc02-424e-979e-9137321ddddd@group-BE4B386EAFDC-LeaderElection7: begin an election at term 1 for -1: [88a7d5fa-cc02-424e-979e-9137321ddddd:192.168.164.218:32954], old=null
2019-10-15 00:41:51,084 [88a7d5fa-cc02-424e-979e-9137321ddddd@group-BE4B386EAFDC-LeaderElection7] INFO  impl.RoleInfo (RoleInfo.java:shutdownLeaderElection(134)) - 88a7d5fa-cc02-424e-979e-9137321ddddd: shutdown LeaderElection
2019-10-15 00:41:51,084 [88a7d5fa-cc02-424e-979e-9137321ddddd@group-BE4B386EAFDC-LeaderElection7] INFO  impl.RaftServerImpl (RaftServerImpl.java:setRole(170)) - 88a7d5fa-cc02-424e-979e-9137321ddddd@group-BE4B386EAFDC: changes role from CANDIDATE to LEADER at term 1 for changeToLeader
2019-10-15 00:41:51,084 [88a7d5fa-cc02-424e-979e-9137321ddddd@group-BE4B386EAFDC-LeaderElection7] INFO  ratis.XceiverServerRatis (XceiverServerRatis.java:handleLeaderChangedNotification(702)) - Leader change notification received for group: group-BE4B386EAFDC with new leaderId: 88a7d5fa-cc02-424e-979e-9137321ddddd
2019-10-15 00:41:51,084 [88a7d5fa-cc02-424e-979e-9137321ddddd@group-BE4B386EAFDC-LeaderElection7] INFO  impl.RaftServerImpl (ServerState.java:setLeader(255)) - 88a7d5fa-cc02-424e-979e-9137321ddddd@group-BE4B386EAFDC: change Leader from null to 88a7d5fa-cc02-424e-979e-9137321ddddd at term 1 for becomeLeader, leader elected after 5045ms
2019-10-15 00:41:51,087 [88a7d5fa-cc02-424e-979e-9137321ddddd@group-BE4B386EAFDC-LeaderElection7] INFO  server.RaftServerConfigKeys (ConfUtils.java:logGet(43)) - raft.server.staging.catchup.gap = 1000 (default)
2019-10-15 00:41:51,087 [88a7d5fa-cc02-424e-979e-9137321ddddd@group-BE4B386EAFDC-LeaderElection7] INFO  server.RaftServerConfigKeys (ConfUtils.java:logGet(43)) - raft.server.rpc.sleep.time = 25ms (default)
2019-10-15 00:41:51,087 [88a7d5fa-cc02-424e-979e-9137321ddddd@group-BE4B386EAFDC-LeaderElection7] INFO  server.RaftServerConfigKeys (ConfUtils.java:logGet(43)) - raft.server.write.element-limit = 4096 (default)
2019-10-15 00:41:51,087 [88a7d5fa-cc02-424e-979e-9137321ddddd@group-BE4B386EAFDC-LeaderElection7] INFO  server.RaftServerConfigKeys (ConfUtils.java:logGet(43)) - raft.server.watch.timeout = 10s (default)
2019-10-15 00:41:51,088 [88a7d5fa-cc02-424e-979e-9137321ddddd@group-BE4B386EAFDC-LeaderElection7] INFO  server.RaftServerConfigKeys (ConfUtils.java:logGet(43)) - raft.server.watch.timeout.denomination = 1s (default)
2019-10-15 00:41:51,088 [88a7d5fa-cc02-424e-979e-9137321ddddd@group-BE4B386EAFDC-LeaderElection7] INFO  server.RaftServerConfigKeys (ConfUtils.java:logGet(43)) - raft.server.watch.element-limit = 65536 (default)
2019-10-15 00:41:51,091 [88a7d5fa-cc02-424e-979e-9137321ddddd@group-BE4B386EAFDC-LeaderElection7] INFO  impl.RoleInfo (RoleInfo.java:updateAndGet(143)) - 88a7d5fa-cc02-424e-979e-9137321ddddd: start LeaderState
2019-10-15 00:41:51,092 [88a7d5fa-cc02-424e-979e-9137321ddddd@group-BE4B386EAFDC-LeaderElection7] INFO  segmented.SegmentedRaftLogWorker (SegmentedRaftLogWorker.java:startLogSegment(385)) - 88a7d5fa-cc02-424e-979e-9137321ddddd@group-BE4B386EAFDC-SegmentedRaftLogWorker: Starting segment from index:0
2019-10-15 00:41:51,092 [88a7d5fa-cc02-424e-979e-9137321ddddd@group-BE4B386EAFDC-LeaderElection7] INFO  impl.RaftServerImpl (ServerState.java:setRaftConf(356)) - 88a7d5fa-cc02-424e-979e-9137321ddddd@group-BE4B386EAFDC: set configuration 0: [88a7d5fa-cc02-424e-979e-9137321ddddd:192.168.164.218:32954], old=null at 0
2019-10-15 00:41:51,101 [c6075369-1c86-4712-9082-dc56af3ba339@group-7B7301C5C746-LeaderElection8] INFO  impl.LeaderElection (LeaderElection.java:askForVotes(178)) - c6075369-1c86-4712-9082-dc56af3ba339@group-7B7301C5C746-LeaderElection8: begin an election at term 1 for -1: [c6075369-1c86-4712-9082-dc56af3ba339:192.168.164.218:34070], old=null
2019-10-15 00:41:51,102 [c6075369-1c86-4712-9082-dc56af3ba339@group-7B7301C5C746-LeaderElection8] INFO  impl.RoleInfo (RoleInfo.java:shutdownLeaderElection(134)) - c6075369-1c86-4712-9082-dc56af3ba339: shutdown LeaderElection
2019-10-15 00:41:51,102 [c6075369-1c86-4712-9082-dc56af3ba339@group-7B7301C5C746-LeaderElection8] INFO  impl.RaftServerImpl (RaftServerImpl.java:setRole(170)) - c6075369-1c86-4712-9082-dc56af3ba339@group-7B7301C5C746: changes role from CANDIDATE to LEADER at term 1 for changeToLeader
2019-10-15 00:41:51,102 [c6075369-1c86-4712-9082-dc56af3ba339@group-7B7301C5C746-LeaderElection8] INFO  ratis.XceiverServerRatis (XceiverServerRatis.java:handleLeaderChangedNotification(702)) - Leader change notification received for group: group-7B7301C5C746 with new leaderId: c6075369-1c86-4712-9082-dc56af3ba339
2019-10-15 00:41:51,131 [c6075369-1c86-4712-9082-dc56af3ba339@group-7B7301C5C746-LeaderElection8] INFO  impl.RaftServerImpl (ServerState.java:setLeader(255)) - c6075369-1c86-4712-9082-dc56af3ba339@group-7B7301C5C746: change Leader from null to c6075369-1c86-4712-9082-dc56af3ba339 at term 1 for becomeLeader, leader elected after 5188ms
2019-10-15 00:41:51,134 [c6075369-1c86-4712-9082-dc56af3ba339@group-7B7301C5C746-LeaderElection8] INFO  server.RaftServerConfigKeys (ConfUtils.java:logGet(43)) - raft.server.staging.catchup.gap = 1000 (default)
2019-10-15 00:41:51,134 [c6075369-1c86-4712-9082-dc56af3ba339@group-7B7301C5C746-LeaderElection8] INFO  server.RaftServerConfigKeys (ConfUtils.java:logGet(43)) - raft.server.rpc.sleep.time = 25ms (default)
2019-10-15 00:41:51,134 [c6075369-1c86-4712-9082-dc56af3ba339@group-7B7301C5C746-LeaderElection8] INFO  server.RaftServerConfigKeys (ConfUtils.java:logGet(43)) - raft.server.write.element-limit = 4096 (default)
2019-10-15 00:41:51,134 [c6075369-1c86-4712-9082-dc56af3ba339@group-7B7301C5C746-LeaderElection8] INFO  server.RaftServerConfigKeys (ConfUtils.java:logGet(43)) - raft.server.watch.timeout = 10s (default)
2019-10-15 00:41:51,134 [c6075369-1c86-4712-9082-dc56af3ba339@group-7B7301C5C746-LeaderElection8] INFO  server.RaftServerConfigKeys (ConfUtils.java:logGet(43)) - raft.server.watch.timeout.denomination = 1s (default)
2019-10-15 00:41:51,135 [c6075369-1c86-4712-9082-dc56af3ba339@group-7B7301C5C746-LeaderElection8] INFO  server.RaftServerConfigKeys (ConfUtils.java:logGet(43)) - raft.server.watch.element-limit = 65536 (default)
2019-10-15 00:41:51,135 [EventQueue-PipelineReportForPipelineReportHandler] INFO  pipeline.PipelineReportHandler (PipelineReportHandler.java:processPipelineReport(119)) - Pipeline PipelineID=78a7c782-4dbd-4793-8b48-7b7301c5c746 reported by c6075369-1c86-4712-9082-dc56af3ba339{ip: 192.168.164.218, host: pr-hdds-1868-7bj8h-208101609, networkLocation: /default-rack, certSerialId: null} with leaderId c6075369-1c86-4712-9082-dc56af3ba339
2019-10-15 00:41:51,135 [EventQueue-PipelineReportForPipelineReportHandler] INFO  pipeline.PipelineStateManager (PipelineStateManager.java:openPipeline(136)) - Pipeline Pipeline[ Id: 78a7c782-4dbd-4793-8b48-7b7301c5c746, Nodes: c6075369-1c86-4712-9082-dc56af3ba339{ip: 192.168.164.218, host: pr-hdds-1868-7bj8h-208101609, networkLocation: /default-rack, certSerialId: null}, Type:RATIS, Factor:ONE, State:OPEN] moved to OPEN state
2019-10-15 00:41:51,136 [EventQueue-PipelineReportForPipelineReportHandler] INFO  pipeline.PipelineReportHandler (PipelineReportHandler.java:processPipelineReport(119)) - Pipeline PipelineID=e7baa7a4-ae86-432e-8694-b1d43214130f reported by c6075369-1c86-4712-9082-dc56af3ba339{ip: 192.168.164.218, host: pr-hdds-1868-7bj8h-208101609, networkLocation: /default-rack, certSerialId: null} with leaderId 
2019-10-15 00:41:51,137 [c6075369-1c86-4712-9082-dc56af3ba339@group-7B7301C5C746-LeaderElection8] INFO  impl.RoleInfo (RoleInfo.java:updateAndGet(143)) - c6075369-1c86-4712-9082-dc56af3ba339: start LeaderState
2019-10-15 00:41:51,137 [c6075369-1c86-4712-9082-dc56af3ba339@group-7B7301C5C746-LeaderElection8] INFO  segmented.SegmentedRaftLogWorker (SegmentedRaftLogWorker.java:startLogSegment(385)) - c6075369-1c86-4712-9082-dc56af3ba339@group-7B7301C5C746-SegmentedRaftLogWorker: Starting segment from index:0
2019-10-15 00:41:51,138 [c6075369-1c86-4712-9082-dc56af3ba339@group-7B7301C5C746-LeaderElection8] INFO  impl.RaftServerImpl (ServerState.java:setRaftConf(356)) - c6075369-1c86-4712-9082-dc56af3ba339@group-7B7301C5C746: set configuration 0: [c6075369-1c86-4712-9082-dc56af3ba339:192.168.164.218:34070], old=null at 0
2019-10-15 00:41:51,162 [Thread-317] INFO  impl.FollowerState (FollowerState.java:run(108)) - 35e64544-bc3d-465e-adee-d25b886edeb0@group-D9DE16107B54-FollowerState: change to CANDIDATE, lastRpcTime:5004ms, electionTimeout:5004ms
2019-10-15 00:41:51,162 [Thread-317] INFO  impl.RoleInfo (RoleInfo.java:shutdownFollowerState(121)) - 35e64544-bc3d-465e-adee-d25b886edeb0: shutdown FollowerState
2019-10-15 00:41:51,162 [Thread-317] INFO  impl.RaftServerImpl (RaftServerImpl.java:setRole(170)) - 35e64544-bc3d-465e-adee-d25b886edeb0@group-D9DE16107B54: changes role from  FOLLOWER to CANDIDATE at term 0 for changeToCandidate
2019-10-15 00:41:51,162 [Thread-317] INFO  impl.RoleInfo (RoleInfo.java:updateAndGet(143)) - 35e64544-bc3d-465e-adee-d25b886edeb0: start LeaderElection
2019-10-15 00:41:51,174 [88a7d5fa-cc02-424e-979e-9137321ddddd@group-BE4B386EAFDC-SegmentedRaftLogWorker] INFO  segmented.SegmentedRaftLogWorker (SegmentedRaftLogWorker.java:execute(576)) - 88a7d5fa-cc02-424e-979e-9137321ddddd@group-BE4B386EAFDC-SegmentedRaftLogWorker: created new log segment /workdir/hadoop-ozone/integration-test/target/test-dir/MiniOzoneClusterImpl-e538d966-0196-4657-9505-dd1c5b05d6aa/datanode-1/data/ratis/06c450f0-e4e7-41cf-a83e-be4b386eafdc/current/log_inprogress_0
2019-10-15 00:41:51,200 [c6075369-1c86-4712-9082-dc56af3ba339@group-7B7301C5C746-SegmentedRaftLogWorker] INFO  segmented.SegmentedRaftLogWorker (SegmentedRaftLogWorker.java:execute(576)) - c6075369-1c86-4712-9082-dc56af3ba339@group-7B7301C5C746-SegmentedRaftLogWorker: created new log segment /workdir/hadoop-ozone/integration-test/target/test-dir/MiniOzoneClusterImpl-e538d966-0196-4657-9505-dd1c5b05d6aa/datanode-2/data/ratis/78a7c782-4dbd-4793-8b48-7b7301c5c746/current/log_inprogress_0
2019-10-15 00:41:51,201 [35e64544-bc3d-465e-adee-d25b886edeb0@group-D9DE16107B54-LeaderElection9] INFO  impl.LeaderElection (LeaderElection.java:askForVotes(178)) - 35e64544-bc3d-465e-adee-d25b886edeb0@group-D9DE16107B54-LeaderElection9: begin an election at term 1 for -1: [35e64544-bc3d-465e-adee-d25b886edeb0:192.168.164.218:35915], old=null
2019-10-15 00:41:51,201 [35e64544-bc3d-465e-adee-d25b886edeb0@group-D9DE16107B54-LeaderElection9] INFO  impl.RoleInfo (RoleInfo.java:shutdownLeaderElection(134)) - 35e64544-bc3d-465e-adee-d25b886edeb0: shutdown LeaderElection
2019-10-15 00:41:51,201 [35e64544-bc3d-465e-adee-d25b886edeb0@group-D9DE16107B54-LeaderElection9] INFO  impl.RaftServerImpl (RaftServerImpl.java:setRole(170)) - 35e64544-bc3d-465e-adee-d25b886edeb0@group-D9DE16107B54: changes role from CANDIDATE to LEADER at term 1 for changeToLeader
2019-10-15 00:41:51,201 [35e64544-bc3d-465e-adee-d25b886edeb0@group-D9DE16107B54-LeaderElection9] INFO  ratis.XceiverServerRatis (XceiverServerRatis.java:handleLeaderChangedNotification(702)) - Leader change notification received for group: group-D9DE16107B54 with new leaderId: 35e64544-bc3d-465e-adee-d25b886edeb0
2019-10-15 00:41:51,203 [35e64544-bc3d-465e-adee-d25b886edeb0@group-D9DE16107B54-LeaderElection9] INFO  impl.RaftServerImpl (ServerState.java:setLeader(255)) - 35e64544-bc3d-465e-adee-d25b886edeb0@group-D9DE16107B54: change Leader from null to 35e64544-bc3d-465e-adee-d25b886edeb0 at term 1 for becomeLeader, leader elected after 5052ms
2019-10-15 00:41:51,204 [35e64544-bc3d-465e-adee-d25b886edeb0@group-D9DE16107B54-LeaderElection9] INFO  server.RaftServerConfigKeys (ConfUtils.java:logGet(43)) - raft.server.staging.catchup.gap = 1000 (default)
2019-10-15 00:41:51,205 [35e64544-bc3d-465e-adee-d25b886edeb0@group-D9DE16107B54-LeaderElection9] INFO  server.RaftServerConfigKeys (ConfUtils.java:logGet(43)) - raft.server.rpc.sleep.time = 25ms (default)
2019-10-15 00:41:51,205 [35e64544-bc3d-465e-adee-d25b886edeb0@group-D9DE16107B54-LeaderElection9] INFO  server.RaftServerConfigKeys (ConfUtils.java:logGet(43)) - raft.server.write.element-limit = 4096 (default)
2019-10-15 00:41:51,205 [35e64544-bc3d-465e-adee-d25b886edeb0@group-D9DE16107B54-LeaderElection9] INFO  server.RaftServerConfigKeys (ConfUtils.java:logGet(43)) - raft.server.watch.timeout = 10s (default)
2019-10-15 00:41:51,205 [35e64544-bc3d-465e-adee-d25b886edeb0@group-D9DE16107B54-LeaderElection9] INFO  server.RaftServerConfigKeys (ConfUtils.java:logGet(43)) - raft.server.watch.timeout.denomination = 1s (default)
2019-10-15 00:41:51,205 [35e64544-bc3d-465e-adee-d25b886edeb0@group-D9DE16107B54-LeaderElection9] INFO  server.RaftServerConfigKeys (ConfUtils.java:logGet(43)) - raft.server.watch.element-limit = 65536 (default)
2019-10-15 00:41:51,205 [EventQueue-PipelineReportForPipelineReportHandler] INFO  pipeline.PipelineReportHandler (PipelineReportHandler.java:processPipelineReport(119)) - Pipeline PipelineID=5c6a39b3-82b6-46d3-9a0c-d9de16107b54 reported by 35e64544-bc3d-465e-adee-d25b886edeb0{ip: 192.168.164.218, host: pr-hdds-1868-7bj8h-208101609, networkLocation: /default-rack, certSerialId: null} with leaderId 35e64544-bc3d-465e-adee-d25b886edeb0
2019-10-15 00:41:51,206 [EventQueue-PipelineReportForPipelineReportHandler] INFO  pipeline.PipelineStateManager (PipelineStateManager.java:openPipeline(136)) - Pipeline Pipeline[ Id: 5c6a39b3-82b6-46d3-9a0c-d9de16107b54, Nodes: 35e64544-bc3d-465e-adee-d25b886edeb0{ip: 192.168.164.218, host: pr-hdds-1868-7bj8h-208101609, networkLocation: /default-rack, certSerialId: null}, Type:RATIS, Factor:ONE, State:OPEN] moved to OPEN state
2019-10-15 00:41:51,206 [EventQueue-PipelineReportForPipelineReportHandler] INFO  pipeline.PipelineReportHandler (PipelineReportHandler.java:processPipelineReport(119)) - Pipeline PipelineID=e7baa7a4-ae86-432e-8694-b1d43214130f reported by 35e64544-bc3d-465e-adee-d25b886edeb0{ip: 192.168.164.218, host: pr-hdds-1868-7bj8h-208101609, networkLocation: /default-rack, certSerialId: null} with leaderId 
2019-10-15 00:41:51,206 [EventQueue-PipelineReportForPipelineReportHandler] INFO  pipeline.PipelineStateManager (PipelineStateManager.java:openPipeline(136)) - Pipeline Pipeline[ Id: e7baa7a4-ae86-432e-8694-b1d43214130f, Nodes: 35e64544-bc3d-465e-adee-d25b886edeb0{ip: 192.168.164.218, host: pr-hdds-1868-7bj8h-208101609, networkLocation: /default-rack, certSerialId: null}f5d1e668-fe69-48c6-a450-c44235d2144d{ip: 192.168.164.218, host: pr-hdds-1868-7bj8h-208101609, networkLocation: /default-rack, certSerialId: null}c6075369-1c86-4712-9082-dc56af3ba339{ip: 192.168.164.218, host: pr-hdds-1868-7bj8h-208101609, networkLocation: /default-rack, certSerialId: null}, Type:RATIS, Factor:THREE, State:OPEN] moved to OPEN state
2019-10-15 00:41:51,208 [35e64544-bc3d-465e-adee-d25b886edeb0@group-D9DE16107B54-LeaderElection9] INFO  impl.RoleInfo (RoleInfo.java:updateAndGet(143)) - 35e64544-bc3d-465e-adee-d25b886edeb0: start LeaderState
2019-10-15 00:41:51,209 [35e64544-bc3d-465e-adee-d25b886edeb0@group-D9DE16107B54-LeaderElection9] INFO  segmented.SegmentedRaftLogWorker (SegmentedRaftLogWorker.java:startLogSegment(385)) - 35e64544-bc3d-465e-adee-d25b886edeb0@group-D9DE16107B54-SegmentedRaftLogWorker: Starting segment from index:0
2019-10-15 00:41:51,209 [35e64544-bc3d-465e-adee-d25b886edeb0@group-D9DE16107B54-LeaderElection9] INFO  impl.RaftServerImpl (ServerState.java:setRaftConf(356)) - 35e64544-bc3d-465e-adee-d25b886edeb0@group-D9DE16107B54: set configuration 0: [35e64544-bc3d-465e-adee-d25b886edeb0:192.168.164.218:35915], old=null at 0
2019-10-15 00:41:51,270 [35e64544-bc3d-465e-adee-d25b886edeb0@group-D9DE16107B54-SegmentedRaftLogWorker] INFO  segmented.SegmentedRaftLogWorker (SegmentedRaftLogWorker.java:execute(576)) - 35e64544-bc3d-465e-adee-d25b886edeb0@group-D9DE16107B54-SegmentedRaftLogWorker: created new log segment /workdir/hadoop-ozone/integration-test/target/test-dir/MiniOzoneClusterImpl-e538d966-0196-4657-9505-dd1c5b05d6aa/datanode-6/data/ratis/5c6a39b3-82b6-46d3-9a0c-d9de16107b54/current/log_inprogress_0
2019-10-15 00:41:51,410 [Thread-328] INFO  impl.FollowerState (FollowerState.java:run(108)) - f5d1e668-fe69-48c6-a450-c44235d2144d@group-B1D43214130F-FollowerState: change to CANDIDATE, lastRpcTime:5079ms, electionTimeout:5079ms
2019-10-15 00:41:51,410 [Thread-328] INFO  impl.RoleInfo (RoleInfo.java:shutdownFollowerState(121)) - f5d1e668-fe69-48c6-a450-c44235d2144d: shutdown FollowerState
2019-10-15 00:41:51,410 [Thread-328] INFO  impl.RaftServerImpl (RaftServerImpl.java:setRole(170)) - f5d1e668-fe69-48c6-a450-c44235d2144d@group-B1D43214130F: changes role from  FOLLOWER to CANDIDATE at term 0 for changeToCandidate
2019-10-15 00:41:51,411 [Thread-328] INFO  impl.RoleInfo (RoleInfo.java:updateAndGet(143)) - f5d1e668-fe69-48c6-a450-c44235d2144d: start LeaderElection
2019-10-15 00:41:51,429 [Thread-327] INFO  impl.FollowerState (FollowerState.java:run(108)) - 35e64544-bc3d-465e-adee-d25b886edeb0@group-B1D43214130F-FollowerState: change to CANDIDATE, lastRpcTime:5098ms, electionTimeout:5098ms
2019-10-15 00:41:51,429 [Thread-327] INFO  impl.RoleInfo (RoleInfo.java:shutdownFollowerState(121)) - 35e64544-bc3d-465e-adee-d25b886edeb0: shutdown FollowerState
2019-10-15 00:41:51,429 [Thread-327] INFO  impl.RaftServerImpl (RaftServerImpl.java:setRole(170)) - 35e64544-bc3d-465e-adee-d25b886edeb0@group-B1D43214130F: changes role from  FOLLOWER to CANDIDATE at term 0 for changeToCandidate
2019-10-15 00:41:51,429 [Thread-327] INFO  impl.RoleInfo (RoleInfo.java:updateAndGet(143)) - 35e64544-bc3d-465e-adee-d25b886edeb0: start LeaderElection
2019-10-15 00:41:51,450 [f5d1e668-fe69-48c6-a450-c44235d2144d@group-B1D43214130F-LeaderElection10] INFO  impl.LeaderElection (LeaderElection.java:askForVotes(178)) - f5d1e668-fe69-48c6-a450-c44235d2144d@group-B1D43214130F-LeaderElection10: begin an election at term 1 for -1: [c6075369-1c86-4712-9082-dc56af3ba339:192.168.164.218:34070, 35e64544-bc3d-465e-adee-d25b886edeb0:192.168.164.218:35915, f5d1e668-fe69-48c6-a450-c44235d2144d:192.168.164.218:41414], old=null
2019-10-15 00:41:51,459 [grpc-default-executor-1] INFO  impl.RaftServerImpl (RaftServerImpl.java:setRole(170)) - c6075369-1c86-4712-9082-dc56af3ba339@group-B1D43214130F: changes role from  FOLLOWER to FOLLOWER at term 1 for recognizeCandidate:f5d1e668-fe69-48c6-a450-c44235d2144d
2019-10-15 00:41:51,460 [grpc-default-executor-1] INFO  impl.RoleInfo (RoleInfo.java:shutdownFollowerState(121)) - c6075369-1c86-4712-9082-dc56af3ba339: shutdown FollowerState
2019-10-15 00:41:51,460 [Thread-324] INFO  impl.FollowerState (FollowerState.java:run(117)) - c6075369-1c86-4712-9082-dc56af3ba339@group-B1D43214130F-FollowerState was interrupted: java.lang.InterruptedException: sleep interrupted
2019-10-15 00:41:51,460 [grpc-default-executor-1] INFO  impl.RoleInfo (RoleInfo.java:updateAndGet(143)) - c6075369-1c86-4712-9082-dc56af3ba339: start FollowerState
2019-10-15 00:41:51,469 [35e64544-bc3d-465e-adee-d25b886edeb0@group-B1D43214130F-LeaderElection11] INFO  impl.LeaderElection (LeaderElection.java:askForVotes(178)) - 35e64544-bc3d-465e-adee-d25b886edeb0@group-B1D43214130F-LeaderElection11: begin an election at term 1 for -1: [c6075369-1c86-4712-9082-dc56af3ba339:192.168.164.218:34070, 35e64544-bc3d-465e-adee-d25b886edeb0:192.168.164.218:35915, f5d1e668-fe69-48c6-a450-c44235d2144d:192.168.164.218:41414], old=null
2019-10-15 00:41:51,492 [f5d1e668-fe69-48c6-a450-c44235d2144d@group-B1D43214130F-LeaderElection10] INFO  impl.LeaderElection (LeaderElection.java:logAndReturn(56)) - f5d1e668-fe69-48c6-a450-c44235d2144d@group-B1D43214130F-LeaderElection10: Election PASSED; received 2 response(s) [f5d1e668-fe69-48c6-a450-c44235d2144d<-c6075369-1c86-4712-9082-dc56af3ba339#0:OK-t1, f5d1e668-fe69-48c6-a450-c44235d2144d<-35e64544-bc3d-465e-adee-d25b886edeb0#0:FAIL-t1] and 0 exception(s); f5d1e668-fe69-48c6-a450-c44235d2144d@group-B1D43214130F:t1, leader=null, voted=f5d1e668-fe69-48c6-a450-c44235d2144d, raftlog=f5d1e668-fe69-48c6-a450-c44235d2144d@group-B1D43214130F-SegmentedRaftLog:OPENED:c-1,f-1,i0, conf=-1: [c6075369-1c86-4712-9082-dc56af3ba339:192.168.164.218:34070, 35e64544-bc3d-465e-adee-d25b886edeb0:192.168.164.218:35915, f5d1e668-fe69-48c6-a450-c44235d2144d:192.168.164.218:41414], old=null
2019-10-15 00:41:51,492 [f5d1e668-fe69-48c6-a450-c44235d2144d@group-B1D43214130F-LeaderElection10] INFO  impl.RoleInfo (RoleInfo.java:shutdownLeaderElection(134)) - f5d1e668-fe69-48c6-a450-c44235d2144d: shutdown LeaderElection
2019-10-15 00:41:51,492 [f5d1e668-fe69-48c6-a450-c44235d2144d@group-B1D43214130F-LeaderElection10] INFO  impl.RaftServerImpl (RaftServerImpl.java:setRole(170)) - f5d1e668-fe69-48c6-a450-c44235d2144d@group-B1D43214130F: changes role from CANDIDATE to LEADER at term 1 for changeToLeader
2019-10-15 00:41:51,495 [f5d1e668-fe69-48c6-a450-c44235d2144d@group-B1D43214130F-LeaderElection10] INFO  ratis.XceiverServerRatis (XceiverServerRatis.java:handleLeaderChangedNotification(702)) - Leader change notification received for group: group-B1D43214130F with new leaderId: f5d1e668-fe69-48c6-a450-c44235d2144d
2019-10-15 00:41:51,495 [f5d1e668-fe69-48c6-a450-c44235d2144d@group-B1D43214130F-LeaderElection10] INFO  impl.RaftServerImpl (ServerState.java:setLeader(255)) - f5d1e668-fe69-48c6-a450-c44235d2144d@group-B1D43214130F: change Leader from null to f5d1e668-fe69-48c6-a450-c44235d2144d at term 1 for becomeLeader, leader elected after 5178ms
2019-10-15 00:41:51,495 [35e64544-bc3d-465e-adee-d25b886edeb0@group-B1D43214130F-LeaderElection11] INFO  impl.LeaderElection (LeaderElection.java:logAndReturn(56)) - 35e64544-bc3d-465e-adee-d25b886edeb0@group-B1D43214130F-LeaderElection11: Election REJECTED; received 2 response(s) [35e64544-bc3d-465e-adee-d25b886edeb0<-c6075369-1c86-4712-9082-dc56af3ba339#0:FAIL-t1, 35e64544-bc3d-465e-adee-d25b886edeb0<-f5d1e668-fe69-48c6-a450-c44235d2144d#0:FAIL-t1] and 0 exception(s); 35e64544-bc3d-465e-adee-d25b886edeb0@group-B1D43214130F:t1, leader=null, voted=35e64544-bc3d-465e-adee-d25b886edeb0, raftlog=35e64544-bc3d-465e-adee-d25b886edeb0@group-B1D43214130F-SegmentedRaftLog:OPENED:c-1,f-1,i0, conf=-1: [c6075369-1c86-4712-9082-dc56af3ba339:192.168.164.218:34070, 35e64544-bc3d-465e-adee-d25b886edeb0:192.168.164.218:35915, f5d1e668-fe69-48c6-a450-c44235d2144d:192.168.164.218:41414], old=null
2019-10-15 00:41:51,497 [f5d1e668-fe69-48c6-a450-c44235d2144d@group-B1D43214130F-LeaderElection10] INFO  server.RaftServerConfigKeys (ConfUtils.java:logGet(43)) - raft.server.staging.catchup.gap = 1000 (default)
2019-10-15 00:41:51,497 [35e64544-bc3d-465e-adee-d25b886edeb0@group-B1D43214130F-LeaderElection11] INFO  impl.RaftServerImpl (RaftServerImpl.java:setRole(170)) - 35e64544-bc3d-465e-adee-d25b886edeb0@group-B1D43214130F: changes role from CANDIDATE to FOLLOWER at term 1 for DISCOVERED_A_NEW_TERM
2019-10-15 00:41:51,497 [f5d1e668-fe69-48c6-a450-c44235d2144d@group-B1D43214130F-LeaderElection10] INFO  server.RaftServerConfigKeys (ConfUtils.java:logGet(43)) - raft.server.rpc.sleep.time = 25ms (default)
2019-10-15 00:41:51,505 [35e64544-bc3d-465e-adee-d25b886edeb0@group-B1D43214130F-LeaderElection11] INFO  impl.RoleInfo (RoleInfo.java:shutdownLeaderElection(134)) - 35e64544-bc3d-465e-adee-d25b886edeb0: shutdown LeaderElection
2019-10-15 00:41:51,507 [f5d1e668-fe69-48c6-a450-c44235d2144d@group-B1D43214130F-LeaderElection10] INFO  server.RaftServerConfigKeys (ConfUtils.java:logGet(43)) - raft.server.write.element-limit = 4096 (default)
2019-10-15 00:41:51,507 [35e64544-bc3d-465e-adee-d25b886edeb0@group-B1D43214130F-LeaderElection11] INFO  impl.RoleInfo (RoleInfo.java:updateAndGet(143)) - 35e64544-bc3d-465e-adee-d25b886edeb0: start FollowerState
2019-10-15 00:41:51,507 [f5d1e668-fe69-48c6-a450-c44235d2144d@group-B1D43214130F-LeaderElection10] INFO  server.RaftServerConfigKeys (ConfUtils.java:logGet(43)) - raft.server.watch.timeout = 10s (default)
2019-10-15 00:41:51,508 [f5d1e668-fe69-48c6-a450-c44235d2144d@group-B1D43214130F-LeaderElection10] INFO  server.RaftServerConfigKeys (ConfUtils.java:logGet(43)) - raft.server.watch.timeout.denomination = 1s (default)
2019-10-15 00:41:51,510 [f5d1e668-fe69-48c6-a450-c44235d2144d@group-B1D43214130F-LeaderElection10] INFO  server.RaftServerConfigKeys (ConfUtils.java:logGet(43)) - raft.server.watch.element-limit = 65536 (default)
2019-10-15 00:41:51,512 [f5d1e668-fe69-48c6-a450-c44235d2144d@group-B1D43214130F-LeaderElection10] INFO  server.RaftServerConfigKeys (ConfUtils.java:logGet(43)) - raft.server.log.appender.snapshot.chunk.size.max = 16MB (=16777216) (default)
2019-10-15 00:41:51,513 [f5d1e668-fe69-48c6-a450-c44235d2144d@group-B1D43214130F-LeaderElection10] INFO  server.RaftServerConfigKeys (ConfUtils.java:logGet(43)) - raft.server.log.appender.buffer.byte-limit = 33554432 (custom)
2019-10-15 00:41:51,513 [f5d1e668-fe69-48c6-a450-c44235d2144d@group-B1D43214130F-LeaderElection10] INFO  server.RaftServerConfigKeys (ConfUtils.java:logGet(43)) - raft.server.log.appender.buffer.element-limit = 1 (custom)
2019-10-15 00:41:51,513 [f5d1e668-fe69-48c6-a450-c44235d2144d@group-B1D43214130F-LeaderElection10] INFO  grpc.GrpcConfigKeys$Server (ConfUtils.java:logGet(43)) - raft.grpc.server.leader.outstanding.appends.max = 128 (default)
2019-10-15 00:41:51,513 [f5d1e668-fe69-48c6-a450-c44235d2144d@group-B1D43214130F-LeaderElection10] INFO  server.RaftServerConfigKeys (ConfUtils.java:logGet(43)) - raft.server.rpc.request.timeout = 3000ms (default)
2019-10-15 00:41:51,513 [f5d1e668-fe69-48c6-a450-c44235d2144d@group-B1D43214130F-LeaderElection10] INFO  server.RaftServerConfigKeys (ConfUtils.java:logGet(43)) - raft.server.log.appender.install.snapshot.enabled = false (custom)
2019-10-15 00:41:51,514 [f5d1e668-fe69-48c6-a450-c44235d2144d@group-B1D43214130F-LeaderElection10] INFO  server.RaftServerConfigKeys (ConfUtils.java:logGet(43)) - raft.server.log.appender.snapshot.chunk.size.max = 16MB (=16777216) (default)
2019-10-15 00:41:51,514 [f5d1e668-fe69-48c6-a450-c44235d2144d@group-B1D43214130F-LeaderElection10] INFO  server.RaftServerConfigKeys (ConfUtils.java:logGet(43)) - raft.server.log.appender.buffer.byte-limit = 33554432 (custom)
2019-10-15 00:41:51,514 [f5d1e668-fe69-48c6-a450-c44235d2144d@group-B1D43214130F-LeaderElection10] INFO  server.RaftServerConfigKeys (ConfUtils.java:logGet(43)) - raft.server.log.appender.buffer.element-limit = 1 (custom)
2019-10-15 00:41:51,514 [f5d1e668-fe69-48c6-a450-c44235d2144d@group-B1D43214130F-LeaderElection10] INFO  grpc.GrpcConfigKeys$Server (ConfUtils.java:logGet(43)) - raft.grpc.server.leader.outstanding.appends.max = 128 (default)
2019-10-15 00:41:51,514 [f5d1e668-fe69-48c6-a450-c44235d2144d@group-B1D43214130F-LeaderElection10] INFO  server.RaftServerConfigKeys (ConfUtils.java:logGet(43)) - raft.server.rpc.request.timeout = 3000ms (default)
2019-10-15 00:41:51,515 [f5d1e668-fe69-48c6-a450-c44235d2144d@group-B1D43214130F-LeaderElection10] INFO  server.RaftServerConfigKeys (ConfUtils.java:logGet(43)) - raft.server.log.appender.install.snapshot.enabled = false (custom)
2019-10-15 00:41:51,515 [f5d1e668-fe69-48c6-a450-c44235d2144d@group-B1D43214130F-LeaderElection10] INFO  impl.RoleInfo (RoleInfo.java:updateAndGet(143)) - f5d1e668-fe69-48c6-a450-c44235d2144d: start LeaderState
2019-10-15 00:41:51,515 [f5d1e668-fe69-48c6-a450-c44235d2144d@group-B1D43214130F-LeaderElection10] INFO  segmented.SegmentedRaftLogWorker (SegmentedRaftLogWorker.java:startLogSegment(385)) - f5d1e668-fe69-48c6-a450-c44235d2144d@group-B1D43214130F-SegmentedRaftLogWorker: Starting segment from index:0
2019-10-15 00:41:51,516 [f5d1e668-fe69-48c6-a450-c44235d2144d@group-B1D43214130F-LeaderElection10] INFO  impl.RaftServerImpl (ServerState.java:setRaftConf(356)) - f5d1e668-fe69-48c6-a450-c44235d2144d@group-B1D43214130F: set configuration 0: [c6075369-1c86-4712-9082-dc56af3ba339:192.168.164.218:34070, 35e64544-bc3d-465e-adee-d25b886edeb0:192.168.164.218:35915, f5d1e668-fe69-48c6-a450-c44235d2144d:192.168.164.218:41414], old=null at 0
2019-10-15 00:41:51,552 [grpc-default-executor-1] INFO  ratis.XceiverServerRatis (XceiverServerRatis.java:handleLeaderChangedNotification(702)) - Leader change notification received for group: group-B1D43214130F with new leaderId: f5d1e668-fe69-48c6-a450-c44235d2144d
2019-10-15 00:41:51,552 [grpc-default-executor-3] INFO  ratis.XceiverServerRatis (XceiverServerRatis.java:handleLeaderChangedNotification(702)) - Leader change notification received for group: group-B1D43214130F with new leaderId: f5d1e668-fe69-48c6-a450-c44235d2144d
2019-10-15 00:41:51,552 [grpc-default-executor-1] INFO  impl.RaftServerImpl (ServerState.java:setLeader(255)) - 35e64544-bc3d-465e-adee-d25b886edeb0@group-B1D43214130F: change Leader from null to f5d1e668-fe69-48c6-a450-c44235d2144d at term 1 for appendEntries, leader elected after 5235ms
2019-10-15 00:41:51,553 [grpc-default-executor-3] INFO  impl.RaftServerImpl (ServerState.java:setLeader(255)) - c6075369-1c86-4712-9082-dc56af3ba339@group-B1D43214130F: change Leader from null to f5d1e668-fe69-48c6-a450-c44235d2144d at term 1 for appendEntries, leader elected after 5235ms
2019-10-15 00:41:51,556 [grpc-default-executor-3] INFO  impl.RaftServerImpl (ServerState.java:setRaftConf(356)) - 35e64544-bc3d-465e-adee-d25b886edeb0@group-B1D43214130F: set configuration 0: [c6075369-1c86-4712-9082-dc56af3ba339:192.168.164.218:34070, 35e64544-bc3d-465e-adee-d25b886edeb0:192.168.164.218:35915, f5d1e668-fe69-48c6-a450-c44235d2144d:192.168.164.218:41414], old=null at 0
2019-10-15 00:41:51,557 [grpc-default-executor-1] INFO  impl.RaftServerImpl (ServerState.java:setRaftConf(356)) - c6075369-1c86-4712-9082-dc56af3ba339@group-B1D43214130F: set configuration 0: [c6075369-1c86-4712-9082-dc56af3ba339:192.168.164.218:34070, 35e64544-bc3d-465e-adee-d25b886edeb0:192.168.164.218:35915, f5d1e668-fe69-48c6-a450-c44235d2144d:192.168.164.218:41414], old=null at 0
2019-10-15 00:41:51,557 [grpc-default-executor-3] INFO  segmented.SegmentedRaftLogWorker (SegmentedRaftLogWorker.java:startLogSegment(385)) - 35e64544-bc3d-465e-adee-d25b886edeb0@group-B1D43214130F-SegmentedRaftLogWorker: Starting segment from index:0
2019-10-15 00:41:51,557 [grpc-default-executor-1] INFO  segmented.SegmentedRaftLogWorker (SegmentedRaftLogWorker.java:startLogSegment(385)) - c6075369-1c86-4712-9082-dc56af3ba339@group-B1D43214130F-SegmentedRaftLogWorker: Starting segment from index:0
2019-10-15 00:41:51,582 [f5d1e668-fe69-48c6-a450-c44235d2144d@group-B1D43214130F-SegmentedRaftLogWorker] INFO  segmented.SegmentedRaftLogWorker (SegmentedRaftLogWorker.java:execute(576)) - f5d1e668-fe69-48c6-a450-c44235d2144d@group-B1D43214130F-SegmentedRaftLogWorker: created new log segment /workdir/hadoop-ozone/integration-test/target/test-dir/MiniOzoneClusterImpl-e538d966-0196-4657-9505-dd1c5b05d6aa/datanode-4/data/ratis/e7baa7a4-ae86-432e-8694-b1d43214130f/current/log_inprogress_0
2019-10-15 00:41:51,608 [c6075369-1c86-4712-9082-dc56af3ba339@group-B1D43214130F-SegmentedRaftLogWorker] INFO  segmented.SegmentedRaftLogWorker (SegmentedRaftLogWorker.java:execute(576)) - c6075369-1c86-4712-9082-dc56af3ba339@group-B1D43214130F-SegmentedRaftLogWorker: created new log segment /workdir/hadoop-ozone/integration-test/target/test-dir/MiniOzoneClusterImpl-e538d966-0196-4657-9505-dd1c5b05d6aa/datanode-2/data/ratis/e7baa7a4-ae86-432e-8694-b1d43214130f/current/log_inprogress_0
2019-10-15 00:41:51,608 [35e64544-bc3d-465e-adee-d25b886edeb0@group-B1D43214130F-SegmentedRaftLogWorker] INFO  segmented.SegmentedRaftLogWorker (SegmentedRaftLogWorker.java:execute(576)) - 35e64544-bc3d-465e-adee-d25b886edeb0@group-B1D43214130F-SegmentedRaftLogWorker: created new log segment /workdir/hadoop-ozone/integration-test/target/test-dir/MiniOzoneClusterImpl-e538d966-0196-4657-9505-dd1c5b05d6aa/datanode-6/data/ratis/e7baa7a4-ae86-432e-8694-b1d43214130f/current/log_inprogress_0
2019-10-15 00:41:52,059 [main] INFO  ozone.MiniOzoneClusterImpl (MiniOzoneClusterImpl.java:lambda$waitForClusterToBeReady$2(172)) - Cluster is ready. Got 7 of 7 DN Heartbeats.
2019-10-15 00:41:52,936 [main] INFO  rpc.RpcClient (RpcClient.java:createVolume(272)) - Creating Volume: watchforcommithandlingtest, with jenkins1000 as owner.
2019-10-15 00:41:53,036 [IPC Server handler 0 on 37596] INFO  volume.OMVolumeCreateRequest (OMVolumeCreateRequest.java:validateAndUpdateCache(193)) - created volume:watchforcommithandlingtest for user:jenkins1000
2019-10-15 00:41:53,063 [main] INFO  rpc.RpcClient (RpcClient.java:createBucket(411)) - Creating Bucket: watchforcommithandlingtest/watchforcommithandlingtest, with Versioning false and Storage Type set to DISK and Encryption set to false 
2019-10-15 00:41:53,086 [main] INFO  ozone.MiniOzoneClusterImpl (MiniOzoneClusterImpl.java:getStorageContainerLocationClient(260)) - Creating StorageContainerLocationProtocol RPC client with address /0.0.0.0:46264
2019-10-15 00:41:53,119 [main] INFO  impl.MetricsSystemImpl (MetricsSystemImpl.java:init(158)) - XceiverClientMetrics metrics system started (again)
2019-10-15 00:41:54,555 [Datanode State Machine Thread - 0] INFO  statemachine.DatanodeStateMachine (DatanodeStateMachine.java:lambda$startDaemon$0(350)) - Ozone container server started.
2019-10-15 00:41:58,595 [main] INFO  ozoneimpl.OzoneContainer (OzoneContainer.java:stop(227)) - Attempting to stop container services.
2019-10-15 00:41:58,597 [main] INFO  impl.RaftServerProxy (RaftServerProxy.java:lambda$close$4(314)) - b6a7a8d3-8079-4dfa-92cd-d231555e9b27: close
2019-10-15 00:41:58,599 [main] INFO  impl.RaftServerImpl (RaftServerImpl.java:lambda$shutdown$3(247)) - b6a7a8d3-8079-4dfa-92cd-d231555e9b27@group-3E7865DF923C: shutdown
2019-10-15 00:41:58,600 [main] INFO  util.JmxRegister (JmxRegister.java:unregister(73)) - Successfully un-registered JMX Bean with object name Ratis:service=RaftServer,group=group-3E7865DF923C,id=b6a7a8d3-8079-4dfa-92cd-d231555e9b27
2019-10-15 00:41:58,600 [main] INFO  impl.RoleInfo (RoleInfo.java:shutdownLeaderState(104)) - b6a7a8d3-8079-4dfa-92cd-d231555e9b27: shutdown LeaderState
2019-10-15 00:41:58,606 [org.apache.ratis.server.impl.LogAppender$AppenderDaemon$$Lambda$444/908593234@bdf5ec5] WARN  server.GrpcLogAppender (GrpcLogAppender.java:mayWait(143)) - b6a7a8d3-8079-4dfa-92cd-d231555e9b27@group-3E7865DF923C->88a7d5fa-cc02-424e-979e-9137321ddddd-GrpcLogAppender: Wait interrupted by java.lang.InterruptedException
2019-10-15 00:41:58,606 [org.apache.ratis.server.impl.LogAppender$AppenderDaemon$$Lambda$444/908593234@3929d0ea] WARN  server.GrpcLogAppender (GrpcLogAppender.java:mayWait(143)) - b6a7a8d3-8079-4dfa-92cd-d231555e9b27@group-3E7865DF923C->abc841f7-ccc7-46f2-94a7-38b3b9eaef01-GrpcLogAppender: Wait interrupted by java.lang.InterruptedException
2019-10-15 00:41:58,620 [main] INFO  impl.PendingRequests (PendingRequests.java:sendNotLeaderResponses(202)) - b6a7a8d3-8079-4dfa-92cd-d231555e9b27@group-3E7865DF923C-PendingRequests: sendNotLeaderResponses
2019-10-15 00:41:58,627 [grpc-default-executor-1] INFO  server.GrpcServerProtocolService (GrpcServerProtocolService.java:onCompleted(113)) - 88a7d5fa-cc02-424e-979e-9137321ddddd: Completed APPEND_ENTRIES, lastRequest: b6a7a8d3-8079-4dfa-92cd-d231555e9b27->88a7d5fa-cc02-424e-979e-9137321ddddd#5-t1, previous=(t:1, i:2), leaderCommit=2, initializing? false, entries: <empty>
2019-10-15 00:41:58,627 [grpc-default-executor-3] INFO  server.GrpcServerProtocolService (GrpcServerProtocolService.java:onCompleted(113)) - abc841f7-ccc7-46f2-94a7-38b3b9eaef01: Completed APPEND_ENTRIES, lastRequest: b6a7a8d3-8079-4dfa-92cd-d231555e9b27->abc841f7-ccc7-46f2-94a7-38b3b9eaef01#5-t1, previous=(t:1, i:2), leaderCommit=2, initializing? false, entries: <empty>
2019-10-15 00:41:58,638 [main] INFO  impl.StateMachineUpdater (StateMachineUpdater.java:stopAndJoin(136)) - b6a7a8d3-8079-4dfa-92cd-d231555e9b27@group-3E7865DF923C-StateMachineUpdater: set stopIndex = 2
2019-10-15 00:41:58,638 [grpc-default-executor-3] INFO  server.GrpcLogAppender (GrpcLogAppender.java:onCompleted(293)) - b6a7a8d3-8079-4dfa-92cd-d231555e9b27@group-3E7865DF923C->abc841f7-ccc7-46f2-94a7-38b3b9eaef01-AppendLogResponseHandler: follower responses appendEntries COMPLETED
2019-10-15 00:41:58,638 [grpc-default-executor-1] INFO  server.GrpcLogAppender (GrpcLogAppender.java:onCompleted(293)) - b6a7a8d3-8079-4dfa-92cd-d231555e9b27@group-3E7865DF923C->88a7d5fa-cc02-424e-979e-9137321ddddd-AppendLogResponseHandler: follower responses appendEntries COMPLETED
2019-10-15 00:41:58,640 [b6a7a8d3-8079-4dfa-92cd-d231555e9b27@group-3E7865DF923C-StateMachineUpdater] INFO  ratis.ContainerStateMachine (ContainerStateMachine.java:takeSnapshot(296)) - group-3E7865DF923C: Taking a snapshot at:(t:1, i:2) file /workdir/hadoop-ozone/integration-test/target/test-dir/MiniOzoneClusterImpl-e538d966-0196-4657-9505-dd1c5b05d6aa/datanode-3/data/ratis/de6286c9-04d1-40ee-8907-3e7865df923c/sm/snapshot.1_2
2019-10-15 00:41:58,651 [grpc-default-executor-3] INFO  impl.FollowerInfo (FollowerInfo.java:lambda$new$0(51)) - b6a7a8d3-8079-4dfa-92cd-d231555e9b27@group-3E7865DF923C->abc841f7-ccc7-46f2-94a7-38b3b9eaef01: nextIndex: updateUnconditionally 3 -> 2
2019-10-15 00:41:58,651 [grpc-default-executor-1] INFO  impl.FollowerInfo (FollowerInfo.java:lambda$new$0(51)) - b6a7a8d3-8079-4dfa-92cd-d231555e9b27@group-3E7865DF923C->88a7d5fa-cc02-424e-979e-9137321ddddd: nextIndex: updateUnconditionally 3 -> 2
2019-10-15 00:41:58,820 [b6a7a8d3-8079-4dfa-92cd-d231555e9b27@group-3E7865DF923C-StateMachineUpdater] INFO  ratis.ContainerStateMachine (ContainerStateMachine.java:takeSnapshot(307)) - group-3E7865DF923C: Finished taking a snapshot at:(t:1, i:2) file:/workdir/hadoop-ozone/integration-test/target/test-dir/MiniOzoneClusterImpl-e538d966-0196-4657-9505-dd1c5b05d6aa/datanode-3/data/ratis/de6286c9-04d1-40ee-8907-3e7865df923c/sm/snapshot.1_2 time:179
2019-10-15 00:41:58,822 [b6a7a8d3-8079-4dfa-92cd-d231555e9b27@group-3E7865DF923C-StateMachineUpdater] INFO  impl.StateMachineUpdater (StateMachineUpdater.java:takeSnapshot(269)) - b6a7a8d3-8079-4dfa-92cd-d231555e9b27@group-3E7865DF923C-StateMachineUpdater: Took a snapshot at index 2
2019-10-15 00:41:58,825 [b6a7a8d3-8079-4dfa-92cd-d231555e9b27@group-3E7865DF923C-StateMachineUpdater] INFO  impl.StateMachineUpdater (StateMachineUpdater.java:lambda$new$0(84)) - b6a7a8d3-8079-4dfa-92cd-d231555e9b27@group-3E7865DF923C-StateMachineUpdater: snapshotIndex: updateIncreasingly -1 -> 2
2019-10-15 00:41:58,834 [main] INFO  impl.RaftServerImpl (ServerState.java:close(387)) - b6a7a8d3-8079-4dfa-92cd-d231555e9b27@group-3E7865DF923C: closes. applyIndex: 2
2019-10-15 00:41:58,835 [b6a7a8d3-8079-4dfa-92cd-d231555e9b27@group-3E7865DF923C-SegmentedRaftLogWorker] INFO  segmented.SegmentedRaftLogWorker (SegmentedRaftLogWorker.java:run(316)) - b6a7a8d3-8079-4dfa-92cd-d231555e9b27@group-3E7865DF923C-SegmentedRaftLogWorker was interrupted, exiting. There are 0 tasks remaining in the queue.
2019-10-15 00:41:58,839 [main] INFO  segmented.SegmentedRaftLogWorker (SegmentedRaftLogWorker.java:close(224)) - b6a7a8d3-8079-4dfa-92cd-d231555e9b27@group-3E7865DF923C-SegmentedRaftLogWorker close()
2019-10-15 00:41:58,846 [main] INFO  impl.RaftServerImpl (RaftServerImpl.java:lambda$shutdown$3(247)) - b6a7a8d3-8079-4dfa-92cd-d231555e9b27@group-331A4D48181B: shutdown
2019-10-15 00:41:58,846 [main] INFO  util.JmxRegister (JmxRegister.java:unregister(73)) - Successfully un-registered JMX Bean with object name Ratis:service=RaftServer,group=group-331A4D48181B,id=b6a7a8d3-8079-4dfa-92cd-d231555e9b27
2019-10-15 00:41:58,847 [main] INFO  impl.RoleInfo (RoleInfo.java:shutdownLeaderState(104)) - b6a7a8d3-8079-4dfa-92cd-d231555e9b27: shutdown LeaderState
2019-10-15 00:41:58,847 [main] INFO  impl.PendingRequests (PendingRequests.java:sendNotLeaderResponses(202)) - b6a7a8d3-8079-4dfa-92cd-d231555e9b27@group-331A4D48181B-PendingRequests: sendNotLeaderResponses
2019-10-15 00:41:58,847 [main] INFO  impl.StateMachineUpdater (StateMachineUpdater.java:stopAndJoin(136)) - b6a7a8d3-8079-4dfa-92cd-d231555e9b27@group-331A4D48181B-StateMachineUpdater: set stopIndex = 0
2019-10-15 00:41:58,848 [main] INFO  impl.RaftServerImpl (ServerState.java:close(387)) - b6a7a8d3-8079-4dfa-92cd-d231555e9b27@group-331A4D48181B: closes. applyIndex: 0
2019-10-15 00:41:58,848 [b6a7a8d3-8079-4dfa-92cd-d231555e9b27@group-331A4D48181B-SegmentedRaftLogWorker] INFO  segmented.SegmentedRaftLogWorker (SegmentedRaftLogWorker.java:run(316)) - b6a7a8d3-8079-4dfa-92cd-d231555e9b27@group-331A4D48181B-SegmentedRaftLogWorker was interrupted, exiting. There are 0 tasks remaining in the queue.
2019-10-15 00:41:58,858 [main] INFO  segmented.SegmentedRaftLogWorker (SegmentedRaftLogWorker.java:close(224)) - b6a7a8d3-8079-4dfa-92cd-d231555e9b27@group-331A4D48181B-SegmentedRaftLogWorker close()
2019-10-15 00:41:58,863 [main] INFO  server.GrpcService (GrpcService.java:closeImpl(164)) - b6a7a8d3-8079-4dfa-92cd-d231555e9b27: shutdown server with port 36375 now
2019-10-15 00:41:58,867 [main] INFO  server.GrpcService (GrpcService.java:closeImpl(172)) - b6a7a8d3-8079-4dfa-92cd-d231555e9b27: shutdown server with port 36375 successfully
2019-10-15 00:41:58,870 [refreshUsed-/workdir/hadoop-ozone/integration-test/target/test-dir/MiniOzoneClusterImpl-e538d966-0196-4657-9505-dd1c5b05d6aa/datanode-3/data/containers] WARN  fs.CachingGetSpaceUsed (CachingGetSpaceUsed.java:run(183)) - Thread Interrupted waiting to refresh disk information: sleep interrupted
2019-10-15 00:41:58,890 [main] INFO  utils.BackgroundService (BackgroundService.java:shutdown(151)) - Shutting down service BlockDeletingService
2019-10-15 00:41:58,896 [main] INFO  statemachine.DatanodeStateMachine (DatanodeStateMachine.java:stopDaemon(395)) - Ozone container server stopped.
2019-10-15 00:41:58,901 [main] INFO  handler.ContextHandler (ContextHandler.java:doStop(910)) - Stopped o.e.j.w.WebAppContext@242b6e1a{/,null,UNAVAILABLE}{/hddsDatanode}
2019-10-15 00:41:58,907 [main] INFO  server.AbstractConnector (AbstractConnector.java:doStop(318)) - Stopped ServerConnector@39a87e72{HTTP/1.1,[http/1.1]}{0.0.0.0:0}
2019-10-15 00:41:58,907 [main] INFO  handler.ContextHandler (ContextHandler.java:doStop(910)) - Stopped o.e.j.s.ServletContextHandler@709ed6f3{/static,jar:file:/home/user/.m2/repository/org/apache/hadoop/hadoop-hdds-container-service/0.5.0-SNAPSHOT/hadoop-hdds-container-service-0.5.0-SNAPSHOT.jar!/webapps/static,UNAVAILABLE}
2019-10-15 00:41:58,908 [main] INFO  handler.ContextHandler (ContextHandler.java:doStop(910)) - Stopped o.e.j.s.ServletContextHandler@20ab3e3a{/logs,file:///workdir/hadoop-ozone/integration-test/target/log,UNAVAILABLE}
2019-10-15 00:42:06,102 [Thread-343] INFO  impl.FollowerState (FollowerState.java:run(108)) - abc841f7-ccc7-46f2-94a7-38b3b9eaef01@group-3E7865DF923C-FollowerState: change to CANDIDATE, lastRpcTime:7872ms, electionTimeout:5137ms
2019-10-15 00:42:06,103 [Thread-343] INFO  impl.RoleInfo (RoleInfo.java:shutdownFollowerState(121)) - abc841f7-ccc7-46f2-94a7-38b3b9eaef01: shutdown FollowerState
2019-10-15 00:42:06,104 [Thread-343] INFO  impl.RaftServerImpl (RaftServerImpl.java:setRole(170)) - abc841f7-ccc7-46f2-94a7-38b3b9eaef01@group-3E7865DF923C: changes role from  FOLLOWER to CANDIDATE at term 1 for changeToCandidate
2019-10-15 00:42:06,104 [Thread-343] INFO  impl.RoleInfo (RoleInfo.java:updateAndGet(143)) - abc841f7-ccc7-46f2-94a7-38b3b9eaef01: start LeaderElection
2019-10-15 00:42:06,105 [abc841f7-ccc7-46f2-94a7-38b3b9eaef01@group-3E7865DF923C-LeaderElection12] INFO  impl.RaftServerImpl (ServerState.java:setLeader(255)) - abc841f7-ccc7-46f2-94a7-38b3b9eaef01@group-3E7865DF923C: change Leader from b6a7a8d3-8079-4dfa-92cd-d231555e9b27 to null at term 1 for initElection
2019-10-15 00:42:06,169 [Thread-344] INFO  impl.FollowerState (FollowerState.java:run(108)) - 88a7d5fa-cc02-424e-979e-9137321ddddd@group-3E7865DF923C-FollowerState: change to CANDIDATE, lastRpcTime:7939ms, electionTimeout:5112ms
2019-10-15 00:42:06,169 [Thread-344] INFO  impl.RoleInfo (RoleInfo.java:shutdownFollowerState(121)) - 88a7d5fa-cc02-424e-979e-9137321ddddd: shutdown FollowerState
2019-10-15 00:42:06,169 [Thread-344] INFO  impl.RaftServerImpl (RaftServerImpl.java:setRole(170)) - 88a7d5fa-cc02-424e-979e-9137321ddddd@group-3E7865DF923C: changes role from  FOLLOWER to CANDIDATE at term 1 for changeToCandidate
2019-10-15 00:42:06,169 [Thread-344] INFO  impl.RoleInfo (RoleInfo.java:updateAndGet(143)) - 88a7d5fa-cc02-424e-979e-9137321ddddd: start LeaderElection
2019-10-15 00:42:06,170 [88a7d5fa-cc02-424e-979e-9137321ddddd@group-3E7865DF923C-LeaderElection13] INFO  impl.RaftServerImpl (ServerState.java:setLeader(255)) - 88a7d5fa-cc02-424e-979e-9137321ddddd@group-3E7865DF923C: change Leader from b6a7a8d3-8079-4dfa-92cd-d231555e9b27 to null at term 1 for initElection
2019-10-15 00:42:06,667 [88a7d5fa-cc02-424e-979e-9137321ddddd@group-3E7865DF923C-LeaderElection13] INFO  impl.LeaderElection (LeaderElection.java:askForVotes(178)) - 88a7d5fa-cc02-424e-979e-9137321ddddd@group-3E7865DF923C-LeaderElection13: begin an election at term 2 for 0: [88a7d5fa-cc02-424e-979e-9137321ddddd:192.168.164.218:32954, b6a7a8d3-8079-4dfa-92cd-d231555e9b27:192.168.164.218:36375, abc841f7-ccc7-46f2-94a7-38b3b9eaef01:192.168.164.218:46404], old=null
2019-10-15 00:42:06,667 [abc841f7-ccc7-46f2-94a7-38b3b9eaef01@group-3E7865DF923C-LeaderElection12] INFO  impl.LeaderElection (LeaderElection.java:askForVotes(178)) - abc841f7-ccc7-46f2-94a7-38b3b9eaef01@group-3E7865DF923C-LeaderElection12: begin an election at term 2 for 0: [88a7d5fa-cc02-424e-979e-9137321ddddd:192.168.164.218:32954, b6a7a8d3-8079-4dfa-92cd-d231555e9b27:192.168.164.218:36375, abc841f7-ccc7-46f2-94a7-38b3b9eaef01:192.168.164.218:46404], old=null
2019-10-15 00:42:06,676 [88a7d5fa-cc02-424e-979e-9137321ddddd@group-3E7865DF923C-LeaderElection13] INFO  impl.LeaderElection (LogUtils.java:infoOrTrace(149)) - 88a7d5fa-cc02-424e-979e-9137321ddddd@group-3E7865DF923C-LeaderElection13 got exception when requesting votes: {}
java.util.concurrent.ExecutionException: org.apache.ratis.thirdparty.io.grpc.StatusRuntimeException: UNAVAILABLE: io exception
	at java.util.concurrent.FutureTask.report(FutureTask.java:122)
	at java.util.concurrent.FutureTask.get(FutureTask.java:192)
	at org.apache.ratis.server.impl.LeaderElection.waitForResults(LeaderElection.java:259)
	at org.apache.ratis.server.impl.LeaderElection.askForVotes(LeaderElection.java:197)
	at org.apache.ratis.server.impl.LeaderElection.run(LeaderElection.java:133)
	at java.lang.Thread.run(Thread.java:748)
Caused by: org.apache.ratis.thirdparty.io.grpc.StatusRuntimeException: UNAVAILABLE: io exception
	at org.apache.ratis.thirdparty.io.grpc.stub.ClientCalls.toStatusRuntimeException(ClientCalls.java:233)
	at org.apache.ratis.thirdparty.io.grpc.stub.ClientCalls.getUnchecked(ClientCalls.java:214)
	at org.apache.ratis.thirdparty.io.grpc.stub.ClientCalls.blockingUnaryCall(ClientCalls.java:139)
	at org.apache.ratis.proto.grpc.RaftServerProtocolServiceGrpc$RaftServerProtocolServiceBlockingStub.requestVote(RaftServerProtocolServiceGrpc.java:265)
	at org.apache.ratis.grpc.server.GrpcServerProtocolClient.requestVote(GrpcServerProtocolClient.java:99)
	at org.apache.ratis.grpc.server.GrpcService.requestVote(GrpcService.java:204)
	at org.apache.ratis.server.impl.LeaderElection.lambda$submitRequests$1(LeaderElection.java:234)
	at java.util.concurrent.FutureTask.run(FutureTask.java:266)
	at java.util.concurrent.Executors$RunnableAdapter.call(Executors.java:511)
	at java.util.concurrent.FutureTask.run(FutureTask.java:266)
	at java.util.concurrent.ThreadPoolExecutor.runWorker(ThreadPoolExecutor.java:1149)
	at java.util.concurrent.ThreadPoolExecutor$Worker.run(ThreadPoolExecutor.java:624)
	... 1 more
Caused by: org.apache.ratis.thirdparty.io.netty.channel.AbstractChannel$AnnotatedConnectException: Connection refused: /192.168.164.218:36375
	at sun.nio.ch.SocketChannelImpl.checkConnect(Native Method)
	at sun.nio.ch.SocketChannelImpl.finishConnect(SocketChannelImpl.java:717)
	at org.apache.ratis.thirdparty.io.netty.channel.socket.nio.NioSocketChannel.doFinishConnect(NioSocketChannel.java:327)
	at org.apache.ratis.thirdparty.io.netty.channel.nio.AbstractNioChannel$AbstractNioUnsafe.finishConnect(AbstractNioChannel.java:340)
	at org.apache.ratis.thirdparty.io.netty.channel.nio.NioEventLoop.processSelectedKey(NioEventLoop.java:632)
	at org.apache.ratis.thirdparty.io.netty.channel.nio.NioEventLoop.processSelectedKeysOptimized(NioEventLoop.java:579)
	at org.apache.ratis.thirdparty.io.netty.channel.nio.NioEventLoop.processSelectedKeys(NioEventLoop.java:496)
	at org.apache.ratis.thirdparty.io.netty.channel.nio.NioEventLoop.run(NioEventLoop.java:458)
	at org.apache.ratis.thirdparty.io.netty.util.concurrent.SingleThreadEventExecutor$5.run(SingleThreadEventExecutor.java:897)
	at org.apache.ratis.thirdparty.io.netty.util.concurrent.FastThreadLocalRunnable.run(FastThreadLocalRunnable.java:30)
	... 1 more
Caused by: java.net.ConnectException: Connection refused
	... 11 more
2019-10-15 00:42:06,676 [abc841f7-ccc7-46f2-94a7-38b3b9eaef01@group-3E7865DF923C-LeaderElection12] INFO  impl.LeaderElection (LogUtils.java:infoOrTrace(149)) - abc841f7-ccc7-46f2-94a7-38b3b9eaef01@group-3E7865DF923C-LeaderElection12 got exception when requesting votes: {}
java.util.concurrent.ExecutionException: org.apache.ratis.thirdparty.io.grpc.StatusRuntimeException: UNAVAILABLE: io exception
	at java.util.concurrent.FutureTask.report(FutureTask.java:122)
	at java.util.concurrent.FutureTask.get(FutureTask.java:192)
	at org.apache.ratis.server.impl.LeaderElection.waitForResults(LeaderElection.java:259)
	at org.apache.ratis.server.impl.LeaderElection.askForVotes(LeaderElection.java:197)
	at org.apache.ratis.server.impl.LeaderElection.run(LeaderElection.java:133)
	at java.lang.Thread.run(Thread.java:748)
Caused by: org.apache.ratis.thirdparty.io.grpc.StatusRuntimeException: UNAVAILABLE: io exception
	at org.apache.ratis.thirdparty.io.grpc.stub.ClientCalls.toStatusRuntimeException(ClientCalls.java:233)
	at org.apache.ratis.thirdparty.io.grpc.stub.ClientCalls.getUnchecked(ClientCalls.java:214)
	at org.apache.ratis.thirdparty.io.grpc.stub.ClientCalls.blockingUnaryCall(ClientCalls.java:139)
	at org.apache.ratis.proto.grpc.RaftServerProtocolServiceGrpc$RaftServerProtocolServiceBlockingStub.requestVote(RaftServerProtocolServiceGrpc.java:265)
	at org.apache.ratis.grpc.server.GrpcServerProtocolClient.requestVote(GrpcServerProtocolClient.java:99)
	at org.apache.ratis.grpc.server.GrpcService.requestVote(GrpcService.java:204)
	at org.apache.ratis.server.impl.LeaderElection.lambda$submitRequests$1(LeaderElection.java:234)
	at java.util.concurrent.FutureTask.run(FutureTask.java:266)
	at java.util.concurrent.Executors$RunnableAdapter.call(Executors.java:511)
	at java.util.concurrent.FutureTask.run(FutureTask.java:266)
	at java.util.concurrent.ThreadPoolExecutor.runWorker(ThreadPoolExecutor.java:1149)
	at java.util.concurrent.ThreadPoolExecutor$Worker.run(ThreadPoolExecutor.java:624)
	... 1 more
Caused by: org.apache.ratis.thirdparty.io.netty.channel.AbstractChannel$AnnotatedConnectException: Connection refused: /192.168.164.218:36375
	at sun.nio.ch.SocketChannelImpl.checkConnect(Native Method)
	at sun.nio.ch.SocketChannelImpl.finishConnect(SocketChannelImpl.java:717)
	at org.apache.ratis.thirdparty.io.netty.channel.socket.nio.NioSocketChannel.doFinishConnect(NioSocketChannel.java:327)
	at org.apache.ratis.thirdparty.io.netty.channel.nio.AbstractNioChannel$AbstractNioUnsafe.finishConnect(AbstractNioChannel.java:340)
	at org.apache.ratis.thirdparty.io.netty.channel.nio.NioEventLoop.processSelectedKey(NioEventLoop.java:632)
	at org.apache.ratis.thirdparty.io.netty.channel.nio.NioEventLoop.processSelectedKeysOptimized(NioEventLoop.java:579)
	at org.apache.ratis.thirdparty.io.netty.channel.nio.NioEventLoop.processSelectedKeys(NioEventLoop.java:496)
	at org.apache.ratis.thirdparty.io.netty.channel.nio.NioEventLoop.run(NioEventLoop.java:458)
	at org.apache.ratis.thirdparty.io.netty.util.concurrent.SingleThreadEventExecutor$5.run(SingleThreadEventExecutor.java:897)
	at org.apache.ratis.thirdparty.io.netty.util.concurrent.FastThreadLocalRunnable.run(FastThreadLocalRunnable.java:30)
	... 1 more
Caused by: java.net.ConnectException: Connection refused
	... 11 more
2019-10-15 00:42:06,681 [88a7d5fa-cc02-424e-979e-9137321ddddd@group-3E7865DF923C-LeaderElection13] INFO  impl.LeaderElection (LeaderElection.java:logAndReturn(56)) - 88a7d5fa-cc02-424e-979e-9137321ddddd@group-3E7865DF923C-LeaderElection13: Election REJECTED; received 1 response(s) [88a7d5fa-cc02-424e-979e-9137321ddddd<-abc841f7-ccc7-46f2-94a7-38b3b9eaef01#0:FAIL-t2] and 1 exception(s); 88a7d5fa-cc02-424e-979e-9137321ddddd@group-3E7865DF923C:t2, leader=null, voted=88a7d5fa-cc02-424e-979e-9137321ddddd, raftlog=88a7d5fa-cc02-424e-979e-9137321ddddd@group-3E7865DF923C-SegmentedRaftLog:OPENED:c2,f2,i2, conf=0: [88a7d5fa-cc02-424e-979e-9137321ddddd:192.168.164.218:32954, b6a7a8d3-8079-4dfa-92cd-d231555e9b27:192.168.164.218:36375, abc841f7-ccc7-46f2-94a7-38b3b9eaef01:192.168.164.218:46404], old=null
2019-10-15 00:42:06,684 [abc841f7-ccc7-46f2-94a7-38b3b9eaef01@group-3E7865DF923C-LeaderElection12] INFO  impl.LeaderElection (LeaderElection.java:logAndReturn(56)) - abc841f7-ccc7-46f2-94a7-38b3b9eaef01@group-3E7865DF923C-LeaderElection12: Election REJECTED; received 1 response(s) [abc841f7-ccc7-46f2-94a7-38b3b9eaef01<-88a7d5fa-cc02-424e-979e-9137321ddddd#0:FAIL-t2] and 1 exception(s); abc841f7-ccc7-46f2-94a7-38b3b9eaef01@group-3E7865DF923C:t2, leader=null, voted=abc841f7-ccc7-46f2-94a7-38b3b9eaef01, raftlog=abc841f7-ccc7-46f2-94a7-38b3b9eaef01@group-3E7865DF923C-SegmentedRaftLog:OPENED:c2,f2,i2, conf=0: [88a7d5fa-cc02-424e-979e-9137321ddddd:192.168.164.218:32954, b6a7a8d3-8079-4dfa-92cd-d231555e9b27:192.168.164.218:36375, abc841f7-ccc7-46f2-94a7-38b3b9eaef01:192.168.164.218:46404], old=null
2019-10-15 00:42:06,684 [88a7d5fa-cc02-424e-979e-9137321ddddd@group-3E7865DF923C-LeaderElection13] INFO  impl.LeaderElection (LogUtils.java:infoOrTrace(149)) -   Exception 0: {}
java.util.concurrent.ExecutionException: org.apache.ratis.thirdparty.io.grpc.StatusRuntimeException: UNAVAILABLE: io exception
	at java.util.concurrent.FutureTask.report(FutureTask.java:122)
	at java.util.concurrent.FutureTask.get(FutureTask.java:192)
	at org.apache.ratis.server.impl.LeaderElection.waitForResults(LeaderElection.java:259)
	at org.apache.ratis.server.impl.LeaderElection.askForVotes(LeaderElection.java:197)
	at org.apache.ratis.server.impl.LeaderElection.run(LeaderElection.java:133)
	at java.lang.Thread.run(Thread.java:748)
Caused by: org.apache.ratis.thirdparty.io.grpc.StatusRuntimeException: UNAVAILABLE: io exception
	at org.apache.ratis.thirdparty.io.grpc.stub.ClientCalls.toStatusRuntimeException(ClientCalls.java:233)
	at org.apache.ratis.thirdparty.io.grpc.stub.ClientCalls.getUnchecked(ClientCalls.java:214)
	at org.apache.ratis.thirdparty.io.grpc.stub.ClientCalls.blockingUnaryCall(ClientCalls.java:139)
	at org.apache.ratis.proto.grpc.RaftServerProtocolServiceGrpc$RaftServerProtocolServiceBlockingStub.requestVote(RaftServerProtocolServiceGrpc.java:265)
	at org.apache.ratis.grpc.server.GrpcServerProtocolClient.requestVote(GrpcServerProtocolClient.java:99)
	at org.apache.ratis.grpc.server.GrpcService.requestVote(GrpcService.java:204)
	at org.apache.ratis.server.impl.LeaderElection.lambda$submitRequests$1(LeaderElection.java:234)
	at java.util.concurrent.FutureTask.run(FutureTask.java:266)
	at java.util.concurrent.Executors$RunnableAdapter.call(Executors.java:511)
	at java.util.concurrent.FutureTask.run(FutureTask.java:266)
	at java.util.concurrent.ThreadPoolExecutor.runWorker(ThreadPoolExecutor.java:1149)
	at java.util.concurrent.ThreadPoolExecutor$Worker.run(ThreadPoolExecutor.java:624)
	... 1 more
Caused by: org.apache.ratis.thirdparty.io.netty.channel.AbstractChannel$AnnotatedConnectException: Connection refused: /192.168.164.218:36375
	at sun.nio.ch.SocketChannelImpl.checkConnect(Native Method)
	at sun.nio.ch.SocketChannelImpl.finishConnect(SocketChannelImpl.java:717)
	at org.apache.ratis.thirdparty.io.netty.channel.socket.nio.NioSocketChannel.doFinishConnect(NioSocketChannel.java:327)
	at org.apache.ratis.thirdparty.io.netty.channel.nio.AbstractNioChannel$AbstractNioUnsafe.finishConnect(AbstractNioChannel.java:340)
	at org.apache.ratis.thirdparty.io.netty.channel.nio.NioEventLoop.processSelectedKey(NioEventLoop.java:632)
	at org.apache.ratis.thirdparty.io.netty.channel.nio.NioEventLoop.processSelectedKeysOptimized(NioEventLoop.java:579)
	at org.apache.ratis.thirdparty.io.netty.channel.nio.NioEventLoop.processSelectedKeys(NioEventLoop.java:496)
	at org.apache.ratis.thirdparty.io.netty.channel.nio.NioEventLoop.run(NioEventLoop.java:458)
	at org.apache.ratis.thirdparty.io.netty.util.concurrent.SingleThreadEventExecutor$5.run(SingleThreadEventExecutor.java:897)
	at org.apache.ratis.thirdparty.io.netty.util.concurrent.FastThreadLocalRunnable.run(FastThreadLocalRunnable.java:30)
	... 1 more
Caused by: java.net.ConnectException: Connection refused
	... 11 more
2019-10-15 00:42:06,686 [abc841f7-ccc7-46f2-94a7-38b3b9eaef01@group-3E7865DF923C-LeaderElection12] INFO  impl.LeaderElection (LogUtils.java:infoOrTrace(149)) -   Exception 0: {}
java.util.concurrent.ExecutionException: org.apache.ratis.thirdparty.io.grpc.StatusRuntimeException: UNAVAILABLE: io exception
	at java.util.concurrent.FutureTask.report(FutureTask.java:122)
	at java.util.concurrent.FutureTask.get(FutureTask.java:192)
	at org.apache.ratis.server.impl.LeaderElection.waitForResults(LeaderElection.java:259)
	at org.apache.ratis.server.impl.LeaderElection.askForVotes(LeaderElection.java:197)
	at org.apache.ratis.server.impl.LeaderElection.run(LeaderElection.java:133)
	at java.lang.Thread.run(Thread.java:748)
Caused by: org.apache.ratis.thirdparty.io.grpc.StatusRuntimeException: UNAVAILABLE: io exception
	at org.apache.ratis.thirdparty.io.grpc.stub.ClientCalls.toStatusRuntimeException(ClientCalls.java:233)
	at org.apache.ratis.thirdparty.io.grpc.stub.ClientCalls.getUnchecked(ClientCalls.java:214)
	at org.apache.ratis.thirdparty.io.grpc.stub.ClientCalls.blockingUnaryCall(ClientCalls.java:139)
	at org.apache.ratis.proto.grpc.RaftServerProtocolServiceGrpc$RaftServerProtocolServiceBlockingStub.requestVote(RaftServerProtocolServiceGrpc.java:265)
	at org.apache.ratis.grpc.server.GrpcServerProtocolClient.requestVote(GrpcServerProtocolClient.java:99)
	at org.apache.ratis.grpc.server.GrpcService.requestVote(GrpcService.java:204)
	at org.apache.ratis.server.impl.LeaderElection.lambda$submitRequests$1(LeaderElection.java:234)
	at java.util.concurrent.FutureTask.run(FutureTask.java:266)
	at java.util.concurrent.Executors$RunnableAdapter.call(Executors.java:511)
	at java.util.concurrent.FutureTask.run(FutureTask.java:266)
	at java.util.concurrent.ThreadPoolExecutor.runWorker(ThreadPoolExecutor.java:1149)
	at java.util.concurrent.ThreadPoolExecutor$Worker.run(ThreadPoolExecutor.java:624)
	... 1 more
Caused by: org.apache.ratis.thirdparty.io.netty.channel.AbstractChannel$AnnotatedConnectException: Connection refused: /192.168.164.218:36375
	at sun.nio.ch.SocketChannelImpl.checkConnect(Native Method)
	at sun.nio.ch.SocketChannelImpl.finishConnect(SocketChannelImpl.java:717)
	at org.apache.ratis.thirdparty.io.netty.channel.socket.nio.NioSocketChannel.doFinishConnect(NioSocketChannel.java:327)
	at org.apache.ratis.thirdparty.io.netty.channel.nio.AbstractNioChannel$AbstractNioUnsafe.finishConnect(AbstractNioChannel.java:340)
	at org.apache.ratis.thirdparty.io.netty.channel.nio.NioEventLoop.processSelectedKey(NioEventLoop.java:632)
	at org.apache.ratis.thirdparty.io.netty.channel.nio.NioEventLoop.processSelectedKeysOptimized(NioEventLoop.java:579)
	at org.apache.ratis.thirdparty.io.netty.channel.nio.NioEventLoop.processSelectedKeys(NioEventLoop.java:496)
	at org.apache.ratis.thirdparty.io.netty.channel.nio.NioEventLoop.run(NioEventLoop.java:458)
	at org.apache.ratis.thirdparty.io.netty.util.concurrent.SingleThreadEventExecutor$5.run(SingleThreadEventExecutor.java:897)
	at org.apache.ratis.thirdparty.io.netty.util.concurrent.FastThreadLocalRunnable.run(FastThreadLocalRunnable.java:30)
	... 1 more
Caused by: java.net.ConnectException: Connection refused
	... 11 more
2019-10-15 00:42:06,689 [88a7d5fa-cc02-424e-979e-9137321ddddd@group-3E7865DF923C-LeaderElection13] INFO  impl.RaftServerImpl (RaftServerImpl.java:setRole(170)) - 88a7d5fa-cc02-424e-979e-9137321ddddd@group-3E7865DF923C: changes role from CANDIDATE to FOLLOWER at term 2 for DISCOVERED_A_NEW_TERM
2019-10-15 00:42:06,690 [abc841f7-ccc7-46f2-94a7-38b3b9eaef01@group-3E7865DF923C-LeaderElection12] INFO  impl.RaftServerImpl (RaftServerImpl.java:setRole(170)) - abc841f7-ccc7-46f2-94a7-38b3b9eaef01@group-3E7865DF923C: changes role from CANDIDATE to FOLLOWER at term 2 for DISCOVERED_A_NEW_TERM
2019-10-15 00:42:06,690 [88a7d5fa-cc02-424e-979e-9137321ddddd@group-3E7865DF923C-LeaderElection13] INFO  impl.RoleInfo (RoleInfo.java:shutdownLeaderElection(134)) - 88a7d5fa-cc02-424e-979e-9137321ddddd: shutdown LeaderElection
2019-10-15 00:42:06,690 [abc841f7-ccc7-46f2-94a7-38b3b9eaef01@group-3E7865DF923C-LeaderElection12] INFO  impl.RoleInfo (RoleInfo.java:shutdownLeaderElection(134)) - abc841f7-ccc7-46f2-94a7-38b3b9eaef01: shutdown LeaderElection
2019-10-15 00:42:06,690 [88a7d5fa-cc02-424e-979e-9137321ddddd@group-3E7865DF923C-LeaderElection13] INFO  impl.RoleInfo (RoleInfo.java:updateAndGet(143)) - 88a7d5fa-cc02-424e-979e-9137321ddddd: start FollowerState
2019-10-15 00:42:06,690 [abc841f7-ccc7-46f2-94a7-38b3b9eaef01@group-3E7865DF923C-LeaderElection12] INFO  impl.RoleInfo (RoleInfo.java:updateAndGet(143)) - abc841f7-ccc7-46f2-94a7-38b3b9eaef01: start FollowerState
2019-10-15 00:42:11,784 [Thread-436] INFO  impl.FollowerState (FollowerState.java:run(108)) - abc841f7-ccc7-46f2-94a7-38b3b9eaef01@group-3E7865DF923C-FollowerState: change to CANDIDATE, lastRpcTime:5093ms, electionTimeout:5093ms
2019-10-15 00:42:11,785 [Thread-436] INFO  impl.RoleInfo (RoleInfo.java:shutdownFollowerState(121)) - abc841f7-ccc7-46f2-94a7-38b3b9eaef01: shutdown FollowerState
2019-10-15 00:42:11,786 [Thread-436] INFO  impl.RaftServerImpl (RaftServerImpl.java:setRole(170)) - abc841f7-ccc7-46f2-94a7-38b3b9eaef01@group-3E7865DF923C: changes role from  FOLLOWER to CANDIDATE at term 2 for changeToCandidate
2019-10-15 00:42:11,786 [Thread-436] INFO  impl.RoleInfo (RoleInfo.java:updateAndGet(143)) - abc841f7-ccc7-46f2-94a7-38b3b9eaef01: start LeaderElection
2019-10-15 00:42:11,799 [Thread-435] INFO  impl.FollowerState (FollowerState.java:run(108)) - 88a7d5fa-cc02-424e-979e-9137321ddddd@group-3E7865DF923C-FollowerState: change to CANDIDATE, lastRpcTime:5108ms, electionTimeout:5108ms
2019-10-15 00:42:11,799 [Thread-435] INFO  impl.RoleInfo (RoleInfo.java:shutdownFollowerState(121)) - 88a7d5fa-cc02-424e-979e-9137321ddddd: shutdown FollowerState
2019-10-15 00:42:11,799 [Thread-435] INFO  impl.RaftServerImpl (RaftServerImpl.java:setRole(170)) - 88a7d5fa-cc02-424e-979e-9137321ddddd@group-3E7865DF923C: changes role from  FOLLOWER to CANDIDATE at term 2 for changeToCandidate
2019-10-15 00:42:11,800 [Thread-435] INFO  impl.RoleInfo (RoleInfo.java:updateAndGet(143)) - 88a7d5fa-cc02-424e-979e-9137321ddddd: start LeaderElection
2019-10-15 00:42:11,826 [abc841f7-ccc7-46f2-94a7-38b3b9eaef01@group-3E7865DF923C-LeaderElection14] INFO  impl.LeaderElection (LeaderElection.java:askForVotes(178)) - abc841f7-ccc7-46f2-94a7-38b3b9eaef01@group-3E7865DF923C-LeaderElection14: begin an election at term 3 for 0: [88a7d5fa-cc02-424e-979e-9137321ddddd:192.168.164.218:32954, b6a7a8d3-8079-4dfa-92cd-d231555e9b27:192.168.164.218:36375, abc841f7-ccc7-46f2-94a7-38b3b9eaef01:192.168.164.218:46404], old=null
2019-10-15 00:42:11,826 [88a7d5fa-cc02-424e-979e-9137321ddddd@group-3E7865DF923C-LeaderElection15] INFO  impl.LeaderElection (LeaderElection.java:askForVotes(178)) - 88a7d5fa-cc02-424e-979e-9137321ddddd@group-3E7865DF923C-LeaderElection15: begin an election at term 3 for 0: [88a7d5fa-cc02-424e-979e-9137321ddddd:192.168.164.218:32954, b6a7a8d3-8079-4dfa-92cd-d231555e9b27:192.168.164.218:36375, abc841f7-ccc7-46f2-94a7-38b3b9eaef01:192.168.164.218:46404], old=null
2019-10-15 00:42:11,828 [abc841f7-ccc7-46f2-94a7-38b3b9eaef01@group-3E7865DF923C-LeaderElection14] INFO  impl.LeaderElection (LogUtils.java:infoOrTrace(149)) - abc841f7-ccc7-46f2-94a7-38b3b9eaef01@group-3E7865DF923C-LeaderElection14 got exception when requesting votes: {}
java.util.concurrent.ExecutionException: org.apache.ratis.thirdparty.io.grpc.StatusRuntimeException: UNAVAILABLE: io exception
	at java.util.concurrent.FutureTask.report(FutureTask.java:122)
	at java.util.concurrent.FutureTask.get(FutureTask.java:192)
	at org.apache.ratis.server.impl.LeaderElection.waitForResults(LeaderElection.java:259)
	at org.apache.ratis.server.impl.LeaderElection.askForVotes(LeaderElection.java:197)
	at org.apache.ratis.server.impl.LeaderElection.run(LeaderElection.java:133)
	at java.lang.Thread.run(Thread.java:748)
Caused by: org.apache.ratis.thirdparty.io.grpc.StatusRuntimeException: UNAVAILABLE: io exception
	at org.apache.ratis.thirdparty.io.grpc.stub.ClientCalls.toStatusRuntimeException(ClientCalls.java:233)
	at org.apache.ratis.thirdparty.io.grpc.stub.ClientCalls.getUnchecked(ClientCalls.java:214)
	at org.apache.ratis.thirdparty.io.grpc.stub.ClientCalls.blockingUnaryCall(ClientCalls.java:139)
	at org.apache.ratis.proto.grpc.RaftServerProtocolServiceGrpc$RaftServerProtocolServiceBlockingStub.requestVote(RaftServerProtocolServiceGrpc.java:265)
	at org.apache.ratis.grpc.server.GrpcServerProtocolClient.requestVote(GrpcServerProtocolClient.java:99)
	at org.apache.ratis.grpc.server.GrpcService.requestVote(GrpcService.java:204)
	at org.apache.ratis.server.impl.LeaderElection.lambda$submitRequests$1(LeaderElection.java:234)
	at java.util.concurrent.FutureTask.run(FutureTask.java:266)
	at java.util.concurrent.Executors$RunnableAdapter.call(Executors.java:511)
	at java.util.concurrent.FutureTask.run(FutureTask.java:266)
	at java.util.concurrent.ThreadPoolExecutor.runWorker(ThreadPoolExecutor.java:1149)
	at java.util.concurrent.ThreadPoolExecutor$Worker.run(ThreadPoolExecutor.java:624)
	... 1 more
Caused by: org.apache.ratis.thirdparty.io.netty.channel.AbstractChannel$AnnotatedConnectException: Connection refused: /192.168.164.218:36375
	at sun.nio.ch.SocketChannelImpl.checkConnect(Native Method)
	at sun.nio.ch.SocketChannelImpl.finishConnect(SocketChannelImpl.java:717)
	at org.apache.ratis.thirdparty.io.netty.channel.socket.nio.NioSocketChannel.doFinishConnect(NioSocketChannel.java:327)
	at org.apache.ratis.thirdparty.io.netty.channel.nio.AbstractNioChannel$AbstractNioUnsafe.finishConnect(AbstractNioChannel.java:340)
	at org.apache.ratis.thirdparty.io.netty.channel.nio.NioEventLoop.processSelectedKey(NioEventLoop.java:632)
	at org.apache.ratis.thirdparty.io.netty.channel.nio.NioEventLoop.processSelectedKeysOptimized(NioEventLoop.java:579)
	at org.apache.ratis.thirdparty.io.netty.channel.nio.NioEventLoop.processSelectedKeys(NioEventLoop.java:496)
	at org.apache.ratis.thirdparty.io.netty.channel.nio.NioEventLoop.run(NioEventLoop.java:458)
	at org.apache.ratis.thirdparty.io.netty.util.concurrent.SingleThreadEventExecutor$5.run(SingleThreadEventExecutor.java:897)
	at org.apache.ratis.thirdparty.io.netty.util.concurrent.FastThreadLocalRunnable.run(FastThreadLocalRunnable.java:30)
	... 1 more
Caused by: java.net.ConnectException: Connection refused
	... 11 more
2019-10-15 00:42:11,828 [88a7d5fa-cc02-424e-979e-9137321ddddd@group-3E7865DF923C-LeaderElection15] INFO  impl.LeaderElection (LogUtils.java:infoOrTrace(149)) - 88a7d5fa-cc02-424e-979e-9137321ddddd@group-3E7865DF923C-LeaderElection15 got exception when requesting votes: {}
java.util.concurrent.ExecutionException: org.apache.ratis.thirdparty.io.grpc.StatusRuntimeException: UNAVAILABLE: io exception
	at java.util.concurrent.FutureTask.report(FutureTask.java:122)
	at java.util.concurrent.FutureTask.get(FutureTask.java:192)
	at org.apache.ratis.server.impl.LeaderElection.waitForResults(LeaderElection.java:259)
	at org.apache.ratis.server.impl.LeaderElection.askForVotes(LeaderElection.java:197)
	at org.apache.ratis.server.impl.LeaderElection.run(LeaderElection.java:133)
	at java.lang.Thread.run(Thread.java:748)
Caused by: org.apache.ratis.thirdparty.io.grpc.StatusRuntimeException: UNAVAILABLE: io exception
	at org.apache.ratis.thirdparty.io.grpc.stub.ClientCalls.toStatusRuntimeException(ClientCalls.java:233)
	at org.apache.ratis.thirdparty.io.grpc.stub.ClientCalls.getUnchecked(ClientCalls.java:214)
	at org.apache.ratis.thirdparty.io.grpc.stub.ClientCalls.blockingUnaryCall(ClientCalls.java:139)
	at org.apache.ratis.proto.grpc.RaftServerProtocolServiceGrpc$RaftServerProtocolServiceBlockingStub.requestVote(RaftServerProtocolServiceGrpc.java:265)
	at org.apache.ratis.grpc.server.GrpcServerProtocolClient.requestVote(GrpcServerProtocolClient.java:99)
	at org.apache.ratis.grpc.server.GrpcService.requestVote(GrpcService.java:204)
	at org.apache.ratis.server.impl.LeaderElection.lambda$submitRequests$1(LeaderElection.java:234)
	at java.util.concurrent.FutureTask.run(FutureTask.java:266)
	at java.util.concurrent.Executors$RunnableAdapter.call(Executors.java:511)
	at java.util.concurrent.FutureTask.run(FutureTask.java:266)
	at java.util.concurrent.ThreadPoolExecutor.runWorker(ThreadPoolExecutor.java:1149)
	at java.util.concurrent.ThreadPoolExecutor$Worker.run(ThreadPoolExecutor.java:624)
	... 1 more
Caused by: org.apache.ratis.thirdparty.io.netty.channel.AbstractChannel$AnnotatedConnectException: Connection refused: /192.168.164.218:36375
	at sun.nio.ch.SocketChannelImpl.checkConnect(Native Method)
	at sun.nio.ch.SocketChannelImpl.finishConnect(SocketChannelImpl.java:717)
	at org.apache.ratis.thirdparty.io.netty.channel.socket.nio.NioSocketChannel.doFinishConnect(NioSocketChannel.java:327)
	at org.apache.ratis.thirdparty.io.netty.channel.nio.AbstractNioChannel$AbstractNioUnsafe.finishConnect(AbstractNioChannel.java:340)
	at org.apache.ratis.thirdparty.io.netty.channel.nio.NioEventLoop.processSelectedKey(NioEventLoop.java:632)
	at org.apache.ratis.thirdparty.io.netty.channel.nio.NioEventLoop.processSelectedKeysOptimized(NioEventLoop.java:579)
	at org.apache.ratis.thirdparty.io.netty.channel.nio.NioEventLoop.processSelectedKeys(NioEventLoop.java:496)
	at org.apache.ratis.thirdparty.io.netty.channel.nio.NioEventLoop.run(NioEventLoop.java:458)
	at org.apache.ratis.thirdparty.io.netty.util.concurrent.SingleThreadEventExecutor$5.run(SingleThreadEventExecutor.java:897)
	at org.apache.ratis.thirdparty.io.netty.util.concurrent.FastThreadLocalRunnable.run(FastThreadLocalRunnable.java:30)
	... 1 more
Caused by: java.net.ConnectException: Connection refused
	... 11 more
2019-10-15 00:42:11,839 [abc841f7-ccc7-46f2-94a7-38b3b9eaef01@group-3E7865DF923C-LeaderElection14] INFO  impl.LeaderElection (LeaderElection.java:logAndReturn(56)) - abc841f7-ccc7-46f2-94a7-38b3b9eaef01@group-3E7865DF923C-LeaderElection14: Election REJECTED; received 1 response(s) [abc841f7-ccc7-46f2-94a7-38b3b9eaef01<-88a7d5fa-cc02-424e-979e-9137321ddddd#0:FAIL-t3] and 1 exception(s); abc841f7-ccc7-46f2-94a7-38b3b9eaef01@group-3E7865DF923C:t3, leader=null, voted=abc841f7-ccc7-46f2-94a7-38b3b9eaef01, raftlog=abc841f7-ccc7-46f2-94a7-38b3b9eaef01@group-3E7865DF923C-SegmentedRaftLog:OPENED:c2,f2,i2, conf=0: [88a7d5fa-cc02-424e-979e-9137321ddddd:192.168.164.218:32954, b6a7a8d3-8079-4dfa-92cd-d231555e9b27:192.168.164.218:36375, abc841f7-ccc7-46f2-94a7-38b3b9eaef01:192.168.164.218:46404], old=null
2019-10-15 00:42:11,840 [88a7d5fa-cc02-424e-979e-9137321ddddd@group-3E7865DF923C-LeaderElection15] INFO  impl.LeaderElection (LeaderElection.java:logAndReturn(56)) - 88a7d5fa-cc02-424e-979e-9137321ddddd@group-3E7865DF923C-LeaderElection15: Election REJECTED; received 1 response(s) [88a7d5fa-cc02-424e-979e-9137321ddddd<-abc841f7-ccc7-46f2-94a7-38b3b9eaef01#0:FAIL-t3] and 1 exception(s); 88a7d5fa-cc02-424e-979e-9137321ddddd@group-3E7865DF923C:t3, leader=null, voted=88a7d5fa-cc02-424e-979e-9137321ddddd, raftlog=88a7d5fa-cc02-424e-979e-9137321ddddd@group-3E7865DF923C-SegmentedRaftLog:OPENED:c2,f2,i2, conf=0: [88a7d5fa-cc02-424e-979e-9137321ddddd:192.168.164.218:32954, b6a7a8d3-8079-4dfa-92cd-d231555e9b27:192.168.164.218:36375, abc841f7-ccc7-46f2-94a7-38b3b9eaef01:192.168.164.218:46404], old=null
2019-10-15 00:42:11,840 [abc841f7-ccc7-46f2-94a7-38b3b9eaef01@group-3E7865DF923C-LeaderElection14] INFO  impl.LeaderElection (LogUtils.java:infoOrTrace(149)) -   Exception 0: {}
java.util.concurrent.ExecutionException: org.apache.ratis.thirdparty.io.grpc.StatusRuntimeException: UNAVAILABLE: io exception
	at java.util.concurrent.FutureTask.report(FutureTask.java:122)
	at java.util.concurrent.FutureTask.get(FutureTask.java:192)
	at org.apache.ratis.server.impl.LeaderElection.waitForResults(LeaderElection.java:259)
	at org.apache.ratis.server.impl.LeaderElection.askForVotes(LeaderElection.java:197)
	at org.apache.ratis.server.impl.LeaderElection.run(LeaderElection.java:133)
	at java.lang.Thread.run(Thread.java:748)
Caused by: org.apache.ratis.thirdparty.io.grpc.StatusRuntimeException: UNAVAILABLE: io exception
	at org.apache.ratis.thirdparty.io.grpc.stub.ClientCalls.toStatusRuntimeException(ClientCalls.java:233)
	at org.apache.ratis.thirdparty.io.grpc.stub.ClientCalls.getUnchecked(ClientCalls.java:214)
	at org.apache.ratis.thirdparty.io.grpc.stub.ClientCalls.blockingUnaryCall(ClientCalls.java:139)
	at org.apache.ratis.proto.grpc.RaftServerProtocolServiceGrpc$RaftServerProtocolServiceBlockingStub.requestVote(RaftServerProtocolServiceGrpc.java:265)
	at org.apache.ratis.grpc.server.GrpcServerProtocolClient.requestVote(GrpcServerProtocolClient.java:99)
	at org.apache.ratis.grpc.server.GrpcService.requestVote(GrpcService.java:204)
	at org.apache.ratis.server.impl.LeaderElection.lambda$submitRequests$1(LeaderElection.java:234)
	at java.util.concurrent.FutureTask.run(FutureTask.java:266)
	at java.util.concurrent.Executors$RunnableAdapter.call(Executors.java:511)
	at java.util.concurrent.FutureTask.run(FutureTask.java:266)
	at java.util.concurrent.ThreadPoolExecutor.runWorker(ThreadPoolExecutor.java:1149)
	at java.util.concurrent.ThreadPoolExecutor$Worker.run(ThreadPoolExecutor.java:624)
	... 1 more
Caused by: org.apache.ratis.thirdparty.io.netty.channel.AbstractChannel$AnnotatedConnectException: Connection refused: /192.168.164.218:36375
	at sun.nio.ch.SocketChannelImpl.checkConnect(Native Method)
	at sun.nio.ch.SocketChannelImpl.finishConnect(SocketChannelImpl.java:717)
	at org.apache.ratis.thirdparty.io.netty.channel.socket.nio.NioSocketChannel.doFinishConnect(NioSocketChannel.java:327)
	at org.apache.ratis.thirdparty.io.netty.channel.nio.AbstractNioChannel$AbstractNioUnsafe.finishConnect(AbstractNioChannel.java:340)
	at org.apache.ratis.thirdparty.io.netty.channel.nio.NioEventLoop.processSelectedKey(NioEventLoop.java:632)
	at org.apache.ratis.thirdparty.io.netty.channel.nio.NioEventLoop.processSelectedKeysOptimized(NioEventLoop.java:579)
	at org.apache.ratis.thirdparty.io.netty.channel.nio.NioEventLoop.processSelectedKeys(NioEventLoop.java:496)
	at org.apache.ratis.thirdparty.io.netty.channel.nio.NioEventLoop.run(NioEventLoop.java:458)
	at org.apache.ratis.thirdparty.io.netty.util.concurrent.SingleThreadEventExecutor$5.run(SingleThreadEventExecutor.java:897)
	at org.apache.ratis.thirdparty.io.netty.util.concurrent.FastThreadLocalRunnable.run(FastThreadLocalRunnable.java:30)
	... 1 more
Caused by: java.net.ConnectException: Connection refused
	... 11 more
2019-10-15 00:42:11,840 [88a7d5fa-cc02-424e-979e-9137321ddddd@group-3E7865DF923C-LeaderElection15] INFO  impl.LeaderElection (LogUtils.java:infoOrTrace(149)) -   Exception 0: {}
java.util.concurrent.ExecutionException: org.apache.ratis.thirdparty.io.grpc.StatusRuntimeException: UNAVAILABLE: io exception
	at java.util.concurrent.FutureTask.report(FutureTask.java:122)
	at java.util.concurrent.FutureTask.get(FutureTask.java:192)
	at org.apache.ratis.server.impl.LeaderElection.waitForResults(LeaderElection.java:259)
	at org.apache.ratis.server.impl.LeaderElection.askForVotes(LeaderElection.java:197)
	at org.apache.ratis.server.impl.LeaderElection.run(LeaderElection.java:133)
	at java.lang.Thread.run(Thread.java:748)
Caused by: org.apache.ratis.thirdparty.io.grpc.StatusRuntimeException: UNAVAILABLE: io exception
	at org.apache.ratis.thirdparty.io.grpc.stub.ClientCalls.toStatusRuntimeException(ClientCalls.java:233)
	at org.apache.ratis.thirdparty.io.grpc.stub.ClientCalls.getUnchecked(ClientCalls.java:214)
	at org.apache.ratis.thirdparty.io.grpc.stub.ClientCalls.blockingUnaryCall(ClientCalls.java:139)
	at org.apache.ratis.proto.grpc.RaftServerProtocolServiceGrpc$RaftServerProtocolServiceBlockingStub.requestVote(RaftServerProtocolServiceGrpc.java:265)
	at org.apache.ratis.grpc.server.GrpcServerProtocolClient.requestVote(GrpcServerProtocolClient.java:99)
	at org.apache.ratis.grpc.server.GrpcService.requestVote(GrpcService.java:204)
	at org.apache.ratis.server.impl.LeaderElection.lambda$submitRequests$1(LeaderElection.java:234)
	at java.util.concurrent.FutureTask.run(FutureTask.java:266)
	at java.util.concurrent.Executors$RunnableAdapter.call(Executors.java:511)
	at java.util.concurrent.FutureTask.run(FutureTask.java:266)
	at java.util.concurrent.ThreadPoolExecutor.runWorker(ThreadPoolExecutor.java:1149)
	at java.util.concurrent.ThreadPoolExecutor$Worker.run(ThreadPoolExecutor.java:624)
	... 1 more
Caused by: org.apache.ratis.thirdparty.io.netty.channel.AbstractChannel$AnnotatedConnectException: Connection refused: /192.168.164.218:36375
	at sun.nio.ch.SocketChannelImpl.checkConnect(Native Method)
	at sun.nio.ch.SocketChannelImpl.finishConnect(SocketChannelImpl.java:717)
	at org.apache.ratis.thirdparty.io.netty.channel.socket.nio.NioSocketChannel.doFinishConnect(NioSocketChannel.java:327)
	at org.apache.ratis.thirdparty.io.netty.channel.nio.AbstractNioChannel$AbstractNioUnsafe.finishConnect(AbstractNioChannel.java:340)
	at org.apache.ratis.thirdparty.io.netty.channel.nio.NioEventLoop.processSelectedKey(NioEventLoop.java:632)
	at org.apache.ratis.thirdparty.io.netty.channel.nio.NioEventLoop.processSelectedKeysOptimized(NioEventLoop.java:579)
	at org.apache.ratis.thirdparty.io.netty.channel.nio.NioEventLoop.processSelectedKeys(NioEventLoop.java:496)
	at org.apache.ratis.thirdparty.io.netty.channel.nio.NioEventLoop.run(NioEventLoop.java:458)
	at org.apache.ratis.thirdparty.io.netty.util.concurrent.SingleThreadEventExecutor$5.run(SingleThreadEventExecutor.java:897)
	at org.apache.ratis.thirdparty.io.netty.util.concurrent.FastThreadLocalRunnable.run(FastThreadLocalRunnable.java:30)
	... 1 more
Caused by: java.net.ConnectException: Connection refused
	... 11 more
2019-10-15 00:42:11,844 [abc841f7-ccc7-46f2-94a7-38b3b9eaef01@group-3E7865DF923C-LeaderElection14] INFO  impl.RaftServerImpl (RaftServerImpl.java:setRole(170)) - abc841f7-ccc7-46f2-94a7-38b3b9eaef01@group-3E7865DF923C: changes role from CANDIDATE to FOLLOWER at term 3 for DISCOVERED_A_NEW_TERM
2019-10-15 00:42:11,845 [abc841f7-ccc7-46f2-94a7-38b3b9eaef01@group-3E7865DF923C-LeaderElection14] INFO  impl.RoleInfo (RoleInfo.java:shutdownLeaderElection(134)) - abc841f7-ccc7-46f2-94a7-38b3b9eaef01: shutdown LeaderElection
2019-10-15 00:42:11,845 [88a7d5fa-cc02-424e-979e-9137321ddddd@group-3E7865DF923C-LeaderElection15] INFO  impl.RaftServerImpl (RaftServerImpl.java:setRole(170)) - 88a7d5fa-cc02-424e-979e-9137321ddddd@group-3E7865DF923C: changes role from CANDIDATE to FOLLOWER at term 3 for DISCOVERED_A_NEW_TERM
2019-10-15 00:42:11,845 [88a7d5fa-cc02-424e-979e-9137321ddddd@group-3E7865DF923C-LeaderElection15] INFO  impl.RoleInfo (RoleInfo.java:shutdownLeaderElection(134)) - 88a7d5fa-cc02-424e-979e-9137321ddddd: shutdown LeaderElection
2019-10-15 00:42:11,845 [abc841f7-ccc7-46f2-94a7-38b3b9eaef01@group-3E7865DF923C-LeaderElection14] INFO  impl.RoleInfo (RoleInfo.java:updateAndGet(143)) - abc841f7-ccc7-46f2-94a7-38b3b9eaef01: start FollowerState
2019-10-15 00:42:11,845 [88a7d5fa-cc02-424e-979e-9137321ddddd@group-3E7865DF923C-LeaderElection15] INFO  impl.RoleInfo (RoleInfo.java:updateAndGet(143)) - 88a7d5fa-cc02-424e-979e-9137321ddddd: start FollowerState
]]></system-out>
    <system-err><![CDATA[ERROR StatusLogger No Log4j 2 configuration file found. Using default configuration (logging only errors to the console), or user programmatically provided configurations. Set system property 'log4j2.debug' to show Log4j 2 internal initialization logging. See https://logging.apache.org/log4j/2.x/manual/configuration.html for instructions on how to configure Log4j 2
]]></system-err>
  </testcase>
</testsuite>