<?xml version="1.0" encoding="UTF-8"?>
<testsuite xmlns:xsi="http://www.w3.org/2001/XMLSchema-instance" xsi:noNamespaceSchemaLocation="https://maven.apache.org/surefire/maven-surefire-plugin/xsd/surefire-test-report.xsd" name="org.apache.hadoop.ozone.client.rpc.TestWatchForCommit" time="236.081" tests="5" errors="1" skipped="0" failures="0">
  <properties>
    <property name="awt.toolkit" value="sun.awt.X11.XToolkit"/>
    <property name="file.encoding.pkg" value="sun.io"/>
    <property name="java.specification.version" value="1.8"/>
    <property name="sun.cpu.isalist" value=""/>
    <property name="sun.jnu.encoding" value="UTF-8"/>
    <property name="java.class.path" value="/workdir/hadoop-ozone/integration-test/target/test-classes:/workdir/hadoop-ozone/integration-test/target/classes:/home/user/.m2/repository/org/apache/hadoop/hadoop-ozone-common/0.5.0-SNAPSHOT/hadoop-ozone-common-0.5.0-SNAPSHOT.jar:/home/user/.m2/repository/org/apache/commons/commons-compress/1.4.1/commons-compress-1.4.1.jar:/home/user/.m2/repository/org/tukaani/xz/1.0/xz-1.0.jar:/home/user/.m2/repository/org/apache/hadoop/hadoop-common/3.2.0/hadoop-common-3.2.0.jar:/home/user/.m2/repository/org/apache/hadoop/hadoop-hdfs/3.2.0/hadoop-hdfs-3.2.0.jar:/home/user/.m2/repository/org/apache/hadoop/hadoop-hdfs-client/3.2.0/hadoop-hdfs-client-3.2.0.jar:/home/user/.m2/repository/com/fasterxml/jackson/core/jackson-annotations/2.9.9/jackson-annotations-2.9.9.jar:/home/user/.m2/repository/org/apache/hadoop/hadoop-hdds-common/0.5.0-SNAPSHOT/hadoop-hdds-common-0.5.0-SNAPSHOT.jar:/home/user/.m2/repository/javax/annotation/javax.annotation-api/1.2/javax.annotation-api-1.2.jar:/home/user/.m2/repository/org/apache/ratis/ratis-server/0.5.0-201fc85-SNAPSHOT/ratis-server-0.5.0-201fc85-SNAPSHOT.jar:/home/user/.m2/repository/org/apache/ratis/ratis-thirdparty-misc/0.2.0/ratis-thirdparty-misc-0.2.0.jar:/home/user/.m2/repository/org/apache/ratis/ratis-proto/0.5.0-201fc85-SNAPSHOT/ratis-proto-0.5.0-201fc85-SNAPSHOT.jar:/home/user/.m2/repository/org/apache/ratis/ratis-common/0.5.0-201fc85-SNAPSHOT/ratis-common-0.5.0-201fc85-SNAPSHOT.jar:/home/user/.m2/repository/org/apache/ratis/ratis-client/0.5.0-201fc85-SNAPSHOT/ratis-client-0.5.0-201fc85-SNAPSHOT.jar:/home/user/.m2/repository/org/apache/ratis/ratis-metrics/0.5.0-201fc85-SNAPSHOT/ratis-metrics-0.5.0-201fc85-SNAPSHOT.jar:/home/user/.m2/repository/com/github/joshelser/dropwizard-metrics-hadoop-metrics2-reporter/0.1.2/dropwizard-metrics-hadoop-metrics2-reporter-0.1.2.jar:/home/user/.m2/repository/io/dropwizard/metrics/metrics-jvm/3.2.5/metrics-jvm-3.2.5.jar:/home/user/.m2/repository/io/dropwizard/metrics/metrics-ganglia/3.2.5/metrics-ganglia-3.2.5.jar:/home/user/.m2/repository/info/ganglia/gmetric4j/gmetric4j/1.0.7/gmetric4j-1.0.7.jar:/home/user/.m2/repository/org/apache/ratis/ratis-netty/0.5.0-201fc85-SNAPSHOT/ratis-netty-0.5.0-201fc85-SNAPSHOT.jar:/home/user/.m2/repository/org/apache/ratis/ratis-grpc/0.5.0-201fc85-SNAPSHOT/ratis-grpc-0.5.0-201fc85-SNAPSHOT.jar:/home/user/.m2/repository/org/rocksdb/rocksdbjni/6.0.1/rocksdbjni-6.0.1.jar:/home/user/.m2/repository/org/apache/logging/log4j/log4j-api/2.11.0/log4j-api-2.11.0.jar:/home/user/.m2/repository/org/apache/logging/log4j/log4j-core/2.11.0/log4j-core-2.11.0.jar:/home/user/.m2/repository/com/lmax/disruptor/3.4.2/disruptor-3.4.2.jar:/home/user/.m2/repository/org/apache/commons/commons-pool2/2.6.0/commons-pool2-2.6.0.jar:/home/user/.m2/repository/org/bouncycastle/bcpkix-jdk15on/1.60/bcpkix-jdk15on-1.60.jar:/home/user/.m2/repository/commons-validator/commons-validator/1.6/commons-validator-1.6.jar:/home/user/.m2/repository/commons-digester/commons-digester/1.8.1/commons-digester-1.8.1.jar:/home/user/.m2/repository/io/jaegertracing/jaeger-client/0.34.0/jaeger-client-0.34.0.jar:/home/user/.m2/repository/io/jaegertracing/jaeger-thrift/0.34.0/jaeger-thrift-0.34.0.jar:/home/user/.m2/repository/org/apache/thrift/libthrift/0.12.0/libthrift-0.12.0.jar:/home/user/.m2/repository/com/squareup/okhttp3/okhttp/3.9.0/okhttp-3.9.0.jar:/home/user/.m2/repository/com/squareup/okio/okio/1.13.0/okio-1.13.0.jar:/home/user/.m2/repository/io/jaegertracing/jaeger-core/0.34.0/jaeger-core-0.34.0.jar:/home/user/.m2/repository/io/jaegertracing/jaeger-tracerresolver/0.34.0/jaeger-tracerresolver-0.34.0.jar:/home/user/.m2/repository/io/opentracing/contrib/opentracing-tracerresolver/0.1.5/opentracing-tracerresolver-0.1.5.jar:/home/user/.m2/repository/io/opentracing/opentracing-util/0.31.0/opentracing-util-0.31.0.jar:/home/user/.m2/repository/io/opentracing/opentracing-api/0.31.0/opentracing-api-0.31.0.jar:/home/user/.m2/repository/io/opentracing/opentracing-noop/0.31.0/opentracing-noop-0.31.0.jar:/home/user/.m2/repository/org/apache/hadoop/hadoop-hdds-server-framework/0.5.0-SNAPSHOT/hadoop-hdds-server-framework-0.5.0-SNAPSHOT.jar:/home/user/.m2/repository/org/apache/hadoop/hadoop-hdds-container-service/0.5.0-SNAPSHOT/hadoop-hdds-container-service-0.5.0-SNAPSHOT.jar:/home/user/.m2/repository/org/apache/hadoop/hadoop-hdds-client/0.5.0-SNAPSHOT/hadoop-hdds-client-0.5.0-SNAPSHOT.jar:/home/user/.m2/repository/org/apache/hadoop/hadoop-hdds-tools/0.5.0-SNAPSHOT/hadoop-hdds-tools-0.5.0-SNAPSHOT.jar:/home/user/.m2/repository/org/apache/hadoop/hadoop-hdds-server-scm/0.5.0-SNAPSHOT/hadoop-hdds-server-scm-0.5.0-SNAPSHOT.jar:/home/user/.m2/repository/org/apache/hadoop/hadoop-hdds-docs/0.5.0-SNAPSHOT/hadoop-hdds-docs-0.5.0-SNAPSHOT.jar:/home/user/.m2/repository/io/dropwizard/metrics/metrics-core/3.2.4/metrics-core-3.2.4.jar:/home/user/.m2/repository/org/hamcrest/hamcrest-all/1.3/hamcrest-all-1.3.jar:/home/user/.m2/repository/org/bouncycastle/bcprov-jdk15on/1.60/bcprov-jdk15on-1.60.jar:/home/user/.m2/repository/info/picocli/picocli/3.9.6/picocli-3.9.6.jar:/home/user/.m2/repository/com/google/protobuf/protobuf-java/2.5.0/protobuf-java-2.5.0.jar:/home/user/.m2/repository/com/google/guava/guava/11.0.2/guava-11.0.2.jar:/home/user/.m2/repository/org/apache/hadoop/hadoop-ozone-ozone-manager/0.5.0-SNAPSHOT/hadoop-ozone-ozone-manager-0.5.0-SNAPSHOT.jar:/home/user/.m2/repository/org/apache/hadoop/hadoop-minikdc/3.2.0/hadoop-minikdc-3.2.0.jar:/home/user/.m2/repository/commons-io/commons-io/2.5/commons-io-2.5.jar:/home/user/.m2/repository/org/apache/kerby/kerb-simplekdc/1.0.1/kerb-simplekdc-1.0.1.jar:/home/user/.m2/repository/org/apache/kerby/kerb-client/1.0.1/kerb-client-1.0.1.jar:/home/user/.m2/repository/org/apache/kerby/kerby-config/1.0.1/kerby-config-1.0.1.jar:/home/user/.m2/repository/org/apache/kerby/kerb-core/1.0.1/kerb-core-1.0.1.jar:/home/user/.m2/repository/org/apache/kerby/kerby-pkix/1.0.1/kerby-pkix-1.0.1.jar:/home/user/.m2/repository/org/apache/kerby/kerby-asn1/1.0.1/kerby-asn1-1.0.1.jar:/home/user/.m2/repository/org/apache/kerby/kerby-util/1.0.1/kerby-util-1.0.1.jar:/home/user/.m2/repository/org/apache/kerby/kerb-common/1.0.1/kerb-common-1.0.1.jar:/home/user/.m2/repository/org/apache/kerby/kerb-crypto/1.0.1/kerb-crypto-1.0.1.jar:/home/user/.m2/repository/org/apache/kerby/kerb-util/1.0.1/kerb-util-1.0.1.jar:/home/user/.m2/repository/org/apache/kerby/token-provider/1.0.1/token-provider-1.0.1.jar:/home/user/.m2/repository/org/apache/kerby/kerb-admin/1.0.1/kerb-admin-1.0.1.jar:/home/user/.m2/repository/org/apache/kerby/kerb-server/1.0.1/kerb-server-1.0.1.jar:/home/user/.m2/repository/org/apache/kerby/kerb-identity/1.0.1/kerb-identity-1.0.1.jar:/home/user/.m2/repository/org/apache/kerby/kerby-xdr/1.0.1/kerby-xdr-1.0.1.jar:/home/user/.m2/repository/org/slf4j/slf4j-log4j12/1.7.25/slf4j-log4j12-1.7.25.jar:/home/user/.m2/repository/org/apache/hadoop/hadoop-ozone-s3gateway/0.5.0-SNAPSHOT/hadoop-ozone-s3gateway-0.5.0-SNAPSHOT.jar:/home/user/.m2/repository/org/jboss/weld/servlet/weld-servlet/2.4.7.Final/weld-servlet-2.4.7.Final.jar:/home/user/.m2/repository/org/glassfish/jersey/containers/jersey-container-servlet-core/2.27/jersey-container-servlet-core-2.27.jar:/home/user/.m2/repository/org/glassfish/hk2/external/javax.inject/2.5.0-b42/javax.inject-2.5.0-b42.jar:/home/user/.m2/repository/org/glassfish/jersey/core/jersey-common/2.27/jersey-common-2.27.jar:/home/user/.m2/repository/org/glassfish/hk2/osgi-resource-locator/1.0.1/osgi-resource-locator-1.0.1.jar:/home/user/.m2/repository/javax/ws/rs/javax.ws.rs-api/2.1/javax.ws.rs-api-2.1.jar:/home/user/.m2/repository/org/glassfish/jersey/ext/cdi/jersey-cdi1x/2.27/jersey-cdi1x-2.27.jar:/home/user/.m2/repository/org/glassfish/jersey/inject/jersey-hk2/2.27/jersey-hk2-2.27.jar:/home/user/.m2/repository/org/glassfish/hk2/hk2-locator/2.5.0-b42/hk2-locator-2.5.0-b42.jar:/home/user/.m2/repository/org/javassist/javassist/3.22.0-CR2/javassist-3.22.0-CR2.jar:/home/user/.m2/repository/org/glassfish/hk2/hk2-api/2.5.0/hk2-api-2.5.0.jar:/home/user/.m2/repository/org/glassfish/hk2/external/jakarta.inject/2.5.0/jakarta.inject-2.5.0.jar:/home/user/.m2/repository/org/glassfish/hk2/hk2-utils/2.5.0/hk2-utils-2.5.0.jar:/home/user/.m2/repository/jakarta/annotation/jakarta.annotation-api/1.3.4/jakarta.annotation-api-1.3.4.jar:/home/user/.m2/repository/org/glassfish/hk2/external/aopalliance-repackaged/2.5.0/aopalliance-repackaged-2.5.0.jar:/home/user/.m2/repository/com/fasterxml/jackson/dataformat/jackson-dataformat-xml/2.9.0/jackson-dataformat-xml-2.9.0.jar:/home/user/.m2/repository/com/fasterxml/jackson/core/jackson-core/2.9.9/jackson-core-2.9.9.jar:/home/user/.m2/repository/com/fasterxml/jackson/module/jackson-module-jaxb-annotations/2.9.9/jackson-module-jaxb-annotations-2.9.9.jar:/home/user/.m2/repository/javax/enterprise/cdi-api/1.2/cdi-api-1.2.jar:/home/user/.m2/repository/javax/el/javax.el-api/3.0.0/javax.el-api-3.0.0.jar:/home/user/.m2/repository/javax/interceptor/javax.interceptor-api/1.2/javax.interceptor-api-1.2.jar:/home/user/.m2/repository/javax/inject/javax.inject/1/javax.inject-1.jar:/home/user/.m2/repository/com/sun/xml/bind/jaxb-impl/2.3.0.1/jaxb-impl-2.3.0.1.jar:/home/user/.m2/repository/com/sun/xml/bind/jaxb-core/2.3.0.1/jaxb-core-2.3.0.1.jar:/home/user/.m2/repository/javax/xml/bind/jaxb-api/2.3.0/jaxb-api-2.3.0.jar:/home/user/.m2/repository/javax/activation/activation/1.1.1/activation-1.1.1.jar:/home/user/.m2/repository/org/apache/hadoop/hadoop-ozone-csi/0.5.0-SNAPSHOT/hadoop-ozone-csi-0.5.0-SNAPSHOT.jar:/home/user/.m2/repository/com/google/protobuf/protobuf-java-util/3.5.1/protobuf-java-util-3.5.1.jar:/home/user/.m2/repository/org/apache/hadoop/hadoop-hdds-config/0.5.0-SNAPSHOT/hadoop-hdds-config-0.5.0-SNAPSHOT.jar:/home/user/.m2/repository/io/grpc/grpc-netty/1.17.1/grpc-netty-1.17.1.jar:/home/user/.m2/repository/io/grpc/grpc-core/1.17.1/grpc-core-1.17.1.jar:/home/user/.m2/repository/io/grpc/grpc-context/1.17.1/grpc-context-1.17.1.jar:/home/user/.m2/repository/com/google/errorprone/error_prone_annotations/2.2.0/error_prone_annotations-2.2.0.jar:/home/user/.m2/repository/org/codehaus/mojo/animal-sniffer-annotations/1.17/animal-sniffer-annotations-1.17.jar:/home/user/.m2/repository/io/opencensus/opencensus-api/0.17.0/opencensus-api-0.17.0.jar:/home/user/.m2/repository/io/opencensus/opencensus-contrib-grpc-metrics/0.17.0/opencensus-contrib-grpc-metrics-0.17.0.jar:/home/user/.m2/repository/io/netty/netty-codec-http2/4.1.30.Final/netty-codec-http2-4.1.30.Final.jar:/home/user/.m2/repository/io/netty/netty-codec-http/4.1.30.Final/netty-codec-http-4.1.30.Final.jar:/home/user/.m2/repository/io/netty/netty-codec/4.1.30.Final/netty-codec-4.1.30.Final.jar:/home/user/.m2/repository/io/netty/netty-handler/4.1.30.Final/netty-handler-4.1.30.Final.jar:/home/user/.m2/repository/io/netty/netty-handler-proxy/4.1.30.Final/netty-handler-proxy-4.1.30.Final.jar:/home/user/.m2/repository/io/netty/netty-codec-socks/4.1.30.Final/netty-codec-socks-4.1.30.Final.jar:/home/user/.m2/repository/io/netty/netty-transport-native-epoll/4.1.30.Final/netty-transport-native-epoll-4.1.30.Final.jar:/home/user/.m2/repository/io/netty/netty-common/4.1.30.Final/netty-common-4.1.30.Final.jar:/home/user/.m2/repository/io/netty/netty-buffer/4.1.30.Final/netty-buffer-4.1.30.Final.jar:/home/user/.m2/repository/io/netty/netty-transport/4.1.30.Final/netty-transport-4.1.30.Final.jar:/home/user/.m2/repository/io/netty/netty-resolver/4.1.30.Final/netty-resolver-4.1.30.Final.jar:/home/user/.m2/repository/io/netty/netty-transport-native-unix-common/4.1.30.Final/netty-transport-native-unix-common-4.1.30.Final.jar:/home/user/.m2/repository/io/grpc/grpc-protobuf/1.17.1/grpc-protobuf-1.17.1.jar:/home/user/.m2/repository/com/google/api/grpc/proto-google-common-protos/1.0.0/proto-google-common-protos-1.0.0.jar:/home/user/.m2/repository/io/grpc/grpc-protobuf-lite/1.17.1/grpc-protobuf-lite-1.17.1.jar:/home/user/.m2/repository/io/grpc/grpc-stub/1.17.1/grpc-stub-1.17.1.jar:/home/user/.m2/repository/org/apache/hadoop/hadoop-ozone-recon/0.5.0-SNAPSHOT/hadoop-ozone-recon-0.5.0-SNAPSHOT.jar:/home/user/.m2/repository/org/apache/hadoop/hadoop-ozone-reconcodegen/0.5.0-SNAPSHOT/hadoop-ozone-reconcodegen-0.5.0-SNAPSHOT.jar:/home/user/.m2/repository/com/google/inject/extensions/guice-multibindings/4.0/guice-multibindings-4.0.jar:/home/user/.m2/repository/com/google/inject/guice/4.0/guice-4.0.jar:/home/user/.m2/repository/aopalliance/aopalliance/1.0/aopalliance-1.0.jar:/home/user/.m2/repository/com/google/inject/extensions/guice-servlet/4.0/guice-servlet-4.0.jar:/home/user/.m2/repository/org/glassfish/jersey/containers/jersey-container-servlet/2.27/jersey-container-servlet-2.27.jar:/home/user/.m2/repository/org/glassfish/hk2/guice-bridge/2.5.0/guice-bridge-2.5.0.jar:/home/user/.m2/repository/org/glassfish/jersey/core/jersey-server/2.27/jersey-server-2.27.jar:/home/user/.m2/repository/org/glassfish/jersey/core/jersey-client/2.27/jersey-client-2.27.jar:/home/user/.m2/repository/org/glassfish/jersey/media/jersey-media-jaxb/2.27/jersey-media-jaxb-2.27.jar:/home/user/.m2/repository/javax/validation/validation-api/1.1.0.Final/validation-api-1.1.0.Final.jar:/home/user/.m2/repository/org/glassfish/jersey/media/jersey-media-json-jackson/2.27/jersey-media-json-jackson-2.27.jar:/home/user/.m2/repository/org/glassfish/jersey/ext/jersey-entity-filtering/2.27/jersey-entity-filtering-2.27.jar:/home/user/.m2/repository/com/google/inject/extensions/guice-assistedinject/4.0/guice-assistedinject-4.0.jar:/home/user/.m2/repository/org/jooq/jooq/3.11.10/jooq-3.11.10.jar:/home/user/.m2/repository/org/jooq/jooq-meta/3.11.10/jooq-meta-3.11.10.jar:/home/user/.m2/repository/org/jooq/jooq-codegen/3.11.10/jooq-codegen-3.11.10.jar:/home/user/.m2/repository/com/jolbox/bonecp/0.8.0.RELEASE/bonecp-0.8.0.RELEASE.jar:/home/user/.m2/repository/org/xerial/sqlite-jdbc/3.25.2/sqlite-jdbc-3.25.2.jar:/home/user/.m2/repository/org/springframework/spring-jdbc/5.1.3.RELEASE/spring-jdbc-5.1.3.RELEASE.jar:/home/user/.m2/repository/org/springframework/spring-beans/5.1.3.RELEASE/spring-beans-5.1.3.RELEASE.jar:/home/user/.m2/repository/org/springframework/spring-core/5.1.3.RELEASE/spring-core-5.1.3.RELEASE.jar:/home/user/.m2/repository/org/springframework/spring-jcl/5.1.3.RELEASE/spring-jcl-5.1.3.RELEASE.jar:/home/user/.m2/repository/org/springframework/spring-tx/5.1.3.RELEASE/spring-tx-5.1.3.RELEASE.jar:/home/user/.m2/repository/org/apache/hadoop/hadoop-ozone-client/0.5.0-SNAPSHOT/hadoop-ozone-client-0.5.0-SNAPSHOT.jar:/home/user/.m2/repository/commons-lang/commons-lang/2.6/commons-lang-2.6.jar:/home/user/.m2/repository/org/apache/hadoop/hadoop-ozone-ozone-manager/0.5.0-SNAPSHOT/hadoop-ozone-ozone-manager-0.5.0-SNAPSHOT-tests.jar:/home/user/.m2/repository/junit/junit/4.11/junit-4.11.jar:/home/user/.m2/repository/org/hamcrest/hamcrest-core/1.3/hamcrest-core-1.3.jar:/home/user/.m2/repository/org/openjdk/jmh/jmh-core/1.19/jmh-core-1.19.jar:/home/user/.m2/repository/net/sf/jopt-simple/jopt-simple/4.6/jopt-simple-4.6.jar:/home/user/.m2/repository/org/apache/commons/commons-math3/3.1.1/commons-math3-3.1.1.jar:/home/user/.m2/repository/org/openjdk/jmh/jmh-generator-annprocess/1.19/jmh-generator-annprocess-1.19.jar:/home/user/.m2/repository/org/mockito/mockito-all/1.8.5/mockito-all-1.8.5.jar:/home/user/.m2/repository/org/apache/hadoop/hadoop-kms/3.2.0/hadoop-kms-3.2.0.jar:/home/user/.m2/repository/org/apache/hadoop/hadoop-auth/3.2.0/hadoop-auth-3.2.0.jar:/home/user/.m2/repository/com/nimbusds/nimbus-jose-jwt/4.41.1/nimbus-jose-jwt-4.41.1.jar:/home/user/.m2/repository/com/github/stephenc/jcip/jcip-annotations/1.0-1/jcip-annotations-1.0-1.jar:/home/user/.m2/repository/net/minidev/json-smart/2.3/json-smart-2.3.jar:/home/user/.m2/repository/net/minidev/accessors-smart/1.2/accessors-smart-1.2.jar:/home/user/.m2/repository/org/ow2/asm/asm/5.0.4/asm-5.0.4.jar:/home/user/.m2/repository/org/apache/curator/curator-framework/2.12.0/curator-framework-2.12.0.jar:/home/user/.m2/repository/com/sun/jersey/jersey-core/1.19/jersey-core-1.19.jar:/home/user/.m2/repository/javax/ws/rs/jsr311-api/1.1.1/jsr311-api-1.1.1.jar:/home/user/.m2/repository/com/sun/jersey/jersey-server/1.19/jersey-server-1.19.jar:/home/user/.m2/repository/javax/servlet/javax.servlet-api/3.1.0/javax.servlet-api-3.1.0.jar:/home/user/.m2/repository/org/eclipse/jetty/jetty-server/9.3.25.v20180904/jetty-server-9.3.25.v20180904.jar:/home/user/.m2/repository/org/eclipse/jetty/jetty-http/9.3.25.v20180904/jetty-http-9.3.25.v20180904.jar:/home/user/.m2/repository/org/eclipse/jetty/jetty-io/9.3.25.v20180904/jetty-io-9.3.25.v20180904.jar:/home/user/.m2/repository/org/eclipse/jetty/jetty-webapp/9.3.25.v20180904/jetty-webapp-9.3.25.v20180904.jar:/home/user/.m2/repository/org/eclipse/jetty/jetty-xml/9.3.25.v20180904/jetty-xml-9.3.25.v20180904.jar:/home/user/.m2/repository/log4j/log4j/1.2.17/log4j-1.2.17.jar:/home/user/.m2/repository/org/slf4j/slf4j-api/1.7.25/slf4j-api-1.7.25.jar:/home/user/.m2/repository/org/slf4j/jul-to-slf4j/1.7.25/jul-to-slf4j-1.7.25.jar:/home/user/.m2/repository/org/eclipse/jetty/jetty-util/9.3.25.v20180904/jetty-util-9.3.25.v20180904.jar:/home/user/.m2/repository/com/fasterxml/jackson/core/jackson-databind/2.9.9/jackson-databind-2.9.9.jar:/home/user/.m2/repository/org/apache/hadoop/hadoop-kms/3.2.0/hadoop-kms-3.2.0-tests.jar:/home/user/.m2/repository/org/apache/hadoop/hadoop-hdds-server-scm/0.5.0-SNAPSHOT/hadoop-hdds-server-scm-0.5.0-SNAPSHOT-tests.jar:/home/user/.m2/repository/org/apache/hadoop/hadoop-hdds-container-service/0.5.0-SNAPSHOT/hadoop-hdds-container-service-0.5.0-SNAPSHOT-tests.jar:/home/user/.m2/repository/org/yaml/snakeyaml/1.16/snakeyaml-1.16.jar:/home/user/.m2/repository/org/apache/hadoop/hadoop-common/3.2.0/hadoop-common-3.2.0-tests.jar:/home/user/.m2/repository/org/apache/hadoop/hadoop-annotations/3.2.0/hadoop-annotations-3.2.0.jar:/usr/lib/jvm/java-1.8-openjdk/jre/../lib/tools.jar:/home/user/.m2/repository/commons-cli/commons-cli/1.2/commons-cli-1.2.jar:/home/user/.m2/repository/org/apache/httpcomponents/httpclient/4.5.2/httpclient-4.5.2.jar:/home/user/.m2/repository/org/apache/httpcomponents/httpcore/4.4.4/httpcore-4.4.4.jar:/home/user/.m2/repository/commons-codec/commons-codec/1.11/commons-codec-1.11.jar:/home/user/.m2/repository/commons-net/commons-net/3.6/commons-net-3.6.jar:/home/user/.m2/repository/commons-collections/commons-collections/3.2.2/commons-collections-3.2.2.jar:/home/user/.m2/repository/org/eclipse/jetty/jetty-servlet/9.3.25.v20180904/jetty-servlet-9.3.25.v20180904.jar:/home/user/.m2/repository/org/eclipse/jetty/jetty-security/9.3.25.v20180904/jetty-security-9.3.25.v20180904.jar:/home/user/.m2/repository/javax/servlet/jsp/jsp-api/2.1/jsp-api-2.1.jar:/home/user/.m2/repository/com/sun/jersey/jersey-servlet/1.19/jersey-servlet-1.19.jar:/home/user/.m2/repository/com/sun/jersey/jersey-json/1.19/jersey-json-1.19.jar:/home/user/.m2/repository/org/codehaus/jettison/jettison/1.1/jettison-1.1.jar:/home/user/.m2/repository/org/codehaus/jackson/jackson-core-asl/1.9.13/jackson-core-asl-1.9.13.jar:/home/user/.m2/repository/org/codehaus/jackson/jackson-mapper-asl/1.9.13/jackson-mapper-asl-1.9.13.jar:/home/user/.m2/repository/org/codehaus/jackson/jackson-jaxrs/1.9.13/jackson-jaxrs-1.9.13.jar:/home/user/.m2/repository/org/codehaus/jackson/jackson-xc/1.9.13/jackson-xc-1.9.13.jar:/home/user/.m2/repository/commons-logging/commons-logging/1.1.3/commons-logging-1.1.3.jar:/home/user/.m2/repository/commons-beanutils/commons-beanutils/1.9.4/commons-beanutils-1.9.4.jar:/home/user/.m2/repository/org/apache/commons/commons-configuration2/2.1.1/commons-configuration2-2.1.1.jar:/home/user/.m2/repository/org/apache/commons/commons-lang3/3.7/commons-lang3-3.7.jar:/home/user/.m2/repository/org/apache/commons/commons-text/1.4/commons-text-1.4.jar:/home/user/.m2/repository/org/apache/avro/avro/1.7.7/avro-1.7.7.jar:/home/user/.m2/repository/com/thoughtworks/paranamer/paranamer/2.3/paranamer-2.3.jar:/home/user/.m2/repository/org/xerial/snappy/snappy-java/1.0.5/snappy-java-1.0.5.jar:/home/user/.m2/repository/com/google/re2j/re2j/1.1/re2j-1.1.jar:/home/user/.m2/repository/com/google/code/gson/gson/2.2.4/gson-2.2.4.jar:/home/user/.m2/repository/com/jcraft/jsch/0.1.54/jsch-0.1.54.jar:/home/user/.m2/repository/org/apache/curator/curator-client/2.12.0/curator-client-2.12.0.jar:/home/user/.m2/repository/org/apache/curator/curator-recipes/2.12.0/curator-recipes-2.12.0.jar:/home/user/.m2/repository/com/google/code/findbugs/jsr305/3.0.0/jsr305-3.0.0.jar:/home/user/.m2/repository/org/apache/htrace/htrace-core4/4.1.0-incubating/htrace-core4-4.1.0-incubating.jar:/home/user/.m2/repository/org/apache/zookeeper/zookeeper/3.4.13/zookeeper-3.4.13.jar:/home/user/.m2/repository/jline/jline/0.9.94/jline-0.9.94.jar:/home/user/.m2/repository/org/apache/yetus/audience-annotations/0.5.0/audience-annotations-0.5.0.jar:/home/user/.m2/repository/org/codehaus/woodstox/stax2-api/3.1.4/stax2-api-3.1.4.jar:/home/user/.m2/repository/com/fasterxml/woodstox/woodstox-core/5.0.3/woodstox-core-5.0.3.jar:/home/user/.m2/repository/dnsjava/dnsjava/2.1.7/dnsjava-2.1.7.jar:/home/user/.m2/repository/org/apache/hadoop/hadoop-hdfs/3.2.0/hadoop-hdfs-3.2.0-tests.jar:/home/user/.m2/repository/org/eclipse/jetty/jetty-util-ajax/9.3.25.v20180904/jetty-util-ajax-9.3.25.v20180904.jar:/home/user/.m2/repository/commons-daemon/commons-daemon/1.0.13/commons-daemon-1.0.13.jar:/home/user/.m2/repository/io/netty/netty/3.10.5.Final/netty-3.10.5.Final.jar:/home/user/.m2/repository/io/netty/netty-all/4.0.52.Final/netty-all-4.0.52.Final.jar:/home/user/.m2/repository/org/fusesource/leveldbjni/leveldbjni-all/1.8/leveldbjni-all-1.8.jar:"/>
    <property name="java.vm.vendor" value="IcedTea"/>
    <property name="sun.arch.data.model" value="64"/>
    <property name="test.build.dir" value="/workdir/hadoop-ozone/integration-test/target/test-dir"/>
    <property name="test.cache.data" value=""/>
    <property name="java.vendor.url" value="https://icedtea.classpath.org"/>
    <property name="user.timezone" value=""/>
    <property name="java.vm.specification.version" value="1.8"/>
    <property name="os.name" value="Linux"/>
    <property name="test.build.data" value="/workdir/hadoop-ozone/integration-test/target/test-dir"/>
    <property name="user.country" value="US"/>
    <property name="sun.java.launcher" value="SUN_STANDARD"/>
    <property name="sun.boot.library.path" value="/usr/lib/jvm/java-1.8-openjdk/jre/lib/amd64"/>
    <property name="sun.java.command" value="/workdir/hadoop-ozone/integration-test/target/surefire/surefirebooter4431181618778624850.jar /workdir/hadoop-ozone/integration-test/target/surefire 2019-10-08T09-49-24_276-jvmRun1 surefire222764801252717962tmp surefire_621403427016973276650tmp"/>
    <property name="test" value="!TestMiniChaosOzoneCluster"/>
    <property name="surefire.test.class.path" value="/workdir/hadoop-ozone/integration-test/target/test-classes:/workdir/hadoop-ozone/integration-test/target/classes:/home/user/.m2/repository/org/apache/hadoop/hadoop-ozone-common/0.5.0-SNAPSHOT/hadoop-ozone-common-0.5.0-SNAPSHOT.jar:/home/user/.m2/repository/org/apache/commons/commons-compress/1.4.1/commons-compress-1.4.1.jar:/home/user/.m2/repository/org/tukaani/xz/1.0/xz-1.0.jar:/home/user/.m2/repository/org/apache/hadoop/hadoop-common/3.2.0/hadoop-common-3.2.0.jar:/home/user/.m2/repository/org/apache/hadoop/hadoop-hdfs/3.2.0/hadoop-hdfs-3.2.0.jar:/home/user/.m2/repository/org/apache/hadoop/hadoop-hdfs-client/3.2.0/hadoop-hdfs-client-3.2.0.jar:/home/user/.m2/repository/com/fasterxml/jackson/core/jackson-annotations/2.9.9/jackson-annotations-2.9.9.jar:/home/user/.m2/repository/org/apache/hadoop/hadoop-hdds-common/0.5.0-SNAPSHOT/hadoop-hdds-common-0.5.0-SNAPSHOT.jar:/home/user/.m2/repository/javax/annotation/javax.annotation-api/1.2/javax.annotation-api-1.2.jar:/home/user/.m2/repository/org/apache/ratis/ratis-server/0.5.0-201fc85-SNAPSHOT/ratis-server-0.5.0-201fc85-SNAPSHOT.jar:/home/user/.m2/repository/org/apache/ratis/ratis-thirdparty-misc/0.2.0/ratis-thirdparty-misc-0.2.0.jar:/home/user/.m2/repository/org/apache/ratis/ratis-proto/0.5.0-201fc85-SNAPSHOT/ratis-proto-0.5.0-201fc85-SNAPSHOT.jar:/home/user/.m2/repository/org/apache/ratis/ratis-common/0.5.0-201fc85-SNAPSHOT/ratis-common-0.5.0-201fc85-SNAPSHOT.jar:/home/user/.m2/repository/org/apache/ratis/ratis-client/0.5.0-201fc85-SNAPSHOT/ratis-client-0.5.0-201fc85-SNAPSHOT.jar:/home/user/.m2/repository/org/apache/ratis/ratis-metrics/0.5.0-201fc85-SNAPSHOT/ratis-metrics-0.5.0-201fc85-SNAPSHOT.jar:/home/user/.m2/repository/com/github/joshelser/dropwizard-metrics-hadoop-metrics2-reporter/0.1.2/dropwizard-metrics-hadoop-metrics2-reporter-0.1.2.jar:/home/user/.m2/repository/io/dropwizard/metrics/metrics-jvm/3.2.5/metrics-jvm-3.2.5.jar:/home/user/.m2/repository/io/dropwizard/metrics/metrics-ganglia/3.2.5/metrics-ganglia-3.2.5.jar:/home/user/.m2/repository/info/ganglia/gmetric4j/gmetric4j/1.0.7/gmetric4j-1.0.7.jar:/home/user/.m2/repository/org/apache/ratis/ratis-netty/0.5.0-201fc85-SNAPSHOT/ratis-netty-0.5.0-201fc85-SNAPSHOT.jar:/home/user/.m2/repository/org/apache/ratis/ratis-grpc/0.5.0-201fc85-SNAPSHOT/ratis-grpc-0.5.0-201fc85-SNAPSHOT.jar:/home/user/.m2/repository/org/rocksdb/rocksdbjni/6.0.1/rocksdbjni-6.0.1.jar:/home/user/.m2/repository/org/apache/logging/log4j/log4j-api/2.11.0/log4j-api-2.11.0.jar:/home/user/.m2/repository/org/apache/logging/log4j/log4j-core/2.11.0/log4j-core-2.11.0.jar:/home/user/.m2/repository/com/lmax/disruptor/3.4.2/disruptor-3.4.2.jar:/home/user/.m2/repository/org/apache/commons/commons-pool2/2.6.0/commons-pool2-2.6.0.jar:/home/user/.m2/repository/org/bouncycastle/bcpkix-jdk15on/1.60/bcpkix-jdk15on-1.60.jar:/home/user/.m2/repository/commons-validator/commons-validator/1.6/commons-validator-1.6.jar:/home/user/.m2/repository/commons-digester/commons-digester/1.8.1/commons-digester-1.8.1.jar:/home/user/.m2/repository/io/jaegertracing/jaeger-client/0.34.0/jaeger-client-0.34.0.jar:/home/user/.m2/repository/io/jaegertracing/jaeger-thrift/0.34.0/jaeger-thrift-0.34.0.jar:/home/user/.m2/repository/org/apache/thrift/libthrift/0.12.0/libthrift-0.12.0.jar:/home/user/.m2/repository/com/squareup/okhttp3/okhttp/3.9.0/okhttp-3.9.0.jar:/home/user/.m2/repository/com/squareup/okio/okio/1.13.0/okio-1.13.0.jar:/home/user/.m2/repository/io/jaegertracing/jaeger-core/0.34.0/jaeger-core-0.34.0.jar:/home/user/.m2/repository/io/jaegertracing/jaeger-tracerresolver/0.34.0/jaeger-tracerresolver-0.34.0.jar:/home/user/.m2/repository/io/opentracing/contrib/opentracing-tracerresolver/0.1.5/opentracing-tracerresolver-0.1.5.jar:/home/user/.m2/repository/io/opentracing/opentracing-util/0.31.0/opentracing-util-0.31.0.jar:/home/user/.m2/repository/io/opentracing/opentracing-api/0.31.0/opentracing-api-0.31.0.jar:/home/user/.m2/repository/io/opentracing/opentracing-noop/0.31.0/opentracing-noop-0.31.0.jar:/home/user/.m2/repository/org/apache/hadoop/hadoop-hdds-server-framework/0.5.0-SNAPSHOT/hadoop-hdds-server-framework-0.5.0-SNAPSHOT.jar:/home/user/.m2/repository/org/apache/hadoop/hadoop-hdds-container-service/0.5.0-SNAPSHOT/hadoop-hdds-container-service-0.5.0-SNAPSHOT.jar:/home/user/.m2/repository/org/apache/hadoop/hadoop-hdds-client/0.5.0-SNAPSHOT/hadoop-hdds-client-0.5.0-SNAPSHOT.jar:/home/user/.m2/repository/org/apache/hadoop/hadoop-hdds-tools/0.5.0-SNAPSHOT/hadoop-hdds-tools-0.5.0-SNAPSHOT.jar:/home/user/.m2/repository/org/apache/hadoop/hadoop-hdds-server-scm/0.5.0-SNAPSHOT/hadoop-hdds-server-scm-0.5.0-SNAPSHOT.jar:/home/user/.m2/repository/org/apache/hadoop/hadoop-hdds-docs/0.5.0-SNAPSHOT/hadoop-hdds-docs-0.5.0-SNAPSHOT.jar:/home/user/.m2/repository/io/dropwizard/metrics/metrics-core/3.2.4/metrics-core-3.2.4.jar:/home/user/.m2/repository/org/hamcrest/hamcrest-all/1.3/hamcrest-all-1.3.jar:/home/user/.m2/repository/org/bouncycastle/bcprov-jdk15on/1.60/bcprov-jdk15on-1.60.jar:/home/user/.m2/repository/info/picocli/picocli/3.9.6/picocli-3.9.6.jar:/home/user/.m2/repository/com/google/protobuf/protobuf-java/2.5.0/protobuf-java-2.5.0.jar:/home/user/.m2/repository/com/google/guava/guava/11.0.2/guava-11.0.2.jar:/home/user/.m2/repository/org/apache/hadoop/hadoop-ozone-ozone-manager/0.5.0-SNAPSHOT/hadoop-ozone-ozone-manager-0.5.0-SNAPSHOT.jar:/home/user/.m2/repository/org/apache/hadoop/hadoop-minikdc/3.2.0/hadoop-minikdc-3.2.0.jar:/home/user/.m2/repository/commons-io/commons-io/2.5/commons-io-2.5.jar:/home/user/.m2/repository/org/apache/kerby/kerb-simplekdc/1.0.1/kerb-simplekdc-1.0.1.jar:/home/user/.m2/repository/org/apache/kerby/kerb-client/1.0.1/kerb-client-1.0.1.jar:/home/user/.m2/repository/org/apache/kerby/kerby-config/1.0.1/kerby-config-1.0.1.jar:/home/user/.m2/repository/org/apache/kerby/kerb-core/1.0.1/kerb-core-1.0.1.jar:/home/user/.m2/repository/org/apache/kerby/kerby-pkix/1.0.1/kerby-pkix-1.0.1.jar:/home/user/.m2/repository/org/apache/kerby/kerby-asn1/1.0.1/kerby-asn1-1.0.1.jar:/home/user/.m2/repository/org/apache/kerby/kerby-util/1.0.1/kerby-util-1.0.1.jar:/home/user/.m2/repository/org/apache/kerby/kerb-common/1.0.1/kerb-common-1.0.1.jar:/home/user/.m2/repository/org/apache/kerby/kerb-crypto/1.0.1/kerb-crypto-1.0.1.jar:/home/user/.m2/repository/org/apache/kerby/kerb-util/1.0.1/kerb-util-1.0.1.jar:/home/user/.m2/repository/org/apache/kerby/token-provider/1.0.1/token-provider-1.0.1.jar:/home/user/.m2/repository/org/apache/kerby/kerb-admin/1.0.1/kerb-admin-1.0.1.jar:/home/user/.m2/repository/org/apache/kerby/kerb-server/1.0.1/kerb-server-1.0.1.jar:/home/user/.m2/repository/org/apache/kerby/kerb-identity/1.0.1/kerb-identity-1.0.1.jar:/home/user/.m2/repository/org/apache/kerby/kerby-xdr/1.0.1/kerby-xdr-1.0.1.jar:/home/user/.m2/repository/org/slf4j/slf4j-log4j12/1.7.25/slf4j-log4j12-1.7.25.jar:/home/user/.m2/repository/org/apache/hadoop/hadoop-ozone-s3gateway/0.5.0-SNAPSHOT/hadoop-ozone-s3gateway-0.5.0-SNAPSHOT.jar:/home/user/.m2/repository/org/jboss/weld/servlet/weld-servlet/2.4.7.Final/weld-servlet-2.4.7.Final.jar:/home/user/.m2/repository/org/glassfish/jersey/containers/jersey-container-servlet-core/2.27/jersey-container-servlet-core-2.27.jar:/home/user/.m2/repository/org/glassfish/hk2/external/javax.inject/2.5.0-b42/javax.inject-2.5.0-b42.jar:/home/user/.m2/repository/org/glassfish/jersey/core/jersey-common/2.27/jersey-common-2.27.jar:/home/user/.m2/repository/org/glassfish/hk2/osgi-resource-locator/1.0.1/osgi-resource-locator-1.0.1.jar:/home/user/.m2/repository/javax/ws/rs/javax.ws.rs-api/2.1/javax.ws.rs-api-2.1.jar:/home/user/.m2/repository/org/glassfish/jersey/ext/cdi/jersey-cdi1x/2.27/jersey-cdi1x-2.27.jar:/home/user/.m2/repository/org/glassfish/jersey/inject/jersey-hk2/2.27/jersey-hk2-2.27.jar:/home/user/.m2/repository/org/glassfish/hk2/hk2-locator/2.5.0-b42/hk2-locator-2.5.0-b42.jar:/home/user/.m2/repository/org/javassist/javassist/3.22.0-CR2/javassist-3.22.0-CR2.jar:/home/user/.m2/repository/org/glassfish/hk2/hk2-api/2.5.0/hk2-api-2.5.0.jar:/home/user/.m2/repository/org/glassfish/hk2/external/jakarta.inject/2.5.0/jakarta.inject-2.5.0.jar:/home/user/.m2/repository/org/glassfish/hk2/hk2-utils/2.5.0/hk2-utils-2.5.0.jar:/home/user/.m2/repository/jakarta/annotation/jakarta.annotation-api/1.3.4/jakarta.annotation-api-1.3.4.jar:/home/user/.m2/repository/org/glassfish/hk2/external/aopalliance-repackaged/2.5.0/aopalliance-repackaged-2.5.0.jar:/home/user/.m2/repository/com/fasterxml/jackson/dataformat/jackson-dataformat-xml/2.9.0/jackson-dataformat-xml-2.9.0.jar:/home/user/.m2/repository/com/fasterxml/jackson/core/jackson-core/2.9.9/jackson-core-2.9.9.jar:/home/user/.m2/repository/com/fasterxml/jackson/module/jackson-module-jaxb-annotations/2.9.9/jackson-module-jaxb-annotations-2.9.9.jar:/home/user/.m2/repository/javax/enterprise/cdi-api/1.2/cdi-api-1.2.jar:/home/user/.m2/repository/javax/el/javax.el-api/3.0.0/javax.el-api-3.0.0.jar:/home/user/.m2/repository/javax/interceptor/javax.interceptor-api/1.2/javax.interceptor-api-1.2.jar:/home/user/.m2/repository/javax/inject/javax.inject/1/javax.inject-1.jar:/home/user/.m2/repository/com/sun/xml/bind/jaxb-impl/2.3.0.1/jaxb-impl-2.3.0.1.jar:/home/user/.m2/repository/com/sun/xml/bind/jaxb-core/2.3.0.1/jaxb-core-2.3.0.1.jar:/home/user/.m2/repository/javax/xml/bind/jaxb-api/2.3.0/jaxb-api-2.3.0.jar:/home/user/.m2/repository/javax/activation/activation/1.1.1/activation-1.1.1.jar:/home/user/.m2/repository/org/apache/hadoop/hadoop-ozone-csi/0.5.0-SNAPSHOT/hadoop-ozone-csi-0.5.0-SNAPSHOT.jar:/home/user/.m2/repository/com/google/protobuf/protobuf-java-util/3.5.1/protobuf-java-util-3.5.1.jar:/home/user/.m2/repository/org/apache/hadoop/hadoop-hdds-config/0.5.0-SNAPSHOT/hadoop-hdds-config-0.5.0-SNAPSHOT.jar:/home/user/.m2/repository/io/grpc/grpc-netty/1.17.1/grpc-netty-1.17.1.jar:/home/user/.m2/repository/io/grpc/grpc-core/1.17.1/grpc-core-1.17.1.jar:/home/user/.m2/repository/io/grpc/grpc-context/1.17.1/grpc-context-1.17.1.jar:/home/user/.m2/repository/com/google/errorprone/error_prone_annotations/2.2.0/error_prone_annotations-2.2.0.jar:/home/user/.m2/repository/org/codehaus/mojo/animal-sniffer-annotations/1.17/animal-sniffer-annotations-1.17.jar:/home/user/.m2/repository/io/opencensus/opencensus-api/0.17.0/opencensus-api-0.17.0.jar:/home/user/.m2/repository/io/opencensus/opencensus-contrib-grpc-metrics/0.17.0/opencensus-contrib-grpc-metrics-0.17.0.jar:/home/user/.m2/repository/io/netty/netty-codec-http2/4.1.30.Final/netty-codec-http2-4.1.30.Final.jar:/home/user/.m2/repository/io/netty/netty-codec-http/4.1.30.Final/netty-codec-http-4.1.30.Final.jar:/home/user/.m2/repository/io/netty/netty-codec/4.1.30.Final/netty-codec-4.1.30.Final.jar:/home/user/.m2/repository/io/netty/netty-handler/4.1.30.Final/netty-handler-4.1.30.Final.jar:/home/user/.m2/repository/io/netty/netty-handler-proxy/4.1.30.Final/netty-handler-proxy-4.1.30.Final.jar:/home/user/.m2/repository/io/netty/netty-codec-socks/4.1.30.Final/netty-codec-socks-4.1.30.Final.jar:/home/user/.m2/repository/io/netty/netty-transport-native-epoll/4.1.30.Final/netty-transport-native-epoll-4.1.30.Final.jar:/home/user/.m2/repository/io/netty/netty-common/4.1.30.Final/netty-common-4.1.30.Final.jar:/home/user/.m2/repository/io/netty/netty-buffer/4.1.30.Final/netty-buffer-4.1.30.Final.jar:/home/user/.m2/repository/io/netty/netty-transport/4.1.30.Final/netty-transport-4.1.30.Final.jar:/home/user/.m2/repository/io/netty/netty-resolver/4.1.30.Final/netty-resolver-4.1.30.Final.jar:/home/user/.m2/repository/io/netty/netty-transport-native-unix-common/4.1.30.Final/netty-transport-native-unix-common-4.1.30.Final.jar:/home/user/.m2/repository/io/grpc/grpc-protobuf/1.17.1/grpc-protobuf-1.17.1.jar:/home/user/.m2/repository/com/google/api/grpc/proto-google-common-protos/1.0.0/proto-google-common-protos-1.0.0.jar:/home/user/.m2/repository/io/grpc/grpc-protobuf-lite/1.17.1/grpc-protobuf-lite-1.17.1.jar:/home/user/.m2/repository/io/grpc/grpc-stub/1.17.1/grpc-stub-1.17.1.jar:/home/user/.m2/repository/org/apache/hadoop/hadoop-ozone-recon/0.5.0-SNAPSHOT/hadoop-ozone-recon-0.5.0-SNAPSHOT.jar:/home/user/.m2/repository/org/apache/hadoop/hadoop-ozone-reconcodegen/0.5.0-SNAPSHOT/hadoop-ozone-reconcodegen-0.5.0-SNAPSHOT.jar:/home/user/.m2/repository/com/google/inject/extensions/guice-multibindings/4.0/guice-multibindings-4.0.jar:/home/user/.m2/repository/com/google/inject/guice/4.0/guice-4.0.jar:/home/user/.m2/repository/aopalliance/aopalliance/1.0/aopalliance-1.0.jar:/home/user/.m2/repository/com/google/inject/extensions/guice-servlet/4.0/guice-servlet-4.0.jar:/home/user/.m2/repository/org/glassfish/jersey/containers/jersey-container-servlet/2.27/jersey-container-servlet-2.27.jar:/home/user/.m2/repository/org/glassfish/hk2/guice-bridge/2.5.0/guice-bridge-2.5.0.jar:/home/user/.m2/repository/org/glassfish/jersey/core/jersey-server/2.27/jersey-server-2.27.jar:/home/user/.m2/repository/org/glassfish/jersey/core/jersey-client/2.27/jersey-client-2.27.jar:/home/user/.m2/repository/org/glassfish/jersey/media/jersey-media-jaxb/2.27/jersey-media-jaxb-2.27.jar:/home/user/.m2/repository/javax/validation/validation-api/1.1.0.Final/validation-api-1.1.0.Final.jar:/home/user/.m2/repository/org/glassfish/jersey/media/jersey-media-json-jackson/2.27/jersey-media-json-jackson-2.27.jar:/home/user/.m2/repository/org/glassfish/jersey/ext/jersey-entity-filtering/2.27/jersey-entity-filtering-2.27.jar:/home/user/.m2/repository/com/google/inject/extensions/guice-assistedinject/4.0/guice-assistedinject-4.0.jar:/home/user/.m2/repository/org/jooq/jooq/3.11.10/jooq-3.11.10.jar:/home/user/.m2/repository/org/jooq/jooq-meta/3.11.10/jooq-meta-3.11.10.jar:/home/user/.m2/repository/org/jooq/jooq-codegen/3.11.10/jooq-codegen-3.11.10.jar:/home/user/.m2/repository/com/jolbox/bonecp/0.8.0.RELEASE/bonecp-0.8.0.RELEASE.jar:/home/user/.m2/repository/org/xerial/sqlite-jdbc/3.25.2/sqlite-jdbc-3.25.2.jar:/home/user/.m2/repository/org/springframework/spring-jdbc/5.1.3.RELEASE/spring-jdbc-5.1.3.RELEASE.jar:/home/user/.m2/repository/org/springframework/spring-beans/5.1.3.RELEASE/spring-beans-5.1.3.RELEASE.jar:/home/user/.m2/repository/org/springframework/spring-core/5.1.3.RELEASE/spring-core-5.1.3.RELEASE.jar:/home/user/.m2/repository/org/springframework/spring-jcl/5.1.3.RELEASE/spring-jcl-5.1.3.RELEASE.jar:/home/user/.m2/repository/org/springframework/spring-tx/5.1.3.RELEASE/spring-tx-5.1.3.RELEASE.jar:/home/user/.m2/repository/org/apache/hadoop/hadoop-ozone-client/0.5.0-SNAPSHOT/hadoop-ozone-client-0.5.0-SNAPSHOT.jar:/home/user/.m2/repository/commons-lang/commons-lang/2.6/commons-lang-2.6.jar:/home/user/.m2/repository/org/apache/hadoop/hadoop-ozone-ozone-manager/0.5.0-SNAPSHOT/hadoop-ozone-ozone-manager-0.5.0-SNAPSHOT-tests.jar:/home/user/.m2/repository/junit/junit/4.11/junit-4.11.jar:/home/user/.m2/repository/org/hamcrest/hamcrest-core/1.3/hamcrest-core-1.3.jar:/home/user/.m2/repository/org/openjdk/jmh/jmh-core/1.19/jmh-core-1.19.jar:/home/user/.m2/repository/net/sf/jopt-simple/jopt-simple/4.6/jopt-simple-4.6.jar:/home/user/.m2/repository/org/apache/commons/commons-math3/3.1.1/commons-math3-3.1.1.jar:/home/user/.m2/repository/org/openjdk/jmh/jmh-generator-annprocess/1.19/jmh-generator-annprocess-1.19.jar:/home/user/.m2/repository/org/mockito/mockito-all/1.8.5/mockito-all-1.8.5.jar:/home/user/.m2/repository/org/apache/hadoop/hadoop-kms/3.2.0/hadoop-kms-3.2.0.jar:/home/user/.m2/repository/org/apache/hadoop/hadoop-auth/3.2.0/hadoop-auth-3.2.0.jar:/home/user/.m2/repository/com/nimbusds/nimbus-jose-jwt/4.41.1/nimbus-jose-jwt-4.41.1.jar:/home/user/.m2/repository/com/github/stephenc/jcip/jcip-annotations/1.0-1/jcip-annotations-1.0-1.jar:/home/user/.m2/repository/net/minidev/json-smart/2.3/json-smart-2.3.jar:/home/user/.m2/repository/net/minidev/accessors-smart/1.2/accessors-smart-1.2.jar:/home/user/.m2/repository/org/ow2/asm/asm/5.0.4/asm-5.0.4.jar:/home/user/.m2/repository/org/apache/curator/curator-framework/2.12.0/curator-framework-2.12.0.jar:/home/user/.m2/repository/com/sun/jersey/jersey-core/1.19/jersey-core-1.19.jar:/home/user/.m2/repository/javax/ws/rs/jsr311-api/1.1.1/jsr311-api-1.1.1.jar:/home/user/.m2/repository/com/sun/jersey/jersey-server/1.19/jersey-server-1.19.jar:/home/user/.m2/repository/javax/servlet/javax.servlet-api/3.1.0/javax.servlet-api-3.1.0.jar:/home/user/.m2/repository/org/eclipse/jetty/jetty-server/9.3.25.v20180904/jetty-server-9.3.25.v20180904.jar:/home/user/.m2/repository/org/eclipse/jetty/jetty-http/9.3.25.v20180904/jetty-http-9.3.25.v20180904.jar:/home/user/.m2/repository/org/eclipse/jetty/jetty-io/9.3.25.v20180904/jetty-io-9.3.25.v20180904.jar:/home/user/.m2/repository/org/eclipse/jetty/jetty-webapp/9.3.25.v20180904/jetty-webapp-9.3.25.v20180904.jar:/home/user/.m2/repository/org/eclipse/jetty/jetty-xml/9.3.25.v20180904/jetty-xml-9.3.25.v20180904.jar:/home/user/.m2/repository/log4j/log4j/1.2.17/log4j-1.2.17.jar:/home/user/.m2/repository/org/slf4j/slf4j-api/1.7.25/slf4j-api-1.7.25.jar:/home/user/.m2/repository/org/slf4j/jul-to-slf4j/1.7.25/jul-to-slf4j-1.7.25.jar:/home/user/.m2/repository/org/eclipse/jetty/jetty-util/9.3.25.v20180904/jetty-util-9.3.25.v20180904.jar:/home/user/.m2/repository/com/fasterxml/jackson/core/jackson-databind/2.9.9/jackson-databind-2.9.9.jar:/home/user/.m2/repository/org/apache/hadoop/hadoop-kms/3.2.0/hadoop-kms-3.2.0-tests.jar:/home/user/.m2/repository/org/apache/hadoop/hadoop-hdds-server-scm/0.5.0-SNAPSHOT/hadoop-hdds-server-scm-0.5.0-SNAPSHOT-tests.jar:/home/user/.m2/repository/org/apache/hadoop/hadoop-hdds-container-service/0.5.0-SNAPSHOT/hadoop-hdds-container-service-0.5.0-SNAPSHOT-tests.jar:/home/user/.m2/repository/org/yaml/snakeyaml/1.16/snakeyaml-1.16.jar:/home/user/.m2/repository/org/apache/hadoop/hadoop-common/3.2.0/hadoop-common-3.2.0-tests.jar:/home/user/.m2/repository/org/apache/hadoop/hadoop-annotations/3.2.0/hadoop-annotations-3.2.0.jar:/usr/lib/jvm/java-1.8-openjdk/jre/../lib/tools.jar:/home/user/.m2/repository/commons-cli/commons-cli/1.2/commons-cli-1.2.jar:/home/user/.m2/repository/org/apache/httpcomponents/httpclient/4.5.2/httpclient-4.5.2.jar:/home/user/.m2/repository/org/apache/httpcomponents/httpcore/4.4.4/httpcore-4.4.4.jar:/home/user/.m2/repository/commons-codec/commons-codec/1.11/commons-codec-1.11.jar:/home/user/.m2/repository/commons-net/commons-net/3.6/commons-net-3.6.jar:/home/user/.m2/repository/commons-collections/commons-collections/3.2.2/commons-collections-3.2.2.jar:/home/user/.m2/repository/org/eclipse/jetty/jetty-servlet/9.3.25.v20180904/jetty-servlet-9.3.25.v20180904.jar:/home/user/.m2/repository/org/eclipse/jetty/jetty-security/9.3.25.v20180904/jetty-security-9.3.25.v20180904.jar:/home/user/.m2/repository/javax/servlet/jsp/jsp-api/2.1/jsp-api-2.1.jar:/home/user/.m2/repository/com/sun/jersey/jersey-servlet/1.19/jersey-servlet-1.19.jar:/home/user/.m2/repository/com/sun/jersey/jersey-json/1.19/jersey-json-1.19.jar:/home/user/.m2/repository/org/codehaus/jettison/jettison/1.1/jettison-1.1.jar:/home/user/.m2/repository/org/codehaus/jackson/jackson-core-asl/1.9.13/jackson-core-asl-1.9.13.jar:/home/user/.m2/repository/org/codehaus/jackson/jackson-mapper-asl/1.9.13/jackson-mapper-asl-1.9.13.jar:/home/user/.m2/repository/org/codehaus/jackson/jackson-jaxrs/1.9.13/jackson-jaxrs-1.9.13.jar:/home/user/.m2/repository/org/codehaus/jackson/jackson-xc/1.9.13/jackson-xc-1.9.13.jar:/home/user/.m2/repository/commons-logging/commons-logging/1.1.3/commons-logging-1.1.3.jar:/home/user/.m2/repository/commons-beanutils/commons-beanutils/1.9.4/commons-beanutils-1.9.4.jar:/home/user/.m2/repository/org/apache/commons/commons-configuration2/2.1.1/commons-configuration2-2.1.1.jar:/home/user/.m2/repository/org/apache/commons/commons-lang3/3.7/commons-lang3-3.7.jar:/home/user/.m2/repository/org/apache/commons/commons-text/1.4/commons-text-1.4.jar:/home/user/.m2/repository/org/apache/avro/avro/1.7.7/avro-1.7.7.jar:/home/user/.m2/repository/com/thoughtworks/paranamer/paranamer/2.3/paranamer-2.3.jar:/home/user/.m2/repository/org/xerial/snappy/snappy-java/1.0.5/snappy-java-1.0.5.jar:/home/user/.m2/repository/com/google/re2j/re2j/1.1/re2j-1.1.jar:/home/user/.m2/repository/com/google/code/gson/gson/2.2.4/gson-2.2.4.jar:/home/user/.m2/repository/com/jcraft/jsch/0.1.54/jsch-0.1.54.jar:/home/user/.m2/repository/org/apache/curator/curator-client/2.12.0/curator-client-2.12.0.jar:/home/user/.m2/repository/org/apache/curator/curator-recipes/2.12.0/curator-recipes-2.12.0.jar:/home/user/.m2/repository/com/google/code/findbugs/jsr305/3.0.0/jsr305-3.0.0.jar:/home/user/.m2/repository/org/apache/htrace/htrace-core4/4.1.0-incubating/htrace-core4-4.1.0-incubating.jar:/home/user/.m2/repository/org/apache/zookeeper/zookeeper/3.4.13/zookeeper-3.4.13.jar:/home/user/.m2/repository/jline/jline/0.9.94/jline-0.9.94.jar:/home/user/.m2/repository/org/apache/yetus/audience-annotations/0.5.0/audience-annotations-0.5.0.jar:/home/user/.m2/repository/org/codehaus/woodstox/stax2-api/3.1.4/stax2-api-3.1.4.jar:/home/user/.m2/repository/com/fasterxml/woodstox/woodstox-core/5.0.3/woodstox-core-5.0.3.jar:/home/user/.m2/repository/dnsjava/dnsjava/2.1.7/dnsjava-2.1.7.jar:/home/user/.m2/repository/org/apache/hadoop/hadoop-hdfs/3.2.0/hadoop-hdfs-3.2.0-tests.jar:/home/user/.m2/repository/org/eclipse/jetty/jetty-util-ajax/9.3.25.v20180904/jetty-util-ajax-9.3.25.v20180904.jar:/home/user/.m2/repository/commons-daemon/commons-daemon/1.0.13/commons-daemon-1.0.13.jar:/home/user/.m2/repository/io/netty/netty/3.10.5.Final/netty-3.10.5.Final.jar:/home/user/.m2/repository/io/netty/netty-all/4.0.52.Final/netty-all-4.0.52.Final.jar:/home/user/.m2/repository/org/fusesource/leveldbjni/leveldbjni-all/1.8/leveldbjni-all-1.8.jar:"/>
    <property name="sun.cpu.endian" value="little"/>
    <property name="user.home" value="/home/user"/>
    <property name="user.language" value="en"/>
    <property name="java.specification.vendor" value="Oracle Corporation"/>
    <property name="java.home" value="/usr/lib/jvm/java-1.8-openjdk/jre"/>
    <property name="java.security.krb5.conf" value="/workdir/hadoop-ozone/integration-test/target/test-classes/krb5.conf"/>
    <property name="basedir" value="/workdir/hadoop-ozone/integration-test"/>
    <property name="file.separator" value="/"/>
    <property name="line.separator" value="&#10;"/>
    <property name="java.vm.specification.vendor" value="Oracle Corporation"/>
    <property name="java.specification.name" value="Java Platform API Specification"/>
    <property name="java.awt.graphicsenv" value="sun.awt.X11GraphicsEnvironment"/>
    <property name="surefire.real.class.path" value="/workdir/hadoop-ozone/integration-test/target/surefire/surefirebooter4431181618778624850.jar"/>
    <property name="hadoop.log.dir" value="/workdir/hadoop-ozone/integration-test/target/log"/>
    <property name="sun.boot.class.path" value="/usr/lib/jvm/java-1.8-openjdk/jre/lib/resources.jar:/usr/lib/jvm/java-1.8-openjdk/jre/lib/rt.jar:/usr/lib/jvm/java-1.8-openjdk/jre/lib/sunrsasign.jar:/usr/lib/jvm/java-1.8-openjdk/jre/lib/jsse.jar:/usr/lib/jvm/java-1.8-openjdk/jre/lib/jce.jar:/usr/lib/jvm/java-1.8-openjdk/jre/lib/charsets.jar:/usr/lib/jvm/java-1.8-openjdk/jre/lib/jfr.jar:/usr/lib/jvm/java-1.8-openjdk/jre/classes"/>
    <property name="sun.management.compiler" value="HotSpot 64-Bit Tiered Compilers"/>
    <property name="java.runtime.version" value="1.8.0_212-b04"/>
    <property name="java.net.preferIPv4Stack" value="true"/>
    <property name="user.name" value="jenkins1000"/>
    <property name="path.separator" value=":"/>
    <property name="java.security.egd" value="file:///dev/urandom"/>
    <property name="os.version" value="3.10.0-957.12.2.el7.x86_64"/>
    <property name="java.endorsed.dirs" value="/usr/lib/jvm/java-1.8-openjdk/jre/lib/endorsed"/>
    <property name="java.runtime.name" value="OpenJDK Runtime Environment"/>
    <property name="file.encoding" value="UTF-8"/>
    <property name="java.vm.name" value="OpenJDK 64-Bit Server VM"/>
    <property name="test.build.webapps" value=""/>
    <property name="localRepository" value="/home/user/.m2/repository"/>
    <property name="java.vendor.url.bug" value="https://icedtea.classpath.org/bugzilla"/>
    <property name="java.io.tmpdir" value="/tmp"/>
    <property name="require.test.libhadoop" value=""/>
    <property name="java.version" value="1.8.0_212"/>
    <property name="user.dir" value="/workdir/hadoop-ozone/integration-test"/>
    <property name="os.arch" value="amd64"/>
    <property name="java.vm.specification.name" value="Java Virtual Machine Specification"/>
    <property name="test.build.classes" value="/workdir/hadoop-ozone/integration-test/target/test-classes"/>
    <property name="java.awt.printerjob" value="sun.print.PSPrinterJob"/>
    <property name="sun.os.patch.level" value="unknown"/>
    <property name="hadoop.tmp.dir" value="/workdir/hadoop-ozone/integration-test/target/tmp"/>
    <property name="java.library.path" value="/usr/lib/jvm/java-1.8-openjdk/jre/lib/amd64/server:/usr/lib/jvm/java-1.8-openjdk/jre/lib/amd64:/usr/lib/jvm/java-1.8-openjdk/jre/../lib/amd64:/workdir/hadoop-ozone/integration-test/target/native/target/usr/local/lib:/workdir/hadoop-ozone/integration-test/../../hadoop-common-project/hadoop-common/target/native/target/usr/local/lib:/usr/java/packages/lib/amd64:/usr/lib64:/lib64:/lib:/usr/lib"/>
    <property name="java.vm.info" value="mixed mode"/>
    <property name="java.vendor" value="IcedTea"/>
    <property name="java.vm.version" value="25.212-b04"/>
    <property name="java.ext.dirs" value="/usr/lib/jvm/java-1.8-openjdk/jre/lib/ext:/usr/java/packages/lib/ext"/>
    <property name="sun.io.unicode.encoding" value="UnicodeLittle"/>
    <property name="java.class.version" value="52.0"/>
  </properties>
  <testcase name="testWatchForCommitWithKeyWrite" classname="org.apache.hadoop.ozone.client.rpc.TestWatchForCommit" time="60.102"/>
  <testcase name="testWatchForCommitWithSmallerTimeoutValue" classname="org.apache.hadoop.ozone.client.rpc.TestWatchForCommit" time="43.324"/>
  <testcase name="testWatchForCommitForRetryfailure" classname="org.apache.hadoop.ozone.client.rpc.TestWatchForCommit" time="72.305"/>
  <testcase name="testWatchForCommitForGroupMismatchException" classname="org.apache.hadoop.ozone.client.rpc.TestWatchForCommit" time="37.435"/>
  <testcase name="test2WayCommitForTimeoutException" classname="org.apache.hadoop.ozone.client.rpc.TestWatchForCommit" time="22.848">
    <error type="java.util.concurrent.TimeoutException">java.util.concurrent.TimeoutException
	at java.util.concurrent.CompletableFuture.timedGet(CompletableFuture.java:1771)
	at java.util.concurrent.CompletableFuture.get(CompletableFuture.java:1915)
	at org.apache.hadoop.hdds.scm.XceiverClientRatis.watchForCommit(XceiverClientRatis.java:298)
	at org.apache.hadoop.ozone.client.rpc.TestWatchForCommit.test2WayCommitForTimeoutException(TestWatchForCommit.java:391)
	at sun.reflect.NativeMethodAccessorImpl.invoke0(Native Method)
	at sun.reflect.NativeMethodAccessorImpl.invoke(NativeMethodAccessorImpl.java:62)
	at sun.reflect.DelegatingMethodAccessorImpl.invoke(DelegatingMethodAccessorImpl.java:43)
	at java.lang.reflect.Method.invoke(Method.java:498)
	at org.junit.runners.model.FrameworkMethod$1.runReflectiveCall(FrameworkMethod.java:47)
	at org.junit.internal.runners.model.ReflectiveCallable.run(ReflectiveCallable.java:12)
	at org.junit.runners.model.FrameworkMethod.invokeExplosively(FrameworkMethod.java:44)
	at org.junit.internal.runners.statements.InvokeMethod.evaluate(InvokeMethod.java:17)
	at org.junit.runners.ParentRunner.runLeaf(ParentRunner.java:271)
	at org.junit.runners.BlockJUnit4ClassRunner.runChild(BlockJUnit4ClassRunner.java:70)
	at org.junit.runners.BlockJUnit4ClassRunner.runChild(BlockJUnit4ClassRunner.java:50)
	at org.junit.runners.ParentRunner$3.run(ParentRunner.java:238)
	at org.junit.runners.ParentRunner$1.schedule(ParentRunner.java:63)
	at org.junit.runners.ParentRunner.runChildren(ParentRunner.java:236)
	at org.junit.runners.ParentRunner.access$000(ParentRunner.java:53)
	at org.junit.runners.ParentRunner$2.evaluate(ParentRunner.java:229)
	at org.junit.runners.ParentRunner.run(ParentRunner.java:309)
	at org.apache.maven.surefire.junit4.JUnit4Provider.execute(JUnit4Provider.java:365)
	at org.apache.maven.surefire.junit4.JUnit4Provider.executeWithRerun(JUnit4Provider.java:273)
	at org.apache.maven.surefire.junit4.JUnit4Provider.executeTestSet(JUnit4Provider.java:238)
	at org.apache.maven.surefire.junit4.JUnit4Provider.invoke(JUnit4Provider.java:159)
	at org.apache.maven.surefire.booter.ForkedBooter.invokeProviderInSameClassLoader(ForkedBooter.java:384)
	at org.apache.maven.surefire.booter.ForkedBooter.runSuitesInProcess(ForkedBooter.java:345)
	at org.apache.maven.surefire.booter.ForkedBooter.execute(ForkedBooter.java:126)
	at org.apache.maven.surefire.booter.ForkedBooter.main(ForkedBooter.java:418)
</error>
    <system-out><![CDATA[2019-10-08 10:57:41,395 [main] WARN  server.ServerUtils (ServerUtils.java:getScmDbDir(145)) - ozone.scm.db.dirs is not configured. We recommend adding this setting. Falling back to ozone.metadata.dirs instead.
2019-10-08 10:57:41,463 [main] WARN  server.ServerUtils (ServerUtils.java:getScmDbDir(145)) - ozone.scm.db.dirs is not configured. We recommend adding this setting. Falling back to ozone.metadata.dirs instead.
2019-10-08 10:57:41,463 [main] WARN  server.ServerUtils (ServerUtils.java:getScmDbDir(145)) - ozone.scm.db.dirs is not configured. We recommend adding this setting. Falling back to ozone.metadata.dirs instead.
2019-10-08 10:57:41,464 [main] INFO  db.DBStoreBuilder (DBStoreBuilder.java:addTable(117)) - using custom profile for table: deletedBlocks
2019-10-08 10:57:41,464 [main] INFO  db.DBStoreBuilder (DBStoreBuilder.java:processTables(168)) - Using default column profile:DBProfile.DISK for Table:deletedBlocks
2019-10-08 10:57:41,464 [main] INFO  db.DBStoreBuilder (DBStoreBuilder.java:addTable(117)) - using custom profile for table: validCerts
2019-10-08 10:57:41,464 [main] INFO  db.DBStoreBuilder (DBStoreBuilder.java:processTables(168)) - Using default column profile:DBProfile.DISK for Table:validCerts
2019-10-08 10:57:41,465 [main] INFO  db.DBStoreBuilder (DBStoreBuilder.java:addTable(117)) - using custom profile for table: revokedCerts
2019-10-08 10:57:41,465 [main] INFO  db.DBStoreBuilder (DBStoreBuilder.java:processTables(168)) - Using default column profile:DBProfile.DISK for Table:revokedCerts
2019-10-08 10:57:41,465 [main] INFO  db.DBStoreBuilder (DBStoreBuilder.java:addTable(117)) - using custom profile for table: default
2019-10-08 10:57:41,465 [main] INFO  db.DBStoreBuilder (DBStoreBuilder.java:processTables(174)) - Using default column profile:DBProfile.DISK for Table:default
2019-10-08 10:57:41,465 [main] INFO  db.DBStoreBuilder (DBStoreBuilder.java:getDbProfile(205)) - Using default options. DBProfile.DISK
2019-10-08 10:57:41,627 [main] INFO  net.NodeSchemaLoader (NodeSchemaLoader.java:loadSchemaFromFile(125)) - Loading file from sun.misc.CompoundEnumeration@4d518c66
2019-10-08 10:57:41,627 [main] INFO  net.NodeSchemaLoader (NodeSchemaLoader.java:loadSchema(171)) - Loading network topology layer schema file
2019-10-08 10:57:41,633 [main] WARN  server.ServerUtils (ServerUtils.java:sanitizeUserArgs(70)) - ozone.scm.stale.node.interval value = 300000 is larger than max = 100000 based on the key value of ozone.scm.heartbeat.thread.interval, reset to the max value 100000.
2019-10-08 10:57:41,633 [main] WARN  server.ServerUtils (ServerUtils.java:sanitizeUserArgs(70)) - ozone.scm.stale.node.interval value = 300000 is larger than max = 100000 based on the key value of ozone.scm.heartbeat.thread.interval, reset to the max value 100000.
2019-10-08 10:57:41,633 [main] INFO  node.SCMNodeManager (SCMNodeManager.java:<init>(117)) - Entering startup safe mode.
2019-10-08 10:57:41,634 [main] INFO  algorithms.ContainerPlacementPolicyFactory (ContainerPlacementPolicyFactory.java:getPolicy(57)) - Create container placement policy of type org.apache.hadoop.hdds.scm.container.placement.algorithms.SCMContainerPlacementRandom
2019-10-08 10:57:41,634 [main] WARN  server.ServerUtils (ServerUtils.java:getScmDbDir(145)) - ozone.scm.db.dirs is not configured. We recommend adding this setting. Falling back to ozone.metadata.dirs instead.
2019-10-08 10:57:41,693 [main] INFO  pipeline.SCMPipelineManager (SCMPipelineManager.java:initializePipelineState(132)) - No pipeline exists in current db
2019-10-08 10:57:41,693 [main] WARN  server.ServerUtils (ServerUtils.java:getScmDbDir(145)) - ozone.scm.db.dirs is not configured. We recommend adding this setting. Falling back to ozone.metadata.dirs instead.
2019-10-08 10:57:41,719 [main] WARN  events.EventQueue (EventQueue.java:fireEvent(183)) - No event handler registered for event TypedEvent{payloadType=SafeModeStatus, name='SafeModeStatus'}
2019-10-08 10:57:41,720 [main] INFO  ipc.CallQueueManager (CallQueueManager.java:<init>(84)) - Using callQueue: class java.util.concurrent.LinkedBlockingQueue, queueCapacity: 2000, scheduler: class org.apache.hadoop.ipc.DefaultRpcScheduler, ipcBackoff: false.
2019-10-08 10:57:41,721 [Socket Reader #1 for port 42380] INFO  ipc.Server (Server.java:run(1074)) - Starting Socket Reader #1 for port 42380
2019-10-08 10:57:41,723 [main] INFO  ipc.CallQueueManager (CallQueueManager.java:<init>(84)) - Using callQueue: class java.util.concurrent.LinkedBlockingQueue, queueCapacity: 2000, scheduler: class org.apache.hadoop.ipc.DefaultRpcScheduler, ipcBackoff: false.
2019-10-08 10:57:41,724 [Socket Reader #1 for port 44881] INFO  ipc.Server (Server.java:run(1074)) - Starting Socket Reader #1 for port 44881
2019-10-08 10:57:41,725 [main] INFO  ipc.CallQueueManager (CallQueueManager.java:<init>(84)) - Using callQueue: class java.util.concurrent.LinkedBlockingQueue, queueCapacity: 2000, scheduler: class org.apache.hadoop.ipc.DefaultRpcScheduler, ipcBackoff: false.
2019-10-08 10:57:41,726 [Socket Reader #1 for port 39548] INFO  ipc.Server (Server.java:run(1074)) - Starting Socket Reader #1 for port 39548
2019-10-08 10:57:41,729 [main] INFO  hdfs.DFSUtil (DFSUtil.java:httpServerTemplateForNNAndJN(1641)) - Starting Web-server for scm at: http://0.0.0.0:0
2019-10-08 10:57:41,732 [main] INFO  server.AuthenticationFilter (AuthenticationFilter.java:constructSecretProvider(240)) - Unable to initialize FileSignerSecretProvider, falling back to use random secrets.
2019-10-08 10:57:41,733 [main] WARN  http.HttpRequestLog (HttpRequestLog.java:getRequestLog(97)) - Jetty request log can only be enabled using Log4j
2019-10-08 10:57:41,736 [main] INFO  http.HttpServer2 (HttpServer2.java:addGlobalFilter(975)) - Added global filter 'safety' (class=org.apache.hadoop.http.HttpServer2$QuotingInputFilter)
2019-10-08 10:57:41,737 [main] INFO  http.HttpServer2 (HttpServer2.java:addFilter(948)) - Added filter static_user_filter (class=org.apache.hadoop.http.lib.StaticUserWebFilter$StaticUserFilter) to context scm
2019-10-08 10:57:41,737 [main] INFO  http.HttpServer2 (HttpServer2.java:addFilter(958)) - Added filter static_user_filter (class=org.apache.hadoop.http.lib.StaticUserWebFilter$StaticUserFilter) to context logs
2019-10-08 10:57:41,737 [main] INFO  http.HttpServer2 (HttpServer2.java:addFilter(958)) - Added filter static_user_filter (class=org.apache.hadoop.http.lib.StaticUserWebFilter$StaticUserFilter) to context static
2019-10-08 10:57:41,740 [main] INFO  server.StorageContainerManager (StorageContainerManager.java:start(775)) - StorageContainerLocationProtocol RPC server is listening at /0.0.0.0:39548
2019-10-08 10:57:41,744 [main] WARN  impl.MetricsConfig (MetricsConfig.java:loadFirst(134)) - Cannot locate configuration: tried hadoop-metrics2-storagecontainermanager.properties,hadoop-metrics2.properties
2019-10-08 10:57:41,745 [main] INFO  impl.MetricsSystemImpl (MetricsSystemImpl.java:startTimer(374)) - Scheduled Metric snapshot period at 10 second(s).
2019-10-08 10:57:41,745 [main] INFO  impl.MetricsSystemImpl (MetricsSystemImpl.java:start(191)) - StorageContainerManager metrics system started
2019-10-08 10:57:41,817 [main] WARN  impl.MetricsSystemImpl (MetricsSystemImpl.java:register(276)) - Sink prometheus already exists!
2019-10-08 10:57:41,901 [main] INFO  server.SCMClientProtocolServer (SCMClientProtocolServer.java:start(159)) - RPC server for Client  is listening at /0.0.0.0:39548
2019-10-08 10:57:41,902 [IPC Server Responder] INFO  ipc.Server (Server.java:run(1314)) - IPC Server Responder: starting
2019-10-08 10:57:41,902 [IPC Server listener on 39548] INFO  ipc.Server (Server.java:run(1153)) - IPC Server listener on 39548: starting
2019-10-08 10:57:41,906 [main] INFO  server.StorageContainerManager (StorageContainerManager.java:start(785)) - ScmBlockLocationProtocol RPC server is listening at /0.0.0.0:44881
2019-10-08 10:57:41,906 [main] INFO  server.SCMBlockProtocolServer (SCMBlockProtocolServer.java:start(146)) - RPC server for Block Protocol is listening at /0.0.0.0:44881
2019-10-08 10:57:41,906 [IPC Server Responder] INFO  ipc.Server (Server.java:run(1314)) - IPC Server Responder: starting
2019-10-08 10:57:41,908 [IPC Server listener on 44881] INFO  ipc.Server (Server.java:run(1153)) - IPC Server listener on 44881: starting
2019-10-08 10:57:41,910 [main] INFO  server.StorageContainerManager (StorageContainerManager.java:start(789)) - ScmDatanodeProtocl RPC server is listening at /0.0.0.0:42380
2019-10-08 10:57:41,910 [main] INFO  server.SCMDatanodeProtocolServer (SCMDatanodeProtocolServer.java:start(169)) - RPC server for DataNodes is listening at /0.0.0.0:42380
2019-10-08 10:57:41,910 [IPC Server Responder] INFO  ipc.Server (Server.java:run(1314)) - IPC Server Responder: starting
2019-10-08 10:57:41,911 [IPC Server listener on 42380] INFO  ipc.Server (Server.java:run(1153)) - IPC Server listener on 42380: starting
2019-10-08 10:57:41,914 [main] INFO  http.HttpServer2 (HttpServer2.java:bindListener(1191)) - Jetty bound to port 39866
2019-10-08 10:57:41,914 [main] INFO  server.Server (Server.java:doStart(351)) - jetty-9.3.25.v20180904, build timestamp: 2018-09-04T21:11:46Z, git hash: 3ce520221d0240229c862b122d2b06c12a625732
2019-10-08 10:57:41,916 [main] INFO  handler.ContextHandler (ContextHandler.java:doStart(781)) - Started o.e.j.s.ServletContextHandler@62b6c045{/logs,file:///workdir/hadoop-ozone/integration-test/target/log,AVAILABLE}
2019-10-08 10:57:41,916 [main] INFO  handler.ContextHandler (ContextHandler.java:doStart(781)) - Started o.e.j.s.ServletContextHandler@46b2dcc5{/static,file:///workdir/hadoop-ozone/integration-test/target/test-classes/webapps/static,AVAILABLE}
2019-10-08 10:57:41,920 [main] INFO  handler.ContextHandler (ContextHandler.java:doStart(781)) - Started o.e.j.w.WebAppContext@1a1f79ce{/,file:///workdir/hadoop-ozone/integration-test/target/test-classes/webapps/scm/,AVAILABLE}{/scm}
2019-10-08 10:57:41,920 [main] INFO  server.AbstractConnector (AbstractConnector.java:doStart(278)) - Started ServerConnector@6aa7e176{HTTP/1.1,[http/1.1]}{0.0.0.0:39866}
2019-10-08 10:57:41,921 [main] INFO  server.Server (Server.java:doStart(419)) - Started @214126ms
2019-10-08 10:57:41,921 [main] WARN  impl.MetricsSystemImpl (MetricsSystemImpl.java:register(276)) - Sink prometheus already exists!
2019-10-08 10:57:41,922 [main] INFO  server.BaseHttpServer (BaseHttpServer.java:updateConnectorAddress(215)) - HTTP server of SCM is listening at http://0.0.0.0:39866
2019-10-08 10:57:41,923 [main] WARN  server.ServerUtils (ServerUtils.java:getDBPath(222)) - ozone.om.db.dirs is not configured. We recommend adding this setting. Falling back to ozone.metadata.dirs instead.
2019-10-08 10:57:41,923 [org.apache.hadoop.util.JvmPauseMonitor$Monitor@281b2dfd] INFO  util.JvmPauseMonitor (JvmPauseMonitor.java:run(188)) - Starting JVM pause monitor
2019-10-08 10:57:41,940 [main] INFO  ha.OMHANodeDetails (OMHANodeDetails.java:loadOMHAConfig(190)) - Configuration either no ozone.om.address set. Falling back to the default OM address /127.0.0.1:0
2019-10-08 10:57:41,940 [main] INFO  ha.OMHANodeDetails (OMHANodeDetails.java:getOMNodeDetails(220)) - OM Service ID is not set. Setting it to the default ID: omServiceIdDefault
2019-10-08 10:57:41,940 [main] WARN  server.ServerUtils (ServerUtils.java:getDBPath(222)) - ozone.om.db.dirs is not configured. We recommend adding this setting. Falling back to ozone.metadata.dirs instead.
2019-10-08 10:57:41,941 [main] WARN  server.ServerUtils (ServerUtils.java:getDBPath(222)) - ozone.om.db.dirs is not configured. We recommend adding this setting. Falling back to ozone.metadata.dirs instead.
2019-10-08 10:57:41,947 [main] WARN  server.ServerUtils (ServerUtils.java:getDBPath(222)) - ozone.om.db.dirs is not configured. We recommend adding this setting. Falling back to ozone.metadata.dirs instead.
2019-10-08 10:57:41,947 [main] INFO  db.DBStoreBuilder (DBStoreBuilder.java:addTable(117)) - using custom profile for table: userTable
2019-10-08 10:57:41,948 [main] INFO  db.DBStoreBuilder (DBStoreBuilder.java:processTables(168)) - Using default column profile:DBProfile.DISK for Table:userTable
2019-10-08 10:57:41,948 [main] INFO  db.DBStoreBuilder (DBStoreBuilder.java:addTable(117)) - using custom profile for table: volumeTable
2019-10-08 10:57:41,948 [main] INFO  db.DBStoreBuilder (DBStoreBuilder.java:processTables(168)) - Using default column profile:DBProfile.DISK for Table:volumeTable
2019-10-08 10:57:41,948 [main] INFO  db.DBStoreBuilder (DBStoreBuilder.java:addTable(117)) - using custom profile for table: bucketTable
2019-10-08 10:57:41,948 [main] INFO  db.DBStoreBuilder (DBStoreBuilder.java:processTables(168)) - Using default column profile:DBProfile.DISK for Table:bucketTable
2019-10-08 10:57:41,948 [main] INFO  db.DBStoreBuilder (DBStoreBuilder.java:addTable(117)) - using custom profile for table: keyTable
2019-10-08 10:57:41,949 [main] INFO  db.DBStoreBuilder (DBStoreBuilder.java:processTables(168)) - Using default column profile:DBProfile.DISK for Table:keyTable
2019-10-08 10:57:41,949 [main] INFO  db.DBStoreBuilder (DBStoreBuilder.java:addTable(117)) - using custom profile for table: deletedTable
2019-10-08 10:57:41,949 [main] INFO  db.DBStoreBuilder (DBStoreBuilder.java:processTables(168)) - Using default column profile:DBProfile.DISK for Table:deletedTable
2019-10-08 10:57:41,949 [main] INFO  db.DBStoreBuilder (DBStoreBuilder.java:addTable(117)) - using custom profile for table: openKeyTable
2019-10-08 10:57:41,949 [main] INFO  db.DBStoreBuilder (DBStoreBuilder.java:processTables(168)) - Using default column profile:DBProfile.DISK for Table:openKeyTable
2019-10-08 10:57:41,949 [main] INFO  db.DBStoreBuilder (DBStoreBuilder.java:addTable(117)) - using custom profile for table: s3Table
2019-10-08 10:57:41,950 [main] INFO  db.DBStoreBuilder (DBStoreBuilder.java:processTables(168)) - Using default column profile:DBProfile.DISK for Table:s3Table
2019-10-08 10:57:41,950 [main] INFO  db.DBStoreBuilder (DBStoreBuilder.java:addTable(117)) - using custom profile for table: multipartInfoTable
2019-10-08 10:57:41,950 [main] INFO  db.DBStoreBuilder (DBStoreBuilder.java:processTables(168)) - Using default column profile:DBProfile.DISK for Table:multipartInfoTable
2019-10-08 10:57:41,950 [main] INFO  db.DBStoreBuilder (DBStoreBuilder.java:addTable(117)) - using custom profile for table: dTokenTable
2019-10-08 10:57:41,950 [main] INFO  db.DBStoreBuilder (DBStoreBuilder.java:processTables(168)) - Using default column profile:DBProfile.DISK for Table:dTokenTable
2019-10-08 10:57:41,950 [main] INFO  db.DBStoreBuilder (DBStoreBuilder.java:addTable(117)) - using custom profile for table: s3SecretTable
2019-10-08 10:57:41,950 [main] INFO  db.DBStoreBuilder (DBStoreBuilder.java:processTables(168)) - Using default column profile:DBProfile.DISK for Table:s3SecretTable
2019-10-08 10:57:41,951 [main] INFO  db.DBStoreBuilder (DBStoreBuilder.java:addTable(117)) - using custom profile for table: prefixTable
2019-10-08 10:57:41,951 [main] INFO  db.DBStoreBuilder (DBStoreBuilder.java:processTables(168)) - Using default column profile:DBProfile.DISK for Table:prefixTable
2019-10-08 10:57:41,951 [main] INFO  db.DBStoreBuilder (DBStoreBuilder.java:addTable(117)) - using custom profile for table: default
2019-10-08 10:57:41,951 [main] INFO  db.DBStoreBuilder (DBStoreBuilder.java:processTables(174)) - Using default column profile:DBProfile.DISK for Table:default
2019-10-08 10:57:41,951 [main] INFO  db.DBStoreBuilder (DBStoreBuilder.java:getDbProfile(205)) - Using default options. DBProfile.DISK
2019-10-08 10:57:42,476 [main] INFO  ipc.CallQueueManager (CallQueueManager.java:<init>(84)) - Using callQueue: class java.util.concurrent.LinkedBlockingQueue, queueCapacity: 2000, scheduler: class org.apache.hadoop.ipc.DefaultRpcScheduler, ipcBackoff: false.
2019-10-08 10:57:42,477 [Socket Reader #1 for port 45965] INFO  ipc.Server (Server.java:run(1074)) - Starting Socket Reader #1 for port 45965
2019-10-08 10:57:42,493 [main] INFO  om.OzoneManager (OzoneManager.java:start(1069)) - OzoneManager RPC server is listening at localhost/127.0.0.1:45965
2019-10-08 10:57:42,493 [main] INFO  impl.MetricsSystemImpl (MetricsSystemImpl.java:init(158)) - OzoneManager metrics system started (again)
2019-10-08 10:57:42,494 [IPC Server Responder] INFO  ipc.Server (Server.java:run(1314)) - IPC Server Responder: starting
2019-10-08 10:57:42,494 [IPC Server listener on 45965] INFO  ipc.Server (Server.java:run(1153)) - IPC Server listener on 45965: starting
2019-10-08 10:57:42,500 [main] INFO  hdfs.DFSUtil (DFSUtil.java:httpServerTemplateForNNAndJN(1641)) - Starting Web-server for ozoneManager at: http://0.0.0.0:0
2019-10-08 10:57:42,502 [main] INFO  server.AuthenticationFilter (AuthenticationFilter.java:constructSecretProvider(240)) - Unable to initialize FileSignerSecretProvider, falling back to use random secrets.
2019-10-08 10:57:42,502 [main] WARN  http.HttpRequestLog (HttpRequestLog.java:getRequestLog(97)) - Jetty request log can only be enabled using Log4j
2019-10-08 10:57:42,504 [main] INFO  http.HttpServer2 (HttpServer2.java:addGlobalFilter(975)) - Added global filter 'safety' (class=org.apache.hadoop.http.HttpServer2$QuotingInputFilter)
2019-10-08 10:57:42,504 [main] INFO  http.HttpServer2 (HttpServer2.java:addFilter(948)) - Added filter static_user_filter (class=org.apache.hadoop.http.lib.StaticUserWebFilter$StaticUserFilter) to context ozoneManager
2019-10-08 10:57:42,505 [main] INFO  http.HttpServer2 (HttpServer2.java:addFilter(958)) - Added filter static_user_filter (class=org.apache.hadoop.http.lib.StaticUserWebFilter$StaticUserFilter) to context static
2019-10-08 10:57:42,505 [main] INFO  http.HttpServer2 (HttpServer2.java:addFilter(958)) - Added filter static_user_filter (class=org.apache.hadoop.http.lib.StaticUserWebFilter$StaticUserFilter) to context logs
2019-10-08 10:57:42,505 [main] INFO  http.HttpServer2 (HttpServer2.java:bindListener(1191)) - Jetty bound to port 45439
2019-10-08 10:57:42,505 [main] INFO  server.Server (Server.java:doStart(351)) - jetty-9.3.25.v20180904, build timestamp: 2018-09-04T21:11:46Z, git hash: 3ce520221d0240229c862b122d2b06c12a625732
2019-10-08 10:57:42,507 [main] INFO  handler.ContextHandler (ContextHandler.java:doStart(781)) - Started o.e.j.s.ServletContextHandler@7d30007d{/logs,file:///workdir/hadoop-ozone/integration-test/target/log,AVAILABLE}
2019-10-08 10:57:42,507 [main] INFO  handler.ContextHandler (ContextHandler.java:doStart(781)) - Started o.e.j.s.ServletContextHandler@2ca54da9{/static,file:///workdir/hadoop-ozone/integration-test/target/test-classes/webapps/static,AVAILABLE}
2019-10-08 10:57:42,511 [main] INFO  handler.ContextHandler (ContextHandler.java:doStart(781)) - Started o.e.j.w.WebAppContext@2589d787{/,file:///workdir/hadoop-ozone/integration-test/target/test-classes/webapps/ozoneManager/,AVAILABLE}{/ozoneManager}
2019-10-08 10:57:42,511 [main] INFO  server.AbstractConnector (AbstractConnector.java:doStart(278)) - Started ServerConnector@1788cb61{HTTP/1.1,[http/1.1]}{0.0.0.0:45439}
2019-10-08 10:57:42,513 [main] INFO  server.Server (Server.java:doStart(419)) - Started @214719ms
2019-10-08 10:57:42,514 [main] WARN  impl.MetricsSystemImpl (MetricsSystemImpl.java:register(276)) - Sink prometheus already exists!
2019-10-08 10:57:42,514 [main] INFO  server.BaseHttpServer (BaseHttpServer.java:updateConnectorAddress(215)) - HTTP server of OZONEMANAGER is listening at http://0.0.0.0:45439
2019-10-08 10:57:42,528 [main] INFO  impl.MetricsSystemImpl (MetricsSystemImpl.java:init(158)) - HddsDatanode metrics system started (again)
2019-10-08 10:57:42,531 [main] INFO  ozone.HddsDatanodeService (HddsDatanodeService.java:start(184)) - HddsDatanodeService host:pr-hdds-2196-cli-protobuf-v467f-1934461745 ip:192.168.30.18
2019-10-08 10:57:42,539 [main] INFO  volume.HddsVolume (HddsVolume.java:<init>(176)) - Creating Volume: /workdir/hadoop-ozone/integration-test/target/test-dir/MiniOzoneClusterImpl-36a35b56-4904-4029-83df-6869c87f60be/datanode-0/data/containers/hdds of  storage type : DISK and capacity : 1482555576320
2019-10-08 10:57:42,539 [main] INFO  volume.VolumeSet (VolumeSet.java:initializeVolumeSet(170)) - Added Volume : /workdir/hadoop-ozone/integration-test/target/test-dir/MiniOzoneClusterImpl-36a35b56-4904-4029-83df-6869c87f60be/datanode-0/data/containers/hdds to VolumeSet
2019-10-08 10:57:42,539 [main] INFO  volume.ThrottledAsyncChecker (ThrottledAsyncChecker.java:schedule(139)) - Scheduling a check for org.apache.hadoop.ozone.container.common.volume.HddsVolume@48d739f
2019-10-08 10:57:42,540 [main] INFO  volume.HddsVolumeChecker (HddsVolumeChecker.java:checkAllVolumes(202)) - Scheduled health check for volume org.apache.hadoop.ozone.container.common.volume.HddsVolume@48d739f
2019-10-08 10:57:42,554 [main] INFO  impl.RaftServerProxy (ConfUtils.java:logGet(43)) - raft.rpc.type = GRPC (default)
2019-10-08 10:57:42,554 [main] INFO  grpc.GrpcFactory (GrpcFactory.java:checkPooledByteBufAllocatorUseCacheForAllThreads(45)) - PERFORMANCE WARNING: useCacheForAllThreads is true that may cause Netty to create a lot garbage objects and, as a result, trigger GC.
	It is recommended to disable useCacheForAllThreads by setting -Dorg.apache.ratis.thirdparty.io.netty.allocator.useCacheForAllThreads=false in command line.
2019-10-08 10:57:42,555 [main] INFO  grpc.GrpcConfigKeys$Server (ConfUtils.java:logGet(43)) - raft.grpc.server.port = 0 (default)
2019-10-08 10:57:42,555 [main] INFO  server.GrpcService (ConfUtils.java:logGet(43)) - raft.grpc.message.size.max = 33570816 (custom)
2019-10-08 10:57:42,555 [main] INFO  server.RaftServerConfigKeys (ConfUtils.java:logGet(43)) - raft.server.log.appender.buffer.byte-limit = 33554432 (custom)
2019-10-08 10:57:42,555 [main] INFO  server.GrpcService (ConfUtils.java:logGet(43)) - raft.grpc.flow.control.window = 1MB (=1048576) (default)
2019-10-08 10:57:42,555 [main] INFO  server.RaftServerConfigKeys (ConfUtils.java:logGet(43)) - raft.server.rpc.request.timeout = 3000ms (default)
2019-10-08 10:57:42,556 [main] INFO  server.RaftServerConfigKeys (ConfUtils.java:logGet(43)) - raft.server.storage.dir = [/workdir/hadoop-ozone/integration-test/target/test-dir/MiniOzoneClusterImpl-36a35b56-4904-4029-83df-6869c87f60be/datanode-0/data/ratis] (custom)
2019-10-08 10:57:42,557 [main] INFO  hdfs.DFSUtil (DFSUtil.java:httpServerTemplateForNNAndJN(1641)) - Starting Web-server for hddsDatanode at: http://0.0.0.0:0
2019-10-08 10:57:42,558 [main] INFO  server.AuthenticationFilter (AuthenticationFilter.java:constructSecretProvider(240)) - Unable to initialize FileSignerSecretProvider, falling back to use random secrets.
2019-10-08 10:57:42,559 [main] WARN  http.HttpRequestLog (HttpRequestLog.java:getRequestLog(97)) - Jetty request log can only be enabled using Log4j
2019-10-08 10:57:42,560 [main] INFO  http.HttpServer2 (HttpServer2.java:addGlobalFilter(975)) - Added global filter 'safety' (class=org.apache.hadoop.http.HttpServer2$QuotingInputFilter)
2019-10-08 10:57:42,560 [main] INFO  http.HttpServer2 (HttpServer2.java:addFilter(948)) - Added filter static_user_filter (class=org.apache.hadoop.http.lib.StaticUserWebFilter$StaticUserFilter) to context hddsDatanode
2019-10-08 10:57:42,560 [main] INFO  http.HttpServer2 (HttpServer2.java:addFilter(958)) - Added filter static_user_filter (class=org.apache.hadoop.http.lib.StaticUserWebFilter$StaticUserFilter) to context static
2019-10-08 10:57:42,561 [main] INFO  http.HttpServer2 (HttpServer2.java:addFilter(958)) - Added filter static_user_filter (class=org.apache.hadoop.http.lib.StaticUserWebFilter$StaticUserFilter) to context logs
2019-10-08 10:57:42,561 [main] INFO  http.HttpServer2 (HttpServer2.java:bindListener(1191)) - Jetty bound to port 34252
2019-10-08 10:57:42,561 [main] INFO  server.Server (Server.java:doStart(351)) - jetty-9.3.25.v20180904, build timestamp: 2018-09-04T21:11:46Z, git hash: 3ce520221d0240229c862b122d2b06c12a625732
2019-10-08 10:57:42,563 [main] INFO  handler.ContextHandler (ContextHandler.java:doStart(781)) - Started o.e.j.s.ServletContextHandler@6f91fbda{/logs,file:///workdir/hadoop-ozone/integration-test/target/log,AVAILABLE}
2019-10-08 10:57:42,563 [main] INFO  handler.ContextHandler (ContextHandler.java:doStart(781)) - Started o.e.j.s.ServletContextHandler@4ffced4e{/static,jar:file:/home/user/.m2/repository/org/apache/hadoop/hadoop-hdds-container-service/0.5.0-SNAPSHOT/hadoop-hdds-container-service-0.5.0-SNAPSHOT.jar!/webapps/static,AVAILABLE}
2019-10-08 10:57:42,592 [main] INFO  handler.ContextHandler (ContextHandler.java:doStart(781)) - Started o.e.j.w.WebAppContext@64f4f12{/,file:///tmp/jetty-0.0.0.0-34252-hddsDatanode-_-any-5121486585015845595.dir/webapp/,AVAILABLE}{/hddsDatanode}
2019-10-08 10:57:42,592 [main] INFO  server.AbstractConnector (AbstractConnector.java:doStart(278)) - Started ServerConnector@37d28938{HTTP/1.1,[http/1.1]}{0.0.0.0:34252}
2019-10-08 10:57:42,594 [main] INFO  server.Server (Server.java:doStart(419)) - Started @214800ms
2019-10-08 10:57:42,595 [main] WARN  impl.MetricsSystemImpl (MetricsSystemImpl.java:register(276)) - Sink prometheus already exists!
2019-10-08 10:57:42,595 [main] INFO  server.BaseHttpServer (BaseHttpServer.java:updateConnectorAddress(215)) - HTTP server of HDDSDATANODE is listening at http://0.0.0.0:34252
2019-10-08 10:57:42,596 [main] INFO  impl.MetricsSystemImpl (MetricsSystemImpl.java:init(158)) - HddsDatanode metrics system started (again)
2019-10-08 10:57:42,599 [org.apache.hadoop.util.JvmPauseMonitor$Monitor@38842746] INFO  util.JvmPauseMonitor (JvmPauseMonitor.java:run(188)) - Starting JVM pause monitor
2019-10-08 10:57:42,600 [main] INFO  ozone.HddsDatanodeService (HddsDatanodeService.java:start(184)) - HddsDatanodeService host:pr-hdds-2196-cli-protobuf-v467f-1934461745 ip:192.168.30.18
2019-10-08 10:57:42,601 [Datanode State Machine Thread - 0] INFO  datanode.InitDatanodeState (InitDatanodeState.java:persistContainerDatanodeDetails(140)) - DatanodeDetails is persisted to /workdir/hadoop-ozone/integration-test/target/test-dir/MiniOzoneClusterImpl-36a35b56-4904-4029-83df-6869c87f60be/datanode-0/meta/datanode.id
2019-10-08 10:57:42,607 [main] INFO  volume.HddsVolume (HddsVolume.java:<init>(176)) - Creating Volume: /workdir/hadoop-ozone/integration-test/target/test-dir/MiniOzoneClusterImpl-36a35b56-4904-4029-83df-6869c87f60be/datanode-1/data/containers/hdds of  storage type : DISK and capacity : 1482555576320
2019-10-08 10:57:42,608 [main] INFO  volume.VolumeSet (VolumeSet.java:initializeVolumeSet(170)) - Added Volume : /workdir/hadoop-ozone/integration-test/target/test-dir/MiniOzoneClusterImpl-36a35b56-4904-4029-83df-6869c87f60be/datanode-1/data/containers/hdds to VolumeSet
2019-10-08 10:57:42,608 [main] INFO  volume.ThrottledAsyncChecker (ThrottledAsyncChecker.java:schedule(139)) - Scheduling a check for org.apache.hadoop.ozone.container.common.volume.HddsVolume@43d76a92
2019-10-08 10:57:42,609 [main] INFO  volume.HddsVolumeChecker (HddsVolumeChecker.java:checkAllVolumes(202)) - Scheduled health check for volume org.apache.hadoop.ozone.container.common.volume.HddsVolume@43d76a92
2019-10-08 10:57:42,632 [main] INFO  impl.RaftServerProxy (ConfUtils.java:logGet(43)) - raft.rpc.type = GRPC (default)
2019-10-08 10:57:42,632 [main] INFO  grpc.GrpcFactory (GrpcFactory.java:checkPooledByteBufAllocatorUseCacheForAllThreads(45)) - PERFORMANCE WARNING: useCacheForAllThreads is true that may cause Netty to create a lot garbage objects and, as a result, trigger GC.
	It is recommended to disable useCacheForAllThreads by setting -Dorg.apache.ratis.thirdparty.io.netty.allocator.useCacheForAllThreads=false in command line.
2019-10-08 10:57:42,633 [main] INFO  grpc.GrpcConfigKeys$Server (ConfUtils.java:logGet(43)) - raft.grpc.server.port = 0 (default)
2019-10-08 10:57:42,633 [main] INFO  server.GrpcService (ConfUtils.java:logGet(43)) - raft.grpc.message.size.max = 33570816 (custom)
2019-10-08 10:57:42,633 [main] INFO  server.RaftServerConfigKeys (ConfUtils.java:logGet(43)) - raft.server.log.appender.buffer.byte-limit = 33554432 (custom)
2019-10-08 10:57:42,634 [main] INFO  server.GrpcService (ConfUtils.java:logGet(43)) - raft.grpc.flow.control.window = 1MB (=1048576) (default)
2019-10-08 10:57:42,634 [main] INFO  server.RaftServerConfigKeys (ConfUtils.java:logGet(43)) - raft.server.rpc.request.timeout = 3000ms (default)
2019-10-08 10:57:42,635 [main] INFO  server.RaftServerConfigKeys (ConfUtils.java:logGet(43)) - raft.server.storage.dir = [/workdir/hadoop-ozone/integration-test/target/test-dir/MiniOzoneClusterImpl-36a35b56-4904-4029-83df-6869c87f60be/datanode-1/data/ratis] (custom)
2019-10-08 10:57:42,637 [main] INFO  hdfs.DFSUtil (DFSUtil.java:httpServerTemplateForNNAndJN(1641)) - Starting Web-server for hddsDatanode at: http://0.0.0.0:0
2019-10-08 10:57:42,639 [main] INFO  server.AuthenticationFilter (AuthenticationFilter.java:constructSecretProvider(240)) - Unable to initialize FileSignerSecretProvider, falling back to use random secrets.
2019-10-08 10:57:42,640 [main] WARN  http.HttpRequestLog (HttpRequestLog.java:getRequestLog(97)) - Jetty request log can only be enabled using Log4j
2019-10-08 10:57:42,642 [main] INFO  http.HttpServer2 (HttpServer2.java:addGlobalFilter(975)) - Added global filter 'safety' (class=org.apache.hadoop.http.HttpServer2$QuotingInputFilter)
2019-10-08 10:57:42,643 [main] INFO  http.HttpServer2 (HttpServer2.java:addFilter(948)) - Added filter static_user_filter (class=org.apache.hadoop.http.lib.StaticUserWebFilter$StaticUserFilter) to context hddsDatanode
2019-10-08 10:57:42,643 [main] INFO  http.HttpServer2 (HttpServer2.java:addFilter(958)) - Added filter static_user_filter (class=org.apache.hadoop.http.lib.StaticUserWebFilter$StaticUserFilter) to context static
2019-10-08 10:57:42,644 [main] INFO  http.HttpServer2 (HttpServer2.java:addFilter(958)) - Added filter static_user_filter (class=org.apache.hadoop.http.lib.StaticUserWebFilter$StaticUserFilter) to context logs
2019-10-08 10:57:42,645 [main] INFO  http.HttpServer2 (HttpServer2.java:bindListener(1191)) - Jetty bound to port 42044
2019-10-08 10:57:42,645 [main] INFO  server.Server (Server.java:doStart(351)) - jetty-9.3.25.v20180904, build timestamp: 2018-09-04T21:11:46Z, git hash: 3ce520221d0240229c862b122d2b06c12a625732
2019-10-08 10:57:42,647 [main] INFO  handler.ContextHandler (ContextHandler.java:doStart(781)) - Started o.e.j.s.ServletContextHandler@7da1e005{/logs,file:///workdir/hadoop-ozone/integration-test/target/log,AVAILABLE}
2019-10-08 10:57:42,648 [main] INFO  handler.ContextHandler (ContextHandler.java:doStart(781)) - Started o.e.j.s.ServletContextHandler@55877274{/static,jar:file:/home/user/.m2/repository/org/apache/hadoop/hadoop-hdds-container-service/0.5.0-SNAPSHOT/hadoop-hdds-container-service-0.5.0-SNAPSHOT.jar!/webapps/static,AVAILABLE}
2019-10-08 10:57:42,685 [main] INFO  handler.ContextHandler (ContextHandler.java:doStart(781)) - Started o.e.j.w.WebAppContext@51888019{/,file:///tmp/jetty-0.0.0.0-42044-hddsDatanode-_-any-2029365396903498714.dir/webapp/,AVAILABLE}{/hddsDatanode}
2019-10-08 10:57:42,685 [main] INFO  server.AbstractConnector (AbstractConnector.java:doStart(278)) - Started ServerConnector@6f50d55c{HTTP/1.1,[http/1.1]}{0.0.0.0:42044}
2019-10-08 10:57:42,687 [main] INFO  server.Server (Server.java:doStart(419)) - Started @214893ms
2019-10-08 10:57:42,687 [main] WARN  impl.MetricsSystemImpl (MetricsSystemImpl.java:register(276)) - Sink prometheus already exists!
2019-10-08 10:57:42,688 [main] INFO  server.BaseHttpServer (BaseHttpServer.java:updateConnectorAddress(215)) - HTTP server of HDDSDATANODE is listening at http://0.0.0.0:42044
2019-10-08 10:57:42,688 [main] INFO  impl.MetricsSystemImpl (MetricsSystemImpl.java:init(158)) - HddsDatanode metrics system started (again)
2019-10-08 10:57:42,692 [org.apache.hadoop.util.JvmPauseMonitor$Monitor@4b808745] INFO  util.JvmPauseMonitor (JvmPauseMonitor.java:run(188)) - Starting JVM pause monitor
2019-10-08 10:57:42,692 [main] INFO  ozone.HddsDatanodeService (HddsDatanodeService.java:start(184)) - HddsDatanodeService host:pr-hdds-2196-cli-protobuf-v467f-1934461745 ip:192.168.30.18
2019-10-08 10:57:42,693 [Datanode State Machine Thread - 0] INFO  datanode.InitDatanodeState (InitDatanodeState.java:persistContainerDatanodeDetails(140)) - DatanodeDetails is persisted to /workdir/hadoop-ozone/integration-test/target/test-dir/MiniOzoneClusterImpl-36a35b56-4904-4029-83df-6869c87f60be/datanode-1/meta/datanode.id
2019-10-08 10:57:42,698 [main] INFO  volume.HddsVolume (HddsVolume.java:<init>(176)) - Creating Volume: /workdir/hadoop-ozone/integration-test/target/test-dir/MiniOzoneClusterImpl-36a35b56-4904-4029-83df-6869c87f60be/datanode-2/data/containers/hdds of  storage type : DISK and capacity : 1482555576320
2019-10-08 10:57:42,698 [main] INFO  volume.VolumeSet (VolumeSet.java:initializeVolumeSet(170)) - Added Volume : /workdir/hadoop-ozone/integration-test/target/test-dir/MiniOzoneClusterImpl-36a35b56-4904-4029-83df-6869c87f60be/datanode-2/data/containers/hdds to VolumeSet
2019-10-08 10:57:42,698 [main] INFO  volume.ThrottledAsyncChecker (ThrottledAsyncChecker.java:schedule(139)) - Scheduling a check for org.apache.hadoop.ozone.container.common.volume.HddsVolume@33e4b9c4
2019-10-08 10:57:42,698 [main] INFO  volume.HddsVolumeChecker (HddsVolumeChecker.java:checkAllVolumes(202)) - Scheduled health check for volume org.apache.hadoop.ozone.container.common.volume.HddsVolume@33e4b9c4
2019-10-08 10:57:42,711 [main] INFO  impl.RaftServerProxy (ConfUtils.java:logGet(43)) - raft.rpc.type = GRPC (default)
2019-10-08 10:57:42,712 [main] INFO  grpc.GrpcFactory (GrpcFactory.java:checkPooledByteBufAllocatorUseCacheForAllThreads(45)) - PERFORMANCE WARNING: useCacheForAllThreads is true that may cause Netty to create a lot garbage objects and, as a result, trigger GC.
	It is recommended to disable useCacheForAllThreads by setting -Dorg.apache.ratis.thirdparty.io.netty.allocator.useCacheForAllThreads=false in command line.
2019-10-08 10:57:42,712 [main] INFO  grpc.GrpcConfigKeys$Server (ConfUtils.java:logGet(43)) - raft.grpc.server.port = 0 (default)
2019-10-08 10:57:42,712 [main] INFO  server.GrpcService (ConfUtils.java:logGet(43)) - raft.grpc.message.size.max = 33570816 (custom)
2019-10-08 10:57:42,712 [main] INFO  server.RaftServerConfigKeys (ConfUtils.java:logGet(43)) - raft.server.log.appender.buffer.byte-limit = 33554432 (custom)
2019-10-08 10:57:42,712 [main] INFO  server.GrpcService (ConfUtils.java:logGet(43)) - raft.grpc.flow.control.window = 1MB (=1048576) (default)
2019-10-08 10:57:42,713 [main] INFO  server.RaftServerConfigKeys (ConfUtils.java:logGet(43)) - raft.server.rpc.request.timeout = 3000ms (default)
2019-10-08 10:57:42,713 [main] INFO  server.RaftServerConfigKeys (ConfUtils.java:logGet(43)) - raft.server.storage.dir = [/workdir/hadoop-ozone/integration-test/target/test-dir/MiniOzoneClusterImpl-36a35b56-4904-4029-83df-6869c87f60be/datanode-2/data/ratis] (custom)
2019-10-08 10:57:42,714 [main] INFO  hdfs.DFSUtil (DFSUtil.java:httpServerTemplateForNNAndJN(1641)) - Starting Web-server for hddsDatanode at: http://0.0.0.0:0
2019-10-08 10:57:42,715 [main] INFO  server.AuthenticationFilter (AuthenticationFilter.java:constructSecretProvider(240)) - Unable to initialize FileSignerSecretProvider, falling back to use random secrets.
2019-10-08 10:57:42,716 [main] WARN  http.HttpRequestLog (HttpRequestLog.java:getRequestLog(97)) - Jetty request log can only be enabled using Log4j
2019-10-08 10:57:42,717 [main] INFO  http.HttpServer2 (HttpServer2.java:addGlobalFilter(975)) - Added global filter 'safety' (class=org.apache.hadoop.http.HttpServer2$QuotingInputFilter)
2019-10-08 10:57:42,717 [main] INFO  http.HttpServer2 (HttpServer2.java:addFilter(948)) - Added filter static_user_filter (class=org.apache.hadoop.http.lib.StaticUserWebFilter$StaticUserFilter) to context hddsDatanode
2019-10-08 10:57:42,718 [main] INFO  http.HttpServer2 (HttpServer2.java:addFilter(958)) - Added filter static_user_filter (class=org.apache.hadoop.http.lib.StaticUserWebFilter$StaticUserFilter) to context logs
2019-10-08 10:57:42,718 [main] INFO  http.HttpServer2 (HttpServer2.java:addFilter(958)) - Added filter static_user_filter (class=org.apache.hadoop.http.lib.StaticUserWebFilter$StaticUserFilter) to context static
2019-10-08 10:57:42,718 [main] INFO  http.HttpServer2 (HttpServer2.java:bindListener(1191)) - Jetty bound to port 45338
2019-10-08 10:57:42,718 [main] INFO  server.Server (Server.java:doStart(351)) - jetty-9.3.25.v20180904, build timestamp: 2018-09-04T21:11:46Z, git hash: 3ce520221d0240229c862b122d2b06c12a625732
2019-10-08 10:57:42,720 [main] INFO  handler.ContextHandler (ContextHandler.java:doStart(781)) - Started o.e.j.s.ServletContextHandler@3a3f96ab{/logs,file:///workdir/hadoop-ozone/integration-test/target/log,AVAILABLE}
2019-10-08 10:57:42,720 [main] INFO  handler.ContextHandler (ContextHandler.java:doStart(781)) - Started o.e.j.s.ServletContextHandler@43c7fe8a{/static,jar:file:/home/user/.m2/repository/org/apache/hadoop/hadoop-hdds-container-service/0.5.0-SNAPSHOT/hadoop-hdds-container-service-0.5.0-SNAPSHOT.jar!/webapps/static,AVAILABLE}
2019-10-08 10:57:42,748 [main] INFO  handler.ContextHandler (ContextHandler.java:doStart(781)) - Started o.e.j.w.WebAppContext@5b48f0f4{/,file:///tmp/jetty-0.0.0.0-45338-hddsDatanode-_-any-373266172899836446.dir/webapp/,AVAILABLE}{/hddsDatanode}
2019-10-08 10:57:42,749 [main] INFO  server.AbstractConnector (AbstractConnector.java:doStart(278)) - Started ServerConnector@546ed2a0{HTTP/1.1,[http/1.1]}{0.0.0.0:45338}
2019-10-08 10:57:42,751 [main] INFO  server.Server (Server.java:doStart(419)) - Started @214956ms
2019-10-08 10:57:42,751 [main] WARN  impl.MetricsSystemImpl (MetricsSystemImpl.java:register(276)) - Sink prometheus already exists!
2019-10-08 10:57:42,751 [main] INFO  server.BaseHttpServer (BaseHttpServer.java:updateConnectorAddress(215)) - HTTP server of HDDSDATANODE is listening at http://0.0.0.0:45338
2019-10-08 10:57:42,752 [main] INFO  impl.MetricsSystemImpl (MetricsSystemImpl.java:init(158)) - HddsDatanode metrics system started (again)
2019-10-08 10:57:42,756 [org.apache.hadoop.util.JvmPauseMonitor$Monitor@28054bac] INFO  util.JvmPauseMonitor (JvmPauseMonitor.java:run(188)) - Starting JVM pause monitor
2019-10-08 10:57:42,756 [main] INFO  ozone.HddsDatanodeService (HddsDatanodeService.java:start(184)) - HddsDatanodeService host:pr-hdds-2196-cli-protobuf-v467f-1934461745 ip:192.168.30.18
2019-10-08 10:57:42,757 [Datanode State Machine Thread - 0] INFO  datanode.InitDatanodeState (InitDatanodeState.java:persistContainerDatanodeDetails(140)) - DatanodeDetails is persisted to /workdir/hadoop-ozone/integration-test/target/test-dir/MiniOzoneClusterImpl-36a35b56-4904-4029-83df-6869c87f60be/datanode-2/meta/datanode.id
2019-10-08 10:57:42,762 [main] INFO  volume.HddsVolume (HddsVolume.java:<init>(176)) - Creating Volume: /workdir/hadoop-ozone/integration-test/target/test-dir/MiniOzoneClusterImpl-36a35b56-4904-4029-83df-6869c87f60be/datanode-3/data/containers/hdds of  storage type : DISK and capacity : 1482555576320
2019-10-08 10:57:42,762 [main] INFO  volume.VolumeSet (VolumeSet.java:initializeVolumeSet(170)) - Added Volume : /workdir/hadoop-ozone/integration-test/target/test-dir/MiniOzoneClusterImpl-36a35b56-4904-4029-83df-6869c87f60be/datanode-3/data/containers/hdds to VolumeSet
2019-10-08 10:57:42,762 [main] INFO  volume.ThrottledAsyncChecker (ThrottledAsyncChecker.java:schedule(139)) - Scheduling a check for org.apache.hadoop.ozone.container.common.volume.HddsVolume@595f9916
2019-10-08 10:57:42,763 [main] INFO  volume.HddsVolumeChecker (HddsVolumeChecker.java:checkAllVolumes(202)) - Scheduled health check for volume org.apache.hadoop.ozone.container.common.volume.HddsVolume@595f9916
2019-10-08 10:57:42,778 [main] INFO  impl.RaftServerProxy (ConfUtils.java:logGet(43)) - raft.rpc.type = GRPC (default)
2019-10-08 10:57:42,778 [main] INFO  grpc.GrpcFactory (GrpcFactory.java:checkPooledByteBufAllocatorUseCacheForAllThreads(45)) - PERFORMANCE WARNING: useCacheForAllThreads is true that may cause Netty to create a lot garbage objects and, as a result, trigger GC.
	It is recommended to disable useCacheForAllThreads by setting -Dorg.apache.ratis.thirdparty.io.netty.allocator.useCacheForAllThreads=false in command line.
2019-10-08 10:57:42,778 [main] INFO  grpc.GrpcConfigKeys$Server (ConfUtils.java:logGet(43)) - raft.grpc.server.port = 0 (default)
2019-10-08 10:57:42,779 [main] INFO  server.GrpcService (ConfUtils.java:logGet(43)) - raft.grpc.message.size.max = 33570816 (custom)
2019-10-08 10:57:42,779 [main] INFO  server.RaftServerConfigKeys (ConfUtils.java:logGet(43)) - raft.server.log.appender.buffer.byte-limit = 33554432 (custom)
2019-10-08 10:57:42,779 [main] INFO  server.GrpcService (ConfUtils.java:logGet(43)) - raft.grpc.flow.control.window = 1MB (=1048576) (default)
2019-10-08 10:57:42,779 [main] INFO  server.RaftServerConfigKeys (ConfUtils.java:logGet(43)) - raft.server.rpc.request.timeout = 3000ms (default)
2019-10-08 10:57:42,780 [main] INFO  server.RaftServerConfigKeys (ConfUtils.java:logGet(43)) - raft.server.storage.dir = [/workdir/hadoop-ozone/integration-test/target/test-dir/MiniOzoneClusterImpl-36a35b56-4904-4029-83df-6869c87f60be/datanode-3/data/ratis] (custom)
2019-10-08 10:57:42,781 [main] INFO  hdfs.DFSUtil (DFSUtil.java:httpServerTemplateForNNAndJN(1641)) - Starting Web-server for hddsDatanode at: http://0.0.0.0:0
2019-10-08 10:57:42,782 [main] INFO  server.AuthenticationFilter (AuthenticationFilter.java:constructSecretProvider(240)) - Unable to initialize FileSignerSecretProvider, falling back to use random secrets.
2019-10-08 10:57:42,783 [main] WARN  http.HttpRequestLog (HttpRequestLog.java:getRequestLog(97)) - Jetty request log can only be enabled using Log4j
2019-10-08 10:57:42,784 [main] INFO  http.HttpServer2 (HttpServer2.java:addGlobalFilter(975)) - Added global filter 'safety' (class=org.apache.hadoop.http.HttpServer2$QuotingInputFilter)
2019-10-08 10:57:42,784 [main] INFO  http.HttpServer2 (HttpServer2.java:addFilter(948)) - Added filter static_user_filter (class=org.apache.hadoop.http.lib.StaticUserWebFilter$StaticUserFilter) to context hddsDatanode
2019-10-08 10:57:42,784 [main] INFO  http.HttpServer2 (HttpServer2.java:addFilter(958)) - Added filter static_user_filter (class=org.apache.hadoop.http.lib.StaticUserWebFilter$StaticUserFilter) to context logs
2019-10-08 10:57:42,785 [main] INFO  http.HttpServer2 (HttpServer2.java:addFilter(958)) - Added filter static_user_filter (class=org.apache.hadoop.http.lib.StaticUserWebFilter$StaticUserFilter) to context static
2019-10-08 10:57:42,785 [main] INFO  http.HttpServer2 (HttpServer2.java:bindListener(1191)) - Jetty bound to port 44457
2019-10-08 10:57:42,785 [main] INFO  server.Server (Server.java:doStart(351)) - jetty-9.3.25.v20180904, build timestamp: 2018-09-04T21:11:46Z, git hash: 3ce520221d0240229c862b122d2b06c12a625732
2019-10-08 10:57:42,787 [main] INFO  handler.ContextHandler (ContextHandler.java:doStart(781)) - Started o.e.j.s.ServletContextHandler@52ba685a{/logs,file:///workdir/hadoop-ozone/integration-test/target/log,AVAILABLE}
2019-10-08 10:57:42,787 [main] INFO  handler.ContextHandler (ContextHandler.java:doStart(781)) - Started o.e.j.s.ServletContextHandler@71d55b7e{/static,jar:file:/home/user/.m2/repository/org/apache/hadoop/hadoop-hdds-container-service/0.5.0-SNAPSHOT/hadoop-hdds-container-service-0.5.0-SNAPSHOT.jar!/webapps/static,AVAILABLE}
2019-10-08 10:57:42,815 [main] INFO  handler.ContextHandler (ContextHandler.java:doStart(781)) - Started o.e.j.w.WebAppContext@6842c101{/,file:///tmp/jetty-0.0.0.0-44457-hddsDatanode-_-any-8625628011365840711.dir/webapp/,AVAILABLE}{/hddsDatanode}
2019-10-08 10:57:42,816 [main] INFO  server.AbstractConnector (AbstractConnector.java:doStart(278)) - Started ServerConnector@234cd86c{HTTP/1.1,[http/1.1]}{0.0.0.0:44457}
2019-10-08 10:57:42,818 [main] INFO  server.Server (Server.java:doStart(419)) - Started @215023ms
2019-10-08 10:57:42,818 [main] WARN  impl.MetricsSystemImpl (MetricsSystemImpl.java:register(276)) - Sink prometheus already exists!
2019-10-08 10:57:42,818 [main] INFO  server.BaseHttpServer (BaseHttpServer.java:updateConnectorAddress(215)) - HTTP server of HDDSDATANODE is listening at http://0.0.0.0:44457
2019-10-08 10:57:42,819 [main] INFO  impl.MetricsSystemImpl (MetricsSystemImpl.java:init(158)) - HddsDatanode metrics system started (again)
2019-10-08 10:57:42,823 [org.apache.hadoop.util.JvmPauseMonitor$Monitor@521b38ce] INFO  util.JvmPauseMonitor (JvmPauseMonitor.java:run(188)) - Starting JVM pause monitor
2019-10-08 10:57:42,824 [main] INFO  ozone.HddsDatanodeService (HddsDatanodeService.java:start(184)) - HddsDatanodeService host:pr-hdds-2196-cli-protobuf-v467f-1934461745 ip:192.168.30.18
2019-10-08 10:57:42,825 [Datanode State Machine Thread - 0] INFO  datanode.InitDatanodeState (InitDatanodeState.java:persistContainerDatanodeDetails(140)) - DatanodeDetails is persisted to /workdir/hadoop-ozone/integration-test/target/test-dir/MiniOzoneClusterImpl-36a35b56-4904-4029-83df-6869c87f60be/datanode-3/meta/datanode.id
2019-10-08 10:57:42,831 [main] INFO  volume.HddsVolume (HddsVolume.java:<init>(176)) - Creating Volume: /workdir/hadoop-ozone/integration-test/target/test-dir/MiniOzoneClusterImpl-36a35b56-4904-4029-83df-6869c87f60be/datanode-4/data/containers/hdds of  storage type : DISK and capacity : 1482555576320
2019-10-08 10:57:42,832 [main] INFO  volume.VolumeSet (VolumeSet.java:initializeVolumeSet(170)) - Added Volume : /workdir/hadoop-ozone/integration-test/target/test-dir/MiniOzoneClusterImpl-36a35b56-4904-4029-83df-6869c87f60be/datanode-4/data/containers/hdds to VolumeSet
2019-10-08 10:57:42,832 [main] INFO  volume.ThrottledAsyncChecker (ThrottledAsyncChecker.java:schedule(139)) - Scheduling a check for org.apache.hadoop.ozone.container.common.volume.HddsVolume@69a5c6be
2019-10-08 10:57:42,833 [main] INFO  volume.HddsVolumeChecker (HddsVolumeChecker.java:checkAllVolumes(202)) - Scheduled health check for volume org.apache.hadoop.ozone.container.common.volume.HddsVolume@69a5c6be
2019-10-08 10:57:42,853 [main] INFO  impl.RaftServerProxy (ConfUtils.java:logGet(43)) - raft.rpc.type = GRPC (default)
2019-10-08 10:57:42,853 [main] INFO  grpc.GrpcFactory (GrpcFactory.java:checkPooledByteBufAllocatorUseCacheForAllThreads(45)) - PERFORMANCE WARNING: useCacheForAllThreads is true that may cause Netty to create a lot garbage objects and, as a result, trigger GC.
	It is recommended to disable useCacheForAllThreads by setting -Dorg.apache.ratis.thirdparty.io.netty.allocator.useCacheForAllThreads=false in command line.
2019-10-08 10:57:42,853 [main] INFO  grpc.GrpcConfigKeys$Server (ConfUtils.java:logGet(43)) - raft.grpc.server.port = 0 (default)
2019-10-08 10:57:42,854 [main] INFO  server.GrpcService (ConfUtils.java:logGet(43)) - raft.grpc.message.size.max = 33570816 (custom)
2019-10-08 10:57:42,854 [main] INFO  server.RaftServerConfigKeys (ConfUtils.java:logGet(43)) - raft.server.log.appender.buffer.byte-limit = 33554432 (custom)
2019-10-08 10:57:42,854 [main] INFO  server.GrpcService (ConfUtils.java:logGet(43)) - raft.grpc.flow.control.window = 1MB (=1048576) (default)
2019-10-08 10:57:42,854 [main] INFO  server.RaftServerConfigKeys (ConfUtils.java:logGet(43)) - raft.server.rpc.request.timeout = 3000ms (default)
2019-10-08 10:57:42,855 [main] INFO  server.RaftServerConfigKeys (ConfUtils.java:logGet(43)) - raft.server.storage.dir = [/workdir/hadoop-ozone/integration-test/target/test-dir/MiniOzoneClusterImpl-36a35b56-4904-4029-83df-6869c87f60be/datanode-4/data/ratis] (custom)
2019-10-08 10:57:42,856 [main] INFO  hdfs.DFSUtil (DFSUtil.java:httpServerTemplateForNNAndJN(1641)) - Starting Web-server for hddsDatanode at: http://0.0.0.0:0
2019-10-08 10:57:42,858 [main] INFO  server.AuthenticationFilter (AuthenticationFilter.java:constructSecretProvider(240)) - Unable to initialize FileSignerSecretProvider, falling back to use random secrets.
2019-10-08 10:57:42,858 [main] WARN  http.HttpRequestLog (HttpRequestLog.java:getRequestLog(97)) - Jetty request log can only be enabled using Log4j
2019-10-08 10:57:42,860 [main] INFO  http.HttpServer2 (HttpServer2.java:addGlobalFilter(975)) - Added global filter 'safety' (class=org.apache.hadoop.http.HttpServer2$QuotingInputFilter)
2019-10-08 10:57:42,861 [main] INFO  http.HttpServer2 (HttpServer2.java:addFilter(948)) - Added filter static_user_filter (class=org.apache.hadoop.http.lib.StaticUserWebFilter$StaticUserFilter) to context hddsDatanode
2019-10-08 10:57:42,861 [main] INFO  http.HttpServer2 (HttpServer2.java:addFilter(958)) - Added filter static_user_filter (class=org.apache.hadoop.http.lib.StaticUserWebFilter$StaticUserFilter) to context static
2019-10-08 10:57:42,861 [main] INFO  http.HttpServer2 (HttpServer2.java:addFilter(958)) - Added filter static_user_filter (class=org.apache.hadoop.http.lib.StaticUserWebFilter$StaticUserFilter) to context logs
2019-10-08 10:57:42,862 [main] INFO  http.HttpServer2 (HttpServer2.java:bindListener(1191)) - Jetty bound to port 39762
2019-10-08 10:57:42,862 [main] INFO  server.Server (Server.java:doStart(351)) - jetty-9.3.25.v20180904, build timestamp: 2018-09-04T21:11:46Z, git hash: 3ce520221d0240229c862b122d2b06c12a625732
2019-10-08 10:57:42,864 [main] INFO  handler.ContextHandler (ContextHandler.java:doStart(781)) - Started o.e.j.s.ServletContextHandler@64279ab{/logs,file:///workdir/hadoop-ozone/integration-test/target/log,AVAILABLE}
2019-10-08 10:57:42,864 [main] INFO  handler.ContextHandler (ContextHandler.java:doStart(781)) - Started o.e.j.s.ServletContextHandler@74a820bf{/static,jar:file:/home/user/.m2/repository/org/apache/hadoop/hadoop-hdds-container-service/0.5.0-SNAPSHOT/hadoop-hdds-container-service-0.5.0-SNAPSHOT.jar!/webapps/static,AVAILABLE}
2019-10-08 10:57:42,893 [main] INFO  handler.ContextHandler (ContextHandler.java:doStart(781)) - Started o.e.j.w.WebAppContext@2365ea38{/,file:///tmp/jetty-0.0.0.0-39762-hddsDatanode-_-any-4927586282583276713.dir/webapp/,AVAILABLE}{/hddsDatanode}
2019-10-08 10:57:42,893 [main] INFO  server.AbstractConnector (AbstractConnector.java:doStart(278)) - Started ServerConnector@cbf1997{HTTP/1.1,[http/1.1]}{0.0.0.0:39762}
2019-10-08 10:57:42,895 [main] INFO  server.Server (Server.java:doStart(419)) - Started @215100ms
2019-10-08 10:57:42,895 [main] WARN  impl.MetricsSystemImpl (MetricsSystemImpl.java:register(276)) - Sink prometheus already exists!
2019-10-08 10:57:42,896 [main] INFO  server.BaseHttpServer (BaseHttpServer.java:updateConnectorAddress(215)) - HTTP server of HDDSDATANODE is listening at http://0.0.0.0:39762
2019-10-08 10:57:42,896 [main] INFO  impl.MetricsSystemImpl (MetricsSystemImpl.java:init(158)) - HddsDatanode metrics system started (again)
2019-10-08 10:57:42,901 [org.apache.hadoop.util.JvmPauseMonitor$Monitor@2447969] INFO  util.JvmPauseMonitor (JvmPauseMonitor.java:run(188)) - Starting JVM pause monitor
2019-10-08 10:57:42,902 [main] INFO  ozone.HddsDatanodeService (HddsDatanodeService.java:start(184)) - HddsDatanodeService host:pr-hdds-2196-cli-protobuf-v467f-1934461745 ip:192.168.30.18
2019-10-08 10:57:42,902 [Datanode State Machine Thread - 0] INFO  datanode.InitDatanodeState (InitDatanodeState.java:persistContainerDatanodeDetails(140)) - DatanodeDetails is persisted to /workdir/hadoop-ozone/integration-test/target/test-dir/MiniOzoneClusterImpl-36a35b56-4904-4029-83df-6869c87f60be/datanode-4/meta/datanode.id
2019-10-08 10:57:42,908 [main] INFO  volume.HddsVolume (HddsVolume.java:<init>(176)) - Creating Volume: /workdir/hadoop-ozone/integration-test/target/test-dir/MiniOzoneClusterImpl-36a35b56-4904-4029-83df-6869c87f60be/datanode-5/data/containers/hdds of  storage type : DISK and capacity : 1482555576320
2019-10-08 10:57:42,909 [main] INFO  volume.VolumeSet (VolumeSet.java:initializeVolumeSet(170)) - Added Volume : /workdir/hadoop-ozone/integration-test/target/test-dir/MiniOzoneClusterImpl-36a35b56-4904-4029-83df-6869c87f60be/datanode-5/data/containers/hdds to VolumeSet
2019-10-08 10:57:42,909 [main] INFO  volume.ThrottledAsyncChecker (ThrottledAsyncChecker.java:schedule(139)) - Scheduling a check for org.apache.hadoop.ozone.container.common.volume.HddsVolume@a3cba3a
2019-10-08 10:57:42,909 [main] INFO  volume.HddsVolumeChecker (HddsVolumeChecker.java:checkAllVolumes(202)) - Scheduled health check for volume org.apache.hadoop.ozone.container.common.volume.HddsVolume@a3cba3a
2019-10-08 10:57:42,922 [main] INFO  impl.RaftServerProxy (ConfUtils.java:logGet(43)) - raft.rpc.type = GRPC (default)
2019-10-08 10:57:42,923 [main] INFO  grpc.GrpcFactory (GrpcFactory.java:checkPooledByteBufAllocatorUseCacheForAllThreads(45)) - PERFORMANCE WARNING: useCacheForAllThreads is true that may cause Netty to create a lot garbage objects and, as a result, trigger GC.
	It is recommended to disable useCacheForAllThreads by setting -Dorg.apache.ratis.thirdparty.io.netty.allocator.useCacheForAllThreads=false in command line.
2019-10-08 10:57:42,923 [main] INFO  grpc.GrpcConfigKeys$Server (ConfUtils.java:logGet(43)) - raft.grpc.server.port = 0 (default)
2019-10-08 10:57:42,923 [main] INFO  server.GrpcService (ConfUtils.java:logGet(43)) - raft.grpc.message.size.max = 33570816 (custom)
2019-10-08 10:57:42,923 [main] INFO  server.RaftServerConfigKeys (ConfUtils.java:logGet(43)) - raft.server.log.appender.buffer.byte-limit = 33554432 (custom)
2019-10-08 10:57:42,923 [main] INFO  server.GrpcService (ConfUtils.java:logGet(43)) - raft.grpc.flow.control.window = 1MB (=1048576) (default)
2019-10-08 10:57:42,923 [main] INFO  server.RaftServerConfigKeys (ConfUtils.java:logGet(43)) - raft.server.rpc.request.timeout = 3000ms (default)
2019-10-08 10:57:42,924 [main] INFO  server.RaftServerConfigKeys (ConfUtils.java:logGet(43)) - raft.server.storage.dir = [/workdir/hadoop-ozone/integration-test/target/test-dir/MiniOzoneClusterImpl-36a35b56-4904-4029-83df-6869c87f60be/datanode-5/data/ratis] (custom)
2019-10-08 10:57:42,925 [main] INFO  hdfs.DFSUtil (DFSUtil.java:httpServerTemplateForNNAndJN(1641)) - Starting Web-server for hddsDatanode at: http://0.0.0.0:0
2019-10-08 10:57:42,926 [main] INFO  server.AuthenticationFilter (AuthenticationFilter.java:constructSecretProvider(240)) - Unable to initialize FileSignerSecretProvider, falling back to use random secrets.
2019-10-08 10:57:42,926 [main] WARN  http.HttpRequestLog (HttpRequestLog.java:getRequestLog(97)) - Jetty request log can only be enabled using Log4j
2019-10-08 10:57:42,928 [main] INFO  http.HttpServer2 (HttpServer2.java:addGlobalFilter(975)) - Added global filter 'safety' (class=org.apache.hadoop.http.HttpServer2$QuotingInputFilter)
2019-10-08 10:57:42,928 [main] INFO  http.HttpServer2 (HttpServer2.java:addFilter(948)) - Added filter static_user_filter (class=org.apache.hadoop.http.lib.StaticUserWebFilter$StaticUserFilter) to context hddsDatanode
2019-10-08 10:57:42,928 [main] INFO  http.HttpServer2 (HttpServer2.java:addFilter(958)) - Added filter static_user_filter (class=org.apache.hadoop.http.lib.StaticUserWebFilter$StaticUserFilter) to context static
2019-10-08 10:57:42,929 [main] INFO  http.HttpServer2 (HttpServer2.java:addFilter(958)) - Added filter static_user_filter (class=org.apache.hadoop.http.lib.StaticUserWebFilter$StaticUserFilter) to context logs
2019-10-08 10:57:42,929 [main] INFO  http.HttpServer2 (HttpServer2.java:bindListener(1191)) - Jetty bound to port 39381
2019-10-08 10:57:42,929 [main] INFO  server.Server (Server.java:doStart(351)) - jetty-9.3.25.v20180904, build timestamp: 2018-09-04T21:11:46Z, git hash: 3ce520221d0240229c862b122d2b06c12a625732
2019-10-08 10:57:42,931 [main] INFO  handler.ContextHandler (ContextHandler.java:doStart(781)) - Started o.e.j.s.ServletContextHandler@10817f46{/logs,file:///workdir/hadoop-ozone/integration-test/target/log,AVAILABLE}
2019-10-08 10:57:42,931 [main] INFO  handler.ContextHandler (ContextHandler.java:doStart(781)) - Started o.e.j.s.ServletContextHandler@4a22e4d7{/static,jar:file:/home/user/.m2/repository/org/apache/hadoop/hadoop-hdds-container-service/0.5.0-SNAPSHOT/hadoop-hdds-container-service-0.5.0-SNAPSHOT.jar!/webapps/static,AVAILABLE}
2019-10-08 10:57:42,959 [main] INFO  handler.ContextHandler (ContextHandler.java:doStart(781)) - Started o.e.j.w.WebAppContext@7ceb6c45{/,file:///tmp/jetty-0.0.0.0-39381-hddsDatanode-_-any-8616700333525130314.dir/webapp/,AVAILABLE}{/hddsDatanode}
2019-10-08 10:57:42,960 [main] INFO  server.AbstractConnector (AbstractConnector.java:doStart(278)) - Started ServerConnector@629075f4{HTTP/1.1,[http/1.1]}{0.0.0.0:39381}
2019-10-08 10:57:42,962 [main] INFO  server.Server (Server.java:doStart(419)) - Started @215167ms
2019-10-08 10:57:42,962 [main] WARN  impl.MetricsSystemImpl (MetricsSystemImpl.java:register(276)) - Sink prometheus already exists!
2019-10-08 10:57:42,963 [main] INFO  server.BaseHttpServer (BaseHttpServer.java:updateConnectorAddress(215)) - HTTP server of HDDSDATANODE is listening at http://0.0.0.0:39381
2019-10-08 10:57:42,963 [main] INFO  impl.MetricsSystemImpl (MetricsSystemImpl.java:init(158)) - HddsDatanode metrics system started (again)
2019-10-08 10:57:42,968 [org.apache.hadoop.util.JvmPauseMonitor$Monitor@363b6fd] INFO  util.JvmPauseMonitor (JvmPauseMonitor.java:run(188)) - Starting JVM pause monitor
2019-10-08 10:57:42,969 [main] INFO  ozone.HddsDatanodeService (HddsDatanodeService.java:start(184)) - HddsDatanodeService host:pr-hdds-2196-cli-protobuf-v467f-1934461745 ip:192.168.30.18
2019-10-08 10:57:42,969 [Datanode State Machine Thread - 0] INFO  datanode.InitDatanodeState (InitDatanodeState.java:persistContainerDatanodeDetails(140)) - DatanodeDetails is persisted to /workdir/hadoop-ozone/integration-test/target/test-dir/MiniOzoneClusterImpl-36a35b56-4904-4029-83df-6869c87f60be/datanode-5/meta/datanode.id
2019-10-08 10:57:42,976 [main] INFO  volume.HddsVolume (HddsVolume.java:<init>(176)) - Creating Volume: /workdir/hadoop-ozone/integration-test/target/test-dir/MiniOzoneClusterImpl-36a35b56-4904-4029-83df-6869c87f60be/datanode-6/data/containers/hdds of  storage type : DISK and capacity : 1482555576320
2019-10-08 10:57:42,976 [main] INFO  volume.VolumeSet (VolumeSet.java:initializeVolumeSet(170)) - Added Volume : /workdir/hadoop-ozone/integration-test/target/test-dir/MiniOzoneClusterImpl-36a35b56-4904-4029-83df-6869c87f60be/datanode-6/data/containers/hdds to VolumeSet
2019-10-08 10:57:42,976 [main] INFO  volume.ThrottledAsyncChecker (ThrottledAsyncChecker.java:schedule(139)) - Scheduling a check for org.apache.hadoop.ozone.container.common.volume.HddsVolume@1c3b6963
2019-10-08 10:57:42,976 [main] INFO  volume.HddsVolumeChecker (HddsVolumeChecker.java:checkAllVolumes(202)) - Scheduled health check for volume org.apache.hadoop.ozone.container.common.volume.HddsVolume@1c3b6963
2019-10-08 10:57:42,990 [main] INFO  impl.RaftServerProxy (ConfUtils.java:logGet(43)) - raft.rpc.type = GRPC (default)
2019-10-08 10:57:42,990 [main] INFO  grpc.GrpcFactory (GrpcFactory.java:checkPooledByteBufAllocatorUseCacheForAllThreads(45)) - PERFORMANCE WARNING: useCacheForAllThreads is true that may cause Netty to create a lot garbage objects and, as a result, trigger GC.
	It is recommended to disable useCacheForAllThreads by setting -Dorg.apache.ratis.thirdparty.io.netty.allocator.useCacheForAllThreads=false in command line.
2019-10-08 10:57:42,990 [main] INFO  grpc.GrpcConfigKeys$Server (ConfUtils.java:logGet(43)) - raft.grpc.server.port = 0 (default)
2019-10-08 10:57:42,991 [main] INFO  server.GrpcService (ConfUtils.java:logGet(43)) - raft.grpc.message.size.max = 33570816 (custom)
2019-10-08 10:57:42,991 [main] INFO  server.RaftServerConfigKeys (ConfUtils.java:logGet(43)) - raft.server.log.appender.buffer.byte-limit = 33554432 (custom)
2019-10-08 10:57:42,991 [main] INFO  server.GrpcService (ConfUtils.java:logGet(43)) - raft.grpc.flow.control.window = 1MB (=1048576) (default)
2019-10-08 10:57:42,991 [main] INFO  server.RaftServerConfigKeys (ConfUtils.java:logGet(43)) - raft.server.rpc.request.timeout = 3000ms (default)
2019-10-08 10:57:42,992 [main] INFO  server.RaftServerConfigKeys (ConfUtils.java:logGet(43)) - raft.server.storage.dir = [/workdir/hadoop-ozone/integration-test/target/test-dir/MiniOzoneClusterImpl-36a35b56-4904-4029-83df-6869c87f60be/datanode-6/data/ratis] (custom)
2019-10-08 10:57:42,993 [main] INFO  hdfs.DFSUtil (DFSUtil.java:httpServerTemplateForNNAndJN(1641)) - Starting Web-server for hddsDatanode at: http://0.0.0.0:0
2019-10-08 10:57:42,994 [main] INFO  server.AuthenticationFilter (AuthenticationFilter.java:constructSecretProvider(240)) - Unable to initialize FileSignerSecretProvider, falling back to use random secrets.
2019-10-08 10:57:42,994 [main] WARN  http.HttpRequestLog (HttpRequestLog.java:getRequestLog(97)) - Jetty request log can only be enabled using Log4j
2019-10-08 10:57:42,995 [main] INFO  http.HttpServer2 (HttpServer2.java:addGlobalFilter(975)) - Added global filter 'safety' (class=org.apache.hadoop.http.HttpServer2$QuotingInputFilter)
2019-10-08 10:57:42,996 [main] INFO  http.HttpServer2 (HttpServer2.java:addFilter(948)) - Added filter static_user_filter (class=org.apache.hadoop.http.lib.StaticUserWebFilter$StaticUserFilter) to context hddsDatanode
2019-10-08 10:57:42,996 [main] INFO  http.HttpServer2 (HttpServer2.java:addFilter(958)) - Added filter static_user_filter (class=org.apache.hadoop.http.lib.StaticUserWebFilter$StaticUserFilter) to context logs
2019-10-08 10:57:42,996 [main] INFO  http.HttpServer2 (HttpServer2.java:addFilter(958)) - Added filter static_user_filter (class=org.apache.hadoop.http.lib.StaticUserWebFilter$StaticUserFilter) to context static
2019-10-08 10:57:42,997 [main] INFO  http.HttpServer2 (HttpServer2.java:bindListener(1191)) - Jetty bound to port 46263
2019-10-08 10:57:42,997 [main] INFO  server.Server (Server.java:doStart(351)) - jetty-9.3.25.v20180904, build timestamp: 2018-09-04T21:11:46Z, git hash: 3ce520221d0240229c862b122d2b06c12a625732
2019-10-08 10:57:42,999 [main] INFO  handler.ContextHandler (ContextHandler.java:doStart(781)) - Started o.e.j.s.ServletContextHandler@755a7218{/logs,file:///workdir/hadoop-ozone/integration-test/target/log,AVAILABLE}
2019-10-08 10:57:42,999 [main] INFO  handler.ContextHandler (ContextHandler.java:doStart(781)) - Started o.e.j.s.ServletContextHandler@5122e4bf{/static,jar:file:/home/user/.m2/repository/org/apache/hadoop/hadoop-hdds-container-service/0.5.0-SNAPSHOT/hadoop-hdds-container-service-0.5.0-SNAPSHOT.jar!/webapps/static,AVAILABLE}
2019-10-08 10:57:43,027 [main] INFO  handler.ContextHandler (ContextHandler.java:doStart(781)) - Started o.e.j.w.WebAppContext@53ea380b{/,file:///tmp/jetty-0.0.0.0-46263-hddsDatanode-_-any-6308336586090330271.dir/webapp/,AVAILABLE}{/hddsDatanode}
2019-10-08 10:57:43,028 [main] INFO  server.AbstractConnector (AbstractConnector.java:doStart(278)) - Started ServerConnector@578c3fd9{HTTP/1.1,[http/1.1]}{0.0.0.0:46263}
2019-10-08 10:57:43,030 [main] INFO  server.Server (Server.java:doStart(419)) - Started @215235ms
2019-10-08 10:57:43,030 [main] WARN  impl.MetricsSystemImpl (MetricsSystemImpl.java:register(276)) - Sink prometheus already exists!
2019-10-08 10:57:43,031 [main] INFO  server.BaseHttpServer (BaseHttpServer.java:updateConnectorAddress(215)) - HTTP server of HDDSDATANODE is listening at http://0.0.0.0:46263
2019-10-08 10:57:43,031 [main] INFO  ozone.MiniOzoneClusterImpl (MiniOzoneClusterImpl.java:lambda$waitForClusterToBeReady$0(147)) - Waiting for cluster to be ready. Got 0 of 7 DN Heartbeats.
2019-10-08 10:57:43,032 [org.apache.hadoop.util.JvmPauseMonitor$Monitor@74608180] INFO  util.JvmPauseMonitor (JvmPauseMonitor.java:run(188)) - Starting JVM pause monitor
2019-10-08 10:57:43,033 [Datanode State Machine Thread - 0] INFO  datanode.InitDatanodeState (InitDatanodeState.java:persistContainerDatanodeDetails(140)) - DatanodeDetails is persisted to /workdir/hadoop-ozone/integration-test/target/test-dir/MiniOzoneClusterImpl-36a35b56-4904-4029-83df-6869c87f60be/datanode-6/meta/datanode.id
2019-10-08 10:57:44,031 [main] INFO  ozone.MiniOzoneClusterImpl (MiniOzoneClusterImpl.java:lambda$waitForClusterToBeReady$0(147)) - Waiting for cluster to be ready. Got 0 of 7 DN Heartbeats.
2019-10-08 10:57:44,735 [Datanode State Machine Thread - 0] INFO  ozoneimpl.OzoneContainer (OzoneContainer.java:start(217)) - Attempting to start container services.
2019-10-08 10:57:44,736 [Datanode State Machine Thread - 0] INFO  ozoneimpl.OzoneContainer (OzoneContainer.java:startContainerScrub(179)) - Background container scanner has been disabled.
2019-10-08 10:57:44,736 [Datanode State Machine Thread - 0] INFO  ratis.XceiverServerRatis (XceiverServerRatis.java:start(417)) - Starting XceiverServerRatis 61164b89-5d55-40a7-9283-a18b5a0496a0 at port 0
2019-10-08 10:57:44,743 [Datanode State Machine Thread - 0] INFO  impl.RaftServerProxy (RaftServerProxy.java:lambda$start$3(299)) - 61164b89-5d55-40a7-9283-a18b5a0496a0: start RPC server
2019-10-08 10:57:44,746 [Datanode State Machine Thread - 0] INFO  server.GrpcService (GrpcService.java:startImpl(158)) - 61164b89-5d55-40a7-9283-a18b5a0496a0: GrpcService started, listening on 0.0.0.0/0.0.0.0:35012
2019-10-08 10:57:44,746 [Datanode State Machine Thread - 0] INFO  ratis.XceiverServerRatis (XceiverServerRatis.java:start(427)) - XceiverServerRatis 61164b89-5d55-40a7-9283-a18b5a0496a0 is started using port 35012
2019-10-08 10:57:44,749 [Datanode State Machine Thread - 0] INFO  server.XceiverServerGrpc (XceiverServerGrpc.java:start(149)) - XceiverServerGrpc 61164b89-5d55-40a7-9283-a18b5a0496a0 is started using port 37373
2019-10-08 10:57:44,774 [Datanode State Machine Thread - 0] INFO  ozoneimpl.OzoneContainer (OzoneContainer.java:start(217)) - Attempting to start container services.
2019-10-08 10:57:44,774 [Datanode State Machine Thread - 0] INFO  ozoneimpl.OzoneContainer (OzoneContainer.java:startContainerScrub(179)) - Background container scanner has been disabled.
2019-10-08 10:57:44,774 [Datanode State Machine Thread - 0] INFO  ratis.XceiverServerRatis (XceiverServerRatis.java:start(417)) - Starting XceiverServerRatis c3b684e3-f66c-40af-8e69-95bf22e9e7fb at port 0
2019-10-08 10:57:44,775 [Datanode State Machine Thread - 0] INFO  ozoneimpl.OzoneContainer (OzoneContainer.java:start(217)) - Attempting to start container services.
2019-10-08 10:57:44,775 [Datanode State Machine Thread - 0] INFO  ozoneimpl.OzoneContainer (OzoneContainer.java:startContainerScrub(179)) - Background container scanner has been disabled.
2019-10-08 10:57:44,776 [Datanode State Machine Thread - 0] INFO  ratis.XceiverServerRatis (XceiverServerRatis.java:start(417)) - Starting XceiverServerRatis 828d5ca9-ddb7-4482-86ef-78aa46598911 at port 0
2019-10-08 10:57:44,784 [Datanode State Machine Thread - 0] INFO  impl.RaftServerProxy (RaftServerProxy.java:lambda$start$3(299)) - c3b684e3-f66c-40af-8e69-95bf22e9e7fb: start RPC server
2019-10-08 10:57:44,789 [Datanode State Machine Thread - 0] INFO  server.GrpcService (GrpcService.java:startImpl(158)) - c3b684e3-f66c-40af-8e69-95bf22e9e7fb: GrpcService started, listening on 0.0.0.0/0.0.0.0:39819
2019-10-08 10:57:44,789 [Datanode State Machine Thread - 0] INFO  ratis.XceiverServerRatis (XceiverServerRatis.java:start(427)) - XceiverServerRatis c3b684e3-f66c-40af-8e69-95bf22e9e7fb is started using port 39819
2019-10-08 10:57:44,802 [Datanode State Machine Thread - 0] INFO  server.XceiverServerGrpc (XceiverServerGrpc.java:start(149)) - XceiverServerGrpc c3b684e3-f66c-40af-8e69-95bf22e9e7fb is started using port 39751
2019-10-08 10:57:44,803 [Datanode State Machine Thread - 0] INFO  impl.RaftServerProxy (RaftServerProxy.java:lambda$start$3(299)) - 828d5ca9-ddb7-4482-86ef-78aa46598911: start RPC server
2019-10-08 10:57:44,809 [Datanode State Machine Thread - 0] INFO  server.GrpcService (GrpcService.java:startImpl(158)) - 828d5ca9-ddb7-4482-86ef-78aa46598911: GrpcService started, listening on 0.0.0.0/0.0.0.0:33402
2019-10-08 10:57:44,809 [Datanode State Machine Thread - 0] INFO  ratis.XceiverServerRatis (XceiverServerRatis.java:start(427)) - XceiverServerRatis 828d5ca9-ddb7-4482-86ef-78aa46598911 is started using port 33402
2019-10-08 10:57:44,810 [Datanode State Machine Thread - 0] INFO  server.XceiverServerGrpc (XceiverServerGrpc.java:start(149)) - XceiverServerGrpc 828d5ca9-ddb7-4482-86ef-78aa46598911 is started using port 45586
2019-10-08 10:57:44,865 [Datanode State Machine Thread - 0] INFO  ozoneimpl.OzoneContainer (OzoneContainer.java:start(217)) - Attempting to start container services.
2019-10-08 10:57:44,865 [Datanode State Machine Thread - 0] INFO  ozoneimpl.OzoneContainer (OzoneContainer.java:startContainerScrub(179)) - Background container scanner has been disabled.
2019-10-08 10:57:44,866 [Datanode State Machine Thread - 0] INFO  ratis.XceiverServerRatis (XceiverServerRatis.java:start(417)) - Starting XceiverServerRatis 865e2b69-9c7e-4aae-bb3d-c58a3c180f3d at port 0
2019-10-08 10:57:44,870 [Datanode State Machine Thread - 0] INFO  impl.RaftServerProxy (RaftServerProxy.java:lambda$start$3(299)) - 865e2b69-9c7e-4aae-bb3d-c58a3c180f3d: start RPC server
2019-10-08 10:57:44,871 [Datanode State Machine Thread - 0] INFO  server.GrpcService (GrpcService.java:startImpl(158)) - 865e2b69-9c7e-4aae-bb3d-c58a3c180f3d: GrpcService started, listening on 0.0.0.0/0.0.0.0:42611
2019-10-08 10:57:44,871 [Datanode State Machine Thread - 0] INFO  ratis.XceiverServerRatis (XceiverServerRatis.java:start(427)) - XceiverServerRatis 865e2b69-9c7e-4aae-bb3d-c58a3c180f3d is started using port 42611
2019-10-08 10:57:44,872 [Datanode State Machine Thread - 0] INFO  server.XceiverServerGrpc (XceiverServerGrpc.java:start(149)) - XceiverServerGrpc 865e2b69-9c7e-4aae-bb3d-c58a3c180f3d is started using port 44927
2019-10-08 10:57:44,943 [Datanode State Machine Thread - 0] INFO  ozoneimpl.OzoneContainer (OzoneContainer.java:start(217)) - Attempting to start container services.
2019-10-08 10:57:44,944 [Datanode State Machine Thread - 0] INFO  ozoneimpl.OzoneContainer (OzoneContainer.java:startContainerScrub(179)) - Background container scanner has been disabled.
2019-10-08 10:57:44,944 [Datanode State Machine Thread - 0] INFO  ratis.XceiverServerRatis (XceiverServerRatis.java:start(417)) - Starting XceiverServerRatis bbd5fcdc-1b0d-46c8-9116-4a6b00dcbf65 at port 0
2019-10-08 10:57:44,950 [Datanode State Machine Thread - 0] INFO  impl.RaftServerProxy (RaftServerProxy.java:lambda$start$3(299)) - bbd5fcdc-1b0d-46c8-9116-4a6b00dcbf65: start RPC server
2019-10-08 10:57:44,951 [Datanode State Machine Thread - 0] INFO  server.GrpcService (GrpcService.java:startImpl(158)) - bbd5fcdc-1b0d-46c8-9116-4a6b00dcbf65: GrpcService started, listening on 0.0.0.0/0.0.0.0:45344
2019-10-08 10:57:44,951 [Datanode State Machine Thread - 0] INFO  ratis.XceiverServerRatis (XceiverServerRatis.java:start(427)) - XceiverServerRatis bbd5fcdc-1b0d-46c8-9116-4a6b00dcbf65 is started using port 45344
2019-10-08 10:57:44,954 [Datanode State Machine Thread - 0] INFO  server.XceiverServerGrpc (XceiverServerGrpc.java:start(149)) - XceiverServerGrpc bbd5fcdc-1b0d-46c8-9116-4a6b00dcbf65 is started using port 41402
2019-10-08 10:57:45,011 [Datanode State Machine Thread - 0] INFO  ozoneimpl.OzoneContainer (OzoneContainer.java:start(217)) - Attempting to start container services.
2019-10-08 10:57:45,012 [Datanode State Machine Thread - 0] INFO  ozoneimpl.OzoneContainer (OzoneContainer.java:startContainerScrub(179)) - Background container scanner has been disabled.
2019-10-08 10:57:45,012 [Datanode State Machine Thread - 0] INFO  ratis.XceiverServerRatis (XceiverServerRatis.java:start(417)) - Starting XceiverServerRatis 1b9c3ea2-fbc7-4e63-b4cc-0fea4371ca50 at port 0
2019-10-08 10:57:45,019 [Datanode State Machine Thread - 0] INFO  impl.RaftServerProxy (RaftServerProxy.java:lambda$start$3(299)) - 1b9c3ea2-fbc7-4e63-b4cc-0fea4371ca50: start RPC server
2019-10-08 10:57:45,020 [Datanode State Machine Thread - 0] INFO  server.GrpcService (GrpcService.java:startImpl(158)) - 1b9c3ea2-fbc7-4e63-b4cc-0fea4371ca50: GrpcService started, listening on 0.0.0.0/0.0.0.0:32774
2019-10-08 10:57:45,020 [Datanode State Machine Thread - 0] INFO  ratis.XceiverServerRatis (XceiverServerRatis.java:start(427)) - XceiverServerRatis 1b9c3ea2-fbc7-4e63-b4cc-0fea4371ca50 is started using port 32774
2019-10-08 10:57:45,020 [Datanode State Machine Thread - 0] INFO  server.XceiverServerGrpc (XceiverServerGrpc.java:start(149)) - XceiverServerGrpc 1b9c3ea2-fbc7-4e63-b4cc-0fea4371ca50 is started using port 34880
2019-10-08 10:57:45,032 [main] INFO  ozone.MiniOzoneClusterImpl (MiniOzoneClusterImpl.java:lambda$waitForClusterToBeReady$0(147)) - Waiting for cluster to be ready. Got 0 of 7 DN Heartbeats.
2019-10-08 10:57:45,047 [Datanode State Machine Thread - 0] INFO  ozoneimpl.OzoneContainer (OzoneContainer.java:start(217)) - Attempting to start container services.
2019-10-08 10:57:45,048 [Datanode State Machine Thread - 0] INFO  ozoneimpl.OzoneContainer (OzoneContainer.java:startContainerScrub(179)) - Background container scanner has been disabled.
2019-10-08 10:57:45,048 [Datanode State Machine Thread - 0] INFO  ratis.XceiverServerRatis (XceiverServerRatis.java:start(417)) - Starting XceiverServerRatis 848c07e3-b2dc-40c0-917c-1104704f2010 at port 0
2019-10-08 10:57:45,055 [Datanode State Machine Thread - 0] INFO  impl.RaftServerProxy (RaftServerProxy.java:lambda$start$3(299)) - 848c07e3-b2dc-40c0-917c-1104704f2010: start RPC server
2019-10-08 10:57:45,055 [Datanode State Machine Thread - 0] INFO  server.GrpcService (GrpcService.java:startImpl(158)) - 848c07e3-b2dc-40c0-917c-1104704f2010: GrpcService started, listening on 0.0.0.0/0.0.0.0:35143
2019-10-08 10:57:45,056 [Datanode State Machine Thread - 0] INFO  ratis.XceiverServerRatis (XceiverServerRatis.java:start(427)) - XceiverServerRatis 848c07e3-b2dc-40c0-917c-1104704f2010 is started using port 35143
2019-10-08 10:57:45,060 [Datanode State Machine Thread - 0] INFO  server.XceiverServerGrpc (XceiverServerGrpc.java:start(149)) - XceiverServerGrpc 848c07e3-b2dc-40c0-917c-1104704f2010 is started using port 42247
2019-10-08 10:57:46,033 [main] INFO  ozone.MiniOzoneClusterImpl (MiniOzoneClusterImpl.java:lambda$waitForClusterToBeReady$0(147)) - Waiting for cluster to be ready. Got 0 of 7 DN Heartbeats.
2019-10-08 10:57:46,605 [IPC Server handler 3 on 42380] INFO  net.NetworkTopology (NetworkTopologyImpl.java:add(111)) - Added a new node: /default-rack/61164b89-5d55-40a7-9283-a18b5a0496a0
2019-10-08 10:57:46,608 [IPC Server handler 3 on 42380] INFO  node.SCMNodeManager (SCMNodeManager.java:register(313)) - Registered Data node : 61164b89-5d55-40a7-9283-a18b5a0496a0{ip: 192.168.30.18, host: pr-hdds-2196-cli-protobuf-v467f-1934461745, networkLocation: /default-rack, certSerialId: null}
2019-10-08 10:57:46,609 [EventQueue-NodeRegistrationContainerReportForDataNodeSafeModeRule] INFO  safemode.SCMSafeModeManager (DataNodeSafeModeRule.java:process(71)) - SCM in safe mode. 1 DataNodes registered, 1 required.
2019-10-08 10:57:46,612 [EventQueue-NodeRegistrationContainerReportForDataNodeSafeModeRule] INFO  safemode.SCMSafeModeManager (SCMSafeModeManager.java:validateSafeModeExitRules(177)) - ScmSafeModeManager, all rules are successfully validated
2019-10-08 10:57:46,612 [EventQueue-NodeRegistrationContainerReportForDataNodeSafeModeRule] INFO  safemode.SCMSafeModeManager (SCMSafeModeManager.java:exitSafeMode(193)) - SCM exiting safe mode.
2019-10-08 10:57:46,626 [grpc-default-executor-9] INFO  impl.RaftServerProxy (RaftServerProxy.java:addNew(89)) - 61164b89-5d55-40a7-9283-a18b5a0496a0: addNew group-F5C552D90DC9:[61164b89-5d55-40a7-9283-a18b5a0496a0:192.168.30.18:35012] returns group-F5C552D90DC9:java.util.concurrent.CompletableFuture@14295836[Not completed]
2019-10-08 10:57:46,628 [pool-383-thread-1] INFO  impl.RaftServerImpl (RaftServerImpl.java:<init>(95)) - 61164b89-5d55-40a7-9283-a18b5a0496a0: new RaftServerImpl for group-F5C552D90DC9:[61164b89-5d55-40a7-9283-a18b5a0496a0:192.168.30.18:35012] with ContainerStateMachine:uninitialized
2019-10-08 10:57:46,628 [pool-383-thread-1] INFO  server.RaftServerConfigKeys (ConfUtils.java:logGet(43)) - raft.server.rpc.timeout.min = 5s (custom)
2019-10-08 10:57:46,628 [pool-383-thread-1] INFO  server.RaftServerConfigKeys (ConfUtils.java:logGet(43)) - raft.server.rpc.timeout.max = 5200ms (custom)
2019-10-08 10:57:46,628 [pool-383-thread-1] INFO  server.RaftServerConfigKeys (ConfUtils.java:logGet(43)) - raft.server.rpcslowness.timeout = 120s (custom)
2019-10-08 10:57:46,628 [pool-383-thread-1] INFO  server.RaftServerConfigKeys (ConfUtils.java:logGet(43)) - raft.server.sleep.deviation.threshold = 300 (default)
2019-10-08 10:57:46,629 [pool-383-thread-1] INFO  server.RaftServerConfigKeys (ConfUtils.java:logGet(43)) - raft.server.log.appender.install.snapshot.enabled = false (custom)
2019-10-08 10:57:46,629 [pool-383-thread-1] INFO  impl.RaftServerImpl (ServerState.java:<init>(103)) - 61164b89-5d55-40a7-9283-a18b5a0496a0@group-F5C552D90DC9: ConfigurationManager, init=-1: [61164b89-5d55-40a7-9283-a18b5a0496a0:192.168.30.18:35012], old=null, confs=<EMPTY_MAP>
2019-10-08 10:57:46,629 [pool-383-thread-1] INFO  server.RaftServerConfigKeys (ConfUtils.java:logGet(43)) - raft.server.storage.dir = [/workdir/hadoop-ozone/integration-test/target/test-dir/MiniOzoneClusterImpl-36a35b56-4904-4029-83df-6869c87f60be/datanode-0/data/ratis] (custom)
2019-10-08 10:57:46,629 [pool-383-thread-1] INFO  server.RaftServerConfigKeys (ConfUtils.java:logGet(43)) - raft.server.log.corruption.policy = EXCEPTION (default)
2019-10-08 10:57:46,629 [pool-383-thread-1] INFO  storage.RaftStorageDirectory (RaftStorageDirectory.java:analyzeStorage(246)) - The storage directory /workdir/hadoop-ozone/integration-test/target/test-dir/MiniOzoneClusterImpl-36a35b56-4904-4029-83df-6869c87f60be/datanode-0/data/ratis/80b31352-0a7e-4bd1-b0b9-f5c552d90dc9 does not exist. Creating ...
2019-10-08 10:57:46,692 [IPC Server handler 4 on 42380] INFO  net.NetworkTopology (NetworkTopologyImpl.java:add(111)) - Added a new node: /default-rack/c3b684e3-f66c-40af-8e69-95bf22e9e7fb
2019-10-08 10:57:46,693 [IPC Server handler 4 on 42380] INFO  node.SCMNodeManager (SCMNodeManager.java:register(313)) - Registered Data node : c3b684e3-f66c-40af-8e69-95bf22e9e7fb{ip: 192.168.30.18, host: pr-hdds-2196-cli-protobuf-v467f-1934461745, networkLocation: /default-rack, certSerialId: null}
2019-10-08 10:57:46,719 [pool-383-thread-1] INFO  storage.RaftStorageDirectory (RaftStorageDirectory.java:tryLock(328)) - Lock on /workdir/hadoop-ozone/integration-test/target/test-dir/MiniOzoneClusterImpl-36a35b56-4904-4029-83df-6869c87f60be/datanode-0/data/ratis/80b31352-0a7e-4bd1-b0b9-f5c552d90dc9/in_use.lock acquired by nodename 11468@pr-hdds-2196-cli-protobuf-v467f-1934461745
2019-10-08 10:57:46,734 [pool-383-thread-1] INFO  storage.RaftStorage (RaftStorage.java:format(84)) - Storage directory /workdir/hadoop-ozone/integration-test/target/test-dir/MiniOzoneClusterImpl-36a35b56-4904-4029-83df-6869c87f60be/datanode-0/data/ratis/80b31352-0a7e-4bd1-b0b9-f5c552d90dc9 has been successfully formatted.
2019-10-08 10:57:46,734 [pool-383-thread-1] INFO  ratis.ContainerStateMachine (ContainerStateMachine.java:loadSnapshot(230)) - group-F5C552D90DC9: The snapshot info is null. Setting the last applied indexto:(t:0, i:~)
2019-10-08 10:57:46,734 [pool-383-thread-1] INFO  server.RaftServerConfigKeys (ConfUtils.java:logGet(43)) - raft.server.notification.no-leader.timeout = 120s (custom)
2019-10-08 10:57:46,734 [pool-383-thread-1] INFO  server.RaftServerConfigKeys (ConfUtils.java:logGet(43)) - raft.server.log.use.memory = false (default)
2019-10-08 10:57:46,735 [pool-383-thread-1] INFO  server.RaftServerConfigKeys (ConfUtils.java:logGet(43)) - raft.server.log.purge.gap = 1000000 (custom)
2019-10-08 10:57:46,735 [pool-383-thread-1] INFO  server.RaftServerConfigKeys (ConfUtils.java:logGet(43)) - raft.server.log.appender.buffer.byte-limit = 33554432 (custom)
2019-10-08 10:57:46,735 [pool-383-thread-1] INFO  server.RaftServerConfigKeys (ConfUtils.java:logGet(43)) - raft.server.log.segment.size.max = 1048576 (custom)
2019-10-08 10:57:46,737 [pool-383-thread-1] INFO  server.RaftServerConfigKeys (ConfUtils.java:logGet(43)) - raft.server.log.segment.cache.num.max = 2 (custom)
2019-10-08 10:57:46,737 [pool-383-thread-1] INFO  segmented.SegmentedRaftLogWorker (SegmentedRaftLogWorker.java:<init>(173)) - new 61164b89-5d55-40a7-9283-a18b5a0496a0@group-F5C552D90DC9-SegmentedRaftLogWorker for RaftStorage:Storage Directory /workdir/hadoop-ozone/integration-test/target/test-dir/MiniOzoneClusterImpl-36a35b56-4904-4029-83df-6869c87f60be/datanode-0/data/ratis/80b31352-0a7e-4bd1-b0b9-f5c552d90dc9
2019-10-08 10:57:46,737 [pool-383-thread-1] INFO  server.RaftServerConfigKeys (ConfUtils.java:logGet(43)) - raft.server.log.queue.byte-limit = 2147483647 (custom)
2019-10-08 10:57:46,737 [pool-383-thread-1] INFO  server.RaftServerConfigKeys (ConfUtils.java:logGet(43)) - raft.server.log.queue.element-limit = 1024 (custom)
2019-10-08 10:57:46,738 [pool-383-thread-1] INFO  server.RaftServerConfigKeys (ConfUtils.java:logGet(43)) - raft.server.log.segment.size.max = 1048576 (custom)
2019-10-08 10:57:46,738 [pool-383-thread-1] INFO  server.RaftServerConfigKeys (ConfUtils.java:logGet(43)) - raft.server.log.preallocated.size = 16384 (custom)
2019-10-08 10:57:46,738 [pool-383-thread-1] INFO  server.RaftServerConfigKeys (ConfUtils.java:logGet(43)) - raft.server.log.write.buffer.size = 33554432 (custom)
2019-10-08 10:57:46,738 [pool-383-thread-1] INFO  server.RaftServerConfigKeys (ConfUtils.java:logGet(43)) - raft.server.log.force.sync.num = 128 (default)
2019-10-08 10:57:46,738 [pool-383-thread-1] INFO  server.RaftServerConfigKeys (ConfUtils.java:logGet(43)) - raft.server.log.statemachine.data.sync = true (default)
2019-10-08 10:57:46,738 [pool-383-thread-1] INFO  server.RaftServerConfigKeys (ConfUtils.java:logGet(43)) - raft.server.log.statemachine.data.sync.timeout = 10s (default)
2019-10-08 10:57:46,738 [pool-383-thread-1] INFO  server.RaftServerConfigKeys (ConfUtils.java:logGet(43)) - raft.server.log.statemachine.data.sync.timeout.retry = -1 (default)
2019-10-08 10:57:46,739 [pool-383-thread-1] INFO  server.RaftServerConfigKeys (ConfUtils.java:logGet(43)) - raft.server.log.statemachine.data.caching.enabled = true (custom)
2019-10-08 10:57:46,739 [pool-383-thread-1] INFO  segmented.SegmentedRaftLogWorker (SegmentedRaftLogWorker.java:lambda$new$0(128)) - 61164b89-5d55-40a7-9283-a18b5a0496a0@group-F5C552D90DC9-SegmentedRaftLogWorker: flushIndex: setUnconditionally 0 -> -1
2019-10-08 10:57:46,740 [pool-383-thread-1] INFO  server.RaftServerConfigKeys (ConfUtils.java:logGet(43)) - raft.server.snapshot.auto.trigger.enabled = true (custom)
2019-10-08 10:57:46,740 [pool-383-thread-1] INFO  server.RaftServerConfigKeys (ConfUtils.java:logGet(43)) - raft.server.snapshot.auto.trigger.threshold = 10000 (custom)
2019-10-08 10:57:46,740 [pool-383-thread-1] INFO  server.RaftServerConfigKeys (ConfUtils.java:logGet(43)) - raft.server.snapshot.retention.file.num = 5 (custom)
2019-10-08 10:57:46,740 [pool-383-thread-1] INFO  server.RaftServerConfigKeys (ConfUtils.java:logGet(43)) - raft.server.retrycache.expirytime = 600000ms (custom)
2019-10-08 10:57:46,742 [pool-383-thread-1] INFO  impl.RaftServerImpl (RaftServerImpl.java:start(181)) - 61164b89-5d55-40a7-9283-a18b5a0496a0@group-F5C552D90DC9: start as a follower, conf=-1: [61164b89-5d55-40a7-9283-a18b5a0496a0:192.168.30.18:35012], old=null
2019-10-08 10:57:46,742 [pool-383-thread-1] INFO  impl.RaftServerImpl (RaftServerImpl.java:setRole(170)) - 61164b89-5d55-40a7-9283-a18b5a0496a0@group-F5C552D90DC9: changes role from      null to FOLLOWER at term 0 for startAsFollower
2019-10-08 10:57:46,742 [pool-383-thread-1] INFO  impl.RoleInfo (RoleInfo.java:updateAndGet(143)) - 61164b89-5d55-40a7-9283-a18b5a0496a0: start FollowerState
2019-10-08 10:57:46,743 [pool-383-thread-1] INFO  util.JmxRegister (JmxRegister.java:tryRegister(44)) - Successfully registered JMX Bean with object name Ratis:service=RaftServer,group=group-F5C552D90DC9,id=61164b89-5d55-40a7-9283-a18b5a0496a0
2019-10-08 10:57:46,747 [RatisPipelineUtilsThread] INFO  pipeline.PipelineStateManager (PipelineStateManager.java:addPipeline(56)) - Created pipeline Pipeline[ Id: 80b31352-0a7e-4bd1-b0b9-f5c552d90dc9, Nodes: 61164b89-5d55-40a7-9283-a18b5a0496a0{ip: 192.168.30.18, host: pr-hdds-2196-cli-protobuf-v467f-1934461745, networkLocation: /default-rack, certSerialId: null}, Type:RATIS, Factor:ONE, State:OPEN]
2019-10-08 10:57:46,755 [grpc-default-executor-9] INFO  impl.RaftServerProxy (RaftServerProxy.java:addNew(89)) - c3b684e3-f66c-40af-8e69-95bf22e9e7fb: addNew group-90D7C29BB757:[c3b684e3-f66c-40af-8e69-95bf22e9e7fb:192.168.30.18:39819] returns group-90D7C29BB757:java.util.concurrent.CompletableFuture@e7d8866[Not completed]
2019-10-08 10:57:46,756 [pool-393-thread-1] INFO  impl.RaftServerImpl (RaftServerImpl.java:<init>(95)) - c3b684e3-f66c-40af-8e69-95bf22e9e7fb: new RaftServerImpl for group-90D7C29BB757:[c3b684e3-f66c-40af-8e69-95bf22e9e7fb:192.168.30.18:39819] with ContainerStateMachine:uninitialized
2019-10-08 10:57:46,756 [pool-393-thread-1] INFO  server.RaftServerConfigKeys (ConfUtils.java:logGet(43)) - raft.server.rpc.timeout.min = 5s (custom)
2019-10-08 10:57:46,757 [pool-393-thread-1] INFO  server.RaftServerConfigKeys (ConfUtils.java:logGet(43)) - raft.server.rpc.timeout.max = 5200ms (custom)
2019-10-08 10:57:46,757 [pool-393-thread-1] INFO  server.RaftServerConfigKeys (ConfUtils.java:logGet(43)) - raft.server.rpcslowness.timeout = 120s (custom)
2019-10-08 10:57:46,757 [pool-393-thread-1] INFO  server.RaftServerConfigKeys (ConfUtils.java:logGet(43)) - raft.server.sleep.deviation.threshold = 300 (default)
2019-10-08 10:57:46,757 [pool-393-thread-1] INFO  server.RaftServerConfigKeys (ConfUtils.java:logGet(43)) - raft.server.log.appender.install.snapshot.enabled = false (custom)
2019-10-08 10:57:46,757 [pool-393-thread-1] INFO  impl.RaftServerImpl (ServerState.java:<init>(103)) - c3b684e3-f66c-40af-8e69-95bf22e9e7fb@group-90D7C29BB757: ConfigurationManager, init=-1: [c3b684e3-f66c-40af-8e69-95bf22e9e7fb:192.168.30.18:39819], old=null, confs=<EMPTY_MAP>
2019-10-08 10:57:46,757 [pool-393-thread-1] INFO  server.RaftServerConfigKeys (ConfUtils.java:logGet(43)) - raft.server.storage.dir = [/workdir/hadoop-ozone/integration-test/target/test-dir/MiniOzoneClusterImpl-36a35b56-4904-4029-83df-6869c87f60be/datanode-1/data/ratis] (custom)
2019-10-08 10:57:46,758 [pool-393-thread-1] INFO  server.RaftServerConfigKeys (ConfUtils.java:logGet(43)) - raft.server.log.corruption.policy = EXCEPTION (default)
2019-10-08 10:57:46,758 [IPC Server handler 0 on 42380] INFO  net.NetworkTopology (NetworkTopologyImpl.java:add(111)) - Added a new node: /default-rack/828d5ca9-ddb7-4482-86ef-78aa46598911
2019-10-08 10:57:46,758 [pool-393-thread-1] INFO  storage.RaftStorageDirectory (RaftStorageDirectory.java:analyzeStorage(246)) - The storage directory /workdir/hadoop-ozone/integration-test/target/test-dir/MiniOzoneClusterImpl-36a35b56-4904-4029-83df-6869c87f60be/datanode-1/data/ratis/ec332287-4b01-4416-bef6-90d7c29bb757 does not exist. Creating ...
2019-10-08 10:57:46,758 [IPC Server handler 0 on 42380] INFO  node.SCMNodeManager (SCMNodeManager.java:register(313)) - Registered Data node : 828d5ca9-ddb7-4482-86ef-78aa46598911{ip: 192.168.30.18, host: pr-hdds-2196-cli-protobuf-v467f-1934461745, networkLocation: /default-rack, certSerialId: null}
2019-10-08 10:57:46,772 [pool-393-thread-1] INFO  storage.RaftStorageDirectory (RaftStorageDirectory.java:tryLock(328)) - Lock on /workdir/hadoop-ozone/integration-test/target/test-dir/MiniOzoneClusterImpl-36a35b56-4904-4029-83df-6869c87f60be/datanode-1/data/ratis/ec332287-4b01-4416-bef6-90d7c29bb757/in_use.lock acquired by nodename 11468@pr-hdds-2196-cli-protobuf-v467f-1934461745
2019-10-08 10:57:46,787 [pool-393-thread-1] INFO  storage.RaftStorage (RaftStorage.java:format(84)) - Storage directory /workdir/hadoop-ozone/integration-test/target/test-dir/MiniOzoneClusterImpl-36a35b56-4904-4029-83df-6869c87f60be/datanode-1/data/ratis/ec332287-4b01-4416-bef6-90d7c29bb757 has been successfully formatted.
2019-10-08 10:57:46,787 [pool-393-thread-1] INFO  ratis.ContainerStateMachine (ContainerStateMachine.java:loadSnapshot(230)) - group-90D7C29BB757: The snapshot info is null. Setting the last applied indexto:(t:0, i:~)
2019-10-08 10:57:46,787 [pool-393-thread-1] INFO  server.RaftServerConfigKeys (ConfUtils.java:logGet(43)) - raft.server.notification.no-leader.timeout = 120s (custom)
2019-10-08 10:57:46,787 [pool-393-thread-1] INFO  server.RaftServerConfigKeys (ConfUtils.java:logGet(43)) - raft.server.log.use.memory = false (default)
2019-10-08 10:57:46,788 [pool-393-thread-1] INFO  server.RaftServerConfigKeys (ConfUtils.java:logGet(43)) - raft.server.log.purge.gap = 1000000 (custom)
2019-10-08 10:57:46,788 [pool-393-thread-1] INFO  server.RaftServerConfigKeys (ConfUtils.java:logGet(43)) - raft.server.log.appender.buffer.byte-limit = 33554432 (custom)
2019-10-08 10:57:46,788 [pool-393-thread-1] INFO  server.RaftServerConfigKeys (ConfUtils.java:logGet(43)) - raft.server.log.segment.size.max = 1048576 (custom)
2019-10-08 10:57:46,789 [pool-393-thread-1] INFO  server.RaftServerConfigKeys (ConfUtils.java:logGet(43)) - raft.server.log.segment.cache.num.max = 2 (custom)
2019-10-08 10:57:46,789 [pool-393-thread-1] INFO  segmented.SegmentedRaftLogWorker (SegmentedRaftLogWorker.java:<init>(173)) - new c3b684e3-f66c-40af-8e69-95bf22e9e7fb@group-90D7C29BB757-SegmentedRaftLogWorker for RaftStorage:Storage Directory /workdir/hadoop-ozone/integration-test/target/test-dir/MiniOzoneClusterImpl-36a35b56-4904-4029-83df-6869c87f60be/datanode-1/data/ratis/ec332287-4b01-4416-bef6-90d7c29bb757
2019-10-08 10:57:46,789 [pool-393-thread-1] INFO  server.RaftServerConfigKeys (ConfUtils.java:logGet(43)) - raft.server.log.queue.byte-limit = 2147483647 (custom)
2019-10-08 10:57:46,789 [pool-393-thread-1] INFO  server.RaftServerConfigKeys (ConfUtils.java:logGet(43)) - raft.server.log.queue.element-limit = 1024 (custom)
2019-10-08 10:57:46,789 [pool-393-thread-1] INFO  server.RaftServerConfigKeys (ConfUtils.java:logGet(43)) - raft.server.log.segment.size.max = 1048576 (custom)
2019-10-08 10:57:46,789 [pool-393-thread-1] INFO  server.RaftServerConfigKeys (ConfUtils.java:logGet(43)) - raft.server.log.preallocated.size = 16384 (custom)
2019-10-08 10:57:46,790 [pool-393-thread-1] INFO  server.RaftServerConfigKeys (ConfUtils.java:logGet(43)) - raft.server.log.write.buffer.size = 33554432 (custom)
2019-10-08 10:57:46,790 [pool-393-thread-1] INFO  server.RaftServerConfigKeys (ConfUtils.java:logGet(43)) - raft.server.log.force.sync.num = 128 (default)
2019-10-08 10:57:46,790 [pool-393-thread-1] INFO  server.RaftServerConfigKeys (ConfUtils.java:logGet(43)) - raft.server.log.statemachine.data.sync = true (default)
2019-10-08 10:57:46,790 [pool-393-thread-1] INFO  server.RaftServerConfigKeys (ConfUtils.java:logGet(43)) - raft.server.log.statemachine.data.sync.timeout = 10s (default)
2019-10-08 10:57:46,790 [pool-393-thread-1] INFO  server.RaftServerConfigKeys (ConfUtils.java:logGet(43)) - raft.server.log.statemachine.data.sync.timeout.retry = -1 (default)
2019-10-08 10:57:46,790 [pool-393-thread-1] INFO  server.RaftServerConfigKeys (ConfUtils.java:logGet(43)) - raft.server.log.statemachine.data.caching.enabled = true (custom)
2019-10-08 10:57:46,790 [pool-393-thread-1] INFO  segmented.SegmentedRaftLogWorker (SegmentedRaftLogWorker.java:lambda$new$0(128)) - c3b684e3-f66c-40af-8e69-95bf22e9e7fb@group-90D7C29BB757-SegmentedRaftLogWorker: flushIndex: setUnconditionally 0 -> -1
2019-10-08 10:57:46,791 [pool-393-thread-1] INFO  server.RaftServerConfigKeys (ConfUtils.java:logGet(43)) - raft.server.snapshot.auto.trigger.enabled = true (custom)
2019-10-08 10:57:46,791 [pool-393-thread-1] INFO  server.RaftServerConfigKeys (ConfUtils.java:logGet(43)) - raft.server.snapshot.auto.trigger.threshold = 10000 (custom)
2019-10-08 10:57:46,791 [pool-393-thread-1] INFO  server.RaftServerConfigKeys (ConfUtils.java:logGet(43)) - raft.server.snapshot.retention.file.num = 5 (custom)
2019-10-08 10:57:46,791 [pool-393-thread-1] INFO  server.RaftServerConfigKeys (ConfUtils.java:logGet(43)) - raft.server.retrycache.expirytime = 600000ms (custom)
2019-10-08 10:57:46,792 [pool-393-thread-1] INFO  impl.RaftServerImpl (RaftServerImpl.java:start(181)) - c3b684e3-f66c-40af-8e69-95bf22e9e7fb@group-90D7C29BB757: start as a follower, conf=-1: [c3b684e3-f66c-40af-8e69-95bf22e9e7fb:192.168.30.18:39819], old=null
2019-10-08 10:57:46,792 [pool-393-thread-1] INFO  impl.RaftServerImpl (RaftServerImpl.java:setRole(170)) - c3b684e3-f66c-40af-8e69-95bf22e9e7fb@group-90D7C29BB757: changes role from      null to FOLLOWER at term 0 for startAsFollower
2019-10-08 10:57:46,792 [pool-393-thread-1] INFO  impl.RoleInfo (RoleInfo.java:updateAndGet(143)) - c3b684e3-f66c-40af-8e69-95bf22e9e7fb: start FollowerState
2019-10-08 10:57:46,793 [pool-393-thread-1] INFO  util.JmxRegister (JmxRegister.java:tryRegister(44)) - Successfully registered JMX Bean with object name Ratis:service=RaftServer,group=group-90D7C29BB757,id=c3b684e3-f66c-40af-8e69-95bf22e9e7fb
2019-10-08 10:57:46,796 [RatisPipelineUtilsThread] INFO  pipeline.PipelineStateManager (PipelineStateManager.java:addPipeline(56)) - Created pipeline Pipeline[ Id: ec332287-4b01-4416-bef6-90d7c29bb757, Nodes: c3b684e3-f66c-40af-8e69-95bf22e9e7fb{ip: 192.168.30.18, host: pr-hdds-2196-cli-protobuf-v467f-1934461745, networkLocation: /default-rack, certSerialId: null}, Type:RATIS, Factor:ONE, State:OPEN]
2019-10-08 10:57:46,804 [grpc-default-executor-9] INFO  impl.RaftServerProxy (RaftServerProxy.java:addNew(89)) - 828d5ca9-ddb7-4482-86ef-78aa46598911: addNew group-A2240BD0E8C2:[828d5ca9-ddb7-4482-86ef-78aa46598911:192.168.30.18:33402] returns group-A2240BD0E8C2:java.util.concurrent.CompletableFuture@2565e416[Not completed]
2019-10-08 10:57:46,806 [pool-403-thread-1] INFO  impl.RaftServerImpl (RaftServerImpl.java:<init>(95)) - 828d5ca9-ddb7-4482-86ef-78aa46598911: new RaftServerImpl for group-A2240BD0E8C2:[828d5ca9-ddb7-4482-86ef-78aa46598911:192.168.30.18:33402] with ContainerStateMachine:uninitialized
2019-10-08 10:57:46,806 [pool-403-thread-1] INFO  server.RaftServerConfigKeys (ConfUtils.java:logGet(43)) - raft.server.rpc.timeout.min = 5s (custom)
2019-10-08 10:57:46,806 [pool-403-thread-1] INFO  server.RaftServerConfigKeys (ConfUtils.java:logGet(43)) - raft.server.rpc.timeout.max = 5200ms (custom)
2019-10-08 10:57:46,807 [pool-403-thread-1] INFO  server.RaftServerConfigKeys (ConfUtils.java:logGet(43)) - raft.server.rpcslowness.timeout = 120s (custom)
2019-10-08 10:57:46,807 [pool-403-thread-1] INFO  server.RaftServerConfigKeys (ConfUtils.java:logGet(43)) - raft.server.sleep.deviation.threshold = 300 (default)
2019-10-08 10:57:46,807 [pool-403-thread-1] INFO  server.RaftServerConfigKeys (ConfUtils.java:logGet(43)) - raft.server.log.appender.install.snapshot.enabled = false (custom)
2019-10-08 10:57:46,807 [pool-403-thread-1] INFO  impl.RaftServerImpl (ServerState.java:<init>(103)) - 828d5ca9-ddb7-4482-86ef-78aa46598911@group-A2240BD0E8C2: ConfigurationManager, init=-1: [828d5ca9-ddb7-4482-86ef-78aa46598911:192.168.30.18:33402], old=null, confs=<EMPTY_MAP>
2019-10-08 10:57:46,807 [pool-403-thread-1] INFO  server.RaftServerConfigKeys (ConfUtils.java:logGet(43)) - raft.server.storage.dir = [/workdir/hadoop-ozone/integration-test/target/test-dir/MiniOzoneClusterImpl-36a35b56-4904-4029-83df-6869c87f60be/datanode-2/data/ratis] (custom)
2019-10-08 10:57:46,808 [pool-403-thread-1] INFO  server.RaftServerConfigKeys (ConfUtils.java:logGet(43)) - raft.server.log.corruption.policy = EXCEPTION (default)
2019-10-08 10:57:46,808 [pool-403-thread-1] INFO  storage.RaftStorageDirectory (RaftStorageDirectory.java:analyzeStorage(246)) - The storage directory /workdir/hadoop-ozone/integration-test/target/test-dir/MiniOzoneClusterImpl-36a35b56-4904-4029-83df-6869c87f60be/datanode-2/data/ratis/1912741d-b6ef-41df-9240-a2240bd0e8c2 does not exist. Creating ...
2019-10-08 10:57:46,825 [IPC Server handler 5 on 42380] INFO  net.NetworkTopology (NetworkTopologyImpl.java:add(111)) - Added a new node: /default-rack/865e2b69-9c7e-4aae-bb3d-c58a3c180f3d
2019-10-08 10:57:46,825 [IPC Server handler 5 on 42380] INFO  node.SCMNodeManager (SCMNodeManager.java:register(313)) - Registered Data node : 865e2b69-9c7e-4aae-bb3d-c58a3c180f3d{ip: 192.168.30.18, host: pr-hdds-2196-cli-protobuf-v467f-1934461745, networkLocation: /default-rack, certSerialId: null}
2019-10-08 10:57:46,826 [pool-403-thread-1] INFO  storage.RaftStorageDirectory (RaftStorageDirectory.java:tryLock(328)) - Lock on /workdir/hadoop-ozone/integration-test/target/test-dir/MiniOzoneClusterImpl-36a35b56-4904-4029-83df-6869c87f60be/datanode-2/data/ratis/1912741d-b6ef-41df-9240-a2240bd0e8c2/in_use.lock acquired by nodename 11468@pr-hdds-2196-cli-protobuf-v467f-1934461745
2019-10-08 10:57:46,847 [pool-403-thread-1] INFO  storage.RaftStorage (RaftStorage.java:format(84)) - Storage directory /workdir/hadoop-ozone/integration-test/target/test-dir/MiniOzoneClusterImpl-36a35b56-4904-4029-83df-6869c87f60be/datanode-2/data/ratis/1912741d-b6ef-41df-9240-a2240bd0e8c2 has been successfully formatted.
2019-10-08 10:57:46,847 [pool-403-thread-1] INFO  ratis.ContainerStateMachine (ContainerStateMachine.java:loadSnapshot(230)) - group-A2240BD0E8C2: The snapshot info is null. Setting the last applied indexto:(t:0, i:~)
2019-10-08 10:57:46,847 [pool-403-thread-1] INFO  server.RaftServerConfigKeys (ConfUtils.java:logGet(43)) - raft.server.notification.no-leader.timeout = 120s (custom)
2019-10-08 10:57:46,847 [pool-403-thread-1] INFO  server.RaftServerConfigKeys (ConfUtils.java:logGet(43)) - raft.server.log.use.memory = false (default)
2019-10-08 10:57:46,847 [pool-403-thread-1] INFO  server.RaftServerConfigKeys (ConfUtils.java:logGet(43)) - raft.server.log.purge.gap = 1000000 (custom)
2019-10-08 10:57:46,848 [pool-403-thread-1] INFO  server.RaftServerConfigKeys (ConfUtils.java:logGet(43)) - raft.server.log.appender.buffer.byte-limit = 33554432 (custom)
2019-10-08 10:57:46,848 [pool-403-thread-1] INFO  server.RaftServerConfigKeys (ConfUtils.java:logGet(43)) - raft.server.log.segment.size.max = 1048576 (custom)
2019-10-08 10:57:46,850 [pool-403-thread-1] INFO  server.RaftServerConfigKeys (ConfUtils.java:logGet(43)) - raft.server.log.segment.cache.num.max = 2 (custom)
2019-10-08 10:57:46,850 [pool-403-thread-1] INFO  segmented.SegmentedRaftLogWorker (SegmentedRaftLogWorker.java:<init>(173)) - new 828d5ca9-ddb7-4482-86ef-78aa46598911@group-A2240BD0E8C2-SegmentedRaftLogWorker for RaftStorage:Storage Directory /workdir/hadoop-ozone/integration-test/target/test-dir/MiniOzoneClusterImpl-36a35b56-4904-4029-83df-6869c87f60be/datanode-2/data/ratis/1912741d-b6ef-41df-9240-a2240bd0e8c2
2019-10-08 10:57:46,850 [pool-403-thread-1] INFO  server.RaftServerConfigKeys (ConfUtils.java:logGet(43)) - raft.server.log.queue.byte-limit = 2147483647 (custom)
2019-10-08 10:57:46,850 [pool-403-thread-1] INFO  server.RaftServerConfigKeys (ConfUtils.java:logGet(43)) - raft.server.log.queue.element-limit = 1024 (custom)
2019-10-08 10:57:46,850 [pool-403-thread-1] INFO  server.RaftServerConfigKeys (ConfUtils.java:logGet(43)) - raft.server.log.segment.size.max = 1048576 (custom)
2019-10-08 10:57:46,850 [pool-403-thread-1] INFO  server.RaftServerConfigKeys (ConfUtils.java:logGet(43)) - raft.server.log.preallocated.size = 16384 (custom)
2019-10-08 10:57:46,850 [pool-403-thread-1] INFO  server.RaftServerConfigKeys (ConfUtils.java:logGet(43)) - raft.server.log.write.buffer.size = 33554432 (custom)
2019-10-08 10:57:46,851 [pool-403-thread-1] INFO  server.RaftServerConfigKeys (ConfUtils.java:logGet(43)) - raft.server.log.force.sync.num = 128 (default)
2019-10-08 10:57:46,851 [pool-403-thread-1] INFO  server.RaftServerConfigKeys (ConfUtils.java:logGet(43)) - raft.server.log.statemachine.data.sync = true (default)
2019-10-08 10:57:46,851 [pool-403-thread-1] INFO  server.RaftServerConfigKeys (ConfUtils.java:logGet(43)) - raft.server.log.statemachine.data.sync.timeout = 10s (default)
2019-10-08 10:57:46,851 [pool-403-thread-1] INFO  server.RaftServerConfigKeys (ConfUtils.java:logGet(43)) - raft.server.log.statemachine.data.sync.timeout.retry = -1 (default)
2019-10-08 10:57:46,852 [pool-403-thread-1] INFO  server.RaftServerConfigKeys (ConfUtils.java:logGet(43)) - raft.server.log.statemachine.data.caching.enabled = true (custom)
2019-10-08 10:57:46,852 [pool-403-thread-1] INFO  segmented.SegmentedRaftLogWorker (SegmentedRaftLogWorker.java:lambda$new$0(128)) - 828d5ca9-ddb7-4482-86ef-78aa46598911@group-A2240BD0E8C2-SegmentedRaftLogWorker: flushIndex: setUnconditionally 0 -> -1
2019-10-08 10:57:46,852 [pool-403-thread-1] INFO  server.RaftServerConfigKeys (ConfUtils.java:logGet(43)) - raft.server.snapshot.auto.trigger.enabled = true (custom)
2019-10-08 10:57:46,852 [pool-403-thread-1] INFO  server.RaftServerConfigKeys (ConfUtils.java:logGet(43)) - raft.server.snapshot.auto.trigger.threshold = 10000 (custom)
2019-10-08 10:57:46,852 [pool-403-thread-1] INFO  server.RaftServerConfigKeys (ConfUtils.java:logGet(43)) - raft.server.snapshot.retention.file.num = 5 (custom)
2019-10-08 10:57:46,853 [pool-403-thread-1] INFO  server.RaftServerConfigKeys (ConfUtils.java:logGet(43)) - raft.server.retrycache.expirytime = 600000ms (custom)
2019-10-08 10:57:46,854 [pool-403-thread-1] INFO  impl.RaftServerImpl (RaftServerImpl.java:start(181)) - 828d5ca9-ddb7-4482-86ef-78aa46598911@group-A2240BD0E8C2: start as a follower, conf=-1: [828d5ca9-ddb7-4482-86ef-78aa46598911:192.168.30.18:33402], old=null
2019-10-08 10:57:46,854 [pool-403-thread-1] INFO  impl.RaftServerImpl (RaftServerImpl.java:setRole(170)) - 828d5ca9-ddb7-4482-86ef-78aa46598911@group-A2240BD0E8C2: changes role from      null to FOLLOWER at term 0 for startAsFollower
2019-10-08 10:57:46,855 [pool-403-thread-1] INFO  impl.RoleInfo (RoleInfo.java:updateAndGet(143)) - 828d5ca9-ddb7-4482-86ef-78aa46598911: start FollowerState
2019-10-08 10:57:46,855 [pool-403-thread-1] INFO  util.JmxRegister (JmxRegister.java:tryRegister(44)) - Successfully registered JMX Bean with object name Ratis:service=RaftServer,group=group-A2240BD0E8C2,id=828d5ca9-ddb7-4482-86ef-78aa46598911
2019-10-08 10:57:46,860 [RatisPipelineUtilsThread] INFO  pipeline.PipelineStateManager (PipelineStateManager.java:addPipeline(56)) - Created pipeline Pipeline[ Id: 1912741d-b6ef-41df-9240-a2240bd0e8c2, Nodes: 828d5ca9-ddb7-4482-86ef-78aa46598911{ip: 192.168.30.18, host: pr-hdds-2196-cli-protobuf-v467f-1934461745, networkLocation: /default-rack, certSerialId: null}, Type:RATIS, Factor:ONE, State:OPEN]
2019-10-08 10:57:46,868 [grpc-default-executor-9] INFO  impl.RaftServerProxy (RaftServerProxy.java:addNew(89)) - 865e2b69-9c7e-4aae-bb3d-c58a3c180f3d: addNew group-497817897C5C:[865e2b69-9c7e-4aae-bb3d-c58a3c180f3d:192.168.30.18:42611] returns group-497817897C5C:java.util.concurrent.CompletableFuture@209a324b[Not completed]
2019-10-08 10:57:46,869 [pool-413-thread-1] INFO  impl.RaftServerImpl (RaftServerImpl.java:<init>(95)) - 865e2b69-9c7e-4aae-bb3d-c58a3c180f3d: new RaftServerImpl for group-497817897C5C:[865e2b69-9c7e-4aae-bb3d-c58a3c180f3d:192.168.30.18:42611] with ContainerStateMachine:uninitialized
2019-10-08 10:57:46,869 [pool-413-thread-1] INFO  server.RaftServerConfigKeys (ConfUtils.java:logGet(43)) - raft.server.rpc.timeout.min = 5s (custom)
2019-10-08 10:57:46,869 [pool-413-thread-1] INFO  server.RaftServerConfigKeys (ConfUtils.java:logGet(43)) - raft.server.rpc.timeout.max = 5200ms (custom)
2019-10-08 10:57:46,869 [pool-413-thread-1] INFO  server.RaftServerConfigKeys (ConfUtils.java:logGet(43)) - raft.server.rpcslowness.timeout = 120s (custom)
2019-10-08 10:57:46,870 [pool-413-thread-1] INFO  server.RaftServerConfigKeys (ConfUtils.java:logGet(43)) - raft.server.sleep.deviation.threshold = 300 (default)
2019-10-08 10:57:46,870 [pool-413-thread-1] INFO  server.RaftServerConfigKeys (ConfUtils.java:logGet(43)) - raft.server.log.appender.install.snapshot.enabled = false (custom)
2019-10-08 10:57:46,870 [pool-413-thread-1] INFO  impl.RaftServerImpl (ServerState.java:<init>(103)) - 865e2b69-9c7e-4aae-bb3d-c58a3c180f3d@group-497817897C5C: ConfigurationManager, init=-1: [865e2b69-9c7e-4aae-bb3d-c58a3c180f3d:192.168.30.18:42611], old=null, confs=<EMPTY_MAP>
2019-10-08 10:57:46,870 [pool-413-thread-1] INFO  server.RaftServerConfigKeys (ConfUtils.java:logGet(43)) - raft.server.storage.dir = [/workdir/hadoop-ozone/integration-test/target/test-dir/MiniOzoneClusterImpl-36a35b56-4904-4029-83df-6869c87f60be/datanode-3/data/ratis] (custom)
2019-10-08 10:57:46,870 [pool-413-thread-1] INFO  server.RaftServerConfigKeys (ConfUtils.java:logGet(43)) - raft.server.log.corruption.policy = EXCEPTION (default)
2019-10-08 10:57:46,870 [pool-413-thread-1] INFO  storage.RaftStorageDirectory (RaftStorageDirectory.java:analyzeStorage(246)) - The storage directory /workdir/hadoop-ozone/integration-test/target/test-dir/MiniOzoneClusterImpl-36a35b56-4904-4029-83df-6869c87f60be/datanode-3/data/ratis/3abc857b-257b-4857-99a3-497817897c5c does not exist. Creating ...
2019-10-08 10:57:46,888 [pool-413-thread-1] INFO  storage.RaftStorageDirectory (RaftStorageDirectory.java:tryLock(328)) - Lock on /workdir/hadoop-ozone/integration-test/target/test-dir/MiniOzoneClusterImpl-36a35b56-4904-4029-83df-6869c87f60be/datanode-3/data/ratis/3abc857b-257b-4857-99a3-497817897c5c/in_use.lock acquired by nodename 11468@pr-hdds-2196-cli-protobuf-v467f-1934461745
2019-10-08 10:57:46,902 [IPC Server handler 7 on 42380] INFO  net.NetworkTopology (NetworkTopologyImpl.java:add(111)) - Added a new node: /default-rack/bbd5fcdc-1b0d-46c8-9116-4a6b00dcbf65
2019-10-08 10:57:46,902 [pool-413-thread-1] INFO  storage.RaftStorage (RaftStorage.java:format(84)) - Storage directory /workdir/hadoop-ozone/integration-test/target/test-dir/MiniOzoneClusterImpl-36a35b56-4904-4029-83df-6869c87f60be/datanode-3/data/ratis/3abc857b-257b-4857-99a3-497817897c5c has been successfully formatted.
2019-10-08 10:57:46,902 [IPC Server handler 7 on 42380] INFO  node.SCMNodeManager (SCMNodeManager.java:register(313)) - Registered Data node : bbd5fcdc-1b0d-46c8-9116-4a6b00dcbf65{ip: 192.168.30.18, host: pr-hdds-2196-cli-protobuf-v467f-1934461745, networkLocation: /default-rack, certSerialId: null}
2019-10-08 10:57:46,902 [pool-413-thread-1] INFO  ratis.ContainerStateMachine (ContainerStateMachine.java:loadSnapshot(230)) - group-497817897C5C: The snapshot info is null. Setting the last applied indexto:(t:0, i:~)
2019-10-08 10:57:46,903 [pool-413-thread-1] INFO  server.RaftServerConfigKeys (ConfUtils.java:logGet(43)) - raft.server.notification.no-leader.timeout = 120s (custom)
2019-10-08 10:57:46,903 [pool-413-thread-1] INFO  server.RaftServerConfigKeys (ConfUtils.java:logGet(43)) - raft.server.log.use.memory = false (default)
2019-10-08 10:57:46,903 [pool-413-thread-1] INFO  server.RaftServerConfigKeys (ConfUtils.java:logGet(43)) - raft.server.log.purge.gap = 1000000 (custom)
2019-10-08 10:57:46,903 [pool-413-thread-1] INFO  server.RaftServerConfigKeys (ConfUtils.java:logGet(43)) - raft.server.log.appender.buffer.byte-limit = 33554432 (custom)
2019-10-08 10:57:46,903 [pool-413-thread-1] INFO  server.RaftServerConfigKeys (ConfUtils.java:logGet(43)) - raft.server.log.segment.size.max = 1048576 (custom)
2019-10-08 10:57:46,904 [pool-413-thread-1] INFO  server.RaftServerConfigKeys (ConfUtils.java:logGet(43)) - raft.server.log.segment.cache.num.max = 2 (custom)
2019-10-08 10:57:46,905 [pool-413-thread-1] INFO  segmented.SegmentedRaftLogWorker (SegmentedRaftLogWorker.java:<init>(173)) - new 865e2b69-9c7e-4aae-bb3d-c58a3c180f3d@group-497817897C5C-SegmentedRaftLogWorker for RaftStorage:Storage Directory /workdir/hadoop-ozone/integration-test/target/test-dir/MiniOzoneClusterImpl-36a35b56-4904-4029-83df-6869c87f60be/datanode-3/data/ratis/3abc857b-257b-4857-99a3-497817897c5c
2019-10-08 10:57:46,905 [pool-413-thread-1] INFO  server.RaftServerConfigKeys (ConfUtils.java:logGet(43)) - raft.server.log.queue.byte-limit = 2147483647 (custom)
2019-10-08 10:57:46,905 [pool-413-thread-1] INFO  server.RaftServerConfigKeys (ConfUtils.java:logGet(43)) - raft.server.log.queue.element-limit = 1024 (custom)
2019-10-08 10:57:46,905 [pool-413-thread-1] INFO  server.RaftServerConfigKeys (ConfUtils.java:logGet(43)) - raft.server.log.segment.size.max = 1048576 (custom)
2019-10-08 10:57:46,905 [pool-413-thread-1] INFO  server.RaftServerConfigKeys (ConfUtils.java:logGet(43)) - raft.server.log.preallocated.size = 16384 (custom)
2019-10-08 10:57:46,905 [pool-413-thread-1] INFO  server.RaftServerConfigKeys (ConfUtils.java:logGet(43)) - raft.server.log.write.buffer.size = 33554432 (custom)
2019-10-08 10:57:46,905 [pool-413-thread-1] INFO  server.RaftServerConfigKeys (ConfUtils.java:logGet(43)) - raft.server.log.force.sync.num = 128 (default)
2019-10-08 10:57:46,905 [pool-413-thread-1] INFO  server.RaftServerConfigKeys (ConfUtils.java:logGet(43)) - raft.server.log.statemachine.data.sync = true (default)
2019-10-08 10:57:46,906 [pool-413-thread-1] INFO  server.RaftServerConfigKeys (ConfUtils.java:logGet(43)) - raft.server.log.statemachine.data.sync.timeout = 10s (default)
2019-10-08 10:57:46,906 [pool-413-thread-1] INFO  server.RaftServerConfigKeys (ConfUtils.java:logGet(43)) - raft.server.log.statemachine.data.sync.timeout.retry = -1 (default)
2019-10-08 10:57:46,906 [pool-413-thread-1] INFO  server.RaftServerConfigKeys (ConfUtils.java:logGet(43)) - raft.server.log.statemachine.data.caching.enabled = true (custom)
2019-10-08 10:57:46,906 [pool-413-thread-1] INFO  segmented.SegmentedRaftLogWorker (SegmentedRaftLogWorker.java:lambda$new$0(128)) - 865e2b69-9c7e-4aae-bb3d-c58a3c180f3d@group-497817897C5C-SegmentedRaftLogWorker: flushIndex: setUnconditionally 0 -> -1
2019-10-08 10:57:46,906 [pool-413-thread-1] INFO  server.RaftServerConfigKeys (ConfUtils.java:logGet(43)) - raft.server.snapshot.auto.trigger.enabled = true (custom)
2019-10-08 10:57:46,907 [pool-413-thread-1] INFO  server.RaftServerConfigKeys (ConfUtils.java:logGet(43)) - raft.server.snapshot.auto.trigger.threshold = 10000 (custom)
2019-10-08 10:57:46,907 [pool-413-thread-1] INFO  server.RaftServerConfigKeys (ConfUtils.java:logGet(43)) - raft.server.snapshot.retention.file.num = 5 (custom)
2019-10-08 10:57:46,907 [pool-413-thread-1] INFO  server.RaftServerConfigKeys (ConfUtils.java:logGet(43)) - raft.server.retrycache.expirytime = 600000ms (custom)
2019-10-08 10:57:46,908 [pool-413-thread-1] INFO  impl.RaftServerImpl (RaftServerImpl.java:start(181)) - 865e2b69-9c7e-4aae-bb3d-c58a3c180f3d@group-497817897C5C: start as a follower, conf=-1: [865e2b69-9c7e-4aae-bb3d-c58a3c180f3d:192.168.30.18:42611], old=null
2019-10-08 10:57:46,908 [pool-413-thread-1] INFO  impl.RaftServerImpl (RaftServerImpl.java:setRole(170)) - 865e2b69-9c7e-4aae-bb3d-c58a3c180f3d@group-497817897C5C: changes role from      null to FOLLOWER at term 0 for startAsFollower
2019-10-08 10:57:46,909 [pool-413-thread-1] INFO  impl.RoleInfo (RoleInfo.java:updateAndGet(143)) - 865e2b69-9c7e-4aae-bb3d-c58a3c180f3d: start FollowerState
2019-10-08 10:57:46,909 [pool-413-thread-1] INFO  util.JmxRegister (JmxRegister.java:tryRegister(44)) - Successfully registered JMX Bean with object name Ratis:service=RaftServer,group=group-497817897C5C,id=865e2b69-9c7e-4aae-bb3d-c58a3c180f3d
2019-10-08 10:57:46,913 [RatisPipelineUtilsThread] INFO  pipeline.PipelineStateManager (PipelineStateManager.java:addPipeline(56)) - Created pipeline Pipeline[ Id: 3abc857b-257b-4857-99a3-497817897c5c, Nodes: 865e2b69-9c7e-4aae-bb3d-c58a3c180f3d{ip: 192.168.30.18, host: pr-hdds-2196-cli-protobuf-v467f-1934461745, networkLocation: /default-rack, certSerialId: null}, Type:RATIS, Factor:ONE, State:OPEN]
2019-10-08 10:57:46,920 [grpc-default-executor-9] INFO  impl.RaftServerProxy (RaftServerProxy.java:addNew(89)) - bbd5fcdc-1b0d-46c8-9116-4a6b00dcbf65: addNew group-0F63C2B65DE8:[bbd5fcdc-1b0d-46c8-9116-4a6b00dcbf65:192.168.30.18:45344] returns group-0F63C2B65DE8:java.util.concurrent.CompletableFuture@47f9c68a[Not completed]
2019-10-08 10:57:46,921 [pool-423-thread-1] INFO  impl.RaftServerImpl (RaftServerImpl.java:<init>(95)) - bbd5fcdc-1b0d-46c8-9116-4a6b00dcbf65: new RaftServerImpl for group-0F63C2B65DE8:[bbd5fcdc-1b0d-46c8-9116-4a6b00dcbf65:192.168.30.18:45344] with ContainerStateMachine:uninitialized
2019-10-08 10:57:46,921 [pool-423-thread-1] INFO  server.RaftServerConfigKeys (ConfUtils.java:logGet(43)) - raft.server.rpc.timeout.min = 5s (custom)
2019-10-08 10:57:46,921 [pool-423-thread-1] INFO  server.RaftServerConfigKeys (ConfUtils.java:logGet(43)) - raft.server.rpc.timeout.max = 5200ms (custom)
2019-10-08 10:57:46,922 [pool-423-thread-1] INFO  server.RaftServerConfigKeys (ConfUtils.java:logGet(43)) - raft.server.rpcslowness.timeout = 120s (custom)
2019-10-08 10:57:46,922 [pool-423-thread-1] INFO  server.RaftServerConfigKeys (ConfUtils.java:logGet(43)) - raft.server.sleep.deviation.threshold = 300 (default)
2019-10-08 10:57:46,922 [pool-423-thread-1] INFO  server.RaftServerConfigKeys (ConfUtils.java:logGet(43)) - raft.server.log.appender.install.snapshot.enabled = false (custom)
2019-10-08 10:57:46,922 [pool-423-thread-1] INFO  impl.RaftServerImpl (ServerState.java:<init>(103)) - bbd5fcdc-1b0d-46c8-9116-4a6b00dcbf65@group-0F63C2B65DE8: ConfigurationManager, init=-1: [bbd5fcdc-1b0d-46c8-9116-4a6b00dcbf65:192.168.30.18:45344], old=null, confs=<EMPTY_MAP>
2019-10-08 10:57:46,922 [pool-423-thread-1] INFO  server.RaftServerConfigKeys (ConfUtils.java:logGet(43)) - raft.server.storage.dir = [/workdir/hadoop-ozone/integration-test/target/test-dir/MiniOzoneClusterImpl-36a35b56-4904-4029-83df-6869c87f60be/datanode-4/data/ratis] (custom)
2019-10-08 10:57:46,922 [pool-423-thread-1] INFO  server.RaftServerConfigKeys (ConfUtils.java:logGet(43)) - raft.server.log.corruption.policy = EXCEPTION (default)
2019-10-08 10:57:46,923 [pool-423-thread-1] INFO  storage.RaftStorageDirectory (RaftStorageDirectory.java:analyzeStorage(246)) - The storage directory /workdir/hadoop-ozone/integration-test/target/test-dir/MiniOzoneClusterImpl-36a35b56-4904-4029-83df-6869c87f60be/datanode-4/data/ratis/562337df-2b85-41d3-b465-0f63c2b65de8 does not exist. Creating ...
2019-10-08 10:57:46,927 [pool-423-thread-1] INFO  storage.RaftStorageDirectory (RaftStorageDirectory.java:tryLock(328)) - Lock on /workdir/hadoop-ozone/integration-test/target/test-dir/MiniOzoneClusterImpl-36a35b56-4904-4029-83df-6869c87f60be/datanode-4/data/ratis/562337df-2b85-41d3-b465-0f63c2b65de8/in_use.lock acquired by nodename 11468@pr-hdds-2196-cli-protobuf-v467f-1934461745
2019-10-08 10:57:46,940 [pool-423-thread-1] INFO  storage.RaftStorage (RaftStorage.java:format(84)) - Storage directory /workdir/hadoop-ozone/integration-test/target/test-dir/MiniOzoneClusterImpl-36a35b56-4904-4029-83df-6869c87f60be/datanode-4/data/ratis/562337df-2b85-41d3-b465-0f63c2b65de8 has been successfully formatted.
2019-10-08 10:57:46,940 [pool-423-thread-1] INFO  ratis.ContainerStateMachine (ContainerStateMachine.java:loadSnapshot(230)) - group-0F63C2B65DE8: The snapshot info is null. Setting the last applied indexto:(t:0, i:~)
2019-10-08 10:57:46,940 [pool-423-thread-1] INFO  server.RaftServerConfigKeys (ConfUtils.java:logGet(43)) - raft.server.notification.no-leader.timeout = 120s (custom)
2019-10-08 10:57:46,940 [pool-423-thread-1] INFO  server.RaftServerConfigKeys (ConfUtils.java:logGet(43)) - raft.server.log.use.memory = false (default)
2019-10-08 10:57:46,940 [pool-423-thread-1] INFO  server.RaftServerConfigKeys (ConfUtils.java:logGet(43)) - raft.server.log.purge.gap = 1000000 (custom)
2019-10-08 10:57:46,941 [pool-423-thread-1] INFO  server.RaftServerConfigKeys (ConfUtils.java:logGet(43)) - raft.server.log.appender.buffer.byte-limit = 33554432 (custom)
2019-10-08 10:57:46,941 [pool-423-thread-1] INFO  server.RaftServerConfigKeys (ConfUtils.java:logGet(43)) - raft.server.log.segment.size.max = 1048576 (custom)
2019-10-08 10:57:46,942 [pool-423-thread-1] INFO  server.RaftServerConfigKeys (ConfUtils.java:logGet(43)) - raft.server.log.segment.cache.num.max = 2 (custom)
2019-10-08 10:57:46,943 [pool-423-thread-1] INFO  segmented.SegmentedRaftLogWorker (SegmentedRaftLogWorker.java:<init>(173)) - new bbd5fcdc-1b0d-46c8-9116-4a6b00dcbf65@group-0F63C2B65DE8-SegmentedRaftLogWorker for RaftStorage:Storage Directory /workdir/hadoop-ozone/integration-test/target/test-dir/MiniOzoneClusterImpl-36a35b56-4904-4029-83df-6869c87f60be/datanode-4/data/ratis/562337df-2b85-41d3-b465-0f63c2b65de8
2019-10-08 10:57:46,943 [pool-423-thread-1] INFO  server.RaftServerConfigKeys (ConfUtils.java:logGet(43)) - raft.server.log.queue.byte-limit = 2147483647 (custom)
2019-10-08 10:57:46,943 [pool-423-thread-1] INFO  server.RaftServerConfigKeys (ConfUtils.java:logGet(43)) - raft.server.log.queue.element-limit = 1024 (custom)
2019-10-08 10:57:46,943 [pool-423-thread-1] INFO  server.RaftServerConfigKeys (ConfUtils.java:logGet(43)) - raft.server.log.segment.size.max = 1048576 (custom)
2019-10-08 10:57:46,943 [pool-423-thread-1] INFO  server.RaftServerConfigKeys (ConfUtils.java:logGet(43)) - raft.server.log.preallocated.size = 16384 (custom)
2019-10-08 10:57:46,943 [pool-423-thread-1] INFO  server.RaftServerConfigKeys (ConfUtils.java:logGet(43)) - raft.server.log.write.buffer.size = 33554432 (custom)
2019-10-08 10:57:46,943 [pool-423-thread-1] INFO  server.RaftServerConfigKeys (ConfUtils.java:logGet(43)) - raft.server.log.force.sync.num = 128 (default)
2019-10-08 10:57:46,943 [pool-423-thread-1] INFO  server.RaftServerConfigKeys (ConfUtils.java:logGet(43)) - raft.server.log.statemachine.data.sync = true (default)
2019-10-08 10:57:46,943 [pool-423-thread-1] INFO  server.RaftServerConfigKeys (ConfUtils.java:logGet(43)) - raft.server.log.statemachine.data.sync.timeout = 10s (default)
2019-10-08 10:57:46,944 [pool-423-thread-1] INFO  server.RaftServerConfigKeys (ConfUtils.java:logGet(43)) - raft.server.log.statemachine.data.sync.timeout.retry = -1 (default)
2019-10-08 10:57:46,944 [pool-423-thread-1] INFO  server.RaftServerConfigKeys (ConfUtils.java:logGet(43)) - raft.server.log.statemachine.data.caching.enabled = true (custom)
2019-10-08 10:57:46,944 [pool-423-thread-1] INFO  segmented.SegmentedRaftLogWorker (SegmentedRaftLogWorker.java:lambda$new$0(128)) - bbd5fcdc-1b0d-46c8-9116-4a6b00dcbf65@group-0F63C2B65DE8-SegmentedRaftLogWorker: flushIndex: setUnconditionally 0 -> -1
2019-10-08 10:57:46,944 [pool-423-thread-1] INFO  server.RaftServerConfigKeys (ConfUtils.java:logGet(43)) - raft.server.snapshot.auto.trigger.enabled = true (custom)
2019-10-08 10:57:46,944 [pool-423-thread-1] INFO  server.RaftServerConfigKeys (ConfUtils.java:logGet(43)) - raft.server.snapshot.auto.trigger.threshold = 10000 (custom)
2019-10-08 10:57:46,945 [pool-423-thread-1] INFO  server.RaftServerConfigKeys (ConfUtils.java:logGet(43)) - raft.server.snapshot.retention.file.num = 5 (custom)
2019-10-08 10:57:46,945 [pool-423-thread-1] INFO  server.RaftServerConfigKeys (ConfUtils.java:logGet(43)) - raft.server.retrycache.expirytime = 600000ms (custom)
2019-10-08 10:57:46,946 [pool-423-thread-1] INFO  impl.RaftServerImpl (RaftServerImpl.java:start(181)) - bbd5fcdc-1b0d-46c8-9116-4a6b00dcbf65@group-0F63C2B65DE8: start as a follower, conf=-1: [bbd5fcdc-1b0d-46c8-9116-4a6b00dcbf65:192.168.30.18:45344], old=null
2019-10-08 10:57:46,946 [pool-423-thread-1] INFO  impl.RaftServerImpl (RaftServerImpl.java:setRole(170)) - bbd5fcdc-1b0d-46c8-9116-4a6b00dcbf65@group-0F63C2B65DE8: changes role from      null to FOLLOWER at term 0 for startAsFollower
2019-10-08 10:57:46,946 [pool-423-thread-1] INFO  impl.RoleInfo (RoleInfo.java:updateAndGet(143)) - bbd5fcdc-1b0d-46c8-9116-4a6b00dcbf65: start FollowerState
2019-10-08 10:57:46,947 [pool-423-thread-1] INFO  util.JmxRegister (JmxRegister.java:tryRegister(44)) - Successfully registered JMX Bean with object name Ratis:service=RaftServer,group=group-0F63C2B65DE8,id=bbd5fcdc-1b0d-46c8-9116-4a6b00dcbf65
2019-10-08 10:57:46,950 [RatisPipelineUtilsThread] INFO  pipeline.PipelineStateManager (PipelineStateManager.java:addPipeline(56)) - Created pipeline Pipeline[ Id: 562337df-2b85-41d3-b465-0f63c2b65de8, Nodes: bbd5fcdc-1b0d-46c8-9116-4a6b00dcbf65{ip: 192.168.30.18, host: pr-hdds-2196-cli-protobuf-v467f-1934461745, networkLocation: /default-rack, certSerialId: null}, Type:RATIS, Factor:ONE, State:OPEN]
2019-10-08 10:57:46,969 [IPC Server handler 1 on 42380] INFO  net.NetworkTopology (NetworkTopologyImpl.java:add(111)) - Added a new node: /default-rack/1b9c3ea2-fbc7-4e63-b4cc-0fea4371ca50
2019-10-08 10:57:46,969 [IPC Server handler 1 on 42380] INFO  node.SCMNodeManager (SCMNodeManager.java:register(313)) - Registered Data node : 1b9c3ea2-fbc7-4e63-b4cc-0fea4371ca50{ip: 192.168.30.18, host: pr-hdds-2196-cli-protobuf-v467f-1934461745, networkLocation: /default-rack, certSerialId: null}
2019-10-08 10:57:46,969 [grpc-default-executor-7] INFO  impl.RaftServerProxy (RaftServerProxy.java:addNew(89)) - 61164b89-5d55-40a7-9283-a18b5a0496a0: addNew group-130B98BB3795:[c3b684e3-f66c-40af-8e69-95bf22e9e7fb:192.168.30.18:39819, 865e2b69-9c7e-4aae-bb3d-c58a3c180f3d:192.168.30.18:42611, 61164b89-5d55-40a7-9283-a18b5a0496a0:192.168.30.18:35012] returns group-130B98BB3795:java.util.concurrent.CompletableFuture@61d5daf9[Not completed]
2019-10-08 10:57:46,969 [grpc-default-executor-9] INFO  impl.RaftServerProxy (RaftServerProxy.java:addNew(89)) - 865e2b69-9c7e-4aae-bb3d-c58a3c180f3d: addNew group-130B98BB3795:[c3b684e3-f66c-40af-8e69-95bf22e9e7fb:192.168.30.18:39819, 865e2b69-9c7e-4aae-bb3d-c58a3c180f3d:192.168.30.18:42611, 61164b89-5d55-40a7-9283-a18b5a0496a0:192.168.30.18:35012] returns group-130B98BB3795:java.util.concurrent.CompletableFuture@35eea079[Not completed]
2019-10-08 10:57:46,969 [grpc-default-executor-8] INFO  impl.RaftServerProxy (RaftServerProxy.java:addNew(89)) - c3b684e3-f66c-40af-8e69-95bf22e9e7fb: addNew group-130B98BB3795:[c3b684e3-f66c-40af-8e69-95bf22e9e7fb:192.168.30.18:39819, 865e2b69-9c7e-4aae-bb3d-c58a3c180f3d:192.168.30.18:42611, 61164b89-5d55-40a7-9283-a18b5a0496a0:192.168.30.18:35012] returns group-130B98BB3795:java.util.concurrent.CompletableFuture@1b39d4f8[Not completed]
2019-10-08 10:57:46,970 [pool-383-thread-1] INFO  impl.RaftServerImpl (RaftServerImpl.java:<init>(95)) - 61164b89-5d55-40a7-9283-a18b5a0496a0: new RaftServerImpl for group-130B98BB3795:[c3b684e3-f66c-40af-8e69-95bf22e9e7fb:192.168.30.18:39819, 865e2b69-9c7e-4aae-bb3d-c58a3c180f3d:192.168.30.18:42611, 61164b89-5d55-40a7-9283-a18b5a0496a0:192.168.30.18:35012] with ContainerStateMachine:uninitialized
2019-10-08 10:57:46,971 [pool-383-thread-1] INFO  server.RaftServerConfigKeys (ConfUtils.java:logGet(43)) - raft.server.rpc.timeout.min = 5s (custom)
2019-10-08 10:57:46,971 [pool-383-thread-1] INFO  server.RaftServerConfigKeys (ConfUtils.java:logGet(43)) - raft.server.rpc.timeout.max = 5200ms (custom)
2019-10-08 10:57:46,971 [pool-383-thread-1] INFO  server.RaftServerConfigKeys (ConfUtils.java:logGet(43)) - raft.server.rpcslowness.timeout = 120s (custom)
2019-10-08 10:57:46,971 [pool-393-thread-1] INFO  impl.RaftServerImpl (RaftServerImpl.java:<init>(95)) - c3b684e3-f66c-40af-8e69-95bf22e9e7fb: new RaftServerImpl for group-130B98BB3795:[c3b684e3-f66c-40af-8e69-95bf22e9e7fb:192.168.30.18:39819, 865e2b69-9c7e-4aae-bb3d-c58a3c180f3d:192.168.30.18:42611, 61164b89-5d55-40a7-9283-a18b5a0496a0:192.168.30.18:35012] with ContainerStateMachine:uninitialized
2019-10-08 10:57:46,971 [pool-383-thread-1] INFO  server.RaftServerConfigKeys (ConfUtils.java:logGet(43)) - raft.server.sleep.deviation.threshold = 300 (default)
2019-10-08 10:57:46,971 [pool-393-thread-1] INFO  server.RaftServerConfigKeys (ConfUtils.java:logGet(43)) - raft.server.rpc.timeout.min = 5s (custom)
2019-10-08 10:57:46,971 [pool-383-thread-1] INFO  server.RaftServerConfigKeys (ConfUtils.java:logGet(43)) - raft.server.log.appender.install.snapshot.enabled = false (custom)
2019-10-08 10:57:46,971 [pool-393-thread-1] INFO  server.RaftServerConfigKeys (ConfUtils.java:logGet(43)) - raft.server.rpc.timeout.max = 5200ms (custom)
2019-10-08 10:57:46,972 [pool-383-thread-1] INFO  impl.RaftServerImpl (ServerState.java:<init>(103)) - 61164b89-5d55-40a7-9283-a18b5a0496a0@group-130B98BB3795: ConfigurationManager, init=-1: [c3b684e3-f66c-40af-8e69-95bf22e9e7fb:192.168.30.18:39819, 865e2b69-9c7e-4aae-bb3d-c58a3c180f3d:192.168.30.18:42611, 61164b89-5d55-40a7-9283-a18b5a0496a0:192.168.30.18:35012], old=null, confs=<EMPTY_MAP>
2019-10-08 10:57:46,972 [pool-413-thread-1] INFO  impl.RaftServerImpl (RaftServerImpl.java:<init>(95)) - 865e2b69-9c7e-4aae-bb3d-c58a3c180f3d: new RaftServerImpl for group-130B98BB3795:[c3b684e3-f66c-40af-8e69-95bf22e9e7fb:192.168.30.18:39819, 865e2b69-9c7e-4aae-bb3d-c58a3c180f3d:192.168.30.18:42611, 61164b89-5d55-40a7-9283-a18b5a0496a0:192.168.30.18:35012] with ContainerStateMachine:uninitialized
2019-10-08 10:57:46,972 [pool-393-thread-1] INFO  server.RaftServerConfigKeys (ConfUtils.java:logGet(43)) - raft.server.rpcslowness.timeout = 120s (custom)
2019-10-08 10:57:46,972 [pool-413-thread-1] INFO  server.RaftServerConfigKeys (ConfUtils.java:logGet(43)) - raft.server.rpc.timeout.min = 5s (custom)
2019-10-08 10:57:46,972 [pool-383-thread-1] INFO  server.RaftServerConfigKeys (ConfUtils.java:logGet(43)) - raft.server.storage.dir = [/workdir/hadoop-ozone/integration-test/target/test-dir/MiniOzoneClusterImpl-36a35b56-4904-4029-83df-6869c87f60be/datanode-0/data/ratis] (custom)
2019-10-08 10:57:46,972 [pool-413-thread-1] INFO  server.RaftServerConfigKeys (ConfUtils.java:logGet(43)) - raft.server.rpc.timeout.max = 5200ms (custom)
2019-10-08 10:57:46,972 [pool-413-thread-1] INFO  server.RaftServerConfigKeys (ConfUtils.java:logGet(43)) - raft.server.rpcslowness.timeout = 120s (custom)
2019-10-08 10:57:46,972 [pool-393-thread-1] INFO  server.RaftServerConfigKeys (ConfUtils.java:logGet(43)) - raft.server.sleep.deviation.threshold = 300 (default)
2019-10-08 10:57:46,972 [pool-413-thread-1] INFO  server.RaftServerConfigKeys (ConfUtils.java:logGet(43)) - raft.server.sleep.deviation.threshold = 300 (default)
2019-10-08 10:57:46,972 [pool-383-thread-1] INFO  server.RaftServerConfigKeys (ConfUtils.java:logGet(43)) - raft.server.log.corruption.policy = EXCEPTION (default)
2019-10-08 10:57:46,973 [pool-413-thread-1] INFO  server.RaftServerConfigKeys (ConfUtils.java:logGet(43)) - raft.server.log.appender.install.snapshot.enabled = false (custom)
2019-10-08 10:57:46,973 [pool-383-thread-1] INFO  storage.RaftStorageDirectory (RaftStorageDirectory.java:analyzeStorage(246)) - The storage directory /workdir/hadoop-ozone/integration-test/target/test-dir/MiniOzoneClusterImpl-36a35b56-4904-4029-83df-6869c87f60be/datanode-0/data/ratis/253a36da-c869-4594-b675-130b98bb3795 does not exist. Creating ...
2019-10-08 10:57:46,972 [pool-393-thread-1] INFO  server.RaftServerConfigKeys (ConfUtils.java:logGet(43)) - raft.server.log.appender.install.snapshot.enabled = false (custom)
2019-10-08 10:57:46,973 [pool-413-thread-1] INFO  impl.RaftServerImpl (ServerState.java:<init>(103)) - 865e2b69-9c7e-4aae-bb3d-c58a3c180f3d@group-130B98BB3795: ConfigurationManager, init=-1: [c3b684e3-f66c-40af-8e69-95bf22e9e7fb:192.168.30.18:39819, 865e2b69-9c7e-4aae-bb3d-c58a3c180f3d:192.168.30.18:42611, 61164b89-5d55-40a7-9283-a18b5a0496a0:192.168.30.18:35012], old=null, confs=<EMPTY_MAP>
2019-10-08 10:57:46,973 [pool-393-thread-1] INFO  impl.RaftServerImpl (ServerState.java:<init>(103)) - c3b684e3-f66c-40af-8e69-95bf22e9e7fb@group-130B98BB3795: ConfigurationManager, init=-1: [c3b684e3-f66c-40af-8e69-95bf22e9e7fb:192.168.30.18:39819, 865e2b69-9c7e-4aae-bb3d-c58a3c180f3d:192.168.30.18:42611, 61164b89-5d55-40a7-9283-a18b5a0496a0:192.168.30.18:35012], old=null, confs=<EMPTY_MAP>
2019-10-08 10:57:46,973 [pool-413-thread-1] INFO  server.RaftServerConfigKeys (ConfUtils.java:logGet(43)) - raft.server.storage.dir = [/workdir/hadoop-ozone/integration-test/target/test-dir/MiniOzoneClusterImpl-36a35b56-4904-4029-83df-6869c87f60be/datanode-3/data/ratis] (custom)
2019-10-08 10:57:46,973 [pool-393-thread-1] INFO  server.RaftServerConfigKeys (ConfUtils.java:logGet(43)) - raft.server.storage.dir = [/workdir/hadoop-ozone/integration-test/target/test-dir/MiniOzoneClusterImpl-36a35b56-4904-4029-83df-6869c87f60be/datanode-1/data/ratis] (custom)
2019-10-08 10:57:46,973 [pool-413-thread-1] INFO  server.RaftServerConfigKeys (ConfUtils.java:logGet(43)) - raft.server.log.corruption.policy = EXCEPTION (default)
2019-10-08 10:57:46,974 [pool-393-thread-1] INFO  server.RaftServerConfigKeys (ConfUtils.java:logGet(43)) - raft.server.log.corruption.policy = EXCEPTION (default)
2019-10-08 10:57:46,974 [pool-413-thread-1] INFO  storage.RaftStorageDirectory (RaftStorageDirectory.java:analyzeStorage(246)) - The storage directory /workdir/hadoop-ozone/integration-test/target/test-dir/MiniOzoneClusterImpl-36a35b56-4904-4029-83df-6869c87f60be/datanode-3/data/ratis/253a36da-c869-4594-b675-130b98bb3795 does not exist. Creating ...
2019-10-08 10:57:46,974 [pool-393-thread-1] INFO  storage.RaftStorageDirectory (RaftStorageDirectory.java:analyzeStorage(246)) - The storage directory /workdir/hadoop-ozone/integration-test/target/test-dir/MiniOzoneClusterImpl-36a35b56-4904-4029-83df-6869c87f60be/datanode-1/data/ratis/253a36da-c869-4594-b675-130b98bb3795 does not exist. Creating ...
2019-10-08 10:57:46,986 [pool-413-thread-1] INFO  storage.RaftStorageDirectory (RaftStorageDirectory.java:tryLock(328)) - Lock on /workdir/hadoop-ozone/integration-test/target/test-dir/MiniOzoneClusterImpl-36a35b56-4904-4029-83df-6869c87f60be/datanode-3/data/ratis/253a36da-c869-4594-b675-130b98bb3795/in_use.lock acquired by nodename 11468@pr-hdds-2196-cli-protobuf-v467f-1934461745
2019-10-08 10:57:46,986 [pool-393-thread-1] INFO  storage.RaftStorageDirectory (RaftStorageDirectory.java:tryLock(328)) - Lock on /workdir/hadoop-ozone/integration-test/target/test-dir/MiniOzoneClusterImpl-36a35b56-4904-4029-83df-6869c87f60be/datanode-1/data/ratis/253a36da-c869-4594-b675-130b98bb3795/in_use.lock acquired by nodename 11468@pr-hdds-2196-cli-protobuf-v467f-1934461745
2019-10-08 10:57:46,986 [pool-383-thread-1] INFO  storage.RaftStorageDirectory (RaftStorageDirectory.java:tryLock(328)) - Lock on /workdir/hadoop-ozone/integration-test/target/test-dir/MiniOzoneClusterImpl-36a35b56-4904-4029-83df-6869c87f60be/datanode-0/data/ratis/253a36da-c869-4594-b675-130b98bb3795/in_use.lock acquired by nodename 11468@pr-hdds-2196-cli-protobuf-v467f-1934461745
2019-10-08 10:57:47,001 [pool-413-thread-1] INFO  storage.RaftStorage (RaftStorage.java:format(84)) - Storage directory /workdir/hadoop-ozone/integration-test/target/test-dir/MiniOzoneClusterImpl-36a35b56-4904-4029-83df-6869c87f60be/datanode-3/data/ratis/253a36da-c869-4594-b675-130b98bb3795 has been successfully formatted.
2019-10-08 10:57:47,001 [pool-383-thread-1] INFO  storage.RaftStorage (RaftStorage.java:format(84)) - Storage directory /workdir/hadoop-ozone/integration-test/target/test-dir/MiniOzoneClusterImpl-36a35b56-4904-4029-83df-6869c87f60be/datanode-0/data/ratis/253a36da-c869-4594-b675-130b98bb3795 has been successfully formatted.
2019-10-08 10:57:47,001 [pool-393-thread-1] INFO  storage.RaftStorage (RaftStorage.java:format(84)) - Storage directory /workdir/hadoop-ozone/integration-test/target/test-dir/MiniOzoneClusterImpl-36a35b56-4904-4029-83df-6869c87f60be/datanode-1/data/ratis/253a36da-c869-4594-b675-130b98bb3795 has been successfully formatted.
2019-10-08 10:57:47,001 [pool-383-thread-1] INFO  ratis.ContainerStateMachine (ContainerStateMachine.java:loadSnapshot(230)) - group-130B98BB3795: The snapshot info is null. Setting the last applied indexto:(t:0, i:~)
2019-10-08 10:57:47,001 [pool-413-thread-1] INFO  ratis.ContainerStateMachine (ContainerStateMachine.java:loadSnapshot(230)) - group-130B98BB3795: The snapshot info is null. Setting the last applied indexto:(t:0, i:~)
2019-10-08 10:57:47,001 [pool-393-thread-1] INFO  ratis.ContainerStateMachine (ContainerStateMachine.java:loadSnapshot(230)) - group-130B98BB3795: The snapshot info is null. Setting the last applied indexto:(t:0, i:~)
2019-10-08 10:57:47,001 [pool-383-thread-1] INFO  server.RaftServerConfigKeys (ConfUtils.java:logGet(43)) - raft.server.notification.no-leader.timeout = 120s (custom)
2019-10-08 10:57:47,001 [pool-393-thread-1] INFO  server.RaftServerConfigKeys (ConfUtils.java:logGet(43)) - raft.server.notification.no-leader.timeout = 120s (custom)
2019-10-08 10:57:47,001 [pool-413-thread-1] INFO  server.RaftServerConfigKeys (ConfUtils.java:logGet(43)) - raft.server.notification.no-leader.timeout = 120s (custom)
2019-10-08 10:57:47,001 [pool-393-thread-1] INFO  server.RaftServerConfigKeys (ConfUtils.java:logGet(43)) - raft.server.log.use.memory = false (default)
2019-10-08 10:57:47,001 [pool-383-thread-1] INFO  server.RaftServerConfigKeys (ConfUtils.java:logGet(43)) - raft.server.log.use.memory = false (default)
2019-10-08 10:57:47,002 [pool-393-thread-1] INFO  server.RaftServerConfigKeys (ConfUtils.java:logGet(43)) - raft.server.log.purge.gap = 1000000 (custom)
2019-10-08 10:57:47,001 [pool-413-thread-1] INFO  server.RaftServerConfigKeys (ConfUtils.java:logGet(43)) - raft.server.log.use.memory = false (default)
2019-10-08 10:57:47,002 [pool-393-thread-1] INFO  server.RaftServerConfigKeys (ConfUtils.java:logGet(43)) - raft.server.log.appender.buffer.byte-limit = 33554432 (custom)
2019-10-08 10:57:47,002 [pool-383-thread-1] INFO  server.RaftServerConfigKeys (ConfUtils.java:logGet(43)) - raft.server.log.purge.gap = 1000000 (custom)
2019-10-08 10:57:47,002 [pool-393-thread-1] INFO  server.RaftServerConfigKeys (ConfUtils.java:logGet(43)) - raft.server.log.segment.size.max = 1048576 (custom)
2019-10-08 10:57:47,002 [pool-413-thread-1] INFO  server.RaftServerConfigKeys (ConfUtils.java:logGet(43)) - raft.server.log.purge.gap = 1000000 (custom)
2019-10-08 10:57:47,002 [pool-393-thread-1] INFO  server.RaftServerConfigKeys (ConfUtils.java:logGet(43)) - raft.server.log.segment.cache.num.max = 2 (custom)
2019-10-08 10:57:47,002 [pool-383-thread-1] INFO  server.RaftServerConfigKeys (ConfUtils.java:logGet(43)) - raft.server.log.appender.buffer.byte-limit = 33554432 (custom)
2019-10-08 10:57:47,002 [pool-393-thread-1] INFO  segmented.SegmentedRaftLogWorker (SegmentedRaftLogWorker.java:<init>(173)) - new c3b684e3-f66c-40af-8e69-95bf22e9e7fb@group-130B98BB3795-SegmentedRaftLogWorker for RaftStorage:Storage Directory /workdir/hadoop-ozone/integration-test/target/test-dir/MiniOzoneClusterImpl-36a35b56-4904-4029-83df-6869c87f60be/datanode-1/data/ratis/253a36da-c869-4594-b675-130b98bb3795
2019-10-08 10:57:47,002 [pool-413-thread-1] INFO  server.RaftServerConfigKeys (ConfUtils.java:logGet(43)) - raft.server.log.appender.buffer.byte-limit = 33554432 (custom)
2019-10-08 10:57:47,003 [pool-393-thread-1] INFO  server.RaftServerConfigKeys (ConfUtils.java:logGet(43)) - raft.server.log.queue.byte-limit = 2147483647 (custom)
2019-10-08 10:57:47,002 [pool-383-thread-1] INFO  server.RaftServerConfigKeys (ConfUtils.java:logGet(43)) - raft.server.log.segment.size.max = 1048576 (custom)
2019-10-08 10:57:47,003 [pool-393-thread-1] INFO  server.RaftServerConfigKeys (ConfUtils.java:logGet(43)) - raft.server.log.queue.element-limit = 1024 (custom)
2019-10-08 10:57:47,003 [pool-413-thread-1] INFO  server.RaftServerConfigKeys (ConfUtils.java:logGet(43)) - raft.server.log.segment.size.max = 1048576 (custom)
2019-10-08 10:57:47,003 [pool-393-thread-1] INFO  server.RaftServerConfigKeys (ConfUtils.java:logGet(43)) - raft.server.log.segment.size.max = 1048576 (custom)
2019-10-08 10:57:47,003 [pool-383-thread-1] INFO  server.RaftServerConfigKeys (ConfUtils.java:logGet(43)) - raft.server.log.segment.cache.num.max = 2 (custom)
2019-10-08 10:57:47,003 [pool-393-thread-1] INFO  server.RaftServerConfigKeys (ConfUtils.java:logGet(43)) - raft.server.log.preallocated.size = 16384 (custom)
2019-10-08 10:57:47,003 [pool-413-thread-1] INFO  server.RaftServerConfigKeys (ConfUtils.java:logGet(43)) - raft.server.log.segment.cache.num.max = 2 (custom)
2019-10-08 10:57:47,003 [pool-393-thread-1] INFO  server.RaftServerConfigKeys (ConfUtils.java:logGet(43)) - raft.server.log.write.buffer.size = 33554432 (custom)
2019-10-08 10:57:47,003 [pool-383-thread-1] INFO  segmented.SegmentedRaftLogWorker (SegmentedRaftLogWorker.java:<init>(173)) - new 61164b89-5d55-40a7-9283-a18b5a0496a0@group-130B98BB3795-SegmentedRaftLogWorker for RaftStorage:Storage Directory /workdir/hadoop-ozone/integration-test/target/test-dir/MiniOzoneClusterImpl-36a35b56-4904-4029-83df-6869c87f60be/datanode-0/data/ratis/253a36da-c869-4594-b675-130b98bb3795
2019-10-08 10:57:47,004 [pool-393-thread-1] INFO  server.RaftServerConfigKeys (ConfUtils.java:logGet(43)) - raft.server.log.force.sync.num = 128 (default)
2019-10-08 10:57:47,003 [pool-413-thread-1] INFO  segmented.SegmentedRaftLogWorker (SegmentedRaftLogWorker.java:<init>(173)) - new 865e2b69-9c7e-4aae-bb3d-c58a3c180f3d@group-130B98BB3795-SegmentedRaftLogWorker for RaftStorage:Storage Directory /workdir/hadoop-ozone/integration-test/target/test-dir/MiniOzoneClusterImpl-36a35b56-4904-4029-83df-6869c87f60be/datanode-3/data/ratis/253a36da-c869-4594-b675-130b98bb3795
2019-10-08 10:57:47,004 [pool-393-thread-1] INFO  server.RaftServerConfigKeys (ConfUtils.java:logGet(43)) - raft.server.log.statemachine.data.sync = true (default)
2019-10-08 10:57:47,004 [pool-383-thread-1] INFO  server.RaftServerConfigKeys (ConfUtils.java:logGet(43)) - raft.server.log.queue.byte-limit = 2147483647 (custom)
2019-10-08 10:57:47,004 [pool-393-thread-1] INFO  server.RaftServerConfigKeys (ConfUtils.java:logGet(43)) - raft.server.log.statemachine.data.sync.timeout = 10s (default)
2019-10-08 10:57:47,004 [pool-413-thread-1] INFO  server.RaftServerConfigKeys (ConfUtils.java:logGet(43)) - raft.server.log.queue.byte-limit = 2147483647 (custom)
2019-10-08 10:57:47,004 [pool-393-thread-1] INFO  server.RaftServerConfigKeys (ConfUtils.java:logGet(43)) - raft.server.log.statemachine.data.sync.timeout.retry = -1 (default)
2019-10-08 10:57:47,004 [pool-383-thread-1] INFO  server.RaftServerConfigKeys (ConfUtils.java:logGet(43)) - raft.server.log.queue.element-limit = 1024 (custom)
2019-10-08 10:57:47,004 [pool-393-thread-1] INFO  server.RaftServerConfigKeys (ConfUtils.java:logGet(43)) - raft.server.log.statemachine.data.caching.enabled = true (custom)
2019-10-08 10:57:47,004 [pool-413-thread-1] INFO  server.RaftServerConfigKeys (ConfUtils.java:logGet(43)) - raft.server.log.queue.element-limit = 1024 (custom)
2019-10-08 10:57:47,004 [pool-383-thread-1] INFO  server.RaftServerConfigKeys (ConfUtils.java:logGet(43)) - raft.server.log.segment.size.max = 1048576 (custom)
2019-10-08 10:57:47,005 [pool-393-thread-1] INFO  segmented.SegmentedRaftLogWorker (SegmentedRaftLogWorker.java:lambda$new$0(128)) - c3b684e3-f66c-40af-8e69-95bf22e9e7fb@group-130B98BB3795-SegmentedRaftLogWorker: flushIndex: setUnconditionally 0 -> -1
2019-10-08 10:57:47,004 [pool-413-thread-1] INFO  server.RaftServerConfigKeys (ConfUtils.java:logGet(43)) - raft.server.log.segment.size.max = 1048576 (custom)
2019-10-08 10:57:47,005 [pool-383-thread-1] INFO  server.RaftServerConfigKeys (ConfUtils.java:logGet(43)) - raft.server.log.preallocated.size = 16384 (custom)
2019-10-08 10:57:47,005 [pool-393-thread-1] INFO  server.RaftServerConfigKeys (ConfUtils.java:logGet(43)) - raft.server.snapshot.auto.trigger.enabled = true (custom)
2019-10-08 10:57:47,005 [pool-413-thread-1] INFO  server.RaftServerConfigKeys (ConfUtils.java:logGet(43)) - raft.server.log.preallocated.size = 16384 (custom)
2019-10-08 10:57:47,005 [pool-393-thread-1] INFO  server.RaftServerConfigKeys (ConfUtils.java:logGet(43)) - raft.server.snapshot.auto.trigger.threshold = 10000 (custom)
2019-10-08 10:57:47,005 [pool-383-thread-1] INFO  server.RaftServerConfigKeys (ConfUtils.java:logGet(43)) - raft.server.log.write.buffer.size = 33554432 (custom)
2019-10-08 10:57:47,005 [pool-393-thread-1] INFO  server.RaftServerConfigKeys (ConfUtils.java:logGet(43)) - raft.server.snapshot.retention.file.num = 5 (custom)
2019-10-08 10:57:47,005 [pool-413-thread-1] INFO  server.RaftServerConfigKeys (ConfUtils.java:logGet(43)) - raft.server.log.write.buffer.size = 33554432 (custom)
2019-10-08 10:57:47,005 [pool-393-thread-1] INFO  server.RaftServerConfigKeys (ConfUtils.java:logGet(43)) - raft.server.retrycache.expirytime = 600000ms (custom)
2019-10-08 10:57:47,005 [pool-383-thread-1] INFO  server.RaftServerConfigKeys (ConfUtils.java:logGet(43)) - raft.server.log.force.sync.num = 128 (default)
2019-10-08 10:57:47,005 [pool-413-thread-1] INFO  server.RaftServerConfigKeys (ConfUtils.java:logGet(43)) - raft.server.log.force.sync.num = 128 (default)
2019-10-08 10:57:47,005 [pool-383-thread-1] INFO  server.RaftServerConfigKeys (ConfUtils.java:logGet(43)) - raft.server.log.statemachine.data.sync = true (default)
2019-10-08 10:57:47,006 [pool-413-thread-1] INFO  server.RaftServerConfigKeys (ConfUtils.java:logGet(43)) - raft.server.log.statemachine.data.sync = true (default)
2019-10-08 10:57:47,006 [pool-383-thread-1] INFO  server.RaftServerConfigKeys (ConfUtils.java:logGet(43)) - raft.server.log.statemachine.data.sync.timeout = 10s (default)
2019-10-08 10:57:47,006 [pool-413-thread-1] INFO  server.RaftServerConfigKeys (ConfUtils.java:logGet(43)) - raft.server.log.statemachine.data.sync.timeout = 10s (default)
2019-10-08 10:57:47,006 [pool-383-thread-1] INFO  server.RaftServerConfigKeys (ConfUtils.java:logGet(43)) - raft.server.log.statemachine.data.sync.timeout.retry = -1 (default)
2019-10-08 10:57:47,006 [pool-413-thread-1] INFO  server.RaftServerConfigKeys (ConfUtils.java:logGet(43)) - raft.server.log.statemachine.data.sync.timeout.retry = -1 (default)
2019-10-08 10:57:47,006 [pool-383-thread-1] INFO  server.RaftServerConfigKeys (ConfUtils.java:logGet(43)) - raft.server.log.statemachine.data.caching.enabled = true (custom)
2019-10-08 10:57:47,006 [pool-413-thread-1] INFO  server.RaftServerConfigKeys (ConfUtils.java:logGet(43)) - raft.server.log.statemachine.data.caching.enabled = true (custom)
2019-10-08 10:57:47,006 [pool-383-thread-1] INFO  segmented.SegmentedRaftLogWorker (SegmentedRaftLogWorker.java:lambda$new$0(128)) - 61164b89-5d55-40a7-9283-a18b5a0496a0@group-130B98BB3795-SegmentedRaftLogWorker: flushIndex: setUnconditionally 0 -> -1
2019-10-08 10:57:47,006 [pool-413-thread-1] INFO  segmented.SegmentedRaftLogWorker (SegmentedRaftLogWorker.java:lambda$new$0(128)) - 865e2b69-9c7e-4aae-bb3d-c58a3c180f3d@group-130B98BB3795-SegmentedRaftLogWorker: flushIndex: setUnconditionally 0 -> -1
2019-10-08 10:57:47,007 [pool-383-thread-1] INFO  server.RaftServerConfigKeys (ConfUtils.java:logGet(43)) - raft.server.snapshot.auto.trigger.enabled = true (custom)
2019-10-08 10:57:47,007 [pool-383-thread-1] INFO  server.RaftServerConfigKeys (ConfUtils.java:logGet(43)) - raft.server.snapshot.auto.trigger.threshold = 10000 (custom)
2019-10-08 10:57:47,007 [pool-393-thread-1] INFO  impl.RaftServerImpl (RaftServerImpl.java:start(181)) - c3b684e3-f66c-40af-8e69-95bf22e9e7fb@group-130B98BB3795: start as a follower, conf=-1: [c3b684e3-f66c-40af-8e69-95bf22e9e7fb:192.168.30.18:39819, 865e2b69-9c7e-4aae-bb3d-c58a3c180f3d:192.168.30.18:42611, 61164b89-5d55-40a7-9283-a18b5a0496a0:192.168.30.18:35012], old=null
2019-10-08 10:57:47,007 [pool-413-thread-1] INFO  server.RaftServerConfigKeys (ConfUtils.java:logGet(43)) - raft.server.snapshot.auto.trigger.enabled = true (custom)
2019-10-08 10:57:47,007 [pool-393-thread-1] INFO  impl.RaftServerImpl (RaftServerImpl.java:setRole(170)) - c3b684e3-f66c-40af-8e69-95bf22e9e7fb@group-130B98BB3795: changes role from      null to FOLLOWER at term 0 for startAsFollower
2019-10-08 10:57:47,007 [pool-383-thread-1] INFO  server.RaftServerConfigKeys (ConfUtils.java:logGet(43)) - raft.server.snapshot.retention.file.num = 5 (custom)
2019-10-08 10:57:47,007 [pool-393-thread-1] INFO  impl.RoleInfo (RoleInfo.java:updateAndGet(143)) - c3b684e3-f66c-40af-8e69-95bf22e9e7fb: start FollowerState
2019-10-08 10:57:47,007 [pool-413-thread-1] INFO  server.RaftServerConfigKeys (ConfUtils.java:logGet(43)) - raft.server.snapshot.auto.trigger.threshold = 10000 (custom)
2019-10-08 10:57:47,007 [pool-383-thread-1] INFO  server.RaftServerConfigKeys (ConfUtils.java:logGet(43)) - raft.server.retrycache.expirytime = 600000ms (custom)
2019-10-08 10:57:47,007 [pool-413-thread-1] INFO  server.RaftServerConfigKeys (ConfUtils.java:logGet(43)) - raft.server.snapshot.retention.file.num = 5 (custom)
2019-10-08 10:57:47,007 [pool-393-thread-1] INFO  util.JmxRegister (JmxRegister.java:tryRegister(44)) - Successfully registered JMX Bean with object name Ratis:service=RaftServer,group=group-130B98BB3795,id=c3b684e3-f66c-40af-8e69-95bf22e9e7fb
2019-10-08 10:57:47,007 [pool-413-thread-1] INFO  server.RaftServerConfigKeys (ConfUtils.java:logGet(43)) - raft.server.retrycache.expirytime = 600000ms (custom)
2019-10-08 10:57:47,010 [pool-383-thread-1] INFO  impl.RaftServerImpl (RaftServerImpl.java:start(181)) - 61164b89-5d55-40a7-9283-a18b5a0496a0@group-130B98BB3795: start as a follower, conf=-1: [c3b684e3-f66c-40af-8e69-95bf22e9e7fb:192.168.30.18:39819, 865e2b69-9c7e-4aae-bb3d-c58a3c180f3d:192.168.30.18:42611, 61164b89-5d55-40a7-9283-a18b5a0496a0:192.168.30.18:35012], old=null
2019-10-08 10:57:47,010 [pool-383-thread-1] INFO  impl.RaftServerImpl (RaftServerImpl.java:setRole(170)) - 61164b89-5d55-40a7-9283-a18b5a0496a0@group-130B98BB3795: changes role from      null to FOLLOWER at term 0 for startAsFollower
2019-10-08 10:57:47,010 [pool-383-thread-1] INFO  impl.RoleInfo (RoleInfo.java:updateAndGet(143)) - 61164b89-5d55-40a7-9283-a18b5a0496a0: start FollowerState
2019-10-08 10:57:47,010 [pool-413-thread-1] INFO  impl.RaftServerImpl (RaftServerImpl.java:start(181)) - 865e2b69-9c7e-4aae-bb3d-c58a3c180f3d@group-130B98BB3795: start as a follower, conf=-1: [c3b684e3-f66c-40af-8e69-95bf22e9e7fb:192.168.30.18:39819, 865e2b69-9c7e-4aae-bb3d-c58a3c180f3d:192.168.30.18:42611, 61164b89-5d55-40a7-9283-a18b5a0496a0:192.168.30.18:35012], old=null
2019-10-08 10:57:47,010 [pool-413-thread-1] INFO  impl.RaftServerImpl (RaftServerImpl.java:setRole(170)) - 865e2b69-9c7e-4aae-bb3d-c58a3c180f3d@group-130B98BB3795: changes role from      null to FOLLOWER at term 0 for startAsFollower
2019-10-08 10:57:47,010 [pool-383-thread-1] INFO  util.JmxRegister (JmxRegister.java:tryRegister(44)) - Successfully registered JMX Bean with object name Ratis:service=RaftServer,group=group-130B98BB3795,id=61164b89-5d55-40a7-9283-a18b5a0496a0
2019-10-08 10:57:47,010 [pool-413-thread-1] INFO  impl.RoleInfo (RoleInfo.java:updateAndGet(143)) - 865e2b69-9c7e-4aae-bb3d-c58a3c180f3d: start FollowerState
2019-10-08 10:57:47,011 [pool-413-thread-1] INFO  util.JmxRegister (JmxRegister.java:tryRegister(44)) - Successfully registered JMX Bean with object name Ratis:service=RaftServer,group=group-130B98BB3795,id=865e2b69-9c7e-4aae-bb3d-c58a3c180f3d
2019-10-08 10:57:47,015 [RatisPipelineUtilsThread] INFO  pipeline.PipelineStateManager (PipelineStateManager.java:addPipeline(56)) - Created pipeline Pipeline[ Id: 253a36da-c869-4594-b675-130b98bb3795, Nodes: 61164b89-5d55-40a7-9283-a18b5a0496a0{ip: 192.168.30.18, host: pr-hdds-2196-cli-protobuf-v467f-1934461745, networkLocation: /default-rack, certSerialId: null}c3b684e3-f66c-40af-8e69-95bf22e9e7fb{ip: 192.168.30.18, host: pr-hdds-2196-cli-protobuf-v467f-1934461745, networkLocation: /default-rack, certSerialId: null}865e2b69-9c7e-4aae-bb3d-c58a3c180f3d{ip: 192.168.30.18, host: pr-hdds-2196-cli-protobuf-v467f-1934461745, networkLocation: /default-rack, certSerialId: null}, Type:RATIS, Factor:THREE, State:OPEN]
2019-10-08 10:57:47,026 [grpc-default-executor-9] INFO  impl.RaftServerProxy (RaftServerProxy.java:addNew(89)) - 828d5ca9-ddb7-4482-86ef-78aa46598911: addNew group-31EF8E3D5778:[1b9c3ea2-fbc7-4e63-b4cc-0fea4371ca50:192.168.30.18:32774, bbd5fcdc-1b0d-46c8-9116-4a6b00dcbf65:192.168.30.18:45344, 828d5ca9-ddb7-4482-86ef-78aa46598911:192.168.30.18:33402] returns group-31EF8E3D5778:java.util.concurrent.CompletableFuture@533b2da[Not completed]
2019-10-08 10:57:47,026 [grpc-default-executor-8] INFO  impl.RaftServerProxy (RaftServerProxy.java:addNew(89)) - bbd5fcdc-1b0d-46c8-9116-4a6b00dcbf65: addNew group-31EF8E3D5778:[1b9c3ea2-fbc7-4e63-b4cc-0fea4371ca50:192.168.30.18:32774, bbd5fcdc-1b0d-46c8-9116-4a6b00dcbf65:192.168.30.18:45344, 828d5ca9-ddb7-4482-86ef-78aa46598911:192.168.30.18:33402] returns group-31EF8E3D5778:java.util.concurrent.CompletableFuture@4fe9c2de[Not completed]
2019-10-08 10:57:47,030 [grpc-default-executor-8] INFO  impl.RaftServerProxy (RaftServerProxy.java:addNew(89)) - 1b9c3ea2-fbc7-4e63-b4cc-0fea4371ca50: addNew group-31EF8E3D5778:[1b9c3ea2-fbc7-4e63-b4cc-0fea4371ca50:192.168.30.18:32774, bbd5fcdc-1b0d-46c8-9116-4a6b00dcbf65:192.168.30.18:45344, 828d5ca9-ddb7-4482-86ef-78aa46598911:192.168.30.18:33402] returns group-31EF8E3D5778:java.util.concurrent.CompletableFuture@7bc7e20d[Not completed]
2019-10-08 10:57:47,030 [pool-403-thread-1] INFO  impl.RaftServerImpl (RaftServerImpl.java:<init>(95)) - 828d5ca9-ddb7-4482-86ef-78aa46598911: new RaftServerImpl for group-31EF8E3D5778:[1b9c3ea2-fbc7-4e63-b4cc-0fea4371ca50:192.168.30.18:32774, bbd5fcdc-1b0d-46c8-9116-4a6b00dcbf65:192.168.30.18:45344, 828d5ca9-ddb7-4482-86ef-78aa46598911:192.168.30.18:33402] with ContainerStateMachine:uninitialized
2019-10-08 10:57:47,031 [pool-403-thread-1] INFO  server.RaftServerConfigKeys (ConfUtils.java:logGet(43)) - raft.server.rpc.timeout.min = 5s (custom)
2019-10-08 10:57:47,031 [pool-403-thread-1] INFO  server.RaftServerConfigKeys (ConfUtils.java:logGet(43)) - raft.server.rpc.timeout.max = 5200ms (custom)
2019-10-08 10:57:47,031 [pool-403-thread-1] INFO  server.RaftServerConfigKeys (ConfUtils.java:logGet(43)) - raft.server.rpcslowness.timeout = 120s (custom)
2019-10-08 10:57:47,031 [pool-403-thread-1] INFO  server.RaftServerConfigKeys (ConfUtils.java:logGet(43)) - raft.server.sleep.deviation.threshold = 300 (default)
2019-10-08 10:57:47,031 [pool-423-thread-1] INFO  impl.RaftServerImpl (RaftServerImpl.java:<init>(95)) - bbd5fcdc-1b0d-46c8-9116-4a6b00dcbf65: new RaftServerImpl for group-31EF8E3D5778:[1b9c3ea2-fbc7-4e63-b4cc-0fea4371ca50:192.168.30.18:32774, bbd5fcdc-1b0d-46c8-9116-4a6b00dcbf65:192.168.30.18:45344, 828d5ca9-ddb7-4482-86ef-78aa46598911:192.168.30.18:33402] with ContainerStateMachine:uninitialized
2019-10-08 10:57:47,031 [pool-403-thread-1] INFO  server.RaftServerConfigKeys (ConfUtils.java:logGet(43)) - raft.server.log.appender.install.snapshot.enabled = false (custom)
2019-10-08 10:57:47,031 [pool-423-thread-1] INFO  server.RaftServerConfigKeys (ConfUtils.java:logGet(43)) - raft.server.rpc.timeout.min = 5s (custom)
2019-10-08 10:57:47,032 [pool-433-thread-1] INFO  impl.RaftServerImpl (RaftServerImpl.java:<init>(95)) - 1b9c3ea2-fbc7-4e63-b4cc-0fea4371ca50: new RaftServerImpl for group-31EF8E3D5778:[1b9c3ea2-fbc7-4e63-b4cc-0fea4371ca50:192.168.30.18:32774, bbd5fcdc-1b0d-46c8-9116-4a6b00dcbf65:192.168.30.18:45344, 828d5ca9-ddb7-4482-86ef-78aa46598911:192.168.30.18:33402] with ContainerStateMachine:uninitialized
2019-10-08 10:57:47,031 [pool-403-thread-1] INFO  impl.RaftServerImpl (ServerState.java:<init>(103)) - 828d5ca9-ddb7-4482-86ef-78aa46598911@group-31EF8E3D5778: ConfigurationManager, init=-1: [1b9c3ea2-fbc7-4e63-b4cc-0fea4371ca50:192.168.30.18:32774, bbd5fcdc-1b0d-46c8-9116-4a6b00dcbf65:192.168.30.18:45344, 828d5ca9-ddb7-4482-86ef-78aa46598911:192.168.30.18:33402], old=null, confs=<EMPTY_MAP>
2019-10-08 10:57:47,032 [pool-433-thread-1] INFO  server.RaftServerConfigKeys (ConfUtils.java:logGet(43)) - raft.server.rpc.timeout.min = 5s (custom)
2019-10-08 10:57:47,032 [pool-423-thread-1] INFO  server.RaftServerConfigKeys (ConfUtils.java:logGet(43)) - raft.server.rpc.timeout.max = 5200ms (custom)
2019-10-08 10:57:47,032 [pool-433-thread-1] INFO  server.RaftServerConfigKeys (ConfUtils.java:logGet(43)) - raft.server.rpc.timeout.max = 5200ms (custom)
2019-10-08 10:57:47,032 [pool-403-thread-1] INFO  server.RaftServerConfigKeys (ConfUtils.java:logGet(43)) - raft.server.storage.dir = [/workdir/hadoop-ozone/integration-test/target/test-dir/MiniOzoneClusterImpl-36a35b56-4904-4029-83df-6869c87f60be/datanode-2/data/ratis] (custom)
2019-10-08 10:57:47,032 [pool-433-thread-1] INFO  server.RaftServerConfigKeys (ConfUtils.java:logGet(43)) - raft.server.rpcslowness.timeout = 120s (custom)
2019-10-08 10:57:47,032 [pool-423-thread-1] INFO  server.RaftServerConfigKeys (ConfUtils.java:logGet(43)) - raft.server.rpcslowness.timeout = 120s (custom)
2019-10-08 10:57:47,032 [pool-403-thread-1] INFO  server.RaftServerConfigKeys (ConfUtils.java:logGet(43)) - raft.server.log.corruption.policy = EXCEPTION (default)
2019-10-08 10:57:47,032 [pool-433-thread-1] INFO  server.RaftServerConfigKeys (ConfUtils.java:logGet(43)) - raft.server.sleep.deviation.threshold = 300 (default)
2019-10-08 10:57:47,033 [pool-403-thread-1] INFO  storage.RaftStorageDirectory (RaftStorageDirectory.java:analyzeStorage(246)) - The storage directory /workdir/hadoop-ozone/integration-test/target/test-dir/MiniOzoneClusterImpl-36a35b56-4904-4029-83df-6869c87f60be/datanode-2/data/ratis/798a352e-2573-4fee-94a7-31ef8e3d5778 does not exist. Creating ...
2019-10-08 10:57:47,032 [pool-423-thread-1] INFO  server.RaftServerConfigKeys (ConfUtils.java:logGet(43)) - raft.server.sleep.deviation.threshold = 300 (default)
2019-10-08 10:57:47,033 [pool-433-thread-1] INFO  server.RaftServerConfigKeys (ConfUtils.java:logGet(43)) - raft.server.log.appender.install.snapshot.enabled = false (custom)
2019-10-08 10:57:47,033 [IPC Server handler 2 on 42380] INFO  net.NetworkTopology (NetworkTopologyImpl.java:add(111)) - Added a new node: /default-rack/848c07e3-b2dc-40c0-917c-1104704f2010
2019-10-08 10:57:47,033 [pool-423-thread-1] INFO  server.RaftServerConfigKeys (ConfUtils.java:logGet(43)) - raft.server.log.appender.install.snapshot.enabled = false (custom)
2019-10-08 10:57:47,033 [IPC Server handler 2 on 42380] INFO  node.SCMNodeManager (SCMNodeManager.java:register(313)) - Registered Data node : 848c07e3-b2dc-40c0-917c-1104704f2010{ip: 192.168.30.18, host: pr-hdds-2196-cli-protobuf-v467f-1934461745, networkLocation: /default-rack, certSerialId: null}
2019-10-08 10:57:47,033 [main] INFO  ozone.MiniOzoneClusterImpl (MiniOzoneClusterImpl.java:lambda$waitForClusterToBeReady$0(147)) - Cluster is ready. Got 7 of 7 DN Heartbeats.
2019-10-08 10:57:47,033 [pool-433-thread-1] INFO  impl.RaftServerImpl (ServerState.java:<init>(103)) - 1b9c3ea2-fbc7-4e63-b4cc-0fea4371ca50@group-31EF8E3D5778: ConfigurationManager, init=-1: [1b9c3ea2-fbc7-4e63-b4cc-0fea4371ca50:192.168.30.18:32774, bbd5fcdc-1b0d-46c8-9116-4a6b00dcbf65:192.168.30.18:45344, 828d5ca9-ddb7-4482-86ef-78aa46598911:192.168.30.18:33402], old=null, confs=<EMPTY_MAP>
2019-10-08 10:57:47,033 [pool-423-thread-1] INFO  impl.RaftServerImpl (ServerState.java:<init>(103)) - bbd5fcdc-1b0d-46c8-9116-4a6b00dcbf65@group-31EF8E3D5778: ConfigurationManager, init=-1: [1b9c3ea2-fbc7-4e63-b4cc-0fea4371ca50:192.168.30.18:32774, bbd5fcdc-1b0d-46c8-9116-4a6b00dcbf65:192.168.30.18:45344, 828d5ca9-ddb7-4482-86ef-78aa46598911:192.168.30.18:33402], old=null, confs=<EMPTY_MAP>
2019-10-08 10:57:47,034 [pool-433-thread-1] INFO  server.RaftServerConfigKeys (ConfUtils.java:logGet(43)) - raft.server.storage.dir = [/workdir/hadoop-ozone/integration-test/target/test-dir/MiniOzoneClusterImpl-36a35b56-4904-4029-83df-6869c87f60be/datanode-5/data/ratis] (custom)
2019-10-08 10:57:47,034 [pool-423-thread-1] INFO  server.RaftServerConfigKeys (ConfUtils.java:logGet(43)) - raft.server.storage.dir = [/workdir/hadoop-ozone/integration-test/target/test-dir/MiniOzoneClusterImpl-36a35b56-4904-4029-83df-6869c87f60be/datanode-4/data/ratis] (custom)
2019-10-08 10:57:47,034 [pool-433-thread-1] INFO  server.RaftServerConfigKeys (ConfUtils.java:logGet(43)) - raft.server.log.corruption.policy = EXCEPTION (default)
2019-10-08 10:57:47,034 [pool-423-thread-1] INFO  server.RaftServerConfigKeys (ConfUtils.java:logGet(43)) - raft.server.log.corruption.policy = EXCEPTION (default)
2019-10-08 10:57:47,035 [pool-433-thread-1] INFO  storage.RaftStorageDirectory (RaftStorageDirectory.java:analyzeStorage(246)) - The storage directory /workdir/hadoop-ozone/integration-test/target/test-dir/MiniOzoneClusterImpl-36a35b56-4904-4029-83df-6869c87f60be/datanode-5/data/ratis/798a352e-2573-4fee-94a7-31ef8e3d5778 does not exist. Creating ...
2019-10-08 10:57:47,035 [pool-423-thread-1] INFO  storage.RaftStorageDirectory (RaftStorageDirectory.java:analyzeStorage(246)) - The storage directory /workdir/hadoop-ozone/integration-test/target/test-dir/MiniOzoneClusterImpl-36a35b56-4904-4029-83df-6869c87f60be/datanode-4/data/ratis/798a352e-2573-4fee-94a7-31ef8e3d5778 does not exist. Creating ...
2019-10-08 10:57:47,049 [pool-423-thread-1] INFO  storage.RaftStorageDirectory (RaftStorageDirectory.java:tryLock(328)) - Lock on /workdir/hadoop-ozone/integration-test/target/test-dir/MiniOzoneClusterImpl-36a35b56-4904-4029-83df-6869c87f60be/datanode-4/data/ratis/798a352e-2573-4fee-94a7-31ef8e3d5778/in_use.lock acquired by nodename 11468@pr-hdds-2196-cli-protobuf-v467f-1934461745
2019-10-08 10:57:47,049 [pool-433-thread-1] INFO  storage.RaftStorageDirectory (RaftStorageDirectory.java:tryLock(328)) - Lock on /workdir/hadoop-ozone/integration-test/target/test-dir/MiniOzoneClusterImpl-36a35b56-4904-4029-83df-6869c87f60be/datanode-5/data/ratis/798a352e-2573-4fee-94a7-31ef8e3d5778/in_use.lock acquired by nodename 11468@pr-hdds-2196-cli-protobuf-v467f-1934461745
2019-10-08 10:57:47,049 [pool-403-thread-1] INFO  storage.RaftStorageDirectory (RaftStorageDirectory.java:tryLock(328)) - Lock on /workdir/hadoop-ozone/integration-test/target/test-dir/MiniOzoneClusterImpl-36a35b56-4904-4029-83df-6869c87f60be/datanode-2/data/ratis/798a352e-2573-4fee-94a7-31ef8e3d5778/in_use.lock acquired by nodename 11468@pr-hdds-2196-cli-protobuf-v467f-1934461745
2019-10-08 10:57:47,077 [main] INFO  rpc.RpcClient (RpcClient.java:createVolume(277)) - Creating Volume: watchforcommithandlingtest, with jenkins1000 as owner.
2019-10-08 10:57:47,078 [pool-403-thread-1] INFO  storage.RaftStorage (RaftStorage.java:format(84)) - Storage directory /workdir/hadoop-ozone/integration-test/target/test-dir/MiniOzoneClusterImpl-36a35b56-4904-4029-83df-6869c87f60be/datanode-2/data/ratis/798a352e-2573-4fee-94a7-31ef8e3d5778 has been successfully formatted.
2019-10-08 10:57:47,078 [pool-423-thread-1] INFO  storage.RaftStorage (RaftStorage.java:format(84)) - Storage directory /workdir/hadoop-ozone/integration-test/target/test-dir/MiniOzoneClusterImpl-36a35b56-4904-4029-83df-6869c87f60be/datanode-4/data/ratis/798a352e-2573-4fee-94a7-31ef8e3d5778 has been successfully formatted.
2019-10-08 10:57:47,078 [pool-403-thread-1] INFO  ratis.ContainerStateMachine (ContainerStateMachine.java:loadSnapshot(230)) - group-31EF8E3D5778: The snapshot info is null. Setting the last applied indexto:(t:0, i:~)
2019-10-08 10:57:47,078 [pool-433-thread-1] INFO  storage.RaftStorage (RaftStorage.java:format(84)) - Storage directory /workdir/hadoop-ozone/integration-test/target/test-dir/MiniOzoneClusterImpl-36a35b56-4904-4029-83df-6869c87f60be/datanode-5/data/ratis/798a352e-2573-4fee-94a7-31ef8e3d5778 has been successfully formatted.
2019-10-08 10:57:47,078 [pool-423-thread-1] INFO  ratis.ContainerStateMachine (ContainerStateMachine.java:loadSnapshot(230)) - group-31EF8E3D5778: The snapshot info is null. Setting the last applied indexto:(t:0, i:~)
2019-10-08 10:57:47,078 [pool-403-thread-1] INFO  server.RaftServerConfigKeys (ConfUtils.java:logGet(43)) - raft.server.notification.no-leader.timeout = 120s (custom)
2019-10-08 10:57:47,078 [pool-423-thread-1] INFO  server.RaftServerConfigKeys (ConfUtils.java:logGet(43)) - raft.server.notification.no-leader.timeout = 120s (custom)
2019-10-08 10:57:47,078 [pool-433-thread-1] INFO  ratis.ContainerStateMachine (ContainerStateMachine.java:loadSnapshot(230)) - group-31EF8E3D5778: The snapshot info is null. Setting the last applied indexto:(t:0, i:~)
2019-10-08 10:57:47,079 [pool-423-thread-1] INFO  server.RaftServerConfigKeys (ConfUtils.java:logGet(43)) - raft.server.log.use.memory = false (default)
2019-10-08 10:57:47,079 [pool-403-thread-1] INFO  server.RaftServerConfigKeys (ConfUtils.java:logGet(43)) - raft.server.log.use.memory = false (default)
2019-10-08 10:57:47,079 [pool-423-thread-1] INFO  server.RaftServerConfigKeys (ConfUtils.java:logGet(43)) - raft.server.log.purge.gap = 1000000 (custom)
2019-10-08 10:57:47,079 [pool-433-thread-1] INFO  server.RaftServerConfigKeys (ConfUtils.java:logGet(43)) - raft.server.notification.no-leader.timeout = 120s (custom)
2019-10-08 10:57:47,079 [pool-423-thread-1] INFO  server.RaftServerConfigKeys (ConfUtils.java:logGet(43)) - raft.server.log.appender.buffer.byte-limit = 33554432 (custom)
2019-10-08 10:57:47,079 [pool-403-thread-1] INFO  server.RaftServerConfigKeys (ConfUtils.java:logGet(43)) - raft.server.log.purge.gap = 1000000 (custom)
2019-10-08 10:57:47,079 [pool-423-thread-1] INFO  server.RaftServerConfigKeys (ConfUtils.java:logGet(43)) - raft.server.log.segment.size.max = 1048576 (custom)
2019-10-08 10:57:47,079 [pool-433-thread-1] INFO  server.RaftServerConfigKeys (ConfUtils.java:logGet(43)) - raft.server.log.use.memory = false (default)
2019-10-08 10:57:47,080 [pool-423-thread-1] INFO  server.RaftServerConfigKeys (ConfUtils.java:logGet(43)) - raft.server.log.segment.cache.num.max = 2 (custom)
2019-10-08 10:57:47,080 [pool-403-thread-1] INFO  server.RaftServerConfigKeys (ConfUtils.java:logGet(43)) - raft.server.log.appender.buffer.byte-limit = 33554432 (custom)
2019-10-08 10:57:47,080 [IPC Server handler 1 on 45965] INFO  volume.OMVolumeCreateRequest (OMVolumeCreateRequest.java:validateAndUpdateCache(193)) - created volume:watchforcommithandlingtest for user:jenkins1000
2019-10-08 10:57:47,080 [pool-423-thread-1] INFO  segmented.SegmentedRaftLogWorker (SegmentedRaftLogWorker.java:<init>(173)) - new bbd5fcdc-1b0d-46c8-9116-4a6b00dcbf65@group-31EF8E3D5778-SegmentedRaftLogWorker for RaftStorage:Storage Directory /workdir/hadoop-ozone/integration-test/target/test-dir/MiniOzoneClusterImpl-36a35b56-4904-4029-83df-6869c87f60be/datanode-4/data/ratis/798a352e-2573-4fee-94a7-31ef8e3d5778
2019-10-08 10:57:47,080 [pool-433-thread-1] INFO  server.RaftServerConfigKeys (ConfUtils.java:logGet(43)) - raft.server.log.purge.gap = 1000000 (custom)
2019-10-08 10:57:47,080 [pool-423-thread-1] INFO  server.RaftServerConfigKeys (ConfUtils.java:logGet(43)) - raft.server.log.queue.byte-limit = 2147483647 (custom)
2019-10-08 10:57:47,080 [pool-403-thread-1] INFO  server.RaftServerConfigKeys (ConfUtils.java:logGet(43)) - raft.server.log.segment.size.max = 1048576 (custom)
2019-10-08 10:57:47,081 [pool-423-thread-1] INFO  server.RaftServerConfigKeys (ConfUtils.java:logGet(43)) - raft.server.log.queue.element-limit = 1024 (custom)
2019-10-08 10:57:47,080 [pool-433-thread-1] INFO  server.RaftServerConfigKeys (ConfUtils.java:logGet(43)) - raft.server.log.appender.buffer.byte-limit = 33554432 (custom)
2019-10-08 10:57:47,081 [pool-423-thread-1] INFO  server.RaftServerConfigKeys (ConfUtils.java:logGet(43)) - raft.server.log.segment.size.max = 1048576 (custom)
2019-10-08 10:57:47,081 [pool-403-thread-1] INFO  server.RaftServerConfigKeys (ConfUtils.java:logGet(43)) - raft.server.log.segment.cache.num.max = 2 (custom)
2019-10-08 10:57:47,081 [pool-423-thread-1] INFO  server.RaftServerConfigKeys (ConfUtils.java:logGet(43)) - raft.server.log.preallocated.size = 16384 (custom)
2019-10-08 10:57:47,081 [pool-433-thread-1] INFO  server.RaftServerConfigKeys (ConfUtils.java:logGet(43)) - raft.server.log.segment.size.max = 1048576 (custom)
2019-10-08 10:57:47,081 [pool-423-thread-1] INFO  server.RaftServerConfigKeys (ConfUtils.java:logGet(43)) - raft.server.log.write.buffer.size = 33554432 (custom)
2019-10-08 10:57:47,081 [pool-403-thread-1] INFO  segmented.SegmentedRaftLogWorker (SegmentedRaftLogWorker.java:<init>(173)) - new 828d5ca9-ddb7-4482-86ef-78aa46598911@group-31EF8E3D5778-SegmentedRaftLogWorker for RaftStorage:Storage Directory /workdir/hadoop-ozone/integration-test/target/test-dir/MiniOzoneClusterImpl-36a35b56-4904-4029-83df-6869c87f60be/datanode-2/data/ratis/798a352e-2573-4fee-94a7-31ef8e3d5778
2019-10-08 10:57:47,082 [pool-423-thread-1] INFO  server.RaftServerConfigKeys (ConfUtils.java:logGet(43)) - raft.server.log.force.sync.num = 128 (default)
2019-10-08 10:57:47,082 [pool-403-thread-1] INFO  server.RaftServerConfigKeys (ConfUtils.java:logGet(43)) - raft.server.log.queue.byte-limit = 2147483647 (custom)
2019-10-08 10:57:47,082 [pool-423-thread-1] INFO  server.RaftServerConfigKeys (ConfUtils.java:logGet(43)) - raft.server.log.statemachine.data.sync = true (default)
2019-10-08 10:57:47,082 [pool-403-thread-1] INFO  server.RaftServerConfigKeys (ConfUtils.java:logGet(43)) - raft.server.log.queue.element-limit = 1024 (custom)
2019-10-08 10:57:47,082 [pool-423-thread-1] INFO  server.RaftServerConfigKeys (ConfUtils.java:logGet(43)) - raft.server.log.statemachine.data.sync.timeout = 10s (default)
2019-10-08 10:57:47,085 [pool-403-thread-1] INFO  server.RaftServerConfigKeys (ConfUtils.java:logGet(43)) - raft.server.log.segment.size.max = 1048576 (custom)
2019-10-08 10:57:47,085 [pool-423-thread-1] INFO  server.RaftServerConfigKeys (ConfUtils.java:logGet(43)) - raft.server.log.statemachine.data.sync.timeout.retry = -1 (default)
2019-10-08 10:57:47,085 [pool-403-thread-1] INFO  server.RaftServerConfigKeys (ConfUtils.java:logGet(43)) - raft.server.log.preallocated.size = 16384 (custom)
2019-10-08 10:57:47,085 [pool-423-thread-1] INFO  server.RaftServerConfigKeys (ConfUtils.java:logGet(43)) - raft.server.log.statemachine.data.caching.enabled = true (custom)
2019-10-08 10:57:47,085 [pool-403-thread-1] INFO  server.RaftServerConfigKeys (ConfUtils.java:logGet(43)) - raft.server.log.write.buffer.size = 33554432 (custom)
2019-10-08 10:57:47,085 [pool-403-thread-1] INFO  server.RaftServerConfigKeys (ConfUtils.java:logGet(43)) - raft.server.log.force.sync.num = 128 (default)
2019-10-08 10:57:47,085 [pool-423-thread-1] INFO  segmented.SegmentedRaftLogWorker (SegmentedRaftLogWorker.java:lambda$new$0(128)) - bbd5fcdc-1b0d-46c8-9116-4a6b00dcbf65@group-31EF8E3D5778-SegmentedRaftLogWorker: flushIndex: setUnconditionally 0 -> -1
2019-10-08 10:57:47,085 [pool-403-thread-1] INFO  server.RaftServerConfigKeys (ConfUtils.java:logGet(43)) - raft.server.log.statemachine.data.sync = true (default)
2019-10-08 10:57:47,086 [pool-423-thread-1] INFO  server.RaftServerConfigKeys (ConfUtils.java:logGet(43)) - raft.server.snapshot.auto.trigger.enabled = true (custom)
2019-10-08 10:57:47,086 [pool-403-thread-1] INFO  server.RaftServerConfigKeys (ConfUtils.java:logGet(43)) - raft.server.log.statemachine.data.sync.timeout = 10s (default)
2019-10-08 10:57:47,093 [pool-423-thread-1] INFO  server.RaftServerConfigKeys (ConfUtils.java:logGet(43)) - raft.server.snapshot.auto.trigger.threshold = 10000 (custom)
2019-10-08 10:57:47,093 [pool-403-thread-1] INFO  server.RaftServerConfigKeys (ConfUtils.java:logGet(43)) - raft.server.log.statemachine.data.sync.timeout.retry = -1 (default)
2019-10-08 10:57:47,093 [pool-433-thread-1] INFO  server.RaftServerConfigKeys (ConfUtils.java:logGet(43)) - raft.server.log.segment.cache.num.max = 2 (custom)
2019-10-08 10:57:47,093 [pool-423-thread-1] INFO  server.RaftServerConfigKeys (ConfUtils.java:logGet(43)) - raft.server.snapshot.retention.file.num = 5 (custom)
2019-10-08 10:57:47,094 [main] INFO  rpc.RpcClient (RpcClient.java:createBucket(416)) - Creating Bucket: watchforcommithandlingtest/watchforcommithandlingtest, with Versioning false and Storage Type set to DISK and Encryption set to false 
2019-10-08 10:57:47,094 [pool-433-thread-1] INFO  segmented.SegmentedRaftLogWorker (SegmentedRaftLogWorker.java:<init>(173)) - new 1b9c3ea2-fbc7-4e63-b4cc-0fea4371ca50@group-31EF8E3D5778-SegmentedRaftLogWorker for RaftStorage:Storage Directory /workdir/hadoop-ozone/integration-test/target/test-dir/MiniOzoneClusterImpl-36a35b56-4904-4029-83df-6869c87f60be/datanode-5/data/ratis/798a352e-2573-4fee-94a7-31ef8e3d5778
2019-10-08 10:57:47,094 [pool-403-thread-1] INFO  server.RaftServerConfigKeys (ConfUtils.java:logGet(43)) - raft.server.log.statemachine.data.caching.enabled = true (custom)
2019-10-08 10:57:47,094 [pool-433-thread-1] INFO  server.RaftServerConfigKeys (ConfUtils.java:logGet(43)) - raft.server.log.queue.byte-limit = 2147483647 (custom)
2019-10-08 10:57:47,094 [pool-423-thread-1] INFO  server.RaftServerConfigKeys (ConfUtils.java:logGet(43)) - raft.server.retrycache.expirytime = 600000ms (custom)
2019-10-08 10:57:47,095 [pool-433-thread-1] INFO  server.RaftServerConfigKeys (ConfUtils.java:logGet(43)) - raft.server.log.queue.element-limit = 1024 (custom)
2019-10-08 10:57:47,095 [pool-403-thread-1] INFO  segmented.SegmentedRaftLogWorker (SegmentedRaftLogWorker.java:lambda$new$0(128)) - 828d5ca9-ddb7-4482-86ef-78aa46598911@group-31EF8E3D5778-SegmentedRaftLogWorker: flushIndex: setUnconditionally 0 -> -1
2019-10-08 10:57:47,095 [pool-433-thread-1] INFO  server.RaftServerConfigKeys (ConfUtils.java:logGet(43)) - raft.server.log.segment.size.max = 1048576 (custom)
2019-10-08 10:57:47,095 [pool-433-thread-1] INFO  server.RaftServerConfigKeys (ConfUtils.java:logGet(43)) - raft.server.log.preallocated.size = 16384 (custom)
2019-10-08 10:57:47,095 [pool-403-thread-1] INFO  server.RaftServerConfigKeys (ConfUtils.java:logGet(43)) - raft.server.snapshot.auto.trigger.enabled = true (custom)
2019-10-08 10:57:47,095 [pool-433-thread-1] INFO  server.RaftServerConfigKeys (ConfUtils.java:logGet(43)) - raft.server.log.write.buffer.size = 33554432 (custom)
2019-10-08 10:57:47,095 [pool-403-thread-1] INFO  server.RaftServerConfigKeys (ConfUtils.java:logGet(43)) - raft.server.snapshot.auto.trigger.threshold = 10000 (custom)
2019-10-08 10:57:47,095 [pool-433-thread-1] INFO  server.RaftServerConfigKeys (ConfUtils.java:logGet(43)) - raft.server.log.force.sync.num = 128 (default)
2019-10-08 10:57:47,095 [pool-403-thread-1] INFO  server.RaftServerConfigKeys (ConfUtils.java:logGet(43)) - raft.server.snapshot.retention.file.num = 5 (custom)
2019-10-08 10:57:47,096 [pool-433-thread-1] INFO  server.RaftServerConfigKeys (ConfUtils.java:logGet(43)) - raft.server.log.statemachine.data.sync = true (default)
2019-10-08 10:57:47,096 [pool-423-thread-1] INFO  impl.RaftServerImpl (RaftServerImpl.java:start(181)) - bbd5fcdc-1b0d-46c8-9116-4a6b00dcbf65@group-31EF8E3D5778: start as a follower, conf=-1: [1b9c3ea2-fbc7-4e63-b4cc-0fea4371ca50:192.168.30.18:32774, bbd5fcdc-1b0d-46c8-9116-4a6b00dcbf65:192.168.30.18:45344, 828d5ca9-ddb7-4482-86ef-78aa46598911:192.168.30.18:33402], old=null
2019-10-08 10:57:47,096 [pool-403-thread-1] INFO  server.RaftServerConfigKeys (ConfUtils.java:logGet(43)) - raft.server.retrycache.expirytime = 600000ms (custom)
2019-10-08 10:57:47,099 [pool-423-thread-1] INFO  impl.RaftServerImpl (RaftServerImpl.java:setRole(170)) - bbd5fcdc-1b0d-46c8-9116-4a6b00dcbf65@group-31EF8E3D5778: changes role from      null to FOLLOWER at term 0 for startAsFollower
2019-10-08 10:57:47,096 [pool-433-thread-1] INFO  server.RaftServerConfigKeys (ConfUtils.java:logGet(43)) - raft.server.log.statemachine.data.sync.timeout = 10s (default)
2019-10-08 10:57:47,099 [pool-423-thread-1] INFO  impl.RoleInfo (RoleInfo.java:updateAndGet(143)) - bbd5fcdc-1b0d-46c8-9116-4a6b00dcbf65: start FollowerState
2019-10-08 10:57:47,099 [pool-433-thread-1] INFO  server.RaftServerConfigKeys (ConfUtils.java:logGet(43)) - raft.server.log.statemachine.data.sync.timeout.retry = -1 (default)
2019-10-08 10:57:47,099 [main] INFO  ozone.MiniOzoneClusterImpl (MiniOzoneClusterImpl.java:getStorageContainerLocationClient(234)) - Creating StorageContainerLocationProtocol RPC client with address /0.0.0.0:39548
2019-10-08 10:57:47,099 [pool-423-thread-1] INFO  util.JmxRegister (JmxRegister.java:tryRegister(44)) - Successfully registered JMX Bean with object name Ratis:service=RaftServer,group=group-31EF8E3D5778,id=bbd5fcdc-1b0d-46c8-9116-4a6b00dcbf65
2019-10-08 10:57:47,100 [pool-433-thread-1] INFO  server.RaftServerConfigKeys (ConfUtils.java:logGet(43)) - raft.server.log.statemachine.data.caching.enabled = true (custom)
2019-10-08 10:57:47,100 [pool-433-thread-1] INFO  segmented.SegmentedRaftLogWorker (SegmentedRaftLogWorker.java:lambda$new$0(128)) - 1b9c3ea2-fbc7-4e63-b4cc-0fea4371ca50@group-31EF8E3D5778-SegmentedRaftLogWorker: flushIndex: setUnconditionally 0 -> -1
2019-10-08 10:57:47,100 [pool-403-thread-1] INFO  impl.RaftServerImpl (RaftServerImpl.java:start(181)) - 828d5ca9-ddb7-4482-86ef-78aa46598911@group-31EF8E3D5778: start as a follower, conf=-1: [1b9c3ea2-fbc7-4e63-b4cc-0fea4371ca50:192.168.30.18:32774, bbd5fcdc-1b0d-46c8-9116-4a6b00dcbf65:192.168.30.18:45344, 828d5ca9-ddb7-4482-86ef-78aa46598911:192.168.30.18:33402], old=null
2019-10-08 10:57:47,100 [pool-403-thread-1] INFO  impl.RaftServerImpl (RaftServerImpl.java:setRole(170)) - 828d5ca9-ddb7-4482-86ef-78aa46598911@group-31EF8E3D5778: changes role from      null to FOLLOWER at term 0 for startAsFollower
2019-10-08 10:57:47,100 [pool-433-thread-1] INFO  server.RaftServerConfigKeys (ConfUtils.java:logGet(43)) - raft.server.snapshot.auto.trigger.enabled = true (custom)
2019-10-08 10:57:47,100 [pool-403-thread-1] INFO  impl.RoleInfo (RoleInfo.java:updateAndGet(143)) - 828d5ca9-ddb7-4482-86ef-78aa46598911: start FollowerState
2019-10-08 10:57:47,101 [pool-433-thread-1] INFO  server.RaftServerConfigKeys (ConfUtils.java:logGet(43)) - raft.server.snapshot.auto.trigger.threshold = 10000 (custom)
2019-10-08 10:57:47,101 [pool-433-thread-1] INFO  server.RaftServerConfigKeys (ConfUtils.java:logGet(43)) - raft.server.snapshot.retention.file.num = 5 (custom)
2019-10-08 10:57:47,101 [pool-403-thread-1] INFO  util.JmxRegister (JmxRegister.java:tryRegister(44)) - Successfully registered JMX Bean with object name Ratis:service=RaftServer,group=group-31EF8E3D5778,id=828d5ca9-ddb7-4482-86ef-78aa46598911
2019-10-08 10:57:47,101 [pool-433-thread-1] INFO  server.RaftServerConfigKeys (ConfUtils.java:logGet(43)) - raft.server.retrycache.expirytime = 600000ms (custom)
2019-10-08 10:57:47,104 [pool-433-thread-1] INFO  impl.RaftServerImpl (RaftServerImpl.java:start(181)) - 1b9c3ea2-fbc7-4e63-b4cc-0fea4371ca50@group-31EF8E3D5778: start as a follower, conf=-1: [1b9c3ea2-fbc7-4e63-b4cc-0fea4371ca50:192.168.30.18:32774, bbd5fcdc-1b0d-46c8-9116-4a6b00dcbf65:192.168.30.18:45344, 828d5ca9-ddb7-4482-86ef-78aa46598911:192.168.30.18:33402], old=null
2019-10-08 10:57:47,104 [pool-433-thread-1] INFO  impl.RaftServerImpl (RaftServerImpl.java:setRole(170)) - 1b9c3ea2-fbc7-4e63-b4cc-0fea4371ca50@group-31EF8E3D5778: changes role from      null to FOLLOWER at term 0 for startAsFollower
2019-10-08 10:57:47,104 [pool-433-thread-1] INFO  impl.RoleInfo (RoleInfo.java:updateAndGet(143)) - 1b9c3ea2-fbc7-4e63-b4cc-0fea4371ca50: start FollowerState
2019-10-08 10:57:47,105 [pool-433-thread-1] INFO  util.JmxRegister (JmxRegister.java:tryRegister(44)) - Successfully registered JMX Bean with object name Ratis:service=RaftServer,group=group-31EF8E3D5778,id=1b9c3ea2-fbc7-4e63-b4cc-0fea4371ca50
2019-10-08 10:57:47,108 [RatisPipelineUtilsThread] INFO  pipeline.PipelineStateManager (PipelineStateManager.java:addPipeline(56)) - Created pipeline Pipeline[ Id: 798a352e-2573-4fee-94a7-31ef8e3d5778, Nodes: bbd5fcdc-1b0d-46c8-9116-4a6b00dcbf65{ip: 192.168.30.18, host: pr-hdds-2196-cli-protobuf-v467f-1934461745, networkLocation: /default-rack, certSerialId: null}828d5ca9-ddb7-4482-86ef-78aa46598911{ip: 192.168.30.18, host: pr-hdds-2196-cli-protobuf-v467f-1934461745, networkLocation: /default-rack, certSerialId: null}1b9c3ea2-fbc7-4e63-b4cc-0fea4371ca50{ip: 192.168.30.18, host: pr-hdds-2196-cli-protobuf-v467f-1934461745, networkLocation: /default-rack, certSerialId: null}, Type:RATIS, Factor:THREE, State:OPEN]
2019-10-08 10:57:47,120 [grpc-default-executor-8] INFO  impl.RaftServerProxy (RaftServerProxy.java:addNew(89)) - 848c07e3-b2dc-40c0-917c-1104704f2010: addNew group-BDF11775EA2E:[848c07e3-b2dc-40c0-917c-1104704f2010:192.168.30.18:35143] returns group-BDF11775EA2E:java.util.concurrent.CompletableFuture@6dda544e[Not completed]
2019-10-08 10:57:47,121 [pool-443-thread-1] INFO  impl.RaftServerImpl (RaftServerImpl.java:<init>(95)) - 848c07e3-b2dc-40c0-917c-1104704f2010: new RaftServerImpl for group-BDF11775EA2E:[848c07e3-b2dc-40c0-917c-1104704f2010:192.168.30.18:35143] with ContainerStateMachine:uninitialized
2019-10-08 10:57:47,123 [pool-443-thread-1] INFO  server.RaftServerConfigKeys (ConfUtils.java:logGet(43)) - raft.server.rpc.timeout.min = 5s (custom)
2019-10-08 10:57:47,123 [pool-443-thread-1] INFO  server.RaftServerConfigKeys (ConfUtils.java:logGet(43)) - raft.server.rpc.timeout.max = 5200ms (custom)
2019-10-08 10:57:47,123 [pool-443-thread-1] INFO  server.RaftServerConfigKeys (ConfUtils.java:logGet(43)) - raft.server.rpcslowness.timeout = 120s (custom)
2019-10-08 10:57:47,124 [pool-443-thread-1] INFO  server.RaftServerConfigKeys (ConfUtils.java:logGet(43)) - raft.server.sleep.deviation.threshold = 300 (default)
2019-10-08 10:57:47,124 [pool-443-thread-1] INFO  server.RaftServerConfigKeys (ConfUtils.java:logGet(43)) - raft.server.log.appender.install.snapshot.enabled = false (custom)
2019-10-08 10:57:47,124 [pool-443-thread-1] INFO  impl.RaftServerImpl (ServerState.java:<init>(103)) - 848c07e3-b2dc-40c0-917c-1104704f2010@group-BDF11775EA2E: ConfigurationManager, init=-1: [848c07e3-b2dc-40c0-917c-1104704f2010:192.168.30.18:35143], old=null, confs=<EMPTY_MAP>
2019-10-08 10:57:47,124 [pool-443-thread-1] INFO  server.RaftServerConfigKeys (ConfUtils.java:logGet(43)) - raft.server.storage.dir = [/workdir/hadoop-ozone/integration-test/target/test-dir/MiniOzoneClusterImpl-36a35b56-4904-4029-83df-6869c87f60be/datanode-6/data/ratis] (custom)
2019-10-08 10:57:47,124 [pool-443-thread-1] INFO  server.RaftServerConfigKeys (ConfUtils.java:logGet(43)) - raft.server.log.corruption.policy = EXCEPTION (default)
2019-10-08 10:57:47,124 [pool-443-thread-1] INFO  storage.RaftStorageDirectory (RaftStorageDirectory.java:analyzeStorage(246)) - The storage directory /workdir/hadoop-ozone/integration-test/target/test-dir/MiniOzoneClusterImpl-36a35b56-4904-4029-83df-6869c87f60be/datanode-6/data/ratis/3cb83d2e-a7b7-4146-9141-bdf11775ea2e does not exist. Creating ...
2019-10-08 10:57:47,138 [pool-443-thread-1] INFO  storage.RaftStorageDirectory (RaftStorageDirectory.java:tryLock(328)) - Lock on /workdir/hadoop-ozone/integration-test/target/test-dir/MiniOzoneClusterImpl-36a35b56-4904-4029-83df-6869c87f60be/datanode-6/data/ratis/3cb83d2e-a7b7-4146-9141-bdf11775ea2e/in_use.lock acquired by nodename 11468@pr-hdds-2196-cli-protobuf-v467f-1934461745
2019-10-08 10:57:47,151 [pool-443-thread-1] INFO  storage.RaftStorage (RaftStorage.java:format(84)) - Storage directory /workdir/hadoop-ozone/integration-test/target/test-dir/MiniOzoneClusterImpl-36a35b56-4904-4029-83df-6869c87f60be/datanode-6/data/ratis/3cb83d2e-a7b7-4146-9141-bdf11775ea2e has been successfully formatted.
2019-10-08 10:57:47,152 [pool-443-thread-1] INFO  ratis.ContainerStateMachine (ContainerStateMachine.java:loadSnapshot(230)) - group-BDF11775EA2E: The snapshot info is null. Setting the last applied indexto:(t:0, i:~)
2019-10-08 10:57:47,152 [pool-443-thread-1] INFO  server.RaftServerConfigKeys (ConfUtils.java:logGet(43)) - raft.server.notification.no-leader.timeout = 120s (custom)
2019-10-08 10:57:47,152 [pool-443-thread-1] INFO  server.RaftServerConfigKeys (ConfUtils.java:logGet(43)) - raft.server.log.use.memory = false (default)
2019-10-08 10:57:47,152 [pool-443-thread-1] INFO  server.RaftServerConfigKeys (ConfUtils.java:logGet(43)) - raft.server.log.purge.gap = 1000000 (custom)
2019-10-08 10:57:47,152 [pool-443-thread-1] INFO  server.RaftServerConfigKeys (ConfUtils.java:logGet(43)) - raft.server.log.appender.buffer.byte-limit = 33554432 (custom)
2019-10-08 10:57:47,152 [pool-443-thread-1] INFO  server.RaftServerConfigKeys (ConfUtils.java:logGet(43)) - raft.server.log.segment.size.max = 1048576 (custom)
2019-10-08 10:57:47,154 [pool-443-thread-1] INFO  server.RaftServerConfigKeys (ConfUtils.java:logGet(43)) - raft.server.log.segment.cache.num.max = 2 (custom)
2019-10-08 10:57:47,154 [pool-443-thread-1] INFO  segmented.SegmentedRaftLogWorker (SegmentedRaftLogWorker.java:<init>(173)) - new 848c07e3-b2dc-40c0-917c-1104704f2010@group-BDF11775EA2E-SegmentedRaftLogWorker for RaftStorage:Storage Directory /workdir/hadoop-ozone/integration-test/target/test-dir/MiniOzoneClusterImpl-36a35b56-4904-4029-83df-6869c87f60be/datanode-6/data/ratis/3cb83d2e-a7b7-4146-9141-bdf11775ea2e
2019-10-08 10:57:47,154 [pool-443-thread-1] INFO  server.RaftServerConfigKeys (ConfUtils.java:logGet(43)) - raft.server.log.queue.byte-limit = 2147483647 (custom)
2019-10-08 10:57:47,154 [pool-443-thread-1] INFO  server.RaftServerConfigKeys (ConfUtils.java:logGet(43)) - raft.server.log.queue.element-limit = 1024 (custom)
2019-10-08 10:57:47,155 [pool-443-thread-1] INFO  server.RaftServerConfigKeys (ConfUtils.java:logGet(43)) - raft.server.log.segment.size.max = 1048576 (custom)
2019-10-08 10:57:47,155 [pool-443-thread-1] INFO  server.RaftServerConfigKeys (ConfUtils.java:logGet(43)) - raft.server.log.preallocated.size = 16384 (custom)
2019-10-08 10:57:47,155 [pool-443-thread-1] INFO  server.RaftServerConfigKeys (ConfUtils.java:logGet(43)) - raft.server.log.write.buffer.size = 33554432 (custom)
2019-10-08 10:57:47,155 [pool-443-thread-1] INFO  server.RaftServerConfigKeys (ConfUtils.java:logGet(43)) - raft.server.log.force.sync.num = 128 (default)
2019-10-08 10:57:47,155 [pool-443-thread-1] INFO  server.RaftServerConfigKeys (ConfUtils.java:logGet(43)) - raft.server.log.statemachine.data.sync = true (default)
2019-10-08 10:57:47,155 [pool-443-thread-1] INFO  server.RaftServerConfigKeys (ConfUtils.java:logGet(43)) - raft.server.log.statemachine.data.sync.timeout = 10s (default)
2019-10-08 10:57:47,155 [pool-443-thread-1] INFO  server.RaftServerConfigKeys (ConfUtils.java:logGet(43)) - raft.server.log.statemachine.data.sync.timeout.retry = -1 (default)
2019-10-08 10:57:47,155 [pool-443-thread-1] INFO  server.RaftServerConfigKeys (ConfUtils.java:logGet(43)) - raft.server.log.statemachine.data.caching.enabled = true (custom)
2019-10-08 10:57:47,156 [pool-443-thread-1] INFO  segmented.SegmentedRaftLogWorker (SegmentedRaftLogWorker.java:lambda$new$0(128)) - 848c07e3-b2dc-40c0-917c-1104704f2010@group-BDF11775EA2E-SegmentedRaftLogWorker: flushIndex: setUnconditionally 0 -> -1
2019-10-08 10:57:47,156 [pool-443-thread-1] INFO  server.RaftServerConfigKeys (ConfUtils.java:logGet(43)) - raft.server.snapshot.auto.trigger.enabled = true (custom)
2019-10-08 10:57:47,156 [pool-443-thread-1] INFO  server.RaftServerConfigKeys (ConfUtils.java:logGet(43)) - raft.server.snapshot.auto.trigger.threshold = 10000 (custom)
2019-10-08 10:57:47,156 [pool-443-thread-1] INFO  server.RaftServerConfigKeys (ConfUtils.java:logGet(43)) - raft.server.snapshot.retention.file.num = 5 (custom)
2019-10-08 10:57:47,156 [pool-443-thread-1] INFO  server.RaftServerConfigKeys (ConfUtils.java:logGet(43)) - raft.server.retrycache.expirytime = 600000ms (custom)
2019-10-08 10:57:47,158 [pool-443-thread-1] INFO  impl.RaftServerImpl (RaftServerImpl.java:start(181)) - 848c07e3-b2dc-40c0-917c-1104704f2010@group-BDF11775EA2E: start as a follower, conf=-1: [848c07e3-b2dc-40c0-917c-1104704f2010:192.168.30.18:35143], old=null
2019-10-08 10:57:47,158 [pool-443-thread-1] INFO  impl.RaftServerImpl (RaftServerImpl.java:setRole(170)) - 848c07e3-b2dc-40c0-917c-1104704f2010@group-BDF11775EA2E: changes role from      null to FOLLOWER at term 0 for startAsFollower
2019-10-08 10:57:47,158 [pool-443-thread-1] INFO  impl.RoleInfo (RoleInfo.java:updateAndGet(143)) - 848c07e3-b2dc-40c0-917c-1104704f2010: start FollowerState
2019-10-08 10:57:47,158 [pool-443-thread-1] INFO  util.JmxRegister (JmxRegister.java:tryRegister(44)) - Successfully registered JMX Bean with object name Ratis:service=RaftServer,group=group-BDF11775EA2E,id=848c07e3-b2dc-40c0-917c-1104704f2010
2019-10-08 10:57:47,162 [RatisPipelineUtilsThread] INFO  pipeline.PipelineStateManager (PipelineStateManager.java:addPipeline(56)) - Created pipeline Pipeline[ Id: 3cb83d2e-a7b7-4146-9141-bdf11775ea2e, Nodes: 848c07e3-b2dc-40c0-917c-1104704f2010{ip: 192.168.30.18, host: pr-hdds-2196-cli-protobuf-v467f-1934461745, networkLocation: /default-rack, certSerialId: null}, Type:RATIS, Factor:ONE, State:OPEN]
2019-10-08 10:57:47,167 [grpc-default-executor-8] INFO  impl.RaftServerProxy (RaftServerProxy.java:addNew(89)) - 1b9c3ea2-fbc7-4e63-b4cc-0fea4371ca50: addNew group-E3B35AEF3141:[1b9c3ea2-fbc7-4e63-b4cc-0fea4371ca50:192.168.30.18:32774] returns group-E3B35AEF3141:java.util.concurrent.CompletableFuture@6c0a869a[Not completed]
2019-10-08 10:57:47,168 [pool-433-thread-1] INFO  impl.RaftServerImpl (RaftServerImpl.java:<init>(95)) - 1b9c3ea2-fbc7-4e63-b4cc-0fea4371ca50: new RaftServerImpl for group-E3B35AEF3141:[1b9c3ea2-fbc7-4e63-b4cc-0fea4371ca50:192.168.30.18:32774] with ContainerStateMachine:uninitialized
2019-10-08 10:57:47,168 [pool-433-thread-1] INFO  server.RaftServerConfigKeys (ConfUtils.java:logGet(43)) - raft.server.rpc.timeout.min = 5s (custom)
2019-10-08 10:57:47,168 [pool-433-thread-1] INFO  server.RaftServerConfigKeys (ConfUtils.java:logGet(43)) - raft.server.rpc.timeout.max = 5200ms (custom)
2019-10-08 10:57:47,168 [pool-433-thread-1] INFO  server.RaftServerConfigKeys (ConfUtils.java:logGet(43)) - raft.server.rpcslowness.timeout = 120s (custom)
2019-10-08 10:57:47,168 [pool-433-thread-1] INFO  server.RaftServerConfigKeys (ConfUtils.java:logGet(43)) - raft.server.sleep.deviation.threshold = 300 (default)
2019-10-08 10:57:47,169 [pool-433-thread-1] INFO  server.RaftServerConfigKeys (ConfUtils.java:logGet(43)) - raft.server.log.appender.install.snapshot.enabled = false (custom)
2019-10-08 10:57:47,169 [pool-433-thread-1] INFO  impl.RaftServerImpl (ServerState.java:<init>(103)) - 1b9c3ea2-fbc7-4e63-b4cc-0fea4371ca50@group-E3B35AEF3141: ConfigurationManager, init=-1: [1b9c3ea2-fbc7-4e63-b4cc-0fea4371ca50:192.168.30.18:32774], old=null, confs=<EMPTY_MAP>
2019-10-08 10:57:47,169 [pool-433-thread-1] INFO  server.RaftServerConfigKeys (ConfUtils.java:logGet(43)) - raft.server.storage.dir = [/workdir/hadoop-ozone/integration-test/target/test-dir/MiniOzoneClusterImpl-36a35b56-4904-4029-83df-6869c87f60be/datanode-5/data/ratis] (custom)
2019-10-08 10:57:47,169 [pool-433-thread-1] INFO  server.RaftServerConfigKeys (ConfUtils.java:logGet(43)) - raft.server.log.corruption.policy = EXCEPTION (default)
2019-10-08 10:57:47,169 [pool-433-thread-1] INFO  storage.RaftStorageDirectory (RaftStorageDirectory.java:analyzeStorage(246)) - The storage directory /workdir/hadoop-ozone/integration-test/target/test-dir/MiniOzoneClusterImpl-36a35b56-4904-4029-83df-6869c87f60be/datanode-5/data/ratis/999e122f-cf30-4f58-9401-e3b35aef3141 does not exist. Creating ...
2019-10-08 10:57:47,183 [pool-433-thread-1] INFO  storage.RaftStorageDirectory (RaftStorageDirectory.java:tryLock(328)) - Lock on /workdir/hadoop-ozone/integration-test/target/test-dir/MiniOzoneClusterImpl-36a35b56-4904-4029-83df-6869c87f60be/datanode-5/data/ratis/999e122f-cf30-4f58-9401-e3b35aef3141/in_use.lock acquired by nodename 11468@pr-hdds-2196-cli-protobuf-v467f-1934461745
2019-10-08 10:57:47,197 [pool-433-thread-1] INFO  storage.RaftStorage (RaftStorage.java:format(84)) - Storage directory /workdir/hadoop-ozone/integration-test/target/test-dir/MiniOzoneClusterImpl-36a35b56-4904-4029-83df-6869c87f60be/datanode-5/data/ratis/999e122f-cf30-4f58-9401-e3b35aef3141 has been successfully formatted.
2019-10-08 10:57:47,197 [pool-433-thread-1] INFO  ratis.ContainerStateMachine (ContainerStateMachine.java:loadSnapshot(230)) - group-E3B35AEF3141: The snapshot info is null. Setting the last applied indexto:(t:0, i:~)
2019-10-08 10:57:47,197 [pool-433-thread-1] INFO  server.RaftServerConfigKeys (ConfUtils.java:logGet(43)) - raft.server.notification.no-leader.timeout = 120s (custom)
2019-10-08 10:57:47,197 [pool-433-thread-1] INFO  server.RaftServerConfigKeys (ConfUtils.java:logGet(43)) - raft.server.log.use.memory = false (default)
2019-10-08 10:57:47,198 [pool-433-thread-1] INFO  server.RaftServerConfigKeys (ConfUtils.java:logGet(43)) - raft.server.log.purge.gap = 1000000 (custom)
2019-10-08 10:57:47,198 [pool-433-thread-1] INFO  server.RaftServerConfigKeys (ConfUtils.java:logGet(43)) - raft.server.log.appender.buffer.byte-limit = 33554432 (custom)
2019-10-08 10:57:47,198 [pool-433-thread-1] INFO  server.RaftServerConfigKeys (ConfUtils.java:logGet(43)) - raft.server.log.segment.size.max = 1048576 (custom)
2019-10-08 10:57:47,198 [pool-433-thread-1] INFO  server.RaftServerConfigKeys (ConfUtils.java:logGet(43)) - raft.server.log.segment.cache.num.max = 2 (custom)
2019-10-08 10:57:47,198 [pool-433-thread-1] INFO  segmented.SegmentedRaftLogWorker (SegmentedRaftLogWorker.java:<init>(173)) - new 1b9c3ea2-fbc7-4e63-b4cc-0fea4371ca50@group-E3B35AEF3141-SegmentedRaftLogWorker for RaftStorage:Storage Directory /workdir/hadoop-ozone/integration-test/target/test-dir/MiniOzoneClusterImpl-36a35b56-4904-4029-83df-6869c87f60be/datanode-5/data/ratis/999e122f-cf30-4f58-9401-e3b35aef3141
2019-10-08 10:57:47,198 [pool-433-thread-1] INFO  server.RaftServerConfigKeys (ConfUtils.java:logGet(43)) - raft.server.log.queue.byte-limit = 2147483647 (custom)
2019-10-08 10:57:47,198 [pool-433-thread-1] INFO  server.RaftServerConfigKeys (ConfUtils.java:logGet(43)) - raft.server.log.queue.element-limit = 1024 (custom)
2019-10-08 10:57:47,198 [pool-433-thread-1] INFO  server.RaftServerConfigKeys (ConfUtils.java:logGet(43)) - raft.server.log.segment.size.max = 1048576 (custom)
2019-10-08 10:57:47,199 [pool-433-thread-1] INFO  server.RaftServerConfigKeys (ConfUtils.java:logGet(43)) - raft.server.log.preallocated.size = 16384 (custom)
2019-10-08 10:57:47,199 [pool-433-thread-1] INFO  server.RaftServerConfigKeys (ConfUtils.java:logGet(43)) - raft.server.log.write.buffer.size = 33554432 (custom)
2019-10-08 10:57:47,199 [pool-433-thread-1] INFO  server.RaftServerConfigKeys (ConfUtils.java:logGet(43)) - raft.server.log.force.sync.num = 128 (default)
2019-10-08 10:57:47,199 [pool-433-thread-1] INFO  server.RaftServerConfigKeys (ConfUtils.java:logGet(43)) - raft.server.log.statemachine.data.sync = true (default)
2019-10-08 10:57:47,199 [pool-433-thread-1] INFO  server.RaftServerConfigKeys (ConfUtils.java:logGet(43)) - raft.server.log.statemachine.data.sync.timeout = 10s (default)
2019-10-08 10:57:47,199 [pool-433-thread-1] INFO  server.RaftServerConfigKeys (ConfUtils.java:logGet(43)) - raft.server.log.statemachine.data.sync.timeout.retry = -1 (default)
2019-10-08 10:57:47,199 [pool-433-thread-1] INFO  server.RaftServerConfigKeys (ConfUtils.java:logGet(43)) - raft.server.log.statemachine.data.caching.enabled = true (custom)
2019-10-08 10:57:47,200 [pool-433-thread-1] INFO  segmented.SegmentedRaftLogWorker (SegmentedRaftLogWorker.java:lambda$new$0(128)) - 1b9c3ea2-fbc7-4e63-b4cc-0fea4371ca50@group-E3B35AEF3141-SegmentedRaftLogWorker: flushIndex: setUnconditionally 0 -> -1
2019-10-08 10:57:47,200 [pool-433-thread-1] INFO  server.RaftServerConfigKeys (ConfUtils.java:logGet(43)) - raft.server.snapshot.auto.trigger.enabled = true (custom)
2019-10-08 10:57:47,200 [pool-433-thread-1] INFO  server.RaftServerConfigKeys (ConfUtils.java:logGet(43)) - raft.server.snapshot.auto.trigger.threshold = 10000 (custom)
2019-10-08 10:57:47,200 [pool-433-thread-1] INFO  server.RaftServerConfigKeys (ConfUtils.java:logGet(43)) - raft.server.snapshot.retention.file.num = 5 (custom)
2019-10-08 10:57:47,200 [pool-433-thread-1] INFO  server.RaftServerConfigKeys (ConfUtils.java:logGet(43)) - raft.server.retrycache.expirytime = 600000ms (custom)
2019-10-08 10:57:47,202 [pool-433-thread-1] INFO  impl.RaftServerImpl (RaftServerImpl.java:start(181)) - 1b9c3ea2-fbc7-4e63-b4cc-0fea4371ca50@group-E3B35AEF3141: start as a follower, conf=-1: [1b9c3ea2-fbc7-4e63-b4cc-0fea4371ca50:192.168.30.18:32774], old=null
2019-10-08 10:57:47,202 [pool-433-thread-1] INFO  impl.RaftServerImpl (RaftServerImpl.java:setRole(170)) - 1b9c3ea2-fbc7-4e63-b4cc-0fea4371ca50@group-E3B35AEF3141: changes role from      null to FOLLOWER at term 0 for startAsFollower
2019-10-08 10:57:47,202 [pool-433-thread-1] INFO  impl.RoleInfo (RoleInfo.java:updateAndGet(143)) - 1b9c3ea2-fbc7-4e63-b4cc-0fea4371ca50: start FollowerState
2019-10-08 10:57:47,202 [pool-433-thread-1] INFO  util.JmxRegister (JmxRegister.java:tryRegister(44)) - Successfully registered JMX Bean with object name Ratis:service=RaftServer,group=group-E3B35AEF3141,id=1b9c3ea2-fbc7-4e63-b4cc-0fea4371ca50
2019-10-08 10:57:47,206 [RatisPipelineUtilsThread] INFO  pipeline.PipelineStateManager (PipelineStateManager.java:addPipeline(56)) - Created pipeline Pipeline[ Id: 999e122f-cf30-4f58-9401-e3b35aef3141, Nodes: 1b9c3ea2-fbc7-4e63-b4cc-0fea4371ca50{ip: 192.168.30.18, host: pr-hdds-2196-cli-protobuf-v467f-1934461745, networkLocation: /default-rack, certSerialId: null}, Type:RATIS, Factor:ONE, State:OPEN]
2019-10-08 10:57:49,613 [Thread-2332] INFO  container.ReplicationManager (ReplicationManager.java:start(162)) - Starting Replication Monitor Thread.
2019-10-08 10:57:49,618 [ReplicationMonitor] INFO  container.ReplicationManager (ReplicationManager.java:run(225)) - Replication Monitor Thread took 1 milliseconds for processing 1 containers.
2019-10-08 10:57:51,777 [Thread-2334] INFO  impl.FollowerState (FollowerState.java:run(108)) - 61164b89-5d55-40a7-9283-a18b5a0496a0@group-F5C552D90DC9-FollowerState: change to CANDIDATE, lastRpcTime:5034ms, electionTimeout:5034ms
2019-10-08 10:57:51,778 [Thread-2334] INFO  impl.RoleInfo (RoleInfo.java:shutdownFollowerState(121)) - 61164b89-5d55-40a7-9283-a18b5a0496a0: shutdown FollowerState
2019-10-08 10:57:51,778 [Thread-2334] INFO  impl.RaftServerImpl (RaftServerImpl.java:setRole(170)) - 61164b89-5d55-40a7-9283-a18b5a0496a0@group-F5C552D90DC9: changes role from  FOLLOWER to CANDIDATE at term 0 for changeToCandidate
2019-10-08 10:57:51,779 [Thread-2334] INFO  impl.RoleInfo (RoleInfo.java:updateAndGet(143)) - 61164b89-5d55-40a7-9283-a18b5a0496a0: start LeaderElection
2019-10-08 10:57:51,905 [61164b89-5d55-40a7-9283-a18b5a0496a0@group-F5C552D90DC9-LeaderElection86] INFO  impl.LeaderElection (LeaderElection.java:askForVotes(178)) - 61164b89-5d55-40a7-9283-a18b5a0496a0@group-F5C552D90DC9-LeaderElection86: begin an election at term 1 for -1: [61164b89-5d55-40a7-9283-a18b5a0496a0:192.168.30.18:35012], old=null
2019-10-08 10:57:51,906 [61164b89-5d55-40a7-9283-a18b5a0496a0@group-F5C552D90DC9-LeaderElection86] INFO  impl.RoleInfo (RoleInfo.java:shutdownLeaderElection(134)) - 61164b89-5d55-40a7-9283-a18b5a0496a0: shutdown LeaderElection
2019-10-08 10:57:51,906 [61164b89-5d55-40a7-9283-a18b5a0496a0@group-F5C552D90DC9-LeaderElection86] INFO  impl.RaftServerImpl (RaftServerImpl.java:setRole(170)) - 61164b89-5d55-40a7-9283-a18b5a0496a0@group-F5C552D90DC9: changes role from CANDIDATE to LEADER at term 1 for changeToLeader
2019-10-08 10:57:51,906 [61164b89-5d55-40a7-9283-a18b5a0496a0@group-F5C552D90DC9-LeaderElection86] INFO  impl.RaftServerImpl (ServerState.java:setLeader(255)) - 61164b89-5d55-40a7-9283-a18b5a0496a0@group-F5C552D90DC9: change Leader from null to 61164b89-5d55-40a7-9283-a18b5a0496a0 at term 1 for becomeLeader, leader elected after 5171ms
2019-10-08 10:57:51,906 [61164b89-5d55-40a7-9283-a18b5a0496a0@group-F5C552D90DC9-LeaderElection86] INFO  server.RaftServerConfigKeys (ConfUtils.java:logGet(43)) - raft.server.staging.catchup.gap = 1000 (default)
2019-10-08 10:57:51,907 [61164b89-5d55-40a7-9283-a18b5a0496a0@group-F5C552D90DC9-LeaderElection86] INFO  server.RaftServerConfigKeys (ConfUtils.java:logGet(43)) - raft.server.rpc.sleep.time = 25ms (default)
2019-10-08 10:57:51,907 [61164b89-5d55-40a7-9283-a18b5a0496a0@group-F5C552D90DC9-LeaderElection86] INFO  server.RaftServerConfigKeys (ConfUtils.java:logGet(43)) - raft.server.write.element-limit = 4096 (default)
2019-10-08 10:57:51,907 [61164b89-5d55-40a7-9283-a18b5a0496a0@group-F5C552D90DC9-LeaderElection86] INFO  server.RaftServerConfigKeys (ConfUtils.java:logGet(43)) - raft.server.watch.timeout = 10s (default)
2019-10-08 10:57:51,907 [61164b89-5d55-40a7-9283-a18b5a0496a0@group-F5C552D90DC9-LeaderElection86] INFO  server.RaftServerConfigKeys (ConfUtils.java:logGet(43)) - raft.server.watch.timeout.denomination = 1s (default)
2019-10-08 10:57:51,907 [61164b89-5d55-40a7-9283-a18b5a0496a0@group-F5C552D90DC9-LeaderElection86] INFO  server.RaftServerConfigKeys (ConfUtils.java:logGet(43)) - raft.server.watch.element-limit = 65536 (default)
2019-10-08 10:57:51,910 [61164b89-5d55-40a7-9283-a18b5a0496a0@group-F5C552D90DC9-LeaderElection86] INFO  impl.RoleInfo (RoleInfo.java:updateAndGet(143)) - 61164b89-5d55-40a7-9283-a18b5a0496a0: start LeaderState
2019-10-08 10:57:51,911 [61164b89-5d55-40a7-9283-a18b5a0496a0@group-F5C552D90DC9-LeaderElection86] INFO  segmented.SegmentedRaftLogWorker (SegmentedRaftLogWorker.java:startLogSegment(385)) - 61164b89-5d55-40a7-9283-a18b5a0496a0@group-F5C552D90DC9-SegmentedRaftLogWorker: Starting segment from index:0
2019-10-08 10:57:51,911 [61164b89-5d55-40a7-9283-a18b5a0496a0@group-F5C552D90DC9-LeaderElection86] INFO  impl.RaftServerImpl (ServerState.java:setRaftConf(356)) - 61164b89-5d55-40a7-9283-a18b5a0496a0@group-F5C552D90DC9: set configuration 0: [61164b89-5d55-40a7-9283-a18b5a0496a0:192.168.30.18:35012], old=null at 0
2019-10-08 10:57:51,951 [Thread-2340] INFO  impl.FollowerState (FollowerState.java:run(108)) - 828d5ca9-ddb7-4482-86ef-78aa46598911@group-A2240BD0E8C2-FollowerState: change to CANDIDATE, lastRpcTime:5096ms, electionTimeout:5096ms
2019-10-08 10:57:51,951 [Thread-2340] INFO  impl.RoleInfo (RoleInfo.java:shutdownFollowerState(121)) - 828d5ca9-ddb7-4482-86ef-78aa46598911: shutdown FollowerState
2019-10-08 10:57:51,952 [Thread-2340] INFO  impl.RaftServerImpl (RaftServerImpl.java:setRole(170)) - 828d5ca9-ddb7-4482-86ef-78aa46598911@group-A2240BD0E8C2: changes role from  FOLLOWER to CANDIDATE at term 0 for changeToCandidate
2019-10-08 10:57:51,952 [Thread-2340] INFO  impl.RoleInfo (RoleInfo.java:updateAndGet(143)) - 828d5ca9-ddb7-4482-86ef-78aa46598911: start LeaderElection
2019-10-08 10:57:51,956 [61164b89-5d55-40a7-9283-a18b5a0496a0@group-F5C552D90DC9-SegmentedRaftLogWorker] INFO  segmented.SegmentedRaftLogWorker (SegmentedRaftLogWorker.java:execute(574)) - 61164b89-5d55-40a7-9283-a18b5a0496a0@group-F5C552D90DC9-SegmentedRaftLogWorker: created new log segment /workdir/hadoop-ozone/integration-test/target/test-dir/MiniOzoneClusterImpl-36a35b56-4904-4029-83df-6869c87f60be/datanode-0/data/ratis/80b31352-0a7e-4bd1-b0b9-f5c552d90dc9/current/log_inprogress_0
2019-10-08 10:57:51,961 [Thread-2337] INFO  impl.FollowerState (FollowerState.java:run(108)) - c3b684e3-f66c-40af-8e69-95bf22e9e7fb@group-90D7C29BB757-FollowerState: change to CANDIDATE, lastRpcTime:5168ms, electionTimeout:5168ms
2019-10-08 10:57:51,961 [Thread-2337] INFO  impl.RoleInfo (RoleInfo.java:shutdownFollowerState(121)) - c3b684e3-f66c-40af-8e69-95bf22e9e7fb: shutdown FollowerState
2019-10-08 10:57:51,961 [Thread-2337] INFO  impl.RaftServerImpl (RaftServerImpl.java:setRole(170)) - c3b684e3-f66c-40af-8e69-95bf22e9e7fb@group-90D7C29BB757: changes role from  FOLLOWER to CANDIDATE at term 0 for changeToCandidate
2019-10-08 10:57:51,962 [Thread-2337] INFO  impl.RoleInfo (RoleInfo.java:updateAndGet(143)) - c3b684e3-f66c-40af-8e69-95bf22e9e7fb: start LeaderElection
2019-10-08 10:57:51,973 [828d5ca9-ddb7-4482-86ef-78aa46598911@group-A2240BD0E8C2-LeaderElection87] INFO  impl.LeaderElection (LeaderElection.java:askForVotes(178)) - 828d5ca9-ddb7-4482-86ef-78aa46598911@group-A2240BD0E8C2-LeaderElection87: begin an election at term 1 for -1: [828d5ca9-ddb7-4482-86ef-78aa46598911:192.168.30.18:33402], old=null
2019-10-08 10:57:51,974 [c3b684e3-f66c-40af-8e69-95bf22e9e7fb@group-90D7C29BB757-LeaderElection88] INFO  impl.LeaderElection (LeaderElection.java:askForVotes(178)) - c3b684e3-f66c-40af-8e69-95bf22e9e7fb@group-90D7C29BB757-LeaderElection88: begin an election at term 1 for -1: [c3b684e3-f66c-40af-8e69-95bf22e9e7fb:192.168.30.18:39819], old=null
2019-10-08 10:57:51,974 [828d5ca9-ddb7-4482-86ef-78aa46598911@group-A2240BD0E8C2-LeaderElection87] INFO  impl.RoleInfo (RoleInfo.java:shutdownLeaderElection(134)) - 828d5ca9-ddb7-4482-86ef-78aa46598911: shutdown LeaderElection
2019-10-08 10:57:51,974 [c3b684e3-f66c-40af-8e69-95bf22e9e7fb@group-90D7C29BB757-LeaderElection88] INFO  impl.RoleInfo (RoleInfo.java:shutdownLeaderElection(134)) - c3b684e3-f66c-40af-8e69-95bf22e9e7fb: shutdown LeaderElection
2019-10-08 10:57:51,974 [828d5ca9-ddb7-4482-86ef-78aa46598911@group-A2240BD0E8C2-LeaderElection87] INFO  impl.RaftServerImpl (RaftServerImpl.java:setRole(170)) - 828d5ca9-ddb7-4482-86ef-78aa46598911@group-A2240BD0E8C2: changes role from CANDIDATE to LEADER at term 1 for changeToLeader
2019-10-08 10:57:51,974 [c3b684e3-f66c-40af-8e69-95bf22e9e7fb@group-90D7C29BB757-LeaderElection88] INFO  impl.RaftServerImpl (RaftServerImpl.java:setRole(170)) - c3b684e3-f66c-40af-8e69-95bf22e9e7fb@group-90D7C29BB757: changes role from CANDIDATE to LEADER at term 1 for changeToLeader
2019-10-08 10:57:51,974 [828d5ca9-ddb7-4482-86ef-78aa46598911@group-A2240BD0E8C2-LeaderElection87] INFO  impl.RaftServerImpl (ServerState.java:setLeader(255)) - 828d5ca9-ddb7-4482-86ef-78aa46598911@group-A2240BD0E8C2: change Leader from null to 828d5ca9-ddb7-4482-86ef-78aa46598911 at term 1 for becomeLeader, leader elected after 5126ms
2019-10-08 10:57:51,974 [c3b684e3-f66c-40af-8e69-95bf22e9e7fb@group-90D7C29BB757-LeaderElection88] INFO  impl.RaftServerImpl (ServerState.java:setLeader(255)) - c3b684e3-f66c-40af-8e69-95bf22e9e7fb@group-90D7C29BB757: change Leader from null to c3b684e3-f66c-40af-8e69-95bf22e9e7fb at term 1 for becomeLeader, leader elected after 5186ms
2019-10-08 10:57:51,974 [828d5ca9-ddb7-4482-86ef-78aa46598911@group-A2240BD0E8C2-LeaderElection87] INFO  server.RaftServerConfigKeys (ConfUtils.java:logGet(43)) - raft.server.staging.catchup.gap = 1000 (default)
2019-10-08 10:57:51,974 [c3b684e3-f66c-40af-8e69-95bf22e9e7fb@group-90D7C29BB757-LeaderElection88] INFO  server.RaftServerConfigKeys (ConfUtils.java:logGet(43)) - raft.server.staging.catchup.gap = 1000 (default)
2019-10-08 10:57:51,974 [828d5ca9-ddb7-4482-86ef-78aa46598911@group-A2240BD0E8C2-LeaderElection87] INFO  server.RaftServerConfigKeys (ConfUtils.java:logGet(43)) - raft.server.rpc.sleep.time = 25ms (default)
2019-10-08 10:57:51,975 [c3b684e3-f66c-40af-8e69-95bf22e9e7fb@group-90D7C29BB757-LeaderElection88] INFO  server.RaftServerConfigKeys (ConfUtils.java:logGet(43)) - raft.server.rpc.sleep.time = 25ms (default)
2019-10-08 10:57:51,975 [828d5ca9-ddb7-4482-86ef-78aa46598911@group-A2240BD0E8C2-LeaderElection87] INFO  server.RaftServerConfigKeys (ConfUtils.java:logGet(43)) - raft.server.write.element-limit = 4096 (default)
2019-10-08 10:57:51,975 [c3b684e3-f66c-40af-8e69-95bf22e9e7fb@group-90D7C29BB757-LeaderElection88] INFO  server.RaftServerConfigKeys (ConfUtils.java:logGet(43)) - raft.server.write.element-limit = 4096 (default)
2019-10-08 10:57:51,975 [828d5ca9-ddb7-4482-86ef-78aa46598911@group-A2240BD0E8C2-LeaderElection87] INFO  server.RaftServerConfigKeys (ConfUtils.java:logGet(43)) - raft.server.watch.timeout = 10s (default)
2019-10-08 10:57:51,975 [c3b684e3-f66c-40af-8e69-95bf22e9e7fb@group-90D7C29BB757-LeaderElection88] INFO  server.RaftServerConfigKeys (ConfUtils.java:logGet(43)) - raft.server.watch.timeout = 10s (default)
2019-10-08 10:57:51,975 [828d5ca9-ddb7-4482-86ef-78aa46598911@group-A2240BD0E8C2-LeaderElection87] INFO  server.RaftServerConfigKeys (ConfUtils.java:logGet(43)) - raft.server.watch.timeout.denomination = 1s (default)
2019-10-08 10:57:51,975 [c3b684e3-f66c-40af-8e69-95bf22e9e7fb@group-90D7C29BB757-LeaderElection88] INFO  server.RaftServerConfigKeys (ConfUtils.java:logGet(43)) - raft.server.watch.timeout.denomination = 1s (default)
2019-10-08 10:57:51,975 [828d5ca9-ddb7-4482-86ef-78aa46598911@group-A2240BD0E8C2-LeaderElection87] INFO  server.RaftServerConfigKeys (ConfUtils.java:logGet(43)) - raft.server.watch.element-limit = 65536 (default)
2019-10-08 10:57:51,975 [c3b684e3-f66c-40af-8e69-95bf22e9e7fb@group-90D7C29BB757-LeaderElection88] INFO  server.RaftServerConfigKeys (ConfUtils.java:logGet(43)) - raft.server.watch.element-limit = 65536 (default)
2019-10-08 10:57:51,977 [828d5ca9-ddb7-4482-86ef-78aa46598911@group-A2240BD0E8C2-LeaderElection87] INFO  impl.RoleInfo (RoleInfo.java:updateAndGet(143)) - 828d5ca9-ddb7-4482-86ef-78aa46598911: start LeaderState
2019-10-08 10:57:51,978 [828d5ca9-ddb7-4482-86ef-78aa46598911@group-A2240BD0E8C2-LeaderElection87] INFO  segmented.SegmentedRaftLogWorker (SegmentedRaftLogWorker.java:startLogSegment(385)) - 828d5ca9-ddb7-4482-86ef-78aa46598911@group-A2240BD0E8C2-SegmentedRaftLogWorker: Starting segment from index:0
2019-10-08 10:57:51,978 [c3b684e3-f66c-40af-8e69-95bf22e9e7fb@group-90D7C29BB757-LeaderElection88] INFO  impl.RoleInfo (RoleInfo.java:updateAndGet(143)) - c3b684e3-f66c-40af-8e69-95bf22e9e7fb: start LeaderState
2019-10-08 10:57:51,978 [828d5ca9-ddb7-4482-86ef-78aa46598911@group-A2240BD0E8C2-LeaderElection87] INFO  impl.RaftServerImpl (ServerState.java:setRaftConf(356)) - 828d5ca9-ddb7-4482-86ef-78aa46598911@group-A2240BD0E8C2: set configuration 0: [828d5ca9-ddb7-4482-86ef-78aa46598911:192.168.30.18:33402], old=null at 0
2019-10-08 10:57:51,978 [c3b684e3-f66c-40af-8e69-95bf22e9e7fb@group-90D7C29BB757-LeaderElection88] INFO  segmented.SegmentedRaftLogWorker (SegmentedRaftLogWorker.java:startLogSegment(385)) - c3b684e3-f66c-40af-8e69-95bf22e9e7fb@group-90D7C29BB757-SegmentedRaftLogWorker: Starting segment from index:0
2019-10-08 10:57:51,979 [c3b684e3-f66c-40af-8e69-95bf22e9e7fb@group-90D7C29BB757-LeaderElection88] INFO  impl.RaftServerImpl (ServerState.java:setRaftConf(356)) - c3b684e3-f66c-40af-8e69-95bf22e9e7fb@group-90D7C29BB757: set configuration 0: [c3b684e3-f66c-40af-8e69-95bf22e9e7fb:192.168.30.18:39819], old=null at 0
2019-10-08 10:57:52,018 [828d5ca9-ddb7-4482-86ef-78aa46598911@group-A2240BD0E8C2-SegmentedRaftLogWorker] INFO  segmented.SegmentedRaftLogWorker (SegmentedRaftLogWorker.java:execute(574)) - 828d5ca9-ddb7-4482-86ef-78aa46598911@group-A2240BD0E8C2-SegmentedRaftLogWorker: created new log segment /workdir/hadoop-ozone/integration-test/target/test-dir/MiniOzoneClusterImpl-36a35b56-4904-4029-83df-6869c87f60be/datanode-2/data/ratis/1912741d-b6ef-41df-9240-a2240bd0e8c2/current/log_inprogress_0
2019-10-08 10:57:52,018 [c3b684e3-f66c-40af-8e69-95bf22e9e7fb@group-90D7C29BB757-SegmentedRaftLogWorker] INFO  segmented.SegmentedRaftLogWorker (SegmentedRaftLogWorker.java:execute(574)) - c3b684e3-f66c-40af-8e69-95bf22e9e7fb@group-90D7C29BB757-SegmentedRaftLogWorker: created new log segment /workdir/hadoop-ozone/integration-test/target/test-dir/MiniOzoneClusterImpl-36a35b56-4904-4029-83df-6869c87f60be/datanode-1/data/ratis/ec332287-4b01-4416-bef6-90d7c29bb757/current/log_inprogress_0
2019-10-08 10:57:52,024 [Thread-2343] INFO  impl.FollowerState (FollowerState.java:run(108)) - 865e2b69-9c7e-4aae-bb3d-c58a3c180f3d@group-497817897C5C-FollowerState: change to CANDIDATE, lastRpcTime:5115ms, electionTimeout:5115ms
2019-10-08 10:57:52,024 [Thread-2343] INFO  impl.RoleInfo (RoleInfo.java:shutdownFollowerState(121)) - 865e2b69-9c7e-4aae-bb3d-c58a3c180f3d: shutdown FollowerState
2019-10-08 10:57:52,024 [Thread-2343] INFO  impl.RaftServerImpl (RaftServerImpl.java:setRole(170)) - 865e2b69-9c7e-4aae-bb3d-c58a3c180f3d@group-497817897C5C: changes role from  FOLLOWER to CANDIDATE at term 0 for changeToCandidate
2019-10-08 10:57:52,024 [Thread-2343] INFO  impl.RoleInfo (RoleInfo.java:updateAndGet(143)) - 865e2b69-9c7e-4aae-bb3d-c58a3c180f3d: start LeaderElection
2019-10-08 10:57:52,051 [865e2b69-9c7e-4aae-bb3d-c58a3c180f3d@group-497817897C5C-LeaderElection89] INFO  impl.LeaderElection (LeaderElection.java:askForVotes(178)) - 865e2b69-9c7e-4aae-bb3d-c58a3c180f3d@group-497817897C5C-LeaderElection89: begin an election at term 1 for -1: [865e2b69-9c7e-4aae-bb3d-c58a3c180f3d:192.168.30.18:42611], old=null
2019-10-08 10:57:52,051 [865e2b69-9c7e-4aae-bb3d-c58a3c180f3d@group-497817897C5C-LeaderElection89] INFO  impl.RoleInfo (RoleInfo.java:shutdownLeaderElection(134)) - 865e2b69-9c7e-4aae-bb3d-c58a3c180f3d: shutdown LeaderElection
2019-10-08 10:57:52,051 [865e2b69-9c7e-4aae-bb3d-c58a3c180f3d@group-497817897C5C-LeaderElection89] INFO  impl.RaftServerImpl (RaftServerImpl.java:setRole(170)) - 865e2b69-9c7e-4aae-bb3d-c58a3c180f3d@group-497817897C5C: changes role from CANDIDATE to LEADER at term 1 for changeToLeader
2019-10-08 10:57:52,051 [865e2b69-9c7e-4aae-bb3d-c58a3c180f3d@group-497817897C5C-LeaderElection89] INFO  impl.RaftServerImpl (ServerState.java:setLeader(255)) - 865e2b69-9c7e-4aae-bb3d-c58a3c180f3d@group-497817897C5C: change Leader from null to 865e2b69-9c7e-4aae-bb3d-c58a3c180f3d at term 1 for becomeLeader, leader elected after 5148ms
2019-10-08 10:57:52,051 [865e2b69-9c7e-4aae-bb3d-c58a3c180f3d@group-497817897C5C-LeaderElection89] INFO  server.RaftServerConfigKeys (ConfUtils.java:logGet(43)) - raft.server.staging.catchup.gap = 1000 (default)
2019-10-08 10:57:52,052 [865e2b69-9c7e-4aae-bb3d-c58a3c180f3d@group-497817897C5C-LeaderElection89] INFO  server.RaftServerConfigKeys (ConfUtils.java:logGet(43)) - raft.server.rpc.sleep.time = 25ms (default)
2019-10-08 10:57:52,052 [865e2b69-9c7e-4aae-bb3d-c58a3c180f3d@group-497817897C5C-LeaderElection89] INFO  server.RaftServerConfigKeys (ConfUtils.java:logGet(43)) - raft.server.write.element-limit = 4096 (default)
2019-10-08 10:57:52,052 [865e2b69-9c7e-4aae-bb3d-c58a3c180f3d@group-497817897C5C-LeaderElection89] INFO  server.RaftServerConfigKeys (ConfUtils.java:logGet(43)) - raft.server.watch.timeout = 10s (default)
2019-10-08 10:57:52,052 [865e2b69-9c7e-4aae-bb3d-c58a3c180f3d@group-497817897C5C-LeaderElection89] INFO  server.RaftServerConfigKeys (ConfUtils.java:logGet(43)) - raft.server.watch.timeout.denomination = 1s (default)
2019-10-08 10:57:52,052 [865e2b69-9c7e-4aae-bb3d-c58a3c180f3d@group-497817897C5C-LeaderElection89] INFO  server.RaftServerConfigKeys (ConfUtils.java:logGet(43)) - raft.server.watch.element-limit = 65536 (default)
2019-10-08 10:57:52,055 [865e2b69-9c7e-4aae-bb3d-c58a3c180f3d@group-497817897C5C-LeaderElection89] INFO  impl.RoleInfo (RoleInfo.java:updateAndGet(143)) - 865e2b69-9c7e-4aae-bb3d-c58a3c180f3d: start LeaderState
2019-10-08 10:57:52,055 [865e2b69-9c7e-4aae-bb3d-c58a3c180f3d@group-497817897C5C-LeaderElection89] INFO  segmented.SegmentedRaftLogWorker (SegmentedRaftLogWorker.java:startLogSegment(385)) - 865e2b69-9c7e-4aae-bb3d-c58a3c180f3d@group-497817897C5C-SegmentedRaftLogWorker: Starting segment from index:0
2019-10-08 10:57:52,055 [865e2b69-9c7e-4aae-bb3d-c58a3c180f3d@group-497817897C5C-LeaderElection89] INFO  impl.RaftServerImpl (ServerState.java:setRaftConf(356)) - 865e2b69-9c7e-4aae-bb3d-c58a3c180f3d@group-497817897C5C: set configuration 0: [865e2b69-9c7e-4aae-bb3d-c58a3c180f3d:192.168.30.18:42611], old=null at 0
2019-10-08 10:57:52,062 [Thread-2349] INFO  impl.FollowerState (FollowerState.java:run(108)) - c3b684e3-f66c-40af-8e69-95bf22e9e7fb@group-130B98BB3795-FollowerState: change to CANDIDATE, lastRpcTime:5055ms, electionTimeout:5055ms
2019-10-08 10:57:52,063 [Thread-2349] INFO  impl.RoleInfo (RoleInfo.java:shutdownFollowerState(121)) - c3b684e3-f66c-40af-8e69-95bf22e9e7fb: shutdown FollowerState
2019-10-08 10:57:52,063 [Thread-2349] INFO  impl.RaftServerImpl (RaftServerImpl.java:setRole(170)) - c3b684e3-f66c-40af-8e69-95bf22e9e7fb@group-130B98BB3795: changes role from  FOLLOWER to CANDIDATE at term 0 for changeToCandidate
2019-10-08 10:57:52,063 [Thread-2349] INFO  impl.RoleInfo (RoleInfo.java:updateAndGet(143)) - c3b684e3-f66c-40af-8e69-95bf22e9e7fb: start LeaderElection
2019-10-08 10:57:52,109 [865e2b69-9c7e-4aae-bb3d-c58a3c180f3d@group-497817897C5C-SegmentedRaftLogWorker] INFO  segmented.SegmentedRaftLogWorker (SegmentedRaftLogWorker.java:execute(574)) - 865e2b69-9c7e-4aae-bb3d-c58a3c180f3d@group-497817897C5C-SegmentedRaftLogWorker: created new log segment /workdir/hadoop-ozone/integration-test/target/test-dir/MiniOzoneClusterImpl-36a35b56-4904-4029-83df-6869c87f60be/datanode-3/data/ratis/3abc857b-257b-4857-99a3-497817897c5c/current/log_inprogress_0
2019-10-08 10:57:52,109 [c3b684e3-f66c-40af-8e69-95bf22e9e7fb@group-130B98BB3795-LeaderElection90] INFO  impl.LeaderElection (LeaderElection.java:askForVotes(178)) - c3b684e3-f66c-40af-8e69-95bf22e9e7fb@group-130B98BB3795-LeaderElection90: begin an election at term 1 for -1: [c3b684e3-f66c-40af-8e69-95bf22e9e7fb:192.168.30.18:39819, 865e2b69-9c7e-4aae-bb3d-c58a3c180f3d:192.168.30.18:42611, 61164b89-5d55-40a7-9283-a18b5a0496a0:192.168.30.18:35012], old=null
2019-10-08 10:57:52,111 [Thread-2354] INFO  impl.FollowerState (FollowerState.java:run(108)) - 865e2b69-9c7e-4aae-bb3d-c58a3c180f3d@group-130B98BB3795-FollowerState: change to CANDIDATE, lastRpcTime:5100ms, electionTimeout:5100ms
2019-10-08 10:57:52,111 [Thread-2354] INFO  impl.RoleInfo (RoleInfo.java:shutdownFollowerState(121)) - 865e2b69-9c7e-4aae-bb3d-c58a3c180f3d: shutdown FollowerState
2019-10-08 10:57:52,112 [Thread-2354] INFO  impl.RaftServerImpl (RaftServerImpl.java:setRole(170)) - 865e2b69-9c7e-4aae-bb3d-c58a3c180f3d@group-130B98BB3795: changes role from  FOLLOWER to CANDIDATE at term 0 for changeToCandidate
2019-10-08 10:57:52,112 [Thread-2354] INFO  impl.RoleInfo (RoleInfo.java:updateAndGet(143)) - 865e2b69-9c7e-4aae-bb3d-c58a3c180f3d: start LeaderElection
2019-10-08 10:57:52,120 [grpc-default-executor-9] INFO  impl.RaftServerImpl (RaftServerImpl.java:setRole(170)) - 61164b89-5d55-40a7-9283-a18b5a0496a0@group-130B98BB3795: changes role from  FOLLOWER to FOLLOWER at term 1 for recognizeCandidate:c3b684e3-f66c-40af-8e69-95bf22e9e7fb
2019-10-08 10:57:52,120 [grpc-default-executor-9] INFO  impl.RoleInfo (RoleInfo.java:shutdownFollowerState(121)) - 61164b89-5d55-40a7-9283-a18b5a0496a0: shutdown FollowerState
2019-10-08 10:57:52,120 [grpc-default-executor-9] INFO  impl.RoleInfo (RoleInfo.java:updateAndGet(143)) - 61164b89-5d55-40a7-9283-a18b5a0496a0: start FollowerState
2019-10-08 10:57:52,120 [Thread-2352] INFO  impl.FollowerState (FollowerState.java:run(117)) - 61164b89-5d55-40a7-9283-a18b5a0496a0@group-130B98BB3795-FollowerState was interrupted: java.lang.InterruptedException: sleep interrupted
2019-10-08 10:57:52,123 [865e2b69-9c7e-4aae-bb3d-c58a3c180f3d@group-130B98BB3795-LeaderElection91] INFO  impl.LeaderElection (LeaderElection.java:askForVotes(178)) - 865e2b69-9c7e-4aae-bb3d-c58a3c180f3d@group-130B98BB3795-LeaderElection91: begin an election at term 1 for -1: [c3b684e3-f66c-40af-8e69-95bf22e9e7fb:192.168.30.18:39819, 865e2b69-9c7e-4aae-bb3d-c58a3c180f3d:192.168.30.18:42611, 61164b89-5d55-40a7-9283-a18b5a0496a0:192.168.30.18:35012], old=null
2019-10-08 10:57:52,137 [c3b684e3-f66c-40af-8e69-95bf22e9e7fb@group-130B98BB3795-LeaderElection90] INFO  impl.LeaderElection (LeaderElection.java:logAndReturn(56)) - c3b684e3-f66c-40af-8e69-95bf22e9e7fb@group-130B98BB3795-LeaderElection90: Election PASSED; received 2 response(s) [c3b684e3-f66c-40af-8e69-95bf22e9e7fb<-865e2b69-9c7e-4aae-bb3d-c58a3c180f3d#0:FAIL-t1, c3b684e3-f66c-40af-8e69-95bf22e9e7fb<-61164b89-5d55-40a7-9283-a18b5a0496a0#0:OK-t1] and 0 exception(s); c3b684e3-f66c-40af-8e69-95bf22e9e7fb@group-130B98BB3795:t1, leader=null, voted=c3b684e3-f66c-40af-8e69-95bf22e9e7fb, raftlog=c3b684e3-f66c-40af-8e69-95bf22e9e7fb@group-130B98BB3795-SegmentedRaftLog:OPENED:c-1,f-1,i0, conf=-1: [c3b684e3-f66c-40af-8e69-95bf22e9e7fb:192.168.30.18:39819, 865e2b69-9c7e-4aae-bb3d-c58a3c180f3d:192.168.30.18:42611, 61164b89-5d55-40a7-9283-a18b5a0496a0:192.168.30.18:35012], old=null
2019-10-08 10:57:52,137 [865e2b69-9c7e-4aae-bb3d-c58a3c180f3d@group-130B98BB3795-LeaderElection91] INFO  impl.LeaderElection (LeaderElection.java:logAndReturn(56)) - 865e2b69-9c7e-4aae-bb3d-c58a3c180f3d@group-130B98BB3795-LeaderElection91: Election REJECTED; received 2 response(s) [865e2b69-9c7e-4aae-bb3d-c58a3c180f3d<-c3b684e3-f66c-40af-8e69-95bf22e9e7fb#0:FAIL-t1, 865e2b69-9c7e-4aae-bb3d-c58a3c180f3d<-61164b89-5d55-40a7-9283-a18b5a0496a0#0:FAIL-t1] and 0 exception(s); 865e2b69-9c7e-4aae-bb3d-c58a3c180f3d@group-130B98BB3795:t1, leader=null, voted=865e2b69-9c7e-4aae-bb3d-c58a3c180f3d, raftlog=865e2b69-9c7e-4aae-bb3d-c58a3c180f3d@group-130B98BB3795-SegmentedRaftLog:OPENED:c-1,f-1,i0, conf=-1: [c3b684e3-f66c-40af-8e69-95bf22e9e7fb:192.168.30.18:39819, 865e2b69-9c7e-4aae-bb3d-c58a3c180f3d:192.168.30.18:42611, 61164b89-5d55-40a7-9283-a18b5a0496a0:192.168.30.18:35012], old=null
2019-10-08 10:57:52,137 [c3b684e3-f66c-40af-8e69-95bf22e9e7fb@group-130B98BB3795-LeaderElection90] INFO  impl.RoleInfo (RoleInfo.java:shutdownLeaderElection(134)) - c3b684e3-f66c-40af-8e69-95bf22e9e7fb: shutdown LeaderElection
2019-10-08 10:57:52,140 [Thread-2346] INFO  impl.FollowerState (FollowerState.java:run(108)) - bbd5fcdc-1b0d-46c8-9116-4a6b00dcbf65@group-0F63C2B65DE8-FollowerState: change to CANDIDATE, lastRpcTime:5193ms, electionTimeout:5193ms
2019-10-08 10:57:52,137 [865e2b69-9c7e-4aae-bb3d-c58a3c180f3d@group-130B98BB3795-LeaderElection91] INFO  impl.RaftServerImpl (RaftServerImpl.java:setRole(170)) - 865e2b69-9c7e-4aae-bb3d-c58a3c180f3d@group-130B98BB3795: changes role from CANDIDATE to FOLLOWER at term 1 for DISCOVERED_A_NEW_TERM
2019-10-08 10:57:52,143 [Thread-2346] INFO  impl.RoleInfo (RoleInfo.java:shutdownFollowerState(121)) - bbd5fcdc-1b0d-46c8-9116-4a6b00dcbf65: shutdown FollowerState
2019-10-08 10:57:52,140 [c3b684e3-f66c-40af-8e69-95bf22e9e7fb@group-130B98BB3795-LeaderElection90] INFO  impl.RaftServerImpl (RaftServerImpl.java:setRole(170)) - c3b684e3-f66c-40af-8e69-95bf22e9e7fb@group-130B98BB3795: changes role from CANDIDATE to LEADER at term 1 for changeToLeader
2019-10-08 10:57:52,143 [Thread-2346] INFO  impl.RaftServerImpl (RaftServerImpl.java:setRole(170)) - bbd5fcdc-1b0d-46c8-9116-4a6b00dcbf65@group-0F63C2B65DE8: changes role from  FOLLOWER to CANDIDATE at term 0 for changeToCandidate
2019-10-08 10:57:52,143 [865e2b69-9c7e-4aae-bb3d-c58a3c180f3d@group-130B98BB3795-LeaderElection91] INFO  impl.RoleInfo (RoleInfo.java:shutdownLeaderElection(134)) - 865e2b69-9c7e-4aae-bb3d-c58a3c180f3d: shutdown LeaderElection
2019-10-08 10:57:52,144 [Thread-2346] INFO  impl.RoleInfo (RoleInfo.java:updateAndGet(143)) - bbd5fcdc-1b0d-46c8-9116-4a6b00dcbf65: start LeaderElection
2019-10-08 10:57:52,143 [c3b684e3-f66c-40af-8e69-95bf22e9e7fb@group-130B98BB3795-LeaderElection90] INFO  impl.RaftServerImpl (ServerState.java:setLeader(255)) - c3b684e3-f66c-40af-8e69-95bf22e9e7fb@group-130B98BB3795: change Leader from null to c3b684e3-f66c-40af-8e69-95bf22e9e7fb at term 1 for becomeLeader, leader elected after 5142ms
2019-10-08 10:57:52,144 [865e2b69-9c7e-4aae-bb3d-c58a3c180f3d@group-130B98BB3795-LeaderElection91] INFO  impl.RoleInfo (RoleInfo.java:updateAndGet(143)) - 865e2b69-9c7e-4aae-bb3d-c58a3c180f3d: start FollowerState
2019-10-08 10:57:52,144 [c3b684e3-f66c-40af-8e69-95bf22e9e7fb@group-130B98BB3795-LeaderElection90] INFO  server.RaftServerConfigKeys (ConfUtils.java:logGet(43)) - raft.server.staging.catchup.gap = 1000 (default)
2019-10-08 10:57:52,152 [c3b684e3-f66c-40af-8e69-95bf22e9e7fb@group-130B98BB3795-LeaderElection90] INFO  server.RaftServerConfigKeys (ConfUtils.java:logGet(43)) - raft.server.rpc.sleep.time = 25ms (default)
2019-10-08 10:57:52,152 [c3b684e3-f66c-40af-8e69-95bf22e9e7fb@group-130B98BB3795-LeaderElection90] INFO  server.RaftServerConfigKeys (ConfUtils.java:logGet(43)) - raft.server.write.element-limit = 4096 (default)
2019-10-08 10:57:52,153 [c3b684e3-f66c-40af-8e69-95bf22e9e7fb@group-130B98BB3795-LeaderElection90] INFO  server.RaftServerConfigKeys (ConfUtils.java:logGet(43)) - raft.server.watch.timeout = 10s (default)
2019-10-08 10:57:52,153 [c3b684e3-f66c-40af-8e69-95bf22e9e7fb@group-130B98BB3795-LeaderElection90] INFO  server.RaftServerConfigKeys (ConfUtils.java:logGet(43)) - raft.server.watch.timeout.denomination = 1s (default)
2019-10-08 10:57:52,153 [c3b684e3-f66c-40af-8e69-95bf22e9e7fb@group-130B98BB3795-LeaderElection90] INFO  server.RaftServerConfigKeys (ConfUtils.java:logGet(43)) - raft.server.watch.element-limit = 65536 (default)
2019-10-08 10:57:52,154 [c3b684e3-f66c-40af-8e69-95bf22e9e7fb@group-130B98BB3795-LeaderElection90] INFO  server.RaftServerConfigKeys (ConfUtils.java:logGet(43)) - raft.server.log.appender.snapshot.chunk.size.max = 16MB (=16777216) (default)
2019-10-08 10:57:52,155 [c3b684e3-f66c-40af-8e69-95bf22e9e7fb@group-130B98BB3795-LeaderElection90] INFO  server.RaftServerConfigKeys (ConfUtils.java:logGet(43)) - raft.server.log.appender.buffer.byte-limit = 33554432 (custom)
2019-10-08 10:57:52,155 [c3b684e3-f66c-40af-8e69-95bf22e9e7fb@group-130B98BB3795-LeaderElection90] INFO  server.RaftServerConfigKeys (ConfUtils.java:logGet(43)) - raft.server.log.appender.buffer.element-limit = 1 (custom)
2019-10-08 10:57:52,155 [c3b684e3-f66c-40af-8e69-95bf22e9e7fb@group-130B98BB3795-LeaderElection90] INFO  grpc.GrpcConfigKeys$Server (ConfUtils.java:logGet(43)) - raft.grpc.server.leader.outstanding.appends.max = 128 (default)
2019-10-08 10:57:52,155 [c3b684e3-f66c-40af-8e69-95bf22e9e7fb@group-130B98BB3795-LeaderElection90] INFO  server.RaftServerConfigKeys (ConfUtils.java:logGet(43)) - raft.server.rpc.request.timeout = 3000ms (default)
2019-10-08 10:57:52,156 [c3b684e3-f66c-40af-8e69-95bf22e9e7fb@group-130B98BB3795-LeaderElection90] INFO  server.RaftServerConfigKeys (ConfUtils.java:logGet(43)) - raft.server.log.appender.install.snapshot.enabled = false (custom)
2019-10-08 10:57:52,156 [c3b684e3-f66c-40af-8e69-95bf22e9e7fb@group-130B98BB3795-LeaderElection90] INFO  server.RaftServerConfigKeys (ConfUtils.java:logGet(43)) - raft.server.log.appender.snapshot.chunk.size.max = 16MB (=16777216) (default)
2019-10-08 10:57:52,156 [c3b684e3-f66c-40af-8e69-95bf22e9e7fb@group-130B98BB3795-LeaderElection90] INFO  server.RaftServerConfigKeys (ConfUtils.java:logGet(43)) - raft.server.log.appender.buffer.byte-limit = 33554432 (custom)
2019-10-08 10:57:52,156 [c3b684e3-f66c-40af-8e69-95bf22e9e7fb@group-130B98BB3795-LeaderElection90] INFO  server.RaftServerConfigKeys (ConfUtils.java:logGet(43)) - raft.server.log.appender.buffer.element-limit = 1 (custom)
2019-10-08 10:57:52,157 [c3b684e3-f66c-40af-8e69-95bf22e9e7fb@group-130B98BB3795-LeaderElection90] INFO  grpc.GrpcConfigKeys$Server (ConfUtils.java:logGet(43)) - raft.grpc.server.leader.outstanding.appends.max = 128 (default)
2019-10-08 10:57:52,157 [c3b684e3-f66c-40af-8e69-95bf22e9e7fb@group-130B98BB3795-LeaderElection90] INFO  server.RaftServerConfigKeys (ConfUtils.java:logGet(43)) - raft.server.rpc.request.timeout = 3000ms (default)
2019-10-08 10:57:52,157 [c3b684e3-f66c-40af-8e69-95bf22e9e7fb@group-130B98BB3795-LeaderElection90] INFO  server.RaftServerConfigKeys (ConfUtils.java:logGet(43)) - raft.server.log.appender.install.snapshot.enabled = false (custom)
2019-10-08 10:57:52,157 [c3b684e3-f66c-40af-8e69-95bf22e9e7fb@group-130B98BB3795-LeaderElection90] INFO  impl.RoleInfo (RoleInfo.java:updateAndGet(143)) - c3b684e3-f66c-40af-8e69-95bf22e9e7fb: start LeaderState
2019-10-08 10:57:52,157 [c3b684e3-f66c-40af-8e69-95bf22e9e7fb@group-130B98BB3795-LeaderElection90] INFO  segmented.SegmentedRaftLogWorker (SegmentedRaftLogWorker.java:startLogSegment(385)) - c3b684e3-f66c-40af-8e69-95bf22e9e7fb@group-130B98BB3795-SegmentedRaftLogWorker: Starting segment from index:0
2019-10-08 10:57:52,158 [c3b684e3-f66c-40af-8e69-95bf22e9e7fb@group-130B98BB3795-LeaderElection90] INFO  impl.RaftServerImpl (ServerState.java:setRaftConf(356)) - c3b684e3-f66c-40af-8e69-95bf22e9e7fb@group-130B98BB3795: set configuration 0: [c3b684e3-f66c-40af-8e69-95bf22e9e7fb:192.168.30.18:39819, 865e2b69-9c7e-4aae-bb3d-c58a3c180f3d:192.168.30.18:42611, 61164b89-5d55-40a7-9283-a18b5a0496a0:192.168.30.18:35012], old=null at 0
2019-10-08 10:57:52,160 [grpc-default-executor-8] INFO  impl.RaftServerImpl (ServerState.java:setLeader(255)) - 865e2b69-9c7e-4aae-bb3d-c58a3c180f3d@group-130B98BB3795: change Leader from null to c3b684e3-f66c-40af-8e69-95bf22e9e7fb at term 1 for appendEntries, leader elected after 5158ms
2019-10-08 10:57:52,160 [grpc-default-executor-9] INFO  impl.RaftServerImpl (ServerState.java:setLeader(255)) - 61164b89-5d55-40a7-9283-a18b5a0496a0@group-130B98BB3795: change Leader from null to c3b684e3-f66c-40af-8e69-95bf22e9e7fb at term 1 for appendEntries, leader elected after 5158ms
2019-10-08 10:57:52,162 [grpc-default-executor-9] INFO  impl.RaftServerImpl (ServerState.java:setRaftConf(356)) - 865e2b69-9c7e-4aae-bb3d-c58a3c180f3d@group-130B98BB3795: set configuration 0: [c3b684e3-f66c-40af-8e69-95bf22e9e7fb:192.168.30.18:39819, 865e2b69-9c7e-4aae-bb3d-c58a3c180f3d:192.168.30.18:42611, 61164b89-5d55-40a7-9283-a18b5a0496a0:192.168.30.18:35012], old=null at 0
2019-10-08 10:57:52,162 [grpc-default-executor-8] INFO  impl.RaftServerImpl (ServerState.java:setRaftConf(356)) - 61164b89-5d55-40a7-9283-a18b5a0496a0@group-130B98BB3795: set configuration 0: [c3b684e3-f66c-40af-8e69-95bf22e9e7fb:192.168.30.18:39819, 865e2b69-9c7e-4aae-bb3d-c58a3c180f3d:192.168.30.18:42611, 61164b89-5d55-40a7-9283-a18b5a0496a0:192.168.30.18:35012], old=null at 0
2019-10-08 10:57:52,163 [grpc-default-executor-9] INFO  segmented.SegmentedRaftLogWorker (SegmentedRaftLogWorker.java:startLogSegment(385)) - 865e2b69-9c7e-4aae-bb3d-c58a3c180f3d@group-130B98BB3795-SegmentedRaftLogWorker: Starting segment from index:0
2019-10-08 10:57:52,163 [grpc-default-executor-8] INFO  segmented.SegmentedRaftLogWorker (SegmentedRaftLogWorker.java:startLogSegment(385)) - 61164b89-5d55-40a7-9283-a18b5a0496a0@group-130B98BB3795-SegmentedRaftLogWorker: Starting segment from index:0
2019-10-08 10:57:52,165 [bbd5fcdc-1b0d-46c8-9116-4a6b00dcbf65@group-0F63C2B65DE8-LeaderElection92] INFO  impl.LeaderElection (LeaderElection.java:askForVotes(178)) - bbd5fcdc-1b0d-46c8-9116-4a6b00dcbf65@group-0F63C2B65DE8-LeaderElection92: begin an election at term 1 for -1: [bbd5fcdc-1b0d-46c8-9116-4a6b00dcbf65:192.168.30.18:45344], old=null
2019-10-08 10:57:52,165 [bbd5fcdc-1b0d-46c8-9116-4a6b00dcbf65@group-0F63C2B65DE8-LeaderElection92] INFO  impl.RoleInfo (RoleInfo.java:shutdownLeaderElection(134)) - bbd5fcdc-1b0d-46c8-9116-4a6b00dcbf65: shutdown LeaderElection
2019-10-08 10:57:52,165 [bbd5fcdc-1b0d-46c8-9116-4a6b00dcbf65@group-0F63C2B65DE8-LeaderElection92] INFO  impl.RaftServerImpl (RaftServerImpl.java:setRole(170)) - bbd5fcdc-1b0d-46c8-9116-4a6b00dcbf65@group-0F63C2B65DE8: changes role from CANDIDATE to LEADER at term 1 for changeToLeader
2019-10-08 10:57:52,166 [bbd5fcdc-1b0d-46c8-9116-4a6b00dcbf65@group-0F63C2B65DE8-LeaderElection92] INFO  impl.RaftServerImpl (ServerState.java:setLeader(255)) - bbd5fcdc-1b0d-46c8-9116-4a6b00dcbf65@group-0F63C2B65DE8: change Leader from null to bbd5fcdc-1b0d-46c8-9116-4a6b00dcbf65 at term 1 for becomeLeader, leader elected after 5225ms
2019-10-08 10:57:52,166 [bbd5fcdc-1b0d-46c8-9116-4a6b00dcbf65@group-0F63C2B65DE8-LeaderElection92] INFO  server.RaftServerConfigKeys (ConfUtils.java:logGet(43)) - raft.server.staging.catchup.gap = 1000 (default)
2019-10-08 10:57:52,166 [bbd5fcdc-1b0d-46c8-9116-4a6b00dcbf65@group-0F63C2B65DE8-LeaderElection92] INFO  server.RaftServerConfigKeys (ConfUtils.java:logGet(43)) - raft.server.rpc.sleep.time = 25ms (default)
2019-10-08 10:57:52,166 [bbd5fcdc-1b0d-46c8-9116-4a6b00dcbf65@group-0F63C2B65DE8-LeaderElection92] INFO  server.RaftServerConfigKeys (ConfUtils.java:logGet(43)) - raft.server.write.element-limit = 4096 (default)
2019-10-08 10:57:52,166 [bbd5fcdc-1b0d-46c8-9116-4a6b00dcbf65@group-0F63C2B65DE8-LeaderElection92] INFO  server.RaftServerConfigKeys (ConfUtils.java:logGet(43)) - raft.server.watch.timeout = 10s (default)
2019-10-08 10:57:52,166 [bbd5fcdc-1b0d-46c8-9116-4a6b00dcbf65@group-0F63C2B65DE8-LeaderElection92] INFO  server.RaftServerConfigKeys (ConfUtils.java:logGet(43)) - raft.server.watch.timeout.denomination = 1s (default)
2019-10-08 10:57:52,166 [bbd5fcdc-1b0d-46c8-9116-4a6b00dcbf65@group-0F63C2B65DE8-LeaderElection92] INFO  server.RaftServerConfigKeys (ConfUtils.java:logGet(43)) - raft.server.watch.element-limit = 65536 (default)
2019-10-08 10:57:52,168 [bbd5fcdc-1b0d-46c8-9116-4a6b00dcbf65@group-0F63C2B65DE8-LeaderElection92] INFO  impl.RoleInfo (RoleInfo.java:updateAndGet(143)) - bbd5fcdc-1b0d-46c8-9116-4a6b00dcbf65: start LeaderState
2019-10-08 10:57:52,169 [bbd5fcdc-1b0d-46c8-9116-4a6b00dcbf65@group-0F63C2B65DE8-LeaderElection92] INFO  segmented.SegmentedRaftLogWorker (SegmentedRaftLogWorker.java:startLogSegment(385)) - bbd5fcdc-1b0d-46c8-9116-4a6b00dcbf65@group-0F63C2B65DE8-SegmentedRaftLogWorker: Starting segment from index:0
2019-10-08 10:57:52,169 [bbd5fcdc-1b0d-46c8-9116-4a6b00dcbf65@group-0F63C2B65DE8-LeaderElection92] INFO  impl.RaftServerImpl (ServerState.java:setRaftConf(356)) - bbd5fcdc-1b0d-46c8-9116-4a6b00dcbf65@group-0F63C2B65DE8: set configuration 0: [bbd5fcdc-1b0d-46c8-9116-4a6b00dcbf65:192.168.30.18:45344], old=null at 0
2019-10-08 10:57:52,200 [c3b684e3-f66c-40af-8e69-95bf22e9e7fb@group-130B98BB3795-SegmentedRaftLogWorker] INFO  segmented.SegmentedRaftLogWorker (SegmentedRaftLogWorker.java:execute(574)) - c3b684e3-f66c-40af-8e69-95bf22e9e7fb@group-130B98BB3795-SegmentedRaftLogWorker: created new log segment /workdir/hadoop-ozone/integration-test/target/test-dir/MiniOzoneClusterImpl-36a35b56-4904-4029-83df-6869c87f60be/datanode-1/data/ratis/253a36da-c869-4594-b675-130b98bb3795/current/log_inprogress_0
2019-10-08 10:57:52,200 [865e2b69-9c7e-4aae-bb3d-c58a3c180f3d@group-130B98BB3795-SegmentedRaftLogWorker] INFO  segmented.SegmentedRaftLogWorker (SegmentedRaftLogWorker.java:execute(574)) - 865e2b69-9c7e-4aae-bb3d-c58a3c180f3d@group-130B98BB3795-SegmentedRaftLogWorker: created new log segment /workdir/hadoop-ozone/integration-test/target/test-dir/MiniOzoneClusterImpl-36a35b56-4904-4029-83df-6869c87f60be/datanode-3/data/ratis/253a36da-c869-4594-b675-130b98bb3795/current/log_inprogress_0
2019-10-08 10:57:52,200 [61164b89-5d55-40a7-9283-a18b5a0496a0@group-130B98BB3795-SegmentedRaftLogWorker] INFO  segmented.SegmentedRaftLogWorker (SegmentedRaftLogWorker.java:execute(574)) - 61164b89-5d55-40a7-9283-a18b5a0496a0@group-130B98BB3795-SegmentedRaftLogWorker: created new log segment /workdir/hadoop-ozone/integration-test/target/test-dir/MiniOzoneClusterImpl-36a35b56-4904-4029-83df-6869c87f60be/datanode-0/data/ratis/253a36da-c869-4594-b675-130b98bb3795/current/log_inprogress_0
2019-10-08 10:57:52,201 [Thread-2361] INFO  impl.FollowerState (FollowerState.java:run(108)) - bbd5fcdc-1b0d-46c8-9116-4a6b00dcbf65@group-31EF8E3D5778-FollowerState: change to CANDIDATE, lastRpcTime:5101ms, electionTimeout:5101ms
2019-10-08 10:57:52,201 [Thread-2361] INFO  impl.RoleInfo (RoleInfo.java:shutdownFollowerState(121)) - bbd5fcdc-1b0d-46c8-9116-4a6b00dcbf65: shutdown FollowerState
2019-10-08 10:57:52,201 [Thread-2361] INFO  impl.RaftServerImpl (RaftServerImpl.java:setRole(170)) - bbd5fcdc-1b0d-46c8-9116-4a6b00dcbf65@group-31EF8E3D5778: changes role from  FOLLOWER to CANDIDATE at term 0 for changeToCandidate
2019-10-08 10:57:52,201 [Thread-2361] INFO  impl.RoleInfo (RoleInfo.java:updateAndGet(143)) - bbd5fcdc-1b0d-46c8-9116-4a6b00dcbf65: start LeaderElection
2019-10-08 10:57:52,214 [bbd5fcdc-1b0d-46c8-9116-4a6b00dcbf65@group-0F63C2B65DE8-SegmentedRaftLogWorker] INFO  segmented.SegmentedRaftLogWorker (SegmentedRaftLogWorker.java:execute(574)) - bbd5fcdc-1b0d-46c8-9116-4a6b00dcbf65@group-0F63C2B65DE8-SegmentedRaftLogWorker: created new log segment /workdir/hadoop-ozone/integration-test/target/test-dir/MiniOzoneClusterImpl-36a35b56-4904-4029-83df-6869c87f60be/datanode-4/data/ratis/562337df-2b85-41d3-b465-0f63c2b65de8/current/log_inprogress_0
2019-10-08 10:57:52,214 [bbd5fcdc-1b0d-46c8-9116-4a6b00dcbf65@group-31EF8E3D5778-LeaderElection93] INFO  impl.LeaderElection (LeaderElection.java:askForVotes(178)) - bbd5fcdc-1b0d-46c8-9116-4a6b00dcbf65@group-31EF8E3D5778-LeaderElection93: begin an election at term 1 for -1: [1b9c3ea2-fbc7-4e63-b4cc-0fea4371ca50:192.168.30.18:32774, bbd5fcdc-1b0d-46c8-9116-4a6b00dcbf65:192.168.30.18:45344, 828d5ca9-ddb7-4482-86ef-78aa46598911:192.168.30.18:33402], old=null
2019-10-08 10:57:52,221 [grpc-default-executor-9] INFO  impl.RaftServerImpl (RaftServerImpl.java:setRole(170)) - 1b9c3ea2-fbc7-4e63-b4cc-0fea4371ca50@group-31EF8E3D5778: changes role from  FOLLOWER to FOLLOWER at term 1 for recognizeCandidate:bbd5fcdc-1b0d-46c8-9116-4a6b00dcbf65
2019-10-08 10:57:52,224 [grpc-default-executor-8] INFO  impl.RaftServerImpl (RaftServerImpl.java:setRole(170)) - 828d5ca9-ddb7-4482-86ef-78aa46598911@group-31EF8E3D5778: changes role from  FOLLOWER to FOLLOWER at term 1 for recognizeCandidate:bbd5fcdc-1b0d-46c8-9116-4a6b00dcbf65
2019-10-08 10:57:52,224 [grpc-default-executor-9] INFO  impl.RoleInfo (RoleInfo.java:shutdownFollowerState(121)) - 1b9c3ea2-fbc7-4e63-b4cc-0fea4371ca50: shutdown FollowerState
2019-10-08 10:57:52,224 [grpc-default-executor-8] INFO  impl.RoleInfo (RoleInfo.java:shutdownFollowerState(121)) - 828d5ca9-ddb7-4482-86ef-78aa46598911: shutdown FollowerState
2019-10-08 10:57:52,225 [grpc-default-executor-9] INFO  impl.RoleInfo (RoleInfo.java:updateAndGet(143)) - 1b9c3ea2-fbc7-4e63-b4cc-0fea4371ca50: start FollowerState
2019-10-08 10:57:52,225 [grpc-default-executor-8] INFO  impl.RoleInfo (RoleInfo.java:updateAndGet(143)) - 828d5ca9-ddb7-4482-86ef-78aa46598911: start FollowerState
2019-10-08 10:57:52,225 [Thread-2366] INFO  impl.FollowerState (FollowerState.java:run(117)) - 1b9c3ea2-fbc7-4e63-b4cc-0fea4371ca50@group-31EF8E3D5778-FollowerState was interrupted: java.lang.InterruptedException: sleep interrupted
2019-10-08 10:57:52,225 [Thread-2362] INFO  impl.FollowerState (FollowerState.java:run(117)) - 828d5ca9-ddb7-4482-86ef-78aa46598911@group-31EF8E3D5778-FollowerState was interrupted: java.lang.InterruptedException: sleep interrupted
2019-10-08 10:57:52,245 [bbd5fcdc-1b0d-46c8-9116-4a6b00dcbf65@group-31EF8E3D5778-LeaderElection93] INFO  impl.LeaderElection (LeaderElection.java:logAndReturn(56)) - bbd5fcdc-1b0d-46c8-9116-4a6b00dcbf65@group-31EF8E3D5778-LeaderElection93: Election PASSED; received 1 response(s) [bbd5fcdc-1b0d-46c8-9116-4a6b00dcbf65<-1b9c3ea2-fbc7-4e63-b4cc-0fea4371ca50#0:OK-t1] and 0 exception(s); bbd5fcdc-1b0d-46c8-9116-4a6b00dcbf65@group-31EF8E3D5778:t1, leader=null, voted=bbd5fcdc-1b0d-46c8-9116-4a6b00dcbf65, raftlog=bbd5fcdc-1b0d-46c8-9116-4a6b00dcbf65@group-31EF8E3D5778-SegmentedRaftLog:OPENED:c-1,f-1,i0, conf=-1: [1b9c3ea2-fbc7-4e63-b4cc-0fea4371ca50:192.168.30.18:32774, bbd5fcdc-1b0d-46c8-9116-4a6b00dcbf65:192.168.30.18:45344, 828d5ca9-ddb7-4482-86ef-78aa46598911:192.168.30.18:33402], old=null
2019-10-08 10:57:52,245 [bbd5fcdc-1b0d-46c8-9116-4a6b00dcbf65@group-31EF8E3D5778-LeaderElection93] INFO  impl.RoleInfo (RoleInfo.java:shutdownLeaderElection(134)) - bbd5fcdc-1b0d-46c8-9116-4a6b00dcbf65: shutdown LeaderElection
2019-10-08 10:57:52,245 [bbd5fcdc-1b0d-46c8-9116-4a6b00dcbf65@group-31EF8E3D5778-LeaderElection93] INFO  impl.RaftServerImpl (RaftServerImpl.java:setRole(170)) - bbd5fcdc-1b0d-46c8-9116-4a6b00dcbf65@group-31EF8E3D5778: changes role from CANDIDATE to LEADER at term 1 for changeToLeader
2019-10-08 10:57:52,245 [bbd5fcdc-1b0d-46c8-9116-4a6b00dcbf65@group-31EF8E3D5778-LeaderElection93] INFO  impl.RaftServerImpl (ServerState.java:setLeader(255)) - bbd5fcdc-1b0d-46c8-9116-4a6b00dcbf65@group-31EF8E3D5778: change Leader from null to bbd5fcdc-1b0d-46c8-9116-4a6b00dcbf65 at term 1 for becomeLeader, leader elected after 5166ms
2019-10-08 10:57:52,246 [bbd5fcdc-1b0d-46c8-9116-4a6b00dcbf65@group-31EF8E3D5778-LeaderElection93] INFO  server.RaftServerConfigKeys (ConfUtils.java:logGet(43)) - raft.server.staging.catchup.gap = 1000 (default)
2019-10-08 10:57:52,246 [bbd5fcdc-1b0d-46c8-9116-4a6b00dcbf65@group-31EF8E3D5778-LeaderElection93] INFO  server.RaftServerConfigKeys (ConfUtils.java:logGet(43)) - raft.server.rpc.sleep.time = 25ms (default)
2019-10-08 10:57:52,246 [bbd5fcdc-1b0d-46c8-9116-4a6b00dcbf65@group-31EF8E3D5778-LeaderElection93] INFO  server.RaftServerConfigKeys (ConfUtils.java:logGet(43)) - raft.server.write.element-limit = 4096 (default)
2019-10-08 10:57:52,246 [bbd5fcdc-1b0d-46c8-9116-4a6b00dcbf65@group-31EF8E3D5778-LeaderElection93] INFO  server.RaftServerConfigKeys (ConfUtils.java:logGet(43)) - raft.server.watch.timeout = 10s (default)
2019-10-08 10:57:52,246 [bbd5fcdc-1b0d-46c8-9116-4a6b00dcbf65@group-31EF8E3D5778-LeaderElection93] INFO  server.RaftServerConfigKeys (ConfUtils.java:logGet(43)) - raft.server.watch.timeout.denomination = 1s (default)
2019-10-08 10:57:52,246 [bbd5fcdc-1b0d-46c8-9116-4a6b00dcbf65@group-31EF8E3D5778-LeaderElection93] INFO  server.RaftServerConfigKeys (ConfUtils.java:logGet(43)) - raft.server.watch.element-limit = 65536 (default)
2019-10-08 10:57:52,247 [bbd5fcdc-1b0d-46c8-9116-4a6b00dcbf65@group-31EF8E3D5778-LeaderElection93] INFO  server.RaftServerConfigKeys (ConfUtils.java:logGet(43)) - raft.server.log.appender.snapshot.chunk.size.max = 16MB (=16777216) (default)
2019-10-08 10:57:52,248 [bbd5fcdc-1b0d-46c8-9116-4a6b00dcbf65@group-31EF8E3D5778-LeaderElection93] INFO  server.RaftServerConfigKeys (ConfUtils.java:logGet(43)) - raft.server.log.appender.buffer.byte-limit = 33554432 (custom)
2019-10-08 10:57:52,248 [bbd5fcdc-1b0d-46c8-9116-4a6b00dcbf65@group-31EF8E3D5778-LeaderElection93] INFO  server.RaftServerConfigKeys (ConfUtils.java:logGet(43)) - raft.server.log.appender.buffer.element-limit = 1 (custom)
2019-10-08 10:57:52,248 [bbd5fcdc-1b0d-46c8-9116-4a6b00dcbf65@group-31EF8E3D5778-LeaderElection93] INFO  grpc.GrpcConfigKeys$Server (ConfUtils.java:logGet(43)) - raft.grpc.server.leader.outstanding.appends.max = 128 (default)
2019-10-08 10:57:52,248 [bbd5fcdc-1b0d-46c8-9116-4a6b00dcbf65@group-31EF8E3D5778-LeaderElection93] INFO  server.RaftServerConfigKeys (ConfUtils.java:logGet(43)) - raft.server.rpc.request.timeout = 3000ms (default)
2019-10-08 10:57:52,248 [bbd5fcdc-1b0d-46c8-9116-4a6b00dcbf65@group-31EF8E3D5778-LeaderElection93] INFO  server.RaftServerConfigKeys (ConfUtils.java:logGet(43)) - raft.server.log.appender.install.snapshot.enabled = false (custom)
2019-10-08 10:57:52,248 [bbd5fcdc-1b0d-46c8-9116-4a6b00dcbf65@group-31EF8E3D5778-LeaderElection93] INFO  server.RaftServerConfigKeys (ConfUtils.java:logGet(43)) - raft.server.log.appender.snapshot.chunk.size.max = 16MB (=16777216) (default)
2019-10-08 10:57:52,249 [bbd5fcdc-1b0d-46c8-9116-4a6b00dcbf65@group-31EF8E3D5778-LeaderElection93] INFO  server.RaftServerConfigKeys (ConfUtils.java:logGet(43)) - raft.server.log.appender.buffer.byte-limit = 33554432 (custom)
2019-10-08 10:57:52,249 [bbd5fcdc-1b0d-46c8-9116-4a6b00dcbf65@group-31EF8E3D5778-LeaderElection93] INFO  server.RaftServerConfigKeys (ConfUtils.java:logGet(43)) - raft.server.log.appender.buffer.element-limit = 1 (custom)
2019-10-08 10:57:52,249 [bbd5fcdc-1b0d-46c8-9116-4a6b00dcbf65@group-31EF8E3D5778-LeaderElection93] INFO  grpc.GrpcConfigKeys$Server (ConfUtils.java:logGet(43)) - raft.grpc.server.leader.outstanding.appends.max = 128 (default)
2019-10-08 10:57:52,249 [bbd5fcdc-1b0d-46c8-9116-4a6b00dcbf65@group-31EF8E3D5778-LeaderElection93] INFO  server.RaftServerConfigKeys (ConfUtils.java:logGet(43)) - raft.server.rpc.request.timeout = 3000ms (default)
2019-10-08 10:57:52,249 [bbd5fcdc-1b0d-46c8-9116-4a6b00dcbf65@group-31EF8E3D5778-LeaderElection93] INFO  server.RaftServerConfigKeys (ConfUtils.java:logGet(43)) - raft.server.log.appender.install.snapshot.enabled = false (custom)
2019-10-08 10:57:52,249 [bbd5fcdc-1b0d-46c8-9116-4a6b00dcbf65@group-31EF8E3D5778-LeaderElection93] INFO  impl.RoleInfo (RoleInfo.java:updateAndGet(143)) - bbd5fcdc-1b0d-46c8-9116-4a6b00dcbf65: start LeaderState
2019-10-08 10:57:52,250 [bbd5fcdc-1b0d-46c8-9116-4a6b00dcbf65@group-31EF8E3D5778-LeaderElection93] INFO  segmented.SegmentedRaftLogWorker (SegmentedRaftLogWorker.java:startLogSegment(385)) - bbd5fcdc-1b0d-46c8-9116-4a6b00dcbf65@group-31EF8E3D5778-SegmentedRaftLogWorker: Starting segment from index:0
2019-10-08 10:57:52,250 [bbd5fcdc-1b0d-46c8-9116-4a6b00dcbf65@group-31EF8E3D5778-LeaderElection93] INFO  impl.RaftServerImpl (ServerState.java:setRaftConf(356)) - bbd5fcdc-1b0d-46c8-9116-4a6b00dcbf65@group-31EF8E3D5778: set configuration 0: [1b9c3ea2-fbc7-4e63-b4cc-0fea4371ca50:192.168.30.18:32774, bbd5fcdc-1b0d-46c8-9116-4a6b00dcbf65:192.168.30.18:45344, 828d5ca9-ddb7-4482-86ef-78aa46598911:192.168.30.18:33402], old=null at 0
2019-10-08 10:57:52,251 [grpc-default-executor-9] INFO  impl.RaftServerImpl (ServerState.java:setLeader(255)) - 1b9c3ea2-fbc7-4e63-b4cc-0fea4371ca50@group-31EF8E3D5778: change Leader from null to bbd5fcdc-1b0d-46c8-9116-4a6b00dcbf65 at term 1 for appendEntries, leader elected after 5172ms
2019-10-08 10:57:52,282 [Thread-2372] INFO  impl.FollowerState (FollowerState.java:run(108)) - 1b9c3ea2-fbc7-4e63-b4cc-0fea4371ca50@group-E3B35AEF3141-FollowerState: change to CANDIDATE, lastRpcTime:5079ms, electionTimeout:5079ms
2019-10-08 10:57:52,282 [grpc-default-executor-9] INFO  impl.RaftServerImpl (ServerState.java:setLeader(255)) - 828d5ca9-ddb7-4482-86ef-78aa46598911@group-31EF8E3D5778: change Leader from null to bbd5fcdc-1b0d-46c8-9116-4a6b00dcbf65 at term 1 for appendEntries, leader elected after 5203ms
2019-10-08 10:57:52,282 [Thread-2372] INFO  impl.RoleInfo (RoleInfo.java:shutdownFollowerState(121)) - 1b9c3ea2-fbc7-4e63-b4cc-0fea4371ca50: shutdown FollowerState
2019-10-08 10:57:52,282 [Thread-2372] INFO  impl.RaftServerImpl (RaftServerImpl.java:setRole(170)) - 1b9c3ea2-fbc7-4e63-b4cc-0fea4371ca50@group-E3B35AEF3141: changes role from  FOLLOWER to CANDIDATE at term 0 for changeToCandidate
2019-10-08 10:57:52,282 [Thread-2372] INFO  impl.RoleInfo (RoleInfo.java:updateAndGet(143)) - 1b9c3ea2-fbc7-4e63-b4cc-0fea4371ca50: start LeaderElection
2019-10-08 10:57:52,288 [grpc-default-executor-8] INFO  impl.RaftServerImpl (ServerState.java:setRaftConf(356)) - 1b9c3ea2-fbc7-4e63-b4cc-0fea4371ca50@group-31EF8E3D5778: set configuration 0: [1b9c3ea2-fbc7-4e63-b4cc-0fea4371ca50:192.168.30.18:32774, bbd5fcdc-1b0d-46c8-9116-4a6b00dcbf65:192.168.30.18:45344, 828d5ca9-ddb7-4482-86ef-78aa46598911:192.168.30.18:33402], old=null at 0
2019-10-08 10:57:52,288 [grpc-default-executor-9] INFO  impl.RaftServerImpl (ServerState.java:setRaftConf(356)) - 828d5ca9-ddb7-4482-86ef-78aa46598911@group-31EF8E3D5778: set configuration 0: [1b9c3ea2-fbc7-4e63-b4cc-0fea4371ca50:192.168.30.18:32774, bbd5fcdc-1b0d-46c8-9116-4a6b00dcbf65:192.168.30.18:45344, 828d5ca9-ddb7-4482-86ef-78aa46598911:192.168.30.18:33402], old=null at 0
2019-10-08 10:57:52,288 [grpc-default-executor-8] INFO  segmented.SegmentedRaftLogWorker (SegmentedRaftLogWorker.java:startLogSegment(385)) - 1b9c3ea2-fbc7-4e63-b4cc-0fea4371ca50@group-31EF8E3D5778-SegmentedRaftLogWorker: Starting segment from index:0
2019-10-08 10:57:52,289 [grpc-default-executor-9] INFO  segmented.SegmentedRaftLogWorker (SegmentedRaftLogWorker.java:startLogSegment(385)) - 828d5ca9-ddb7-4482-86ef-78aa46598911@group-31EF8E3D5778-SegmentedRaftLogWorker: Starting segment from index:0
2019-10-08 10:57:52,292 [bbd5fcdc-1b0d-46c8-9116-4a6b00dcbf65@group-31EF8E3D5778-SegmentedRaftLogWorker] INFO  segmented.SegmentedRaftLogWorker (SegmentedRaftLogWorker.java:execute(574)) - bbd5fcdc-1b0d-46c8-9116-4a6b00dcbf65@group-31EF8E3D5778-SegmentedRaftLogWorker: created new log segment /workdir/hadoop-ozone/integration-test/target/test-dir/MiniOzoneClusterImpl-36a35b56-4904-4029-83df-6869c87f60be/datanode-4/data/ratis/798a352e-2573-4fee-94a7-31ef8e3d5778/current/log_inprogress_0
2019-10-08 10:57:52,292 [1b9c3ea2-fbc7-4e63-b4cc-0fea4371ca50@group-E3B35AEF3141-LeaderElection94] INFO  impl.LeaderElection (LeaderElection.java:askForVotes(178)) - 1b9c3ea2-fbc7-4e63-b4cc-0fea4371ca50@group-E3B35AEF3141-LeaderElection94: begin an election at term 1 for -1: [1b9c3ea2-fbc7-4e63-b4cc-0fea4371ca50:192.168.30.18:32774], old=null
2019-10-08 10:57:52,292 [1b9c3ea2-fbc7-4e63-b4cc-0fea4371ca50@group-E3B35AEF3141-LeaderElection94] INFO  impl.RoleInfo (RoleInfo.java:shutdownLeaderElection(134)) - 1b9c3ea2-fbc7-4e63-b4cc-0fea4371ca50: shutdown LeaderElection
2019-10-08 10:57:52,292 [1b9c3ea2-fbc7-4e63-b4cc-0fea4371ca50@group-E3B35AEF3141-LeaderElection94] INFO  impl.RaftServerImpl (RaftServerImpl.java:setRole(170)) - 1b9c3ea2-fbc7-4e63-b4cc-0fea4371ca50@group-E3B35AEF3141: changes role from CANDIDATE to LEADER at term 1 for changeToLeader
2019-10-08 10:57:52,292 [1b9c3ea2-fbc7-4e63-b4cc-0fea4371ca50@group-E3B35AEF3141-LeaderElection94] INFO  impl.RaftServerImpl (ServerState.java:setLeader(255)) - 1b9c3ea2-fbc7-4e63-b4cc-0fea4371ca50@group-E3B35AEF3141: change Leader from null to 1b9c3ea2-fbc7-4e63-b4cc-0fea4371ca50 at term 1 for becomeLeader, leader elected after 5094ms
2019-10-08 10:57:52,292 [1b9c3ea2-fbc7-4e63-b4cc-0fea4371ca50@group-E3B35AEF3141-LeaderElection94] INFO  server.RaftServerConfigKeys (ConfUtils.java:logGet(43)) - raft.server.staging.catchup.gap = 1000 (default)
2019-10-08 10:57:52,293 [1b9c3ea2-fbc7-4e63-b4cc-0fea4371ca50@group-E3B35AEF3141-LeaderElection94] INFO  server.RaftServerConfigKeys (ConfUtils.java:logGet(43)) - raft.server.rpc.sleep.time = 25ms (default)
2019-10-08 10:57:52,293 [1b9c3ea2-fbc7-4e63-b4cc-0fea4371ca50@group-E3B35AEF3141-LeaderElection94] INFO  server.RaftServerConfigKeys (ConfUtils.java:logGet(43)) - raft.server.write.element-limit = 4096 (default)
2019-10-08 10:57:52,293 [1b9c3ea2-fbc7-4e63-b4cc-0fea4371ca50@group-E3B35AEF3141-LeaderElection94] INFO  server.RaftServerConfigKeys (ConfUtils.java:logGet(43)) - raft.server.watch.timeout = 10s (default)
2019-10-08 10:57:52,293 [1b9c3ea2-fbc7-4e63-b4cc-0fea4371ca50@group-E3B35AEF3141-LeaderElection94] INFO  server.RaftServerConfigKeys (ConfUtils.java:logGet(43)) - raft.server.watch.timeout.denomination = 1s (default)
2019-10-08 10:57:52,293 [1b9c3ea2-fbc7-4e63-b4cc-0fea4371ca50@group-E3B35AEF3141-LeaderElection94] INFO  server.RaftServerConfigKeys (ConfUtils.java:logGet(43)) - raft.server.watch.element-limit = 65536 (default)
2019-10-08 10:57:52,295 [1b9c3ea2-fbc7-4e63-b4cc-0fea4371ca50@group-E3B35AEF3141-LeaderElection94] INFO  impl.RoleInfo (RoleInfo.java:updateAndGet(143)) - 1b9c3ea2-fbc7-4e63-b4cc-0fea4371ca50: start LeaderState
2019-10-08 10:57:52,295 [1b9c3ea2-fbc7-4e63-b4cc-0fea4371ca50@group-E3B35AEF3141-LeaderElection94] INFO  segmented.SegmentedRaftLogWorker (SegmentedRaftLogWorker.java:startLogSegment(385)) - 1b9c3ea2-fbc7-4e63-b4cc-0fea4371ca50@group-E3B35AEF3141-SegmentedRaftLogWorker: Starting segment from index:0
2019-10-08 10:57:52,296 [1b9c3ea2-fbc7-4e63-b4cc-0fea4371ca50@group-E3B35AEF3141-LeaderElection94] INFO  impl.RaftServerImpl (ServerState.java:setRaftConf(356)) - 1b9c3ea2-fbc7-4e63-b4cc-0fea4371ca50@group-E3B35AEF3141: set configuration 0: [1b9c3ea2-fbc7-4e63-b4cc-0fea4371ca50:192.168.30.18:32774], old=null at 0
2019-10-08 10:57:52,336 [828d5ca9-ddb7-4482-86ef-78aa46598911@group-31EF8E3D5778-SegmentedRaftLogWorker] INFO  segmented.SegmentedRaftLogWorker (SegmentedRaftLogWorker.java:execute(574)) - 828d5ca9-ddb7-4482-86ef-78aa46598911@group-31EF8E3D5778-SegmentedRaftLogWorker: created new log segment /workdir/hadoop-ozone/integration-test/target/test-dir/MiniOzoneClusterImpl-36a35b56-4904-4029-83df-6869c87f60be/datanode-2/data/ratis/798a352e-2573-4fee-94a7-31ef8e3d5778/current/log_inprogress_0
2019-10-08 10:57:52,340 [Thread-2369] INFO  impl.FollowerState (FollowerState.java:run(108)) - 848c07e3-b2dc-40c0-917c-1104704f2010@group-BDF11775EA2E-FollowerState: change to CANDIDATE, lastRpcTime:5182ms, electionTimeout:5180ms
2019-10-08 10:57:52,342 [Thread-2369] INFO  impl.RoleInfo (RoleInfo.java:shutdownFollowerState(121)) - 848c07e3-b2dc-40c0-917c-1104704f2010: shutdown FollowerState
2019-10-08 10:57:52,344 [Thread-2369] INFO  impl.RaftServerImpl (RaftServerImpl.java:setRole(170)) - 848c07e3-b2dc-40c0-917c-1104704f2010@group-BDF11775EA2E: changes role from  FOLLOWER to CANDIDATE at term 0 for changeToCandidate
2019-10-08 10:57:52,344 [Thread-2369] INFO  impl.RoleInfo (RoleInfo.java:updateAndGet(143)) - 848c07e3-b2dc-40c0-917c-1104704f2010: start LeaderElection
2019-10-08 10:57:52,350 [1b9c3ea2-fbc7-4e63-b4cc-0fea4371ca50@group-E3B35AEF3141-SegmentedRaftLogWorker] INFO  segmented.SegmentedRaftLogWorker (SegmentedRaftLogWorker.java:execute(574)) - 1b9c3ea2-fbc7-4e63-b4cc-0fea4371ca50@group-E3B35AEF3141-SegmentedRaftLogWorker: created new log segment /workdir/hadoop-ozone/integration-test/target/test-dir/MiniOzoneClusterImpl-36a35b56-4904-4029-83df-6869c87f60be/datanode-5/data/ratis/999e122f-cf30-4f58-9401-e3b35aef3141/current/log_inprogress_0
2019-10-08 10:57:52,350 [1b9c3ea2-fbc7-4e63-b4cc-0fea4371ca50@group-31EF8E3D5778-SegmentedRaftLogWorker] INFO  segmented.SegmentedRaftLogWorker (SegmentedRaftLogWorker.java:execute(574)) - 1b9c3ea2-fbc7-4e63-b4cc-0fea4371ca50@group-31EF8E3D5778-SegmentedRaftLogWorker: created new log segment /workdir/hadoop-ozone/integration-test/target/test-dir/MiniOzoneClusterImpl-36a35b56-4904-4029-83df-6869c87f60be/datanode-5/data/ratis/798a352e-2573-4fee-94a7-31ef8e3d5778/current/log_inprogress_0
2019-10-08 10:57:52,363 [848c07e3-b2dc-40c0-917c-1104704f2010@group-BDF11775EA2E-LeaderElection95] INFO  impl.LeaderElection (LeaderElection.java:askForVotes(178)) - 848c07e3-b2dc-40c0-917c-1104704f2010@group-BDF11775EA2E-LeaderElection95: begin an election at term 1 for -1: [848c07e3-b2dc-40c0-917c-1104704f2010:192.168.30.18:35143], old=null
2019-10-08 10:57:52,363 [848c07e3-b2dc-40c0-917c-1104704f2010@group-BDF11775EA2E-LeaderElection95] INFO  impl.RoleInfo (RoleInfo.java:shutdownLeaderElection(134)) - 848c07e3-b2dc-40c0-917c-1104704f2010: shutdown LeaderElection
2019-10-08 10:57:52,363 [848c07e3-b2dc-40c0-917c-1104704f2010@group-BDF11775EA2E-LeaderElection95] INFO  impl.RaftServerImpl (RaftServerImpl.java:setRole(170)) - 848c07e3-b2dc-40c0-917c-1104704f2010@group-BDF11775EA2E: changes role from CANDIDATE to LEADER at term 1 for changeToLeader
2019-10-08 10:57:52,363 [848c07e3-b2dc-40c0-917c-1104704f2010@group-BDF11775EA2E-LeaderElection95] INFO  impl.RaftServerImpl (ServerState.java:setLeader(255)) - 848c07e3-b2dc-40c0-917c-1104704f2010@group-BDF11775EA2E: change Leader from null to 848c07e3-b2dc-40c0-917c-1104704f2010 at term 1 for becomeLeader, leader elected after 5211ms
2019-10-08 10:57:52,363 [848c07e3-b2dc-40c0-917c-1104704f2010@group-BDF11775EA2E-LeaderElection95] INFO  server.RaftServerConfigKeys (ConfUtils.java:logGet(43)) - raft.server.staging.catchup.gap = 1000 (default)
2019-10-08 10:57:52,364 [848c07e3-b2dc-40c0-917c-1104704f2010@group-BDF11775EA2E-LeaderElection95] INFO  server.RaftServerConfigKeys (ConfUtils.java:logGet(43)) - raft.server.rpc.sleep.time = 25ms (default)
2019-10-08 10:57:52,364 [848c07e3-b2dc-40c0-917c-1104704f2010@group-BDF11775EA2E-LeaderElection95] INFO  server.RaftServerConfigKeys (ConfUtils.java:logGet(43)) - raft.server.write.element-limit = 4096 (default)
2019-10-08 10:57:52,364 [848c07e3-b2dc-40c0-917c-1104704f2010@group-BDF11775EA2E-LeaderElection95] INFO  server.RaftServerConfigKeys (ConfUtils.java:logGet(43)) - raft.server.watch.timeout = 10s (default)
2019-10-08 10:57:52,364 [848c07e3-b2dc-40c0-917c-1104704f2010@group-BDF11775EA2E-LeaderElection95] INFO  server.RaftServerConfigKeys (ConfUtils.java:logGet(43)) - raft.server.watch.timeout.denomination = 1s (default)
2019-10-08 10:57:52,364 [848c07e3-b2dc-40c0-917c-1104704f2010@group-BDF11775EA2E-LeaderElection95] INFO  server.RaftServerConfigKeys (ConfUtils.java:logGet(43)) - raft.server.watch.element-limit = 65536 (default)
2019-10-08 10:57:52,365 [848c07e3-b2dc-40c0-917c-1104704f2010@group-BDF11775EA2E-LeaderElection95] INFO  impl.RoleInfo (RoleInfo.java:updateAndGet(143)) - 848c07e3-b2dc-40c0-917c-1104704f2010: start LeaderState
2019-10-08 10:57:52,366 [848c07e3-b2dc-40c0-917c-1104704f2010@group-BDF11775EA2E-LeaderElection95] INFO  segmented.SegmentedRaftLogWorker (SegmentedRaftLogWorker.java:startLogSegment(385)) - 848c07e3-b2dc-40c0-917c-1104704f2010@group-BDF11775EA2E-SegmentedRaftLogWorker: Starting segment from index:0
2019-10-08 10:57:52,366 [848c07e3-b2dc-40c0-917c-1104704f2010@group-BDF11775EA2E-LeaderElection95] INFO  impl.RaftServerImpl (ServerState.java:setRaftConf(356)) - 848c07e3-b2dc-40c0-917c-1104704f2010@group-BDF11775EA2E: set configuration 0: [848c07e3-b2dc-40c0-917c-1104704f2010:192.168.30.18:35143], old=null at 0
2019-10-08 10:57:52,403 [848c07e3-b2dc-40c0-917c-1104704f2010@group-BDF11775EA2E-SegmentedRaftLogWorker] INFO  segmented.SegmentedRaftLogWorker (SegmentedRaftLogWorker.java:execute(574)) - 848c07e3-b2dc-40c0-917c-1104704f2010@group-BDF11775EA2E-SegmentedRaftLogWorker: created new log segment /workdir/hadoop-ozone/integration-test/target/test-dir/MiniOzoneClusterImpl-36a35b56-4904-4029-83df-6869c87f60be/datanode-6/data/ratis/3cb83d2e-a7b7-4146-9141-bdf11775ea2e/current/log_inprogress_0
2019-10-08 10:57:53,484 [Datanode State Machine Thread - 0] INFO  statemachine.DatanodeStateMachine (DatanodeStateMachine.java:lambda$startDaemon$0(350)) - Ozone container server started.
2019-10-08 10:57:57,487 [main] INFO  ozoneimpl.OzoneContainer (OzoneContainer.java:stop(231)) - Attempting to stop container services.
2019-10-08 10:57:57,488 [main] INFO  impl.RaftServerProxy (RaftServerProxy.java:lambda$close$4(314)) - 61164b89-5d55-40a7-9283-a18b5a0496a0: close
2019-10-08 10:57:57,489 [main] INFO  impl.RaftServerImpl (RaftServerImpl.java:lambda$shutdown$3(247)) - 61164b89-5d55-40a7-9283-a18b5a0496a0@group-F5C552D90DC9: shutdown
2019-10-08 10:57:57,489 [ForkJoinPool.commonPool-worker-1] INFO  impl.RaftServerImpl (RaftServerImpl.java:lambda$shutdown$3(247)) - 61164b89-5d55-40a7-9283-a18b5a0496a0@group-130B98BB3795: shutdown
2019-10-08 10:57:57,489 [main] INFO  util.JmxRegister (JmxRegister.java:unregister(73)) - Successfully un-registered JMX Bean with object name Ratis:service=RaftServer,group=group-F5C552D90DC9,id=61164b89-5d55-40a7-9283-a18b5a0496a0
2019-10-08 10:57:57,489 [ForkJoinPool.commonPool-worker-1] INFO  util.JmxRegister (JmxRegister.java:unregister(73)) - Successfully un-registered JMX Bean with object name Ratis:service=RaftServer,group=group-130B98BB3795,id=61164b89-5d55-40a7-9283-a18b5a0496a0
2019-10-08 10:57:57,490 [main] INFO  impl.RoleInfo (RoleInfo.java:shutdownLeaderState(104)) - 61164b89-5d55-40a7-9283-a18b5a0496a0: shutdown LeaderState
2019-10-08 10:57:57,490 [ForkJoinPool.commonPool-worker-1] INFO  impl.RoleInfo (RoleInfo.java:shutdownFollowerState(121)) - 61164b89-5d55-40a7-9283-a18b5a0496a0: shutdown FollowerState
2019-10-08 10:57:57,490 [main] INFO  impl.PendingRequests (PendingRequests.java:sendNotLeaderResponses(202)) - 61164b89-5d55-40a7-9283-a18b5a0496a0@group-F5C552D90DC9-PendingRequests: sendNotLeaderResponses
2019-10-08 10:57:57,490 [61164b89-5d55-40a7-9283-a18b5a0496a0@group-130B98BB3795-StateMachineUpdater] INFO  ratis.ContainerStateMachine (ContainerStateMachine.java:takeSnapshot(293)) - group-130B98BB3795: Taking a snapshot at:(t:1, i:1) file /workdir/hadoop-ozone/integration-test/target/test-dir/MiniOzoneClusterImpl-36a35b56-4904-4029-83df-6869c87f60be/datanode-0/data/ratis/253a36da-c869-4594-b675-130b98bb3795/sm/snapshot.1_1
2019-10-08 10:57:57,490 [Thread-2398] INFO  impl.FollowerState (FollowerState.java:run(117)) - 61164b89-5d55-40a7-9283-a18b5a0496a0@group-130B98BB3795-FollowerState was interrupted: java.lang.InterruptedException: sleep interrupted
2019-10-08 10:57:57,490 [ForkJoinPool.commonPool-worker-1] INFO  impl.StateMachineUpdater (StateMachineUpdater.java:stopAndJoin(136)) - 61164b89-5d55-40a7-9283-a18b5a0496a0@group-130B98BB3795-StateMachineUpdater: set stopIndex = 2
2019-10-08 10:57:57,491 [main] INFO  impl.StateMachineUpdater (StateMachineUpdater.java:stopAndJoin(136)) - 61164b89-5d55-40a7-9283-a18b5a0496a0@group-F5C552D90DC9-StateMachineUpdater: set stopIndex = 0
2019-10-08 10:57:57,496 [main] INFO  impl.RaftServerImpl (ServerState.java:close(387)) - 61164b89-5d55-40a7-9283-a18b5a0496a0@group-F5C552D90DC9: closes. applyIndex: 0
2019-10-08 10:57:57,496 [61164b89-5d55-40a7-9283-a18b5a0496a0@group-F5C552D90DC9-SegmentedRaftLogWorker] INFO  segmented.SegmentedRaftLogWorker (SegmentedRaftLogWorker.java:run(316)) - 61164b89-5d55-40a7-9283-a18b5a0496a0@group-F5C552D90DC9-SegmentedRaftLogWorker was interrupted, exiting. There are 0 tasks remaining in the queue.
2019-10-08 10:57:57,499 [main] INFO  segmented.SegmentedRaftLogWorker (SegmentedRaftLogWorker.java:close(224)) - 61164b89-5d55-40a7-9283-a18b5a0496a0@group-F5C552D90DC9-SegmentedRaftLogWorker close()
2019-10-08 10:57:57,835 [61164b89-5d55-40a7-9283-a18b5a0496a0@group-130B98BB3795-StateMachineUpdater] INFO  ratis.ContainerStateMachine (ContainerStateMachine.java:takeSnapshot(304)) - group-130B98BB3795: Finished taking a snapshot at:(t:1, i:1) file:/workdir/hadoop-ozone/integration-test/target/test-dir/MiniOzoneClusterImpl-36a35b56-4904-4029-83df-6869c87f60be/datanode-0/data/ratis/253a36da-c869-4594-b675-130b98bb3795/sm/snapshot.1_1 time:345
2019-10-08 10:57:57,835 [61164b89-5d55-40a7-9283-a18b5a0496a0@group-130B98BB3795-StateMachineUpdater] INFO  impl.StateMachineUpdater (StateMachineUpdater.java:takeSnapshot(269)) - 61164b89-5d55-40a7-9283-a18b5a0496a0@group-130B98BB3795-StateMachineUpdater: Took a snapshot at index 1
2019-10-08 10:57:57,836 [61164b89-5d55-40a7-9283-a18b5a0496a0@group-130B98BB3795-StateMachineUpdater] INFO  impl.StateMachineUpdater (StateMachineUpdater.java:lambda$new$0(84)) - 61164b89-5d55-40a7-9283-a18b5a0496a0@group-130B98BB3795-StateMachineUpdater: snapshotIndex: updateIncreasingly -1 -> 1
2019-10-08 10:57:57,836 [61164b89-5d55-40a7-9283-a18b5a0496a0@group-130B98BB3795-StateMachineUpdater] INFO  ratis.ContainerStateMachine (ContainerStateMachine.java:takeSnapshot(293)) - group-130B98BB3795: Taking a snapshot at:(t:1, i:1) file /workdir/hadoop-ozone/integration-test/target/test-dir/MiniOzoneClusterImpl-36a35b56-4904-4029-83df-6869c87f60be/datanode-0/data/ratis/253a36da-c869-4594-b675-130b98bb3795/sm/snapshot.1_1
2019-10-08 10:57:57,855 [61164b89-5d55-40a7-9283-a18b5a0496a0@group-130B98BB3795-StateMachineUpdater] INFO  ratis.ContainerStateMachine (ContainerStateMachine.java:takeSnapshot(304)) - group-130B98BB3795: Finished taking a snapshot at:(t:1, i:1) file:/workdir/hadoop-ozone/integration-test/target/test-dir/MiniOzoneClusterImpl-36a35b56-4904-4029-83df-6869c87f60be/datanode-0/data/ratis/253a36da-c869-4594-b675-130b98bb3795/sm/snapshot.1_1 time:19
2019-10-08 10:57:57,856 [61164b89-5d55-40a7-9283-a18b5a0496a0@group-130B98BB3795-StateMachineUpdater] INFO  impl.StateMachineUpdater (StateMachineUpdater.java:takeSnapshot(269)) - 61164b89-5d55-40a7-9283-a18b5a0496a0@group-130B98BB3795-StateMachineUpdater: Took a snapshot at index 1
2019-10-08 10:57:57,856 [61164b89-5d55-40a7-9283-a18b5a0496a0@group-130B98BB3795-StateMachineUpdater] INFO  impl.StateMachineUpdater (StateMachineUpdater.java:lambda$new$0(84)) - 61164b89-5d55-40a7-9283-a18b5a0496a0@group-130B98BB3795-StateMachineUpdater: snapshotIndex: updateIncreasingly 1 -> 1
2019-10-08 10:57:57,856 [ForkJoinPool.commonPool-worker-1] INFO  impl.RaftServerImpl (ServerState.java:close(387)) - 61164b89-5d55-40a7-9283-a18b5a0496a0@group-130B98BB3795: closes. applyIndex: 2
2019-10-08 10:57:57,856 [61164b89-5d55-40a7-9283-a18b5a0496a0@group-130B98BB3795-SegmentedRaftLogWorker] INFO  segmented.SegmentedRaftLogWorker (SegmentedRaftLogWorker.java:run(316)) - 61164b89-5d55-40a7-9283-a18b5a0496a0@group-130B98BB3795-SegmentedRaftLogWorker was interrupted, exiting. There are 0 tasks remaining in the queue.
2019-10-08 10:57:57,861 [ForkJoinPool.commonPool-worker-1] INFO  segmented.SegmentedRaftLogWorker (SegmentedRaftLogWorker.java:close(224)) - 61164b89-5d55-40a7-9283-a18b5a0496a0@group-130B98BB3795-SegmentedRaftLogWorker close()
2019-10-08 10:57:57,867 [main] INFO  server.GrpcService (GrpcService.java:closeImpl(164)) - 61164b89-5d55-40a7-9283-a18b5a0496a0: shutdown server with port 35012 now
2019-10-08 10:57:57,868 [grpc-default-executor-9] WARN  server.GrpcServerProtocolService (LogUtils.java:warn(134)) - 61164b89-5d55-40a7-9283-a18b5a0496a0: installSnapshot onError, lastRequest: c3b684e3-f66c-40af-8e69-95bf22e9e7fb->61164b89-5d55-40a7-9283-a18b5a0496a0#5-t1, previous=(t:1, i:2), leaderCommit=2, initializing? false, entries: <empty>: org.apache.ratis.thirdparty.io.grpc.StatusRuntimeException: CANCELLED: cancelled before receiving half close
2019-10-08 10:57:57,868 [grpc-default-executor-8] WARN  server.GrpcLogAppender (LogUtils.java:warn(134)) - c3b684e3-f66c-40af-8e69-95bf22e9e7fb@group-130B98BB3795->61164b89-5d55-40a7-9283-a18b5a0496a0-AppendLogResponseHandler: Failed appendEntries: org.apache.ratis.thirdparty.io.grpc.StatusRuntimeException: CANCELLED: HTTP/2 error code: CANCEL
Received Rst Stream
2019-10-08 10:57:57,868 [main] INFO  server.GrpcService (GrpcService.java:closeImpl(172)) - 61164b89-5d55-40a7-9283-a18b5a0496a0: shutdown server with port 35012 successfully
2019-10-08 10:57:57,869 [grpc-default-executor-8] INFO  impl.FollowerInfo (FollowerInfo.java:lambda$new$0(51)) - c3b684e3-f66c-40af-8e69-95bf22e9e7fb@group-130B98BB3795->61164b89-5d55-40a7-9283-a18b5a0496a0: nextIndex: updateUnconditionally 3 -> 2
2019-10-08 10:57:57,871 [refreshUsed-/workdir/hadoop-ozone/integration-test/target/test-dir/MiniOzoneClusterImpl-36a35b56-4904-4029-83df-6869c87f60be/datanode-0/data/containers] WARN  fs.CachingGetSpaceUsed (CachingGetSpaceUsed.java:run(183)) - Thread Interrupted waiting to refresh disk information: sleep interrupted
2019-10-08 10:57:57,887 [main] INFO  utils.BackgroundService (BackgroundService.java:shutdown(148)) - Shutting down service BlockDeletingService
2019-10-08 10:57:57,895 [main] INFO  statemachine.DatanodeStateMachine (DatanodeStateMachine.java:stopDaemon(395)) - Ozone container server stopped.
2019-10-08 10:57:57,896 [main] INFO  handler.ContextHandler (ContextHandler.java:doStop(910)) - Stopped o.e.j.w.WebAppContext@64f4f12{/,null,UNAVAILABLE}{/hddsDatanode}
2019-10-08 10:57:57,897 [main] INFO  server.AbstractConnector (AbstractConnector.java:doStop(318)) - Stopped ServerConnector@37d28938{HTTP/1.1,[http/1.1]}{0.0.0.0:0}
2019-10-08 10:57:57,897 [main] INFO  handler.ContextHandler (ContextHandler.java:doStop(910)) - Stopped o.e.j.s.ServletContextHandler@4ffced4e{/static,jar:file:/home/user/.m2/repository/org/apache/hadoop/hadoop-hdds-container-service/0.5.0-SNAPSHOT/hadoop-hdds-container-service-0.5.0-SNAPSHOT.jar!/webapps/static,UNAVAILABLE}
2019-10-08 10:57:57,898 [main] INFO  handler.ContextHandler (ContextHandler.java:doStop(910)) - Stopped o.e.j.s.ServletContextHandler@6f91fbda{/logs,file:///workdir/hadoop-ozone/integration-test/target/log,UNAVAILABLE}
2019-10-08 10:57:57,910 [grpc-default-executor-7] WARN  server.GrpcLogAppender (LogUtils.java:warn(134)) - c3b684e3-f66c-40af-8e69-95bf22e9e7fb@group-130B98BB3795->61164b89-5d55-40a7-9283-a18b5a0496a0-AppendLogResponseHandler: Failed appendEntries: org.apache.ratis.thirdparty.io.grpc.StatusRuntimeException: UNAVAILABLE: io exception
2019-10-08 10:57:57,910 [grpc-default-executor-7] INFO  impl.FollowerInfo (FollowerInfo.java:lambda$new$0(51)) - c3b684e3-f66c-40af-8e69-95bf22e9e7fb@group-130B98BB3795->61164b89-5d55-40a7-9283-a18b5a0496a0: nextIndex: updateUnconditionally 3 -> 2
2019-10-08 10:57:57,927 [grpc-default-executor-8] WARN  server.GrpcLogAppender (LogUtils.java:warn(134)) - c3b684e3-f66c-40af-8e69-95bf22e9e7fb@group-130B98BB3795->61164b89-5d55-40a7-9283-a18b5a0496a0-AppendLogResponseHandler: Failed appendEntries: org.apache.ratis.thirdparty.io.grpc.StatusRuntimeException: UNAVAILABLE: io exception
2019-10-08 10:57:57,928 [grpc-default-executor-8] INFO  impl.FollowerInfo (FollowerInfo.java:lambda$new$0(51)) - c3b684e3-f66c-40af-8e69-95bf22e9e7fb@group-130B98BB3795->61164b89-5d55-40a7-9283-a18b5a0496a0: nextIndex: updateUnconditionally 3 -> 2
2019-10-08 10:57:57,945 [grpc-default-executor-8] WARN  server.GrpcLogAppender (LogUtils.java:warn(134)) - c3b684e3-f66c-40af-8e69-95bf22e9e7fb@group-130B98BB3795->61164b89-5d55-40a7-9283-a18b5a0496a0-AppendLogResponseHandler: Failed appendEntries: org.apache.ratis.thirdparty.io.grpc.StatusRuntimeException: UNAVAILABLE: io exception
2019-10-08 10:57:57,945 [grpc-default-executor-8] INFO  impl.FollowerInfo (FollowerInfo.java:lambda$new$0(51)) - c3b684e3-f66c-40af-8e69-95bf22e9e7fb@group-130B98BB3795->61164b89-5d55-40a7-9283-a18b5a0496a0: nextIndex: updateUnconditionally 3 -> 2
2019-10-08 10:57:57,986 [EventQueue-IncrementalContainerReportForIncrementalContainerReportHandler] WARN  container.IncrementalContainerReportHandler (AbstractContainerReportHandler.java:updateContainerState(143)) - Container #1 is in OPEN state, but the datanode c3b684e3-f66c-40af-8e69-95bf22e9e7fb{ip: 192.168.30.18, host: pr-hdds-2196-cli-protobuf-v467f-1934461745, networkLocation: /default-rack, certSerialId: null} reports an CLOSING replica.
2019-10-08 10:57:57,987 [EventQueue-IncrementalContainerReportForIncrementalContainerReportHandler] WARN  container.IncrementalContainerReportHandler (AbstractContainerReportHandler.java:updateContainerState(143)) - Container #1 is in OPEN state, but the datanode 865e2b69-9c7e-4aae-bb3d-c58a3c180f3d{ip: 192.168.30.18, host: pr-hdds-2196-cli-protobuf-v467f-1934461745, networkLocation: /default-rack, certSerialId: null} reports an CLOSING replica.
2019-10-08 10:57:58,052 [RatisApplyTransactionExecutor 1] INFO  interfaces.Container (KeyValueContainer.java:flushAndSyncDB(386)) - Container 1 is synced with bcsId 0.
2019-10-08 10:57:58,138 [RatisApplyTransactionExecutor 1] INFO  interfaces.Container (KeyValueContainer.java:flushAndSyncDB(386)) - Container 1 is synced with bcsId 0.
2019-10-08 10:57:58,152 [RatisApplyTransactionExecutor 1] INFO  interfaces.Container (KeyValueContainer.java:flushAndSyncDB(386)) - Container 1 is synced with bcsId 0.
2019-10-08 10:57:58,153 [RatisApplyTransactionExecutor 1] INFO  interfaces.Container (KeyValueContainer.java:flushAndSyncDB(386)) - Container 1 is synced with bcsId 0.
2019-10-08 10:57:58,167 [RatisApplyTransactionExecutor 1] INFO  interfaces.Container (KeyValueContainer.java:close(335)) - Container 1 is closed with bcsId 0.
2019-10-08 10:57:58,167 [RatisApplyTransactionExecutor 1] INFO  interfaces.Container (KeyValueContainer.java:close(335)) - Container 1 is closed with bcsId 0.
2019-10-08 10:57:58,171 [EventQueue-IncrementalContainerReportForIncrementalContainerReportHandler] WARN  container.IncrementalContainerReportHandler (AbstractContainerReportHandler.java:updateContainerState(143)) - Container #1 is in OPEN state, but the datanode c3b684e3-f66c-40af-8e69-95bf22e9e7fb{ip: 192.168.30.18, host: pr-hdds-2196-cli-protobuf-v467f-1934461745, networkLocation: /default-rack, certSerialId: null} reports an CLOSED replica.
2019-10-08 10:57:58,172 [EventQueue-IncrementalContainerReportForIncrementalContainerReportHandler] WARN  container.IncrementalContainerReportHandler (AbstractContainerReportHandler.java:updateContainerState(143)) - Container #1 is in OPEN state, but the datanode 865e2b69-9c7e-4aae-bb3d-c58a3c180f3d{ip: 192.168.30.18, host: pr-hdds-2196-cli-protobuf-v467f-1934461745, networkLocation: /default-rack, certSerialId: null} reports an CLOSED replica.
2019-10-08 10:58:00,457 [grpc-default-executor-8] WARN  server.GrpcLogAppender (LogUtils.java:warn(134)) - c3b684e3-f66c-40af-8e69-95bf22e9e7fb@group-130B98BB3795->61164b89-5d55-40a7-9283-a18b5a0496a0-AppendLogResponseHandler: Failed appendEntries: org.apache.ratis.thirdparty.io.grpc.StatusRuntimeException: UNAVAILABLE: io exception
2019-10-08 10:58:00,459 [grpc-default-executor-8] INFO  impl.FollowerInfo (FollowerInfo.java:lambda$new$0(51)) - c3b684e3-f66c-40af-8e69-95bf22e9e7fb@group-130B98BB3795->61164b89-5d55-40a7-9283-a18b5a0496a0: nextIndex: updateUnconditionally 2 -> 1
2019-10-08 10:58:01,174 [main] WARN  scm.XceiverClientRatis (XceiverClientRatis.java:watchForCommit(292)) - 3 way commit failed on pipeline Pipeline[ Id: 253a36da-c869-4594-b675-130b98bb3795, Nodes: 61164b89-5d55-40a7-9283-a18b5a0496a0{ip: 192.168.30.18, host: pr-hdds-2196-cli-protobuf-v467f-1934461745, networkLocation: /default-rack, certSerialId: null}c3b684e3-f66c-40af-8e69-95bf22e9e7fb{ip: 192.168.30.18, host: pr-hdds-2196-cli-protobuf-v467f-1934461745, networkLocation: /default-rack, certSerialId: null}865e2b69-9c7e-4aae-bb3d-c58a3c180f3d{ip: 192.168.30.18, host: pr-hdds-2196-cli-protobuf-v467f-1934461745, networkLocation: /default-rack, certSerialId: null}, Type:RATIS, Factor:THREE, State:OPEN]
java.util.concurrent.TimeoutException
	at java.util.concurrent.CompletableFuture.timedGet(CompletableFuture.java:1771)
	at java.util.concurrent.CompletableFuture.get(CompletableFuture.java:1915)
	at org.apache.hadoop.hdds.scm.XceiverClientRatis.watchForCommit(XceiverClientRatis.java:289)
	at org.apache.hadoop.ozone.client.rpc.TestWatchForCommit.test2WayCommitForTimeoutException(TestWatchForCommit.java:391)
	at sun.reflect.NativeMethodAccessorImpl.invoke0(Native Method)
	at sun.reflect.NativeMethodAccessorImpl.invoke(NativeMethodAccessorImpl.java:62)
	at sun.reflect.DelegatingMethodAccessorImpl.invoke(DelegatingMethodAccessorImpl.java:43)
	at java.lang.reflect.Method.invoke(Method.java:498)
	at org.junit.runners.model.FrameworkMethod$1.runReflectiveCall(FrameworkMethod.java:47)
	at org.junit.internal.runners.model.ReflectiveCallable.run(ReflectiveCallable.java:12)
	at org.junit.runners.model.FrameworkMethod.invokeExplosively(FrameworkMethod.java:44)
	at org.junit.internal.runners.statements.InvokeMethod.evaluate(InvokeMethod.java:17)
	at org.junit.runners.ParentRunner.runLeaf(ParentRunner.java:271)
	at org.junit.runners.BlockJUnit4ClassRunner.runChild(BlockJUnit4ClassRunner.java:70)
	at org.junit.runners.BlockJUnit4ClassRunner.runChild(BlockJUnit4ClassRunner.java:50)
	at org.junit.runners.ParentRunner$3.run(ParentRunner.java:238)
	at org.junit.runners.ParentRunner$1.schedule(ParentRunner.java:63)
	at org.junit.runners.ParentRunner.runChildren(ParentRunner.java:236)
	at org.junit.runners.ParentRunner.access$000(ParentRunner.java:53)
	at org.junit.runners.ParentRunner$2.evaluate(ParentRunner.java:229)
	at org.junit.runners.ParentRunner.run(ParentRunner.java:309)
	at org.apache.maven.surefire.junit4.JUnit4Provider.execute(JUnit4Provider.java:365)
	at org.apache.maven.surefire.junit4.JUnit4Provider.executeWithRerun(JUnit4Provider.java:273)
	at org.apache.maven.surefire.junit4.JUnit4Provider.executeTestSet(JUnit4Provider.java:238)
	at org.apache.maven.surefire.junit4.JUnit4Provider.invoke(JUnit4Provider.java:159)
	at org.apache.maven.surefire.booter.ForkedBooter.invokeProviderInSameClassLoader(ForkedBooter.java:384)
	at org.apache.maven.surefire.booter.ForkedBooter.runSuitesInProcess(ForkedBooter.java:345)
	at org.apache.maven.surefire.booter.ForkedBooter.execute(ForkedBooter.java:126)
	at org.apache.maven.surefire.booter.ForkedBooter.main(ForkedBooter.java:418)
2019-10-08 10:58:01,208 [Thread-2460] INFO  client.GrpcClientProtocolService (GrpcClientProtocolService.java:lambda$processClientRequest$0(278)) - Failed RaftClientRequest:client-8456C86FD9D8->865e2b69-9c7e-4aae-bb3d-c58a3c180f3d@group-130B98BB3795, cid=105, seq=0, Watch-MAJORITY_COMMITTED(3), Message:<EMPTY>, reply=RaftClientReply:client-8456C86FD9D8->865e2b69-9c7e-4aae-bb3d-c58a3c180f3d@group-130B98BB3795, cid=105, FAILED org.apache.ratis.protocol.NotLeaderException: Server 865e2b69-9c7e-4aae-bb3d-c58a3c180f3d@group-130B98BB3795 is not the leader c3b684e3-f66c-40af-8e69-95bf22e9e7fb:192.168.30.18:39819, logIndex=0, commits[865e2b69-9c7e-4aae-bb3d-c58a3c180f3d:c4, c3b684e3-f66c-40af-8e69-95bf22e9e7fb:c4, 61164b89-5d55-40a7-9283-a18b5a0496a0:c2]
2019-10-08 10:58:02,957 [grpc-default-executor-9] WARN  server.GrpcLogAppender (LogUtils.java:warn(134)) - c3b684e3-f66c-40af-8e69-95bf22e9e7fb@group-130B98BB3795->61164b89-5d55-40a7-9283-a18b5a0496a0-AppendLogResponseHandler: Failed appendEntries: org.apache.ratis.thirdparty.io.grpc.StatusRuntimeException: UNAVAILABLE: io exception
2019-10-08 10:58:02,967 [grpc-default-executor-9] INFO  impl.FollowerInfo (FollowerInfo.java:lambda$new$0(51)) - c3b684e3-f66c-40af-8e69-95bf22e9e7fb@group-130B98BB3795->61164b89-5d55-40a7-9283-a18b5a0496a0: nextIndex: updateUnconditionally 1 -> 0
]]></system-out>
    <system-err><![CDATA[Oct 08, 2019 10:57:57 AM org.apache.ratis.thirdparty.io.grpc.internal.SerializingExecutor run
SEVERE: Exception while executing runnable org.apache.ratis.thirdparty.io.grpc.internal.ServerImpl$JumpToApplicationThreadServerStreamListener$1Closed@7dd7e7b7
org.apache.ratis.thirdparty.io.grpc.StatusRuntimeException: CANCELLED: call already cancelled
	at org.apache.ratis.thirdparty.io.grpc.Status.asRuntimeException(Status.java:517)
	at org.apache.ratis.thirdparty.io.grpc.stub.ServerCalls$ServerCallStreamObserverImpl.onCompleted(ServerCalls.java:356)
	at org.apache.ratis.grpc.server.GrpcServerProtocolService$ServerRequestStreamObserver.onError(GrpcServerProtocolService.java:121)
	at org.apache.ratis.thirdparty.io.grpc.stub.ServerCalls$StreamingServerCallHandler$StreamingServerCallListener.onCancel(ServerCalls.java:269)
	at org.apache.ratis.thirdparty.io.grpc.internal.ServerCallImpl$ServerStreamListenerImpl.closed(ServerCallImpl.java:293)
	at org.apache.ratis.thirdparty.io.grpc.internal.ServerImpl$JumpToApplicationThreadServerStreamListener$1Closed.runInContext(ServerImpl.java:741)
	at org.apache.ratis.thirdparty.io.grpc.internal.ContextRunnable.run(ContextRunnable.java:37)
	at org.apache.ratis.thirdparty.io.grpc.internal.SerializingExecutor.run(SerializingExecutor.java:123)
	at java.util.concurrent.ThreadPoolExecutor.runWorker(ThreadPoolExecutor.java:1149)
	at java.util.concurrent.ThreadPoolExecutor$Worker.run(ThreadPoolExecutor.java:624)
	at java.lang.Thread.run(Thread.java:748)

]]></system-err>
  </testcase>
</testsuite>