<?xml version="1.0" encoding="UTF-8"?>
<testsuite xmlns:xsi="http://www.w3.org/2001/XMLSchema-instance" xsi:noNamespaceSchemaLocation="https://maven.apache.org/surefire/maven-surefire-plugin/xsd/surefire-test-report.xsd" name="org.apache.hadoop.ozone.client.rpc.TestOzoneClientRetriesOnException" time="188.349" tests="2" errors="1" skipped="0" failures="0">
  <properties>
    <property name="awt.toolkit" value="sun.awt.X11.XToolkit"/>
    <property name="file.encoding.pkg" value="sun.io"/>
    <property name="java.specification.version" value="1.8"/>
    <property name="sun.cpu.isalist" value=""/>
    <property name="sun.jnu.encoding" value="UTF-8"/>
    <property name="java.class.path" value="/workdir/hadoop-ozone/integration-test/target/test-classes:/workdir/hadoop-ozone/integration-test/target/classes:/home/user/.m2/repository/org/apache/hadoop/hadoop-ozone-common/0.5.0-SNAPSHOT/hadoop-ozone-common-0.5.0-SNAPSHOT.jar:/home/user/.m2/repository/org/apache/commons/commons-compress/1.4.1/commons-compress-1.4.1.jar:/home/user/.m2/repository/org/tukaani/xz/1.0/xz-1.0.jar:/home/user/.m2/repository/org/apache/hadoop/hadoop-common/3.2.0/hadoop-common-3.2.0.jar:/home/user/.m2/repository/org/apache/hadoop/hadoop-hdfs/3.2.0/hadoop-hdfs-3.2.0.jar:/home/user/.m2/repository/org/apache/hadoop/hadoop-hdfs-client/3.2.0/hadoop-hdfs-client-3.2.0.jar:/home/user/.m2/repository/com/fasterxml/jackson/core/jackson-annotations/2.9.9/jackson-annotations-2.9.9.jar:/home/user/.m2/repository/org/apache/hadoop/hadoop-hdds-common/0.5.0-SNAPSHOT/hadoop-hdds-common-0.5.0-SNAPSHOT.jar:/home/user/.m2/repository/javax/annotation/javax.annotation-api/1.2/javax.annotation-api-1.2.jar:/home/user/.m2/repository/org/apache/ratis/ratis-server/0.4.0/ratis-server-0.4.0.jar:/home/user/.m2/repository/org/apache/ratis/ratis-thirdparty-misc/0.2.0/ratis-thirdparty-misc-0.2.0.jar:/home/user/.m2/repository/org/apache/ratis/ratis-proto/0.4.0/ratis-proto-0.4.0.jar:/home/user/.m2/repository/org/apache/ratis/ratis-common/0.4.0/ratis-common-0.4.0.jar:/home/user/.m2/repository/org/apache/ratis/ratis-client/0.4.0/ratis-client-0.4.0.jar:/home/user/.m2/repository/org/apache/ratis/ratis-metrics/0.4.0/ratis-metrics-0.4.0.jar:/home/user/.m2/repository/com/github/joshelser/dropwizard-metrics-hadoop-metrics2-reporter/0.1.2/dropwizard-metrics-hadoop-metrics2-reporter-0.1.2.jar:/home/user/.m2/repository/io/dropwizard/metrics/metrics-jvm/3.2.5/metrics-jvm-3.2.5.jar:/home/user/.m2/repository/io/dropwizard/metrics/metrics-ganglia/3.2.5/metrics-ganglia-3.2.5.jar:/home/user/.m2/repository/info/ganglia/gmetric4j/gmetric4j/1.0.7/gmetric4j-1.0.7.jar:/home/user/.m2/repository/org/apache/ratis/ratis-netty/0.4.0/ratis-netty-0.4.0.jar:/home/user/.m2/repository/org/apache/ratis/ratis-grpc/0.4.0/ratis-grpc-0.4.0.jar:/home/user/.m2/repository/org/rocksdb/rocksdbjni/6.0.1/rocksdbjni-6.0.1.jar:/home/user/.m2/repository/org/apache/logging/log4j/log4j-api/2.11.0/log4j-api-2.11.0.jar:/home/user/.m2/repository/org/apache/logging/log4j/log4j-core/2.11.0/log4j-core-2.11.0.jar:/home/user/.m2/repository/com/lmax/disruptor/3.4.2/disruptor-3.4.2.jar:/home/user/.m2/repository/org/apache/commons/commons-pool2/2.6.0/commons-pool2-2.6.0.jar:/home/user/.m2/repository/org/bouncycastle/bcpkix-jdk15on/1.60/bcpkix-jdk15on-1.60.jar:/home/user/.m2/repository/commons-validator/commons-validator/1.6/commons-validator-1.6.jar:/home/user/.m2/repository/commons-digester/commons-digester/1.8.1/commons-digester-1.8.1.jar:/home/user/.m2/repository/io/jaegertracing/jaeger-client/0.34.0/jaeger-client-0.34.0.jar:/home/user/.m2/repository/io/jaegertracing/jaeger-thrift/0.34.0/jaeger-thrift-0.34.0.jar:/home/user/.m2/repository/org/apache/thrift/libthrift/0.12.0/libthrift-0.12.0.jar:/home/user/.m2/repository/com/squareup/okhttp3/okhttp/3.9.0/okhttp-3.9.0.jar:/home/user/.m2/repository/com/squareup/okio/okio/1.13.0/okio-1.13.0.jar:/home/user/.m2/repository/io/jaegertracing/jaeger-core/0.34.0/jaeger-core-0.34.0.jar:/home/user/.m2/repository/io/jaegertracing/jaeger-tracerresolver/0.34.0/jaeger-tracerresolver-0.34.0.jar:/home/user/.m2/repository/io/opentracing/contrib/opentracing-tracerresolver/0.1.5/opentracing-tracerresolver-0.1.5.jar:/home/user/.m2/repository/io/opentracing/opentracing-util/0.31.0/opentracing-util-0.31.0.jar:/home/user/.m2/repository/io/opentracing/opentracing-api/0.31.0/opentracing-api-0.31.0.jar:/home/user/.m2/repository/io/opentracing/opentracing-noop/0.31.0/opentracing-noop-0.31.0.jar:/home/user/.m2/repository/org/apache/hadoop/hadoop-hdds-server-framework/0.5.0-SNAPSHOT/hadoop-hdds-server-framework-0.5.0-SNAPSHOT.jar:/home/user/.m2/repository/org/apache/hadoop/hadoop-hdds-container-service/0.5.0-SNAPSHOT/hadoop-hdds-container-service-0.5.0-SNAPSHOT.jar:/home/user/.m2/repository/org/apache/hadoop/hadoop-hdds-client/0.5.0-SNAPSHOT/hadoop-hdds-client-0.5.0-SNAPSHOT.jar:/home/user/.m2/repository/org/apache/hadoop/hadoop-hdds-tools/0.5.0-SNAPSHOT/hadoop-hdds-tools-0.5.0-SNAPSHOT.jar:/home/user/.m2/repository/org/apache/hadoop/hadoop-hdds-server-scm/0.5.0-SNAPSHOT/hadoop-hdds-server-scm-0.5.0-SNAPSHOT.jar:/home/user/.m2/repository/org/apache/hadoop/hadoop-hdds-docs/0.5.0-SNAPSHOT/hadoop-hdds-docs-0.5.0-SNAPSHOT.jar:/home/user/.m2/repository/io/dropwizard/metrics/metrics-core/3.2.4/metrics-core-3.2.4.jar:/home/user/.m2/repository/org/hamcrest/hamcrest-all/1.3/hamcrest-all-1.3.jar:/home/user/.m2/repository/org/bouncycastle/bcprov-jdk15on/1.60/bcprov-jdk15on-1.60.jar:/home/user/.m2/repository/info/picocli/picocli/3.9.6/picocli-3.9.6.jar:/home/user/.m2/repository/com/google/protobuf/protobuf-java/2.5.0/protobuf-java-2.5.0.jar:/home/user/.m2/repository/com/google/guava/guava/11.0.2/guava-11.0.2.jar:/home/user/.m2/repository/org/apache/hadoop/hadoop-ozone-ozone-manager/0.5.0-SNAPSHOT/hadoop-ozone-ozone-manager-0.5.0-SNAPSHOT.jar:/home/user/.m2/repository/org/apache/hadoop/hadoop-minikdc/3.2.0/hadoop-minikdc-3.2.0.jar:/home/user/.m2/repository/commons-io/commons-io/2.5/commons-io-2.5.jar:/home/user/.m2/repository/org/apache/kerby/kerb-simplekdc/1.0.1/kerb-simplekdc-1.0.1.jar:/home/user/.m2/repository/org/apache/kerby/kerb-client/1.0.1/kerb-client-1.0.1.jar:/home/user/.m2/repository/org/apache/kerby/kerby-config/1.0.1/kerby-config-1.0.1.jar:/home/user/.m2/repository/org/apache/kerby/kerb-core/1.0.1/kerb-core-1.0.1.jar:/home/user/.m2/repository/org/apache/kerby/kerby-pkix/1.0.1/kerby-pkix-1.0.1.jar:/home/user/.m2/repository/org/apache/kerby/kerby-asn1/1.0.1/kerby-asn1-1.0.1.jar:/home/user/.m2/repository/org/apache/kerby/kerby-util/1.0.1/kerby-util-1.0.1.jar:/home/user/.m2/repository/org/apache/kerby/kerb-common/1.0.1/kerb-common-1.0.1.jar:/home/user/.m2/repository/org/apache/kerby/kerb-crypto/1.0.1/kerb-crypto-1.0.1.jar:/home/user/.m2/repository/org/apache/kerby/kerb-util/1.0.1/kerb-util-1.0.1.jar:/home/user/.m2/repository/org/apache/kerby/token-provider/1.0.1/token-provider-1.0.1.jar:/home/user/.m2/repository/org/apache/kerby/kerb-admin/1.0.1/kerb-admin-1.0.1.jar:/home/user/.m2/repository/org/apache/kerby/kerb-server/1.0.1/kerb-server-1.0.1.jar:/home/user/.m2/repository/org/apache/kerby/kerb-identity/1.0.1/kerb-identity-1.0.1.jar:/home/user/.m2/repository/org/apache/kerby/kerby-xdr/1.0.1/kerby-xdr-1.0.1.jar:/home/user/.m2/repository/org/slf4j/slf4j-log4j12/1.7.25/slf4j-log4j12-1.7.25.jar:/home/user/.m2/repository/org/apache/hadoop/hadoop-ozone-s3gateway/0.5.0-SNAPSHOT/hadoop-ozone-s3gateway-0.5.0-SNAPSHOT.jar:/home/user/.m2/repository/org/jboss/weld/servlet/weld-servlet/2.4.7.Final/weld-servlet-2.4.7.Final.jar:/home/user/.m2/repository/org/glassfish/jersey/containers/jersey-container-servlet-core/2.27/jersey-container-servlet-core-2.27.jar:/home/user/.m2/repository/org/glassfish/hk2/external/javax.inject/2.5.0-b42/javax.inject-2.5.0-b42.jar:/home/user/.m2/repository/org/glassfish/jersey/core/jersey-common/2.27/jersey-common-2.27.jar:/home/user/.m2/repository/org/glassfish/hk2/osgi-resource-locator/1.0.1/osgi-resource-locator-1.0.1.jar:/home/user/.m2/repository/javax/ws/rs/javax.ws.rs-api/2.1/javax.ws.rs-api-2.1.jar:/home/user/.m2/repository/org/glassfish/jersey/ext/cdi/jersey-cdi1x/2.27/jersey-cdi1x-2.27.jar:/home/user/.m2/repository/org/glassfish/jersey/inject/jersey-hk2/2.27/jersey-hk2-2.27.jar:/home/user/.m2/repository/org/glassfish/hk2/hk2-locator/2.5.0-b42/hk2-locator-2.5.0-b42.jar:/home/user/.m2/repository/org/javassist/javassist/3.22.0-CR2/javassist-3.22.0-CR2.jar:/home/user/.m2/repository/org/glassfish/hk2/hk2-api/2.5.0/hk2-api-2.5.0.jar:/home/user/.m2/repository/org/glassfish/hk2/external/jakarta.inject/2.5.0/jakarta.inject-2.5.0.jar:/home/user/.m2/repository/org/glassfish/hk2/hk2-utils/2.5.0/hk2-utils-2.5.0.jar:/home/user/.m2/repository/jakarta/annotation/jakarta.annotation-api/1.3.4/jakarta.annotation-api-1.3.4.jar:/home/user/.m2/repository/org/glassfish/hk2/external/aopalliance-repackaged/2.5.0/aopalliance-repackaged-2.5.0.jar:/home/user/.m2/repository/com/fasterxml/jackson/dataformat/jackson-dataformat-xml/2.9.0/jackson-dataformat-xml-2.9.0.jar:/home/user/.m2/repository/com/fasterxml/jackson/core/jackson-core/2.9.9/jackson-core-2.9.9.jar:/home/user/.m2/repository/com/fasterxml/jackson/module/jackson-module-jaxb-annotations/2.9.9/jackson-module-jaxb-annotations-2.9.9.jar:/home/user/.m2/repository/javax/enterprise/cdi-api/1.2/cdi-api-1.2.jar:/home/user/.m2/repository/javax/el/javax.el-api/3.0.0/javax.el-api-3.0.0.jar:/home/user/.m2/repository/javax/interceptor/javax.interceptor-api/1.2/javax.interceptor-api-1.2.jar:/home/user/.m2/repository/javax/inject/javax.inject/1/javax.inject-1.jar:/home/user/.m2/repository/com/sun/xml/bind/jaxb-impl/2.3.0.1/jaxb-impl-2.3.0.1.jar:/home/user/.m2/repository/com/sun/xml/bind/jaxb-core/2.3.0.1/jaxb-core-2.3.0.1.jar:/home/user/.m2/repository/javax/xml/bind/jaxb-api/2.3.0/jaxb-api-2.3.0.jar:/home/user/.m2/repository/javax/activation/activation/1.1.1/activation-1.1.1.jar:/home/user/.m2/repository/org/apache/hadoop/hadoop-ozone-csi/0.5.0-SNAPSHOT/hadoop-ozone-csi-0.5.0-SNAPSHOT.jar:/home/user/.m2/repository/com/google/protobuf/protobuf-java-util/3.5.1/protobuf-java-util-3.5.1.jar:/home/user/.m2/repository/org/apache/hadoop/hadoop-hdds-config/0.5.0-SNAPSHOT/hadoop-hdds-config-0.5.0-SNAPSHOT.jar:/home/user/.m2/repository/io/grpc/grpc-netty/1.17.1/grpc-netty-1.17.1.jar:/home/user/.m2/repository/io/grpc/grpc-core/1.17.1/grpc-core-1.17.1.jar:/home/user/.m2/repository/io/grpc/grpc-context/1.17.1/grpc-context-1.17.1.jar:/home/user/.m2/repository/com/google/errorprone/error_prone_annotations/2.2.0/error_prone_annotations-2.2.0.jar:/home/user/.m2/repository/org/codehaus/mojo/animal-sniffer-annotations/1.17/animal-sniffer-annotations-1.17.jar:/home/user/.m2/repository/io/opencensus/opencensus-api/0.17.0/opencensus-api-0.17.0.jar:/home/user/.m2/repository/io/opencensus/opencensus-contrib-grpc-metrics/0.17.0/opencensus-contrib-grpc-metrics-0.17.0.jar:/home/user/.m2/repository/io/netty/netty-codec-http2/4.1.30.Final/netty-codec-http2-4.1.30.Final.jar:/home/user/.m2/repository/io/netty/netty-codec-http/4.1.30.Final/netty-codec-http-4.1.30.Final.jar:/home/user/.m2/repository/io/netty/netty-codec/4.1.30.Final/netty-codec-4.1.30.Final.jar:/home/user/.m2/repository/io/netty/netty-handler/4.1.30.Final/netty-handler-4.1.30.Final.jar:/home/user/.m2/repository/io/netty/netty-handler-proxy/4.1.30.Final/netty-handler-proxy-4.1.30.Final.jar:/home/user/.m2/repository/io/netty/netty-codec-socks/4.1.30.Final/netty-codec-socks-4.1.30.Final.jar:/home/user/.m2/repository/io/netty/netty-transport-native-epoll/4.1.30.Final/netty-transport-native-epoll-4.1.30.Final.jar:/home/user/.m2/repository/io/netty/netty-common/4.1.30.Final/netty-common-4.1.30.Final.jar:/home/user/.m2/repository/io/netty/netty-buffer/4.1.30.Final/netty-buffer-4.1.30.Final.jar:/home/user/.m2/repository/io/netty/netty-transport/4.1.30.Final/netty-transport-4.1.30.Final.jar:/home/user/.m2/repository/io/netty/netty-resolver/4.1.30.Final/netty-resolver-4.1.30.Final.jar:/home/user/.m2/repository/io/netty/netty-transport-native-unix-common/4.1.30.Final/netty-transport-native-unix-common-4.1.30.Final.jar:/home/user/.m2/repository/io/grpc/grpc-protobuf/1.17.1/grpc-protobuf-1.17.1.jar:/home/user/.m2/repository/com/google/api/grpc/proto-google-common-protos/1.0.0/proto-google-common-protos-1.0.0.jar:/home/user/.m2/repository/io/grpc/grpc-protobuf-lite/1.17.1/grpc-protobuf-lite-1.17.1.jar:/home/user/.m2/repository/io/grpc/grpc-stub/1.17.1/grpc-stub-1.17.1.jar:/home/user/.m2/repository/org/apache/hadoop/hadoop-ozone-recon/0.5.0-SNAPSHOT/hadoop-ozone-recon-0.5.0-SNAPSHOT.jar:/home/user/.m2/repository/org/apache/hadoop/hadoop-ozone-reconcodegen/0.5.0-SNAPSHOT/hadoop-ozone-reconcodegen-0.5.0-SNAPSHOT.jar:/home/user/.m2/repository/com/google/inject/extensions/guice-multibindings/4.0/guice-multibindings-4.0.jar:/home/user/.m2/repository/com/google/inject/guice/4.0/guice-4.0.jar:/home/user/.m2/repository/aopalliance/aopalliance/1.0/aopalliance-1.0.jar:/home/user/.m2/repository/com/google/inject/extensions/guice-servlet/4.0/guice-servlet-4.0.jar:/home/user/.m2/repository/org/glassfish/jersey/containers/jersey-container-servlet/2.27/jersey-container-servlet-2.27.jar:/home/user/.m2/repository/org/glassfish/hk2/guice-bridge/2.5.0/guice-bridge-2.5.0.jar:/home/user/.m2/repository/org/glassfish/jersey/core/jersey-server/2.27/jersey-server-2.27.jar:/home/user/.m2/repository/org/glassfish/jersey/core/jersey-client/2.27/jersey-client-2.27.jar:/home/user/.m2/repository/org/glassfish/jersey/media/jersey-media-jaxb/2.27/jersey-media-jaxb-2.27.jar:/home/user/.m2/repository/javax/validation/validation-api/1.1.0.Final/validation-api-1.1.0.Final.jar:/home/user/.m2/repository/org/glassfish/jersey/media/jersey-media-json-jackson/2.27/jersey-media-json-jackson-2.27.jar:/home/user/.m2/repository/org/glassfish/jersey/ext/jersey-entity-filtering/2.27/jersey-entity-filtering-2.27.jar:/home/user/.m2/repository/com/google/inject/extensions/guice-assistedinject/4.0/guice-assistedinject-4.0.jar:/home/user/.m2/repository/org/jooq/jooq/3.11.10/jooq-3.11.10.jar:/home/user/.m2/repository/org/jooq/jooq-meta/3.11.10/jooq-meta-3.11.10.jar:/home/user/.m2/repository/org/jooq/jooq-codegen/3.11.10/jooq-codegen-3.11.10.jar:/home/user/.m2/repository/com/jolbox/bonecp/0.8.0.RELEASE/bonecp-0.8.0.RELEASE.jar:/home/user/.m2/repository/org/xerial/sqlite-jdbc/3.25.2/sqlite-jdbc-3.25.2.jar:/home/user/.m2/repository/org/springframework/spring-jdbc/5.1.3.RELEASE/spring-jdbc-5.1.3.RELEASE.jar:/home/user/.m2/repository/org/springframework/spring-beans/5.1.3.RELEASE/spring-beans-5.1.3.RELEASE.jar:/home/user/.m2/repository/org/springframework/spring-core/5.1.3.RELEASE/spring-core-5.1.3.RELEASE.jar:/home/user/.m2/repository/org/springframework/spring-jcl/5.1.3.RELEASE/spring-jcl-5.1.3.RELEASE.jar:/home/user/.m2/repository/org/springframework/spring-tx/5.1.3.RELEASE/spring-tx-5.1.3.RELEASE.jar:/home/user/.m2/repository/org/apache/hadoop/hadoop-ozone-client/0.5.0-SNAPSHOT/hadoop-ozone-client-0.5.0-SNAPSHOT.jar:/home/user/.m2/repository/commons-lang/commons-lang/2.6/commons-lang-2.6.jar:/home/user/.m2/repository/org/apache/hadoop/hadoop-ozone-ozone-manager/0.5.0-SNAPSHOT/hadoop-ozone-ozone-manager-0.5.0-SNAPSHOT-tests.jar:/home/user/.m2/repository/junit/junit/4.11/junit-4.11.jar:/home/user/.m2/repository/org/hamcrest/hamcrest-core/1.3/hamcrest-core-1.3.jar:/home/user/.m2/repository/org/openjdk/jmh/jmh-core/1.19/jmh-core-1.19.jar:/home/user/.m2/repository/net/sf/jopt-simple/jopt-simple/4.6/jopt-simple-4.6.jar:/home/user/.m2/repository/org/apache/commons/commons-math3/3.1.1/commons-math3-3.1.1.jar:/home/user/.m2/repository/org/openjdk/jmh/jmh-generator-annprocess/1.19/jmh-generator-annprocess-1.19.jar:/home/user/.m2/repository/org/mockito/mockito-all/1.8.5/mockito-all-1.8.5.jar:/home/user/.m2/repository/org/apache/hadoop/hadoop-kms/3.2.0/hadoop-kms-3.2.0.jar:/home/user/.m2/repository/org/apache/hadoop/hadoop-auth/3.2.0/hadoop-auth-3.2.0.jar:/home/user/.m2/repository/com/nimbusds/nimbus-jose-jwt/4.41.1/nimbus-jose-jwt-4.41.1.jar:/home/user/.m2/repository/com/github/stephenc/jcip/jcip-annotations/1.0-1/jcip-annotations-1.0-1.jar:/home/user/.m2/repository/net/minidev/json-smart/2.3/json-smart-2.3.jar:/home/user/.m2/repository/net/minidev/accessors-smart/1.2/accessors-smart-1.2.jar:/home/user/.m2/repository/org/ow2/asm/asm/5.0.4/asm-5.0.4.jar:/home/user/.m2/repository/org/apache/curator/curator-framework/2.12.0/curator-framework-2.12.0.jar:/home/user/.m2/repository/com/sun/jersey/jersey-core/1.19/jersey-core-1.19.jar:/home/user/.m2/repository/javax/ws/rs/jsr311-api/1.1.1/jsr311-api-1.1.1.jar:/home/user/.m2/repository/com/sun/jersey/jersey-server/1.19/jersey-server-1.19.jar:/home/user/.m2/repository/javax/servlet/javax.servlet-api/3.1.0/javax.servlet-api-3.1.0.jar:/home/user/.m2/repository/org/eclipse/jetty/jetty-server/9.3.25.v20180904/jetty-server-9.3.25.v20180904.jar:/home/user/.m2/repository/org/eclipse/jetty/jetty-http/9.3.25.v20180904/jetty-http-9.3.25.v20180904.jar:/home/user/.m2/repository/org/eclipse/jetty/jetty-io/9.3.25.v20180904/jetty-io-9.3.25.v20180904.jar:/home/user/.m2/repository/org/eclipse/jetty/jetty-webapp/9.3.25.v20180904/jetty-webapp-9.3.25.v20180904.jar:/home/user/.m2/repository/org/eclipse/jetty/jetty-xml/9.3.25.v20180904/jetty-xml-9.3.25.v20180904.jar:/home/user/.m2/repository/log4j/log4j/1.2.17/log4j-1.2.17.jar:/home/user/.m2/repository/org/slf4j/slf4j-api/1.7.25/slf4j-api-1.7.25.jar:/home/user/.m2/repository/org/slf4j/jul-to-slf4j/1.7.25/jul-to-slf4j-1.7.25.jar:/home/user/.m2/repository/org/eclipse/jetty/jetty-util/9.3.25.v20180904/jetty-util-9.3.25.v20180904.jar:/home/user/.m2/repository/com/fasterxml/jackson/core/jackson-databind/2.9.9/jackson-databind-2.9.9.jar:/home/user/.m2/repository/org/apache/hadoop/hadoop-kms/3.2.0/hadoop-kms-3.2.0-tests.jar:/home/user/.m2/repository/org/apache/hadoop/hadoop-hdds-server-scm/0.5.0-SNAPSHOT/hadoop-hdds-server-scm-0.5.0-SNAPSHOT-tests.jar:/home/user/.m2/repository/org/apache/hadoop/hadoop-hdds-container-service/0.5.0-SNAPSHOT/hadoop-hdds-container-service-0.5.0-SNAPSHOT-tests.jar:/home/user/.m2/repository/org/yaml/snakeyaml/1.16/snakeyaml-1.16.jar:/home/user/.m2/repository/org/apache/hadoop/hadoop-common/3.2.0/hadoop-common-3.2.0-tests.jar:/home/user/.m2/repository/org/apache/hadoop/hadoop-annotations/3.2.0/hadoop-annotations-3.2.0.jar:/usr/lib/jvm/java-1.8-openjdk/jre/../lib/tools.jar:/home/user/.m2/repository/commons-cli/commons-cli/1.2/commons-cli-1.2.jar:/home/user/.m2/repository/org/apache/httpcomponents/httpclient/4.5.2/httpclient-4.5.2.jar:/home/user/.m2/repository/org/apache/httpcomponents/httpcore/4.4.4/httpcore-4.4.4.jar:/home/user/.m2/repository/commons-codec/commons-codec/1.11/commons-codec-1.11.jar:/home/user/.m2/repository/commons-net/commons-net/3.6/commons-net-3.6.jar:/home/user/.m2/repository/commons-collections/commons-collections/3.2.2/commons-collections-3.2.2.jar:/home/user/.m2/repository/org/eclipse/jetty/jetty-servlet/9.3.25.v20180904/jetty-servlet-9.3.25.v20180904.jar:/home/user/.m2/repository/org/eclipse/jetty/jetty-security/9.3.25.v20180904/jetty-security-9.3.25.v20180904.jar:/home/user/.m2/repository/javax/servlet/jsp/jsp-api/2.1/jsp-api-2.1.jar:/home/user/.m2/repository/com/sun/jersey/jersey-servlet/1.19/jersey-servlet-1.19.jar:/home/user/.m2/repository/com/sun/jersey/jersey-json/1.19/jersey-json-1.19.jar:/home/user/.m2/repository/org/codehaus/jettison/jettison/1.1/jettison-1.1.jar:/home/user/.m2/repository/org/codehaus/jackson/jackson-core-asl/1.9.13/jackson-core-asl-1.9.13.jar:/home/user/.m2/repository/org/codehaus/jackson/jackson-mapper-asl/1.9.13/jackson-mapper-asl-1.9.13.jar:/home/user/.m2/repository/org/codehaus/jackson/jackson-jaxrs/1.9.13/jackson-jaxrs-1.9.13.jar:/home/user/.m2/repository/org/codehaus/jackson/jackson-xc/1.9.13/jackson-xc-1.9.13.jar:/home/user/.m2/repository/commons-logging/commons-logging/1.1.3/commons-logging-1.1.3.jar:/home/user/.m2/repository/commons-beanutils/commons-beanutils/1.9.4/commons-beanutils-1.9.4.jar:/home/user/.m2/repository/org/apache/commons/commons-configuration2/2.1.1/commons-configuration2-2.1.1.jar:/home/user/.m2/repository/org/apache/commons/commons-lang3/3.7/commons-lang3-3.7.jar:/home/user/.m2/repository/org/apache/commons/commons-text/1.4/commons-text-1.4.jar:/home/user/.m2/repository/org/apache/avro/avro/1.7.7/avro-1.7.7.jar:/home/user/.m2/repository/com/thoughtworks/paranamer/paranamer/2.3/paranamer-2.3.jar:/home/user/.m2/repository/org/xerial/snappy/snappy-java/1.0.5/snappy-java-1.0.5.jar:/home/user/.m2/repository/com/google/re2j/re2j/1.1/re2j-1.1.jar:/home/user/.m2/repository/com/google/code/gson/gson/2.2.4/gson-2.2.4.jar:/home/user/.m2/repository/com/jcraft/jsch/0.1.54/jsch-0.1.54.jar:/home/user/.m2/repository/org/apache/curator/curator-client/2.12.0/curator-client-2.12.0.jar:/home/user/.m2/repository/org/apache/curator/curator-recipes/2.12.0/curator-recipes-2.12.0.jar:/home/user/.m2/repository/com/google/code/findbugs/jsr305/3.0.0/jsr305-3.0.0.jar:/home/user/.m2/repository/org/apache/htrace/htrace-core4/4.1.0-incubating/htrace-core4-4.1.0-incubating.jar:/home/user/.m2/repository/org/apache/zookeeper/zookeeper/3.4.13/zookeeper-3.4.13.jar:/home/user/.m2/repository/jline/jline/0.9.94/jline-0.9.94.jar:/home/user/.m2/repository/org/apache/yetus/audience-annotations/0.5.0/audience-annotations-0.5.0.jar:/home/user/.m2/repository/org/codehaus/woodstox/stax2-api/3.1.4/stax2-api-3.1.4.jar:/home/user/.m2/repository/com/fasterxml/woodstox/woodstox-core/5.0.3/woodstox-core-5.0.3.jar:/home/user/.m2/repository/dnsjava/dnsjava/2.1.7/dnsjava-2.1.7.jar:/home/user/.m2/repository/org/apache/hadoop/hadoop-hdfs/3.2.0/hadoop-hdfs-3.2.0-tests.jar:/home/user/.m2/repository/org/eclipse/jetty/jetty-util-ajax/9.3.25.v20180904/jetty-util-ajax-9.3.25.v20180904.jar:/home/user/.m2/repository/commons-daemon/commons-daemon/1.0.13/commons-daemon-1.0.13.jar:/home/user/.m2/repository/io/netty/netty/3.10.5.Final/netty-3.10.5.Final.jar:/home/user/.m2/repository/io/netty/netty-all/4.0.52.Final/netty-all-4.0.52.Final.jar:/home/user/.m2/repository/org/fusesource/leveldbjni/leveldbjni-all/1.8/leveldbjni-all-1.8.jar:"/>
    <property name="java.vm.vendor" value="IcedTea"/>
    <property name="sun.arch.data.model" value="64"/>
    <property name="test.build.dir" value="/workdir/hadoop-ozone/integration-test/target/test-dir"/>
    <property name="test.cache.data" value=""/>
    <property name="java.vendor.url" value="https://icedtea.classpath.org"/>
    <property name="user.timezone" value=""/>
    <property name="java.vm.specification.version" value="1.8"/>
    <property name="os.name" value="Linux"/>
    <property name="test.build.data" value="/workdir/hadoop-ozone/integration-test/target/test-dir"/>
    <property name="user.country" value="US"/>
    <property name="sun.java.launcher" value="SUN_STANDARD"/>
    <property name="sun.boot.library.path" value="/usr/lib/jvm/java-1.8-openjdk/jre/lib/amd64"/>
    <property name="sun.java.command" value="/workdir/hadoop-ozone/integration-test/target/surefire/surefirebooter2103787708286186107.jar /workdir/hadoop-ozone/integration-test/target/surefire 2019-09-28T05-10-45_539-jvmRun1 surefire4201508765523233577tmp surefire_436085853620772417794tmp"/>
    <property name="test" value="!TestMiniChaosOzoneCluster"/>
    <property name="surefire.test.class.path" value="/workdir/hadoop-ozone/integration-test/target/test-classes:/workdir/hadoop-ozone/integration-test/target/classes:/home/user/.m2/repository/org/apache/hadoop/hadoop-ozone-common/0.5.0-SNAPSHOT/hadoop-ozone-common-0.5.0-SNAPSHOT.jar:/home/user/.m2/repository/org/apache/commons/commons-compress/1.4.1/commons-compress-1.4.1.jar:/home/user/.m2/repository/org/tukaani/xz/1.0/xz-1.0.jar:/home/user/.m2/repository/org/apache/hadoop/hadoop-common/3.2.0/hadoop-common-3.2.0.jar:/home/user/.m2/repository/org/apache/hadoop/hadoop-hdfs/3.2.0/hadoop-hdfs-3.2.0.jar:/home/user/.m2/repository/org/apache/hadoop/hadoop-hdfs-client/3.2.0/hadoop-hdfs-client-3.2.0.jar:/home/user/.m2/repository/com/fasterxml/jackson/core/jackson-annotations/2.9.9/jackson-annotations-2.9.9.jar:/home/user/.m2/repository/org/apache/hadoop/hadoop-hdds-common/0.5.0-SNAPSHOT/hadoop-hdds-common-0.5.0-SNAPSHOT.jar:/home/user/.m2/repository/javax/annotation/javax.annotation-api/1.2/javax.annotation-api-1.2.jar:/home/user/.m2/repository/org/apache/ratis/ratis-server/0.4.0/ratis-server-0.4.0.jar:/home/user/.m2/repository/org/apache/ratis/ratis-thirdparty-misc/0.2.0/ratis-thirdparty-misc-0.2.0.jar:/home/user/.m2/repository/org/apache/ratis/ratis-proto/0.4.0/ratis-proto-0.4.0.jar:/home/user/.m2/repository/org/apache/ratis/ratis-common/0.4.0/ratis-common-0.4.0.jar:/home/user/.m2/repository/org/apache/ratis/ratis-client/0.4.0/ratis-client-0.4.0.jar:/home/user/.m2/repository/org/apache/ratis/ratis-metrics/0.4.0/ratis-metrics-0.4.0.jar:/home/user/.m2/repository/com/github/joshelser/dropwizard-metrics-hadoop-metrics2-reporter/0.1.2/dropwizard-metrics-hadoop-metrics2-reporter-0.1.2.jar:/home/user/.m2/repository/io/dropwizard/metrics/metrics-jvm/3.2.5/metrics-jvm-3.2.5.jar:/home/user/.m2/repository/io/dropwizard/metrics/metrics-ganglia/3.2.5/metrics-ganglia-3.2.5.jar:/home/user/.m2/repository/info/ganglia/gmetric4j/gmetric4j/1.0.7/gmetric4j-1.0.7.jar:/home/user/.m2/repository/org/apache/ratis/ratis-netty/0.4.0/ratis-netty-0.4.0.jar:/home/user/.m2/repository/org/apache/ratis/ratis-grpc/0.4.0/ratis-grpc-0.4.0.jar:/home/user/.m2/repository/org/rocksdb/rocksdbjni/6.0.1/rocksdbjni-6.0.1.jar:/home/user/.m2/repository/org/apache/logging/log4j/log4j-api/2.11.0/log4j-api-2.11.0.jar:/home/user/.m2/repository/org/apache/logging/log4j/log4j-core/2.11.0/log4j-core-2.11.0.jar:/home/user/.m2/repository/com/lmax/disruptor/3.4.2/disruptor-3.4.2.jar:/home/user/.m2/repository/org/apache/commons/commons-pool2/2.6.0/commons-pool2-2.6.0.jar:/home/user/.m2/repository/org/bouncycastle/bcpkix-jdk15on/1.60/bcpkix-jdk15on-1.60.jar:/home/user/.m2/repository/commons-validator/commons-validator/1.6/commons-validator-1.6.jar:/home/user/.m2/repository/commons-digester/commons-digester/1.8.1/commons-digester-1.8.1.jar:/home/user/.m2/repository/io/jaegertracing/jaeger-client/0.34.0/jaeger-client-0.34.0.jar:/home/user/.m2/repository/io/jaegertracing/jaeger-thrift/0.34.0/jaeger-thrift-0.34.0.jar:/home/user/.m2/repository/org/apache/thrift/libthrift/0.12.0/libthrift-0.12.0.jar:/home/user/.m2/repository/com/squareup/okhttp3/okhttp/3.9.0/okhttp-3.9.0.jar:/home/user/.m2/repository/com/squareup/okio/okio/1.13.0/okio-1.13.0.jar:/home/user/.m2/repository/io/jaegertracing/jaeger-core/0.34.0/jaeger-core-0.34.0.jar:/home/user/.m2/repository/io/jaegertracing/jaeger-tracerresolver/0.34.0/jaeger-tracerresolver-0.34.0.jar:/home/user/.m2/repository/io/opentracing/contrib/opentracing-tracerresolver/0.1.5/opentracing-tracerresolver-0.1.5.jar:/home/user/.m2/repository/io/opentracing/opentracing-util/0.31.0/opentracing-util-0.31.0.jar:/home/user/.m2/repository/io/opentracing/opentracing-api/0.31.0/opentracing-api-0.31.0.jar:/home/user/.m2/repository/io/opentracing/opentracing-noop/0.31.0/opentracing-noop-0.31.0.jar:/home/user/.m2/repository/org/apache/hadoop/hadoop-hdds-server-framework/0.5.0-SNAPSHOT/hadoop-hdds-server-framework-0.5.0-SNAPSHOT.jar:/home/user/.m2/repository/org/apache/hadoop/hadoop-hdds-container-service/0.5.0-SNAPSHOT/hadoop-hdds-container-service-0.5.0-SNAPSHOT.jar:/home/user/.m2/repository/org/apache/hadoop/hadoop-hdds-client/0.5.0-SNAPSHOT/hadoop-hdds-client-0.5.0-SNAPSHOT.jar:/home/user/.m2/repository/org/apache/hadoop/hadoop-hdds-tools/0.5.0-SNAPSHOT/hadoop-hdds-tools-0.5.0-SNAPSHOT.jar:/home/user/.m2/repository/org/apache/hadoop/hadoop-hdds-server-scm/0.5.0-SNAPSHOT/hadoop-hdds-server-scm-0.5.0-SNAPSHOT.jar:/home/user/.m2/repository/org/apache/hadoop/hadoop-hdds-docs/0.5.0-SNAPSHOT/hadoop-hdds-docs-0.5.0-SNAPSHOT.jar:/home/user/.m2/repository/io/dropwizard/metrics/metrics-core/3.2.4/metrics-core-3.2.4.jar:/home/user/.m2/repository/org/hamcrest/hamcrest-all/1.3/hamcrest-all-1.3.jar:/home/user/.m2/repository/org/bouncycastle/bcprov-jdk15on/1.60/bcprov-jdk15on-1.60.jar:/home/user/.m2/repository/info/picocli/picocli/3.9.6/picocli-3.9.6.jar:/home/user/.m2/repository/com/google/protobuf/protobuf-java/2.5.0/protobuf-java-2.5.0.jar:/home/user/.m2/repository/com/google/guava/guava/11.0.2/guava-11.0.2.jar:/home/user/.m2/repository/org/apache/hadoop/hadoop-ozone-ozone-manager/0.5.0-SNAPSHOT/hadoop-ozone-ozone-manager-0.5.0-SNAPSHOT.jar:/home/user/.m2/repository/org/apache/hadoop/hadoop-minikdc/3.2.0/hadoop-minikdc-3.2.0.jar:/home/user/.m2/repository/commons-io/commons-io/2.5/commons-io-2.5.jar:/home/user/.m2/repository/org/apache/kerby/kerb-simplekdc/1.0.1/kerb-simplekdc-1.0.1.jar:/home/user/.m2/repository/org/apache/kerby/kerb-client/1.0.1/kerb-client-1.0.1.jar:/home/user/.m2/repository/org/apache/kerby/kerby-config/1.0.1/kerby-config-1.0.1.jar:/home/user/.m2/repository/org/apache/kerby/kerb-core/1.0.1/kerb-core-1.0.1.jar:/home/user/.m2/repository/org/apache/kerby/kerby-pkix/1.0.1/kerby-pkix-1.0.1.jar:/home/user/.m2/repository/org/apache/kerby/kerby-asn1/1.0.1/kerby-asn1-1.0.1.jar:/home/user/.m2/repository/org/apache/kerby/kerby-util/1.0.1/kerby-util-1.0.1.jar:/home/user/.m2/repository/org/apache/kerby/kerb-common/1.0.1/kerb-common-1.0.1.jar:/home/user/.m2/repository/org/apache/kerby/kerb-crypto/1.0.1/kerb-crypto-1.0.1.jar:/home/user/.m2/repository/org/apache/kerby/kerb-util/1.0.1/kerb-util-1.0.1.jar:/home/user/.m2/repository/org/apache/kerby/token-provider/1.0.1/token-provider-1.0.1.jar:/home/user/.m2/repository/org/apache/kerby/kerb-admin/1.0.1/kerb-admin-1.0.1.jar:/home/user/.m2/repository/org/apache/kerby/kerb-server/1.0.1/kerb-server-1.0.1.jar:/home/user/.m2/repository/org/apache/kerby/kerb-identity/1.0.1/kerb-identity-1.0.1.jar:/home/user/.m2/repository/org/apache/kerby/kerby-xdr/1.0.1/kerby-xdr-1.0.1.jar:/home/user/.m2/repository/org/slf4j/slf4j-log4j12/1.7.25/slf4j-log4j12-1.7.25.jar:/home/user/.m2/repository/org/apache/hadoop/hadoop-ozone-s3gateway/0.5.0-SNAPSHOT/hadoop-ozone-s3gateway-0.5.0-SNAPSHOT.jar:/home/user/.m2/repository/org/jboss/weld/servlet/weld-servlet/2.4.7.Final/weld-servlet-2.4.7.Final.jar:/home/user/.m2/repository/org/glassfish/jersey/containers/jersey-container-servlet-core/2.27/jersey-container-servlet-core-2.27.jar:/home/user/.m2/repository/org/glassfish/hk2/external/javax.inject/2.5.0-b42/javax.inject-2.5.0-b42.jar:/home/user/.m2/repository/org/glassfish/jersey/core/jersey-common/2.27/jersey-common-2.27.jar:/home/user/.m2/repository/org/glassfish/hk2/osgi-resource-locator/1.0.1/osgi-resource-locator-1.0.1.jar:/home/user/.m2/repository/javax/ws/rs/javax.ws.rs-api/2.1/javax.ws.rs-api-2.1.jar:/home/user/.m2/repository/org/glassfish/jersey/ext/cdi/jersey-cdi1x/2.27/jersey-cdi1x-2.27.jar:/home/user/.m2/repository/org/glassfish/jersey/inject/jersey-hk2/2.27/jersey-hk2-2.27.jar:/home/user/.m2/repository/org/glassfish/hk2/hk2-locator/2.5.0-b42/hk2-locator-2.5.0-b42.jar:/home/user/.m2/repository/org/javassist/javassist/3.22.0-CR2/javassist-3.22.0-CR2.jar:/home/user/.m2/repository/org/glassfish/hk2/hk2-api/2.5.0/hk2-api-2.5.0.jar:/home/user/.m2/repository/org/glassfish/hk2/external/jakarta.inject/2.5.0/jakarta.inject-2.5.0.jar:/home/user/.m2/repository/org/glassfish/hk2/hk2-utils/2.5.0/hk2-utils-2.5.0.jar:/home/user/.m2/repository/jakarta/annotation/jakarta.annotation-api/1.3.4/jakarta.annotation-api-1.3.4.jar:/home/user/.m2/repository/org/glassfish/hk2/external/aopalliance-repackaged/2.5.0/aopalliance-repackaged-2.5.0.jar:/home/user/.m2/repository/com/fasterxml/jackson/dataformat/jackson-dataformat-xml/2.9.0/jackson-dataformat-xml-2.9.0.jar:/home/user/.m2/repository/com/fasterxml/jackson/core/jackson-core/2.9.9/jackson-core-2.9.9.jar:/home/user/.m2/repository/com/fasterxml/jackson/module/jackson-module-jaxb-annotations/2.9.9/jackson-module-jaxb-annotations-2.9.9.jar:/home/user/.m2/repository/javax/enterprise/cdi-api/1.2/cdi-api-1.2.jar:/home/user/.m2/repository/javax/el/javax.el-api/3.0.0/javax.el-api-3.0.0.jar:/home/user/.m2/repository/javax/interceptor/javax.interceptor-api/1.2/javax.interceptor-api-1.2.jar:/home/user/.m2/repository/javax/inject/javax.inject/1/javax.inject-1.jar:/home/user/.m2/repository/com/sun/xml/bind/jaxb-impl/2.3.0.1/jaxb-impl-2.3.0.1.jar:/home/user/.m2/repository/com/sun/xml/bind/jaxb-core/2.3.0.1/jaxb-core-2.3.0.1.jar:/home/user/.m2/repository/javax/xml/bind/jaxb-api/2.3.0/jaxb-api-2.3.0.jar:/home/user/.m2/repository/javax/activation/activation/1.1.1/activation-1.1.1.jar:/home/user/.m2/repository/org/apache/hadoop/hadoop-ozone-csi/0.5.0-SNAPSHOT/hadoop-ozone-csi-0.5.0-SNAPSHOT.jar:/home/user/.m2/repository/com/google/protobuf/protobuf-java-util/3.5.1/protobuf-java-util-3.5.1.jar:/home/user/.m2/repository/org/apache/hadoop/hadoop-hdds-config/0.5.0-SNAPSHOT/hadoop-hdds-config-0.5.0-SNAPSHOT.jar:/home/user/.m2/repository/io/grpc/grpc-netty/1.17.1/grpc-netty-1.17.1.jar:/home/user/.m2/repository/io/grpc/grpc-core/1.17.1/grpc-core-1.17.1.jar:/home/user/.m2/repository/io/grpc/grpc-context/1.17.1/grpc-context-1.17.1.jar:/home/user/.m2/repository/com/google/errorprone/error_prone_annotations/2.2.0/error_prone_annotations-2.2.0.jar:/home/user/.m2/repository/org/codehaus/mojo/animal-sniffer-annotations/1.17/animal-sniffer-annotations-1.17.jar:/home/user/.m2/repository/io/opencensus/opencensus-api/0.17.0/opencensus-api-0.17.0.jar:/home/user/.m2/repository/io/opencensus/opencensus-contrib-grpc-metrics/0.17.0/opencensus-contrib-grpc-metrics-0.17.0.jar:/home/user/.m2/repository/io/netty/netty-codec-http2/4.1.30.Final/netty-codec-http2-4.1.30.Final.jar:/home/user/.m2/repository/io/netty/netty-codec-http/4.1.30.Final/netty-codec-http-4.1.30.Final.jar:/home/user/.m2/repository/io/netty/netty-codec/4.1.30.Final/netty-codec-4.1.30.Final.jar:/home/user/.m2/repository/io/netty/netty-handler/4.1.30.Final/netty-handler-4.1.30.Final.jar:/home/user/.m2/repository/io/netty/netty-handler-proxy/4.1.30.Final/netty-handler-proxy-4.1.30.Final.jar:/home/user/.m2/repository/io/netty/netty-codec-socks/4.1.30.Final/netty-codec-socks-4.1.30.Final.jar:/home/user/.m2/repository/io/netty/netty-transport-native-epoll/4.1.30.Final/netty-transport-native-epoll-4.1.30.Final.jar:/home/user/.m2/repository/io/netty/netty-common/4.1.30.Final/netty-common-4.1.30.Final.jar:/home/user/.m2/repository/io/netty/netty-buffer/4.1.30.Final/netty-buffer-4.1.30.Final.jar:/home/user/.m2/repository/io/netty/netty-transport/4.1.30.Final/netty-transport-4.1.30.Final.jar:/home/user/.m2/repository/io/netty/netty-resolver/4.1.30.Final/netty-resolver-4.1.30.Final.jar:/home/user/.m2/repository/io/netty/netty-transport-native-unix-common/4.1.30.Final/netty-transport-native-unix-common-4.1.30.Final.jar:/home/user/.m2/repository/io/grpc/grpc-protobuf/1.17.1/grpc-protobuf-1.17.1.jar:/home/user/.m2/repository/com/google/api/grpc/proto-google-common-protos/1.0.0/proto-google-common-protos-1.0.0.jar:/home/user/.m2/repository/io/grpc/grpc-protobuf-lite/1.17.1/grpc-protobuf-lite-1.17.1.jar:/home/user/.m2/repository/io/grpc/grpc-stub/1.17.1/grpc-stub-1.17.1.jar:/home/user/.m2/repository/org/apache/hadoop/hadoop-ozone-recon/0.5.0-SNAPSHOT/hadoop-ozone-recon-0.5.0-SNAPSHOT.jar:/home/user/.m2/repository/org/apache/hadoop/hadoop-ozone-reconcodegen/0.5.0-SNAPSHOT/hadoop-ozone-reconcodegen-0.5.0-SNAPSHOT.jar:/home/user/.m2/repository/com/google/inject/extensions/guice-multibindings/4.0/guice-multibindings-4.0.jar:/home/user/.m2/repository/com/google/inject/guice/4.0/guice-4.0.jar:/home/user/.m2/repository/aopalliance/aopalliance/1.0/aopalliance-1.0.jar:/home/user/.m2/repository/com/google/inject/extensions/guice-servlet/4.0/guice-servlet-4.0.jar:/home/user/.m2/repository/org/glassfish/jersey/containers/jersey-container-servlet/2.27/jersey-container-servlet-2.27.jar:/home/user/.m2/repository/org/glassfish/hk2/guice-bridge/2.5.0/guice-bridge-2.5.0.jar:/home/user/.m2/repository/org/glassfish/jersey/core/jersey-server/2.27/jersey-server-2.27.jar:/home/user/.m2/repository/org/glassfish/jersey/core/jersey-client/2.27/jersey-client-2.27.jar:/home/user/.m2/repository/org/glassfish/jersey/media/jersey-media-jaxb/2.27/jersey-media-jaxb-2.27.jar:/home/user/.m2/repository/javax/validation/validation-api/1.1.0.Final/validation-api-1.1.0.Final.jar:/home/user/.m2/repository/org/glassfish/jersey/media/jersey-media-json-jackson/2.27/jersey-media-json-jackson-2.27.jar:/home/user/.m2/repository/org/glassfish/jersey/ext/jersey-entity-filtering/2.27/jersey-entity-filtering-2.27.jar:/home/user/.m2/repository/com/google/inject/extensions/guice-assistedinject/4.0/guice-assistedinject-4.0.jar:/home/user/.m2/repository/org/jooq/jooq/3.11.10/jooq-3.11.10.jar:/home/user/.m2/repository/org/jooq/jooq-meta/3.11.10/jooq-meta-3.11.10.jar:/home/user/.m2/repository/org/jooq/jooq-codegen/3.11.10/jooq-codegen-3.11.10.jar:/home/user/.m2/repository/com/jolbox/bonecp/0.8.0.RELEASE/bonecp-0.8.0.RELEASE.jar:/home/user/.m2/repository/org/xerial/sqlite-jdbc/3.25.2/sqlite-jdbc-3.25.2.jar:/home/user/.m2/repository/org/springframework/spring-jdbc/5.1.3.RELEASE/spring-jdbc-5.1.3.RELEASE.jar:/home/user/.m2/repository/org/springframework/spring-beans/5.1.3.RELEASE/spring-beans-5.1.3.RELEASE.jar:/home/user/.m2/repository/org/springframework/spring-core/5.1.3.RELEASE/spring-core-5.1.3.RELEASE.jar:/home/user/.m2/repository/org/springframework/spring-jcl/5.1.3.RELEASE/spring-jcl-5.1.3.RELEASE.jar:/home/user/.m2/repository/org/springframework/spring-tx/5.1.3.RELEASE/spring-tx-5.1.3.RELEASE.jar:/home/user/.m2/repository/org/apache/hadoop/hadoop-ozone-client/0.5.0-SNAPSHOT/hadoop-ozone-client-0.5.0-SNAPSHOT.jar:/home/user/.m2/repository/commons-lang/commons-lang/2.6/commons-lang-2.6.jar:/home/user/.m2/repository/org/apache/hadoop/hadoop-ozone-ozone-manager/0.5.0-SNAPSHOT/hadoop-ozone-ozone-manager-0.5.0-SNAPSHOT-tests.jar:/home/user/.m2/repository/junit/junit/4.11/junit-4.11.jar:/home/user/.m2/repository/org/hamcrest/hamcrest-core/1.3/hamcrest-core-1.3.jar:/home/user/.m2/repository/org/openjdk/jmh/jmh-core/1.19/jmh-core-1.19.jar:/home/user/.m2/repository/net/sf/jopt-simple/jopt-simple/4.6/jopt-simple-4.6.jar:/home/user/.m2/repository/org/apache/commons/commons-math3/3.1.1/commons-math3-3.1.1.jar:/home/user/.m2/repository/org/openjdk/jmh/jmh-generator-annprocess/1.19/jmh-generator-annprocess-1.19.jar:/home/user/.m2/repository/org/mockito/mockito-all/1.8.5/mockito-all-1.8.5.jar:/home/user/.m2/repository/org/apache/hadoop/hadoop-kms/3.2.0/hadoop-kms-3.2.0.jar:/home/user/.m2/repository/org/apache/hadoop/hadoop-auth/3.2.0/hadoop-auth-3.2.0.jar:/home/user/.m2/repository/com/nimbusds/nimbus-jose-jwt/4.41.1/nimbus-jose-jwt-4.41.1.jar:/home/user/.m2/repository/com/github/stephenc/jcip/jcip-annotations/1.0-1/jcip-annotations-1.0-1.jar:/home/user/.m2/repository/net/minidev/json-smart/2.3/json-smart-2.3.jar:/home/user/.m2/repository/net/minidev/accessors-smart/1.2/accessors-smart-1.2.jar:/home/user/.m2/repository/org/ow2/asm/asm/5.0.4/asm-5.0.4.jar:/home/user/.m2/repository/org/apache/curator/curator-framework/2.12.0/curator-framework-2.12.0.jar:/home/user/.m2/repository/com/sun/jersey/jersey-core/1.19/jersey-core-1.19.jar:/home/user/.m2/repository/javax/ws/rs/jsr311-api/1.1.1/jsr311-api-1.1.1.jar:/home/user/.m2/repository/com/sun/jersey/jersey-server/1.19/jersey-server-1.19.jar:/home/user/.m2/repository/javax/servlet/javax.servlet-api/3.1.0/javax.servlet-api-3.1.0.jar:/home/user/.m2/repository/org/eclipse/jetty/jetty-server/9.3.25.v20180904/jetty-server-9.3.25.v20180904.jar:/home/user/.m2/repository/org/eclipse/jetty/jetty-http/9.3.25.v20180904/jetty-http-9.3.25.v20180904.jar:/home/user/.m2/repository/org/eclipse/jetty/jetty-io/9.3.25.v20180904/jetty-io-9.3.25.v20180904.jar:/home/user/.m2/repository/org/eclipse/jetty/jetty-webapp/9.3.25.v20180904/jetty-webapp-9.3.25.v20180904.jar:/home/user/.m2/repository/org/eclipse/jetty/jetty-xml/9.3.25.v20180904/jetty-xml-9.3.25.v20180904.jar:/home/user/.m2/repository/log4j/log4j/1.2.17/log4j-1.2.17.jar:/home/user/.m2/repository/org/slf4j/slf4j-api/1.7.25/slf4j-api-1.7.25.jar:/home/user/.m2/repository/org/slf4j/jul-to-slf4j/1.7.25/jul-to-slf4j-1.7.25.jar:/home/user/.m2/repository/org/eclipse/jetty/jetty-util/9.3.25.v20180904/jetty-util-9.3.25.v20180904.jar:/home/user/.m2/repository/com/fasterxml/jackson/core/jackson-databind/2.9.9/jackson-databind-2.9.9.jar:/home/user/.m2/repository/org/apache/hadoop/hadoop-kms/3.2.0/hadoop-kms-3.2.0-tests.jar:/home/user/.m2/repository/org/apache/hadoop/hadoop-hdds-server-scm/0.5.0-SNAPSHOT/hadoop-hdds-server-scm-0.5.0-SNAPSHOT-tests.jar:/home/user/.m2/repository/org/apache/hadoop/hadoop-hdds-container-service/0.5.0-SNAPSHOT/hadoop-hdds-container-service-0.5.0-SNAPSHOT-tests.jar:/home/user/.m2/repository/org/yaml/snakeyaml/1.16/snakeyaml-1.16.jar:/home/user/.m2/repository/org/apache/hadoop/hadoop-common/3.2.0/hadoop-common-3.2.0-tests.jar:/home/user/.m2/repository/org/apache/hadoop/hadoop-annotations/3.2.0/hadoop-annotations-3.2.0.jar:/usr/lib/jvm/java-1.8-openjdk/jre/../lib/tools.jar:/home/user/.m2/repository/commons-cli/commons-cli/1.2/commons-cli-1.2.jar:/home/user/.m2/repository/org/apache/httpcomponents/httpclient/4.5.2/httpclient-4.5.2.jar:/home/user/.m2/repository/org/apache/httpcomponents/httpcore/4.4.4/httpcore-4.4.4.jar:/home/user/.m2/repository/commons-codec/commons-codec/1.11/commons-codec-1.11.jar:/home/user/.m2/repository/commons-net/commons-net/3.6/commons-net-3.6.jar:/home/user/.m2/repository/commons-collections/commons-collections/3.2.2/commons-collections-3.2.2.jar:/home/user/.m2/repository/org/eclipse/jetty/jetty-servlet/9.3.25.v20180904/jetty-servlet-9.3.25.v20180904.jar:/home/user/.m2/repository/org/eclipse/jetty/jetty-security/9.3.25.v20180904/jetty-security-9.3.25.v20180904.jar:/home/user/.m2/repository/javax/servlet/jsp/jsp-api/2.1/jsp-api-2.1.jar:/home/user/.m2/repository/com/sun/jersey/jersey-servlet/1.19/jersey-servlet-1.19.jar:/home/user/.m2/repository/com/sun/jersey/jersey-json/1.19/jersey-json-1.19.jar:/home/user/.m2/repository/org/codehaus/jettison/jettison/1.1/jettison-1.1.jar:/home/user/.m2/repository/org/codehaus/jackson/jackson-core-asl/1.9.13/jackson-core-asl-1.9.13.jar:/home/user/.m2/repository/org/codehaus/jackson/jackson-mapper-asl/1.9.13/jackson-mapper-asl-1.9.13.jar:/home/user/.m2/repository/org/codehaus/jackson/jackson-jaxrs/1.9.13/jackson-jaxrs-1.9.13.jar:/home/user/.m2/repository/org/codehaus/jackson/jackson-xc/1.9.13/jackson-xc-1.9.13.jar:/home/user/.m2/repository/commons-logging/commons-logging/1.1.3/commons-logging-1.1.3.jar:/home/user/.m2/repository/commons-beanutils/commons-beanutils/1.9.4/commons-beanutils-1.9.4.jar:/home/user/.m2/repository/org/apache/commons/commons-configuration2/2.1.1/commons-configuration2-2.1.1.jar:/home/user/.m2/repository/org/apache/commons/commons-lang3/3.7/commons-lang3-3.7.jar:/home/user/.m2/repository/org/apache/commons/commons-text/1.4/commons-text-1.4.jar:/home/user/.m2/repository/org/apache/avro/avro/1.7.7/avro-1.7.7.jar:/home/user/.m2/repository/com/thoughtworks/paranamer/paranamer/2.3/paranamer-2.3.jar:/home/user/.m2/repository/org/xerial/snappy/snappy-java/1.0.5/snappy-java-1.0.5.jar:/home/user/.m2/repository/com/google/re2j/re2j/1.1/re2j-1.1.jar:/home/user/.m2/repository/com/google/code/gson/gson/2.2.4/gson-2.2.4.jar:/home/user/.m2/repository/com/jcraft/jsch/0.1.54/jsch-0.1.54.jar:/home/user/.m2/repository/org/apache/curator/curator-client/2.12.0/curator-client-2.12.0.jar:/home/user/.m2/repository/org/apache/curator/curator-recipes/2.12.0/curator-recipes-2.12.0.jar:/home/user/.m2/repository/com/google/code/findbugs/jsr305/3.0.0/jsr305-3.0.0.jar:/home/user/.m2/repository/org/apache/htrace/htrace-core4/4.1.0-incubating/htrace-core4-4.1.0-incubating.jar:/home/user/.m2/repository/org/apache/zookeeper/zookeeper/3.4.13/zookeeper-3.4.13.jar:/home/user/.m2/repository/jline/jline/0.9.94/jline-0.9.94.jar:/home/user/.m2/repository/org/apache/yetus/audience-annotations/0.5.0/audience-annotations-0.5.0.jar:/home/user/.m2/repository/org/codehaus/woodstox/stax2-api/3.1.4/stax2-api-3.1.4.jar:/home/user/.m2/repository/com/fasterxml/woodstox/woodstox-core/5.0.3/woodstox-core-5.0.3.jar:/home/user/.m2/repository/dnsjava/dnsjava/2.1.7/dnsjava-2.1.7.jar:/home/user/.m2/repository/org/apache/hadoop/hadoop-hdfs/3.2.0/hadoop-hdfs-3.2.0-tests.jar:/home/user/.m2/repository/org/eclipse/jetty/jetty-util-ajax/9.3.25.v20180904/jetty-util-ajax-9.3.25.v20180904.jar:/home/user/.m2/repository/commons-daemon/commons-daemon/1.0.13/commons-daemon-1.0.13.jar:/home/user/.m2/repository/io/netty/netty/3.10.5.Final/netty-3.10.5.Final.jar:/home/user/.m2/repository/io/netty/netty-all/4.0.52.Final/netty-all-4.0.52.Final.jar:/home/user/.m2/repository/org/fusesource/leveldbjni/leveldbjni-all/1.8/leveldbjni-all-1.8.jar:"/>
    <property name="sun.cpu.endian" value="little"/>
    <property name="user.home" value="/home/user"/>
    <property name="user.language" value="en"/>
    <property name="java.specification.vendor" value="Oracle Corporation"/>
    <property name="java.home" value="/usr/lib/jvm/java-1.8-openjdk/jre"/>
    <property name="java.security.krb5.conf" value="/workdir/hadoop-ozone/integration-test/target/test-classes/krb5.conf"/>
    <property name="basedir" value="/workdir/hadoop-ozone/integration-test"/>
    <property name="file.separator" value="/"/>
    <property name="line.separator" value="&#10;"/>
    <property name="java.vm.specification.vendor" value="Oracle Corporation"/>
    <property name="java.specification.name" value="Java Platform API Specification"/>
    <property name="java.awt.graphicsenv" value="sun.awt.X11GraphicsEnvironment"/>
    <property name="surefire.real.class.path" value="/workdir/hadoop-ozone/integration-test/target/surefire/surefirebooter2103787708286186107.jar"/>
    <property name="hadoop.log.dir" value="/workdir/hadoop-ozone/integration-test/target/log"/>
    <property name="sun.boot.class.path" value="/usr/lib/jvm/java-1.8-openjdk/jre/lib/resources.jar:/usr/lib/jvm/java-1.8-openjdk/jre/lib/rt.jar:/usr/lib/jvm/java-1.8-openjdk/jre/lib/sunrsasign.jar:/usr/lib/jvm/java-1.8-openjdk/jre/lib/jsse.jar:/usr/lib/jvm/java-1.8-openjdk/jre/lib/jce.jar:/usr/lib/jvm/java-1.8-openjdk/jre/lib/charsets.jar:/usr/lib/jvm/java-1.8-openjdk/jre/lib/jfr.jar:/usr/lib/jvm/java-1.8-openjdk/jre/classes"/>
    <property name="sun.management.compiler" value="HotSpot 64-Bit Tiered Compilers"/>
    <property name="java.runtime.version" value="1.8.0_212-b04"/>
    <property name="java.net.preferIPv4Stack" value="true"/>
    <property name="user.name" value="jenkins1000"/>
    <property name="path.separator" value=":"/>
    <property name="java.security.egd" value="file:///dev/urandom"/>
    <property name="os.version" value="3.10.0-957.12.2.el7.x86_64"/>
    <property name="java.endorsed.dirs" value="/usr/lib/jvm/java-1.8-openjdk/jre/lib/endorsed"/>
    <property name="java.runtime.name" value="OpenJDK Runtime Environment"/>
    <property name="file.encoding" value="UTF-8"/>
    <property name="java.vm.name" value="OpenJDK 64-Bit Server VM"/>
    <property name="test.build.webapps" value=""/>
    <property name="localRepository" value="/home/user/.m2/repository"/>
    <property name="java.vendor.url.bug" value="https://icedtea.classpath.org/bugzilla"/>
    <property name="java.io.tmpdir" value="/tmp"/>
    <property name="require.test.libhadoop" value=""/>
    <property name="java.version" value="1.8.0_212"/>
    <property name="user.dir" value="/workdir/hadoop-ozone/integration-test"/>
    <property name="os.arch" value="amd64"/>
    <property name="java.vm.specification.name" value="Java Virtual Machine Specification"/>
    <property name="test.build.classes" value="/workdir/hadoop-ozone/integration-test/target/test-classes"/>
    <property name="java.awt.printerjob" value="sun.print.PSPrinterJob"/>
    <property name="sun.os.patch.level" value="unknown"/>
    <property name="hadoop.tmp.dir" value="/workdir/hadoop-ozone/integration-test/target/tmp"/>
    <property name="java.library.path" value="/usr/lib/jvm/java-1.8-openjdk/jre/lib/amd64/server:/usr/lib/jvm/java-1.8-openjdk/jre/lib/amd64:/usr/lib/jvm/java-1.8-openjdk/jre/../lib/amd64:/workdir/hadoop-ozone/integration-test/target/native/target/usr/local/lib:/workdir/hadoop-ozone/integration-test/../../hadoop-common-project/hadoop-common/target/native/target/usr/local/lib:/usr/java/packages/lib/amd64:/usr/lib64:/lib64:/lib:/usr/lib"/>
    <property name="java.vm.info" value="mixed mode"/>
    <property name="java.vendor" value="IcedTea"/>
    <property name="java.vm.version" value="25.212-b04"/>
    <property name="java.ext.dirs" value="/usr/lib/jvm/java-1.8-openjdk/jre/lib/ext:/usr/java/packages/lib/ext"/>
    <property name="sun.io.unicode.encoding" value="UnicodeLittle"/>
    <property name="java.class.version" value="52.0"/>
  </properties>
  <testcase name="testGroupMismatchExceptionHandling" classname="org.apache.hadoop.ozone.client.rpc.TestOzoneClientRetriesOnException" time="62.655"/>
  <testcase name="testMaxRetriesByOzoneClient" classname="org.apache.hadoop.ozone.client.rpc.TestOzoneClientRetriesOnException" time="125.415">
    <error message="Failed to command cmdType: CreateContainer&#10;containerID: 1&#10;datanodeUuid: &quot;2ea96f30-9ef7-4b6e-b81e-9105b046548f&quot;&#10;createContainer {&#10;}&#10;" type="java.io.IOException">java.io.IOException: 
Failed to command cmdType: CreateContainer
containerID: 1
datanodeUuid: "2ea96f30-9ef7-4b6e-b81e-9105b046548f"
createContainer {
}

	at org.apache.hadoop.hdds.scm.XceiverClientSpi.sendCommand(XceiverClientSpi.java:113)
	at org.apache.hadoop.ozone.client.rpc.TestOzoneClientRetriesOnException.testMaxRetriesByOzoneClient(TestOzoneClientRetriesOnException.java:190)
	at sun.reflect.NativeMethodAccessorImpl.invoke0(Native Method)
	at sun.reflect.NativeMethodAccessorImpl.invoke(NativeMethodAccessorImpl.java:62)
	at sun.reflect.DelegatingMethodAccessorImpl.invoke(DelegatingMethodAccessorImpl.java:43)
	at java.lang.reflect.Method.invoke(Method.java:498)
	at org.junit.runners.model.FrameworkMethod$1.runReflectiveCall(FrameworkMethod.java:47)
	at org.junit.internal.runners.model.ReflectiveCallable.run(ReflectiveCallable.java:12)
	at org.junit.runners.model.FrameworkMethod.invokeExplosively(FrameworkMethod.java:44)
	at org.junit.internal.runners.statements.InvokeMethod.evaluate(InvokeMethod.java:17)
	at org.junit.internal.runners.statements.RunBefores.evaluate(RunBefores.java:26)
	at org.junit.internal.runners.statements.RunAfters.evaluate(RunAfters.java:27)
	at org.junit.runners.ParentRunner.runLeaf(ParentRunner.java:271)
	at org.junit.runners.BlockJUnit4ClassRunner.runChild(BlockJUnit4ClassRunner.java:70)
	at org.junit.runners.BlockJUnit4ClassRunner.runChild(BlockJUnit4ClassRunner.java:50)
	at org.junit.runners.ParentRunner$3.run(ParentRunner.java:238)
	at org.junit.runners.ParentRunner$1.schedule(ParentRunner.java:63)
	at org.junit.runners.ParentRunner.runChildren(ParentRunner.java:236)
	at org.junit.runners.ParentRunner.access$000(ParentRunner.java:53)
	at org.junit.runners.ParentRunner$2.evaluate(ParentRunner.java:229)
	at org.junit.runners.ParentRunner.run(ParentRunner.java:309)
	at org.apache.maven.surefire.junit4.JUnit4Provider.execute(JUnit4Provider.java:365)
	at org.apache.maven.surefire.junit4.JUnit4Provider.executeWithRerun(JUnit4Provider.java:273)
	at org.apache.maven.surefire.junit4.JUnit4Provider.executeTestSet(JUnit4Provider.java:238)
	at org.apache.maven.surefire.junit4.JUnit4Provider.invoke(JUnit4Provider.java:159)
	at org.apache.maven.surefire.booter.ForkedBooter.invokeProviderInSameClassLoader(ForkedBooter.java:384)
	at org.apache.maven.surefire.booter.ForkedBooter.runSuitesInProcess(ForkedBooter.java:345)
	at org.apache.maven.surefire.booter.ForkedBooter.execute(ForkedBooter.java:126)
	at org.apache.maven.surefire.booter.ForkedBooter.main(ForkedBooter.java:418)
Caused by: java.util.concurrent.ExecutionException: org.apache.ratis.protocol.RaftRetryFailureException: Failed RaftClientRequest:client-5906A04E5B93->655b5729-6a0f-4a94-81c6-8a03f37304c4@group-CC46C90614D8, cid=45, seq=4*, RW, org.apache.hadoop.hdds.scm.XceiverClientRatis$$Lambda$342/1173837542@4940b79c for 180 attempts with RetryLimited(maxAttempts=180, sleepTime=1000ms)
	at java.util.concurrent.CompletableFuture.reportGet(CompletableFuture.java:357)
	at java.util.concurrent.CompletableFuture.get(CompletableFuture.java:1895)
	at org.apache.hadoop.hdds.scm.XceiverClientSpi.sendCommand(XceiverClientSpi.java:110)
	... 28 more
Caused by: org.apache.ratis.protocol.RaftRetryFailureException: Failed RaftClientRequest:client-5906A04E5B93->655b5729-6a0f-4a94-81c6-8a03f37304c4@group-CC46C90614D8, cid=45, seq=4*, RW, org.apache.hadoop.hdds.scm.XceiverClientRatis$$Lambda$342/1173837542@4940b79c for 180 attempts with RetryLimited(maxAttempts=180, sleepTime=1000ms)
	at org.apache.ratis.client.impl.RaftClientImpl.noMoreRetries(RaftClientImpl.java:271)
	at org.apache.ratis.client.impl.OrderedAsync.handleAsyncRetryFailure(OrderedAsync.java:138)
	at org.apache.ratis.client.impl.OrderedAsync.lambda$sendRequest$10(OrderedAsync.java:230)
	at java.util.concurrent.CompletableFuture.uniExceptionally(CompletableFuture.java:870)
	at java.util.concurrent.CompletableFuture$UniExceptionally.tryFire(CompletableFuture.java:852)
	at java.util.concurrent.CompletableFuture.postComplete(CompletableFuture.java:474)
	at java.util.concurrent.CompletableFuture.completeExceptionally(CompletableFuture.java:1977)
	at org.apache.ratis.grpc.client.GrpcClientProtocolClient$AsyncStreamObservers.completeReplyExceptionally(GrpcClientProtocolClient.java:339)
	at org.apache.ratis.grpc.client.GrpcClientProtocolClient$AsyncStreamObservers.access$000(GrpcClientProtocolClient.java:255)
	at org.apache.ratis.grpc.client.GrpcClientProtocolClient$AsyncStreamObservers$1.onNext(GrpcClientProtocolClient.java:267)
	at org.apache.ratis.grpc.client.GrpcClientProtocolClient$AsyncStreamObservers$1.onNext(GrpcClientProtocolClient.java:258)
	at org.apache.ratis.thirdparty.io.grpc.stub.ClientCalls$StreamObserverToCallListenerAdapter.onMessage(ClientCalls.java:421)
	at org.apache.ratis.thirdparty.io.grpc.ForwardingClientCallListener.onMessage(ForwardingClientCallListener.java:33)
	at org.apache.ratis.thirdparty.io.grpc.ForwardingClientCallListener.onMessage(ForwardingClientCallListener.java:33)
	at org.apache.ratis.thirdparty.io.grpc.internal.ClientCallImpl$ClientStreamListenerImpl$1MessagesAvailable.runInContext(ClientCallImpl.java:519)
	at org.apache.ratis.thirdparty.io.grpc.internal.ContextRunnable.run(ContextRunnable.java:37)
	at org.apache.ratis.thirdparty.io.grpc.internal.SerializingExecutor.run(SerializingExecutor.java:123)
	at java.util.concurrent.ThreadPoolExecutor.runWorker(ThreadPoolExecutor.java:1149)
	at java.util.concurrent.ThreadPoolExecutor$Worker.run(ThreadPoolExecutor.java:624)
	at java.lang.Thread.run(Thread.java:748)
Caused by: org.apache.ratis.protocol.NotLeaderException: Server 655b5729-6a0f-4a94-81c6-8a03f37304c4@group-CC46C90614D8 is not the leader f96c6bb0-35cd-4680-b916-87cea356f4b5:192.168.30.51:35895
	at org.apache.ratis.client.impl.ClientProtoUtils.toRaftClientReply(ClientProtoUtils.java:243)
	at org.apache.ratis.grpc.client.GrpcClientProtocolClient$AsyncStreamObservers$1.onNext(GrpcClientProtocolClient.java:263)
	... 10 more
</error>
    <system-out><![CDATA[2019-09-28 05:40:48,487 [main] WARN  server.ServerUtils (ServerUtils.java:getScmDbDir(145)) - ozone.scm.db.dirs is not configured. We recommend adding this setting. Falling back to ozone.metadata.dirs instead.
2019-09-28 05:40:48,519 [main] WARN  server.ServerUtils (ServerUtils.java:getScmDbDir(145)) - ozone.scm.db.dirs is not configured. We recommend adding this setting. Falling back to ozone.metadata.dirs instead.
2019-09-28 05:40:48,519 [main] WARN  server.ServerUtils (ServerUtils.java:getScmDbDir(145)) - ozone.scm.db.dirs is not configured. We recommend adding this setting. Falling back to ozone.metadata.dirs instead.
2019-09-28 05:40:48,520 [main] INFO  db.DBStoreBuilder (DBStoreBuilder.java:addTable(110)) - using custom profile for table: deletedBlocks
2019-09-28 05:40:48,520 [main] INFO  db.DBStoreBuilder (DBStoreBuilder.java:processTables(161)) - Using default column profile:DBProfile.DISK for Table:deletedBlocks
2019-09-28 05:40:48,520 [main] INFO  db.DBStoreBuilder (DBStoreBuilder.java:addTable(110)) - using custom profile for table: validCerts
2019-09-28 05:40:48,520 [main] INFO  db.DBStoreBuilder (DBStoreBuilder.java:processTables(161)) - Using default column profile:DBProfile.DISK for Table:validCerts
2019-09-28 05:40:48,521 [main] INFO  db.DBStoreBuilder (DBStoreBuilder.java:addTable(110)) - using custom profile for table: revokedCerts
2019-09-28 05:40:48,521 [main] INFO  db.DBStoreBuilder (DBStoreBuilder.java:processTables(161)) - Using default column profile:DBProfile.DISK for Table:revokedCerts
2019-09-28 05:40:48,521 [main] INFO  db.DBStoreBuilder (DBStoreBuilder.java:addTable(110)) - using custom profile for table: default
2019-09-28 05:40:48,521 [main] INFO  db.DBStoreBuilder (DBStoreBuilder.java:processTables(167)) - Using default column profile:DBProfile.DISK for Table:default
2019-09-28 05:40:48,521 [main] INFO  db.DBStoreBuilder (DBStoreBuilder.java:getDbProfile(198)) - Using default options. DBProfile.DISK
2019-09-28 05:40:48,856 [main] INFO  net.NodeSchemaLoader (NodeSchemaLoader.java:loadSchemaFromFile(125)) - Loading file from sun.misc.CompoundEnumeration@74d6736
2019-09-28 05:40:48,856 [main] INFO  net.NodeSchemaLoader (NodeSchemaLoader.java:loadSchema(171)) - Loading network topology layer schema file
2019-09-28 05:40:48,861 [main] WARN  server.ServerUtils (ServerUtils.java:sanitizeUserArgs(70)) - ozone.scm.stale.node.interval value = 300000 is larger than max = 100000 based on the key value of ozone.scm.heartbeat.thread.interval, reset to the max value 100000.
2019-09-28 05:40:48,861 [main] WARN  server.ServerUtils (ServerUtils.java:sanitizeUserArgs(70)) - ozone.scm.stale.node.interval value = 300000 is larger than max = 100000 based on the key value of ozone.scm.heartbeat.thread.interval, reset to the max value 100000.
2019-09-28 05:40:48,862 [main] INFO  node.SCMNodeManager (SCMNodeManager.java:<init>(114)) - Entering startup safe mode.
2019-09-28 05:40:48,863 [main] INFO  algorithms.ContainerPlacementPolicyFactory (ContainerPlacementPolicyFactory.java:getPolicy(57)) - Create container placement policy of type org.apache.hadoop.hdds.scm.container.placement.algorithms.SCMContainerPlacementRandom
2019-09-28 05:40:48,863 [main] WARN  server.ServerUtils (ServerUtils.java:getScmDbDir(145)) - ozone.scm.db.dirs is not configured. We recommend adding this setting. Falling back to ozone.metadata.dirs instead.
2019-09-28 05:40:48,990 [main] INFO  pipeline.SCMPipelineManager (SCMPipelineManager.java:initializePipelineState(132)) - No pipeline exists in current db
2019-09-28 05:40:48,991 [main] WARN  server.ServerUtils (ServerUtils.java:getScmDbDir(145)) - ozone.scm.db.dirs is not configured. We recommend adding this setting. Falling back to ozone.metadata.dirs instead.
2019-09-28 05:40:49,120 [main] WARN  events.EventQueue (EventQueue.java:fireEvent(183)) - No event handler registered for event TypedEvent{payloadType=SafeModeStatus, name='SafeModeStatus'}
2019-09-28 05:40:49,121 [main] INFO  ipc.CallQueueManager (CallQueueManager.java:<init>(84)) - Using callQueue: class java.util.concurrent.LinkedBlockingQueue, queueCapacity: 2000, scheduler: class org.apache.hadoop.ipc.DefaultRpcScheduler, ipcBackoff: false.
2019-09-28 05:40:49,122 [Socket Reader #1 for port 45422] INFO  ipc.Server (Server.java:run(1074)) - Starting Socket Reader #1 for port 45422
2019-09-28 05:40:49,124 [main] INFO  ipc.CallQueueManager (CallQueueManager.java:<init>(84)) - Using callQueue: class java.util.concurrent.LinkedBlockingQueue, queueCapacity: 2000, scheduler: class org.apache.hadoop.ipc.DefaultRpcScheduler, ipcBackoff: false.
2019-09-28 05:40:49,125 [Socket Reader #1 for port 45627] INFO  ipc.Server (Server.java:run(1074)) - Starting Socket Reader #1 for port 45627
2019-09-28 05:40:49,128 [main] INFO  ipc.CallQueueManager (CallQueueManager.java:<init>(84)) - Using callQueue: class java.util.concurrent.LinkedBlockingQueue, queueCapacity: 2000, scheduler: class org.apache.hadoop.ipc.DefaultRpcScheduler, ipcBackoff: false.
2019-09-28 05:40:49,128 [Socket Reader #1 for port 37108] INFO  ipc.Server (Server.java:run(1074)) - Starting Socket Reader #1 for port 37108
2019-09-28 05:40:49,130 [main] INFO  hdfs.DFSUtil (DFSUtil.java:httpServerTemplateForNNAndJN(1641)) - Starting Web-server for scm at: http://0.0.0.0:0
2019-09-28 05:40:49,132 [main] INFO  server.AuthenticationFilter (AuthenticationFilter.java:constructSecretProvider(240)) - Unable to initialize FileSignerSecretProvider, falling back to use random secrets.
2019-09-28 05:40:49,133 [main] WARN  http.HttpRequestLog (HttpRequestLog.java:getRequestLog(97)) - Jetty request log can only be enabled using Log4j
2019-09-28 05:40:49,135 [main] INFO  http.HttpServer2 (HttpServer2.java:addGlobalFilter(975)) - Added global filter 'safety' (class=org.apache.hadoop.http.HttpServer2$QuotingInputFilter)
2019-09-28 05:40:49,136 [main] INFO  http.HttpServer2 (HttpServer2.java:addFilter(948)) - Added filter static_user_filter (class=org.apache.hadoop.http.lib.StaticUserWebFilter$StaticUserFilter) to context scm
2019-09-28 05:40:49,136 [main] INFO  http.HttpServer2 (HttpServer2.java:addFilter(958)) - Added filter static_user_filter (class=org.apache.hadoop.http.lib.StaticUserWebFilter$StaticUserFilter) to context logs
2019-09-28 05:40:49,136 [main] INFO  http.HttpServer2 (HttpServer2.java:addFilter(958)) - Added filter static_user_filter (class=org.apache.hadoop.http.lib.StaticUserWebFilter$StaticUserFilter) to context static
2019-09-28 05:40:49,139 [main] INFO  server.StorageContainerManager (StorageContainerManager.java:start(770)) - StorageContainerLocationProtocol RPC server is listening at /0.0.0.0:37108
2019-09-28 05:40:49,141 [main] WARN  impl.MetricsConfig (MetricsConfig.java:loadFirst(134)) - Cannot locate configuration: tried hadoop-metrics2-storagecontainermanager.properties,hadoop-metrics2.properties
2019-09-28 05:40:49,142 [main] INFO  impl.MetricsSystemImpl (MetricsSystemImpl.java:startTimer(374)) - Scheduled Metric snapshot period at 10 second(s).
2019-09-28 05:40:49,142 [main] INFO  impl.MetricsSystemImpl (MetricsSystemImpl.java:start(191)) - StorageContainerManager metrics system started
2019-09-28 05:40:49,188 [main] WARN  impl.MetricsSystemImpl (MetricsSystemImpl.java:register(276)) - Sink prometheus already exists!
2019-09-28 05:40:49,192 [main] INFO  server.SCMClientProtocolServer (SCMClientProtocolServer.java:start(150)) - RPC server for Client  is listening at /0.0.0.0:37108
2019-09-28 05:40:49,192 [IPC Server Responder] INFO  ipc.Server (Server.java:run(1314)) - IPC Server Responder: starting
2019-09-28 05:40:49,194 [IPC Server listener on 37108] INFO  ipc.Server (Server.java:run(1153)) - IPC Server listener on 37108: starting
2019-09-28 05:40:49,198 [main] INFO  server.StorageContainerManager (StorageContainerManager.java:start(780)) - ScmBlockLocationProtocol RPC server is listening at /0.0.0.0:45627
2019-09-28 05:40:49,198 [main] INFO  server.SCMBlockProtocolServer (SCMBlockProtocolServer.java:start(146)) - RPC server for Block Protocol is listening at /0.0.0.0:45627
2019-09-28 05:40:49,199 [IPC Server Responder] INFO  ipc.Server (Server.java:run(1314)) - IPC Server Responder: starting
2019-09-28 05:40:49,199 [IPC Server listener on 45627] INFO  ipc.Server (Server.java:run(1153)) - IPC Server listener on 45627: starting
2019-09-28 05:40:49,202 [main] INFO  server.StorageContainerManager (StorageContainerManager.java:start(784)) - ScmDatanodeProtocl RPC server is listening at /0.0.0.0:45422
2019-09-28 05:40:49,202 [main] INFO  server.SCMDatanodeProtocolServer (SCMDatanodeProtocolServer.java:start(191)) - RPC server for DataNodes is listening at /0.0.0.0:45422
2019-09-28 05:40:49,203 [IPC Server Responder] INFO  ipc.Server (Server.java:run(1314)) - IPC Server Responder: starting
2019-09-28 05:40:49,203 [IPC Server listener on 45422] INFO  ipc.Server (Server.java:run(1153)) - IPC Server listener on 45422: starting
2019-09-28 05:40:49,205 [main] INFO  http.HttpServer2 (HttpServer2.java:bindListener(1191)) - Jetty bound to port 34687
2019-09-28 05:40:49,206 [main] INFO  server.Server (Server.java:doStart(351)) - jetty-9.3.25.v20180904, build timestamp: 2018-09-04T21:11:46Z, git hash: 3ce520221d0240229c862b122d2b06c12a625732
2019-09-28 05:40:49,214 [main] INFO  handler.ContextHandler (ContextHandler.java:doStart(781)) - Started o.e.j.s.ServletContextHandler@6d099323{/logs,file:///workdir/hadoop-ozone/integration-test/target/log,AVAILABLE}
2019-09-28 05:40:49,215 [main] INFO  handler.ContextHandler (ContextHandler.java:doStart(781)) - Started o.e.j.s.ServletContextHandler@10947c4e{/static,file:///workdir/hadoop-ozone/integration-test/target/test-classes/webapps/static,AVAILABLE}
2019-09-28 05:40:49,223 [main] INFO  handler.ContextHandler (ContextHandler.java:doStart(781)) - Started o.e.j.w.WebAppContext@3f598450{/,file:///workdir/hadoop-ozone/integration-test/target/test-classes/webapps/scm/,AVAILABLE}{/scm}
2019-09-28 05:40:49,224 [main] INFO  server.AbstractConnector (AbstractConnector.java:doStart(278)) - Started ServerConnector@2db2a05f{HTTP/1.1,[http/1.1]}{0.0.0.0:34687}
2019-09-28 05:40:49,225 [main] INFO  server.Server (Server.java:doStart(419)) - Started @63973ms
2019-09-28 05:40:49,225 [main] WARN  impl.MetricsSystemImpl (MetricsSystemImpl.java:register(276)) - Sink prometheus already exists!
2019-09-28 05:40:49,226 [main] INFO  server.BaseHttpServer (BaseHttpServer.java:updateConnectorAddress(215)) - HTTP server of SCM is listening at http://0.0.0.0:34687
2019-09-28 05:40:49,226 [main] WARN  server.ServerUtils (ServerUtils.java:getDBPath(222)) - ozone.om.db.dirs is not configured. We recommend adding this setting. Falling back to ozone.metadata.dirs instead.
2019-09-28 05:40:49,227 [org.apache.hadoop.util.JvmPauseMonitor$Monitor@d5bb1c4] INFO  util.JvmPauseMonitor (JvmPauseMonitor.java:run(188)) - Starting JVM pause monitor
2019-09-28 05:40:49,257 [main] WARN  server.ServerUtils (ServerUtils.java:getDBPath(222)) - ozone.om.db.dirs is not configured. We recommend adding this setting. Falling back to ozone.metadata.dirs instead.
2019-09-28 05:40:49,258 [main] WARN  server.ServerUtils (ServerUtils.java:getDBPath(222)) - ozone.om.db.dirs is not configured. We recommend adding this setting. Falling back to ozone.metadata.dirs instead.
2019-09-28 05:40:49,258 [main] INFO  om.OzoneManager (OzoneManager.java:setOMNodeDetails(652)) - OM Service ID is not set. Setting it to the default ID: omServiceIdDefault
2019-09-28 05:40:49,258 [main] INFO  om.OzoneManager (OzoneManager.java:setOMNodeDetails(658)) - OM Node ID is not set. Setting it to the OmStorage's OmID: e9c4579a-7ba9-40b4-acd4-ce5b6e222e57
2019-09-28 05:40:49,259 [main] INFO  om.OzoneManager (OzoneManager.java:loadOMHAConfigs(609)) - Found matching OM address with OMServiceId: null, OMNodeId: null, RPC Address: localhost:0 and Ratis port: 9872
2019-09-28 05:40:49,267 [main] WARN  server.ServerUtils (ServerUtils.java:getDBPath(222)) - ozone.om.db.dirs is not configured. We recommend adding this setting. Falling back to ozone.metadata.dirs instead.
2019-09-28 05:40:49,268 [main] INFO  db.DBStoreBuilder (DBStoreBuilder.java:addTable(110)) - using custom profile for table: userTable
2019-09-28 05:40:49,268 [main] INFO  db.DBStoreBuilder (DBStoreBuilder.java:processTables(161)) - Using default column profile:DBProfile.DISK for Table:userTable
2019-09-28 05:40:49,268 [main] INFO  db.DBStoreBuilder (DBStoreBuilder.java:addTable(110)) - using custom profile for table: volumeTable
2019-09-28 05:40:49,268 [main] INFO  db.DBStoreBuilder (DBStoreBuilder.java:processTables(161)) - Using default column profile:DBProfile.DISK for Table:volumeTable
2019-09-28 05:40:49,268 [main] INFO  db.DBStoreBuilder (DBStoreBuilder.java:addTable(110)) - using custom profile for table: bucketTable
2019-09-28 05:40:49,269 [main] INFO  db.DBStoreBuilder (DBStoreBuilder.java:processTables(161)) - Using default column profile:DBProfile.DISK for Table:bucketTable
2019-09-28 05:40:49,269 [main] INFO  db.DBStoreBuilder (DBStoreBuilder.java:addTable(110)) - using custom profile for table: keyTable
2019-09-28 05:40:49,269 [main] INFO  db.DBStoreBuilder (DBStoreBuilder.java:processTables(161)) - Using default column profile:DBProfile.DISK for Table:keyTable
2019-09-28 05:40:49,269 [main] INFO  db.DBStoreBuilder (DBStoreBuilder.java:addTable(110)) - using custom profile for table: deletedTable
2019-09-28 05:40:49,270 [main] INFO  db.DBStoreBuilder (DBStoreBuilder.java:processTables(161)) - Using default column profile:DBProfile.DISK for Table:deletedTable
2019-09-28 05:40:49,270 [main] INFO  db.DBStoreBuilder (DBStoreBuilder.java:addTable(110)) - using custom profile for table: openKeyTable
2019-09-28 05:40:49,270 [main] INFO  db.DBStoreBuilder (DBStoreBuilder.java:processTables(161)) - Using default column profile:DBProfile.DISK for Table:openKeyTable
2019-09-28 05:40:49,270 [main] INFO  db.DBStoreBuilder (DBStoreBuilder.java:addTable(110)) - using custom profile for table: s3Table
2019-09-28 05:40:49,270 [main] INFO  db.DBStoreBuilder (DBStoreBuilder.java:processTables(161)) - Using default column profile:DBProfile.DISK for Table:s3Table
2019-09-28 05:40:49,271 [main] INFO  db.DBStoreBuilder (DBStoreBuilder.java:addTable(110)) - using custom profile for table: multipartInfoTable
2019-09-28 05:40:49,271 [main] INFO  db.DBStoreBuilder (DBStoreBuilder.java:processTables(161)) - Using default column profile:DBProfile.DISK for Table:multipartInfoTable
2019-09-28 05:40:49,271 [main] INFO  db.DBStoreBuilder (DBStoreBuilder.java:addTable(110)) - using custom profile for table: dTokenTable
2019-09-28 05:40:49,271 [main] INFO  db.DBStoreBuilder (DBStoreBuilder.java:processTables(161)) - Using default column profile:DBProfile.DISK for Table:dTokenTable
2019-09-28 05:40:49,272 [main] INFO  db.DBStoreBuilder (DBStoreBuilder.java:addTable(110)) - using custom profile for table: s3SecretTable
2019-09-28 05:40:49,272 [main] INFO  db.DBStoreBuilder (DBStoreBuilder.java:processTables(161)) - Using default column profile:DBProfile.DISK for Table:s3SecretTable
2019-09-28 05:40:49,272 [main] INFO  db.DBStoreBuilder (DBStoreBuilder.java:addTable(110)) - using custom profile for table: prefixTable
2019-09-28 05:40:49,272 [main] INFO  db.DBStoreBuilder (DBStoreBuilder.java:processTables(161)) - Using default column profile:DBProfile.DISK for Table:prefixTable
2019-09-28 05:40:49,272 [main] INFO  db.DBStoreBuilder (DBStoreBuilder.java:addTable(110)) - using custom profile for table: default
2019-09-28 05:40:49,272 [main] INFO  db.DBStoreBuilder (DBStoreBuilder.java:processTables(167)) - Using default column profile:DBProfile.DISK for Table:default
2019-09-28 05:40:49,273 [main] INFO  db.DBStoreBuilder (DBStoreBuilder.java:getDbProfile(198)) - Using default options. DBProfile.DISK
2019-09-28 05:40:50,118 [main] INFO  ipc.CallQueueManager (CallQueueManager.java:<init>(84)) - Using callQueue: class java.util.concurrent.LinkedBlockingQueue, queueCapacity: 2000, scheduler: class org.apache.hadoop.ipc.DefaultRpcScheduler, ipcBackoff: false.
2019-09-28 05:40:50,119 [Socket Reader #1 for port 39779] INFO  ipc.Server (Server.java:run(1074)) - Starting Socket Reader #1 for port 39779
2019-09-28 05:40:50,133 [main] INFO  om.OzoneManager (OzoneManager.java:start(1243)) - OzoneManager RPC server is listening at localhost/127.0.0.1:39779
2019-09-28 05:40:50,133 [main] INFO  impl.MetricsSystemImpl (MetricsSystemImpl.java:init(158)) - OzoneManager metrics system started (again)
2019-09-28 05:40:50,134 [IPC Server Responder] INFO  ipc.Server (Server.java:run(1314)) - IPC Server Responder: starting
2019-09-28 05:40:50,134 [IPC Server listener on 39779] INFO  ipc.Server (Server.java:run(1153)) - IPC Server listener on 39779: starting
2019-09-28 05:40:50,148 [main] INFO  hdfs.DFSUtil (DFSUtil.java:httpServerTemplateForNNAndJN(1641)) - Starting Web-server for ozoneManager at: http://0.0.0.0:0
2019-09-28 05:40:50,150 [main] INFO  server.AuthenticationFilter (AuthenticationFilter.java:constructSecretProvider(240)) - Unable to initialize FileSignerSecretProvider, falling back to use random secrets.
2019-09-28 05:40:50,151 [main] WARN  http.HttpRequestLog (HttpRequestLog.java:getRequestLog(97)) - Jetty request log can only be enabled using Log4j
2019-09-28 05:40:50,153 [main] INFO  http.HttpServer2 (HttpServer2.java:addGlobalFilter(975)) - Added global filter 'safety' (class=org.apache.hadoop.http.HttpServer2$QuotingInputFilter)
2019-09-28 05:40:50,154 [main] INFO  http.HttpServer2 (HttpServer2.java:addFilter(948)) - Added filter static_user_filter (class=org.apache.hadoop.http.lib.StaticUserWebFilter$StaticUserFilter) to context ozoneManager
2019-09-28 05:40:50,154 [main] INFO  http.HttpServer2 (HttpServer2.java:addFilter(958)) - Added filter static_user_filter (class=org.apache.hadoop.http.lib.StaticUserWebFilter$StaticUserFilter) to context logs
2019-09-28 05:40:50,154 [main] INFO  http.HttpServer2 (HttpServer2.java:addFilter(958)) - Added filter static_user_filter (class=org.apache.hadoop.http.lib.StaticUserWebFilter$StaticUserFilter) to context static
2019-09-28 05:40:50,155 [main] INFO  http.HttpServer2 (HttpServer2.java:bindListener(1191)) - Jetty bound to port 46441
2019-09-28 05:40:50,155 [main] INFO  server.Server (Server.java:doStart(351)) - jetty-9.3.25.v20180904, build timestamp: 2018-09-04T21:11:46Z, git hash: 3ce520221d0240229c862b122d2b06c12a625732
2019-09-28 05:40:50,157 [main] INFO  handler.ContextHandler (ContextHandler.java:doStart(781)) - Started o.e.j.s.ServletContextHandler@2e32fc22{/logs,file:///workdir/hadoop-ozone/integration-test/target/log,AVAILABLE}
2019-09-28 05:40:50,157 [main] INFO  handler.ContextHandler (ContextHandler.java:doStart(781)) - Started o.e.j.s.ServletContextHandler@72bdd7c7{/static,file:///workdir/hadoop-ozone/integration-test/target/test-classes/webapps/static,AVAILABLE}
2019-09-28 05:40:50,161 [main] INFO  handler.ContextHandler (ContextHandler.java:doStart(781)) - Started o.e.j.w.WebAppContext@68699afc{/,file:///workdir/hadoop-ozone/integration-test/target/test-classes/webapps/ozoneManager/,AVAILABLE}{/ozoneManager}
2019-09-28 05:40:50,162 [main] INFO  server.AbstractConnector (AbstractConnector.java:doStart(278)) - Started ServerConnector@273a5a8a{HTTP/1.1,[http/1.1]}{0.0.0.0:46441}
2019-09-28 05:40:50,162 [main] INFO  server.Server (Server.java:doStart(419)) - Started @64910ms
2019-09-28 05:40:50,162 [main] WARN  impl.MetricsSystemImpl (MetricsSystemImpl.java:register(276)) - Sink prometheus already exists!
2019-09-28 05:40:50,163 [main] INFO  server.BaseHttpServer (BaseHttpServer.java:updateConnectorAddress(215)) - HTTP server of OZONEMANAGER is listening at http://0.0.0.0:46441
2019-09-28 05:40:50,189 [main] INFO  impl.MetricsSystemImpl (MetricsSystemImpl.java:init(158)) - HddsDatanode metrics system started (again)
2019-09-28 05:40:50,191 [main] INFO  ozone.HddsDatanodeService (HddsDatanodeService.java:start(184)) - HddsDatanodeService host:trunk-nightly-20190928-ftbhz-3025098182 ip:192.168.30.51
2019-09-28 05:40:50,197 [main] INFO  volume.HddsVolume (HddsVolume.java:<init>(176)) - Creating Volume: /workdir/hadoop-ozone/integration-test/target/test-dir/MiniOzoneClusterImpl-cf793505-16a9-45eb-82c7-0f4c7e523749/datanode-0/data/containers/hdds of  storage type : DISK and capacity : 1482555576320
2019-09-28 05:40:50,197 [main] INFO  volume.VolumeSet (VolumeSet.java:initializeVolumeSet(170)) - Added Volume : /workdir/hadoop-ozone/integration-test/target/test-dir/MiniOzoneClusterImpl-cf793505-16a9-45eb-82c7-0f4c7e523749/datanode-0/data/containers/hdds to VolumeSet
2019-09-28 05:40:50,197 [main] INFO  volume.ThrottledAsyncChecker (ThrottledAsyncChecker.java:schedule(139)) - Scheduling a check for org.apache.hadoop.ozone.container.common.volume.HddsVolume@6a9344f5
2019-09-28 05:40:50,198 [main] INFO  volume.HddsVolumeChecker (HddsVolumeChecker.java:checkAllVolumes(202)) - Scheduled health check for volume org.apache.hadoop.ozone.container.common.volume.HddsVolume@6a9344f5
2019-09-28 05:40:50,218 [main] INFO  impl.RaftServerProxy (ConfUtils.java:logGet(43)) - raft.rpc.type = GRPC (default)
2019-09-28 05:40:50,219 [main] INFO  grpc.GrpcFactory (GrpcFactory.java:checkPooledByteBufAllocatorUseCacheForAllThreads(45)) - PERFORMANCE WARNING: useCacheForAllThreads is true that may cause Netty to create a lot garbage objects and, as a result, trigger GC.
	It is recommended to disable useCacheForAllThreads by setting -Dorg.apache.ratis.thirdparty.io.netty.allocator.useCacheForAllThreads=false in command line.
2019-09-28 05:40:50,219 [main] INFO  grpc.GrpcConfigKeys$Server (ConfUtils.java:logGet(43)) - raft.grpc.server.port = 0 (default)
2019-09-28 05:40:50,219 [main] INFO  server.GrpcService (ConfUtils.java:logGet(43)) - raft.grpc.message.size.max = 33570816 (custom)
2019-09-28 05:40:50,220 [main] INFO  server.RaftServerConfigKeys (ConfUtils.java:logGet(43)) - raft.server.log.appender.buffer.byte-limit = 33554432 (custom)
2019-09-28 05:40:50,220 [main] INFO  server.GrpcService (ConfUtils.java:logGet(43)) - raft.grpc.flow.control.window = 1MB (=1048576) (default)
2019-09-28 05:40:50,220 [main] INFO  server.RaftServerConfigKeys (ConfUtils.java:logGet(43)) - raft.server.rpc.request.timeout = 3000ms (default)
2019-09-28 05:40:50,221 [main] INFO  server.RaftServerConfigKeys (ConfUtils.java:logGet(43)) - raft.server.storage.dir = [/workdir/hadoop-ozone/integration-test/target/test-dir/MiniOzoneClusterImpl-cf793505-16a9-45eb-82c7-0f4c7e523749/datanode-0/data/ratis] (custom)
2019-09-28 05:40:50,223 [main] INFO  hdfs.DFSUtil (DFSUtil.java:httpServerTemplateForNNAndJN(1641)) - Starting Web-server for hddsDatanode at: http://0.0.0.0:0
2019-09-28 05:40:50,224 [main] INFO  server.AuthenticationFilter (AuthenticationFilter.java:constructSecretProvider(240)) - Unable to initialize FileSignerSecretProvider, falling back to use random secrets.
2019-09-28 05:40:50,224 [main] WARN  http.HttpRequestLog (HttpRequestLog.java:getRequestLog(97)) - Jetty request log can only be enabled using Log4j
2019-09-28 05:40:50,226 [main] INFO  http.HttpServer2 (HttpServer2.java:addGlobalFilter(975)) - Added global filter 'safety' (class=org.apache.hadoop.http.HttpServer2$QuotingInputFilter)
2019-09-28 05:40:50,226 [main] INFO  http.HttpServer2 (HttpServer2.java:addFilter(948)) - Added filter static_user_filter (class=org.apache.hadoop.http.lib.StaticUserWebFilter$StaticUserFilter) to context hddsDatanode
2019-09-28 05:40:50,226 [main] INFO  http.HttpServer2 (HttpServer2.java:addFilter(958)) - Added filter static_user_filter (class=org.apache.hadoop.http.lib.StaticUserWebFilter$StaticUserFilter) to context logs
2019-09-28 05:40:50,227 [main] INFO  http.HttpServer2 (HttpServer2.java:addFilter(958)) - Added filter static_user_filter (class=org.apache.hadoop.http.lib.StaticUserWebFilter$StaticUserFilter) to context static
2019-09-28 05:40:50,228 [main] INFO  http.HttpServer2 (HttpServer2.java:bindListener(1191)) - Jetty bound to port 40194
2019-09-28 05:40:50,228 [main] INFO  server.Server (Server.java:doStart(351)) - jetty-9.3.25.v20180904, build timestamp: 2018-09-04T21:11:46Z, git hash: 3ce520221d0240229c862b122d2b06c12a625732
2019-09-28 05:40:50,230 [main] INFO  handler.ContextHandler (ContextHandler.java:doStart(781)) - Started o.e.j.s.ServletContextHandler@3238e2aa{/logs,file:///workdir/hadoop-ozone/integration-test/target/log,AVAILABLE}
2019-09-28 05:40:50,230 [main] INFO  handler.ContextHandler (ContextHandler.java:doStart(781)) - Started o.e.j.s.ServletContextHandler@2577a95d{/static,jar:file:/home/user/.m2/repository/org/apache/hadoop/hadoop-hdds-container-service/0.5.0-SNAPSHOT/hadoop-hdds-container-service-0.5.0-SNAPSHOT.jar!/webapps/static,AVAILABLE}
2019-09-28 05:40:50,268 [main] INFO  handler.ContextHandler (ContextHandler.java:doStart(781)) - Started o.e.j.w.WebAppContext@49469ffa{/,file:///tmp/jetty-0.0.0.0-40194-hddsDatanode-_-any-632632943327353483.dir/webapp/,AVAILABLE}{/hddsDatanode}
2019-09-28 05:40:50,268 [main] INFO  server.AbstractConnector (AbstractConnector.java:doStart(278)) - Started ServerConnector@4d9754a8{HTTP/1.1,[http/1.1]}{0.0.0.0:40194}
2019-09-28 05:40:50,268 [main] INFO  server.Server (Server.java:doStart(419)) - Started @65017ms
2019-09-28 05:40:50,269 [main] WARN  impl.MetricsSystemImpl (MetricsSystemImpl.java:register(276)) - Sink prometheus already exists!
2019-09-28 05:40:50,271 [main] INFO  server.BaseHttpServer (BaseHttpServer.java:updateConnectorAddress(215)) - HTTP server of HDDSDATANODE is listening at http://0.0.0.0:40194
2019-09-28 05:40:50,271 [main] INFO  impl.MetricsSystemImpl (MetricsSystemImpl.java:init(158)) - HddsDatanode metrics system started (again)
2019-09-28 05:40:50,275 [org.apache.hadoop.util.JvmPauseMonitor$Monitor@490741ae] INFO  util.JvmPauseMonitor (JvmPauseMonitor.java:run(188)) - Starting JVM pause monitor
2019-09-28 05:40:50,277 [Datanode State Machine Thread - 0] INFO  datanode.InitDatanodeState (InitDatanodeState.java:persistContainerDatanodeDetails(140)) - DatanodeDetails is persisted to /workdir/hadoop-ozone/integration-test/target/test-dir/MiniOzoneClusterImpl-cf793505-16a9-45eb-82c7-0f4c7e523749/datanode-0/meta/datanode.id
2019-09-28 05:40:50,278 [main] INFO  ozone.HddsDatanodeService (HddsDatanodeService.java:start(184)) - HddsDatanodeService host:trunk-nightly-20190928-ftbhz-3025098182 ip:192.168.30.51
2019-09-28 05:40:50,284 [main] INFO  volume.HddsVolume (HddsVolume.java:<init>(176)) - Creating Volume: /workdir/hadoop-ozone/integration-test/target/test-dir/MiniOzoneClusterImpl-cf793505-16a9-45eb-82c7-0f4c7e523749/datanode-1/data/containers/hdds of  storage type : DISK and capacity : 1482555576320
2019-09-28 05:40:50,285 [main] INFO  volume.VolumeSet (VolumeSet.java:initializeVolumeSet(170)) - Added Volume : /workdir/hadoop-ozone/integration-test/target/test-dir/MiniOzoneClusterImpl-cf793505-16a9-45eb-82c7-0f4c7e523749/datanode-1/data/containers/hdds to VolumeSet
2019-09-28 05:40:50,285 [main] INFO  volume.ThrottledAsyncChecker (ThrottledAsyncChecker.java:schedule(139)) - Scheduling a check for org.apache.hadoop.ozone.container.common.volume.HddsVolume@7ec95456
2019-09-28 05:40:50,286 [main] INFO  volume.HddsVolumeChecker (HddsVolumeChecker.java:checkAllVolumes(202)) - Scheduled health check for volume org.apache.hadoop.ozone.container.common.volume.HddsVolume@7ec95456
2019-09-28 05:40:50,307 [main] INFO  impl.RaftServerProxy (ConfUtils.java:logGet(43)) - raft.rpc.type = GRPC (default)
2019-09-28 05:40:50,307 [main] INFO  grpc.GrpcFactory (GrpcFactory.java:checkPooledByteBufAllocatorUseCacheForAllThreads(45)) - PERFORMANCE WARNING: useCacheForAllThreads is true that may cause Netty to create a lot garbage objects and, as a result, trigger GC.
	It is recommended to disable useCacheForAllThreads by setting -Dorg.apache.ratis.thirdparty.io.netty.allocator.useCacheForAllThreads=false in command line.
2019-09-28 05:40:50,307 [main] INFO  grpc.GrpcConfigKeys$Server (ConfUtils.java:logGet(43)) - raft.grpc.server.port = 0 (default)
2019-09-28 05:40:50,308 [main] INFO  server.GrpcService (ConfUtils.java:logGet(43)) - raft.grpc.message.size.max = 33570816 (custom)
2019-09-28 05:40:50,308 [main] INFO  server.RaftServerConfigKeys (ConfUtils.java:logGet(43)) - raft.server.log.appender.buffer.byte-limit = 33554432 (custom)
2019-09-28 05:40:50,308 [main] INFO  server.GrpcService (ConfUtils.java:logGet(43)) - raft.grpc.flow.control.window = 1MB (=1048576) (default)
2019-09-28 05:40:50,308 [main] INFO  server.RaftServerConfigKeys (ConfUtils.java:logGet(43)) - raft.server.rpc.request.timeout = 3000ms (default)
2019-09-28 05:40:50,309 [main] INFO  server.RaftServerConfigKeys (ConfUtils.java:logGet(43)) - raft.server.storage.dir = [/workdir/hadoop-ozone/integration-test/target/test-dir/MiniOzoneClusterImpl-cf793505-16a9-45eb-82c7-0f4c7e523749/datanode-1/data/ratis] (custom)
2019-09-28 05:40:50,310 [main] INFO  hdfs.DFSUtil (DFSUtil.java:httpServerTemplateForNNAndJN(1641)) - Starting Web-server for hddsDatanode at: http://0.0.0.0:0
2019-09-28 05:40:50,312 [main] INFO  server.AuthenticationFilter (AuthenticationFilter.java:constructSecretProvider(240)) - Unable to initialize FileSignerSecretProvider, falling back to use random secrets.
2019-09-28 05:40:50,312 [main] WARN  http.HttpRequestLog (HttpRequestLog.java:getRequestLog(97)) - Jetty request log can only be enabled using Log4j
2019-09-28 05:40:50,314 [main] INFO  http.HttpServer2 (HttpServer2.java:addGlobalFilter(975)) - Added global filter 'safety' (class=org.apache.hadoop.http.HttpServer2$QuotingInputFilter)
2019-09-28 05:40:50,314 [main] INFO  http.HttpServer2 (HttpServer2.java:addFilter(948)) - Added filter static_user_filter (class=org.apache.hadoop.http.lib.StaticUserWebFilter$StaticUserFilter) to context hddsDatanode
2019-09-28 05:40:50,314 [main] INFO  http.HttpServer2 (HttpServer2.java:addFilter(958)) - Added filter static_user_filter (class=org.apache.hadoop.http.lib.StaticUserWebFilter$StaticUserFilter) to context logs
2019-09-28 05:40:50,314 [main] INFO  http.HttpServer2 (HttpServer2.java:addFilter(958)) - Added filter static_user_filter (class=org.apache.hadoop.http.lib.StaticUserWebFilter$StaticUserFilter) to context static
2019-09-28 05:40:50,315 [main] INFO  http.HttpServer2 (HttpServer2.java:bindListener(1191)) - Jetty bound to port 33581
2019-09-28 05:40:50,315 [main] INFO  server.Server (Server.java:doStart(351)) - jetty-9.3.25.v20180904, build timestamp: 2018-09-04T21:11:46Z, git hash: 3ce520221d0240229c862b122d2b06c12a625732
2019-09-28 05:40:50,317 [main] INFO  handler.ContextHandler (ContextHandler.java:doStart(781)) - Started o.e.j.s.ServletContextHandler@30c3ae63{/logs,file:///workdir/hadoop-ozone/integration-test/target/log,AVAILABLE}
2019-09-28 05:40:50,318 [main] INFO  handler.ContextHandler (ContextHandler.java:doStart(781)) - Started o.e.j.s.ServletContextHandler@54e12f4c{/static,jar:file:/home/user/.m2/repository/org/apache/hadoop/hadoop-hdds-container-service/0.5.0-SNAPSHOT/hadoop-hdds-container-service-0.5.0-SNAPSHOT.jar!/webapps/static,AVAILABLE}
2019-09-28 05:40:50,349 [main] INFO  handler.ContextHandler (ContextHandler.java:doStart(781)) - Started o.e.j.w.WebAppContext@1f939a0f{/,file:///tmp/jetty-0.0.0.0-33581-hddsDatanode-_-any-8317489587344265509.dir/webapp/,AVAILABLE}{/hddsDatanode}
2019-09-28 05:40:50,350 [main] INFO  server.AbstractConnector (AbstractConnector.java:doStart(278)) - Started ServerConnector@45658133{HTTP/1.1,[http/1.1]}{0.0.0.0:33581}
2019-09-28 05:40:50,350 [main] INFO  server.Server (Server.java:doStart(419)) - Started @65099ms
2019-09-28 05:40:50,353 [main] WARN  impl.MetricsSystemImpl (MetricsSystemImpl.java:register(276)) - Sink prometheus already exists!
2019-09-28 05:40:50,353 [main] INFO  server.BaseHttpServer (BaseHttpServer.java:updateConnectorAddress(215)) - HTTP server of HDDSDATANODE is listening at http://0.0.0.0:33581
2019-09-28 05:40:50,354 [main] INFO  impl.MetricsSystemImpl (MetricsSystemImpl.java:init(158)) - HddsDatanode metrics system started (again)
2019-09-28 05:40:50,356 [org.apache.hadoop.util.JvmPauseMonitor$Monitor@37ffa618] INFO  util.JvmPauseMonitor (JvmPauseMonitor.java:run(188)) - Starting JVM pause monitor
2019-09-28 05:40:50,358 [main] INFO  ozone.HddsDatanodeService (HddsDatanodeService.java:start(184)) - HddsDatanodeService host:trunk-nightly-20190928-ftbhz-3025098182 ip:192.168.30.51
2019-09-28 05:40:50,358 [Datanode State Machine Thread - 0] INFO  datanode.InitDatanodeState (InitDatanodeState.java:persistContainerDatanodeDetails(140)) - DatanodeDetails is persisted to /workdir/hadoop-ozone/integration-test/target/test-dir/MiniOzoneClusterImpl-cf793505-16a9-45eb-82c7-0f4c7e523749/datanode-1/meta/datanode.id
2019-09-28 05:40:50,364 [main] INFO  volume.HddsVolume (HddsVolume.java:<init>(176)) - Creating Volume: /workdir/hadoop-ozone/integration-test/target/test-dir/MiniOzoneClusterImpl-cf793505-16a9-45eb-82c7-0f4c7e523749/datanode-2/data/containers/hdds of  storage type : DISK and capacity : 1482555576320
2019-09-28 05:40:50,364 [main] INFO  volume.VolumeSet (VolumeSet.java:initializeVolumeSet(170)) - Added Volume : /workdir/hadoop-ozone/integration-test/target/test-dir/MiniOzoneClusterImpl-cf793505-16a9-45eb-82c7-0f4c7e523749/datanode-2/data/containers/hdds to VolumeSet
2019-09-28 05:40:50,364 [main] INFO  volume.ThrottledAsyncChecker (ThrottledAsyncChecker.java:schedule(139)) - Scheduling a check for org.apache.hadoop.ozone.container.common.volume.HddsVolume@70025b99
2019-09-28 05:40:50,365 [main] INFO  volume.HddsVolumeChecker (HddsVolumeChecker.java:checkAllVolumes(202)) - Scheduled health check for volume org.apache.hadoop.ozone.container.common.volume.HddsVolume@70025b99
2019-09-28 05:40:50,380 [main] INFO  impl.RaftServerProxy (ConfUtils.java:logGet(43)) - raft.rpc.type = GRPC (default)
2019-09-28 05:40:50,380 [main] INFO  grpc.GrpcFactory (GrpcFactory.java:checkPooledByteBufAllocatorUseCacheForAllThreads(45)) - PERFORMANCE WARNING: useCacheForAllThreads is true that may cause Netty to create a lot garbage objects and, as a result, trigger GC.
	It is recommended to disable useCacheForAllThreads by setting -Dorg.apache.ratis.thirdparty.io.netty.allocator.useCacheForAllThreads=false in command line.
2019-09-28 05:40:50,380 [main] INFO  grpc.GrpcConfigKeys$Server (ConfUtils.java:logGet(43)) - raft.grpc.server.port = 0 (default)
2019-09-28 05:40:50,380 [main] INFO  server.GrpcService (ConfUtils.java:logGet(43)) - raft.grpc.message.size.max = 33570816 (custom)
2019-09-28 05:40:50,381 [main] INFO  server.RaftServerConfigKeys (ConfUtils.java:logGet(43)) - raft.server.log.appender.buffer.byte-limit = 33554432 (custom)
2019-09-28 05:40:50,381 [main] INFO  server.GrpcService (ConfUtils.java:logGet(43)) - raft.grpc.flow.control.window = 1MB (=1048576) (default)
2019-09-28 05:40:50,381 [main] INFO  server.RaftServerConfigKeys (ConfUtils.java:logGet(43)) - raft.server.rpc.request.timeout = 3000ms (default)
2019-09-28 05:40:50,381 [main] INFO  server.RaftServerConfigKeys (ConfUtils.java:logGet(43)) - raft.server.storage.dir = [/workdir/hadoop-ozone/integration-test/target/test-dir/MiniOzoneClusterImpl-cf793505-16a9-45eb-82c7-0f4c7e523749/datanode-2/data/ratis] (custom)
2019-09-28 05:40:50,382 [main] INFO  hdfs.DFSUtil (DFSUtil.java:httpServerTemplateForNNAndJN(1641)) - Starting Web-server for hddsDatanode at: http://0.0.0.0:0
2019-09-28 05:40:50,384 [main] INFO  server.AuthenticationFilter (AuthenticationFilter.java:constructSecretProvider(240)) - Unable to initialize FileSignerSecretProvider, falling back to use random secrets.
2019-09-28 05:40:50,384 [main] WARN  http.HttpRequestLog (HttpRequestLog.java:getRequestLog(97)) - Jetty request log can only be enabled using Log4j
2019-09-28 05:40:50,385 [main] INFO  http.HttpServer2 (HttpServer2.java:addGlobalFilter(975)) - Added global filter 'safety' (class=org.apache.hadoop.http.HttpServer2$QuotingInputFilter)
2019-09-28 05:40:50,386 [main] INFO  http.HttpServer2 (HttpServer2.java:addFilter(948)) - Added filter static_user_filter (class=org.apache.hadoop.http.lib.StaticUserWebFilter$StaticUserFilter) to context hddsDatanode
2019-09-28 05:40:50,386 [main] INFO  http.HttpServer2 (HttpServer2.java:addFilter(958)) - Added filter static_user_filter (class=org.apache.hadoop.http.lib.StaticUserWebFilter$StaticUserFilter) to context logs
2019-09-28 05:40:50,386 [main] INFO  http.HttpServer2 (HttpServer2.java:addFilter(958)) - Added filter static_user_filter (class=org.apache.hadoop.http.lib.StaticUserWebFilter$StaticUserFilter) to context static
2019-09-28 05:40:50,387 [main] INFO  http.HttpServer2 (HttpServer2.java:bindListener(1191)) - Jetty bound to port 34228
2019-09-28 05:40:50,387 [main] INFO  server.Server (Server.java:doStart(351)) - jetty-9.3.25.v20180904, build timestamp: 2018-09-04T21:11:46Z, git hash: 3ce520221d0240229c862b122d2b06c12a625732
2019-09-28 05:40:50,389 [main] INFO  handler.ContextHandler (ContextHandler.java:doStart(781)) - Started o.e.j.s.ServletContextHandler@502a4156{/logs,file:///workdir/hadoop-ozone/integration-test/target/log,AVAILABLE}
2019-09-28 05:40:50,389 [main] INFO  handler.ContextHandler (ContextHandler.java:doStart(781)) - Started o.e.j.s.ServletContextHandler@64e1377c{/static,jar:file:/home/user/.m2/repository/org/apache/hadoop/hadoop-hdds-container-service/0.5.0-SNAPSHOT/hadoop-hdds-container-service-0.5.0-SNAPSHOT.jar!/webapps/static,AVAILABLE}
2019-09-28 05:40:50,415 [main] INFO  handler.ContextHandler (ContextHandler.java:doStart(781)) - Started o.e.j.w.WebAppContext@64942607{/,file:///tmp/jetty-0.0.0.0-34228-hddsDatanode-_-any-1630000707576400434.dir/webapp/,AVAILABLE}{/hddsDatanode}
2019-09-28 05:40:50,415 [main] INFO  server.AbstractConnector (AbstractConnector.java:doStart(278)) - Started ServerConnector@d48e998{HTTP/1.1,[http/1.1]}{0.0.0.0:34228}
2019-09-28 05:40:50,417 [main] INFO  server.Server (Server.java:doStart(419)) - Started @65166ms
2019-09-28 05:40:50,417 [main] WARN  impl.MetricsSystemImpl (MetricsSystemImpl.java:register(276)) - Sink prometheus already exists!
2019-09-28 05:40:50,418 [main] INFO  server.BaseHttpServer (BaseHttpServer.java:updateConnectorAddress(215)) - HTTP server of HDDSDATANODE is listening at http://0.0.0.0:34228
2019-09-28 05:40:50,418 [main] INFO  impl.MetricsSystemImpl (MetricsSystemImpl.java:init(158)) - HddsDatanode metrics system started (again)
2019-09-28 05:40:50,423 [org.apache.hadoop.util.JvmPauseMonitor$Monitor@7f52bcc1] INFO  util.JvmPauseMonitor (JvmPauseMonitor.java:run(188)) - Starting JVM pause monitor
2019-09-28 05:40:50,423 [main] INFO  ozone.HddsDatanodeService (HddsDatanodeService.java:start(184)) - HddsDatanodeService host:trunk-nightly-20190928-ftbhz-3025098182 ip:192.168.30.51
2019-09-28 05:40:50,425 [Datanode State Machine Thread - 0] INFO  datanode.InitDatanodeState (InitDatanodeState.java:persistContainerDatanodeDetails(140)) - DatanodeDetails is persisted to /workdir/hadoop-ozone/integration-test/target/test-dir/MiniOzoneClusterImpl-cf793505-16a9-45eb-82c7-0f4c7e523749/datanode-2/meta/datanode.id
2019-09-28 05:40:50,431 [main] INFO  volume.HddsVolume (HddsVolume.java:<init>(176)) - Creating Volume: /workdir/hadoop-ozone/integration-test/target/test-dir/MiniOzoneClusterImpl-cf793505-16a9-45eb-82c7-0f4c7e523749/datanode-3/data/containers/hdds of  storage type : DISK and capacity : 1482555576320
2019-09-28 05:40:50,432 [main] INFO  volume.VolumeSet (VolumeSet.java:initializeVolumeSet(170)) - Added Volume : /workdir/hadoop-ozone/integration-test/target/test-dir/MiniOzoneClusterImpl-cf793505-16a9-45eb-82c7-0f4c7e523749/datanode-3/data/containers/hdds to VolumeSet
2019-09-28 05:40:50,432 [main] INFO  volume.ThrottledAsyncChecker (ThrottledAsyncChecker.java:schedule(139)) - Scheduling a check for org.apache.hadoop.ozone.container.common.volume.HddsVolume@3af58f76
2019-09-28 05:40:50,433 [main] INFO  volume.HddsVolumeChecker (HddsVolumeChecker.java:checkAllVolumes(202)) - Scheduled health check for volume org.apache.hadoop.ozone.container.common.volume.HddsVolume@3af58f76
2019-09-28 05:40:50,455 [main] INFO  impl.RaftServerProxy (ConfUtils.java:logGet(43)) - raft.rpc.type = GRPC (default)
2019-09-28 05:40:50,456 [main] INFO  grpc.GrpcFactory (GrpcFactory.java:checkPooledByteBufAllocatorUseCacheForAllThreads(45)) - PERFORMANCE WARNING: useCacheForAllThreads is true that may cause Netty to create a lot garbage objects and, as a result, trigger GC.
	It is recommended to disable useCacheForAllThreads by setting -Dorg.apache.ratis.thirdparty.io.netty.allocator.useCacheForAllThreads=false in command line.
2019-09-28 05:40:50,456 [main] INFO  grpc.GrpcConfigKeys$Server (ConfUtils.java:logGet(43)) - raft.grpc.server.port = 0 (default)
2019-09-28 05:40:50,456 [main] INFO  server.GrpcService (ConfUtils.java:logGet(43)) - raft.grpc.message.size.max = 33570816 (custom)
2019-09-28 05:40:50,456 [main] INFO  server.RaftServerConfigKeys (ConfUtils.java:logGet(43)) - raft.server.log.appender.buffer.byte-limit = 33554432 (custom)
2019-09-28 05:40:50,456 [main] INFO  server.GrpcService (ConfUtils.java:logGet(43)) - raft.grpc.flow.control.window = 1MB (=1048576) (default)
2019-09-28 05:40:50,457 [main] INFO  server.RaftServerConfigKeys (ConfUtils.java:logGet(43)) - raft.server.rpc.request.timeout = 3000ms (default)
2019-09-28 05:40:50,457 [main] INFO  server.RaftServerConfigKeys (ConfUtils.java:logGet(43)) - raft.server.storage.dir = [/workdir/hadoop-ozone/integration-test/target/test-dir/MiniOzoneClusterImpl-cf793505-16a9-45eb-82c7-0f4c7e523749/datanode-3/data/ratis] (custom)
2019-09-28 05:40:50,459 [main] INFO  hdfs.DFSUtil (DFSUtil.java:httpServerTemplateForNNAndJN(1641)) - Starting Web-server for hddsDatanode at: http://0.0.0.0:0
2019-09-28 05:40:50,461 [main] INFO  server.AuthenticationFilter (AuthenticationFilter.java:constructSecretProvider(240)) - Unable to initialize FileSignerSecretProvider, falling back to use random secrets.
2019-09-28 05:40:50,462 [main] WARN  http.HttpRequestLog (HttpRequestLog.java:getRequestLog(97)) - Jetty request log can only be enabled using Log4j
2019-09-28 05:40:50,465 [main] INFO  http.HttpServer2 (HttpServer2.java:addGlobalFilter(975)) - Added global filter 'safety' (class=org.apache.hadoop.http.HttpServer2$QuotingInputFilter)
2019-09-28 05:40:50,466 [main] INFO  http.HttpServer2 (HttpServer2.java:addFilter(948)) - Added filter static_user_filter (class=org.apache.hadoop.http.lib.StaticUserWebFilter$StaticUserFilter) to context hddsDatanode
2019-09-28 05:40:50,466 [main] INFO  http.HttpServer2 (HttpServer2.java:addFilter(958)) - Added filter static_user_filter (class=org.apache.hadoop.http.lib.StaticUserWebFilter$StaticUserFilter) to context logs
2019-09-28 05:40:50,466 [main] INFO  http.HttpServer2 (HttpServer2.java:addFilter(958)) - Added filter static_user_filter (class=org.apache.hadoop.http.lib.StaticUserWebFilter$StaticUserFilter) to context static
2019-09-28 05:40:50,468 [main] INFO  http.HttpServer2 (HttpServer2.java:bindListener(1191)) - Jetty bound to port 36233
2019-09-28 05:40:50,468 [main] INFO  server.Server (Server.java:doStart(351)) - jetty-9.3.25.v20180904, build timestamp: 2018-09-04T21:11:46Z, git hash: 3ce520221d0240229c862b122d2b06c12a625732
2019-09-28 05:40:50,471 [main] INFO  handler.ContextHandler (ContextHandler.java:doStart(781)) - Started o.e.j.s.ServletContextHandler@1b410308{/logs,file:///workdir/hadoop-ozone/integration-test/target/log,AVAILABLE}
2019-09-28 05:40:50,471 [main] INFO  handler.ContextHandler (ContextHandler.java:doStart(781)) - Started o.e.j.s.ServletContextHandler@f9cab00{/static,jar:file:/home/user/.m2/repository/org/apache/hadoop/hadoop-hdds-container-service/0.5.0-SNAPSHOT/hadoop-hdds-container-service-0.5.0-SNAPSHOT.jar!/webapps/static,AVAILABLE}
2019-09-28 05:40:50,501 [main] INFO  handler.ContextHandler (ContextHandler.java:doStart(781)) - Started o.e.j.w.WebAppContext@59b32539{/,file:///tmp/jetty-0.0.0.0-36233-hddsDatanode-_-any-7898711571475962706.dir/webapp/,AVAILABLE}{/hddsDatanode}
2019-09-28 05:40:50,501 [main] INFO  server.AbstractConnector (AbstractConnector.java:doStart(278)) - Started ServerConnector@5b47731f{HTTP/1.1,[http/1.1]}{0.0.0.0:36233}
2019-09-28 05:40:50,502 [main] INFO  server.Server (Server.java:doStart(419)) - Started @65250ms
2019-09-28 05:40:50,504 [main] WARN  impl.MetricsSystemImpl (MetricsSystemImpl.java:register(276)) - Sink prometheus already exists!
2019-09-28 05:40:50,505 [main] INFO  server.BaseHttpServer (BaseHttpServer.java:updateConnectorAddress(215)) - HTTP server of HDDSDATANODE is listening at http://0.0.0.0:36233
2019-09-28 05:40:50,505 [main] INFO  impl.MetricsSystemImpl (MetricsSystemImpl.java:init(158)) - HddsDatanode metrics system started (again)
2019-09-28 05:40:50,510 [main] INFO  ozone.HddsDatanodeService (HddsDatanodeService.java:start(184)) - HddsDatanodeService host:trunk-nightly-20190928-ftbhz-3025098182 ip:192.168.30.51
2019-09-28 05:40:50,511 [org.apache.hadoop.util.JvmPauseMonitor$Monitor@3104eaf3] INFO  util.JvmPauseMonitor (JvmPauseMonitor.java:run(188)) - Starting JVM pause monitor
2019-09-28 05:40:50,512 [Datanode State Machine Thread - 0] INFO  datanode.InitDatanodeState (InitDatanodeState.java:persistContainerDatanodeDetails(140)) - DatanodeDetails is persisted to /workdir/hadoop-ozone/integration-test/target/test-dir/MiniOzoneClusterImpl-cf793505-16a9-45eb-82c7-0f4c7e523749/datanode-3/meta/datanode.id
2019-09-28 05:40:50,519 [main] INFO  volume.HddsVolume (HddsVolume.java:<init>(176)) - Creating Volume: /workdir/hadoop-ozone/integration-test/target/test-dir/MiniOzoneClusterImpl-cf793505-16a9-45eb-82c7-0f4c7e523749/datanode-4/data/containers/hdds of  storage type : DISK and capacity : 1482555576320
2019-09-28 05:40:50,519 [main] INFO  volume.VolumeSet (VolumeSet.java:initializeVolumeSet(170)) - Added Volume : /workdir/hadoop-ozone/integration-test/target/test-dir/MiniOzoneClusterImpl-cf793505-16a9-45eb-82c7-0f4c7e523749/datanode-4/data/containers/hdds to VolumeSet
2019-09-28 05:40:50,520 [main] INFO  volume.ThrottledAsyncChecker (ThrottledAsyncChecker.java:schedule(139)) - Scheduling a check for org.apache.hadoop.ozone.container.common.volume.HddsVolume@1860f3be
2019-09-28 05:40:50,520 [main] INFO  volume.HddsVolumeChecker (HddsVolumeChecker.java:checkAllVolumes(202)) - Scheduled health check for volume org.apache.hadoop.ozone.container.common.volume.HddsVolume@1860f3be
2019-09-28 05:40:50,544 [main] INFO  impl.RaftServerProxy (ConfUtils.java:logGet(43)) - raft.rpc.type = GRPC (default)
2019-09-28 05:40:50,544 [main] INFO  grpc.GrpcFactory (GrpcFactory.java:checkPooledByteBufAllocatorUseCacheForAllThreads(45)) - PERFORMANCE WARNING: useCacheForAllThreads is true that may cause Netty to create a lot garbage objects and, as a result, trigger GC.
	It is recommended to disable useCacheForAllThreads by setting -Dorg.apache.ratis.thirdparty.io.netty.allocator.useCacheForAllThreads=false in command line.
2019-09-28 05:40:50,544 [main] INFO  grpc.GrpcConfigKeys$Server (ConfUtils.java:logGet(43)) - raft.grpc.server.port = 0 (default)
2019-09-28 05:40:50,544 [main] INFO  server.GrpcService (ConfUtils.java:logGet(43)) - raft.grpc.message.size.max = 33570816 (custom)
2019-09-28 05:40:50,545 [main] INFO  server.RaftServerConfigKeys (ConfUtils.java:logGet(43)) - raft.server.log.appender.buffer.byte-limit = 33554432 (custom)
2019-09-28 05:40:50,545 [main] INFO  server.GrpcService (ConfUtils.java:logGet(43)) - raft.grpc.flow.control.window = 1MB (=1048576) (default)
2019-09-28 05:40:50,545 [main] INFO  server.RaftServerConfigKeys (ConfUtils.java:logGet(43)) - raft.server.rpc.request.timeout = 3000ms (default)
2019-09-28 05:40:50,546 [main] INFO  server.RaftServerConfigKeys (ConfUtils.java:logGet(43)) - raft.server.storage.dir = [/workdir/hadoop-ozone/integration-test/target/test-dir/MiniOzoneClusterImpl-cf793505-16a9-45eb-82c7-0f4c7e523749/datanode-4/data/ratis] (custom)
2019-09-28 05:40:50,548 [main] INFO  hdfs.DFSUtil (DFSUtil.java:httpServerTemplateForNNAndJN(1641)) - Starting Web-server for hddsDatanode at: http://0.0.0.0:0
2019-09-28 05:40:50,550 [main] INFO  server.AuthenticationFilter (AuthenticationFilter.java:constructSecretProvider(240)) - Unable to initialize FileSignerSecretProvider, falling back to use random secrets.
2019-09-28 05:40:50,551 [main] WARN  http.HttpRequestLog (HttpRequestLog.java:getRequestLog(97)) - Jetty request log can only be enabled using Log4j
2019-09-28 05:40:50,552 [main] INFO  http.HttpServer2 (HttpServer2.java:addGlobalFilter(975)) - Added global filter 'safety' (class=org.apache.hadoop.http.HttpServer2$QuotingInputFilter)
2019-09-28 05:40:50,553 [main] INFO  http.HttpServer2 (HttpServer2.java:addFilter(948)) - Added filter static_user_filter (class=org.apache.hadoop.http.lib.StaticUserWebFilter$StaticUserFilter) to context hddsDatanode
2019-09-28 05:40:50,553 [main] INFO  http.HttpServer2 (HttpServer2.java:addFilter(958)) - Added filter static_user_filter (class=org.apache.hadoop.http.lib.StaticUserWebFilter$StaticUserFilter) to context static
2019-09-28 05:40:50,553 [main] INFO  http.HttpServer2 (HttpServer2.java:addFilter(958)) - Added filter static_user_filter (class=org.apache.hadoop.http.lib.StaticUserWebFilter$StaticUserFilter) to context logs
2019-09-28 05:40:50,554 [main] INFO  http.HttpServer2 (HttpServer2.java:bindListener(1191)) - Jetty bound to port 36534
2019-09-28 05:40:50,554 [main] INFO  server.Server (Server.java:doStart(351)) - jetty-9.3.25.v20180904, build timestamp: 2018-09-04T21:11:46Z, git hash: 3ce520221d0240229c862b122d2b06c12a625732
2019-09-28 05:40:50,560 [main] INFO  handler.ContextHandler (ContextHandler.java:doStart(781)) - Started o.e.j.s.ServletContextHandler@405b6d75{/logs,file:///workdir/hadoop-ozone/integration-test/target/log,AVAILABLE}
2019-09-28 05:40:50,561 [main] INFO  handler.ContextHandler (ContextHandler.java:doStart(781)) - Started o.e.j.s.ServletContextHandler@1d858300{/static,jar:file:/home/user/.m2/repository/org/apache/hadoop/hadoop-hdds-container-service/0.5.0-SNAPSHOT/hadoop-hdds-container-service-0.5.0-SNAPSHOT.jar!/webapps/static,AVAILABLE}
2019-09-28 05:40:50,592 [main] INFO  handler.ContextHandler (ContextHandler.java:doStart(781)) - Started o.e.j.w.WebAppContext@4fb04a72{/,file:///tmp/jetty-0.0.0.0-36534-hddsDatanode-_-any-4542357950331671051.dir/webapp/,AVAILABLE}{/hddsDatanode}
2019-09-28 05:40:50,592 [main] INFO  server.AbstractConnector (AbstractConnector.java:doStart(278)) - Started ServerConnector@1e79d43{HTTP/1.1,[http/1.1]}{0.0.0.0:36534}
2019-09-28 05:40:50,594 [main] INFO  server.Server (Server.java:doStart(419)) - Started @65343ms
2019-09-28 05:40:50,594 [main] WARN  impl.MetricsSystemImpl (MetricsSystemImpl.java:register(276)) - Sink prometheus already exists!
2019-09-28 05:40:50,595 [main] INFO  server.BaseHttpServer (BaseHttpServer.java:updateConnectorAddress(215)) - HTTP server of HDDSDATANODE is listening at http://0.0.0.0:36534
2019-09-28 05:40:50,595 [main] INFO  impl.MetricsSystemImpl (MetricsSystemImpl.java:init(158)) - HddsDatanode metrics system started (again)
2019-09-28 05:40:50,601 [org.apache.hadoop.util.JvmPauseMonitor$Monitor@70938f9b] INFO  util.JvmPauseMonitor (JvmPauseMonitor.java:run(188)) - Starting JVM pause monitor
2019-09-28 05:40:50,601 [main] INFO  ozone.HddsDatanodeService (HddsDatanodeService.java:start(184)) - HddsDatanodeService host:trunk-nightly-20190928-ftbhz-3025098182 ip:192.168.30.51
2019-09-28 05:40:50,602 [Datanode State Machine Thread - 0] INFO  datanode.InitDatanodeState (InitDatanodeState.java:persistContainerDatanodeDetails(140)) - DatanodeDetails is persisted to /workdir/hadoop-ozone/integration-test/target/test-dir/MiniOzoneClusterImpl-cf793505-16a9-45eb-82c7-0f4c7e523749/datanode-4/meta/datanode.id
2019-09-28 05:40:50,608 [main] INFO  volume.HddsVolume (HddsVolume.java:<init>(176)) - Creating Volume: /workdir/hadoop-ozone/integration-test/target/test-dir/MiniOzoneClusterImpl-cf793505-16a9-45eb-82c7-0f4c7e523749/datanode-5/data/containers/hdds of  storage type : DISK and capacity : 1482555576320
2019-09-28 05:40:50,609 [main] INFO  volume.VolumeSet (VolumeSet.java:initializeVolumeSet(170)) - Added Volume : /workdir/hadoop-ozone/integration-test/target/test-dir/MiniOzoneClusterImpl-cf793505-16a9-45eb-82c7-0f4c7e523749/datanode-5/data/containers/hdds to VolumeSet
2019-09-28 05:40:50,609 [main] INFO  volume.ThrottledAsyncChecker (ThrottledAsyncChecker.java:schedule(139)) - Scheduling a check for org.apache.hadoop.ozone.container.common.volume.HddsVolume@17dad32f
2019-09-28 05:40:50,611 [main] INFO  volume.HddsVolumeChecker (HddsVolumeChecker.java:checkAllVolumes(202)) - Scheduled health check for volume org.apache.hadoop.ozone.container.common.volume.HddsVolume@17dad32f
2019-09-28 05:40:50,628 [main] INFO  impl.RaftServerProxy (ConfUtils.java:logGet(43)) - raft.rpc.type = GRPC (default)
2019-09-28 05:40:50,628 [main] INFO  grpc.GrpcFactory (GrpcFactory.java:checkPooledByteBufAllocatorUseCacheForAllThreads(45)) - PERFORMANCE WARNING: useCacheForAllThreads is true that may cause Netty to create a lot garbage objects and, as a result, trigger GC.
	It is recommended to disable useCacheForAllThreads by setting -Dorg.apache.ratis.thirdparty.io.netty.allocator.useCacheForAllThreads=false in command line.
2019-09-28 05:40:50,629 [main] INFO  grpc.GrpcConfigKeys$Server (ConfUtils.java:logGet(43)) - raft.grpc.server.port = 0 (default)
2019-09-28 05:40:50,629 [main] INFO  server.GrpcService (ConfUtils.java:logGet(43)) - raft.grpc.message.size.max = 33570816 (custom)
2019-09-28 05:40:50,629 [main] INFO  server.RaftServerConfigKeys (ConfUtils.java:logGet(43)) - raft.server.log.appender.buffer.byte-limit = 33554432 (custom)
2019-09-28 05:40:50,629 [main] INFO  server.GrpcService (ConfUtils.java:logGet(43)) - raft.grpc.flow.control.window = 1MB (=1048576) (default)
2019-09-28 05:40:50,630 [main] INFO  server.RaftServerConfigKeys (ConfUtils.java:logGet(43)) - raft.server.rpc.request.timeout = 3000ms (default)
2019-09-28 05:40:50,630 [main] INFO  server.RaftServerConfigKeys (ConfUtils.java:logGet(43)) - raft.server.storage.dir = [/workdir/hadoop-ozone/integration-test/target/test-dir/MiniOzoneClusterImpl-cf793505-16a9-45eb-82c7-0f4c7e523749/datanode-5/data/ratis] (custom)
2019-09-28 05:40:50,632 [main] INFO  hdfs.DFSUtil (DFSUtil.java:httpServerTemplateForNNAndJN(1641)) - Starting Web-server for hddsDatanode at: http://0.0.0.0:0
2019-09-28 05:40:50,633 [main] INFO  server.AuthenticationFilter (AuthenticationFilter.java:constructSecretProvider(240)) - Unable to initialize FileSignerSecretProvider, falling back to use random secrets.
2019-09-28 05:40:50,633 [main] WARN  http.HttpRequestLog (HttpRequestLog.java:getRequestLog(97)) - Jetty request log can only be enabled using Log4j
2019-09-28 05:40:50,635 [main] INFO  http.HttpServer2 (HttpServer2.java:addGlobalFilter(975)) - Added global filter 'safety' (class=org.apache.hadoop.http.HttpServer2$QuotingInputFilter)
2019-09-28 05:40:50,635 [main] INFO  http.HttpServer2 (HttpServer2.java:addFilter(948)) - Added filter static_user_filter (class=org.apache.hadoop.http.lib.StaticUserWebFilter$StaticUserFilter) to context hddsDatanode
2019-09-28 05:40:50,635 [main] INFO  http.HttpServer2 (HttpServer2.java:addFilter(958)) - Added filter static_user_filter (class=org.apache.hadoop.http.lib.StaticUserWebFilter$StaticUserFilter) to context static
2019-09-28 05:40:50,636 [main] INFO  http.HttpServer2 (HttpServer2.java:addFilter(958)) - Added filter static_user_filter (class=org.apache.hadoop.http.lib.StaticUserWebFilter$StaticUserFilter) to context logs
2019-09-28 05:40:50,636 [main] INFO  http.HttpServer2 (HttpServer2.java:bindListener(1191)) - Jetty bound to port 36279
2019-09-28 05:40:50,636 [main] INFO  server.Server (Server.java:doStart(351)) - jetty-9.3.25.v20180904, build timestamp: 2018-09-04T21:11:46Z, git hash: 3ce520221d0240229c862b122d2b06c12a625732
2019-09-28 05:40:50,639 [main] INFO  handler.ContextHandler (ContextHandler.java:doStart(781)) - Started o.e.j.s.ServletContextHandler@23cbbd07{/logs,file:///workdir/hadoop-ozone/integration-test/target/log,AVAILABLE}
2019-09-28 05:40:50,640 [main] INFO  handler.ContextHandler (ContextHandler.java:doStart(781)) - Started o.e.j.s.ServletContextHandler@7e62cfa3{/static,jar:file:/home/user/.m2/repository/org/apache/hadoop/hadoop-hdds-container-service/0.5.0-SNAPSHOT/hadoop-hdds-container-service-0.5.0-SNAPSHOT.jar!/webapps/static,AVAILABLE}
2019-09-28 05:40:50,670 [main] INFO  handler.ContextHandler (ContextHandler.java:doStart(781)) - Started o.e.j.w.WebAppContext@6e60f18{/,file:///tmp/jetty-0.0.0.0-36279-hddsDatanode-_-any-970192153608765905.dir/webapp/,AVAILABLE}{/hddsDatanode}
2019-09-28 05:40:50,670 [main] INFO  server.AbstractConnector (AbstractConnector.java:doStart(278)) - Started ServerConnector@5cf8676a{HTTP/1.1,[http/1.1]}{0.0.0.0:36279}
2019-09-28 05:40:50,672 [main] INFO  server.Server (Server.java:doStart(419)) - Started @65421ms
2019-09-28 05:40:50,672 [main] WARN  impl.MetricsSystemImpl (MetricsSystemImpl.java:register(276)) - Sink prometheus already exists!
2019-09-28 05:40:50,674 [main] INFO  server.BaseHttpServer (BaseHttpServer.java:updateConnectorAddress(215)) - HTTP server of HDDSDATANODE is listening at http://0.0.0.0:36279
2019-09-28 05:40:50,674 [main] INFO  impl.MetricsSystemImpl (MetricsSystemImpl.java:init(158)) - HddsDatanode metrics system started (again)
2019-09-28 05:40:50,680 [org.apache.hadoop.util.JvmPauseMonitor$Monitor@7b997b18] INFO  util.JvmPauseMonitor (JvmPauseMonitor.java:run(188)) - Starting JVM pause monitor
2019-09-28 05:40:50,681 [main] INFO  ozone.HddsDatanodeService (HddsDatanodeService.java:start(184)) - HddsDatanodeService host:trunk-nightly-20190928-ftbhz-3025098182 ip:192.168.30.51
2019-09-28 05:40:50,682 [Datanode State Machine Thread - 0] INFO  datanode.InitDatanodeState (InitDatanodeState.java:persistContainerDatanodeDetails(140)) - DatanodeDetails is persisted to /workdir/hadoop-ozone/integration-test/target/test-dir/MiniOzoneClusterImpl-cf793505-16a9-45eb-82c7-0f4c7e523749/datanode-5/meta/datanode.id
2019-09-28 05:40:50,688 [main] INFO  volume.HddsVolume (HddsVolume.java:<init>(176)) - Creating Volume: /workdir/hadoop-ozone/integration-test/target/test-dir/MiniOzoneClusterImpl-cf793505-16a9-45eb-82c7-0f4c7e523749/datanode-6/data/containers/hdds of  storage type : DISK and capacity : 1482555576320
2019-09-28 05:40:50,689 [main] INFO  volume.VolumeSet (VolumeSet.java:initializeVolumeSet(170)) - Added Volume : /workdir/hadoop-ozone/integration-test/target/test-dir/MiniOzoneClusterImpl-cf793505-16a9-45eb-82c7-0f4c7e523749/datanode-6/data/containers/hdds to VolumeSet
2019-09-28 05:40:50,689 [main] INFO  volume.ThrottledAsyncChecker (ThrottledAsyncChecker.java:schedule(139)) - Scheduling a check for org.apache.hadoop.ozone.container.common.volume.HddsVolume@4dac121d
2019-09-28 05:40:50,690 [main] INFO  volume.HddsVolumeChecker (HddsVolumeChecker.java:checkAllVolumes(202)) - Scheduled health check for volume org.apache.hadoop.ozone.container.common.volume.HddsVolume@4dac121d
2019-09-28 05:40:50,707 [main] INFO  impl.RaftServerProxy (ConfUtils.java:logGet(43)) - raft.rpc.type = GRPC (default)
2019-09-28 05:40:50,707 [main] INFO  grpc.GrpcFactory (GrpcFactory.java:checkPooledByteBufAllocatorUseCacheForAllThreads(45)) - PERFORMANCE WARNING: useCacheForAllThreads is true that may cause Netty to create a lot garbage objects and, as a result, trigger GC.
	It is recommended to disable useCacheForAllThreads by setting -Dorg.apache.ratis.thirdparty.io.netty.allocator.useCacheForAllThreads=false in command line.
2019-09-28 05:40:50,708 [main] INFO  grpc.GrpcConfigKeys$Server (ConfUtils.java:logGet(43)) - raft.grpc.server.port = 0 (default)
2019-09-28 05:40:50,708 [main] INFO  server.GrpcService (ConfUtils.java:logGet(43)) - raft.grpc.message.size.max = 33570816 (custom)
2019-09-28 05:40:50,708 [main] INFO  server.RaftServerConfigKeys (ConfUtils.java:logGet(43)) - raft.server.log.appender.buffer.byte-limit = 33554432 (custom)
2019-09-28 05:40:50,708 [main] INFO  server.GrpcService (ConfUtils.java:logGet(43)) - raft.grpc.flow.control.window = 1MB (=1048576) (default)
2019-09-28 05:40:50,708 [main] INFO  server.RaftServerConfigKeys (ConfUtils.java:logGet(43)) - raft.server.rpc.request.timeout = 3000ms (default)
2019-09-28 05:40:50,709 [main] INFO  server.RaftServerConfigKeys (ConfUtils.java:logGet(43)) - raft.server.storage.dir = [/workdir/hadoop-ozone/integration-test/target/test-dir/MiniOzoneClusterImpl-cf793505-16a9-45eb-82c7-0f4c7e523749/datanode-6/data/ratis] (custom)
2019-09-28 05:40:50,710 [main] INFO  hdfs.DFSUtil (DFSUtil.java:httpServerTemplateForNNAndJN(1641)) - Starting Web-server for hddsDatanode at: http://0.0.0.0:0
2019-09-28 05:40:50,712 [main] INFO  server.AuthenticationFilter (AuthenticationFilter.java:constructSecretProvider(240)) - Unable to initialize FileSignerSecretProvider, falling back to use random secrets.
2019-09-28 05:40:50,712 [main] WARN  http.HttpRequestLog (HttpRequestLog.java:getRequestLog(97)) - Jetty request log can only be enabled using Log4j
2019-09-28 05:40:50,714 [main] INFO  http.HttpServer2 (HttpServer2.java:addGlobalFilter(975)) - Added global filter 'safety' (class=org.apache.hadoop.http.HttpServer2$QuotingInputFilter)
2019-09-28 05:40:50,715 [main] INFO  http.HttpServer2 (HttpServer2.java:addFilter(948)) - Added filter static_user_filter (class=org.apache.hadoop.http.lib.StaticUserWebFilter$StaticUserFilter) to context hddsDatanode
2019-09-28 05:40:50,715 [main] INFO  http.HttpServer2 (HttpServer2.java:addFilter(958)) - Added filter static_user_filter (class=org.apache.hadoop.http.lib.StaticUserWebFilter$StaticUserFilter) to context logs
2019-09-28 05:40:50,715 [main] INFO  http.HttpServer2 (HttpServer2.java:addFilter(958)) - Added filter static_user_filter (class=org.apache.hadoop.http.lib.StaticUserWebFilter$StaticUserFilter) to context static
2019-09-28 05:40:50,716 [main] INFO  http.HttpServer2 (HttpServer2.java:bindListener(1191)) - Jetty bound to port 44743
2019-09-28 05:40:50,716 [main] INFO  server.Server (Server.java:doStart(351)) - jetty-9.3.25.v20180904, build timestamp: 2018-09-04T21:11:46Z, git hash: 3ce520221d0240229c862b122d2b06c12a625732
2019-09-28 05:40:50,719 [main] INFO  handler.ContextHandler (ContextHandler.java:doStart(781)) - Started o.e.j.s.ServletContextHandler@4e224df5{/logs,file:///workdir/hadoop-ozone/integration-test/target/log,AVAILABLE}
2019-09-28 05:40:50,720 [main] INFO  handler.ContextHandler (ContextHandler.java:doStart(781)) - Started o.e.j.s.ServletContextHandler@5f5827d0{/static,jar:file:/home/user/.m2/repository/org/apache/hadoop/hadoop-hdds-container-service/0.5.0-SNAPSHOT/hadoop-hdds-container-service-0.5.0-SNAPSHOT.jar!/webapps/static,AVAILABLE}
2019-09-28 05:40:50,756 [main] INFO  handler.ContextHandler (ContextHandler.java:doStart(781)) - Started o.e.j.w.WebAppContext@3fa21d49{/,file:///tmp/jetty-0.0.0.0-44743-hddsDatanode-_-any-1950180995737335011.dir/webapp/,AVAILABLE}{/hddsDatanode}
2019-09-28 05:40:50,756 [main] INFO  server.AbstractConnector (AbstractConnector.java:doStart(278)) - Started ServerConnector@416d56f2{HTTP/1.1,[http/1.1]}{0.0.0.0:44743}
2019-09-28 05:40:50,756 [main] INFO  server.Server (Server.java:doStart(419)) - Started @65505ms
2019-09-28 05:40:50,758 [main] WARN  impl.MetricsSystemImpl (MetricsSystemImpl.java:register(276)) - Sink prometheus already exists!
2019-09-28 05:40:50,760 [main] INFO  server.BaseHttpServer (BaseHttpServer.java:updateConnectorAddress(215)) - HTTP server of HDDSDATANODE is listening at http://0.0.0.0:44743
2019-09-28 05:40:50,760 [main] INFO  ozone.MiniOzoneClusterImpl (MiniOzoneClusterImpl.java:lambda$waitForClusterToBeReady$0(147)) - Waiting for cluster to be ready. Got 0 of 7 DN Heartbeats.
2019-09-28 05:40:50,764 [org.apache.hadoop.util.JvmPauseMonitor$Monitor@73a92024] INFO  util.JvmPauseMonitor (JvmPauseMonitor.java:run(188)) - Starting JVM pause monitor
2019-09-28 05:40:50,765 [Datanode State Machine Thread - 0] INFO  datanode.InitDatanodeState (InitDatanodeState.java:persistContainerDatanodeDetails(140)) - DatanodeDetails is persisted to /workdir/hadoop-ozone/integration-test/target/test-dir/MiniOzoneClusterImpl-cf793505-16a9-45eb-82c7-0f4c7e523749/datanode-6/meta/datanode.id
2019-09-28 05:40:51,763 [main] INFO  ozone.MiniOzoneClusterImpl (MiniOzoneClusterImpl.java:lambda$waitForClusterToBeReady$0(147)) - Waiting for cluster to be ready. Got 0 of 7 DN Heartbeats.
2019-09-28 05:40:52,327 [Datanode State Machine Thread - 0] INFO  ozoneimpl.OzoneContainer (OzoneContainer.java:start(217)) - Attempting to start container services.
2019-09-28 05:40:52,330 [Datanode State Machine Thread - 0] INFO  ozoneimpl.OzoneContainer (OzoneContainer.java:startContainerScrub(179)) - Background container scanner has been disabled.
2019-09-28 05:40:52,330 [Datanode State Machine Thread - 0] INFO  ratis.XceiverServerRatis (XceiverServerRatis.java:start(411)) - Starting XceiverServerRatis 38e8276b-0564-4e1c-b20d-cf8d8fcd5643 at port 0
2019-09-28 05:40:52,337 [Datanode State Machine Thread - 0] INFO  impl.RaftServerProxy (RaftServerProxy.java:lambda$start$3(299)) - 38e8276b-0564-4e1c-b20d-cf8d8fcd5643: start RPC server
2019-09-28 05:40:52,340 [Datanode State Machine Thread - 0] INFO  server.GrpcService (GrpcService.java:startImpl(158)) - 38e8276b-0564-4e1c-b20d-cf8d8fcd5643: GrpcService started, listening on 0.0.0.0/0.0.0.0:42822
2019-09-28 05:40:52,340 [Datanode State Machine Thread - 0] INFO  ratis.XceiverServerRatis (XceiverServerRatis.java:start(421)) - XceiverServerRatis 38e8276b-0564-4e1c-b20d-cf8d8fcd5643 is started using port 42822
2019-09-28 05:40:52,340 [Datanode State Machine Thread - 0] INFO  server.XceiverServerGrpc (XceiverServerGrpc.java:start(149)) - XceiverServerGrpc 38e8276b-0564-4e1c-b20d-cf8d8fcd5643 is started using port 44051
2019-09-28 05:40:52,386 [Datanode State Machine Thread - 0] INFO  ozoneimpl.OzoneContainer (OzoneContainer.java:start(217)) - Attempting to start container services.
2019-09-28 05:40:52,390 [Datanode State Machine Thread - 0] INFO  ozoneimpl.OzoneContainer (OzoneContainer.java:startContainerScrub(179)) - Background container scanner has been disabled.
2019-09-28 05:40:52,391 [Datanode State Machine Thread - 0] INFO  ratis.XceiverServerRatis (XceiverServerRatis.java:start(411)) - Starting XceiverServerRatis 8f5bcc06-38fd-4f67-bb33-a4a6b708286a at port 0
2019-09-28 05:40:52,403 [Datanode State Machine Thread - 0] INFO  impl.RaftServerProxy (RaftServerProxy.java:lambda$start$3(299)) - 8f5bcc06-38fd-4f67-bb33-a4a6b708286a: start RPC server
2019-09-28 05:40:52,406 [Datanode State Machine Thread - 0] INFO  server.GrpcService (GrpcService.java:startImpl(158)) - 8f5bcc06-38fd-4f67-bb33-a4a6b708286a: GrpcService started, listening on 0.0.0.0/0.0.0.0:43820
2019-09-28 05:40:52,407 [Datanode State Machine Thread - 0] INFO  ratis.XceiverServerRatis (XceiverServerRatis.java:start(421)) - XceiverServerRatis 8f5bcc06-38fd-4f67-bb33-a4a6b708286a is started using port 43820
2019-09-28 05:40:52,413 [Datanode State Machine Thread - 0] INFO  server.XceiverServerGrpc (XceiverServerGrpc.java:start(149)) - XceiverServerGrpc 8f5bcc06-38fd-4f67-bb33-a4a6b708286a is started using port 45804
2019-09-28 05:40:52,453 [Datanode State Machine Thread - 0] INFO  ozoneimpl.OzoneContainer (OzoneContainer.java:start(217)) - Attempting to start container services.
2019-09-28 05:40:52,462 [Datanode State Machine Thread - 0] INFO  ozoneimpl.OzoneContainer (OzoneContainer.java:startContainerScrub(179)) - Background container scanner has been disabled.
2019-09-28 05:40:52,462 [Datanode State Machine Thread - 0] INFO  ratis.XceiverServerRatis (XceiverServerRatis.java:start(411)) - Starting XceiverServerRatis e1913c6f-5f92-40f7-b184-672b278ad36c at port 0
2019-09-28 05:40:52,474 [Datanode State Machine Thread - 0] INFO  impl.RaftServerProxy (RaftServerProxy.java:lambda$start$3(299)) - e1913c6f-5f92-40f7-b184-672b278ad36c: start RPC server
2019-09-28 05:40:52,482 [Datanode State Machine Thread - 0] INFO  server.GrpcService (GrpcService.java:startImpl(158)) - e1913c6f-5f92-40f7-b184-672b278ad36c: GrpcService started, listening on 0.0.0.0/0.0.0.0:45894
2019-09-28 05:40:52,482 [Datanode State Machine Thread - 0] INFO  ratis.XceiverServerRatis (XceiverServerRatis.java:start(421)) - XceiverServerRatis e1913c6f-5f92-40f7-b184-672b278ad36c is started using port 45894
2019-09-28 05:40:52,491 [Datanode State Machine Thread - 0] INFO  server.XceiverServerGrpc (XceiverServerGrpc.java:start(149)) - XceiverServerGrpc e1913c6f-5f92-40f7-b184-672b278ad36c is started using port 43665
2019-09-28 05:40:52,537 [Datanode State Machine Thread - 0] INFO  ozoneimpl.OzoneContainer (OzoneContainer.java:start(217)) - Attempting to start container services.
2019-09-28 05:40:52,537 [Datanode State Machine Thread - 0] INFO  ozoneimpl.OzoneContainer (OzoneContainer.java:startContainerScrub(179)) - Background container scanner has been disabled.
2019-09-28 05:40:52,537 [Datanode State Machine Thread - 0] INFO  ratis.XceiverServerRatis (XceiverServerRatis.java:start(411)) - Starting XceiverServerRatis f96c6bb0-35cd-4680-b916-87cea356f4b5 at port 0
2019-09-28 05:40:52,747 [Datanode State Machine Thread - 0] INFO  impl.RaftServerProxy (RaftServerProxy.java:lambda$start$3(299)) - f96c6bb0-35cd-4680-b916-87cea356f4b5: start RPC server
2019-09-28 05:40:52,747 [Datanode State Machine Thread - 0] INFO  ozoneimpl.OzoneContainer (OzoneContainer.java:start(217)) - Attempting to start container services.
2019-09-28 05:40:52,748 [Datanode State Machine Thread - 0] INFO  ozoneimpl.OzoneContainer (OzoneContainer.java:startContainerScrub(179)) - Background container scanner has been disabled.
2019-09-28 05:40:52,748 [Datanode State Machine Thread - 0] INFO  ratis.XceiverServerRatis (XceiverServerRatis.java:start(411)) - Starting XceiverServerRatis 1ff08831-2bf9-4409-a8b0-f137793f5f47 at port 0
2019-09-28 05:40:52,748 [Datanode State Machine Thread - 0] INFO  server.GrpcService (GrpcService.java:startImpl(158)) - f96c6bb0-35cd-4680-b916-87cea356f4b5: GrpcService started, listening on 0.0.0.0/0.0.0.0:35895
2019-09-28 05:40:52,748 [Datanode State Machine Thread - 0] INFO  ratis.XceiverServerRatis (XceiverServerRatis.java:start(421)) - XceiverServerRatis f96c6bb0-35cd-4680-b916-87cea356f4b5 is started using port 35895
2019-09-28 05:40:52,749 [Datanode State Machine Thread - 0] INFO  server.XceiverServerGrpc (XceiverServerGrpc.java:start(149)) - XceiverServerGrpc f96c6bb0-35cd-4680-b916-87cea356f4b5 is started using port 37011
2019-09-28 05:40:52,760 [Datanode State Machine Thread - 0] INFO  impl.RaftServerProxy (RaftServerProxy.java:lambda$start$3(299)) - 1ff08831-2bf9-4409-a8b0-f137793f5f47: start RPC server
2019-09-28 05:40:52,760 [Datanode State Machine Thread - 0] INFO  server.GrpcService (GrpcService.java:startImpl(158)) - 1ff08831-2bf9-4409-a8b0-f137793f5f47: GrpcService started, listening on 0.0.0.0/0.0.0.0:40310
2019-09-28 05:40:52,760 [Datanode State Machine Thread - 0] INFO  ratis.XceiverServerRatis (XceiverServerRatis.java:start(421)) - XceiverServerRatis 1ff08831-2bf9-4409-a8b0-f137793f5f47 is started using port 40310
2019-09-28 05:40:52,761 [Datanode State Machine Thread - 0] INFO  server.XceiverServerGrpc (XceiverServerGrpc.java:start(149)) - XceiverServerGrpc 1ff08831-2bf9-4409-a8b0-f137793f5f47 is started using port 35880
2019-09-28 05:40:52,763 [main] INFO  ozone.MiniOzoneClusterImpl (MiniOzoneClusterImpl.java:lambda$waitForClusterToBeReady$0(147)) - Waiting for cluster to be ready. Got 0 of 7 DN Heartbeats.
2019-09-28 05:40:52,771 [Datanode State Machine Thread - 0] INFO  ozoneimpl.OzoneContainer (OzoneContainer.java:start(217)) - Attempting to start container services.
2019-09-28 05:40:52,771 [Datanode State Machine Thread - 0] INFO  ozoneimpl.OzoneContainer (OzoneContainer.java:startContainerScrub(179)) - Background container scanner has been disabled.
2019-09-28 05:40:52,771 [Datanode State Machine Thread - 0] INFO  ratis.XceiverServerRatis (XceiverServerRatis.java:start(411)) - Starting XceiverServerRatis 2ea96f30-9ef7-4b6e-b81e-9105b046548f at port 0
2019-09-28 05:40:52,788 [Datanode State Machine Thread - 0] INFO  ozoneimpl.OzoneContainer (OzoneContainer.java:start(217)) - Attempting to start container services.
2019-09-28 05:40:52,789 [Datanode State Machine Thread - 0] INFO  ozoneimpl.OzoneContainer (OzoneContainer.java:startContainerScrub(179)) - Background container scanner has been disabled.
2019-09-28 05:40:52,789 [Datanode State Machine Thread - 0] INFO  ratis.XceiverServerRatis (XceiverServerRatis.java:start(411)) - Starting XceiverServerRatis 655b5729-6a0f-4a94-81c6-8a03f37304c4 at port 0
2019-09-28 05:40:52,813 [Datanode State Machine Thread - 0] INFO  impl.RaftServerProxy (RaftServerProxy.java:lambda$start$3(299)) - 2ea96f30-9ef7-4b6e-b81e-9105b046548f: start RPC server
2019-09-28 05:40:52,814 [Datanode State Machine Thread - 0] INFO  server.GrpcService (GrpcService.java:startImpl(158)) - 2ea96f30-9ef7-4b6e-b81e-9105b046548f: GrpcService started, listening on 0.0.0.0/0.0.0.0:38778
2019-09-28 05:40:52,814 [Datanode State Machine Thread - 0] INFO  ratis.XceiverServerRatis (XceiverServerRatis.java:start(421)) - XceiverServerRatis 2ea96f30-9ef7-4b6e-b81e-9105b046548f is started using port 38778
2019-09-28 05:40:52,815 [Datanode State Machine Thread - 0] INFO  server.XceiverServerGrpc (XceiverServerGrpc.java:start(149)) - XceiverServerGrpc 2ea96f30-9ef7-4b6e-b81e-9105b046548f is started using port 35700
2019-09-28 05:40:52,833 [Datanode State Machine Thread - 0] INFO  impl.RaftServerProxy (RaftServerProxy.java:lambda$start$3(299)) - 655b5729-6a0f-4a94-81c6-8a03f37304c4: start RPC server
2019-09-28 05:40:52,837 [Datanode State Machine Thread - 0] INFO  server.GrpcService (GrpcService.java:startImpl(158)) - 655b5729-6a0f-4a94-81c6-8a03f37304c4: GrpcService started, listening on 0.0.0.0/0.0.0.0:41755
2019-09-28 05:40:52,837 [Datanode State Machine Thread - 0] INFO  ratis.XceiverServerRatis (XceiverServerRatis.java:start(421)) - XceiverServerRatis 655b5729-6a0f-4a94-81c6-8a03f37304c4 is started using port 41755
2019-09-28 05:40:52,838 [Datanode State Machine Thread - 0] INFO  server.XceiverServerGrpc (XceiverServerGrpc.java:start(149)) - XceiverServerGrpc 655b5729-6a0f-4a94-81c6-8a03f37304c4 is started using port 32794
2019-09-28 05:40:53,764 [main] INFO  ozone.MiniOzoneClusterImpl (MiniOzoneClusterImpl.java:lambda$waitForClusterToBeReady$0(147)) - Waiting for cluster to be ready. Got 0 of 7 DN Heartbeats.
2019-09-28 05:40:54,280 [IPC Server handler 0 on 45422] INFO  net.NetworkTopology (NetworkTopologyImpl.java:add(111)) - Added a new node: /default-rack/38e8276b-0564-4e1c-b20d-cf8d8fcd5643
2019-09-28 05:40:54,282 [IPC Server handler 0 on 45422] INFO  node.SCMNodeManager (SCMNodeManager.java:register(266)) - Registered Data node : 38e8276b-0564-4e1c-b20d-cf8d8fcd5643{ip: 192.168.30.51, host: trunk-nightly-20190928-ftbhz-3025098182, networkLocation: /default-rack, certSerialId: null}
2019-09-28 05:40:54,283 [EventQueue-NodeRegistrationContainerReportForDataNodeSafeModeRule] INFO  safemode.SCMSafeModeManager (DataNodeSafeModeRule.java:process(71)) - SCM in safe mode. 1 DataNodes registered, 1 required.
2019-09-28 05:40:54,285 [EventQueue-NodeRegistrationContainerReportForDataNodeSafeModeRule] INFO  safemode.SCMSafeModeManager (SCMSafeModeManager.java:validateSafeModeExitRules(177)) - ScmSafeModeManager, all rules are successfully validated
2019-09-28 05:40:54,285 [EventQueue-NodeRegistrationContainerReportForDataNodeSafeModeRule] INFO  safemode.SCMSafeModeManager (SCMSafeModeManager.java:exitSafeMode(193)) - SCM exiting safe mode.
2019-09-28 05:40:54,298 [grpc-default-executor-6] INFO  impl.RaftServerProxy (RaftServerProxy.java:addNew(89)) - 38e8276b-0564-4e1c-b20d-cf8d8fcd5643: addNew group-27C14AB242F6:[38e8276b-0564-4e1c-b20d-cf8d8fcd5643:192.168.30.51:42822] returns group-27C14AB242F6:java.util.concurrent.CompletableFuture@7709196c[Not completed]
2019-09-28 05:40:54,299 [pool-119-thread-1] INFO  impl.RaftServerImpl (RaftServerImpl.java:<init>(95)) - 38e8276b-0564-4e1c-b20d-cf8d8fcd5643: new RaftServerImpl for group-27C14AB242F6:[38e8276b-0564-4e1c-b20d-cf8d8fcd5643:192.168.30.51:42822] with ContainerStateMachine:uninitialized
2019-09-28 05:40:54,300 [pool-119-thread-1] INFO  server.RaftServerConfigKeys (ConfUtils.java:logGet(43)) - raft.server.rpc.timeout.min = 5s (custom)
2019-09-28 05:40:54,300 [pool-119-thread-1] INFO  server.RaftServerConfigKeys (ConfUtils.java:logGet(43)) - raft.server.rpc.timeout.max = 5200ms (custom)
2019-09-28 05:40:54,300 [pool-119-thread-1] INFO  server.RaftServerConfigKeys (ConfUtils.java:logGet(43)) - raft.server.rpcslowness.timeout = 120s (custom)
2019-09-28 05:40:54,300 [pool-119-thread-1] INFO  server.RaftServerConfigKeys (ConfUtils.java:logGet(43)) - raft.server.sleep.deviation.threshold = 300 (default)
2019-09-28 05:40:54,300 [pool-119-thread-1] INFO  server.RaftServerConfigKeys (ConfUtils.java:logGet(43)) - raft.server.log.appender.install.snapshot.enabled = false (custom)
2019-09-28 05:40:54,300 [pool-119-thread-1] INFO  impl.RaftServerImpl (ServerState.java:<init>(103)) - 38e8276b-0564-4e1c-b20d-cf8d8fcd5643@group-27C14AB242F6: ConfigurationManager, init=-1: [38e8276b-0564-4e1c-b20d-cf8d8fcd5643:192.168.30.51:42822], old=null, confs=<EMPTY_MAP>
2019-09-28 05:40:54,301 [pool-119-thread-1] INFO  server.RaftServerConfigKeys (ConfUtils.java:logGet(43)) - raft.server.storage.dir = [/workdir/hadoop-ozone/integration-test/target/test-dir/MiniOzoneClusterImpl-cf793505-16a9-45eb-82c7-0f4c7e523749/datanode-0/data/ratis] (custom)
2019-09-28 05:40:54,301 [pool-119-thread-1] INFO  storage.RaftStorageDirectory (RaftStorageDirectory.java:analyzeStorage(246)) - The storage directory /workdir/hadoop-ozone/integration-test/target/test-dir/MiniOzoneClusterImpl-cf793505-16a9-45eb-82c7-0f4c7e523749/datanode-0/data/ratis/01b9d5d6-6177-45c0-a590-27c14ab242f6 does not exist. Creating ...
2019-09-28 05:40:54,339 [pool-119-thread-1] INFO  storage.RaftStorageDirectory (RaftStorageDirectory.java:tryLock(328)) - Lock on /workdir/hadoop-ozone/integration-test/target/test-dir/MiniOzoneClusterImpl-cf793505-16a9-45eb-82c7-0f4c7e523749/datanode-0/data/ratis/01b9d5d6-6177-45c0-a590-27c14ab242f6/in_use.lock acquired by nodename 21404@trunk-nightly-20190928-ftbhz-3025098182
2019-09-28 05:40:54,356 [pool-119-thread-1] INFO  storage.RaftStorage (RaftStorage.java:format(72)) - Storage directory /workdir/hadoop-ozone/integration-test/target/test-dir/MiniOzoneClusterImpl-cf793505-16a9-45eb-82c7-0f4c7e523749/datanode-0/data/ratis/01b9d5d6-6177-45c0-a590-27c14ab242f6 has been successfully formatted.
2019-09-28 05:40:54,356 [pool-119-thread-1] INFO  ratis.ContainerStateMachine (ContainerStateMachine.java:loadSnapshot(230)) - group-27C14AB242F6: The snapshot info is null. Setting the last applied indexto:(t:0, i:~)
2019-09-28 05:40:54,356 [pool-119-thread-1] INFO  server.RaftServerConfigKeys (ConfUtils.java:logGet(43)) - raft.server.notification.no-leader.timeout = 120s (custom)
2019-09-28 05:40:54,356 [pool-119-thread-1] INFO  server.RaftServerConfigKeys (ConfUtils.java:logGet(43)) - raft.server.log.use.memory = false (default)
2019-09-28 05:40:54,357 [pool-119-thread-1] INFO  server.RaftServerConfigKeys (ConfUtils.java:logGet(43)) - raft.server.log.purge.gap = 1000000 (custom)
2019-09-28 05:40:54,357 [pool-119-thread-1] INFO  server.RaftServerConfigKeys (ConfUtils.java:logGet(43)) - raft.server.log.appender.buffer.byte-limit = 33554432 (custom)
2019-09-28 05:40:54,357 [pool-119-thread-1] INFO  server.RaftServerConfigKeys (ConfUtils.java:logGet(43)) - raft.server.log.segment.size.max = 1048576 (custom)
2019-09-28 05:40:54,357 [pool-119-thread-1] INFO  server.RaftServerConfigKeys (ConfUtils.java:logGet(43)) - raft.server.log.segment.cache.num.max = 2 (custom)
2019-09-28 05:40:54,357 [pool-119-thread-1] INFO  segmented.SegmentedRaftLogWorker (SegmentedRaftLogWorker.java:<init>(172)) - new 38e8276b-0564-4e1c-b20d-cf8d8fcd5643@group-27C14AB242F6-SegmentedRaftLogWorker for RaftStorage:Storage Directory /workdir/hadoop-ozone/integration-test/target/test-dir/MiniOzoneClusterImpl-cf793505-16a9-45eb-82c7-0f4c7e523749/datanode-0/data/ratis/01b9d5d6-6177-45c0-a590-27c14ab242f6
2019-09-28 05:40:54,357 [IPC Server handler 1 on 45422] INFO  net.NetworkTopology (NetworkTopologyImpl.java:add(111)) - Added a new node: /default-rack/8f5bcc06-38fd-4f67-bb33-a4a6b708286a
2019-09-28 05:40:54,358 [IPC Server handler 1 on 45422] INFO  node.SCMNodeManager (SCMNodeManager.java:register(266)) - Registered Data node : 8f5bcc06-38fd-4f67-bb33-a4a6b708286a{ip: 192.168.30.51, host: trunk-nightly-20190928-ftbhz-3025098182, networkLocation: /default-rack, certSerialId: null}
2019-09-28 05:40:54,359 [pool-119-thread-1] INFO  server.RaftServerConfigKeys (ConfUtils.java:logGet(43)) - raft.server.log.queue.byte-limit = 2147483647 (custom)
2019-09-28 05:40:54,359 [pool-119-thread-1] INFO  server.RaftServerConfigKeys (ConfUtils.java:logGet(43)) - raft.server.log.queue.element-limit = 1024 (custom)
2019-09-28 05:40:54,360 [pool-119-thread-1] INFO  server.RaftServerConfigKeys (ConfUtils.java:logGet(43)) - raft.server.log.segment.size.max = 1048576 (custom)
2019-09-28 05:40:54,360 [pool-119-thread-1] INFO  server.RaftServerConfigKeys (ConfUtils.java:logGet(43)) - raft.server.log.preallocated.size = 16384 (custom)
2019-09-28 05:40:54,360 [pool-119-thread-1] INFO  server.RaftServerConfigKeys (ConfUtils.java:logGet(43)) - raft.server.log.write.buffer.size = 33554432 (custom)
2019-09-28 05:40:54,360 [pool-119-thread-1] INFO  server.RaftServerConfigKeys (ConfUtils.java:logGet(43)) - raft.server.log.force.sync.num = 128 (default)
2019-09-28 05:40:54,360 [pool-119-thread-1] INFO  server.RaftServerConfigKeys (ConfUtils.java:logGet(43)) - raft.server.log.statemachine.data.sync = true (default)
2019-09-28 05:40:54,360 [pool-119-thread-1] INFO  server.RaftServerConfigKeys (ConfUtils.java:logGet(43)) - raft.server.log.statemachine.data.sync.timeout = 10s (default)
2019-09-28 05:40:54,360 [pool-119-thread-1] INFO  server.RaftServerConfigKeys (ConfUtils.java:logGet(43)) - raft.server.log.statemachine.data.sync.timeout.retry = -1 (default)
2019-09-28 05:40:54,360 [pool-119-thread-1] INFO  server.RaftServerConfigKeys (ConfUtils.java:logGet(43)) - raft.server.log.statemachine.data.caching.enabled = true (custom)
2019-09-28 05:40:54,361 [pool-119-thread-1] INFO  segmented.SegmentedRaftLogWorker (SegmentedRaftLogWorker.java:lambda$new$0(132)) - 38e8276b-0564-4e1c-b20d-cf8d8fcd5643@group-27C14AB242F6-SegmentedRaftLogWorker: flushIndex: setUnconditionally 0 -> -1
2019-09-28 05:40:54,361 [pool-119-thread-1] INFO  server.RaftServerConfigKeys (ConfUtils.java:logGet(43)) - raft.server.snapshot.auto.trigger.enabled = true (custom)
2019-09-28 05:40:54,361 [pool-119-thread-1] INFO  server.RaftServerConfigKeys (ConfUtils.java:logGet(43)) - raft.server.snapshot.auto.trigger.threshold = 10000 (custom)
2019-09-28 05:40:54,361 [pool-119-thread-1] INFO  server.RaftServerConfigKeys (ConfUtils.java:logGet(43)) - raft.server.snapshot.retention.num.files = 5 (custom)
2019-09-28 05:40:54,361 [pool-119-thread-1] INFO  server.RaftServerConfigKeys (ConfUtils.java:logGet(43)) - raft.server.retrycache.expirytime = 600000ms (custom)
2019-09-28 05:40:54,363 [pool-119-thread-1] INFO  impl.RaftServerImpl (RaftServerImpl.java:start(185)) - 38e8276b-0564-4e1c-b20d-cf8d8fcd5643@group-27C14AB242F6: start as a follower, conf=-1: [38e8276b-0564-4e1c-b20d-cf8d8fcd5643:192.168.30.51:42822], old=null
2019-09-28 05:40:54,363 [pool-119-thread-1] INFO  impl.RaftServerImpl (RaftServerImpl.java:setRole(174)) - 38e8276b-0564-4e1c-b20d-cf8d8fcd5643@group-27C14AB242F6: changes role from      null to FOLLOWER at term 0 for startAsFollower
2019-09-28 05:40:54,363 [pool-119-thread-1] INFO  impl.RoleInfo (RoleInfo.java:updateAndGet(143)) - 38e8276b-0564-4e1c-b20d-cf8d8fcd5643: start FollowerState
2019-09-28 05:40:54,364 [pool-119-thread-1] INFO  util.JmxRegister (JmxRegister.java:tryRegister(44)) - Successfully registered JMX Bean with object name Ratis:service=RaftServer,group=group-27C14AB242F6,id=38e8276b-0564-4e1c-b20d-cf8d8fcd5643
2019-09-28 05:40:54,366 [RatisPipelineUtilsThread] INFO  pipeline.PipelineStateManager (PipelineStateManager.java:addPipeline(56)) - Created pipeline Pipeline[ Id: 01b9d5d6-6177-45c0-a590-27c14ab242f6, Nodes: 38e8276b-0564-4e1c-b20d-cf8d8fcd5643{ip: 192.168.30.51, host: trunk-nightly-20190928-ftbhz-3025098182, networkLocation: /default-rack, certSerialId: null}, Type:RATIS, Factor:ONE, State:OPEN]
2019-09-28 05:40:54,374 [grpc-default-executor-6] INFO  impl.RaftServerProxy (RaftServerProxy.java:addNew(89)) - 8f5bcc06-38fd-4f67-bb33-a4a6b708286a: addNew group-A3A95F76AA9D:[8f5bcc06-38fd-4f67-bb33-a4a6b708286a:192.168.30.51:43820] returns group-A3A95F76AA9D:java.util.concurrent.CompletableFuture@55c9b1a0[Not completed]
2019-09-28 05:40:54,376 [pool-129-thread-1] INFO  impl.RaftServerImpl (RaftServerImpl.java:<init>(95)) - 8f5bcc06-38fd-4f67-bb33-a4a6b708286a: new RaftServerImpl for group-A3A95F76AA9D:[8f5bcc06-38fd-4f67-bb33-a4a6b708286a:192.168.30.51:43820] with ContainerStateMachine:uninitialized
2019-09-28 05:40:54,376 [pool-129-thread-1] INFO  server.RaftServerConfigKeys (ConfUtils.java:logGet(43)) - raft.server.rpc.timeout.min = 5s (custom)
2019-09-28 05:40:54,376 [pool-129-thread-1] INFO  server.RaftServerConfigKeys (ConfUtils.java:logGet(43)) - raft.server.rpc.timeout.max = 5200ms (custom)
2019-09-28 05:40:54,376 [pool-129-thread-1] INFO  server.RaftServerConfigKeys (ConfUtils.java:logGet(43)) - raft.server.rpcslowness.timeout = 120s (custom)
2019-09-28 05:40:54,376 [pool-129-thread-1] INFO  server.RaftServerConfigKeys (ConfUtils.java:logGet(43)) - raft.server.sleep.deviation.threshold = 300 (default)
2019-09-28 05:40:54,376 [pool-129-thread-1] INFO  server.RaftServerConfigKeys (ConfUtils.java:logGet(43)) - raft.server.log.appender.install.snapshot.enabled = false (custom)
2019-09-28 05:40:54,376 [pool-129-thread-1] INFO  impl.RaftServerImpl (ServerState.java:<init>(103)) - 8f5bcc06-38fd-4f67-bb33-a4a6b708286a@group-A3A95F76AA9D: ConfigurationManager, init=-1: [8f5bcc06-38fd-4f67-bb33-a4a6b708286a:192.168.30.51:43820], old=null, confs=<EMPTY_MAP>
2019-09-28 05:40:54,376 [pool-129-thread-1] INFO  server.RaftServerConfigKeys (ConfUtils.java:logGet(43)) - raft.server.storage.dir = [/workdir/hadoop-ozone/integration-test/target/test-dir/MiniOzoneClusterImpl-cf793505-16a9-45eb-82c7-0f4c7e523749/datanode-1/data/ratis] (custom)
2019-09-28 05:40:54,377 [pool-129-thread-1] INFO  storage.RaftStorageDirectory (RaftStorageDirectory.java:analyzeStorage(246)) - The storage directory /workdir/hadoop-ozone/integration-test/target/test-dir/MiniOzoneClusterImpl-cf793505-16a9-45eb-82c7-0f4c7e523749/datanode-1/data/ratis/ea9852f7-f1b8-4b1b-a0a7-a3a95f76aa9d does not exist. Creating ...
2019-09-28 05:40:54,389 [pool-129-thread-1] INFO  storage.RaftStorageDirectory (RaftStorageDirectory.java:tryLock(328)) - Lock on /workdir/hadoop-ozone/integration-test/target/test-dir/MiniOzoneClusterImpl-cf793505-16a9-45eb-82c7-0f4c7e523749/datanode-1/data/ratis/ea9852f7-f1b8-4b1b-a0a7-a3a95f76aa9d/in_use.lock acquired by nodename 21404@trunk-nightly-20190928-ftbhz-3025098182
2019-09-28 05:40:54,407 [pool-129-thread-1] INFO  storage.RaftStorage (RaftStorage.java:format(72)) - Storage directory /workdir/hadoop-ozone/integration-test/target/test-dir/MiniOzoneClusterImpl-cf793505-16a9-45eb-82c7-0f4c7e523749/datanode-1/data/ratis/ea9852f7-f1b8-4b1b-a0a7-a3a95f76aa9d has been successfully formatted.
2019-09-28 05:40:54,407 [pool-129-thread-1] INFO  ratis.ContainerStateMachine (ContainerStateMachine.java:loadSnapshot(230)) - group-A3A95F76AA9D: The snapshot info is null. Setting the last applied indexto:(t:0, i:~)
2019-09-28 05:40:54,407 [pool-129-thread-1] INFO  server.RaftServerConfigKeys (ConfUtils.java:logGet(43)) - raft.server.notification.no-leader.timeout = 120s (custom)
2019-09-28 05:40:54,407 [pool-129-thread-1] INFO  server.RaftServerConfigKeys (ConfUtils.java:logGet(43)) - raft.server.log.use.memory = false (default)
2019-09-28 05:40:54,407 [pool-129-thread-1] INFO  server.RaftServerConfigKeys (ConfUtils.java:logGet(43)) - raft.server.log.purge.gap = 1000000 (custom)
2019-09-28 05:40:54,407 [pool-129-thread-1] INFO  server.RaftServerConfigKeys (ConfUtils.java:logGet(43)) - raft.server.log.appender.buffer.byte-limit = 33554432 (custom)
2019-09-28 05:40:54,408 [pool-129-thread-1] INFO  server.RaftServerConfigKeys (ConfUtils.java:logGet(43)) - raft.server.log.segment.size.max = 1048576 (custom)
2019-09-28 05:40:54,408 [pool-129-thread-1] INFO  server.RaftServerConfigKeys (ConfUtils.java:logGet(43)) - raft.server.log.segment.cache.num.max = 2 (custom)
2019-09-28 05:40:54,408 [pool-129-thread-1] INFO  segmented.SegmentedRaftLogWorker (SegmentedRaftLogWorker.java:<init>(172)) - new 8f5bcc06-38fd-4f67-bb33-a4a6b708286a@group-A3A95F76AA9D-SegmentedRaftLogWorker for RaftStorage:Storage Directory /workdir/hadoop-ozone/integration-test/target/test-dir/MiniOzoneClusterImpl-cf793505-16a9-45eb-82c7-0f4c7e523749/datanode-1/data/ratis/ea9852f7-f1b8-4b1b-a0a7-a3a95f76aa9d
2019-09-28 05:40:54,410 [pool-129-thread-1] INFO  server.RaftServerConfigKeys (ConfUtils.java:logGet(43)) - raft.server.log.queue.byte-limit = 2147483647 (custom)
2019-09-28 05:40:54,410 [pool-129-thread-1] INFO  server.RaftServerConfigKeys (ConfUtils.java:logGet(43)) - raft.server.log.queue.element-limit = 1024 (custom)
2019-09-28 05:40:54,410 [pool-129-thread-1] INFO  server.RaftServerConfigKeys (ConfUtils.java:logGet(43)) - raft.server.log.segment.size.max = 1048576 (custom)
2019-09-28 05:40:54,410 [pool-129-thread-1] INFO  server.RaftServerConfigKeys (ConfUtils.java:logGet(43)) - raft.server.log.preallocated.size = 16384 (custom)
2019-09-28 05:40:54,410 [pool-129-thread-1] INFO  server.RaftServerConfigKeys (ConfUtils.java:logGet(43)) - raft.server.log.write.buffer.size = 33554432 (custom)
2019-09-28 05:40:54,410 [pool-129-thread-1] INFO  server.RaftServerConfigKeys (ConfUtils.java:logGet(43)) - raft.server.log.force.sync.num = 128 (default)
2019-09-28 05:40:54,410 [pool-129-thread-1] INFO  server.RaftServerConfigKeys (ConfUtils.java:logGet(43)) - raft.server.log.statemachine.data.sync = true (default)
2019-09-28 05:40:54,410 [pool-129-thread-1] INFO  server.RaftServerConfigKeys (ConfUtils.java:logGet(43)) - raft.server.log.statemachine.data.sync.timeout = 10s (default)
2019-09-28 05:40:54,410 [pool-129-thread-1] INFO  server.RaftServerConfigKeys (ConfUtils.java:logGet(43)) - raft.server.log.statemachine.data.sync.timeout.retry = -1 (default)
2019-09-28 05:40:54,411 [pool-129-thread-1] INFO  server.RaftServerConfigKeys (ConfUtils.java:logGet(43)) - raft.server.log.statemachine.data.caching.enabled = true (custom)
2019-09-28 05:40:54,411 [pool-129-thread-1] INFO  segmented.SegmentedRaftLogWorker (SegmentedRaftLogWorker.java:lambda$new$0(132)) - 8f5bcc06-38fd-4f67-bb33-a4a6b708286a@group-A3A95F76AA9D-SegmentedRaftLogWorker: flushIndex: setUnconditionally 0 -> -1
2019-09-28 05:40:54,411 [pool-129-thread-1] INFO  server.RaftServerConfigKeys (ConfUtils.java:logGet(43)) - raft.server.snapshot.auto.trigger.enabled = true (custom)
2019-09-28 05:40:54,411 [pool-129-thread-1] INFO  server.RaftServerConfigKeys (ConfUtils.java:logGet(43)) - raft.server.snapshot.auto.trigger.threshold = 10000 (custom)
2019-09-28 05:40:54,411 [pool-129-thread-1] INFO  server.RaftServerConfigKeys (ConfUtils.java:logGet(43)) - raft.server.snapshot.retention.num.files = 5 (custom)
2019-09-28 05:40:54,411 [pool-129-thread-1] INFO  server.RaftServerConfigKeys (ConfUtils.java:logGet(43)) - raft.server.retrycache.expirytime = 600000ms (custom)
2019-09-28 05:40:54,414 [pool-129-thread-1] INFO  impl.RaftServerImpl (RaftServerImpl.java:start(185)) - 8f5bcc06-38fd-4f67-bb33-a4a6b708286a@group-A3A95F76AA9D: start as a follower, conf=-1: [8f5bcc06-38fd-4f67-bb33-a4a6b708286a:192.168.30.51:43820], old=null
2019-09-28 05:40:54,414 [pool-129-thread-1] INFO  impl.RaftServerImpl (RaftServerImpl.java:setRole(174)) - 8f5bcc06-38fd-4f67-bb33-a4a6b708286a@group-A3A95F76AA9D: changes role from      null to FOLLOWER at term 0 for startAsFollower
2019-09-28 05:40:54,414 [pool-129-thread-1] INFO  impl.RoleInfo (RoleInfo.java:updateAndGet(143)) - 8f5bcc06-38fd-4f67-bb33-a4a6b708286a: start FollowerState
2019-09-28 05:40:54,414 [pool-129-thread-1] INFO  util.JmxRegister (JmxRegister.java:tryRegister(44)) - Successfully registered JMX Bean with object name Ratis:service=RaftServer,group=group-A3A95F76AA9D,id=8f5bcc06-38fd-4f67-bb33-a4a6b708286a
2019-09-28 05:40:54,416 [RatisPipelineUtilsThread] INFO  pipeline.PipelineStateManager (PipelineStateManager.java:addPipeline(56)) - Created pipeline Pipeline[ Id: ea9852f7-f1b8-4b1b-a0a7-a3a95f76aa9d, Nodes: 8f5bcc06-38fd-4f67-bb33-a4a6b708286a{ip: 192.168.30.51, host: trunk-nightly-20190928-ftbhz-3025098182, networkLocation: /default-rack, certSerialId: null}, Type:RATIS, Factor:ONE, State:OPEN]
2019-09-28 05:40:54,424 [IPC Server handler 2 on 45422] INFO  net.NetworkTopology (NetworkTopologyImpl.java:add(111)) - Added a new node: /default-rack/e1913c6f-5f92-40f7-b184-672b278ad36c
2019-09-28 05:40:54,424 [IPC Server handler 2 on 45422] INFO  node.SCMNodeManager (SCMNodeManager.java:register(266)) - Registered Data node : e1913c6f-5f92-40f7-b184-672b278ad36c{ip: 192.168.30.51, host: trunk-nightly-20190928-ftbhz-3025098182, networkLocation: /default-rack, certSerialId: null}
2019-09-28 05:40:54,432 [grpc-default-executor-6] INFO  impl.RaftServerProxy (RaftServerProxy.java:addNew(89)) - e1913c6f-5f92-40f7-b184-672b278ad36c: addNew group-383171CEF9C6:[e1913c6f-5f92-40f7-b184-672b278ad36c:192.168.30.51:45894] returns group-383171CEF9C6:java.util.concurrent.CompletableFuture@1e5f32[Not completed]
2019-09-28 05:40:54,437 [pool-139-thread-1] INFO  impl.RaftServerImpl (RaftServerImpl.java:<init>(95)) - e1913c6f-5f92-40f7-b184-672b278ad36c: new RaftServerImpl for group-383171CEF9C6:[e1913c6f-5f92-40f7-b184-672b278ad36c:192.168.30.51:45894] with ContainerStateMachine:uninitialized
2019-09-28 05:40:54,437 [pool-139-thread-1] INFO  server.RaftServerConfigKeys (ConfUtils.java:logGet(43)) - raft.server.rpc.timeout.min = 5s (custom)
2019-09-28 05:40:54,437 [pool-139-thread-1] INFO  server.RaftServerConfigKeys (ConfUtils.java:logGet(43)) - raft.server.rpc.timeout.max = 5200ms (custom)
2019-09-28 05:40:54,437 [pool-139-thread-1] INFO  server.RaftServerConfigKeys (ConfUtils.java:logGet(43)) - raft.server.rpcslowness.timeout = 120s (custom)
2019-09-28 05:40:54,437 [pool-139-thread-1] INFO  server.RaftServerConfigKeys (ConfUtils.java:logGet(43)) - raft.server.sleep.deviation.threshold = 300 (default)
2019-09-28 05:40:54,438 [pool-139-thread-1] INFO  server.RaftServerConfigKeys (ConfUtils.java:logGet(43)) - raft.server.log.appender.install.snapshot.enabled = false (custom)
2019-09-28 05:40:54,438 [pool-139-thread-1] INFO  impl.RaftServerImpl (ServerState.java:<init>(103)) - e1913c6f-5f92-40f7-b184-672b278ad36c@group-383171CEF9C6: ConfigurationManager, init=-1: [e1913c6f-5f92-40f7-b184-672b278ad36c:192.168.30.51:45894], old=null, confs=<EMPTY_MAP>
2019-09-28 05:40:54,438 [pool-139-thread-1] INFO  server.RaftServerConfigKeys (ConfUtils.java:logGet(43)) - raft.server.storage.dir = [/workdir/hadoop-ozone/integration-test/target/test-dir/MiniOzoneClusterImpl-cf793505-16a9-45eb-82c7-0f4c7e523749/datanode-2/data/ratis] (custom)
2019-09-28 05:40:54,438 [pool-139-thread-1] INFO  storage.RaftStorageDirectory (RaftStorageDirectory.java:analyzeStorage(246)) - The storage directory /workdir/hadoop-ozone/integration-test/target/test-dir/MiniOzoneClusterImpl-cf793505-16a9-45eb-82c7-0f4c7e523749/datanode-2/data/ratis/c69c8785-3360-4bef-9d87-383171cef9c6 does not exist. Creating ...
2019-09-28 05:40:54,465 [pool-139-thread-1] INFO  storage.RaftStorageDirectory (RaftStorageDirectory.java:tryLock(328)) - Lock on /workdir/hadoop-ozone/integration-test/target/test-dir/MiniOzoneClusterImpl-cf793505-16a9-45eb-82c7-0f4c7e523749/datanode-2/data/ratis/c69c8785-3360-4bef-9d87-383171cef9c6/in_use.lock acquired by nodename 21404@trunk-nightly-20190928-ftbhz-3025098182
2019-09-28 05:40:54,482 [pool-139-thread-1] INFO  storage.RaftStorage (RaftStorage.java:format(72)) - Storage directory /workdir/hadoop-ozone/integration-test/target/test-dir/MiniOzoneClusterImpl-cf793505-16a9-45eb-82c7-0f4c7e523749/datanode-2/data/ratis/c69c8785-3360-4bef-9d87-383171cef9c6 has been successfully formatted.
2019-09-28 05:40:54,483 [pool-139-thread-1] INFO  ratis.ContainerStateMachine (ContainerStateMachine.java:loadSnapshot(230)) - group-383171CEF9C6: The snapshot info is null. Setting the last applied indexto:(t:0, i:~)
2019-09-28 05:40:54,483 [pool-139-thread-1] INFO  server.RaftServerConfigKeys (ConfUtils.java:logGet(43)) - raft.server.notification.no-leader.timeout = 120s (custom)
2019-09-28 05:40:54,483 [pool-139-thread-1] INFO  server.RaftServerConfigKeys (ConfUtils.java:logGet(43)) - raft.server.log.use.memory = false (default)
2019-09-28 05:40:54,483 [pool-139-thread-1] INFO  server.RaftServerConfigKeys (ConfUtils.java:logGet(43)) - raft.server.log.purge.gap = 1000000 (custom)
2019-09-28 05:40:54,484 [pool-139-thread-1] INFO  server.RaftServerConfigKeys (ConfUtils.java:logGet(43)) - raft.server.log.appender.buffer.byte-limit = 33554432 (custom)
2019-09-28 05:40:54,484 [pool-139-thread-1] INFO  server.RaftServerConfigKeys (ConfUtils.java:logGet(43)) - raft.server.log.segment.size.max = 1048576 (custom)
2019-09-28 05:40:54,484 [pool-139-thread-1] INFO  server.RaftServerConfigKeys (ConfUtils.java:logGet(43)) - raft.server.log.segment.cache.num.max = 2 (custom)
2019-09-28 05:40:54,484 [pool-139-thread-1] INFO  segmented.SegmentedRaftLogWorker (SegmentedRaftLogWorker.java:<init>(172)) - new e1913c6f-5f92-40f7-b184-672b278ad36c@group-383171CEF9C6-SegmentedRaftLogWorker for RaftStorage:Storage Directory /workdir/hadoop-ozone/integration-test/target/test-dir/MiniOzoneClusterImpl-cf793505-16a9-45eb-82c7-0f4c7e523749/datanode-2/data/ratis/c69c8785-3360-4bef-9d87-383171cef9c6
2019-09-28 05:40:54,487 [pool-139-thread-1] INFO  server.RaftServerConfigKeys (ConfUtils.java:logGet(43)) - raft.server.log.queue.byte-limit = 2147483647 (custom)
2019-09-28 05:40:54,487 [pool-139-thread-1] INFO  server.RaftServerConfigKeys (ConfUtils.java:logGet(43)) - raft.server.log.queue.element-limit = 1024 (custom)
2019-09-28 05:40:54,487 [pool-139-thread-1] INFO  server.RaftServerConfigKeys (ConfUtils.java:logGet(43)) - raft.server.log.segment.size.max = 1048576 (custom)
2019-09-28 05:40:54,487 [pool-139-thread-1] INFO  server.RaftServerConfigKeys (ConfUtils.java:logGet(43)) - raft.server.log.preallocated.size = 16384 (custom)
2019-09-28 05:40:54,488 [pool-139-thread-1] INFO  server.RaftServerConfigKeys (ConfUtils.java:logGet(43)) - raft.server.log.write.buffer.size = 33554432 (custom)
2019-09-28 05:40:54,488 [pool-139-thread-1] INFO  server.RaftServerConfigKeys (ConfUtils.java:logGet(43)) - raft.server.log.force.sync.num = 128 (default)
2019-09-28 05:40:54,488 [pool-139-thread-1] INFO  server.RaftServerConfigKeys (ConfUtils.java:logGet(43)) - raft.server.log.statemachine.data.sync = true (default)
2019-09-28 05:40:54,488 [pool-139-thread-1] INFO  server.RaftServerConfigKeys (ConfUtils.java:logGet(43)) - raft.server.log.statemachine.data.sync.timeout = 10s (default)
2019-09-28 05:40:54,488 [pool-139-thread-1] INFO  server.RaftServerConfigKeys (ConfUtils.java:logGet(43)) - raft.server.log.statemachine.data.sync.timeout.retry = -1 (default)
2019-09-28 05:40:54,488 [pool-139-thread-1] INFO  server.RaftServerConfigKeys (ConfUtils.java:logGet(43)) - raft.server.log.statemachine.data.caching.enabled = true (custom)
2019-09-28 05:40:54,489 [pool-139-thread-1] INFO  segmented.SegmentedRaftLogWorker (SegmentedRaftLogWorker.java:lambda$new$0(132)) - e1913c6f-5f92-40f7-b184-672b278ad36c@group-383171CEF9C6-SegmentedRaftLogWorker: flushIndex: setUnconditionally 0 -> -1
2019-09-28 05:40:54,489 [pool-139-thread-1] INFO  server.RaftServerConfigKeys (ConfUtils.java:logGet(43)) - raft.server.snapshot.auto.trigger.enabled = true (custom)
2019-09-28 05:40:54,489 [pool-139-thread-1] INFO  server.RaftServerConfigKeys (ConfUtils.java:logGet(43)) - raft.server.snapshot.auto.trigger.threshold = 10000 (custom)
2019-09-28 05:40:54,489 [pool-139-thread-1] INFO  server.RaftServerConfigKeys (ConfUtils.java:logGet(43)) - raft.server.snapshot.retention.num.files = 5 (custom)
2019-09-28 05:40:54,490 [pool-139-thread-1] INFO  server.RaftServerConfigKeys (ConfUtils.java:logGet(43)) - raft.server.retrycache.expirytime = 600000ms (custom)
2019-09-28 05:40:54,493 [pool-139-thread-1] INFO  impl.RaftServerImpl (RaftServerImpl.java:start(185)) - e1913c6f-5f92-40f7-b184-672b278ad36c@group-383171CEF9C6: start as a follower, conf=-1: [e1913c6f-5f92-40f7-b184-672b278ad36c:192.168.30.51:45894], old=null
2019-09-28 05:40:54,493 [pool-139-thread-1] INFO  impl.RaftServerImpl (RaftServerImpl.java:setRole(174)) - e1913c6f-5f92-40f7-b184-672b278ad36c@group-383171CEF9C6: changes role from      null to FOLLOWER at term 0 for startAsFollower
2019-09-28 05:40:54,494 [pool-139-thread-1] INFO  impl.RoleInfo (RoleInfo.java:updateAndGet(143)) - e1913c6f-5f92-40f7-b184-672b278ad36c: start FollowerState
2019-09-28 05:40:54,494 [pool-139-thread-1] INFO  util.JmxRegister (JmxRegister.java:tryRegister(44)) - Successfully registered JMX Bean with object name Ratis:service=RaftServer,group=group-383171CEF9C6,id=e1913c6f-5f92-40f7-b184-672b278ad36c
2019-09-28 05:40:54,497 [RatisPipelineUtilsThread] INFO  pipeline.PipelineStateManager (PipelineStateManager.java:addPipeline(56)) - Created pipeline Pipeline[ Id: c69c8785-3360-4bef-9d87-383171cef9c6, Nodes: e1913c6f-5f92-40f7-b184-672b278ad36c{ip: 192.168.30.51, host: trunk-nightly-20190928-ftbhz-3025098182, networkLocation: /default-rack, certSerialId: null}, Type:RATIS, Factor:ONE, State:OPEN]
2019-09-28 05:40:54,510 [grpc-default-executor-5] INFO  impl.RaftServerProxy (RaftServerProxy.java:addNew(89)) - 8f5bcc06-38fd-4f67-bb33-a4a6b708286a: addNew group-061CCE0C3C63:[38e8276b-0564-4e1c-b20d-cf8d8fcd5643:192.168.30.51:42822, 8f5bcc06-38fd-4f67-bb33-a4a6b708286a:192.168.30.51:43820, e1913c6f-5f92-40f7-b184-672b278ad36c:192.168.30.51:45894] returns group-061CCE0C3C63:java.util.concurrent.CompletableFuture@2aa4497c[Not completed]
2019-09-28 05:40:54,512 [pool-129-thread-1] INFO  impl.RaftServerImpl (RaftServerImpl.java:<init>(95)) - 8f5bcc06-38fd-4f67-bb33-a4a6b708286a: new RaftServerImpl for group-061CCE0C3C63:[38e8276b-0564-4e1c-b20d-cf8d8fcd5643:192.168.30.51:42822, 8f5bcc06-38fd-4f67-bb33-a4a6b708286a:192.168.30.51:43820, e1913c6f-5f92-40f7-b184-672b278ad36c:192.168.30.51:45894] with ContainerStateMachine:uninitialized
2019-09-28 05:40:54,512 [pool-129-thread-1] INFO  server.RaftServerConfigKeys (ConfUtils.java:logGet(43)) - raft.server.rpc.timeout.min = 5s (custom)
2019-09-28 05:40:54,512 [pool-129-thread-1] INFO  server.RaftServerConfigKeys (ConfUtils.java:logGet(43)) - raft.server.rpc.timeout.max = 5200ms (custom)
2019-09-28 05:40:54,512 [pool-129-thread-1] INFO  server.RaftServerConfigKeys (ConfUtils.java:logGet(43)) - raft.server.rpcslowness.timeout = 120s (custom)
2019-09-28 05:40:54,512 [IPC Server handler 3 on 45422] INFO  net.NetworkTopology (NetworkTopologyImpl.java:add(111)) - Added a new node: /default-rack/f96c6bb0-35cd-4680-b916-87cea356f4b5
2019-09-28 05:40:54,512 [IPC Server handler 3 on 45422] INFO  node.SCMNodeManager (SCMNodeManager.java:register(266)) - Registered Data node : f96c6bb0-35cd-4680-b916-87cea356f4b5{ip: 192.168.30.51, host: trunk-nightly-20190928-ftbhz-3025098182, networkLocation: /default-rack, certSerialId: null}
2019-09-28 05:40:54,512 [grpc-default-executor-6] INFO  impl.RaftServerProxy (RaftServerProxy.java:addNew(89)) - e1913c6f-5f92-40f7-b184-672b278ad36c: addNew group-061CCE0C3C63:[38e8276b-0564-4e1c-b20d-cf8d8fcd5643:192.168.30.51:42822, 8f5bcc06-38fd-4f67-bb33-a4a6b708286a:192.168.30.51:43820, e1913c6f-5f92-40f7-b184-672b278ad36c:192.168.30.51:45894] returns group-061CCE0C3C63:java.util.concurrent.CompletableFuture@66c00d06[Not completed]
2019-09-28 05:40:54,512 [pool-129-thread-1] INFO  server.RaftServerConfigKeys (ConfUtils.java:logGet(43)) - raft.server.sleep.deviation.threshold = 300 (default)
2019-09-28 05:40:54,512 [grpc-default-executor-5] INFO  impl.RaftServerProxy (RaftServerProxy.java:addNew(89)) - 38e8276b-0564-4e1c-b20d-cf8d8fcd5643: addNew group-061CCE0C3C63:[38e8276b-0564-4e1c-b20d-cf8d8fcd5643:192.168.30.51:42822, 8f5bcc06-38fd-4f67-bb33-a4a6b708286a:192.168.30.51:43820, e1913c6f-5f92-40f7-b184-672b278ad36c:192.168.30.51:45894] returns group-061CCE0C3C63:java.util.concurrent.CompletableFuture@4ffee8ff[Not completed]
2019-09-28 05:40:54,513 [pool-119-thread-1] INFO  impl.RaftServerImpl (RaftServerImpl.java:<init>(95)) - 38e8276b-0564-4e1c-b20d-cf8d8fcd5643: new RaftServerImpl for group-061CCE0C3C63:[38e8276b-0564-4e1c-b20d-cf8d8fcd5643:192.168.30.51:42822, 8f5bcc06-38fd-4f67-bb33-a4a6b708286a:192.168.30.51:43820, e1913c6f-5f92-40f7-b184-672b278ad36c:192.168.30.51:45894] with ContainerStateMachine:uninitialized
2019-09-28 05:40:54,513 [pool-129-thread-1] INFO  server.RaftServerConfigKeys (ConfUtils.java:logGet(43)) - raft.server.log.appender.install.snapshot.enabled = false (custom)
2019-09-28 05:40:54,514 [pool-119-thread-1] INFO  server.RaftServerConfigKeys (ConfUtils.java:logGet(43)) - raft.server.rpc.timeout.min = 5s (custom)
2019-09-28 05:40:54,514 [pool-129-thread-1] INFO  impl.RaftServerImpl (ServerState.java:<init>(103)) - 8f5bcc06-38fd-4f67-bb33-a4a6b708286a@group-061CCE0C3C63: ConfigurationManager, init=-1: [38e8276b-0564-4e1c-b20d-cf8d8fcd5643:192.168.30.51:42822, 8f5bcc06-38fd-4f67-bb33-a4a6b708286a:192.168.30.51:43820, e1913c6f-5f92-40f7-b184-672b278ad36c:192.168.30.51:45894], old=null, confs=<EMPTY_MAP>
2019-09-28 05:40:54,514 [pool-119-thread-1] INFO  server.RaftServerConfigKeys (ConfUtils.java:logGet(43)) - raft.server.rpc.timeout.max = 5200ms (custom)
2019-09-28 05:40:54,514 [pool-129-thread-1] INFO  server.RaftServerConfigKeys (ConfUtils.java:logGet(43)) - raft.server.storage.dir = [/workdir/hadoop-ozone/integration-test/target/test-dir/MiniOzoneClusterImpl-cf793505-16a9-45eb-82c7-0f4c7e523749/datanode-1/data/ratis] (custom)
2019-09-28 05:40:54,514 [pool-119-thread-1] INFO  server.RaftServerConfigKeys (ConfUtils.java:logGet(43)) - raft.server.rpcslowness.timeout = 120s (custom)
2019-09-28 05:40:54,514 [pool-139-thread-1] INFO  impl.RaftServerImpl (RaftServerImpl.java:<init>(95)) - e1913c6f-5f92-40f7-b184-672b278ad36c: new RaftServerImpl for group-061CCE0C3C63:[38e8276b-0564-4e1c-b20d-cf8d8fcd5643:192.168.30.51:42822, 8f5bcc06-38fd-4f67-bb33-a4a6b708286a:192.168.30.51:43820, e1913c6f-5f92-40f7-b184-672b278ad36c:192.168.30.51:45894] with ContainerStateMachine:uninitialized
2019-09-28 05:40:54,514 [pool-139-thread-1] INFO  server.RaftServerConfigKeys (ConfUtils.java:logGet(43)) - raft.server.rpc.timeout.min = 5s (custom)
2019-09-28 05:40:54,514 [pool-139-thread-1] INFO  server.RaftServerConfigKeys (ConfUtils.java:logGet(43)) - raft.server.rpc.timeout.max = 5200ms (custom)
2019-09-28 05:40:54,515 [pool-139-thread-1] INFO  server.RaftServerConfigKeys (ConfUtils.java:logGet(43)) - raft.server.rpcslowness.timeout = 120s (custom)
2019-09-28 05:40:54,514 [pool-119-thread-1] INFO  server.RaftServerConfigKeys (ConfUtils.java:logGet(43)) - raft.server.sleep.deviation.threshold = 300 (default)
2019-09-28 05:40:54,515 [pool-119-thread-1] INFO  server.RaftServerConfigKeys (ConfUtils.java:logGet(43)) - raft.server.log.appender.install.snapshot.enabled = false (custom)
2019-09-28 05:40:54,515 [pool-139-thread-1] INFO  server.RaftServerConfigKeys (ConfUtils.java:logGet(43)) - raft.server.sleep.deviation.threshold = 300 (default)
2019-09-28 05:40:54,514 [pool-129-thread-1] INFO  storage.RaftStorageDirectory (RaftStorageDirectory.java:analyzeStorage(246)) - The storage directory /workdir/hadoop-ozone/integration-test/target/test-dir/MiniOzoneClusterImpl-cf793505-16a9-45eb-82c7-0f4c7e523749/datanode-1/data/ratis/31633b28-5f15-4b93-ad48-061cce0c3c63 does not exist. Creating ...
2019-09-28 05:40:54,515 [pool-139-thread-1] INFO  server.RaftServerConfigKeys (ConfUtils.java:logGet(43)) - raft.server.log.appender.install.snapshot.enabled = false (custom)
2019-09-28 05:40:54,515 [pool-119-thread-1] INFO  impl.RaftServerImpl (ServerState.java:<init>(103)) - 38e8276b-0564-4e1c-b20d-cf8d8fcd5643@group-061CCE0C3C63: ConfigurationManager, init=-1: [38e8276b-0564-4e1c-b20d-cf8d8fcd5643:192.168.30.51:42822, 8f5bcc06-38fd-4f67-bb33-a4a6b708286a:192.168.30.51:43820, e1913c6f-5f92-40f7-b184-672b278ad36c:192.168.30.51:45894], old=null, confs=<EMPTY_MAP>
2019-09-28 05:40:54,515 [pool-139-thread-1] INFO  impl.RaftServerImpl (ServerState.java:<init>(103)) - e1913c6f-5f92-40f7-b184-672b278ad36c@group-061CCE0C3C63: ConfigurationManager, init=-1: [38e8276b-0564-4e1c-b20d-cf8d8fcd5643:192.168.30.51:42822, 8f5bcc06-38fd-4f67-bb33-a4a6b708286a:192.168.30.51:43820, e1913c6f-5f92-40f7-b184-672b278ad36c:192.168.30.51:45894], old=null, confs=<EMPTY_MAP>
2019-09-28 05:40:54,515 [pool-119-thread-1] INFO  server.RaftServerConfigKeys (ConfUtils.java:logGet(43)) - raft.server.storage.dir = [/workdir/hadoop-ozone/integration-test/target/test-dir/MiniOzoneClusterImpl-cf793505-16a9-45eb-82c7-0f4c7e523749/datanode-0/data/ratis] (custom)
2019-09-28 05:40:54,515 [pool-139-thread-1] INFO  server.RaftServerConfigKeys (ConfUtils.java:logGet(43)) - raft.server.storage.dir = [/workdir/hadoop-ozone/integration-test/target/test-dir/MiniOzoneClusterImpl-cf793505-16a9-45eb-82c7-0f4c7e523749/datanode-2/data/ratis] (custom)
2019-09-28 05:40:54,516 [pool-119-thread-1] INFO  storage.RaftStorageDirectory (RaftStorageDirectory.java:analyzeStorage(246)) - The storage directory /workdir/hadoop-ozone/integration-test/target/test-dir/MiniOzoneClusterImpl-cf793505-16a9-45eb-82c7-0f4c7e523749/datanode-0/data/ratis/31633b28-5f15-4b93-ad48-061cce0c3c63 does not exist. Creating ...
2019-09-28 05:40:54,516 [pool-139-thread-1] INFO  storage.RaftStorageDirectory (RaftStorageDirectory.java:analyzeStorage(246)) - The storage directory /workdir/hadoop-ozone/integration-test/target/test-dir/MiniOzoneClusterImpl-cf793505-16a9-45eb-82c7-0f4c7e523749/datanode-2/data/ratis/31633b28-5f15-4b93-ad48-061cce0c3c63 does not exist. Creating ...
2019-09-28 05:40:54,541 [pool-129-thread-1] INFO  storage.RaftStorageDirectory (RaftStorageDirectory.java:tryLock(328)) - Lock on /workdir/hadoop-ozone/integration-test/target/test-dir/MiniOzoneClusterImpl-cf793505-16a9-45eb-82c7-0f4c7e523749/datanode-1/data/ratis/31633b28-5f15-4b93-ad48-061cce0c3c63/in_use.lock acquired by nodename 21404@trunk-nightly-20190928-ftbhz-3025098182
2019-09-28 05:40:54,541 [pool-119-thread-1] INFO  storage.RaftStorageDirectory (RaftStorageDirectory.java:tryLock(328)) - Lock on /workdir/hadoop-ozone/integration-test/target/test-dir/MiniOzoneClusterImpl-cf793505-16a9-45eb-82c7-0f4c7e523749/datanode-0/data/ratis/31633b28-5f15-4b93-ad48-061cce0c3c63/in_use.lock acquired by nodename 21404@trunk-nightly-20190928-ftbhz-3025098182
2019-09-28 05:40:54,541 [pool-139-thread-1] INFO  storage.RaftStorageDirectory (RaftStorageDirectory.java:tryLock(328)) - Lock on /workdir/hadoop-ozone/integration-test/target/test-dir/MiniOzoneClusterImpl-cf793505-16a9-45eb-82c7-0f4c7e523749/datanode-2/data/ratis/31633b28-5f15-4b93-ad48-061cce0c3c63/in_use.lock acquired by nodename 21404@trunk-nightly-20190928-ftbhz-3025098182
2019-09-28 05:40:54,559 [pool-119-thread-1] INFO  storage.RaftStorage (RaftStorage.java:format(72)) - Storage directory /workdir/hadoop-ozone/integration-test/target/test-dir/MiniOzoneClusterImpl-cf793505-16a9-45eb-82c7-0f4c7e523749/datanode-0/data/ratis/31633b28-5f15-4b93-ad48-061cce0c3c63 has been successfully formatted.
2019-09-28 05:40:54,559 [pool-129-thread-1] INFO  storage.RaftStorage (RaftStorage.java:format(72)) - Storage directory /workdir/hadoop-ozone/integration-test/target/test-dir/MiniOzoneClusterImpl-cf793505-16a9-45eb-82c7-0f4c7e523749/datanode-1/data/ratis/31633b28-5f15-4b93-ad48-061cce0c3c63 has been successfully formatted.
2019-09-28 05:40:54,559 [pool-139-thread-1] INFO  storage.RaftStorage (RaftStorage.java:format(72)) - Storage directory /workdir/hadoop-ozone/integration-test/target/test-dir/MiniOzoneClusterImpl-cf793505-16a9-45eb-82c7-0f4c7e523749/datanode-2/data/ratis/31633b28-5f15-4b93-ad48-061cce0c3c63 has been successfully formatted.
2019-09-28 05:40:54,559 [pool-139-thread-1] INFO  ratis.ContainerStateMachine (ContainerStateMachine.java:loadSnapshot(230)) - group-061CCE0C3C63: The snapshot info is null. Setting the last applied indexto:(t:0, i:~)
2019-09-28 05:40:54,560 [pool-139-thread-1] INFO  server.RaftServerConfigKeys (ConfUtils.java:logGet(43)) - raft.server.notification.no-leader.timeout = 120s (custom)
2019-09-28 05:40:54,559 [pool-129-thread-1] INFO  ratis.ContainerStateMachine (ContainerStateMachine.java:loadSnapshot(230)) - group-061CCE0C3C63: The snapshot info is null. Setting the last applied indexto:(t:0, i:~)
2019-09-28 05:40:54,559 [pool-119-thread-1] INFO  ratis.ContainerStateMachine (ContainerStateMachine.java:loadSnapshot(230)) - group-061CCE0C3C63: The snapshot info is null. Setting the last applied indexto:(t:0, i:~)
2019-09-28 05:40:54,560 [pool-129-thread-1] INFO  server.RaftServerConfigKeys (ConfUtils.java:logGet(43)) - raft.server.notification.no-leader.timeout = 120s (custom)
2019-09-28 05:40:54,560 [pool-139-thread-1] INFO  server.RaftServerConfigKeys (ConfUtils.java:logGet(43)) - raft.server.log.use.memory = false (default)
2019-09-28 05:40:54,560 [pool-129-thread-1] INFO  server.RaftServerConfigKeys (ConfUtils.java:logGet(43)) - raft.server.log.use.memory = false (default)
2019-09-28 05:40:54,560 [pool-119-thread-1] INFO  server.RaftServerConfigKeys (ConfUtils.java:logGet(43)) - raft.server.notification.no-leader.timeout = 120s (custom)
2019-09-28 05:40:54,560 [pool-129-thread-1] INFO  server.RaftServerConfigKeys (ConfUtils.java:logGet(43)) - raft.server.log.purge.gap = 1000000 (custom)
2019-09-28 05:40:54,560 [pool-139-thread-1] INFO  server.RaftServerConfigKeys (ConfUtils.java:logGet(43)) - raft.server.log.purge.gap = 1000000 (custom)
2019-09-28 05:40:54,561 [pool-129-thread-1] INFO  server.RaftServerConfigKeys (ConfUtils.java:logGet(43)) - raft.server.log.appender.buffer.byte-limit = 33554432 (custom)
2019-09-28 05:40:54,561 [pool-119-thread-1] INFO  server.RaftServerConfigKeys (ConfUtils.java:logGet(43)) - raft.server.log.use.memory = false (default)
2019-09-28 05:40:54,561 [pool-129-thread-1] INFO  server.RaftServerConfigKeys (ConfUtils.java:logGet(43)) - raft.server.log.segment.size.max = 1048576 (custom)
2019-09-28 05:40:54,561 [pool-139-thread-1] INFO  server.RaftServerConfigKeys (ConfUtils.java:logGet(43)) - raft.server.log.appender.buffer.byte-limit = 33554432 (custom)
2019-09-28 05:40:54,561 [pool-129-thread-1] INFO  server.RaftServerConfigKeys (ConfUtils.java:logGet(43)) - raft.server.log.segment.cache.num.max = 2 (custom)
2019-09-28 05:40:54,561 [pool-119-thread-1] INFO  server.RaftServerConfigKeys (ConfUtils.java:logGet(43)) - raft.server.log.purge.gap = 1000000 (custom)
2019-09-28 05:40:54,561 [pool-129-thread-1] INFO  segmented.SegmentedRaftLogWorker (SegmentedRaftLogWorker.java:<init>(172)) - new 8f5bcc06-38fd-4f67-bb33-a4a6b708286a@group-061CCE0C3C63-SegmentedRaftLogWorker for RaftStorage:Storage Directory /workdir/hadoop-ozone/integration-test/target/test-dir/MiniOzoneClusterImpl-cf793505-16a9-45eb-82c7-0f4c7e523749/datanode-1/data/ratis/31633b28-5f15-4b93-ad48-061cce0c3c63
2019-09-28 05:40:54,561 [pool-139-thread-1] INFO  server.RaftServerConfigKeys (ConfUtils.java:logGet(43)) - raft.server.log.segment.size.max = 1048576 (custom)
2019-09-28 05:40:54,562 [pool-129-thread-1] INFO  server.RaftServerConfigKeys (ConfUtils.java:logGet(43)) - raft.server.log.queue.byte-limit = 2147483647 (custom)
2019-09-28 05:40:54,561 [pool-119-thread-1] INFO  server.RaftServerConfigKeys (ConfUtils.java:logGet(43)) - raft.server.log.appender.buffer.byte-limit = 33554432 (custom)
2019-09-28 05:40:54,562 [pool-129-thread-1] INFO  server.RaftServerConfigKeys (ConfUtils.java:logGet(43)) - raft.server.log.queue.element-limit = 1024 (custom)
2019-09-28 05:40:54,562 [pool-139-thread-1] INFO  server.RaftServerConfigKeys (ConfUtils.java:logGet(43)) - raft.server.log.segment.cache.num.max = 2 (custom)
2019-09-28 05:40:54,562 [pool-129-thread-1] INFO  server.RaftServerConfigKeys (ConfUtils.java:logGet(43)) - raft.server.log.segment.size.max = 1048576 (custom)
2019-09-28 05:40:54,562 [pool-119-thread-1] INFO  server.RaftServerConfigKeys (ConfUtils.java:logGet(43)) - raft.server.log.segment.size.max = 1048576 (custom)
2019-09-28 05:40:54,562 [pool-129-thread-1] INFO  server.RaftServerConfigKeys (ConfUtils.java:logGet(43)) - raft.server.log.preallocated.size = 16384 (custom)
2019-09-28 05:40:54,562 [pool-139-thread-1] INFO  segmented.SegmentedRaftLogWorker (SegmentedRaftLogWorker.java:<init>(172)) - new e1913c6f-5f92-40f7-b184-672b278ad36c@group-061CCE0C3C63-SegmentedRaftLogWorker for RaftStorage:Storage Directory /workdir/hadoop-ozone/integration-test/target/test-dir/MiniOzoneClusterImpl-cf793505-16a9-45eb-82c7-0f4c7e523749/datanode-2/data/ratis/31633b28-5f15-4b93-ad48-061cce0c3c63
2019-09-28 05:40:54,562 [pool-129-thread-1] INFO  server.RaftServerConfigKeys (ConfUtils.java:logGet(43)) - raft.server.log.write.buffer.size = 33554432 (custom)
2019-09-28 05:40:54,562 [pool-119-thread-1] INFO  server.RaftServerConfigKeys (ConfUtils.java:logGet(43)) - raft.server.log.segment.cache.num.max = 2 (custom)
2019-09-28 05:40:54,563 [pool-129-thread-1] INFO  server.RaftServerConfigKeys (ConfUtils.java:logGet(43)) - raft.server.log.force.sync.num = 128 (default)
2019-09-28 05:40:54,562 [pool-139-thread-1] INFO  server.RaftServerConfigKeys (ConfUtils.java:logGet(43)) - raft.server.log.queue.byte-limit = 2147483647 (custom)
2019-09-28 05:40:54,563 [pool-129-thread-1] INFO  server.RaftServerConfigKeys (ConfUtils.java:logGet(43)) - raft.server.log.statemachine.data.sync = true (default)
2019-09-28 05:40:54,563 [pool-119-thread-1] INFO  segmented.SegmentedRaftLogWorker (SegmentedRaftLogWorker.java:<init>(172)) - new 38e8276b-0564-4e1c-b20d-cf8d8fcd5643@group-061CCE0C3C63-SegmentedRaftLogWorker for RaftStorage:Storage Directory /workdir/hadoop-ozone/integration-test/target/test-dir/MiniOzoneClusterImpl-cf793505-16a9-45eb-82c7-0f4c7e523749/datanode-0/data/ratis/31633b28-5f15-4b93-ad48-061cce0c3c63
2019-09-28 05:40:54,563 [pool-129-thread-1] INFO  server.RaftServerConfigKeys (ConfUtils.java:logGet(43)) - raft.server.log.statemachine.data.sync.timeout = 10s (default)
2019-09-28 05:40:54,563 [pool-139-thread-1] INFO  server.RaftServerConfigKeys (ConfUtils.java:logGet(43)) - raft.server.log.queue.element-limit = 1024 (custom)
2019-09-28 05:40:54,563 [pool-129-thread-1] INFO  server.RaftServerConfigKeys (ConfUtils.java:logGet(43)) - raft.server.log.statemachine.data.sync.timeout.retry = -1 (default)
2019-09-28 05:40:54,563 [pool-119-thread-1] INFO  server.RaftServerConfigKeys (ConfUtils.java:logGet(43)) - raft.server.log.queue.byte-limit = 2147483647 (custom)
2019-09-28 05:40:54,563 [pool-129-thread-1] INFO  server.RaftServerConfigKeys (ConfUtils.java:logGet(43)) - raft.server.log.statemachine.data.caching.enabled = true (custom)
2019-09-28 05:40:54,563 [pool-139-thread-1] INFO  server.RaftServerConfigKeys (ConfUtils.java:logGet(43)) - raft.server.log.segment.size.max = 1048576 (custom)
2019-09-28 05:40:54,563 [pool-119-thread-1] INFO  server.RaftServerConfigKeys (ConfUtils.java:logGet(43)) - raft.server.log.queue.element-limit = 1024 (custom)
2019-09-28 05:40:54,563 [pool-129-thread-1] INFO  segmented.SegmentedRaftLogWorker (SegmentedRaftLogWorker.java:lambda$new$0(132)) - 8f5bcc06-38fd-4f67-bb33-a4a6b708286a@group-061CCE0C3C63-SegmentedRaftLogWorker: flushIndex: setUnconditionally 0 -> -1
2019-09-28 05:40:54,563 [pool-139-thread-1] INFO  server.RaftServerConfigKeys (ConfUtils.java:logGet(43)) - raft.server.log.preallocated.size = 16384 (custom)
2019-09-28 05:40:54,564 [pool-119-thread-1] INFO  server.RaftServerConfigKeys (ConfUtils.java:logGet(43)) - raft.server.log.segment.size.max = 1048576 (custom)
2019-09-28 05:40:54,564 [pool-139-thread-1] INFO  server.RaftServerConfigKeys (ConfUtils.java:logGet(43)) - raft.server.log.write.buffer.size = 33554432 (custom)
2019-09-28 05:40:54,564 [pool-129-thread-1] INFO  server.RaftServerConfigKeys (ConfUtils.java:logGet(43)) - raft.server.snapshot.auto.trigger.enabled = true (custom)
2019-09-28 05:40:54,564 [pool-139-thread-1] INFO  server.RaftServerConfigKeys (ConfUtils.java:logGet(43)) - raft.server.log.force.sync.num = 128 (default)
2019-09-28 05:40:54,564 [pool-119-thread-1] INFO  server.RaftServerConfigKeys (ConfUtils.java:logGet(43)) - raft.server.log.preallocated.size = 16384 (custom)
2019-09-28 05:40:54,564 [pool-139-thread-1] INFO  server.RaftServerConfigKeys (ConfUtils.java:logGet(43)) - raft.server.log.statemachine.data.sync = true (default)
2019-09-28 05:40:54,564 [pool-129-thread-1] INFO  server.RaftServerConfigKeys (ConfUtils.java:logGet(43)) - raft.server.snapshot.auto.trigger.threshold = 10000 (custom)
2019-09-28 05:40:54,564 [pool-139-thread-1] INFO  server.RaftServerConfigKeys (ConfUtils.java:logGet(43)) - raft.server.log.statemachine.data.sync.timeout = 10s (default)
2019-09-28 05:40:54,564 [pool-119-thread-1] INFO  server.RaftServerConfigKeys (ConfUtils.java:logGet(43)) - raft.server.log.write.buffer.size = 33554432 (custom)
2019-09-28 05:40:54,564 [pool-139-thread-1] INFO  server.RaftServerConfigKeys (ConfUtils.java:logGet(43)) - raft.server.log.statemachine.data.sync.timeout.retry = -1 (default)
2019-09-28 05:40:54,564 [pool-129-thread-1] INFO  server.RaftServerConfigKeys (ConfUtils.java:logGet(43)) - raft.server.snapshot.retention.num.files = 5 (custom)
2019-09-28 05:40:54,565 [pool-139-thread-1] INFO  server.RaftServerConfigKeys (ConfUtils.java:logGet(43)) - raft.server.log.statemachine.data.caching.enabled = true (custom)
2019-09-28 05:40:54,564 [pool-119-thread-1] INFO  server.RaftServerConfigKeys (ConfUtils.java:logGet(43)) - raft.server.log.force.sync.num = 128 (default)
2019-09-28 05:40:54,565 [pool-129-thread-1] INFO  server.RaftServerConfigKeys (ConfUtils.java:logGet(43)) - raft.server.retrycache.expirytime = 600000ms (custom)
2019-09-28 05:40:54,565 [pool-119-thread-1] INFO  server.RaftServerConfigKeys (ConfUtils.java:logGet(43)) - raft.server.log.statemachine.data.sync = true (default)
2019-09-28 05:40:54,565 [pool-139-thread-1] INFO  segmented.SegmentedRaftLogWorker (SegmentedRaftLogWorker.java:lambda$new$0(132)) - e1913c6f-5f92-40f7-b184-672b278ad36c@group-061CCE0C3C63-SegmentedRaftLogWorker: flushIndex: setUnconditionally 0 -> -1
2019-09-28 05:40:54,565 [pool-119-thread-1] INFO  server.RaftServerConfigKeys (ConfUtils.java:logGet(43)) - raft.server.log.statemachine.data.sync.timeout = 10s (default)
2019-09-28 05:40:54,565 [pool-119-thread-1] INFO  server.RaftServerConfigKeys (ConfUtils.java:logGet(43)) - raft.server.log.statemachine.data.sync.timeout.retry = -1 (default)
2019-09-28 05:40:54,565 [pool-139-thread-1] INFO  server.RaftServerConfigKeys (ConfUtils.java:logGet(43)) - raft.server.snapshot.auto.trigger.enabled = true (custom)
2019-09-28 05:40:54,565 [pool-119-thread-1] INFO  server.RaftServerConfigKeys (ConfUtils.java:logGet(43)) - raft.server.log.statemachine.data.caching.enabled = true (custom)
2019-09-28 05:40:54,566 [pool-139-thread-1] INFO  server.RaftServerConfigKeys (ConfUtils.java:logGet(43)) - raft.server.snapshot.auto.trigger.threshold = 10000 (custom)
2019-09-28 05:40:54,566 [pool-139-thread-1] INFO  server.RaftServerConfigKeys (ConfUtils.java:logGet(43)) - raft.server.snapshot.retention.num.files = 5 (custom)
2019-09-28 05:40:54,566 [pool-119-thread-1] INFO  segmented.SegmentedRaftLogWorker (SegmentedRaftLogWorker.java:lambda$new$0(132)) - 38e8276b-0564-4e1c-b20d-cf8d8fcd5643@group-061CCE0C3C63-SegmentedRaftLogWorker: flushIndex: setUnconditionally 0 -> -1
2019-09-28 05:40:54,566 [pool-139-thread-1] INFO  server.RaftServerConfigKeys (ConfUtils.java:logGet(43)) - raft.server.retrycache.expirytime = 600000ms (custom)
2019-09-28 05:40:54,566 [pool-119-thread-1] INFO  server.RaftServerConfigKeys (ConfUtils.java:logGet(43)) - raft.server.snapshot.auto.trigger.enabled = true (custom)
2019-09-28 05:40:54,566 [pool-119-thread-1] INFO  server.RaftServerConfigKeys (ConfUtils.java:logGet(43)) - raft.server.snapshot.auto.trigger.threshold = 10000 (custom)
2019-09-28 05:40:54,566 [pool-119-thread-1] INFO  server.RaftServerConfigKeys (ConfUtils.java:logGet(43)) - raft.server.snapshot.retention.num.files = 5 (custom)
2019-09-28 05:40:54,566 [pool-119-thread-1] INFO  server.RaftServerConfigKeys (ConfUtils.java:logGet(43)) - raft.server.retrycache.expirytime = 600000ms (custom)
2019-09-28 05:40:54,569 [pool-129-thread-1] INFO  impl.RaftServerImpl (RaftServerImpl.java:start(185)) - 8f5bcc06-38fd-4f67-bb33-a4a6b708286a@group-061CCE0C3C63: start as a follower, conf=-1: [38e8276b-0564-4e1c-b20d-cf8d8fcd5643:192.168.30.51:42822, 8f5bcc06-38fd-4f67-bb33-a4a6b708286a:192.168.30.51:43820, e1913c6f-5f92-40f7-b184-672b278ad36c:192.168.30.51:45894], old=null
2019-09-28 05:40:54,569 [pool-129-thread-1] INFO  impl.RaftServerImpl (RaftServerImpl.java:setRole(174)) - 8f5bcc06-38fd-4f67-bb33-a4a6b708286a@group-061CCE0C3C63: changes role from      null to FOLLOWER at term 0 for startAsFollower
2019-09-28 05:40:54,569 [pool-129-thread-1] INFO  impl.RoleInfo (RoleInfo.java:updateAndGet(143)) - 8f5bcc06-38fd-4f67-bb33-a4a6b708286a: start FollowerState
2019-09-28 05:40:54,582 [pool-129-thread-1] INFO  util.JmxRegister (JmxRegister.java:tryRegister(44)) - Successfully registered JMX Bean with object name Ratis:service=RaftServer,group=group-061CCE0C3C63,id=8f5bcc06-38fd-4f67-bb33-a4a6b708286a
2019-09-28 05:40:54,582 [pool-119-thread-1] INFO  impl.RaftServerImpl (RaftServerImpl.java:start(185)) - 38e8276b-0564-4e1c-b20d-cf8d8fcd5643@group-061CCE0C3C63: start as a follower, conf=-1: [38e8276b-0564-4e1c-b20d-cf8d8fcd5643:192.168.30.51:42822, 8f5bcc06-38fd-4f67-bb33-a4a6b708286a:192.168.30.51:43820, e1913c6f-5f92-40f7-b184-672b278ad36c:192.168.30.51:45894], old=null
2019-09-28 05:40:54,582 [pool-139-thread-1] INFO  impl.RaftServerImpl (RaftServerImpl.java:start(185)) - e1913c6f-5f92-40f7-b184-672b278ad36c@group-061CCE0C3C63: start as a follower, conf=-1: [38e8276b-0564-4e1c-b20d-cf8d8fcd5643:192.168.30.51:42822, 8f5bcc06-38fd-4f67-bb33-a4a6b708286a:192.168.30.51:43820, e1913c6f-5f92-40f7-b184-672b278ad36c:192.168.30.51:45894], old=null
2019-09-28 05:40:54,582 [pool-119-thread-1] INFO  impl.RaftServerImpl (RaftServerImpl.java:setRole(174)) - 38e8276b-0564-4e1c-b20d-cf8d8fcd5643@group-061CCE0C3C63: changes role from      null to FOLLOWER at term 0 for startAsFollower
2019-09-28 05:40:54,590 [pool-139-thread-1] INFO  impl.RaftServerImpl (RaftServerImpl.java:setRole(174)) - e1913c6f-5f92-40f7-b184-672b278ad36c@group-061CCE0C3C63: changes role from      null to FOLLOWER at term 0 for startAsFollower
2019-09-28 05:40:54,591 [pool-119-thread-1] INFO  impl.RoleInfo (RoleInfo.java:updateAndGet(143)) - 38e8276b-0564-4e1c-b20d-cf8d8fcd5643: start FollowerState
2019-09-28 05:40:54,591 [pool-139-thread-1] INFO  impl.RoleInfo (RoleInfo.java:updateAndGet(143)) - e1913c6f-5f92-40f7-b184-672b278ad36c: start FollowerState
2019-09-28 05:40:54,591 [pool-139-thread-1] INFO  util.JmxRegister (JmxRegister.java:tryRegister(44)) - Successfully registered JMX Bean with object name Ratis:service=RaftServer,group=group-061CCE0C3C63,id=e1913c6f-5f92-40f7-b184-672b278ad36c
2019-09-28 05:40:54,591 [pool-119-thread-1] INFO  util.JmxRegister (JmxRegister.java:tryRegister(44)) - Successfully registered JMX Bean with object name Ratis:service=RaftServer,group=group-061CCE0C3C63,id=38e8276b-0564-4e1c-b20d-cf8d8fcd5643
2019-09-28 05:40:54,593 [RatisPipelineUtilsThread] INFO  pipeline.PipelineStateManager (PipelineStateManager.java:addPipeline(56)) - Created pipeline Pipeline[ Id: 31633b28-5f15-4b93-ad48-061cce0c3c63, Nodes: 8f5bcc06-38fd-4f67-bb33-a4a6b708286a{ip: 192.168.30.51, host: trunk-nightly-20190928-ftbhz-3025098182, networkLocation: /default-rack, certSerialId: null}e1913c6f-5f92-40f7-b184-672b278ad36c{ip: 192.168.30.51, host: trunk-nightly-20190928-ftbhz-3025098182, networkLocation: /default-rack, certSerialId: null}38e8276b-0564-4e1c-b20d-cf8d8fcd5643{ip: 192.168.30.51, host: trunk-nightly-20190928-ftbhz-3025098182, networkLocation: /default-rack, certSerialId: null}, Type:RATIS, Factor:THREE, State:OPEN]
2019-09-28 05:40:54,646 [IPC Server handler 4 on 45422] INFO  net.NetworkTopology (NetworkTopologyImpl.java:add(111)) - Added a new node: /default-rack/1ff08831-2bf9-4409-a8b0-f137793f5f47
2019-09-28 05:40:54,646 [IPC Server handler 4 on 45422] INFO  node.SCMNodeManager (SCMNodeManager.java:register(266)) - Registered Data node : 1ff08831-2bf9-4409-a8b0-f137793f5f47{ip: 192.168.30.51, host: trunk-nightly-20190928-ftbhz-3025098182, networkLocation: /default-rack, certSerialId: null}
2019-09-28 05:40:54,657 [grpc-default-executor-5] INFO  impl.RaftServerProxy (RaftServerProxy.java:addNew(89)) - f96c6bb0-35cd-4680-b916-87cea356f4b5: addNew group-FFA8C71D06B7:[f96c6bb0-35cd-4680-b916-87cea356f4b5:192.168.30.51:35895] returns group-FFA8C71D06B7:java.util.concurrent.CompletableFuture@291baa39[Not completed]
2019-09-28 05:40:54,665 [pool-149-thread-1] INFO  impl.RaftServerImpl (RaftServerImpl.java:<init>(95)) - f96c6bb0-35cd-4680-b916-87cea356f4b5: new RaftServerImpl for group-FFA8C71D06B7:[f96c6bb0-35cd-4680-b916-87cea356f4b5:192.168.30.51:35895] with ContainerStateMachine:uninitialized
2019-09-28 05:40:54,665 [pool-149-thread-1] INFO  server.RaftServerConfigKeys (ConfUtils.java:logGet(43)) - raft.server.rpc.timeout.min = 5s (custom)
2019-09-28 05:40:54,665 [pool-149-thread-1] INFO  server.RaftServerConfigKeys (ConfUtils.java:logGet(43)) - raft.server.rpc.timeout.max = 5200ms (custom)
2019-09-28 05:40:54,665 [pool-149-thread-1] INFO  server.RaftServerConfigKeys (ConfUtils.java:logGet(43)) - raft.server.rpcslowness.timeout = 120s (custom)
2019-09-28 05:40:54,665 [pool-149-thread-1] INFO  server.RaftServerConfigKeys (ConfUtils.java:logGet(43)) - raft.server.sleep.deviation.threshold = 300 (default)
2019-09-28 05:40:54,665 [pool-149-thread-1] INFO  server.RaftServerConfigKeys (ConfUtils.java:logGet(43)) - raft.server.log.appender.install.snapshot.enabled = false (custom)
2019-09-28 05:40:54,665 [pool-149-thread-1] INFO  impl.RaftServerImpl (ServerState.java:<init>(103)) - f96c6bb0-35cd-4680-b916-87cea356f4b5@group-FFA8C71D06B7: ConfigurationManager, init=-1: [f96c6bb0-35cd-4680-b916-87cea356f4b5:192.168.30.51:35895], old=null, confs=<EMPTY_MAP>
2019-09-28 05:40:54,666 [pool-149-thread-1] INFO  server.RaftServerConfigKeys (ConfUtils.java:logGet(43)) - raft.server.storage.dir = [/workdir/hadoop-ozone/integration-test/target/test-dir/MiniOzoneClusterImpl-cf793505-16a9-45eb-82c7-0f4c7e523749/datanode-3/data/ratis] (custom)
2019-09-28 05:40:54,666 [pool-149-thread-1] INFO  storage.RaftStorageDirectory (RaftStorageDirectory.java:analyzeStorage(246)) - The storage directory /workdir/hadoop-ozone/integration-test/target/test-dir/MiniOzoneClusterImpl-cf793505-16a9-45eb-82c7-0f4c7e523749/datanode-3/data/ratis/e968fc14-13a1-4518-aa2d-ffa8c71d06b7 does not exist. Creating ...
2019-09-28 05:40:54,681 [IPC Server handler 5 on 45422] INFO  net.NetworkTopology (NetworkTopologyImpl.java:add(111)) - Added a new node: /default-rack/2ea96f30-9ef7-4b6e-b81e-9105b046548f
2019-09-28 05:40:54,682 [IPC Server handler 5 on 45422] INFO  node.SCMNodeManager (SCMNodeManager.java:register(266)) - Registered Data node : 2ea96f30-9ef7-4b6e-b81e-9105b046548f{ip: 192.168.30.51, host: trunk-nightly-20190928-ftbhz-3025098182, networkLocation: /default-rack, certSerialId: null}
2019-09-28 05:40:54,692 [pool-149-thread-1] INFO  storage.RaftStorageDirectory (RaftStorageDirectory.java:tryLock(328)) - Lock on /workdir/hadoop-ozone/integration-test/target/test-dir/MiniOzoneClusterImpl-cf793505-16a9-45eb-82c7-0f4c7e523749/datanode-3/data/ratis/e968fc14-13a1-4518-aa2d-ffa8c71d06b7/in_use.lock acquired by nodename 21404@trunk-nightly-20190928-ftbhz-3025098182
2019-09-28 05:40:54,718 [pool-149-thread-1] INFO  storage.RaftStorage (RaftStorage.java:format(72)) - Storage directory /workdir/hadoop-ozone/integration-test/target/test-dir/MiniOzoneClusterImpl-cf793505-16a9-45eb-82c7-0f4c7e523749/datanode-3/data/ratis/e968fc14-13a1-4518-aa2d-ffa8c71d06b7 has been successfully formatted.
2019-09-28 05:40:54,718 [pool-149-thread-1] INFO  ratis.ContainerStateMachine (ContainerStateMachine.java:loadSnapshot(230)) - group-FFA8C71D06B7: The snapshot info is null. Setting the last applied indexto:(t:0, i:~)
2019-09-28 05:40:54,719 [pool-149-thread-1] INFO  server.RaftServerConfigKeys (ConfUtils.java:logGet(43)) - raft.server.notification.no-leader.timeout = 120s (custom)
2019-09-28 05:40:54,719 [pool-149-thread-1] INFO  server.RaftServerConfigKeys (ConfUtils.java:logGet(43)) - raft.server.log.use.memory = false (default)
2019-09-28 05:40:54,719 [pool-149-thread-1] INFO  server.RaftServerConfigKeys (ConfUtils.java:logGet(43)) - raft.server.log.purge.gap = 1000000 (custom)
2019-09-28 05:40:54,719 [pool-149-thread-1] INFO  server.RaftServerConfigKeys (ConfUtils.java:logGet(43)) - raft.server.log.appender.buffer.byte-limit = 33554432 (custom)
2019-09-28 05:40:54,719 [pool-149-thread-1] INFO  server.RaftServerConfigKeys (ConfUtils.java:logGet(43)) - raft.server.log.segment.size.max = 1048576 (custom)
2019-09-28 05:40:54,719 [pool-149-thread-1] INFO  server.RaftServerConfigKeys (ConfUtils.java:logGet(43)) - raft.server.log.segment.cache.num.max = 2 (custom)
2019-09-28 05:40:54,719 [pool-149-thread-1] INFO  segmented.SegmentedRaftLogWorker (SegmentedRaftLogWorker.java:<init>(172)) - new f96c6bb0-35cd-4680-b916-87cea356f4b5@group-FFA8C71D06B7-SegmentedRaftLogWorker for RaftStorage:Storage Directory /workdir/hadoop-ozone/integration-test/target/test-dir/MiniOzoneClusterImpl-cf793505-16a9-45eb-82c7-0f4c7e523749/datanode-3/data/ratis/e968fc14-13a1-4518-aa2d-ffa8c71d06b7
2019-09-28 05:40:54,721 [pool-149-thread-1] INFO  server.RaftServerConfigKeys (ConfUtils.java:logGet(43)) - raft.server.log.queue.byte-limit = 2147483647 (custom)
2019-09-28 05:40:54,722 [pool-149-thread-1] INFO  server.RaftServerConfigKeys (ConfUtils.java:logGet(43)) - raft.server.log.queue.element-limit = 1024 (custom)
2019-09-28 05:40:54,722 [pool-149-thread-1] INFO  server.RaftServerConfigKeys (ConfUtils.java:logGet(43)) - raft.server.log.segment.size.max = 1048576 (custom)
2019-09-28 05:40:54,722 [pool-149-thread-1] INFO  server.RaftServerConfigKeys (ConfUtils.java:logGet(43)) - raft.server.log.preallocated.size = 16384 (custom)
2019-09-28 05:40:54,722 [pool-149-thread-1] INFO  server.RaftServerConfigKeys (ConfUtils.java:logGet(43)) - raft.server.log.write.buffer.size = 33554432 (custom)
2019-09-28 05:40:54,722 [pool-149-thread-1] INFO  server.RaftServerConfigKeys (ConfUtils.java:logGet(43)) - raft.server.log.force.sync.num = 128 (default)
2019-09-28 05:40:54,722 [pool-149-thread-1] INFO  server.RaftServerConfigKeys (ConfUtils.java:logGet(43)) - raft.server.log.statemachine.data.sync = true (default)
2019-09-28 05:40:54,723 [pool-149-thread-1] INFO  server.RaftServerConfigKeys (ConfUtils.java:logGet(43)) - raft.server.log.statemachine.data.sync.timeout = 10s (default)
2019-09-28 05:40:54,723 [pool-149-thread-1] INFO  server.RaftServerConfigKeys (ConfUtils.java:logGet(43)) - raft.server.log.statemachine.data.sync.timeout.retry = -1 (default)
2019-09-28 05:40:54,723 [pool-149-thread-1] INFO  server.RaftServerConfigKeys (ConfUtils.java:logGet(43)) - raft.server.log.statemachine.data.caching.enabled = true (custom)
2019-09-28 05:40:54,723 [pool-149-thread-1] INFO  segmented.SegmentedRaftLogWorker (SegmentedRaftLogWorker.java:lambda$new$0(132)) - f96c6bb0-35cd-4680-b916-87cea356f4b5@group-FFA8C71D06B7-SegmentedRaftLogWorker: flushIndex: setUnconditionally 0 -> -1
2019-09-28 05:40:54,724 [pool-149-thread-1] INFO  server.RaftServerConfigKeys (ConfUtils.java:logGet(43)) - raft.server.snapshot.auto.trigger.enabled = true (custom)
2019-09-28 05:40:54,724 [pool-149-thread-1] INFO  server.RaftServerConfigKeys (ConfUtils.java:logGet(43)) - raft.server.snapshot.auto.trigger.threshold = 10000 (custom)
2019-09-28 05:40:54,724 [pool-149-thread-1] INFO  server.RaftServerConfigKeys (ConfUtils.java:logGet(43)) - raft.server.snapshot.retention.num.files = 5 (custom)
2019-09-28 05:40:54,724 [pool-149-thread-1] INFO  server.RaftServerConfigKeys (ConfUtils.java:logGet(43)) - raft.server.retrycache.expirytime = 600000ms (custom)
2019-09-28 05:40:54,727 [pool-149-thread-1] INFO  impl.RaftServerImpl (RaftServerImpl.java:start(185)) - f96c6bb0-35cd-4680-b916-87cea356f4b5@group-FFA8C71D06B7: start as a follower, conf=-1: [f96c6bb0-35cd-4680-b916-87cea356f4b5:192.168.30.51:35895], old=null
2019-09-28 05:40:54,727 [pool-149-thread-1] INFO  impl.RaftServerImpl (RaftServerImpl.java:setRole(174)) - f96c6bb0-35cd-4680-b916-87cea356f4b5@group-FFA8C71D06B7: changes role from      null to FOLLOWER at term 0 for startAsFollower
2019-09-28 05:40:54,727 [pool-149-thread-1] INFO  impl.RoleInfo (RoleInfo.java:updateAndGet(143)) - f96c6bb0-35cd-4680-b916-87cea356f4b5: start FollowerState
2019-09-28 05:40:54,727 [pool-149-thread-1] INFO  util.JmxRegister (JmxRegister.java:tryRegister(44)) - Successfully registered JMX Bean with object name Ratis:service=RaftServer,group=group-FFA8C71D06B7,id=f96c6bb0-35cd-4680-b916-87cea356f4b5
2019-09-28 05:40:54,731 [RatisPipelineUtilsThread] INFO  pipeline.PipelineStateManager (PipelineStateManager.java:addPipeline(56)) - Created pipeline Pipeline[ Id: e968fc14-13a1-4518-aa2d-ffa8c71d06b7, Nodes: f96c6bb0-35cd-4680-b916-87cea356f4b5{ip: 192.168.30.51, host: trunk-nightly-20190928-ftbhz-3025098182, networkLocation: /default-rack, certSerialId: null}, Type:RATIS, Factor:ONE, State:OPEN]
2019-09-28 05:40:54,740 [grpc-default-executor-5] INFO  impl.RaftServerProxy (RaftServerProxy.java:addNew(89)) - 2ea96f30-9ef7-4b6e-b81e-9105b046548f: addNew group-BFF319916E41:[2ea96f30-9ef7-4b6e-b81e-9105b046548f:192.168.30.51:38778] returns group-BFF319916E41:java.util.concurrent.CompletableFuture@26de19d4[Not completed]
2019-09-28 05:40:54,745 [pool-169-thread-1] INFO  impl.RaftServerImpl (RaftServerImpl.java:<init>(95)) - 2ea96f30-9ef7-4b6e-b81e-9105b046548f: new RaftServerImpl for group-BFF319916E41:[2ea96f30-9ef7-4b6e-b81e-9105b046548f:192.168.30.51:38778] with ContainerStateMachine:uninitialized
2019-09-28 05:40:54,745 [pool-169-thread-1] INFO  server.RaftServerConfigKeys (ConfUtils.java:logGet(43)) - raft.server.rpc.timeout.min = 5s (custom)
2019-09-28 05:40:54,745 [pool-169-thread-1] INFO  server.RaftServerConfigKeys (ConfUtils.java:logGet(43)) - raft.server.rpc.timeout.max = 5200ms (custom)
2019-09-28 05:40:54,745 [pool-169-thread-1] INFO  server.RaftServerConfigKeys (ConfUtils.java:logGet(43)) - raft.server.rpcslowness.timeout = 120s (custom)
2019-09-28 05:40:54,745 [pool-169-thread-1] INFO  server.RaftServerConfigKeys (ConfUtils.java:logGet(43)) - raft.server.sleep.deviation.threshold = 300 (default)
2019-09-28 05:40:54,745 [pool-169-thread-1] INFO  server.RaftServerConfigKeys (ConfUtils.java:logGet(43)) - raft.server.log.appender.install.snapshot.enabled = false (custom)
2019-09-28 05:40:54,745 [pool-169-thread-1] INFO  impl.RaftServerImpl (ServerState.java:<init>(103)) - 2ea96f30-9ef7-4b6e-b81e-9105b046548f@group-BFF319916E41: ConfigurationManager, init=-1: [2ea96f30-9ef7-4b6e-b81e-9105b046548f:192.168.30.51:38778], old=null, confs=<EMPTY_MAP>
2019-09-28 05:40:54,746 [pool-169-thread-1] INFO  server.RaftServerConfigKeys (ConfUtils.java:logGet(43)) - raft.server.storage.dir = [/workdir/hadoop-ozone/integration-test/target/test-dir/MiniOzoneClusterImpl-cf793505-16a9-45eb-82c7-0f4c7e523749/datanode-5/data/ratis] (custom)
2019-09-28 05:40:54,746 [pool-169-thread-1] INFO  storage.RaftStorageDirectory (RaftStorageDirectory.java:analyzeStorage(246)) - The storage directory /workdir/hadoop-ozone/integration-test/target/test-dir/MiniOzoneClusterImpl-cf793505-16a9-45eb-82c7-0f4c7e523749/datanode-5/data/ratis/2614d347-e375-481c-863e-bff319916e41 does not exist. Creating ...
2019-09-28 05:40:54,764 [main] INFO  ozone.MiniOzoneClusterImpl (MiniOzoneClusterImpl.java:lambda$waitForClusterToBeReady$0(147)) - Waiting for cluster to be ready. Got 6 of 7 DN Heartbeats.
2019-09-28 05:40:54,765 [IPC Server handler 6 on 45422] INFO  net.NetworkTopology (NetworkTopologyImpl.java:add(111)) - Added a new node: /default-rack/655b5729-6a0f-4a94-81c6-8a03f37304c4
2019-09-28 05:40:54,765 [IPC Server handler 6 on 45422] INFO  node.SCMNodeManager (SCMNodeManager.java:register(266)) - Registered Data node : 655b5729-6a0f-4a94-81c6-8a03f37304c4{ip: 192.168.30.51, host: trunk-nightly-20190928-ftbhz-3025098182, networkLocation: /default-rack, certSerialId: null}
2019-09-28 05:40:54,768 [pool-169-thread-1] INFO  storage.RaftStorageDirectory (RaftStorageDirectory.java:tryLock(328)) - Lock on /workdir/hadoop-ozone/integration-test/target/test-dir/MiniOzoneClusterImpl-cf793505-16a9-45eb-82c7-0f4c7e523749/datanode-5/data/ratis/2614d347-e375-481c-863e-bff319916e41/in_use.lock acquired by nodename 21404@trunk-nightly-20190928-ftbhz-3025098182
2019-09-28 05:40:54,785 [pool-169-thread-1] INFO  storage.RaftStorage (RaftStorage.java:format(72)) - Storage directory /workdir/hadoop-ozone/integration-test/target/test-dir/MiniOzoneClusterImpl-cf793505-16a9-45eb-82c7-0f4c7e523749/datanode-5/data/ratis/2614d347-e375-481c-863e-bff319916e41 has been successfully formatted.
2019-09-28 05:40:54,786 [pool-169-thread-1] INFO  ratis.ContainerStateMachine (ContainerStateMachine.java:loadSnapshot(230)) - group-BFF319916E41: The snapshot info is null. Setting the last applied indexto:(t:0, i:~)
2019-09-28 05:40:54,786 [pool-169-thread-1] INFO  server.RaftServerConfigKeys (ConfUtils.java:logGet(43)) - raft.server.notification.no-leader.timeout = 120s (custom)
2019-09-28 05:40:54,786 [pool-169-thread-1] INFO  server.RaftServerConfigKeys (ConfUtils.java:logGet(43)) - raft.server.log.use.memory = false (default)
2019-09-28 05:40:54,786 [pool-169-thread-1] INFO  server.RaftServerConfigKeys (ConfUtils.java:logGet(43)) - raft.server.log.purge.gap = 1000000 (custom)
2019-09-28 05:40:54,786 [pool-169-thread-1] INFO  server.RaftServerConfigKeys (ConfUtils.java:logGet(43)) - raft.server.log.appender.buffer.byte-limit = 33554432 (custom)
2019-09-28 05:40:54,786 [pool-169-thread-1] INFO  server.RaftServerConfigKeys (ConfUtils.java:logGet(43)) - raft.server.log.segment.size.max = 1048576 (custom)
2019-09-28 05:40:54,786 [pool-169-thread-1] INFO  server.RaftServerConfigKeys (ConfUtils.java:logGet(43)) - raft.server.log.segment.cache.num.max = 2 (custom)
2019-09-28 05:40:54,787 [pool-169-thread-1] INFO  segmented.SegmentedRaftLogWorker (SegmentedRaftLogWorker.java:<init>(172)) - new 2ea96f30-9ef7-4b6e-b81e-9105b046548f@group-BFF319916E41-SegmentedRaftLogWorker for RaftStorage:Storage Directory /workdir/hadoop-ozone/integration-test/target/test-dir/MiniOzoneClusterImpl-cf793505-16a9-45eb-82c7-0f4c7e523749/datanode-5/data/ratis/2614d347-e375-481c-863e-bff319916e41
2019-09-28 05:40:54,788 [pool-169-thread-1] INFO  server.RaftServerConfigKeys (ConfUtils.java:logGet(43)) - raft.server.log.queue.byte-limit = 2147483647 (custom)
2019-09-28 05:40:54,789 [pool-169-thread-1] INFO  server.RaftServerConfigKeys (ConfUtils.java:logGet(43)) - raft.server.log.queue.element-limit = 1024 (custom)
2019-09-28 05:40:54,789 [pool-169-thread-1] INFO  server.RaftServerConfigKeys (ConfUtils.java:logGet(43)) - raft.server.log.segment.size.max = 1048576 (custom)
2019-09-28 05:40:54,789 [pool-169-thread-1] INFO  server.RaftServerConfigKeys (ConfUtils.java:logGet(43)) - raft.server.log.preallocated.size = 16384 (custom)
2019-09-28 05:40:54,789 [pool-169-thread-1] INFO  server.RaftServerConfigKeys (ConfUtils.java:logGet(43)) - raft.server.log.write.buffer.size = 33554432 (custom)
2019-09-28 05:40:54,789 [pool-169-thread-1] INFO  server.RaftServerConfigKeys (ConfUtils.java:logGet(43)) - raft.server.log.force.sync.num = 128 (default)
2019-09-28 05:40:54,790 [pool-169-thread-1] INFO  server.RaftServerConfigKeys (ConfUtils.java:logGet(43)) - raft.server.log.statemachine.data.sync = true (default)
2019-09-28 05:40:54,790 [pool-169-thread-1] INFO  server.RaftServerConfigKeys (ConfUtils.java:logGet(43)) - raft.server.log.statemachine.data.sync.timeout = 10s (default)
2019-09-28 05:40:54,790 [pool-169-thread-1] INFO  server.RaftServerConfigKeys (ConfUtils.java:logGet(43)) - raft.server.log.statemachine.data.sync.timeout.retry = -1 (default)
2019-09-28 05:40:54,790 [pool-169-thread-1] INFO  server.RaftServerConfigKeys (ConfUtils.java:logGet(43)) - raft.server.log.statemachine.data.caching.enabled = true (custom)
2019-09-28 05:40:54,790 [pool-169-thread-1] INFO  segmented.SegmentedRaftLogWorker (SegmentedRaftLogWorker.java:lambda$new$0(132)) - 2ea96f30-9ef7-4b6e-b81e-9105b046548f@group-BFF319916E41-SegmentedRaftLogWorker: flushIndex: setUnconditionally 0 -> -1
2019-09-28 05:40:54,791 [pool-169-thread-1] INFO  server.RaftServerConfigKeys (ConfUtils.java:logGet(43)) - raft.server.snapshot.auto.trigger.enabled = true (custom)
2019-09-28 05:40:54,791 [pool-169-thread-1] INFO  server.RaftServerConfigKeys (ConfUtils.java:logGet(43)) - raft.server.snapshot.auto.trigger.threshold = 10000 (custom)
2019-09-28 05:40:54,791 [pool-169-thread-1] INFO  server.RaftServerConfigKeys (ConfUtils.java:logGet(43)) - raft.server.snapshot.retention.num.files = 5 (custom)
2019-09-28 05:40:54,791 [pool-169-thread-1] INFO  server.RaftServerConfigKeys (ConfUtils.java:logGet(43)) - raft.server.retrycache.expirytime = 600000ms (custom)
2019-09-28 05:40:54,793 [pool-169-thread-1] INFO  impl.RaftServerImpl (RaftServerImpl.java:start(185)) - 2ea96f30-9ef7-4b6e-b81e-9105b046548f@group-BFF319916E41: start as a follower, conf=-1: [2ea96f30-9ef7-4b6e-b81e-9105b046548f:192.168.30.51:38778], old=null
2019-09-28 05:40:54,793 [pool-169-thread-1] INFO  impl.RaftServerImpl (RaftServerImpl.java:setRole(174)) - 2ea96f30-9ef7-4b6e-b81e-9105b046548f@group-BFF319916E41: changes role from      null to FOLLOWER at term 0 for startAsFollower
2019-09-28 05:40:54,793 [pool-169-thread-1] INFO  impl.RoleInfo (RoleInfo.java:updateAndGet(143)) - 2ea96f30-9ef7-4b6e-b81e-9105b046548f: start FollowerState
2019-09-28 05:40:54,793 [pool-169-thread-1] INFO  util.JmxRegister (JmxRegister.java:tryRegister(44)) - Successfully registered JMX Bean with object name Ratis:service=RaftServer,group=group-BFF319916E41,id=2ea96f30-9ef7-4b6e-b81e-9105b046548f
2019-09-28 05:40:54,796 [RatisPipelineUtilsThread] INFO  pipeline.PipelineStateManager (PipelineStateManager.java:addPipeline(56)) - Created pipeline Pipeline[ Id: 2614d347-e375-481c-863e-bff319916e41, Nodes: 2ea96f30-9ef7-4b6e-b81e-9105b046548f{ip: 192.168.30.51, host: trunk-nightly-20190928-ftbhz-3025098182, networkLocation: /default-rack, certSerialId: null}, Type:RATIS, Factor:ONE, State:OPEN]
2019-09-28 05:40:54,813 [grpc-default-executor-5] INFO  impl.RaftServerProxy (RaftServerProxy.java:addNew(89)) - 655b5729-6a0f-4a94-81c6-8a03f37304c4: addNew group-E60B44BAE2BF:[655b5729-6a0f-4a94-81c6-8a03f37304c4:192.168.30.51:41755] returns group-E60B44BAE2BF:java.util.concurrent.CompletableFuture@65272406[Not completed]
2019-09-28 05:40:54,818 [pool-179-thread-1] INFO  impl.RaftServerImpl (RaftServerImpl.java:<init>(95)) - 655b5729-6a0f-4a94-81c6-8a03f37304c4: new RaftServerImpl for group-E60B44BAE2BF:[655b5729-6a0f-4a94-81c6-8a03f37304c4:192.168.30.51:41755] with ContainerStateMachine:uninitialized
2019-09-28 05:40:54,818 [pool-179-thread-1] INFO  server.RaftServerConfigKeys (ConfUtils.java:logGet(43)) - raft.server.rpc.timeout.min = 5s (custom)
2019-09-28 05:40:54,818 [pool-179-thread-1] INFO  server.RaftServerConfigKeys (ConfUtils.java:logGet(43)) - raft.server.rpc.timeout.max = 5200ms (custom)
2019-09-28 05:40:54,818 [pool-179-thread-1] INFO  server.RaftServerConfigKeys (ConfUtils.java:logGet(43)) - raft.server.rpcslowness.timeout = 120s (custom)
2019-09-28 05:40:54,818 [pool-179-thread-1] INFO  server.RaftServerConfigKeys (ConfUtils.java:logGet(43)) - raft.server.sleep.deviation.threshold = 300 (default)
2019-09-28 05:40:54,818 [pool-179-thread-1] INFO  server.RaftServerConfigKeys (ConfUtils.java:logGet(43)) - raft.server.log.appender.install.snapshot.enabled = false (custom)
2019-09-28 05:40:54,818 [pool-179-thread-1] INFO  impl.RaftServerImpl (ServerState.java:<init>(103)) - 655b5729-6a0f-4a94-81c6-8a03f37304c4@group-E60B44BAE2BF: ConfigurationManager, init=-1: [655b5729-6a0f-4a94-81c6-8a03f37304c4:192.168.30.51:41755], old=null, confs=<EMPTY_MAP>
2019-09-28 05:40:54,819 [pool-179-thread-1] INFO  server.RaftServerConfigKeys (ConfUtils.java:logGet(43)) - raft.server.storage.dir = [/workdir/hadoop-ozone/integration-test/target/test-dir/MiniOzoneClusterImpl-cf793505-16a9-45eb-82c7-0f4c7e523749/datanode-6/data/ratis] (custom)
2019-09-28 05:40:54,819 [pool-179-thread-1] INFO  storage.RaftStorageDirectory (RaftStorageDirectory.java:analyzeStorage(246)) - The storage directory /workdir/hadoop-ozone/integration-test/target/test-dir/MiniOzoneClusterImpl-cf793505-16a9-45eb-82c7-0f4c7e523749/datanode-6/data/ratis/648d8291-48a0-4ca3-aeaf-e60b44bae2bf does not exist. Creating ...
2019-09-28 05:40:54,844 [pool-179-thread-1] INFO  storage.RaftStorageDirectory (RaftStorageDirectory.java:tryLock(328)) - Lock on /workdir/hadoop-ozone/integration-test/target/test-dir/MiniOzoneClusterImpl-cf793505-16a9-45eb-82c7-0f4c7e523749/datanode-6/data/ratis/648d8291-48a0-4ca3-aeaf-e60b44bae2bf/in_use.lock acquired by nodename 21404@trunk-nightly-20190928-ftbhz-3025098182
2019-09-28 05:40:54,870 [pool-179-thread-1] INFO  storage.RaftStorage (RaftStorage.java:format(72)) - Storage directory /workdir/hadoop-ozone/integration-test/target/test-dir/MiniOzoneClusterImpl-cf793505-16a9-45eb-82c7-0f4c7e523749/datanode-6/data/ratis/648d8291-48a0-4ca3-aeaf-e60b44bae2bf has been successfully formatted.
2019-09-28 05:40:54,870 [pool-179-thread-1] INFO  ratis.ContainerStateMachine (ContainerStateMachine.java:loadSnapshot(230)) - group-E60B44BAE2BF: The snapshot info is null. Setting the last applied indexto:(t:0, i:~)
2019-09-28 05:40:54,870 [pool-179-thread-1] INFO  server.RaftServerConfigKeys (ConfUtils.java:logGet(43)) - raft.server.notification.no-leader.timeout = 120s (custom)
2019-09-28 05:40:54,870 [pool-179-thread-1] INFO  server.RaftServerConfigKeys (ConfUtils.java:logGet(43)) - raft.server.log.use.memory = false (default)
2019-09-28 05:40:54,871 [pool-179-thread-1] INFO  server.RaftServerConfigKeys (ConfUtils.java:logGet(43)) - raft.server.log.purge.gap = 1000000 (custom)
2019-09-28 05:40:54,871 [pool-179-thread-1] INFO  server.RaftServerConfigKeys (ConfUtils.java:logGet(43)) - raft.server.log.appender.buffer.byte-limit = 33554432 (custom)
2019-09-28 05:40:54,871 [pool-179-thread-1] INFO  server.RaftServerConfigKeys (ConfUtils.java:logGet(43)) - raft.server.log.segment.size.max = 1048576 (custom)
2019-09-28 05:40:54,871 [pool-179-thread-1] INFO  server.RaftServerConfigKeys (ConfUtils.java:logGet(43)) - raft.server.log.segment.cache.num.max = 2 (custom)
2019-09-28 05:40:54,871 [pool-179-thread-1] INFO  segmented.SegmentedRaftLogWorker (SegmentedRaftLogWorker.java:<init>(172)) - new 655b5729-6a0f-4a94-81c6-8a03f37304c4@group-E60B44BAE2BF-SegmentedRaftLogWorker for RaftStorage:Storage Directory /workdir/hadoop-ozone/integration-test/target/test-dir/MiniOzoneClusterImpl-cf793505-16a9-45eb-82c7-0f4c7e523749/datanode-6/data/ratis/648d8291-48a0-4ca3-aeaf-e60b44bae2bf
2019-09-28 05:40:54,874 [pool-179-thread-1] INFO  server.RaftServerConfigKeys (ConfUtils.java:logGet(43)) - raft.server.log.queue.byte-limit = 2147483647 (custom)
2019-09-28 05:40:54,874 [pool-179-thread-1] INFO  server.RaftServerConfigKeys (ConfUtils.java:logGet(43)) - raft.server.log.queue.element-limit = 1024 (custom)
2019-09-28 05:40:54,874 [pool-179-thread-1] INFO  server.RaftServerConfigKeys (ConfUtils.java:logGet(43)) - raft.server.log.segment.size.max = 1048576 (custom)
2019-09-28 05:40:54,874 [pool-179-thread-1] INFO  server.RaftServerConfigKeys (ConfUtils.java:logGet(43)) - raft.server.log.preallocated.size = 16384 (custom)
2019-09-28 05:40:54,874 [pool-179-thread-1] INFO  server.RaftServerConfigKeys (ConfUtils.java:logGet(43)) - raft.server.log.write.buffer.size = 33554432 (custom)
2019-09-28 05:40:54,874 [pool-179-thread-1] INFO  server.RaftServerConfigKeys (ConfUtils.java:logGet(43)) - raft.server.log.force.sync.num = 128 (default)
2019-09-28 05:40:54,875 [pool-179-thread-1] INFO  server.RaftServerConfigKeys (ConfUtils.java:logGet(43)) - raft.server.log.statemachine.data.sync = true (default)
2019-09-28 05:40:54,875 [pool-179-thread-1] INFO  server.RaftServerConfigKeys (ConfUtils.java:logGet(43)) - raft.server.log.statemachine.data.sync.timeout = 10s (default)
2019-09-28 05:40:54,875 [pool-179-thread-1] INFO  server.RaftServerConfigKeys (ConfUtils.java:logGet(43)) - raft.server.log.statemachine.data.sync.timeout.retry = -1 (default)
2019-09-28 05:40:54,875 [pool-179-thread-1] INFO  server.RaftServerConfigKeys (ConfUtils.java:logGet(43)) - raft.server.log.statemachine.data.caching.enabled = true (custom)
2019-09-28 05:40:54,875 [pool-179-thread-1] INFO  segmented.SegmentedRaftLogWorker (SegmentedRaftLogWorker.java:lambda$new$0(132)) - 655b5729-6a0f-4a94-81c6-8a03f37304c4@group-E60B44BAE2BF-SegmentedRaftLogWorker: flushIndex: setUnconditionally 0 -> -1
2019-09-28 05:40:54,875 [pool-179-thread-1] INFO  server.RaftServerConfigKeys (ConfUtils.java:logGet(43)) - raft.server.snapshot.auto.trigger.enabled = true (custom)
2019-09-28 05:40:54,876 [pool-179-thread-1] INFO  server.RaftServerConfigKeys (ConfUtils.java:logGet(43)) - raft.server.snapshot.auto.trigger.threshold = 10000 (custom)
2019-09-28 05:40:54,876 [pool-179-thread-1] INFO  server.RaftServerConfigKeys (ConfUtils.java:logGet(43)) - raft.server.snapshot.retention.num.files = 5 (custom)
2019-09-28 05:40:54,876 [pool-179-thread-1] INFO  server.RaftServerConfigKeys (ConfUtils.java:logGet(43)) - raft.server.retrycache.expirytime = 600000ms (custom)
2019-09-28 05:40:54,878 [pool-179-thread-1] INFO  impl.RaftServerImpl (RaftServerImpl.java:start(185)) - 655b5729-6a0f-4a94-81c6-8a03f37304c4@group-E60B44BAE2BF: start as a follower, conf=-1: [655b5729-6a0f-4a94-81c6-8a03f37304c4:192.168.30.51:41755], old=null
2019-09-28 05:40:54,878 [pool-179-thread-1] INFO  impl.RaftServerImpl (RaftServerImpl.java:setRole(174)) - 655b5729-6a0f-4a94-81c6-8a03f37304c4@group-E60B44BAE2BF: changes role from      null to FOLLOWER at term 0 for startAsFollower
2019-09-28 05:40:54,878 [pool-179-thread-1] INFO  impl.RoleInfo (RoleInfo.java:updateAndGet(143)) - 655b5729-6a0f-4a94-81c6-8a03f37304c4: start FollowerState
2019-09-28 05:40:54,878 [pool-179-thread-1] INFO  util.JmxRegister (JmxRegister.java:tryRegister(44)) - Successfully registered JMX Bean with object name Ratis:service=RaftServer,group=group-E60B44BAE2BF,id=655b5729-6a0f-4a94-81c6-8a03f37304c4
2019-09-28 05:40:54,881 [RatisPipelineUtilsThread] INFO  pipeline.PipelineStateManager (PipelineStateManager.java:addPipeline(56)) - Created pipeline Pipeline[ Id: 648d8291-48a0-4ca3-aeaf-e60b44bae2bf, Nodes: 655b5729-6a0f-4a94-81c6-8a03f37304c4{ip: 192.168.30.51, host: trunk-nightly-20190928-ftbhz-3025098182, networkLocation: /default-rack, certSerialId: null}, Type:RATIS, Factor:ONE, State:OPEN]
2019-09-28 05:40:54,889 [grpc-default-executor-5] INFO  impl.RaftServerProxy (RaftServerProxy.java:addNew(89)) - 1ff08831-2bf9-4409-a8b0-f137793f5f47: addNew group-A55114B9F5B2:[1ff08831-2bf9-4409-a8b0-f137793f5f47:192.168.30.51:40310] returns group-A55114B9F5B2:java.util.concurrent.CompletableFuture@16601e9a[Not completed]
2019-09-28 05:40:54,894 [pool-159-thread-1] INFO  impl.RaftServerImpl (RaftServerImpl.java:<init>(95)) - 1ff08831-2bf9-4409-a8b0-f137793f5f47: new RaftServerImpl for group-A55114B9F5B2:[1ff08831-2bf9-4409-a8b0-f137793f5f47:192.168.30.51:40310] with ContainerStateMachine:uninitialized
2019-09-28 05:40:54,894 [pool-159-thread-1] INFO  server.RaftServerConfigKeys (ConfUtils.java:logGet(43)) - raft.server.rpc.timeout.min = 5s (custom)
2019-09-28 05:40:54,894 [pool-159-thread-1] INFO  server.RaftServerConfigKeys (ConfUtils.java:logGet(43)) - raft.server.rpc.timeout.max = 5200ms (custom)
2019-09-28 05:40:54,894 [pool-159-thread-1] INFO  server.RaftServerConfigKeys (ConfUtils.java:logGet(43)) - raft.server.rpcslowness.timeout = 120s (custom)
2019-09-28 05:40:54,894 [pool-159-thread-1] INFO  server.RaftServerConfigKeys (ConfUtils.java:logGet(43)) - raft.server.sleep.deviation.threshold = 300 (default)
2019-09-28 05:40:54,895 [pool-159-thread-1] INFO  server.RaftServerConfigKeys (ConfUtils.java:logGet(43)) - raft.server.log.appender.install.snapshot.enabled = false (custom)
2019-09-28 05:40:54,895 [pool-159-thread-1] INFO  impl.RaftServerImpl (ServerState.java:<init>(103)) - 1ff08831-2bf9-4409-a8b0-f137793f5f47@group-A55114B9F5B2: ConfigurationManager, init=-1: [1ff08831-2bf9-4409-a8b0-f137793f5f47:192.168.30.51:40310], old=null, confs=<EMPTY_MAP>
2019-09-28 05:40:54,895 [pool-159-thread-1] INFO  server.RaftServerConfigKeys (ConfUtils.java:logGet(43)) - raft.server.storage.dir = [/workdir/hadoop-ozone/integration-test/target/test-dir/MiniOzoneClusterImpl-cf793505-16a9-45eb-82c7-0f4c7e523749/datanode-4/data/ratis] (custom)
2019-09-28 05:40:54,895 [pool-159-thread-1] INFO  storage.RaftStorageDirectory (RaftStorageDirectory.java:analyzeStorage(246)) - The storage directory /workdir/hadoop-ozone/integration-test/target/test-dir/MiniOzoneClusterImpl-cf793505-16a9-45eb-82c7-0f4c7e523749/datanode-4/data/ratis/74d0648f-c603-405d-a954-a55114b9f5b2 does not exist. Creating ...
2019-09-28 05:40:54,920 [pool-159-thread-1] INFO  storage.RaftStorageDirectory (RaftStorageDirectory.java:tryLock(328)) - Lock on /workdir/hadoop-ozone/integration-test/target/test-dir/MiniOzoneClusterImpl-cf793505-16a9-45eb-82c7-0f4c7e523749/datanode-4/data/ratis/74d0648f-c603-405d-a954-a55114b9f5b2/in_use.lock acquired by nodename 21404@trunk-nightly-20190928-ftbhz-3025098182
2019-09-28 05:40:54,945 [pool-159-thread-1] INFO  storage.RaftStorage (RaftStorage.java:format(72)) - Storage directory /workdir/hadoop-ozone/integration-test/target/test-dir/MiniOzoneClusterImpl-cf793505-16a9-45eb-82c7-0f4c7e523749/datanode-4/data/ratis/74d0648f-c603-405d-a954-a55114b9f5b2 has been successfully formatted.
2019-09-28 05:40:54,946 [pool-159-thread-1] INFO  ratis.ContainerStateMachine (ContainerStateMachine.java:loadSnapshot(230)) - group-A55114B9F5B2: The snapshot info is null. Setting the last applied indexto:(t:0, i:~)
2019-09-28 05:40:54,946 [pool-159-thread-1] INFO  server.RaftServerConfigKeys (ConfUtils.java:logGet(43)) - raft.server.notification.no-leader.timeout = 120s (custom)
2019-09-28 05:40:54,946 [pool-159-thread-1] INFO  server.RaftServerConfigKeys (ConfUtils.java:logGet(43)) - raft.server.log.use.memory = false (default)
2019-09-28 05:40:54,946 [pool-159-thread-1] INFO  server.RaftServerConfigKeys (ConfUtils.java:logGet(43)) - raft.server.log.purge.gap = 1000000 (custom)
2019-09-28 05:40:54,946 [pool-159-thread-1] INFO  server.RaftServerConfigKeys (ConfUtils.java:logGet(43)) - raft.server.log.appender.buffer.byte-limit = 33554432 (custom)
2019-09-28 05:40:54,946 [pool-159-thread-1] INFO  server.RaftServerConfigKeys (ConfUtils.java:logGet(43)) - raft.server.log.segment.size.max = 1048576 (custom)
2019-09-28 05:40:54,946 [pool-159-thread-1] INFO  server.RaftServerConfigKeys (ConfUtils.java:logGet(43)) - raft.server.log.segment.cache.num.max = 2 (custom)
2019-09-28 05:40:54,946 [pool-159-thread-1] INFO  segmented.SegmentedRaftLogWorker (SegmentedRaftLogWorker.java:<init>(172)) - new 1ff08831-2bf9-4409-a8b0-f137793f5f47@group-A55114B9F5B2-SegmentedRaftLogWorker for RaftStorage:Storage Directory /workdir/hadoop-ozone/integration-test/target/test-dir/MiniOzoneClusterImpl-cf793505-16a9-45eb-82c7-0f4c7e523749/datanode-4/data/ratis/74d0648f-c603-405d-a954-a55114b9f5b2
2019-09-28 05:40:54,948 [pool-159-thread-1] INFO  server.RaftServerConfigKeys (ConfUtils.java:logGet(43)) - raft.server.log.queue.byte-limit = 2147483647 (custom)
2019-09-28 05:40:54,948 [pool-159-thread-1] INFO  server.RaftServerConfigKeys (ConfUtils.java:logGet(43)) - raft.server.log.queue.element-limit = 1024 (custom)
2019-09-28 05:40:54,948 [pool-159-thread-1] INFO  server.RaftServerConfigKeys (ConfUtils.java:logGet(43)) - raft.server.log.segment.size.max = 1048576 (custom)
2019-09-28 05:40:54,948 [pool-159-thread-1] INFO  server.RaftServerConfigKeys (ConfUtils.java:logGet(43)) - raft.server.log.preallocated.size = 16384 (custom)
2019-09-28 05:40:54,949 [pool-159-thread-1] INFO  server.RaftServerConfigKeys (ConfUtils.java:logGet(43)) - raft.server.log.write.buffer.size = 33554432 (custom)
2019-09-28 05:40:54,949 [pool-159-thread-1] INFO  server.RaftServerConfigKeys (ConfUtils.java:logGet(43)) - raft.server.log.force.sync.num = 128 (default)
2019-09-28 05:40:54,949 [pool-159-thread-1] INFO  server.RaftServerConfigKeys (ConfUtils.java:logGet(43)) - raft.server.log.statemachine.data.sync = true (default)
2019-09-28 05:40:54,949 [pool-159-thread-1] INFO  server.RaftServerConfigKeys (ConfUtils.java:logGet(43)) - raft.server.log.statemachine.data.sync.timeout = 10s (default)
2019-09-28 05:40:54,949 [pool-159-thread-1] INFO  server.RaftServerConfigKeys (ConfUtils.java:logGet(43)) - raft.server.log.statemachine.data.sync.timeout.retry = -1 (default)
2019-09-28 05:40:54,949 [pool-159-thread-1] INFO  server.RaftServerConfigKeys (ConfUtils.java:logGet(43)) - raft.server.log.statemachine.data.caching.enabled = true (custom)
2019-09-28 05:40:54,950 [pool-159-thread-1] INFO  segmented.SegmentedRaftLogWorker (SegmentedRaftLogWorker.java:lambda$new$0(132)) - 1ff08831-2bf9-4409-a8b0-f137793f5f47@group-A55114B9F5B2-SegmentedRaftLogWorker: flushIndex: setUnconditionally 0 -> -1
2019-09-28 05:40:54,950 [pool-159-thread-1] INFO  server.RaftServerConfigKeys (ConfUtils.java:logGet(43)) - raft.server.snapshot.auto.trigger.enabled = true (custom)
2019-09-28 05:40:54,950 [pool-159-thread-1] INFO  server.RaftServerConfigKeys (ConfUtils.java:logGet(43)) - raft.server.snapshot.auto.trigger.threshold = 10000 (custom)
2019-09-28 05:40:54,950 [pool-159-thread-1] INFO  server.RaftServerConfigKeys (ConfUtils.java:logGet(43)) - raft.server.snapshot.retention.num.files = 5 (custom)
2019-09-28 05:40:54,951 [pool-159-thread-1] INFO  server.RaftServerConfigKeys (ConfUtils.java:logGet(43)) - raft.server.retrycache.expirytime = 600000ms (custom)
2019-09-28 05:40:54,952 [pool-159-thread-1] INFO  impl.RaftServerImpl (RaftServerImpl.java:start(185)) - 1ff08831-2bf9-4409-a8b0-f137793f5f47@group-A55114B9F5B2: start as a follower, conf=-1: [1ff08831-2bf9-4409-a8b0-f137793f5f47:192.168.30.51:40310], old=null
2019-09-28 05:40:54,952 [pool-159-thread-1] INFO  impl.RaftServerImpl (RaftServerImpl.java:setRole(174)) - 1ff08831-2bf9-4409-a8b0-f137793f5f47@group-A55114B9F5B2: changes role from      null to FOLLOWER at term 0 for startAsFollower
2019-09-28 05:40:54,952 [pool-159-thread-1] INFO  impl.RoleInfo (RoleInfo.java:updateAndGet(143)) - 1ff08831-2bf9-4409-a8b0-f137793f5f47: start FollowerState
2019-09-28 05:40:54,952 [pool-159-thread-1] INFO  util.JmxRegister (JmxRegister.java:tryRegister(44)) - Successfully registered JMX Bean with object name Ratis:service=RaftServer,group=group-A55114B9F5B2,id=1ff08831-2bf9-4409-a8b0-f137793f5f47
2019-09-28 05:40:54,955 [RatisPipelineUtilsThread] INFO  pipeline.PipelineStateManager (PipelineStateManager.java:addPipeline(56)) - Created pipeline Pipeline[ Id: 74d0648f-c603-405d-a954-a55114b9f5b2, Nodes: 1ff08831-2bf9-4409-a8b0-f137793f5f47{ip: 192.168.30.51, host: trunk-nightly-20190928-ftbhz-3025098182, networkLocation: /default-rack, certSerialId: null}, Type:RATIS, Factor:ONE, State:OPEN]
2019-09-28 05:40:54,971 [grpc-default-executor-6] INFO  impl.RaftServerProxy (RaftServerProxy.java:addNew(89)) - 655b5729-6a0f-4a94-81c6-8a03f37304c4: addNew group-CC46C90614D8:[f96c6bb0-35cd-4680-b916-87cea356f4b5:192.168.30.51:35895, 2ea96f30-9ef7-4b6e-b81e-9105b046548f:192.168.30.51:38778, 655b5729-6a0f-4a94-81c6-8a03f37304c4:192.168.30.51:41755] returns group-CC46C90614D8:java.util.concurrent.CompletableFuture@194b8233[Not completed]
2019-09-28 05:40:54,971 [grpc-default-executor-5] INFO  impl.RaftServerProxy (RaftServerProxy.java:addNew(89)) - f96c6bb0-35cd-4680-b916-87cea356f4b5: addNew group-CC46C90614D8:[f96c6bb0-35cd-4680-b916-87cea356f4b5:192.168.30.51:35895, 2ea96f30-9ef7-4b6e-b81e-9105b046548f:192.168.30.51:38778, 655b5729-6a0f-4a94-81c6-8a03f37304c4:192.168.30.51:41755] returns group-CC46C90614D8:java.util.concurrent.CompletableFuture@75eb9035[Not completed]
2019-09-28 05:40:54,971 [grpc-default-executor-3] INFO  impl.RaftServerProxy (RaftServerProxy.java:addNew(89)) - 2ea96f30-9ef7-4b6e-b81e-9105b046548f: addNew group-CC46C90614D8:[f96c6bb0-35cd-4680-b916-87cea356f4b5:192.168.30.51:35895, 2ea96f30-9ef7-4b6e-b81e-9105b046548f:192.168.30.51:38778, 655b5729-6a0f-4a94-81c6-8a03f37304c4:192.168.30.51:41755] returns group-CC46C90614D8:java.util.concurrent.CompletableFuture@42f3f34e[Not completed]
2019-09-28 05:40:54,973 [pool-179-thread-1] INFO  impl.RaftServerImpl (RaftServerImpl.java:<init>(95)) - 655b5729-6a0f-4a94-81c6-8a03f37304c4: new RaftServerImpl for group-CC46C90614D8:[f96c6bb0-35cd-4680-b916-87cea356f4b5:192.168.30.51:35895, 2ea96f30-9ef7-4b6e-b81e-9105b046548f:192.168.30.51:38778, 655b5729-6a0f-4a94-81c6-8a03f37304c4:192.168.30.51:41755] with ContainerStateMachine:uninitialized
2019-09-28 05:40:54,973 [pool-179-thread-1] INFO  server.RaftServerConfigKeys (ConfUtils.java:logGet(43)) - raft.server.rpc.timeout.min = 5s (custom)
2019-09-28 05:40:54,974 [pool-179-thread-1] INFO  server.RaftServerConfigKeys (ConfUtils.java:logGet(43)) - raft.server.rpc.timeout.max = 5200ms (custom)
2019-09-28 05:40:54,974 [pool-179-thread-1] INFO  server.RaftServerConfigKeys (ConfUtils.java:logGet(43)) - raft.server.rpcslowness.timeout = 120s (custom)
2019-09-28 05:40:54,974 [pool-149-thread-1] INFO  impl.RaftServerImpl (RaftServerImpl.java:<init>(95)) - f96c6bb0-35cd-4680-b916-87cea356f4b5: new RaftServerImpl for group-CC46C90614D8:[f96c6bb0-35cd-4680-b916-87cea356f4b5:192.168.30.51:35895, 2ea96f30-9ef7-4b6e-b81e-9105b046548f:192.168.30.51:38778, 655b5729-6a0f-4a94-81c6-8a03f37304c4:192.168.30.51:41755] with ContainerStateMachine:uninitialized
2019-09-28 05:40:54,974 [pool-179-thread-1] INFO  server.RaftServerConfigKeys (ConfUtils.java:logGet(43)) - raft.server.sleep.deviation.threshold = 300 (default)
2019-09-28 05:40:54,974 [pool-179-thread-1] INFO  server.RaftServerConfigKeys (ConfUtils.java:logGet(43)) - raft.server.log.appender.install.snapshot.enabled = false (custom)
2019-09-28 05:40:54,974 [pool-149-thread-1] INFO  server.RaftServerConfigKeys (ConfUtils.java:logGet(43)) - raft.server.rpc.timeout.min = 5s (custom)
2019-09-28 05:40:54,974 [pool-169-thread-1] INFO  impl.RaftServerImpl (RaftServerImpl.java:<init>(95)) - 2ea96f30-9ef7-4b6e-b81e-9105b046548f: new RaftServerImpl for group-CC46C90614D8:[f96c6bb0-35cd-4680-b916-87cea356f4b5:192.168.30.51:35895, 2ea96f30-9ef7-4b6e-b81e-9105b046548f:192.168.30.51:38778, 655b5729-6a0f-4a94-81c6-8a03f37304c4:192.168.30.51:41755] with ContainerStateMachine:uninitialized
2019-09-28 05:40:54,974 [pool-149-thread-1] INFO  server.RaftServerConfigKeys (ConfUtils.java:logGet(43)) - raft.server.rpc.timeout.max = 5200ms (custom)
2019-09-28 05:40:54,974 [pool-179-thread-1] INFO  impl.RaftServerImpl (ServerState.java:<init>(103)) - 655b5729-6a0f-4a94-81c6-8a03f37304c4@group-CC46C90614D8: ConfigurationManager, init=-1: [f96c6bb0-35cd-4680-b916-87cea356f4b5:192.168.30.51:35895, 2ea96f30-9ef7-4b6e-b81e-9105b046548f:192.168.30.51:38778, 655b5729-6a0f-4a94-81c6-8a03f37304c4:192.168.30.51:41755], old=null, confs=<EMPTY_MAP>
2019-09-28 05:40:54,975 [pool-149-thread-1] INFO  server.RaftServerConfigKeys (ConfUtils.java:logGet(43)) - raft.server.rpcslowness.timeout = 120s (custom)
2019-09-28 05:40:54,974 [pool-169-thread-1] INFO  server.RaftServerConfigKeys (ConfUtils.java:logGet(43)) - raft.server.rpc.timeout.min = 5s (custom)
2019-09-28 05:40:54,975 [pool-149-thread-1] INFO  server.RaftServerConfigKeys (ConfUtils.java:logGet(43)) - raft.server.sleep.deviation.threshold = 300 (default)
2019-09-28 05:40:54,975 [pool-179-thread-1] INFO  server.RaftServerConfigKeys (ConfUtils.java:logGet(43)) - raft.server.storage.dir = [/workdir/hadoop-ozone/integration-test/target/test-dir/MiniOzoneClusterImpl-cf793505-16a9-45eb-82c7-0f4c7e523749/datanode-6/data/ratis] (custom)
2019-09-28 05:40:54,975 [pool-149-thread-1] INFO  server.RaftServerConfigKeys (ConfUtils.java:logGet(43)) - raft.server.log.appender.install.snapshot.enabled = false (custom)
2019-09-28 05:40:54,975 [pool-169-thread-1] INFO  server.RaftServerConfigKeys (ConfUtils.java:logGet(43)) - raft.server.rpc.timeout.max = 5200ms (custom)
2019-09-28 05:40:54,975 [pool-149-thread-1] INFO  impl.RaftServerImpl (ServerState.java:<init>(103)) - f96c6bb0-35cd-4680-b916-87cea356f4b5@group-CC46C90614D8: ConfigurationManager, init=-1: [f96c6bb0-35cd-4680-b916-87cea356f4b5:192.168.30.51:35895, 2ea96f30-9ef7-4b6e-b81e-9105b046548f:192.168.30.51:38778, 655b5729-6a0f-4a94-81c6-8a03f37304c4:192.168.30.51:41755], old=null, confs=<EMPTY_MAP>
2019-09-28 05:40:54,975 [pool-179-thread-1] INFO  storage.RaftStorageDirectory (RaftStorageDirectory.java:analyzeStorage(246)) - The storage directory /workdir/hadoop-ozone/integration-test/target/test-dir/MiniOzoneClusterImpl-cf793505-16a9-45eb-82c7-0f4c7e523749/datanode-6/data/ratis/b0e6411e-8048-4947-ac72-cc46c90614d8 does not exist. Creating ...
2019-09-28 05:40:54,975 [pool-169-thread-1] INFO  server.RaftServerConfigKeys (ConfUtils.java:logGet(43)) - raft.server.rpcslowness.timeout = 120s (custom)
2019-09-28 05:40:54,975 [pool-149-thread-1] INFO  server.RaftServerConfigKeys (ConfUtils.java:logGet(43)) - raft.server.storage.dir = [/workdir/hadoop-ozone/integration-test/target/test-dir/MiniOzoneClusterImpl-cf793505-16a9-45eb-82c7-0f4c7e523749/datanode-3/data/ratis] (custom)
2019-09-28 05:40:54,976 [pool-169-thread-1] INFO  server.RaftServerConfigKeys (ConfUtils.java:logGet(43)) - raft.server.sleep.deviation.threshold = 300 (default)
2019-09-28 05:40:54,976 [pool-169-thread-1] INFO  server.RaftServerConfigKeys (ConfUtils.java:logGet(43)) - raft.server.log.appender.install.snapshot.enabled = false (custom)
2019-09-28 05:40:54,976 [pool-149-thread-1] INFO  storage.RaftStorageDirectory (RaftStorageDirectory.java:analyzeStorage(246)) - The storage directory /workdir/hadoop-ozone/integration-test/target/test-dir/MiniOzoneClusterImpl-cf793505-16a9-45eb-82c7-0f4c7e523749/datanode-3/data/ratis/b0e6411e-8048-4947-ac72-cc46c90614d8 does not exist. Creating ...
2019-09-28 05:40:54,976 [pool-169-thread-1] INFO  impl.RaftServerImpl (ServerState.java:<init>(103)) - 2ea96f30-9ef7-4b6e-b81e-9105b046548f@group-CC46C90614D8: ConfigurationManager, init=-1: [f96c6bb0-35cd-4680-b916-87cea356f4b5:192.168.30.51:35895, 2ea96f30-9ef7-4b6e-b81e-9105b046548f:192.168.30.51:38778, 655b5729-6a0f-4a94-81c6-8a03f37304c4:192.168.30.51:41755], old=null, confs=<EMPTY_MAP>
2019-09-28 05:40:54,976 [pool-169-thread-1] INFO  server.RaftServerConfigKeys (ConfUtils.java:logGet(43)) - raft.server.storage.dir = [/workdir/hadoop-ozone/integration-test/target/test-dir/MiniOzoneClusterImpl-cf793505-16a9-45eb-82c7-0f4c7e523749/datanode-5/data/ratis] (custom)
2019-09-28 05:40:54,976 [pool-169-thread-1] INFO  storage.RaftStorageDirectory (RaftStorageDirectory.java:analyzeStorage(246)) - The storage directory /workdir/hadoop-ozone/integration-test/target/test-dir/MiniOzoneClusterImpl-cf793505-16a9-45eb-82c7-0f4c7e523749/datanode-5/data/ratis/b0e6411e-8048-4947-ac72-cc46c90614d8 does not exist. Creating ...
2019-09-28 05:40:55,004 [pool-149-thread-1] INFO  storage.RaftStorageDirectory (RaftStorageDirectory.java:tryLock(328)) - Lock on /workdir/hadoop-ozone/integration-test/target/test-dir/MiniOzoneClusterImpl-cf793505-16a9-45eb-82c7-0f4c7e523749/datanode-3/data/ratis/b0e6411e-8048-4947-ac72-cc46c90614d8/in_use.lock acquired by nodename 21404@trunk-nightly-20190928-ftbhz-3025098182
2019-09-28 05:40:55,004 [pool-179-thread-1] INFO  storage.RaftStorageDirectory (RaftStorageDirectory.java:tryLock(328)) - Lock on /workdir/hadoop-ozone/integration-test/target/test-dir/MiniOzoneClusterImpl-cf793505-16a9-45eb-82c7-0f4c7e523749/datanode-6/data/ratis/b0e6411e-8048-4947-ac72-cc46c90614d8/in_use.lock acquired by nodename 21404@trunk-nightly-20190928-ftbhz-3025098182
2019-09-28 05:40:55,004 [pool-169-thread-1] INFO  storage.RaftStorageDirectory (RaftStorageDirectory.java:tryLock(328)) - Lock on /workdir/hadoop-ozone/integration-test/target/test-dir/MiniOzoneClusterImpl-cf793505-16a9-45eb-82c7-0f4c7e523749/datanode-5/data/ratis/b0e6411e-8048-4947-ac72-cc46c90614d8/in_use.lock acquired by nodename 21404@trunk-nightly-20190928-ftbhz-3025098182
2019-09-28 05:40:55,030 [pool-149-thread-1] INFO  storage.RaftStorage (RaftStorage.java:format(72)) - Storage directory /workdir/hadoop-ozone/integration-test/target/test-dir/MiniOzoneClusterImpl-cf793505-16a9-45eb-82c7-0f4c7e523749/datanode-3/data/ratis/b0e6411e-8048-4947-ac72-cc46c90614d8 has been successfully formatted.
2019-09-28 05:40:55,030 [pool-179-thread-1] INFO  storage.RaftStorage (RaftStorage.java:format(72)) - Storage directory /workdir/hadoop-ozone/integration-test/target/test-dir/MiniOzoneClusterImpl-cf793505-16a9-45eb-82c7-0f4c7e523749/datanode-6/data/ratis/b0e6411e-8048-4947-ac72-cc46c90614d8 has been successfully formatted.
2019-09-28 05:40:55,031 [pool-149-thread-1] INFO  ratis.ContainerStateMachine (ContainerStateMachine.java:loadSnapshot(230)) - group-CC46C90614D8: The snapshot info is null. Setting the last applied indexto:(t:0, i:~)
2019-09-28 05:40:55,030 [pool-169-thread-1] INFO  storage.RaftStorage (RaftStorage.java:format(72)) - Storage directory /workdir/hadoop-ozone/integration-test/target/test-dir/MiniOzoneClusterImpl-cf793505-16a9-45eb-82c7-0f4c7e523749/datanode-5/data/ratis/b0e6411e-8048-4947-ac72-cc46c90614d8 has been successfully formatted.
2019-09-28 05:40:55,031 [pool-149-thread-1] INFO  server.RaftServerConfigKeys (ConfUtils.java:logGet(43)) - raft.server.notification.no-leader.timeout = 120s (custom)
2019-09-28 05:40:55,031 [pool-179-thread-1] INFO  ratis.ContainerStateMachine (ContainerStateMachine.java:loadSnapshot(230)) - group-CC46C90614D8: The snapshot info is null. Setting the last applied indexto:(t:0, i:~)
2019-09-28 05:40:55,031 [pool-149-thread-1] INFO  server.RaftServerConfigKeys (ConfUtils.java:logGet(43)) - raft.server.log.use.memory = false (default)
2019-09-28 05:40:55,031 [pool-169-thread-1] INFO  ratis.ContainerStateMachine (ContainerStateMachine.java:loadSnapshot(230)) - group-CC46C90614D8: The snapshot info is null. Setting the last applied indexto:(t:0, i:~)
2019-09-28 05:40:55,031 [pool-149-thread-1] INFO  server.RaftServerConfigKeys (ConfUtils.java:logGet(43)) - raft.server.log.purge.gap = 1000000 (custom)
2019-09-28 05:40:55,031 [pool-179-thread-1] INFO  server.RaftServerConfigKeys (ConfUtils.java:logGet(43)) - raft.server.notification.no-leader.timeout = 120s (custom)
2019-09-28 05:40:55,032 [pool-149-thread-1] INFO  server.RaftServerConfigKeys (ConfUtils.java:logGet(43)) - raft.server.log.appender.buffer.byte-limit = 33554432 (custom)
2019-09-28 05:40:55,031 [pool-169-thread-1] INFO  server.RaftServerConfigKeys (ConfUtils.java:logGet(43)) - raft.server.notification.no-leader.timeout = 120s (custom)
2019-09-28 05:40:55,032 [pool-149-thread-1] INFO  server.RaftServerConfigKeys (ConfUtils.java:logGet(43)) - raft.server.log.segment.size.max = 1048576 (custom)
2019-09-28 05:40:55,032 [pool-179-thread-1] INFO  server.RaftServerConfigKeys (ConfUtils.java:logGet(43)) - raft.server.log.use.memory = false (default)
2019-09-28 05:40:55,032 [pool-149-thread-1] INFO  server.RaftServerConfigKeys (ConfUtils.java:logGet(43)) - raft.server.log.segment.cache.num.max = 2 (custom)
2019-09-28 05:40:55,032 [pool-169-thread-1] INFO  server.RaftServerConfigKeys (ConfUtils.java:logGet(43)) - raft.server.log.use.memory = false (default)
2019-09-28 05:40:55,032 [pool-149-thread-1] INFO  segmented.SegmentedRaftLogWorker (SegmentedRaftLogWorker.java:<init>(172)) - new f96c6bb0-35cd-4680-b916-87cea356f4b5@group-CC46C90614D8-SegmentedRaftLogWorker for RaftStorage:Storage Directory /workdir/hadoop-ozone/integration-test/target/test-dir/MiniOzoneClusterImpl-cf793505-16a9-45eb-82c7-0f4c7e523749/datanode-3/data/ratis/b0e6411e-8048-4947-ac72-cc46c90614d8
2019-09-28 05:40:55,032 [pool-179-thread-1] INFO  server.RaftServerConfigKeys (ConfUtils.java:logGet(43)) - raft.server.log.purge.gap = 1000000 (custom)
2019-09-28 05:40:55,032 [pool-149-thread-1] INFO  server.RaftServerConfigKeys (ConfUtils.java:logGet(43)) - raft.server.log.queue.byte-limit = 2147483647 (custom)
2019-09-28 05:40:55,032 [pool-169-thread-1] INFO  server.RaftServerConfigKeys (ConfUtils.java:logGet(43)) - raft.server.log.purge.gap = 1000000 (custom)
2019-09-28 05:40:55,033 [pool-149-thread-1] INFO  server.RaftServerConfigKeys (ConfUtils.java:logGet(43)) - raft.server.log.queue.element-limit = 1024 (custom)
2019-09-28 05:40:55,032 [pool-179-thread-1] INFO  server.RaftServerConfigKeys (ConfUtils.java:logGet(43)) - raft.server.log.appender.buffer.byte-limit = 33554432 (custom)
2019-09-28 05:40:55,033 [pool-149-thread-1] INFO  server.RaftServerConfigKeys (ConfUtils.java:logGet(43)) - raft.server.log.segment.size.max = 1048576 (custom)
2019-09-28 05:40:55,033 [pool-169-thread-1] INFO  server.RaftServerConfigKeys (ConfUtils.java:logGet(43)) - raft.server.log.appender.buffer.byte-limit = 33554432 (custom)
2019-09-28 05:40:55,033 [pool-149-thread-1] INFO  server.RaftServerConfigKeys (ConfUtils.java:logGet(43)) - raft.server.log.preallocated.size = 16384 (custom)
2019-09-28 05:40:55,033 [pool-179-thread-1] INFO  server.RaftServerConfigKeys (ConfUtils.java:logGet(43)) - raft.server.log.segment.size.max = 1048576 (custom)
2019-09-28 05:40:55,033 [pool-149-thread-1] INFO  server.RaftServerConfigKeys (ConfUtils.java:logGet(43)) - raft.server.log.write.buffer.size = 33554432 (custom)
2019-09-28 05:40:55,033 [pool-169-thread-1] INFO  server.RaftServerConfigKeys (ConfUtils.java:logGet(43)) - raft.server.log.segment.size.max = 1048576 (custom)
2019-09-28 05:40:55,033 [pool-149-thread-1] INFO  server.RaftServerConfigKeys (ConfUtils.java:logGet(43)) - raft.server.log.force.sync.num = 128 (default)
2019-09-28 05:40:55,033 [pool-179-thread-1] INFO  server.RaftServerConfigKeys (ConfUtils.java:logGet(43)) - raft.server.log.segment.cache.num.max = 2 (custom)
2019-09-28 05:40:55,034 [pool-149-thread-1] INFO  server.RaftServerConfigKeys (ConfUtils.java:logGet(43)) - raft.server.log.statemachine.data.sync = true (default)
2019-09-28 05:40:55,033 [pool-169-thread-1] INFO  server.RaftServerConfigKeys (ConfUtils.java:logGet(43)) - raft.server.log.segment.cache.num.max = 2 (custom)
2019-09-28 05:40:55,034 [pool-149-thread-1] INFO  server.RaftServerConfigKeys (ConfUtils.java:logGet(43)) - raft.server.log.statemachine.data.sync.timeout = 10s (default)
2019-09-28 05:40:55,034 [pool-179-thread-1] INFO  segmented.SegmentedRaftLogWorker (SegmentedRaftLogWorker.java:<init>(172)) - new 655b5729-6a0f-4a94-81c6-8a03f37304c4@group-CC46C90614D8-SegmentedRaftLogWorker for RaftStorage:Storage Directory /workdir/hadoop-ozone/integration-test/target/test-dir/MiniOzoneClusterImpl-cf793505-16a9-45eb-82c7-0f4c7e523749/datanode-6/data/ratis/b0e6411e-8048-4947-ac72-cc46c90614d8
2019-09-28 05:40:55,034 [pool-149-thread-1] INFO  server.RaftServerConfigKeys (ConfUtils.java:logGet(43)) - raft.server.log.statemachine.data.sync.timeout.retry = -1 (default)
2019-09-28 05:40:55,034 [pool-169-thread-1] INFO  segmented.SegmentedRaftLogWorker (SegmentedRaftLogWorker.java:<init>(172)) - new 2ea96f30-9ef7-4b6e-b81e-9105b046548f@group-CC46C90614D8-SegmentedRaftLogWorker for RaftStorage:Storage Directory /workdir/hadoop-ozone/integration-test/target/test-dir/MiniOzoneClusterImpl-cf793505-16a9-45eb-82c7-0f4c7e523749/datanode-5/data/ratis/b0e6411e-8048-4947-ac72-cc46c90614d8
2019-09-28 05:40:55,034 [pool-149-thread-1] INFO  server.RaftServerConfigKeys (ConfUtils.java:logGet(43)) - raft.server.log.statemachine.data.caching.enabled = true (custom)
2019-09-28 05:40:55,034 [pool-179-thread-1] INFO  server.RaftServerConfigKeys (ConfUtils.java:logGet(43)) - raft.server.log.queue.byte-limit = 2147483647 (custom)
2019-09-28 05:40:55,034 [pool-179-thread-1] INFO  server.RaftServerConfigKeys (ConfUtils.java:logGet(43)) - raft.server.log.queue.element-limit = 1024 (custom)
2019-09-28 05:40:55,035 [pool-149-thread-1] INFO  segmented.SegmentedRaftLogWorker (SegmentedRaftLogWorker.java:lambda$new$0(132)) - f96c6bb0-35cd-4680-b916-87cea356f4b5@group-CC46C90614D8-SegmentedRaftLogWorker: flushIndex: setUnconditionally 0 -> -1
2019-09-28 05:40:55,034 [pool-169-thread-1] INFO  server.RaftServerConfigKeys (ConfUtils.java:logGet(43)) - raft.server.log.queue.byte-limit = 2147483647 (custom)
2019-09-28 05:40:55,035 [pool-149-thread-1] INFO  server.RaftServerConfigKeys (ConfUtils.java:logGet(43)) - raft.server.snapshot.auto.trigger.enabled = true (custom)
2019-09-28 05:40:55,035 [pool-179-thread-1] INFO  server.RaftServerConfigKeys (ConfUtils.java:logGet(43)) - raft.server.log.segment.size.max = 1048576 (custom)
2019-09-28 05:40:55,035 [pool-149-thread-1] INFO  server.RaftServerConfigKeys (ConfUtils.java:logGet(43)) - raft.server.snapshot.auto.trigger.threshold = 10000 (custom)
2019-09-28 05:40:55,035 [pool-169-thread-1] INFO  server.RaftServerConfigKeys (ConfUtils.java:logGet(43)) - raft.server.log.queue.element-limit = 1024 (custom)
2019-09-28 05:40:55,035 [pool-149-thread-1] INFO  server.RaftServerConfigKeys (ConfUtils.java:logGet(43)) - raft.server.snapshot.retention.num.files = 5 (custom)
2019-09-28 05:40:55,035 [pool-179-thread-1] INFO  server.RaftServerConfigKeys (ConfUtils.java:logGet(43)) - raft.server.log.preallocated.size = 16384 (custom)
2019-09-28 05:40:55,036 [pool-149-thread-1] INFO  server.RaftServerConfigKeys (ConfUtils.java:logGet(43)) - raft.server.retrycache.expirytime = 600000ms (custom)
2019-09-28 05:40:55,035 [pool-169-thread-1] INFO  server.RaftServerConfigKeys (ConfUtils.java:logGet(43)) - raft.server.log.segment.size.max = 1048576 (custom)
2019-09-28 05:40:55,036 [pool-179-thread-1] INFO  server.RaftServerConfigKeys (ConfUtils.java:logGet(43)) - raft.server.log.write.buffer.size = 33554432 (custom)
2019-09-28 05:40:55,036 [pool-169-thread-1] INFO  server.RaftServerConfigKeys (ConfUtils.java:logGet(43)) - raft.server.log.preallocated.size = 16384 (custom)
2019-09-28 05:40:55,036 [pool-179-thread-1] INFO  server.RaftServerConfigKeys (ConfUtils.java:logGet(43)) - raft.server.log.force.sync.num = 128 (default)
2019-09-28 05:40:55,036 [pool-169-thread-1] INFO  server.RaftServerConfigKeys (ConfUtils.java:logGet(43)) - raft.server.log.write.buffer.size = 33554432 (custom)
2019-09-28 05:40:55,036 [pool-179-thread-1] INFO  server.RaftServerConfigKeys (ConfUtils.java:logGet(43)) - raft.server.log.statemachine.data.sync = true (default)
2019-09-28 05:40:55,036 [pool-169-thread-1] INFO  server.RaftServerConfigKeys (ConfUtils.java:logGet(43)) - raft.server.log.force.sync.num = 128 (default)
2019-09-28 05:40:55,036 [pool-179-thread-1] INFO  server.RaftServerConfigKeys (ConfUtils.java:logGet(43)) - raft.server.log.statemachine.data.sync.timeout = 10s (default)
2019-09-28 05:40:55,037 [pool-169-thread-1] INFO  server.RaftServerConfigKeys (ConfUtils.java:logGet(43)) - raft.server.log.statemachine.data.sync = true (default)
2019-09-28 05:40:55,037 [pool-179-thread-1] INFO  server.RaftServerConfigKeys (ConfUtils.java:logGet(43)) - raft.server.log.statemachine.data.sync.timeout.retry = -1 (default)
2019-09-28 05:40:55,037 [pool-169-thread-1] INFO  server.RaftServerConfigKeys (ConfUtils.java:logGet(43)) - raft.server.log.statemachine.data.sync.timeout = 10s (default)
2019-09-28 05:40:55,037 [pool-179-thread-1] INFO  server.RaftServerConfigKeys (ConfUtils.java:logGet(43)) - raft.server.log.statemachine.data.caching.enabled = true (custom)
2019-09-28 05:40:55,037 [pool-169-thread-1] INFO  server.RaftServerConfigKeys (ConfUtils.java:logGet(43)) - raft.server.log.statemachine.data.sync.timeout.retry = -1 (default)
2019-09-28 05:40:55,037 [pool-179-thread-1] INFO  segmented.SegmentedRaftLogWorker (SegmentedRaftLogWorker.java:lambda$new$0(132)) - 655b5729-6a0f-4a94-81c6-8a03f37304c4@group-CC46C90614D8-SegmentedRaftLogWorker: flushIndex: setUnconditionally 0 -> -1
2019-09-28 05:40:55,037 [pool-169-thread-1] INFO  server.RaftServerConfigKeys (ConfUtils.java:logGet(43)) - raft.server.log.statemachine.data.caching.enabled = true (custom)
2019-09-28 05:40:55,038 [pool-179-thread-1] INFO  server.RaftServerConfigKeys (ConfUtils.java:logGet(43)) - raft.server.snapshot.auto.trigger.enabled = true (custom)
2019-09-28 05:40:55,038 [pool-179-thread-1] INFO  server.RaftServerConfigKeys (ConfUtils.java:logGet(43)) - raft.server.snapshot.auto.trigger.threshold = 10000 (custom)
2019-09-28 05:40:55,038 [pool-169-thread-1] INFO  segmented.SegmentedRaftLogWorker (SegmentedRaftLogWorker.java:lambda$new$0(132)) - 2ea96f30-9ef7-4b6e-b81e-9105b046548f@group-CC46C90614D8-SegmentedRaftLogWorker: flushIndex: setUnconditionally 0 -> -1
2019-09-28 05:40:55,038 [pool-179-thread-1] INFO  server.RaftServerConfigKeys (ConfUtils.java:logGet(43)) - raft.server.snapshot.retention.num.files = 5 (custom)
2019-09-28 05:40:55,038 [pool-179-thread-1] INFO  server.RaftServerConfigKeys (ConfUtils.java:logGet(43)) - raft.server.retrycache.expirytime = 600000ms (custom)
2019-09-28 05:40:55,038 [pool-169-thread-1] INFO  server.RaftServerConfigKeys (ConfUtils.java:logGet(43)) - raft.server.snapshot.auto.trigger.enabled = true (custom)
2019-09-28 05:40:55,038 [pool-149-thread-1] INFO  impl.RaftServerImpl (RaftServerImpl.java:start(185)) - f96c6bb0-35cd-4680-b916-87cea356f4b5@group-CC46C90614D8: start as a follower, conf=-1: [f96c6bb0-35cd-4680-b916-87cea356f4b5:192.168.30.51:35895, 2ea96f30-9ef7-4b6e-b81e-9105b046548f:192.168.30.51:38778, 655b5729-6a0f-4a94-81c6-8a03f37304c4:192.168.30.51:41755], old=null
2019-09-28 05:40:55,038 [pool-169-thread-1] INFO  server.RaftServerConfigKeys (ConfUtils.java:logGet(43)) - raft.server.snapshot.auto.trigger.threshold = 10000 (custom)
2019-09-28 05:40:55,038 [pool-149-thread-1] INFO  impl.RaftServerImpl (RaftServerImpl.java:setRole(174)) - f96c6bb0-35cd-4680-b916-87cea356f4b5@group-CC46C90614D8: changes role from      null to FOLLOWER at term 0 for startAsFollower
2019-09-28 05:40:55,039 [pool-169-thread-1] INFO  server.RaftServerConfigKeys (ConfUtils.java:logGet(43)) - raft.server.snapshot.retention.num.files = 5 (custom)
2019-09-28 05:40:55,039 [pool-149-thread-1] INFO  impl.RoleInfo (RoleInfo.java:updateAndGet(143)) - f96c6bb0-35cd-4680-b916-87cea356f4b5: start FollowerState
2019-09-28 05:40:55,039 [pool-169-thread-1] INFO  server.RaftServerConfigKeys (ConfUtils.java:logGet(43)) - raft.server.retrycache.expirytime = 600000ms (custom)
2019-09-28 05:40:55,039 [pool-149-thread-1] INFO  util.JmxRegister (JmxRegister.java:tryRegister(44)) - Successfully registered JMX Bean with object name Ratis:service=RaftServer,group=group-CC46C90614D8,id=f96c6bb0-35cd-4680-b916-87cea356f4b5
2019-09-28 05:40:55,040 [pool-179-thread-1] INFO  impl.RaftServerImpl (RaftServerImpl.java:start(185)) - 655b5729-6a0f-4a94-81c6-8a03f37304c4@group-CC46C90614D8: start as a follower, conf=-1: [f96c6bb0-35cd-4680-b916-87cea356f4b5:192.168.30.51:35895, 2ea96f30-9ef7-4b6e-b81e-9105b046548f:192.168.30.51:38778, 655b5729-6a0f-4a94-81c6-8a03f37304c4:192.168.30.51:41755], old=null
2019-09-28 05:40:55,041 [pool-179-thread-1] INFO  impl.RaftServerImpl (RaftServerImpl.java:setRole(174)) - 655b5729-6a0f-4a94-81c6-8a03f37304c4@group-CC46C90614D8: changes role from      null to FOLLOWER at term 0 for startAsFollower
2019-09-28 05:40:55,041 [pool-179-thread-1] INFO  impl.RoleInfo (RoleInfo.java:updateAndGet(143)) - 655b5729-6a0f-4a94-81c6-8a03f37304c4: start FollowerState
2019-09-28 05:40:55,041 [pool-179-thread-1] INFO  util.JmxRegister (JmxRegister.java:tryRegister(44)) - Successfully registered JMX Bean with object name Ratis:service=RaftServer,group=group-CC46C90614D8,id=655b5729-6a0f-4a94-81c6-8a03f37304c4
2019-09-28 05:40:55,042 [pool-169-thread-1] INFO  impl.RaftServerImpl (RaftServerImpl.java:start(185)) - 2ea96f30-9ef7-4b6e-b81e-9105b046548f@group-CC46C90614D8: start as a follower, conf=-1: [f96c6bb0-35cd-4680-b916-87cea356f4b5:192.168.30.51:35895, 2ea96f30-9ef7-4b6e-b81e-9105b046548f:192.168.30.51:38778, 655b5729-6a0f-4a94-81c6-8a03f37304c4:192.168.30.51:41755], old=null
2019-09-28 05:40:55,042 [pool-169-thread-1] INFO  impl.RaftServerImpl (RaftServerImpl.java:setRole(174)) - 2ea96f30-9ef7-4b6e-b81e-9105b046548f@group-CC46C90614D8: changes role from      null to FOLLOWER at term 0 for startAsFollower
2019-09-28 05:40:55,042 [pool-169-thread-1] INFO  impl.RoleInfo (RoleInfo.java:updateAndGet(143)) - 2ea96f30-9ef7-4b6e-b81e-9105b046548f: start FollowerState
2019-09-28 05:40:55,042 [pool-169-thread-1] INFO  util.JmxRegister (JmxRegister.java:tryRegister(44)) - Successfully registered JMX Bean with object name Ratis:service=RaftServer,group=group-CC46C90614D8,id=2ea96f30-9ef7-4b6e-b81e-9105b046548f
2019-09-28 05:40:55,044 [RatisPipelineUtilsThread] INFO  pipeline.PipelineStateManager (PipelineStateManager.java:addPipeline(56)) - Created pipeline Pipeline[ Id: b0e6411e-8048-4947-ac72-cc46c90614d8, Nodes: 2ea96f30-9ef7-4b6e-b81e-9105b046548f{ip: 192.168.30.51, host: trunk-nightly-20190928-ftbhz-3025098182, networkLocation: /default-rack, certSerialId: null}f96c6bb0-35cd-4680-b916-87cea356f4b5{ip: 192.168.30.51, host: trunk-nightly-20190928-ftbhz-3025098182, networkLocation: /default-rack, certSerialId: null}655b5729-6a0f-4a94-81c6-8a03f37304c4{ip: 192.168.30.51, host: trunk-nightly-20190928-ftbhz-3025098182, networkLocation: /default-rack, certSerialId: null}, Type:RATIS, Factor:THREE, State:OPEN]
2019-09-28 05:40:55,765 [main] INFO  ozone.MiniOzoneClusterImpl (MiniOzoneClusterImpl.java:lambda$waitForClusterToBeReady$0(147)) - Cluster is ready. Got 7 of 7 DN Heartbeats.
2019-09-28 05:40:55,803 [main] INFO  rpc.RpcClient (RpcClient.java:createVolume(276)) - Creating Volume: testblockoutputstreamwithretries, with jenkins1000 as owner.
2019-09-28 05:40:55,808 [IPC Server handler 2 on 39779] INFO  volume.OMVolumeCreateRequest (OMVolumeCreateRequest.java:validateAndUpdateCache(194)) - created volume:testblockoutputstreamwithretries for user:jenkins1000
2019-09-28 05:40:55,830 [main] INFO  rpc.RpcClient (RpcClient.java:createBucket(415)) - Creating Bucket: testblockoutputstreamwithretries/testblockoutputstreamwithretries, with Versioning false and Storage Type set to DISK and Encryption set to false 
2019-09-28 05:40:57,289 [Thread-773] INFO  container.ReplicationManager (ReplicationManager.java:start(162)) - Starting Replication Monitor Thread.
2019-09-28 05:40:57,293 [ReplicationMonitor] INFO  container.ReplicationManager (ReplicationManager.java:run(225)) - Replication Monitor Thread took 0 milliseconds for processing 3 containers.
2019-09-28 05:40:59,525 [Thread-775] INFO  impl.FollowerState (FollowerState.java:run(106)) - 38e8276b-0564-4e1c-b20d-cf8d8fcd5643:group-27C14AB242F6 changes to CANDIDATE, lastRpcTime:5161, electionTimeout:5161ms
2019-09-28 05:40:59,525 [Thread-775] INFO  impl.RoleInfo (RoleInfo.java:shutdownFollowerState(121)) - 38e8276b-0564-4e1c-b20d-cf8d8fcd5643: shutdown FollowerState
2019-09-28 05:40:59,525 [Thread-775] INFO  impl.RaftServerImpl (RaftServerImpl.java:setRole(174)) - 38e8276b-0564-4e1c-b20d-cf8d8fcd5643@group-27C14AB242F6: changes role from  FOLLOWER to CANDIDATE at term 0 for changeToCandidate
2019-09-28 05:40:59,526 [Thread-775] INFO  impl.RoleInfo (RoleInfo.java:updateAndGet(143)) - 38e8276b-0564-4e1c-b20d-cf8d8fcd5643: start LeaderElection
2019-09-28 05:40:59,553 [38e8276b-0564-4e1c-b20d-cf8d8fcd5643@group-27C14AB242F6:LeaderElection23] INFO  impl.LeaderElection (LeaderElection.java:askForVotes(182)) - 38e8276b-0564-4e1c-b20d-cf8d8fcd5643@group-27C14AB242F6:LeaderElection23: begin an election at term 1 for -1: [38e8276b-0564-4e1c-b20d-cf8d8fcd5643:192.168.30.51:42822], old=null
2019-09-28 05:40:59,553 [38e8276b-0564-4e1c-b20d-cf8d8fcd5643@group-27C14AB242F6:LeaderElection23] INFO  impl.RoleInfo (RoleInfo.java:shutdownLeaderElection(134)) - 38e8276b-0564-4e1c-b20d-cf8d8fcd5643: shutdown LeaderElection
2019-09-28 05:40:59,553 [38e8276b-0564-4e1c-b20d-cf8d8fcd5643@group-27C14AB242F6:LeaderElection23] INFO  impl.RaftServerImpl (RaftServerImpl.java:setRole(174)) - 38e8276b-0564-4e1c-b20d-cf8d8fcd5643@group-27C14AB242F6: changes role from CANDIDATE to LEADER at term 1 for changeToLeader
2019-09-28 05:40:59,553 [38e8276b-0564-4e1c-b20d-cf8d8fcd5643@group-27C14AB242F6:LeaderElection23] INFO  impl.RaftServerImpl (ServerState.java:setLeader(253)) - 38e8276b-0564-4e1c-b20d-cf8d8fcd5643@group-27C14AB242F6: change Leader from null to 38e8276b-0564-4e1c-b20d-cf8d8fcd5643 at term 1 for becomeLeader, leader elected after 5196ms
2019-09-28 05:40:59,556 [38e8276b-0564-4e1c-b20d-cf8d8fcd5643@group-27C14AB242F6:LeaderElection23] INFO  server.RaftServerConfigKeys (ConfUtils.java:logGet(43)) - raft.server.staging.catchup.gap = 1000 (default)
2019-09-28 05:40:59,556 [38e8276b-0564-4e1c-b20d-cf8d8fcd5643@group-27C14AB242F6:LeaderElection23] INFO  server.RaftServerConfigKeys (ConfUtils.java:logGet(43)) - raft.server.rpc.sleep.time = 25ms (default)
2019-09-28 05:40:59,556 [38e8276b-0564-4e1c-b20d-cf8d8fcd5643@group-27C14AB242F6:LeaderElection23] INFO  server.RaftServerConfigKeys (ConfUtils.java:logGet(43)) - raft.server.write.element-limit = 4096 (default)
2019-09-28 05:40:59,556 [38e8276b-0564-4e1c-b20d-cf8d8fcd5643@group-27C14AB242F6:LeaderElection23] INFO  server.RaftServerConfigKeys (ConfUtils.java:logGet(43)) - raft.server.watch.timeout = 10s (default)
2019-09-28 05:40:59,556 [38e8276b-0564-4e1c-b20d-cf8d8fcd5643@group-27C14AB242F6:LeaderElection23] INFO  server.RaftServerConfigKeys (ConfUtils.java:logGet(43)) - raft.server.watch.timeout.denomination = 1s (default)
2019-09-28 05:40:59,556 [38e8276b-0564-4e1c-b20d-cf8d8fcd5643@group-27C14AB242F6:LeaderElection23] INFO  server.RaftServerConfigKeys (ConfUtils.java:logGet(43)) - raft.server.watch.element-limit = 65536 (default)
2019-09-28 05:40:59,559 [38e8276b-0564-4e1c-b20d-cf8d8fcd5643@group-27C14AB242F6:LeaderElection23] INFO  impl.RoleInfo (RoleInfo.java:updateAndGet(143)) - 38e8276b-0564-4e1c-b20d-cf8d8fcd5643: start LeaderState
2019-09-28 05:40:59,559 [38e8276b-0564-4e1c-b20d-cf8d8fcd5643@group-27C14AB242F6:LeaderElection23] INFO  segmented.SegmentedRaftLogWorker (SegmentedRaftLogWorker.java:startLogSegment(380)) - 38e8276b-0564-4e1c-b20d-cf8d8fcd5643@group-27C14AB242F6-SegmentedRaftLogWorker: Starting segment from index:0
2019-09-28 05:40:59,559 [38e8276b-0564-4e1c-b20d-cf8d8fcd5643@group-27C14AB242F6:LeaderElection23] INFO  impl.RaftServerImpl (ServerState.java:setRaftConf(354)) - 38e8276b-0564-4e1c-b20d-cf8d8fcd5643@group-27C14AB242F6: set configuration 0: [38e8276b-0564-4e1c-b20d-cf8d8fcd5643:192.168.30.51:42822], old=null at 0
2019-09-28 05:40:59,591 [Thread-778] INFO  impl.FollowerState (FollowerState.java:run(106)) - 8f5bcc06-38fd-4f67-bb33-a4a6b708286a:group-A3A95F76AA9D changes to CANDIDATE, lastRpcTime:5177, electionTimeout:5177ms
2019-09-28 05:40:59,591 [Thread-778] INFO  impl.RoleInfo (RoleInfo.java:shutdownFollowerState(121)) - 8f5bcc06-38fd-4f67-bb33-a4a6b708286a: shutdown FollowerState
2019-09-28 05:40:59,592 [Thread-778] INFO  impl.RaftServerImpl (RaftServerImpl.java:setRole(174)) - 8f5bcc06-38fd-4f67-bb33-a4a6b708286a@group-A3A95F76AA9D: changes role from  FOLLOWER to CANDIDATE at term 0 for changeToCandidate
2019-09-28 05:40:59,592 [Thread-778] INFO  impl.RoleInfo (RoleInfo.java:updateAndGet(143)) - 8f5bcc06-38fd-4f67-bb33-a4a6b708286a: start LeaderElection
2019-09-28 05:40:59,603 [38e8276b-0564-4e1c-b20d-cf8d8fcd5643@group-27C14AB242F6-SegmentedRaftLogWorker] INFO  segmented.SegmentedRaftLogWorker (SegmentedRaftLogWorker.java:execute(569)) - 38e8276b-0564-4e1c-b20d-cf8d8fcd5643@group-27C14AB242F6-SegmentedRaftLogWorker: created new log segment /workdir/hadoop-ozone/integration-test/target/test-dir/MiniOzoneClusterImpl-cf793505-16a9-45eb-82c7-0f4c7e523749/datanode-0/data/ratis/01b9d5d6-6177-45c0-a590-27c14ab242f6/current/log_inprogress_0
2019-09-28 05:40:59,628 [8f5bcc06-38fd-4f67-bb33-a4a6b708286a@group-A3A95F76AA9D:LeaderElection24] INFO  impl.LeaderElection (LeaderElection.java:askForVotes(182)) - 8f5bcc06-38fd-4f67-bb33-a4a6b708286a@group-A3A95F76AA9D:LeaderElection24: begin an election at term 1 for -1: [8f5bcc06-38fd-4f67-bb33-a4a6b708286a:192.168.30.51:43820], old=null
2019-09-28 05:40:59,629 [8f5bcc06-38fd-4f67-bb33-a4a6b708286a@group-A3A95F76AA9D:LeaderElection24] INFO  impl.RoleInfo (RoleInfo.java:shutdownLeaderElection(134)) - 8f5bcc06-38fd-4f67-bb33-a4a6b708286a: shutdown LeaderElection
2019-09-28 05:40:59,629 [8f5bcc06-38fd-4f67-bb33-a4a6b708286a@group-A3A95F76AA9D:LeaderElection24] INFO  impl.RaftServerImpl (RaftServerImpl.java:setRole(174)) - 8f5bcc06-38fd-4f67-bb33-a4a6b708286a@group-A3A95F76AA9D: changes role from CANDIDATE to LEADER at term 1 for changeToLeader
2019-09-28 05:40:59,629 [8f5bcc06-38fd-4f67-bb33-a4a6b708286a@group-A3A95F76AA9D:LeaderElection24] INFO  impl.RaftServerImpl (ServerState.java:setLeader(253)) - 8f5bcc06-38fd-4f67-bb33-a4a6b708286a@group-A3A95F76AA9D: change Leader from null to 8f5bcc06-38fd-4f67-bb33-a4a6b708286a at term 1 for becomeLeader, leader elected after 5221ms
2019-09-28 05:40:59,632 [8f5bcc06-38fd-4f67-bb33-a4a6b708286a@group-A3A95F76AA9D:LeaderElection24] INFO  server.RaftServerConfigKeys (ConfUtils.java:logGet(43)) - raft.server.staging.catchup.gap = 1000 (default)
2019-09-28 05:40:59,632 [8f5bcc06-38fd-4f67-bb33-a4a6b708286a@group-A3A95F76AA9D:LeaderElection24] INFO  server.RaftServerConfigKeys (ConfUtils.java:logGet(43)) - raft.server.rpc.sleep.time = 25ms (default)
2019-09-28 05:40:59,632 [8f5bcc06-38fd-4f67-bb33-a4a6b708286a@group-A3A95F76AA9D:LeaderElection24] INFO  server.RaftServerConfigKeys (ConfUtils.java:logGet(43)) - raft.server.write.element-limit = 4096 (default)
2019-09-28 05:40:59,632 [8f5bcc06-38fd-4f67-bb33-a4a6b708286a@group-A3A95F76AA9D:LeaderElection24] INFO  server.RaftServerConfigKeys (ConfUtils.java:logGet(43)) - raft.server.watch.timeout = 10s (default)
2019-09-28 05:40:59,632 [8f5bcc06-38fd-4f67-bb33-a4a6b708286a@group-A3A95F76AA9D:LeaderElection24] INFO  server.RaftServerConfigKeys (ConfUtils.java:logGet(43)) - raft.server.watch.timeout.denomination = 1s (default)
2019-09-28 05:40:59,633 [8f5bcc06-38fd-4f67-bb33-a4a6b708286a@group-A3A95F76AA9D:LeaderElection24] INFO  server.RaftServerConfigKeys (ConfUtils.java:logGet(43)) - raft.server.watch.element-limit = 65536 (default)
2019-09-28 05:40:59,635 [8f5bcc06-38fd-4f67-bb33-a4a6b708286a@group-A3A95F76AA9D:LeaderElection24] INFO  impl.RoleInfo (RoleInfo.java:updateAndGet(143)) - 8f5bcc06-38fd-4f67-bb33-a4a6b708286a: start LeaderState
2019-09-28 05:40:59,635 [8f5bcc06-38fd-4f67-bb33-a4a6b708286a@group-A3A95F76AA9D:LeaderElection24] INFO  segmented.SegmentedRaftLogWorker (SegmentedRaftLogWorker.java:startLogSegment(380)) - 8f5bcc06-38fd-4f67-bb33-a4a6b708286a@group-A3A95F76AA9D-SegmentedRaftLogWorker: Starting segment from index:0
2019-09-28 05:40:59,636 [8f5bcc06-38fd-4f67-bb33-a4a6b708286a@group-A3A95F76AA9D:LeaderElection24] INFO  impl.RaftServerImpl (ServerState.java:setRaftConf(354)) - 8f5bcc06-38fd-4f67-bb33-a4a6b708286a@group-A3A95F76AA9D: set configuration 0: [8f5bcc06-38fd-4f67-bb33-a4a6b708286a:192.168.30.51:43820], old=null at 0
2019-09-28 05:40:59,659 [Thread-786] INFO  impl.FollowerState (FollowerState.java:run(106)) - 8f5bcc06-38fd-4f67-bb33-a4a6b708286a:group-061CCE0C3C63 changes to CANDIDATE, lastRpcTime:5089, electionTimeout:5076ms
2019-09-28 05:40:59,659 [Thread-786] INFO  impl.RoleInfo (RoleInfo.java:shutdownFollowerState(121)) - 8f5bcc06-38fd-4f67-bb33-a4a6b708286a: shutdown FollowerState
2019-09-28 05:40:59,659 [Thread-786] INFO  impl.RaftServerImpl (RaftServerImpl.java:setRole(174)) - 8f5bcc06-38fd-4f67-bb33-a4a6b708286a@group-061CCE0C3C63: changes role from  FOLLOWER to CANDIDATE at term 0 for changeToCandidate
2019-09-28 05:40:59,659 [Thread-786] INFO  impl.RoleInfo (RoleInfo.java:updateAndGet(143)) - 8f5bcc06-38fd-4f67-bb33-a4a6b708286a: start LeaderElection
2019-09-28 05:40:59,663 [Thread-781] INFO  impl.FollowerState (FollowerState.java:run(106)) - e1913c6f-5f92-40f7-b184-672b278ad36c:group-383171CEF9C6 changes to CANDIDATE, lastRpcTime:5169, electionTimeout:5169ms
2019-09-28 05:40:59,663 [Thread-781] INFO  impl.RoleInfo (RoleInfo.java:shutdownFollowerState(121)) - e1913c6f-5f92-40f7-b184-672b278ad36c: shutdown FollowerState
2019-09-28 05:40:59,664 [Thread-781] INFO  impl.RaftServerImpl (RaftServerImpl.java:setRole(174)) - e1913c6f-5f92-40f7-b184-672b278ad36c@group-383171CEF9C6: changes role from  FOLLOWER to CANDIDATE at term 0 for changeToCandidate
2019-09-28 05:40:59,664 [Thread-781] INFO  impl.RoleInfo (RoleInfo.java:updateAndGet(143)) - e1913c6f-5f92-40f7-b184-672b278ad36c: start LeaderElection
2019-09-28 05:40:59,686 [Thread-788] INFO  impl.FollowerState (FollowerState.java:run(106)) - 38e8276b-0564-4e1c-b20d-cf8d8fcd5643:group-061CCE0C3C63 changes to CANDIDATE, lastRpcTime:5095, electionTimeout:5095ms
2019-09-28 05:40:59,686 [Thread-788] INFO  impl.RoleInfo (RoleInfo.java:shutdownFollowerState(121)) - 38e8276b-0564-4e1c-b20d-cf8d8fcd5643: shutdown FollowerState
2019-09-28 05:40:59,687 [Thread-788] INFO  impl.RaftServerImpl (RaftServerImpl.java:setRole(174)) - 38e8276b-0564-4e1c-b20d-cf8d8fcd5643@group-061CCE0C3C63: changes role from  FOLLOWER to CANDIDATE at term 0 for changeToCandidate
2019-09-28 05:40:59,687 [Thread-788] INFO  impl.RoleInfo (RoleInfo.java:updateAndGet(143)) - 38e8276b-0564-4e1c-b20d-cf8d8fcd5643: start LeaderElection
2019-09-28 05:40:59,687 [8f5bcc06-38fd-4f67-bb33-a4a6b708286a@group-A3A95F76AA9D-SegmentedRaftLogWorker] INFO  segmented.SegmentedRaftLogWorker (SegmentedRaftLogWorker.java:execute(569)) - 8f5bcc06-38fd-4f67-bb33-a4a6b708286a@group-A3A95F76AA9D-SegmentedRaftLogWorker: created new log segment /workdir/hadoop-ozone/integration-test/target/test-dir/MiniOzoneClusterImpl-cf793505-16a9-45eb-82c7-0f4c7e523749/datanode-1/data/ratis/ea9852f7-f1b8-4b1b-a0a7-a3a95f76aa9d/current/log_inprogress_0
2019-09-28 05:40:59,696 [8f5bcc06-38fd-4f67-bb33-a4a6b708286a@group-061CCE0C3C63:LeaderElection25] INFO  impl.LeaderElection (LeaderElection.java:askForVotes(182)) - 8f5bcc06-38fd-4f67-bb33-a4a6b708286a@group-061CCE0C3C63:LeaderElection25: begin an election at term 1 for -1: [38e8276b-0564-4e1c-b20d-cf8d8fcd5643:192.168.30.51:42822, 8f5bcc06-38fd-4f67-bb33-a4a6b708286a:192.168.30.51:43820, e1913c6f-5f92-40f7-b184-672b278ad36c:192.168.30.51:45894], old=null
2019-09-28 05:40:59,700 [grpc-default-executor-5] INFO  impl.RaftServerImpl (RaftServerImpl.java:setRole(174)) - e1913c6f-5f92-40f7-b184-672b278ad36c@group-061CCE0C3C63: changes role from  FOLLOWER to FOLLOWER at term 1 for recognizeCandidate:8f5bcc06-38fd-4f67-bb33-a4a6b708286a
2019-09-28 05:40:59,700 [grpc-default-executor-5] INFO  impl.RoleInfo (RoleInfo.java:shutdownFollowerState(121)) - e1913c6f-5f92-40f7-b184-672b278ad36c: shutdown FollowerState
2019-09-28 05:40:59,700 [grpc-default-executor-5] INFO  impl.RoleInfo (RoleInfo.java:updateAndGet(143)) - e1913c6f-5f92-40f7-b184-672b278ad36c: start FollowerState
2019-09-28 05:40:59,701 [Thread-789] INFO  impl.FollowerState (FollowerState.java:run(115)) - e1913c6f-5f92-40f7-b184-672b278ad36c: FollowerState was interrupted: java.lang.InterruptedException: sleep interrupted
2019-09-28 05:40:59,713 [e1913c6f-5f92-40f7-b184-672b278ad36c@group-383171CEF9C6:LeaderElection26] INFO  impl.LeaderElection (LeaderElection.java:askForVotes(182)) - e1913c6f-5f92-40f7-b184-672b278ad36c@group-383171CEF9C6:LeaderElection26: begin an election at term 1 for -1: [e1913c6f-5f92-40f7-b184-672b278ad36c:192.168.30.51:45894], old=null
2019-09-28 05:40:59,713 [e1913c6f-5f92-40f7-b184-672b278ad36c@group-383171CEF9C6:LeaderElection26] INFO  impl.RoleInfo (RoleInfo.java:shutdownLeaderElection(134)) - e1913c6f-5f92-40f7-b184-672b278ad36c: shutdown LeaderElection
2019-09-28 05:40:59,713 [e1913c6f-5f92-40f7-b184-672b278ad36c@group-383171CEF9C6:LeaderElection26] INFO  impl.RaftServerImpl (RaftServerImpl.java:setRole(174)) - e1913c6f-5f92-40f7-b184-672b278ad36c@group-383171CEF9C6: changes role from CANDIDATE to LEADER at term 1 for changeToLeader
2019-09-28 05:40:59,713 [e1913c6f-5f92-40f7-b184-672b278ad36c@group-383171CEF9C6:LeaderElection26] INFO  impl.RaftServerImpl (ServerState.java:setLeader(253)) - e1913c6f-5f92-40f7-b184-672b278ad36c@group-383171CEF9C6: change Leader from null to e1913c6f-5f92-40f7-b184-672b278ad36c at term 1 for becomeLeader, leader elected after 5230ms
2019-09-28 05:40:59,716 [e1913c6f-5f92-40f7-b184-672b278ad36c@group-383171CEF9C6:LeaderElection26] INFO  server.RaftServerConfigKeys (ConfUtils.java:logGet(43)) - raft.server.staging.catchup.gap = 1000 (default)
2019-09-28 05:40:59,716 [e1913c6f-5f92-40f7-b184-672b278ad36c@group-383171CEF9C6:LeaderElection26] INFO  server.RaftServerConfigKeys (ConfUtils.java:logGet(43)) - raft.server.rpc.sleep.time = 25ms (default)
2019-09-28 05:40:59,716 [e1913c6f-5f92-40f7-b184-672b278ad36c@group-383171CEF9C6:LeaderElection26] INFO  server.RaftServerConfigKeys (ConfUtils.java:logGet(43)) - raft.server.write.element-limit = 4096 (default)
2019-09-28 05:40:59,716 [e1913c6f-5f92-40f7-b184-672b278ad36c@group-383171CEF9C6:LeaderElection26] INFO  server.RaftServerConfigKeys (ConfUtils.java:logGet(43)) - raft.server.watch.timeout = 10s (default)
2019-09-28 05:40:59,717 [e1913c6f-5f92-40f7-b184-672b278ad36c@group-383171CEF9C6:LeaderElection26] INFO  server.RaftServerConfigKeys (ConfUtils.java:logGet(43)) - raft.server.watch.timeout.denomination = 1s (default)
2019-09-28 05:40:59,717 [e1913c6f-5f92-40f7-b184-672b278ad36c@group-383171CEF9C6:LeaderElection26] INFO  server.RaftServerConfigKeys (ConfUtils.java:logGet(43)) - raft.server.watch.element-limit = 65536 (default)
2019-09-28 05:40:59,719 [e1913c6f-5f92-40f7-b184-672b278ad36c@group-383171CEF9C6:LeaderElection26] INFO  impl.RoleInfo (RoleInfo.java:updateAndGet(143)) - e1913c6f-5f92-40f7-b184-672b278ad36c: start LeaderState
2019-09-28 05:40:59,719 [e1913c6f-5f92-40f7-b184-672b278ad36c@group-383171CEF9C6:LeaderElection26] INFO  segmented.SegmentedRaftLogWorker (SegmentedRaftLogWorker.java:startLogSegment(380)) - e1913c6f-5f92-40f7-b184-672b278ad36c@group-383171CEF9C6-SegmentedRaftLogWorker: Starting segment from index:0
2019-09-28 05:40:59,719 [e1913c6f-5f92-40f7-b184-672b278ad36c@group-383171CEF9C6:LeaderElection26] INFO  impl.RaftServerImpl (ServerState.java:setRaftConf(354)) - e1913c6f-5f92-40f7-b184-672b278ad36c@group-383171CEF9C6: set configuration 0: [e1913c6f-5f92-40f7-b184-672b278ad36c:192.168.30.51:45894], old=null at 0
2019-09-28 05:40:59,723 [38e8276b-0564-4e1c-b20d-cf8d8fcd5643@group-061CCE0C3C63:LeaderElection27] INFO  impl.LeaderElection (LeaderElection.java:askForVotes(182)) - 38e8276b-0564-4e1c-b20d-cf8d8fcd5643@group-061CCE0C3C63:LeaderElection27: begin an election at term 1 for -1: [38e8276b-0564-4e1c-b20d-cf8d8fcd5643:192.168.30.51:42822, 8f5bcc06-38fd-4f67-bb33-a4a6b708286a:192.168.30.51:43820, e1913c6f-5f92-40f7-b184-672b278ad36c:192.168.30.51:45894], old=null
2019-09-28 05:40:59,728 [8f5bcc06-38fd-4f67-bb33-a4a6b708286a@group-061CCE0C3C63:LeaderElection25] INFO  impl.LeaderElection (LeaderElection.java:logAndReturn(56)) - 8f5bcc06-38fd-4f67-bb33-a4a6b708286a@group-061CCE0C3C63:LeaderElection25: Election PASSED; received 1 response(s) [8f5bcc06-38fd-4f67-bb33-a4a6b708286a<-e1913c6f-5f92-40f7-b184-672b278ad36c#0:OK-t1] and 0 exception(s); 8f5bcc06-38fd-4f67-bb33-a4a6b708286a@group-061CCE0C3C63:t1, leader=null, voted=8f5bcc06-38fd-4f67-bb33-a4a6b708286a, raftlog=8f5bcc06-38fd-4f67-bb33-a4a6b708286a@group-061CCE0C3C63-SegmentedRaftLog:OPENED:c-1,f-1,i0, conf=-1: [38e8276b-0564-4e1c-b20d-cf8d8fcd5643:192.168.30.51:42822, 8f5bcc06-38fd-4f67-bb33-a4a6b708286a:192.168.30.51:43820, e1913c6f-5f92-40f7-b184-672b278ad36c:192.168.30.51:45894], old=null
2019-09-28 05:40:59,728 [8f5bcc06-38fd-4f67-bb33-a4a6b708286a@group-061CCE0C3C63:LeaderElection25] INFO  impl.RoleInfo (RoleInfo.java:shutdownLeaderElection(134)) - 8f5bcc06-38fd-4f67-bb33-a4a6b708286a: shutdown LeaderElection
2019-09-28 05:40:59,728 [8f5bcc06-38fd-4f67-bb33-a4a6b708286a@group-061CCE0C3C63:LeaderElection25] INFO  impl.RaftServerImpl (RaftServerImpl.java:setRole(174)) - 8f5bcc06-38fd-4f67-bb33-a4a6b708286a@group-061CCE0C3C63: changes role from CANDIDATE to LEADER at term 1 for changeToLeader
2019-09-28 05:40:59,728 [8f5bcc06-38fd-4f67-bb33-a4a6b708286a@group-061CCE0C3C63:LeaderElection25] INFO  impl.RaftServerImpl (ServerState.java:setLeader(253)) - 8f5bcc06-38fd-4f67-bb33-a4a6b708286a@group-061CCE0C3C63: change Leader from null to 8f5bcc06-38fd-4f67-bb33-a4a6b708286a at term 1 for becomeLeader, leader elected after 5168ms
2019-09-28 05:40:59,729 [8f5bcc06-38fd-4f67-bb33-a4a6b708286a@group-061CCE0C3C63:LeaderElection25] INFO  server.RaftServerConfigKeys (ConfUtils.java:logGet(43)) - raft.server.staging.catchup.gap = 1000 (default)
2019-09-28 05:40:59,729 [8f5bcc06-38fd-4f67-bb33-a4a6b708286a@group-061CCE0C3C63:LeaderElection25] INFO  server.RaftServerConfigKeys (ConfUtils.java:logGet(43)) - raft.server.rpc.sleep.time = 25ms (default)
2019-09-28 05:40:59,729 [8f5bcc06-38fd-4f67-bb33-a4a6b708286a@group-061CCE0C3C63:LeaderElection25] INFO  server.RaftServerConfigKeys (ConfUtils.java:logGet(43)) - raft.server.write.element-limit = 4096 (default)
2019-09-28 05:40:59,729 [8f5bcc06-38fd-4f67-bb33-a4a6b708286a@group-061CCE0C3C63:LeaderElection25] INFO  server.RaftServerConfigKeys (ConfUtils.java:logGet(43)) - raft.server.watch.timeout = 10s (default)
2019-09-28 05:40:59,753 [8f5bcc06-38fd-4f67-bb33-a4a6b708286a@group-061CCE0C3C63:LeaderElection25] INFO  server.RaftServerConfigKeys (ConfUtils.java:logGet(43)) - raft.server.watch.timeout.denomination = 1s (default)
2019-09-28 05:40:59,753 [8f5bcc06-38fd-4f67-bb33-a4a6b708286a@group-061CCE0C3C63:LeaderElection25] INFO  server.RaftServerConfigKeys (ConfUtils.java:logGet(43)) - raft.server.watch.element-limit = 65536 (default)
2019-09-28 05:40:59,755 [8f5bcc06-38fd-4f67-bb33-a4a6b708286a@group-061CCE0C3C63:LeaderElection25] INFO  server.RaftServerConfigKeys (ConfUtils.java:logGet(43)) - raft.server.log.appender.snapshot.chunk.size.max = 16MB (=16777216) (default)
2019-09-28 05:40:59,756 [8f5bcc06-38fd-4f67-bb33-a4a6b708286a@group-061CCE0C3C63:LeaderElection25] INFO  server.RaftServerConfigKeys (ConfUtils.java:logGet(43)) - raft.server.log.appender.buffer.byte-limit = 33554432 (custom)
2019-09-28 05:40:59,756 [8f5bcc06-38fd-4f67-bb33-a4a6b708286a@group-061CCE0C3C63:LeaderElection25] INFO  server.RaftServerConfigKeys (ConfUtils.java:logGet(43)) - raft.server.log.appender.buffer.element-limit = 1 (custom)
2019-09-28 05:40:59,756 [8f5bcc06-38fd-4f67-bb33-a4a6b708286a@group-061CCE0C3C63:LeaderElection25] INFO  grpc.GrpcConfigKeys$Server (ConfUtils.java:logGet(43)) - raft.grpc.server.leader.outstanding.appends.max = 128 (default)
2019-09-28 05:40:59,756 [8f5bcc06-38fd-4f67-bb33-a4a6b708286a@group-061CCE0C3C63:LeaderElection25] INFO  server.RaftServerConfigKeys (ConfUtils.java:logGet(43)) - raft.server.rpc.request.timeout = 3000ms (default)
2019-09-28 05:40:59,756 [8f5bcc06-38fd-4f67-bb33-a4a6b708286a@group-061CCE0C3C63:LeaderElection25] INFO  server.RaftServerConfigKeys (ConfUtils.java:logGet(43)) - raft.server.log.appender.install.snapshot.enabled = false (custom)
2019-09-28 05:40:59,757 [8f5bcc06-38fd-4f67-bb33-a4a6b708286a@group-061CCE0C3C63:LeaderElection25] INFO  server.RaftServerConfigKeys (ConfUtils.java:logGet(43)) - raft.server.log.appender.snapshot.chunk.size.max = 16MB (=16777216) (default)
2019-09-28 05:40:59,757 [8f5bcc06-38fd-4f67-bb33-a4a6b708286a@group-061CCE0C3C63:LeaderElection25] INFO  server.RaftServerConfigKeys (ConfUtils.java:logGet(43)) - raft.server.log.appender.buffer.byte-limit = 33554432 (custom)
2019-09-28 05:40:59,757 [8f5bcc06-38fd-4f67-bb33-a4a6b708286a@group-061CCE0C3C63:LeaderElection25] INFO  server.RaftServerConfigKeys (ConfUtils.java:logGet(43)) - raft.server.log.appender.buffer.element-limit = 1 (custom)
2019-09-28 05:40:59,757 [8f5bcc06-38fd-4f67-bb33-a4a6b708286a@group-061CCE0C3C63:LeaderElection25] INFO  grpc.GrpcConfigKeys$Server (ConfUtils.java:logGet(43)) - raft.grpc.server.leader.outstanding.appends.max = 128 (default)
2019-09-28 05:40:59,757 [8f5bcc06-38fd-4f67-bb33-a4a6b708286a@group-061CCE0C3C63:LeaderElection25] INFO  server.RaftServerConfigKeys (ConfUtils.java:logGet(43)) - raft.server.rpc.request.timeout = 3000ms (default)
2019-09-28 05:40:59,758 [8f5bcc06-38fd-4f67-bb33-a4a6b708286a@group-061CCE0C3C63:LeaderElection25] INFO  server.RaftServerConfigKeys (ConfUtils.java:logGet(43)) - raft.server.log.appender.install.snapshot.enabled = false (custom)
2019-09-28 05:40:59,758 [8f5bcc06-38fd-4f67-bb33-a4a6b708286a@group-061CCE0C3C63:LeaderElection25] INFO  impl.RoleInfo (RoleInfo.java:updateAndGet(143)) - 8f5bcc06-38fd-4f67-bb33-a4a6b708286a: start LeaderState
2019-09-28 05:40:59,758 [8f5bcc06-38fd-4f67-bb33-a4a6b708286a@group-061CCE0C3C63:LeaderElection25] INFO  segmented.SegmentedRaftLogWorker (SegmentedRaftLogWorker.java:startLogSegment(380)) - 8f5bcc06-38fd-4f67-bb33-a4a6b708286a@group-061CCE0C3C63-SegmentedRaftLogWorker: Starting segment from index:0
2019-09-28 05:40:59,759 [8f5bcc06-38fd-4f67-bb33-a4a6b708286a@group-061CCE0C3C63:LeaderElection25] INFO  impl.RaftServerImpl (ServerState.java:setRaftConf(354)) - 8f5bcc06-38fd-4f67-bb33-a4a6b708286a@group-061CCE0C3C63: set configuration 0: [38e8276b-0564-4e1c-b20d-cf8d8fcd5643:192.168.30.51:42822, 8f5bcc06-38fd-4f67-bb33-a4a6b708286a:192.168.30.51:43820, e1913c6f-5f92-40f7-b184-672b278ad36c:192.168.30.51:45894], old=null at 0
2019-09-28 05:40:59,765 [grpc-default-executor-3] INFO  impl.RaftServerImpl (RaftServerImpl.java:requestVote(758)) - 8f5bcc06-38fd-4f67-bb33-a4a6b708286a@group-061CCE0C3C63-   LEADER: Withhold vote from candidate 38e8276b-0564-4e1c-b20d-cf8d8fcd5643 with term 1. State: leader=8f5bcc06-38fd-4f67-bb33-a4a6b708286a, term=1, lastRpcElapsed=null
2019-09-28 05:40:59,793 [e1913c6f-5f92-40f7-b184-672b278ad36c@group-383171CEF9C6-SegmentedRaftLogWorker] INFO  segmented.SegmentedRaftLogWorker (SegmentedRaftLogWorker.java:execute(569)) - e1913c6f-5f92-40f7-b184-672b278ad36c@group-383171CEF9C6-SegmentedRaftLogWorker: created new log segment /workdir/hadoop-ozone/integration-test/target/test-dir/MiniOzoneClusterImpl-cf793505-16a9-45eb-82c7-0f4c7e523749/datanode-2/data/ratis/c69c8785-3360-4bef-9d87-383171cef9c6/current/log_inprogress_0
2019-09-28 05:40:59,794 [grpc-default-executor-6] INFO  impl.RaftServerImpl (RaftServerImpl.java:setRole(174)) - 38e8276b-0564-4e1c-b20d-cf8d8fcd5643@group-061CCE0C3C63: changes role from CANDIDATE to FOLLOWER at term 1 for appendEntries
2019-09-28 05:40:59,794 [grpc-default-executor-6] INFO  impl.RoleInfo (RoleInfo.java:shutdownLeaderElection(134)) - 38e8276b-0564-4e1c-b20d-cf8d8fcd5643: shutdown LeaderElection
2019-09-28 05:40:59,796 [grpc-default-executor-3] INFO  impl.RaftServerImpl (ServerState.java:setLeader(253)) - e1913c6f-5f92-40f7-b184-672b278ad36c@group-061CCE0C3C63: change Leader from null to 8f5bcc06-38fd-4f67-bb33-a4a6b708286a at term 1 for appendEntries, leader elected after 5236ms
2019-09-28 05:40:59,796 [grpc-default-executor-6] INFO  impl.RoleInfo (RoleInfo.java:updateAndGet(143)) - 38e8276b-0564-4e1c-b20d-cf8d8fcd5643: start FollowerState
2019-09-28 05:40:59,797 [grpc-default-executor-6] INFO  impl.RaftServerImpl (ServerState.java:setLeader(253)) - 38e8276b-0564-4e1c-b20d-cf8d8fcd5643@group-061CCE0C3C63: change Leader from null to 8f5bcc06-38fd-4f67-bb33-a4a6b708286a at term 1 for appendEntries, leader elected after 5237ms
2019-09-28 05:40:59,800 [grpc-default-executor-6] INFO  impl.RaftServerImpl (ServerState.java:setRaftConf(354)) - 38e8276b-0564-4e1c-b20d-cf8d8fcd5643@group-061CCE0C3C63: set configuration 0: [38e8276b-0564-4e1c-b20d-cf8d8fcd5643:192.168.30.51:42822, 8f5bcc06-38fd-4f67-bb33-a4a6b708286a:192.168.30.51:43820, e1913c6f-5f92-40f7-b184-672b278ad36c:192.168.30.51:45894], old=null at 0
2019-09-28 05:40:59,801 [grpc-default-executor-6] INFO  segmented.SegmentedRaftLogWorker (SegmentedRaftLogWorker.java:startLogSegment(380)) - 38e8276b-0564-4e1c-b20d-cf8d8fcd5643@group-061CCE0C3C63-SegmentedRaftLogWorker: Starting segment from index:0
2019-09-28 05:40:59,826 [8f5bcc06-38fd-4f67-bb33-a4a6b708286a@group-061CCE0C3C63-SegmentedRaftLogWorker] INFO  segmented.SegmentedRaftLogWorker (SegmentedRaftLogWorker.java:execute(569)) - 8f5bcc06-38fd-4f67-bb33-a4a6b708286a@group-061CCE0C3C63-SegmentedRaftLogWorker: created new log segment /workdir/hadoop-ozone/integration-test/target/test-dir/MiniOzoneClusterImpl-cf793505-16a9-45eb-82c7-0f4c7e523749/datanode-1/data/ratis/31633b28-5f15-4b93-ad48-061cce0c3c63/current/log_inprogress_0
2019-09-28 05:40:59,826 [38e8276b-0564-4e1c-b20d-cf8d8fcd5643@group-061CCE0C3C63:LeaderElection27] INFO  impl.LeaderElection (LeaderElection.java:logAndReturn(56)) - 38e8276b-0564-4e1c-b20d-cf8d8fcd5643@group-061CCE0C3C63:LeaderElection27: Election REJECTED; received 2 response(s) [38e8276b-0564-4e1c-b20d-cf8d8fcd5643<-8f5bcc06-38fd-4f67-bb33-a4a6b708286a#0:FAIL-t1, 38e8276b-0564-4e1c-b20d-cf8d8fcd5643<-e1913c6f-5f92-40f7-b184-672b278ad36c#0:FAIL-t1] and 0 exception(s); 38e8276b-0564-4e1c-b20d-cf8d8fcd5643@group-061CCE0C3C63:t1, leader=8f5bcc06-38fd-4f67-bb33-a4a6b708286a, voted=38e8276b-0564-4e1c-b20d-cf8d8fcd5643, raftlog=38e8276b-0564-4e1c-b20d-cf8d8fcd5643@group-061CCE0C3C63-SegmentedRaftLog:OPENED:c-1,f-1,i0, conf=0: [38e8276b-0564-4e1c-b20d-cf8d8fcd5643:192.168.30.51:42822, 8f5bcc06-38fd-4f67-bb33-a4a6b708286a:192.168.30.51:43820, e1913c6f-5f92-40f7-b184-672b278ad36c:192.168.30.51:45894], old=null
2019-09-28 05:40:59,826 [grpc-default-executor-3] INFO  impl.RaftServerImpl (ServerState.java:setRaftConf(354)) - e1913c6f-5f92-40f7-b184-672b278ad36c@group-061CCE0C3C63: set configuration 0: [38e8276b-0564-4e1c-b20d-cf8d8fcd5643:192.168.30.51:42822, 8f5bcc06-38fd-4f67-bb33-a4a6b708286a:192.168.30.51:43820, e1913c6f-5f92-40f7-b184-672b278ad36c:192.168.30.51:45894], old=null at 0
2019-09-28 05:40:59,828 [grpc-default-executor-3] INFO  segmented.SegmentedRaftLogWorker (SegmentedRaftLogWorker.java:startLogSegment(380)) - e1913c6f-5f92-40f7-b184-672b278ad36c@group-061CCE0C3C63-SegmentedRaftLogWorker: Starting segment from index:0
2019-09-28 05:40:59,848 [38e8276b-0564-4e1c-b20d-cf8d8fcd5643@group-061CCE0C3C63-SegmentedRaftLogWorker] INFO  segmented.SegmentedRaftLogWorker (SegmentedRaftLogWorker.java:execute(569)) - 38e8276b-0564-4e1c-b20d-cf8d8fcd5643@group-061CCE0C3C63-SegmentedRaftLogWorker: created new log segment /workdir/hadoop-ozone/integration-test/target/test-dir/MiniOzoneClusterImpl-cf793505-16a9-45eb-82c7-0f4c7e523749/datanode-0/data/ratis/31633b28-5f15-4b93-ad48-061cce0c3c63/current/log_inprogress_0
2019-09-28 05:40:59,882 [e1913c6f-5f92-40f7-b184-672b278ad36c@group-061CCE0C3C63-SegmentedRaftLogWorker] INFO  segmented.SegmentedRaftLogWorker (SegmentedRaftLogWorker.java:execute(569)) - e1913c6f-5f92-40f7-b184-672b278ad36c@group-061CCE0C3C63-SegmentedRaftLogWorker: created new log segment /workdir/hadoop-ozone/integration-test/target/test-dir/MiniOzoneClusterImpl-cf793505-16a9-45eb-82c7-0f4c7e523749/datanode-2/data/ratis/31633b28-5f15-4b93-ad48-061cce0c3c63/current/log_inprogress_0
2019-09-28 05:40:59,882 [Thread-793] INFO  impl.FollowerState (FollowerState.java:run(106)) - f96c6bb0-35cd-4680-b916-87cea356f4b5:group-FFA8C71D06B7 changes to CANDIDATE, lastRpcTime:5155, electionTimeout:5155ms
2019-09-28 05:40:59,883 [Thread-793] INFO  impl.RoleInfo (RoleInfo.java:shutdownFollowerState(121)) - f96c6bb0-35cd-4680-b916-87cea356f4b5: shutdown FollowerState
2019-09-28 05:40:59,883 [Thread-793] INFO  impl.RaftServerImpl (RaftServerImpl.java:setRole(174)) - f96c6bb0-35cd-4680-b916-87cea356f4b5@group-FFA8C71D06B7: changes role from  FOLLOWER to CANDIDATE at term 0 for changeToCandidate
2019-09-28 05:40:59,883 [Thread-793] INFO  impl.RoleInfo (RoleInfo.java:updateAndGet(143)) - f96c6bb0-35cd-4680-b916-87cea356f4b5: start LeaderElection
2019-09-28 05:40:59,886 [Thread-799] INFO  impl.FollowerState (FollowerState.java:run(106)) - 655b5729-6a0f-4a94-81c6-8a03f37304c4:group-E60B44BAE2BF changes to CANDIDATE, lastRpcTime:5007, electionTimeout:5007ms
2019-09-28 05:40:59,888 [Thread-799] INFO  impl.RoleInfo (RoleInfo.java:shutdownFollowerState(121)) - 655b5729-6a0f-4a94-81c6-8a03f37304c4: shutdown FollowerState
2019-09-28 05:40:59,888 [Thread-799] INFO  impl.RaftServerImpl (RaftServerImpl.java:setRole(174)) - 655b5729-6a0f-4a94-81c6-8a03f37304c4@group-E60B44BAE2BF: changes role from  FOLLOWER to CANDIDATE at term 0 for changeToCandidate
2019-09-28 05:40:59,888 [Thread-799] INFO  impl.RoleInfo (RoleInfo.java:updateAndGet(143)) - 655b5729-6a0f-4a94-81c6-8a03f37304c4: start LeaderElection
2019-09-28 05:40:59,907 [f96c6bb0-35cd-4680-b916-87cea356f4b5@group-FFA8C71D06B7:LeaderElection28] INFO  impl.LeaderElection (LeaderElection.java:askForVotes(182)) - f96c6bb0-35cd-4680-b916-87cea356f4b5@group-FFA8C71D06B7:LeaderElection28: begin an election at term 1 for -1: [f96c6bb0-35cd-4680-b916-87cea356f4b5:192.168.30.51:35895], old=null
2019-09-28 05:40:59,907 [655b5729-6a0f-4a94-81c6-8a03f37304c4@group-E60B44BAE2BF:LeaderElection29] INFO  impl.LeaderElection (LeaderElection.java:askForVotes(182)) - 655b5729-6a0f-4a94-81c6-8a03f37304c4@group-E60B44BAE2BF:LeaderElection29: begin an election at term 1 for -1: [655b5729-6a0f-4a94-81c6-8a03f37304c4:192.168.30.51:41755], old=null
2019-09-28 05:40:59,907 [f96c6bb0-35cd-4680-b916-87cea356f4b5@group-FFA8C71D06B7:LeaderElection28] INFO  impl.RoleInfo (RoleInfo.java:shutdownLeaderElection(134)) - f96c6bb0-35cd-4680-b916-87cea356f4b5: shutdown LeaderElection
2019-09-28 05:40:59,907 [655b5729-6a0f-4a94-81c6-8a03f37304c4@group-E60B44BAE2BF:LeaderElection29] INFO  impl.RoleInfo (RoleInfo.java:shutdownLeaderElection(134)) - 655b5729-6a0f-4a94-81c6-8a03f37304c4: shutdown LeaderElection
2019-09-28 05:40:59,907 [f96c6bb0-35cd-4680-b916-87cea356f4b5@group-FFA8C71D06B7:LeaderElection28] INFO  impl.RaftServerImpl (RaftServerImpl.java:setRole(174)) - f96c6bb0-35cd-4680-b916-87cea356f4b5@group-FFA8C71D06B7: changes role from CANDIDATE to LEADER at term 1 for changeToLeader
2019-09-28 05:40:59,908 [655b5729-6a0f-4a94-81c6-8a03f37304c4@group-E60B44BAE2BF:LeaderElection29] INFO  impl.RaftServerImpl (RaftServerImpl.java:setRole(174)) - 655b5729-6a0f-4a94-81c6-8a03f37304c4@group-E60B44BAE2BF: changes role from CANDIDATE to LEADER at term 1 for changeToLeader
2019-09-28 05:40:59,908 [f96c6bb0-35cd-4680-b916-87cea356f4b5@group-FFA8C71D06B7:LeaderElection28] INFO  impl.RaftServerImpl (ServerState.java:setLeader(253)) - f96c6bb0-35cd-4680-b916-87cea356f4b5@group-FFA8C71D06B7: change Leader from null to f96c6bb0-35cd-4680-b916-87cea356f4b5 at term 1 for becomeLeader, leader elected after 5189ms
2019-09-28 05:40:59,908 [655b5729-6a0f-4a94-81c6-8a03f37304c4@group-E60B44BAE2BF:LeaderElection29] INFO  impl.RaftServerImpl (ServerState.java:setLeader(253)) - 655b5729-6a0f-4a94-81c6-8a03f37304c4@group-E60B44BAE2BF: change Leader from null to 655b5729-6a0f-4a94-81c6-8a03f37304c4 at term 1 for becomeLeader, leader elected after 5037ms
2019-09-28 05:40:59,911 [f96c6bb0-35cd-4680-b916-87cea356f4b5@group-FFA8C71D06B7:LeaderElection28] INFO  server.RaftServerConfigKeys (ConfUtils.java:logGet(43)) - raft.server.staging.catchup.gap = 1000 (default)
2019-09-28 05:40:59,913 [655b5729-6a0f-4a94-81c6-8a03f37304c4@group-E60B44BAE2BF:LeaderElection29] INFO  server.RaftServerConfigKeys (ConfUtils.java:logGet(43)) - raft.server.staging.catchup.gap = 1000 (default)
2019-09-28 05:40:59,914 [f96c6bb0-35cd-4680-b916-87cea356f4b5@group-FFA8C71D06B7:LeaderElection28] INFO  server.RaftServerConfigKeys (ConfUtils.java:logGet(43)) - raft.server.rpc.sleep.time = 25ms (default)
2019-09-28 05:40:59,914 [655b5729-6a0f-4a94-81c6-8a03f37304c4@group-E60B44BAE2BF:LeaderElection29] INFO  server.RaftServerConfigKeys (ConfUtils.java:logGet(43)) - raft.server.rpc.sleep.time = 25ms (default)
2019-09-28 05:40:59,914 [f96c6bb0-35cd-4680-b916-87cea356f4b5@group-FFA8C71D06B7:LeaderElection28] INFO  server.RaftServerConfigKeys (ConfUtils.java:logGet(43)) - raft.server.write.element-limit = 4096 (default)
2019-09-28 05:40:59,914 [655b5729-6a0f-4a94-81c6-8a03f37304c4@group-E60B44BAE2BF:LeaderElection29] INFO  server.RaftServerConfigKeys (ConfUtils.java:logGet(43)) - raft.server.write.element-limit = 4096 (default)
2019-09-28 05:40:59,914 [f96c6bb0-35cd-4680-b916-87cea356f4b5@group-FFA8C71D06B7:LeaderElection28] INFO  server.RaftServerConfigKeys (ConfUtils.java:logGet(43)) - raft.server.watch.timeout = 10s (default)
2019-09-28 05:40:59,914 [f96c6bb0-35cd-4680-b916-87cea356f4b5@group-FFA8C71D06B7:LeaderElection28] INFO  server.RaftServerConfigKeys (ConfUtils.java:logGet(43)) - raft.server.watch.timeout.denomination = 1s (default)
2019-09-28 05:40:59,915 [f96c6bb0-35cd-4680-b916-87cea356f4b5@group-FFA8C71D06B7:LeaderElection28] INFO  server.RaftServerConfigKeys (ConfUtils.java:logGet(43)) - raft.server.watch.element-limit = 65536 (default)
2019-09-28 05:40:59,914 [655b5729-6a0f-4a94-81c6-8a03f37304c4@group-E60B44BAE2BF:LeaderElection29] INFO  server.RaftServerConfigKeys (ConfUtils.java:logGet(43)) - raft.server.watch.timeout = 10s (default)
2019-09-28 05:40:59,915 [655b5729-6a0f-4a94-81c6-8a03f37304c4@group-E60B44BAE2BF:LeaderElection29] INFO  server.RaftServerConfigKeys (ConfUtils.java:logGet(43)) - raft.server.watch.timeout.denomination = 1s (default)
2019-09-28 05:40:59,915 [655b5729-6a0f-4a94-81c6-8a03f37304c4@group-E60B44BAE2BF:LeaderElection29] INFO  server.RaftServerConfigKeys (ConfUtils.java:logGet(43)) - raft.server.watch.element-limit = 65536 (default)
2019-09-28 05:40:59,918 [655b5729-6a0f-4a94-81c6-8a03f37304c4@group-E60B44BAE2BF:LeaderElection29] INFO  impl.RoleInfo (RoleInfo.java:updateAndGet(143)) - 655b5729-6a0f-4a94-81c6-8a03f37304c4: start LeaderState
2019-09-28 05:40:59,918 [f96c6bb0-35cd-4680-b916-87cea356f4b5@group-FFA8C71D06B7:LeaderElection28] INFO  impl.RoleInfo (RoleInfo.java:updateAndGet(143)) - f96c6bb0-35cd-4680-b916-87cea356f4b5: start LeaderState
2019-09-28 05:40:59,918 [655b5729-6a0f-4a94-81c6-8a03f37304c4@group-E60B44BAE2BF:LeaderElection29] INFO  segmented.SegmentedRaftLogWorker (SegmentedRaftLogWorker.java:startLogSegment(380)) - 655b5729-6a0f-4a94-81c6-8a03f37304c4@group-E60B44BAE2BF-SegmentedRaftLogWorker: Starting segment from index:0
2019-09-28 05:40:59,918 [f96c6bb0-35cd-4680-b916-87cea356f4b5@group-FFA8C71D06B7:LeaderElection28] INFO  segmented.SegmentedRaftLogWorker (SegmentedRaftLogWorker.java:startLogSegment(380)) - f96c6bb0-35cd-4680-b916-87cea356f4b5@group-FFA8C71D06B7-SegmentedRaftLogWorker: Starting segment from index:0
2019-09-28 05:40:59,919 [655b5729-6a0f-4a94-81c6-8a03f37304c4@group-E60B44BAE2BF:LeaderElection29] INFO  impl.RaftServerImpl (ServerState.java:setRaftConf(354)) - 655b5729-6a0f-4a94-81c6-8a03f37304c4@group-E60B44BAE2BF: set configuration 0: [655b5729-6a0f-4a94-81c6-8a03f37304c4:192.168.30.51:41755], old=null at 0
2019-09-28 05:40:59,946 [f96c6bb0-35cd-4680-b916-87cea356f4b5@group-FFA8C71D06B7:LeaderElection28] INFO  impl.RaftServerImpl (ServerState.java:setRaftConf(354)) - f96c6bb0-35cd-4680-b916-87cea356f4b5@group-FFA8C71D06B7: set configuration 0: [f96c6bb0-35cd-4680-b916-87cea356f4b5:192.168.30.51:35895], old=null at 0
2019-09-28 05:40:59,952 [Thread-796] INFO  impl.FollowerState (FollowerState.java:run(106)) - 2ea96f30-9ef7-4b6e-b81e-9105b046548f:group-BFF319916E41 changes to CANDIDATE, lastRpcTime:5159, electionTimeout:5159ms
2019-09-28 05:40:59,953 [Thread-796] INFO  impl.RoleInfo (RoleInfo.java:shutdownFollowerState(121)) - 2ea96f30-9ef7-4b6e-b81e-9105b046548f: shutdown FollowerState
2019-09-28 05:40:59,953 [Thread-796] INFO  impl.RaftServerImpl (RaftServerImpl.java:setRole(174)) - 2ea96f30-9ef7-4b6e-b81e-9105b046548f@group-BFF319916E41: changes role from  FOLLOWER to CANDIDATE at term 0 for changeToCandidate
2019-09-28 05:40:59,953 [Thread-796] INFO  impl.RoleInfo (RoleInfo.java:updateAndGet(143)) - 2ea96f30-9ef7-4b6e-b81e-9105b046548f: start LeaderElection
2019-09-28 05:40:59,976 [655b5729-6a0f-4a94-81c6-8a03f37304c4@group-E60B44BAE2BF-SegmentedRaftLogWorker] INFO  segmented.SegmentedRaftLogWorker (SegmentedRaftLogWorker.java:execute(569)) - 655b5729-6a0f-4a94-81c6-8a03f37304c4@group-E60B44BAE2BF-SegmentedRaftLogWorker: created new log segment /workdir/hadoop-ozone/integration-test/target/test-dir/MiniOzoneClusterImpl-cf793505-16a9-45eb-82c7-0f4c7e523749/datanode-6/data/ratis/648d8291-48a0-4ca3-aeaf-e60b44bae2bf/current/log_inprogress_0
2019-09-28 05:40:59,976 [f96c6bb0-35cd-4680-b916-87cea356f4b5@group-FFA8C71D06B7-SegmentedRaftLogWorker] INFO  segmented.SegmentedRaftLogWorker (SegmentedRaftLogWorker.java:execute(569)) - f96c6bb0-35cd-4680-b916-87cea356f4b5@group-FFA8C71D06B7-SegmentedRaftLogWorker: created new log segment /workdir/hadoop-ozone/integration-test/target/test-dir/MiniOzoneClusterImpl-cf793505-16a9-45eb-82c7-0f4c7e523749/datanode-3/data/ratis/e968fc14-13a1-4518-aa2d-ffa8c71d06b7/current/log_inprogress_0
2019-09-28 05:40:59,991 [2ea96f30-9ef7-4b6e-b81e-9105b046548f@group-BFF319916E41:LeaderElection30] INFO  impl.LeaderElection (LeaderElection.java:askForVotes(182)) - 2ea96f30-9ef7-4b6e-b81e-9105b046548f@group-BFF319916E41:LeaderElection30: begin an election at term 1 for -1: [2ea96f30-9ef7-4b6e-b81e-9105b046548f:192.168.30.51:38778], old=null
2019-09-28 05:40:59,991 [2ea96f30-9ef7-4b6e-b81e-9105b046548f@group-BFF319916E41:LeaderElection30] INFO  impl.RoleInfo (RoleInfo.java:shutdownLeaderElection(134)) - 2ea96f30-9ef7-4b6e-b81e-9105b046548f: shutdown LeaderElection
2019-09-28 05:40:59,991 [2ea96f30-9ef7-4b6e-b81e-9105b046548f@group-BFF319916E41:LeaderElection30] INFO  impl.RaftServerImpl (RaftServerImpl.java:setRole(174)) - 2ea96f30-9ef7-4b6e-b81e-9105b046548f@group-BFF319916E41: changes role from CANDIDATE to LEADER at term 1 for changeToLeader
2019-09-28 05:40:59,991 [2ea96f30-9ef7-4b6e-b81e-9105b046548f@group-BFF319916E41:LeaderElection30] INFO  impl.RaftServerImpl (ServerState.java:setLeader(253)) - 2ea96f30-9ef7-4b6e-b81e-9105b046548f@group-BFF319916E41: change Leader from null to 2ea96f30-9ef7-4b6e-b81e-9105b046548f at term 1 for becomeLeader, leader elected after 5205ms
2019-09-28 05:40:59,994 [2ea96f30-9ef7-4b6e-b81e-9105b046548f@group-BFF319916E41:LeaderElection30] INFO  server.RaftServerConfigKeys (ConfUtils.java:logGet(43)) - raft.server.staging.catchup.gap = 1000 (default)
2019-09-28 05:40:59,994 [2ea96f30-9ef7-4b6e-b81e-9105b046548f@group-BFF319916E41:LeaderElection30] INFO  server.RaftServerConfigKeys (ConfUtils.java:logGet(43)) - raft.server.rpc.sleep.time = 25ms (default)
2019-09-28 05:40:59,994 [2ea96f30-9ef7-4b6e-b81e-9105b046548f@group-BFF319916E41:LeaderElection30] INFO  server.RaftServerConfigKeys (ConfUtils.java:logGet(43)) - raft.server.write.element-limit = 4096 (default)
2019-09-28 05:40:59,995 [2ea96f30-9ef7-4b6e-b81e-9105b046548f@group-BFF319916E41:LeaderElection30] INFO  server.RaftServerConfigKeys (ConfUtils.java:logGet(43)) - raft.server.watch.timeout = 10s (default)
2019-09-28 05:40:59,995 [2ea96f30-9ef7-4b6e-b81e-9105b046548f@group-BFF319916E41:LeaderElection30] INFO  server.RaftServerConfigKeys (ConfUtils.java:logGet(43)) - raft.server.watch.timeout.denomination = 1s (default)
2019-09-28 05:40:59,995 [2ea96f30-9ef7-4b6e-b81e-9105b046548f@group-BFF319916E41:LeaderElection30] INFO  server.RaftServerConfigKeys (ConfUtils.java:logGet(43)) - raft.server.watch.element-limit = 65536 (default)
2019-09-28 05:40:59,997 [2ea96f30-9ef7-4b6e-b81e-9105b046548f@group-BFF319916E41:LeaderElection30] INFO  impl.RoleInfo (RoleInfo.java:updateAndGet(143)) - 2ea96f30-9ef7-4b6e-b81e-9105b046548f: start LeaderState
2019-09-28 05:40:59,997 [Thread-802] INFO  impl.FollowerState (FollowerState.java:run(106)) - 1ff08831-2bf9-4409-a8b0-f137793f5f47:group-A55114B9F5B2 changes to CANDIDATE, lastRpcTime:5045, electionTimeout:5045ms
2019-09-28 05:40:59,998 [2ea96f30-9ef7-4b6e-b81e-9105b046548f@group-BFF319916E41:LeaderElection30] INFO  segmented.SegmentedRaftLogWorker (SegmentedRaftLogWorker.java:startLogSegment(380)) - 2ea96f30-9ef7-4b6e-b81e-9105b046548f@group-BFF319916E41-SegmentedRaftLogWorker: Starting segment from index:0
2019-09-28 05:40:59,998 [Thread-802] INFO  impl.RoleInfo (RoleInfo.java:shutdownFollowerState(121)) - 1ff08831-2bf9-4409-a8b0-f137793f5f47: shutdown FollowerState
2019-09-28 05:40:59,998 [Thread-802] INFO  impl.RaftServerImpl (RaftServerImpl.java:setRole(174)) - 1ff08831-2bf9-4409-a8b0-f137793f5f47@group-A55114B9F5B2: changes role from  FOLLOWER to CANDIDATE at term 0 for changeToCandidate
2019-09-28 05:40:59,998 [Thread-802] INFO  impl.RoleInfo (RoleInfo.java:updateAndGet(143)) - 1ff08831-2bf9-4409-a8b0-f137793f5f47: start LeaderElection
2019-09-28 05:40:59,998 [2ea96f30-9ef7-4b6e-b81e-9105b046548f@group-BFF319916E41:LeaderElection30] INFO  impl.RaftServerImpl (ServerState.java:setRaftConf(354)) - 2ea96f30-9ef7-4b6e-b81e-9105b046548f@group-BFF319916E41: set configuration 0: [2ea96f30-9ef7-4b6e-b81e-9105b046548f:192.168.30.51:38778], old=null at 0
2019-09-28 05:41:00,050 [2ea96f30-9ef7-4b6e-b81e-9105b046548f@group-BFF319916E41-SegmentedRaftLogWorker] INFO  segmented.SegmentedRaftLogWorker (SegmentedRaftLogWorker.java:execute(569)) - 2ea96f30-9ef7-4b6e-b81e-9105b046548f@group-BFF319916E41-SegmentedRaftLogWorker: created new log segment /workdir/hadoop-ozone/integration-test/target/test-dir/MiniOzoneClusterImpl-cf793505-16a9-45eb-82c7-0f4c7e523749/datanode-5/data/ratis/2614d347-e375-481c-863e-bff319916e41/current/log_inprogress_0
2019-09-28 05:41:00,050 [1ff08831-2bf9-4409-a8b0-f137793f5f47@group-A55114B9F5B2:LeaderElection31] INFO  impl.LeaderElection (LeaderElection.java:askForVotes(182)) - 1ff08831-2bf9-4409-a8b0-f137793f5f47@group-A55114B9F5B2:LeaderElection31: begin an election at term 1 for -1: [1ff08831-2bf9-4409-a8b0-f137793f5f47:192.168.30.51:40310], old=null
2019-09-28 05:41:00,050 [1ff08831-2bf9-4409-a8b0-f137793f5f47@group-A55114B9F5B2:LeaderElection31] INFO  impl.RoleInfo (RoleInfo.java:shutdownLeaderElection(134)) - 1ff08831-2bf9-4409-a8b0-f137793f5f47: shutdown LeaderElection
2019-09-28 05:41:00,050 [1ff08831-2bf9-4409-a8b0-f137793f5f47@group-A55114B9F5B2:LeaderElection31] INFO  impl.RaftServerImpl (RaftServerImpl.java:setRole(174)) - 1ff08831-2bf9-4409-a8b0-f137793f5f47@group-A55114B9F5B2: changes role from CANDIDATE to LEADER at term 1 for changeToLeader
2019-09-28 05:41:00,051 [1ff08831-2bf9-4409-a8b0-f137793f5f47@group-A55114B9F5B2:LeaderElection31] INFO  impl.RaftServerImpl (ServerState.java:setLeader(253)) - 1ff08831-2bf9-4409-a8b0-f137793f5f47@group-A55114B9F5B2: change Leader from null to 1ff08831-2bf9-4409-a8b0-f137793f5f47 at term 1 for becomeLeader, leader elected after 5104ms
2019-09-28 05:41:00,058 [1ff08831-2bf9-4409-a8b0-f137793f5f47@group-A55114B9F5B2:LeaderElection31] INFO  server.RaftServerConfigKeys (ConfUtils.java:logGet(43)) - raft.server.staging.catchup.gap = 1000 (default)
2019-09-28 05:41:00,060 [1ff08831-2bf9-4409-a8b0-f137793f5f47@group-A55114B9F5B2:LeaderElection31] INFO  server.RaftServerConfigKeys (ConfUtils.java:logGet(43)) - raft.server.rpc.sleep.time = 25ms (default)
2019-09-28 05:41:00,060 [1ff08831-2bf9-4409-a8b0-f137793f5f47@group-A55114B9F5B2:LeaderElection31] INFO  server.RaftServerConfigKeys (ConfUtils.java:logGet(43)) - raft.server.write.element-limit = 4096 (default)
2019-09-28 05:41:00,060 [1ff08831-2bf9-4409-a8b0-f137793f5f47@group-A55114B9F5B2:LeaderElection31] INFO  server.RaftServerConfigKeys (ConfUtils.java:logGet(43)) - raft.server.watch.timeout = 10s (default)
2019-09-28 05:41:00,060 [1ff08831-2bf9-4409-a8b0-f137793f5f47@group-A55114B9F5B2:LeaderElection31] INFO  server.RaftServerConfigKeys (ConfUtils.java:logGet(43)) - raft.server.watch.timeout.denomination = 1s (default)
2019-09-28 05:41:00,060 [1ff08831-2bf9-4409-a8b0-f137793f5f47@group-A55114B9F5B2:LeaderElection31] INFO  server.RaftServerConfigKeys (ConfUtils.java:logGet(43)) - raft.server.watch.element-limit = 65536 (default)
2019-09-28 05:41:00,062 [1ff08831-2bf9-4409-a8b0-f137793f5f47@group-A55114B9F5B2:LeaderElection31] INFO  impl.RoleInfo (RoleInfo.java:updateAndGet(143)) - 1ff08831-2bf9-4409-a8b0-f137793f5f47: start LeaderState
2019-09-28 05:41:00,062 [1ff08831-2bf9-4409-a8b0-f137793f5f47@group-A55114B9F5B2:LeaderElection31] INFO  segmented.SegmentedRaftLogWorker (SegmentedRaftLogWorker.java:startLogSegment(380)) - 1ff08831-2bf9-4409-a8b0-f137793f5f47@group-A55114B9F5B2-SegmentedRaftLogWorker: Starting segment from index:0
2019-09-28 05:41:00,062 [1ff08831-2bf9-4409-a8b0-f137793f5f47@group-A55114B9F5B2:LeaderElection31] INFO  impl.RaftServerImpl (ServerState.java:setRaftConf(354)) - 1ff08831-2bf9-4409-a8b0-f137793f5f47@group-A55114B9F5B2: set configuration 0: [1ff08831-2bf9-4409-a8b0-f137793f5f47:192.168.30.51:40310], old=null at 0
2019-09-28 05:41:00,070 [Thread-806] INFO  impl.FollowerState (FollowerState.java:run(106)) - f96c6bb0-35cd-4680-b916-87cea356f4b5:group-CC46C90614D8 changes to CANDIDATE, lastRpcTime:5031, electionTimeout:5031ms
2019-09-28 05:41:00,070 [Thread-806] INFO  impl.RoleInfo (RoleInfo.java:shutdownFollowerState(121)) - f96c6bb0-35cd-4680-b916-87cea356f4b5: shutdown FollowerState
2019-09-28 05:41:00,070 [Thread-806] INFO  impl.RaftServerImpl (RaftServerImpl.java:setRole(174)) - f96c6bb0-35cd-4680-b916-87cea356f4b5@group-CC46C90614D8: changes role from  FOLLOWER to CANDIDATE at term 0 for changeToCandidate
2019-09-28 05:41:00,071 [Thread-806] INFO  impl.RoleInfo (RoleInfo.java:updateAndGet(143)) - f96c6bb0-35cd-4680-b916-87cea356f4b5: start LeaderElection
2019-09-28 05:41:00,110 [Thread-811] INFO  impl.FollowerState (FollowerState.java:run(106)) - 2ea96f30-9ef7-4b6e-b81e-9105b046548f:group-CC46C90614D8 changes to CANDIDATE, lastRpcTime:5068, electionTimeout:5068ms
2019-09-28 05:41:00,110 [Thread-811] INFO  impl.RoleInfo (RoleInfo.java:shutdownFollowerState(121)) - 2ea96f30-9ef7-4b6e-b81e-9105b046548f: shutdown FollowerState
2019-09-28 05:41:00,111 [Thread-811] INFO  impl.RaftServerImpl (RaftServerImpl.java:setRole(174)) - 2ea96f30-9ef7-4b6e-b81e-9105b046548f@group-CC46C90614D8: changes role from  FOLLOWER to CANDIDATE at term 0 for changeToCandidate
2019-09-28 05:41:00,111 [Thread-811] INFO  impl.RoleInfo (RoleInfo.java:updateAndGet(143)) - 2ea96f30-9ef7-4b6e-b81e-9105b046548f: start LeaderElection
2019-09-28 05:41:00,117 [1ff08831-2bf9-4409-a8b0-f137793f5f47@group-A55114B9F5B2-SegmentedRaftLogWorker] INFO  segmented.SegmentedRaftLogWorker (SegmentedRaftLogWorker.java:execute(569)) - 1ff08831-2bf9-4409-a8b0-f137793f5f47@group-A55114B9F5B2-SegmentedRaftLogWorker: created new log segment /workdir/hadoop-ozone/integration-test/target/test-dir/MiniOzoneClusterImpl-cf793505-16a9-45eb-82c7-0f4c7e523749/datanode-4/data/ratis/74d0648f-c603-405d-a954-a55114b9f5b2/current/log_inprogress_0
2019-09-28 05:41:00,117 [f96c6bb0-35cd-4680-b916-87cea356f4b5@group-CC46C90614D8:LeaderElection32] INFO  impl.LeaderElection (LeaderElection.java:askForVotes(182)) - f96c6bb0-35cd-4680-b916-87cea356f4b5@group-CC46C90614D8:LeaderElection32: begin an election at term 1 for -1: [f96c6bb0-35cd-4680-b916-87cea356f4b5:192.168.30.51:35895, 2ea96f30-9ef7-4b6e-b81e-9105b046548f:192.168.30.51:38778, 655b5729-6a0f-4a94-81c6-8a03f37304c4:192.168.30.51:41755], old=null
2019-09-28 05:41:00,124 [grpc-default-executor-6] INFO  impl.RaftServerImpl (RaftServerImpl.java:setRole(174)) - 655b5729-6a0f-4a94-81c6-8a03f37304c4@group-CC46C90614D8: changes role from  FOLLOWER to FOLLOWER at term 1 for recognizeCandidate:f96c6bb0-35cd-4680-b916-87cea356f4b5
2019-09-28 05:41:00,124 [grpc-default-executor-6] INFO  impl.RoleInfo (RoleInfo.java:shutdownFollowerState(121)) - 655b5729-6a0f-4a94-81c6-8a03f37304c4: shutdown FollowerState
2019-09-28 05:41:00,124 [grpc-default-executor-6] INFO  impl.RoleInfo (RoleInfo.java:updateAndGet(143)) - 655b5729-6a0f-4a94-81c6-8a03f37304c4: start FollowerState
2019-09-28 05:41:00,124 [Thread-809] INFO  impl.FollowerState (FollowerState.java:run(115)) - 655b5729-6a0f-4a94-81c6-8a03f37304c4: FollowerState was interrupted: java.lang.InterruptedException: sleep interrupted
2019-09-28 05:41:00,143 [2ea96f30-9ef7-4b6e-b81e-9105b046548f@group-CC46C90614D8:LeaderElection33] INFO  impl.LeaderElection (LeaderElection.java:askForVotes(182)) - 2ea96f30-9ef7-4b6e-b81e-9105b046548f@group-CC46C90614D8:LeaderElection33: begin an election at term 1 for -1: [f96c6bb0-35cd-4680-b916-87cea356f4b5:192.168.30.51:35895, 2ea96f30-9ef7-4b6e-b81e-9105b046548f:192.168.30.51:38778, 655b5729-6a0f-4a94-81c6-8a03f37304c4:192.168.30.51:41755], old=null
2019-09-28 05:41:00,165 [f96c6bb0-35cd-4680-b916-87cea356f4b5@group-CC46C90614D8:LeaderElection32] INFO  impl.LeaderElection (LeaderElection.java:logAndReturn(56)) - f96c6bb0-35cd-4680-b916-87cea356f4b5@group-CC46C90614D8:LeaderElection32: Election PASSED; received 2 response(s) [f96c6bb0-35cd-4680-b916-87cea356f4b5<-2ea96f30-9ef7-4b6e-b81e-9105b046548f#0:FAIL-t1, f96c6bb0-35cd-4680-b916-87cea356f4b5<-655b5729-6a0f-4a94-81c6-8a03f37304c4#0:OK-t1] and 0 exception(s); f96c6bb0-35cd-4680-b916-87cea356f4b5@group-CC46C90614D8:t1, leader=null, voted=f96c6bb0-35cd-4680-b916-87cea356f4b5, raftlog=f96c6bb0-35cd-4680-b916-87cea356f4b5@group-CC46C90614D8-SegmentedRaftLog:OPENED:c-1,f-1,i0, conf=-1: [f96c6bb0-35cd-4680-b916-87cea356f4b5:192.168.30.51:35895, 2ea96f30-9ef7-4b6e-b81e-9105b046548f:192.168.30.51:38778, 655b5729-6a0f-4a94-81c6-8a03f37304c4:192.168.30.51:41755], old=null
2019-09-28 05:41:00,165 [f96c6bb0-35cd-4680-b916-87cea356f4b5@group-CC46C90614D8:LeaderElection32] INFO  impl.RoleInfo (RoleInfo.java:shutdownLeaderElection(134)) - f96c6bb0-35cd-4680-b916-87cea356f4b5: shutdown LeaderElection
2019-09-28 05:41:00,165 [2ea96f30-9ef7-4b6e-b81e-9105b046548f@group-CC46C90614D8:LeaderElection33] INFO  impl.LeaderElection (LeaderElection.java:logAndReturn(56)) - 2ea96f30-9ef7-4b6e-b81e-9105b046548f@group-CC46C90614D8:LeaderElection33: Election REJECTED; received 2 response(s) [2ea96f30-9ef7-4b6e-b81e-9105b046548f<-f96c6bb0-35cd-4680-b916-87cea356f4b5#0:FAIL-t1, 2ea96f30-9ef7-4b6e-b81e-9105b046548f<-655b5729-6a0f-4a94-81c6-8a03f37304c4#0:FAIL-t1] and 0 exception(s); 2ea96f30-9ef7-4b6e-b81e-9105b046548f@group-CC46C90614D8:t1, leader=null, voted=2ea96f30-9ef7-4b6e-b81e-9105b046548f, raftlog=2ea96f30-9ef7-4b6e-b81e-9105b046548f@group-CC46C90614D8-SegmentedRaftLog:OPENED:c-1,f-1,i0, conf=-1: [f96c6bb0-35cd-4680-b916-87cea356f4b5:192.168.30.51:35895, 2ea96f30-9ef7-4b6e-b81e-9105b046548f:192.168.30.51:38778, 655b5729-6a0f-4a94-81c6-8a03f37304c4:192.168.30.51:41755], old=null
2019-09-28 05:41:00,168 [f96c6bb0-35cd-4680-b916-87cea356f4b5@group-CC46C90614D8:LeaderElection32] INFO  impl.RaftServerImpl (RaftServerImpl.java:setRole(174)) - f96c6bb0-35cd-4680-b916-87cea356f4b5@group-CC46C90614D8: changes role from CANDIDATE to LEADER at term 1 for changeToLeader
2019-09-28 05:41:00,169 [2ea96f30-9ef7-4b6e-b81e-9105b046548f@group-CC46C90614D8:LeaderElection33] INFO  impl.RaftServerImpl (RaftServerImpl.java:setRole(174)) - 2ea96f30-9ef7-4b6e-b81e-9105b046548f@group-CC46C90614D8: changes role from CANDIDATE to FOLLOWER at term 1 for DISCOVERED_A_NEW_TERM
2019-09-28 05:41:00,169 [f96c6bb0-35cd-4680-b916-87cea356f4b5@group-CC46C90614D8:LeaderElection32] INFO  impl.RaftServerImpl (ServerState.java:setLeader(253)) - f96c6bb0-35cd-4680-b916-87cea356f4b5@group-CC46C90614D8: change Leader from null to f96c6bb0-35cd-4680-b916-87cea356f4b5 at term 1 for becomeLeader, leader elected after 5137ms
2019-09-28 05:41:00,171 [2ea96f30-9ef7-4b6e-b81e-9105b046548f@group-CC46C90614D8:LeaderElection33] INFO  impl.RoleInfo (RoleInfo.java:shutdownLeaderElection(134)) - 2ea96f30-9ef7-4b6e-b81e-9105b046548f: shutdown LeaderElection
2019-09-28 05:41:00,172 [f96c6bb0-35cd-4680-b916-87cea356f4b5@group-CC46C90614D8:LeaderElection32] INFO  server.RaftServerConfigKeys (ConfUtils.java:logGet(43)) - raft.server.staging.catchup.gap = 1000 (default)
2019-09-28 05:41:00,172 [2ea96f30-9ef7-4b6e-b81e-9105b046548f@group-CC46C90614D8:LeaderElection33] INFO  impl.RoleInfo (RoleInfo.java:updateAndGet(143)) - 2ea96f30-9ef7-4b6e-b81e-9105b046548f: start FollowerState
2019-09-28 05:41:00,172 [f96c6bb0-35cd-4680-b916-87cea356f4b5@group-CC46C90614D8:LeaderElection32] INFO  server.RaftServerConfigKeys (ConfUtils.java:logGet(43)) - raft.server.rpc.sleep.time = 25ms (default)
2019-09-28 05:41:00,172 [f96c6bb0-35cd-4680-b916-87cea356f4b5@group-CC46C90614D8:LeaderElection32] INFO  server.RaftServerConfigKeys (ConfUtils.java:logGet(43)) - raft.server.write.element-limit = 4096 (default)
2019-09-28 05:41:00,172 [f96c6bb0-35cd-4680-b916-87cea356f4b5@group-CC46C90614D8:LeaderElection32] INFO  server.RaftServerConfigKeys (ConfUtils.java:logGet(43)) - raft.server.watch.timeout = 10s (default)
2019-09-28 05:41:00,172 [f96c6bb0-35cd-4680-b916-87cea356f4b5@group-CC46C90614D8:LeaderElection32] INFO  server.RaftServerConfigKeys (ConfUtils.java:logGet(43)) - raft.server.watch.timeout.denomination = 1s (default)
2019-09-28 05:41:00,172 [f96c6bb0-35cd-4680-b916-87cea356f4b5@group-CC46C90614D8:LeaderElection32] INFO  server.RaftServerConfigKeys (ConfUtils.java:logGet(43)) - raft.server.watch.element-limit = 65536 (default)
2019-09-28 05:41:00,174 [f96c6bb0-35cd-4680-b916-87cea356f4b5@group-CC46C90614D8:LeaderElection32] INFO  server.RaftServerConfigKeys (ConfUtils.java:logGet(43)) - raft.server.log.appender.snapshot.chunk.size.max = 16MB (=16777216) (default)
2019-09-28 05:41:00,175 [f96c6bb0-35cd-4680-b916-87cea356f4b5@group-CC46C90614D8:LeaderElection32] INFO  server.RaftServerConfigKeys (ConfUtils.java:logGet(43)) - raft.server.log.appender.buffer.byte-limit = 33554432 (custom)
2019-09-28 05:41:00,175 [f96c6bb0-35cd-4680-b916-87cea356f4b5@group-CC46C90614D8:LeaderElection32] INFO  server.RaftServerConfigKeys (ConfUtils.java:logGet(43)) - raft.server.log.appender.buffer.element-limit = 1 (custom)
2019-09-28 05:41:00,175 [f96c6bb0-35cd-4680-b916-87cea356f4b5@group-CC46C90614D8:LeaderElection32] INFO  grpc.GrpcConfigKeys$Server (ConfUtils.java:logGet(43)) - raft.grpc.server.leader.outstanding.appends.max = 128 (default)
2019-09-28 05:41:00,175 [f96c6bb0-35cd-4680-b916-87cea356f4b5@group-CC46C90614D8:LeaderElection32] INFO  server.RaftServerConfigKeys (ConfUtils.java:logGet(43)) - raft.server.rpc.request.timeout = 3000ms (default)
2019-09-28 05:41:00,175 [f96c6bb0-35cd-4680-b916-87cea356f4b5@group-CC46C90614D8:LeaderElection32] INFO  server.RaftServerConfigKeys (ConfUtils.java:logGet(43)) - raft.server.log.appender.install.snapshot.enabled = false (custom)
2019-09-28 05:41:00,176 [f96c6bb0-35cd-4680-b916-87cea356f4b5@group-CC46C90614D8:LeaderElection32] INFO  server.RaftServerConfigKeys (ConfUtils.java:logGet(43)) - raft.server.log.appender.snapshot.chunk.size.max = 16MB (=16777216) (default)
2019-09-28 05:41:00,176 [f96c6bb0-35cd-4680-b916-87cea356f4b5@group-CC46C90614D8:LeaderElection32] INFO  server.RaftServerConfigKeys (ConfUtils.java:logGet(43)) - raft.server.log.appender.buffer.byte-limit = 33554432 (custom)
2019-09-28 05:41:00,176 [f96c6bb0-35cd-4680-b916-87cea356f4b5@group-CC46C90614D8:LeaderElection32] INFO  server.RaftServerConfigKeys (ConfUtils.java:logGet(43)) - raft.server.log.appender.buffer.element-limit = 1 (custom)
2019-09-28 05:41:00,176 [f96c6bb0-35cd-4680-b916-87cea356f4b5@group-CC46C90614D8:LeaderElection32] INFO  grpc.GrpcConfigKeys$Server (ConfUtils.java:logGet(43)) - raft.grpc.server.leader.outstanding.appends.max = 128 (default)
2019-09-28 05:41:00,176 [f96c6bb0-35cd-4680-b916-87cea356f4b5@group-CC46C90614D8:LeaderElection32] INFO  server.RaftServerConfigKeys (ConfUtils.java:logGet(43)) - raft.server.rpc.request.timeout = 3000ms (default)
2019-09-28 05:41:00,176 [f96c6bb0-35cd-4680-b916-87cea356f4b5@group-CC46C90614D8:LeaderElection32] INFO  server.RaftServerConfigKeys (ConfUtils.java:logGet(43)) - raft.server.log.appender.install.snapshot.enabled = false (custom)
2019-09-28 05:41:00,176 [f96c6bb0-35cd-4680-b916-87cea356f4b5@group-CC46C90614D8:LeaderElection32] INFO  impl.RoleInfo (RoleInfo.java:updateAndGet(143)) - f96c6bb0-35cd-4680-b916-87cea356f4b5: start LeaderState
2019-09-28 05:41:00,177 [f96c6bb0-35cd-4680-b916-87cea356f4b5@group-CC46C90614D8:LeaderElection32] INFO  segmented.SegmentedRaftLogWorker (SegmentedRaftLogWorker.java:startLogSegment(380)) - f96c6bb0-35cd-4680-b916-87cea356f4b5@group-CC46C90614D8-SegmentedRaftLogWorker: Starting segment from index:0
2019-09-28 05:41:00,177 [f96c6bb0-35cd-4680-b916-87cea356f4b5@group-CC46C90614D8:LeaderElection32] INFO  impl.RaftServerImpl (ServerState.java:setRaftConf(354)) - f96c6bb0-35cd-4680-b916-87cea356f4b5@group-CC46C90614D8: set configuration 0: [f96c6bb0-35cd-4680-b916-87cea356f4b5:192.168.30.51:35895, 2ea96f30-9ef7-4b6e-b81e-9105b046548f:192.168.30.51:38778, 655b5729-6a0f-4a94-81c6-8a03f37304c4:192.168.30.51:41755], old=null at 0
2019-09-28 05:41:00,179 [grpc-default-executor-3] INFO  impl.RaftServerImpl (ServerState.java:setLeader(253)) - 2ea96f30-9ef7-4b6e-b81e-9105b046548f@group-CC46C90614D8: change Leader from null to f96c6bb0-35cd-4680-b916-87cea356f4b5 at term 1 for appendEntries, leader elected after 5147ms
2019-09-28 05:41:00,180 [grpc-default-executor-6] INFO  impl.RaftServerImpl (ServerState.java:setLeader(253)) - 655b5729-6a0f-4a94-81c6-8a03f37304c4@group-CC46C90614D8: change Leader from null to f96c6bb0-35cd-4680-b916-87cea356f4b5 at term 1 for appendEntries, leader elected after 5148ms
2019-09-28 05:41:00,182 [grpc-default-executor-3] INFO  impl.RaftServerImpl (ServerState.java:setRaftConf(354)) - 655b5729-6a0f-4a94-81c6-8a03f37304c4@group-CC46C90614D8: set configuration 0: [f96c6bb0-35cd-4680-b916-87cea356f4b5:192.168.30.51:35895, 2ea96f30-9ef7-4b6e-b81e-9105b046548f:192.168.30.51:38778, 655b5729-6a0f-4a94-81c6-8a03f37304c4:192.168.30.51:41755], old=null at 0
2019-09-28 05:41:00,182 [grpc-default-executor-6] INFO  impl.RaftServerImpl (ServerState.java:setRaftConf(354)) - 2ea96f30-9ef7-4b6e-b81e-9105b046548f@group-CC46C90614D8: set configuration 0: [f96c6bb0-35cd-4680-b916-87cea356f4b5:192.168.30.51:35895, 2ea96f30-9ef7-4b6e-b81e-9105b046548f:192.168.30.51:38778, 655b5729-6a0f-4a94-81c6-8a03f37304c4:192.168.30.51:41755], old=null at 0
2019-09-28 05:41:00,182 [grpc-default-executor-3] INFO  segmented.SegmentedRaftLogWorker (SegmentedRaftLogWorker.java:startLogSegment(380)) - 655b5729-6a0f-4a94-81c6-8a03f37304c4@group-CC46C90614D8-SegmentedRaftLogWorker: Starting segment from index:0
2019-09-28 05:41:00,182 [grpc-default-executor-6] INFO  segmented.SegmentedRaftLogWorker (SegmentedRaftLogWorker.java:startLogSegment(380)) - 2ea96f30-9ef7-4b6e-b81e-9105b046548f@group-CC46C90614D8-SegmentedRaftLogWorker: Starting segment from index:0
2019-09-28 05:41:00,235 [2ea96f30-9ef7-4b6e-b81e-9105b046548f@group-CC46C90614D8-SegmentedRaftLogWorker] INFO  segmented.SegmentedRaftLogWorker (SegmentedRaftLogWorker.java:execute(569)) - 2ea96f30-9ef7-4b6e-b81e-9105b046548f@group-CC46C90614D8-SegmentedRaftLogWorker: created new log segment /workdir/hadoop-ozone/integration-test/target/test-dir/MiniOzoneClusterImpl-cf793505-16a9-45eb-82c7-0f4c7e523749/datanode-5/data/ratis/b0e6411e-8048-4947-ac72-cc46c90614d8/current/log_inprogress_0
2019-09-28 05:41:00,235 [f96c6bb0-35cd-4680-b916-87cea356f4b5@group-CC46C90614D8-SegmentedRaftLogWorker] INFO  segmented.SegmentedRaftLogWorker (SegmentedRaftLogWorker.java:execute(569)) - f96c6bb0-35cd-4680-b916-87cea356f4b5@group-CC46C90614D8-SegmentedRaftLogWorker: created new log segment /workdir/hadoop-ozone/integration-test/target/test-dir/MiniOzoneClusterImpl-cf793505-16a9-45eb-82c7-0f4c7e523749/datanode-3/data/ratis/b0e6411e-8048-4947-ac72-cc46c90614d8/current/log_inprogress_0
2019-09-28 05:41:00,252 [655b5729-6a0f-4a94-81c6-8a03f37304c4@group-CC46C90614D8-SegmentedRaftLogWorker] INFO  segmented.SegmentedRaftLogWorker (SegmentedRaftLogWorker.java:execute(569)) - 655b5729-6a0f-4a94-81c6-8a03f37304c4@group-CC46C90614D8-SegmentedRaftLogWorker: created new log segment /workdir/hadoop-ozone/integration-test/target/test-dir/MiniOzoneClusterImpl-cf793505-16a9-45eb-82c7-0f4c7e523749/datanode-6/data/ratis/b0e6411e-8048-4947-ac72-cc46c90614d8/current/log_inprogress_0
2019-09-28 05:41:01,661 [RatisApplyTransactionExecutor 1] ERROR ratis.ContainerStateMachine (ContainerStateMachine.java:lambda$applyTransaction$6(721)) - gid group-CC46C90614D8 : ApplyTransaction failed. cmd CreateContainer logIndex 7 exception {}
java.lang.IllegalArgumentException
	at com.google.common.base.Preconditions.checkArgument(Preconditions.java:72)
	at org.apache.hadoop.ozone.container.keyvalue.KeyValueHandler.handleCreateContainer(KeyValueHandler.java:215)
	at org.apache.hadoop.ozone.container.keyvalue.KeyValueHandler.handle(KeyValueHandler.java:152)
	at org.apache.hadoop.ozone.container.common.impl.HddsDispatcher.dispatchRequest(HddsDispatcher.java:275)
	at org.apache.hadoop.ozone.container.common.impl.HddsDispatcher.dispatch(HddsDispatcher.java:150)
	at org.apache.hadoop.ozone.container.common.transport.server.ratis.ContainerStateMachine.dispatchCommand(ContainerStateMachine.java:401)
	at org.apache.hadoop.ozone.container.common.transport.server.ratis.ContainerStateMachine.runCommand(ContainerStateMachine.java:409)
	at org.apache.hadoop.ozone.container.common.transport.server.ratis.ContainerStateMachine.lambda$applyTransaction$6(ContainerStateMachine.java:719)
	at java.util.concurrent.CompletableFuture$AsyncSupply.run(CompletableFuture.java:1590)
	at java.util.concurrent.ThreadPoolExecutor.runWorker(ThreadPoolExecutor.java:1149)
	at java.util.concurrent.ThreadPoolExecutor$Worker.run(ThreadPoolExecutor.java:624)
	at java.lang.Thread.run(Thread.java:748)
2019-09-28 05:41:01,678 [RatisApplyTransactionExecutor 1] ERROR ratis.ContainerStateMachine (ContainerStateMachine.java:lambda$applyTransaction$6(721)) - gid group-CC46C90614D8 : ApplyTransaction failed. cmd CreateContainer logIndex 7 exception {}
java.lang.IllegalArgumentException
	at com.google.common.base.Preconditions.checkArgument(Preconditions.java:72)
	at org.apache.hadoop.ozone.container.keyvalue.KeyValueHandler.handleCreateContainer(KeyValueHandler.java:215)
	at org.apache.hadoop.ozone.container.keyvalue.KeyValueHandler.handle(KeyValueHandler.java:152)
	at org.apache.hadoop.ozone.container.common.impl.HddsDispatcher.dispatchRequest(HddsDispatcher.java:275)
	at org.apache.hadoop.ozone.container.common.impl.HddsDispatcher.dispatch(HddsDispatcher.java:150)
	at org.apache.hadoop.ozone.container.common.transport.server.ratis.ContainerStateMachine.dispatchCommand(ContainerStateMachine.java:401)
	at org.apache.hadoop.ozone.container.common.transport.server.ratis.ContainerStateMachine.runCommand(ContainerStateMachine.java:409)
	at org.apache.hadoop.ozone.container.common.transport.server.ratis.ContainerStateMachine.lambda$applyTransaction$6(ContainerStateMachine.java:719)
	at java.util.concurrent.CompletableFuture$AsyncSupply.run(CompletableFuture.java:1590)
	at java.util.concurrent.ThreadPoolExecutor.runWorker(ThreadPoolExecutor.java:1149)
	at java.util.concurrent.ThreadPoolExecutor$Worker.run(ThreadPoolExecutor.java:624)
	at java.lang.Thread.run(Thread.java:748)
2019-09-28 05:41:01,678 [RatisApplyTransactionExecutor 1] ERROR ratis.ContainerStateMachine (ContainerStateMachine.java:lambda$applyTransaction$6(721)) - gid group-CC46C90614D8 : ApplyTransaction failed. cmd CreateContainer logIndex 7 exception {}
java.lang.IllegalArgumentException
	at com.google.common.base.Preconditions.checkArgument(Preconditions.java:72)
	at org.apache.hadoop.ozone.container.keyvalue.KeyValueHandler.handleCreateContainer(KeyValueHandler.java:215)
	at org.apache.hadoop.ozone.container.keyvalue.KeyValueHandler.handle(KeyValueHandler.java:152)
	at org.apache.hadoop.ozone.container.common.impl.HddsDispatcher.dispatchRequest(HddsDispatcher.java:275)
	at org.apache.hadoop.ozone.container.common.impl.HddsDispatcher.dispatch(HddsDispatcher.java:150)
	at org.apache.hadoop.ozone.container.common.transport.server.ratis.ContainerStateMachine.dispatchCommand(ContainerStateMachine.java:401)
	at org.apache.hadoop.ozone.container.common.transport.server.ratis.ContainerStateMachine.runCommand(ContainerStateMachine.java:409)
	at org.apache.hadoop.ozone.container.common.transport.server.ratis.ContainerStateMachine.lambda$applyTransaction$6(ContainerStateMachine.java:719)
	at java.util.concurrent.CompletableFuture$AsyncSupply.run(CompletableFuture.java:1590)
	at java.util.concurrent.ThreadPoolExecutor.runWorker(ThreadPoolExecutor.java:1149)
	at java.util.concurrent.ThreadPoolExecutor$Worker.run(ThreadPoolExecutor.java:624)
	at java.lang.Thread.run(Thread.java:748)
2019-09-28 05:42:33,441 [main] INFO  ozone.MiniOzoneClusterImpl (MiniOzoneClusterImpl.java:shutdown(314)) - Shutting down the Mini Ozone Cluster
2019-09-28 05:42:33,442 [main] INFO  ozone.MiniOzoneClusterImpl (MiniOzoneClusterImpl.java:stop(330)) - Stopping the Mini Ozone Cluster
2019-09-28 05:42:33,442 [main] INFO  ozone.MiniOzoneClusterImpl (MiniOzoneClusterImpl.java:stopOM(400)) - Stopping the OzoneManager
2019-09-28 05:42:33,442 [main] INFO  ipc.Server (Server.java:stop(3082)) - Stopping server on 39779
2019-09-28 05:42:33,463 [IPC Server listener on 39779] INFO  ipc.Server (Server.java:run(1185)) - Stopping IPC Server listener on 39779
2019-09-28 05:42:33,468 [IPC Server Responder] INFO  ipc.Server (Server.java:run(1319)) - Stopping IPC Server Responder
2019-09-28 05:42:33,468 [main] INFO  ratis.OzoneManagerDoubleBuffer (OzoneManagerDoubleBuffer.java:stop(248)) - Stopping OMDoubleBuffer flush thread
2019-09-28 05:42:33,483 [OMDoubleBufferFlushThread] INFO  ratis.OzoneManagerDoubleBuffer (OzoneManagerDoubleBuffer.java:flushTransactions(191)) - OMDoubleBuffer flush thread OMDoubleBufferFlushThread is interrupted and will exit. OMDoubleBufferFlushThread
2019-09-28 05:42:33,483 [main] INFO  utils.BackgroundService (BackgroundService.java:shutdown(148)) - Shutting down service KeyDeletingService
2019-09-28 05:42:33,487 [main] INFO  handler.ContextHandler (ContextHandler.java:doStop(910)) - Stopped o.e.j.w.WebAppContext@68699afc{/,null,UNAVAILABLE}{/ozoneManager}
2019-09-28 05:42:33,488 [main] INFO  server.AbstractConnector (AbstractConnector.java:doStop(318)) - Stopped ServerConnector@273a5a8a{HTTP/1.1,[http/1.1]}{0.0.0.0:0}
2019-09-28 05:42:33,489 [main] INFO  handler.ContextHandler (ContextHandler.java:doStop(910)) - Stopped o.e.j.s.ServletContextHandler@72bdd7c7{/static,file:///workdir/hadoop-ozone/integration-test/target/test-classes/webapps/static,UNAVAILABLE}
2019-09-28 05:42:33,489 [main] INFO  handler.ContextHandler (ContextHandler.java:doStop(910)) - Stopped o.e.j.s.ServletContextHandler@2e32fc22{/logs,file:///workdir/hadoop-ozone/integration-test/target/log,UNAVAILABLE}
2019-09-28 05:42:33,493 [main] INFO  ozone.MiniOzoneClusterImpl (MiniOzoneClusterImpl.java:stopDatanodes(377)) - Stopping the HddsDatanodes
2019-09-28 05:42:33,671 [Datanode State Machine Thread - 0] INFO  statemachine.DatanodeStateMachine (DatanodeStateMachine.java:lambda$startDaemon$0(350)) - Ozone container server started.
2019-09-28 05:42:34,375 [Datanode State Machine Thread - 0] INFO  statemachine.DatanodeStateMachine (DatanodeStateMachine.java:lambda$startDaemon$0(350)) - Ozone container server started.
2019-09-28 05:42:38,495 [ForkJoinPool.commonPool-worker-1] INFO  ozoneimpl.OzoneContainer (OzoneContainer.java:stop(231)) - Attempting to stop container services.
2019-09-28 05:42:38,495 [main] INFO  ozoneimpl.OzoneContainer (OzoneContainer.java:stop(231)) - Attempting to stop container services.
2019-09-28 05:42:38,495 [ForkJoinPool.commonPool-worker-1] INFO  impl.RaftServerProxy (RaftServerProxy.java:lambda$close$4(314)) - 8f5bcc06-38fd-4f67-bb33-a4a6b708286a: close
2019-09-28 05:42:38,496 [main] INFO  impl.RaftServerProxy (RaftServerProxy.java:lambda$close$4(314)) - 1ff08831-2bf9-4409-a8b0-f137793f5f47: close
2019-09-28 05:42:38,496 [ForkJoinPool.commonPool-worker-1] INFO  impl.RaftServerImpl (RaftServerImpl.java:lambda$shutdown$3(251)) - 8f5bcc06-38fd-4f67-bb33-a4a6b708286a@group-061CCE0C3C63: shutdown
2019-09-28 05:42:38,496 [main] INFO  impl.RaftServerImpl (RaftServerImpl.java:lambda$shutdown$3(251)) - 1ff08831-2bf9-4409-a8b0-f137793f5f47@group-A55114B9F5B2: shutdown
2019-09-28 05:42:38,500 [ForkJoinPool.commonPool-worker-1] INFO  util.JmxRegister (JmxRegister.java:unregister(73)) - Successfully un-registered JMX Bean with object name Ratis:service=RaftServer,group=group-061CCE0C3C63,id=8f5bcc06-38fd-4f67-bb33-a4a6b708286a
2019-09-28 05:42:38,500 [main] INFO  util.JmxRegister (JmxRegister.java:unregister(73)) - Successfully un-registered JMX Bean with object name Ratis:service=RaftServer,group=group-A55114B9F5B2,id=1ff08831-2bf9-4409-a8b0-f137793f5f47
2019-09-28 05:42:38,500 [ForkJoinPool.commonPool-worker-1] INFO  impl.RoleInfo (RoleInfo.java:shutdownLeaderState(104)) - 8f5bcc06-38fd-4f67-bb33-a4a6b708286a: shutdown LeaderState
2019-09-28 05:42:38,501 [main] INFO  impl.RoleInfo (RoleInfo.java:shutdownLeaderState(104)) - 1ff08831-2bf9-4409-a8b0-f137793f5f47: shutdown LeaderState
2019-09-28 05:42:38,505 [ForkJoinPool.commonPool-worker-1] INFO  impl.PendingRequests (PendingRequests.java:sendNotLeaderResponses(202)) - 8f5bcc06-38fd-4f67-bb33-a4a6b708286a-PendingRequests: sendNotLeaderResponses
2019-09-28 05:42:38,505 [org.apache.ratis.server.impl.LogAppender$AppenderDaemon$$Lambda$509/1819380441@4808d71a] WARN  server.GrpcLogAppender (GrpcLogAppender.java:mayWait(143)) - 8f5bcc06-38fd-4f67-bb33-a4a6b708286a@group-061CCE0C3C63->e1913c6f-5f92-40f7-b184-672b278ad36c-GrpcLogAppender: Wait interrupted by java.lang.InterruptedException
2019-09-28 05:42:38,505 [org.apache.ratis.server.impl.LogAppender$AppenderDaemon$$Lambda$509/1819380441@8ba0aea] WARN  server.GrpcLogAppender (GrpcLogAppender.java:mayWait(143)) - 8f5bcc06-38fd-4f67-bb33-a4a6b708286a@group-061CCE0C3C63->38e8276b-0564-4e1c-b20d-cf8d8fcd5643-GrpcLogAppender: Wait interrupted by java.lang.InterruptedException
2019-09-28 05:42:38,505 [main] INFO  impl.PendingRequests (PendingRequests.java:sendNotLeaderResponses(202)) - 1ff08831-2bf9-4409-a8b0-f137793f5f47-PendingRequests: sendNotLeaderResponses
2019-09-28 05:42:38,506 [ForkJoinPool.commonPool-worker-1] INFO  impl.StateMachineUpdater (StateMachineUpdater.java:stopAndJoin(125)) - 8f5bcc06-38fd-4f67-bb33-a4a6b708286a@group-061CCE0C3C63-StateMachineUpdater: set stopIndex = 0
2019-09-28 05:42:38,507 [main] INFO  impl.StateMachineUpdater (StateMachineUpdater.java:stopAndJoin(125)) - 1ff08831-2bf9-4409-a8b0-f137793f5f47@group-A55114B9F5B2-StateMachineUpdater: set stopIndex = 0
2019-09-28 05:42:38,507 [grpc-default-executor-5] INFO  server.GrpcServerProtocolService (GrpcServerProtocolService.java:onCompleted(113)) - e1913c6f-5f92-40f7-b184-672b278ad36c: Completed APPEND_ENTRIES, lastRequest: 8f5bcc06-38fd-4f67-bb33-a4a6b708286a->e1913c6f-5f92-40f7-b184-672b278ad36c#40-t1, previous=(t:1, i:0), leaderCommit=0, initializing? false, entries: <empty>
2019-09-28 05:42:38,507 [grpc-default-executor-6] INFO  server.GrpcServerProtocolService (GrpcServerProtocolService.java:onCompleted(113)) - 38e8276b-0564-4e1c-b20d-cf8d8fcd5643: Completed APPEND_ENTRIES, lastRequest: 8f5bcc06-38fd-4f67-bb33-a4a6b708286a->38e8276b-0564-4e1c-b20d-cf8d8fcd5643#40-t1, previous=(t:1, i:0), leaderCommit=0, initializing? false, entries: <empty>
2019-09-28 05:42:38,507 [main] INFO  impl.RaftServerImpl (ServerState.java:close(385)) - 1ff08831-2bf9-4409-a8b0-f137793f5f47@group-A55114B9F5B2: closes. applyIndex: 0
2019-09-28 05:42:38,508 [grpc-default-executor-5] INFO  server.GrpcLogAppender (GrpcLogAppender.java:onCompleted(293)) - 8f5bcc06-38fd-4f67-bb33-a4a6b708286a@group-061CCE0C3C63->38e8276b-0564-4e1c-b20d-cf8d8fcd5643-AppendLogResponseHandler: follower responses appendEntries COMPLETED
2019-09-28 05:42:38,509 [1ff08831-2bf9-4409-a8b0-f137793f5f47@group-A55114B9F5B2-SegmentedRaftLogWorker] INFO  segmented.SegmentedRaftLogWorker (SegmentedRaftLogWorker.java:run(313)) - 1ff08831-2bf9-4409-a8b0-f137793f5f47@group-A55114B9F5B2-SegmentedRaftLogWorker was interrupted, exiting. There are 0 tasks remaining in the queue.
2019-09-28 05:42:38,507 [ForkJoinPool.commonPool-worker-1] INFO  impl.RaftServerImpl (ServerState.java:close(385)) - 8f5bcc06-38fd-4f67-bb33-a4a6b708286a@group-061CCE0C3C63: closes. applyIndex: 0
2019-09-28 05:42:38,510 [main] INFO  segmented.SegmentedRaftLogWorker (SegmentedRaftLogWorker.java:close(228)) - 1ff08831-2bf9-4409-a8b0-f137793f5f47@group-A55114B9F5B2-SegmentedRaftLogWorker close()
2019-09-28 05:42:38,510 [grpc-default-executor-5] INFO  impl.FollowerInfo (FollowerInfo.java:lambda$new$0(51)) - 8f5bcc06-38fd-4f67-bb33-a4a6b708286a@group-061CCE0C3C63->38e8276b-0564-4e1c-b20d-cf8d8fcd5643: nextIndex: updateUnconditionally 1 -> 0
2019-09-28 05:42:38,508 [grpc-default-executor-6] INFO  server.GrpcLogAppender (GrpcLogAppender.java:onCompleted(293)) - 8f5bcc06-38fd-4f67-bb33-a4a6b708286a@group-061CCE0C3C63->e1913c6f-5f92-40f7-b184-672b278ad36c-AppendLogResponseHandler: follower responses appendEntries COMPLETED
2019-09-28 05:42:38,513 [main] INFO  server.GrpcService (GrpcService.java:closeImpl(164)) - 1ff08831-2bf9-4409-a8b0-f137793f5f47: shutdown server with port 40310 now
2019-09-28 05:42:38,511 [8f5bcc06-38fd-4f67-bb33-a4a6b708286a@group-061CCE0C3C63-SegmentedRaftLogWorker] INFO  segmented.SegmentedRaftLogWorker (SegmentedRaftLogWorker.java:run(313)) - 8f5bcc06-38fd-4f67-bb33-a4a6b708286a@group-061CCE0C3C63-SegmentedRaftLogWorker was interrupted, exiting. There are 0 tasks remaining in the queue.
2019-09-28 05:42:38,514 [grpc-default-executor-6] INFO  impl.FollowerInfo (FollowerInfo.java:lambda$new$0(51)) - 8f5bcc06-38fd-4f67-bb33-a4a6b708286a@group-061CCE0C3C63->e1913c6f-5f92-40f7-b184-672b278ad36c: nextIndex: updateUnconditionally 1 -> 0
2019-09-28 05:42:38,518 [main] INFO  server.GrpcService (GrpcService.java:closeImpl(172)) - 1ff08831-2bf9-4409-a8b0-f137793f5f47: shutdown server with port 40310 successfully
2019-09-28 05:42:38,517 [ForkJoinPool.commonPool-worker-1] INFO  segmented.SegmentedRaftLogWorker (SegmentedRaftLogWorker.java:close(228)) - 8f5bcc06-38fd-4f67-bb33-a4a6b708286a@group-061CCE0C3C63-SegmentedRaftLogWorker close()
2019-09-28 05:42:38,522 [ForkJoinPool.commonPool-worker-1] INFO  impl.RaftServerImpl (RaftServerImpl.java:lambda$shutdown$3(251)) - 8f5bcc06-38fd-4f67-bb33-a4a6b708286a@group-A3A95F76AA9D: shutdown
2019-09-28 05:42:38,522 [ForkJoinPool.commonPool-worker-1] INFO  util.JmxRegister (JmxRegister.java:unregister(73)) - Successfully un-registered JMX Bean with object name Ratis:service=RaftServer,group=group-A3A95F76AA9D,id=8f5bcc06-38fd-4f67-bb33-a4a6b708286a
2019-09-28 05:42:38,523 [ForkJoinPool.commonPool-worker-1] INFO  impl.RoleInfo (RoleInfo.java:shutdownLeaderState(104)) - 8f5bcc06-38fd-4f67-bb33-a4a6b708286a: shutdown LeaderState
2019-09-28 05:42:38,523 [ForkJoinPool.commonPool-worker-1] INFO  impl.PendingRequests (PendingRequests.java:sendNotLeaderResponses(202)) - 8f5bcc06-38fd-4f67-bb33-a4a6b708286a-PendingRequests: sendNotLeaderResponses
2019-09-28 05:42:38,524 [ForkJoinPool.commonPool-worker-1] INFO  impl.StateMachineUpdater (StateMachineUpdater.java:stopAndJoin(125)) - 8f5bcc06-38fd-4f67-bb33-a4a6b708286a@group-A3A95F76AA9D-StateMachineUpdater: set stopIndex = 0
2019-09-28 05:42:38,524 [ForkJoinPool.commonPool-worker-1] INFO  impl.RaftServerImpl (ServerState.java:close(385)) - 8f5bcc06-38fd-4f67-bb33-a4a6b708286a@group-A3A95F76AA9D: closes. applyIndex: 0
2019-09-28 05:42:38,525 [8f5bcc06-38fd-4f67-bb33-a4a6b708286a@group-A3A95F76AA9D-SegmentedRaftLogWorker] INFO  segmented.SegmentedRaftLogWorker (SegmentedRaftLogWorker.java:run(313)) - 8f5bcc06-38fd-4f67-bb33-a4a6b708286a@group-A3A95F76AA9D-SegmentedRaftLogWorker was interrupted, exiting. There are 0 tasks remaining in the queue.
2019-09-28 05:42:38,528 [ForkJoinPool.commonPool-worker-1] INFO  segmented.SegmentedRaftLogWorker (SegmentedRaftLogWorker.java:close(228)) - 8f5bcc06-38fd-4f67-bb33-a4a6b708286a@group-A3A95F76AA9D-SegmentedRaftLogWorker close()
2019-09-28 05:42:38,533 [ForkJoinPool.commonPool-worker-1] INFO  server.GrpcService (GrpcService.java:closeImpl(164)) - 8f5bcc06-38fd-4f67-bb33-a4a6b708286a: shutdown server with port 43820 now
2019-09-28 05:42:38,536 [refreshUsed-/workdir/hadoop-ozone/integration-test/target/test-dir/MiniOzoneClusterImpl-cf793505-16a9-45eb-82c7-0f4c7e523749/datanode-4/data/containers] WARN  fs.CachingGetSpaceUsed (CachingGetSpaceUsed.java:run(183)) - Thread Interrupted waiting to refresh disk information: sleep interrupted
2019-09-28 05:42:38,536 [ForkJoinPool.commonPool-worker-1] INFO  server.GrpcService (GrpcService.java:closeImpl(172)) - 8f5bcc06-38fd-4f67-bb33-a4a6b708286a: shutdown server with port 43820 successfully
2019-09-28 05:42:38,538 [refreshUsed-/workdir/hadoop-ozone/integration-test/target/test-dir/MiniOzoneClusterImpl-cf793505-16a9-45eb-82c7-0f4c7e523749/datanode-1/data/containers] WARN  fs.CachingGetSpaceUsed (CachingGetSpaceUsed.java:run(183)) - Thread Interrupted waiting to refresh disk information: sleep interrupted
2019-09-28 05:42:38,559 [main] INFO  utils.BackgroundService (BackgroundService.java:shutdown(148)) - Shutting down service BlockDeletingService
2019-09-28 05:42:38,566 [main] INFO  statemachine.DatanodeStateMachine (DatanodeStateMachine.java:stopDaemon(395)) - Ozone container server stopped.
2019-09-28 05:42:38,567 [main] INFO  handler.ContextHandler (ContextHandler.java:doStop(910)) - Stopped o.e.j.w.WebAppContext@4fb04a72{/,null,UNAVAILABLE}{/hddsDatanode}
2019-09-28 05:42:38,569 [main] INFO  server.AbstractConnector (AbstractConnector.java:doStop(318)) - Stopped ServerConnector@1e79d43{HTTP/1.1,[http/1.1]}{0.0.0.0:0}
2019-09-28 05:42:38,569 [ForkJoinPool.commonPool-worker-1] INFO  utils.BackgroundService (BackgroundService.java:shutdown(148)) - Shutting down service BlockDeletingService
2019-09-28 05:42:38,569 [main] INFO  handler.ContextHandler (ContextHandler.java:doStop(910)) - Stopped o.e.j.s.ServletContextHandler@1d858300{/static,jar:file:/home/user/.m2/repository/org/apache/hadoop/hadoop-hdds-container-service/0.5.0-SNAPSHOT/hadoop-hdds-container-service-0.5.0-SNAPSHOT.jar!/webapps/static,UNAVAILABLE}
2019-09-28 05:42:38,573 [main] INFO  handler.ContextHandler (ContextHandler.java:doStop(910)) - Stopped o.e.j.s.ServletContextHandler@405b6d75{/logs,file:///workdir/hadoop-ozone/integration-test/target/log,UNAVAILABLE}
2019-09-28 05:42:38,575 [ForkJoinPool.commonPool-worker-1] INFO  statemachine.DatanodeStateMachine (DatanodeStateMachine.java:stopDaemon(395)) - Ozone container server stopped.
2019-09-28 05:42:38,581 [ForkJoinPool.commonPool-worker-1] INFO  handler.ContextHandler (ContextHandler.java:doStop(910)) - Stopped o.e.j.w.WebAppContext@1f939a0f{/,null,UNAVAILABLE}{/hddsDatanode}
2019-09-28 05:42:38,582 [ForkJoinPool.commonPool-worker-1] INFO  server.AbstractConnector (AbstractConnector.java:doStop(318)) - Stopped ServerConnector@45658133{HTTP/1.1,[http/1.1]}{0.0.0.0:0}
2019-09-28 05:42:38,584 [ForkJoinPool.commonPool-worker-1] INFO  handler.ContextHandler (ContextHandler.java:doStop(910)) - Stopped o.e.j.s.ServletContextHandler@54e12f4c{/static,jar:file:/home/user/.m2/repository/org/apache/hadoop/hadoop-hdds-container-service/0.5.0-SNAPSHOT/hadoop-hdds-container-service-0.5.0-SNAPSHOT.jar!/webapps/static,UNAVAILABLE}
2019-09-28 05:42:38,586 [ForkJoinPool.commonPool-worker-1] INFO  handler.ContextHandler (ContextHandler.java:doStop(910)) - Stopped o.e.j.s.ServletContextHandler@30c3ae63{/logs,file:///workdir/hadoop-ozone/integration-test/target/log,UNAVAILABLE}
2019-09-28 05:42:38,667 [Datanode State Machine Thread - 0] INFO  statemachine.DatanodeStateMachine (DatanodeStateMachine.java:lambda$startDaemon$0(350)) - Ozone container server started.
2019-09-28 05:42:39,431 [Datanode State Machine Thread - 0] INFO  statemachine.DatanodeStateMachine (DatanodeStateMachine.java:lambda$startDaemon$0(350)) - Ozone container server started.
2019-09-28 05:42:43,582 [main] INFO  ozoneimpl.OzoneContainer (OzoneContainer.java:stop(231)) - Attempting to stop container services.
2019-09-28 05:42:43,584 [main] INFO  impl.RaftServerProxy (RaftServerProxy.java:lambda$close$4(314)) - f96c6bb0-35cd-4680-b916-87cea356f4b5: close
2019-09-28 05:42:43,585 [main] INFO  impl.RaftServerImpl (RaftServerImpl.java:lambda$shutdown$3(251)) - f96c6bb0-35cd-4680-b916-87cea356f4b5@group-FFA8C71D06B7: shutdown
2019-09-28 05:42:43,586 [main] INFO  util.JmxRegister (JmxRegister.java:unregister(73)) - Successfully un-registered JMX Bean with object name Ratis:service=RaftServer,group=group-FFA8C71D06B7,id=f96c6bb0-35cd-4680-b916-87cea356f4b5
2019-09-28 05:42:43,586 [main] INFO  impl.RoleInfo (RoleInfo.java:shutdownLeaderState(104)) - f96c6bb0-35cd-4680-b916-87cea356f4b5: shutdown LeaderState
2019-09-28 05:42:43,587 [ForkJoinPool.commonPool-worker-1] INFO  ozoneimpl.OzoneContainer (OzoneContainer.java:stop(231)) - Attempting to stop container services.
2019-09-28 05:42:43,587 [main] INFO  impl.PendingRequests (PendingRequests.java:sendNotLeaderResponses(202)) - f96c6bb0-35cd-4680-b916-87cea356f4b5-PendingRequests: sendNotLeaderResponses
2019-09-28 05:42:43,587 [ForkJoinPool.commonPool-worker-1] INFO  impl.RaftServerProxy (RaftServerProxy.java:lambda$close$4(314)) - e1913c6f-5f92-40f7-b184-672b278ad36c: close
2019-09-28 05:42:43,588 [ForkJoinPool.commonPool-worker-1] INFO  impl.RaftServerImpl (RaftServerImpl.java:lambda$shutdown$3(251)) - e1913c6f-5f92-40f7-b184-672b278ad36c@group-061CCE0C3C63: shutdown
2019-09-28 05:42:43,588 [main] INFO  impl.StateMachineUpdater (StateMachineUpdater.java:stopAndJoin(125)) - f96c6bb0-35cd-4680-b916-87cea356f4b5@group-FFA8C71D06B7-StateMachineUpdater: set stopIndex = 0
2019-09-28 05:42:43,588 [ForkJoinPool.commonPool-worker-1] INFO  util.JmxRegister (JmxRegister.java:unregister(73)) - Successfully un-registered JMX Bean with object name Ratis:service=RaftServer,group=group-061CCE0C3C63,id=e1913c6f-5f92-40f7-b184-672b278ad36c
2019-09-28 05:42:43,589 [main] INFO  impl.RaftServerImpl (ServerState.java:close(385)) - f96c6bb0-35cd-4680-b916-87cea356f4b5@group-FFA8C71D06B7: closes. applyIndex: 0
2019-09-28 05:42:43,589 [ForkJoinPool.commonPool-worker-1] INFO  impl.RoleInfo (RoleInfo.java:shutdownFollowerState(121)) - e1913c6f-5f92-40f7-b184-672b278ad36c: shutdown FollowerState
2019-09-28 05:42:43,590 [ForkJoinPool.commonPool-worker-1] INFO  impl.StateMachineUpdater (StateMachineUpdater.java:stopAndJoin(125)) - e1913c6f-5f92-40f7-b184-672b278ad36c@group-061CCE0C3C63-StateMachineUpdater: set stopIndex = 0
2019-09-28 05:42:43,590 [Thread-834] INFO  impl.FollowerState (FollowerState.java:run(115)) - e1913c6f-5f92-40f7-b184-672b278ad36c: FollowerState was interrupted: java.lang.InterruptedException: sleep interrupted
2019-09-28 05:42:43,590 [f96c6bb0-35cd-4680-b916-87cea356f4b5@group-FFA8C71D06B7-SegmentedRaftLogWorker] INFO  segmented.SegmentedRaftLogWorker (SegmentedRaftLogWorker.java:run(313)) - f96c6bb0-35cd-4680-b916-87cea356f4b5@group-FFA8C71D06B7-SegmentedRaftLogWorker was interrupted, exiting. There are 0 tasks remaining in the queue.
2019-09-28 05:42:43,594 [ForkJoinPool.commonPool-worker-1] INFO  impl.RaftServerImpl (ServerState.java:close(385)) - e1913c6f-5f92-40f7-b184-672b278ad36c@group-061CCE0C3C63: closes. applyIndex: 0
2019-09-28 05:42:43,595 [main] INFO  segmented.SegmentedRaftLogWorker (SegmentedRaftLogWorker.java:close(228)) - f96c6bb0-35cd-4680-b916-87cea356f4b5@group-FFA8C71D06B7-SegmentedRaftLogWorker close()
2019-09-28 05:42:43,595 [e1913c6f-5f92-40f7-b184-672b278ad36c@group-061CCE0C3C63-SegmentedRaftLogWorker] INFO  segmented.SegmentedRaftLogWorker (SegmentedRaftLogWorker.java:run(313)) - e1913c6f-5f92-40f7-b184-672b278ad36c@group-061CCE0C3C63-SegmentedRaftLogWorker was interrupted, exiting. There are 0 tasks remaining in the queue.
2019-09-28 05:42:43,604 [main] INFO  impl.RaftServerImpl (RaftServerImpl.java:lambda$shutdown$3(251)) - f96c6bb0-35cd-4680-b916-87cea356f4b5@group-CC46C90614D8: shutdown
2019-09-28 05:42:43,605 [ForkJoinPool.commonPool-worker-1] INFO  segmented.SegmentedRaftLogWorker (SegmentedRaftLogWorker.java:close(228)) - e1913c6f-5f92-40f7-b184-672b278ad36c@group-061CCE0C3C63-SegmentedRaftLogWorker close()
2019-09-28 05:42:43,606 [main] INFO  util.JmxRegister (JmxRegister.java:unregister(73)) - Successfully un-registered JMX Bean with object name Ratis:service=RaftServer,group=group-CC46C90614D8,id=f96c6bb0-35cd-4680-b916-87cea356f4b5
2019-09-28 05:42:43,607 [ForkJoinPool.commonPool-worker-1] INFO  impl.RaftServerImpl (RaftServerImpl.java:lambda$shutdown$3(251)) - e1913c6f-5f92-40f7-b184-672b278ad36c@group-383171CEF9C6: shutdown
2019-09-28 05:42:43,607 [main] INFO  impl.RoleInfo (RoleInfo.java:shutdownLeaderState(104)) - f96c6bb0-35cd-4680-b916-87cea356f4b5: shutdown LeaderState
2019-09-28 05:42:43,608 [ForkJoinPool.commonPool-worker-1] INFO  util.JmxRegister (JmxRegister.java:unregister(73)) - Successfully un-registered JMX Bean with object name Ratis:service=RaftServer,group=group-383171CEF9C6,id=e1913c6f-5f92-40f7-b184-672b278ad36c
2019-09-28 05:42:43,610 [org.apache.ratis.server.impl.LogAppender$AppenderDaemon$$Lambda$509/1819380441@5c37d495] WARN  server.GrpcLogAppender (GrpcLogAppender.java:mayWait(143)) - f96c6bb0-35cd-4680-b916-87cea356f4b5@group-CC46C90614D8->655b5729-6a0f-4a94-81c6-8a03f37304c4-GrpcLogAppender: Wait interrupted by java.lang.InterruptedException
2019-09-28 05:42:43,610 [org.apache.ratis.server.impl.LogAppender$AppenderDaemon$$Lambda$509/1819380441@1a889f8d] WARN  server.GrpcLogAppender (GrpcLogAppender.java:mayWait(143)) - f96c6bb0-35cd-4680-b916-87cea356f4b5@group-CC46C90614D8->2ea96f30-9ef7-4b6e-b81e-9105b046548f-GrpcLogAppender: Wait interrupted by java.lang.InterruptedException
2019-09-28 05:42:43,610 [main] INFO  impl.PendingRequests (PendingRequests.java:sendNotLeaderResponses(202)) - f96c6bb0-35cd-4680-b916-87cea356f4b5-PendingRequests: sendNotLeaderResponses
2019-09-28 05:42:43,610 [ForkJoinPool.commonPool-worker-1] INFO  impl.RoleInfo (RoleInfo.java:shutdownLeaderState(104)) - e1913c6f-5f92-40f7-b184-672b278ad36c: shutdown LeaderState
2019-09-28 05:42:43,613 [main] INFO  impl.StateMachineUpdater (StateMachineUpdater.java:stopAndJoin(125)) - f96c6bb0-35cd-4680-b916-87cea356f4b5@group-CC46C90614D8-StateMachineUpdater: set stopIndex = 8
2019-09-28 05:42:43,614 [f96c6bb0-35cd-4680-b916-87cea356f4b5@group-CC46C90614D8-StateMachineUpdater] INFO  ratis.ContainerStateMachine (ContainerStateMachine.java:takeSnapshot(289)) - group-CC46C90614D8: Taking a snapshot at:(t:1, i:6) file /workdir/hadoop-ozone/integration-test/target/test-dir/MiniOzoneClusterImpl-cf793505-16a9-45eb-82c7-0f4c7e523749/datanode-3/data/ratis/b0e6411e-8048-4947-ac72-cc46c90614d8/sm/snapshot.1_6
2019-09-28 05:42:43,613 [ForkJoinPool.commonPool-worker-1] INFO  impl.PendingRequests (PendingRequests.java:sendNotLeaderResponses(202)) - e1913c6f-5f92-40f7-b184-672b278ad36c-PendingRequests: sendNotLeaderResponses
2019-09-28 05:42:43,614 [grpc-default-executor-6] INFO  server.GrpcServerProtocolService (GrpcServerProtocolService.java:onCompleted(113)) - 655b5729-6a0f-4a94-81c6-8a03f37304c4: Completed APPEND_ENTRIES, lastRequest: f96c6bb0-35cd-4680-b916-87cea356f4b5->655b5729-6a0f-4a94-81c6-8a03f37304c4#49-t1, previous=(t:1, i:8), leaderCommit=8, initializing? false, entries: <empty>
2019-09-28 05:42:43,614 [grpc-default-executor-5] INFO  server.GrpcServerProtocolService (GrpcServerProtocolService.java:onCompleted(113)) - 2ea96f30-9ef7-4b6e-b81e-9105b046548f: Completed APPEND_ENTRIES, lastRequest: f96c6bb0-35cd-4680-b916-87cea356f4b5->2ea96f30-9ef7-4b6e-b81e-9105b046548f#49-t1, previous=(t:1, i:8), leaderCommit=8, initializing? false, entries: <empty>
2019-09-28 05:42:43,614 [ForkJoinPool.commonPool-worker-1] INFO  impl.StateMachineUpdater (StateMachineUpdater.java:stopAndJoin(125)) - e1913c6f-5f92-40f7-b184-672b278ad36c@group-383171CEF9C6-StateMachineUpdater: set stopIndex = 0
2019-09-28 05:42:43,615 [ForkJoinPool.commonPool-worker-1] INFO  impl.RaftServerImpl (ServerState.java:close(385)) - e1913c6f-5f92-40f7-b184-672b278ad36c@group-383171CEF9C6: closes. applyIndex: 0
2019-09-28 05:42:43,615 [e1913c6f-5f92-40f7-b184-672b278ad36c@group-383171CEF9C6-SegmentedRaftLogWorker] INFO  segmented.SegmentedRaftLogWorker (SegmentedRaftLogWorker.java:run(313)) - e1913c6f-5f92-40f7-b184-672b278ad36c@group-383171CEF9C6-SegmentedRaftLogWorker was interrupted, exiting. There are 0 tasks remaining in the queue.
2019-09-28 05:42:43,616 [grpc-default-executor-6] INFO  server.GrpcLogAppender (GrpcLogAppender.java:onCompleted(293)) - f96c6bb0-35cd-4680-b916-87cea356f4b5@group-CC46C90614D8->655b5729-6a0f-4a94-81c6-8a03f37304c4-AppendLogResponseHandler: follower responses appendEntries COMPLETED
2019-09-28 05:42:43,616 [grpc-default-executor-5] INFO  server.GrpcLogAppender (GrpcLogAppender.java:onCompleted(293)) - f96c6bb0-35cd-4680-b916-87cea356f4b5@group-CC46C90614D8->2ea96f30-9ef7-4b6e-b81e-9105b046548f-AppendLogResponseHandler: follower responses appendEntries COMPLETED
2019-09-28 05:42:43,617 [ForkJoinPool.commonPool-worker-1] INFO  segmented.SegmentedRaftLogWorker (SegmentedRaftLogWorker.java:close(228)) - e1913c6f-5f92-40f7-b184-672b278ad36c@group-383171CEF9C6-SegmentedRaftLogWorker close()
2019-09-28 05:42:43,619 [ForkJoinPool.commonPool-worker-1] INFO  server.GrpcService (GrpcService.java:closeImpl(164)) - e1913c6f-5f92-40f7-b184-672b278ad36c: shutdown server with port 45894 now
2019-09-28 05:42:43,619 [grpc-default-executor-5] INFO  impl.FollowerInfo (FollowerInfo.java:lambda$new$0(51)) - f96c6bb0-35cd-4680-b916-87cea356f4b5@group-CC46C90614D8->2ea96f30-9ef7-4b6e-b81e-9105b046548f: nextIndex: updateUnconditionally 9 -> 8
2019-09-28 05:42:43,619 [grpc-default-executor-6] INFO  impl.FollowerInfo (FollowerInfo.java:lambda$new$0(51)) - f96c6bb0-35cd-4680-b916-87cea356f4b5@group-CC46C90614D8->655b5729-6a0f-4a94-81c6-8a03f37304c4: nextIndex: updateUnconditionally 9 -> 8
2019-09-28 05:42:43,620 [ForkJoinPool.commonPool-worker-1] INFO  server.GrpcService (GrpcService.java:closeImpl(172)) - e1913c6f-5f92-40f7-b184-672b278ad36c: shutdown server with port 45894 successfully
2019-09-28 05:42:43,625 [refreshUsed-/workdir/hadoop-ozone/integration-test/target/test-dir/MiniOzoneClusterImpl-cf793505-16a9-45eb-82c7-0f4c7e523749/datanode-2/data/containers] WARN  fs.CachingGetSpaceUsed (CachingGetSpaceUsed.java:run(183)) - Thread Interrupted waiting to refresh disk information: sleep interrupted
2019-09-28 05:42:43,633 [f96c6bb0-35cd-4680-b916-87cea356f4b5@group-CC46C90614D8-StateMachineUpdater] INFO  ratis.ContainerStateMachine (ContainerStateMachine.java:takeSnapshot(300)) - group-CC46C90614D8: Finished taking a snapshot at:(t:1, i:6) file:/workdir/hadoop-ozone/integration-test/target/test-dir/MiniOzoneClusterImpl-cf793505-16a9-45eb-82c7-0f4c7e523749/datanode-3/data/ratis/b0e6411e-8048-4947-ac72-cc46c90614d8/sm/snapshot.1_6 time:19
2019-09-28 05:42:43,633 [f96c6bb0-35cd-4680-b916-87cea356f4b5@group-CC46C90614D8-StateMachineUpdater] INFO  impl.StateMachineUpdater (StateMachineUpdater.java:takeSnapshot(258)) - f96c6bb0-35cd-4680-b916-87cea356f4b5@group-CC46C90614D8-StateMachineUpdater: Took a snapshot at index 6
2019-09-28 05:42:43,633 [f96c6bb0-35cd-4680-b916-87cea356f4b5@group-CC46C90614D8-StateMachineUpdater] INFO  impl.StateMachineUpdater (StateMachineUpdater.java:lambda$new$0(83)) - f96c6bb0-35cd-4680-b916-87cea356f4b5@group-CC46C90614D8-StateMachineUpdater: snapshotIndex: updateIncreasingly -1 -> 6
2019-09-28 05:42:43,634 [f96c6bb0-35cd-4680-b916-87cea356f4b5@group-CC46C90614D8-StateMachineUpdater] INFO  ratis.ContainerStateMachine (ContainerStateMachine.java:takeSnapshot(289)) - group-CC46C90614D8: Taking a snapshot at:(t:1, i:6) file /workdir/hadoop-ozone/integration-test/target/test-dir/MiniOzoneClusterImpl-cf793505-16a9-45eb-82c7-0f4c7e523749/datanode-3/data/ratis/b0e6411e-8048-4947-ac72-cc46c90614d8/sm/snapshot.1_6
2019-09-28 05:42:43,639 [ForkJoinPool.commonPool-worker-1] INFO  utils.BackgroundService (BackgroundService.java:shutdown(148)) - Shutting down service BlockDeletingService
2019-09-28 05:42:43,645 [ForkJoinPool.commonPool-worker-1] INFO  statemachine.DatanodeStateMachine (DatanodeStateMachine.java:stopDaemon(395)) - Ozone container server stopped.
2019-09-28 05:42:43,651 [ForkJoinPool.commonPool-worker-1] INFO  handler.ContextHandler (ContextHandler.java:doStop(910)) - Stopped o.e.j.w.WebAppContext@64942607{/,null,UNAVAILABLE}{/hddsDatanode}
2019-09-28 05:42:43,652 [ForkJoinPool.commonPool-worker-1] INFO  server.AbstractConnector (AbstractConnector.java:doStop(318)) - Stopped ServerConnector@d48e998{HTTP/1.1,[http/1.1]}{0.0.0.0:0}
2019-09-28 05:42:43,653 [ForkJoinPool.commonPool-worker-1] INFO  handler.ContextHandler (ContextHandler.java:doStop(910)) - Stopped o.e.j.s.ServletContextHandler@64e1377c{/static,jar:file:/home/user/.m2/repository/org/apache/hadoop/hadoop-hdds-container-service/0.5.0-SNAPSHOT/hadoop-hdds-container-service-0.5.0-SNAPSHOT.jar!/webapps/static,UNAVAILABLE}
2019-09-28 05:42:43,655 [ForkJoinPool.commonPool-worker-1] INFO  handler.ContextHandler (ContextHandler.java:doStop(910)) - Stopped o.e.j.s.ServletContextHandler@502a4156{/logs,file:///workdir/hadoop-ozone/integration-test/target/log,UNAVAILABLE}
2019-09-28 05:42:43,658 [f96c6bb0-35cd-4680-b916-87cea356f4b5@group-CC46C90614D8-StateMachineUpdater] INFO  ratis.ContainerStateMachine (ContainerStateMachine.java:takeSnapshot(300)) - group-CC46C90614D8: Finished taking a snapshot at:(t:1, i:6) file:/workdir/hadoop-ozone/integration-test/target/test-dir/MiniOzoneClusterImpl-cf793505-16a9-45eb-82c7-0f4c7e523749/datanode-3/data/ratis/b0e6411e-8048-4947-ac72-cc46c90614d8/sm/snapshot.1_6 time:24
2019-09-28 05:42:43,658 [f96c6bb0-35cd-4680-b916-87cea356f4b5@group-CC46C90614D8-StateMachineUpdater] INFO  impl.StateMachineUpdater (StateMachineUpdater.java:takeSnapshot(258)) - f96c6bb0-35cd-4680-b916-87cea356f4b5@group-CC46C90614D8-StateMachineUpdater: Took a snapshot at index 6
2019-09-28 05:42:43,658 [f96c6bb0-35cd-4680-b916-87cea356f4b5@group-CC46C90614D8-StateMachineUpdater] INFO  impl.StateMachineUpdater (StateMachineUpdater.java:lambda$new$0(83)) - f96c6bb0-35cd-4680-b916-87cea356f4b5@group-CC46C90614D8-StateMachineUpdater: snapshotIndex: updateIncreasingly 6 -> 6
2019-09-28 05:42:43,659 [main] INFO  impl.RaftServerImpl (ServerState.java:close(385)) - f96c6bb0-35cd-4680-b916-87cea356f4b5@group-CC46C90614D8: closes. applyIndex: 8
2019-09-28 05:42:43,659 [f96c6bb0-35cd-4680-b916-87cea356f4b5@group-CC46C90614D8-SegmentedRaftLogWorker] INFO  segmented.SegmentedRaftLogWorker (SegmentedRaftLogWorker.java:run(313)) - f96c6bb0-35cd-4680-b916-87cea356f4b5@group-CC46C90614D8-SegmentedRaftLogWorker was interrupted, exiting. There are 0 tasks remaining in the queue.
2019-09-28 05:42:43,661 [main] INFO  segmented.SegmentedRaftLogWorker (SegmentedRaftLogWorker.java:close(228)) - f96c6bb0-35cd-4680-b916-87cea356f4b5@group-CC46C90614D8-SegmentedRaftLogWorker close()
2019-09-28 05:42:43,662 [main] INFO  server.GrpcService (GrpcService.java:closeImpl(164)) - f96c6bb0-35cd-4680-b916-87cea356f4b5: shutdown server with port 35895 now
2019-09-28 05:42:43,663 [main] INFO  server.GrpcService (GrpcService.java:closeImpl(172)) - f96c6bb0-35cd-4680-b916-87cea356f4b5: shutdown server with port 35895 successfully
2019-09-28 05:42:43,665 [refreshUsed-/workdir/hadoop-ozone/integration-test/target/test-dir/MiniOzoneClusterImpl-cf793505-16a9-45eb-82c7-0f4c7e523749/datanode-3/data/containers] WARN  fs.CachingGetSpaceUsed (CachingGetSpaceUsed.java:run(183)) - Thread Interrupted waiting to refresh disk information: sleep interrupted
2019-09-28 05:42:43,681 [main] INFO  utils.BackgroundService (BackgroundService.java:shutdown(148)) - Shutting down service BlockDeletingService
2019-09-28 05:42:43,685 [main] INFO  statemachine.DatanodeStateMachine (DatanodeStateMachine.java:stopDaemon(395)) - Ozone container server stopped.
2019-09-28 05:42:43,686 [main] INFO  handler.ContextHandler (ContextHandler.java:doStop(910)) - Stopped o.e.j.w.WebAppContext@59b32539{/,null,UNAVAILABLE}{/hddsDatanode}
2019-09-28 05:42:43,687 [main] INFO  server.AbstractConnector (AbstractConnector.java:doStop(318)) - Stopped ServerConnector@5b47731f{HTTP/1.1,[http/1.1]}{0.0.0.0:0}
2019-09-28 05:42:43,687 [main] INFO  handler.ContextHandler (ContextHandler.java:doStop(910)) - Stopped o.e.j.s.ServletContextHandler@f9cab00{/static,jar:file:/home/user/.m2/repository/org/apache/hadoop/hadoop-hdds-container-service/0.5.0-SNAPSHOT/hadoop-hdds-container-service-0.5.0-SNAPSHOT.jar!/webapps/static,UNAVAILABLE}
2019-09-28 05:42:43,688 [main] INFO  handler.ContextHandler (ContextHandler.java:doStop(910)) - Stopped o.e.j.s.ServletContextHandler@1b410308{/logs,file:///workdir/hadoop-ozone/integration-test/target/log,UNAVAILABLE}
2019-09-28 05:42:43,701 [Datanode State Machine Thread - 0] INFO  statemachine.DatanodeStateMachine (DatanodeStateMachine.java:lambda$startDaemon$0(350)) - Ozone container server started.
2019-09-28 05:42:44,295 [Datanode State Machine Thread - 0] INFO  statemachine.DatanodeStateMachine (DatanodeStateMachine.java:lambda$startDaemon$0(350)) - Ozone container server started.
2019-09-28 05:42:46,788 [Thread-843] INFO  impl.FollowerState (FollowerState.java:run(106)) - 38e8276b-0564-4e1c-b20d-cf8d8fcd5643:group-061CCE0C3C63 changes to CANDIDATE, lastRpcTime:9303, electionTimeout:5120ms
2019-09-28 05:42:46,789 [Thread-843] INFO  impl.RoleInfo (RoleInfo.java:shutdownFollowerState(121)) - 38e8276b-0564-4e1c-b20d-cf8d8fcd5643: shutdown FollowerState
2019-09-28 05:42:46,789 [Thread-843] INFO  impl.RaftServerImpl (RaftServerImpl.java:setRole(174)) - 38e8276b-0564-4e1c-b20d-cf8d8fcd5643@group-061CCE0C3C63: changes role from  FOLLOWER to CANDIDATE at term 1 for changeToCandidate
2019-09-28 05:42:46,789 [Thread-843] INFO  impl.RoleInfo (RoleInfo.java:updateAndGet(143)) - 38e8276b-0564-4e1c-b20d-cf8d8fcd5643: start LeaderElection
2019-09-28 05:42:46,794 [38e8276b-0564-4e1c-b20d-cf8d8fcd5643@group-061CCE0C3C63:LeaderElection34] INFO  impl.RaftServerImpl (ServerState.java:setLeader(253)) - 38e8276b-0564-4e1c-b20d-cf8d8fcd5643@group-061CCE0C3C63: change Leader from 8f5bcc06-38fd-4f67-bb33-a4a6b708286a to null at term 1 for initElection
2019-09-28 05:42:46,806 [38e8276b-0564-4e1c-b20d-cf8d8fcd5643@group-061CCE0C3C63:LeaderElection34] INFO  impl.LeaderElection (LeaderElection.java:askForVotes(182)) - 38e8276b-0564-4e1c-b20d-cf8d8fcd5643@group-061CCE0C3C63:LeaderElection34: begin an election at term 2 for 0: [38e8276b-0564-4e1c-b20d-cf8d8fcd5643:192.168.30.51:42822, 8f5bcc06-38fd-4f67-bb33-a4a6b708286a:192.168.30.51:43820, e1913c6f-5f92-40f7-b184-672b278ad36c:192.168.30.51:45894], old=null
2019-09-28 05:42:46,815 [38e8276b-0564-4e1c-b20d-cf8d8fcd5643@group-061CCE0C3C63:LeaderElection34] INFO  impl.LeaderElection (LogUtils.java:infoOrTrace(149)) - 38e8276b-0564-4e1c-b20d-cf8d8fcd5643@group-061CCE0C3C63:LeaderElection34 got exception when requesting votes: {}
java.util.concurrent.ExecutionException: org.apache.ratis.thirdparty.io.grpc.StatusRuntimeException: UNAVAILABLE: io exception
	at java.util.concurrent.FutureTask.report(FutureTask.java:122)
	at java.util.concurrent.FutureTask.get(FutureTask.java:192)
	at org.apache.ratis.server.impl.LeaderElection.waitForResults(LeaderElection.java:263)
	at org.apache.ratis.server.impl.LeaderElection.askForVotes(LeaderElection.java:201)
	at org.apache.ratis.server.impl.LeaderElection.run(LeaderElection.java:133)
	at java.lang.Thread.run(Thread.java:748)
Caused by: org.apache.ratis.thirdparty.io.grpc.StatusRuntimeException: UNAVAILABLE: io exception
	at org.apache.ratis.thirdparty.io.grpc.stub.ClientCalls.toStatusRuntimeException(ClientCalls.java:233)
	at org.apache.ratis.thirdparty.io.grpc.stub.ClientCalls.getUnchecked(ClientCalls.java:214)
	at org.apache.ratis.thirdparty.io.grpc.stub.ClientCalls.blockingUnaryCall(ClientCalls.java:139)
	at org.apache.ratis.proto.grpc.RaftServerProtocolServiceGrpc$RaftServerProtocolServiceBlockingStub.requestVote(RaftServerProtocolServiceGrpc.java:265)
	at org.apache.ratis.grpc.server.GrpcServerProtocolClient.requestVote(GrpcServerProtocolClient.java:90)
	at org.apache.ratis.grpc.server.GrpcService.requestVote(GrpcService.java:204)
	at org.apache.ratis.server.impl.LeaderElection.lambda$submitRequests$1(LeaderElection.java:238)
	at java.util.concurrent.FutureTask.run(FutureTask.java:266)
	at java.util.concurrent.Executors$RunnableAdapter.call(Executors.java:511)
	at java.util.concurrent.FutureTask.run(FutureTask.java:266)
	at java.util.concurrent.ThreadPoolExecutor.runWorker(ThreadPoolExecutor.java:1149)
	at java.util.concurrent.ThreadPoolExecutor$Worker.run(ThreadPoolExecutor.java:624)
	... 1 more
Caused by: org.apache.ratis.thirdparty.io.netty.channel.AbstractChannel$AnnotatedConnectException: Connection refused: /192.168.30.51:43820
	at sun.nio.ch.SocketChannelImpl.checkConnect(Native Method)
	at sun.nio.ch.SocketChannelImpl.finishConnect(SocketChannelImpl.java:717)
	at org.apache.ratis.thirdparty.io.netty.channel.socket.nio.NioSocketChannel.doFinishConnect(NioSocketChannel.java:327)
	at org.apache.ratis.thirdparty.io.netty.channel.nio.AbstractNioChannel$AbstractNioUnsafe.finishConnect(AbstractNioChannel.java:340)
	at org.apache.ratis.thirdparty.io.netty.channel.nio.NioEventLoop.processSelectedKey(NioEventLoop.java:632)
	at org.apache.ratis.thirdparty.io.netty.channel.nio.NioEventLoop.processSelectedKeysOptimized(NioEventLoop.java:579)
	at org.apache.ratis.thirdparty.io.netty.channel.nio.NioEventLoop.processSelectedKeys(NioEventLoop.java:496)
	at org.apache.ratis.thirdparty.io.netty.channel.nio.NioEventLoop.run(NioEventLoop.java:458)
	at org.apache.ratis.thirdparty.io.netty.util.concurrent.SingleThreadEventExecutor$5.run(SingleThreadEventExecutor.java:897)
	at org.apache.ratis.thirdparty.io.netty.util.concurrent.FastThreadLocalRunnable.run(FastThreadLocalRunnable.java:30)
	... 1 more
Caused by: java.net.ConnectException: Connection refused
	... 11 more
2019-09-28 05:42:46,817 [38e8276b-0564-4e1c-b20d-cf8d8fcd5643@group-061CCE0C3C63:LeaderElection34] INFO  impl.LeaderElection (LogUtils.java:infoOrTrace(149)) - 38e8276b-0564-4e1c-b20d-cf8d8fcd5643@group-061CCE0C3C63:LeaderElection34 got exception when requesting votes: {}
java.util.concurrent.ExecutionException: org.apache.ratis.thirdparty.io.grpc.StatusRuntimeException: UNAVAILABLE: io exception
	at java.util.concurrent.FutureTask.report(FutureTask.java:122)
	at java.util.concurrent.FutureTask.get(FutureTask.java:192)
	at org.apache.ratis.server.impl.LeaderElection.waitForResults(LeaderElection.java:263)
	at org.apache.ratis.server.impl.LeaderElection.askForVotes(LeaderElection.java:201)
	at org.apache.ratis.server.impl.LeaderElection.run(LeaderElection.java:133)
	at java.lang.Thread.run(Thread.java:748)
Caused by: org.apache.ratis.thirdparty.io.grpc.StatusRuntimeException: UNAVAILABLE: io exception
	at org.apache.ratis.thirdparty.io.grpc.stub.ClientCalls.toStatusRuntimeException(ClientCalls.java:233)
	at org.apache.ratis.thirdparty.io.grpc.stub.ClientCalls.getUnchecked(ClientCalls.java:214)
	at org.apache.ratis.thirdparty.io.grpc.stub.ClientCalls.blockingUnaryCall(ClientCalls.java:139)
	at org.apache.ratis.proto.grpc.RaftServerProtocolServiceGrpc$RaftServerProtocolServiceBlockingStub.requestVote(RaftServerProtocolServiceGrpc.java:265)
	at org.apache.ratis.grpc.server.GrpcServerProtocolClient.requestVote(GrpcServerProtocolClient.java:90)
	at org.apache.ratis.grpc.server.GrpcService.requestVote(GrpcService.java:204)
	at org.apache.ratis.server.impl.LeaderElection.lambda$submitRequests$1(LeaderElection.java:238)
	at java.util.concurrent.FutureTask.run(FutureTask.java:266)
	at java.util.concurrent.Executors$RunnableAdapter.call(Executors.java:511)
	at java.util.concurrent.FutureTask.run(FutureTask.java:266)
	at java.util.concurrent.ThreadPoolExecutor.runWorker(ThreadPoolExecutor.java:1149)
	at java.util.concurrent.ThreadPoolExecutor$Worker.run(ThreadPoolExecutor.java:624)
	... 1 more
Caused by: org.apache.ratis.thirdparty.io.netty.channel.AbstractChannel$AnnotatedConnectException: Connection refused: /192.168.30.51:45894
	at sun.nio.ch.SocketChannelImpl.checkConnect(Native Method)
	at sun.nio.ch.SocketChannelImpl.finishConnect(SocketChannelImpl.java:717)
	at org.apache.ratis.thirdparty.io.netty.channel.socket.nio.NioSocketChannel.doFinishConnect(NioSocketChannel.java:327)
	at org.apache.ratis.thirdparty.io.netty.channel.nio.AbstractNioChannel$AbstractNioUnsafe.finishConnect(AbstractNioChannel.java:340)
	at org.apache.ratis.thirdparty.io.netty.channel.nio.NioEventLoop.processSelectedKey(NioEventLoop.java:632)
	at org.apache.ratis.thirdparty.io.netty.channel.nio.NioEventLoop.processSelectedKeysOptimized(NioEventLoop.java:579)
	at org.apache.ratis.thirdparty.io.netty.channel.nio.NioEventLoop.processSelectedKeys(NioEventLoop.java:496)
	at org.apache.ratis.thirdparty.io.netty.channel.nio.NioEventLoop.run(NioEventLoop.java:458)
	at org.apache.ratis.thirdparty.io.netty.util.concurrent.SingleThreadEventExecutor$5.run(SingleThreadEventExecutor.java:897)
	at org.apache.ratis.thirdparty.io.netty.util.concurrent.FastThreadLocalRunnable.run(FastThreadLocalRunnable.java:30)
	... 1 more
Caused by: java.net.ConnectException: Connection refused
	... 11 more
2019-09-28 05:42:46,819 [38e8276b-0564-4e1c-b20d-cf8d8fcd5643@group-061CCE0C3C63:LeaderElection34] INFO  impl.LeaderElection (LeaderElection.java:logAndReturn(56)) - 38e8276b-0564-4e1c-b20d-cf8d8fcd5643@group-061CCE0C3C63:LeaderElection34: Election REJECTED; received 0 response(s) [] and 2 exception(s); 38e8276b-0564-4e1c-b20d-cf8d8fcd5643@group-061CCE0C3C63:t2, leader=null, voted=38e8276b-0564-4e1c-b20d-cf8d8fcd5643, raftlog=38e8276b-0564-4e1c-b20d-cf8d8fcd5643@group-061CCE0C3C63-SegmentedRaftLog:OPENED:c0,f0,i0, conf=0: [38e8276b-0564-4e1c-b20d-cf8d8fcd5643:192.168.30.51:42822, 8f5bcc06-38fd-4f67-bb33-a4a6b708286a:192.168.30.51:43820, e1913c6f-5f92-40f7-b184-672b278ad36c:192.168.30.51:45894], old=null
2019-09-28 05:42:46,820 [38e8276b-0564-4e1c-b20d-cf8d8fcd5643@group-061CCE0C3C63:LeaderElection34] INFO  impl.LeaderElection (LogUtils.java:infoOrTrace(149)) -   Exception 0: {}
java.util.concurrent.ExecutionException: org.apache.ratis.thirdparty.io.grpc.StatusRuntimeException: UNAVAILABLE: io exception
	at java.util.concurrent.FutureTask.report(FutureTask.java:122)
	at java.util.concurrent.FutureTask.get(FutureTask.java:192)
	at org.apache.ratis.server.impl.LeaderElection.waitForResults(LeaderElection.java:263)
	at org.apache.ratis.server.impl.LeaderElection.askForVotes(LeaderElection.java:201)
	at org.apache.ratis.server.impl.LeaderElection.run(LeaderElection.java:133)
	at java.lang.Thread.run(Thread.java:748)
Caused by: org.apache.ratis.thirdparty.io.grpc.StatusRuntimeException: UNAVAILABLE: io exception
	at org.apache.ratis.thirdparty.io.grpc.stub.ClientCalls.toStatusRuntimeException(ClientCalls.java:233)
	at org.apache.ratis.thirdparty.io.grpc.stub.ClientCalls.getUnchecked(ClientCalls.java:214)
	at org.apache.ratis.thirdparty.io.grpc.stub.ClientCalls.blockingUnaryCall(ClientCalls.java:139)
	at org.apache.ratis.proto.grpc.RaftServerProtocolServiceGrpc$RaftServerProtocolServiceBlockingStub.requestVote(RaftServerProtocolServiceGrpc.java:265)
	at org.apache.ratis.grpc.server.GrpcServerProtocolClient.requestVote(GrpcServerProtocolClient.java:90)
	at org.apache.ratis.grpc.server.GrpcService.requestVote(GrpcService.java:204)
	at org.apache.ratis.server.impl.LeaderElection.lambda$submitRequests$1(LeaderElection.java:238)
	at java.util.concurrent.FutureTask.run(FutureTask.java:266)
	at java.util.concurrent.Executors$RunnableAdapter.call(Executors.java:511)
	at java.util.concurrent.FutureTask.run(FutureTask.java:266)
	at java.util.concurrent.ThreadPoolExecutor.runWorker(ThreadPoolExecutor.java:1149)
	at java.util.concurrent.ThreadPoolExecutor$Worker.run(ThreadPoolExecutor.java:624)
	... 1 more
Caused by: org.apache.ratis.thirdparty.io.netty.channel.AbstractChannel$AnnotatedConnectException: Connection refused: /192.168.30.51:43820
	at sun.nio.ch.SocketChannelImpl.checkConnect(Native Method)
	at sun.nio.ch.SocketChannelImpl.finishConnect(SocketChannelImpl.java:717)
	at org.apache.ratis.thirdparty.io.netty.channel.socket.nio.NioSocketChannel.doFinishConnect(NioSocketChannel.java:327)
	at org.apache.ratis.thirdparty.io.netty.channel.nio.AbstractNioChannel$AbstractNioUnsafe.finishConnect(AbstractNioChannel.java:340)
	at org.apache.ratis.thirdparty.io.netty.channel.nio.NioEventLoop.processSelectedKey(NioEventLoop.java:632)
	at org.apache.ratis.thirdparty.io.netty.channel.nio.NioEventLoop.processSelectedKeysOptimized(NioEventLoop.java:579)
	at org.apache.ratis.thirdparty.io.netty.channel.nio.NioEventLoop.processSelectedKeys(NioEventLoop.java:496)
	at org.apache.ratis.thirdparty.io.netty.channel.nio.NioEventLoop.run(NioEventLoop.java:458)
	at org.apache.ratis.thirdparty.io.netty.util.concurrent.SingleThreadEventExecutor$5.run(SingleThreadEventExecutor.java:897)
	at org.apache.ratis.thirdparty.io.netty.util.concurrent.FastThreadLocalRunnable.run(FastThreadLocalRunnable.java:30)
	... 1 more
Caused by: java.net.ConnectException: Connection refused
	... 11 more
2019-09-28 05:42:46,820 [38e8276b-0564-4e1c-b20d-cf8d8fcd5643@group-061CCE0C3C63:LeaderElection34] INFO  impl.LeaderElection (LogUtils.java:infoOrTrace(149)) -   Exception 1: {}
java.util.concurrent.ExecutionException: org.apache.ratis.thirdparty.io.grpc.StatusRuntimeException: UNAVAILABLE: io exception
	at java.util.concurrent.FutureTask.report(FutureTask.java:122)
	at java.util.concurrent.FutureTask.get(FutureTask.java:192)
	at org.apache.ratis.server.impl.LeaderElection.waitForResults(LeaderElection.java:263)
	at org.apache.ratis.server.impl.LeaderElection.askForVotes(LeaderElection.java:201)
	at org.apache.ratis.server.impl.LeaderElection.run(LeaderElection.java:133)
	at java.lang.Thread.run(Thread.java:748)
Caused by: org.apache.ratis.thirdparty.io.grpc.StatusRuntimeException: UNAVAILABLE: io exception
	at org.apache.ratis.thirdparty.io.grpc.stub.ClientCalls.toStatusRuntimeException(ClientCalls.java:233)
	at org.apache.ratis.thirdparty.io.grpc.stub.ClientCalls.getUnchecked(ClientCalls.java:214)
	at org.apache.ratis.thirdparty.io.grpc.stub.ClientCalls.blockingUnaryCall(ClientCalls.java:139)
	at org.apache.ratis.proto.grpc.RaftServerProtocolServiceGrpc$RaftServerProtocolServiceBlockingStub.requestVote(RaftServerProtocolServiceGrpc.java:265)
	at org.apache.ratis.grpc.server.GrpcServerProtocolClient.requestVote(GrpcServerProtocolClient.java:90)
	at org.apache.ratis.grpc.server.GrpcService.requestVote(GrpcService.java:204)
	at org.apache.ratis.server.impl.LeaderElection.lambda$submitRequests$1(LeaderElection.java:238)
	at java.util.concurrent.FutureTask.run(FutureTask.java:266)
	at java.util.concurrent.Executors$RunnableAdapter.call(Executors.java:511)
	at java.util.concurrent.FutureTask.run(FutureTask.java:266)
	at java.util.concurrent.ThreadPoolExecutor.runWorker(ThreadPoolExecutor.java:1149)
	at java.util.concurrent.ThreadPoolExecutor$Worker.run(ThreadPoolExecutor.java:624)
	... 1 more
Caused by: org.apache.ratis.thirdparty.io.netty.channel.AbstractChannel$AnnotatedConnectException: Connection refused: /192.168.30.51:45894
	at sun.nio.ch.SocketChannelImpl.checkConnect(Native Method)
	at sun.nio.ch.SocketChannelImpl.finishConnect(SocketChannelImpl.java:717)
	at org.apache.ratis.thirdparty.io.netty.channel.socket.nio.NioSocketChannel.doFinishConnect(NioSocketChannel.java:327)
	at org.apache.ratis.thirdparty.io.netty.channel.nio.AbstractNioChannel$AbstractNioUnsafe.finishConnect(AbstractNioChannel.java:340)
	at org.apache.ratis.thirdparty.io.netty.channel.nio.NioEventLoop.processSelectedKey(NioEventLoop.java:632)
	at org.apache.ratis.thirdparty.io.netty.channel.nio.NioEventLoop.processSelectedKeysOptimized(NioEventLoop.java:579)
	at org.apache.ratis.thirdparty.io.netty.channel.nio.NioEventLoop.processSelectedKeys(NioEventLoop.java:496)
	at org.apache.ratis.thirdparty.io.netty.channel.nio.NioEventLoop.run(NioEventLoop.java:458)
	at org.apache.ratis.thirdparty.io.netty.util.concurrent.SingleThreadEventExecutor$5.run(SingleThreadEventExecutor.java:897)
	at org.apache.ratis.thirdparty.io.netty.util.concurrent.FastThreadLocalRunnable.run(FastThreadLocalRunnable.java:30)
	... 1 more
Caused by: java.net.ConnectException: Connection refused
	... 11 more
2019-09-28 05:42:46,820 [38e8276b-0564-4e1c-b20d-cf8d8fcd5643@group-061CCE0C3C63:LeaderElection34] INFO  impl.RaftServerImpl (RaftServerImpl.java:setRole(174)) - 38e8276b-0564-4e1c-b20d-cf8d8fcd5643@group-061CCE0C3C63: changes role from CANDIDATE to FOLLOWER at term 2 for DISCOVERED_A_NEW_TERM
2019-09-28 05:42:46,821 [38e8276b-0564-4e1c-b20d-cf8d8fcd5643@group-061CCE0C3C63:LeaderElection34] INFO  impl.RoleInfo (RoleInfo.java:shutdownLeaderElection(134)) - 38e8276b-0564-4e1c-b20d-cf8d8fcd5643: shutdown LeaderElection
2019-09-28 05:42:46,821 [38e8276b-0564-4e1c-b20d-cf8d8fcd5643@group-061CCE0C3C63:LeaderElection34] INFO  impl.RoleInfo (RoleInfo.java:updateAndGet(143)) - 38e8276b-0564-4e1c-b20d-cf8d8fcd5643: start FollowerState
2019-09-28 05:42:46,968 [Thread-862] INFO  impl.FollowerState (FollowerState.java:run(106)) - 655b5729-6a0f-4a94-81c6-8a03f37304c4:group-CC46C90614D8 changes to CANDIDATE, lastRpcTime:5143, electionTimeout:5064ms
2019-09-28 05:42:46,970 [Thread-862] INFO  impl.RoleInfo (RoleInfo.java:shutdownFollowerState(121)) - 655b5729-6a0f-4a94-81c6-8a03f37304c4: shutdown FollowerState
2019-09-28 05:42:46,970 [Thread-862] INFO  impl.RaftServerImpl (RaftServerImpl.java:setRole(174)) - 655b5729-6a0f-4a94-81c6-8a03f37304c4@group-CC46C90614D8: changes role from  FOLLOWER to CANDIDATE at term 1 for changeToCandidate
2019-09-28 05:42:46,970 [Thread-862] INFO  impl.RoleInfo (RoleInfo.java:updateAndGet(143)) - 655b5729-6a0f-4a94-81c6-8a03f37304c4: start LeaderElection
2019-09-28 05:42:46,971 [655b5729-6a0f-4a94-81c6-8a03f37304c4@group-CC46C90614D8:LeaderElection35] INFO  impl.RaftServerImpl (ServerState.java:setLeader(253)) - 655b5729-6a0f-4a94-81c6-8a03f37304c4@group-CC46C90614D8: change Leader from f96c6bb0-35cd-4680-b916-87cea356f4b5 to null at term 1 for initElection
2019-09-28 05:42:46,993 [655b5729-6a0f-4a94-81c6-8a03f37304c4@group-CC46C90614D8:LeaderElection35] INFO  impl.LeaderElection (LeaderElection.java:askForVotes(182)) - 655b5729-6a0f-4a94-81c6-8a03f37304c4@group-CC46C90614D8:LeaderElection35: begin an election at term 2 for 0: [f96c6bb0-35cd-4680-b916-87cea356f4b5:192.168.30.51:35895, 2ea96f30-9ef7-4b6e-b81e-9105b046548f:192.168.30.51:38778, 655b5729-6a0f-4a94-81c6-8a03f37304c4:192.168.30.51:41755], old=null
2019-09-28 05:42:46,996 [655b5729-6a0f-4a94-81c6-8a03f37304c4@group-CC46C90614D8:LeaderElection35] INFO  impl.LeaderElection (LogUtils.java:infoOrTrace(149)) - 655b5729-6a0f-4a94-81c6-8a03f37304c4@group-CC46C90614D8:LeaderElection35 got exception when requesting votes: {}
java.util.concurrent.ExecutionException: org.apache.ratis.thirdparty.io.grpc.StatusRuntimeException: UNAVAILABLE: io exception
	at java.util.concurrent.FutureTask.report(FutureTask.java:122)
	at java.util.concurrent.FutureTask.get(FutureTask.java:192)
	at org.apache.ratis.server.impl.LeaderElection.waitForResults(LeaderElection.java:263)
	at org.apache.ratis.server.impl.LeaderElection.askForVotes(LeaderElection.java:201)
	at org.apache.ratis.server.impl.LeaderElection.run(LeaderElection.java:133)
	at java.lang.Thread.run(Thread.java:748)
Caused by: org.apache.ratis.thirdparty.io.grpc.StatusRuntimeException: UNAVAILABLE: io exception
	at org.apache.ratis.thirdparty.io.grpc.stub.ClientCalls.toStatusRuntimeException(ClientCalls.java:233)
	at org.apache.ratis.thirdparty.io.grpc.stub.ClientCalls.getUnchecked(ClientCalls.java:214)
	at org.apache.ratis.thirdparty.io.grpc.stub.ClientCalls.blockingUnaryCall(ClientCalls.java:139)
	at org.apache.ratis.proto.grpc.RaftServerProtocolServiceGrpc$RaftServerProtocolServiceBlockingStub.requestVote(RaftServerProtocolServiceGrpc.java:265)
	at org.apache.ratis.grpc.server.GrpcServerProtocolClient.requestVote(GrpcServerProtocolClient.java:90)
	at org.apache.ratis.grpc.server.GrpcService.requestVote(GrpcService.java:204)
	at org.apache.ratis.server.impl.LeaderElection.lambda$submitRequests$1(LeaderElection.java:238)
	at java.util.concurrent.FutureTask.run(FutureTask.java:266)
	at java.util.concurrent.Executors$RunnableAdapter.call(Executors.java:511)
	at java.util.concurrent.FutureTask.run(FutureTask.java:266)
	at java.util.concurrent.ThreadPoolExecutor.runWorker(ThreadPoolExecutor.java:1149)
	at java.util.concurrent.ThreadPoolExecutor$Worker.run(ThreadPoolExecutor.java:624)
	... 1 more
Caused by: org.apache.ratis.thirdparty.io.netty.channel.AbstractChannel$AnnotatedConnectException: Connection refused: /192.168.30.51:35895
	at sun.nio.ch.SocketChannelImpl.checkConnect(Native Method)
	at sun.nio.ch.SocketChannelImpl.finishConnect(SocketChannelImpl.java:717)
	at org.apache.ratis.thirdparty.io.netty.channel.socket.nio.NioSocketChannel.doFinishConnect(NioSocketChannel.java:327)
	at org.apache.ratis.thirdparty.io.netty.channel.nio.AbstractNioChannel$AbstractNioUnsafe.finishConnect(AbstractNioChannel.java:340)
	at org.apache.ratis.thirdparty.io.netty.channel.nio.NioEventLoop.processSelectedKey(NioEventLoop.java:632)
	at org.apache.ratis.thirdparty.io.netty.channel.nio.NioEventLoop.processSelectedKeysOptimized(NioEventLoop.java:579)
	at org.apache.ratis.thirdparty.io.netty.channel.nio.NioEventLoop.processSelectedKeys(NioEventLoop.java:496)
	at org.apache.ratis.thirdparty.io.netty.channel.nio.NioEventLoop.run(NioEventLoop.java:458)
	at org.apache.ratis.thirdparty.io.netty.util.concurrent.SingleThreadEventExecutor$5.run(SingleThreadEventExecutor.java:897)
	at org.apache.ratis.thirdparty.io.netty.util.concurrent.FastThreadLocalRunnable.run(FastThreadLocalRunnable.java:30)
	... 1 more
Caused by: java.net.ConnectException: Connection refused
	... 11 more
2019-09-28 05:42:47,000 [grpc-default-executor-5] INFO  impl.RaftServerImpl (ServerState.java:setLeader(253)) - 2ea96f30-9ef7-4b6e-b81e-9105b046548f@group-CC46C90614D8: change Leader from f96c6bb0-35cd-4680-b916-87cea356f4b5 to null at term 2 for updateCurrentTerm
2019-09-28 05:42:47,000 [grpc-default-executor-5] INFO  impl.RaftServerImpl (RaftServerImpl.java:setRole(174)) - 2ea96f30-9ef7-4b6e-b81e-9105b046548f@group-CC46C90614D8: changes role from  FOLLOWER to FOLLOWER at term 2 for recognizeCandidate:655b5729-6a0f-4a94-81c6-8a03f37304c4
2019-09-28 05:42:47,000 [grpc-default-executor-5] INFO  impl.RoleInfo (RoleInfo.java:shutdownFollowerState(121)) - 2ea96f30-9ef7-4b6e-b81e-9105b046548f: shutdown FollowerState
2019-09-28 05:42:47,000 [grpc-default-executor-5] INFO  impl.RoleInfo (RoleInfo.java:updateAndGet(143)) - 2ea96f30-9ef7-4b6e-b81e-9105b046548f: start FollowerState
2019-09-28 05:42:47,000 [Thread-865] INFO  impl.FollowerState (FollowerState.java:run(115)) - 2ea96f30-9ef7-4b6e-b81e-9105b046548f: FollowerState was interrupted: java.lang.InterruptedException: sleep interrupted
2019-09-28 05:42:47,036 [655b5729-6a0f-4a94-81c6-8a03f37304c4@group-CC46C90614D8:LeaderElection35] INFO  impl.LeaderElection (LeaderElection.java:logAndReturn(56)) - 655b5729-6a0f-4a94-81c6-8a03f37304c4@group-CC46C90614D8:LeaderElection35: Election PASSED; received 1 response(s) [655b5729-6a0f-4a94-81c6-8a03f37304c4<-2ea96f30-9ef7-4b6e-b81e-9105b046548f#0:OK-t2] and 1 exception(s); 655b5729-6a0f-4a94-81c6-8a03f37304c4@group-CC46C90614D8:t2, leader=null, voted=655b5729-6a0f-4a94-81c6-8a03f37304c4, raftlog=655b5729-6a0f-4a94-81c6-8a03f37304c4@group-CC46C90614D8-SegmentedRaftLog:OPENED:c8,f8,i8, conf=0: [f96c6bb0-35cd-4680-b916-87cea356f4b5:192.168.30.51:35895, 2ea96f30-9ef7-4b6e-b81e-9105b046548f:192.168.30.51:38778, 655b5729-6a0f-4a94-81c6-8a03f37304c4:192.168.30.51:41755], old=null
2019-09-28 05:42:47,036 [655b5729-6a0f-4a94-81c6-8a03f37304c4@group-CC46C90614D8:LeaderElection35] INFO  impl.LeaderElection (LogUtils.java:infoOrTrace(149)) -   Exception 0: {}
java.util.concurrent.ExecutionException: org.apache.ratis.thirdparty.io.grpc.StatusRuntimeException: UNAVAILABLE: io exception
	at java.util.concurrent.FutureTask.report(FutureTask.java:122)
	at java.util.concurrent.FutureTask.get(FutureTask.java:192)
	at org.apache.ratis.server.impl.LeaderElection.waitForResults(LeaderElection.java:263)
	at org.apache.ratis.server.impl.LeaderElection.askForVotes(LeaderElection.java:201)
	at org.apache.ratis.server.impl.LeaderElection.run(LeaderElection.java:133)
	at java.lang.Thread.run(Thread.java:748)
Caused by: org.apache.ratis.thirdparty.io.grpc.StatusRuntimeException: UNAVAILABLE: io exception
	at org.apache.ratis.thirdparty.io.grpc.stub.ClientCalls.toStatusRuntimeException(ClientCalls.java:233)
	at org.apache.ratis.thirdparty.io.grpc.stub.ClientCalls.getUnchecked(ClientCalls.java:214)
	at org.apache.ratis.thirdparty.io.grpc.stub.ClientCalls.blockingUnaryCall(ClientCalls.java:139)
	at org.apache.ratis.proto.grpc.RaftServerProtocolServiceGrpc$RaftServerProtocolServiceBlockingStub.requestVote(RaftServerProtocolServiceGrpc.java:265)
	at org.apache.ratis.grpc.server.GrpcServerProtocolClient.requestVote(GrpcServerProtocolClient.java:90)
	at org.apache.ratis.grpc.server.GrpcService.requestVote(GrpcService.java:204)
	at org.apache.ratis.server.impl.LeaderElection.lambda$submitRequests$1(LeaderElection.java:238)
	at java.util.concurrent.FutureTask.run(FutureTask.java:266)
	at java.util.concurrent.Executors$RunnableAdapter.call(Executors.java:511)
	at java.util.concurrent.FutureTask.run(FutureTask.java:266)
	at java.util.concurrent.ThreadPoolExecutor.runWorker(ThreadPoolExecutor.java:1149)
	at java.util.concurrent.ThreadPoolExecutor$Worker.run(ThreadPoolExecutor.java:624)
	... 1 more
Caused by: org.apache.ratis.thirdparty.io.netty.channel.AbstractChannel$AnnotatedConnectException: Connection refused: /192.168.30.51:35895
	at sun.nio.ch.SocketChannelImpl.checkConnect(Native Method)
	at sun.nio.ch.SocketChannelImpl.finishConnect(SocketChannelImpl.java:717)
	at org.apache.ratis.thirdparty.io.netty.channel.socket.nio.NioSocketChannel.doFinishConnect(NioSocketChannel.java:327)
	at org.apache.ratis.thirdparty.io.netty.channel.nio.AbstractNioChannel$AbstractNioUnsafe.finishConnect(AbstractNioChannel.java:340)
	at org.apache.ratis.thirdparty.io.netty.channel.nio.NioEventLoop.processSelectedKey(NioEventLoop.java:632)
	at org.apache.ratis.thirdparty.io.netty.channel.nio.NioEventLoop.processSelectedKeysOptimized(NioEventLoop.java:579)
	at org.apache.ratis.thirdparty.io.netty.channel.nio.NioEventLoop.processSelectedKeys(NioEventLoop.java:496)
	at org.apache.ratis.thirdparty.io.netty.channel.nio.NioEventLoop.run(NioEventLoop.java:458)
	at org.apache.ratis.thirdparty.io.netty.util.concurrent.SingleThreadEventExecutor$5.run(SingleThreadEventExecutor.java:897)
	at org.apache.ratis.thirdparty.io.netty.util.concurrent.FastThreadLocalRunnable.run(FastThreadLocalRunnable.java:30)
	... 1 more
Caused by: java.net.ConnectException: Connection refused
	... 11 more
2019-09-28 05:42:47,037 [655b5729-6a0f-4a94-81c6-8a03f37304c4@group-CC46C90614D8:LeaderElection35] INFO  impl.RoleInfo (RoleInfo.java:shutdownLeaderElection(134)) - 655b5729-6a0f-4a94-81c6-8a03f37304c4: shutdown LeaderElection
2019-09-28 05:42:47,037 [655b5729-6a0f-4a94-81c6-8a03f37304c4@group-CC46C90614D8:LeaderElection35] INFO  impl.RaftServerImpl (RaftServerImpl.java:setRole(174)) - 655b5729-6a0f-4a94-81c6-8a03f37304c4@group-CC46C90614D8: changes role from CANDIDATE to LEADER at term 2 for changeToLeader
2019-09-28 05:42:47,037 [655b5729-6a0f-4a94-81c6-8a03f37304c4@group-CC46C90614D8:LeaderElection35] INFO  impl.RaftServerImpl (ServerState.java:setLeader(253)) - 655b5729-6a0f-4a94-81c6-8a03f37304c4@group-CC46C90614D8: change Leader from null to 655b5729-6a0f-4a94-81c6-8a03f37304c4 at term 2 for becomeLeader, leader elected after 65ms
2019-09-28 05:42:47,037 [655b5729-6a0f-4a94-81c6-8a03f37304c4@group-CC46C90614D8:LeaderElection35] INFO  server.RaftServerConfigKeys (ConfUtils.java:logGet(43)) - raft.server.staging.catchup.gap = 1000 (default)
2019-09-28 05:42:47,038 [655b5729-6a0f-4a94-81c6-8a03f37304c4@group-CC46C90614D8:LeaderElection35] INFO  server.RaftServerConfigKeys (ConfUtils.java:logGet(43)) - raft.server.rpc.sleep.time = 25ms (default)
2019-09-28 05:42:47,038 [655b5729-6a0f-4a94-81c6-8a03f37304c4@group-CC46C90614D8:LeaderElection35] INFO  server.RaftServerConfigKeys (ConfUtils.java:logGet(43)) - raft.server.write.element-limit = 4096 (default)
2019-09-28 05:42:47,038 [655b5729-6a0f-4a94-81c6-8a03f37304c4@group-CC46C90614D8:LeaderElection35] INFO  server.RaftServerConfigKeys (ConfUtils.java:logGet(43)) - raft.server.watch.timeout = 10s (default)
2019-09-28 05:42:47,038 [655b5729-6a0f-4a94-81c6-8a03f37304c4@group-CC46C90614D8:LeaderElection35] INFO  server.RaftServerConfigKeys (ConfUtils.java:logGet(43)) - raft.server.watch.timeout.denomination = 1s (default)
2019-09-28 05:42:47,038 [655b5729-6a0f-4a94-81c6-8a03f37304c4@group-CC46C90614D8:LeaderElection35] INFO  server.RaftServerConfigKeys (ConfUtils.java:logGet(43)) - raft.server.watch.element-limit = 65536 (default)
2019-09-28 05:42:47,041 [655b5729-6a0f-4a94-81c6-8a03f37304c4@group-CC46C90614D8:LeaderElection35] INFO  server.RaftServerConfigKeys (ConfUtils.java:logGet(43)) - raft.server.log.appender.snapshot.chunk.size.max = 16MB (=16777216) (default)
2019-09-28 05:42:47,042 [655b5729-6a0f-4a94-81c6-8a03f37304c4@group-CC46C90614D8:LeaderElection35] INFO  server.RaftServerConfigKeys (ConfUtils.java:logGet(43)) - raft.server.log.appender.buffer.byte-limit = 33554432 (custom)
2019-09-28 05:42:47,042 [655b5729-6a0f-4a94-81c6-8a03f37304c4@group-CC46C90614D8:LeaderElection35] INFO  server.RaftServerConfigKeys (ConfUtils.java:logGet(43)) - raft.server.log.appender.buffer.element-limit = 1 (custom)
2019-09-28 05:42:47,042 [655b5729-6a0f-4a94-81c6-8a03f37304c4@group-CC46C90614D8:LeaderElection35] INFO  grpc.GrpcConfigKeys$Server (ConfUtils.java:logGet(43)) - raft.grpc.server.leader.outstanding.appends.max = 128 (default)
2019-09-28 05:42:47,042 [655b5729-6a0f-4a94-81c6-8a03f37304c4@group-CC46C90614D8:LeaderElection35] INFO  server.RaftServerConfigKeys (ConfUtils.java:logGet(43)) - raft.server.rpc.request.timeout = 3000ms (default)
2019-09-28 05:42:47,042 [655b5729-6a0f-4a94-81c6-8a03f37304c4@group-CC46C90614D8:LeaderElection35] INFO  server.RaftServerConfigKeys (ConfUtils.java:logGet(43)) - raft.server.log.appender.install.snapshot.enabled = false (custom)
2019-09-28 05:42:47,043 [655b5729-6a0f-4a94-81c6-8a03f37304c4@group-CC46C90614D8:LeaderElection35] INFO  server.RaftServerConfigKeys (ConfUtils.java:logGet(43)) - raft.server.log.appender.snapshot.chunk.size.max = 16MB (=16777216) (default)
2019-09-28 05:42:47,043 [655b5729-6a0f-4a94-81c6-8a03f37304c4@group-CC46C90614D8:LeaderElection35] INFO  server.RaftServerConfigKeys (ConfUtils.java:logGet(43)) - raft.server.log.appender.buffer.byte-limit = 33554432 (custom)
2019-09-28 05:42:47,043 [655b5729-6a0f-4a94-81c6-8a03f37304c4@group-CC46C90614D8:LeaderElection35] INFO  server.RaftServerConfigKeys (ConfUtils.java:logGet(43)) - raft.server.log.appender.buffer.element-limit = 1 (custom)
2019-09-28 05:42:47,043 [655b5729-6a0f-4a94-81c6-8a03f37304c4@group-CC46C90614D8:LeaderElection35] INFO  grpc.GrpcConfigKeys$Server (ConfUtils.java:logGet(43)) - raft.grpc.server.leader.outstanding.appends.max = 128 (default)
2019-09-28 05:42:47,043 [655b5729-6a0f-4a94-81c6-8a03f37304c4@group-CC46C90614D8:LeaderElection35] INFO  server.RaftServerConfigKeys (ConfUtils.java:logGet(43)) - raft.server.rpc.request.timeout = 3000ms (default)
2019-09-28 05:42:47,043 [655b5729-6a0f-4a94-81c6-8a03f37304c4@group-CC46C90614D8:LeaderElection35] INFO  server.RaftServerConfigKeys (ConfUtils.java:logGet(43)) - raft.server.log.appender.install.snapshot.enabled = false (custom)
2019-09-28 05:42:47,044 [655b5729-6a0f-4a94-81c6-8a03f37304c4@group-CC46C90614D8:LeaderElection35] INFO  impl.RoleInfo (RoleInfo.java:updateAndGet(143)) - 655b5729-6a0f-4a94-81c6-8a03f37304c4: start LeaderState
2019-09-28 05:42:47,045 [655b5729-6a0f-4a94-81c6-8a03f37304c4@group-CC46C90614D8:LeaderElection35] INFO  segmented.SegmentedRaftLogWorker (SegmentedRaftLogWorker.java:rollLogSegment(385)) - 655b5729-6a0f-4a94-81c6-8a03f37304c4@group-CC46C90614D8-SegmentedRaftLogWorker: Rolling segment log-0_8 to index:8
2019-09-28 05:42:47,047 [655b5729-6a0f-4a94-81c6-8a03f37304c4@group-CC46C90614D8:LeaderElection35] INFO  impl.RaftServerImpl (ServerState.java:setRaftConf(354)) - 655b5729-6a0f-4a94-81c6-8a03f37304c4@group-CC46C90614D8: set configuration 9: [f96c6bb0-35cd-4680-b916-87cea356f4b5:192.168.30.51:35895, 2ea96f30-9ef7-4b6e-b81e-9105b046548f:192.168.30.51:38778, 655b5729-6a0f-4a94-81c6-8a03f37304c4:192.168.30.51:41755], old=null at 9
2019-09-28 05:42:47,048 [grpc-default-executor-5] WARN  server.GrpcLogAppender (LogUtils.java:warn(134)) - 655b5729-6a0f-4a94-81c6-8a03f37304c4@group-CC46C90614D8->f96c6bb0-35cd-4680-b916-87cea356f4b5-AppendLogResponseHandler: Failed appendEntries: org.apache.ratis.thirdparty.io.grpc.StatusRuntimeException: UNAVAILABLE: io exception
2019-09-28 05:42:47,050 [grpc-default-executor-5] INFO  impl.FollowerInfo (FollowerInfo.java:lambda$new$0(51)) - 655b5729-6a0f-4a94-81c6-8a03f37304c4@group-CC46C90614D8->f96c6bb0-35cd-4680-b916-87cea356f4b5: nextIndex: updateUnconditionally 9 -> 1
2019-09-28 05:42:47,051 [grpc-default-executor-5] INFO  impl.RaftServerImpl (ServerState.java:setLeader(253)) - 2ea96f30-9ef7-4b6e-b81e-9105b046548f@group-CC46C90614D8: change Leader from null to 655b5729-6a0f-4a94-81c6-8a03f37304c4 at term 2 for appendEntries, leader elected after 50ms
2019-09-28 05:42:47,052 [655b5729-6a0f-4a94-81c6-8a03f37304c4@group-CC46C90614D8-SegmentedRaftLogWorker] INFO  segmented.SegmentedRaftLogWorker (SegmentedRaftLogWorker.java:execute(526)) - 655b5729-6a0f-4a94-81c6-8a03f37304c4@group-CC46C90614D8-SegmentedRaftLogWorker: Rolled log segment from /workdir/hadoop-ozone/integration-test/target/test-dir/MiniOzoneClusterImpl-cf793505-16a9-45eb-82c7-0f4c7e523749/datanode-6/data/ratis/b0e6411e-8048-4947-ac72-cc46c90614d8/current/log_inprogress_0 to /workdir/hadoop-ozone/integration-test/target/test-dir/MiniOzoneClusterImpl-cf793505-16a9-45eb-82c7-0f4c7e523749/datanode-6/data/ratis/b0e6411e-8048-4947-ac72-cc46c90614d8/current/log_0-8
2019-09-28 05:42:47,054 [grpc-default-executor-5] INFO  impl.RaftServerImpl (ServerState.java:setRaftConf(354)) - 2ea96f30-9ef7-4b6e-b81e-9105b046548f@group-CC46C90614D8: set configuration 9: [f96c6bb0-35cd-4680-b916-87cea356f4b5:192.168.30.51:35895, 2ea96f30-9ef7-4b6e-b81e-9105b046548f:192.168.30.51:38778, 655b5729-6a0f-4a94-81c6-8a03f37304c4:192.168.30.51:41755], old=null at 9
2019-09-28 05:42:47,054 [grpc-default-executor-5] INFO  segmented.SegmentedRaftLogWorker (SegmentedRaftLogWorker.java:rollLogSegment(385)) - 2ea96f30-9ef7-4b6e-b81e-9105b046548f@group-CC46C90614D8-SegmentedRaftLogWorker: Rolling segment log-0_8 to index:8
2019-09-28 05:42:47,055 [2ea96f30-9ef7-4b6e-b81e-9105b046548f@group-CC46C90614D8-SegmentedRaftLogWorker] INFO  segmented.SegmentedRaftLogWorker (SegmentedRaftLogWorker.java:execute(526)) - 2ea96f30-9ef7-4b6e-b81e-9105b046548f@group-CC46C90614D8-SegmentedRaftLogWorker: Rolled log segment from /workdir/hadoop-ozone/integration-test/target/test-dir/MiniOzoneClusterImpl-cf793505-16a9-45eb-82c7-0f4c7e523749/datanode-5/data/ratis/b0e6411e-8048-4947-ac72-cc46c90614d8/current/log_inprogress_0 to /workdir/hadoop-ozone/integration-test/target/test-dir/MiniOzoneClusterImpl-cf793505-16a9-45eb-82c7-0f4c7e523749/datanode-5/data/ratis/b0e6411e-8048-4947-ac72-cc46c90614d8/current/log_0-8
2019-09-28 05:42:47,103 [655b5729-6a0f-4a94-81c6-8a03f37304c4@group-CC46C90614D8-SegmentedRaftLogWorker] INFO  segmented.SegmentedRaftLogWorker (SegmentedRaftLogWorker.java:execute(569)) - 655b5729-6a0f-4a94-81c6-8a03f37304c4@group-CC46C90614D8-SegmentedRaftLogWorker: created new log segment /workdir/hadoop-ozone/integration-test/target/test-dir/MiniOzoneClusterImpl-cf793505-16a9-45eb-82c7-0f4c7e523749/datanode-6/data/ratis/b0e6411e-8048-4947-ac72-cc46c90614d8/current/log_inprogress_9
2019-09-28 05:42:47,137 [2ea96f30-9ef7-4b6e-b81e-9105b046548f@group-CC46C90614D8-SegmentedRaftLogWorker] INFO  segmented.SegmentedRaftLogWorker (SegmentedRaftLogWorker.java:execute(569)) - 2ea96f30-9ef7-4b6e-b81e-9105b046548f@group-CC46C90614D8-SegmentedRaftLogWorker: created new log segment /workdir/hadoop-ozone/integration-test/target/test-dir/MiniOzoneClusterImpl-cf793505-16a9-45eb-82c7-0f4c7e523749/datanode-5/data/ratis/b0e6411e-8048-4947-ac72-cc46c90614d8/current/log_inprogress_9
2019-09-28 05:42:47,208 [grpc-default-executor-6] WARN  server.GrpcLogAppender (LogUtils.java:warn(134)) - 655b5729-6a0f-4a94-81c6-8a03f37304c4@group-CC46C90614D8->f96c6bb0-35cd-4680-b916-87cea356f4b5-AppendLogResponseHandler: Failed appendEntries: org.apache.ratis.thirdparty.io.grpc.StatusRuntimeException: UNAVAILABLE: io exception
2019-09-28 05:42:47,208 [grpc-default-executor-6] INFO  impl.FollowerInfo (FollowerInfo.java:lambda$new$0(51)) - 655b5729-6a0f-4a94-81c6-8a03f37304c4@group-CC46C90614D8->f96c6bb0-35cd-4680-b916-87cea356f4b5: nextIndex: updateUnconditionally 2 -> 1
2019-09-28 05:42:47,213 [grpc-default-executor-3] WARN  server.GrpcLogAppender (LogUtils.java:warn(134)) - 655b5729-6a0f-4a94-81c6-8a03f37304c4@group-CC46C90614D8->f96c6bb0-35cd-4680-b916-87cea356f4b5-AppendLogResponseHandler: Failed appendEntries: org.apache.ratis.thirdparty.io.grpc.StatusRuntimeException: UNAVAILABLE: io exception
2019-09-28 05:42:47,213 [grpc-default-executor-3] INFO  impl.FollowerInfo (FollowerInfo.java:lambda$new$0(51)) - 655b5729-6a0f-4a94-81c6-8a03f37304c4@group-CC46C90614D8->f96c6bb0-35cd-4680-b916-87cea356f4b5: nextIndex: updateUnconditionally 2 -> 1
2019-09-28 05:42:48,658 [ForkJoinPool.commonPool-worker-1] INFO  ozoneimpl.OzoneContainer (OzoneContainer.java:stop(231)) - Attempting to stop container services.
2019-09-28 05:42:48,658 [ForkJoinPool.commonPool-worker-1] INFO  impl.RaftServerProxy (RaftServerProxy.java:lambda$close$4(314)) - 38e8276b-0564-4e1c-b20d-cf8d8fcd5643: close
2019-09-28 05:42:48,659 [ForkJoinPool.commonPool-worker-1] INFO  impl.RaftServerImpl (RaftServerImpl.java:lambda$shutdown$3(251)) - 38e8276b-0564-4e1c-b20d-cf8d8fcd5643@group-061CCE0C3C63: shutdown
2019-09-28 05:42:48,659 [ForkJoinPool.commonPool-worker-1] INFO  util.JmxRegister (JmxRegister.java:unregister(73)) - Successfully un-registered JMX Bean with object name Ratis:service=RaftServer,group=group-061CCE0C3C63,id=38e8276b-0564-4e1c-b20d-cf8d8fcd5643
2019-09-28 05:42:48,659 [ForkJoinPool.commonPool-worker-1] INFO  impl.RoleInfo (RoleInfo.java:shutdownFollowerState(121)) - 38e8276b-0564-4e1c-b20d-cf8d8fcd5643: shutdown FollowerState
2019-09-28 05:42:48,660 [ForkJoinPool.commonPool-worker-1] INFO  impl.StateMachineUpdater (StateMachineUpdater.java:stopAndJoin(125)) - 38e8276b-0564-4e1c-b20d-cf8d8fcd5643@group-061CCE0C3C63-StateMachineUpdater: set stopIndex = 0
2019-09-28 05:42:48,660 [Thread-1433] INFO  impl.FollowerState (FollowerState.java:run(115)) - 38e8276b-0564-4e1c-b20d-cf8d8fcd5643: FollowerState was interrupted: java.lang.InterruptedException: sleep interrupted
2019-09-28 05:42:48,660 [ForkJoinPool.commonPool-worker-1] INFO  impl.RaftServerImpl (ServerState.java:close(385)) - 38e8276b-0564-4e1c-b20d-cf8d8fcd5643@group-061CCE0C3C63: closes. applyIndex: 0
2019-09-28 05:42:48,661 [38e8276b-0564-4e1c-b20d-cf8d8fcd5643@group-061CCE0C3C63-SegmentedRaftLogWorker] INFO  segmented.SegmentedRaftLogWorker (SegmentedRaftLogWorker.java:run(313)) - 38e8276b-0564-4e1c-b20d-cf8d8fcd5643@group-061CCE0C3C63-SegmentedRaftLogWorker was interrupted, exiting. There are 0 tasks remaining in the queue.
2019-09-28 05:42:48,663 [ForkJoinPool.commonPool-worker-1] INFO  segmented.SegmentedRaftLogWorker (SegmentedRaftLogWorker.java:close(228)) - 38e8276b-0564-4e1c-b20d-cf8d8fcd5643@group-061CCE0C3C63-SegmentedRaftLogWorker close()
2019-09-28 05:42:48,665 [ForkJoinPool.commonPool-worker-1] INFO  impl.RaftServerImpl (RaftServerImpl.java:lambda$shutdown$3(251)) - 38e8276b-0564-4e1c-b20d-cf8d8fcd5643@group-27C14AB242F6: shutdown
2019-09-28 05:42:48,665 [ForkJoinPool.commonPool-worker-1] INFO  util.JmxRegister (JmxRegister.java:unregister(73)) - Successfully un-registered JMX Bean with object name Ratis:service=RaftServer,group=group-27C14AB242F6,id=38e8276b-0564-4e1c-b20d-cf8d8fcd5643
2019-09-28 05:42:48,665 [ForkJoinPool.commonPool-worker-1] INFO  impl.RoleInfo (RoleInfo.java:shutdownLeaderState(104)) - 38e8276b-0564-4e1c-b20d-cf8d8fcd5643: shutdown LeaderState
2019-09-28 05:42:48,666 [ForkJoinPool.commonPool-worker-1] INFO  impl.PendingRequests (PendingRequests.java:sendNotLeaderResponses(202)) - 38e8276b-0564-4e1c-b20d-cf8d8fcd5643-PendingRequests: sendNotLeaderResponses
2019-09-28 05:42:48,666 [ForkJoinPool.commonPool-worker-1] INFO  impl.StateMachineUpdater (StateMachineUpdater.java:stopAndJoin(125)) - 38e8276b-0564-4e1c-b20d-cf8d8fcd5643@group-27C14AB242F6-StateMachineUpdater: set stopIndex = 0
2019-09-28 05:42:48,666 [ForkJoinPool.commonPool-worker-1] INFO  impl.RaftServerImpl (ServerState.java:close(385)) - 38e8276b-0564-4e1c-b20d-cf8d8fcd5643@group-27C14AB242F6: closes. applyIndex: 0
2019-09-28 05:42:48,667 [38e8276b-0564-4e1c-b20d-cf8d8fcd5643@group-27C14AB242F6-SegmentedRaftLogWorker] INFO  segmented.SegmentedRaftLogWorker (SegmentedRaftLogWorker.java:run(313)) - 38e8276b-0564-4e1c-b20d-cf8d8fcd5643@group-27C14AB242F6-SegmentedRaftLogWorker was interrupted, exiting. There are 0 tasks remaining in the queue.
2019-09-28 05:42:48,673 [ForkJoinPool.commonPool-worker-1] INFO  segmented.SegmentedRaftLogWorker (SegmentedRaftLogWorker.java:close(228)) - 38e8276b-0564-4e1c-b20d-cf8d8fcd5643@group-27C14AB242F6-SegmentedRaftLogWorker close()
2019-09-28 05:42:48,675 [ForkJoinPool.commonPool-worker-1] INFO  server.GrpcService (GrpcService.java:closeImpl(164)) - 38e8276b-0564-4e1c-b20d-cf8d8fcd5643: shutdown server with port 42822 now
2019-09-28 05:42:48,675 [ForkJoinPool.commonPool-worker-1] INFO  server.GrpcService (GrpcService.java:closeImpl(172)) - 38e8276b-0564-4e1c-b20d-cf8d8fcd5643: shutdown server with port 42822 successfully
2019-09-28 05:42:48,680 [refreshUsed-/workdir/hadoop-ozone/integration-test/target/test-dir/MiniOzoneClusterImpl-cf793505-16a9-45eb-82c7-0f4c7e523749/datanode-0/data/containers] WARN  fs.CachingGetSpaceUsed (CachingGetSpaceUsed.java:run(183)) - Thread Interrupted waiting to refresh disk information: sleep interrupted
2019-09-28 05:42:48,689 [main] INFO  ozoneimpl.OzoneContainer (OzoneContainer.java:stop(231)) - Attempting to stop container services.
2019-09-28 05:42:48,689 [main] INFO  impl.RaftServerProxy (RaftServerProxy.java:lambda$close$4(314)) - 655b5729-6a0f-4a94-81c6-8a03f37304c4: close
2019-09-28 05:42:48,689 [main] INFO  impl.RaftServerImpl (RaftServerImpl.java:lambda$shutdown$3(251)) - 655b5729-6a0f-4a94-81c6-8a03f37304c4@group-CC46C90614D8: shutdown
2019-09-28 05:42:48,690 [main] INFO  util.JmxRegister (JmxRegister.java:unregister(73)) - Successfully un-registered JMX Bean with object name Ratis:service=RaftServer,group=group-CC46C90614D8,id=655b5729-6a0f-4a94-81c6-8a03f37304c4
2019-09-28 05:42:48,690 [main] INFO  impl.RoleInfo (RoleInfo.java:shutdownLeaderState(104)) - 655b5729-6a0f-4a94-81c6-8a03f37304c4: shutdown LeaderState
2019-09-28 05:42:48,692 [main] INFO  impl.PendingRequests (PendingRequests.java:sendNotLeaderResponses(202)) - 655b5729-6a0f-4a94-81c6-8a03f37304c4-PendingRequests: sendNotLeaderResponses
2019-09-28 05:42:48,692 [org.apache.ratis.server.impl.LogAppender$AppenderDaemon$$Lambda$509/1819380441@21817ede] WARN  server.GrpcLogAppender (GrpcLogAppender.java:mayWait(143)) - 655b5729-6a0f-4a94-81c6-8a03f37304c4@group-CC46C90614D8->2ea96f30-9ef7-4b6e-b81e-9105b046548f-GrpcLogAppender: Wait interrupted by java.lang.InterruptedException
2019-09-28 05:42:48,692 [org.apache.ratis.server.impl.LogAppender$AppenderDaemon$$Lambda$509/1819380441@53a0b40e] WARN  server.GrpcLogAppender (GrpcLogAppender.java:mayWait(143)) - 655b5729-6a0f-4a94-81c6-8a03f37304c4@group-CC46C90614D8->f96c6bb0-35cd-4680-b916-87cea356f4b5-GrpcLogAppender: Wait interrupted by java.lang.InterruptedException
2019-09-28 05:42:48,693 [main] INFO  impl.StateMachineUpdater (StateMachineUpdater.java:stopAndJoin(125)) - 655b5729-6a0f-4a94-81c6-8a03f37304c4@group-CC46C90614D8-StateMachineUpdater: set stopIndex = 10
2019-09-28 05:42:48,693 [655b5729-6a0f-4a94-81c6-8a03f37304c4@group-CC46C90614D8-StateMachineUpdater] INFO  ratis.ContainerStateMachine (ContainerStateMachine.java:takeSnapshot(289)) - group-CC46C90614D8: Taking a snapshot at:(t:1, i:6) file /workdir/hadoop-ozone/integration-test/target/test-dir/MiniOzoneClusterImpl-cf793505-16a9-45eb-82c7-0f4c7e523749/datanode-6/data/ratis/b0e6411e-8048-4947-ac72-cc46c90614d8/sm/snapshot.1_6
2019-09-28 05:42:48,694 [grpc-default-executor-3] INFO  server.GrpcServerProtocolService (GrpcServerProtocolService.java:onCompleted(113)) - 2ea96f30-9ef7-4b6e-b81e-9105b046548f: Completed APPEND_ENTRIES, lastRequest: 655b5729-6a0f-4a94-81c6-8a03f37304c4->2ea96f30-9ef7-4b6e-b81e-9105b046548f#2-t2, previous=(t:2, i:9), leaderCommit=9, initializing? false, entries: size=1, first=(t:2, i:10), METADATAENTRY(c9)
2019-09-28 05:42:48,694 [grpc-default-executor-3] INFO  server.GrpcLogAppender (GrpcLogAppender.java:onCompleted(293)) - 655b5729-6a0f-4a94-81c6-8a03f37304c4@group-CC46C90614D8->2ea96f30-9ef7-4b6e-b81e-9105b046548f-AppendLogResponseHandler: follower responses appendEntries COMPLETED
2019-09-28 05:42:48,694 [grpc-default-executor-3] INFO  impl.FollowerInfo (FollowerInfo.java:lambda$new$0(51)) - 655b5729-6a0f-4a94-81c6-8a03f37304c4@group-CC46C90614D8->2ea96f30-9ef7-4b6e-b81e-9105b046548f: nextIndex: updateUnconditionally 11 -> 10
2019-09-28 05:42:48,700 [ForkJoinPool.commonPool-worker-1] INFO  utils.BackgroundService (BackgroundService.java:shutdown(148)) - Shutting down service BlockDeletingService
2019-09-28 05:42:48,704 [ForkJoinPool.commonPool-worker-1] INFO  statemachine.DatanodeStateMachine (DatanodeStateMachine.java:stopDaemon(395)) - Ozone container server stopped.
2019-09-28 05:42:48,709 [ForkJoinPool.commonPool-worker-1] INFO  handler.ContextHandler (ContextHandler.java:doStop(910)) - Stopped o.e.j.w.WebAppContext@49469ffa{/,null,UNAVAILABLE}{/hddsDatanode}
2019-09-28 05:42:48,710 [ForkJoinPool.commonPool-worker-1] INFO  server.AbstractConnector (AbstractConnector.java:doStop(318)) - Stopped ServerConnector@4d9754a8{HTTP/1.1,[http/1.1]}{0.0.0.0:0}
2019-09-28 05:42:48,711 [ForkJoinPool.commonPool-worker-1] INFO  handler.ContextHandler (ContextHandler.java:doStop(910)) - Stopped o.e.j.s.ServletContextHandler@2577a95d{/static,jar:file:/home/user/.m2/repository/org/apache/hadoop/hadoop-hdds-container-service/0.5.0-SNAPSHOT/hadoop-hdds-container-service-0.5.0-SNAPSHOT.jar!/webapps/static,UNAVAILABLE}
2019-09-28 05:42:48,712 [ForkJoinPool.commonPool-worker-1] INFO  handler.ContextHandler (ContextHandler.java:doStop(910)) - Stopped o.e.j.s.ServletContextHandler@3238e2aa{/logs,file:///workdir/hadoop-ozone/integration-test/target/log,UNAVAILABLE}
2019-09-28 05:42:48,716 [655b5729-6a0f-4a94-81c6-8a03f37304c4@group-CC46C90614D8-StateMachineUpdater] INFO  ratis.ContainerStateMachine (ContainerStateMachine.java:takeSnapshot(300)) - group-CC46C90614D8: Finished taking a snapshot at:(t:1, i:6) file:/workdir/hadoop-ozone/integration-test/target/test-dir/MiniOzoneClusterImpl-cf793505-16a9-45eb-82c7-0f4c7e523749/datanode-6/data/ratis/b0e6411e-8048-4947-ac72-cc46c90614d8/sm/snapshot.1_6 time:23
2019-09-28 05:42:48,716 [655b5729-6a0f-4a94-81c6-8a03f37304c4@group-CC46C90614D8-StateMachineUpdater] INFO  impl.StateMachineUpdater (StateMachineUpdater.java:takeSnapshot(258)) - 655b5729-6a0f-4a94-81c6-8a03f37304c4@group-CC46C90614D8-StateMachineUpdater: Took a snapshot at index 6
2019-09-28 05:42:48,716 [655b5729-6a0f-4a94-81c6-8a03f37304c4@group-CC46C90614D8-StateMachineUpdater] INFO  impl.StateMachineUpdater (StateMachineUpdater.java:lambda$new$0(83)) - 655b5729-6a0f-4a94-81c6-8a03f37304c4@group-CC46C90614D8-StateMachineUpdater: snapshotIndex: updateIncreasingly -1 -> 6
2019-09-28 05:42:48,717 [655b5729-6a0f-4a94-81c6-8a03f37304c4@group-CC46C90614D8-StateMachineUpdater] INFO  ratis.ContainerStateMachine (ContainerStateMachine.java:takeSnapshot(289)) - group-CC46C90614D8: Taking a snapshot at:(t:1, i:6) file /workdir/hadoop-ozone/integration-test/target/test-dir/MiniOzoneClusterImpl-cf793505-16a9-45eb-82c7-0f4c7e523749/datanode-6/data/ratis/b0e6411e-8048-4947-ac72-cc46c90614d8/sm/snapshot.1_6
2019-09-28 05:42:48,733 [655b5729-6a0f-4a94-81c6-8a03f37304c4@group-CC46C90614D8-StateMachineUpdater] INFO  ratis.ContainerStateMachine (ContainerStateMachine.java:takeSnapshot(300)) - group-CC46C90614D8: Finished taking a snapshot at:(t:1, i:6) file:/workdir/hadoop-ozone/integration-test/target/test-dir/MiniOzoneClusterImpl-cf793505-16a9-45eb-82c7-0f4c7e523749/datanode-6/data/ratis/b0e6411e-8048-4947-ac72-cc46c90614d8/sm/snapshot.1_6 time:16
2019-09-28 05:42:48,733 [655b5729-6a0f-4a94-81c6-8a03f37304c4@group-CC46C90614D8-StateMachineUpdater] INFO  impl.StateMachineUpdater (StateMachineUpdater.java:takeSnapshot(258)) - 655b5729-6a0f-4a94-81c6-8a03f37304c4@group-CC46C90614D8-StateMachineUpdater: Took a snapshot at index 6
2019-09-28 05:42:48,733 [655b5729-6a0f-4a94-81c6-8a03f37304c4@group-CC46C90614D8-StateMachineUpdater] INFO  impl.StateMachineUpdater (StateMachineUpdater.java:lambda$new$0(83)) - 655b5729-6a0f-4a94-81c6-8a03f37304c4@group-CC46C90614D8-StateMachineUpdater: snapshotIndex: updateIncreasingly 6 -> 6
2019-09-28 05:42:48,733 [main] INFO  impl.RaftServerImpl (ServerState.java:close(385)) - 655b5729-6a0f-4a94-81c6-8a03f37304c4@group-CC46C90614D8: closes. applyIndex: 10
2019-09-28 05:42:48,734 [655b5729-6a0f-4a94-81c6-8a03f37304c4@group-CC46C90614D8-SegmentedRaftLogWorker] INFO  segmented.SegmentedRaftLogWorker (SegmentedRaftLogWorker.java:run(313)) - 655b5729-6a0f-4a94-81c6-8a03f37304c4@group-CC46C90614D8-SegmentedRaftLogWorker was interrupted, exiting. There are 0 tasks remaining in the queue.
2019-09-28 05:42:48,735 [main] INFO  segmented.SegmentedRaftLogWorker (SegmentedRaftLogWorker.java:close(228)) - 655b5729-6a0f-4a94-81c6-8a03f37304c4@group-CC46C90614D8-SegmentedRaftLogWorker close()
2019-09-28 05:42:48,738 [main] INFO  impl.RaftServerImpl (RaftServerImpl.java:lambda$shutdown$3(251)) - 655b5729-6a0f-4a94-81c6-8a03f37304c4@group-E60B44BAE2BF: shutdown
2019-09-28 05:42:48,739 [main] INFO  util.JmxRegister (JmxRegister.java:unregister(73)) - Successfully un-registered JMX Bean with object name Ratis:service=RaftServer,group=group-E60B44BAE2BF,id=655b5729-6a0f-4a94-81c6-8a03f37304c4
2019-09-28 05:42:48,739 [main] INFO  impl.RoleInfo (RoleInfo.java:shutdownLeaderState(104)) - 655b5729-6a0f-4a94-81c6-8a03f37304c4: shutdown LeaderState
2019-09-28 05:42:48,740 [main] INFO  impl.PendingRequests (PendingRequests.java:sendNotLeaderResponses(202)) - 655b5729-6a0f-4a94-81c6-8a03f37304c4-PendingRequests: sendNotLeaderResponses
2019-09-28 05:42:48,740 [main] INFO  impl.StateMachineUpdater (StateMachineUpdater.java:stopAndJoin(125)) - 655b5729-6a0f-4a94-81c6-8a03f37304c4@group-E60B44BAE2BF-StateMachineUpdater: set stopIndex = 0
2019-09-28 05:42:48,740 [main] INFO  impl.RaftServerImpl (ServerState.java:close(385)) - 655b5729-6a0f-4a94-81c6-8a03f37304c4@group-E60B44BAE2BF: closes. applyIndex: 0
2019-09-28 05:42:48,741 [655b5729-6a0f-4a94-81c6-8a03f37304c4@group-E60B44BAE2BF-SegmentedRaftLogWorker] INFO  segmented.SegmentedRaftLogWorker (SegmentedRaftLogWorker.java:run(313)) - 655b5729-6a0f-4a94-81c6-8a03f37304c4@group-E60B44BAE2BF-SegmentedRaftLogWorker was interrupted, exiting. There are 0 tasks remaining in the queue.
2019-09-28 05:42:48,741 [main] INFO  segmented.SegmentedRaftLogWorker (SegmentedRaftLogWorker.java:close(228)) - 655b5729-6a0f-4a94-81c6-8a03f37304c4@group-E60B44BAE2BF-SegmentedRaftLogWorker close()
2019-09-28 05:42:48,741 [main] INFO  server.GrpcService (GrpcService.java:closeImpl(164)) - 655b5729-6a0f-4a94-81c6-8a03f37304c4: shutdown server with port 41755 now
2019-09-28 05:42:48,742 [main] INFO  server.GrpcService (GrpcService.java:closeImpl(172)) - 655b5729-6a0f-4a94-81c6-8a03f37304c4: shutdown server with port 41755 successfully
2019-09-28 05:42:48,743 [refreshUsed-/workdir/hadoop-ozone/integration-test/target/test-dir/MiniOzoneClusterImpl-cf793505-16a9-45eb-82c7-0f4c7e523749/datanode-6/data/containers] WARN  fs.CachingGetSpaceUsed (CachingGetSpaceUsed.java:run(183)) - Thread Interrupted waiting to refresh disk information: sleep interrupted
2019-09-28 05:42:48,756 [main] INFO  utils.BackgroundService (BackgroundService.java:shutdown(148)) - Shutting down service BlockDeletingService
2019-09-28 05:42:48,759 [main] INFO  statemachine.DatanodeStateMachine (DatanodeStateMachine.java:stopDaemon(395)) - Ozone container server stopped.
2019-09-28 05:42:48,760 [main] INFO  handler.ContextHandler (ContextHandler.java:doStop(910)) - Stopped o.e.j.w.WebAppContext@3fa21d49{/,null,UNAVAILABLE}{/hddsDatanode}
2019-09-28 05:42:48,761 [main] INFO  server.AbstractConnector (AbstractConnector.java:doStop(318)) - Stopped ServerConnector@416d56f2{HTTP/1.1,[http/1.1]}{0.0.0.0:0}
2019-09-28 05:42:48,761 [main] INFO  handler.ContextHandler (ContextHandler.java:doStop(910)) - Stopped o.e.j.s.ServletContextHandler@5f5827d0{/static,jar:file:/home/user/.m2/repository/org/apache/hadoop/hadoop-hdds-container-service/0.5.0-SNAPSHOT/hadoop-hdds-container-service-0.5.0-SNAPSHOT.jar!/webapps/static,UNAVAILABLE}
2019-09-28 05:42:48,761 [main] INFO  handler.ContextHandler (ContextHandler.java:doStop(910)) - Stopped o.e.j.s.ServletContextHandler@4e224df5{/logs,file:///workdir/hadoop-ozone/integration-test/target/log,UNAVAILABLE}
2019-09-28 05:42:49,695 [Datanode State Machine Thread - 0] INFO  statemachine.DatanodeStateMachine (DatanodeStateMachine.java:lambda$startDaemon$0(350)) - Ozone container server started.
2019-09-28 05:42:53,714 [ForkJoinPool.commonPool-worker-1] INFO  ozoneimpl.OzoneContainer (OzoneContainer.java:stop(231)) - Attempting to stop container services.
2019-09-28 05:42:53,715 [ForkJoinPool.commonPool-worker-1] INFO  impl.RaftServerProxy (RaftServerProxy.java:lambda$close$4(314)) - 2ea96f30-9ef7-4b6e-b81e-9105b046548f: close
2019-09-28 05:42:53,716 [ForkJoinPool.commonPool-worker-1] INFO  impl.RaftServerImpl (RaftServerImpl.java:lambda$shutdown$3(251)) - 2ea96f30-9ef7-4b6e-b81e-9105b046548f@group-BFF319916E41: shutdown
2019-09-28 05:42:53,716 [ForkJoinPool.commonPool-worker-1] INFO  util.JmxRegister (JmxRegister.java:unregister(73)) - Successfully un-registered JMX Bean with object name Ratis:service=RaftServer,group=group-BFF319916E41,id=2ea96f30-9ef7-4b6e-b81e-9105b046548f
2019-09-28 05:42:53,716 [ForkJoinPool.commonPool-worker-1] INFO  impl.RoleInfo (RoleInfo.java:shutdownLeaderState(104)) - 2ea96f30-9ef7-4b6e-b81e-9105b046548f: shutdown LeaderState
2019-09-28 05:42:53,717 [ForkJoinPool.commonPool-worker-1] INFO  impl.PendingRequests (PendingRequests.java:sendNotLeaderResponses(202)) - 2ea96f30-9ef7-4b6e-b81e-9105b046548f-PendingRequests: sendNotLeaderResponses
2019-09-28 05:42:53,717 [ForkJoinPool.commonPool-worker-1] INFO  impl.StateMachineUpdater (StateMachineUpdater.java:stopAndJoin(125)) - 2ea96f30-9ef7-4b6e-b81e-9105b046548f@group-BFF319916E41-StateMachineUpdater: set stopIndex = 0
2019-09-28 05:42:53,717 [ForkJoinPool.commonPool-worker-1] INFO  impl.RaftServerImpl (ServerState.java:close(385)) - 2ea96f30-9ef7-4b6e-b81e-9105b046548f@group-BFF319916E41: closes. applyIndex: 0
2019-09-28 05:42:53,718 [2ea96f30-9ef7-4b6e-b81e-9105b046548f@group-BFF319916E41-SegmentedRaftLogWorker] INFO  segmented.SegmentedRaftLogWorker (SegmentedRaftLogWorker.java:run(313)) - 2ea96f30-9ef7-4b6e-b81e-9105b046548f@group-BFF319916E41-SegmentedRaftLogWorker was interrupted, exiting. There are 0 tasks remaining in the queue.
2019-09-28 05:42:53,718 [ForkJoinPool.commonPool-worker-1] INFO  segmented.SegmentedRaftLogWorker (SegmentedRaftLogWorker.java:close(228)) - 2ea96f30-9ef7-4b6e-b81e-9105b046548f@group-BFF319916E41-SegmentedRaftLogWorker close()
2019-09-28 05:42:53,719 [ForkJoinPool.commonPool-worker-1] INFO  impl.RaftServerImpl (RaftServerImpl.java:lambda$shutdown$3(251)) - 2ea96f30-9ef7-4b6e-b81e-9105b046548f@group-CC46C90614D8: shutdown
2019-09-28 05:42:53,719 [ForkJoinPool.commonPool-worker-1] INFO  util.JmxRegister (JmxRegister.java:unregister(73)) - Successfully un-registered JMX Bean with object name Ratis:service=RaftServer,group=group-CC46C90614D8,id=2ea96f30-9ef7-4b6e-b81e-9105b046548f
2019-09-28 05:42:53,719 [ForkJoinPool.commonPool-worker-1] INFO  impl.RoleInfo (RoleInfo.java:shutdownFollowerState(121)) - 2ea96f30-9ef7-4b6e-b81e-9105b046548f: shutdown FollowerState
2019-09-28 05:42:53,719 [ForkJoinPool.commonPool-worker-1] INFO  impl.StateMachineUpdater (StateMachineUpdater.java:stopAndJoin(125)) - 2ea96f30-9ef7-4b6e-b81e-9105b046548f@group-CC46C90614D8-StateMachineUpdater: set stopIndex = 9
2019-09-28 05:42:53,719 [2ea96f30-9ef7-4b6e-b81e-9105b046548f@group-CC46C90614D8-StateMachineUpdater] INFO  ratis.ContainerStateMachine (ContainerStateMachine.java:takeSnapshot(289)) - group-CC46C90614D8: Taking a snapshot at:(t:1, i:6) file /workdir/hadoop-ozone/integration-test/target/test-dir/MiniOzoneClusterImpl-cf793505-16a9-45eb-82c7-0f4c7e523749/datanode-5/data/ratis/b0e6411e-8048-4947-ac72-cc46c90614d8/sm/snapshot.1_6
2019-09-28 05:42:53,719 [Thread-1437] INFO  impl.FollowerState (FollowerState.java:run(115)) - 2ea96f30-9ef7-4b6e-b81e-9105b046548f: FollowerState was interrupted: java.lang.InterruptedException: sleep interrupted
2019-09-28 05:42:53,743 [2ea96f30-9ef7-4b6e-b81e-9105b046548f@group-CC46C90614D8-StateMachineUpdater] INFO  ratis.ContainerStateMachine (ContainerStateMachine.java:takeSnapshot(300)) - group-CC46C90614D8: Finished taking a snapshot at:(t:1, i:6) file:/workdir/hadoop-ozone/integration-test/target/test-dir/MiniOzoneClusterImpl-cf793505-16a9-45eb-82c7-0f4c7e523749/datanode-5/data/ratis/b0e6411e-8048-4947-ac72-cc46c90614d8/sm/snapshot.1_6 time:24
2019-09-28 05:42:53,743 [2ea96f30-9ef7-4b6e-b81e-9105b046548f@group-CC46C90614D8-StateMachineUpdater] INFO  impl.StateMachineUpdater (StateMachineUpdater.java:takeSnapshot(258)) - 2ea96f30-9ef7-4b6e-b81e-9105b046548f@group-CC46C90614D8-StateMachineUpdater: Took a snapshot at index 6
2019-09-28 05:42:53,743 [2ea96f30-9ef7-4b6e-b81e-9105b046548f@group-CC46C90614D8-StateMachineUpdater] INFO  impl.StateMachineUpdater (StateMachineUpdater.java:lambda$new$0(83)) - 2ea96f30-9ef7-4b6e-b81e-9105b046548f@group-CC46C90614D8-StateMachineUpdater: snapshotIndex: updateIncreasingly -1 -> 6
2019-09-28 05:42:53,743 [2ea96f30-9ef7-4b6e-b81e-9105b046548f@group-CC46C90614D8-StateMachineUpdater] INFO  ratis.ContainerStateMachine (ContainerStateMachine.java:takeSnapshot(289)) - group-CC46C90614D8: Taking a snapshot at:(t:1, i:6) file /workdir/hadoop-ozone/integration-test/target/test-dir/MiniOzoneClusterImpl-cf793505-16a9-45eb-82c7-0f4c7e523749/datanode-5/data/ratis/b0e6411e-8048-4947-ac72-cc46c90614d8/sm/snapshot.1_6
2019-09-28 05:42:53,770 [2ea96f30-9ef7-4b6e-b81e-9105b046548f@group-CC46C90614D8-StateMachineUpdater] INFO  ratis.ContainerStateMachine (ContainerStateMachine.java:takeSnapshot(300)) - group-CC46C90614D8: Finished taking a snapshot at:(t:1, i:6) file:/workdir/hadoop-ozone/integration-test/target/test-dir/MiniOzoneClusterImpl-cf793505-16a9-45eb-82c7-0f4c7e523749/datanode-5/data/ratis/b0e6411e-8048-4947-ac72-cc46c90614d8/sm/snapshot.1_6 time:27
2019-09-28 05:42:53,770 [2ea96f30-9ef7-4b6e-b81e-9105b046548f@group-CC46C90614D8-StateMachineUpdater] INFO  impl.StateMachineUpdater (StateMachineUpdater.java:takeSnapshot(258)) - 2ea96f30-9ef7-4b6e-b81e-9105b046548f@group-CC46C90614D8-StateMachineUpdater: Took a snapshot at index 6
2019-09-28 05:42:53,770 [2ea96f30-9ef7-4b6e-b81e-9105b046548f@group-CC46C90614D8-StateMachineUpdater] INFO  impl.StateMachineUpdater (StateMachineUpdater.java:lambda$new$0(83)) - 2ea96f30-9ef7-4b6e-b81e-9105b046548f@group-CC46C90614D8-StateMachineUpdater: snapshotIndex: updateIncreasingly 6 -> 6
2019-09-28 05:42:53,770 [ForkJoinPool.commonPool-worker-1] INFO  impl.RaftServerImpl (ServerState.java:close(385)) - 2ea96f30-9ef7-4b6e-b81e-9105b046548f@group-CC46C90614D8: closes. applyIndex: 9
2019-09-28 05:42:53,771 [2ea96f30-9ef7-4b6e-b81e-9105b046548f@group-CC46C90614D8-SegmentedRaftLogWorker] INFO  segmented.SegmentedRaftLogWorker (SegmentedRaftLogWorker.java:run(313)) - 2ea96f30-9ef7-4b6e-b81e-9105b046548f@group-CC46C90614D8-SegmentedRaftLogWorker was interrupted, exiting. There are 0 tasks remaining in the queue.
2019-09-28 05:42:53,771 [ForkJoinPool.commonPool-worker-1] INFO  segmented.SegmentedRaftLogWorker (SegmentedRaftLogWorker.java:close(228)) - 2ea96f30-9ef7-4b6e-b81e-9105b046548f@group-CC46C90614D8-SegmentedRaftLogWorker close()
2019-09-28 05:42:53,771 [ForkJoinPool.commonPool-worker-1] INFO  server.GrpcService (GrpcService.java:closeImpl(164)) - 2ea96f30-9ef7-4b6e-b81e-9105b046548f: shutdown server with port 38778 now
2019-09-28 05:42:53,772 [ForkJoinPool.commonPool-worker-1] INFO  server.GrpcService (GrpcService.java:closeImpl(172)) - 2ea96f30-9ef7-4b6e-b81e-9105b046548f: shutdown server with port 38778 successfully
2019-09-28 05:42:53,777 [refreshUsed-/workdir/hadoop-ozone/integration-test/target/test-dir/MiniOzoneClusterImpl-cf793505-16a9-45eb-82c7-0f4c7e523749/datanode-5/data/containers] WARN  fs.CachingGetSpaceUsed (CachingGetSpaceUsed.java:run(183)) - Thread Interrupted waiting to refresh disk information: sleep interrupted
2019-09-28 05:42:53,789 [ForkJoinPool.commonPool-worker-1] INFO  utils.BackgroundService (BackgroundService.java:shutdown(148)) - Shutting down service BlockDeletingService
2019-09-28 05:42:53,792 [ForkJoinPool.commonPool-worker-1] INFO  statemachine.DatanodeStateMachine (DatanodeStateMachine.java:stopDaemon(395)) - Ozone container server stopped.
2019-09-28 05:42:53,795 [ForkJoinPool.commonPool-worker-1] INFO  handler.ContextHandler (ContextHandler.java:doStop(910)) - Stopped o.e.j.w.WebAppContext@6e60f18{/,null,UNAVAILABLE}{/hddsDatanode}
2019-09-28 05:42:53,796 [ForkJoinPool.commonPool-worker-1] INFO  server.AbstractConnector (AbstractConnector.java:doStop(318)) - Stopped ServerConnector@5cf8676a{HTTP/1.1,[http/1.1]}{0.0.0.0:0}
2019-09-28 05:42:53,798 [ForkJoinPool.commonPool-worker-1] INFO  handler.ContextHandler (ContextHandler.java:doStop(910)) - Stopped o.e.j.s.ServletContextHandler@7e62cfa3{/static,jar:file:/home/user/.m2/repository/org/apache/hadoop/hadoop-hdds-container-service/0.5.0-SNAPSHOT/hadoop-hdds-container-service-0.5.0-SNAPSHOT.jar!/webapps/static,UNAVAILABLE}
2019-09-28 05:42:53,798 [ForkJoinPool.commonPool-worker-1] INFO  handler.ContextHandler (ContextHandler.java:doStop(910)) - Stopped o.e.j.s.ServletContextHandler@23cbbd07{/logs,file:///workdir/hadoop-ozone/integration-test/target/log,UNAVAILABLE}
2019-09-28 05:42:53,799 [main] INFO  ozone.MiniOzoneClusterImpl (MiniOzoneClusterImpl.java:stopSCM(392)) - Stopping the StorageContainerManager
2019-09-28 05:42:53,799 [main] INFO  server.StorageContainerManager (StorageContainerManager.java:stop(808)) - Stopping Replication Manager Service.
2019-09-28 05:42:53,799 [main] INFO  container.ReplicationManager (ReplicationManager.java:stop(203)) - Stopping Replication Monitor Thread.
2019-09-28 05:42:53,800 [main] INFO  server.StorageContainerManager (StorageContainerManager.java:stop(815)) - Stopping Lease Manager of the command watchers
2019-09-28 05:42:53,800 [main] INFO  server.StorageContainerManager (StorageContainerManager.java:stop(822)) - Stopping datanode service RPC server
2019-09-28 05:42:53,800 [main] INFO  server.SCMDatanodeProtocolServer (SCMDatanodeProtocolServer.java:stop(367)) - Stopping the RPC server for DataNodes
2019-09-28 05:42:53,800 [main] INFO  ipc.Server (Server.java:stop(3082)) - Stopping server on 45422
2019-09-28 05:42:53,802 [IPC Server listener on 45422] INFO  ipc.Server (Server.java:run(1185)) - Stopping IPC Server listener on 45422
2019-09-28 05:42:53,802 [IPC Server Responder] INFO  ipc.Server (Server.java:run(1319)) - Stopping IPC Server Responder
2019-09-28 05:42:53,820 [SCM Heartbeat Processing Thread - 0] WARN  node.NodeStateManager (NodeStateManager.java:scheduleNextHealthCheck(646)) - Current Thread is interrupted, shutting down HB processing thread for Node Manager.
2019-09-28 05:42:53,820 [main] INFO  server.StorageContainerManager (StorageContainerManager.java:stop(830)) - Stopping block service RPC server
2019-09-28 05:42:53,820 [main] INFO  server.SCMBlockProtocolServer (SCMBlockProtocolServer.java:stop(155)) - Stopping the RPC server for Block Protocol
2019-09-28 05:42:53,821 [main] INFO  ipc.Server (Server.java:stop(3082)) - Stopping server on 45627
2019-09-28 05:42:53,823 [IPC Server listener on 45627] INFO  ipc.Server (Server.java:run(1185)) - Stopping IPC Server listener on 45627
2019-09-28 05:42:53,823 [main] INFO  server.StorageContainerManager (StorageContainerManager.java:stop(837)) - Stopping the StorageContainerLocationProtocol RPC server
2019-09-28 05:42:53,823 [IPC Server Responder] INFO  ipc.Server (Server.java:run(1319)) - Stopping IPC Server Responder
2019-09-28 05:42:53,824 [main] INFO  server.SCMClientProtocolServer (SCMClientProtocolServer.java:stop(158)) - Stopping the RPC server for Client Protocol
2019-09-28 05:42:53,824 [main] INFO  ipc.Server (Server.java:stop(3082)) - Stopping server on 37108
2019-09-28 05:42:53,826 [IPC Server listener on 37108] INFO  ipc.Server (Server.java:run(1185)) - Stopping IPC Server listener on 37108
2019-09-28 05:42:53,826 [main] INFO  server.StorageContainerManager (StorageContainerManager.java:stop(844)) - Stopping Storage Container Manager HTTP server.
2019-09-28 05:42:53,826 [IPC Server Responder] INFO  ipc.Server (Server.java:run(1319)) - Stopping IPC Server Responder
2019-09-28 05:42:53,827 [main] INFO  handler.ContextHandler (ContextHandler.java:doStop(910)) - Stopped o.e.j.w.WebAppContext@3f598450{/,null,UNAVAILABLE}{/scm}
2019-09-28 05:42:53,827 [main] INFO  server.AbstractConnector (AbstractConnector.java:doStop(318)) - Stopped ServerConnector@2db2a05f{HTTP/1.1,[http/1.1]}{0.0.0.0:0}
2019-09-28 05:42:53,828 [main] INFO  handler.ContextHandler (ContextHandler.java:doStop(910)) - Stopped o.e.j.s.ServletContextHandler@10947c4e{/static,file:///workdir/hadoop-ozone/integration-test/target/test-classes/webapps/static,UNAVAILABLE}
2019-09-28 05:42:53,828 [main] INFO  handler.ContextHandler (ContextHandler.java:doStop(910)) - Stopped o.e.j.s.ServletContextHandler@6d099323{/logs,file:///workdir/hadoop-ozone/integration-test/target/log,UNAVAILABLE}
2019-09-28 05:42:53,828 [main] INFO  server.StorageContainerManager (StorageContainerManager.java:stop(855)) - Stopping Block Manager Service.
2019-09-28 05:42:53,829 [main] INFO  utils.BackgroundService (BackgroundService.java:shutdown(148)) - Shutting down service SCMBlockDeletingService
2019-09-28 05:42:53,829 [main] INFO  utils.BackgroundService (BackgroundService.java:shutdown(148)) - Shutting down service SCMBlockDeletingService
2019-09-28 05:42:53,829 [main] INFO  server.StorageContainerManager (StorageContainerManager.java:stop(877)) - Stopping SCM Event Queue.
2019-09-28 05:42:53,832 [main] INFO  impl.MetricsSystemImpl (MetricsSystemImpl.java:stop(210)) - Stopping HddsDatanode metrics system...
2019-09-28 05:42:53,845 [main] INFO  impl.MetricsSystemImpl (MetricsSystemImpl.java:stop(216)) - HddsDatanode metrics system stopped.
]]></system-out>
  </testcase>
</testsuite>