<?xml version="1.0" encoding="UTF-8"?>
<testsuite xmlns:xsi="http://www.w3.org/2001/XMLSchema-instance" xsi:noNamespaceSchemaLocation="https://maven.apache.org/surefire/maven-surefire-plugin/xsd/surefire-test-report.xsd" name="org.apache.hadoop.fs.ozone.TestOzoneFileInterfaces" time="219.338" tests="12" errors="6" skipped="0" failures="0">
  <properties>
    <property name="awt.toolkit" value="sun.awt.X11.XToolkit"/>
    <property name="file.encoding.pkg" value="sun.io"/>
    <property name="java.specification.version" value="1.8"/>
    <property name="sun.cpu.isalist" value=""/>
    <property name="sun.jnu.encoding" value="UTF-8"/>
    <property name="java.class.path" value="/workdir/hadoop-ozone/ozonefs/target/test-classes:/workdir/hadoop-ozone/ozonefs/target/classes:/home/user/.m2/repository/org/apache/hadoop/hadoop-common/3.2.0/hadoop-common-3.2.0.jar:/home/user/.m2/repository/org/apache/hadoop/hadoop-annotations/3.2.0/hadoop-annotations-3.2.0.jar:/usr/lib/jvm/java-1.8-openjdk/jre/../lib/tools.jar:/home/user/.m2/repository/com/google/guava/guava/11.0.2/guava-11.0.2.jar:/home/user/.m2/repository/commons-cli/commons-cli/1.2/commons-cli-1.2.jar:/home/user/.m2/repository/org/apache/commons/commons-math3/3.1.1/commons-math3-3.1.1.jar:/home/user/.m2/repository/commons-codec/commons-codec/1.11/commons-codec-1.11.jar:/home/user/.m2/repository/commons-io/commons-io/2.5/commons-io-2.5.jar:/home/user/.m2/repository/commons-net/commons-net/3.6/commons-net-3.6.jar:/home/user/.m2/repository/commons-collections/commons-collections/3.2.2/commons-collections-3.2.2.jar:/home/user/.m2/repository/javax/servlet/javax.servlet-api/3.1.0/javax.servlet-api-3.1.0.jar:/home/user/.m2/repository/org/eclipse/jetty/jetty-server/9.3.25.v20180904/jetty-server-9.3.25.v20180904.jar:/home/user/.m2/repository/org/eclipse/jetty/jetty-http/9.3.25.v20180904/jetty-http-9.3.25.v20180904.jar:/home/user/.m2/repository/org/eclipse/jetty/jetty-io/9.3.25.v20180904/jetty-io-9.3.25.v20180904.jar:/home/user/.m2/repository/org/eclipse/jetty/jetty-util/9.3.25.v20180904/jetty-util-9.3.25.v20180904.jar:/home/user/.m2/repository/org/eclipse/jetty/jetty-servlet/9.3.25.v20180904/jetty-servlet-9.3.25.v20180904.jar:/home/user/.m2/repository/org/eclipse/jetty/jetty-security/9.3.25.v20180904/jetty-security-9.3.25.v20180904.jar:/home/user/.m2/repository/org/eclipse/jetty/jetty-webapp/9.3.25.v20180904/jetty-webapp-9.3.25.v20180904.jar:/home/user/.m2/repository/org/eclipse/jetty/jetty-xml/9.3.25.v20180904/jetty-xml-9.3.25.v20180904.jar:/home/user/.m2/repository/javax/servlet/jsp/jsp-api/2.1/jsp-api-2.1.jar:/home/user/.m2/repository/com/sun/jersey/jersey-core/1.19/jersey-core-1.19.jar:/home/user/.m2/repository/javax/ws/rs/jsr311-api/1.1.1/jsr311-api-1.1.1.jar:/home/user/.m2/repository/com/sun/jersey/jersey-servlet/1.19/jersey-servlet-1.19.jar:/home/user/.m2/repository/com/sun/jersey/jersey-json/1.19/jersey-json-1.19.jar:/home/user/.m2/repository/org/codehaus/jettison/jettison/1.1/jettison-1.1.jar:/home/user/.m2/repository/com/sun/xml/bind/jaxb-impl/2.3.0.1/jaxb-impl-2.3.0.1.jar:/home/user/.m2/repository/org/codehaus/jackson/jackson-core-asl/1.9.13/jackson-core-asl-1.9.13.jar:/home/user/.m2/repository/org/codehaus/jackson/jackson-mapper-asl/1.9.13/jackson-mapper-asl-1.9.13.jar:/home/user/.m2/repository/org/codehaus/jackson/jackson-jaxrs/1.9.13/jackson-jaxrs-1.9.13.jar:/home/user/.m2/repository/org/codehaus/jackson/jackson-xc/1.9.13/jackson-xc-1.9.13.jar:/home/user/.m2/repository/com/sun/jersey/jersey-server/1.19/jersey-server-1.19.jar:/home/user/.m2/repository/commons-logging/commons-logging/1.1.3/commons-logging-1.1.3.jar:/home/user/.m2/repository/log4j/log4j/1.2.17/log4j-1.2.17.jar:/home/user/.m2/repository/commons-beanutils/commons-beanutils/1.9.4/commons-beanutils-1.9.4.jar:/home/user/.m2/repository/org/apache/commons/commons-configuration2/2.1.1/commons-configuration2-2.1.1.jar:/home/user/.m2/repository/org/apache/commons/commons-lang3/3.7/commons-lang3-3.7.jar:/home/user/.m2/repository/org/apache/commons/commons-text/1.4/commons-text-1.4.jar:/home/user/.m2/repository/org/slf4j/slf4j-api/1.7.25/slf4j-api-1.7.25.jar:/home/user/.m2/repository/org/slf4j/slf4j-log4j12/1.7.25/slf4j-log4j12-1.7.25.jar:/home/user/.m2/repository/org/apache/avro/avro/1.7.7/avro-1.7.7.jar:/home/user/.m2/repository/com/thoughtworks/paranamer/paranamer/2.3/paranamer-2.3.jar:/home/user/.m2/repository/org/xerial/snappy/snappy-java/1.0.5/snappy-java-1.0.5.jar:/home/user/.m2/repository/com/google/re2j/re2j/1.1/re2j-1.1.jar:/home/user/.m2/repository/com/google/protobuf/protobuf-java/2.5.0/protobuf-java-2.5.0.jar:/home/user/.m2/repository/com/google/code/gson/gson/2.2.4/gson-2.2.4.jar:/home/user/.m2/repository/org/apache/hadoop/hadoop-auth/3.2.0/hadoop-auth-3.2.0.jar:/home/user/.m2/repository/com/nimbusds/nimbus-jose-jwt/4.41.1/nimbus-jose-jwt-4.41.1.jar:/home/user/.m2/repository/com/github/stephenc/jcip/jcip-annotations/1.0-1/jcip-annotations-1.0-1.jar:/home/user/.m2/repository/net/minidev/json-smart/2.3/json-smart-2.3.jar:/home/user/.m2/repository/net/minidev/accessors-smart/1.2/accessors-smart-1.2.jar:/home/user/.m2/repository/org/apache/curator/curator-framework/2.12.0/curator-framework-2.12.0.jar:/home/user/.m2/repository/com/jcraft/jsch/0.1.54/jsch-0.1.54.jar:/home/user/.m2/repository/org/apache/curator/curator-client/2.12.0/curator-client-2.12.0.jar:/home/user/.m2/repository/org/apache/curator/curator-recipes/2.12.0/curator-recipes-2.12.0.jar:/home/user/.m2/repository/com/google/code/findbugs/jsr305/3.0.0/jsr305-3.0.0.jar:/home/user/.m2/repository/org/apache/htrace/htrace-core4/4.1.0-incubating/htrace-core4-4.1.0-incubating.jar:/home/user/.m2/repository/org/apache/zookeeper/zookeeper/3.4.13/zookeeper-3.4.13.jar:/home/user/.m2/repository/jline/jline/0.9.94/jline-0.9.94.jar:/home/user/.m2/repository/org/apache/yetus/audience-annotations/0.5.0/audience-annotations-0.5.0.jar:/home/user/.m2/repository/org/apache/commons/commons-compress/1.4.1/commons-compress-1.4.1.jar:/home/user/.m2/repository/org/tukaani/xz/1.0/xz-1.0.jar:/home/user/.m2/repository/org/apache/kerby/kerb-simplekdc/1.0.1/kerb-simplekdc-1.0.1.jar:/home/user/.m2/repository/org/apache/kerby/kerb-client/1.0.1/kerb-client-1.0.1.jar:/home/user/.m2/repository/org/apache/kerby/kerby-config/1.0.1/kerby-config-1.0.1.jar:/home/user/.m2/repository/org/apache/kerby/kerb-core/1.0.1/kerb-core-1.0.1.jar:/home/user/.m2/repository/org/apache/kerby/kerby-pkix/1.0.1/kerby-pkix-1.0.1.jar:/home/user/.m2/repository/org/apache/kerby/kerby-asn1/1.0.1/kerby-asn1-1.0.1.jar:/home/user/.m2/repository/org/apache/kerby/kerby-util/1.0.1/kerby-util-1.0.1.jar:/home/user/.m2/repository/org/apache/kerby/kerb-common/1.0.1/kerb-common-1.0.1.jar:/home/user/.m2/repository/org/apache/kerby/kerb-crypto/1.0.1/kerb-crypto-1.0.1.jar:/home/user/.m2/repository/org/apache/kerby/kerb-util/1.0.1/kerb-util-1.0.1.jar:/home/user/.m2/repository/org/apache/kerby/token-provider/1.0.1/token-provider-1.0.1.jar:/home/user/.m2/repository/org/apache/kerby/kerb-admin/1.0.1/kerb-admin-1.0.1.jar:/home/user/.m2/repository/org/apache/kerby/kerb-server/1.0.1/kerb-server-1.0.1.jar:/home/user/.m2/repository/org/apache/kerby/kerb-identity/1.0.1/kerb-identity-1.0.1.jar:/home/user/.m2/repository/org/apache/kerby/kerby-xdr/1.0.1/kerby-xdr-1.0.1.jar:/home/user/.m2/repository/com/fasterxml/jackson/core/jackson-databind/2.9.9/jackson-databind-2.9.9.jar:/home/user/.m2/repository/com/fasterxml/jackson/core/jackson-annotations/2.9.9/jackson-annotations-2.9.9.jar:/home/user/.m2/repository/com/fasterxml/jackson/core/jackson-core/2.9.9/jackson-core-2.9.9.jar:/home/user/.m2/repository/org/codehaus/woodstox/stax2-api/3.1.4/stax2-api-3.1.4.jar:/home/user/.m2/repository/com/fasterxml/woodstox/woodstox-core/5.0.3/woodstox-core-5.0.3.jar:/home/user/.m2/repository/dnsjava/dnsjava/2.1.7/dnsjava-2.1.7.jar:/home/user/.m2/repository/org/apache/hadoop/hadoop-hdfs/3.2.0/hadoop-hdfs-3.2.0.jar:/home/user/.m2/repository/org/eclipse/jetty/jetty-util-ajax/9.3.25.v20180904/jetty-util-ajax-9.3.25.v20180904.jar:/home/user/.m2/repository/commons-daemon/commons-daemon/1.0.13/commons-daemon-1.0.13.jar:/home/user/.m2/repository/io/netty/netty/3.10.5.Final/netty-3.10.5.Final.jar:/home/user/.m2/repository/io/netty/netty-all/4.0.52.Final/netty-all-4.0.52.Final.jar:/home/user/.m2/repository/org/fusesource/leveldbjni/leveldbjni-all/1.8/leveldbjni-all-1.8.jar:/home/user/.m2/repository/org/apache/hadoop/hadoop-hdds-common/0.5.0-SNAPSHOT/hadoop-hdds-common-0.5.0-SNAPSHOT.jar:/home/user/.m2/repository/org/apache/hadoop/hadoop-hdds-config/0.5.0-SNAPSHOT/hadoop-hdds-config-0.5.0-SNAPSHOT.jar:/home/user/.m2/repository/javax/annotation/javax.annotation-api/1.2/javax.annotation-api-1.2.jar:/home/user/.m2/repository/org/apache/ratis/ratis-server/0.5.0-201fc85-SNAPSHOT/ratis-server-0.5.0-201fc85-SNAPSHOT.jar:/home/user/.m2/repository/org/apache/ratis/ratis-thirdparty-misc/0.2.0/ratis-thirdparty-misc-0.2.0.jar:/home/user/.m2/repository/org/apache/ratis/ratis-proto/0.5.0-201fc85-SNAPSHOT/ratis-proto-0.5.0-201fc85-SNAPSHOT.jar:/home/user/.m2/repository/org/apache/ratis/ratis-common/0.5.0-201fc85-SNAPSHOT/ratis-common-0.5.0-201fc85-SNAPSHOT.jar:/home/user/.m2/repository/org/apache/ratis/ratis-client/0.5.0-201fc85-SNAPSHOT/ratis-client-0.5.0-201fc85-SNAPSHOT.jar:/home/user/.m2/repository/org/apache/ratis/ratis-metrics/0.5.0-201fc85-SNAPSHOT/ratis-metrics-0.5.0-201fc85-SNAPSHOT.jar:/home/user/.m2/repository/com/github/joshelser/dropwizard-metrics-hadoop-metrics2-reporter/0.1.2/dropwizard-metrics-hadoop-metrics2-reporter-0.1.2.jar:/home/user/.m2/repository/io/dropwizard/metrics/metrics-jvm/3.2.5/metrics-jvm-3.2.5.jar:/home/user/.m2/repository/io/dropwizard/metrics/metrics-ganglia/3.2.5/metrics-ganglia-3.2.5.jar:/home/user/.m2/repository/info/ganglia/gmetric4j/gmetric4j/1.0.7/gmetric4j-1.0.7.jar:/home/user/.m2/repository/org/apache/ratis/ratis-netty/0.5.0-201fc85-SNAPSHOT/ratis-netty-0.5.0-201fc85-SNAPSHOT.jar:/home/user/.m2/repository/org/apache/ratis/ratis-grpc/0.5.0-201fc85-SNAPSHOT/ratis-grpc-0.5.0-201fc85-SNAPSHOT.jar:/home/user/.m2/repository/org/rocksdb/rocksdbjni/6.0.1/rocksdbjni-6.0.1.jar:/home/user/.m2/repository/org/apache/logging/log4j/log4j-api/2.11.0/log4j-api-2.11.0.jar:/home/user/.m2/repository/org/apache/logging/log4j/log4j-core/2.11.0/log4j-core-2.11.0.jar:/home/user/.m2/repository/com/lmax/disruptor/3.4.2/disruptor-3.4.2.jar:/home/user/.m2/repository/org/apache/commons/commons-pool2/2.6.0/commons-pool2-2.6.0.jar:/home/user/.m2/repository/org/bouncycastle/bcpkix-jdk15on/1.60/bcpkix-jdk15on-1.60.jar:/home/user/.m2/repository/commons-validator/commons-validator/1.6/commons-validator-1.6.jar:/home/user/.m2/repository/commons-digester/commons-digester/1.8.1/commons-digester-1.8.1.jar:/home/user/.m2/repository/io/jaegertracing/jaeger-client/0.34.0/jaeger-client-0.34.0.jar:/home/user/.m2/repository/io/jaegertracing/jaeger-thrift/0.34.0/jaeger-thrift-0.34.0.jar:/home/user/.m2/repository/org/apache/thrift/libthrift/0.12.0/libthrift-0.12.0.jar:/home/user/.m2/repository/com/squareup/okhttp3/okhttp/3.9.0/okhttp-3.9.0.jar:/home/user/.m2/repository/com/squareup/okio/okio/1.13.0/okio-1.13.0.jar:/home/user/.m2/repository/io/jaegertracing/jaeger-core/0.34.0/jaeger-core-0.34.0.jar:/home/user/.m2/repository/io/jaegertracing/jaeger-tracerresolver/0.34.0/jaeger-tracerresolver-0.34.0.jar:/home/user/.m2/repository/io/opentracing/contrib/opentracing-tracerresolver/0.1.5/opentracing-tracerresolver-0.1.5.jar:/home/user/.m2/repository/io/opentracing/opentracing-util/0.31.0/opentracing-util-0.31.0.jar:/home/user/.m2/repository/io/opentracing/opentracing-api/0.31.0/opentracing-api-0.31.0.jar:/home/user/.m2/repository/io/opentracing/opentracing-noop/0.31.0/opentracing-noop-0.31.0.jar:/home/user/.m2/repository/org/yaml/snakeyaml/1.16/snakeyaml-1.16.jar:/home/user/.m2/repository/org/apache/hadoop/hadoop-hdfs-client/3.2.0/hadoop-hdfs-client-3.2.0.jar:/home/user/.m2/repository/info/picocli/picocli/3.9.6/picocli-3.9.6.jar:/home/user/.m2/repository/org/apache/hadoop/hadoop-hdds-server-scm/0.5.0-SNAPSHOT/hadoop-hdds-server-scm-0.5.0-SNAPSHOT.jar:/home/user/.m2/repository/org/apache/hadoop/hadoop-hdds-docs/0.5.0-SNAPSHOT/hadoop-hdds-docs-0.5.0-SNAPSHOT.jar:/home/user/.m2/repository/io/dropwizard/metrics/metrics-core/3.2.4/metrics-core-3.2.4.jar:/home/user/.m2/repository/org/hamcrest/hamcrest-all/1.3/hamcrest-all-1.3.jar:/home/user/.m2/repository/org/bouncycastle/bcprov-jdk15on/1.60/bcprov-jdk15on-1.60.jar:/home/user/.m2/repository/org/apache/hadoop/hadoop-hdds-server-framework/0.5.0-SNAPSHOT/hadoop-hdds-server-framework-0.5.0-SNAPSHOT.jar:/home/user/.m2/repository/org/apache/hadoop/hadoop-ozone-ozone-manager/0.5.0-SNAPSHOT/hadoop-ozone-ozone-manager-0.5.0-SNAPSHOT.jar:/home/user/.m2/repository/org/apache/hadoop/hadoop-hdds-container-service/0.5.0-SNAPSHOT/hadoop-hdds-container-service-0.5.0-SNAPSHOT.jar:/home/user/.m2/repository/org/apache/hadoop/hadoop-hdds-client/0.5.0-SNAPSHOT/hadoop-hdds-client-0.5.0-SNAPSHOT.jar:/home/user/.m2/repository/org/apache/hadoop/hadoop-ozone-common/0.5.0-SNAPSHOT/hadoop-ozone-common-0.5.0-SNAPSHOT.jar:/home/user/.m2/repository/org/apache/hadoop/hadoop-hdds-tools/0.5.0-SNAPSHOT/hadoop-hdds-tools-0.5.0-SNAPSHOT.jar:/home/user/.m2/repository/org/xerial/sqlite-jdbc/3.25.2/sqlite-jdbc-3.25.2.jar:/home/user/.m2/repository/org/apache/httpcomponents/httpclient/4.5.2/httpclient-4.5.2.jar:/home/user/.m2/repository/org/apache/httpcomponents/httpcore/4.4.4/httpcore-4.4.4.jar:/home/user/.m2/repository/com/github/spotbugs/spotbugs/3.1.12/spotbugs-3.1.12.jar:/home/user/.m2/repository/org/ow2/asm/asm/5.0.4/asm-5.0.4.jar:/home/user/.m2/repository/org/ow2/asm/asm-analysis/7.0/asm-analysis-7.0.jar:/home/user/.m2/repository/org/ow2/asm/asm-commons/7.0/asm-commons-7.0.jar:/home/user/.m2/repository/org/ow2/asm/asm-tree/7.0/asm-tree-7.0.jar:/home/user/.m2/repository/org/ow2/asm/asm-util/7.0/asm-util-7.0.jar:/home/user/.m2/repository/org/apache/bcel/bcel/6.3/bcel-6.3.jar:/home/user/.m2/repository/net/jcip/jcip-annotations/1.0/jcip-annotations-1.0.jar:/home/user/.m2/repository/org/dom4j/dom4j/2.1.1/dom4j-2.1.1.jar:/home/user/.m2/repository/jaxen/jaxen/1.1.6/jaxen-1.1.6.jar:/home/user/.m2/repository/commons-lang/commons-lang/2.6/commons-lang-2.6.jar:/home/user/.m2/repository/com/github/spotbugs/spotbugs-annotations/3.1.12/spotbugs-annotations-3.1.12.jar:/home/user/.m2/repository/org/apache/hadoop/hadoop-common/3.2.0/hadoop-common-3.2.0-tests.jar:/home/user/.m2/repository/org/apache/hadoop/hadoop-ozone-client/0.5.0-SNAPSHOT/hadoop-ozone-client-0.5.0-SNAPSHOT.jar:/home/user/.m2/repository/org/apache/hadoop/hadoop-hdfs/3.2.0/hadoop-hdfs-3.2.0-tests.jar:/workdir/hadoop-ozone/integration-test/target/test-classes:/home/user/.m2/repository/org/apache/hadoop/hadoop-ozone-s3gateway/0.5.0-SNAPSHOT/hadoop-ozone-s3gateway-0.5.0-SNAPSHOT.jar:/home/user/.m2/repository/org/jboss/weld/servlet/weld-servlet/2.4.7.Final/weld-servlet-2.4.7.Final.jar:/home/user/.m2/repository/org/glassfish/jersey/containers/jersey-container-servlet-core/2.27/jersey-container-servlet-core-2.27.jar:/home/user/.m2/repository/org/glassfish/hk2/external/javax.inject/2.5.0-b42/javax.inject-2.5.0-b42.jar:/home/user/.m2/repository/org/glassfish/jersey/core/jersey-common/2.27/jersey-common-2.27.jar:/home/user/.m2/repository/org/glassfish/hk2/osgi-resource-locator/1.0.1/osgi-resource-locator-1.0.1.jar:/home/user/.m2/repository/javax/ws/rs/javax.ws.rs-api/2.1/javax.ws.rs-api-2.1.jar:/home/user/.m2/repository/org/glassfish/jersey/ext/cdi/jersey-cdi1x/2.27/jersey-cdi1x-2.27.jar:/home/user/.m2/repository/org/glassfish/jersey/inject/jersey-hk2/2.27/jersey-hk2-2.27.jar:/home/user/.m2/repository/org/glassfish/hk2/hk2-locator/2.5.0-b42/hk2-locator-2.5.0-b42.jar:/home/user/.m2/repository/org/javassist/javassist/3.22.0-CR2/javassist-3.22.0-CR2.jar:/home/user/.m2/repository/org/glassfish/hk2/hk2-api/2.5.0/hk2-api-2.5.0.jar:/home/user/.m2/repository/org/glassfish/hk2/external/jakarta.inject/2.5.0/jakarta.inject-2.5.0.jar:/home/user/.m2/repository/org/glassfish/hk2/hk2-utils/2.5.0/hk2-utils-2.5.0.jar:/home/user/.m2/repository/jakarta/annotation/jakarta.annotation-api/1.3.4/jakarta.annotation-api-1.3.4.jar:/home/user/.m2/repository/org/glassfish/hk2/external/aopalliance-repackaged/2.5.0/aopalliance-repackaged-2.5.0.jar:/home/user/.m2/repository/com/fasterxml/jackson/dataformat/jackson-dataformat-xml/2.9.0/jackson-dataformat-xml-2.9.0.jar:/home/user/.m2/repository/com/fasterxml/jackson/module/jackson-module-jaxb-annotations/2.9.9/jackson-module-jaxb-annotations-2.9.9.jar:/home/user/.m2/repository/javax/enterprise/cdi-api/1.2/cdi-api-1.2.jar:/home/user/.m2/repository/javax/el/javax.el-api/3.0.0/javax.el-api-3.0.0.jar:/home/user/.m2/repository/javax/interceptor/javax.interceptor-api/1.2/javax.interceptor-api-1.2.jar:/home/user/.m2/repository/javax/inject/javax.inject/1/javax.inject-1.jar:/home/user/.m2/repository/com/sun/xml/bind/jaxb-core/2.3.0.1/jaxb-core-2.3.0.1.jar:/home/user/.m2/repository/javax/xml/bind/jaxb-api/2.3.0/jaxb-api-2.3.0.jar:/home/user/.m2/repository/javax/activation/activation/1.1.1/activation-1.1.1.jar:/home/user/.m2/repository/org/apache/hadoop/hadoop-ozone-csi/0.5.0-SNAPSHOT/hadoop-ozone-csi-0.5.0-SNAPSHOT.jar:/home/user/.m2/repository/com/google/protobuf/protobuf-java-util/3.5.1/protobuf-java-util-3.5.1.jar:/home/user/.m2/repository/io/grpc/grpc-netty/1.17.1/grpc-netty-1.17.1.jar:/home/user/.m2/repository/io/grpc/grpc-core/1.17.1/grpc-core-1.17.1.jar:/home/user/.m2/repository/io/grpc/grpc-context/1.17.1/grpc-context-1.17.1.jar:/home/user/.m2/repository/com/google/errorprone/error_prone_annotations/2.2.0/error_prone_annotations-2.2.0.jar:/home/user/.m2/repository/org/codehaus/mojo/animal-sniffer-annotations/1.17/animal-sniffer-annotations-1.17.jar:/home/user/.m2/repository/io/opencensus/opencensus-api/0.17.0/opencensus-api-0.17.0.jar:/home/user/.m2/repository/io/opencensus/opencensus-contrib-grpc-metrics/0.17.0/opencensus-contrib-grpc-metrics-0.17.0.jar:/home/user/.m2/repository/io/netty/netty-codec-http2/4.1.30.Final/netty-codec-http2-4.1.30.Final.jar:/home/user/.m2/repository/io/netty/netty-codec-http/4.1.30.Final/netty-codec-http-4.1.30.Final.jar:/home/user/.m2/repository/io/netty/netty-codec/4.1.30.Final/netty-codec-4.1.30.Final.jar:/home/user/.m2/repository/io/netty/netty-handler/4.1.30.Final/netty-handler-4.1.30.Final.jar:/home/user/.m2/repository/io/netty/netty-handler-proxy/4.1.30.Final/netty-handler-proxy-4.1.30.Final.jar:/home/user/.m2/repository/io/netty/netty-codec-socks/4.1.30.Final/netty-codec-socks-4.1.30.Final.jar:/home/user/.m2/repository/io/netty/netty-transport-native-epoll/4.1.30.Final/netty-transport-native-epoll-4.1.30.Final.jar:/home/user/.m2/repository/io/netty/netty-common/4.1.30.Final/netty-common-4.1.30.Final.jar:/home/user/.m2/repository/io/netty/netty-buffer/4.1.30.Final/netty-buffer-4.1.30.Final.jar:/home/user/.m2/repository/io/netty/netty-transport/4.1.30.Final/netty-transport-4.1.30.Final.jar:/home/user/.m2/repository/io/netty/netty-resolver/4.1.30.Final/netty-resolver-4.1.30.Final.jar:/home/user/.m2/repository/io/netty/netty-transport-native-unix-common/4.1.30.Final/netty-transport-native-unix-common-4.1.30.Final.jar:/home/user/.m2/repository/io/grpc/grpc-protobuf/1.17.1/grpc-protobuf-1.17.1.jar:/home/user/.m2/repository/com/google/api/grpc/proto-google-common-protos/1.0.0/proto-google-common-protos-1.0.0.jar:/home/user/.m2/repository/io/grpc/grpc-protobuf-lite/1.17.1/grpc-protobuf-lite-1.17.1.jar:/home/user/.m2/repository/io/grpc/grpc-stub/1.17.1/grpc-stub-1.17.1.jar:/home/user/.m2/repository/org/apache/hadoop/hadoop-ozone-recon/0.5.0-SNAPSHOT/hadoop-ozone-recon-0.5.0-SNAPSHOT.jar:/home/user/.m2/repository/org/apache/hadoop/hadoop-ozone-reconcodegen/0.5.0-SNAPSHOT/hadoop-ozone-reconcodegen-0.5.0-SNAPSHOT.jar:/home/user/.m2/repository/com/google/inject/extensions/guice-multibindings/4.0/guice-multibindings-4.0.jar:/home/user/.m2/repository/com/google/inject/guice/4.0/guice-4.0.jar:/home/user/.m2/repository/aopalliance/aopalliance/1.0/aopalliance-1.0.jar:/home/user/.m2/repository/org/glassfish/jersey/containers/jersey-container-servlet/2.27/jersey-container-servlet-2.27.jar:/home/user/.m2/repository/org/glassfish/hk2/guice-bridge/2.5.0/guice-bridge-2.5.0.jar:/home/user/.m2/repository/org/glassfish/jersey/core/jersey-server/2.27/jersey-server-2.27.jar:/home/user/.m2/repository/org/glassfish/jersey/core/jersey-client/2.27/jersey-client-2.27.jar:/home/user/.m2/repository/org/glassfish/jersey/media/jersey-media-jaxb/2.27/jersey-media-jaxb-2.27.jar:/home/user/.m2/repository/javax/validation/validation-api/1.1.0.Final/validation-api-1.1.0.Final.jar:/home/user/.m2/repository/org/glassfish/jersey/media/jersey-media-json-jackson/2.27/jersey-media-json-jackson-2.27.jar:/home/user/.m2/repository/org/glassfish/jersey/ext/jersey-entity-filtering/2.27/jersey-entity-filtering-2.27.jar:/home/user/.m2/repository/com/google/inject/extensions/guice-assistedinject/4.0/guice-assistedinject-4.0.jar:/home/user/.m2/repository/org/jooq/jooq/3.11.10/jooq-3.11.10.jar:/home/user/.m2/repository/org/jooq/jooq-meta/3.11.10/jooq-meta-3.11.10.jar:/home/user/.m2/repository/org/jooq/jooq-codegen/3.11.10/jooq-codegen-3.11.10.jar:/home/user/.m2/repository/com/jolbox/bonecp/0.8.0.RELEASE/bonecp-0.8.0.RELEASE.jar:/home/user/.m2/repository/org/springframework/spring-jdbc/5.1.3.RELEASE/spring-jdbc-5.1.3.RELEASE.jar:/home/user/.m2/repository/org/springframework/spring-beans/5.1.3.RELEASE/spring-beans-5.1.3.RELEASE.jar:/home/user/.m2/repository/org/springframework/spring-core/5.1.3.RELEASE/spring-core-5.1.3.RELEASE.jar:/home/user/.m2/repository/org/springframework/spring-jcl/5.1.3.RELEASE/spring-jcl-5.1.3.RELEASE.jar:/home/user/.m2/repository/org/springframework/spring-tx/5.1.3.RELEASE/spring-tx-5.1.3.RELEASE.jar:/home/user/.m2/repository/org/mockito/mockito-all/1.10.19/mockito-all-1.10.19.jar:/home/user/.m2/repository/junit/junit/4.11/junit-4.11.jar:/home/user/.m2/repository/org/hamcrest/hamcrest-core/1.3/hamcrest-core-1.3.jar:/home/user/.m2/repository/org/apache/hadoop/hadoop-distcp/3.2.0/hadoop-distcp-3.2.0.jar:/home/user/.m2/repository/org/apache/hadoop/hadoop-distcp/3.2.0/hadoop-distcp-3.2.0-tests.jar:/home/user/.m2/repository/org/apache/hadoop/hadoop-mapreduce-client-jobclient/3.2.0/hadoop-mapreduce-client-jobclient-3.2.0.jar:/home/user/.m2/repository/org/apache/hadoop/hadoop-mapreduce-client-common/3.2.0/hadoop-mapreduce-client-common-3.2.0.jar:/home/user/.m2/repository/org/apache/hadoop/hadoop-yarn-common/3.2.0/hadoop-yarn-common-3.2.0.jar:/home/user/.m2/repository/org/apache/hadoop/hadoop-yarn-api/3.2.0/hadoop-yarn-api-3.2.0.jar:/home/user/.m2/repository/com/sun/jersey/jersey-client/1.19/jersey-client-1.19.jar:/home/user/.m2/repository/com/sun/jersey/contribs/jersey-guice/1.19/jersey-guice-1.19.jar:/home/user/.m2/repository/com/fasterxml/jackson/jaxrs/jackson-jaxrs-json-provider/2.9.9/jackson-jaxrs-json-provider-2.9.9.jar:/home/user/.m2/repository/com/fasterxml/jackson/jaxrs/jackson-jaxrs-base/2.9.9/jackson-jaxrs-base-2.9.9.jar:/home/user/.m2/repository/org/apache/hadoop/hadoop-yarn-client/3.2.0/hadoop-yarn-client-3.2.0.jar:/home/user/.m2/repository/org/apache/hadoop/hadoop-mapreduce-client-core/3.2.0/hadoop-mapreduce-client-core-3.2.0.jar:/home/user/.m2/repository/com/google/inject/extensions/guice-servlet/4.0/guice-servlet-4.0.jar:/home/user/.m2/repository/org/powermock/powermock-module-junit4/1.6.5/powermock-module-junit4-1.6.5.jar:/home/user/.m2/repository/org/powermock/powermock-module-junit4-common/1.6.5/powermock-module-junit4-common-1.6.5.jar:/home/user/.m2/repository/org/powermock/powermock-core/1.6.5/powermock-core-1.6.5.jar:/home/user/.m2/repository/org/powermock/powermock-reflect/1.6.5/powermock-reflect-1.6.5.jar:/home/user/.m2/repository/org/powermock/powermock-api-mockito/1.6.5/powermock-api-mockito-1.6.5.jar:/home/user/.m2/repository/org/mockito/mockito-core/1.10.19/mockito-core-1.10.19.jar:/home/user/.m2/repository/org/objenesis/objenesis/1.0/objenesis-1.0.jar:/home/user/.m2/repository/org/powermock/powermock-api-mockito-common/1.6.5/powermock-api-mockito-common-1.6.5.jar:/home/user/.m2/repository/org/powermock/powermock-api-support/1.6.5/powermock-api-support-1.6.5.jar:"/>
    <property name="java.vm.vendor" value="IcedTea"/>
    <property name="sun.arch.data.model" value="64"/>
    <property name="test.build.dir" value="/workdir/hadoop-ozone/ozonefs/target/test-dir"/>
    <property name="test.cache.data" value=""/>
    <property name="java.vendor.url" value="https://icedtea.classpath.org"/>
    <property name="user.timezone" value=""/>
    <property name="java.vm.specification.version" value="1.8"/>
    <property name="os.name" value="Linux"/>
    <property name="test.build.data" value="/workdir/hadoop-ozone/ozonefs/target/test-dir"/>
    <property name="user.country" value="US"/>
    <property name="sun.java.launcher" value="SUN_STANDARD"/>
    <property name="sun.boot.library.path" value="/usr/lib/jvm/java-1.8-openjdk/jre/lib/amd64"/>
    <property name="sun.java.command" value="/workdir/hadoop-ozone/ozonefs/target/surefire/surefirebooter2541305531029955742.jar /workdir/hadoop-ozone/ozonefs/target/surefire 2019-10-03T00-36-50_073-jvmRun1 surefire5830694644355253575tmp surefire_921530405466635021759tmp"/>
    <property name="test" value="!TestMiniChaosOzoneCluster"/>
    <property name="surefire.test.class.path" value="/workdir/hadoop-ozone/ozonefs/target/test-classes:/workdir/hadoop-ozone/ozonefs/target/classes:/home/user/.m2/repository/org/apache/hadoop/hadoop-common/3.2.0/hadoop-common-3.2.0.jar:/home/user/.m2/repository/org/apache/hadoop/hadoop-annotations/3.2.0/hadoop-annotations-3.2.0.jar:/usr/lib/jvm/java-1.8-openjdk/jre/../lib/tools.jar:/home/user/.m2/repository/com/google/guava/guava/11.0.2/guava-11.0.2.jar:/home/user/.m2/repository/commons-cli/commons-cli/1.2/commons-cli-1.2.jar:/home/user/.m2/repository/org/apache/commons/commons-math3/3.1.1/commons-math3-3.1.1.jar:/home/user/.m2/repository/commons-codec/commons-codec/1.11/commons-codec-1.11.jar:/home/user/.m2/repository/commons-io/commons-io/2.5/commons-io-2.5.jar:/home/user/.m2/repository/commons-net/commons-net/3.6/commons-net-3.6.jar:/home/user/.m2/repository/commons-collections/commons-collections/3.2.2/commons-collections-3.2.2.jar:/home/user/.m2/repository/javax/servlet/javax.servlet-api/3.1.0/javax.servlet-api-3.1.0.jar:/home/user/.m2/repository/org/eclipse/jetty/jetty-server/9.3.25.v20180904/jetty-server-9.3.25.v20180904.jar:/home/user/.m2/repository/org/eclipse/jetty/jetty-http/9.3.25.v20180904/jetty-http-9.3.25.v20180904.jar:/home/user/.m2/repository/org/eclipse/jetty/jetty-io/9.3.25.v20180904/jetty-io-9.3.25.v20180904.jar:/home/user/.m2/repository/org/eclipse/jetty/jetty-util/9.3.25.v20180904/jetty-util-9.3.25.v20180904.jar:/home/user/.m2/repository/org/eclipse/jetty/jetty-servlet/9.3.25.v20180904/jetty-servlet-9.3.25.v20180904.jar:/home/user/.m2/repository/org/eclipse/jetty/jetty-security/9.3.25.v20180904/jetty-security-9.3.25.v20180904.jar:/home/user/.m2/repository/org/eclipse/jetty/jetty-webapp/9.3.25.v20180904/jetty-webapp-9.3.25.v20180904.jar:/home/user/.m2/repository/org/eclipse/jetty/jetty-xml/9.3.25.v20180904/jetty-xml-9.3.25.v20180904.jar:/home/user/.m2/repository/javax/servlet/jsp/jsp-api/2.1/jsp-api-2.1.jar:/home/user/.m2/repository/com/sun/jersey/jersey-core/1.19/jersey-core-1.19.jar:/home/user/.m2/repository/javax/ws/rs/jsr311-api/1.1.1/jsr311-api-1.1.1.jar:/home/user/.m2/repository/com/sun/jersey/jersey-servlet/1.19/jersey-servlet-1.19.jar:/home/user/.m2/repository/com/sun/jersey/jersey-json/1.19/jersey-json-1.19.jar:/home/user/.m2/repository/org/codehaus/jettison/jettison/1.1/jettison-1.1.jar:/home/user/.m2/repository/com/sun/xml/bind/jaxb-impl/2.3.0.1/jaxb-impl-2.3.0.1.jar:/home/user/.m2/repository/org/codehaus/jackson/jackson-core-asl/1.9.13/jackson-core-asl-1.9.13.jar:/home/user/.m2/repository/org/codehaus/jackson/jackson-mapper-asl/1.9.13/jackson-mapper-asl-1.9.13.jar:/home/user/.m2/repository/org/codehaus/jackson/jackson-jaxrs/1.9.13/jackson-jaxrs-1.9.13.jar:/home/user/.m2/repository/org/codehaus/jackson/jackson-xc/1.9.13/jackson-xc-1.9.13.jar:/home/user/.m2/repository/com/sun/jersey/jersey-server/1.19/jersey-server-1.19.jar:/home/user/.m2/repository/commons-logging/commons-logging/1.1.3/commons-logging-1.1.3.jar:/home/user/.m2/repository/log4j/log4j/1.2.17/log4j-1.2.17.jar:/home/user/.m2/repository/commons-beanutils/commons-beanutils/1.9.4/commons-beanutils-1.9.4.jar:/home/user/.m2/repository/org/apache/commons/commons-configuration2/2.1.1/commons-configuration2-2.1.1.jar:/home/user/.m2/repository/org/apache/commons/commons-lang3/3.7/commons-lang3-3.7.jar:/home/user/.m2/repository/org/apache/commons/commons-text/1.4/commons-text-1.4.jar:/home/user/.m2/repository/org/slf4j/slf4j-api/1.7.25/slf4j-api-1.7.25.jar:/home/user/.m2/repository/org/slf4j/slf4j-log4j12/1.7.25/slf4j-log4j12-1.7.25.jar:/home/user/.m2/repository/org/apache/avro/avro/1.7.7/avro-1.7.7.jar:/home/user/.m2/repository/com/thoughtworks/paranamer/paranamer/2.3/paranamer-2.3.jar:/home/user/.m2/repository/org/xerial/snappy/snappy-java/1.0.5/snappy-java-1.0.5.jar:/home/user/.m2/repository/com/google/re2j/re2j/1.1/re2j-1.1.jar:/home/user/.m2/repository/com/google/protobuf/protobuf-java/2.5.0/protobuf-java-2.5.0.jar:/home/user/.m2/repository/com/google/code/gson/gson/2.2.4/gson-2.2.4.jar:/home/user/.m2/repository/org/apache/hadoop/hadoop-auth/3.2.0/hadoop-auth-3.2.0.jar:/home/user/.m2/repository/com/nimbusds/nimbus-jose-jwt/4.41.1/nimbus-jose-jwt-4.41.1.jar:/home/user/.m2/repository/com/github/stephenc/jcip/jcip-annotations/1.0-1/jcip-annotations-1.0-1.jar:/home/user/.m2/repository/net/minidev/json-smart/2.3/json-smart-2.3.jar:/home/user/.m2/repository/net/minidev/accessors-smart/1.2/accessors-smart-1.2.jar:/home/user/.m2/repository/org/apache/curator/curator-framework/2.12.0/curator-framework-2.12.0.jar:/home/user/.m2/repository/com/jcraft/jsch/0.1.54/jsch-0.1.54.jar:/home/user/.m2/repository/org/apache/curator/curator-client/2.12.0/curator-client-2.12.0.jar:/home/user/.m2/repository/org/apache/curator/curator-recipes/2.12.0/curator-recipes-2.12.0.jar:/home/user/.m2/repository/com/google/code/findbugs/jsr305/3.0.0/jsr305-3.0.0.jar:/home/user/.m2/repository/org/apache/htrace/htrace-core4/4.1.0-incubating/htrace-core4-4.1.0-incubating.jar:/home/user/.m2/repository/org/apache/zookeeper/zookeeper/3.4.13/zookeeper-3.4.13.jar:/home/user/.m2/repository/jline/jline/0.9.94/jline-0.9.94.jar:/home/user/.m2/repository/org/apache/yetus/audience-annotations/0.5.0/audience-annotations-0.5.0.jar:/home/user/.m2/repository/org/apache/commons/commons-compress/1.4.1/commons-compress-1.4.1.jar:/home/user/.m2/repository/org/tukaani/xz/1.0/xz-1.0.jar:/home/user/.m2/repository/org/apache/kerby/kerb-simplekdc/1.0.1/kerb-simplekdc-1.0.1.jar:/home/user/.m2/repository/org/apache/kerby/kerb-client/1.0.1/kerb-client-1.0.1.jar:/home/user/.m2/repository/org/apache/kerby/kerby-config/1.0.1/kerby-config-1.0.1.jar:/home/user/.m2/repository/org/apache/kerby/kerb-core/1.0.1/kerb-core-1.0.1.jar:/home/user/.m2/repository/org/apache/kerby/kerby-pkix/1.0.1/kerby-pkix-1.0.1.jar:/home/user/.m2/repository/org/apache/kerby/kerby-asn1/1.0.1/kerby-asn1-1.0.1.jar:/home/user/.m2/repository/org/apache/kerby/kerby-util/1.0.1/kerby-util-1.0.1.jar:/home/user/.m2/repository/org/apache/kerby/kerb-common/1.0.1/kerb-common-1.0.1.jar:/home/user/.m2/repository/org/apache/kerby/kerb-crypto/1.0.1/kerb-crypto-1.0.1.jar:/home/user/.m2/repository/org/apache/kerby/kerb-util/1.0.1/kerb-util-1.0.1.jar:/home/user/.m2/repository/org/apache/kerby/token-provider/1.0.1/token-provider-1.0.1.jar:/home/user/.m2/repository/org/apache/kerby/kerb-admin/1.0.1/kerb-admin-1.0.1.jar:/home/user/.m2/repository/org/apache/kerby/kerb-server/1.0.1/kerb-server-1.0.1.jar:/home/user/.m2/repository/org/apache/kerby/kerb-identity/1.0.1/kerb-identity-1.0.1.jar:/home/user/.m2/repository/org/apache/kerby/kerby-xdr/1.0.1/kerby-xdr-1.0.1.jar:/home/user/.m2/repository/com/fasterxml/jackson/core/jackson-databind/2.9.9/jackson-databind-2.9.9.jar:/home/user/.m2/repository/com/fasterxml/jackson/core/jackson-annotations/2.9.9/jackson-annotations-2.9.9.jar:/home/user/.m2/repository/com/fasterxml/jackson/core/jackson-core/2.9.9/jackson-core-2.9.9.jar:/home/user/.m2/repository/org/codehaus/woodstox/stax2-api/3.1.4/stax2-api-3.1.4.jar:/home/user/.m2/repository/com/fasterxml/woodstox/woodstox-core/5.0.3/woodstox-core-5.0.3.jar:/home/user/.m2/repository/dnsjava/dnsjava/2.1.7/dnsjava-2.1.7.jar:/home/user/.m2/repository/org/apache/hadoop/hadoop-hdfs/3.2.0/hadoop-hdfs-3.2.0.jar:/home/user/.m2/repository/org/eclipse/jetty/jetty-util-ajax/9.3.25.v20180904/jetty-util-ajax-9.3.25.v20180904.jar:/home/user/.m2/repository/commons-daemon/commons-daemon/1.0.13/commons-daemon-1.0.13.jar:/home/user/.m2/repository/io/netty/netty/3.10.5.Final/netty-3.10.5.Final.jar:/home/user/.m2/repository/io/netty/netty-all/4.0.52.Final/netty-all-4.0.52.Final.jar:/home/user/.m2/repository/org/fusesource/leveldbjni/leveldbjni-all/1.8/leveldbjni-all-1.8.jar:/home/user/.m2/repository/org/apache/hadoop/hadoop-hdds-common/0.5.0-SNAPSHOT/hadoop-hdds-common-0.5.0-SNAPSHOT.jar:/home/user/.m2/repository/org/apache/hadoop/hadoop-hdds-config/0.5.0-SNAPSHOT/hadoop-hdds-config-0.5.0-SNAPSHOT.jar:/home/user/.m2/repository/javax/annotation/javax.annotation-api/1.2/javax.annotation-api-1.2.jar:/home/user/.m2/repository/org/apache/ratis/ratis-server/0.5.0-201fc85-SNAPSHOT/ratis-server-0.5.0-201fc85-SNAPSHOT.jar:/home/user/.m2/repository/org/apache/ratis/ratis-thirdparty-misc/0.2.0/ratis-thirdparty-misc-0.2.0.jar:/home/user/.m2/repository/org/apache/ratis/ratis-proto/0.5.0-201fc85-SNAPSHOT/ratis-proto-0.5.0-201fc85-SNAPSHOT.jar:/home/user/.m2/repository/org/apache/ratis/ratis-common/0.5.0-201fc85-SNAPSHOT/ratis-common-0.5.0-201fc85-SNAPSHOT.jar:/home/user/.m2/repository/org/apache/ratis/ratis-client/0.5.0-201fc85-SNAPSHOT/ratis-client-0.5.0-201fc85-SNAPSHOT.jar:/home/user/.m2/repository/org/apache/ratis/ratis-metrics/0.5.0-201fc85-SNAPSHOT/ratis-metrics-0.5.0-201fc85-SNAPSHOT.jar:/home/user/.m2/repository/com/github/joshelser/dropwizard-metrics-hadoop-metrics2-reporter/0.1.2/dropwizard-metrics-hadoop-metrics2-reporter-0.1.2.jar:/home/user/.m2/repository/io/dropwizard/metrics/metrics-jvm/3.2.5/metrics-jvm-3.2.5.jar:/home/user/.m2/repository/io/dropwizard/metrics/metrics-ganglia/3.2.5/metrics-ganglia-3.2.5.jar:/home/user/.m2/repository/info/ganglia/gmetric4j/gmetric4j/1.0.7/gmetric4j-1.0.7.jar:/home/user/.m2/repository/org/apache/ratis/ratis-netty/0.5.0-201fc85-SNAPSHOT/ratis-netty-0.5.0-201fc85-SNAPSHOT.jar:/home/user/.m2/repository/org/apache/ratis/ratis-grpc/0.5.0-201fc85-SNAPSHOT/ratis-grpc-0.5.0-201fc85-SNAPSHOT.jar:/home/user/.m2/repository/org/rocksdb/rocksdbjni/6.0.1/rocksdbjni-6.0.1.jar:/home/user/.m2/repository/org/apache/logging/log4j/log4j-api/2.11.0/log4j-api-2.11.0.jar:/home/user/.m2/repository/org/apache/logging/log4j/log4j-core/2.11.0/log4j-core-2.11.0.jar:/home/user/.m2/repository/com/lmax/disruptor/3.4.2/disruptor-3.4.2.jar:/home/user/.m2/repository/org/apache/commons/commons-pool2/2.6.0/commons-pool2-2.6.0.jar:/home/user/.m2/repository/org/bouncycastle/bcpkix-jdk15on/1.60/bcpkix-jdk15on-1.60.jar:/home/user/.m2/repository/commons-validator/commons-validator/1.6/commons-validator-1.6.jar:/home/user/.m2/repository/commons-digester/commons-digester/1.8.1/commons-digester-1.8.1.jar:/home/user/.m2/repository/io/jaegertracing/jaeger-client/0.34.0/jaeger-client-0.34.0.jar:/home/user/.m2/repository/io/jaegertracing/jaeger-thrift/0.34.0/jaeger-thrift-0.34.0.jar:/home/user/.m2/repository/org/apache/thrift/libthrift/0.12.0/libthrift-0.12.0.jar:/home/user/.m2/repository/com/squareup/okhttp3/okhttp/3.9.0/okhttp-3.9.0.jar:/home/user/.m2/repository/com/squareup/okio/okio/1.13.0/okio-1.13.0.jar:/home/user/.m2/repository/io/jaegertracing/jaeger-core/0.34.0/jaeger-core-0.34.0.jar:/home/user/.m2/repository/io/jaegertracing/jaeger-tracerresolver/0.34.0/jaeger-tracerresolver-0.34.0.jar:/home/user/.m2/repository/io/opentracing/contrib/opentracing-tracerresolver/0.1.5/opentracing-tracerresolver-0.1.5.jar:/home/user/.m2/repository/io/opentracing/opentracing-util/0.31.0/opentracing-util-0.31.0.jar:/home/user/.m2/repository/io/opentracing/opentracing-api/0.31.0/opentracing-api-0.31.0.jar:/home/user/.m2/repository/io/opentracing/opentracing-noop/0.31.0/opentracing-noop-0.31.0.jar:/home/user/.m2/repository/org/yaml/snakeyaml/1.16/snakeyaml-1.16.jar:/home/user/.m2/repository/org/apache/hadoop/hadoop-hdfs-client/3.2.0/hadoop-hdfs-client-3.2.0.jar:/home/user/.m2/repository/info/picocli/picocli/3.9.6/picocli-3.9.6.jar:/home/user/.m2/repository/org/apache/hadoop/hadoop-hdds-server-scm/0.5.0-SNAPSHOT/hadoop-hdds-server-scm-0.5.0-SNAPSHOT.jar:/home/user/.m2/repository/org/apache/hadoop/hadoop-hdds-docs/0.5.0-SNAPSHOT/hadoop-hdds-docs-0.5.0-SNAPSHOT.jar:/home/user/.m2/repository/io/dropwizard/metrics/metrics-core/3.2.4/metrics-core-3.2.4.jar:/home/user/.m2/repository/org/hamcrest/hamcrest-all/1.3/hamcrest-all-1.3.jar:/home/user/.m2/repository/org/bouncycastle/bcprov-jdk15on/1.60/bcprov-jdk15on-1.60.jar:/home/user/.m2/repository/org/apache/hadoop/hadoop-hdds-server-framework/0.5.0-SNAPSHOT/hadoop-hdds-server-framework-0.5.0-SNAPSHOT.jar:/home/user/.m2/repository/org/apache/hadoop/hadoop-ozone-ozone-manager/0.5.0-SNAPSHOT/hadoop-ozone-ozone-manager-0.5.0-SNAPSHOT.jar:/home/user/.m2/repository/org/apache/hadoop/hadoop-hdds-container-service/0.5.0-SNAPSHOT/hadoop-hdds-container-service-0.5.0-SNAPSHOT.jar:/home/user/.m2/repository/org/apache/hadoop/hadoop-hdds-client/0.5.0-SNAPSHOT/hadoop-hdds-client-0.5.0-SNAPSHOT.jar:/home/user/.m2/repository/org/apache/hadoop/hadoop-ozone-common/0.5.0-SNAPSHOT/hadoop-ozone-common-0.5.0-SNAPSHOT.jar:/home/user/.m2/repository/org/apache/hadoop/hadoop-hdds-tools/0.5.0-SNAPSHOT/hadoop-hdds-tools-0.5.0-SNAPSHOT.jar:/home/user/.m2/repository/org/xerial/sqlite-jdbc/3.25.2/sqlite-jdbc-3.25.2.jar:/home/user/.m2/repository/org/apache/httpcomponents/httpclient/4.5.2/httpclient-4.5.2.jar:/home/user/.m2/repository/org/apache/httpcomponents/httpcore/4.4.4/httpcore-4.4.4.jar:/home/user/.m2/repository/com/github/spotbugs/spotbugs/3.1.12/spotbugs-3.1.12.jar:/home/user/.m2/repository/org/ow2/asm/asm/5.0.4/asm-5.0.4.jar:/home/user/.m2/repository/org/ow2/asm/asm-analysis/7.0/asm-analysis-7.0.jar:/home/user/.m2/repository/org/ow2/asm/asm-commons/7.0/asm-commons-7.0.jar:/home/user/.m2/repository/org/ow2/asm/asm-tree/7.0/asm-tree-7.0.jar:/home/user/.m2/repository/org/ow2/asm/asm-util/7.0/asm-util-7.0.jar:/home/user/.m2/repository/org/apache/bcel/bcel/6.3/bcel-6.3.jar:/home/user/.m2/repository/net/jcip/jcip-annotations/1.0/jcip-annotations-1.0.jar:/home/user/.m2/repository/org/dom4j/dom4j/2.1.1/dom4j-2.1.1.jar:/home/user/.m2/repository/jaxen/jaxen/1.1.6/jaxen-1.1.6.jar:/home/user/.m2/repository/commons-lang/commons-lang/2.6/commons-lang-2.6.jar:/home/user/.m2/repository/com/github/spotbugs/spotbugs-annotations/3.1.12/spotbugs-annotations-3.1.12.jar:/home/user/.m2/repository/org/apache/hadoop/hadoop-common/3.2.0/hadoop-common-3.2.0-tests.jar:/home/user/.m2/repository/org/apache/hadoop/hadoop-ozone-client/0.5.0-SNAPSHOT/hadoop-ozone-client-0.5.0-SNAPSHOT.jar:/home/user/.m2/repository/org/apache/hadoop/hadoop-hdfs/3.2.0/hadoop-hdfs-3.2.0-tests.jar:/workdir/hadoop-ozone/integration-test/target/test-classes:/home/user/.m2/repository/org/apache/hadoop/hadoop-ozone-s3gateway/0.5.0-SNAPSHOT/hadoop-ozone-s3gateway-0.5.0-SNAPSHOT.jar:/home/user/.m2/repository/org/jboss/weld/servlet/weld-servlet/2.4.7.Final/weld-servlet-2.4.7.Final.jar:/home/user/.m2/repository/org/glassfish/jersey/containers/jersey-container-servlet-core/2.27/jersey-container-servlet-core-2.27.jar:/home/user/.m2/repository/org/glassfish/hk2/external/javax.inject/2.5.0-b42/javax.inject-2.5.0-b42.jar:/home/user/.m2/repository/org/glassfish/jersey/core/jersey-common/2.27/jersey-common-2.27.jar:/home/user/.m2/repository/org/glassfish/hk2/osgi-resource-locator/1.0.1/osgi-resource-locator-1.0.1.jar:/home/user/.m2/repository/javax/ws/rs/javax.ws.rs-api/2.1/javax.ws.rs-api-2.1.jar:/home/user/.m2/repository/org/glassfish/jersey/ext/cdi/jersey-cdi1x/2.27/jersey-cdi1x-2.27.jar:/home/user/.m2/repository/org/glassfish/jersey/inject/jersey-hk2/2.27/jersey-hk2-2.27.jar:/home/user/.m2/repository/org/glassfish/hk2/hk2-locator/2.5.0-b42/hk2-locator-2.5.0-b42.jar:/home/user/.m2/repository/org/javassist/javassist/3.22.0-CR2/javassist-3.22.0-CR2.jar:/home/user/.m2/repository/org/glassfish/hk2/hk2-api/2.5.0/hk2-api-2.5.0.jar:/home/user/.m2/repository/org/glassfish/hk2/external/jakarta.inject/2.5.0/jakarta.inject-2.5.0.jar:/home/user/.m2/repository/org/glassfish/hk2/hk2-utils/2.5.0/hk2-utils-2.5.0.jar:/home/user/.m2/repository/jakarta/annotation/jakarta.annotation-api/1.3.4/jakarta.annotation-api-1.3.4.jar:/home/user/.m2/repository/org/glassfish/hk2/external/aopalliance-repackaged/2.5.0/aopalliance-repackaged-2.5.0.jar:/home/user/.m2/repository/com/fasterxml/jackson/dataformat/jackson-dataformat-xml/2.9.0/jackson-dataformat-xml-2.9.0.jar:/home/user/.m2/repository/com/fasterxml/jackson/module/jackson-module-jaxb-annotations/2.9.9/jackson-module-jaxb-annotations-2.9.9.jar:/home/user/.m2/repository/javax/enterprise/cdi-api/1.2/cdi-api-1.2.jar:/home/user/.m2/repository/javax/el/javax.el-api/3.0.0/javax.el-api-3.0.0.jar:/home/user/.m2/repository/javax/interceptor/javax.interceptor-api/1.2/javax.interceptor-api-1.2.jar:/home/user/.m2/repository/javax/inject/javax.inject/1/javax.inject-1.jar:/home/user/.m2/repository/com/sun/xml/bind/jaxb-core/2.3.0.1/jaxb-core-2.3.0.1.jar:/home/user/.m2/repository/javax/xml/bind/jaxb-api/2.3.0/jaxb-api-2.3.0.jar:/home/user/.m2/repository/javax/activation/activation/1.1.1/activation-1.1.1.jar:/home/user/.m2/repository/org/apache/hadoop/hadoop-ozone-csi/0.5.0-SNAPSHOT/hadoop-ozone-csi-0.5.0-SNAPSHOT.jar:/home/user/.m2/repository/com/google/protobuf/protobuf-java-util/3.5.1/protobuf-java-util-3.5.1.jar:/home/user/.m2/repository/io/grpc/grpc-netty/1.17.1/grpc-netty-1.17.1.jar:/home/user/.m2/repository/io/grpc/grpc-core/1.17.1/grpc-core-1.17.1.jar:/home/user/.m2/repository/io/grpc/grpc-context/1.17.1/grpc-context-1.17.1.jar:/home/user/.m2/repository/com/google/errorprone/error_prone_annotations/2.2.0/error_prone_annotations-2.2.0.jar:/home/user/.m2/repository/org/codehaus/mojo/animal-sniffer-annotations/1.17/animal-sniffer-annotations-1.17.jar:/home/user/.m2/repository/io/opencensus/opencensus-api/0.17.0/opencensus-api-0.17.0.jar:/home/user/.m2/repository/io/opencensus/opencensus-contrib-grpc-metrics/0.17.0/opencensus-contrib-grpc-metrics-0.17.0.jar:/home/user/.m2/repository/io/netty/netty-codec-http2/4.1.30.Final/netty-codec-http2-4.1.30.Final.jar:/home/user/.m2/repository/io/netty/netty-codec-http/4.1.30.Final/netty-codec-http-4.1.30.Final.jar:/home/user/.m2/repository/io/netty/netty-codec/4.1.30.Final/netty-codec-4.1.30.Final.jar:/home/user/.m2/repository/io/netty/netty-handler/4.1.30.Final/netty-handler-4.1.30.Final.jar:/home/user/.m2/repository/io/netty/netty-handler-proxy/4.1.30.Final/netty-handler-proxy-4.1.30.Final.jar:/home/user/.m2/repository/io/netty/netty-codec-socks/4.1.30.Final/netty-codec-socks-4.1.30.Final.jar:/home/user/.m2/repository/io/netty/netty-transport-native-epoll/4.1.30.Final/netty-transport-native-epoll-4.1.30.Final.jar:/home/user/.m2/repository/io/netty/netty-common/4.1.30.Final/netty-common-4.1.30.Final.jar:/home/user/.m2/repository/io/netty/netty-buffer/4.1.30.Final/netty-buffer-4.1.30.Final.jar:/home/user/.m2/repository/io/netty/netty-transport/4.1.30.Final/netty-transport-4.1.30.Final.jar:/home/user/.m2/repository/io/netty/netty-resolver/4.1.30.Final/netty-resolver-4.1.30.Final.jar:/home/user/.m2/repository/io/netty/netty-transport-native-unix-common/4.1.30.Final/netty-transport-native-unix-common-4.1.30.Final.jar:/home/user/.m2/repository/io/grpc/grpc-protobuf/1.17.1/grpc-protobuf-1.17.1.jar:/home/user/.m2/repository/com/google/api/grpc/proto-google-common-protos/1.0.0/proto-google-common-protos-1.0.0.jar:/home/user/.m2/repository/io/grpc/grpc-protobuf-lite/1.17.1/grpc-protobuf-lite-1.17.1.jar:/home/user/.m2/repository/io/grpc/grpc-stub/1.17.1/grpc-stub-1.17.1.jar:/home/user/.m2/repository/org/apache/hadoop/hadoop-ozone-recon/0.5.0-SNAPSHOT/hadoop-ozone-recon-0.5.0-SNAPSHOT.jar:/home/user/.m2/repository/org/apache/hadoop/hadoop-ozone-reconcodegen/0.5.0-SNAPSHOT/hadoop-ozone-reconcodegen-0.5.0-SNAPSHOT.jar:/home/user/.m2/repository/com/google/inject/extensions/guice-multibindings/4.0/guice-multibindings-4.0.jar:/home/user/.m2/repository/com/google/inject/guice/4.0/guice-4.0.jar:/home/user/.m2/repository/aopalliance/aopalliance/1.0/aopalliance-1.0.jar:/home/user/.m2/repository/org/glassfish/jersey/containers/jersey-container-servlet/2.27/jersey-container-servlet-2.27.jar:/home/user/.m2/repository/org/glassfish/hk2/guice-bridge/2.5.0/guice-bridge-2.5.0.jar:/home/user/.m2/repository/org/glassfish/jersey/core/jersey-server/2.27/jersey-server-2.27.jar:/home/user/.m2/repository/org/glassfish/jersey/core/jersey-client/2.27/jersey-client-2.27.jar:/home/user/.m2/repository/org/glassfish/jersey/media/jersey-media-jaxb/2.27/jersey-media-jaxb-2.27.jar:/home/user/.m2/repository/javax/validation/validation-api/1.1.0.Final/validation-api-1.1.0.Final.jar:/home/user/.m2/repository/org/glassfish/jersey/media/jersey-media-json-jackson/2.27/jersey-media-json-jackson-2.27.jar:/home/user/.m2/repository/org/glassfish/jersey/ext/jersey-entity-filtering/2.27/jersey-entity-filtering-2.27.jar:/home/user/.m2/repository/com/google/inject/extensions/guice-assistedinject/4.0/guice-assistedinject-4.0.jar:/home/user/.m2/repository/org/jooq/jooq/3.11.10/jooq-3.11.10.jar:/home/user/.m2/repository/org/jooq/jooq-meta/3.11.10/jooq-meta-3.11.10.jar:/home/user/.m2/repository/org/jooq/jooq-codegen/3.11.10/jooq-codegen-3.11.10.jar:/home/user/.m2/repository/com/jolbox/bonecp/0.8.0.RELEASE/bonecp-0.8.0.RELEASE.jar:/home/user/.m2/repository/org/springframework/spring-jdbc/5.1.3.RELEASE/spring-jdbc-5.1.3.RELEASE.jar:/home/user/.m2/repository/org/springframework/spring-beans/5.1.3.RELEASE/spring-beans-5.1.3.RELEASE.jar:/home/user/.m2/repository/org/springframework/spring-core/5.1.3.RELEASE/spring-core-5.1.3.RELEASE.jar:/home/user/.m2/repository/org/springframework/spring-jcl/5.1.3.RELEASE/spring-jcl-5.1.3.RELEASE.jar:/home/user/.m2/repository/org/springframework/spring-tx/5.1.3.RELEASE/spring-tx-5.1.3.RELEASE.jar:/home/user/.m2/repository/org/mockito/mockito-all/1.10.19/mockito-all-1.10.19.jar:/home/user/.m2/repository/junit/junit/4.11/junit-4.11.jar:/home/user/.m2/repository/org/hamcrest/hamcrest-core/1.3/hamcrest-core-1.3.jar:/home/user/.m2/repository/org/apache/hadoop/hadoop-distcp/3.2.0/hadoop-distcp-3.2.0.jar:/home/user/.m2/repository/org/apache/hadoop/hadoop-distcp/3.2.0/hadoop-distcp-3.2.0-tests.jar:/home/user/.m2/repository/org/apache/hadoop/hadoop-mapreduce-client-jobclient/3.2.0/hadoop-mapreduce-client-jobclient-3.2.0.jar:/home/user/.m2/repository/org/apache/hadoop/hadoop-mapreduce-client-common/3.2.0/hadoop-mapreduce-client-common-3.2.0.jar:/home/user/.m2/repository/org/apache/hadoop/hadoop-yarn-common/3.2.0/hadoop-yarn-common-3.2.0.jar:/home/user/.m2/repository/org/apache/hadoop/hadoop-yarn-api/3.2.0/hadoop-yarn-api-3.2.0.jar:/home/user/.m2/repository/com/sun/jersey/jersey-client/1.19/jersey-client-1.19.jar:/home/user/.m2/repository/com/sun/jersey/contribs/jersey-guice/1.19/jersey-guice-1.19.jar:/home/user/.m2/repository/com/fasterxml/jackson/jaxrs/jackson-jaxrs-json-provider/2.9.9/jackson-jaxrs-json-provider-2.9.9.jar:/home/user/.m2/repository/com/fasterxml/jackson/jaxrs/jackson-jaxrs-base/2.9.9/jackson-jaxrs-base-2.9.9.jar:/home/user/.m2/repository/org/apache/hadoop/hadoop-yarn-client/3.2.0/hadoop-yarn-client-3.2.0.jar:/home/user/.m2/repository/org/apache/hadoop/hadoop-mapreduce-client-core/3.2.0/hadoop-mapreduce-client-core-3.2.0.jar:/home/user/.m2/repository/com/google/inject/extensions/guice-servlet/4.0/guice-servlet-4.0.jar:/home/user/.m2/repository/org/powermock/powermock-module-junit4/1.6.5/powermock-module-junit4-1.6.5.jar:/home/user/.m2/repository/org/powermock/powermock-module-junit4-common/1.6.5/powermock-module-junit4-common-1.6.5.jar:/home/user/.m2/repository/org/powermock/powermock-core/1.6.5/powermock-core-1.6.5.jar:/home/user/.m2/repository/org/powermock/powermock-reflect/1.6.5/powermock-reflect-1.6.5.jar:/home/user/.m2/repository/org/powermock/powermock-api-mockito/1.6.5/powermock-api-mockito-1.6.5.jar:/home/user/.m2/repository/org/mockito/mockito-core/1.10.19/mockito-core-1.10.19.jar:/home/user/.m2/repository/org/objenesis/objenesis/1.0/objenesis-1.0.jar:/home/user/.m2/repository/org/powermock/powermock-api-mockito-common/1.6.5/powermock-api-mockito-common-1.6.5.jar:/home/user/.m2/repository/org/powermock/powermock-api-support/1.6.5/powermock-api-support-1.6.5.jar:"/>
    <property name="sun.cpu.endian" value="little"/>
    <property name="user.home" value="/home/user"/>
    <property name="user.language" value="en"/>
    <property name="java.specification.vendor" value="Oracle Corporation"/>
    <property name="java.home" value="/usr/lib/jvm/java-1.8-openjdk/jre"/>
    <property name="java.security.krb5.conf" value="/workdir/hadoop-ozone/ozonefs/target/test-classes/krb5.conf"/>
    <property name="basedir" value="/workdir/hadoop-ozone/ozonefs"/>
    <property name="file.separator" value="/"/>
    <property name="line.separator" value="&#10;"/>
    <property name="java.vm.specification.vendor" value="Oracle Corporation"/>
    <property name="java.specification.name" value="Java Platform API Specification"/>
    <property name="java.awt.graphicsenv" value="sun.awt.X11GraphicsEnvironment"/>
    <property name="surefire.real.class.path" value="/workdir/hadoop-ozone/ozonefs/target/surefire/surefirebooter2541305531029955742.jar"/>
    <property name="hadoop.log.dir" value="/workdir/hadoop-ozone/ozonefs/target/log"/>
    <property name="sun.boot.class.path" value="/usr/lib/jvm/java-1.8-openjdk/jre/lib/resources.jar:/usr/lib/jvm/java-1.8-openjdk/jre/lib/rt.jar:/usr/lib/jvm/java-1.8-openjdk/jre/lib/sunrsasign.jar:/usr/lib/jvm/java-1.8-openjdk/jre/lib/jsse.jar:/usr/lib/jvm/java-1.8-openjdk/jre/lib/jce.jar:/usr/lib/jvm/java-1.8-openjdk/jre/lib/charsets.jar:/usr/lib/jvm/java-1.8-openjdk/jre/lib/jfr.jar:/usr/lib/jvm/java-1.8-openjdk/jre/classes"/>
    <property name="sun.management.compiler" value="HotSpot 64-Bit Tiered Compilers"/>
    <property name="java.runtime.version" value="1.8.0_212-b04"/>
    <property name="java.net.preferIPv4Stack" value="true"/>
    <property name="user.name" value="jenkins1000"/>
    <property name="path.separator" value=":"/>
    <property name="java.security.egd" value="file:///dev/urandom"/>
    <property name="os.version" value="3.10.0-957.12.2.el7.x86_64"/>
    <property name="java.endorsed.dirs" value="/usr/lib/jvm/java-1.8-openjdk/jre/lib/endorsed"/>
    <property name="java.runtime.name" value="OpenJDK Runtime Environment"/>
    <property name="file.encoding" value="UTF-8"/>
    <property name="java.vm.name" value="OpenJDK 64-Bit Server VM"/>
    <property name="test.build.webapps" value=""/>
    <property name="localRepository" value="/home/user/.m2/repository"/>
    <property name="java.vendor.url.bug" value="https://icedtea.classpath.org/bugzilla"/>
    <property name="java.io.tmpdir" value="/tmp"/>
    <property name="require.test.libhadoop" value=""/>
    <property name="java.version" value="1.8.0_212"/>
    <property name="user.dir" value="/workdir/hadoop-ozone/ozonefs"/>
    <property name="os.arch" value="amd64"/>
    <property name="java.vm.specification.name" value="Java Virtual Machine Specification"/>
    <property name="test.build.classes" value="/workdir/hadoop-ozone/ozonefs/target/test-classes"/>
    <property name="java.awt.printerjob" value="sun.print.PSPrinterJob"/>
    <property name="sun.os.patch.level" value="unknown"/>
    <property name="hadoop.tmp.dir" value="/workdir/hadoop-ozone/ozonefs/target/tmp"/>
    <property name="java.library.path" value="/usr/lib/jvm/java-1.8-openjdk/jre/lib/amd64/server:/usr/lib/jvm/java-1.8-openjdk/jre/lib/amd64:/usr/lib/jvm/java-1.8-openjdk/jre/../lib/amd64:/workdir/hadoop-ozone/ozonefs/target/native/target/usr/local/lib:/workdir/hadoop-ozone/ozonefs/../../hadoop-common-project/hadoop-common/target/native/target/usr/local/lib:/usr/java/packages/lib/amd64:/usr/lib64:/lib64:/lib:/usr/lib"/>
    <property name="java.vm.info" value="mixed mode"/>
    <property name="java.vendor" value="IcedTea"/>
    <property name="java.vm.version" value="25.212-b04"/>
    <property name="java.ext.dirs" value="/usr/lib/jvm/java-1.8-openjdk/jre/lib/ext:/usr/java/packages/lib/ext"/>
    <property name="sun.io.unicode.encoding" value="UnicodeLittle"/>
    <property name="java.class.version" value="52.0"/>
  </properties>
  <testcase name="testOzoneManagerFileSystemInterface[0]" classname="org.apache.hadoop.fs.ozone.TestOzoneFileInterfaces" time="22.399">
    <error message="Volume not found ggmybivgtm" type="VOLUME_NOT_FOUND org.apache.hadoop.ozone.om.exceptions.OMException">VOLUME_NOT_FOUND org.apache.hadoop.ozone.om.exceptions.OMException: Volume not found ggmybivgtm
	at org.apache.hadoop.ozone.om.protocolPB.OzoneManagerProtocolClientSideTranslatorPB.handleError(OzoneManagerProtocolClientSideTranslatorPB.java:732)
	at org.apache.hadoop.ozone.om.protocolPB.OzoneManagerProtocolClientSideTranslatorPB.createDirectory(OzoneManagerProtocolClientSideTranslatorPB.java:1377)
	at sun.reflect.NativeMethodAccessorImpl.invoke0(Native Method)
	at sun.reflect.NativeMethodAccessorImpl.invoke(NativeMethodAccessorImpl.java:62)
	at sun.reflect.DelegatingMethodAccessorImpl.invoke(DelegatingMethodAccessorImpl.java:43)
	at java.lang.reflect.Method.invoke(Method.java:498)
	at org.apache.hadoop.hdds.tracing.TraceAllMethod.invoke(TraceAllMethod.java:66)
	at com.sun.proxy.$Proxy39.createDirectory(Unknown Source)
	at org.apache.hadoop.ozone.client.rpc.RpcClient.createDirectory(RpcClient.java:976)
	at org.apache.hadoop.ozone.client.OzoneBucket.createDirectory(OzoneBucket.java:503)
	at org.apache.hadoop.fs.ozone.BasicOzoneClientAdapterImpl.createDirectory(BasicOzoneClientAdapterImpl.java:236)
	at org.apache.hadoop.fs.ozone.BasicOzoneFileSystem.mkdir(BasicOzoneFileSystem.java:597)
	at org.apache.hadoop.fs.ozone.BasicOzoneFileSystem.mkdirs(BasicOzoneFileSystem.java:607)
	at org.apache.hadoop.fs.FileSystem.mkdirs(FileSystem.java:2275)
	at org.apache.hadoop.fs.ozone.TestOzoneFileInterfaces.testOzoneManagerFileSystemInterface(TestOzoneFileInterfaces.java:283)
	at sun.reflect.NativeMethodAccessorImpl.invoke0(Native Method)
	at sun.reflect.NativeMethodAccessorImpl.invoke(NativeMethodAccessorImpl.java:62)
	at sun.reflect.DelegatingMethodAccessorImpl.invoke(DelegatingMethodAccessorImpl.java:43)
	at java.lang.reflect.Method.invoke(Method.java:498)
	at org.junit.runners.model.FrameworkMethod$1.runReflectiveCall(FrameworkMethod.java:47)
	at org.junit.internal.runners.model.ReflectiveCallable.run(ReflectiveCallable.java:12)
	at org.junit.runners.model.FrameworkMethod.invokeExplosively(FrameworkMethod.java:44)
	at org.junit.internal.runners.statements.InvokeMethod.evaluate(InvokeMethod.java:17)
	at org.junit.internal.runners.statements.RunBefores.evaluate(RunBefores.java:26)
	at org.junit.internal.runners.statements.RunAfters.evaluate(RunAfters.java:27)
	at org.junit.runners.ParentRunner.runLeaf(ParentRunner.java:271)
	at org.junit.runners.BlockJUnit4ClassRunner.runChild(BlockJUnit4ClassRunner.java:70)
	at org.junit.runners.BlockJUnit4ClassRunner.runChild(BlockJUnit4ClassRunner.java:50)
	at org.junit.runners.ParentRunner$3.run(ParentRunner.java:238)
	at org.junit.runners.ParentRunner$1.schedule(ParentRunner.java:63)
	at org.junit.runners.ParentRunner.runChildren(ParentRunner.java:236)
	at org.junit.runners.ParentRunner.access$000(ParentRunner.java:53)
	at org.junit.runners.ParentRunner$2.evaluate(ParentRunner.java:229)
	at org.junit.runners.ParentRunner.run(ParentRunner.java:309)
	at org.junit.runners.Suite.runChild(Suite.java:127)
	at org.junit.runners.Suite.runChild(Suite.java:26)
	at org.junit.runners.ParentRunner$3.run(ParentRunner.java:238)
	at org.junit.runners.ParentRunner$1.schedule(ParentRunner.java:63)
	at org.junit.runners.ParentRunner.runChildren(ParentRunner.java:236)
	at org.junit.runners.ParentRunner.access$000(ParentRunner.java:53)
	at org.junit.runners.ParentRunner$2.evaluate(ParentRunner.java:229)
	at org.junit.runners.ParentRunner.run(ParentRunner.java:309)
	at org.apache.maven.surefire.junit4.JUnit4Provider.execute(JUnit4Provider.java:365)
	at org.apache.maven.surefire.junit4.JUnit4Provider.executeWithRerun(JUnit4Provider.java:273)
	at org.apache.maven.surefire.junit4.JUnit4Provider.executeTestSet(JUnit4Provider.java:238)
	at org.apache.maven.surefire.junit4.JUnit4Provider.invoke(JUnit4Provider.java:159)
	at org.apache.maven.surefire.booter.ForkedBooter.invokeProviderInSameClassLoader(ForkedBooter.java:384)
	at org.apache.maven.surefire.booter.ForkedBooter.runSuitesInProcess(ForkedBooter.java:345)
	at org.apache.maven.surefire.booter.ForkedBooter.execute(ForkedBooter.java:126)
	at org.apache.maven.surefire.booter.ForkedBooter.main(ForkedBooter.java:418)
</error>
    <system-out><![CDATA[2019-10-03 02:03:52,534 [main] WARN  server.ServerUtils (ServerUtils.java:getScmDbDir(145)) - ozone.scm.db.dirs is not configured. We recommend adding this setting. Falling back to ozone.metadata.dirs instead.
2019-10-03 02:03:52,622 [main] WARN  server.ServerUtils (ServerUtils.java:getScmDbDir(145)) - ozone.scm.db.dirs is not configured. We recommend adding this setting. Falling back to ozone.metadata.dirs instead.
2019-10-03 02:03:52,625 [main] WARN  server.ServerUtils (ServerUtils.java:getScmDbDir(145)) - ozone.scm.db.dirs is not configured. We recommend adding this setting. Falling back to ozone.metadata.dirs instead.
2019-10-03 02:03:52,639 [main] INFO  util.log (Log.java:initialized(192)) - Logging initialized @871ms
2019-10-03 02:03:52,721 [main] INFO  db.DBStoreBuilder (DBStoreBuilder.java:addTable(110)) - using custom profile for table: deletedBlocks
2019-10-03 02:03:52,722 [main] INFO  db.DBStoreBuilder (DBStoreBuilder.java:processTables(161)) - Using default column profile:DBProfile.DISK for Table:deletedBlocks
2019-10-03 02:03:52,722 [main] INFO  db.DBStoreBuilder (DBStoreBuilder.java:addTable(110)) - using custom profile for table: validCerts
2019-10-03 02:03:52,722 [main] INFO  db.DBStoreBuilder (DBStoreBuilder.java:processTables(161)) - Using default column profile:DBProfile.DISK for Table:validCerts
2019-10-03 02:03:52,723 [main] INFO  db.DBStoreBuilder (DBStoreBuilder.java:addTable(110)) - using custom profile for table: revokedCerts
2019-10-03 02:03:52,723 [main] INFO  db.DBStoreBuilder (DBStoreBuilder.java:processTables(161)) - Using default column profile:DBProfile.DISK for Table:revokedCerts
2019-10-03 02:03:52,733 [main] INFO  db.DBStoreBuilder (DBStoreBuilder.java:addTable(110)) - using custom profile for table: default
2019-10-03 02:03:52,733 [main] INFO  db.DBStoreBuilder (DBStoreBuilder.java:processTables(167)) - Using default column profile:DBProfile.DISK for Table:default
2019-10-03 02:03:52,734 [main] INFO  db.DBStoreBuilder (DBStoreBuilder.java:getDbProfile(198)) - Using default options. DBProfile.DISK
2019-10-03 02:03:53,069 [main] INFO  net.NodeSchemaLoader (NodeSchemaLoader.java:loadSchemaFromFile(125)) - Loading file from sun.misc.CompoundEnumeration@2d1ef81a
2019-10-03 02:03:53,071 [main] INFO  net.NodeSchemaLoader (NodeSchemaLoader.java:loadSchema(171)) - Loading network topology layer schema file
2019-10-03 02:03:53,152 [main] WARN  server.ServerUtils (ServerUtils.java:sanitizeUserArgs(70)) - ozone.scm.stale.node.interval value = 300000 is larger than max = 100000 based on the key value of ozone.scm.heartbeat.thread.interval, reset to the max value 100000.
2019-10-03 02:03:53,154 [main] WARN  server.ServerUtils (ServerUtils.java:sanitizeUserArgs(70)) - ozone.scm.stale.node.interval value = 300000 is larger than max = 100000 based on the key value of ozone.scm.heartbeat.thread.interval, reset to the max value 100000.
2019-10-03 02:03:53,156 [main] INFO  node.SCMNodeManager (SCMNodeManager.java:<init>(114)) - Entering startup safe mode.
2019-10-03 02:03:53,269 [main] INFO  algorithms.ContainerPlacementPolicyFactory (ContainerPlacementPolicyFactory.java:getPolicy(57)) - Create container placement policy of type org.apache.hadoop.hdds.scm.container.placement.algorithms.SCMContainerPlacementRandom
2019-10-03 02:03:53,282 [main] WARN  server.ServerUtils (ServerUtils.java:getScmDbDir(145)) - ozone.scm.db.dirs is not configured. We recommend adding this setting. Falling back to ozone.metadata.dirs instead.
2019-10-03 02:03:53,386 [main] INFO  pipeline.SCMPipelineManager (SCMPipelineManager.java:initializePipelineState(132)) - No pipeline exists in current db
2019-10-03 02:03:53,390 [main] WARN  server.ServerUtils (ServerUtils.java:getScmDbDir(145)) - ozone.scm.db.dirs is not configured. We recommend adding this setting. Falling back to ozone.metadata.dirs instead.
2019-10-03 02:03:53,547 [main] WARN  events.EventQueue (EventQueue.java:fireEvent(183)) - No event handler registered for event TypedEvent{payloadType=SafeModeStatus, name='SafeModeStatus'}
2019-10-03 02:03:54,023 [main] INFO  ipc.CallQueueManager (CallQueueManager.java:<init>(84)) - Using callQueue: class java.util.concurrent.LinkedBlockingQueue, queueCapacity: 2000, scheduler: class org.apache.hadoop.ipc.DefaultRpcScheduler, ipcBackoff: false.
2019-10-03 02:03:54,176 [Socket Reader #1 for port 34986] INFO  ipc.Server (Server.java:run(1074)) - Starting Socket Reader #1 for port 34986
2019-10-03 02:03:54,213 [main] INFO  ipc.CallQueueManager (CallQueueManager.java:<init>(84)) - Using callQueue: class java.util.concurrent.LinkedBlockingQueue, queueCapacity: 2000, scheduler: class org.apache.hadoop.ipc.DefaultRpcScheduler, ipcBackoff: false.
2019-10-03 02:03:54,214 [Socket Reader #1 for port 42442] INFO  ipc.Server (Server.java:run(1074)) - Starting Socket Reader #1 for port 42442
2019-10-03 02:03:54,230 [main] INFO  ipc.CallQueueManager (CallQueueManager.java:<init>(84)) - Using callQueue: class java.util.concurrent.LinkedBlockingQueue, queueCapacity: 2000, scheduler: class org.apache.hadoop.ipc.DefaultRpcScheduler, ipcBackoff: false.
2019-10-03 02:03:54,232 [Socket Reader #1 for port 43447] INFO  ipc.Server (Server.java:run(1074)) - Starting Socket Reader #1 for port 43447
2019-10-03 02:03:54,255 [main] INFO  hdfs.DFSUtil (DFSUtil.java:httpServerTemplateForNNAndJN(1641)) - Starting Web-server for scm at: http://0.0.0.0:0
2019-10-03 02:03:54,390 [main] INFO  server.AuthenticationFilter (AuthenticationFilter.java:constructSecretProvider(240)) - Unable to initialize FileSignerSecretProvider, falling back to use random secrets.
2019-10-03 02:03:54,406 [main] WARN  http.HttpRequestLog (HttpRequestLog.java:getRequestLog(97)) - Jetty request log can only be enabled using Log4j
2019-10-03 02:03:54,416 [main] INFO  http.HttpServer2 (HttpServer2.java:addGlobalFilter(975)) - Added global filter 'safety' (class=org.apache.hadoop.http.HttpServer2$QuotingInputFilter)
2019-10-03 02:03:54,419 [main] INFO  http.HttpServer2 (HttpServer2.java:addFilter(948)) - Added filter static_user_filter (class=org.apache.hadoop.http.lib.StaticUserWebFilter$StaticUserFilter) to context scm
2019-10-03 02:03:54,419 [main] INFO  http.HttpServer2 (HttpServer2.java:addFilter(958)) - Added filter static_user_filter (class=org.apache.hadoop.http.lib.StaticUserWebFilter$StaticUserFilter) to context logs
2019-10-03 02:03:54,419 [main] INFO  http.HttpServer2 (HttpServer2.java:addFilter(958)) - Added filter static_user_filter (class=org.apache.hadoop.http.lib.StaticUserWebFilter$StaticUserFilter) to context static
2019-10-03 02:03:54,453 [main] INFO  server.StorageContainerManager (StorageContainerManager.java:start(770)) - StorageContainerLocationProtocol RPC server is listening at /0.0.0.0:43447
2019-10-03 02:03:54,507 [main] WARN  impl.MetricsConfig (MetricsConfig.java:loadFirst(134)) - Cannot locate configuration: tried hadoop-metrics2-storagecontainermanager.properties,hadoop-metrics2.properties
2019-10-03 02:03:54,519 [main] INFO  impl.MetricsSystemImpl (MetricsSystemImpl.java:startTimer(374)) - Scheduled Metric snapshot period at 10 second(s).
2019-10-03 02:03:54,519 [main] INFO  impl.MetricsSystemImpl (MetricsSystemImpl.java:start(191)) - StorageContainerManager metrics system started
2019-10-03 02:03:54,755 [main] INFO  server.SCMClientProtocolServer (SCMClientProtocolServer.java:start(150)) - RPC server for Client  is listening at /0.0.0.0:43447
2019-10-03 02:03:54,755 [IPC Server listener on 43447] INFO  ipc.Server (Server.java:run(1153)) - IPC Server listener on 43447: starting
2019-10-03 02:03:54,755 [IPC Server Responder] INFO  ipc.Server (Server.java:run(1314)) - IPC Server Responder: starting
2019-10-03 02:03:54,758 [main] INFO  server.StorageContainerManager (StorageContainerManager.java:start(780)) - ScmBlockLocationProtocol RPC server is listening at /0.0.0.0:42442
2019-10-03 02:03:54,760 [main] INFO  server.SCMBlockProtocolServer (SCMBlockProtocolServer.java:start(146)) - RPC server for Block Protocol is listening at /0.0.0.0:42442
2019-10-03 02:03:54,761 [IPC Server Responder] INFO  ipc.Server (Server.java:run(1314)) - IPC Server Responder: starting
2019-10-03 02:03:54,761 [IPC Server listener on 42442] INFO  ipc.Server (Server.java:run(1153)) - IPC Server listener on 42442: starting
2019-10-03 02:03:54,764 [main] INFO  server.StorageContainerManager (StorageContainerManager.java:start(784)) - ScmDatanodeProtocl RPC server is listening at /0.0.0.0:34986
2019-10-03 02:03:54,764 [main] INFO  server.SCMDatanodeProtocolServer (SCMDatanodeProtocolServer.java:start(191)) - RPC server for DataNodes is listening at /0.0.0.0:34986
2019-10-03 02:03:54,765 [IPC Server Responder] INFO  ipc.Server (Server.java:run(1314)) - IPC Server Responder: starting
2019-10-03 02:03:54,765 [IPC Server listener on 34986] INFO  ipc.Server (Server.java:run(1153)) - IPC Server listener on 34986: starting
2019-10-03 02:03:54,770 [main] INFO  http.HttpServer2 (HttpServer2.java:bindListener(1191)) - Jetty bound to port 42642
2019-10-03 02:03:54,772 [main] INFO  server.Server (Server.java:doStart(351)) - jetty-9.3.25.v20180904, build timestamp: 2018-09-04T21:11:46Z, git hash: 3ce520221d0240229c862b122d2b06c12a625732
2019-10-03 02:03:54,821 [main] INFO  handler.ContextHandler (ContextHandler.java:doStart(781)) - Started o.e.j.s.ServletContextHandler@c5ee75e{/logs,file:///workdir/hadoop-ozone/ozonefs/target/log,AVAILABLE}
2019-10-03 02:03:54,821 [main] INFO  handler.ContextHandler (ContextHandler.java:doStart(781)) - Started o.e.j.s.ServletContextHandler@b70da4c{/static,jar:file:/home/user/.m2/repository/org/apache/hadoop/hadoop-hdds-server-scm/0.5.0-SNAPSHOT/hadoop-hdds-server-scm-0.5.0-SNAPSHOT.jar!/webapps/static,AVAILABLE}
2019-10-03 02:03:54,900 [main] INFO  handler.ContextHandler (ContextHandler.java:doStart(781)) - Started o.e.j.w.WebAppContext@324c64cd{/,file:///tmp/jetty-0.0.0.0-42642-scm-_-any-4026582912958481369.dir/webapp/,AVAILABLE}{/scm}
2019-10-03 02:03:54,905 [main] INFO  server.AbstractConnector (AbstractConnector.java:doStart(278)) - Started ServerConnector@5a4bef8{HTTP/1.1,[http/1.1]}{0.0.0.0:42642}
2019-10-03 02:03:54,905 [main] INFO  server.Server (Server.java:doStart(419)) - Started @3137ms
2019-10-03 02:03:54,908 [main] INFO  impl.MetricsSinkAdapter (MetricsSinkAdapter.java:start(204)) - Sink prometheus started
2019-10-03 02:03:54,909 [main] INFO  impl.MetricsSystemImpl (MetricsSystemImpl.java:registerSink(301)) - Registered sink prometheus
2019-10-03 02:03:54,912 [main] INFO  server.BaseHttpServer (BaseHttpServer.java:updateConnectorAddress(215)) - HTTP server of SCM is listening at http://0.0.0.0:42642
2019-10-03 02:03:54,919 [org.apache.hadoop.util.JvmPauseMonitor$Monitor@5bd1ceca] INFO  util.JvmPauseMonitor (JvmPauseMonitor.java:run(188)) - Starting JVM pause monitor
2019-10-03 02:03:54,923 [main] WARN  server.ServerUtils (ServerUtils.java:getDBPath(222)) - ozone.om.db.dirs is not configured. We recommend adding this setting. Falling back to ozone.metadata.dirs instead.
2019-10-03 02:03:55,090 [main] WARN  server.ServerUtils (ServerUtils.java:getDBPath(222)) - ozone.om.db.dirs is not configured. We recommend adding this setting. Falling back to ozone.metadata.dirs instead.
2019-10-03 02:03:55,091 [main] WARN  server.ServerUtils (ServerUtils.java:getDBPath(222)) - ozone.om.db.dirs is not configured. We recommend adding this setting. Falling back to ozone.metadata.dirs instead.
2019-10-03 02:03:55,092 [main] INFO  om.OzoneManager (OzoneManager.java:setOMNodeDetails(652)) - OM Service ID is not set. Setting it to the default ID: omServiceIdDefault
2019-10-03 02:03:55,093 [main] INFO  om.OzoneManager (OzoneManager.java:setOMNodeDetails(658)) - OM Node ID is not set. Setting it to the OmStorage's OmID: e522504b-d8a0-4a79-a637-25d271b5ffe0
2019-10-03 02:03:55,095 [main] INFO  om.OzoneManager (OzoneManager.java:loadOMHAConfigs(609)) - Found matching OM address with OMServiceId: null, OMNodeId: null, RPC Address: localhost:0 and Ratis port: 9872
2019-10-03 02:03:55,903 [main] WARN  server.ServerUtils (ServerUtils.java:getDBPath(222)) - ozone.om.db.dirs is not configured. We recommend adding this setting. Falling back to ozone.metadata.dirs instead.
2019-10-03 02:03:55,915 [main] INFO  db.DBStoreBuilder (DBStoreBuilder.java:addTable(110)) - using custom profile for table: userTable
2019-10-03 02:03:55,915 [main] INFO  db.DBStoreBuilder (DBStoreBuilder.java:processTables(161)) - Using default column profile:DBProfile.DISK for Table:userTable
2019-10-03 02:03:55,915 [main] INFO  db.DBStoreBuilder (DBStoreBuilder.java:addTable(110)) - using custom profile for table: volumeTable
2019-10-03 02:03:55,916 [main] INFO  db.DBStoreBuilder (DBStoreBuilder.java:processTables(161)) - Using default column profile:DBProfile.DISK for Table:volumeTable
2019-10-03 02:03:55,916 [main] INFO  db.DBStoreBuilder (DBStoreBuilder.java:addTable(110)) - using custom profile for table: bucketTable
2019-10-03 02:03:55,916 [main] INFO  db.DBStoreBuilder (DBStoreBuilder.java:processTables(161)) - Using default column profile:DBProfile.DISK for Table:bucketTable
2019-10-03 02:03:55,917 [main] INFO  db.DBStoreBuilder (DBStoreBuilder.java:addTable(110)) - using custom profile for table: keyTable
2019-10-03 02:03:55,917 [main] INFO  db.DBStoreBuilder (DBStoreBuilder.java:processTables(161)) - Using default column profile:DBProfile.DISK for Table:keyTable
2019-10-03 02:03:55,917 [main] INFO  db.DBStoreBuilder (DBStoreBuilder.java:addTable(110)) - using custom profile for table: deletedTable
2019-10-03 02:03:55,917 [main] INFO  db.DBStoreBuilder (DBStoreBuilder.java:processTables(161)) - Using default column profile:DBProfile.DISK for Table:deletedTable
2019-10-03 02:03:55,918 [main] INFO  db.DBStoreBuilder (DBStoreBuilder.java:addTable(110)) - using custom profile for table: openKeyTable
2019-10-03 02:03:55,918 [main] INFO  db.DBStoreBuilder (DBStoreBuilder.java:processTables(161)) - Using default column profile:DBProfile.DISK for Table:openKeyTable
2019-10-03 02:03:55,918 [main] INFO  db.DBStoreBuilder (DBStoreBuilder.java:addTable(110)) - using custom profile for table: s3Table
2019-10-03 02:03:55,918 [main] INFO  db.DBStoreBuilder (DBStoreBuilder.java:processTables(161)) - Using default column profile:DBProfile.DISK for Table:s3Table
2019-10-03 02:03:55,919 [main] INFO  db.DBStoreBuilder (DBStoreBuilder.java:addTable(110)) - using custom profile for table: multipartInfoTable
2019-10-03 02:03:55,919 [main] INFO  db.DBStoreBuilder (DBStoreBuilder.java:processTables(161)) - Using default column profile:DBProfile.DISK for Table:multipartInfoTable
2019-10-03 02:03:55,919 [main] INFO  db.DBStoreBuilder (DBStoreBuilder.java:addTable(110)) - using custom profile for table: dTokenTable
2019-10-03 02:03:55,920 [main] INFO  db.DBStoreBuilder (DBStoreBuilder.java:processTables(161)) - Using default column profile:DBProfile.DISK for Table:dTokenTable
2019-10-03 02:03:55,920 [main] INFO  db.DBStoreBuilder (DBStoreBuilder.java:addTable(110)) - using custom profile for table: s3SecretTable
2019-10-03 02:03:55,920 [main] INFO  db.DBStoreBuilder (DBStoreBuilder.java:processTables(161)) - Using default column profile:DBProfile.DISK for Table:s3SecretTable
2019-10-03 02:03:55,920 [main] INFO  db.DBStoreBuilder (DBStoreBuilder.java:addTable(110)) - using custom profile for table: prefixTable
2019-10-03 02:03:55,921 [main] INFO  db.DBStoreBuilder (DBStoreBuilder.java:processTables(161)) - Using default column profile:DBProfile.DISK for Table:prefixTable
2019-10-03 02:03:55,921 [main] INFO  db.DBStoreBuilder (DBStoreBuilder.java:addTable(110)) - using custom profile for table: default
2019-10-03 02:03:55,921 [main] INFO  db.DBStoreBuilder (DBStoreBuilder.java:processTables(167)) - Using default column profile:DBProfile.DISK for Table:default
2019-10-03 02:03:55,921 [main] INFO  db.DBStoreBuilder (DBStoreBuilder.java:getDbProfile(198)) - Using default options. DBProfile.DISK
2019-10-03 02:03:56,566 [main] INFO  ipc.CallQueueManager (CallQueueManager.java:<init>(84)) - Using callQueue: class java.util.concurrent.LinkedBlockingQueue, queueCapacity: 2000, scheduler: class org.apache.hadoop.ipc.DefaultRpcScheduler, ipcBackoff: false.
2019-10-03 02:03:56,570 [Socket Reader #1 for port 34957] INFO  ipc.Server (Server.java:run(1074)) - Starting Socket Reader #1 for port 34957
2019-10-03 02:03:56,619 [main] INFO  om.OzoneManager (OzoneManager.java:start(1243)) - OzoneManager RPC server is listening at localhost/127.0.0.1:34957
2019-10-03 02:03:56,619 [main] INFO  impl.MetricsSystemImpl (MetricsSystemImpl.java:init(158)) - OzoneManager metrics system started (again)
2019-10-03 02:03:56,622 [IPC Server Responder] INFO  ipc.Server (Server.java:run(1314)) - IPC Server Responder: starting
2019-10-03 02:03:56,622 [IPC Server listener on 34957] INFO  ipc.Server (Server.java:run(1153)) - IPC Server listener on 34957: starting
2019-10-03 02:03:56,629 [main] INFO  hdfs.DFSUtil (DFSUtil.java:httpServerTemplateForNNAndJN(1641)) - Starting Web-server for ozoneManager at: http://0.0.0.0:0
2019-10-03 02:03:56,634 [main] INFO  server.AuthenticationFilter (AuthenticationFilter.java:constructSecretProvider(240)) - Unable to initialize FileSignerSecretProvider, falling back to use random secrets.
2019-10-03 02:03:56,636 [main] WARN  http.HttpRequestLog (HttpRequestLog.java:getRequestLog(97)) - Jetty request log can only be enabled using Log4j
2019-10-03 02:03:56,641 [main] INFO  http.HttpServer2 (HttpServer2.java:addGlobalFilter(975)) - Added global filter 'safety' (class=org.apache.hadoop.http.HttpServer2$QuotingInputFilter)
2019-10-03 02:03:56,643 [main] INFO  http.HttpServer2 (HttpServer2.java:addFilter(948)) - Added filter static_user_filter (class=org.apache.hadoop.http.lib.StaticUserWebFilter$StaticUserFilter) to context ozoneManager
2019-10-03 02:03:56,643 [main] INFO  http.HttpServer2 (HttpServer2.java:addFilter(958)) - Added filter static_user_filter (class=org.apache.hadoop.http.lib.StaticUserWebFilter$StaticUserFilter) to context logs
2019-10-03 02:03:56,643 [main] INFO  http.HttpServer2 (HttpServer2.java:addFilter(958)) - Added filter static_user_filter (class=org.apache.hadoop.http.lib.StaticUserWebFilter$StaticUserFilter) to context static
2019-10-03 02:03:56,648 [main] INFO  http.HttpServer2 (HttpServer2.java:bindListener(1191)) - Jetty bound to port 39024
2019-10-03 02:03:56,648 [main] INFO  server.Server (Server.java:doStart(351)) - jetty-9.3.25.v20180904, build timestamp: 2018-09-04T21:11:46Z, git hash: 3ce520221d0240229c862b122d2b06c12a625732
2019-10-03 02:03:56,651 [main] INFO  handler.ContextHandler (ContextHandler.java:doStart(781)) - Started o.e.j.s.ServletContextHandler@58399d82{/logs,file:///workdir/hadoop-ozone/ozonefs/target/log,AVAILABLE}
2019-10-03 02:03:56,652 [main] INFO  handler.ContextHandler (ContextHandler.java:doStart(781)) - Started o.e.j.s.ServletContextHandler@46d8f407{/static,jar:file:/home/user/.m2/repository/org/apache/hadoop/hadoop-ozone-ozone-manager/0.5.0-SNAPSHOT/hadoop-ozone-ozone-manager-0.5.0-SNAPSHOT.jar!/webapps/static,AVAILABLE}
2019-10-03 02:03:56,718 [main] INFO  handler.ContextHandler (ContextHandler.java:doStart(781)) - Started o.e.j.w.WebAppContext@5cd61783{/,file:///tmp/jetty-0.0.0.0-39024-ozoneManager-_-any-2940063820642829248.dir/webapp/,AVAILABLE}{/ozoneManager}
2019-10-03 02:03:56,719 [main] INFO  server.AbstractConnector (AbstractConnector.java:doStart(278)) - Started ServerConnector@59429fac{HTTP/1.1,[http/1.1]}{0.0.0.0:39024}
2019-10-03 02:03:56,720 [main] INFO  server.Server (Server.java:doStart(419)) - Started @4951ms
2019-10-03 02:03:56,720 [main] WARN  impl.MetricsSystemImpl (MetricsSystemImpl.java:register(276)) - Sink prometheus already exists!
2019-10-03 02:03:56,721 [main] INFO  server.BaseHttpServer (BaseHttpServer.java:updateConnectorAddress(215)) - HTTP server of OZONEMANAGER is listening at http://0.0.0.0:39024
2019-10-03 02:03:57,130 [main] INFO  impl.MetricsSystemImpl (MetricsSystemImpl.java:init(158)) - HddsDatanode metrics system started (again)
2019-10-03 02:03:57,190 [main] INFO  ozone.HddsDatanodeService (HddsDatanodeService.java:start(184)) - HddsDatanodeService host:pr-hdds-1737-89jld-2007629010 ip:192.168.164.205
2019-10-03 02:03:57,228 [main] INFO  volume.HddsVolume (HddsVolume.java:<init>(176)) - Creating Volume: /workdir/hadoop-ozone/ozonefs/target/test-dir/MiniOzoneClusterImpl-9087a402-0ae6-4342-9f6b-aead06e90c3f/datanode-0/data/containers/hdds of  storage type : DISK and capacity : 1482555576320
2019-10-03 02:03:57,231 [main] INFO  volume.VolumeSet (VolumeSet.java:initializeVolumeSet(170)) - Added Volume : /workdir/hadoop-ozone/ozonefs/target/test-dir/MiniOzoneClusterImpl-9087a402-0ae6-4342-9f6b-aead06e90c3f/datanode-0/data/containers/hdds to VolumeSet
2019-10-03 02:03:57,237 [main] INFO  volume.ThrottledAsyncChecker (ThrottledAsyncChecker.java:schedule(139)) - Scheduling a check for org.apache.hadoop.ozone.container.common.volume.HddsVolume@2fc2a205
2019-10-03 02:03:57,261 [main] INFO  volume.HddsVolumeChecker (HddsVolumeChecker.java:checkAllVolumes(202)) - Scheduled health check for volume org.apache.hadoop.ozone.container.common.volume.HddsVolume@2fc2a205
2019-10-03 02:03:57,403 [main] INFO  impl.RaftServerProxy (ConfUtils.java:logGet(43)) - raft.rpc.type = GRPC (default)
2019-10-03 02:03:57,479 [main] INFO  grpc.GrpcFactory (GrpcFactory.java:checkPooledByteBufAllocatorUseCacheForAllThreads(45)) - PERFORMANCE WARNING: useCacheForAllThreads is true that may cause Netty to create a lot garbage objects and, as a result, trigger GC.
	It is recommended to disable useCacheForAllThreads by setting -Dorg.apache.ratis.thirdparty.io.netty.allocator.useCacheForAllThreads=false in command line.
2019-10-03 02:03:57,484 [main] INFO  grpc.GrpcConfigKeys$Server (ConfUtils.java:logGet(43)) - raft.grpc.server.port = 0 (default)
2019-10-03 02:03:57,485 [main] INFO  server.GrpcService (ConfUtils.java:logGet(43)) - raft.grpc.message.size.max = 33570816 (custom)
2019-10-03 02:03:57,487 [main] INFO  server.RaftServerConfigKeys (ConfUtils.java:logGet(43)) - raft.server.log.appender.buffer.byte-limit = 33554432 (custom)
2019-10-03 02:03:57,487 [main] INFO  server.GrpcService (ConfUtils.java:logGet(43)) - raft.grpc.flow.control.window = 1MB (=1048576) (default)
2019-10-03 02:03:57,488 [main] INFO  server.RaftServerConfigKeys (ConfUtils.java:logGet(43)) - raft.server.rpc.request.timeout = 3000ms (default)
2019-10-03 02:03:57,681 [main] INFO  server.RaftServerConfigKeys (ConfUtils.java:logGet(43)) - raft.server.storage.dir = [/workdir/hadoop-ozone/ozonefs/target/test-dir/MiniOzoneClusterImpl-9087a402-0ae6-4342-9f6b-aead06e90c3f/datanode-0/data/ratis] (custom)
2019-10-03 02:03:57,742 [main] INFO  hdfs.DFSUtil (DFSUtil.java:httpServerTemplateForNNAndJN(1641)) - Starting Web-server for hddsDatanode at: http://0.0.0.0:0
2019-10-03 02:03:57,746 [main] INFO  server.AuthenticationFilter (AuthenticationFilter.java:constructSecretProvider(240)) - Unable to initialize FileSignerSecretProvider, falling back to use random secrets.
2019-10-03 02:03:57,747 [main] WARN  http.HttpRequestLog (HttpRequestLog.java:getRequestLog(97)) - Jetty request log can only be enabled using Log4j
2019-10-03 02:03:57,750 [main] INFO  http.HttpServer2 (HttpServer2.java:addGlobalFilter(975)) - Added global filter 'safety' (class=org.apache.hadoop.http.HttpServer2$QuotingInputFilter)
2019-10-03 02:03:57,752 [main] INFO  http.HttpServer2 (HttpServer2.java:addFilter(948)) - Added filter static_user_filter (class=org.apache.hadoop.http.lib.StaticUserWebFilter$StaticUserFilter) to context hddsDatanode
2019-10-03 02:03:57,752 [main] INFO  http.HttpServer2 (HttpServer2.java:addFilter(958)) - Added filter static_user_filter (class=org.apache.hadoop.http.lib.StaticUserWebFilter$StaticUserFilter) to context static
2019-10-03 02:03:57,753 [main] INFO  http.HttpServer2 (HttpServer2.java:addFilter(958)) - Added filter static_user_filter (class=org.apache.hadoop.http.lib.StaticUserWebFilter$StaticUserFilter) to context logs
2019-10-03 02:03:57,754 [main] INFO  http.HttpServer2 (HttpServer2.java:bindListener(1191)) - Jetty bound to port 40751
2019-10-03 02:03:57,755 [main] INFO  server.Server (Server.java:doStart(351)) - jetty-9.3.25.v20180904, build timestamp: 2018-09-04T21:11:46Z, git hash: 3ce520221d0240229c862b122d2b06c12a625732
2019-10-03 02:03:57,758 [main] INFO  handler.ContextHandler (ContextHandler.java:doStart(781)) - Started o.e.j.s.ServletContextHandler@762637be{/logs,file:///workdir/hadoop-ozone/ozonefs/target/log,AVAILABLE}
2019-10-03 02:03:57,759 [main] INFO  handler.ContextHandler (ContextHandler.java:doStart(781)) - Started o.e.j.s.ServletContextHandler@7640a5b1{/static,jar:file:/home/user/.m2/repository/org/apache/hadoop/hadoop-hdds-container-service/0.5.0-SNAPSHOT/hadoop-hdds-container-service-0.5.0-SNAPSHOT.jar!/webapps/static,AVAILABLE}
2019-10-03 02:03:57,803 [main] INFO  handler.ContextHandler (ContextHandler.java:doStart(781)) - Started o.e.j.w.WebAppContext@350d3f4d{/,file:///tmp/jetty-0.0.0.0-40751-hddsDatanode-_-any-8598707133580572408.dir/webapp/,AVAILABLE}{/hddsDatanode}
2019-10-03 02:03:57,804 [main] INFO  server.AbstractConnector (AbstractConnector.java:doStart(278)) - Started ServerConnector@18b8d173{HTTP/1.1,[http/1.1]}{0.0.0.0:40751}
2019-10-03 02:03:57,805 [main] INFO  server.Server (Server.java:doStart(419)) - Started @6037ms
2019-10-03 02:03:57,806 [main] WARN  impl.MetricsSystemImpl (MetricsSystemImpl.java:register(276)) - Sink prometheus already exists!
2019-10-03 02:03:57,808 [main] INFO  server.BaseHttpServer (BaseHttpServer.java:updateConnectorAddress(215)) - HTTP server of HDDSDATANODE is listening at http://0.0.0.0:40751
2019-10-03 02:03:57,809 [main] INFO  impl.MetricsSystemImpl (MetricsSystemImpl.java:init(158)) - HddsDatanode metrics system started (again)
2019-10-03 02:03:57,813 [main] INFO  ozone.HddsDatanodeService (HddsDatanodeService.java:start(184)) - HddsDatanodeService host:pr-hdds-1737-89jld-2007629010 ip:192.168.164.205
2019-10-03 02:03:57,816 [org.apache.hadoop.util.JvmPauseMonitor$Monitor@5fa46dba] INFO  util.JvmPauseMonitor (JvmPauseMonitor.java:run(188)) - Starting JVM pause monitor
2019-10-03 02:03:57,824 [main] INFO  volume.HddsVolume (HddsVolume.java:<init>(176)) - Creating Volume: /workdir/hadoop-ozone/ozonefs/target/test-dir/MiniOzoneClusterImpl-9087a402-0ae6-4342-9f6b-aead06e90c3f/datanode-1/data/containers/hdds of  storage type : DISK and capacity : 1482555576320
2019-10-03 02:03:57,825 [main] INFO  volume.VolumeSet (VolumeSet.java:initializeVolumeSet(170)) - Added Volume : /workdir/hadoop-ozone/ozonefs/target/test-dir/MiniOzoneClusterImpl-9087a402-0ae6-4342-9f6b-aead06e90c3f/datanode-1/data/containers/hdds to VolumeSet
2019-10-03 02:03:57,826 [main] INFO  volume.ThrottledAsyncChecker (ThrottledAsyncChecker.java:schedule(139)) - Scheduling a check for org.apache.hadoop.ozone.container.common.volume.HddsVolume@2f4c2cd4
2019-10-03 02:03:57,827 [main] INFO  volume.HddsVolumeChecker (HddsVolumeChecker.java:checkAllVolumes(202)) - Scheduled health check for volume org.apache.hadoop.ozone.container.common.volume.HddsVolume@2f4c2cd4
2019-10-03 02:03:57,854 [main] INFO  impl.RaftServerProxy (ConfUtils.java:logGet(43)) - raft.rpc.type = GRPC (default)
2019-10-03 02:03:57,855 [main] INFO  grpc.GrpcFactory (GrpcFactory.java:checkPooledByteBufAllocatorUseCacheForAllThreads(45)) - PERFORMANCE WARNING: useCacheForAllThreads is true that may cause Netty to create a lot garbage objects and, as a result, trigger GC.
	It is recommended to disable useCacheForAllThreads by setting -Dorg.apache.ratis.thirdparty.io.netty.allocator.useCacheForAllThreads=false in command line.
2019-10-03 02:03:57,855 [main] INFO  grpc.GrpcConfigKeys$Server (ConfUtils.java:logGet(43)) - raft.grpc.server.port = 0 (default)
2019-10-03 02:03:57,856 [main] INFO  server.GrpcService (ConfUtils.java:logGet(43)) - raft.grpc.message.size.max = 33570816 (custom)
2019-10-03 02:03:57,856 [main] INFO  server.RaftServerConfigKeys (ConfUtils.java:logGet(43)) - raft.server.log.appender.buffer.byte-limit = 33554432 (custom)
2019-10-03 02:03:57,857 [main] INFO  server.GrpcService (ConfUtils.java:logGet(43)) - raft.grpc.flow.control.window = 1MB (=1048576) (default)
2019-10-03 02:03:57,857 [main] INFO  server.RaftServerConfigKeys (ConfUtils.java:logGet(43)) - raft.server.rpc.request.timeout = 3000ms (default)
2019-10-03 02:03:57,858 [main] INFO  server.RaftServerConfigKeys (ConfUtils.java:logGet(43)) - raft.server.storage.dir = [/workdir/hadoop-ozone/ozonefs/target/test-dir/MiniOzoneClusterImpl-9087a402-0ae6-4342-9f6b-aead06e90c3f/datanode-1/data/ratis] (custom)
2019-10-03 02:03:57,861 [main] INFO  hdfs.DFSUtil (DFSUtil.java:httpServerTemplateForNNAndJN(1641)) - Starting Web-server for hddsDatanode at: http://0.0.0.0:0
2019-10-03 02:03:57,863 [main] INFO  server.AuthenticationFilter (AuthenticationFilter.java:constructSecretProvider(240)) - Unable to initialize FileSignerSecretProvider, falling back to use random secrets.
2019-10-03 02:03:57,865 [main] WARN  http.HttpRequestLog (HttpRequestLog.java:getRequestLog(97)) - Jetty request log can only be enabled using Log4j
2019-10-03 02:03:57,868 [main] INFO  http.HttpServer2 (HttpServer2.java:addGlobalFilter(975)) - Added global filter 'safety' (class=org.apache.hadoop.http.HttpServer2$QuotingInputFilter)
2019-10-03 02:03:57,869 [main] INFO  http.HttpServer2 (HttpServer2.java:addFilter(948)) - Added filter static_user_filter (class=org.apache.hadoop.http.lib.StaticUserWebFilter$StaticUserFilter) to context hddsDatanode
2019-10-03 02:03:57,869 [main] INFO  http.HttpServer2 (HttpServer2.java:addFilter(958)) - Added filter static_user_filter (class=org.apache.hadoop.http.lib.StaticUserWebFilter$StaticUserFilter) to context static
2019-10-03 02:03:57,870 [main] INFO  http.HttpServer2 (HttpServer2.java:addFilter(958)) - Added filter static_user_filter (class=org.apache.hadoop.http.lib.StaticUserWebFilter$StaticUserFilter) to context logs
2019-10-03 02:03:57,871 [main] INFO  http.HttpServer2 (HttpServer2.java:bindListener(1191)) - Jetty bound to port 36918
2019-10-03 02:03:57,871 [main] INFO  server.Server (Server.java:doStart(351)) - jetty-9.3.25.v20180904, build timestamp: 2018-09-04T21:11:46Z, git hash: 3ce520221d0240229c862b122d2b06c12a625732
2019-10-03 02:03:57,875 [main] INFO  handler.ContextHandler (ContextHandler.java:doStart(781)) - Started o.e.j.s.ServletContextHandler@4f89331f{/logs,file:///workdir/hadoop-ozone/ozonefs/target/log,AVAILABLE}
2019-10-03 02:03:57,875 [main] INFO  handler.ContextHandler (ContextHandler.java:doStart(781)) - Started o.e.j.s.ServletContextHandler@16727bf0{/static,jar:file:/home/user/.m2/repository/org/apache/hadoop/hadoop-hdds-container-service/0.5.0-SNAPSHOT/hadoop-hdds-container-service-0.5.0-SNAPSHOT.jar!/webapps/static,AVAILABLE}
2019-10-03 02:03:57,905 [main] INFO  handler.ContextHandler (ContextHandler.java:doStart(781)) - Started o.e.j.w.WebAppContext@f1d0004{/,file:///tmp/jetty-0.0.0.0-36918-hddsDatanode-_-any-396255427314575047.dir/webapp/,AVAILABLE}{/hddsDatanode}
2019-10-03 02:03:57,905 [main] INFO  server.AbstractConnector (AbstractConnector.java:doStart(278)) - Started ServerConnector@6e4f263e{HTTP/1.1,[http/1.1]}{0.0.0.0:36918}
2019-10-03 02:03:57,907 [main] INFO  server.Server (Server.java:doStart(419)) - Started @6138ms
2019-10-03 02:03:57,908 [main] WARN  impl.MetricsSystemImpl (MetricsSystemImpl.java:register(276)) - Sink prometheus already exists!
2019-10-03 02:03:57,908 [main] INFO  server.BaseHttpServer (BaseHttpServer.java:updateConnectorAddress(215)) - HTTP server of HDDSDATANODE is listening at http://0.0.0.0:36918
2019-10-03 02:03:57,909 [main] INFO  impl.MetricsSystemImpl (MetricsSystemImpl.java:init(158)) - HddsDatanode metrics system started (again)
2019-10-03 02:03:57,912 [main] INFO  ozone.HddsDatanodeService (HddsDatanodeService.java:start(184)) - HddsDatanodeService host:pr-hdds-1737-89jld-2007629010 ip:192.168.164.205
2019-10-03 02:03:57,913 [org.apache.hadoop.util.JvmPauseMonitor$Monitor@5544310c] INFO  util.JvmPauseMonitor (JvmPauseMonitor.java:run(188)) - Starting JVM pause monitor
2019-10-03 02:03:57,924 [main] INFO  volume.HddsVolume (HddsVolume.java:<init>(176)) - Creating Volume: /workdir/hadoop-ozone/ozonefs/target/test-dir/MiniOzoneClusterImpl-9087a402-0ae6-4342-9f6b-aead06e90c3f/datanode-2/data/containers/hdds of  storage type : DISK and capacity : 1482555576320
2019-10-03 02:03:57,925 [main] INFO  volume.VolumeSet (VolumeSet.java:initializeVolumeSet(170)) - Added Volume : /workdir/hadoop-ozone/ozonefs/target/test-dir/MiniOzoneClusterImpl-9087a402-0ae6-4342-9f6b-aead06e90c3f/datanode-2/data/containers/hdds to VolumeSet
2019-10-03 02:03:57,925 [main] INFO  volume.ThrottledAsyncChecker (ThrottledAsyncChecker.java:schedule(139)) - Scheduling a check for org.apache.hadoop.ozone.container.common.volume.HddsVolume@51d387d3
2019-10-03 02:03:57,926 [main] INFO  volume.HddsVolumeChecker (HddsVolumeChecker.java:checkAllVolumes(202)) - Scheduled health check for volume org.apache.hadoop.ozone.container.common.volume.HddsVolume@51d387d3
2019-10-03 02:03:57,950 [main] INFO  impl.RaftServerProxy (ConfUtils.java:logGet(43)) - raft.rpc.type = GRPC (default)
2019-10-03 02:03:57,951 [main] INFO  grpc.GrpcFactory (GrpcFactory.java:checkPooledByteBufAllocatorUseCacheForAllThreads(45)) - PERFORMANCE WARNING: useCacheForAllThreads is true that may cause Netty to create a lot garbage objects and, as a result, trigger GC.
	It is recommended to disable useCacheForAllThreads by setting -Dorg.apache.ratis.thirdparty.io.netty.allocator.useCacheForAllThreads=false in command line.
2019-10-03 02:03:57,951 [main] INFO  grpc.GrpcConfigKeys$Server (ConfUtils.java:logGet(43)) - raft.grpc.server.port = 0 (default)
2019-10-03 02:03:57,951 [main] INFO  server.GrpcService (ConfUtils.java:logGet(43)) - raft.grpc.message.size.max = 33570816 (custom)
2019-10-03 02:03:57,952 [main] INFO  server.RaftServerConfigKeys (ConfUtils.java:logGet(43)) - raft.server.log.appender.buffer.byte-limit = 33554432 (custom)
2019-10-03 02:03:57,952 [main] INFO  server.GrpcService (ConfUtils.java:logGet(43)) - raft.grpc.flow.control.window = 1MB (=1048576) (default)
2019-10-03 02:03:57,952 [main] INFO  server.RaftServerConfigKeys (ConfUtils.java:logGet(43)) - raft.server.rpc.request.timeout = 3000ms (default)
2019-10-03 02:03:57,953 [main] INFO  server.RaftServerConfigKeys (ConfUtils.java:logGet(43)) - raft.server.storage.dir = [/workdir/hadoop-ozone/ozonefs/target/test-dir/MiniOzoneClusterImpl-9087a402-0ae6-4342-9f6b-aead06e90c3f/datanode-2/data/ratis] (custom)
2019-10-03 02:03:57,955 [main] INFO  hdfs.DFSUtil (DFSUtil.java:httpServerTemplateForNNAndJN(1641)) - Starting Web-server for hddsDatanode at: http://0.0.0.0:0
2019-10-03 02:03:57,955 [Datanode State Machine Thread - 0] INFO  datanode.InitDatanodeState (InitDatanodeState.java:persistContainerDatanodeDetails(140)) - DatanodeDetails is persisted to /workdir/hadoop-ozone/ozonefs/target/test-dir/MiniOzoneClusterImpl-9087a402-0ae6-4342-9f6b-aead06e90c3f/datanode-0/meta/datanode.id
2019-10-03 02:03:57,959 [main] INFO  server.AuthenticationFilter (AuthenticationFilter.java:constructSecretProvider(240)) - Unable to initialize FileSignerSecretProvider, falling back to use random secrets.
2019-10-03 02:03:57,960 [main] WARN  http.HttpRequestLog (HttpRequestLog.java:getRequestLog(97)) - Jetty request log can only be enabled using Log4j
2019-10-03 02:03:57,961 [Datanode State Machine Thread - 0] INFO  datanode.InitDatanodeState (InitDatanodeState.java:persistContainerDatanodeDetails(140)) - DatanodeDetails is persisted to /workdir/hadoop-ozone/ozonefs/target/test-dir/MiniOzoneClusterImpl-9087a402-0ae6-4342-9f6b-aead06e90c3f/datanode-1/meta/datanode.id
2019-10-03 02:03:57,962 [main] INFO  http.HttpServer2 (HttpServer2.java:addGlobalFilter(975)) - Added global filter 'safety' (class=org.apache.hadoop.http.HttpServer2$QuotingInputFilter)
2019-10-03 02:03:57,963 [main] INFO  http.HttpServer2 (HttpServer2.java:addFilter(948)) - Added filter static_user_filter (class=org.apache.hadoop.http.lib.StaticUserWebFilter$StaticUserFilter) to context hddsDatanode
2019-10-03 02:03:57,963 [main] INFO  http.HttpServer2 (HttpServer2.java:addFilter(958)) - Added filter static_user_filter (class=org.apache.hadoop.http.lib.StaticUserWebFilter$StaticUserFilter) to context logs
2019-10-03 02:03:57,964 [main] INFO  http.HttpServer2 (HttpServer2.java:addFilter(958)) - Added filter static_user_filter (class=org.apache.hadoop.http.lib.StaticUserWebFilter$StaticUserFilter) to context static
2019-10-03 02:03:57,964 [main] INFO  http.HttpServer2 (HttpServer2.java:bindListener(1191)) - Jetty bound to port 44653
2019-10-03 02:03:57,965 [main] INFO  server.Server (Server.java:doStart(351)) - jetty-9.3.25.v20180904, build timestamp: 2018-09-04T21:11:46Z, git hash: 3ce520221d0240229c862b122d2b06c12a625732
2019-10-03 02:03:57,967 [main] INFO  handler.ContextHandler (ContextHandler.java:doStart(781)) - Started o.e.j.s.ServletContextHandler@3aa41da1{/logs,file:///workdir/hadoop-ozone/ozonefs/target/log,AVAILABLE}
2019-10-03 02:03:57,967 [main] INFO  handler.ContextHandler (ContextHandler.java:doStart(781)) - Started o.e.j.s.ServletContextHandler@3c83468e{/static,jar:file:/home/user/.m2/repository/org/apache/hadoop/hadoop-hdds-container-service/0.5.0-SNAPSHOT/hadoop-hdds-container-service-0.5.0-SNAPSHOT.jar!/webapps/static,AVAILABLE}
2019-10-03 02:03:58,000 [main] INFO  handler.ContextHandler (ContextHandler.java:doStart(781)) - Started o.e.j.w.WebAppContext@4acb7ecc{/,file:///tmp/jetty-0.0.0.0-44653-hddsDatanode-_-any-6823494821361088407.dir/webapp/,AVAILABLE}{/hddsDatanode}
2019-10-03 02:03:58,001 [main] INFO  server.AbstractConnector (AbstractConnector.java:doStart(278)) - Started ServerConnector@2a4f5433{HTTP/1.1,[http/1.1]}{0.0.0.0:44653}
2019-10-03 02:03:58,002 [main] INFO  server.Server (Server.java:doStart(419)) - Started @6234ms
2019-10-03 02:03:58,003 [main] WARN  impl.MetricsSystemImpl (MetricsSystemImpl.java:register(276)) - Sink prometheus already exists!
2019-10-03 02:03:58,004 [main] INFO  server.BaseHttpServer (BaseHttpServer.java:updateConnectorAddress(215)) - HTTP server of HDDSDATANODE is listening at http://0.0.0.0:44653
2019-10-03 02:03:58,006 [main] INFO  ozone.MiniOzoneClusterImpl (MiniOzoneClusterImpl.java:lambda$waitForClusterToBeReady$0(147)) - Waiting for cluster to be ready. Got 0 of 3 DN Heartbeats.
2019-10-03 02:03:58,007 [org.apache.hadoop.util.JvmPauseMonitor$Monitor@2abfaffd] INFO  util.JvmPauseMonitor (JvmPauseMonitor.java:run(188)) - Starting JVM pause monitor
2019-10-03 02:03:58,010 [Datanode State Machine Thread - 0] INFO  datanode.InitDatanodeState (InitDatanodeState.java:persistContainerDatanodeDetails(140)) - DatanodeDetails is persisted to /workdir/hadoop-ozone/ozonefs/target/test-dir/MiniOzoneClusterImpl-9087a402-0ae6-4342-9f6b-aead06e90c3f/datanode-2/meta/datanode.id
2019-10-03 02:03:59,007 [main] INFO  ozone.MiniOzoneClusterImpl (MiniOzoneClusterImpl.java:lambda$waitForClusterToBeReady$0(147)) - Waiting for cluster to be ready. Got 0 of 3 DN Heartbeats.
2019-10-03 02:03:59,878 [Datanode State Machine Thread - 0] INFO  ozoneimpl.OzoneContainer (OzoneContainer.java:start(217)) - Attempting to start container services.
2019-10-03 02:03:59,883 [Datanode State Machine Thread - 0] INFO  ozoneimpl.OzoneContainer (OzoneContainer.java:startContainerScrub(179)) - Background container scanner has been disabled.
2019-10-03 02:03:59,883 [Datanode State Machine Thread - 0] INFO  ratis.XceiverServerRatis (XceiverServerRatis.java:start(417)) - Starting XceiverServerRatis 142e253e-90c9-4fef-b27c-ae810c25119d at port 0
2019-10-03 02:03:59,910 [Datanode State Machine Thread - 0] INFO  impl.RaftServerProxy (RaftServerProxy.java:lambda$start$3(299)) - 142e253e-90c9-4fef-b27c-ae810c25119d: start RPC server
2019-10-03 02:03:59,931 [Datanode State Machine Thread - 0] INFO  ozoneimpl.OzoneContainer (OzoneContainer.java:start(217)) - Attempting to start container services.
2019-10-03 02:03:59,937 [Datanode State Machine Thread - 0] INFO  ozoneimpl.OzoneContainer (OzoneContainer.java:startContainerScrub(179)) - Background container scanner has been disabled.
2019-10-03 02:03:59,937 [Datanode State Machine Thread - 0] INFO  ratis.XceiverServerRatis (XceiverServerRatis.java:start(417)) - Starting XceiverServerRatis 4bb862d0-e989-45aa-98e5-076ff6c8117d at port 0
2019-10-03 02:03:59,949 [Datanode State Machine Thread - 0] INFO  impl.RaftServerProxy (RaftServerProxy.java:lambda$start$3(299)) - 4bb862d0-e989-45aa-98e5-076ff6c8117d: start RPC server
2019-10-03 02:04:00,008 [main] INFO  ozone.MiniOzoneClusterImpl (MiniOzoneClusterImpl.java:lambda$waitForClusterToBeReady$0(147)) - Waiting for cluster to be ready. Got 0 of 3 DN Heartbeats.
2019-10-03 02:04:00,022 [Datanode State Machine Thread - 0] INFO  ozoneimpl.OzoneContainer (OzoneContainer.java:start(217)) - Attempting to start container services.
2019-10-03 02:04:00,024 [Datanode State Machine Thread - 0] INFO  ozoneimpl.OzoneContainer (OzoneContainer.java:startContainerScrub(179)) - Background container scanner has been disabled.
2019-10-03 02:04:00,024 [Datanode State Machine Thread - 0] INFO  ratis.XceiverServerRatis (XceiverServerRatis.java:start(417)) - Starting XceiverServerRatis 768c183a-a946-4e29-8567-dcb33d92edbd at port 0
2019-10-03 02:04:00,032 [Datanode State Machine Thread - 0] INFO  impl.RaftServerProxy (RaftServerProxy.java:lambda$start$3(299)) - 768c183a-a946-4e29-8567-dcb33d92edbd: start RPC server
2019-10-03 02:04:00,115 [Datanode State Machine Thread - 0] INFO  server.GrpcService (GrpcService.java:startImpl(158)) - 4bb862d0-e989-45aa-98e5-076ff6c8117d: GrpcService started, listening on 0.0.0.0/0.0.0.0:36948
2019-10-03 02:04:00,115 [Datanode State Machine Thread - 0] INFO  server.GrpcService (GrpcService.java:startImpl(158)) - 768c183a-a946-4e29-8567-dcb33d92edbd: GrpcService started, listening on 0.0.0.0/0.0.0.0:32831
2019-10-03 02:04:00,115 [Datanode State Machine Thread - 0] INFO  server.GrpcService (GrpcService.java:startImpl(158)) - 142e253e-90c9-4fef-b27c-ae810c25119d: GrpcService started, listening on 0.0.0.0/0.0.0.0:42315
2019-10-03 02:04:00,117 [Datanode State Machine Thread - 0] INFO  ratis.XceiverServerRatis (XceiverServerRatis.java:start(427)) - XceiverServerRatis 768c183a-a946-4e29-8567-dcb33d92edbd is started using port 32831
2019-10-03 02:04:00,117 [Datanode State Machine Thread - 0] INFO  ratis.XceiverServerRatis (XceiverServerRatis.java:start(427)) - XceiverServerRatis 4bb862d0-e989-45aa-98e5-076ff6c8117d is started using port 36948
2019-10-03 02:04:00,117 [Datanode State Machine Thread - 0] INFO  ratis.XceiverServerRatis (XceiverServerRatis.java:start(427)) - XceiverServerRatis 142e253e-90c9-4fef-b27c-ae810c25119d is started using port 42315
2019-10-03 02:04:00,131 [Datanode State Machine Thread - 0] INFO  server.XceiverServerGrpc (XceiverServerGrpc.java:start(149)) - XceiverServerGrpc 768c183a-a946-4e29-8567-dcb33d92edbd is started using port 38748
2019-10-03 02:04:00,132 [Datanode State Machine Thread - 0] INFO  server.XceiverServerGrpc (XceiverServerGrpc.java:start(149)) - XceiverServerGrpc 4bb862d0-e989-45aa-98e5-076ff6c8117d is started using port 41108
2019-10-03 02:04:00,131 [Datanode State Machine Thread - 0] INFO  server.XceiverServerGrpc (XceiverServerGrpc.java:start(149)) - XceiverServerGrpc 142e253e-90c9-4fef-b27c-ae810c25119d is started using port 45993
2019-10-03 02:04:01,009 [main] INFO  ozone.MiniOzoneClusterImpl (MiniOzoneClusterImpl.java:lambda$waitForClusterToBeReady$0(147)) - Waiting for cluster to be ready. Got 0 of 3 DN Heartbeats.
2019-10-03 02:04:01,865 [IPC Server handler 18 on 34986] INFO  net.NetworkTopology (NetworkTopologyImpl.java:add(111)) - Added a new node: /default-rack/142e253e-90c9-4fef-b27c-ae810c25119d
2019-10-03 02:04:01,865 [IPC Server handler 18 on 34986] INFO  node.SCMNodeManager (SCMNodeManager.java:register(266)) - Registered Data node : 142e253e-90c9-4fef-b27c-ae810c25119d{ip: 192.168.164.205, host: pr-hdds-1737-89jld-2007629010, networkLocation: /default-rack, certSerialId: null}
2019-10-03 02:04:01,871 [EventQueue-NodeRegistrationContainerReportForDataNodeSafeModeRule] INFO  safemode.SCMSafeModeManager (DataNodeSafeModeRule.java:process(71)) - SCM in safe mode. 1 DataNodes registered, 1 required.
2019-10-03 02:04:01,871 [EventQueue-NodeRegistrationContainerReportForDataNodeSafeModeRule] INFO  safemode.SCMSafeModeManager (SCMSafeModeManager.java:validateSafeModeExitRules(177)) - ScmSafeModeManager, all rules are successfully validated
2019-10-03 02:04:01,872 [EventQueue-NodeRegistrationContainerReportForDataNodeSafeModeRule] INFO  safemode.SCMSafeModeManager (SCMSafeModeManager.java:exitSafeMode(193)) - SCM exiting safe mode.
2019-10-03 02:04:01,918 [IPC Server handler 11 on 34986] INFO  net.NetworkTopology (NetworkTopologyImpl.java:add(111)) - Added a new node: /default-rack/4bb862d0-e989-45aa-98e5-076ff6c8117d
2019-10-03 02:04:01,918 [IPC Server handler 11 on 34986] INFO  node.SCMNodeManager (SCMNodeManager.java:register(266)) - Registered Data node : 4bb862d0-e989-45aa-98e5-076ff6c8117d{ip: 192.168.164.205, host: pr-hdds-1737-89jld-2007629010, networkLocation: /default-rack, certSerialId: null}
2019-10-03 02:04:02,010 [main] INFO  ozone.MiniOzoneClusterImpl (MiniOzoneClusterImpl.java:lambda$waitForClusterToBeReady$0(147)) - Waiting for cluster to be ready. Got 2 of 3 DN Heartbeats.
2019-10-03 02:04:02,010 [IPC Server handler 19 on 34986] INFO  net.NetworkTopology (NetworkTopologyImpl.java:add(111)) - Added a new node: /default-rack/768c183a-a946-4e29-8567-dcb33d92edbd
2019-10-03 02:04:02,010 [IPC Server handler 19 on 34986] INFO  node.SCMNodeManager (SCMNodeManager.java:register(266)) - Registered Data node : 768c183a-a946-4e29-8567-dcb33d92edbd{ip: 192.168.164.205, host: pr-hdds-1737-89jld-2007629010, networkLocation: /default-rack, certSerialId: null}
2019-10-03 02:04:02,430 [grpc-default-executor-0] INFO  impl.RaftServerProxy (RaftServerProxy.java:addNew(89)) - 142e253e-90c9-4fef-b27c-ae810c25119d: addNew group-27954359CFFD:[142e253e-90c9-4fef-b27c-ae810c25119d:192.168.164.205:42315] returns group-27954359CFFD:java.util.concurrent.CompletableFuture@26e7caf8[Not completed]
2019-10-03 02:04:02,456 [pool-27-thread-1] INFO  impl.RaftServerImpl (RaftServerImpl.java:<init>(95)) - 142e253e-90c9-4fef-b27c-ae810c25119d: new RaftServerImpl for group-27954359CFFD:[142e253e-90c9-4fef-b27c-ae810c25119d:192.168.164.205:42315] with ContainerStateMachine:uninitialized
2019-10-03 02:04:02,460 [pool-27-thread-1] INFO  server.RaftServerConfigKeys (ConfUtils.java:logGet(43)) - raft.server.rpc.timeout.min = 5s (custom)
2019-10-03 02:04:02,461 [pool-27-thread-1] INFO  server.RaftServerConfigKeys (ConfUtils.java:logGet(43)) - raft.server.rpc.timeout.max = 5200ms (custom)
2019-10-03 02:04:02,462 [pool-27-thread-1] INFO  server.RaftServerConfigKeys (ConfUtils.java:logGet(43)) - raft.server.rpcslowness.timeout = 120s (custom)
2019-10-03 02:04:02,462 [pool-27-thread-1] INFO  server.RaftServerConfigKeys (ConfUtils.java:logGet(43)) - raft.server.sleep.deviation.threshold = 300 (default)
2019-10-03 02:04:02,464 [pool-27-thread-1] INFO  server.RaftServerConfigKeys (ConfUtils.java:logGet(43)) - raft.server.log.appender.install.snapshot.enabled = false (custom)
2019-10-03 02:04:02,475 [pool-27-thread-1] INFO  impl.RaftServerImpl (ServerState.java:<init>(103)) - 142e253e-90c9-4fef-b27c-ae810c25119d@group-27954359CFFD: ConfigurationManager, init=-1: [142e253e-90c9-4fef-b27c-ae810c25119d:192.168.164.205:42315], old=null, confs=<EMPTY_MAP>
2019-10-03 02:04:02,476 [pool-27-thread-1] INFO  server.RaftServerConfigKeys (ConfUtils.java:logGet(43)) - raft.server.storage.dir = [/workdir/hadoop-ozone/ozonefs/target/test-dir/MiniOzoneClusterImpl-9087a402-0ae6-4342-9f6b-aead06e90c3f/datanode-0/data/ratis] (custom)
2019-10-03 02:04:02,484 [pool-27-thread-1] INFO  server.RaftServerConfigKeys (ConfUtils.java:logGet(43)) - raft.server.log.corruption.policy = EXCEPTION (default)
2019-10-03 02:04:02,486 [pool-27-thread-1] INFO  storage.RaftStorageDirectory (RaftStorageDirectory.java:analyzeStorage(246)) - The storage directory /workdir/hadoop-ozone/ozonefs/target/test-dir/MiniOzoneClusterImpl-9087a402-0ae6-4342-9f6b-aead06e90c3f/datanode-0/data/ratis/d4a7b594-5357-47fa-8bc7-27954359cffd does not exist. Creating ...
2019-10-03 02:04:02,504 [pool-27-thread-1] INFO  storage.RaftStorageDirectory (RaftStorageDirectory.java:tryLock(328)) - Lock on /workdir/hadoop-ozone/ozonefs/target/test-dir/MiniOzoneClusterImpl-9087a402-0ae6-4342-9f6b-aead06e90c3f/datanode-0/data/ratis/d4a7b594-5357-47fa-8bc7-27954359cffd/in_use.lock acquired by nodename 19677@pr-hdds-1737-89jld-2007629010
2019-10-03 02:04:02,520 [pool-27-thread-1] INFO  storage.RaftStorage (RaftStorage.java:format(84)) - Storage directory /workdir/hadoop-ozone/ozonefs/target/test-dir/MiniOzoneClusterImpl-9087a402-0ae6-4342-9f6b-aead06e90c3f/datanode-0/data/ratis/d4a7b594-5357-47fa-8bc7-27954359cffd has been successfully formatted.
2019-10-03 02:04:02,522 [pool-27-thread-1] INFO  ratis.ContainerStateMachine (ContainerStateMachine.java:loadSnapshot(230)) - group-27954359CFFD: The snapshot info is null. Setting the last applied indexto:(t:0, i:~)
2019-10-03 02:04:02,523 [pool-27-thread-1] INFO  server.RaftServerConfigKeys (ConfUtils.java:logGet(43)) - raft.server.notification.no-leader.timeout = 120s (custom)
2019-10-03 02:04:02,526 [pool-27-thread-1] INFO  server.RaftServerConfigKeys (ConfUtils.java:logGet(43)) - raft.server.log.use.memory = false (default)
2019-10-03 02:04:02,532 [pool-27-thread-1] INFO  server.RaftServerConfigKeys (ConfUtils.java:logGet(43)) - raft.server.log.purge.gap = 1000000 (custom)
2019-10-03 02:04:02,533 [pool-27-thread-1] INFO  server.RaftServerConfigKeys (ConfUtils.java:logGet(43)) - raft.server.log.appender.buffer.byte-limit = 33554432 (custom)
2019-10-03 02:04:02,535 [pool-27-thread-1] INFO  server.RaftServerConfigKeys (ConfUtils.java:logGet(43)) - raft.server.log.segment.size.max = 1048576 (custom)
2019-10-03 02:04:02,537 [pool-27-thread-1] INFO  impl.MetricsSystemImpl (MetricsSystemImpl.java:init(158)) - ratis metrics system started (again)
2019-10-03 02:04:02,542 [pool-27-thread-1] INFO  metrics.MetricRegistries (MetricRegistriesLoader.java:load(64)) - Loaded MetricRegistries class org.apache.ratis.metrics.impl.MetricRegistriesImpl
2019-10-03 02:04:02,586 [pool-27-thread-1] INFO  server.RaftServerConfigKeys (ConfUtils.java:logGet(43)) - raft.server.log.segment.cache.num.max = 2 (custom)
2019-10-03 02:04:02,592 [pool-27-thread-1] INFO  segmented.SegmentedRaftLogWorker (SegmentedRaftLogWorker.java:<init>(173)) - new 142e253e-90c9-4fef-b27c-ae810c25119d@group-27954359CFFD-SegmentedRaftLogWorker for RaftStorage:Storage Directory /workdir/hadoop-ozone/ozonefs/target/test-dir/MiniOzoneClusterImpl-9087a402-0ae6-4342-9f6b-aead06e90c3f/datanode-0/data/ratis/d4a7b594-5357-47fa-8bc7-27954359cffd
2019-10-03 02:04:02,593 [pool-27-thread-1] INFO  server.RaftServerConfigKeys (ConfUtils.java:logGet(43)) - raft.server.log.queue.byte-limit = 2147483647 (custom)
2019-10-03 02:04:02,593 [pool-27-thread-1] INFO  server.RaftServerConfigKeys (ConfUtils.java:logGet(43)) - raft.server.log.queue.element-limit = 1024 (custom)
2019-10-03 02:04:02,595 [pool-27-thread-1] INFO  server.RaftServerConfigKeys (ConfUtils.java:logGet(43)) - raft.server.log.segment.size.max = 1048576 (custom)
2019-10-03 02:04:02,595 [pool-27-thread-1] INFO  server.RaftServerConfigKeys (ConfUtils.java:logGet(43)) - raft.server.log.preallocated.size = 16384 (custom)
2019-10-03 02:04:02,595 [pool-27-thread-1] INFO  server.RaftServerConfigKeys (ConfUtils.java:logGet(43)) - raft.server.log.write.buffer.size = 33554432 (custom)
2019-10-03 02:04:02,596 [pool-27-thread-1] INFO  server.RaftServerConfigKeys (ConfUtils.java:logGet(43)) - raft.server.log.force.sync.num = 128 (default)
2019-10-03 02:04:02,597 [pool-27-thread-1] INFO  server.RaftServerConfigKeys (ConfUtils.java:logGet(43)) - raft.server.log.statemachine.data.sync = true (default)
2019-10-03 02:04:02,597 [pool-27-thread-1] INFO  server.RaftServerConfigKeys (ConfUtils.java:logGet(43)) - raft.server.log.statemachine.data.sync.timeout = 10s (default)
2019-10-03 02:04:02,598 [pool-27-thread-1] INFO  server.RaftServerConfigKeys (ConfUtils.java:logGet(43)) - raft.server.log.statemachine.data.sync.timeout.retry = -1 (default)
2019-10-03 02:04:02,611 [pool-27-thread-1] INFO  server.RaftServerConfigKeys (ConfUtils.java:logGet(43)) - raft.server.log.statemachine.data.caching.enabled = true (custom)
2019-10-03 02:04:02,616 [pool-27-thread-1] INFO  segmented.SegmentedRaftLogWorker (SegmentedRaftLogWorker.java:lambda$new$0(128)) - 142e253e-90c9-4fef-b27c-ae810c25119d@group-27954359CFFD-SegmentedRaftLogWorker: flushIndex: setUnconditionally 0 -> -1
2019-10-03 02:04:02,621 [pool-27-thread-1] INFO  server.RaftServerConfigKeys (ConfUtils.java:logGet(43)) - raft.server.snapshot.auto.trigger.enabled = true (custom)
2019-10-03 02:04:02,622 [pool-27-thread-1] INFO  server.RaftServerConfigKeys (ConfUtils.java:logGet(43)) - raft.server.snapshot.auto.trigger.threshold = 10000 (custom)
2019-10-03 02:04:02,622 [pool-27-thread-1] INFO  server.RaftServerConfigKeys (ConfUtils.java:logGet(43)) - raft.server.snapshot.retention.file.num = 5 (custom)
2019-10-03 02:04:02,623 [pool-27-thread-1] INFO  server.RaftServerConfigKeys (ConfUtils.java:logGet(43)) - raft.server.retrycache.expirytime = 600000ms (custom)
2019-10-03 02:04:02,654 [pool-27-thread-1] INFO  impl.RaftServerImpl (RaftServerImpl.java:start(181)) - 142e253e-90c9-4fef-b27c-ae810c25119d@group-27954359CFFD: start as a follower, conf=-1: [142e253e-90c9-4fef-b27c-ae810c25119d:192.168.164.205:42315], old=null
2019-10-03 02:04:02,655 [pool-27-thread-1] INFO  impl.RaftServerImpl (RaftServerImpl.java:setRole(170)) - 142e253e-90c9-4fef-b27c-ae810c25119d@group-27954359CFFD: changes role from      null to FOLLOWER at term 0 for startAsFollower
2019-10-03 02:04:02,657 [pool-27-thread-1] INFO  impl.RoleInfo (RoleInfo.java:updateAndGet(143)) - 142e253e-90c9-4fef-b27c-ae810c25119d: start FollowerState
2019-10-03 02:04:02,658 [pool-27-thread-1] INFO  util.JmxRegister (JmxRegister.java:tryRegister(44)) - Successfully registered JMX Bean with object name Ratis:service=RaftServer,group=group-27954359CFFD,id=142e253e-90c9-4fef-b27c-ae810c25119d
2019-10-03 02:04:02,747 [RatisPipelineUtilsThread] INFO  pipeline.PipelineStateManager (PipelineStateManager.java:addPipeline(56)) - Created pipeline Pipeline[ Id: d4a7b594-5357-47fa-8bc7-27954359cffd, Nodes: 142e253e-90c9-4fef-b27c-ae810c25119d{ip: 192.168.164.205, host: pr-hdds-1737-89jld-2007629010, networkLocation: /default-rack, certSerialId: null}, Type:RATIS, Factor:ONE, State:OPEN]
2019-10-03 02:04:02,771 [grpc-default-executor-0] INFO  impl.RaftServerProxy (RaftServerProxy.java:addNew(89)) - 768c183a-a946-4e29-8567-dcb33d92edbd: addNew group-6C40AF9E2CD8:[768c183a-a946-4e29-8567-dcb33d92edbd:192.168.164.205:32831] returns group-6C40AF9E2CD8:java.util.concurrent.CompletableFuture@660cdf56[Not completed]
2019-10-03 02:04:02,807 [pool-47-thread-1] INFO  impl.RaftServerImpl (RaftServerImpl.java:<init>(95)) - 768c183a-a946-4e29-8567-dcb33d92edbd: new RaftServerImpl for group-6C40AF9E2CD8:[768c183a-a946-4e29-8567-dcb33d92edbd:192.168.164.205:32831] with ContainerStateMachine:uninitialized
2019-10-03 02:04:02,809 [pool-47-thread-1] INFO  server.RaftServerConfigKeys (ConfUtils.java:logGet(43)) - raft.server.rpc.timeout.min = 5s (custom)
2019-10-03 02:04:02,809 [pool-47-thread-1] INFO  server.RaftServerConfigKeys (ConfUtils.java:logGet(43)) - raft.server.rpc.timeout.max = 5200ms (custom)
2019-10-03 02:04:02,809 [pool-47-thread-1] INFO  server.RaftServerConfigKeys (ConfUtils.java:logGet(43)) - raft.server.rpcslowness.timeout = 120s (custom)
2019-10-03 02:04:02,810 [pool-47-thread-1] INFO  server.RaftServerConfigKeys (ConfUtils.java:logGet(43)) - raft.server.sleep.deviation.threshold = 300 (default)
2019-10-03 02:04:02,810 [pool-47-thread-1] INFO  server.RaftServerConfigKeys (ConfUtils.java:logGet(43)) - raft.server.log.appender.install.snapshot.enabled = false (custom)
2019-10-03 02:04:02,810 [pool-47-thread-1] INFO  impl.RaftServerImpl (ServerState.java:<init>(103)) - 768c183a-a946-4e29-8567-dcb33d92edbd@group-6C40AF9E2CD8: ConfigurationManager, init=-1: [768c183a-a946-4e29-8567-dcb33d92edbd:192.168.164.205:32831], old=null, confs=<EMPTY_MAP>
2019-10-03 02:04:02,810 [pool-47-thread-1] INFO  server.RaftServerConfigKeys (ConfUtils.java:logGet(43)) - raft.server.storage.dir = [/workdir/hadoop-ozone/ozonefs/target/test-dir/MiniOzoneClusterImpl-9087a402-0ae6-4342-9f6b-aead06e90c3f/datanode-2/data/ratis] (custom)
2019-10-03 02:04:02,811 [pool-47-thread-1] INFO  server.RaftServerConfigKeys (ConfUtils.java:logGet(43)) - raft.server.log.corruption.policy = EXCEPTION (default)
2019-10-03 02:04:02,811 [pool-47-thread-1] INFO  storage.RaftStorageDirectory (RaftStorageDirectory.java:analyzeStorage(246)) - The storage directory /workdir/hadoop-ozone/ozonefs/target/test-dir/MiniOzoneClusterImpl-9087a402-0ae6-4342-9f6b-aead06e90c3f/datanode-2/data/ratis/b796063b-7af3-4e68-b154-6c40af9e2cd8 does not exist. Creating ...
2019-10-03 02:04:02,826 [pool-47-thread-1] INFO  storage.RaftStorageDirectory (RaftStorageDirectory.java:tryLock(328)) - Lock on /workdir/hadoop-ozone/ozonefs/target/test-dir/MiniOzoneClusterImpl-9087a402-0ae6-4342-9f6b-aead06e90c3f/datanode-2/data/ratis/b796063b-7af3-4e68-b154-6c40af9e2cd8/in_use.lock acquired by nodename 19677@pr-hdds-1737-89jld-2007629010
2019-10-03 02:04:02,839 [pool-47-thread-1] INFO  storage.RaftStorage (RaftStorage.java:format(84)) - Storage directory /workdir/hadoop-ozone/ozonefs/target/test-dir/MiniOzoneClusterImpl-9087a402-0ae6-4342-9f6b-aead06e90c3f/datanode-2/data/ratis/b796063b-7af3-4e68-b154-6c40af9e2cd8 has been successfully formatted.
2019-10-03 02:04:02,841 [pool-47-thread-1] INFO  ratis.ContainerStateMachine (ContainerStateMachine.java:loadSnapshot(230)) - group-6C40AF9E2CD8: The snapshot info is null. Setting the last applied indexto:(t:0, i:~)
2019-10-03 02:04:02,842 [pool-47-thread-1] INFO  server.RaftServerConfigKeys (ConfUtils.java:logGet(43)) - raft.server.notification.no-leader.timeout = 120s (custom)
2019-10-03 02:04:02,842 [pool-47-thread-1] INFO  server.RaftServerConfigKeys (ConfUtils.java:logGet(43)) - raft.server.log.use.memory = false (default)
2019-10-03 02:04:02,842 [pool-47-thread-1] INFO  server.RaftServerConfigKeys (ConfUtils.java:logGet(43)) - raft.server.log.purge.gap = 1000000 (custom)
2019-10-03 02:04:02,842 [pool-47-thread-1] INFO  server.RaftServerConfigKeys (ConfUtils.java:logGet(43)) - raft.server.log.appender.buffer.byte-limit = 33554432 (custom)
2019-10-03 02:04:02,843 [pool-47-thread-1] INFO  server.RaftServerConfigKeys (ConfUtils.java:logGet(43)) - raft.server.log.segment.size.max = 1048576 (custom)
2019-10-03 02:04:02,849 [pool-47-thread-1] INFO  server.RaftServerConfigKeys (ConfUtils.java:logGet(43)) - raft.server.log.segment.cache.num.max = 2 (custom)
2019-10-03 02:04:02,849 [pool-47-thread-1] INFO  segmented.SegmentedRaftLogWorker (SegmentedRaftLogWorker.java:<init>(173)) - new 768c183a-a946-4e29-8567-dcb33d92edbd@group-6C40AF9E2CD8-SegmentedRaftLogWorker for RaftStorage:Storage Directory /workdir/hadoop-ozone/ozonefs/target/test-dir/MiniOzoneClusterImpl-9087a402-0ae6-4342-9f6b-aead06e90c3f/datanode-2/data/ratis/b796063b-7af3-4e68-b154-6c40af9e2cd8
2019-10-03 02:04:02,851 [pool-47-thread-1] INFO  server.RaftServerConfigKeys (ConfUtils.java:logGet(43)) - raft.server.log.queue.byte-limit = 2147483647 (custom)
2019-10-03 02:04:02,851 [pool-47-thread-1] INFO  server.RaftServerConfigKeys (ConfUtils.java:logGet(43)) - raft.server.log.queue.element-limit = 1024 (custom)
2019-10-03 02:04:02,851 [pool-47-thread-1] INFO  server.RaftServerConfigKeys (ConfUtils.java:logGet(43)) - raft.server.log.segment.size.max = 1048576 (custom)
2019-10-03 02:04:02,851 [pool-47-thread-1] INFO  server.RaftServerConfigKeys (ConfUtils.java:logGet(43)) - raft.server.log.preallocated.size = 16384 (custom)
2019-10-03 02:04:02,851 [pool-47-thread-1] INFO  server.RaftServerConfigKeys (ConfUtils.java:logGet(43)) - raft.server.log.write.buffer.size = 33554432 (custom)
2019-10-03 02:04:02,851 [pool-47-thread-1] INFO  server.RaftServerConfigKeys (ConfUtils.java:logGet(43)) - raft.server.log.force.sync.num = 128 (default)
2019-10-03 02:04:02,852 [pool-47-thread-1] INFO  server.RaftServerConfigKeys (ConfUtils.java:logGet(43)) - raft.server.log.statemachine.data.sync = true (default)
2019-10-03 02:04:02,852 [pool-47-thread-1] INFO  server.RaftServerConfigKeys (ConfUtils.java:logGet(43)) - raft.server.log.statemachine.data.sync.timeout = 10s (default)
2019-10-03 02:04:02,852 [pool-47-thread-1] INFO  server.RaftServerConfigKeys (ConfUtils.java:logGet(43)) - raft.server.log.statemachine.data.sync.timeout.retry = -1 (default)
2019-10-03 02:04:02,853 [pool-47-thread-1] INFO  server.RaftServerConfigKeys (ConfUtils.java:logGet(43)) - raft.server.log.statemachine.data.caching.enabled = true (custom)
2019-10-03 02:04:02,853 [pool-47-thread-1] INFO  segmented.SegmentedRaftLogWorker (SegmentedRaftLogWorker.java:lambda$new$0(128)) - 768c183a-a946-4e29-8567-dcb33d92edbd@group-6C40AF9E2CD8-SegmentedRaftLogWorker: flushIndex: setUnconditionally 0 -> -1
2019-10-03 02:04:02,854 [pool-47-thread-1] INFO  server.RaftServerConfigKeys (ConfUtils.java:logGet(43)) - raft.server.snapshot.auto.trigger.enabled = true (custom)
2019-10-03 02:04:02,854 [pool-47-thread-1] INFO  server.RaftServerConfigKeys (ConfUtils.java:logGet(43)) - raft.server.snapshot.auto.trigger.threshold = 10000 (custom)
2019-10-03 02:04:02,854 [pool-47-thread-1] INFO  server.RaftServerConfigKeys (ConfUtils.java:logGet(43)) - raft.server.snapshot.retention.file.num = 5 (custom)
2019-10-03 02:04:02,854 [pool-47-thread-1] INFO  server.RaftServerConfigKeys (ConfUtils.java:logGet(43)) - raft.server.retrycache.expirytime = 600000ms (custom)
2019-10-03 02:04:02,859 [pool-47-thread-1] INFO  impl.RaftServerImpl (RaftServerImpl.java:start(181)) - 768c183a-a946-4e29-8567-dcb33d92edbd@group-6C40AF9E2CD8: start as a follower, conf=-1: [768c183a-a946-4e29-8567-dcb33d92edbd:192.168.164.205:32831], old=null
2019-10-03 02:04:02,859 [pool-47-thread-1] INFO  impl.RaftServerImpl (RaftServerImpl.java:setRole(170)) - 768c183a-a946-4e29-8567-dcb33d92edbd@group-6C40AF9E2CD8: changes role from      null to FOLLOWER at term 0 for startAsFollower
2019-10-03 02:04:02,860 [pool-47-thread-1] INFO  impl.RoleInfo (RoleInfo.java:updateAndGet(143)) - 768c183a-a946-4e29-8567-dcb33d92edbd: start FollowerState
2019-10-03 02:04:02,861 [pool-47-thread-1] INFO  util.JmxRegister (JmxRegister.java:tryRegister(44)) - Successfully registered JMX Bean with object name Ratis:service=RaftServer,group=group-6C40AF9E2CD8,id=768c183a-a946-4e29-8567-dcb33d92edbd
2019-10-03 02:04:02,880 [RatisPipelineUtilsThread] INFO  pipeline.PipelineStateManager (PipelineStateManager.java:addPipeline(56)) - Created pipeline Pipeline[ Id: b796063b-7af3-4e68-b154-6c40af9e2cd8, Nodes: 768c183a-a946-4e29-8567-dcb33d92edbd{ip: 192.168.164.205, host: pr-hdds-1737-89jld-2007629010, networkLocation: /default-rack, certSerialId: null}, Type:RATIS, Factor:ONE, State:OPEN]
2019-10-03 02:04:02,902 [grpc-default-executor-0] INFO  impl.RaftServerProxy (RaftServerProxy.java:addNew(89)) - 4bb862d0-e989-45aa-98e5-076ff6c8117d: addNew group-2E1DF139185C:[4bb862d0-e989-45aa-98e5-076ff6c8117d:192.168.164.205:36948] returns group-2E1DF139185C:java.util.concurrent.CompletableFuture@5e52f053[Not completed]
2019-10-03 02:04:02,921 [pool-37-thread-1] INFO  impl.RaftServerImpl (RaftServerImpl.java:<init>(95)) - 4bb862d0-e989-45aa-98e5-076ff6c8117d: new RaftServerImpl for group-2E1DF139185C:[4bb862d0-e989-45aa-98e5-076ff6c8117d:192.168.164.205:36948] with ContainerStateMachine:uninitialized
2019-10-03 02:04:02,922 [pool-37-thread-1] INFO  server.RaftServerConfigKeys (ConfUtils.java:logGet(43)) - raft.server.rpc.timeout.min = 5s (custom)
2019-10-03 02:04:02,922 [pool-37-thread-1] INFO  server.RaftServerConfigKeys (ConfUtils.java:logGet(43)) - raft.server.rpc.timeout.max = 5200ms (custom)
2019-10-03 02:04:02,922 [pool-37-thread-1] INFO  server.RaftServerConfigKeys (ConfUtils.java:logGet(43)) - raft.server.rpcslowness.timeout = 120s (custom)
2019-10-03 02:04:02,922 [pool-37-thread-1] INFO  server.RaftServerConfigKeys (ConfUtils.java:logGet(43)) - raft.server.sleep.deviation.threshold = 300 (default)
2019-10-03 02:04:02,923 [pool-37-thread-1] INFO  server.RaftServerConfigKeys (ConfUtils.java:logGet(43)) - raft.server.log.appender.install.snapshot.enabled = false (custom)
2019-10-03 02:04:02,923 [pool-37-thread-1] INFO  impl.RaftServerImpl (ServerState.java:<init>(103)) - 4bb862d0-e989-45aa-98e5-076ff6c8117d@group-2E1DF139185C: ConfigurationManager, init=-1: [4bb862d0-e989-45aa-98e5-076ff6c8117d:192.168.164.205:36948], old=null, confs=<EMPTY_MAP>
2019-10-03 02:04:02,923 [pool-37-thread-1] INFO  server.RaftServerConfigKeys (ConfUtils.java:logGet(43)) - raft.server.storage.dir = [/workdir/hadoop-ozone/ozonefs/target/test-dir/MiniOzoneClusterImpl-9087a402-0ae6-4342-9f6b-aead06e90c3f/datanode-1/data/ratis] (custom)
2019-10-03 02:04:02,924 [pool-37-thread-1] INFO  server.RaftServerConfigKeys (ConfUtils.java:logGet(43)) - raft.server.log.corruption.policy = EXCEPTION (default)
2019-10-03 02:04:02,924 [pool-37-thread-1] INFO  storage.RaftStorageDirectory (RaftStorageDirectory.java:analyzeStorage(246)) - The storage directory /workdir/hadoop-ozone/ozonefs/target/test-dir/MiniOzoneClusterImpl-9087a402-0ae6-4342-9f6b-aead06e90c3f/datanode-1/data/ratis/177a0907-c2b2-4042-8b71-2e1df139185c does not exist. Creating ...
2019-10-03 02:04:02,936 [pool-37-thread-1] INFO  storage.RaftStorageDirectory (RaftStorageDirectory.java:tryLock(328)) - Lock on /workdir/hadoop-ozone/ozonefs/target/test-dir/MiniOzoneClusterImpl-9087a402-0ae6-4342-9f6b-aead06e90c3f/datanode-1/data/ratis/177a0907-c2b2-4042-8b71-2e1df139185c/in_use.lock acquired by nodename 19677@pr-hdds-1737-89jld-2007629010
2019-10-03 02:04:02,950 [pool-37-thread-1] INFO  storage.RaftStorage (RaftStorage.java:format(84)) - Storage directory /workdir/hadoop-ozone/ozonefs/target/test-dir/MiniOzoneClusterImpl-9087a402-0ae6-4342-9f6b-aead06e90c3f/datanode-1/data/ratis/177a0907-c2b2-4042-8b71-2e1df139185c has been successfully formatted.
2019-10-03 02:04:02,950 [pool-37-thread-1] INFO  ratis.ContainerStateMachine (ContainerStateMachine.java:loadSnapshot(230)) - group-2E1DF139185C: The snapshot info is null. Setting the last applied indexto:(t:0, i:~)
2019-10-03 02:04:02,950 [pool-37-thread-1] INFO  server.RaftServerConfigKeys (ConfUtils.java:logGet(43)) - raft.server.notification.no-leader.timeout = 120s (custom)
2019-10-03 02:04:02,951 [pool-37-thread-1] INFO  server.RaftServerConfigKeys (ConfUtils.java:logGet(43)) - raft.server.log.use.memory = false (default)
2019-10-03 02:04:02,951 [pool-37-thread-1] INFO  server.RaftServerConfigKeys (ConfUtils.java:logGet(43)) - raft.server.log.purge.gap = 1000000 (custom)
2019-10-03 02:04:02,951 [pool-37-thread-1] INFO  server.RaftServerConfigKeys (ConfUtils.java:logGet(43)) - raft.server.log.appender.buffer.byte-limit = 33554432 (custom)
2019-10-03 02:04:02,951 [pool-37-thread-1] INFO  server.RaftServerConfigKeys (ConfUtils.java:logGet(43)) - raft.server.log.segment.size.max = 1048576 (custom)
2019-10-03 02:04:02,976 [pool-37-thread-1] INFO  server.RaftServerConfigKeys (ConfUtils.java:logGet(43)) - raft.server.log.segment.cache.num.max = 2 (custom)
2019-10-03 02:04:02,976 [pool-37-thread-1] INFO  segmented.SegmentedRaftLogWorker (SegmentedRaftLogWorker.java:<init>(173)) - new 4bb862d0-e989-45aa-98e5-076ff6c8117d@group-2E1DF139185C-SegmentedRaftLogWorker for RaftStorage:Storage Directory /workdir/hadoop-ozone/ozonefs/target/test-dir/MiniOzoneClusterImpl-9087a402-0ae6-4342-9f6b-aead06e90c3f/datanode-1/data/ratis/177a0907-c2b2-4042-8b71-2e1df139185c
2019-10-03 02:04:02,976 [pool-37-thread-1] INFO  server.RaftServerConfigKeys (ConfUtils.java:logGet(43)) - raft.server.log.queue.byte-limit = 2147483647 (custom)
2019-10-03 02:04:02,976 [pool-37-thread-1] INFO  server.RaftServerConfigKeys (ConfUtils.java:logGet(43)) - raft.server.log.queue.element-limit = 1024 (custom)
2019-10-03 02:04:02,977 [pool-37-thread-1] INFO  server.RaftServerConfigKeys (ConfUtils.java:logGet(43)) - raft.server.log.segment.size.max = 1048576 (custom)
2019-10-03 02:04:02,977 [pool-37-thread-1] INFO  server.RaftServerConfigKeys (ConfUtils.java:logGet(43)) - raft.server.log.preallocated.size = 16384 (custom)
2019-10-03 02:04:02,977 [pool-37-thread-1] INFO  server.RaftServerConfigKeys (ConfUtils.java:logGet(43)) - raft.server.log.write.buffer.size = 33554432 (custom)
2019-10-03 02:04:02,977 [pool-37-thread-1] INFO  server.RaftServerConfigKeys (ConfUtils.java:logGet(43)) - raft.server.log.force.sync.num = 128 (default)
2019-10-03 02:04:02,977 [pool-37-thread-1] INFO  server.RaftServerConfigKeys (ConfUtils.java:logGet(43)) - raft.server.log.statemachine.data.sync = true (default)
2019-10-03 02:04:02,978 [pool-37-thread-1] INFO  server.RaftServerConfigKeys (ConfUtils.java:logGet(43)) - raft.server.log.statemachine.data.sync.timeout = 10s (default)
2019-10-03 02:04:02,978 [pool-37-thread-1] INFO  server.RaftServerConfigKeys (ConfUtils.java:logGet(43)) - raft.server.log.statemachine.data.sync.timeout.retry = -1 (default)
2019-10-03 02:04:02,979 [pool-37-thread-1] INFO  server.RaftServerConfigKeys (ConfUtils.java:logGet(43)) - raft.server.log.statemachine.data.caching.enabled = true (custom)
2019-10-03 02:04:02,979 [pool-37-thread-1] INFO  segmented.SegmentedRaftLogWorker (SegmentedRaftLogWorker.java:lambda$new$0(128)) - 4bb862d0-e989-45aa-98e5-076ff6c8117d@group-2E1DF139185C-SegmentedRaftLogWorker: flushIndex: setUnconditionally 0 -> -1
2019-10-03 02:04:02,980 [pool-37-thread-1] INFO  server.RaftServerConfigKeys (ConfUtils.java:logGet(43)) - raft.server.snapshot.auto.trigger.enabled = true (custom)
2019-10-03 02:04:02,980 [pool-37-thread-1] INFO  server.RaftServerConfigKeys (ConfUtils.java:logGet(43)) - raft.server.snapshot.auto.trigger.threshold = 10000 (custom)
2019-10-03 02:04:02,980 [pool-37-thread-1] INFO  server.RaftServerConfigKeys (ConfUtils.java:logGet(43)) - raft.server.snapshot.retention.file.num = 5 (custom)
2019-10-03 02:04:02,981 [pool-37-thread-1] INFO  server.RaftServerConfigKeys (ConfUtils.java:logGet(43)) - raft.server.retrycache.expirytime = 600000ms (custom)
2019-10-03 02:04:02,988 [pool-37-thread-1] INFO  impl.RaftServerImpl (RaftServerImpl.java:start(181)) - 4bb862d0-e989-45aa-98e5-076ff6c8117d@group-2E1DF139185C: start as a follower, conf=-1: [4bb862d0-e989-45aa-98e5-076ff6c8117d:192.168.164.205:36948], old=null
2019-10-03 02:04:02,988 [pool-37-thread-1] INFO  impl.RaftServerImpl (RaftServerImpl.java:setRole(170)) - 4bb862d0-e989-45aa-98e5-076ff6c8117d@group-2E1DF139185C: changes role from      null to FOLLOWER at term 0 for startAsFollower
2019-10-03 02:04:02,989 [pool-37-thread-1] INFO  impl.RoleInfo (RoleInfo.java:updateAndGet(143)) - 4bb862d0-e989-45aa-98e5-076ff6c8117d: start FollowerState
2019-10-03 02:04:02,990 [pool-37-thread-1] INFO  util.JmxRegister (JmxRegister.java:tryRegister(44)) - Successfully registered JMX Bean with object name Ratis:service=RaftServer,group=group-2E1DF139185C,id=4bb862d0-e989-45aa-98e5-076ff6c8117d
2019-10-03 02:04:03,010 [main] INFO  ozone.MiniOzoneClusterImpl (MiniOzoneClusterImpl.java:lambda$waitForClusterToBeReady$0(147)) - Cluster is ready. Got 3 of 3 DN Heartbeats.
2019-10-03 02:04:03,012 [RatisPipelineUtilsThread] INFO  pipeline.PipelineStateManager (PipelineStateManager.java:addPipeline(56)) - Created pipeline Pipeline[ Id: 177a0907-c2b2-4042-8b71-2e1df139185c, Nodes: 4bb862d0-e989-45aa-98e5-076ff6c8117d{ip: 192.168.164.205, host: pr-hdds-1737-89jld-2007629010, networkLocation: /default-rack, certSerialId: null}, Type:RATIS, Factor:ONE, State:OPEN]
2019-10-03 02:04:03,042 [grpc-default-executor-2] INFO  impl.RaftServerProxy (RaftServerProxy.java:addNew(89)) - 142e253e-90c9-4fef-b27c-ae810c25119d: addNew group-FBE7ACB04D90:[142e253e-90c9-4fef-b27c-ae810c25119d:192.168.164.205:42315, 768c183a-a946-4e29-8567-dcb33d92edbd:192.168.164.205:32831, 4bb862d0-e989-45aa-98e5-076ff6c8117d:192.168.164.205:36948] returns group-FBE7ACB04D90:java.util.concurrent.CompletableFuture@2d92bccb[Not completed]
2019-10-03 02:04:03,042 [grpc-default-executor-1] INFO  impl.RaftServerProxy (RaftServerProxy.java:addNew(89)) - 4bb862d0-e989-45aa-98e5-076ff6c8117d: addNew group-FBE7ACB04D90:[142e253e-90c9-4fef-b27c-ae810c25119d:192.168.164.205:42315, 768c183a-a946-4e29-8567-dcb33d92edbd:192.168.164.205:32831, 4bb862d0-e989-45aa-98e5-076ff6c8117d:192.168.164.205:36948] returns group-FBE7ACB04D90:java.util.concurrent.CompletableFuture@5073744d[Not completed]
2019-10-03 02:04:03,046 [pool-37-thread-1] INFO  impl.RaftServerImpl (RaftServerImpl.java:<init>(95)) - 4bb862d0-e989-45aa-98e5-076ff6c8117d: new RaftServerImpl for group-FBE7ACB04D90:[142e253e-90c9-4fef-b27c-ae810c25119d:192.168.164.205:42315, 768c183a-a946-4e29-8567-dcb33d92edbd:192.168.164.205:32831, 4bb862d0-e989-45aa-98e5-076ff6c8117d:192.168.164.205:36948] with ContainerStateMachine:uninitialized
2019-10-03 02:04:03,046 [pool-37-thread-1] INFO  server.RaftServerConfigKeys (ConfUtils.java:logGet(43)) - raft.server.rpc.timeout.min = 5s (custom)
2019-10-03 02:04:03,047 [pool-37-thread-1] INFO  server.RaftServerConfigKeys (ConfUtils.java:logGet(43)) - raft.server.rpc.timeout.max = 5200ms (custom)
2019-10-03 02:04:03,047 [pool-37-thread-1] INFO  server.RaftServerConfigKeys (ConfUtils.java:logGet(43)) - raft.server.rpcslowness.timeout = 120s (custom)
2019-10-03 02:04:03,047 [pool-37-thread-1] INFO  server.RaftServerConfigKeys (ConfUtils.java:logGet(43)) - raft.server.sleep.deviation.threshold = 300 (default)
2019-10-03 02:04:03,047 [grpc-default-executor-1] INFO  impl.RaftServerProxy (RaftServerProxy.java:addNew(89)) - 768c183a-a946-4e29-8567-dcb33d92edbd: addNew group-FBE7ACB04D90:[142e253e-90c9-4fef-b27c-ae810c25119d:192.168.164.205:42315, 768c183a-a946-4e29-8567-dcb33d92edbd:192.168.164.205:32831, 4bb862d0-e989-45aa-98e5-076ff6c8117d:192.168.164.205:36948] returns group-FBE7ACB04D90:java.util.concurrent.CompletableFuture@544cea9b[Not completed]
2019-10-03 02:04:03,047 [pool-37-thread-1] INFO  server.RaftServerConfigKeys (ConfUtils.java:logGet(43)) - raft.server.log.appender.install.snapshot.enabled = false (custom)
2019-10-03 02:04:03,047 [pool-27-thread-1] INFO  impl.RaftServerImpl (RaftServerImpl.java:<init>(95)) - 142e253e-90c9-4fef-b27c-ae810c25119d: new RaftServerImpl for group-FBE7ACB04D90:[142e253e-90c9-4fef-b27c-ae810c25119d:192.168.164.205:42315, 768c183a-a946-4e29-8567-dcb33d92edbd:192.168.164.205:32831, 4bb862d0-e989-45aa-98e5-076ff6c8117d:192.168.164.205:36948] with ContainerStateMachine:uninitialized
2019-10-03 02:04:03,047 [pool-37-thread-1] INFO  impl.RaftServerImpl (ServerState.java:<init>(103)) - 4bb862d0-e989-45aa-98e5-076ff6c8117d@group-FBE7ACB04D90: ConfigurationManager, init=-1: [142e253e-90c9-4fef-b27c-ae810c25119d:192.168.164.205:42315, 768c183a-a946-4e29-8567-dcb33d92edbd:192.168.164.205:32831, 4bb862d0-e989-45aa-98e5-076ff6c8117d:192.168.164.205:36948], old=null, confs=<EMPTY_MAP>
2019-10-03 02:04:03,048 [pool-27-thread-1] INFO  server.RaftServerConfigKeys (ConfUtils.java:logGet(43)) - raft.server.rpc.timeout.min = 5s (custom)
2019-10-03 02:04:03,048 [pool-37-thread-1] INFO  server.RaftServerConfigKeys (ConfUtils.java:logGet(43)) - raft.server.storage.dir = [/workdir/hadoop-ozone/ozonefs/target/test-dir/MiniOzoneClusterImpl-9087a402-0ae6-4342-9f6b-aead06e90c3f/datanode-1/data/ratis] (custom)
2019-10-03 02:04:03,048 [pool-27-thread-1] INFO  server.RaftServerConfigKeys (ConfUtils.java:logGet(43)) - raft.server.rpc.timeout.max = 5200ms (custom)
2019-10-03 02:04:03,048 [pool-27-thread-1] INFO  server.RaftServerConfigKeys (ConfUtils.java:logGet(43)) - raft.server.rpcslowness.timeout = 120s (custom)
2019-10-03 02:04:03,048 [pool-37-thread-1] INFO  server.RaftServerConfigKeys (ConfUtils.java:logGet(43)) - raft.server.log.corruption.policy = EXCEPTION (default)
2019-10-03 02:04:03,048 [pool-27-thread-1] INFO  server.RaftServerConfigKeys (ConfUtils.java:logGet(43)) - raft.server.sleep.deviation.threshold = 300 (default)
2019-10-03 02:04:03,048 [pool-37-thread-1] INFO  storage.RaftStorageDirectory (RaftStorageDirectory.java:analyzeStorage(246)) - The storage directory /workdir/hadoop-ozone/ozonefs/target/test-dir/MiniOzoneClusterImpl-9087a402-0ae6-4342-9f6b-aead06e90c3f/datanode-1/data/ratis/a8db6341-1a0a-4806-936e-fbe7acb04d90 does not exist. Creating ...
2019-10-03 02:04:03,048 [pool-47-thread-1] INFO  impl.RaftServerImpl (RaftServerImpl.java:<init>(95)) - 768c183a-a946-4e29-8567-dcb33d92edbd: new RaftServerImpl for group-FBE7ACB04D90:[142e253e-90c9-4fef-b27c-ae810c25119d:192.168.164.205:42315, 768c183a-a946-4e29-8567-dcb33d92edbd:192.168.164.205:32831, 4bb862d0-e989-45aa-98e5-076ff6c8117d:192.168.164.205:36948] with ContainerStateMachine:uninitialized
2019-10-03 02:04:03,049 [pool-27-thread-1] INFO  server.RaftServerConfigKeys (ConfUtils.java:logGet(43)) - raft.server.log.appender.install.snapshot.enabled = false (custom)
2019-10-03 02:04:03,049 [pool-47-thread-1] INFO  server.RaftServerConfigKeys (ConfUtils.java:logGet(43)) - raft.server.rpc.timeout.min = 5s (custom)
2019-10-03 02:04:03,049 [pool-27-thread-1] INFO  impl.RaftServerImpl (ServerState.java:<init>(103)) - 142e253e-90c9-4fef-b27c-ae810c25119d@group-FBE7ACB04D90: ConfigurationManager, init=-1: [142e253e-90c9-4fef-b27c-ae810c25119d:192.168.164.205:42315, 768c183a-a946-4e29-8567-dcb33d92edbd:192.168.164.205:32831, 4bb862d0-e989-45aa-98e5-076ff6c8117d:192.168.164.205:36948], old=null, confs=<EMPTY_MAP>
2019-10-03 02:04:03,049 [pool-47-thread-1] INFO  server.RaftServerConfigKeys (ConfUtils.java:logGet(43)) - raft.server.rpc.timeout.max = 5200ms (custom)
2019-10-03 02:04:03,049 [pool-27-thread-1] INFO  server.RaftServerConfigKeys (ConfUtils.java:logGet(43)) - raft.server.storage.dir = [/workdir/hadoop-ozone/ozonefs/target/test-dir/MiniOzoneClusterImpl-9087a402-0ae6-4342-9f6b-aead06e90c3f/datanode-0/data/ratis] (custom)
2019-10-03 02:04:03,049 [pool-47-thread-1] INFO  server.RaftServerConfigKeys (ConfUtils.java:logGet(43)) - raft.server.rpcslowness.timeout = 120s (custom)
2019-10-03 02:04:03,050 [pool-47-thread-1] INFO  server.RaftServerConfigKeys (ConfUtils.java:logGet(43)) - raft.server.sleep.deviation.threshold = 300 (default)
2019-10-03 02:04:03,050 [pool-27-thread-1] INFO  server.RaftServerConfigKeys (ConfUtils.java:logGet(43)) - raft.server.log.corruption.policy = EXCEPTION (default)
2019-10-03 02:04:03,050 [pool-47-thread-1] INFO  server.RaftServerConfigKeys (ConfUtils.java:logGet(43)) - raft.server.log.appender.install.snapshot.enabled = false (custom)
2019-10-03 02:04:03,050 [pool-27-thread-1] INFO  storage.RaftStorageDirectory (RaftStorageDirectory.java:analyzeStorage(246)) - The storage directory /workdir/hadoop-ozone/ozonefs/target/test-dir/MiniOzoneClusterImpl-9087a402-0ae6-4342-9f6b-aead06e90c3f/datanode-0/data/ratis/a8db6341-1a0a-4806-936e-fbe7acb04d90 does not exist. Creating ...
2019-10-03 02:04:03,050 [pool-47-thread-1] INFO  impl.RaftServerImpl (ServerState.java:<init>(103)) - 768c183a-a946-4e29-8567-dcb33d92edbd@group-FBE7ACB04D90: ConfigurationManager, init=-1: [142e253e-90c9-4fef-b27c-ae810c25119d:192.168.164.205:42315, 768c183a-a946-4e29-8567-dcb33d92edbd:192.168.164.205:32831, 4bb862d0-e989-45aa-98e5-076ff6c8117d:192.168.164.205:36948], old=null, confs=<EMPTY_MAP>
2019-10-03 02:04:03,050 [pool-47-thread-1] INFO  server.RaftServerConfigKeys (ConfUtils.java:logGet(43)) - raft.server.storage.dir = [/workdir/hadoop-ozone/ozonefs/target/test-dir/MiniOzoneClusterImpl-9087a402-0ae6-4342-9f6b-aead06e90c3f/datanode-2/data/ratis] (custom)
2019-10-03 02:04:03,050 [pool-47-thread-1] INFO  server.RaftServerConfigKeys (ConfUtils.java:logGet(43)) - raft.server.log.corruption.policy = EXCEPTION (default)
2019-10-03 02:04:03,051 [pool-47-thread-1] INFO  storage.RaftStorageDirectory (RaftStorageDirectory.java:analyzeStorage(246)) - The storage directory /workdir/hadoop-ozone/ozonefs/target/test-dir/MiniOzoneClusterImpl-9087a402-0ae6-4342-9f6b-aead06e90c3f/datanode-2/data/ratis/a8db6341-1a0a-4806-936e-fbe7acb04d90 does not exist. Creating ...
2019-10-03 02:04:03,073 [pool-27-thread-1] INFO  storage.RaftStorageDirectory (RaftStorageDirectory.java:tryLock(328)) - Lock on /workdir/hadoop-ozone/ozonefs/target/test-dir/MiniOzoneClusterImpl-9087a402-0ae6-4342-9f6b-aead06e90c3f/datanode-0/data/ratis/a8db6341-1a0a-4806-936e-fbe7acb04d90/in_use.lock acquired by nodename 19677@pr-hdds-1737-89jld-2007629010
2019-10-03 02:04:03,074 [pool-37-thread-1] INFO  storage.RaftStorageDirectory (RaftStorageDirectory.java:tryLock(328)) - Lock on /workdir/hadoop-ozone/ozonefs/target/test-dir/MiniOzoneClusterImpl-9087a402-0ae6-4342-9f6b-aead06e90c3f/datanode-1/data/ratis/a8db6341-1a0a-4806-936e-fbe7acb04d90/in_use.lock acquired by nodename 19677@pr-hdds-1737-89jld-2007629010
2019-10-03 02:04:03,074 [pool-47-thread-1] INFO  storage.RaftStorageDirectory (RaftStorageDirectory.java:tryLock(328)) - Lock on /workdir/hadoop-ozone/ozonefs/target/test-dir/MiniOzoneClusterImpl-9087a402-0ae6-4342-9f6b-aead06e90c3f/datanode-2/data/ratis/a8db6341-1a0a-4806-936e-fbe7acb04d90/in_use.lock acquired by nodename 19677@pr-hdds-1737-89jld-2007629010
2019-10-03 02:04:03,099 [pool-27-thread-1] INFO  storage.RaftStorage (RaftStorage.java:format(84)) - Storage directory /workdir/hadoop-ozone/ozonefs/target/test-dir/MiniOzoneClusterImpl-9087a402-0ae6-4342-9f6b-aead06e90c3f/datanode-0/data/ratis/a8db6341-1a0a-4806-936e-fbe7acb04d90 has been successfully formatted.
2019-10-03 02:04:03,099 [pool-37-thread-1] INFO  storage.RaftStorage (RaftStorage.java:format(84)) - Storage directory /workdir/hadoop-ozone/ozonefs/target/test-dir/MiniOzoneClusterImpl-9087a402-0ae6-4342-9f6b-aead06e90c3f/datanode-1/data/ratis/a8db6341-1a0a-4806-936e-fbe7acb04d90 has been successfully formatted.
2019-10-03 02:04:03,099 [pool-47-thread-1] INFO  storage.RaftStorage (RaftStorage.java:format(84)) - Storage directory /workdir/hadoop-ozone/ozonefs/target/test-dir/MiniOzoneClusterImpl-9087a402-0ae6-4342-9f6b-aead06e90c3f/datanode-2/data/ratis/a8db6341-1a0a-4806-936e-fbe7acb04d90 has been successfully formatted.
2019-10-03 02:04:03,099 [pool-27-thread-1] INFO  ratis.ContainerStateMachine (ContainerStateMachine.java:loadSnapshot(230)) - group-FBE7ACB04D90: The snapshot info is null. Setting the last applied indexto:(t:0, i:~)
2019-10-03 02:04:03,100 [pool-37-thread-1] INFO  ratis.ContainerStateMachine (ContainerStateMachine.java:loadSnapshot(230)) - group-FBE7ACB04D90: The snapshot info is null. Setting the last applied indexto:(t:0, i:~)
2019-10-03 02:04:03,100 [pool-47-thread-1] INFO  ratis.ContainerStateMachine (ContainerStateMachine.java:loadSnapshot(230)) - group-FBE7ACB04D90: The snapshot info is null. Setting the last applied indexto:(t:0, i:~)
2019-10-03 02:04:03,100 [pool-27-thread-1] INFO  server.RaftServerConfigKeys (ConfUtils.java:logGet(43)) - raft.server.notification.no-leader.timeout = 120s (custom)
2019-10-03 02:04:03,100 [pool-47-thread-1] INFO  server.RaftServerConfigKeys (ConfUtils.java:logGet(43)) - raft.server.notification.no-leader.timeout = 120s (custom)
2019-10-03 02:04:03,100 [pool-37-thread-1] INFO  server.RaftServerConfigKeys (ConfUtils.java:logGet(43)) - raft.server.notification.no-leader.timeout = 120s (custom)
2019-10-03 02:04:03,100 [pool-47-thread-1] INFO  server.RaftServerConfigKeys (ConfUtils.java:logGet(43)) - raft.server.log.use.memory = false (default)
2019-10-03 02:04:03,100 [pool-27-thread-1] INFO  server.RaftServerConfigKeys (ConfUtils.java:logGet(43)) - raft.server.log.use.memory = false (default)
2019-10-03 02:04:03,101 [pool-47-thread-1] INFO  server.RaftServerConfigKeys (ConfUtils.java:logGet(43)) - raft.server.log.purge.gap = 1000000 (custom)
2019-10-03 02:04:03,100 [pool-37-thread-1] INFO  server.RaftServerConfigKeys (ConfUtils.java:logGet(43)) - raft.server.log.use.memory = false (default)
2019-10-03 02:04:03,101 [pool-47-thread-1] INFO  server.RaftServerConfigKeys (ConfUtils.java:logGet(43)) - raft.server.log.appender.buffer.byte-limit = 33554432 (custom)
2019-10-03 02:04:03,101 [pool-27-thread-1] INFO  server.RaftServerConfigKeys (ConfUtils.java:logGet(43)) - raft.server.log.purge.gap = 1000000 (custom)
2019-10-03 02:04:03,101 [pool-47-thread-1] INFO  server.RaftServerConfigKeys (ConfUtils.java:logGet(43)) - raft.server.log.segment.size.max = 1048576 (custom)
2019-10-03 02:04:03,101 [pool-37-thread-1] INFO  server.RaftServerConfigKeys (ConfUtils.java:logGet(43)) - raft.server.log.purge.gap = 1000000 (custom)
2019-10-03 02:04:03,102 [pool-47-thread-1] INFO  server.RaftServerConfigKeys (ConfUtils.java:logGet(43)) - raft.server.log.segment.cache.num.max = 2 (custom)
2019-10-03 02:04:03,102 [pool-47-thread-1] INFO  segmented.SegmentedRaftLogWorker (SegmentedRaftLogWorker.java:<init>(173)) - new 768c183a-a946-4e29-8567-dcb33d92edbd@group-FBE7ACB04D90-SegmentedRaftLogWorker for RaftStorage:Storage Directory /workdir/hadoop-ozone/ozonefs/target/test-dir/MiniOzoneClusterImpl-9087a402-0ae6-4342-9f6b-aead06e90c3f/datanode-2/data/ratis/a8db6341-1a0a-4806-936e-fbe7acb04d90
2019-10-03 02:04:03,101 [pool-27-thread-1] INFO  server.RaftServerConfigKeys (ConfUtils.java:logGet(43)) - raft.server.log.appender.buffer.byte-limit = 33554432 (custom)
2019-10-03 02:04:03,102 [pool-47-thread-1] INFO  server.RaftServerConfigKeys (ConfUtils.java:logGet(43)) - raft.server.log.queue.byte-limit = 2147483647 (custom)
2019-10-03 02:04:03,102 [pool-37-thread-1] INFO  server.RaftServerConfigKeys (ConfUtils.java:logGet(43)) - raft.server.log.appender.buffer.byte-limit = 33554432 (custom)
2019-10-03 02:04:03,102 [pool-47-thread-1] INFO  server.RaftServerConfigKeys (ConfUtils.java:logGet(43)) - raft.server.log.queue.element-limit = 1024 (custom)
2019-10-03 02:04:03,102 [pool-27-thread-1] INFO  server.RaftServerConfigKeys (ConfUtils.java:logGet(43)) - raft.server.log.segment.size.max = 1048576 (custom)
2019-10-03 02:04:03,103 [pool-47-thread-1] INFO  server.RaftServerConfigKeys (ConfUtils.java:logGet(43)) - raft.server.log.segment.size.max = 1048576 (custom)
2019-10-03 02:04:03,103 [pool-37-thread-1] INFO  server.RaftServerConfigKeys (ConfUtils.java:logGet(43)) - raft.server.log.segment.size.max = 1048576 (custom)
2019-10-03 02:04:03,103 [pool-47-thread-1] INFO  server.RaftServerConfigKeys (ConfUtils.java:logGet(43)) - raft.server.log.preallocated.size = 16384 (custom)
2019-10-03 02:04:03,103 [pool-27-thread-1] INFO  server.RaftServerConfigKeys (ConfUtils.java:logGet(43)) - raft.server.log.segment.cache.num.max = 2 (custom)
2019-10-03 02:04:03,104 [pool-47-thread-1] INFO  server.RaftServerConfigKeys (ConfUtils.java:logGet(43)) - raft.server.log.write.buffer.size = 33554432 (custom)
2019-10-03 02:04:03,103 [pool-37-thread-1] INFO  server.RaftServerConfigKeys (ConfUtils.java:logGet(43)) - raft.server.log.segment.cache.num.max = 2 (custom)
2019-10-03 02:04:03,104 [pool-47-thread-1] INFO  server.RaftServerConfigKeys (ConfUtils.java:logGet(43)) - raft.server.log.force.sync.num = 128 (default)
2019-10-03 02:04:03,104 [pool-27-thread-1] INFO  segmented.SegmentedRaftLogWorker (SegmentedRaftLogWorker.java:<init>(173)) - new 142e253e-90c9-4fef-b27c-ae810c25119d@group-FBE7ACB04D90-SegmentedRaftLogWorker for RaftStorage:Storage Directory /workdir/hadoop-ozone/ozonefs/target/test-dir/MiniOzoneClusterImpl-9087a402-0ae6-4342-9f6b-aead06e90c3f/datanode-0/data/ratis/a8db6341-1a0a-4806-936e-fbe7acb04d90
2019-10-03 02:04:03,104 [pool-47-thread-1] INFO  server.RaftServerConfigKeys (ConfUtils.java:logGet(43)) - raft.server.log.statemachine.data.sync = true (default)
2019-10-03 02:04:03,104 [pool-37-thread-1] INFO  segmented.SegmentedRaftLogWorker (SegmentedRaftLogWorker.java:<init>(173)) - new 4bb862d0-e989-45aa-98e5-076ff6c8117d@group-FBE7ACB04D90-SegmentedRaftLogWorker for RaftStorage:Storage Directory /workdir/hadoop-ozone/ozonefs/target/test-dir/MiniOzoneClusterImpl-9087a402-0ae6-4342-9f6b-aead06e90c3f/datanode-1/data/ratis/a8db6341-1a0a-4806-936e-fbe7acb04d90
2019-10-03 02:04:03,105 [pool-47-thread-1] INFO  server.RaftServerConfigKeys (ConfUtils.java:logGet(43)) - raft.server.log.statemachine.data.sync.timeout = 10s (default)
2019-10-03 02:04:03,105 [pool-27-thread-1] INFO  server.RaftServerConfigKeys (ConfUtils.java:logGet(43)) - raft.server.log.queue.byte-limit = 2147483647 (custom)
2019-10-03 02:04:03,105 [pool-47-thread-1] INFO  server.RaftServerConfigKeys (ConfUtils.java:logGet(43)) - raft.server.log.statemachine.data.sync.timeout.retry = -1 (default)
2019-10-03 02:04:03,105 [pool-37-thread-1] INFO  server.RaftServerConfigKeys (ConfUtils.java:logGet(43)) - raft.server.log.queue.byte-limit = 2147483647 (custom)
2019-10-03 02:04:03,105 [pool-27-thread-1] INFO  server.RaftServerConfigKeys (ConfUtils.java:logGet(43)) - raft.server.log.queue.element-limit = 1024 (custom)
2019-10-03 02:04:03,106 [pool-47-thread-1] INFO  server.RaftServerConfigKeys (ConfUtils.java:logGet(43)) - raft.server.log.statemachine.data.caching.enabled = true (custom)
2019-10-03 02:04:03,106 [pool-37-thread-1] INFO  server.RaftServerConfigKeys (ConfUtils.java:logGet(43)) - raft.server.log.queue.element-limit = 1024 (custom)
2019-10-03 02:04:03,106 [pool-27-thread-1] INFO  server.RaftServerConfigKeys (ConfUtils.java:logGet(43)) - raft.server.log.segment.size.max = 1048576 (custom)
2019-10-03 02:04:03,106 [pool-47-thread-1] INFO  segmented.SegmentedRaftLogWorker (SegmentedRaftLogWorker.java:lambda$new$0(128)) - 768c183a-a946-4e29-8567-dcb33d92edbd@group-FBE7ACB04D90-SegmentedRaftLogWorker: flushIndex: setUnconditionally 0 -> -1
2019-10-03 02:04:03,106 [pool-37-thread-1] INFO  server.RaftServerConfigKeys (ConfUtils.java:logGet(43)) - raft.server.log.segment.size.max = 1048576 (custom)
2019-10-03 02:04:03,106 [pool-27-thread-1] INFO  server.RaftServerConfigKeys (ConfUtils.java:logGet(43)) - raft.server.log.preallocated.size = 16384 (custom)
2019-10-03 02:04:03,107 [pool-47-thread-1] INFO  server.RaftServerConfigKeys (ConfUtils.java:logGet(43)) - raft.server.snapshot.auto.trigger.enabled = true (custom)
2019-10-03 02:04:03,107 [pool-37-thread-1] INFO  server.RaftServerConfigKeys (ConfUtils.java:logGet(43)) - raft.server.log.preallocated.size = 16384 (custom)
2019-10-03 02:04:03,107 [pool-47-thread-1] INFO  server.RaftServerConfigKeys (ConfUtils.java:logGet(43)) - raft.server.snapshot.auto.trigger.threshold = 10000 (custom)
2019-10-03 02:04:03,107 [pool-27-thread-1] INFO  server.RaftServerConfigKeys (ConfUtils.java:logGet(43)) - raft.server.log.write.buffer.size = 33554432 (custom)
2019-10-03 02:04:03,107 [pool-47-thread-1] INFO  server.RaftServerConfigKeys (ConfUtils.java:logGet(43)) - raft.server.snapshot.retention.file.num = 5 (custom)
2019-10-03 02:04:03,107 [pool-37-thread-1] INFO  server.RaftServerConfigKeys (ConfUtils.java:logGet(43)) - raft.server.log.write.buffer.size = 33554432 (custom)
2019-10-03 02:04:03,108 [pool-27-thread-1] INFO  server.RaftServerConfigKeys (ConfUtils.java:logGet(43)) - raft.server.log.force.sync.num = 128 (default)
2019-10-03 02:04:03,108 [pool-47-thread-1] INFO  server.RaftServerConfigKeys (ConfUtils.java:logGet(43)) - raft.server.retrycache.expirytime = 600000ms (custom)
2019-10-03 02:04:03,108 [pool-37-thread-1] INFO  server.RaftServerConfigKeys (ConfUtils.java:logGet(43)) - raft.server.log.force.sync.num = 128 (default)
2019-10-03 02:04:03,108 [pool-27-thread-1] INFO  server.RaftServerConfigKeys (ConfUtils.java:logGet(43)) - raft.server.log.statemachine.data.sync = true (default)
2019-10-03 02:04:03,108 [pool-37-thread-1] INFO  server.RaftServerConfigKeys (ConfUtils.java:logGet(43)) - raft.server.log.statemachine.data.sync = true (default)
2019-10-03 02:04:03,109 [pool-27-thread-1] INFO  server.RaftServerConfigKeys (ConfUtils.java:logGet(43)) - raft.server.log.statemachine.data.sync.timeout = 10s (default)
2019-10-03 02:04:03,109 [pool-37-thread-1] INFO  server.RaftServerConfigKeys (ConfUtils.java:logGet(43)) - raft.server.log.statemachine.data.sync.timeout = 10s (default)
2019-10-03 02:04:03,109 [pool-27-thread-1] INFO  server.RaftServerConfigKeys (ConfUtils.java:logGet(43)) - raft.server.log.statemachine.data.sync.timeout.retry = -1 (default)
2019-10-03 02:04:03,109 [pool-37-thread-1] INFO  server.RaftServerConfigKeys (ConfUtils.java:logGet(43)) - raft.server.log.statemachine.data.sync.timeout.retry = -1 (default)
2019-10-03 02:04:03,109 [pool-27-thread-1] INFO  server.RaftServerConfigKeys (ConfUtils.java:logGet(43)) - raft.server.log.statemachine.data.caching.enabled = true (custom)
2019-10-03 02:04:03,109 [pool-37-thread-1] INFO  server.RaftServerConfigKeys (ConfUtils.java:logGet(43)) - raft.server.log.statemachine.data.caching.enabled = true (custom)
2019-10-03 02:04:03,110 [pool-27-thread-1] INFO  segmented.SegmentedRaftLogWorker (SegmentedRaftLogWorker.java:lambda$new$0(128)) - 142e253e-90c9-4fef-b27c-ae810c25119d@group-FBE7ACB04D90-SegmentedRaftLogWorker: flushIndex: setUnconditionally 0 -> -1
2019-10-03 02:04:03,110 [pool-37-thread-1] INFO  segmented.SegmentedRaftLogWorker (SegmentedRaftLogWorker.java:lambda$new$0(128)) - 4bb862d0-e989-45aa-98e5-076ff6c8117d@group-FBE7ACB04D90-SegmentedRaftLogWorker: flushIndex: setUnconditionally 0 -> -1
2019-10-03 02:04:03,110 [pool-27-thread-1] INFO  server.RaftServerConfigKeys (ConfUtils.java:logGet(43)) - raft.server.snapshot.auto.trigger.enabled = true (custom)
2019-10-03 02:04:03,110 [pool-37-thread-1] INFO  server.RaftServerConfigKeys (ConfUtils.java:logGet(43)) - raft.server.snapshot.auto.trigger.enabled = true (custom)
2019-10-03 02:04:03,110 [pool-27-thread-1] INFO  server.RaftServerConfigKeys (ConfUtils.java:logGet(43)) - raft.server.snapshot.auto.trigger.threshold = 10000 (custom)
2019-10-03 02:04:03,110 [pool-37-thread-1] INFO  server.RaftServerConfigKeys (ConfUtils.java:logGet(43)) - raft.server.snapshot.auto.trigger.threshold = 10000 (custom)
2019-10-03 02:04:03,111 [pool-27-thread-1] INFO  server.RaftServerConfigKeys (ConfUtils.java:logGet(43)) - raft.server.snapshot.retention.file.num = 5 (custom)
2019-10-03 02:04:03,111 [pool-37-thread-1] INFO  server.RaftServerConfigKeys (ConfUtils.java:logGet(43)) - raft.server.snapshot.retention.file.num = 5 (custom)
2019-10-03 02:04:03,111 [pool-27-thread-1] INFO  server.RaftServerConfigKeys (ConfUtils.java:logGet(43)) - raft.server.retrycache.expirytime = 600000ms (custom)
2019-10-03 02:04:03,111 [pool-37-thread-1] INFO  server.RaftServerConfigKeys (ConfUtils.java:logGet(43)) - raft.server.retrycache.expirytime = 600000ms (custom)
2019-10-03 02:04:03,114 [pool-47-thread-1] INFO  impl.RaftServerImpl (RaftServerImpl.java:start(181)) - 768c183a-a946-4e29-8567-dcb33d92edbd@group-FBE7ACB04D90: start as a follower, conf=-1: [142e253e-90c9-4fef-b27c-ae810c25119d:192.168.164.205:42315, 768c183a-a946-4e29-8567-dcb33d92edbd:192.168.164.205:32831, 4bb862d0-e989-45aa-98e5-076ff6c8117d:192.168.164.205:36948], old=null
2019-10-03 02:04:03,114 [pool-47-thread-1] INFO  impl.RaftServerImpl (RaftServerImpl.java:setRole(170)) - 768c183a-a946-4e29-8567-dcb33d92edbd@group-FBE7ACB04D90: changes role from      null to FOLLOWER at term 0 for startAsFollower
2019-10-03 02:04:03,114 [pool-47-thread-1] INFO  impl.RoleInfo (RoleInfo.java:updateAndGet(143)) - 768c183a-a946-4e29-8567-dcb33d92edbd: start FollowerState
2019-10-03 02:04:03,115 [pool-47-thread-1] INFO  util.JmxRegister (JmxRegister.java:tryRegister(44)) - Successfully registered JMX Bean with object name Ratis:service=RaftServer,group=group-FBE7ACB04D90,id=768c183a-a946-4e29-8567-dcb33d92edbd
2019-10-03 02:04:03,116 [pool-27-thread-1] INFO  impl.RaftServerImpl (RaftServerImpl.java:start(181)) - 142e253e-90c9-4fef-b27c-ae810c25119d@group-FBE7ACB04D90: start as a follower, conf=-1: [142e253e-90c9-4fef-b27c-ae810c25119d:192.168.164.205:42315, 768c183a-a946-4e29-8567-dcb33d92edbd:192.168.164.205:32831, 4bb862d0-e989-45aa-98e5-076ff6c8117d:192.168.164.205:36948], old=null
2019-10-03 02:04:03,116 [pool-27-thread-1] INFO  impl.RaftServerImpl (RaftServerImpl.java:setRole(170)) - 142e253e-90c9-4fef-b27c-ae810c25119d@group-FBE7ACB04D90: changes role from      null to FOLLOWER at term 0 for startAsFollower
2019-10-03 02:04:03,116 [pool-27-thread-1] INFO  impl.RoleInfo (RoleInfo.java:updateAndGet(143)) - 142e253e-90c9-4fef-b27c-ae810c25119d: start FollowerState
2019-10-03 02:04:03,117 [pool-27-thread-1] INFO  util.JmxRegister (JmxRegister.java:tryRegister(44)) - Successfully registered JMX Bean with object name Ratis:service=RaftServer,group=group-FBE7ACB04D90,id=142e253e-90c9-4fef-b27c-ae810c25119d
2019-10-03 02:04:03,117 [pool-37-thread-1] INFO  impl.RaftServerImpl (RaftServerImpl.java:start(181)) - 4bb862d0-e989-45aa-98e5-076ff6c8117d@group-FBE7ACB04D90: start as a follower, conf=-1: [142e253e-90c9-4fef-b27c-ae810c25119d:192.168.164.205:42315, 768c183a-a946-4e29-8567-dcb33d92edbd:192.168.164.205:32831, 4bb862d0-e989-45aa-98e5-076ff6c8117d:192.168.164.205:36948], old=null
2019-10-03 02:04:03,117 [pool-37-thread-1] INFO  impl.RaftServerImpl (RaftServerImpl.java:setRole(170)) - 4bb862d0-e989-45aa-98e5-076ff6c8117d@group-FBE7ACB04D90: changes role from      null to FOLLOWER at term 0 for startAsFollower
2019-10-03 02:04:03,117 [pool-37-thread-1] INFO  impl.RoleInfo (RoleInfo.java:updateAndGet(143)) - 4bb862d0-e989-45aa-98e5-076ff6c8117d: start FollowerState
2019-10-03 02:04:03,118 [pool-37-thread-1] INFO  util.JmxRegister (JmxRegister.java:tryRegister(44)) - Successfully registered JMX Bean with object name Ratis:service=RaftServer,group=group-FBE7ACB04D90,id=4bb862d0-e989-45aa-98e5-076ff6c8117d
2019-10-03 02:04:03,144 [RatisPipelineUtilsThread] INFO  pipeline.PipelineStateManager (PipelineStateManager.java:addPipeline(56)) - Created pipeline Pipeline[ Id: a8db6341-1a0a-4806-936e-fbe7acb04d90, Nodes: 768c183a-a946-4e29-8567-dcb33d92edbd{ip: 192.168.164.205, host: pr-hdds-1737-89jld-2007629010, networkLocation: /default-rack, certSerialId: null}142e253e-90c9-4fef-b27c-ae810c25119d{ip: 192.168.164.205, host: pr-hdds-1737-89jld-2007629010, networkLocation: /default-rack, certSerialId: null}4bb862d0-e989-45aa-98e5-076ff6c8117d{ip: 192.168.164.205, host: pr-hdds-1737-89jld-2007629010, networkLocation: /default-rack, certSerialId: null}, Type:RATIS, Factor:THREE, State:OPEN]
2019-10-03 02:04:03,601 [main] INFO  rpc.RpcClient (RpcClient.java:createVolume(276)) - Creating Volume: ggmybivgtm, with user40081 as owner.
2019-10-03 02:04:03,732 [IPC Server handler 1 on 34957] INFO  volume.OMVolumeCreateRequest (OMVolumeCreateRequest.java:validateAndUpdateCache(194)) - created volume:ggmybivgtm for user:user40081
2019-10-03 02:04:03,877 [main] INFO  rpc.RpcClient (RpcClient.java:createBucket(415)) - Creating Bucket: ggmybivgtm/zzdrbdxfcu, with Versioning false and Storage Type set to DISK and Encryption set to false 
02:04:04.310 [IPC Server handler 7 on 34957] ERROR OMAudit - user=jenkins1000 | ip=127.0.0.1 | op=CREATE_DIRECTORY {volume=ggmybivgtm, bucket=zzdrbdxfcu, key=7FpxD, dataSize=0, replicationType=RATIS, replicationFactor=ONE, keyLocationInfo=[]} | ret=FAILURE
org.apache.hadoop.ozone.om.exceptions.OMException: Volume not found ggmybivgtm
	at org.apache.hadoop.ozone.om.request.file.OMDirectoryCreateRequest.validateAndUpdateCache(OMDirectoryCreateRequest.java:146) ~[hadoop-ozone-ozone-manager-0.5.0-SNAPSHOT.jar:?]
	at org.apache.hadoop.ozone.protocolPB.OzoneManagerProtocolServerSideTranslatorPB.submitRequestDirectlyToOM(OzoneManagerProtocolServerSideTranslatorPB.java:219) ~[hadoop-ozone-ozone-manager-0.5.0-SNAPSHOT.jar:?]
	at org.apache.hadoop.ozone.protocolPB.OzoneManagerProtocolServerSideTranslatorPB.processRequest(OzoneManagerProtocolServerSideTranslatorPB.java:134) ~[hadoop-ozone-ozone-manager-0.5.0-SNAPSHOT.jar:?]
	at org.apache.hadoop.hdds.server.OzoneProtocolMessageDispatcher.processRequest(OzoneProtocolMessageDispatcher.java:72) [hadoop-hdds-server-framework-0.5.0-SNAPSHOT.jar:?]
	at org.apache.hadoop.ozone.protocolPB.OzoneManagerProtocolServerSideTranslatorPB.submitRequest(OzoneManagerProtocolServerSideTranslatorPB.java:100) [hadoop-ozone-ozone-manager-0.5.0-SNAPSHOT.jar:?]
	at org.apache.hadoop.ozone.protocol.proto.OzoneManagerProtocolProtos$OzoneManagerService$2.callBlockingMethod(OzoneManagerProtocolProtos.java) [hadoop-ozone-common-0.5.0-SNAPSHOT.jar:?]
	at org.apache.hadoop.ipc.ProtobufRpcEngine$Server$ProtoBufRpcInvoker.call(ProtobufRpcEngine.java:524) [hadoop-common-3.2.0.jar:?]
	at org.apache.hadoop.ipc.RPC$Server.call(RPC.java:1025) [hadoop-common-3.2.0.jar:?]
	at org.apache.hadoop.ipc.Server$RpcCall.run(Server.java:876) [hadoop-common-3.2.0.jar:?]
	at org.apache.hadoop.ipc.Server$RpcCall.run(Server.java:822) [hadoop-common-3.2.0.jar:?]
	at java.security.AccessController.doPrivileged(Native Method) [?:1.8.0_212]
	at javax.security.auth.Subject.doAs(Subject.java:422) [?:1.8.0_212]
	at org.apache.hadoop.security.UserGroupInformation.doAs(UserGroupInformation.java:1730) [hadoop-common-3.2.0.jar:?]
	at org.apache.hadoop.ipc.Server$Handler.run(Server.java:2682) [hadoop-common-3.2.0.jar:?]
2019-10-03 02:04:04,325 [IPC Server handler 7 on 34957] ERROR file.OMDirectoryCreateRequest (OMDirectoryCreateRequest.java:validateAndUpdateCache(212)) - CreateDirectory failed for Key: 7FpxD in volume/bucket:ggmybivgtm/zzdrbdxfcu
VOLUME_NOT_FOUND org.apache.hadoop.ozone.om.exceptions.OMException: Volume not found ggmybivgtm
	at org.apache.hadoop.ozone.om.request.file.OMDirectoryCreateRequest.validateAndUpdateCache(OMDirectoryCreateRequest.java:146)
	at org.apache.hadoop.ozone.protocolPB.OzoneManagerProtocolServerSideTranslatorPB.submitRequestDirectlyToOM(OzoneManagerProtocolServerSideTranslatorPB.java:219)
	at org.apache.hadoop.ozone.protocolPB.OzoneManagerProtocolServerSideTranslatorPB.processRequest(OzoneManagerProtocolServerSideTranslatorPB.java:134)
	at org.apache.hadoop.hdds.server.OzoneProtocolMessageDispatcher.processRequest(OzoneProtocolMessageDispatcher.java:72)
	at org.apache.hadoop.ozone.protocolPB.OzoneManagerProtocolServerSideTranslatorPB.submitRequest(OzoneManagerProtocolServerSideTranslatorPB.java:100)
	at org.apache.hadoop.ozone.protocol.proto.OzoneManagerProtocolProtos$OzoneManagerService$2.callBlockingMethod(OzoneManagerProtocolProtos.java)
	at org.apache.hadoop.ipc.ProtobufRpcEngine$Server$ProtoBufRpcInvoker.call(ProtobufRpcEngine.java:524)
	at org.apache.hadoop.ipc.RPC$Server.call(RPC.java:1025)
	at org.apache.hadoop.ipc.Server$RpcCall.run(Server.java:876)
	at org.apache.hadoop.ipc.Server$RpcCall.run(Server.java:822)
	at java.security.AccessController.doPrivileged(Native Method)
	at javax.security.auth.Subject.doAs(Subject.java:422)
	at org.apache.hadoop.security.UserGroupInformation.doAs(UserGroupInformation.java:1730)
	at org.apache.hadoop.ipc.Server$Handler.run(Server.java:2682)
2019-10-03 02:04:04,328 [main] INFO  ozone.MiniOzoneClusterImpl (MiniOzoneClusterImpl.java:shutdown(314)) - Shutting down the Mini Ozone Cluster
2019-10-03 02:04:04,329 [main] INFO  ozone.MiniOzoneClusterImpl (MiniOzoneClusterImpl.java:stop(330)) - Stopping the Mini Ozone Cluster
2019-10-03 02:04:04,329 [main] INFO  ozone.MiniOzoneClusterImpl (MiniOzoneClusterImpl.java:stopOM(400)) - Stopping the OzoneManager
2019-10-03 02:04:04,330 [main] INFO  ipc.Server (Server.java:stop(3082)) - Stopping server on 34957
2019-10-03 02:04:04,337 [IPC Server listener on 34957] INFO  ipc.Server (Server.java:run(1185)) - Stopping IPC Server listener on 34957
2019-10-03 02:04:04,337 [main] INFO  ratis.OzoneManagerDoubleBuffer (OzoneManagerDoubleBuffer.java:stop(248)) - Stopping OMDoubleBuffer flush thread
2019-10-03 02:04:04,338 [IPC Server Responder] INFO  ipc.Server (Server.java:run(1319)) - Stopping IPC Server Responder
2019-10-03 02:04:04,343 [OMDoubleBufferFlushThread] INFO  ratis.OzoneManagerDoubleBuffer (OzoneManagerDoubleBuffer.java:flushTransactions(191)) - OMDoubleBuffer flush thread OMDoubleBufferFlushThread is interrupted and will exit. OMDoubleBufferFlushThread
2019-10-03 02:04:04,355 [main] INFO  utils.BackgroundService (BackgroundService.java:shutdown(148)) - Shutting down service KeyDeletingService
2019-10-03 02:04:04,359 [main] INFO  handler.ContextHandler (ContextHandler.java:doStop(910)) - Stopped o.e.j.w.WebAppContext@5cd61783{/,null,UNAVAILABLE}{/ozoneManager}
2019-10-03 02:04:04,363 [main] INFO  server.AbstractConnector (AbstractConnector.java:doStop(318)) - Stopped ServerConnector@59429fac{HTTP/1.1,[http/1.1]}{0.0.0.0:0}
2019-10-03 02:04:04,363 [main] INFO  handler.ContextHandler (ContextHandler.java:doStop(910)) - Stopped o.e.j.s.ServletContextHandler@46d8f407{/static,jar:file:/home/user/.m2/repository/org/apache/hadoop/hadoop-ozone-ozone-manager/0.5.0-SNAPSHOT/hadoop-ozone-ozone-manager-0.5.0-SNAPSHOT.jar!/webapps/static,UNAVAILABLE}
2019-10-03 02:04:04,364 [main] INFO  handler.ContextHandler (ContextHandler.java:doStop(910)) - Stopped o.e.j.s.ServletContextHandler@58399d82{/logs,file:///workdir/hadoop-ozone/ozonefs/target/log,UNAVAILABLE}
2019-10-03 02:04:04,368 [main] INFO  ozone.MiniOzoneClusterImpl (MiniOzoneClusterImpl.java:stopDatanodes(377)) - Stopping the HddsDatanodes
2019-10-03 02:04:04,816 [Datanode State Machine Thread - 0] INFO  statemachine.DatanodeStateMachine (DatanodeStateMachine.java:lambda$startDaemon$0(350)) - Ozone container server started.
2019-10-03 02:04:04,879 [Thread-178] INFO  container.ReplicationManager (ReplicationManager.java:start(162)) - Starting Replication Monitor Thread.
2019-10-03 02:04:04,882 [ReplicationMonitor] INFO  container.ReplicationManager (ReplicationManager.java:run(225)) - Replication Monitor Thread took 1 milliseconds for processing 0 containers.
2019-10-03 02:04:05,142 [Datanode State Machine Thread - 0] INFO  statemachine.DatanodeStateMachine (DatanodeStateMachine.java:lambda$startDaemon$0(350)) - Ozone container server started.
2019-10-03 02:04:07,856 [Thread-180] INFO  impl.FollowerState (FollowerState.java:run(108)) - 142e253e-90c9-4fef-b27c-ae810c25119d@group-27954359CFFD-FollowerState: change to CANDIDATE, lastRpcTime:5200ms, electionTimeout:5199ms
2019-10-03 02:04:07,862 [Thread-180] INFO  impl.RoleInfo (RoleInfo.java:shutdownFollowerState(121)) - 142e253e-90c9-4fef-b27c-ae810c25119d: shutdown FollowerState
2019-10-03 02:04:07,862 [Thread-180] INFO  impl.RaftServerImpl (RaftServerImpl.java:setRole(170)) - 142e253e-90c9-4fef-b27c-ae810c25119d@group-27954359CFFD: changes role from  FOLLOWER to CANDIDATE at term 0 for changeToCandidate
2019-10-03 02:04:07,867 [Thread-180] INFO  impl.RoleInfo (RoleInfo.java:updateAndGet(143)) - 142e253e-90c9-4fef-b27c-ae810c25119d: start LeaderElection
2019-10-03 02:04:07,905 [142e253e-90c9-4fef-b27c-ae810c25119d@group-27954359CFFD-LeaderElection1] INFO  impl.LeaderElection (LeaderElection.java:askForVotes(178)) - 142e253e-90c9-4fef-b27c-ae810c25119d@group-27954359CFFD-LeaderElection1: begin an election at term 1 for -1: [142e253e-90c9-4fef-b27c-ae810c25119d:192.168.164.205:42315], old=null
2019-10-03 02:04:07,907 [142e253e-90c9-4fef-b27c-ae810c25119d@group-27954359CFFD-LeaderElection1] INFO  impl.RoleInfo (RoleInfo.java:shutdownLeaderElection(134)) - 142e253e-90c9-4fef-b27c-ae810c25119d: shutdown LeaderElection
2019-10-03 02:04:07,908 [142e253e-90c9-4fef-b27c-ae810c25119d@group-27954359CFFD-LeaderElection1] INFO  impl.RaftServerImpl (RaftServerImpl.java:setRole(170)) - 142e253e-90c9-4fef-b27c-ae810c25119d@group-27954359CFFD: changes role from CANDIDATE to LEADER at term 1 for changeToLeader
2019-10-03 02:04:07,909 [142e253e-90c9-4fef-b27c-ae810c25119d@group-27954359CFFD-LeaderElection1] INFO  impl.RaftServerImpl (ServerState.java:setLeader(255)) - 142e253e-90c9-4fef-b27c-ae810c25119d@group-27954359CFFD: change Leader from null to 142e253e-90c9-4fef-b27c-ae810c25119d at term 1 for becomeLeader, leader elected after 5385ms
2019-10-03 02:04:07,917 [142e253e-90c9-4fef-b27c-ae810c25119d@group-27954359CFFD-LeaderElection1] INFO  server.RaftServerConfigKeys (ConfUtils.java:logGet(43)) - raft.server.staging.catchup.gap = 1000 (default)
2019-10-03 02:04:07,917 [142e253e-90c9-4fef-b27c-ae810c25119d@group-27954359CFFD-LeaderElection1] INFO  server.RaftServerConfigKeys (ConfUtils.java:logGet(43)) - raft.server.rpc.sleep.time = 25ms (default)
2019-10-03 02:04:07,924 [142e253e-90c9-4fef-b27c-ae810c25119d@group-27954359CFFD-LeaderElection1] INFO  server.RaftServerConfigKeys (ConfUtils.java:logGet(43)) - raft.server.write.element-limit = 4096 (default)
2019-10-03 02:04:07,925 [Thread-183] INFO  impl.FollowerState (FollowerState.java:run(108)) - 768c183a-a946-4e29-8567-dcb33d92edbd@group-6C40AF9E2CD8-FollowerState: change to CANDIDATE, lastRpcTime:5065ms, electionTimeout:5064ms
2019-10-03 02:04:07,927 [Thread-183] INFO  impl.RoleInfo (RoleInfo.java:shutdownFollowerState(121)) - 768c183a-a946-4e29-8567-dcb33d92edbd: shutdown FollowerState
2019-10-03 02:04:07,927 [Thread-183] INFO  impl.RaftServerImpl (RaftServerImpl.java:setRole(170)) - 768c183a-a946-4e29-8567-dcb33d92edbd@group-6C40AF9E2CD8: changes role from  FOLLOWER to CANDIDATE at term 0 for changeToCandidate
2019-10-03 02:04:07,927 [Thread-183] INFO  impl.RoleInfo (RoleInfo.java:updateAndGet(143)) - 768c183a-a946-4e29-8567-dcb33d92edbd: start LeaderElection
2019-10-03 02:04:07,931 [142e253e-90c9-4fef-b27c-ae810c25119d@group-27954359CFFD-LeaderElection1] INFO  server.RaftServerConfigKeys (ConfUtils.java:logGet(43)) - raft.server.watch.timeout = 10s (default)
2019-10-03 02:04:07,931 [142e253e-90c9-4fef-b27c-ae810c25119d@group-27954359CFFD-LeaderElection1] INFO  server.RaftServerConfigKeys (ConfUtils.java:logGet(43)) - raft.server.watch.timeout.denomination = 1s (default)
2019-10-03 02:04:07,932 [142e253e-90c9-4fef-b27c-ae810c25119d@group-27954359CFFD-LeaderElection1] INFO  server.RaftServerConfigKeys (ConfUtils.java:logGet(43)) - raft.server.watch.element-limit = 65536 (default)
2019-10-03 02:04:07,943 [768c183a-a946-4e29-8567-dcb33d92edbd@group-6C40AF9E2CD8-LeaderElection2] INFO  impl.LeaderElection (LeaderElection.java:askForVotes(178)) - 768c183a-a946-4e29-8567-dcb33d92edbd@group-6C40AF9E2CD8-LeaderElection2: begin an election at term 1 for -1: [768c183a-a946-4e29-8567-dcb33d92edbd:192.168.164.205:32831], old=null
2019-10-03 02:04:07,948 [768c183a-a946-4e29-8567-dcb33d92edbd@group-6C40AF9E2CD8-LeaderElection2] INFO  impl.RoleInfo (RoleInfo.java:shutdownLeaderElection(134)) - 768c183a-a946-4e29-8567-dcb33d92edbd: shutdown LeaderElection
2019-10-03 02:04:07,948 [768c183a-a946-4e29-8567-dcb33d92edbd@group-6C40AF9E2CD8-LeaderElection2] INFO  impl.RaftServerImpl (RaftServerImpl.java:setRole(170)) - 768c183a-a946-4e29-8567-dcb33d92edbd@group-6C40AF9E2CD8: changes role from CANDIDATE to LEADER at term 1 for changeToLeader
2019-10-03 02:04:07,949 [768c183a-a946-4e29-8567-dcb33d92edbd@group-6C40AF9E2CD8-LeaderElection2] INFO  impl.RaftServerImpl (ServerState.java:setLeader(255)) - 768c183a-a946-4e29-8567-dcb33d92edbd@group-6C40AF9E2CD8: change Leader from null to 768c183a-a946-4e29-8567-dcb33d92edbd at term 1 for becomeLeader, leader elected after 5107ms
2019-10-03 02:04:07,949 [768c183a-a946-4e29-8567-dcb33d92edbd@group-6C40AF9E2CD8-LeaderElection2] INFO  server.RaftServerConfigKeys (ConfUtils.java:logGet(43)) - raft.server.staging.catchup.gap = 1000 (default)
2019-10-03 02:04:07,949 [768c183a-a946-4e29-8567-dcb33d92edbd@group-6C40AF9E2CD8-LeaderElection2] INFO  server.RaftServerConfigKeys (ConfUtils.java:logGet(43)) - raft.server.rpc.sleep.time = 25ms (default)
2019-10-03 02:04:07,949 [768c183a-a946-4e29-8567-dcb33d92edbd@group-6C40AF9E2CD8-LeaderElection2] INFO  server.RaftServerConfigKeys (ConfUtils.java:logGet(43)) - raft.server.write.element-limit = 4096 (default)
2019-10-03 02:04:07,950 [768c183a-a946-4e29-8567-dcb33d92edbd@group-6C40AF9E2CD8-LeaderElection2] INFO  server.RaftServerConfigKeys (ConfUtils.java:logGet(43)) - raft.server.watch.timeout = 10s (default)
2019-10-03 02:04:07,950 [768c183a-a946-4e29-8567-dcb33d92edbd@group-6C40AF9E2CD8-LeaderElection2] INFO  server.RaftServerConfigKeys (ConfUtils.java:logGet(43)) - raft.server.watch.timeout.denomination = 1s (default)
2019-10-03 02:04:07,950 [768c183a-a946-4e29-8567-dcb33d92edbd@group-6C40AF9E2CD8-LeaderElection2] INFO  server.RaftServerConfigKeys (ConfUtils.java:logGet(43)) - raft.server.watch.element-limit = 65536 (default)
2019-10-03 02:04:07,952 [142e253e-90c9-4fef-b27c-ae810c25119d@group-27954359CFFD-LeaderElection1] INFO  impl.RoleInfo (RoleInfo.java:updateAndGet(143)) - 142e253e-90c9-4fef-b27c-ae810c25119d: start LeaderState
2019-10-03 02:04:07,954 [768c183a-a946-4e29-8567-dcb33d92edbd@group-6C40AF9E2CD8-LeaderElection2] INFO  impl.RoleInfo (RoleInfo.java:updateAndGet(143)) - 768c183a-a946-4e29-8567-dcb33d92edbd: start LeaderState
2019-10-03 02:04:07,986 [142e253e-90c9-4fef-b27c-ae810c25119d@group-27954359CFFD-LeaderElection1] INFO  segmented.SegmentedRaftLogWorker (SegmentedRaftLogWorker.java:startLogSegment(385)) - 142e253e-90c9-4fef-b27c-ae810c25119d@group-27954359CFFD-SegmentedRaftLogWorker: Starting segment from index:0
2019-10-03 02:04:07,986 [768c183a-a946-4e29-8567-dcb33d92edbd@group-6C40AF9E2CD8-LeaderElection2] INFO  segmented.SegmentedRaftLogWorker (SegmentedRaftLogWorker.java:startLogSegment(385)) - 768c183a-a946-4e29-8567-dcb33d92edbd@group-6C40AF9E2CD8-SegmentedRaftLogWorker: Starting segment from index:0
2019-10-03 02:04:07,998 [768c183a-a946-4e29-8567-dcb33d92edbd@group-6C40AF9E2CD8-LeaderElection2] INFO  impl.RaftServerImpl (ServerState.java:setRaftConf(356)) - 768c183a-a946-4e29-8567-dcb33d92edbd@group-6C40AF9E2CD8: set configuration 0: [768c183a-a946-4e29-8567-dcb33d92edbd:192.168.164.205:32831], old=null at 0
2019-10-03 02:04:07,998 [142e253e-90c9-4fef-b27c-ae810c25119d@group-27954359CFFD-LeaderElection1] INFO  impl.RaftServerImpl (ServerState.java:setRaftConf(356)) - 142e253e-90c9-4fef-b27c-ae810c25119d@group-27954359CFFD: set configuration 0: [142e253e-90c9-4fef-b27c-ae810c25119d:192.168.164.205:42315], old=null at 0
2019-10-03 02:04:08,091 [Thread-186] INFO  impl.FollowerState (FollowerState.java:run(108)) - 4bb862d0-e989-45aa-98e5-076ff6c8117d@group-2E1DF139185C-FollowerState: change to CANDIDATE, lastRpcTime:5101ms, electionTimeout:5101ms
2019-10-03 02:04:08,091 [Thread-186] INFO  impl.RoleInfo (RoleInfo.java:shutdownFollowerState(121)) - 4bb862d0-e989-45aa-98e5-076ff6c8117d: shutdown FollowerState
2019-10-03 02:04:08,091 [Thread-186] INFO  impl.RaftServerImpl (RaftServerImpl.java:setRole(170)) - 4bb862d0-e989-45aa-98e5-076ff6c8117d@group-2E1DF139185C: changes role from  FOLLOWER to CANDIDATE at term 0 for changeToCandidate
2019-10-03 02:04:08,092 [Thread-186] INFO  impl.RoleInfo (RoleInfo.java:updateAndGet(143)) - 4bb862d0-e989-45aa-98e5-076ff6c8117d: start LeaderElection
2019-10-03 02:04:08,106 [4bb862d0-e989-45aa-98e5-076ff6c8117d@group-2E1DF139185C-LeaderElection3] INFO  impl.LeaderElection (LeaderElection.java:askForVotes(178)) - 4bb862d0-e989-45aa-98e5-076ff6c8117d@group-2E1DF139185C-LeaderElection3: begin an election at term 1 for -1: [4bb862d0-e989-45aa-98e5-076ff6c8117d:192.168.164.205:36948], old=null
2019-10-03 02:04:08,108 [4bb862d0-e989-45aa-98e5-076ff6c8117d@group-2E1DF139185C-LeaderElection3] INFO  impl.RoleInfo (RoleInfo.java:shutdownLeaderElection(134)) - 4bb862d0-e989-45aa-98e5-076ff6c8117d: shutdown LeaderElection
2019-10-03 02:04:08,108 [4bb862d0-e989-45aa-98e5-076ff6c8117d@group-2E1DF139185C-LeaderElection3] INFO  impl.RaftServerImpl (RaftServerImpl.java:setRole(170)) - 4bb862d0-e989-45aa-98e5-076ff6c8117d@group-2E1DF139185C: changes role from CANDIDATE to LEADER at term 1 for changeToLeader
2019-10-03 02:04:08,108 [4bb862d0-e989-45aa-98e5-076ff6c8117d@group-2E1DF139185C-LeaderElection3] INFO  impl.RaftServerImpl (ServerState.java:setLeader(255)) - 4bb862d0-e989-45aa-98e5-076ff6c8117d@group-2E1DF139185C: change Leader from null to 4bb862d0-e989-45aa-98e5-076ff6c8117d at term 1 for becomeLeader, leader elected after 5157ms
2019-10-03 02:04:08,108 [4bb862d0-e989-45aa-98e5-076ff6c8117d@group-2E1DF139185C-LeaderElection3] INFO  server.RaftServerConfigKeys (ConfUtils.java:logGet(43)) - raft.server.staging.catchup.gap = 1000 (default)
2019-10-03 02:04:08,108 [4bb862d0-e989-45aa-98e5-076ff6c8117d@group-2E1DF139185C-LeaderElection3] INFO  server.RaftServerConfigKeys (ConfUtils.java:logGet(43)) - raft.server.rpc.sleep.time = 25ms (default)
2019-10-03 02:04:08,109 [4bb862d0-e989-45aa-98e5-076ff6c8117d@group-2E1DF139185C-LeaderElection3] INFO  server.RaftServerConfigKeys (ConfUtils.java:logGet(43)) - raft.server.write.element-limit = 4096 (default)
2019-10-03 02:04:08,109 [4bb862d0-e989-45aa-98e5-076ff6c8117d@group-2E1DF139185C-LeaderElection3] INFO  server.RaftServerConfigKeys (ConfUtils.java:logGet(43)) - raft.server.watch.timeout = 10s (default)
2019-10-03 02:04:08,109 [4bb862d0-e989-45aa-98e5-076ff6c8117d@group-2E1DF139185C-LeaderElection3] INFO  server.RaftServerConfigKeys (ConfUtils.java:logGet(43)) - raft.server.watch.timeout.denomination = 1s (default)
2019-10-03 02:04:08,109 [4bb862d0-e989-45aa-98e5-076ff6c8117d@group-2E1DF139185C-LeaderElection3] INFO  server.RaftServerConfigKeys (ConfUtils.java:logGet(43)) - raft.server.watch.element-limit = 65536 (default)
2019-10-03 02:04:08,112 [4bb862d0-e989-45aa-98e5-076ff6c8117d@group-2E1DF139185C-LeaderElection3] INFO  impl.RoleInfo (RoleInfo.java:updateAndGet(143)) - 4bb862d0-e989-45aa-98e5-076ff6c8117d: start LeaderState
2019-10-03 02:04:08,112 [4bb862d0-e989-45aa-98e5-076ff6c8117d@group-2E1DF139185C-LeaderElection3] INFO  segmented.SegmentedRaftLogWorker (SegmentedRaftLogWorker.java:startLogSegment(385)) - 4bb862d0-e989-45aa-98e5-076ff6c8117d@group-2E1DF139185C-SegmentedRaftLogWorker: Starting segment from index:0
2019-10-03 02:04:08,113 [4bb862d0-e989-45aa-98e5-076ff6c8117d@group-2E1DF139185C-LeaderElection3] INFO  impl.RaftServerImpl (ServerState.java:setRaftConf(356)) - 4bb862d0-e989-45aa-98e5-076ff6c8117d@group-2E1DF139185C: set configuration 0: [4bb862d0-e989-45aa-98e5-076ff6c8117d:192.168.164.205:36948], old=null at 0
2019-10-03 02:04:08,139 [Thread-191] INFO  impl.FollowerState (FollowerState.java:run(108)) - 768c183a-a946-4e29-8567-dcb33d92edbd@group-FBE7ACB04D90-FollowerState: change to CANDIDATE, lastRpcTime:5024ms, electionTimeout:5024ms
2019-10-03 02:04:08,139 [Thread-191] INFO  impl.RoleInfo (RoleInfo.java:shutdownFollowerState(121)) - 768c183a-a946-4e29-8567-dcb33d92edbd: shutdown FollowerState
2019-10-03 02:04:08,139 [Thread-191] INFO  impl.RaftServerImpl (RaftServerImpl.java:setRole(170)) - 768c183a-a946-4e29-8567-dcb33d92edbd@group-FBE7ACB04D90: changes role from  FOLLOWER to CANDIDATE at term 0 for changeToCandidate
2019-10-03 02:04:08,140 [Thread-191] INFO  impl.RoleInfo (RoleInfo.java:updateAndGet(143)) - 768c183a-a946-4e29-8567-dcb33d92edbd: start LeaderElection
2019-10-03 02:04:08,188 [Thread-193] INFO  impl.FollowerState (FollowerState.java:run(108)) - 4bb862d0-e989-45aa-98e5-076ff6c8117d@group-FBE7ACB04D90-FollowerState: change to CANDIDATE, lastRpcTime:5070ms, electionTimeout:5070ms
2019-10-03 02:04:08,188 [Thread-193] INFO  impl.RoleInfo (RoleInfo.java:shutdownFollowerState(121)) - 4bb862d0-e989-45aa-98e5-076ff6c8117d: shutdown FollowerState
2019-10-03 02:04:08,188 [Thread-193] INFO  impl.RaftServerImpl (RaftServerImpl.java:setRole(170)) - 4bb862d0-e989-45aa-98e5-076ff6c8117d@group-FBE7ACB04D90: changes role from  FOLLOWER to CANDIDATE at term 0 for changeToCandidate
2019-10-03 02:04:08,189 [Thread-193] INFO  impl.RoleInfo (RoleInfo.java:updateAndGet(143)) - 4bb862d0-e989-45aa-98e5-076ff6c8117d: start LeaderElection
2019-10-03 02:04:08,198 [4bb862d0-e989-45aa-98e5-076ff6c8117d@group-2E1DF139185C-SegmentedRaftLogWorker] INFO  segmented.SegmentedRaftLogWorker (SegmentedRaftLogWorker.java:execute(574)) - 4bb862d0-e989-45aa-98e5-076ff6c8117d@group-2E1DF139185C-SegmentedRaftLogWorker: created new log segment /workdir/hadoop-ozone/ozonefs/target/test-dir/MiniOzoneClusterImpl-9087a402-0ae6-4342-9f6b-aead06e90c3f/datanode-1/data/ratis/177a0907-c2b2-4042-8b71-2e1df139185c/current/log_inprogress_0
2019-10-03 02:04:08,198 [768c183a-a946-4e29-8567-dcb33d92edbd@group-6C40AF9E2CD8-SegmentedRaftLogWorker] INFO  segmented.SegmentedRaftLogWorker (SegmentedRaftLogWorker.java:execute(574)) - 768c183a-a946-4e29-8567-dcb33d92edbd@group-6C40AF9E2CD8-SegmentedRaftLogWorker: created new log segment /workdir/hadoop-ozone/ozonefs/target/test-dir/MiniOzoneClusterImpl-9087a402-0ae6-4342-9f6b-aead06e90c3f/datanode-2/data/ratis/b796063b-7af3-4e68-b154-6c40af9e2cd8/current/log_inprogress_0
2019-10-03 02:04:08,198 [768c183a-a946-4e29-8567-dcb33d92edbd@group-FBE7ACB04D90-LeaderElection4] INFO  impl.LeaderElection (LeaderElection.java:askForVotes(178)) - 768c183a-a946-4e29-8567-dcb33d92edbd@group-FBE7ACB04D90-LeaderElection4: begin an election at term 1 for -1: [142e253e-90c9-4fef-b27c-ae810c25119d:192.168.164.205:42315, 768c183a-a946-4e29-8567-dcb33d92edbd:192.168.164.205:32831, 4bb862d0-e989-45aa-98e5-076ff6c8117d:192.168.164.205:36948], old=null
2019-10-03 02:04:08,198 [4bb862d0-e989-45aa-98e5-076ff6c8117d@group-FBE7ACB04D90-LeaderElection5] INFO  impl.LeaderElection (LeaderElection.java:askForVotes(178)) - 4bb862d0-e989-45aa-98e5-076ff6c8117d@group-FBE7ACB04D90-LeaderElection5: begin an election at term 1 for -1: [142e253e-90c9-4fef-b27c-ae810c25119d:192.168.164.205:42315, 768c183a-a946-4e29-8567-dcb33d92edbd:192.168.164.205:32831, 4bb862d0-e989-45aa-98e5-076ff6c8117d:192.168.164.205:36948], old=null
2019-10-03 02:04:08,198 [142e253e-90c9-4fef-b27c-ae810c25119d@group-27954359CFFD-SegmentedRaftLogWorker] INFO  segmented.SegmentedRaftLogWorker (SegmentedRaftLogWorker.java:execute(574)) - 142e253e-90c9-4fef-b27c-ae810c25119d@group-27954359CFFD-SegmentedRaftLogWorker: created new log segment /workdir/hadoop-ozone/ozonefs/target/test-dir/MiniOzoneClusterImpl-9087a402-0ae6-4342-9f6b-aead06e90c3f/datanode-0/data/ratis/d4a7b594-5357-47fa-8bc7-27954359cffd/current/log_inprogress_0
2019-10-03 02:04:08,232 [grpc-default-executor-3] INFO  impl.RaftServerImpl (RaftServerImpl.java:setRole(170)) - 142e253e-90c9-4fef-b27c-ae810c25119d@group-FBE7ACB04D90: changes role from  FOLLOWER to FOLLOWER at term 1 for recognizeCandidate:4bb862d0-e989-45aa-98e5-076ff6c8117d
2019-10-03 02:04:08,232 [grpc-default-executor-3] INFO  impl.RoleInfo (RoleInfo.java:shutdownFollowerState(121)) - 142e253e-90c9-4fef-b27c-ae810c25119d: shutdown FollowerState
2019-10-03 02:04:08,232 [Thread-192] INFO  impl.FollowerState (FollowerState.java:run(117)) - 142e253e-90c9-4fef-b27c-ae810c25119d@group-FBE7ACB04D90-FollowerState was interrupted: java.lang.InterruptedException: sleep interrupted
2019-10-03 02:04:08,232 [grpc-default-executor-3] INFO  impl.RoleInfo (RoleInfo.java:updateAndGet(143)) - 142e253e-90c9-4fef-b27c-ae810c25119d: start FollowerState
2019-10-03 02:04:08,261 [4bb862d0-e989-45aa-98e5-076ff6c8117d@group-FBE7ACB04D90-LeaderElection5] INFO  impl.LeaderElection (LeaderElection.java:logAndReturn(56)) - 4bb862d0-e989-45aa-98e5-076ff6c8117d@group-FBE7ACB04D90-LeaderElection5: Election PASSED; received 2 response(s) [4bb862d0-e989-45aa-98e5-076ff6c8117d<-142e253e-90c9-4fef-b27c-ae810c25119d#0:OK-t1, 4bb862d0-e989-45aa-98e5-076ff6c8117d<-768c183a-a946-4e29-8567-dcb33d92edbd#0:FAIL-t1] and 0 exception(s); 4bb862d0-e989-45aa-98e5-076ff6c8117d@group-FBE7ACB04D90:t1, leader=null, voted=4bb862d0-e989-45aa-98e5-076ff6c8117d, raftlog=4bb862d0-e989-45aa-98e5-076ff6c8117d@group-FBE7ACB04D90-SegmentedRaftLog:OPENED:c-1,f-1,i0, conf=-1: [142e253e-90c9-4fef-b27c-ae810c25119d:192.168.164.205:42315, 768c183a-a946-4e29-8567-dcb33d92edbd:192.168.164.205:32831, 4bb862d0-e989-45aa-98e5-076ff6c8117d:192.168.164.205:36948], old=null
2019-10-03 02:04:08,261 [4bb862d0-e989-45aa-98e5-076ff6c8117d@group-FBE7ACB04D90-LeaderElection5] INFO  impl.RoleInfo (RoleInfo.java:shutdownLeaderElection(134)) - 4bb862d0-e989-45aa-98e5-076ff6c8117d: shutdown LeaderElection
2019-10-03 02:04:08,261 [768c183a-a946-4e29-8567-dcb33d92edbd@group-FBE7ACB04D90-LeaderElection4] INFO  impl.LeaderElection (LeaderElection.java:logAndReturn(56)) - 768c183a-a946-4e29-8567-dcb33d92edbd@group-FBE7ACB04D90-LeaderElection4: Election REJECTED; received 2 response(s) [768c183a-a946-4e29-8567-dcb33d92edbd<-142e253e-90c9-4fef-b27c-ae810c25119d#0:FAIL-t1, 768c183a-a946-4e29-8567-dcb33d92edbd<-4bb862d0-e989-45aa-98e5-076ff6c8117d#0:FAIL-t1] and 0 exception(s); 768c183a-a946-4e29-8567-dcb33d92edbd@group-FBE7ACB04D90:t1, leader=null, voted=768c183a-a946-4e29-8567-dcb33d92edbd, raftlog=768c183a-a946-4e29-8567-dcb33d92edbd@group-FBE7ACB04D90-SegmentedRaftLog:OPENED:c-1,f-1,i0, conf=-1: [142e253e-90c9-4fef-b27c-ae810c25119d:192.168.164.205:42315, 768c183a-a946-4e29-8567-dcb33d92edbd:192.168.164.205:32831, 4bb862d0-e989-45aa-98e5-076ff6c8117d:192.168.164.205:36948], old=null
2019-10-03 02:04:08,262 [4bb862d0-e989-45aa-98e5-076ff6c8117d@group-FBE7ACB04D90-LeaderElection5] INFO  impl.RaftServerImpl (RaftServerImpl.java:setRole(170)) - 4bb862d0-e989-45aa-98e5-076ff6c8117d@group-FBE7ACB04D90: changes role from CANDIDATE to LEADER at term 1 for changeToLeader
2019-10-03 02:04:08,264 [768c183a-a946-4e29-8567-dcb33d92edbd@group-FBE7ACB04D90-LeaderElection4] INFO  impl.RaftServerImpl (RaftServerImpl.java:setRole(170)) - 768c183a-a946-4e29-8567-dcb33d92edbd@group-FBE7ACB04D90: changes role from CANDIDATE to FOLLOWER at term 1 for DISCOVERED_A_NEW_TERM
2019-10-03 02:04:08,265 [4bb862d0-e989-45aa-98e5-076ff6c8117d@group-FBE7ACB04D90-LeaderElection5] INFO  impl.RaftServerImpl (ServerState.java:setLeader(255)) - 4bb862d0-e989-45aa-98e5-076ff6c8117d@group-FBE7ACB04D90: change Leader from null to 4bb862d0-e989-45aa-98e5-076ff6c8117d at term 1 for becomeLeader, leader elected after 5164ms
2019-10-03 02:04:08,265 [768c183a-a946-4e29-8567-dcb33d92edbd@group-FBE7ACB04D90-LeaderElection4] INFO  impl.RoleInfo (RoleInfo.java:shutdownLeaderElection(134)) - 768c183a-a946-4e29-8567-dcb33d92edbd: shutdown LeaderElection
2019-10-03 02:04:08,265 [4bb862d0-e989-45aa-98e5-076ff6c8117d@group-FBE7ACB04D90-LeaderElection5] INFO  server.RaftServerConfigKeys (ConfUtils.java:logGet(43)) - raft.server.staging.catchup.gap = 1000 (default)
2019-10-03 02:04:08,265 [4bb862d0-e989-45aa-98e5-076ff6c8117d@group-FBE7ACB04D90-LeaderElection5] INFO  server.RaftServerConfigKeys (ConfUtils.java:logGet(43)) - raft.server.rpc.sleep.time = 25ms (default)
2019-10-03 02:04:08,265 [768c183a-a946-4e29-8567-dcb33d92edbd@group-FBE7ACB04D90-LeaderElection4] INFO  impl.RoleInfo (RoleInfo.java:updateAndGet(143)) - 768c183a-a946-4e29-8567-dcb33d92edbd: start FollowerState
2019-10-03 02:04:08,265 [4bb862d0-e989-45aa-98e5-076ff6c8117d@group-FBE7ACB04D90-LeaderElection5] INFO  server.RaftServerConfigKeys (ConfUtils.java:logGet(43)) - raft.server.write.element-limit = 4096 (default)
2019-10-03 02:04:08,266 [4bb862d0-e989-45aa-98e5-076ff6c8117d@group-FBE7ACB04D90-LeaderElection5] INFO  server.RaftServerConfigKeys (ConfUtils.java:logGet(43)) - raft.server.watch.timeout = 10s (default)
2019-10-03 02:04:08,266 [4bb862d0-e989-45aa-98e5-076ff6c8117d@group-FBE7ACB04D90-LeaderElection5] INFO  server.RaftServerConfigKeys (ConfUtils.java:logGet(43)) - raft.server.watch.timeout.denomination = 1s (default)
2019-10-03 02:04:08,266 [4bb862d0-e989-45aa-98e5-076ff6c8117d@group-FBE7ACB04D90-LeaderElection5] INFO  server.RaftServerConfigKeys (ConfUtils.java:logGet(43)) - raft.server.watch.element-limit = 65536 (default)
2019-10-03 02:04:08,271 [4bb862d0-e989-45aa-98e5-076ff6c8117d@group-FBE7ACB04D90-LeaderElection5] INFO  server.RaftServerConfigKeys (ConfUtils.java:logGet(43)) - raft.server.log.appender.snapshot.chunk.size.max = 16MB (=16777216) (default)
2019-10-03 02:04:08,271 [4bb862d0-e989-45aa-98e5-076ff6c8117d@group-FBE7ACB04D90-LeaderElection5] INFO  server.RaftServerConfigKeys (ConfUtils.java:logGet(43)) - raft.server.log.appender.buffer.byte-limit = 33554432 (custom)
2019-10-03 02:04:08,271 [4bb862d0-e989-45aa-98e5-076ff6c8117d@group-FBE7ACB04D90-LeaderElection5] INFO  server.RaftServerConfigKeys (ConfUtils.java:logGet(43)) - raft.server.log.appender.buffer.element-limit = 1 (custom)
2019-10-03 02:04:08,274 [4bb862d0-e989-45aa-98e5-076ff6c8117d@group-FBE7ACB04D90-LeaderElection5] INFO  grpc.GrpcConfigKeys$Server (ConfUtils.java:logGet(43)) - raft.grpc.server.leader.outstanding.appends.max = 128 (default)
2019-10-03 02:04:08,275 [4bb862d0-e989-45aa-98e5-076ff6c8117d@group-FBE7ACB04D90-LeaderElection5] INFO  server.RaftServerConfigKeys (ConfUtils.java:logGet(43)) - raft.server.rpc.request.timeout = 3000ms (default)
2019-10-03 02:04:08,275 [4bb862d0-e989-45aa-98e5-076ff6c8117d@group-FBE7ACB04D90-LeaderElection5] INFO  server.RaftServerConfigKeys (ConfUtils.java:logGet(43)) - raft.server.log.appender.install.snapshot.enabled = false (custom)
2019-10-03 02:04:08,275 [4bb862d0-e989-45aa-98e5-076ff6c8117d@group-FBE7ACB04D90-LeaderElection5] INFO  server.RaftServerConfigKeys (ConfUtils.java:logGet(43)) - raft.server.log.appender.snapshot.chunk.size.max = 16MB (=16777216) (default)
2019-10-03 02:04:08,276 [4bb862d0-e989-45aa-98e5-076ff6c8117d@group-FBE7ACB04D90-LeaderElection5] INFO  server.RaftServerConfigKeys (ConfUtils.java:logGet(43)) - raft.server.log.appender.buffer.byte-limit = 33554432 (custom)
2019-10-03 02:04:08,276 [4bb862d0-e989-45aa-98e5-076ff6c8117d@group-FBE7ACB04D90-LeaderElection5] INFO  server.RaftServerConfigKeys (ConfUtils.java:logGet(43)) - raft.server.log.appender.buffer.element-limit = 1 (custom)
2019-10-03 02:04:08,276 [4bb862d0-e989-45aa-98e5-076ff6c8117d@group-FBE7ACB04D90-LeaderElection5] INFO  grpc.GrpcConfigKeys$Server (ConfUtils.java:logGet(43)) - raft.grpc.server.leader.outstanding.appends.max = 128 (default)
2019-10-03 02:04:08,276 [4bb862d0-e989-45aa-98e5-076ff6c8117d@group-FBE7ACB04D90-LeaderElection5] INFO  server.RaftServerConfigKeys (ConfUtils.java:logGet(43)) - raft.server.rpc.request.timeout = 3000ms (default)
2019-10-03 02:04:08,276 [4bb862d0-e989-45aa-98e5-076ff6c8117d@group-FBE7ACB04D90-LeaderElection5] INFO  server.RaftServerConfigKeys (ConfUtils.java:logGet(43)) - raft.server.log.appender.install.snapshot.enabled = false (custom)
2019-10-03 02:04:08,279 [4bb862d0-e989-45aa-98e5-076ff6c8117d@group-FBE7ACB04D90-LeaderElection5] INFO  impl.RoleInfo (RoleInfo.java:updateAndGet(143)) - 4bb862d0-e989-45aa-98e5-076ff6c8117d: start LeaderState
2019-10-03 02:04:08,279 [4bb862d0-e989-45aa-98e5-076ff6c8117d@group-FBE7ACB04D90-LeaderElection5] INFO  segmented.SegmentedRaftLogWorker (SegmentedRaftLogWorker.java:startLogSegment(385)) - 4bb862d0-e989-45aa-98e5-076ff6c8117d@group-FBE7ACB04D90-SegmentedRaftLogWorker: Starting segment from index:0
2019-10-03 02:04:08,280 [4bb862d0-e989-45aa-98e5-076ff6c8117d@group-FBE7ACB04D90-LeaderElection5] INFO  impl.RaftServerImpl (ServerState.java:setRaftConf(356)) - 4bb862d0-e989-45aa-98e5-076ff6c8117d@group-FBE7ACB04D90: set configuration 0: [142e253e-90c9-4fef-b27c-ae810c25119d:192.168.164.205:42315, 768c183a-a946-4e29-8567-dcb33d92edbd:192.168.164.205:32831, 4bb862d0-e989-45aa-98e5-076ff6c8117d:192.168.164.205:36948], old=null at 0
2019-10-03 02:04:08,317 [4bb862d0-e989-45aa-98e5-076ff6c8117d@group-FBE7ACB04D90-SegmentedRaftLogWorker] INFO  segmented.SegmentedRaftLogWorker (SegmentedRaftLogWorker.java:execute(574)) - 4bb862d0-e989-45aa-98e5-076ff6c8117d@group-FBE7ACB04D90-SegmentedRaftLogWorker: created new log segment /workdir/hadoop-ozone/ozonefs/target/test-dir/MiniOzoneClusterImpl-9087a402-0ae6-4342-9f6b-aead06e90c3f/datanode-1/data/ratis/a8db6341-1a0a-4806-936e-fbe7acb04d90/current/log_inprogress_0
2019-10-03 02:04:08,324 [grpc-default-executor-3] INFO  impl.RaftServerImpl (ServerState.java:setLeader(255)) - 768c183a-a946-4e29-8567-dcb33d92edbd@group-FBE7ACB04D90: change Leader from null to 4bb862d0-e989-45aa-98e5-076ff6c8117d at term 1 for appendEntries, leader elected after 5223ms
2019-10-03 02:04:08,324 [grpc-default-executor-1] INFO  impl.RaftServerImpl (ServerState.java:setLeader(255)) - 142e253e-90c9-4fef-b27c-ae810c25119d@group-FBE7ACB04D90: change Leader from null to 4bb862d0-e989-45aa-98e5-076ff6c8117d at term 1 for appendEntries, leader elected after 5224ms
2019-10-03 02:04:08,354 [grpc-default-executor-3] INFO  impl.RaftServerImpl (ServerState.java:setRaftConf(356)) - 768c183a-a946-4e29-8567-dcb33d92edbd@group-FBE7ACB04D90: set configuration 0: [142e253e-90c9-4fef-b27c-ae810c25119d:192.168.164.205:42315, 768c183a-a946-4e29-8567-dcb33d92edbd:192.168.164.205:32831, 4bb862d0-e989-45aa-98e5-076ff6c8117d:192.168.164.205:36948], old=null at 0
2019-10-03 02:04:08,354 [grpc-default-executor-1] INFO  impl.RaftServerImpl (ServerState.java:setRaftConf(356)) - 142e253e-90c9-4fef-b27c-ae810c25119d@group-FBE7ACB04D90: set configuration 0: [142e253e-90c9-4fef-b27c-ae810c25119d:192.168.164.205:42315, 768c183a-a946-4e29-8567-dcb33d92edbd:192.168.164.205:32831, 4bb862d0-e989-45aa-98e5-076ff6c8117d:192.168.164.205:36948], old=null at 0
2019-10-03 02:04:08,354 [grpc-default-executor-3] INFO  segmented.SegmentedRaftLogWorker (SegmentedRaftLogWorker.java:startLogSegment(385)) - 768c183a-a946-4e29-8567-dcb33d92edbd@group-FBE7ACB04D90-SegmentedRaftLogWorker: Starting segment from index:0
2019-10-03 02:04:08,354 [grpc-default-executor-1] INFO  segmented.SegmentedRaftLogWorker (SegmentedRaftLogWorker.java:startLogSegment(385)) - 142e253e-90c9-4fef-b27c-ae810c25119d@group-FBE7ACB04D90-SegmentedRaftLogWorker: Starting segment from index:0
2019-10-03 02:04:08,394 [142e253e-90c9-4fef-b27c-ae810c25119d@group-FBE7ACB04D90-SegmentedRaftLogWorker] INFO  segmented.SegmentedRaftLogWorker (SegmentedRaftLogWorker.java:execute(574)) - 142e253e-90c9-4fef-b27c-ae810c25119d@group-FBE7ACB04D90-SegmentedRaftLogWorker: created new log segment /workdir/hadoop-ozone/ozonefs/target/test-dir/MiniOzoneClusterImpl-9087a402-0ae6-4342-9f6b-aead06e90c3f/datanode-0/data/ratis/a8db6341-1a0a-4806-936e-fbe7acb04d90/current/log_inprogress_0
2019-10-03 02:04:08,394 [768c183a-a946-4e29-8567-dcb33d92edbd@group-FBE7ACB04D90-SegmentedRaftLogWorker] INFO  segmented.SegmentedRaftLogWorker (SegmentedRaftLogWorker.java:execute(574)) - 768c183a-a946-4e29-8567-dcb33d92edbd@group-FBE7ACB04D90-SegmentedRaftLogWorker: created new log segment /workdir/hadoop-ozone/ozonefs/target/test-dir/MiniOzoneClusterImpl-9087a402-0ae6-4342-9f6b-aead06e90c3f/datanode-2/data/ratis/a8db6341-1a0a-4806-936e-fbe7acb04d90/current/log_inprogress_0
2019-10-03 02:04:09,371 [ForkJoinPool.commonPool-worker-1] INFO  ozoneimpl.OzoneContainer (OzoneContainer.java:stop(231)) - Attempting to stop container services.
2019-10-03 02:04:09,371 [main] INFO  ozoneimpl.OzoneContainer (OzoneContainer.java:stop(231)) - Attempting to stop container services.
2019-10-03 02:04:09,372 [ForkJoinPool.commonPool-worker-1] INFO  impl.RaftServerProxy (RaftServerProxy.java:lambda$close$4(314)) - 142e253e-90c9-4fef-b27c-ae810c25119d: close
2019-10-03 02:04:09,372 [main] INFO  impl.RaftServerProxy (RaftServerProxy.java:lambda$close$4(314)) - 4bb862d0-e989-45aa-98e5-076ff6c8117d: close
2019-10-03 02:04:09,375 [ForkJoinPool.commonPool-worker-1] INFO  impl.RaftServerImpl (RaftServerImpl.java:lambda$shutdown$3(247)) - 142e253e-90c9-4fef-b27c-ae810c25119d@group-27954359CFFD: shutdown
2019-10-03 02:04:09,375 [main] INFO  impl.RaftServerImpl (RaftServerImpl.java:lambda$shutdown$3(247)) - 4bb862d0-e989-45aa-98e5-076ff6c8117d@group-2E1DF139185C: shutdown
2019-10-03 02:04:09,375 [ForkJoinPool.commonPool-worker-1] INFO  util.JmxRegister (JmxRegister.java:unregister(73)) - Successfully un-registered JMX Bean with object name Ratis:service=RaftServer,group=group-27954359CFFD,id=142e253e-90c9-4fef-b27c-ae810c25119d
2019-10-03 02:04:09,375 [main] INFO  util.JmxRegister (JmxRegister.java:unregister(73)) - Successfully un-registered JMX Bean with object name Ratis:service=RaftServer,group=group-2E1DF139185C,id=4bb862d0-e989-45aa-98e5-076ff6c8117d
2019-10-03 02:04:09,376 [main] INFO  impl.RoleInfo (RoleInfo.java:shutdownLeaderState(104)) - 4bb862d0-e989-45aa-98e5-076ff6c8117d: shutdown LeaderState
2019-10-03 02:04:09,376 [ForkJoinPool.commonPool-worker-1] INFO  impl.RoleInfo (RoleInfo.java:shutdownLeaderState(104)) - 142e253e-90c9-4fef-b27c-ae810c25119d: shutdown LeaderState
2019-10-03 02:04:09,377 [ForkJoinPool.commonPool-worker-1] INFO  impl.PendingRequests (PendingRequests.java:sendNotLeaderResponses(202)) - 142e253e-90c9-4fef-b27c-ae810c25119d@group-27954359CFFD-PendingRequests: sendNotLeaderResponses
2019-10-03 02:04:09,377 [main] INFO  impl.PendingRequests (PendingRequests.java:sendNotLeaderResponses(202)) - 4bb862d0-e989-45aa-98e5-076ff6c8117d@group-2E1DF139185C-PendingRequests: sendNotLeaderResponses
2019-10-03 02:04:09,381 [ForkJoinPool.commonPool-worker-1] INFO  impl.StateMachineUpdater (StateMachineUpdater.java:stopAndJoin(136)) - 142e253e-90c9-4fef-b27c-ae810c25119d@group-27954359CFFD-StateMachineUpdater: set stopIndex = 0
2019-10-03 02:04:09,381 [main] INFO  impl.StateMachineUpdater (StateMachineUpdater.java:stopAndJoin(136)) - 4bb862d0-e989-45aa-98e5-076ff6c8117d@group-2E1DF139185C-StateMachineUpdater: set stopIndex = 0
2019-10-03 02:04:09,385 [main] INFO  impl.RaftServerImpl (ServerState.java:close(387)) - 4bb862d0-e989-45aa-98e5-076ff6c8117d@group-2E1DF139185C: closes. applyIndex: 0
2019-10-03 02:04:09,385 [ForkJoinPool.commonPool-worker-1] INFO  impl.RaftServerImpl (ServerState.java:close(387)) - 142e253e-90c9-4fef-b27c-ae810c25119d@group-27954359CFFD: closes. applyIndex: 0
2019-10-03 02:04:09,387 [142e253e-90c9-4fef-b27c-ae810c25119d@group-27954359CFFD-SegmentedRaftLogWorker] INFO  segmented.SegmentedRaftLogWorker (SegmentedRaftLogWorker.java:run(316)) - 142e253e-90c9-4fef-b27c-ae810c25119d@group-27954359CFFD-SegmentedRaftLogWorker was interrupted, exiting. There are 0 tasks remaining in the queue.
2019-10-03 02:04:09,387 [4bb862d0-e989-45aa-98e5-076ff6c8117d@group-2E1DF139185C-SegmentedRaftLogWorker] INFO  segmented.SegmentedRaftLogWorker (SegmentedRaftLogWorker.java:run(316)) - 4bb862d0-e989-45aa-98e5-076ff6c8117d@group-2E1DF139185C-SegmentedRaftLogWorker was interrupted, exiting. There are 0 tasks remaining in the queue.
2019-10-03 02:04:09,391 [ForkJoinPool.commonPool-worker-1] INFO  segmented.SegmentedRaftLogWorker (SegmentedRaftLogWorker.java:close(224)) - 142e253e-90c9-4fef-b27c-ae810c25119d@group-27954359CFFD-SegmentedRaftLogWorker close()
2019-10-03 02:04:09,391 [main] INFO  segmented.SegmentedRaftLogWorker (SegmentedRaftLogWorker.java:close(224)) - 4bb862d0-e989-45aa-98e5-076ff6c8117d@group-2E1DF139185C-SegmentedRaftLogWorker close()
2019-10-03 02:04:09,394 [ForkJoinPool.commonPool-worker-1] INFO  impl.RaftServerImpl (RaftServerImpl.java:lambda$shutdown$3(247)) - 142e253e-90c9-4fef-b27c-ae810c25119d@group-FBE7ACB04D90: shutdown
2019-10-03 02:04:09,396 [main] INFO  impl.RaftServerImpl (RaftServerImpl.java:lambda$shutdown$3(247)) - 4bb862d0-e989-45aa-98e5-076ff6c8117d@group-FBE7ACB04D90: shutdown
2019-10-03 02:04:09,396 [ForkJoinPool.commonPool-worker-1] INFO  util.JmxRegister (JmxRegister.java:unregister(73)) - Successfully un-registered JMX Bean with object name Ratis:service=RaftServer,group=group-FBE7ACB04D90,id=142e253e-90c9-4fef-b27c-ae810c25119d
2019-10-03 02:04:09,397 [main] INFO  util.JmxRegister (JmxRegister.java:unregister(73)) - Successfully un-registered JMX Bean with object name Ratis:service=RaftServer,group=group-FBE7ACB04D90,id=4bb862d0-e989-45aa-98e5-076ff6c8117d
2019-10-03 02:04:09,397 [main] INFO  impl.RoleInfo (RoleInfo.java:shutdownLeaderState(104)) - 4bb862d0-e989-45aa-98e5-076ff6c8117d: shutdown LeaderState
2019-10-03 02:04:09,397 [ForkJoinPool.commonPool-worker-1] INFO  impl.RoleInfo (RoleInfo.java:shutdownFollowerState(121)) - 142e253e-90c9-4fef-b27c-ae810c25119d: shutdown FollowerState
2019-10-03 02:04:09,400 [ForkJoinPool.commonPool-worker-1] INFO  impl.StateMachineUpdater (StateMachineUpdater.java:stopAndJoin(136)) - 142e253e-90c9-4fef-b27c-ae810c25119d@group-FBE7ACB04D90-StateMachineUpdater: set stopIndex = 0
2019-10-03 02:04:09,400 [main] INFO  impl.PendingRequests (PendingRequests.java:sendNotLeaderResponses(202)) - 4bb862d0-e989-45aa-98e5-076ff6c8117d@group-FBE7ACB04D90-PendingRequests: sendNotLeaderResponses
2019-10-03 02:04:09,401 [Thread-215] INFO  impl.FollowerState (FollowerState.java:run(117)) - 142e253e-90c9-4fef-b27c-ae810c25119d@group-FBE7ACB04D90-FollowerState was interrupted: java.lang.InterruptedException: sleep interrupted
2019-10-03 02:04:09,400 [org.apache.ratis.server.impl.LogAppender$AppenderDaemon$$Lambda$487/1189289206@9f05059] WARN  server.GrpcLogAppender (GrpcLogAppender.java:mayWait(143)) - 4bb862d0-e989-45aa-98e5-076ff6c8117d@group-FBE7ACB04D90->142e253e-90c9-4fef-b27c-ae810c25119d-GrpcLogAppender: Wait interrupted by java.lang.InterruptedException
2019-10-03 02:04:09,400 [org.apache.ratis.server.impl.LogAppender$AppenderDaemon$$Lambda$487/1189289206@65568936] WARN  server.GrpcLogAppender (GrpcLogAppender.java:mayWait(143)) - 4bb862d0-e989-45aa-98e5-076ff6c8117d@group-FBE7ACB04D90->768c183a-a946-4e29-8567-dcb33d92edbd-GrpcLogAppender: Wait interrupted by java.lang.InterruptedException
2019-10-03 02:04:09,403 [main] INFO  impl.StateMachineUpdater (StateMachineUpdater.java:stopAndJoin(136)) - 4bb862d0-e989-45aa-98e5-076ff6c8117d@group-FBE7ACB04D90-StateMachineUpdater: set stopIndex = 0
2019-10-03 02:04:09,403 [ForkJoinPool.commonPool-worker-1] INFO  impl.RaftServerImpl (ServerState.java:close(387)) - 142e253e-90c9-4fef-b27c-ae810c25119d@group-FBE7ACB04D90: closes. applyIndex: 0
2019-10-03 02:04:09,406 [main] INFO  impl.RaftServerImpl (ServerState.java:close(387)) - 4bb862d0-e989-45aa-98e5-076ff6c8117d@group-FBE7ACB04D90: closes. applyIndex: 0
2019-10-03 02:04:09,409 [142e253e-90c9-4fef-b27c-ae810c25119d@group-FBE7ACB04D90-SegmentedRaftLogWorker] INFO  segmented.SegmentedRaftLogWorker (SegmentedRaftLogWorker.java:run(316)) - 142e253e-90c9-4fef-b27c-ae810c25119d@group-FBE7ACB04D90-SegmentedRaftLogWorker was interrupted, exiting. There are 0 tasks remaining in the queue.
2019-10-03 02:04:09,409 [4bb862d0-e989-45aa-98e5-076ff6c8117d@group-FBE7ACB04D90-SegmentedRaftLogWorker] INFO  segmented.SegmentedRaftLogWorker (SegmentedRaftLogWorker.java:run(316)) - 4bb862d0-e989-45aa-98e5-076ff6c8117d@group-FBE7ACB04D90-SegmentedRaftLogWorker was interrupted, exiting. There are 0 tasks remaining in the queue.
2019-10-03 02:04:09,411 [ForkJoinPool.commonPool-worker-1] INFO  segmented.SegmentedRaftLogWorker (SegmentedRaftLogWorker.java:close(224)) - 142e253e-90c9-4fef-b27c-ae810c25119d@group-FBE7ACB04D90-SegmentedRaftLogWorker close()
2019-10-03 02:04:09,414 [main] INFO  segmented.SegmentedRaftLogWorker (SegmentedRaftLogWorker.java:close(224)) - 4bb862d0-e989-45aa-98e5-076ff6c8117d@group-FBE7ACB04D90-SegmentedRaftLogWorker close()
2019-10-03 02:04:09,415 [ForkJoinPool.commonPool-worker-1] INFO  server.GrpcService (GrpcService.java:closeImpl(164)) - 142e253e-90c9-4fef-b27c-ae810c25119d: shutdown server with port 42315 now
2019-10-03 02:04:09,417 [main] INFO  server.GrpcService (GrpcService.java:closeImpl(164)) - 4bb862d0-e989-45aa-98e5-076ff6c8117d: shutdown server with port 36948 now
2019-10-03 02:04:09,420 [grpc-default-executor-3] INFO  server.GrpcServerProtocolService (GrpcServerProtocolService.java:onCompleted(113)) - 768c183a-a946-4e29-8567-dcb33d92edbd: Completed APPEND_ENTRIES, lastRequest: 4bb862d0-e989-45aa-98e5-076ff6c8117d->768c183a-a946-4e29-8567-dcb33d92edbd#1-t1, previous=(t:0, i:0), leaderCommit=0, initializing? false, entries: size=1, first=(t:1, i:0), CONFIGURATIONENTRY
2019-10-03 02:04:09,420 [grpc-default-executor-1] INFO  server.GrpcServerProtocolService (GrpcServerProtocolService.java:onCompleted(113)) - 142e253e-90c9-4fef-b27c-ae810c25119d: Completed APPEND_ENTRIES, lastRequest: 4bb862d0-e989-45aa-98e5-076ff6c8117d->142e253e-90c9-4fef-b27c-ae810c25119d#1-t1, previous=(t:0, i:0), leaderCommit=0, initializing? false, entries: size=1, first=(t:1, i:0), CONFIGURATIONENTRY
2019-10-03 02:04:09,430 [ForkJoinPool.commonPool-worker-1] INFO  server.GrpcService (GrpcService.java:closeImpl(172)) - 142e253e-90c9-4fef-b27c-ae810c25119d: shutdown server with port 42315 successfully
2019-10-03 02:04:09,431 [grpc-default-executor-1] INFO  server.GrpcLogAppender (GrpcLogAppender.java:onCompleted(293)) - 4bb862d0-e989-45aa-98e5-076ff6c8117d@group-FBE7ACB04D90->768c183a-a946-4e29-8567-dcb33d92edbd-AppendLogResponseHandler: follower responses appendEntries COMPLETED
2019-10-03 02:04:09,433 [grpc-default-executor-3] INFO  server.GrpcLogAppender (GrpcLogAppender.java:onError(282)) - 4bb862d0-e989-45aa-98e5-076ff6c8117d@group-FBE7ACB04D90->142e253e-90c9-4fef-b27c-ae810c25119d-GrpcLogAppender is stopped
2019-10-03 02:04:09,433 [main] INFO  server.GrpcService (GrpcService.java:closeImpl(172)) - 4bb862d0-e989-45aa-98e5-076ff6c8117d: shutdown server with port 36948 successfully
2019-10-03 02:04:09,435 [refreshUsed-/workdir/hadoop-ozone/ozonefs/target/test-dir/MiniOzoneClusterImpl-9087a402-0ae6-4342-9f6b-aead06e90c3f/datanode-0/data/containers] WARN  fs.CachingGetSpaceUsed (CachingGetSpaceUsed.java:run(183)) - Thread Interrupted waiting to refresh disk information: sleep interrupted
2019-10-03 02:04:09,436 [grpc-default-executor-1] INFO  impl.FollowerInfo (FollowerInfo.java:lambda$new$0(51)) - 4bb862d0-e989-45aa-98e5-076ff6c8117d@group-FBE7ACB04D90->768c183a-a946-4e29-8567-dcb33d92edbd: nextIndex: updateUnconditionally 1 -> 0
2019-10-03 02:04:09,437 [refreshUsed-/workdir/hadoop-ozone/ozonefs/target/test-dir/MiniOzoneClusterImpl-9087a402-0ae6-4342-9f6b-aead06e90c3f/datanode-1/data/containers] WARN  fs.CachingGetSpaceUsed (CachingGetSpaceUsed.java:run(183)) - Thread Interrupted waiting to refresh disk information: sleep interrupted
2019-10-03 02:04:09,469 [main] INFO  utils.BackgroundService (BackgroundService.java:shutdown(148)) - Shutting down service BlockDeletingService
2019-10-03 02:04:09,472 [main] INFO  statemachine.DatanodeStateMachine (DatanodeStateMachine.java:stopDaemon(395)) - Ozone container server stopped.
2019-10-03 02:04:09,473 [main] INFO  handler.ContextHandler (ContextHandler.java:doStop(910)) - Stopped o.e.j.w.WebAppContext@f1d0004{/,null,UNAVAILABLE}{/hddsDatanode}
2019-10-03 02:04:09,474 [main] INFO  server.AbstractConnector (AbstractConnector.java:doStop(318)) - Stopped ServerConnector@6e4f263e{HTTP/1.1,[http/1.1]}{0.0.0.0:0}
2019-10-03 02:04:09,475 [main] INFO  handler.ContextHandler (ContextHandler.java:doStop(910)) - Stopped o.e.j.s.ServletContextHandler@16727bf0{/static,jar:file:/home/user/.m2/repository/org/apache/hadoop/hadoop-hdds-container-service/0.5.0-SNAPSHOT/hadoop-hdds-container-service-0.5.0-SNAPSHOT.jar!/webapps/static,UNAVAILABLE}
2019-10-03 02:04:09,475 [main] INFO  handler.ContextHandler (ContextHandler.java:doStop(910)) - Stopped o.e.j.s.ServletContextHandler@4f89331f{/logs,file:///workdir/hadoop-ozone/ozonefs/target/log,UNAVAILABLE}
2019-10-03 02:04:09,477 [ForkJoinPool.commonPool-worker-1] INFO  utils.BackgroundService (BackgroundService.java:shutdown(148)) - Shutting down service BlockDeletingService
2019-10-03 02:04:09,480 [ForkJoinPool.commonPool-worker-1] INFO  statemachine.DatanodeStateMachine (DatanodeStateMachine.java:stopDaemon(395)) - Ozone container server stopped.
2019-10-03 02:04:09,483 [ForkJoinPool.commonPool-worker-1] INFO  handler.ContextHandler (ContextHandler.java:doStop(910)) - Stopped o.e.j.w.WebAppContext@350d3f4d{/,null,UNAVAILABLE}{/hddsDatanode}
2019-10-03 02:04:09,484 [ForkJoinPool.commonPool-worker-1] INFO  server.AbstractConnector (AbstractConnector.java:doStop(318)) - Stopped ServerConnector@18b8d173{HTTP/1.1,[http/1.1]}{0.0.0.0:0}
2019-10-03 02:04:09,485 [ForkJoinPool.commonPool-worker-1] INFO  handler.ContextHandler (ContextHandler.java:doStop(910)) - Stopped o.e.j.s.ServletContextHandler@7640a5b1{/static,jar:file:/home/user/.m2/repository/org/apache/hadoop/hadoop-hdds-container-service/0.5.0-SNAPSHOT/hadoop-hdds-container-service-0.5.0-SNAPSHOT.jar!/webapps/static,UNAVAILABLE}
2019-10-03 02:04:09,486 [ForkJoinPool.commonPool-worker-1] INFO  handler.ContextHandler (ContextHandler.java:doStop(910)) - Stopped o.e.j.s.ServletContextHandler@762637be{/logs,file:///workdir/hadoop-ozone/ozonefs/target/log,UNAVAILABLE}
2019-10-03 02:04:10,140 [Datanode State Machine Thread - 0] INFO  statemachine.DatanodeStateMachine (DatanodeStateMachine.java:lambda$startDaemon$0(350)) - Ozone container server started.
2019-10-03 02:04:14,477 [main] INFO  ozoneimpl.OzoneContainer (OzoneContainer.java:stop(231)) - Attempting to stop container services.
2019-10-03 02:04:14,478 [main] INFO  impl.RaftServerProxy (RaftServerProxy.java:lambda$close$4(314)) - 768c183a-a946-4e29-8567-dcb33d92edbd: close
2019-10-03 02:04:14,478 [main] INFO  impl.RaftServerImpl (RaftServerImpl.java:lambda$shutdown$3(247)) - 768c183a-a946-4e29-8567-dcb33d92edbd@group-6C40AF9E2CD8: shutdown
2019-10-03 02:04:14,478 [ForkJoinPool.commonPool-worker-0] INFO  impl.RaftServerImpl (RaftServerImpl.java:lambda$shutdown$3(247)) - 768c183a-a946-4e29-8567-dcb33d92edbd@group-FBE7ACB04D90: shutdown
2019-10-03 02:04:14,479 [main] INFO  util.JmxRegister (JmxRegister.java:unregister(73)) - Successfully un-registered JMX Bean with object name Ratis:service=RaftServer,group=group-6C40AF9E2CD8,id=768c183a-a946-4e29-8567-dcb33d92edbd
2019-10-03 02:04:14,479 [ForkJoinPool.commonPool-worker-0] INFO  util.JmxRegister (JmxRegister.java:unregister(73)) - Successfully un-registered JMX Bean with object name Ratis:service=RaftServer,group=group-FBE7ACB04D90,id=768c183a-a946-4e29-8567-dcb33d92edbd
2019-10-03 02:04:14,479 [main] INFO  impl.RoleInfo (RoleInfo.java:shutdownLeaderState(104)) - 768c183a-a946-4e29-8567-dcb33d92edbd: shutdown LeaderState
2019-10-03 02:04:14,479 [ForkJoinPool.commonPool-worker-0] INFO  impl.RoleInfo (RoleInfo.java:shutdownFollowerState(121)) - 768c183a-a946-4e29-8567-dcb33d92edbd: shutdown FollowerState
2019-10-03 02:04:14,480 [main] INFO  impl.PendingRequests (PendingRequests.java:sendNotLeaderResponses(202)) - 768c183a-a946-4e29-8567-dcb33d92edbd@group-6C40AF9E2CD8-PendingRequests: sendNotLeaderResponses
2019-10-03 02:04:14,480 [Thread-216] INFO  impl.FollowerState (FollowerState.java:run(117)) - 768c183a-a946-4e29-8567-dcb33d92edbd@group-FBE7ACB04D90-FollowerState was interrupted: java.lang.InterruptedException: sleep interrupted
2019-10-03 02:04:14,480 [main] INFO  impl.StateMachineUpdater (StateMachineUpdater.java:stopAndJoin(136)) - 768c183a-a946-4e29-8567-dcb33d92edbd@group-6C40AF9E2CD8-StateMachineUpdater: set stopIndex = 0
2019-10-03 02:04:14,480 [ForkJoinPool.commonPool-worker-0] INFO  impl.StateMachineUpdater (StateMachineUpdater.java:stopAndJoin(136)) - 768c183a-a946-4e29-8567-dcb33d92edbd@group-FBE7ACB04D90-StateMachineUpdater: set stopIndex = 0
2019-10-03 02:04:14,483 [main] INFO  impl.RaftServerImpl (ServerState.java:close(387)) - 768c183a-a946-4e29-8567-dcb33d92edbd@group-6C40AF9E2CD8: closes. applyIndex: 0
2019-10-03 02:04:14,483 [ForkJoinPool.commonPool-worker-0] INFO  impl.RaftServerImpl (ServerState.java:close(387)) - 768c183a-a946-4e29-8567-dcb33d92edbd@group-FBE7ACB04D90: closes. applyIndex: 0
2019-10-03 02:04:14,484 [768c183a-a946-4e29-8567-dcb33d92edbd@group-6C40AF9E2CD8-SegmentedRaftLogWorker] INFO  segmented.SegmentedRaftLogWorker (SegmentedRaftLogWorker.java:run(316)) - 768c183a-a946-4e29-8567-dcb33d92edbd@group-6C40AF9E2CD8-SegmentedRaftLogWorker was interrupted, exiting. There are 0 tasks remaining in the queue.
2019-10-03 02:04:14,484 [768c183a-a946-4e29-8567-dcb33d92edbd@group-FBE7ACB04D90-SegmentedRaftLogWorker] INFO  segmented.SegmentedRaftLogWorker (SegmentedRaftLogWorker.java:run(316)) - 768c183a-a946-4e29-8567-dcb33d92edbd@group-FBE7ACB04D90-SegmentedRaftLogWorker was interrupted, exiting. There are 0 tasks remaining in the queue.
2019-10-03 02:04:14,485 [main] INFO  segmented.SegmentedRaftLogWorker (SegmentedRaftLogWorker.java:close(224)) - 768c183a-a946-4e29-8567-dcb33d92edbd@group-6C40AF9E2CD8-SegmentedRaftLogWorker close()
2019-10-03 02:04:14,485 [ForkJoinPool.commonPool-worker-0] INFO  segmented.SegmentedRaftLogWorker (SegmentedRaftLogWorker.java:close(224)) - 768c183a-a946-4e29-8567-dcb33d92edbd@group-FBE7ACB04D90-SegmentedRaftLogWorker close()
2019-10-03 02:04:14,487 [main] INFO  server.GrpcService (GrpcService.java:closeImpl(164)) - 768c183a-a946-4e29-8567-dcb33d92edbd: shutdown server with port 32831 now
2019-10-03 02:04:14,489 [main] INFO  server.GrpcService (GrpcService.java:closeImpl(172)) - 768c183a-a946-4e29-8567-dcb33d92edbd: shutdown server with port 32831 successfully
2019-10-03 02:04:14,493 [refreshUsed-/workdir/hadoop-ozone/ozonefs/target/test-dir/MiniOzoneClusterImpl-9087a402-0ae6-4342-9f6b-aead06e90c3f/datanode-2/data/containers] WARN  fs.CachingGetSpaceUsed (CachingGetSpaceUsed.java:run(183)) - Thread Interrupted waiting to refresh disk information: sleep interrupted
2019-10-03 02:04:14,519 [main] INFO  utils.BackgroundService (BackgroundService.java:shutdown(148)) - Shutting down service BlockDeletingService
2019-10-03 02:04:14,532 [main] INFO  statemachine.DatanodeStateMachine (DatanodeStateMachine.java:stopDaemon(395)) - Ozone container server stopped.
2019-10-03 02:04:14,533 [main] INFO  handler.ContextHandler (ContextHandler.java:doStop(910)) - Stopped o.e.j.w.WebAppContext@4acb7ecc{/,null,UNAVAILABLE}{/hddsDatanode}
2019-10-03 02:04:14,533 [main] INFO  server.AbstractConnector (AbstractConnector.java:doStop(318)) - Stopped ServerConnector@2a4f5433{HTTP/1.1,[http/1.1]}{0.0.0.0:0}
2019-10-03 02:04:14,534 [main] INFO  handler.ContextHandler (ContextHandler.java:doStop(910)) - Stopped o.e.j.s.ServletContextHandler@3c83468e{/static,jar:file:/home/user/.m2/repository/org/apache/hadoop/hadoop-hdds-container-service/0.5.0-SNAPSHOT/hadoop-hdds-container-service-0.5.0-SNAPSHOT.jar!/webapps/static,UNAVAILABLE}
2019-10-03 02:04:14,534 [main] INFO  handler.ContextHandler (ContextHandler.java:doStop(910)) - Stopped o.e.j.s.ServletContextHandler@3aa41da1{/logs,file:///workdir/hadoop-ozone/ozonefs/target/log,UNAVAILABLE}
2019-10-03 02:04:14,535 [main] INFO  ozone.MiniOzoneClusterImpl (MiniOzoneClusterImpl.java:stopSCM(392)) - Stopping the StorageContainerManager
2019-10-03 02:04:14,535 [main] INFO  server.StorageContainerManager (StorageContainerManager.java:stop(808)) - Stopping Replication Manager Service.
2019-10-03 02:04:14,535 [main] INFO  container.ReplicationManager (ReplicationManager.java:stop(203)) - Stopping Replication Monitor Thread.
2019-10-03 02:04:14,536 [main] INFO  server.StorageContainerManager (StorageContainerManager.java:stop(815)) - Stopping Lease Manager of the command watchers
2019-10-03 02:04:14,536 [main] INFO  server.StorageContainerManager (StorageContainerManager.java:stop(822)) - Stopping datanode service RPC server
2019-10-03 02:04:14,536 [main] INFO  server.SCMDatanodeProtocolServer (SCMDatanodeProtocolServer.java:stop(367)) - Stopping the RPC server for DataNodes
2019-10-03 02:04:14,536 [main] INFO  ipc.Server (Server.java:stop(3082)) - Stopping server on 34986
2019-10-03 02:04:14,537 [IPC Server listener on 34986] INFO  ipc.Server (Server.java:run(1185)) - Stopping IPC Server listener on 34986
2019-10-03 02:04:14,537 [IPC Server Responder] INFO  ipc.Server (Server.java:run(1319)) - Stopping IPC Server Responder
2019-10-03 02:04:14,578 [SCM Heartbeat Processing Thread - 0] WARN  node.NodeStateManager (NodeStateManager.java:scheduleNextHealthCheck(646)) - Current Thread is interrupted, shutting down HB processing thread for Node Manager.
2019-10-03 02:04:14,578 [main] INFO  server.StorageContainerManager (StorageContainerManager.java:stop(830)) - Stopping block service RPC server
2019-10-03 02:04:14,578 [main] INFO  server.SCMBlockProtocolServer (SCMBlockProtocolServer.java:stop(155)) - Stopping the RPC server for Block Protocol
2019-10-03 02:04:14,578 [main] INFO  ipc.Server (Server.java:stop(3082)) - Stopping server on 42442
2019-10-03 02:04:14,580 [IPC Server listener on 42442] INFO  ipc.Server (Server.java:run(1185)) - Stopping IPC Server listener on 42442
2019-10-03 02:04:14,580 [main] INFO  server.StorageContainerManager (StorageContainerManager.java:stop(837)) - Stopping the StorageContainerLocationProtocol RPC server
2019-10-03 02:04:14,580 [main] INFO  server.SCMClientProtocolServer (SCMClientProtocolServer.java:stop(158)) - Stopping the RPC server for Client Protocol
2019-10-03 02:04:14,580 [IPC Server Responder] INFO  ipc.Server (Server.java:run(1319)) - Stopping IPC Server Responder
2019-10-03 02:04:14,580 [main] INFO  ipc.Server (Server.java:stop(3082)) - Stopping server on 43447
2019-10-03 02:04:14,582 [IPC Server listener on 43447] INFO  ipc.Server (Server.java:run(1185)) - Stopping IPC Server listener on 43447
2019-10-03 02:04:14,582 [main] INFO  server.StorageContainerManager (StorageContainerManager.java:stop(844)) - Stopping Storage Container Manager HTTP server.
2019-10-03 02:04:14,582 [IPC Server Responder] INFO  ipc.Server (Server.java:run(1319)) - Stopping IPC Server Responder
2019-10-03 02:04:14,583 [main] INFO  handler.ContextHandler (ContextHandler.java:doStop(910)) - Stopped o.e.j.w.WebAppContext@324c64cd{/,null,UNAVAILABLE}{/scm}
2019-10-03 02:04:14,584 [main] INFO  server.AbstractConnector (AbstractConnector.java:doStop(318)) - Stopped ServerConnector@5a4bef8{HTTP/1.1,[http/1.1]}{0.0.0.0:0}
2019-10-03 02:04:14,584 [main] INFO  handler.ContextHandler (ContextHandler.java:doStop(910)) - Stopped o.e.j.s.ServletContextHandler@b70da4c{/static,jar:file:/home/user/.m2/repository/org/apache/hadoop/hadoop-hdds-server-scm/0.5.0-SNAPSHOT/hadoop-hdds-server-scm-0.5.0-SNAPSHOT.jar!/webapps/static,UNAVAILABLE}
2019-10-03 02:04:14,584 [main] INFO  handler.ContextHandler (ContextHandler.java:doStop(910)) - Stopped o.e.j.s.ServletContextHandler@c5ee75e{/logs,file:///workdir/hadoop-ozone/ozonefs/target/log,UNAVAILABLE}
2019-10-03 02:04:14,586 [main] INFO  server.StorageContainerManager (StorageContainerManager.java:stop(855)) - Stopping Block Manager Service.
2019-10-03 02:04:14,586 [main] INFO  utils.BackgroundService (BackgroundService.java:shutdown(148)) - Shutting down service SCMBlockDeletingService
2019-10-03 02:04:14,586 [main] INFO  utils.BackgroundService (BackgroundService.java:shutdown(148)) - Shutting down service SCMBlockDeletingService
2019-10-03 02:04:14,587 [main] INFO  server.StorageContainerManager (StorageContainerManager.java:stop(877)) - Stopping SCM Event Queue.
2019-10-03 02:04:14,592 [main] INFO  impl.MetricsSystemImpl (MetricsSystemImpl.java:stop(210)) - Stopping ratis metrics system...
2019-10-03 02:04:14,599 [prometheus] INFO  impl.MetricsSinkAdapter (MetricsSinkAdapter.java:publishMetricsFromQueue(141)) - prometheus thread interrupted.
2019-10-03 02:04:14,599 [main] INFO  impl.MetricsSystemImpl (MetricsSystemImpl.java:stop(216)) - ratis metrics system stopped.
]]></system-out>
    <system-err><![CDATA[ERROR StatusLogger No Log4j 2 configuration file found. Using default configuration (logging only errors to the console), or user programmatically provided configurations. Set system property 'log4j2.debug' to show Log4j 2 internal initialization logging. See https://logging.apache.org/log4j/2.x/manual/configuration.html for instructions on how to configure Log4j 2
]]></system-err>
  </testcase>
  <testcase name="testListStatus[0]" classname="org.apache.hadoop.fs.ozone.TestOzoneFileInterfaces" time="17.085">
    <error message="Volume not found abrosbxshp" type="VOLUME_NOT_FOUND org.apache.hadoop.ozone.om.exceptions.OMException">VOLUME_NOT_FOUND org.apache.hadoop.ozone.om.exceptions.OMException: Volume not found abrosbxshp
	at org.apache.hadoop.ozone.om.protocolPB.OzoneManagerProtocolClientSideTranslatorPB.handleError(OzoneManagerProtocolClientSideTranslatorPB.java:732)
	at org.apache.hadoop.ozone.om.protocolPB.OzoneManagerProtocolClientSideTranslatorPB.createDirectory(OzoneManagerProtocolClientSideTranslatorPB.java:1377)
	at sun.reflect.NativeMethodAccessorImpl.invoke0(Native Method)
	at sun.reflect.NativeMethodAccessorImpl.invoke(NativeMethodAccessorImpl.java:62)
	at sun.reflect.DelegatingMethodAccessorImpl.invoke(DelegatingMethodAccessorImpl.java:43)
	at java.lang.reflect.Method.invoke(Method.java:498)
	at org.apache.hadoop.hdds.tracing.TraceAllMethod.invoke(TraceAllMethod.java:66)
	at com.sun.proxy.$Proxy39.createDirectory(Unknown Source)
	at org.apache.hadoop.ozone.client.rpc.RpcClient.createDirectory(RpcClient.java:976)
	at org.apache.hadoop.ozone.client.OzoneBucket.createDirectory(OzoneBucket.java:503)
	at org.apache.hadoop.fs.ozone.BasicOzoneClientAdapterImpl.createDirectory(BasicOzoneClientAdapterImpl.java:236)
	at org.apache.hadoop.fs.ozone.BasicOzoneFileSystem.mkdir(BasicOzoneFileSystem.java:597)
	at org.apache.hadoop.fs.ozone.BasicOzoneFileSystem.mkdirs(BasicOzoneFileSystem.java:607)
	at org.apache.hadoop.fs.FileSystem.mkdirs(FileSystem.java:2275)
	at org.apache.hadoop.fs.ozone.TestOzoneFileInterfaces.testListStatus(TestOzoneFileInterfaces.java:250)
	at sun.reflect.NativeMethodAccessorImpl.invoke0(Native Method)
	at sun.reflect.NativeMethodAccessorImpl.invoke(NativeMethodAccessorImpl.java:62)
	at sun.reflect.DelegatingMethodAccessorImpl.invoke(DelegatingMethodAccessorImpl.java:43)
	at java.lang.reflect.Method.invoke(Method.java:498)
	at org.junit.runners.model.FrameworkMethod$1.runReflectiveCall(FrameworkMethod.java:47)
	at org.junit.internal.runners.model.ReflectiveCallable.run(ReflectiveCallable.java:12)
	at org.junit.runners.model.FrameworkMethod.invokeExplosively(FrameworkMethod.java:44)
	at org.junit.internal.runners.statements.InvokeMethod.evaluate(InvokeMethod.java:17)
	at org.junit.internal.runners.statements.RunBefores.evaluate(RunBefores.java:26)
	at org.junit.internal.runners.statements.RunAfters.evaluate(RunAfters.java:27)
	at org.junit.runners.ParentRunner.runLeaf(ParentRunner.java:271)
	at org.junit.runners.BlockJUnit4ClassRunner.runChild(BlockJUnit4ClassRunner.java:70)
	at org.junit.runners.BlockJUnit4ClassRunner.runChild(BlockJUnit4ClassRunner.java:50)
	at org.junit.runners.ParentRunner$3.run(ParentRunner.java:238)
	at org.junit.runners.ParentRunner$1.schedule(ParentRunner.java:63)
	at org.junit.runners.ParentRunner.runChildren(ParentRunner.java:236)
	at org.junit.runners.ParentRunner.access$000(ParentRunner.java:53)
	at org.junit.runners.ParentRunner$2.evaluate(ParentRunner.java:229)
	at org.junit.runners.ParentRunner.run(ParentRunner.java:309)
	at org.junit.runners.Suite.runChild(Suite.java:127)
	at org.junit.runners.Suite.runChild(Suite.java:26)
	at org.junit.runners.ParentRunner$3.run(ParentRunner.java:238)
	at org.junit.runners.ParentRunner$1.schedule(ParentRunner.java:63)
	at org.junit.runners.ParentRunner.runChildren(ParentRunner.java:236)
	at org.junit.runners.ParentRunner.access$000(ParentRunner.java:53)
	at org.junit.runners.ParentRunner$2.evaluate(ParentRunner.java:229)
	at org.junit.runners.ParentRunner.run(ParentRunner.java:309)
	at org.apache.maven.surefire.junit4.JUnit4Provider.execute(JUnit4Provider.java:365)
	at org.apache.maven.surefire.junit4.JUnit4Provider.executeWithRerun(JUnit4Provider.java:273)
	at org.apache.maven.surefire.junit4.JUnit4Provider.executeTestSet(JUnit4Provider.java:238)
	at org.apache.maven.surefire.junit4.JUnit4Provider.invoke(JUnit4Provider.java:159)
	at org.apache.maven.surefire.booter.ForkedBooter.invokeProviderInSameClassLoader(ForkedBooter.java:384)
	at org.apache.maven.surefire.booter.ForkedBooter.runSuitesInProcess(ForkedBooter.java:345)
	at org.apache.maven.surefire.booter.ForkedBooter.execute(ForkedBooter.java:126)
	at org.apache.maven.surefire.booter.ForkedBooter.main(ForkedBooter.java:418)
</error>
    <system-out><![CDATA[2019-10-03 02:04:14,661 [main] WARN  server.ServerUtils (ServerUtils.java:getScmDbDir(145)) - ozone.scm.db.dirs is not configured. We recommend adding this setting. Falling back to ozone.metadata.dirs instead.
2019-10-03 02:04:14,676 [main] WARN  server.ServerUtils (ServerUtils.java:getScmDbDir(145)) - ozone.scm.db.dirs is not configured. We recommend adding this setting. Falling back to ozone.metadata.dirs instead.
2019-10-03 02:04:14,677 [main] WARN  server.ServerUtils (ServerUtils.java:getScmDbDir(145)) - ozone.scm.db.dirs is not configured. We recommend adding this setting. Falling back to ozone.metadata.dirs instead.
2019-10-03 02:04:14,677 [main] INFO  db.DBStoreBuilder (DBStoreBuilder.java:addTable(110)) - using custom profile for table: deletedBlocks
2019-10-03 02:04:14,677 [main] INFO  db.DBStoreBuilder (DBStoreBuilder.java:processTables(161)) - Using default column profile:DBProfile.DISK for Table:deletedBlocks
2019-10-03 02:04:14,678 [main] INFO  db.DBStoreBuilder (DBStoreBuilder.java:addTable(110)) - using custom profile for table: validCerts
2019-10-03 02:04:14,678 [main] INFO  db.DBStoreBuilder (DBStoreBuilder.java:processTables(161)) - Using default column profile:DBProfile.DISK for Table:validCerts
2019-10-03 02:04:14,678 [main] INFO  db.DBStoreBuilder (DBStoreBuilder.java:addTable(110)) - using custom profile for table: revokedCerts
2019-10-03 02:04:14,678 [main] INFO  db.DBStoreBuilder (DBStoreBuilder.java:processTables(161)) - Using default column profile:DBProfile.DISK for Table:revokedCerts
2019-10-03 02:04:14,678 [main] INFO  db.DBStoreBuilder (DBStoreBuilder.java:addTable(110)) - using custom profile for table: default
2019-10-03 02:04:14,679 [main] INFO  db.DBStoreBuilder (DBStoreBuilder.java:processTables(167)) - Using default column profile:DBProfile.DISK for Table:default
2019-10-03 02:04:14,679 [main] INFO  db.DBStoreBuilder (DBStoreBuilder.java:getDbProfile(198)) - Using default options. DBProfile.DISK
2019-10-03 02:04:14,917 [main] INFO  net.NodeSchemaLoader (NodeSchemaLoader.java:loadSchemaFromFile(125)) - Loading file from sun.misc.CompoundEnumeration@7f2d31af
2019-10-03 02:04:14,918 [main] INFO  net.NodeSchemaLoader (NodeSchemaLoader.java:loadSchema(171)) - Loading network topology layer schema file
2019-10-03 02:04:14,923 [main] WARN  server.ServerUtils (ServerUtils.java:sanitizeUserArgs(70)) - ozone.scm.stale.node.interval value = 300000 is larger than max = 100000 based on the key value of ozone.scm.heartbeat.thread.interval, reset to the max value 100000.
2019-10-03 02:04:14,923 [main] WARN  server.ServerUtils (ServerUtils.java:sanitizeUserArgs(70)) - ozone.scm.stale.node.interval value = 300000 is larger than max = 100000 based on the key value of ozone.scm.heartbeat.thread.interval, reset to the max value 100000.
2019-10-03 02:04:14,923 [main] INFO  node.SCMNodeManager (SCMNodeManager.java:<init>(114)) - Entering startup safe mode.
2019-10-03 02:04:14,924 [main] INFO  algorithms.ContainerPlacementPolicyFactory (ContainerPlacementPolicyFactory.java:getPolicy(57)) - Create container placement policy of type org.apache.hadoop.hdds.scm.container.placement.algorithms.SCMContainerPlacementRandom
2019-10-03 02:04:14,925 [main] WARN  server.ServerUtils (ServerUtils.java:getScmDbDir(145)) - ozone.scm.db.dirs is not configured. We recommend adding this setting. Falling back to ozone.metadata.dirs instead.
2019-10-03 02:04:15,015 [main] INFO  pipeline.SCMPipelineManager (SCMPipelineManager.java:initializePipelineState(132)) - No pipeline exists in current db
2019-10-03 02:04:15,016 [main] WARN  server.ServerUtils (ServerUtils.java:getScmDbDir(145)) - ozone.scm.db.dirs is not configured. We recommend adding this setting. Falling back to ozone.metadata.dirs instead.
2019-10-03 02:04:15,083 [main] WARN  events.EventQueue (EventQueue.java:fireEvent(183)) - No event handler registered for event TypedEvent{payloadType=SafeModeStatus, name='SafeModeStatus'}
2019-10-03 02:04:15,085 [main] INFO  ipc.CallQueueManager (CallQueueManager.java:<init>(84)) - Using callQueue: class java.util.concurrent.LinkedBlockingQueue, queueCapacity: 2000, scheduler: class org.apache.hadoop.ipc.DefaultRpcScheduler, ipcBackoff: false.
2019-10-03 02:04:15,086 [Socket Reader #1 for port 46472] INFO  ipc.Server (Server.java:run(1074)) - Starting Socket Reader #1 for port 46472
2019-10-03 02:04:15,088 [main] INFO  ipc.CallQueueManager (CallQueueManager.java:<init>(84)) - Using callQueue: class java.util.concurrent.LinkedBlockingQueue, queueCapacity: 2000, scheduler: class org.apache.hadoop.ipc.DefaultRpcScheduler, ipcBackoff: false.
2019-10-03 02:04:15,089 [Socket Reader #1 for port 44589] INFO  ipc.Server (Server.java:run(1074)) - Starting Socket Reader #1 for port 44589
2019-10-03 02:04:15,091 [main] INFO  ipc.CallQueueManager (CallQueueManager.java:<init>(84)) - Using callQueue: class java.util.concurrent.LinkedBlockingQueue, queueCapacity: 2000, scheduler: class org.apache.hadoop.ipc.DefaultRpcScheduler, ipcBackoff: false.
2019-10-03 02:04:15,092 [Socket Reader #1 for port 42601] INFO  ipc.Server (Server.java:run(1074)) - Starting Socket Reader #1 for port 42601
2019-10-03 02:04:15,095 [main] INFO  hdfs.DFSUtil (DFSUtil.java:httpServerTemplateForNNAndJN(1641)) - Starting Web-server for scm at: http://0.0.0.0:0
2019-10-03 02:04:15,098 [main] INFO  server.AuthenticationFilter (AuthenticationFilter.java:constructSecretProvider(240)) - Unable to initialize FileSignerSecretProvider, falling back to use random secrets.
2019-10-03 02:04:15,099 [main] WARN  http.HttpRequestLog (HttpRequestLog.java:getRequestLog(97)) - Jetty request log can only be enabled using Log4j
2019-10-03 02:04:15,102 [main] INFO  http.HttpServer2 (HttpServer2.java:addGlobalFilter(975)) - Added global filter 'safety' (class=org.apache.hadoop.http.HttpServer2$QuotingInputFilter)
2019-10-03 02:04:15,103 [main] INFO  http.HttpServer2 (HttpServer2.java:addFilter(948)) - Added filter static_user_filter (class=org.apache.hadoop.http.lib.StaticUserWebFilter$StaticUserFilter) to context scm
2019-10-03 02:04:15,103 [main] INFO  http.HttpServer2 (HttpServer2.java:addFilter(958)) - Added filter static_user_filter (class=org.apache.hadoop.http.lib.StaticUserWebFilter$StaticUserFilter) to context static
2019-10-03 02:04:15,103 [main] INFO  http.HttpServer2 (HttpServer2.java:addFilter(958)) - Added filter static_user_filter (class=org.apache.hadoop.http.lib.StaticUserWebFilter$StaticUserFilter) to context logs
2019-10-03 02:04:15,106 [main] INFO  server.StorageContainerManager (StorageContainerManager.java:start(770)) - StorageContainerLocationProtocol RPC server is listening at /0.0.0.0:42601
2019-10-03 02:04:15,109 [main] WARN  impl.MetricsConfig (MetricsConfig.java:loadFirst(134)) - Cannot locate configuration: tried hadoop-metrics2-storagecontainermanager.properties,hadoop-metrics2.properties
2019-10-03 02:04:15,110 [main] INFO  impl.MetricsSystemImpl (MetricsSystemImpl.java:startTimer(374)) - Scheduled Metric snapshot period at 10 second(s).
2019-10-03 02:04:15,110 [main] INFO  impl.MetricsSystemImpl (MetricsSystemImpl.java:start(191)) - StorageContainerManager metrics system started
2019-10-03 02:04:15,137 [main] WARN  impl.MetricsSystemImpl (MetricsSystemImpl.java:register(276)) - Sink prometheus already exists!
2019-10-03 02:04:15,148 [main] INFO  server.SCMClientProtocolServer (SCMClientProtocolServer.java:start(150)) - RPC server for Client  is listening at /0.0.0.0:42601
2019-10-03 02:04:15,149 [IPC Server Responder] INFO  ipc.Server (Server.java:run(1314)) - IPC Server Responder: starting
2019-10-03 02:04:15,149 [IPC Server listener on 42601] INFO  ipc.Server (Server.java:run(1153)) - IPC Server listener on 42601: starting
2019-10-03 02:04:15,153 [main] INFO  server.StorageContainerManager (StorageContainerManager.java:start(780)) - ScmBlockLocationProtocol RPC server is listening at /0.0.0.0:44589
2019-10-03 02:04:15,154 [main] INFO  server.SCMBlockProtocolServer (SCMBlockProtocolServer.java:start(146)) - RPC server for Block Protocol is listening at /0.0.0.0:44589
2019-10-03 02:04:15,154 [IPC Server Responder] INFO  ipc.Server (Server.java:run(1314)) - IPC Server Responder: starting
2019-10-03 02:04:15,154 [IPC Server listener on 44589] INFO  ipc.Server (Server.java:run(1153)) - IPC Server listener on 44589: starting
2019-10-03 02:04:15,158 [main] INFO  server.StorageContainerManager (StorageContainerManager.java:start(784)) - ScmDatanodeProtocl RPC server is listening at /0.0.0.0:46472
2019-10-03 02:04:15,158 [main] INFO  server.SCMDatanodeProtocolServer (SCMDatanodeProtocolServer.java:start(191)) - RPC server for DataNodes is listening at /0.0.0.0:46472
2019-10-03 02:04:15,159 [IPC Server Responder] INFO  ipc.Server (Server.java:run(1314)) - IPC Server Responder: starting
2019-10-03 02:04:15,159 [IPC Server listener on 46472] INFO  ipc.Server (Server.java:run(1153)) - IPC Server listener on 46472: starting
2019-10-03 02:04:15,162 [main] INFO  http.HttpServer2 (HttpServer2.java:bindListener(1191)) - Jetty bound to port 32974
2019-10-03 02:04:15,163 [main] INFO  server.Server (Server.java:doStart(351)) - jetty-9.3.25.v20180904, build timestamp: 2018-09-04T21:11:46Z, git hash: 3ce520221d0240229c862b122d2b06c12a625732
2019-10-03 02:04:15,165 [main] INFO  handler.ContextHandler (ContextHandler.java:doStart(781)) - Started o.e.j.s.ServletContextHandler@4fc5563d{/logs,file:///workdir/hadoop-ozone/ozonefs/target/log,AVAILABLE}
2019-10-03 02:04:15,165 [main] INFO  handler.ContextHandler (ContextHandler.java:doStart(781)) - Started o.e.j.s.ServletContextHandler@31120021{/static,jar:file:/home/user/.m2/repository/org/apache/hadoop/hadoop-hdds-server-scm/0.5.0-SNAPSHOT/hadoop-hdds-server-scm-0.5.0-SNAPSHOT.jar!/webapps/static,AVAILABLE}
2019-10-03 02:04:15,212 [main] INFO  handler.ContextHandler (ContextHandler.java:doStart(781)) - Started o.e.j.w.WebAppContext@3a4ab7f7{/,file:///tmp/jetty-0.0.0.0-32974-scm-_-any-2984530738300078134.dir/webapp/,AVAILABLE}{/scm}
2019-10-03 02:04:15,212 [main] INFO  server.AbstractConnector (AbstractConnector.java:doStart(278)) - Started ServerConnector@6badba10{HTTP/1.1,[http/1.1]}{0.0.0.0:32974}
2019-10-03 02:04:15,213 [main] INFO  server.Server (Server.java:doStart(419)) - Started @23445ms
2019-10-03 02:04:15,213 [main] WARN  impl.MetricsSystemImpl (MetricsSystemImpl.java:register(276)) - Sink prometheus already exists!
2019-10-03 02:04:15,214 [main] INFO  server.BaseHttpServer (BaseHttpServer.java:updateConnectorAddress(215)) - HTTP server of SCM is listening at http://0.0.0.0:32974
2019-10-03 02:04:15,215 [main] WARN  server.ServerUtils (ServerUtils.java:getDBPath(222)) - ozone.om.db.dirs is not configured. We recommend adding this setting. Falling back to ozone.metadata.dirs instead.
2019-10-03 02:04:15,215 [org.apache.hadoop.util.JvmPauseMonitor$Monitor@550de6b8] INFO  util.JvmPauseMonitor (JvmPauseMonitor.java:run(188)) - Starting JVM pause monitor
2019-10-03 02:04:15,230 [main] WARN  server.ServerUtils (ServerUtils.java:getDBPath(222)) - ozone.om.db.dirs is not configured. We recommend adding this setting. Falling back to ozone.metadata.dirs instead.
2019-10-03 02:04:15,230 [main] WARN  server.ServerUtils (ServerUtils.java:getDBPath(222)) - ozone.om.db.dirs is not configured. We recommend adding this setting. Falling back to ozone.metadata.dirs instead.
2019-10-03 02:04:15,231 [main] INFO  om.OzoneManager (OzoneManager.java:setOMNodeDetails(652)) - OM Service ID is not set. Setting it to the default ID: omServiceIdDefault
2019-10-03 02:04:15,231 [main] INFO  om.OzoneManager (OzoneManager.java:setOMNodeDetails(658)) - OM Node ID is not set. Setting it to the OmStorage's OmID: b2ecdc39-51bb-4d56-a28f-3b474ba61e75
2019-10-03 02:04:15,231 [main] INFO  om.OzoneManager (OzoneManager.java:loadOMHAConfigs(609)) - Found matching OM address with OMServiceId: null, OMNodeId: null, RPC Address: localhost:0 and Ratis port: 9872
2019-10-03 02:04:15,238 [main] WARN  server.ServerUtils (ServerUtils.java:getDBPath(222)) - ozone.om.db.dirs is not configured. We recommend adding this setting. Falling back to ozone.metadata.dirs instead.
2019-10-03 02:04:15,239 [main] INFO  db.DBStoreBuilder (DBStoreBuilder.java:addTable(110)) - using custom profile for table: userTable
2019-10-03 02:04:15,239 [main] INFO  db.DBStoreBuilder (DBStoreBuilder.java:processTables(161)) - Using default column profile:DBProfile.DISK for Table:userTable
2019-10-03 02:04:15,239 [main] INFO  db.DBStoreBuilder (DBStoreBuilder.java:addTable(110)) - using custom profile for table: volumeTable
2019-10-03 02:04:15,239 [main] INFO  db.DBStoreBuilder (DBStoreBuilder.java:processTables(161)) - Using default column profile:DBProfile.DISK for Table:volumeTable
2019-10-03 02:04:15,239 [main] INFO  db.DBStoreBuilder (DBStoreBuilder.java:addTable(110)) - using custom profile for table: bucketTable
2019-10-03 02:04:15,240 [main] INFO  db.DBStoreBuilder (DBStoreBuilder.java:processTables(161)) - Using default column profile:DBProfile.DISK for Table:bucketTable
2019-10-03 02:04:15,240 [main] INFO  db.DBStoreBuilder (DBStoreBuilder.java:addTable(110)) - using custom profile for table: keyTable
2019-10-03 02:04:15,240 [main] INFO  db.DBStoreBuilder (DBStoreBuilder.java:processTables(161)) - Using default column profile:DBProfile.DISK for Table:keyTable
2019-10-03 02:04:15,240 [main] INFO  db.DBStoreBuilder (DBStoreBuilder.java:addTable(110)) - using custom profile for table: deletedTable
2019-10-03 02:04:15,240 [main] INFO  db.DBStoreBuilder (DBStoreBuilder.java:processTables(161)) - Using default column profile:DBProfile.DISK for Table:deletedTable
2019-10-03 02:04:15,241 [main] INFO  db.DBStoreBuilder (DBStoreBuilder.java:addTable(110)) - using custom profile for table: openKeyTable
2019-10-03 02:04:15,241 [main] INFO  db.DBStoreBuilder (DBStoreBuilder.java:processTables(161)) - Using default column profile:DBProfile.DISK for Table:openKeyTable
2019-10-03 02:04:15,241 [main] INFO  db.DBStoreBuilder (DBStoreBuilder.java:addTable(110)) - using custom profile for table: s3Table
2019-10-03 02:04:15,241 [main] INFO  db.DBStoreBuilder (DBStoreBuilder.java:processTables(161)) - Using default column profile:DBProfile.DISK for Table:s3Table
2019-10-03 02:04:15,241 [main] INFO  db.DBStoreBuilder (DBStoreBuilder.java:addTable(110)) - using custom profile for table: multipartInfoTable
2019-10-03 02:04:15,242 [main] INFO  db.DBStoreBuilder (DBStoreBuilder.java:processTables(161)) - Using default column profile:DBProfile.DISK for Table:multipartInfoTable
2019-10-03 02:04:15,242 [main] INFO  db.DBStoreBuilder (DBStoreBuilder.java:addTable(110)) - using custom profile for table: dTokenTable
2019-10-03 02:04:15,242 [main] INFO  db.DBStoreBuilder (DBStoreBuilder.java:processTables(161)) - Using default column profile:DBProfile.DISK for Table:dTokenTable
2019-10-03 02:04:15,242 [main] INFO  db.DBStoreBuilder (DBStoreBuilder.java:addTable(110)) - using custom profile for table: s3SecretTable
2019-10-03 02:04:15,242 [main] INFO  db.DBStoreBuilder (DBStoreBuilder.java:processTables(161)) - Using default column profile:DBProfile.DISK for Table:s3SecretTable
2019-10-03 02:04:15,243 [main] INFO  db.DBStoreBuilder (DBStoreBuilder.java:addTable(110)) - using custom profile for table: prefixTable
2019-10-03 02:04:15,243 [main] INFO  db.DBStoreBuilder (DBStoreBuilder.java:processTables(161)) - Using default column profile:DBProfile.DISK for Table:prefixTable
2019-10-03 02:04:15,243 [main] INFO  db.DBStoreBuilder (DBStoreBuilder.java:addTable(110)) - using custom profile for table: default
2019-10-03 02:04:15,243 [main] INFO  db.DBStoreBuilder (DBStoreBuilder.java:processTables(167)) - Using default column profile:DBProfile.DISK for Table:default
2019-10-03 02:04:15,243 [main] INFO  db.DBStoreBuilder (DBStoreBuilder.java:getDbProfile(198)) - Using default options. DBProfile.DISK
2019-10-03 02:04:15,895 [main] INFO  ipc.CallQueueManager (CallQueueManager.java:<init>(84)) - Using callQueue: class java.util.concurrent.LinkedBlockingQueue, queueCapacity: 2000, scheduler: class org.apache.hadoop.ipc.DefaultRpcScheduler, ipcBackoff: false.
2019-10-03 02:04:15,897 [Socket Reader #1 for port 43392] INFO  ipc.Server (Server.java:run(1074)) - Starting Socket Reader #1 for port 43392
2019-10-03 02:04:15,928 [main] INFO  om.OzoneManager (OzoneManager.java:start(1243)) - OzoneManager RPC server is listening at localhost/127.0.0.1:43392
2019-10-03 02:04:15,928 [main] INFO  impl.MetricsSystemImpl (MetricsSystemImpl.java:init(158)) - OzoneManager metrics system started (again)
2019-10-03 02:04:15,930 [IPC Server Responder] INFO  ipc.Server (Server.java:run(1314)) - IPC Server Responder: starting
2019-10-03 02:04:15,930 [IPC Server listener on 43392] INFO  ipc.Server (Server.java:run(1153)) - IPC Server listener on 43392: starting
2019-10-03 02:04:15,935 [main] INFO  hdfs.DFSUtil (DFSUtil.java:httpServerTemplateForNNAndJN(1641)) - Starting Web-server for ozoneManager at: http://0.0.0.0:0
2019-10-03 02:04:15,938 [main] INFO  server.AuthenticationFilter (AuthenticationFilter.java:constructSecretProvider(240)) - Unable to initialize FileSignerSecretProvider, falling back to use random secrets.
2019-10-03 02:04:15,938 [main] WARN  http.HttpRequestLog (HttpRequestLog.java:getRequestLog(97)) - Jetty request log can only be enabled using Log4j
2019-10-03 02:04:15,941 [main] INFO  http.HttpServer2 (HttpServer2.java:addGlobalFilter(975)) - Added global filter 'safety' (class=org.apache.hadoop.http.HttpServer2$QuotingInputFilter)
2019-10-03 02:04:15,942 [main] INFO  http.HttpServer2 (HttpServer2.java:addFilter(948)) - Added filter static_user_filter (class=org.apache.hadoop.http.lib.StaticUserWebFilter$StaticUserFilter) to context ozoneManager
2019-10-03 02:04:15,942 [main] INFO  http.HttpServer2 (HttpServer2.java:addFilter(958)) - Added filter static_user_filter (class=org.apache.hadoop.http.lib.StaticUserWebFilter$StaticUserFilter) to context logs
2019-10-03 02:04:15,942 [main] INFO  http.HttpServer2 (HttpServer2.java:addFilter(958)) - Added filter static_user_filter (class=org.apache.hadoop.http.lib.StaticUserWebFilter$StaticUserFilter) to context static
2019-10-03 02:04:15,943 [main] INFO  http.HttpServer2 (HttpServer2.java:bindListener(1191)) - Jetty bound to port 38586
2019-10-03 02:04:15,944 [main] INFO  server.Server (Server.java:doStart(351)) - jetty-9.3.25.v20180904, build timestamp: 2018-09-04T21:11:46Z, git hash: 3ce520221d0240229c862b122d2b06c12a625732
2019-10-03 02:04:15,946 [main] INFO  handler.ContextHandler (ContextHandler.java:doStart(781)) - Started o.e.j.s.ServletContextHandler@4a2e7bcb{/logs,file:///workdir/hadoop-ozone/ozonefs/target/log,AVAILABLE}
2019-10-03 02:04:15,947 [main] INFO  handler.ContextHandler (ContextHandler.java:doStart(781)) - Started o.e.j.s.ServletContextHandler@74f827ad{/static,jar:file:/home/user/.m2/repository/org/apache/hadoop/hadoop-ozone-ozone-manager/0.5.0-SNAPSHOT/hadoop-ozone-ozone-manager-0.5.0-SNAPSHOT.jar!/webapps/static,AVAILABLE}
2019-10-03 02:04:16,002 [main] INFO  handler.ContextHandler (ContextHandler.java:doStart(781)) - Started o.e.j.w.WebAppContext@2acdcce8{/,file:///tmp/jetty-0.0.0.0-38586-ozoneManager-_-any-8742783396081287036.dir/webapp/,AVAILABLE}{/ozoneManager}
2019-10-03 02:04:16,004 [main] INFO  server.AbstractConnector (AbstractConnector.java:doStart(278)) - Started ServerConnector@7102ac3e{HTTP/1.1,[http/1.1]}{0.0.0.0:38586}
2019-10-03 02:04:16,004 [main] INFO  server.Server (Server.java:doStart(419)) - Started @24236ms
2019-10-03 02:04:16,005 [main] WARN  impl.MetricsSystemImpl (MetricsSystemImpl.java:register(276)) - Sink prometheus already exists!
2019-10-03 02:04:16,005 [main] INFO  server.BaseHttpServer (BaseHttpServer.java:updateConnectorAddress(215)) - HTTP server of OZONEMANAGER is listening at http://0.0.0.0:38586
2019-10-03 02:04:16,019 [main] INFO  impl.MetricsSystemImpl (MetricsSystemImpl.java:init(158)) - HddsDatanode metrics system started (again)
2019-10-03 02:04:16,021 [main] INFO  ozone.HddsDatanodeService (HddsDatanodeService.java:start(184)) - HddsDatanodeService host:pr-hdds-1737-89jld-2007629010 ip:192.168.164.205
2019-10-03 02:04:16,028 [main] INFO  volume.HddsVolume (HddsVolume.java:<init>(176)) - Creating Volume: /workdir/hadoop-ozone/ozonefs/target/test-dir/MiniOzoneClusterImpl-a41765e9-c865-4d80-80ca-6b3b2a408ddc/datanode-0/data/containers/hdds of  storage type : DISK and capacity : 1482555576320
2019-10-03 02:04:16,028 [main] INFO  volume.VolumeSet (VolumeSet.java:initializeVolumeSet(170)) - Added Volume : /workdir/hadoop-ozone/ozonefs/target/test-dir/MiniOzoneClusterImpl-a41765e9-c865-4d80-80ca-6b3b2a408ddc/datanode-0/data/containers/hdds to VolumeSet
2019-10-03 02:04:16,029 [main] INFO  volume.ThrottledAsyncChecker (ThrottledAsyncChecker.java:schedule(139)) - Scheduling a check for org.apache.hadoop.ozone.container.common.volume.HddsVolume@1a1cc163
2019-10-03 02:04:16,029 [main] INFO  volume.HddsVolumeChecker (HddsVolumeChecker.java:checkAllVolumes(202)) - Scheduled health check for volume org.apache.hadoop.ozone.container.common.volume.HddsVolume@1a1cc163
2019-10-03 02:04:16,054 [main] INFO  impl.RaftServerProxy (ConfUtils.java:logGet(43)) - raft.rpc.type = GRPC (default)
2019-10-03 02:04:16,054 [main] INFO  grpc.GrpcFactory (GrpcFactory.java:checkPooledByteBufAllocatorUseCacheForAllThreads(45)) - PERFORMANCE WARNING: useCacheForAllThreads is true that may cause Netty to create a lot garbage objects and, as a result, trigger GC.
	It is recommended to disable useCacheForAllThreads by setting -Dorg.apache.ratis.thirdparty.io.netty.allocator.useCacheForAllThreads=false in command line.
2019-10-03 02:04:16,054 [main] INFO  grpc.GrpcConfigKeys$Server (ConfUtils.java:logGet(43)) - raft.grpc.server.port = 0 (default)
2019-10-03 02:04:16,055 [main] INFO  server.GrpcService (ConfUtils.java:logGet(43)) - raft.grpc.message.size.max = 33570816 (custom)
2019-10-03 02:04:16,056 [main] INFO  server.RaftServerConfigKeys (ConfUtils.java:logGet(43)) - raft.server.log.appender.buffer.byte-limit = 33554432 (custom)
2019-10-03 02:04:16,056 [main] INFO  server.GrpcService (ConfUtils.java:logGet(43)) - raft.grpc.flow.control.window = 1MB (=1048576) (default)
2019-10-03 02:04:16,056 [main] INFO  server.RaftServerConfigKeys (ConfUtils.java:logGet(43)) - raft.server.rpc.request.timeout = 3000ms (default)
2019-10-03 02:04:16,057 [main] INFO  server.RaftServerConfigKeys (ConfUtils.java:logGet(43)) - raft.server.storage.dir = [/workdir/hadoop-ozone/ozonefs/target/test-dir/MiniOzoneClusterImpl-a41765e9-c865-4d80-80ca-6b3b2a408ddc/datanode-0/data/ratis] (custom)
2019-10-03 02:04:16,059 [main] INFO  hdfs.DFSUtil (DFSUtil.java:httpServerTemplateForNNAndJN(1641)) - Starting Web-server for hddsDatanode at: http://0.0.0.0:0
2019-10-03 02:04:16,061 [main] INFO  server.AuthenticationFilter (AuthenticationFilter.java:constructSecretProvider(240)) - Unable to initialize FileSignerSecretProvider, falling back to use random secrets.
2019-10-03 02:04:16,062 [main] WARN  http.HttpRequestLog (HttpRequestLog.java:getRequestLog(97)) - Jetty request log can only be enabled using Log4j
2019-10-03 02:04:16,064 [main] INFO  http.HttpServer2 (HttpServer2.java:addGlobalFilter(975)) - Added global filter 'safety' (class=org.apache.hadoop.http.HttpServer2$QuotingInputFilter)
2019-10-03 02:04:16,066 [main] INFO  http.HttpServer2 (HttpServer2.java:addFilter(948)) - Added filter static_user_filter (class=org.apache.hadoop.http.lib.StaticUserWebFilter$StaticUserFilter) to context hddsDatanode
2019-10-03 02:04:16,066 [main] INFO  http.HttpServer2 (HttpServer2.java:addFilter(958)) - Added filter static_user_filter (class=org.apache.hadoop.http.lib.StaticUserWebFilter$StaticUserFilter) to context logs
2019-10-03 02:04:16,066 [main] INFO  http.HttpServer2 (HttpServer2.java:addFilter(958)) - Added filter static_user_filter (class=org.apache.hadoop.http.lib.StaticUserWebFilter$StaticUserFilter) to context static
2019-10-03 02:04:16,067 [main] INFO  http.HttpServer2 (HttpServer2.java:bindListener(1191)) - Jetty bound to port 35742
2019-10-03 02:04:16,067 [main] INFO  server.Server (Server.java:doStart(351)) - jetty-9.3.25.v20180904, build timestamp: 2018-09-04T21:11:46Z, git hash: 3ce520221d0240229c862b122d2b06c12a625732
2019-10-03 02:04:16,070 [main] INFO  handler.ContextHandler (ContextHandler.java:doStart(781)) - Started o.e.j.s.ServletContextHandler@76ececd{/logs,file:///workdir/hadoop-ozone/ozonefs/target/log,AVAILABLE}
2019-10-03 02:04:16,070 [main] INFO  handler.ContextHandler (ContextHandler.java:doStart(781)) - Started o.e.j.s.ServletContextHandler@1682c08c{/static,jar:file:/home/user/.m2/repository/org/apache/hadoop/hadoop-hdds-container-service/0.5.0-SNAPSHOT/hadoop-hdds-container-service-0.5.0-SNAPSHOT.jar!/webapps/static,AVAILABLE}
2019-10-03 02:04:16,103 [main] INFO  handler.ContextHandler (ContextHandler.java:doStart(781)) - Started o.e.j.w.WebAppContext@708eb310{/,file:///tmp/jetty-0.0.0.0-35742-hddsDatanode-_-any-6708672447211406446.dir/webapp/,AVAILABLE}{/hddsDatanode}
2019-10-03 02:04:16,104 [main] INFO  server.AbstractConnector (AbstractConnector.java:doStart(278)) - Started ServerConnector@6ebc9573{HTTP/1.1,[http/1.1]}{0.0.0.0:35742}
2019-10-03 02:04:16,105 [main] INFO  server.Server (Server.java:doStart(419)) - Started @24336ms
2019-10-03 02:04:16,105 [main] WARN  impl.MetricsSystemImpl (MetricsSystemImpl.java:register(276)) - Sink prometheus already exists!
2019-10-03 02:04:16,106 [main] INFO  server.BaseHttpServer (BaseHttpServer.java:updateConnectorAddress(215)) - HTTP server of HDDSDATANODE is listening at http://0.0.0.0:35742
2019-10-03 02:04:16,106 [main] INFO  impl.MetricsSystemImpl (MetricsSystemImpl.java:init(158)) - HddsDatanode metrics system started (again)
2019-10-03 02:04:16,109 [org.apache.hadoop.util.JvmPauseMonitor$Monitor@5068513a] INFO  util.JvmPauseMonitor (JvmPauseMonitor.java:run(188)) - Starting JVM pause monitor
2019-10-03 02:04:16,109 [main] INFO  ozone.HddsDatanodeService (HddsDatanodeService.java:start(184)) - HddsDatanodeService host:pr-hdds-1737-89jld-2007629010 ip:192.168.164.205
2019-10-03 02:04:16,111 [Datanode State Machine Thread - 0] INFO  datanode.InitDatanodeState (InitDatanodeState.java:persistContainerDatanodeDetails(140)) - DatanodeDetails is persisted to /workdir/hadoop-ozone/ozonefs/target/test-dir/MiniOzoneClusterImpl-a41765e9-c865-4d80-80ca-6b3b2a408ddc/datanode-0/meta/datanode.id
2019-10-03 02:04:16,115 [main] INFO  volume.HddsVolume (HddsVolume.java:<init>(176)) - Creating Volume: /workdir/hadoop-ozone/ozonefs/target/test-dir/MiniOzoneClusterImpl-a41765e9-c865-4d80-80ca-6b3b2a408ddc/datanode-1/data/containers/hdds of  storage type : DISK and capacity : 1482555576320
2019-10-03 02:04:16,116 [main] INFO  volume.VolumeSet (VolumeSet.java:initializeVolumeSet(170)) - Added Volume : /workdir/hadoop-ozone/ozonefs/target/test-dir/MiniOzoneClusterImpl-a41765e9-c865-4d80-80ca-6b3b2a408ddc/datanode-1/data/containers/hdds to VolumeSet
2019-10-03 02:04:16,116 [main] INFO  volume.ThrottledAsyncChecker (ThrottledAsyncChecker.java:schedule(139)) - Scheduling a check for org.apache.hadoop.ozone.container.common.volume.HddsVolume@273a5a8a
2019-10-03 02:04:16,116 [main] INFO  volume.HddsVolumeChecker (HddsVolumeChecker.java:checkAllVolumes(202)) - Scheduled health check for volume org.apache.hadoop.ozone.container.common.volume.HddsVolume@273a5a8a
2019-10-03 02:04:16,135 [main] INFO  impl.RaftServerProxy (ConfUtils.java:logGet(43)) - raft.rpc.type = GRPC (default)
2019-10-03 02:04:16,135 [main] INFO  grpc.GrpcFactory (GrpcFactory.java:checkPooledByteBufAllocatorUseCacheForAllThreads(45)) - PERFORMANCE WARNING: useCacheForAllThreads is true that may cause Netty to create a lot garbage objects and, as a result, trigger GC.
	It is recommended to disable useCacheForAllThreads by setting -Dorg.apache.ratis.thirdparty.io.netty.allocator.useCacheForAllThreads=false in command line.
2019-10-03 02:04:16,135 [main] INFO  grpc.GrpcConfigKeys$Server (ConfUtils.java:logGet(43)) - raft.grpc.server.port = 0 (default)
2019-10-03 02:04:16,136 [main] INFO  server.GrpcService (ConfUtils.java:logGet(43)) - raft.grpc.message.size.max = 33570816 (custom)
2019-10-03 02:04:16,136 [main] INFO  server.RaftServerConfigKeys (ConfUtils.java:logGet(43)) - raft.server.log.appender.buffer.byte-limit = 33554432 (custom)
2019-10-03 02:04:16,136 [main] INFO  server.GrpcService (ConfUtils.java:logGet(43)) - raft.grpc.flow.control.window = 1MB (=1048576) (default)
2019-10-03 02:04:16,136 [main] INFO  server.RaftServerConfigKeys (ConfUtils.java:logGet(43)) - raft.server.rpc.request.timeout = 3000ms (default)
2019-10-03 02:04:16,137 [main] INFO  server.RaftServerConfigKeys (ConfUtils.java:logGet(43)) - raft.server.storage.dir = [/workdir/hadoop-ozone/ozonefs/target/test-dir/MiniOzoneClusterImpl-a41765e9-c865-4d80-80ca-6b3b2a408ddc/datanode-1/data/ratis] (custom)
2019-10-03 02:04:16,138 [main] INFO  hdfs.DFSUtil (DFSUtil.java:httpServerTemplateForNNAndJN(1641)) - Starting Web-server for hddsDatanode at: http://0.0.0.0:0
2019-10-03 02:04:16,140 [main] INFO  server.AuthenticationFilter (AuthenticationFilter.java:constructSecretProvider(240)) - Unable to initialize FileSignerSecretProvider, falling back to use random secrets.
2019-10-03 02:04:16,140 [main] WARN  http.HttpRequestLog (HttpRequestLog.java:getRequestLog(97)) - Jetty request log can only be enabled using Log4j
2019-10-03 02:04:16,142 [main] INFO  http.HttpServer2 (HttpServer2.java:addGlobalFilter(975)) - Added global filter 'safety' (class=org.apache.hadoop.http.HttpServer2$QuotingInputFilter)
2019-10-03 02:04:16,146 [main] INFO  http.HttpServer2 (HttpServer2.java:addFilter(948)) - Added filter static_user_filter (class=org.apache.hadoop.http.lib.StaticUserWebFilter$StaticUserFilter) to context hddsDatanode
2019-10-03 02:04:16,146 [main] INFO  http.HttpServer2 (HttpServer2.java:addFilter(958)) - Added filter static_user_filter (class=org.apache.hadoop.http.lib.StaticUserWebFilter$StaticUserFilter) to context static
2019-10-03 02:04:16,146 [main] INFO  http.HttpServer2 (HttpServer2.java:addFilter(958)) - Added filter static_user_filter (class=org.apache.hadoop.http.lib.StaticUserWebFilter$StaticUserFilter) to context logs
2019-10-03 02:04:16,147 [main] INFO  http.HttpServer2 (HttpServer2.java:bindListener(1191)) - Jetty bound to port 34739
2019-10-03 02:04:16,147 [main] INFO  server.Server (Server.java:doStart(351)) - jetty-9.3.25.v20180904, build timestamp: 2018-09-04T21:11:46Z, git hash: 3ce520221d0240229c862b122d2b06c12a625732
2019-10-03 02:04:16,149 [main] INFO  handler.ContextHandler (ContextHandler.java:doStart(781)) - Started o.e.j.s.ServletContextHandler@46039a21{/logs,file:///workdir/hadoop-ozone/ozonefs/target/log,AVAILABLE}
2019-10-03 02:04:16,150 [main] INFO  handler.ContextHandler (ContextHandler.java:doStart(781)) - Started o.e.j.s.ServletContextHandler@35c4e864{/static,jar:file:/home/user/.m2/repository/org/apache/hadoop/hadoop-hdds-container-service/0.5.0-SNAPSHOT/hadoop-hdds-container-service-0.5.0-SNAPSHOT.jar!/webapps/static,AVAILABLE}
2019-10-03 02:04:16,184 [main] INFO  handler.ContextHandler (ContextHandler.java:doStart(781)) - Started o.e.j.w.WebAppContext@22c53d82{/,file:///tmp/jetty-0.0.0.0-34739-hddsDatanode-_-any-3138633448518571048.dir/webapp/,AVAILABLE}{/hddsDatanode}
2019-10-03 02:04:16,185 [main] INFO  server.AbstractConnector (AbstractConnector.java:doStart(278)) - Started ServerConnector@3a6045c6{HTTP/1.1,[http/1.1]}{0.0.0.0:34739}
2019-10-03 02:04:16,186 [main] INFO  server.Server (Server.java:doStart(419)) - Started @24417ms
2019-10-03 02:04:16,186 [main] WARN  impl.MetricsSystemImpl (MetricsSystemImpl.java:register(276)) - Sink prometheus already exists!
2019-10-03 02:04:16,187 [main] INFO  server.BaseHttpServer (BaseHttpServer.java:updateConnectorAddress(215)) - HTTP server of HDDSDATANODE is listening at http://0.0.0.0:34739
2019-10-03 02:04:16,187 [main] INFO  impl.MetricsSystemImpl (MetricsSystemImpl.java:init(158)) - HddsDatanode metrics system started (again)
2019-10-03 02:04:16,189 [org.apache.hadoop.util.JvmPauseMonitor$Monitor@7505bdef] INFO  util.JvmPauseMonitor (JvmPauseMonitor.java:run(188)) - Starting JVM pause monitor
2019-10-03 02:04:16,190 [main] INFO  ozone.HddsDatanodeService (HddsDatanodeService.java:start(184)) - HddsDatanodeService host:pr-hdds-1737-89jld-2007629010 ip:192.168.164.205
2019-10-03 02:04:16,192 [Datanode State Machine Thread - 0] INFO  datanode.InitDatanodeState (InitDatanodeState.java:persistContainerDatanodeDetails(140)) - DatanodeDetails is persisted to /workdir/hadoop-ozone/ozonefs/target/test-dir/MiniOzoneClusterImpl-a41765e9-c865-4d80-80ca-6b3b2a408ddc/datanode-1/meta/datanode.id
2019-10-03 02:04:16,198 [main] INFO  volume.HddsVolume (HddsVolume.java:<init>(176)) - Creating Volume: /workdir/hadoop-ozone/ozonefs/target/test-dir/MiniOzoneClusterImpl-a41765e9-c865-4d80-80ca-6b3b2a408ddc/datanode-2/data/containers/hdds of  storage type : DISK and capacity : 1482555576320
2019-10-03 02:04:16,198 [main] INFO  volume.VolumeSet (VolumeSet.java:initializeVolumeSet(170)) - Added Volume : /workdir/hadoop-ozone/ozonefs/target/test-dir/MiniOzoneClusterImpl-a41765e9-c865-4d80-80ca-6b3b2a408ddc/datanode-2/data/containers/hdds to VolumeSet
2019-10-03 02:04:16,198 [main] INFO  volume.ThrottledAsyncChecker (ThrottledAsyncChecker.java:schedule(139)) - Scheduling a check for org.apache.hadoop.ozone.container.common.volume.HddsVolume@7209ffb5
2019-10-03 02:04:16,199 [main] INFO  volume.HddsVolumeChecker (HddsVolumeChecker.java:checkAllVolumes(202)) - Scheduled health check for volume org.apache.hadoop.ozone.container.common.volume.HddsVolume@7209ffb5
2019-10-03 02:04:16,218 [main] INFO  impl.RaftServerProxy (ConfUtils.java:logGet(43)) - raft.rpc.type = GRPC (default)
2019-10-03 02:04:16,218 [main] INFO  grpc.GrpcFactory (GrpcFactory.java:checkPooledByteBufAllocatorUseCacheForAllThreads(45)) - PERFORMANCE WARNING: useCacheForAllThreads is true that may cause Netty to create a lot garbage objects and, as a result, trigger GC.
	It is recommended to disable useCacheForAllThreads by setting -Dorg.apache.ratis.thirdparty.io.netty.allocator.useCacheForAllThreads=false in command line.
2019-10-03 02:04:16,218 [main] INFO  grpc.GrpcConfigKeys$Server (ConfUtils.java:logGet(43)) - raft.grpc.server.port = 0 (default)
2019-10-03 02:04:16,219 [main] INFO  server.GrpcService (ConfUtils.java:logGet(43)) - raft.grpc.message.size.max = 33570816 (custom)
2019-10-03 02:04:16,219 [main] INFO  server.RaftServerConfigKeys (ConfUtils.java:logGet(43)) - raft.server.log.appender.buffer.byte-limit = 33554432 (custom)
2019-10-03 02:04:16,219 [main] INFO  server.GrpcService (ConfUtils.java:logGet(43)) - raft.grpc.flow.control.window = 1MB (=1048576) (default)
2019-10-03 02:04:16,219 [main] INFO  server.RaftServerConfigKeys (ConfUtils.java:logGet(43)) - raft.server.rpc.request.timeout = 3000ms (default)
2019-10-03 02:04:16,220 [main] INFO  server.RaftServerConfigKeys (ConfUtils.java:logGet(43)) - raft.server.storage.dir = [/workdir/hadoop-ozone/ozonefs/target/test-dir/MiniOzoneClusterImpl-a41765e9-c865-4d80-80ca-6b3b2a408ddc/datanode-2/data/ratis] (custom)
2019-10-03 02:04:16,221 [main] INFO  hdfs.DFSUtil (DFSUtil.java:httpServerTemplateForNNAndJN(1641)) - Starting Web-server for hddsDatanode at: http://0.0.0.0:0
2019-10-03 02:04:16,223 [main] INFO  server.AuthenticationFilter (AuthenticationFilter.java:constructSecretProvider(240)) - Unable to initialize FileSignerSecretProvider, falling back to use random secrets.
2019-10-03 02:04:16,223 [main] WARN  http.HttpRequestLog (HttpRequestLog.java:getRequestLog(97)) - Jetty request log can only be enabled using Log4j
2019-10-03 02:04:16,225 [main] INFO  http.HttpServer2 (HttpServer2.java:addGlobalFilter(975)) - Added global filter 'safety' (class=org.apache.hadoop.http.HttpServer2$QuotingInputFilter)
2019-10-03 02:04:16,226 [main] INFO  http.HttpServer2 (HttpServer2.java:addFilter(948)) - Added filter static_user_filter (class=org.apache.hadoop.http.lib.StaticUserWebFilter$StaticUserFilter) to context hddsDatanode
2019-10-03 02:04:16,226 [main] INFO  http.HttpServer2 (HttpServer2.java:addFilter(958)) - Added filter static_user_filter (class=org.apache.hadoop.http.lib.StaticUserWebFilter$StaticUserFilter) to context static
2019-10-03 02:04:16,226 [main] INFO  http.HttpServer2 (HttpServer2.java:addFilter(958)) - Added filter static_user_filter (class=org.apache.hadoop.http.lib.StaticUserWebFilter$StaticUserFilter) to context logs
2019-10-03 02:04:16,227 [main] INFO  http.HttpServer2 (HttpServer2.java:bindListener(1191)) - Jetty bound to port 46815
2019-10-03 02:04:16,227 [main] INFO  server.Server (Server.java:doStart(351)) - jetty-9.3.25.v20180904, build timestamp: 2018-09-04T21:11:46Z, git hash: 3ce520221d0240229c862b122d2b06c12a625732
2019-10-03 02:04:16,229 [main] INFO  handler.ContextHandler (ContextHandler.java:doStart(781)) - Started o.e.j.s.ServletContextHandler@798256c5{/logs,file:///workdir/hadoop-ozone/ozonefs/target/log,AVAILABLE}
2019-10-03 02:04:16,229 [main] INFO  handler.ContextHandler (ContextHandler.java:doStart(781)) - Started o.e.j.s.ServletContextHandler@748a654a{/static,jar:file:/home/user/.m2/repository/org/apache/hadoop/hadoop-hdds-container-service/0.5.0-SNAPSHOT/hadoop-hdds-container-service-0.5.0-SNAPSHOT.jar!/webapps/static,AVAILABLE}
2019-10-03 02:04:16,258 [main] INFO  handler.ContextHandler (ContextHandler.java:doStart(781)) - Started o.e.j.w.WebAppContext@5c9934da{/,file:///tmp/jetty-0.0.0.0-46815-hddsDatanode-_-any-2324258187710877723.dir/webapp/,AVAILABLE}{/hddsDatanode}
2019-10-03 02:04:16,258 [main] INFO  server.AbstractConnector (AbstractConnector.java:doStart(278)) - Started ServerConnector@4cb702ce{HTTP/1.1,[http/1.1]}{0.0.0.0:46815}
2019-10-03 02:04:16,259 [main] INFO  server.Server (Server.java:doStart(419)) - Started @24491ms
2019-10-03 02:04:16,259 [main] WARN  impl.MetricsSystemImpl (MetricsSystemImpl.java:register(276)) - Sink prometheus already exists!
2019-10-03 02:04:16,260 [main] INFO  server.BaseHttpServer (BaseHttpServer.java:updateConnectorAddress(215)) - HTTP server of HDDSDATANODE is listening at http://0.0.0.0:46815
2019-10-03 02:04:16,261 [main] INFO  ozone.MiniOzoneClusterImpl (MiniOzoneClusterImpl.java:lambda$waitForClusterToBeReady$0(147)) - Waiting for cluster to be ready. Got 0 of 3 DN Heartbeats.
2019-10-03 02:04:16,263 [org.apache.hadoop.util.JvmPauseMonitor$Monitor@1e49c4cd] INFO  util.JvmPauseMonitor (JvmPauseMonitor.java:run(188)) - Starting JVM pause monitor
2019-10-03 02:04:16,265 [Datanode State Machine Thread - 0] INFO  datanode.InitDatanodeState (InitDatanodeState.java:persistContainerDatanodeDetails(140)) - DatanodeDetails is persisted to /workdir/hadoop-ozone/ozonefs/target/test-dir/MiniOzoneClusterImpl-a41765e9-c865-4d80-80ca-6b3b2a408ddc/datanode-2/meta/datanode.id
2019-10-03 02:04:17,262 [main] INFO  ozone.MiniOzoneClusterImpl (MiniOzoneClusterImpl.java:lambda$waitForClusterToBeReady$0(147)) - Waiting for cluster to be ready. Got 0 of 3 DN Heartbeats.
2019-10-03 02:04:18,128 [Datanode State Machine Thread - 0] INFO  ozoneimpl.OzoneContainer (OzoneContainer.java:start(217)) - Attempting to start container services.
2019-10-03 02:04:18,128 [Datanode State Machine Thread - 0] INFO  ozoneimpl.OzoneContainer (OzoneContainer.java:startContainerScrub(179)) - Background container scanner has been disabled.
2019-10-03 02:04:18,129 [Datanode State Machine Thread - 0] INFO  ratis.XceiverServerRatis (XceiverServerRatis.java:start(417)) - Starting XceiverServerRatis dd7f0777-75a0-431b-a23b-b6febf7a0929 at port 0
2019-10-03 02:04:18,137 [Datanode State Machine Thread - 0] INFO  impl.RaftServerProxy (RaftServerProxy.java:lambda$start$3(299)) - dd7f0777-75a0-431b-a23b-b6febf7a0929: start RPC server
2019-10-03 02:04:18,141 [Datanode State Machine Thread - 0] INFO  server.GrpcService (GrpcService.java:startImpl(158)) - dd7f0777-75a0-431b-a23b-b6febf7a0929: GrpcService started, listening on 0.0.0.0/0.0.0.0:33163
2019-10-03 02:04:18,141 [Datanode State Machine Thread - 0] INFO  ratis.XceiverServerRatis (XceiverServerRatis.java:start(427)) - XceiverServerRatis dd7f0777-75a0-431b-a23b-b6febf7a0929 is started using port 33163
2019-10-03 02:04:18,142 [Datanode State Machine Thread - 0] INFO  server.XceiverServerGrpc (XceiverServerGrpc.java:start(149)) - XceiverServerGrpc dd7f0777-75a0-431b-a23b-b6febf7a0929 is started using port 45805
2019-10-03 02:04:18,206 [Datanode State Machine Thread - 0] INFO  ozoneimpl.OzoneContainer (OzoneContainer.java:start(217)) - Attempting to start container services.
2019-10-03 02:04:18,206 [Datanode State Machine Thread - 0] INFO  ozoneimpl.OzoneContainer (OzoneContainer.java:startContainerScrub(179)) - Background container scanner has been disabled.
2019-10-03 02:04:18,206 [Datanode State Machine Thread - 0] INFO  ratis.XceiverServerRatis (XceiverServerRatis.java:start(417)) - Starting XceiverServerRatis fde721fe-1e55-4be1-a279-5e2713e8ef2a at port 0
2019-10-03 02:04:18,211 [Datanode State Machine Thread - 0] INFO  impl.RaftServerProxy (RaftServerProxy.java:lambda$start$3(299)) - fde721fe-1e55-4be1-a279-5e2713e8ef2a: start RPC server
2019-10-03 02:04:18,214 [Datanode State Machine Thread - 0] INFO  server.GrpcService (GrpcService.java:startImpl(158)) - fde721fe-1e55-4be1-a279-5e2713e8ef2a: GrpcService started, listening on 0.0.0.0/0.0.0.0:36896
2019-10-03 02:04:18,214 [Datanode State Machine Thread - 0] INFO  ratis.XceiverServerRatis (XceiverServerRatis.java:start(427)) - XceiverServerRatis fde721fe-1e55-4be1-a279-5e2713e8ef2a is started using port 36896
2019-10-03 02:04:18,215 [Datanode State Machine Thread - 0] INFO  server.XceiverServerGrpc (XceiverServerGrpc.java:start(149)) - XceiverServerGrpc fde721fe-1e55-4be1-a279-5e2713e8ef2a is started using port 41737
2019-10-03 02:04:18,263 [main] INFO  ozone.MiniOzoneClusterImpl (MiniOzoneClusterImpl.java:lambda$waitForClusterToBeReady$0(147)) - Waiting for cluster to be ready. Got 0 of 3 DN Heartbeats.
2019-10-03 02:04:18,280 [Datanode State Machine Thread - 0] INFO  ozoneimpl.OzoneContainer (OzoneContainer.java:start(217)) - Attempting to start container services.
2019-10-03 02:04:18,282 [Datanode State Machine Thread - 0] INFO  ozoneimpl.OzoneContainer (OzoneContainer.java:startContainerScrub(179)) - Background container scanner has been disabled.
2019-10-03 02:04:18,282 [Datanode State Machine Thread - 0] INFO  ratis.XceiverServerRatis (XceiverServerRatis.java:start(417)) - Starting XceiverServerRatis 0570c563-9bd0-4444-8987-40c1028d525b at port 0
2019-10-03 02:04:18,288 [Datanode State Machine Thread - 0] INFO  impl.RaftServerProxy (RaftServerProxy.java:lambda$start$3(299)) - 0570c563-9bd0-4444-8987-40c1028d525b: start RPC server
2019-10-03 02:04:18,290 [Datanode State Machine Thread - 0] INFO  server.GrpcService (GrpcService.java:startImpl(158)) - 0570c563-9bd0-4444-8987-40c1028d525b: GrpcService started, listening on 0.0.0.0/0.0.0.0:46542
2019-10-03 02:04:18,290 [Datanode State Machine Thread - 0] INFO  ratis.XceiverServerRatis (XceiverServerRatis.java:start(427)) - XceiverServerRatis 0570c563-9bd0-4444-8987-40c1028d525b is started using port 46542
2019-10-03 02:04:18,292 [Datanode State Machine Thread - 0] INFO  server.XceiverServerGrpc (XceiverServerGrpc.java:start(149)) - XceiverServerGrpc 0570c563-9bd0-4444-8987-40c1028d525b is started using port 40494
2019-10-03 02:04:19,263 [main] INFO  ozone.MiniOzoneClusterImpl (MiniOzoneClusterImpl.java:lambda$waitForClusterToBeReady$0(147)) - Waiting for cluster to be ready. Got 0 of 3 DN Heartbeats.
2019-10-03 02:04:20,115 [IPC Server handler 2 on 46472] INFO  net.NetworkTopology (NetworkTopologyImpl.java:add(111)) - Added a new node: /default-rack/dd7f0777-75a0-431b-a23b-b6febf7a0929
2019-10-03 02:04:20,117 [IPC Server handler 2 on 46472] INFO  node.SCMNodeManager (SCMNodeManager.java:register(266)) - Registered Data node : dd7f0777-75a0-431b-a23b-b6febf7a0929{ip: 192.168.164.205, host: pr-hdds-1737-89jld-2007629010, networkLocation: /default-rack, certSerialId: null}
2019-10-03 02:04:20,118 [EventQueue-NodeRegistrationContainerReportForDataNodeSafeModeRule] INFO  safemode.SCMSafeModeManager (DataNodeSafeModeRule.java:process(71)) - SCM in safe mode. 1 DataNodes registered, 1 required.
2019-10-03 02:04:20,120 [EventQueue-NodeRegistrationContainerReportForContainerSafeModeRule] INFO  safemode.SCMSafeModeManager (SCMSafeModeManager.java:validateSafeModeExitRules(177)) - ScmSafeModeManager, all rules are successfully validated
2019-10-03 02:04:20,120 [EventQueue-NodeRegistrationContainerReportForContainerSafeModeRule] INFO  safemode.SCMSafeModeManager (SCMSafeModeManager.java:exitSafeMode(193)) - SCM exiting safe mode.
2019-10-03 02:04:20,149 [grpc-default-executor-0] INFO  impl.RaftServerProxy (RaftServerProxy.java:addNew(89)) - dd7f0777-75a0-431b-a23b-b6febf7a0929: addNew group-84397271EC62:[dd7f0777-75a0-431b-a23b-b6febf7a0929:192.168.164.205:33163] returns group-84397271EC62:java.util.concurrent.CompletableFuture@3fff8a98[Not completed]
2019-10-03 02:04:20,154 [pool-77-thread-1] INFO  impl.RaftServerImpl (RaftServerImpl.java:<init>(95)) - dd7f0777-75a0-431b-a23b-b6febf7a0929: new RaftServerImpl for group-84397271EC62:[dd7f0777-75a0-431b-a23b-b6febf7a0929:192.168.164.205:33163] with ContainerStateMachine:uninitialized
2019-10-03 02:04:20,154 [pool-77-thread-1] INFO  server.RaftServerConfigKeys (ConfUtils.java:logGet(43)) - raft.server.rpc.timeout.min = 5s (custom)
2019-10-03 02:04:20,154 [pool-77-thread-1] INFO  server.RaftServerConfigKeys (ConfUtils.java:logGet(43)) - raft.server.rpc.timeout.max = 5200ms (custom)
2019-10-03 02:04:20,155 [pool-77-thread-1] INFO  server.RaftServerConfigKeys (ConfUtils.java:logGet(43)) - raft.server.rpcslowness.timeout = 120s (custom)
2019-10-03 02:04:20,155 [pool-77-thread-1] INFO  server.RaftServerConfigKeys (ConfUtils.java:logGet(43)) - raft.server.sleep.deviation.threshold = 300 (default)
2019-10-03 02:04:20,155 [pool-77-thread-1] INFO  server.RaftServerConfigKeys (ConfUtils.java:logGet(43)) - raft.server.log.appender.install.snapshot.enabled = false (custom)
2019-10-03 02:04:20,155 [pool-77-thread-1] INFO  impl.RaftServerImpl (ServerState.java:<init>(103)) - dd7f0777-75a0-431b-a23b-b6febf7a0929@group-84397271EC62: ConfigurationManager, init=-1: [dd7f0777-75a0-431b-a23b-b6febf7a0929:192.168.164.205:33163], old=null, confs=<EMPTY_MAP>
2019-10-03 02:04:20,155 [pool-77-thread-1] INFO  server.RaftServerConfigKeys (ConfUtils.java:logGet(43)) - raft.server.storage.dir = [/workdir/hadoop-ozone/ozonefs/target/test-dir/MiniOzoneClusterImpl-a41765e9-c865-4d80-80ca-6b3b2a408ddc/datanode-0/data/ratis] (custom)
2019-10-03 02:04:20,155 [pool-77-thread-1] INFO  server.RaftServerConfigKeys (ConfUtils.java:logGet(43)) - raft.server.log.corruption.policy = EXCEPTION (default)
2019-10-03 02:04:20,156 [pool-77-thread-1] INFO  storage.RaftStorageDirectory (RaftStorageDirectory.java:analyzeStorage(246)) - The storage directory /workdir/hadoop-ozone/ozonefs/target/test-dir/MiniOzoneClusterImpl-a41765e9-c865-4d80-80ca-6b3b2a408ddc/datanode-0/data/ratis/4769855f-65af-479c-9766-84397271ec62 does not exist. Creating ...
2019-10-03 02:04:20,169 [pool-77-thread-1] INFO  storage.RaftStorageDirectory (RaftStorageDirectory.java:tryLock(328)) - Lock on /workdir/hadoop-ozone/ozonefs/target/test-dir/MiniOzoneClusterImpl-a41765e9-c865-4d80-80ca-6b3b2a408ddc/datanode-0/data/ratis/4769855f-65af-479c-9766-84397271ec62/in_use.lock acquired by nodename 19677@pr-hdds-1737-89jld-2007629010
2019-10-03 02:04:20,182 [pool-77-thread-1] INFO  storage.RaftStorage (RaftStorage.java:format(84)) - Storage directory /workdir/hadoop-ozone/ozonefs/target/test-dir/MiniOzoneClusterImpl-a41765e9-c865-4d80-80ca-6b3b2a408ddc/datanode-0/data/ratis/4769855f-65af-479c-9766-84397271ec62 has been successfully formatted.
2019-10-03 02:04:20,182 [pool-77-thread-1] INFO  ratis.ContainerStateMachine (ContainerStateMachine.java:loadSnapshot(230)) - group-84397271EC62: The snapshot info is null. Setting the last applied indexto:(t:0, i:~)
2019-10-03 02:04:20,183 [pool-77-thread-1] INFO  server.RaftServerConfigKeys (ConfUtils.java:logGet(43)) - raft.server.notification.no-leader.timeout = 120s (custom)
2019-10-03 02:04:20,183 [pool-77-thread-1] INFO  server.RaftServerConfigKeys (ConfUtils.java:logGet(43)) - raft.server.log.use.memory = false (default)
2019-10-03 02:04:20,183 [pool-77-thread-1] INFO  server.RaftServerConfigKeys (ConfUtils.java:logGet(43)) - raft.server.log.purge.gap = 1000000 (custom)
2019-10-03 02:04:20,183 [pool-77-thread-1] INFO  server.RaftServerConfigKeys (ConfUtils.java:logGet(43)) - raft.server.log.appender.buffer.byte-limit = 33554432 (custom)
2019-10-03 02:04:20,183 [pool-77-thread-1] INFO  server.RaftServerConfigKeys (ConfUtils.java:logGet(43)) - raft.server.log.segment.size.max = 1048576 (custom)
2019-10-03 02:04:20,186 [pool-77-thread-1] INFO  server.RaftServerConfigKeys (ConfUtils.java:logGet(43)) - raft.server.log.segment.cache.num.max = 2 (custom)
2019-10-03 02:04:20,186 [pool-77-thread-1] INFO  segmented.SegmentedRaftLogWorker (SegmentedRaftLogWorker.java:<init>(173)) - new dd7f0777-75a0-431b-a23b-b6febf7a0929@group-84397271EC62-SegmentedRaftLogWorker for RaftStorage:Storage Directory /workdir/hadoop-ozone/ozonefs/target/test-dir/MiniOzoneClusterImpl-a41765e9-c865-4d80-80ca-6b3b2a408ddc/datanode-0/data/ratis/4769855f-65af-479c-9766-84397271ec62
2019-10-03 02:04:20,186 [pool-77-thread-1] INFO  server.RaftServerConfigKeys (ConfUtils.java:logGet(43)) - raft.server.log.queue.byte-limit = 2147483647 (custom)
2019-10-03 02:04:20,186 [pool-77-thread-1] INFO  server.RaftServerConfigKeys (ConfUtils.java:logGet(43)) - raft.server.log.queue.element-limit = 1024 (custom)
2019-10-03 02:04:20,186 [pool-77-thread-1] INFO  server.RaftServerConfigKeys (ConfUtils.java:logGet(43)) - raft.server.log.segment.size.max = 1048576 (custom)
2019-10-03 02:04:20,186 [pool-77-thread-1] INFO  server.RaftServerConfigKeys (ConfUtils.java:logGet(43)) - raft.server.log.preallocated.size = 16384 (custom)
2019-10-03 02:04:20,186 [pool-77-thread-1] INFO  server.RaftServerConfigKeys (ConfUtils.java:logGet(43)) - raft.server.log.write.buffer.size = 33554432 (custom)
2019-10-03 02:04:20,186 [pool-77-thread-1] INFO  server.RaftServerConfigKeys (ConfUtils.java:logGet(43)) - raft.server.log.force.sync.num = 128 (default)
2019-10-03 02:04:20,187 [pool-77-thread-1] INFO  server.RaftServerConfigKeys (ConfUtils.java:logGet(43)) - raft.server.log.statemachine.data.sync = true (default)
2019-10-03 02:04:20,187 [pool-77-thread-1] INFO  server.RaftServerConfigKeys (ConfUtils.java:logGet(43)) - raft.server.log.statemachine.data.sync.timeout = 10s (default)
2019-10-03 02:04:20,187 [pool-77-thread-1] INFO  server.RaftServerConfigKeys (ConfUtils.java:logGet(43)) - raft.server.log.statemachine.data.sync.timeout.retry = -1 (default)
2019-10-03 02:04:20,187 [pool-77-thread-1] INFO  server.RaftServerConfigKeys (ConfUtils.java:logGet(43)) - raft.server.log.statemachine.data.caching.enabled = true (custom)
2019-10-03 02:04:20,188 [pool-77-thread-1] INFO  segmented.SegmentedRaftLogWorker (SegmentedRaftLogWorker.java:lambda$new$0(128)) - dd7f0777-75a0-431b-a23b-b6febf7a0929@group-84397271EC62-SegmentedRaftLogWorker: flushIndex: setUnconditionally 0 -> -1
2019-10-03 02:04:20,188 [pool-77-thread-1] INFO  server.RaftServerConfigKeys (ConfUtils.java:logGet(43)) - raft.server.snapshot.auto.trigger.enabled = true (custom)
2019-10-03 02:04:20,188 [pool-77-thread-1] INFO  server.RaftServerConfigKeys (ConfUtils.java:logGet(43)) - raft.server.snapshot.auto.trigger.threshold = 10000 (custom)
2019-10-03 02:04:20,188 [pool-77-thread-1] INFO  server.RaftServerConfigKeys (ConfUtils.java:logGet(43)) - raft.server.snapshot.retention.file.num = 5 (custom)
2019-10-03 02:04:20,189 [pool-77-thread-1] INFO  server.RaftServerConfigKeys (ConfUtils.java:logGet(43)) - raft.server.retrycache.expirytime = 600000ms (custom)
2019-10-03 02:04:20,192 [pool-77-thread-1] INFO  impl.RaftServerImpl (RaftServerImpl.java:start(181)) - dd7f0777-75a0-431b-a23b-b6febf7a0929@group-84397271EC62: start as a follower, conf=-1: [dd7f0777-75a0-431b-a23b-b6febf7a0929:192.168.164.205:33163], old=null
2019-10-03 02:04:20,192 [pool-77-thread-1] INFO  impl.RaftServerImpl (RaftServerImpl.java:setRole(170)) - dd7f0777-75a0-431b-a23b-b6febf7a0929@group-84397271EC62: changes role from      null to FOLLOWER at term 0 for startAsFollower
2019-10-03 02:04:20,192 [pool-77-thread-1] INFO  impl.RoleInfo (RoleInfo.java:updateAndGet(143)) - dd7f0777-75a0-431b-a23b-b6febf7a0929: start FollowerState
2019-10-03 02:04:20,193 [IPC Server handler 0 on 46472] INFO  net.NetworkTopology (NetworkTopologyImpl.java:add(111)) - Added a new node: /default-rack/fde721fe-1e55-4be1-a279-5e2713e8ef2a
2019-10-03 02:04:20,193 [pool-77-thread-1] INFO  util.JmxRegister (JmxRegister.java:tryRegister(44)) - Successfully registered JMX Bean with object name Ratis:service=RaftServer,group=group-84397271EC62,id=dd7f0777-75a0-431b-a23b-b6febf7a0929
2019-10-03 02:04:20,193 [IPC Server handler 0 on 46472] INFO  node.SCMNodeManager (SCMNodeManager.java:register(266)) - Registered Data node : fde721fe-1e55-4be1-a279-5e2713e8ef2a{ip: 192.168.164.205, host: pr-hdds-1737-89jld-2007629010, networkLocation: /default-rack, certSerialId: null}
2019-10-03 02:04:20,211 [RatisPipelineUtilsThread] INFO  pipeline.PipelineStateManager (PipelineStateManager.java:addPipeline(56)) - Created pipeline Pipeline[ Id: 4769855f-65af-479c-9766-84397271ec62, Nodes: dd7f0777-75a0-431b-a23b-b6febf7a0929{ip: 192.168.164.205, host: pr-hdds-1737-89jld-2007629010, networkLocation: /default-rack, certSerialId: null}, Type:RATIS, Factor:ONE, State:OPEN]
2019-10-03 02:04:20,227 [grpc-default-executor-0] INFO  impl.RaftServerProxy (RaftServerProxy.java:addNew(89)) - fde721fe-1e55-4be1-a279-5e2713e8ef2a: addNew group-72E0E1A035D3:[fde721fe-1e55-4be1-a279-5e2713e8ef2a:192.168.164.205:36896] returns group-72E0E1A035D3:java.util.concurrent.CompletableFuture@1c389782[Not completed]
2019-10-03 02:04:20,231 [pool-87-thread-1] INFO  impl.RaftServerImpl (RaftServerImpl.java:<init>(95)) - fde721fe-1e55-4be1-a279-5e2713e8ef2a: new RaftServerImpl for group-72E0E1A035D3:[fde721fe-1e55-4be1-a279-5e2713e8ef2a:192.168.164.205:36896] with ContainerStateMachine:uninitialized
2019-10-03 02:04:20,231 [pool-87-thread-1] INFO  server.RaftServerConfigKeys (ConfUtils.java:logGet(43)) - raft.server.rpc.timeout.min = 5s (custom)
2019-10-03 02:04:20,232 [pool-87-thread-1] INFO  server.RaftServerConfigKeys (ConfUtils.java:logGet(43)) - raft.server.rpc.timeout.max = 5200ms (custom)
2019-10-03 02:04:20,232 [pool-87-thread-1] INFO  server.RaftServerConfigKeys (ConfUtils.java:logGet(43)) - raft.server.rpcslowness.timeout = 120s (custom)
2019-10-03 02:04:20,232 [pool-87-thread-1] INFO  server.RaftServerConfigKeys (ConfUtils.java:logGet(43)) - raft.server.sleep.deviation.threshold = 300 (default)
2019-10-03 02:04:20,232 [pool-87-thread-1] INFO  server.RaftServerConfigKeys (ConfUtils.java:logGet(43)) - raft.server.log.appender.install.snapshot.enabled = false (custom)
2019-10-03 02:04:20,233 [pool-87-thread-1] INFO  impl.RaftServerImpl (ServerState.java:<init>(103)) - fde721fe-1e55-4be1-a279-5e2713e8ef2a@group-72E0E1A035D3: ConfigurationManager, init=-1: [fde721fe-1e55-4be1-a279-5e2713e8ef2a:192.168.164.205:36896], old=null, confs=<EMPTY_MAP>
2019-10-03 02:04:20,233 [pool-87-thread-1] INFO  server.RaftServerConfigKeys (ConfUtils.java:logGet(43)) - raft.server.storage.dir = [/workdir/hadoop-ozone/ozonefs/target/test-dir/MiniOzoneClusterImpl-a41765e9-c865-4d80-80ca-6b3b2a408ddc/datanode-1/data/ratis] (custom)
2019-10-03 02:04:20,233 [pool-87-thread-1] INFO  server.RaftServerConfigKeys (ConfUtils.java:logGet(43)) - raft.server.log.corruption.policy = EXCEPTION (default)
2019-10-03 02:04:20,234 [pool-87-thread-1] INFO  storage.RaftStorageDirectory (RaftStorageDirectory.java:analyzeStorage(246)) - The storage directory /workdir/hadoop-ozone/ozonefs/target/test-dir/MiniOzoneClusterImpl-a41765e9-c865-4d80-80ca-6b3b2a408ddc/datanode-1/data/ratis/72d7f617-dbd8-48d9-bc3c-72e0e1a035d3 does not exist. Creating ...
2019-10-03 02:04:20,248 [pool-87-thread-1] INFO  storage.RaftStorageDirectory (RaftStorageDirectory.java:tryLock(328)) - Lock on /workdir/hadoop-ozone/ozonefs/target/test-dir/MiniOzoneClusterImpl-a41765e9-c865-4d80-80ca-6b3b2a408ddc/datanode-1/data/ratis/72d7f617-dbd8-48d9-bc3c-72e0e1a035d3/in_use.lock acquired by nodename 19677@pr-hdds-1737-89jld-2007629010
2019-10-03 02:04:20,262 [pool-87-thread-1] INFO  storage.RaftStorage (RaftStorage.java:format(84)) - Storage directory /workdir/hadoop-ozone/ozonefs/target/test-dir/MiniOzoneClusterImpl-a41765e9-c865-4d80-80ca-6b3b2a408ddc/datanode-1/data/ratis/72d7f617-dbd8-48d9-bc3c-72e0e1a035d3 has been successfully formatted.
2019-10-03 02:04:20,263 [pool-87-thread-1] INFO  ratis.ContainerStateMachine (ContainerStateMachine.java:loadSnapshot(230)) - group-72E0E1A035D3: The snapshot info is null. Setting the last applied indexto:(t:0, i:~)
2019-10-03 02:04:20,263 [pool-87-thread-1] INFO  server.RaftServerConfigKeys (ConfUtils.java:logGet(43)) - raft.server.notification.no-leader.timeout = 120s (custom)
2019-10-03 02:04:20,263 [pool-87-thread-1] INFO  server.RaftServerConfigKeys (ConfUtils.java:logGet(43)) - raft.server.log.use.memory = false (default)
2019-10-03 02:04:20,264 [pool-87-thread-1] INFO  server.RaftServerConfigKeys (ConfUtils.java:logGet(43)) - raft.server.log.purge.gap = 1000000 (custom)
2019-10-03 02:04:20,264 [main] INFO  ozone.MiniOzoneClusterImpl (MiniOzoneClusterImpl.java:lambda$waitForClusterToBeReady$0(147)) - Waiting for cluster to be ready. Got 2 of 3 DN Heartbeats.
2019-10-03 02:04:20,264 [pool-87-thread-1] INFO  server.RaftServerConfigKeys (ConfUtils.java:logGet(43)) - raft.server.log.appender.buffer.byte-limit = 33554432 (custom)
2019-10-03 02:04:20,266 [pool-87-thread-1] INFO  server.RaftServerConfigKeys (ConfUtils.java:logGet(43)) - raft.server.log.segment.size.max = 1048576 (custom)
2019-10-03 02:04:20,267 [IPC Server handler 1 on 46472] INFO  net.NetworkTopology (NetworkTopologyImpl.java:add(111)) - Added a new node: /default-rack/0570c563-9bd0-4444-8987-40c1028d525b
2019-10-03 02:04:20,267 [IPC Server handler 1 on 46472] INFO  node.SCMNodeManager (SCMNodeManager.java:register(266)) - Registered Data node : 0570c563-9bd0-4444-8987-40c1028d525b{ip: 192.168.164.205, host: pr-hdds-1737-89jld-2007629010, networkLocation: /default-rack, certSerialId: null}
2019-10-03 02:04:20,270 [pool-87-thread-1] INFO  server.RaftServerConfigKeys (ConfUtils.java:logGet(43)) - raft.server.log.segment.cache.num.max = 2 (custom)
2019-10-03 02:04:20,270 [pool-87-thread-1] INFO  segmented.SegmentedRaftLogWorker (SegmentedRaftLogWorker.java:<init>(173)) - new fde721fe-1e55-4be1-a279-5e2713e8ef2a@group-72E0E1A035D3-SegmentedRaftLogWorker for RaftStorage:Storage Directory /workdir/hadoop-ozone/ozonefs/target/test-dir/MiniOzoneClusterImpl-a41765e9-c865-4d80-80ca-6b3b2a408ddc/datanode-1/data/ratis/72d7f617-dbd8-48d9-bc3c-72e0e1a035d3
2019-10-03 02:04:20,270 [pool-87-thread-1] INFO  server.RaftServerConfigKeys (ConfUtils.java:logGet(43)) - raft.server.log.queue.byte-limit = 2147483647 (custom)
2019-10-03 02:04:20,270 [pool-87-thread-1] INFO  server.RaftServerConfigKeys (ConfUtils.java:logGet(43)) - raft.server.log.queue.element-limit = 1024 (custom)
2019-10-03 02:04:20,270 [pool-87-thread-1] INFO  server.RaftServerConfigKeys (ConfUtils.java:logGet(43)) - raft.server.log.segment.size.max = 1048576 (custom)
2019-10-03 02:04:20,270 [pool-87-thread-1] INFO  server.RaftServerConfigKeys (ConfUtils.java:logGet(43)) - raft.server.log.preallocated.size = 16384 (custom)
2019-10-03 02:04:20,270 [pool-87-thread-1] INFO  server.RaftServerConfigKeys (ConfUtils.java:logGet(43)) - raft.server.log.write.buffer.size = 33554432 (custom)
2019-10-03 02:04:20,270 [pool-87-thread-1] INFO  server.RaftServerConfigKeys (ConfUtils.java:logGet(43)) - raft.server.log.force.sync.num = 128 (default)
2019-10-03 02:04:20,271 [pool-87-thread-1] INFO  server.RaftServerConfigKeys (ConfUtils.java:logGet(43)) - raft.server.log.statemachine.data.sync = true (default)
2019-10-03 02:04:20,271 [pool-87-thread-1] INFO  server.RaftServerConfigKeys (ConfUtils.java:logGet(43)) - raft.server.log.statemachine.data.sync.timeout = 10s (default)
2019-10-03 02:04:20,271 [pool-87-thread-1] INFO  server.RaftServerConfigKeys (ConfUtils.java:logGet(43)) - raft.server.log.statemachine.data.sync.timeout.retry = -1 (default)
2019-10-03 02:04:20,272 [pool-87-thread-1] INFO  server.RaftServerConfigKeys (ConfUtils.java:logGet(43)) - raft.server.log.statemachine.data.caching.enabled = true (custom)
2019-10-03 02:04:20,272 [pool-87-thread-1] INFO  segmented.SegmentedRaftLogWorker (SegmentedRaftLogWorker.java:lambda$new$0(128)) - fde721fe-1e55-4be1-a279-5e2713e8ef2a@group-72E0E1A035D3-SegmentedRaftLogWorker: flushIndex: setUnconditionally 0 -> -1
2019-10-03 02:04:20,272 [pool-87-thread-1] INFO  server.RaftServerConfigKeys (ConfUtils.java:logGet(43)) - raft.server.snapshot.auto.trigger.enabled = true (custom)
2019-10-03 02:04:20,272 [pool-87-thread-1] INFO  server.RaftServerConfigKeys (ConfUtils.java:logGet(43)) - raft.server.snapshot.auto.trigger.threshold = 10000 (custom)
2019-10-03 02:04:20,273 [pool-87-thread-1] INFO  server.RaftServerConfigKeys (ConfUtils.java:logGet(43)) - raft.server.snapshot.retention.file.num = 5 (custom)
2019-10-03 02:04:20,273 [pool-87-thread-1] INFO  server.RaftServerConfigKeys (ConfUtils.java:logGet(43)) - raft.server.retrycache.expirytime = 600000ms (custom)
2019-10-03 02:04:20,275 [pool-87-thread-1] INFO  impl.RaftServerImpl (RaftServerImpl.java:start(181)) - fde721fe-1e55-4be1-a279-5e2713e8ef2a@group-72E0E1A035D3: start as a follower, conf=-1: [fde721fe-1e55-4be1-a279-5e2713e8ef2a:192.168.164.205:36896], old=null
2019-10-03 02:04:20,275 [pool-87-thread-1] INFO  impl.RaftServerImpl (RaftServerImpl.java:setRole(170)) - fde721fe-1e55-4be1-a279-5e2713e8ef2a@group-72E0E1A035D3: changes role from      null to FOLLOWER at term 0 for startAsFollower
2019-10-03 02:04:20,275 [pool-87-thread-1] INFO  impl.RoleInfo (RoleInfo.java:updateAndGet(143)) - fde721fe-1e55-4be1-a279-5e2713e8ef2a: start FollowerState
2019-10-03 02:04:20,276 [pool-87-thread-1] INFO  util.JmxRegister (JmxRegister.java:tryRegister(44)) - Successfully registered JMX Bean with object name Ratis:service=RaftServer,group=group-72E0E1A035D3,id=fde721fe-1e55-4be1-a279-5e2713e8ef2a
2019-10-03 02:04:20,287 [RatisPipelineUtilsThread] INFO  pipeline.PipelineStateManager (PipelineStateManager.java:addPipeline(56)) - Created pipeline Pipeline[ Id: 72d7f617-dbd8-48d9-bc3c-72e0e1a035d3, Nodes: fde721fe-1e55-4be1-a279-5e2713e8ef2a{ip: 192.168.164.205, host: pr-hdds-1737-89jld-2007629010, networkLocation: /default-rack, certSerialId: null}, Type:RATIS, Factor:ONE, State:OPEN]
2019-10-03 02:04:20,304 [grpc-default-executor-0] INFO  impl.RaftServerProxy (RaftServerProxy.java:addNew(89)) - 0570c563-9bd0-4444-8987-40c1028d525b: addNew group-175027A532A8:[0570c563-9bd0-4444-8987-40c1028d525b:192.168.164.205:46542] returns group-175027A532A8:java.util.concurrent.CompletableFuture@5f60e5ba[Not completed]
2019-10-03 02:04:20,306 [pool-97-thread-1] INFO  impl.RaftServerImpl (RaftServerImpl.java:<init>(95)) - 0570c563-9bd0-4444-8987-40c1028d525b: new RaftServerImpl for group-175027A532A8:[0570c563-9bd0-4444-8987-40c1028d525b:192.168.164.205:46542] with ContainerStateMachine:uninitialized
2019-10-03 02:04:20,308 [pool-97-thread-1] INFO  server.RaftServerConfigKeys (ConfUtils.java:logGet(43)) - raft.server.rpc.timeout.min = 5s (custom)
2019-10-03 02:04:20,308 [pool-97-thread-1] INFO  server.RaftServerConfigKeys (ConfUtils.java:logGet(43)) - raft.server.rpc.timeout.max = 5200ms (custom)
2019-10-03 02:04:20,308 [pool-97-thread-1] INFO  server.RaftServerConfigKeys (ConfUtils.java:logGet(43)) - raft.server.rpcslowness.timeout = 120s (custom)
2019-10-03 02:04:20,308 [pool-97-thread-1] INFO  server.RaftServerConfigKeys (ConfUtils.java:logGet(43)) - raft.server.sleep.deviation.threshold = 300 (default)
2019-10-03 02:04:20,308 [pool-97-thread-1] INFO  server.RaftServerConfigKeys (ConfUtils.java:logGet(43)) - raft.server.log.appender.install.snapshot.enabled = false (custom)
2019-10-03 02:04:20,309 [pool-97-thread-1] INFO  impl.RaftServerImpl (ServerState.java:<init>(103)) - 0570c563-9bd0-4444-8987-40c1028d525b@group-175027A532A8: ConfigurationManager, init=-1: [0570c563-9bd0-4444-8987-40c1028d525b:192.168.164.205:46542], old=null, confs=<EMPTY_MAP>
2019-10-03 02:04:20,309 [pool-97-thread-1] INFO  server.RaftServerConfigKeys (ConfUtils.java:logGet(43)) - raft.server.storage.dir = [/workdir/hadoop-ozone/ozonefs/target/test-dir/MiniOzoneClusterImpl-a41765e9-c865-4d80-80ca-6b3b2a408ddc/datanode-2/data/ratis] (custom)
2019-10-03 02:04:20,309 [pool-97-thread-1] INFO  server.RaftServerConfigKeys (ConfUtils.java:logGet(43)) - raft.server.log.corruption.policy = EXCEPTION (default)
2019-10-03 02:04:20,310 [pool-97-thread-1] INFO  storage.RaftStorageDirectory (RaftStorageDirectory.java:analyzeStorage(246)) - The storage directory /workdir/hadoop-ozone/ozonefs/target/test-dir/MiniOzoneClusterImpl-a41765e9-c865-4d80-80ca-6b3b2a408ddc/datanode-2/data/ratis/6f248627-9344-4677-ac99-175027a532a8 does not exist. Creating ...
2019-10-03 02:04:20,322 [pool-97-thread-1] INFO  storage.RaftStorageDirectory (RaftStorageDirectory.java:tryLock(328)) - Lock on /workdir/hadoop-ozone/ozonefs/target/test-dir/MiniOzoneClusterImpl-a41765e9-c865-4d80-80ca-6b3b2a408ddc/datanode-2/data/ratis/6f248627-9344-4677-ac99-175027a532a8/in_use.lock acquired by nodename 19677@pr-hdds-1737-89jld-2007629010
2019-10-03 02:04:20,334 [pool-97-thread-1] INFO  storage.RaftStorage (RaftStorage.java:format(84)) - Storage directory /workdir/hadoop-ozone/ozonefs/target/test-dir/MiniOzoneClusterImpl-a41765e9-c865-4d80-80ca-6b3b2a408ddc/datanode-2/data/ratis/6f248627-9344-4677-ac99-175027a532a8 has been successfully formatted.
2019-10-03 02:04:20,335 [pool-97-thread-1] INFO  ratis.ContainerStateMachine (ContainerStateMachine.java:loadSnapshot(230)) - group-175027A532A8: The snapshot info is null. Setting the last applied indexto:(t:0, i:~)
2019-10-03 02:04:20,335 [pool-97-thread-1] INFO  server.RaftServerConfigKeys (ConfUtils.java:logGet(43)) - raft.server.notification.no-leader.timeout = 120s (custom)
2019-10-03 02:04:20,335 [pool-97-thread-1] INFO  server.RaftServerConfigKeys (ConfUtils.java:logGet(43)) - raft.server.log.use.memory = false (default)
2019-10-03 02:04:20,335 [pool-97-thread-1] INFO  server.RaftServerConfigKeys (ConfUtils.java:logGet(43)) - raft.server.log.purge.gap = 1000000 (custom)
2019-10-03 02:04:20,335 [pool-97-thread-1] INFO  server.RaftServerConfigKeys (ConfUtils.java:logGet(43)) - raft.server.log.appender.buffer.byte-limit = 33554432 (custom)
2019-10-03 02:04:20,336 [pool-97-thread-1] INFO  server.RaftServerConfigKeys (ConfUtils.java:logGet(43)) - raft.server.log.segment.size.max = 1048576 (custom)
2019-10-03 02:04:20,338 [pool-97-thread-1] INFO  server.RaftServerConfigKeys (ConfUtils.java:logGet(43)) - raft.server.log.segment.cache.num.max = 2 (custom)
2019-10-03 02:04:20,339 [pool-97-thread-1] INFO  segmented.SegmentedRaftLogWorker (SegmentedRaftLogWorker.java:<init>(173)) - new 0570c563-9bd0-4444-8987-40c1028d525b@group-175027A532A8-SegmentedRaftLogWorker for RaftStorage:Storage Directory /workdir/hadoop-ozone/ozonefs/target/test-dir/MiniOzoneClusterImpl-a41765e9-c865-4d80-80ca-6b3b2a408ddc/datanode-2/data/ratis/6f248627-9344-4677-ac99-175027a532a8
2019-10-03 02:04:20,339 [pool-97-thread-1] INFO  server.RaftServerConfigKeys (ConfUtils.java:logGet(43)) - raft.server.log.queue.byte-limit = 2147483647 (custom)
2019-10-03 02:04:20,339 [pool-97-thread-1] INFO  server.RaftServerConfigKeys (ConfUtils.java:logGet(43)) - raft.server.log.queue.element-limit = 1024 (custom)
2019-10-03 02:04:20,339 [pool-97-thread-1] INFO  server.RaftServerConfigKeys (ConfUtils.java:logGet(43)) - raft.server.log.segment.size.max = 1048576 (custom)
2019-10-03 02:04:20,339 [pool-97-thread-1] INFO  server.RaftServerConfigKeys (ConfUtils.java:logGet(43)) - raft.server.log.preallocated.size = 16384 (custom)
2019-10-03 02:04:20,339 [pool-97-thread-1] INFO  server.RaftServerConfigKeys (ConfUtils.java:logGet(43)) - raft.server.log.write.buffer.size = 33554432 (custom)
2019-10-03 02:04:20,340 [pool-97-thread-1] INFO  server.RaftServerConfigKeys (ConfUtils.java:logGet(43)) - raft.server.log.force.sync.num = 128 (default)
2019-10-03 02:04:20,340 [pool-97-thread-1] INFO  server.RaftServerConfigKeys (ConfUtils.java:logGet(43)) - raft.server.log.statemachine.data.sync = true (default)
2019-10-03 02:04:20,340 [pool-97-thread-1] INFO  server.RaftServerConfigKeys (ConfUtils.java:logGet(43)) - raft.server.log.statemachine.data.sync.timeout = 10s (default)
2019-10-03 02:04:20,340 [pool-97-thread-1] INFO  server.RaftServerConfigKeys (ConfUtils.java:logGet(43)) - raft.server.log.statemachine.data.sync.timeout.retry = -1 (default)
2019-10-03 02:04:20,341 [pool-97-thread-1] INFO  server.RaftServerConfigKeys (ConfUtils.java:logGet(43)) - raft.server.log.statemachine.data.caching.enabled = true (custom)
2019-10-03 02:04:20,341 [pool-97-thread-1] INFO  segmented.SegmentedRaftLogWorker (SegmentedRaftLogWorker.java:lambda$new$0(128)) - 0570c563-9bd0-4444-8987-40c1028d525b@group-175027A532A8-SegmentedRaftLogWorker: flushIndex: setUnconditionally 0 -> -1
2019-10-03 02:04:20,342 [pool-97-thread-1] INFO  server.RaftServerConfigKeys (ConfUtils.java:logGet(43)) - raft.server.snapshot.auto.trigger.enabled = true (custom)
2019-10-03 02:04:20,342 [pool-97-thread-1] INFO  server.RaftServerConfigKeys (ConfUtils.java:logGet(43)) - raft.server.snapshot.auto.trigger.threshold = 10000 (custom)
2019-10-03 02:04:20,342 [pool-97-thread-1] INFO  server.RaftServerConfigKeys (ConfUtils.java:logGet(43)) - raft.server.snapshot.retention.file.num = 5 (custom)
2019-10-03 02:04:20,342 [pool-97-thread-1] INFO  server.RaftServerConfigKeys (ConfUtils.java:logGet(43)) - raft.server.retrycache.expirytime = 600000ms (custom)
2019-10-03 02:04:20,345 [pool-97-thread-1] INFO  impl.RaftServerImpl (RaftServerImpl.java:start(181)) - 0570c563-9bd0-4444-8987-40c1028d525b@group-175027A532A8: start as a follower, conf=-1: [0570c563-9bd0-4444-8987-40c1028d525b:192.168.164.205:46542], old=null
2019-10-03 02:04:20,345 [pool-97-thread-1] INFO  impl.RaftServerImpl (RaftServerImpl.java:setRole(170)) - 0570c563-9bd0-4444-8987-40c1028d525b@group-175027A532A8: changes role from      null to FOLLOWER at term 0 for startAsFollower
2019-10-03 02:04:20,345 [pool-97-thread-1] INFO  impl.RoleInfo (RoleInfo.java:updateAndGet(143)) - 0570c563-9bd0-4444-8987-40c1028d525b: start FollowerState
2019-10-03 02:04:20,346 [pool-97-thread-1] INFO  util.JmxRegister (JmxRegister.java:tryRegister(44)) - Successfully registered JMX Bean with object name Ratis:service=RaftServer,group=group-175027A532A8,id=0570c563-9bd0-4444-8987-40c1028d525b
2019-10-03 02:04:20,357 [RatisPipelineUtilsThread] INFO  pipeline.PipelineStateManager (PipelineStateManager.java:addPipeline(56)) - Created pipeline Pipeline[ Id: 6f248627-9344-4677-ac99-175027a532a8, Nodes: 0570c563-9bd0-4444-8987-40c1028d525b{ip: 192.168.164.205, host: pr-hdds-1737-89jld-2007629010, networkLocation: /default-rack, certSerialId: null}, Type:RATIS, Factor:ONE, State:OPEN]
2019-10-03 02:04:20,391 [grpc-default-executor-2] INFO  impl.RaftServerProxy (RaftServerProxy.java:addNew(89)) - dd7f0777-75a0-431b-a23b-b6febf7a0929: addNew group-A217F4EDDE38:[0570c563-9bd0-4444-8987-40c1028d525b:192.168.164.205:46542, fde721fe-1e55-4be1-a279-5e2713e8ef2a:192.168.164.205:36896, dd7f0777-75a0-431b-a23b-b6febf7a0929:192.168.164.205:33163] returns group-A217F4EDDE38:java.util.concurrent.CompletableFuture@49f2f9db[Not completed]
2019-10-03 02:04:20,392 [pool-77-thread-1] INFO  impl.RaftServerImpl (RaftServerImpl.java:<init>(95)) - dd7f0777-75a0-431b-a23b-b6febf7a0929: new RaftServerImpl for group-A217F4EDDE38:[0570c563-9bd0-4444-8987-40c1028d525b:192.168.164.205:46542, fde721fe-1e55-4be1-a279-5e2713e8ef2a:192.168.164.205:36896, dd7f0777-75a0-431b-a23b-b6febf7a0929:192.168.164.205:33163] with ContainerStateMachine:uninitialized
2019-10-03 02:04:20,392 [pool-77-thread-1] INFO  server.RaftServerConfigKeys (ConfUtils.java:logGet(43)) - raft.server.rpc.timeout.min = 5s (custom)
2019-10-03 02:04:20,394 [pool-77-thread-1] INFO  server.RaftServerConfigKeys (ConfUtils.java:logGet(43)) - raft.server.rpc.timeout.max = 5200ms (custom)
2019-10-03 02:04:20,395 [pool-77-thread-1] INFO  server.RaftServerConfigKeys (ConfUtils.java:logGet(43)) - raft.server.rpcslowness.timeout = 120s (custom)
2019-10-03 02:04:20,395 [pool-77-thread-1] INFO  server.RaftServerConfigKeys (ConfUtils.java:logGet(43)) - raft.server.sleep.deviation.threshold = 300 (default)
2019-10-03 02:04:20,396 [pool-77-thread-1] INFO  server.RaftServerConfigKeys (ConfUtils.java:logGet(43)) - raft.server.log.appender.install.snapshot.enabled = false (custom)
2019-10-03 02:04:20,396 [grpc-default-executor-2] INFO  impl.RaftServerProxy (RaftServerProxy.java:addNew(89)) - fde721fe-1e55-4be1-a279-5e2713e8ef2a: addNew group-A217F4EDDE38:[0570c563-9bd0-4444-8987-40c1028d525b:192.168.164.205:46542, fde721fe-1e55-4be1-a279-5e2713e8ef2a:192.168.164.205:36896, dd7f0777-75a0-431b-a23b-b6febf7a0929:192.168.164.205:33163] returns group-A217F4EDDE38:java.util.concurrent.CompletableFuture@1b782a7e[Not completed]
2019-10-03 02:04:20,396 [pool-77-thread-1] INFO  impl.RaftServerImpl (ServerState.java:<init>(103)) - dd7f0777-75a0-431b-a23b-b6febf7a0929@group-A217F4EDDE38: ConfigurationManager, init=-1: [0570c563-9bd0-4444-8987-40c1028d525b:192.168.164.205:46542, fde721fe-1e55-4be1-a279-5e2713e8ef2a:192.168.164.205:36896, dd7f0777-75a0-431b-a23b-b6febf7a0929:192.168.164.205:33163], old=null, confs=<EMPTY_MAP>
2019-10-03 02:04:20,396 [grpc-default-executor-1] INFO  impl.RaftServerProxy (RaftServerProxy.java:addNew(89)) - 0570c563-9bd0-4444-8987-40c1028d525b: addNew group-A217F4EDDE38:[0570c563-9bd0-4444-8987-40c1028d525b:192.168.164.205:46542, fde721fe-1e55-4be1-a279-5e2713e8ef2a:192.168.164.205:36896, dd7f0777-75a0-431b-a23b-b6febf7a0929:192.168.164.205:33163] returns group-A217F4EDDE38:java.util.concurrent.CompletableFuture@7dce09a9[Not completed]
2019-10-03 02:04:20,396 [pool-77-thread-1] INFO  server.RaftServerConfigKeys (ConfUtils.java:logGet(43)) - raft.server.storage.dir = [/workdir/hadoop-ozone/ozonefs/target/test-dir/MiniOzoneClusterImpl-a41765e9-c865-4d80-80ca-6b3b2a408ddc/datanode-0/data/ratis] (custom)
2019-10-03 02:04:20,397 [pool-77-thread-1] INFO  server.RaftServerConfigKeys (ConfUtils.java:logGet(43)) - raft.server.log.corruption.policy = EXCEPTION (default)
2019-10-03 02:04:20,397 [pool-87-thread-1] INFO  impl.RaftServerImpl (RaftServerImpl.java:<init>(95)) - fde721fe-1e55-4be1-a279-5e2713e8ef2a: new RaftServerImpl for group-A217F4EDDE38:[0570c563-9bd0-4444-8987-40c1028d525b:192.168.164.205:46542, fde721fe-1e55-4be1-a279-5e2713e8ef2a:192.168.164.205:36896, dd7f0777-75a0-431b-a23b-b6febf7a0929:192.168.164.205:33163] with ContainerStateMachine:uninitialized
2019-10-03 02:04:20,397 [pool-77-thread-1] INFO  storage.RaftStorageDirectory (RaftStorageDirectory.java:analyzeStorage(246)) - The storage directory /workdir/hadoop-ozone/ozonefs/target/test-dir/MiniOzoneClusterImpl-a41765e9-c865-4d80-80ca-6b3b2a408ddc/datanode-0/data/ratis/95508a5e-6286-40ea-8c9e-a217f4edde38 does not exist. Creating ...
2019-10-03 02:04:20,397 [pool-87-thread-1] INFO  server.RaftServerConfigKeys (ConfUtils.java:logGet(43)) - raft.server.rpc.timeout.min = 5s (custom)
2019-10-03 02:04:20,398 [pool-87-thread-1] INFO  server.RaftServerConfigKeys (ConfUtils.java:logGet(43)) - raft.server.rpc.timeout.max = 5200ms (custom)
2019-10-03 02:04:20,398 [pool-87-thread-1] INFO  server.RaftServerConfigKeys (ConfUtils.java:logGet(43)) - raft.server.rpcslowness.timeout = 120s (custom)
2019-10-03 02:04:20,398 [pool-87-thread-1] INFO  server.RaftServerConfigKeys (ConfUtils.java:logGet(43)) - raft.server.sleep.deviation.threshold = 300 (default)
2019-10-03 02:04:20,398 [pool-97-thread-1] INFO  impl.RaftServerImpl (RaftServerImpl.java:<init>(95)) - 0570c563-9bd0-4444-8987-40c1028d525b: new RaftServerImpl for group-A217F4EDDE38:[0570c563-9bd0-4444-8987-40c1028d525b:192.168.164.205:46542, fde721fe-1e55-4be1-a279-5e2713e8ef2a:192.168.164.205:36896, dd7f0777-75a0-431b-a23b-b6febf7a0929:192.168.164.205:33163] with ContainerStateMachine:uninitialized
2019-10-03 02:04:20,398 [pool-87-thread-1] INFO  server.RaftServerConfigKeys (ConfUtils.java:logGet(43)) - raft.server.log.appender.install.snapshot.enabled = false (custom)
2019-10-03 02:04:20,398 [pool-97-thread-1] INFO  server.RaftServerConfigKeys (ConfUtils.java:logGet(43)) - raft.server.rpc.timeout.min = 5s (custom)
2019-10-03 02:04:20,398 [pool-87-thread-1] INFO  impl.RaftServerImpl (ServerState.java:<init>(103)) - fde721fe-1e55-4be1-a279-5e2713e8ef2a@group-A217F4EDDE38: ConfigurationManager, init=-1: [0570c563-9bd0-4444-8987-40c1028d525b:192.168.164.205:46542, fde721fe-1e55-4be1-a279-5e2713e8ef2a:192.168.164.205:36896, dd7f0777-75a0-431b-a23b-b6febf7a0929:192.168.164.205:33163], old=null, confs=<EMPTY_MAP>
2019-10-03 02:04:20,399 [pool-97-thread-1] INFO  server.RaftServerConfigKeys (ConfUtils.java:logGet(43)) - raft.server.rpc.timeout.max = 5200ms (custom)
2019-10-03 02:04:20,399 [pool-87-thread-1] INFO  server.RaftServerConfigKeys (ConfUtils.java:logGet(43)) - raft.server.storage.dir = [/workdir/hadoop-ozone/ozonefs/target/test-dir/MiniOzoneClusterImpl-a41765e9-c865-4d80-80ca-6b3b2a408ddc/datanode-1/data/ratis] (custom)
2019-10-03 02:04:20,399 [pool-97-thread-1] INFO  server.RaftServerConfigKeys (ConfUtils.java:logGet(43)) - raft.server.rpcslowness.timeout = 120s (custom)
2019-10-03 02:04:20,399 [pool-97-thread-1] INFO  server.RaftServerConfigKeys (ConfUtils.java:logGet(43)) - raft.server.sleep.deviation.threshold = 300 (default)
2019-10-03 02:04:20,399 [pool-87-thread-1] INFO  server.RaftServerConfigKeys (ConfUtils.java:logGet(43)) - raft.server.log.corruption.policy = EXCEPTION (default)
2019-10-03 02:04:20,399 [pool-97-thread-1] INFO  server.RaftServerConfigKeys (ConfUtils.java:logGet(43)) - raft.server.log.appender.install.snapshot.enabled = false (custom)
2019-10-03 02:04:20,399 [pool-87-thread-1] INFO  storage.RaftStorageDirectory (RaftStorageDirectory.java:analyzeStorage(246)) - The storage directory /workdir/hadoop-ozone/ozonefs/target/test-dir/MiniOzoneClusterImpl-a41765e9-c865-4d80-80ca-6b3b2a408ddc/datanode-1/data/ratis/95508a5e-6286-40ea-8c9e-a217f4edde38 does not exist. Creating ...
2019-10-03 02:04:20,399 [pool-97-thread-1] INFO  impl.RaftServerImpl (ServerState.java:<init>(103)) - 0570c563-9bd0-4444-8987-40c1028d525b@group-A217F4EDDE38: ConfigurationManager, init=-1: [0570c563-9bd0-4444-8987-40c1028d525b:192.168.164.205:46542, fde721fe-1e55-4be1-a279-5e2713e8ef2a:192.168.164.205:36896, dd7f0777-75a0-431b-a23b-b6febf7a0929:192.168.164.205:33163], old=null, confs=<EMPTY_MAP>
2019-10-03 02:04:20,400 [pool-97-thread-1] INFO  server.RaftServerConfigKeys (ConfUtils.java:logGet(43)) - raft.server.storage.dir = [/workdir/hadoop-ozone/ozonefs/target/test-dir/MiniOzoneClusterImpl-a41765e9-c865-4d80-80ca-6b3b2a408ddc/datanode-2/data/ratis] (custom)
2019-10-03 02:04:20,400 [pool-97-thread-1] INFO  server.RaftServerConfigKeys (ConfUtils.java:logGet(43)) - raft.server.log.corruption.policy = EXCEPTION (default)
2019-10-03 02:04:20,400 [pool-97-thread-1] INFO  storage.RaftStorageDirectory (RaftStorageDirectory.java:analyzeStorage(246)) - The storage directory /workdir/hadoop-ozone/ozonefs/target/test-dir/MiniOzoneClusterImpl-a41765e9-c865-4d80-80ca-6b3b2a408ddc/datanode-2/data/ratis/95508a5e-6286-40ea-8c9e-a217f4edde38 does not exist. Creating ...
2019-10-03 02:04:20,411 [pool-97-thread-1] INFO  storage.RaftStorageDirectory (RaftStorageDirectory.java:tryLock(328)) - Lock on /workdir/hadoop-ozone/ozonefs/target/test-dir/MiniOzoneClusterImpl-a41765e9-c865-4d80-80ca-6b3b2a408ddc/datanode-2/data/ratis/95508a5e-6286-40ea-8c9e-a217f4edde38/in_use.lock acquired by nodename 19677@pr-hdds-1737-89jld-2007629010
2019-10-03 02:04:20,411 [pool-77-thread-1] INFO  storage.RaftStorageDirectory (RaftStorageDirectory.java:tryLock(328)) - Lock on /workdir/hadoop-ozone/ozonefs/target/test-dir/MiniOzoneClusterImpl-a41765e9-c865-4d80-80ca-6b3b2a408ddc/datanode-0/data/ratis/95508a5e-6286-40ea-8c9e-a217f4edde38/in_use.lock acquired by nodename 19677@pr-hdds-1737-89jld-2007629010
2019-10-03 02:04:20,411 [pool-87-thread-1] INFO  storage.RaftStorageDirectory (RaftStorageDirectory.java:tryLock(328)) - Lock on /workdir/hadoop-ozone/ozonefs/target/test-dir/MiniOzoneClusterImpl-a41765e9-c865-4d80-80ca-6b3b2a408ddc/datanode-1/data/ratis/95508a5e-6286-40ea-8c9e-a217f4edde38/in_use.lock acquired by nodename 19677@pr-hdds-1737-89jld-2007629010
2019-10-03 02:04:20,436 [pool-87-thread-1] INFO  storage.RaftStorage (RaftStorage.java:format(84)) - Storage directory /workdir/hadoop-ozone/ozonefs/target/test-dir/MiniOzoneClusterImpl-a41765e9-c865-4d80-80ca-6b3b2a408ddc/datanode-1/data/ratis/95508a5e-6286-40ea-8c9e-a217f4edde38 has been successfully formatted.
2019-10-03 02:04:20,437 [pool-97-thread-1] INFO  storage.RaftStorage (RaftStorage.java:format(84)) - Storage directory /workdir/hadoop-ozone/ozonefs/target/test-dir/MiniOzoneClusterImpl-a41765e9-c865-4d80-80ca-6b3b2a408ddc/datanode-2/data/ratis/95508a5e-6286-40ea-8c9e-a217f4edde38 has been successfully formatted.
2019-10-03 02:04:20,437 [pool-77-thread-1] INFO  storage.RaftStorage (RaftStorage.java:format(84)) - Storage directory /workdir/hadoop-ozone/ozonefs/target/test-dir/MiniOzoneClusterImpl-a41765e9-c865-4d80-80ca-6b3b2a408ddc/datanode-0/data/ratis/95508a5e-6286-40ea-8c9e-a217f4edde38 has been successfully formatted.
2019-10-03 02:04:20,437 [pool-97-thread-1] INFO  ratis.ContainerStateMachine (ContainerStateMachine.java:loadSnapshot(230)) - group-A217F4EDDE38: The snapshot info is null. Setting the last applied indexto:(t:0, i:~)
2019-10-03 02:04:20,437 [pool-77-thread-1] INFO  ratis.ContainerStateMachine (ContainerStateMachine.java:loadSnapshot(230)) - group-A217F4EDDE38: The snapshot info is null. Setting the last applied indexto:(t:0, i:~)
2019-10-03 02:04:20,437 [pool-87-thread-1] INFO  ratis.ContainerStateMachine (ContainerStateMachine.java:loadSnapshot(230)) - group-A217F4EDDE38: The snapshot info is null. Setting the last applied indexto:(t:0, i:~)
2019-10-03 02:04:20,437 [pool-77-thread-1] INFO  server.RaftServerConfigKeys (ConfUtils.java:logGet(43)) - raft.server.notification.no-leader.timeout = 120s (custom)
2019-10-03 02:04:20,437 [pool-97-thread-1] INFO  server.RaftServerConfigKeys (ConfUtils.java:logGet(43)) - raft.server.notification.no-leader.timeout = 120s (custom)
2019-10-03 02:04:20,438 [pool-77-thread-1] INFO  server.RaftServerConfigKeys (ConfUtils.java:logGet(43)) - raft.server.log.use.memory = false (default)
2019-10-03 02:04:20,438 [pool-87-thread-1] INFO  server.RaftServerConfigKeys (ConfUtils.java:logGet(43)) - raft.server.notification.no-leader.timeout = 120s (custom)
2019-10-03 02:04:20,438 [pool-77-thread-1] INFO  server.RaftServerConfigKeys (ConfUtils.java:logGet(43)) - raft.server.log.purge.gap = 1000000 (custom)
2019-10-03 02:04:20,438 [pool-97-thread-1] INFO  server.RaftServerConfigKeys (ConfUtils.java:logGet(43)) - raft.server.log.use.memory = false (default)
2019-10-03 02:04:20,438 [pool-77-thread-1] INFO  server.RaftServerConfigKeys (ConfUtils.java:logGet(43)) - raft.server.log.appender.buffer.byte-limit = 33554432 (custom)
2019-10-03 02:04:20,438 [pool-87-thread-1] INFO  server.RaftServerConfigKeys (ConfUtils.java:logGet(43)) - raft.server.log.use.memory = false (default)
2019-10-03 02:04:20,439 [pool-77-thread-1] INFO  server.RaftServerConfigKeys (ConfUtils.java:logGet(43)) - raft.server.log.segment.size.max = 1048576 (custom)
2019-10-03 02:04:20,439 [pool-97-thread-1] INFO  server.RaftServerConfigKeys (ConfUtils.java:logGet(43)) - raft.server.log.purge.gap = 1000000 (custom)
2019-10-03 02:04:20,439 [pool-77-thread-1] INFO  server.RaftServerConfigKeys (ConfUtils.java:logGet(43)) - raft.server.log.segment.cache.num.max = 2 (custom)
2019-10-03 02:04:20,439 [pool-87-thread-1] INFO  server.RaftServerConfigKeys (ConfUtils.java:logGet(43)) - raft.server.log.purge.gap = 1000000 (custom)
2019-10-03 02:04:20,439 [pool-77-thread-1] INFO  segmented.SegmentedRaftLogWorker (SegmentedRaftLogWorker.java:<init>(173)) - new dd7f0777-75a0-431b-a23b-b6febf7a0929@group-A217F4EDDE38-SegmentedRaftLogWorker for RaftStorage:Storage Directory /workdir/hadoop-ozone/ozonefs/target/test-dir/MiniOzoneClusterImpl-a41765e9-c865-4d80-80ca-6b3b2a408ddc/datanode-0/data/ratis/95508a5e-6286-40ea-8c9e-a217f4edde38
2019-10-03 02:04:20,439 [pool-97-thread-1] INFO  server.RaftServerConfigKeys (ConfUtils.java:logGet(43)) - raft.server.log.appender.buffer.byte-limit = 33554432 (custom)
2019-10-03 02:04:20,440 [pool-77-thread-1] INFO  server.RaftServerConfigKeys (ConfUtils.java:logGet(43)) - raft.server.log.queue.byte-limit = 2147483647 (custom)
2019-10-03 02:04:20,440 [pool-87-thread-1] INFO  server.RaftServerConfigKeys (ConfUtils.java:logGet(43)) - raft.server.log.appender.buffer.byte-limit = 33554432 (custom)
2019-10-03 02:04:20,440 [pool-77-thread-1] INFO  server.RaftServerConfigKeys (ConfUtils.java:logGet(43)) - raft.server.log.queue.element-limit = 1024 (custom)
2019-10-03 02:04:20,440 [pool-97-thread-1] INFO  server.RaftServerConfigKeys (ConfUtils.java:logGet(43)) - raft.server.log.segment.size.max = 1048576 (custom)
2019-10-03 02:04:20,440 [pool-77-thread-1] INFO  server.RaftServerConfigKeys (ConfUtils.java:logGet(43)) - raft.server.log.segment.size.max = 1048576 (custom)
2019-10-03 02:04:20,440 [pool-87-thread-1] INFO  server.RaftServerConfigKeys (ConfUtils.java:logGet(43)) - raft.server.log.segment.size.max = 1048576 (custom)
2019-10-03 02:04:20,441 [pool-97-thread-1] INFO  server.RaftServerConfigKeys (ConfUtils.java:logGet(43)) - raft.server.log.segment.cache.num.max = 2 (custom)
2019-10-03 02:04:20,441 [pool-77-thread-1] INFO  server.RaftServerConfigKeys (ConfUtils.java:logGet(43)) - raft.server.log.preallocated.size = 16384 (custom)
2019-10-03 02:04:20,441 [pool-97-thread-1] INFO  segmented.SegmentedRaftLogWorker (SegmentedRaftLogWorker.java:<init>(173)) - new 0570c563-9bd0-4444-8987-40c1028d525b@group-A217F4EDDE38-SegmentedRaftLogWorker for RaftStorage:Storage Directory /workdir/hadoop-ozone/ozonefs/target/test-dir/MiniOzoneClusterImpl-a41765e9-c865-4d80-80ca-6b3b2a408ddc/datanode-2/data/ratis/95508a5e-6286-40ea-8c9e-a217f4edde38
2019-10-03 02:04:20,441 [pool-87-thread-1] INFO  server.RaftServerConfigKeys (ConfUtils.java:logGet(43)) - raft.server.log.segment.cache.num.max = 2 (custom)
2019-10-03 02:04:20,441 [pool-97-thread-1] INFO  server.RaftServerConfigKeys (ConfUtils.java:logGet(43)) - raft.server.log.queue.byte-limit = 2147483647 (custom)
2019-10-03 02:04:20,441 [pool-77-thread-1] INFO  server.RaftServerConfigKeys (ConfUtils.java:logGet(43)) - raft.server.log.write.buffer.size = 33554432 (custom)
2019-10-03 02:04:20,442 [pool-97-thread-1] INFO  server.RaftServerConfigKeys (ConfUtils.java:logGet(43)) - raft.server.log.queue.element-limit = 1024 (custom)
2019-10-03 02:04:20,441 [pool-87-thread-1] INFO  segmented.SegmentedRaftLogWorker (SegmentedRaftLogWorker.java:<init>(173)) - new fde721fe-1e55-4be1-a279-5e2713e8ef2a@group-A217F4EDDE38-SegmentedRaftLogWorker for RaftStorage:Storage Directory /workdir/hadoop-ozone/ozonefs/target/test-dir/MiniOzoneClusterImpl-a41765e9-c865-4d80-80ca-6b3b2a408ddc/datanode-1/data/ratis/95508a5e-6286-40ea-8c9e-a217f4edde38
2019-10-03 02:04:20,442 [pool-97-thread-1] INFO  server.RaftServerConfigKeys (ConfUtils.java:logGet(43)) - raft.server.log.segment.size.max = 1048576 (custom)
2019-10-03 02:04:20,442 [pool-77-thread-1] INFO  server.RaftServerConfigKeys (ConfUtils.java:logGet(43)) - raft.server.log.force.sync.num = 128 (default)
2019-10-03 02:04:20,442 [pool-97-thread-1] INFO  server.RaftServerConfigKeys (ConfUtils.java:logGet(43)) - raft.server.log.preallocated.size = 16384 (custom)
2019-10-03 02:04:20,442 [pool-87-thread-1] INFO  server.RaftServerConfigKeys (ConfUtils.java:logGet(43)) - raft.server.log.queue.byte-limit = 2147483647 (custom)
2019-10-03 02:04:20,443 [pool-97-thread-1] INFO  server.RaftServerConfigKeys (ConfUtils.java:logGet(43)) - raft.server.log.write.buffer.size = 33554432 (custom)
2019-10-03 02:04:20,443 [pool-77-thread-1] INFO  server.RaftServerConfigKeys (ConfUtils.java:logGet(43)) - raft.server.log.statemachine.data.sync = true (default)
2019-10-03 02:04:20,443 [pool-97-thread-1] INFO  server.RaftServerConfigKeys (ConfUtils.java:logGet(43)) - raft.server.log.force.sync.num = 128 (default)
2019-10-03 02:04:20,443 [pool-87-thread-1] INFO  server.RaftServerConfigKeys (ConfUtils.java:logGet(43)) - raft.server.log.queue.element-limit = 1024 (custom)
2019-10-03 02:04:20,444 [pool-97-thread-1] INFO  server.RaftServerConfigKeys (ConfUtils.java:logGet(43)) - raft.server.log.statemachine.data.sync = true (default)
2019-10-03 02:04:20,443 [pool-77-thread-1] INFO  server.RaftServerConfigKeys (ConfUtils.java:logGet(43)) - raft.server.log.statemachine.data.sync.timeout = 10s (default)
2019-10-03 02:04:20,444 [pool-97-thread-1] INFO  server.RaftServerConfigKeys (ConfUtils.java:logGet(43)) - raft.server.log.statemachine.data.sync.timeout = 10s (default)
2019-10-03 02:04:20,444 [pool-87-thread-1] INFO  server.RaftServerConfigKeys (ConfUtils.java:logGet(43)) - raft.server.log.segment.size.max = 1048576 (custom)
2019-10-03 02:04:20,444 [pool-97-thread-1] INFO  server.RaftServerConfigKeys (ConfUtils.java:logGet(43)) - raft.server.log.statemachine.data.sync.timeout.retry = -1 (default)
2019-10-03 02:04:20,444 [pool-77-thread-1] INFO  server.RaftServerConfigKeys (ConfUtils.java:logGet(43)) - raft.server.log.statemachine.data.sync.timeout.retry = -1 (default)
2019-10-03 02:04:20,445 [pool-97-thread-1] INFO  server.RaftServerConfigKeys (ConfUtils.java:logGet(43)) - raft.server.log.statemachine.data.caching.enabled = true (custom)
2019-10-03 02:04:20,445 [pool-77-thread-1] INFO  server.RaftServerConfigKeys (ConfUtils.java:logGet(43)) - raft.server.log.statemachine.data.caching.enabled = true (custom)
2019-10-03 02:04:20,445 [pool-87-thread-1] INFO  server.RaftServerConfigKeys (ConfUtils.java:logGet(43)) - raft.server.log.preallocated.size = 16384 (custom)
2019-10-03 02:04:20,445 [pool-97-thread-1] INFO  segmented.SegmentedRaftLogWorker (SegmentedRaftLogWorker.java:lambda$new$0(128)) - 0570c563-9bd0-4444-8987-40c1028d525b@group-A217F4EDDE38-SegmentedRaftLogWorker: flushIndex: setUnconditionally 0 -> -1
2019-10-03 02:04:20,445 [pool-77-thread-1] INFO  segmented.SegmentedRaftLogWorker (SegmentedRaftLogWorker.java:lambda$new$0(128)) - dd7f0777-75a0-431b-a23b-b6febf7a0929@group-A217F4EDDE38-SegmentedRaftLogWorker: flushIndex: setUnconditionally 0 -> -1
2019-10-03 02:04:20,445 [pool-87-thread-1] INFO  server.RaftServerConfigKeys (ConfUtils.java:logGet(43)) - raft.server.log.write.buffer.size = 33554432 (custom)
2019-10-03 02:04:20,446 [pool-97-thread-1] INFO  server.RaftServerConfigKeys (ConfUtils.java:logGet(43)) - raft.server.snapshot.auto.trigger.enabled = true (custom)
2019-10-03 02:04:20,446 [pool-77-thread-1] INFO  server.RaftServerConfigKeys (ConfUtils.java:logGet(43)) - raft.server.snapshot.auto.trigger.enabled = true (custom)
2019-10-03 02:04:20,446 [pool-87-thread-1] INFO  server.RaftServerConfigKeys (ConfUtils.java:logGet(43)) - raft.server.log.force.sync.num = 128 (default)
2019-10-03 02:04:20,446 [pool-77-thread-1] INFO  server.RaftServerConfigKeys (ConfUtils.java:logGet(43)) - raft.server.snapshot.auto.trigger.threshold = 10000 (custom)
2019-10-03 02:04:20,446 [pool-97-thread-1] INFO  server.RaftServerConfigKeys (ConfUtils.java:logGet(43)) - raft.server.snapshot.auto.trigger.threshold = 10000 (custom)
2019-10-03 02:04:20,447 [pool-77-thread-1] INFO  server.RaftServerConfigKeys (ConfUtils.java:logGet(43)) - raft.server.snapshot.retention.file.num = 5 (custom)
2019-10-03 02:04:20,446 [pool-87-thread-1] INFO  server.RaftServerConfigKeys (ConfUtils.java:logGet(43)) - raft.server.log.statemachine.data.sync = true (default)
2019-10-03 02:04:20,447 [pool-77-thread-1] INFO  server.RaftServerConfigKeys (ConfUtils.java:logGet(43)) - raft.server.retrycache.expirytime = 600000ms (custom)
2019-10-03 02:04:20,447 [pool-87-thread-1] INFO  server.RaftServerConfigKeys (ConfUtils.java:logGet(43)) - raft.server.log.statemachine.data.sync.timeout = 10s (default)
2019-10-03 02:04:20,447 [pool-97-thread-1] INFO  server.RaftServerConfigKeys (ConfUtils.java:logGet(43)) - raft.server.snapshot.retention.file.num = 5 (custom)
2019-10-03 02:04:20,447 [pool-87-thread-1] INFO  server.RaftServerConfigKeys (ConfUtils.java:logGet(43)) - raft.server.log.statemachine.data.sync.timeout.retry = -1 (default)
2019-10-03 02:04:20,448 [pool-97-thread-1] INFO  server.RaftServerConfigKeys (ConfUtils.java:logGet(43)) - raft.server.retrycache.expirytime = 600000ms (custom)
2019-10-03 02:04:20,448 [pool-87-thread-1] INFO  server.RaftServerConfigKeys (ConfUtils.java:logGet(43)) - raft.server.log.statemachine.data.caching.enabled = true (custom)
2019-10-03 02:04:20,448 [pool-87-thread-1] INFO  segmented.SegmentedRaftLogWorker (SegmentedRaftLogWorker.java:lambda$new$0(128)) - fde721fe-1e55-4be1-a279-5e2713e8ef2a@group-A217F4EDDE38-SegmentedRaftLogWorker: flushIndex: setUnconditionally 0 -> -1
2019-10-03 02:04:20,449 [pool-87-thread-1] INFO  server.RaftServerConfigKeys (ConfUtils.java:logGet(43)) - raft.server.snapshot.auto.trigger.enabled = true (custom)
2019-10-03 02:04:20,449 [pool-87-thread-1] INFO  server.RaftServerConfigKeys (ConfUtils.java:logGet(43)) - raft.server.snapshot.auto.trigger.threshold = 10000 (custom)
2019-10-03 02:04:20,449 [pool-87-thread-1] INFO  server.RaftServerConfigKeys (ConfUtils.java:logGet(43)) - raft.server.snapshot.retention.file.num = 5 (custom)
2019-10-03 02:04:20,449 [pool-87-thread-1] INFO  server.RaftServerConfigKeys (ConfUtils.java:logGet(43)) - raft.server.retrycache.expirytime = 600000ms (custom)
2019-10-03 02:04:20,452 [pool-77-thread-1] INFO  impl.RaftServerImpl (RaftServerImpl.java:start(181)) - dd7f0777-75a0-431b-a23b-b6febf7a0929@group-A217F4EDDE38: start as a follower, conf=-1: [0570c563-9bd0-4444-8987-40c1028d525b:192.168.164.205:46542, fde721fe-1e55-4be1-a279-5e2713e8ef2a:192.168.164.205:36896, dd7f0777-75a0-431b-a23b-b6febf7a0929:192.168.164.205:33163], old=null
2019-10-03 02:04:20,452 [pool-77-thread-1] INFO  impl.RaftServerImpl (RaftServerImpl.java:setRole(170)) - dd7f0777-75a0-431b-a23b-b6febf7a0929@group-A217F4EDDE38: changes role from      null to FOLLOWER at term 0 for startAsFollower
2019-10-03 02:04:20,452 [pool-77-thread-1] INFO  impl.RoleInfo (RoleInfo.java:updateAndGet(143)) - dd7f0777-75a0-431b-a23b-b6febf7a0929: start FollowerState
2019-10-03 02:04:20,453 [pool-77-thread-1] INFO  util.JmxRegister (JmxRegister.java:tryRegister(44)) - Successfully registered JMX Bean with object name Ratis:service=RaftServer,group=group-A217F4EDDE38,id=dd7f0777-75a0-431b-a23b-b6febf7a0929
2019-10-03 02:04:20,453 [pool-97-thread-1] INFO  impl.RaftServerImpl (RaftServerImpl.java:start(181)) - 0570c563-9bd0-4444-8987-40c1028d525b@group-A217F4EDDE38: start as a follower, conf=-1: [0570c563-9bd0-4444-8987-40c1028d525b:192.168.164.205:46542, fde721fe-1e55-4be1-a279-5e2713e8ef2a:192.168.164.205:36896, dd7f0777-75a0-431b-a23b-b6febf7a0929:192.168.164.205:33163], old=null
2019-10-03 02:04:20,453 [pool-97-thread-1] INFO  impl.RaftServerImpl (RaftServerImpl.java:setRole(170)) - 0570c563-9bd0-4444-8987-40c1028d525b@group-A217F4EDDE38: changes role from      null to FOLLOWER at term 0 for startAsFollower
2019-10-03 02:04:20,453 [pool-97-thread-1] INFO  impl.RoleInfo (RoleInfo.java:updateAndGet(143)) - 0570c563-9bd0-4444-8987-40c1028d525b: start FollowerState
2019-10-03 02:04:20,453 [pool-97-thread-1] INFO  util.JmxRegister (JmxRegister.java:tryRegister(44)) - Successfully registered JMX Bean with object name Ratis:service=RaftServer,group=group-A217F4EDDE38,id=0570c563-9bd0-4444-8987-40c1028d525b
2019-10-03 02:04:20,454 [pool-87-thread-1] INFO  impl.RaftServerImpl (RaftServerImpl.java:start(181)) - fde721fe-1e55-4be1-a279-5e2713e8ef2a@group-A217F4EDDE38: start as a follower, conf=-1: [0570c563-9bd0-4444-8987-40c1028d525b:192.168.164.205:46542, fde721fe-1e55-4be1-a279-5e2713e8ef2a:192.168.164.205:36896, dd7f0777-75a0-431b-a23b-b6febf7a0929:192.168.164.205:33163], old=null
2019-10-03 02:04:20,454 [pool-87-thread-1] INFO  impl.RaftServerImpl (RaftServerImpl.java:setRole(170)) - fde721fe-1e55-4be1-a279-5e2713e8ef2a@group-A217F4EDDE38: changes role from      null to FOLLOWER at term 0 for startAsFollower
2019-10-03 02:04:20,455 [pool-87-thread-1] INFO  impl.RoleInfo (RoleInfo.java:updateAndGet(143)) - fde721fe-1e55-4be1-a279-5e2713e8ef2a: start FollowerState
2019-10-03 02:04:20,455 [pool-87-thread-1] INFO  util.JmxRegister (JmxRegister.java:tryRegister(44)) - Successfully registered JMX Bean with object name Ratis:service=RaftServer,group=group-A217F4EDDE38,id=fde721fe-1e55-4be1-a279-5e2713e8ef2a
2019-10-03 02:04:20,474 [RatisPipelineUtilsThread] INFO  pipeline.PipelineStateManager (PipelineStateManager.java:addPipeline(56)) - Created pipeline Pipeline[ Id: 95508a5e-6286-40ea-8c9e-a217f4edde38, Nodes: fde721fe-1e55-4be1-a279-5e2713e8ef2a{ip: 192.168.164.205, host: pr-hdds-1737-89jld-2007629010, networkLocation: /default-rack, certSerialId: null}dd7f0777-75a0-431b-a23b-b6febf7a0929{ip: 192.168.164.205, host: pr-hdds-1737-89jld-2007629010, networkLocation: /default-rack, certSerialId: null}0570c563-9bd0-4444-8987-40c1028d525b{ip: 192.168.164.205, host: pr-hdds-1737-89jld-2007629010, networkLocation: /default-rack, certSerialId: null}, Type:RATIS, Factor:THREE, State:OPEN]
2019-10-03 02:04:21,266 [main] INFO  ozone.MiniOzoneClusterImpl (MiniOzoneClusterImpl.java:lambda$waitForClusterToBeReady$0(147)) - Cluster is ready. Got 3 of 3 DN Heartbeats.
2019-10-03 02:04:21,314 [main] INFO  rpc.RpcClient (RpcClient.java:createVolume(276)) - Creating Volume: abrosbxshp, with user26721 as owner.
2019-10-03 02:04:21,319 [IPC Server handler 1 on 43392] INFO  volume.OMVolumeCreateRequest (OMVolumeCreateRequest.java:validateAndUpdateCache(194)) - created volume:abrosbxshp for user:user26721
2019-10-03 02:04:21,328 [main] INFO  rpc.RpcClient (RpcClient.java:createBucket(415)) - Creating Bucket: abrosbxshp/ufkcolicvm, with Versioning false and Storage Type set to DISK and Encryption set to false 
02:04:21.380 [IPC Server handler 9 on 43392] ERROR OMAudit - user=jenkins1000 | ip=127.0.0.1 | op=CREATE_DIRECTORY {volume=abrosbxshp, bucket=ufkcolicvm, key=1YzUF, dataSize=0, replicationType=RATIS, replicationFactor=ONE, keyLocationInfo=[]} | ret=FAILURE
org.apache.hadoop.ozone.om.exceptions.OMException: Volume not found abrosbxshp
	at org.apache.hadoop.ozone.om.request.file.OMDirectoryCreateRequest.validateAndUpdateCache(OMDirectoryCreateRequest.java:146) ~[hadoop-ozone-ozone-manager-0.5.0-SNAPSHOT.jar:?]
	at org.apache.hadoop.ozone.protocolPB.OzoneManagerProtocolServerSideTranslatorPB.submitRequestDirectlyToOM(OzoneManagerProtocolServerSideTranslatorPB.java:219) ~[hadoop-ozone-ozone-manager-0.5.0-SNAPSHOT.jar:?]
	at org.apache.hadoop.ozone.protocolPB.OzoneManagerProtocolServerSideTranslatorPB.processRequest(OzoneManagerProtocolServerSideTranslatorPB.java:134) ~[hadoop-ozone-ozone-manager-0.5.0-SNAPSHOT.jar:?]
	at org.apache.hadoop.hdds.server.OzoneProtocolMessageDispatcher.processRequest(OzoneProtocolMessageDispatcher.java:72) [hadoop-hdds-server-framework-0.5.0-SNAPSHOT.jar:?]
	at org.apache.hadoop.ozone.protocolPB.OzoneManagerProtocolServerSideTranslatorPB.submitRequest(OzoneManagerProtocolServerSideTranslatorPB.java:100) [hadoop-ozone-ozone-manager-0.5.0-SNAPSHOT.jar:?]
	at org.apache.hadoop.ozone.protocol.proto.OzoneManagerProtocolProtos$OzoneManagerService$2.callBlockingMethod(OzoneManagerProtocolProtos.java) [hadoop-ozone-common-0.5.0-SNAPSHOT.jar:?]
	at org.apache.hadoop.ipc.ProtobufRpcEngine$Server$ProtoBufRpcInvoker.call(ProtobufRpcEngine.java:524) [hadoop-common-3.2.0.jar:?]
	at org.apache.hadoop.ipc.RPC$Server.call(RPC.java:1025) [hadoop-common-3.2.0.jar:?]
	at org.apache.hadoop.ipc.Server$RpcCall.run(Server.java:876) [hadoop-common-3.2.0.jar:?]
	at org.apache.hadoop.ipc.Server$RpcCall.run(Server.java:822) [hadoop-common-3.2.0.jar:?]
	at java.security.AccessController.doPrivileged(Native Method) [?:1.8.0_212]
	at javax.security.auth.Subject.doAs(Subject.java:422) [?:1.8.0_212]
	at org.apache.hadoop.security.UserGroupInformation.doAs(UserGroupInformation.java:1730) [hadoop-common-3.2.0.jar:?]
	at org.apache.hadoop.ipc.Server$Handler.run(Server.java:2682) [hadoop-common-3.2.0.jar:?]
2019-10-03 02:04:21,381 [IPC Server handler 9 on 43392] ERROR file.OMDirectoryCreateRequest (OMDirectoryCreateRequest.java:validateAndUpdateCache(212)) - CreateDirectory failed for Key: 1YzUF in volume/bucket:abrosbxshp/ufkcolicvm
VOLUME_NOT_FOUND org.apache.hadoop.ozone.om.exceptions.OMException: Volume not found abrosbxshp
	at org.apache.hadoop.ozone.om.request.file.OMDirectoryCreateRequest.validateAndUpdateCache(OMDirectoryCreateRequest.java:146)
	at org.apache.hadoop.ozone.protocolPB.OzoneManagerProtocolServerSideTranslatorPB.submitRequestDirectlyToOM(OzoneManagerProtocolServerSideTranslatorPB.java:219)
	at org.apache.hadoop.ozone.protocolPB.OzoneManagerProtocolServerSideTranslatorPB.processRequest(OzoneManagerProtocolServerSideTranslatorPB.java:134)
	at org.apache.hadoop.hdds.server.OzoneProtocolMessageDispatcher.processRequest(OzoneProtocolMessageDispatcher.java:72)
	at org.apache.hadoop.ozone.protocolPB.OzoneManagerProtocolServerSideTranslatorPB.submitRequest(OzoneManagerProtocolServerSideTranslatorPB.java:100)
	at org.apache.hadoop.ozone.protocol.proto.OzoneManagerProtocolProtos$OzoneManagerService$2.callBlockingMethod(OzoneManagerProtocolProtos.java)
	at org.apache.hadoop.ipc.ProtobufRpcEngine$Server$ProtoBufRpcInvoker.call(ProtobufRpcEngine.java:524)
	at org.apache.hadoop.ipc.RPC$Server.call(RPC.java:1025)
	at org.apache.hadoop.ipc.Server$RpcCall.run(Server.java:876)
	at org.apache.hadoop.ipc.Server$RpcCall.run(Server.java:822)
	at java.security.AccessController.doPrivileged(Native Method)
	at javax.security.auth.Subject.doAs(Subject.java:422)
	at org.apache.hadoop.security.UserGroupInformation.doAs(UserGroupInformation.java:1730)
	at org.apache.hadoop.ipc.Server$Handler.run(Server.java:2682)
2019-10-03 02:04:21,383 [main] INFO  ozone.MiniOzoneClusterImpl (MiniOzoneClusterImpl.java:shutdown(314)) - Shutting down the Mini Ozone Cluster
2019-10-03 02:04:21,383 [main] INFO  ozone.MiniOzoneClusterImpl (MiniOzoneClusterImpl.java:stop(330)) - Stopping the Mini Ozone Cluster
2019-10-03 02:04:21,383 [main] INFO  ozone.MiniOzoneClusterImpl (MiniOzoneClusterImpl.java:stopOM(400)) - Stopping the OzoneManager
2019-10-03 02:04:21,383 [main] INFO  ipc.Server (Server.java:stop(3082)) - Stopping server on 43392
2019-10-03 02:04:21,394 [IPC Server listener on 43392] INFO  ipc.Server (Server.java:run(1185)) - Stopping IPC Server listener on 43392
2019-10-03 02:04:21,395 [IPC Server Responder] INFO  ipc.Server (Server.java:run(1319)) - Stopping IPC Server Responder
2019-10-03 02:04:21,394 [main] INFO  ratis.OzoneManagerDoubleBuffer (OzoneManagerDoubleBuffer.java:stop(248)) - Stopping OMDoubleBuffer flush thread
2019-10-03 02:04:21,402 [OMDoubleBufferFlushThread] INFO  ratis.OzoneManagerDoubleBuffer (OzoneManagerDoubleBuffer.java:flushTransactions(191)) - OMDoubleBuffer flush thread OMDoubleBufferFlushThread is interrupted and will exit. OMDoubleBufferFlushThread
2019-10-03 02:04:21,403 [main] INFO  utils.BackgroundService (BackgroundService.java:shutdown(148)) - Shutting down service KeyDeletingService
2019-10-03 02:04:21,405 [main] INFO  handler.ContextHandler (ContextHandler.java:doStop(910)) - Stopped o.e.j.w.WebAppContext@2acdcce8{/,null,UNAVAILABLE}{/ozoneManager}
2019-10-03 02:04:21,406 [main] INFO  server.AbstractConnector (AbstractConnector.java:doStop(318)) - Stopped ServerConnector@7102ac3e{HTTP/1.1,[http/1.1]}{0.0.0.0:0}
2019-10-03 02:04:21,406 [main] INFO  handler.ContextHandler (ContextHandler.java:doStop(910)) - Stopped o.e.j.s.ServletContextHandler@74f827ad{/static,jar:file:/home/user/.m2/repository/org/apache/hadoop/hadoop-ozone-ozone-manager/0.5.0-SNAPSHOT/hadoop-ozone-ozone-manager-0.5.0-SNAPSHOT.jar!/webapps/static,UNAVAILABLE}
2019-10-03 02:04:21,407 [main] INFO  handler.ContextHandler (ContextHandler.java:doStop(910)) - Stopped o.e.j.s.ServletContextHandler@4a2e7bcb{/logs,file:///workdir/hadoop-ozone/ozonefs/target/log,UNAVAILABLE}
2019-10-03 02:04:21,409 [main] INFO  ozone.MiniOzoneClusterImpl (MiniOzoneClusterImpl.java:stopDatanodes(377)) - Stopping the HddsDatanodes
2019-10-03 02:04:22,109 [Datanode State Machine Thread - 0] INFO  statemachine.DatanodeStateMachine (DatanodeStateMachine.java:lambda$startDaemon$0(350)) - Ozone container server started.
2019-10-03 02:04:22,189 [Datanode State Machine Thread - 0] INFO  statemachine.DatanodeStateMachine (DatanodeStateMachine.java:lambda$startDaemon$0(350)) - Ozone container server started.
2019-10-03 02:04:23,125 [Thread-397] INFO  container.ReplicationManager (ReplicationManager.java:start(162)) - Starting Replication Monitor Thread.
2019-10-03 02:04:23,128 [ReplicationMonitor] INFO  container.ReplicationManager (ReplicationManager.java:run(225)) - Replication Monitor Thread took 0 milliseconds for processing 0 containers.
2019-10-03 02:04:25,254 [Thread-399] INFO  impl.FollowerState (FollowerState.java:run(108)) - dd7f0777-75a0-431b-a23b-b6febf7a0929@group-84397271EC62-FollowerState: change to CANDIDATE, lastRpcTime:5061ms, electionTimeout:5061ms
2019-10-03 02:04:25,255 [Thread-399] INFO  impl.RoleInfo (RoleInfo.java:shutdownFollowerState(121)) - dd7f0777-75a0-431b-a23b-b6febf7a0929: shutdown FollowerState
2019-10-03 02:04:25,255 [Thread-399] INFO  impl.RaftServerImpl (RaftServerImpl.java:setRole(170)) - dd7f0777-75a0-431b-a23b-b6febf7a0929@group-84397271EC62: changes role from  FOLLOWER to CANDIDATE at term 0 for changeToCandidate
2019-10-03 02:04:25,255 [Thread-399] INFO  impl.RoleInfo (RoleInfo.java:updateAndGet(143)) - dd7f0777-75a0-431b-a23b-b6febf7a0929: start LeaderElection
2019-10-03 02:04:25,299 [dd7f0777-75a0-431b-a23b-b6febf7a0929@group-84397271EC62-LeaderElection6] INFO  impl.LeaderElection (LeaderElection.java:askForVotes(178)) - dd7f0777-75a0-431b-a23b-b6febf7a0929@group-84397271EC62-LeaderElection6: begin an election at term 1 for -1: [dd7f0777-75a0-431b-a23b-b6febf7a0929:192.168.164.205:33163], old=null
2019-10-03 02:04:25,299 [dd7f0777-75a0-431b-a23b-b6febf7a0929@group-84397271EC62-LeaderElection6] INFO  impl.RoleInfo (RoleInfo.java:shutdownLeaderElection(134)) - dd7f0777-75a0-431b-a23b-b6febf7a0929: shutdown LeaderElection
2019-10-03 02:04:25,299 [dd7f0777-75a0-431b-a23b-b6febf7a0929@group-84397271EC62-LeaderElection6] INFO  impl.RaftServerImpl (RaftServerImpl.java:setRole(170)) - dd7f0777-75a0-431b-a23b-b6febf7a0929@group-84397271EC62: changes role from CANDIDATE to LEADER at term 1 for changeToLeader
2019-10-03 02:04:25,300 [dd7f0777-75a0-431b-a23b-b6febf7a0929@group-84397271EC62-LeaderElection6] INFO  impl.RaftServerImpl (ServerState.java:setLeader(255)) - dd7f0777-75a0-431b-a23b-b6febf7a0929@group-84397271EC62: change Leader from null to dd7f0777-75a0-431b-a23b-b6febf7a0929 at term 1 for becomeLeader, leader elected after 5116ms
2019-10-03 02:04:25,301 [dd7f0777-75a0-431b-a23b-b6febf7a0929@group-84397271EC62-LeaderElection6] INFO  server.RaftServerConfigKeys (ConfUtils.java:logGet(43)) - raft.server.staging.catchup.gap = 1000 (default)
2019-10-03 02:04:25,302 [dd7f0777-75a0-431b-a23b-b6febf7a0929@group-84397271EC62-LeaderElection6] INFO  server.RaftServerConfigKeys (ConfUtils.java:logGet(43)) - raft.server.rpc.sleep.time = 25ms (default)
2019-10-03 02:04:25,302 [dd7f0777-75a0-431b-a23b-b6febf7a0929@group-84397271EC62-LeaderElection6] INFO  server.RaftServerConfigKeys (ConfUtils.java:logGet(43)) - raft.server.write.element-limit = 4096 (default)
2019-10-03 02:04:25,302 [dd7f0777-75a0-431b-a23b-b6febf7a0929@group-84397271EC62-LeaderElection6] INFO  server.RaftServerConfigKeys (ConfUtils.java:logGet(43)) - raft.server.watch.timeout = 10s (default)
2019-10-03 02:04:25,303 [dd7f0777-75a0-431b-a23b-b6febf7a0929@group-84397271EC62-LeaderElection6] INFO  server.RaftServerConfigKeys (ConfUtils.java:logGet(43)) - raft.server.watch.timeout.denomination = 1s (default)
2019-10-03 02:04:25,303 [dd7f0777-75a0-431b-a23b-b6febf7a0929@group-84397271EC62-LeaderElection6] INFO  server.RaftServerConfigKeys (ConfUtils.java:logGet(43)) - raft.server.watch.element-limit = 65536 (default)
2019-10-03 02:04:25,306 [dd7f0777-75a0-431b-a23b-b6febf7a0929@group-84397271EC62-LeaderElection6] INFO  impl.RoleInfo (RoleInfo.java:updateAndGet(143)) - dd7f0777-75a0-431b-a23b-b6febf7a0929: start LeaderState
2019-10-03 02:04:25,307 [dd7f0777-75a0-431b-a23b-b6febf7a0929@group-84397271EC62-LeaderElection6] INFO  segmented.SegmentedRaftLogWorker (SegmentedRaftLogWorker.java:startLogSegment(385)) - dd7f0777-75a0-431b-a23b-b6febf7a0929@group-84397271EC62-SegmentedRaftLogWorker: Starting segment from index:0
2019-10-03 02:04:25,308 [dd7f0777-75a0-431b-a23b-b6febf7a0929@group-84397271EC62-LeaderElection6] INFO  impl.RaftServerImpl (ServerState.java:setRaftConf(356)) - dd7f0777-75a0-431b-a23b-b6febf7a0929@group-84397271EC62: set configuration 0: [dd7f0777-75a0-431b-a23b-b6febf7a0929:192.168.164.205:33163], old=null at 0
2019-10-03 02:04:25,358 [Thread-402] INFO  impl.FollowerState (FollowerState.java:run(108)) - fde721fe-1e55-4be1-a279-5e2713e8ef2a@group-72E0E1A035D3-FollowerState: change to CANDIDATE, lastRpcTime:5082ms, electionTimeout:5082ms
2019-10-03 02:04:25,358 [Thread-402] INFO  impl.RoleInfo (RoleInfo.java:shutdownFollowerState(121)) - fde721fe-1e55-4be1-a279-5e2713e8ef2a: shutdown FollowerState
2019-10-03 02:04:25,358 [Thread-402] INFO  impl.RaftServerImpl (RaftServerImpl.java:setRole(170)) - fde721fe-1e55-4be1-a279-5e2713e8ef2a@group-72E0E1A035D3: changes role from  FOLLOWER to CANDIDATE at term 0 for changeToCandidate
2019-10-03 02:04:25,359 [Thread-402] INFO  impl.RoleInfo (RoleInfo.java:updateAndGet(143)) - fde721fe-1e55-4be1-a279-5e2713e8ef2a: start LeaderElection
2019-10-03 02:04:25,368 [dd7f0777-75a0-431b-a23b-b6febf7a0929@group-84397271EC62-SegmentedRaftLogWorker] INFO  segmented.SegmentedRaftLogWorker (SegmentedRaftLogWorker.java:execute(574)) - dd7f0777-75a0-431b-a23b-b6febf7a0929@group-84397271EC62-SegmentedRaftLogWorker: created new log segment /workdir/hadoop-ozone/ozonefs/target/test-dir/MiniOzoneClusterImpl-a41765e9-c865-4d80-80ca-6b3b2a408ddc/datanode-0/data/ratis/4769855f-65af-479c-9766-84397271ec62/current/log_inprogress_0
2019-10-03 02:04:25,370 [fde721fe-1e55-4be1-a279-5e2713e8ef2a@group-72E0E1A035D3-LeaderElection7] INFO  impl.LeaderElection (LeaderElection.java:askForVotes(178)) - fde721fe-1e55-4be1-a279-5e2713e8ef2a@group-72E0E1A035D3-LeaderElection7: begin an election at term 1 for -1: [fde721fe-1e55-4be1-a279-5e2713e8ef2a:192.168.164.205:36896], old=null
2019-10-03 02:04:25,370 [fde721fe-1e55-4be1-a279-5e2713e8ef2a@group-72E0E1A035D3-LeaderElection7] INFO  impl.RoleInfo (RoleInfo.java:shutdownLeaderElection(134)) - fde721fe-1e55-4be1-a279-5e2713e8ef2a: shutdown LeaderElection
2019-10-03 02:04:25,370 [fde721fe-1e55-4be1-a279-5e2713e8ef2a@group-72E0E1A035D3-LeaderElection7] INFO  impl.RaftServerImpl (RaftServerImpl.java:setRole(170)) - fde721fe-1e55-4be1-a279-5e2713e8ef2a@group-72E0E1A035D3: changes role from CANDIDATE to LEADER at term 1 for changeToLeader
2019-10-03 02:04:25,371 [fde721fe-1e55-4be1-a279-5e2713e8ef2a@group-72E0E1A035D3-LeaderElection7] INFO  impl.RaftServerImpl (ServerState.java:setLeader(255)) - fde721fe-1e55-4be1-a279-5e2713e8ef2a@group-72E0E1A035D3: change Leader from null to fde721fe-1e55-4be1-a279-5e2713e8ef2a at term 1 for becomeLeader, leader elected after 5107ms
2019-10-03 02:04:25,372 [fde721fe-1e55-4be1-a279-5e2713e8ef2a@group-72E0E1A035D3-LeaderElection7] INFO  server.RaftServerConfigKeys (ConfUtils.java:logGet(43)) - raft.server.staging.catchup.gap = 1000 (default)
2019-10-03 02:04:25,372 [fde721fe-1e55-4be1-a279-5e2713e8ef2a@group-72E0E1A035D3-LeaderElection7] INFO  server.RaftServerConfigKeys (ConfUtils.java:logGet(43)) - raft.server.rpc.sleep.time = 25ms (default)
2019-10-03 02:04:25,372 [fde721fe-1e55-4be1-a279-5e2713e8ef2a@group-72E0E1A035D3-LeaderElection7] INFO  server.RaftServerConfigKeys (ConfUtils.java:logGet(43)) - raft.server.write.element-limit = 4096 (default)
2019-10-03 02:04:25,373 [fde721fe-1e55-4be1-a279-5e2713e8ef2a@group-72E0E1A035D3-LeaderElection7] INFO  server.RaftServerConfigKeys (ConfUtils.java:logGet(43)) - raft.server.watch.timeout = 10s (default)
2019-10-03 02:04:25,373 [fde721fe-1e55-4be1-a279-5e2713e8ef2a@group-72E0E1A035D3-LeaderElection7] INFO  server.RaftServerConfigKeys (ConfUtils.java:logGet(43)) - raft.server.watch.timeout.denomination = 1s (default)
2019-10-03 02:04:25,373 [fde721fe-1e55-4be1-a279-5e2713e8ef2a@group-72E0E1A035D3-LeaderElection7] INFO  server.RaftServerConfigKeys (ConfUtils.java:logGet(43)) - raft.server.watch.element-limit = 65536 (default)
2019-10-03 02:04:25,376 [fde721fe-1e55-4be1-a279-5e2713e8ef2a@group-72E0E1A035D3-LeaderElection7] INFO  impl.RoleInfo (RoleInfo.java:updateAndGet(143)) - fde721fe-1e55-4be1-a279-5e2713e8ef2a: start LeaderState
2019-10-03 02:04:25,376 [fde721fe-1e55-4be1-a279-5e2713e8ef2a@group-72E0E1A035D3-LeaderElection7] INFO  segmented.SegmentedRaftLogWorker (SegmentedRaftLogWorker.java:startLogSegment(385)) - fde721fe-1e55-4be1-a279-5e2713e8ef2a@group-72E0E1A035D3-SegmentedRaftLogWorker: Starting segment from index:0
2019-10-03 02:04:25,377 [fde721fe-1e55-4be1-a279-5e2713e8ef2a@group-72E0E1A035D3-LeaderElection7] INFO  impl.RaftServerImpl (ServerState.java:setRaftConf(356)) - fde721fe-1e55-4be1-a279-5e2713e8ef2a@group-72E0E1A035D3: set configuration 0: [fde721fe-1e55-4be1-a279-5e2713e8ef2a:192.168.164.205:36896], old=null at 0
2019-10-03 02:04:25,421 [Thread-405] INFO  impl.FollowerState (FollowerState.java:run(108)) - 0570c563-9bd0-4444-8987-40c1028d525b@group-175027A532A8-FollowerState: change to CANDIDATE, lastRpcTime:5076ms, electionTimeout:5066ms
2019-10-03 02:04:25,422 [Thread-405] INFO  impl.RoleInfo (RoleInfo.java:shutdownFollowerState(121)) - 0570c563-9bd0-4444-8987-40c1028d525b: shutdown FollowerState
2019-10-03 02:04:25,422 [Thread-405] INFO  impl.RaftServerImpl (RaftServerImpl.java:setRole(170)) - 0570c563-9bd0-4444-8987-40c1028d525b@group-175027A532A8: changes role from  FOLLOWER to CANDIDATE at term 0 for changeToCandidate
2019-10-03 02:04:25,422 [Thread-405] INFO  impl.RoleInfo (RoleInfo.java:updateAndGet(143)) - 0570c563-9bd0-4444-8987-40c1028d525b: start LeaderElection
2019-10-03 02:04:25,446 [fde721fe-1e55-4be1-a279-5e2713e8ef2a@group-72E0E1A035D3-SegmentedRaftLogWorker] INFO  segmented.SegmentedRaftLogWorker (SegmentedRaftLogWorker.java:execute(574)) - fde721fe-1e55-4be1-a279-5e2713e8ef2a@group-72E0E1A035D3-SegmentedRaftLogWorker: created new log segment /workdir/hadoop-ozone/ozonefs/target/test-dir/MiniOzoneClusterImpl-a41765e9-c865-4d80-80ca-6b3b2a408ddc/datanode-1/data/ratis/72d7f617-dbd8-48d9-bc3c-72e0e1a035d3/current/log_inprogress_0
2019-10-03 02:04:25,446 [0570c563-9bd0-4444-8987-40c1028d525b@group-175027A532A8-LeaderElection8] INFO  impl.LeaderElection (LeaderElection.java:askForVotes(178)) - 0570c563-9bd0-4444-8987-40c1028d525b@group-175027A532A8-LeaderElection8: begin an election at term 1 for -1: [0570c563-9bd0-4444-8987-40c1028d525b:192.168.164.205:46542], old=null
2019-10-03 02:04:25,446 [0570c563-9bd0-4444-8987-40c1028d525b@group-175027A532A8-LeaderElection8] INFO  impl.RoleInfo (RoleInfo.java:shutdownLeaderElection(134)) - 0570c563-9bd0-4444-8987-40c1028d525b: shutdown LeaderElection
2019-10-03 02:04:25,447 [0570c563-9bd0-4444-8987-40c1028d525b@group-175027A532A8-LeaderElection8] INFO  impl.RaftServerImpl (RaftServerImpl.java:setRole(170)) - 0570c563-9bd0-4444-8987-40c1028d525b@group-175027A532A8: changes role from CANDIDATE to LEADER at term 1 for changeToLeader
2019-10-03 02:04:25,447 [0570c563-9bd0-4444-8987-40c1028d525b@group-175027A532A8-LeaderElection8] INFO  impl.RaftServerImpl (ServerState.java:setLeader(255)) - 0570c563-9bd0-4444-8987-40c1028d525b@group-175027A532A8: change Leader from null to 0570c563-9bd0-4444-8987-40c1028d525b at term 1 for becomeLeader, leader elected after 5111ms
2019-10-03 02:04:25,447 [0570c563-9bd0-4444-8987-40c1028d525b@group-175027A532A8-LeaderElection8] INFO  server.RaftServerConfigKeys (ConfUtils.java:logGet(43)) - raft.server.staging.catchup.gap = 1000 (default)
2019-10-03 02:04:25,447 [0570c563-9bd0-4444-8987-40c1028d525b@group-175027A532A8-LeaderElection8] INFO  server.RaftServerConfigKeys (ConfUtils.java:logGet(43)) - raft.server.rpc.sleep.time = 25ms (default)
2019-10-03 02:04:25,447 [0570c563-9bd0-4444-8987-40c1028d525b@group-175027A532A8-LeaderElection8] INFO  server.RaftServerConfigKeys (ConfUtils.java:logGet(43)) - raft.server.write.element-limit = 4096 (default)
2019-10-03 02:04:25,448 [0570c563-9bd0-4444-8987-40c1028d525b@group-175027A532A8-LeaderElection8] INFO  server.RaftServerConfigKeys (ConfUtils.java:logGet(43)) - raft.server.watch.timeout = 10s (default)
2019-10-03 02:04:25,448 [0570c563-9bd0-4444-8987-40c1028d525b@group-175027A532A8-LeaderElection8] INFO  server.RaftServerConfigKeys (ConfUtils.java:logGet(43)) - raft.server.watch.timeout.denomination = 1s (default)
2019-10-03 02:04:25,448 [0570c563-9bd0-4444-8987-40c1028d525b@group-175027A532A8-LeaderElection8] INFO  server.RaftServerConfigKeys (ConfUtils.java:logGet(43)) - raft.server.watch.element-limit = 65536 (default)
2019-10-03 02:04:25,450 [0570c563-9bd0-4444-8987-40c1028d525b@group-175027A532A8-LeaderElection8] INFO  impl.RoleInfo (RoleInfo.java:updateAndGet(143)) - 0570c563-9bd0-4444-8987-40c1028d525b: start LeaderState
2019-10-03 02:04:25,451 [0570c563-9bd0-4444-8987-40c1028d525b@group-175027A532A8-LeaderElection8] INFO  segmented.SegmentedRaftLogWorker (SegmentedRaftLogWorker.java:startLogSegment(385)) - 0570c563-9bd0-4444-8987-40c1028d525b@group-175027A532A8-SegmentedRaftLogWorker: Starting segment from index:0
2019-10-03 02:04:25,451 [0570c563-9bd0-4444-8987-40c1028d525b@group-175027A532A8-LeaderElection8] INFO  impl.RaftServerImpl (ServerState.java:setRaftConf(356)) - 0570c563-9bd0-4444-8987-40c1028d525b@group-175027A532A8: set configuration 0: [0570c563-9bd0-4444-8987-40c1028d525b:192.168.164.205:46542], old=null at 0
2019-10-03 02:04:25,462 [Thread-410] INFO  impl.FollowerState (FollowerState.java:run(108)) - dd7f0777-75a0-431b-a23b-b6febf7a0929@group-A217F4EDDE38-FollowerState: change to CANDIDATE, lastRpcTime:5009ms, electionTimeout:5009ms
2019-10-03 02:04:25,462 [Thread-410] INFO  impl.RoleInfo (RoleInfo.java:shutdownFollowerState(121)) - dd7f0777-75a0-431b-a23b-b6febf7a0929: shutdown FollowerState
2019-10-03 02:04:25,462 [Thread-410] INFO  impl.RaftServerImpl (RaftServerImpl.java:setRole(170)) - dd7f0777-75a0-431b-a23b-b6febf7a0929@group-A217F4EDDE38: changes role from  FOLLOWER to CANDIDATE at term 0 for changeToCandidate
2019-10-03 02:04:25,462 [Thread-410] INFO  impl.RoleInfo (RoleInfo.java:updateAndGet(143)) - dd7f0777-75a0-431b-a23b-b6febf7a0929: start LeaderElection
2019-10-03 02:04:25,516 [0570c563-9bd0-4444-8987-40c1028d525b@group-175027A532A8-SegmentedRaftLogWorker] INFO  segmented.SegmentedRaftLogWorker (SegmentedRaftLogWorker.java:execute(574)) - 0570c563-9bd0-4444-8987-40c1028d525b@group-175027A532A8-SegmentedRaftLogWorker: created new log segment /workdir/hadoop-ozone/ozonefs/target/test-dir/MiniOzoneClusterImpl-a41765e9-c865-4d80-80ca-6b3b2a408ddc/datanode-2/data/ratis/6f248627-9344-4677-ac99-175027a532a8/current/log_inprogress_0
2019-10-03 02:04:25,516 [dd7f0777-75a0-431b-a23b-b6febf7a0929@group-A217F4EDDE38-LeaderElection9] INFO  impl.LeaderElection (LeaderElection.java:askForVotes(178)) - dd7f0777-75a0-431b-a23b-b6febf7a0929@group-A217F4EDDE38-LeaderElection9: begin an election at term 1 for -1: [0570c563-9bd0-4444-8987-40c1028d525b:192.168.164.205:46542, fde721fe-1e55-4be1-a279-5e2713e8ef2a:192.168.164.205:36896, dd7f0777-75a0-431b-a23b-b6febf7a0929:192.168.164.205:33163], old=null
2019-10-03 02:04:25,536 [grpc-default-executor-2] INFO  impl.RaftServerImpl (RaftServerImpl.java:setRole(170)) - fde721fe-1e55-4be1-a279-5e2713e8ef2a@group-A217F4EDDE38: changes role from  FOLLOWER to FOLLOWER at term 1 for recognizeCandidate:dd7f0777-75a0-431b-a23b-b6febf7a0929
2019-10-03 02:04:25,536 [grpc-default-executor-1] INFO  impl.RaftServerImpl (RaftServerImpl.java:setRole(170)) - 0570c563-9bd0-4444-8987-40c1028d525b@group-A217F4EDDE38: changes role from  FOLLOWER to FOLLOWER at term 1 for recognizeCandidate:dd7f0777-75a0-431b-a23b-b6febf7a0929
2019-10-03 02:04:25,536 [grpc-default-executor-2] INFO  impl.RoleInfo (RoleInfo.java:shutdownFollowerState(121)) - fde721fe-1e55-4be1-a279-5e2713e8ef2a: shutdown FollowerState
2019-10-03 02:04:25,536 [grpc-default-executor-1] INFO  impl.RoleInfo (RoleInfo.java:shutdownFollowerState(121)) - 0570c563-9bd0-4444-8987-40c1028d525b: shutdown FollowerState
2019-10-03 02:04:25,537 [grpc-default-executor-2] INFO  impl.RoleInfo (RoleInfo.java:updateAndGet(143)) - fde721fe-1e55-4be1-a279-5e2713e8ef2a: start FollowerState
2019-10-03 02:04:25,537 [grpc-default-executor-1] INFO  impl.RoleInfo (RoleInfo.java:updateAndGet(143)) - 0570c563-9bd0-4444-8987-40c1028d525b: start FollowerState
2019-10-03 02:04:25,537 [Thread-411] INFO  impl.FollowerState (FollowerState.java:run(117)) - 0570c563-9bd0-4444-8987-40c1028d525b@group-A217F4EDDE38-FollowerState was interrupted: java.lang.InterruptedException: sleep interrupted
2019-10-03 02:04:25,537 [Thread-412] INFO  impl.FollowerState (FollowerState.java:run(117)) - fde721fe-1e55-4be1-a279-5e2713e8ef2a@group-A217F4EDDE38-FollowerState was interrupted: java.lang.InterruptedException: sleep interrupted
2019-10-03 02:04:25,551 [dd7f0777-75a0-431b-a23b-b6febf7a0929@group-A217F4EDDE38-LeaderElection9] INFO  impl.LeaderElection (LeaderElection.java:logAndReturn(56)) - dd7f0777-75a0-431b-a23b-b6febf7a0929@group-A217F4EDDE38-LeaderElection9: Election PASSED; received 1 response(s) [dd7f0777-75a0-431b-a23b-b6febf7a0929<-0570c563-9bd0-4444-8987-40c1028d525b#0:OK-t1] and 0 exception(s); dd7f0777-75a0-431b-a23b-b6febf7a0929@group-A217F4EDDE38:t1, leader=null, voted=dd7f0777-75a0-431b-a23b-b6febf7a0929, raftlog=dd7f0777-75a0-431b-a23b-b6febf7a0929@group-A217F4EDDE38-SegmentedRaftLog:OPENED:c-1,f-1,i0, conf=-1: [0570c563-9bd0-4444-8987-40c1028d525b:192.168.164.205:46542, fde721fe-1e55-4be1-a279-5e2713e8ef2a:192.168.164.205:36896, dd7f0777-75a0-431b-a23b-b6febf7a0929:192.168.164.205:33163], old=null
2019-10-03 02:04:25,551 [dd7f0777-75a0-431b-a23b-b6febf7a0929@group-A217F4EDDE38-LeaderElection9] INFO  impl.RoleInfo (RoleInfo.java:shutdownLeaderElection(134)) - dd7f0777-75a0-431b-a23b-b6febf7a0929: shutdown LeaderElection
2019-10-03 02:04:25,553 [dd7f0777-75a0-431b-a23b-b6febf7a0929@group-A217F4EDDE38-LeaderElection9] INFO  impl.RaftServerImpl (RaftServerImpl.java:setRole(170)) - dd7f0777-75a0-431b-a23b-b6febf7a0929@group-A217F4EDDE38: changes role from CANDIDATE to LEADER at term 1 for changeToLeader
2019-10-03 02:04:25,554 [dd7f0777-75a0-431b-a23b-b6febf7a0929@group-A217F4EDDE38-LeaderElection9] INFO  impl.RaftServerImpl (ServerState.java:setLeader(255)) - dd7f0777-75a0-431b-a23b-b6febf7a0929@group-A217F4EDDE38: change Leader from null to dd7f0777-75a0-431b-a23b-b6febf7a0929 at term 1 for becomeLeader, leader elected after 5116ms
2019-10-03 02:04:25,554 [dd7f0777-75a0-431b-a23b-b6febf7a0929@group-A217F4EDDE38-LeaderElection9] INFO  server.RaftServerConfigKeys (ConfUtils.java:logGet(43)) - raft.server.staging.catchup.gap = 1000 (default)
2019-10-03 02:04:25,554 [dd7f0777-75a0-431b-a23b-b6febf7a0929@group-A217F4EDDE38-LeaderElection9] INFO  server.RaftServerConfigKeys (ConfUtils.java:logGet(43)) - raft.server.rpc.sleep.time = 25ms (default)
2019-10-03 02:04:25,554 [dd7f0777-75a0-431b-a23b-b6febf7a0929@group-A217F4EDDE38-LeaderElection9] INFO  server.RaftServerConfigKeys (ConfUtils.java:logGet(43)) - raft.server.write.element-limit = 4096 (default)
2019-10-03 02:04:25,555 [dd7f0777-75a0-431b-a23b-b6febf7a0929@group-A217F4EDDE38-LeaderElection9] INFO  server.RaftServerConfigKeys (ConfUtils.java:logGet(43)) - raft.server.watch.timeout = 10s (default)
2019-10-03 02:04:25,555 [dd7f0777-75a0-431b-a23b-b6febf7a0929@group-A217F4EDDE38-LeaderElection9] INFO  server.RaftServerConfigKeys (ConfUtils.java:logGet(43)) - raft.server.watch.timeout.denomination = 1s (default)
2019-10-03 02:04:25,555 [dd7f0777-75a0-431b-a23b-b6febf7a0929@group-A217F4EDDE38-LeaderElection9] INFO  server.RaftServerConfigKeys (ConfUtils.java:logGet(43)) - raft.server.watch.element-limit = 65536 (default)
2019-10-03 02:04:25,558 [dd7f0777-75a0-431b-a23b-b6febf7a0929@group-A217F4EDDE38-LeaderElection9] INFO  server.RaftServerConfigKeys (ConfUtils.java:logGet(43)) - raft.server.log.appender.snapshot.chunk.size.max = 16MB (=16777216) (default)
2019-10-03 02:04:25,558 [dd7f0777-75a0-431b-a23b-b6febf7a0929@group-A217F4EDDE38-LeaderElection9] INFO  server.RaftServerConfigKeys (ConfUtils.java:logGet(43)) - raft.server.log.appender.buffer.byte-limit = 33554432 (custom)
2019-10-03 02:04:25,558 [dd7f0777-75a0-431b-a23b-b6febf7a0929@group-A217F4EDDE38-LeaderElection9] INFO  server.RaftServerConfigKeys (ConfUtils.java:logGet(43)) - raft.server.log.appender.buffer.element-limit = 1 (custom)
2019-10-03 02:04:25,559 [dd7f0777-75a0-431b-a23b-b6febf7a0929@group-A217F4EDDE38-LeaderElection9] INFO  grpc.GrpcConfigKeys$Server (ConfUtils.java:logGet(43)) - raft.grpc.server.leader.outstanding.appends.max = 128 (default)
2019-10-03 02:04:25,559 [dd7f0777-75a0-431b-a23b-b6febf7a0929@group-A217F4EDDE38-LeaderElection9] INFO  server.RaftServerConfigKeys (ConfUtils.java:logGet(43)) - raft.server.rpc.request.timeout = 3000ms (default)
2019-10-03 02:04:25,559 [dd7f0777-75a0-431b-a23b-b6febf7a0929@group-A217F4EDDE38-LeaderElection9] INFO  server.RaftServerConfigKeys (ConfUtils.java:logGet(43)) - raft.server.log.appender.install.snapshot.enabled = false (custom)
2019-10-03 02:04:25,560 [dd7f0777-75a0-431b-a23b-b6febf7a0929@group-A217F4EDDE38-LeaderElection9] INFO  server.RaftServerConfigKeys (ConfUtils.java:logGet(43)) - raft.server.log.appender.snapshot.chunk.size.max = 16MB (=16777216) (default)
2019-10-03 02:04:25,560 [dd7f0777-75a0-431b-a23b-b6febf7a0929@group-A217F4EDDE38-LeaderElection9] INFO  server.RaftServerConfigKeys (ConfUtils.java:logGet(43)) - raft.server.log.appender.buffer.byte-limit = 33554432 (custom)
2019-10-03 02:04:25,560 [dd7f0777-75a0-431b-a23b-b6febf7a0929@group-A217F4EDDE38-LeaderElection9] INFO  server.RaftServerConfigKeys (ConfUtils.java:logGet(43)) - raft.server.log.appender.buffer.element-limit = 1 (custom)
2019-10-03 02:04:25,560 [dd7f0777-75a0-431b-a23b-b6febf7a0929@group-A217F4EDDE38-LeaderElection9] INFO  grpc.GrpcConfigKeys$Server (ConfUtils.java:logGet(43)) - raft.grpc.server.leader.outstanding.appends.max = 128 (default)
2019-10-03 02:04:25,561 [dd7f0777-75a0-431b-a23b-b6febf7a0929@group-A217F4EDDE38-LeaderElection9] INFO  server.RaftServerConfigKeys (ConfUtils.java:logGet(43)) - raft.server.rpc.request.timeout = 3000ms (default)
2019-10-03 02:04:25,561 [dd7f0777-75a0-431b-a23b-b6febf7a0929@group-A217F4EDDE38-LeaderElection9] INFO  server.RaftServerConfigKeys (ConfUtils.java:logGet(43)) - raft.server.log.appender.install.snapshot.enabled = false (custom)
2019-10-03 02:04:25,561 [dd7f0777-75a0-431b-a23b-b6febf7a0929@group-A217F4EDDE38-LeaderElection9] INFO  impl.RoleInfo (RoleInfo.java:updateAndGet(143)) - dd7f0777-75a0-431b-a23b-b6febf7a0929: start LeaderState
2019-10-03 02:04:25,562 [dd7f0777-75a0-431b-a23b-b6febf7a0929@group-A217F4EDDE38-LeaderElection9] INFO  segmented.SegmentedRaftLogWorker (SegmentedRaftLogWorker.java:startLogSegment(385)) - dd7f0777-75a0-431b-a23b-b6febf7a0929@group-A217F4EDDE38-SegmentedRaftLogWorker: Starting segment from index:0
2019-10-03 02:04:25,563 [dd7f0777-75a0-431b-a23b-b6febf7a0929@group-A217F4EDDE38-LeaderElection9] INFO  impl.RaftServerImpl (ServerState.java:setRaftConf(356)) - dd7f0777-75a0-431b-a23b-b6febf7a0929@group-A217F4EDDE38: set configuration 0: [0570c563-9bd0-4444-8987-40c1028d525b:192.168.164.205:46542, fde721fe-1e55-4be1-a279-5e2713e8ef2a:192.168.164.205:36896, dd7f0777-75a0-431b-a23b-b6febf7a0929:192.168.164.205:33163], old=null at 0
2019-10-03 02:04:25,602 [grpc-default-executor-1] INFO  impl.RaftServerImpl (ServerState.java:setLeader(255)) - fde721fe-1e55-4be1-a279-5e2713e8ef2a@group-A217F4EDDE38: change Leader from null to dd7f0777-75a0-431b-a23b-b6febf7a0929 at term 1 for appendEntries, leader elected after 5164ms
2019-10-03 02:04:25,602 [grpc-default-executor-2] INFO  impl.RaftServerImpl (ServerState.java:setLeader(255)) - 0570c563-9bd0-4444-8987-40c1028d525b@group-A217F4EDDE38: change Leader from null to dd7f0777-75a0-431b-a23b-b6febf7a0929 at term 1 for appendEntries, leader elected after 5164ms
2019-10-03 02:04:25,609 [grpc-default-executor-1] INFO  impl.RaftServerImpl (ServerState.java:setRaftConf(356)) - 0570c563-9bd0-4444-8987-40c1028d525b@group-A217F4EDDE38: set configuration 0: [0570c563-9bd0-4444-8987-40c1028d525b:192.168.164.205:46542, fde721fe-1e55-4be1-a279-5e2713e8ef2a:192.168.164.205:36896, dd7f0777-75a0-431b-a23b-b6febf7a0929:192.168.164.205:33163], old=null at 0
2019-10-03 02:04:25,609 [grpc-default-executor-2] INFO  impl.RaftServerImpl (ServerState.java:setRaftConf(356)) - fde721fe-1e55-4be1-a279-5e2713e8ef2a@group-A217F4EDDE38: set configuration 0: [0570c563-9bd0-4444-8987-40c1028d525b:192.168.164.205:46542, fde721fe-1e55-4be1-a279-5e2713e8ef2a:192.168.164.205:36896, dd7f0777-75a0-431b-a23b-b6febf7a0929:192.168.164.205:33163], old=null at 0
2019-10-03 02:04:25,609 [grpc-default-executor-1] INFO  segmented.SegmentedRaftLogWorker (SegmentedRaftLogWorker.java:startLogSegment(385)) - 0570c563-9bd0-4444-8987-40c1028d525b@group-A217F4EDDE38-SegmentedRaftLogWorker: Starting segment from index:0
2019-10-03 02:04:25,609 [grpc-default-executor-2] INFO  segmented.SegmentedRaftLogWorker (SegmentedRaftLogWorker.java:startLogSegment(385)) - fde721fe-1e55-4be1-a279-5e2713e8ef2a@group-A217F4EDDE38-SegmentedRaftLogWorker: Starting segment from index:0
2019-10-03 02:04:25,612 [dd7f0777-75a0-431b-a23b-b6febf7a0929@group-A217F4EDDE38-SegmentedRaftLogWorker] INFO  segmented.SegmentedRaftLogWorker (SegmentedRaftLogWorker.java:execute(574)) - dd7f0777-75a0-431b-a23b-b6febf7a0929@group-A217F4EDDE38-SegmentedRaftLogWorker: created new log segment /workdir/hadoop-ozone/ozonefs/target/test-dir/MiniOzoneClusterImpl-a41765e9-c865-4d80-80ca-6b3b2a408ddc/datanode-0/data/ratis/95508a5e-6286-40ea-8c9e-a217f4edde38/current/log_inprogress_0
2019-10-03 02:04:25,660 [fde721fe-1e55-4be1-a279-5e2713e8ef2a@group-A217F4EDDE38-SegmentedRaftLogWorker] INFO  segmented.SegmentedRaftLogWorker (SegmentedRaftLogWorker.java:execute(574)) - fde721fe-1e55-4be1-a279-5e2713e8ef2a@group-A217F4EDDE38-SegmentedRaftLogWorker: created new log segment /workdir/hadoop-ozone/ozonefs/target/test-dir/MiniOzoneClusterImpl-a41765e9-c865-4d80-80ca-6b3b2a408ddc/datanode-1/data/ratis/95508a5e-6286-40ea-8c9e-a217f4edde38/current/log_inprogress_0
2019-10-03 02:04:25,660 [0570c563-9bd0-4444-8987-40c1028d525b@group-A217F4EDDE38-SegmentedRaftLogWorker] INFO  segmented.SegmentedRaftLogWorker (SegmentedRaftLogWorker.java:execute(574)) - 0570c563-9bd0-4444-8987-40c1028d525b@group-A217F4EDDE38-SegmentedRaftLogWorker: created new log segment /workdir/hadoop-ozone/ozonefs/target/test-dir/MiniOzoneClusterImpl-a41765e9-c865-4d80-80ca-6b3b2a408ddc/datanode-2/data/ratis/95508a5e-6286-40ea-8c9e-a217f4edde38/current/log_inprogress_0
2019-10-03 02:04:26,410 [main] INFO  ozoneimpl.OzoneContainer (OzoneContainer.java:stop(231)) - Attempting to stop container services.
2019-10-03 02:04:26,410 [ForkJoinPool.commonPool-worker-1] INFO  ozoneimpl.OzoneContainer (OzoneContainer.java:stop(231)) - Attempting to stop container services.
2019-10-03 02:04:26,411 [main] INFO  impl.RaftServerProxy (RaftServerProxy.java:lambda$close$4(314)) - fde721fe-1e55-4be1-a279-5e2713e8ef2a: close
2019-10-03 02:04:26,412 [ForkJoinPool.commonPool-worker-1] INFO  impl.RaftServerProxy (RaftServerProxy.java:lambda$close$4(314)) - dd7f0777-75a0-431b-a23b-b6febf7a0929: close
2019-10-03 02:04:26,412 [main] INFO  impl.RaftServerImpl (RaftServerImpl.java:lambda$shutdown$3(247)) - fde721fe-1e55-4be1-a279-5e2713e8ef2a@group-72E0E1A035D3: shutdown
2019-10-03 02:04:26,412 [ForkJoinPool.commonPool-worker-1] INFO  impl.RaftServerImpl (RaftServerImpl.java:lambda$shutdown$3(247)) - dd7f0777-75a0-431b-a23b-b6febf7a0929@group-84397271EC62: shutdown
2019-10-03 02:04:26,413 [main] INFO  util.JmxRegister (JmxRegister.java:unregister(73)) - Successfully un-registered JMX Bean with object name Ratis:service=RaftServer,group=group-72E0E1A035D3,id=fde721fe-1e55-4be1-a279-5e2713e8ef2a
2019-10-03 02:04:26,413 [ForkJoinPool.commonPool-worker-1] INFO  util.JmxRegister (JmxRegister.java:unregister(73)) - Successfully un-registered JMX Bean with object name Ratis:service=RaftServer,group=group-84397271EC62,id=dd7f0777-75a0-431b-a23b-b6febf7a0929
2019-10-03 02:04:26,414 [main] INFO  impl.RoleInfo (RoleInfo.java:shutdownLeaderState(104)) - fde721fe-1e55-4be1-a279-5e2713e8ef2a: shutdown LeaderState
2019-10-03 02:04:26,414 [ForkJoinPool.commonPool-worker-1] INFO  impl.RoleInfo (RoleInfo.java:shutdownLeaderState(104)) - dd7f0777-75a0-431b-a23b-b6febf7a0929: shutdown LeaderState
2019-10-03 02:04:26,415 [main] INFO  impl.PendingRequests (PendingRequests.java:sendNotLeaderResponses(202)) - fde721fe-1e55-4be1-a279-5e2713e8ef2a@group-72E0E1A035D3-PendingRequests: sendNotLeaderResponses
2019-10-03 02:04:26,415 [ForkJoinPool.commonPool-worker-1] INFO  impl.PendingRequests (PendingRequests.java:sendNotLeaderResponses(202)) - dd7f0777-75a0-431b-a23b-b6febf7a0929@group-84397271EC62-PendingRequests: sendNotLeaderResponses
2019-10-03 02:04:26,416 [main] INFO  impl.StateMachineUpdater (StateMachineUpdater.java:stopAndJoin(136)) - fde721fe-1e55-4be1-a279-5e2713e8ef2a@group-72E0E1A035D3-StateMachineUpdater: set stopIndex = 0
2019-10-03 02:04:26,416 [ForkJoinPool.commonPool-worker-1] INFO  impl.StateMachineUpdater (StateMachineUpdater.java:stopAndJoin(136)) - dd7f0777-75a0-431b-a23b-b6febf7a0929@group-84397271EC62-StateMachineUpdater: set stopIndex = 0
2019-10-03 02:04:26,416 [main] INFO  impl.RaftServerImpl (ServerState.java:close(387)) - fde721fe-1e55-4be1-a279-5e2713e8ef2a@group-72E0E1A035D3: closes. applyIndex: 0
2019-10-03 02:04:26,417 [ForkJoinPool.commonPool-worker-1] INFO  impl.RaftServerImpl (ServerState.java:close(387)) - dd7f0777-75a0-431b-a23b-b6febf7a0929@group-84397271EC62: closes. applyIndex: 0
2019-10-03 02:04:26,418 [fde721fe-1e55-4be1-a279-5e2713e8ef2a@group-72E0E1A035D3-SegmentedRaftLogWorker] INFO  segmented.SegmentedRaftLogWorker (SegmentedRaftLogWorker.java:run(316)) - fde721fe-1e55-4be1-a279-5e2713e8ef2a@group-72E0E1A035D3-SegmentedRaftLogWorker was interrupted, exiting. There are 0 tasks remaining in the queue.
2019-10-03 02:04:26,418 [dd7f0777-75a0-431b-a23b-b6febf7a0929@group-84397271EC62-SegmentedRaftLogWorker] INFO  segmented.SegmentedRaftLogWorker (SegmentedRaftLogWorker.java:run(316)) - dd7f0777-75a0-431b-a23b-b6febf7a0929@group-84397271EC62-SegmentedRaftLogWorker was interrupted, exiting. There are 0 tasks remaining in the queue.
2019-10-03 02:04:26,420 [main] INFO  segmented.SegmentedRaftLogWorker (SegmentedRaftLogWorker.java:close(224)) - fde721fe-1e55-4be1-a279-5e2713e8ef2a@group-72E0E1A035D3-SegmentedRaftLogWorker close()
2019-10-03 02:04:26,422 [ForkJoinPool.commonPool-worker-1] INFO  segmented.SegmentedRaftLogWorker (SegmentedRaftLogWorker.java:close(224)) - dd7f0777-75a0-431b-a23b-b6febf7a0929@group-84397271EC62-SegmentedRaftLogWorker close()
2019-10-03 02:04:26,425 [main] INFO  impl.RaftServerImpl (RaftServerImpl.java:lambda$shutdown$3(247)) - fde721fe-1e55-4be1-a279-5e2713e8ef2a@group-A217F4EDDE38: shutdown
2019-10-03 02:04:26,428 [ForkJoinPool.commonPool-worker-1] INFO  impl.RaftServerImpl (RaftServerImpl.java:lambda$shutdown$3(247)) - dd7f0777-75a0-431b-a23b-b6febf7a0929@group-A217F4EDDE38: shutdown
2019-10-03 02:04:26,429 [main] INFO  util.JmxRegister (JmxRegister.java:unregister(73)) - Successfully un-registered JMX Bean with object name Ratis:service=RaftServer,group=group-A217F4EDDE38,id=fde721fe-1e55-4be1-a279-5e2713e8ef2a
2019-10-03 02:04:26,429 [ForkJoinPool.commonPool-worker-1] INFO  util.JmxRegister (JmxRegister.java:unregister(73)) - Successfully un-registered JMX Bean with object name Ratis:service=RaftServer,group=group-A217F4EDDE38,id=dd7f0777-75a0-431b-a23b-b6febf7a0929
2019-10-03 02:04:26,429 [main] INFO  impl.RoleInfo (RoleInfo.java:shutdownFollowerState(121)) - fde721fe-1e55-4be1-a279-5e2713e8ef2a: shutdown FollowerState
2019-10-03 02:04:26,430 [ForkJoinPool.commonPool-worker-1] INFO  impl.RoleInfo (RoleInfo.java:shutdownLeaderState(104)) - dd7f0777-75a0-431b-a23b-b6febf7a0929: shutdown LeaderState
2019-10-03 02:04:26,430 [Thread-429] INFO  impl.FollowerState (FollowerState.java:run(117)) - fde721fe-1e55-4be1-a279-5e2713e8ef2a@group-A217F4EDDE38-FollowerState was interrupted: java.lang.InterruptedException: sleep interrupted
2019-10-03 02:04:26,430 [main] INFO  impl.StateMachineUpdater (StateMachineUpdater.java:stopAndJoin(136)) - fde721fe-1e55-4be1-a279-5e2713e8ef2a@group-A217F4EDDE38-StateMachineUpdater: set stopIndex = -1
2019-10-03 02:04:26,434 [org.apache.ratis.server.impl.LogAppender$AppenderDaemon$$Lambda$487/1189289206@6c262d33] WARN  server.GrpcLogAppender (GrpcLogAppender.java:mayWait(143)) - dd7f0777-75a0-431b-a23b-b6febf7a0929@group-A217F4EDDE38->fde721fe-1e55-4be1-a279-5e2713e8ef2a-GrpcLogAppender: Wait interrupted by java.lang.InterruptedException
2019-10-03 02:04:26,433 [ForkJoinPool.commonPool-worker-1] INFO  impl.PendingRequests (PendingRequests.java:sendNotLeaderResponses(202)) - dd7f0777-75a0-431b-a23b-b6febf7a0929@group-A217F4EDDE38-PendingRequests: sendNotLeaderResponses
2019-10-03 02:04:26,433 [org.apache.ratis.server.impl.LogAppender$AppenderDaemon$$Lambda$487/1189289206@4cae9bbc] WARN  server.GrpcLogAppender (GrpcLogAppender.java:mayWait(143)) - dd7f0777-75a0-431b-a23b-b6febf7a0929@group-A217F4EDDE38->0570c563-9bd0-4444-8987-40c1028d525b-GrpcLogAppender: Wait interrupted by java.lang.InterruptedException
2019-10-03 02:04:26,436 [ForkJoinPool.commonPool-worker-1] INFO  impl.StateMachineUpdater (StateMachineUpdater.java:stopAndJoin(136)) - dd7f0777-75a0-431b-a23b-b6febf7a0929@group-A217F4EDDE38-StateMachineUpdater: set stopIndex = 0
2019-10-03 02:04:26,434 [main] INFO  impl.RaftServerImpl (ServerState.java:close(387)) - fde721fe-1e55-4be1-a279-5e2713e8ef2a@group-A217F4EDDE38: closes. applyIndex: -1
2019-10-03 02:04:26,438 [ForkJoinPool.commonPool-worker-1] INFO  impl.RaftServerImpl (ServerState.java:close(387)) - dd7f0777-75a0-431b-a23b-b6febf7a0929@group-A217F4EDDE38: closes. applyIndex: 0
2019-10-03 02:04:26,439 [fde721fe-1e55-4be1-a279-5e2713e8ef2a@group-A217F4EDDE38-SegmentedRaftLogWorker] INFO  segmented.SegmentedRaftLogWorker (SegmentedRaftLogWorker.java:run(316)) - fde721fe-1e55-4be1-a279-5e2713e8ef2a@group-A217F4EDDE38-SegmentedRaftLogWorker was interrupted, exiting. There are 0 tasks remaining in the queue.
2019-10-03 02:04:26,439 [dd7f0777-75a0-431b-a23b-b6febf7a0929@group-A217F4EDDE38-SegmentedRaftLogWorker] INFO  segmented.SegmentedRaftLogWorker (SegmentedRaftLogWorker.java:run(316)) - dd7f0777-75a0-431b-a23b-b6febf7a0929@group-A217F4EDDE38-SegmentedRaftLogWorker was interrupted, exiting. There are 0 tasks remaining in the queue.
2019-10-03 02:04:26,441 [main] INFO  segmented.SegmentedRaftLogWorker (SegmentedRaftLogWorker.java:close(224)) - fde721fe-1e55-4be1-a279-5e2713e8ef2a@group-A217F4EDDE38-SegmentedRaftLogWorker close()
2019-10-03 02:04:26,443 [grpc-default-executor-2] INFO  server.GrpcServerProtocolService (GrpcServerProtocolService.java:onCompleted(113)) - 0570c563-9bd0-4444-8987-40c1028d525b: Completed APPEND_ENTRIES, lastRequest: dd7f0777-75a0-431b-a23b-b6febf7a0929->0570c563-9bd0-4444-8987-40c1028d525b#1-t1, previous=(t:0, i:0), leaderCommit=-1, initializing? false, entries: size=1, first=(t:1, i:0), CONFIGURATIONENTRY
2019-10-03 02:04:26,443 [grpc-default-executor-1] INFO  server.GrpcServerProtocolService (GrpcServerProtocolService.java:onCompleted(113)) - fde721fe-1e55-4be1-a279-5e2713e8ef2a: Completed APPEND_ENTRIES, lastRequest: dd7f0777-75a0-431b-a23b-b6febf7a0929->fde721fe-1e55-4be1-a279-5e2713e8ef2a#1-t1, previous=(t:0, i:0), leaderCommit=-1, initializing? false, entries: size=1, first=(t:1, i:0), CONFIGURATIONENTRY
2019-10-03 02:04:26,443 [ForkJoinPool.commonPool-worker-1] INFO  segmented.SegmentedRaftLogWorker (SegmentedRaftLogWorker.java:close(224)) - dd7f0777-75a0-431b-a23b-b6febf7a0929@group-A217F4EDDE38-SegmentedRaftLogWorker close()
2019-10-03 02:04:26,446 [main] INFO  server.GrpcService (GrpcService.java:closeImpl(164)) - fde721fe-1e55-4be1-a279-5e2713e8ef2a: shutdown server with port 36896 now
2019-10-03 02:04:26,454 [ForkJoinPool.commonPool-worker-1] INFO  server.GrpcService (GrpcService.java:closeImpl(164)) - dd7f0777-75a0-431b-a23b-b6febf7a0929: shutdown server with port 33163 now
2019-10-03 02:04:26,458 [grpc-default-executor-2] INFO  server.GrpcLogAppender (GrpcLogAppender.java:onCompleted(293)) - dd7f0777-75a0-431b-a23b-b6febf7a0929@group-A217F4EDDE38->fde721fe-1e55-4be1-a279-5e2713e8ef2a-AppendLogResponseHandler: follower responses appendEntries COMPLETED
2019-10-03 02:04:26,457 [grpc-default-executor-1] INFO  server.GrpcLogAppender (GrpcLogAppender.java:onCompleted(293)) - dd7f0777-75a0-431b-a23b-b6febf7a0929@group-A217F4EDDE38->0570c563-9bd0-4444-8987-40c1028d525b-AppendLogResponseHandler: follower responses appendEntries COMPLETED
2019-10-03 02:04:26,463 [main] INFO  server.GrpcService (GrpcService.java:closeImpl(172)) - fde721fe-1e55-4be1-a279-5e2713e8ef2a: shutdown server with port 36896 successfully
2019-10-03 02:04:26,464 [grpc-default-executor-2] INFO  impl.FollowerInfo (FollowerInfo.java:lambda$new$0(51)) - dd7f0777-75a0-431b-a23b-b6febf7a0929@group-A217F4EDDE38->fde721fe-1e55-4be1-a279-5e2713e8ef2a: nextIndex: updateUnconditionally 1 -> 0
2019-10-03 02:04:26,463 [ForkJoinPool.commonPool-worker-1] INFO  server.GrpcService (GrpcService.java:closeImpl(172)) - dd7f0777-75a0-431b-a23b-b6febf7a0929: shutdown server with port 33163 successfully
2019-10-03 02:04:26,464 [grpc-default-executor-1] INFO  impl.FollowerInfo (FollowerInfo.java:lambda$new$0(51)) - dd7f0777-75a0-431b-a23b-b6febf7a0929@group-A217F4EDDE38->0570c563-9bd0-4444-8987-40c1028d525b: nextIndex: updateUnconditionally 1 -> 0
2019-10-03 02:04:26,479 [refreshUsed-/workdir/hadoop-ozone/ozonefs/target/test-dir/MiniOzoneClusterImpl-a41765e9-c865-4d80-80ca-6b3b2a408ddc/datanode-1/data/containers] WARN  fs.CachingGetSpaceUsed (CachingGetSpaceUsed.java:run(183)) - Thread Interrupted waiting to refresh disk information: sleep interrupted
2019-10-03 02:04:26,479 [refreshUsed-/workdir/hadoop-ozone/ozonefs/target/test-dir/MiniOzoneClusterImpl-a41765e9-c865-4d80-80ca-6b3b2a408ddc/datanode-0/data/containers] WARN  fs.CachingGetSpaceUsed (CachingGetSpaceUsed.java:run(183)) - Thread Interrupted waiting to refresh disk information: sleep interrupted
2019-10-03 02:04:26,521 [ForkJoinPool.commonPool-worker-1] INFO  utils.BackgroundService (BackgroundService.java:shutdown(148)) - Shutting down service BlockDeletingService
2019-10-03 02:04:26,521 [main] INFO  utils.BackgroundService (BackgroundService.java:shutdown(148)) - Shutting down service BlockDeletingService
2019-10-03 02:04:26,525 [ForkJoinPool.commonPool-worker-1] INFO  statemachine.DatanodeStateMachine (DatanodeStateMachine.java:stopDaemon(395)) - Ozone container server stopped.
2019-10-03 02:04:26,529 [main] INFO  statemachine.DatanodeStateMachine (DatanodeStateMachine.java:stopDaemon(395)) - Ozone container server stopped.
2019-10-03 02:04:26,530 [ForkJoinPool.commonPool-worker-1] INFO  handler.ContextHandler (ContextHandler.java:doStop(910)) - Stopped o.e.j.w.WebAppContext@708eb310{/,null,UNAVAILABLE}{/hddsDatanode}
2019-10-03 02:04:26,531 [ForkJoinPool.commonPool-worker-1] INFO  server.AbstractConnector (AbstractConnector.java:doStop(318)) - Stopped ServerConnector@6ebc9573{HTTP/1.1,[http/1.1]}{0.0.0.0:0}
2019-10-03 02:04:26,531 [main] INFO  handler.ContextHandler (ContextHandler.java:doStop(910)) - Stopped o.e.j.w.WebAppContext@22c53d82{/,null,UNAVAILABLE}{/hddsDatanode}
2019-10-03 02:04:26,532 [ForkJoinPool.commonPool-worker-1] INFO  handler.ContextHandler (ContextHandler.java:doStop(910)) - Stopped o.e.j.s.ServletContextHandler@1682c08c{/static,jar:file:/home/user/.m2/repository/org/apache/hadoop/hadoop-hdds-container-service/0.5.0-SNAPSHOT/hadoop-hdds-container-service-0.5.0-SNAPSHOT.jar!/webapps/static,UNAVAILABLE}
2019-10-03 02:04:26,534 [ForkJoinPool.commonPool-worker-1] INFO  handler.ContextHandler (ContextHandler.java:doStop(910)) - Stopped o.e.j.s.ServletContextHandler@76ececd{/logs,file:///workdir/hadoop-ozone/ozonefs/target/log,UNAVAILABLE}
2019-10-03 02:04:26,535 [main] INFO  server.AbstractConnector (AbstractConnector.java:doStop(318)) - Stopped ServerConnector@3a6045c6{HTTP/1.1,[http/1.1]}{0.0.0.0:0}
2019-10-03 02:04:26,535 [main] INFO  handler.ContextHandler (ContextHandler.java:doStop(910)) - Stopped o.e.j.s.ServletContextHandler@35c4e864{/static,jar:file:/home/user/.m2/repository/org/apache/hadoop/hadoop-hdds-container-service/0.5.0-SNAPSHOT/hadoop-hdds-container-service-0.5.0-SNAPSHOT.jar!/webapps/static,UNAVAILABLE}
2019-10-03 02:04:26,536 [main] INFO  handler.ContextHandler (ContextHandler.java:doStop(910)) - Stopped o.e.j.s.ServletContextHandler@46039a21{/logs,file:///workdir/hadoop-ozone/ozonefs/target/log,UNAVAILABLE}
2019-10-03 02:04:27,263 [Datanode State Machine Thread - 0] INFO  statemachine.DatanodeStateMachine (DatanodeStateMachine.java:lambda$startDaemon$0(350)) - Ozone container server started.
2019-10-03 02:04:31,536 [ForkJoinPool.commonPool-worker-1] INFO  ozoneimpl.OzoneContainer (OzoneContainer.java:stop(231)) - Attempting to stop container services.
2019-10-03 02:04:31,536 [ForkJoinPool.commonPool-worker-1] INFO  impl.RaftServerProxy (RaftServerProxy.java:lambda$close$4(314)) - 0570c563-9bd0-4444-8987-40c1028d525b: close
2019-10-03 02:04:31,537 [ForkJoinPool.commonPool-worker-1] INFO  impl.RaftServerImpl (RaftServerImpl.java:lambda$shutdown$3(247)) - 0570c563-9bd0-4444-8987-40c1028d525b@group-175027A532A8: shutdown
2019-10-03 02:04:31,537 [ForkJoinPool.commonPool-worker-1] INFO  util.JmxRegister (JmxRegister.java:unregister(73)) - Successfully un-registered JMX Bean with object name Ratis:service=RaftServer,group=group-175027A532A8,id=0570c563-9bd0-4444-8987-40c1028d525b
2019-10-03 02:04:31,538 [ForkJoinPool.commonPool-worker-1] INFO  impl.RoleInfo (RoleInfo.java:shutdownLeaderState(104)) - 0570c563-9bd0-4444-8987-40c1028d525b: shutdown LeaderState
2019-10-03 02:04:31,538 [ForkJoinPool.commonPool-worker-1] INFO  impl.PendingRequests (PendingRequests.java:sendNotLeaderResponses(202)) - 0570c563-9bd0-4444-8987-40c1028d525b@group-175027A532A8-PendingRequests: sendNotLeaderResponses
2019-10-03 02:04:31,539 [ForkJoinPool.commonPool-worker-1] INFO  impl.StateMachineUpdater (StateMachineUpdater.java:stopAndJoin(136)) - 0570c563-9bd0-4444-8987-40c1028d525b@group-175027A532A8-StateMachineUpdater: set stopIndex = 0
2019-10-03 02:04:31,539 [ForkJoinPool.commonPool-worker-1] INFO  impl.RaftServerImpl (ServerState.java:close(387)) - 0570c563-9bd0-4444-8987-40c1028d525b@group-175027A532A8: closes. applyIndex: 0
2019-10-03 02:04:31,540 [0570c563-9bd0-4444-8987-40c1028d525b@group-175027A532A8-SegmentedRaftLogWorker] INFO  segmented.SegmentedRaftLogWorker (SegmentedRaftLogWorker.java:run(316)) - 0570c563-9bd0-4444-8987-40c1028d525b@group-175027A532A8-SegmentedRaftLogWorker was interrupted, exiting. There are 0 tasks remaining in the queue.
2019-10-03 02:04:31,540 [ForkJoinPool.commonPool-worker-1] INFO  segmented.SegmentedRaftLogWorker (SegmentedRaftLogWorker.java:close(224)) - 0570c563-9bd0-4444-8987-40c1028d525b@group-175027A532A8-SegmentedRaftLogWorker close()
2019-10-03 02:04:31,542 [ForkJoinPool.commonPool-worker-1] INFO  impl.RaftServerImpl (RaftServerImpl.java:lambda$shutdown$3(247)) - 0570c563-9bd0-4444-8987-40c1028d525b@group-A217F4EDDE38: shutdown
2019-10-03 02:04:31,543 [ForkJoinPool.commonPool-worker-1] INFO  util.JmxRegister (JmxRegister.java:unregister(73)) - Successfully un-registered JMX Bean with object name Ratis:service=RaftServer,group=group-A217F4EDDE38,id=0570c563-9bd0-4444-8987-40c1028d525b
2019-10-03 02:04:31,543 [ForkJoinPool.commonPool-worker-1] INFO  impl.RoleInfo (RoleInfo.java:shutdownFollowerState(121)) - 0570c563-9bd0-4444-8987-40c1028d525b: shutdown FollowerState
2019-10-03 02:04:31,543 [ForkJoinPool.commonPool-worker-1] INFO  impl.StateMachineUpdater (StateMachineUpdater.java:stopAndJoin(136)) - 0570c563-9bd0-4444-8987-40c1028d525b@group-A217F4EDDE38-StateMachineUpdater: set stopIndex = -1
2019-10-03 02:04:31,543 [Thread-430] INFO  impl.FollowerState (FollowerState.java:run(117)) - 0570c563-9bd0-4444-8987-40c1028d525b@group-A217F4EDDE38-FollowerState was interrupted: java.lang.InterruptedException: sleep interrupted
2019-10-03 02:04:31,543 [ForkJoinPool.commonPool-worker-1] INFO  impl.RaftServerImpl (ServerState.java:close(387)) - 0570c563-9bd0-4444-8987-40c1028d525b@group-A217F4EDDE38: closes. applyIndex: -1
2019-10-03 02:04:31,545 [0570c563-9bd0-4444-8987-40c1028d525b@group-A217F4EDDE38-SegmentedRaftLogWorker] INFO  segmented.SegmentedRaftLogWorker (SegmentedRaftLogWorker.java:run(316)) - 0570c563-9bd0-4444-8987-40c1028d525b@group-A217F4EDDE38-SegmentedRaftLogWorker was interrupted, exiting. There are 0 tasks remaining in the queue.
2019-10-03 02:04:31,545 [ForkJoinPool.commonPool-worker-1] INFO  segmented.SegmentedRaftLogWorker (SegmentedRaftLogWorker.java:close(224)) - 0570c563-9bd0-4444-8987-40c1028d525b@group-A217F4EDDE38-SegmentedRaftLogWorker close()
2019-10-03 02:04:31,547 [ForkJoinPool.commonPool-worker-1] INFO  server.GrpcService (GrpcService.java:closeImpl(164)) - 0570c563-9bd0-4444-8987-40c1028d525b: shutdown server with port 46542 now
2019-10-03 02:04:31,548 [ForkJoinPool.commonPool-worker-1] INFO  server.GrpcService (GrpcService.java:closeImpl(172)) - 0570c563-9bd0-4444-8987-40c1028d525b: shutdown server with port 46542 successfully
2019-10-03 02:04:31,552 [refreshUsed-/workdir/hadoop-ozone/ozonefs/target/test-dir/MiniOzoneClusterImpl-a41765e9-c865-4d80-80ca-6b3b2a408ddc/datanode-2/data/containers] WARN  fs.CachingGetSpaceUsed (CachingGetSpaceUsed.java:run(183)) - Thread Interrupted waiting to refresh disk information: sleep interrupted
2019-10-03 02:04:31,590 [ForkJoinPool.commonPool-worker-1] INFO  utils.BackgroundService (BackgroundService.java:shutdown(148)) - Shutting down service BlockDeletingService
2019-10-03 02:04:31,593 [ForkJoinPool.commonPool-worker-1] INFO  statemachine.DatanodeStateMachine (DatanodeStateMachine.java:stopDaemon(395)) - Ozone container server stopped.
2019-10-03 02:04:31,596 [ForkJoinPool.commonPool-worker-1] INFO  handler.ContextHandler (ContextHandler.java:doStop(910)) - Stopped o.e.j.w.WebAppContext@5c9934da{/,null,UNAVAILABLE}{/hddsDatanode}
2019-10-03 02:04:31,597 [ForkJoinPool.commonPool-worker-1] INFO  server.AbstractConnector (AbstractConnector.java:doStop(318)) - Stopped ServerConnector@4cb702ce{HTTP/1.1,[http/1.1]}{0.0.0.0:0}
2019-10-03 02:04:31,598 [ForkJoinPool.commonPool-worker-1] INFO  handler.ContextHandler (ContextHandler.java:doStop(910)) - Stopped o.e.j.s.ServletContextHandler@748a654a{/static,jar:file:/home/user/.m2/repository/org/apache/hadoop/hadoop-hdds-container-service/0.5.0-SNAPSHOT/hadoop-hdds-container-service-0.5.0-SNAPSHOT.jar!/webapps/static,UNAVAILABLE}
2019-10-03 02:04:31,599 [ForkJoinPool.commonPool-worker-1] INFO  handler.ContextHandler (ContextHandler.java:doStop(910)) - Stopped o.e.j.s.ServletContextHandler@798256c5{/logs,file:///workdir/hadoop-ozone/ozonefs/target/log,UNAVAILABLE}
2019-10-03 02:04:31,600 [main] INFO  ozone.MiniOzoneClusterImpl (MiniOzoneClusterImpl.java:stopSCM(392)) - Stopping the StorageContainerManager
2019-10-03 02:04:31,601 [main] INFO  server.StorageContainerManager (StorageContainerManager.java:stop(808)) - Stopping Replication Manager Service.
2019-10-03 02:04:31,601 [main] INFO  container.ReplicationManager (ReplicationManager.java:stop(203)) - Stopping Replication Monitor Thread.
2019-10-03 02:04:31,601 [main] INFO  server.StorageContainerManager (StorageContainerManager.java:stop(815)) - Stopping Lease Manager of the command watchers
2019-10-03 02:04:31,602 [main] INFO  server.StorageContainerManager (StorageContainerManager.java:stop(822)) - Stopping datanode service RPC server
2019-10-03 02:04:31,602 [main] INFO  server.SCMDatanodeProtocolServer (SCMDatanodeProtocolServer.java:stop(367)) - Stopping the RPC server for DataNodes
2019-10-03 02:04:31,602 [main] INFO  ipc.Server (Server.java:stop(3082)) - Stopping server on 46472
2019-10-03 02:04:31,604 [IPC Server listener on 46472] INFO  ipc.Server (Server.java:run(1185)) - Stopping IPC Server listener on 46472
2019-10-03 02:04:31,604 [IPC Server Responder] INFO  ipc.Server (Server.java:run(1319)) - Stopping IPC Server Responder
2019-10-03 02:04:31,666 [SCM Heartbeat Processing Thread - 0] WARN  node.NodeStateManager (NodeStateManager.java:scheduleNextHealthCheck(646)) - Current Thread is interrupted, shutting down HB processing thread for Node Manager.
2019-10-03 02:04:31,666 [main] INFO  server.StorageContainerManager (StorageContainerManager.java:stop(830)) - Stopping block service RPC server
2019-10-03 02:04:31,667 [main] INFO  server.SCMBlockProtocolServer (SCMBlockProtocolServer.java:stop(155)) - Stopping the RPC server for Block Protocol
2019-10-03 02:04:31,667 [main] INFO  ipc.Server (Server.java:stop(3082)) - Stopping server on 44589
2019-10-03 02:04:31,669 [IPC Server listener on 44589] INFO  ipc.Server (Server.java:run(1185)) - Stopping IPC Server listener on 44589
2019-10-03 02:04:31,669 [IPC Server Responder] INFO  ipc.Server (Server.java:run(1319)) - Stopping IPC Server Responder
2019-10-03 02:04:31,671 [main] INFO  server.StorageContainerManager (StorageContainerManager.java:stop(837)) - Stopping the StorageContainerLocationProtocol RPC server
2019-10-03 02:04:31,671 [main] INFO  server.SCMClientProtocolServer (SCMClientProtocolServer.java:stop(158)) - Stopping the RPC server for Client Protocol
2019-10-03 02:04:31,672 [main] INFO  ipc.Server (Server.java:stop(3082)) - Stopping server on 42601
2019-10-03 02:04:31,673 [IPC Server listener on 42601] INFO  ipc.Server (Server.java:run(1185)) - Stopping IPC Server listener on 42601
2019-10-03 02:04:31,673 [IPC Server Responder] INFO  ipc.Server (Server.java:run(1319)) - Stopping IPC Server Responder
2019-10-03 02:04:31,674 [main] INFO  server.StorageContainerManager (StorageContainerManager.java:stop(844)) - Stopping Storage Container Manager HTTP server.
2019-10-03 02:04:31,677 [main] INFO  handler.ContextHandler (ContextHandler.java:doStop(910)) - Stopped o.e.j.w.WebAppContext@3a4ab7f7{/,null,UNAVAILABLE}{/scm}
2019-10-03 02:04:31,678 [main] INFO  server.AbstractConnector (AbstractConnector.java:doStop(318)) - Stopped ServerConnector@6badba10{HTTP/1.1,[http/1.1]}{0.0.0.0:0}
2019-10-03 02:04:31,679 [main] INFO  handler.ContextHandler (ContextHandler.java:doStop(910)) - Stopped o.e.j.s.ServletContextHandler@31120021{/static,jar:file:/home/user/.m2/repository/org/apache/hadoop/hadoop-hdds-server-scm/0.5.0-SNAPSHOT/hadoop-hdds-server-scm-0.5.0-SNAPSHOT.jar!/webapps/static,UNAVAILABLE}
2019-10-03 02:04:31,680 [main] INFO  handler.ContextHandler (ContextHandler.java:doStop(910)) - Stopped o.e.j.s.ServletContextHandler@4fc5563d{/logs,file:///workdir/hadoop-ozone/ozonefs/target/log,UNAVAILABLE}
2019-10-03 02:04:31,681 [main] INFO  server.StorageContainerManager (StorageContainerManager.java:stop(855)) - Stopping Block Manager Service.
2019-10-03 02:04:31,681 [main] INFO  utils.BackgroundService (BackgroundService.java:shutdown(148)) - Shutting down service SCMBlockDeletingService
2019-10-03 02:04:31,682 [main] INFO  utils.BackgroundService (BackgroundService.java:shutdown(148)) - Shutting down service SCMBlockDeletingService
2019-10-03 02:04:31,682 [main] INFO  server.StorageContainerManager (StorageContainerManager.java:stop(877)) - Stopping SCM Event Queue.
2019-10-03 02:04:31,688 [main] INFO  impl.MetricsSystemImpl (MetricsSystemImpl.java:stop(210)) - Stopping HddsDatanode metrics system...
2019-10-03 02:04:31,707 [main] INFO  impl.MetricsSystemImpl (MetricsSystemImpl.java:stop(216)) - HddsDatanode metrics system stopped.
]]></system-out>
  </testcase>
  <testcase name="testDirectory[0]" classname="org.apache.hadoop.fs.ozone.TestOzoneFileInterfaces" time="17.383">
    <error message="Volume not found klieuobztu" type="VOLUME_NOT_FOUND org.apache.hadoop.ozone.om.exceptions.OMException">VOLUME_NOT_FOUND org.apache.hadoop.ozone.om.exceptions.OMException: Volume not found klieuobztu
	at org.apache.hadoop.ozone.om.protocolPB.OzoneManagerProtocolClientSideTranslatorPB.handleError(OzoneManagerProtocolClientSideTranslatorPB.java:732)
	at org.apache.hadoop.ozone.om.protocolPB.OzoneManagerProtocolClientSideTranslatorPB.createDirectory(OzoneManagerProtocolClientSideTranslatorPB.java:1377)
	at sun.reflect.NativeMethodAccessorImpl.invoke0(Native Method)
	at sun.reflect.NativeMethodAccessorImpl.invoke(NativeMethodAccessorImpl.java:62)
	at sun.reflect.DelegatingMethodAccessorImpl.invoke(DelegatingMethodAccessorImpl.java:43)
	at java.lang.reflect.Method.invoke(Method.java:498)
	at org.apache.hadoop.hdds.tracing.TraceAllMethod.invoke(TraceAllMethod.java:66)
	at com.sun.proxy.$Proxy39.createDirectory(Unknown Source)
	at org.apache.hadoop.ozone.client.rpc.RpcClient.createDirectory(RpcClient.java:976)
	at org.apache.hadoop.ozone.client.OzoneBucket.createDirectory(OzoneBucket.java:503)
	at org.apache.hadoop.fs.ozone.BasicOzoneClientAdapterImpl.createDirectory(BasicOzoneClientAdapterImpl.java:236)
	at org.apache.hadoop.fs.ozone.BasicOzoneFileSystem.mkdir(BasicOzoneFileSystem.java:597)
	at org.apache.hadoop.fs.ozone.BasicOzoneFileSystem.mkdirs(BasicOzoneFileSystem.java:607)
	at org.apache.hadoop.fs.FileSystem.mkdirs(FileSystem.java:2275)
	at org.apache.hadoop.fs.ozone.TestOzoneFileInterfaces.testDirectory(TestOzoneFileInterfaces.java:223)
	at sun.reflect.NativeMethodAccessorImpl.invoke0(Native Method)
	at sun.reflect.NativeMethodAccessorImpl.invoke(NativeMethodAccessorImpl.java:62)
	at sun.reflect.DelegatingMethodAccessorImpl.invoke(DelegatingMethodAccessorImpl.java:43)
	at java.lang.reflect.Method.invoke(Method.java:498)
	at org.junit.runners.model.FrameworkMethod$1.runReflectiveCall(FrameworkMethod.java:47)
	at org.junit.internal.runners.model.ReflectiveCallable.run(ReflectiveCallable.java:12)
	at org.junit.runners.model.FrameworkMethod.invokeExplosively(FrameworkMethod.java:44)
	at org.junit.internal.runners.statements.InvokeMethod.evaluate(InvokeMethod.java:17)
	at org.junit.internal.runners.statements.RunBefores.evaluate(RunBefores.java:26)
	at org.junit.internal.runners.statements.RunAfters.evaluate(RunAfters.java:27)
	at org.junit.runners.ParentRunner.runLeaf(ParentRunner.java:271)
	at org.junit.runners.BlockJUnit4ClassRunner.runChild(BlockJUnit4ClassRunner.java:70)
	at org.junit.runners.BlockJUnit4ClassRunner.runChild(BlockJUnit4ClassRunner.java:50)
	at org.junit.runners.ParentRunner$3.run(ParentRunner.java:238)
	at org.junit.runners.ParentRunner$1.schedule(ParentRunner.java:63)
	at org.junit.runners.ParentRunner.runChildren(ParentRunner.java:236)
	at org.junit.runners.ParentRunner.access$000(ParentRunner.java:53)
	at org.junit.runners.ParentRunner$2.evaluate(ParentRunner.java:229)
	at org.junit.runners.ParentRunner.run(ParentRunner.java:309)
	at org.junit.runners.Suite.runChild(Suite.java:127)
	at org.junit.runners.Suite.runChild(Suite.java:26)
	at org.junit.runners.ParentRunner$3.run(ParentRunner.java:238)
	at org.junit.runners.ParentRunner$1.schedule(ParentRunner.java:63)
	at org.junit.runners.ParentRunner.runChildren(ParentRunner.java:236)
	at org.junit.runners.ParentRunner.access$000(ParentRunner.java:53)
	at org.junit.runners.ParentRunner$2.evaluate(ParentRunner.java:229)
	at org.junit.runners.ParentRunner.run(ParentRunner.java:309)
	at org.apache.maven.surefire.junit4.JUnit4Provider.execute(JUnit4Provider.java:365)
	at org.apache.maven.surefire.junit4.JUnit4Provider.executeWithRerun(JUnit4Provider.java:273)
	at org.apache.maven.surefire.junit4.JUnit4Provider.executeTestSet(JUnit4Provider.java:238)
	at org.apache.maven.surefire.junit4.JUnit4Provider.invoke(JUnit4Provider.java:159)
	at org.apache.maven.surefire.booter.ForkedBooter.invokeProviderInSameClassLoader(ForkedBooter.java:384)
	at org.apache.maven.surefire.booter.ForkedBooter.runSuitesInProcess(ForkedBooter.java:345)
	at org.apache.maven.surefire.booter.ForkedBooter.execute(ForkedBooter.java:126)
	at org.apache.maven.surefire.booter.ForkedBooter.main(ForkedBooter.java:418)
</error>
    <system-out><![CDATA[2019-10-03 02:04:31,765 [main] WARN  server.ServerUtils (ServerUtils.java:getScmDbDir(145)) - ozone.scm.db.dirs is not configured. We recommend adding this setting. Falling back to ozone.metadata.dirs instead.
2019-10-03 02:04:31,781 [main] WARN  server.ServerUtils (ServerUtils.java:getScmDbDir(145)) - ozone.scm.db.dirs is not configured. We recommend adding this setting. Falling back to ozone.metadata.dirs instead.
2019-10-03 02:04:31,781 [main] WARN  server.ServerUtils (ServerUtils.java:getScmDbDir(145)) - ozone.scm.db.dirs is not configured. We recommend adding this setting. Falling back to ozone.metadata.dirs instead.
2019-10-03 02:04:31,782 [main] INFO  db.DBStoreBuilder (DBStoreBuilder.java:addTable(110)) - using custom profile for table: deletedBlocks
2019-10-03 02:04:31,783 [main] INFO  db.DBStoreBuilder (DBStoreBuilder.java:processTables(161)) - Using default column profile:DBProfile.DISK for Table:deletedBlocks
2019-10-03 02:04:31,783 [main] INFO  db.DBStoreBuilder (DBStoreBuilder.java:addTable(110)) - using custom profile for table: validCerts
2019-10-03 02:04:31,783 [main] INFO  db.DBStoreBuilder (DBStoreBuilder.java:processTables(161)) - Using default column profile:DBProfile.DISK for Table:validCerts
2019-10-03 02:04:31,784 [main] INFO  db.DBStoreBuilder (DBStoreBuilder.java:addTable(110)) - using custom profile for table: revokedCerts
2019-10-03 02:04:31,784 [main] INFO  db.DBStoreBuilder (DBStoreBuilder.java:processTables(161)) - Using default column profile:DBProfile.DISK for Table:revokedCerts
2019-10-03 02:04:31,785 [main] INFO  db.DBStoreBuilder (DBStoreBuilder.java:addTable(110)) - using custom profile for table: default
2019-10-03 02:04:31,785 [main] INFO  db.DBStoreBuilder (DBStoreBuilder.java:processTables(167)) - Using default column profile:DBProfile.DISK for Table:default
2019-10-03 02:04:31,785 [main] INFO  db.DBStoreBuilder (DBStoreBuilder.java:getDbProfile(198)) - Using default options. DBProfile.DISK
2019-10-03 02:04:32,031 [main] INFO  net.NodeSchemaLoader (NodeSchemaLoader.java:loadSchemaFromFile(125)) - Loading file from sun.misc.CompoundEnumeration@59939293
2019-10-03 02:04:32,031 [main] INFO  net.NodeSchemaLoader (NodeSchemaLoader.java:loadSchema(171)) - Loading network topology layer schema file
2019-10-03 02:04:32,037 [main] WARN  server.ServerUtils (ServerUtils.java:sanitizeUserArgs(70)) - ozone.scm.stale.node.interval value = 300000 is larger than max = 100000 based on the key value of ozone.scm.heartbeat.thread.interval, reset to the max value 100000.
2019-10-03 02:04:32,037 [main] WARN  server.ServerUtils (ServerUtils.java:sanitizeUserArgs(70)) - ozone.scm.stale.node.interval value = 300000 is larger than max = 100000 based on the key value of ozone.scm.heartbeat.thread.interval, reset to the max value 100000.
2019-10-03 02:04:32,038 [main] INFO  node.SCMNodeManager (SCMNodeManager.java:<init>(114)) - Entering startup safe mode.
2019-10-03 02:04:32,039 [main] INFO  algorithms.ContainerPlacementPolicyFactory (ContainerPlacementPolicyFactory.java:getPolicy(57)) - Create container placement policy of type org.apache.hadoop.hdds.scm.container.placement.algorithms.SCMContainerPlacementRandom
2019-10-03 02:04:32,039 [main] WARN  server.ServerUtils (ServerUtils.java:getScmDbDir(145)) - ozone.scm.db.dirs is not configured. We recommend adding this setting. Falling back to ozone.metadata.dirs instead.
2019-10-03 02:04:32,317 [main] INFO  pipeline.SCMPipelineManager (SCMPipelineManager.java:initializePipelineState(132)) - No pipeline exists in current db
2019-10-03 02:04:32,317 [main] WARN  server.ServerUtils (ServerUtils.java:getScmDbDir(145)) - ozone.scm.db.dirs is not configured. We recommend adding this setting. Falling back to ozone.metadata.dirs instead.
2019-10-03 02:04:32,380 [main] WARN  events.EventQueue (EventQueue.java:fireEvent(183)) - No event handler registered for event TypedEvent{payloadType=SafeModeStatus, name='SafeModeStatus'}
2019-10-03 02:04:32,382 [main] INFO  ipc.CallQueueManager (CallQueueManager.java:<init>(84)) - Using callQueue: class java.util.concurrent.LinkedBlockingQueue, queueCapacity: 2000, scheduler: class org.apache.hadoop.ipc.DefaultRpcScheduler, ipcBackoff: false.
2019-10-03 02:04:32,383 [Socket Reader #1 for port 42804] INFO  ipc.Server (Server.java:run(1074)) - Starting Socket Reader #1 for port 42804
2019-10-03 02:04:32,386 [main] INFO  ipc.CallQueueManager (CallQueueManager.java:<init>(84)) - Using callQueue: class java.util.concurrent.LinkedBlockingQueue, queueCapacity: 2000, scheduler: class org.apache.hadoop.ipc.DefaultRpcScheduler, ipcBackoff: false.
2019-10-03 02:04:32,387 [Socket Reader #1 for port 39212] INFO  ipc.Server (Server.java:run(1074)) - Starting Socket Reader #1 for port 39212
2019-10-03 02:04:32,388 [main] INFO  ipc.CallQueueManager (CallQueueManager.java:<init>(84)) - Using callQueue: class java.util.concurrent.LinkedBlockingQueue, queueCapacity: 2000, scheduler: class org.apache.hadoop.ipc.DefaultRpcScheduler, ipcBackoff: false.
2019-10-03 02:04:32,389 [Socket Reader #1 for port 34350] INFO  ipc.Server (Server.java:run(1074)) - Starting Socket Reader #1 for port 34350
2019-10-03 02:04:32,393 [main] INFO  hdfs.DFSUtil (DFSUtil.java:httpServerTemplateForNNAndJN(1641)) - Starting Web-server for scm at: http://0.0.0.0:0
2019-10-03 02:04:32,396 [main] INFO  server.AuthenticationFilter (AuthenticationFilter.java:constructSecretProvider(240)) - Unable to initialize FileSignerSecretProvider, falling back to use random secrets.
2019-10-03 02:04:32,397 [main] WARN  http.HttpRequestLog (HttpRequestLog.java:getRequestLog(97)) - Jetty request log can only be enabled using Log4j
2019-10-03 02:04:32,401 [main] INFO  http.HttpServer2 (HttpServer2.java:addGlobalFilter(975)) - Added global filter 'safety' (class=org.apache.hadoop.http.HttpServer2$QuotingInputFilter)
2019-10-03 02:04:32,402 [main] INFO  http.HttpServer2 (HttpServer2.java:addFilter(948)) - Added filter static_user_filter (class=org.apache.hadoop.http.lib.StaticUserWebFilter$StaticUserFilter) to context scm
2019-10-03 02:04:32,402 [main] INFO  http.HttpServer2 (HttpServer2.java:addFilter(958)) - Added filter static_user_filter (class=org.apache.hadoop.http.lib.StaticUserWebFilter$StaticUserFilter) to context logs
2019-10-03 02:04:32,403 [main] INFO  http.HttpServer2 (HttpServer2.java:addFilter(958)) - Added filter static_user_filter (class=org.apache.hadoop.http.lib.StaticUserWebFilter$StaticUserFilter) to context static
2019-10-03 02:04:32,406 [main] INFO  server.StorageContainerManager (StorageContainerManager.java:start(770)) - StorageContainerLocationProtocol RPC server is listening at /0.0.0.0:34350
2019-10-03 02:04:32,409 [main] WARN  impl.MetricsConfig (MetricsConfig.java:loadFirst(134)) - Cannot locate configuration: tried hadoop-metrics2-storagecontainermanager.properties,hadoop-metrics2.properties
2019-10-03 02:04:32,410 [main] INFO  impl.MetricsSystemImpl (MetricsSystemImpl.java:startTimer(374)) - Scheduled Metric snapshot period at 10 second(s).
2019-10-03 02:04:32,411 [main] INFO  impl.MetricsSystemImpl (MetricsSystemImpl.java:start(191)) - StorageContainerManager metrics system started
2019-10-03 02:04:32,469 [main] WARN  impl.MetricsSystemImpl (MetricsSystemImpl.java:register(276)) - Sink prometheus already exists!
2019-10-03 02:04:32,473 [main] INFO  server.SCMClientProtocolServer (SCMClientProtocolServer.java:start(150)) - RPC server for Client  is listening at /0.0.0.0:34350
2019-10-03 02:04:32,474 [IPC Server Responder] INFO  ipc.Server (Server.java:run(1314)) - IPC Server Responder: starting
2019-10-03 02:04:32,474 [IPC Server listener on 34350] INFO  ipc.Server (Server.java:run(1153)) - IPC Server listener on 34350: starting
2019-10-03 02:04:32,478 [main] INFO  server.StorageContainerManager (StorageContainerManager.java:start(780)) - ScmBlockLocationProtocol RPC server is listening at /0.0.0.0:39212
2019-10-03 02:04:32,478 [main] INFO  server.SCMBlockProtocolServer (SCMBlockProtocolServer.java:start(146)) - RPC server for Block Protocol is listening at /0.0.0.0:39212
2019-10-03 02:04:32,479 [IPC Server Responder] INFO  ipc.Server (Server.java:run(1314)) - IPC Server Responder: starting
2019-10-03 02:04:32,479 [IPC Server listener on 39212] INFO  ipc.Server (Server.java:run(1153)) - IPC Server listener on 39212: starting
2019-10-03 02:04:32,483 [main] INFO  server.StorageContainerManager (StorageContainerManager.java:start(784)) - ScmDatanodeProtocl RPC server is listening at /0.0.0.0:42804
2019-10-03 02:04:32,483 [main] INFO  server.SCMDatanodeProtocolServer (SCMDatanodeProtocolServer.java:start(191)) - RPC server for DataNodes is listening at /0.0.0.0:42804
2019-10-03 02:04:32,484 [IPC Server Responder] INFO  ipc.Server (Server.java:run(1314)) - IPC Server Responder: starting
2019-10-03 02:04:32,484 [IPC Server listener on 42804] INFO  ipc.Server (Server.java:run(1153)) - IPC Server listener on 42804: starting
2019-10-03 02:04:32,488 [main] INFO  http.HttpServer2 (HttpServer2.java:bindListener(1191)) - Jetty bound to port 37470
2019-10-03 02:04:32,488 [main] INFO  server.Server (Server.java:doStart(351)) - jetty-9.3.25.v20180904, build timestamp: 2018-09-04T21:11:46Z, git hash: 3ce520221d0240229c862b122d2b06c12a625732
2019-10-03 02:04:32,490 [main] INFO  handler.ContextHandler (ContextHandler.java:doStart(781)) - Started o.e.j.s.ServletContextHandler@de81be1{/logs,file:///workdir/hadoop-ozone/ozonefs/target/log,AVAILABLE}
2019-10-03 02:04:32,491 [main] INFO  handler.ContextHandler (ContextHandler.java:doStart(781)) - Started o.e.j.s.ServletContextHandler@4519f676{/static,jar:file:/home/user/.m2/repository/org/apache/hadoop/hadoop-hdds-server-scm/0.5.0-SNAPSHOT/hadoop-hdds-server-scm-0.5.0-SNAPSHOT.jar!/webapps/static,AVAILABLE}
2019-10-03 02:04:32,532 [main] INFO  handler.ContextHandler (ContextHandler.java:doStart(781)) - Started o.e.j.w.WebAppContext@7df28f1{/,file:///tmp/jetty-0.0.0.0-37470-scm-_-any-4225718348658164625.dir/webapp/,AVAILABLE}{/scm}
2019-10-03 02:04:32,532 [main] INFO  server.AbstractConnector (AbstractConnector.java:doStart(278)) - Started ServerConnector@4087c7fc{HTTP/1.1,[http/1.1]}{0.0.0.0:37470}
2019-10-03 02:04:32,533 [main] INFO  server.Server (Server.java:doStart(419)) - Started @40765ms
2019-10-03 02:04:32,534 [main] WARN  impl.MetricsSystemImpl (MetricsSystemImpl.java:register(276)) - Sink prometheus already exists!
2019-10-03 02:04:32,536 [main] INFO  server.BaseHttpServer (BaseHttpServer.java:updateConnectorAddress(215)) - HTTP server of SCM is listening at http://0.0.0.0:37470
2019-10-03 02:04:32,536 [main] WARN  server.ServerUtils (ServerUtils.java:getDBPath(222)) - ozone.om.db.dirs is not configured. We recommend adding this setting. Falling back to ozone.metadata.dirs instead.
2019-10-03 02:04:32,536 [org.apache.hadoop.util.JvmPauseMonitor$Monitor@4cfa83f9] INFO  util.JvmPauseMonitor (JvmPauseMonitor.java:run(188)) - Starting JVM pause monitor
2019-10-03 02:04:32,550 [main] WARN  server.ServerUtils (ServerUtils.java:getDBPath(222)) - ozone.om.db.dirs is not configured. We recommend adding this setting. Falling back to ozone.metadata.dirs instead.
2019-10-03 02:04:32,551 [main] WARN  server.ServerUtils (ServerUtils.java:getDBPath(222)) - ozone.om.db.dirs is not configured. We recommend adding this setting. Falling back to ozone.metadata.dirs instead.
2019-10-03 02:04:32,552 [main] INFO  om.OzoneManager (OzoneManager.java:setOMNodeDetails(652)) - OM Service ID is not set. Setting it to the default ID: omServiceIdDefault
2019-10-03 02:04:32,553 [main] INFO  om.OzoneManager (OzoneManager.java:setOMNodeDetails(658)) - OM Node ID is not set. Setting it to the OmStorage's OmID: 4dcc175b-4a13-46de-866b-c64646d26421
2019-10-03 02:04:32,553 [main] INFO  om.OzoneManager (OzoneManager.java:loadOMHAConfigs(609)) - Found matching OM address with OMServiceId: null, OMNodeId: null, RPC Address: localhost:0 and Ratis port: 9872
2019-10-03 02:04:32,562 [main] WARN  server.ServerUtils (ServerUtils.java:getDBPath(222)) - ozone.om.db.dirs is not configured. We recommend adding this setting. Falling back to ozone.metadata.dirs instead.
2019-10-03 02:04:32,562 [main] INFO  db.DBStoreBuilder (DBStoreBuilder.java:addTable(110)) - using custom profile for table: userTable
2019-10-03 02:04:32,563 [main] INFO  db.DBStoreBuilder (DBStoreBuilder.java:processTables(161)) - Using default column profile:DBProfile.DISK for Table:userTable
2019-10-03 02:04:32,563 [main] INFO  db.DBStoreBuilder (DBStoreBuilder.java:addTable(110)) - using custom profile for table: volumeTable
2019-10-03 02:04:32,563 [main] INFO  db.DBStoreBuilder (DBStoreBuilder.java:processTables(161)) - Using default column profile:DBProfile.DISK for Table:volumeTable
2019-10-03 02:04:32,563 [main] INFO  db.DBStoreBuilder (DBStoreBuilder.java:addTable(110)) - using custom profile for table: bucketTable
2019-10-03 02:04:32,563 [main] INFO  db.DBStoreBuilder (DBStoreBuilder.java:processTables(161)) - Using default column profile:DBProfile.DISK for Table:bucketTable
2019-10-03 02:04:32,564 [main] INFO  db.DBStoreBuilder (DBStoreBuilder.java:addTable(110)) - using custom profile for table: keyTable
2019-10-03 02:04:32,564 [main] INFO  db.DBStoreBuilder (DBStoreBuilder.java:processTables(161)) - Using default column profile:DBProfile.DISK for Table:keyTable
2019-10-03 02:04:32,564 [main] INFO  db.DBStoreBuilder (DBStoreBuilder.java:addTable(110)) - using custom profile for table: deletedTable
2019-10-03 02:04:32,564 [main] INFO  db.DBStoreBuilder (DBStoreBuilder.java:processTables(161)) - Using default column profile:DBProfile.DISK for Table:deletedTable
2019-10-03 02:04:32,564 [main] INFO  db.DBStoreBuilder (DBStoreBuilder.java:addTable(110)) - using custom profile for table: openKeyTable
2019-10-03 02:04:32,565 [main] INFO  db.DBStoreBuilder (DBStoreBuilder.java:processTables(161)) - Using default column profile:DBProfile.DISK for Table:openKeyTable
2019-10-03 02:04:32,565 [main] INFO  db.DBStoreBuilder (DBStoreBuilder.java:addTable(110)) - using custom profile for table: s3Table
2019-10-03 02:04:32,565 [main] INFO  db.DBStoreBuilder (DBStoreBuilder.java:processTables(161)) - Using default column profile:DBProfile.DISK for Table:s3Table
2019-10-03 02:04:32,565 [main] INFO  db.DBStoreBuilder (DBStoreBuilder.java:addTable(110)) - using custom profile for table: multipartInfoTable
2019-10-03 02:04:32,565 [main] INFO  db.DBStoreBuilder (DBStoreBuilder.java:processTables(161)) - Using default column profile:DBProfile.DISK for Table:multipartInfoTable
2019-10-03 02:04:32,566 [main] INFO  db.DBStoreBuilder (DBStoreBuilder.java:addTable(110)) - using custom profile for table: dTokenTable
2019-10-03 02:04:32,566 [main] INFO  db.DBStoreBuilder (DBStoreBuilder.java:processTables(161)) - Using default column profile:DBProfile.DISK for Table:dTokenTable
2019-10-03 02:04:32,566 [main] INFO  db.DBStoreBuilder (DBStoreBuilder.java:addTable(110)) - using custom profile for table: s3SecretTable
2019-10-03 02:04:32,566 [main] INFO  db.DBStoreBuilder (DBStoreBuilder.java:processTables(161)) - Using default column profile:DBProfile.DISK for Table:s3SecretTable
2019-10-03 02:04:32,566 [main] INFO  db.DBStoreBuilder (DBStoreBuilder.java:addTable(110)) - using custom profile for table: prefixTable
2019-10-03 02:04:32,567 [main] INFO  db.DBStoreBuilder (DBStoreBuilder.java:processTables(161)) - Using default column profile:DBProfile.DISK for Table:prefixTable
2019-10-03 02:04:32,567 [main] INFO  db.DBStoreBuilder (DBStoreBuilder.java:addTable(110)) - using custom profile for table: default
2019-10-03 02:04:32,567 [main] INFO  db.DBStoreBuilder (DBStoreBuilder.java:processTables(167)) - Using default column profile:DBProfile.DISK for Table:default
2019-10-03 02:04:32,567 [main] INFO  db.DBStoreBuilder (DBStoreBuilder.java:getDbProfile(198)) - Using default options. DBProfile.DISK
2019-10-03 02:04:33,259 [main] INFO  ipc.CallQueueManager (CallQueueManager.java:<init>(84)) - Using callQueue: class java.util.concurrent.LinkedBlockingQueue, queueCapacity: 2000, scheduler: class org.apache.hadoop.ipc.DefaultRpcScheduler, ipcBackoff: false.
2019-10-03 02:04:33,261 [Socket Reader #1 for port 35373] INFO  ipc.Server (Server.java:run(1074)) - Starting Socket Reader #1 for port 35373
2019-10-03 02:04:33,282 [main] INFO  om.OzoneManager (OzoneManager.java:start(1243)) - OzoneManager RPC server is listening at localhost/127.0.0.1:35373
2019-10-03 02:04:33,282 [main] INFO  impl.MetricsSystemImpl (MetricsSystemImpl.java:init(158)) - OzoneManager metrics system started (again)
2019-10-03 02:04:33,282 [IPC Server Responder] INFO  ipc.Server (Server.java:run(1314)) - IPC Server Responder: starting
2019-10-03 02:04:33,284 [IPC Server listener on 35373] INFO  ipc.Server (Server.java:run(1153)) - IPC Server listener on 35373: starting
2019-10-03 02:04:33,289 [main] INFO  hdfs.DFSUtil (DFSUtil.java:httpServerTemplateForNNAndJN(1641)) - Starting Web-server for ozoneManager at: http://0.0.0.0:0
2019-10-03 02:04:33,292 [main] INFO  server.AuthenticationFilter (AuthenticationFilter.java:constructSecretProvider(240)) - Unable to initialize FileSignerSecretProvider, falling back to use random secrets.
2019-10-03 02:04:33,292 [main] WARN  http.HttpRequestLog (HttpRequestLog.java:getRequestLog(97)) - Jetty request log can only be enabled using Log4j
2019-10-03 02:04:33,295 [main] INFO  http.HttpServer2 (HttpServer2.java:addGlobalFilter(975)) - Added global filter 'safety' (class=org.apache.hadoop.http.HttpServer2$QuotingInputFilter)
2019-10-03 02:04:33,296 [main] INFO  http.HttpServer2 (HttpServer2.java:addFilter(948)) - Added filter static_user_filter (class=org.apache.hadoop.http.lib.StaticUserWebFilter$StaticUserFilter) to context ozoneManager
2019-10-03 02:04:33,296 [main] INFO  http.HttpServer2 (HttpServer2.java:addFilter(958)) - Added filter static_user_filter (class=org.apache.hadoop.http.lib.StaticUserWebFilter$StaticUserFilter) to context static
2019-10-03 02:04:33,296 [main] INFO  http.HttpServer2 (HttpServer2.java:addFilter(958)) - Added filter static_user_filter (class=org.apache.hadoop.http.lib.StaticUserWebFilter$StaticUserFilter) to context logs
2019-10-03 02:04:33,297 [main] INFO  http.HttpServer2 (HttpServer2.java:bindListener(1191)) - Jetty bound to port 39622
2019-10-03 02:04:33,297 [main] INFO  server.Server (Server.java:doStart(351)) - jetty-9.3.25.v20180904, build timestamp: 2018-09-04T21:11:46Z, git hash: 3ce520221d0240229c862b122d2b06c12a625732
2019-10-03 02:04:33,300 [main] INFO  handler.ContextHandler (ContextHandler.java:doStart(781)) - Started o.e.j.s.ServletContextHandler@1b482cbf{/logs,file:///workdir/hadoop-ozone/ozonefs/target/log,AVAILABLE}
2019-10-03 02:04:33,300 [main] INFO  handler.ContextHandler (ContextHandler.java:doStart(781)) - Started o.e.j.s.ServletContextHandler@7161457{/static,jar:file:/home/user/.m2/repository/org/apache/hadoop/hadoop-ozone-ozone-manager/0.5.0-SNAPSHOT/hadoop-ozone-ozone-manager-0.5.0-SNAPSHOT.jar!/webapps/static,AVAILABLE}
2019-10-03 02:04:33,361 [main] INFO  handler.ContextHandler (ContextHandler.java:doStart(781)) - Started o.e.j.w.WebAppContext@16da1abc{/,file:///tmp/jetty-0.0.0.0-39622-ozoneManager-_-any-2686804628680444354.dir/webapp/,AVAILABLE}{/ozoneManager}
2019-10-03 02:04:33,362 [main] INFO  server.AbstractConnector (AbstractConnector.java:doStart(278)) - Started ServerConnector@671ea6ff{HTTP/1.1,[http/1.1]}{0.0.0.0:39622}
2019-10-03 02:04:33,363 [main] INFO  server.Server (Server.java:doStart(419)) - Started @41594ms
2019-10-03 02:04:33,363 [main] WARN  impl.MetricsSystemImpl (MetricsSystemImpl.java:register(276)) - Sink prometheus already exists!
2019-10-03 02:04:33,364 [main] INFO  server.BaseHttpServer (BaseHttpServer.java:updateConnectorAddress(215)) - HTTP server of OZONEMANAGER is listening at http://0.0.0.0:39622
2019-10-03 02:04:33,377 [main] INFO  impl.MetricsSystemImpl (MetricsSystemImpl.java:init(158)) - HddsDatanode metrics system started (again)
2019-10-03 02:04:33,380 [main] INFO  ozone.HddsDatanodeService (HddsDatanodeService.java:start(184)) - HddsDatanodeService host:pr-hdds-1737-89jld-2007629010 ip:192.168.164.205
2019-10-03 02:04:33,387 [main] INFO  volume.HddsVolume (HddsVolume.java:<init>(176)) - Creating Volume: /workdir/hadoop-ozone/ozonefs/target/test-dir/MiniOzoneClusterImpl-45ef7942-3c9d-45da-a7f2-71ffeedf5eef/datanode-0/data/containers/hdds of  storage type : DISK and capacity : 1482555576320
2019-10-03 02:04:33,388 [main] INFO  volume.VolumeSet (VolumeSet.java:initializeVolumeSet(170)) - Added Volume : /workdir/hadoop-ozone/ozonefs/target/test-dir/MiniOzoneClusterImpl-45ef7942-3c9d-45da-a7f2-71ffeedf5eef/datanode-0/data/containers/hdds to VolumeSet
2019-10-03 02:04:33,388 [main] INFO  volume.ThrottledAsyncChecker (ThrottledAsyncChecker.java:schedule(139)) - Scheduling a check for org.apache.hadoop.ozone.container.common.volume.HddsVolume@10e5bf9c
2019-10-03 02:04:33,389 [main] INFO  volume.HddsVolumeChecker (HddsVolumeChecker.java:checkAllVolumes(202)) - Scheduled health check for volume org.apache.hadoop.ozone.container.common.volume.HddsVolume@10e5bf9c
2019-10-03 02:04:33,414 [main] INFO  impl.RaftServerProxy (ConfUtils.java:logGet(43)) - raft.rpc.type = GRPC (default)
2019-10-03 02:04:33,415 [main] INFO  grpc.GrpcFactory (GrpcFactory.java:checkPooledByteBufAllocatorUseCacheForAllThreads(45)) - PERFORMANCE WARNING: useCacheForAllThreads is true that may cause Netty to create a lot garbage objects and, as a result, trigger GC.
	It is recommended to disable useCacheForAllThreads by setting -Dorg.apache.ratis.thirdparty.io.netty.allocator.useCacheForAllThreads=false in command line.
2019-10-03 02:04:33,415 [main] INFO  grpc.GrpcConfigKeys$Server (ConfUtils.java:logGet(43)) - raft.grpc.server.port = 0 (default)
2019-10-03 02:04:33,415 [main] INFO  server.GrpcService (ConfUtils.java:logGet(43)) - raft.grpc.message.size.max = 33570816 (custom)
2019-10-03 02:04:33,415 [main] INFO  server.RaftServerConfigKeys (ConfUtils.java:logGet(43)) - raft.server.log.appender.buffer.byte-limit = 33554432 (custom)
2019-10-03 02:04:33,416 [main] INFO  server.GrpcService (ConfUtils.java:logGet(43)) - raft.grpc.flow.control.window = 1MB (=1048576) (default)
2019-10-03 02:04:33,416 [main] INFO  server.RaftServerConfigKeys (ConfUtils.java:logGet(43)) - raft.server.rpc.request.timeout = 3000ms (default)
2019-10-03 02:04:33,417 [main] INFO  server.RaftServerConfigKeys (ConfUtils.java:logGet(43)) - raft.server.storage.dir = [/workdir/hadoop-ozone/ozonefs/target/test-dir/MiniOzoneClusterImpl-45ef7942-3c9d-45da-a7f2-71ffeedf5eef/datanode-0/data/ratis] (custom)
2019-10-03 02:04:33,419 [main] INFO  hdfs.DFSUtil (DFSUtil.java:httpServerTemplateForNNAndJN(1641)) - Starting Web-server for hddsDatanode at: http://0.0.0.0:0
2019-10-03 02:04:33,422 [main] INFO  server.AuthenticationFilter (AuthenticationFilter.java:constructSecretProvider(240)) - Unable to initialize FileSignerSecretProvider, falling back to use random secrets.
2019-10-03 02:04:33,422 [main] WARN  http.HttpRequestLog (HttpRequestLog.java:getRequestLog(97)) - Jetty request log can only be enabled using Log4j
2019-10-03 02:04:33,426 [main] INFO  http.HttpServer2 (HttpServer2.java:addGlobalFilter(975)) - Added global filter 'safety' (class=org.apache.hadoop.http.HttpServer2$QuotingInputFilter)
2019-10-03 02:04:33,427 [main] INFO  http.HttpServer2 (HttpServer2.java:addFilter(948)) - Added filter static_user_filter (class=org.apache.hadoop.http.lib.StaticUserWebFilter$StaticUserFilter) to context hddsDatanode
2019-10-03 02:04:33,428 [main] INFO  http.HttpServer2 (HttpServer2.java:addFilter(958)) - Added filter static_user_filter (class=org.apache.hadoop.http.lib.StaticUserWebFilter$StaticUserFilter) to context logs
2019-10-03 02:04:33,428 [main] INFO  http.HttpServer2 (HttpServer2.java:addFilter(958)) - Added filter static_user_filter (class=org.apache.hadoop.http.lib.StaticUserWebFilter$StaticUserFilter) to context static
2019-10-03 02:04:33,429 [main] INFO  http.HttpServer2 (HttpServer2.java:bindListener(1191)) - Jetty bound to port 44114
2019-10-03 02:04:33,429 [main] INFO  server.Server (Server.java:doStart(351)) - jetty-9.3.25.v20180904, build timestamp: 2018-09-04T21:11:46Z, git hash: 3ce520221d0240229c862b122d2b06c12a625732
2019-10-03 02:04:33,432 [main] INFO  handler.ContextHandler (ContextHandler.java:doStart(781)) - Started o.e.j.s.ServletContextHandler@2fd72332{/logs,file:///workdir/hadoop-ozone/ozonefs/target/log,AVAILABLE}
2019-10-03 02:04:33,433 [main] INFO  handler.ContextHandler (ContextHandler.java:doStart(781)) - Started o.e.j.s.ServletContextHandler@60ed12e8{/static,jar:file:/home/user/.m2/repository/org/apache/hadoop/hadoop-hdds-container-service/0.5.0-SNAPSHOT/hadoop-hdds-container-service-0.5.0-SNAPSHOT.jar!/webapps/static,AVAILABLE}
2019-10-03 02:04:33,482 [main] INFO  handler.ContextHandler (ContextHandler.java:doStart(781)) - Started o.e.j.w.WebAppContext@f0a66bd{/,file:///tmp/jetty-0.0.0.0-44114-hddsDatanode-_-any-6397736700119159345.dir/webapp/,AVAILABLE}{/hddsDatanode}
2019-10-03 02:04:33,483 [main] INFO  server.AbstractConnector (AbstractConnector.java:doStart(278)) - Started ServerConnector@460b50df{HTTP/1.1,[http/1.1]}{0.0.0.0:44114}
2019-10-03 02:04:33,484 [main] INFO  server.Server (Server.java:doStart(419)) - Started @41716ms
2019-10-03 02:04:33,485 [main] WARN  impl.MetricsSystemImpl (MetricsSystemImpl.java:register(276)) - Sink prometheus already exists!
2019-10-03 02:04:33,485 [main] INFO  server.BaseHttpServer (BaseHttpServer.java:updateConnectorAddress(215)) - HTTP server of HDDSDATANODE is listening at http://0.0.0.0:44114
2019-10-03 02:04:33,486 [main] INFO  impl.MetricsSystemImpl (MetricsSystemImpl.java:init(158)) - HddsDatanode metrics system started (again)
2019-10-03 02:04:33,491 [org.apache.hadoop.util.JvmPauseMonitor$Monitor@6347451b] INFO  util.JvmPauseMonitor (JvmPauseMonitor.java:run(188)) - Starting JVM pause monitor
2019-10-03 02:04:33,492 [main] INFO  ozone.HddsDatanodeService (HddsDatanodeService.java:start(184)) - HddsDatanodeService host:pr-hdds-1737-89jld-2007629010 ip:192.168.164.205
2019-10-03 02:04:33,494 [Datanode State Machine Thread - 0] INFO  datanode.InitDatanodeState (InitDatanodeState.java:persistContainerDatanodeDetails(140)) - DatanodeDetails is persisted to /workdir/hadoop-ozone/ozonefs/target/test-dir/MiniOzoneClusterImpl-45ef7942-3c9d-45da-a7f2-71ffeedf5eef/datanode-0/meta/datanode.id
2019-10-03 02:04:33,501 [main] INFO  volume.HddsVolume (HddsVolume.java:<init>(176)) - Creating Volume: /workdir/hadoop-ozone/ozonefs/target/test-dir/MiniOzoneClusterImpl-45ef7942-3c9d-45da-a7f2-71ffeedf5eef/datanode-1/data/containers/hdds of  storage type : DISK and capacity : 1482555576320
2019-10-03 02:04:33,502 [main] INFO  volume.VolumeSet (VolumeSet.java:initializeVolumeSet(170)) - Added Volume : /workdir/hadoop-ozone/ozonefs/target/test-dir/MiniOzoneClusterImpl-45ef7942-3c9d-45da-a7f2-71ffeedf5eef/datanode-1/data/containers/hdds to VolumeSet
2019-10-03 02:04:33,502 [main] INFO  volume.ThrottledAsyncChecker (ThrottledAsyncChecker.java:schedule(139)) - Scheduling a check for org.apache.hadoop.ozone.container.common.volume.HddsVolume@4735d6e5
2019-10-03 02:04:33,503 [main] INFO  volume.HddsVolumeChecker (HddsVolumeChecker.java:checkAllVolumes(202)) - Scheduled health check for volume org.apache.hadoop.ozone.container.common.volume.HddsVolume@4735d6e5
2019-10-03 02:04:33,539 [main] INFO  impl.RaftServerProxy (ConfUtils.java:logGet(43)) - raft.rpc.type = GRPC (default)
2019-10-03 02:04:33,539 [main] INFO  grpc.GrpcFactory (GrpcFactory.java:checkPooledByteBufAllocatorUseCacheForAllThreads(45)) - PERFORMANCE WARNING: useCacheForAllThreads is true that may cause Netty to create a lot garbage objects and, as a result, trigger GC.
	It is recommended to disable useCacheForAllThreads by setting -Dorg.apache.ratis.thirdparty.io.netty.allocator.useCacheForAllThreads=false in command line.
2019-10-03 02:04:33,540 [main] INFO  grpc.GrpcConfigKeys$Server (ConfUtils.java:logGet(43)) - raft.grpc.server.port = 0 (default)
2019-10-03 02:04:33,540 [main] INFO  server.GrpcService (ConfUtils.java:logGet(43)) - raft.grpc.message.size.max = 33570816 (custom)
2019-10-03 02:04:33,540 [main] INFO  server.RaftServerConfigKeys (ConfUtils.java:logGet(43)) - raft.server.log.appender.buffer.byte-limit = 33554432 (custom)
2019-10-03 02:04:33,540 [main] INFO  server.GrpcService (ConfUtils.java:logGet(43)) - raft.grpc.flow.control.window = 1MB (=1048576) (default)
2019-10-03 02:04:33,541 [main] INFO  server.RaftServerConfigKeys (ConfUtils.java:logGet(43)) - raft.server.rpc.request.timeout = 3000ms (default)
2019-10-03 02:04:33,542 [main] INFO  server.RaftServerConfigKeys (ConfUtils.java:logGet(43)) - raft.server.storage.dir = [/workdir/hadoop-ozone/ozonefs/target/test-dir/MiniOzoneClusterImpl-45ef7942-3c9d-45da-a7f2-71ffeedf5eef/datanode-1/data/ratis] (custom)
2019-10-03 02:04:33,544 [main] INFO  hdfs.DFSUtil (DFSUtil.java:httpServerTemplateForNNAndJN(1641)) - Starting Web-server for hddsDatanode at: http://0.0.0.0:0
2019-10-03 02:04:33,547 [main] INFO  server.AuthenticationFilter (AuthenticationFilter.java:constructSecretProvider(240)) - Unable to initialize FileSignerSecretProvider, falling back to use random secrets.
2019-10-03 02:04:33,548 [main] WARN  http.HttpRequestLog (HttpRequestLog.java:getRequestLog(97)) - Jetty request log can only be enabled using Log4j
2019-10-03 02:04:33,552 [main] INFO  http.HttpServer2 (HttpServer2.java:addGlobalFilter(975)) - Added global filter 'safety' (class=org.apache.hadoop.http.HttpServer2$QuotingInputFilter)
2019-10-03 02:04:33,554 [main] INFO  http.HttpServer2 (HttpServer2.java:addFilter(948)) - Added filter static_user_filter (class=org.apache.hadoop.http.lib.StaticUserWebFilter$StaticUserFilter) to context hddsDatanode
2019-10-03 02:04:33,554 [main] INFO  http.HttpServer2 (HttpServer2.java:addFilter(958)) - Added filter static_user_filter (class=org.apache.hadoop.http.lib.StaticUserWebFilter$StaticUserFilter) to context static
2019-10-03 02:04:33,554 [main] INFO  http.HttpServer2 (HttpServer2.java:addFilter(958)) - Added filter static_user_filter (class=org.apache.hadoop.http.lib.StaticUserWebFilter$StaticUserFilter) to context logs
2019-10-03 02:04:33,556 [main] INFO  http.HttpServer2 (HttpServer2.java:bindListener(1191)) - Jetty bound to port 44872
2019-10-03 02:04:33,556 [main] INFO  server.Server (Server.java:doStart(351)) - jetty-9.3.25.v20180904, build timestamp: 2018-09-04T21:11:46Z, git hash: 3ce520221d0240229c862b122d2b06c12a625732
2019-10-03 02:04:33,559 [main] INFO  handler.ContextHandler (ContextHandler.java:doStart(781)) - Started o.e.j.s.ServletContextHandler@67cffead{/logs,file:///workdir/hadoop-ozone/ozonefs/target/log,AVAILABLE}
2019-10-03 02:04:33,560 [main] INFO  handler.ContextHandler (ContextHandler.java:doStart(781)) - Started o.e.j.s.ServletContextHandler@1ff15a50{/static,jar:file:/home/user/.m2/repository/org/apache/hadoop/hadoop-hdds-container-service/0.5.0-SNAPSHOT/hadoop-hdds-container-service-0.5.0-SNAPSHOT.jar!/webapps/static,AVAILABLE}
2019-10-03 02:04:33,606 [main] INFO  handler.ContextHandler (ContextHandler.java:doStart(781)) - Started o.e.j.w.WebAppContext@4f2d014a{/,file:///tmp/jetty-0.0.0.0-44872-hddsDatanode-_-any-4996200687061779891.dir/webapp/,AVAILABLE}{/hddsDatanode}
2019-10-03 02:04:33,606 [main] INFO  server.AbstractConnector (AbstractConnector.java:doStart(278)) - Started ServerConnector@51fc862e{HTTP/1.1,[http/1.1]}{0.0.0.0:44872}
2019-10-03 02:04:33,608 [main] INFO  server.Server (Server.java:doStart(419)) - Started @41839ms
2019-10-03 02:04:33,608 [main] WARN  impl.MetricsSystemImpl (MetricsSystemImpl.java:register(276)) - Sink prometheus already exists!
2019-10-03 02:04:33,609 [main] INFO  server.BaseHttpServer (BaseHttpServer.java:updateConnectorAddress(215)) - HTTP server of HDDSDATANODE is listening at http://0.0.0.0:44872
2019-10-03 02:04:33,609 [main] INFO  impl.MetricsSystemImpl (MetricsSystemImpl.java:init(158)) - HddsDatanode metrics system started (again)
2019-10-03 02:04:33,614 [org.apache.hadoop.util.JvmPauseMonitor$Monitor@2f2df017] INFO  util.JvmPauseMonitor (JvmPauseMonitor.java:run(188)) - Starting JVM pause monitor
2019-10-03 02:04:33,615 [main] INFO  ozone.HddsDatanodeService (HddsDatanodeService.java:start(184)) - HddsDatanodeService host:pr-hdds-1737-89jld-2007629010 ip:192.168.164.205
2019-10-03 02:04:33,617 [Datanode State Machine Thread - 0] INFO  datanode.InitDatanodeState (InitDatanodeState.java:persistContainerDatanodeDetails(140)) - DatanodeDetails is persisted to /workdir/hadoop-ozone/ozonefs/target/test-dir/MiniOzoneClusterImpl-45ef7942-3c9d-45da-a7f2-71ffeedf5eef/datanode-1/meta/datanode.id
2019-10-03 02:04:33,623 [main] INFO  volume.HddsVolume (HddsVolume.java:<init>(176)) - Creating Volume: /workdir/hadoop-ozone/ozonefs/target/test-dir/MiniOzoneClusterImpl-45ef7942-3c9d-45da-a7f2-71ffeedf5eef/datanode-2/data/containers/hdds of  storage type : DISK and capacity : 1482555576320
2019-10-03 02:04:33,624 [main] INFO  volume.VolumeSet (VolumeSet.java:initializeVolumeSet(170)) - Added Volume : /workdir/hadoop-ozone/ozonefs/target/test-dir/MiniOzoneClusterImpl-45ef7942-3c9d-45da-a7f2-71ffeedf5eef/datanode-2/data/containers/hdds to VolumeSet
2019-10-03 02:04:33,624 [main] INFO  volume.ThrottledAsyncChecker (ThrottledAsyncChecker.java:schedule(139)) - Scheduling a check for org.apache.hadoop.ozone.container.common.volume.HddsVolume@6b4fc2d1
2019-10-03 02:04:33,625 [main] INFO  volume.HddsVolumeChecker (HddsVolumeChecker.java:checkAllVolumes(202)) - Scheduled health check for volume org.apache.hadoop.ozone.container.common.volume.HddsVolume@6b4fc2d1
2019-10-03 02:04:33,654 [main] INFO  impl.RaftServerProxy (ConfUtils.java:logGet(43)) - raft.rpc.type = GRPC (default)
2019-10-03 02:04:33,654 [main] INFO  grpc.GrpcFactory (GrpcFactory.java:checkPooledByteBufAllocatorUseCacheForAllThreads(45)) - PERFORMANCE WARNING: useCacheForAllThreads is true that may cause Netty to create a lot garbage objects and, as a result, trigger GC.
	It is recommended to disable useCacheForAllThreads by setting -Dorg.apache.ratis.thirdparty.io.netty.allocator.useCacheForAllThreads=false in command line.
2019-10-03 02:04:33,655 [main] INFO  grpc.GrpcConfigKeys$Server (ConfUtils.java:logGet(43)) - raft.grpc.server.port = 0 (default)
2019-10-03 02:04:33,655 [main] INFO  server.GrpcService (ConfUtils.java:logGet(43)) - raft.grpc.message.size.max = 33570816 (custom)
2019-10-03 02:04:33,655 [main] INFO  server.RaftServerConfigKeys (ConfUtils.java:logGet(43)) - raft.server.log.appender.buffer.byte-limit = 33554432 (custom)
2019-10-03 02:04:33,655 [main] INFO  server.GrpcService (ConfUtils.java:logGet(43)) - raft.grpc.flow.control.window = 1MB (=1048576) (default)
2019-10-03 02:04:33,656 [main] INFO  server.RaftServerConfigKeys (ConfUtils.java:logGet(43)) - raft.server.rpc.request.timeout = 3000ms (default)
2019-10-03 02:04:33,656 [main] INFO  server.RaftServerConfigKeys (ConfUtils.java:logGet(43)) - raft.server.storage.dir = [/workdir/hadoop-ozone/ozonefs/target/test-dir/MiniOzoneClusterImpl-45ef7942-3c9d-45da-a7f2-71ffeedf5eef/datanode-2/data/ratis] (custom)
2019-10-03 02:04:33,658 [main] INFO  hdfs.DFSUtil (DFSUtil.java:httpServerTemplateForNNAndJN(1641)) - Starting Web-server for hddsDatanode at: http://0.0.0.0:0
2019-10-03 02:04:33,661 [main] INFO  server.AuthenticationFilter (AuthenticationFilter.java:constructSecretProvider(240)) - Unable to initialize FileSignerSecretProvider, falling back to use random secrets.
2019-10-03 02:04:33,661 [main] WARN  http.HttpRequestLog (HttpRequestLog.java:getRequestLog(97)) - Jetty request log can only be enabled using Log4j
2019-10-03 02:04:33,664 [main] INFO  http.HttpServer2 (HttpServer2.java:addGlobalFilter(975)) - Added global filter 'safety' (class=org.apache.hadoop.http.HttpServer2$QuotingInputFilter)
2019-10-03 02:04:33,665 [main] INFO  http.HttpServer2 (HttpServer2.java:addFilter(948)) - Added filter static_user_filter (class=org.apache.hadoop.http.lib.StaticUserWebFilter$StaticUserFilter) to context hddsDatanode
2019-10-03 02:04:33,666 [main] INFO  http.HttpServer2 (HttpServer2.java:addFilter(958)) - Added filter static_user_filter (class=org.apache.hadoop.http.lib.StaticUserWebFilter$StaticUserFilter) to context static
2019-10-03 02:04:33,666 [main] INFO  http.HttpServer2 (HttpServer2.java:addFilter(958)) - Added filter static_user_filter (class=org.apache.hadoop.http.lib.StaticUserWebFilter$StaticUserFilter) to context logs
2019-10-03 02:04:33,667 [main] INFO  http.HttpServer2 (HttpServer2.java:bindListener(1191)) - Jetty bound to port 34219
2019-10-03 02:04:33,667 [main] INFO  server.Server (Server.java:doStart(351)) - jetty-9.3.25.v20180904, build timestamp: 2018-09-04T21:11:46Z, git hash: 3ce520221d0240229c862b122d2b06c12a625732
2019-10-03 02:04:33,670 [main] INFO  handler.ContextHandler (ContextHandler.java:doStart(781)) - Started o.e.j.s.ServletContextHandler@6411504a{/logs,file:///workdir/hadoop-ozone/ozonefs/target/log,AVAILABLE}
2019-10-03 02:04:33,671 [main] INFO  handler.ContextHandler (ContextHandler.java:doStart(781)) - Started o.e.j.s.ServletContextHandler@1f43cab7{/static,jar:file:/home/user/.m2/repository/org/apache/hadoop/hadoop-hdds-container-service/0.5.0-SNAPSHOT/hadoop-hdds-container-service-0.5.0-SNAPSHOT.jar!/webapps/static,AVAILABLE}
2019-10-03 02:04:33,718 [main] INFO  handler.ContextHandler (ContextHandler.java:doStart(781)) - Started o.e.j.w.WebAppContext@7ccfdaef{/,file:///tmp/jetty-0.0.0.0-34219-hddsDatanode-_-any-5721556441553696545.dir/webapp/,AVAILABLE}{/hddsDatanode}
2019-10-03 02:04:33,719 [main] INFO  server.AbstractConnector (AbstractConnector.java:doStart(278)) - Started ServerConnector@a6e4897{HTTP/1.1,[http/1.1]}{0.0.0.0:34219}
2019-10-03 02:04:33,721 [main] INFO  server.Server (Server.java:doStart(419)) - Started @41953ms
2019-10-03 02:04:33,721 [main] WARN  impl.MetricsSystemImpl (MetricsSystemImpl.java:register(276)) - Sink prometheus already exists!
2019-10-03 02:04:33,722 [main] INFO  server.BaseHttpServer (BaseHttpServer.java:updateConnectorAddress(215)) - HTTP server of HDDSDATANODE is listening at http://0.0.0.0:34219
2019-10-03 02:04:33,723 [main] INFO  ozone.MiniOzoneClusterImpl (MiniOzoneClusterImpl.java:lambda$waitForClusterToBeReady$0(147)) - Waiting for cluster to be ready. Got 0 of 3 DN Heartbeats.
2019-10-03 02:04:33,727 [org.apache.hadoop.util.JvmPauseMonitor$Monitor@6ac5238] INFO  util.JvmPauseMonitor (JvmPauseMonitor.java:run(188)) - Starting JVM pause monitor
2019-10-03 02:04:33,729 [Datanode State Machine Thread - 0] INFO  datanode.InitDatanodeState (InitDatanodeState.java:persistContainerDatanodeDetails(140)) - DatanodeDetails is persisted to /workdir/hadoop-ozone/ozonefs/target/test-dir/MiniOzoneClusterImpl-45ef7942-3c9d-45da-a7f2-71ffeedf5eef/datanode-2/meta/datanode.id
2019-10-03 02:04:34,727 [main] INFO  ozone.MiniOzoneClusterImpl (MiniOzoneClusterImpl.java:lambda$waitForClusterToBeReady$0(147)) - Waiting for cluster to be ready. Got 0 of 3 DN Heartbeats.
2019-10-03 02:04:35,513 [Datanode State Machine Thread - 0] INFO  ozoneimpl.OzoneContainer (OzoneContainer.java:start(217)) - Attempting to start container services.
2019-10-03 02:04:35,514 [Datanode State Machine Thread - 0] INFO  ozoneimpl.OzoneContainer (OzoneContainer.java:startContainerScrub(179)) - Background container scanner has been disabled.
2019-10-03 02:04:35,514 [Datanode State Machine Thread - 0] INFO  ratis.XceiverServerRatis (XceiverServerRatis.java:start(417)) - Starting XceiverServerRatis ae30b09a-3f92-4901-8c0e-33d58823c940 at port 0
2019-10-03 02:04:35,522 [Datanode State Machine Thread - 0] INFO  impl.RaftServerProxy (RaftServerProxy.java:lambda$start$3(299)) - ae30b09a-3f92-4901-8c0e-33d58823c940: start RPC server
2019-10-03 02:04:35,527 [Datanode State Machine Thread - 0] INFO  server.GrpcService (GrpcService.java:startImpl(158)) - ae30b09a-3f92-4901-8c0e-33d58823c940: GrpcService started, listening on 0.0.0.0/0.0.0.0:35374
2019-10-03 02:04:35,527 [Datanode State Machine Thread - 0] INFO  ratis.XceiverServerRatis (XceiverServerRatis.java:start(427)) - XceiverServerRatis ae30b09a-3f92-4901-8c0e-33d58823c940 is started using port 35374
2019-10-03 02:04:35,528 [Datanode State Machine Thread - 0] INFO  server.XceiverServerGrpc (XceiverServerGrpc.java:start(149)) - XceiverServerGrpc ae30b09a-3f92-4901-8c0e-33d58823c940 is started using port 37588
2019-10-03 02:04:35,643 [Datanode State Machine Thread - 0] INFO  ozoneimpl.OzoneContainer (OzoneContainer.java:start(217)) - Attempting to start container services.
2019-10-03 02:04:35,643 [Datanode State Machine Thread - 0] INFO  ozoneimpl.OzoneContainer (OzoneContainer.java:startContainerScrub(179)) - Background container scanner has been disabled.
2019-10-03 02:04:35,643 [Datanode State Machine Thread - 0] INFO  ratis.XceiverServerRatis (XceiverServerRatis.java:start(417)) - Starting XceiverServerRatis c143e33d-a1b2-4e06-a885-12eed5c500ae at port 0
2019-10-03 02:04:35,651 [Datanode State Machine Thread - 0] INFO  impl.RaftServerProxy (RaftServerProxy.java:lambda$start$3(299)) - c143e33d-a1b2-4e06-a885-12eed5c500ae: start RPC server
2019-10-03 02:04:35,651 [Datanode State Machine Thread - 0] INFO  server.GrpcService (GrpcService.java:startImpl(158)) - c143e33d-a1b2-4e06-a885-12eed5c500ae: GrpcService started, listening on 0.0.0.0/0.0.0.0:43776
2019-10-03 02:04:35,652 [Datanode State Machine Thread - 0] INFO  ratis.XceiverServerRatis (XceiverServerRatis.java:start(427)) - XceiverServerRatis c143e33d-a1b2-4e06-a885-12eed5c500ae is started using port 43776
2019-10-03 02:04:35,658 [Datanode State Machine Thread - 0] INFO  server.XceiverServerGrpc (XceiverServerGrpc.java:start(149)) - XceiverServerGrpc c143e33d-a1b2-4e06-a885-12eed5c500ae is started using port 33295
2019-10-03 02:04:35,728 [main] INFO  ozone.MiniOzoneClusterImpl (MiniOzoneClusterImpl.java:lambda$waitForClusterToBeReady$0(147)) - Waiting for cluster to be ready. Got 0 of 3 DN Heartbeats.
2019-10-03 02:04:35,742 [Datanode State Machine Thread - 0] INFO  ozoneimpl.OzoneContainer (OzoneContainer.java:start(217)) - Attempting to start container services.
2019-10-03 02:04:35,743 [Datanode State Machine Thread - 0] INFO  ozoneimpl.OzoneContainer (OzoneContainer.java:startContainerScrub(179)) - Background container scanner has been disabled.
2019-10-03 02:04:35,743 [Datanode State Machine Thread - 0] INFO  ratis.XceiverServerRatis (XceiverServerRatis.java:start(417)) - Starting XceiverServerRatis 24f0c7fa-6093-49fc-a802-1ab16539b9a6 at port 0
2019-10-03 02:04:35,750 [Datanode State Machine Thread - 0] INFO  impl.RaftServerProxy (RaftServerProxy.java:lambda$start$3(299)) - 24f0c7fa-6093-49fc-a802-1ab16539b9a6: start RPC server
2019-10-03 02:04:35,751 [Datanode State Machine Thread - 0] INFO  server.GrpcService (GrpcService.java:startImpl(158)) - 24f0c7fa-6093-49fc-a802-1ab16539b9a6: GrpcService started, listening on 0.0.0.0/0.0.0.0:34153
2019-10-03 02:04:35,751 [Datanode State Machine Thread - 0] INFO  ratis.XceiverServerRatis (XceiverServerRatis.java:start(427)) - XceiverServerRatis 24f0c7fa-6093-49fc-a802-1ab16539b9a6 is started using port 34153
2019-10-03 02:04:35,753 [Datanode State Machine Thread - 0] INFO  server.XceiverServerGrpc (XceiverServerGrpc.java:start(149)) - XceiverServerGrpc 24f0c7fa-6093-49fc-a802-1ab16539b9a6 is started using port 39210
2019-10-03 02:04:36,728 [main] INFO  ozone.MiniOzoneClusterImpl (MiniOzoneClusterImpl.java:lambda$waitForClusterToBeReady$0(147)) - Waiting for cluster to be ready. Got 0 of 3 DN Heartbeats.
2019-10-03 02:04:37,497 [IPC Server handler 0 on 42804] INFO  net.NetworkTopology (NetworkTopologyImpl.java:add(111)) - Added a new node: /default-rack/ae30b09a-3f92-4901-8c0e-33d58823c940
2019-10-03 02:04:37,499 [IPC Server handler 0 on 42804] INFO  node.SCMNodeManager (SCMNodeManager.java:register(266)) - Registered Data node : ae30b09a-3f92-4901-8c0e-33d58823c940{ip: 192.168.164.205, host: pr-hdds-1737-89jld-2007629010, networkLocation: /default-rack, certSerialId: null}
2019-10-03 02:04:37,500 [EventQueue-NodeRegistrationContainerReportForDataNodeSafeModeRule] INFO  safemode.SCMSafeModeManager (DataNodeSafeModeRule.java:process(71)) - SCM in safe mode. 1 DataNodes registered, 1 required.
2019-10-03 02:04:37,502 [EventQueue-NodeRegistrationContainerReportForDataNodeSafeModeRule] INFO  safemode.SCMSafeModeManager (SCMSafeModeManager.java:validateSafeModeExitRules(177)) - ScmSafeModeManager, all rules are successfully validated
2019-10-03 02:04:37,502 [EventQueue-NodeRegistrationContainerReportForDataNodeSafeModeRule] INFO  safemode.SCMSafeModeManager (SCMSafeModeManager.java:exitSafeMode(193)) - SCM exiting safe mode.
2019-10-03 02:04:37,528 [grpc-default-executor-0] INFO  impl.RaftServerProxy (RaftServerProxy.java:addNew(89)) - ae30b09a-3f92-4901-8c0e-33d58823c940: addNew group-7980A3276268:[ae30b09a-3f92-4901-8c0e-33d58823c940:192.168.164.205:35374] returns group-7980A3276268:java.util.concurrent.CompletableFuture@23032698[Not completed]
2019-10-03 02:04:37,531 [pool-127-thread-1] INFO  impl.RaftServerImpl (RaftServerImpl.java:<init>(95)) - ae30b09a-3f92-4901-8c0e-33d58823c940: new RaftServerImpl for group-7980A3276268:[ae30b09a-3f92-4901-8c0e-33d58823c940:192.168.164.205:35374] with ContainerStateMachine:uninitialized
2019-10-03 02:04:37,532 [pool-127-thread-1] INFO  server.RaftServerConfigKeys (ConfUtils.java:logGet(43)) - raft.server.rpc.timeout.min = 5s (custom)
2019-10-03 02:04:37,532 [pool-127-thread-1] INFO  server.RaftServerConfigKeys (ConfUtils.java:logGet(43)) - raft.server.rpc.timeout.max = 5200ms (custom)
2019-10-03 02:04:37,532 [pool-127-thread-1] INFO  server.RaftServerConfigKeys (ConfUtils.java:logGet(43)) - raft.server.rpcslowness.timeout = 120s (custom)
2019-10-03 02:04:37,532 [pool-127-thread-1] INFO  server.RaftServerConfigKeys (ConfUtils.java:logGet(43)) - raft.server.sleep.deviation.threshold = 300 (default)
2019-10-03 02:04:37,533 [pool-127-thread-1] INFO  server.RaftServerConfigKeys (ConfUtils.java:logGet(43)) - raft.server.log.appender.install.snapshot.enabled = false (custom)
2019-10-03 02:04:37,533 [pool-127-thread-1] INFO  impl.RaftServerImpl (ServerState.java:<init>(103)) - ae30b09a-3f92-4901-8c0e-33d58823c940@group-7980A3276268: ConfigurationManager, init=-1: [ae30b09a-3f92-4901-8c0e-33d58823c940:192.168.164.205:35374], old=null, confs=<EMPTY_MAP>
2019-10-03 02:04:37,533 [pool-127-thread-1] INFO  server.RaftServerConfigKeys (ConfUtils.java:logGet(43)) - raft.server.storage.dir = [/workdir/hadoop-ozone/ozonefs/target/test-dir/MiniOzoneClusterImpl-45ef7942-3c9d-45da-a7f2-71ffeedf5eef/datanode-0/data/ratis] (custom)
2019-10-03 02:04:37,534 [pool-127-thread-1] INFO  server.RaftServerConfigKeys (ConfUtils.java:logGet(43)) - raft.server.log.corruption.policy = EXCEPTION (default)
2019-10-03 02:04:37,534 [pool-127-thread-1] INFO  storage.RaftStorageDirectory (RaftStorageDirectory.java:analyzeStorage(246)) - The storage directory /workdir/hadoop-ozone/ozonefs/target/test-dir/MiniOzoneClusterImpl-45ef7942-3c9d-45da-a7f2-71ffeedf5eef/datanode-0/data/ratis/7f29bb50-a0c1-4695-aa16-7980a3276268 does not exist. Creating ...
2019-10-03 02:04:37,549 [pool-127-thread-1] INFO  storage.RaftStorageDirectory (RaftStorageDirectory.java:tryLock(328)) - Lock on /workdir/hadoop-ozone/ozonefs/target/test-dir/MiniOzoneClusterImpl-45ef7942-3c9d-45da-a7f2-71ffeedf5eef/datanode-0/data/ratis/7f29bb50-a0c1-4695-aa16-7980a3276268/in_use.lock acquired by nodename 19677@pr-hdds-1737-89jld-2007629010
2019-10-03 02:04:37,562 [pool-127-thread-1] INFO  storage.RaftStorage (RaftStorage.java:format(84)) - Storage directory /workdir/hadoop-ozone/ozonefs/target/test-dir/MiniOzoneClusterImpl-45ef7942-3c9d-45da-a7f2-71ffeedf5eef/datanode-0/data/ratis/7f29bb50-a0c1-4695-aa16-7980a3276268 has been successfully formatted.
2019-10-03 02:04:37,563 [pool-127-thread-1] INFO  ratis.ContainerStateMachine (ContainerStateMachine.java:loadSnapshot(230)) - group-7980A3276268: The snapshot info is null. Setting the last applied indexto:(t:0, i:~)
2019-10-03 02:04:37,563 [pool-127-thread-1] INFO  server.RaftServerConfigKeys (ConfUtils.java:logGet(43)) - raft.server.notification.no-leader.timeout = 120s (custom)
2019-10-03 02:04:37,563 [pool-127-thread-1] INFO  server.RaftServerConfigKeys (ConfUtils.java:logGet(43)) - raft.server.log.use.memory = false (default)
2019-10-03 02:04:37,563 [pool-127-thread-1] INFO  server.RaftServerConfigKeys (ConfUtils.java:logGet(43)) - raft.server.log.purge.gap = 1000000 (custom)
2019-10-03 02:04:37,563 [pool-127-thread-1] INFO  server.RaftServerConfigKeys (ConfUtils.java:logGet(43)) - raft.server.log.appender.buffer.byte-limit = 33554432 (custom)
2019-10-03 02:04:37,564 [pool-127-thread-1] INFO  server.RaftServerConfigKeys (ConfUtils.java:logGet(43)) - raft.server.log.segment.size.max = 1048576 (custom)
2019-10-03 02:04:37,567 [pool-127-thread-1] INFO  server.RaftServerConfigKeys (ConfUtils.java:logGet(43)) - raft.server.log.segment.cache.num.max = 2 (custom)
2019-10-03 02:04:37,567 [pool-127-thread-1] INFO  segmented.SegmentedRaftLogWorker (SegmentedRaftLogWorker.java:<init>(173)) - new ae30b09a-3f92-4901-8c0e-33d58823c940@group-7980A3276268-SegmentedRaftLogWorker for RaftStorage:Storage Directory /workdir/hadoop-ozone/ozonefs/target/test-dir/MiniOzoneClusterImpl-45ef7942-3c9d-45da-a7f2-71ffeedf5eef/datanode-0/data/ratis/7f29bb50-a0c1-4695-aa16-7980a3276268
2019-10-03 02:04:37,567 [pool-127-thread-1] INFO  server.RaftServerConfigKeys (ConfUtils.java:logGet(43)) - raft.server.log.queue.byte-limit = 2147483647 (custom)
2019-10-03 02:04:37,568 [pool-127-thread-1] INFO  server.RaftServerConfigKeys (ConfUtils.java:logGet(43)) - raft.server.log.queue.element-limit = 1024 (custom)
2019-10-03 02:04:37,568 [pool-127-thread-1] INFO  server.RaftServerConfigKeys (ConfUtils.java:logGet(43)) - raft.server.log.segment.size.max = 1048576 (custom)
2019-10-03 02:04:37,568 [pool-127-thread-1] INFO  server.RaftServerConfigKeys (ConfUtils.java:logGet(43)) - raft.server.log.preallocated.size = 16384 (custom)
2019-10-03 02:04:37,568 [pool-127-thread-1] INFO  server.RaftServerConfigKeys (ConfUtils.java:logGet(43)) - raft.server.log.write.buffer.size = 33554432 (custom)
2019-10-03 02:04:37,568 [pool-127-thread-1] INFO  server.RaftServerConfigKeys (ConfUtils.java:logGet(43)) - raft.server.log.force.sync.num = 128 (default)
2019-10-03 02:04:37,568 [pool-127-thread-1] INFO  server.RaftServerConfigKeys (ConfUtils.java:logGet(43)) - raft.server.log.statemachine.data.sync = true (default)
2019-10-03 02:04:37,569 [pool-127-thread-1] INFO  server.RaftServerConfigKeys (ConfUtils.java:logGet(43)) - raft.server.log.statemachine.data.sync.timeout = 10s (default)
2019-10-03 02:04:37,569 [pool-127-thread-1] INFO  server.RaftServerConfigKeys (ConfUtils.java:logGet(43)) - raft.server.log.statemachine.data.sync.timeout.retry = -1 (default)
2019-10-03 02:04:37,570 [pool-127-thread-1] INFO  server.RaftServerConfigKeys (ConfUtils.java:logGet(43)) - raft.server.log.statemachine.data.caching.enabled = true (custom)
2019-10-03 02:04:37,570 [pool-127-thread-1] INFO  segmented.SegmentedRaftLogWorker (SegmentedRaftLogWorker.java:lambda$new$0(128)) - ae30b09a-3f92-4901-8c0e-33d58823c940@group-7980A3276268-SegmentedRaftLogWorker: flushIndex: setUnconditionally 0 -> -1
2019-10-03 02:04:37,570 [pool-127-thread-1] INFO  server.RaftServerConfigKeys (ConfUtils.java:logGet(43)) - raft.server.snapshot.auto.trigger.enabled = true (custom)
2019-10-03 02:04:37,571 [pool-127-thread-1] INFO  server.RaftServerConfigKeys (ConfUtils.java:logGet(43)) - raft.server.snapshot.auto.trigger.threshold = 10000 (custom)
2019-10-03 02:04:37,571 [pool-127-thread-1] INFO  server.RaftServerConfigKeys (ConfUtils.java:logGet(43)) - raft.server.snapshot.retention.file.num = 5 (custom)
2019-10-03 02:04:37,571 [pool-127-thread-1] INFO  server.RaftServerConfigKeys (ConfUtils.java:logGet(43)) - raft.server.retrycache.expirytime = 600000ms (custom)
2019-10-03 02:04:37,574 [pool-127-thread-1] INFO  impl.RaftServerImpl (RaftServerImpl.java:start(181)) - ae30b09a-3f92-4901-8c0e-33d58823c940@group-7980A3276268: start as a follower, conf=-1: [ae30b09a-3f92-4901-8c0e-33d58823c940:192.168.164.205:35374], old=null
2019-10-03 02:04:37,574 [pool-127-thread-1] INFO  impl.RaftServerImpl (RaftServerImpl.java:setRole(170)) - ae30b09a-3f92-4901-8c0e-33d58823c940@group-7980A3276268: changes role from      null to FOLLOWER at term 0 for startAsFollower
2019-10-03 02:04:37,575 [pool-127-thread-1] INFO  impl.RoleInfo (RoleInfo.java:updateAndGet(143)) - ae30b09a-3f92-4901-8c0e-33d58823c940: start FollowerState
2019-10-03 02:04:37,575 [pool-127-thread-1] INFO  util.JmxRegister (JmxRegister.java:tryRegister(44)) - Successfully registered JMX Bean with object name Ratis:service=RaftServer,group=group-7980A3276268,id=ae30b09a-3f92-4901-8c0e-33d58823c940
2019-10-03 02:04:37,590 [RatisPipelineUtilsThread] INFO  pipeline.PipelineStateManager (PipelineStateManager.java:addPipeline(56)) - Created pipeline Pipeline[ Id: 7f29bb50-a0c1-4695-aa16-7980a3276268, Nodes: ae30b09a-3f92-4901-8c0e-33d58823c940{ip: 192.168.164.205, host: pr-hdds-1737-89jld-2007629010, networkLocation: /default-rack, certSerialId: null}, Type:RATIS, Factor:ONE, State:OPEN]
2019-10-03 02:04:37,616 [IPC Server handler 1 on 42804] INFO  net.NetworkTopology (NetworkTopologyImpl.java:add(111)) - Added a new node: /default-rack/c143e33d-a1b2-4e06-a885-12eed5c500ae
2019-10-03 02:04:37,616 [IPC Server handler 1 on 42804] INFO  node.SCMNodeManager (SCMNodeManager.java:register(266)) - Registered Data node : c143e33d-a1b2-4e06-a885-12eed5c500ae{ip: 192.168.164.205, host: pr-hdds-1737-89jld-2007629010, networkLocation: /default-rack, certSerialId: null}
2019-10-03 02:04:37,637 [grpc-default-executor-0] INFO  impl.RaftServerProxy (RaftServerProxy.java:addNew(89)) - c143e33d-a1b2-4e06-a885-12eed5c500ae: addNew group-FBBC24038A2F:[c143e33d-a1b2-4e06-a885-12eed5c500ae:192.168.164.205:43776] returns group-FBBC24038A2F:java.util.concurrent.CompletableFuture@7921178d[Not completed]
2019-10-03 02:04:37,639 [pool-137-thread-1] INFO  impl.RaftServerImpl (RaftServerImpl.java:<init>(95)) - c143e33d-a1b2-4e06-a885-12eed5c500ae: new RaftServerImpl for group-FBBC24038A2F:[c143e33d-a1b2-4e06-a885-12eed5c500ae:192.168.164.205:43776] with ContainerStateMachine:uninitialized
2019-10-03 02:04:37,639 [pool-137-thread-1] INFO  server.RaftServerConfigKeys (ConfUtils.java:logGet(43)) - raft.server.rpc.timeout.min = 5s (custom)
2019-10-03 02:04:37,640 [pool-137-thread-1] INFO  server.RaftServerConfigKeys (ConfUtils.java:logGet(43)) - raft.server.rpc.timeout.max = 5200ms (custom)
2019-10-03 02:04:37,640 [pool-137-thread-1] INFO  server.RaftServerConfigKeys (ConfUtils.java:logGet(43)) - raft.server.rpcslowness.timeout = 120s (custom)
2019-10-03 02:04:37,640 [pool-137-thread-1] INFO  server.RaftServerConfigKeys (ConfUtils.java:logGet(43)) - raft.server.sleep.deviation.threshold = 300 (default)
2019-10-03 02:04:37,640 [pool-137-thread-1] INFO  server.RaftServerConfigKeys (ConfUtils.java:logGet(43)) - raft.server.log.appender.install.snapshot.enabled = false (custom)
2019-10-03 02:04:37,640 [pool-137-thread-1] INFO  impl.RaftServerImpl (ServerState.java:<init>(103)) - c143e33d-a1b2-4e06-a885-12eed5c500ae@group-FBBC24038A2F: ConfigurationManager, init=-1: [c143e33d-a1b2-4e06-a885-12eed5c500ae:192.168.164.205:43776], old=null, confs=<EMPTY_MAP>
2019-10-03 02:04:37,641 [pool-137-thread-1] INFO  server.RaftServerConfigKeys (ConfUtils.java:logGet(43)) - raft.server.storage.dir = [/workdir/hadoop-ozone/ozonefs/target/test-dir/MiniOzoneClusterImpl-45ef7942-3c9d-45da-a7f2-71ffeedf5eef/datanode-1/data/ratis] (custom)
2019-10-03 02:04:37,641 [pool-137-thread-1] INFO  server.RaftServerConfigKeys (ConfUtils.java:logGet(43)) - raft.server.log.corruption.policy = EXCEPTION (default)
2019-10-03 02:04:37,641 [pool-137-thread-1] INFO  storage.RaftStorageDirectory (RaftStorageDirectory.java:analyzeStorage(246)) - The storage directory /workdir/hadoop-ozone/ozonefs/target/test-dir/MiniOzoneClusterImpl-45ef7942-3c9d-45da-a7f2-71ffeedf5eef/datanode-1/data/ratis/e0b39691-2254-4b95-850e-fbbc24038a2f does not exist. Creating ...
2019-10-03 02:04:37,666 [pool-137-thread-1] INFO  storage.RaftStorageDirectory (RaftStorageDirectory.java:tryLock(328)) - Lock on /workdir/hadoop-ozone/ozonefs/target/test-dir/MiniOzoneClusterImpl-45ef7942-3c9d-45da-a7f2-71ffeedf5eef/datanode-1/data/ratis/e0b39691-2254-4b95-850e-fbbc24038a2f/in_use.lock acquired by nodename 19677@pr-hdds-1737-89jld-2007629010
2019-10-03 02:04:37,679 [pool-137-thread-1] INFO  storage.RaftStorage (RaftStorage.java:format(84)) - Storage directory /workdir/hadoop-ozone/ozonefs/target/test-dir/MiniOzoneClusterImpl-45ef7942-3c9d-45da-a7f2-71ffeedf5eef/datanode-1/data/ratis/e0b39691-2254-4b95-850e-fbbc24038a2f has been successfully formatted.
2019-10-03 02:04:37,680 [pool-137-thread-1] INFO  ratis.ContainerStateMachine (ContainerStateMachine.java:loadSnapshot(230)) - group-FBBC24038A2F: The snapshot info is null. Setting the last applied indexto:(t:0, i:~)
2019-10-03 02:04:37,680 [pool-137-thread-1] INFO  server.RaftServerConfigKeys (ConfUtils.java:logGet(43)) - raft.server.notification.no-leader.timeout = 120s (custom)
2019-10-03 02:04:37,680 [pool-137-thread-1] INFO  server.RaftServerConfigKeys (ConfUtils.java:logGet(43)) - raft.server.log.use.memory = false (default)
2019-10-03 02:04:37,680 [pool-137-thread-1] INFO  server.RaftServerConfigKeys (ConfUtils.java:logGet(43)) - raft.server.log.purge.gap = 1000000 (custom)
2019-10-03 02:04:37,681 [pool-137-thread-1] INFO  server.RaftServerConfigKeys (ConfUtils.java:logGet(43)) - raft.server.log.appender.buffer.byte-limit = 33554432 (custom)
2019-10-03 02:04:37,681 [pool-137-thread-1] INFO  server.RaftServerConfigKeys (ConfUtils.java:logGet(43)) - raft.server.log.segment.size.max = 1048576 (custom)
2019-10-03 02:04:37,684 [pool-137-thread-1] INFO  server.RaftServerConfigKeys (ConfUtils.java:logGet(43)) - raft.server.log.segment.cache.num.max = 2 (custom)
2019-10-03 02:04:37,684 [pool-137-thread-1] INFO  segmented.SegmentedRaftLogWorker (SegmentedRaftLogWorker.java:<init>(173)) - new c143e33d-a1b2-4e06-a885-12eed5c500ae@group-FBBC24038A2F-SegmentedRaftLogWorker for RaftStorage:Storage Directory /workdir/hadoop-ozone/ozonefs/target/test-dir/MiniOzoneClusterImpl-45ef7942-3c9d-45da-a7f2-71ffeedf5eef/datanode-1/data/ratis/e0b39691-2254-4b95-850e-fbbc24038a2f
2019-10-03 02:04:37,684 [pool-137-thread-1] INFO  server.RaftServerConfigKeys (ConfUtils.java:logGet(43)) - raft.server.log.queue.byte-limit = 2147483647 (custom)
2019-10-03 02:04:37,684 [pool-137-thread-1] INFO  server.RaftServerConfigKeys (ConfUtils.java:logGet(43)) - raft.server.log.queue.element-limit = 1024 (custom)
2019-10-03 02:04:37,684 [pool-137-thread-1] INFO  server.RaftServerConfigKeys (ConfUtils.java:logGet(43)) - raft.server.log.segment.size.max = 1048576 (custom)
2019-10-03 02:04:37,685 [pool-137-thread-1] INFO  server.RaftServerConfigKeys (ConfUtils.java:logGet(43)) - raft.server.log.preallocated.size = 16384 (custom)
2019-10-03 02:04:37,685 [pool-137-thread-1] INFO  server.RaftServerConfigKeys (ConfUtils.java:logGet(43)) - raft.server.log.write.buffer.size = 33554432 (custom)
2019-10-03 02:04:37,685 [pool-137-thread-1] INFO  server.RaftServerConfigKeys (ConfUtils.java:logGet(43)) - raft.server.log.force.sync.num = 128 (default)
2019-10-03 02:04:37,685 [pool-137-thread-1] INFO  server.RaftServerConfigKeys (ConfUtils.java:logGet(43)) - raft.server.log.statemachine.data.sync = true (default)
2019-10-03 02:04:37,685 [pool-137-thread-1] INFO  server.RaftServerConfigKeys (ConfUtils.java:logGet(43)) - raft.server.log.statemachine.data.sync.timeout = 10s (default)
2019-10-03 02:04:37,685 [pool-137-thread-1] INFO  server.RaftServerConfigKeys (ConfUtils.java:logGet(43)) - raft.server.log.statemachine.data.sync.timeout.retry = -1 (default)
2019-10-03 02:04:37,686 [pool-137-thread-1] INFO  server.RaftServerConfigKeys (ConfUtils.java:logGet(43)) - raft.server.log.statemachine.data.caching.enabled = true (custom)
2019-10-03 02:04:37,687 [pool-137-thread-1] INFO  segmented.SegmentedRaftLogWorker (SegmentedRaftLogWorker.java:lambda$new$0(128)) - c143e33d-a1b2-4e06-a885-12eed5c500ae@group-FBBC24038A2F-SegmentedRaftLogWorker: flushIndex: setUnconditionally 0 -> -1
2019-10-03 02:04:37,687 [pool-137-thread-1] INFO  server.RaftServerConfigKeys (ConfUtils.java:logGet(43)) - raft.server.snapshot.auto.trigger.enabled = true (custom)
2019-10-03 02:04:37,687 [pool-137-thread-1] INFO  server.RaftServerConfigKeys (ConfUtils.java:logGet(43)) - raft.server.snapshot.auto.trigger.threshold = 10000 (custom)
2019-10-03 02:04:37,687 [pool-137-thread-1] INFO  server.RaftServerConfigKeys (ConfUtils.java:logGet(43)) - raft.server.snapshot.retention.file.num = 5 (custom)
2019-10-03 02:04:37,688 [pool-137-thread-1] INFO  server.RaftServerConfigKeys (ConfUtils.java:logGet(43)) - raft.server.retrycache.expirytime = 600000ms (custom)
2019-10-03 02:04:37,690 [pool-137-thread-1] INFO  impl.RaftServerImpl (RaftServerImpl.java:start(181)) - c143e33d-a1b2-4e06-a885-12eed5c500ae@group-FBBC24038A2F: start as a follower, conf=-1: [c143e33d-a1b2-4e06-a885-12eed5c500ae:192.168.164.205:43776], old=null
2019-10-03 02:04:37,690 [pool-137-thread-1] INFO  impl.RaftServerImpl (RaftServerImpl.java:setRole(170)) - c143e33d-a1b2-4e06-a885-12eed5c500ae@group-FBBC24038A2F: changes role from      null to FOLLOWER at term 0 for startAsFollower
2019-10-03 02:04:37,691 [pool-137-thread-1] INFO  impl.RoleInfo (RoleInfo.java:updateAndGet(143)) - c143e33d-a1b2-4e06-a885-12eed5c500ae: start FollowerState
2019-10-03 02:04:37,691 [pool-137-thread-1] INFO  util.JmxRegister (JmxRegister.java:tryRegister(44)) - Successfully registered JMX Bean with object name Ratis:service=RaftServer,group=group-FBBC24038A2F,id=c143e33d-a1b2-4e06-a885-12eed5c500ae
2019-10-03 02:04:37,707 [RatisPipelineUtilsThread] INFO  pipeline.PipelineStateManager (PipelineStateManager.java:addPipeline(56)) - Created pipeline Pipeline[ Id: e0b39691-2254-4b95-850e-fbbc24038a2f, Nodes: c143e33d-a1b2-4e06-a885-12eed5c500ae{ip: 192.168.164.205, host: pr-hdds-1737-89jld-2007629010, networkLocation: /default-rack, certSerialId: null}, Type:RATIS, Factor:ONE, State:OPEN]
2019-10-03 02:04:37,729 [main] INFO  ozone.MiniOzoneClusterImpl (MiniOzoneClusterImpl.java:lambda$waitForClusterToBeReady$0(147)) - Waiting for cluster to be ready. Got 2 of 3 DN Heartbeats.
2019-10-03 02:04:37,730 [IPC Server handler 4 on 42804] INFO  net.NetworkTopology (NetworkTopologyImpl.java:add(111)) - Added a new node: /default-rack/24f0c7fa-6093-49fc-a802-1ab16539b9a6
2019-10-03 02:04:37,730 [IPC Server handler 4 on 42804] INFO  node.SCMNodeManager (SCMNodeManager.java:register(266)) - Registered Data node : 24f0c7fa-6093-49fc-a802-1ab16539b9a6{ip: 192.168.164.205, host: pr-hdds-1737-89jld-2007629010, networkLocation: /default-rack, certSerialId: null}
2019-10-03 02:04:37,744 [grpc-default-executor-0] INFO  impl.RaftServerProxy (RaftServerProxy.java:addNew(89)) - 24f0c7fa-6093-49fc-a802-1ab16539b9a6: addNew group-C293E8AF7180:[24f0c7fa-6093-49fc-a802-1ab16539b9a6:192.168.164.205:34153] returns group-C293E8AF7180:java.util.concurrent.CompletableFuture@1349193b[Not completed]
2019-10-03 02:04:37,745 [pool-147-thread-1] INFO  impl.RaftServerImpl (RaftServerImpl.java:<init>(95)) - 24f0c7fa-6093-49fc-a802-1ab16539b9a6: new RaftServerImpl for group-C293E8AF7180:[24f0c7fa-6093-49fc-a802-1ab16539b9a6:192.168.164.205:34153] with ContainerStateMachine:uninitialized
2019-10-03 02:04:37,746 [pool-147-thread-1] INFO  server.RaftServerConfigKeys (ConfUtils.java:logGet(43)) - raft.server.rpc.timeout.min = 5s (custom)
2019-10-03 02:04:37,746 [pool-147-thread-1] INFO  server.RaftServerConfigKeys (ConfUtils.java:logGet(43)) - raft.server.rpc.timeout.max = 5200ms (custom)
2019-10-03 02:04:37,746 [pool-147-thread-1] INFO  server.RaftServerConfigKeys (ConfUtils.java:logGet(43)) - raft.server.rpcslowness.timeout = 120s (custom)
2019-10-03 02:04:37,746 [pool-147-thread-1] INFO  server.RaftServerConfigKeys (ConfUtils.java:logGet(43)) - raft.server.sleep.deviation.threshold = 300 (default)
2019-10-03 02:04:37,746 [pool-147-thread-1] INFO  server.RaftServerConfigKeys (ConfUtils.java:logGet(43)) - raft.server.log.appender.install.snapshot.enabled = false (custom)
2019-10-03 02:04:37,746 [pool-147-thread-1] INFO  impl.RaftServerImpl (ServerState.java:<init>(103)) - 24f0c7fa-6093-49fc-a802-1ab16539b9a6@group-C293E8AF7180: ConfigurationManager, init=-1: [24f0c7fa-6093-49fc-a802-1ab16539b9a6:192.168.164.205:34153], old=null, confs=<EMPTY_MAP>
2019-10-03 02:04:37,747 [pool-147-thread-1] INFO  server.RaftServerConfigKeys (ConfUtils.java:logGet(43)) - raft.server.storage.dir = [/workdir/hadoop-ozone/ozonefs/target/test-dir/MiniOzoneClusterImpl-45ef7942-3c9d-45da-a7f2-71ffeedf5eef/datanode-2/data/ratis] (custom)
2019-10-03 02:04:37,747 [pool-147-thread-1] INFO  server.RaftServerConfigKeys (ConfUtils.java:logGet(43)) - raft.server.log.corruption.policy = EXCEPTION (default)
2019-10-03 02:04:37,747 [pool-147-thread-1] INFO  storage.RaftStorageDirectory (RaftStorageDirectory.java:analyzeStorage(246)) - The storage directory /workdir/hadoop-ozone/ozonefs/target/test-dir/MiniOzoneClusterImpl-45ef7942-3c9d-45da-a7f2-71ffeedf5eef/datanode-2/data/ratis/81585498-2ffd-4f8f-a22d-c293e8af7180 does not exist. Creating ...
2019-10-03 02:04:37,760 [pool-147-thread-1] INFO  storage.RaftStorageDirectory (RaftStorageDirectory.java:tryLock(328)) - Lock on /workdir/hadoop-ozone/ozonefs/target/test-dir/MiniOzoneClusterImpl-45ef7942-3c9d-45da-a7f2-71ffeedf5eef/datanode-2/data/ratis/81585498-2ffd-4f8f-a22d-c293e8af7180/in_use.lock acquired by nodename 19677@pr-hdds-1737-89jld-2007629010
2019-10-03 02:04:37,773 [pool-147-thread-1] INFO  storage.RaftStorage (RaftStorage.java:format(84)) - Storage directory /workdir/hadoop-ozone/ozonefs/target/test-dir/MiniOzoneClusterImpl-45ef7942-3c9d-45da-a7f2-71ffeedf5eef/datanode-2/data/ratis/81585498-2ffd-4f8f-a22d-c293e8af7180 has been successfully formatted.
2019-10-03 02:04:37,773 [pool-147-thread-1] INFO  ratis.ContainerStateMachine (ContainerStateMachine.java:loadSnapshot(230)) - group-C293E8AF7180: The snapshot info is null. Setting the last applied indexto:(t:0, i:~)
2019-10-03 02:04:37,773 [pool-147-thread-1] INFO  server.RaftServerConfigKeys (ConfUtils.java:logGet(43)) - raft.server.notification.no-leader.timeout = 120s (custom)
2019-10-03 02:04:37,773 [pool-147-thread-1] INFO  server.RaftServerConfigKeys (ConfUtils.java:logGet(43)) - raft.server.log.use.memory = false (default)
2019-10-03 02:04:37,773 [pool-147-thread-1] INFO  server.RaftServerConfigKeys (ConfUtils.java:logGet(43)) - raft.server.log.purge.gap = 1000000 (custom)
2019-10-03 02:04:37,774 [pool-147-thread-1] INFO  server.RaftServerConfigKeys (ConfUtils.java:logGet(43)) - raft.server.log.appender.buffer.byte-limit = 33554432 (custom)
2019-10-03 02:04:37,774 [pool-147-thread-1] INFO  server.RaftServerConfigKeys (ConfUtils.java:logGet(43)) - raft.server.log.segment.size.max = 1048576 (custom)
2019-10-03 02:04:37,776 [pool-147-thread-1] INFO  server.RaftServerConfigKeys (ConfUtils.java:logGet(43)) - raft.server.log.segment.cache.num.max = 2 (custom)
2019-10-03 02:04:37,776 [pool-147-thread-1] INFO  segmented.SegmentedRaftLogWorker (SegmentedRaftLogWorker.java:<init>(173)) - new 24f0c7fa-6093-49fc-a802-1ab16539b9a6@group-C293E8AF7180-SegmentedRaftLogWorker for RaftStorage:Storage Directory /workdir/hadoop-ozone/ozonefs/target/test-dir/MiniOzoneClusterImpl-45ef7942-3c9d-45da-a7f2-71ffeedf5eef/datanode-2/data/ratis/81585498-2ffd-4f8f-a22d-c293e8af7180
2019-10-03 02:04:37,776 [pool-147-thread-1] INFO  server.RaftServerConfigKeys (ConfUtils.java:logGet(43)) - raft.server.log.queue.byte-limit = 2147483647 (custom)
2019-10-03 02:04:37,776 [pool-147-thread-1] INFO  server.RaftServerConfigKeys (ConfUtils.java:logGet(43)) - raft.server.log.queue.element-limit = 1024 (custom)
2019-10-03 02:04:37,776 [pool-147-thread-1] INFO  server.RaftServerConfigKeys (ConfUtils.java:logGet(43)) - raft.server.log.segment.size.max = 1048576 (custom)
2019-10-03 02:04:37,777 [pool-147-thread-1] INFO  server.RaftServerConfigKeys (ConfUtils.java:logGet(43)) - raft.server.log.preallocated.size = 16384 (custom)
2019-10-03 02:04:37,777 [pool-147-thread-1] INFO  server.RaftServerConfigKeys (ConfUtils.java:logGet(43)) - raft.server.log.write.buffer.size = 33554432 (custom)
2019-10-03 02:04:37,777 [pool-147-thread-1] INFO  server.RaftServerConfigKeys (ConfUtils.java:logGet(43)) - raft.server.log.force.sync.num = 128 (default)
2019-10-03 02:04:37,777 [pool-147-thread-1] INFO  server.RaftServerConfigKeys (ConfUtils.java:logGet(43)) - raft.server.log.statemachine.data.sync = true (default)
2019-10-03 02:04:37,777 [pool-147-thread-1] INFO  server.RaftServerConfigKeys (ConfUtils.java:logGet(43)) - raft.server.log.statemachine.data.sync.timeout = 10s (default)
2019-10-03 02:04:37,777 [pool-147-thread-1] INFO  server.RaftServerConfigKeys (ConfUtils.java:logGet(43)) - raft.server.log.statemachine.data.sync.timeout.retry = -1 (default)
2019-10-03 02:04:37,778 [pool-147-thread-1] INFO  server.RaftServerConfigKeys (ConfUtils.java:logGet(43)) - raft.server.log.statemachine.data.caching.enabled = true (custom)
2019-10-03 02:04:37,778 [pool-147-thread-1] INFO  segmented.SegmentedRaftLogWorker (SegmentedRaftLogWorker.java:lambda$new$0(128)) - 24f0c7fa-6093-49fc-a802-1ab16539b9a6@group-C293E8AF7180-SegmentedRaftLogWorker: flushIndex: setUnconditionally 0 -> -1
2019-10-03 02:04:37,778 [pool-147-thread-1] INFO  server.RaftServerConfigKeys (ConfUtils.java:logGet(43)) - raft.server.snapshot.auto.trigger.enabled = true (custom)
2019-10-03 02:04:37,779 [pool-147-thread-1] INFO  server.RaftServerConfigKeys (ConfUtils.java:logGet(43)) - raft.server.snapshot.auto.trigger.threshold = 10000 (custom)
2019-10-03 02:04:37,779 [pool-147-thread-1] INFO  server.RaftServerConfigKeys (ConfUtils.java:logGet(43)) - raft.server.snapshot.retention.file.num = 5 (custom)
2019-10-03 02:04:37,779 [pool-147-thread-1] INFO  server.RaftServerConfigKeys (ConfUtils.java:logGet(43)) - raft.server.retrycache.expirytime = 600000ms (custom)
2019-10-03 02:04:37,781 [pool-147-thread-1] INFO  impl.RaftServerImpl (RaftServerImpl.java:start(181)) - 24f0c7fa-6093-49fc-a802-1ab16539b9a6@group-C293E8AF7180: start as a follower, conf=-1: [24f0c7fa-6093-49fc-a802-1ab16539b9a6:192.168.164.205:34153], old=null
2019-10-03 02:04:37,781 [pool-147-thread-1] INFO  impl.RaftServerImpl (RaftServerImpl.java:setRole(170)) - 24f0c7fa-6093-49fc-a802-1ab16539b9a6@group-C293E8AF7180: changes role from      null to FOLLOWER at term 0 for startAsFollower
2019-10-03 02:04:37,781 [pool-147-thread-1] INFO  impl.RoleInfo (RoleInfo.java:updateAndGet(143)) - 24f0c7fa-6093-49fc-a802-1ab16539b9a6: start FollowerState
2019-10-03 02:04:37,782 [pool-147-thread-1] INFO  util.JmxRegister (JmxRegister.java:tryRegister(44)) - Successfully registered JMX Bean with object name Ratis:service=RaftServer,group=group-C293E8AF7180,id=24f0c7fa-6093-49fc-a802-1ab16539b9a6
2019-10-03 02:04:37,790 [RatisPipelineUtilsThread] INFO  pipeline.PipelineStateManager (PipelineStateManager.java:addPipeline(56)) - Created pipeline Pipeline[ Id: 81585498-2ffd-4f8f-a22d-c293e8af7180, Nodes: 24f0c7fa-6093-49fc-a802-1ab16539b9a6{ip: 192.168.164.205, host: pr-hdds-1737-89jld-2007629010, networkLocation: /default-rack, certSerialId: null}, Type:RATIS, Factor:ONE, State:OPEN]
2019-10-03 02:04:37,824 [grpc-default-executor-2] INFO  impl.RaftServerProxy (RaftServerProxy.java:addNew(89)) - c143e33d-a1b2-4e06-a885-12eed5c500ae: addNew group-A7BE52D7439D:[ae30b09a-3f92-4901-8c0e-33d58823c940:192.168.164.205:35374, c143e33d-a1b2-4e06-a885-12eed5c500ae:192.168.164.205:43776, 24f0c7fa-6093-49fc-a802-1ab16539b9a6:192.168.164.205:34153] returns group-A7BE52D7439D:java.util.concurrent.CompletableFuture@38c8fc54[Not completed]
2019-10-03 02:04:37,826 [grpc-default-executor-1] INFO  impl.RaftServerProxy (RaftServerProxy.java:addNew(89)) - 24f0c7fa-6093-49fc-a802-1ab16539b9a6: addNew group-A7BE52D7439D:[ae30b09a-3f92-4901-8c0e-33d58823c940:192.168.164.205:35374, c143e33d-a1b2-4e06-a885-12eed5c500ae:192.168.164.205:43776, 24f0c7fa-6093-49fc-a802-1ab16539b9a6:192.168.164.205:34153] returns group-A7BE52D7439D:java.util.concurrent.CompletableFuture@59dc7a00[Not completed]
2019-10-03 02:04:37,827 [grpc-default-executor-0] INFO  impl.RaftServerProxy (RaftServerProxy.java:addNew(89)) - ae30b09a-3f92-4901-8c0e-33d58823c940: addNew group-A7BE52D7439D:[ae30b09a-3f92-4901-8c0e-33d58823c940:192.168.164.205:35374, c143e33d-a1b2-4e06-a885-12eed5c500ae:192.168.164.205:43776, 24f0c7fa-6093-49fc-a802-1ab16539b9a6:192.168.164.205:34153] returns group-A7BE52D7439D:java.util.concurrent.CompletableFuture@6b0a97fc[Not completed]
2019-10-03 02:04:37,828 [pool-137-thread-1] INFO  impl.RaftServerImpl (RaftServerImpl.java:<init>(95)) - c143e33d-a1b2-4e06-a885-12eed5c500ae: new RaftServerImpl for group-A7BE52D7439D:[ae30b09a-3f92-4901-8c0e-33d58823c940:192.168.164.205:35374, c143e33d-a1b2-4e06-a885-12eed5c500ae:192.168.164.205:43776, 24f0c7fa-6093-49fc-a802-1ab16539b9a6:192.168.164.205:34153] with ContainerStateMachine:uninitialized
2019-10-03 02:04:37,828 [pool-137-thread-1] INFO  server.RaftServerConfigKeys (ConfUtils.java:logGet(43)) - raft.server.rpc.timeout.min = 5s (custom)
2019-10-03 02:04:37,829 [pool-137-thread-1] INFO  server.RaftServerConfigKeys (ConfUtils.java:logGet(43)) - raft.server.rpc.timeout.max = 5200ms (custom)
2019-10-03 02:04:37,829 [pool-137-thread-1] INFO  server.RaftServerConfigKeys (ConfUtils.java:logGet(43)) - raft.server.rpcslowness.timeout = 120s (custom)
2019-10-03 02:04:37,829 [pool-137-thread-1] INFO  server.RaftServerConfigKeys (ConfUtils.java:logGet(43)) - raft.server.sleep.deviation.threshold = 300 (default)
2019-10-03 02:04:37,829 [pool-127-thread-1] INFO  impl.RaftServerImpl (RaftServerImpl.java:<init>(95)) - ae30b09a-3f92-4901-8c0e-33d58823c940: new RaftServerImpl for group-A7BE52D7439D:[ae30b09a-3f92-4901-8c0e-33d58823c940:192.168.164.205:35374, c143e33d-a1b2-4e06-a885-12eed5c500ae:192.168.164.205:43776, 24f0c7fa-6093-49fc-a802-1ab16539b9a6:192.168.164.205:34153] with ContainerStateMachine:uninitialized
2019-10-03 02:04:37,829 [pool-137-thread-1] INFO  server.RaftServerConfigKeys (ConfUtils.java:logGet(43)) - raft.server.log.appender.install.snapshot.enabled = false (custom)
2019-10-03 02:04:37,829 [pool-127-thread-1] INFO  server.RaftServerConfigKeys (ConfUtils.java:logGet(43)) - raft.server.rpc.timeout.min = 5s (custom)
2019-10-03 02:04:37,829 [pool-137-thread-1] INFO  impl.RaftServerImpl (ServerState.java:<init>(103)) - c143e33d-a1b2-4e06-a885-12eed5c500ae@group-A7BE52D7439D: ConfigurationManager, init=-1: [ae30b09a-3f92-4901-8c0e-33d58823c940:192.168.164.205:35374, c143e33d-a1b2-4e06-a885-12eed5c500ae:192.168.164.205:43776, 24f0c7fa-6093-49fc-a802-1ab16539b9a6:192.168.164.205:34153], old=null, confs=<EMPTY_MAP>
2019-10-03 02:04:37,829 [pool-127-thread-1] INFO  server.RaftServerConfigKeys (ConfUtils.java:logGet(43)) - raft.server.rpc.timeout.max = 5200ms (custom)
2019-10-03 02:04:37,830 [pool-137-thread-1] INFO  server.RaftServerConfigKeys (ConfUtils.java:logGet(43)) - raft.server.storage.dir = [/workdir/hadoop-ozone/ozonefs/target/test-dir/MiniOzoneClusterImpl-45ef7942-3c9d-45da-a7f2-71ffeedf5eef/datanode-1/data/ratis] (custom)
2019-10-03 02:04:37,830 [pool-127-thread-1] INFO  server.RaftServerConfigKeys (ConfUtils.java:logGet(43)) - raft.server.rpcslowness.timeout = 120s (custom)
2019-10-03 02:04:37,830 [pool-127-thread-1] INFO  server.RaftServerConfigKeys (ConfUtils.java:logGet(43)) - raft.server.sleep.deviation.threshold = 300 (default)
2019-10-03 02:04:37,830 [pool-137-thread-1] INFO  server.RaftServerConfigKeys (ConfUtils.java:logGet(43)) - raft.server.log.corruption.policy = EXCEPTION (default)
2019-10-03 02:04:37,830 [pool-127-thread-1] INFO  server.RaftServerConfigKeys (ConfUtils.java:logGet(43)) - raft.server.log.appender.install.snapshot.enabled = false (custom)
2019-10-03 02:04:37,831 [pool-147-thread-1] INFO  impl.RaftServerImpl (RaftServerImpl.java:<init>(95)) - 24f0c7fa-6093-49fc-a802-1ab16539b9a6: new RaftServerImpl for group-A7BE52D7439D:[ae30b09a-3f92-4901-8c0e-33d58823c940:192.168.164.205:35374, c143e33d-a1b2-4e06-a885-12eed5c500ae:192.168.164.205:43776, 24f0c7fa-6093-49fc-a802-1ab16539b9a6:192.168.164.205:34153] with ContainerStateMachine:uninitialized
2019-10-03 02:04:37,831 [pool-127-thread-1] INFO  impl.RaftServerImpl (ServerState.java:<init>(103)) - ae30b09a-3f92-4901-8c0e-33d58823c940@group-A7BE52D7439D: ConfigurationManager, init=-1: [ae30b09a-3f92-4901-8c0e-33d58823c940:192.168.164.205:35374, c143e33d-a1b2-4e06-a885-12eed5c500ae:192.168.164.205:43776, 24f0c7fa-6093-49fc-a802-1ab16539b9a6:192.168.164.205:34153], old=null, confs=<EMPTY_MAP>
2019-10-03 02:04:37,831 [pool-137-thread-1] INFO  storage.RaftStorageDirectory (RaftStorageDirectory.java:analyzeStorage(246)) - The storage directory /workdir/hadoop-ozone/ozonefs/target/test-dir/MiniOzoneClusterImpl-45ef7942-3c9d-45da-a7f2-71ffeedf5eef/datanode-1/data/ratis/324edca7-a3b7-4b95-a291-a7be52d7439d does not exist. Creating ...
2019-10-03 02:04:37,831 [pool-127-thread-1] INFO  server.RaftServerConfigKeys (ConfUtils.java:logGet(43)) - raft.server.storage.dir = [/workdir/hadoop-ozone/ozonefs/target/test-dir/MiniOzoneClusterImpl-45ef7942-3c9d-45da-a7f2-71ffeedf5eef/datanode-0/data/ratis] (custom)
2019-10-03 02:04:37,831 [pool-147-thread-1] INFO  server.RaftServerConfigKeys (ConfUtils.java:logGet(43)) - raft.server.rpc.timeout.min = 5s (custom)
2019-10-03 02:04:37,831 [pool-127-thread-1] INFO  server.RaftServerConfigKeys (ConfUtils.java:logGet(43)) - raft.server.log.corruption.policy = EXCEPTION (default)
2019-10-03 02:04:37,832 [pool-147-thread-1] INFO  server.RaftServerConfigKeys (ConfUtils.java:logGet(43)) - raft.server.rpc.timeout.max = 5200ms (custom)
2019-10-03 02:04:37,832 [pool-127-thread-1] INFO  storage.RaftStorageDirectory (RaftStorageDirectory.java:analyzeStorage(246)) - The storage directory /workdir/hadoop-ozone/ozonefs/target/test-dir/MiniOzoneClusterImpl-45ef7942-3c9d-45da-a7f2-71ffeedf5eef/datanode-0/data/ratis/324edca7-a3b7-4b95-a291-a7be52d7439d does not exist. Creating ...
2019-10-03 02:04:37,832 [pool-147-thread-1] INFO  server.RaftServerConfigKeys (ConfUtils.java:logGet(43)) - raft.server.rpcslowness.timeout = 120s (custom)
2019-10-03 02:04:37,832 [pool-147-thread-1] INFO  server.RaftServerConfigKeys (ConfUtils.java:logGet(43)) - raft.server.sleep.deviation.threshold = 300 (default)
2019-10-03 02:04:37,832 [pool-147-thread-1] INFO  server.RaftServerConfigKeys (ConfUtils.java:logGet(43)) - raft.server.log.appender.install.snapshot.enabled = false (custom)
2019-10-03 02:04:37,833 [pool-147-thread-1] INFO  impl.RaftServerImpl (ServerState.java:<init>(103)) - 24f0c7fa-6093-49fc-a802-1ab16539b9a6@group-A7BE52D7439D: ConfigurationManager, init=-1: [ae30b09a-3f92-4901-8c0e-33d58823c940:192.168.164.205:35374, c143e33d-a1b2-4e06-a885-12eed5c500ae:192.168.164.205:43776, 24f0c7fa-6093-49fc-a802-1ab16539b9a6:192.168.164.205:34153], old=null, confs=<EMPTY_MAP>
2019-10-03 02:04:37,833 [pool-147-thread-1] INFO  server.RaftServerConfigKeys (ConfUtils.java:logGet(43)) - raft.server.storage.dir = [/workdir/hadoop-ozone/ozonefs/target/test-dir/MiniOzoneClusterImpl-45ef7942-3c9d-45da-a7f2-71ffeedf5eef/datanode-2/data/ratis] (custom)
2019-10-03 02:04:37,833 [pool-147-thread-1] INFO  server.RaftServerConfigKeys (ConfUtils.java:logGet(43)) - raft.server.log.corruption.policy = EXCEPTION (default)
2019-10-03 02:04:37,834 [pool-147-thread-1] INFO  storage.RaftStorageDirectory (RaftStorageDirectory.java:analyzeStorage(246)) - The storage directory /workdir/hadoop-ozone/ozonefs/target/test-dir/MiniOzoneClusterImpl-45ef7942-3c9d-45da-a7f2-71ffeedf5eef/datanode-2/data/ratis/324edca7-a3b7-4b95-a291-a7be52d7439d does not exist. Creating ...
2019-10-03 02:04:37,844 [pool-137-thread-1] INFO  storage.RaftStorageDirectory (RaftStorageDirectory.java:tryLock(328)) - Lock on /workdir/hadoop-ozone/ozonefs/target/test-dir/MiniOzoneClusterImpl-45ef7942-3c9d-45da-a7f2-71ffeedf5eef/datanode-1/data/ratis/324edca7-a3b7-4b95-a291-a7be52d7439d/in_use.lock acquired by nodename 19677@pr-hdds-1737-89jld-2007629010
2019-10-03 02:04:37,844 [pool-147-thread-1] INFO  storage.RaftStorageDirectory (RaftStorageDirectory.java:tryLock(328)) - Lock on /workdir/hadoop-ozone/ozonefs/target/test-dir/MiniOzoneClusterImpl-45ef7942-3c9d-45da-a7f2-71ffeedf5eef/datanode-2/data/ratis/324edca7-a3b7-4b95-a291-a7be52d7439d/in_use.lock acquired by nodename 19677@pr-hdds-1737-89jld-2007629010
2019-10-03 02:04:37,844 [pool-127-thread-1] INFO  storage.RaftStorageDirectory (RaftStorageDirectory.java:tryLock(328)) - Lock on /workdir/hadoop-ozone/ozonefs/target/test-dir/MiniOzoneClusterImpl-45ef7942-3c9d-45da-a7f2-71ffeedf5eef/datanode-0/data/ratis/324edca7-a3b7-4b95-a291-a7be52d7439d/in_use.lock acquired by nodename 19677@pr-hdds-1737-89jld-2007629010
2019-10-03 02:04:37,858 [pool-127-thread-1] INFO  storage.RaftStorage (RaftStorage.java:format(84)) - Storage directory /workdir/hadoop-ozone/ozonefs/target/test-dir/MiniOzoneClusterImpl-45ef7942-3c9d-45da-a7f2-71ffeedf5eef/datanode-0/data/ratis/324edca7-a3b7-4b95-a291-a7be52d7439d has been successfully formatted.
2019-10-03 02:04:37,858 [pool-137-thread-1] INFO  storage.RaftStorage (RaftStorage.java:format(84)) - Storage directory /workdir/hadoop-ozone/ozonefs/target/test-dir/MiniOzoneClusterImpl-45ef7942-3c9d-45da-a7f2-71ffeedf5eef/datanode-1/data/ratis/324edca7-a3b7-4b95-a291-a7be52d7439d has been successfully formatted.
2019-10-03 02:04:37,858 [pool-147-thread-1] INFO  storage.RaftStorage (RaftStorage.java:format(84)) - Storage directory /workdir/hadoop-ozone/ozonefs/target/test-dir/MiniOzoneClusterImpl-45ef7942-3c9d-45da-a7f2-71ffeedf5eef/datanode-2/data/ratis/324edca7-a3b7-4b95-a291-a7be52d7439d has been successfully formatted.
2019-10-03 02:04:37,859 [pool-127-thread-1] INFO  ratis.ContainerStateMachine (ContainerStateMachine.java:loadSnapshot(230)) - group-A7BE52D7439D: The snapshot info is null. Setting the last applied indexto:(t:0, i:~)
2019-10-03 02:04:37,859 [pool-137-thread-1] INFO  ratis.ContainerStateMachine (ContainerStateMachine.java:loadSnapshot(230)) - group-A7BE52D7439D: The snapshot info is null. Setting the last applied indexto:(t:0, i:~)
2019-10-03 02:04:37,859 [pool-127-thread-1] INFO  server.RaftServerConfigKeys (ConfUtils.java:logGet(43)) - raft.server.notification.no-leader.timeout = 120s (custom)
2019-10-03 02:04:37,859 [pool-147-thread-1] INFO  ratis.ContainerStateMachine (ContainerStateMachine.java:loadSnapshot(230)) - group-A7BE52D7439D: The snapshot info is null. Setting the last applied indexto:(t:0, i:~)
2019-10-03 02:04:37,859 [pool-127-thread-1] INFO  server.RaftServerConfigKeys (ConfUtils.java:logGet(43)) - raft.server.log.use.memory = false (default)
2019-10-03 02:04:37,859 [pool-137-thread-1] INFO  server.RaftServerConfigKeys (ConfUtils.java:logGet(43)) - raft.server.notification.no-leader.timeout = 120s (custom)
2019-10-03 02:04:37,859 [pool-127-thread-1] INFO  server.RaftServerConfigKeys (ConfUtils.java:logGet(43)) - raft.server.log.purge.gap = 1000000 (custom)
2019-10-03 02:04:37,859 [pool-147-thread-1] INFO  server.RaftServerConfigKeys (ConfUtils.java:logGet(43)) - raft.server.notification.no-leader.timeout = 120s (custom)
2019-10-03 02:04:37,860 [pool-127-thread-1] INFO  server.RaftServerConfigKeys (ConfUtils.java:logGet(43)) - raft.server.log.appender.buffer.byte-limit = 33554432 (custom)
2019-10-03 02:04:37,860 [pool-137-thread-1] INFO  server.RaftServerConfigKeys (ConfUtils.java:logGet(43)) - raft.server.log.use.memory = false (default)
2019-10-03 02:04:37,860 [pool-127-thread-1] INFO  server.RaftServerConfigKeys (ConfUtils.java:logGet(43)) - raft.server.log.segment.size.max = 1048576 (custom)
2019-10-03 02:04:37,860 [pool-147-thread-1] INFO  server.RaftServerConfigKeys (ConfUtils.java:logGet(43)) - raft.server.log.use.memory = false (default)
2019-10-03 02:04:37,860 [pool-127-thread-1] INFO  server.RaftServerConfigKeys (ConfUtils.java:logGet(43)) - raft.server.log.segment.cache.num.max = 2 (custom)
2019-10-03 02:04:37,860 [pool-137-thread-1] INFO  server.RaftServerConfigKeys (ConfUtils.java:logGet(43)) - raft.server.log.purge.gap = 1000000 (custom)
2019-10-03 02:04:37,861 [pool-127-thread-1] INFO  segmented.SegmentedRaftLogWorker (SegmentedRaftLogWorker.java:<init>(173)) - new ae30b09a-3f92-4901-8c0e-33d58823c940@group-A7BE52D7439D-SegmentedRaftLogWorker for RaftStorage:Storage Directory /workdir/hadoop-ozone/ozonefs/target/test-dir/MiniOzoneClusterImpl-45ef7942-3c9d-45da-a7f2-71ffeedf5eef/datanode-0/data/ratis/324edca7-a3b7-4b95-a291-a7be52d7439d
2019-10-03 02:04:37,861 [pool-147-thread-1] INFO  server.RaftServerConfigKeys (ConfUtils.java:logGet(43)) - raft.server.log.purge.gap = 1000000 (custom)
2019-10-03 02:04:37,861 [pool-127-thread-1] INFO  server.RaftServerConfigKeys (ConfUtils.java:logGet(43)) - raft.server.log.queue.byte-limit = 2147483647 (custom)
2019-10-03 02:04:37,861 [pool-137-thread-1] INFO  server.RaftServerConfigKeys (ConfUtils.java:logGet(43)) - raft.server.log.appender.buffer.byte-limit = 33554432 (custom)
2019-10-03 02:04:37,861 [pool-127-thread-1] INFO  server.RaftServerConfigKeys (ConfUtils.java:logGet(43)) - raft.server.log.queue.element-limit = 1024 (custom)
2019-10-03 02:04:37,861 [pool-147-thread-1] INFO  server.RaftServerConfigKeys (ConfUtils.java:logGet(43)) - raft.server.log.appender.buffer.byte-limit = 33554432 (custom)
2019-10-03 02:04:37,862 [pool-127-thread-1] INFO  server.RaftServerConfigKeys (ConfUtils.java:logGet(43)) - raft.server.log.segment.size.max = 1048576 (custom)
2019-10-03 02:04:37,862 [pool-137-thread-1] INFO  server.RaftServerConfigKeys (ConfUtils.java:logGet(43)) - raft.server.log.segment.size.max = 1048576 (custom)
2019-10-03 02:04:37,862 [pool-127-thread-1] INFO  server.RaftServerConfigKeys (ConfUtils.java:logGet(43)) - raft.server.log.preallocated.size = 16384 (custom)
2019-10-03 02:04:37,862 [pool-147-thread-1] INFO  server.RaftServerConfigKeys (ConfUtils.java:logGet(43)) - raft.server.log.segment.size.max = 1048576 (custom)
2019-10-03 02:04:37,862 [pool-127-thread-1] INFO  server.RaftServerConfigKeys (ConfUtils.java:logGet(43)) - raft.server.log.write.buffer.size = 33554432 (custom)
2019-10-03 02:04:37,862 [pool-137-thread-1] INFO  server.RaftServerConfigKeys (ConfUtils.java:logGet(43)) - raft.server.log.segment.cache.num.max = 2 (custom)
2019-10-03 02:04:37,863 [pool-127-thread-1] INFO  server.RaftServerConfigKeys (ConfUtils.java:logGet(43)) - raft.server.log.force.sync.num = 128 (default)
2019-10-03 02:04:37,862 [pool-147-thread-1] INFO  server.RaftServerConfigKeys (ConfUtils.java:logGet(43)) - raft.server.log.segment.cache.num.max = 2 (custom)
2019-10-03 02:04:37,863 [pool-127-thread-1] INFO  server.RaftServerConfigKeys (ConfUtils.java:logGet(43)) - raft.server.log.statemachine.data.sync = true (default)
2019-10-03 02:04:37,863 [pool-137-thread-1] INFO  segmented.SegmentedRaftLogWorker (SegmentedRaftLogWorker.java:<init>(173)) - new c143e33d-a1b2-4e06-a885-12eed5c500ae@group-A7BE52D7439D-SegmentedRaftLogWorker for RaftStorage:Storage Directory /workdir/hadoop-ozone/ozonefs/target/test-dir/MiniOzoneClusterImpl-45ef7942-3c9d-45da-a7f2-71ffeedf5eef/datanode-1/data/ratis/324edca7-a3b7-4b95-a291-a7be52d7439d
2019-10-03 02:04:37,863 [pool-127-thread-1] INFO  server.RaftServerConfigKeys (ConfUtils.java:logGet(43)) - raft.server.log.statemachine.data.sync.timeout = 10s (default)
2019-10-03 02:04:37,863 [pool-147-thread-1] INFO  segmented.SegmentedRaftLogWorker (SegmentedRaftLogWorker.java:<init>(173)) - new 24f0c7fa-6093-49fc-a802-1ab16539b9a6@group-A7BE52D7439D-SegmentedRaftLogWorker for RaftStorage:Storage Directory /workdir/hadoop-ozone/ozonefs/target/test-dir/MiniOzoneClusterImpl-45ef7942-3c9d-45da-a7f2-71ffeedf5eef/datanode-2/data/ratis/324edca7-a3b7-4b95-a291-a7be52d7439d
2019-10-03 02:04:37,864 [pool-127-thread-1] INFO  server.RaftServerConfigKeys (ConfUtils.java:logGet(43)) - raft.server.log.statemachine.data.sync.timeout.retry = -1 (default)
2019-10-03 02:04:37,863 [pool-137-thread-1] INFO  server.RaftServerConfigKeys (ConfUtils.java:logGet(43)) - raft.server.log.queue.byte-limit = 2147483647 (custom)
2019-10-03 02:04:37,864 [pool-147-thread-1] INFO  server.RaftServerConfigKeys (ConfUtils.java:logGet(43)) - raft.server.log.queue.byte-limit = 2147483647 (custom)
2019-10-03 02:04:37,864 [pool-127-thread-1] INFO  server.RaftServerConfigKeys (ConfUtils.java:logGet(43)) - raft.server.log.statemachine.data.caching.enabled = true (custom)
2019-10-03 02:04:37,864 [pool-137-thread-1] INFO  server.RaftServerConfigKeys (ConfUtils.java:logGet(43)) - raft.server.log.queue.element-limit = 1024 (custom)
2019-10-03 02:04:37,864 [pool-147-thread-1] INFO  server.RaftServerConfigKeys (ConfUtils.java:logGet(43)) - raft.server.log.queue.element-limit = 1024 (custom)
2019-10-03 02:04:37,865 [pool-127-thread-1] INFO  segmented.SegmentedRaftLogWorker (SegmentedRaftLogWorker.java:lambda$new$0(128)) - ae30b09a-3f92-4901-8c0e-33d58823c940@group-A7BE52D7439D-SegmentedRaftLogWorker: flushIndex: setUnconditionally 0 -> -1
2019-10-03 02:04:37,865 [pool-137-thread-1] INFO  server.RaftServerConfigKeys (ConfUtils.java:logGet(43)) - raft.server.log.segment.size.max = 1048576 (custom)
2019-10-03 02:04:37,865 [pool-147-thread-1] INFO  server.RaftServerConfigKeys (ConfUtils.java:logGet(43)) - raft.server.log.segment.size.max = 1048576 (custom)
2019-10-03 02:04:37,865 [pool-127-thread-1] INFO  server.RaftServerConfigKeys (ConfUtils.java:logGet(43)) - raft.server.snapshot.auto.trigger.enabled = true (custom)
2019-10-03 02:04:37,865 [pool-137-thread-1] INFO  server.RaftServerConfigKeys (ConfUtils.java:logGet(43)) - raft.server.log.preallocated.size = 16384 (custom)
2019-10-03 02:04:37,865 [pool-127-thread-1] INFO  server.RaftServerConfigKeys (ConfUtils.java:logGet(43)) - raft.server.snapshot.auto.trigger.threshold = 10000 (custom)
2019-10-03 02:04:37,865 [pool-147-thread-1] INFO  server.RaftServerConfigKeys (ConfUtils.java:logGet(43)) - raft.server.log.preallocated.size = 16384 (custom)
2019-10-03 02:04:37,866 [pool-127-thread-1] INFO  server.RaftServerConfigKeys (ConfUtils.java:logGet(43)) - raft.server.snapshot.retention.file.num = 5 (custom)
2019-10-03 02:04:37,866 [pool-137-thread-1] INFO  server.RaftServerConfigKeys (ConfUtils.java:logGet(43)) - raft.server.log.write.buffer.size = 33554432 (custom)
2019-10-03 02:04:37,866 [pool-127-thread-1] INFO  server.RaftServerConfigKeys (ConfUtils.java:logGet(43)) - raft.server.retrycache.expirytime = 600000ms (custom)
2019-10-03 02:04:37,866 [pool-147-thread-1] INFO  server.RaftServerConfigKeys (ConfUtils.java:logGet(43)) - raft.server.log.write.buffer.size = 33554432 (custom)
2019-10-03 02:04:37,866 [pool-137-thread-1] INFO  server.RaftServerConfigKeys (ConfUtils.java:logGet(43)) - raft.server.log.force.sync.num = 128 (default)
2019-10-03 02:04:37,866 [pool-147-thread-1] INFO  server.RaftServerConfigKeys (ConfUtils.java:logGet(43)) - raft.server.log.force.sync.num = 128 (default)
2019-10-03 02:04:37,867 [pool-137-thread-1] INFO  server.RaftServerConfigKeys (ConfUtils.java:logGet(43)) - raft.server.log.statemachine.data.sync = true (default)
2019-10-03 02:04:37,867 [pool-147-thread-1] INFO  server.RaftServerConfigKeys (ConfUtils.java:logGet(43)) - raft.server.log.statemachine.data.sync = true (default)
2019-10-03 02:04:37,867 [pool-137-thread-1] INFO  server.RaftServerConfigKeys (ConfUtils.java:logGet(43)) - raft.server.log.statemachine.data.sync.timeout = 10s (default)
2019-10-03 02:04:37,867 [pool-147-thread-1] INFO  server.RaftServerConfigKeys (ConfUtils.java:logGet(43)) - raft.server.log.statemachine.data.sync.timeout = 10s (default)
2019-10-03 02:04:37,867 [pool-137-thread-1] INFO  server.RaftServerConfigKeys (ConfUtils.java:logGet(43)) - raft.server.log.statemachine.data.sync.timeout.retry = -1 (default)
2019-10-03 02:04:37,867 [pool-147-thread-1] INFO  server.RaftServerConfigKeys (ConfUtils.java:logGet(43)) - raft.server.log.statemachine.data.sync.timeout.retry = -1 (default)
2019-10-03 02:04:37,868 [pool-137-thread-1] INFO  server.RaftServerConfigKeys (ConfUtils.java:logGet(43)) - raft.server.log.statemachine.data.caching.enabled = true (custom)
2019-10-03 02:04:37,868 [pool-147-thread-1] INFO  server.RaftServerConfigKeys (ConfUtils.java:logGet(43)) - raft.server.log.statemachine.data.caching.enabled = true (custom)
2019-10-03 02:04:37,868 [pool-137-thread-1] INFO  segmented.SegmentedRaftLogWorker (SegmentedRaftLogWorker.java:lambda$new$0(128)) - c143e33d-a1b2-4e06-a885-12eed5c500ae@group-A7BE52D7439D-SegmentedRaftLogWorker: flushIndex: setUnconditionally 0 -> -1
2019-10-03 02:04:37,868 [pool-147-thread-1] INFO  segmented.SegmentedRaftLogWorker (SegmentedRaftLogWorker.java:lambda$new$0(128)) - 24f0c7fa-6093-49fc-a802-1ab16539b9a6@group-A7BE52D7439D-SegmentedRaftLogWorker: flushIndex: setUnconditionally 0 -> -1
2019-10-03 02:04:37,869 [pool-137-thread-1] INFO  server.RaftServerConfigKeys (ConfUtils.java:logGet(43)) - raft.server.snapshot.auto.trigger.enabled = true (custom)
2019-10-03 02:04:37,869 [pool-137-thread-1] INFO  server.RaftServerConfigKeys (ConfUtils.java:logGet(43)) - raft.server.snapshot.auto.trigger.threshold = 10000 (custom)
2019-10-03 02:04:37,869 [pool-147-thread-1] INFO  server.RaftServerConfigKeys (ConfUtils.java:logGet(43)) - raft.server.snapshot.auto.trigger.enabled = true (custom)
2019-10-03 02:04:37,869 [pool-137-thread-1] INFO  server.RaftServerConfigKeys (ConfUtils.java:logGet(43)) - raft.server.snapshot.retention.file.num = 5 (custom)
2019-10-03 02:04:37,869 [pool-147-thread-1] INFO  server.RaftServerConfigKeys (ConfUtils.java:logGet(43)) - raft.server.snapshot.auto.trigger.threshold = 10000 (custom)
2019-10-03 02:04:37,869 [pool-137-thread-1] INFO  server.RaftServerConfigKeys (ConfUtils.java:logGet(43)) - raft.server.retrycache.expirytime = 600000ms (custom)
2019-10-03 02:04:37,869 [pool-147-thread-1] INFO  server.RaftServerConfigKeys (ConfUtils.java:logGet(43)) - raft.server.snapshot.retention.file.num = 5 (custom)
2019-10-03 02:04:37,870 [pool-127-thread-1] INFO  impl.RaftServerImpl (RaftServerImpl.java:start(181)) - ae30b09a-3f92-4901-8c0e-33d58823c940@group-A7BE52D7439D: start as a follower, conf=-1: [ae30b09a-3f92-4901-8c0e-33d58823c940:192.168.164.205:35374, c143e33d-a1b2-4e06-a885-12eed5c500ae:192.168.164.205:43776, 24f0c7fa-6093-49fc-a802-1ab16539b9a6:192.168.164.205:34153], old=null
2019-10-03 02:04:37,870 [pool-147-thread-1] INFO  server.RaftServerConfigKeys (ConfUtils.java:logGet(43)) - raft.server.retrycache.expirytime = 600000ms (custom)
2019-10-03 02:04:37,870 [pool-127-thread-1] INFO  impl.RaftServerImpl (RaftServerImpl.java:setRole(170)) - ae30b09a-3f92-4901-8c0e-33d58823c940@group-A7BE52D7439D: changes role from      null to FOLLOWER at term 0 for startAsFollower
2019-10-03 02:04:37,870 [pool-127-thread-1] INFO  impl.RoleInfo (RoleInfo.java:updateAndGet(143)) - ae30b09a-3f92-4901-8c0e-33d58823c940: start FollowerState
2019-10-03 02:04:37,871 [pool-127-thread-1] INFO  util.JmxRegister (JmxRegister.java:tryRegister(44)) - Successfully registered JMX Bean with object name Ratis:service=RaftServer,group=group-A7BE52D7439D,id=ae30b09a-3f92-4901-8c0e-33d58823c940
2019-10-03 02:04:37,874 [pool-137-thread-1] INFO  impl.RaftServerImpl (RaftServerImpl.java:start(181)) - c143e33d-a1b2-4e06-a885-12eed5c500ae@group-A7BE52D7439D: start as a follower, conf=-1: [ae30b09a-3f92-4901-8c0e-33d58823c940:192.168.164.205:35374, c143e33d-a1b2-4e06-a885-12eed5c500ae:192.168.164.205:43776, 24f0c7fa-6093-49fc-a802-1ab16539b9a6:192.168.164.205:34153], old=null
2019-10-03 02:04:37,874 [pool-137-thread-1] INFO  impl.RaftServerImpl (RaftServerImpl.java:setRole(170)) - c143e33d-a1b2-4e06-a885-12eed5c500ae@group-A7BE52D7439D: changes role from      null to FOLLOWER at term 0 for startAsFollower
2019-10-03 02:04:37,874 [pool-137-thread-1] INFO  impl.RoleInfo (RoleInfo.java:updateAndGet(143)) - c143e33d-a1b2-4e06-a885-12eed5c500ae: start FollowerState
2019-10-03 02:04:37,874 [pool-147-thread-1] INFO  impl.RaftServerImpl (RaftServerImpl.java:start(181)) - 24f0c7fa-6093-49fc-a802-1ab16539b9a6@group-A7BE52D7439D: start as a follower, conf=-1: [ae30b09a-3f92-4901-8c0e-33d58823c940:192.168.164.205:35374, c143e33d-a1b2-4e06-a885-12eed5c500ae:192.168.164.205:43776, 24f0c7fa-6093-49fc-a802-1ab16539b9a6:192.168.164.205:34153], old=null
2019-10-03 02:04:37,875 [pool-137-thread-1] INFO  util.JmxRegister (JmxRegister.java:tryRegister(44)) - Successfully registered JMX Bean with object name Ratis:service=RaftServer,group=group-A7BE52D7439D,id=c143e33d-a1b2-4e06-a885-12eed5c500ae
2019-10-03 02:04:37,875 [pool-147-thread-1] INFO  impl.RaftServerImpl (RaftServerImpl.java:setRole(170)) - 24f0c7fa-6093-49fc-a802-1ab16539b9a6@group-A7BE52D7439D: changes role from      null to FOLLOWER at term 0 for startAsFollower
2019-10-03 02:04:37,875 [pool-147-thread-1] INFO  impl.RoleInfo (RoleInfo.java:updateAndGet(143)) - 24f0c7fa-6093-49fc-a802-1ab16539b9a6: start FollowerState
2019-10-03 02:04:37,875 [pool-147-thread-1] INFO  util.JmxRegister (JmxRegister.java:tryRegister(44)) - Successfully registered JMX Bean with object name Ratis:service=RaftServer,group=group-A7BE52D7439D,id=24f0c7fa-6093-49fc-a802-1ab16539b9a6
2019-10-03 02:04:37,892 [RatisPipelineUtilsThread] INFO  pipeline.PipelineStateManager (PipelineStateManager.java:addPipeline(56)) - Created pipeline Pipeline[ Id: 324edca7-a3b7-4b95-a291-a7be52d7439d, Nodes: ae30b09a-3f92-4901-8c0e-33d58823c940{ip: 192.168.164.205, host: pr-hdds-1737-89jld-2007629010, networkLocation: /default-rack, certSerialId: null}24f0c7fa-6093-49fc-a802-1ab16539b9a6{ip: 192.168.164.205, host: pr-hdds-1737-89jld-2007629010, networkLocation: /default-rack, certSerialId: null}c143e33d-a1b2-4e06-a885-12eed5c500ae{ip: 192.168.164.205, host: pr-hdds-1737-89jld-2007629010, networkLocation: /default-rack, certSerialId: null}, Type:RATIS, Factor:THREE, State:OPEN]
2019-10-03 02:04:38,730 [main] INFO  ozone.MiniOzoneClusterImpl (MiniOzoneClusterImpl.java:lambda$waitForClusterToBeReady$0(147)) - Cluster is ready. Got 3 of 3 DN Heartbeats.
2019-10-03 02:04:38,778 [main] INFO  rpc.RpcClient (RpcClient.java:createVolume(276)) - Creating Volume: klieuobztu, with user57730 as owner.
2019-10-03 02:04:38,782 [IPC Server handler 2 on 35373] INFO  volume.OMVolumeCreateRequest (OMVolumeCreateRequest.java:validateAndUpdateCache(194)) - created volume:klieuobztu for user:user57730
2019-10-03 02:04:38,794 [main] INFO  rpc.RpcClient (RpcClient.java:createBucket(415)) - Creating Bucket: klieuobztu/acqglptmcs, with Versioning false and Storage Type set to DISK and Encryption set to false 
02:04:38.838 [IPC Server handler 7 on 35373] ERROR OMAudit - user=jenkins1000 | ip=127.0.0.1 | op=CREATE_DIRECTORY {volume=klieuobztu, bucket=acqglptmcs, key=hk7R3, dataSize=0, replicationType=RATIS, replicationFactor=ONE, keyLocationInfo=[]} | ret=FAILURE
org.apache.hadoop.ozone.om.exceptions.OMException: Volume not found klieuobztu
	at org.apache.hadoop.ozone.om.request.file.OMDirectoryCreateRequest.validateAndUpdateCache(OMDirectoryCreateRequest.java:146) ~[hadoop-ozone-ozone-manager-0.5.0-SNAPSHOT.jar:?]
	at org.apache.hadoop.ozone.protocolPB.OzoneManagerProtocolServerSideTranslatorPB.submitRequestDirectlyToOM(OzoneManagerProtocolServerSideTranslatorPB.java:219) ~[hadoop-ozone-ozone-manager-0.5.0-SNAPSHOT.jar:?]
	at org.apache.hadoop.ozone.protocolPB.OzoneManagerProtocolServerSideTranslatorPB.processRequest(OzoneManagerProtocolServerSideTranslatorPB.java:134) ~[hadoop-ozone-ozone-manager-0.5.0-SNAPSHOT.jar:?]
	at org.apache.hadoop.hdds.server.OzoneProtocolMessageDispatcher.processRequest(OzoneProtocolMessageDispatcher.java:72) [hadoop-hdds-server-framework-0.5.0-SNAPSHOT.jar:?]
	at org.apache.hadoop.ozone.protocolPB.OzoneManagerProtocolServerSideTranslatorPB.submitRequest(OzoneManagerProtocolServerSideTranslatorPB.java:100) [hadoop-ozone-ozone-manager-0.5.0-SNAPSHOT.jar:?]
	at org.apache.hadoop.ozone.protocol.proto.OzoneManagerProtocolProtos$OzoneManagerService$2.callBlockingMethod(OzoneManagerProtocolProtos.java) [hadoop-ozone-common-0.5.0-SNAPSHOT.jar:?]
	at org.apache.hadoop.ipc.ProtobufRpcEngine$Server$ProtoBufRpcInvoker.call(ProtobufRpcEngine.java:524) [hadoop-common-3.2.0.jar:?]
	at org.apache.hadoop.ipc.RPC$Server.call(RPC.java:1025) [hadoop-common-3.2.0.jar:?]
	at org.apache.hadoop.ipc.Server$RpcCall.run(Server.java:876) [hadoop-common-3.2.0.jar:?]
	at org.apache.hadoop.ipc.Server$RpcCall.run(Server.java:822) [hadoop-common-3.2.0.jar:?]
	at java.security.AccessController.doPrivileged(Native Method) [?:1.8.0_212]
	at javax.security.auth.Subject.doAs(Subject.java:422) [?:1.8.0_212]
	at org.apache.hadoop.security.UserGroupInformation.doAs(UserGroupInformation.java:1730) [hadoop-common-3.2.0.jar:?]
	at org.apache.hadoop.ipc.Server$Handler.run(Server.java:2682) [hadoop-common-3.2.0.jar:?]
2019-10-03 02:04:38,840 [IPC Server handler 7 on 35373] ERROR file.OMDirectoryCreateRequest (OMDirectoryCreateRequest.java:validateAndUpdateCache(212)) - CreateDirectory failed for Key: hk7R3 in volume/bucket:klieuobztu/acqglptmcs
VOLUME_NOT_FOUND org.apache.hadoop.ozone.om.exceptions.OMException: Volume not found klieuobztu
	at org.apache.hadoop.ozone.om.request.file.OMDirectoryCreateRequest.validateAndUpdateCache(OMDirectoryCreateRequest.java:146)
	at org.apache.hadoop.ozone.protocolPB.OzoneManagerProtocolServerSideTranslatorPB.submitRequestDirectlyToOM(OzoneManagerProtocolServerSideTranslatorPB.java:219)
	at org.apache.hadoop.ozone.protocolPB.OzoneManagerProtocolServerSideTranslatorPB.processRequest(OzoneManagerProtocolServerSideTranslatorPB.java:134)
	at org.apache.hadoop.hdds.server.OzoneProtocolMessageDispatcher.processRequest(OzoneProtocolMessageDispatcher.java:72)
	at org.apache.hadoop.ozone.protocolPB.OzoneManagerProtocolServerSideTranslatorPB.submitRequest(OzoneManagerProtocolServerSideTranslatorPB.java:100)
	at org.apache.hadoop.ozone.protocol.proto.OzoneManagerProtocolProtos$OzoneManagerService$2.callBlockingMethod(OzoneManagerProtocolProtos.java)
	at org.apache.hadoop.ipc.ProtobufRpcEngine$Server$ProtoBufRpcInvoker.call(ProtobufRpcEngine.java:524)
	at org.apache.hadoop.ipc.RPC$Server.call(RPC.java:1025)
	at org.apache.hadoop.ipc.Server$RpcCall.run(Server.java:876)
	at org.apache.hadoop.ipc.Server$RpcCall.run(Server.java:822)
	at java.security.AccessController.doPrivileged(Native Method)
	at javax.security.auth.Subject.doAs(Subject.java:422)
	at org.apache.hadoop.security.UserGroupInformation.doAs(UserGroupInformation.java:1730)
	at org.apache.hadoop.ipc.Server$Handler.run(Server.java:2682)
2019-10-03 02:04:38,844 [main] INFO  ozone.MiniOzoneClusterImpl (MiniOzoneClusterImpl.java:shutdown(314)) - Shutting down the Mini Ozone Cluster
2019-10-03 02:04:38,844 [main] INFO  ozone.MiniOzoneClusterImpl (MiniOzoneClusterImpl.java:stop(330)) - Stopping the Mini Ozone Cluster
2019-10-03 02:04:38,844 [main] INFO  ozone.MiniOzoneClusterImpl (MiniOzoneClusterImpl.java:stopOM(400)) - Stopping the OzoneManager
2019-10-03 02:04:38,844 [main] INFO  ipc.Server (Server.java:stop(3082)) - Stopping server on 35373
2019-10-03 02:04:38,847 [IPC Server listener on 35373] INFO  ipc.Server (Server.java:run(1185)) - Stopping IPC Server listener on 35373
2019-10-03 02:04:38,848 [IPC Server Responder] INFO  ipc.Server (Server.java:run(1319)) - Stopping IPC Server Responder
2019-10-03 02:04:38,847 [main] INFO  ratis.OzoneManagerDoubleBuffer (OzoneManagerDoubleBuffer.java:stop(248)) - Stopping OMDoubleBuffer flush thread
2019-10-03 02:04:38,849 [OMDoubleBufferFlushThread] INFO  ratis.OzoneManagerDoubleBuffer (OzoneManagerDoubleBuffer.java:flushTransactions(191)) - OMDoubleBuffer flush thread OMDoubleBufferFlushThread is interrupted and will exit. OMDoubleBufferFlushThread
2019-10-03 02:04:38,850 [main] INFO  utils.BackgroundService (BackgroundService.java:shutdown(148)) - Shutting down service KeyDeletingService
2019-10-03 02:04:38,851 [main] INFO  handler.ContextHandler (ContextHandler.java:doStop(910)) - Stopped o.e.j.w.WebAppContext@16da1abc{/,null,UNAVAILABLE}{/ozoneManager}
2019-10-03 02:04:38,852 [main] INFO  server.AbstractConnector (AbstractConnector.java:doStop(318)) - Stopped ServerConnector@671ea6ff{HTTP/1.1,[http/1.1]}{0.0.0.0:0}
2019-10-03 02:04:38,852 [main] INFO  handler.ContextHandler (ContextHandler.java:doStop(910)) - Stopped o.e.j.s.ServletContextHandler@7161457{/static,jar:file:/home/user/.m2/repository/org/apache/hadoop/hadoop-ozone-ozone-manager/0.5.0-SNAPSHOT/hadoop-ozone-ozone-manager-0.5.0-SNAPSHOT.jar!/webapps/static,UNAVAILABLE}
2019-10-03 02:04:38,852 [main] INFO  handler.ContextHandler (ContextHandler.java:doStop(910)) - Stopped o.e.j.s.ServletContextHandler@1b482cbf{/logs,file:///workdir/hadoop-ozone/ozonefs/target/log,UNAVAILABLE}
2019-10-03 02:04:38,854 [main] INFO  ozone.MiniOzoneClusterImpl (MiniOzoneClusterImpl.java:stopDatanodes(377)) - Stopping the HddsDatanodes
2019-10-03 02:04:39,491 [Datanode State Machine Thread - 0] INFO  statemachine.DatanodeStateMachine (DatanodeStateMachine.java:lambda$startDaemon$0(350)) - Ozone container server started.
2019-10-03 02:04:39,614 [Datanode State Machine Thread - 0] INFO  statemachine.DatanodeStateMachine (DatanodeStateMachine.java:lambda$startDaemon$0(350)) - Ozone container server started.
2019-10-03 02:04:40,504 [Thread-611] INFO  container.ReplicationManager (ReplicationManager.java:start(162)) - Starting Replication Monitor Thread.
2019-10-03 02:04:40,508 [ReplicationMonitor] INFO  container.ReplicationManager (ReplicationManager.java:run(225)) - Replication Monitor Thread took 0 milliseconds for processing 0 containers.
2019-10-03 02:04:42,625 [Thread-613] INFO  impl.FollowerState (FollowerState.java:run(108)) - ae30b09a-3f92-4901-8c0e-33d58823c940@group-7980A3276268-FollowerState: change to CANDIDATE, lastRpcTime:5050ms, electionTimeout:5050ms
2019-10-03 02:04:42,626 [Thread-613] INFO  impl.RoleInfo (RoleInfo.java:shutdownFollowerState(121)) - ae30b09a-3f92-4901-8c0e-33d58823c940: shutdown FollowerState
2019-10-03 02:04:42,626 [Thread-613] INFO  impl.RaftServerImpl (RaftServerImpl.java:setRole(170)) - ae30b09a-3f92-4901-8c0e-33d58823c940@group-7980A3276268: changes role from  FOLLOWER to CANDIDATE at term 0 for changeToCandidate
2019-10-03 02:04:42,626 [Thread-613] INFO  impl.RoleInfo (RoleInfo.java:updateAndGet(143)) - ae30b09a-3f92-4901-8c0e-33d58823c940: start LeaderElection
2019-10-03 02:04:42,659 [ae30b09a-3f92-4901-8c0e-33d58823c940@group-7980A3276268-LeaderElection10] INFO  impl.LeaderElection (LeaderElection.java:askForVotes(178)) - ae30b09a-3f92-4901-8c0e-33d58823c940@group-7980A3276268-LeaderElection10: begin an election at term 1 for -1: [ae30b09a-3f92-4901-8c0e-33d58823c940:192.168.164.205:35374], old=null
2019-10-03 02:04:42,659 [ae30b09a-3f92-4901-8c0e-33d58823c940@group-7980A3276268-LeaderElection10] INFO  impl.RoleInfo (RoleInfo.java:shutdownLeaderElection(134)) - ae30b09a-3f92-4901-8c0e-33d58823c940: shutdown LeaderElection
2019-10-03 02:04:42,660 [ae30b09a-3f92-4901-8c0e-33d58823c940@group-7980A3276268-LeaderElection10] INFO  impl.RaftServerImpl (RaftServerImpl.java:setRole(170)) - ae30b09a-3f92-4901-8c0e-33d58823c940@group-7980A3276268: changes role from CANDIDATE to LEADER at term 1 for changeToLeader
2019-10-03 02:04:42,660 [ae30b09a-3f92-4901-8c0e-33d58823c940@group-7980A3276268-LeaderElection10] INFO  impl.RaftServerImpl (ServerState.java:setLeader(255)) - ae30b09a-3f92-4901-8c0e-33d58823c940@group-7980A3276268: change Leader from null to ae30b09a-3f92-4901-8c0e-33d58823c940 at term 1 for becomeLeader, leader elected after 5096ms
2019-10-03 02:04:42,660 [ae30b09a-3f92-4901-8c0e-33d58823c940@group-7980A3276268-LeaderElection10] INFO  server.RaftServerConfigKeys (ConfUtils.java:logGet(43)) - raft.server.staging.catchup.gap = 1000 (default)
2019-10-03 02:04:42,660 [ae30b09a-3f92-4901-8c0e-33d58823c940@group-7980A3276268-LeaderElection10] INFO  server.RaftServerConfigKeys (ConfUtils.java:logGet(43)) - raft.server.rpc.sleep.time = 25ms (default)
2019-10-03 02:04:42,661 [ae30b09a-3f92-4901-8c0e-33d58823c940@group-7980A3276268-LeaderElection10] INFO  server.RaftServerConfigKeys (ConfUtils.java:logGet(43)) - raft.server.write.element-limit = 4096 (default)
2019-10-03 02:04:42,661 [ae30b09a-3f92-4901-8c0e-33d58823c940@group-7980A3276268-LeaderElection10] INFO  server.RaftServerConfigKeys (ConfUtils.java:logGet(43)) - raft.server.watch.timeout = 10s (default)
2019-10-03 02:04:42,661 [ae30b09a-3f92-4901-8c0e-33d58823c940@group-7980A3276268-LeaderElection10] INFO  server.RaftServerConfigKeys (ConfUtils.java:logGet(43)) - raft.server.watch.timeout.denomination = 1s (default)
2019-10-03 02:04:42,661 [ae30b09a-3f92-4901-8c0e-33d58823c940@group-7980A3276268-LeaderElection10] INFO  server.RaftServerConfigKeys (ConfUtils.java:logGet(43)) - raft.server.watch.element-limit = 65536 (default)
2019-10-03 02:04:42,665 [ae30b09a-3f92-4901-8c0e-33d58823c940@group-7980A3276268-LeaderElection10] INFO  impl.RoleInfo (RoleInfo.java:updateAndGet(143)) - ae30b09a-3f92-4901-8c0e-33d58823c940: start LeaderState
2019-10-03 02:04:42,666 [ae30b09a-3f92-4901-8c0e-33d58823c940@group-7980A3276268-LeaderElection10] INFO  segmented.SegmentedRaftLogWorker (SegmentedRaftLogWorker.java:startLogSegment(385)) - ae30b09a-3f92-4901-8c0e-33d58823c940@group-7980A3276268-SegmentedRaftLogWorker: Starting segment from index:0
2019-10-03 02:04:42,667 [ae30b09a-3f92-4901-8c0e-33d58823c940@group-7980A3276268-LeaderElection10] INFO  impl.RaftServerImpl (ServerState.java:setRaftConf(356)) - ae30b09a-3f92-4901-8c0e-33d58823c940@group-7980A3276268: set configuration 0: [ae30b09a-3f92-4901-8c0e-33d58823c940:192.168.164.205:35374], old=null at 0
2019-10-03 02:04:42,727 [ae30b09a-3f92-4901-8c0e-33d58823c940@group-7980A3276268-SegmentedRaftLogWorker] INFO  segmented.SegmentedRaftLogWorker (SegmentedRaftLogWorker.java:execute(574)) - ae30b09a-3f92-4901-8c0e-33d58823c940@group-7980A3276268-SegmentedRaftLogWorker: created new log segment /workdir/hadoop-ozone/ozonefs/target/test-dir/MiniOzoneClusterImpl-45ef7942-3c9d-45da-a7f2-71ffeedf5eef/datanode-0/data/ratis/7f29bb50-a0c1-4695-aa16-7980a3276268/current/log_inprogress_0
2019-10-03 02:04:42,794 [Thread-619] INFO  impl.FollowerState (FollowerState.java:run(108)) - 24f0c7fa-6093-49fc-a802-1ab16539b9a6@group-C293E8AF7180-FollowerState: change to CANDIDATE, lastRpcTime:5012ms, electionTimeout:5012ms
2019-10-03 02:04:42,794 [Thread-619] INFO  impl.RoleInfo (RoleInfo.java:shutdownFollowerState(121)) - 24f0c7fa-6093-49fc-a802-1ab16539b9a6: shutdown FollowerState
2019-10-03 02:04:42,795 [Thread-619] INFO  impl.RaftServerImpl (RaftServerImpl.java:setRole(170)) - 24f0c7fa-6093-49fc-a802-1ab16539b9a6@group-C293E8AF7180: changes role from  FOLLOWER to CANDIDATE at term 0 for changeToCandidate
2019-10-03 02:04:42,795 [Thread-619] INFO  impl.RoleInfo (RoleInfo.java:updateAndGet(143)) - 24f0c7fa-6093-49fc-a802-1ab16539b9a6: start LeaderElection
2019-10-03 02:04:42,813 [24f0c7fa-6093-49fc-a802-1ab16539b9a6@group-C293E8AF7180-LeaderElection11] INFO  impl.LeaderElection (LeaderElection.java:askForVotes(178)) - 24f0c7fa-6093-49fc-a802-1ab16539b9a6@group-C293E8AF7180-LeaderElection11: begin an election at term 1 for -1: [24f0c7fa-6093-49fc-a802-1ab16539b9a6:192.168.164.205:34153], old=null
2019-10-03 02:04:42,813 [24f0c7fa-6093-49fc-a802-1ab16539b9a6@group-C293E8AF7180-LeaderElection11] INFO  impl.RoleInfo (RoleInfo.java:shutdownLeaderElection(134)) - 24f0c7fa-6093-49fc-a802-1ab16539b9a6: shutdown LeaderElection
2019-10-03 02:04:42,813 [24f0c7fa-6093-49fc-a802-1ab16539b9a6@group-C293E8AF7180-LeaderElection11] INFO  impl.RaftServerImpl (RaftServerImpl.java:setRole(170)) - 24f0c7fa-6093-49fc-a802-1ab16539b9a6@group-C293E8AF7180: changes role from CANDIDATE to LEADER at term 1 for changeToLeader
2019-10-03 02:04:42,813 [24f0c7fa-6093-49fc-a802-1ab16539b9a6@group-C293E8AF7180-LeaderElection11] INFO  impl.RaftServerImpl (ServerState.java:setLeader(255)) - 24f0c7fa-6093-49fc-a802-1ab16539b9a6@group-C293E8AF7180: change Leader from null to 24f0c7fa-6093-49fc-a802-1ab16539b9a6 at term 1 for becomeLeader, leader elected after 5040ms
2019-10-03 02:04:42,814 [24f0c7fa-6093-49fc-a802-1ab16539b9a6@group-C293E8AF7180-LeaderElection11] INFO  server.RaftServerConfigKeys (ConfUtils.java:logGet(43)) - raft.server.staging.catchup.gap = 1000 (default)
2019-10-03 02:04:42,814 [24f0c7fa-6093-49fc-a802-1ab16539b9a6@group-C293E8AF7180-LeaderElection11] INFO  server.RaftServerConfigKeys (ConfUtils.java:logGet(43)) - raft.server.rpc.sleep.time = 25ms (default)
2019-10-03 02:04:42,814 [24f0c7fa-6093-49fc-a802-1ab16539b9a6@group-C293E8AF7180-LeaderElection11] INFO  server.RaftServerConfigKeys (ConfUtils.java:logGet(43)) - raft.server.write.element-limit = 4096 (default)
2019-10-03 02:04:42,814 [24f0c7fa-6093-49fc-a802-1ab16539b9a6@group-C293E8AF7180-LeaderElection11] INFO  server.RaftServerConfigKeys (ConfUtils.java:logGet(43)) - raft.server.watch.timeout = 10s (default)
2019-10-03 02:04:42,814 [24f0c7fa-6093-49fc-a802-1ab16539b9a6@group-C293E8AF7180-LeaderElection11] INFO  server.RaftServerConfigKeys (ConfUtils.java:logGet(43)) - raft.server.watch.timeout.denomination = 1s (default)
2019-10-03 02:04:42,815 [24f0c7fa-6093-49fc-a802-1ab16539b9a6@group-C293E8AF7180-LeaderElection11] INFO  server.RaftServerConfigKeys (ConfUtils.java:logGet(43)) - raft.server.watch.element-limit = 65536 (default)
2019-10-03 02:04:42,819 [24f0c7fa-6093-49fc-a802-1ab16539b9a6@group-C293E8AF7180-LeaderElection11] INFO  impl.RoleInfo (RoleInfo.java:updateAndGet(143)) - 24f0c7fa-6093-49fc-a802-1ab16539b9a6: start LeaderState
2019-10-03 02:04:42,819 [24f0c7fa-6093-49fc-a802-1ab16539b9a6@group-C293E8AF7180-LeaderElection11] INFO  segmented.SegmentedRaftLogWorker (SegmentedRaftLogWorker.java:startLogSegment(385)) - 24f0c7fa-6093-49fc-a802-1ab16539b9a6@group-C293E8AF7180-SegmentedRaftLogWorker: Starting segment from index:0
2019-10-03 02:04:42,820 [24f0c7fa-6093-49fc-a802-1ab16539b9a6@group-C293E8AF7180-LeaderElection11] INFO  impl.RaftServerImpl (ServerState.java:setRaftConf(356)) - 24f0c7fa-6093-49fc-a802-1ab16539b9a6@group-C293E8AF7180: set configuration 0: [24f0c7fa-6093-49fc-a802-1ab16539b9a6:192.168.164.205:34153], old=null at 0
2019-10-03 02:04:42,862 [Thread-616] INFO  impl.FollowerState (FollowerState.java:run(108)) - c143e33d-a1b2-4e06-a885-12eed5c500ae@group-FBBC24038A2F-FollowerState: change to CANDIDATE, lastRpcTime:5170ms, electionTimeout:5153ms
2019-10-03 02:04:42,862 [Thread-616] INFO  impl.RoleInfo (RoleInfo.java:shutdownFollowerState(121)) - c143e33d-a1b2-4e06-a885-12eed5c500ae: shutdown FollowerState
2019-10-03 02:04:42,862 [Thread-616] INFO  impl.RaftServerImpl (RaftServerImpl.java:setRole(170)) - c143e33d-a1b2-4e06-a885-12eed5c500ae@group-FBBC24038A2F: changes role from  FOLLOWER to CANDIDATE at term 0 for changeToCandidate
2019-10-03 02:04:42,863 [Thread-616] INFO  impl.RoleInfo (RoleInfo.java:updateAndGet(143)) - c143e33d-a1b2-4e06-a885-12eed5c500ae: start LeaderElection
2019-10-03 02:04:42,894 [24f0c7fa-6093-49fc-a802-1ab16539b9a6@group-C293E8AF7180-SegmentedRaftLogWorker] INFO  segmented.SegmentedRaftLogWorker (SegmentedRaftLogWorker.java:execute(574)) - 24f0c7fa-6093-49fc-a802-1ab16539b9a6@group-C293E8AF7180-SegmentedRaftLogWorker: created new log segment /workdir/hadoop-ozone/ozonefs/target/test-dir/MiniOzoneClusterImpl-45ef7942-3c9d-45da-a7f2-71ffeedf5eef/datanode-2/data/ratis/81585498-2ffd-4f8f-a22d-c293e8af7180/current/log_inprogress_0
2019-10-03 02:04:42,894 [c143e33d-a1b2-4e06-a885-12eed5c500ae@group-FBBC24038A2F-LeaderElection12] INFO  impl.LeaderElection (LeaderElection.java:askForVotes(178)) - c143e33d-a1b2-4e06-a885-12eed5c500ae@group-FBBC24038A2F-LeaderElection12: begin an election at term 1 for -1: [c143e33d-a1b2-4e06-a885-12eed5c500ae:192.168.164.205:43776], old=null
2019-10-03 02:04:42,894 [c143e33d-a1b2-4e06-a885-12eed5c500ae@group-FBBC24038A2F-LeaderElection12] INFO  impl.RoleInfo (RoleInfo.java:shutdownLeaderElection(134)) - c143e33d-a1b2-4e06-a885-12eed5c500ae: shutdown LeaderElection
2019-10-03 02:04:42,895 [Thread-626] INFO  impl.FollowerState (FollowerState.java:run(108)) - 24f0c7fa-6093-49fc-a802-1ab16539b9a6@group-A7BE52D7439D-FollowerState: change to CANDIDATE, lastRpcTime:5019ms, electionTimeout:5019ms
2019-10-03 02:04:42,895 [c143e33d-a1b2-4e06-a885-12eed5c500ae@group-FBBC24038A2F-LeaderElection12] INFO  impl.RaftServerImpl (RaftServerImpl.java:setRole(170)) - c143e33d-a1b2-4e06-a885-12eed5c500ae@group-FBBC24038A2F: changes role from CANDIDATE to LEADER at term 1 for changeToLeader
2019-10-03 02:04:42,895 [Thread-626] INFO  impl.RoleInfo (RoleInfo.java:shutdownFollowerState(121)) - 24f0c7fa-6093-49fc-a802-1ab16539b9a6: shutdown FollowerState
2019-10-03 02:04:42,895 [c143e33d-a1b2-4e06-a885-12eed5c500ae@group-FBBC24038A2F-LeaderElection12] INFO  impl.RaftServerImpl (ServerState.java:setLeader(255)) - c143e33d-a1b2-4e06-a885-12eed5c500ae@group-FBBC24038A2F: change Leader from null to c143e33d-a1b2-4e06-a885-12eed5c500ae at term 1 for becomeLeader, leader elected after 5215ms
2019-10-03 02:04:42,895 [Thread-626] INFO  impl.RaftServerImpl (RaftServerImpl.java:setRole(170)) - 24f0c7fa-6093-49fc-a802-1ab16539b9a6@group-A7BE52D7439D: changes role from  FOLLOWER to CANDIDATE at term 0 for changeToCandidate
2019-10-03 02:04:42,895 [c143e33d-a1b2-4e06-a885-12eed5c500ae@group-FBBC24038A2F-LeaderElection12] INFO  server.RaftServerConfigKeys (ConfUtils.java:logGet(43)) - raft.server.staging.catchup.gap = 1000 (default)
2019-10-03 02:04:42,896 [Thread-626] INFO  impl.RoleInfo (RoleInfo.java:updateAndGet(143)) - 24f0c7fa-6093-49fc-a802-1ab16539b9a6: start LeaderElection
2019-10-03 02:04:42,896 [c143e33d-a1b2-4e06-a885-12eed5c500ae@group-FBBC24038A2F-LeaderElection12] INFO  server.RaftServerConfigKeys (ConfUtils.java:logGet(43)) - raft.server.rpc.sleep.time = 25ms (default)
2019-10-03 02:04:42,896 [c143e33d-a1b2-4e06-a885-12eed5c500ae@group-FBBC24038A2F-LeaderElection12] INFO  server.RaftServerConfigKeys (ConfUtils.java:logGet(43)) - raft.server.write.element-limit = 4096 (default)
2019-10-03 02:04:42,898 [c143e33d-a1b2-4e06-a885-12eed5c500ae@group-FBBC24038A2F-LeaderElection12] INFO  server.RaftServerConfigKeys (ConfUtils.java:logGet(43)) - raft.server.watch.timeout = 10s (default)
2019-10-03 02:04:42,906 [c143e33d-a1b2-4e06-a885-12eed5c500ae@group-FBBC24038A2F-LeaderElection12] INFO  server.RaftServerConfigKeys (ConfUtils.java:logGet(43)) - raft.server.watch.timeout.denomination = 1s (default)
2019-10-03 02:04:42,906 [c143e33d-a1b2-4e06-a885-12eed5c500ae@group-FBBC24038A2F-LeaderElection12] INFO  server.RaftServerConfigKeys (ConfUtils.java:logGet(43)) - raft.server.watch.element-limit = 65536 (default)
2019-10-03 02:04:42,909 [c143e33d-a1b2-4e06-a885-12eed5c500ae@group-FBBC24038A2F-LeaderElection12] INFO  impl.RoleInfo (RoleInfo.java:updateAndGet(143)) - c143e33d-a1b2-4e06-a885-12eed5c500ae: start LeaderState
2019-10-03 02:04:42,910 [c143e33d-a1b2-4e06-a885-12eed5c500ae@group-FBBC24038A2F-LeaderElection12] INFO  segmented.SegmentedRaftLogWorker (SegmentedRaftLogWorker.java:startLogSegment(385)) - c143e33d-a1b2-4e06-a885-12eed5c500ae@group-FBBC24038A2F-SegmentedRaftLogWorker: Starting segment from index:0
2019-10-03 02:04:42,910 [c143e33d-a1b2-4e06-a885-12eed5c500ae@group-FBBC24038A2F-LeaderElection12] INFO  impl.RaftServerImpl (ServerState.java:setRaftConf(356)) - c143e33d-a1b2-4e06-a885-12eed5c500ae@group-FBBC24038A2F: set configuration 0: [c143e33d-a1b2-4e06-a885-12eed5c500ae:192.168.164.205:43776], old=null at 0
2019-10-03 02:04:42,951 [24f0c7fa-6093-49fc-a802-1ab16539b9a6@group-A7BE52D7439D-LeaderElection13] INFO  impl.LeaderElection (LeaderElection.java:askForVotes(178)) - 24f0c7fa-6093-49fc-a802-1ab16539b9a6@group-A7BE52D7439D-LeaderElection13: begin an election at term 1 for -1: [ae30b09a-3f92-4901-8c0e-33d58823c940:192.168.164.205:35374, c143e33d-a1b2-4e06-a885-12eed5c500ae:192.168.164.205:43776, 24f0c7fa-6093-49fc-a802-1ab16539b9a6:192.168.164.205:34153], old=null
2019-10-03 02:04:42,966 [c143e33d-a1b2-4e06-a885-12eed5c500ae@group-FBBC24038A2F-SegmentedRaftLogWorker] INFO  segmented.SegmentedRaftLogWorker (SegmentedRaftLogWorker.java:execute(574)) - c143e33d-a1b2-4e06-a885-12eed5c500ae@group-FBBC24038A2F-SegmentedRaftLogWorker: created new log segment /workdir/hadoop-ozone/ozonefs/target/test-dir/MiniOzoneClusterImpl-45ef7942-3c9d-45da-a7f2-71ffeedf5eef/datanode-1/data/ratis/e0b39691-2254-4b95-850e-fbbc24038a2f/current/log_inprogress_0
2019-10-03 02:04:42,968 [grpc-default-executor-1] INFO  impl.RaftServerImpl (RaftServerImpl.java:setRole(170)) - ae30b09a-3f92-4901-8c0e-33d58823c940@group-A7BE52D7439D: changes role from  FOLLOWER to FOLLOWER at term 1 for recognizeCandidate:24f0c7fa-6093-49fc-a802-1ab16539b9a6
2019-10-03 02:04:42,968 [grpc-default-executor-0] INFO  impl.RaftServerImpl (RaftServerImpl.java:setRole(170)) - c143e33d-a1b2-4e06-a885-12eed5c500ae@group-A7BE52D7439D: changes role from  FOLLOWER to FOLLOWER at term 1 for recognizeCandidate:24f0c7fa-6093-49fc-a802-1ab16539b9a6
2019-10-03 02:04:42,968 [grpc-default-executor-1] INFO  impl.RoleInfo (RoleInfo.java:shutdownFollowerState(121)) - ae30b09a-3f92-4901-8c0e-33d58823c940: shutdown FollowerState
2019-10-03 02:04:42,968 [grpc-default-executor-0] INFO  impl.RoleInfo (RoleInfo.java:shutdownFollowerState(121)) - c143e33d-a1b2-4e06-a885-12eed5c500ae: shutdown FollowerState
2019-10-03 02:04:42,969 [Thread-624] INFO  impl.FollowerState (FollowerState.java:run(117)) - ae30b09a-3f92-4901-8c0e-33d58823c940@group-A7BE52D7439D-FollowerState was interrupted: java.lang.InterruptedException: sleep interrupted
2019-10-03 02:04:42,969 [grpc-default-executor-1] INFO  impl.RoleInfo (RoleInfo.java:updateAndGet(143)) - ae30b09a-3f92-4901-8c0e-33d58823c940: start FollowerState
2019-10-03 02:04:42,969 [grpc-default-executor-0] INFO  impl.RoleInfo (RoleInfo.java:updateAndGet(143)) - c143e33d-a1b2-4e06-a885-12eed5c500ae: start FollowerState
2019-10-03 02:04:42,969 [Thread-625] INFO  impl.FollowerState (FollowerState.java:run(117)) - c143e33d-a1b2-4e06-a885-12eed5c500ae@group-A7BE52D7439D-FollowerState was interrupted: java.lang.InterruptedException: sleep interrupted
2019-10-03 02:04:42,986 [24f0c7fa-6093-49fc-a802-1ab16539b9a6@group-A7BE52D7439D-LeaderElection13] INFO  impl.LeaderElection (LeaderElection.java:logAndReturn(56)) - 24f0c7fa-6093-49fc-a802-1ab16539b9a6@group-A7BE52D7439D-LeaderElection13: Election PASSED; received 1 response(s) [24f0c7fa-6093-49fc-a802-1ab16539b9a6<-c143e33d-a1b2-4e06-a885-12eed5c500ae#0:OK-t1] and 0 exception(s); 24f0c7fa-6093-49fc-a802-1ab16539b9a6@group-A7BE52D7439D:t1, leader=null, voted=24f0c7fa-6093-49fc-a802-1ab16539b9a6, raftlog=24f0c7fa-6093-49fc-a802-1ab16539b9a6@group-A7BE52D7439D-SegmentedRaftLog:OPENED:c-1,f-1,i0, conf=-1: [ae30b09a-3f92-4901-8c0e-33d58823c940:192.168.164.205:35374, c143e33d-a1b2-4e06-a885-12eed5c500ae:192.168.164.205:43776, 24f0c7fa-6093-49fc-a802-1ab16539b9a6:192.168.164.205:34153], old=null
2019-10-03 02:04:42,986 [24f0c7fa-6093-49fc-a802-1ab16539b9a6@group-A7BE52D7439D-LeaderElection13] INFO  impl.RoleInfo (RoleInfo.java:shutdownLeaderElection(134)) - 24f0c7fa-6093-49fc-a802-1ab16539b9a6: shutdown LeaderElection
2019-10-03 02:04:42,988 [24f0c7fa-6093-49fc-a802-1ab16539b9a6@group-A7BE52D7439D-LeaderElection13] INFO  impl.RaftServerImpl (RaftServerImpl.java:setRole(170)) - 24f0c7fa-6093-49fc-a802-1ab16539b9a6@group-A7BE52D7439D: changes role from CANDIDATE to LEADER at term 1 for changeToLeader
2019-10-03 02:04:42,988 [24f0c7fa-6093-49fc-a802-1ab16539b9a6@group-A7BE52D7439D-LeaderElection13] INFO  impl.RaftServerImpl (ServerState.java:setLeader(255)) - 24f0c7fa-6093-49fc-a802-1ab16539b9a6@group-A7BE52D7439D: change Leader from null to 24f0c7fa-6093-49fc-a802-1ab16539b9a6 at term 1 for becomeLeader, leader elected after 5128ms
2019-10-03 02:04:42,988 [24f0c7fa-6093-49fc-a802-1ab16539b9a6@group-A7BE52D7439D-LeaderElection13] INFO  server.RaftServerConfigKeys (ConfUtils.java:logGet(43)) - raft.server.staging.catchup.gap = 1000 (default)
2019-10-03 02:04:42,989 [24f0c7fa-6093-49fc-a802-1ab16539b9a6@group-A7BE52D7439D-LeaderElection13] INFO  server.RaftServerConfigKeys (ConfUtils.java:logGet(43)) - raft.server.rpc.sleep.time = 25ms (default)
2019-10-03 02:04:42,989 [24f0c7fa-6093-49fc-a802-1ab16539b9a6@group-A7BE52D7439D-LeaderElection13] INFO  server.RaftServerConfigKeys (ConfUtils.java:logGet(43)) - raft.server.write.element-limit = 4096 (default)
2019-10-03 02:04:42,989 [24f0c7fa-6093-49fc-a802-1ab16539b9a6@group-A7BE52D7439D-LeaderElection13] INFO  server.RaftServerConfigKeys (ConfUtils.java:logGet(43)) - raft.server.watch.timeout = 10s (default)
2019-10-03 02:04:42,989 [24f0c7fa-6093-49fc-a802-1ab16539b9a6@group-A7BE52D7439D-LeaderElection13] INFO  server.RaftServerConfigKeys (ConfUtils.java:logGet(43)) - raft.server.watch.timeout.denomination = 1s (default)
2019-10-03 02:04:42,990 [24f0c7fa-6093-49fc-a802-1ab16539b9a6@group-A7BE52D7439D-LeaderElection13] INFO  server.RaftServerConfigKeys (ConfUtils.java:logGet(43)) - raft.server.watch.element-limit = 65536 (default)
2019-10-03 02:04:42,993 [24f0c7fa-6093-49fc-a802-1ab16539b9a6@group-A7BE52D7439D-LeaderElection13] INFO  server.RaftServerConfigKeys (ConfUtils.java:logGet(43)) - raft.server.log.appender.snapshot.chunk.size.max = 16MB (=16777216) (default)
2019-10-03 02:04:42,993 [24f0c7fa-6093-49fc-a802-1ab16539b9a6@group-A7BE52D7439D-LeaderElection13] INFO  server.RaftServerConfigKeys (ConfUtils.java:logGet(43)) - raft.server.log.appender.buffer.byte-limit = 33554432 (custom)
2019-10-03 02:04:42,993 [24f0c7fa-6093-49fc-a802-1ab16539b9a6@group-A7BE52D7439D-LeaderElection13] INFO  server.RaftServerConfigKeys (ConfUtils.java:logGet(43)) - raft.server.log.appender.buffer.element-limit = 1 (custom)
2019-10-03 02:04:42,994 [24f0c7fa-6093-49fc-a802-1ab16539b9a6@group-A7BE52D7439D-LeaderElection13] INFO  grpc.GrpcConfigKeys$Server (ConfUtils.java:logGet(43)) - raft.grpc.server.leader.outstanding.appends.max = 128 (default)
2019-10-03 02:04:42,994 [24f0c7fa-6093-49fc-a802-1ab16539b9a6@group-A7BE52D7439D-LeaderElection13] INFO  server.RaftServerConfigKeys (ConfUtils.java:logGet(43)) - raft.server.rpc.request.timeout = 3000ms (default)
2019-10-03 02:04:42,994 [24f0c7fa-6093-49fc-a802-1ab16539b9a6@group-A7BE52D7439D-LeaderElection13] INFO  server.RaftServerConfigKeys (ConfUtils.java:logGet(43)) - raft.server.log.appender.install.snapshot.enabled = false (custom)
2019-10-03 02:04:42,995 [24f0c7fa-6093-49fc-a802-1ab16539b9a6@group-A7BE52D7439D-LeaderElection13] INFO  server.RaftServerConfigKeys (ConfUtils.java:logGet(43)) - raft.server.log.appender.snapshot.chunk.size.max = 16MB (=16777216) (default)
2019-10-03 02:04:42,995 [24f0c7fa-6093-49fc-a802-1ab16539b9a6@group-A7BE52D7439D-LeaderElection13] INFO  server.RaftServerConfigKeys (ConfUtils.java:logGet(43)) - raft.server.log.appender.buffer.byte-limit = 33554432 (custom)
2019-10-03 02:04:42,995 [24f0c7fa-6093-49fc-a802-1ab16539b9a6@group-A7BE52D7439D-LeaderElection13] INFO  server.RaftServerConfigKeys (ConfUtils.java:logGet(43)) - raft.server.log.appender.buffer.element-limit = 1 (custom)
2019-10-03 02:04:42,995 [24f0c7fa-6093-49fc-a802-1ab16539b9a6@group-A7BE52D7439D-LeaderElection13] INFO  grpc.GrpcConfigKeys$Server (ConfUtils.java:logGet(43)) - raft.grpc.server.leader.outstanding.appends.max = 128 (default)
2019-10-03 02:04:42,996 [24f0c7fa-6093-49fc-a802-1ab16539b9a6@group-A7BE52D7439D-LeaderElection13] INFO  server.RaftServerConfigKeys (ConfUtils.java:logGet(43)) - raft.server.rpc.request.timeout = 3000ms (default)
2019-10-03 02:04:42,996 [24f0c7fa-6093-49fc-a802-1ab16539b9a6@group-A7BE52D7439D-LeaderElection13] INFO  server.RaftServerConfigKeys (ConfUtils.java:logGet(43)) - raft.server.log.appender.install.snapshot.enabled = false (custom)
2019-10-03 02:04:42,996 [24f0c7fa-6093-49fc-a802-1ab16539b9a6@group-A7BE52D7439D-LeaderElection13] INFO  impl.RoleInfo (RoleInfo.java:updateAndGet(143)) - 24f0c7fa-6093-49fc-a802-1ab16539b9a6: start LeaderState
2019-10-03 02:04:42,996 [24f0c7fa-6093-49fc-a802-1ab16539b9a6@group-A7BE52D7439D-LeaderElection13] INFO  segmented.SegmentedRaftLogWorker (SegmentedRaftLogWorker.java:startLogSegment(385)) - 24f0c7fa-6093-49fc-a802-1ab16539b9a6@group-A7BE52D7439D-SegmentedRaftLogWorker: Starting segment from index:0
2019-10-03 02:04:42,998 [24f0c7fa-6093-49fc-a802-1ab16539b9a6@group-A7BE52D7439D-LeaderElection13] INFO  impl.RaftServerImpl (ServerState.java:setRaftConf(356)) - 24f0c7fa-6093-49fc-a802-1ab16539b9a6@group-A7BE52D7439D: set configuration 0: [ae30b09a-3f92-4901-8c0e-33d58823c940:192.168.164.205:35374, c143e33d-a1b2-4e06-a885-12eed5c500ae:192.168.164.205:43776, 24f0c7fa-6093-49fc-a802-1ab16539b9a6:192.168.164.205:34153], old=null at 0
2019-10-03 02:04:43,038 [grpc-default-executor-1] INFO  impl.RaftServerImpl (ServerState.java:setLeader(255)) - ae30b09a-3f92-4901-8c0e-33d58823c940@group-A7BE52D7439D: change Leader from null to 24f0c7fa-6093-49fc-a802-1ab16539b9a6 at term 1 for appendEntries, leader elected after 5178ms
2019-10-03 02:04:43,039 [grpc-default-executor-0] INFO  impl.RaftServerImpl (ServerState.java:setLeader(255)) - c143e33d-a1b2-4e06-a885-12eed5c500ae@group-A7BE52D7439D: change Leader from null to 24f0c7fa-6093-49fc-a802-1ab16539b9a6 at term 1 for appendEntries, leader elected after 5179ms
2019-10-03 02:04:43,046 [grpc-default-executor-1] INFO  impl.RaftServerImpl (ServerState.java:setRaftConf(356)) - ae30b09a-3f92-4901-8c0e-33d58823c940@group-A7BE52D7439D: set configuration 0: [ae30b09a-3f92-4901-8c0e-33d58823c940:192.168.164.205:35374, c143e33d-a1b2-4e06-a885-12eed5c500ae:192.168.164.205:43776, 24f0c7fa-6093-49fc-a802-1ab16539b9a6:192.168.164.205:34153], old=null at 0
2019-10-03 02:04:43,046 [grpc-default-executor-0] INFO  impl.RaftServerImpl (ServerState.java:setRaftConf(356)) - c143e33d-a1b2-4e06-a885-12eed5c500ae@group-A7BE52D7439D: set configuration 0: [ae30b09a-3f92-4901-8c0e-33d58823c940:192.168.164.205:35374, c143e33d-a1b2-4e06-a885-12eed5c500ae:192.168.164.205:43776, 24f0c7fa-6093-49fc-a802-1ab16539b9a6:192.168.164.205:34153], old=null at 0
2019-10-03 02:04:43,047 [grpc-default-executor-1] INFO  segmented.SegmentedRaftLogWorker (SegmentedRaftLogWorker.java:startLogSegment(385)) - ae30b09a-3f92-4901-8c0e-33d58823c940@group-A7BE52D7439D-SegmentedRaftLogWorker: Starting segment from index:0
2019-10-03 02:04:43,047 [grpc-default-executor-0] INFO  segmented.SegmentedRaftLogWorker (SegmentedRaftLogWorker.java:startLogSegment(385)) - c143e33d-a1b2-4e06-a885-12eed5c500ae@group-A7BE52D7439D-SegmentedRaftLogWorker: Starting segment from index:0
2019-10-03 02:04:43,058 [24f0c7fa-6093-49fc-a802-1ab16539b9a6@group-A7BE52D7439D-SegmentedRaftLogWorker] INFO  segmented.SegmentedRaftLogWorker (SegmentedRaftLogWorker.java:execute(574)) - 24f0c7fa-6093-49fc-a802-1ab16539b9a6@group-A7BE52D7439D-SegmentedRaftLogWorker: created new log segment /workdir/hadoop-ozone/ozonefs/target/test-dir/MiniOzoneClusterImpl-45ef7942-3c9d-45da-a7f2-71ffeedf5eef/datanode-2/data/ratis/324edca7-a3b7-4b95-a291-a7be52d7439d/current/log_inprogress_0
2019-10-03 02:04:43,094 [c143e33d-a1b2-4e06-a885-12eed5c500ae@group-A7BE52D7439D-SegmentedRaftLogWorker] INFO  segmented.SegmentedRaftLogWorker (SegmentedRaftLogWorker.java:execute(574)) - c143e33d-a1b2-4e06-a885-12eed5c500ae@group-A7BE52D7439D-SegmentedRaftLogWorker: created new log segment /workdir/hadoop-ozone/ozonefs/target/test-dir/MiniOzoneClusterImpl-45ef7942-3c9d-45da-a7f2-71ffeedf5eef/datanode-1/data/ratis/324edca7-a3b7-4b95-a291-a7be52d7439d/current/log_inprogress_0
2019-10-03 02:04:43,094 [ae30b09a-3f92-4901-8c0e-33d58823c940@group-A7BE52D7439D-SegmentedRaftLogWorker] INFO  segmented.SegmentedRaftLogWorker (SegmentedRaftLogWorker.java:execute(574)) - ae30b09a-3f92-4901-8c0e-33d58823c940@group-A7BE52D7439D-SegmentedRaftLogWorker: created new log segment /workdir/hadoop-ozone/ozonefs/target/test-dir/MiniOzoneClusterImpl-45ef7942-3c9d-45da-a7f2-71ffeedf5eef/datanode-0/data/ratis/324edca7-a3b7-4b95-a291-a7be52d7439d/current/log_inprogress_0
2019-10-03 02:04:43,855 [main] INFO  ozoneimpl.OzoneContainer (OzoneContainer.java:stop(231)) - Attempting to stop container services.
2019-10-03 02:04:43,855 [ForkJoinPool.commonPool-worker-0] INFO  ozoneimpl.OzoneContainer (OzoneContainer.java:stop(231)) - Attempting to stop container services.
2019-10-03 02:04:43,856 [main] INFO  impl.RaftServerProxy (RaftServerProxy.java:lambda$close$4(314)) - c143e33d-a1b2-4e06-a885-12eed5c500ae: close
2019-10-03 02:04:43,856 [ForkJoinPool.commonPool-worker-0] INFO  impl.RaftServerProxy (RaftServerProxy.java:lambda$close$4(314)) - ae30b09a-3f92-4901-8c0e-33d58823c940: close
2019-10-03 02:04:43,857 [main] INFO  impl.RaftServerImpl (RaftServerImpl.java:lambda$shutdown$3(247)) - c143e33d-a1b2-4e06-a885-12eed5c500ae@group-FBBC24038A2F: shutdown
2019-10-03 02:04:43,857 [ForkJoinPool.commonPool-worker-0] INFO  impl.RaftServerImpl (RaftServerImpl.java:lambda$shutdown$3(247)) - ae30b09a-3f92-4901-8c0e-33d58823c940@group-7980A3276268: shutdown
2019-10-03 02:04:43,858 [main] INFO  util.JmxRegister (JmxRegister.java:unregister(73)) - Successfully un-registered JMX Bean with object name Ratis:service=RaftServer,group=group-FBBC24038A2F,id=c143e33d-a1b2-4e06-a885-12eed5c500ae
2019-10-03 02:04:43,859 [main] INFO  impl.RoleInfo (RoleInfo.java:shutdownLeaderState(104)) - c143e33d-a1b2-4e06-a885-12eed5c500ae: shutdown LeaderState
2019-10-03 02:04:43,858 [ForkJoinPool.commonPool-worker-0] INFO  util.JmxRegister (JmxRegister.java:unregister(73)) - Successfully un-registered JMX Bean with object name Ratis:service=RaftServer,group=group-7980A3276268,id=ae30b09a-3f92-4901-8c0e-33d58823c940
2019-10-03 02:04:43,860 [main] INFO  impl.PendingRequests (PendingRequests.java:sendNotLeaderResponses(202)) - c143e33d-a1b2-4e06-a885-12eed5c500ae@group-FBBC24038A2F-PendingRequests: sendNotLeaderResponses
2019-10-03 02:04:43,860 [ForkJoinPool.commonPool-worker-0] INFO  impl.RoleInfo (RoleInfo.java:shutdownLeaderState(104)) - ae30b09a-3f92-4901-8c0e-33d58823c940: shutdown LeaderState
2019-10-03 02:04:43,861 [main] INFO  impl.StateMachineUpdater (StateMachineUpdater.java:stopAndJoin(136)) - c143e33d-a1b2-4e06-a885-12eed5c500ae@group-FBBC24038A2F-StateMachineUpdater: set stopIndex = 0
2019-10-03 02:04:43,864 [main] INFO  impl.RaftServerImpl (ServerState.java:close(387)) - c143e33d-a1b2-4e06-a885-12eed5c500ae@group-FBBC24038A2F: closes. applyIndex: 0
2019-10-03 02:04:43,861 [ForkJoinPool.commonPool-worker-0] INFO  impl.PendingRequests (PendingRequests.java:sendNotLeaderResponses(202)) - ae30b09a-3f92-4901-8c0e-33d58823c940@group-7980A3276268-PendingRequests: sendNotLeaderResponses
2019-10-03 02:04:43,864 [c143e33d-a1b2-4e06-a885-12eed5c500ae@group-FBBC24038A2F-SegmentedRaftLogWorker] INFO  segmented.SegmentedRaftLogWorker (SegmentedRaftLogWorker.java:run(316)) - c143e33d-a1b2-4e06-a885-12eed5c500ae@group-FBBC24038A2F-SegmentedRaftLogWorker was interrupted, exiting. There are 0 tasks remaining in the queue.
2019-10-03 02:04:43,865 [ForkJoinPool.commonPool-worker-0] INFO  impl.StateMachineUpdater (StateMachineUpdater.java:stopAndJoin(136)) - ae30b09a-3f92-4901-8c0e-33d58823c940@group-7980A3276268-StateMachineUpdater: set stopIndex = 0
2019-10-03 02:04:43,866 [main] INFO  segmented.SegmentedRaftLogWorker (SegmentedRaftLogWorker.java:close(224)) - c143e33d-a1b2-4e06-a885-12eed5c500ae@group-FBBC24038A2F-SegmentedRaftLogWorker close()
2019-10-03 02:04:43,867 [ForkJoinPool.commonPool-worker-0] INFO  impl.RaftServerImpl (ServerState.java:close(387)) - ae30b09a-3f92-4901-8c0e-33d58823c940@group-7980A3276268: closes. applyIndex: 0
2019-10-03 02:04:43,870 [main] INFO  impl.RaftServerImpl (RaftServerImpl.java:lambda$shutdown$3(247)) - c143e33d-a1b2-4e06-a885-12eed5c500ae@group-A7BE52D7439D: shutdown
2019-10-03 02:04:43,870 [ae30b09a-3f92-4901-8c0e-33d58823c940@group-7980A3276268-SegmentedRaftLogWorker] INFO  segmented.SegmentedRaftLogWorker (SegmentedRaftLogWorker.java:run(316)) - ae30b09a-3f92-4901-8c0e-33d58823c940@group-7980A3276268-SegmentedRaftLogWorker was interrupted, exiting. There are 0 tasks remaining in the queue.
2019-10-03 02:04:43,871 [main] INFO  util.JmxRegister (JmxRegister.java:unregister(73)) - Successfully un-registered JMX Bean with object name Ratis:service=RaftServer,group=group-A7BE52D7439D,id=c143e33d-a1b2-4e06-a885-12eed5c500ae
2019-10-03 02:04:43,872 [main] INFO  impl.RoleInfo (RoleInfo.java:shutdownFollowerState(121)) - c143e33d-a1b2-4e06-a885-12eed5c500ae: shutdown FollowerState
2019-10-03 02:04:43,872 [ForkJoinPool.commonPool-worker-0] INFO  segmented.SegmentedRaftLogWorker (SegmentedRaftLogWorker.java:close(224)) - ae30b09a-3f92-4901-8c0e-33d58823c940@group-7980A3276268-SegmentedRaftLogWorker close()
2019-10-03 02:04:43,873 [Thread-644] INFO  impl.FollowerState (FollowerState.java:run(117)) - c143e33d-a1b2-4e06-a885-12eed5c500ae@group-A7BE52D7439D-FollowerState was interrupted: java.lang.InterruptedException: sleep interrupted
2019-10-03 02:04:43,873 [main] INFO  impl.StateMachineUpdater (StateMachineUpdater.java:stopAndJoin(136)) - c143e33d-a1b2-4e06-a885-12eed5c500ae@group-A7BE52D7439D-StateMachineUpdater: set stopIndex = -1
2019-10-03 02:04:43,882 [ForkJoinPool.commonPool-worker-0] INFO  impl.RaftServerImpl (RaftServerImpl.java:lambda$shutdown$3(247)) - ae30b09a-3f92-4901-8c0e-33d58823c940@group-A7BE52D7439D: shutdown
2019-10-03 02:04:43,882 [main] INFO  impl.RaftServerImpl (ServerState.java:close(387)) - c143e33d-a1b2-4e06-a885-12eed5c500ae@group-A7BE52D7439D: closes. applyIndex: -1
2019-10-03 02:04:43,882 [ForkJoinPool.commonPool-worker-0] INFO  util.JmxRegister (JmxRegister.java:unregister(73)) - Successfully un-registered JMX Bean with object name Ratis:service=RaftServer,group=group-A7BE52D7439D,id=ae30b09a-3f92-4901-8c0e-33d58823c940
2019-10-03 02:04:43,883 [c143e33d-a1b2-4e06-a885-12eed5c500ae@group-A7BE52D7439D-SegmentedRaftLogWorker] INFO  segmented.SegmentedRaftLogWorker (SegmentedRaftLogWorker.java:run(316)) - c143e33d-a1b2-4e06-a885-12eed5c500ae@group-A7BE52D7439D-SegmentedRaftLogWorker was interrupted, exiting. There are 0 tasks remaining in the queue.
2019-10-03 02:04:43,883 [ForkJoinPool.commonPool-worker-0] INFO  impl.RoleInfo (RoleInfo.java:shutdownFollowerState(121)) - ae30b09a-3f92-4901-8c0e-33d58823c940: shutdown FollowerState
2019-10-03 02:04:43,885 [main] INFO  segmented.SegmentedRaftLogWorker (SegmentedRaftLogWorker.java:close(224)) - c143e33d-a1b2-4e06-a885-12eed5c500ae@group-A7BE52D7439D-SegmentedRaftLogWorker close()
2019-10-03 02:04:43,885 [Thread-643] INFO  impl.FollowerState (FollowerState.java:run(117)) - ae30b09a-3f92-4901-8c0e-33d58823c940@group-A7BE52D7439D-FollowerState was interrupted: java.lang.InterruptedException: sleep interrupted
2019-10-03 02:04:43,885 [ForkJoinPool.commonPool-worker-0] INFO  impl.StateMachineUpdater (StateMachineUpdater.java:stopAndJoin(136)) - ae30b09a-3f92-4901-8c0e-33d58823c940@group-A7BE52D7439D-StateMachineUpdater: set stopIndex = -1
2019-10-03 02:04:43,890 [main] INFO  server.GrpcService (GrpcService.java:closeImpl(164)) - c143e33d-a1b2-4e06-a885-12eed5c500ae: shutdown server with port 43776 now
2019-10-03 02:04:43,891 [ForkJoinPool.commonPool-worker-0] INFO  impl.RaftServerImpl (ServerState.java:close(387)) - ae30b09a-3f92-4901-8c0e-33d58823c940@group-A7BE52D7439D: closes. applyIndex: -1
2019-10-03 02:04:43,893 [ae30b09a-3f92-4901-8c0e-33d58823c940@group-A7BE52D7439D-SegmentedRaftLogWorker] INFO  segmented.SegmentedRaftLogWorker (SegmentedRaftLogWorker.java:run(316)) - ae30b09a-3f92-4901-8c0e-33d58823c940@group-A7BE52D7439D-SegmentedRaftLogWorker was interrupted, exiting. There are 0 tasks remaining in the queue.
2019-10-03 02:04:43,894 [ForkJoinPool.commonPool-worker-0] INFO  segmented.SegmentedRaftLogWorker (SegmentedRaftLogWorker.java:close(224)) - ae30b09a-3f92-4901-8c0e-33d58823c940@group-A7BE52D7439D-SegmentedRaftLogWorker close()
2019-10-03 02:04:43,897 [ForkJoinPool.commonPool-worker-0] INFO  server.GrpcService (GrpcService.java:closeImpl(164)) - ae30b09a-3f92-4901-8c0e-33d58823c940: shutdown server with port 35374 now
2019-10-03 02:04:43,898 [ForkJoinPool.commonPool-worker-0] INFO  server.GrpcService (GrpcService.java:closeImpl(172)) - ae30b09a-3f92-4901-8c0e-33d58823c940: shutdown server with port 35374 successfully
2019-10-03 02:04:43,899 [main] INFO  server.GrpcService (GrpcService.java:closeImpl(172)) - c143e33d-a1b2-4e06-a885-12eed5c500ae: shutdown server with port 43776 successfully
2019-10-03 02:04:43,899 [grpc-default-executor-3] WARN  server.GrpcServerProtocolService (LogUtils.java:warn(134)) - c143e33d-a1b2-4e06-a885-12eed5c500ae: installSnapshot onError, lastRequest: 24f0c7fa-6093-49fc-a802-1ab16539b9a6->c143e33d-a1b2-4e06-a885-12eed5c500ae#1-t1, previous=(t:0, i:0), leaderCommit=-1, initializing? false, entries: size=1, first=(t:1, i:0), CONFIGURATIONENTRY: org.apache.ratis.thirdparty.io.grpc.StatusRuntimeException: CANCELLED: cancelled before receiving half close
2019-10-03 02:04:43,900 [grpc-default-executor-1] WARN  server.GrpcLogAppender (LogUtils.java:warn(134)) - 24f0c7fa-6093-49fc-a802-1ab16539b9a6@group-A7BE52D7439D->c143e33d-a1b2-4e06-a885-12eed5c500ae-AppendLogResponseHandler: Failed appendEntries: org.apache.ratis.thirdparty.io.grpc.StatusRuntimeException: CANCELLED: HTTP/2 error code: CANCEL
Received Rst Stream
2019-10-03 02:04:43,899 [grpc-default-executor-2] WARN  server.GrpcServerProtocolService (LogUtils.java:warn(134)) - ae30b09a-3f92-4901-8c0e-33d58823c940: installSnapshot onError, lastRequest: 24f0c7fa-6093-49fc-a802-1ab16539b9a6->ae30b09a-3f92-4901-8c0e-33d58823c940#1-t1, previous=(t:0, i:0), leaderCommit=-1, initializing? false, entries: size=1, first=(t:1, i:0), CONFIGURATIONENTRY: org.apache.ratis.thirdparty.io.grpc.StatusRuntimeException: CANCELLED: cancelled before receiving half close
2019-10-03 02:04:43,902 [refreshUsed-/workdir/hadoop-ozone/ozonefs/target/test-dir/MiniOzoneClusterImpl-45ef7942-3c9d-45da-a7f2-71ffeedf5eef/datanode-0/data/containers] WARN  fs.CachingGetSpaceUsed (CachingGetSpaceUsed.java:run(183)) - Thread Interrupted waiting to refresh disk information: sleep interrupted
2019-10-03 02:04:43,902 [grpc-default-executor-1] INFO  impl.FollowerInfo (FollowerInfo.java:lambda$new$0(51)) - 24f0c7fa-6093-49fc-a802-1ab16539b9a6@group-A7BE52D7439D->c143e33d-a1b2-4e06-a885-12eed5c500ae: nextIndex: updateUnconditionally 1 -> 0
2019-10-03 02:04:43,903 [grpc-default-executor-4] WARN  server.GrpcLogAppender (LogUtils.java:warn(134)) - 24f0c7fa-6093-49fc-a802-1ab16539b9a6@group-A7BE52D7439D->ae30b09a-3f92-4901-8c0e-33d58823c940-AppendLogResponseHandler: Failed appendEntries: org.apache.ratis.thirdparty.io.grpc.StatusRuntimeException: CANCELLED: HTTP/2 error code: CANCEL
Received Rst Stream
2019-10-03 02:04:43,906 [refreshUsed-/workdir/hadoop-ozone/ozonefs/target/test-dir/MiniOzoneClusterImpl-45ef7942-3c9d-45da-a7f2-71ffeedf5eef/datanode-1/data/containers] WARN  fs.CachingGetSpaceUsed (CachingGetSpaceUsed.java:run(183)) - Thread Interrupted waiting to refresh disk information: sleep interrupted
2019-10-03 02:04:43,906 [grpc-default-executor-4] INFO  impl.FollowerInfo (FollowerInfo.java:lambda$new$0(51)) - 24f0c7fa-6093-49fc-a802-1ab16539b9a6@group-A7BE52D7439D->ae30b09a-3f92-4901-8c0e-33d58823c940: nextIndex: updateUnconditionally 1 -> 0
2019-10-03 02:04:43,935 [main] INFO  utils.BackgroundService (BackgroundService.java:shutdown(148)) - Shutting down service BlockDeletingService
2019-10-03 02:04:43,938 [main] INFO  statemachine.DatanodeStateMachine (DatanodeStateMachine.java:stopDaemon(395)) - Ozone container server stopped.
2019-10-03 02:04:43,939 [main] INFO  handler.ContextHandler (ContextHandler.java:doStop(910)) - Stopped o.e.j.w.WebAppContext@4f2d014a{/,null,UNAVAILABLE}{/hddsDatanode}
2019-10-03 02:04:43,940 [main] INFO  server.AbstractConnector (AbstractConnector.java:doStop(318)) - Stopped ServerConnector@51fc862e{HTTP/1.1,[http/1.1]}{0.0.0.0:0}
2019-10-03 02:04:43,940 [main] INFO  handler.ContextHandler (ContextHandler.java:doStop(910)) - Stopped o.e.j.s.ServletContextHandler@1ff15a50{/static,jar:file:/home/user/.m2/repository/org/apache/hadoop/hadoop-hdds-container-service/0.5.0-SNAPSHOT/hadoop-hdds-container-service-0.5.0-SNAPSHOT.jar!/webapps/static,UNAVAILABLE}
2019-10-03 02:04:43,941 [main] INFO  handler.ContextHandler (ContextHandler.java:doStop(910)) - Stopped o.e.j.s.ServletContextHandler@67cffead{/logs,file:///workdir/hadoop-ozone/ozonefs/target/log,UNAVAILABLE}
2019-10-03 02:04:43,944 [ForkJoinPool.commonPool-worker-0] INFO  utils.BackgroundService (BackgroundService.java:shutdown(148)) - Shutting down service BlockDeletingService
2019-10-03 02:04:43,947 [ForkJoinPool.commonPool-worker-0] INFO  statemachine.DatanodeStateMachine (DatanodeStateMachine.java:stopDaemon(395)) - Ozone container server stopped.
2019-10-03 02:04:43,950 [ForkJoinPool.commonPool-worker-0] INFO  handler.ContextHandler (ContextHandler.java:doStop(910)) - Stopped o.e.j.w.WebAppContext@f0a66bd{/,null,UNAVAILABLE}{/hddsDatanode}
2019-10-03 02:04:43,950 [ForkJoinPool.commonPool-worker-0] INFO  server.AbstractConnector (AbstractConnector.java:doStop(318)) - Stopped ServerConnector@460b50df{HTTP/1.1,[http/1.1]}{0.0.0.0:0}
2019-10-03 02:04:43,952 [ForkJoinPool.commonPool-worker-0] INFO  handler.ContextHandler (ContextHandler.java:doStop(910)) - Stopped o.e.j.s.ServletContextHandler@60ed12e8{/static,jar:file:/home/user/.m2/repository/org/apache/hadoop/hadoop-hdds-container-service/0.5.0-SNAPSHOT/hadoop-hdds-container-service-0.5.0-SNAPSHOT.jar!/webapps/static,UNAVAILABLE}
2019-10-03 02:04:43,953 [ForkJoinPool.commonPool-worker-0] INFO  handler.ContextHandler (ContextHandler.java:doStop(910)) - Stopped o.e.j.s.ServletContextHandler@2fd72332{/logs,file:///workdir/hadoop-ozone/ozonefs/target/log,UNAVAILABLE}
2019-10-03 02:04:44,728 [Datanode State Machine Thread - 0] INFO  statemachine.DatanodeStateMachine (DatanodeStateMachine.java:lambda$startDaemon$0(350)) - Ozone container server started.
2019-10-03 02:04:45,627 [grpc-default-executor-4] WARN  server.GrpcLogAppender (LogUtils.java:warn(134)) - 24f0c7fa-6093-49fc-a802-1ab16539b9a6@group-A7BE52D7439D->ae30b09a-3f92-4901-8c0e-33d58823c940-AppendLogResponseHandler: Failed appendEntries: org.apache.ratis.thirdparty.io.grpc.StatusRuntimeException: UNAVAILABLE: io exception
2019-10-03 02:04:45,627 [grpc-default-executor-1] WARN  server.GrpcLogAppender (LogUtils.java:warn(134)) - 24f0c7fa-6093-49fc-a802-1ab16539b9a6@group-A7BE52D7439D->c143e33d-a1b2-4e06-a885-12eed5c500ae-AppendLogResponseHandler: Failed appendEntries: org.apache.ratis.thirdparty.io.grpc.StatusRuntimeException: UNAVAILABLE: io exception
2019-10-03 02:04:45,630 [grpc-default-executor-4] INFO  impl.FollowerInfo (FollowerInfo.java:lambda$new$0(51)) - 24f0c7fa-6093-49fc-a802-1ab16539b9a6@group-A7BE52D7439D->ae30b09a-3f92-4901-8c0e-33d58823c940: nextIndex: updateUnconditionally 0 -> 0
2019-10-03 02:04:45,630 [grpc-default-executor-1] INFO  impl.FollowerInfo (FollowerInfo.java:lambda$new$0(51)) - 24f0c7fa-6093-49fc-a802-1ab16539b9a6@group-A7BE52D7439D->c143e33d-a1b2-4e06-a885-12eed5c500ae: nextIndex: updateUnconditionally 0 -> 0
2019-10-03 02:04:48,120 [grpc-default-executor-1] WARN  server.GrpcLogAppender (LogUtils.java:warn(134)) - 24f0c7fa-6093-49fc-a802-1ab16539b9a6@group-A7BE52D7439D->c143e33d-a1b2-4e06-a885-12eed5c500ae-AppendLogResponseHandler: Failed appendEntries: org.apache.ratis.thirdparty.io.grpc.StatusRuntimeException: UNAVAILABLE: io exception
2019-10-03 02:04:48,120 [grpc-default-executor-0] WARN  server.GrpcLogAppender (LogUtils.java:warn(134)) - 24f0c7fa-6093-49fc-a802-1ab16539b9a6@group-A7BE52D7439D->ae30b09a-3f92-4901-8c0e-33d58823c940-AppendLogResponseHandler: Failed appendEntries: org.apache.ratis.thirdparty.io.grpc.StatusRuntimeException: UNAVAILABLE: io exception
2019-10-03 02:04:48,122 [grpc-default-executor-1] INFO  impl.FollowerInfo (FollowerInfo.java:lambda$new$0(51)) - 24f0c7fa-6093-49fc-a802-1ab16539b9a6@group-A7BE52D7439D->c143e33d-a1b2-4e06-a885-12eed5c500ae: nextIndex: updateUnconditionally 0 -> 0
2019-10-03 02:04:48,123 [grpc-default-executor-0] INFO  impl.FollowerInfo (FollowerInfo.java:lambda$new$0(51)) - 24f0c7fa-6093-49fc-a802-1ab16539b9a6@group-A7BE52D7439D->ae30b09a-3f92-4901-8c0e-33d58823c940: nextIndex: updateUnconditionally 0 -> 0
2019-10-03 02:04:48,942 [main] INFO  ozoneimpl.OzoneContainer (OzoneContainer.java:stop(231)) - Attempting to stop container services.
2019-10-03 02:04:48,943 [main] INFO  impl.RaftServerProxy (RaftServerProxy.java:lambda$close$4(314)) - 24f0c7fa-6093-49fc-a802-1ab16539b9a6: close
2019-10-03 02:04:48,944 [main] INFO  impl.RaftServerImpl (RaftServerImpl.java:lambda$shutdown$3(247)) - 24f0c7fa-6093-49fc-a802-1ab16539b9a6@group-C293E8AF7180: shutdown
2019-10-03 02:04:48,944 [ForkJoinPool.commonPool-worker-1] INFO  impl.RaftServerImpl (RaftServerImpl.java:lambda$shutdown$3(247)) - 24f0c7fa-6093-49fc-a802-1ab16539b9a6@group-A7BE52D7439D: shutdown
2019-10-03 02:04:48,944 [main] INFO  util.JmxRegister (JmxRegister.java:unregister(73)) - Successfully un-registered JMX Bean with object name Ratis:service=RaftServer,group=group-C293E8AF7180,id=24f0c7fa-6093-49fc-a802-1ab16539b9a6
2019-10-03 02:04:48,945 [main] INFO  impl.RoleInfo (RoleInfo.java:shutdownLeaderState(104)) - 24f0c7fa-6093-49fc-a802-1ab16539b9a6: shutdown LeaderState
2019-10-03 02:04:48,945 [ForkJoinPool.commonPool-worker-1] INFO  util.JmxRegister (JmxRegister.java:unregister(73)) - Successfully un-registered JMX Bean with object name Ratis:service=RaftServer,group=group-A7BE52D7439D,id=24f0c7fa-6093-49fc-a802-1ab16539b9a6
2019-10-03 02:04:48,946 [main] INFO  impl.PendingRequests (PendingRequests.java:sendNotLeaderResponses(202)) - 24f0c7fa-6093-49fc-a802-1ab16539b9a6@group-C293E8AF7180-PendingRequests: sendNotLeaderResponses
2019-10-03 02:04:48,946 [ForkJoinPool.commonPool-worker-1] INFO  impl.RoleInfo (RoleInfo.java:shutdownLeaderState(104)) - 24f0c7fa-6093-49fc-a802-1ab16539b9a6: shutdown LeaderState
2019-10-03 02:04:48,947 [main] INFO  impl.StateMachineUpdater (StateMachineUpdater.java:stopAndJoin(136)) - 24f0c7fa-6093-49fc-a802-1ab16539b9a6@group-C293E8AF7180-StateMachineUpdater: set stopIndex = 0
2019-10-03 02:04:48,951 [main] INFO  impl.RaftServerImpl (ServerState.java:close(387)) - 24f0c7fa-6093-49fc-a802-1ab16539b9a6@group-C293E8AF7180: closes. applyIndex: 0
2019-10-03 02:04:48,950 [org.apache.ratis.server.impl.LogAppender$AppenderDaemon$$Lambda$487/1189289206@38bea87a] WARN  server.GrpcLogAppender (GrpcLogAppender.java:mayWait(143)) - 24f0c7fa-6093-49fc-a802-1ab16539b9a6@group-A7BE52D7439D->ae30b09a-3f92-4901-8c0e-33d58823c940-GrpcLogAppender: Wait interrupted by java.lang.InterruptedException
2019-10-03 02:04:48,949 [org.apache.ratis.server.impl.LogAppender$AppenderDaemon$$Lambda$487/1189289206@6d39f72e] WARN  server.GrpcLogAppender (GrpcLogAppender.java:mayWait(143)) - 24f0c7fa-6093-49fc-a802-1ab16539b9a6@group-A7BE52D7439D->c143e33d-a1b2-4e06-a885-12eed5c500ae-GrpcLogAppender: Wait interrupted by java.lang.InterruptedException
2019-10-03 02:04:48,949 [ForkJoinPool.commonPool-worker-1] INFO  impl.PendingRequests (PendingRequests.java:sendNotLeaderResponses(202)) - 24f0c7fa-6093-49fc-a802-1ab16539b9a6@group-A7BE52D7439D-PendingRequests: sendNotLeaderResponses
2019-10-03 02:04:48,952 [24f0c7fa-6093-49fc-a802-1ab16539b9a6@group-C293E8AF7180-SegmentedRaftLogWorker] INFO  segmented.SegmentedRaftLogWorker (SegmentedRaftLogWorker.java:run(316)) - 24f0c7fa-6093-49fc-a802-1ab16539b9a6@group-C293E8AF7180-SegmentedRaftLogWorker was interrupted, exiting. There are 0 tasks remaining in the queue.
2019-10-03 02:04:48,957 [ForkJoinPool.commonPool-worker-1] INFO  impl.StateMachineUpdater (StateMachineUpdater.java:stopAndJoin(136)) - 24f0c7fa-6093-49fc-a802-1ab16539b9a6@group-A7BE52D7439D-StateMachineUpdater: set stopIndex = 0
2019-10-03 02:04:48,958 [ForkJoinPool.commonPool-worker-1] INFO  impl.RaftServerImpl (ServerState.java:close(387)) - 24f0c7fa-6093-49fc-a802-1ab16539b9a6@group-A7BE52D7439D: closes. applyIndex: 0
2019-10-03 02:04:48,958 [main] INFO  segmented.SegmentedRaftLogWorker (SegmentedRaftLogWorker.java:close(224)) - 24f0c7fa-6093-49fc-a802-1ab16539b9a6@group-C293E8AF7180-SegmentedRaftLogWorker close()
2019-10-03 02:04:48,959 [24f0c7fa-6093-49fc-a802-1ab16539b9a6@group-A7BE52D7439D-SegmentedRaftLogWorker] INFO  segmented.SegmentedRaftLogWorker (SegmentedRaftLogWorker.java:run(316)) - 24f0c7fa-6093-49fc-a802-1ab16539b9a6@group-A7BE52D7439D-SegmentedRaftLogWorker was interrupted, exiting. There are 0 tasks remaining in the queue.
2019-10-03 02:04:48,962 [ForkJoinPool.commonPool-worker-1] INFO  segmented.SegmentedRaftLogWorker (SegmentedRaftLogWorker.java:close(224)) - 24f0c7fa-6093-49fc-a802-1ab16539b9a6@group-A7BE52D7439D-SegmentedRaftLogWorker close()
2019-10-03 02:04:48,964 [main] INFO  server.GrpcService (GrpcService.java:closeImpl(164)) - 24f0c7fa-6093-49fc-a802-1ab16539b9a6: shutdown server with port 34153 now
2019-10-03 02:04:48,966 [main] INFO  server.GrpcService (GrpcService.java:closeImpl(172)) - 24f0c7fa-6093-49fc-a802-1ab16539b9a6: shutdown server with port 34153 successfully
2019-10-03 02:04:48,969 [refreshUsed-/workdir/hadoop-ozone/ozonefs/target/test-dir/MiniOzoneClusterImpl-45ef7942-3c9d-45da-a7f2-71ffeedf5eef/datanode-2/data/containers] WARN  fs.CachingGetSpaceUsed (CachingGetSpaceUsed.java:run(183)) - Thread Interrupted waiting to refresh disk information: sleep interrupted
2019-10-03 02:04:49,000 [main] INFO  utils.BackgroundService (BackgroundService.java:shutdown(148)) - Shutting down service BlockDeletingService
2019-10-03 02:04:49,004 [main] INFO  statemachine.DatanodeStateMachine (DatanodeStateMachine.java:stopDaemon(395)) - Ozone container server stopped.
2019-10-03 02:04:49,005 [main] INFO  handler.ContextHandler (ContextHandler.java:doStop(910)) - Stopped o.e.j.w.WebAppContext@7ccfdaef{/,null,UNAVAILABLE}{/hddsDatanode}
2019-10-03 02:04:49,006 [main] INFO  server.AbstractConnector (AbstractConnector.java:doStop(318)) - Stopped ServerConnector@a6e4897{HTTP/1.1,[http/1.1]}{0.0.0.0:0}
2019-10-03 02:04:49,007 [main] INFO  handler.ContextHandler (ContextHandler.java:doStop(910)) - Stopped o.e.j.s.ServletContextHandler@1f43cab7{/static,jar:file:/home/user/.m2/repository/org/apache/hadoop/hadoop-hdds-container-service/0.5.0-SNAPSHOT/hadoop-hdds-container-service-0.5.0-SNAPSHOT.jar!/webapps/static,UNAVAILABLE}
2019-10-03 02:04:49,007 [main] INFO  handler.ContextHandler (ContextHandler.java:doStop(910)) - Stopped o.e.j.s.ServletContextHandler@6411504a{/logs,file:///workdir/hadoop-ozone/ozonefs/target/log,UNAVAILABLE}
2019-10-03 02:04:49,008 [main] INFO  ozone.MiniOzoneClusterImpl (MiniOzoneClusterImpl.java:stopSCM(392)) - Stopping the StorageContainerManager
2019-10-03 02:04:49,008 [main] INFO  server.StorageContainerManager (StorageContainerManager.java:stop(808)) - Stopping Replication Manager Service.
2019-10-03 02:04:49,009 [main] INFO  container.ReplicationManager (ReplicationManager.java:stop(203)) - Stopping Replication Monitor Thread.
2019-10-03 02:04:49,009 [main] INFO  server.StorageContainerManager (StorageContainerManager.java:stop(815)) - Stopping Lease Manager of the command watchers
2019-10-03 02:04:49,009 [main] INFO  server.StorageContainerManager (StorageContainerManager.java:stop(822)) - Stopping datanode service RPC server
2019-10-03 02:04:49,009 [main] INFO  server.SCMDatanodeProtocolServer (SCMDatanodeProtocolServer.java:stop(367)) - Stopping the RPC server for DataNodes
2019-10-03 02:04:49,009 [main] INFO  ipc.Server (Server.java:stop(3082)) - Stopping server on 42804
2019-10-03 02:04:49,011 [IPC Server listener on 42804] INFO  ipc.Server (Server.java:run(1185)) - Stopping IPC Server listener on 42804
2019-10-03 02:04:49,012 [IPC Server Responder] INFO  ipc.Server (Server.java:run(1319)) - Stopping IPC Server Responder
2019-10-03 02:04:49,071 [SCM Heartbeat Processing Thread - 0] WARN  node.NodeStateManager (NodeStateManager.java:scheduleNextHealthCheck(646)) - Current Thread is interrupted, shutting down HB processing thread for Node Manager.
2019-10-03 02:04:49,072 [main] INFO  server.StorageContainerManager (StorageContainerManager.java:stop(830)) - Stopping block service RPC server
2019-10-03 02:04:49,072 [main] INFO  server.SCMBlockProtocolServer (SCMBlockProtocolServer.java:stop(155)) - Stopping the RPC server for Block Protocol
2019-10-03 02:04:49,072 [main] INFO  ipc.Server (Server.java:stop(3082)) - Stopping server on 39212
2019-10-03 02:04:49,075 [main] INFO  server.StorageContainerManager (StorageContainerManager.java:stop(837)) - Stopping the StorageContainerLocationProtocol RPC server
2019-10-03 02:04:49,075 [IPC Server listener on 39212] INFO  ipc.Server (Server.java:run(1185)) - Stopping IPC Server listener on 39212
2019-10-03 02:04:49,075 [main] INFO  server.SCMClientProtocolServer (SCMClientProtocolServer.java:stop(158)) - Stopping the RPC server for Client Protocol
2019-10-03 02:04:49,075 [IPC Server Responder] INFO  ipc.Server (Server.java:run(1319)) - Stopping IPC Server Responder
2019-10-03 02:04:49,077 [main] INFO  ipc.Server (Server.java:stop(3082)) - Stopping server on 34350
2019-10-03 02:04:49,078 [IPC Server listener on 34350] INFO  ipc.Server (Server.java:run(1185)) - Stopping IPC Server listener on 34350
2019-10-03 02:04:49,079 [main] INFO  server.StorageContainerManager (StorageContainerManager.java:stop(844)) - Stopping Storage Container Manager HTTP server.
2019-10-03 02:04:49,080 [IPC Server Responder] INFO  ipc.Server (Server.java:run(1319)) - Stopping IPC Server Responder
2019-10-03 02:04:49,082 [main] INFO  handler.ContextHandler (ContextHandler.java:doStop(910)) - Stopped o.e.j.w.WebAppContext@7df28f1{/,null,UNAVAILABLE}{/scm}
2019-10-03 02:04:49,082 [main] INFO  server.AbstractConnector (AbstractConnector.java:doStop(318)) - Stopped ServerConnector@4087c7fc{HTTP/1.1,[http/1.1]}{0.0.0.0:0}
2019-10-03 02:04:49,083 [main] INFO  handler.ContextHandler (ContextHandler.java:doStop(910)) - Stopped o.e.j.s.ServletContextHandler@4519f676{/static,jar:file:/home/user/.m2/repository/org/apache/hadoop/hadoop-hdds-server-scm/0.5.0-SNAPSHOT/hadoop-hdds-server-scm-0.5.0-SNAPSHOT.jar!/webapps/static,UNAVAILABLE}
2019-10-03 02:04:49,083 [main] INFO  handler.ContextHandler (ContextHandler.java:doStop(910)) - Stopped o.e.j.s.ServletContextHandler@de81be1{/logs,file:///workdir/hadoop-ozone/ozonefs/target/log,UNAVAILABLE}
2019-10-03 02:04:49,085 [main] INFO  server.StorageContainerManager (StorageContainerManager.java:stop(855)) - Stopping Block Manager Service.
2019-10-03 02:04:49,085 [main] INFO  utils.BackgroundService (BackgroundService.java:shutdown(148)) - Shutting down service SCMBlockDeletingService
2019-10-03 02:04:49,086 [main] INFO  utils.BackgroundService (BackgroundService.java:shutdown(148)) - Shutting down service SCMBlockDeletingService
2019-10-03 02:04:49,086 [main] INFO  server.StorageContainerManager (StorageContainerManager.java:stop(877)) - Stopping SCM Event Queue.
2019-10-03 02:04:49,090 [main] INFO  impl.MetricsSystemImpl (MetricsSystemImpl.java:stop(210)) - Stopping HddsDatanode metrics system...
2019-10-03 02:04:49,095 [main] INFO  impl.MetricsSystemImpl (MetricsSystemImpl.java:stop(216)) - HddsDatanode metrics system stopped.
]]></system-out>
    <system-err><![CDATA[Oct 03, 2019 2:04:43 AM org.apache.ratis.thirdparty.io.grpc.internal.SerializingExecutor run
SEVERE: Exception while executing runnable org.apache.ratis.thirdparty.io.grpc.internal.ServerImpl$JumpToApplicationThreadServerStreamListener$1Closed@4b754403
org.apache.ratis.thirdparty.io.grpc.StatusRuntimeException: CANCELLED: call already cancelled
	at org.apache.ratis.thirdparty.io.grpc.Status.asRuntimeException(Status.java:517)
	at org.apache.ratis.thirdparty.io.grpc.stub.ServerCalls$ServerCallStreamObserverImpl.onCompleted(ServerCalls.java:356)
	at org.apache.ratis.grpc.server.GrpcServerProtocolService$ServerRequestStreamObserver.onError(GrpcServerProtocolService.java:121)
	at org.apache.ratis.thirdparty.io.grpc.stub.ServerCalls$StreamingServerCallHandler$StreamingServerCallListener.onCancel(ServerCalls.java:269)
	at org.apache.ratis.thirdparty.io.grpc.internal.ServerCallImpl$ServerStreamListenerImpl.closed(ServerCallImpl.java:293)
	at org.apache.ratis.thirdparty.io.grpc.internal.ServerImpl$JumpToApplicationThreadServerStreamListener$1Closed.runInContext(ServerImpl.java:741)
	at org.apache.ratis.thirdparty.io.grpc.internal.ContextRunnable.run(ContextRunnable.java:37)
	at org.apache.ratis.thirdparty.io.grpc.internal.SerializingExecutor.run(SerializingExecutor.java:123)
	at java.util.concurrent.ThreadPoolExecutor.runWorker(ThreadPoolExecutor.java:1149)
	at java.util.concurrent.ThreadPoolExecutor$Worker.run(ThreadPoolExecutor.java:624)
	at java.lang.Thread.run(Thread.java:748)

Oct 03, 2019 2:04:43 AM org.apache.ratis.thirdparty.io.grpc.internal.SerializingExecutor run
SEVERE: Exception while executing runnable org.apache.ratis.thirdparty.io.grpc.internal.ServerImpl$JumpToApplicationThreadServerStreamListener$1Closed@351f815d
org.apache.ratis.thirdparty.io.grpc.StatusRuntimeException: CANCELLED: call already cancelled
	at org.apache.ratis.thirdparty.io.grpc.Status.asRuntimeException(Status.java:517)
	at org.apache.ratis.thirdparty.io.grpc.stub.ServerCalls$ServerCallStreamObserverImpl.onCompleted(ServerCalls.java:356)
	at org.apache.ratis.grpc.server.GrpcServerProtocolService$ServerRequestStreamObserver.onError(GrpcServerProtocolService.java:121)
	at org.apache.ratis.thirdparty.io.grpc.stub.ServerCalls$StreamingServerCallHandler$StreamingServerCallListener.onCancel(ServerCalls.java:269)
	at org.apache.ratis.thirdparty.io.grpc.internal.ServerCallImpl$ServerStreamListenerImpl.closed(ServerCallImpl.java:293)
	at org.apache.ratis.thirdparty.io.grpc.internal.ServerImpl$JumpToApplicationThreadServerStreamListener$1Closed.runInContext(ServerImpl.java:741)
	at org.apache.ratis.thirdparty.io.grpc.internal.ContextRunnable.run(ContextRunnable.java:37)
	at org.apache.ratis.thirdparty.io.grpc.internal.SerializingExecutor.run(SerializingExecutor.java:123)
	at java.util.concurrent.ThreadPoolExecutor.runWorker(ThreadPoolExecutor.java:1149)
	at java.util.concurrent.ThreadPoolExecutor$Worker.run(ThreadPoolExecutor.java:624)
	at java.lang.Thread.run(Thread.java:748)

]]></system-err>
  </testcase>
  <testcase name="testPathToKey[0]" classname="org.apache.hadoop.fs.ozone.TestOzoneFileInterfaces" time="17.074"/>
  <testcase name="testFileSystemInit[0]" classname="org.apache.hadoop.fs.ozone.TestOzoneFileInterfaces" time="16.936"/>
  <testcase name="testOzFsReadWrite[0]" classname="org.apache.hadoop.fs.ozone.TestOzoneFileInterfaces" time="21.948"/>
  <testcase name="testOzoneManagerFileSystemInterface[1]" classname="org.apache.hadoop.fs.ozone.TestOzoneFileInterfaces" time="16.136">
    <error message="Volume not found hskuayfgqf" type="VOLUME_NOT_FOUND org.apache.hadoop.ozone.om.exceptions.OMException">VOLUME_NOT_FOUND org.apache.hadoop.ozone.om.exceptions.OMException: Volume not found hskuayfgqf
	at org.apache.hadoop.ozone.om.protocolPB.OzoneManagerProtocolClientSideTranslatorPB.handleError(OzoneManagerProtocolClientSideTranslatorPB.java:732)
	at org.apache.hadoop.ozone.om.protocolPB.OzoneManagerProtocolClientSideTranslatorPB.createDirectory(OzoneManagerProtocolClientSideTranslatorPB.java:1377)
	at sun.reflect.NativeMethodAccessorImpl.invoke0(Native Method)
	at sun.reflect.NativeMethodAccessorImpl.invoke(NativeMethodAccessorImpl.java:62)
	at sun.reflect.DelegatingMethodAccessorImpl.invoke(DelegatingMethodAccessorImpl.java:43)
	at java.lang.reflect.Method.invoke(Method.java:498)
	at org.apache.hadoop.hdds.tracing.TraceAllMethod.invoke(TraceAllMethod.java:66)
	at com.sun.proxy.$Proxy39.createDirectory(Unknown Source)
	at org.apache.hadoop.ozone.client.rpc.RpcClient.createDirectory(RpcClient.java:976)
	at org.apache.hadoop.ozone.client.OzoneBucket.createDirectory(OzoneBucket.java:503)
	at org.apache.hadoop.fs.ozone.BasicOzoneClientAdapterImpl.createDirectory(BasicOzoneClientAdapterImpl.java:236)
	at org.apache.hadoop.fs.ozone.BasicOzoneFileSystem.mkdir(BasicOzoneFileSystem.java:597)
	at org.apache.hadoop.fs.ozone.BasicOzoneFileSystem.mkdirs(BasicOzoneFileSystem.java:607)
	at org.apache.hadoop.fs.FileSystem.mkdirs(FileSystem.java:2275)
	at org.apache.hadoop.fs.ozone.TestOzoneFileInterfaces.testOzoneManagerFileSystemInterface(TestOzoneFileInterfaces.java:283)
	at sun.reflect.NativeMethodAccessorImpl.invoke0(Native Method)
	at sun.reflect.NativeMethodAccessorImpl.invoke(NativeMethodAccessorImpl.java:62)
	at sun.reflect.DelegatingMethodAccessorImpl.invoke(DelegatingMethodAccessorImpl.java:43)
	at java.lang.reflect.Method.invoke(Method.java:498)
	at org.junit.runners.model.FrameworkMethod$1.runReflectiveCall(FrameworkMethod.java:47)
	at org.junit.internal.runners.model.ReflectiveCallable.run(ReflectiveCallable.java:12)
	at org.junit.runners.model.FrameworkMethod.invokeExplosively(FrameworkMethod.java:44)
	at org.junit.internal.runners.statements.InvokeMethod.evaluate(InvokeMethod.java:17)
	at org.junit.internal.runners.statements.RunBefores.evaluate(RunBefores.java:26)
	at org.junit.internal.runners.statements.RunAfters.evaluate(RunAfters.java:27)
	at org.junit.runners.ParentRunner.runLeaf(ParentRunner.java:271)
	at org.junit.runners.BlockJUnit4ClassRunner.runChild(BlockJUnit4ClassRunner.java:70)
	at org.junit.runners.BlockJUnit4ClassRunner.runChild(BlockJUnit4ClassRunner.java:50)
	at org.junit.runners.ParentRunner$3.run(ParentRunner.java:238)
	at org.junit.runners.ParentRunner$1.schedule(ParentRunner.java:63)
	at org.junit.runners.ParentRunner.runChildren(ParentRunner.java:236)
	at org.junit.runners.ParentRunner.access$000(ParentRunner.java:53)
	at org.junit.runners.ParentRunner$2.evaluate(ParentRunner.java:229)
	at org.junit.runners.ParentRunner.run(ParentRunner.java:309)
	at org.junit.runners.Suite.runChild(Suite.java:127)
	at org.junit.runners.Suite.runChild(Suite.java:26)
	at org.junit.runners.ParentRunner$3.run(ParentRunner.java:238)
	at org.junit.runners.ParentRunner$1.schedule(ParentRunner.java:63)
	at org.junit.runners.ParentRunner.runChildren(ParentRunner.java:236)
	at org.junit.runners.ParentRunner.access$000(ParentRunner.java:53)
	at org.junit.runners.ParentRunner$2.evaluate(ParentRunner.java:229)
	at org.junit.runners.ParentRunner.run(ParentRunner.java:309)
	at org.apache.maven.surefire.junit4.JUnit4Provider.execute(JUnit4Provider.java:365)
	at org.apache.maven.surefire.junit4.JUnit4Provider.executeWithRerun(JUnit4Provider.java:273)
	at org.apache.maven.surefire.junit4.JUnit4Provider.executeTestSet(JUnit4Provider.java:238)
	at org.apache.maven.surefire.junit4.JUnit4Provider.invoke(JUnit4Provider.java:159)
	at org.apache.maven.surefire.booter.ForkedBooter.invokeProviderInSameClassLoader(ForkedBooter.java:384)
	at org.apache.maven.surefire.booter.ForkedBooter.runSuitesInProcess(ForkedBooter.java:345)
	at org.apache.maven.surefire.booter.ForkedBooter.execute(ForkedBooter.java:126)
	at org.apache.maven.surefire.booter.ForkedBooter.main(ForkedBooter.java:418)
</error>
    <system-out><![CDATA[2019-10-03 02:05:45,090 [main] WARN  server.ServerUtils (ServerUtils.java:getScmDbDir(145)) - ozone.scm.db.dirs is not configured. We recommend adding this setting. Falling back to ozone.metadata.dirs instead.
2019-10-03 02:05:45,105 [main] WARN  server.ServerUtils (ServerUtils.java:getScmDbDir(145)) - ozone.scm.db.dirs is not configured. We recommend adding this setting. Falling back to ozone.metadata.dirs instead.
2019-10-03 02:05:45,105 [main] WARN  server.ServerUtils (ServerUtils.java:getScmDbDir(145)) - ozone.scm.db.dirs is not configured. We recommend adding this setting. Falling back to ozone.metadata.dirs instead.
2019-10-03 02:05:45,106 [main] INFO  db.DBStoreBuilder (DBStoreBuilder.java:addTable(110)) - using custom profile for table: deletedBlocks
2019-10-03 02:05:45,106 [main] INFO  db.DBStoreBuilder (DBStoreBuilder.java:processTables(161)) - Using default column profile:DBProfile.DISK for Table:deletedBlocks
2019-10-03 02:05:45,106 [main] INFO  db.DBStoreBuilder (DBStoreBuilder.java:addTable(110)) - using custom profile for table: validCerts
2019-10-03 02:05:45,107 [main] INFO  db.DBStoreBuilder (DBStoreBuilder.java:processTables(161)) - Using default column profile:DBProfile.DISK for Table:validCerts
2019-10-03 02:05:45,107 [main] INFO  db.DBStoreBuilder (DBStoreBuilder.java:addTable(110)) - using custom profile for table: revokedCerts
2019-10-03 02:05:45,107 [main] INFO  db.DBStoreBuilder (DBStoreBuilder.java:processTables(161)) - Using default column profile:DBProfile.DISK for Table:revokedCerts
2019-10-03 02:05:45,107 [main] INFO  db.DBStoreBuilder (DBStoreBuilder.java:addTable(110)) - using custom profile for table: default
2019-10-03 02:05:45,107 [main] INFO  db.DBStoreBuilder (DBStoreBuilder.java:processTables(167)) - Using default column profile:DBProfile.DISK for Table:default
2019-10-03 02:05:45,108 [main] INFO  db.DBStoreBuilder (DBStoreBuilder.java:getDbProfile(198)) - Using default options. DBProfile.DISK
2019-10-03 02:05:45,219 [main] INFO  net.NodeSchemaLoader (NodeSchemaLoader.java:loadSchemaFromFile(125)) - Loading file from sun.misc.CompoundEnumeration@5f193335
2019-10-03 02:05:45,219 [main] INFO  net.NodeSchemaLoader (NodeSchemaLoader.java:loadSchema(171)) - Loading network topology layer schema file
2019-10-03 02:05:45,225 [main] WARN  server.ServerUtils (ServerUtils.java:sanitizeUserArgs(70)) - ozone.scm.stale.node.interval value = 300000 is larger than max = 100000 based on the key value of ozone.scm.heartbeat.thread.interval, reset to the max value 100000.
2019-10-03 02:05:45,225 [main] WARN  server.ServerUtils (ServerUtils.java:sanitizeUserArgs(70)) - ozone.scm.stale.node.interval value = 300000 is larger than max = 100000 based on the key value of ozone.scm.heartbeat.thread.interval, reset to the max value 100000.
2019-10-03 02:05:45,225 [main] INFO  node.SCMNodeManager (SCMNodeManager.java:<init>(114)) - Entering startup safe mode.
2019-10-03 02:05:45,226 [main] INFO  algorithms.ContainerPlacementPolicyFactory (ContainerPlacementPolicyFactory.java:getPolicy(57)) - Create container placement policy of type org.apache.hadoop.hdds.scm.container.placement.algorithms.SCMContainerPlacementRandom
2019-10-03 02:05:45,227 [main] WARN  server.ServerUtils (ServerUtils.java:getScmDbDir(145)) - ozone.scm.db.dirs is not configured. We recommend adding this setting. Falling back to ozone.metadata.dirs instead.
2019-10-03 02:05:45,296 [main] INFO  pipeline.SCMPipelineManager (SCMPipelineManager.java:initializePipelineState(132)) - No pipeline exists in current db
2019-10-03 02:05:45,296 [main] WARN  server.ServerUtils (ServerUtils.java:getScmDbDir(145)) - ozone.scm.db.dirs is not configured. We recommend adding this setting. Falling back to ozone.metadata.dirs instead.
2019-10-03 02:05:45,381 [main] WARN  events.EventQueue (EventQueue.java:fireEvent(183)) - No event handler registered for event TypedEvent{payloadType=SafeModeStatus, name='SafeModeStatus'}
2019-10-03 02:05:45,382 [main] INFO  ipc.CallQueueManager (CallQueueManager.java:<init>(84)) - Using callQueue: class java.util.concurrent.LinkedBlockingQueue, queueCapacity: 2000, scheduler: class org.apache.hadoop.ipc.DefaultRpcScheduler, ipcBackoff: false.
2019-10-03 02:05:45,382 [Socket Reader #1 for port 41522] INFO  ipc.Server (Server.java:run(1074)) - Starting Socket Reader #1 for port 41522
2019-10-03 02:05:45,384 [main] INFO  ipc.CallQueueManager (CallQueueManager.java:<init>(84)) - Using callQueue: class java.util.concurrent.LinkedBlockingQueue, queueCapacity: 2000, scheduler: class org.apache.hadoop.ipc.DefaultRpcScheduler, ipcBackoff: false.
2019-10-03 02:05:45,385 [Socket Reader #1 for port 35752] INFO  ipc.Server (Server.java:run(1074)) - Starting Socket Reader #1 for port 35752
2019-10-03 02:05:45,387 [main] INFO  ipc.CallQueueManager (CallQueueManager.java:<init>(84)) - Using callQueue: class java.util.concurrent.LinkedBlockingQueue, queueCapacity: 2000, scheduler: class org.apache.hadoop.ipc.DefaultRpcScheduler, ipcBackoff: false.
2019-10-03 02:05:45,387 [Socket Reader #1 for port 38538] INFO  ipc.Server (Server.java:run(1074)) - Starting Socket Reader #1 for port 38538
2019-10-03 02:05:45,391 [main] INFO  hdfs.DFSUtil (DFSUtil.java:httpServerTemplateForNNAndJN(1641)) - Starting Web-server for scm at: http://0.0.0.0:0
2019-10-03 02:05:45,394 [main] INFO  server.AuthenticationFilter (AuthenticationFilter.java:constructSecretProvider(240)) - Unable to initialize FileSignerSecretProvider, falling back to use random secrets.
2019-10-03 02:05:45,395 [main] WARN  http.HttpRequestLog (HttpRequestLog.java:getRequestLog(97)) - Jetty request log can only be enabled using Log4j
2019-10-03 02:05:45,399 [main] INFO  http.HttpServer2 (HttpServer2.java:addGlobalFilter(975)) - Added global filter 'safety' (class=org.apache.hadoop.http.HttpServer2$QuotingInputFilter)
2019-10-03 02:05:45,400 [main] INFO  http.HttpServer2 (HttpServer2.java:addFilter(948)) - Added filter static_user_filter (class=org.apache.hadoop.http.lib.StaticUserWebFilter$StaticUserFilter) to context scm
2019-10-03 02:05:45,400 [main] INFO  http.HttpServer2 (HttpServer2.java:addFilter(958)) - Added filter static_user_filter (class=org.apache.hadoop.http.lib.StaticUserWebFilter$StaticUserFilter) to context static
2019-10-03 02:05:45,400 [main] INFO  http.HttpServer2 (HttpServer2.java:addFilter(958)) - Added filter static_user_filter (class=org.apache.hadoop.http.lib.StaticUserWebFilter$StaticUserFilter) to context logs
2019-10-03 02:05:45,403 [main] INFO  server.StorageContainerManager (StorageContainerManager.java:start(770)) - StorageContainerLocationProtocol RPC server is listening at /0.0.0.0:38538
2019-10-03 02:05:45,406 [main] WARN  impl.MetricsConfig (MetricsConfig.java:loadFirst(134)) - Cannot locate configuration: tried hadoop-metrics2-storagecontainermanager.properties,hadoop-metrics2.properties
2019-10-03 02:05:45,407 [main] INFO  impl.MetricsSystemImpl (MetricsSystemImpl.java:startTimer(374)) - Scheduled Metric snapshot period at 10 second(s).
2019-10-03 02:05:45,407 [main] INFO  impl.MetricsSystemImpl (MetricsSystemImpl.java:start(191)) - StorageContainerManager metrics system started
2019-10-03 02:05:45,438 [main] WARN  impl.MetricsSystemImpl (MetricsSystemImpl.java:register(276)) - Sink prometheus already exists!
2019-10-03 02:05:45,506 [main] INFO  server.SCMClientProtocolServer (SCMClientProtocolServer.java:start(150)) - RPC server for Client  is listening at /0.0.0.0:38538
2019-10-03 02:05:45,506 [IPC Server Responder] INFO  ipc.Server (Server.java:run(1314)) - IPC Server Responder: starting
2019-10-03 02:05:45,506 [IPC Server listener on 38538] INFO  ipc.Server (Server.java:run(1153)) - IPC Server listener on 38538: starting
2019-10-03 02:05:45,512 [main] INFO  server.StorageContainerManager (StorageContainerManager.java:start(780)) - ScmBlockLocationProtocol RPC server is listening at /0.0.0.0:35752
2019-10-03 02:05:45,512 [main] INFO  server.SCMBlockProtocolServer (SCMBlockProtocolServer.java:start(146)) - RPC server for Block Protocol is listening at /0.0.0.0:35752
2019-10-03 02:05:45,513 [IPC Server Responder] INFO  ipc.Server (Server.java:run(1314)) - IPC Server Responder: starting
2019-10-03 02:05:45,513 [IPC Server listener on 35752] INFO  ipc.Server (Server.java:run(1153)) - IPC Server listener on 35752: starting
2019-10-03 02:05:45,517 [main] INFO  server.StorageContainerManager (StorageContainerManager.java:start(784)) - ScmDatanodeProtocl RPC server is listening at /0.0.0.0:41522
2019-10-03 02:05:45,517 [main] INFO  server.SCMDatanodeProtocolServer (SCMDatanodeProtocolServer.java:start(191)) - RPC server for DataNodes is listening at /0.0.0.0:41522
2019-10-03 02:05:45,518 [IPC Server Responder] INFO  ipc.Server (Server.java:run(1314)) - IPC Server Responder: starting
2019-10-03 02:05:45,518 [IPC Server listener on 41522] INFO  ipc.Server (Server.java:run(1153)) - IPC Server listener on 41522: starting
2019-10-03 02:05:45,522 [main] INFO  http.HttpServer2 (HttpServer2.java:bindListener(1191)) - Jetty bound to port 36911
2019-10-03 02:05:45,523 [main] INFO  server.Server (Server.java:doStart(351)) - jetty-9.3.25.v20180904, build timestamp: 2018-09-04T21:11:46Z, git hash: 3ce520221d0240229c862b122d2b06c12a625732
2019-10-03 02:05:45,524 [main] INFO  handler.ContextHandler (ContextHandler.java:doStart(781)) - Started o.e.j.s.ServletContextHandler@e0d1dc4{/logs,file:///workdir/hadoop-ozone/ozonefs/target/log,AVAILABLE}
2019-10-03 02:05:45,525 [main] INFO  handler.ContextHandler (ContextHandler.java:doStart(781)) - Started o.e.j.s.ServletContextHandler@230232b0{/static,jar:file:/home/user/.m2/repository/org/apache/hadoop/hadoop-hdds-server-scm/0.5.0-SNAPSHOT/hadoop-hdds-server-scm-0.5.0-SNAPSHOT.jar!/webapps/static,AVAILABLE}
2019-10-03 02:05:45,559 [main] INFO  handler.ContextHandler (ContextHandler.java:doStart(781)) - Started o.e.j.w.WebAppContext@3b170235{/,file:///tmp/jetty-0.0.0.0-36911-scm-_-any-7310140146166891798.dir/webapp/,AVAILABLE}{/scm}
2019-10-03 02:05:45,559 [main] INFO  server.AbstractConnector (AbstractConnector.java:doStart(278)) - Started ServerConnector@5e9bf744{HTTP/1.1,[http/1.1]}{0.0.0.0:36911}
2019-10-03 02:05:45,560 [main] INFO  server.Server (Server.java:doStart(419)) - Started @113792ms
2019-10-03 02:05:45,560 [main] WARN  impl.MetricsSystemImpl (MetricsSystemImpl.java:register(276)) - Sink prometheus already exists!
2019-10-03 02:05:45,561 [main] INFO  server.BaseHttpServer (BaseHttpServer.java:updateConnectorAddress(215)) - HTTP server of SCM is listening at http://0.0.0.0:36911
2019-10-03 02:05:45,562 [main] WARN  server.ServerUtils (ServerUtils.java:getDBPath(222)) - ozone.om.db.dirs is not configured. We recommend adding this setting. Falling back to ozone.metadata.dirs instead.
2019-10-03 02:05:45,562 [org.apache.hadoop.util.JvmPauseMonitor$Monitor@48cdb156] INFO  util.JvmPauseMonitor (JvmPauseMonitor.java:run(188)) - Starting JVM pause monitor
2019-10-03 02:05:45,576 [main] WARN  server.ServerUtils (ServerUtils.java:getDBPath(222)) - ozone.om.db.dirs is not configured. We recommend adding this setting. Falling back to ozone.metadata.dirs instead.
2019-10-03 02:05:45,577 [main] WARN  server.ServerUtils (ServerUtils.java:getDBPath(222)) - ozone.om.db.dirs is not configured. We recommend adding this setting. Falling back to ozone.metadata.dirs instead.
2019-10-03 02:05:45,577 [main] INFO  om.OzoneManager (OzoneManager.java:setOMNodeDetails(652)) - OM Service ID is not set. Setting it to the default ID: omServiceIdDefault
2019-10-03 02:05:45,577 [main] INFO  om.OzoneManager (OzoneManager.java:setOMNodeDetails(658)) - OM Node ID is not set. Setting it to the OmStorage's OmID: b47af91e-add6-496c-9fd9-475714762289
2019-10-03 02:05:45,578 [main] INFO  om.OzoneManager (OzoneManager.java:loadOMHAConfigs(609)) - Found matching OM address with OMServiceId: null, OMNodeId: null, RPC Address: localhost:0 and Ratis port: 9872
2019-10-03 02:05:45,584 [main] WARN  server.ServerUtils (ServerUtils.java:getDBPath(222)) - ozone.om.db.dirs is not configured. We recommend adding this setting. Falling back to ozone.metadata.dirs instead.
2019-10-03 02:05:45,584 [main] INFO  db.DBStoreBuilder (DBStoreBuilder.java:addTable(110)) - using custom profile for table: userTable
2019-10-03 02:05:45,585 [main] INFO  db.DBStoreBuilder (DBStoreBuilder.java:processTables(161)) - Using default column profile:DBProfile.DISK for Table:userTable
2019-10-03 02:05:45,585 [main] INFO  db.DBStoreBuilder (DBStoreBuilder.java:addTable(110)) - using custom profile for table: volumeTable
2019-10-03 02:05:45,585 [main] INFO  db.DBStoreBuilder (DBStoreBuilder.java:processTables(161)) - Using default column profile:DBProfile.DISK for Table:volumeTable
2019-10-03 02:05:45,585 [main] INFO  db.DBStoreBuilder (DBStoreBuilder.java:addTable(110)) - using custom profile for table: bucketTable
2019-10-03 02:05:45,585 [main] INFO  db.DBStoreBuilder (DBStoreBuilder.java:processTables(161)) - Using default column profile:DBProfile.DISK for Table:bucketTable
2019-10-03 02:05:45,585 [main] INFO  db.DBStoreBuilder (DBStoreBuilder.java:addTable(110)) - using custom profile for table: keyTable
2019-10-03 02:05:45,586 [main] INFO  db.DBStoreBuilder (DBStoreBuilder.java:processTables(161)) - Using default column profile:DBProfile.DISK for Table:keyTable
2019-10-03 02:05:45,586 [main] INFO  db.DBStoreBuilder (DBStoreBuilder.java:addTable(110)) - using custom profile for table: deletedTable
2019-10-03 02:05:45,586 [main] INFO  db.DBStoreBuilder (DBStoreBuilder.java:processTables(161)) - Using default column profile:DBProfile.DISK for Table:deletedTable
2019-10-03 02:05:45,586 [main] INFO  db.DBStoreBuilder (DBStoreBuilder.java:addTable(110)) - using custom profile for table: openKeyTable
2019-10-03 02:05:45,586 [main] INFO  db.DBStoreBuilder (DBStoreBuilder.java:processTables(161)) - Using default column profile:DBProfile.DISK for Table:openKeyTable
2019-10-03 02:05:45,586 [main] INFO  db.DBStoreBuilder (DBStoreBuilder.java:addTable(110)) - using custom profile for table: s3Table
2019-10-03 02:05:45,587 [main] INFO  db.DBStoreBuilder (DBStoreBuilder.java:processTables(161)) - Using default column profile:DBProfile.DISK for Table:s3Table
2019-10-03 02:05:45,587 [main] INFO  db.DBStoreBuilder (DBStoreBuilder.java:addTable(110)) - using custom profile for table: multipartInfoTable
2019-10-03 02:05:45,587 [main] INFO  db.DBStoreBuilder (DBStoreBuilder.java:processTables(161)) - Using default column profile:DBProfile.DISK for Table:multipartInfoTable
2019-10-03 02:05:45,587 [main] INFO  db.DBStoreBuilder (DBStoreBuilder.java:addTable(110)) - using custom profile for table: dTokenTable
2019-10-03 02:05:45,587 [main] INFO  db.DBStoreBuilder (DBStoreBuilder.java:processTables(161)) - Using default column profile:DBProfile.DISK for Table:dTokenTable
2019-10-03 02:05:45,587 [main] INFO  db.DBStoreBuilder (DBStoreBuilder.java:addTable(110)) - using custom profile for table: s3SecretTable
2019-10-03 02:05:45,588 [main] INFO  db.DBStoreBuilder (DBStoreBuilder.java:processTables(161)) - Using default column profile:DBProfile.DISK for Table:s3SecretTable
2019-10-03 02:05:45,588 [main] INFO  db.DBStoreBuilder (DBStoreBuilder.java:addTable(110)) - using custom profile for table: prefixTable
2019-10-03 02:05:45,588 [main] INFO  db.DBStoreBuilder (DBStoreBuilder.java:processTables(161)) - Using default column profile:DBProfile.DISK for Table:prefixTable
2019-10-03 02:05:45,588 [main] INFO  db.DBStoreBuilder (DBStoreBuilder.java:addTable(110)) - using custom profile for table: default
2019-10-03 02:05:45,588 [main] INFO  db.DBStoreBuilder (DBStoreBuilder.java:processTables(167)) - Using default column profile:DBProfile.DISK for Table:default
2019-10-03 02:05:45,588 [main] INFO  db.DBStoreBuilder (DBStoreBuilder.java:getDbProfile(198)) - Using default options. DBProfile.DISK
2019-10-03 02:05:46,248 [main] INFO  ipc.CallQueueManager (CallQueueManager.java:<init>(84)) - Using callQueue: class java.util.concurrent.LinkedBlockingQueue, queueCapacity: 2000, scheduler: class org.apache.hadoop.ipc.DefaultRpcScheduler, ipcBackoff: false.
2019-10-03 02:05:46,249 [Socket Reader #1 for port 42996] INFO  ipc.Server (Server.java:run(1074)) - Starting Socket Reader #1 for port 42996
2019-10-03 02:05:46,276 [main] INFO  om.OzoneManager (OzoneManager.java:start(1243)) - OzoneManager RPC server is listening at localhost/127.0.0.1:42996
2019-10-03 02:05:46,277 [main] INFO  impl.MetricsSystemImpl (MetricsSystemImpl.java:init(158)) - OzoneManager metrics system started (again)
2019-10-03 02:05:46,278 [IPC Server Responder] INFO  ipc.Server (Server.java:run(1314)) - IPC Server Responder: starting
2019-10-03 02:05:46,278 [IPC Server listener on 42996] INFO  ipc.Server (Server.java:run(1153)) - IPC Server listener on 42996: starting
2019-10-03 02:05:46,285 [main] INFO  hdfs.DFSUtil (DFSUtil.java:httpServerTemplateForNNAndJN(1641)) - Starting Web-server for ozoneManager at: http://0.0.0.0:0
2019-10-03 02:05:46,287 [main] INFO  server.AuthenticationFilter (AuthenticationFilter.java:constructSecretProvider(240)) - Unable to initialize FileSignerSecretProvider, falling back to use random secrets.
2019-10-03 02:05:46,288 [main] WARN  http.HttpRequestLog (HttpRequestLog.java:getRequestLog(97)) - Jetty request log can only be enabled using Log4j
2019-10-03 02:05:46,292 [main] INFO  http.HttpServer2 (HttpServer2.java:addGlobalFilter(975)) - Added global filter 'safety' (class=org.apache.hadoop.http.HttpServer2$QuotingInputFilter)
2019-10-03 02:05:46,293 [main] INFO  http.HttpServer2 (HttpServer2.java:addFilter(948)) - Added filter static_user_filter (class=org.apache.hadoop.http.lib.StaticUserWebFilter$StaticUserFilter) to context ozoneManager
2019-10-03 02:05:46,293 [main] INFO  http.HttpServer2 (HttpServer2.java:addFilter(958)) - Added filter static_user_filter (class=org.apache.hadoop.http.lib.StaticUserWebFilter$StaticUserFilter) to context logs
2019-10-03 02:05:46,294 [main] INFO  http.HttpServer2 (HttpServer2.java:addFilter(958)) - Added filter static_user_filter (class=org.apache.hadoop.http.lib.StaticUserWebFilter$StaticUserFilter) to context static
2019-10-03 02:05:46,295 [main] INFO  http.HttpServer2 (HttpServer2.java:bindListener(1191)) - Jetty bound to port 34878
2019-10-03 02:05:46,295 [main] INFO  server.Server (Server.java:doStart(351)) - jetty-9.3.25.v20180904, build timestamp: 2018-09-04T21:11:46Z, git hash: 3ce520221d0240229c862b122d2b06c12a625732
2019-10-03 02:05:46,298 [main] INFO  handler.ContextHandler (ContextHandler.java:doStart(781)) - Started o.e.j.s.ServletContextHandler@7ae590f6{/logs,file:///workdir/hadoop-ozone/ozonefs/target/log,AVAILABLE}
2019-10-03 02:05:46,299 [main] INFO  handler.ContextHandler (ContextHandler.java:doStart(781)) - Started o.e.j.s.ServletContextHandler@4e974b9e{/static,jar:file:/home/user/.m2/repository/org/apache/hadoop/hadoop-ozone-ozone-manager/0.5.0-SNAPSHOT/hadoop-ozone-ozone-manager-0.5.0-SNAPSHOT.jar!/webapps/static,AVAILABLE}
2019-10-03 02:05:46,365 [main] INFO  handler.ContextHandler (ContextHandler.java:doStart(781)) - Started o.e.j.w.WebAppContext@633ddc0c{/,file:///tmp/jetty-0.0.0.0-34878-ozoneManager-_-any-947459044811416281.dir/webapp/,AVAILABLE}{/ozoneManager}
2019-10-03 02:05:46,365 [main] INFO  server.AbstractConnector (AbstractConnector.java:doStart(278)) - Started ServerConnector@4bcdd11{HTTP/1.1,[http/1.1]}{0.0.0.0:34878}
2019-10-03 02:05:46,367 [main] INFO  server.Server (Server.java:doStart(419)) - Started @114599ms
2019-10-03 02:05:46,367 [main] WARN  impl.MetricsSystemImpl (MetricsSystemImpl.java:register(276)) - Sink prometheus already exists!
2019-10-03 02:05:46,368 [main] INFO  server.BaseHttpServer (BaseHttpServer.java:updateConnectorAddress(215)) - HTTP server of OZONEMANAGER is listening at http://0.0.0.0:34878
2019-10-03 02:05:46,377 [main] INFO  impl.MetricsSystemImpl (MetricsSystemImpl.java:init(158)) - HddsDatanode metrics system started (again)
2019-10-03 02:05:46,381 [main] INFO  ozone.HddsDatanodeService (HddsDatanodeService.java:start(184)) - HddsDatanodeService host:pr-hdds-1737-89jld-2007629010 ip:192.168.164.205
2019-10-03 02:05:46,389 [main] INFO  volume.HddsVolume (HddsVolume.java:<init>(176)) - Creating Volume: /workdir/hadoop-ozone/ozonefs/target/test-dir/MiniOzoneClusterImpl-e225ac0b-3e0d-428b-8920-e88bce46dc57/datanode-0/data/containers/hdds of  storage type : DISK and capacity : 1482555576320
2019-10-03 02:05:46,389 [main] INFO  volume.VolumeSet (VolumeSet.java:initializeVolumeSet(170)) - Added Volume : /workdir/hadoop-ozone/ozonefs/target/test-dir/MiniOzoneClusterImpl-e225ac0b-3e0d-428b-8920-e88bce46dc57/datanode-0/data/containers/hdds to VolumeSet
2019-10-03 02:05:46,389 [main] INFO  volume.ThrottledAsyncChecker (ThrottledAsyncChecker.java:schedule(139)) - Scheduling a check for org.apache.hadoop.ozone.container.common.volume.HddsVolume@6c07add6
2019-10-03 02:05:46,390 [main] INFO  volume.HddsVolumeChecker (HddsVolumeChecker.java:checkAllVolumes(202)) - Scheduled health check for volume org.apache.hadoop.ozone.container.common.volume.HddsVolume@6c07add6
2019-10-03 02:05:46,412 [main] INFO  impl.RaftServerProxy (ConfUtils.java:logGet(43)) - raft.rpc.type = GRPC (default)
2019-10-03 02:05:46,412 [main] INFO  grpc.GrpcFactory (GrpcFactory.java:checkPooledByteBufAllocatorUseCacheForAllThreads(45)) - PERFORMANCE WARNING: useCacheForAllThreads is true that may cause Netty to create a lot garbage objects and, as a result, trigger GC.
	It is recommended to disable useCacheForAllThreads by setting -Dorg.apache.ratis.thirdparty.io.netty.allocator.useCacheForAllThreads=false in command line.
2019-10-03 02:05:46,412 [main] INFO  grpc.GrpcConfigKeys$Server (ConfUtils.java:logGet(43)) - raft.grpc.server.port = 0 (default)
2019-10-03 02:05:46,413 [main] INFO  server.GrpcService (ConfUtils.java:logGet(43)) - raft.grpc.message.size.max = 33570816 (custom)
2019-10-03 02:05:46,413 [main] INFO  server.RaftServerConfigKeys (ConfUtils.java:logGet(43)) - raft.server.log.appender.buffer.byte-limit = 33554432 (custom)
2019-10-03 02:05:46,413 [main] INFO  server.GrpcService (ConfUtils.java:logGet(43)) - raft.grpc.flow.control.window = 1MB (=1048576) (default)
2019-10-03 02:05:46,413 [main] INFO  server.RaftServerConfigKeys (ConfUtils.java:logGet(43)) - raft.server.rpc.request.timeout = 3000ms (default)
2019-10-03 02:05:46,414 [main] INFO  server.RaftServerConfigKeys (ConfUtils.java:logGet(43)) - raft.server.storage.dir = [/workdir/hadoop-ozone/ozonefs/target/test-dir/MiniOzoneClusterImpl-e225ac0b-3e0d-428b-8920-e88bce46dc57/datanode-0/data/ratis] (custom)
2019-10-03 02:05:46,415 [main] INFO  hdfs.DFSUtil (DFSUtil.java:httpServerTemplateForNNAndJN(1641)) - Starting Web-server for hddsDatanode at: http://0.0.0.0:0
2019-10-03 02:05:46,417 [main] INFO  server.AuthenticationFilter (AuthenticationFilter.java:constructSecretProvider(240)) - Unable to initialize FileSignerSecretProvider, falling back to use random secrets.
2019-10-03 02:05:46,417 [main] WARN  http.HttpRequestLog (HttpRequestLog.java:getRequestLog(97)) - Jetty request log can only be enabled using Log4j
2019-10-03 02:05:46,419 [main] INFO  http.HttpServer2 (HttpServer2.java:addGlobalFilter(975)) - Added global filter 'safety' (class=org.apache.hadoop.http.HttpServer2$QuotingInputFilter)
2019-10-03 02:05:46,420 [main] INFO  http.HttpServer2 (HttpServer2.java:addFilter(948)) - Added filter static_user_filter (class=org.apache.hadoop.http.lib.StaticUserWebFilter$StaticUserFilter) to context hddsDatanode
2019-10-03 02:05:46,420 [main] INFO  http.HttpServer2 (HttpServer2.java:addFilter(958)) - Added filter static_user_filter (class=org.apache.hadoop.http.lib.StaticUserWebFilter$StaticUserFilter) to context static
2019-10-03 02:05:46,420 [main] INFO  http.HttpServer2 (HttpServer2.java:addFilter(958)) - Added filter static_user_filter (class=org.apache.hadoop.http.lib.StaticUserWebFilter$StaticUserFilter) to context logs
2019-10-03 02:05:46,421 [main] INFO  http.HttpServer2 (HttpServer2.java:bindListener(1191)) - Jetty bound to port 35258
2019-10-03 02:05:46,421 [main] INFO  server.Server (Server.java:doStart(351)) - jetty-9.3.25.v20180904, build timestamp: 2018-09-04T21:11:46Z, git hash: 3ce520221d0240229c862b122d2b06c12a625732
2019-10-03 02:05:46,423 [main] INFO  handler.ContextHandler (ContextHandler.java:doStart(781)) - Started o.e.j.s.ServletContextHandler@21dea711{/logs,file:///workdir/hadoop-ozone/ozonefs/target/log,AVAILABLE}
2019-10-03 02:05:46,423 [main] INFO  handler.ContextHandler (ContextHandler.java:doStart(781)) - Started o.e.j.s.ServletContextHandler@a21c74{/static,jar:file:/home/user/.m2/repository/org/apache/hadoop/hadoop-hdds-container-service/0.5.0-SNAPSHOT/hadoop-hdds-container-service-0.5.0-SNAPSHOT.jar!/webapps/static,AVAILABLE}
2019-10-03 02:05:46,451 [main] INFO  handler.ContextHandler (ContextHandler.java:doStart(781)) - Started o.e.j.w.WebAppContext@7b5ac347{/,file:///tmp/jetty-0.0.0.0-35258-hddsDatanode-_-any-5992755963941567521.dir/webapp/,AVAILABLE}{/hddsDatanode}
2019-10-03 02:05:46,451 [main] INFO  server.AbstractConnector (AbstractConnector.java:doStart(278)) - Started ServerConnector@57b9389f{HTTP/1.1,[http/1.1]}{0.0.0.0:35258}
2019-10-03 02:05:46,453 [main] INFO  server.Server (Server.java:doStart(419)) - Started @114684ms
2019-10-03 02:05:46,453 [main] WARN  impl.MetricsSystemImpl (MetricsSystemImpl.java:register(276)) - Sink prometheus already exists!
2019-10-03 02:05:46,454 [main] INFO  server.BaseHttpServer (BaseHttpServer.java:updateConnectorAddress(215)) - HTTP server of HDDSDATANODE is listening at http://0.0.0.0:35258
2019-10-03 02:05:46,454 [main] INFO  impl.MetricsSystemImpl (MetricsSystemImpl.java:init(158)) - HddsDatanode metrics system started (again)
2019-10-03 02:05:46,458 [org.apache.hadoop.util.JvmPauseMonitor$Monitor@121f8dbd] INFO  util.JvmPauseMonitor (JvmPauseMonitor.java:run(188)) - Starting JVM pause monitor
2019-10-03 02:05:46,458 [main] INFO  ozone.HddsDatanodeService (HddsDatanodeService.java:start(184)) - HddsDatanodeService host:pr-hdds-1737-89jld-2007629010 ip:192.168.164.205
2019-10-03 02:05:46,460 [Datanode State Machine Thread - 0] INFO  datanode.InitDatanodeState (InitDatanodeState.java:persistContainerDatanodeDetails(140)) - DatanodeDetails is persisted to /workdir/hadoop-ozone/ozonefs/target/test-dir/MiniOzoneClusterImpl-e225ac0b-3e0d-428b-8920-e88bce46dc57/datanode-0/meta/datanode.id
2019-10-03 02:05:46,465 [main] INFO  volume.HddsVolume (HddsVolume.java:<init>(176)) - Creating Volume: /workdir/hadoop-ozone/ozonefs/target/test-dir/MiniOzoneClusterImpl-e225ac0b-3e0d-428b-8920-e88bce46dc57/datanode-1/data/containers/hdds of  storage type : DISK and capacity : 1482555576320
2019-10-03 02:05:46,465 [main] INFO  volume.VolumeSet (VolumeSet.java:initializeVolumeSet(170)) - Added Volume : /workdir/hadoop-ozone/ozonefs/target/test-dir/MiniOzoneClusterImpl-e225ac0b-3e0d-428b-8920-e88bce46dc57/datanode-1/data/containers/hdds to VolumeSet
2019-10-03 02:05:46,465 [main] INFO  volume.ThrottledAsyncChecker (ThrottledAsyncChecker.java:schedule(139)) - Scheduling a check for org.apache.hadoop.ozone.container.common.volume.HddsVolume@1aedf08d
2019-10-03 02:05:46,466 [main] INFO  volume.HddsVolumeChecker (HddsVolumeChecker.java:checkAllVolumes(202)) - Scheduled health check for volume org.apache.hadoop.ozone.container.common.volume.HddsVolume@1aedf08d
2019-10-03 02:05:46,485 [main] INFO  impl.RaftServerProxy (ConfUtils.java:logGet(43)) - raft.rpc.type = GRPC (default)
2019-10-03 02:05:46,486 [main] INFO  grpc.GrpcFactory (GrpcFactory.java:checkPooledByteBufAllocatorUseCacheForAllThreads(45)) - PERFORMANCE WARNING: useCacheForAllThreads is true that may cause Netty to create a lot garbage objects and, as a result, trigger GC.
	It is recommended to disable useCacheForAllThreads by setting -Dorg.apache.ratis.thirdparty.io.netty.allocator.useCacheForAllThreads=false in command line.
2019-10-03 02:05:46,486 [main] INFO  grpc.GrpcConfigKeys$Server (ConfUtils.java:logGet(43)) - raft.grpc.server.port = 0 (default)
2019-10-03 02:05:46,486 [main] INFO  server.GrpcService (ConfUtils.java:logGet(43)) - raft.grpc.message.size.max = 33570816 (custom)
2019-10-03 02:05:46,486 [main] INFO  server.RaftServerConfigKeys (ConfUtils.java:logGet(43)) - raft.server.log.appender.buffer.byte-limit = 33554432 (custom)
2019-10-03 02:05:46,486 [main] INFO  server.GrpcService (ConfUtils.java:logGet(43)) - raft.grpc.flow.control.window = 1MB (=1048576) (default)
2019-10-03 02:05:46,487 [main] INFO  server.RaftServerConfigKeys (ConfUtils.java:logGet(43)) - raft.server.rpc.request.timeout = 3000ms (default)
2019-10-03 02:05:46,487 [main] INFO  server.RaftServerConfigKeys (ConfUtils.java:logGet(43)) - raft.server.storage.dir = [/workdir/hadoop-ozone/ozonefs/target/test-dir/MiniOzoneClusterImpl-e225ac0b-3e0d-428b-8920-e88bce46dc57/datanode-1/data/ratis] (custom)
2019-10-03 02:05:46,488 [main] INFO  hdfs.DFSUtil (DFSUtil.java:httpServerTemplateForNNAndJN(1641)) - Starting Web-server for hddsDatanode at: http://0.0.0.0:0
2019-10-03 02:05:46,489 [main] INFO  server.AuthenticationFilter (AuthenticationFilter.java:constructSecretProvider(240)) - Unable to initialize FileSignerSecretProvider, falling back to use random secrets.
2019-10-03 02:05:46,490 [main] WARN  http.HttpRequestLog (HttpRequestLog.java:getRequestLog(97)) - Jetty request log can only be enabled using Log4j
2019-10-03 02:05:46,491 [main] INFO  http.HttpServer2 (HttpServer2.java:addGlobalFilter(975)) - Added global filter 'safety' (class=org.apache.hadoop.http.HttpServer2$QuotingInputFilter)
2019-10-03 02:05:46,492 [main] INFO  http.HttpServer2 (HttpServer2.java:addFilter(948)) - Added filter static_user_filter (class=org.apache.hadoop.http.lib.StaticUserWebFilter$StaticUserFilter) to context hddsDatanode
2019-10-03 02:05:46,492 [main] INFO  http.HttpServer2 (HttpServer2.java:addFilter(958)) - Added filter static_user_filter (class=org.apache.hadoop.http.lib.StaticUserWebFilter$StaticUserFilter) to context static
2019-10-03 02:05:46,492 [main] INFO  http.HttpServer2 (HttpServer2.java:addFilter(958)) - Added filter static_user_filter (class=org.apache.hadoop.http.lib.StaticUserWebFilter$StaticUserFilter) to context logs
2019-10-03 02:05:46,493 [main] INFO  http.HttpServer2 (HttpServer2.java:bindListener(1191)) - Jetty bound to port 43021
2019-10-03 02:05:46,493 [main] INFO  server.Server (Server.java:doStart(351)) - jetty-9.3.25.v20180904, build timestamp: 2018-09-04T21:11:46Z, git hash: 3ce520221d0240229c862b122d2b06c12a625732
2019-10-03 02:05:46,495 [main] INFO  handler.ContextHandler (ContextHandler.java:doStart(781)) - Started o.e.j.s.ServletContextHandler@1192c925{/logs,file:///workdir/hadoop-ozone/ozonefs/target/log,AVAILABLE}
2019-10-03 02:05:46,495 [main] INFO  handler.ContextHandler (ContextHandler.java:doStart(781)) - Started o.e.j.s.ServletContextHandler@24691c5{/static,jar:file:/home/user/.m2/repository/org/apache/hadoop/hadoop-hdds-container-service/0.5.0-SNAPSHOT/hadoop-hdds-container-service-0.5.0-SNAPSHOT.jar!/webapps/static,AVAILABLE}
2019-10-03 02:05:46,523 [main] INFO  handler.ContextHandler (ContextHandler.java:doStart(781)) - Started o.e.j.w.WebAppContext@197ce367{/,file:///tmp/jetty-0.0.0.0-43021-hddsDatanode-_-any-991381702471349982.dir/webapp/,AVAILABLE}{/hddsDatanode}
2019-10-03 02:05:46,523 [main] INFO  server.AbstractConnector (AbstractConnector.java:doStart(278)) - Started ServerConnector@383cdd4d{HTTP/1.1,[http/1.1]}{0.0.0.0:43021}
2019-10-03 02:05:46,524 [main] INFO  server.Server (Server.java:doStart(419)) - Started @114756ms
2019-10-03 02:05:46,525 [main] WARN  impl.MetricsSystemImpl (MetricsSystemImpl.java:register(276)) - Sink prometheus already exists!
2019-10-03 02:05:46,525 [main] INFO  server.BaseHttpServer (BaseHttpServer.java:updateConnectorAddress(215)) - HTTP server of HDDSDATANODE is listening at http://0.0.0.0:43021
2019-10-03 02:05:46,525 [main] INFO  impl.MetricsSystemImpl (MetricsSystemImpl.java:init(158)) - HddsDatanode metrics system started (again)
2019-10-03 02:05:46,529 [org.apache.hadoop.util.JvmPauseMonitor$Monitor@52e22c77] INFO  util.JvmPauseMonitor (JvmPauseMonitor.java:run(188)) - Starting JVM pause monitor
2019-10-03 02:05:46,529 [main] INFO  ozone.HddsDatanodeService (HddsDatanodeService.java:start(184)) - HddsDatanodeService host:pr-hdds-1737-89jld-2007629010 ip:192.168.164.205
2019-10-03 02:05:46,531 [Datanode State Machine Thread - 0] INFO  datanode.InitDatanodeState (InitDatanodeState.java:persistContainerDatanodeDetails(140)) - DatanodeDetails is persisted to /workdir/hadoop-ozone/ozonefs/target/test-dir/MiniOzoneClusterImpl-e225ac0b-3e0d-428b-8920-e88bce46dc57/datanode-1/meta/datanode.id
2019-10-03 02:05:46,536 [main] INFO  volume.HddsVolume (HddsVolume.java:<init>(176)) - Creating Volume: /workdir/hadoop-ozone/ozonefs/target/test-dir/MiniOzoneClusterImpl-e225ac0b-3e0d-428b-8920-e88bce46dc57/datanode-2/data/containers/hdds of  storage type : DISK and capacity : 1482555576320
2019-10-03 02:05:46,536 [main] INFO  volume.VolumeSet (VolumeSet.java:initializeVolumeSet(170)) - Added Volume : /workdir/hadoop-ozone/ozonefs/target/test-dir/MiniOzoneClusterImpl-e225ac0b-3e0d-428b-8920-e88bce46dc57/datanode-2/data/containers/hdds to VolumeSet
2019-10-03 02:05:46,537 [main] INFO  volume.ThrottledAsyncChecker (ThrottledAsyncChecker.java:schedule(139)) - Scheduling a check for org.apache.hadoop.ozone.container.common.volume.HddsVolume@421ead7e
2019-10-03 02:05:46,537 [main] INFO  volume.HddsVolumeChecker (HddsVolumeChecker.java:checkAllVolumes(202)) - Scheduled health check for volume org.apache.hadoop.ozone.container.common.volume.HddsVolume@421ead7e
2019-10-03 02:05:46,557 [main] INFO  impl.RaftServerProxy (ConfUtils.java:logGet(43)) - raft.rpc.type = GRPC (default)
2019-10-03 02:05:46,557 [main] INFO  grpc.GrpcFactory (GrpcFactory.java:checkPooledByteBufAllocatorUseCacheForAllThreads(45)) - PERFORMANCE WARNING: useCacheForAllThreads is true that may cause Netty to create a lot garbage objects and, as a result, trigger GC.
	It is recommended to disable useCacheForAllThreads by setting -Dorg.apache.ratis.thirdparty.io.netty.allocator.useCacheForAllThreads=false in command line.
2019-10-03 02:05:46,557 [main] INFO  grpc.GrpcConfigKeys$Server (ConfUtils.java:logGet(43)) - raft.grpc.server.port = 0 (default)
2019-10-03 02:05:46,557 [main] INFO  server.GrpcService (ConfUtils.java:logGet(43)) - raft.grpc.message.size.max = 33570816 (custom)
2019-10-03 02:05:46,558 [main] INFO  server.RaftServerConfigKeys (ConfUtils.java:logGet(43)) - raft.server.log.appender.buffer.byte-limit = 33554432 (custom)
2019-10-03 02:05:46,558 [main] INFO  server.GrpcService (ConfUtils.java:logGet(43)) - raft.grpc.flow.control.window = 1MB (=1048576) (default)
2019-10-03 02:05:46,558 [main] INFO  server.RaftServerConfigKeys (ConfUtils.java:logGet(43)) - raft.server.rpc.request.timeout = 3000ms (default)
2019-10-03 02:05:46,558 [main] INFO  server.RaftServerConfigKeys (ConfUtils.java:logGet(43)) - raft.server.storage.dir = [/workdir/hadoop-ozone/ozonefs/target/test-dir/MiniOzoneClusterImpl-e225ac0b-3e0d-428b-8920-e88bce46dc57/datanode-2/data/ratis] (custom)
2019-10-03 02:05:46,560 [main] INFO  hdfs.DFSUtil (DFSUtil.java:httpServerTemplateForNNAndJN(1641)) - Starting Web-server for hddsDatanode at: http://0.0.0.0:0
2019-10-03 02:05:46,561 [main] INFO  server.AuthenticationFilter (AuthenticationFilter.java:constructSecretProvider(240)) - Unable to initialize FileSignerSecretProvider, falling back to use random secrets.
2019-10-03 02:05:46,561 [main] WARN  http.HttpRequestLog (HttpRequestLog.java:getRequestLog(97)) - Jetty request log can only be enabled using Log4j
2019-10-03 02:05:46,563 [main] INFO  http.HttpServer2 (HttpServer2.java:addGlobalFilter(975)) - Added global filter 'safety' (class=org.apache.hadoop.http.HttpServer2$QuotingInputFilter)
2019-10-03 02:05:46,564 [main] INFO  http.HttpServer2 (HttpServer2.java:addFilter(948)) - Added filter static_user_filter (class=org.apache.hadoop.http.lib.StaticUserWebFilter$StaticUserFilter) to context hddsDatanode
2019-10-03 02:05:46,564 [main] INFO  http.HttpServer2 (HttpServer2.java:addFilter(958)) - Added filter static_user_filter (class=org.apache.hadoop.http.lib.StaticUserWebFilter$StaticUserFilter) to context logs
2019-10-03 02:05:46,564 [main] INFO  http.HttpServer2 (HttpServer2.java:addFilter(958)) - Added filter static_user_filter (class=org.apache.hadoop.http.lib.StaticUserWebFilter$StaticUserFilter) to context static
2019-10-03 02:05:46,565 [main] INFO  http.HttpServer2 (HttpServer2.java:bindListener(1191)) - Jetty bound to port 33718
2019-10-03 02:05:46,565 [main] INFO  server.Server (Server.java:doStart(351)) - jetty-9.3.25.v20180904, build timestamp: 2018-09-04T21:11:46Z, git hash: 3ce520221d0240229c862b122d2b06c12a625732
2019-10-03 02:05:46,566 [main] INFO  handler.ContextHandler (ContextHandler.java:doStart(781)) - Started o.e.j.s.ServletContextHandler@d84b3a2{/logs,file:///workdir/hadoop-ozone/ozonefs/target/log,AVAILABLE}
2019-10-03 02:05:46,567 [main] INFO  handler.ContextHandler (ContextHandler.java:doStart(781)) - Started o.e.j.s.ServletContextHandler@69feb4d9{/static,jar:file:/home/user/.m2/repository/org/apache/hadoop/hadoop-hdds-container-service/0.5.0-SNAPSHOT/hadoop-hdds-container-service-0.5.0-SNAPSHOT.jar!/webapps/static,AVAILABLE}
2019-10-03 02:05:46,594 [main] INFO  handler.ContextHandler (ContextHandler.java:doStart(781)) - Started o.e.j.w.WebAppContext@721bf7ad{/,file:///tmp/jetty-0.0.0.0-33718-hddsDatanode-_-any-1619730794628777536.dir/webapp/,AVAILABLE}{/hddsDatanode}
2019-10-03 02:05:46,594 [main] INFO  server.AbstractConnector (AbstractConnector.java:doStart(278)) - Started ServerConnector@852ef8d{HTTP/1.1,[http/1.1]}{0.0.0.0:33718}
2019-10-03 02:05:46,596 [main] INFO  server.Server (Server.java:doStart(419)) - Started @114828ms
2019-10-03 02:05:46,596 [main] WARN  impl.MetricsSystemImpl (MetricsSystemImpl.java:register(276)) - Sink prometheus already exists!
2019-10-03 02:05:46,597 [main] INFO  server.BaseHttpServer (BaseHttpServer.java:updateConnectorAddress(215)) - HTTP server of HDDSDATANODE is listening at http://0.0.0.0:33718
2019-10-03 02:05:46,597 [main] INFO  ozone.MiniOzoneClusterImpl (MiniOzoneClusterImpl.java:lambda$waitForClusterToBeReady$0(147)) - Waiting for cluster to be ready. Got 0 of 3 DN Heartbeats.
2019-10-03 02:05:46,598 [org.apache.hadoop.util.JvmPauseMonitor$Monitor@10083e9b] INFO  util.JvmPauseMonitor (JvmPauseMonitor.java:run(188)) - Starting JVM pause monitor
2019-10-03 02:05:46,600 [Datanode State Machine Thread - 0] INFO  datanode.InitDatanodeState (InitDatanodeState.java:persistContainerDatanodeDetails(140)) - DatanodeDetails is persisted to /workdir/hadoop-ozone/ozonefs/target/test-dir/MiniOzoneClusterImpl-e225ac0b-3e0d-428b-8920-e88bce46dc57/datanode-2/meta/datanode.id
2019-10-03 02:05:47,597 [main] INFO  ozone.MiniOzoneClusterImpl (MiniOzoneClusterImpl.java:lambda$waitForClusterToBeReady$0(147)) - Waiting for cluster to be ready. Got 0 of 3 DN Heartbeats.
2019-10-03 02:05:48,480 [Datanode State Machine Thread - 0] INFO  ozoneimpl.OzoneContainer (OzoneContainer.java:start(217)) - Attempting to start container services.
2019-10-03 02:05:48,481 [Datanode State Machine Thread - 0] INFO  ozoneimpl.OzoneContainer (OzoneContainer.java:startContainerScrub(179)) - Background container scanner has been disabled.
2019-10-03 02:05:48,481 [Datanode State Machine Thread - 0] INFO  ratis.XceiverServerRatis (XceiverServerRatis.java:start(417)) - Starting XceiverServerRatis 8973e3a3-7515-4698-8710-d6458ead175a at port 0
2019-10-03 02:05:48,487 [Datanode State Machine Thread - 0] INFO  impl.RaftServerProxy (RaftServerProxy.java:lambda$start$3(299)) - 8973e3a3-7515-4698-8710-d6458ead175a: start RPC server
2019-10-03 02:05:48,490 [Datanode State Machine Thread - 0] INFO  server.GrpcService (GrpcService.java:startImpl(158)) - 8973e3a3-7515-4698-8710-d6458ead175a: GrpcService started, listening on 0.0.0.0/0.0.0.0:41820
2019-10-03 02:05:48,490 [Datanode State Machine Thread - 0] INFO  ratis.XceiverServerRatis (XceiverServerRatis.java:start(427)) - XceiverServerRatis 8973e3a3-7515-4698-8710-d6458ead175a is started using port 41820
2019-10-03 02:05:48,495 [Datanode State Machine Thread - 0] INFO  server.XceiverServerGrpc (XceiverServerGrpc.java:start(149)) - XceiverServerGrpc 8973e3a3-7515-4698-8710-d6458ead175a is started using port 44672
2019-10-03 02:05:48,560 [Datanode State Machine Thread - 0] INFO  ozoneimpl.OzoneContainer (OzoneContainer.java:start(217)) - Attempting to start container services.
2019-10-03 02:05:48,561 [Datanode State Machine Thread - 0] INFO  ozoneimpl.OzoneContainer (OzoneContainer.java:startContainerScrub(179)) - Background container scanner has been disabled.
2019-10-03 02:05:48,561 [Datanode State Machine Thread - 0] INFO  ratis.XceiverServerRatis (XceiverServerRatis.java:start(417)) - Starting XceiverServerRatis 3165c5d3-e71f-43be-94a3-465948913e79 at port 0
2019-10-03 02:05:48,568 [Datanode State Machine Thread - 0] INFO  impl.RaftServerProxy (RaftServerProxy.java:lambda$start$3(299)) - 3165c5d3-e71f-43be-94a3-465948913e79: start RPC server
2019-10-03 02:05:48,569 [Datanode State Machine Thread - 0] INFO  server.GrpcService (GrpcService.java:startImpl(158)) - 3165c5d3-e71f-43be-94a3-465948913e79: GrpcService started, listening on 0.0.0.0/0.0.0.0:43627
2019-10-03 02:05:48,569 [Datanode State Machine Thread - 0] INFO  ratis.XceiverServerRatis (XceiverServerRatis.java:start(427)) - XceiverServerRatis 3165c5d3-e71f-43be-94a3-465948913e79 is started using port 43627
2019-10-03 02:05:48,571 [Datanode State Machine Thread - 0] INFO  server.XceiverServerGrpc (XceiverServerGrpc.java:start(149)) - XceiverServerGrpc 3165c5d3-e71f-43be-94a3-465948913e79 is started using port 45739
2019-10-03 02:05:48,598 [main] INFO  ozone.MiniOzoneClusterImpl (MiniOzoneClusterImpl.java:lambda$waitForClusterToBeReady$0(147)) - Waiting for cluster to be ready. Got 0 of 3 DN Heartbeats.
2019-10-03 02:05:48,617 [Datanode State Machine Thread - 0] INFO  ozoneimpl.OzoneContainer (OzoneContainer.java:start(217)) - Attempting to start container services.
2019-10-03 02:05:48,617 [Datanode State Machine Thread - 0] INFO  ozoneimpl.OzoneContainer (OzoneContainer.java:startContainerScrub(179)) - Background container scanner has been disabled.
2019-10-03 02:05:48,618 [Datanode State Machine Thread - 0] INFO  ratis.XceiverServerRatis (XceiverServerRatis.java:start(417)) - Starting XceiverServerRatis a08dd2dd-bfef-41f1-afb0-37294a1d04b3 at port 0
2019-10-03 02:05:48,625 [Datanode State Machine Thread - 0] INFO  impl.RaftServerProxy (RaftServerProxy.java:lambda$start$3(299)) - a08dd2dd-bfef-41f1-afb0-37294a1d04b3: start RPC server
2019-10-03 02:05:48,627 [Datanode State Machine Thread - 0] INFO  server.GrpcService (GrpcService.java:startImpl(158)) - a08dd2dd-bfef-41f1-afb0-37294a1d04b3: GrpcService started, listening on 0.0.0.0/0.0.0.0:41166
2019-10-03 02:05:48,627 [Datanode State Machine Thread - 0] INFO  ratis.XceiverServerRatis (XceiverServerRatis.java:start(427)) - XceiverServerRatis a08dd2dd-bfef-41f1-afb0-37294a1d04b3 is started using port 41166
2019-10-03 02:05:48,629 [Datanode State Machine Thread - 0] INFO  server.XceiverServerGrpc (XceiverServerGrpc.java:start(149)) - XceiverServerGrpc a08dd2dd-bfef-41f1-afb0-37294a1d04b3 is started using port 44962
2019-10-03 02:05:49,599 [main] INFO  ozone.MiniOzoneClusterImpl (MiniOzoneClusterImpl.java:lambda$waitForClusterToBeReady$0(147)) - Waiting for cluster to be ready. Got 0 of 3 DN Heartbeats.
2019-10-03 02:05:50,464 [IPC Server handler 3 on 41522] INFO  net.NetworkTopology (NetworkTopologyImpl.java:add(111)) - Added a new node: /default-rack/8973e3a3-7515-4698-8710-d6458ead175a
2019-10-03 02:05:50,466 [IPC Server handler 3 on 41522] INFO  node.SCMNodeManager (SCMNodeManager.java:register(266)) - Registered Data node : 8973e3a3-7515-4698-8710-d6458ead175a{ip: 192.168.164.205, host: pr-hdds-1737-89jld-2007629010, networkLocation: /default-rack, certSerialId: null}
2019-10-03 02:05:50,468 [EventQueue-NodeRegistrationContainerReportForDataNodeSafeModeRule] INFO  safemode.SCMSafeModeManager (DataNodeSafeModeRule.java:process(71)) - SCM in safe mode. 1 DataNodes registered, 1 required.
2019-10-03 02:05:50,470 [EventQueue-NodeRegistrationContainerReportForDataNodeSafeModeRule] INFO  safemode.SCMSafeModeManager (SCMSafeModeManager.java:validateSafeModeExitRules(177)) - ScmSafeModeManager, all rules are successfully validated
2019-10-03 02:05:50,472 [EventQueue-NodeRegistrationContainerReportForDataNodeSafeModeRule] INFO  safemode.SCMSafeModeManager (SCMSafeModeManager.java:exitSafeMode(193)) - SCM exiting safe mode.
2019-10-03 02:05:50,489 [grpc-default-executor-0] INFO  impl.RaftServerProxy (RaftServerProxy.java:addNew(89)) - 8973e3a3-7515-4698-8710-d6458ead175a: addNew group-1C9D664236B5:[8973e3a3-7515-4698-8710-d6458ead175a:192.168.164.205:41820] returns group-1C9D664236B5:java.util.concurrent.CompletableFuture@4c64c9e0[Not completed]
2019-10-03 02:05:50,491 [pool-328-thread-1] INFO  impl.RaftServerImpl (RaftServerImpl.java:<init>(95)) - 8973e3a3-7515-4698-8710-d6458ead175a: new RaftServerImpl for group-1C9D664236B5:[8973e3a3-7515-4698-8710-d6458ead175a:192.168.164.205:41820] with ContainerStateMachine:uninitialized
2019-10-03 02:05:50,492 [pool-328-thread-1] INFO  server.RaftServerConfigKeys (ConfUtils.java:logGet(43)) - raft.server.rpc.timeout.min = 5s (custom)
2019-10-03 02:05:50,492 [pool-328-thread-1] INFO  server.RaftServerConfigKeys (ConfUtils.java:logGet(43)) - raft.server.rpc.timeout.max = 5200ms (custom)
2019-10-03 02:05:50,492 [pool-328-thread-1] INFO  server.RaftServerConfigKeys (ConfUtils.java:logGet(43)) - raft.server.rpcslowness.timeout = 120s (custom)
2019-10-03 02:05:50,492 [pool-328-thread-1] INFO  server.RaftServerConfigKeys (ConfUtils.java:logGet(43)) - raft.server.sleep.deviation.threshold = 300 (default)
2019-10-03 02:05:50,492 [pool-328-thread-1] INFO  server.RaftServerConfigKeys (ConfUtils.java:logGet(43)) - raft.server.log.appender.install.snapshot.enabled = false (custom)
2019-10-03 02:05:50,493 [pool-328-thread-1] INFO  impl.RaftServerImpl (ServerState.java:<init>(103)) - 8973e3a3-7515-4698-8710-d6458ead175a@group-1C9D664236B5: ConfigurationManager, init=-1: [8973e3a3-7515-4698-8710-d6458ead175a:192.168.164.205:41820], old=null, confs=<EMPTY_MAP>
2019-10-03 02:05:50,493 [pool-328-thread-1] INFO  server.RaftServerConfigKeys (ConfUtils.java:logGet(43)) - raft.server.storage.dir = [/workdir/hadoop-ozone/ozonefs/target/test-dir/MiniOzoneClusterImpl-e225ac0b-3e0d-428b-8920-e88bce46dc57/datanode-0/data/ratis] (custom)
2019-10-03 02:05:50,493 [pool-328-thread-1] INFO  server.RaftServerConfigKeys (ConfUtils.java:logGet(43)) - raft.server.log.corruption.policy = EXCEPTION (default)
2019-10-03 02:05:50,494 [pool-328-thread-1] INFO  storage.RaftStorageDirectory (RaftStorageDirectory.java:analyzeStorage(246)) - The storage directory /workdir/hadoop-ozone/ozonefs/target/test-dir/MiniOzoneClusterImpl-e225ac0b-3e0d-428b-8920-e88bce46dc57/datanode-0/data/ratis/c522479e-49f6-4220-9716-1c9d664236b5 does not exist. Creating ...
2019-10-03 02:05:50,507 [pool-328-thread-1] INFO  storage.RaftStorageDirectory (RaftStorageDirectory.java:tryLock(328)) - Lock on /workdir/hadoop-ozone/ozonefs/target/test-dir/MiniOzoneClusterImpl-e225ac0b-3e0d-428b-8920-e88bce46dc57/datanode-0/data/ratis/c522479e-49f6-4220-9716-1c9d664236b5/in_use.lock acquired by nodename 19677@pr-hdds-1737-89jld-2007629010
2019-10-03 02:05:50,520 [pool-328-thread-1] INFO  storage.RaftStorage (RaftStorage.java:format(84)) - Storage directory /workdir/hadoop-ozone/ozonefs/target/test-dir/MiniOzoneClusterImpl-e225ac0b-3e0d-428b-8920-e88bce46dc57/datanode-0/data/ratis/c522479e-49f6-4220-9716-1c9d664236b5 has been successfully formatted.
2019-10-03 02:05:50,521 [pool-328-thread-1] INFO  ratis.ContainerStateMachine (ContainerStateMachine.java:loadSnapshot(230)) - group-1C9D664236B5: The snapshot info is null. Setting the last applied indexto:(t:0, i:~)
2019-10-03 02:05:50,522 [pool-328-thread-1] INFO  server.RaftServerConfigKeys (ConfUtils.java:logGet(43)) - raft.server.notification.no-leader.timeout = 120s (custom)
2019-10-03 02:05:50,522 [pool-328-thread-1] INFO  server.RaftServerConfigKeys (ConfUtils.java:logGet(43)) - raft.server.log.use.memory = false (default)
2019-10-03 02:05:50,522 [pool-328-thread-1] INFO  server.RaftServerConfigKeys (ConfUtils.java:logGet(43)) - raft.server.log.purge.gap = 1000000 (custom)
2019-10-03 02:05:50,522 [pool-328-thread-1] INFO  server.RaftServerConfigKeys (ConfUtils.java:logGet(43)) - raft.server.log.appender.buffer.byte-limit = 33554432 (custom)
2019-10-03 02:05:50,522 [pool-328-thread-1] INFO  server.RaftServerConfigKeys (ConfUtils.java:logGet(43)) - raft.server.log.segment.size.max = 1048576 (custom)
2019-10-03 02:05:50,526 [pool-328-thread-1] INFO  server.RaftServerConfigKeys (ConfUtils.java:logGet(43)) - raft.server.log.segment.cache.num.max = 2 (custom)
2019-10-03 02:05:50,526 [pool-328-thread-1] INFO  segmented.SegmentedRaftLogWorker (SegmentedRaftLogWorker.java:<init>(173)) - new 8973e3a3-7515-4698-8710-d6458ead175a@group-1C9D664236B5-SegmentedRaftLogWorker for RaftStorage:Storage Directory /workdir/hadoop-ozone/ozonefs/target/test-dir/MiniOzoneClusterImpl-e225ac0b-3e0d-428b-8920-e88bce46dc57/datanode-0/data/ratis/c522479e-49f6-4220-9716-1c9d664236b5
2019-10-03 02:05:50,526 [pool-328-thread-1] INFO  server.RaftServerConfigKeys (ConfUtils.java:logGet(43)) - raft.server.log.queue.byte-limit = 2147483647 (custom)
2019-10-03 02:05:50,526 [pool-328-thread-1] INFO  server.RaftServerConfigKeys (ConfUtils.java:logGet(43)) - raft.server.log.queue.element-limit = 1024 (custom)
2019-10-03 02:05:50,527 [pool-328-thread-1] INFO  server.RaftServerConfigKeys (ConfUtils.java:logGet(43)) - raft.server.log.segment.size.max = 1048576 (custom)
2019-10-03 02:05:50,527 [pool-328-thread-1] INFO  server.RaftServerConfigKeys (ConfUtils.java:logGet(43)) - raft.server.log.preallocated.size = 16384 (custom)
2019-10-03 02:05:50,527 [pool-328-thread-1] INFO  server.RaftServerConfigKeys (ConfUtils.java:logGet(43)) - raft.server.log.write.buffer.size = 33554432 (custom)
2019-10-03 02:05:50,527 [pool-328-thread-1] INFO  server.RaftServerConfigKeys (ConfUtils.java:logGet(43)) - raft.server.log.force.sync.num = 128 (default)
2019-10-03 02:05:50,527 [pool-328-thread-1] INFO  server.RaftServerConfigKeys (ConfUtils.java:logGet(43)) - raft.server.log.statemachine.data.sync = true (default)
2019-10-03 02:05:50,527 [pool-328-thread-1] INFO  server.RaftServerConfigKeys (ConfUtils.java:logGet(43)) - raft.server.log.statemachine.data.sync.timeout = 10s (default)
2019-10-03 02:05:50,527 [pool-328-thread-1] INFO  server.RaftServerConfigKeys (ConfUtils.java:logGet(43)) - raft.server.log.statemachine.data.sync.timeout.retry = -1 (default)
2019-10-03 02:05:50,528 [pool-328-thread-1] INFO  server.RaftServerConfigKeys (ConfUtils.java:logGet(43)) - raft.server.log.statemachine.data.caching.enabled = true (custom)
2019-10-03 02:05:50,529 [pool-328-thread-1] INFO  segmented.SegmentedRaftLogWorker (SegmentedRaftLogWorker.java:lambda$new$0(128)) - 8973e3a3-7515-4698-8710-d6458ead175a@group-1C9D664236B5-SegmentedRaftLogWorker: flushIndex: setUnconditionally 0 -> -1
2019-10-03 02:05:50,530 [pool-328-thread-1] INFO  server.RaftServerConfigKeys (ConfUtils.java:logGet(43)) - raft.server.snapshot.auto.trigger.enabled = true (custom)
2019-10-03 02:05:50,530 [pool-328-thread-1] INFO  server.RaftServerConfigKeys (ConfUtils.java:logGet(43)) - raft.server.snapshot.auto.trigger.threshold = 10000 (custom)
2019-10-03 02:05:50,530 [pool-328-thread-1] INFO  server.RaftServerConfigKeys (ConfUtils.java:logGet(43)) - raft.server.snapshot.retention.file.num = 5 (custom)
2019-10-03 02:05:50,530 [pool-328-thread-1] INFO  server.RaftServerConfigKeys (ConfUtils.java:logGet(43)) - raft.server.retrycache.expirytime = 600000ms (custom)
2019-10-03 02:05:50,533 [pool-328-thread-1] INFO  impl.RaftServerImpl (RaftServerImpl.java:start(181)) - 8973e3a3-7515-4698-8710-d6458ead175a@group-1C9D664236B5: start as a follower, conf=-1: [8973e3a3-7515-4698-8710-d6458ead175a:192.168.164.205:41820], old=null
2019-10-03 02:05:50,533 [pool-328-thread-1] INFO  impl.RaftServerImpl (RaftServerImpl.java:setRole(170)) - 8973e3a3-7515-4698-8710-d6458ead175a@group-1C9D664236B5: changes role from      null to FOLLOWER at term 0 for startAsFollower
2019-10-03 02:05:50,533 [pool-328-thread-1] INFO  impl.RoleInfo (RoleInfo.java:updateAndGet(143)) - 8973e3a3-7515-4698-8710-d6458ead175a: start FollowerState
2019-10-03 02:05:50,533 [IPC Server handler 1 on 41522] INFO  net.NetworkTopology (NetworkTopologyImpl.java:add(111)) - Added a new node: /default-rack/3165c5d3-e71f-43be-94a3-465948913e79
2019-10-03 02:05:50,533 [IPC Server handler 1 on 41522] INFO  node.SCMNodeManager (SCMNodeManager.java:register(266)) - Registered Data node : 3165c5d3-e71f-43be-94a3-465948913e79{ip: 192.168.164.205, host: pr-hdds-1737-89jld-2007629010, networkLocation: /default-rack, certSerialId: null}
2019-10-03 02:05:50,534 [pool-328-thread-1] INFO  util.JmxRegister (JmxRegister.java:tryRegister(44)) - Successfully registered JMX Bean with object name Ratis:service=RaftServer,group=group-1C9D664236B5,id=8973e3a3-7515-4698-8710-d6458ead175a
2019-10-03 02:05:50,544 [RatisPipelineUtilsThread] INFO  pipeline.PipelineStateManager (PipelineStateManager.java:addPipeline(56)) - Created pipeline Pipeline[ Id: c522479e-49f6-4220-9716-1c9d664236b5, Nodes: 8973e3a3-7515-4698-8710-d6458ead175a{ip: 192.168.164.205, host: pr-hdds-1737-89jld-2007629010, networkLocation: /default-rack, certSerialId: null}, Type:RATIS, Factor:ONE, State:OPEN]
2019-10-03 02:05:50,560 [grpc-default-executor-0] INFO  impl.RaftServerProxy (RaftServerProxy.java:addNew(89)) - 3165c5d3-e71f-43be-94a3-465948913e79: addNew group-193BF8731F3E:[3165c5d3-e71f-43be-94a3-465948913e79:192.168.164.205:43627] returns group-193BF8731F3E:java.util.concurrent.CompletableFuture@468acc57[Not completed]
2019-10-03 02:05:50,562 [pool-338-thread-1] INFO  impl.RaftServerImpl (RaftServerImpl.java:<init>(95)) - 3165c5d3-e71f-43be-94a3-465948913e79: new RaftServerImpl for group-193BF8731F3E:[3165c5d3-e71f-43be-94a3-465948913e79:192.168.164.205:43627] with ContainerStateMachine:uninitialized
2019-10-03 02:05:50,562 [pool-338-thread-1] INFO  server.RaftServerConfigKeys (ConfUtils.java:logGet(43)) - raft.server.rpc.timeout.min = 5s (custom)
2019-10-03 02:05:50,562 [pool-338-thread-1] INFO  server.RaftServerConfigKeys (ConfUtils.java:logGet(43)) - raft.server.rpc.timeout.max = 5200ms (custom)
2019-10-03 02:05:50,563 [pool-338-thread-1] INFO  server.RaftServerConfigKeys (ConfUtils.java:logGet(43)) - raft.server.rpcslowness.timeout = 120s (custom)
2019-10-03 02:05:50,563 [pool-338-thread-1] INFO  server.RaftServerConfigKeys (ConfUtils.java:logGet(43)) - raft.server.sleep.deviation.threshold = 300 (default)
2019-10-03 02:05:50,563 [pool-338-thread-1] INFO  server.RaftServerConfigKeys (ConfUtils.java:logGet(43)) - raft.server.log.appender.install.snapshot.enabled = false (custom)
2019-10-03 02:05:50,563 [pool-338-thread-1] INFO  impl.RaftServerImpl (ServerState.java:<init>(103)) - 3165c5d3-e71f-43be-94a3-465948913e79@group-193BF8731F3E: ConfigurationManager, init=-1: [3165c5d3-e71f-43be-94a3-465948913e79:192.168.164.205:43627], old=null, confs=<EMPTY_MAP>
2019-10-03 02:05:50,563 [pool-338-thread-1] INFO  server.RaftServerConfigKeys (ConfUtils.java:logGet(43)) - raft.server.storage.dir = [/workdir/hadoop-ozone/ozonefs/target/test-dir/MiniOzoneClusterImpl-e225ac0b-3e0d-428b-8920-e88bce46dc57/datanode-1/data/ratis] (custom)
2019-10-03 02:05:50,564 [pool-338-thread-1] INFO  server.RaftServerConfigKeys (ConfUtils.java:logGet(43)) - raft.server.log.corruption.policy = EXCEPTION (default)
2019-10-03 02:05:50,564 [pool-338-thread-1] INFO  storage.RaftStorageDirectory (RaftStorageDirectory.java:analyzeStorage(246)) - The storage directory /workdir/hadoop-ozone/ozonefs/target/test-dir/MiniOzoneClusterImpl-e225ac0b-3e0d-428b-8920-e88bce46dc57/datanode-1/data/ratis/3fd7dd3a-2d82-43a2-8d6d-193bf8731f3e does not exist. Creating ...
2019-10-03 02:05:50,576 [pool-338-thread-1] INFO  storage.RaftStorageDirectory (RaftStorageDirectory.java:tryLock(328)) - Lock on /workdir/hadoop-ozone/ozonefs/target/test-dir/MiniOzoneClusterImpl-e225ac0b-3e0d-428b-8920-e88bce46dc57/datanode-1/data/ratis/3fd7dd3a-2d82-43a2-8d6d-193bf8731f3e/in_use.lock acquired by nodename 19677@pr-hdds-1737-89jld-2007629010
2019-10-03 02:05:50,590 [pool-338-thread-1] INFO  storage.RaftStorage (RaftStorage.java:format(84)) - Storage directory /workdir/hadoop-ozone/ozonefs/target/test-dir/MiniOzoneClusterImpl-e225ac0b-3e0d-428b-8920-e88bce46dc57/datanode-1/data/ratis/3fd7dd3a-2d82-43a2-8d6d-193bf8731f3e has been successfully formatted.
2019-10-03 02:05:50,590 [pool-338-thread-1] INFO  ratis.ContainerStateMachine (ContainerStateMachine.java:loadSnapshot(230)) - group-193BF8731F3E: The snapshot info is null. Setting the last applied indexto:(t:0, i:~)
2019-10-03 02:05:50,590 [pool-338-thread-1] INFO  server.RaftServerConfigKeys (ConfUtils.java:logGet(43)) - raft.server.notification.no-leader.timeout = 120s (custom)
2019-10-03 02:05:50,590 [pool-338-thread-1] INFO  server.RaftServerConfigKeys (ConfUtils.java:logGet(43)) - raft.server.log.use.memory = false (default)
2019-10-03 02:05:50,590 [pool-338-thread-1] INFO  server.RaftServerConfigKeys (ConfUtils.java:logGet(43)) - raft.server.log.purge.gap = 1000000 (custom)
2019-10-03 02:05:50,590 [pool-338-thread-1] INFO  server.RaftServerConfigKeys (ConfUtils.java:logGet(43)) - raft.server.log.appender.buffer.byte-limit = 33554432 (custom)
2019-10-03 02:05:50,591 [pool-338-thread-1] INFO  server.RaftServerConfigKeys (ConfUtils.java:logGet(43)) - raft.server.log.segment.size.max = 1048576 (custom)
2019-10-03 02:05:50,593 [pool-338-thread-1] INFO  server.RaftServerConfigKeys (ConfUtils.java:logGet(43)) - raft.server.log.segment.cache.num.max = 2 (custom)
2019-10-03 02:05:50,593 [pool-338-thread-1] INFO  segmented.SegmentedRaftLogWorker (SegmentedRaftLogWorker.java:<init>(173)) - new 3165c5d3-e71f-43be-94a3-465948913e79@group-193BF8731F3E-SegmentedRaftLogWorker for RaftStorage:Storage Directory /workdir/hadoop-ozone/ozonefs/target/test-dir/MiniOzoneClusterImpl-e225ac0b-3e0d-428b-8920-e88bce46dc57/datanode-1/data/ratis/3fd7dd3a-2d82-43a2-8d6d-193bf8731f3e
2019-10-03 02:05:50,593 [pool-338-thread-1] INFO  server.RaftServerConfigKeys (ConfUtils.java:logGet(43)) - raft.server.log.queue.byte-limit = 2147483647 (custom)
2019-10-03 02:05:50,593 [pool-338-thread-1] INFO  server.RaftServerConfigKeys (ConfUtils.java:logGet(43)) - raft.server.log.queue.element-limit = 1024 (custom)
2019-10-03 02:05:50,593 [pool-338-thread-1] INFO  server.RaftServerConfigKeys (ConfUtils.java:logGet(43)) - raft.server.log.segment.size.max = 1048576 (custom)
2019-10-03 02:05:50,593 [pool-338-thread-1] INFO  server.RaftServerConfigKeys (ConfUtils.java:logGet(43)) - raft.server.log.preallocated.size = 16384 (custom)
2019-10-03 02:05:50,593 [pool-338-thread-1] INFO  server.RaftServerConfigKeys (ConfUtils.java:logGet(43)) - raft.server.log.write.buffer.size = 33554432 (custom)
2019-10-03 02:05:50,594 [pool-338-thread-1] INFO  server.RaftServerConfigKeys (ConfUtils.java:logGet(43)) - raft.server.log.force.sync.num = 128 (default)
2019-10-03 02:05:50,594 [pool-338-thread-1] INFO  server.RaftServerConfigKeys (ConfUtils.java:logGet(43)) - raft.server.log.statemachine.data.sync = true (default)
2019-10-03 02:05:50,594 [pool-338-thread-1] INFO  server.RaftServerConfigKeys (ConfUtils.java:logGet(43)) - raft.server.log.statemachine.data.sync.timeout = 10s (default)
2019-10-03 02:05:50,594 [pool-338-thread-1] INFO  server.RaftServerConfigKeys (ConfUtils.java:logGet(43)) - raft.server.log.statemachine.data.sync.timeout.retry = -1 (default)
2019-10-03 02:05:50,594 [pool-338-thread-1] INFO  server.RaftServerConfigKeys (ConfUtils.java:logGet(43)) - raft.server.log.statemachine.data.caching.enabled = true (custom)
2019-10-03 02:05:50,595 [pool-338-thread-1] INFO  segmented.SegmentedRaftLogWorker (SegmentedRaftLogWorker.java:lambda$new$0(128)) - 3165c5d3-e71f-43be-94a3-465948913e79@group-193BF8731F3E-SegmentedRaftLogWorker: flushIndex: setUnconditionally 0 -> -1
2019-10-03 02:05:50,595 [pool-338-thread-1] INFO  server.RaftServerConfigKeys (ConfUtils.java:logGet(43)) - raft.server.snapshot.auto.trigger.enabled = true (custom)
2019-10-03 02:05:50,595 [pool-338-thread-1] INFO  server.RaftServerConfigKeys (ConfUtils.java:logGet(43)) - raft.server.snapshot.auto.trigger.threshold = 10000 (custom)
2019-10-03 02:05:50,595 [pool-338-thread-1] INFO  server.RaftServerConfigKeys (ConfUtils.java:logGet(43)) - raft.server.snapshot.retention.file.num = 5 (custom)
2019-10-03 02:05:50,596 [pool-338-thread-1] INFO  server.RaftServerConfigKeys (ConfUtils.java:logGet(43)) - raft.server.retrycache.expirytime = 600000ms (custom)
2019-10-03 02:05:50,597 [pool-338-thread-1] INFO  impl.RaftServerImpl (RaftServerImpl.java:start(181)) - 3165c5d3-e71f-43be-94a3-465948913e79@group-193BF8731F3E: start as a follower, conf=-1: [3165c5d3-e71f-43be-94a3-465948913e79:192.168.164.205:43627], old=null
2019-10-03 02:05:50,597 [pool-338-thread-1] INFO  impl.RaftServerImpl (RaftServerImpl.java:setRole(170)) - 3165c5d3-e71f-43be-94a3-465948913e79@group-193BF8731F3E: changes role from      null to FOLLOWER at term 0 for startAsFollower
2019-10-03 02:05:50,598 [pool-338-thread-1] INFO  impl.RoleInfo (RoleInfo.java:updateAndGet(143)) - 3165c5d3-e71f-43be-94a3-465948913e79: start FollowerState
2019-10-03 02:05:50,598 [pool-338-thread-1] INFO  util.JmxRegister (JmxRegister.java:tryRegister(44)) - Successfully registered JMX Bean with object name Ratis:service=RaftServer,group=group-193BF8731F3E,id=3165c5d3-e71f-43be-94a3-465948913e79
2019-10-03 02:05:50,600 [IPC Server handler 3 on 41522] INFO  net.NetworkTopology (NetworkTopologyImpl.java:add(111)) - Added a new node: /default-rack/a08dd2dd-bfef-41f1-afb0-37294a1d04b3
2019-10-03 02:05:50,600 [main] INFO  ozone.MiniOzoneClusterImpl (MiniOzoneClusterImpl.java:lambda$waitForClusterToBeReady$0(147)) - Cluster is ready. Got 3 of 3 DN Heartbeats.
2019-10-03 02:05:50,600 [IPC Server handler 3 on 41522] INFO  node.SCMNodeManager (SCMNodeManager.java:register(266)) - Registered Data node : a08dd2dd-bfef-41f1-afb0-37294a1d04b3{ip: 192.168.164.205, host: pr-hdds-1737-89jld-2007629010, networkLocation: /default-rack, certSerialId: null}
2019-10-03 02:05:50,605 [RatisPipelineUtilsThread] INFO  pipeline.PipelineStateManager (PipelineStateManager.java:addPipeline(56)) - Created pipeline Pipeline[ Id: 3fd7dd3a-2d82-43a2-8d6d-193bf8731f3e, Nodes: 3165c5d3-e71f-43be-94a3-465948913e79{ip: 192.168.164.205, host: pr-hdds-1737-89jld-2007629010, networkLocation: /default-rack, certSerialId: null}, Type:RATIS, Factor:ONE, State:OPEN]
2019-10-03 02:05:50,620 [grpc-default-executor-0] INFO  impl.RaftServerProxy (RaftServerProxy.java:addNew(89)) - a08dd2dd-bfef-41f1-afb0-37294a1d04b3: addNew group-8153674CC903:[a08dd2dd-bfef-41f1-afb0-37294a1d04b3:192.168.164.205:41166] returns group-8153674CC903:java.util.concurrent.CompletableFuture@4df65088[Not completed]
2019-10-03 02:05:50,622 [pool-348-thread-1] INFO  impl.RaftServerImpl (RaftServerImpl.java:<init>(95)) - a08dd2dd-bfef-41f1-afb0-37294a1d04b3: new RaftServerImpl for group-8153674CC903:[a08dd2dd-bfef-41f1-afb0-37294a1d04b3:192.168.164.205:41166] with ContainerStateMachine:uninitialized
2019-10-03 02:05:50,622 [pool-348-thread-1] INFO  server.RaftServerConfigKeys (ConfUtils.java:logGet(43)) - raft.server.rpc.timeout.min = 5s (custom)
2019-10-03 02:05:50,622 [pool-348-thread-1] INFO  server.RaftServerConfigKeys (ConfUtils.java:logGet(43)) - raft.server.rpc.timeout.max = 5200ms (custom)
2019-10-03 02:05:50,623 [pool-348-thread-1] INFO  server.RaftServerConfigKeys (ConfUtils.java:logGet(43)) - raft.server.rpcslowness.timeout = 120s (custom)
2019-10-03 02:05:50,623 [pool-348-thread-1] INFO  server.RaftServerConfigKeys (ConfUtils.java:logGet(43)) - raft.server.sleep.deviation.threshold = 300 (default)
2019-10-03 02:05:50,623 [pool-348-thread-1] INFO  server.RaftServerConfigKeys (ConfUtils.java:logGet(43)) - raft.server.log.appender.install.snapshot.enabled = false (custom)
2019-10-03 02:05:50,623 [pool-348-thread-1] INFO  impl.RaftServerImpl (ServerState.java:<init>(103)) - a08dd2dd-bfef-41f1-afb0-37294a1d04b3@group-8153674CC903: ConfigurationManager, init=-1: [a08dd2dd-bfef-41f1-afb0-37294a1d04b3:192.168.164.205:41166], old=null, confs=<EMPTY_MAP>
2019-10-03 02:05:50,625 [pool-348-thread-1] INFO  server.RaftServerConfigKeys (ConfUtils.java:logGet(43)) - raft.server.storage.dir = [/workdir/hadoop-ozone/ozonefs/target/test-dir/MiniOzoneClusterImpl-e225ac0b-3e0d-428b-8920-e88bce46dc57/datanode-2/data/ratis] (custom)
2019-10-03 02:05:50,625 [pool-348-thread-1] INFO  server.RaftServerConfigKeys (ConfUtils.java:logGet(43)) - raft.server.log.corruption.policy = EXCEPTION (default)
2019-10-03 02:05:50,641 [pool-348-thread-1] INFO  storage.RaftStorageDirectory (RaftStorageDirectory.java:analyzeStorage(246)) - The storage directory /workdir/hadoop-ozone/ozonefs/target/test-dir/MiniOzoneClusterImpl-e225ac0b-3e0d-428b-8920-e88bce46dc57/datanode-2/data/ratis/0bee85ff-e81f-45f1-9de8-8153674cc903 does not exist. Creating ...
2019-10-03 02:05:50,652 [pool-348-thread-1] INFO  storage.RaftStorageDirectory (RaftStorageDirectory.java:tryLock(328)) - Lock on /workdir/hadoop-ozone/ozonefs/target/test-dir/MiniOzoneClusterImpl-e225ac0b-3e0d-428b-8920-e88bce46dc57/datanode-2/data/ratis/0bee85ff-e81f-45f1-9de8-8153674cc903/in_use.lock acquired by nodename 19677@pr-hdds-1737-89jld-2007629010
2019-10-03 02:05:50,661 [main] INFO  rpc.RpcClient (RpcClient.java:createVolume(276)) - Creating Volume: hskuayfgqf, with user89573 as owner.
2019-10-03 02:05:50,666 [IPC Server handler 1 on 42996] INFO  volume.OMVolumeCreateRequest (OMVolumeCreateRequest.java:validateAndUpdateCache(194)) - created volume:hskuayfgqf for user:user89573
2019-10-03 02:05:50,670 [pool-348-thread-1] INFO  storage.RaftStorage (RaftStorage.java:format(84)) - Storage directory /workdir/hadoop-ozone/ozonefs/target/test-dir/MiniOzoneClusterImpl-e225ac0b-3e0d-428b-8920-e88bce46dc57/datanode-2/data/ratis/0bee85ff-e81f-45f1-9de8-8153674cc903 has been successfully formatted.
2019-10-03 02:05:50,671 [pool-348-thread-1] INFO  ratis.ContainerStateMachine (ContainerStateMachine.java:loadSnapshot(230)) - group-8153674CC903: The snapshot info is null. Setting the last applied indexto:(t:0, i:~)
2019-10-03 02:05:50,671 [pool-348-thread-1] INFO  server.RaftServerConfigKeys (ConfUtils.java:logGet(43)) - raft.server.notification.no-leader.timeout = 120s (custom)
2019-10-03 02:05:50,671 [pool-348-thread-1] INFO  server.RaftServerConfigKeys (ConfUtils.java:logGet(43)) - raft.server.log.use.memory = false (default)
2019-10-03 02:05:50,671 [pool-348-thread-1] INFO  server.RaftServerConfigKeys (ConfUtils.java:logGet(43)) - raft.server.log.purge.gap = 1000000 (custom)
2019-10-03 02:05:50,671 [pool-348-thread-1] INFO  server.RaftServerConfigKeys (ConfUtils.java:logGet(43)) - raft.server.log.appender.buffer.byte-limit = 33554432 (custom)
2019-10-03 02:05:50,672 [pool-348-thread-1] INFO  server.RaftServerConfigKeys (ConfUtils.java:logGet(43)) - raft.server.log.segment.size.max = 1048576 (custom)
2019-10-03 02:05:50,682 [main] INFO  rpc.RpcClient (RpcClient.java:createBucket(415)) - Creating Bucket: hskuayfgqf/qgdwrzjraz, with Versioning false and Storage Type set to DISK and Encryption set to false 
2019-10-03 02:05:50,683 [pool-348-thread-1] INFO  server.RaftServerConfigKeys (ConfUtils.java:logGet(43)) - raft.server.log.segment.cache.num.max = 2 (custom)
2019-10-03 02:05:50,684 [pool-348-thread-1] INFO  segmented.SegmentedRaftLogWorker (SegmentedRaftLogWorker.java:<init>(173)) - new a08dd2dd-bfef-41f1-afb0-37294a1d04b3@group-8153674CC903-SegmentedRaftLogWorker for RaftStorage:Storage Directory /workdir/hadoop-ozone/ozonefs/target/test-dir/MiniOzoneClusterImpl-e225ac0b-3e0d-428b-8920-e88bce46dc57/datanode-2/data/ratis/0bee85ff-e81f-45f1-9de8-8153674cc903
2019-10-03 02:05:50,684 [pool-348-thread-1] INFO  server.RaftServerConfigKeys (ConfUtils.java:logGet(43)) - raft.server.log.queue.byte-limit = 2147483647 (custom)
2019-10-03 02:05:50,684 [pool-348-thread-1] INFO  server.RaftServerConfigKeys (ConfUtils.java:logGet(43)) - raft.server.log.queue.element-limit = 1024 (custom)
2019-10-03 02:05:50,684 [pool-348-thread-1] INFO  server.RaftServerConfigKeys (ConfUtils.java:logGet(43)) - raft.server.log.segment.size.max = 1048576 (custom)
2019-10-03 02:05:50,684 [pool-348-thread-1] INFO  server.RaftServerConfigKeys (ConfUtils.java:logGet(43)) - raft.server.log.preallocated.size = 16384 (custom)
2019-10-03 02:05:50,684 [pool-348-thread-1] INFO  server.RaftServerConfigKeys (ConfUtils.java:logGet(43)) - raft.server.log.write.buffer.size = 33554432 (custom)
2019-10-03 02:05:50,685 [pool-348-thread-1] INFO  server.RaftServerConfigKeys (ConfUtils.java:logGet(43)) - raft.server.log.force.sync.num = 128 (default)
2019-10-03 02:05:50,688 [pool-348-thread-1] INFO  server.RaftServerConfigKeys (ConfUtils.java:logGet(43)) - raft.server.log.statemachine.data.sync = true (default)
2019-10-03 02:05:50,690 [pool-348-thread-1] INFO  server.RaftServerConfigKeys (ConfUtils.java:logGet(43)) - raft.server.log.statemachine.data.sync.timeout = 10s (default)
2019-10-03 02:05:50,690 [pool-348-thread-1] INFO  server.RaftServerConfigKeys (ConfUtils.java:logGet(43)) - raft.server.log.statemachine.data.sync.timeout.retry = -1 (default)
2019-10-03 02:05:50,691 [pool-348-thread-1] INFO  server.RaftServerConfigKeys (ConfUtils.java:logGet(43)) - raft.server.log.statemachine.data.caching.enabled = true (custom)
2019-10-03 02:05:50,691 [pool-348-thread-1] INFO  segmented.SegmentedRaftLogWorker (SegmentedRaftLogWorker.java:lambda$new$0(128)) - a08dd2dd-bfef-41f1-afb0-37294a1d04b3@group-8153674CC903-SegmentedRaftLogWorker: flushIndex: setUnconditionally 0 -> -1
2019-10-03 02:05:50,692 [pool-348-thread-1] INFO  server.RaftServerConfigKeys (ConfUtils.java:logGet(43)) - raft.server.snapshot.auto.trigger.enabled = true (custom)
2019-10-03 02:05:50,692 [pool-348-thread-1] INFO  server.RaftServerConfigKeys (ConfUtils.java:logGet(43)) - raft.server.snapshot.auto.trigger.threshold = 10000 (custom)
2019-10-03 02:05:50,692 [pool-348-thread-1] INFO  server.RaftServerConfigKeys (ConfUtils.java:logGet(43)) - raft.server.snapshot.retention.file.num = 5 (custom)
2019-10-03 02:05:50,692 [pool-348-thread-1] INFO  server.RaftServerConfigKeys (ConfUtils.java:logGet(43)) - raft.server.retrycache.expirytime = 600000ms (custom)
2019-10-03 02:05:50,694 [pool-348-thread-1] INFO  impl.RaftServerImpl (RaftServerImpl.java:start(181)) - a08dd2dd-bfef-41f1-afb0-37294a1d04b3@group-8153674CC903: start as a follower, conf=-1: [a08dd2dd-bfef-41f1-afb0-37294a1d04b3:192.168.164.205:41166], old=null
2019-10-03 02:05:50,694 [pool-348-thread-1] INFO  impl.RaftServerImpl (RaftServerImpl.java:setRole(170)) - a08dd2dd-bfef-41f1-afb0-37294a1d04b3@group-8153674CC903: changes role from      null to FOLLOWER at term 0 for startAsFollower
2019-10-03 02:05:50,695 [pool-348-thread-1] INFO  impl.RoleInfo (RoleInfo.java:updateAndGet(143)) - a08dd2dd-bfef-41f1-afb0-37294a1d04b3: start FollowerState
2019-10-03 02:05:50,695 [pool-348-thread-1] INFO  util.JmxRegister (JmxRegister.java:tryRegister(44)) - Successfully registered JMX Bean with object name Ratis:service=RaftServer,group=group-8153674CC903,id=a08dd2dd-bfef-41f1-afb0-37294a1d04b3
2019-10-03 02:05:50,703 [RatisPipelineUtilsThread] INFO  pipeline.PipelineStateManager (PipelineStateManager.java:addPipeline(56)) - Created pipeline Pipeline[ Id: 0bee85ff-e81f-45f1-9de8-8153674cc903, Nodes: a08dd2dd-bfef-41f1-afb0-37294a1d04b3{ip: 192.168.164.205, host: pr-hdds-1737-89jld-2007629010, networkLocation: /default-rack, certSerialId: null}, Type:RATIS, Factor:ONE, State:OPEN]
2019-10-03 02:05:50,724 [grpc-default-executor-2] INFO  impl.RaftServerProxy (RaftServerProxy.java:addNew(89)) - a08dd2dd-bfef-41f1-afb0-37294a1d04b3: addNew group-3DC5C9CF36DB:[a08dd2dd-bfef-41f1-afb0-37294a1d04b3:192.168.164.205:41166, 8973e3a3-7515-4698-8710-d6458ead175a:192.168.164.205:41820, 3165c5d3-e71f-43be-94a3-465948913e79:192.168.164.205:43627] returns group-3DC5C9CF36DB:java.util.concurrent.CompletableFuture@6390d7d6[Not completed]
2019-10-03 02:05:50,725 [grpc-default-executor-1] INFO  impl.RaftServerProxy (RaftServerProxy.java:addNew(89)) - 8973e3a3-7515-4698-8710-d6458ead175a: addNew group-3DC5C9CF36DB:[a08dd2dd-bfef-41f1-afb0-37294a1d04b3:192.168.164.205:41166, 8973e3a3-7515-4698-8710-d6458ead175a:192.168.164.205:41820, 3165c5d3-e71f-43be-94a3-465948913e79:192.168.164.205:43627] returns group-3DC5C9CF36DB:java.util.concurrent.CompletableFuture@2905f282[Not completed]
2019-10-03 02:05:50,728 [grpc-default-executor-2] INFO  impl.RaftServerProxy (RaftServerProxy.java:addNew(89)) - 3165c5d3-e71f-43be-94a3-465948913e79: addNew group-3DC5C9CF36DB:[a08dd2dd-bfef-41f1-afb0-37294a1d04b3:192.168.164.205:41166, 8973e3a3-7515-4698-8710-d6458ead175a:192.168.164.205:41820, 3165c5d3-e71f-43be-94a3-465948913e79:192.168.164.205:43627] returns group-3DC5C9CF36DB:java.util.concurrent.CompletableFuture@67af5f7c[Not completed]
2019-10-03 02:05:50,728 [pool-348-thread-1] INFO  impl.RaftServerImpl (RaftServerImpl.java:<init>(95)) - a08dd2dd-bfef-41f1-afb0-37294a1d04b3: new RaftServerImpl for group-3DC5C9CF36DB:[a08dd2dd-bfef-41f1-afb0-37294a1d04b3:192.168.164.205:41166, 8973e3a3-7515-4698-8710-d6458ead175a:192.168.164.205:41820, 3165c5d3-e71f-43be-94a3-465948913e79:192.168.164.205:43627] with ContainerStateMachine:uninitialized
2019-10-03 02:05:50,728 [pool-348-thread-1] INFO  server.RaftServerConfigKeys (ConfUtils.java:logGet(43)) - raft.server.rpc.timeout.min = 5s (custom)
2019-10-03 02:05:50,728 [pool-328-thread-1] INFO  impl.RaftServerImpl (RaftServerImpl.java:<init>(95)) - 8973e3a3-7515-4698-8710-d6458ead175a: new RaftServerImpl for group-3DC5C9CF36DB:[a08dd2dd-bfef-41f1-afb0-37294a1d04b3:192.168.164.205:41166, 8973e3a3-7515-4698-8710-d6458ead175a:192.168.164.205:41820, 3165c5d3-e71f-43be-94a3-465948913e79:192.168.164.205:43627] with ContainerStateMachine:uninitialized
2019-10-03 02:05:50,728 [pool-348-thread-1] INFO  server.RaftServerConfigKeys (ConfUtils.java:logGet(43)) - raft.server.rpc.timeout.max = 5200ms (custom)
2019-10-03 02:05:50,728 [pool-328-thread-1] INFO  server.RaftServerConfigKeys (ConfUtils.java:logGet(43)) - raft.server.rpc.timeout.min = 5s (custom)
2019-10-03 02:05:50,728 [pool-348-thread-1] INFO  server.RaftServerConfigKeys (ConfUtils.java:logGet(43)) - raft.server.rpcslowness.timeout = 120s (custom)
2019-10-03 02:05:50,729 [pool-328-thread-1] INFO  server.RaftServerConfigKeys (ConfUtils.java:logGet(43)) - raft.server.rpc.timeout.max = 5200ms (custom)
2019-10-03 02:05:50,729 [pool-348-thread-1] INFO  server.RaftServerConfigKeys (ConfUtils.java:logGet(43)) - raft.server.sleep.deviation.threshold = 300 (default)
2019-10-03 02:05:50,729 [pool-338-thread-1] INFO  impl.RaftServerImpl (RaftServerImpl.java:<init>(95)) - 3165c5d3-e71f-43be-94a3-465948913e79: new RaftServerImpl for group-3DC5C9CF36DB:[a08dd2dd-bfef-41f1-afb0-37294a1d04b3:192.168.164.205:41166, 8973e3a3-7515-4698-8710-d6458ead175a:192.168.164.205:41820, 3165c5d3-e71f-43be-94a3-465948913e79:192.168.164.205:43627] with ContainerStateMachine:uninitialized
2019-10-03 02:05:50,729 [pool-328-thread-1] INFO  server.RaftServerConfigKeys (ConfUtils.java:logGet(43)) - raft.server.rpcslowness.timeout = 120s (custom)
2019-10-03 02:05:50,729 [pool-338-thread-1] INFO  server.RaftServerConfigKeys (ConfUtils.java:logGet(43)) - raft.server.rpc.timeout.min = 5s (custom)
2019-10-03 02:05:50,729 [pool-348-thread-1] INFO  server.RaftServerConfigKeys (ConfUtils.java:logGet(43)) - raft.server.log.appender.install.snapshot.enabled = false (custom)
2019-10-03 02:05:50,729 [pool-338-thread-1] INFO  server.RaftServerConfigKeys (ConfUtils.java:logGet(43)) - raft.server.rpc.timeout.max = 5200ms (custom)
2019-10-03 02:05:50,729 [pool-328-thread-1] INFO  server.RaftServerConfigKeys (ConfUtils.java:logGet(43)) - raft.server.sleep.deviation.threshold = 300 (default)
2019-10-03 02:05:50,730 [pool-338-thread-1] INFO  server.RaftServerConfigKeys (ConfUtils.java:logGet(43)) - raft.server.rpcslowness.timeout = 120s (custom)
2019-10-03 02:05:50,730 [pool-338-thread-1] INFO  server.RaftServerConfigKeys (ConfUtils.java:logGet(43)) - raft.server.sleep.deviation.threshold = 300 (default)
2019-10-03 02:05:50,730 [pool-348-thread-1] INFO  impl.RaftServerImpl (ServerState.java:<init>(103)) - a08dd2dd-bfef-41f1-afb0-37294a1d04b3@group-3DC5C9CF36DB: ConfigurationManager, init=-1: [a08dd2dd-bfef-41f1-afb0-37294a1d04b3:192.168.164.205:41166, 8973e3a3-7515-4698-8710-d6458ead175a:192.168.164.205:41820, 3165c5d3-e71f-43be-94a3-465948913e79:192.168.164.205:43627], old=null, confs=<EMPTY_MAP>
2019-10-03 02:05:50,730 [pool-338-thread-1] INFO  server.RaftServerConfigKeys (ConfUtils.java:logGet(43)) - raft.server.log.appender.install.snapshot.enabled = false (custom)
2019-10-03 02:05:50,730 [pool-348-thread-1] INFO  server.RaftServerConfigKeys (ConfUtils.java:logGet(43)) - raft.server.storage.dir = [/workdir/hadoop-ozone/ozonefs/target/test-dir/MiniOzoneClusterImpl-e225ac0b-3e0d-428b-8920-e88bce46dc57/datanode-2/data/ratis] (custom)
2019-10-03 02:05:50,730 [pool-328-thread-1] INFO  server.RaftServerConfigKeys (ConfUtils.java:logGet(43)) - raft.server.log.appender.install.snapshot.enabled = false (custom)
2019-10-03 02:05:50,730 [pool-338-thread-1] INFO  impl.RaftServerImpl (ServerState.java:<init>(103)) - 3165c5d3-e71f-43be-94a3-465948913e79@group-3DC5C9CF36DB: ConfigurationManager, init=-1: [a08dd2dd-bfef-41f1-afb0-37294a1d04b3:192.168.164.205:41166, 8973e3a3-7515-4698-8710-d6458ead175a:192.168.164.205:41820, 3165c5d3-e71f-43be-94a3-465948913e79:192.168.164.205:43627], old=null, confs=<EMPTY_MAP>
2019-10-03 02:05:50,731 [pool-348-thread-1] INFO  server.RaftServerConfigKeys (ConfUtils.java:logGet(43)) - raft.server.log.corruption.policy = EXCEPTION (default)
2019-10-03 02:05:50,731 [pool-328-thread-1] INFO  impl.RaftServerImpl (ServerState.java:<init>(103)) - 8973e3a3-7515-4698-8710-d6458ead175a@group-3DC5C9CF36DB: ConfigurationManager, init=-1: [a08dd2dd-bfef-41f1-afb0-37294a1d04b3:192.168.164.205:41166, 8973e3a3-7515-4698-8710-d6458ead175a:192.168.164.205:41820, 3165c5d3-e71f-43be-94a3-465948913e79:192.168.164.205:43627], old=null, confs=<EMPTY_MAP>
2019-10-03 02:05:50,731 [pool-338-thread-1] INFO  server.RaftServerConfigKeys (ConfUtils.java:logGet(43)) - raft.server.storage.dir = [/workdir/hadoop-ozone/ozonefs/target/test-dir/MiniOzoneClusterImpl-e225ac0b-3e0d-428b-8920-e88bce46dc57/datanode-1/data/ratis] (custom)
2019-10-03 02:05:50,731 [pool-328-thread-1] INFO  server.RaftServerConfigKeys (ConfUtils.java:logGet(43)) - raft.server.storage.dir = [/workdir/hadoop-ozone/ozonefs/target/test-dir/MiniOzoneClusterImpl-e225ac0b-3e0d-428b-8920-e88bce46dc57/datanode-0/data/ratis] (custom)
2019-10-03 02:05:50,731 [pool-348-thread-1] INFO  storage.RaftStorageDirectory (RaftStorageDirectory.java:analyzeStorage(246)) - The storage directory /workdir/hadoop-ozone/ozonefs/target/test-dir/MiniOzoneClusterImpl-e225ac0b-3e0d-428b-8920-e88bce46dc57/datanode-2/data/ratis/ff34072b-6def-47f8-884b-3dc5c9cf36db does not exist. Creating ...
2019-10-03 02:05:50,731 [pool-328-thread-1] INFO  server.RaftServerConfigKeys (ConfUtils.java:logGet(43)) - raft.server.log.corruption.policy = EXCEPTION (default)
2019-10-03 02:05:50,731 [pool-338-thread-1] INFO  server.RaftServerConfigKeys (ConfUtils.java:logGet(43)) - raft.server.log.corruption.policy = EXCEPTION (default)
2019-10-03 02:05:50,732 [pool-328-thread-1] INFO  storage.RaftStorageDirectory (RaftStorageDirectory.java:analyzeStorage(246)) - The storage directory /workdir/hadoop-ozone/ozonefs/target/test-dir/MiniOzoneClusterImpl-e225ac0b-3e0d-428b-8920-e88bce46dc57/datanode-0/data/ratis/ff34072b-6def-47f8-884b-3dc5c9cf36db does not exist. Creating ...
2019-10-03 02:05:50,732 [pool-338-thread-1] INFO  storage.RaftStorageDirectory (RaftStorageDirectory.java:analyzeStorage(246)) - The storage directory /workdir/hadoop-ozone/ozonefs/target/test-dir/MiniOzoneClusterImpl-e225ac0b-3e0d-428b-8920-e88bce46dc57/datanode-1/data/ratis/ff34072b-6def-47f8-884b-3dc5c9cf36db does not exist. Creating ...
2019-10-03 02:05:50,742 [pool-338-thread-1] INFO  storage.RaftStorageDirectory (RaftStorageDirectory.java:tryLock(328)) - Lock on /workdir/hadoop-ozone/ozonefs/target/test-dir/MiniOzoneClusterImpl-e225ac0b-3e0d-428b-8920-e88bce46dc57/datanode-1/data/ratis/ff34072b-6def-47f8-884b-3dc5c9cf36db/in_use.lock acquired by nodename 19677@pr-hdds-1737-89jld-2007629010
2019-10-03 02:05:50,742 [pool-328-thread-1] INFO  storage.RaftStorageDirectory (RaftStorageDirectory.java:tryLock(328)) - Lock on /workdir/hadoop-ozone/ozonefs/target/test-dir/MiniOzoneClusterImpl-e225ac0b-3e0d-428b-8920-e88bce46dc57/datanode-0/data/ratis/ff34072b-6def-47f8-884b-3dc5c9cf36db/in_use.lock acquired by nodename 19677@pr-hdds-1737-89jld-2007629010
2019-10-03 02:05:50,742 [pool-348-thread-1] INFO  storage.RaftStorageDirectory (RaftStorageDirectory.java:tryLock(328)) - Lock on /workdir/hadoop-ozone/ozonefs/target/test-dir/MiniOzoneClusterImpl-e225ac0b-3e0d-428b-8920-e88bce46dc57/datanode-2/data/ratis/ff34072b-6def-47f8-884b-3dc5c9cf36db/in_use.lock acquired by nodename 19677@pr-hdds-1737-89jld-2007629010
2019-10-03 02:05:50,751 [pool-328-thread-1] INFO  storage.RaftStorage (RaftStorage.java:format(84)) - Storage directory /workdir/hadoop-ozone/ozonefs/target/test-dir/MiniOzoneClusterImpl-e225ac0b-3e0d-428b-8920-e88bce46dc57/datanode-0/data/ratis/ff34072b-6def-47f8-884b-3dc5c9cf36db has been successfully formatted.
2019-10-03 02:05:50,751 [pool-348-thread-1] INFO  storage.RaftStorage (RaftStorage.java:format(84)) - Storage directory /workdir/hadoop-ozone/ozonefs/target/test-dir/MiniOzoneClusterImpl-e225ac0b-3e0d-428b-8920-e88bce46dc57/datanode-2/data/ratis/ff34072b-6def-47f8-884b-3dc5c9cf36db has been successfully formatted.
2019-10-03 02:05:50,751 [pool-338-thread-1] INFO  storage.RaftStorage (RaftStorage.java:format(84)) - Storage directory /workdir/hadoop-ozone/ozonefs/target/test-dir/MiniOzoneClusterImpl-e225ac0b-3e0d-428b-8920-e88bce46dc57/datanode-1/data/ratis/ff34072b-6def-47f8-884b-3dc5c9cf36db has been successfully formatted.
2019-10-03 02:05:50,752 [pool-348-thread-1] INFO  ratis.ContainerStateMachine (ContainerStateMachine.java:loadSnapshot(230)) - group-3DC5C9CF36DB: The snapshot info is null. Setting the last applied indexto:(t:0, i:~)
2019-10-03 02:05:50,752 [pool-338-thread-1] INFO  ratis.ContainerStateMachine (ContainerStateMachine.java:loadSnapshot(230)) - group-3DC5C9CF36DB: The snapshot info is null. Setting the last applied indexto:(t:0, i:~)
2019-10-03 02:05:50,752 [pool-328-thread-1] INFO  ratis.ContainerStateMachine (ContainerStateMachine.java:loadSnapshot(230)) - group-3DC5C9CF36DB: The snapshot info is null. Setting the last applied indexto:(t:0, i:~)
2019-10-03 02:05:50,753 [pool-338-thread-1] INFO  server.RaftServerConfigKeys (ConfUtils.java:logGet(43)) - raft.server.notification.no-leader.timeout = 120s (custom)
2019-10-03 02:05:50,752 [pool-348-thread-1] INFO  server.RaftServerConfigKeys (ConfUtils.java:logGet(43)) - raft.server.notification.no-leader.timeout = 120s (custom)
2019-10-03 02:05:50,753 [pool-338-thread-1] INFO  server.RaftServerConfigKeys (ConfUtils.java:logGet(43)) - raft.server.log.use.memory = false (default)
2019-10-03 02:05:50,753 [pool-328-thread-1] INFO  server.RaftServerConfigKeys (ConfUtils.java:logGet(43)) - raft.server.notification.no-leader.timeout = 120s (custom)
2019-10-03 02:05:50,753 [pool-338-thread-1] INFO  server.RaftServerConfigKeys (ConfUtils.java:logGet(43)) - raft.server.log.purge.gap = 1000000 (custom)
2019-10-03 02:05:50,753 [pool-348-thread-1] INFO  server.RaftServerConfigKeys (ConfUtils.java:logGet(43)) - raft.server.log.use.memory = false (default)
2019-10-03 02:05:50,754 [pool-338-thread-1] INFO  server.RaftServerConfigKeys (ConfUtils.java:logGet(43)) - raft.server.log.appender.buffer.byte-limit = 33554432 (custom)
2019-10-03 02:05:50,754 [pool-328-thread-1] INFO  server.RaftServerConfigKeys (ConfUtils.java:logGet(43)) - raft.server.log.use.memory = false (default)
2019-10-03 02:05:50,754 [pool-338-thread-1] INFO  server.RaftServerConfigKeys (ConfUtils.java:logGet(43)) - raft.server.log.segment.size.max = 1048576 (custom)
02:05:50.753 [IPC Server handler 8 on 42996] ERROR OMAudit - user=jenkins1000 | ip=127.0.0.1 | op=CREATE_DIRECTORY {volume=hskuayfgqf, bucket=qgdwrzjraz, key=IIqHN, dataSize=0, replicationType=RATIS, replicationFactor=ONE, keyLocationInfo=[]} | ret=FAILURE
org.apache.hadoop.ozone.om.exceptions.OMException: Volume not found hskuayfgqf
	at org.apache.hadoop.ozone.om.request.file.OMDirectoryCreateRequest.validateAndUpdateCache(OMDirectoryCreateRequest.java:146) ~[hadoop-ozone-ozone-manager-0.5.0-SNAPSHOT.jar:?]
	at org.apache.hadoop.ozone.protocolPB.OzoneManagerProtocolServerSideTranslatorPB.submitRequestDirectlyToOM(OzoneManagerProtocolServerSideTranslatorPB.java:219) ~[hadoop-ozone-ozone-manager-0.5.0-SNAPSHOT.jar:?]
	at org.apache.hadoop.ozone.protocolPB.OzoneManagerProtocolServerSideTranslatorPB.processRequest(OzoneManagerProtocolServerSideTranslatorPB.java:134) ~[hadoop-ozone-ozone-manager-0.5.0-SNAPSHOT.jar:?]
	at org.apache.hadoop.hdds.server.OzoneProtocolMessageDispatcher.processRequest(OzoneProtocolMessageDispatcher.java:72) [hadoop-hdds-server-framework-0.5.0-SNAPSHOT.jar:?]
	at org.apache.hadoop.ozone.protocolPB.OzoneManagerProtocolServerSideTranslatorPB.submitRequest(OzoneManagerProtocolServerSideTranslatorPB.java:100) [hadoop-ozone-ozone-manager-0.5.0-SNAPSHOT.jar:?]
	at org.apache.hadoop.ozone.protocol.proto.OzoneManagerProtocolProtos$OzoneManagerService$2.callBlockingMethod(OzoneManagerProtocolProtos.java) [hadoop-ozone-common-0.5.0-SNAPSHOT.jar:?]
	at org.apache.hadoop.ipc.ProtobufRpcEngine$Server$ProtoBufRpcInvoker.call(ProtobufRpcEngine.java:524) [hadoop-common-3.2.0.jar:?]
	at org.apache.hadoop.ipc.RPC$Server.call(RPC.java:1025) [hadoop-common-3.2.0.jar:?]
	at org.apache.hadoop.ipc.Server$RpcCall.run(Server.java:876) [hadoop-common-3.2.0.jar:?]
	at org.apache.hadoop.ipc.Server$RpcCall.run(Server.java:822) [hadoop-common-3.2.0.jar:?]
	at java.security.AccessController.doPrivileged(Native Method) [?:1.8.0_212]
	at javax.security.auth.Subject.doAs(Subject.java:422) [?:1.8.0_212]
	at org.apache.hadoop.security.UserGroupInformation.doAs(UserGroupInformation.java:1730) [hadoop-common-3.2.0.jar:?]
	at org.apache.hadoop.ipc.Server$Handler.run(Server.java:2682) [hadoop-common-3.2.0.jar:?]
2019-10-03 02:05:50,754 [pool-348-thread-1] INFO  server.RaftServerConfigKeys (ConfUtils.java:logGet(43)) - raft.server.log.purge.gap = 1000000 (custom)
2019-10-03 02:05:50,755 [IPC Server handler 8 on 42996] ERROR file.OMDirectoryCreateRequest (OMDirectoryCreateRequest.java:validateAndUpdateCache(212)) - CreateDirectory failed for Key: IIqHN in volume/bucket:hskuayfgqf/qgdwrzjraz
VOLUME_NOT_FOUND org.apache.hadoop.ozone.om.exceptions.OMException: Volume not found hskuayfgqf
	at org.apache.hadoop.ozone.om.request.file.OMDirectoryCreateRequest.validateAndUpdateCache(OMDirectoryCreateRequest.java:146)
	at org.apache.hadoop.ozone.protocolPB.OzoneManagerProtocolServerSideTranslatorPB.submitRequestDirectlyToOM(OzoneManagerProtocolServerSideTranslatorPB.java:219)
	at org.apache.hadoop.ozone.protocolPB.OzoneManagerProtocolServerSideTranslatorPB.processRequest(OzoneManagerProtocolServerSideTranslatorPB.java:134)
	at org.apache.hadoop.hdds.server.OzoneProtocolMessageDispatcher.processRequest(OzoneProtocolMessageDispatcher.java:72)
	at org.apache.hadoop.ozone.protocolPB.OzoneManagerProtocolServerSideTranslatorPB.submitRequest(OzoneManagerProtocolServerSideTranslatorPB.java:100)
	at org.apache.hadoop.ozone.protocol.proto.OzoneManagerProtocolProtos$OzoneManagerService$2.callBlockingMethod(OzoneManagerProtocolProtos.java)
	at org.apache.hadoop.ipc.ProtobufRpcEngine$Server$ProtoBufRpcInvoker.call(ProtobufRpcEngine.java:524)
	at org.apache.hadoop.ipc.RPC$Server.call(RPC.java:1025)
	at org.apache.hadoop.ipc.Server$RpcCall.run(Server.java:876)
	at org.apache.hadoop.ipc.Server$RpcCall.run(Server.java:822)
	at java.security.AccessController.doPrivileged(Native Method)
	at javax.security.auth.Subject.doAs(Subject.java:422)
	at org.apache.hadoop.security.UserGroupInformation.doAs(UserGroupInformation.java:1730)
	at org.apache.hadoop.ipc.Server$Handler.run(Server.java:2682)
2019-10-03 02:05:50,755 [pool-338-thread-1] INFO  server.RaftServerConfigKeys (ConfUtils.java:logGet(43)) - raft.server.log.segment.cache.num.max = 2 (custom)
2019-10-03 02:05:50,754 [pool-328-thread-1] INFO  server.RaftServerConfigKeys (ConfUtils.java:logGet(43)) - raft.server.log.purge.gap = 1000000 (custom)
2019-10-03 02:05:50,756 [pool-338-thread-1] INFO  segmented.SegmentedRaftLogWorker (SegmentedRaftLogWorker.java:<init>(173)) - new 3165c5d3-e71f-43be-94a3-465948913e79@group-3DC5C9CF36DB-SegmentedRaftLogWorker for RaftStorage:Storage Directory /workdir/hadoop-ozone/ozonefs/target/test-dir/MiniOzoneClusterImpl-e225ac0b-3e0d-428b-8920-e88bce46dc57/datanode-1/data/ratis/ff34072b-6def-47f8-884b-3dc5c9cf36db
2019-10-03 02:05:50,755 [pool-348-thread-1] INFO  server.RaftServerConfigKeys (ConfUtils.java:logGet(43)) - raft.server.log.appender.buffer.byte-limit = 33554432 (custom)
2019-10-03 02:05:50,756 [main] INFO  ozone.MiniOzoneClusterImpl (MiniOzoneClusterImpl.java:shutdown(314)) - Shutting down the Mini Ozone Cluster
2019-10-03 02:05:50,756 [pool-338-thread-1] INFO  server.RaftServerConfigKeys (ConfUtils.java:logGet(43)) - raft.server.log.queue.byte-limit = 2147483647 (custom)
2019-10-03 02:05:50,756 [pool-328-thread-1] INFO  server.RaftServerConfigKeys (ConfUtils.java:logGet(43)) - raft.server.log.appender.buffer.byte-limit = 33554432 (custom)
2019-10-03 02:05:50,757 [pool-338-thread-1] INFO  server.RaftServerConfigKeys (ConfUtils.java:logGet(43)) - raft.server.log.queue.element-limit = 1024 (custom)
2019-10-03 02:05:50,757 [pool-338-thread-1] INFO  server.RaftServerConfigKeys (ConfUtils.java:logGet(43)) - raft.server.log.segment.size.max = 1048576 (custom)
2019-10-03 02:05:50,757 [main] INFO  ozone.MiniOzoneClusterImpl (MiniOzoneClusterImpl.java:stop(330)) - Stopping the Mini Ozone Cluster
2019-10-03 02:05:50,758 [main] INFO  ozone.MiniOzoneClusterImpl (MiniOzoneClusterImpl.java:stopOM(400)) - Stopping the OzoneManager
2019-10-03 02:05:50,756 [pool-348-thread-1] INFO  server.RaftServerConfigKeys (ConfUtils.java:logGet(43)) - raft.server.log.segment.size.max = 1048576 (custom)
2019-10-03 02:05:50,758 [main] INFO  ipc.Server (Server.java:stop(3082)) - Stopping server on 42996
2019-10-03 02:05:50,757 [pool-338-thread-1] INFO  server.RaftServerConfigKeys (ConfUtils.java:logGet(43)) - raft.server.log.preallocated.size = 16384 (custom)
2019-10-03 02:05:50,757 [pool-328-thread-1] INFO  server.RaftServerConfigKeys (ConfUtils.java:logGet(43)) - raft.server.log.segment.size.max = 1048576 (custom)
2019-10-03 02:05:50,763 [IPC Server Responder] INFO  ipc.Server (Server.java:run(1319)) - Stopping IPC Server Responder
2019-10-03 02:05:50,763 [main] INFO  ratis.OzoneManagerDoubleBuffer (OzoneManagerDoubleBuffer.java:stop(248)) - Stopping OMDoubleBuffer flush thread
2019-10-03 02:05:50,763 [IPC Server listener on 42996] INFO  ipc.Server (Server.java:run(1185)) - Stopping IPC Server listener on 42996
2019-10-03 02:05:50,761 [pool-338-thread-1] INFO  server.RaftServerConfigKeys (ConfUtils.java:logGet(43)) - raft.server.log.write.buffer.size = 33554432 (custom)
2019-10-03 02:05:50,760 [pool-348-thread-1] INFO  server.RaftServerConfigKeys (ConfUtils.java:logGet(43)) - raft.server.log.segment.cache.num.max = 2 (custom)
2019-10-03 02:05:50,764 [pool-338-thread-1] INFO  server.RaftServerConfigKeys (ConfUtils.java:logGet(43)) - raft.server.log.force.sync.num = 128 (default)
2019-10-03 02:05:50,764 [OMDoubleBufferFlushThread] INFO  ratis.OzoneManagerDoubleBuffer (OzoneManagerDoubleBuffer.java:flushTransactions(191)) - OMDoubleBuffer flush thread OMDoubleBufferFlushThread is interrupted and will exit. OMDoubleBufferFlushThread
2019-10-03 02:05:50,763 [pool-328-thread-1] INFO  server.RaftServerConfigKeys (ConfUtils.java:logGet(43)) - raft.server.log.segment.cache.num.max = 2 (custom)
2019-10-03 02:05:50,767 [main] INFO  utils.BackgroundService (BackgroundService.java:shutdown(148)) - Shutting down service KeyDeletingService
2019-10-03 02:05:50,767 [pool-338-thread-1] INFO  server.RaftServerConfigKeys (ConfUtils.java:logGet(43)) - raft.server.log.statemachine.data.sync = true (default)
2019-10-03 02:05:50,766 [pool-348-thread-1] INFO  segmented.SegmentedRaftLogWorker (SegmentedRaftLogWorker.java:<init>(173)) - new a08dd2dd-bfef-41f1-afb0-37294a1d04b3@group-3DC5C9CF36DB-SegmentedRaftLogWorker for RaftStorage:Storage Directory /workdir/hadoop-ozone/ozonefs/target/test-dir/MiniOzoneClusterImpl-e225ac0b-3e0d-428b-8920-e88bce46dc57/datanode-2/data/ratis/ff34072b-6def-47f8-884b-3dc5c9cf36db
2019-10-03 02:05:50,767 [pool-338-thread-1] INFO  server.RaftServerConfigKeys (ConfUtils.java:logGet(43)) - raft.server.log.statemachine.data.sync.timeout = 10s (default)
2019-10-03 02:05:50,767 [pool-328-thread-1] INFO  segmented.SegmentedRaftLogWorker (SegmentedRaftLogWorker.java:<init>(173)) - new 8973e3a3-7515-4698-8710-d6458ead175a@group-3DC5C9CF36DB-SegmentedRaftLogWorker for RaftStorage:Storage Directory /workdir/hadoop-ozone/ozonefs/target/test-dir/MiniOzoneClusterImpl-e225ac0b-3e0d-428b-8920-e88bce46dc57/datanode-0/data/ratis/ff34072b-6def-47f8-884b-3dc5c9cf36db
2019-10-03 02:05:50,768 [pool-338-thread-1] INFO  server.RaftServerConfigKeys (ConfUtils.java:logGet(43)) - raft.server.log.statemachine.data.sync.timeout.retry = -1 (default)
2019-10-03 02:05:50,768 [pool-348-thread-1] INFO  server.RaftServerConfigKeys (ConfUtils.java:logGet(43)) - raft.server.log.queue.byte-limit = 2147483647 (custom)
2019-10-03 02:05:50,768 [pool-338-thread-1] INFO  server.RaftServerConfigKeys (ConfUtils.java:logGet(43)) - raft.server.log.statemachine.data.caching.enabled = true (custom)
2019-10-03 02:05:50,768 [pool-328-thread-1] INFO  server.RaftServerConfigKeys (ConfUtils.java:logGet(43)) - raft.server.log.queue.byte-limit = 2147483647 (custom)
2019-10-03 02:05:50,768 [pool-348-thread-1] INFO  server.RaftServerConfigKeys (ConfUtils.java:logGet(43)) - raft.server.log.queue.element-limit = 1024 (custom)
2019-10-03 02:05:50,769 [main] INFO  handler.ContextHandler (ContextHandler.java:doStop(910)) - Stopped o.e.j.w.WebAppContext@633ddc0c{/,null,UNAVAILABLE}{/ozoneManager}
2019-10-03 02:05:50,769 [pool-328-thread-1] INFO  server.RaftServerConfigKeys (ConfUtils.java:logGet(43)) - raft.server.log.queue.element-limit = 1024 (custom)
2019-10-03 02:05:50,770 [pool-328-thread-1] INFO  server.RaftServerConfigKeys (ConfUtils.java:logGet(43)) - raft.server.log.segment.size.max = 1048576 (custom)
2019-10-03 02:05:50,770 [pool-328-thread-1] INFO  server.RaftServerConfigKeys (ConfUtils.java:logGet(43)) - raft.server.log.preallocated.size = 16384 (custom)
2019-10-03 02:05:50,770 [pool-328-thread-1] INFO  server.RaftServerConfigKeys (ConfUtils.java:logGet(43)) - raft.server.log.write.buffer.size = 33554432 (custom)
2019-10-03 02:05:50,769 [pool-338-thread-1] INFO  segmented.SegmentedRaftLogWorker (SegmentedRaftLogWorker.java:lambda$new$0(128)) - 3165c5d3-e71f-43be-94a3-465948913e79@group-3DC5C9CF36DB-SegmentedRaftLogWorker: flushIndex: setUnconditionally 0 -> -1
2019-10-03 02:05:50,770 [pool-328-thread-1] INFO  server.RaftServerConfigKeys (ConfUtils.java:logGet(43)) - raft.server.log.force.sync.num = 128 (default)
2019-10-03 02:05:50,770 [main] INFO  server.AbstractConnector (AbstractConnector.java:doStop(318)) - Stopped ServerConnector@4bcdd11{HTTP/1.1,[http/1.1]}{0.0.0.0:0}
2019-10-03 02:05:50,769 [pool-348-thread-1] INFO  server.RaftServerConfigKeys (ConfUtils.java:logGet(43)) - raft.server.log.segment.size.max = 1048576 (custom)
2019-10-03 02:05:50,771 [main] INFO  handler.ContextHandler (ContextHandler.java:doStop(910)) - Stopped o.e.j.s.ServletContextHandler@4e974b9e{/static,jar:file:/home/user/.m2/repository/org/apache/hadoop/hadoop-ozone-ozone-manager/0.5.0-SNAPSHOT/hadoop-ozone-ozone-manager-0.5.0-SNAPSHOT.jar!/webapps/static,UNAVAILABLE}
2019-10-03 02:05:50,770 [pool-338-thread-1] INFO  server.RaftServerConfigKeys (ConfUtils.java:logGet(43)) - raft.server.snapshot.auto.trigger.enabled = true (custom)
2019-10-03 02:05:50,770 [pool-328-thread-1] INFO  server.RaftServerConfigKeys (ConfUtils.java:logGet(43)) - raft.server.log.statemachine.data.sync = true (default)
2019-10-03 02:05:50,771 [pool-338-thread-1] INFO  server.RaftServerConfigKeys (ConfUtils.java:logGet(43)) - raft.server.snapshot.auto.trigger.threshold = 10000 (custom)
2019-10-03 02:05:50,771 [main] INFO  handler.ContextHandler (ContextHandler.java:doStop(910)) - Stopped o.e.j.s.ServletContextHandler@7ae590f6{/logs,file:///workdir/hadoop-ozone/ozonefs/target/log,UNAVAILABLE}
2019-10-03 02:05:50,771 [pool-348-thread-1] INFO  server.RaftServerConfigKeys (ConfUtils.java:logGet(43)) - raft.server.log.preallocated.size = 16384 (custom)
2019-10-03 02:05:50,772 [pool-338-thread-1] INFO  server.RaftServerConfigKeys (ConfUtils.java:logGet(43)) - raft.server.snapshot.retention.file.num = 5 (custom)
2019-10-03 02:05:50,772 [pool-328-thread-1] INFO  server.RaftServerConfigKeys (ConfUtils.java:logGet(43)) - raft.server.log.statemachine.data.sync.timeout = 10s (default)
2019-10-03 02:05:50,772 [pool-348-thread-1] INFO  server.RaftServerConfigKeys (ConfUtils.java:logGet(43)) - raft.server.log.write.buffer.size = 33554432 (custom)
2019-10-03 02:05:50,773 [pool-328-thread-1] INFO  server.RaftServerConfigKeys (ConfUtils.java:logGet(43)) - raft.server.log.statemachine.data.sync.timeout.retry = -1 (default)
2019-10-03 02:05:50,773 [pool-348-thread-1] INFO  server.RaftServerConfigKeys (ConfUtils.java:logGet(43)) - raft.server.log.force.sync.num = 128 (default)
2019-10-03 02:05:50,773 [pool-328-thread-1] INFO  server.RaftServerConfigKeys (ConfUtils.java:logGet(43)) - raft.server.log.statemachine.data.caching.enabled = true (custom)
2019-10-03 02:05:50,773 [pool-338-thread-1] INFO  server.RaftServerConfigKeys (ConfUtils.java:logGet(43)) - raft.server.retrycache.expirytime = 600000ms (custom)
2019-10-03 02:05:50,774 [pool-328-thread-1] INFO  segmented.SegmentedRaftLogWorker (SegmentedRaftLogWorker.java:lambda$new$0(128)) - 8973e3a3-7515-4698-8710-d6458ead175a@group-3DC5C9CF36DB-SegmentedRaftLogWorker: flushIndex: setUnconditionally 0 -> -1
2019-10-03 02:05:50,773 [pool-348-thread-1] INFO  server.RaftServerConfigKeys (ConfUtils.java:logGet(43)) - raft.server.log.statemachine.data.sync = true (default)
2019-10-03 02:05:50,774 [pool-328-thread-1] INFO  server.RaftServerConfigKeys (ConfUtils.java:logGet(43)) - raft.server.snapshot.auto.trigger.enabled = true (custom)
2019-10-03 02:05:50,774 [pool-348-thread-1] INFO  server.RaftServerConfigKeys (ConfUtils.java:logGet(43)) - raft.server.log.statemachine.data.sync.timeout = 10s (default)
2019-10-03 02:05:50,774 [pool-328-thread-1] INFO  server.RaftServerConfigKeys (ConfUtils.java:logGet(43)) - raft.server.snapshot.auto.trigger.threshold = 10000 (custom)
2019-10-03 02:05:50,775 [main] INFO  ozone.MiniOzoneClusterImpl (MiniOzoneClusterImpl.java:stopDatanodes(377)) - Stopping the HddsDatanodes
2019-10-03 02:05:50,775 [pool-348-thread-1] INFO  server.RaftServerConfigKeys (ConfUtils.java:logGet(43)) - raft.server.log.statemachine.data.sync.timeout.retry = -1 (default)
2019-10-03 02:05:50,775 [pool-328-thread-1] INFO  server.RaftServerConfigKeys (ConfUtils.java:logGet(43)) - raft.server.snapshot.retention.file.num = 5 (custom)
2019-10-03 02:05:50,775 [pool-348-thread-1] INFO  server.RaftServerConfigKeys (ConfUtils.java:logGet(43)) - raft.server.log.statemachine.data.caching.enabled = true (custom)
2019-10-03 02:05:50,775 [pool-328-thread-1] INFO  server.RaftServerConfigKeys (ConfUtils.java:logGet(43)) - raft.server.retrycache.expirytime = 600000ms (custom)
2019-10-03 02:05:50,776 [pool-348-thread-1] INFO  segmented.SegmentedRaftLogWorker (SegmentedRaftLogWorker.java:lambda$new$0(128)) - a08dd2dd-bfef-41f1-afb0-37294a1d04b3@group-3DC5C9CF36DB-SegmentedRaftLogWorker: flushIndex: setUnconditionally 0 -> -1
2019-10-03 02:05:50,776 [pool-348-thread-1] INFO  server.RaftServerConfigKeys (ConfUtils.java:logGet(43)) - raft.server.snapshot.auto.trigger.enabled = true (custom)
2019-10-03 02:05:50,776 [pool-338-thread-1] INFO  impl.RaftServerImpl (RaftServerImpl.java:start(181)) - 3165c5d3-e71f-43be-94a3-465948913e79@group-3DC5C9CF36DB: start as a follower, conf=-1: [a08dd2dd-bfef-41f1-afb0-37294a1d04b3:192.168.164.205:41166, 8973e3a3-7515-4698-8710-d6458ead175a:192.168.164.205:41820, 3165c5d3-e71f-43be-94a3-465948913e79:192.168.164.205:43627], old=null
2019-10-03 02:05:50,776 [pool-348-thread-1] INFO  server.RaftServerConfigKeys (ConfUtils.java:logGet(43)) - raft.server.snapshot.auto.trigger.threshold = 10000 (custom)
2019-10-03 02:05:50,776 [pool-338-thread-1] INFO  impl.RaftServerImpl (RaftServerImpl.java:setRole(170)) - 3165c5d3-e71f-43be-94a3-465948913e79@group-3DC5C9CF36DB: changes role from      null to FOLLOWER at term 0 for startAsFollower
2019-10-03 02:05:50,776 [pool-348-thread-1] INFO  server.RaftServerConfigKeys (ConfUtils.java:logGet(43)) - raft.server.snapshot.retention.file.num = 5 (custom)
2019-10-03 02:05:50,777 [pool-338-thread-1] INFO  impl.RoleInfo (RoleInfo.java:updateAndGet(143)) - 3165c5d3-e71f-43be-94a3-465948913e79: start FollowerState
2019-10-03 02:05:50,777 [pool-348-thread-1] INFO  server.RaftServerConfigKeys (ConfUtils.java:logGet(43)) - raft.server.retrycache.expirytime = 600000ms (custom)
2019-10-03 02:05:50,777 [pool-338-thread-1] INFO  util.JmxRegister (JmxRegister.java:tryRegister(44)) - Successfully registered JMX Bean with object name Ratis:service=RaftServer,group=group-3DC5C9CF36DB,id=3165c5d3-e71f-43be-94a3-465948913e79
2019-10-03 02:05:50,778 [pool-328-thread-1] INFO  impl.RaftServerImpl (RaftServerImpl.java:start(181)) - 8973e3a3-7515-4698-8710-d6458ead175a@group-3DC5C9CF36DB: start as a follower, conf=-1: [a08dd2dd-bfef-41f1-afb0-37294a1d04b3:192.168.164.205:41166, 8973e3a3-7515-4698-8710-d6458ead175a:192.168.164.205:41820, 3165c5d3-e71f-43be-94a3-465948913e79:192.168.164.205:43627], old=null
2019-10-03 02:05:50,778 [pool-328-thread-1] INFO  impl.RaftServerImpl (RaftServerImpl.java:setRole(170)) - 8973e3a3-7515-4698-8710-d6458ead175a@group-3DC5C9CF36DB: changes role from      null to FOLLOWER at term 0 for startAsFollower
2019-10-03 02:05:50,778 [pool-328-thread-1] INFO  impl.RoleInfo (RoleInfo.java:updateAndGet(143)) - 8973e3a3-7515-4698-8710-d6458ead175a: start FollowerState
2019-10-03 02:05:50,779 [pool-328-thread-1] INFO  util.JmxRegister (JmxRegister.java:tryRegister(44)) - Successfully registered JMX Bean with object name Ratis:service=RaftServer,group=group-3DC5C9CF36DB,id=8973e3a3-7515-4698-8710-d6458ead175a
2019-10-03 02:05:50,781 [pool-348-thread-1] INFO  impl.RaftServerImpl (RaftServerImpl.java:start(181)) - a08dd2dd-bfef-41f1-afb0-37294a1d04b3@group-3DC5C9CF36DB: start as a follower, conf=-1: [a08dd2dd-bfef-41f1-afb0-37294a1d04b3:192.168.164.205:41166, 8973e3a3-7515-4698-8710-d6458ead175a:192.168.164.205:41820, 3165c5d3-e71f-43be-94a3-465948913e79:192.168.164.205:43627], old=null
2019-10-03 02:05:50,781 [pool-348-thread-1] INFO  impl.RaftServerImpl (RaftServerImpl.java:setRole(170)) - a08dd2dd-bfef-41f1-afb0-37294a1d04b3@group-3DC5C9CF36DB: changes role from      null to FOLLOWER at term 0 for startAsFollower
2019-10-03 02:05:50,781 [pool-348-thread-1] INFO  impl.RoleInfo (RoleInfo.java:updateAndGet(143)) - a08dd2dd-bfef-41f1-afb0-37294a1d04b3: start FollowerState
2019-10-03 02:05:50,781 [pool-348-thread-1] INFO  util.JmxRegister (JmxRegister.java:tryRegister(44)) - Successfully registered JMX Bean with object name Ratis:service=RaftServer,group=group-3DC5C9CF36DB,id=a08dd2dd-bfef-41f1-afb0-37294a1d04b3
2019-10-03 02:05:50,791 [RatisPipelineUtilsThread] INFO  pipeline.PipelineStateManager (PipelineStateManager.java:addPipeline(56)) - Created pipeline Pipeline[ Id: ff34072b-6def-47f8-884b-3dc5c9cf36db, Nodes: 3165c5d3-e71f-43be-94a3-465948913e79{ip: 192.168.164.205, host: pr-hdds-1737-89jld-2007629010, networkLocation: /default-rack, certSerialId: null}a08dd2dd-bfef-41f1-afb0-37294a1d04b3{ip: 192.168.164.205, host: pr-hdds-1737-89jld-2007629010, networkLocation: /default-rack, certSerialId: null}8973e3a3-7515-4698-8710-d6458ead175a{ip: 192.168.164.205, host: pr-hdds-1737-89jld-2007629010, networkLocation: /default-rack, certSerialId: null}, Type:RATIS, Factor:THREE, State:OPEN]
2019-10-03 02:05:52,457 [Datanode State Machine Thread - 0] INFO  statemachine.DatanodeStateMachine (DatanodeStateMachine.java:lambda$startDaemon$0(350)) - Ozone container server started.
2019-10-03 02:05:52,529 [Datanode State Machine Thread - 0] INFO  statemachine.DatanodeStateMachine (DatanodeStateMachine.java:lambda$startDaemon$0(350)) - Ozone container server started.
2019-10-03 02:05:53,474 [Thread-1501] INFO  container.ReplicationManager (ReplicationManager.java:start(162)) - Starting Replication Monitor Thread.
2019-10-03 02:05:53,478 [ReplicationMonitor] INFO  container.ReplicationManager (ReplicationManager.java:run(225)) - Replication Monitor Thread took 0 milliseconds for processing 0 containers.
2019-10-03 02:05:55,617 [Thread-1503] INFO  impl.FollowerState (FollowerState.java:run(108)) - 8973e3a3-7515-4698-8710-d6458ead175a@group-1C9D664236B5-FollowerState: change to CANDIDATE, lastRpcTime:5083ms, electionTimeout:5083ms
2019-10-03 02:05:55,617 [Thread-1503] INFO  impl.RoleInfo (RoleInfo.java:shutdownFollowerState(121)) - 8973e3a3-7515-4698-8710-d6458ead175a: shutdown FollowerState
2019-10-03 02:05:55,617 [Thread-1503] INFO  impl.RaftServerImpl (RaftServerImpl.java:setRole(170)) - 8973e3a3-7515-4698-8710-d6458ead175a@group-1C9D664236B5: changes role from  FOLLOWER to CANDIDATE at term 0 for changeToCandidate
2019-10-03 02:05:55,617 [Thread-1503] INFO  impl.RoleInfo (RoleInfo.java:updateAndGet(143)) - 8973e3a3-7515-4698-8710-d6458ead175a: start LeaderElection
2019-10-03 02:05:55,659 [8973e3a3-7515-4698-8710-d6458ead175a@group-1C9D664236B5-LeaderElection29] INFO  impl.LeaderElection (LeaderElection.java:askForVotes(178)) - 8973e3a3-7515-4698-8710-d6458ead175a@group-1C9D664236B5-LeaderElection29: begin an election at term 1 for -1: [8973e3a3-7515-4698-8710-d6458ead175a:192.168.164.205:41820], old=null
2019-10-03 02:05:55,659 [8973e3a3-7515-4698-8710-d6458ead175a@group-1C9D664236B5-LeaderElection29] INFO  impl.RoleInfo (RoleInfo.java:shutdownLeaderElection(134)) - 8973e3a3-7515-4698-8710-d6458ead175a: shutdown LeaderElection
2019-10-03 02:05:55,659 [8973e3a3-7515-4698-8710-d6458ead175a@group-1C9D664236B5-LeaderElection29] INFO  impl.RaftServerImpl (RaftServerImpl.java:setRole(170)) - 8973e3a3-7515-4698-8710-d6458ead175a@group-1C9D664236B5: changes role from CANDIDATE to LEADER at term 1 for changeToLeader
2019-10-03 02:05:55,660 [8973e3a3-7515-4698-8710-d6458ead175a@group-1C9D664236B5-LeaderElection29] INFO  impl.RaftServerImpl (ServerState.java:setLeader(255)) - 8973e3a3-7515-4698-8710-d6458ead175a@group-1C9D664236B5: change Leader from null to 8973e3a3-7515-4698-8710-d6458ead175a at term 1 for becomeLeader, leader elected after 5137ms
2019-10-03 02:05:55,660 [8973e3a3-7515-4698-8710-d6458ead175a@group-1C9D664236B5-LeaderElection29] INFO  server.RaftServerConfigKeys (ConfUtils.java:logGet(43)) - raft.server.staging.catchup.gap = 1000 (default)
2019-10-03 02:05:55,660 [8973e3a3-7515-4698-8710-d6458ead175a@group-1C9D664236B5-LeaderElection29] INFO  server.RaftServerConfigKeys (ConfUtils.java:logGet(43)) - raft.server.rpc.sleep.time = 25ms (default)
2019-10-03 02:05:55,660 [8973e3a3-7515-4698-8710-d6458ead175a@group-1C9D664236B5-LeaderElection29] INFO  server.RaftServerConfigKeys (ConfUtils.java:logGet(43)) - raft.server.write.element-limit = 4096 (default)
2019-10-03 02:05:55,660 [8973e3a3-7515-4698-8710-d6458ead175a@group-1C9D664236B5-LeaderElection29] INFO  server.RaftServerConfigKeys (ConfUtils.java:logGet(43)) - raft.server.watch.timeout = 10s (default)
2019-10-03 02:05:55,661 [8973e3a3-7515-4698-8710-d6458ead175a@group-1C9D664236B5-LeaderElection29] INFO  server.RaftServerConfigKeys (ConfUtils.java:logGet(43)) - raft.server.watch.timeout.denomination = 1s (default)
2019-10-03 02:05:55,661 [8973e3a3-7515-4698-8710-d6458ead175a@group-1C9D664236B5-LeaderElection29] INFO  server.RaftServerConfigKeys (ConfUtils.java:logGet(43)) - raft.server.watch.element-limit = 65536 (default)
2019-10-03 02:05:55,663 [8973e3a3-7515-4698-8710-d6458ead175a@group-1C9D664236B5-LeaderElection29] INFO  impl.RoleInfo (RoleInfo.java:updateAndGet(143)) - 8973e3a3-7515-4698-8710-d6458ead175a: start LeaderState
2019-10-03 02:05:55,664 [8973e3a3-7515-4698-8710-d6458ead175a@group-1C9D664236B5-LeaderElection29] INFO  segmented.SegmentedRaftLogWorker (SegmentedRaftLogWorker.java:startLogSegment(385)) - 8973e3a3-7515-4698-8710-d6458ead175a@group-1C9D664236B5-SegmentedRaftLogWorker: Starting segment from index:0
2019-10-03 02:05:55,665 [8973e3a3-7515-4698-8710-d6458ead175a@group-1C9D664236B5-LeaderElection29] INFO  impl.RaftServerImpl (ServerState.java:setRaftConf(356)) - 8973e3a3-7515-4698-8710-d6458ead175a@group-1C9D664236B5: set configuration 0: [8973e3a3-7515-4698-8710-d6458ead175a:192.168.164.205:41820], old=null at 0
2019-10-03 02:05:55,714 [8973e3a3-7515-4698-8710-d6458ead175a@group-1C9D664236B5-SegmentedRaftLogWorker] INFO  segmented.SegmentedRaftLogWorker (SegmentedRaftLogWorker.java:execute(574)) - 8973e3a3-7515-4698-8710-d6458ead175a@group-1C9D664236B5-SegmentedRaftLogWorker: created new log segment /workdir/hadoop-ozone/ozonefs/target/test-dir/MiniOzoneClusterImpl-e225ac0b-3e0d-428b-8920-e88bce46dc57/datanode-0/data/ratis/c522479e-49f6-4220-9716-1c9d664236b5/current/log_inprogress_0
2019-10-03 02:05:55,717 [Thread-1512] INFO  impl.FollowerState (FollowerState.java:run(108)) - a08dd2dd-bfef-41f1-afb0-37294a1d04b3@group-8153674CC903-FollowerState: change to CANDIDATE, lastRpcTime:5022ms, electionTimeout:5022ms
2019-10-03 02:05:55,717 [Thread-1512] INFO  impl.RoleInfo (RoleInfo.java:shutdownFollowerState(121)) - a08dd2dd-bfef-41f1-afb0-37294a1d04b3: shutdown FollowerState
2019-10-03 02:05:55,717 [Thread-1512] INFO  impl.RaftServerImpl (RaftServerImpl.java:setRole(170)) - a08dd2dd-bfef-41f1-afb0-37294a1d04b3@group-8153674CC903: changes role from  FOLLOWER to CANDIDATE at term 0 for changeToCandidate
2019-10-03 02:05:55,718 [Thread-1512] INFO  impl.RoleInfo (RoleInfo.java:updateAndGet(143)) - a08dd2dd-bfef-41f1-afb0-37294a1d04b3: start LeaderElection
2019-10-03 02:05:55,743 [a08dd2dd-bfef-41f1-afb0-37294a1d04b3@group-8153674CC903-LeaderElection30] INFO  impl.LeaderElection (LeaderElection.java:askForVotes(178)) - a08dd2dd-bfef-41f1-afb0-37294a1d04b3@group-8153674CC903-LeaderElection30: begin an election at term 1 for -1: [a08dd2dd-bfef-41f1-afb0-37294a1d04b3:192.168.164.205:41166], old=null
2019-10-03 02:05:55,743 [a08dd2dd-bfef-41f1-afb0-37294a1d04b3@group-8153674CC903-LeaderElection30] INFO  impl.RoleInfo (RoleInfo.java:shutdownLeaderElection(134)) - a08dd2dd-bfef-41f1-afb0-37294a1d04b3: shutdown LeaderElection
2019-10-03 02:05:55,743 [a08dd2dd-bfef-41f1-afb0-37294a1d04b3@group-8153674CC903-LeaderElection30] INFO  impl.RaftServerImpl (RaftServerImpl.java:setRole(170)) - a08dd2dd-bfef-41f1-afb0-37294a1d04b3@group-8153674CC903: changes role from CANDIDATE to LEADER at term 1 for changeToLeader
2019-10-03 02:05:55,743 [a08dd2dd-bfef-41f1-afb0-37294a1d04b3@group-8153674CC903-LeaderElection30] INFO  impl.RaftServerImpl (ServerState.java:setLeader(255)) - a08dd2dd-bfef-41f1-afb0-37294a1d04b3@group-8153674CC903: change Leader from null to a08dd2dd-bfef-41f1-afb0-37294a1d04b3 at term 1 for becomeLeader, leader elected after 5072ms
2019-10-03 02:05:55,744 [a08dd2dd-bfef-41f1-afb0-37294a1d04b3@group-8153674CC903-LeaderElection30] INFO  server.RaftServerConfigKeys (ConfUtils.java:logGet(43)) - raft.server.staging.catchup.gap = 1000 (default)
2019-10-03 02:05:55,744 [a08dd2dd-bfef-41f1-afb0-37294a1d04b3@group-8153674CC903-LeaderElection30] INFO  server.RaftServerConfigKeys (ConfUtils.java:logGet(43)) - raft.server.rpc.sleep.time = 25ms (default)
2019-10-03 02:05:55,744 [a08dd2dd-bfef-41f1-afb0-37294a1d04b3@group-8153674CC903-LeaderElection30] INFO  server.RaftServerConfigKeys (ConfUtils.java:logGet(43)) - raft.server.write.element-limit = 4096 (default)
2019-10-03 02:05:55,744 [a08dd2dd-bfef-41f1-afb0-37294a1d04b3@group-8153674CC903-LeaderElection30] INFO  server.RaftServerConfigKeys (ConfUtils.java:logGet(43)) - raft.server.watch.timeout = 10s (default)
2019-10-03 02:05:55,745 [a08dd2dd-bfef-41f1-afb0-37294a1d04b3@group-8153674CC903-LeaderElection30] INFO  server.RaftServerConfigKeys (ConfUtils.java:logGet(43)) - raft.server.watch.timeout.denomination = 1s (default)
2019-10-03 02:05:55,745 [a08dd2dd-bfef-41f1-afb0-37294a1d04b3@group-8153674CC903-LeaderElection30] INFO  server.RaftServerConfigKeys (ConfUtils.java:logGet(43)) - raft.server.watch.element-limit = 65536 (default)
2019-10-03 02:05:55,747 [a08dd2dd-bfef-41f1-afb0-37294a1d04b3@group-8153674CC903-LeaderElection30] INFO  impl.RoleInfo (RoleInfo.java:updateAndGet(143)) - a08dd2dd-bfef-41f1-afb0-37294a1d04b3: start LeaderState
2019-10-03 02:05:55,748 [a08dd2dd-bfef-41f1-afb0-37294a1d04b3@group-8153674CC903-LeaderElection30] INFO  segmented.SegmentedRaftLogWorker (SegmentedRaftLogWorker.java:startLogSegment(385)) - a08dd2dd-bfef-41f1-afb0-37294a1d04b3@group-8153674CC903-SegmentedRaftLogWorker: Starting segment from index:0
2019-10-03 02:05:55,748 [a08dd2dd-bfef-41f1-afb0-37294a1d04b3@group-8153674CC903-LeaderElection30] INFO  impl.RaftServerImpl (ServerState.java:setRaftConf(356)) - a08dd2dd-bfef-41f1-afb0-37294a1d04b3@group-8153674CC903: set configuration 0: [a08dd2dd-bfef-41f1-afb0-37294a1d04b3:192.168.164.205:41166], old=null at 0
2019-10-03 02:05:55,764 [Thread-1506] INFO  impl.FollowerState (FollowerState.java:run(108)) - 3165c5d3-e71f-43be-94a3-465948913e79@group-193BF8731F3E-FollowerState: change to CANDIDATE, lastRpcTime:5166ms, electionTimeout:5166ms
2019-10-03 02:05:55,764 [Thread-1506] INFO  impl.RoleInfo (RoleInfo.java:shutdownFollowerState(121)) - 3165c5d3-e71f-43be-94a3-465948913e79: shutdown FollowerState
2019-10-03 02:05:55,765 [Thread-1506] INFO  impl.RaftServerImpl (RaftServerImpl.java:setRole(170)) - 3165c5d3-e71f-43be-94a3-465948913e79@group-193BF8731F3E: changes role from  FOLLOWER to CANDIDATE at term 0 for changeToCandidate
2019-10-03 02:05:55,765 [Thread-1506] INFO  impl.RoleInfo (RoleInfo.java:updateAndGet(143)) - 3165c5d3-e71f-43be-94a3-465948913e79: start LeaderElection
2019-10-03 02:05:55,785 [ForkJoinPool.commonPool-worker-1] INFO  ozoneimpl.OzoneContainer (OzoneContainer.java:stop(231)) - Attempting to stop container services.
2019-10-03 02:05:55,785 [main] INFO  ozoneimpl.OzoneContainer (OzoneContainer.java:stop(231)) - Attempting to stop container services.
2019-10-03 02:05:55,786 [ForkJoinPool.commonPool-worker-1] INFO  impl.RaftServerProxy (RaftServerProxy.java:lambda$close$4(314)) - 8973e3a3-7515-4698-8710-d6458ead175a: close
2019-10-03 02:05:55,786 [main] INFO  impl.RaftServerProxy (RaftServerProxy.java:lambda$close$4(314)) - 3165c5d3-e71f-43be-94a3-465948913e79: close
2019-10-03 02:05:55,786 [Thread-1519] INFO  impl.FollowerState (FollowerState.java:run(108)) - a08dd2dd-bfef-41f1-afb0-37294a1d04b3@group-3DC5C9CF36DB-FollowerState: change to CANDIDATE, lastRpcTime:5005ms, electionTimeout:5005ms
2019-10-03 02:05:55,786 [ForkJoinPool.commonPool-worker-1] INFO  impl.RaftServerImpl (RaftServerImpl.java:lambda$shutdown$3(247)) - 8973e3a3-7515-4698-8710-d6458ead175a@group-3DC5C9CF36DB: shutdown
2019-10-03 02:05:55,787 [Thread-1519] INFO  impl.RoleInfo (RoleInfo.java:shutdownFollowerState(121)) - a08dd2dd-bfef-41f1-afb0-37294a1d04b3: shutdown FollowerState
2019-10-03 02:05:55,787 [main] INFO  impl.RaftServerImpl (RaftServerImpl.java:lambda$shutdown$3(247)) - 3165c5d3-e71f-43be-94a3-465948913e79@group-3DC5C9CF36DB: shutdown
2019-10-03 02:05:55,787 [Thread-1519] INFO  impl.RaftServerImpl (RaftServerImpl.java:setRole(170)) - a08dd2dd-bfef-41f1-afb0-37294a1d04b3@group-3DC5C9CF36DB: changes role from  FOLLOWER to CANDIDATE at term 0 for changeToCandidate
2019-10-03 02:05:55,787 [ForkJoinPool.commonPool-worker-1] INFO  util.JmxRegister (JmxRegister.java:unregister(73)) - Successfully un-registered JMX Bean with object name Ratis:service=RaftServer,group=group-3DC5C9CF36DB,id=8973e3a3-7515-4698-8710-d6458ead175a
2019-10-03 02:05:55,788 [Thread-1519] INFO  impl.RoleInfo (RoleInfo.java:updateAndGet(143)) - a08dd2dd-bfef-41f1-afb0-37294a1d04b3: start LeaderElection
2019-10-03 02:05:55,788 [main] INFO  util.JmxRegister (JmxRegister.java:unregister(73)) - Successfully un-registered JMX Bean with object name Ratis:service=RaftServer,group=group-3DC5C9CF36DB,id=3165c5d3-e71f-43be-94a3-465948913e79
2019-10-03 02:05:55,788 [main] INFO  impl.RoleInfo (RoleInfo.java:shutdownFollowerState(121)) - 3165c5d3-e71f-43be-94a3-465948913e79: shutdown FollowerState
2019-10-03 02:05:55,792 [main] INFO  impl.StateMachineUpdater (StateMachineUpdater.java:stopAndJoin(136)) - 3165c5d3-e71f-43be-94a3-465948913e79@group-3DC5C9CF36DB-StateMachineUpdater: set stopIndex = -1
2019-10-03 02:05:55,792 [main] INFO  impl.RaftServerImpl (ServerState.java:close(387)) - 3165c5d3-e71f-43be-94a3-465948913e79@group-3DC5C9CF36DB: closes. applyIndex: -1
2019-10-03 02:05:55,788 [ForkJoinPool.commonPool-worker-1] INFO  impl.RoleInfo (RoleInfo.java:shutdownFollowerState(121)) - 8973e3a3-7515-4698-8710-d6458ead175a: shutdown FollowerState
2019-10-03 02:05:55,793 [3165c5d3-e71f-43be-94a3-465948913e79@group-3DC5C9CF36DB-SegmentedRaftLogWorker] INFO  segmented.SegmentedRaftLogWorker (SegmentedRaftLogWorker.java:run(316)) - 3165c5d3-e71f-43be-94a3-465948913e79@group-3DC5C9CF36DB-SegmentedRaftLogWorker was interrupted, exiting. There are 0 tasks remaining in the queue.
2019-10-03 02:05:55,793 [Thread-1518] INFO  impl.FollowerState (FollowerState.java:run(117)) - 8973e3a3-7515-4698-8710-d6458ead175a@group-3DC5C9CF36DB-FollowerState was interrupted: java.lang.InterruptedException: sleep interrupted
2019-10-03 02:05:55,792 [Thread-1516] INFO  impl.FollowerState (FollowerState.java:run(117)) - 3165c5d3-e71f-43be-94a3-465948913e79@group-3DC5C9CF36DB-FollowerState was interrupted: java.lang.InterruptedException: sleep interrupted
2019-10-03 02:05:55,793 [main] INFO  segmented.SegmentedRaftLogWorker (SegmentedRaftLogWorker.java:close(224)) - 3165c5d3-e71f-43be-94a3-465948913e79@group-3DC5C9CF36DB-SegmentedRaftLogWorker close()
2019-10-03 02:05:55,793 [ForkJoinPool.commonPool-worker-1] INFO  impl.StateMachineUpdater (StateMachineUpdater.java:stopAndJoin(136)) - 8973e3a3-7515-4698-8710-d6458ead175a@group-3DC5C9CF36DB-StateMachineUpdater: set stopIndex = -1
2019-10-03 02:05:55,797 [a08dd2dd-bfef-41f1-afb0-37294a1d04b3@group-3DC5C9CF36DB-LeaderElection32] INFO  impl.LeaderElection (LeaderElection.java:askForVotes(178)) - a08dd2dd-bfef-41f1-afb0-37294a1d04b3@group-3DC5C9CF36DB-LeaderElection32: begin an election at term 1 for -1: [a08dd2dd-bfef-41f1-afb0-37294a1d04b3:192.168.164.205:41166, 8973e3a3-7515-4698-8710-d6458ead175a:192.168.164.205:41820, 3165c5d3-e71f-43be-94a3-465948913e79:192.168.164.205:43627], old=null
2019-10-03 02:05:55,797 [3165c5d3-e71f-43be-94a3-465948913e79@group-193BF8731F3E-LeaderElection31] INFO  impl.LeaderElection (LeaderElection.java:askForVotes(178)) - 3165c5d3-e71f-43be-94a3-465948913e79@group-193BF8731F3E-LeaderElection31: begin an election at term 1 for -1: [3165c5d3-e71f-43be-94a3-465948913e79:192.168.164.205:43627], old=null
2019-10-03 02:05:55,797 [a08dd2dd-bfef-41f1-afb0-37294a1d04b3@group-8153674CC903-SegmentedRaftLogWorker] INFO  segmented.SegmentedRaftLogWorker (SegmentedRaftLogWorker.java:execute(574)) - a08dd2dd-bfef-41f1-afb0-37294a1d04b3@group-8153674CC903-SegmentedRaftLogWorker: created new log segment /workdir/hadoop-ozone/ozonefs/target/test-dir/MiniOzoneClusterImpl-e225ac0b-3e0d-428b-8920-e88bce46dc57/datanode-2/data/ratis/0bee85ff-e81f-45f1-9de8-8153674cc903/current/log_inprogress_0
2019-10-03 02:05:55,797 [main] INFO  impl.RaftServerImpl (RaftServerImpl.java:lambda$shutdown$3(247)) - 3165c5d3-e71f-43be-94a3-465948913e79@group-193BF8731F3E: shutdown
2019-10-03 02:05:55,797 [ForkJoinPool.commonPool-worker-1] INFO  impl.RaftServerImpl (ServerState.java:close(387)) - 8973e3a3-7515-4698-8710-d6458ead175a@group-3DC5C9CF36DB: closes. applyIndex: -1
2019-10-03 02:05:55,798 [main] INFO  util.JmxRegister (JmxRegister.java:unregister(73)) - Successfully un-registered JMX Bean with object name Ratis:service=RaftServer,group=group-193BF8731F3E,id=3165c5d3-e71f-43be-94a3-465948913e79
2019-10-03 02:05:55,799 [8973e3a3-7515-4698-8710-d6458ead175a@group-3DC5C9CF36DB-SegmentedRaftLogWorker] INFO  segmented.SegmentedRaftLogWorker (SegmentedRaftLogWorker.java:run(316)) - 8973e3a3-7515-4698-8710-d6458ead175a@group-3DC5C9CF36DB-SegmentedRaftLogWorker was interrupted, exiting. There are 0 tasks remaining in the queue.
2019-10-03 02:05:55,799 [main] INFO  impl.RoleInfo (RoleInfo.java:shutdownLeaderElection(134)) - 3165c5d3-e71f-43be-94a3-465948913e79: shutdown LeaderElection
2019-10-03 02:05:55,799 [ForkJoinPool.commonPool-worker-1] INFO  segmented.SegmentedRaftLogWorker (SegmentedRaftLogWorker.java:close(224)) - 8973e3a3-7515-4698-8710-d6458ead175a@group-3DC5C9CF36DB-SegmentedRaftLogWorker close()
2019-10-03 02:05:55,799 [main] INFO  impl.StateMachineUpdater (StateMachineUpdater.java:stopAndJoin(136)) - 3165c5d3-e71f-43be-94a3-465948913e79@group-193BF8731F3E-StateMachineUpdater: set stopIndex = -1
2019-10-03 02:05:55,803 [ForkJoinPool.commonPool-worker-1] INFO  impl.RaftServerImpl (RaftServerImpl.java:lambda$shutdown$3(247)) - 8973e3a3-7515-4698-8710-d6458ead175a@group-1C9D664236B5: shutdown
2019-10-03 02:05:55,803 [main] INFO  impl.RaftServerImpl (ServerState.java:close(387)) - 3165c5d3-e71f-43be-94a3-465948913e79@group-193BF8731F3E: closes. applyIndex: -1
2019-10-03 02:05:55,804 [ForkJoinPool.commonPool-worker-1] INFO  util.JmxRegister (JmxRegister.java:unregister(73)) - Successfully un-registered JMX Bean with object name Ratis:service=RaftServer,group=group-1C9D664236B5,id=8973e3a3-7515-4698-8710-d6458ead175a
2019-10-03 02:05:55,804 [3165c5d3-e71f-43be-94a3-465948913e79@group-193BF8731F3E-SegmentedRaftLogWorker] INFO  segmented.SegmentedRaftLogWorker (SegmentedRaftLogWorker.java:run(316)) - 3165c5d3-e71f-43be-94a3-465948913e79@group-193BF8731F3E-SegmentedRaftLogWorker was interrupted, exiting. There are 0 tasks remaining in the queue.
2019-10-03 02:05:55,804 [ForkJoinPool.commonPool-worker-1] INFO  impl.RoleInfo (RoleInfo.java:shutdownLeaderState(104)) - 8973e3a3-7515-4698-8710-d6458ead175a: shutdown LeaderState
2019-10-03 02:05:55,805 [main] INFO  segmented.SegmentedRaftLogWorker (SegmentedRaftLogWorker.java:close(224)) - 3165c5d3-e71f-43be-94a3-465948913e79@group-193BF8731F3E-SegmentedRaftLogWorker close()
2019-10-03 02:05:55,805 [ForkJoinPool.commonPool-worker-1] INFO  impl.PendingRequests (PendingRequests.java:sendNotLeaderResponses(202)) - 8973e3a3-7515-4698-8710-d6458ead175a@group-1C9D664236B5-PendingRequests: sendNotLeaderResponses
2019-10-03 02:05:55,809 [main] INFO  server.GrpcService (GrpcService.java:closeImpl(164)) - 3165c5d3-e71f-43be-94a3-465948913e79: shutdown server with port 43627 now
2019-10-03 02:05:55,809 [ForkJoinPool.commonPool-worker-1] INFO  impl.StateMachineUpdater (StateMachineUpdater.java:stopAndJoin(136)) - 8973e3a3-7515-4698-8710-d6458ead175a@group-1C9D664236B5-StateMachineUpdater: set stopIndex = 0
2019-10-03 02:05:55,811 [ForkJoinPool.commonPool-worker-1] INFO  impl.RaftServerImpl (ServerState.java:close(387)) - 8973e3a3-7515-4698-8710-d6458ead175a@group-1C9D664236B5: closes. applyIndex: 0
2019-10-03 02:05:55,811 [8973e3a3-7515-4698-8710-d6458ead175a@group-1C9D664236B5-SegmentedRaftLogWorker] INFO  segmented.SegmentedRaftLogWorker (SegmentedRaftLogWorker.java:run(316)) - 8973e3a3-7515-4698-8710-d6458ead175a@group-1C9D664236B5-SegmentedRaftLogWorker was interrupted, exiting. There are 0 tasks remaining in the queue.
2019-10-03 02:05:55,812 [main] INFO  server.GrpcService (GrpcService.java:closeImpl(172)) - 3165c5d3-e71f-43be-94a3-465948913e79: shutdown server with port 43627 successfully
2019-10-03 02:05:55,818 [ForkJoinPool.commonPool-worker-1] INFO  segmented.SegmentedRaftLogWorker (SegmentedRaftLogWorker.java:close(224)) - 8973e3a3-7515-4698-8710-d6458ead175a@group-1C9D664236B5-SegmentedRaftLogWorker close()
2019-10-03 02:05:55,822 [refreshUsed-/workdir/hadoop-ozone/ozonefs/target/test-dir/MiniOzoneClusterImpl-e225ac0b-3e0d-428b-8920-e88bce46dc57/datanode-1/data/containers] WARN  fs.CachingGetSpaceUsed (CachingGetSpaceUsed.java:run(183)) - Thread Interrupted waiting to refresh disk information: sleep interrupted
2019-10-03 02:05:55,824 [ForkJoinPool.commonPool-worker-1] INFO  server.GrpcService (GrpcService.java:closeImpl(164)) - 8973e3a3-7515-4698-8710-d6458ead175a: shutdown server with port 41820 now
2019-10-03 02:05:55,824 [a08dd2dd-bfef-41f1-afb0-37294a1d04b3@group-3DC5C9CF36DB-LeaderElection32] INFO  impl.LeaderElection (LogUtils.java:infoOrTrace(149)) - a08dd2dd-bfef-41f1-afb0-37294a1d04b3@group-3DC5C9CF36DB-LeaderElection32 got exception when requesting votes: {}
java.util.concurrent.ExecutionException: org.apache.ratis.thirdparty.io.grpc.StatusRuntimeException: UNAVAILABLE: HTTP/2 error code: NO_ERROR
Received Goaway
	at java.util.concurrent.FutureTask.report(FutureTask.java:122)
	at java.util.concurrent.FutureTask.get(FutureTask.java:192)
	at org.apache.ratis.server.impl.LeaderElection.waitForResults(LeaderElection.java:259)
	at org.apache.ratis.server.impl.LeaderElection.askForVotes(LeaderElection.java:197)
	at org.apache.ratis.server.impl.LeaderElection.run(LeaderElection.java:133)
	at java.lang.Thread.run(Thread.java:748)
Caused by: org.apache.ratis.thirdparty.io.grpc.StatusRuntimeException: UNAVAILABLE: HTTP/2 error code: NO_ERROR
Received Goaway
	at org.apache.ratis.thirdparty.io.grpc.stub.ClientCalls.toStatusRuntimeException(ClientCalls.java:233)
	at org.apache.ratis.thirdparty.io.grpc.stub.ClientCalls.getUnchecked(ClientCalls.java:214)
	at org.apache.ratis.thirdparty.io.grpc.stub.ClientCalls.blockingUnaryCall(ClientCalls.java:139)
	at org.apache.ratis.proto.grpc.RaftServerProtocolServiceGrpc$RaftServerProtocolServiceBlockingStub.requestVote(RaftServerProtocolServiceGrpc.java:265)
	at org.apache.ratis.grpc.server.GrpcServerProtocolClient.requestVote(GrpcServerProtocolClient.java:99)
	at org.apache.ratis.grpc.server.GrpcService.requestVote(GrpcService.java:204)
	at org.apache.ratis.server.impl.LeaderElection.lambda$submitRequests$1(LeaderElection.java:234)
	at java.util.concurrent.FutureTask.run(FutureTask.java:266)
	at java.util.concurrent.Executors$RunnableAdapter.call(Executors.java:511)
	at java.util.concurrent.FutureTask.run(FutureTask.java:266)
	at java.util.concurrent.ThreadPoolExecutor.runWorker(ThreadPoolExecutor.java:1149)
	at java.util.concurrent.ThreadPoolExecutor$Worker.run(ThreadPoolExecutor.java:624)
	... 1 more
2019-10-03 02:05:55,828 [ForkJoinPool.commonPool-worker-1] INFO  server.GrpcService (GrpcService.java:closeImpl(172)) - 8973e3a3-7515-4698-8710-d6458ead175a: shutdown server with port 41820 successfully
2019-10-03 02:05:55,829 [a08dd2dd-bfef-41f1-afb0-37294a1d04b3@group-3DC5C9CF36DB-LeaderElection32] INFO  impl.LeaderElection (LogUtils.java:infoOrTrace(149)) - a08dd2dd-bfef-41f1-afb0-37294a1d04b3@group-3DC5C9CF36DB-LeaderElection32 got exception when requesting votes: {}
java.util.concurrent.ExecutionException: org.apache.ratis.thirdparty.io.grpc.StatusRuntimeException: CANCELLED: HTTP/2 error code: CANCEL
Received Rst Stream
	at java.util.concurrent.FutureTask.report(FutureTask.java:122)
	at java.util.concurrent.FutureTask.get(FutureTask.java:192)
	at org.apache.ratis.server.impl.LeaderElection.waitForResults(LeaderElection.java:259)
	at org.apache.ratis.server.impl.LeaderElection.askForVotes(LeaderElection.java:197)
	at org.apache.ratis.server.impl.LeaderElection.run(LeaderElection.java:133)
	at java.lang.Thread.run(Thread.java:748)
Caused by: org.apache.ratis.thirdparty.io.grpc.StatusRuntimeException: CANCELLED: HTTP/2 error code: CANCEL
Received Rst Stream
	at org.apache.ratis.thirdparty.io.grpc.stub.ClientCalls.toStatusRuntimeException(ClientCalls.java:233)
	at org.apache.ratis.thirdparty.io.grpc.stub.ClientCalls.getUnchecked(ClientCalls.java:214)
	at org.apache.ratis.thirdparty.io.grpc.stub.ClientCalls.blockingUnaryCall(ClientCalls.java:139)
	at org.apache.ratis.proto.grpc.RaftServerProtocolServiceGrpc$RaftServerProtocolServiceBlockingStub.requestVote(RaftServerProtocolServiceGrpc.java:265)
	at org.apache.ratis.grpc.server.GrpcServerProtocolClient.requestVote(GrpcServerProtocolClient.java:99)
	at org.apache.ratis.grpc.server.GrpcService.requestVote(GrpcService.java:204)
	at org.apache.ratis.server.impl.LeaderElection.lambda$submitRequests$1(LeaderElection.java:234)
	at java.util.concurrent.FutureTask.run(FutureTask.java:266)
	at java.util.concurrent.Executors$RunnableAdapter.call(Executors.java:511)
	at java.util.concurrent.FutureTask.run(FutureTask.java:266)
	at java.util.concurrent.ThreadPoolExecutor.runWorker(ThreadPoolExecutor.java:1149)
	at java.util.concurrent.ThreadPoolExecutor$Worker.run(ThreadPoolExecutor.java:624)
	... 1 more
2019-10-03 02:05:55,831 [a08dd2dd-bfef-41f1-afb0-37294a1d04b3@group-3DC5C9CF36DB-LeaderElection32] INFO  impl.LeaderElection (LeaderElection.java:logAndReturn(56)) - a08dd2dd-bfef-41f1-afb0-37294a1d04b3@group-3DC5C9CF36DB-LeaderElection32: Election REJECTED; received 0 response(s) [] and 2 exception(s); a08dd2dd-bfef-41f1-afb0-37294a1d04b3@group-3DC5C9CF36DB:t1, leader=null, voted=a08dd2dd-bfef-41f1-afb0-37294a1d04b3, raftlog=a08dd2dd-bfef-41f1-afb0-37294a1d04b3@group-3DC5C9CF36DB-SegmentedRaftLog:OPENED:c-1,f-1,i0, conf=-1: [a08dd2dd-bfef-41f1-afb0-37294a1d04b3:192.168.164.205:41166, 8973e3a3-7515-4698-8710-d6458ead175a:192.168.164.205:41820, 3165c5d3-e71f-43be-94a3-465948913e79:192.168.164.205:43627], old=null
2019-10-03 02:05:55,832 [a08dd2dd-bfef-41f1-afb0-37294a1d04b3@group-3DC5C9CF36DB-LeaderElection32] INFO  impl.LeaderElection (LogUtils.java:infoOrTrace(149)) -   Exception 0: {}
java.util.concurrent.ExecutionException: org.apache.ratis.thirdparty.io.grpc.StatusRuntimeException: UNAVAILABLE: HTTP/2 error code: NO_ERROR
Received Goaway
	at java.util.concurrent.FutureTask.report(FutureTask.java:122)
	at java.util.concurrent.FutureTask.get(FutureTask.java:192)
	at org.apache.ratis.server.impl.LeaderElection.waitForResults(LeaderElection.java:259)
	at org.apache.ratis.server.impl.LeaderElection.askForVotes(LeaderElection.java:197)
	at org.apache.ratis.server.impl.LeaderElection.run(LeaderElection.java:133)
	at java.lang.Thread.run(Thread.java:748)
Caused by: org.apache.ratis.thirdparty.io.grpc.StatusRuntimeException: UNAVAILABLE: HTTP/2 error code: NO_ERROR
Received Goaway
	at org.apache.ratis.thirdparty.io.grpc.stub.ClientCalls.toStatusRuntimeException(ClientCalls.java:233)
	at org.apache.ratis.thirdparty.io.grpc.stub.ClientCalls.getUnchecked(ClientCalls.java:214)
	at org.apache.ratis.thirdparty.io.grpc.stub.ClientCalls.blockingUnaryCall(ClientCalls.java:139)
	at org.apache.ratis.proto.grpc.RaftServerProtocolServiceGrpc$RaftServerProtocolServiceBlockingStub.requestVote(RaftServerProtocolServiceGrpc.java:265)
	at org.apache.ratis.grpc.server.GrpcServerProtocolClient.requestVote(GrpcServerProtocolClient.java:99)
	at org.apache.ratis.grpc.server.GrpcService.requestVote(GrpcService.java:204)
	at org.apache.ratis.server.impl.LeaderElection.lambda$submitRequests$1(LeaderElection.java:234)
	at java.util.concurrent.FutureTask.run(FutureTask.java:266)
	at java.util.concurrent.Executors$RunnableAdapter.call(Executors.java:511)
	at java.util.concurrent.FutureTask.run(FutureTask.java:266)
	at java.util.concurrent.ThreadPoolExecutor.runWorker(ThreadPoolExecutor.java:1149)
	at java.util.concurrent.ThreadPoolExecutor$Worker.run(ThreadPoolExecutor.java:624)
	... 1 more
2019-10-03 02:05:55,832 [a08dd2dd-bfef-41f1-afb0-37294a1d04b3@group-3DC5C9CF36DB-LeaderElection32] INFO  impl.LeaderElection (LogUtils.java:infoOrTrace(149)) -   Exception 1: {}
java.util.concurrent.ExecutionException: org.apache.ratis.thirdparty.io.grpc.StatusRuntimeException: CANCELLED: HTTP/2 error code: CANCEL
Received Rst Stream
	at java.util.concurrent.FutureTask.report(FutureTask.java:122)
	at java.util.concurrent.FutureTask.get(FutureTask.java:192)
	at org.apache.ratis.server.impl.LeaderElection.waitForResults(LeaderElection.java:259)
	at org.apache.ratis.server.impl.LeaderElection.askForVotes(LeaderElection.java:197)
	at org.apache.ratis.server.impl.LeaderElection.run(LeaderElection.java:133)
	at java.lang.Thread.run(Thread.java:748)
Caused by: org.apache.ratis.thirdparty.io.grpc.StatusRuntimeException: CANCELLED: HTTP/2 error code: CANCEL
Received Rst Stream
	at org.apache.ratis.thirdparty.io.grpc.stub.ClientCalls.toStatusRuntimeException(ClientCalls.java:233)
	at org.apache.ratis.thirdparty.io.grpc.stub.ClientCalls.getUnchecked(ClientCalls.java:214)
	at org.apache.ratis.thirdparty.io.grpc.stub.ClientCalls.blockingUnaryCall(ClientCalls.java:139)
	at org.apache.ratis.proto.grpc.RaftServerProtocolServiceGrpc$RaftServerProtocolServiceBlockingStub.requestVote(RaftServerProtocolServiceGrpc.java:265)
	at org.apache.ratis.grpc.server.GrpcServerProtocolClient.requestVote(GrpcServerProtocolClient.java:99)
	at org.apache.ratis.grpc.server.GrpcService.requestVote(GrpcService.java:204)
	at org.apache.ratis.server.impl.LeaderElection.lambda$submitRequests$1(LeaderElection.java:234)
	at java.util.concurrent.FutureTask.run(FutureTask.java:266)
	at java.util.concurrent.Executors$RunnableAdapter.call(Executors.java:511)
	at java.util.concurrent.FutureTask.run(FutureTask.java:266)
	at java.util.concurrent.ThreadPoolExecutor.runWorker(ThreadPoolExecutor.java:1149)
	at java.util.concurrent.ThreadPoolExecutor$Worker.run(ThreadPoolExecutor.java:624)
	... 1 more
2019-10-03 02:05:55,833 [refreshUsed-/workdir/hadoop-ozone/ozonefs/target/test-dir/MiniOzoneClusterImpl-e225ac0b-3e0d-428b-8920-e88bce46dc57/datanode-0/data/containers] WARN  fs.CachingGetSpaceUsed (CachingGetSpaceUsed.java:run(183)) - Thread Interrupted waiting to refresh disk information: sleep interrupted
2019-10-03 02:05:55,834 [a08dd2dd-bfef-41f1-afb0-37294a1d04b3@group-3DC5C9CF36DB-LeaderElection32] INFO  impl.RaftServerImpl (RaftServerImpl.java:setRole(170)) - a08dd2dd-bfef-41f1-afb0-37294a1d04b3@group-3DC5C9CF36DB: changes role from CANDIDATE to FOLLOWER at term 1 for DISCOVERED_A_NEW_TERM
2019-10-03 02:05:55,835 [a08dd2dd-bfef-41f1-afb0-37294a1d04b3@group-3DC5C9CF36DB-LeaderElection32] INFO  impl.RoleInfo (RoleInfo.java:shutdownLeaderElection(134)) - a08dd2dd-bfef-41f1-afb0-37294a1d04b3: shutdown LeaderElection
2019-10-03 02:05:55,835 [a08dd2dd-bfef-41f1-afb0-37294a1d04b3@group-3DC5C9CF36DB-LeaderElection32] INFO  impl.RoleInfo (RoleInfo.java:updateAndGet(143)) - a08dd2dd-bfef-41f1-afb0-37294a1d04b3: start FollowerState
2019-10-03 02:05:55,838 [grpc-default-executor-1] WARN  server.GrpcServerProtocolService (LogUtils.java:warn(134)) - 8973e3a3-7515-4698-8710-d6458ead175a: Failed requestVote a08dd2dd-bfef-41f1-afb0-37294a1d04b3->8973e3a3-7515-4698-8710-d6458ead175a#0: org.apache.ratis.protocol.ServerNotReadyException: 8973e3a3-7515-4698-8710-d6458ead175a@group-3DC5C9CF36DB is not in [RUNNING]: current state is CLOSED
2019-10-03 02:05:56,067 [ForkJoinPool.commonPool-worker-1] INFO  utils.BackgroundService (BackgroundService.java:shutdown(148)) - Shutting down service BlockDeletingService
2019-10-03 02:05:56,071 [main] INFO  utils.BackgroundService (BackgroundService.java:shutdown(148)) - Shutting down service BlockDeletingService
2019-10-03 02:05:56,079 [ForkJoinPool.commonPool-worker-1] INFO  statemachine.DatanodeStateMachine (DatanodeStateMachine.java:stopDaemon(395)) - Ozone container server stopped.
2019-10-03 02:05:56,094 [main] INFO  statemachine.DatanodeStateMachine (DatanodeStateMachine.java:stopDaemon(395)) - Ozone container server stopped.
2019-10-03 02:05:56,099 [ForkJoinPool.commonPool-worker-1] INFO  handler.ContextHandler (ContextHandler.java:doStop(910)) - Stopped o.e.j.w.WebAppContext@7b5ac347{/,null,UNAVAILABLE}{/hddsDatanode}
2019-10-03 02:05:56,099 [main] INFO  handler.ContextHandler (ContextHandler.java:doStop(910)) - Stopped o.e.j.w.WebAppContext@197ce367{/,null,UNAVAILABLE}{/hddsDatanode}
2019-10-03 02:05:56,099 [ForkJoinPool.commonPool-worker-1] INFO  server.AbstractConnector (AbstractConnector.java:doStop(318)) - Stopped ServerConnector@57b9389f{HTTP/1.1,[http/1.1]}{0.0.0.0:0}
2019-10-03 02:05:56,101 [ForkJoinPool.commonPool-worker-1] INFO  handler.ContextHandler (ContextHandler.java:doStop(910)) - Stopped o.e.j.s.ServletContextHandler@a21c74{/static,jar:file:/home/user/.m2/repository/org/apache/hadoop/hadoop-hdds-container-service/0.5.0-SNAPSHOT/hadoop-hdds-container-service-0.5.0-SNAPSHOT.jar!/webapps/static,UNAVAILABLE}
2019-10-03 02:05:56,101 [main] INFO  server.AbstractConnector (AbstractConnector.java:doStop(318)) - Stopped ServerConnector@383cdd4d{HTTP/1.1,[http/1.1]}{0.0.0.0:0}
2019-10-03 02:05:56,103 [ForkJoinPool.commonPool-worker-1] INFO  handler.ContextHandler (ContextHandler.java:doStop(910)) - Stopped o.e.j.s.ServletContextHandler@21dea711{/logs,file:///workdir/hadoop-ozone/ozonefs/target/log,UNAVAILABLE}
2019-10-03 02:05:56,103 [main] INFO  handler.ContextHandler (ContextHandler.java:doStop(910)) - Stopped o.e.j.s.ServletContextHandler@24691c5{/static,jar:file:/home/user/.m2/repository/org/apache/hadoop/hadoop-hdds-container-service/0.5.0-SNAPSHOT/hadoop-hdds-container-service-0.5.0-SNAPSHOT.jar!/webapps/static,UNAVAILABLE}
2019-10-03 02:05:56,104 [main] INFO  handler.ContextHandler (ContextHandler.java:doStop(910)) - Stopped o.e.j.s.ServletContextHandler@1192c925{/logs,file:///workdir/hadoop-ozone/ozonefs/target/log,UNAVAILABLE}
2019-10-03 02:05:56,601 [Datanode State Machine Thread - 0] INFO  statemachine.DatanodeStateMachine (DatanodeStateMachine.java:lambda$startDaemon$0(350)) - Ozone container server started.
2019-10-03 02:06:00,849 [Thread-1532] INFO  impl.FollowerState (FollowerState.java:run(108)) - a08dd2dd-bfef-41f1-afb0-37294a1d04b3@group-3DC5C9CF36DB-FollowerState: change to CANDIDATE, lastRpcTime:5014ms, electionTimeout:5013ms
2019-10-03 02:06:00,849 [Thread-1532] INFO  impl.RoleInfo (RoleInfo.java:shutdownFollowerState(121)) - a08dd2dd-bfef-41f1-afb0-37294a1d04b3: shutdown FollowerState
2019-10-03 02:06:00,850 [Thread-1532] INFO  impl.RaftServerImpl (RaftServerImpl.java:setRole(170)) - a08dd2dd-bfef-41f1-afb0-37294a1d04b3@group-3DC5C9CF36DB: changes role from  FOLLOWER to CANDIDATE at term 1 for changeToCandidate
2019-10-03 02:06:00,850 [Thread-1532] INFO  impl.RoleInfo (RoleInfo.java:updateAndGet(143)) - a08dd2dd-bfef-41f1-afb0-37294a1d04b3: start LeaderElection
2019-10-03 02:06:00,872 [a08dd2dd-bfef-41f1-afb0-37294a1d04b3@group-3DC5C9CF36DB-LeaderElection33] INFO  impl.LeaderElection (LeaderElection.java:askForVotes(178)) - a08dd2dd-bfef-41f1-afb0-37294a1d04b3@group-3DC5C9CF36DB-LeaderElection33: begin an election at term 2 for -1: [a08dd2dd-bfef-41f1-afb0-37294a1d04b3:192.168.164.205:41166, 8973e3a3-7515-4698-8710-d6458ead175a:192.168.164.205:41820, 3165c5d3-e71f-43be-94a3-465948913e79:192.168.164.205:43627], old=null
2019-10-03 02:06:00,876 [a08dd2dd-bfef-41f1-afb0-37294a1d04b3@group-3DC5C9CF36DB-LeaderElection33] INFO  impl.LeaderElection (LogUtils.java:infoOrTrace(149)) - a08dd2dd-bfef-41f1-afb0-37294a1d04b3@group-3DC5C9CF36DB-LeaderElection33 got exception when requesting votes: {}
java.util.concurrent.ExecutionException: org.apache.ratis.thirdparty.io.grpc.StatusRuntimeException: UNAVAILABLE: io exception
	at java.util.concurrent.FutureTask.report(FutureTask.java:122)
	at java.util.concurrent.FutureTask.get(FutureTask.java:192)
	at org.apache.ratis.server.impl.LeaderElection.waitForResults(LeaderElection.java:259)
	at org.apache.ratis.server.impl.LeaderElection.askForVotes(LeaderElection.java:197)
	at org.apache.ratis.server.impl.LeaderElection.run(LeaderElection.java:133)
	at java.lang.Thread.run(Thread.java:748)
Caused by: org.apache.ratis.thirdparty.io.grpc.StatusRuntimeException: UNAVAILABLE: io exception
	at org.apache.ratis.thirdparty.io.grpc.stub.ClientCalls.toStatusRuntimeException(ClientCalls.java:233)
	at org.apache.ratis.thirdparty.io.grpc.stub.ClientCalls.getUnchecked(ClientCalls.java:214)
	at org.apache.ratis.thirdparty.io.grpc.stub.ClientCalls.blockingUnaryCall(ClientCalls.java:139)
	at org.apache.ratis.proto.grpc.RaftServerProtocolServiceGrpc$RaftServerProtocolServiceBlockingStub.requestVote(RaftServerProtocolServiceGrpc.java:265)
	at org.apache.ratis.grpc.server.GrpcServerProtocolClient.requestVote(GrpcServerProtocolClient.java:99)
	at org.apache.ratis.grpc.server.GrpcService.requestVote(GrpcService.java:204)
	at org.apache.ratis.server.impl.LeaderElection.lambda$submitRequests$1(LeaderElection.java:234)
	at java.util.concurrent.FutureTask.run(FutureTask.java:266)
	at java.util.concurrent.Executors$RunnableAdapter.call(Executors.java:511)
	at java.util.concurrent.FutureTask.run(FutureTask.java:266)
	at java.util.concurrent.ThreadPoolExecutor.runWorker(ThreadPoolExecutor.java:1149)
	at java.util.concurrent.ThreadPoolExecutor$Worker.run(ThreadPoolExecutor.java:624)
	... 1 more
Caused by: org.apache.ratis.thirdparty.io.netty.channel.AbstractChannel$AnnotatedConnectException: Connection refused: /192.168.164.205:41820
	at sun.nio.ch.SocketChannelImpl.checkConnect(Native Method)
	at sun.nio.ch.SocketChannelImpl.finishConnect(SocketChannelImpl.java:717)
	at org.apache.ratis.thirdparty.io.netty.channel.socket.nio.NioSocketChannel.doFinishConnect(NioSocketChannel.java:327)
	at org.apache.ratis.thirdparty.io.netty.channel.nio.AbstractNioChannel$AbstractNioUnsafe.finishConnect(AbstractNioChannel.java:340)
	at org.apache.ratis.thirdparty.io.netty.channel.nio.NioEventLoop.processSelectedKey(NioEventLoop.java:632)
	at org.apache.ratis.thirdparty.io.netty.channel.nio.NioEventLoop.processSelectedKeysOptimized(NioEventLoop.java:579)
	at org.apache.ratis.thirdparty.io.netty.channel.nio.NioEventLoop.processSelectedKeys(NioEventLoop.java:496)
	at org.apache.ratis.thirdparty.io.netty.channel.nio.NioEventLoop.run(NioEventLoop.java:458)
	at org.apache.ratis.thirdparty.io.netty.util.concurrent.SingleThreadEventExecutor$5.run(SingleThreadEventExecutor.java:897)
	at org.apache.ratis.thirdparty.io.netty.util.concurrent.FastThreadLocalRunnable.run(FastThreadLocalRunnable.java:30)
	... 1 more
Caused by: java.net.ConnectException: Connection refused
	... 11 more
2019-10-03 02:06:00,878 [a08dd2dd-bfef-41f1-afb0-37294a1d04b3@group-3DC5C9CF36DB-LeaderElection33] INFO  impl.LeaderElection (LogUtils.java:infoOrTrace(149)) - a08dd2dd-bfef-41f1-afb0-37294a1d04b3@group-3DC5C9CF36DB-LeaderElection33 got exception when requesting votes: {}
java.util.concurrent.ExecutionException: org.apache.ratis.thirdparty.io.grpc.StatusRuntimeException: UNAVAILABLE: io exception
	at java.util.concurrent.FutureTask.report(FutureTask.java:122)
	at java.util.concurrent.FutureTask.get(FutureTask.java:192)
	at org.apache.ratis.server.impl.LeaderElection.waitForResults(LeaderElection.java:259)
	at org.apache.ratis.server.impl.LeaderElection.askForVotes(LeaderElection.java:197)
	at org.apache.ratis.server.impl.LeaderElection.run(LeaderElection.java:133)
	at java.lang.Thread.run(Thread.java:748)
Caused by: org.apache.ratis.thirdparty.io.grpc.StatusRuntimeException: UNAVAILABLE: io exception
	at org.apache.ratis.thirdparty.io.grpc.stub.ClientCalls.toStatusRuntimeException(ClientCalls.java:233)
	at org.apache.ratis.thirdparty.io.grpc.stub.ClientCalls.getUnchecked(ClientCalls.java:214)
	at org.apache.ratis.thirdparty.io.grpc.stub.ClientCalls.blockingUnaryCall(ClientCalls.java:139)
	at org.apache.ratis.proto.grpc.RaftServerProtocolServiceGrpc$RaftServerProtocolServiceBlockingStub.requestVote(RaftServerProtocolServiceGrpc.java:265)
	at org.apache.ratis.grpc.server.GrpcServerProtocolClient.requestVote(GrpcServerProtocolClient.java:99)
	at org.apache.ratis.grpc.server.GrpcService.requestVote(GrpcService.java:204)
	at org.apache.ratis.server.impl.LeaderElection.lambda$submitRequests$1(LeaderElection.java:234)
	at java.util.concurrent.FutureTask.run(FutureTask.java:266)
	at java.util.concurrent.Executors$RunnableAdapter.call(Executors.java:511)
	at java.util.concurrent.FutureTask.run(FutureTask.java:266)
	at java.util.concurrent.ThreadPoolExecutor.runWorker(ThreadPoolExecutor.java:1149)
	at java.util.concurrent.ThreadPoolExecutor$Worker.run(ThreadPoolExecutor.java:624)
	... 1 more
Caused by: org.apache.ratis.thirdparty.io.netty.channel.AbstractChannel$AnnotatedConnectException: Connection refused: /192.168.164.205:43627
	at sun.nio.ch.SocketChannelImpl.checkConnect(Native Method)
	at sun.nio.ch.SocketChannelImpl.finishConnect(SocketChannelImpl.java:717)
	at org.apache.ratis.thirdparty.io.netty.channel.socket.nio.NioSocketChannel.doFinishConnect(NioSocketChannel.java:327)
	at org.apache.ratis.thirdparty.io.netty.channel.nio.AbstractNioChannel$AbstractNioUnsafe.finishConnect(AbstractNioChannel.java:340)
	at org.apache.ratis.thirdparty.io.netty.channel.nio.NioEventLoop.processSelectedKey(NioEventLoop.java:632)
	at org.apache.ratis.thirdparty.io.netty.channel.nio.NioEventLoop.processSelectedKeysOptimized(NioEventLoop.java:579)
	at org.apache.ratis.thirdparty.io.netty.channel.nio.NioEventLoop.processSelectedKeys(NioEventLoop.java:496)
	at org.apache.ratis.thirdparty.io.netty.channel.nio.NioEventLoop.run(NioEventLoop.java:458)
	at org.apache.ratis.thirdparty.io.netty.util.concurrent.SingleThreadEventExecutor$5.run(SingleThreadEventExecutor.java:897)
	at org.apache.ratis.thirdparty.io.netty.util.concurrent.FastThreadLocalRunnable.run(FastThreadLocalRunnable.java:30)
	... 1 more
Caused by: java.net.ConnectException: Connection refused
	... 11 more
2019-10-03 02:06:00,880 [a08dd2dd-bfef-41f1-afb0-37294a1d04b3@group-3DC5C9CF36DB-LeaderElection33] INFO  impl.LeaderElection (LeaderElection.java:logAndReturn(56)) - a08dd2dd-bfef-41f1-afb0-37294a1d04b3@group-3DC5C9CF36DB-LeaderElection33: Election REJECTED; received 0 response(s) [] and 2 exception(s); a08dd2dd-bfef-41f1-afb0-37294a1d04b3@group-3DC5C9CF36DB:t2, leader=null, voted=a08dd2dd-bfef-41f1-afb0-37294a1d04b3, raftlog=a08dd2dd-bfef-41f1-afb0-37294a1d04b3@group-3DC5C9CF36DB-SegmentedRaftLog:OPENED:c-1,f-1,i0, conf=-1: [a08dd2dd-bfef-41f1-afb0-37294a1d04b3:192.168.164.205:41166, 8973e3a3-7515-4698-8710-d6458ead175a:192.168.164.205:41820, 3165c5d3-e71f-43be-94a3-465948913e79:192.168.164.205:43627], old=null
2019-10-03 02:06:00,880 [a08dd2dd-bfef-41f1-afb0-37294a1d04b3@group-3DC5C9CF36DB-LeaderElection33] INFO  impl.LeaderElection (LogUtils.java:infoOrTrace(149)) -   Exception 0: {}
java.util.concurrent.ExecutionException: org.apache.ratis.thirdparty.io.grpc.StatusRuntimeException: UNAVAILABLE: io exception
	at java.util.concurrent.FutureTask.report(FutureTask.java:122)
	at java.util.concurrent.FutureTask.get(FutureTask.java:192)
	at org.apache.ratis.server.impl.LeaderElection.waitForResults(LeaderElection.java:259)
	at org.apache.ratis.server.impl.LeaderElection.askForVotes(LeaderElection.java:197)
	at org.apache.ratis.server.impl.LeaderElection.run(LeaderElection.java:133)
	at java.lang.Thread.run(Thread.java:748)
Caused by: org.apache.ratis.thirdparty.io.grpc.StatusRuntimeException: UNAVAILABLE: io exception
	at org.apache.ratis.thirdparty.io.grpc.stub.ClientCalls.toStatusRuntimeException(ClientCalls.java:233)
	at org.apache.ratis.thirdparty.io.grpc.stub.ClientCalls.getUnchecked(ClientCalls.java:214)
	at org.apache.ratis.thirdparty.io.grpc.stub.ClientCalls.blockingUnaryCall(ClientCalls.java:139)
	at org.apache.ratis.proto.grpc.RaftServerProtocolServiceGrpc$RaftServerProtocolServiceBlockingStub.requestVote(RaftServerProtocolServiceGrpc.java:265)
	at org.apache.ratis.grpc.server.GrpcServerProtocolClient.requestVote(GrpcServerProtocolClient.java:99)
	at org.apache.ratis.grpc.server.GrpcService.requestVote(GrpcService.java:204)
	at org.apache.ratis.server.impl.LeaderElection.lambda$submitRequests$1(LeaderElection.java:234)
	at java.util.concurrent.FutureTask.run(FutureTask.java:266)
	at java.util.concurrent.Executors$RunnableAdapter.call(Executors.java:511)
	at java.util.concurrent.FutureTask.run(FutureTask.java:266)
	at java.util.concurrent.ThreadPoolExecutor.runWorker(ThreadPoolExecutor.java:1149)
	at java.util.concurrent.ThreadPoolExecutor$Worker.run(ThreadPoolExecutor.java:624)
	... 1 more
Caused by: org.apache.ratis.thirdparty.io.netty.channel.AbstractChannel$AnnotatedConnectException: Connection refused: /192.168.164.205:41820
	at sun.nio.ch.SocketChannelImpl.checkConnect(Native Method)
	at sun.nio.ch.SocketChannelImpl.finishConnect(SocketChannelImpl.java:717)
	at org.apache.ratis.thirdparty.io.netty.channel.socket.nio.NioSocketChannel.doFinishConnect(NioSocketChannel.java:327)
	at org.apache.ratis.thirdparty.io.netty.channel.nio.AbstractNioChannel$AbstractNioUnsafe.finishConnect(AbstractNioChannel.java:340)
	at org.apache.ratis.thirdparty.io.netty.channel.nio.NioEventLoop.processSelectedKey(NioEventLoop.java:632)
	at org.apache.ratis.thirdparty.io.netty.channel.nio.NioEventLoop.processSelectedKeysOptimized(NioEventLoop.java:579)
	at org.apache.ratis.thirdparty.io.netty.channel.nio.NioEventLoop.processSelectedKeys(NioEventLoop.java:496)
	at org.apache.ratis.thirdparty.io.netty.channel.nio.NioEventLoop.run(NioEventLoop.java:458)
	at org.apache.ratis.thirdparty.io.netty.util.concurrent.SingleThreadEventExecutor$5.run(SingleThreadEventExecutor.java:897)
	at org.apache.ratis.thirdparty.io.netty.util.concurrent.FastThreadLocalRunnable.run(FastThreadLocalRunnable.java:30)
	... 1 more
Caused by: java.net.ConnectException: Connection refused
	... 11 more
2019-10-03 02:06:00,880 [a08dd2dd-bfef-41f1-afb0-37294a1d04b3@group-3DC5C9CF36DB-LeaderElection33] INFO  impl.LeaderElection (LogUtils.java:infoOrTrace(149)) -   Exception 1: {}
java.util.concurrent.ExecutionException: org.apache.ratis.thirdparty.io.grpc.StatusRuntimeException: UNAVAILABLE: io exception
	at java.util.concurrent.FutureTask.report(FutureTask.java:122)
	at java.util.concurrent.FutureTask.get(FutureTask.java:192)
	at org.apache.ratis.server.impl.LeaderElection.waitForResults(LeaderElection.java:259)
	at org.apache.ratis.server.impl.LeaderElection.askForVotes(LeaderElection.java:197)
	at org.apache.ratis.server.impl.LeaderElection.run(LeaderElection.java:133)
	at java.lang.Thread.run(Thread.java:748)
Caused by: org.apache.ratis.thirdparty.io.grpc.StatusRuntimeException: UNAVAILABLE: io exception
	at org.apache.ratis.thirdparty.io.grpc.stub.ClientCalls.toStatusRuntimeException(ClientCalls.java:233)
	at org.apache.ratis.thirdparty.io.grpc.stub.ClientCalls.getUnchecked(ClientCalls.java:214)
	at org.apache.ratis.thirdparty.io.grpc.stub.ClientCalls.blockingUnaryCall(ClientCalls.java:139)
	at org.apache.ratis.proto.grpc.RaftServerProtocolServiceGrpc$RaftServerProtocolServiceBlockingStub.requestVote(RaftServerProtocolServiceGrpc.java:265)
	at org.apache.ratis.grpc.server.GrpcServerProtocolClient.requestVote(GrpcServerProtocolClient.java:99)
	at org.apache.ratis.grpc.server.GrpcService.requestVote(GrpcService.java:204)
	at org.apache.ratis.server.impl.LeaderElection.lambda$submitRequests$1(LeaderElection.java:234)
	at java.util.concurrent.FutureTask.run(FutureTask.java:266)
	at java.util.concurrent.Executors$RunnableAdapter.call(Executors.java:511)
	at java.util.concurrent.FutureTask.run(FutureTask.java:266)
	at java.util.concurrent.ThreadPoolExecutor.runWorker(ThreadPoolExecutor.java:1149)
	at java.util.concurrent.ThreadPoolExecutor$Worker.run(ThreadPoolExecutor.java:624)
	... 1 more
Caused by: org.apache.ratis.thirdparty.io.netty.channel.AbstractChannel$AnnotatedConnectException: Connection refused: /192.168.164.205:43627
	at sun.nio.ch.SocketChannelImpl.checkConnect(Native Method)
	at sun.nio.ch.SocketChannelImpl.finishConnect(SocketChannelImpl.java:717)
	at org.apache.ratis.thirdparty.io.netty.channel.socket.nio.NioSocketChannel.doFinishConnect(NioSocketChannel.java:327)
	at org.apache.ratis.thirdparty.io.netty.channel.nio.AbstractNioChannel$AbstractNioUnsafe.finishConnect(AbstractNioChannel.java:340)
	at org.apache.ratis.thirdparty.io.netty.channel.nio.NioEventLoop.processSelectedKey(NioEventLoop.java:632)
	at org.apache.ratis.thirdparty.io.netty.channel.nio.NioEventLoop.processSelectedKeysOptimized(NioEventLoop.java:579)
	at org.apache.ratis.thirdparty.io.netty.channel.nio.NioEventLoop.processSelectedKeys(NioEventLoop.java:496)
	at org.apache.ratis.thirdparty.io.netty.channel.nio.NioEventLoop.run(NioEventLoop.java:458)
	at org.apache.ratis.thirdparty.io.netty.util.concurrent.SingleThreadEventExecutor$5.run(SingleThreadEventExecutor.java:897)
	at org.apache.ratis.thirdparty.io.netty.util.concurrent.FastThreadLocalRunnable.run(FastThreadLocalRunnable.java:30)
	... 1 more
Caused by: java.net.ConnectException: Connection refused
	... 11 more
2019-10-03 02:06:00,881 [a08dd2dd-bfef-41f1-afb0-37294a1d04b3@group-3DC5C9CF36DB-LeaderElection33] INFO  impl.RaftServerImpl (RaftServerImpl.java:setRole(170)) - a08dd2dd-bfef-41f1-afb0-37294a1d04b3@group-3DC5C9CF36DB: changes role from CANDIDATE to FOLLOWER at term 2 for DISCOVERED_A_NEW_TERM
2019-10-03 02:06:00,881 [a08dd2dd-bfef-41f1-afb0-37294a1d04b3@group-3DC5C9CF36DB-LeaderElection33] INFO  impl.RoleInfo (RoleInfo.java:shutdownLeaderElection(134)) - a08dd2dd-bfef-41f1-afb0-37294a1d04b3: shutdown LeaderElection
2019-10-03 02:06:00,881 [a08dd2dd-bfef-41f1-afb0-37294a1d04b3@group-3DC5C9CF36DB-LeaderElection33] INFO  impl.RoleInfo (RoleInfo.java:updateAndGet(143)) - a08dd2dd-bfef-41f1-afb0-37294a1d04b3: start FollowerState
2019-10-03 02:06:01,105 [ForkJoinPool.commonPool-worker-1] INFO  ozoneimpl.OzoneContainer (OzoneContainer.java:stop(231)) - Attempting to stop container services.
2019-10-03 02:06:01,107 [ForkJoinPool.commonPool-worker-1] INFO  impl.RaftServerProxy (RaftServerProxy.java:lambda$close$4(314)) - a08dd2dd-bfef-41f1-afb0-37294a1d04b3: close
2019-10-03 02:06:01,108 [ForkJoinPool.commonPool-worker-1] INFO  impl.RaftServerImpl (RaftServerImpl.java:lambda$shutdown$3(247)) - a08dd2dd-bfef-41f1-afb0-37294a1d04b3@group-3DC5C9CF36DB: shutdown
2019-10-03 02:06:01,108 [ForkJoinPool.commonPool-worker-1] INFO  util.JmxRegister (JmxRegister.java:unregister(73)) - Successfully un-registered JMX Bean with object name Ratis:service=RaftServer,group=group-3DC5C9CF36DB,id=a08dd2dd-bfef-41f1-afb0-37294a1d04b3
2019-10-03 02:06:01,108 [ForkJoinPool.commonPool-worker-1] INFO  impl.RoleInfo (RoleInfo.java:shutdownFollowerState(121)) - a08dd2dd-bfef-41f1-afb0-37294a1d04b3: shutdown FollowerState
2019-10-03 02:06:01,108 [ForkJoinPool.commonPool-worker-1] INFO  impl.StateMachineUpdater (StateMachineUpdater.java:stopAndJoin(136)) - a08dd2dd-bfef-41f1-afb0-37294a1d04b3@group-3DC5C9CF36DB-StateMachineUpdater: set stopIndex = -1
2019-10-03 02:06:01,108 [Thread-1536] INFO  impl.FollowerState (FollowerState.java:run(117)) - a08dd2dd-bfef-41f1-afb0-37294a1d04b3@group-3DC5C9CF36DB-FollowerState was interrupted: java.lang.InterruptedException: sleep interrupted
2019-10-03 02:06:01,108 [ForkJoinPool.commonPool-worker-1] INFO  impl.RaftServerImpl (ServerState.java:close(387)) - a08dd2dd-bfef-41f1-afb0-37294a1d04b3@group-3DC5C9CF36DB: closes. applyIndex: -1
2019-10-03 02:06:01,110 [a08dd2dd-bfef-41f1-afb0-37294a1d04b3@group-3DC5C9CF36DB-SegmentedRaftLogWorker] INFO  segmented.SegmentedRaftLogWorker (SegmentedRaftLogWorker.java:run(316)) - a08dd2dd-bfef-41f1-afb0-37294a1d04b3@group-3DC5C9CF36DB-SegmentedRaftLogWorker was interrupted, exiting. There are 0 tasks remaining in the queue.
2019-10-03 02:06:01,110 [ForkJoinPool.commonPool-worker-1] INFO  segmented.SegmentedRaftLogWorker (SegmentedRaftLogWorker.java:close(224)) - a08dd2dd-bfef-41f1-afb0-37294a1d04b3@group-3DC5C9CF36DB-SegmentedRaftLogWorker close()
2019-10-03 02:06:01,112 [ForkJoinPool.commonPool-worker-1] INFO  impl.RaftServerImpl (RaftServerImpl.java:lambda$shutdown$3(247)) - a08dd2dd-bfef-41f1-afb0-37294a1d04b3@group-8153674CC903: shutdown
2019-10-03 02:06:01,112 [ForkJoinPool.commonPool-worker-1] INFO  util.JmxRegister (JmxRegister.java:unregister(73)) - Successfully un-registered JMX Bean with object name Ratis:service=RaftServer,group=group-8153674CC903,id=a08dd2dd-bfef-41f1-afb0-37294a1d04b3
2019-10-03 02:06:01,113 [ForkJoinPool.commonPool-worker-1] INFO  impl.RoleInfo (RoleInfo.java:shutdownLeaderState(104)) - a08dd2dd-bfef-41f1-afb0-37294a1d04b3: shutdown LeaderState
2019-10-03 02:06:01,113 [ForkJoinPool.commonPool-worker-1] INFO  impl.PendingRequests (PendingRequests.java:sendNotLeaderResponses(202)) - a08dd2dd-bfef-41f1-afb0-37294a1d04b3@group-8153674CC903-PendingRequests: sendNotLeaderResponses
2019-10-03 02:06:01,113 [ForkJoinPool.commonPool-worker-1] INFO  impl.StateMachineUpdater (StateMachineUpdater.java:stopAndJoin(136)) - a08dd2dd-bfef-41f1-afb0-37294a1d04b3@group-8153674CC903-StateMachineUpdater: set stopIndex = 0
2019-10-03 02:06:01,113 [ForkJoinPool.commonPool-worker-1] INFO  impl.RaftServerImpl (ServerState.java:close(387)) - a08dd2dd-bfef-41f1-afb0-37294a1d04b3@group-8153674CC903: closes. applyIndex: 0
2019-10-03 02:06:01,114 [a08dd2dd-bfef-41f1-afb0-37294a1d04b3@group-8153674CC903-SegmentedRaftLogWorker] INFO  segmented.SegmentedRaftLogWorker (SegmentedRaftLogWorker.java:run(316)) - a08dd2dd-bfef-41f1-afb0-37294a1d04b3@group-8153674CC903-SegmentedRaftLogWorker was interrupted, exiting. There are 0 tasks remaining in the queue.
2019-10-03 02:06:01,115 [ForkJoinPool.commonPool-worker-1] INFO  segmented.SegmentedRaftLogWorker (SegmentedRaftLogWorker.java:close(224)) - a08dd2dd-bfef-41f1-afb0-37294a1d04b3@group-8153674CC903-SegmentedRaftLogWorker close()
2019-10-03 02:06:01,117 [ForkJoinPool.commonPool-worker-1] INFO  server.GrpcService (GrpcService.java:closeImpl(164)) - a08dd2dd-bfef-41f1-afb0-37294a1d04b3: shutdown server with port 41166 now
2019-10-03 02:06:01,121 [ForkJoinPool.commonPool-worker-1] INFO  server.GrpcService (GrpcService.java:closeImpl(172)) - a08dd2dd-bfef-41f1-afb0-37294a1d04b3: shutdown server with port 41166 successfully
2019-10-03 02:06:01,123 [refreshUsed-/workdir/hadoop-ozone/ozonefs/target/test-dir/MiniOzoneClusterImpl-e225ac0b-3e0d-428b-8920-e88bce46dc57/datanode-2/data/containers] WARN  fs.CachingGetSpaceUsed (CachingGetSpaceUsed.java:run(183)) - Thread Interrupted waiting to refresh disk information: sleep interrupted
2019-10-03 02:06:01,149 [ForkJoinPool.commonPool-worker-1] INFO  utils.BackgroundService (BackgroundService.java:shutdown(148)) - Shutting down service BlockDeletingService
2019-10-03 02:06:01,150 [ForkJoinPool.commonPool-worker-1] INFO  statemachine.DatanodeStateMachine (DatanodeStateMachine.java:stopDaemon(395)) - Ozone container server stopped.
2019-10-03 02:06:01,153 [ForkJoinPool.commonPool-worker-1] INFO  handler.ContextHandler (ContextHandler.java:doStop(910)) - Stopped o.e.j.w.WebAppContext@721bf7ad{/,null,UNAVAILABLE}{/hddsDatanode}
2019-10-03 02:06:01,154 [ForkJoinPool.commonPool-worker-1] INFO  server.AbstractConnector (AbstractConnector.java:doStop(318)) - Stopped ServerConnector@852ef8d{HTTP/1.1,[http/1.1]}{0.0.0.0:0}
2019-10-03 02:06:01,155 [ForkJoinPool.commonPool-worker-1] INFO  handler.ContextHandler (ContextHandler.java:doStop(910)) - Stopped o.e.j.s.ServletContextHandler@69feb4d9{/static,jar:file:/home/user/.m2/repository/org/apache/hadoop/hadoop-hdds-container-service/0.5.0-SNAPSHOT/hadoop-hdds-container-service-0.5.0-SNAPSHOT.jar!/webapps/static,UNAVAILABLE}
2019-10-03 02:06:01,156 [ForkJoinPool.commonPool-worker-1] INFO  handler.ContextHandler (ContextHandler.java:doStop(910)) - Stopped o.e.j.s.ServletContextHandler@d84b3a2{/logs,file:///workdir/hadoop-ozone/ozonefs/target/log,UNAVAILABLE}
2019-10-03 02:06:01,157 [main] INFO  ozone.MiniOzoneClusterImpl (MiniOzoneClusterImpl.java:stopSCM(392)) - Stopping the StorageContainerManager
2019-10-03 02:06:01,157 [main] INFO  server.StorageContainerManager (StorageContainerManager.java:stop(808)) - Stopping Replication Manager Service.
2019-10-03 02:06:01,157 [main] INFO  container.ReplicationManager (ReplicationManager.java:stop(203)) - Stopping Replication Monitor Thread.
2019-10-03 02:06:01,157 [main] INFO  server.StorageContainerManager (StorageContainerManager.java:stop(815)) - Stopping Lease Manager of the command watchers
2019-10-03 02:06:01,158 [main] INFO  server.StorageContainerManager (StorageContainerManager.java:stop(822)) - Stopping datanode service RPC server
2019-10-03 02:06:01,158 [main] INFO  server.SCMDatanodeProtocolServer (SCMDatanodeProtocolServer.java:stop(367)) - Stopping the RPC server for DataNodes
2019-10-03 02:06:01,158 [main] INFO  ipc.Server (Server.java:stop(3082)) - Stopping server on 41522
2019-10-03 02:06:01,159 [IPC Server listener on 41522] INFO  ipc.Server (Server.java:run(1185)) - Stopping IPC Server listener on 41522
2019-10-03 02:06:01,161 [IPC Server Responder] INFO  ipc.Server (Server.java:run(1319)) - Stopping IPC Server Responder
2019-10-03 02:06:01,176 [SCM Heartbeat Processing Thread - 0] WARN  node.NodeStateManager (NodeStateManager.java:scheduleNextHealthCheck(646)) - Current Thread is interrupted, shutting down HB processing thread for Node Manager.
2019-10-03 02:06:01,176 [main] INFO  server.StorageContainerManager (StorageContainerManager.java:stop(830)) - Stopping block service RPC server
2019-10-03 02:06:01,176 [main] INFO  server.SCMBlockProtocolServer (SCMBlockProtocolServer.java:stop(155)) - Stopping the RPC server for Block Protocol
2019-10-03 02:06:01,177 [main] INFO  ipc.Server (Server.java:stop(3082)) - Stopping server on 35752
2019-10-03 02:06:01,178 [main] INFO  server.StorageContainerManager (StorageContainerManager.java:stop(837)) - Stopping the StorageContainerLocationProtocol RPC server
2019-10-03 02:06:01,179 [IPC Server listener on 35752] INFO  ipc.Server (Server.java:run(1185)) - Stopping IPC Server listener on 35752
2019-10-03 02:06:01,179 [main] INFO  server.SCMClientProtocolServer (SCMClientProtocolServer.java:stop(158)) - Stopping the RPC server for Client Protocol
2019-10-03 02:06:01,180 [main] INFO  ipc.Server (Server.java:stop(3082)) - Stopping server on 38538
2019-10-03 02:06:01,179 [IPC Server Responder] INFO  ipc.Server (Server.java:run(1319)) - Stopping IPC Server Responder
2019-10-03 02:06:01,182 [IPC Server listener on 38538] INFO  ipc.Server (Server.java:run(1185)) - Stopping IPC Server listener on 38538
2019-10-03 02:06:01,182 [main] INFO  server.StorageContainerManager (StorageContainerManager.java:stop(844)) - Stopping Storage Container Manager HTTP server.
2019-10-03 02:06:01,184 [IPC Server Responder] INFO  ipc.Server (Server.java:run(1319)) - Stopping IPC Server Responder
2019-10-03 02:06:01,184 [main] INFO  handler.ContextHandler (ContextHandler.java:doStop(910)) - Stopped o.e.j.w.WebAppContext@3b170235{/,null,UNAVAILABLE}{/scm}
2019-10-03 02:06:01,185 [main] INFO  server.AbstractConnector (AbstractConnector.java:doStop(318)) - Stopped ServerConnector@5e9bf744{HTTP/1.1,[http/1.1]}{0.0.0.0:0}
2019-10-03 02:06:01,185 [main] INFO  handler.ContextHandler (ContextHandler.java:doStop(910)) - Stopped o.e.j.s.ServletContextHandler@230232b0{/static,jar:file:/home/user/.m2/repository/org/apache/hadoop/hadoop-hdds-server-scm/0.5.0-SNAPSHOT/hadoop-hdds-server-scm-0.5.0-SNAPSHOT.jar!/webapps/static,UNAVAILABLE}
2019-10-03 02:06:01,186 [main] INFO  handler.ContextHandler (ContextHandler.java:doStop(910)) - Stopped o.e.j.s.ServletContextHandler@e0d1dc4{/logs,file:///workdir/hadoop-ozone/ozonefs/target/log,UNAVAILABLE}
2019-10-03 02:06:01,187 [main] INFO  server.StorageContainerManager (StorageContainerManager.java:stop(855)) - Stopping Block Manager Service.
2019-10-03 02:06:01,187 [main] INFO  utils.BackgroundService (BackgroundService.java:shutdown(148)) - Shutting down service SCMBlockDeletingService
2019-10-03 02:06:01,187 [main] INFO  utils.BackgroundService (BackgroundService.java:shutdown(148)) - Shutting down service SCMBlockDeletingService
2019-10-03 02:06:01,188 [main] INFO  server.StorageContainerManager (StorageContainerManager.java:stop(877)) - Stopping SCM Event Queue.
2019-10-03 02:06:01,192 [main] INFO  impl.MetricsSystemImpl (MetricsSystemImpl.java:stop(210)) - Stopping HddsDatanode metrics system...
2019-10-03 02:06:01,195 [main] INFO  impl.MetricsSystemImpl (MetricsSystemImpl.java:stop(216)) - HddsDatanode metrics system stopped.
]]></system-out>
    <system-err><![CDATA[Exception in thread "3165c5d3-e71f-43be-94a3-465948913e79@group-193BF8731F3E-LeaderElection31" java.lang.IllegalStateException: ILLEGAL TRANSITION: In 3165c5d3-e71f-43be-94a3-465948913e79@group-193BF8731F3E-LeaderElection31, RUNNING -> CLOSED
	at org.apache.ratis.util.Preconditions.assertTrue(Preconditions.java:63)
	at org.apache.ratis.util.LifeCycle$State.validate(LifeCycle.java:123)
	at org.apache.ratis.util.LifeCycle.transition(LifeCycle.java:143)
	at org.apache.ratis.server.impl.LeaderElection.run(LeaderElection.java:151)
	at java.lang.Thread.run(Thread.java:748)
]]></system-err>
  </testcase>
  <testcase name="testListStatus[1]" classname="org.apache.hadoop.fs.ozone.TestOzoneFileInterfaces" time="17.016">
    <error message="Volume not found ptirtultvh" type="VOLUME_NOT_FOUND org.apache.hadoop.ozone.om.exceptions.OMException">VOLUME_NOT_FOUND org.apache.hadoop.ozone.om.exceptions.OMException: Volume not found ptirtultvh
	at org.apache.hadoop.ozone.om.protocolPB.OzoneManagerProtocolClientSideTranslatorPB.handleError(OzoneManagerProtocolClientSideTranslatorPB.java:732)
	at org.apache.hadoop.ozone.om.protocolPB.OzoneManagerProtocolClientSideTranslatorPB.createDirectory(OzoneManagerProtocolClientSideTranslatorPB.java:1377)
	at sun.reflect.NativeMethodAccessorImpl.invoke0(Native Method)
	at sun.reflect.NativeMethodAccessorImpl.invoke(NativeMethodAccessorImpl.java:62)
	at sun.reflect.DelegatingMethodAccessorImpl.invoke(DelegatingMethodAccessorImpl.java:43)
	at java.lang.reflect.Method.invoke(Method.java:498)
	at org.apache.hadoop.hdds.tracing.TraceAllMethod.invoke(TraceAllMethod.java:66)
	at com.sun.proxy.$Proxy39.createDirectory(Unknown Source)
	at org.apache.hadoop.ozone.client.rpc.RpcClient.createDirectory(RpcClient.java:976)
	at org.apache.hadoop.ozone.client.OzoneBucket.createDirectory(OzoneBucket.java:503)
	at org.apache.hadoop.fs.ozone.BasicOzoneClientAdapterImpl.createDirectory(BasicOzoneClientAdapterImpl.java:236)
	at org.apache.hadoop.fs.ozone.BasicOzoneFileSystem.mkdir(BasicOzoneFileSystem.java:597)
	at org.apache.hadoop.fs.ozone.BasicOzoneFileSystem.mkdirs(BasicOzoneFileSystem.java:607)
	at org.apache.hadoop.fs.FileSystem.mkdirs(FileSystem.java:2275)
	at org.apache.hadoop.fs.ozone.TestOzoneFileInterfaces.testListStatus(TestOzoneFileInterfaces.java:250)
	at sun.reflect.NativeMethodAccessorImpl.invoke0(Native Method)
	at sun.reflect.NativeMethodAccessorImpl.invoke(NativeMethodAccessorImpl.java:62)
	at sun.reflect.DelegatingMethodAccessorImpl.invoke(DelegatingMethodAccessorImpl.java:43)
	at java.lang.reflect.Method.invoke(Method.java:498)
	at org.junit.runners.model.FrameworkMethod$1.runReflectiveCall(FrameworkMethod.java:47)
	at org.junit.internal.runners.model.ReflectiveCallable.run(ReflectiveCallable.java:12)
	at org.junit.runners.model.FrameworkMethod.invokeExplosively(FrameworkMethod.java:44)
	at org.junit.internal.runners.statements.InvokeMethod.evaluate(InvokeMethod.java:17)
	at org.junit.internal.runners.statements.RunBefores.evaluate(RunBefores.java:26)
	at org.junit.internal.runners.statements.RunAfters.evaluate(RunAfters.java:27)
	at org.junit.runners.ParentRunner.runLeaf(ParentRunner.java:271)
	at org.junit.runners.BlockJUnit4ClassRunner.runChild(BlockJUnit4ClassRunner.java:70)
	at org.junit.runners.BlockJUnit4ClassRunner.runChild(BlockJUnit4ClassRunner.java:50)
	at org.junit.runners.ParentRunner$3.run(ParentRunner.java:238)
	at org.junit.runners.ParentRunner$1.schedule(ParentRunner.java:63)
	at org.junit.runners.ParentRunner.runChildren(ParentRunner.java:236)
	at org.junit.runners.ParentRunner.access$000(ParentRunner.java:53)
	at org.junit.runners.ParentRunner$2.evaluate(ParentRunner.java:229)
	at org.junit.runners.ParentRunner.run(ParentRunner.java:309)
	at org.junit.runners.Suite.runChild(Suite.java:127)
	at org.junit.runners.Suite.runChild(Suite.java:26)
	at org.junit.runners.ParentRunner$3.run(ParentRunner.java:238)
	at org.junit.runners.ParentRunner$1.schedule(ParentRunner.java:63)
	at org.junit.runners.ParentRunner.runChildren(ParentRunner.java:236)
	at org.junit.runners.ParentRunner.access$000(ParentRunner.java:53)
	at org.junit.runners.ParentRunner$2.evaluate(ParentRunner.java:229)
	at org.junit.runners.ParentRunner.run(ParentRunner.java:309)
	at org.apache.maven.surefire.junit4.JUnit4Provider.execute(JUnit4Provider.java:365)
	at org.apache.maven.surefire.junit4.JUnit4Provider.executeWithRerun(JUnit4Provider.java:273)
	at org.apache.maven.surefire.junit4.JUnit4Provider.executeTestSet(JUnit4Provider.java:238)
	at org.apache.maven.surefire.junit4.JUnit4Provider.invoke(JUnit4Provider.java:159)
	at org.apache.maven.surefire.booter.ForkedBooter.invokeProviderInSameClassLoader(ForkedBooter.java:384)
	at org.apache.maven.surefire.booter.ForkedBooter.runSuitesInProcess(ForkedBooter.java:345)
	at org.apache.maven.surefire.booter.ForkedBooter.execute(ForkedBooter.java:126)
	at org.apache.maven.surefire.booter.ForkedBooter.main(ForkedBooter.java:418)
</error>
    <system-out><![CDATA[2019-10-03 02:06:01,226 [main] WARN  server.ServerUtils (ServerUtils.java:getScmDbDir(145)) - ozone.scm.db.dirs is not configured. We recommend adding this setting. Falling back to ozone.metadata.dirs instead.
2019-10-03 02:06:01,242 [main] WARN  server.ServerUtils (ServerUtils.java:getScmDbDir(145)) - ozone.scm.db.dirs is not configured. We recommend adding this setting. Falling back to ozone.metadata.dirs instead.
2019-10-03 02:06:01,242 [main] WARN  server.ServerUtils (ServerUtils.java:getScmDbDir(145)) - ozone.scm.db.dirs is not configured. We recommend adding this setting. Falling back to ozone.metadata.dirs instead.
2019-10-03 02:06:01,243 [main] INFO  db.DBStoreBuilder (DBStoreBuilder.java:addTable(110)) - using custom profile for table: deletedBlocks
2019-10-03 02:06:01,243 [main] INFO  db.DBStoreBuilder (DBStoreBuilder.java:processTables(161)) - Using default column profile:DBProfile.DISK for Table:deletedBlocks
2019-10-03 02:06:01,243 [main] INFO  db.DBStoreBuilder (DBStoreBuilder.java:addTable(110)) - using custom profile for table: validCerts
2019-10-03 02:06:01,244 [main] INFO  db.DBStoreBuilder (DBStoreBuilder.java:processTables(161)) - Using default column profile:DBProfile.DISK for Table:validCerts
2019-10-03 02:06:01,244 [main] INFO  db.DBStoreBuilder (DBStoreBuilder.java:addTable(110)) - using custom profile for table: revokedCerts
2019-10-03 02:06:01,244 [main] INFO  db.DBStoreBuilder (DBStoreBuilder.java:processTables(161)) - Using default column profile:DBProfile.DISK for Table:revokedCerts
2019-10-03 02:06:01,245 [main] INFO  db.DBStoreBuilder (DBStoreBuilder.java:addTable(110)) - using custom profile for table: default
2019-10-03 02:06:01,245 [main] INFO  db.DBStoreBuilder (DBStoreBuilder.java:processTables(167)) - Using default column profile:DBProfile.DISK for Table:default
2019-10-03 02:06:01,245 [main] INFO  db.DBStoreBuilder (DBStoreBuilder.java:getDbProfile(198)) - Using default options. DBProfile.DISK
2019-10-03 02:06:01,426 [main] INFO  net.NodeSchemaLoader (NodeSchemaLoader.java:loadSchemaFromFile(125)) - Loading file from sun.misc.CompoundEnumeration@4ebd6fd6
2019-10-03 02:06:01,426 [main] INFO  net.NodeSchemaLoader (NodeSchemaLoader.java:loadSchema(171)) - Loading network topology layer schema file
2019-10-03 02:06:01,434 [main] WARN  server.ServerUtils (ServerUtils.java:sanitizeUserArgs(70)) - ozone.scm.stale.node.interval value = 300000 is larger than max = 100000 based on the key value of ozone.scm.heartbeat.thread.interval, reset to the max value 100000.
2019-10-03 02:06:01,434 [main] WARN  server.ServerUtils (ServerUtils.java:sanitizeUserArgs(70)) - ozone.scm.stale.node.interval value = 300000 is larger than max = 100000 based on the key value of ozone.scm.heartbeat.thread.interval, reset to the max value 100000.
2019-10-03 02:06:01,435 [main] INFO  node.SCMNodeManager (SCMNodeManager.java:<init>(114)) - Entering startup safe mode.
2019-10-03 02:06:01,436 [main] INFO  algorithms.ContainerPlacementPolicyFactory (ContainerPlacementPolicyFactory.java:getPolicy(57)) - Create container placement policy of type org.apache.hadoop.hdds.scm.container.placement.algorithms.SCMContainerPlacementRandom
2019-10-03 02:06:01,436 [main] WARN  server.ServerUtils (ServerUtils.java:getScmDbDir(145)) - ozone.scm.db.dirs is not configured. We recommend adding this setting. Falling back to ozone.metadata.dirs instead.
2019-10-03 02:06:01,515 [main] INFO  pipeline.SCMPipelineManager (SCMPipelineManager.java:initializePipelineState(132)) - No pipeline exists in current db
2019-10-03 02:06:01,516 [main] WARN  server.ServerUtils (ServerUtils.java:getScmDbDir(145)) - ozone.scm.db.dirs is not configured. We recommend adding this setting. Falling back to ozone.metadata.dirs instead.
2019-10-03 02:06:01,601 [main] WARN  events.EventQueue (EventQueue.java:fireEvent(183)) - No event handler registered for event TypedEvent{payloadType=SafeModeStatus, name='SafeModeStatus'}
2019-10-03 02:06:01,602 [main] INFO  ipc.CallQueueManager (CallQueueManager.java:<init>(84)) - Using callQueue: class java.util.concurrent.LinkedBlockingQueue, queueCapacity: 2000, scheduler: class org.apache.hadoop.ipc.DefaultRpcScheduler, ipcBackoff: false.
2019-10-03 02:06:01,603 [Socket Reader #1 for port 35183] INFO  ipc.Server (Server.java:run(1074)) - Starting Socket Reader #1 for port 35183
2019-10-03 02:06:01,606 [main] INFO  ipc.CallQueueManager (CallQueueManager.java:<init>(84)) - Using callQueue: class java.util.concurrent.LinkedBlockingQueue, queueCapacity: 2000, scheduler: class org.apache.hadoop.ipc.DefaultRpcScheduler, ipcBackoff: false.
2019-10-03 02:06:01,607 [Socket Reader #1 for port 42123] INFO  ipc.Server (Server.java:run(1074)) - Starting Socket Reader #1 for port 42123
2019-10-03 02:06:01,609 [main] INFO  ipc.CallQueueManager (CallQueueManager.java:<init>(84)) - Using callQueue: class java.util.concurrent.LinkedBlockingQueue, queueCapacity: 2000, scheduler: class org.apache.hadoop.ipc.DefaultRpcScheduler, ipcBackoff: false.
2019-10-03 02:06:01,610 [Socket Reader #1 for port 37651] INFO  ipc.Server (Server.java:run(1074)) - Starting Socket Reader #1 for port 37651
2019-10-03 02:06:01,613 [main] INFO  hdfs.DFSUtil (DFSUtil.java:httpServerTemplateForNNAndJN(1641)) - Starting Web-server for scm at: http://0.0.0.0:0
2019-10-03 02:06:01,617 [main] INFO  server.AuthenticationFilter (AuthenticationFilter.java:constructSecretProvider(240)) - Unable to initialize FileSignerSecretProvider, falling back to use random secrets.
2019-10-03 02:06:01,618 [main] WARN  http.HttpRequestLog (HttpRequestLog.java:getRequestLog(97)) - Jetty request log can only be enabled using Log4j
2019-10-03 02:06:01,621 [main] INFO  http.HttpServer2 (HttpServer2.java:addGlobalFilter(975)) - Added global filter 'safety' (class=org.apache.hadoop.http.HttpServer2$QuotingInputFilter)
2019-10-03 02:06:01,622 [main] INFO  http.HttpServer2 (HttpServer2.java:addFilter(948)) - Added filter static_user_filter (class=org.apache.hadoop.http.lib.StaticUserWebFilter$StaticUserFilter) to context scm
2019-10-03 02:06:01,622 [main] INFO  http.HttpServer2 (HttpServer2.java:addFilter(958)) - Added filter static_user_filter (class=org.apache.hadoop.http.lib.StaticUserWebFilter$StaticUserFilter) to context static
2019-10-03 02:06:01,623 [main] INFO  http.HttpServer2 (HttpServer2.java:addFilter(958)) - Added filter static_user_filter (class=org.apache.hadoop.http.lib.StaticUserWebFilter$StaticUserFilter) to context logs
2019-10-03 02:06:01,625 [main] INFO  server.StorageContainerManager (StorageContainerManager.java:start(770)) - StorageContainerLocationProtocol RPC server is listening at /0.0.0.0:37651
2019-10-03 02:06:01,628 [main] WARN  impl.MetricsConfig (MetricsConfig.java:loadFirst(134)) - Cannot locate configuration: tried hadoop-metrics2-storagecontainermanager.properties,hadoop-metrics2.properties
2019-10-03 02:06:01,629 [main] INFO  impl.MetricsSystemImpl (MetricsSystemImpl.java:startTimer(374)) - Scheduled Metric snapshot period at 10 second(s).
2019-10-03 02:06:01,629 [main] INFO  impl.MetricsSystemImpl (MetricsSystemImpl.java:start(191)) - StorageContainerManager metrics system started
2019-10-03 02:06:01,665 [main] WARN  impl.MetricsSystemImpl (MetricsSystemImpl.java:register(276)) - Sink prometheus already exists!
2019-10-03 02:06:01,742 [main] INFO  server.SCMClientProtocolServer (SCMClientProtocolServer.java:start(150)) - RPC server for Client  is listening at /0.0.0.0:37651
2019-10-03 02:06:01,743 [IPC Server Responder] INFO  ipc.Server (Server.java:run(1314)) - IPC Server Responder: starting
2019-10-03 02:06:01,743 [IPC Server listener on 37651] INFO  ipc.Server (Server.java:run(1153)) - IPC Server listener on 37651: starting
2019-10-03 02:06:01,748 [main] INFO  server.StorageContainerManager (StorageContainerManager.java:start(780)) - ScmBlockLocationProtocol RPC server is listening at /0.0.0.0:42123
2019-10-03 02:06:01,749 [main] INFO  server.SCMBlockProtocolServer (SCMBlockProtocolServer.java:start(146)) - RPC server for Block Protocol is listening at /0.0.0.0:42123
2019-10-03 02:06:01,749 [IPC Server Responder] INFO  ipc.Server (Server.java:run(1314)) - IPC Server Responder: starting
2019-10-03 02:06:01,749 [IPC Server listener on 42123] INFO  ipc.Server (Server.java:run(1153)) - IPC Server listener on 42123: starting
2019-10-03 02:06:01,754 [main] INFO  server.StorageContainerManager (StorageContainerManager.java:start(784)) - ScmDatanodeProtocl RPC server is listening at /0.0.0.0:35183
2019-10-03 02:06:01,754 [main] INFO  server.SCMDatanodeProtocolServer (SCMDatanodeProtocolServer.java:start(191)) - RPC server for DataNodes is listening at /0.0.0.0:35183
2019-10-03 02:06:01,755 [IPC Server Responder] INFO  ipc.Server (Server.java:run(1314)) - IPC Server Responder: starting
2019-10-03 02:06:01,755 [IPC Server listener on 35183] INFO  ipc.Server (Server.java:run(1153)) - IPC Server listener on 35183: starting
2019-10-03 02:06:01,759 [main] INFO  http.HttpServer2 (HttpServer2.java:bindListener(1191)) - Jetty bound to port 42842
2019-10-03 02:06:01,759 [main] INFO  server.Server (Server.java:doStart(351)) - jetty-9.3.25.v20180904, build timestamp: 2018-09-04T21:11:46Z, git hash: 3ce520221d0240229c862b122d2b06c12a625732
2019-10-03 02:06:01,761 [main] INFO  handler.ContextHandler (ContextHandler.java:doStart(781)) - Started o.e.j.s.ServletContextHandler@2eebce87{/logs,file:///workdir/hadoop-ozone/ozonefs/target/log,AVAILABLE}
2019-10-03 02:06:01,762 [main] INFO  handler.ContextHandler (ContextHandler.java:doStart(781)) - Started o.e.j.s.ServletContextHandler@6775c0d1{/static,jar:file:/home/user/.m2/repository/org/apache/hadoop/hadoop-hdds-server-scm/0.5.0-SNAPSHOT/hadoop-hdds-server-scm-0.5.0-SNAPSHOT.jar!/webapps/static,AVAILABLE}
2019-10-03 02:06:01,801 [main] INFO  handler.ContextHandler (ContextHandler.java:doStart(781)) - Started o.e.j.w.WebAppContext@2b9aeedb{/,file:///tmp/jetty-0.0.0.0-42842-scm-_-any-8075475522429300721.dir/webapp/,AVAILABLE}{/scm}
2019-10-03 02:06:01,802 [main] INFO  server.AbstractConnector (AbstractConnector.java:doStart(278)) - Started ServerConnector@63485d7{HTTP/1.1,[http/1.1]}{0.0.0.0:42842}
2019-10-03 02:06:01,803 [main] INFO  server.Server (Server.java:doStart(419)) - Started @130035ms
2019-10-03 02:06:01,803 [main] WARN  impl.MetricsSystemImpl (MetricsSystemImpl.java:register(276)) - Sink prometheus already exists!
2019-10-03 02:06:01,804 [main] INFO  server.BaseHttpServer (BaseHttpServer.java:updateConnectorAddress(215)) - HTTP server of SCM is listening at http://0.0.0.0:42842
2019-10-03 02:06:01,805 [main] WARN  server.ServerUtils (ServerUtils.java:getDBPath(222)) - ozone.om.db.dirs is not configured. We recommend adding this setting. Falling back to ozone.metadata.dirs instead.
2019-10-03 02:06:01,806 [org.apache.hadoop.util.JvmPauseMonitor$Monitor@59a09be] INFO  util.JvmPauseMonitor (JvmPauseMonitor.java:run(188)) - Starting JVM pause monitor
2019-10-03 02:06:01,821 [main] WARN  server.ServerUtils (ServerUtils.java:getDBPath(222)) - ozone.om.db.dirs is not configured. We recommend adding this setting. Falling back to ozone.metadata.dirs instead.
2019-10-03 02:06:01,821 [main] WARN  server.ServerUtils (ServerUtils.java:getDBPath(222)) - ozone.om.db.dirs is not configured. We recommend adding this setting. Falling back to ozone.metadata.dirs instead.
2019-10-03 02:06:01,822 [main] INFO  om.OzoneManager (OzoneManager.java:setOMNodeDetails(652)) - OM Service ID is not set. Setting it to the default ID: omServiceIdDefault
2019-10-03 02:06:01,822 [main] INFO  om.OzoneManager (OzoneManager.java:setOMNodeDetails(658)) - OM Node ID is not set. Setting it to the OmStorage's OmID: 652aae3e-de34-46a6-a17d-36dbd372d572
2019-10-03 02:06:01,822 [main] INFO  om.OzoneManager (OzoneManager.java:loadOMHAConfigs(609)) - Found matching OM address with OMServiceId: null, OMNodeId: null, RPC Address: localhost:0 and Ratis port: 9872
2019-10-03 02:06:01,832 [main] WARN  server.ServerUtils (ServerUtils.java:getDBPath(222)) - ozone.om.db.dirs is not configured. We recommend adding this setting. Falling back to ozone.metadata.dirs instead.
2019-10-03 02:06:01,832 [main] INFO  db.DBStoreBuilder (DBStoreBuilder.java:addTable(110)) - using custom profile for table: userTable
2019-10-03 02:06:01,832 [main] INFO  db.DBStoreBuilder (DBStoreBuilder.java:processTables(161)) - Using default column profile:DBProfile.DISK for Table:userTable
2019-10-03 02:06:01,833 [main] INFO  db.DBStoreBuilder (DBStoreBuilder.java:addTable(110)) - using custom profile for table: volumeTable
2019-10-03 02:06:01,833 [main] INFO  db.DBStoreBuilder (DBStoreBuilder.java:processTables(161)) - Using default column profile:DBProfile.DISK for Table:volumeTable
2019-10-03 02:06:01,833 [main] INFO  db.DBStoreBuilder (DBStoreBuilder.java:addTable(110)) - using custom profile for table: bucketTable
2019-10-03 02:06:01,833 [main] INFO  db.DBStoreBuilder (DBStoreBuilder.java:processTables(161)) - Using default column profile:DBProfile.DISK for Table:bucketTable
2019-10-03 02:06:01,834 [main] INFO  db.DBStoreBuilder (DBStoreBuilder.java:addTable(110)) - using custom profile for table: keyTable
2019-10-03 02:06:01,834 [main] INFO  db.DBStoreBuilder (DBStoreBuilder.java:processTables(161)) - Using default column profile:DBProfile.DISK for Table:keyTable
2019-10-03 02:06:01,835 [main] INFO  db.DBStoreBuilder (DBStoreBuilder.java:addTable(110)) - using custom profile for table: deletedTable
2019-10-03 02:06:01,835 [main] INFO  db.DBStoreBuilder (DBStoreBuilder.java:processTables(161)) - Using default column profile:DBProfile.DISK for Table:deletedTable
2019-10-03 02:06:01,835 [main] INFO  db.DBStoreBuilder (DBStoreBuilder.java:addTable(110)) - using custom profile for table: openKeyTable
2019-10-03 02:06:01,836 [main] INFO  db.DBStoreBuilder (DBStoreBuilder.java:processTables(161)) - Using default column profile:DBProfile.DISK for Table:openKeyTable
2019-10-03 02:06:01,836 [main] INFO  db.DBStoreBuilder (DBStoreBuilder.java:addTable(110)) - using custom profile for table: s3Table
2019-10-03 02:06:01,836 [main] INFO  db.DBStoreBuilder (DBStoreBuilder.java:processTables(161)) - Using default column profile:DBProfile.DISK for Table:s3Table
2019-10-03 02:06:01,837 [main] INFO  db.DBStoreBuilder (DBStoreBuilder.java:addTable(110)) - using custom profile for table: multipartInfoTable
2019-10-03 02:06:01,837 [main] INFO  db.DBStoreBuilder (DBStoreBuilder.java:processTables(161)) - Using default column profile:DBProfile.DISK for Table:multipartInfoTable
2019-10-03 02:06:01,838 [main] INFO  db.DBStoreBuilder (DBStoreBuilder.java:addTable(110)) - using custom profile for table: dTokenTable
2019-10-03 02:06:01,838 [main] INFO  db.DBStoreBuilder (DBStoreBuilder.java:processTables(161)) - Using default column profile:DBProfile.DISK for Table:dTokenTable
2019-10-03 02:06:01,838 [main] INFO  db.DBStoreBuilder (DBStoreBuilder.java:addTable(110)) - using custom profile for table: s3SecretTable
2019-10-03 02:06:01,839 [main] INFO  db.DBStoreBuilder (DBStoreBuilder.java:processTables(161)) - Using default column profile:DBProfile.DISK for Table:s3SecretTable
2019-10-03 02:06:01,839 [main] INFO  db.DBStoreBuilder (DBStoreBuilder.java:addTable(110)) - using custom profile for table: prefixTable
2019-10-03 02:06:01,839 [main] INFO  db.DBStoreBuilder (DBStoreBuilder.java:processTables(161)) - Using default column profile:DBProfile.DISK for Table:prefixTable
2019-10-03 02:06:01,840 [main] INFO  db.DBStoreBuilder (DBStoreBuilder.java:addTable(110)) - using custom profile for table: default
2019-10-03 02:06:01,840 [main] INFO  db.DBStoreBuilder (DBStoreBuilder.java:processTables(167)) - Using default column profile:DBProfile.DISK for Table:default
2019-10-03 02:06:01,840 [main] INFO  db.DBStoreBuilder (DBStoreBuilder.java:getDbProfile(198)) - Using default options. DBProfile.DISK
2019-10-03 02:06:02,438 [main] INFO  ipc.CallQueueManager (CallQueueManager.java:<init>(84)) - Using callQueue: class java.util.concurrent.LinkedBlockingQueue, queueCapacity: 2000, scheduler: class org.apache.hadoop.ipc.DefaultRpcScheduler, ipcBackoff: false.
2019-10-03 02:06:02,439 [Socket Reader #1 for port 37900] INFO  ipc.Server (Server.java:run(1074)) - Starting Socket Reader #1 for port 37900
2019-10-03 02:06:02,460 [main] INFO  om.OzoneManager (OzoneManager.java:start(1243)) - OzoneManager RPC server is listening at localhost/127.0.0.1:37900
2019-10-03 02:06:02,460 [main] INFO  impl.MetricsSystemImpl (MetricsSystemImpl.java:init(158)) - OzoneManager metrics system started (again)
2019-10-03 02:06:02,461 [IPC Server Responder] INFO  ipc.Server (Server.java:run(1314)) - IPC Server Responder: starting
2019-10-03 02:06:02,461 [IPC Server listener on 37900] INFO  ipc.Server (Server.java:run(1153)) - IPC Server listener on 37900: starting
2019-10-03 02:06:02,467 [main] INFO  hdfs.DFSUtil (DFSUtil.java:httpServerTemplateForNNAndJN(1641)) - Starting Web-server for ozoneManager at: http://0.0.0.0:0
2019-10-03 02:06:02,470 [main] INFO  server.AuthenticationFilter (AuthenticationFilter.java:constructSecretProvider(240)) - Unable to initialize FileSignerSecretProvider, falling back to use random secrets.
2019-10-03 02:06:02,471 [main] WARN  http.HttpRequestLog (HttpRequestLog.java:getRequestLog(97)) - Jetty request log can only be enabled using Log4j
2019-10-03 02:06:02,473 [main] INFO  http.HttpServer2 (HttpServer2.java:addGlobalFilter(975)) - Added global filter 'safety' (class=org.apache.hadoop.http.HttpServer2$QuotingInputFilter)
2019-10-03 02:06:02,474 [main] INFO  http.HttpServer2 (HttpServer2.java:addFilter(948)) - Added filter static_user_filter (class=org.apache.hadoop.http.lib.StaticUserWebFilter$StaticUserFilter) to context ozoneManager
2019-10-03 02:06:02,475 [main] INFO  http.HttpServer2 (HttpServer2.java:addFilter(958)) - Added filter static_user_filter (class=org.apache.hadoop.http.lib.StaticUserWebFilter$StaticUserFilter) to context static
2019-10-03 02:06:02,475 [main] INFO  http.HttpServer2 (HttpServer2.java:addFilter(958)) - Added filter static_user_filter (class=org.apache.hadoop.http.lib.StaticUserWebFilter$StaticUserFilter) to context logs
2019-10-03 02:06:02,476 [main] INFO  http.HttpServer2 (HttpServer2.java:bindListener(1191)) - Jetty bound to port 45641
2019-10-03 02:06:02,476 [main] INFO  server.Server (Server.java:doStart(351)) - jetty-9.3.25.v20180904, build timestamp: 2018-09-04T21:11:46Z, git hash: 3ce520221d0240229c862b122d2b06c12a625732
2019-10-03 02:06:02,478 [main] INFO  handler.ContextHandler (ContextHandler.java:doStart(781)) - Started o.e.j.s.ServletContextHandler@cfd5cd2{/logs,file:///workdir/hadoop-ozone/ozonefs/target/log,AVAILABLE}
2019-10-03 02:06:02,479 [main] INFO  handler.ContextHandler (ContextHandler.java:doStart(781)) - Started o.e.j.s.ServletContextHandler@6d7740f0{/static,jar:file:/home/user/.m2/repository/org/apache/hadoop/hadoop-ozone-ozone-manager/0.5.0-SNAPSHOT/hadoop-ozone-ozone-manager-0.5.0-SNAPSHOT.jar!/webapps/static,AVAILABLE}
2019-10-03 02:06:02,542 [main] INFO  handler.ContextHandler (ContextHandler.java:doStart(781)) - Started o.e.j.w.WebAppContext@23f60b7d{/,file:///tmp/jetty-0.0.0.0-45641-ozoneManager-_-any-4522111051170491087.dir/webapp/,AVAILABLE}{/ozoneManager}
2019-10-03 02:06:02,542 [main] INFO  server.AbstractConnector (AbstractConnector.java:doStart(278)) - Started ServerConnector@2ba9f986{HTTP/1.1,[http/1.1]}{0.0.0.0:45641}
2019-10-03 02:06:02,543 [main] INFO  server.Server (Server.java:doStart(419)) - Started @130775ms
2019-10-03 02:06:02,544 [main] WARN  impl.MetricsSystemImpl (MetricsSystemImpl.java:register(276)) - Sink prometheus already exists!
2019-10-03 02:06:02,544 [main] INFO  server.BaseHttpServer (BaseHttpServer.java:updateConnectorAddress(215)) - HTTP server of OZONEMANAGER is listening at http://0.0.0.0:45641
2019-10-03 02:06:02,555 [main] INFO  impl.MetricsSystemImpl (MetricsSystemImpl.java:init(158)) - HddsDatanode metrics system started (again)
2019-10-03 02:06:02,560 [main] INFO  ozone.HddsDatanodeService (HddsDatanodeService.java:start(184)) - HddsDatanodeService host:pr-hdds-1737-89jld-2007629010 ip:192.168.164.205
2019-10-03 02:06:02,568 [main] INFO  volume.HddsVolume (HddsVolume.java:<init>(176)) - Creating Volume: /workdir/hadoop-ozone/ozonefs/target/test-dir/MiniOzoneClusterImpl-d96513b1-4d4c-4eb0-9b1b-806bae8e7cbe/datanode-0/data/containers/hdds of  storage type : DISK and capacity : 1482555576320
2019-10-03 02:06:02,568 [main] INFO  volume.VolumeSet (VolumeSet.java:initializeVolumeSet(170)) - Added Volume : /workdir/hadoop-ozone/ozonefs/target/test-dir/MiniOzoneClusterImpl-d96513b1-4d4c-4eb0-9b1b-806bae8e7cbe/datanode-0/data/containers/hdds to VolumeSet
2019-10-03 02:06:02,569 [main] INFO  volume.ThrottledAsyncChecker (ThrottledAsyncChecker.java:schedule(139)) - Scheduling a check for org.apache.hadoop.ozone.container.common.volume.HddsVolume@16bbaab3
2019-10-03 02:06:02,570 [main] INFO  volume.HddsVolumeChecker (HddsVolumeChecker.java:checkAllVolumes(202)) - Scheduled health check for volume org.apache.hadoop.ozone.container.common.volume.HddsVolume@16bbaab3
2019-10-03 02:06:02,597 [main] INFO  impl.RaftServerProxy (ConfUtils.java:logGet(43)) - raft.rpc.type = GRPC (default)
2019-10-03 02:06:02,597 [main] INFO  grpc.GrpcFactory (GrpcFactory.java:checkPooledByteBufAllocatorUseCacheForAllThreads(45)) - PERFORMANCE WARNING: useCacheForAllThreads is true that may cause Netty to create a lot garbage objects and, as a result, trigger GC.
	It is recommended to disable useCacheForAllThreads by setting -Dorg.apache.ratis.thirdparty.io.netty.allocator.useCacheForAllThreads=false in command line.
2019-10-03 02:06:02,598 [main] INFO  grpc.GrpcConfigKeys$Server (ConfUtils.java:logGet(43)) - raft.grpc.server.port = 0 (default)
2019-10-03 02:06:02,598 [main] INFO  server.GrpcService (ConfUtils.java:logGet(43)) - raft.grpc.message.size.max = 33570816 (custom)
2019-10-03 02:06:02,598 [main] INFO  server.RaftServerConfigKeys (ConfUtils.java:logGet(43)) - raft.server.log.appender.buffer.byte-limit = 33554432 (custom)
2019-10-03 02:06:02,598 [main] INFO  server.GrpcService (ConfUtils.java:logGet(43)) - raft.grpc.flow.control.window = 1MB (=1048576) (default)
2019-10-03 02:06:02,599 [main] INFO  server.RaftServerConfigKeys (ConfUtils.java:logGet(43)) - raft.server.rpc.request.timeout = 3000ms (default)
2019-10-03 02:06:02,599 [main] INFO  server.RaftServerConfigKeys (ConfUtils.java:logGet(43)) - raft.server.storage.dir = [/workdir/hadoop-ozone/ozonefs/target/test-dir/MiniOzoneClusterImpl-d96513b1-4d4c-4eb0-9b1b-806bae8e7cbe/datanode-0/data/ratis] (custom)
2019-10-03 02:06:02,601 [main] INFO  hdfs.DFSUtil (DFSUtil.java:httpServerTemplateForNNAndJN(1641)) - Starting Web-server for hddsDatanode at: http://0.0.0.0:0
2019-10-03 02:06:02,603 [main] INFO  server.AuthenticationFilter (AuthenticationFilter.java:constructSecretProvider(240)) - Unable to initialize FileSignerSecretProvider, falling back to use random secrets.
2019-10-03 02:06:02,604 [main] WARN  http.HttpRequestLog (HttpRequestLog.java:getRequestLog(97)) - Jetty request log can only be enabled using Log4j
2019-10-03 02:06:02,606 [main] INFO  http.HttpServer2 (HttpServer2.java:addGlobalFilter(975)) - Added global filter 'safety' (class=org.apache.hadoop.http.HttpServer2$QuotingInputFilter)
2019-10-03 02:06:02,606 [main] INFO  http.HttpServer2 (HttpServer2.java:addFilter(948)) - Added filter static_user_filter (class=org.apache.hadoop.http.lib.StaticUserWebFilter$StaticUserFilter) to context hddsDatanode
2019-10-03 02:06:02,607 [main] INFO  http.HttpServer2 (HttpServer2.java:addFilter(958)) - Added filter static_user_filter (class=org.apache.hadoop.http.lib.StaticUserWebFilter$StaticUserFilter) to context static
2019-10-03 02:06:02,607 [main] INFO  http.HttpServer2 (HttpServer2.java:addFilter(958)) - Added filter static_user_filter (class=org.apache.hadoop.http.lib.StaticUserWebFilter$StaticUserFilter) to context logs
2019-10-03 02:06:02,608 [main] INFO  http.HttpServer2 (HttpServer2.java:bindListener(1191)) - Jetty bound to port 36809
2019-10-03 02:06:02,608 [main] INFO  server.Server (Server.java:doStart(351)) - jetty-9.3.25.v20180904, build timestamp: 2018-09-04T21:11:46Z, git hash: 3ce520221d0240229c862b122d2b06c12a625732
2019-10-03 02:06:02,610 [main] INFO  handler.ContextHandler (ContextHandler.java:doStart(781)) - Started o.e.j.s.ServletContextHandler@568f4faa{/logs,file:///workdir/hadoop-ozone/ozonefs/target/log,AVAILABLE}
2019-10-03 02:06:02,610 [main] INFO  handler.ContextHandler (ContextHandler.java:doStart(781)) - Started o.e.j.s.ServletContextHandler@589dfa6f{/static,jar:file:/home/user/.m2/repository/org/apache/hadoop/hadoop-hdds-container-service/0.5.0-SNAPSHOT/hadoop-hdds-container-service-0.5.0-SNAPSHOT.jar!/webapps/static,AVAILABLE}
2019-10-03 02:06:02,642 [main] INFO  handler.ContextHandler (ContextHandler.java:doStart(781)) - Started o.e.j.w.WebAppContext@2a0963be{/,file:///tmp/jetty-0.0.0.0-36809-hddsDatanode-_-any-4258496422965648489.dir/webapp/,AVAILABLE}{/hddsDatanode}
2019-10-03 02:06:02,642 [main] INFO  server.AbstractConnector (AbstractConnector.java:doStart(278)) - Started ServerConnector@7d3bf8db{HTTP/1.1,[http/1.1]}{0.0.0.0:36809}
2019-10-03 02:06:02,644 [main] INFO  server.Server (Server.java:doStart(419)) - Started @130876ms
2019-10-03 02:06:02,644 [main] WARN  impl.MetricsSystemImpl (MetricsSystemImpl.java:register(276)) - Sink prometheus already exists!
2019-10-03 02:06:02,645 [main] INFO  server.BaseHttpServer (BaseHttpServer.java:updateConnectorAddress(215)) - HTTP server of HDDSDATANODE is listening at http://0.0.0.0:36809
2019-10-03 02:06:02,646 [main] INFO  impl.MetricsSystemImpl (MetricsSystemImpl.java:init(158)) - HddsDatanode metrics system started (again)
2019-10-03 02:06:02,650 [org.apache.hadoop.util.JvmPauseMonitor$Monitor@bf1a838] INFO  util.JvmPauseMonitor (JvmPauseMonitor.java:run(188)) - Starting JVM pause monitor
2019-10-03 02:06:02,650 [main] INFO  ozone.HddsDatanodeService (HddsDatanodeService.java:start(184)) - HddsDatanodeService host:pr-hdds-1737-89jld-2007629010 ip:192.168.164.205
2019-10-03 02:06:02,653 [Datanode State Machine Thread - 0] INFO  datanode.InitDatanodeState (InitDatanodeState.java:persistContainerDatanodeDetails(140)) - DatanodeDetails is persisted to /workdir/hadoop-ozone/ozonefs/target/test-dir/MiniOzoneClusterImpl-d96513b1-4d4c-4eb0-9b1b-806bae8e7cbe/datanode-0/meta/datanode.id
2019-10-03 02:06:02,657 [main] INFO  volume.HddsVolume (HddsVolume.java:<init>(176)) - Creating Volume: /workdir/hadoop-ozone/ozonefs/target/test-dir/MiniOzoneClusterImpl-d96513b1-4d4c-4eb0-9b1b-806bae8e7cbe/datanode-1/data/containers/hdds of  storage type : DISK and capacity : 1482555576320
2019-10-03 02:06:02,657 [main] INFO  volume.VolumeSet (VolumeSet.java:initializeVolumeSet(170)) - Added Volume : /workdir/hadoop-ozone/ozonefs/target/test-dir/MiniOzoneClusterImpl-d96513b1-4d4c-4eb0-9b1b-806bae8e7cbe/datanode-1/data/containers/hdds to VolumeSet
2019-10-03 02:06:02,658 [main] INFO  volume.ThrottledAsyncChecker (ThrottledAsyncChecker.java:schedule(139)) - Scheduling a check for org.apache.hadoop.ozone.container.common.volume.HddsVolume@3d8d970e
2019-10-03 02:06:02,658 [main] INFO  volume.HddsVolumeChecker (HddsVolumeChecker.java:checkAllVolumes(202)) - Scheduled health check for volume org.apache.hadoop.ozone.container.common.volume.HddsVolume@3d8d970e
2019-10-03 02:06:02,677 [main] INFO  impl.RaftServerProxy (ConfUtils.java:logGet(43)) - raft.rpc.type = GRPC (default)
2019-10-03 02:06:02,678 [main] INFO  grpc.GrpcFactory (GrpcFactory.java:checkPooledByteBufAllocatorUseCacheForAllThreads(45)) - PERFORMANCE WARNING: useCacheForAllThreads is true that may cause Netty to create a lot garbage objects and, as a result, trigger GC.
	It is recommended to disable useCacheForAllThreads by setting -Dorg.apache.ratis.thirdparty.io.netty.allocator.useCacheForAllThreads=false in command line.
2019-10-03 02:06:02,678 [main] INFO  grpc.GrpcConfigKeys$Server (ConfUtils.java:logGet(43)) - raft.grpc.server.port = 0 (default)
2019-10-03 02:06:02,678 [main] INFO  server.GrpcService (ConfUtils.java:logGet(43)) - raft.grpc.message.size.max = 33570816 (custom)
2019-10-03 02:06:02,678 [main] INFO  server.RaftServerConfigKeys (ConfUtils.java:logGet(43)) - raft.server.log.appender.buffer.byte-limit = 33554432 (custom)
2019-10-03 02:06:02,678 [main] INFO  server.GrpcService (ConfUtils.java:logGet(43)) - raft.grpc.flow.control.window = 1MB (=1048576) (default)
2019-10-03 02:06:02,679 [main] INFO  server.RaftServerConfigKeys (ConfUtils.java:logGet(43)) - raft.server.rpc.request.timeout = 3000ms (default)
2019-10-03 02:06:02,679 [main] INFO  server.RaftServerConfigKeys (ConfUtils.java:logGet(43)) - raft.server.storage.dir = [/workdir/hadoop-ozone/ozonefs/target/test-dir/MiniOzoneClusterImpl-d96513b1-4d4c-4eb0-9b1b-806bae8e7cbe/datanode-1/data/ratis] (custom)
2019-10-03 02:06:02,681 [main] INFO  hdfs.DFSUtil (DFSUtil.java:httpServerTemplateForNNAndJN(1641)) - Starting Web-server for hddsDatanode at: http://0.0.0.0:0
2019-10-03 02:06:02,682 [main] INFO  server.AuthenticationFilter (AuthenticationFilter.java:constructSecretProvider(240)) - Unable to initialize FileSignerSecretProvider, falling back to use random secrets.
2019-10-03 02:06:02,683 [main] WARN  http.HttpRequestLog (HttpRequestLog.java:getRequestLog(97)) - Jetty request log can only be enabled using Log4j
2019-10-03 02:06:02,684 [main] INFO  http.HttpServer2 (HttpServer2.java:addGlobalFilter(975)) - Added global filter 'safety' (class=org.apache.hadoop.http.HttpServer2$QuotingInputFilter)
2019-10-03 02:06:02,685 [main] INFO  http.HttpServer2 (HttpServer2.java:addFilter(948)) - Added filter static_user_filter (class=org.apache.hadoop.http.lib.StaticUserWebFilter$StaticUserFilter) to context hddsDatanode
2019-10-03 02:06:02,685 [main] INFO  http.HttpServer2 (HttpServer2.java:addFilter(958)) - Added filter static_user_filter (class=org.apache.hadoop.http.lib.StaticUserWebFilter$StaticUserFilter) to context static
2019-10-03 02:06:02,685 [main] INFO  http.HttpServer2 (HttpServer2.java:addFilter(958)) - Added filter static_user_filter (class=org.apache.hadoop.http.lib.StaticUserWebFilter$StaticUserFilter) to context logs
2019-10-03 02:06:02,686 [main] INFO  http.HttpServer2 (HttpServer2.java:bindListener(1191)) - Jetty bound to port 39399
2019-10-03 02:06:02,686 [main] INFO  server.Server (Server.java:doStart(351)) - jetty-9.3.25.v20180904, build timestamp: 2018-09-04T21:11:46Z, git hash: 3ce520221d0240229c862b122d2b06c12a625732
2019-10-03 02:06:02,688 [main] INFO  handler.ContextHandler (ContextHandler.java:doStart(781)) - Started o.e.j.s.ServletContextHandler@1c7f6e96{/logs,file:///workdir/hadoop-ozone/ozonefs/target/log,AVAILABLE}
2019-10-03 02:06:02,688 [main] INFO  handler.ContextHandler (ContextHandler.java:doStart(781)) - Started o.e.j.s.ServletContextHandler@1ac0cdb0{/static,jar:file:/home/user/.m2/repository/org/apache/hadoop/hadoop-hdds-container-service/0.5.0-SNAPSHOT/hadoop-hdds-container-service-0.5.0-SNAPSHOT.jar!/webapps/static,AVAILABLE}
2019-10-03 02:06:02,715 [main] INFO  handler.ContextHandler (ContextHandler.java:doStart(781)) - Started o.e.j.w.WebAppContext@3d0352{/,file:///tmp/jetty-0.0.0.0-39399-hddsDatanode-_-any-8022847138628246565.dir/webapp/,AVAILABLE}{/hddsDatanode}
2019-10-03 02:06:02,715 [main] INFO  server.AbstractConnector (AbstractConnector.java:doStart(278)) - Started ServerConnector@bb6f3f7{HTTP/1.1,[http/1.1]}{0.0.0.0:39399}
2019-10-03 02:06:02,717 [main] INFO  server.Server (Server.java:doStart(419)) - Started @130949ms
2019-10-03 02:06:02,717 [main] WARN  impl.MetricsSystemImpl (MetricsSystemImpl.java:register(276)) - Sink prometheus already exists!
2019-10-03 02:06:02,718 [main] INFO  server.BaseHttpServer (BaseHttpServer.java:updateConnectorAddress(215)) - HTTP server of HDDSDATANODE is listening at http://0.0.0.0:39399
2019-10-03 02:06:02,718 [main] INFO  impl.MetricsSystemImpl (MetricsSystemImpl.java:init(158)) - HddsDatanode metrics system started (again)
2019-10-03 02:06:02,722 [org.apache.hadoop.util.JvmPauseMonitor$Monitor@a4a6749] INFO  util.JvmPauseMonitor (JvmPauseMonitor.java:run(188)) - Starting JVM pause monitor
2019-10-03 02:06:02,723 [main] INFO  ozone.HddsDatanodeService (HddsDatanodeService.java:start(184)) - HddsDatanodeService host:pr-hdds-1737-89jld-2007629010 ip:192.168.164.205
2019-10-03 02:06:02,725 [Datanode State Machine Thread - 0] INFO  datanode.InitDatanodeState (InitDatanodeState.java:persistContainerDatanodeDetails(140)) - DatanodeDetails is persisted to /workdir/hadoop-ozone/ozonefs/target/test-dir/MiniOzoneClusterImpl-d96513b1-4d4c-4eb0-9b1b-806bae8e7cbe/datanode-1/meta/datanode.id
2019-10-03 02:06:02,730 [main] INFO  volume.HddsVolume (HddsVolume.java:<init>(176)) - Creating Volume: /workdir/hadoop-ozone/ozonefs/target/test-dir/MiniOzoneClusterImpl-d96513b1-4d4c-4eb0-9b1b-806bae8e7cbe/datanode-2/data/containers/hdds of  storage type : DISK and capacity : 1482555576320
2019-10-03 02:06:02,730 [main] INFO  volume.VolumeSet (VolumeSet.java:initializeVolumeSet(170)) - Added Volume : /workdir/hadoop-ozone/ozonefs/target/test-dir/MiniOzoneClusterImpl-d96513b1-4d4c-4eb0-9b1b-806bae8e7cbe/datanode-2/data/containers/hdds to VolumeSet
2019-10-03 02:06:02,730 [main] INFO  volume.ThrottledAsyncChecker (ThrottledAsyncChecker.java:schedule(139)) - Scheduling a check for org.apache.hadoop.ozone.container.common.volume.HddsVolume@7b211077
2019-10-03 02:06:02,731 [main] INFO  volume.HddsVolumeChecker (HddsVolumeChecker.java:checkAllVolumes(202)) - Scheduled health check for volume org.apache.hadoop.ozone.container.common.volume.HddsVolume@7b211077
2019-10-03 02:06:02,750 [main] INFO  impl.RaftServerProxy (ConfUtils.java:logGet(43)) - raft.rpc.type = GRPC (default)
2019-10-03 02:06:02,750 [main] INFO  grpc.GrpcFactory (GrpcFactory.java:checkPooledByteBufAllocatorUseCacheForAllThreads(45)) - PERFORMANCE WARNING: useCacheForAllThreads is true that may cause Netty to create a lot garbage objects and, as a result, trigger GC.
	It is recommended to disable useCacheForAllThreads by setting -Dorg.apache.ratis.thirdparty.io.netty.allocator.useCacheForAllThreads=false in command line.
2019-10-03 02:06:02,751 [main] INFO  grpc.GrpcConfigKeys$Server (ConfUtils.java:logGet(43)) - raft.grpc.server.port = 0 (default)
2019-10-03 02:06:02,751 [main] INFO  server.GrpcService (ConfUtils.java:logGet(43)) - raft.grpc.message.size.max = 33570816 (custom)
2019-10-03 02:06:02,751 [main] INFO  server.RaftServerConfigKeys (ConfUtils.java:logGet(43)) - raft.server.log.appender.buffer.byte-limit = 33554432 (custom)
2019-10-03 02:06:02,751 [main] INFO  server.GrpcService (ConfUtils.java:logGet(43)) - raft.grpc.flow.control.window = 1MB (=1048576) (default)
2019-10-03 02:06:02,751 [main] INFO  server.RaftServerConfigKeys (ConfUtils.java:logGet(43)) - raft.server.rpc.request.timeout = 3000ms (default)
2019-10-03 02:06:02,752 [main] INFO  server.RaftServerConfigKeys (ConfUtils.java:logGet(43)) - raft.server.storage.dir = [/workdir/hadoop-ozone/ozonefs/target/test-dir/MiniOzoneClusterImpl-d96513b1-4d4c-4eb0-9b1b-806bae8e7cbe/datanode-2/data/ratis] (custom)
2019-10-03 02:06:02,753 [main] INFO  hdfs.DFSUtil (DFSUtil.java:httpServerTemplateForNNAndJN(1641)) - Starting Web-server for hddsDatanode at: http://0.0.0.0:0
2019-10-03 02:06:02,755 [main] INFO  server.AuthenticationFilter (AuthenticationFilter.java:constructSecretProvider(240)) - Unable to initialize FileSignerSecretProvider, falling back to use random secrets.
2019-10-03 02:06:02,755 [main] WARN  http.HttpRequestLog (HttpRequestLog.java:getRequestLog(97)) - Jetty request log can only be enabled using Log4j
2019-10-03 02:06:02,757 [main] INFO  http.HttpServer2 (HttpServer2.java:addGlobalFilter(975)) - Added global filter 'safety' (class=org.apache.hadoop.http.HttpServer2$QuotingInputFilter)
2019-10-03 02:06:02,757 [main] INFO  http.HttpServer2 (HttpServer2.java:addFilter(948)) - Added filter static_user_filter (class=org.apache.hadoop.http.lib.StaticUserWebFilter$StaticUserFilter) to context hddsDatanode
2019-10-03 02:06:02,757 [main] INFO  http.HttpServer2 (HttpServer2.java:addFilter(958)) - Added filter static_user_filter (class=org.apache.hadoop.http.lib.StaticUserWebFilter$StaticUserFilter) to context static
2019-10-03 02:06:02,757 [main] INFO  http.HttpServer2 (HttpServer2.java:addFilter(958)) - Added filter static_user_filter (class=org.apache.hadoop.http.lib.StaticUserWebFilter$StaticUserFilter) to context logs
2019-10-03 02:06:02,758 [main] INFO  http.HttpServer2 (HttpServer2.java:bindListener(1191)) - Jetty bound to port 40302
2019-10-03 02:06:02,758 [main] INFO  server.Server (Server.java:doStart(351)) - jetty-9.3.25.v20180904, build timestamp: 2018-09-04T21:11:46Z, git hash: 3ce520221d0240229c862b122d2b06c12a625732
2019-10-03 02:06:02,760 [main] INFO  handler.ContextHandler (ContextHandler.java:doStart(781)) - Started o.e.j.s.ServletContextHandler@20b54cfe{/logs,file:///workdir/hadoop-ozone/ozonefs/target/log,AVAILABLE}
2019-10-03 02:06:02,760 [main] INFO  handler.ContextHandler (ContextHandler.java:doStart(781)) - Started o.e.j.s.ServletContextHandler@5c9e8a67{/static,jar:file:/home/user/.m2/repository/org/apache/hadoop/hadoop-hdds-container-service/0.5.0-SNAPSHOT/hadoop-hdds-container-service-0.5.0-SNAPSHOT.jar!/webapps/static,AVAILABLE}
2019-10-03 02:06:02,788 [main] INFO  handler.ContextHandler (ContextHandler.java:doStart(781)) - Started o.e.j.w.WebAppContext@41bb1f09{/,file:///tmp/jetty-0.0.0.0-40302-hddsDatanode-_-any-3980743668432340538.dir/webapp/,AVAILABLE}{/hddsDatanode}
2019-10-03 02:06:02,788 [main] INFO  server.AbstractConnector (AbstractConnector.java:doStart(278)) - Started ServerConnector@349f0ca4{HTTP/1.1,[http/1.1]}{0.0.0.0:40302}
2019-10-03 02:06:02,790 [main] INFO  server.Server (Server.java:doStart(419)) - Started @131022ms
2019-10-03 02:06:02,790 [main] WARN  impl.MetricsSystemImpl (MetricsSystemImpl.java:register(276)) - Sink prometheus already exists!
2019-10-03 02:06:02,791 [main] INFO  server.BaseHttpServer (BaseHttpServer.java:updateConnectorAddress(215)) - HTTP server of HDDSDATANODE is listening at http://0.0.0.0:40302
2019-10-03 02:06:02,791 [main] INFO  ozone.MiniOzoneClusterImpl (MiniOzoneClusterImpl.java:lambda$waitForClusterToBeReady$0(147)) - Waiting for cluster to be ready. Got 0 of 3 DN Heartbeats.
2019-10-03 02:06:02,792 [org.apache.hadoop.util.JvmPauseMonitor$Monitor@7fb29fae] INFO  util.JvmPauseMonitor (JvmPauseMonitor.java:run(188)) - Starting JVM pause monitor
2019-10-03 02:06:02,794 [Datanode State Machine Thread - 0] INFO  datanode.InitDatanodeState (InitDatanodeState.java:persistContainerDatanodeDetails(140)) - DatanodeDetails is persisted to /workdir/hadoop-ozone/ozonefs/target/test-dir/MiniOzoneClusterImpl-d96513b1-4d4c-4eb0-9b1b-806bae8e7cbe/datanode-2/meta/datanode.id
2019-10-03 02:06:03,791 [main] INFO  ozone.MiniOzoneClusterImpl (MiniOzoneClusterImpl.java:lambda$waitForClusterToBeReady$0(147)) - Waiting for cluster to be ready. Got 0 of 3 DN Heartbeats.
2019-10-03 02:06:04,674 [Datanode State Machine Thread - 0] INFO  ozoneimpl.OzoneContainer (OzoneContainer.java:start(217)) - Attempting to start container services.
2019-10-03 02:06:04,674 [Datanode State Machine Thread - 0] INFO  ozoneimpl.OzoneContainer (OzoneContainer.java:startContainerScrub(179)) - Background container scanner has been disabled.
2019-10-03 02:06:04,674 [Datanode State Machine Thread - 0] INFO  ratis.XceiverServerRatis (XceiverServerRatis.java:start(417)) - Starting XceiverServerRatis 323b1b2a-e94a-4410-aa1f-d74531150e93 at port 0
2019-10-03 02:06:04,681 [Datanode State Machine Thread - 0] INFO  impl.RaftServerProxy (RaftServerProxy.java:lambda$start$3(299)) - 323b1b2a-e94a-4410-aa1f-d74531150e93: start RPC server
2019-10-03 02:06:04,684 [Datanode State Machine Thread - 0] INFO  server.GrpcService (GrpcService.java:startImpl(158)) - 323b1b2a-e94a-4410-aa1f-d74531150e93: GrpcService started, listening on 0.0.0.0/0.0.0.0:34891
2019-10-03 02:06:04,684 [Datanode State Machine Thread - 0] INFO  ratis.XceiverServerRatis (XceiverServerRatis.java:start(427)) - XceiverServerRatis 323b1b2a-e94a-4410-aa1f-d74531150e93 is started using port 34891
2019-10-03 02:06:04,686 [Datanode State Machine Thread - 0] INFO  server.XceiverServerGrpc (XceiverServerGrpc.java:start(149)) - XceiverServerGrpc 323b1b2a-e94a-4410-aa1f-d74531150e93 is started using port 36018
2019-10-03 02:06:04,737 [Datanode State Machine Thread - 0] INFO  ozoneimpl.OzoneContainer (OzoneContainer.java:start(217)) - Attempting to start container services.
2019-10-03 02:06:04,737 [Datanode State Machine Thread - 0] INFO  ozoneimpl.OzoneContainer (OzoneContainer.java:startContainerScrub(179)) - Background container scanner has been disabled.
2019-10-03 02:06:04,738 [Datanode State Machine Thread - 0] INFO  ratis.XceiverServerRatis (XceiverServerRatis.java:start(417)) - Starting XceiverServerRatis 91cb662d-af32-43f9-aa19-f357390709b0 at port 0
2019-10-03 02:06:04,743 [Datanode State Machine Thread - 0] INFO  impl.RaftServerProxy (RaftServerProxy.java:lambda$start$3(299)) - 91cb662d-af32-43f9-aa19-f357390709b0: start RPC server
2019-10-03 02:06:04,744 [Datanode State Machine Thread - 0] INFO  server.GrpcService (GrpcService.java:startImpl(158)) - 91cb662d-af32-43f9-aa19-f357390709b0: GrpcService started, listening on 0.0.0.0/0.0.0.0:37806
2019-10-03 02:06:04,744 [Datanode State Machine Thread - 0] INFO  ratis.XceiverServerRatis (XceiverServerRatis.java:start(427)) - XceiverServerRatis 91cb662d-af32-43f9-aa19-f357390709b0 is started using port 37806
2019-10-03 02:06:04,746 [Datanode State Machine Thread - 0] INFO  server.XceiverServerGrpc (XceiverServerGrpc.java:start(149)) - XceiverServerGrpc 91cb662d-af32-43f9-aa19-f357390709b0 is started using port 44011
2019-10-03 02:06:04,792 [main] INFO  ozone.MiniOzoneClusterImpl (MiniOzoneClusterImpl.java:lambda$waitForClusterToBeReady$0(147)) - Waiting for cluster to be ready. Got 0 of 3 DN Heartbeats.
2019-10-03 02:06:04,805 [Datanode State Machine Thread - 0] INFO  ozoneimpl.OzoneContainer (OzoneContainer.java:start(217)) - Attempting to start container services.
2019-10-03 02:06:04,805 [Datanode State Machine Thread - 0] INFO  ozoneimpl.OzoneContainer (OzoneContainer.java:startContainerScrub(179)) - Background container scanner has been disabled.
2019-10-03 02:06:04,805 [Datanode State Machine Thread - 0] INFO  ratis.XceiverServerRatis (XceiverServerRatis.java:start(417)) - Starting XceiverServerRatis 391bb984-dc97-47b1-9e0e-6d9306879c13 at port 0
2019-10-03 02:06:04,811 [Datanode State Machine Thread - 0] INFO  impl.RaftServerProxy (RaftServerProxy.java:lambda$start$3(299)) - 391bb984-dc97-47b1-9e0e-6d9306879c13: start RPC server
2019-10-03 02:06:04,812 [Datanode State Machine Thread - 0] INFO  server.GrpcService (GrpcService.java:startImpl(158)) - 391bb984-dc97-47b1-9e0e-6d9306879c13: GrpcService started, listening on 0.0.0.0/0.0.0.0:32859
2019-10-03 02:06:04,812 [Datanode State Machine Thread - 0] INFO  ratis.XceiverServerRatis (XceiverServerRatis.java:start(427)) - XceiverServerRatis 391bb984-dc97-47b1-9e0e-6d9306879c13 is started using port 32859
2019-10-03 02:06:04,812 [Datanode State Machine Thread - 0] INFO  server.XceiverServerGrpc (XceiverServerGrpc.java:start(149)) - XceiverServerGrpc 391bb984-dc97-47b1-9e0e-6d9306879c13 is started using port 45336
2019-10-03 02:06:05,792 [main] INFO  ozone.MiniOzoneClusterImpl (MiniOzoneClusterImpl.java:lambda$waitForClusterToBeReady$0(147)) - Waiting for cluster to be ready. Got 0 of 3 DN Heartbeats.
2019-10-03 02:06:06,655 [IPC Server handler 1 on 35183] INFO  net.NetworkTopology (NetworkTopologyImpl.java:add(111)) - Added a new node: /default-rack/323b1b2a-e94a-4410-aa1f-d74531150e93
2019-10-03 02:06:06,658 [IPC Server handler 1 on 35183] INFO  node.SCMNodeManager (SCMNodeManager.java:register(266)) - Registered Data node : 323b1b2a-e94a-4410-aa1f-d74531150e93{ip: 192.168.164.205, host: pr-hdds-1737-89jld-2007629010, networkLocation: /default-rack, certSerialId: null}
2019-10-03 02:06:06,659 [EventQueue-NodeRegistrationContainerReportForDataNodeSafeModeRule] INFO  safemode.SCMSafeModeManager (DataNodeSafeModeRule.java:process(71)) - SCM in safe mode. 1 DataNodes registered, 1 required.
2019-10-03 02:06:06,661 [EventQueue-NodeRegistrationContainerReportForDataNodeSafeModeRule] INFO  safemode.SCMSafeModeManager (SCMSafeModeManager.java:validateSafeModeExitRules(177)) - ScmSafeModeManager, all rules are successfully validated
2019-10-03 02:06:06,661 [EventQueue-NodeRegistrationContainerReportForDataNodeSafeModeRule] INFO  safemode.SCMSafeModeManager (SCMSafeModeManager.java:exitSafeMode(193)) - SCM exiting safe mode.
2019-10-03 02:06:06,672 [grpc-default-executor-0] INFO  impl.RaftServerProxy (RaftServerProxy.java:addNew(89)) - 323b1b2a-e94a-4410-aa1f-d74531150e93: addNew group-9E9C06EB75F4:[323b1b2a-e94a-4410-aa1f-d74531150e93:192.168.164.205:34891] returns group-9E9C06EB75F4:java.util.concurrent.CompletableFuture@3988408d[Not completed]
2019-10-03 02:06:06,674 [pool-378-thread-1] INFO  impl.RaftServerImpl (RaftServerImpl.java:<init>(95)) - 323b1b2a-e94a-4410-aa1f-d74531150e93: new RaftServerImpl for group-9E9C06EB75F4:[323b1b2a-e94a-4410-aa1f-d74531150e93:192.168.164.205:34891] with ContainerStateMachine:uninitialized
2019-10-03 02:06:06,674 [pool-378-thread-1] INFO  server.RaftServerConfigKeys (ConfUtils.java:logGet(43)) - raft.server.rpc.timeout.min = 5s (custom)
2019-10-03 02:06:06,674 [pool-378-thread-1] INFO  server.RaftServerConfigKeys (ConfUtils.java:logGet(43)) - raft.server.rpc.timeout.max = 5200ms (custom)
2019-10-03 02:06:06,674 [pool-378-thread-1] INFO  server.RaftServerConfigKeys (ConfUtils.java:logGet(43)) - raft.server.rpcslowness.timeout = 120s (custom)
2019-10-03 02:06:06,675 [pool-378-thread-1] INFO  server.RaftServerConfigKeys (ConfUtils.java:logGet(43)) - raft.server.sleep.deviation.threshold = 300 (default)
2019-10-03 02:06:06,675 [pool-378-thread-1] INFO  server.RaftServerConfigKeys (ConfUtils.java:logGet(43)) - raft.server.log.appender.install.snapshot.enabled = false (custom)
2019-10-03 02:06:06,675 [pool-378-thread-1] INFO  impl.RaftServerImpl (ServerState.java:<init>(103)) - 323b1b2a-e94a-4410-aa1f-d74531150e93@group-9E9C06EB75F4: ConfigurationManager, init=-1: [323b1b2a-e94a-4410-aa1f-d74531150e93:192.168.164.205:34891], old=null, confs=<EMPTY_MAP>
2019-10-03 02:06:06,675 [pool-378-thread-1] INFO  server.RaftServerConfigKeys (ConfUtils.java:logGet(43)) - raft.server.storage.dir = [/workdir/hadoop-ozone/ozonefs/target/test-dir/MiniOzoneClusterImpl-d96513b1-4d4c-4eb0-9b1b-806bae8e7cbe/datanode-0/data/ratis] (custom)
2019-10-03 02:06:06,675 [pool-378-thread-1] INFO  server.RaftServerConfigKeys (ConfUtils.java:logGet(43)) - raft.server.log.corruption.policy = EXCEPTION (default)
2019-10-03 02:06:06,676 [pool-378-thread-1] INFO  storage.RaftStorageDirectory (RaftStorageDirectory.java:analyzeStorage(246)) - The storage directory /workdir/hadoop-ozone/ozonefs/target/test-dir/MiniOzoneClusterImpl-d96513b1-4d4c-4eb0-9b1b-806bae8e7cbe/datanode-0/data/ratis/7eb8a7d5-c59a-43d8-9e9d-9e9c06eb75f4 does not exist. Creating ...
2019-10-03 02:06:06,689 [pool-378-thread-1] INFO  storage.RaftStorageDirectory (RaftStorageDirectory.java:tryLock(328)) - Lock on /workdir/hadoop-ozone/ozonefs/target/test-dir/MiniOzoneClusterImpl-d96513b1-4d4c-4eb0-9b1b-806bae8e7cbe/datanode-0/data/ratis/7eb8a7d5-c59a-43d8-9e9d-9e9c06eb75f4/in_use.lock acquired by nodename 19677@pr-hdds-1737-89jld-2007629010
2019-10-03 02:06:06,703 [pool-378-thread-1] INFO  storage.RaftStorage (RaftStorage.java:format(84)) - Storage directory /workdir/hadoop-ozone/ozonefs/target/test-dir/MiniOzoneClusterImpl-d96513b1-4d4c-4eb0-9b1b-806bae8e7cbe/datanode-0/data/ratis/7eb8a7d5-c59a-43d8-9e9d-9e9c06eb75f4 has been successfully formatted.
2019-10-03 02:06:06,703 [pool-378-thread-1] INFO  ratis.ContainerStateMachine (ContainerStateMachine.java:loadSnapshot(230)) - group-9E9C06EB75F4: The snapshot info is null. Setting the last applied indexto:(t:0, i:~)
2019-10-03 02:06:06,703 [pool-378-thread-1] INFO  server.RaftServerConfigKeys (ConfUtils.java:logGet(43)) - raft.server.notification.no-leader.timeout = 120s (custom)
2019-10-03 02:06:06,703 [pool-378-thread-1] INFO  server.RaftServerConfigKeys (ConfUtils.java:logGet(43)) - raft.server.log.use.memory = false (default)
2019-10-03 02:06:06,703 [pool-378-thread-1] INFO  server.RaftServerConfigKeys (ConfUtils.java:logGet(43)) - raft.server.log.purge.gap = 1000000 (custom)
2019-10-03 02:06:06,704 [pool-378-thread-1] INFO  server.RaftServerConfigKeys (ConfUtils.java:logGet(43)) - raft.server.log.appender.buffer.byte-limit = 33554432 (custom)
2019-10-03 02:06:06,704 [pool-378-thread-1] INFO  server.RaftServerConfigKeys (ConfUtils.java:logGet(43)) - raft.server.log.segment.size.max = 1048576 (custom)
2019-10-03 02:06:06,706 [pool-378-thread-1] INFO  server.RaftServerConfigKeys (ConfUtils.java:logGet(43)) - raft.server.log.segment.cache.num.max = 2 (custom)
2019-10-03 02:06:06,706 [pool-378-thread-1] INFO  segmented.SegmentedRaftLogWorker (SegmentedRaftLogWorker.java:<init>(173)) - new 323b1b2a-e94a-4410-aa1f-d74531150e93@group-9E9C06EB75F4-SegmentedRaftLogWorker for RaftStorage:Storage Directory /workdir/hadoop-ozone/ozonefs/target/test-dir/MiniOzoneClusterImpl-d96513b1-4d4c-4eb0-9b1b-806bae8e7cbe/datanode-0/data/ratis/7eb8a7d5-c59a-43d8-9e9d-9e9c06eb75f4
2019-10-03 02:06:06,706 [pool-378-thread-1] INFO  server.RaftServerConfigKeys (ConfUtils.java:logGet(43)) - raft.server.log.queue.byte-limit = 2147483647 (custom)
2019-10-03 02:06:06,706 [pool-378-thread-1] INFO  server.RaftServerConfigKeys (ConfUtils.java:logGet(43)) - raft.server.log.queue.element-limit = 1024 (custom)
2019-10-03 02:06:06,706 [pool-378-thread-1] INFO  server.RaftServerConfigKeys (ConfUtils.java:logGet(43)) - raft.server.log.segment.size.max = 1048576 (custom)
2019-10-03 02:06:06,706 [pool-378-thread-1] INFO  server.RaftServerConfigKeys (ConfUtils.java:logGet(43)) - raft.server.log.preallocated.size = 16384 (custom)
2019-10-03 02:06:06,707 [pool-378-thread-1] INFO  server.RaftServerConfigKeys (ConfUtils.java:logGet(43)) - raft.server.log.write.buffer.size = 33554432 (custom)
2019-10-03 02:06:06,707 [pool-378-thread-1] INFO  server.RaftServerConfigKeys (ConfUtils.java:logGet(43)) - raft.server.log.force.sync.num = 128 (default)
2019-10-03 02:06:06,707 [pool-378-thread-1] INFO  server.RaftServerConfigKeys (ConfUtils.java:logGet(43)) - raft.server.log.statemachine.data.sync = true (default)
2019-10-03 02:06:06,707 [pool-378-thread-1] INFO  server.RaftServerConfigKeys (ConfUtils.java:logGet(43)) - raft.server.log.statemachine.data.sync.timeout = 10s (default)
2019-10-03 02:06:06,707 [pool-378-thread-1] INFO  server.RaftServerConfigKeys (ConfUtils.java:logGet(43)) - raft.server.log.statemachine.data.sync.timeout.retry = -1 (default)
2019-10-03 02:06:06,708 [pool-378-thread-1] INFO  server.RaftServerConfigKeys (ConfUtils.java:logGet(43)) - raft.server.log.statemachine.data.caching.enabled = true (custom)
2019-10-03 02:06:06,708 [pool-378-thread-1] INFO  segmented.SegmentedRaftLogWorker (SegmentedRaftLogWorker.java:lambda$new$0(128)) - 323b1b2a-e94a-4410-aa1f-d74531150e93@group-9E9C06EB75F4-SegmentedRaftLogWorker: flushIndex: setUnconditionally 0 -> -1
2019-10-03 02:06:06,709 [pool-378-thread-1] INFO  server.RaftServerConfigKeys (ConfUtils.java:logGet(43)) - raft.server.snapshot.auto.trigger.enabled = true (custom)
2019-10-03 02:06:06,709 [pool-378-thread-1] INFO  server.RaftServerConfigKeys (ConfUtils.java:logGet(43)) - raft.server.snapshot.auto.trigger.threshold = 10000 (custom)
2019-10-03 02:06:06,709 [pool-378-thread-1] INFO  server.RaftServerConfigKeys (ConfUtils.java:logGet(43)) - raft.server.snapshot.retention.file.num = 5 (custom)
2019-10-03 02:06:06,709 [pool-378-thread-1] INFO  server.RaftServerConfigKeys (ConfUtils.java:logGet(43)) - raft.server.retrycache.expirytime = 600000ms (custom)
2019-10-03 02:06:06,711 [pool-378-thread-1] INFO  impl.RaftServerImpl (RaftServerImpl.java:start(181)) - 323b1b2a-e94a-4410-aa1f-d74531150e93@group-9E9C06EB75F4: start as a follower, conf=-1: [323b1b2a-e94a-4410-aa1f-d74531150e93:192.168.164.205:34891], old=null
2019-10-03 02:06:06,711 [pool-378-thread-1] INFO  impl.RaftServerImpl (RaftServerImpl.java:setRole(170)) - 323b1b2a-e94a-4410-aa1f-d74531150e93@group-9E9C06EB75F4: changes role from      null to FOLLOWER at term 0 for startAsFollower
2019-10-03 02:06:06,711 [pool-378-thread-1] INFO  impl.RoleInfo (RoleInfo.java:updateAndGet(143)) - 323b1b2a-e94a-4410-aa1f-d74531150e93: start FollowerState
2019-10-03 02:06:06,712 [pool-378-thread-1] INFO  util.JmxRegister (JmxRegister.java:tryRegister(44)) - Successfully registered JMX Bean with object name Ratis:service=RaftServer,group=group-9E9C06EB75F4,id=323b1b2a-e94a-4410-aa1f-d74531150e93
2019-10-03 02:06:06,720 [RatisPipelineUtilsThread] INFO  pipeline.PipelineStateManager (PipelineStateManager.java:addPipeline(56)) - Created pipeline Pipeline[ Id: 7eb8a7d5-c59a-43d8-9e9d-9e9c06eb75f4, Nodes: 323b1b2a-e94a-4410-aa1f-d74531150e93{ip: 192.168.164.205, host: pr-hdds-1737-89jld-2007629010, networkLocation: /default-rack, certSerialId: null}, Type:RATIS, Factor:ONE, State:OPEN]
2019-10-03 02:06:06,724 [IPC Server handler 2 on 35183] INFO  net.NetworkTopology (NetworkTopologyImpl.java:add(111)) - Added a new node: /default-rack/91cb662d-af32-43f9-aa19-f357390709b0
2019-10-03 02:06:06,724 [IPC Server handler 2 on 35183] INFO  node.SCMNodeManager (SCMNodeManager.java:register(266)) - Registered Data node : 91cb662d-af32-43f9-aa19-f357390709b0{ip: 192.168.164.205, host: pr-hdds-1737-89jld-2007629010, networkLocation: /default-rack, certSerialId: null}
2019-10-03 02:06:06,732 [grpc-default-executor-0] INFO  impl.RaftServerProxy (RaftServerProxy.java:addNew(89)) - 91cb662d-af32-43f9-aa19-f357390709b0: addNew group-F28B5027EBA9:[91cb662d-af32-43f9-aa19-f357390709b0:192.168.164.205:37806] returns group-F28B5027EBA9:java.util.concurrent.CompletableFuture@22d00f3d[Not completed]
2019-10-03 02:06:06,734 [pool-388-thread-1] INFO  impl.RaftServerImpl (RaftServerImpl.java:<init>(95)) - 91cb662d-af32-43f9-aa19-f357390709b0: new RaftServerImpl for group-F28B5027EBA9:[91cb662d-af32-43f9-aa19-f357390709b0:192.168.164.205:37806] with ContainerStateMachine:uninitialized
2019-10-03 02:06:06,734 [pool-388-thread-1] INFO  server.RaftServerConfigKeys (ConfUtils.java:logGet(43)) - raft.server.rpc.timeout.min = 5s (custom)
2019-10-03 02:06:06,734 [pool-388-thread-1] INFO  server.RaftServerConfigKeys (ConfUtils.java:logGet(43)) - raft.server.rpc.timeout.max = 5200ms (custom)
2019-10-03 02:06:06,735 [pool-388-thread-1] INFO  server.RaftServerConfigKeys (ConfUtils.java:logGet(43)) - raft.server.rpcslowness.timeout = 120s (custom)
2019-10-03 02:06:06,735 [pool-388-thread-1] INFO  server.RaftServerConfigKeys (ConfUtils.java:logGet(43)) - raft.server.sleep.deviation.threshold = 300 (default)
2019-10-03 02:06:06,735 [pool-388-thread-1] INFO  server.RaftServerConfigKeys (ConfUtils.java:logGet(43)) - raft.server.log.appender.install.snapshot.enabled = false (custom)
2019-10-03 02:06:06,735 [pool-388-thread-1] INFO  impl.RaftServerImpl (ServerState.java:<init>(103)) - 91cb662d-af32-43f9-aa19-f357390709b0@group-F28B5027EBA9: ConfigurationManager, init=-1: [91cb662d-af32-43f9-aa19-f357390709b0:192.168.164.205:37806], old=null, confs=<EMPTY_MAP>
2019-10-03 02:06:06,735 [pool-388-thread-1] INFO  server.RaftServerConfigKeys (ConfUtils.java:logGet(43)) - raft.server.storage.dir = [/workdir/hadoop-ozone/ozonefs/target/test-dir/MiniOzoneClusterImpl-d96513b1-4d4c-4eb0-9b1b-806bae8e7cbe/datanode-1/data/ratis] (custom)
2019-10-03 02:06:06,736 [pool-388-thread-1] INFO  server.RaftServerConfigKeys (ConfUtils.java:logGet(43)) - raft.server.log.corruption.policy = EXCEPTION (default)
2019-10-03 02:06:06,736 [pool-388-thread-1] INFO  storage.RaftStorageDirectory (RaftStorageDirectory.java:analyzeStorage(246)) - The storage directory /workdir/hadoop-ozone/ozonefs/target/test-dir/MiniOzoneClusterImpl-d96513b1-4d4c-4eb0-9b1b-806bae8e7cbe/datanode-1/data/ratis/320e2096-3e31-4c35-98ca-f28b5027eba9 does not exist. Creating ...
2019-10-03 02:06:06,749 [pool-388-thread-1] INFO  storage.RaftStorageDirectory (RaftStorageDirectory.java:tryLock(328)) - Lock on /workdir/hadoop-ozone/ozonefs/target/test-dir/MiniOzoneClusterImpl-d96513b1-4d4c-4eb0-9b1b-806bae8e7cbe/datanode-1/data/ratis/320e2096-3e31-4c35-98ca-f28b5027eba9/in_use.lock acquired by nodename 19677@pr-hdds-1737-89jld-2007629010
2019-10-03 02:06:06,761 [pool-388-thread-1] INFO  storage.RaftStorage (RaftStorage.java:format(84)) - Storage directory /workdir/hadoop-ozone/ozonefs/target/test-dir/MiniOzoneClusterImpl-d96513b1-4d4c-4eb0-9b1b-806bae8e7cbe/datanode-1/data/ratis/320e2096-3e31-4c35-98ca-f28b5027eba9 has been successfully formatted.
2019-10-03 02:06:06,762 [pool-388-thread-1] INFO  ratis.ContainerStateMachine (ContainerStateMachine.java:loadSnapshot(230)) - group-F28B5027EBA9: The snapshot info is null. Setting the last applied indexto:(t:0, i:~)
2019-10-03 02:06:06,762 [pool-388-thread-1] INFO  server.RaftServerConfigKeys (ConfUtils.java:logGet(43)) - raft.server.notification.no-leader.timeout = 120s (custom)
2019-10-03 02:06:06,762 [pool-388-thread-1] INFO  server.RaftServerConfigKeys (ConfUtils.java:logGet(43)) - raft.server.log.use.memory = false (default)
2019-10-03 02:06:06,762 [pool-388-thread-1] INFO  server.RaftServerConfigKeys (ConfUtils.java:logGet(43)) - raft.server.log.purge.gap = 1000000 (custom)
2019-10-03 02:06:06,762 [pool-388-thread-1] INFO  server.RaftServerConfigKeys (ConfUtils.java:logGet(43)) - raft.server.log.appender.buffer.byte-limit = 33554432 (custom)
2019-10-03 02:06:06,762 [pool-388-thread-1] INFO  server.RaftServerConfigKeys (ConfUtils.java:logGet(43)) - raft.server.log.segment.size.max = 1048576 (custom)
2019-10-03 02:06:06,764 [pool-388-thread-1] INFO  server.RaftServerConfigKeys (ConfUtils.java:logGet(43)) - raft.server.log.segment.cache.num.max = 2 (custom)
2019-10-03 02:06:06,764 [pool-388-thread-1] INFO  segmented.SegmentedRaftLogWorker (SegmentedRaftLogWorker.java:<init>(173)) - new 91cb662d-af32-43f9-aa19-f357390709b0@group-F28B5027EBA9-SegmentedRaftLogWorker for RaftStorage:Storage Directory /workdir/hadoop-ozone/ozonefs/target/test-dir/MiniOzoneClusterImpl-d96513b1-4d4c-4eb0-9b1b-806bae8e7cbe/datanode-1/data/ratis/320e2096-3e31-4c35-98ca-f28b5027eba9
2019-10-03 02:06:06,764 [pool-388-thread-1] INFO  server.RaftServerConfigKeys (ConfUtils.java:logGet(43)) - raft.server.log.queue.byte-limit = 2147483647 (custom)
2019-10-03 02:06:06,764 [pool-388-thread-1] INFO  server.RaftServerConfigKeys (ConfUtils.java:logGet(43)) - raft.server.log.queue.element-limit = 1024 (custom)
2019-10-03 02:06:06,765 [pool-388-thread-1] INFO  server.RaftServerConfigKeys (ConfUtils.java:logGet(43)) - raft.server.log.segment.size.max = 1048576 (custom)
2019-10-03 02:06:06,765 [pool-388-thread-1] INFO  server.RaftServerConfigKeys (ConfUtils.java:logGet(43)) - raft.server.log.preallocated.size = 16384 (custom)
2019-10-03 02:06:06,765 [pool-388-thread-1] INFO  server.RaftServerConfigKeys (ConfUtils.java:logGet(43)) - raft.server.log.write.buffer.size = 33554432 (custom)
2019-10-03 02:06:06,765 [pool-388-thread-1] INFO  server.RaftServerConfigKeys (ConfUtils.java:logGet(43)) - raft.server.log.force.sync.num = 128 (default)
2019-10-03 02:06:06,765 [pool-388-thread-1] INFO  server.RaftServerConfigKeys (ConfUtils.java:logGet(43)) - raft.server.log.statemachine.data.sync = true (default)
2019-10-03 02:06:06,765 [pool-388-thread-1] INFO  server.RaftServerConfigKeys (ConfUtils.java:logGet(43)) - raft.server.log.statemachine.data.sync.timeout = 10s (default)
2019-10-03 02:06:06,765 [pool-388-thread-1] INFO  server.RaftServerConfigKeys (ConfUtils.java:logGet(43)) - raft.server.log.statemachine.data.sync.timeout.retry = -1 (default)
2019-10-03 02:06:06,766 [pool-388-thread-1] INFO  server.RaftServerConfigKeys (ConfUtils.java:logGet(43)) - raft.server.log.statemachine.data.caching.enabled = true (custom)
2019-10-03 02:06:06,766 [pool-388-thread-1] INFO  segmented.SegmentedRaftLogWorker (SegmentedRaftLogWorker.java:lambda$new$0(128)) - 91cb662d-af32-43f9-aa19-f357390709b0@group-F28B5027EBA9-SegmentedRaftLogWorker: flushIndex: setUnconditionally 0 -> -1
2019-10-03 02:06:06,766 [pool-388-thread-1] INFO  server.RaftServerConfigKeys (ConfUtils.java:logGet(43)) - raft.server.snapshot.auto.trigger.enabled = true (custom)
2019-10-03 02:06:06,767 [pool-388-thread-1] INFO  server.RaftServerConfigKeys (ConfUtils.java:logGet(43)) - raft.server.snapshot.auto.trigger.threshold = 10000 (custom)
2019-10-03 02:06:06,767 [pool-388-thread-1] INFO  server.RaftServerConfigKeys (ConfUtils.java:logGet(43)) - raft.server.snapshot.retention.file.num = 5 (custom)
2019-10-03 02:06:06,767 [pool-388-thread-1] INFO  server.RaftServerConfigKeys (ConfUtils.java:logGet(43)) - raft.server.retrycache.expirytime = 600000ms (custom)
2019-10-03 02:06:06,769 [pool-388-thread-1] INFO  impl.RaftServerImpl (RaftServerImpl.java:start(181)) - 91cb662d-af32-43f9-aa19-f357390709b0@group-F28B5027EBA9: start as a follower, conf=-1: [91cb662d-af32-43f9-aa19-f357390709b0:192.168.164.205:37806], old=null
2019-10-03 02:06:06,769 [pool-388-thread-1] INFO  impl.RaftServerImpl (RaftServerImpl.java:setRole(170)) - 91cb662d-af32-43f9-aa19-f357390709b0@group-F28B5027EBA9: changes role from      null to FOLLOWER at term 0 for startAsFollower
2019-10-03 02:06:06,769 [pool-388-thread-1] INFO  impl.RoleInfo (RoleInfo.java:updateAndGet(143)) - 91cb662d-af32-43f9-aa19-f357390709b0: start FollowerState
2019-10-03 02:06:06,770 [pool-388-thread-1] INFO  util.JmxRegister (JmxRegister.java:tryRegister(44)) - Successfully registered JMX Bean with object name Ratis:service=RaftServer,group=group-F28B5027EBA9,id=91cb662d-af32-43f9-aa19-f357390709b0
2019-10-03 02:06:06,777 [RatisPipelineUtilsThread] INFO  pipeline.PipelineStateManager (PipelineStateManager.java:addPipeline(56)) - Created pipeline Pipeline[ Id: 320e2096-3e31-4c35-98ca-f28b5027eba9, Nodes: 91cb662d-af32-43f9-aa19-f357390709b0{ip: 192.168.164.205, host: pr-hdds-1737-89jld-2007629010, networkLocation: /default-rack, certSerialId: null}, Type:RATIS, Factor:ONE, State:OPEN]
2019-10-03 02:06:06,793 [main] INFO  ozone.MiniOzoneClusterImpl (MiniOzoneClusterImpl.java:lambda$waitForClusterToBeReady$0(147)) - Waiting for cluster to be ready. Got 2 of 3 DN Heartbeats.
2019-10-03 02:06:06,793 [IPC Server handler 0 on 35183] INFO  net.NetworkTopology (NetworkTopologyImpl.java:add(111)) - Added a new node: /default-rack/391bb984-dc97-47b1-9e0e-6d9306879c13
2019-10-03 02:06:06,794 [IPC Server handler 0 on 35183] INFO  node.SCMNodeManager (SCMNodeManager.java:register(266)) - Registered Data node : 391bb984-dc97-47b1-9e0e-6d9306879c13{ip: 192.168.164.205, host: pr-hdds-1737-89jld-2007629010, networkLocation: /default-rack, certSerialId: null}
2019-10-03 02:06:06,803 [grpc-default-executor-0] INFO  impl.RaftServerProxy (RaftServerProxy.java:addNew(89)) - 391bb984-dc97-47b1-9e0e-6d9306879c13: addNew group-57EE4CC8DD8C:[391bb984-dc97-47b1-9e0e-6d9306879c13:192.168.164.205:32859] returns group-57EE4CC8DD8C:java.util.concurrent.CompletableFuture@1b5f3e3a[Not completed]
2019-10-03 02:06:06,805 [pool-398-thread-1] INFO  impl.RaftServerImpl (RaftServerImpl.java:<init>(95)) - 391bb984-dc97-47b1-9e0e-6d9306879c13: new RaftServerImpl for group-57EE4CC8DD8C:[391bb984-dc97-47b1-9e0e-6d9306879c13:192.168.164.205:32859] with ContainerStateMachine:uninitialized
2019-10-03 02:06:06,805 [pool-398-thread-1] INFO  server.RaftServerConfigKeys (ConfUtils.java:logGet(43)) - raft.server.rpc.timeout.min = 5s (custom)
2019-10-03 02:06:06,806 [pool-398-thread-1] INFO  server.RaftServerConfigKeys (ConfUtils.java:logGet(43)) - raft.server.rpc.timeout.max = 5200ms (custom)
2019-10-03 02:06:06,806 [pool-398-thread-1] INFO  server.RaftServerConfigKeys (ConfUtils.java:logGet(43)) - raft.server.rpcslowness.timeout = 120s (custom)
2019-10-03 02:06:06,806 [pool-398-thread-1] INFO  server.RaftServerConfigKeys (ConfUtils.java:logGet(43)) - raft.server.sleep.deviation.threshold = 300 (default)
2019-10-03 02:06:06,806 [pool-398-thread-1] INFO  server.RaftServerConfigKeys (ConfUtils.java:logGet(43)) - raft.server.log.appender.install.snapshot.enabled = false (custom)
2019-10-03 02:06:06,806 [pool-398-thread-1] INFO  impl.RaftServerImpl (ServerState.java:<init>(103)) - 391bb984-dc97-47b1-9e0e-6d9306879c13@group-57EE4CC8DD8C: ConfigurationManager, init=-1: [391bb984-dc97-47b1-9e0e-6d9306879c13:192.168.164.205:32859], old=null, confs=<EMPTY_MAP>
2019-10-03 02:06:06,806 [pool-398-thread-1] INFO  server.RaftServerConfigKeys (ConfUtils.java:logGet(43)) - raft.server.storage.dir = [/workdir/hadoop-ozone/ozonefs/target/test-dir/MiniOzoneClusterImpl-d96513b1-4d4c-4eb0-9b1b-806bae8e7cbe/datanode-2/data/ratis] (custom)
2019-10-03 02:06:06,807 [pool-398-thread-1] INFO  server.RaftServerConfigKeys (ConfUtils.java:logGet(43)) - raft.server.log.corruption.policy = EXCEPTION (default)
2019-10-03 02:06:06,807 [pool-398-thread-1] INFO  storage.RaftStorageDirectory (RaftStorageDirectory.java:analyzeStorage(246)) - The storage directory /workdir/hadoop-ozone/ozonefs/target/test-dir/MiniOzoneClusterImpl-d96513b1-4d4c-4eb0-9b1b-806bae8e7cbe/datanode-2/data/ratis/97cf997c-6844-439f-81d2-57ee4cc8dd8c does not exist. Creating ...
2019-10-03 02:06:06,819 [pool-398-thread-1] INFO  storage.RaftStorageDirectory (RaftStorageDirectory.java:tryLock(328)) - Lock on /workdir/hadoop-ozone/ozonefs/target/test-dir/MiniOzoneClusterImpl-d96513b1-4d4c-4eb0-9b1b-806bae8e7cbe/datanode-2/data/ratis/97cf997c-6844-439f-81d2-57ee4cc8dd8c/in_use.lock acquired by nodename 19677@pr-hdds-1737-89jld-2007629010
2019-10-03 02:06:06,832 [pool-398-thread-1] INFO  storage.RaftStorage (RaftStorage.java:format(84)) - Storage directory /workdir/hadoop-ozone/ozonefs/target/test-dir/MiniOzoneClusterImpl-d96513b1-4d4c-4eb0-9b1b-806bae8e7cbe/datanode-2/data/ratis/97cf997c-6844-439f-81d2-57ee4cc8dd8c has been successfully formatted.
2019-10-03 02:06:06,832 [pool-398-thread-1] INFO  ratis.ContainerStateMachine (ContainerStateMachine.java:loadSnapshot(230)) - group-57EE4CC8DD8C: The snapshot info is null. Setting the last applied indexto:(t:0, i:~)
2019-10-03 02:06:06,832 [pool-398-thread-1] INFO  server.RaftServerConfigKeys (ConfUtils.java:logGet(43)) - raft.server.notification.no-leader.timeout = 120s (custom)
2019-10-03 02:06:06,832 [pool-398-thread-1] INFO  server.RaftServerConfigKeys (ConfUtils.java:logGet(43)) - raft.server.log.use.memory = false (default)
2019-10-03 02:06:06,833 [pool-398-thread-1] INFO  server.RaftServerConfigKeys (ConfUtils.java:logGet(43)) - raft.server.log.purge.gap = 1000000 (custom)
2019-10-03 02:06:06,833 [pool-398-thread-1] INFO  server.RaftServerConfigKeys (ConfUtils.java:logGet(43)) - raft.server.log.appender.buffer.byte-limit = 33554432 (custom)
2019-10-03 02:06:06,833 [pool-398-thread-1] INFO  server.RaftServerConfigKeys (ConfUtils.java:logGet(43)) - raft.server.log.segment.size.max = 1048576 (custom)
2019-10-03 02:06:06,835 [pool-398-thread-1] INFO  server.RaftServerConfigKeys (ConfUtils.java:logGet(43)) - raft.server.log.segment.cache.num.max = 2 (custom)
2019-10-03 02:06:06,835 [pool-398-thread-1] INFO  segmented.SegmentedRaftLogWorker (SegmentedRaftLogWorker.java:<init>(173)) - new 391bb984-dc97-47b1-9e0e-6d9306879c13@group-57EE4CC8DD8C-SegmentedRaftLogWorker for RaftStorage:Storage Directory /workdir/hadoop-ozone/ozonefs/target/test-dir/MiniOzoneClusterImpl-d96513b1-4d4c-4eb0-9b1b-806bae8e7cbe/datanode-2/data/ratis/97cf997c-6844-439f-81d2-57ee4cc8dd8c
2019-10-03 02:06:06,835 [pool-398-thread-1] INFO  server.RaftServerConfigKeys (ConfUtils.java:logGet(43)) - raft.server.log.queue.byte-limit = 2147483647 (custom)
2019-10-03 02:06:06,836 [pool-398-thread-1] INFO  server.RaftServerConfigKeys (ConfUtils.java:logGet(43)) - raft.server.log.queue.element-limit = 1024 (custom)
2019-10-03 02:06:06,836 [pool-398-thread-1] INFO  server.RaftServerConfigKeys (ConfUtils.java:logGet(43)) - raft.server.log.segment.size.max = 1048576 (custom)
2019-10-03 02:06:06,836 [pool-398-thread-1] INFO  server.RaftServerConfigKeys (ConfUtils.java:logGet(43)) - raft.server.log.preallocated.size = 16384 (custom)
2019-10-03 02:06:06,836 [pool-398-thread-1] INFO  server.RaftServerConfigKeys (ConfUtils.java:logGet(43)) - raft.server.log.write.buffer.size = 33554432 (custom)
2019-10-03 02:06:06,836 [pool-398-thread-1] INFO  server.RaftServerConfigKeys (ConfUtils.java:logGet(43)) - raft.server.log.force.sync.num = 128 (default)
2019-10-03 02:06:06,836 [pool-398-thread-1] INFO  server.RaftServerConfigKeys (ConfUtils.java:logGet(43)) - raft.server.log.statemachine.data.sync = true (default)
2019-10-03 02:06:06,837 [pool-398-thread-1] INFO  server.RaftServerConfigKeys (ConfUtils.java:logGet(43)) - raft.server.log.statemachine.data.sync.timeout = 10s (default)
2019-10-03 02:06:06,837 [pool-398-thread-1] INFO  server.RaftServerConfigKeys (ConfUtils.java:logGet(43)) - raft.server.log.statemachine.data.sync.timeout.retry = -1 (default)
2019-10-03 02:06:06,837 [pool-398-thread-1] INFO  server.RaftServerConfigKeys (ConfUtils.java:logGet(43)) - raft.server.log.statemachine.data.caching.enabled = true (custom)
2019-10-03 02:06:06,838 [pool-398-thread-1] INFO  segmented.SegmentedRaftLogWorker (SegmentedRaftLogWorker.java:lambda$new$0(128)) - 391bb984-dc97-47b1-9e0e-6d9306879c13@group-57EE4CC8DD8C-SegmentedRaftLogWorker: flushIndex: setUnconditionally 0 -> -1
2019-10-03 02:06:06,838 [pool-398-thread-1] INFO  server.RaftServerConfigKeys (ConfUtils.java:logGet(43)) - raft.server.snapshot.auto.trigger.enabled = true (custom)
2019-10-03 02:06:06,838 [pool-398-thread-1] INFO  server.RaftServerConfigKeys (ConfUtils.java:logGet(43)) - raft.server.snapshot.auto.trigger.threshold = 10000 (custom)
2019-10-03 02:06:06,839 [pool-398-thread-1] INFO  server.RaftServerConfigKeys (ConfUtils.java:logGet(43)) - raft.server.snapshot.retention.file.num = 5 (custom)
2019-10-03 02:06:06,839 [pool-398-thread-1] INFO  server.RaftServerConfigKeys (ConfUtils.java:logGet(43)) - raft.server.retrycache.expirytime = 600000ms (custom)
2019-10-03 02:06:06,841 [pool-398-thread-1] INFO  impl.RaftServerImpl (RaftServerImpl.java:start(181)) - 391bb984-dc97-47b1-9e0e-6d9306879c13@group-57EE4CC8DD8C: start as a follower, conf=-1: [391bb984-dc97-47b1-9e0e-6d9306879c13:192.168.164.205:32859], old=null
2019-10-03 02:06:06,841 [pool-398-thread-1] INFO  impl.RaftServerImpl (RaftServerImpl.java:setRole(170)) - 391bb984-dc97-47b1-9e0e-6d9306879c13@group-57EE4CC8DD8C: changes role from      null to FOLLOWER at term 0 for startAsFollower
2019-10-03 02:06:06,841 [pool-398-thread-1] INFO  impl.RoleInfo (RoleInfo.java:updateAndGet(143)) - 391bb984-dc97-47b1-9e0e-6d9306879c13: start FollowerState
2019-10-03 02:06:06,842 [pool-398-thread-1] INFO  util.JmxRegister (JmxRegister.java:tryRegister(44)) - Successfully registered JMX Bean with object name Ratis:service=RaftServer,group=group-57EE4CC8DD8C,id=391bb984-dc97-47b1-9e0e-6d9306879c13
2019-10-03 02:06:06,850 [RatisPipelineUtilsThread] INFO  pipeline.PipelineStateManager (PipelineStateManager.java:addPipeline(56)) - Created pipeline Pipeline[ Id: 97cf997c-6844-439f-81d2-57ee4cc8dd8c, Nodes: 391bb984-dc97-47b1-9e0e-6d9306879c13{ip: 192.168.164.205, host: pr-hdds-1737-89jld-2007629010, networkLocation: /default-rack, certSerialId: null}, Type:RATIS, Factor:ONE, State:OPEN]
2019-10-03 02:06:06,869 [grpc-default-executor-2] INFO  impl.RaftServerProxy (RaftServerProxy.java:addNew(89)) - 391bb984-dc97-47b1-9e0e-6d9306879c13: addNew group-29766742AB75:[391bb984-dc97-47b1-9e0e-6d9306879c13:192.168.164.205:32859, 323b1b2a-e94a-4410-aa1f-d74531150e93:192.168.164.205:34891, 91cb662d-af32-43f9-aa19-f357390709b0:192.168.164.205:37806] returns group-29766742AB75:java.util.concurrent.CompletableFuture@2431eab5[Not completed]
2019-10-03 02:06:06,869 [grpc-default-executor-1] INFO  impl.RaftServerProxy (RaftServerProxy.java:addNew(89)) - 91cb662d-af32-43f9-aa19-f357390709b0: addNew group-29766742AB75:[391bb984-dc97-47b1-9e0e-6d9306879c13:192.168.164.205:32859, 323b1b2a-e94a-4410-aa1f-d74531150e93:192.168.164.205:34891, 91cb662d-af32-43f9-aa19-f357390709b0:192.168.164.205:37806] returns group-29766742AB75:java.util.concurrent.CompletableFuture@4cff6a39[Not completed]
2019-10-03 02:06:06,869 [grpc-default-executor-0] INFO  impl.RaftServerProxy (RaftServerProxy.java:addNew(89)) - 323b1b2a-e94a-4410-aa1f-d74531150e93: addNew group-29766742AB75:[391bb984-dc97-47b1-9e0e-6d9306879c13:192.168.164.205:32859, 323b1b2a-e94a-4410-aa1f-d74531150e93:192.168.164.205:34891, 91cb662d-af32-43f9-aa19-f357390709b0:192.168.164.205:37806] returns group-29766742AB75:java.util.concurrent.CompletableFuture@5de982dc[Not completed]
2019-10-03 02:06:06,870 [pool-388-thread-1] INFO  impl.RaftServerImpl (RaftServerImpl.java:<init>(95)) - 91cb662d-af32-43f9-aa19-f357390709b0: new RaftServerImpl for group-29766742AB75:[391bb984-dc97-47b1-9e0e-6d9306879c13:192.168.164.205:32859, 323b1b2a-e94a-4410-aa1f-d74531150e93:192.168.164.205:34891, 91cb662d-af32-43f9-aa19-f357390709b0:192.168.164.205:37806] with ContainerStateMachine:uninitialized
2019-10-03 02:06:06,871 [pool-388-thread-1] INFO  server.RaftServerConfigKeys (ConfUtils.java:logGet(43)) - raft.server.rpc.timeout.min = 5s (custom)
2019-10-03 02:06:06,871 [pool-388-thread-1] INFO  server.RaftServerConfigKeys (ConfUtils.java:logGet(43)) - raft.server.rpc.timeout.max = 5200ms (custom)
2019-10-03 02:06:06,871 [pool-388-thread-1] INFO  server.RaftServerConfigKeys (ConfUtils.java:logGet(43)) - raft.server.rpcslowness.timeout = 120s (custom)
2019-10-03 02:06:06,871 [pool-388-thread-1] INFO  server.RaftServerConfigKeys (ConfUtils.java:logGet(43)) - raft.server.sleep.deviation.threshold = 300 (default)
2019-10-03 02:06:06,871 [pool-378-thread-1] INFO  impl.RaftServerImpl (RaftServerImpl.java:<init>(95)) - 323b1b2a-e94a-4410-aa1f-d74531150e93: new RaftServerImpl for group-29766742AB75:[391bb984-dc97-47b1-9e0e-6d9306879c13:192.168.164.205:32859, 323b1b2a-e94a-4410-aa1f-d74531150e93:192.168.164.205:34891, 91cb662d-af32-43f9-aa19-f357390709b0:192.168.164.205:37806] with ContainerStateMachine:uninitialized
2019-10-03 02:06:06,871 [pool-388-thread-1] INFO  server.RaftServerConfigKeys (ConfUtils.java:logGet(43)) - raft.server.log.appender.install.snapshot.enabled = false (custom)
2019-10-03 02:06:06,871 [pool-378-thread-1] INFO  server.RaftServerConfigKeys (ConfUtils.java:logGet(43)) - raft.server.rpc.timeout.min = 5s (custom)
2019-10-03 02:06:06,872 [pool-388-thread-1] INFO  impl.RaftServerImpl (ServerState.java:<init>(103)) - 91cb662d-af32-43f9-aa19-f357390709b0@group-29766742AB75: ConfigurationManager, init=-1: [391bb984-dc97-47b1-9e0e-6d9306879c13:192.168.164.205:32859, 323b1b2a-e94a-4410-aa1f-d74531150e93:192.168.164.205:34891, 91cb662d-af32-43f9-aa19-f357390709b0:192.168.164.205:37806], old=null, confs=<EMPTY_MAP>
2019-10-03 02:06:06,872 [pool-398-thread-1] INFO  impl.RaftServerImpl (RaftServerImpl.java:<init>(95)) - 391bb984-dc97-47b1-9e0e-6d9306879c13: new RaftServerImpl for group-29766742AB75:[391bb984-dc97-47b1-9e0e-6d9306879c13:192.168.164.205:32859, 323b1b2a-e94a-4410-aa1f-d74531150e93:192.168.164.205:34891, 91cb662d-af32-43f9-aa19-f357390709b0:192.168.164.205:37806] with ContainerStateMachine:uninitialized
2019-10-03 02:06:06,872 [pool-378-thread-1] INFO  server.RaftServerConfigKeys (ConfUtils.java:logGet(43)) - raft.server.rpc.timeout.max = 5200ms (custom)
2019-10-03 02:06:06,872 [pool-398-thread-1] INFO  server.RaftServerConfigKeys (ConfUtils.java:logGet(43)) - raft.server.rpc.timeout.min = 5s (custom)
2019-10-03 02:06:06,872 [pool-388-thread-1] INFO  server.RaftServerConfigKeys (ConfUtils.java:logGet(43)) - raft.server.storage.dir = [/workdir/hadoop-ozone/ozonefs/target/test-dir/MiniOzoneClusterImpl-d96513b1-4d4c-4eb0-9b1b-806bae8e7cbe/datanode-1/data/ratis] (custom)
2019-10-03 02:06:06,872 [pool-398-thread-1] INFO  server.RaftServerConfigKeys (ConfUtils.java:logGet(43)) - raft.server.rpc.timeout.max = 5200ms (custom)
2019-10-03 02:06:06,872 [pool-378-thread-1] INFO  server.RaftServerConfigKeys (ConfUtils.java:logGet(43)) - raft.server.rpcslowness.timeout = 120s (custom)
2019-10-03 02:06:06,873 [pool-398-thread-1] INFO  server.RaftServerConfigKeys (ConfUtils.java:logGet(43)) - raft.server.rpcslowness.timeout = 120s (custom)
2019-10-03 02:06:06,873 [pool-388-thread-1] INFO  server.RaftServerConfigKeys (ConfUtils.java:logGet(43)) - raft.server.log.corruption.policy = EXCEPTION (default)
2019-10-03 02:06:06,873 [pool-398-thread-1] INFO  server.RaftServerConfigKeys (ConfUtils.java:logGet(43)) - raft.server.sleep.deviation.threshold = 300 (default)
2019-10-03 02:06:06,873 [pool-398-thread-1] INFO  server.RaftServerConfigKeys (ConfUtils.java:logGet(43)) - raft.server.log.appender.install.snapshot.enabled = false (custom)
2019-10-03 02:06:06,873 [pool-378-thread-1] INFO  server.RaftServerConfigKeys (ConfUtils.java:logGet(43)) - raft.server.sleep.deviation.threshold = 300 (default)
2019-10-03 02:06:06,873 [pool-398-thread-1] INFO  impl.RaftServerImpl (ServerState.java:<init>(103)) - 391bb984-dc97-47b1-9e0e-6d9306879c13@group-29766742AB75: ConfigurationManager, init=-1: [391bb984-dc97-47b1-9e0e-6d9306879c13:192.168.164.205:32859, 323b1b2a-e94a-4410-aa1f-d74531150e93:192.168.164.205:34891, 91cb662d-af32-43f9-aa19-f357390709b0:192.168.164.205:37806], old=null, confs=<EMPTY_MAP>
2019-10-03 02:06:06,873 [pool-388-thread-1] INFO  storage.RaftStorageDirectory (RaftStorageDirectory.java:analyzeStorage(246)) - The storage directory /workdir/hadoop-ozone/ozonefs/target/test-dir/MiniOzoneClusterImpl-d96513b1-4d4c-4eb0-9b1b-806bae8e7cbe/datanode-1/data/ratis/add7ca3b-91b1-4db4-ae4d-29766742ab75 does not exist. Creating ...
2019-10-03 02:06:06,874 [pool-398-thread-1] INFO  server.RaftServerConfigKeys (ConfUtils.java:logGet(43)) - raft.server.storage.dir = [/workdir/hadoop-ozone/ozonefs/target/test-dir/MiniOzoneClusterImpl-d96513b1-4d4c-4eb0-9b1b-806bae8e7cbe/datanode-2/data/ratis] (custom)
2019-10-03 02:06:06,874 [pool-378-thread-1] INFO  server.RaftServerConfigKeys (ConfUtils.java:logGet(43)) - raft.server.log.appender.install.snapshot.enabled = false (custom)
2019-10-03 02:06:06,874 [pool-378-thread-1] INFO  impl.RaftServerImpl (ServerState.java:<init>(103)) - 323b1b2a-e94a-4410-aa1f-d74531150e93@group-29766742AB75: ConfigurationManager, init=-1: [391bb984-dc97-47b1-9e0e-6d9306879c13:192.168.164.205:32859, 323b1b2a-e94a-4410-aa1f-d74531150e93:192.168.164.205:34891, 91cb662d-af32-43f9-aa19-f357390709b0:192.168.164.205:37806], old=null, confs=<EMPTY_MAP>
2019-10-03 02:06:06,874 [pool-398-thread-1] INFO  server.RaftServerConfigKeys (ConfUtils.java:logGet(43)) - raft.server.log.corruption.policy = EXCEPTION (default)
2019-10-03 02:06:06,874 [pool-378-thread-1] INFO  server.RaftServerConfigKeys (ConfUtils.java:logGet(43)) - raft.server.storage.dir = [/workdir/hadoop-ozone/ozonefs/target/test-dir/MiniOzoneClusterImpl-d96513b1-4d4c-4eb0-9b1b-806bae8e7cbe/datanode-0/data/ratis] (custom)
2019-10-03 02:06:06,875 [pool-398-thread-1] INFO  storage.RaftStorageDirectory (RaftStorageDirectory.java:analyzeStorage(246)) - The storage directory /workdir/hadoop-ozone/ozonefs/target/test-dir/MiniOzoneClusterImpl-d96513b1-4d4c-4eb0-9b1b-806bae8e7cbe/datanode-2/data/ratis/add7ca3b-91b1-4db4-ae4d-29766742ab75 does not exist. Creating ...
2019-10-03 02:06:06,875 [pool-378-thread-1] INFO  server.RaftServerConfigKeys (ConfUtils.java:logGet(43)) - raft.server.log.corruption.policy = EXCEPTION (default)
2019-10-03 02:06:06,875 [pool-378-thread-1] INFO  storage.RaftStorageDirectory (RaftStorageDirectory.java:analyzeStorage(246)) - The storage directory /workdir/hadoop-ozone/ozonefs/target/test-dir/MiniOzoneClusterImpl-d96513b1-4d4c-4eb0-9b1b-806bae8e7cbe/datanode-0/data/ratis/add7ca3b-91b1-4db4-ae4d-29766742ab75 does not exist. Creating ...
2019-10-03 02:06:06,899 [pool-378-thread-1] INFO  storage.RaftStorageDirectory (RaftStorageDirectory.java:tryLock(328)) - Lock on /workdir/hadoop-ozone/ozonefs/target/test-dir/MiniOzoneClusterImpl-d96513b1-4d4c-4eb0-9b1b-806bae8e7cbe/datanode-0/data/ratis/add7ca3b-91b1-4db4-ae4d-29766742ab75/in_use.lock acquired by nodename 19677@pr-hdds-1737-89jld-2007629010
2019-10-03 02:06:06,899 [pool-398-thread-1] INFO  storage.RaftStorageDirectory (RaftStorageDirectory.java:tryLock(328)) - Lock on /workdir/hadoop-ozone/ozonefs/target/test-dir/MiniOzoneClusterImpl-d96513b1-4d4c-4eb0-9b1b-806bae8e7cbe/datanode-2/data/ratis/add7ca3b-91b1-4db4-ae4d-29766742ab75/in_use.lock acquired by nodename 19677@pr-hdds-1737-89jld-2007629010
2019-10-03 02:06:06,899 [pool-388-thread-1] INFO  storage.RaftStorageDirectory (RaftStorageDirectory.java:tryLock(328)) - Lock on /workdir/hadoop-ozone/ozonefs/target/test-dir/MiniOzoneClusterImpl-d96513b1-4d4c-4eb0-9b1b-806bae8e7cbe/datanode-1/data/ratis/add7ca3b-91b1-4db4-ae4d-29766742ab75/in_use.lock acquired by nodename 19677@pr-hdds-1737-89jld-2007629010
2019-10-03 02:06:06,913 [pool-398-thread-1] INFO  storage.RaftStorage (RaftStorage.java:format(84)) - Storage directory /workdir/hadoop-ozone/ozonefs/target/test-dir/MiniOzoneClusterImpl-d96513b1-4d4c-4eb0-9b1b-806bae8e7cbe/datanode-2/data/ratis/add7ca3b-91b1-4db4-ae4d-29766742ab75 has been successfully formatted.
2019-10-03 02:06:06,913 [pool-388-thread-1] INFO  storage.RaftStorage (RaftStorage.java:format(84)) - Storage directory /workdir/hadoop-ozone/ozonefs/target/test-dir/MiniOzoneClusterImpl-d96513b1-4d4c-4eb0-9b1b-806bae8e7cbe/datanode-1/data/ratis/add7ca3b-91b1-4db4-ae4d-29766742ab75 has been successfully formatted.
2019-10-03 02:06:06,914 [pool-398-thread-1] INFO  ratis.ContainerStateMachine (ContainerStateMachine.java:loadSnapshot(230)) - group-29766742AB75: The snapshot info is null. Setting the last applied indexto:(t:0, i:~)
2019-10-03 02:06:06,914 [pool-388-thread-1] INFO  ratis.ContainerStateMachine (ContainerStateMachine.java:loadSnapshot(230)) - group-29766742AB75: The snapshot info is null. Setting the last applied indexto:(t:0, i:~)
2019-10-03 02:06:06,913 [pool-378-thread-1] INFO  storage.RaftStorage (RaftStorage.java:format(84)) - Storage directory /workdir/hadoop-ozone/ozonefs/target/test-dir/MiniOzoneClusterImpl-d96513b1-4d4c-4eb0-9b1b-806bae8e7cbe/datanode-0/data/ratis/add7ca3b-91b1-4db4-ae4d-29766742ab75 has been successfully formatted.
2019-10-03 02:06:06,914 [pool-388-thread-1] INFO  server.RaftServerConfigKeys (ConfUtils.java:logGet(43)) - raft.server.notification.no-leader.timeout = 120s (custom)
2019-10-03 02:06:06,914 [pool-398-thread-1] INFO  server.RaftServerConfigKeys (ConfUtils.java:logGet(43)) - raft.server.notification.no-leader.timeout = 120s (custom)
2019-10-03 02:06:06,914 [pool-388-thread-1] INFO  server.RaftServerConfigKeys (ConfUtils.java:logGet(43)) - raft.server.log.use.memory = false (default)
2019-10-03 02:06:06,914 [pool-378-thread-1] INFO  ratis.ContainerStateMachine (ContainerStateMachine.java:loadSnapshot(230)) - group-29766742AB75: The snapshot info is null. Setting the last applied indexto:(t:0, i:~)
2019-10-03 02:06:06,915 [pool-388-thread-1] INFO  server.RaftServerConfigKeys (ConfUtils.java:logGet(43)) - raft.server.log.purge.gap = 1000000 (custom)
2019-10-03 02:06:06,914 [pool-398-thread-1] INFO  server.RaftServerConfigKeys (ConfUtils.java:logGet(43)) - raft.server.log.use.memory = false (default)
2019-10-03 02:06:06,915 [pool-388-thread-1] INFO  server.RaftServerConfigKeys (ConfUtils.java:logGet(43)) - raft.server.log.appender.buffer.byte-limit = 33554432 (custom)
2019-10-03 02:06:06,915 [pool-378-thread-1] INFO  server.RaftServerConfigKeys (ConfUtils.java:logGet(43)) - raft.server.notification.no-leader.timeout = 120s (custom)
2019-10-03 02:06:06,915 [pool-388-thread-1] INFO  server.RaftServerConfigKeys (ConfUtils.java:logGet(43)) - raft.server.log.segment.size.max = 1048576 (custom)
2019-10-03 02:06:06,915 [pool-398-thread-1] INFO  server.RaftServerConfigKeys (ConfUtils.java:logGet(43)) - raft.server.log.purge.gap = 1000000 (custom)
2019-10-03 02:06:06,916 [pool-388-thread-1] INFO  server.RaftServerConfigKeys (ConfUtils.java:logGet(43)) - raft.server.log.segment.cache.num.max = 2 (custom)
2019-10-03 02:06:06,915 [pool-378-thread-1] INFO  server.RaftServerConfigKeys (ConfUtils.java:logGet(43)) - raft.server.log.use.memory = false (default)
2019-10-03 02:06:06,916 [pool-388-thread-1] INFO  segmented.SegmentedRaftLogWorker (SegmentedRaftLogWorker.java:<init>(173)) - new 91cb662d-af32-43f9-aa19-f357390709b0@group-29766742AB75-SegmentedRaftLogWorker for RaftStorage:Storage Directory /workdir/hadoop-ozone/ozonefs/target/test-dir/MiniOzoneClusterImpl-d96513b1-4d4c-4eb0-9b1b-806bae8e7cbe/datanode-1/data/ratis/add7ca3b-91b1-4db4-ae4d-29766742ab75
2019-10-03 02:06:06,916 [pool-398-thread-1] INFO  server.RaftServerConfigKeys (ConfUtils.java:logGet(43)) - raft.server.log.appender.buffer.byte-limit = 33554432 (custom)
2019-10-03 02:06:06,916 [pool-388-thread-1] INFO  server.RaftServerConfigKeys (ConfUtils.java:logGet(43)) - raft.server.log.queue.byte-limit = 2147483647 (custom)
2019-10-03 02:06:06,917 [pool-388-thread-1] INFO  server.RaftServerConfigKeys (ConfUtils.java:logGet(43)) - raft.server.log.queue.element-limit = 1024 (custom)
2019-10-03 02:06:06,916 [pool-378-thread-1] INFO  server.RaftServerConfigKeys (ConfUtils.java:logGet(43)) - raft.server.log.purge.gap = 1000000 (custom)
2019-10-03 02:06:06,917 [pool-388-thread-1] INFO  server.RaftServerConfigKeys (ConfUtils.java:logGet(43)) - raft.server.log.segment.size.max = 1048576 (custom)
2019-10-03 02:06:06,916 [pool-398-thread-1] INFO  server.RaftServerConfigKeys (ConfUtils.java:logGet(43)) - raft.server.log.segment.size.max = 1048576 (custom)
2019-10-03 02:06:06,917 [pool-388-thread-1] INFO  server.RaftServerConfigKeys (ConfUtils.java:logGet(43)) - raft.server.log.preallocated.size = 16384 (custom)
2019-10-03 02:06:06,917 [pool-378-thread-1] INFO  server.RaftServerConfigKeys (ConfUtils.java:logGet(43)) - raft.server.log.appender.buffer.byte-limit = 33554432 (custom)
2019-10-03 02:06:06,917 [pool-388-thread-1] INFO  server.RaftServerConfigKeys (ConfUtils.java:logGet(43)) - raft.server.log.write.buffer.size = 33554432 (custom)
2019-10-03 02:06:06,917 [pool-398-thread-1] INFO  server.RaftServerConfigKeys (ConfUtils.java:logGet(43)) - raft.server.log.segment.cache.num.max = 2 (custom)
2019-10-03 02:06:06,918 [pool-388-thread-1] INFO  server.RaftServerConfigKeys (ConfUtils.java:logGet(43)) - raft.server.log.force.sync.num = 128 (default)
2019-10-03 02:06:06,918 [pool-378-thread-1] INFO  server.RaftServerConfigKeys (ConfUtils.java:logGet(43)) - raft.server.log.segment.size.max = 1048576 (custom)
2019-10-03 02:06:06,918 [pool-388-thread-1] INFO  server.RaftServerConfigKeys (ConfUtils.java:logGet(43)) - raft.server.log.statemachine.data.sync = true (default)
2019-10-03 02:06:06,918 [pool-398-thread-1] INFO  segmented.SegmentedRaftLogWorker (SegmentedRaftLogWorker.java:<init>(173)) - new 391bb984-dc97-47b1-9e0e-6d9306879c13@group-29766742AB75-SegmentedRaftLogWorker for RaftStorage:Storage Directory /workdir/hadoop-ozone/ozonefs/target/test-dir/MiniOzoneClusterImpl-d96513b1-4d4c-4eb0-9b1b-806bae8e7cbe/datanode-2/data/ratis/add7ca3b-91b1-4db4-ae4d-29766742ab75
2019-10-03 02:06:06,918 [pool-388-thread-1] INFO  server.RaftServerConfigKeys (ConfUtils.java:logGet(43)) - raft.server.log.statemachine.data.sync.timeout = 10s (default)
2019-10-03 02:06:06,918 [pool-378-thread-1] INFO  server.RaftServerConfigKeys (ConfUtils.java:logGet(43)) - raft.server.log.segment.cache.num.max = 2 (custom)
2019-10-03 02:06:06,919 [pool-388-thread-1] INFO  server.RaftServerConfigKeys (ConfUtils.java:logGet(43)) - raft.server.log.statemachine.data.sync.timeout.retry = -1 (default)
2019-10-03 02:06:06,919 [pool-398-thread-1] INFO  server.RaftServerConfigKeys (ConfUtils.java:logGet(43)) - raft.server.log.queue.byte-limit = 2147483647 (custom)
2019-10-03 02:06:06,919 [pool-388-thread-1] INFO  server.RaftServerConfigKeys (ConfUtils.java:logGet(43)) - raft.server.log.statemachine.data.caching.enabled = true (custom)
2019-10-03 02:06:06,919 [pool-378-thread-1] INFO  segmented.SegmentedRaftLogWorker (SegmentedRaftLogWorker.java:<init>(173)) - new 323b1b2a-e94a-4410-aa1f-d74531150e93@group-29766742AB75-SegmentedRaftLogWorker for RaftStorage:Storage Directory /workdir/hadoop-ozone/ozonefs/target/test-dir/MiniOzoneClusterImpl-d96513b1-4d4c-4eb0-9b1b-806bae8e7cbe/datanode-0/data/ratis/add7ca3b-91b1-4db4-ae4d-29766742ab75
2019-10-03 02:06:06,919 [pool-398-thread-1] INFO  server.RaftServerConfigKeys (ConfUtils.java:logGet(43)) - raft.server.log.queue.element-limit = 1024 (custom)
2019-10-03 02:06:06,920 [pool-388-thread-1] INFO  segmented.SegmentedRaftLogWorker (SegmentedRaftLogWorker.java:lambda$new$0(128)) - 91cb662d-af32-43f9-aa19-f357390709b0@group-29766742AB75-SegmentedRaftLogWorker: flushIndex: setUnconditionally 0 -> -1
2019-10-03 02:06:06,920 [pool-378-thread-1] INFO  server.RaftServerConfigKeys (ConfUtils.java:logGet(43)) - raft.server.log.queue.byte-limit = 2147483647 (custom)
2019-10-03 02:06:06,920 [pool-398-thread-1] INFO  server.RaftServerConfigKeys (ConfUtils.java:logGet(43)) - raft.server.log.segment.size.max = 1048576 (custom)
2019-10-03 02:06:06,920 [pool-388-thread-1] INFO  server.RaftServerConfigKeys (ConfUtils.java:logGet(43)) - raft.server.snapshot.auto.trigger.enabled = true (custom)
2019-10-03 02:06:06,920 [pool-378-thread-1] INFO  server.RaftServerConfigKeys (ConfUtils.java:logGet(43)) - raft.server.log.queue.element-limit = 1024 (custom)
2019-10-03 02:06:06,920 [pool-388-thread-1] INFO  server.RaftServerConfigKeys (ConfUtils.java:logGet(43)) - raft.server.snapshot.auto.trigger.threshold = 10000 (custom)
2019-10-03 02:06:06,920 [pool-398-thread-1] INFO  server.RaftServerConfigKeys (ConfUtils.java:logGet(43)) - raft.server.log.preallocated.size = 16384 (custom)
2019-10-03 02:06:06,921 [pool-388-thread-1] INFO  server.RaftServerConfigKeys (ConfUtils.java:logGet(43)) - raft.server.snapshot.retention.file.num = 5 (custom)
2019-10-03 02:06:06,921 [pool-378-thread-1] INFO  server.RaftServerConfigKeys (ConfUtils.java:logGet(43)) - raft.server.log.segment.size.max = 1048576 (custom)
2019-10-03 02:06:06,921 [pool-388-thread-1] INFO  server.RaftServerConfigKeys (ConfUtils.java:logGet(43)) - raft.server.retrycache.expirytime = 600000ms (custom)
2019-10-03 02:06:06,921 [pool-398-thread-1] INFO  server.RaftServerConfigKeys (ConfUtils.java:logGet(43)) - raft.server.log.write.buffer.size = 33554432 (custom)
2019-10-03 02:06:06,922 [pool-398-thread-1] INFO  server.RaftServerConfigKeys (ConfUtils.java:logGet(43)) - raft.server.log.force.sync.num = 128 (default)
2019-10-03 02:06:06,921 [pool-378-thread-1] INFO  server.RaftServerConfigKeys (ConfUtils.java:logGet(43)) - raft.server.log.preallocated.size = 16384 (custom)
2019-10-03 02:06:06,922 [pool-398-thread-1] INFO  server.RaftServerConfigKeys (ConfUtils.java:logGet(43)) - raft.server.log.statemachine.data.sync = true (default)
2019-10-03 02:06:06,922 [pool-378-thread-1] INFO  server.RaftServerConfigKeys (ConfUtils.java:logGet(43)) - raft.server.log.write.buffer.size = 33554432 (custom)
2019-10-03 02:06:06,922 [pool-398-thread-1] INFO  server.RaftServerConfigKeys (ConfUtils.java:logGet(43)) - raft.server.log.statemachine.data.sync.timeout = 10s (default)
2019-10-03 02:06:06,922 [pool-378-thread-1] INFO  server.RaftServerConfigKeys (ConfUtils.java:logGet(43)) - raft.server.log.force.sync.num = 128 (default)
2019-10-03 02:06:06,923 [pool-398-thread-1] INFO  server.RaftServerConfigKeys (ConfUtils.java:logGet(43)) - raft.server.log.statemachine.data.sync.timeout.retry = -1 (default)
2019-10-03 02:06:06,923 [pool-378-thread-1] INFO  server.RaftServerConfigKeys (ConfUtils.java:logGet(43)) - raft.server.log.statemachine.data.sync = true (default)
2019-10-03 02:06:06,923 [pool-398-thread-1] INFO  server.RaftServerConfigKeys (ConfUtils.java:logGet(43)) - raft.server.log.statemachine.data.caching.enabled = true (custom)
2019-10-03 02:06:06,923 [pool-378-thread-1] INFO  server.RaftServerConfigKeys (ConfUtils.java:logGet(43)) - raft.server.log.statemachine.data.sync.timeout = 10s (default)
2019-10-03 02:06:06,923 [pool-388-thread-1] INFO  impl.RaftServerImpl (RaftServerImpl.java:start(181)) - 91cb662d-af32-43f9-aa19-f357390709b0@group-29766742AB75: start as a follower, conf=-1: [391bb984-dc97-47b1-9e0e-6d9306879c13:192.168.164.205:32859, 323b1b2a-e94a-4410-aa1f-d74531150e93:192.168.164.205:34891, 91cb662d-af32-43f9-aa19-f357390709b0:192.168.164.205:37806], old=null
2019-10-03 02:06:06,923 [pool-378-thread-1] INFO  server.RaftServerConfigKeys (ConfUtils.java:logGet(43)) - raft.server.log.statemachine.data.sync.timeout.retry = -1 (default)
2019-10-03 02:06:06,923 [pool-398-thread-1] INFO  segmented.SegmentedRaftLogWorker (SegmentedRaftLogWorker.java:lambda$new$0(128)) - 391bb984-dc97-47b1-9e0e-6d9306879c13@group-29766742AB75-SegmentedRaftLogWorker: flushIndex: setUnconditionally 0 -> -1
2019-10-03 02:06:06,924 [pool-378-thread-1] INFO  server.RaftServerConfigKeys (ConfUtils.java:logGet(43)) - raft.server.log.statemachine.data.caching.enabled = true (custom)
2019-10-03 02:06:06,924 [pool-388-thread-1] INFO  impl.RaftServerImpl (RaftServerImpl.java:setRole(170)) - 91cb662d-af32-43f9-aa19-f357390709b0@group-29766742AB75: changes role from      null to FOLLOWER at term 0 for startAsFollower
2019-10-03 02:06:06,924 [pool-398-thread-1] INFO  server.RaftServerConfigKeys (ConfUtils.java:logGet(43)) - raft.server.snapshot.auto.trigger.enabled = true (custom)
2019-10-03 02:06:06,924 [pool-378-thread-1] INFO  segmented.SegmentedRaftLogWorker (SegmentedRaftLogWorker.java:lambda$new$0(128)) - 323b1b2a-e94a-4410-aa1f-d74531150e93@group-29766742AB75-SegmentedRaftLogWorker: flushIndex: setUnconditionally 0 -> -1
2019-10-03 02:06:06,924 [pool-388-thread-1] INFO  impl.RoleInfo (RoleInfo.java:updateAndGet(143)) - 91cb662d-af32-43f9-aa19-f357390709b0: start FollowerState
2019-10-03 02:06:06,924 [pool-398-thread-1] INFO  server.RaftServerConfigKeys (ConfUtils.java:logGet(43)) - raft.server.snapshot.auto.trigger.threshold = 10000 (custom)
2019-10-03 02:06:06,925 [pool-378-thread-1] INFO  server.RaftServerConfigKeys (ConfUtils.java:logGet(43)) - raft.server.snapshot.auto.trigger.enabled = true (custom)
2019-10-03 02:06:06,925 [pool-398-thread-1] INFO  server.RaftServerConfigKeys (ConfUtils.java:logGet(43)) - raft.server.snapshot.retention.file.num = 5 (custom)
2019-10-03 02:06:06,925 [pool-388-thread-1] INFO  util.JmxRegister (JmxRegister.java:tryRegister(44)) - Successfully registered JMX Bean with object name Ratis:service=RaftServer,group=group-29766742AB75,id=91cb662d-af32-43f9-aa19-f357390709b0
2019-10-03 02:06:06,925 [pool-378-thread-1] INFO  server.RaftServerConfigKeys (ConfUtils.java:logGet(43)) - raft.server.snapshot.auto.trigger.threshold = 10000 (custom)
2019-10-03 02:06:06,925 [pool-398-thread-1] INFO  server.RaftServerConfigKeys (ConfUtils.java:logGet(43)) - raft.server.retrycache.expirytime = 600000ms (custom)
2019-10-03 02:06:06,925 [pool-378-thread-1] INFO  server.RaftServerConfigKeys (ConfUtils.java:logGet(43)) - raft.server.snapshot.retention.file.num = 5 (custom)
2019-10-03 02:06:06,926 [pool-378-thread-1] INFO  server.RaftServerConfigKeys (ConfUtils.java:logGet(43)) - raft.server.retrycache.expirytime = 600000ms (custom)
2019-10-03 02:06:06,930 [pool-398-thread-1] INFO  impl.RaftServerImpl (RaftServerImpl.java:start(181)) - 391bb984-dc97-47b1-9e0e-6d9306879c13@group-29766742AB75: start as a follower, conf=-1: [391bb984-dc97-47b1-9e0e-6d9306879c13:192.168.164.205:32859, 323b1b2a-e94a-4410-aa1f-d74531150e93:192.168.164.205:34891, 91cb662d-af32-43f9-aa19-f357390709b0:192.168.164.205:37806], old=null
2019-10-03 02:06:06,930 [pool-378-thread-1] INFO  impl.RaftServerImpl (RaftServerImpl.java:start(181)) - 323b1b2a-e94a-4410-aa1f-d74531150e93@group-29766742AB75: start as a follower, conf=-1: [391bb984-dc97-47b1-9e0e-6d9306879c13:192.168.164.205:32859, 323b1b2a-e94a-4410-aa1f-d74531150e93:192.168.164.205:34891, 91cb662d-af32-43f9-aa19-f357390709b0:192.168.164.205:37806], old=null
2019-10-03 02:06:06,930 [pool-398-thread-1] INFO  impl.RaftServerImpl (RaftServerImpl.java:setRole(170)) - 391bb984-dc97-47b1-9e0e-6d9306879c13@group-29766742AB75: changes role from      null to FOLLOWER at term 0 for startAsFollower
2019-10-03 02:06:06,930 [pool-378-thread-1] INFO  impl.RaftServerImpl (RaftServerImpl.java:setRole(170)) - 323b1b2a-e94a-4410-aa1f-d74531150e93@group-29766742AB75: changes role from      null to FOLLOWER at term 0 for startAsFollower
2019-10-03 02:06:06,930 [pool-398-thread-1] INFO  impl.RoleInfo (RoleInfo.java:updateAndGet(143)) - 391bb984-dc97-47b1-9e0e-6d9306879c13: start FollowerState
2019-10-03 02:06:06,930 [pool-378-thread-1] INFO  impl.RoleInfo (RoleInfo.java:updateAndGet(143)) - 323b1b2a-e94a-4410-aa1f-d74531150e93: start FollowerState
2019-10-03 02:06:06,933 [pool-398-thread-1] INFO  util.JmxRegister (JmxRegister.java:tryRegister(44)) - Successfully registered JMX Bean with object name Ratis:service=RaftServer,group=group-29766742AB75,id=391bb984-dc97-47b1-9e0e-6d9306879c13
2019-10-03 02:06:06,933 [pool-378-thread-1] INFO  util.JmxRegister (JmxRegister.java:tryRegister(44)) - Successfully registered JMX Bean with object name Ratis:service=RaftServer,group=group-29766742AB75,id=323b1b2a-e94a-4410-aa1f-d74531150e93
2019-10-03 02:06:06,943 [RatisPipelineUtilsThread] INFO  pipeline.PipelineStateManager (PipelineStateManager.java:addPipeline(56)) - Created pipeline Pipeline[ Id: add7ca3b-91b1-4db4-ae4d-29766742ab75, Nodes: 391bb984-dc97-47b1-9e0e-6d9306879c13{ip: 192.168.164.205, host: pr-hdds-1737-89jld-2007629010, networkLocation: /default-rack, certSerialId: null}91cb662d-af32-43f9-aa19-f357390709b0{ip: 192.168.164.205, host: pr-hdds-1737-89jld-2007629010, networkLocation: /default-rack, certSerialId: null}323b1b2a-e94a-4410-aa1f-d74531150e93{ip: 192.168.164.205, host: pr-hdds-1737-89jld-2007629010, networkLocation: /default-rack, certSerialId: null}, Type:RATIS, Factor:THREE, State:OPEN]
2019-10-03 02:06:07,794 [main] INFO  ozone.MiniOzoneClusterImpl (MiniOzoneClusterImpl.java:lambda$waitForClusterToBeReady$0(147)) - Cluster is ready. Got 3 of 3 DN Heartbeats.
2019-10-03 02:06:07,850 [main] INFO  rpc.RpcClient (RpcClient.java:createVolume(276)) - Creating Volume: ptirtultvh, with user99416 as owner.
2019-10-03 02:06:07,853 [IPC Server handler 1 on 37900] INFO  volume.OMVolumeCreateRequest (OMVolumeCreateRequest.java:validateAndUpdateCache(194)) - created volume:ptirtultvh for user:user99416
2019-10-03 02:06:07,881 [main] INFO  rpc.RpcClient (RpcClient.java:createBucket(415)) - Creating Bucket: ptirtultvh/qfkjmrtmlw, with Versioning false and Storage Type set to DISK and Encryption set to false 
02:06:07.923 [IPC Server handler 10 on 37900] ERROR OMAudit - user=jenkins1000 | ip=127.0.0.1 | op=CREATE_DIRECTORY {volume=ptirtultvh, bucket=qfkjmrtmlw, key=rMpUb, dataSize=0, replicationType=RATIS, replicationFactor=ONE, keyLocationInfo=[]} | ret=FAILURE
org.apache.hadoop.ozone.om.exceptions.OMException: Volume not found ptirtultvh
	at org.apache.hadoop.ozone.om.request.file.OMDirectoryCreateRequest.validateAndUpdateCache(OMDirectoryCreateRequest.java:146) ~[hadoop-ozone-ozone-manager-0.5.0-SNAPSHOT.jar:?]
	at org.apache.hadoop.ozone.protocolPB.OzoneManagerProtocolServerSideTranslatorPB.submitRequestDirectlyToOM(OzoneManagerProtocolServerSideTranslatorPB.java:219) ~[hadoop-ozone-ozone-manager-0.5.0-SNAPSHOT.jar:?]
	at org.apache.hadoop.ozone.protocolPB.OzoneManagerProtocolServerSideTranslatorPB.processRequest(OzoneManagerProtocolServerSideTranslatorPB.java:134) ~[hadoop-ozone-ozone-manager-0.5.0-SNAPSHOT.jar:?]
	at org.apache.hadoop.hdds.server.OzoneProtocolMessageDispatcher.processRequest(OzoneProtocolMessageDispatcher.java:72) [hadoop-hdds-server-framework-0.5.0-SNAPSHOT.jar:?]
	at org.apache.hadoop.ozone.protocolPB.OzoneManagerProtocolServerSideTranslatorPB.submitRequest(OzoneManagerProtocolServerSideTranslatorPB.java:100) [hadoop-ozone-ozone-manager-0.5.0-SNAPSHOT.jar:?]
	at org.apache.hadoop.ozone.protocol.proto.OzoneManagerProtocolProtos$OzoneManagerService$2.callBlockingMethod(OzoneManagerProtocolProtos.java) [hadoop-ozone-common-0.5.0-SNAPSHOT.jar:?]
	at org.apache.hadoop.ipc.ProtobufRpcEngine$Server$ProtoBufRpcInvoker.call(ProtobufRpcEngine.java:524) [hadoop-common-3.2.0.jar:?]
	at org.apache.hadoop.ipc.RPC$Server.call(RPC.java:1025) [hadoop-common-3.2.0.jar:?]
	at org.apache.hadoop.ipc.Server$RpcCall.run(Server.java:876) [hadoop-common-3.2.0.jar:?]
	at org.apache.hadoop.ipc.Server$RpcCall.run(Server.java:822) [hadoop-common-3.2.0.jar:?]
	at java.security.AccessController.doPrivileged(Native Method) [?:1.8.0_212]
	at javax.security.auth.Subject.doAs(Subject.java:422) [?:1.8.0_212]
	at org.apache.hadoop.security.UserGroupInformation.doAs(UserGroupInformation.java:1730) [hadoop-common-3.2.0.jar:?]
	at org.apache.hadoop.ipc.Server$Handler.run(Server.java:2682) [hadoop-common-3.2.0.jar:?]
2019-10-03 02:06:07,924 [IPC Server handler 10 on 37900] ERROR file.OMDirectoryCreateRequest (OMDirectoryCreateRequest.java:validateAndUpdateCache(212)) - CreateDirectory failed for Key: rMpUb in volume/bucket:ptirtultvh/qfkjmrtmlw
VOLUME_NOT_FOUND org.apache.hadoop.ozone.om.exceptions.OMException: Volume not found ptirtultvh
	at org.apache.hadoop.ozone.om.request.file.OMDirectoryCreateRequest.validateAndUpdateCache(OMDirectoryCreateRequest.java:146)
	at org.apache.hadoop.ozone.protocolPB.OzoneManagerProtocolServerSideTranslatorPB.submitRequestDirectlyToOM(OzoneManagerProtocolServerSideTranslatorPB.java:219)
	at org.apache.hadoop.ozone.protocolPB.OzoneManagerProtocolServerSideTranslatorPB.processRequest(OzoneManagerProtocolServerSideTranslatorPB.java:134)
	at org.apache.hadoop.hdds.server.OzoneProtocolMessageDispatcher.processRequest(OzoneProtocolMessageDispatcher.java:72)
	at org.apache.hadoop.ozone.protocolPB.OzoneManagerProtocolServerSideTranslatorPB.submitRequest(OzoneManagerProtocolServerSideTranslatorPB.java:100)
	at org.apache.hadoop.ozone.protocol.proto.OzoneManagerProtocolProtos$OzoneManagerService$2.callBlockingMethod(OzoneManagerProtocolProtos.java)
	at org.apache.hadoop.ipc.ProtobufRpcEngine$Server$ProtoBufRpcInvoker.call(ProtobufRpcEngine.java:524)
	at org.apache.hadoop.ipc.RPC$Server.call(RPC.java:1025)
	at org.apache.hadoop.ipc.Server$RpcCall.run(Server.java:876)
	at org.apache.hadoop.ipc.Server$RpcCall.run(Server.java:822)
	at java.security.AccessController.doPrivileged(Native Method)
	at javax.security.auth.Subject.doAs(Subject.java:422)
	at org.apache.hadoop.security.UserGroupInformation.doAs(UserGroupInformation.java:1730)
	at org.apache.hadoop.ipc.Server$Handler.run(Server.java:2682)
2019-10-03 02:06:07,925 [main] INFO  ozone.MiniOzoneClusterImpl (MiniOzoneClusterImpl.java:shutdown(314)) - Shutting down the Mini Ozone Cluster
2019-10-03 02:06:07,925 [main] INFO  ozone.MiniOzoneClusterImpl (MiniOzoneClusterImpl.java:stop(330)) - Stopping the Mini Ozone Cluster
2019-10-03 02:06:07,925 [main] INFO  ozone.MiniOzoneClusterImpl (MiniOzoneClusterImpl.java:stopOM(400)) - Stopping the OzoneManager
2019-10-03 02:06:07,925 [main] INFO  ipc.Server (Server.java:stop(3082)) - Stopping server on 37900
2019-10-03 02:06:07,929 [IPC Server listener on 37900] INFO  ipc.Server (Server.java:run(1185)) - Stopping IPC Server listener on 37900
2019-10-03 02:06:07,929 [main] INFO  ratis.OzoneManagerDoubleBuffer (OzoneManagerDoubleBuffer.java:stop(248)) - Stopping OMDoubleBuffer flush thread
2019-10-03 02:06:07,932 [IPC Server Responder] INFO  ipc.Server (Server.java:run(1319)) - Stopping IPC Server Responder
2019-10-03 02:06:07,932 [OMDoubleBufferFlushThread] INFO  ratis.OzoneManagerDoubleBuffer (OzoneManagerDoubleBuffer.java:flushTransactions(191)) - OMDoubleBuffer flush thread OMDoubleBufferFlushThread is interrupted and will exit. OMDoubleBufferFlushThread
2019-10-03 02:06:07,933 [main] INFO  utils.BackgroundService (BackgroundService.java:shutdown(148)) - Shutting down service KeyDeletingService
2019-10-03 02:06:07,934 [main] INFO  handler.ContextHandler (ContextHandler.java:doStop(910)) - Stopped o.e.j.w.WebAppContext@23f60b7d{/,null,UNAVAILABLE}{/ozoneManager}
2019-10-03 02:06:07,934 [main] INFO  server.AbstractConnector (AbstractConnector.java:doStop(318)) - Stopped ServerConnector@2ba9f986{HTTP/1.1,[http/1.1]}{0.0.0.0:0}
2019-10-03 02:06:07,935 [main] INFO  handler.ContextHandler (ContextHandler.java:doStop(910)) - Stopped o.e.j.s.ServletContextHandler@6d7740f0{/static,jar:file:/home/user/.m2/repository/org/apache/hadoop/hadoop-ozone-ozone-manager/0.5.0-SNAPSHOT/hadoop-ozone-ozone-manager-0.5.0-SNAPSHOT.jar!/webapps/static,UNAVAILABLE}
2019-10-03 02:06:07,935 [main] INFO  handler.ContextHandler (ContextHandler.java:doStop(910)) - Stopped o.e.j.s.ServletContextHandler@cfd5cd2{/logs,file:///workdir/hadoop-ozone/ozonefs/target/log,UNAVAILABLE}
2019-10-03 02:06:07,937 [main] INFO  ozone.MiniOzoneClusterImpl (MiniOzoneClusterImpl.java:stopDatanodes(377)) - Stopping the HddsDatanodes
2019-10-03 02:06:08,650 [Datanode State Machine Thread - 0] INFO  statemachine.DatanodeStateMachine (DatanodeStateMachine.java:lambda$startDaemon$0(350)) - Ozone container server started.
2019-10-03 02:06:08,723 [Datanode State Machine Thread - 0] INFO  statemachine.DatanodeStateMachine (DatanodeStateMachine.java:lambda$startDaemon$0(350)) - Ozone container server started.
2019-10-03 02:06:09,663 [Thread-1708] INFO  container.ReplicationManager (ReplicationManager.java:start(162)) - Starting Replication Monitor Thread.
2019-10-03 02:06:09,666 [ReplicationMonitor] INFO  container.ReplicationManager (ReplicationManager.java:run(225)) - Replication Monitor Thread took 0 milliseconds for processing 0 containers.
2019-10-03 02:06:11,897 [Thread-1710] INFO  impl.FollowerState (FollowerState.java:run(108)) - 323b1b2a-e94a-4410-aa1f-d74531150e93@group-9E9C06EB75F4-FollowerState: change to CANDIDATE, lastRpcTime:5185ms, electionTimeout:5185ms
2019-10-03 02:06:11,897 [Thread-1710] INFO  impl.RoleInfo (RoleInfo.java:shutdownFollowerState(121)) - 323b1b2a-e94a-4410-aa1f-d74531150e93: shutdown FollowerState
2019-10-03 02:06:11,898 [Thread-1710] INFO  impl.RaftServerImpl (RaftServerImpl.java:setRole(170)) - 323b1b2a-e94a-4410-aa1f-d74531150e93@group-9E9C06EB75F4: changes role from  FOLLOWER to CANDIDATE at term 0 for changeToCandidate
2019-10-03 02:06:11,898 [Thread-1710] INFO  impl.RoleInfo (RoleInfo.java:updateAndGet(143)) - 323b1b2a-e94a-4410-aa1f-d74531150e93: start LeaderElection
2019-10-03 02:06:11,937 [323b1b2a-e94a-4410-aa1f-d74531150e93@group-9E9C06EB75F4-LeaderElection34] INFO  impl.LeaderElection (LeaderElection.java:askForVotes(178)) - 323b1b2a-e94a-4410-aa1f-d74531150e93@group-9E9C06EB75F4-LeaderElection34: begin an election at term 1 for -1: [323b1b2a-e94a-4410-aa1f-d74531150e93:192.168.164.205:34891], old=null
2019-10-03 02:06:11,937 [323b1b2a-e94a-4410-aa1f-d74531150e93@group-9E9C06EB75F4-LeaderElection34] INFO  impl.RoleInfo (RoleInfo.java:shutdownLeaderElection(134)) - 323b1b2a-e94a-4410-aa1f-d74531150e93: shutdown LeaderElection
2019-10-03 02:06:11,938 [323b1b2a-e94a-4410-aa1f-d74531150e93@group-9E9C06EB75F4-LeaderElection34] INFO  impl.RaftServerImpl (RaftServerImpl.java:setRole(170)) - 323b1b2a-e94a-4410-aa1f-d74531150e93@group-9E9C06EB75F4: changes role from CANDIDATE to LEADER at term 1 for changeToLeader
2019-10-03 02:06:11,938 [323b1b2a-e94a-4410-aa1f-d74531150e93@group-9E9C06EB75F4-LeaderElection34] INFO  impl.RaftServerImpl (ServerState.java:setLeader(255)) - 323b1b2a-e94a-4410-aa1f-d74531150e93@group-9E9C06EB75F4: change Leader from null to 323b1b2a-e94a-4410-aa1f-d74531150e93 at term 1 for becomeLeader, leader elected after 5234ms
2019-10-03 02:06:11,938 [323b1b2a-e94a-4410-aa1f-d74531150e93@group-9E9C06EB75F4-LeaderElection34] INFO  server.RaftServerConfigKeys (ConfUtils.java:logGet(43)) - raft.server.staging.catchup.gap = 1000 (default)
2019-10-03 02:06:11,938 [323b1b2a-e94a-4410-aa1f-d74531150e93@group-9E9C06EB75F4-LeaderElection34] INFO  server.RaftServerConfigKeys (ConfUtils.java:logGet(43)) - raft.server.rpc.sleep.time = 25ms (default)
2019-10-03 02:06:11,938 [323b1b2a-e94a-4410-aa1f-d74531150e93@group-9E9C06EB75F4-LeaderElection34] INFO  server.RaftServerConfigKeys (ConfUtils.java:logGet(43)) - raft.server.write.element-limit = 4096 (default)
2019-10-03 02:06:11,938 [323b1b2a-e94a-4410-aa1f-d74531150e93@group-9E9C06EB75F4-LeaderElection34] INFO  server.RaftServerConfigKeys (ConfUtils.java:logGet(43)) - raft.server.watch.timeout = 10s (default)
2019-10-03 02:06:11,938 [323b1b2a-e94a-4410-aa1f-d74531150e93@group-9E9C06EB75F4-LeaderElection34] INFO  server.RaftServerConfigKeys (ConfUtils.java:logGet(43)) - raft.server.watch.timeout.denomination = 1s (default)
2019-10-03 02:06:11,938 [323b1b2a-e94a-4410-aa1f-d74531150e93@group-9E9C06EB75F4-LeaderElection34] INFO  server.RaftServerConfigKeys (ConfUtils.java:logGet(43)) - raft.server.watch.element-limit = 65536 (default)
2019-10-03 02:06:11,940 [323b1b2a-e94a-4410-aa1f-d74531150e93@group-9E9C06EB75F4-LeaderElection34] INFO  impl.RoleInfo (RoleInfo.java:updateAndGet(143)) - 323b1b2a-e94a-4410-aa1f-d74531150e93: start LeaderState
2019-10-03 02:06:11,940 [323b1b2a-e94a-4410-aa1f-d74531150e93@group-9E9C06EB75F4-LeaderElection34] INFO  segmented.SegmentedRaftLogWorker (SegmentedRaftLogWorker.java:startLogSegment(385)) - 323b1b2a-e94a-4410-aa1f-d74531150e93@group-9E9C06EB75F4-SegmentedRaftLogWorker: Starting segment from index:0
2019-10-03 02:06:11,941 [323b1b2a-e94a-4410-aa1f-d74531150e93@group-9E9C06EB75F4-LeaderElection34] INFO  impl.RaftServerImpl (ServerState.java:setRaftConf(356)) - 323b1b2a-e94a-4410-aa1f-d74531150e93@group-9E9C06EB75F4: set configuration 0: [323b1b2a-e94a-4410-aa1f-d74531150e93:192.168.164.205:34891], old=null at 0
2019-10-03 02:06:11,948 [Thread-1719] INFO  impl.FollowerState (FollowerState.java:run(108)) - 91cb662d-af32-43f9-aa19-f357390709b0@group-29766742AB75-FollowerState: change to CANDIDATE, lastRpcTime:5024ms, electionTimeout:5023ms
2019-10-03 02:06:11,948 [Thread-1719] INFO  impl.RoleInfo (RoleInfo.java:shutdownFollowerState(121)) - 91cb662d-af32-43f9-aa19-f357390709b0: shutdown FollowerState
2019-10-03 02:06:11,949 [Thread-1719] INFO  impl.RaftServerImpl (RaftServerImpl.java:setRole(170)) - 91cb662d-af32-43f9-aa19-f357390709b0@group-29766742AB75: changes role from  FOLLOWER to CANDIDATE at term 0 for changeToCandidate
2019-10-03 02:06:11,949 [Thread-1719] INFO  impl.RoleInfo (RoleInfo.java:updateAndGet(143)) - 91cb662d-af32-43f9-aa19-f357390709b0: start LeaderElection
2019-10-03 02:06:11,981 [Thread-1713] INFO  impl.FollowerState (FollowerState.java:run(108)) - 91cb662d-af32-43f9-aa19-f357390709b0@group-F28B5027EBA9-FollowerState: change to CANDIDATE, lastRpcTime:5211ms, electionTimeout:5199ms
2019-10-03 02:06:11,981 [Thread-1724] INFO  impl.FollowerState (FollowerState.java:run(108)) - 323b1b2a-e94a-4410-aa1f-d74531150e93@group-29766742AB75-FollowerState: change to CANDIDATE, lastRpcTime:5051ms, electionTimeout:5034ms
2019-10-03 02:06:11,982 [Thread-1713] INFO  impl.RoleInfo (RoleInfo.java:shutdownFollowerState(121)) - 91cb662d-af32-43f9-aa19-f357390709b0: shutdown FollowerState
2019-10-03 02:06:11,986 [Thread-1724] INFO  impl.RoleInfo (RoleInfo.java:shutdownFollowerState(121)) - 323b1b2a-e94a-4410-aa1f-d74531150e93: shutdown FollowerState
2019-10-03 02:06:11,986 [Thread-1713] INFO  impl.RaftServerImpl (RaftServerImpl.java:setRole(170)) - 91cb662d-af32-43f9-aa19-f357390709b0@group-F28B5027EBA9: changes role from  FOLLOWER to CANDIDATE at term 0 for changeToCandidate
2019-10-03 02:06:11,986 [Thread-1724] INFO  impl.RaftServerImpl (RaftServerImpl.java:setRole(170)) - 323b1b2a-e94a-4410-aa1f-d74531150e93@group-29766742AB75: changes role from  FOLLOWER to CANDIDATE at term 0 for changeToCandidate
2019-10-03 02:06:11,986 [Thread-1713] INFO  impl.RoleInfo (RoleInfo.java:updateAndGet(143)) - 91cb662d-af32-43f9-aa19-f357390709b0: start LeaderElection
2019-10-03 02:06:11,987 [Thread-1724] INFO  impl.RoleInfo (RoleInfo.java:updateAndGet(143)) - 323b1b2a-e94a-4410-aa1f-d74531150e93: start LeaderElection
2019-10-03 02:06:11,999 [Thread-1716] INFO  impl.FollowerState (FollowerState.java:run(108)) - 391bb984-dc97-47b1-9e0e-6d9306879c13@group-57EE4CC8DD8C-FollowerState: change to CANDIDATE, lastRpcTime:5155ms, electionTimeout:5145ms
2019-10-03 02:06:11,999 [91cb662d-af32-43f9-aa19-f357390709b0@group-29766742AB75-LeaderElection35] INFO  impl.LeaderElection (LeaderElection.java:askForVotes(178)) - 91cb662d-af32-43f9-aa19-f357390709b0@group-29766742AB75-LeaderElection35: begin an election at term 1 for -1: [391bb984-dc97-47b1-9e0e-6d9306879c13:192.168.164.205:32859, 323b1b2a-e94a-4410-aa1f-d74531150e93:192.168.164.205:34891, 91cb662d-af32-43f9-aa19-f357390709b0:192.168.164.205:37806], old=null
2019-10-03 02:06:11,999 [Thread-1716] INFO  impl.RoleInfo (RoleInfo.java:shutdownFollowerState(121)) - 391bb984-dc97-47b1-9e0e-6d9306879c13: shutdown FollowerState
2019-10-03 02:06:11,999 [323b1b2a-e94a-4410-aa1f-d74531150e93@group-9E9C06EB75F4-SegmentedRaftLogWorker] INFO  segmented.SegmentedRaftLogWorker (SegmentedRaftLogWorker.java:execute(574)) - 323b1b2a-e94a-4410-aa1f-d74531150e93@group-9E9C06EB75F4-SegmentedRaftLogWorker: created new log segment /workdir/hadoop-ozone/ozonefs/target/test-dir/MiniOzoneClusterImpl-d96513b1-4d4c-4eb0-9b1b-806bae8e7cbe/datanode-0/data/ratis/7eb8a7d5-c59a-43d8-9e9d-9e9c06eb75f4/current/log_inprogress_0
2019-10-03 02:06:11,999 [Thread-1716] INFO  impl.RaftServerImpl (RaftServerImpl.java:setRole(170)) - 391bb984-dc97-47b1-9e0e-6d9306879c13@group-57EE4CC8DD8C: changes role from  FOLLOWER to CANDIDATE at term 0 for changeToCandidate
2019-10-03 02:06:12,000 [Thread-1716] INFO  impl.RoleInfo (RoleInfo.java:updateAndGet(143)) - 391bb984-dc97-47b1-9e0e-6d9306879c13: start LeaderElection
2019-10-03 02:06:12,013 [grpc-default-executor-1] INFO  impl.RaftServerImpl (RaftServerImpl.java:setRole(170)) - 391bb984-dc97-47b1-9e0e-6d9306879c13@group-29766742AB75: changes role from  FOLLOWER to FOLLOWER at term 1 for recognizeCandidate:91cb662d-af32-43f9-aa19-f357390709b0
2019-10-03 02:06:12,013 [391bb984-dc97-47b1-9e0e-6d9306879c13@group-57EE4CC8DD8C-LeaderElection38] INFO  impl.LeaderElection (LeaderElection.java:askForVotes(178)) - 391bb984-dc97-47b1-9e0e-6d9306879c13@group-57EE4CC8DD8C-LeaderElection38: begin an election at term 1 for -1: [391bb984-dc97-47b1-9e0e-6d9306879c13:192.168.164.205:32859], old=null
2019-10-03 02:06:12,013 [91cb662d-af32-43f9-aa19-f357390709b0@group-F28B5027EBA9-LeaderElection36] INFO  impl.LeaderElection (LeaderElection.java:askForVotes(178)) - 91cb662d-af32-43f9-aa19-f357390709b0@group-F28B5027EBA9-LeaderElection36: begin an election at term 1 for -1: [91cb662d-af32-43f9-aa19-f357390709b0:192.168.164.205:37806], old=null
2019-10-03 02:06:12,013 [grpc-default-executor-1] INFO  impl.RoleInfo (RoleInfo.java:shutdownFollowerState(121)) - 391bb984-dc97-47b1-9e0e-6d9306879c13: shutdown FollowerState
2019-10-03 02:06:12,013 [323b1b2a-e94a-4410-aa1f-d74531150e93@group-29766742AB75-LeaderElection37] INFO  impl.LeaderElection (LeaderElection.java:askForVotes(178)) - 323b1b2a-e94a-4410-aa1f-d74531150e93@group-29766742AB75-LeaderElection37: begin an election at term 1 for -1: [391bb984-dc97-47b1-9e0e-6d9306879c13:192.168.164.205:32859, 323b1b2a-e94a-4410-aa1f-d74531150e93:192.168.164.205:34891, 91cb662d-af32-43f9-aa19-f357390709b0:192.168.164.205:37806], old=null
2019-10-03 02:06:12,013 [Thread-1723] INFO  impl.FollowerState (FollowerState.java:run(117)) - 391bb984-dc97-47b1-9e0e-6d9306879c13@group-29766742AB75-FollowerState was interrupted: java.lang.InterruptedException: sleep interrupted
2019-10-03 02:06:12,013 [grpc-default-executor-1] INFO  impl.RoleInfo (RoleInfo.java:updateAndGet(143)) - 391bb984-dc97-47b1-9e0e-6d9306879c13: start FollowerState
2019-10-03 02:06:12,013 [91cb662d-af32-43f9-aa19-f357390709b0@group-F28B5027EBA9-LeaderElection36] INFO  impl.RoleInfo (RoleInfo.java:shutdownLeaderElection(134)) - 91cb662d-af32-43f9-aa19-f357390709b0: shutdown LeaderElection
2019-10-03 02:06:12,013 [391bb984-dc97-47b1-9e0e-6d9306879c13@group-57EE4CC8DD8C-LeaderElection38] INFO  impl.RoleInfo (RoleInfo.java:shutdownLeaderElection(134)) - 391bb984-dc97-47b1-9e0e-6d9306879c13: shutdown LeaderElection
2019-10-03 02:06:12,015 [91cb662d-af32-43f9-aa19-f357390709b0@group-F28B5027EBA9-LeaderElection36] INFO  impl.RaftServerImpl (RaftServerImpl.java:setRole(170)) - 91cb662d-af32-43f9-aa19-f357390709b0@group-F28B5027EBA9: changes role from CANDIDATE to LEADER at term 1 for changeToLeader
2019-10-03 02:06:12,015 [391bb984-dc97-47b1-9e0e-6d9306879c13@group-57EE4CC8DD8C-LeaderElection38] INFO  impl.RaftServerImpl (RaftServerImpl.java:setRole(170)) - 391bb984-dc97-47b1-9e0e-6d9306879c13@group-57EE4CC8DD8C: changes role from CANDIDATE to LEADER at term 1 for changeToLeader
2019-10-03 02:06:12,016 [91cb662d-af32-43f9-aa19-f357390709b0@group-F28B5027EBA9-LeaderElection36] INFO  impl.RaftServerImpl (ServerState.java:setLeader(255)) - 91cb662d-af32-43f9-aa19-f357390709b0@group-F28B5027EBA9: change Leader from null to 91cb662d-af32-43f9-aa19-f357390709b0 at term 1 for becomeLeader, leader elected after 5253ms
2019-10-03 02:06:12,016 [391bb984-dc97-47b1-9e0e-6d9306879c13@group-57EE4CC8DD8C-LeaderElection38] INFO  impl.RaftServerImpl (ServerState.java:setLeader(255)) - 391bb984-dc97-47b1-9e0e-6d9306879c13@group-57EE4CC8DD8C: change Leader from null to 391bb984-dc97-47b1-9e0e-6d9306879c13 at term 1 for becomeLeader, leader elected after 5183ms
2019-10-03 02:06:12,016 [91cb662d-af32-43f9-aa19-f357390709b0@group-F28B5027EBA9-LeaderElection36] INFO  server.RaftServerConfigKeys (ConfUtils.java:logGet(43)) - raft.server.staging.catchup.gap = 1000 (default)
2019-10-03 02:06:12,016 [391bb984-dc97-47b1-9e0e-6d9306879c13@group-57EE4CC8DD8C-LeaderElection38] INFO  server.RaftServerConfigKeys (ConfUtils.java:logGet(43)) - raft.server.staging.catchup.gap = 1000 (default)
2019-10-03 02:06:12,016 [91cb662d-af32-43f9-aa19-f357390709b0@group-F28B5027EBA9-LeaderElection36] INFO  server.RaftServerConfigKeys (ConfUtils.java:logGet(43)) - raft.server.rpc.sleep.time = 25ms (default)
2019-10-03 02:06:12,016 [391bb984-dc97-47b1-9e0e-6d9306879c13@group-57EE4CC8DD8C-LeaderElection38] INFO  server.RaftServerConfigKeys (ConfUtils.java:logGet(43)) - raft.server.rpc.sleep.time = 25ms (default)
2019-10-03 02:06:12,016 [91cb662d-af32-43f9-aa19-f357390709b0@group-F28B5027EBA9-LeaderElection36] INFO  server.RaftServerConfigKeys (ConfUtils.java:logGet(43)) - raft.server.write.element-limit = 4096 (default)
2019-10-03 02:06:12,016 [391bb984-dc97-47b1-9e0e-6d9306879c13@group-57EE4CC8DD8C-LeaderElection38] INFO  server.RaftServerConfigKeys (ConfUtils.java:logGet(43)) - raft.server.write.element-limit = 4096 (default)
2019-10-03 02:06:12,016 [91cb662d-af32-43f9-aa19-f357390709b0@group-F28B5027EBA9-LeaderElection36] INFO  server.RaftServerConfigKeys (ConfUtils.java:logGet(43)) - raft.server.watch.timeout = 10s (default)
2019-10-03 02:06:12,017 [391bb984-dc97-47b1-9e0e-6d9306879c13@group-57EE4CC8DD8C-LeaderElection38] INFO  server.RaftServerConfigKeys (ConfUtils.java:logGet(43)) - raft.server.watch.timeout = 10s (default)
2019-10-03 02:06:12,017 [91cb662d-af32-43f9-aa19-f357390709b0@group-F28B5027EBA9-LeaderElection36] INFO  server.RaftServerConfigKeys (ConfUtils.java:logGet(43)) - raft.server.watch.timeout.denomination = 1s (default)
2019-10-03 02:06:12,017 [391bb984-dc97-47b1-9e0e-6d9306879c13@group-57EE4CC8DD8C-LeaderElection38] INFO  server.RaftServerConfigKeys (ConfUtils.java:logGet(43)) - raft.server.watch.timeout.denomination = 1s (default)
2019-10-03 02:06:12,017 [91cb662d-af32-43f9-aa19-f357390709b0@group-F28B5027EBA9-LeaderElection36] INFO  server.RaftServerConfigKeys (ConfUtils.java:logGet(43)) - raft.server.watch.element-limit = 65536 (default)
2019-10-03 02:06:12,017 [391bb984-dc97-47b1-9e0e-6d9306879c13@group-57EE4CC8DD8C-LeaderElection38] INFO  server.RaftServerConfigKeys (ConfUtils.java:logGet(43)) - raft.server.watch.element-limit = 65536 (default)
2019-10-03 02:06:12,019 [91cb662d-af32-43f9-aa19-f357390709b0@group-F28B5027EBA9-LeaderElection36] INFO  impl.RoleInfo (RoleInfo.java:updateAndGet(143)) - 91cb662d-af32-43f9-aa19-f357390709b0: start LeaderState
2019-10-03 02:06:12,021 [391bb984-dc97-47b1-9e0e-6d9306879c13@group-57EE4CC8DD8C-LeaderElection38] INFO  impl.RoleInfo (RoleInfo.java:updateAndGet(143)) - 391bb984-dc97-47b1-9e0e-6d9306879c13: start LeaderState
2019-10-03 02:06:12,021 [91cb662d-af32-43f9-aa19-f357390709b0@group-F28B5027EBA9-LeaderElection36] INFO  segmented.SegmentedRaftLogWorker (SegmentedRaftLogWorker.java:startLogSegment(385)) - 91cb662d-af32-43f9-aa19-f357390709b0@group-F28B5027EBA9-SegmentedRaftLogWorker: Starting segment from index:0
2019-10-03 02:06:12,022 [391bb984-dc97-47b1-9e0e-6d9306879c13@group-57EE4CC8DD8C-LeaderElection38] INFO  segmented.SegmentedRaftLogWorker (SegmentedRaftLogWorker.java:startLogSegment(385)) - 391bb984-dc97-47b1-9e0e-6d9306879c13@group-57EE4CC8DD8C-SegmentedRaftLogWorker: Starting segment from index:0
2019-10-03 02:06:12,022 [91cb662d-af32-43f9-aa19-f357390709b0@group-F28B5027EBA9-LeaderElection36] INFO  impl.RaftServerImpl (ServerState.java:setRaftConf(356)) - 91cb662d-af32-43f9-aa19-f357390709b0@group-F28B5027EBA9: set configuration 0: [91cb662d-af32-43f9-aa19-f357390709b0:192.168.164.205:37806], old=null at 0
2019-10-03 02:06:12,050 [391bb984-dc97-47b1-9e0e-6d9306879c13@group-57EE4CC8DD8C-LeaderElection38] INFO  impl.RaftServerImpl (ServerState.java:setRaftConf(356)) - 391bb984-dc97-47b1-9e0e-6d9306879c13@group-57EE4CC8DD8C: set configuration 0: [391bb984-dc97-47b1-9e0e-6d9306879c13:192.168.164.205:32859], old=null at 0
2019-10-03 02:06:12,080 [91cb662d-af32-43f9-aa19-f357390709b0@group-F28B5027EBA9-SegmentedRaftLogWorker] INFO  segmented.SegmentedRaftLogWorker (SegmentedRaftLogWorker.java:execute(574)) - 91cb662d-af32-43f9-aa19-f357390709b0@group-F28B5027EBA9-SegmentedRaftLogWorker: created new log segment /workdir/hadoop-ozone/ozonefs/target/test-dir/MiniOzoneClusterImpl-d96513b1-4d4c-4eb0-9b1b-806bae8e7cbe/datanode-1/data/ratis/320e2096-3e31-4c35-98ca-f28b5027eba9/current/log_inprogress_0
2019-10-03 02:06:12,082 [91cb662d-af32-43f9-aa19-f357390709b0@group-29766742AB75-LeaderElection35] INFO  impl.LeaderElection (LeaderElection.java:logAndReturn(56)) - 91cb662d-af32-43f9-aa19-f357390709b0@group-29766742AB75-LeaderElection35: Election PASSED; received 2 response(s) [91cb662d-af32-43f9-aa19-f357390709b0<-391bb984-dc97-47b1-9e0e-6d9306879c13#0:OK-t1, 91cb662d-af32-43f9-aa19-f357390709b0<-323b1b2a-e94a-4410-aa1f-d74531150e93#0:FAIL-t1] and 0 exception(s); 91cb662d-af32-43f9-aa19-f357390709b0@group-29766742AB75:t1, leader=null, voted=91cb662d-af32-43f9-aa19-f357390709b0, raftlog=91cb662d-af32-43f9-aa19-f357390709b0@group-29766742AB75-SegmentedRaftLog:OPENED:c-1,f-1,i0, conf=-1: [391bb984-dc97-47b1-9e0e-6d9306879c13:192.168.164.205:32859, 323b1b2a-e94a-4410-aa1f-d74531150e93:192.168.164.205:34891, 91cb662d-af32-43f9-aa19-f357390709b0:192.168.164.205:37806], old=null
2019-10-03 02:06:12,082 [91cb662d-af32-43f9-aa19-f357390709b0@group-29766742AB75-LeaderElection35] INFO  impl.RoleInfo (RoleInfo.java:shutdownLeaderElection(134)) - 91cb662d-af32-43f9-aa19-f357390709b0: shutdown LeaderElection
2019-10-03 02:06:12,082 [91cb662d-af32-43f9-aa19-f357390709b0@group-29766742AB75-LeaderElection35] INFO  impl.RaftServerImpl (RaftServerImpl.java:setRole(170)) - 91cb662d-af32-43f9-aa19-f357390709b0@group-29766742AB75: changes role from CANDIDATE to LEADER at term 1 for changeToLeader
2019-10-03 02:06:12,082 [91cb662d-af32-43f9-aa19-f357390709b0@group-29766742AB75-LeaderElection35] INFO  impl.RaftServerImpl (ServerState.java:setLeader(255)) - 91cb662d-af32-43f9-aa19-f357390709b0@group-29766742AB75: change Leader from null to 91cb662d-af32-43f9-aa19-f357390709b0 at term 1 for becomeLeader, leader elected after 5168ms
2019-10-03 02:06:12,083 [91cb662d-af32-43f9-aa19-f357390709b0@group-29766742AB75-LeaderElection35] INFO  server.RaftServerConfigKeys (ConfUtils.java:logGet(43)) - raft.server.staging.catchup.gap = 1000 (default)
2019-10-03 02:06:12,083 [323b1b2a-e94a-4410-aa1f-d74531150e93@group-29766742AB75-LeaderElection37] INFO  impl.LeaderElection (LeaderElection.java:logAndReturn(56)) - 323b1b2a-e94a-4410-aa1f-d74531150e93@group-29766742AB75-LeaderElection37: Election REJECTED; received 2 response(s) [323b1b2a-e94a-4410-aa1f-d74531150e93<-391bb984-dc97-47b1-9e0e-6d9306879c13#0:FAIL-t1, 323b1b2a-e94a-4410-aa1f-d74531150e93<-91cb662d-af32-43f9-aa19-f357390709b0#0:FAIL-t1] and 0 exception(s); 323b1b2a-e94a-4410-aa1f-d74531150e93@group-29766742AB75:t1, leader=null, voted=323b1b2a-e94a-4410-aa1f-d74531150e93, raftlog=323b1b2a-e94a-4410-aa1f-d74531150e93@group-29766742AB75-SegmentedRaftLog:OPENED:c-1,f-1,i0, conf=-1: [391bb984-dc97-47b1-9e0e-6d9306879c13:192.168.164.205:32859, 323b1b2a-e94a-4410-aa1f-d74531150e93:192.168.164.205:34891, 91cb662d-af32-43f9-aa19-f357390709b0:192.168.164.205:37806], old=null
2019-10-03 02:06:12,083 [91cb662d-af32-43f9-aa19-f357390709b0@group-29766742AB75-LeaderElection35] INFO  server.RaftServerConfigKeys (ConfUtils.java:logGet(43)) - raft.server.rpc.sleep.time = 25ms (default)
2019-10-03 02:06:12,084 [323b1b2a-e94a-4410-aa1f-d74531150e93@group-29766742AB75-LeaderElection37] INFO  impl.RaftServerImpl (RaftServerImpl.java:setRole(170)) - 323b1b2a-e94a-4410-aa1f-d74531150e93@group-29766742AB75: changes role from CANDIDATE to FOLLOWER at term 1 for DISCOVERED_A_NEW_TERM
2019-10-03 02:06:12,085 [323b1b2a-e94a-4410-aa1f-d74531150e93@group-29766742AB75-LeaderElection37] INFO  impl.RoleInfo (RoleInfo.java:shutdownLeaderElection(134)) - 323b1b2a-e94a-4410-aa1f-d74531150e93: shutdown LeaderElection
2019-10-03 02:06:12,086 [91cb662d-af32-43f9-aa19-f357390709b0@group-29766742AB75-LeaderElection35] INFO  server.RaftServerConfigKeys (ConfUtils.java:logGet(43)) - raft.server.write.element-limit = 4096 (default)
2019-10-03 02:06:12,086 [323b1b2a-e94a-4410-aa1f-d74531150e93@group-29766742AB75-LeaderElection37] INFO  impl.RoleInfo (RoleInfo.java:updateAndGet(143)) - 323b1b2a-e94a-4410-aa1f-d74531150e93: start FollowerState
2019-10-03 02:06:12,086 [91cb662d-af32-43f9-aa19-f357390709b0@group-29766742AB75-LeaderElection35] INFO  server.RaftServerConfigKeys (ConfUtils.java:logGet(43)) - raft.server.watch.timeout = 10s (default)
2019-10-03 02:06:12,086 [91cb662d-af32-43f9-aa19-f357390709b0@group-29766742AB75-LeaderElection35] INFO  server.RaftServerConfigKeys (ConfUtils.java:logGet(43)) - raft.server.watch.timeout.denomination = 1s (default)
2019-10-03 02:06:12,086 [91cb662d-af32-43f9-aa19-f357390709b0@group-29766742AB75-LeaderElection35] INFO  server.RaftServerConfigKeys (ConfUtils.java:logGet(43)) - raft.server.watch.element-limit = 65536 (default)
2019-10-03 02:06:12,088 [91cb662d-af32-43f9-aa19-f357390709b0@group-29766742AB75-LeaderElection35] INFO  server.RaftServerConfigKeys (ConfUtils.java:logGet(43)) - raft.server.log.appender.snapshot.chunk.size.max = 16MB (=16777216) (default)
2019-10-03 02:06:12,088 [91cb662d-af32-43f9-aa19-f357390709b0@group-29766742AB75-LeaderElection35] INFO  server.RaftServerConfigKeys (ConfUtils.java:logGet(43)) - raft.server.log.appender.buffer.byte-limit = 33554432 (custom)
2019-10-03 02:06:12,088 [91cb662d-af32-43f9-aa19-f357390709b0@group-29766742AB75-LeaderElection35] INFO  server.RaftServerConfigKeys (ConfUtils.java:logGet(43)) - raft.server.log.appender.buffer.element-limit = 1 (custom)
2019-10-03 02:06:12,088 [91cb662d-af32-43f9-aa19-f357390709b0@group-29766742AB75-LeaderElection35] INFO  grpc.GrpcConfigKeys$Server (ConfUtils.java:logGet(43)) - raft.grpc.server.leader.outstanding.appends.max = 128 (default)
2019-10-03 02:06:12,088 [91cb662d-af32-43f9-aa19-f357390709b0@group-29766742AB75-LeaderElection35] INFO  server.RaftServerConfigKeys (ConfUtils.java:logGet(43)) - raft.server.rpc.request.timeout = 3000ms (default)
2019-10-03 02:06:12,088 [91cb662d-af32-43f9-aa19-f357390709b0@group-29766742AB75-LeaderElection35] INFO  server.RaftServerConfigKeys (ConfUtils.java:logGet(43)) - raft.server.log.appender.install.snapshot.enabled = false (custom)
2019-10-03 02:06:12,089 [91cb662d-af32-43f9-aa19-f357390709b0@group-29766742AB75-LeaderElection35] INFO  server.RaftServerConfigKeys (ConfUtils.java:logGet(43)) - raft.server.log.appender.snapshot.chunk.size.max = 16MB (=16777216) (default)
2019-10-03 02:06:12,089 [91cb662d-af32-43f9-aa19-f357390709b0@group-29766742AB75-LeaderElection35] INFO  server.RaftServerConfigKeys (ConfUtils.java:logGet(43)) - raft.server.log.appender.buffer.byte-limit = 33554432 (custom)
2019-10-03 02:06:12,089 [91cb662d-af32-43f9-aa19-f357390709b0@group-29766742AB75-LeaderElection35] INFO  server.RaftServerConfigKeys (ConfUtils.java:logGet(43)) - raft.server.log.appender.buffer.element-limit = 1 (custom)
2019-10-03 02:06:12,089 [91cb662d-af32-43f9-aa19-f357390709b0@group-29766742AB75-LeaderElection35] INFO  grpc.GrpcConfigKeys$Server (ConfUtils.java:logGet(43)) - raft.grpc.server.leader.outstanding.appends.max = 128 (default)
2019-10-03 02:06:12,089 [91cb662d-af32-43f9-aa19-f357390709b0@group-29766742AB75-LeaderElection35] INFO  server.RaftServerConfigKeys (ConfUtils.java:logGet(43)) - raft.server.rpc.request.timeout = 3000ms (default)
2019-10-03 02:06:12,089 [91cb662d-af32-43f9-aa19-f357390709b0@group-29766742AB75-LeaderElection35] INFO  server.RaftServerConfigKeys (ConfUtils.java:logGet(43)) - raft.server.log.appender.install.snapshot.enabled = false (custom)
2019-10-03 02:06:12,090 [91cb662d-af32-43f9-aa19-f357390709b0@group-29766742AB75-LeaderElection35] INFO  impl.RoleInfo (RoleInfo.java:updateAndGet(143)) - 91cb662d-af32-43f9-aa19-f357390709b0: start LeaderState
2019-10-03 02:06:12,090 [91cb662d-af32-43f9-aa19-f357390709b0@group-29766742AB75-LeaderElection35] INFO  segmented.SegmentedRaftLogWorker (SegmentedRaftLogWorker.java:startLogSegment(385)) - 91cb662d-af32-43f9-aa19-f357390709b0@group-29766742AB75-SegmentedRaftLogWorker: Starting segment from index:0
2019-10-03 02:06:12,091 [91cb662d-af32-43f9-aa19-f357390709b0@group-29766742AB75-LeaderElection35] INFO  impl.RaftServerImpl (ServerState.java:setRaftConf(356)) - 91cb662d-af32-43f9-aa19-f357390709b0@group-29766742AB75: set configuration 0: [391bb984-dc97-47b1-9e0e-6d9306879c13:192.168.164.205:32859, 323b1b2a-e94a-4410-aa1f-d74531150e93:192.168.164.205:34891, 91cb662d-af32-43f9-aa19-f357390709b0:192.168.164.205:37806], old=null at 0
2019-10-03 02:06:12,117 [391bb984-dc97-47b1-9e0e-6d9306879c13@group-57EE4CC8DD8C-SegmentedRaftLogWorker] INFO  segmented.SegmentedRaftLogWorker (SegmentedRaftLogWorker.java:execute(574)) - 391bb984-dc97-47b1-9e0e-6d9306879c13@group-57EE4CC8DD8C-SegmentedRaftLogWorker: created new log segment /workdir/hadoop-ozone/ozonefs/target/test-dir/MiniOzoneClusterImpl-d96513b1-4d4c-4eb0-9b1b-806bae8e7cbe/datanode-2/data/ratis/97cf997c-6844-439f-81d2-57ee4cc8dd8c/current/log_inprogress_0
2019-10-03 02:06:12,119 [grpc-default-executor-2] INFO  impl.RaftServerImpl (ServerState.java:setLeader(255)) - 323b1b2a-e94a-4410-aa1f-d74531150e93@group-29766742AB75: change Leader from null to 91cb662d-af32-43f9-aa19-f357390709b0 at term 1 for appendEntries, leader elected after 5204ms
2019-10-03 02:06:12,119 [grpc-default-executor-1] INFO  impl.RaftServerImpl (ServerState.java:setLeader(255)) - 391bb984-dc97-47b1-9e0e-6d9306879c13@group-29766742AB75: change Leader from null to 91cb662d-af32-43f9-aa19-f357390709b0 at term 1 for appendEntries, leader elected after 5205ms
2019-10-03 02:06:12,122 [grpc-default-executor-1] INFO  impl.RaftServerImpl (ServerState.java:setRaftConf(356)) - 391bb984-dc97-47b1-9e0e-6d9306879c13@group-29766742AB75: set configuration 0: [391bb984-dc97-47b1-9e0e-6d9306879c13:192.168.164.205:32859, 323b1b2a-e94a-4410-aa1f-d74531150e93:192.168.164.205:34891, 91cb662d-af32-43f9-aa19-f357390709b0:192.168.164.205:37806], old=null at 0
2019-10-03 02:06:12,122 [grpc-default-executor-2] INFO  impl.RaftServerImpl (ServerState.java:setRaftConf(356)) - 323b1b2a-e94a-4410-aa1f-d74531150e93@group-29766742AB75: set configuration 0: [391bb984-dc97-47b1-9e0e-6d9306879c13:192.168.164.205:32859, 323b1b2a-e94a-4410-aa1f-d74531150e93:192.168.164.205:34891, 91cb662d-af32-43f9-aa19-f357390709b0:192.168.164.205:37806], old=null at 0
2019-10-03 02:06:12,122 [grpc-default-executor-1] INFO  segmented.SegmentedRaftLogWorker (SegmentedRaftLogWorker.java:startLogSegment(385)) - 391bb984-dc97-47b1-9e0e-6d9306879c13@group-29766742AB75-SegmentedRaftLogWorker: Starting segment from index:0
2019-10-03 02:06:12,123 [grpc-default-executor-2] INFO  segmented.SegmentedRaftLogWorker (SegmentedRaftLogWorker.java:startLogSegment(385)) - 323b1b2a-e94a-4410-aa1f-d74531150e93@group-29766742AB75-SegmentedRaftLogWorker: Starting segment from index:0
2019-10-03 02:06:12,130 [91cb662d-af32-43f9-aa19-f357390709b0@group-29766742AB75-SegmentedRaftLogWorker] INFO  segmented.SegmentedRaftLogWorker (SegmentedRaftLogWorker.java:execute(574)) - 91cb662d-af32-43f9-aa19-f357390709b0@group-29766742AB75-SegmentedRaftLogWorker: created new log segment /workdir/hadoop-ozone/ozonefs/target/test-dir/MiniOzoneClusterImpl-d96513b1-4d4c-4eb0-9b1b-806bae8e7cbe/datanode-1/data/ratis/add7ca3b-91b1-4db4-ae4d-29766742ab75/current/log_inprogress_0
2019-10-03 02:06:12,153 [391bb984-dc97-47b1-9e0e-6d9306879c13@group-29766742AB75-SegmentedRaftLogWorker] INFO  segmented.SegmentedRaftLogWorker (SegmentedRaftLogWorker.java:execute(574)) - 391bb984-dc97-47b1-9e0e-6d9306879c13@group-29766742AB75-SegmentedRaftLogWorker: created new log segment /workdir/hadoop-ozone/ozonefs/target/test-dir/MiniOzoneClusterImpl-d96513b1-4d4c-4eb0-9b1b-806bae8e7cbe/datanode-2/data/ratis/add7ca3b-91b1-4db4-ae4d-29766742ab75/current/log_inprogress_0
2019-10-03 02:06:12,153 [323b1b2a-e94a-4410-aa1f-d74531150e93@group-29766742AB75-SegmentedRaftLogWorker] INFO  segmented.SegmentedRaftLogWorker (SegmentedRaftLogWorker.java:execute(574)) - 323b1b2a-e94a-4410-aa1f-d74531150e93@group-29766742AB75-SegmentedRaftLogWorker: created new log segment /workdir/hadoop-ozone/ozonefs/target/test-dir/MiniOzoneClusterImpl-d96513b1-4d4c-4eb0-9b1b-806bae8e7cbe/datanode-0/data/ratis/add7ca3b-91b1-4db4-ae4d-29766742ab75/current/log_inprogress_0
2019-10-03 02:06:12,937 [main] INFO  ozoneimpl.OzoneContainer (OzoneContainer.java:stop(231)) - Attempting to stop container services.
2019-10-03 02:06:12,938 [ForkJoinPool.commonPool-worker-0] INFO  ozoneimpl.OzoneContainer (OzoneContainer.java:stop(231)) - Attempting to stop container services.
2019-10-03 02:06:12,938 [main] INFO  impl.RaftServerProxy (RaftServerProxy.java:lambda$close$4(314)) - 91cb662d-af32-43f9-aa19-f357390709b0: close
2019-10-03 02:06:12,938 [ForkJoinPool.commonPool-worker-0] INFO  impl.RaftServerProxy (RaftServerProxy.java:lambda$close$4(314)) - 323b1b2a-e94a-4410-aa1f-d74531150e93: close
2019-10-03 02:06:12,939 [main] INFO  impl.RaftServerImpl (RaftServerImpl.java:lambda$shutdown$3(247)) - 91cb662d-af32-43f9-aa19-f357390709b0@group-F28B5027EBA9: shutdown
2019-10-03 02:06:12,939 [ForkJoinPool.commonPool-worker-0] INFO  impl.RaftServerImpl (RaftServerImpl.java:lambda$shutdown$3(247)) - 323b1b2a-e94a-4410-aa1f-d74531150e93@group-9E9C06EB75F4: shutdown
2019-10-03 02:06:12,939 [main] INFO  util.JmxRegister (JmxRegister.java:unregister(73)) - Successfully un-registered JMX Bean with object name Ratis:service=RaftServer,group=group-F28B5027EBA9,id=91cb662d-af32-43f9-aa19-f357390709b0
2019-10-03 02:06:12,940 [ForkJoinPool.commonPool-worker-0] INFO  util.JmxRegister (JmxRegister.java:unregister(73)) - Successfully un-registered JMX Bean with object name Ratis:service=RaftServer,group=group-9E9C06EB75F4,id=323b1b2a-e94a-4410-aa1f-d74531150e93
2019-10-03 02:06:12,940 [main] INFO  impl.RoleInfo (RoleInfo.java:shutdownLeaderState(104)) - 91cb662d-af32-43f9-aa19-f357390709b0: shutdown LeaderState
2019-10-03 02:06:12,941 [ForkJoinPool.commonPool-worker-0] INFO  impl.RoleInfo (RoleInfo.java:shutdownLeaderState(104)) - 323b1b2a-e94a-4410-aa1f-d74531150e93: shutdown LeaderState
2019-10-03 02:06:12,941 [main] INFO  impl.PendingRequests (PendingRequests.java:sendNotLeaderResponses(202)) - 91cb662d-af32-43f9-aa19-f357390709b0@group-F28B5027EBA9-PendingRequests: sendNotLeaderResponses
2019-10-03 02:06:12,941 [ForkJoinPool.commonPool-worker-0] INFO  impl.PendingRequests (PendingRequests.java:sendNotLeaderResponses(202)) - 323b1b2a-e94a-4410-aa1f-d74531150e93@group-9E9C06EB75F4-PendingRequests: sendNotLeaderResponses
2019-10-03 02:06:12,942 [main] INFO  impl.StateMachineUpdater (StateMachineUpdater.java:stopAndJoin(136)) - 91cb662d-af32-43f9-aa19-f357390709b0@group-F28B5027EBA9-StateMachineUpdater: set stopIndex = 0
2019-10-03 02:06:12,943 [main] INFO  impl.RaftServerImpl (ServerState.java:close(387)) - 91cb662d-af32-43f9-aa19-f357390709b0@group-F28B5027EBA9: closes. applyIndex: 0
2019-10-03 02:06:12,942 [ForkJoinPool.commonPool-worker-0] INFO  impl.StateMachineUpdater (StateMachineUpdater.java:stopAndJoin(136)) - 323b1b2a-e94a-4410-aa1f-d74531150e93@group-9E9C06EB75F4-StateMachineUpdater: set stopIndex = 0
2019-10-03 02:06:12,946 [ForkJoinPool.commonPool-worker-0] INFO  impl.RaftServerImpl (ServerState.java:close(387)) - 323b1b2a-e94a-4410-aa1f-d74531150e93@group-9E9C06EB75F4: closes. applyIndex: 0
2019-10-03 02:06:12,946 [91cb662d-af32-43f9-aa19-f357390709b0@group-F28B5027EBA9-SegmentedRaftLogWorker] INFO  segmented.SegmentedRaftLogWorker (SegmentedRaftLogWorker.java:run(316)) - 91cb662d-af32-43f9-aa19-f357390709b0@group-F28B5027EBA9-SegmentedRaftLogWorker was interrupted, exiting. There are 0 tasks remaining in the queue.
2019-10-03 02:06:12,947 [323b1b2a-e94a-4410-aa1f-d74531150e93@group-9E9C06EB75F4-SegmentedRaftLogWorker] INFO  segmented.SegmentedRaftLogWorker (SegmentedRaftLogWorker.java:run(316)) - 323b1b2a-e94a-4410-aa1f-d74531150e93@group-9E9C06EB75F4-SegmentedRaftLogWorker was interrupted, exiting. There are 0 tasks remaining in the queue.
2019-10-03 02:06:12,949 [main] INFO  segmented.SegmentedRaftLogWorker (SegmentedRaftLogWorker.java:close(224)) - 91cb662d-af32-43f9-aa19-f357390709b0@group-F28B5027EBA9-SegmentedRaftLogWorker close()
2019-10-03 02:06:12,951 [ForkJoinPool.commonPool-worker-0] INFO  segmented.SegmentedRaftLogWorker (SegmentedRaftLogWorker.java:close(224)) - 323b1b2a-e94a-4410-aa1f-d74531150e93@group-9E9C06EB75F4-SegmentedRaftLogWorker close()
2019-10-03 02:06:12,955 [main] INFO  impl.RaftServerImpl (RaftServerImpl.java:lambda$shutdown$3(247)) - 91cb662d-af32-43f9-aa19-f357390709b0@group-29766742AB75: shutdown
2019-10-03 02:06:12,959 [ForkJoinPool.commonPool-worker-0] INFO  impl.RaftServerImpl (RaftServerImpl.java:lambda$shutdown$3(247)) - 323b1b2a-e94a-4410-aa1f-d74531150e93@group-29766742AB75: shutdown
2019-10-03 02:06:12,959 [main] INFO  util.JmxRegister (JmxRegister.java:unregister(73)) - Successfully un-registered JMX Bean with object name Ratis:service=RaftServer,group=group-29766742AB75,id=91cb662d-af32-43f9-aa19-f357390709b0
2019-10-03 02:06:12,960 [main] INFO  impl.RoleInfo (RoleInfo.java:shutdownLeaderState(104)) - 91cb662d-af32-43f9-aa19-f357390709b0: shutdown LeaderState
2019-10-03 02:06:12,959 [ForkJoinPool.commonPool-worker-0] INFO  util.JmxRegister (JmxRegister.java:unregister(73)) - Successfully un-registered JMX Bean with object name Ratis:service=RaftServer,group=group-29766742AB75,id=323b1b2a-e94a-4410-aa1f-d74531150e93
2019-10-03 02:06:12,963 [org.apache.ratis.server.impl.LogAppender$AppenderDaemon$$Lambda$487/1189289206@756fda7d] WARN  server.GrpcLogAppender (GrpcLogAppender.java:mayWait(143)) - 91cb662d-af32-43f9-aa19-f357390709b0@group-29766742AB75->391bb984-dc97-47b1-9e0e-6d9306879c13-GrpcLogAppender: Wait interrupted by java.lang.InterruptedException
2019-10-03 02:06:12,963 [org.apache.ratis.server.impl.LogAppender$AppenderDaemon$$Lambda$487/1189289206@662213bd] WARN  server.GrpcLogAppender (GrpcLogAppender.java:mayWait(143)) - 91cb662d-af32-43f9-aa19-f357390709b0@group-29766742AB75->323b1b2a-e94a-4410-aa1f-d74531150e93-GrpcLogAppender: Wait interrupted by java.lang.InterruptedException
2019-10-03 02:06:12,963 [main] INFO  impl.PendingRequests (PendingRequests.java:sendNotLeaderResponses(202)) - 91cb662d-af32-43f9-aa19-f357390709b0@group-29766742AB75-PendingRequests: sendNotLeaderResponses
2019-10-03 02:06:12,964 [ForkJoinPool.commonPool-worker-0] INFO  impl.RoleInfo (RoleInfo.java:shutdownFollowerState(121)) - 323b1b2a-e94a-4410-aa1f-d74531150e93: shutdown FollowerState
2019-10-03 02:06:12,965 [grpc-default-executor-1] INFO  server.GrpcServerProtocolService (GrpcServerProtocolService.java:onCompleted(113)) - 323b1b2a-e94a-4410-aa1f-d74531150e93: Completed APPEND_ENTRIES, lastRequest: 91cb662d-af32-43f9-aa19-f357390709b0->323b1b2a-e94a-4410-aa1f-d74531150e93#1-t1, previous=(t:0, i:0), leaderCommit=-1, initializing? false, entries: size=1, first=(t:1, i:0), CONFIGURATIONENTRY
2019-10-03 02:06:12,965 [Thread-1745] INFO  impl.FollowerState (FollowerState.java:run(117)) - 323b1b2a-e94a-4410-aa1f-d74531150e93@group-29766742AB75-FollowerState was interrupted: java.lang.InterruptedException: sleep interrupted
2019-10-03 02:06:12,965 [grpc-default-executor-2] INFO  server.GrpcServerProtocolService (GrpcServerProtocolService.java:onCompleted(113)) - 391bb984-dc97-47b1-9e0e-6d9306879c13: Completed APPEND_ENTRIES, lastRequest: 91cb662d-af32-43f9-aa19-f357390709b0->391bb984-dc97-47b1-9e0e-6d9306879c13#1-t1, previous=(t:0, i:0), leaderCommit=-1, initializing? false, entries: size=1, first=(t:1, i:0), CONFIGURATIONENTRY
2019-10-03 02:06:12,965 [main] INFO  impl.StateMachineUpdater (StateMachineUpdater.java:stopAndJoin(136)) - 91cb662d-af32-43f9-aa19-f357390709b0@group-29766742AB75-StateMachineUpdater: set stopIndex = 0
2019-10-03 02:06:12,968 [grpc-default-executor-1] INFO  server.GrpcLogAppender (GrpcLogAppender.java:onCompleted(293)) - 91cb662d-af32-43f9-aa19-f357390709b0@group-29766742AB75->323b1b2a-e94a-4410-aa1f-d74531150e93-AppendLogResponseHandler: follower responses appendEntries COMPLETED
2019-10-03 02:06:12,965 [ForkJoinPool.commonPool-worker-0] INFO  impl.StateMachineUpdater (StateMachineUpdater.java:stopAndJoin(136)) - 323b1b2a-e94a-4410-aa1f-d74531150e93@group-29766742AB75-StateMachineUpdater: set stopIndex = -1
2019-10-03 02:06:12,970 [ForkJoinPool.commonPool-worker-0] INFO  impl.RaftServerImpl (ServerState.java:close(387)) - 323b1b2a-e94a-4410-aa1f-d74531150e93@group-29766742AB75: closes. applyIndex: -1
2019-10-03 02:06:12,968 [grpc-default-executor-2] INFO  server.GrpcLogAppender (GrpcLogAppender.java:onCompleted(293)) - 91cb662d-af32-43f9-aa19-f357390709b0@group-29766742AB75->391bb984-dc97-47b1-9e0e-6d9306879c13-AppendLogResponseHandler: follower responses appendEntries COMPLETED
2019-10-03 02:06:12,968 [main] INFO  impl.RaftServerImpl (ServerState.java:close(387)) - 91cb662d-af32-43f9-aa19-f357390709b0@group-29766742AB75: closes. applyIndex: 0
2019-10-03 02:06:12,973 [grpc-default-executor-1] INFO  impl.FollowerInfo (FollowerInfo.java:lambda$new$0(51)) - 91cb662d-af32-43f9-aa19-f357390709b0@group-29766742AB75->323b1b2a-e94a-4410-aa1f-d74531150e93: nextIndex: updateUnconditionally 1 -> 0
2019-10-03 02:06:12,971 [323b1b2a-e94a-4410-aa1f-d74531150e93@group-29766742AB75-SegmentedRaftLogWorker] INFO  segmented.SegmentedRaftLogWorker (SegmentedRaftLogWorker.java:run(316)) - 323b1b2a-e94a-4410-aa1f-d74531150e93@group-29766742AB75-SegmentedRaftLogWorker was interrupted, exiting. There are 0 tasks remaining in the queue.
2019-10-03 02:06:12,975 [91cb662d-af32-43f9-aa19-f357390709b0@group-29766742AB75-SegmentedRaftLogWorker] INFO  segmented.SegmentedRaftLogWorker (SegmentedRaftLogWorker.java:run(316)) - 91cb662d-af32-43f9-aa19-f357390709b0@group-29766742AB75-SegmentedRaftLogWorker was interrupted, exiting. There are 0 tasks remaining in the queue.
2019-10-03 02:06:12,977 [grpc-default-executor-2] INFO  impl.FollowerInfo (FollowerInfo.java:lambda$new$0(51)) - 91cb662d-af32-43f9-aa19-f357390709b0@group-29766742AB75->391bb984-dc97-47b1-9e0e-6d9306879c13: nextIndex: updateUnconditionally 1 -> 0
2019-10-03 02:06:12,982 [main] INFO  segmented.SegmentedRaftLogWorker (SegmentedRaftLogWorker.java:close(224)) - 91cb662d-af32-43f9-aa19-f357390709b0@group-29766742AB75-SegmentedRaftLogWorker close()
2019-10-03 02:06:12,979 [ForkJoinPool.commonPool-worker-0] INFO  segmented.SegmentedRaftLogWorker (SegmentedRaftLogWorker.java:close(224)) - 323b1b2a-e94a-4410-aa1f-d74531150e93@group-29766742AB75-SegmentedRaftLogWorker close()
2019-10-03 02:06:12,987 [main] INFO  server.GrpcService (GrpcService.java:closeImpl(164)) - 91cb662d-af32-43f9-aa19-f357390709b0: shutdown server with port 37806 now
2019-10-03 02:06:12,991 [ForkJoinPool.commonPool-worker-0] INFO  server.GrpcService (GrpcService.java:closeImpl(164)) - 323b1b2a-e94a-4410-aa1f-d74531150e93: shutdown server with port 34891 now
2019-10-03 02:06:12,994 [main] INFO  server.GrpcService (GrpcService.java:closeImpl(172)) - 91cb662d-af32-43f9-aa19-f357390709b0: shutdown server with port 37806 successfully
2019-10-03 02:06:12,996 [ForkJoinPool.commonPool-worker-0] INFO  server.GrpcService (GrpcService.java:closeImpl(172)) - 323b1b2a-e94a-4410-aa1f-d74531150e93: shutdown server with port 34891 successfully
2019-10-03 02:06:13,000 [refreshUsed-/workdir/hadoop-ozone/ozonefs/target/test-dir/MiniOzoneClusterImpl-d96513b1-4d4c-4eb0-9b1b-806bae8e7cbe/datanode-1/data/containers] WARN  fs.CachingGetSpaceUsed (CachingGetSpaceUsed.java:run(183)) - Thread Interrupted waiting to refresh disk information: sleep interrupted
2019-10-03 02:06:13,001 [refreshUsed-/workdir/hadoop-ozone/ozonefs/target/test-dir/MiniOzoneClusterImpl-d96513b1-4d4c-4eb0-9b1b-806bae8e7cbe/datanode-0/data/containers] WARN  fs.CachingGetSpaceUsed (CachingGetSpaceUsed.java:run(183)) - Thread Interrupted waiting to refresh disk information: sleep interrupted
2019-10-03 02:06:13,028 [ForkJoinPool.commonPool-worker-0] INFO  utils.BackgroundService (BackgroundService.java:shutdown(148)) - Shutting down service BlockDeletingService
2019-10-03 02:06:13,032 [ForkJoinPool.commonPool-worker-0] INFO  statemachine.DatanodeStateMachine (DatanodeStateMachine.java:stopDaemon(395)) - Ozone container server stopped.
2019-10-03 02:06:13,036 [main] INFO  utils.BackgroundService (BackgroundService.java:shutdown(148)) - Shutting down service BlockDeletingService
2019-10-03 02:06:13,038 [ForkJoinPool.commonPool-worker-0] INFO  handler.ContextHandler (ContextHandler.java:doStop(910)) - Stopped o.e.j.w.WebAppContext@2a0963be{/,null,UNAVAILABLE}{/hddsDatanode}
2019-10-03 02:06:13,042 [main] INFO  statemachine.DatanodeStateMachine (DatanodeStateMachine.java:stopDaemon(395)) - Ozone container server stopped.
2019-10-03 02:06:13,043 [ForkJoinPool.commonPool-worker-0] INFO  server.AbstractConnector (AbstractConnector.java:doStop(318)) - Stopped ServerConnector@7d3bf8db{HTTP/1.1,[http/1.1]}{0.0.0.0:0}
2019-10-03 02:06:13,043 [main] INFO  handler.ContextHandler (ContextHandler.java:doStop(910)) - Stopped o.e.j.w.WebAppContext@3d0352{/,null,UNAVAILABLE}{/hddsDatanode}
2019-10-03 02:06:13,045 [ForkJoinPool.commonPool-worker-0] INFO  handler.ContextHandler (ContextHandler.java:doStop(910)) - Stopped o.e.j.s.ServletContextHandler@589dfa6f{/static,jar:file:/home/user/.m2/repository/org/apache/hadoop/hadoop-hdds-container-service/0.5.0-SNAPSHOT/hadoop-hdds-container-service-0.5.0-SNAPSHOT.jar!/webapps/static,UNAVAILABLE}
2019-10-03 02:06:13,047 [ForkJoinPool.commonPool-worker-0] INFO  handler.ContextHandler (ContextHandler.java:doStop(910)) - Stopped o.e.j.s.ServletContextHandler@568f4faa{/logs,file:///workdir/hadoop-ozone/ozonefs/target/log,UNAVAILABLE}
2019-10-03 02:06:13,047 [main] INFO  server.AbstractConnector (AbstractConnector.java:doStop(318)) - Stopped ServerConnector@bb6f3f7{HTTP/1.1,[http/1.1]}{0.0.0.0:0}
2019-10-03 02:06:13,048 [main] INFO  handler.ContextHandler (ContextHandler.java:doStop(910)) - Stopped o.e.j.s.ServletContextHandler@1ac0cdb0{/static,jar:file:/home/user/.m2/repository/org/apache/hadoop/hadoop-hdds-container-service/0.5.0-SNAPSHOT/hadoop-hdds-container-service-0.5.0-SNAPSHOT.jar!/webapps/static,UNAVAILABLE}
2019-10-03 02:06:13,048 [main] INFO  handler.ContextHandler (ContextHandler.java:doStop(910)) - Stopped o.e.j.s.ServletContextHandler@1c7f6e96{/logs,file:///workdir/hadoop-ozone/ozonefs/target/log,UNAVAILABLE}
2019-10-03 02:06:13,792 [Datanode State Machine Thread - 0] INFO  statemachine.DatanodeStateMachine (DatanodeStateMachine.java:lambda$startDaemon$0(350)) - Ozone container server started.
2019-10-03 02:06:18,048 [ForkJoinPool.commonPool-worker-0] INFO  ozoneimpl.OzoneContainer (OzoneContainer.java:stop(231)) - Attempting to stop container services.
2019-10-03 02:06:18,049 [ForkJoinPool.commonPool-worker-0] INFO  impl.RaftServerProxy (RaftServerProxy.java:lambda$close$4(314)) - 391bb984-dc97-47b1-9e0e-6d9306879c13: close
2019-10-03 02:06:18,049 [ForkJoinPool.commonPool-worker-0] INFO  impl.RaftServerImpl (RaftServerImpl.java:lambda$shutdown$3(247)) - 391bb984-dc97-47b1-9e0e-6d9306879c13@group-57EE4CC8DD8C: shutdown
2019-10-03 02:06:18,050 [ForkJoinPool.commonPool-worker-0] INFO  util.JmxRegister (JmxRegister.java:unregister(73)) - Successfully un-registered JMX Bean with object name Ratis:service=RaftServer,group=group-57EE4CC8DD8C,id=391bb984-dc97-47b1-9e0e-6d9306879c13
2019-10-03 02:06:18,050 [ForkJoinPool.commonPool-worker-0] INFO  impl.RoleInfo (RoleInfo.java:shutdownLeaderState(104)) - 391bb984-dc97-47b1-9e0e-6d9306879c13: shutdown LeaderState
2019-10-03 02:06:18,050 [ForkJoinPool.commonPool-worker-0] INFO  impl.PendingRequests (PendingRequests.java:sendNotLeaderResponses(202)) - 391bb984-dc97-47b1-9e0e-6d9306879c13@group-57EE4CC8DD8C-PendingRequests: sendNotLeaderResponses
2019-10-03 02:06:18,050 [ForkJoinPool.commonPool-worker-0] INFO  impl.StateMachineUpdater (StateMachineUpdater.java:stopAndJoin(136)) - 391bb984-dc97-47b1-9e0e-6d9306879c13@group-57EE4CC8DD8C-StateMachineUpdater: set stopIndex = 0
2019-10-03 02:06:18,051 [ForkJoinPool.commonPool-worker-0] INFO  impl.RaftServerImpl (ServerState.java:close(387)) - 391bb984-dc97-47b1-9e0e-6d9306879c13@group-57EE4CC8DD8C: closes. applyIndex: 0
2019-10-03 02:06:18,051 [391bb984-dc97-47b1-9e0e-6d9306879c13@group-57EE4CC8DD8C-SegmentedRaftLogWorker] INFO  segmented.SegmentedRaftLogWorker (SegmentedRaftLogWorker.java:run(316)) - 391bb984-dc97-47b1-9e0e-6d9306879c13@group-57EE4CC8DD8C-SegmentedRaftLogWorker was interrupted, exiting. There are 0 tasks remaining in the queue.
2019-10-03 02:06:18,054 [ForkJoinPool.commonPool-worker-0] INFO  segmented.SegmentedRaftLogWorker (SegmentedRaftLogWorker.java:close(224)) - 391bb984-dc97-47b1-9e0e-6d9306879c13@group-57EE4CC8DD8C-SegmentedRaftLogWorker close()
2019-10-03 02:06:18,057 [ForkJoinPool.commonPool-worker-0] INFO  impl.RaftServerImpl (RaftServerImpl.java:lambda$shutdown$3(247)) - 391bb984-dc97-47b1-9e0e-6d9306879c13@group-29766742AB75: shutdown
2019-10-03 02:06:18,057 [ForkJoinPool.commonPool-worker-0] INFO  util.JmxRegister (JmxRegister.java:unregister(73)) - Successfully un-registered JMX Bean with object name Ratis:service=RaftServer,group=group-29766742AB75,id=391bb984-dc97-47b1-9e0e-6d9306879c13
2019-10-03 02:06:18,057 [ForkJoinPool.commonPool-worker-0] INFO  impl.RoleInfo (RoleInfo.java:shutdownFollowerState(121)) - 391bb984-dc97-47b1-9e0e-6d9306879c13: shutdown FollowerState
2019-10-03 02:06:18,057 [ForkJoinPool.commonPool-worker-0] INFO  impl.StateMachineUpdater (StateMachineUpdater.java:stopAndJoin(136)) - 391bb984-dc97-47b1-9e0e-6d9306879c13@group-29766742AB75-StateMachineUpdater: set stopIndex = -1
2019-10-03 02:06:18,058 [ForkJoinPool.commonPool-worker-0] INFO  impl.RaftServerImpl (ServerState.java:close(387)) - 391bb984-dc97-47b1-9e0e-6d9306879c13@group-29766742AB75: closes. applyIndex: -1
2019-10-03 02:06:18,058 [Thread-1739] INFO  impl.FollowerState (FollowerState.java:run(117)) - 391bb984-dc97-47b1-9e0e-6d9306879c13@group-29766742AB75-FollowerState was interrupted: java.lang.InterruptedException: sleep interrupted
2019-10-03 02:06:18,058 [391bb984-dc97-47b1-9e0e-6d9306879c13@group-29766742AB75-SegmentedRaftLogWorker] INFO  segmented.SegmentedRaftLogWorker (SegmentedRaftLogWorker.java:run(316)) - 391bb984-dc97-47b1-9e0e-6d9306879c13@group-29766742AB75-SegmentedRaftLogWorker was interrupted, exiting. There are 0 tasks remaining in the queue.
2019-10-03 02:06:18,061 [ForkJoinPool.commonPool-worker-0] INFO  segmented.SegmentedRaftLogWorker (SegmentedRaftLogWorker.java:close(224)) - 391bb984-dc97-47b1-9e0e-6d9306879c13@group-29766742AB75-SegmentedRaftLogWorker close()
2019-10-03 02:06:18,068 [ForkJoinPool.commonPool-worker-0] INFO  server.GrpcService (GrpcService.java:closeImpl(164)) - 391bb984-dc97-47b1-9e0e-6d9306879c13: shutdown server with port 32859 now
2019-10-03 02:06:18,069 [ForkJoinPool.commonPool-worker-0] INFO  server.GrpcService (GrpcService.java:closeImpl(172)) - 391bb984-dc97-47b1-9e0e-6d9306879c13: shutdown server with port 32859 successfully
2019-10-03 02:06:18,072 [refreshUsed-/workdir/hadoop-ozone/ozonefs/target/test-dir/MiniOzoneClusterImpl-d96513b1-4d4c-4eb0-9b1b-806bae8e7cbe/datanode-2/data/containers] WARN  fs.CachingGetSpaceUsed (CachingGetSpaceUsed.java:run(183)) - Thread Interrupted waiting to refresh disk information: sleep interrupted
2019-10-03 02:06:18,096 [ForkJoinPool.commonPool-worker-0] INFO  utils.BackgroundService (BackgroundService.java:shutdown(148)) - Shutting down service BlockDeletingService
2019-10-03 02:06:18,099 [ForkJoinPool.commonPool-worker-0] INFO  statemachine.DatanodeStateMachine (DatanodeStateMachine.java:stopDaemon(395)) - Ozone container server stopped.
2019-10-03 02:06:18,104 [ForkJoinPool.commonPool-worker-0] INFO  handler.ContextHandler (ContextHandler.java:doStop(910)) - Stopped o.e.j.w.WebAppContext@41bb1f09{/,null,UNAVAILABLE}{/hddsDatanode}
2019-10-03 02:06:18,105 [ForkJoinPool.commonPool-worker-0] INFO  server.AbstractConnector (AbstractConnector.java:doStop(318)) - Stopped ServerConnector@349f0ca4{HTTP/1.1,[http/1.1]}{0.0.0.0:0}
2019-10-03 02:06:18,106 [ForkJoinPool.commonPool-worker-0] INFO  handler.ContextHandler (ContextHandler.java:doStop(910)) - Stopped o.e.j.s.ServletContextHandler@5c9e8a67{/static,jar:file:/home/user/.m2/repository/org/apache/hadoop/hadoop-hdds-container-service/0.5.0-SNAPSHOT/hadoop-hdds-container-service-0.5.0-SNAPSHOT.jar!/webapps/static,UNAVAILABLE}
2019-10-03 02:06:18,107 [ForkJoinPool.commonPool-worker-0] INFO  handler.ContextHandler (ContextHandler.java:doStop(910)) - Stopped o.e.j.s.ServletContextHandler@20b54cfe{/logs,file:///workdir/hadoop-ozone/ozonefs/target/log,UNAVAILABLE}
2019-10-03 02:06:18,108 [main] INFO  ozone.MiniOzoneClusterImpl (MiniOzoneClusterImpl.java:stopSCM(392)) - Stopping the StorageContainerManager
2019-10-03 02:06:18,109 [main] INFO  server.StorageContainerManager (StorageContainerManager.java:stop(808)) - Stopping Replication Manager Service.
2019-10-03 02:06:18,109 [main] INFO  container.ReplicationManager (ReplicationManager.java:stop(203)) - Stopping Replication Monitor Thread.
2019-10-03 02:06:18,109 [main] INFO  server.StorageContainerManager (StorageContainerManager.java:stop(815)) - Stopping Lease Manager of the command watchers
2019-10-03 02:06:18,109 [main] INFO  server.StorageContainerManager (StorageContainerManager.java:stop(822)) - Stopping datanode service RPC server
2019-10-03 02:06:18,110 [main] INFO  server.SCMDatanodeProtocolServer (SCMDatanodeProtocolServer.java:stop(367)) - Stopping the RPC server for DataNodes
2019-10-03 02:06:18,110 [main] INFO  ipc.Server (Server.java:stop(3082)) - Stopping server on 35183
2019-10-03 02:06:18,112 [IPC Server listener on 35183] INFO  ipc.Server (Server.java:run(1185)) - Stopping IPC Server listener on 35183
2019-10-03 02:06:18,112 [IPC Server Responder] INFO  ipc.Server (Server.java:run(1319)) - Stopping IPC Server Responder
2019-10-03 02:06:18,190 [SCM Heartbeat Processing Thread - 0] WARN  node.NodeStateManager (NodeStateManager.java:scheduleNextHealthCheck(646)) - Current Thread is interrupted, shutting down HB processing thread for Node Manager.
2019-10-03 02:06:18,190 [main] INFO  server.StorageContainerManager (StorageContainerManager.java:stop(830)) - Stopping block service RPC server
2019-10-03 02:06:18,190 [main] INFO  server.SCMBlockProtocolServer (SCMBlockProtocolServer.java:stop(155)) - Stopping the RPC server for Block Protocol
2019-10-03 02:06:18,191 [main] INFO  ipc.Server (Server.java:stop(3082)) - Stopping server on 42123
2019-10-03 02:06:18,193 [IPC Server listener on 42123] INFO  ipc.Server (Server.java:run(1185)) - Stopping IPC Server listener on 42123
2019-10-03 02:06:18,193 [main] INFO  server.StorageContainerManager (StorageContainerManager.java:stop(837)) - Stopping the StorageContainerLocationProtocol RPC server
2019-10-03 02:06:18,193 [IPC Server Responder] INFO  ipc.Server (Server.java:run(1319)) - Stopping IPC Server Responder
2019-10-03 02:06:18,194 [main] INFO  server.SCMClientProtocolServer (SCMClientProtocolServer.java:stop(158)) - Stopping the RPC server for Client Protocol
2019-10-03 02:06:18,194 [main] INFO  ipc.Server (Server.java:stop(3082)) - Stopping server on 37651
2019-10-03 02:06:18,196 [IPC Server listener on 37651] INFO  ipc.Server (Server.java:run(1185)) - Stopping IPC Server listener on 37651
2019-10-03 02:06:18,196 [main] INFO  server.StorageContainerManager (StorageContainerManager.java:stop(844)) - Stopping Storage Container Manager HTTP server.
2019-10-03 02:06:18,197 [IPC Server Responder] INFO  ipc.Server (Server.java:run(1319)) - Stopping IPC Server Responder
2019-10-03 02:06:18,198 [main] INFO  handler.ContextHandler (ContextHandler.java:doStop(910)) - Stopped o.e.j.w.WebAppContext@2b9aeedb{/,null,UNAVAILABLE}{/scm}
2019-10-03 02:06:18,199 [main] INFO  server.AbstractConnector (AbstractConnector.java:doStop(318)) - Stopped ServerConnector@63485d7{HTTP/1.1,[http/1.1]}{0.0.0.0:0}
2019-10-03 02:06:18,199 [main] INFO  handler.ContextHandler (ContextHandler.java:doStop(910)) - Stopped o.e.j.s.ServletContextHandler@6775c0d1{/static,jar:file:/home/user/.m2/repository/org/apache/hadoop/hadoop-hdds-server-scm/0.5.0-SNAPSHOT/hadoop-hdds-server-scm-0.5.0-SNAPSHOT.jar!/webapps/static,UNAVAILABLE}
2019-10-03 02:06:18,200 [main] INFO  handler.ContextHandler (ContextHandler.java:doStop(910)) - Stopped o.e.j.s.ServletContextHandler@2eebce87{/logs,file:///workdir/hadoop-ozone/ozonefs/target/log,UNAVAILABLE}
2019-10-03 02:06:18,200 [main] INFO  server.StorageContainerManager (StorageContainerManager.java:stop(855)) - Stopping Block Manager Service.
2019-10-03 02:06:18,200 [main] INFO  utils.BackgroundService (BackgroundService.java:shutdown(148)) - Shutting down service SCMBlockDeletingService
2019-10-03 02:06:18,201 [main] INFO  utils.BackgroundService (BackgroundService.java:shutdown(148)) - Shutting down service SCMBlockDeletingService
2019-10-03 02:06:18,201 [main] INFO  server.StorageContainerManager (StorageContainerManager.java:stop(877)) - Stopping SCM Event Queue.
2019-10-03 02:06:18,204 [main] INFO  impl.MetricsSystemImpl (MetricsSystemImpl.java:stop(210)) - Stopping HddsDatanode metrics system...
2019-10-03 02:06:18,213 [main] INFO  impl.MetricsSystemImpl (MetricsSystemImpl.java:stop(216)) - HddsDatanode metrics system stopped.
]]></system-out>
  </testcase>
  <testcase name="testDirectory[1]" classname="org.apache.hadoop.fs.ozone.TestOzoneFileInterfaces" time="17.005">
    <error message="Volume not found ubyepjxhwt" type="VOLUME_NOT_FOUND org.apache.hadoop.ozone.om.exceptions.OMException">VOLUME_NOT_FOUND org.apache.hadoop.ozone.om.exceptions.OMException: Volume not found ubyepjxhwt
	at org.apache.hadoop.ozone.om.protocolPB.OzoneManagerProtocolClientSideTranslatorPB.handleError(OzoneManagerProtocolClientSideTranslatorPB.java:732)
	at org.apache.hadoop.ozone.om.protocolPB.OzoneManagerProtocolClientSideTranslatorPB.createDirectory(OzoneManagerProtocolClientSideTranslatorPB.java:1377)
	at sun.reflect.NativeMethodAccessorImpl.invoke0(Native Method)
	at sun.reflect.NativeMethodAccessorImpl.invoke(NativeMethodAccessorImpl.java:62)
	at sun.reflect.DelegatingMethodAccessorImpl.invoke(DelegatingMethodAccessorImpl.java:43)
	at java.lang.reflect.Method.invoke(Method.java:498)
	at org.apache.hadoop.hdds.tracing.TraceAllMethod.invoke(TraceAllMethod.java:66)
	at com.sun.proxy.$Proxy39.createDirectory(Unknown Source)
	at org.apache.hadoop.ozone.client.rpc.RpcClient.createDirectory(RpcClient.java:976)
	at org.apache.hadoop.ozone.client.OzoneBucket.createDirectory(OzoneBucket.java:503)
	at org.apache.hadoop.fs.ozone.BasicOzoneClientAdapterImpl.createDirectory(BasicOzoneClientAdapterImpl.java:236)
	at org.apache.hadoop.fs.ozone.BasicOzoneFileSystem.mkdir(BasicOzoneFileSystem.java:597)
	at org.apache.hadoop.fs.ozone.BasicOzoneFileSystem.mkdirs(BasicOzoneFileSystem.java:607)
	at org.apache.hadoop.fs.FileSystem.mkdirs(FileSystem.java:2275)
	at org.apache.hadoop.fs.ozone.TestOzoneFileInterfaces.testDirectory(TestOzoneFileInterfaces.java:223)
	at sun.reflect.NativeMethodAccessorImpl.invoke0(Native Method)
	at sun.reflect.NativeMethodAccessorImpl.invoke(NativeMethodAccessorImpl.java:62)
	at sun.reflect.DelegatingMethodAccessorImpl.invoke(DelegatingMethodAccessorImpl.java:43)
	at java.lang.reflect.Method.invoke(Method.java:498)
	at org.junit.runners.model.FrameworkMethod$1.runReflectiveCall(FrameworkMethod.java:47)
	at org.junit.internal.runners.model.ReflectiveCallable.run(ReflectiveCallable.java:12)
	at org.junit.runners.model.FrameworkMethod.invokeExplosively(FrameworkMethod.java:44)
	at org.junit.internal.runners.statements.InvokeMethod.evaluate(InvokeMethod.java:17)
	at org.junit.internal.runners.statements.RunBefores.evaluate(RunBefores.java:26)
	at org.junit.internal.runners.statements.RunAfters.evaluate(RunAfters.java:27)
	at org.junit.runners.ParentRunner.runLeaf(ParentRunner.java:271)
	at org.junit.runners.BlockJUnit4ClassRunner.runChild(BlockJUnit4ClassRunner.java:70)
	at org.junit.runners.BlockJUnit4ClassRunner.runChild(BlockJUnit4ClassRunner.java:50)
	at org.junit.runners.ParentRunner$3.run(ParentRunner.java:238)
	at org.junit.runners.ParentRunner$1.schedule(ParentRunner.java:63)
	at org.junit.runners.ParentRunner.runChildren(ParentRunner.java:236)
	at org.junit.runners.ParentRunner.access$000(ParentRunner.java:53)
	at org.junit.runners.ParentRunner$2.evaluate(ParentRunner.java:229)
	at org.junit.runners.ParentRunner.run(ParentRunner.java:309)
	at org.junit.runners.Suite.runChild(Suite.java:127)
	at org.junit.runners.Suite.runChild(Suite.java:26)
	at org.junit.runners.ParentRunner$3.run(ParentRunner.java:238)
	at org.junit.runners.ParentRunner$1.schedule(ParentRunner.java:63)
	at org.junit.runners.ParentRunner.runChildren(ParentRunner.java:236)
	at org.junit.runners.ParentRunner.access$000(ParentRunner.java:53)
	at org.junit.runners.ParentRunner$2.evaluate(ParentRunner.java:229)
	at org.junit.runners.ParentRunner.run(ParentRunner.java:309)
	at org.apache.maven.surefire.junit4.JUnit4Provider.execute(JUnit4Provider.java:365)
	at org.apache.maven.surefire.junit4.JUnit4Provider.executeWithRerun(JUnit4Provider.java:273)
	at org.apache.maven.surefire.junit4.JUnit4Provider.executeTestSet(JUnit4Provider.java:238)
	at org.apache.maven.surefire.junit4.JUnit4Provider.invoke(JUnit4Provider.java:159)
	at org.apache.maven.surefire.booter.ForkedBooter.invokeProviderInSameClassLoader(ForkedBooter.java:384)
	at org.apache.maven.surefire.booter.ForkedBooter.runSuitesInProcess(ForkedBooter.java:345)
	at org.apache.maven.surefire.booter.ForkedBooter.execute(ForkedBooter.java:126)
	at org.apache.maven.surefire.booter.ForkedBooter.main(ForkedBooter.java:418)
</error>
    <system-out><![CDATA[2019-10-03 02:06:18,241 [main] WARN  server.ServerUtils (ServerUtils.java:getScmDbDir(145)) - ozone.scm.db.dirs is not configured. We recommend adding this setting. Falling back to ozone.metadata.dirs instead.
2019-10-03 02:06:18,256 [main] WARN  server.ServerUtils (ServerUtils.java:getScmDbDir(145)) - ozone.scm.db.dirs is not configured. We recommend adding this setting. Falling back to ozone.metadata.dirs instead.
2019-10-03 02:06:18,256 [main] WARN  server.ServerUtils (ServerUtils.java:getScmDbDir(145)) - ozone.scm.db.dirs is not configured. We recommend adding this setting. Falling back to ozone.metadata.dirs instead.
2019-10-03 02:06:18,257 [main] INFO  db.DBStoreBuilder (DBStoreBuilder.java:addTable(110)) - using custom profile for table: deletedBlocks
2019-10-03 02:06:18,257 [main] INFO  db.DBStoreBuilder (DBStoreBuilder.java:processTables(161)) - Using default column profile:DBProfile.DISK for Table:deletedBlocks
2019-10-03 02:06:18,257 [main] INFO  db.DBStoreBuilder (DBStoreBuilder.java:addTable(110)) - using custom profile for table: validCerts
2019-10-03 02:06:18,257 [main] INFO  db.DBStoreBuilder (DBStoreBuilder.java:processTables(161)) - Using default column profile:DBProfile.DISK for Table:validCerts
2019-10-03 02:06:18,257 [main] INFO  db.DBStoreBuilder (DBStoreBuilder.java:addTable(110)) - using custom profile for table: revokedCerts
2019-10-03 02:06:18,257 [main] INFO  db.DBStoreBuilder (DBStoreBuilder.java:processTables(161)) - Using default column profile:DBProfile.DISK for Table:revokedCerts
2019-10-03 02:06:18,258 [main] INFO  db.DBStoreBuilder (DBStoreBuilder.java:addTable(110)) - using custom profile for table: default
2019-10-03 02:06:18,258 [main] INFO  db.DBStoreBuilder (DBStoreBuilder.java:processTables(167)) - Using default column profile:DBProfile.DISK for Table:default
2019-10-03 02:06:18,258 [main] INFO  db.DBStoreBuilder (DBStoreBuilder.java:getDbProfile(198)) - Using default options. DBProfile.DISK
2019-10-03 02:06:18,448 [main] INFO  net.NodeSchemaLoader (NodeSchemaLoader.java:loadSchemaFromFile(125)) - Loading file from sun.misc.CompoundEnumeration@1377b1a0
2019-10-03 02:06:18,448 [main] INFO  net.NodeSchemaLoader (NodeSchemaLoader.java:loadSchema(171)) - Loading network topology layer schema file
2019-10-03 02:06:18,452 [main] WARN  server.ServerUtils (ServerUtils.java:sanitizeUserArgs(70)) - ozone.scm.stale.node.interval value = 300000 is larger than max = 100000 based on the key value of ozone.scm.heartbeat.thread.interval, reset to the max value 100000.
2019-10-03 02:06:18,452 [main] WARN  server.ServerUtils (ServerUtils.java:sanitizeUserArgs(70)) - ozone.scm.stale.node.interval value = 300000 is larger than max = 100000 based on the key value of ozone.scm.heartbeat.thread.interval, reset to the max value 100000.
2019-10-03 02:06:18,453 [main] INFO  node.SCMNodeManager (SCMNodeManager.java:<init>(114)) - Entering startup safe mode.
2019-10-03 02:06:18,454 [main] INFO  algorithms.ContainerPlacementPolicyFactory (ContainerPlacementPolicyFactory.java:getPolicy(57)) - Create container placement policy of type org.apache.hadoop.hdds.scm.container.placement.algorithms.SCMContainerPlacementRandom
2019-10-03 02:06:18,454 [main] WARN  server.ServerUtils (ServerUtils.java:getScmDbDir(145)) - ozone.scm.db.dirs is not configured. We recommend adding this setting. Falling back to ozone.metadata.dirs instead.
2019-10-03 02:06:18,511 [main] INFO  pipeline.SCMPipelineManager (SCMPipelineManager.java:initializePipelineState(132)) - No pipeline exists in current db
2019-10-03 02:06:18,512 [main] WARN  server.ServerUtils (ServerUtils.java:getScmDbDir(145)) - ozone.scm.db.dirs is not configured. We recommend adding this setting. Falling back to ozone.metadata.dirs instead.
2019-10-03 02:06:18,582 [main] WARN  events.EventQueue (EventQueue.java:fireEvent(183)) - No event handler registered for event TypedEvent{payloadType=SafeModeStatus, name='SafeModeStatus'}
2019-10-03 02:06:18,583 [main] INFO  ipc.CallQueueManager (CallQueueManager.java:<init>(84)) - Using callQueue: class java.util.concurrent.LinkedBlockingQueue, queueCapacity: 2000, scheduler: class org.apache.hadoop.ipc.DefaultRpcScheduler, ipcBackoff: false.
2019-10-03 02:06:18,584 [Socket Reader #1 for port 45815] INFO  ipc.Server (Server.java:run(1074)) - Starting Socket Reader #1 for port 45815
2019-10-03 02:06:18,586 [main] INFO  ipc.CallQueueManager (CallQueueManager.java:<init>(84)) - Using callQueue: class java.util.concurrent.LinkedBlockingQueue, queueCapacity: 2000, scheduler: class org.apache.hadoop.ipc.DefaultRpcScheduler, ipcBackoff: false.
2019-10-03 02:06:18,587 [Socket Reader #1 for port 43464] INFO  ipc.Server (Server.java:run(1074)) - Starting Socket Reader #1 for port 43464
2019-10-03 02:06:18,592 [main] INFO  ipc.CallQueueManager (CallQueueManager.java:<init>(84)) - Using callQueue: class java.util.concurrent.LinkedBlockingQueue, queueCapacity: 2000, scheduler: class org.apache.hadoop.ipc.DefaultRpcScheduler, ipcBackoff: false.
2019-10-03 02:06:18,593 [Socket Reader #1 for port 39758] INFO  ipc.Server (Server.java:run(1074)) - Starting Socket Reader #1 for port 39758
2019-10-03 02:06:18,597 [main] INFO  hdfs.DFSUtil (DFSUtil.java:httpServerTemplateForNNAndJN(1641)) - Starting Web-server for scm at: http://0.0.0.0:0
2019-10-03 02:06:18,600 [main] INFO  server.AuthenticationFilter (AuthenticationFilter.java:constructSecretProvider(240)) - Unable to initialize FileSignerSecretProvider, falling back to use random secrets.
2019-10-03 02:06:18,601 [main] WARN  http.HttpRequestLog (HttpRequestLog.java:getRequestLog(97)) - Jetty request log can only be enabled using Log4j
2019-10-03 02:06:18,604 [main] INFO  http.HttpServer2 (HttpServer2.java:addGlobalFilter(975)) - Added global filter 'safety' (class=org.apache.hadoop.http.HttpServer2$QuotingInputFilter)
2019-10-03 02:06:18,605 [main] INFO  http.HttpServer2 (HttpServer2.java:addFilter(948)) - Added filter static_user_filter (class=org.apache.hadoop.http.lib.StaticUserWebFilter$StaticUserFilter) to context scm
2019-10-03 02:06:18,605 [main] INFO  http.HttpServer2 (HttpServer2.java:addFilter(958)) - Added filter static_user_filter (class=org.apache.hadoop.http.lib.StaticUserWebFilter$StaticUserFilter) to context logs
2019-10-03 02:06:18,606 [main] INFO  http.HttpServer2 (HttpServer2.java:addFilter(958)) - Added filter static_user_filter (class=org.apache.hadoop.http.lib.StaticUserWebFilter$StaticUserFilter) to context static
2019-10-03 02:06:18,608 [main] INFO  server.StorageContainerManager (StorageContainerManager.java:start(770)) - StorageContainerLocationProtocol RPC server is listening at /0.0.0.0:39758
2019-10-03 02:06:18,610 [main] WARN  impl.MetricsConfig (MetricsConfig.java:loadFirst(134)) - Cannot locate configuration: tried hadoop-metrics2-storagecontainermanager.properties,hadoop-metrics2.properties
2019-10-03 02:06:18,611 [main] INFO  impl.MetricsSystemImpl (MetricsSystemImpl.java:startTimer(374)) - Scheduled Metric snapshot period at 10 second(s).
2019-10-03 02:06:18,612 [main] INFO  impl.MetricsSystemImpl (MetricsSystemImpl.java:start(191)) - StorageContainerManager metrics system started
2019-10-03 02:06:18,654 [main] WARN  impl.MetricsSystemImpl (MetricsSystemImpl.java:register(276)) - Sink prometheus already exists!
2019-10-03 02:06:18,745 [main] INFO  server.SCMClientProtocolServer (SCMClientProtocolServer.java:start(150)) - RPC server for Client  is listening at /0.0.0.0:39758
2019-10-03 02:06:18,746 [IPC Server Responder] INFO  ipc.Server (Server.java:run(1314)) - IPC Server Responder: starting
2019-10-03 02:06:18,746 [IPC Server listener on 39758] INFO  ipc.Server (Server.java:run(1153)) - IPC Server listener on 39758: starting
2019-10-03 02:06:18,750 [main] INFO  server.StorageContainerManager (StorageContainerManager.java:start(780)) - ScmBlockLocationProtocol RPC server is listening at /0.0.0.0:43464
2019-10-03 02:06:18,751 [main] INFO  server.SCMBlockProtocolServer (SCMBlockProtocolServer.java:start(146)) - RPC server for Block Protocol is listening at /0.0.0.0:43464
2019-10-03 02:06:18,751 [IPC Server Responder] INFO  ipc.Server (Server.java:run(1314)) - IPC Server Responder: starting
2019-10-03 02:06:18,751 [IPC Server listener on 43464] INFO  ipc.Server (Server.java:run(1153)) - IPC Server listener on 43464: starting
2019-10-03 02:06:18,756 [main] INFO  server.StorageContainerManager (StorageContainerManager.java:start(784)) - ScmDatanodeProtocl RPC server is listening at /0.0.0.0:45815
2019-10-03 02:06:18,756 [main] INFO  server.SCMDatanodeProtocolServer (SCMDatanodeProtocolServer.java:start(191)) - RPC server for DataNodes is listening at /0.0.0.0:45815
2019-10-03 02:06:18,757 [IPC Server Responder] INFO  ipc.Server (Server.java:run(1314)) - IPC Server Responder: starting
2019-10-03 02:06:18,757 [IPC Server listener on 45815] INFO  ipc.Server (Server.java:run(1153)) - IPC Server listener on 45815: starting
2019-10-03 02:06:18,762 [main] INFO  http.HttpServer2 (HttpServer2.java:bindListener(1191)) - Jetty bound to port 46687
2019-10-03 02:06:18,762 [main] INFO  server.Server (Server.java:doStart(351)) - jetty-9.3.25.v20180904, build timestamp: 2018-09-04T21:11:46Z, git hash: 3ce520221d0240229c862b122d2b06c12a625732
2019-10-03 02:06:18,763 [main] INFO  handler.ContextHandler (ContextHandler.java:doStart(781)) - Started o.e.j.s.ServletContextHandler@77c23d90{/logs,file:///workdir/hadoop-ozone/ozonefs/target/log,AVAILABLE}
2019-10-03 02:06:18,764 [main] INFO  handler.ContextHandler (ContextHandler.java:doStart(781)) - Started o.e.j.s.ServletContextHandler@49631cfb{/static,jar:file:/home/user/.m2/repository/org/apache/hadoop/hadoop-hdds-server-scm/0.5.0-SNAPSHOT/hadoop-hdds-server-scm-0.5.0-SNAPSHOT.jar!/webapps/static,AVAILABLE}
2019-10-03 02:06:18,804 [main] INFO  handler.ContextHandler (ContextHandler.java:doStart(781)) - Started o.e.j.w.WebAppContext@27d73d22{/,file:///tmp/jetty-0.0.0.0-46687-scm-_-any-6718232735999932047.dir/webapp/,AVAILABLE}{/scm}
2019-10-03 02:06:18,804 [main] INFO  server.AbstractConnector (AbstractConnector.java:doStart(278)) - Started ServerConnector@7fd751de{HTTP/1.1,[http/1.1]}{0.0.0.0:46687}
2019-10-03 02:06:18,806 [main] INFO  server.Server (Server.java:doStart(419)) - Started @147037ms
2019-10-03 02:06:18,806 [main] WARN  impl.MetricsSystemImpl (MetricsSystemImpl.java:register(276)) - Sink prometheus already exists!
2019-10-03 02:06:18,807 [main] INFO  server.BaseHttpServer (BaseHttpServer.java:updateConnectorAddress(215)) - HTTP server of SCM is listening at http://0.0.0.0:46687
2019-10-03 02:06:18,808 [main] WARN  server.ServerUtils (ServerUtils.java:getDBPath(222)) - ozone.om.db.dirs is not configured. We recommend adding this setting. Falling back to ozone.metadata.dirs instead.
2019-10-03 02:06:18,810 [org.apache.hadoop.util.JvmPauseMonitor$Monitor@1124910c] INFO  util.JvmPauseMonitor (JvmPauseMonitor.java:run(188)) - Starting JVM pause monitor
2019-10-03 02:06:18,823 [main] WARN  server.ServerUtils (ServerUtils.java:getDBPath(222)) - ozone.om.db.dirs is not configured. We recommend adding this setting. Falling back to ozone.metadata.dirs instead.
2019-10-03 02:06:18,824 [main] WARN  server.ServerUtils (ServerUtils.java:getDBPath(222)) - ozone.om.db.dirs is not configured. We recommend adding this setting. Falling back to ozone.metadata.dirs instead.
2019-10-03 02:06:18,824 [main] INFO  om.OzoneManager (OzoneManager.java:setOMNodeDetails(652)) - OM Service ID is not set. Setting it to the default ID: omServiceIdDefault
2019-10-03 02:06:18,825 [main] INFO  om.OzoneManager (OzoneManager.java:setOMNodeDetails(658)) - OM Node ID is not set. Setting it to the OmStorage's OmID: 1b6b572d-c01b-4a3a-949a-92c04e475ac7
2019-10-03 02:06:18,825 [main] INFO  om.OzoneManager (OzoneManager.java:loadOMHAConfigs(609)) - Found matching OM address with OMServiceId: null, OMNodeId: null, RPC Address: localhost:0 and Ratis port: 9872
2019-10-03 02:06:18,833 [main] WARN  server.ServerUtils (ServerUtils.java:getDBPath(222)) - ozone.om.db.dirs is not configured. We recommend adding this setting. Falling back to ozone.metadata.dirs instead.
2019-10-03 02:06:18,834 [main] INFO  db.DBStoreBuilder (DBStoreBuilder.java:addTable(110)) - using custom profile for table: userTable
2019-10-03 02:06:18,834 [main] INFO  db.DBStoreBuilder (DBStoreBuilder.java:processTables(161)) - Using default column profile:DBProfile.DISK for Table:userTable
2019-10-03 02:06:18,834 [main] INFO  db.DBStoreBuilder (DBStoreBuilder.java:addTable(110)) - using custom profile for table: volumeTable
2019-10-03 02:06:18,834 [main] INFO  db.DBStoreBuilder (DBStoreBuilder.java:processTables(161)) - Using default column profile:DBProfile.DISK for Table:volumeTable
2019-10-03 02:06:18,834 [main] INFO  db.DBStoreBuilder (DBStoreBuilder.java:addTable(110)) - using custom profile for table: bucketTable
2019-10-03 02:06:18,835 [main] INFO  db.DBStoreBuilder (DBStoreBuilder.java:processTables(161)) - Using default column profile:DBProfile.DISK for Table:bucketTable
2019-10-03 02:06:18,835 [main] INFO  db.DBStoreBuilder (DBStoreBuilder.java:addTable(110)) - using custom profile for table: keyTable
2019-10-03 02:06:18,835 [main] INFO  db.DBStoreBuilder (DBStoreBuilder.java:processTables(161)) - Using default column profile:DBProfile.DISK for Table:keyTable
2019-10-03 02:06:18,835 [main] INFO  db.DBStoreBuilder (DBStoreBuilder.java:addTable(110)) - using custom profile for table: deletedTable
2019-10-03 02:06:18,836 [main] INFO  db.DBStoreBuilder (DBStoreBuilder.java:processTables(161)) - Using default column profile:DBProfile.DISK for Table:deletedTable
2019-10-03 02:06:18,836 [main] INFO  db.DBStoreBuilder (DBStoreBuilder.java:addTable(110)) - using custom profile for table: openKeyTable
2019-10-03 02:06:18,836 [main] INFO  db.DBStoreBuilder (DBStoreBuilder.java:processTables(161)) - Using default column profile:DBProfile.DISK for Table:openKeyTable
2019-10-03 02:06:18,836 [main] INFO  db.DBStoreBuilder (DBStoreBuilder.java:addTable(110)) - using custom profile for table: s3Table
2019-10-03 02:06:18,836 [main] INFO  db.DBStoreBuilder (DBStoreBuilder.java:processTables(161)) - Using default column profile:DBProfile.DISK for Table:s3Table
2019-10-03 02:06:18,837 [main] INFO  db.DBStoreBuilder (DBStoreBuilder.java:addTable(110)) - using custom profile for table: multipartInfoTable
2019-10-03 02:06:18,837 [main] INFO  db.DBStoreBuilder (DBStoreBuilder.java:processTables(161)) - Using default column profile:DBProfile.DISK for Table:multipartInfoTable
2019-10-03 02:06:18,837 [main] INFO  db.DBStoreBuilder (DBStoreBuilder.java:addTable(110)) - using custom profile for table: dTokenTable
2019-10-03 02:06:18,837 [main] INFO  db.DBStoreBuilder (DBStoreBuilder.java:processTables(161)) - Using default column profile:DBProfile.DISK for Table:dTokenTable
2019-10-03 02:06:18,838 [main] INFO  db.DBStoreBuilder (DBStoreBuilder.java:addTable(110)) - using custom profile for table: s3SecretTable
2019-10-03 02:06:18,838 [main] INFO  db.DBStoreBuilder (DBStoreBuilder.java:processTables(161)) - Using default column profile:DBProfile.DISK for Table:s3SecretTable
2019-10-03 02:06:18,838 [main] INFO  db.DBStoreBuilder (DBStoreBuilder.java:addTable(110)) - using custom profile for table: prefixTable
2019-10-03 02:06:18,838 [main] INFO  db.DBStoreBuilder (DBStoreBuilder.java:processTables(161)) - Using default column profile:DBProfile.DISK for Table:prefixTable
2019-10-03 02:06:18,838 [main] INFO  db.DBStoreBuilder (DBStoreBuilder.java:addTable(110)) - using custom profile for table: default
2019-10-03 02:06:18,839 [main] INFO  db.DBStoreBuilder (DBStoreBuilder.java:processTables(167)) - Using default column profile:DBProfile.DISK for Table:default
2019-10-03 02:06:18,839 [main] INFO  db.DBStoreBuilder (DBStoreBuilder.java:getDbProfile(198)) - Using default options. DBProfile.DISK
2019-10-03 02:06:19,431 [main] INFO  ipc.CallQueueManager (CallQueueManager.java:<init>(84)) - Using callQueue: class java.util.concurrent.LinkedBlockingQueue, queueCapacity: 2000, scheduler: class org.apache.hadoop.ipc.DefaultRpcScheduler, ipcBackoff: false.
2019-10-03 02:06:19,432 [Socket Reader #1 for port 38555] INFO  ipc.Server (Server.java:run(1074)) - Starting Socket Reader #1 for port 38555
2019-10-03 02:06:19,456 [main] INFO  om.OzoneManager (OzoneManager.java:start(1243)) - OzoneManager RPC server is listening at localhost/127.0.0.1:38555
2019-10-03 02:06:19,456 [main] INFO  impl.MetricsSystemImpl (MetricsSystemImpl.java:init(158)) - OzoneManager metrics system started (again)
2019-10-03 02:06:19,457 [IPC Server Responder] INFO  ipc.Server (Server.java:run(1314)) - IPC Server Responder: starting
2019-10-03 02:06:19,457 [IPC Server listener on 38555] INFO  ipc.Server (Server.java:run(1153)) - IPC Server listener on 38555: starting
2019-10-03 02:06:19,465 [main] INFO  hdfs.DFSUtil (DFSUtil.java:httpServerTemplateForNNAndJN(1641)) - Starting Web-server for ozoneManager at: http://0.0.0.0:0
2019-10-03 02:06:19,469 [main] INFO  server.AuthenticationFilter (AuthenticationFilter.java:constructSecretProvider(240)) - Unable to initialize FileSignerSecretProvider, falling back to use random secrets.
2019-10-03 02:06:19,469 [main] WARN  http.HttpRequestLog (HttpRequestLog.java:getRequestLog(97)) - Jetty request log can only be enabled using Log4j
2019-10-03 02:06:19,473 [main] INFO  http.HttpServer2 (HttpServer2.java:addGlobalFilter(975)) - Added global filter 'safety' (class=org.apache.hadoop.http.HttpServer2$QuotingInputFilter)
2019-10-03 02:06:19,474 [main] INFO  http.HttpServer2 (HttpServer2.java:addFilter(948)) - Added filter static_user_filter (class=org.apache.hadoop.http.lib.StaticUserWebFilter$StaticUserFilter) to context ozoneManager
2019-10-03 02:06:19,475 [main] INFO  http.HttpServer2 (HttpServer2.java:addFilter(958)) - Added filter static_user_filter (class=org.apache.hadoop.http.lib.StaticUserWebFilter$StaticUserFilter) to context logs
2019-10-03 02:06:19,475 [main] INFO  http.HttpServer2 (HttpServer2.java:addFilter(958)) - Added filter static_user_filter (class=org.apache.hadoop.http.lib.StaticUserWebFilter$StaticUserFilter) to context static
2019-10-03 02:06:19,476 [main] INFO  http.HttpServer2 (HttpServer2.java:bindListener(1191)) - Jetty bound to port 46624
2019-10-03 02:06:19,476 [main] INFO  server.Server (Server.java:doStart(351)) - jetty-9.3.25.v20180904, build timestamp: 2018-09-04T21:11:46Z, git hash: 3ce520221d0240229c862b122d2b06c12a625732
2019-10-03 02:06:19,479 [main] INFO  handler.ContextHandler (ContextHandler.java:doStart(781)) - Started o.e.j.s.ServletContextHandler@77cddc0c{/logs,file:///workdir/hadoop-ozone/ozonefs/target/log,AVAILABLE}
2019-10-03 02:06:19,480 [main] INFO  handler.ContextHandler (ContextHandler.java:doStart(781)) - Started o.e.j.s.ServletContextHandler@774f2992{/static,jar:file:/home/user/.m2/repository/org/apache/hadoop/hadoop-ozone-ozone-manager/0.5.0-SNAPSHOT/hadoop-ozone-ozone-manager-0.5.0-SNAPSHOT.jar!/webapps/static,AVAILABLE}
2019-10-03 02:06:19,544 [main] INFO  handler.ContextHandler (ContextHandler.java:doStart(781)) - Started o.e.j.w.WebAppContext@4c5f7b4f{/,file:///tmp/jetty-0.0.0.0-46624-ozoneManager-_-any-2159490334326072073.dir/webapp/,AVAILABLE}{/ozoneManager}
2019-10-03 02:06:19,544 [main] INFO  server.AbstractConnector (AbstractConnector.java:doStart(278)) - Started ServerConnector@4b544732{HTTP/1.1,[http/1.1]}{0.0.0.0:46624}
2019-10-03 02:06:19,546 [main] INFO  server.Server (Server.java:doStart(419)) - Started @147777ms
2019-10-03 02:06:19,546 [main] WARN  impl.MetricsSystemImpl (MetricsSystemImpl.java:register(276)) - Sink prometheus already exists!
2019-10-03 02:06:19,547 [main] INFO  server.BaseHttpServer (BaseHttpServer.java:updateConnectorAddress(215)) - HTTP server of OZONEMANAGER is listening at http://0.0.0.0:46624
2019-10-03 02:06:19,556 [main] INFO  impl.MetricsSystemImpl (MetricsSystemImpl.java:init(158)) - HddsDatanode metrics system started (again)
2019-10-03 02:06:19,561 [main] INFO  ozone.HddsDatanodeService (HddsDatanodeService.java:start(184)) - HddsDatanodeService host:pr-hdds-1737-89jld-2007629010 ip:192.168.164.205
2019-10-03 02:06:19,569 [main] INFO  volume.HddsVolume (HddsVolume.java:<init>(176)) - Creating Volume: /workdir/hadoop-ozone/ozonefs/target/test-dir/MiniOzoneClusterImpl-7e7da04f-e8c4-44b7-8b50-520177f95937/datanode-0/data/containers/hdds of  storage type : DISK and capacity : 1482555576320
2019-10-03 02:06:19,569 [main] INFO  volume.VolumeSet (VolumeSet.java:initializeVolumeSet(170)) - Added Volume : /workdir/hadoop-ozone/ozonefs/target/test-dir/MiniOzoneClusterImpl-7e7da04f-e8c4-44b7-8b50-520177f95937/datanode-0/data/containers/hdds to VolumeSet
2019-10-03 02:06:19,569 [main] INFO  volume.ThrottledAsyncChecker (ThrottledAsyncChecker.java:schedule(139)) - Scheduling a check for org.apache.hadoop.ozone.container.common.volume.HddsVolume@72110818
2019-10-03 02:06:19,570 [main] INFO  volume.HddsVolumeChecker (HddsVolumeChecker.java:checkAllVolumes(202)) - Scheduled health check for volume org.apache.hadoop.ozone.container.common.volume.HddsVolume@72110818
2019-10-03 02:06:19,594 [main] INFO  impl.RaftServerProxy (ConfUtils.java:logGet(43)) - raft.rpc.type = GRPC (default)
2019-10-03 02:06:19,594 [main] INFO  grpc.GrpcFactory (GrpcFactory.java:checkPooledByteBufAllocatorUseCacheForAllThreads(45)) - PERFORMANCE WARNING: useCacheForAllThreads is true that may cause Netty to create a lot garbage objects and, as a result, trigger GC.
	It is recommended to disable useCacheForAllThreads by setting -Dorg.apache.ratis.thirdparty.io.netty.allocator.useCacheForAllThreads=false in command line.
2019-10-03 02:06:19,594 [main] INFO  grpc.GrpcConfigKeys$Server (ConfUtils.java:logGet(43)) - raft.grpc.server.port = 0 (default)
2019-10-03 02:06:19,594 [main] INFO  server.GrpcService (ConfUtils.java:logGet(43)) - raft.grpc.message.size.max = 33570816 (custom)
2019-10-03 02:06:19,595 [main] INFO  server.RaftServerConfigKeys (ConfUtils.java:logGet(43)) - raft.server.log.appender.buffer.byte-limit = 33554432 (custom)
2019-10-03 02:06:19,595 [main] INFO  server.GrpcService (ConfUtils.java:logGet(43)) - raft.grpc.flow.control.window = 1MB (=1048576) (default)
2019-10-03 02:06:19,595 [main] INFO  server.RaftServerConfigKeys (ConfUtils.java:logGet(43)) - raft.server.rpc.request.timeout = 3000ms (default)
2019-10-03 02:06:19,596 [main] INFO  server.RaftServerConfigKeys (ConfUtils.java:logGet(43)) - raft.server.storage.dir = [/workdir/hadoop-ozone/ozonefs/target/test-dir/MiniOzoneClusterImpl-7e7da04f-e8c4-44b7-8b50-520177f95937/datanode-0/data/ratis] (custom)
2019-10-03 02:06:19,597 [main] INFO  hdfs.DFSUtil (DFSUtil.java:httpServerTemplateForNNAndJN(1641)) - Starting Web-server for hddsDatanode at: http://0.0.0.0:0
2019-10-03 02:06:19,599 [main] INFO  server.AuthenticationFilter (AuthenticationFilter.java:constructSecretProvider(240)) - Unable to initialize FileSignerSecretProvider, falling back to use random secrets.
2019-10-03 02:06:19,599 [main] WARN  http.HttpRequestLog (HttpRequestLog.java:getRequestLog(97)) - Jetty request log can only be enabled using Log4j
2019-10-03 02:06:19,601 [main] INFO  http.HttpServer2 (HttpServer2.java:addGlobalFilter(975)) - Added global filter 'safety' (class=org.apache.hadoop.http.HttpServer2$QuotingInputFilter)
2019-10-03 02:06:19,602 [main] INFO  http.HttpServer2 (HttpServer2.java:addFilter(948)) - Added filter static_user_filter (class=org.apache.hadoop.http.lib.StaticUserWebFilter$StaticUserFilter) to context hddsDatanode
2019-10-03 02:06:19,602 [main] INFO  http.HttpServer2 (HttpServer2.java:addFilter(958)) - Added filter static_user_filter (class=org.apache.hadoop.http.lib.StaticUserWebFilter$StaticUserFilter) to context logs
2019-10-03 02:06:19,602 [main] INFO  http.HttpServer2 (HttpServer2.java:addFilter(958)) - Added filter static_user_filter (class=org.apache.hadoop.http.lib.StaticUserWebFilter$StaticUserFilter) to context static
2019-10-03 02:06:19,603 [main] INFO  http.HttpServer2 (HttpServer2.java:bindListener(1191)) - Jetty bound to port 39159
2019-10-03 02:06:19,603 [main] INFO  server.Server (Server.java:doStart(351)) - jetty-9.3.25.v20180904, build timestamp: 2018-09-04T21:11:46Z, git hash: 3ce520221d0240229c862b122d2b06c12a625732
2019-10-03 02:06:19,605 [main] INFO  handler.ContextHandler (ContextHandler.java:doStart(781)) - Started o.e.j.s.ServletContextHandler@542c65d9{/logs,file:///workdir/hadoop-ozone/ozonefs/target/log,AVAILABLE}
2019-10-03 02:06:19,605 [main] INFO  handler.ContextHandler (ContextHandler.java:doStart(781)) - Started o.e.j.s.ServletContextHandler@7dd45c93{/static,jar:file:/home/user/.m2/repository/org/apache/hadoop/hadoop-hdds-container-service/0.5.0-SNAPSHOT/hadoop-hdds-container-service-0.5.0-SNAPSHOT.jar!/webapps/static,AVAILABLE}
2019-10-03 02:06:19,633 [main] INFO  handler.ContextHandler (ContextHandler.java:doStart(781)) - Started o.e.j.w.WebAppContext@9205c0a{/,file:///tmp/jetty-0.0.0.0-39159-hddsDatanode-_-any-2766624232130451683.dir/webapp/,AVAILABLE}{/hddsDatanode}
2019-10-03 02:06:19,634 [main] INFO  server.AbstractConnector (AbstractConnector.java:doStart(278)) - Started ServerConnector@bfe47a8{HTTP/1.1,[http/1.1]}{0.0.0.0:39159}
2019-10-03 02:06:19,634 [main] INFO  server.Server (Server.java:doStart(419)) - Started @147866ms
2019-10-03 02:06:19,635 [main] WARN  impl.MetricsSystemImpl (MetricsSystemImpl.java:register(276)) - Sink prometheus already exists!
2019-10-03 02:06:19,636 [main] INFO  server.BaseHttpServer (BaseHttpServer.java:updateConnectorAddress(215)) - HTTP server of HDDSDATANODE is listening at http://0.0.0.0:39159
2019-10-03 02:06:19,637 [main] INFO  impl.MetricsSystemImpl (MetricsSystemImpl.java:init(158)) - HddsDatanode metrics system started (again)
2019-10-03 02:06:19,642 [org.apache.hadoop.util.JvmPauseMonitor$Monitor@57fe1107] INFO  util.JvmPauseMonitor (JvmPauseMonitor.java:run(188)) - Starting JVM pause monitor
2019-10-03 02:06:19,642 [main] INFO  ozone.HddsDatanodeService (HddsDatanodeService.java:start(184)) - HddsDatanodeService host:pr-hdds-1737-89jld-2007629010 ip:192.168.164.205
2019-10-03 02:06:19,644 [Datanode State Machine Thread - 0] INFO  datanode.InitDatanodeState (InitDatanodeState.java:persistContainerDatanodeDetails(140)) - DatanodeDetails is persisted to /workdir/hadoop-ozone/ozonefs/target/test-dir/MiniOzoneClusterImpl-7e7da04f-e8c4-44b7-8b50-520177f95937/datanode-0/meta/datanode.id
2019-10-03 02:06:19,650 [main] INFO  volume.HddsVolume (HddsVolume.java:<init>(176)) - Creating Volume: /workdir/hadoop-ozone/ozonefs/target/test-dir/MiniOzoneClusterImpl-7e7da04f-e8c4-44b7-8b50-520177f95937/datanode-1/data/containers/hdds of  storage type : DISK and capacity : 1482555576320
2019-10-03 02:06:19,650 [main] INFO  volume.VolumeSet (VolumeSet.java:initializeVolumeSet(170)) - Added Volume : /workdir/hadoop-ozone/ozonefs/target/test-dir/MiniOzoneClusterImpl-7e7da04f-e8c4-44b7-8b50-520177f95937/datanode-1/data/containers/hdds to VolumeSet
2019-10-03 02:06:19,650 [main] INFO  volume.ThrottledAsyncChecker (ThrottledAsyncChecker.java:schedule(139)) - Scheduling a check for org.apache.hadoop.ozone.container.common.volume.HddsVolume@75ed7512
2019-10-03 02:06:19,651 [main] INFO  volume.HddsVolumeChecker (HddsVolumeChecker.java:checkAllVolumes(202)) - Scheduled health check for volume org.apache.hadoop.ozone.container.common.volume.HddsVolume@75ed7512
2019-10-03 02:06:19,672 [main] INFO  impl.RaftServerProxy (ConfUtils.java:logGet(43)) - raft.rpc.type = GRPC (default)
2019-10-03 02:06:19,672 [main] INFO  grpc.GrpcFactory (GrpcFactory.java:checkPooledByteBufAllocatorUseCacheForAllThreads(45)) - PERFORMANCE WARNING: useCacheForAllThreads is true that may cause Netty to create a lot garbage objects and, as a result, trigger GC.
	It is recommended to disable useCacheForAllThreads by setting -Dorg.apache.ratis.thirdparty.io.netty.allocator.useCacheForAllThreads=false in command line.
2019-10-03 02:06:19,673 [main] INFO  grpc.GrpcConfigKeys$Server (ConfUtils.java:logGet(43)) - raft.grpc.server.port = 0 (default)
2019-10-03 02:06:19,673 [main] INFO  server.GrpcService (ConfUtils.java:logGet(43)) - raft.grpc.message.size.max = 33570816 (custom)
2019-10-03 02:06:19,673 [main] INFO  server.RaftServerConfigKeys (ConfUtils.java:logGet(43)) - raft.server.log.appender.buffer.byte-limit = 33554432 (custom)
2019-10-03 02:06:19,673 [main] INFO  server.GrpcService (ConfUtils.java:logGet(43)) - raft.grpc.flow.control.window = 1MB (=1048576) (default)
2019-10-03 02:06:19,673 [main] INFO  server.RaftServerConfigKeys (ConfUtils.java:logGet(43)) - raft.server.rpc.request.timeout = 3000ms (default)
2019-10-03 02:06:19,674 [main] INFO  server.RaftServerConfigKeys (ConfUtils.java:logGet(43)) - raft.server.storage.dir = [/workdir/hadoop-ozone/ozonefs/target/test-dir/MiniOzoneClusterImpl-7e7da04f-e8c4-44b7-8b50-520177f95937/datanode-1/data/ratis] (custom)
2019-10-03 02:06:19,675 [main] INFO  hdfs.DFSUtil (DFSUtil.java:httpServerTemplateForNNAndJN(1641)) - Starting Web-server for hddsDatanode at: http://0.0.0.0:0
2019-10-03 02:06:19,676 [main] INFO  server.AuthenticationFilter (AuthenticationFilter.java:constructSecretProvider(240)) - Unable to initialize FileSignerSecretProvider, falling back to use random secrets.
2019-10-03 02:06:19,677 [main] WARN  http.HttpRequestLog (HttpRequestLog.java:getRequestLog(97)) - Jetty request log can only be enabled using Log4j
2019-10-03 02:06:19,679 [main] INFO  http.HttpServer2 (HttpServer2.java:addGlobalFilter(975)) - Added global filter 'safety' (class=org.apache.hadoop.http.HttpServer2$QuotingInputFilter)
2019-10-03 02:06:19,680 [main] INFO  http.HttpServer2 (HttpServer2.java:addFilter(948)) - Added filter static_user_filter (class=org.apache.hadoop.http.lib.StaticUserWebFilter$StaticUserFilter) to context hddsDatanode
2019-10-03 02:06:19,680 [main] INFO  http.HttpServer2 (HttpServer2.java:addFilter(958)) - Added filter static_user_filter (class=org.apache.hadoop.http.lib.StaticUserWebFilter$StaticUserFilter) to context static
2019-10-03 02:06:19,680 [main] INFO  http.HttpServer2 (HttpServer2.java:addFilter(958)) - Added filter static_user_filter (class=org.apache.hadoop.http.lib.StaticUserWebFilter$StaticUserFilter) to context logs
2019-10-03 02:06:19,681 [main] INFO  http.HttpServer2 (HttpServer2.java:bindListener(1191)) - Jetty bound to port 45415
2019-10-03 02:06:19,681 [main] INFO  server.Server (Server.java:doStart(351)) - jetty-9.3.25.v20180904, build timestamp: 2018-09-04T21:11:46Z, git hash: 3ce520221d0240229c862b122d2b06c12a625732
2019-10-03 02:06:19,683 [main] INFO  handler.ContextHandler (ContextHandler.java:doStart(781)) - Started o.e.j.s.ServletContextHandler@7d61468c{/logs,file:///workdir/hadoop-ozone/ozonefs/target/log,AVAILABLE}
2019-10-03 02:06:19,683 [main] INFO  handler.ContextHandler (ContextHandler.java:doStart(781)) - Started o.e.j.s.ServletContextHandler@4b98225c{/static,jar:file:/home/user/.m2/repository/org/apache/hadoop/hadoop-hdds-container-service/0.5.0-SNAPSHOT/hadoop-hdds-container-service-0.5.0-SNAPSHOT.jar!/webapps/static,AVAILABLE}
2019-10-03 02:06:19,711 [main] INFO  handler.ContextHandler (ContextHandler.java:doStart(781)) - Started o.e.j.w.WebAppContext@e881e46{/,file:///tmp/jetty-0.0.0.0-45415-hddsDatanode-_-any-7061028733257313905.dir/webapp/,AVAILABLE}{/hddsDatanode}
2019-10-03 02:06:19,711 [main] INFO  server.AbstractConnector (AbstractConnector.java:doStart(278)) - Started ServerConnector@657b3b{HTTP/1.1,[http/1.1]}{0.0.0.0:45415}
2019-10-03 02:06:19,712 [main] INFO  server.Server (Server.java:doStart(419)) - Started @147943ms
2019-10-03 02:06:19,713 [main] WARN  impl.MetricsSystemImpl (MetricsSystemImpl.java:register(276)) - Sink prometheus already exists!
2019-10-03 02:06:19,714 [main] INFO  server.BaseHttpServer (BaseHttpServer.java:updateConnectorAddress(215)) - HTTP server of HDDSDATANODE is listening at http://0.0.0.0:45415
2019-10-03 02:06:19,714 [main] INFO  impl.MetricsSystemImpl (MetricsSystemImpl.java:init(158)) - HddsDatanode metrics system started (again)
2019-10-03 02:06:19,719 [org.apache.hadoop.util.JvmPauseMonitor$Monitor@6a9b85c0] INFO  util.JvmPauseMonitor (JvmPauseMonitor.java:run(188)) - Starting JVM pause monitor
2019-10-03 02:06:19,719 [main] INFO  ozone.HddsDatanodeService (HddsDatanodeService.java:start(184)) - HddsDatanodeService host:pr-hdds-1737-89jld-2007629010 ip:192.168.164.205
2019-10-03 02:06:19,720 [Datanode State Machine Thread - 0] INFO  datanode.InitDatanodeState (InitDatanodeState.java:persistContainerDatanodeDetails(140)) - DatanodeDetails is persisted to /workdir/hadoop-ozone/ozonefs/target/test-dir/MiniOzoneClusterImpl-7e7da04f-e8c4-44b7-8b50-520177f95937/datanode-1/meta/datanode.id
2019-10-03 02:06:19,726 [main] INFO  volume.HddsVolume (HddsVolume.java:<init>(176)) - Creating Volume: /workdir/hadoop-ozone/ozonefs/target/test-dir/MiniOzoneClusterImpl-7e7da04f-e8c4-44b7-8b50-520177f95937/datanode-2/data/containers/hdds of  storage type : DISK and capacity : 1482555576320
2019-10-03 02:06:19,727 [main] INFO  volume.VolumeSet (VolumeSet.java:initializeVolumeSet(170)) - Added Volume : /workdir/hadoop-ozone/ozonefs/target/test-dir/MiniOzoneClusterImpl-7e7da04f-e8c4-44b7-8b50-520177f95937/datanode-2/data/containers/hdds to VolumeSet
2019-10-03 02:06:19,727 [main] INFO  volume.ThrottledAsyncChecker (ThrottledAsyncChecker.java:schedule(139)) - Scheduling a check for org.apache.hadoop.ozone.container.common.volume.HddsVolume@56b9d43f
2019-10-03 02:06:19,727 [main] INFO  volume.HddsVolumeChecker (HddsVolumeChecker.java:checkAllVolumes(202)) - Scheduled health check for volume org.apache.hadoop.ozone.container.common.volume.HddsVolume@56b9d43f
2019-10-03 02:06:19,748 [main] INFO  impl.RaftServerProxy (ConfUtils.java:logGet(43)) - raft.rpc.type = GRPC (default)
2019-10-03 02:06:19,748 [main] INFO  grpc.GrpcFactory (GrpcFactory.java:checkPooledByteBufAllocatorUseCacheForAllThreads(45)) - PERFORMANCE WARNING: useCacheForAllThreads is true that may cause Netty to create a lot garbage objects and, as a result, trigger GC.
	It is recommended to disable useCacheForAllThreads by setting -Dorg.apache.ratis.thirdparty.io.netty.allocator.useCacheForAllThreads=false in command line.
2019-10-03 02:06:19,748 [main] INFO  grpc.GrpcConfigKeys$Server (ConfUtils.java:logGet(43)) - raft.grpc.server.port = 0 (default)
2019-10-03 02:06:19,749 [main] INFO  server.GrpcService (ConfUtils.java:logGet(43)) - raft.grpc.message.size.max = 33570816 (custom)
2019-10-03 02:06:19,749 [main] INFO  server.RaftServerConfigKeys (ConfUtils.java:logGet(43)) - raft.server.log.appender.buffer.byte-limit = 33554432 (custom)
2019-10-03 02:06:19,749 [main] INFO  server.GrpcService (ConfUtils.java:logGet(43)) - raft.grpc.flow.control.window = 1MB (=1048576) (default)
2019-10-03 02:06:19,750 [main] INFO  server.RaftServerConfigKeys (ConfUtils.java:logGet(43)) - raft.server.rpc.request.timeout = 3000ms (default)
2019-10-03 02:06:19,750 [main] INFO  server.RaftServerConfigKeys (ConfUtils.java:logGet(43)) - raft.server.storage.dir = [/workdir/hadoop-ozone/ozonefs/target/test-dir/MiniOzoneClusterImpl-7e7da04f-e8c4-44b7-8b50-520177f95937/datanode-2/data/ratis] (custom)
2019-10-03 02:06:19,752 [main] INFO  hdfs.DFSUtil (DFSUtil.java:httpServerTemplateForNNAndJN(1641)) - Starting Web-server for hddsDatanode at: http://0.0.0.0:0
2019-10-03 02:06:19,753 [main] INFO  server.AuthenticationFilter (AuthenticationFilter.java:constructSecretProvider(240)) - Unable to initialize FileSignerSecretProvider, falling back to use random secrets.
2019-10-03 02:06:19,754 [main] WARN  http.HttpRequestLog (HttpRequestLog.java:getRequestLog(97)) - Jetty request log can only be enabled using Log4j
2019-10-03 02:06:19,756 [main] INFO  http.HttpServer2 (HttpServer2.java:addGlobalFilter(975)) - Added global filter 'safety' (class=org.apache.hadoop.http.HttpServer2$QuotingInputFilter)
2019-10-03 02:06:19,757 [main] INFO  http.HttpServer2 (HttpServer2.java:addFilter(948)) - Added filter static_user_filter (class=org.apache.hadoop.http.lib.StaticUserWebFilter$StaticUserFilter) to context hddsDatanode
2019-10-03 02:06:19,757 [main] INFO  http.HttpServer2 (HttpServer2.java:addFilter(958)) - Added filter static_user_filter (class=org.apache.hadoop.http.lib.StaticUserWebFilter$StaticUserFilter) to context logs
2019-10-03 02:06:19,757 [main] INFO  http.HttpServer2 (HttpServer2.java:addFilter(958)) - Added filter static_user_filter (class=org.apache.hadoop.http.lib.StaticUserWebFilter$StaticUserFilter) to context static
2019-10-03 02:06:19,758 [main] INFO  http.HttpServer2 (HttpServer2.java:bindListener(1191)) - Jetty bound to port 37635
2019-10-03 02:06:19,758 [main] INFO  server.Server (Server.java:doStart(351)) - jetty-9.3.25.v20180904, build timestamp: 2018-09-04T21:11:46Z, git hash: 3ce520221d0240229c862b122d2b06c12a625732
2019-10-03 02:06:19,760 [main] INFO  handler.ContextHandler (ContextHandler.java:doStart(781)) - Started o.e.j.s.ServletContextHandler@25fd6d1e{/logs,file:///workdir/hadoop-ozone/ozonefs/target/log,AVAILABLE}
2019-10-03 02:06:19,761 [main] INFO  handler.ContextHandler (ContextHandler.java:doStart(781)) - Started o.e.j.s.ServletContextHandler@c11332b{/static,jar:file:/home/user/.m2/repository/org/apache/hadoop/hadoop-hdds-container-service/0.5.0-SNAPSHOT/hadoop-hdds-container-service-0.5.0-SNAPSHOT.jar!/webapps/static,AVAILABLE}
2019-10-03 02:06:19,788 [main] INFO  handler.ContextHandler (ContextHandler.java:doStart(781)) - Started o.e.j.w.WebAppContext@7ea3839e{/,file:///tmp/jetty-0.0.0.0-37635-hddsDatanode-_-any-7696669282969003677.dir/webapp/,AVAILABLE}{/hddsDatanode}
2019-10-03 02:06:19,789 [main] INFO  server.AbstractConnector (AbstractConnector.java:doStart(278)) - Started ServerConnector@16b76858{HTTP/1.1,[http/1.1]}{0.0.0.0:37635}
2019-10-03 02:06:19,791 [main] INFO  server.Server (Server.java:doStart(419)) - Started @148022ms
2019-10-03 02:06:19,791 [main] WARN  impl.MetricsSystemImpl (MetricsSystemImpl.java:register(276)) - Sink prometheus already exists!
2019-10-03 02:06:19,792 [main] INFO  server.BaseHttpServer (BaseHttpServer.java:updateConnectorAddress(215)) - HTTP server of HDDSDATANODE is listening at http://0.0.0.0:37635
2019-10-03 02:06:19,792 [main] INFO  ozone.MiniOzoneClusterImpl (MiniOzoneClusterImpl.java:lambda$waitForClusterToBeReady$0(147)) - Waiting for cluster to be ready. Got 0 of 3 DN Heartbeats.
2019-10-03 02:06:19,793 [org.apache.hadoop.util.JvmPauseMonitor$Monitor@89baeb4] INFO  util.JvmPauseMonitor (JvmPauseMonitor.java:run(188)) - Starting JVM pause monitor
2019-10-03 02:06:19,795 [Datanode State Machine Thread - 0] INFO  datanode.InitDatanodeState (InitDatanodeState.java:persistContainerDatanodeDetails(140)) - DatanodeDetails is persisted to /workdir/hadoop-ozone/ozonefs/target/test-dir/MiniOzoneClusterImpl-7e7da04f-e8c4-44b7-8b50-520177f95937/datanode-2/meta/datanode.id
2019-10-03 02:06:20,792 [main] INFO  ozone.MiniOzoneClusterImpl (MiniOzoneClusterImpl.java:lambda$waitForClusterToBeReady$0(147)) - Waiting for cluster to be ready. Got 0 of 3 DN Heartbeats.
2019-10-03 02:06:21,663 [Datanode State Machine Thread - 0] INFO  ozoneimpl.OzoneContainer (OzoneContainer.java:start(217)) - Attempting to start container services.
2019-10-03 02:06:21,664 [Datanode State Machine Thread - 0] INFO  ozoneimpl.OzoneContainer (OzoneContainer.java:startContainerScrub(179)) - Background container scanner has been disabled.
2019-10-03 02:06:21,664 [Datanode State Machine Thread - 0] INFO  ratis.XceiverServerRatis (XceiverServerRatis.java:start(417)) - Starting XceiverServerRatis 3d086523-cd48-4d28-8031-a97a5a94cdcf at port 0
2019-10-03 02:06:21,671 [Datanode State Machine Thread - 0] INFO  impl.RaftServerProxy (RaftServerProxy.java:lambda$start$3(299)) - 3d086523-cd48-4d28-8031-a97a5a94cdcf: start RPC server
2019-10-03 02:06:21,675 [Datanode State Machine Thread - 0] INFO  server.GrpcService (GrpcService.java:startImpl(158)) - 3d086523-cd48-4d28-8031-a97a5a94cdcf: GrpcService started, listening on 0.0.0.0/0.0.0.0:36633
2019-10-03 02:06:21,675 [Datanode State Machine Thread - 0] INFO  ratis.XceiverServerRatis (XceiverServerRatis.java:start(427)) - XceiverServerRatis 3d086523-cd48-4d28-8031-a97a5a94cdcf is started using port 36633
2019-10-03 02:06:21,682 [Datanode State Machine Thread - 0] INFO  server.XceiverServerGrpc (XceiverServerGrpc.java:start(149)) - XceiverServerGrpc 3d086523-cd48-4d28-8031-a97a5a94cdcf is started using port 42308
2019-10-03 02:06:21,735 [Datanode State Machine Thread - 0] INFO  ozoneimpl.OzoneContainer (OzoneContainer.java:start(217)) - Attempting to start container services.
2019-10-03 02:06:21,736 [Datanode State Machine Thread - 0] INFO  ozoneimpl.OzoneContainer (OzoneContainer.java:startContainerScrub(179)) - Background container scanner has been disabled.
2019-10-03 02:06:21,736 [Datanode State Machine Thread - 0] INFO  ratis.XceiverServerRatis (XceiverServerRatis.java:start(417)) - Starting XceiverServerRatis 80d3f925-c601-49a7-b4ad-3fdae4158f67 at port 0
2019-10-03 02:06:21,743 [Datanode State Machine Thread - 0] INFO  impl.RaftServerProxy (RaftServerProxy.java:lambda$start$3(299)) - 80d3f925-c601-49a7-b4ad-3fdae4158f67: start RPC server
2019-10-03 02:06:21,752 [Datanode State Machine Thread - 0] INFO  server.GrpcService (GrpcService.java:startImpl(158)) - 80d3f925-c601-49a7-b4ad-3fdae4158f67: GrpcService started, listening on 0.0.0.0/0.0.0.0:37988
2019-10-03 02:06:21,752 [Datanode State Machine Thread - 0] INFO  ratis.XceiverServerRatis (XceiverServerRatis.java:start(427)) - XceiverServerRatis 80d3f925-c601-49a7-b4ad-3fdae4158f67 is started using port 37988
2019-10-03 02:06:21,752 [Datanode State Machine Thread - 0] INFO  server.XceiverServerGrpc (XceiverServerGrpc.java:start(149)) - XceiverServerGrpc 80d3f925-c601-49a7-b4ad-3fdae4158f67 is started using port 44734
2019-10-03 02:06:21,793 [main] INFO  ozone.MiniOzoneClusterImpl (MiniOzoneClusterImpl.java:lambda$waitForClusterToBeReady$0(147)) - Waiting for cluster to be ready. Got 0 of 3 DN Heartbeats.
2019-10-03 02:06:21,807 [Datanode State Machine Thread - 0] INFO  ozoneimpl.OzoneContainer (OzoneContainer.java:start(217)) - Attempting to start container services.
2019-10-03 02:06:21,807 [Datanode State Machine Thread - 0] INFO  ozoneimpl.OzoneContainer (OzoneContainer.java:startContainerScrub(179)) - Background container scanner has been disabled.
2019-10-03 02:06:21,808 [Datanode State Machine Thread - 0] INFO  ratis.XceiverServerRatis (XceiverServerRatis.java:start(417)) - Starting XceiverServerRatis c5677bfc-0d64-4b44-8060-5da5f0c5bf74 at port 0
2019-10-03 02:06:21,824 [Datanode State Machine Thread - 0] INFO  impl.RaftServerProxy (RaftServerProxy.java:lambda$start$3(299)) - c5677bfc-0d64-4b44-8060-5da5f0c5bf74: start RPC server
2019-10-03 02:06:21,826 [Datanode State Machine Thread - 0] INFO  server.GrpcService (GrpcService.java:startImpl(158)) - c5677bfc-0d64-4b44-8060-5da5f0c5bf74: GrpcService started, listening on 0.0.0.0/0.0.0.0:42657
2019-10-03 02:06:21,826 [Datanode State Machine Thread - 0] INFO  ratis.XceiverServerRatis (XceiverServerRatis.java:start(427)) - XceiverServerRatis c5677bfc-0d64-4b44-8060-5da5f0c5bf74 is started using port 42657
2019-10-03 02:06:21,830 [Datanode State Machine Thread - 0] INFO  server.XceiverServerGrpc (XceiverServerGrpc.java:start(149)) - XceiverServerGrpc c5677bfc-0d64-4b44-8060-5da5f0c5bf74 is started using port 37681
2019-10-03 02:06:22,793 [main] INFO  ozone.MiniOzoneClusterImpl (MiniOzoneClusterImpl.java:lambda$waitForClusterToBeReady$0(147)) - Waiting for cluster to be ready. Got 0 of 3 DN Heartbeats.
2019-10-03 02:06:23,648 [IPC Server handler 1 on 45815] INFO  net.NetworkTopology (NetworkTopologyImpl.java:add(111)) - Added a new node: /default-rack/3d086523-cd48-4d28-8031-a97a5a94cdcf
2019-10-03 02:06:23,650 [IPC Server handler 1 on 45815] INFO  node.SCMNodeManager (SCMNodeManager.java:register(266)) - Registered Data node : 3d086523-cd48-4d28-8031-a97a5a94cdcf{ip: 192.168.164.205, host: pr-hdds-1737-89jld-2007629010, networkLocation: /default-rack, certSerialId: null}
2019-10-03 02:06:23,651 [EventQueue-NodeRegistrationContainerReportForDataNodeSafeModeRule] INFO  safemode.SCMSafeModeManager (DataNodeSafeModeRule.java:process(71)) - SCM in safe mode. 1 DataNodes registered, 1 required.
2019-10-03 02:06:23,654 [EventQueue-NodeRegistrationContainerReportForDataNodeSafeModeRule] INFO  safemode.SCMSafeModeManager (SCMSafeModeManager.java:validateSafeModeExitRules(177)) - ScmSafeModeManager, all rules are successfully validated
2019-10-03 02:06:23,654 [EventQueue-NodeRegistrationContainerReportForDataNodeSafeModeRule] INFO  safemode.SCMSafeModeManager (SCMSafeModeManager.java:exitSafeMode(193)) - SCM exiting safe mode.
2019-10-03 02:06:23,665 [grpc-default-executor-0] INFO  impl.RaftServerProxy (RaftServerProxy.java:addNew(89)) - 3d086523-cd48-4d28-8031-a97a5a94cdcf: addNew group-FF420A801499:[3d086523-cd48-4d28-8031-a97a5a94cdcf:192.168.164.205:36633] returns group-FF420A801499:java.util.concurrent.CompletableFuture@57e63117[Not completed]
2019-10-03 02:06:23,667 [pool-428-thread-1] INFO  impl.RaftServerImpl (RaftServerImpl.java:<init>(95)) - 3d086523-cd48-4d28-8031-a97a5a94cdcf: new RaftServerImpl for group-FF420A801499:[3d086523-cd48-4d28-8031-a97a5a94cdcf:192.168.164.205:36633] with ContainerStateMachine:uninitialized
2019-10-03 02:06:23,667 [pool-428-thread-1] INFO  server.RaftServerConfigKeys (ConfUtils.java:logGet(43)) - raft.server.rpc.timeout.min = 5s (custom)
2019-10-03 02:06:23,667 [pool-428-thread-1] INFO  server.RaftServerConfigKeys (ConfUtils.java:logGet(43)) - raft.server.rpc.timeout.max = 5200ms (custom)
2019-10-03 02:06:23,668 [pool-428-thread-1] INFO  server.RaftServerConfigKeys (ConfUtils.java:logGet(43)) - raft.server.rpcslowness.timeout = 120s (custom)
2019-10-03 02:06:23,668 [pool-428-thread-1] INFO  server.RaftServerConfigKeys (ConfUtils.java:logGet(43)) - raft.server.sleep.deviation.threshold = 300 (default)
2019-10-03 02:06:23,668 [pool-428-thread-1] INFO  server.RaftServerConfigKeys (ConfUtils.java:logGet(43)) - raft.server.log.appender.install.snapshot.enabled = false (custom)
2019-10-03 02:06:23,668 [pool-428-thread-1] INFO  impl.RaftServerImpl (ServerState.java:<init>(103)) - 3d086523-cd48-4d28-8031-a97a5a94cdcf@group-FF420A801499: ConfigurationManager, init=-1: [3d086523-cd48-4d28-8031-a97a5a94cdcf:192.168.164.205:36633], old=null, confs=<EMPTY_MAP>
2019-10-03 02:06:23,668 [pool-428-thread-1] INFO  server.RaftServerConfigKeys (ConfUtils.java:logGet(43)) - raft.server.storage.dir = [/workdir/hadoop-ozone/ozonefs/target/test-dir/MiniOzoneClusterImpl-7e7da04f-e8c4-44b7-8b50-520177f95937/datanode-0/data/ratis] (custom)
2019-10-03 02:06:23,669 [pool-428-thread-1] INFO  server.RaftServerConfigKeys (ConfUtils.java:logGet(43)) - raft.server.log.corruption.policy = EXCEPTION (default)
2019-10-03 02:06:23,669 [pool-428-thread-1] INFO  storage.RaftStorageDirectory (RaftStorageDirectory.java:analyzeStorage(246)) - The storage directory /workdir/hadoop-ozone/ozonefs/target/test-dir/MiniOzoneClusterImpl-7e7da04f-e8c4-44b7-8b50-520177f95937/datanode-0/data/ratis/025a6b43-e645-4e50-9c50-ff420a801499 does not exist. Creating ...
2019-10-03 02:06:23,678 [pool-428-thread-1] INFO  storage.RaftStorageDirectory (RaftStorageDirectory.java:tryLock(328)) - Lock on /workdir/hadoop-ozone/ozonefs/target/test-dir/MiniOzoneClusterImpl-7e7da04f-e8c4-44b7-8b50-520177f95937/datanode-0/data/ratis/025a6b43-e645-4e50-9c50-ff420a801499/in_use.lock acquired by nodename 19677@pr-hdds-1737-89jld-2007629010
2019-10-03 02:06:23,699 [pool-428-thread-1] INFO  storage.RaftStorage (RaftStorage.java:format(84)) - Storage directory /workdir/hadoop-ozone/ozonefs/target/test-dir/MiniOzoneClusterImpl-7e7da04f-e8c4-44b7-8b50-520177f95937/datanode-0/data/ratis/025a6b43-e645-4e50-9c50-ff420a801499 has been successfully formatted.
2019-10-03 02:06:23,699 [pool-428-thread-1] INFO  ratis.ContainerStateMachine (ContainerStateMachine.java:loadSnapshot(230)) - group-FF420A801499: The snapshot info is null. Setting the last applied indexto:(t:0, i:~)
2019-10-03 02:06:23,699 [pool-428-thread-1] INFO  server.RaftServerConfigKeys (ConfUtils.java:logGet(43)) - raft.server.notification.no-leader.timeout = 120s (custom)
2019-10-03 02:06:23,700 [pool-428-thread-1] INFO  server.RaftServerConfigKeys (ConfUtils.java:logGet(43)) - raft.server.log.use.memory = false (default)
2019-10-03 02:06:23,700 [pool-428-thread-1] INFO  server.RaftServerConfigKeys (ConfUtils.java:logGet(43)) - raft.server.log.purge.gap = 1000000 (custom)
2019-10-03 02:06:23,700 [pool-428-thread-1] INFO  server.RaftServerConfigKeys (ConfUtils.java:logGet(43)) - raft.server.log.appender.buffer.byte-limit = 33554432 (custom)
2019-10-03 02:06:23,700 [pool-428-thread-1] INFO  server.RaftServerConfigKeys (ConfUtils.java:logGet(43)) - raft.server.log.segment.size.max = 1048576 (custom)
2019-10-03 02:06:23,702 [pool-428-thread-1] INFO  server.RaftServerConfigKeys (ConfUtils.java:logGet(43)) - raft.server.log.segment.cache.num.max = 2 (custom)
2019-10-03 02:06:23,702 [pool-428-thread-1] INFO  segmented.SegmentedRaftLogWorker (SegmentedRaftLogWorker.java:<init>(173)) - new 3d086523-cd48-4d28-8031-a97a5a94cdcf@group-FF420A801499-SegmentedRaftLogWorker for RaftStorage:Storage Directory /workdir/hadoop-ozone/ozonefs/target/test-dir/MiniOzoneClusterImpl-7e7da04f-e8c4-44b7-8b50-520177f95937/datanode-0/data/ratis/025a6b43-e645-4e50-9c50-ff420a801499
2019-10-03 02:06:23,703 [pool-428-thread-1] INFO  server.RaftServerConfigKeys (ConfUtils.java:logGet(43)) - raft.server.log.queue.byte-limit = 2147483647 (custom)
2019-10-03 02:06:23,703 [pool-428-thread-1] INFO  server.RaftServerConfigKeys (ConfUtils.java:logGet(43)) - raft.server.log.queue.element-limit = 1024 (custom)
2019-10-03 02:06:23,703 [pool-428-thread-1] INFO  server.RaftServerConfigKeys (ConfUtils.java:logGet(43)) - raft.server.log.segment.size.max = 1048576 (custom)
2019-10-03 02:06:23,703 [pool-428-thread-1] INFO  server.RaftServerConfigKeys (ConfUtils.java:logGet(43)) - raft.server.log.preallocated.size = 16384 (custom)
2019-10-03 02:06:23,703 [pool-428-thread-1] INFO  server.RaftServerConfigKeys (ConfUtils.java:logGet(43)) - raft.server.log.write.buffer.size = 33554432 (custom)
2019-10-03 02:06:23,703 [pool-428-thread-1] INFO  server.RaftServerConfigKeys (ConfUtils.java:logGet(43)) - raft.server.log.force.sync.num = 128 (default)
2019-10-03 02:06:23,704 [pool-428-thread-1] INFO  server.RaftServerConfigKeys (ConfUtils.java:logGet(43)) - raft.server.log.statemachine.data.sync = true (default)
2019-10-03 02:06:23,704 [pool-428-thread-1] INFO  server.RaftServerConfigKeys (ConfUtils.java:logGet(43)) - raft.server.log.statemachine.data.sync.timeout = 10s (default)
2019-10-03 02:06:23,704 [pool-428-thread-1] INFO  server.RaftServerConfigKeys (ConfUtils.java:logGet(43)) - raft.server.log.statemachine.data.sync.timeout.retry = -1 (default)
2019-10-03 02:06:23,704 [pool-428-thread-1] INFO  server.RaftServerConfigKeys (ConfUtils.java:logGet(43)) - raft.server.log.statemachine.data.caching.enabled = true (custom)
2019-10-03 02:06:23,705 [pool-428-thread-1] INFO  segmented.SegmentedRaftLogWorker (SegmentedRaftLogWorker.java:lambda$new$0(128)) - 3d086523-cd48-4d28-8031-a97a5a94cdcf@group-FF420A801499-SegmentedRaftLogWorker: flushIndex: setUnconditionally 0 -> -1
2019-10-03 02:06:23,705 [pool-428-thread-1] INFO  server.RaftServerConfigKeys (ConfUtils.java:logGet(43)) - raft.server.snapshot.auto.trigger.enabled = true (custom)
2019-10-03 02:06:23,705 [pool-428-thread-1] INFO  server.RaftServerConfigKeys (ConfUtils.java:logGet(43)) - raft.server.snapshot.auto.trigger.threshold = 10000 (custom)
2019-10-03 02:06:23,706 [pool-428-thread-1] INFO  server.RaftServerConfigKeys (ConfUtils.java:logGet(43)) - raft.server.snapshot.retention.file.num = 5 (custom)
2019-10-03 02:06:23,706 [pool-428-thread-1] INFO  server.RaftServerConfigKeys (ConfUtils.java:logGet(43)) - raft.server.retrycache.expirytime = 600000ms (custom)
2019-10-03 02:06:23,708 [pool-428-thread-1] INFO  impl.RaftServerImpl (RaftServerImpl.java:start(181)) - 3d086523-cd48-4d28-8031-a97a5a94cdcf@group-FF420A801499: start as a follower, conf=-1: [3d086523-cd48-4d28-8031-a97a5a94cdcf:192.168.164.205:36633], old=null
2019-10-03 02:06:23,708 [pool-428-thread-1] INFO  impl.RaftServerImpl (RaftServerImpl.java:setRole(170)) - 3d086523-cd48-4d28-8031-a97a5a94cdcf@group-FF420A801499: changes role from      null to FOLLOWER at term 0 for startAsFollower
2019-10-03 02:06:23,708 [pool-428-thread-1] INFO  impl.RoleInfo (RoleInfo.java:updateAndGet(143)) - 3d086523-cd48-4d28-8031-a97a5a94cdcf: start FollowerState
2019-10-03 02:06:23,709 [pool-428-thread-1] INFO  util.JmxRegister (JmxRegister.java:tryRegister(44)) - Successfully registered JMX Bean with object name Ratis:service=RaftServer,group=group-FF420A801499,id=3d086523-cd48-4d28-8031-a97a5a94cdcf
2019-10-03 02:06:23,716 [RatisPipelineUtilsThread] INFO  pipeline.PipelineStateManager (PipelineStateManager.java:addPipeline(56)) - Created pipeline Pipeline[ Id: 025a6b43-e645-4e50-9c50-ff420a801499, Nodes: 3d086523-cd48-4d28-8031-a97a5a94cdcf{ip: 192.168.164.205, host: pr-hdds-1737-89jld-2007629010, networkLocation: /default-rack, certSerialId: null}, Type:RATIS, Factor:ONE, State:OPEN]
2019-10-03 02:06:23,721 [IPC Server handler 2 on 45815] INFO  net.NetworkTopology (NetworkTopologyImpl.java:add(111)) - Added a new node: /default-rack/80d3f925-c601-49a7-b4ad-3fdae4158f67
2019-10-03 02:06:23,721 [IPC Server handler 2 on 45815] INFO  node.SCMNodeManager (SCMNodeManager.java:register(266)) - Registered Data node : 80d3f925-c601-49a7-b4ad-3fdae4158f67{ip: 192.168.164.205, host: pr-hdds-1737-89jld-2007629010, networkLocation: /default-rack, certSerialId: null}
2019-10-03 02:06:23,729 [grpc-default-executor-0] INFO  impl.RaftServerProxy (RaftServerProxy.java:addNew(89)) - 80d3f925-c601-49a7-b4ad-3fdae4158f67: addNew group-A8CC7F9D37C6:[80d3f925-c601-49a7-b4ad-3fdae4158f67:192.168.164.205:37988] returns group-A8CC7F9D37C6:java.util.concurrent.CompletableFuture@514133ee[Not completed]
2019-10-03 02:06:23,731 [pool-438-thread-1] INFO  impl.RaftServerImpl (RaftServerImpl.java:<init>(95)) - 80d3f925-c601-49a7-b4ad-3fdae4158f67: new RaftServerImpl for group-A8CC7F9D37C6:[80d3f925-c601-49a7-b4ad-3fdae4158f67:192.168.164.205:37988] with ContainerStateMachine:uninitialized
2019-10-03 02:06:23,731 [pool-438-thread-1] INFO  server.RaftServerConfigKeys (ConfUtils.java:logGet(43)) - raft.server.rpc.timeout.min = 5s (custom)
2019-10-03 02:06:23,731 [pool-438-thread-1] INFO  server.RaftServerConfigKeys (ConfUtils.java:logGet(43)) - raft.server.rpc.timeout.max = 5200ms (custom)
2019-10-03 02:06:23,731 [pool-438-thread-1] INFO  server.RaftServerConfigKeys (ConfUtils.java:logGet(43)) - raft.server.rpcslowness.timeout = 120s (custom)
2019-10-03 02:06:23,731 [pool-438-thread-1] INFO  server.RaftServerConfigKeys (ConfUtils.java:logGet(43)) - raft.server.sleep.deviation.threshold = 300 (default)
2019-10-03 02:06:23,731 [pool-438-thread-1] INFO  server.RaftServerConfigKeys (ConfUtils.java:logGet(43)) - raft.server.log.appender.install.snapshot.enabled = false (custom)
2019-10-03 02:06:23,732 [pool-438-thread-1] INFO  impl.RaftServerImpl (ServerState.java:<init>(103)) - 80d3f925-c601-49a7-b4ad-3fdae4158f67@group-A8CC7F9D37C6: ConfigurationManager, init=-1: [80d3f925-c601-49a7-b4ad-3fdae4158f67:192.168.164.205:37988], old=null, confs=<EMPTY_MAP>
2019-10-03 02:06:23,732 [pool-438-thread-1] INFO  server.RaftServerConfigKeys (ConfUtils.java:logGet(43)) - raft.server.storage.dir = [/workdir/hadoop-ozone/ozonefs/target/test-dir/MiniOzoneClusterImpl-7e7da04f-e8c4-44b7-8b50-520177f95937/datanode-1/data/ratis] (custom)
2019-10-03 02:06:23,732 [pool-438-thread-1] INFO  server.RaftServerConfigKeys (ConfUtils.java:logGet(43)) - raft.server.log.corruption.policy = EXCEPTION (default)
2019-10-03 02:06:23,732 [pool-438-thread-1] INFO  storage.RaftStorageDirectory (RaftStorageDirectory.java:analyzeStorage(246)) - The storage directory /workdir/hadoop-ozone/ozonefs/target/test-dir/MiniOzoneClusterImpl-7e7da04f-e8c4-44b7-8b50-520177f95937/datanode-1/data/ratis/c634494d-e99b-4fe2-a767-a8cc7f9d37c6 does not exist. Creating ...
2019-10-03 02:06:23,746 [pool-438-thread-1] INFO  storage.RaftStorageDirectory (RaftStorageDirectory.java:tryLock(328)) - Lock on /workdir/hadoop-ozone/ozonefs/target/test-dir/MiniOzoneClusterImpl-7e7da04f-e8c4-44b7-8b50-520177f95937/datanode-1/data/ratis/c634494d-e99b-4fe2-a767-a8cc7f9d37c6/in_use.lock acquired by nodename 19677@pr-hdds-1737-89jld-2007629010
2019-10-03 02:06:23,759 [pool-438-thread-1] INFO  storage.RaftStorage (RaftStorage.java:format(84)) - Storage directory /workdir/hadoop-ozone/ozonefs/target/test-dir/MiniOzoneClusterImpl-7e7da04f-e8c4-44b7-8b50-520177f95937/datanode-1/data/ratis/c634494d-e99b-4fe2-a767-a8cc7f9d37c6 has been successfully formatted.
2019-10-03 02:06:23,760 [pool-438-thread-1] INFO  ratis.ContainerStateMachine (ContainerStateMachine.java:loadSnapshot(230)) - group-A8CC7F9D37C6: The snapshot info is null. Setting the last applied indexto:(t:0, i:~)
2019-10-03 02:06:23,760 [pool-438-thread-1] INFO  server.RaftServerConfigKeys (ConfUtils.java:logGet(43)) - raft.server.notification.no-leader.timeout = 120s (custom)
2019-10-03 02:06:23,760 [pool-438-thread-1] INFO  server.RaftServerConfigKeys (ConfUtils.java:logGet(43)) - raft.server.log.use.memory = false (default)
2019-10-03 02:06:23,760 [pool-438-thread-1] INFO  server.RaftServerConfigKeys (ConfUtils.java:logGet(43)) - raft.server.log.purge.gap = 1000000 (custom)
2019-10-03 02:06:23,760 [pool-438-thread-1] INFO  server.RaftServerConfigKeys (ConfUtils.java:logGet(43)) - raft.server.log.appender.buffer.byte-limit = 33554432 (custom)
2019-10-03 02:06:23,761 [pool-438-thread-1] INFO  server.RaftServerConfigKeys (ConfUtils.java:logGet(43)) - raft.server.log.segment.size.max = 1048576 (custom)
2019-10-03 02:06:23,767 [pool-438-thread-1] INFO  server.RaftServerConfigKeys (ConfUtils.java:logGet(43)) - raft.server.log.segment.cache.num.max = 2 (custom)
2019-10-03 02:06:23,767 [pool-438-thread-1] INFO  segmented.SegmentedRaftLogWorker (SegmentedRaftLogWorker.java:<init>(173)) - new 80d3f925-c601-49a7-b4ad-3fdae4158f67@group-A8CC7F9D37C6-SegmentedRaftLogWorker for RaftStorage:Storage Directory /workdir/hadoop-ozone/ozonefs/target/test-dir/MiniOzoneClusterImpl-7e7da04f-e8c4-44b7-8b50-520177f95937/datanode-1/data/ratis/c634494d-e99b-4fe2-a767-a8cc7f9d37c6
2019-10-03 02:06:23,768 [pool-438-thread-1] INFO  server.RaftServerConfigKeys (ConfUtils.java:logGet(43)) - raft.server.log.queue.byte-limit = 2147483647 (custom)
2019-10-03 02:06:23,768 [pool-438-thread-1] INFO  server.RaftServerConfigKeys (ConfUtils.java:logGet(43)) - raft.server.log.queue.element-limit = 1024 (custom)
2019-10-03 02:06:23,768 [pool-438-thread-1] INFO  server.RaftServerConfigKeys (ConfUtils.java:logGet(43)) - raft.server.log.segment.size.max = 1048576 (custom)
2019-10-03 02:06:23,768 [pool-438-thread-1] INFO  server.RaftServerConfigKeys (ConfUtils.java:logGet(43)) - raft.server.log.preallocated.size = 16384 (custom)
2019-10-03 02:06:23,769 [pool-438-thread-1] INFO  server.RaftServerConfigKeys (ConfUtils.java:logGet(43)) - raft.server.log.write.buffer.size = 33554432 (custom)
2019-10-03 02:06:23,769 [pool-438-thread-1] INFO  server.RaftServerConfigKeys (ConfUtils.java:logGet(43)) - raft.server.log.force.sync.num = 128 (default)
2019-10-03 02:06:23,769 [pool-438-thread-1] INFO  server.RaftServerConfigKeys (ConfUtils.java:logGet(43)) - raft.server.log.statemachine.data.sync = true (default)
2019-10-03 02:06:23,769 [pool-438-thread-1] INFO  server.RaftServerConfigKeys (ConfUtils.java:logGet(43)) - raft.server.log.statemachine.data.sync.timeout = 10s (default)
2019-10-03 02:06:23,770 [pool-438-thread-1] INFO  server.RaftServerConfigKeys (ConfUtils.java:logGet(43)) - raft.server.log.statemachine.data.sync.timeout.retry = -1 (default)
2019-10-03 02:06:23,770 [pool-438-thread-1] INFO  server.RaftServerConfigKeys (ConfUtils.java:logGet(43)) - raft.server.log.statemachine.data.caching.enabled = true (custom)
2019-10-03 02:06:23,771 [pool-438-thread-1] INFO  segmented.SegmentedRaftLogWorker (SegmentedRaftLogWorker.java:lambda$new$0(128)) - 80d3f925-c601-49a7-b4ad-3fdae4158f67@group-A8CC7F9D37C6-SegmentedRaftLogWorker: flushIndex: setUnconditionally 0 -> -1
2019-10-03 02:06:23,772 [pool-438-thread-1] INFO  server.RaftServerConfigKeys (ConfUtils.java:logGet(43)) - raft.server.snapshot.auto.trigger.enabled = true (custom)
2019-10-03 02:06:23,772 [pool-438-thread-1] INFO  server.RaftServerConfigKeys (ConfUtils.java:logGet(43)) - raft.server.snapshot.auto.trigger.threshold = 10000 (custom)
2019-10-03 02:06:23,772 [pool-438-thread-1] INFO  server.RaftServerConfigKeys (ConfUtils.java:logGet(43)) - raft.server.snapshot.retention.file.num = 5 (custom)
2019-10-03 02:06:23,772 [pool-438-thread-1] INFO  server.RaftServerConfigKeys (ConfUtils.java:logGet(43)) - raft.server.retrycache.expirytime = 600000ms (custom)
2019-10-03 02:06:23,775 [pool-438-thread-1] INFO  impl.RaftServerImpl (RaftServerImpl.java:start(181)) - 80d3f925-c601-49a7-b4ad-3fdae4158f67@group-A8CC7F9D37C6: start as a follower, conf=-1: [80d3f925-c601-49a7-b4ad-3fdae4158f67:192.168.164.205:37988], old=null
2019-10-03 02:06:23,775 [pool-438-thread-1] INFO  impl.RaftServerImpl (RaftServerImpl.java:setRole(170)) - 80d3f925-c601-49a7-b4ad-3fdae4158f67@group-A8CC7F9D37C6: changes role from      null to FOLLOWER at term 0 for startAsFollower
2019-10-03 02:06:23,776 [pool-438-thread-1] INFO  impl.RoleInfo (RoleInfo.java:updateAndGet(143)) - 80d3f925-c601-49a7-b4ad-3fdae4158f67: start FollowerState
2019-10-03 02:06:23,808 [pool-438-thread-1] INFO  util.JmxRegister (JmxRegister.java:tryRegister(44)) - Successfully registered JMX Bean with object name Ratis:service=RaftServer,group=group-A8CC7F9D37C6,id=80d3f925-c601-49a7-b4ad-3fdae4158f67
2019-10-03 02:06:23,808 [main] INFO  ozone.MiniOzoneClusterImpl (MiniOzoneClusterImpl.java:lambda$waitForClusterToBeReady$0(147)) - Waiting for cluster to be ready. Got 2 of 3 DN Heartbeats.
2019-10-03 02:06:23,811 [IPC Server handler 1 on 45815] INFO  net.NetworkTopology (NetworkTopologyImpl.java:add(111)) - Added a new node: /default-rack/c5677bfc-0d64-4b44-8060-5da5f0c5bf74
2019-10-03 02:06:23,811 [IPC Server handler 1 on 45815] INFO  node.SCMNodeManager (SCMNodeManager.java:register(266)) - Registered Data node : c5677bfc-0d64-4b44-8060-5da5f0c5bf74{ip: 192.168.164.205, host: pr-hdds-1737-89jld-2007629010, networkLocation: /default-rack, certSerialId: null}
2019-10-03 02:06:23,827 [RatisPipelineUtilsThread] INFO  pipeline.PipelineStateManager (PipelineStateManager.java:addPipeline(56)) - Created pipeline Pipeline[ Id: c634494d-e99b-4fe2-a767-a8cc7f9d37c6, Nodes: 80d3f925-c601-49a7-b4ad-3fdae4158f67{ip: 192.168.164.205, host: pr-hdds-1737-89jld-2007629010, networkLocation: /default-rack, certSerialId: null}, Type:RATIS, Factor:ONE, State:OPEN]
2019-10-03 02:06:23,837 [grpc-default-executor-0] INFO  impl.RaftServerProxy (RaftServerProxy.java:addNew(89)) - c5677bfc-0d64-4b44-8060-5da5f0c5bf74: addNew group-6FA7E7CEE463:[c5677bfc-0d64-4b44-8060-5da5f0c5bf74:192.168.164.205:42657] returns group-6FA7E7CEE463:java.util.concurrent.CompletableFuture@1243a6d3[Not completed]
2019-10-03 02:06:23,839 [pool-448-thread-1] INFO  impl.RaftServerImpl (RaftServerImpl.java:<init>(95)) - c5677bfc-0d64-4b44-8060-5da5f0c5bf74: new RaftServerImpl for group-6FA7E7CEE463:[c5677bfc-0d64-4b44-8060-5da5f0c5bf74:192.168.164.205:42657] with ContainerStateMachine:uninitialized
2019-10-03 02:06:23,839 [pool-448-thread-1] INFO  server.RaftServerConfigKeys (ConfUtils.java:logGet(43)) - raft.server.rpc.timeout.min = 5s (custom)
2019-10-03 02:06:23,840 [pool-448-thread-1] INFO  server.RaftServerConfigKeys (ConfUtils.java:logGet(43)) - raft.server.rpc.timeout.max = 5200ms (custom)
2019-10-03 02:06:23,840 [pool-448-thread-1] INFO  server.RaftServerConfigKeys (ConfUtils.java:logGet(43)) - raft.server.rpcslowness.timeout = 120s (custom)
2019-10-03 02:06:23,840 [pool-448-thread-1] INFO  server.RaftServerConfigKeys (ConfUtils.java:logGet(43)) - raft.server.sleep.deviation.threshold = 300 (default)
2019-10-03 02:06:23,840 [pool-448-thread-1] INFO  server.RaftServerConfigKeys (ConfUtils.java:logGet(43)) - raft.server.log.appender.install.snapshot.enabled = false (custom)
2019-10-03 02:06:23,840 [pool-448-thread-1] INFO  impl.RaftServerImpl (ServerState.java:<init>(103)) - c5677bfc-0d64-4b44-8060-5da5f0c5bf74@group-6FA7E7CEE463: ConfigurationManager, init=-1: [c5677bfc-0d64-4b44-8060-5da5f0c5bf74:192.168.164.205:42657], old=null, confs=<EMPTY_MAP>
2019-10-03 02:06:23,840 [pool-448-thread-1] INFO  server.RaftServerConfigKeys (ConfUtils.java:logGet(43)) - raft.server.storage.dir = [/workdir/hadoop-ozone/ozonefs/target/test-dir/MiniOzoneClusterImpl-7e7da04f-e8c4-44b7-8b50-520177f95937/datanode-2/data/ratis] (custom)
2019-10-03 02:06:23,841 [pool-448-thread-1] INFO  server.RaftServerConfigKeys (ConfUtils.java:logGet(43)) - raft.server.log.corruption.policy = EXCEPTION (default)
2019-10-03 02:06:23,841 [pool-448-thread-1] INFO  storage.RaftStorageDirectory (RaftStorageDirectory.java:analyzeStorage(246)) - The storage directory /workdir/hadoop-ozone/ozonefs/target/test-dir/MiniOzoneClusterImpl-7e7da04f-e8c4-44b7-8b50-520177f95937/datanode-2/data/ratis/e8be377e-71f1-43d3-97f8-6fa7e7cee463 does not exist. Creating ...
2019-10-03 02:06:23,862 [pool-448-thread-1] INFO  storage.RaftStorageDirectory (RaftStorageDirectory.java:tryLock(328)) - Lock on /workdir/hadoop-ozone/ozonefs/target/test-dir/MiniOzoneClusterImpl-7e7da04f-e8c4-44b7-8b50-520177f95937/datanode-2/data/ratis/e8be377e-71f1-43d3-97f8-6fa7e7cee463/in_use.lock acquired by nodename 19677@pr-hdds-1737-89jld-2007629010
2019-10-03 02:06:23,867 [pool-448-thread-1] INFO  storage.RaftStorage (RaftStorage.java:format(84)) - Storage directory /workdir/hadoop-ozone/ozonefs/target/test-dir/MiniOzoneClusterImpl-7e7da04f-e8c4-44b7-8b50-520177f95937/datanode-2/data/ratis/e8be377e-71f1-43d3-97f8-6fa7e7cee463 has been successfully formatted.
2019-10-03 02:06:23,867 [pool-448-thread-1] INFO  ratis.ContainerStateMachine (ContainerStateMachine.java:loadSnapshot(230)) - group-6FA7E7CEE463: The snapshot info is null. Setting the last applied indexto:(t:0, i:~)
2019-10-03 02:06:23,868 [pool-448-thread-1] INFO  server.RaftServerConfigKeys (ConfUtils.java:logGet(43)) - raft.server.notification.no-leader.timeout = 120s (custom)
2019-10-03 02:06:23,868 [pool-448-thread-1] INFO  server.RaftServerConfigKeys (ConfUtils.java:logGet(43)) - raft.server.log.use.memory = false (default)
2019-10-03 02:06:23,868 [pool-448-thread-1] INFO  server.RaftServerConfigKeys (ConfUtils.java:logGet(43)) - raft.server.log.purge.gap = 1000000 (custom)
2019-10-03 02:06:23,868 [pool-448-thread-1] INFO  server.RaftServerConfigKeys (ConfUtils.java:logGet(43)) - raft.server.log.appender.buffer.byte-limit = 33554432 (custom)
2019-10-03 02:06:23,869 [pool-448-thread-1] INFO  server.RaftServerConfigKeys (ConfUtils.java:logGet(43)) - raft.server.log.segment.size.max = 1048576 (custom)
2019-10-03 02:06:23,872 [pool-448-thread-1] INFO  server.RaftServerConfigKeys (ConfUtils.java:logGet(43)) - raft.server.log.segment.cache.num.max = 2 (custom)
2019-10-03 02:06:23,872 [pool-448-thread-1] INFO  segmented.SegmentedRaftLogWorker (SegmentedRaftLogWorker.java:<init>(173)) - new c5677bfc-0d64-4b44-8060-5da5f0c5bf74@group-6FA7E7CEE463-SegmentedRaftLogWorker for RaftStorage:Storage Directory /workdir/hadoop-ozone/ozonefs/target/test-dir/MiniOzoneClusterImpl-7e7da04f-e8c4-44b7-8b50-520177f95937/datanode-2/data/ratis/e8be377e-71f1-43d3-97f8-6fa7e7cee463
2019-10-03 02:06:23,872 [pool-448-thread-1] INFO  server.RaftServerConfigKeys (ConfUtils.java:logGet(43)) - raft.server.log.queue.byte-limit = 2147483647 (custom)
2019-10-03 02:06:23,872 [pool-448-thread-1] INFO  server.RaftServerConfigKeys (ConfUtils.java:logGet(43)) - raft.server.log.queue.element-limit = 1024 (custom)
2019-10-03 02:06:23,873 [pool-448-thread-1] INFO  server.RaftServerConfigKeys (ConfUtils.java:logGet(43)) - raft.server.log.segment.size.max = 1048576 (custom)
2019-10-03 02:06:23,873 [pool-448-thread-1] INFO  server.RaftServerConfigKeys (ConfUtils.java:logGet(43)) - raft.server.log.preallocated.size = 16384 (custom)
2019-10-03 02:06:23,873 [pool-448-thread-1] INFO  server.RaftServerConfigKeys (ConfUtils.java:logGet(43)) - raft.server.log.write.buffer.size = 33554432 (custom)
2019-10-03 02:06:23,874 [pool-448-thread-1] INFO  server.RaftServerConfigKeys (ConfUtils.java:logGet(43)) - raft.server.log.force.sync.num = 128 (default)
2019-10-03 02:06:23,874 [pool-448-thread-1] INFO  server.RaftServerConfigKeys (ConfUtils.java:logGet(43)) - raft.server.log.statemachine.data.sync = true (default)
2019-10-03 02:06:23,874 [pool-448-thread-1] INFO  server.RaftServerConfigKeys (ConfUtils.java:logGet(43)) - raft.server.log.statemachine.data.sync.timeout = 10s (default)
2019-10-03 02:06:23,874 [pool-448-thread-1] INFO  server.RaftServerConfigKeys (ConfUtils.java:logGet(43)) - raft.server.log.statemachine.data.sync.timeout.retry = -1 (default)
2019-10-03 02:06:23,875 [pool-448-thread-1] INFO  server.RaftServerConfigKeys (ConfUtils.java:logGet(43)) - raft.server.log.statemachine.data.caching.enabled = true (custom)
2019-10-03 02:06:23,875 [pool-448-thread-1] INFO  segmented.SegmentedRaftLogWorker (SegmentedRaftLogWorker.java:lambda$new$0(128)) - c5677bfc-0d64-4b44-8060-5da5f0c5bf74@group-6FA7E7CEE463-SegmentedRaftLogWorker: flushIndex: setUnconditionally 0 -> -1
2019-10-03 02:06:23,876 [pool-448-thread-1] INFO  server.RaftServerConfigKeys (ConfUtils.java:logGet(43)) - raft.server.snapshot.auto.trigger.enabled = true (custom)
2019-10-03 02:06:23,876 [pool-448-thread-1] INFO  server.RaftServerConfigKeys (ConfUtils.java:logGet(43)) - raft.server.snapshot.auto.trigger.threshold = 10000 (custom)
2019-10-03 02:06:23,876 [pool-448-thread-1] INFO  server.RaftServerConfigKeys (ConfUtils.java:logGet(43)) - raft.server.snapshot.retention.file.num = 5 (custom)
2019-10-03 02:06:23,876 [pool-448-thread-1] INFO  server.RaftServerConfigKeys (ConfUtils.java:logGet(43)) - raft.server.retrycache.expirytime = 600000ms (custom)
2019-10-03 02:06:23,878 [pool-448-thread-1] INFO  impl.RaftServerImpl (RaftServerImpl.java:start(181)) - c5677bfc-0d64-4b44-8060-5da5f0c5bf74@group-6FA7E7CEE463: start as a follower, conf=-1: [c5677bfc-0d64-4b44-8060-5da5f0c5bf74:192.168.164.205:42657], old=null
2019-10-03 02:06:23,878 [pool-448-thread-1] INFO  impl.RaftServerImpl (RaftServerImpl.java:setRole(170)) - c5677bfc-0d64-4b44-8060-5da5f0c5bf74@group-6FA7E7CEE463: changes role from      null to FOLLOWER at term 0 for startAsFollower
2019-10-03 02:06:23,878 [pool-448-thread-1] INFO  impl.RoleInfo (RoleInfo.java:updateAndGet(143)) - c5677bfc-0d64-4b44-8060-5da5f0c5bf74: start FollowerState
2019-10-03 02:06:23,878 [pool-448-thread-1] INFO  util.JmxRegister (JmxRegister.java:tryRegister(44)) - Successfully registered JMX Bean with object name Ratis:service=RaftServer,group=group-6FA7E7CEE463,id=c5677bfc-0d64-4b44-8060-5da5f0c5bf74
2019-10-03 02:06:23,886 [RatisPipelineUtilsThread] INFO  pipeline.PipelineStateManager (PipelineStateManager.java:addPipeline(56)) - Created pipeline Pipeline[ Id: e8be377e-71f1-43d3-97f8-6fa7e7cee463, Nodes: c5677bfc-0d64-4b44-8060-5da5f0c5bf74{ip: 192.168.164.205, host: pr-hdds-1737-89jld-2007629010, networkLocation: /default-rack, certSerialId: null}, Type:RATIS, Factor:ONE, State:OPEN]
2019-10-03 02:06:23,899 [grpc-default-executor-2] INFO  impl.RaftServerProxy (RaftServerProxy.java:addNew(89)) - 3d086523-cd48-4d28-8031-a97a5a94cdcf: addNew group-8C851D1FC8DC:[3d086523-cd48-4d28-8031-a97a5a94cdcf:192.168.164.205:36633, c5677bfc-0d64-4b44-8060-5da5f0c5bf74:192.168.164.205:42657, 80d3f925-c601-49a7-b4ad-3fdae4158f67:192.168.164.205:37988] returns group-8C851D1FC8DC:java.util.concurrent.CompletableFuture@106e2a29[Not completed]
2019-10-03 02:06:23,900 [grpc-default-executor-1] INFO  impl.RaftServerProxy (RaftServerProxy.java:addNew(89)) - c5677bfc-0d64-4b44-8060-5da5f0c5bf74: addNew group-8C851D1FC8DC:[3d086523-cd48-4d28-8031-a97a5a94cdcf:192.168.164.205:36633, c5677bfc-0d64-4b44-8060-5da5f0c5bf74:192.168.164.205:42657, 80d3f925-c601-49a7-b4ad-3fdae4158f67:192.168.164.205:37988] returns group-8C851D1FC8DC:java.util.concurrent.CompletableFuture@1384c530[Not completed]
2019-10-03 02:06:23,900 [grpc-default-executor-0] INFO  impl.RaftServerProxy (RaftServerProxy.java:addNew(89)) - 80d3f925-c601-49a7-b4ad-3fdae4158f67: addNew group-8C851D1FC8DC:[3d086523-cd48-4d28-8031-a97a5a94cdcf:192.168.164.205:36633, c5677bfc-0d64-4b44-8060-5da5f0c5bf74:192.168.164.205:42657, 80d3f925-c601-49a7-b4ad-3fdae4158f67:192.168.164.205:37988] returns group-8C851D1FC8DC:java.util.concurrent.CompletableFuture@46033b51[Not completed]
2019-10-03 02:06:23,901 [pool-448-thread-1] INFO  impl.RaftServerImpl (RaftServerImpl.java:<init>(95)) - c5677bfc-0d64-4b44-8060-5da5f0c5bf74: new RaftServerImpl for group-8C851D1FC8DC:[3d086523-cd48-4d28-8031-a97a5a94cdcf:192.168.164.205:36633, c5677bfc-0d64-4b44-8060-5da5f0c5bf74:192.168.164.205:42657, 80d3f925-c601-49a7-b4ad-3fdae4158f67:192.168.164.205:37988] with ContainerStateMachine:uninitialized
2019-10-03 02:06:23,901 [pool-448-thread-1] INFO  server.RaftServerConfigKeys (ConfUtils.java:logGet(43)) - raft.server.rpc.timeout.min = 5s (custom)
2019-10-03 02:06:23,901 [pool-448-thread-1] INFO  server.RaftServerConfigKeys (ConfUtils.java:logGet(43)) - raft.server.rpc.timeout.max = 5200ms (custom)
2019-10-03 02:06:23,901 [pool-448-thread-1] INFO  server.RaftServerConfigKeys (ConfUtils.java:logGet(43)) - raft.server.rpcslowness.timeout = 120s (custom)
2019-10-03 02:06:23,901 [pool-438-thread-1] INFO  impl.RaftServerImpl (RaftServerImpl.java:<init>(95)) - 80d3f925-c601-49a7-b4ad-3fdae4158f67: new RaftServerImpl for group-8C851D1FC8DC:[3d086523-cd48-4d28-8031-a97a5a94cdcf:192.168.164.205:36633, c5677bfc-0d64-4b44-8060-5da5f0c5bf74:192.168.164.205:42657, 80d3f925-c601-49a7-b4ad-3fdae4158f67:192.168.164.205:37988] with ContainerStateMachine:uninitialized
2019-10-03 02:06:23,901 [pool-448-thread-1] INFO  server.RaftServerConfigKeys (ConfUtils.java:logGet(43)) - raft.server.sleep.deviation.threshold = 300 (default)
2019-10-03 02:06:23,902 [pool-438-thread-1] INFO  server.RaftServerConfigKeys (ConfUtils.java:logGet(43)) - raft.server.rpc.timeout.min = 5s (custom)
2019-10-03 02:06:23,902 [pool-448-thread-1] INFO  server.RaftServerConfigKeys (ConfUtils.java:logGet(43)) - raft.server.log.appender.install.snapshot.enabled = false (custom)
2019-10-03 02:06:23,902 [pool-438-thread-1] INFO  server.RaftServerConfigKeys (ConfUtils.java:logGet(43)) - raft.server.rpc.timeout.max = 5200ms (custom)
2019-10-03 02:06:23,902 [pool-448-thread-1] INFO  impl.RaftServerImpl (ServerState.java:<init>(103)) - c5677bfc-0d64-4b44-8060-5da5f0c5bf74@group-8C851D1FC8DC: ConfigurationManager, init=-1: [3d086523-cd48-4d28-8031-a97a5a94cdcf:192.168.164.205:36633, c5677bfc-0d64-4b44-8060-5da5f0c5bf74:192.168.164.205:42657, 80d3f925-c601-49a7-b4ad-3fdae4158f67:192.168.164.205:37988], old=null, confs=<EMPTY_MAP>
2019-10-03 02:06:23,902 [pool-438-thread-1] INFO  server.RaftServerConfigKeys (ConfUtils.java:logGet(43)) - raft.server.rpcslowness.timeout = 120s (custom)
2019-10-03 02:06:23,902 [pool-448-thread-1] INFO  server.RaftServerConfigKeys (ConfUtils.java:logGet(43)) - raft.server.storage.dir = [/workdir/hadoop-ozone/ozonefs/target/test-dir/MiniOzoneClusterImpl-7e7da04f-e8c4-44b7-8b50-520177f95937/datanode-2/data/ratis] (custom)
2019-10-03 02:06:23,902 [pool-428-thread-1] INFO  impl.RaftServerImpl (RaftServerImpl.java:<init>(95)) - 3d086523-cd48-4d28-8031-a97a5a94cdcf: new RaftServerImpl for group-8C851D1FC8DC:[3d086523-cd48-4d28-8031-a97a5a94cdcf:192.168.164.205:36633, c5677bfc-0d64-4b44-8060-5da5f0c5bf74:192.168.164.205:42657, 80d3f925-c601-49a7-b4ad-3fdae4158f67:192.168.164.205:37988] with ContainerStateMachine:uninitialized
2019-10-03 02:06:23,902 [pool-438-thread-1] INFO  server.RaftServerConfigKeys (ConfUtils.java:logGet(43)) - raft.server.sleep.deviation.threshold = 300 (default)
2019-10-03 02:06:23,903 [pool-428-thread-1] INFO  server.RaftServerConfigKeys (ConfUtils.java:logGet(43)) - raft.server.rpc.timeout.min = 5s (custom)
2019-10-03 02:06:23,903 [pool-448-thread-1] INFO  server.RaftServerConfigKeys (ConfUtils.java:logGet(43)) - raft.server.log.corruption.policy = EXCEPTION (default)
2019-10-03 02:06:23,903 [pool-428-thread-1] INFO  server.RaftServerConfigKeys (ConfUtils.java:logGet(43)) - raft.server.rpc.timeout.max = 5200ms (custom)
2019-10-03 02:06:23,903 [pool-428-thread-1] INFO  server.RaftServerConfigKeys (ConfUtils.java:logGet(43)) - raft.server.rpcslowness.timeout = 120s (custom)
2019-10-03 02:06:23,903 [pool-438-thread-1] INFO  server.RaftServerConfigKeys (ConfUtils.java:logGet(43)) - raft.server.log.appender.install.snapshot.enabled = false (custom)
2019-10-03 02:06:23,903 [pool-428-thread-1] INFO  server.RaftServerConfigKeys (ConfUtils.java:logGet(43)) - raft.server.sleep.deviation.threshold = 300 (default)
2019-10-03 02:06:23,903 [pool-448-thread-1] INFO  storage.RaftStorageDirectory (RaftStorageDirectory.java:analyzeStorage(246)) - The storage directory /workdir/hadoop-ozone/ozonefs/target/test-dir/MiniOzoneClusterImpl-7e7da04f-e8c4-44b7-8b50-520177f95937/datanode-2/data/ratis/accf39a4-199b-4acf-9c0d-8c851d1fc8dc does not exist. Creating ...
2019-10-03 02:06:23,903 [pool-428-thread-1] INFO  server.RaftServerConfigKeys (ConfUtils.java:logGet(43)) - raft.server.log.appender.install.snapshot.enabled = false (custom)
2019-10-03 02:06:23,903 [pool-438-thread-1] INFO  impl.RaftServerImpl (ServerState.java:<init>(103)) - 80d3f925-c601-49a7-b4ad-3fdae4158f67@group-8C851D1FC8DC: ConfigurationManager, init=-1: [3d086523-cd48-4d28-8031-a97a5a94cdcf:192.168.164.205:36633, c5677bfc-0d64-4b44-8060-5da5f0c5bf74:192.168.164.205:42657, 80d3f925-c601-49a7-b4ad-3fdae4158f67:192.168.164.205:37988], old=null, confs=<EMPTY_MAP>
2019-10-03 02:06:23,904 [pool-428-thread-1] INFO  impl.RaftServerImpl (ServerState.java:<init>(103)) - 3d086523-cd48-4d28-8031-a97a5a94cdcf@group-8C851D1FC8DC: ConfigurationManager, init=-1: [3d086523-cd48-4d28-8031-a97a5a94cdcf:192.168.164.205:36633, c5677bfc-0d64-4b44-8060-5da5f0c5bf74:192.168.164.205:42657, 80d3f925-c601-49a7-b4ad-3fdae4158f67:192.168.164.205:37988], old=null, confs=<EMPTY_MAP>
2019-10-03 02:06:23,904 [pool-438-thread-1] INFO  server.RaftServerConfigKeys (ConfUtils.java:logGet(43)) - raft.server.storage.dir = [/workdir/hadoop-ozone/ozonefs/target/test-dir/MiniOzoneClusterImpl-7e7da04f-e8c4-44b7-8b50-520177f95937/datanode-1/data/ratis] (custom)
2019-10-03 02:06:23,904 [pool-428-thread-1] INFO  server.RaftServerConfigKeys (ConfUtils.java:logGet(43)) - raft.server.storage.dir = [/workdir/hadoop-ozone/ozonefs/target/test-dir/MiniOzoneClusterImpl-7e7da04f-e8c4-44b7-8b50-520177f95937/datanode-0/data/ratis] (custom)
2019-10-03 02:06:23,904 [pool-438-thread-1] INFO  server.RaftServerConfigKeys (ConfUtils.java:logGet(43)) - raft.server.log.corruption.policy = EXCEPTION (default)
2019-10-03 02:06:23,904 [pool-438-thread-1] INFO  storage.RaftStorageDirectory (RaftStorageDirectory.java:analyzeStorage(246)) - The storage directory /workdir/hadoop-ozone/ozonefs/target/test-dir/MiniOzoneClusterImpl-7e7da04f-e8c4-44b7-8b50-520177f95937/datanode-1/data/ratis/accf39a4-199b-4acf-9c0d-8c851d1fc8dc does not exist. Creating ...
2019-10-03 02:06:23,904 [pool-428-thread-1] INFO  server.RaftServerConfigKeys (ConfUtils.java:logGet(43)) - raft.server.log.corruption.policy = EXCEPTION (default)
2019-10-03 02:06:23,905 [pool-428-thread-1] INFO  storage.RaftStorageDirectory (RaftStorageDirectory.java:analyzeStorage(246)) - The storage directory /workdir/hadoop-ozone/ozonefs/target/test-dir/MiniOzoneClusterImpl-7e7da04f-e8c4-44b7-8b50-520177f95937/datanode-0/data/ratis/accf39a4-199b-4acf-9c0d-8c851d1fc8dc does not exist. Creating ...
2019-10-03 02:06:23,915 [pool-438-thread-1] INFO  storage.RaftStorageDirectory (RaftStorageDirectory.java:tryLock(328)) - Lock on /workdir/hadoop-ozone/ozonefs/target/test-dir/MiniOzoneClusterImpl-7e7da04f-e8c4-44b7-8b50-520177f95937/datanode-1/data/ratis/accf39a4-199b-4acf-9c0d-8c851d1fc8dc/in_use.lock acquired by nodename 19677@pr-hdds-1737-89jld-2007629010
2019-10-03 02:06:23,915 [pool-428-thread-1] INFO  storage.RaftStorageDirectory (RaftStorageDirectory.java:tryLock(328)) - Lock on /workdir/hadoop-ozone/ozonefs/target/test-dir/MiniOzoneClusterImpl-7e7da04f-e8c4-44b7-8b50-520177f95937/datanode-0/data/ratis/accf39a4-199b-4acf-9c0d-8c851d1fc8dc/in_use.lock acquired by nodename 19677@pr-hdds-1737-89jld-2007629010
2019-10-03 02:06:23,915 [pool-448-thread-1] INFO  storage.RaftStorageDirectory (RaftStorageDirectory.java:tryLock(328)) - Lock on /workdir/hadoop-ozone/ozonefs/target/test-dir/MiniOzoneClusterImpl-7e7da04f-e8c4-44b7-8b50-520177f95937/datanode-2/data/ratis/accf39a4-199b-4acf-9c0d-8c851d1fc8dc/in_use.lock acquired by nodename 19677@pr-hdds-1737-89jld-2007629010
2019-10-03 02:06:23,938 [pool-448-thread-1] INFO  storage.RaftStorage (RaftStorage.java:format(84)) - Storage directory /workdir/hadoop-ozone/ozonefs/target/test-dir/MiniOzoneClusterImpl-7e7da04f-e8c4-44b7-8b50-520177f95937/datanode-2/data/ratis/accf39a4-199b-4acf-9c0d-8c851d1fc8dc has been successfully formatted.
2019-10-03 02:06:23,938 [pool-428-thread-1] INFO  storage.RaftStorage (RaftStorage.java:format(84)) - Storage directory /workdir/hadoop-ozone/ozonefs/target/test-dir/MiniOzoneClusterImpl-7e7da04f-e8c4-44b7-8b50-520177f95937/datanode-0/data/ratis/accf39a4-199b-4acf-9c0d-8c851d1fc8dc has been successfully formatted.
2019-10-03 02:06:23,938 [pool-438-thread-1] INFO  storage.RaftStorage (RaftStorage.java:format(84)) - Storage directory /workdir/hadoop-ozone/ozonefs/target/test-dir/MiniOzoneClusterImpl-7e7da04f-e8c4-44b7-8b50-520177f95937/datanode-1/data/ratis/accf39a4-199b-4acf-9c0d-8c851d1fc8dc has been successfully formatted.
2019-10-03 02:06:23,938 [pool-448-thread-1] INFO  ratis.ContainerStateMachine (ContainerStateMachine.java:loadSnapshot(230)) - group-8C851D1FC8DC: The snapshot info is null. Setting the last applied indexto:(t:0, i:~)
2019-10-03 02:06:23,939 [pool-438-thread-1] INFO  ratis.ContainerStateMachine (ContainerStateMachine.java:loadSnapshot(230)) - group-8C851D1FC8DC: The snapshot info is null. Setting the last applied indexto:(t:0, i:~)
2019-10-03 02:06:23,939 [pool-428-thread-1] INFO  ratis.ContainerStateMachine (ContainerStateMachine.java:loadSnapshot(230)) - group-8C851D1FC8DC: The snapshot info is null. Setting the last applied indexto:(t:0, i:~)
2019-10-03 02:06:23,939 [pool-438-thread-1] INFO  server.RaftServerConfigKeys (ConfUtils.java:logGet(43)) - raft.server.notification.no-leader.timeout = 120s (custom)
2019-10-03 02:06:23,939 [pool-448-thread-1] INFO  server.RaftServerConfigKeys (ConfUtils.java:logGet(43)) - raft.server.notification.no-leader.timeout = 120s (custom)
2019-10-03 02:06:23,939 [pool-438-thread-1] INFO  server.RaftServerConfigKeys (ConfUtils.java:logGet(43)) - raft.server.log.use.memory = false (default)
2019-10-03 02:06:23,939 [pool-428-thread-1] INFO  server.RaftServerConfigKeys (ConfUtils.java:logGet(43)) - raft.server.notification.no-leader.timeout = 120s (custom)
2019-10-03 02:06:23,939 [pool-438-thread-1] INFO  server.RaftServerConfigKeys (ConfUtils.java:logGet(43)) - raft.server.log.purge.gap = 1000000 (custom)
2019-10-03 02:06:23,939 [pool-448-thread-1] INFO  server.RaftServerConfigKeys (ConfUtils.java:logGet(43)) - raft.server.log.use.memory = false (default)
2019-10-03 02:06:23,940 [pool-438-thread-1] INFO  server.RaftServerConfigKeys (ConfUtils.java:logGet(43)) - raft.server.log.appender.buffer.byte-limit = 33554432 (custom)
2019-10-03 02:06:23,940 [pool-438-thread-1] INFO  server.RaftServerConfigKeys (ConfUtils.java:logGet(43)) - raft.server.log.segment.size.max = 1048576 (custom)
2019-10-03 02:06:23,940 [pool-428-thread-1] INFO  server.RaftServerConfigKeys (ConfUtils.java:logGet(43)) - raft.server.log.use.memory = false (default)
2019-10-03 02:06:23,940 [pool-438-thread-1] INFO  server.RaftServerConfigKeys (ConfUtils.java:logGet(43)) - raft.server.log.segment.cache.num.max = 2 (custom)
2019-10-03 02:06:23,940 [pool-448-thread-1] INFO  server.RaftServerConfigKeys (ConfUtils.java:logGet(43)) - raft.server.log.purge.gap = 1000000 (custom)
2019-10-03 02:06:23,940 [pool-438-thread-1] INFO  segmented.SegmentedRaftLogWorker (SegmentedRaftLogWorker.java:<init>(173)) - new 80d3f925-c601-49a7-b4ad-3fdae4158f67@group-8C851D1FC8DC-SegmentedRaftLogWorker for RaftStorage:Storage Directory /workdir/hadoop-ozone/ozonefs/target/test-dir/MiniOzoneClusterImpl-7e7da04f-e8c4-44b7-8b50-520177f95937/datanode-1/data/ratis/accf39a4-199b-4acf-9c0d-8c851d1fc8dc
2019-10-03 02:06:23,940 [pool-428-thread-1] INFO  server.RaftServerConfigKeys (ConfUtils.java:logGet(43)) - raft.server.log.purge.gap = 1000000 (custom)
2019-10-03 02:06:23,941 [pool-438-thread-1] INFO  server.RaftServerConfigKeys (ConfUtils.java:logGet(43)) - raft.server.log.queue.byte-limit = 2147483647 (custom)
2019-10-03 02:06:23,941 [pool-438-thread-1] INFO  server.RaftServerConfigKeys (ConfUtils.java:logGet(43)) - raft.server.log.queue.element-limit = 1024 (custom)
2019-10-03 02:06:23,940 [pool-448-thread-1] INFO  server.RaftServerConfigKeys (ConfUtils.java:logGet(43)) - raft.server.log.appender.buffer.byte-limit = 33554432 (custom)
2019-10-03 02:06:23,941 [pool-438-thread-1] INFO  server.RaftServerConfigKeys (ConfUtils.java:logGet(43)) - raft.server.log.segment.size.max = 1048576 (custom)
2019-10-03 02:06:23,941 [pool-428-thread-1] INFO  server.RaftServerConfigKeys (ConfUtils.java:logGet(43)) - raft.server.log.appender.buffer.byte-limit = 33554432 (custom)
2019-10-03 02:06:23,941 [pool-438-thread-1] INFO  server.RaftServerConfigKeys (ConfUtils.java:logGet(43)) - raft.server.log.preallocated.size = 16384 (custom)
2019-10-03 02:06:23,942 [pool-438-thread-1] INFO  server.RaftServerConfigKeys (ConfUtils.java:logGet(43)) - raft.server.log.write.buffer.size = 33554432 (custom)
2019-10-03 02:06:23,941 [pool-448-thread-1] INFO  server.RaftServerConfigKeys (ConfUtils.java:logGet(43)) - raft.server.log.segment.size.max = 1048576 (custom)
2019-10-03 02:06:23,942 [pool-438-thread-1] INFO  server.RaftServerConfigKeys (ConfUtils.java:logGet(43)) - raft.server.log.force.sync.num = 128 (default)
2019-10-03 02:06:23,941 [pool-428-thread-1] INFO  server.RaftServerConfigKeys (ConfUtils.java:logGet(43)) - raft.server.log.segment.size.max = 1048576 (custom)
2019-10-03 02:06:23,942 [pool-438-thread-1] INFO  server.RaftServerConfigKeys (ConfUtils.java:logGet(43)) - raft.server.log.statemachine.data.sync = true (default)
2019-10-03 02:06:23,942 [pool-448-thread-1] INFO  server.RaftServerConfigKeys (ConfUtils.java:logGet(43)) - raft.server.log.segment.cache.num.max = 2 (custom)
2019-10-03 02:06:23,942 [pool-438-thread-1] INFO  server.RaftServerConfigKeys (ConfUtils.java:logGet(43)) - raft.server.log.statemachine.data.sync.timeout = 10s (default)
2019-10-03 02:06:23,942 [pool-428-thread-1] INFO  server.RaftServerConfigKeys (ConfUtils.java:logGet(43)) - raft.server.log.segment.cache.num.max = 2 (custom)
2019-10-03 02:06:23,942 [pool-438-thread-1] INFO  server.RaftServerConfigKeys (ConfUtils.java:logGet(43)) - raft.server.log.statemachine.data.sync.timeout.retry = -1 (default)
2019-10-03 02:06:23,942 [pool-448-thread-1] INFO  segmented.SegmentedRaftLogWorker (SegmentedRaftLogWorker.java:<init>(173)) - new c5677bfc-0d64-4b44-8060-5da5f0c5bf74@group-8C851D1FC8DC-SegmentedRaftLogWorker for RaftStorage:Storage Directory /workdir/hadoop-ozone/ozonefs/target/test-dir/MiniOzoneClusterImpl-7e7da04f-e8c4-44b7-8b50-520177f95937/datanode-2/data/ratis/accf39a4-199b-4acf-9c0d-8c851d1fc8dc
2019-10-03 02:06:23,943 [pool-438-thread-1] INFO  server.RaftServerConfigKeys (ConfUtils.java:logGet(43)) - raft.server.log.statemachine.data.caching.enabled = true (custom)
2019-10-03 02:06:23,943 [pool-428-thread-1] INFO  segmented.SegmentedRaftLogWorker (SegmentedRaftLogWorker.java:<init>(173)) - new 3d086523-cd48-4d28-8031-a97a5a94cdcf@group-8C851D1FC8DC-SegmentedRaftLogWorker for RaftStorage:Storage Directory /workdir/hadoop-ozone/ozonefs/target/test-dir/MiniOzoneClusterImpl-7e7da04f-e8c4-44b7-8b50-520177f95937/datanode-0/data/ratis/accf39a4-199b-4acf-9c0d-8c851d1fc8dc
2019-10-03 02:06:23,943 [pool-448-thread-1] INFO  server.RaftServerConfigKeys (ConfUtils.java:logGet(43)) - raft.server.log.queue.byte-limit = 2147483647 (custom)
2019-10-03 02:06:23,943 [pool-428-thread-1] INFO  server.RaftServerConfigKeys (ConfUtils.java:logGet(43)) - raft.server.log.queue.byte-limit = 2147483647 (custom)
2019-10-03 02:06:23,943 [pool-438-thread-1] INFO  segmented.SegmentedRaftLogWorker (SegmentedRaftLogWorker.java:lambda$new$0(128)) - 80d3f925-c601-49a7-b4ad-3fdae4158f67@group-8C851D1FC8DC-SegmentedRaftLogWorker: flushIndex: setUnconditionally 0 -> -1
2019-10-03 02:06:23,943 [pool-428-thread-1] INFO  server.RaftServerConfigKeys (ConfUtils.java:logGet(43)) - raft.server.log.queue.element-limit = 1024 (custom)
2019-10-03 02:06:23,943 [pool-448-thread-1] INFO  server.RaftServerConfigKeys (ConfUtils.java:logGet(43)) - raft.server.log.queue.element-limit = 1024 (custom)
2019-10-03 02:06:23,944 [pool-438-thread-1] INFO  server.RaftServerConfigKeys (ConfUtils.java:logGet(43)) - raft.server.snapshot.auto.trigger.enabled = true (custom)
2019-10-03 02:06:23,944 [pool-428-thread-1] INFO  server.RaftServerConfigKeys (ConfUtils.java:logGet(43)) - raft.server.log.segment.size.max = 1048576 (custom)
2019-10-03 02:06:23,944 [pool-438-thread-1] INFO  server.RaftServerConfigKeys (ConfUtils.java:logGet(43)) - raft.server.snapshot.auto.trigger.threshold = 10000 (custom)
2019-10-03 02:06:23,944 [pool-448-thread-1] INFO  server.RaftServerConfigKeys (ConfUtils.java:logGet(43)) - raft.server.log.segment.size.max = 1048576 (custom)
2019-10-03 02:06:23,944 [pool-438-thread-1] INFO  server.RaftServerConfigKeys (ConfUtils.java:logGet(43)) - raft.server.snapshot.retention.file.num = 5 (custom)
2019-10-03 02:06:23,944 [pool-428-thread-1] INFO  server.RaftServerConfigKeys (ConfUtils.java:logGet(43)) - raft.server.log.preallocated.size = 16384 (custom)
2019-10-03 02:06:23,945 [pool-438-thread-1] INFO  server.RaftServerConfigKeys (ConfUtils.java:logGet(43)) - raft.server.retrycache.expirytime = 600000ms (custom)
2019-10-03 02:06:23,944 [pool-448-thread-1] INFO  server.RaftServerConfigKeys (ConfUtils.java:logGet(43)) - raft.server.log.preallocated.size = 16384 (custom)
2019-10-03 02:06:23,945 [pool-428-thread-1] INFO  server.RaftServerConfigKeys (ConfUtils.java:logGet(43)) - raft.server.log.write.buffer.size = 33554432 (custom)
2019-10-03 02:06:23,945 [pool-448-thread-1] INFO  server.RaftServerConfigKeys (ConfUtils.java:logGet(43)) - raft.server.log.write.buffer.size = 33554432 (custom)
2019-10-03 02:06:23,945 [pool-428-thread-1] INFO  server.RaftServerConfigKeys (ConfUtils.java:logGet(43)) - raft.server.log.force.sync.num = 128 (default)
2019-10-03 02:06:23,945 [pool-448-thread-1] INFO  server.RaftServerConfigKeys (ConfUtils.java:logGet(43)) - raft.server.log.force.sync.num = 128 (default)
2019-10-03 02:06:23,945 [pool-428-thread-1] INFO  server.RaftServerConfigKeys (ConfUtils.java:logGet(43)) - raft.server.log.statemachine.data.sync = true (default)
2019-10-03 02:06:23,945 [pool-448-thread-1] INFO  server.RaftServerConfigKeys (ConfUtils.java:logGet(43)) - raft.server.log.statemachine.data.sync = true (default)
2019-10-03 02:06:23,946 [pool-428-thread-1] INFO  server.RaftServerConfigKeys (ConfUtils.java:logGet(43)) - raft.server.log.statemachine.data.sync.timeout = 10s (default)
2019-10-03 02:06:23,946 [pool-448-thread-1] INFO  server.RaftServerConfigKeys (ConfUtils.java:logGet(43)) - raft.server.log.statemachine.data.sync.timeout = 10s (default)
2019-10-03 02:06:23,946 [pool-428-thread-1] INFO  server.RaftServerConfigKeys (ConfUtils.java:logGet(43)) - raft.server.log.statemachine.data.sync.timeout.retry = -1 (default)
2019-10-03 02:06:23,946 [pool-448-thread-1] INFO  server.RaftServerConfigKeys (ConfUtils.java:logGet(43)) - raft.server.log.statemachine.data.sync.timeout.retry = -1 (default)
2019-10-03 02:06:23,946 [pool-428-thread-1] INFO  server.RaftServerConfigKeys (ConfUtils.java:logGet(43)) - raft.server.log.statemachine.data.caching.enabled = true (custom)
2019-10-03 02:06:23,946 [pool-438-thread-1] INFO  impl.RaftServerImpl (RaftServerImpl.java:start(181)) - 80d3f925-c601-49a7-b4ad-3fdae4158f67@group-8C851D1FC8DC: start as a follower, conf=-1: [3d086523-cd48-4d28-8031-a97a5a94cdcf:192.168.164.205:36633, c5677bfc-0d64-4b44-8060-5da5f0c5bf74:192.168.164.205:42657, 80d3f925-c601-49a7-b4ad-3fdae4158f67:192.168.164.205:37988], old=null
2019-10-03 02:06:23,946 [pool-448-thread-1] INFO  server.RaftServerConfigKeys (ConfUtils.java:logGet(43)) - raft.server.log.statemachine.data.caching.enabled = true (custom)
2019-10-03 02:06:23,947 [pool-428-thread-1] INFO  segmented.SegmentedRaftLogWorker (SegmentedRaftLogWorker.java:lambda$new$0(128)) - 3d086523-cd48-4d28-8031-a97a5a94cdcf@group-8C851D1FC8DC-SegmentedRaftLogWorker: flushIndex: setUnconditionally 0 -> -1
2019-10-03 02:06:23,947 [pool-438-thread-1] INFO  impl.RaftServerImpl (RaftServerImpl.java:setRole(170)) - 80d3f925-c601-49a7-b4ad-3fdae4158f67@group-8C851D1FC8DC: changes role from      null to FOLLOWER at term 0 for startAsFollower
2019-10-03 02:06:23,947 [pool-448-thread-1] INFO  segmented.SegmentedRaftLogWorker (SegmentedRaftLogWorker.java:lambda$new$0(128)) - c5677bfc-0d64-4b44-8060-5da5f0c5bf74@group-8C851D1FC8DC-SegmentedRaftLogWorker: flushIndex: setUnconditionally 0 -> -1
2019-10-03 02:06:23,947 [pool-428-thread-1] INFO  server.RaftServerConfigKeys (ConfUtils.java:logGet(43)) - raft.server.snapshot.auto.trigger.enabled = true (custom)
2019-10-03 02:06:23,947 [pool-438-thread-1] INFO  impl.RoleInfo (RoleInfo.java:updateAndGet(143)) - 80d3f925-c601-49a7-b4ad-3fdae4158f67: start FollowerState
2019-10-03 02:06:23,947 [pool-428-thread-1] INFO  server.RaftServerConfigKeys (ConfUtils.java:logGet(43)) - raft.server.snapshot.auto.trigger.threshold = 10000 (custom)
2019-10-03 02:06:23,947 [pool-448-thread-1] INFO  server.RaftServerConfigKeys (ConfUtils.java:logGet(43)) - raft.server.snapshot.auto.trigger.enabled = true (custom)
2019-10-03 02:06:23,948 [pool-438-thread-1] INFO  util.JmxRegister (JmxRegister.java:tryRegister(44)) - Successfully registered JMX Bean with object name Ratis:service=RaftServer,group=group-8C851D1FC8DC,id=80d3f925-c601-49a7-b4ad-3fdae4158f67
2019-10-03 02:06:23,948 [pool-428-thread-1] INFO  server.RaftServerConfigKeys (ConfUtils.java:logGet(43)) - raft.server.snapshot.retention.file.num = 5 (custom)
2019-10-03 02:06:23,948 [pool-448-thread-1] INFO  server.RaftServerConfigKeys (ConfUtils.java:logGet(43)) - raft.server.snapshot.auto.trigger.threshold = 10000 (custom)
2019-10-03 02:06:23,948 [pool-428-thread-1] INFO  server.RaftServerConfigKeys (ConfUtils.java:logGet(43)) - raft.server.retrycache.expirytime = 600000ms (custom)
2019-10-03 02:06:23,948 [pool-448-thread-1] INFO  server.RaftServerConfigKeys (ConfUtils.java:logGet(43)) - raft.server.snapshot.retention.file.num = 5 (custom)
2019-10-03 02:06:23,948 [pool-448-thread-1] INFO  server.RaftServerConfigKeys (ConfUtils.java:logGet(43)) - raft.server.retrycache.expirytime = 600000ms (custom)
2019-10-03 02:06:23,955 [pool-428-thread-1] INFO  impl.RaftServerImpl (RaftServerImpl.java:start(181)) - 3d086523-cd48-4d28-8031-a97a5a94cdcf@group-8C851D1FC8DC: start as a follower, conf=-1: [3d086523-cd48-4d28-8031-a97a5a94cdcf:192.168.164.205:36633, c5677bfc-0d64-4b44-8060-5da5f0c5bf74:192.168.164.205:42657, 80d3f925-c601-49a7-b4ad-3fdae4158f67:192.168.164.205:37988], old=null
2019-10-03 02:06:23,955 [pool-448-thread-1] INFO  impl.RaftServerImpl (RaftServerImpl.java:start(181)) - c5677bfc-0d64-4b44-8060-5da5f0c5bf74@group-8C851D1FC8DC: start as a follower, conf=-1: [3d086523-cd48-4d28-8031-a97a5a94cdcf:192.168.164.205:36633, c5677bfc-0d64-4b44-8060-5da5f0c5bf74:192.168.164.205:42657, 80d3f925-c601-49a7-b4ad-3fdae4158f67:192.168.164.205:37988], old=null
2019-10-03 02:06:23,955 [pool-428-thread-1] INFO  impl.RaftServerImpl (RaftServerImpl.java:setRole(170)) - 3d086523-cd48-4d28-8031-a97a5a94cdcf@group-8C851D1FC8DC: changes role from      null to FOLLOWER at term 0 for startAsFollower
2019-10-03 02:06:23,955 [pool-448-thread-1] INFO  impl.RaftServerImpl (RaftServerImpl.java:setRole(170)) - c5677bfc-0d64-4b44-8060-5da5f0c5bf74@group-8C851D1FC8DC: changes role from      null to FOLLOWER at term 0 for startAsFollower
2019-10-03 02:06:23,955 [pool-428-thread-1] INFO  impl.RoleInfo (RoleInfo.java:updateAndGet(143)) - 3d086523-cd48-4d28-8031-a97a5a94cdcf: start FollowerState
2019-10-03 02:06:23,955 [pool-448-thread-1] INFO  impl.RoleInfo (RoleInfo.java:updateAndGet(143)) - c5677bfc-0d64-4b44-8060-5da5f0c5bf74: start FollowerState
2019-10-03 02:06:23,956 [pool-428-thread-1] INFO  util.JmxRegister (JmxRegister.java:tryRegister(44)) - Successfully registered JMX Bean with object name Ratis:service=RaftServer,group=group-8C851D1FC8DC,id=3d086523-cd48-4d28-8031-a97a5a94cdcf
2019-10-03 02:06:23,956 [pool-448-thread-1] INFO  util.JmxRegister (JmxRegister.java:tryRegister(44)) - Successfully registered JMX Bean with object name Ratis:service=RaftServer,group=group-8C851D1FC8DC,id=c5677bfc-0d64-4b44-8060-5da5f0c5bf74
2019-10-03 02:06:23,966 [RatisPipelineUtilsThread] INFO  pipeline.PipelineStateManager (PipelineStateManager.java:addPipeline(56)) - Created pipeline Pipeline[ Id: accf39a4-199b-4acf-9c0d-8c851d1fc8dc, Nodes: 80d3f925-c601-49a7-b4ad-3fdae4158f67{ip: 192.168.164.205, host: pr-hdds-1737-89jld-2007629010, networkLocation: /default-rack, certSerialId: null}3d086523-cd48-4d28-8031-a97a5a94cdcf{ip: 192.168.164.205, host: pr-hdds-1737-89jld-2007629010, networkLocation: /default-rack, certSerialId: null}c5677bfc-0d64-4b44-8060-5da5f0c5bf74{ip: 192.168.164.205, host: pr-hdds-1737-89jld-2007629010, networkLocation: /default-rack, certSerialId: null}, Type:RATIS, Factor:THREE, State:OPEN]
2019-10-03 02:06:24,809 [main] INFO  ozone.MiniOzoneClusterImpl (MiniOzoneClusterImpl.java:lambda$waitForClusterToBeReady$0(147)) - Cluster is ready. Got 3 of 3 DN Heartbeats.
2019-10-03 02:06:24,861 [main] INFO  rpc.RpcClient (RpcClient.java:createVolume(276)) - Creating Volume: ubyepjxhwt, with user84396 as owner.
2019-10-03 02:06:24,864 [IPC Server handler 1 on 38555] INFO  volume.OMVolumeCreateRequest (OMVolumeCreateRequest.java:validateAndUpdateCache(194)) - created volume:ubyepjxhwt for user:user84396
2019-10-03 02:06:24,875 [main] INFO  rpc.RpcClient (RpcClient.java:createBucket(415)) - Creating Bucket: ubyepjxhwt/hsqddgvutx, with Versioning false and Storage Type set to DISK and Encryption set to false 
02:06:24.910 [IPC Server handler 9 on 38555] ERROR OMAudit - user=jenkins1000 | ip=127.0.0.1 | op=CREATE_DIRECTORY {volume=ubyepjxhwt, bucket=hsqddgvutx, key=zapGV, dataSize=0, replicationType=RATIS, replicationFactor=ONE, keyLocationInfo=[]} | ret=FAILURE
org.apache.hadoop.ozone.om.exceptions.OMException: Volume not found ubyepjxhwt
	at org.apache.hadoop.ozone.om.request.file.OMDirectoryCreateRequest.validateAndUpdateCache(OMDirectoryCreateRequest.java:146) ~[hadoop-ozone-ozone-manager-0.5.0-SNAPSHOT.jar:?]
	at org.apache.hadoop.ozone.protocolPB.OzoneManagerProtocolServerSideTranslatorPB.submitRequestDirectlyToOM(OzoneManagerProtocolServerSideTranslatorPB.java:219) ~[hadoop-ozone-ozone-manager-0.5.0-SNAPSHOT.jar:?]
	at org.apache.hadoop.ozone.protocolPB.OzoneManagerProtocolServerSideTranslatorPB.processRequest(OzoneManagerProtocolServerSideTranslatorPB.java:134) ~[hadoop-ozone-ozone-manager-0.5.0-SNAPSHOT.jar:?]
	at org.apache.hadoop.hdds.server.OzoneProtocolMessageDispatcher.processRequest(OzoneProtocolMessageDispatcher.java:72) [hadoop-hdds-server-framework-0.5.0-SNAPSHOT.jar:?]
	at org.apache.hadoop.ozone.protocolPB.OzoneManagerProtocolServerSideTranslatorPB.submitRequest(OzoneManagerProtocolServerSideTranslatorPB.java:100) [hadoop-ozone-ozone-manager-0.5.0-SNAPSHOT.jar:?]
	at org.apache.hadoop.ozone.protocol.proto.OzoneManagerProtocolProtos$OzoneManagerService$2.callBlockingMethod(OzoneManagerProtocolProtos.java) [hadoop-ozone-common-0.5.0-SNAPSHOT.jar:?]
	at org.apache.hadoop.ipc.ProtobufRpcEngine$Server$ProtoBufRpcInvoker.call(ProtobufRpcEngine.java:524) [hadoop-common-3.2.0.jar:?]
	at org.apache.hadoop.ipc.RPC$Server.call(RPC.java:1025) [hadoop-common-3.2.0.jar:?]
	at org.apache.hadoop.ipc.Server$RpcCall.run(Server.java:876) [hadoop-common-3.2.0.jar:?]
	at org.apache.hadoop.ipc.Server$RpcCall.run(Server.java:822) [hadoop-common-3.2.0.jar:?]
	at java.security.AccessController.doPrivileged(Native Method) [?:1.8.0_212]
	at javax.security.auth.Subject.doAs(Subject.java:422) [?:1.8.0_212]
	at org.apache.hadoop.security.UserGroupInformation.doAs(UserGroupInformation.java:1730) [hadoop-common-3.2.0.jar:?]
	at org.apache.hadoop.ipc.Server$Handler.run(Server.java:2682) [hadoop-common-3.2.0.jar:?]
2019-10-03 02:06:24,911 [IPC Server handler 9 on 38555] ERROR file.OMDirectoryCreateRequest (OMDirectoryCreateRequest.java:validateAndUpdateCache(212)) - CreateDirectory failed for Key: zapGV in volume/bucket:ubyepjxhwt/hsqddgvutx
VOLUME_NOT_FOUND org.apache.hadoop.ozone.om.exceptions.OMException: Volume not found ubyepjxhwt
	at org.apache.hadoop.ozone.om.request.file.OMDirectoryCreateRequest.validateAndUpdateCache(OMDirectoryCreateRequest.java:146)
	at org.apache.hadoop.ozone.protocolPB.OzoneManagerProtocolServerSideTranslatorPB.submitRequestDirectlyToOM(OzoneManagerProtocolServerSideTranslatorPB.java:219)
	at org.apache.hadoop.ozone.protocolPB.OzoneManagerProtocolServerSideTranslatorPB.processRequest(OzoneManagerProtocolServerSideTranslatorPB.java:134)
	at org.apache.hadoop.hdds.server.OzoneProtocolMessageDispatcher.processRequest(OzoneProtocolMessageDispatcher.java:72)
	at org.apache.hadoop.ozone.protocolPB.OzoneManagerProtocolServerSideTranslatorPB.submitRequest(OzoneManagerProtocolServerSideTranslatorPB.java:100)
	at org.apache.hadoop.ozone.protocol.proto.OzoneManagerProtocolProtos$OzoneManagerService$2.callBlockingMethod(OzoneManagerProtocolProtos.java)
	at org.apache.hadoop.ipc.ProtobufRpcEngine$Server$ProtoBufRpcInvoker.call(ProtobufRpcEngine.java:524)
	at org.apache.hadoop.ipc.RPC$Server.call(RPC.java:1025)
	at org.apache.hadoop.ipc.Server$RpcCall.run(Server.java:876)
	at org.apache.hadoop.ipc.Server$RpcCall.run(Server.java:822)
	at java.security.AccessController.doPrivileged(Native Method)
	at javax.security.auth.Subject.doAs(Subject.java:422)
	at org.apache.hadoop.security.UserGroupInformation.doAs(UserGroupInformation.java:1730)
	at org.apache.hadoop.ipc.Server$Handler.run(Server.java:2682)
2019-10-03 02:06:24,912 [main] INFO  ozone.MiniOzoneClusterImpl (MiniOzoneClusterImpl.java:shutdown(314)) - Shutting down the Mini Ozone Cluster
2019-10-03 02:06:24,912 [main] INFO  ozone.MiniOzoneClusterImpl (MiniOzoneClusterImpl.java:stop(330)) - Stopping the Mini Ozone Cluster
2019-10-03 02:06:24,912 [main] INFO  ozone.MiniOzoneClusterImpl (MiniOzoneClusterImpl.java:stopOM(400)) - Stopping the OzoneManager
2019-10-03 02:06:24,912 [main] INFO  ipc.Server (Server.java:stop(3082)) - Stopping server on 38555
2019-10-03 02:06:24,917 [IPC Server listener on 38555] INFO  ipc.Server (Server.java:run(1185)) - Stopping IPC Server listener on 38555
2019-10-03 02:06:24,917 [main] INFO  ratis.OzoneManagerDoubleBuffer (OzoneManagerDoubleBuffer.java:stop(248)) - Stopping OMDoubleBuffer flush thread
2019-10-03 02:06:24,917 [IPC Server Responder] INFO  ipc.Server (Server.java:run(1319)) - Stopping IPC Server Responder
2019-10-03 02:06:24,922 [OMDoubleBufferFlushThread] INFO  ratis.OzoneManagerDoubleBuffer (OzoneManagerDoubleBuffer.java:flushTransactions(191)) - OMDoubleBuffer flush thread OMDoubleBufferFlushThread is interrupted and will exit. OMDoubleBufferFlushThread
2019-10-03 02:06:24,923 [main] INFO  utils.BackgroundService (BackgroundService.java:shutdown(148)) - Shutting down service KeyDeletingService
2019-10-03 02:06:24,924 [main] INFO  handler.ContextHandler (ContextHandler.java:doStop(910)) - Stopped o.e.j.w.WebAppContext@4c5f7b4f{/,null,UNAVAILABLE}{/ozoneManager}
2019-10-03 02:06:24,925 [main] INFO  server.AbstractConnector (AbstractConnector.java:doStop(318)) - Stopped ServerConnector@4b544732{HTTP/1.1,[http/1.1]}{0.0.0.0:0}
2019-10-03 02:06:24,925 [main] INFO  handler.ContextHandler (ContextHandler.java:doStop(910)) - Stopped o.e.j.s.ServletContextHandler@774f2992{/static,jar:file:/home/user/.m2/repository/org/apache/hadoop/hadoop-ozone-ozone-manager/0.5.0-SNAPSHOT/hadoop-ozone-ozone-manager-0.5.0-SNAPSHOT.jar!/webapps/static,UNAVAILABLE}
2019-10-03 02:06:24,925 [main] INFO  handler.ContextHandler (ContextHandler.java:doStop(910)) - Stopped o.e.j.s.ServletContextHandler@77cddc0c{/logs,file:///workdir/hadoop-ozone/ozonefs/target/log,UNAVAILABLE}
2019-10-03 02:06:24,928 [main] INFO  ozone.MiniOzoneClusterImpl (MiniOzoneClusterImpl.java:stopDatanodes(377)) - Stopping the HddsDatanodes
2019-10-03 02:06:25,642 [Datanode State Machine Thread - 0] INFO  statemachine.DatanodeStateMachine (DatanodeStateMachine.java:lambda$startDaemon$0(350)) - Ozone container server started.
2019-10-03 02:06:25,719 [Datanode State Machine Thread - 0] INFO  statemachine.DatanodeStateMachine (DatanodeStateMachine.java:lambda$startDaemon$0(350)) - Ozone container server started.
2019-10-03 02:06:26,655 [Thread-1925] INFO  container.ReplicationManager (ReplicationManager.java:start(162)) - Starting Replication Monitor Thread.
2019-10-03 02:06:26,659 [ReplicationMonitor] INFO  container.ReplicationManager (ReplicationManager.java:run(225)) - Replication Monitor Thread took 0 milliseconds for processing 0 containers.
2019-10-03 02:06:28,791 [Thread-1927] INFO  impl.FollowerState (FollowerState.java:run(108)) - 3d086523-cd48-4d28-8031-a97a5a94cdcf@group-FF420A801499-FollowerState: change to CANDIDATE, lastRpcTime:5082ms, electionTimeout:5082ms
2019-10-03 02:06:28,791 [Thread-1927] INFO  impl.RoleInfo (RoleInfo.java:shutdownFollowerState(121)) - 3d086523-cd48-4d28-8031-a97a5a94cdcf: shutdown FollowerState
2019-10-03 02:06:28,791 [Thread-1927] INFO  impl.RaftServerImpl (RaftServerImpl.java:setRole(170)) - 3d086523-cd48-4d28-8031-a97a5a94cdcf@group-FF420A801499: changes role from  FOLLOWER to CANDIDATE at term 0 for changeToCandidate
2019-10-03 02:06:28,792 [Thread-1927] INFO  impl.RoleInfo (RoleInfo.java:updateAndGet(143)) - 3d086523-cd48-4d28-8031-a97a5a94cdcf: start LeaderElection
2019-10-03 02:06:28,831 [3d086523-cd48-4d28-8031-a97a5a94cdcf@group-FF420A801499-LeaderElection39] INFO  impl.LeaderElection (LeaderElection.java:askForVotes(178)) - 3d086523-cd48-4d28-8031-a97a5a94cdcf@group-FF420A801499-LeaderElection39: begin an election at term 1 for -1: [3d086523-cd48-4d28-8031-a97a5a94cdcf:192.168.164.205:36633], old=null
2019-10-03 02:06:28,831 [3d086523-cd48-4d28-8031-a97a5a94cdcf@group-FF420A801499-LeaderElection39] INFO  impl.RoleInfo (RoleInfo.java:shutdownLeaderElection(134)) - 3d086523-cd48-4d28-8031-a97a5a94cdcf: shutdown LeaderElection
2019-10-03 02:06:28,831 [3d086523-cd48-4d28-8031-a97a5a94cdcf@group-FF420A801499-LeaderElection39] INFO  impl.RaftServerImpl (RaftServerImpl.java:setRole(170)) - 3d086523-cd48-4d28-8031-a97a5a94cdcf@group-FF420A801499: changes role from CANDIDATE to LEADER at term 1 for changeToLeader
2019-10-03 02:06:28,832 [3d086523-cd48-4d28-8031-a97a5a94cdcf@group-FF420A801499-LeaderElection39] INFO  impl.RaftServerImpl (ServerState.java:setLeader(255)) - 3d086523-cd48-4d28-8031-a97a5a94cdcf@group-FF420A801499: change Leader from null to 3d086523-cd48-4d28-8031-a97a5a94cdcf at term 1 for becomeLeader, leader elected after 5132ms
2019-10-03 02:06:28,832 [3d086523-cd48-4d28-8031-a97a5a94cdcf@group-FF420A801499-LeaderElection39] INFO  server.RaftServerConfigKeys (ConfUtils.java:logGet(43)) - raft.server.staging.catchup.gap = 1000 (default)
2019-10-03 02:06:28,832 [3d086523-cd48-4d28-8031-a97a5a94cdcf@group-FF420A801499-LeaderElection39] INFO  server.RaftServerConfigKeys (ConfUtils.java:logGet(43)) - raft.server.rpc.sleep.time = 25ms (default)
2019-10-03 02:06:28,832 [3d086523-cd48-4d28-8031-a97a5a94cdcf@group-FF420A801499-LeaderElection39] INFO  server.RaftServerConfigKeys (ConfUtils.java:logGet(43)) - raft.server.write.element-limit = 4096 (default)
2019-10-03 02:06:28,832 [3d086523-cd48-4d28-8031-a97a5a94cdcf@group-FF420A801499-LeaderElection39] INFO  server.RaftServerConfigKeys (ConfUtils.java:logGet(43)) - raft.server.watch.timeout = 10s (default)
2019-10-03 02:06:28,833 [3d086523-cd48-4d28-8031-a97a5a94cdcf@group-FF420A801499-LeaderElection39] INFO  server.RaftServerConfigKeys (ConfUtils.java:logGet(43)) - raft.server.watch.timeout.denomination = 1s (default)
2019-10-03 02:06:28,833 [3d086523-cd48-4d28-8031-a97a5a94cdcf@group-FF420A801499-LeaderElection39] INFO  server.RaftServerConfigKeys (ConfUtils.java:logGet(43)) - raft.server.watch.element-limit = 65536 (default)
2019-10-03 02:06:28,835 [3d086523-cd48-4d28-8031-a97a5a94cdcf@group-FF420A801499-LeaderElection39] INFO  impl.RoleInfo (RoleInfo.java:updateAndGet(143)) - 3d086523-cd48-4d28-8031-a97a5a94cdcf: start LeaderState
2019-10-03 02:06:28,835 [3d086523-cd48-4d28-8031-a97a5a94cdcf@group-FF420A801499-LeaderElection39] INFO  segmented.SegmentedRaftLogWorker (SegmentedRaftLogWorker.java:startLogSegment(385)) - 3d086523-cd48-4d28-8031-a97a5a94cdcf@group-FF420A801499-SegmentedRaftLogWorker: Starting segment from index:0
2019-10-03 02:06:28,836 [3d086523-cd48-4d28-8031-a97a5a94cdcf@group-FF420A801499-LeaderElection39] INFO  impl.RaftServerImpl (ServerState.java:setRaftConf(356)) - 3d086523-cd48-4d28-8031-a97a5a94cdcf@group-FF420A801499: set configuration 0: [3d086523-cd48-4d28-8031-a97a5a94cdcf:192.168.164.205:36633], old=null at 0
2019-10-03 02:06:28,874 [3d086523-cd48-4d28-8031-a97a5a94cdcf@group-FF420A801499-SegmentedRaftLogWorker] INFO  segmented.SegmentedRaftLogWorker (SegmentedRaftLogWorker.java:execute(574)) - 3d086523-cd48-4d28-8031-a97a5a94cdcf@group-FF420A801499-SegmentedRaftLogWorker: created new log segment /workdir/hadoop-ozone/ozonefs/target/test-dir/MiniOzoneClusterImpl-7e7da04f-e8c4-44b7-8b50-520177f95937/datanode-0/data/ratis/025a6b43-e645-4e50-9c50-ff420a801499/current/log_inprogress_0
2019-10-03 02:06:28,892 [Thread-1930] INFO  impl.FollowerState (FollowerState.java:run(108)) - 80d3f925-c601-49a7-b4ad-3fdae4158f67@group-A8CC7F9D37C6-FollowerState: change to CANDIDATE, lastRpcTime:5116ms, electionTimeout:5116ms
2019-10-03 02:06:28,893 [Thread-1930] INFO  impl.RoleInfo (RoleInfo.java:shutdownFollowerState(121)) - 80d3f925-c601-49a7-b4ad-3fdae4158f67: shutdown FollowerState
2019-10-03 02:06:28,893 [Thread-1930] INFO  impl.RaftServerImpl (RaftServerImpl.java:setRole(170)) - 80d3f925-c601-49a7-b4ad-3fdae4158f67@group-A8CC7F9D37C6: changes role from  FOLLOWER to CANDIDATE at term 0 for changeToCandidate
2019-10-03 02:06:28,893 [Thread-1930] INFO  impl.RoleInfo (RoleInfo.java:updateAndGet(143)) - 80d3f925-c601-49a7-b4ad-3fdae4158f67: start LeaderElection
2019-10-03 02:06:28,903 [80d3f925-c601-49a7-b4ad-3fdae4158f67@group-A8CC7F9D37C6-LeaderElection40] INFO  impl.LeaderElection (LeaderElection.java:askForVotes(178)) - 80d3f925-c601-49a7-b4ad-3fdae4158f67@group-A8CC7F9D37C6-LeaderElection40: begin an election at term 1 for -1: [80d3f925-c601-49a7-b4ad-3fdae4158f67:192.168.164.205:37988], old=null
2019-10-03 02:06:28,903 [80d3f925-c601-49a7-b4ad-3fdae4158f67@group-A8CC7F9D37C6-LeaderElection40] INFO  impl.RoleInfo (RoleInfo.java:shutdownLeaderElection(134)) - 80d3f925-c601-49a7-b4ad-3fdae4158f67: shutdown LeaderElection
2019-10-03 02:06:28,903 [80d3f925-c601-49a7-b4ad-3fdae4158f67@group-A8CC7F9D37C6-LeaderElection40] INFO  impl.RaftServerImpl (RaftServerImpl.java:setRole(170)) - 80d3f925-c601-49a7-b4ad-3fdae4158f67@group-A8CC7F9D37C6: changes role from CANDIDATE to LEADER at term 1 for changeToLeader
2019-10-03 02:06:28,903 [80d3f925-c601-49a7-b4ad-3fdae4158f67@group-A8CC7F9D37C6-LeaderElection40] INFO  impl.RaftServerImpl (ServerState.java:setLeader(255)) - 80d3f925-c601-49a7-b4ad-3fdae4158f67@group-A8CC7F9D37C6: change Leader from null to 80d3f925-c601-49a7-b4ad-3fdae4158f67 at term 1 for becomeLeader, leader elected after 5143ms
2019-10-03 02:06:28,903 [80d3f925-c601-49a7-b4ad-3fdae4158f67@group-A8CC7F9D37C6-LeaderElection40] INFO  server.RaftServerConfigKeys (ConfUtils.java:logGet(43)) - raft.server.staging.catchup.gap = 1000 (default)
2019-10-03 02:06:28,904 [80d3f925-c601-49a7-b4ad-3fdae4158f67@group-A8CC7F9D37C6-LeaderElection40] INFO  server.RaftServerConfigKeys (ConfUtils.java:logGet(43)) - raft.server.rpc.sleep.time = 25ms (default)
2019-10-03 02:06:28,904 [80d3f925-c601-49a7-b4ad-3fdae4158f67@group-A8CC7F9D37C6-LeaderElection40] INFO  server.RaftServerConfigKeys (ConfUtils.java:logGet(43)) - raft.server.write.element-limit = 4096 (default)
2019-10-03 02:06:28,904 [80d3f925-c601-49a7-b4ad-3fdae4158f67@group-A8CC7F9D37C6-LeaderElection40] INFO  server.RaftServerConfigKeys (ConfUtils.java:logGet(43)) - raft.server.watch.timeout = 10s (default)
2019-10-03 02:06:28,904 [80d3f925-c601-49a7-b4ad-3fdae4158f67@group-A8CC7F9D37C6-LeaderElection40] INFO  server.RaftServerConfigKeys (ConfUtils.java:logGet(43)) - raft.server.watch.timeout.denomination = 1s (default)
2019-10-03 02:06:28,904 [80d3f925-c601-49a7-b4ad-3fdae4158f67@group-A8CC7F9D37C6-LeaderElection40] INFO  server.RaftServerConfigKeys (ConfUtils.java:logGet(43)) - raft.server.watch.element-limit = 65536 (default)
2019-10-03 02:06:28,907 [80d3f925-c601-49a7-b4ad-3fdae4158f67@group-A8CC7F9D37C6-LeaderElection40] INFO  impl.RoleInfo (RoleInfo.java:updateAndGet(143)) - 80d3f925-c601-49a7-b4ad-3fdae4158f67: start LeaderState
2019-10-03 02:06:28,907 [80d3f925-c601-49a7-b4ad-3fdae4158f67@group-A8CC7F9D37C6-LeaderElection40] INFO  segmented.SegmentedRaftLogWorker (SegmentedRaftLogWorker.java:startLogSegment(385)) - 80d3f925-c601-49a7-b4ad-3fdae4158f67@group-A8CC7F9D37C6-SegmentedRaftLogWorker: Starting segment from index:0
2019-10-03 02:06:28,908 [80d3f925-c601-49a7-b4ad-3fdae4158f67@group-A8CC7F9D37C6-LeaderElection40] INFO  impl.RaftServerImpl (ServerState.java:setRaftConf(356)) - 80d3f925-c601-49a7-b4ad-3fdae4158f67@group-A8CC7F9D37C6: set configuration 0: [80d3f925-c601-49a7-b4ad-3fdae4158f67:192.168.164.205:37988], old=null at 0
2019-10-03 02:06:28,955 [80d3f925-c601-49a7-b4ad-3fdae4158f67@group-A8CC7F9D37C6-SegmentedRaftLogWorker] INFO  segmented.SegmentedRaftLogWorker (SegmentedRaftLogWorker.java:execute(574)) - 80d3f925-c601-49a7-b4ad-3fdae4158f67@group-A8CC7F9D37C6-SegmentedRaftLogWorker: created new log segment /workdir/hadoop-ozone/ozonefs/target/test-dir/MiniOzoneClusterImpl-7e7da04f-e8c4-44b7-8b50-520177f95937/datanode-1/data/ratis/c634494d-e99b-4fe2-a767-a8cc7f9d37c6/current/log_inprogress_0
2019-10-03 02:06:28,957 [Thread-1933] INFO  impl.FollowerState (FollowerState.java:run(108)) - c5677bfc-0d64-4b44-8060-5da5f0c5bf74@group-6FA7E7CEE463-FollowerState: change to CANDIDATE, lastRpcTime:5078ms, electionTimeout:5078ms
2019-10-03 02:06:28,957 [Thread-1933] INFO  impl.RoleInfo (RoleInfo.java:shutdownFollowerState(121)) - c5677bfc-0d64-4b44-8060-5da5f0c5bf74: shutdown FollowerState
2019-10-03 02:06:28,957 [Thread-1933] INFO  impl.RaftServerImpl (RaftServerImpl.java:setRole(170)) - c5677bfc-0d64-4b44-8060-5da5f0c5bf74@group-6FA7E7CEE463: changes role from  FOLLOWER to CANDIDATE at term 0 for changeToCandidate
2019-10-03 02:06:28,957 [Thread-1933] INFO  impl.RoleInfo (RoleInfo.java:updateAndGet(143)) - c5677bfc-0d64-4b44-8060-5da5f0c5bf74: start LeaderElection
2019-10-03 02:06:28,967 [c5677bfc-0d64-4b44-8060-5da5f0c5bf74@group-6FA7E7CEE463-LeaderElection41] INFO  impl.LeaderElection (LeaderElection.java:askForVotes(178)) - c5677bfc-0d64-4b44-8060-5da5f0c5bf74@group-6FA7E7CEE463-LeaderElection41: begin an election at term 1 for -1: [c5677bfc-0d64-4b44-8060-5da5f0c5bf74:192.168.164.205:42657], old=null
2019-10-03 02:06:28,967 [c5677bfc-0d64-4b44-8060-5da5f0c5bf74@group-6FA7E7CEE463-LeaderElection41] INFO  impl.RoleInfo (RoleInfo.java:shutdownLeaderElection(134)) - c5677bfc-0d64-4b44-8060-5da5f0c5bf74: shutdown LeaderElection
2019-10-03 02:06:28,967 [c5677bfc-0d64-4b44-8060-5da5f0c5bf74@group-6FA7E7CEE463-LeaderElection41] INFO  impl.RaftServerImpl (RaftServerImpl.java:setRole(170)) - c5677bfc-0d64-4b44-8060-5da5f0c5bf74@group-6FA7E7CEE463: changes role from CANDIDATE to LEADER at term 1 for changeToLeader
2019-10-03 02:06:28,968 [c5677bfc-0d64-4b44-8060-5da5f0c5bf74@group-6FA7E7CEE463-LeaderElection41] INFO  impl.RaftServerImpl (ServerState.java:setLeader(255)) - c5677bfc-0d64-4b44-8060-5da5f0c5bf74@group-6FA7E7CEE463: change Leader from null to c5677bfc-0d64-4b44-8060-5da5f0c5bf74 at term 1 for becomeLeader, leader elected after 5099ms
2019-10-03 02:06:28,968 [c5677bfc-0d64-4b44-8060-5da5f0c5bf74@group-6FA7E7CEE463-LeaderElection41] INFO  server.RaftServerConfigKeys (ConfUtils.java:logGet(43)) - raft.server.staging.catchup.gap = 1000 (default)
2019-10-03 02:06:28,968 [c5677bfc-0d64-4b44-8060-5da5f0c5bf74@group-6FA7E7CEE463-LeaderElection41] INFO  server.RaftServerConfigKeys (ConfUtils.java:logGet(43)) - raft.server.rpc.sleep.time = 25ms (default)
2019-10-03 02:06:28,968 [c5677bfc-0d64-4b44-8060-5da5f0c5bf74@group-6FA7E7CEE463-LeaderElection41] INFO  server.RaftServerConfigKeys (ConfUtils.java:logGet(43)) - raft.server.write.element-limit = 4096 (default)
2019-10-03 02:06:28,968 [c5677bfc-0d64-4b44-8060-5da5f0c5bf74@group-6FA7E7CEE463-LeaderElection41] INFO  server.RaftServerConfigKeys (ConfUtils.java:logGet(43)) - raft.server.watch.timeout = 10s (default)
2019-10-03 02:06:28,969 [c5677bfc-0d64-4b44-8060-5da5f0c5bf74@group-6FA7E7CEE463-LeaderElection41] INFO  server.RaftServerConfigKeys (ConfUtils.java:logGet(43)) - raft.server.watch.timeout.denomination = 1s (default)
2019-10-03 02:06:28,969 [c5677bfc-0d64-4b44-8060-5da5f0c5bf74@group-6FA7E7CEE463-LeaderElection41] INFO  server.RaftServerConfigKeys (ConfUtils.java:logGet(43)) - raft.server.watch.element-limit = 65536 (default)
2019-10-03 02:06:28,971 [c5677bfc-0d64-4b44-8060-5da5f0c5bf74@group-6FA7E7CEE463-LeaderElection41] INFO  impl.RoleInfo (RoleInfo.java:updateAndGet(143)) - c5677bfc-0d64-4b44-8060-5da5f0c5bf74: start LeaderState
2019-10-03 02:06:28,972 [c5677bfc-0d64-4b44-8060-5da5f0c5bf74@group-6FA7E7CEE463-LeaderElection41] INFO  segmented.SegmentedRaftLogWorker (SegmentedRaftLogWorker.java:startLogSegment(385)) - c5677bfc-0d64-4b44-8060-5da5f0c5bf74@group-6FA7E7CEE463-SegmentedRaftLogWorker: Starting segment from index:0
2019-10-03 02:06:28,972 [c5677bfc-0d64-4b44-8060-5da5f0c5bf74@group-6FA7E7CEE463-LeaderElection41] INFO  impl.RaftServerImpl (ServerState.java:setRaftConf(356)) - c5677bfc-0d64-4b44-8060-5da5f0c5bf74@group-6FA7E7CEE463: set configuration 0: [c5677bfc-0d64-4b44-8060-5da5f0c5bf74:192.168.164.205:42657], old=null at 0
2019-10-03 02:06:29,013 [c5677bfc-0d64-4b44-8060-5da5f0c5bf74@group-6FA7E7CEE463-SegmentedRaftLogWorker] INFO  segmented.SegmentedRaftLogWorker (SegmentedRaftLogWorker.java:execute(574)) - c5677bfc-0d64-4b44-8060-5da5f0c5bf74@group-6FA7E7CEE463-SegmentedRaftLogWorker: created new log segment /workdir/hadoop-ozone/ozonefs/target/test-dir/MiniOzoneClusterImpl-7e7da04f-e8c4-44b7-8b50-520177f95937/datanode-2/data/ratis/e8be377e-71f1-43d3-97f8-6fa7e7cee463/current/log_inprogress_0
2019-10-03 02:06:29,017 [Thread-1940] INFO  impl.FollowerState (FollowerState.java:run(108)) - 3d086523-cd48-4d28-8031-a97a5a94cdcf@group-8C851D1FC8DC-FollowerState: change to CANDIDATE, lastRpcTime:5061ms, electionTimeout:5061ms
2019-10-03 02:06:29,017 [Thread-1940] INFO  impl.RoleInfo (RoleInfo.java:shutdownFollowerState(121)) - 3d086523-cd48-4d28-8031-a97a5a94cdcf: shutdown FollowerState
2019-10-03 02:06:29,017 [Thread-1940] INFO  impl.RaftServerImpl (RaftServerImpl.java:setRole(170)) - 3d086523-cd48-4d28-8031-a97a5a94cdcf@group-8C851D1FC8DC: changes role from  FOLLOWER to CANDIDATE at term 0 for changeToCandidate
2019-10-03 02:06:29,018 [Thread-1940] INFO  impl.RoleInfo (RoleInfo.java:updateAndGet(143)) - 3d086523-cd48-4d28-8031-a97a5a94cdcf: start LeaderElection
2019-10-03 02:06:29,038 [3d086523-cd48-4d28-8031-a97a5a94cdcf@group-8C851D1FC8DC-LeaderElection42] INFO  impl.LeaderElection (LeaderElection.java:askForVotes(178)) - 3d086523-cd48-4d28-8031-a97a5a94cdcf@group-8C851D1FC8DC-LeaderElection42: begin an election at term 1 for -1: [3d086523-cd48-4d28-8031-a97a5a94cdcf:192.168.164.205:36633, c5677bfc-0d64-4b44-8060-5da5f0c5bf74:192.168.164.205:42657, 80d3f925-c601-49a7-b4ad-3fdae4158f67:192.168.164.205:37988], old=null
2019-10-03 02:06:29,044 [grpc-default-executor-1] INFO  impl.RaftServerImpl (RaftServerImpl.java:setRole(170)) - 80d3f925-c601-49a7-b4ad-3fdae4158f67@group-8C851D1FC8DC: changes role from  FOLLOWER to FOLLOWER at term 1 for recognizeCandidate:3d086523-cd48-4d28-8031-a97a5a94cdcf
2019-10-03 02:06:29,044 [grpc-default-executor-1] INFO  impl.RoleInfo (RoleInfo.java:shutdownFollowerState(121)) - 80d3f925-c601-49a7-b4ad-3fdae4158f67: shutdown FollowerState
2019-10-03 02:06:29,045 [grpc-default-executor-1] INFO  impl.RoleInfo (RoleInfo.java:updateAndGet(143)) - 80d3f925-c601-49a7-b4ad-3fdae4158f67: start FollowerState
2019-10-03 02:06:29,045 [Thread-1936] INFO  impl.FollowerState (FollowerState.java:run(117)) - 80d3f925-c601-49a7-b4ad-3fdae4158f67@group-8C851D1FC8DC-FollowerState was interrupted: java.lang.InterruptedException: sleep interrupted
2019-10-03 02:06:29,045 [grpc-default-executor-0] INFO  impl.RaftServerImpl (RaftServerImpl.java:setRole(170)) - c5677bfc-0d64-4b44-8060-5da5f0c5bf74@group-8C851D1FC8DC: changes role from  FOLLOWER to FOLLOWER at term 1 for recognizeCandidate:3d086523-cd48-4d28-8031-a97a5a94cdcf
2019-10-03 02:06:29,048 [grpc-default-executor-0] INFO  impl.RoleInfo (RoleInfo.java:shutdownFollowerState(121)) - c5677bfc-0d64-4b44-8060-5da5f0c5bf74: shutdown FollowerState
2019-10-03 02:06:29,048 [grpc-default-executor-0] INFO  impl.RoleInfo (RoleInfo.java:updateAndGet(143)) - c5677bfc-0d64-4b44-8060-5da5f0c5bf74: start FollowerState
2019-10-03 02:06:29,048 [Thread-1941] INFO  impl.FollowerState (FollowerState.java:run(117)) - c5677bfc-0d64-4b44-8060-5da5f0c5bf74@group-8C851D1FC8DC-FollowerState was interrupted: java.lang.InterruptedException: sleep interrupted
2019-10-03 02:06:29,054 [3d086523-cd48-4d28-8031-a97a5a94cdcf@group-8C851D1FC8DC-LeaderElection42] INFO  impl.LeaderElection (LeaderElection.java:logAndReturn(56)) - 3d086523-cd48-4d28-8031-a97a5a94cdcf@group-8C851D1FC8DC-LeaderElection42: Election PASSED; received 1 response(s) [3d086523-cd48-4d28-8031-a97a5a94cdcf<-80d3f925-c601-49a7-b4ad-3fdae4158f67#0:OK-t1] and 0 exception(s); 3d086523-cd48-4d28-8031-a97a5a94cdcf@group-8C851D1FC8DC:t1, leader=null, voted=3d086523-cd48-4d28-8031-a97a5a94cdcf, raftlog=3d086523-cd48-4d28-8031-a97a5a94cdcf@group-8C851D1FC8DC-SegmentedRaftLog:OPENED:c-1,f-1,i0, conf=-1: [3d086523-cd48-4d28-8031-a97a5a94cdcf:192.168.164.205:36633, c5677bfc-0d64-4b44-8060-5da5f0c5bf74:192.168.164.205:42657, 80d3f925-c601-49a7-b4ad-3fdae4158f67:192.168.164.205:37988], old=null
2019-10-03 02:06:29,054 [3d086523-cd48-4d28-8031-a97a5a94cdcf@group-8C851D1FC8DC-LeaderElection42] INFO  impl.RoleInfo (RoleInfo.java:shutdownLeaderElection(134)) - 3d086523-cd48-4d28-8031-a97a5a94cdcf: shutdown LeaderElection
2019-10-03 02:06:29,054 [3d086523-cd48-4d28-8031-a97a5a94cdcf@group-8C851D1FC8DC-LeaderElection42] INFO  impl.RaftServerImpl (RaftServerImpl.java:setRole(170)) - 3d086523-cd48-4d28-8031-a97a5a94cdcf@group-8C851D1FC8DC: changes role from CANDIDATE to LEADER at term 1 for changeToLeader
2019-10-03 02:06:29,054 [3d086523-cd48-4d28-8031-a97a5a94cdcf@group-8C851D1FC8DC-LeaderElection42] INFO  impl.RaftServerImpl (ServerState.java:setLeader(255)) - 3d086523-cd48-4d28-8031-a97a5a94cdcf@group-8C851D1FC8DC: change Leader from null to 3d086523-cd48-4d28-8031-a97a5a94cdcf at term 1 for becomeLeader, leader elected after 5115ms
2019-10-03 02:06:29,055 [3d086523-cd48-4d28-8031-a97a5a94cdcf@group-8C851D1FC8DC-LeaderElection42] INFO  server.RaftServerConfigKeys (ConfUtils.java:logGet(43)) - raft.server.staging.catchup.gap = 1000 (default)
2019-10-03 02:06:29,055 [3d086523-cd48-4d28-8031-a97a5a94cdcf@group-8C851D1FC8DC-LeaderElection42] INFO  server.RaftServerConfigKeys (ConfUtils.java:logGet(43)) - raft.server.rpc.sleep.time = 25ms (default)
2019-10-03 02:06:29,055 [3d086523-cd48-4d28-8031-a97a5a94cdcf@group-8C851D1FC8DC-LeaderElection42] INFO  server.RaftServerConfigKeys (ConfUtils.java:logGet(43)) - raft.server.write.element-limit = 4096 (default)
2019-10-03 02:06:29,055 [3d086523-cd48-4d28-8031-a97a5a94cdcf@group-8C851D1FC8DC-LeaderElection42] INFO  server.RaftServerConfigKeys (ConfUtils.java:logGet(43)) - raft.server.watch.timeout = 10s (default)
2019-10-03 02:06:29,062 [3d086523-cd48-4d28-8031-a97a5a94cdcf@group-8C851D1FC8DC-LeaderElection42] INFO  server.RaftServerConfigKeys (ConfUtils.java:logGet(43)) - raft.server.watch.timeout.denomination = 1s (default)
2019-10-03 02:06:29,062 [3d086523-cd48-4d28-8031-a97a5a94cdcf@group-8C851D1FC8DC-LeaderElection42] INFO  server.RaftServerConfigKeys (ConfUtils.java:logGet(43)) - raft.server.watch.element-limit = 65536 (default)
2019-10-03 02:06:29,064 [3d086523-cd48-4d28-8031-a97a5a94cdcf@group-8C851D1FC8DC-LeaderElection42] INFO  server.RaftServerConfigKeys (ConfUtils.java:logGet(43)) - raft.server.log.appender.snapshot.chunk.size.max = 16MB (=16777216) (default)
2019-10-03 02:06:29,065 [3d086523-cd48-4d28-8031-a97a5a94cdcf@group-8C851D1FC8DC-LeaderElection42] INFO  server.RaftServerConfigKeys (ConfUtils.java:logGet(43)) - raft.server.log.appender.buffer.byte-limit = 33554432 (custom)
2019-10-03 02:06:29,065 [3d086523-cd48-4d28-8031-a97a5a94cdcf@group-8C851D1FC8DC-LeaderElection42] INFO  server.RaftServerConfigKeys (ConfUtils.java:logGet(43)) - raft.server.log.appender.buffer.element-limit = 1 (custom)
2019-10-03 02:06:29,065 [3d086523-cd48-4d28-8031-a97a5a94cdcf@group-8C851D1FC8DC-LeaderElection42] INFO  grpc.GrpcConfigKeys$Server (ConfUtils.java:logGet(43)) - raft.grpc.server.leader.outstanding.appends.max = 128 (default)
2019-10-03 02:06:29,065 [3d086523-cd48-4d28-8031-a97a5a94cdcf@group-8C851D1FC8DC-LeaderElection42] INFO  server.RaftServerConfigKeys (ConfUtils.java:logGet(43)) - raft.server.rpc.request.timeout = 3000ms (default)
2019-10-03 02:06:29,065 [3d086523-cd48-4d28-8031-a97a5a94cdcf@group-8C851D1FC8DC-LeaderElection42] INFO  server.RaftServerConfigKeys (ConfUtils.java:logGet(43)) - raft.server.log.appender.install.snapshot.enabled = false (custom)
2019-10-03 02:06:29,066 [3d086523-cd48-4d28-8031-a97a5a94cdcf@group-8C851D1FC8DC-LeaderElection42] INFO  server.RaftServerConfigKeys (ConfUtils.java:logGet(43)) - raft.server.log.appender.snapshot.chunk.size.max = 16MB (=16777216) (default)
2019-10-03 02:06:29,066 [3d086523-cd48-4d28-8031-a97a5a94cdcf@group-8C851D1FC8DC-LeaderElection42] INFO  server.RaftServerConfigKeys (ConfUtils.java:logGet(43)) - raft.server.log.appender.buffer.byte-limit = 33554432 (custom)
2019-10-03 02:06:29,066 [3d086523-cd48-4d28-8031-a97a5a94cdcf@group-8C851D1FC8DC-LeaderElection42] INFO  server.RaftServerConfigKeys (ConfUtils.java:logGet(43)) - raft.server.log.appender.buffer.element-limit = 1 (custom)
2019-10-03 02:06:29,066 [3d086523-cd48-4d28-8031-a97a5a94cdcf@group-8C851D1FC8DC-LeaderElection42] INFO  grpc.GrpcConfigKeys$Server (ConfUtils.java:logGet(43)) - raft.grpc.server.leader.outstanding.appends.max = 128 (default)
2019-10-03 02:06:29,066 [3d086523-cd48-4d28-8031-a97a5a94cdcf@group-8C851D1FC8DC-LeaderElection42] INFO  server.RaftServerConfigKeys (ConfUtils.java:logGet(43)) - raft.server.rpc.request.timeout = 3000ms (default)
2019-10-03 02:06:29,067 [3d086523-cd48-4d28-8031-a97a5a94cdcf@group-8C851D1FC8DC-LeaderElection42] INFO  server.RaftServerConfigKeys (ConfUtils.java:logGet(43)) - raft.server.log.appender.install.snapshot.enabled = false (custom)
2019-10-03 02:06:29,067 [3d086523-cd48-4d28-8031-a97a5a94cdcf@group-8C851D1FC8DC-LeaderElection42] INFO  impl.RoleInfo (RoleInfo.java:updateAndGet(143)) - 3d086523-cd48-4d28-8031-a97a5a94cdcf: start LeaderState
2019-10-03 02:06:29,067 [3d086523-cd48-4d28-8031-a97a5a94cdcf@group-8C851D1FC8DC-LeaderElection42] INFO  segmented.SegmentedRaftLogWorker (SegmentedRaftLogWorker.java:startLogSegment(385)) - 3d086523-cd48-4d28-8031-a97a5a94cdcf@group-8C851D1FC8DC-SegmentedRaftLogWorker: Starting segment from index:0
2019-10-03 02:06:29,098 [3d086523-cd48-4d28-8031-a97a5a94cdcf@group-8C851D1FC8DC-LeaderElection42] INFO  impl.RaftServerImpl (ServerState.java:setRaftConf(356)) - 3d086523-cd48-4d28-8031-a97a5a94cdcf@group-8C851D1FC8DC: set configuration 0: [3d086523-cd48-4d28-8031-a97a5a94cdcf:192.168.164.205:36633, c5677bfc-0d64-4b44-8060-5da5f0c5bf74:192.168.164.205:42657, 80d3f925-c601-49a7-b4ad-3fdae4158f67:192.168.164.205:37988], old=null at 0
2019-10-03 02:06:29,102 [grpc-default-executor-0] INFO  impl.RaftServerImpl (ServerState.java:setLeader(255)) - c5677bfc-0d64-4b44-8060-5da5f0c5bf74@group-8C851D1FC8DC: change Leader from null to 3d086523-cd48-4d28-8031-a97a5a94cdcf at term 1 for appendEntries, leader elected after 5162ms
2019-10-03 02:06:29,102 [grpc-default-executor-1] INFO  impl.RaftServerImpl (ServerState.java:setLeader(255)) - 80d3f925-c601-49a7-b4ad-3fdae4158f67@group-8C851D1FC8DC: change Leader from null to 3d086523-cd48-4d28-8031-a97a5a94cdcf at term 1 for appendEntries, leader elected after 5162ms
2019-10-03 02:06:29,108 [3d086523-cd48-4d28-8031-a97a5a94cdcf@group-8C851D1FC8DC-SegmentedRaftLogWorker] INFO  segmented.SegmentedRaftLogWorker (SegmentedRaftLogWorker.java:execute(574)) - 3d086523-cd48-4d28-8031-a97a5a94cdcf@group-8C851D1FC8DC-SegmentedRaftLogWorker: created new log segment /workdir/hadoop-ozone/ozonefs/target/test-dir/MiniOzoneClusterImpl-7e7da04f-e8c4-44b7-8b50-520177f95937/datanode-0/data/ratis/accf39a4-199b-4acf-9c0d-8c851d1fc8dc/current/log_inprogress_0
2019-10-03 02:06:29,115 [grpc-default-executor-1] INFO  impl.RaftServerImpl (ServerState.java:setRaftConf(356)) - c5677bfc-0d64-4b44-8060-5da5f0c5bf74@group-8C851D1FC8DC: set configuration 0: [3d086523-cd48-4d28-8031-a97a5a94cdcf:192.168.164.205:36633, c5677bfc-0d64-4b44-8060-5da5f0c5bf74:192.168.164.205:42657, 80d3f925-c601-49a7-b4ad-3fdae4158f67:192.168.164.205:37988], old=null at 0
2019-10-03 02:06:29,119 [grpc-default-executor-1] INFO  segmented.SegmentedRaftLogWorker (SegmentedRaftLogWorker.java:startLogSegment(385)) - c5677bfc-0d64-4b44-8060-5da5f0c5bf74@group-8C851D1FC8DC-SegmentedRaftLogWorker: Starting segment from index:0
2019-10-03 02:06:29,119 [grpc-default-executor-0] INFO  impl.RaftServerImpl (ServerState.java:setRaftConf(356)) - 80d3f925-c601-49a7-b4ad-3fdae4158f67@group-8C851D1FC8DC: set configuration 0: [3d086523-cd48-4d28-8031-a97a5a94cdcf:192.168.164.205:36633, c5677bfc-0d64-4b44-8060-5da5f0c5bf74:192.168.164.205:42657, 80d3f925-c601-49a7-b4ad-3fdae4158f67:192.168.164.205:37988], old=null at 0
2019-10-03 02:06:29,119 [grpc-default-executor-0] INFO  segmented.SegmentedRaftLogWorker (SegmentedRaftLogWorker.java:startLogSegment(385)) - 80d3f925-c601-49a7-b4ad-3fdae4158f67@group-8C851D1FC8DC-SegmentedRaftLogWorker: Starting segment from index:0
2019-10-03 02:06:29,162 [80d3f925-c601-49a7-b4ad-3fdae4158f67@group-8C851D1FC8DC-SegmentedRaftLogWorker] INFO  segmented.SegmentedRaftLogWorker (SegmentedRaftLogWorker.java:execute(574)) - 80d3f925-c601-49a7-b4ad-3fdae4158f67@group-8C851D1FC8DC-SegmentedRaftLogWorker: created new log segment /workdir/hadoop-ozone/ozonefs/target/test-dir/MiniOzoneClusterImpl-7e7da04f-e8c4-44b7-8b50-520177f95937/datanode-1/data/ratis/accf39a4-199b-4acf-9c0d-8c851d1fc8dc/current/log_inprogress_0
2019-10-03 02:06:29,162 [c5677bfc-0d64-4b44-8060-5da5f0c5bf74@group-8C851D1FC8DC-SegmentedRaftLogWorker] INFO  segmented.SegmentedRaftLogWorker (SegmentedRaftLogWorker.java:execute(574)) - c5677bfc-0d64-4b44-8060-5da5f0c5bf74@group-8C851D1FC8DC-SegmentedRaftLogWorker: created new log segment /workdir/hadoop-ozone/ozonefs/target/test-dir/MiniOzoneClusterImpl-7e7da04f-e8c4-44b7-8b50-520177f95937/datanode-2/data/ratis/accf39a4-199b-4acf-9c0d-8c851d1fc8dc/current/log_inprogress_0
2019-10-03 02:06:29,929 [main] INFO  ozoneimpl.OzoneContainer (OzoneContainer.java:stop(231)) - Attempting to stop container services.
2019-10-03 02:06:29,929 [ForkJoinPool.commonPool-worker-1] INFO  ozoneimpl.OzoneContainer (OzoneContainer.java:stop(231)) - Attempting to stop container services.
2019-10-03 02:06:29,930 [main] INFO  impl.RaftServerProxy (RaftServerProxy.java:lambda$close$4(314)) - 80d3f925-c601-49a7-b4ad-3fdae4158f67: close
2019-10-03 02:06:29,930 [ForkJoinPool.commonPool-worker-1] INFO  impl.RaftServerProxy (RaftServerProxy.java:lambda$close$4(314)) - 3d086523-cd48-4d28-8031-a97a5a94cdcf: close
2019-10-03 02:06:29,931 [main] INFO  impl.RaftServerImpl (RaftServerImpl.java:lambda$shutdown$3(247)) - 80d3f925-c601-49a7-b4ad-3fdae4158f67@group-A8CC7F9D37C6: shutdown
2019-10-03 02:06:29,931 [ForkJoinPool.commonPool-worker-1] INFO  impl.RaftServerImpl (RaftServerImpl.java:lambda$shutdown$3(247)) - 3d086523-cd48-4d28-8031-a97a5a94cdcf@group-8C851D1FC8DC: shutdown
2019-10-03 02:06:29,931 [main] INFO  util.JmxRegister (JmxRegister.java:unregister(73)) - Successfully un-registered JMX Bean with object name Ratis:service=RaftServer,group=group-A8CC7F9D37C6,id=80d3f925-c601-49a7-b4ad-3fdae4158f67
2019-10-03 02:06:29,932 [ForkJoinPool.commonPool-worker-1] INFO  util.JmxRegister (JmxRegister.java:unregister(73)) - Successfully un-registered JMX Bean with object name Ratis:service=RaftServer,group=group-8C851D1FC8DC,id=3d086523-cd48-4d28-8031-a97a5a94cdcf
2019-10-03 02:06:29,932 [ForkJoinPool.commonPool-worker-1] INFO  impl.RoleInfo (RoleInfo.java:shutdownLeaderState(104)) - 3d086523-cd48-4d28-8031-a97a5a94cdcf: shutdown LeaderState
2019-10-03 02:06:29,932 [main] INFO  impl.RoleInfo (RoleInfo.java:shutdownLeaderState(104)) - 80d3f925-c601-49a7-b4ad-3fdae4158f67: shutdown LeaderState
2019-10-03 02:06:29,938 [org.apache.ratis.server.impl.LogAppender$AppenderDaemon$$Lambda$487/1189289206@215c3db8] WARN  server.GrpcLogAppender (GrpcLogAppender.java:mayWait(143)) - 3d086523-cd48-4d28-8031-a97a5a94cdcf@group-8C851D1FC8DC->c5677bfc-0d64-4b44-8060-5da5f0c5bf74-GrpcLogAppender: Wait interrupted by java.lang.InterruptedException
2019-10-03 02:06:29,938 [main] INFO  impl.PendingRequests (PendingRequests.java:sendNotLeaderResponses(202)) - 80d3f925-c601-49a7-b4ad-3fdae4158f67@group-A8CC7F9D37C6-PendingRequests: sendNotLeaderResponses
2019-10-03 02:06:29,938 [ForkJoinPool.commonPool-worker-1] INFO  impl.PendingRequests (PendingRequests.java:sendNotLeaderResponses(202)) - 3d086523-cd48-4d28-8031-a97a5a94cdcf@group-8C851D1FC8DC-PendingRequests: sendNotLeaderResponses
2019-10-03 02:06:29,938 [org.apache.ratis.server.impl.LogAppender$AppenderDaemon$$Lambda$487/1189289206@7983d258] WARN  server.GrpcLogAppender (GrpcLogAppender.java:mayWait(143)) - 3d086523-cd48-4d28-8031-a97a5a94cdcf@group-8C851D1FC8DC->80d3f925-c601-49a7-b4ad-3fdae4158f67-GrpcLogAppender: Wait interrupted by java.lang.InterruptedException
2019-10-03 02:06:29,939 [main] INFO  impl.StateMachineUpdater (StateMachineUpdater.java:stopAndJoin(136)) - 80d3f925-c601-49a7-b4ad-3fdae4158f67@group-A8CC7F9D37C6-StateMachineUpdater: set stopIndex = 0
2019-10-03 02:06:29,939 [grpc-default-executor-0] INFO  server.GrpcServerProtocolService (GrpcServerProtocolService.java:onCompleted(113)) - c5677bfc-0d64-4b44-8060-5da5f0c5bf74: Completed APPEND_ENTRIES, lastRequest: 3d086523-cd48-4d28-8031-a97a5a94cdcf->c5677bfc-0d64-4b44-8060-5da5f0c5bf74#1-t1, previous=(t:0, i:0), leaderCommit=-1, initializing? false, entries: size=1, first=(t:1, i:0), CONFIGURATIONENTRY
2019-10-03 02:06:29,939 [ForkJoinPool.commonPool-worker-1] INFO  impl.StateMachineUpdater (StateMachineUpdater.java:stopAndJoin(136)) - 3d086523-cd48-4d28-8031-a97a5a94cdcf@group-8C851D1FC8DC-StateMachineUpdater: set stopIndex = 0
2019-10-03 02:06:29,940 [grpc-default-executor-1] INFO  server.GrpcServerProtocolService (GrpcServerProtocolService.java:onCompleted(113)) - 80d3f925-c601-49a7-b4ad-3fdae4158f67: Completed APPEND_ENTRIES, lastRequest: 3d086523-cd48-4d28-8031-a97a5a94cdcf->80d3f925-c601-49a7-b4ad-3fdae4158f67#1-t1, previous=(t:0, i:0), leaderCommit=-1, initializing? false, entries: size=1, first=(t:1, i:0), CONFIGURATIONENTRY
2019-10-03 02:06:29,940 [main] INFO  impl.RaftServerImpl (ServerState.java:close(387)) - 80d3f925-c601-49a7-b4ad-3fdae4158f67@group-A8CC7F9D37C6: closes. applyIndex: 0
2019-10-03 02:06:29,941 [grpc-default-executor-1] INFO  server.GrpcLogAppender (GrpcLogAppender.java:onCompleted(293)) - 3d086523-cd48-4d28-8031-a97a5a94cdcf@group-8C851D1FC8DC->c5677bfc-0d64-4b44-8060-5da5f0c5bf74-AppendLogResponseHandler: follower responses appendEntries COMPLETED
2019-10-03 02:06:29,940 [ForkJoinPool.commonPool-worker-1] INFO  impl.RaftServerImpl (ServerState.java:close(387)) - 3d086523-cd48-4d28-8031-a97a5a94cdcf@group-8C851D1FC8DC: closes. applyIndex: 0
2019-10-03 02:06:29,941 [80d3f925-c601-49a7-b4ad-3fdae4158f67@group-A8CC7F9D37C6-SegmentedRaftLogWorker] INFO  segmented.SegmentedRaftLogWorker (SegmentedRaftLogWorker.java:run(316)) - 80d3f925-c601-49a7-b4ad-3fdae4158f67@group-A8CC7F9D37C6-SegmentedRaftLogWorker was interrupted, exiting. There are 0 tasks remaining in the queue.
2019-10-03 02:06:29,941 [grpc-default-executor-0] INFO  server.GrpcLogAppender (GrpcLogAppender.java:onCompleted(293)) - 3d086523-cd48-4d28-8031-a97a5a94cdcf@group-8C851D1FC8DC->80d3f925-c601-49a7-b4ad-3fdae4158f67-AppendLogResponseHandler: follower responses appendEntries COMPLETED
2019-10-03 02:06:29,949 [main] INFO  segmented.SegmentedRaftLogWorker (SegmentedRaftLogWorker.java:close(224)) - 80d3f925-c601-49a7-b4ad-3fdae4158f67@group-A8CC7F9D37C6-SegmentedRaftLogWorker close()
2019-10-03 02:06:29,944 [3d086523-cd48-4d28-8031-a97a5a94cdcf@group-8C851D1FC8DC-SegmentedRaftLogWorker] INFO  segmented.SegmentedRaftLogWorker (SegmentedRaftLogWorker.java:run(316)) - 3d086523-cd48-4d28-8031-a97a5a94cdcf@group-8C851D1FC8DC-SegmentedRaftLogWorker was interrupted, exiting. There are 0 tasks remaining in the queue.
2019-10-03 02:06:29,955 [main] INFO  impl.RaftServerImpl (RaftServerImpl.java:lambda$shutdown$3(247)) - 80d3f925-c601-49a7-b4ad-3fdae4158f67@group-8C851D1FC8DC: shutdown
2019-10-03 02:06:29,958 [main] INFO  util.JmxRegister (JmxRegister.java:unregister(73)) - Successfully un-registered JMX Bean with object name Ratis:service=RaftServer,group=group-8C851D1FC8DC,id=80d3f925-c601-49a7-b4ad-3fdae4158f67
2019-10-03 02:06:29,958 [main] INFO  impl.RoleInfo (RoleInfo.java:shutdownFollowerState(121)) - 80d3f925-c601-49a7-b4ad-3fdae4158f67: shutdown FollowerState
2019-10-03 02:06:29,949 [grpc-default-executor-1] INFO  impl.FollowerInfo (FollowerInfo.java:lambda$new$0(51)) - 3d086523-cd48-4d28-8031-a97a5a94cdcf@group-8C851D1FC8DC->c5677bfc-0d64-4b44-8060-5da5f0c5bf74: nextIndex: updateUnconditionally 1 -> 0
2019-10-03 02:06:29,959 [Thread-1957] INFO  impl.FollowerState (FollowerState.java:run(117)) - 80d3f925-c601-49a7-b4ad-3fdae4158f67@group-8C851D1FC8DC-FollowerState was interrupted: java.lang.InterruptedException: sleep interrupted
2019-10-03 02:06:29,959 [main] INFO  impl.StateMachineUpdater (StateMachineUpdater.java:stopAndJoin(136)) - 80d3f925-c601-49a7-b4ad-3fdae4158f67@group-8C851D1FC8DC-StateMachineUpdater: set stopIndex = -1
2019-10-03 02:06:29,961 [main] INFO  impl.RaftServerImpl (ServerState.java:close(387)) - 80d3f925-c601-49a7-b4ad-3fdae4158f67@group-8C851D1FC8DC: closes. applyIndex: -1
2019-10-03 02:06:29,957 [grpc-default-executor-0] INFO  impl.FollowerInfo (FollowerInfo.java:lambda$new$0(51)) - 3d086523-cd48-4d28-8031-a97a5a94cdcf@group-8C851D1FC8DC->80d3f925-c601-49a7-b4ad-3fdae4158f67: nextIndex: updateUnconditionally 1 -> 0
2019-10-03 02:06:29,957 [ForkJoinPool.commonPool-worker-1] INFO  segmented.SegmentedRaftLogWorker (SegmentedRaftLogWorker.java:close(224)) - 3d086523-cd48-4d28-8031-a97a5a94cdcf@group-8C851D1FC8DC-SegmentedRaftLogWorker close()
2019-10-03 02:06:29,962 [80d3f925-c601-49a7-b4ad-3fdae4158f67@group-8C851D1FC8DC-SegmentedRaftLogWorker] INFO  segmented.SegmentedRaftLogWorker (SegmentedRaftLogWorker.java:run(316)) - 80d3f925-c601-49a7-b4ad-3fdae4158f67@group-8C851D1FC8DC-SegmentedRaftLogWorker was interrupted, exiting. There are 0 tasks remaining in the queue.
2019-10-03 02:06:29,973 [ForkJoinPool.commonPool-worker-1] INFO  impl.RaftServerImpl (RaftServerImpl.java:lambda$shutdown$3(247)) - 3d086523-cd48-4d28-8031-a97a5a94cdcf@group-FF420A801499: shutdown
2019-10-03 02:06:29,979 [ForkJoinPool.commonPool-worker-1] INFO  util.JmxRegister (JmxRegister.java:unregister(73)) - Successfully un-registered JMX Bean with object name Ratis:service=RaftServer,group=group-FF420A801499,id=3d086523-cd48-4d28-8031-a97a5a94cdcf
2019-10-03 02:06:29,979 [main] INFO  segmented.SegmentedRaftLogWorker (SegmentedRaftLogWorker.java:close(224)) - 80d3f925-c601-49a7-b4ad-3fdae4158f67@group-8C851D1FC8DC-SegmentedRaftLogWorker close()
2019-10-03 02:06:29,980 [ForkJoinPool.commonPool-worker-1] INFO  impl.RoleInfo (RoleInfo.java:shutdownLeaderState(104)) - 3d086523-cd48-4d28-8031-a97a5a94cdcf: shutdown LeaderState
2019-10-03 02:06:29,983 [main] INFO  server.GrpcService (GrpcService.java:closeImpl(164)) - 80d3f925-c601-49a7-b4ad-3fdae4158f67: shutdown server with port 37988 now
2019-10-03 02:06:29,983 [ForkJoinPool.commonPool-worker-1] INFO  impl.PendingRequests (PendingRequests.java:sendNotLeaderResponses(202)) - 3d086523-cd48-4d28-8031-a97a5a94cdcf@group-FF420A801499-PendingRequests: sendNotLeaderResponses
2019-10-03 02:06:29,984 [main] INFO  server.GrpcService (GrpcService.java:closeImpl(172)) - 80d3f925-c601-49a7-b4ad-3fdae4158f67: shutdown server with port 37988 successfully
2019-10-03 02:06:29,984 [ForkJoinPool.commonPool-worker-1] INFO  impl.StateMachineUpdater (StateMachineUpdater.java:stopAndJoin(136)) - 3d086523-cd48-4d28-8031-a97a5a94cdcf@group-FF420A801499-StateMachineUpdater: set stopIndex = 0
2019-10-03 02:06:29,985 [ForkJoinPool.commonPool-worker-1] INFO  impl.RaftServerImpl (ServerState.java:close(387)) - 3d086523-cd48-4d28-8031-a97a5a94cdcf@group-FF420A801499: closes. applyIndex: 0
2019-10-03 02:06:29,985 [3d086523-cd48-4d28-8031-a97a5a94cdcf@group-FF420A801499-SegmentedRaftLogWorker] INFO  segmented.SegmentedRaftLogWorker (SegmentedRaftLogWorker.java:run(316)) - 3d086523-cd48-4d28-8031-a97a5a94cdcf@group-FF420A801499-SegmentedRaftLogWorker was interrupted, exiting. There are 0 tasks remaining in the queue.
2019-10-03 02:06:29,988 [ForkJoinPool.commonPool-worker-1] INFO  segmented.SegmentedRaftLogWorker (SegmentedRaftLogWorker.java:close(224)) - 3d086523-cd48-4d28-8031-a97a5a94cdcf@group-FF420A801499-SegmentedRaftLogWorker close()
2019-10-03 02:06:29,991 [ForkJoinPool.commonPool-worker-1] INFO  server.GrpcService (GrpcService.java:closeImpl(164)) - 3d086523-cd48-4d28-8031-a97a5a94cdcf: shutdown server with port 36633 now
2019-10-03 02:06:29,993 [ForkJoinPool.commonPool-worker-1] INFO  server.GrpcService (GrpcService.java:closeImpl(172)) - 3d086523-cd48-4d28-8031-a97a5a94cdcf: shutdown server with port 36633 successfully
2019-10-03 02:06:29,994 [refreshUsed-/workdir/hadoop-ozone/ozonefs/target/test-dir/MiniOzoneClusterImpl-7e7da04f-e8c4-44b7-8b50-520177f95937/datanode-1/data/containers] WARN  fs.CachingGetSpaceUsed (CachingGetSpaceUsed.java:run(183)) - Thread Interrupted waiting to refresh disk information: sleep interrupted
2019-10-03 02:06:30,000 [refreshUsed-/workdir/hadoop-ozone/ozonefs/target/test-dir/MiniOzoneClusterImpl-7e7da04f-e8c4-44b7-8b50-520177f95937/datanode-0/data/containers] WARN  fs.CachingGetSpaceUsed (CachingGetSpaceUsed.java:run(183)) - Thread Interrupted waiting to refresh disk information: sleep interrupted
2019-10-03 02:06:30,019 [ForkJoinPool.commonPool-worker-1] INFO  utils.BackgroundService (BackgroundService.java:shutdown(148)) - Shutting down service BlockDeletingService
2019-10-03 02:06:30,024 [ForkJoinPool.commonPool-worker-1] INFO  statemachine.DatanodeStateMachine (DatanodeStateMachine.java:stopDaemon(395)) - Ozone container server stopped.
2019-10-03 02:06:30,027 [main] INFO  utils.BackgroundService (BackgroundService.java:shutdown(148)) - Shutting down service BlockDeletingService
2019-10-03 02:06:30,030 [main] INFO  statemachine.DatanodeStateMachine (DatanodeStateMachine.java:stopDaemon(395)) - Ozone container server stopped.
2019-10-03 02:06:30,032 [ForkJoinPool.commonPool-worker-1] INFO  handler.ContextHandler (ContextHandler.java:doStop(910)) - Stopped o.e.j.w.WebAppContext@9205c0a{/,null,UNAVAILABLE}{/hddsDatanode}
2019-10-03 02:06:30,033 [ForkJoinPool.commonPool-worker-1] INFO  server.AbstractConnector (AbstractConnector.java:doStop(318)) - Stopped ServerConnector@bfe47a8{HTTP/1.1,[http/1.1]}{0.0.0.0:0}
2019-10-03 02:06:30,033 [main] INFO  handler.ContextHandler (ContextHandler.java:doStop(910)) - Stopped o.e.j.w.WebAppContext@e881e46{/,null,UNAVAILABLE}{/hddsDatanode}
2019-10-03 02:06:30,034 [ForkJoinPool.commonPool-worker-1] INFO  handler.ContextHandler (ContextHandler.java:doStop(910)) - Stopped o.e.j.s.ServletContextHandler@7dd45c93{/static,jar:file:/home/user/.m2/repository/org/apache/hadoop/hadoop-hdds-container-service/0.5.0-SNAPSHOT/hadoop-hdds-container-service-0.5.0-SNAPSHOT.jar!/webapps/static,UNAVAILABLE}
2019-10-03 02:06:30,036 [ForkJoinPool.commonPool-worker-1] INFO  handler.ContextHandler (ContextHandler.java:doStop(910)) - Stopped o.e.j.s.ServletContextHandler@542c65d9{/logs,file:///workdir/hadoop-ozone/ozonefs/target/log,UNAVAILABLE}
2019-10-03 02:06:30,036 [main] INFO  server.AbstractConnector (AbstractConnector.java:doStop(318)) - Stopped ServerConnector@657b3b{HTTP/1.1,[http/1.1]}{0.0.0.0:0}
2019-10-03 02:06:30,036 [main] INFO  handler.ContextHandler (ContextHandler.java:doStop(910)) - Stopped o.e.j.s.ServletContextHandler@4b98225c{/static,jar:file:/home/user/.m2/repository/org/apache/hadoop/hadoop-hdds-container-service/0.5.0-SNAPSHOT/hadoop-hdds-container-service-0.5.0-SNAPSHOT.jar!/webapps/static,UNAVAILABLE}
2019-10-03 02:06:30,037 [main] INFO  handler.ContextHandler (ContextHandler.java:doStop(910)) - Stopped o.e.j.s.ServletContextHandler@7d61468c{/logs,file:///workdir/hadoop-ozone/ozonefs/target/log,UNAVAILABLE}
2019-10-03 02:06:30,808 [Datanode State Machine Thread - 0] INFO  statemachine.DatanodeStateMachine (DatanodeStateMachine.java:lambda$startDaemon$0(350)) - Ozone container server started.
2019-10-03 02:06:35,037 [ForkJoinPool.commonPool-worker-1] INFO  ozoneimpl.OzoneContainer (OzoneContainer.java:stop(231)) - Attempting to stop container services.
2019-10-03 02:06:35,037 [ForkJoinPool.commonPool-worker-1] INFO  impl.RaftServerProxy (RaftServerProxy.java:lambda$close$4(314)) - c5677bfc-0d64-4b44-8060-5da5f0c5bf74: close
2019-10-03 02:06:35,038 [ForkJoinPool.commonPool-worker-1] INFO  impl.RaftServerImpl (RaftServerImpl.java:lambda$shutdown$3(247)) - c5677bfc-0d64-4b44-8060-5da5f0c5bf74@group-6FA7E7CEE463: shutdown
2019-10-03 02:06:35,038 [ForkJoinPool.commonPool-worker-1] INFO  util.JmxRegister (JmxRegister.java:unregister(73)) - Successfully un-registered JMX Bean with object name Ratis:service=RaftServer,group=group-6FA7E7CEE463,id=c5677bfc-0d64-4b44-8060-5da5f0c5bf74
2019-10-03 02:06:35,038 [ForkJoinPool.commonPool-worker-1] INFO  impl.RoleInfo (RoleInfo.java:shutdownLeaderState(104)) - c5677bfc-0d64-4b44-8060-5da5f0c5bf74: shutdown LeaderState
2019-10-03 02:06:35,039 [ForkJoinPool.commonPool-worker-1] INFO  impl.PendingRequests (PendingRequests.java:sendNotLeaderResponses(202)) - c5677bfc-0d64-4b44-8060-5da5f0c5bf74@group-6FA7E7CEE463-PendingRequests: sendNotLeaderResponses
2019-10-03 02:06:35,039 [ForkJoinPool.commonPool-worker-1] INFO  impl.StateMachineUpdater (StateMachineUpdater.java:stopAndJoin(136)) - c5677bfc-0d64-4b44-8060-5da5f0c5bf74@group-6FA7E7CEE463-StateMachineUpdater: set stopIndex = 0
2019-10-03 02:06:35,040 [ForkJoinPool.commonPool-worker-1] INFO  impl.RaftServerImpl (ServerState.java:close(387)) - c5677bfc-0d64-4b44-8060-5da5f0c5bf74@group-6FA7E7CEE463: closes. applyIndex: 0
2019-10-03 02:06:35,040 [c5677bfc-0d64-4b44-8060-5da5f0c5bf74@group-6FA7E7CEE463-SegmentedRaftLogWorker] INFO  segmented.SegmentedRaftLogWorker (SegmentedRaftLogWorker.java:run(316)) - c5677bfc-0d64-4b44-8060-5da5f0c5bf74@group-6FA7E7CEE463-SegmentedRaftLogWorker was interrupted, exiting. There are 0 tasks remaining in the queue.
2019-10-03 02:06:35,043 [ForkJoinPool.commonPool-worker-1] INFO  segmented.SegmentedRaftLogWorker (SegmentedRaftLogWorker.java:close(224)) - c5677bfc-0d64-4b44-8060-5da5f0c5bf74@group-6FA7E7CEE463-SegmentedRaftLogWorker close()
2019-10-03 02:06:35,045 [ForkJoinPool.commonPool-worker-1] INFO  impl.RaftServerImpl (RaftServerImpl.java:lambda$shutdown$3(247)) - c5677bfc-0d64-4b44-8060-5da5f0c5bf74@group-8C851D1FC8DC: shutdown
2019-10-03 02:06:35,046 [ForkJoinPool.commonPool-worker-1] INFO  util.JmxRegister (JmxRegister.java:unregister(73)) - Successfully un-registered JMX Bean with object name Ratis:service=RaftServer,group=group-8C851D1FC8DC,id=c5677bfc-0d64-4b44-8060-5da5f0c5bf74
2019-10-03 02:06:35,046 [ForkJoinPool.commonPool-worker-1] INFO  impl.RoleInfo (RoleInfo.java:shutdownFollowerState(121)) - c5677bfc-0d64-4b44-8060-5da5f0c5bf74: shutdown FollowerState
2019-10-03 02:06:35,046 [ForkJoinPool.commonPool-worker-1] INFO  impl.StateMachineUpdater (StateMachineUpdater.java:stopAndJoin(136)) - c5677bfc-0d64-4b44-8060-5da5f0c5bf74@group-8C851D1FC8DC-StateMachineUpdater: set stopIndex = -1
2019-10-03 02:06:35,046 [Thread-1958] INFO  impl.FollowerState (FollowerState.java:run(117)) - c5677bfc-0d64-4b44-8060-5da5f0c5bf74@group-8C851D1FC8DC-FollowerState was interrupted: java.lang.InterruptedException: sleep interrupted
2019-10-03 02:06:35,046 [ForkJoinPool.commonPool-worker-1] INFO  impl.RaftServerImpl (ServerState.java:close(387)) - c5677bfc-0d64-4b44-8060-5da5f0c5bf74@group-8C851D1FC8DC: closes. applyIndex: -1
2019-10-03 02:06:35,049 [c5677bfc-0d64-4b44-8060-5da5f0c5bf74@group-8C851D1FC8DC-SegmentedRaftLogWorker] INFO  segmented.SegmentedRaftLogWorker (SegmentedRaftLogWorker.java:run(316)) - c5677bfc-0d64-4b44-8060-5da5f0c5bf74@group-8C851D1FC8DC-SegmentedRaftLogWorker was interrupted, exiting. There are 0 tasks remaining in the queue.
2019-10-03 02:06:35,050 [ForkJoinPool.commonPool-worker-1] INFO  segmented.SegmentedRaftLogWorker (SegmentedRaftLogWorker.java:close(224)) - c5677bfc-0d64-4b44-8060-5da5f0c5bf74@group-8C851D1FC8DC-SegmentedRaftLogWorker close()
2019-10-03 02:06:35,052 [ForkJoinPool.commonPool-worker-1] INFO  server.GrpcService (GrpcService.java:closeImpl(164)) - c5677bfc-0d64-4b44-8060-5da5f0c5bf74: shutdown server with port 42657 now
2019-10-03 02:06:35,052 [ForkJoinPool.commonPool-worker-1] INFO  server.GrpcService (GrpcService.java:closeImpl(172)) - c5677bfc-0d64-4b44-8060-5da5f0c5bf74: shutdown server with port 42657 successfully
2019-10-03 02:06:35,059 [refreshUsed-/workdir/hadoop-ozone/ozonefs/target/test-dir/MiniOzoneClusterImpl-7e7da04f-e8c4-44b7-8b50-520177f95937/datanode-2/data/containers] WARN  fs.CachingGetSpaceUsed (CachingGetSpaceUsed.java:run(183)) - Thread Interrupted waiting to refresh disk information: sleep interrupted
2019-10-03 02:06:35,082 [ForkJoinPool.commonPool-worker-1] INFO  utils.BackgroundService (BackgroundService.java:shutdown(148)) - Shutting down service BlockDeletingService
2019-10-03 02:06:35,087 [ForkJoinPool.commonPool-worker-1] INFO  statemachine.DatanodeStateMachine (DatanodeStateMachine.java:stopDaemon(395)) - Ozone container server stopped.
2019-10-03 02:06:35,091 [ForkJoinPool.commonPool-worker-1] INFO  handler.ContextHandler (ContextHandler.java:doStop(910)) - Stopped o.e.j.w.WebAppContext@7ea3839e{/,null,UNAVAILABLE}{/hddsDatanode}
2019-10-03 02:06:35,092 [ForkJoinPool.commonPool-worker-1] INFO  server.AbstractConnector (AbstractConnector.java:doStop(318)) - Stopped ServerConnector@16b76858{HTTP/1.1,[http/1.1]}{0.0.0.0:0}
2019-10-03 02:06:35,096 [ForkJoinPool.commonPool-worker-1] INFO  handler.ContextHandler (ContextHandler.java:doStop(910)) - Stopped o.e.j.s.ServletContextHandler@c11332b{/static,jar:file:/home/user/.m2/repository/org/apache/hadoop/hadoop-hdds-container-service/0.5.0-SNAPSHOT/hadoop-hdds-container-service-0.5.0-SNAPSHOT.jar!/webapps/static,UNAVAILABLE}
2019-10-03 02:06:35,097 [ForkJoinPool.commonPool-worker-1] INFO  handler.ContextHandler (ContextHandler.java:doStop(910)) - Stopped o.e.j.s.ServletContextHandler@25fd6d1e{/logs,file:///workdir/hadoop-ozone/ozonefs/target/log,UNAVAILABLE}
2019-10-03 02:06:35,098 [main] INFO  ozone.MiniOzoneClusterImpl (MiniOzoneClusterImpl.java:stopSCM(392)) - Stopping the StorageContainerManager
2019-10-03 02:06:35,098 [main] INFO  server.StorageContainerManager (StorageContainerManager.java:stop(808)) - Stopping Replication Manager Service.
2019-10-03 02:06:35,099 [main] INFO  container.ReplicationManager (ReplicationManager.java:stop(203)) - Stopping Replication Monitor Thread.
2019-10-03 02:06:35,099 [main] INFO  server.StorageContainerManager (StorageContainerManager.java:stop(815)) - Stopping Lease Manager of the command watchers
2019-10-03 02:06:35,099 [main] INFO  server.StorageContainerManager (StorageContainerManager.java:stop(822)) - Stopping datanode service RPC server
2019-10-03 02:06:35,099 [main] INFO  server.SCMDatanodeProtocolServer (SCMDatanodeProtocolServer.java:stop(367)) - Stopping the RPC server for DataNodes
2019-10-03 02:06:35,099 [main] INFO  ipc.Server (Server.java:stop(3082)) - Stopping server on 45815
2019-10-03 02:06:35,101 [IPC Server listener on 45815] INFO  ipc.Server (Server.java:run(1185)) - Stopping IPC Server listener on 45815
2019-10-03 02:06:35,101 [IPC Server Responder] INFO  ipc.Server (Server.java:run(1319)) - Stopping IPC Server Responder
2019-10-03 02:06:35,182 [SCM Heartbeat Processing Thread - 0] WARN  node.NodeStateManager (NodeStateManager.java:scheduleNextHealthCheck(646)) - Current Thread is interrupted, shutting down HB processing thread for Node Manager.
2019-10-03 02:06:35,183 [main] INFO  server.StorageContainerManager (StorageContainerManager.java:stop(830)) - Stopping block service RPC server
2019-10-03 02:06:35,183 [main] INFO  server.SCMBlockProtocolServer (SCMBlockProtocolServer.java:stop(155)) - Stopping the RPC server for Block Protocol
2019-10-03 02:06:35,183 [main] INFO  ipc.Server (Server.java:stop(3082)) - Stopping server on 43464
2019-10-03 02:06:35,185 [IPC Server listener on 43464] INFO  ipc.Server (Server.java:run(1185)) - Stopping IPC Server listener on 43464
2019-10-03 02:06:35,185 [main] INFO  server.StorageContainerManager (StorageContainerManager.java:stop(837)) - Stopping the StorageContainerLocationProtocol RPC server
2019-10-03 02:06:35,186 [main] INFO  server.SCMClientProtocolServer (SCMClientProtocolServer.java:stop(158)) - Stopping the RPC server for Client Protocol
2019-10-03 02:06:35,187 [main] INFO  ipc.Server (Server.java:stop(3082)) - Stopping server on 39758
2019-10-03 02:06:35,186 [IPC Server Responder] INFO  ipc.Server (Server.java:run(1319)) - Stopping IPC Server Responder
2019-10-03 02:06:35,190 [IPC Server listener on 39758] INFO  ipc.Server (Server.java:run(1185)) - Stopping IPC Server listener on 39758
2019-10-03 02:06:35,190 [main] INFO  server.StorageContainerManager (StorageContainerManager.java:stop(844)) - Stopping Storage Container Manager HTTP server.
2019-10-03 02:06:35,190 [IPC Server Responder] INFO  ipc.Server (Server.java:run(1319)) - Stopping IPC Server Responder
2019-10-03 02:06:35,192 [main] INFO  handler.ContextHandler (ContextHandler.java:doStop(910)) - Stopped o.e.j.w.WebAppContext@27d73d22{/,null,UNAVAILABLE}{/scm}
2019-10-03 02:06:35,192 [main] INFO  server.AbstractConnector (AbstractConnector.java:doStop(318)) - Stopped ServerConnector@7fd751de{HTTP/1.1,[http/1.1]}{0.0.0.0:0}
2019-10-03 02:06:35,193 [main] INFO  handler.ContextHandler (ContextHandler.java:doStop(910)) - Stopped o.e.j.s.ServletContextHandler@49631cfb{/static,jar:file:/home/user/.m2/repository/org/apache/hadoop/hadoop-hdds-server-scm/0.5.0-SNAPSHOT/hadoop-hdds-server-scm-0.5.0-SNAPSHOT.jar!/webapps/static,UNAVAILABLE}
2019-10-03 02:06:35,193 [main] INFO  handler.ContextHandler (ContextHandler.java:doStop(910)) - Stopped o.e.j.s.ServletContextHandler@77c23d90{/logs,file:///workdir/hadoop-ozone/ozonefs/target/log,UNAVAILABLE}
2019-10-03 02:06:35,194 [main] INFO  server.StorageContainerManager (StorageContainerManager.java:stop(855)) - Stopping Block Manager Service.
2019-10-03 02:06:35,195 [main] INFO  utils.BackgroundService (BackgroundService.java:shutdown(148)) - Shutting down service SCMBlockDeletingService
2019-10-03 02:06:35,195 [main] INFO  utils.BackgroundService (BackgroundService.java:shutdown(148)) - Shutting down service SCMBlockDeletingService
2019-10-03 02:06:35,195 [main] INFO  server.StorageContainerManager (StorageContainerManager.java:stop(877)) - Stopping SCM Event Queue.
2019-10-03 02:06:35,206 [main] INFO  impl.MetricsSystemImpl (MetricsSystemImpl.java:stop(210)) - Stopping HddsDatanode metrics system...
2019-10-03 02:06:35,212 [main] INFO  impl.MetricsSystemImpl (MetricsSystemImpl.java:stop(216)) - HddsDatanode metrics system stopped.
]]></system-out>
  </testcase>
  <testcase name="testPathToKey[1]" classname="org.apache.hadoop.fs.ozone.TestOzoneFileInterfaces" time="16.915"/>
  <testcase name="testFileSystemInit[1]" classname="org.apache.hadoop.fs.ozone.TestOzoneFileInterfaces" time="16.342"/>
  <testcase name="testOzFsReadWrite[1]" classname="org.apache.hadoop.fs.ozone.TestOzoneFileInterfaces" time="23.001"/>
</testsuite>