<?xml version="1.0" encoding="UTF-8"?>
<testsuite xmlns:xsi="http://www.w3.org/2001/XMLSchema-instance" xsi:noNamespaceSchemaLocation="https://maven.apache.org/surefire/maven-surefire-plugin/xsd/surefire-test-report.xsd" name="org.apache.hadoop.fs.ozone.TestOzoneFileSystem" time="141.302" tests="8" errors="5" skipped="0" failures="0">
  <properties>
    <property name="awt.toolkit" value="sun.awt.X11.XToolkit"/>
    <property name="file.encoding.pkg" value="sun.io"/>
    <property name="java.specification.version" value="1.8"/>
    <property name="sun.cpu.isalist" value=""/>
    <property name="sun.jnu.encoding" value="UTF-8"/>
    <property name="java.class.path" value="/workdir/hadoop-ozone/ozonefs/target/test-classes:/workdir/hadoop-ozone/ozonefs/target/classes:/home/user/.m2/repository/org/apache/hadoop/hadoop-common/3.2.0/hadoop-common-3.2.0.jar:/home/user/.m2/repository/org/apache/hadoop/hadoop-annotations/3.2.0/hadoop-annotations-3.2.0.jar:/usr/lib/jvm/java-1.8-openjdk/jre/../lib/tools.jar:/home/user/.m2/repository/com/google/guava/guava/11.0.2/guava-11.0.2.jar:/home/user/.m2/repository/commons-cli/commons-cli/1.2/commons-cli-1.2.jar:/home/user/.m2/repository/org/apache/commons/commons-math3/3.1.1/commons-math3-3.1.1.jar:/home/user/.m2/repository/commons-codec/commons-codec/1.11/commons-codec-1.11.jar:/home/user/.m2/repository/commons-io/commons-io/2.5/commons-io-2.5.jar:/home/user/.m2/repository/commons-net/commons-net/3.6/commons-net-3.6.jar:/home/user/.m2/repository/commons-collections/commons-collections/3.2.2/commons-collections-3.2.2.jar:/home/user/.m2/repository/javax/servlet/javax.servlet-api/3.1.0/javax.servlet-api-3.1.0.jar:/home/user/.m2/repository/org/eclipse/jetty/jetty-server/9.3.25.v20180904/jetty-server-9.3.25.v20180904.jar:/home/user/.m2/repository/org/eclipse/jetty/jetty-http/9.3.25.v20180904/jetty-http-9.3.25.v20180904.jar:/home/user/.m2/repository/org/eclipse/jetty/jetty-io/9.3.25.v20180904/jetty-io-9.3.25.v20180904.jar:/home/user/.m2/repository/org/eclipse/jetty/jetty-util/9.3.25.v20180904/jetty-util-9.3.25.v20180904.jar:/home/user/.m2/repository/org/eclipse/jetty/jetty-servlet/9.3.25.v20180904/jetty-servlet-9.3.25.v20180904.jar:/home/user/.m2/repository/org/eclipse/jetty/jetty-security/9.3.25.v20180904/jetty-security-9.3.25.v20180904.jar:/home/user/.m2/repository/org/eclipse/jetty/jetty-webapp/9.3.25.v20180904/jetty-webapp-9.3.25.v20180904.jar:/home/user/.m2/repository/org/eclipse/jetty/jetty-xml/9.3.25.v20180904/jetty-xml-9.3.25.v20180904.jar:/home/user/.m2/repository/javax/servlet/jsp/jsp-api/2.1/jsp-api-2.1.jar:/home/user/.m2/repository/com/sun/jersey/jersey-core/1.19/jersey-core-1.19.jar:/home/user/.m2/repository/javax/ws/rs/jsr311-api/1.1.1/jsr311-api-1.1.1.jar:/home/user/.m2/repository/com/sun/jersey/jersey-servlet/1.19/jersey-servlet-1.19.jar:/home/user/.m2/repository/com/sun/jersey/jersey-json/1.19/jersey-json-1.19.jar:/home/user/.m2/repository/org/codehaus/jettison/jettison/1.1/jettison-1.1.jar:/home/user/.m2/repository/com/sun/xml/bind/jaxb-impl/2.3.0.1/jaxb-impl-2.3.0.1.jar:/home/user/.m2/repository/org/codehaus/jackson/jackson-core-asl/1.9.13/jackson-core-asl-1.9.13.jar:/home/user/.m2/repository/org/codehaus/jackson/jackson-mapper-asl/1.9.13/jackson-mapper-asl-1.9.13.jar:/home/user/.m2/repository/org/codehaus/jackson/jackson-jaxrs/1.9.13/jackson-jaxrs-1.9.13.jar:/home/user/.m2/repository/org/codehaus/jackson/jackson-xc/1.9.13/jackson-xc-1.9.13.jar:/home/user/.m2/repository/com/sun/jersey/jersey-server/1.19/jersey-server-1.19.jar:/home/user/.m2/repository/commons-logging/commons-logging/1.1.3/commons-logging-1.1.3.jar:/home/user/.m2/repository/log4j/log4j/1.2.17/log4j-1.2.17.jar:/home/user/.m2/repository/commons-beanutils/commons-beanutils/1.9.4/commons-beanutils-1.9.4.jar:/home/user/.m2/repository/org/apache/commons/commons-configuration2/2.1.1/commons-configuration2-2.1.1.jar:/home/user/.m2/repository/org/apache/commons/commons-lang3/3.7/commons-lang3-3.7.jar:/home/user/.m2/repository/org/apache/commons/commons-text/1.4/commons-text-1.4.jar:/home/user/.m2/repository/org/slf4j/slf4j-api/1.7.25/slf4j-api-1.7.25.jar:/home/user/.m2/repository/org/slf4j/slf4j-log4j12/1.7.25/slf4j-log4j12-1.7.25.jar:/home/user/.m2/repository/org/apache/avro/avro/1.7.7/avro-1.7.7.jar:/home/user/.m2/repository/com/thoughtworks/paranamer/paranamer/2.3/paranamer-2.3.jar:/home/user/.m2/repository/org/xerial/snappy/snappy-java/1.0.5/snappy-java-1.0.5.jar:/home/user/.m2/repository/com/google/re2j/re2j/1.1/re2j-1.1.jar:/home/user/.m2/repository/com/google/protobuf/protobuf-java/2.5.0/protobuf-java-2.5.0.jar:/home/user/.m2/repository/com/google/code/gson/gson/2.2.4/gson-2.2.4.jar:/home/user/.m2/repository/org/apache/hadoop/hadoop-auth/3.2.0/hadoop-auth-3.2.0.jar:/home/user/.m2/repository/com/nimbusds/nimbus-jose-jwt/4.41.1/nimbus-jose-jwt-4.41.1.jar:/home/user/.m2/repository/com/github/stephenc/jcip/jcip-annotations/1.0-1/jcip-annotations-1.0-1.jar:/home/user/.m2/repository/net/minidev/json-smart/2.3/json-smart-2.3.jar:/home/user/.m2/repository/net/minidev/accessors-smart/1.2/accessors-smart-1.2.jar:/home/user/.m2/repository/org/apache/curator/curator-framework/2.12.0/curator-framework-2.12.0.jar:/home/user/.m2/repository/com/jcraft/jsch/0.1.54/jsch-0.1.54.jar:/home/user/.m2/repository/org/apache/curator/curator-client/2.12.0/curator-client-2.12.0.jar:/home/user/.m2/repository/org/apache/curator/curator-recipes/2.12.0/curator-recipes-2.12.0.jar:/home/user/.m2/repository/com/google/code/findbugs/jsr305/3.0.0/jsr305-3.0.0.jar:/home/user/.m2/repository/org/apache/htrace/htrace-core4/4.1.0-incubating/htrace-core4-4.1.0-incubating.jar:/home/user/.m2/repository/org/apache/zookeeper/zookeeper/3.4.13/zookeeper-3.4.13.jar:/home/user/.m2/repository/jline/jline/0.9.94/jline-0.9.94.jar:/home/user/.m2/repository/org/apache/yetus/audience-annotations/0.5.0/audience-annotations-0.5.0.jar:/home/user/.m2/repository/org/apache/commons/commons-compress/1.4.1/commons-compress-1.4.1.jar:/home/user/.m2/repository/org/tukaani/xz/1.0/xz-1.0.jar:/home/user/.m2/repository/org/apache/kerby/kerb-simplekdc/1.0.1/kerb-simplekdc-1.0.1.jar:/home/user/.m2/repository/org/apache/kerby/kerb-client/1.0.1/kerb-client-1.0.1.jar:/home/user/.m2/repository/org/apache/kerby/kerby-config/1.0.1/kerby-config-1.0.1.jar:/home/user/.m2/repository/org/apache/kerby/kerb-core/1.0.1/kerb-core-1.0.1.jar:/home/user/.m2/repository/org/apache/kerby/kerby-pkix/1.0.1/kerby-pkix-1.0.1.jar:/home/user/.m2/repository/org/apache/kerby/kerby-asn1/1.0.1/kerby-asn1-1.0.1.jar:/home/user/.m2/repository/org/apache/kerby/kerby-util/1.0.1/kerby-util-1.0.1.jar:/home/user/.m2/repository/org/apache/kerby/kerb-common/1.0.1/kerb-common-1.0.1.jar:/home/user/.m2/repository/org/apache/kerby/kerb-crypto/1.0.1/kerb-crypto-1.0.1.jar:/home/user/.m2/repository/org/apache/kerby/kerb-util/1.0.1/kerb-util-1.0.1.jar:/home/user/.m2/repository/org/apache/kerby/token-provider/1.0.1/token-provider-1.0.1.jar:/home/user/.m2/repository/org/apache/kerby/kerb-admin/1.0.1/kerb-admin-1.0.1.jar:/home/user/.m2/repository/org/apache/kerby/kerb-server/1.0.1/kerb-server-1.0.1.jar:/home/user/.m2/repository/org/apache/kerby/kerb-identity/1.0.1/kerb-identity-1.0.1.jar:/home/user/.m2/repository/org/apache/kerby/kerby-xdr/1.0.1/kerby-xdr-1.0.1.jar:/home/user/.m2/repository/com/fasterxml/jackson/core/jackson-databind/2.9.9/jackson-databind-2.9.9.jar:/home/user/.m2/repository/com/fasterxml/jackson/core/jackson-annotations/2.9.9/jackson-annotations-2.9.9.jar:/home/user/.m2/repository/com/fasterxml/jackson/core/jackson-core/2.9.9/jackson-core-2.9.9.jar:/home/user/.m2/repository/org/codehaus/woodstox/stax2-api/3.1.4/stax2-api-3.1.4.jar:/home/user/.m2/repository/com/fasterxml/woodstox/woodstox-core/5.0.3/woodstox-core-5.0.3.jar:/home/user/.m2/repository/dnsjava/dnsjava/2.1.7/dnsjava-2.1.7.jar:/home/user/.m2/repository/org/apache/hadoop/hadoop-hdfs/3.2.0/hadoop-hdfs-3.2.0.jar:/home/user/.m2/repository/org/eclipse/jetty/jetty-util-ajax/9.3.25.v20180904/jetty-util-ajax-9.3.25.v20180904.jar:/home/user/.m2/repository/commons-daemon/commons-daemon/1.0.13/commons-daemon-1.0.13.jar:/home/user/.m2/repository/io/netty/netty/3.10.5.Final/netty-3.10.5.Final.jar:/home/user/.m2/repository/io/netty/netty-all/4.0.52.Final/netty-all-4.0.52.Final.jar:/home/user/.m2/repository/org/fusesource/leveldbjni/leveldbjni-all/1.8/leveldbjni-all-1.8.jar:/home/user/.m2/repository/org/apache/hadoop/hadoop-hdds-common/0.5.0-SNAPSHOT/hadoop-hdds-common-0.5.0-SNAPSHOT.jar:/home/user/.m2/repository/org/apache/hadoop/hadoop-hdds-config/0.5.0-SNAPSHOT/hadoop-hdds-config-0.5.0-SNAPSHOT.jar:/home/user/.m2/repository/javax/annotation/javax.annotation-api/1.2/javax.annotation-api-1.2.jar:/home/user/.m2/repository/org/apache/ratis/ratis-server/0.5.0-201fc85-SNAPSHOT/ratis-server-0.5.0-201fc85-SNAPSHOT.jar:/home/user/.m2/repository/org/apache/ratis/ratis-thirdparty-misc/0.2.0/ratis-thirdparty-misc-0.2.0.jar:/home/user/.m2/repository/org/apache/ratis/ratis-proto/0.5.0-201fc85-SNAPSHOT/ratis-proto-0.5.0-201fc85-SNAPSHOT.jar:/home/user/.m2/repository/org/apache/ratis/ratis-common/0.5.0-201fc85-SNAPSHOT/ratis-common-0.5.0-201fc85-SNAPSHOT.jar:/home/user/.m2/repository/org/apache/ratis/ratis-client/0.5.0-201fc85-SNAPSHOT/ratis-client-0.5.0-201fc85-SNAPSHOT.jar:/home/user/.m2/repository/org/apache/ratis/ratis-metrics/0.5.0-201fc85-SNAPSHOT/ratis-metrics-0.5.0-201fc85-SNAPSHOT.jar:/home/user/.m2/repository/com/github/joshelser/dropwizard-metrics-hadoop-metrics2-reporter/0.1.2/dropwizard-metrics-hadoop-metrics2-reporter-0.1.2.jar:/home/user/.m2/repository/io/dropwizard/metrics/metrics-jvm/3.2.5/metrics-jvm-3.2.5.jar:/home/user/.m2/repository/io/dropwizard/metrics/metrics-ganglia/3.2.5/metrics-ganglia-3.2.5.jar:/home/user/.m2/repository/info/ganglia/gmetric4j/gmetric4j/1.0.7/gmetric4j-1.0.7.jar:/home/user/.m2/repository/org/apache/ratis/ratis-netty/0.5.0-201fc85-SNAPSHOT/ratis-netty-0.5.0-201fc85-SNAPSHOT.jar:/home/user/.m2/repository/org/apache/ratis/ratis-grpc/0.5.0-201fc85-SNAPSHOT/ratis-grpc-0.5.0-201fc85-SNAPSHOT.jar:/home/user/.m2/repository/org/rocksdb/rocksdbjni/6.0.1/rocksdbjni-6.0.1.jar:/home/user/.m2/repository/org/apache/logging/log4j/log4j-api/2.11.0/log4j-api-2.11.0.jar:/home/user/.m2/repository/org/apache/logging/log4j/log4j-core/2.11.0/log4j-core-2.11.0.jar:/home/user/.m2/repository/com/lmax/disruptor/3.4.2/disruptor-3.4.2.jar:/home/user/.m2/repository/org/apache/commons/commons-pool2/2.6.0/commons-pool2-2.6.0.jar:/home/user/.m2/repository/org/bouncycastle/bcpkix-jdk15on/1.60/bcpkix-jdk15on-1.60.jar:/home/user/.m2/repository/commons-validator/commons-validator/1.6/commons-validator-1.6.jar:/home/user/.m2/repository/commons-digester/commons-digester/1.8.1/commons-digester-1.8.1.jar:/home/user/.m2/repository/io/jaegertracing/jaeger-client/0.34.0/jaeger-client-0.34.0.jar:/home/user/.m2/repository/io/jaegertracing/jaeger-thrift/0.34.0/jaeger-thrift-0.34.0.jar:/home/user/.m2/repository/org/apache/thrift/libthrift/0.12.0/libthrift-0.12.0.jar:/home/user/.m2/repository/com/squareup/okhttp3/okhttp/3.9.0/okhttp-3.9.0.jar:/home/user/.m2/repository/com/squareup/okio/okio/1.13.0/okio-1.13.0.jar:/home/user/.m2/repository/io/jaegertracing/jaeger-core/0.34.0/jaeger-core-0.34.0.jar:/home/user/.m2/repository/io/jaegertracing/jaeger-tracerresolver/0.34.0/jaeger-tracerresolver-0.34.0.jar:/home/user/.m2/repository/io/opentracing/contrib/opentracing-tracerresolver/0.1.5/opentracing-tracerresolver-0.1.5.jar:/home/user/.m2/repository/io/opentracing/opentracing-util/0.31.0/opentracing-util-0.31.0.jar:/home/user/.m2/repository/io/opentracing/opentracing-api/0.31.0/opentracing-api-0.31.0.jar:/home/user/.m2/repository/io/opentracing/opentracing-noop/0.31.0/opentracing-noop-0.31.0.jar:/home/user/.m2/repository/org/yaml/snakeyaml/1.16/snakeyaml-1.16.jar:/home/user/.m2/repository/org/apache/hadoop/hadoop-hdfs-client/3.2.0/hadoop-hdfs-client-3.2.0.jar:/home/user/.m2/repository/info/picocli/picocli/3.9.6/picocli-3.9.6.jar:/home/user/.m2/repository/org/apache/hadoop/hadoop-hdds-server-scm/0.5.0-SNAPSHOT/hadoop-hdds-server-scm-0.5.0-SNAPSHOT.jar:/home/user/.m2/repository/org/apache/hadoop/hadoop-hdds-docs/0.5.0-SNAPSHOT/hadoop-hdds-docs-0.5.0-SNAPSHOT.jar:/home/user/.m2/repository/io/dropwizard/metrics/metrics-core/3.2.4/metrics-core-3.2.4.jar:/home/user/.m2/repository/org/hamcrest/hamcrest-all/1.3/hamcrest-all-1.3.jar:/home/user/.m2/repository/org/bouncycastle/bcprov-jdk15on/1.60/bcprov-jdk15on-1.60.jar:/home/user/.m2/repository/org/apache/hadoop/hadoop-hdds-server-framework/0.5.0-SNAPSHOT/hadoop-hdds-server-framework-0.5.0-SNAPSHOT.jar:/home/user/.m2/repository/org/apache/hadoop/hadoop-ozone-ozone-manager/0.5.0-SNAPSHOT/hadoop-ozone-ozone-manager-0.5.0-SNAPSHOT.jar:/home/user/.m2/repository/org/apache/hadoop/hadoop-hdds-container-service/0.5.0-SNAPSHOT/hadoop-hdds-container-service-0.5.0-SNAPSHOT.jar:/home/user/.m2/repository/org/apache/hadoop/hadoop-hdds-client/0.5.0-SNAPSHOT/hadoop-hdds-client-0.5.0-SNAPSHOT.jar:/home/user/.m2/repository/org/apache/hadoop/hadoop-ozone-common/0.5.0-SNAPSHOT/hadoop-ozone-common-0.5.0-SNAPSHOT.jar:/home/user/.m2/repository/org/apache/hadoop/hadoop-hdds-tools/0.5.0-SNAPSHOT/hadoop-hdds-tools-0.5.0-SNAPSHOT.jar:/home/user/.m2/repository/org/xerial/sqlite-jdbc/3.25.2/sqlite-jdbc-3.25.2.jar:/home/user/.m2/repository/org/apache/httpcomponents/httpclient/4.5.2/httpclient-4.5.2.jar:/home/user/.m2/repository/org/apache/httpcomponents/httpcore/4.4.4/httpcore-4.4.4.jar:/home/user/.m2/repository/com/github/spotbugs/spotbugs/3.1.12/spotbugs-3.1.12.jar:/home/user/.m2/repository/org/ow2/asm/asm/5.0.4/asm-5.0.4.jar:/home/user/.m2/repository/org/ow2/asm/asm-analysis/7.0/asm-analysis-7.0.jar:/home/user/.m2/repository/org/ow2/asm/asm-commons/7.0/asm-commons-7.0.jar:/home/user/.m2/repository/org/ow2/asm/asm-tree/7.0/asm-tree-7.0.jar:/home/user/.m2/repository/org/ow2/asm/asm-util/7.0/asm-util-7.0.jar:/home/user/.m2/repository/org/apache/bcel/bcel/6.3/bcel-6.3.jar:/home/user/.m2/repository/net/jcip/jcip-annotations/1.0/jcip-annotations-1.0.jar:/home/user/.m2/repository/org/dom4j/dom4j/2.1.1/dom4j-2.1.1.jar:/home/user/.m2/repository/jaxen/jaxen/1.1.6/jaxen-1.1.6.jar:/home/user/.m2/repository/commons-lang/commons-lang/2.6/commons-lang-2.6.jar:/home/user/.m2/repository/com/github/spotbugs/spotbugs-annotations/3.1.12/spotbugs-annotations-3.1.12.jar:/home/user/.m2/repository/org/apache/hadoop/hadoop-common/3.2.0/hadoop-common-3.2.0-tests.jar:/home/user/.m2/repository/org/apache/hadoop/hadoop-ozone-client/0.5.0-SNAPSHOT/hadoop-ozone-client-0.5.0-SNAPSHOT.jar:/home/user/.m2/repository/org/apache/hadoop/hadoop-hdfs/3.2.0/hadoop-hdfs-3.2.0-tests.jar:/workdir/hadoop-ozone/integration-test/target/test-classes:/home/user/.m2/repository/org/apache/hadoop/hadoop-ozone-s3gateway/0.5.0-SNAPSHOT/hadoop-ozone-s3gateway-0.5.0-SNAPSHOT.jar:/home/user/.m2/repository/org/jboss/weld/servlet/weld-servlet/2.4.7.Final/weld-servlet-2.4.7.Final.jar:/home/user/.m2/repository/org/glassfish/jersey/containers/jersey-container-servlet-core/2.27/jersey-container-servlet-core-2.27.jar:/home/user/.m2/repository/org/glassfish/hk2/external/javax.inject/2.5.0-b42/javax.inject-2.5.0-b42.jar:/home/user/.m2/repository/org/glassfish/jersey/core/jersey-common/2.27/jersey-common-2.27.jar:/home/user/.m2/repository/org/glassfish/hk2/osgi-resource-locator/1.0.1/osgi-resource-locator-1.0.1.jar:/home/user/.m2/repository/javax/ws/rs/javax.ws.rs-api/2.1/javax.ws.rs-api-2.1.jar:/home/user/.m2/repository/org/glassfish/jersey/ext/cdi/jersey-cdi1x/2.27/jersey-cdi1x-2.27.jar:/home/user/.m2/repository/org/glassfish/jersey/inject/jersey-hk2/2.27/jersey-hk2-2.27.jar:/home/user/.m2/repository/org/glassfish/hk2/hk2-locator/2.5.0-b42/hk2-locator-2.5.0-b42.jar:/home/user/.m2/repository/org/javassist/javassist/3.22.0-CR2/javassist-3.22.0-CR2.jar:/home/user/.m2/repository/org/glassfish/hk2/hk2-api/2.5.0/hk2-api-2.5.0.jar:/home/user/.m2/repository/org/glassfish/hk2/external/jakarta.inject/2.5.0/jakarta.inject-2.5.0.jar:/home/user/.m2/repository/org/glassfish/hk2/hk2-utils/2.5.0/hk2-utils-2.5.0.jar:/home/user/.m2/repository/jakarta/annotation/jakarta.annotation-api/1.3.4/jakarta.annotation-api-1.3.4.jar:/home/user/.m2/repository/org/glassfish/hk2/external/aopalliance-repackaged/2.5.0/aopalliance-repackaged-2.5.0.jar:/home/user/.m2/repository/com/fasterxml/jackson/dataformat/jackson-dataformat-xml/2.9.0/jackson-dataformat-xml-2.9.0.jar:/home/user/.m2/repository/com/fasterxml/jackson/module/jackson-module-jaxb-annotations/2.9.9/jackson-module-jaxb-annotations-2.9.9.jar:/home/user/.m2/repository/javax/enterprise/cdi-api/1.2/cdi-api-1.2.jar:/home/user/.m2/repository/javax/el/javax.el-api/3.0.0/javax.el-api-3.0.0.jar:/home/user/.m2/repository/javax/interceptor/javax.interceptor-api/1.2/javax.interceptor-api-1.2.jar:/home/user/.m2/repository/javax/inject/javax.inject/1/javax.inject-1.jar:/home/user/.m2/repository/com/sun/xml/bind/jaxb-core/2.3.0.1/jaxb-core-2.3.0.1.jar:/home/user/.m2/repository/javax/xml/bind/jaxb-api/2.3.0/jaxb-api-2.3.0.jar:/home/user/.m2/repository/javax/activation/activation/1.1.1/activation-1.1.1.jar:/home/user/.m2/repository/org/apache/hadoop/hadoop-ozone-csi/0.5.0-SNAPSHOT/hadoop-ozone-csi-0.5.0-SNAPSHOT.jar:/home/user/.m2/repository/com/google/protobuf/protobuf-java-util/3.5.1/protobuf-java-util-3.5.1.jar:/home/user/.m2/repository/io/grpc/grpc-netty/1.17.1/grpc-netty-1.17.1.jar:/home/user/.m2/repository/io/grpc/grpc-core/1.17.1/grpc-core-1.17.1.jar:/home/user/.m2/repository/io/grpc/grpc-context/1.17.1/grpc-context-1.17.1.jar:/home/user/.m2/repository/com/google/errorprone/error_prone_annotations/2.2.0/error_prone_annotations-2.2.0.jar:/home/user/.m2/repository/org/codehaus/mojo/animal-sniffer-annotations/1.17/animal-sniffer-annotations-1.17.jar:/home/user/.m2/repository/io/opencensus/opencensus-api/0.17.0/opencensus-api-0.17.0.jar:/home/user/.m2/repository/io/opencensus/opencensus-contrib-grpc-metrics/0.17.0/opencensus-contrib-grpc-metrics-0.17.0.jar:/home/user/.m2/repository/io/netty/netty-codec-http2/4.1.30.Final/netty-codec-http2-4.1.30.Final.jar:/home/user/.m2/repository/io/netty/netty-codec-http/4.1.30.Final/netty-codec-http-4.1.30.Final.jar:/home/user/.m2/repository/io/netty/netty-codec/4.1.30.Final/netty-codec-4.1.30.Final.jar:/home/user/.m2/repository/io/netty/netty-handler/4.1.30.Final/netty-handler-4.1.30.Final.jar:/home/user/.m2/repository/io/netty/netty-handler-proxy/4.1.30.Final/netty-handler-proxy-4.1.30.Final.jar:/home/user/.m2/repository/io/netty/netty-codec-socks/4.1.30.Final/netty-codec-socks-4.1.30.Final.jar:/home/user/.m2/repository/io/netty/netty-transport-native-epoll/4.1.30.Final/netty-transport-native-epoll-4.1.30.Final.jar:/home/user/.m2/repository/io/netty/netty-common/4.1.30.Final/netty-common-4.1.30.Final.jar:/home/user/.m2/repository/io/netty/netty-buffer/4.1.30.Final/netty-buffer-4.1.30.Final.jar:/home/user/.m2/repository/io/netty/netty-transport/4.1.30.Final/netty-transport-4.1.30.Final.jar:/home/user/.m2/repository/io/netty/netty-resolver/4.1.30.Final/netty-resolver-4.1.30.Final.jar:/home/user/.m2/repository/io/netty/netty-transport-native-unix-common/4.1.30.Final/netty-transport-native-unix-common-4.1.30.Final.jar:/home/user/.m2/repository/io/grpc/grpc-protobuf/1.17.1/grpc-protobuf-1.17.1.jar:/home/user/.m2/repository/com/google/api/grpc/proto-google-common-protos/1.0.0/proto-google-common-protos-1.0.0.jar:/home/user/.m2/repository/io/grpc/grpc-protobuf-lite/1.17.1/grpc-protobuf-lite-1.17.1.jar:/home/user/.m2/repository/io/grpc/grpc-stub/1.17.1/grpc-stub-1.17.1.jar:/home/user/.m2/repository/org/apache/hadoop/hadoop-ozone-recon/0.5.0-SNAPSHOT/hadoop-ozone-recon-0.5.0-SNAPSHOT.jar:/home/user/.m2/repository/org/apache/hadoop/hadoop-ozone-reconcodegen/0.5.0-SNAPSHOT/hadoop-ozone-reconcodegen-0.5.0-SNAPSHOT.jar:/home/user/.m2/repository/com/google/inject/extensions/guice-multibindings/4.0/guice-multibindings-4.0.jar:/home/user/.m2/repository/com/google/inject/guice/4.0/guice-4.0.jar:/home/user/.m2/repository/aopalliance/aopalliance/1.0/aopalliance-1.0.jar:/home/user/.m2/repository/org/glassfish/jersey/containers/jersey-container-servlet/2.27/jersey-container-servlet-2.27.jar:/home/user/.m2/repository/org/glassfish/hk2/guice-bridge/2.5.0/guice-bridge-2.5.0.jar:/home/user/.m2/repository/org/glassfish/jersey/core/jersey-server/2.27/jersey-server-2.27.jar:/home/user/.m2/repository/org/glassfish/jersey/core/jersey-client/2.27/jersey-client-2.27.jar:/home/user/.m2/repository/org/glassfish/jersey/media/jersey-media-jaxb/2.27/jersey-media-jaxb-2.27.jar:/home/user/.m2/repository/javax/validation/validation-api/1.1.0.Final/validation-api-1.1.0.Final.jar:/home/user/.m2/repository/org/glassfish/jersey/media/jersey-media-json-jackson/2.27/jersey-media-json-jackson-2.27.jar:/home/user/.m2/repository/org/glassfish/jersey/ext/jersey-entity-filtering/2.27/jersey-entity-filtering-2.27.jar:/home/user/.m2/repository/com/google/inject/extensions/guice-assistedinject/4.0/guice-assistedinject-4.0.jar:/home/user/.m2/repository/org/jooq/jooq/3.11.10/jooq-3.11.10.jar:/home/user/.m2/repository/org/jooq/jooq-meta/3.11.10/jooq-meta-3.11.10.jar:/home/user/.m2/repository/org/jooq/jooq-codegen/3.11.10/jooq-codegen-3.11.10.jar:/home/user/.m2/repository/com/jolbox/bonecp/0.8.0.RELEASE/bonecp-0.8.0.RELEASE.jar:/home/user/.m2/repository/org/springframework/spring-jdbc/5.1.3.RELEASE/spring-jdbc-5.1.3.RELEASE.jar:/home/user/.m2/repository/org/springframework/spring-beans/5.1.3.RELEASE/spring-beans-5.1.3.RELEASE.jar:/home/user/.m2/repository/org/springframework/spring-core/5.1.3.RELEASE/spring-core-5.1.3.RELEASE.jar:/home/user/.m2/repository/org/springframework/spring-jcl/5.1.3.RELEASE/spring-jcl-5.1.3.RELEASE.jar:/home/user/.m2/repository/org/springframework/spring-tx/5.1.3.RELEASE/spring-tx-5.1.3.RELEASE.jar:/home/user/.m2/repository/org/mockito/mockito-all/1.10.19/mockito-all-1.10.19.jar:/home/user/.m2/repository/junit/junit/4.11/junit-4.11.jar:/home/user/.m2/repository/org/hamcrest/hamcrest-core/1.3/hamcrest-core-1.3.jar:/home/user/.m2/repository/org/apache/hadoop/hadoop-distcp/3.2.0/hadoop-distcp-3.2.0.jar:/home/user/.m2/repository/org/apache/hadoop/hadoop-distcp/3.2.0/hadoop-distcp-3.2.0-tests.jar:/home/user/.m2/repository/org/apache/hadoop/hadoop-mapreduce-client-jobclient/3.2.0/hadoop-mapreduce-client-jobclient-3.2.0.jar:/home/user/.m2/repository/org/apache/hadoop/hadoop-mapreduce-client-common/3.2.0/hadoop-mapreduce-client-common-3.2.0.jar:/home/user/.m2/repository/org/apache/hadoop/hadoop-yarn-common/3.2.0/hadoop-yarn-common-3.2.0.jar:/home/user/.m2/repository/org/apache/hadoop/hadoop-yarn-api/3.2.0/hadoop-yarn-api-3.2.0.jar:/home/user/.m2/repository/com/sun/jersey/jersey-client/1.19/jersey-client-1.19.jar:/home/user/.m2/repository/com/sun/jersey/contribs/jersey-guice/1.19/jersey-guice-1.19.jar:/home/user/.m2/repository/com/fasterxml/jackson/jaxrs/jackson-jaxrs-json-provider/2.9.9/jackson-jaxrs-json-provider-2.9.9.jar:/home/user/.m2/repository/com/fasterxml/jackson/jaxrs/jackson-jaxrs-base/2.9.9/jackson-jaxrs-base-2.9.9.jar:/home/user/.m2/repository/org/apache/hadoop/hadoop-yarn-client/3.2.0/hadoop-yarn-client-3.2.0.jar:/home/user/.m2/repository/org/apache/hadoop/hadoop-mapreduce-client-core/3.2.0/hadoop-mapreduce-client-core-3.2.0.jar:/home/user/.m2/repository/com/google/inject/extensions/guice-servlet/4.0/guice-servlet-4.0.jar:/home/user/.m2/repository/org/powermock/powermock-module-junit4/1.6.5/powermock-module-junit4-1.6.5.jar:/home/user/.m2/repository/org/powermock/powermock-module-junit4-common/1.6.5/powermock-module-junit4-common-1.6.5.jar:/home/user/.m2/repository/org/powermock/powermock-core/1.6.5/powermock-core-1.6.5.jar:/home/user/.m2/repository/org/powermock/powermock-reflect/1.6.5/powermock-reflect-1.6.5.jar:/home/user/.m2/repository/org/powermock/powermock-api-mockito/1.6.5/powermock-api-mockito-1.6.5.jar:/home/user/.m2/repository/org/mockito/mockito-core/1.10.19/mockito-core-1.10.19.jar:/home/user/.m2/repository/org/objenesis/objenesis/1.0/objenesis-1.0.jar:/home/user/.m2/repository/org/powermock/powermock-api-mockito-common/1.6.5/powermock-api-mockito-common-1.6.5.jar:/home/user/.m2/repository/org/powermock/powermock-api-support/1.6.5/powermock-api-support-1.6.5.jar:"/>
    <property name="java.vm.vendor" value="IcedTea"/>
    <property name="sun.arch.data.model" value="64"/>
    <property name="test.build.dir" value="/workdir/hadoop-ozone/ozonefs/target/test-dir"/>
    <property name="test.cache.data" value=""/>
    <property name="java.vendor.url" value="https://icedtea.classpath.org"/>
    <property name="user.timezone" value=""/>
    <property name="java.vm.specification.version" value="1.8"/>
    <property name="os.name" value="Linux"/>
    <property name="test.build.data" value="/workdir/hadoop-ozone/ozonefs/target/test-dir"/>
    <property name="user.country" value="US"/>
    <property name="sun.java.launcher" value="SUN_STANDARD"/>
    <property name="sun.boot.library.path" value="/usr/lib/jvm/java-1.8-openjdk/jre/lib/amd64"/>
    <property name="sun.java.command" value="/workdir/hadoop-ozone/ozonefs/target/surefire/surefirebooter3579145186579968944.jar /workdir/hadoop-ozone/ozonefs/target/surefire 2019-10-03T00-36-50_073-jvmRun1 surefire8280810397215827520tmp surefire_1074635747858451693813tmp"/>
    <property name="test" value="!TestMiniChaosOzoneCluster"/>
    <property name="surefire.test.class.path" value="/workdir/hadoop-ozone/ozonefs/target/test-classes:/workdir/hadoop-ozone/ozonefs/target/classes:/home/user/.m2/repository/org/apache/hadoop/hadoop-common/3.2.0/hadoop-common-3.2.0.jar:/home/user/.m2/repository/org/apache/hadoop/hadoop-annotations/3.2.0/hadoop-annotations-3.2.0.jar:/usr/lib/jvm/java-1.8-openjdk/jre/../lib/tools.jar:/home/user/.m2/repository/com/google/guava/guava/11.0.2/guava-11.0.2.jar:/home/user/.m2/repository/commons-cli/commons-cli/1.2/commons-cli-1.2.jar:/home/user/.m2/repository/org/apache/commons/commons-math3/3.1.1/commons-math3-3.1.1.jar:/home/user/.m2/repository/commons-codec/commons-codec/1.11/commons-codec-1.11.jar:/home/user/.m2/repository/commons-io/commons-io/2.5/commons-io-2.5.jar:/home/user/.m2/repository/commons-net/commons-net/3.6/commons-net-3.6.jar:/home/user/.m2/repository/commons-collections/commons-collections/3.2.2/commons-collections-3.2.2.jar:/home/user/.m2/repository/javax/servlet/javax.servlet-api/3.1.0/javax.servlet-api-3.1.0.jar:/home/user/.m2/repository/org/eclipse/jetty/jetty-server/9.3.25.v20180904/jetty-server-9.3.25.v20180904.jar:/home/user/.m2/repository/org/eclipse/jetty/jetty-http/9.3.25.v20180904/jetty-http-9.3.25.v20180904.jar:/home/user/.m2/repository/org/eclipse/jetty/jetty-io/9.3.25.v20180904/jetty-io-9.3.25.v20180904.jar:/home/user/.m2/repository/org/eclipse/jetty/jetty-util/9.3.25.v20180904/jetty-util-9.3.25.v20180904.jar:/home/user/.m2/repository/org/eclipse/jetty/jetty-servlet/9.3.25.v20180904/jetty-servlet-9.3.25.v20180904.jar:/home/user/.m2/repository/org/eclipse/jetty/jetty-security/9.3.25.v20180904/jetty-security-9.3.25.v20180904.jar:/home/user/.m2/repository/org/eclipse/jetty/jetty-webapp/9.3.25.v20180904/jetty-webapp-9.3.25.v20180904.jar:/home/user/.m2/repository/org/eclipse/jetty/jetty-xml/9.3.25.v20180904/jetty-xml-9.3.25.v20180904.jar:/home/user/.m2/repository/javax/servlet/jsp/jsp-api/2.1/jsp-api-2.1.jar:/home/user/.m2/repository/com/sun/jersey/jersey-core/1.19/jersey-core-1.19.jar:/home/user/.m2/repository/javax/ws/rs/jsr311-api/1.1.1/jsr311-api-1.1.1.jar:/home/user/.m2/repository/com/sun/jersey/jersey-servlet/1.19/jersey-servlet-1.19.jar:/home/user/.m2/repository/com/sun/jersey/jersey-json/1.19/jersey-json-1.19.jar:/home/user/.m2/repository/org/codehaus/jettison/jettison/1.1/jettison-1.1.jar:/home/user/.m2/repository/com/sun/xml/bind/jaxb-impl/2.3.0.1/jaxb-impl-2.3.0.1.jar:/home/user/.m2/repository/org/codehaus/jackson/jackson-core-asl/1.9.13/jackson-core-asl-1.9.13.jar:/home/user/.m2/repository/org/codehaus/jackson/jackson-mapper-asl/1.9.13/jackson-mapper-asl-1.9.13.jar:/home/user/.m2/repository/org/codehaus/jackson/jackson-jaxrs/1.9.13/jackson-jaxrs-1.9.13.jar:/home/user/.m2/repository/org/codehaus/jackson/jackson-xc/1.9.13/jackson-xc-1.9.13.jar:/home/user/.m2/repository/com/sun/jersey/jersey-server/1.19/jersey-server-1.19.jar:/home/user/.m2/repository/commons-logging/commons-logging/1.1.3/commons-logging-1.1.3.jar:/home/user/.m2/repository/log4j/log4j/1.2.17/log4j-1.2.17.jar:/home/user/.m2/repository/commons-beanutils/commons-beanutils/1.9.4/commons-beanutils-1.9.4.jar:/home/user/.m2/repository/org/apache/commons/commons-configuration2/2.1.1/commons-configuration2-2.1.1.jar:/home/user/.m2/repository/org/apache/commons/commons-lang3/3.7/commons-lang3-3.7.jar:/home/user/.m2/repository/org/apache/commons/commons-text/1.4/commons-text-1.4.jar:/home/user/.m2/repository/org/slf4j/slf4j-api/1.7.25/slf4j-api-1.7.25.jar:/home/user/.m2/repository/org/slf4j/slf4j-log4j12/1.7.25/slf4j-log4j12-1.7.25.jar:/home/user/.m2/repository/org/apache/avro/avro/1.7.7/avro-1.7.7.jar:/home/user/.m2/repository/com/thoughtworks/paranamer/paranamer/2.3/paranamer-2.3.jar:/home/user/.m2/repository/org/xerial/snappy/snappy-java/1.0.5/snappy-java-1.0.5.jar:/home/user/.m2/repository/com/google/re2j/re2j/1.1/re2j-1.1.jar:/home/user/.m2/repository/com/google/protobuf/protobuf-java/2.5.0/protobuf-java-2.5.0.jar:/home/user/.m2/repository/com/google/code/gson/gson/2.2.4/gson-2.2.4.jar:/home/user/.m2/repository/org/apache/hadoop/hadoop-auth/3.2.0/hadoop-auth-3.2.0.jar:/home/user/.m2/repository/com/nimbusds/nimbus-jose-jwt/4.41.1/nimbus-jose-jwt-4.41.1.jar:/home/user/.m2/repository/com/github/stephenc/jcip/jcip-annotations/1.0-1/jcip-annotations-1.0-1.jar:/home/user/.m2/repository/net/minidev/json-smart/2.3/json-smart-2.3.jar:/home/user/.m2/repository/net/minidev/accessors-smart/1.2/accessors-smart-1.2.jar:/home/user/.m2/repository/org/apache/curator/curator-framework/2.12.0/curator-framework-2.12.0.jar:/home/user/.m2/repository/com/jcraft/jsch/0.1.54/jsch-0.1.54.jar:/home/user/.m2/repository/org/apache/curator/curator-client/2.12.0/curator-client-2.12.0.jar:/home/user/.m2/repository/org/apache/curator/curator-recipes/2.12.0/curator-recipes-2.12.0.jar:/home/user/.m2/repository/com/google/code/findbugs/jsr305/3.0.0/jsr305-3.0.0.jar:/home/user/.m2/repository/org/apache/htrace/htrace-core4/4.1.0-incubating/htrace-core4-4.1.0-incubating.jar:/home/user/.m2/repository/org/apache/zookeeper/zookeeper/3.4.13/zookeeper-3.4.13.jar:/home/user/.m2/repository/jline/jline/0.9.94/jline-0.9.94.jar:/home/user/.m2/repository/org/apache/yetus/audience-annotations/0.5.0/audience-annotations-0.5.0.jar:/home/user/.m2/repository/org/apache/commons/commons-compress/1.4.1/commons-compress-1.4.1.jar:/home/user/.m2/repository/org/tukaani/xz/1.0/xz-1.0.jar:/home/user/.m2/repository/org/apache/kerby/kerb-simplekdc/1.0.1/kerb-simplekdc-1.0.1.jar:/home/user/.m2/repository/org/apache/kerby/kerb-client/1.0.1/kerb-client-1.0.1.jar:/home/user/.m2/repository/org/apache/kerby/kerby-config/1.0.1/kerby-config-1.0.1.jar:/home/user/.m2/repository/org/apache/kerby/kerb-core/1.0.1/kerb-core-1.0.1.jar:/home/user/.m2/repository/org/apache/kerby/kerby-pkix/1.0.1/kerby-pkix-1.0.1.jar:/home/user/.m2/repository/org/apache/kerby/kerby-asn1/1.0.1/kerby-asn1-1.0.1.jar:/home/user/.m2/repository/org/apache/kerby/kerby-util/1.0.1/kerby-util-1.0.1.jar:/home/user/.m2/repository/org/apache/kerby/kerb-common/1.0.1/kerb-common-1.0.1.jar:/home/user/.m2/repository/org/apache/kerby/kerb-crypto/1.0.1/kerb-crypto-1.0.1.jar:/home/user/.m2/repository/org/apache/kerby/kerb-util/1.0.1/kerb-util-1.0.1.jar:/home/user/.m2/repository/org/apache/kerby/token-provider/1.0.1/token-provider-1.0.1.jar:/home/user/.m2/repository/org/apache/kerby/kerb-admin/1.0.1/kerb-admin-1.0.1.jar:/home/user/.m2/repository/org/apache/kerby/kerb-server/1.0.1/kerb-server-1.0.1.jar:/home/user/.m2/repository/org/apache/kerby/kerb-identity/1.0.1/kerb-identity-1.0.1.jar:/home/user/.m2/repository/org/apache/kerby/kerby-xdr/1.0.1/kerby-xdr-1.0.1.jar:/home/user/.m2/repository/com/fasterxml/jackson/core/jackson-databind/2.9.9/jackson-databind-2.9.9.jar:/home/user/.m2/repository/com/fasterxml/jackson/core/jackson-annotations/2.9.9/jackson-annotations-2.9.9.jar:/home/user/.m2/repository/com/fasterxml/jackson/core/jackson-core/2.9.9/jackson-core-2.9.9.jar:/home/user/.m2/repository/org/codehaus/woodstox/stax2-api/3.1.4/stax2-api-3.1.4.jar:/home/user/.m2/repository/com/fasterxml/woodstox/woodstox-core/5.0.3/woodstox-core-5.0.3.jar:/home/user/.m2/repository/dnsjava/dnsjava/2.1.7/dnsjava-2.1.7.jar:/home/user/.m2/repository/org/apache/hadoop/hadoop-hdfs/3.2.0/hadoop-hdfs-3.2.0.jar:/home/user/.m2/repository/org/eclipse/jetty/jetty-util-ajax/9.3.25.v20180904/jetty-util-ajax-9.3.25.v20180904.jar:/home/user/.m2/repository/commons-daemon/commons-daemon/1.0.13/commons-daemon-1.0.13.jar:/home/user/.m2/repository/io/netty/netty/3.10.5.Final/netty-3.10.5.Final.jar:/home/user/.m2/repository/io/netty/netty-all/4.0.52.Final/netty-all-4.0.52.Final.jar:/home/user/.m2/repository/org/fusesource/leveldbjni/leveldbjni-all/1.8/leveldbjni-all-1.8.jar:/home/user/.m2/repository/org/apache/hadoop/hadoop-hdds-common/0.5.0-SNAPSHOT/hadoop-hdds-common-0.5.0-SNAPSHOT.jar:/home/user/.m2/repository/org/apache/hadoop/hadoop-hdds-config/0.5.0-SNAPSHOT/hadoop-hdds-config-0.5.0-SNAPSHOT.jar:/home/user/.m2/repository/javax/annotation/javax.annotation-api/1.2/javax.annotation-api-1.2.jar:/home/user/.m2/repository/org/apache/ratis/ratis-server/0.5.0-201fc85-SNAPSHOT/ratis-server-0.5.0-201fc85-SNAPSHOT.jar:/home/user/.m2/repository/org/apache/ratis/ratis-thirdparty-misc/0.2.0/ratis-thirdparty-misc-0.2.0.jar:/home/user/.m2/repository/org/apache/ratis/ratis-proto/0.5.0-201fc85-SNAPSHOT/ratis-proto-0.5.0-201fc85-SNAPSHOT.jar:/home/user/.m2/repository/org/apache/ratis/ratis-common/0.5.0-201fc85-SNAPSHOT/ratis-common-0.5.0-201fc85-SNAPSHOT.jar:/home/user/.m2/repository/org/apache/ratis/ratis-client/0.5.0-201fc85-SNAPSHOT/ratis-client-0.5.0-201fc85-SNAPSHOT.jar:/home/user/.m2/repository/org/apache/ratis/ratis-metrics/0.5.0-201fc85-SNAPSHOT/ratis-metrics-0.5.0-201fc85-SNAPSHOT.jar:/home/user/.m2/repository/com/github/joshelser/dropwizard-metrics-hadoop-metrics2-reporter/0.1.2/dropwizard-metrics-hadoop-metrics2-reporter-0.1.2.jar:/home/user/.m2/repository/io/dropwizard/metrics/metrics-jvm/3.2.5/metrics-jvm-3.2.5.jar:/home/user/.m2/repository/io/dropwizard/metrics/metrics-ganglia/3.2.5/metrics-ganglia-3.2.5.jar:/home/user/.m2/repository/info/ganglia/gmetric4j/gmetric4j/1.0.7/gmetric4j-1.0.7.jar:/home/user/.m2/repository/org/apache/ratis/ratis-netty/0.5.0-201fc85-SNAPSHOT/ratis-netty-0.5.0-201fc85-SNAPSHOT.jar:/home/user/.m2/repository/org/apache/ratis/ratis-grpc/0.5.0-201fc85-SNAPSHOT/ratis-grpc-0.5.0-201fc85-SNAPSHOT.jar:/home/user/.m2/repository/org/rocksdb/rocksdbjni/6.0.1/rocksdbjni-6.0.1.jar:/home/user/.m2/repository/org/apache/logging/log4j/log4j-api/2.11.0/log4j-api-2.11.0.jar:/home/user/.m2/repository/org/apache/logging/log4j/log4j-core/2.11.0/log4j-core-2.11.0.jar:/home/user/.m2/repository/com/lmax/disruptor/3.4.2/disruptor-3.4.2.jar:/home/user/.m2/repository/org/apache/commons/commons-pool2/2.6.0/commons-pool2-2.6.0.jar:/home/user/.m2/repository/org/bouncycastle/bcpkix-jdk15on/1.60/bcpkix-jdk15on-1.60.jar:/home/user/.m2/repository/commons-validator/commons-validator/1.6/commons-validator-1.6.jar:/home/user/.m2/repository/commons-digester/commons-digester/1.8.1/commons-digester-1.8.1.jar:/home/user/.m2/repository/io/jaegertracing/jaeger-client/0.34.0/jaeger-client-0.34.0.jar:/home/user/.m2/repository/io/jaegertracing/jaeger-thrift/0.34.0/jaeger-thrift-0.34.0.jar:/home/user/.m2/repository/org/apache/thrift/libthrift/0.12.0/libthrift-0.12.0.jar:/home/user/.m2/repository/com/squareup/okhttp3/okhttp/3.9.0/okhttp-3.9.0.jar:/home/user/.m2/repository/com/squareup/okio/okio/1.13.0/okio-1.13.0.jar:/home/user/.m2/repository/io/jaegertracing/jaeger-core/0.34.0/jaeger-core-0.34.0.jar:/home/user/.m2/repository/io/jaegertracing/jaeger-tracerresolver/0.34.0/jaeger-tracerresolver-0.34.0.jar:/home/user/.m2/repository/io/opentracing/contrib/opentracing-tracerresolver/0.1.5/opentracing-tracerresolver-0.1.5.jar:/home/user/.m2/repository/io/opentracing/opentracing-util/0.31.0/opentracing-util-0.31.0.jar:/home/user/.m2/repository/io/opentracing/opentracing-api/0.31.0/opentracing-api-0.31.0.jar:/home/user/.m2/repository/io/opentracing/opentracing-noop/0.31.0/opentracing-noop-0.31.0.jar:/home/user/.m2/repository/org/yaml/snakeyaml/1.16/snakeyaml-1.16.jar:/home/user/.m2/repository/org/apache/hadoop/hadoop-hdfs-client/3.2.0/hadoop-hdfs-client-3.2.0.jar:/home/user/.m2/repository/info/picocli/picocli/3.9.6/picocli-3.9.6.jar:/home/user/.m2/repository/org/apache/hadoop/hadoop-hdds-server-scm/0.5.0-SNAPSHOT/hadoop-hdds-server-scm-0.5.0-SNAPSHOT.jar:/home/user/.m2/repository/org/apache/hadoop/hadoop-hdds-docs/0.5.0-SNAPSHOT/hadoop-hdds-docs-0.5.0-SNAPSHOT.jar:/home/user/.m2/repository/io/dropwizard/metrics/metrics-core/3.2.4/metrics-core-3.2.4.jar:/home/user/.m2/repository/org/hamcrest/hamcrest-all/1.3/hamcrest-all-1.3.jar:/home/user/.m2/repository/org/bouncycastle/bcprov-jdk15on/1.60/bcprov-jdk15on-1.60.jar:/home/user/.m2/repository/org/apache/hadoop/hadoop-hdds-server-framework/0.5.0-SNAPSHOT/hadoop-hdds-server-framework-0.5.0-SNAPSHOT.jar:/home/user/.m2/repository/org/apache/hadoop/hadoop-ozone-ozone-manager/0.5.0-SNAPSHOT/hadoop-ozone-ozone-manager-0.5.0-SNAPSHOT.jar:/home/user/.m2/repository/org/apache/hadoop/hadoop-hdds-container-service/0.5.0-SNAPSHOT/hadoop-hdds-container-service-0.5.0-SNAPSHOT.jar:/home/user/.m2/repository/org/apache/hadoop/hadoop-hdds-client/0.5.0-SNAPSHOT/hadoop-hdds-client-0.5.0-SNAPSHOT.jar:/home/user/.m2/repository/org/apache/hadoop/hadoop-ozone-common/0.5.0-SNAPSHOT/hadoop-ozone-common-0.5.0-SNAPSHOT.jar:/home/user/.m2/repository/org/apache/hadoop/hadoop-hdds-tools/0.5.0-SNAPSHOT/hadoop-hdds-tools-0.5.0-SNAPSHOT.jar:/home/user/.m2/repository/org/xerial/sqlite-jdbc/3.25.2/sqlite-jdbc-3.25.2.jar:/home/user/.m2/repository/org/apache/httpcomponents/httpclient/4.5.2/httpclient-4.5.2.jar:/home/user/.m2/repository/org/apache/httpcomponents/httpcore/4.4.4/httpcore-4.4.4.jar:/home/user/.m2/repository/com/github/spotbugs/spotbugs/3.1.12/spotbugs-3.1.12.jar:/home/user/.m2/repository/org/ow2/asm/asm/5.0.4/asm-5.0.4.jar:/home/user/.m2/repository/org/ow2/asm/asm-analysis/7.0/asm-analysis-7.0.jar:/home/user/.m2/repository/org/ow2/asm/asm-commons/7.0/asm-commons-7.0.jar:/home/user/.m2/repository/org/ow2/asm/asm-tree/7.0/asm-tree-7.0.jar:/home/user/.m2/repository/org/ow2/asm/asm-util/7.0/asm-util-7.0.jar:/home/user/.m2/repository/org/apache/bcel/bcel/6.3/bcel-6.3.jar:/home/user/.m2/repository/net/jcip/jcip-annotations/1.0/jcip-annotations-1.0.jar:/home/user/.m2/repository/org/dom4j/dom4j/2.1.1/dom4j-2.1.1.jar:/home/user/.m2/repository/jaxen/jaxen/1.1.6/jaxen-1.1.6.jar:/home/user/.m2/repository/commons-lang/commons-lang/2.6/commons-lang-2.6.jar:/home/user/.m2/repository/com/github/spotbugs/spotbugs-annotations/3.1.12/spotbugs-annotations-3.1.12.jar:/home/user/.m2/repository/org/apache/hadoop/hadoop-common/3.2.0/hadoop-common-3.2.0-tests.jar:/home/user/.m2/repository/org/apache/hadoop/hadoop-ozone-client/0.5.0-SNAPSHOT/hadoop-ozone-client-0.5.0-SNAPSHOT.jar:/home/user/.m2/repository/org/apache/hadoop/hadoop-hdfs/3.2.0/hadoop-hdfs-3.2.0-tests.jar:/workdir/hadoop-ozone/integration-test/target/test-classes:/home/user/.m2/repository/org/apache/hadoop/hadoop-ozone-s3gateway/0.5.0-SNAPSHOT/hadoop-ozone-s3gateway-0.5.0-SNAPSHOT.jar:/home/user/.m2/repository/org/jboss/weld/servlet/weld-servlet/2.4.7.Final/weld-servlet-2.4.7.Final.jar:/home/user/.m2/repository/org/glassfish/jersey/containers/jersey-container-servlet-core/2.27/jersey-container-servlet-core-2.27.jar:/home/user/.m2/repository/org/glassfish/hk2/external/javax.inject/2.5.0-b42/javax.inject-2.5.0-b42.jar:/home/user/.m2/repository/org/glassfish/jersey/core/jersey-common/2.27/jersey-common-2.27.jar:/home/user/.m2/repository/org/glassfish/hk2/osgi-resource-locator/1.0.1/osgi-resource-locator-1.0.1.jar:/home/user/.m2/repository/javax/ws/rs/javax.ws.rs-api/2.1/javax.ws.rs-api-2.1.jar:/home/user/.m2/repository/org/glassfish/jersey/ext/cdi/jersey-cdi1x/2.27/jersey-cdi1x-2.27.jar:/home/user/.m2/repository/org/glassfish/jersey/inject/jersey-hk2/2.27/jersey-hk2-2.27.jar:/home/user/.m2/repository/org/glassfish/hk2/hk2-locator/2.5.0-b42/hk2-locator-2.5.0-b42.jar:/home/user/.m2/repository/org/javassist/javassist/3.22.0-CR2/javassist-3.22.0-CR2.jar:/home/user/.m2/repository/org/glassfish/hk2/hk2-api/2.5.0/hk2-api-2.5.0.jar:/home/user/.m2/repository/org/glassfish/hk2/external/jakarta.inject/2.5.0/jakarta.inject-2.5.0.jar:/home/user/.m2/repository/org/glassfish/hk2/hk2-utils/2.5.0/hk2-utils-2.5.0.jar:/home/user/.m2/repository/jakarta/annotation/jakarta.annotation-api/1.3.4/jakarta.annotation-api-1.3.4.jar:/home/user/.m2/repository/org/glassfish/hk2/external/aopalliance-repackaged/2.5.0/aopalliance-repackaged-2.5.0.jar:/home/user/.m2/repository/com/fasterxml/jackson/dataformat/jackson-dataformat-xml/2.9.0/jackson-dataformat-xml-2.9.0.jar:/home/user/.m2/repository/com/fasterxml/jackson/module/jackson-module-jaxb-annotations/2.9.9/jackson-module-jaxb-annotations-2.9.9.jar:/home/user/.m2/repository/javax/enterprise/cdi-api/1.2/cdi-api-1.2.jar:/home/user/.m2/repository/javax/el/javax.el-api/3.0.0/javax.el-api-3.0.0.jar:/home/user/.m2/repository/javax/interceptor/javax.interceptor-api/1.2/javax.interceptor-api-1.2.jar:/home/user/.m2/repository/javax/inject/javax.inject/1/javax.inject-1.jar:/home/user/.m2/repository/com/sun/xml/bind/jaxb-core/2.3.0.1/jaxb-core-2.3.0.1.jar:/home/user/.m2/repository/javax/xml/bind/jaxb-api/2.3.0/jaxb-api-2.3.0.jar:/home/user/.m2/repository/javax/activation/activation/1.1.1/activation-1.1.1.jar:/home/user/.m2/repository/org/apache/hadoop/hadoop-ozone-csi/0.5.0-SNAPSHOT/hadoop-ozone-csi-0.5.0-SNAPSHOT.jar:/home/user/.m2/repository/com/google/protobuf/protobuf-java-util/3.5.1/protobuf-java-util-3.5.1.jar:/home/user/.m2/repository/io/grpc/grpc-netty/1.17.1/grpc-netty-1.17.1.jar:/home/user/.m2/repository/io/grpc/grpc-core/1.17.1/grpc-core-1.17.1.jar:/home/user/.m2/repository/io/grpc/grpc-context/1.17.1/grpc-context-1.17.1.jar:/home/user/.m2/repository/com/google/errorprone/error_prone_annotations/2.2.0/error_prone_annotations-2.2.0.jar:/home/user/.m2/repository/org/codehaus/mojo/animal-sniffer-annotations/1.17/animal-sniffer-annotations-1.17.jar:/home/user/.m2/repository/io/opencensus/opencensus-api/0.17.0/opencensus-api-0.17.0.jar:/home/user/.m2/repository/io/opencensus/opencensus-contrib-grpc-metrics/0.17.0/opencensus-contrib-grpc-metrics-0.17.0.jar:/home/user/.m2/repository/io/netty/netty-codec-http2/4.1.30.Final/netty-codec-http2-4.1.30.Final.jar:/home/user/.m2/repository/io/netty/netty-codec-http/4.1.30.Final/netty-codec-http-4.1.30.Final.jar:/home/user/.m2/repository/io/netty/netty-codec/4.1.30.Final/netty-codec-4.1.30.Final.jar:/home/user/.m2/repository/io/netty/netty-handler/4.1.30.Final/netty-handler-4.1.30.Final.jar:/home/user/.m2/repository/io/netty/netty-handler-proxy/4.1.30.Final/netty-handler-proxy-4.1.30.Final.jar:/home/user/.m2/repository/io/netty/netty-codec-socks/4.1.30.Final/netty-codec-socks-4.1.30.Final.jar:/home/user/.m2/repository/io/netty/netty-transport-native-epoll/4.1.30.Final/netty-transport-native-epoll-4.1.30.Final.jar:/home/user/.m2/repository/io/netty/netty-common/4.1.30.Final/netty-common-4.1.30.Final.jar:/home/user/.m2/repository/io/netty/netty-buffer/4.1.30.Final/netty-buffer-4.1.30.Final.jar:/home/user/.m2/repository/io/netty/netty-transport/4.1.30.Final/netty-transport-4.1.30.Final.jar:/home/user/.m2/repository/io/netty/netty-resolver/4.1.30.Final/netty-resolver-4.1.30.Final.jar:/home/user/.m2/repository/io/netty/netty-transport-native-unix-common/4.1.30.Final/netty-transport-native-unix-common-4.1.30.Final.jar:/home/user/.m2/repository/io/grpc/grpc-protobuf/1.17.1/grpc-protobuf-1.17.1.jar:/home/user/.m2/repository/com/google/api/grpc/proto-google-common-protos/1.0.0/proto-google-common-protos-1.0.0.jar:/home/user/.m2/repository/io/grpc/grpc-protobuf-lite/1.17.1/grpc-protobuf-lite-1.17.1.jar:/home/user/.m2/repository/io/grpc/grpc-stub/1.17.1/grpc-stub-1.17.1.jar:/home/user/.m2/repository/org/apache/hadoop/hadoop-ozone-recon/0.5.0-SNAPSHOT/hadoop-ozone-recon-0.5.0-SNAPSHOT.jar:/home/user/.m2/repository/org/apache/hadoop/hadoop-ozone-reconcodegen/0.5.0-SNAPSHOT/hadoop-ozone-reconcodegen-0.5.0-SNAPSHOT.jar:/home/user/.m2/repository/com/google/inject/extensions/guice-multibindings/4.0/guice-multibindings-4.0.jar:/home/user/.m2/repository/com/google/inject/guice/4.0/guice-4.0.jar:/home/user/.m2/repository/aopalliance/aopalliance/1.0/aopalliance-1.0.jar:/home/user/.m2/repository/org/glassfish/jersey/containers/jersey-container-servlet/2.27/jersey-container-servlet-2.27.jar:/home/user/.m2/repository/org/glassfish/hk2/guice-bridge/2.5.0/guice-bridge-2.5.0.jar:/home/user/.m2/repository/org/glassfish/jersey/core/jersey-server/2.27/jersey-server-2.27.jar:/home/user/.m2/repository/org/glassfish/jersey/core/jersey-client/2.27/jersey-client-2.27.jar:/home/user/.m2/repository/org/glassfish/jersey/media/jersey-media-jaxb/2.27/jersey-media-jaxb-2.27.jar:/home/user/.m2/repository/javax/validation/validation-api/1.1.0.Final/validation-api-1.1.0.Final.jar:/home/user/.m2/repository/org/glassfish/jersey/media/jersey-media-json-jackson/2.27/jersey-media-json-jackson-2.27.jar:/home/user/.m2/repository/org/glassfish/jersey/ext/jersey-entity-filtering/2.27/jersey-entity-filtering-2.27.jar:/home/user/.m2/repository/com/google/inject/extensions/guice-assistedinject/4.0/guice-assistedinject-4.0.jar:/home/user/.m2/repository/org/jooq/jooq/3.11.10/jooq-3.11.10.jar:/home/user/.m2/repository/org/jooq/jooq-meta/3.11.10/jooq-meta-3.11.10.jar:/home/user/.m2/repository/org/jooq/jooq-codegen/3.11.10/jooq-codegen-3.11.10.jar:/home/user/.m2/repository/com/jolbox/bonecp/0.8.0.RELEASE/bonecp-0.8.0.RELEASE.jar:/home/user/.m2/repository/org/springframework/spring-jdbc/5.1.3.RELEASE/spring-jdbc-5.1.3.RELEASE.jar:/home/user/.m2/repository/org/springframework/spring-beans/5.1.3.RELEASE/spring-beans-5.1.3.RELEASE.jar:/home/user/.m2/repository/org/springframework/spring-core/5.1.3.RELEASE/spring-core-5.1.3.RELEASE.jar:/home/user/.m2/repository/org/springframework/spring-jcl/5.1.3.RELEASE/spring-jcl-5.1.3.RELEASE.jar:/home/user/.m2/repository/org/springframework/spring-tx/5.1.3.RELEASE/spring-tx-5.1.3.RELEASE.jar:/home/user/.m2/repository/org/mockito/mockito-all/1.10.19/mockito-all-1.10.19.jar:/home/user/.m2/repository/junit/junit/4.11/junit-4.11.jar:/home/user/.m2/repository/org/hamcrest/hamcrest-core/1.3/hamcrest-core-1.3.jar:/home/user/.m2/repository/org/apache/hadoop/hadoop-distcp/3.2.0/hadoop-distcp-3.2.0.jar:/home/user/.m2/repository/org/apache/hadoop/hadoop-distcp/3.2.0/hadoop-distcp-3.2.0-tests.jar:/home/user/.m2/repository/org/apache/hadoop/hadoop-mapreduce-client-jobclient/3.2.0/hadoop-mapreduce-client-jobclient-3.2.0.jar:/home/user/.m2/repository/org/apache/hadoop/hadoop-mapreduce-client-common/3.2.0/hadoop-mapreduce-client-common-3.2.0.jar:/home/user/.m2/repository/org/apache/hadoop/hadoop-yarn-common/3.2.0/hadoop-yarn-common-3.2.0.jar:/home/user/.m2/repository/org/apache/hadoop/hadoop-yarn-api/3.2.0/hadoop-yarn-api-3.2.0.jar:/home/user/.m2/repository/com/sun/jersey/jersey-client/1.19/jersey-client-1.19.jar:/home/user/.m2/repository/com/sun/jersey/contribs/jersey-guice/1.19/jersey-guice-1.19.jar:/home/user/.m2/repository/com/fasterxml/jackson/jaxrs/jackson-jaxrs-json-provider/2.9.9/jackson-jaxrs-json-provider-2.9.9.jar:/home/user/.m2/repository/com/fasterxml/jackson/jaxrs/jackson-jaxrs-base/2.9.9/jackson-jaxrs-base-2.9.9.jar:/home/user/.m2/repository/org/apache/hadoop/hadoop-yarn-client/3.2.0/hadoop-yarn-client-3.2.0.jar:/home/user/.m2/repository/org/apache/hadoop/hadoop-mapreduce-client-core/3.2.0/hadoop-mapreduce-client-core-3.2.0.jar:/home/user/.m2/repository/com/google/inject/extensions/guice-servlet/4.0/guice-servlet-4.0.jar:/home/user/.m2/repository/org/powermock/powermock-module-junit4/1.6.5/powermock-module-junit4-1.6.5.jar:/home/user/.m2/repository/org/powermock/powermock-module-junit4-common/1.6.5/powermock-module-junit4-common-1.6.5.jar:/home/user/.m2/repository/org/powermock/powermock-core/1.6.5/powermock-core-1.6.5.jar:/home/user/.m2/repository/org/powermock/powermock-reflect/1.6.5/powermock-reflect-1.6.5.jar:/home/user/.m2/repository/org/powermock/powermock-api-mockito/1.6.5/powermock-api-mockito-1.6.5.jar:/home/user/.m2/repository/org/mockito/mockito-core/1.10.19/mockito-core-1.10.19.jar:/home/user/.m2/repository/org/objenesis/objenesis/1.0/objenesis-1.0.jar:/home/user/.m2/repository/org/powermock/powermock-api-mockito-common/1.6.5/powermock-api-mockito-common-1.6.5.jar:/home/user/.m2/repository/org/powermock/powermock-api-support/1.6.5/powermock-api-support-1.6.5.jar:"/>
    <property name="sun.cpu.endian" value="little"/>
    <property name="user.home" value="/home/user"/>
    <property name="user.language" value="en"/>
    <property name="java.specification.vendor" value="Oracle Corporation"/>
    <property name="java.home" value="/usr/lib/jvm/java-1.8-openjdk/jre"/>
    <property name="java.security.krb5.conf" value="/workdir/hadoop-ozone/ozonefs/target/test-classes/krb5.conf"/>
    <property name="basedir" value="/workdir/hadoop-ozone/ozonefs"/>
    <property name="file.separator" value="/"/>
    <property name="line.separator" value="&#10;"/>
    <property name="java.vm.specification.vendor" value="Oracle Corporation"/>
    <property name="java.specification.name" value="Java Platform API Specification"/>
    <property name="java.awt.graphicsenv" value="sun.awt.X11GraphicsEnvironment"/>
    <property name="surefire.real.class.path" value="/workdir/hadoop-ozone/ozonefs/target/surefire/surefirebooter3579145186579968944.jar"/>
    <property name="hadoop.log.dir" value="/workdir/hadoop-ozone/ozonefs/target/log"/>
    <property name="sun.boot.class.path" value="/usr/lib/jvm/java-1.8-openjdk/jre/lib/resources.jar:/usr/lib/jvm/java-1.8-openjdk/jre/lib/rt.jar:/usr/lib/jvm/java-1.8-openjdk/jre/lib/sunrsasign.jar:/usr/lib/jvm/java-1.8-openjdk/jre/lib/jsse.jar:/usr/lib/jvm/java-1.8-openjdk/jre/lib/jce.jar:/usr/lib/jvm/java-1.8-openjdk/jre/lib/charsets.jar:/usr/lib/jvm/java-1.8-openjdk/jre/lib/jfr.jar:/usr/lib/jvm/java-1.8-openjdk/jre/classes"/>
    <property name="sun.management.compiler" value="HotSpot 64-Bit Tiered Compilers"/>
    <property name="java.runtime.version" value="1.8.0_212-b04"/>
    <property name="java.net.preferIPv4Stack" value="true"/>
    <property name="user.name" value="jenkins1000"/>
    <property name="path.separator" value=":"/>
    <property name="java.security.egd" value="file:///dev/urandom"/>
    <property name="os.version" value="3.10.0-957.12.2.el7.x86_64"/>
    <property name="java.endorsed.dirs" value="/usr/lib/jvm/java-1.8-openjdk/jre/lib/endorsed"/>
    <property name="java.runtime.name" value="OpenJDK Runtime Environment"/>
    <property name="file.encoding" value="UTF-8"/>
    <property name="java.vm.name" value="OpenJDK 64-Bit Server VM"/>
    <property name="test.build.webapps" value=""/>
    <property name="localRepository" value="/home/user/.m2/repository"/>
    <property name="java.vendor.url.bug" value="https://icedtea.classpath.org/bugzilla"/>
    <property name="java.io.tmpdir" value="/tmp"/>
    <property name="require.test.libhadoop" value=""/>
    <property name="java.version" value="1.8.0_212"/>
    <property name="user.dir" value="/workdir/hadoop-ozone/ozonefs"/>
    <property name="os.arch" value="amd64"/>
    <property name="java.vm.specification.name" value="Java Virtual Machine Specification"/>
    <property name="test.build.classes" value="/workdir/hadoop-ozone/ozonefs/target/test-classes"/>
    <property name="java.awt.printerjob" value="sun.print.PSPrinterJob"/>
    <property name="sun.os.patch.level" value="unknown"/>
    <property name="hadoop.tmp.dir" value="/workdir/hadoop-ozone/ozonefs/target/tmp"/>
    <property name="java.library.path" value="/usr/lib/jvm/java-1.8-openjdk/jre/lib/amd64/server:/usr/lib/jvm/java-1.8-openjdk/jre/lib/amd64:/usr/lib/jvm/java-1.8-openjdk/jre/../lib/amd64:/workdir/hadoop-ozone/ozonefs/target/native/target/usr/local/lib:/workdir/hadoop-ozone/ozonefs/../../hadoop-common-project/hadoop-common/target/native/target/usr/local/lib:/usr/java/packages/lib/amd64:/usr/lib64:/lib64:/lib:/usr/lib"/>
    <property name="java.vm.info" value="mixed mode"/>
    <property name="java.vendor" value="IcedTea"/>
    <property name="java.vm.version" value="25.212-b04"/>
    <property name="java.ext.dirs" value="/usr/lib/jvm/java-1.8-openjdk/jre/lib/ext:/usr/java/packages/lib/ext"/>
    <property name="sun.io.unicode.encoding" value="UnicodeLittle"/>
    <property name="java.class.version" value="52.0"/>
  </properties>
  <testcase name="testOzoneFsServiceLoader" classname="org.apache.hadoop.fs.ozone.TestOzoneFileSystem" time="22.548"/>
  <testcase name="testListStatusOnRoot" classname="org.apache.hadoop.fs.ozone.TestOzoneFileSystem" time="17.126">
    <error message="Volume not found volume32213" type="VOLUME_NOT_FOUND org.apache.hadoop.ozone.om.exceptions.OMException">VOLUME_NOT_FOUND org.apache.hadoop.ozone.om.exceptions.OMException: Volume not found volume32213
	at org.apache.hadoop.ozone.om.protocolPB.OzoneManagerProtocolClientSideTranslatorPB.handleError(OzoneManagerProtocolClientSideTranslatorPB.java:732)
	at org.apache.hadoop.ozone.om.protocolPB.OzoneManagerProtocolClientSideTranslatorPB.createDirectory(OzoneManagerProtocolClientSideTranslatorPB.java:1377)
	at sun.reflect.NativeMethodAccessorImpl.invoke0(Native Method)
	at sun.reflect.NativeMethodAccessorImpl.invoke(NativeMethodAccessorImpl.java:62)
	at sun.reflect.DelegatingMethodAccessorImpl.invoke(DelegatingMethodAccessorImpl.java:43)
	at java.lang.reflect.Method.invoke(Method.java:498)
	at org.apache.hadoop.hdds.tracing.TraceAllMethod.invoke(TraceAllMethod.java:66)
	at com.sun.proxy.$Proxy38.createDirectory(Unknown Source)
	at org.apache.hadoop.ozone.client.rpc.RpcClient.createDirectory(RpcClient.java:976)
	at org.apache.hadoop.ozone.client.OzoneBucket.createDirectory(OzoneBucket.java:503)
	at org.apache.hadoop.fs.ozone.BasicOzoneClientAdapterImpl.createDirectory(BasicOzoneClientAdapterImpl.java:236)
	at org.apache.hadoop.fs.ozone.BasicOzoneFileSystem.mkdir(BasicOzoneFileSystem.java:597)
	at org.apache.hadoop.fs.ozone.BasicOzoneFileSystem.mkdirs(BasicOzoneFileSystem.java:607)
	at org.apache.hadoop.fs.FileSystem.mkdirs(FileSystem.java:2275)
	at org.apache.hadoop.fs.ozone.TestOzoneFileSystem.testListStatusOnRoot(TestOzoneFileSystem.java:188)
	at sun.reflect.NativeMethodAccessorImpl.invoke0(Native Method)
	at sun.reflect.NativeMethodAccessorImpl.invoke(NativeMethodAccessorImpl.java:62)
	at sun.reflect.DelegatingMethodAccessorImpl.invoke(DelegatingMethodAccessorImpl.java:43)
	at java.lang.reflect.Method.invoke(Method.java:498)
	at org.junit.runners.model.FrameworkMethod$1.runReflectiveCall(FrameworkMethod.java:47)
	at org.junit.internal.runners.model.ReflectiveCallable.run(ReflectiveCallable.java:12)
	at org.junit.runners.model.FrameworkMethod.invokeExplosively(FrameworkMethod.java:44)
	at org.junit.internal.runners.statements.InvokeMethod.evaluate(InvokeMethod.java:17)
	at org.junit.internal.runners.statements.RunBefores.evaluate(RunBefores.java:26)
	at org.junit.internal.runners.statements.RunAfters.evaluate(RunAfters.java:27)
	at org.junit.internal.runners.statements.FailOnTimeout$StatementThread.run(FailOnTimeout.java:74)
</error>
    <system-out><![CDATA[2019-10-03 02:14:51,616 [Thread-224] WARN  server.ServerUtils (ServerUtils.java:getScmDbDir(145)) - ozone.scm.db.dirs is not configured. We recommend adding this setting. Falling back to ozone.metadata.dirs instead.
2019-10-03 02:14:51,638 [Thread-224] WARN  server.ServerUtils (ServerUtils.java:getScmDbDir(145)) - ozone.scm.db.dirs is not configured. We recommend adding this setting. Falling back to ozone.metadata.dirs instead.
2019-10-03 02:14:51,638 [Thread-224] WARN  server.ServerUtils (ServerUtils.java:getScmDbDir(145)) - ozone.scm.db.dirs is not configured. We recommend adding this setting. Falling back to ozone.metadata.dirs instead.
2019-10-03 02:14:51,639 [Thread-224] INFO  db.DBStoreBuilder (DBStoreBuilder.java:addTable(110)) - using custom profile for table: deletedBlocks
2019-10-03 02:14:51,639 [Thread-224] INFO  db.DBStoreBuilder (DBStoreBuilder.java:processTables(161)) - Using default column profile:DBProfile.DISK for Table:deletedBlocks
2019-10-03 02:14:51,639 [Thread-224] INFO  db.DBStoreBuilder (DBStoreBuilder.java:addTable(110)) - using custom profile for table: validCerts
2019-10-03 02:14:51,639 [Thread-224] INFO  db.DBStoreBuilder (DBStoreBuilder.java:processTables(161)) - Using default column profile:DBProfile.DISK for Table:validCerts
2019-10-03 02:14:51,640 [Thread-224] INFO  db.DBStoreBuilder (DBStoreBuilder.java:addTable(110)) - using custom profile for table: revokedCerts
2019-10-03 02:14:51,640 [Thread-224] INFO  db.DBStoreBuilder (DBStoreBuilder.java:processTables(161)) - Using default column profile:DBProfile.DISK for Table:revokedCerts
2019-10-03 02:14:51,640 [Thread-224] INFO  db.DBStoreBuilder (DBStoreBuilder.java:addTable(110)) - using custom profile for table: default
2019-10-03 02:14:51,640 [Thread-224] INFO  db.DBStoreBuilder (DBStoreBuilder.java:processTables(167)) - Using default column profile:DBProfile.DISK for Table:default
2019-10-03 02:14:51,641 [Thread-224] INFO  db.DBStoreBuilder (DBStoreBuilder.java:getDbProfile(198)) - Using default options. DBProfile.DISK
2019-10-03 02:14:51,864 [Thread-224] INFO  net.NodeSchemaLoader (NodeSchemaLoader.java:loadSchemaFromFile(125)) - Loading file from sun.misc.CompoundEnumeration@3cb4bd90
2019-10-03 02:14:51,864 [Thread-224] INFO  net.NodeSchemaLoader (NodeSchemaLoader.java:loadSchema(171)) - Loading network topology layer schema file
2019-10-03 02:14:51,869 [Thread-224] WARN  server.ServerUtils (ServerUtils.java:sanitizeUserArgs(70)) - ozone.scm.stale.node.interval value = 300000 is larger than max = 100000 based on the key value of ozone.scm.heartbeat.thread.interval, reset to the max value 100000.
2019-10-03 02:14:51,869 [Thread-224] WARN  server.ServerUtils (ServerUtils.java:sanitizeUserArgs(70)) - ozone.scm.stale.node.interval value = 300000 is larger than max = 100000 based on the key value of ozone.scm.heartbeat.thread.interval, reset to the max value 100000.
2019-10-03 02:14:51,870 [Thread-224] INFO  node.SCMNodeManager (SCMNodeManager.java:<init>(114)) - Entering startup safe mode.
2019-10-03 02:14:51,871 [Thread-224] INFO  algorithms.ContainerPlacementPolicyFactory (ContainerPlacementPolicyFactory.java:getPolicy(57)) - Create container placement policy of type org.apache.hadoop.hdds.scm.container.placement.algorithms.SCMContainerPlacementRandom
2019-10-03 02:14:51,871 [Thread-224] WARN  server.ServerUtils (ServerUtils.java:getScmDbDir(145)) - ozone.scm.db.dirs is not configured. We recommend adding this setting. Falling back to ozone.metadata.dirs instead.
2019-10-03 02:14:51,953 [Thread-224] INFO  pipeline.SCMPipelineManager (SCMPipelineManager.java:initializePipelineState(132)) - No pipeline exists in current db
2019-10-03 02:14:51,954 [Thread-224] WARN  server.ServerUtils (ServerUtils.java:getScmDbDir(145)) - ozone.scm.db.dirs is not configured. We recommend adding this setting. Falling back to ozone.metadata.dirs instead.
2019-10-03 02:14:52,041 [Thread-224] WARN  events.EventQueue (EventQueue.java:fireEvent(183)) - No event handler registered for event TypedEvent{payloadType=SafeModeStatus, name='SafeModeStatus'}
2019-10-03 02:14:52,042 [Thread-224] INFO  ipc.CallQueueManager (CallQueueManager.java:<init>(84)) - Using callQueue: class java.util.concurrent.LinkedBlockingQueue, queueCapacity: 2000, scheduler: class org.apache.hadoop.ipc.DefaultRpcScheduler, ipcBackoff: false.
2019-10-03 02:14:52,043 [Socket Reader #1 for port 37150] INFO  ipc.Server (Server.java:run(1074)) - Starting Socket Reader #1 for port 37150
2019-10-03 02:14:52,045 [Thread-224] INFO  ipc.CallQueueManager (CallQueueManager.java:<init>(84)) - Using callQueue: class java.util.concurrent.LinkedBlockingQueue, queueCapacity: 2000, scheduler: class org.apache.hadoop.ipc.DefaultRpcScheduler, ipcBackoff: false.
2019-10-03 02:14:52,046 [Socket Reader #1 for port 40611] INFO  ipc.Server (Server.java:run(1074)) - Starting Socket Reader #1 for port 40611
2019-10-03 02:14:52,047 [Thread-224] INFO  ipc.CallQueueManager (CallQueueManager.java:<init>(84)) - Using callQueue: class java.util.concurrent.LinkedBlockingQueue, queueCapacity: 2000, scheduler: class org.apache.hadoop.ipc.DefaultRpcScheduler, ipcBackoff: false.
2019-10-03 02:14:52,048 [Socket Reader #1 for port 40840] INFO  ipc.Server (Server.java:run(1074)) - Starting Socket Reader #1 for port 40840
2019-10-03 02:14:52,050 [Thread-224] INFO  hdfs.DFSUtil (DFSUtil.java:httpServerTemplateForNNAndJN(1641)) - Starting Web-server for scm at: http://0.0.0.0:0
2019-10-03 02:14:52,053 [Thread-224] INFO  server.AuthenticationFilter (AuthenticationFilter.java:constructSecretProvider(240)) - Unable to initialize FileSignerSecretProvider, falling back to use random secrets.
2019-10-03 02:14:52,053 [Thread-224] WARN  http.HttpRequestLog (HttpRequestLog.java:getRequestLog(97)) - Jetty request log can only be enabled using Log4j
2019-10-03 02:14:52,056 [Thread-224] INFO  http.HttpServer2 (HttpServer2.java:addGlobalFilter(975)) - Added global filter 'safety' (class=org.apache.hadoop.http.HttpServer2$QuotingInputFilter)
2019-10-03 02:14:52,056 [Thread-224] INFO  http.HttpServer2 (HttpServer2.java:addFilter(948)) - Added filter static_user_filter (class=org.apache.hadoop.http.lib.StaticUserWebFilter$StaticUserFilter) to context scm
2019-10-03 02:14:52,057 [Thread-224] INFO  http.HttpServer2 (HttpServer2.java:addFilter(958)) - Added filter static_user_filter (class=org.apache.hadoop.http.lib.StaticUserWebFilter$StaticUserFilter) to context logs
2019-10-03 02:14:52,057 [Thread-224] INFO  http.HttpServer2 (HttpServer2.java:addFilter(958)) - Added filter static_user_filter (class=org.apache.hadoop.http.lib.StaticUserWebFilter$StaticUserFilter) to context static
2019-10-03 02:14:52,060 [Thread-224] INFO  server.StorageContainerManager (StorageContainerManager.java:start(770)) - StorageContainerLocationProtocol RPC server is listening at /0.0.0.0:40840
2019-10-03 02:14:52,062 [Thread-224] WARN  impl.MetricsConfig (MetricsConfig.java:loadFirst(134)) - Cannot locate configuration: tried hadoop-metrics2-storagecontainermanager.properties,hadoop-metrics2.properties
2019-10-03 02:14:52,063 [Thread-224] INFO  impl.MetricsSystemImpl (MetricsSystemImpl.java:startTimer(374)) - Scheduled Metric snapshot period at 10 second(s).
2019-10-03 02:14:52,063 [Thread-224] INFO  impl.MetricsSystemImpl (MetricsSystemImpl.java:start(191)) - StorageContainerManager metrics system started
2019-10-03 02:14:52,095 [Thread-224] WARN  impl.MetricsSystemImpl (MetricsSystemImpl.java:register(276)) - Sink prometheus already exists!
2019-10-03 02:14:52,106 [Thread-224] INFO  server.SCMClientProtocolServer (SCMClientProtocolServer.java:start(150)) - RPC server for Client  is listening at /0.0.0.0:40840
2019-10-03 02:14:52,107 [IPC Server Responder] INFO  ipc.Server (Server.java:run(1314)) - IPC Server Responder: starting
2019-10-03 02:14:52,107 [IPC Server listener on 40840] INFO  ipc.Server (Server.java:run(1153)) - IPC Server listener on 40840: starting
2019-10-03 02:14:52,110 [Thread-224] INFO  server.StorageContainerManager (StorageContainerManager.java:start(780)) - ScmBlockLocationProtocol RPC server is listening at /0.0.0.0:40611
2019-10-03 02:14:52,111 [Thread-224] INFO  server.SCMBlockProtocolServer (SCMBlockProtocolServer.java:start(146)) - RPC server for Block Protocol is listening at /0.0.0.0:40611
2019-10-03 02:14:52,111 [IPC Server Responder] INFO  ipc.Server (Server.java:run(1314)) - IPC Server Responder: starting
2019-10-03 02:14:52,111 [IPC Server listener on 40611] INFO  ipc.Server (Server.java:run(1153)) - IPC Server listener on 40611: starting
2019-10-03 02:14:52,115 [Thread-224] INFO  server.StorageContainerManager (StorageContainerManager.java:start(784)) - ScmDatanodeProtocl RPC server is listening at /0.0.0.0:37150
2019-10-03 02:14:52,115 [Thread-224] INFO  server.SCMDatanodeProtocolServer (SCMDatanodeProtocolServer.java:start(191)) - RPC server for DataNodes is listening at /0.0.0.0:37150
2019-10-03 02:14:52,116 [IPC Server Responder] INFO  ipc.Server (Server.java:run(1314)) - IPC Server Responder: starting
2019-10-03 02:14:52,116 [IPC Server listener on 37150] INFO  ipc.Server (Server.java:run(1153)) - IPC Server listener on 37150: starting
2019-10-03 02:14:52,120 [Thread-224] INFO  http.HttpServer2 (HttpServer2.java:bindListener(1191)) - Jetty bound to port 43405
2019-10-03 02:14:52,120 [Thread-224] INFO  server.Server (Server.java:doStart(351)) - jetty-9.3.25.v20180904, build timestamp: 2018-09-04T21:11:46Z, git hash: 3ce520221d0240229c862b122d2b06c12a625732
2019-10-03 02:14:52,122 [Thread-224] INFO  handler.ContextHandler (ContextHandler.java:doStart(781)) - Started o.e.j.s.ServletContextHandler@48ff1425{/logs,file:///workdir/hadoop-ozone/ozonefs/target/log,AVAILABLE}
2019-10-03 02:14:52,123 [Thread-224] INFO  handler.ContextHandler (ContextHandler.java:doStart(781)) - Started o.e.j.s.ServletContextHandler@1755825a{/static,jar:file:/home/user/.m2/repository/org/apache/hadoop/hadoop-hdds-server-scm/0.5.0-SNAPSHOT/hadoop-hdds-server-scm-0.5.0-SNAPSHOT.jar!/webapps/static,AVAILABLE}
2019-10-03 02:14:52,177 [Thread-224] INFO  handler.ContextHandler (ContextHandler.java:doStart(781)) - Started o.e.j.w.WebAppContext@552e25f5{/,file:///tmp/jetty-0.0.0.0-43405-scm-_-any-8371674093771227259.dir/webapp/,AVAILABLE}{/scm}
2019-10-03 02:14:52,177 [Thread-224] INFO  server.AbstractConnector (AbstractConnector.java:doStart(278)) - Started ServerConnector@815ec8b{HTTP/1.1,[http/1.1]}{0.0.0.0:43405}
2019-10-03 02:14:52,178 [Thread-224] INFO  server.Server (Server.java:doStart(419)) - Started @23581ms
2019-10-03 02:14:52,178 [Thread-224] WARN  impl.MetricsSystemImpl (MetricsSystemImpl.java:register(276)) - Sink prometheus already exists!
2019-10-03 02:14:52,179 [Thread-224] INFO  server.BaseHttpServer (BaseHttpServer.java:updateConnectorAddress(215)) - HTTP server of SCM is listening at http://0.0.0.0:43405
2019-10-03 02:14:52,179 [Thread-224] WARN  server.ServerUtils (ServerUtils.java:getDBPath(222)) - ozone.om.db.dirs is not configured. We recommend adding this setting. Falling back to ozone.metadata.dirs instead.
2019-10-03 02:14:52,180 [org.apache.hadoop.util.JvmPauseMonitor$Monitor@765ca90f] INFO  util.JvmPauseMonitor (JvmPauseMonitor.java:run(188)) - Starting JVM pause monitor
2019-10-03 02:14:52,207 [Thread-224] WARN  server.ServerUtils (ServerUtils.java:getDBPath(222)) - ozone.om.db.dirs is not configured. We recommend adding this setting. Falling back to ozone.metadata.dirs instead.
2019-10-03 02:14:52,207 [Thread-224] WARN  server.ServerUtils (ServerUtils.java:getDBPath(222)) - ozone.om.db.dirs is not configured. We recommend adding this setting. Falling back to ozone.metadata.dirs instead.
2019-10-03 02:14:52,207 [Thread-224] INFO  om.OzoneManager (OzoneManager.java:setOMNodeDetails(652)) - OM Service ID is not set. Setting it to the default ID: omServiceIdDefault
2019-10-03 02:14:52,208 [Thread-224] INFO  om.OzoneManager (OzoneManager.java:setOMNodeDetails(658)) - OM Node ID is not set. Setting it to the OmStorage's OmID: 8767556a-8a3f-47a6-83b2-6b9b930d966e
2019-10-03 02:14:52,208 [Thread-224] INFO  om.OzoneManager (OzoneManager.java:loadOMHAConfigs(609)) - Found matching OM address with OMServiceId: null, OMNodeId: null, RPC Address: localhost:0 and Ratis port: 9872
2019-10-03 02:14:52,216 [Thread-224] WARN  server.ServerUtils (ServerUtils.java:getDBPath(222)) - ozone.om.db.dirs is not configured. We recommend adding this setting. Falling back to ozone.metadata.dirs instead.
2019-10-03 02:14:52,216 [Thread-224] INFO  db.DBStoreBuilder (DBStoreBuilder.java:addTable(110)) - using custom profile for table: userTable
2019-10-03 02:14:52,216 [Thread-224] INFO  db.DBStoreBuilder (DBStoreBuilder.java:processTables(161)) - Using default column profile:DBProfile.DISK for Table:userTable
2019-10-03 02:14:52,217 [Thread-224] INFO  db.DBStoreBuilder (DBStoreBuilder.java:addTable(110)) - using custom profile for table: volumeTable
2019-10-03 02:14:52,217 [Thread-224] INFO  db.DBStoreBuilder (DBStoreBuilder.java:processTables(161)) - Using default column profile:DBProfile.DISK for Table:volumeTable
2019-10-03 02:14:52,217 [Thread-224] INFO  db.DBStoreBuilder (DBStoreBuilder.java:addTable(110)) - using custom profile for table: bucketTable
2019-10-03 02:14:52,217 [Thread-224] INFO  db.DBStoreBuilder (DBStoreBuilder.java:processTables(161)) - Using default column profile:DBProfile.DISK for Table:bucketTable
2019-10-03 02:14:52,218 [Thread-224] INFO  db.DBStoreBuilder (DBStoreBuilder.java:addTable(110)) - using custom profile for table: keyTable
2019-10-03 02:14:52,218 [Thread-224] INFO  db.DBStoreBuilder (DBStoreBuilder.java:processTables(161)) - Using default column profile:DBProfile.DISK for Table:keyTable
2019-10-03 02:14:52,218 [Thread-224] INFO  db.DBStoreBuilder (DBStoreBuilder.java:addTable(110)) - using custom profile for table: deletedTable
2019-10-03 02:14:52,218 [Thread-224] INFO  db.DBStoreBuilder (DBStoreBuilder.java:processTables(161)) - Using default column profile:DBProfile.DISK for Table:deletedTable
2019-10-03 02:14:52,218 [Thread-224] INFO  db.DBStoreBuilder (DBStoreBuilder.java:addTable(110)) - using custom profile for table: openKeyTable
2019-10-03 02:14:52,218 [Thread-224] INFO  db.DBStoreBuilder (DBStoreBuilder.java:processTables(161)) - Using default column profile:DBProfile.DISK for Table:openKeyTable
2019-10-03 02:14:52,219 [Thread-224] INFO  db.DBStoreBuilder (DBStoreBuilder.java:addTable(110)) - using custom profile for table: s3Table
2019-10-03 02:14:52,219 [Thread-224] INFO  db.DBStoreBuilder (DBStoreBuilder.java:processTables(161)) - Using default column profile:DBProfile.DISK for Table:s3Table
2019-10-03 02:14:52,219 [Thread-224] INFO  db.DBStoreBuilder (DBStoreBuilder.java:addTable(110)) - using custom profile for table: multipartInfoTable
2019-10-03 02:14:52,219 [Thread-224] INFO  db.DBStoreBuilder (DBStoreBuilder.java:processTables(161)) - Using default column profile:DBProfile.DISK for Table:multipartInfoTable
2019-10-03 02:14:52,220 [Thread-224] INFO  db.DBStoreBuilder (DBStoreBuilder.java:addTable(110)) - using custom profile for table: dTokenTable
2019-10-03 02:14:52,220 [Thread-224] INFO  db.DBStoreBuilder (DBStoreBuilder.java:processTables(161)) - Using default column profile:DBProfile.DISK for Table:dTokenTable
2019-10-03 02:14:52,220 [Thread-224] INFO  db.DBStoreBuilder (DBStoreBuilder.java:addTable(110)) - using custom profile for table: s3SecretTable
2019-10-03 02:14:52,220 [Thread-224] INFO  db.DBStoreBuilder (DBStoreBuilder.java:processTables(161)) - Using default column profile:DBProfile.DISK for Table:s3SecretTable
2019-10-03 02:14:52,220 [Thread-224] INFO  db.DBStoreBuilder (DBStoreBuilder.java:addTable(110)) - using custom profile for table: prefixTable
2019-10-03 02:14:52,220 [Thread-224] INFO  db.DBStoreBuilder (DBStoreBuilder.java:processTables(161)) - Using default column profile:DBProfile.DISK for Table:prefixTable
2019-10-03 02:14:52,221 [Thread-224] INFO  db.DBStoreBuilder (DBStoreBuilder.java:addTable(110)) - using custom profile for table: default
2019-10-03 02:14:52,221 [Thread-224] INFO  db.DBStoreBuilder (DBStoreBuilder.java:processTables(167)) - Using default column profile:DBProfile.DISK for Table:default
2019-10-03 02:14:52,221 [Thread-224] INFO  db.DBStoreBuilder (DBStoreBuilder.java:getDbProfile(198)) - Using default options. DBProfile.DISK
2019-10-03 02:14:52,884 [Thread-224] INFO  ipc.CallQueueManager (CallQueueManager.java:<init>(84)) - Using callQueue: class java.util.concurrent.LinkedBlockingQueue, queueCapacity: 2000, scheduler: class org.apache.hadoop.ipc.DefaultRpcScheduler, ipcBackoff: false.
2019-10-03 02:14:52,885 [Socket Reader #1 for port 40310] INFO  ipc.Server (Server.java:run(1074)) - Starting Socket Reader #1 for port 40310
2019-10-03 02:14:52,909 [Thread-224] INFO  om.OzoneManager (OzoneManager.java:start(1243)) - OzoneManager RPC server is listening at localhost/127.0.0.1:40310
2019-10-03 02:14:52,909 [Thread-224] INFO  impl.MetricsSystemImpl (MetricsSystemImpl.java:init(158)) - OzoneManager metrics system started (again)
2019-10-03 02:14:52,910 [IPC Server Responder] INFO  ipc.Server (Server.java:run(1314)) - IPC Server Responder: starting
2019-10-03 02:14:52,910 [IPC Server listener on 40310] INFO  ipc.Server (Server.java:run(1153)) - IPC Server listener on 40310: starting
2019-10-03 02:14:52,916 [Thread-224] INFO  hdfs.DFSUtil (DFSUtil.java:httpServerTemplateForNNAndJN(1641)) - Starting Web-server for ozoneManager at: http://0.0.0.0:0
2019-10-03 02:14:52,918 [Thread-224] INFO  server.AuthenticationFilter (AuthenticationFilter.java:constructSecretProvider(240)) - Unable to initialize FileSignerSecretProvider, falling back to use random secrets.
2019-10-03 02:14:52,919 [Thread-224] WARN  http.HttpRequestLog (HttpRequestLog.java:getRequestLog(97)) - Jetty request log can only be enabled using Log4j
2019-10-03 02:14:52,920 [Thread-224] INFO  http.HttpServer2 (HttpServer2.java:addGlobalFilter(975)) - Added global filter 'safety' (class=org.apache.hadoop.http.HttpServer2$QuotingInputFilter)
2019-10-03 02:14:52,921 [Thread-224] INFO  http.HttpServer2 (HttpServer2.java:addFilter(948)) - Added filter static_user_filter (class=org.apache.hadoop.http.lib.StaticUserWebFilter$StaticUserFilter) to context ozoneManager
2019-10-03 02:14:52,921 [Thread-224] INFO  http.HttpServer2 (HttpServer2.java:addFilter(958)) - Added filter static_user_filter (class=org.apache.hadoop.http.lib.StaticUserWebFilter$StaticUserFilter) to context logs
2019-10-03 02:14:52,921 [Thread-224] INFO  http.HttpServer2 (HttpServer2.java:addFilter(958)) - Added filter static_user_filter (class=org.apache.hadoop.http.lib.StaticUserWebFilter$StaticUserFilter) to context static
2019-10-03 02:14:52,922 [Thread-224] INFO  http.HttpServer2 (HttpServer2.java:bindListener(1191)) - Jetty bound to port 42391
2019-10-03 02:14:52,922 [Thread-224] INFO  server.Server (Server.java:doStart(351)) - jetty-9.3.25.v20180904, build timestamp: 2018-09-04T21:11:46Z, git hash: 3ce520221d0240229c862b122d2b06c12a625732
2019-10-03 02:14:52,925 [Thread-224] INFO  handler.ContextHandler (ContextHandler.java:doStart(781)) - Started o.e.j.s.ServletContextHandler@2fd95be9{/logs,file:///workdir/hadoop-ozone/ozonefs/target/log,AVAILABLE}
2019-10-03 02:14:52,926 [Thread-224] INFO  handler.ContextHandler (ContextHandler.java:doStart(781)) - Started o.e.j.s.ServletContextHandler@62483f42{/static,jar:file:/home/user/.m2/repository/org/apache/hadoop/hadoop-ozone-ozone-manager/0.5.0-SNAPSHOT/hadoop-ozone-ozone-manager-0.5.0-SNAPSHOT.jar!/webapps/static,AVAILABLE}
2019-10-03 02:14:52,972 [Thread-224] INFO  handler.ContextHandler (ContextHandler.java:doStart(781)) - Started o.e.j.w.WebAppContext@37a753e8{/,file:///tmp/jetty-0.0.0.0-42391-ozoneManager-_-any-4902484883214096168.dir/webapp/,AVAILABLE}{/ozoneManager}
2019-10-03 02:14:52,972 [Thread-224] INFO  server.AbstractConnector (AbstractConnector.java:doStart(278)) - Started ServerConnector@2b9245e9{HTTP/1.1,[http/1.1]}{0.0.0.0:42391}
2019-10-03 02:14:52,973 [Thread-224] INFO  server.Server (Server.java:doStart(419)) - Started @24376ms
2019-10-03 02:14:52,973 [Thread-224] WARN  impl.MetricsSystemImpl (MetricsSystemImpl.java:register(276)) - Sink prometheus already exists!
2019-10-03 02:14:52,974 [Thread-224] INFO  server.BaseHttpServer (BaseHttpServer.java:updateConnectorAddress(215)) - HTTP server of OZONEMANAGER is listening at http://0.0.0.0:42391
2019-10-03 02:14:52,983 [Thread-224] INFO  impl.MetricsSystemImpl (MetricsSystemImpl.java:init(158)) - HddsDatanode metrics system started (again)
2019-10-03 02:14:52,984 [Thread-224] INFO  ozone.HddsDatanodeService (HddsDatanodeService.java:start(184)) - HddsDatanodeService host:pr-hdds-1737-89jld-2007629010 ip:192.168.164.205
2019-10-03 02:14:52,992 [Thread-224] INFO  volume.HddsVolume (HddsVolume.java:<init>(176)) - Creating Volume: /workdir/hadoop-ozone/ozonefs/target/test-dir/MiniOzoneClusterImpl-c5b0e0f8-c51b-4999-bcb8-cb8adedc6842/datanode-0/data/containers/hdds of  storage type : DISK and capacity : 1482555576320
2019-10-03 02:14:52,992 [Thread-224] INFO  volume.VolumeSet (VolumeSet.java:initializeVolumeSet(170)) - Added Volume : /workdir/hadoop-ozone/ozonefs/target/test-dir/MiniOzoneClusterImpl-c5b0e0f8-c51b-4999-bcb8-cb8adedc6842/datanode-0/data/containers/hdds to VolumeSet
2019-10-03 02:14:52,993 [Thread-224] INFO  volume.ThrottledAsyncChecker (ThrottledAsyncChecker.java:schedule(139)) - Scheduling a check for org.apache.hadoop.ozone.container.common.volume.HddsVolume@45547619
2019-10-03 02:14:52,993 [Thread-224] INFO  volume.HddsVolumeChecker (HddsVolumeChecker.java:checkAllVolumes(202)) - Scheduled health check for volume org.apache.hadoop.ozone.container.common.volume.HddsVolume@45547619
2019-10-03 02:14:53,016 [Thread-224] INFO  impl.RaftServerProxy (ConfUtils.java:logGet(43)) - raft.rpc.type = GRPC (default)
2019-10-03 02:14:53,017 [Thread-224] INFO  grpc.GrpcFactory (GrpcFactory.java:checkPooledByteBufAllocatorUseCacheForAllThreads(45)) - PERFORMANCE WARNING: useCacheForAllThreads is true that may cause Netty to create a lot garbage objects and, as a result, trigger GC.
	It is recommended to disable useCacheForAllThreads by setting -Dorg.apache.ratis.thirdparty.io.netty.allocator.useCacheForAllThreads=false in command line.
2019-10-03 02:14:53,017 [Thread-224] INFO  grpc.GrpcConfigKeys$Server (ConfUtils.java:logGet(43)) - raft.grpc.server.port = 0 (default)
2019-10-03 02:14:53,018 [Thread-224] INFO  server.GrpcService (ConfUtils.java:logGet(43)) - raft.grpc.message.size.max = 33570816 (custom)
2019-10-03 02:14:53,018 [Thread-224] INFO  server.RaftServerConfigKeys (ConfUtils.java:logGet(43)) - raft.server.log.appender.buffer.byte-limit = 33554432 (custom)
2019-10-03 02:14:53,018 [Thread-224] INFO  server.GrpcService (ConfUtils.java:logGet(43)) - raft.grpc.flow.control.window = 1MB (=1048576) (default)
2019-10-03 02:14:53,019 [Thread-224] INFO  server.RaftServerConfigKeys (ConfUtils.java:logGet(43)) - raft.server.rpc.request.timeout = 3000ms (default)
2019-10-03 02:14:53,020 [Thread-224] INFO  server.RaftServerConfigKeys (ConfUtils.java:logGet(43)) - raft.server.storage.dir = [/workdir/hadoop-ozone/ozonefs/target/test-dir/MiniOzoneClusterImpl-c5b0e0f8-c51b-4999-bcb8-cb8adedc6842/datanode-0/data/ratis] (custom)
2019-10-03 02:14:53,022 [Thread-224] INFO  hdfs.DFSUtil (DFSUtil.java:httpServerTemplateForNNAndJN(1641)) - Starting Web-server for hddsDatanode at: http://0.0.0.0:0
2019-10-03 02:14:53,023 [Thread-224] INFO  server.AuthenticationFilter (AuthenticationFilter.java:constructSecretProvider(240)) - Unable to initialize FileSignerSecretProvider, falling back to use random secrets.
2019-10-03 02:14:53,024 [Thread-224] WARN  http.HttpRequestLog (HttpRequestLog.java:getRequestLog(97)) - Jetty request log can only be enabled using Log4j
2019-10-03 02:14:53,026 [Thread-224] INFO  http.HttpServer2 (HttpServer2.java:addGlobalFilter(975)) - Added global filter 'safety' (class=org.apache.hadoop.http.HttpServer2$QuotingInputFilter)
2019-10-03 02:14:53,027 [Thread-224] INFO  http.HttpServer2 (HttpServer2.java:addFilter(948)) - Added filter static_user_filter (class=org.apache.hadoop.http.lib.StaticUserWebFilter$StaticUserFilter) to context hddsDatanode
2019-10-03 02:14:53,027 [Thread-224] INFO  http.HttpServer2 (HttpServer2.java:addFilter(958)) - Added filter static_user_filter (class=org.apache.hadoop.http.lib.StaticUserWebFilter$StaticUserFilter) to context static
2019-10-03 02:14:53,027 [Thread-224] INFO  http.HttpServer2 (HttpServer2.java:addFilter(958)) - Added filter static_user_filter (class=org.apache.hadoop.http.lib.StaticUserWebFilter$StaticUserFilter) to context logs
2019-10-03 02:14:53,028 [Thread-224] INFO  http.HttpServer2 (HttpServer2.java:bindListener(1191)) - Jetty bound to port 46084
2019-10-03 02:14:53,028 [Thread-224] INFO  server.Server (Server.java:doStart(351)) - jetty-9.3.25.v20180904, build timestamp: 2018-09-04T21:11:46Z, git hash: 3ce520221d0240229c862b122d2b06c12a625732
2019-10-03 02:14:53,030 [Thread-224] INFO  handler.ContextHandler (ContextHandler.java:doStart(781)) - Started o.e.j.s.ServletContextHandler@224a62e4{/logs,file:///workdir/hadoop-ozone/ozonefs/target/log,AVAILABLE}
2019-10-03 02:14:53,030 [Thread-224] INFO  handler.ContextHandler (ContextHandler.java:doStart(781)) - Started o.e.j.s.ServletContextHandler@123b7317{/static,jar:file:/home/user/.m2/repository/org/apache/hadoop/hadoop-hdds-container-service/0.5.0-SNAPSHOT/hadoop-hdds-container-service-0.5.0-SNAPSHOT.jar!/webapps/static,AVAILABLE}
2019-10-03 02:14:53,059 [Thread-224] INFO  handler.ContextHandler (ContextHandler.java:doStart(781)) - Started o.e.j.w.WebAppContext@1dfc78b9{/,file:///tmp/jetty-0.0.0.0-46084-hddsDatanode-_-any-7526662503332867822.dir/webapp/,AVAILABLE}{/hddsDatanode}
2019-10-03 02:14:53,059 [Thread-224] INFO  server.AbstractConnector (AbstractConnector.java:doStart(278)) - Started ServerConnector@21923874{HTTP/1.1,[http/1.1]}{0.0.0.0:46084}
2019-10-03 02:14:53,060 [Thread-224] INFO  server.Server (Server.java:doStart(419)) - Started @24463ms
2019-10-03 02:14:53,060 [Thread-224] WARN  impl.MetricsSystemImpl (MetricsSystemImpl.java:register(276)) - Sink prometheus already exists!
2019-10-03 02:14:53,061 [Thread-224] INFO  server.BaseHttpServer (BaseHttpServer.java:updateConnectorAddress(215)) - HTTP server of HDDSDATANODE is listening at http://0.0.0.0:46084
2019-10-03 02:14:53,061 [Thread-224] INFO  impl.MetricsSystemImpl (MetricsSystemImpl.java:init(158)) - HddsDatanode metrics system started (again)
2019-10-03 02:14:53,064 [org.apache.hadoop.util.JvmPauseMonitor$Monitor@20298a5c] INFO  util.JvmPauseMonitor (JvmPauseMonitor.java:run(188)) - Starting JVM pause monitor
2019-10-03 02:14:53,065 [Thread-224] INFO  ozone.HddsDatanodeService (HddsDatanodeService.java:start(184)) - HddsDatanodeService host:pr-hdds-1737-89jld-2007629010 ip:192.168.164.205
2019-10-03 02:14:53,067 [Datanode State Machine Thread - 0] INFO  datanode.InitDatanodeState (InitDatanodeState.java:persistContainerDatanodeDetails(140)) - DatanodeDetails is persisted to /workdir/hadoop-ozone/ozonefs/target/test-dir/MiniOzoneClusterImpl-c5b0e0f8-c51b-4999-bcb8-cb8adedc6842/datanode-0/meta/datanode.id
2019-10-03 02:14:53,074 [Thread-224] INFO  volume.HddsVolume (HddsVolume.java:<init>(176)) - Creating Volume: /workdir/hadoop-ozone/ozonefs/target/test-dir/MiniOzoneClusterImpl-c5b0e0f8-c51b-4999-bcb8-cb8adedc6842/datanode-1/data/containers/hdds of  storage type : DISK and capacity : 1482555576320
2019-10-03 02:14:53,075 [Thread-224] INFO  volume.VolumeSet (VolumeSet.java:initializeVolumeSet(170)) - Added Volume : /workdir/hadoop-ozone/ozonefs/target/test-dir/MiniOzoneClusterImpl-c5b0e0f8-c51b-4999-bcb8-cb8adedc6842/datanode-1/data/containers/hdds to VolumeSet
2019-10-03 02:14:53,075 [Thread-224] INFO  volume.ThrottledAsyncChecker (ThrottledAsyncChecker.java:schedule(139)) - Scheduling a check for org.apache.hadoop.ozone.container.common.volume.HddsVolume@532f1b55
2019-10-03 02:14:53,075 [Thread-224] INFO  volume.HddsVolumeChecker (HddsVolumeChecker.java:checkAllVolumes(202)) - Scheduled health check for volume org.apache.hadoop.ozone.container.common.volume.HddsVolume@532f1b55
2019-10-03 02:14:53,099 [Thread-224] INFO  impl.RaftServerProxy (ConfUtils.java:logGet(43)) - raft.rpc.type = GRPC (default)
2019-10-03 02:14:53,099 [Thread-224] INFO  grpc.GrpcFactory (GrpcFactory.java:checkPooledByteBufAllocatorUseCacheForAllThreads(45)) - PERFORMANCE WARNING: useCacheForAllThreads is true that may cause Netty to create a lot garbage objects and, as a result, trigger GC.
	It is recommended to disable useCacheForAllThreads by setting -Dorg.apache.ratis.thirdparty.io.netty.allocator.useCacheForAllThreads=false in command line.
2019-10-03 02:14:53,099 [Thread-224] INFO  grpc.GrpcConfigKeys$Server (ConfUtils.java:logGet(43)) - raft.grpc.server.port = 0 (default)
2019-10-03 02:14:53,099 [Thread-224] INFO  server.GrpcService (ConfUtils.java:logGet(43)) - raft.grpc.message.size.max = 33570816 (custom)
2019-10-03 02:14:53,100 [Thread-224] INFO  server.RaftServerConfigKeys (ConfUtils.java:logGet(43)) - raft.server.log.appender.buffer.byte-limit = 33554432 (custom)
2019-10-03 02:14:53,100 [Thread-224] INFO  server.GrpcService (ConfUtils.java:logGet(43)) - raft.grpc.flow.control.window = 1MB (=1048576) (default)
2019-10-03 02:14:53,100 [Thread-224] INFO  server.RaftServerConfigKeys (ConfUtils.java:logGet(43)) - raft.server.rpc.request.timeout = 3000ms (default)
2019-10-03 02:14:53,100 [Thread-224] INFO  server.RaftServerConfigKeys (ConfUtils.java:logGet(43)) - raft.server.storage.dir = [/workdir/hadoop-ozone/ozonefs/target/test-dir/MiniOzoneClusterImpl-c5b0e0f8-c51b-4999-bcb8-cb8adedc6842/datanode-1/data/ratis] (custom)
2019-10-03 02:14:53,102 [Thread-224] INFO  hdfs.DFSUtil (DFSUtil.java:httpServerTemplateForNNAndJN(1641)) - Starting Web-server for hddsDatanode at: http://0.0.0.0:0
2019-10-03 02:14:53,103 [Thread-224] INFO  server.AuthenticationFilter (AuthenticationFilter.java:constructSecretProvider(240)) - Unable to initialize FileSignerSecretProvider, falling back to use random secrets.
2019-10-03 02:14:53,103 [Thread-224] WARN  http.HttpRequestLog (HttpRequestLog.java:getRequestLog(97)) - Jetty request log can only be enabled using Log4j
2019-10-03 02:14:53,105 [Thread-224] INFO  http.HttpServer2 (HttpServer2.java:addGlobalFilter(975)) - Added global filter 'safety' (class=org.apache.hadoop.http.HttpServer2$QuotingInputFilter)
2019-10-03 02:14:53,109 [Thread-224] INFO  http.HttpServer2 (HttpServer2.java:addFilter(948)) - Added filter static_user_filter (class=org.apache.hadoop.http.lib.StaticUserWebFilter$StaticUserFilter) to context hddsDatanode
2019-10-03 02:14:53,109 [Thread-224] INFO  http.HttpServer2 (HttpServer2.java:addFilter(958)) - Added filter static_user_filter (class=org.apache.hadoop.http.lib.StaticUserWebFilter$StaticUserFilter) to context logs
2019-10-03 02:14:53,109 [Thread-224] INFO  http.HttpServer2 (HttpServer2.java:addFilter(958)) - Added filter static_user_filter (class=org.apache.hadoop.http.lib.StaticUserWebFilter$StaticUserFilter) to context static
2019-10-03 02:14:53,110 [Thread-224] INFO  http.HttpServer2 (HttpServer2.java:bindListener(1191)) - Jetty bound to port 39794
2019-10-03 02:14:53,110 [Thread-224] INFO  server.Server (Server.java:doStart(351)) - jetty-9.3.25.v20180904, build timestamp: 2018-09-04T21:11:46Z, git hash: 3ce520221d0240229c862b122d2b06c12a625732
2019-10-03 02:14:53,112 [Thread-224] INFO  handler.ContextHandler (ContextHandler.java:doStart(781)) - Started o.e.j.s.ServletContextHandler@22b5a71{/logs,file:///workdir/hadoop-ozone/ozonefs/target/log,AVAILABLE}
2019-10-03 02:14:53,113 [Thread-224] INFO  handler.ContextHandler (ContextHandler.java:doStart(781)) - Started o.e.j.s.ServletContextHandler@75f105ae{/static,jar:file:/home/user/.m2/repository/org/apache/hadoop/hadoop-hdds-container-service/0.5.0-SNAPSHOT/hadoop-hdds-container-service-0.5.0-SNAPSHOT.jar!/webapps/static,AVAILABLE}
2019-10-03 02:14:53,141 [Thread-224] INFO  handler.ContextHandler (ContextHandler.java:doStart(781)) - Started o.e.j.w.WebAppContext@6be6d9c{/,file:///tmp/jetty-0.0.0.0-39794-hddsDatanode-_-any-9003609373257724638.dir/webapp/,AVAILABLE}{/hddsDatanode}
2019-10-03 02:14:53,142 [Thread-224] INFO  server.AbstractConnector (AbstractConnector.java:doStart(278)) - Started ServerConnector@137fc2ce{HTTP/1.1,[http/1.1]}{0.0.0.0:39794}
2019-10-03 02:14:53,143 [Thread-224] INFO  server.Server (Server.java:doStart(419)) - Started @24546ms
2019-10-03 02:14:53,143 [Thread-224] WARN  impl.MetricsSystemImpl (MetricsSystemImpl.java:register(276)) - Sink prometheus already exists!
2019-10-03 02:14:53,144 [Thread-224] INFO  server.BaseHttpServer (BaseHttpServer.java:updateConnectorAddress(215)) - HTTP server of HDDSDATANODE is listening at http://0.0.0.0:39794
2019-10-03 02:14:53,144 [Thread-224] INFO  impl.MetricsSystemImpl (MetricsSystemImpl.java:init(158)) - HddsDatanode metrics system started (again)
2019-10-03 02:14:53,146 [Thread-224] INFO  ozone.HddsDatanodeService (HddsDatanodeService.java:start(184)) - HddsDatanodeService host:pr-hdds-1737-89jld-2007629010 ip:192.168.164.205
2019-10-03 02:14:53,147 [org.apache.hadoop.util.JvmPauseMonitor$Monitor@759a1ee0] INFO  util.JvmPauseMonitor (JvmPauseMonitor.java:run(188)) - Starting JVM pause monitor
2019-10-03 02:14:53,149 [Datanode State Machine Thread - 0] INFO  datanode.InitDatanodeState (InitDatanodeState.java:persistContainerDatanodeDetails(140)) - DatanodeDetails is persisted to /workdir/hadoop-ozone/ozonefs/target/test-dir/MiniOzoneClusterImpl-c5b0e0f8-c51b-4999-bcb8-cb8adedc6842/datanode-1/meta/datanode.id
2019-10-03 02:14:53,154 [Thread-224] INFO  volume.HddsVolume (HddsVolume.java:<init>(176)) - Creating Volume: /workdir/hadoop-ozone/ozonefs/target/test-dir/MiniOzoneClusterImpl-c5b0e0f8-c51b-4999-bcb8-cb8adedc6842/datanode-2/data/containers/hdds of  storage type : DISK and capacity : 1482555576320
2019-10-03 02:14:53,154 [Thread-224] INFO  volume.VolumeSet (VolumeSet.java:initializeVolumeSet(170)) - Added Volume : /workdir/hadoop-ozone/ozonefs/target/test-dir/MiniOzoneClusterImpl-c5b0e0f8-c51b-4999-bcb8-cb8adedc6842/datanode-2/data/containers/hdds to VolumeSet
2019-10-03 02:14:53,154 [Thread-224] INFO  volume.ThrottledAsyncChecker (ThrottledAsyncChecker.java:schedule(139)) - Scheduling a check for org.apache.hadoop.ozone.container.common.volume.HddsVolume@105c7b5f
2019-10-03 02:14:53,155 [Thread-224] INFO  volume.HddsVolumeChecker (HddsVolumeChecker.java:checkAllVolumes(202)) - Scheduled health check for volume org.apache.hadoop.ozone.container.common.volume.HddsVolume@105c7b5f
2019-10-03 02:14:53,175 [Thread-224] INFO  impl.RaftServerProxy (ConfUtils.java:logGet(43)) - raft.rpc.type = GRPC (default)
2019-10-03 02:14:53,175 [Thread-224] INFO  grpc.GrpcFactory (GrpcFactory.java:checkPooledByteBufAllocatorUseCacheForAllThreads(45)) - PERFORMANCE WARNING: useCacheForAllThreads is true that may cause Netty to create a lot garbage objects and, as a result, trigger GC.
	It is recommended to disable useCacheForAllThreads by setting -Dorg.apache.ratis.thirdparty.io.netty.allocator.useCacheForAllThreads=false in command line.
2019-10-03 02:14:53,175 [Thread-224] INFO  grpc.GrpcConfigKeys$Server (ConfUtils.java:logGet(43)) - raft.grpc.server.port = 0 (default)
2019-10-03 02:14:53,175 [Thread-224] INFO  server.GrpcService (ConfUtils.java:logGet(43)) - raft.grpc.message.size.max = 33570816 (custom)
2019-10-03 02:14:53,176 [Thread-224] INFO  server.RaftServerConfigKeys (ConfUtils.java:logGet(43)) - raft.server.log.appender.buffer.byte-limit = 33554432 (custom)
2019-10-03 02:14:53,176 [Thread-224] INFO  server.GrpcService (ConfUtils.java:logGet(43)) - raft.grpc.flow.control.window = 1MB (=1048576) (default)
2019-10-03 02:14:53,176 [Thread-224] INFO  server.RaftServerConfigKeys (ConfUtils.java:logGet(43)) - raft.server.rpc.request.timeout = 3000ms (default)
2019-10-03 02:14:53,176 [Thread-224] INFO  server.RaftServerConfigKeys (ConfUtils.java:logGet(43)) - raft.server.storage.dir = [/workdir/hadoop-ozone/ozonefs/target/test-dir/MiniOzoneClusterImpl-c5b0e0f8-c51b-4999-bcb8-cb8adedc6842/datanode-2/data/ratis] (custom)
2019-10-03 02:14:53,178 [Thread-224] INFO  hdfs.DFSUtil (DFSUtil.java:httpServerTemplateForNNAndJN(1641)) - Starting Web-server for hddsDatanode at: http://0.0.0.0:0
2019-10-03 02:14:53,179 [Thread-224] INFO  server.AuthenticationFilter (AuthenticationFilter.java:constructSecretProvider(240)) - Unable to initialize FileSignerSecretProvider, falling back to use random secrets.
2019-10-03 02:14:53,180 [Thread-224] WARN  http.HttpRequestLog (HttpRequestLog.java:getRequestLog(97)) - Jetty request log can only be enabled using Log4j
2019-10-03 02:14:53,181 [Thread-224] INFO  http.HttpServer2 (HttpServer2.java:addGlobalFilter(975)) - Added global filter 'safety' (class=org.apache.hadoop.http.HttpServer2$QuotingInputFilter)
2019-10-03 02:14:53,182 [Thread-224] INFO  http.HttpServer2 (HttpServer2.java:addFilter(948)) - Added filter static_user_filter (class=org.apache.hadoop.http.lib.StaticUserWebFilter$StaticUserFilter) to context hddsDatanode
2019-10-03 02:14:53,182 [Thread-224] INFO  http.HttpServer2 (HttpServer2.java:addFilter(958)) - Added filter static_user_filter (class=org.apache.hadoop.http.lib.StaticUserWebFilter$StaticUserFilter) to context static
2019-10-03 02:14:53,182 [Thread-224] INFO  http.HttpServer2 (HttpServer2.java:addFilter(958)) - Added filter static_user_filter (class=org.apache.hadoop.http.lib.StaticUserWebFilter$StaticUserFilter) to context logs
2019-10-03 02:14:53,183 [Thread-224] INFO  http.HttpServer2 (HttpServer2.java:bindListener(1191)) - Jetty bound to port 42155
2019-10-03 02:14:53,183 [Thread-224] INFO  server.Server (Server.java:doStart(351)) - jetty-9.3.25.v20180904, build timestamp: 2018-09-04T21:11:46Z, git hash: 3ce520221d0240229c862b122d2b06c12a625732
2019-10-03 02:14:53,185 [Thread-224] INFO  handler.ContextHandler (ContextHandler.java:doStart(781)) - Started o.e.j.s.ServletContextHandler@19a7038f{/logs,file:///workdir/hadoop-ozone/ozonefs/target/log,AVAILABLE}
2019-10-03 02:14:53,185 [Thread-224] INFO  handler.ContextHandler (ContextHandler.java:doStart(781)) - Started o.e.j.s.ServletContextHandler@492156f3{/static,jar:file:/home/user/.m2/repository/org/apache/hadoop/hadoop-hdds-container-service/0.5.0-SNAPSHOT/hadoop-hdds-container-service-0.5.0-SNAPSHOT.jar!/webapps/static,AVAILABLE}
2019-10-03 02:14:53,214 [Thread-224] INFO  handler.ContextHandler (ContextHandler.java:doStart(781)) - Started o.e.j.w.WebAppContext@7dbc04eb{/,file:///tmp/jetty-0.0.0.0-42155-hddsDatanode-_-any-8906633021952157383.dir/webapp/,AVAILABLE}{/hddsDatanode}
2019-10-03 02:14:53,215 [Thread-224] INFO  server.AbstractConnector (AbstractConnector.java:doStart(278)) - Started ServerConnector@40d6b2c2{HTTP/1.1,[http/1.1]}{0.0.0.0:42155}
2019-10-03 02:14:53,216 [Thread-224] INFO  server.Server (Server.java:doStart(419)) - Started @24619ms
2019-10-03 02:14:53,216 [Thread-224] WARN  impl.MetricsSystemImpl (MetricsSystemImpl.java:register(276)) - Sink prometheus already exists!
2019-10-03 02:14:53,216 [Thread-224] INFO  server.BaseHttpServer (BaseHttpServer.java:updateConnectorAddress(215)) - HTTP server of HDDSDATANODE is listening at http://0.0.0.0:42155
2019-10-03 02:14:53,217 [Thread-224] INFO  ozone.MiniOzoneClusterImpl (MiniOzoneClusterImpl.java:lambda$waitForClusterToBeReady$0(147)) - Waiting for cluster to be ready. Got 0 of 3 DN Heartbeats.
2019-10-03 02:14:53,220 [org.apache.hadoop.util.JvmPauseMonitor$Monitor@5e9f6f4d] INFO  util.JvmPauseMonitor (JvmPauseMonitor.java:run(188)) - Starting JVM pause monitor
2019-10-03 02:14:53,223 [Datanode State Machine Thread - 0] INFO  datanode.InitDatanodeState (InitDatanodeState.java:persistContainerDatanodeDetails(140)) - DatanodeDetails is persisted to /workdir/hadoop-ozone/ozonefs/target/test-dir/MiniOzoneClusterImpl-c5b0e0f8-c51b-4999-bcb8-cb8adedc6842/datanode-2/meta/datanode.id
2019-10-03 02:14:54,219 [Thread-224] INFO  ozone.MiniOzoneClusterImpl (MiniOzoneClusterImpl.java:lambda$waitForClusterToBeReady$0(147)) - Waiting for cluster to be ready. Got 0 of 3 DN Heartbeats.
2019-10-03 02:14:55,086 [Datanode State Machine Thread - 0] INFO  ozoneimpl.OzoneContainer (OzoneContainer.java:start(217)) - Attempting to start container services.
2019-10-03 02:14:55,087 [Datanode State Machine Thread - 0] INFO  ozoneimpl.OzoneContainer (OzoneContainer.java:startContainerScrub(179)) - Background container scanner has been disabled.
2019-10-03 02:14:55,087 [Datanode State Machine Thread - 0] INFO  ratis.XceiverServerRatis (XceiverServerRatis.java:start(417)) - Starting XceiverServerRatis 5924cf63-06f7-4ff4-94fd-c1172d2346d2 at port 0
2019-10-03 02:14:55,097 [Datanode State Machine Thread - 0] INFO  impl.RaftServerProxy (RaftServerProxy.java:lambda$start$3(299)) - 5924cf63-06f7-4ff4-94fd-c1172d2346d2: start RPC server
2019-10-03 02:14:55,102 [Datanode State Machine Thread - 0] INFO  server.GrpcService (GrpcService.java:startImpl(158)) - 5924cf63-06f7-4ff4-94fd-c1172d2346d2: GrpcService started, listening on 0.0.0.0/0.0.0.0:36250
2019-10-03 02:14:55,102 [Datanode State Machine Thread - 0] INFO  ratis.XceiverServerRatis (XceiverServerRatis.java:start(427)) - XceiverServerRatis 5924cf63-06f7-4ff4-94fd-c1172d2346d2 is started using port 36250
2019-10-03 02:14:55,105 [Datanode State Machine Thread - 0] INFO  server.XceiverServerGrpc (XceiverServerGrpc.java:start(149)) - XceiverServerGrpc 5924cf63-06f7-4ff4-94fd-c1172d2346d2 is started using port 46135
2019-10-03 02:14:55,164 [Datanode State Machine Thread - 0] INFO  ozoneimpl.OzoneContainer (OzoneContainer.java:start(217)) - Attempting to start container services.
2019-10-03 02:14:55,165 [Datanode State Machine Thread - 0] INFO  ozoneimpl.OzoneContainer (OzoneContainer.java:startContainerScrub(179)) - Background container scanner has been disabled.
2019-10-03 02:14:55,165 [Datanode State Machine Thread - 0] INFO  ratis.XceiverServerRatis (XceiverServerRatis.java:start(417)) - Starting XceiverServerRatis a7aad212-3339-4aaf-ad9f-55ad72b0d591 at port 0
2019-10-03 02:14:55,173 [Datanode State Machine Thread - 0] INFO  impl.RaftServerProxy (RaftServerProxy.java:lambda$start$3(299)) - a7aad212-3339-4aaf-ad9f-55ad72b0d591: start RPC server
2019-10-03 02:14:55,175 [Datanode State Machine Thread - 0] INFO  server.GrpcService (GrpcService.java:startImpl(158)) - a7aad212-3339-4aaf-ad9f-55ad72b0d591: GrpcService started, listening on 0.0.0.0/0.0.0.0:46214
2019-10-03 02:14:55,175 [Datanode State Machine Thread - 0] INFO  ratis.XceiverServerRatis (XceiverServerRatis.java:start(427)) - XceiverServerRatis a7aad212-3339-4aaf-ad9f-55ad72b0d591 is started using port 46214
2019-10-03 02:14:55,178 [Datanode State Machine Thread - 0] INFO  server.XceiverServerGrpc (XceiverServerGrpc.java:start(149)) - XceiverServerGrpc a7aad212-3339-4aaf-ad9f-55ad72b0d591 is started using port 44658
2019-10-03 02:14:55,221 [Thread-224] INFO  ozone.MiniOzoneClusterImpl (MiniOzoneClusterImpl.java:lambda$waitForClusterToBeReady$0(147)) - Waiting for cluster to be ready. Got 0 of 3 DN Heartbeats.
2019-10-03 02:14:55,237 [Datanode State Machine Thread - 0] INFO  ozoneimpl.OzoneContainer (OzoneContainer.java:start(217)) - Attempting to start container services.
2019-10-03 02:14:55,242 [Datanode State Machine Thread - 0] INFO  ozoneimpl.OzoneContainer (OzoneContainer.java:startContainerScrub(179)) - Background container scanner has been disabled.
2019-10-03 02:14:55,242 [Datanode State Machine Thread - 0] INFO  ratis.XceiverServerRatis (XceiverServerRatis.java:start(417)) - Starting XceiverServerRatis 1fd9a4e1-188d-41c2-ac27-bedd2c8f72db at port 0
2019-10-03 02:14:55,249 [Datanode State Machine Thread - 0] INFO  impl.RaftServerProxy (RaftServerProxy.java:lambda$start$3(299)) - 1fd9a4e1-188d-41c2-ac27-bedd2c8f72db: start RPC server
2019-10-03 02:14:55,252 [Datanode State Machine Thread - 0] INFO  server.GrpcService (GrpcService.java:startImpl(158)) - 1fd9a4e1-188d-41c2-ac27-bedd2c8f72db: GrpcService started, listening on 0.0.0.0/0.0.0.0:37390
2019-10-03 02:14:55,253 [Datanode State Machine Thread - 0] INFO  ratis.XceiverServerRatis (XceiverServerRatis.java:start(427)) - XceiverServerRatis 1fd9a4e1-188d-41c2-ac27-bedd2c8f72db is started using port 37390
2019-10-03 02:14:55,255 [Datanode State Machine Thread - 0] INFO  server.XceiverServerGrpc (XceiverServerGrpc.java:start(149)) - XceiverServerGrpc 1fd9a4e1-188d-41c2-ac27-bedd2c8f72db is started using port 43697
2019-10-03 02:14:56,221 [Thread-224] INFO  ozone.MiniOzoneClusterImpl (MiniOzoneClusterImpl.java:lambda$waitForClusterToBeReady$0(147)) - Waiting for cluster to be ready. Got 0 of 3 DN Heartbeats.
2019-10-03 02:14:57,070 [IPC Server handler 3 on 37150] INFO  net.NetworkTopology (NetworkTopologyImpl.java:add(111)) - Added a new node: /default-rack/5924cf63-06f7-4ff4-94fd-c1172d2346d2
2019-10-03 02:14:57,071 [IPC Server handler 3 on 37150] INFO  node.SCMNodeManager (SCMNodeManager.java:register(266)) - Registered Data node : 5924cf63-06f7-4ff4-94fd-c1172d2346d2{ip: 192.168.164.205, host: pr-hdds-1737-89jld-2007629010, networkLocation: /default-rack, certSerialId: null}
2019-10-03 02:14:57,073 [EventQueue-NodeRegistrationContainerReportForDataNodeSafeModeRule] INFO  safemode.SCMSafeModeManager (DataNodeSafeModeRule.java:process(71)) - SCM in safe mode. 1 DataNodes registered, 1 required.
2019-10-03 02:14:57,074 [EventQueue-NodeRegistrationContainerReportForDataNodeSafeModeRule] INFO  safemode.SCMSafeModeManager (SCMSafeModeManager.java:validateSafeModeExitRules(177)) - ScmSafeModeManager, all rules are successfully validated
2019-10-03 02:14:57,074 [EventQueue-NodeRegistrationContainerReportForDataNodeSafeModeRule] INFO  safemode.SCMSafeModeManager (SCMSafeModeManager.java:exitSafeMode(193)) - SCM exiting safe mode.
2019-10-03 02:14:57,107 [grpc-default-executor-0] INFO  impl.RaftServerProxy (RaftServerProxy.java:addNew(89)) - 5924cf63-06f7-4ff4-94fd-c1172d2346d2: addNew group-C57FA362727D:[5924cf63-06f7-4ff4-94fd-c1172d2346d2:192.168.164.205:36250] returns group-C57FA362727D:java.util.concurrent.CompletableFuture@2ed39e4f[Not completed]
2019-10-03 02:14:57,111 [pool-77-thread-1] INFO  impl.RaftServerImpl (RaftServerImpl.java:<init>(95)) - 5924cf63-06f7-4ff4-94fd-c1172d2346d2: new RaftServerImpl for group-C57FA362727D:[5924cf63-06f7-4ff4-94fd-c1172d2346d2:192.168.164.205:36250] with ContainerStateMachine:uninitialized
2019-10-03 02:14:57,112 [pool-77-thread-1] INFO  server.RaftServerConfigKeys (ConfUtils.java:logGet(43)) - raft.server.rpc.timeout.min = 5s (custom)
2019-10-03 02:14:57,112 [pool-77-thread-1] INFO  server.RaftServerConfigKeys (ConfUtils.java:logGet(43)) - raft.server.rpc.timeout.max = 5200ms (custom)
2019-10-03 02:14:57,112 [pool-77-thread-1] INFO  server.RaftServerConfigKeys (ConfUtils.java:logGet(43)) - raft.server.rpcslowness.timeout = 120s (custom)
2019-10-03 02:14:57,112 [pool-77-thread-1] INFO  server.RaftServerConfigKeys (ConfUtils.java:logGet(43)) - raft.server.sleep.deviation.threshold = 300 (default)
2019-10-03 02:14:57,112 [pool-77-thread-1] INFO  server.RaftServerConfigKeys (ConfUtils.java:logGet(43)) - raft.server.log.appender.install.snapshot.enabled = false (custom)
2019-10-03 02:14:57,112 [pool-77-thread-1] INFO  impl.RaftServerImpl (ServerState.java:<init>(103)) - 5924cf63-06f7-4ff4-94fd-c1172d2346d2@group-C57FA362727D: ConfigurationManager, init=-1: [5924cf63-06f7-4ff4-94fd-c1172d2346d2:192.168.164.205:36250], old=null, confs=<EMPTY_MAP>
2019-10-03 02:14:57,112 [pool-77-thread-1] INFO  server.RaftServerConfigKeys (ConfUtils.java:logGet(43)) - raft.server.storage.dir = [/workdir/hadoop-ozone/ozonefs/target/test-dir/MiniOzoneClusterImpl-c5b0e0f8-c51b-4999-bcb8-cb8adedc6842/datanode-0/data/ratis] (custom)
2019-10-03 02:14:57,113 [pool-77-thread-1] INFO  server.RaftServerConfigKeys (ConfUtils.java:logGet(43)) - raft.server.log.corruption.policy = EXCEPTION (default)
2019-10-03 02:14:57,113 [pool-77-thread-1] INFO  storage.RaftStorageDirectory (RaftStorageDirectory.java:analyzeStorage(246)) - The storage directory /workdir/hadoop-ozone/ozonefs/target/test-dir/MiniOzoneClusterImpl-c5b0e0f8-c51b-4999-bcb8-cb8adedc6842/datanode-0/data/ratis/cec1e072-82f9-4d96-8499-c57fa362727d does not exist. Creating ...
2019-10-03 02:14:57,126 [pool-77-thread-1] INFO  storage.RaftStorageDirectory (RaftStorageDirectory.java:tryLock(328)) - Lock on /workdir/hadoop-ozone/ozonefs/target/test-dir/MiniOzoneClusterImpl-c5b0e0f8-c51b-4999-bcb8-cb8adedc6842/datanode-0/data/ratis/cec1e072-82f9-4d96-8499-c57fa362727d/in_use.lock acquired by nodename 8307@pr-hdds-1737-89jld-2007629010
2019-10-03 02:14:57,141 [pool-77-thread-1] INFO  storage.RaftStorage (RaftStorage.java:format(84)) - Storage directory /workdir/hadoop-ozone/ozonefs/target/test-dir/MiniOzoneClusterImpl-c5b0e0f8-c51b-4999-bcb8-cb8adedc6842/datanode-0/data/ratis/cec1e072-82f9-4d96-8499-c57fa362727d has been successfully formatted.
2019-10-03 02:14:57,141 [pool-77-thread-1] INFO  ratis.ContainerStateMachine (ContainerStateMachine.java:loadSnapshot(230)) - group-C57FA362727D: The snapshot info is null. Setting the last applied indexto:(t:0, i:~)
2019-10-03 02:14:57,141 [pool-77-thread-1] INFO  server.RaftServerConfigKeys (ConfUtils.java:logGet(43)) - raft.server.notification.no-leader.timeout = 120s (custom)
2019-10-03 02:14:57,142 [pool-77-thread-1] INFO  server.RaftServerConfigKeys (ConfUtils.java:logGet(43)) - raft.server.log.use.memory = false (default)
2019-10-03 02:14:57,142 [pool-77-thread-1] INFO  server.RaftServerConfigKeys (ConfUtils.java:logGet(43)) - raft.server.log.purge.gap = 1000000 (custom)
2019-10-03 02:14:57,142 [pool-77-thread-1] INFO  server.RaftServerConfigKeys (ConfUtils.java:logGet(43)) - raft.server.log.appender.buffer.byte-limit = 33554432 (custom)
2019-10-03 02:14:57,142 [pool-77-thread-1] INFO  server.RaftServerConfigKeys (ConfUtils.java:logGet(43)) - raft.server.log.segment.size.max = 1048576 (custom)
2019-10-03 02:14:57,145 [pool-77-thread-1] INFO  server.RaftServerConfigKeys (ConfUtils.java:logGet(43)) - raft.server.log.segment.cache.num.max = 2 (custom)
2019-10-03 02:14:57,145 [pool-77-thread-1] INFO  segmented.SegmentedRaftLogWorker (SegmentedRaftLogWorker.java:<init>(173)) - new 5924cf63-06f7-4ff4-94fd-c1172d2346d2@group-C57FA362727D-SegmentedRaftLogWorker for RaftStorage:Storage Directory /workdir/hadoop-ozone/ozonefs/target/test-dir/MiniOzoneClusterImpl-c5b0e0f8-c51b-4999-bcb8-cb8adedc6842/datanode-0/data/ratis/cec1e072-82f9-4d96-8499-c57fa362727d
2019-10-03 02:14:57,145 [pool-77-thread-1] INFO  server.RaftServerConfigKeys (ConfUtils.java:logGet(43)) - raft.server.log.queue.byte-limit = 2147483647 (custom)
2019-10-03 02:14:57,145 [pool-77-thread-1] INFO  server.RaftServerConfigKeys (ConfUtils.java:logGet(43)) - raft.server.log.queue.element-limit = 1024 (custom)
2019-10-03 02:14:57,145 [pool-77-thread-1] INFO  server.RaftServerConfigKeys (ConfUtils.java:logGet(43)) - raft.server.log.segment.size.max = 1048576 (custom)
2019-10-03 02:14:57,146 [pool-77-thread-1] INFO  server.RaftServerConfigKeys (ConfUtils.java:logGet(43)) - raft.server.log.preallocated.size = 16384 (custom)
2019-10-03 02:14:57,146 [pool-77-thread-1] INFO  server.RaftServerConfigKeys (ConfUtils.java:logGet(43)) - raft.server.log.write.buffer.size = 33554432 (custom)
2019-10-03 02:14:57,146 [pool-77-thread-1] INFO  server.RaftServerConfigKeys (ConfUtils.java:logGet(43)) - raft.server.log.force.sync.num = 128 (default)
2019-10-03 02:14:57,146 [pool-77-thread-1] INFO  server.RaftServerConfigKeys (ConfUtils.java:logGet(43)) - raft.server.log.statemachine.data.sync = true (default)
2019-10-03 02:14:57,146 [pool-77-thread-1] INFO  server.RaftServerConfigKeys (ConfUtils.java:logGet(43)) - raft.server.log.statemachine.data.sync.timeout = 10s (default)
2019-10-03 02:14:57,146 [pool-77-thread-1] INFO  server.RaftServerConfigKeys (ConfUtils.java:logGet(43)) - raft.server.log.statemachine.data.sync.timeout.retry = -1 (default)
2019-10-03 02:14:57,147 [pool-77-thread-1] INFO  server.RaftServerConfigKeys (ConfUtils.java:logGet(43)) - raft.server.log.statemachine.data.caching.enabled = true (custom)
2019-10-03 02:14:57,147 [pool-77-thread-1] INFO  segmented.SegmentedRaftLogWorker (SegmentedRaftLogWorker.java:lambda$new$0(128)) - 5924cf63-06f7-4ff4-94fd-c1172d2346d2@group-C57FA362727D-SegmentedRaftLogWorker: flushIndex: setUnconditionally 0 -> -1
2019-10-03 02:14:57,148 [pool-77-thread-1] INFO  server.RaftServerConfigKeys (ConfUtils.java:logGet(43)) - raft.server.snapshot.auto.trigger.enabled = true (custom)
2019-10-03 02:14:57,149 [pool-77-thread-1] INFO  server.RaftServerConfigKeys (ConfUtils.java:logGet(43)) - raft.server.snapshot.auto.trigger.threshold = 10000 (custom)
2019-10-03 02:14:57,149 [pool-77-thread-1] INFO  server.RaftServerConfigKeys (ConfUtils.java:logGet(43)) - raft.server.snapshot.retention.file.num = 5 (custom)
2019-10-03 02:14:57,149 [pool-77-thread-1] INFO  server.RaftServerConfigKeys (ConfUtils.java:logGet(43)) - raft.server.retrycache.expirytime = 600000ms (custom)
2019-10-03 02:14:57,150 [IPC Server handler 0 on 37150] INFO  net.NetworkTopology (NetworkTopologyImpl.java:add(111)) - Added a new node: /default-rack/a7aad212-3339-4aaf-ad9f-55ad72b0d591
2019-10-03 02:14:57,150 [IPC Server handler 0 on 37150] INFO  node.SCMNodeManager (SCMNodeManager.java:register(266)) - Registered Data node : a7aad212-3339-4aaf-ad9f-55ad72b0d591{ip: 192.168.164.205, host: pr-hdds-1737-89jld-2007629010, networkLocation: /default-rack, certSerialId: null}
2019-10-03 02:14:57,152 [pool-77-thread-1] INFO  impl.RaftServerImpl (RaftServerImpl.java:start(181)) - 5924cf63-06f7-4ff4-94fd-c1172d2346d2@group-C57FA362727D: start as a follower, conf=-1: [5924cf63-06f7-4ff4-94fd-c1172d2346d2:192.168.164.205:36250], old=null
2019-10-03 02:14:57,152 [pool-77-thread-1] INFO  impl.RaftServerImpl (RaftServerImpl.java:setRole(170)) - 5924cf63-06f7-4ff4-94fd-c1172d2346d2@group-C57FA362727D: changes role from      null to FOLLOWER at term 0 for startAsFollower
2019-10-03 02:14:57,152 [pool-77-thread-1] INFO  impl.RoleInfo (RoleInfo.java:updateAndGet(143)) - 5924cf63-06f7-4ff4-94fd-c1172d2346d2: start FollowerState
2019-10-03 02:14:57,153 [pool-77-thread-1] INFO  util.JmxRegister (JmxRegister.java:tryRegister(44)) - Successfully registered JMX Bean with object name Ratis:service=RaftServer,group=group-C57FA362727D,id=5924cf63-06f7-4ff4-94fd-c1172d2346d2
2019-10-03 02:14:57,168 [RatisPipelineUtilsThread] INFO  pipeline.PipelineStateManager (PipelineStateManager.java:addPipeline(56)) - Created pipeline Pipeline[ Id: cec1e072-82f9-4d96-8499-c57fa362727d, Nodes: 5924cf63-06f7-4ff4-94fd-c1172d2346d2{ip: 192.168.164.205, host: pr-hdds-1737-89jld-2007629010, networkLocation: /default-rack, certSerialId: null}, Type:RATIS, Factor:ONE, State:OPEN]
2019-10-03 02:14:57,182 [grpc-default-executor-0] INFO  impl.RaftServerProxy (RaftServerProxy.java:addNew(89)) - a7aad212-3339-4aaf-ad9f-55ad72b0d591: addNew group-5CF06D13E815:[a7aad212-3339-4aaf-ad9f-55ad72b0d591:192.168.164.205:46214] returns group-5CF06D13E815:java.util.concurrent.CompletableFuture@7cefa934[Not completed]
2019-10-03 02:14:57,185 [pool-87-thread-1] INFO  impl.RaftServerImpl (RaftServerImpl.java:<init>(95)) - a7aad212-3339-4aaf-ad9f-55ad72b0d591: new RaftServerImpl for group-5CF06D13E815:[a7aad212-3339-4aaf-ad9f-55ad72b0d591:192.168.164.205:46214] with ContainerStateMachine:uninitialized
2019-10-03 02:14:57,185 [pool-87-thread-1] INFO  server.RaftServerConfigKeys (ConfUtils.java:logGet(43)) - raft.server.rpc.timeout.min = 5s (custom)
2019-10-03 02:14:57,186 [pool-87-thread-1] INFO  server.RaftServerConfigKeys (ConfUtils.java:logGet(43)) - raft.server.rpc.timeout.max = 5200ms (custom)
2019-10-03 02:14:57,186 [pool-87-thread-1] INFO  server.RaftServerConfigKeys (ConfUtils.java:logGet(43)) - raft.server.rpcslowness.timeout = 120s (custom)
2019-10-03 02:14:57,186 [pool-87-thread-1] INFO  server.RaftServerConfigKeys (ConfUtils.java:logGet(43)) - raft.server.sleep.deviation.threshold = 300 (default)
2019-10-03 02:14:57,186 [pool-87-thread-1] INFO  server.RaftServerConfigKeys (ConfUtils.java:logGet(43)) - raft.server.log.appender.install.snapshot.enabled = false (custom)
2019-10-03 02:14:57,186 [pool-87-thread-1] INFO  impl.RaftServerImpl (ServerState.java:<init>(103)) - a7aad212-3339-4aaf-ad9f-55ad72b0d591@group-5CF06D13E815: ConfigurationManager, init=-1: [a7aad212-3339-4aaf-ad9f-55ad72b0d591:192.168.164.205:46214], old=null, confs=<EMPTY_MAP>
2019-10-03 02:14:57,186 [pool-87-thread-1] INFO  server.RaftServerConfigKeys (ConfUtils.java:logGet(43)) - raft.server.storage.dir = [/workdir/hadoop-ozone/ozonefs/target/test-dir/MiniOzoneClusterImpl-c5b0e0f8-c51b-4999-bcb8-cb8adedc6842/datanode-1/data/ratis] (custom)
2019-10-03 02:14:57,187 [pool-87-thread-1] INFO  server.RaftServerConfigKeys (ConfUtils.java:logGet(43)) - raft.server.log.corruption.policy = EXCEPTION (default)
2019-10-03 02:14:57,187 [pool-87-thread-1] INFO  storage.RaftStorageDirectory (RaftStorageDirectory.java:analyzeStorage(246)) - The storage directory /workdir/hadoop-ozone/ozonefs/target/test-dir/MiniOzoneClusterImpl-c5b0e0f8-c51b-4999-bcb8-cb8adedc6842/datanode-1/data/ratis/9786ff12-97b0-420c-b3dd-5cf06d13e815 does not exist. Creating ...
2019-10-03 02:14:57,201 [pool-87-thread-1] INFO  storage.RaftStorageDirectory (RaftStorageDirectory.java:tryLock(328)) - Lock on /workdir/hadoop-ozone/ozonefs/target/test-dir/MiniOzoneClusterImpl-c5b0e0f8-c51b-4999-bcb8-cb8adedc6842/datanode-1/data/ratis/9786ff12-97b0-420c-b3dd-5cf06d13e815/in_use.lock acquired by nodename 8307@pr-hdds-1737-89jld-2007629010
2019-10-03 02:14:57,214 [pool-87-thread-1] INFO  storage.RaftStorage (RaftStorage.java:format(84)) - Storage directory /workdir/hadoop-ozone/ozonefs/target/test-dir/MiniOzoneClusterImpl-c5b0e0f8-c51b-4999-bcb8-cb8adedc6842/datanode-1/data/ratis/9786ff12-97b0-420c-b3dd-5cf06d13e815 has been successfully formatted.
2019-10-03 02:14:57,214 [pool-87-thread-1] INFO  ratis.ContainerStateMachine (ContainerStateMachine.java:loadSnapshot(230)) - group-5CF06D13E815: The snapshot info is null. Setting the last applied indexto:(t:0, i:~)
2019-10-03 02:14:57,214 [pool-87-thread-1] INFO  server.RaftServerConfigKeys (ConfUtils.java:logGet(43)) - raft.server.notification.no-leader.timeout = 120s (custom)
2019-10-03 02:14:57,214 [pool-87-thread-1] INFO  server.RaftServerConfigKeys (ConfUtils.java:logGet(43)) - raft.server.log.use.memory = false (default)
2019-10-03 02:14:57,214 [pool-87-thread-1] INFO  server.RaftServerConfigKeys (ConfUtils.java:logGet(43)) - raft.server.log.purge.gap = 1000000 (custom)
2019-10-03 02:14:57,215 [pool-87-thread-1] INFO  server.RaftServerConfigKeys (ConfUtils.java:logGet(43)) - raft.server.log.appender.buffer.byte-limit = 33554432 (custom)
2019-10-03 02:14:57,215 [pool-87-thread-1] INFO  server.RaftServerConfigKeys (ConfUtils.java:logGet(43)) - raft.server.log.segment.size.max = 1048576 (custom)
2019-10-03 02:14:57,217 [pool-87-thread-1] INFO  server.RaftServerConfigKeys (ConfUtils.java:logGet(43)) - raft.server.log.segment.cache.num.max = 2 (custom)
2019-10-03 02:14:57,217 [pool-87-thread-1] INFO  segmented.SegmentedRaftLogWorker (SegmentedRaftLogWorker.java:<init>(173)) - new a7aad212-3339-4aaf-ad9f-55ad72b0d591@group-5CF06D13E815-SegmentedRaftLogWorker for RaftStorage:Storage Directory /workdir/hadoop-ozone/ozonefs/target/test-dir/MiniOzoneClusterImpl-c5b0e0f8-c51b-4999-bcb8-cb8adedc6842/datanode-1/data/ratis/9786ff12-97b0-420c-b3dd-5cf06d13e815
2019-10-03 02:14:57,218 [pool-87-thread-1] INFO  server.RaftServerConfigKeys (ConfUtils.java:logGet(43)) - raft.server.log.queue.byte-limit = 2147483647 (custom)
2019-10-03 02:14:57,218 [pool-87-thread-1] INFO  server.RaftServerConfigKeys (ConfUtils.java:logGet(43)) - raft.server.log.queue.element-limit = 1024 (custom)
2019-10-03 02:14:57,218 [pool-87-thread-1] INFO  server.RaftServerConfigKeys (ConfUtils.java:logGet(43)) - raft.server.log.segment.size.max = 1048576 (custom)
2019-10-03 02:14:57,218 [pool-87-thread-1] INFO  server.RaftServerConfigKeys (ConfUtils.java:logGet(43)) - raft.server.log.preallocated.size = 16384 (custom)
2019-10-03 02:14:57,218 [pool-87-thread-1] INFO  server.RaftServerConfigKeys (ConfUtils.java:logGet(43)) - raft.server.log.write.buffer.size = 33554432 (custom)
2019-10-03 02:14:57,218 [pool-87-thread-1] INFO  server.RaftServerConfigKeys (ConfUtils.java:logGet(43)) - raft.server.log.force.sync.num = 128 (default)
2019-10-03 02:14:57,219 [pool-87-thread-1] INFO  server.RaftServerConfigKeys (ConfUtils.java:logGet(43)) - raft.server.log.statemachine.data.sync = true (default)
2019-10-03 02:14:57,219 [pool-87-thread-1] INFO  server.RaftServerConfigKeys (ConfUtils.java:logGet(43)) - raft.server.log.statemachine.data.sync.timeout = 10s (default)
2019-10-03 02:14:57,219 [pool-87-thread-1] INFO  server.RaftServerConfigKeys (ConfUtils.java:logGet(43)) - raft.server.log.statemachine.data.sync.timeout.retry = -1 (default)
2019-10-03 02:14:57,219 [pool-87-thread-1] INFO  server.RaftServerConfigKeys (ConfUtils.java:logGet(43)) - raft.server.log.statemachine.data.caching.enabled = true (custom)
2019-10-03 02:14:57,220 [pool-87-thread-1] INFO  segmented.SegmentedRaftLogWorker (SegmentedRaftLogWorker.java:lambda$new$0(128)) - a7aad212-3339-4aaf-ad9f-55ad72b0d591@group-5CF06D13E815-SegmentedRaftLogWorker: flushIndex: setUnconditionally 0 -> -1
2019-10-03 02:14:57,222 [pool-87-thread-1] INFO  server.RaftServerConfigKeys (ConfUtils.java:logGet(43)) - raft.server.snapshot.auto.trigger.enabled = true (custom)
2019-10-03 02:14:57,222 [Thread-224] INFO  ozone.MiniOzoneClusterImpl (MiniOzoneClusterImpl.java:lambda$waitForClusterToBeReady$0(147)) - Waiting for cluster to be ready. Got 2 of 3 DN Heartbeats.
2019-10-03 02:14:57,222 [pool-87-thread-1] INFO  server.RaftServerConfigKeys (ConfUtils.java:logGet(43)) - raft.server.snapshot.auto.trigger.threshold = 10000 (custom)
2019-10-03 02:14:57,222 [IPC Server handler 1 on 37150] INFO  net.NetworkTopology (NetworkTopologyImpl.java:add(111)) - Added a new node: /default-rack/1fd9a4e1-188d-41c2-ac27-bedd2c8f72db
2019-10-03 02:14:57,222 [pool-87-thread-1] INFO  server.RaftServerConfigKeys (ConfUtils.java:logGet(43)) - raft.server.snapshot.retention.file.num = 5 (custom)
2019-10-03 02:14:57,222 [IPC Server handler 1 on 37150] INFO  node.SCMNodeManager (SCMNodeManager.java:register(266)) - Registered Data node : 1fd9a4e1-188d-41c2-ac27-bedd2c8f72db{ip: 192.168.164.205, host: pr-hdds-1737-89jld-2007629010, networkLocation: /default-rack, certSerialId: null}
2019-10-03 02:14:57,223 [pool-87-thread-1] INFO  server.RaftServerConfigKeys (ConfUtils.java:logGet(43)) - raft.server.retrycache.expirytime = 600000ms (custom)
2019-10-03 02:14:57,225 [pool-87-thread-1] INFO  impl.RaftServerImpl (RaftServerImpl.java:start(181)) - a7aad212-3339-4aaf-ad9f-55ad72b0d591@group-5CF06D13E815: start as a follower, conf=-1: [a7aad212-3339-4aaf-ad9f-55ad72b0d591:192.168.164.205:46214], old=null
2019-10-03 02:14:57,225 [pool-87-thread-1] INFO  impl.RaftServerImpl (RaftServerImpl.java:setRole(170)) - a7aad212-3339-4aaf-ad9f-55ad72b0d591@group-5CF06D13E815: changes role from      null to FOLLOWER at term 0 for startAsFollower
2019-10-03 02:14:57,225 [pool-87-thread-1] INFO  impl.RoleInfo (RoleInfo.java:updateAndGet(143)) - a7aad212-3339-4aaf-ad9f-55ad72b0d591: start FollowerState
2019-10-03 02:14:57,226 [pool-87-thread-1] INFO  util.JmxRegister (JmxRegister.java:tryRegister(44)) - Successfully registered JMX Bean with object name Ratis:service=RaftServer,group=group-5CF06D13E815,id=a7aad212-3339-4aaf-ad9f-55ad72b0d591
2019-10-03 02:14:57,237 [RatisPipelineUtilsThread] INFO  pipeline.PipelineStateManager (PipelineStateManager.java:addPipeline(56)) - Created pipeline Pipeline[ Id: 9786ff12-97b0-420c-b3dd-5cf06d13e815, Nodes: a7aad212-3339-4aaf-ad9f-55ad72b0d591{ip: 192.168.164.205, host: pr-hdds-1737-89jld-2007629010, networkLocation: /default-rack, certSerialId: null}, Type:RATIS, Factor:ONE, State:OPEN]
2019-10-03 02:14:57,250 [grpc-default-executor-0] INFO  impl.RaftServerProxy (RaftServerProxy.java:addNew(89)) - 1fd9a4e1-188d-41c2-ac27-bedd2c8f72db: addNew group-363D192F24DF:[1fd9a4e1-188d-41c2-ac27-bedd2c8f72db:192.168.164.205:37390] returns group-363D192F24DF:java.util.concurrent.CompletableFuture@664c6125[Not completed]
2019-10-03 02:14:57,253 [pool-97-thread-1] INFO  impl.RaftServerImpl (RaftServerImpl.java:<init>(95)) - 1fd9a4e1-188d-41c2-ac27-bedd2c8f72db: new RaftServerImpl for group-363D192F24DF:[1fd9a4e1-188d-41c2-ac27-bedd2c8f72db:192.168.164.205:37390] with ContainerStateMachine:uninitialized
2019-10-03 02:14:57,254 [pool-97-thread-1] INFO  server.RaftServerConfigKeys (ConfUtils.java:logGet(43)) - raft.server.rpc.timeout.min = 5s (custom)
2019-10-03 02:14:57,254 [pool-97-thread-1] INFO  server.RaftServerConfigKeys (ConfUtils.java:logGet(43)) - raft.server.rpc.timeout.max = 5200ms (custom)
2019-10-03 02:14:57,254 [pool-97-thread-1] INFO  server.RaftServerConfigKeys (ConfUtils.java:logGet(43)) - raft.server.rpcslowness.timeout = 120s (custom)
2019-10-03 02:14:57,254 [pool-97-thread-1] INFO  server.RaftServerConfigKeys (ConfUtils.java:logGet(43)) - raft.server.sleep.deviation.threshold = 300 (default)
2019-10-03 02:14:57,255 [pool-97-thread-1] INFO  server.RaftServerConfigKeys (ConfUtils.java:logGet(43)) - raft.server.log.appender.install.snapshot.enabled = false (custom)
2019-10-03 02:14:57,255 [pool-97-thread-1] INFO  impl.RaftServerImpl (ServerState.java:<init>(103)) - 1fd9a4e1-188d-41c2-ac27-bedd2c8f72db@group-363D192F24DF: ConfigurationManager, init=-1: [1fd9a4e1-188d-41c2-ac27-bedd2c8f72db:192.168.164.205:37390], old=null, confs=<EMPTY_MAP>
2019-10-03 02:14:57,255 [pool-97-thread-1] INFO  server.RaftServerConfigKeys (ConfUtils.java:logGet(43)) - raft.server.storage.dir = [/workdir/hadoop-ozone/ozonefs/target/test-dir/MiniOzoneClusterImpl-c5b0e0f8-c51b-4999-bcb8-cb8adedc6842/datanode-2/data/ratis] (custom)
2019-10-03 02:14:57,256 [pool-97-thread-1] INFO  server.RaftServerConfigKeys (ConfUtils.java:logGet(43)) - raft.server.log.corruption.policy = EXCEPTION (default)
2019-10-03 02:14:57,256 [pool-97-thread-1] INFO  storage.RaftStorageDirectory (RaftStorageDirectory.java:analyzeStorage(246)) - The storage directory /workdir/hadoop-ozone/ozonefs/target/test-dir/MiniOzoneClusterImpl-c5b0e0f8-c51b-4999-bcb8-cb8adedc6842/datanode-2/data/ratis/68401048-9ab1-40e2-8e05-363d192f24df does not exist. Creating ...
2019-10-03 02:14:57,268 [pool-97-thread-1] INFO  storage.RaftStorageDirectory (RaftStorageDirectory.java:tryLock(328)) - Lock on /workdir/hadoop-ozone/ozonefs/target/test-dir/MiniOzoneClusterImpl-c5b0e0f8-c51b-4999-bcb8-cb8adedc6842/datanode-2/data/ratis/68401048-9ab1-40e2-8e05-363d192f24df/in_use.lock acquired by nodename 8307@pr-hdds-1737-89jld-2007629010
2019-10-03 02:14:57,281 [pool-97-thread-1] INFO  storage.RaftStorage (RaftStorage.java:format(84)) - Storage directory /workdir/hadoop-ozone/ozonefs/target/test-dir/MiniOzoneClusterImpl-c5b0e0f8-c51b-4999-bcb8-cb8adedc6842/datanode-2/data/ratis/68401048-9ab1-40e2-8e05-363d192f24df has been successfully formatted.
2019-10-03 02:14:57,281 [pool-97-thread-1] INFO  ratis.ContainerStateMachine (ContainerStateMachine.java:loadSnapshot(230)) - group-363D192F24DF: The snapshot info is null. Setting the last applied indexto:(t:0, i:~)
2019-10-03 02:14:57,281 [pool-97-thread-1] INFO  server.RaftServerConfigKeys (ConfUtils.java:logGet(43)) - raft.server.notification.no-leader.timeout = 120s (custom)
2019-10-03 02:14:57,281 [pool-97-thread-1] INFO  server.RaftServerConfigKeys (ConfUtils.java:logGet(43)) - raft.server.log.use.memory = false (default)
2019-10-03 02:14:57,281 [pool-97-thread-1] INFO  server.RaftServerConfigKeys (ConfUtils.java:logGet(43)) - raft.server.log.purge.gap = 1000000 (custom)
2019-10-03 02:14:57,282 [pool-97-thread-1] INFO  server.RaftServerConfigKeys (ConfUtils.java:logGet(43)) - raft.server.log.appender.buffer.byte-limit = 33554432 (custom)
2019-10-03 02:14:57,282 [pool-97-thread-1] INFO  server.RaftServerConfigKeys (ConfUtils.java:logGet(43)) - raft.server.log.segment.size.max = 1048576 (custom)
2019-10-03 02:14:57,285 [pool-97-thread-1] INFO  server.RaftServerConfigKeys (ConfUtils.java:logGet(43)) - raft.server.log.segment.cache.num.max = 2 (custom)
2019-10-03 02:14:57,285 [pool-97-thread-1] INFO  segmented.SegmentedRaftLogWorker (SegmentedRaftLogWorker.java:<init>(173)) - new 1fd9a4e1-188d-41c2-ac27-bedd2c8f72db@group-363D192F24DF-SegmentedRaftLogWorker for RaftStorage:Storage Directory /workdir/hadoop-ozone/ozonefs/target/test-dir/MiniOzoneClusterImpl-c5b0e0f8-c51b-4999-bcb8-cb8adedc6842/datanode-2/data/ratis/68401048-9ab1-40e2-8e05-363d192f24df
2019-10-03 02:14:57,285 [pool-97-thread-1] INFO  server.RaftServerConfigKeys (ConfUtils.java:logGet(43)) - raft.server.log.queue.byte-limit = 2147483647 (custom)
2019-10-03 02:14:57,286 [pool-97-thread-1] INFO  server.RaftServerConfigKeys (ConfUtils.java:logGet(43)) - raft.server.log.queue.element-limit = 1024 (custom)
2019-10-03 02:14:57,286 [pool-97-thread-1] INFO  server.RaftServerConfigKeys (ConfUtils.java:logGet(43)) - raft.server.log.segment.size.max = 1048576 (custom)
2019-10-03 02:14:57,286 [pool-97-thread-1] INFO  server.RaftServerConfigKeys (ConfUtils.java:logGet(43)) - raft.server.log.preallocated.size = 16384 (custom)
2019-10-03 02:14:57,286 [pool-97-thread-1] INFO  server.RaftServerConfigKeys (ConfUtils.java:logGet(43)) - raft.server.log.write.buffer.size = 33554432 (custom)
2019-10-03 02:14:57,286 [pool-97-thread-1] INFO  server.RaftServerConfigKeys (ConfUtils.java:logGet(43)) - raft.server.log.force.sync.num = 128 (default)
2019-10-03 02:14:57,286 [pool-97-thread-1] INFO  server.RaftServerConfigKeys (ConfUtils.java:logGet(43)) - raft.server.log.statemachine.data.sync = true (default)
2019-10-03 02:14:57,287 [pool-97-thread-1] INFO  server.RaftServerConfigKeys (ConfUtils.java:logGet(43)) - raft.server.log.statemachine.data.sync.timeout = 10s (default)
2019-10-03 02:14:57,287 [pool-97-thread-1] INFO  server.RaftServerConfigKeys (ConfUtils.java:logGet(43)) - raft.server.log.statemachine.data.sync.timeout.retry = -1 (default)
2019-10-03 02:14:57,287 [pool-97-thread-1] INFO  server.RaftServerConfigKeys (ConfUtils.java:logGet(43)) - raft.server.log.statemachine.data.caching.enabled = true (custom)
2019-10-03 02:14:57,288 [pool-97-thread-1] INFO  segmented.SegmentedRaftLogWorker (SegmentedRaftLogWorker.java:lambda$new$0(128)) - 1fd9a4e1-188d-41c2-ac27-bedd2c8f72db@group-363D192F24DF-SegmentedRaftLogWorker: flushIndex: setUnconditionally 0 -> -1
2019-10-03 02:14:57,288 [pool-97-thread-1] INFO  server.RaftServerConfigKeys (ConfUtils.java:logGet(43)) - raft.server.snapshot.auto.trigger.enabled = true (custom)
2019-10-03 02:14:57,288 [pool-97-thread-1] INFO  server.RaftServerConfigKeys (ConfUtils.java:logGet(43)) - raft.server.snapshot.auto.trigger.threshold = 10000 (custom)
2019-10-03 02:14:57,288 [pool-97-thread-1] INFO  server.RaftServerConfigKeys (ConfUtils.java:logGet(43)) - raft.server.snapshot.retention.file.num = 5 (custom)
2019-10-03 02:14:57,289 [pool-97-thread-1] INFO  server.RaftServerConfigKeys (ConfUtils.java:logGet(43)) - raft.server.retrycache.expirytime = 600000ms (custom)
2019-10-03 02:14:57,292 [pool-97-thread-1] INFO  impl.RaftServerImpl (RaftServerImpl.java:start(181)) - 1fd9a4e1-188d-41c2-ac27-bedd2c8f72db@group-363D192F24DF: start as a follower, conf=-1: [1fd9a4e1-188d-41c2-ac27-bedd2c8f72db:192.168.164.205:37390], old=null
2019-10-03 02:14:57,292 [pool-97-thread-1] INFO  impl.RaftServerImpl (RaftServerImpl.java:setRole(170)) - 1fd9a4e1-188d-41c2-ac27-bedd2c8f72db@group-363D192F24DF: changes role from      null to FOLLOWER at term 0 for startAsFollower
2019-10-03 02:14:57,292 [pool-97-thread-1] INFO  impl.RoleInfo (RoleInfo.java:updateAndGet(143)) - 1fd9a4e1-188d-41c2-ac27-bedd2c8f72db: start FollowerState
2019-10-03 02:14:57,292 [pool-97-thread-1] INFO  util.JmxRegister (JmxRegister.java:tryRegister(44)) - Successfully registered JMX Bean with object name Ratis:service=RaftServer,group=group-363D192F24DF,id=1fd9a4e1-188d-41c2-ac27-bedd2c8f72db
2019-10-03 02:14:57,305 [RatisPipelineUtilsThread] INFO  pipeline.PipelineStateManager (PipelineStateManager.java:addPipeline(56)) - Created pipeline Pipeline[ Id: 68401048-9ab1-40e2-8e05-363d192f24df, Nodes: 1fd9a4e1-188d-41c2-ac27-bedd2c8f72db{ip: 192.168.164.205, host: pr-hdds-1737-89jld-2007629010, networkLocation: /default-rack, certSerialId: null}, Type:RATIS, Factor:ONE, State:OPEN]
2019-10-03 02:14:57,351 [grpc-default-executor-2] INFO  impl.RaftServerProxy (RaftServerProxy.java:addNew(89)) - 5924cf63-06f7-4ff4-94fd-c1172d2346d2: addNew group-E5E155E4607E:[1fd9a4e1-188d-41c2-ac27-bedd2c8f72db:192.168.164.205:37390, 5924cf63-06f7-4ff4-94fd-c1172d2346d2:192.168.164.205:36250, a7aad212-3339-4aaf-ad9f-55ad72b0d591:192.168.164.205:46214] returns group-E5E155E4607E:java.util.concurrent.CompletableFuture@1eef546a[Not completed]
2019-10-03 02:14:57,351 [grpc-default-executor-1] INFO  impl.RaftServerProxy (RaftServerProxy.java:addNew(89)) - 1fd9a4e1-188d-41c2-ac27-bedd2c8f72db: addNew group-E5E155E4607E:[1fd9a4e1-188d-41c2-ac27-bedd2c8f72db:192.168.164.205:37390, 5924cf63-06f7-4ff4-94fd-c1172d2346d2:192.168.164.205:36250, a7aad212-3339-4aaf-ad9f-55ad72b0d591:192.168.164.205:46214] returns group-E5E155E4607E:java.util.concurrent.CompletableFuture@1e274018[Not completed]
2019-10-03 02:14:57,353 [grpc-default-executor-0] INFO  impl.RaftServerProxy (RaftServerProxy.java:addNew(89)) - a7aad212-3339-4aaf-ad9f-55ad72b0d591: addNew group-E5E155E4607E:[1fd9a4e1-188d-41c2-ac27-bedd2c8f72db:192.168.164.205:37390, 5924cf63-06f7-4ff4-94fd-c1172d2346d2:192.168.164.205:36250, a7aad212-3339-4aaf-ad9f-55ad72b0d591:192.168.164.205:46214] returns group-E5E155E4607E:java.util.concurrent.CompletableFuture@4ab25b4d[Not completed]
2019-10-03 02:14:57,355 [pool-77-thread-1] INFO  impl.RaftServerImpl (RaftServerImpl.java:<init>(95)) - 5924cf63-06f7-4ff4-94fd-c1172d2346d2: new RaftServerImpl for group-E5E155E4607E:[1fd9a4e1-188d-41c2-ac27-bedd2c8f72db:192.168.164.205:37390, 5924cf63-06f7-4ff4-94fd-c1172d2346d2:192.168.164.205:36250, a7aad212-3339-4aaf-ad9f-55ad72b0d591:192.168.164.205:46214] with ContainerStateMachine:uninitialized
2019-10-03 02:14:57,356 [pool-77-thread-1] INFO  server.RaftServerConfigKeys (ConfUtils.java:logGet(43)) - raft.server.rpc.timeout.min = 5s (custom)
2019-10-03 02:14:57,356 [pool-77-thread-1] INFO  server.RaftServerConfigKeys (ConfUtils.java:logGet(43)) - raft.server.rpc.timeout.max = 5200ms (custom)
2019-10-03 02:14:57,357 [pool-77-thread-1] INFO  server.RaftServerConfigKeys (ConfUtils.java:logGet(43)) - raft.server.rpcslowness.timeout = 120s (custom)
2019-10-03 02:14:57,357 [pool-87-thread-1] INFO  impl.RaftServerImpl (RaftServerImpl.java:<init>(95)) - a7aad212-3339-4aaf-ad9f-55ad72b0d591: new RaftServerImpl for group-E5E155E4607E:[1fd9a4e1-188d-41c2-ac27-bedd2c8f72db:192.168.164.205:37390, 5924cf63-06f7-4ff4-94fd-c1172d2346d2:192.168.164.205:36250, a7aad212-3339-4aaf-ad9f-55ad72b0d591:192.168.164.205:46214] with ContainerStateMachine:uninitialized
2019-10-03 02:14:57,357 [pool-77-thread-1] INFO  server.RaftServerConfigKeys (ConfUtils.java:logGet(43)) - raft.server.sleep.deviation.threshold = 300 (default)
2019-10-03 02:14:57,357 [pool-87-thread-1] INFO  server.RaftServerConfigKeys (ConfUtils.java:logGet(43)) - raft.server.rpc.timeout.min = 5s (custom)
2019-10-03 02:14:57,357 [pool-77-thread-1] INFO  server.RaftServerConfigKeys (ConfUtils.java:logGet(43)) - raft.server.log.appender.install.snapshot.enabled = false (custom)
2019-10-03 02:14:57,358 [pool-97-thread-1] INFO  impl.RaftServerImpl (RaftServerImpl.java:<init>(95)) - 1fd9a4e1-188d-41c2-ac27-bedd2c8f72db: new RaftServerImpl for group-E5E155E4607E:[1fd9a4e1-188d-41c2-ac27-bedd2c8f72db:192.168.164.205:37390, 5924cf63-06f7-4ff4-94fd-c1172d2346d2:192.168.164.205:36250, a7aad212-3339-4aaf-ad9f-55ad72b0d591:192.168.164.205:46214] with ContainerStateMachine:uninitialized
2019-10-03 02:14:57,358 [pool-77-thread-1] INFO  impl.RaftServerImpl (ServerState.java:<init>(103)) - 5924cf63-06f7-4ff4-94fd-c1172d2346d2@group-E5E155E4607E: ConfigurationManager, init=-1: [1fd9a4e1-188d-41c2-ac27-bedd2c8f72db:192.168.164.205:37390, 5924cf63-06f7-4ff4-94fd-c1172d2346d2:192.168.164.205:36250, a7aad212-3339-4aaf-ad9f-55ad72b0d591:192.168.164.205:46214], old=null, confs=<EMPTY_MAP>
2019-10-03 02:14:57,358 [pool-87-thread-1] INFO  server.RaftServerConfigKeys (ConfUtils.java:logGet(43)) - raft.server.rpc.timeout.max = 5200ms (custom)
2019-10-03 02:14:57,358 [pool-97-thread-1] INFO  server.RaftServerConfigKeys (ConfUtils.java:logGet(43)) - raft.server.rpc.timeout.min = 5s (custom)
2019-10-03 02:14:57,358 [pool-87-thread-1] INFO  server.RaftServerConfigKeys (ConfUtils.java:logGet(43)) - raft.server.rpcslowness.timeout = 120s (custom)
2019-10-03 02:14:57,358 [pool-77-thread-1] INFO  server.RaftServerConfigKeys (ConfUtils.java:logGet(43)) - raft.server.storage.dir = [/workdir/hadoop-ozone/ozonefs/target/test-dir/MiniOzoneClusterImpl-c5b0e0f8-c51b-4999-bcb8-cb8adedc6842/datanode-0/data/ratis] (custom)
2019-10-03 02:14:57,358 [pool-97-thread-1] INFO  server.RaftServerConfigKeys (ConfUtils.java:logGet(43)) - raft.server.rpc.timeout.max = 5200ms (custom)
2019-10-03 02:14:57,358 [pool-87-thread-1] INFO  server.RaftServerConfigKeys (ConfUtils.java:logGet(43)) - raft.server.sleep.deviation.threshold = 300 (default)
2019-10-03 02:14:57,359 [pool-97-thread-1] INFO  server.RaftServerConfigKeys (ConfUtils.java:logGet(43)) - raft.server.rpcslowness.timeout = 120s (custom)
2019-10-03 02:14:57,359 [pool-87-thread-1] INFO  server.RaftServerConfigKeys (ConfUtils.java:logGet(43)) - raft.server.log.appender.install.snapshot.enabled = false (custom)
2019-10-03 02:14:57,359 [pool-97-thread-1] INFO  server.RaftServerConfigKeys (ConfUtils.java:logGet(43)) - raft.server.sleep.deviation.threshold = 300 (default)
2019-10-03 02:14:57,359 [pool-77-thread-1] INFO  server.RaftServerConfigKeys (ConfUtils.java:logGet(43)) - raft.server.log.corruption.policy = EXCEPTION (default)
2019-10-03 02:14:57,359 [pool-97-thread-1] INFO  server.RaftServerConfigKeys (ConfUtils.java:logGet(43)) - raft.server.log.appender.install.snapshot.enabled = false (custom)
2019-10-03 02:14:57,359 [pool-87-thread-1] INFO  impl.RaftServerImpl (ServerState.java:<init>(103)) - a7aad212-3339-4aaf-ad9f-55ad72b0d591@group-E5E155E4607E: ConfigurationManager, init=-1: [1fd9a4e1-188d-41c2-ac27-bedd2c8f72db:192.168.164.205:37390, 5924cf63-06f7-4ff4-94fd-c1172d2346d2:192.168.164.205:36250, a7aad212-3339-4aaf-ad9f-55ad72b0d591:192.168.164.205:46214], old=null, confs=<EMPTY_MAP>
2019-10-03 02:14:57,359 [pool-97-thread-1] INFO  impl.RaftServerImpl (ServerState.java:<init>(103)) - 1fd9a4e1-188d-41c2-ac27-bedd2c8f72db@group-E5E155E4607E: ConfigurationManager, init=-1: [1fd9a4e1-188d-41c2-ac27-bedd2c8f72db:192.168.164.205:37390, 5924cf63-06f7-4ff4-94fd-c1172d2346d2:192.168.164.205:36250, a7aad212-3339-4aaf-ad9f-55ad72b0d591:192.168.164.205:46214], old=null, confs=<EMPTY_MAP>
2019-10-03 02:14:57,359 [pool-77-thread-1] INFO  storage.RaftStorageDirectory (RaftStorageDirectory.java:analyzeStorage(246)) - The storage directory /workdir/hadoop-ozone/ozonefs/target/test-dir/MiniOzoneClusterImpl-c5b0e0f8-c51b-4999-bcb8-cb8adedc6842/datanode-0/data/ratis/00d447da-dd67-4dfc-93df-e5e155e4607e does not exist. Creating ...
2019-10-03 02:14:57,360 [pool-87-thread-1] INFO  server.RaftServerConfigKeys (ConfUtils.java:logGet(43)) - raft.server.storage.dir = [/workdir/hadoop-ozone/ozonefs/target/test-dir/MiniOzoneClusterImpl-c5b0e0f8-c51b-4999-bcb8-cb8adedc6842/datanode-1/data/ratis] (custom)
2019-10-03 02:14:57,360 [pool-97-thread-1] INFO  server.RaftServerConfigKeys (ConfUtils.java:logGet(43)) - raft.server.storage.dir = [/workdir/hadoop-ozone/ozonefs/target/test-dir/MiniOzoneClusterImpl-c5b0e0f8-c51b-4999-bcb8-cb8adedc6842/datanode-2/data/ratis] (custom)
2019-10-03 02:14:57,360 [pool-87-thread-1] INFO  server.RaftServerConfigKeys (ConfUtils.java:logGet(43)) - raft.server.log.corruption.policy = EXCEPTION (default)
2019-10-03 02:14:57,360 [pool-97-thread-1] INFO  server.RaftServerConfigKeys (ConfUtils.java:logGet(43)) - raft.server.log.corruption.policy = EXCEPTION (default)
2019-10-03 02:14:57,360 [pool-87-thread-1] INFO  storage.RaftStorageDirectory (RaftStorageDirectory.java:analyzeStorage(246)) - The storage directory /workdir/hadoop-ozone/ozonefs/target/test-dir/MiniOzoneClusterImpl-c5b0e0f8-c51b-4999-bcb8-cb8adedc6842/datanode-1/data/ratis/00d447da-dd67-4dfc-93df-e5e155e4607e does not exist. Creating ...
2019-10-03 02:14:57,360 [pool-97-thread-1] INFO  storage.RaftStorageDirectory (RaftStorageDirectory.java:analyzeStorage(246)) - The storage directory /workdir/hadoop-ozone/ozonefs/target/test-dir/MiniOzoneClusterImpl-c5b0e0f8-c51b-4999-bcb8-cb8adedc6842/datanode-2/data/ratis/00d447da-dd67-4dfc-93df-e5e155e4607e does not exist. Creating ...
2019-10-03 02:14:57,386 [pool-77-thread-1] INFO  storage.RaftStorageDirectory (RaftStorageDirectory.java:tryLock(328)) - Lock on /workdir/hadoop-ozone/ozonefs/target/test-dir/MiniOzoneClusterImpl-c5b0e0f8-c51b-4999-bcb8-cb8adedc6842/datanode-0/data/ratis/00d447da-dd67-4dfc-93df-e5e155e4607e/in_use.lock acquired by nodename 8307@pr-hdds-1737-89jld-2007629010
2019-10-03 02:14:57,386 [pool-97-thread-1] INFO  storage.RaftStorageDirectory (RaftStorageDirectory.java:tryLock(328)) - Lock on /workdir/hadoop-ozone/ozonefs/target/test-dir/MiniOzoneClusterImpl-c5b0e0f8-c51b-4999-bcb8-cb8adedc6842/datanode-2/data/ratis/00d447da-dd67-4dfc-93df-e5e155e4607e/in_use.lock acquired by nodename 8307@pr-hdds-1737-89jld-2007629010
2019-10-03 02:14:57,386 [pool-87-thread-1] INFO  storage.RaftStorageDirectory (RaftStorageDirectory.java:tryLock(328)) - Lock on /workdir/hadoop-ozone/ozonefs/target/test-dir/MiniOzoneClusterImpl-c5b0e0f8-c51b-4999-bcb8-cb8adedc6842/datanode-1/data/ratis/00d447da-dd67-4dfc-93df-e5e155e4607e/in_use.lock acquired by nodename 8307@pr-hdds-1737-89jld-2007629010
2019-10-03 02:14:57,411 [pool-97-thread-1] INFO  storage.RaftStorage (RaftStorage.java:format(84)) - Storage directory /workdir/hadoop-ozone/ozonefs/target/test-dir/MiniOzoneClusterImpl-c5b0e0f8-c51b-4999-bcb8-cb8adedc6842/datanode-2/data/ratis/00d447da-dd67-4dfc-93df-e5e155e4607e has been successfully formatted.
2019-10-03 02:14:57,411 [pool-87-thread-1] INFO  storage.RaftStorage (RaftStorage.java:format(84)) - Storage directory /workdir/hadoop-ozone/ozonefs/target/test-dir/MiniOzoneClusterImpl-c5b0e0f8-c51b-4999-bcb8-cb8adedc6842/datanode-1/data/ratis/00d447da-dd67-4dfc-93df-e5e155e4607e has been successfully formatted.
2019-10-03 02:14:57,411 [pool-77-thread-1] INFO  storage.RaftStorage (RaftStorage.java:format(84)) - Storage directory /workdir/hadoop-ozone/ozonefs/target/test-dir/MiniOzoneClusterImpl-c5b0e0f8-c51b-4999-bcb8-cb8adedc6842/datanode-0/data/ratis/00d447da-dd67-4dfc-93df-e5e155e4607e has been successfully formatted.
2019-10-03 02:14:57,412 [pool-97-thread-1] INFO  ratis.ContainerStateMachine (ContainerStateMachine.java:loadSnapshot(230)) - group-E5E155E4607E: The snapshot info is null. Setting the last applied indexto:(t:0, i:~)
2019-10-03 02:14:57,412 [pool-87-thread-1] INFO  ratis.ContainerStateMachine (ContainerStateMachine.java:loadSnapshot(230)) - group-E5E155E4607E: The snapshot info is null. Setting the last applied indexto:(t:0, i:~)
2019-10-03 02:14:57,412 [pool-97-thread-1] INFO  server.RaftServerConfigKeys (ConfUtils.java:logGet(43)) - raft.server.notification.no-leader.timeout = 120s (custom)
2019-10-03 02:14:57,412 [pool-77-thread-1] INFO  ratis.ContainerStateMachine (ContainerStateMachine.java:loadSnapshot(230)) - group-E5E155E4607E: The snapshot info is null. Setting the last applied indexto:(t:0, i:~)
2019-10-03 02:14:57,412 [pool-97-thread-1] INFO  server.RaftServerConfigKeys (ConfUtils.java:logGet(43)) - raft.server.log.use.memory = false (default)
2019-10-03 02:14:57,412 [pool-87-thread-1] INFO  server.RaftServerConfigKeys (ConfUtils.java:logGet(43)) - raft.server.notification.no-leader.timeout = 120s (custom)
2019-10-03 02:14:57,413 [pool-97-thread-1] INFO  server.RaftServerConfigKeys (ConfUtils.java:logGet(43)) - raft.server.log.purge.gap = 1000000 (custom)
2019-10-03 02:14:57,412 [pool-77-thread-1] INFO  server.RaftServerConfigKeys (ConfUtils.java:logGet(43)) - raft.server.notification.no-leader.timeout = 120s (custom)
2019-10-03 02:14:57,413 [pool-97-thread-1] INFO  server.RaftServerConfigKeys (ConfUtils.java:logGet(43)) - raft.server.log.appender.buffer.byte-limit = 33554432 (custom)
2019-10-03 02:14:57,413 [pool-87-thread-1] INFO  server.RaftServerConfigKeys (ConfUtils.java:logGet(43)) - raft.server.log.use.memory = false (default)
2019-10-03 02:14:57,413 [pool-97-thread-1] INFO  server.RaftServerConfigKeys (ConfUtils.java:logGet(43)) - raft.server.log.segment.size.max = 1048576 (custom)
2019-10-03 02:14:57,413 [pool-77-thread-1] INFO  server.RaftServerConfigKeys (ConfUtils.java:logGet(43)) - raft.server.log.use.memory = false (default)
2019-10-03 02:14:57,414 [pool-97-thread-1] INFO  server.RaftServerConfigKeys (ConfUtils.java:logGet(43)) - raft.server.log.segment.cache.num.max = 2 (custom)
2019-10-03 02:14:57,414 [pool-87-thread-1] INFO  server.RaftServerConfigKeys (ConfUtils.java:logGet(43)) - raft.server.log.purge.gap = 1000000 (custom)
2019-10-03 02:14:57,414 [pool-97-thread-1] INFO  segmented.SegmentedRaftLogWorker (SegmentedRaftLogWorker.java:<init>(173)) - new 1fd9a4e1-188d-41c2-ac27-bedd2c8f72db@group-E5E155E4607E-SegmentedRaftLogWorker for RaftStorage:Storage Directory /workdir/hadoop-ozone/ozonefs/target/test-dir/MiniOzoneClusterImpl-c5b0e0f8-c51b-4999-bcb8-cb8adedc6842/datanode-2/data/ratis/00d447da-dd67-4dfc-93df-e5e155e4607e
2019-10-03 02:14:57,414 [pool-77-thread-1] INFO  server.RaftServerConfigKeys (ConfUtils.java:logGet(43)) - raft.server.log.purge.gap = 1000000 (custom)
2019-10-03 02:14:57,414 [pool-97-thread-1] INFO  server.RaftServerConfigKeys (ConfUtils.java:logGet(43)) - raft.server.log.queue.byte-limit = 2147483647 (custom)
2019-10-03 02:14:57,414 [pool-87-thread-1] INFO  server.RaftServerConfigKeys (ConfUtils.java:logGet(43)) - raft.server.log.appender.buffer.byte-limit = 33554432 (custom)
2019-10-03 02:14:57,415 [pool-97-thread-1] INFO  server.RaftServerConfigKeys (ConfUtils.java:logGet(43)) - raft.server.log.queue.element-limit = 1024 (custom)
2019-10-03 02:14:57,415 [pool-77-thread-1] INFO  server.RaftServerConfigKeys (ConfUtils.java:logGet(43)) - raft.server.log.appender.buffer.byte-limit = 33554432 (custom)
2019-10-03 02:14:57,415 [pool-97-thread-1] INFO  server.RaftServerConfigKeys (ConfUtils.java:logGet(43)) - raft.server.log.segment.size.max = 1048576 (custom)
2019-10-03 02:14:57,415 [pool-87-thread-1] INFO  server.RaftServerConfigKeys (ConfUtils.java:logGet(43)) - raft.server.log.segment.size.max = 1048576 (custom)
2019-10-03 02:14:57,415 [pool-97-thread-1] INFO  server.RaftServerConfigKeys (ConfUtils.java:logGet(43)) - raft.server.log.preallocated.size = 16384 (custom)
2019-10-03 02:14:57,415 [pool-77-thread-1] INFO  server.RaftServerConfigKeys (ConfUtils.java:logGet(43)) - raft.server.log.segment.size.max = 1048576 (custom)
2019-10-03 02:14:57,416 [pool-97-thread-1] INFO  server.RaftServerConfigKeys (ConfUtils.java:logGet(43)) - raft.server.log.write.buffer.size = 33554432 (custom)
2019-10-03 02:14:57,416 [pool-87-thread-1] INFO  server.RaftServerConfigKeys (ConfUtils.java:logGet(43)) - raft.server.log.segment.cache.num.max = 2 (custom)
2019-10-03 02:14:57,416 [pool-97-thread-1] INFO  server.RaftServerConfigKeys (ConfUtils.java:logGet(43)) - raft.server.log.force.sync.num = 128 (default)
2019-10-03 02:14:57,416 [pool-77-thread-1] INFO  server.RaftServerConfigKeys (ConfUtils.java:logGet(43)) - raft.server.log.segment.cache.num.max = 2 (custom)
2019-10-03 02:14:57,416 [pool-97-thread-1] INFO  server.RaftServerConfigKeys (ConfUtils.java:logGet(43)) - raft.server.log.statemachine.data.sync = true (default)
2019-10-03 02:14:57,416 [pool-87-thread-1] INFO  segmented.SegmentedRaftLogWorker (SegmentedRaftLogWorker.java:<init>(173)) - new a7aad212-3339-4aaf-ad9f-55ad72b0d591@group-E5E155E4607E-SegmentedRaftLogWorker for RaftStorage:Storage Directory /workdir/hadoop-ozone/ozonefs/target/test-dir/MiniOzoneClusterImpl-c5b0e0f8-c51b-4999-bcb8-cb8adedc6842/datanode-1/data/ratis/00d447da-dd67-4dfc-93df-e5e155e4607e
2019-10-03 02:14:57,417 [pool-97-thread-1] INFO  server.RaftServerConfigKeys (ConfUtils.java:logGet(43)) - raft.server.log.statemachine.data.sync.timeout = 10s (default)
2019-10-03 02:14:57,417 [pool-77-thread-1] INFO  segmented.SegmentedRaftLogWorker (SegmentedRaftLogWorker.java:<init>(173)) - new 5924cf63-06f7-4ff4-94fd-c1172d2346d2@group-E5E155E4607E-SegmentedRaftLogWorker for RaftStorage:Storage Directory /workdir/hadoop-ozone/ozonefs/target/test-dir/MiniOzoneClusterImpl-c5b0e0f8-c51b-4999-bcb8-cb8adedc6842/datanode-0/data/ratis/00d447da-dd67-4dfc-93df-e5e155e4607e
2019-10-03 02:14:57,417 [pool-97-thread-1] INFO  server.RaftServerConfigKeys (ConfUtils.java:logGet(43)) - raft.server.log.statemachine.data.sync.timeout.retry = -1 (default)
2019-10-03 02:14:57,417 [pool-87-thread-1] INFO  server.RaftServerConfigKeys (ConfUtils.java:logGet(43)) - raft.server.log.queue.byte-limit = 2147483647 (custom)
2019-10-03 02:14:57,418 [pool-97-thread-1] INFO  server.RaftServerConfigKeys (ConfUtils.java:logGet(43)) - raft.server.log.statemachine.data.caching.enabled = true (custom)
2019-10-03 02:14:57,417 [pool-77-thread-1] INFO  server.RaftServerConfigKeys (ConfUtils.java:logGet(43)) - raft.server.log.queue.byte-limit = 2147483647 (custom)
2019-10-03 02:14:57,418 [pool-87-thread-1] INFO  server.RaftServerConfigKeys (ConfUtils.java:logGet(43)) - raft.server.log.queue.element-limit = 1024 (custom)
2019-10-03 02:14:57,418 [pool-97-thread-1] INFO  segmented.SegmentedRaftLogWorker (SegmentedRaftLogWorker.java:lambda$new$0(128)) - 1fd9a4e1-188d-41c2-ac27-bedd2c8f72db@group-E5E155E4607E-SegmentedRaftLogWorker: flushIndex: setUnconditionally 0 -> -1
2019-10-03 02:14:57,418 [pool-77-thread-1] INFO  server.RaftServerConfigKeys (ConfUtils.java:logGet(43)) - raft.server.log.queue.element-limit = 1024 (custom)
2019-10-03 02:14:57,418 [pool-87-thread-1] INFO  server.RaftServerConfigKeys (ConfUtils.java:logGet(43)) - raft.server.log.segment.size.max = 1048576 (custom)
2019-10-03 02:14:57,419 [pool-97-thread-1] INFO  server.RaftServerConfigKeys (ConfUtils.java:logGet(43)) - raft.server.snapshot.auto.trigger.enabled = true (custom)
2019-10-03 02:14:57,419 [pool-77-thread-1] INFO  server.RaftServerConfigKeys (ConfUtils.java:logGet(43)) - raft.server.log.segment.size.max = 1048576 (custom)
2019-10-03 02:14:57,419 [pool-97-thread-1] INFO  server.RaftServerConfigKeys (ConfUtils.java:logGet(43)) - raft.server.snapshot.auto.trigger.threshold = 10000 (custom)
2019-10-03 02:14:57,419 [pool-87-thread-1] INFO  server.RaftServerConfigKeys (ConfUtils.java:logGet(43)) - raft.server.log.preallocated.size = 16384 (custom)
2019-10-03 02:14:57,419 [pool-97-thread-1] INFO  server.RaftServerConfigKeys (ConfUtils.java:logGet(43)) - raft.server.snapshot.retention.file.num = 5 (custom)
2019-10-03 02:14:57,419 [pool-77-thread-1] INFO  server.RaftServerConfigKeys (ConfUtils.java:logGet(43)) - raft.server.log.preallocated.size = 16384 (custom)
2019-10-03 02:14:57,420 [pool-97-thread-1] INFO  server.RaftServerConfigKeys (ConfUtils.java:logGet(43)) - raft.server.retrycache.expirytime = 600000ms (custom)
2019-10-03 02:14:57,419 [pool-87-thread-1] INFO  server.RaftServerConfigKeys (ConfUtils.java:logGet(43)) - raft.server.log.write.buffer.size = 33554432 (custom)
2019-10-03 02:14:57,420 [pool-77-thread-1] INFO  server.RaftServerConfigKeys (ConfUtils.java:logGet(43)) - raft.server.log.write.buffer.size = 33554432 (custom)
2019-10-03 02:14:57,420 [pool-87-thread-1] INFO  server.RaftServerConfigKeys (ConfUtils.java:logGet(43)) - raft.server.log.force.sync.num = 128 (default)
2019-10-03 02:14:57,420 [pool-77-thread-1] INFO  server.RaftServerConfigKeys (ConfUtils.java:logGet(43)) - raft.server.log.force.sync.num = 128 (default)
2019-10-03 02:14:57,420 [pool-87-thread-1] INFO  server.RaftServerConfigKeys (ConfUtils.java:logGet(43)) - raft.server.log.statemachine.data.sync = true (default)
2019-10-03 02:14:57,421 [pool-77-thread-1] INFO  server.RaftServerConfigKeys (ConfUtils.java:logGet(43)) - raft.server.log.statemachine.data.sync = true (default)
2019-10-03 02:14:57,421 [pool-87-thread-1] INFO  server.RaftServerConfigKeys (ConfUtils.java:logGet(43)) - raft.server.log.statemachine.data.sync.timeout = 10s (default)
2019-10-03 02:14:57,421 [pool-87-thread-1] INFO  server.RaftServerConfigKeys (ConfUtils.java:logGet(43)) - raft.server.log.statemachine.data.sync.timeout.retry = -1 (default)
2019-10-03 02:14:57,421 [pool-77-thread-1] INFO  server.RaftServerConfigKeys (ConfUtils.java:logGet(43)) - raft.server.log.statemachine.data.sync.timeout = 10s (default)
2019-10-03 02:14:57,421 [pool-87-thread-1] INFO  server.RaftServerConfigKeys (ConfUtils.java:logGet(43)) - raft.server.log.statemachine.data.caching.enabled = true (custom)
2019-10-03 02:14:57,422 [pool-77-thread-1] INFO  server.RaftServerConfigKeys (ConfUtils.java:logGet(43)) - raft.server.log.statemachine.data.sync.timeout.retry = -1 (default)
2019-10-03 02:14:57,422 [pool-87-thread-1] INFO  segmented.SegmentedRaftLogWorker (SegmentedRaftLogWorker.java:lambda$new$0(128)) - a7aad212-3339-4aaf-ad9f-55ad72b0d591@group-E5E155E4607E-SegmentedRaftLogWorker: flushIndex: setUnconditionally 0 -> -1
2019-10-03 02:14:57,422 [pool-77-thread-1] INFO  server.RaftServerConfigKeys (ConfUtils.java:logGet(43)) - raft.server.log.statemachine.data.caching.enabled = true (custom)
2019-10-03 02:14:57,422 [pool-87-thread-1] INFO  server.RaftServerConfigKeys (ConfUtils.java:logGet(43)) - raft.server.snapshot.auto.trigger.enabled = true (custom)
2019-10-03 02:14:57,423 [pool-87-thread-1] INFO  server.RaftServerConfigKeys (ConfUtils.java:logGet(43)) - raft.server.snapshot.auto.trigger.threshold = 10000 (custom)
2019-10-03 02:14:57,423 [pool-77-thread-1] INFO  segmented.SegmentedRaftLogWorker (SegmentedRaftLogWorker.java:lambda$new$0(128)) - 5924cf63-06f7-4ff4-94fd-c1172d2346d2@group-E5E155E4607E-SegmentedRaftLogWorker: flushIndex: setUnconditionally 0 -> -1
2019-10-03 02:14:57,423 [pool-87-thread-1] INFO  server.RaftServerConfigKeys (ConfUtils.java:logGet(43)) - raft.server.snapshot.retention.file.num = 5 (custom)
2019-10-03 02:14:57,423 [pool-77-thread-1] INFO  server.RaftServerConfigKeys (ConfUtils.java:logGet(43)) - raft.server.snapshot.auto.trigger.enabled = true (custom)
2019-10-03 02:14:57,423 [pool-87-thread-1] INFO  server.RaftServerConfigKeys (ConfUtils.java:logGet(43)) - raft.server.retrycache.expirytime = 600000ms (custom)
2019-10-03 02:14:57,423 [pool-97-thread-1] INFO  impl.RaftServerImpl (RaftServerImpl.java:start(181)) - 1fd9a4e1-188d-41c2-ac27-bedd2c8f72db@group-E5E155E4607E: start as a follower, conf=-1: [1fd9a4e1-188d-41c2-ac27-bedd2c8f72db:192.168.164.205:37390, 5924cf63-06f7-4ff4-94fd-c1172d2346d2:192.168.164.205:36250, a7aad212-3339-4aaf-ad9f-55ad72b0d591:192.168.164.205:46214], old=null
2019-10-03 02:14:57,423 [pool-77-thread-1] INFO  server.RaftServerConfigKeys (ConfUtils.java:logGet(43)) - raft.server.snapshot.auto.trigger.threshold = 10000 (custom)
2019-10-03 02:14:57,424 [pool-97-thread-1] INFO  impl.RaftServerImpl (RaftServerImpl.java:setRole(170)) - 1fd9a4e1-188d-41c2-ac27-bedd2c8f72db@group-E5E155E4607E: changes role from      null to FOLLOWER at term 0 for startAsFollower
2019-10-03 02:14:57,424 [pool-77-thread-1] INFO  server.RaftServerConfigKeys (ConfUtils.java:logGet(43)) - raft.server.snapshot.retention.file.num = 5 (custom)
2019-10-03 02:14:57,424 [pool-97-thread-1] INFO  impl.RoleInfo (RoleInfo.java:updateAndGet(143)) - 1fd9a4e1-188d-41c2-ac27-bedd2c8f72db: start FollowerState
2019-10-03 02:14:57,424 [pool-77-thread-1] INFO  server.RaftServerConfigKeys (ConfUtils.java:logGet(43)) - raft.server.retrycache.expirytime = 600000ms (custom)
2019-10-03 02:14:57,425 [pool-97-thread-1] INFO  util.JmxRegister (JmxRegister.java:tryRegister(44)) - Successfully registered JMX Bean with object name Ratis:service=RaftServer,group=group-E5E155E4607E,id=1fd9a4e1-188d-41c2-ac27-bedd2c8f72db
2019-10-03 02:14:57,428 [pool-87-thread-1] INFO  impl.RaftServerImpl (RaftServerImpl.java:start(181)) - a7aad212-3339-4aaf-ad9f-55ad72b0d591@group-E5E155E4607E: start as a follower, conf=-1: [1fd9a4e1-188d-41c2-ac27-bedd2c8f72db:192.168.164.205:37390, 5924cf63-06f7-4ff4-94fd-c1172d2346d2:192.168.164.205:36250, a7aad212-3339-4aaf-ad9f-55ad72b0d591:192.168.164.205:46214], old=null
2019-10-03 02:14:57,428 [pool-87-thread-1] INFO  impl.RaftServerImpl (RaftServerImpl.java:setRole(170)) - a7aad212-3339-4aaf-ad9f-55ad72b0d591@group-E5E155E4607E: changes role from      null to FOLLOWER at term 0 for startAsFollower
2019-10-03 02:14:57,428 [pool-87-thread-1] INFO  impl.RoleInfo (RoleInfo.java:updateAndGet(143)) - a7aad212-3339-4aaf-ad9f-55ad72b0d591: start FollowerState
2019-10-03 02:14:57,428 [pool-87-thread-1] INFO  util.JmxRegister (JmxRegister.java:tryRegister(44)) - Successfully registered JMX Bean with object name Ratis:service=RaftServer,group=group-E5E155E4607E,id=a7aad212-3339-4aaf-ad9f-55ad72b0d591
2019-10-03 02:14:57,430 [pool-77-thread-1] INFO  impl.RaftServerImpl (RaftServerImpl.java:start(181)) - 5924cf63-06f7-4ff4-94fd-c1172d2346d2@group-E5E155E4607E: start as a follower, conf=-1: [1fd9a4e1-188d-41c2-ac27-bedd2c8f72db:192.168.164.205:37390, 5924cf63-06f7-4ff4-94fd-c1172d2346d2:192.168.164.205:36250, a7aad212-3339-4aaf-ad9f-55ad72b0d591:192.168.164.205:46214], old=null
2019-10-03 02:14:57,430 [pool-77-thread-1] INFO  impl.RaftServerImpl (RaftServerImpl.java:setRole(170)) - 5924cf63-06f7-4ff4-94fd-c1172d2346d2@group-E5E155E4607E: changes role from      null to FOLLOWER at term 0 for startAsFollower
2019-10-03 02:14:57,430 [pool-77-thread-1] INFO  impl.RoleInfo (RoleInfo.java:updateAndGet(143)) - 5924cf63-06f7-4ff4-94fd-c1172d2346d2: start FollowerState
2019-10-03 02:14:57,431 [pool-77-thread-1] INFO  util.JmxRegister (JmxRegister.java:tryRegister(44)) - Successfully registered JMX Bean with object name Ratis:service=RaftServer,group=group-E5E155E4607E,id=5924cf63-06f7-4ff4-94fd-c1172d2346d2
2019-10-03 02:14:57,455 [RatisPipelineUtilsThread] INFO  pipeline.PipelineStateManager (PipelineStateManager.java:addPipeline(56)) - Created pipeline Pipeline[ Id: 00d447da-dd67-4dfc-93df-e5e155e4607e, Nodes: 1fd9a4e1-188d-41c2-ac27-bedd2c8f72db{ip: 192.168.164.205, host: pr-hdds-1737-89jld-2007629010, networkLocation: /default-rack, certSerialId: null}a7aad212-3339-4aaf-ad9f-55ad72b0d591{ip: 192.168.164.205, host: pr-hdds-1737-89jld-2007629010, networkLocation: /default-rack, certSerialId: null}5924cf63-06f7-4ff4-94fd-c1172d2346d2{ip: 192.168.164.205, host: pr-hdds-1737-89jld-2007629010, networkLocation: /default-rack, certSerialId: null}, Type:RATIS, Factor:THREE, State:OPEN]
2019-10-03 02:14:58,222 [Thread-224] INFO  ozone.MiniOzoneClusterImpl (MiniOzoneClusterImpl.java:lambda$waitForClusterToBeReady$0(147)) - Cluster is ready. Got 3 of 3 DN Heartbeats.
2019-10-03 02:14:58,271 [Thread-224] INFO  rpc.RpcClient (RpcClient.java:createVolume(276)) - Creating Volume: volume32213, with user02460 as owner.
2019-10-03 02:14:58,276 [IPC Server handler 1 on 40310] INFO  volume.OMVolumeCreateRequest (OMVolumeCreateRequest.java:validateAndUpdateCache(194)) - created volume:volume32213 for user:user02460
2019-10-03 02:14:58,287 [Thread-224] INFO  rpc.RpcClient (RpcClient.java:createBucket(415)) - Creating Bucket: volume32213/bucket50073, with Versioning false and Storage Type set to DISK and Encryption set to false 
02:14:58.357 [IPC Server handler 3 on 40310] ERROR OMAudit - user=jenkins1000 | ip=127.0.0.1 | op=CREATE_DIRECTORY {volume=volume32213, bucket=bucket50073, key=dir1/dir12, dataSize=0, replicationType=RATIS, replicationFactor=ONE, keyLocationInfo=[]} | ret=FAILURE
org.apache.hadoop.ozone.om.exceptions.OMException: Volume not found volume32213
	at org.apache.hadoop.ozone.om.request.file.OMDirectoryCreateRequest.validateAndUpdateCache(OMDirectoryCreateRequest.java:146) ~[hadoop-ozone-ozone-manager-0.5.0-SNAPSHOT.jar:?]
	at org.apache.hadoop.ozone.protocolPB.OzoneManagerProtocolServerSideTranslatorPB.submitRequestDirectlyToOM(OzoneManagerProtocolServerSideTranslatorPB.java:219) ~[hadoop-ozone-ozone-manager-0.5.0-SNAPSHOT.jar:?]
	at org.apache.hadoop.ozone.protocolPB.OzoneManagerProtocolServerSideTranslatorPB.processRequest(OzoneManagerProtocolServerSideTranslatorPB.java:134) ~[hadoop-ozone-ozone-manager-0.5.0-SNAPSHOT.jar:?]
	at org.apache.hadoop.hdds.server.OzoneProtocolMessageDispatcher.processRequest(OzoneProtocolMessageDispatcher.java:72) [hadoop-hdds-server-framework-0.5.0-SNAPSHOT.jar:?]
	at org.apache.hadoop.ozone.protocolPB.OzoneManagerProtocolServerSideTranslatorPB.submitRequest(OzoneManagerProtocolServerSideTranslatorPB.java:100) [hadoop-ozone-ozone-manager-0.5.0-SNAPSHOT.jar:?]
	at org.apache.hadoop.ozone.protocol.proto.OzoneManagerProtocolProtos$OzoneManagerService$2.callBlockingMethod(OzoneManagerProtocolProtos.java) [hadoop-ozone-common-0.5.0-SNAPSHOT.jar:?]
	at org.apache.hadoop.ipc.ProtobufRpcEngine$Server$ProtoBufRpcInvoker.call(ProtobufRpcEngine.java:524) [hadoop-common-3.2.0.jar:?]
	at org.apache.hadoop.ipc.RPC$Server.call(RPC.java:1025) [hadoop-common-3.2.0.jar:?]
	at org.apache.hadoop.ipc.Server$RpcCall.run(Server.java:876) [hadoop-common-3.2.0.jar:?]
	at org.apache.hadoop.ipc.Server$RpcCall.run(Server.java:822) [hadoop-common-3.2.0.jar:?]
	at java.security.AccessController.doPrivileged(Native Method) [?:1.8.0_212]
	at javax.security.auth.Subject.doAs(Subject.java:422) [?:1.8.0_212]
	at org.apache.hadoop.security.UserGroupInformation.doAs(UserGroupInformation.java:1730) [hadoop-common-3.2.0.jar:?]
	at org.apache.hadoop.ipc.Server$Handler.run(Server.java:2682) [hadoop-common-3.2.0.jar:?]
2019-10-03 02:14:58,373 [IPC Server handler 3 on 40310] ERROR file.OMDirectoryCreateRequest (OMDirectoryCreateRequest.java:validateAndUpdateCache(212)) - CreateDirectory failed for Key: dir1/dir12 in volume/bucket:volume32213/bucket50073
VOLUME_NOT_FOUND org.apache.hadoop.ozone.om.exceptions.OMException: Volume not found volume32213
	at org.apache.hadoop.ozone.om.request.file.OMDirectoryCreateRequest.validateAndUpdateCache(OMDirectoryCreateRequest.java:146)
	at org.apache.hadoop.ozone.protocolPB.OzoneManagerProtocolServerSideTranslatorPB.submitRequestDirectlyToOM(OzoneManagerProtocolServerSideTranslatorPB.java:219)
	at org.apache.hadoop.ozone.protocolPB.OzoneManagerProtocolServerSideTranslatorPB.processRequest(OzoneManagerProtocolServerSideTranslatorPB.java:134)
	at org.apache.hadoop.hdds.server.OzoneProtocolMessageDispatcher.processRequest(OzoneProtocolMessageDispatcher.java:72)
	at org.apache.hadoop.ozone.protocolPB.OzoneManagerProtocolServerSideTranslatorPB.submitRequest(OzoneManagerProtocolServerSideTranslatorPB.java:100)
	at org.apache.hadoop.ozone.protocol.proto.OzoneManagerProtocolProtos$OzoneManagerService$2.callBlockingMethod(OzoneManagerProtocolProtos.java)
	at org.apache.hadoop.ipc.ProtobufRpcEngine$Server$ProtoBufRpcInvoker.call(ProtobufRpcEngine.java:524)
	at org.apache.hadoop.ipc.RPC$Server.call(RPC.java:1025)
	at org.apache.hadoop.ipc.Server$RpcCall.run(Server.java:876)
	at org.apache.hadoop.ipc.Server$RpcCall.run(Server.java:822)
	at java.security.AccessController.doPrivileged(Native Method)
	at javax.security.auth.Subject.doAs(Subject.java:422)
	at org.apache.hadoop.security.UserGroupInformation.doAs(UserGroupInformation.java:1730)
	at org.apache.hadoop.ipc.Server$Handler.run(Server.java:2682)
2019-10-03 02:14:58,375 [Thread-224] INFO  ozone.MiniOzoneClusterImpl (MiniOzoneClusterImpl.java:shutdown(314)) - Shutting down the Mini Ozone Cluster
2019-10-03 02:14:58,376 [Thread-224] INFO  ozone.MiniOzoneClusterImpl (MiniOzoneClusterImpl.java:stop(330)) - Stopping the Mini Ozone Cluster
2019-10-03 02:14:58,376 [Thread-224] INFO  ozone.MiniOzoneClusterImpl (MiniOzoneClusterImpl.java:stopOM(400)) - Stopping the OzoneManager
2019-10-03 02:14:58,376 [Thread-224] INFO  ipc.Server (Server.java:stop(3082)) - Stopping server on 40310
2019-10-03 02:14:58,384 [Thread-224] INFO  ratis.OzoneManagerDoubleBuffer (OzoneManagerDoubleBuffer.java:stop(248)) - Stopping OMDoubleBuffer flush thread
2019-10-03 02:14:58,384 [IPC Server Responder] INFO  ipc.Server (Server.java:run(1319)) - Stopping IPC Server Responder
2019-10-03 02:14:58,387 [OMDoubleBufferFlushThread] INFO  ratis.OzoneManagerDoubleBuffer (OzoneManagerDoubleBuffer.java:flushTransactions(191)) - OMDoubleBuffer flush thread OMDoubleBufferFlushThread is interrupted and will exit. OMDoubleBufferFlushThread
2019-10-03 02:14:58,384 [IPC Server listener on 40310] INFO  ipc.Server (Server.java:run(1185)) - Stopping IPC Server listener on 40310
2019-10-03 02:14:58,394 [Thread-224] INFO  utils.BackgroundService (BackgroundService.java:shutdown(148)) - Shutting down service KeyDeletingService
2019-10-03 02:14:58,403 [Thread-224] INFO  handler.ContextHandler (ContextHandler.java:doStop(910)) - Stopped o.e.j.w.WebAppContext@37a753e8{/,null,UNAVAILABLE}{/ozoneManager}
2019-10-03 02:14:58,404 [Thread-224] INFO  server.AbstractConnector (AbstractConnector.java:doStop(318)) - Stopped ServerConnector@2b9245e9{HTTP/1.1,[http/1.1]}{0.0.0.0:0}
2019-10-03 02:14:58,404 [Thread-224] INFO  handler.ContextHandler (ContextHandler.java:doStop(910)) - Stopped o.e.j.s.ServletContextHandler@62483f42{/static,jar:file:/home/user/.m2/repository/org/apache/hadoop/hadoop-ozone-ozone-manager/0.5.0-SNAPSHOT/hadoop-ozone-ozone-manager-0.5.0-SNAPSHOT.jar!/webapps/static,UNAVAILABLE}
2019-10-03 02:14:58,404 [Thread-224] INFO  handler.ContextHandler (ContextHandler.java:doStop(910)) - Stopped o.e.j.s.ServletContextHandler@2fd95be9{/logs,file:///workdir/hadoop-ozone/ozonefs/target/log,UNAVAILABLE}
2019-10-03 02:14:58,406 [Thread-224] INFO  ozone.MiniOzoneClusterImpl (MiniOzoneClusterImpl.java:stopDatanodes(377)) - Stopping the HddsDatanodes
2019-10-03 02:14:59,064 [Datanode State Machine Thread - 0] INFO  statemachine.DatanodeStateMachine (DatanodeStateMachine.java:lambda$startDaemon$0(350)) - Ozone container server started.
2019-10-03 02:14:59,146 [Datanode State Machine Thread - 0] INFO  statemachine.DatanodeStateMachine (DatanodeStateMachine.java:lambda$startDaemon$0(350)) - Ozone container server started.
2019-10-03 02:15:00,078 [Thread-396] INFO  container.ReplicationManager (ReplicationManager.java:start(162)) - Starting Replication Monitor Thread.
2019-10-03 02:15:00,081 [ReplicationMonitor] INFO  container.ReplicationManager (ReplicationManager.java:run(225)) - Replication Monitor Thread took 0 milliseconds for processing 0 containers.
2019-10-03 02:15:02,258 [Thread-401] INFO  impl.FollowerState (FollowerState.java:run(108)) - a7aad212-3339-4aaf-ad9f-55ad72b0d591@group-5CF06D13E815-FollowerState: change to CANDIDATE, lastRpcTime:5032ms, electionTimeout:5032ms
2019-10-03 02:15:02,259 [Thread-401] INFO  impl.RoleInfo (RoleInfo.java:shutdownFollowerState(121)) - a7aad212-3339-4aaf-ad9f-55ad72b0d591: shutdown FollowerState
2019-10-03 02:15:02,259 [Thread-401] INFO  impl.RaftServerImpl (RaftServerImpl.java:setRole(170)) - a7aad212-3339-4aaf-ad9f-55ad72b0d591@group-5CF06D13E815: changes role from  FOLLOWER to CANDIDATE at term 0 for changeToCandidate
2019-10-03 02:15:02,259 [Thread-401] INFO  impl.RoleInfo (RoleInfo.java:updateAndGet(143)) - a7aad212-3339-4aaf-ad9f-55ad72b0d591: start LeaderElection
2019-10-03 02:15:02,297 [a7aad212-3339-4aaf-ad9f-55ad72b0d591@group-5CF06D13E815-LeaderElection5] INFO  impl.LeaderElection (LeaderElection.java:askForVotes(178)) - a7aad212-3339-4aaf-ad9f-55ad72b0d591@group-5CF06D13E815-LeaderElection5: begin an election at term 1 for -1: [a7aad212-3339-4aaf-ad9f-55ad72b0d591:192.168.164.205:46214], old=null
2019-10-03 02:15:02,298 [a7aad212-3339-4aaf-ad9f-55ad72b0d591@group-5CF06D13E815-LeaderElection5] INFO  impl.RoleInfo (RoleInfo.java:shutdownLeaderElection(134)) - a7aad212-3339-4aaf-ad9f-55ad72b0d591: shutdown LeaderElection
2019-10-03 02:15:02,298 [a7aad212-3339-4aaf-ad9f-55ad72b0d591@group-5CF06D13E815-LeaderElection5] INFO  impl.RaftServerImpl (RaftServerImpl.java:setRole(170)) - a7aad212-3339-4aaf-ad9f-55ad72b0d591@group-5CF06D13E815: changes role from CANDIDATE to LEADER at term 1 for changeToLeader
2019-10-03 02:15:02,298 [a7aad212-3339-4aaf-ad9f-55ad72b0d591@group-5CF06D13E815-LeaderElection5] INFO  impl.RaftServerImpl (ServerState.java:setLeader(255)) - a7aad212-3339-4aaf-ad9f-55ad72b0d591@group-5CF06D13E815: change Leader from null to a7aad212-3339-4aaf-ad9f-55ad72b0d591 at term 1 for becomeLeader, leader elected after 5083ms
2019-10-03 02:15:02,299 [a7aad212-3339-4aaf-ad9f-55ad72b0d591@group-5CF06D13E815-LeaderElection5] INFO  server.RaftServerConfigKeys (ConfUtils.java:logGet(43)) - raft.server.staging.catchup.gap = 1000 (default)
2019-10-03 02:15:02,300 [a7aad212-3339-4aaf-ad9f-55ad72b0d591@group-5CF06D13E815-LeaderElection5] INFO  server.RaftServerConfigKeys (ConfUtils.java:logGet(43)) - raft.server.rpc.sleep.time = 25ms (default)
2019-10-03 02:15:02,300 [Thread-398] INFO  impl.FollowerState (FollowerState.java:run(108)) - 5924cf63-06f7-4ff4-94fd-c1172d2346d2@group-C57FA362727D-FollowerState: change to CANDIDATE, lastRpcTime:5147ms, electionTimeout:5147ms
2019-10-03 02:15:02,300 [a7aad212-3339-4aaf-ad9f-55ad72b0d591@group-5CF06D13E815-LeaderElection5] INFO  server.RaftServerConfigKeys (ConfUtils.java:logGet(43)) - raft.server.write.element-limit = 4096 (default)
2019-10-03 02:15:02,300 [Thread-398] INFO  impl.RoleInfo (RoleInfo.java:shutdownFollowerState(121)) - 5924cf63-06f7-4ff4-94fd-c1172d2346d2: shutdown FollowerState
2019-10-03 02:15:02,300 [a7aad212-3339-4aaf-ad9f-55ad72b0d591@group-5CF06D13E815-LeaderElection5] INFO  server.RaftServerConfigKeys (ConfUtils.java:logGet(43)) - raft.server.watch.timeout = 10s (default)
2019-10-03 02:15:02,300 [Thread-398] INFO  impl.RaftServerImpl (RaftServerImpl.java:setRole(170)) - 5924cf63-06f7-4ff4-94fd-c1172d2346d2@group-C57FA362727D: changes role from  FOLLOWER to CANDIDATE at term 0 for changeToCandidate
2019-10-03 02:15:02,301 [a7aad212-3339-4aaf-ad9f-55ad72b0d591@group-5CF06D13E815-LeaderElection5] INFO  server.RaftServerConfigKeys (ConfUtils.java:logGet(43)) - raft.server.watch.timeout.denomination = 1s (default)
2019-10-03 02:15:02,301 [Thread-398] INFO  impl.RoleInfo (RoleInfo.java:updateAndGet(143)) - 5924cf63-06f7-4ff4-94fd-c1172d2346d2: start LeaderElection
2019-10-03 02:15:02,301 [a7aad212-3339-4aaf-ad9f-55ad72b0d591@group-5CF06D13E815-LeaderElection5] INFO  server.RaftServerConfigKeys (ConfUtils.java:logGet(43)) - raft.server.watch.element-limit = 65536 (default)
2019-10-03 02:15:02,309 [a7aad212-3339-4aaf-ad9f-55ad72b0d591@group-5CF06D13E815-LeaderElection5] INFO  impl.RoleInfo (RoleInfo.java:updateAndGet(143)) - a7aad212-3339-4aaf-ad9f-55ad72b0d591: start LeaderState
2019-10-03 02:15:02,309 [a7aad212-3339-4aaf-ad9f-55ad72b0d591@group-5CF06D13E815-LeaderElection5] INFO  segmented.SegmentedRaftLogWorker (SegmentedRaftLogWorker.java:startLogSegment(385)) - a7aad212-3339-4aaf-ad9f-55ad72b0d591@group-5CF06D13E815-SegmentedRaftLogWorker: Starting segment from index:0
2019-10-03 02:15:02,310 [a7aad212-3339-4aaf-ad9f-55ad72b0d591@group-5CF06D13E815-LeaderElection5] INFO  impl.RaftServerImpl (ServerState.java:setRaftConf(356)) - a7aad212-3339-4aaf-ad9f-55ad72b0d591@group-5CF06D13E815: set configuration 0: [a7aad212-3339-4aaf-ad9f-55ad72b0d591:192.168.164.205:46214], old=null at 0
2019-10-03 02:15:02,340 [5924cf63-06f7-4ff4-94fd-c1172d2346d2@group-C57FA362727D-LeaderElection6] INFO  impl.LeaderElection (LeaderElection.java:askForVotes(178)) - 5924cf63-06f7-4ff4-94fd-c1172d2346d2@group-C57FA362727D-LeaderElection6: begin an election at term 1 for -1: [5924cf63-06f7-4ff4-94fd-c1172d2346d2:192.168.164.205:36250], old=null
2019-10-03 02:15:02,340 [5924cf63-06f7-4ff4-94fd-c1172d2346d2@group-C57FA362727D-LeaderElection6] INFO  impl.RoleInfo (RoleInfo.java:shutdownLeaderElection(134)) - 5924cf63-06f7-4ff4-94fd-c1172d2346d2: shutdown LeaderElection
2019-10-03 02:15:02,340 [5924cf63-06f7-4ff4-94fd-c1172d2346d2@group-C57FA362727D-LeaderElection6] INFO  impl.RaftServerImpl (RaftServerImpl.java:setRole(170)) - 5924cf63-06f7-4ff4-94fd-c1172d2346d2@group-C57FA362727D: changes role from CANDIDATE to LEADER at term 1 for changeToLeader
2019-10-03 02:15:02,340 [5924cf63-06f7-4ff4-94fd-c1172d2346d2@group-C57FA362727D-LeaderElection6] INFO  impl.RaftServerImpl (ServerState.java:setLeader(255)) - 5924cf63-06f7-4ff4-94fd-c1172d2346d2@group-C57FA362727D: change Leader from null to 5924cf63-06f7-4ff4-94fd-c1172d2346d2 at term 1 for becomeLeader, leader elected after 5199ms
2019-10-03 02:15:02,342 [5924cf63-06f7-4ff4-94fd-c1172d2346d2@group-C57FA362727D-LeaderElection6] INFO  server.RaftServerConfigKeys (ConfUtils.java:logGet(43)) - raft.server.staging.catchup.gap = 1000 (default)
2019-10-03 02:15:02,342 [5924cf63-06f7-4ff4-94fd-c1172d2346d2@group-C57FA362727D-LeaderElection6] INFO  server.RaftServerConfigKeys (ConfUtils.java:logGet(43)) - raft.server.rpc.sleep.time = 25ms (default)
2019-10-03 02:15:02,343 [5924cf63-06f7-4ff4-94fd-c1172d2346d2@group-C57FA362727D-LeaderElection6] INFO  server.RaftServerConfigKeys (ConfUtils.java:logGet(43)) - raft.server.write.element-limit = 4096 (default)
2019-10-03 02:15:02,343 [5924cf63-06f7-4ff4-94fd-c1172d2346d2@group-C57FA362727D-LeaderElection6] INFO  server.RaftServerConfigKeys (ConfUtils.java:logGet(43)) - raft.server.watch.timeout = 10s (default)
2019-10-03 02:15:02,343 [5924cf63-06f7-4ff4-94fd-c1172d2346d2@group-C57FA362727D-LeaderElection6] INFO  server.RaftServerConfigKeys (ConfUtils.java:logGet(43)) - raft.server.watch.timeout.denomination = 1s (default)
2019-10-03 02:15:02,343 [5924cf63-06f7-4ff4-94fd-c1172d2346d2@group-C57FA362727D-LeaderElection6] INFO  server.RaftServerConfigKeys (ConfUtils.java:logGet(43)) - raft.server.watch.element-limit = 65536 (default)
2019-10-03 02:15:02,346 [5924cf63-06f7-4ff4-94fd-c1172d2346d2@group-C57FA362727D-LeaderElection6] INFO  impl.RoleInfo (RoleInfo.java:updateAndGet(143)) - 5924cf63-06f7-4ff4-94fd-c1172d2346d2: start LeaderState
2019-10-03 02:15:02,347 [5924cf63-06f7-4ff4-94fd-c1172d2346d2@group-C57FA362727D-LeaderElection6] INFO  segmented.SegmentedRaftLogWorker (SegmentedRaftLogWorker.java:startLogSegment(385)) - 5924cf63-06f7-4ff4-94fd-c1172d2346d2@group-C57FA362727D-SegmentedRaftLogWorker: Starting segment from index:0
2019-10-03 02:15:02,348 [5924cf63-06f7-4ff4-94fd-c1172d2346d2@group-C57FA362727D-LeaderElection6] INFO  impl.RaftServerImpl (ServerState.java:setRaftConf(356)) - 5924cf63-06f7-4ff4-94fd-c1172d2346d2@group-C57FA362727D: set configuration 0: [5924cf63-06f7-4ff4-94fd-c1172d2346d2:192.168.164.205:36250], old=null at 0
2019-10-03 02:15:02,388 [Thread-404] INFO  impl.FollowerState (FollowerState.java:run(108)) - 1fd9a4e1-188d-41c2-ac27-bedd2c8f72db@group-363D192F24DF-FollowerState: change to CANDIDATE, lastRpcTime:5095ms, electionTimeout:5068ms
2019-10-03 02:15:02,388 [a7aad212-3339-4aaf-ad9f-55ad72b0d591@group-5CF06D13E815-SegmentedRaftLogWorker] INFO  segmented.SegmentedRaftLogWorker (SegmentedRaftLogWorker.java:execute(574)) - a7aad212-3339-4aaf-ad9f-55ad72b0d591@group-5CF06D13E815-SegmentedRaftLogWorker: created new log segment /workdir/hadoop-ozone/ozonefs/target/test-dir/MiniOzoneClusterImpl-c5b0e0f8-c51b-4999-bcb8-cb8adedc6842/datanode-1/data/ratis/9786ff12-97b0-420c-b3dd-5cf06d13e815/current/log_inprogress_0
2019-10-03 02:15:02,388 [Thread-404] INFO  impl.RoleInfo (RoleInfo.java:shutdownFollowerState(121)) - 1fd9a4e1-188d-41c2-ac27-bedd2c8f72db: shutdown FollowerState
2019-10-03 02:15:02,388 [Thread-404] INFO  impl.RaftServerImpl (RaftServerImpl.java:setRole(170)) - 1fd9a4e1-188d-41c2-ac27-bedd2c8f72db@group-363D192F24DF: changes role from  FOLLOWER to CANDIDATE at term 0 for changeToCandidate
2019-10-03 02:15:02,389 [Thread-404] INFO  impl.RoleInfo (RoleInfo.java:updateAndGet(143)) - 1fd9a4e1-188d-41c2-ac27-bedd2c8f72db: start LeaderElection
2019-10-03 02:15:02,401 [5924cf63-06f7-4ff4-94fd-c1172d2346d2@group-C57FA362727D-SegmentedRaftLogWorker] INFO  segmented.SegmentedRaftLogWorker (SegmentedRaftLogWorker.java:execute(574)) - 5924cf63-06f7-4ff4-94fd-c1172d2346d2@group-C57FA362727D-SegmentedRaftLogWorker: created new log segment /workdir/hadoop-ozone/ozonefs/target/test-dir/MiniOzoneClusterImpl-c5b0e0f8-c51b-4999-bcb8-cb8adedc6842/datanode-0/data/ratis/cec1e072-82f9-4d96-8499-c57fa362727d/current/log_inprogress_0
2019-10-03 02:15:02,401 [1fd9a4e1-188d-41c2-ac27-bedd2c8f72db@group-363D192F24DF-LeaderElection7] INFO  impl.LeaderElection (LeaderElection.java:askForVotes(178)) - 1fd9a4e1-188d-41c2-ac27-bedd2c8f72db@group-363D192F24DF-LeaderElection7: begin an election at term 1 for -1: [1fd9a4e1-188d-41c2-ac27-bedd2c8f72db:192.168.164.205:37390], old=null
2019-10-03 02:15:02,401 [1fd9a4e1-188d-41c2-ac27-bedd2c8f72db@group-363D192F24DF-LeaderElection7] INFO  impl.RoleInfo (RoleInfo.java:shutdownLeaderElection(134)) - 1fd9a4e1-188d-41c2-ac27-bedd2c8f72db: shutdown LeaderElection
2019-10-03 02:15:02,401 [1fd9a4e1-188d-41c2-ac27-bedd2c8f72db@group-363D192F24DF-LeaderElection7] INFO  impl.RaftServerImpl (RaftServerImpl.java:setRole(170)) - 1fd9a4e1-188d-41c2-ac27-bedd2c8f72db@group-363D192F24DF: changes role from CANDIDATE to LEADER at term 1 for changeToLeader
2019-10-03 02:15:02,402 [1fd9a4e1-188d-41c2-ac27-bedd2c8f72db@group-363D192F24DF-LeaderElection7] INFO  impl.RaftServerImpl (ServerState.java:setLeader(255)) - 1fd9a4e1-188d-41c2-ac27-bedd2c8f72db@group-363D192F24DF: change Leader from null to 1fd9a4e1-188d-41c2-ac27-bedd2c8f72db at term 1 for becomeLeader, leader elected after 5120ms
2019-10-03 02:15:02,402 [1fd9a4e1-188d-41c2-ac27-bedd2c8f72db@group-363D192F24DF-LeaderElection7] INFO  server.RaftServerConfigKeys (ConfUtils.java:logGet(43)) - raft.server.staging.catchup.gap = 1000 (default)
2019-10-03 02:15:02,402 [1fd9a4e1-188d-41c2-ac27-bedd2c8f72db@group-363D192F24DF-LeaderElection7] INFO  server.RaftServerConfigKeys (ConfUtils.java:logGet(43)) - raft.server.rpc.sleep.time = 25ms (default)
2019-10-03 02:15:02,402 [1fd9a4e1-188d-41c2-ac27-bedd2c8f72db@group-363D192F24DF-LeaderElection7] INFO  server.RaftServerConfigKeys (ConfUtils.java:logGet(43)) - raft.server.write.element-limit = 4096 (default)
2019-10-03 02:15:02,403 [1fd9a4e1-188d-41c2-ac27-bedd2c8f72db@group-363D192F24DF-LeaderElection7] INFO  server.RaftServerConfigKeys (ConfUtils.java:logGet(43)) - raft.server.watch.timeout = 10s (default)
2019-10-03 02:15:02,403 [1fd9a4e1-188d-41c2-ac27-bedd2c8f72db@group-363D192F24DF-LeaderElection7] INFO  server.RaftServerConfigKeys (ConfUtils.java:logGet(43)) - raft.server.watch.timeout.denomination = 1s (default)
2019-10-03 02:15:02,403 [1fd9a4e1-188d-41c2-ac27-bedd2c8f72db@group-363D192F24DF-LeaderElection7] INFO  server.RaftServerConfigKeys (ConfUtils.java:logGet(43)) - raft.server.watch.element-limit = 65536 (default)
2019-10-03 02:15:02,407 [1fd9a4e1-188d-41c2-ac27-bedd2c8f72db@group-363D192F24DF-LeaderElection7] INFO  impl.RoleInfo (RoleInfo.java:updateAndGet(143)) - 1fd9a4e1-188d-41c2-ac27-bedd2c8f72db: start LeaderState
2019-10-03 02:15:02,408 [1fd9a4e1-188d-41c2-ac27-bedd2c8f72db@group-363D192F24DF-LeaderElection7] INFO  segmented.SegmentedRaftLogWorker (SegmentedRaftLogWorker.java:startLogSegment(385)) - 1fd9a4e1-188d-41c2-ac27-bedd2c8f72db@group-363D192F24DF-SegmentedRaftLogWorker: Starting segment from index:0
2019-10-03 02:15:02,409 [1fd9a4e1-188d-41c2-ac27-bedd2c8f72db@group-363D192F24DF-LeaderElection7] INFO  impl.RaftServerImpl (ServerState.java:setRaftConf(356)) - 1fd9a4e1-188d-41c2-ac27-bedd2c8f72db@group-363D192F24DF: set configuration 0: [1fd9a4e1-188d-41c2-ac27-bedd2c8f72db:192.168.164.205:37390], old=null at 0
2019-10-03 02:15:02,426 [Thread-408] INFO  impl.FollowerState (FollowerState.java:run(108)) - 1fd9a4e1-188d-41c2-ac27-bedd2c8f72db@group-E5E155E4607E-FollowerState: change to CANDIDATE, lastRpcTime:5001ms, electionTimeout:5001ms
2019-10-03 02:15:02,426 [Thread-408] INFO  impl.RoleInfo (RoleInfo.java:shutdownFollowerState(121)) - 1fd9a4e1-188d-41c2-ac27-bedd2c8f72db: shutdown FollowerState
2019-10-03 02:15:02,426 [Thread-408] INFO  impl.RaftServerImpl (RaftServerImpl.java:setRole(170)) - 1fd9a4e1-188d-41c2-ac27-bedd2c8f72db@group-E5E155E4607E: changes role from  FOLLOWER to CANDIDATE at term 0 for changeToCandidate
2019-10-03 02:15:02,427 [Thread-408] INFO  impl.RoleInfo (RoleInfo.java:updateAndGet(143)) - 1fd9a4e1-188d-41c2-ac27-bedd2c8f72db: start LeaderElection
2019-10-03 02:15:02,450 [1fd9a4e1-188d-41c2-ac27-bedd2c8f72db@group-363D192F24DF-SegmentedRaftLogWorker] INFO  segmented.SegmentedRaftLogWorker (SegmentedRaftLogWorker.java:execute(574)) - 1fd9a4e1-188d-41c2-ac27-bedd2c8f72db@group-363D192F24DF-SegmentedRaftLogWorker: created new log segment /workdir/hadoop-ozone/ozonefs/target/test-dir/MiniOzoneClusterImpl-c5b0e0f8-c51b-4999-bcb8-cb8adedc6842/datanode-2/data/ratis/68401048-9ab1-40e2-8e05-363d192f24df/current/log_inprogress_0
2019-10-03 02:15:02,454 [1fd9a4e1-188d-41c2-ac27-bedd2c8f72db@group-E5E155E4607E-LeaderElection8] INFO  impl.LeaderElection (LeaderElection.java:askForVotes(178)) - 1fd9a4e1-188d-41c2-ac27-bedd2c8f72db@group-E5E155E4607E-LeaderElection8: begin an election at term 1 for -1: [1fd9a4e1-188d-41c2-ac27-bedd2c8f72db:192.168.164.205:37390, 5924cf63-06f7-4ff4-94fd-c1172d2346d2:192.168.164.205:36250, a7aad212-3339-4aaf-ad9f-55ad72b0d591:192.168.164.205:46214], old=null
2019-10-03 02:15:02,468 [grpc-default-executor-1] INFO  impl.RaftServerImpl (RaftServerImpl.java:setRole(170)) - 5924cf63-06f7-4ff4-94fd-c1172d2346d2@group-E5E155E4607E: changes role from  FOLLOWER to FOLLOWER at term 1 for recognizeCandidate:1fd9a4e1-188d-41c2-ac27-bedd2c8f72db
2019-10-03 02:15:02,468 [grpc-default-executor-1] INFO  impl.RoleInfo (RoleInfo.java:shutdownFollowerState(121)) - 5924cf63-06f7-4ff4-94fd-c1172d2346d2: shutdown FollowerState
2019-10-03 02:15:02,469 [grpc-default-executor-0] INFO  impl.RaftServerImpl (RaftServerImpl.java:setRole(170)) - a7aad212-3339-4aaf-ad9f-55ad72b0d591@group-E5E155E4607E: changes role from  FOLLOWER to FOLLOWER at term 1 for recognizeCandidate:1fd9a4e1-188d-41c2-ac27-bedd2c8f72db
2019-10-03 02:15:02,470 [grpc-default-executor-1] INFO  impl.RoleInfo (RoleInfo.java:updateAndGet(143)) - 5924cf63-06f7-4ff4-94fd-c1172d2346d2: start FollowerState
2019-10-03 02:15:02,470 [Thread-411] INFO  impl.FollowerState (FollowerState.java:run(117)) - 5924cf63-06f7-4ff4-94fd-c1172d2346d2@group-E5E155E4607E-FollowerState was interrupted: java.lang.InterruptedException: sleep interrupted
2019-10-03 02:15:02,470 [grpc-default-executor-0] INFO  impl.RoleInfo (RoleInfo.java:shutdownFollowerState(121)) - a7aad212-3339-4aaf-ad9f-55ad72b0d591: shutdown FollowerState
2019-10-03 02:15:02,472 [grpc-default-executor-0] INFO  impl.RoleInfo (RoleInfo.java:updateAndGet(143)) - a7aad212-3339-4aaf-ad9f-55ad72b0d591: start FollowerState
2019-10-03 02:15:02,472 [Thread-410] INFO  impl.FollowerState (FollowerState.java:run(117)) - a7aad212-3339-4aaf-ad9f-55ad72b0d591@group-E5E155E4607E-FollowerState was interrupted: java.lang.InterruptedException: sleep interrupted
2019-10-03 02:15:02,479 [1fd9a4e1-188d-41c2-ac27-bedd2c8f72db@group-E5E155E4607E-LeaderElection8] INFO  impl.LeaderElection (LeaderElection.java:logAndReturn(56)) - 1fd9a4e1-188d-41c2-ac27-bedd2c8f72db@group-E5E155E4607E-LeaderElection8: Election PASSED; received 1 response(s) [1fd9a4e1-188d-41c2-ac27-bedd2c8f72db<-5924cf63-06f7-4ff4-94fd-c1172d2346d2#0:OK-t1] and 0 exception(s); 1fd9a4e1-188d-41c2-ac27-bedd2c8f72db@group-E5E155E4607E:t1, leader=null, voted=1fd9a4e1-188d-41c2-ac27-bedd2c8f72db, raftlog=1fd9a4e1-188d-41c2-ac27-bedd2c8f72db@group-E5E155E4607E-SegmentedRaftLog:OPENED:c-1,f-1,i0, conf=-1: [1fd9a4e1-188d-41c2-ac27-bedd2c8f72db:192.168.164.205:37390, 5924cf63-06f7-4ff4-94fd-c1172d2346d2:192.168.164.205:36250, a7aad212-3339-4aaf-ad9f-55ad72b0d591:192.168.164.205:46214], old=null
2019-10-03 02:15:02,479 [1fd9a4e1-188d-41c2-ac27-bedd2c8f72db@group-E5E155E4607E-LeaderElection8] INFO  impl.RoleInfo (RoleInfo.java:shutdownLeaderElection(134)) - 1fd9a4e1-188d-41c2-ac27-bedd2c8f72db: shutdown LeaderElection
2019-10-03 02:15:02,481 [1fd9a4e1-188d-41c2-ac27-bedd2c8f72db@group-E5E155E4607E-LeaderElection8] INFO  impl.RaftServerImpl (RaftServerImpl.java:setRole(170)) - 1fd9a4e1-188d-41c2-ac27-bedd2c8f72db@group-E5E155E4607E: changes role from CANDIDATE to LEADER at term 1 for changeToLeader
2019-10-03 02:15:02,481 [1fd9a4e1-188d-41c2-ac27-bedd2c8f72db@group-E5E155E4607E-LeaderElection8] INFO  impl.RaftServerImpl (ServerState.java:setLeader(255)) - 1fd9a4e1-188d-41c2-ac27-bedd2c8f72db@group-E5E155E4607E: change Leader from null to 1fd9a4e1-188d-41c2-ac27-bedd2c8f72db at term 1 for becomeLeader, leader elected after 5069ms
2019-10-03 02:15:02,482 [1fd9a4e1-188d-41c2-ac27-bedd2c8f72db@group-E5E155E4607E-LeaderElection8] INFO  server.RaftServerConfigKeys (ConfUtils.java:logGet(43)) - raft.server.staging.catchup.gap = 1000 (default)
2019-10-03 02:15:02,483 [1fd9a4e1-188d-41c2-ac27-bedd2c8f72db@group-E5E155E4607E-LeaderElection8] INFO  server.RaftServerConfigKeys (ConfUtils.java:logGet(43)) - raft.server.rpc.sleep.time = 25ms (default)
2019-10-03 02:15:02,483 [1fd9a4e1-188d-41c2-ac27-bedd2c8f72db@group-E5E155E4607E-LeaderElection8] INFO  server.RaftServerConfigKeys (ConfUtils.java:logGet(43)) - raft.server.write.element-limit = 4096 (default)
2019-10-03 02:15:02,485 [1fd9a4e1-188d-41c2-ac27-bedd2c8f72db@group-E5E155E4607E-LeaderElection8] INFO  server.RaftServerConfigKeys (ConfUtils.java:logGet(43)) - raft.server.watch.timeout = 10s (default)
2019-10-03 02:15:02,485 [1fd9a4e1-188d-41c2-ac27-bedd2c8f72db@group-E5E155E4607E-LeaderElection8] INFO  server.RaftServerConfigKeys (ConfUtils.java:logGet(43)) - raft.server.watch.timeout.denomination = 1s (default)
2019-10-03 02:15:02,485 [1fd9a4e1-188d-41c2-ac27-bedd2c8f72db@group-E5E155E4607E-LeaderElection8] INFO  server.RaftServerConfigKeys (ConfUtils.java:logGet(43)) - raft.server.watch.element-limit = 65536 (default)
2019-10-03 02:15:02,488 [1fd9a4e1-188d-41c2-ac27-bedd2c8f72db@group-E5E155E4607E-LeaderElection8] INFO  server.RaftServerConfigKeys (ConfUtils.java:logGet(43)) - raft.server.log.appender.snapshot.chunk.size.max = 16MB (=16777216) (default)
2019-10-03 02:15:02,488 [1fd9a4e1-188d-41c2-ac27-bedd2c8f72db@group-E5E155E4607E-LeaderElection8] INFO  server.RaftServerConfigKeys (ConfUtils.java:logGet(43)) - raft.server.log.appender.buffer.byte-limit = 33554432 (custom)
2019-10-03 02:15:02,489 [1fd9a4e1-188d-41c2-ac27-bedd2c8f72db@group-E5E155E4607E-LeaderElection8] INFO  server.RaftServerConfigKeys (ConfUtils.java:logGet(43)) - raft.server.log.appender.buffer.element-limit = 1 (custom)
2019-10-03 02:15:02,489 [1fd9a4e1-188d-41c2-ac27-bedd2c8f72db@group-E5E155E4607E-LeaderElection8] INFO  grpc.GrpcConfigKeys$Server (ConfUtils.java:logGet(43)) - raft.grpc.server.leader.outstanding.appends.max = 128 (default)
2019-10-03 02:15:02,489 [1fd9a4e1-188d-41c2-ac27-bedd2c8f72db@group-E5E155E4607E-LeaderElection8] INFO  server.RaftServerConfigKeys (ConfUtils.java:logGet(43)) - raft.server.rpc.request.timeout = 3000ms (default)
2019-10-03 02:15:02,489 [1fd9a4e1-188d-41c2-ac27-bedd2c8f72db@group-E5E155E4607E-LeaderElection8] INFO  server.RaftServerConfigKeys (ConfUtils.java:logGet(43)) - raft.server.log.appender.install.snapshot.enabled = false (custom)
2019-10-03 02:15:02,490 [1fd9a4e1-188d-41c2-ac27-bedd2c8f72db@group-E5E155E4607E-LeaderElection8] INFO  server.RaftServerConfigKeys (ConfUtils.java:logGet(43)) - raft.server.log.appender.snapshot.chunk.size.max = 16MB (=16777216) (default)
2019-10-03 02:15:02,490 [1fd9a4e1-188d-41c2-ac27-bedd2c8f72db@group-E5E155E4607E-LeaderElection8] INFO  server.RaftServerConfigKeys (ConfUtils.java:logGet(43)) - raft.server.log.appender.buffer.byte-limit = 33554432 (custom)
2019-10-03 02:15:02,490 [1fd9a4e1-188d-41c2-ac27-bedd2c8f72db@group-E5E155E4607E-LeaderElection8] INFO  server.RaftServerConfigKeys (ConfUtils.java:logGet(43)) - raft.server.log.appender.buffer.element-limit = 1 (custom)
2019-10-03 02:15:02,491 [1fd9a4e1-188d-41c2-ac27-bedd2c8f72db@group-E5E155E4607E-LeaderElection8] INFO  grpc.GrpcConfigKeys$Server (ConfUtils.java:logGet(43)) - raft.grpc.server.leader.outstanding.appends.max = 128 (default)
2019-10-03 02:15:02,491 [1fd9a4e1-188d-41c2-ac27-bedd2c8f72db@group-E5E155E4607E-LeaderElection8] INFO  server.RaftServerConfigKeys (ConfUtils.java:logGet(43)) - raft.server.rpc.request.timeout = 3000ms (default)
2019-10-03 02:15:02,491 [1fd9a4e1-188d-41c2-ac27-bedd2c8f72db@group-E5E155E4607E-LeaderElection8] INFO  server.RaftServerConfigKeys (ConfUtils.java:logGet(43)) - raft.server.log.appender.install.snapshot.enabled = false (custom)
2019-10-03 02:15:02,491 [1fd9a4e1-188d-41c2-ac27-bedd2c8f72db@group-E5E155E4607E-LeaderElection8] INFO  impl.RoleInfo (RoleInfo.java:updateAndGet(143)) - 1fd9a4e1-188d-41c2-ac27-bedd2c8f72db: start LeaderState
2019-10-03 02:15:02,492 [1fd9a4e1-188d-41c2-ac27-bedd2c8f72db@group-E5E155E4607E-LeaderElection8] INFO  segmented.SegmentedRaftLogWorker (SegmentedRaftLogWorker.java:startLogSegment(385)) - 1fd9a4e1-188d-41c2-ac27-bedd2c8f72db@group-E5E155E4607E-SegmentedRaftLogWorker: Starting segment from index:0
2019-10-03 02:15:02,493 [1fd9a4e1-188d-41c2-ac27-bedd2c8f72db@group-E5E155E4607E-LeaderElection8] INFO  impl.RaftServerImpl (ServerState.java:setRaftConf(356)) - 1fd9a4e1-188d-41c2-ac27-bedd2c8f72db@group-E5E155E4607E: set configuration 0: [1fd9a4e1-188d-41c2-ac27-bedd2c8f72db:192.168.164.205:37390, 5924cf63-06f7-4ff4-94fd-c1172d2346d2:192.168.164.205:36250, a7aad212-3339-4aaf-ad9f-55ad72b0d591:192.168.164.205:46214], old=null at 0
2019-10-03 02:15:02,539 [grpc-default-executor-0] INFO  impl.RaftServerImpl (ServerState.java:setLeader(255)) - 5924cf63-06f7-4ff4-94fd-c1172d2346d2@group-E5E155E4607E: change Leader from null to 1fd9a4e1-188d-41c2-ac27-bedd2c8f72db at term 1 for appendEntries, leader elected after 5126ms
2019-10-03 02:15:02,541 [grpc-default-executor-1] INFO  impl.RaftServerImpl (ServerState.java:setLeader(255)) - a7aad212-3339-4aaf-ad9f-55ad72b0d591@group-E5E155E4607E: change Leader from null to 1fd9a4e1-188d-41c2-ac27-bedd2c8f72db at term 1 for appendEntries, leader elected after 5127ms
2019-10-03 02:15:02,545 [1fd9a4e1-188d-41c2-ac27-bedd2c8f72db@group-E5E155E4607E-SegmentedRaftLogWorker] INFO  segmented.SegmentedRaftLogWorker (SegmentedRaftLogWorker.java:execute(574)) - 1fd9a4e1-188d-41c2-ac27-bedd2c8f72db@group-E5E155E4607E-SegmentedRaftLogWorker: created new log segment /workdir/hadoop-ozone/ozonefs/target/test-dir/MiniOzoneClusterImpl-c5b0e0f8-c51b-4999-bcb8-cb8adedc6842/datanode-2/data/ratis/00d447da-dd67-4dfc-93df-e5e155e4607e/current/log_inprogress_0
2019-10-03 02:15:02,546 [grpc-default-executor-0] INFO  impl.RaftServerImpl (ServerState.java:setRaftConf(356)) - a7aad212-3339-4aaf-ad9f-55ad72b0d591@group-E5E155E4607E: set configuration 0: [1fd9a4e1-188d-41c2-ac27-bedd2c8f72db:192.168.164.205:37390, 5924cf63-06f7-4ff4-94fd-c1172d2346d2:192.168.164.205:36250, a7aad212-3339-4aaf-ad9f-55ad72b0d591:192.168.164.205:46214], old=null at 0
2019-10-03 02:15:02,546 [grpc-default-executor-1] INFO  impl.RaftServerImpl (ServerState.java:setRaftConf(356)) - 5924cf63-06f7-4ff4-94fd-c1172d2346d2@group-E5E155E4607E: set configuration 0: [1fd9a4e1-188d-41c2-ac27-bedd2c8f72db:192.168.164.205:37390, 5924cf63-06f7-4ff4-94fd-c1172d2346d2:192.168.164.205:36250, a7aad212-3339-4aaf-ad9f-55ad72b0d591:192.168.164.205:46214], old=null at 0
2019-10-03 02:15:02,547 [grpc-default-executor-0] INFO  segmented.SegmentedRaftLogWorker (SegmentedRaftLogWorker.java:startLogSegment(385)) - a7aad212-3339-4aaf-ad9f-55ad72b0d591@group-E5E155E4607E-SegmentedRaftLogWorker: Starting segment from index:0
2019-10-03 02:15:02,547 [grpc-default-executor-1] INFO  segmented.SegmentedRaftLogWorker (SegmentedRaftLogWorker.java:startLogSegment(385)) - 5924cf63-06f7-4ff4-94fd-c1172d2346d2@group-E5E155E4607E-SegmentedRaftLogWorker: Starting segment from index:0
2019-10-03 02:15:02,602 [5924cf63-06f7-4ff4-94fd-c1172d2346d2@group-E5E155E4607E-SegmentedRaftLogWorker] INFO  segmented.SegmentedRaftLogWorker (SegmentedRaftLogWorker.java:execute(574)) - 5924cf63-06f7-4ff4-94fd-c1172d2346d2@group-E5E155E4607E-SegmentedRaftLogWorker: created new log segment /workdir/hadoop-ozone/ozonefs/target/test-dir/MiniOzoneClusterImpl-c5b0e0f8-c51b-4999-bcb8-cb8adedc6842/datanode-0/data/ratis/00d447da-dd67-4dfc-93df-e5e155e4607e/current/log_inprogress_0
2019-10-03 02:15:02,602 [a7aad212-3339-4aaf-ad9f-55ad72b0d591@group-E5E155E4607E-SegmentedRaftLogWorker] INFO  segmented.SegmentedRaftLogWorker (SegmentedRaftLogWorker.java:execute(574)) - a7aad212-3339-4aaf-ad9f-55ad72b0d591@group-E5E155E4607E-SegmentedRaftLogWorker: created new log segment /workdir/hadoop-ozone/ozonefs/target/test-dir/MiniOzoneClusterImpl-c5b0e0f8-c51b-4999-bcb8-cb8adedc6842/datanode-1/data/ratis/00d447da-dd67-4dfc-93df-e5e155e4607e/current/log_inprogress_0
2019-10-03 02:15:03,407 [Thread-224] INFO  ozoneimpl.OzoneContainer (OzoneContainer.java:stop(231)) - Attempting to stop container services.
2019-10-03 02:15:03,407 [ForkJoinPool.commonPool-worker-0] INFO  ozoneimpl.OzoneContainer (OzoneContainer.java:stop(231)) - Attempting to stop container services.
2019-10-03 02:15:03,408 [Thread-224] INFO  impl.RaftServerProxy (RaftServerProxy.java:lambda$close$4(314)) - a7aad212-3339-4aaf-ad9f-55ad72b0d591: close
2019-10-03 02:15:03,408 [ForkJoinPool.commonPool-worker-0] INFO  impl.RaftServerProxy (RaftServerProxy.java:lambda$close$4(314)) - 5924cf63-06f7-4ff4-94fd-c1172d2346d2: close
2019-10-03 02:15:03,408 [Thread-224] INFO  impl.RaftServerImpl (RaftServerImpl.java:lambda$shutdown$3(247)) - a7aad212-3339-4aaf-ad9f-55ad72b0d591@group-E5E155E4607E: shutdown
2019-10-03 02:15:03,408 [ForkJoinPool.commonPool-worker-0] INFO  impl.RaftServerImpl (RaftServerImpl.java:lambda$shutdown$3(247)) - 5924cf63-06f7-4ff4-94fd-c1172d2346d2@group-E5E155E4607E: shutdown
2019-10-03 02:15:03,409 [Thread-224] INFO  util.JmxRegister (JmxRegister.java:unregister(73)) - Successfully un-registered JMX Bean with object name Ratis:service=RaftServer,group=group-E5E155E4607E,id=a7aad212-3339-4aaf-ad9f-55ad72b0d591
2019-10-03 02:15:03,409 [ForkJoinPool.commonPool-worker-0] INFO  util.JmxRegister (JmxRegister.java:unregister(73)) - Successfully un-registered JMX Bean with object name Ratis:service=RaftServer,group=group-E5E155E4607E,id=5924cf63-06f7-4ff4-94fd-c1172d2346d2
2019-10-03 02:15:03,409 [Thread-224] INFO  impl.RoleInfo (RoleInfo.java:shutdownFollowerState(121)) - a7aad212-3339-4aaf-ad9f-55ad72b0d591: shutdown FollowerState
2019-10-03 02:15:03,410 [ForkJoinPool.commonPool-worker-0] INFO  impl.RoleInfo (RoleInfo.java:shutdownFollowerState(121)) - 5924cf63-06f7-4ff4-94fd-c1172d2346d2: shutdown FollowerState
2019-10-03 02:15:03,410 [Thread-429] INFO  impl.FollowerState (FollowerState.java:run(117)) - a7aad212-3339-4aaf-ad9f-55ad72b0d591@group-E5E155E4607E-FollowerState was interrupted: java.lang.InterruptedException: sleep interrupted
2019-10-03 02:15:03,410 [Thread-224] INFO  impl.StateMachineUpdater (StateMachineUpdater.java:stopAndJoin(136)) - a7aad212-3339-4aaf-ad9f-55ad72b0d591@group-E5E155E4607E-StateMachineUpdater: set stopIndex = -1
2019-10-03 02:15:03,410 [Thread-428] INFO  impl.FollowerState (FollowerState.java:run(117)) - 5924cf63-06f7-4ff4-94fd-c1172d2346d2@group-E5E155E4607E-FollowerState was interrupted: java.lang.InterruptedException: sleep interrupted
2019-10-03 02:15:03,410 [ForkJoinPool.commonPool-worker-0] INFO  impl.StateMachineUpdater (StateMachineUpdater.java:stopAndJoin(136)) - 5924cf63-06f7-4ff4-94fd-c1172d2346d2@group-E5E155E4607E-StateMachineUpdater: set stopIndex = -1
2019-10-03 02:15:03,412 [Thread-224] INFO  impl.RaftServerImpl (ServerState.java:close(387)) - a7aad212-3339-4aaf-ad9f-55ad72b0d591@group-E5E155E4607E: closes. applyIndex: -1
2019-10-03 02:15:03,414 [ForkJoinPool.commonPool-worker-0] INFO  impl.RaftServerImpl (ServerState.java:close(387)) - 5924cf63-06f7-4ff4-94fd-c1172d2346d2@group-E5E155E4607E: closes. applyIndex: -1
2019-10-03 02:15:03,414 [a7aad212-3339-4aaf-ad9f-55ad72b0d591@group-E5E155E4607E-SegmentedRaftLogWorker] INFO  segmented.SegmentedRaftLogWorker (SegmentedRaftLogWorker.java:run(316)) - a7aad212-3339-4aaf-ad9f-55ad72b0d591@group-E5E155E4607E-SegmentedRaftLogWorker was interrupted, exiting. There are 0 tasks remaining in the queue.
2019-10-03 02:15:03,414 [5924cf63-06f7-4ff4-94fd-c1172d2346d2@group-E5E155E4607E-SegmentedRaftLogWorker] INFO  segmented.SegmentedRaftLogWorker (SegmentedRaftLogWorker.java:run(316)) - 5924cf63-06f7-4ff4-94fd-c1172d2346d2@group-E5E155E4607E-SegmentedRaftLogWorker was interrupted, exiting. There are 0 tasks remaining in the queue.
2019-10-03 02:15:03,416 [Thread-224] INFO  segmented.SegmentedRaftLogWorker (SegmentedRaftLogWorker.java:close(224)) - a7aad212-3339-4aaf-ad9f-55ad72b0d591@group-E5E155E4607E-SegmentedRaftLogWorker close()
2019-10-03 02:15:03,417 [ForkJoinPool.commonPool-worker-0] INFO  segmented.SegmentedRaftLogWorker (SegmentedRaftLogWorker.java:close(224)) - 5924cf63-06f7-4ff4-94fd-c1172d2346d2@group-E5E155E4607E-SegmentedRaftLogWorker close()
2019-10-03 02:15:03,419 [Thread-224] INFO  impl.RaftServerImpl (RaftServerImpl.java:lambda$shutdown$3(247)) - a7aad212-3339-4aaf-ad9f-55ad72b0d591@group-5CF06D13E815: shutdown
2019-10-03 02:15:03,422 [ForkJoinPool.commonPool-worker-0] INFO  impl.RaftServerImpl (RaftServerImpl.java:lambda$shutdown$3(247)) - 5924cf63-06f7-4ff4-94fd-c1172d2346d2@group-C57FA362727D: shutdown
2019-10-03 02:15:03,422 [Thread-224] INFO  util.JmxRegister (JmxRegister.java:unregister(73)) - Successfully un-registered JMX Bean with object name Ratis:service=RaftServer,group=group-5CF06D13E815,id=a7aad212-3339-4aaf-ad9f-55ad72b0d591
2019-10-03 02:15:03,422 [ForkJoinPool.commonPool-worker-0] INFO  util.JmxRegister (JmxRegister.java:unregister(73)) - Successfully un-registered JMX Bean with object name Ratis:service=RaftServer,group=group-C57FA362727D,id=5924cf63-06f7-4ff4-94fd-c1172d2346d2
2019-10-03 02:15:03,423 [Thread-224] INFO  impl.RoleInfo (RoleInfo.java:shutdownLeaderState(104)) - a7aad212-3339-4aaf-ad9f-55ad72b0d591: shutdown LeaderState
2019-10-03 02:15:03,423 [ForkJoinPool.commonPool-worker-0] INFO  impl.RoleInfo (RoleInfo.java:shutdownLeaderState(104)) - 5924cf63-06f7-4ff4-94fd-c1172d2346d2: shutdown LeaderState
2019-10-03 02:15:03,423 [Thread-224] INFO  impl.PendingRequests (PendingRequests.java:sendNotLeaderResponses(202)) - a7aad212-3339-4aaf-ad9f-55ad72b0d591@group-5CF06D13E815-PendingRequests: sendNotLeaderResponses
2019-10-03 02:15:03,423 [ForkJoinPool.commonPool-worker-0] INFO  impl.PendingRequests (PendingRequests.java:sendNotLeaderResponses(202)) - 5924cf63-06f7-4ff4-94fd-c1172d2346d2@group-C57FA362727D-PendingRequests: sendNotLeaderResponses
2019-10-03 02:15:03,424 [Thread-224] INFO  impl.StateMachineUpdater (StateMachineUpdater.java:stopAndJoin(136)) - a7aad212-3339-4aaf-ad9f-55ad72b0d591@group-5CF06D13E815-StateMachineUpdater: set stopIndex = 0
2019-10-03 02:15:03,424 [ForkJoinPool.commonPool-worker-0] INFO  impl.StateMachineUpdater (StateMachineUpdater.java:stopAndJoin(136)) - 5924cf63-06f7-4ff4-94fd-c1172d2346d2@group-C57FA362727D-StateMachineUpdater: set stopIndex = 0
2019-10-03 02:15:03,424 [Thread-224] INFO  impl.RaftServerImpl (ServerState.java:close(387)) - a7aad212-3339-4aaf-ad9f-55ad72b0d591@group-5CF06D13E815: closes. applyIndex: 0
2019-10-03 02:15:03,425 [ForkJoinPool.commonPool-worker-0] INFO  impl.RaftServerImpl (ServerState.java:close(387)) - 5924cf63-06f7-4ff4-94fd-c1172d2346d2@group-C57FA362727D: closes. applyIndex: 0
2019-10-03 02:15:03,425 [a7aad212-3339-4aaf-ad9f-55ad72b0d591@group-5CF06D13E815-SegmentedRaftLogWorker] INFO  segmented.SegmentedRaftLogWorker (SegmentedRaftLogWorker.java:run(316)) - a7aad212-3339-4aaf-ad9f-55ad72b0d591@group-5CF06D13E815-SegmentedRaftLogWorker was interrupted, exiting. There are 0 tasks remaining in the queue.
2019-10-03 02:15:03,425 [5924cf63-06f7-4ff4-94fd-c1172d2346d2@group-C57FA362727D-SegmentedRaftLogWorker] INFO  segmented.SegmentedRaftLogWorker (SegmentedRaftLogWorker.java:run(316)) - 5924cf63-06f7-4ff4-94fd-c1172d2346d2@group-C57FA362727D-SegmentedRaftLogWorker was interrupted, exiting. There are 0 tasks remaining in the queue.
2019-10-03 02:15:03,427 [Thread-224] INFO  segmented.SegmentedRaftLogWorker (SegmentedRaftLogWorker.java:close(224)) - a7aad212-3339-4aaf-ad9f-55ad72b0d591@group-5CF06D13E815-SegmentedRaftLogWorker close()
2019-10-03 02:15:03,428 [ForkJoinPool.commonPool-worker-0] INFO  segmented.SegmentedRaftLogWorker (SegmentedRaftLogWorker.java:close(224)) - 5924cf63-06f7-4ff4-94fd-c1172d2346d2@group-C57FA362727D-SegmentedRaftLogWorker close()
2019-10-03 02:15:03,430 [Thread-224] INFO  server.GrpcService (GrpcService.java:closeImpl(164)) - a7aad212-3339-4aaf-ad9f-55ad72b0d591: shutdown server with port 46214 now
2019-10-03 02:15:03,435 [ForkJoinPool.commonPool-worker-0] INFO  server.GrpcService (GrpcService.java:closeImpl(164)) - 5924cf63-06f7-4ff4-94fd-c1172d2346d2: shutdown server with port 36250 now
2019-10-03 02:15:03,440 [grpc-default-executor-2] WARN  server.GrpcServerProtocolService (LogUtils.java:warn(134)) - 5924cf63-06f7-4ff4-94fd-c1172d2346d2: installSnapshot onError, lastRequest: 1fd9a4e1-188d-41c2-ac27-bedd2c8f72db->5924cf63-06f7-4ff4-94fd-c1172d2346d2#1-t1, previous=(t:0, i:0), leaderCommit=-1, initializing? false, entries: size=1, first=(t:1, i:0), CONFIGURATIONENTRY: org.apache.ratis.thirdparty.io.grpc.StatusRuntimeException: CANCELLED: cancelled before receiving half close
2019-10-03 02:15:03,440 [grpc-default-executor-3] WARN  server.GrpcServerProtocolService (LogUtils.java:warn(134)) - a7aad212-3339-4aaf-ad9f-55ad72b0d591: installSnapshot onError, lastRequest: 1fd9a4e1-188d-41c2-ac27-bedd2c8f72db->a7aad212-3339-4aaf-ad9f-55ad72b0d591#1-t1, previous=(t:0, i:0), leaderCommit=-1, initializing? false, entries: size=1, first=(t:1, i:0), CONFIGURATIONENTRY: org.apache.ratis.thirdparty.io.grpc.StatusRuntimeException: CANCELLED: cancelled before receiving half close
2019-10-03 02:15:03,445 [Thread-224] INFO  server.GrpcService (GrpcService.java:closeImpl(172)) - a7aad212-3339-4aaf-ad9f-55ad72b0d591: shutdown server with port 46214 successfully
2019-10-03 02:15:03,445 [ForkJoinPool.commonPool-worker-0] INFO  server.GrpcService (GrpcService.java:closeImpl(172)) - 5924cf63-06f7-4ff4-94fd-c1172d2346d2: shutdown server with port 36250 successfully
2019-10-03 02:15:03,449 [grpc-default-executor-1] WARN  server.GrpcLogAppender (LogUtils.java:warn(134)) - 1fd9a4e1-188d-41c2-ac27-bedd2c8f72db@group-E5E155E4607E->a7aad212-3339-4aaf-ad9f-55ad72b0d591-AppendLogResponseHandler: Failed appendEntries: org.apache.ratis.thirdparty.io.grpc.StatusRuntimeException: CANCELLED: HTTP/2 error code: CANCEL
Received Rst Stream
2019-10-03 02:15:03,451 [grpc-default-executor-1] INFO  impl.FollowerInfo (FollowerInfo.java:lambda$new$0(51)) - 1fd9a4e1-188d-41c2-ac27-bedd2c8f72db@group-E5E155E4607E->a7aad212-3339-4aaf-ad9f-55ad72b0d591: nextIndex: updateUnconditionally 1 -> 0
2019-10-03 02:15:03,452 [grpc-default-executor-0] WARN  server.GrpcLogAppender (LogUtils.java:warn(134)) - 1fd9a4e1-188d-41c2-ac27-bedd2c8f72db@group-E5E155E4607E->5924cf63-06f7-4ff4-94fd-c1172d2346d2-AppendLogResponseHandler: Failed appendEntries: org.apache.ratis.thirdparty.io.grpc.StatusRuntimeException: CANCELLED: HTTP/2 error code: CANCEL
Received Rst Stream
2019-10-03 02:15:03,454 [grpc-default-executor-0] INFO  impl.FollowerInfo (FollowerInfo.java:lambda$new$0(51)) - 1fd9a4e1-188d-41c2-ac27-bedd2c8f72db@group-E5E155E4607E->5924cf63-06f7-4ff4-94fd-c1172d2346d2: nextIndex: updateUnconditionally 1 -> 0
2019-10-03 02:15:03,454 [refreshUsed-/workdir/hadoop-ozone/ozonefs/target/test-dir/MiniOzoneClusterImpl-c5b0e0f8-c51b-4999-bcb8-cb8adedc6842/datanode-0/data/containers] WARN  fs.CachingGetSpaceUsed (CachingGetSpaceUsed.java:run(183)) - Thread Interrupted waiting to refresh disk information: sleep interrupted
2019-10-03 02:15:03,457 [refreshUsed-/workdir/hadoop-ozone/ozonefs/target/test-dir/MiniOzoneClusterImpl-c5b0e0f8-c51b-4999-bcb8-cb8adedc6842/datanode-1/data/containers] WARN  fs.CachingGetSpaceUsed (CachingGetSpaceUsed.java:run(183)) - Thread Interrupted waiting to refresh disk information: sleep interrupted
2019-10-03 02:15:03,487 [Thread-224] INFO  utils.BackgroundService (BackgroundService.java:shutdown(148)) - Shutting down service BlockDeletingService
2019-10-03 02:15:03,491 [Thread-224] INFO  statemachine.DatanodeStateMachine (DatanodeStateMachine.java:stopDaemon(395)) - Ozone container server stopped.
2019-10-03 02:15:03,492 [Thread-224] INFO  handler.ContextHandler (ContextHandler.java:doStop(910)) - Stopped o.e.j.w.WebAppContext@6be6d9c{/,null,UNAVAILABLE}{/hddsDatanode}
2019-10-03 02:15:03,492 [ForkJoinPool.commonPool-worker-0] INFO  utils.BackgroundService (BackgroundService.java:shutdown(148)) - Shutting down service BlockDeletingService
2019-10-03 02:15:03,492 [Thread-224] INFO  server.AbstractConnector (AbstractConnector.java:doStop(318)) - Stopped ServerConnector@137fc2ce{HTTP/1.1,[http/1.1]}{0.0.0.0:0}
2019-10-03 02:15:03,495 [Thread-224] INFO  handler.ContextHandler (ContextHandler.java:doStop(910)) - Stopped o.e.j.s.ServletContextHandler@75f105ae{/static,jar:file:/home/user/.m2/repository/org/apache/hadoop/hadoop-hdds-container-service/0.5.0-SNAPSHOT/hadoop-hdds-container-service-0.5.0-SNAPSHOT.jar!/webapps/static,UNAVAILABLE}
2019-10-03 02:15:03,495 [ForkJoinPool.commonPool-worker-0] INFO  statemachine.DatanodeStateMachine (DatanodeStateMachine.java:stopDaemon(395)) - Ozone container server stopped.
2019-10-03 02:15:03,496 [Thread-224] INFO  handler.ContextHandler (ContextHandler.java:doStop(910)) - Stopped o.e.j.s.ServletContextHandler@22b5a71{/logs,file:///workdir/hadoop-ozone/ozonefs/target/log,UNAVAILABLE}
2019-10-03 02:15:03,499 [ForkJoinPool.commonPool-worker-0] INFO  handler.ContextHandler (ContextHandler.java:doStop(910)) - Stopped o.e.j.w.WebAppContext@1dfc78b9{/,null,UNAVAILABLE}{/hddsDatanode}
2019-10-03 02:15:03,500 [ForkJoinPool.commonPool-worker-0] INFO  server.AbstractConnector (AbstractConnector.java:doStop(318)) - Stopped ServerConnector@21923874{HTTP/1.1,[http/1.1]}{0.0.0.0:0}
2019-10-03 02:15:03,501 [ForkJoinPool.commonPool-worker-0] INFO  handler.ContextHandler (ContextHandler.java:doStop(910)) - Stopped o.e.j.s.ServletContextHandler@123b7317{/static,jar:file:/home/user/.m2/repository/org/apache/hadoop/hadoop-hdds-container-service/0.5.0-SNAPSHOT/hadoop-hdds-container-service-0.5.0-SNAPSHOT.jar!/webapps/static,UNAVAILABLE}
2019-10-03 02:15:03,502 [ForkJoinPool.commonPool-worker-0] INFO  handler.ContextHandler (ContextHandler.java:doStop(910)) - Stopped o.e.j.s.ServletContextHandler@224a62e4{/logs,file:///workdir/hadoop-ozone/ozonefs/target/log,UNAVAILABLE}
2019-10-03 02:15:04,222 [Datanode State Machine Thread - 0] INFO  statemachine.DatanodeStateMachine (DatanodeStateMachine.java:lambda$startDaemon$0(350)) - Ozone container server started.
2019-10-03 02:15:05,132 [grpc-default-executor-0] WARN  server.GrpcLogAppender (LogUtils.java:warn(134)) - 1fd9a4e1-188d-41c2-ac27-bedd2c8f72db@group-E5E155E4607E->a7aad212-3339-4aaf-ad9f-55ad72b0d591-AppendLogResponseHandler: Failed appendEntries: org.apache.ratis.thirdparty.io.grpc.StatusRuntimeException: UNAVAILABLE: io exception
2019-10-03 02:15:05,132 [grpc-default-executor-1] WARN  server.GrpcLogAppender (LogUtils.java:warn(134)) - 1fd9a4e1-188d-41c2-ac27-bedd2c8f72db@group-E5E155E4607E->5924cf63-06f7-4ff4-94fd-c1172d2346d2-AppendLogResponseHandler: Failed appendEntries: org.apache.ratis.thirdparty.io.grpc.StatusRuntimeException: UNAVAILABLE: io exception
2019-10-03 02:15:05,134 [grpc-default-executor-0] INFO  impl.FollowerInfo (FollowerInfo.java:lambda$new$0(51)) - 1fd9a4e1-188d-41c2-ac27-bedd2c8f72db@group-E5E155E4607E->a7aad212-3339-4aaf-ad9f-55ad72b0d591: nextIndex: updateUnconditionally 0 -> 0
2019-10-03 02:15:05,135 [grpc-default-executor-1] INFO  impl.FollowerInfo (FollowerInfo.java:lambda$new$0(51)) - 1fd9a4e1-188d-41c2-ac27-bedd2c8f72db@group-E5E155E4607E->5924cf63-06f7-4ff4-94fd-c1172d2346d2: nextIndex: updateUnconditionally 0 -> 0
2019-10-03 02:15:07,632 [grpc-default-executor-1] WARN  server.GrpcLogAppender (LogUtils.java:warn(134)) - 1fd9a4e1-188d-41c2-ac27-bedd2c8f72db@group-E5E155E4607E->a7aad212-3339-4aaf-ad9f-55ad72b0d591-AppendLogResponseHandler: Failed appendEntries: org.apache.ratis.thirdparty.io.grpc.StatusRuntimeException: UNAVAILABLE: io exception
2019-10-03 02:15:07,632 [grpc-default-executor-0] WARN  server.GrpcLogAppender (LogUtils.java:warn(134)) - 1fd9a4e1-188d-41c2-ac27-bedd2c8f72db@group-E5E155E4607E->5924cf63-06f7-4ff4-94fd-c1172d2346d2-AppendLogResponseHandler: Failed appendEntries: org.apache.ratis.thirdparty.io.grpc.StatusRuntimeException: UNAVAILABLE: io exception
2019-10-03 02:15:07,634 [grpc-default-executor-1] INFO  impl.FollowerInfo (FollowerInfo.java:lambda$new$0(51)) - 1fd9a4e1-188d-41c2-ac27-bedd2c8f72db@group-E5E155E4607E->a7aad212-3339-4aaf-ad9f-55ad72b0d591: nextIndex: updateUnconditionally 0 -> 0
2019-10-03 02:15:07,635 [grpc-default-executor-0] INFO  impl.FollowerInfo (FollowerInfo.java:lambda$new$0(51)) - 1fd9a4e1-188d-41c2-ac27-bedd2c8f72db@group-E5E155E4607E->5924cf63-06f7-4ff4-94fd-c1172d2346d2: nextIndex: updateUnconditionally 0 -> 0
2019-10-03 02:15:08,500 [Thread-224] INFO  ozoneimpl.OzoneContainer (OzoneContainer.java:stop(231)) - Attempting to stop container services.
2019-10-03 02:15:08,501 [Thread-224] INFO  impl.RaftServerProxy (RaftServerProxy.java:lambda$close$4(314)) - 1fd9a4e1-188d-41c2-ac27-bedd2c8f72db: close
2019-10-03 02:15:08,502 [Thread-224] INFO  impl.RaftServerImpl (RaftServerImpl.java:lambda$shutdown$3(247)) - 1fd9a4e1-188d-41c2-ac27-bedd2c8f72db@group-E5E155E4607E: shutdown
2019-10-03 02:15:08,503 [Thread-224] INFO  util.JmxRegister (JmxRegister.java:unregister(73)) - Successfully un-registered JMX Bean with object name Ratis:service=RaftServer,group=group-E5E155E4607E,id=1fd9a4e1-188d-41c2-ac27-bedd2c8f72db
2019-10-03 02:15:08,503 [Thread-224] INFO  impl.RoleInfo (RoleInfo.java:shutdownLeaderState(104)) - 1fd9a4e1-188d-41c2-ac27-bedd2c8f72db: shutdown LeaderState
2019-10-03 02:15:08,506 [org.apache.ratis.server.impl.LogAppender$AppenderDaemon$$Lambda$441/533741322@3fff8a98] WARN  server.GrpcLogAppender (GrpcLogAppender.java:mayWait(143)) - 1fd9a4e1-188d-41c2-ac27-bedd2c8f72db@group-E5E155E4607E->5924cf63-06f7-4ff4-94fd-c1172d2346d2-GrpcLogAppender: Wait interrupted by java.lang.InterruptedException
2019-10-03 02:15:08,506 [Thread-224] INFO  impl.PendingRequests (PendingRequests.java:sendNotLeaderResponses(202)) - 1fd9a4e1-188d-41c2-ac27-bedd2c8f72db@group-E5E155E4607E-PendingRequests: sendNotLeaderResponses
2019-10-03 02:15:08,506 [org.apache.ratis.server.impl.LogAppender$AppenderDaemon$$Lambda$441/533741322@6427f65c] WARN  server.GrpcLogAppender (GrpcLogAppender.java:mayWait(143)) - 1fd9a4e1-188d-41c2-ac27-bedd2c8f72db@group-E5E155E4607E->a7aad212-3339-4aaf-ad9f-55ad72b0d591-GrpcLogAppender: Wait interrupted by java.lang.InterruptedException
2019-10-03 02:15:08,507 [Thread-224] INFO  impl.StateMachineUpdater (StateMachineUpdater.java:stopAndJoin(136)) - 1fd9a4e1-188d-41c2-ac27-bedd2c8f72db@group-E5E155E4607E-StateMachineUpdater: set stopIndex = 0
2019-10-03 02:15:08,507 [Thread-224] INFO  impl.RaftServerImpl (ServerState.java:close(387)) - 1fd9a4e1-188d-41c2-ac27-bedd2c8f72db@group-E5E155E4607E: closes. applyIndex: 0
2019-10-03 02:15:08,507 [1fd9a4e1-188d-41c2-ac27-bedd2c8f72db@group-E5E155E4607E-SegmentedRaftLogWorker] INFO  segmented.SegmentedRaftLogWorker (SegmentedRaftLogWorker.java:run(316)) - 1fd9a4e1-188d-41c2-ac27-bedd2c8f72db@group-E5E155E4607E-SegmentedRaftLogWorker was interrupted, exiting. There are 0 tasks remaining in the queue.
2019-10-03 02:15:08,508 [Thread-224] INFO  segmented.SegmentedRaftLogWorker (SegmentedRaftLogWorker.java:close(224)) - 1fd9a4e1-188d-41c2-ac27-bedd2c8f72db@group-E5E155E4607E-SegmentedRaftLogWorker close()
2019-10-03 02:15:08,509 [Thread-224] INFO  impl.RaftServerImpl (RaftServerImpl.java:lambda$shutdown$3(247)) - 1fd9a4e1-188d-41c2-ac27-bedd2c8f72db@group-363D192F24DF: shutdown
2019-10-03 02:15:08,510 [Thread-224] INFO  util.JmxRegister (JmxRegister.java:unregister(73)) - Successfully un-registered JMX Bean with object name Ratis:service=RaftServer,group=group-363D192F24DF,id=1fd9a4e1-188d-41c2-ac27-bedd2c8f72db
2019-10-03 02:15:08,510 [Thread-224] INFO  impl.RoleInfo (RoleInfo.java:shutdownLeaderState(104)) - 1fd9a4e1-188d-41c2-ac27-bedd2c8f72db: shutdown LeaderState
2019-10-03 02:15:08,510 [Thread-224] INFO  impl.PendingRequests (PendingRequests.java:sendNotLeaderResponses(202)) - 1fd9a4e1-188d-41c2-ac27-bedd2c8f72db@group-363D192F24DF-PendingRequests: sendNotLeaderResponses
2019-10-03 02:15:08,511 [Thread-224] INFO  impl.StateMachineUpdater (StateMachineUpdater.java:stopAndJoin(136)) - 1fd9a4e1-188d-41c2-ac27-bedd2c8f72db@group-363D192F24DF-StateMachineUpdater: set stopIndex = 0
2019-10-03 02:15:08,512 [Thread-224] INFO  impl.RaftServerImpl (ServerState.java:close(387)) - 1fd9a4e1-188d-41c2-ac27-bedd2c8f72db@group-363D192F24DF: closes. applyIndex: 0
2019-10-03 02:15:08,513 [1fd9a4e1-188d-41c2-ac27-bedd2c8f72db@group-363D192F24DF-SegmentedRaftLogWorker] INFO  segmented.SegmentedRaftLogWorker (SegmentedRaftLogWorker.java:run(316)) - 1fd9a4e1-188d-41c2-ac27-bedd2c8f72db@group-363D192F24DF-SegmentedRaftLogWorker was interrupted, exiting. There are 0 tasks remaining in the queue.
2019-10-03 02:15:08,513 [Thread-224] INFO  segmented.SegmentedRaftLogWorker (SegmentedRaftLogWorker.java:close(224)) - 1fd9a4e1-188d-41c2-ac27-bedd2c8f72db@group-363D192F24DF-SegmentedRaftLogWorker close()
2019-10-03 02:15:08,514 [Thread-224] INFO  server.GrpcService (GrpcService.java:closeImpl(164)) - 1fd9a4e1-188d-41c2-ac27-bedd2c8f72db: shutdown server with port 37390 now
2019-10-03 02:15:08,515 [Thread-224] INFO  server.GrpcService (GrpcService.java:closeImpl(172)) - 1fd9a4e1-188d-41c2-ac27-bedd2c8f72db: shutdown server with port 37390 successfully
2019-10-03 02:15:08,518 [refreshUsed-/workdir/hadoop-ozone/ozonefs/target/test-dir/MiniOzoneClusterImpl-c5b0e0f8-c51b-4999-bcb8-cb8adedc6842/datanode-2/data/containers] WARN  fs.CachingGetSpaceUsed (CachingGetSpaceUsed.java:run(183)) - Thread Interrupted waiting to refresh disk information: sleep interrupted
2019-10-03 02:15:08,553 [Thread-224] INFO  utils.BackgroundService (BackgroundService.java:shutdown(148)) - Shutting down service BlockDeletingService
2019-10-03 02:15:08,556 [Thread-224] INFO  statemachine.DatanodeStateMachine (DatanodeStateMachine.java:stopDaemon(395)) - Ozone container server stopped.
2019-10-03 02:15:08,557 [Thread-224] INFO  handler.ContextHandler (ContextHandler.java:doStop(910)) - Stopped o.e.j.w.WebAppContext@7dbc04eb{/,null,UNAVAILABLE}{/hddsDatanode}
2019-10-03 02:15:08,558 [Thread-224] INFO  server.AbstractConnector (AbstractConnector.java:doStop(318)) - Stopped ServerConnector@40d6b2c2{HTTP/1.1,[http/1.1]}{0.0.0.0:0}
2019-10-03 02:15:08,558 [Thread-224] INFO  handler.ContextHandler (ContextHandler.java:doStop(910)) - Stopped o.e.j.s.ServletContextHandler@492156f3{/static,jar:file:/home/user/.m2/repository/org/apache/hadoop/hadoop-hdds-container-service/0.5.0-SNAPSHOT/hadoop-hdds-container-service-0.5.0-SNAPSHOT.jar!/webapps/static,UNAVAILABLE}
2019-10-03 02:15:08,559 [Thread-224] INFO  handler.ContextHandler (ContextHandler.java:doStop(910)) - Stopped o.e.j.s.ServletContextHandler@19a7038f{/logs,file:///workdir/hadoop-ozone/ozonefs/target/log,UNAVAILABLE}
2019-10-03 02:15:08,560 [Thread-224] INFO  ozone.MiniOzoneClusterImpl (MiniOzoneClusterImpl.java:stopSCM(392)) - Stopping the StorageContainerManager
2019-10-03 02:15:08,560 [Thread-224] INFO  server.StorageContainerManager (StorageContainerManager.java:stop(808)) - Stopping Replication Manager Service.
2019-10-03 02:15:08,561 [Thread-224] INFO  container.ReplicationManager (ReplicationManager.java:stop(203)) - Stopping Replication Monitor Thread.
2019-10-03 02:15:08,561 [Thread-224] INFO  server.StorageContainerManager (StorageContainerManager.java:stop(815)) - Stopping Lease Manager of the command watchers
2019-10-03 02:15:08,561 [Thread-224] INFO  server.StorageContainerManager (StorageContainerManager.java:stop(822)) - Stopping datanode service RPC server
2019-10-03 02:15:08,561 [Thread-224] INFO  server.SCMDatanodeProtocolServer (SCMDatanodeProtocolServer.java:stop(367)) - Stopping the RPC server for DataNodes
2019-10-03 02:15:08,561 [Thread-224] INFO  ipc.Server (Server.java:stop(3082)) - Stopping server on 37150
2019-10-03 02:15:08,565 [IPC Server Responder] INFO  ipc.Server (Server.java:run(1319)) - Stopping IPC Server Responder
2019-10-03 02:15:08,565 [IPC Server listener on 37150] INFO  ipc.Server (Server.java:run(1185)) - Stopping IPC Server listener on 37150
2019-10-03 02:15:08,646 [SCM Heartbeat Processing Thread - 0] WARN  node.NodeStateManager (NodeStateManager.java:scheduleNextHealthCheck(646)) - Current Thread is interrupted, shutting down HB processing thread for Node Manager.
2019-10-03 02:15:08,646 [Thread-224] INFO  server.StorageContainerManager (StorageContainerManager.java:stop(830)) - Stopping block service RPC server
2019-10-03 02:15:08,647 [Thread-224] INFO  server.SCMBlockProtocolServer (SCMBlockProtocolServer.java:stop(155)) - Stopping the RPC server for Block Protocol
2019-10-03 02:15:08,647 [Thread-224] INFO  ipc.Server (Server.java:stop(3082)) - Stopping server on 40611
2019-10-03 02:15:08,649 [Thread-224] INFO  server.StorageContainerManager (StorageContainerManager.java:stop(837)) - Stopping the StorageContainerLocationProtocol RPC server
2019-10-03 02:15:08,649 [Thread-224] INFO  server.SCMClientProtocolServer (SCMClientProtocolServer.java:stop(158)) - Stopping the RPC server for Client Protocol
2019-10-03 02:15:08,650 [Thread-224] INFO  ipc.Server (Server.java:stop(3082)) - Stopping server on 40840
2019-10-03 02:15:08,650 [IPC Server listener on 40611] INFO  ipc.Server (Server.java:run(1185)) - Stopping IPC Server listener on 40611
2019-10-03 02:15:08,653 [Thread-224] INFO  server.StorageContainerManager (StorageContainerManager.java:stop(844)) - Stopping Storage Container Manager HTTP server.
2019-10-03 02:15:08,653 [IPC Server listener on 40840] INFO  ipc.Server (Server.java:run(1185)) - Stopping IPC Server listener on 40840
2019-10-03 02:15:08,653 [IPC Server Responder] INFO  ipc.Server (Server.java:run(1319)) - Stopping IPC Server Responder
2019-10-03 02:15:08,656 [IPC Server Responder] INFO  ipc.Server (Server.java:run(1319)) - Stopping IPC Server Responder
2019-10-03 02:15:08,657 [Thread-224] INFO  handler.ContextHandler (ContextHandler.java:doStop(910)) - Stopped o.e.j.w.WebAppContext@552e25f5{/,null,UNAVAILABLE}{/scm}
2019-10-03 02:15:08,658 [Thread-224] INFO  server.AbstractConnector (AbstractConnector.java:doStop(318)) - Stopped ServerConnector@815ec8b{HTTP/1.1,[http/1.1]}{0.0.0.0:0}
2019-10-03 02:15:08,659 [Thread-224] INFO  handler.ContextHandler (ContextHandler.java:doStop(910)) - Stopped o.e.j.s.ServletContextHandler@1755825a{/static,jar:file:/home/user/.m2/repository/org/apache/hadoop/hadoop-hdds-server-scm/0.5.0-SNAPSHOT/hadoop-hdds-server-scm-0.5.0-SNAPSHOT.jar!/webapps/static,UNAVAILABLE}
2019-10-03 02:15:08,659 [Thread-224] INFO  handler.ContextHandler (ContextHandler.java:doStop(910)) - Stopped o.e.j.s.ServletContextHandler@48ff1425{/logs,file:///workdir/hadoop-ozone/ozonefs/target/log,UNAVAILABLE}
2019-10-03 02:15:08,661 [Thread-224] INFO  server.StorageContainerManager (StorageContainerManager.java:stop(855)) - Stopping Block Manager Service.
2019-10-03 02:15:08,661 [Thread-224] INFO  utils.BackgroundService (BackgroundService.java:shutdown(148)) - Shutting down service SCMBlockDeletingService
2019-10-03 02:15:08,662 [Thread-224] INFO  utils.BackgroundService (BackgroundService.java:shutdown(148)) - Shutting down service SCMBlockDeletingService
2019-10-03 02:15:08,662 [Thread-224] INFO  server.StorageContainerManager (StorageContainerManager.java:stop(877)) - Stopping SCM Event Queue.
2019-10-03 02:15:08,667 [Thread-224] INFO  impl.MetricsSystemImpl (MetricsSystemImpl.java:stop(210)) - Stopping HddsDatanode metrics system...
2019-10-03 02:15:08,681 [Thread-224] INFO  impl.MetricsSystemImpl (MetricsSystemImpl.java:stop(216)) - HddsDatanode metrics system stopped.
]]></system-out>
    <system-err><![CDATA[Oct 03, 2019 2:15:03 AM org.apache.ratis.thirdparty.io.grpc.internal.SerializingExecutor run
SEVERE: Exception while executing runnable org.apache.ratis.thirdparty.io.grpc.internal.ServerImpl$JumpToApplicationThreadServerStreamListener$1Closed@762fd25b
org.apache.ratis.thirdparty.io.grpc.StatusRuntimeException: CANCELLED: call already cancelled
	at org.apache.ratis.thirdparty.io.grpc.Status.asRuntimeException(Status.java:517)
	at org.apache.ratis.thirdparty.io.grpc.stub.ServerCalls$ServerCallStreamObserverImpl.onCompleted(ServerCalls.java:356)
	at org.apache.ratis.grpc.server.GrpcServerProtocolService$ServerRequestStreamObserver.onError(GrpcServerProtocolService.java:121)
	at org.apache.ratis.thirdparty.io.grpc.stub.ServerCalls$StreamingServerCallHandler$StreamingServerCallListener.onCancel(ServerCalls.java:269)
	at org.apache.ratis.thirdparty.io.grpc.internal.ServerCallImpl$ServerStreamListenerImpl.closed(ServerCallImpl.java:293)
	at org.apache.ratis.thirdparty.io.grpc.internal.ServerImpl$JumpToApplicationThreadServerStreamListener$1Closed.runInContext(ServerImpl.java:741)
	at org.apache.ratis.thirdparty.io.grpc.internal.ContextRunnable.run(ContextRunnable.java:37)
	at org.apache.ratis.thirdparty.io.grpc.internal.SerializingExecutor.run(SerializingExecutor.java:123)
	at java.util.concurrent.ThreadPoolExecutor.runWorker(ThreadPoolExecutor.java:1149)
	at java.util.concurrent.ThreadPoolExecutor$Worker.run(ThreadPoolExecutor.java:624)
	at java.lang.Thread.run(Thread.java:748)

Oct 03, 2019 2:15:03 AM org.apache.ratis.thirdparty.io.grpc.internal.SerializingExecutor run
SEVERE: Exception while executing runnable org.apache.ratis.thirdparty.io.grpc.internal.ServerImpl$JumpToApplicationThreadServerStreamListener$1Closed@3d68f713
org.apache.ratis.thirdparty.io.grpc.StatusRuntimeException: CANCELLED: call already cancelled
	at org.apache.ratis.thirdparty.io.grpc.Status.asRuntimeException(Status.java:517)
	at org.apache.ratis.thirdparty.io.grpc.stub.ServerCalls$ServerCallStreamObserverImpl.onCompleted(ServerCalls.java:356)
	at org.apache.ratis.grpc.server.GrpcServerProtocolService$ServerRequestStreamObserver.onError(GrpcServerProtocolService.java:121)
	at org.apache.ratis.thirdparty.io.grpc.stub.ServerCalls$StreamingServerCallHandler$StreamingServerCallListener.onCancel(ServerCalls.java:269)
	at org.apache.ratis.thirdparty.io.grpc.internal.ServerCallImpl$ServerStreamListenerImpl.closed(ServerCallImpl.java:293)
	at org.apache.ratis.thirdparty.io.grpc.internal.ServerImpl$JumpToApplicationThreadServerStreamListener$1Closed.runInContext(ServerImpl.java:741)
	at org.apache.ratis.thirdparty.io.grpc.internal.ContextRunnable.run(ContextRunnable.java:37)
	at org.apache.ratis.thirdparty.io.grpc.internal.SerializingExecutor.run(SerializingExecutor.java:123)
	at java.util.concurrent.ThreadPoolExecutor.runWorker(ThreadPoolExecutor.java:1149)
	at java.util.concurrent.ThreadPoolExecutor$Worker.run(ThreadPoolExecutor.java:624)
	at java.lang.Thread.run(Thread.java:748)

]]></system-err>
  </testcase>
  <testcase name="testListStatusOnSubDirs" classname="org.apache.hadoop.fs.ozone.TestOzoneFileSystem" time="17.066">
    <error message="Volume not found volume44185" type="VOLUME_NOT_FOUND org.apache.hadoop.ozone.om.exceptions.OMException">VOLUME_NOT_FOUND org.apache.hadoop.ozone.om.exceptions.OMException: Volume not found volume44185
	at org.apache.hadoop.ozone.om.protocolPB.OzoneManagerProtocolClientSideTranslatorPB.handleError(OzoneManagerProtocolClientSideTranslatorPB.java:732)
	at org.apache.hadoop.ozone.om.protocolPB.OzoneManagerProtocolClientSideTranslatorPB.createDirectory(OzoneManagerProtocolClientSideTranslatorPB.java:1377)
	at sun.reflect.NativeMethodAccessorImpl.invoke0(Native Method)
	at sun.reflect.NativeMethodAccessorImpl.invoke(NativeMethodAccessorImpl.java:62)
	at sun.reflect.DelegatingMethodAccessorImpl.invoke(DelegatingMethodAccessorImpl.java:43)
	at java.lang.reflect.Method.invoke(Method.java:498)
	at org.apache.hadoop.hdds.tracing.TraceAllMethod.invoke(TraceAllMethod.java:66)
	at com.sun.proxy.$Proxy38.createDirectory(Unknown Source)
	at org.apache.hadoop.ozone.client.rpc.RpcClient.createDirectory(RpcClient.java:976)
	at org.apache.hadoop.ozone.client.OzoneBucket.createDirectory(OzoneBucket.java:503)
	at org.apache.hadoop.fs.ozone.BasicOzoneClientAdapterImpl.createDirectory(BasicOzoneClientAdapterImpl.java:236)
	at org.apache.hadoop.fs.ozone.BasicOzoneFileSystem.mkdir(BasicOzoneFileSystem.java:597)
	at org.apache.hadoop.fs.ozone.BasicOzoneFileSystem.mkdirs(BasicOzoneFileSystem.java:607)
	at org.apache.hadoop.fs.FileSystem.mkdirs(FileSystem.java:2275)
	at org.apache.hadoop.fs.ozone.TestOzoneFileSystem.testListStatusOnSubDirs(TestOzoneFileSystem.java:249)
	at sun.reflect.NativeMethodAccessorImpl.invoke0(Native Method)
	at sun.reflect.NativeMethodAccessorImpl.invoke(NativeMethodAccessorImpl.java:62)
	at sun.reflect.DelegatingMethodAccessorImpl.invoke(DelegatingMethodAccessorImpl.java:43)
	at java.lang.reflect.Method.invoke(Method.java:498)
	at org.junit.runners.model.FrameworkMethod$1.runReflectiveCall(FrameworkMethod.java:47)
	at org.junit.internal.runners.model.ReflectiveCallable.run(ReflectiveCallable.java:12)
	at org.junit.runners.model.FrameworkMethod.invokeExplosively(FrameworkMethod.java:44)
	at org.junit.internal.runners.statements.InvokeMethod.evaluate(InvokeMethod.java:17)
	at org.junit.internal.runners.statements.RunBefores.evaluate(RunBefores.java:26)
	at org.junit.internal.runners.statements.RunAfters.evaluate(RunAfters.java:27)
	at org.junit.internal.runners.statements.FailOnTimeout$StatementThread.run(FailOnTimeout.java:74)
</error>
    <system-out><![CDATA[2019-10-03 02:15:08,742 [Thread-439] WARN  server.ServerUtils (ServerUtils.java:getScmDbDir(145)) - ozone.scm.db.dirs is not configured. We recommend adding this setting. Falling back to ozone.metadata.dirs instead.
2019-10-03 02:15:08,756 [Thread-439] WARN  server.ServerUtils (ServerUtils.java:getScmDbDir(145)) - ozone.scm.db.dirs is not configured. We recommend adding this setting. Falling back to ozone.metadata.dirs instead.
2019-10-03 02:15:08,757 [Thread-439] WARN  server.ServerUtils (ServerUtils.java:getScmDbDir(145)) - ozone.scm.db.dirs is not configured. We recommend adding this setting. Falling back to ozone.metadata.dirs instead.
2019-10-03 02:15:08,757 [Thread-439] INFO  db.DBStoreBuilder (DBStoreBuilder.java:addTable(110)) - using custom profile for table: deletedBlocks
2019-10-03 02:15:08,757 [Thread-439] INFO  db.DBStoreBuilder (DBStoreBuilder.java:processTables(161)) - Using default column profile:DBProfile.DISK for Table:deletedBlocks
2019-10-03 02:15:08,758 [Thread-439] INFO  db.DBStoreBuilder (DBStoreBuilder.java:addTable(110)) - using custom profile for table: validCerts
2019-10-03 02:15:08,758 [Thread-439] INFO  db.DBStoreBuilder (DBStoreBuilder.java:processTables(161)) - Using default column profile:DBProfile.DISK for Table:validCerts
2019-10-03 02:15:08,758 [Thread-439] INFO  db.DBStoreBuilder (DBStoreBuilder.java:addTable(110)) - using custom profile for table: revokedCerts
2019-10-03 02:15:08,758 [Thread-439] INFO  db.DBStoreBuilder (DBStoreBuilder.java:processTables(161)) - Using default column profile:DBProfile.DISK for Table:revokedCerts
2019-10-03 02:15:08,759 [Thread-439] INFO  db.DBStoreBuilder (DBStoreBuilder.java:addTable(110)) - using custom profile for table: default
2019-10-03 02:15:08,759 [Thread-439] INFO  db.DBStoreBuilder (DBStoreBuilder.java:processTables(167)) - Using default column profile:DBProfile.DISK for Table:default
2019-10-03 02:15:08,759 [Thread-439] INFO  db.DBStoreBuilder (DBStoreBuilder.java:getDbProfile(198)) - Using default options. DBProfile.DISK
2019-10-03 02:15:08,980 [Thread-439] INFO  net.NodeSchemaLoader (NodeSchemaLoader.java:loadSchemaFromFile(125)) - Loading file from sun.misc.CompoundEnumeration@474f453f
2019-10-03 02:15:08,980 [Thread-439] INFO  net.NodeSchemaLoader (NodeSchemaLoader.java:loadSchema(171)) - Loading network topology layer schema file
2019-10-03 02:15:08,987 [Thread-439] WARN  server.ServerUtils (ServerUtils.java:sanitizeUserArgs(70)) - ozone.scm.stale.node.interval value = 300000 is larger than max = 100000 based on the key value of ozone.scm.heartbeat.thread.interval, reset to the max value 100000.
2019-10-03 02:15:08,987 [Thread-439] WARN  server.ServerUtils (ServerUtils.java:sanitizeUserArgs(70)) - ozone.scm.stale.node.interval value = 300000 is larger than max = 100000 based on the key value of ozone.scm.heartbeat.thread.interval, reset to the max value 100000.
2019-10-03 02:15:08,988 [Thread-439] INFO  node.SCMNodeManager (SCMNodeManager.java:<init>(114)) - Entering startup safe mode.
2019-10-03 02:15:08,989 [Thread-439] INFO  algorithms.ContainerPlacementPolicyFactory (ContainerPlacementPolicyFactory.java:getPolicy(57)) - Create container placement policy of type org.apache.hadoop.hdds.scm.container.placement.algorithms.SCMContainerPlacementRandom
2019-10-03 02:15:08,989 [Thread-439] WARN  server.ServerUtils (ServerUtils.java:getScmDbDir(145)) - ozone.scm.db.dirs is not configured. We recommend adding this setting. Falling back to ozone.metadata.dirs instead.
2019-10-03 02:15:09,054 [Thread-439] INFO  pipeline.SCMPipelineManager (SCMPipelineManager.java:initializePipelineState(132)) - No pipeline exists in current db
2019-10-03 02:15:09,054 [Thread-439] WARN  server.ServerUtils (ServerUtils.java:getScmDbDir(145)) - ozone.scm.db.dirs is not configured. We recommend adding this setting. Falling back to ozone.metadata.dirs instead.
2019-10-03 02:15:09,117 [Thread-439] WARN  events.EventQueue (EventQueue.java:fireEvent(183)) - No event handler registered for event TypedEvent{payloadType=SafeModeStatus, name='SafeModeStatus'}
2019-10-03 02:15:09,118 [Thread-439] INFO  ipc.CallQueueManager (CallQueueManager.java:<init>(84)) - Using callQueue: class java.util.concurrent.LinkedBlockingQueue, queueCapacity: 2000, scheduler: class org.apache.hadoop.ipc.DefaultRpcScheduler, ipcBackoff: false.
2019-10-03 02:15:09,119 [Socket Reader #1 for port 41886] INFO  ipc.Server (Server.java:run(1074)) - Starting Socket Reader #1 for port 41886
2019-10-03 02:15:09,121 [Thread-439] INFO  ipc.CallQueueManager (CallQueueManager.java:<init>(84)) - Using callQueue: class java.util.concurrent.LinkedBlockingQueue, queueCapacity: 2000, scheduler: class org.apache.hadoop.ipc.DefaultRpcScheduler, ipcBackoff: false.
2019-10-03 02:15:09,122 [Socket Reader #1 for port 35674] INFO  ipc.Server (Server.java:run(1074)) - Starting Socket Reader #1 for port 35674
2019-10-03 02:15:09,124 [Thread-439] INFO  ipc.CallQueueManager (CallQueueManager.java:<init>(84)) - Using callQueue: class java.util.concurrent.LinkedBlockingQueue, queueCapacity: 2000, scheduler: class org.apache.hadoop.ipc.DefaultRpcScheduler, ipcBackoff: false.
2019-10-03 02:15:09,125 [Socket Reader #1 for port 44939] INFO  ipc.Server (Server.java:run(1074)) - Starting Socket Reader #1 for port 44939
2019-10-03 02:15:09,127 [Thread-439] INFO  hdfs.DFSUtil (DFSUtil.java:httpServerTemplateForNNAndJN(1641)) - Starting Web-server for scm at: http://0.0.0.0:0
2019-10-03 02:15:09,131 [Thread-439] INFO  server.AuthenticationFilter (AuthenticationFilter.java:constructSecretProvider(240)) - Unable to initialize FileSignerSecretProvider, falling back to use random secrets.
2019-10-03 02:15:09,132 [Thread-439] WARN  http.HttpRequestLog (HttpRequestLog.java:getRequestLog(97)) - Jetty request log can only be enabled using Log4j
2019-10-03 02:15:09,135 [Thread-439] INFO  http.HttpServer2 (HttpServer2.java:addGlobalFilter(975)) - Added global filter 'safety' (class=org.apache.hadoop.http.HttpServer2$QuotingInputFilter)
2019-10-03 02:15:09,136 [Thread-439] INFO  http.HttpServer2 (HttpServer2.java:addFilter(948)) - Added filter static_user_filter (class=org.apache.hadoop.http.lib.StaticUserWebFilter$StaticUserFilter) to context scm
2019-10-03 02:15:09,136 [Thread-439] INFO  http.HttpServer2 (HttpServer2.java:addFilter(958)) - Added filter static_user_filter (class=org.apache.hadoop.http.lib.StaticUserWebFilter$StaticUserFilter) to context static
2019-10-03 02:15:09,137 [Thread-439] INFO  http.HttpServer2 (HttpServer2.java:addFilter(958)) - Added filter static_user_filter (class=org.apache.hadoop.http.lib.StaticUserWebFilter$StaticUserFilter) to context logs
2019-10-03 02:15:09,140 [Thread-439] INFO  server.StorageContainerManager (StorageContainerManager.java:start(770)) - StorageContainerLocationProtocol RPC server is listening at /0.0.0.0:44939
2019-10-03 02:15:09,143 [Thread-439] WARN  impl.MetricsConfig (MetricsConfig.java:loadFirst(134)) - Cannot locate configuration: tried hadoop-metrics2-storagecontainermanager.properties,hadoop-metrics2.properties
2019-10-03 02:15:09,145 [Thread-439] INFO  impl.MetricsSystemImpl (MetricsSystemImpl.java:startTimer(374)) - Scheduled Metric snapshot period at 10 second(s).
2019-10-03 02:15:09,145 [Thread-439] INFO  impl.MetricsSystemImpl (MetricsSystemImpl.java:start(191)) - StorageContainerManager metrics system started
2019-10-03 02:15:09,203 [Thread-439] WARN  impl.MetricsSystemImpl (MetricsSystemImpl.java:register(276)) - Sink prometheus already exists!
2019-10-03 02:15:09,211 [Thread-439] INFO  server.SCMClientProtocolServer (SCMClientProtocolServer.java:start(150)) - RPC server for Client  is listening at /0.0.0.0:44939
2019-10-03 02:15:09,211 [IPC Server Responder] INFO  ipc.Server (Server.java:run(1314)) - IPC Server Responder: starting
2019-10-03 02:15:09,211 [IPC Server listener on 44939] INFO  ipc.Server (Server.java:run(1153)) - IPC Server listener on 44939: starting
2019-10-03 02:15:09,216 [Thread-439] INFO  server.StorageContainerManager (StorageContainerManager.java:start(780)) - ScmBlockLocationProtocol RPC server is listening at /0.0.0.0:35674
2019-10-03 02:15:09,216 [Thread-439] INFO  server.SCMBlockProtocolServer (SCMBlockProtocolServer.java:start(146)) - RPC server for Block Protocol is listening at /0.0.0.0:35674
2019-10-03 02:15:09,216 [IPC Server Responder] INFO  ipc.Server (Server.java:run(1314)) - IPC Server Responder: starting
2019-10-03 02:15:09,217 [IPC Server listener on 35674] INFO  ipc.Server (Server.java:run(1153)) - IPC Server listener on 35674: starting
2019-10-03 02:15:09,221 [Thread-439] INFO  server.StorageContainerManager (StorageContainerManager.java:start(784)) - ScmDatanodeProtocl RPC server is listening at /0.0.0.0:41886
2019-10-03 02:15:09,221 [Thread-439] INFO  server.SCMDatanodeProtocolServer (SCMDatanodeProtocolServer.java:start(191)) - RPC server for DataNodes is listening at /0.0.0.0:41886
2019-10-03 02:15:09,222 [IPC Server Responder] INFO  ipc.Server (Server.java:run(1314)) - IPC Server Responder: starting
2019-10-03 02:15:09,222 [IPC Server listener on 41886] INFO  ipc.Server (Server.java:run(1153)) - IPC Server listener on 41886: starting
2019-10-03 02:15:09,227 [Thread-439] INFO  http.HttpServer2 (HttpServer2.java:bindListener(1191)) - Jetty bound to port 32778
2019-10-03 02:15:09,227 [Thread-439] INFO  server.Server (Server.java:doStart(351)) - jetty-9.3.25.v20180904, build timestamp: 2018-09-04T21:11:46Z, git hash: 3ce520221d0240229c862b122d2b06c12a625732
2019-10-03 02:15:09,229 [Thread-439] INFO  handler.ContextHandler (ContextHandler.java:doStart(781)) - Started o.e.j.s.ServletContextHandler@575aacc5{/logs,file:///workdir/hadoop-ozone/ozonefs/target/log,AVAILABLE}
2019-10-03 02:15:09,230 [Thread-439] INFO  handler.ContextHandler (ContextHandler.java:doStart(781)) - Started o.e.j.s.ServletContextHandler@5dc01ae{/static,jar:file:/home/user/.m2/repository/org/apache/hadoop/hadoop-hdds-server-scm/0.5.0-SNAPSHOT/hadoop-hdds-server-scm-0.5.0-SNAPSHOT.jar!/webapps/static,AVAILABLE}
2019-10-03 02:15:09,285 [Thread-439] INFO  handler.ContextHandler (ContextHandler.java:doStart(781)) - Started o.e.j.w.WebAppContext@1c15bed2{/,file:///tmp/jetty-0.0.0.0-32778-scm-_-any-295292170991570540.dir/webapp/,AVAILABLE}{/scm}
2019-10-03 02:15:09,286 [Thread-439] INFO  server.AbstractConnector (AbstractConnector.java:doStart(278)) - Started ServerConnector@9534e5d{HTTP/1.1,[http/1.1]}{0.0.0.0:32778}
2019-10-03 02:15:09,287 [Thread-439] INFO  server.Server (Server.java:doStart(419)) - Started @40690ms
2019-10-03 02:15:09,287 [Thread-439] WARN  impl.MetricsSystemImpl (MetricsSystemImpl.java:register(276)) - Sink prometheus already exists!
2019-10-03 02:15:09,287 [Thread-439] INFO  server.BaseHttpServer (BaseHttpServer.java:updateConnectorAddress(215)) - HTTP server of SCM is listening at http://0.0.0.0:32778
2019-10-03 02:15:09,288 [Thread-439] WARN  server.ServerUtils (ServerUtils.java:getDBPath(222)) - ozone.om.db.dirs is not configured. We recommend adding this setting. Falling back to ozone.metadata.dirs instead.
2019-10-03 02:15:09,289 [org.apache.hadoop.util.JvmPauseMonitor$Monitor@4aadb4d3] INFO  util.JvmPauseMonitor (JvmPauseMonitor.java:run(188)) - Starting JVM pause monitor
2019-10-03 02:15:09,310 [Thread-439] WARN  server.ServerUtils (ServerUtils.java:getDBPath(222)) - ozone.om.db.dirs is not configured. We recommend adding this setting. Falling back to ozone.metadata.dirs instead.
2019-10-03 02:15:09,310 [Thread-439] WARN  server.ServerUtils (ServerUtils.java:getDBPath(222)) - ozone.om.db.dirs is not configured. We recommend adding this setting. Falling back to ozone.metadata.dirs instead.
2019-10-03 02:15:09,311 [Thread-439] INFO  om.OzoneManager (OzoneManager.java:setOMNodeDetails(652)) - OM Service ID is not set. Setting it to the default ID: omServiceIdDefault
2019-10-03 02:15:09,311 [Thread-439] INFO  om.OzoneManager (OzoneManager.java:setOMNodeDetails(658)) - OM Node ID is not set. Setting it to the OmStorage's OmID: 4329546c-09d9-47cf-9407-39c616fd31a0
2019-10-03 02:15:09,311 [Thread-439] INFO  om.OzoneManager (OzoneManager.java:loadOMHAConfigs(609)) - Found matching OM address with OMServiceId: null, OMNodeId: null, RPC Address: localhost:0 and Ratis port: 9872
2019-10-03 02:15:09,318 [Thread-439] WARN  server.ServerUtils (ServerUtils.java:getDBPath(222)) - ozone.om.db.dirs is not configured. We recommend adding this setting. Falling back to ozone.metadata.dirs instead.
2019-10-03 02:15:09,319 [Thread-439] INFO  db.DBStoreBuilder (DBStoreBuilder.java:addTable(110)) - using custom profile for table: userTable
2019-10-03 02:15:09,319 [Thread-439] INFO  db.DBStoreBuilder (DBStoreBuilder.java:processTables(161)) - Using default column profile:DBProfile.DISK for Table:userTable
2019-10-03 02:15:09,319 [Thread-439] INFO  db.DBStoreBuilder (DBStoreBuilder.java:addTable(110)) - using custom profile for table: volumeTable
2019-10-03 02:15:09,319 [Thread-439] INFO  db.DBStoreBuilder (DBStoreBuilder.java:processTables(161)) - Using default column profile:DBProfile.DISK for Table:volumeTable
2019-10-03 02:15:09,319 [Thread-439] INFO  db.DBStoreBuilder (DBStoreBuilder.java:addTable(110)) - using custom profile for table: bucketTable
2019-10-03 02:15:09,320 [Thread-439] INFO  db.DBStoreBuilder (DBStoreBuilder.java:processTables(161)) - Using default column profile:DBProfile.DISK for Table:bucketTable
2019-10-03 02:15:09,320 [Thread-439] INFO  db.DBStoreBuilder (DBStoreBuilder.java:addTable(110)) - using custom profile for table: keyTable
2019-10-03 02:15:09,320 [Thread-439] INFO  db.DBStoreBuilder (DBStoreBuilder.java:processTables(161)) - Using default column profile:DBProfile.DISK for Table:keyTable
2019-10-03 02:15:09,320 [Thread-439] INFO  db.DBStoreBuilder (DBStoreBuilder.java:addTable(110)) - using custom profile for table: deletedTable
2019-10-03 02:15:09,320 [Thread-439] INFO  db.DBStoreBuilder (DBStoreBuilder.java:processTables(161)) - Using default column profile:DBProfile.DISK for Table:deletedTable
2019-10-03 02:15:09,321 [Thread-439] INFO  db.DBStoreBuilder (DBStoreBuilder.java:addTable(110)) - using custom profile for table: openKeyTable
2019-10-03 02:15:09,321 [Thread-439] INFO  db.DBStoreBuilder (DBStoreBuilder.java:processTables(161)) - Using default column profile:DBProfile.DISK for Table:openKeyTable
2019-10-03 02:15:09,321 [Thread-439] INFO  db.DBStoreBuilder (DBStoreBuilder.java:addTable(110)) - using custom profile for table: s3Table
2019-10-03 02:15:09,321 [Thread-439] INFO  db.DBStoreBuilder (DBStoreBuilder.java:processTables(161)) - Using default column profile:DBProfile.DISK for Table:s3Table
2019-10-03 02:15:09,321 [Thread-439] INFO  db.DBStoreBuilder (DBStoreBuilder.java:addTable(110)) - using custom profile for table: multipartInfoTable
2019-10-03 02:15:09,321 [Thread-439] INFO  db.DBStoreBuilder (DBStoreBuilder.java:processTables(161)) - Using default column profile:DBProfile.DISK for Table:multipartInfoTable
2019-10-03 02:15:09,322 [Thread-439] INFO  db.DBStoreBuilder (DBStoreBuilder.java:addTable(110)) - using custom profile for table: dTokenTable
2019-10-03 02:15:09,322 [Thread-439] INFO  db.DBStoreBuilder (DBStoreBuilder.java:processTables(161)) - Using default column profile:DBProfile.DISK for Table:dTokenTable
2019-10-03 02:15:09,322 [Thread-439] INFO  db.DBStoreBuilder (DBStoreBuilder.java:addTable(110)) - using custom profile for table: s3SecretTable
2019-10-03 02:15:09,322 [Thread-439] INFO  db.DBStoreBuilder (DBStoreBuilder.java:processTables(161)) - Using default column profile:DBProfile.DISK for Table:s3SecretTable
2019-10-03 02:15:09,322 [Thread-439] INFO  db.DBStoreBuilder (DBStoreBuilder.java:addTable(110)) - using custom profile for table: prefixTable
2019-10-03 02:15:09,323 [Thread-439] INFO  db.DBStoreBuilder (DBStoreBuilder.java:processTables(161)) - Using default column profile:DBProfile.DISK for Table:prefixTable
2019-10-03 02:15:09,323 [Thread-439] INFO  db.DBStoreBuilder (DBStoreBuilder.java:addTable(110)) - using custom profile for table: default
2019-10-03 02:15:09,323 [Thread-439] INFO  db.DBStoreBuilder (DBStoreBuilder.java:processTables(167)) - Using default column profile:DBProfile.DISK for Table:default
2019-10-03 02:15:09,323 [Thread-439] INFO  db.DBStoreBuilder (DBStoreBuilder.java:getDbProfile(198)) - Using default options. DBProfile.DISK
2019-10-03 02:15:09,997 [Thread-439] INFO  ipc.CallQueueManager (CallQueueManager.java:<init>(84)) - Using callQueue: class java.util.concurrent.LinkedBlockingQueue, queueCapacity: 2000, scheduler: class org.apache.hadoop.ipc.DefaultRpcScheduler, ipcBackoff: false.
2019-10-03 02:15:09,998 [Socket Reader #1 for port 45059] INFO  ipc.Server (Server.java:run(1074)) - Starting Socket Reader #1 for port 45059
2019-10-03 02:15:10,019 [Thread-439] INFO  om.OzoneManager (OzoneManager.java:start(1243)) - OzoneManager RPC server is listening at localhost/127.0.0.1:45059
2019-10-03 02:15:10,019 [Thread-439] INFO  impl.MetricsSystemImpl (MetricsSystemImpl.java:init(158)) - OzoneManager metrics system started (again)
2019-10-03 02:15:10,020 [IPC Server Responder] INFO  ipc.Server (Server.java:run(1314)) - IPC Server Responder: starting
2019-10-03 02:15:10,020 [IPC Server listener on 45059] INFO  ipc.Server (Server.java:run(1153)) - IPC Server listener on 45059: starting
2019-10-03 02:15:10,025 [Thread-439] INFO  hdfs.DFSUtil (DFSUtil.java:httpServerTemplateForNNAndJN(1641)) - Starting Web-server for ozoneManager at: http://0.0.0.0:0
2019-10-03 02:15:10,027 [Thread-439] INFO  server.AuthenticationFilter (AuthenticationFilter.java:constructSecretProvider(240)) - Unable to initialize FileSignerSecretProvider, falling back to use random secrets.
2019-10-03 02:15:10,027 [Thread-439] WARN  http.HttpRequestLog (HttpRequestLog.java:getRequestLog(97)) - Jetty request log can only be enabled using Log4j
2019-10-03 02:15:10,029 [Thread-439] INFO  http.HttpServer2 (HttpServer2.java:addGlobalFilter(975)) - Added global filter 'safety' (class=org.apache.hadoop.http.HttpServer2$QuotingInputFilter)
2019-10-03 02:15:10,029 [Thread-439] INFO  http.HttpServer2 (HttpServer2.java:addFilter(948)) - Added filter static_user_filter (class=org.apache.hadoop.http.lib.StaticUserWebFilter$StaticUserFilter) to context ozoneManager
2019-10-03 02:15:10,030 [Thread-439] INFO  http.HttpServer2 (HttpServer2.java:addFilter(958)) - Added filter static_user_filter (class=org.apache.hadoop.http.lib.StaticUserWebFilter$StaticUserFilter) to context logs
2019-10-03 02:15:10,030 [Thread-439] INFO  http.HttpServer2 (HttpServer2.java:addFilter(958)) - Added filter static_user_filter (class=org.apache.hadoop.http.lib.StaticUserWebFilter$StaticUserFilter) to context static
2019-10-03 02:15:10,030 [Thread-439] INFO  http.HttpServer2 (HttpServer2.java:bindListener(1191)) - Jetty bound to port 37730
2019-10-03 02:15:10,031 [Thread-439] INFO  server.Server (Server.java:doStart(351)) - jetty-9.3.25.v20180904, build timestamp: 2018-09-04T21:11:46Z, git hash: 3ce520221d0240229c862b122d2b06c12a625732
2019-10-03 02:15:10,032 [Thread-439] INFO  handler.ContextHandler (ContextHandler.java:doStart(781)) - Started o.e.j.s.ServletContextHandler@4328618e{/logs,file:///workdir/hadoop-ozone/ozonefs/target/log,AVAILABLE}
2019-10-03 02:15:10,033 [Thread-439] INFO  handler.ContextHandler (ContextHandler.java:doStart(781)) - Started o.e.j.s.ServletContextHandler@fd4a52b{/static,jar:file:/home/user/.m2/repository/org/apache/hadoop/hadoop-ozone-ozone-manager/0.5.0-SNAPSHOT/hadoop-ozone-ozone-manager-0.5.0-SNAPSHOT.jar!/webapps/static,AVAILABLE}
2019-10-03 02:15:10,093 [Thread-439] INFO  handler.ContextHandler (ContextHandler.java:doStart(781)) - Started o.e.j.w.WebAppContext@1910bd73{/,file:///tmp/jetty-0.0.0.0-37730-ozoneManager-_-any-5606280500940714248.dir/webapp/,AVAILABLE}{/ozoneManager}
2019-10-03 02:15:10,093 [Thread-439] INFO  server.AbstractConnector (AbstractConnector.java:doStart(278)) - Started ServerConnector@cc0510b{HTTP/1.1,[http/1.1]}{0.0.0.0:37730}
2019-10-03 02:15:10,094 [Thread-439] INFO  server.Server (Server.java:doStart(419)) - Started @41498ms
2019-10-03 02:15:10,095 [Thread-439] WARN  impl.MetricsSystemImpl (MetricsSystemImpl.java:register(276)) - Sink prometheus already exists!
2019-10-03 02:15:10,096 [Thread-439] INFO  server.BaseHttpServer (BaseHttpServer.java:updateConnectorAddress(215)) - HTTP server of OZONEMANAGER is listening at http://0.0.0.0:37730
2019-10-03 02:15:10,109 [Thread-439] INFO  impl.MetricsSystemImpl (MetricsSystemImpl.java:init(158)) - HddsDatanode metrics system started (again)
2019-10-03 02:15:10,112 [Thread-439] INFO  ozone.HddsDatanodeService (HddsDatanodeService.java:start(184)) - HddsDatanodeService host:pr-hdds-1737-89jld-2007629010 ip:192.168.164.205
2019-10-03 02:15:10,120 [Thread-439] INFO  volume.HddsVolume (HddsVolume.java:<init>(176)) - Creating Volume: /workdir/hadoop-ozone/ozonefs/target/test-dir/MiniOzoneClusterImpl-62b8ca40-b77f-473e-90e4-dff00127bbe7/datanode-0/data/containers/hdds of  storage type : DISK and capacity : 1482555576320
2019-10-03 02:15:10,121 [Thread-439] INFO  volume.VolumeSet (VolumeSet.java:initializeVolumeSet(170)) - Added Volume : /workdir/hadoop-ozone/ozonefs/target/test-dir/MiniOzoneClusterImpl-62b8ca40-b77f-473e-90e4-dff00127bbe7/datanode-0/data/containers/hdds to VolumeSet
2019-10-03 02:15:10,122 [Thread-439] INFO  volume.ThrottledAsyncChecker (ThrottledAsyncChecker.java:schedule(139)) - Scheduling a check for org.apache.hadoop.ozone.container.common.volume.HddsVolume@18d61a53
2019-10-03 02:15:10,123 [Thread-439] INFO  volume.HddsVolumeChecker (HddsVolumeChecker.java:checkAllVolumes(202)) - Scheduled health check for volume org.apache.hadoop.ozone.container.common.volume.HddsVolume@18d61a53
2019-10-03 02:15:10,150 [Thread-439] INFO  impl.RaftServerProxy (ConfUtils.java:logGet(43)) - raft.rpc.type = GRPC (default)
2019-10-03 02:15:10,150 [Thread-439] INFO  grpc.GrpcFactory (GrpcFactory.java:checkPooledByteBufAllocatorUseCacheForAllThreads(45)) - PERFORMANCE WARNING: useCacheForAllThreads is true that may cause Netty to create a lot garbage objects and, as a result, trigger GC.
	It is recommended to disable useCacheForAllThreads by setting -Dorg.apache.ratis.thirdparty.io.netty.allocator.useCacheForAllThreads=false in command line.
2019-10-03 02:15:10,151 [Thread-439] INFO  grpc.GrpcConfigKeys$Server (ConfUtils.java:logGet(43)) - raft.grpc.server.port = 0 (default)
2019-10-03 02:15:10,152 [Thread-439] INFO  server.GrpcService (ConfUtils.java:logGet(43)) - raft.grpc.message.size.max = 33570816 (custom)
2019-10-03 02:15:10,152 [Thread-439] INFO  server.RaftServerConfigKeys (ConfUtils.java:logGet(43)) - raft.server.log.appender.buffer.byte-limit = 33554432 (custom)
2019-10-03 02:15:10,152 [Thread-439] INFO  server.GrpcService (ConfUtils.java:logGet(43)) - raft.grpc.flow.control.window = 1MB (=1048576) (default)
2019-10-03 02:15:10,152 [Thread-439] INFO  server.RaftServerConfigKeys (ConfUtils.java:logGet(43)) - raft.server.rpc.request.timeout = 3000ms (default)
2019-10-03 02:15:10,153 [Thread-439] INFO  server.RaftServerConfigKeys (ConfUtils.java:logGet(43)) - raft.server.storage.dir = [/workdir/hadoop-ozone/ozonefs/target/test-dir/MiniOzoneClusterImpl-62b8ca40-b77f-473e-90e4-dff00127bbe7/datanode-0/data/ratis] (custom)
2019-10-03 02:15:10,155 [Thread-439] INFO  hdfs.DFSUtil (DFSUtil.java:httpServerTemplateForNNAndJN(1641)) - Starting Web-server for hddsDatanode at: http://0.0.0.0:0
2019-10-03 02:15:10,157 [Thread-439] INFO  server.AuthenticationFilter (AuthenticationFilter.java:constructSecretProvider(240)) - Unable to initialize FileSignerSecretProvider, falling back to use random secrets.
2019-10-03 02:15:10,157 [Thread-439] WARN  http.HttpRequestLog (HttpRequestLog.java:getRequestLog(97)) - Jetty request log can only be enabled using Log4j
2019-10-03 02:15:10,159 [Thread-439] INFO  http.HttpServer2 (HttpServer2.java:addGlobalFilter(975)) - Added global filter 'safety' (class=org.apache.hadoop.http.HttpServer2$QuotingInputFilter)
2019-10-03 02:15:10,160 [Thread-439] INFO  http.HttpServer2 (HttpServer2.java:addFilter(948)) - Added filter static_user_filter (class=org.apache.hadoop.http.lib.StaticUserWebFilter$StaticUserFilter) to context hddsDatanode
2019-10-03 02:15:10,160 [Thread-439] INFO  http.HttpServer2 (HttpServer2.java:addFilter(958)) - Added filter static_user_filter (class=org.apache.hadoop.http.lib.StaticUserWebFilter$StaticUserFilter) to context logs
2019-10-03 02:15:10,160 [Thread-439] INFO  http.HttpServer2 (HttpServer2.java:addFilter(958)) - Added filter static_user_filter (class=org.apache.hadoop.http.lib.StaticUserWebFilter$StaticUserFilter) to context static
2019-10-03 02:15:10,161 [Thread-439] INFO  http.HttpServer2 (HttpServer2.java:bindListener(1191)) - Jetty bound to port 39142
2019-10-03 02:15:10,161 [Thread-439] INFO  server.Server (Server.java:doStart(351)) - jetty-9.3.25.v20180904, build timestamp: 2018-09-04T21:11:46Z, git hash: 3ce520221d0240229c862b122d2b06c12a625732
2019-10-03 02:15:10,163 [Thread-439] INFO  handler.ContextHandler (ContextHandler.java:doStart(781)) - Started o.e.j.s.ServletContextHandler@7f4ce4ba{/logs,file:///workdir/hadoop-ozone/ozonefs/target/log,AVAILABLE}
2019-10-03 02:15:10,164 [Thread-439] INFO  handler.ContextHandler (ContextHandler.java:doStart(781)) - Started o.e.j.s.ServletContextHandler@5e449a0d{/static,jar:file:/home/user/.m2/repository/org/apache/hadoop/hadoop-hdds-container-service/0.5.0-SNAPSHOT/hadoop-hdds-container-service-0.5.0-SNAPSHOT.jar!/webapps/static,AVAILABLE}
2019-10-03 02:15:10,192 [Thread-439] INFO  handler.ContextHandler (ContextHandler.java:doStart(781)) - Started o.e.j.w.WebAppContext@579b0b7d{/,file:///tmp/jetty-0.0.0.0-39142-hddsDatanode-_-any-8640551821610754139.dir/webapp/,AVAILABLE}{/hddsDatanode}
2019-10-03 02:15:10,192 [Thread-439] INFO  server.AbstractConnector (AbstractConnector.java:doStart(278)) - Started ServerConnector@273e264{HTTP/1.1,[http/1.1]}{0.0.0.0:39142}
2019-10-03 02:15:10,193 [Thread-439] INFO  server.Server (Server.java:doStart(419)) - Started @41596ms
2019-10-03 02:15:10,193 [Thread-439] WARN  impl.MetricsSystemImpl (MetricsSystemImpl.java:register(276)) - Sink prometheus already exists!
2019-10-03 02:15:10,193 [Thread-439] INFO  server.BaseHttpServer (BaseHttpServer.java:updateConnectorAddress(215)) - HTTP server of HDDSDATANODE is listening at http://0.0.0.0:39142
2019-10-03 02:15:10,194 [Thread-439] INFO  impl.MetricsSystemImpl (MetricsSystemImpl.java:init(158)) - HddsDatanode metrics system started (again)
2019-10-03 02:15:10,198 [org.apache.hadoop.util.JvmPauseMonitor$Monitor@5ecdda45] INFO  util.JvmPauseMonitor (JvmPauseMonitor.java:run(188)) - Starting JVM pause monitor
2019-10-03 02:15:10,199 [Thread-439] INFO  ozone.HddsDatanodeService (HddsDatanodeService.java:start(184)) - HddsDatanodeService host:pr-hdds-1737-89jld-2007629010 ip:192.168.164.205
2019-10-03 02:15:10,201 [Datanode State Machine Thread - 0] INFO  datanode.InitDatanodeState (InitDatanodeState.java:persistContainerDatanodeDetails(140)) - DatanodeDetails is persisted to /workdir/hadoop-ozone/ozonefs/target/test-dir/MiniOzoneClusterImpl-62b8ca40-b77f-473e-90e4-dff00127bbe7/datanode-0/meta/datanode.id
2019-10-03 02:15:10,205 [Thread-439] INFO  volume.HddsVolume (HddsVolume.java:<init>(176)) - Creating Volume: /workdir/hadoop-ozone/ozonefs/target/test-dir/MiniOzoneClusterImpl-62b8ca40-b77f-473e-90e4-dff00127bbe7/datanode-1/data/containers/hdds of  storage type : DISK and capacity : 1482555576320
2019-10-03 02:15:10,206 [Thread-439] INFO  volume.VolumeSet (VolumeSet.java:initializeVolumeSet(170)) - Added Volume : /workdir/hadoop-ozone/ozonefs/target/test-dir/MiniOzoneClusterImpl-62b8ca40-b77f-473e-90e4-dff00127bbe7/datanode-1/data/containers/hdds to VolumeSet
2019-10-03 02:15:10,206 [Thread-439] INFO  volume.ThrottledAsyncChecker (ThrottledAsyncChecker.java:schedule(139)) - Scheduling a check for org.apache.hadoop.ozone.container.common.volume.HddsVolume@3f64026d
2019-10-03 02:15:10,206 [Thread-439] INFO  volume.HddsVolumeChecker (HddsVolumeChecker.java:checkAllVolumes(202)) - Scheduled health check for volume org.apache.hadoop.ozone.container.common.volume.HddsVolume@3f64026d
2019-10-03 02:15:10,235 [Thread-439] INFO  impl.RaftServerProxy (ConfUtils.java:logGet(43)) - raft.rpc.type = GRPC (default)
2019-10-03 02:15:10,235 [Thread-439] INFO  grpc.GrpcFactory (GrpcFactory.java:checkPooledByteBufAllocatorUseCacheForAllThreads(45)) - PERFORMANCE WARNING: useCacheForAllThreads is true that may cause Netty to create a lot garbage objects and, as a result, trigger GC.
	It is recommended to disable useCacheForAllThreads by setting -Dorg.apache.ratis.thirdparty.io.netty.allocator.useCacheForAllThreads=false in command line.
2019-10-03 02:15:10,235 [Thread-439] INFO  grpc.GrpcConfigKeys$Server (ConfUtils.java:logGet(43)) - raft.grpc.server.port = 0 (default)
2019-10-03 02:15:10,236 [Thread-439] INFO  server.GrpcService (ConfUtils.java:logGet(43)) - raft.grpc.message.size.max = 33570816 (custom)
2019-10-03 02:15:10,236 [Thread-439] INFO  server.RaftServerConfigKeys (ConfUtils.java:logGet(43)) - raft.server.log.appender.buffer.byte-limit = 33554432 (custom)
2019-10-03 02:15:10,236 [Thread-439] INFO  server.GrpcService (ConfUtils.java:logGet(43)) - raft.grpc.flow.control.window = 1MB (=1048576) (default)
2019-10-03 02:15:10,236 [Thread-439] INFO  server.RaftServerConfigKeys (ConfUtils.java:logGet(43)) - raft.server.rpc.request.timeout = 3000ms (default)
2019-10-03 02:15:10,237 [Thread-439] INFO  server.RaftServerConfigKeys (ConfUtils.java:logGet(43)) - raft.server.storage.dir = [/workdir/hadoop-ozone/ozonefs/target/test-dir/MiniOzoneClusterImpl-62b8ca40-b77f-473e-90e4-dff00127bbe7/datanode-1/data/ratis] (custom)
2019-10-03 02:15:10,239 [Thread-439] INFO  hdfs.DFSUtil (DFSUtil.java:httpServerTemplateForNNAndJN(1641)) - Starting Web-server for hddsDatanode at: http://0.0.0.0:0
2019-10-03 02:15:10,240 [Thread-439] INFO  server.AuthenticationFilter (AuthenticationFilter.java:constructSecretProvider(240)) - Unable to initialize FileSignerSecretProvider, falling back to use random secrets.
2019-10-03 02:15:10,241 [Thread-439] WARN  http.HttpRequestLog (HttpRequestLog.java:getRequestLog(97)) - Jetty request log can only be enabled using Log4j
2019-10-03 02:15:10,242 [Thread-439] INFO  http.HttpServer2 (HttpServer2.java:addGlobalFilter(975)) - Added global filter 'safety' (class=org.apache.hadoop.http.HttpServer2$QuotingInputFilter)
2019-10-03 02:15:10,243 [Thread-439] INFO  http.HttpServer2 (HttpServer2.java:addFilter(948)) - Added filter static_user_filter (class=org.apache.hadoop.http.lib.StaticUserWebFilter$StaticUserFilter) to context hddsDatanode
2019-10-03 02:15:10,243 [Thread-439] INFO  http.HttpServer2 (HttpServer2.java:addFilter(958)) - Added filter static_user_filter (class=org.apache.hadoop.http.lib.StaticUserWebFilter$StaticUserFilter) to context static
2019-10-03 02:15:10,243 [Thread-439] INFO  http.HttpServer2 (HttpServer2.java:addFilter(958)) - Added filter static_user_filter (class=org.apache.hadoop.http.lib.StaticUserWebFilter$StaticUserFilter) to context logs
2019-10-03 02:15:10,244 [Thread-439] INFO  http.HttpServer2 (HttpServer2.java:bindListener(1191)) - Jetty bound to port 35437
2019-10-03 02:15:10,244 [Thread-439] INFO  server.Server (Server.java:doStart(351)) - jetty-9.3.25.v20180904, build timestamp: 2018-09-04T21:11:46Z, git hash: 3ce520221d0240229c862b122d2b06c12a625732
2019-10-03 02:15:10,246 [Thread-439] INFO  handler.ContextHandler (ContextHandler.java:doStart(781)) - Started o.e.j.s.ServletContextHandler@569dd584{/logs,file:///workdir/hadoop-ozone/ozonefs/target/log,AVAILABLE}
2019-10-03 02:15:10,246 [Thread-439] INFO  handler.ContextHandler (ContextHandler.java:doStart(781)) - Started o.e.j.s.ServletContextHandler@5d82203a{/static,jar:file:/home/user/.m2/repository/org/apache/hadoop/hadoop-hdds-container-service/0.5.0-SNAPSHOT/hadoop-hdds-container-service-0.5.0-SNAPSHOT.jar!/webapps/static,AVAILABLE}
2019-10-03 02:15:10,273 [Thread-439] INFO  handler.ContextHandler (ContextHandler.java:doStart(781)) - Started o.e.j.w.WebAppContext@5efde7e2{/,file:///tmp/jetty-0.0.0.0-35437-hddsDatanode-_-any-1885834874419457034.dir/webapp/,AVAILABLE}{/hddsDatanode}
2019-10-03 02:15:10,274 [Thread-439] INFO  server.AbstractConnector (AbstractConnector.java:doStart(278)) - Started ServerConnector@6e1bbf8e{HTTP/1.1,[http/1.1]}{0.0.0.0:35437}
2019-10-03 02:15:10,275 [Thread-439] INFO  server.Server (Server.java:doStart(419)) - Started @41678ms
2019-10-03 02:15:10,275 [Thread-439] WARN  impl.MetricsSystemImpl (MetricsSystemImpl.java:register(276)) - Sink prometheus already exists!
2019-10-03 02:15:10,275 [Thread-439] INFO  server.BaseHttpServer (BaseHttpServer.java:updateConnectorAddress(215)) - HTTP server of HDDSDATANODE is listening at http://0.0.0.0:35437
2019-10-03 02:15:10,276 [Thread-439] INFO  impl.MetricsSystemImpl (MetricsSystemImpl.java:init(158)) - HddsDatanode metrics system started (again)
2019-10-03 02:15:10,279 [org.apache.hadoop.util.JvmPauseMonitor$Monitor@1207c0ce] INFO  util.JvmPauseMonitor (JvmPauseMonitor.java:run(188)) - Starting JVM pause monitor
2019-10-03 02:15:10,279 [Thread-439] INFO  ozone.HddsDatanodeService (HddsDatanodeService.java:start(184)) - HddsDatanodeService host:pr-hdds-1737-89jld-2007629010 ip:192.168.164.205
2019-10-03 02:15:10,281 [Datanode State Machine Thread - 0] INFO  datanode.InitDatanodeState (InitDatanodeState.java:persistContainerDatanodeDetails(140)) - DatanodeDetails is persisted to /workdir/hadoop-ozone/ozonefs/target/test-dir/MiniOzoneClusterImpl-62b8ca40-b77f-473e-90e4-dff00127bbe7/datanode-1/meta/datanode.id
2019-10-03 02:15:10,285 [Thread-439] INFO  volume.HddsVolume (HddsVolume.java:<init>(176)) - Creating Volume: /workdir/hadoop-ozone/ozonefs/target/test-dir/MiniOzoneClusterImpl-62b8ca40-b77f-473e-90e4-dff00127bbe7/datanode-2/data/containers/hdds of  storage type : DISK and capacity : 1482555576320
2019-10-03 02:15:10,286 [Thread-439] INFO  volume.VolumeSet (VolumeSet.java:initializeVolumeSet(170)) - Added Volume : /workdir/hadoop-ozone/ozonefs/target/test-dir/MiniOzoneClusterImpl-62b8ca40-b77f-473e-90e4-dff00127bbe7/datanode-2/data/containers/hdds to VolumeSet
2019-10-03 02:15:10,286 [Thread-439] INFO  volume.ThrottledAsyncChecker (ThrottledAsyncChecker.java:schedule(139)) - Scheduling a check for org.apache.hadoop.ozone.container.common.volume.HddsVolume@713730eb
2019-10-03 02:15:10,286 [Thread-439] INFO  volume.HddsVolumeChecker (HddsVolumeChecker.java:checkAllVolumes(202)) - Scheduled health check for volume org.apache.hadoop.ozone.container.common.volume.HddsVolume@713730eb
2019-10-03 02:15:10,305 [Thread-439] INFO  impl.RaftServerProxy (ConfUtils.java:logGet(43)) - raft.rpc.type = GRPC (default)
2019-10-03 02:15:10,305 [Thread-439] INFO  grpc.GrpcFactory (GrpcFactory.java:checkPooledByteBufAllocatorUseCacheForAllThreads(45)) - PERFORMANCE WARNING: useCacheForAllThreads is true that may cause Netty to create a lot garbage objects and, as a result, trigger GC.
	It is recommended to disable useCacheForAllThreads by setting -Dorg.apache.ratis.thirdparty.io.netty.allocator.useCacheForAllThreads=false in command line.
2019-10-03 02:15:10,305 [Thread-439] INFO  grpc.GrpcConfigKeys$Server (ConfUtils.java:logGet(43)) - raft.grpc.server.port = 0 (default)
2019-10-03 02:15:10,305 [Thread-439] INFO  server.GrpcService (ConfUtils.java:logGet(43)) - raft.grpc.message.size.max = 33570816 (custom)
2019-10-03 02:15:10,306 [Thread-439] INFO  server.RaftServerConfigKeys (ConfUtils.java:logGet(43)) - raft.server.log.appender.buffer.byte-limit = 33554432 (custom)
2019-10-03 02:15:10,306 [Thread-439] INFO  server.GrpcService (ConfUtils.java:logGet(43)) - raft.grpc.flow.control.window = 1MB (=1048576) (default)
2019-10-03 02:15:10,306 [Thread-439] INFO  server.RaftServerConfigKeys (ConfUtils.java:logGet(43)) - raft.server.rpc.request.timeout = 3000ms (default)
2019-10-03 02:15:10,306 [Thread-439] INFO  server.RaftServerConfigKeys (ConfUtils.java:logGet(43)) - raft.server.storage.dir = [/workdir/hadoop-ozone/ozonefs/target/test-dir/MiniOzoneClusterImpl-62b8ca40-b77f-473e-90e4-dff00127bbe7/datanode-2/data/ratis] (custom)
2019-10-03 02:15:10,308 [Thread-439] INFO  hdfs.DFSUtil (DFSUtil.java:httpServerTemplateForNNAndJN(1641)) - Starting Web-server for hddsDatanode at: http://0.0.0.0:0
2019-10-03 02:15:10,309 [Thread-439] INFO  server.AuthenticationFilter (AuthenticationFilter.java:constructSecretProvider(240)) - Unable to initialize FileSignerSecretProvider, falling back to use random secrets.
2019-10-03 02:15:10,310 [Thread-439] WARN  http.HttpRequestLog (HttpRequestLog.java:getRequestLog(97)) - Jetty request log can only be enabled using Log4j
2019-10-03 02:15:10,311 [Thread-439] INFO  http.HttpServer2 (HttpServer2.java:addGlobalFilter(975)) - Added global filter 'safety' (class=org.apache.hadoop.http.HttpServer2$QuotingInputFilter)
2019-10-03 02:15:10,312 [Thread-439] INFO  http.HttpServer2 (HttpServer2.java:addFilter(948)) - Added filter static_user_filter (class=org.apache.hadoop.http.lib.StaticUserWebFilter$StaticUserFilter) to context hddsDatanode
2019-10-03 02:15:10,312 [Thread-439] INFO  http.HttpServer2 (HttpServer2.java:addFilter(958)) - Added filter static_user_filter (class=org.apache.hadoop.http.lib.StaticUserWebFilter$StaticUserFilter) to context static
2019-10-03 02:15:10,312 [Thread-439] INFO  http.HttpServer2 (HttpServer2.java:addFilter(958)) - Added filter static_user_filter (class=org.apache.hadoop.http.lib.StaticUserWebFilter$StaticUserFilter) to context logs
2019-10-03 02:15:10,313 [Thread-439] INFO  http.HttpServer2 (HttpServer2.java:bindListener(1191)) - Jetty bound to port 45293
2019-10-03 02:15:10,313 [Thread-439] INFO  server.Server (Server.java:doStart(351)) - jetty-9.3.25.v20180904, build timestamp: 2018-09-04T21:11:46Z, git hash: 3ce520221d0240229c862b122d2b06c12a625732
2019-10-03 02:15:10,315 [Thread-439] INFO  handler.ContextHandler (ContextHandler.java:doStart(781)) - Started o.e.j.s.ServletContextHandler@3ff3f899{/logs,file:///workdir/hadoop-ozone/ozonefs/target/log,AVAILABLE}
2019-10-03 02:15:10,316 [Thread-439] INFO  handler.ContextHandler (ContextHandler.java:doStart(781)) - Started o.e.j.s.ServletContextHandler@3dc31cc7{/static,jar:file:/home/user/.m2/repository/org/apache/hadoop/hadoop-hdds-container-service/0.5.0-SNAPSHOT/hadoop-hdds-container-service-0.5.0-SNAPSHOT.jar!/webapps/static,AVAILABLE}
2019-10-03 02:15:10,348 [Thread-439] INFO  handler.ContextHandler (ContextHandler.java:doStart(781)) - Started o.e.j.w.WebAppContext@35db664f{/,file:///tmp/jetty-0.0.0.0-45293-hddsDatanode-_-any-1149082195723611890.dir/webapp/,AVAILABLE}{/hddsDatanode}
2019-10-03 02:15:10,349 [Thread-439] INFO  server.AbstractConnector (AbstractConnector.java:doStart(278)) - Started ServerConnector@33ece0ed{HTTP/1.1,[http/1.1]}{0.0.0.0:45293}
2019-10-03 02:15:10,350 [Thread-439] INFO  server.Server (Server.java:doStart(419)) - Started @41754ms
2019-10-03 02:15:10,350 [Thread-439] WARN  impl.MetricsSystemImpl (MetricsSystemImpl.java:register(276)) - Sink prometheus already exists!
2019-10-03 02:15:10,351 [Thread-439] INFO  server.BaseHttpServer (BaseHttpServer.java:updateConnectorAddress(215)) - HTTP server of HDDSDATANODE is listening at http://0.0.0.0:45293
2019-10-03 02:15:10,351 [Thread-439] INFO  ozone.MiniOzoneClusterImpl (MiniOzoneClusterImpl.java:lambda$waitForClusterToBeReady$0(147)) - Waiting for cluster to be ready. Got 0 of 3 DN Heartbeats.
2019-10-03 02:15:10,355 [org.apache.hadoop.util.JvmPauseMonitor$Monitor@41c5743b] INFO  util.JvmPauseMonitor (JvmPauseMonitor.java:run(188)) - Starting JVM pause monitor
2019-10-03 02:15:10,357 [Datanode State Machine Thread - 0] INFO  datanode.InitDatanodeState (InitDatanodeState.java:persistContainerDatanodeDetails(140)) - DatanodeDetails is persisted to /workdir/hadoop-ozone/ozonefs/target/test-dir/MiniOzoneClusterImpl-62b8ca40-b77f-473e-90e4-dff00127bbe7/datanode-2/meta/datanode.id
2019-10-03 02:15:11,352 [Thread-439] INFO  ozone.MiniOzoneClusterImpl (MiniOzoneClusterImpl.java:lambda$waitForClusterToBeReady$0(147)) - Waiting for cluster to be ready. Got 0 of 3 DN Heartbeats.
2019-10-03 02:15:12,230 [Datanode State Machine Thread - 0] INFO  ozoneimpl.OzoneContainer (OzoneContainer.java:start(217)) - Attempting to start container services.
2019-10-03 02:15:12,231 [Datanode State Machine Thread - 0] INFO  ozoneimpl.OzoneContainer (OzoneContainer.java:startContainerScrub(179)) - Background container scanner has been disabled.
2019-10-03 02:15:12,231 [Datanode State Machine Thread - 0] INFO  ratis.XceiverServerRatis (XceiverServerRatis.java:start(417)) - Starting XceiverServerRatis a9ba3a12-e899-44aa-94f5-c4ebe24e67b6 at port 0
2019-10-03 02:15:12,239 [Datanode State Machine Thread - 0] INFO  impl.RaftServerProxy (RaftServerProxy.java:lambda$start$3(299)) - a9ba3a12-e899-44aa-94f5-c4ebe24e67b6: start RPC server
2019-10-03 02:15:12,241 [Datanode State Machine Thread - 0] INFO  server.GrpcService (GrpcService.java:startImpl(158)) - a9ba3a12-e899-44aa-94f5-c4ebe24e67b6: GrpcService started, listening on 0.0.0.0/0.0.0.0:33608
2019-10-03 02:15:12,241 [Datanode State Machine Thread - 0] INFO  ratis.XceiverServerRatis (XceiverServerRatis.java:start(427)) - XceiverServerRatis a9ba3a12-e899-44aa-94f5-c4ebe24e67b6 is started using port 33608
2019-10-03 02:15:12,243 [Datanode State Machine Thread - 0] INFO  server.XceiverServerGrpc (XceiverServerGrpc.java:start(149)) - XceiverServerGrpc a9ba3a12-e899-44aa-94f5-c4ebe24e67b6 is started using port 46044
2019-10-03 02:15:12,294 [Datanode State Machine Thread - 0] INFO  ozoneimpl.OzoneContainer (OzoneContainer.java:start(217)) - Attempting to start container services.
2019-10-03 02:15:12,294 [Datanode State Machine Thread - 0] INFO  ozoneimpl.OzoneContainer (OzoneContainer.java:startContainerScrub(179)) - Background container scanner has been disabled.
2019-10-03 02:15:12,294 [Datanode State Machine Thread - 0] INFO  ratis.XceiverServerRatis (XceiverServerRatis.java:start(417)) - Starting XceiverServerRatis 879d7b51-a7a6-44a4-b331-6899e2b0e1b1 at port 0
2019-10-03 02:15:12,303 [Datanode State Machine Thread - 0] INFO  impl.RaftServerProxy (RaftServerProxy.java:lambda$start$3(299)) - 879d7b51-a7a6-44a4-b331-6899e2b0e1b1: start RPC server
2019-10-03 02:15:12,308 [Datanode State Machine Thread - 0] INFO  server.GrpcService (GrpcService.java:startImpl(158)) - 879d7b51-a7a6-44a4-b331-6899e2b0e1b1: GrpcService started, listening on 0.0.0.0/0.0.0.0:38822
2019-10-03 02:15:12,309 [Datanode State Machine Thread - 0] INFO  ratis.XceiverServerRatis (XceiverServerRatis.java:start(427)) - XceiverServerRatis 879d7b51-a7a6-44a4-b331-6899e2b0e1b1 is started using port 38822
2019-10-03 02:15:12,309 [Datanode State Machine Thread - 0] INFO  server.XceiverServerGrpc (XceiverServerGrpc.java:start(149)) - XceiverServerGrpc 879d7b51-a7a6-44a4-b331-6899e2b0e1b1 is started using port 43905
2019-10-03 02:15:12,352 [Thread-439] INFO  ozone.MiniOzoneClusterImpl (MiniOzoneClusterImpl.java:lambda$waitForClusterToBeReady$0(147)) - Waiting for cluster to be ready. Got 0 of 3 DN Heartbeats.
2019-10-03 02:15:12,370 [Datanode State Machine Thread - 0] INFO  ozoneimpl.OzoneContainer (OzoneContainer.java:start(217)) - Attempting to start container services.
2019-10-03 02:15:12,371 [Datanode State Machine Thread - 0] INFO  ozoneimpl.OzoneContainer (OzoneContainer.java:startContainerScrub(179)) - Background container scanner has been disabled.
2019-10-03 02:15:12,371 [Datanode State Machine Thread - 0] INFO  ratis.XceiverServerRatis (XceiverServerRatis.java:start(417)) - Starting XceiverServerRatis b2d63d03-1a37-48bd-acd4-f0bd9db4b6cb at port 0
2019-10-03 02:15:12,380 [Datanode State Machine Thread - 0] INFO  impl.RaftServerProxy (RaftServerProxy.java:lambda$start$3(299)) - b2d63d03-1a37-48bd-acd4-f0bd9db4b6cb: start RPC server
2019-10-03 02:15:12,381 [Datanode State Machine Thread - 0] INFO  server.GrpcService (GrpcService.java:startImpl(158)) - b2d63d03-1a37-48bd-acd4-f0bd9db4b6cb: GrpcService started, listening on 0.0.0.0/0.0.0.0:38263
2019-10-03 02:15:12,381 [Datanode State Machine Thread - 0] INFO  ratis.XceiverServerRatis (XceiverServerRatis.java:start(427)) - XceiverServerRatis b2d63d03-1a37-48bd-acd4-f0bd9db4b6cb is started using port 38263
2019-10-03 02:15:12,382 [Datanode State Machine Thread - 0] INFO  server.XceiverServerGrpc (XceiverServerGrpc.java:start(149)) - XceiverServerGrpc b2d63d03-1a37-48bd-acd4-f0bd9db4b6cb is started using port 43304
2019-10-03 02:15:13,353 [Thread-439] INFO  ozone.MiniOzoneClusterImpl (MiniOzoneClusterImpl.java:lambda$waitForClusterToBeReady$0(147)) - Waiting for cluster to be ready. Got 0 of 3 DN Heartbeats.
2019-10-03 02:15:14,203 [IPC Server handler 2 on 41886] INFO  net.NetworkTopology (NetworkTopologyImpl.java:add(111)) - Added a new node: /default-rack/a9ba3a12-e899-44aa-94f5-c4ebe24e67b6
2019-10-03 02:15:14,205 [IPC Server handler 2 on 41886] INFO  node.SCMNodeManager (SCMNodeManager.java:register(266)) - Registered Data node : a9ba3a12-e899-44aa-94f5-c4ebe24e67b6{ip: 192.168.164.205, host: pr-hdds-1737-89jld-2007629010, networkLocation: /default-rack, certSerialId: null}
2019-10-03 02:15:14,206 [EventQueue-NodeRegistrationContainerReportForDataNodeSafeModeRule] INFO  safemode.SCMSafeModeManager (DataNodeSafeModeRule.java:process(71)) - SCM in safe mode. 1 DataNodes registered, 1 required.
2019-10-03 02:15:14,207 [EventQueue-NodeRegistrationContainerReportForContainerSafeModeRule] INFO  safemode.SCMSafeModeManager (SCMSafeModeManager.java:validateSafeModeExitRules(177)) - ScmSafeModeManager, all rules are successfully validated
2019-10-03 02:15:14,207 [EventQueue-NodeRegistrationContainerReportForContainerSafeModeRule] INFO  safemode.SCMSafeModeManager (SCMSafeModeManager.java:exitSafeMode(193)) - SCM exiting safe mode.
2019-10-03 02:15:14,223 [grpc-default-executor-0] INFO  impl.RaftServerProxy (RaftServerProxy.java:addNew(89)) - a9ba3a12-e899-44aa-94f5-c4ebe24e67b6: addNew group-7B2E464DC6FE:[a9ba3a12-e899-44aa-94f5-c4ebe24e67b6:192.168.164.205:33608] returns group-7B2E464DC6FE:java.util.concurrent.CompletableFuture@1cf77adb[Not completed]
2019-10-03 02:15:14,225 [pool-127-thread-1] INFO  impl.RaftServerImpl (RaftServerImpl.java:<init>(95)) - a9ba3a12-e899-44aa-94f5-c4ebe24e67b6: new RaftServerImpl for group-7B2E464DC6FE:[a9ba3a12-e899-44aa-94f5-c4ebe24e67b6:192.168.164.205:33608] with ContainerStateMachine:uninitialized
2019-10-03 02:15:14,225 [pool-127-thread-1] INFO  server.RaftServerConfigKeys (ConfUtils.java:logGet(43)) - raft.server.rpc.timeout.min = 5s (custom)
2019-10-03 02:15:14,225 [pool-127-thread-1] INFO  server.RaftServerConfigKeys (ConfUtils.java:logGet(43)) - raft.server.rpc.timeout.max = 5200ms (custom)
2019-10-03 02:15:14,225 [pool-127-thread-1] INFO  server.RaftServerConfigKeys (ConfUtils.java:logGet(43)) - raft.server.rpcslowness.timeout = 120s (custom)
2019-10-03 02:15:14,225 [pool-127-thread-1] INFO  server.RaftServerConfigKeys (ConfUtils.java:logGet(43)) - raft.server.sleep.deviation.threshold = 300 (default)
2019-10-03 02:15:14,225 [pool-127-thread-1] INFO  server.RaftServerConfigKeys (ConfUtils.java:logGet(43)) - raft.server.log.appender.install.snapshot.enabled = false (custom)
2019-10-03 02:15:14,226 [pool-127-thread-1] INFO  impl.RaftServerImpl (ServerState.java:<init>(103)) - a9ba3a12-e899-44aa-94f5-c4ebe24e67b6@group-7B2E464DC6FE: ConfigurationManager, init=-1: [a9ba3a12-e899-44aa-94f5-c4ebe24e67b6:192.168.164.205:33608], old=null, confs=<EMPTY_MAP>
2019-10-03 02:15:14,226 [pool-127-thread-1] INFO  server.RaftServerConfigKeys (ConfUtils.java:logGet(43)) - raft.server.storage.dir = [/workdir/hadoop-ozone/ozonefs/target/test-dir/MiniOzoneClusterImpl-62b8ca40-b77f-473e-90e4-dff00127bbe7/datanode-0/data/ratis] (custom)
2019-10-03 02:15:14,226 [pool-127-thread-1] INFO  server.RaftServerConfigKeys (ConfUtils.java:logGet(43)) - raft.server.log.corruption.policy = EXCEPTION (default)
2019-10-03 02:15:14,226 [pool-127-thread-1] INFO  storage.RaftStorageDirectory (RaftStorageDirectory.java:analyzeStorage(246)) - The storage directory /workdir/hadoop-ozone/ozonefs/target/test-dir/MiniOzoneClusterImpl-62b8ca40-b77f-473e-90e4-dff00127bbe7/datanode-0/data/ratis/f6a8f48b-6223-4ff6-ab2c-7b2e464dc6fe does not exist. Creating ...
2019-10-03 02:15:14,239 [pool-127-thread-1] INFO  storage.RaftStorageDirectory (RaftStorageDirectory.java:tryLock(328)) - Lock on /workdir/hadoop-ozone/ozonefs/target/test-dir/MiniOzoneClusterImpl-62b8ca40-b77f-473e-90e4-dff00127bbe7/datanode-0/data/ratis/f6a8f48b-6223-4ff6-ab2c-7b2e464dc6fe/in_use.lock acquired by nodename 8307@pr-hdds-1737-89jld-2007629010
2019-10-03 02:15:14,252 [pool-127-thread-1] INFO  storage.RaftStorage (RaftStorage.java:format(84)) - Storage directory /workdir/hadoop-ozone/ozonefs/target/test-dir/MiniOzoneClusterImpl-62b8ca40-b77f-473e-90e4-dff00127bbe7/datanode-0/data/ratis/f6a8f48b-6223-4ff6-ab2c-7b2e464dc6fe has been successfully formatted.
2019-10-03 02:15:14,253 [pool-127-thread-1] INFO  ratis.ContainerStateMachine (ContainerStateMachine.java:loadSnapshot(230)) - group-7B2E464DC6FE: The snapshot info is null. Setting the last applied indexto:(t:0, i:~)
2019-10-03 02:15:14,253 [pool-127-thread-1] INFO  server.RaftServerConfigKeys (ConfUtils.java:logGet(43)) - raft.server.notification.no-leader.timeout = 120s (custom)
2019-10-03 02:15:14,253 [pool-127-thread-1] INFO  server.RaftServerConfigKeys (ConfUtils.java:logGet(43)) - raft.server.log.use.memory = false (default)
2019-10-03 02:15:14,253 [pool-127-thread-1] INFO  server.RaftServerConfigKeys (ConfUtils.java:logGet(43)) - raft.server.log.purge.gap = 1000000 (custom)
2019-10-03 02:15:14,254 [pool-127-thread-1] INFO  server.RaftServerConfigKeys (ConfUtils.java:logGet(43)) - raft.server.log.appender.buffer.byte-limit = 33554432 (custom)
2019-10-03 02:15:14,254 [pool-127-thread-1] INFO  server.RaftServerConfigKeys (ConfUtils.java:logGet(43)) - raft.server.log.segment.size.max = 1048576 (custom)
2019-10-03 02:15:14,257 [pool-127-thread-1] INFO  server.RaftServerConfigKeys (ConfUtils.java:logGet(43)) - raft.server.log.segment.cache.num.max = 2 (custom)
2019-10-03 02:15:14,257 [pool-127-thread-1] INFO  segmented.SegmentedRaftLogWorker (SegmentedRaftLogWorker.java:<init>(173)) - new a9ba3a12-e899-44aa-94f5-c4ebe24e67b6@group-7B2E464DC6FE-SegmentedRaftLogWorker for RaftStorage:Storage Directory /workdir/hadoop-ozone/ozonefs/target/test-dir/MiniOzoneClusterImpl-62b8ca40-b77f-473e-90e4-dff00127bbe7/datanode-0/data/ratis/f6a8f48b-6223-4ff6-ab2c-7b2e464dc6fe
2019-10-03 02:15:14,257 [pool-127-thread-1] INFO  server.RaftServerConfigKeys (ConfUtils.java:logGet(43)) - raft.server.log.queue.byte-limit = 2147483647 (custom)
2019-10-03 02:15:14,257 [pool-127-thread-1] INFO  server.RaftServerConfigKeys (ConfUtils.java:logGet(43)) - raft.server.log.queue.element-limit = 1024 (custom)
2019-10-03 02:15:14,257 [pool-127-thread-1] INFO  server.RaftServerConfigKeys (ConfUtils.java:logGet(43)) - raft.server.log.segment.size.max = 1048576 (custom)
2019-10-03 02:15:14,258 [pool-127-thread-1] INFO  server.RaftServerConfigKeys (ConfUtils.java:logGet(43)) - raft.server.log.preallocated.size = 16384 (custom)
2019-10-03 02:15:14,258 [pool-127-thread-1] INFO  server.RaftServerConfigKeys (ConfUtils.java:logGet(43)) - raft.server.log.write.buffer.size = 33554432 (custom)
2019-10-03 02:15:14,258 [pool-127-thread-1] INFO  server.RaftServerConfigKeys (ConfUtils.java:logGet(43)) - raft.server.log.force.sync.num = 128 (default)
2019-10-03 02:15:14,258 [pool-127-thread-1] INFO  server.RaftServerConfigKeys (ConfUtils.java:logGet(43)) - raft.server.log.statemachine.data.sync = true (default)
2019-10-03 02:15:14,258 [pool-127-thread-1] INFO  server.RaftServerConfigKeys (ConfUtils.java:logGet(43)) - raft.server.log.statemachine.data.sync.timeout = 10s (default)
2019-10-03 02:15:14,258 [pool-127-thread-1] INFO  server.RaftServerConfigKeys (ConfUtils.java:logGet(43)) - raft.server.log.statemachine.data.sync.timeout.retry = -1 (default)
2019-10-03 02:15:14,259 [pool-127-thread-1] INFO  server.RaftServerConfigKeys (ConfUtils.java:logGet(43)) - raft.server.log.statemachine.data.caching.enabled = true (custom)
2019-10-03 02:15:14,259 [pool-127-thread-1] INFO  segmented.SegmentedRaftLogWorker (SegmentedRaftLogWorker.java:lambda$new$0(128)) - a9ba3a12-e899-44aa-94f5-c4ebe24e67b6@group-7B2E464DC6FE-SegmentedRaftLogWorker: flushIndex: setUnconditionally 0 -> -1
2019-10-03 02:15:14,261 [pool-127-thread-1] INFO  server.RaftServerConfigKeys (ConfUtils.java:logGet(43)) - raft.server.snapshot.auto.trigger.enabled = true (custom)
2019-10-03 02:15:14,261 [pool-127-thread-1] INFO  server.RaftServerConfigKeys (ConfUtils.java:logGet(43)) - raft.server.snapshot.auto.trigger.threshold = 10000 (custom)
2019-10-03 02:15:14,261 [pool-127-thread-1] INFO  server.RaftServerConfigKeys (ConfUtils.java:logGet(43)) - raft.server.snapshot.retention.file.num = 5 (custom)
2019-10-03 02:15:14,262 [pool-127-thread-1] INFO  server.RaftServerConfigKeys (ConfUtils.java:logGet(43)) - raft.server.retrycache.expirytime = 600000ms (custom)
2019-10-03 02:15:14,264 [pool-127-thread-1] INFO  impl.RaftServerImpl (RaftServerImpl.java:start(181)) - a9ba3a12-e899-44aa-94f5-c4ebe24e67b6@group-7B2E464DC6FE: start as a follower, conf=-1: [a9ba3a12-e899-44aa-94f5-c4ebe24e67b6:192.168.164.205:33608], old=null
2019-10-03 02:15:14,264 [pool-127-thread-1] INFO  impl.RaftServerImpl (RaftServerImpl.java:setRole(170)) - a9ba3a12-e899-44aa-94f5-c4ebe24e67b6@group-7B2E464DC6FE: changes role from      null to FOLLOWER at term 0 for startAsFollower
2019-10-03 02:15:14,265 [pool-127-thread-1] INFO  impl.RoleInfo (RoleInfo.java:updateAndGet(143)) - a9ba3a12-e899-44aa-94f5-c4ebe24e67b6: start FollowerState
2019-10-03 02:15:14,265 [pool-127-thread-1] INFO  util.JmxRegister (JmxRegister.java:tryRegister(44)) - Successfully registered JMX Bean with object name Ratis:service=RaftServer,group=group-7B2E464DC6FE,id=a9ba3a12-e899-44aa-94f5-c4ebe24e67b6
2019-10-03 02:15:14,275 [RatisPipelineUtilsThread] INFO  pipeline.PipelineStateManager (PipelineStateManager.java:addPipeline(56)) - Created pipeline Pipeline[ Id: f6a8f48b-6223-4ff6-ab2c-7b2e464dc6fe, Nodes: a9ba3a12-e899-44aa-94f5-c4ebe24e67b6{ip: 192.168.164.205, host: pr-hdds-1737-89jld-2007629010, networkLocation: /default-rack, certSerialId: null}, Type:RATIS, Factor:ONE, State:OPEN]
2019-10-03 02:15:14,280 [IPC Server handler 0 on 41886] INFO  net.NetworkTopology (NetworkTopologyImpl.java:add(111)) - Added a new node: /default-rack/879d7b51-a7a6-44a4-b331-6899e2b0e1b1
2019-10-03 02:15:14,281 [IPC Server handler 0 on 41886] INFO  node.SCMNodeManager (SCMNodeManager.java:register(266)) - Registered Data node : 879d7b51-a7a6-44a4-b331-6899e2b0e1b1{ip: 192.168.164.205, host: pr-hdds-1737-89jld-2007629010, networkLocation: /default-rack, certSerialId: null}
2019-10-03 02:15:14,290 [grpc-default-executor-0] INFO  impl.RaftServerProxy (RaftServerProxy.java:addNew(89)) - 879d7b51-a7a6-44a4-b331-6899e2b0e1b1: addNew group-7EDCDAF581E9:[879d7b51-a7a6-44a4-b331-6899e2b0e1b1:192.168.164.205:38822] returns group-7EDCDAF581E9:java.util.concurrent.CompletableFuture@5b5e0d86[Not completed]
2019-10-03 02:15:14,291 [pool-137-thread-1] INFO  impl.RaftServerImpl (RaftServerImpl.java:<init>(95)) - 879d7b51-a7a6-44a4-b331-6899e2b0e1b1: new RaftServerImpl for group-7EDCDAF581E9:[879d7b51-a7a6-44a4-b331-6899e2b0e1b1:192.168.164.205:38822] with ContainerStateMachine:uninitialized
2019-10-03 02:15:14,291 [pool-137-thread-1] INFO  server.RaftServerConfigKeys (ConfUtils.java:logGet(43)) - raft.server.rpc.timeout.min = 5s (custom)
2019-10-03 02:15:14,291 [pool-137-thread-1] INFO  server.RaftServerConfigKeys (ConfUtils.java:logGet(43)) - raft.server.rpc.timeout.max = 5200ms (custom)
2019-10-03 02:15:14,291 [pool-137-thread-1] INFO  server.RaftServerConfigKeys (ConfUtils.java:logGet(43)) - raft.server.rpcslowness.timeout = 120s (custom)
2019-10-03 02:15:14,291 [pool-137-thread-1] INFO  server.RaftServerConfigKeys (ConfUtils.java:logGet(43)) - raft.server.sleep.deviation.threshold = 300 (default)
2019-10-03 02:15:14,292 [pool-137-thread-1] INFO  server.RaftServerConfigKeys (ConfUtils.java:logGet(43)) - raft.server.log.appender.install.snapshot.enabled = false (custom)
2019-10-03 02:15:14,292 [pool-137-thread-1] INFO  impl.RaftServerImpl (ServerState.java:<init>(103)) - 879d7b51-a7a6-44a4-b331-6899e2b0e1b1@group-7EDCDAF581E9: ConfigurationManager, init=-1: [879d7b51-a7a6-44a4-b331-6899e2b0e1b1:192.168.164.205:38822], old=null, confs=<EMPTY_MAP>
2019-10-03 02:15:14,292 [pool-137-thread-1] INFO  server.RaftServerConfigKeys (ConfUtils.java:logGet(43)) - raft.server.storage.dir = [/workdir/hadoop-ozone/ozonefs/target/test-dir/MiniOzoneClusterImpl-62b8ca40-b77f-473e-90e4-dff00127bbe7/datanode-1/data/ratis] (custom)
2019-10-03 02:15:14,292 [pool-137-thread-1] INFO  server.RaftServerConfigKeys (ConfUtils.java:logGet(43)) - raft.server.log.corruption.policy = EXCEPTION (default)
2019-10-03 02:15:14,292 [pool-137-thread-1] INFO  storage.RaftStorageDirectory (RaftStorageDirectory.java:analyzeStorage(246)) - The storage directory /workdir/hadoop-ozone/ozonefs/target/test-dir/MiniOzoneClusterImpl-62b8ca40-b77f-473e-90e4-dff00127bbe7/datanode-1/data/ratis/c055ef57-e33a-4ab8-a889-7edcdaf581e9 does not exist. Creating ...
2019-10-03 02:15:14,306 [pool-137-thread-1] INFO  storage.RaftStorageDirectory (RaftStorageDirectory.java:tryLock(328)) - Lock on /workdir/hadoop-ozone/ozonefs/target/test-dir/MiniOzoneClusterImpl-62b8ca40-b77f-473e-90e4-dff00127bbe7/datanode-1/data/ratis/c055ef57-e33a-4ab8-a889-7edcdaf581e9/in_use.lock acquired by nodename 8307@pr-hdds-1737-89jld-2007629010
2019-10-03 02:15:14,318 [pool-137-thread-1] INFO  storage.RaftStorage (RaftStorage.java:format(84)) - Storage directory /workdir/hadoop-ozone/ozonefs/target/test-dir/MiniOzoneClusterImpl-62b8ca40-b77f-473e-90e4-dff00127bbe7/datanode-1/data/ratis/c055ef57-e33a-4ab8-a889-7edcdaf581e9 has been successfully formatted.
2019-10-03 02:15:14,318 [pool-137-thread-1] INFO  ratis.ContainerStateMachine (ContainerStateMachine.java:loadSnapshot(230)) - group-7EDCDAF581E9: The snapshot info is null. Setting the last applied indexto:(t:0, i:~)
2019-10-03 02:15:14,318 [pool-137-thread-1] INFO  server.RaftServerConfigKeys (ConfUtils.java:logGet(43)) - raft.server.notification.no-leader.timeout = 120s (custom)
2019-10-03 02:15:14,318 [pool-137-thread-1] INFO  server.RaftServerConfigKeys (ConfUtils.java:logGet(43)) - raft.server.log.use.memory = false (default)
2019-10-03 02:15:14,319 [pool-137-thread-1] INFO  server.RaftServerConfigKeys (ConfUtils.java:logGet(43)) - raft.server.log.purge.gap = 1000000 (custom)
2019-10-03 02:15:14,319 [pool-137-thread-1] INFO  server.RaftServerConfigKeys (ConfUtils.java:logGet(43)) - raft.server.log.appender.buffer.byte-limit = 33554432 (custom)
2019-10-03 02:15:14,319 [pool-137-thread-1] INFO  server.RaftServerConfigKeys (ConfUtils.java:logGet(43)) - raft.server.log.segment.size.max = 1048576 (custom)
2019-10-03 02:15:14,320 [pool-137-thread-1] INFO  server.RaftServerConfigKeys (ConfUtils.java:logGet(43)) - raft.server.log.segment.cache.num.max = 2 (custom)
2019-10-03 02:15:14,320 [pool-137-thread-1] INFO  segmented.SegmentedRaftLogWorker (SegmentedRaftLogWorker.java:<init>(173)) - new 879d7b51-a7a6-44a4-b331-6899e2b0e1b1@group-7EDCDAF581E9-SegmentedRaftLogWorker for RaftStorage:Storage Directory /workdir/hadoop-ozone/ozonefs/target/test-dir/MiniOzoneClusterImpl-62b8ca40-b77f-473e-90e4-dff00127bbe7/datanode-1/data/ratis/c055ef57-e33a-4ab8-a889-7edcdaf581e9
2019-10-03 02:15:14,321 [pool-137-thread-1] INFO  server.RaftServerConfigKeys (ConfUtils.java:logGet(43)) - raft.server.log.queue.byte-limit = 2147483647 (custom)
2019-10-03 02:15:14,321 [pool-137-thread-1] INFO  server.RaftServerConfigKeys (ConfUtils.java:logGet(43)) - raft.server.log.queue.element-limit = 1024 (custom)
2019-10-03 02:15:14,321 [pool-137-thread-1] INFO  server.RaftServerConfigKeys (ConfUtils.java:logGet(43)) - raft.server.log.segment.size.max = 1048576 (custom)
2019-10-03 02:15:14,321 [pool-137-thread-1] INFO  server.RaftServerConfigKeys (ConfUtils.java:logGet(43)) - raft.server.log.preallocated.size = 16384 (custom)
2019-10-03 02:15:14,321 [pool-137-thread-1] INFO  server.RaftServerConfigKeys (ConfUtils.java:logGet(43)) - raft.server.log.write.buffer.size = 33554432 (custom)
2019-10-03 02:15:14,321 [pool-137-thread-1] INFO  server.RaftServerConfigKeys (ConfUtils.java:logGet(43)) - raft.server.log.force.sync.num = 128 (default)
2019-10-03 02:15:14,321 [pool-137-thread-1] INFO  server.RaftServerConfigKeys (ConfUtils.java:logGet(43)) - raft.server.log.statemachine.data.sync = true (default)
2019-10-03 02:15:14,321 [pool-137-thread-1] INFO  server.RaftServerConfigKeys (ConfUtils.java:logGet(43)) - raft.server.log.statemachine.data.sync.timeout = 10s (default)
2019-10-03 02:15:14,321 [pool-137-thread-1] INFO  server.RaftServerConfigKeys (ConfUtils.java:logGet(43)) - raft.server.log.statemachine.data.sync.timeout.retry = -1 (default)
2019-10-03 02:15:14,322 [pool-137-thread-1] INFO  server.RaftServerConfigKeys (ConfUtils.java:logGet(43)) - raft.server.log.statemachine.data.caching.enabled = true (custom)
2019-10-03 02:15:14,322 [pool-137-thread-1] INFO  segmented.SegmentedRaftLogWorker (SegmentedRaftLogWorker.java:lambda$new$0(128)) - 879d7b51-a7a6-44a4-b331-6899e2b0e1b1@group-7EDCDAF581E9-SegmentedRaftLogWorker: flushIndex: setUnconditionally 0 -> -1
2019-10-03 02:15:14,322 [pool-137-thread-1] INFO  server.RaftServerConfigKeys (ConfUtils.java:logGet(43)) - raft.server.snapshot.auto.trigger.enabled = true (custom)
2019-10-03 02:15:14,322 [pool-137-thread-1] INFO  server.RaftServerConfigKeys (ConfUtils.java:logGet(43)) - raft.server.snapshot.auto.trigger.threshold = 10000 (custom)
2019-10-03 02:15:14,322 [pool-137-thread-1] INFO  server.RaftServerConfigKeys (ConfUtils.java:logGet(43)) - raft.server.snapshot.retention.file.num = 5 (custom)
2019-10-03 02:15:14,323 [pool-137-thread-1] INFO  server.RaftServerConfigKeys (ConfUtils.java:logGet(43)) - raft.server.retrycache.expirytime = 600000ms (custom)
2019-10-03 02:15:14,324 [pool-137-thread-1] INFO  impl.RaftServerImpl (RaftServerImpl.java:start(181)) - 879d7b51-a7a6-44a4-b331-6899e2b0e1b1@group-7EDCDAF581E9: start as a follower, conf=-1: [879d7b51-a7a6-44a4-b331-6899e2b0e1b1:192.168.164.205:38822], old=null
2019-10-03 02:15:14,324 [pool-137-thread-1] INFO  impl.RaftServerImpl (RaftServerImpl.java:setRole(170)) - 879d7b51-a7a6-44a4-b331-6899e2b0e1b1@group-7EDCDAF581E9: changes role from      null to FOLLOWER at term 0 for startAsFollower
2019-10-03 02:15:14,324 [pool-137-thread-1] INFO  impl.RoleInfo (RoleInfo.java:updateAndGet(143)) - 879d7b51-a7a6-44a4-b331-6899e2b0e1b1: start FollowerState
2019-10-03 02:15:14,325 [pool-137-thread-1] INFO  util.JmxRegister (JmxRegister.java:tryRegister(44)) - Successfully registered JMX Bean with object name Ratis:service=RaftServer,group=group-7EDCDAF581E9,id=879d7b51-a7a6-44a4-b331-6899e2b0e1b1
2019-10-03 02:15:14,331 [RatisPipelineUtilsThread] INFO  pipeline.PipelineStateManager (PipelineStateManager.java:addPipeline(56)) - Created pipeline Pipeline[ Id: c055ef57-e33a-4ab8-a889-7edcdaf581e9, Nodes: 879d7b51-a7a6-44a4-b331-6899e2b0e1b1{ip: 192.168.164.205, host: pr-hdds-1737-89jld-2007629010, networkLocation: /default-rack, certSerialId: null}, Type:RATIS, Factor:ONE, State:OPEN]
2019-10-03 02:15:14,353 [Thread-439] INFO  ozone.MiniOzoneClusterImpl (MiniOzoneClusterImpl.java:lambda$waitForClusterToBeReady$0(147)) - Waiting for cluster to be ready. Got 2 of 3 DN Heartbeats.
2019-10-03 02:15:14,356 [IPC Server handler 1 on 41886] INFO  net.NetworkTopology (NetworkTopologyImpl.java:add(111)) - Added a new node: /default-rack/b2d63d03-1a37-48bd-acd4-f0bd9db4b6cb
2019-10-03 02:15:14,356 [IPC Server handler 1 on 41886] INFO  node.SCMNodeManager (SCMNodeManager.java:register(266)) - Registered Data node : b2d63d03-1a37-48bd-acd4-f0bd9db4b6cb{ip: 192.168.164.205, host: pr-hdds-1737-89jld-2007629010, networkLocation: /default-rack, certSerialId: null}
2019-10-03 02:15:14,367 [grpc-default-executor-0] INFO  impl.RaftServerProxy (RaftServerProxy.java:addNew(89)) - b2d63d03-1a37-48bd-acd4-f0bd9db4b6cb: addNew group-FD6D978EAD89:[b2d63d03-1a37-48bd-acd4-f0bd9db4b6cb:192.168.164.205:38263] returns group-FD6D978EAD89:java.util.concurrent.CompletableFuture@6bc3d694[Not completed]
2019-10-03 02:15:14,368 [pool-147-thread-1] INFO  impl.RaftServerImpl (RaftServerImpl.java:<init>(95)) - b2d63d03-1a37-48bd-acd4-f0bd9db4b6cb: new RaftServerImpl for group-FD6D978EAD89:[b2d63d03-1a37-48bd-acd4-f0bd9db4b6cb:192.168.164.205:38263] with ContainerStateMachine:uninitialized
2019-10-03 02:15:14,368 [pool-147-thread-1] INFO  server.RaftServerConfigKeys (ConfUtils.java:logGet(43)) - raft.server.rpc.timeout.min = 5s (custom)
2019-10-03 02:15:14,369 [pool-147-thread-1] INFO  server.RaftServerConfigKeys (ConfUtils.java:logGet(43)) - raft.server.rpc.timeout.max = 5200ms (custom)
2019-10-03 02:15:14,369 [pool-147-thread-1] INFO  server.RaftServerConfigKeys (ConfUtils.java:logGet(43)) - raft.server.rpcslowness.timeout = 120s (custom)
2019-10-03 02:15:14,369 [pool-147-thread-1] INFO  server.RaftServerConfigKeys (ConfUtils.java:logGet(43)) - raft.server.sleep.deviation.threshold = 300 (default)
2019-10-03 02:15:14,369 [pool-147-thread-1] INFO  server.RaftServerConfigKeys (ConfUtils.java:logGet(43)) - raft.server.log.appender.install.snapshot.enabled = false (custom)
2019-10-03 02:15:14,369 [pool-147-thread-1] INFO  impl.RaftServerImpl (ServerState.java:<init>(103)) - b2d63d03-1a37-48bd-acd4-f0bd9db4b6cb@group-FD6D978EAD89: ConfigurationManager, init=-1: [b2d63d03-1a37-48bd-acd4-f0bd9db4b6cb:192.168.164.205:38263], old=null, confs=<EMPTY_MAP>
2019-10-03 02:15:14,369 [pool-147-thread-1] INFO  server.RaftServerConfigKeys (ConfUtils.java:logGet(43)) - raft.server.storage.dir = [/workdir/hadoop-ozone/ozonefs/target/test-dir/MiniOzoneClusterImpl-62b8ca40-b77f-473e-90e4-dff00127bbe7/datanode-2/data/ratis] (custom)
2019-10-03 02:15:14,369 [pool-147-thread-1] INFO  server.RaftServerConfigKeys (ConfUtils.java:logGet(43)) - raft.server.log.corruption.policy = EXCEPTION (default)
2019-10-03 02:15:14,370 [pool-147-thread-1] INFO  storage.RaftStorageDirectory (RaftStorageDirectory.java:analyzeStorage(246)) - The storage directory /workdir/hadoop-ozone/ozonefs/target/test-dir/MiniOzoneClusterImpl-62b8ca40-b77f-473e-90e4-dff00127bbe7/datanode-2/data/ratis/c2adf277-0047-48e1-b8a7-fd6d978ead89 does not exist. Creating ...
2019-10-03 02:15:14,382 [pool-147-thread-1] INFO  storage.RaftStorageDirectory (RaftStorageDirectory.java:tryLock(328)) - Lock on /workdir/hadoop-ozone/ozonefs/target/test-dir/MiniOzoneClusterImpl-62b8ca40-b77f-473e-90e4-dff00127bbe7/datanode-2/data/ratis/c2adf277-0047-48e1-b8a7-fd6d978ead89/in_use.lock acquired by nodename 8307@pr-hdds-1737-89jld-2007629010
2019-10-03 02:15:14,395 [pool-147-thread-1] INFO  storage.RaftStorage (RaftStorage.java:format(84)) - Storage directory /workdir/hadoop-ozone/ozonefs/target/test-dir/MiniOzoneClusterImpl-62b8ca40-b77f-473e-90e4-dff00127bbe7/datanode-2/data/ratis/c2adf277-0047-48e1-b8a7-fd6d978ead89 has been successfully formatted.
2019-10-03 02:15:14,395 [pool-147-thread-1] INFO  ratis.ContainerStateMachine (ContainerStateMachine.java:loadSnapshot(230)) - group-FD6D978EAD89: The snapshot info is null. Setting the last applied indexto:(t:0, i:~)
2019-10-03 02:15:14,395 [pool-147-thread-1] INFO  server.RaftServerConfigKeys (ConfUtils.java:logGet(43)) - raft.server.notification.no-leader.timeout = 120s (custom)
2019-10-03 02:15:14,395 [pool-147-thread-1] INFO  server.RaftServerConfigKeys (ConfUtils.java:logGet(43)) - raft.server.log.use.memory = false (default)
2019-10-03 02:15:14,395 [pool-147-thread-1] INFO  server.RaftServerConfigKeys (ConfUtils.java:logGet(43)) - raft.server.log.purge.gap = 1000000 (custom)
2019-10-03 02:15:14,395 [pool-147-thread-1] INFO  server.RaftServerConfigKeys (ConfUtils.java:logGet(43)) - raft.server.log.appender.buffer.byte-limit = 33554432 (custom)
2019-10-03 02:15:14,395 [pool-147-thread-1] INFO  server.RaftServerConfigKeys (ConfUtils.java:logGet(43)) - raft.server.log.segment.size.max = 1048576 (custom)
2019-10-03 02:15:14,397 [pool-147-thread-1] INFO  server.RaftServerConfigKeys (ConfUtils.java:logGet(43)) - raft.server.log.segment.cache.num.max = 2 (custom)
2019-10-03 02:15:14,397 [pool-147-thread-1] INFO  segmented.SegmentedRaftLogWorker (SegmentedRaftLogWorker.java:<init>(173)) - new b2d63d03-1a37-48bd-acd4-f0bd9db4b6cb@group-FD6D978EAD89-SegmentedRaftLogWorker for RaftStorage:Storage Directory /workdir/hadoop-ozone/ozonefs/target/test-dir/MiniOzoneClusterImpl-62b8ca40-b77f-473e-90e4-dff00127bbe7/datanode-2/data/ratis/c2adf277-0047-48e1-b8a7-fd6d978ead89
2019-10-03 02:15:14,397 [pool-147-thread-1] INFO  server.RaftServerConfigKeys (ConfUtils.java:logGet(43)) - raft.server.log.queue.byte-limit = 2147483647 (custom)
2019-10-03 02:15:14,398 [pool-147-thread-1] INFO  server.RaftServerConfigKeys (ConfUtils.java:logGet(43)) - raft.server.log.queue.element-limit = 1024 (custom)
2019-10-03 02:15:14,398 [pool-147-thread-1] INFO  server.RaftServerConfigKeys (ConfUtils.java:logGet(43)) - raft.server.log.segment.size.max = 1048576 (custom)
2019-10-03 02:15:14,398 [pool-147-thread-1] INFO  server.RaftServerConfigKeys (ConfUtils.java:logGet(43)) - raft.server.log.preallocated.size = 16384 (custom)
2019-10-03 02:15:14,398 [pool-147-thread-1] INFO  server.RaftServerConfigKeys (ConfUtils.java:logGet(43)) - raft.server.log.write.buffer.size = 33554432 (custom)
2019-10-03 02:15:14,398 [pool-147-thread-1] INFO  server.RaftServerConfigKeys (ConfUtils.java:logGet(43)) - raft.server.log.force.sync.num = 128 (default)
2019-10-03 02:15:14,398 [pool-147-thread-1] INFO  server.RaftServerConfigKeys (ConfUtils.java:logGet(43)) - raft.server.log.statemachine.data.sync = true (default)
2019-10-03 02:15:14,398 [pool-147-thread-1] INFO  server.RaftServerConfigKeys (ConfUtils.java:logGet(43)) - raft.server.log.statemachine.data.sync.timeout = 10s (default)
2019-10-03 02:15:14,398 [pool-147-thread-1] INFO  server.RaftServerConfigKeys (ConfUtils.java:logGet(43)) - raft.server.log.statemachine.data.sync.timeout.retry = -1 (default)
2019-10-03 02:15:14,399 [pool-147-thread-1] INFO  server.RaftServerConfigKeys (ConfUtils.java:logGet(43)) - raft.server.log.statemachine.data.caching.enabled = true (custom)
2019-10-03 02:15:14,399 [pool-147-thread-1] INFO  segmented.SegmentedRaftLogWorker (SegmentedRaftLogWorker.java:lambda$new$0(128)) - b2d63d03-1a37-48bd-acd4-f0bd9db4b6cb@group-FD6D978EAD89-SegmentedRaftLogWorker: flushIndex: setUnconditionally 0 -> -1
2019-10-03 02:15:14,399 [pool-147-thread-1] INFO  server.RaftServerConfigKeys (ConfUtils.java:logGet(43)) - raft.server.snapshot.auto.trigger.enabled = true (custom)
2019-10-03 02:15:14,399 [pool-147-thread-1] INFO  server.RaftServerConfigKeys (ConfUtils.java:logGet(43)) - raft.server.snapshot.auto.trigger.threshold = 10000 (custom)
2019-10-03 02:15:14,399 [pool-147-thread-1] INFO  server.RaftServerConfigKeys (ConfUtils.java:logGet(43)) - raft.server.snapshot.retention.file.num = 5 (custom)
2019-10-03 02:15:14,400 [pool-147-thread-1] INFO  server.RaftServerConfigKeys (ConfUtils.java:logGet(43)) - raft.server.retrycache.expirytime = 600000ms (custom)
2019-10-03 02:15:14,401 [pool-147-thread-1] INFO  impl.RaftServerImpl (RaftServerImpl.java:start(181)) - b2d63d03-1a37-48bd-acd4-f0bd9db4b6cb@group-FD6D978EAD89: start as a follower, conf=-1: [b2d63d03-1a37-48bd-acd4-f0bd9db4b6cb:192.168.164.205:38263], old=null
2019-10-03 02:15:14,401 [pool-147-thread-1] INFO  impl.RaftServerImpl (RaftServerImpl.java:setRole(170)) - b2d63d03-1a37-48bd-acd4-f0bd9db4b6cb@group-FD6D978EAD89: changes role from      null to FOLLOWER at term 0 for startAsFollower
2019-10-03 02:15:14,401 [pool-147-thread-1] INFO  impl.RoleInfo (RoleInfo.java:updateAndGet(143)) - b2d63d03-1a37-48bd-acd4-f0bd9db4b6cb: start FollowerState
2019-10-03 02:15:14,402 [pool-147-thread-1] INFO  util.JmxRegister (JmxRegister.java:tryRegister(44)) - Successfully registered JMX Bean with object name Ratis:service=RaftServer,group=group-FD6D978EAD89,id=b2d63d03-1a37-48bd-acd4-f0bd9db4b6cb
2019-10-03 02:15:14,408 [RatisPipelineUtilsThread] INFO  pipeline.PipelineStateManager (PipelineStateManager.java:addPipeline(56)) - Created pipeline Pipeline[ Id: c2adf277-0047-48e1-b8a7-fd6d978ead89, Nodes: b2d63d03-1a37-48bd-acd4-f0bd9db4b6cb{ip: 192.168.164.205, host: pr-hdds-1737-89jld-2007629010, networkLocation: /default-rack, certSerialId: null}, Type:RATIS, Factor:ONE, State:OPEN]
2019-10-03 02:15:14,432 [grpc-default-executor-2] INFO  impl.RaftServerProxy (RaftServerProxy.java:addNew(89)) - 879d7b51-a7a6-44a4-b331-6899e2b0e1b1: addNew group-AB7CF894CEDC:[b2d63d03-1a37-48bd-acd4-f0bd9db4b6cb:192.168.164.205:38263, 879d7b51-a7a6-44a4-b331-6899e2b0e1b1:192.168.164.205:38822, a9ba3a12-e899-44aa-94f5-c4ebe24e67b6:192.168.164.205:33608] returns group-AB7CF894CEDC:java.util.concurrent.CompletableFuture@4f991f9b[Not completed]
2019-10-03 02:15:14,432 [grpc-default-executor-1] INFO  impl.RaftServerProxy (RaftServerProxy.java:addNew(89)) - a9ba3a12-e899-44aa-94f5-c4ebe24e67b6: addNew group-AB7CF894CEDC:[b2d63d03-1a37-48bd-acd4-f0bd9db4b6cb:192.168.164.205:38263, 879d7b51-a7a6-44a4-b331-6899e2b0e1b1:192.168.164.205:38822, a9ba3a12-e899-44aa-94f5-c4ebe24e67b6:192.168.164.205:33608] returns group-AB7CF894CEDC:java.util.concurrent.CompletableFuture@6a3fe146[Not completed]
2019-10-03 02:15:14,434 [grpc-default-executor-1] INFO  impl.RaftServerProxy (RaftServerProxy.java:addNew(89)) - b2d63d03-1a37-48bd-acd4-f0bd9db4b6cb: addNew group-AB7CF894CEDC:[b2d63d03-1a37-48bd-acd4-f0bd9db4b6cb:192.168.164.205:38263, 879d7b51-a7a6-44a4-b331-6899e2b0e1b1:192.168.164.205:38822, a9ba3a12-e899-44aa-94f5-c4ebe24e67b6:192.168.164.205:33608] returns group-AB7CF894CEDC:java.util.concurrent.CompletableFuture@2f3d6265[Not completed]
2019-10-03 02:15:14,435 [pool-127-thread-1] INFO  impl.RaftServerImpl (RaftServerImpl.java:<init>(95)) - a9ba3a12-e899-44aa-94f5-c4ebe24e67b6: new RaftServerImpl for group-AB7CF894CEDC:[b2d63d03-1a37-48bd-acd4-f0bd9db4b6cb:192.168.164.205:38263, 879d7b51-a7a6-44a4-b331-6899e2b0e1b1:192.168.164.205:38822, a9ba3a12-e899-44aa-94f5-c4ebe24e67b6:192.168.164.205:33608] with ContainerStateMachine:uninitialized
2019-10-03 02:15:14,435 [pool-127-thread-1] INFO  server.RaftServerConfigKeys (ConfUtils.java:logGet(43)) - raft.server.rpc.timeout.min = 5s (custom)
2019-10-03 02:15:14,435 [pool-127-thread-1] INFO  server.RaftServerConfigKeys (ConfUtils.java:logGet(43)) - raft.server.rpc.timeout.max = 5200ms (custom)
2019-10-03 02:15:14,435 [pool-127-thread-1] INFO  server.RaftServerConfigKeys (ConfUtils.java:logGet(43)) - raft.server.rpcslowness.timeout = 120s (custom)
2019-10-03 02:15:14,435 [pool-137-thread-1] INFO  impl.RaftServerImpl (RaftServerImpl.java:<init>(95)) - 879d7b51-a7a6-44a4-b331-6899e2b0e1b1: new RaftServerImpl for group-AB7CF894CEDC:[b2d63d03-1a37-48bd-acd4-f0bd9db4b6cb:192.168.164.205:38263, 879d7b51-a7a6-44a4-b331-6899e2b0e1b1:192.168.164.205:38822, a9ba3a12-e899-44aa-94f5-c4ebe24e67b6:192.168.164.205:33608] with ContainerStateMachine:uninitialized
2019-10-03 02:15:14,435 [pool-127-thread-1] INFO  server.RaftServerConfigKeys (ConfUtils.java:logGet(43)) - raft.server.sleep.deviation.threshold = 300 (default)
2019-10-03 02:15:14,435 [pool-137-thread-1] INFO  server.RaftServerConfigKeys (ConfUtils.java:logGet(43)) - raft.server.rpc.timeout.min = 5s (custom)
2019-10-03 02:15:14,435 [pool-127-thread-1] INFO  server.RaftServerConfigKeys (ConfUtils.java:logGet(43)) - raft.server.log.appender.install.snapshot.enabled = false (custom)
2019-10-03 02:15:14,435 [pool-137-thread-1] INFO  server.RaftServerConfigKeys (ConfUtils.java:logGet(43)) - raft.server.rpc.timeout.max = 5200ms (custom)
2019-10-03 02:15:14,435 [pool-127-thread-1] INFO  impl.RaftServerImpl (ServerState.java:<init>(103)) - a9ba3a12-e899-44aa-94f5-c4ebe24e67b6@group-AB7CF894CEDC: ConfigurationManager, init=-1: [b2d63d03-1a37-48bd-acd4-f0bd9db4b6cb:192.168.164.205:38263, 879d7b51-a7a6-44a4-b331-6899e2b0e1b1:192.168.164.205:38822, a9ba3a12-e899-44aa-94f5-c4ebe24e67b6:192.168.164.205:33608], old=null, confs=<EMPTY_MAP>
2019-10-03 02:15:14,435 [pool-137-thread-1] INFO  server.RaftServerConfigKeys (ConfUtils.java:logGet(43)) - raft.server.rpcslowness.timeout = 120s (custom)
2019-10-03 02:15:14,436 [pool-127-thread-1] INFO  server.RaftServerConfigKeys (ConfUtils.java:logGet(43)) - raft.server.storage.dir = [/workdir/hadoop-ozone/ozonefs/target/test-dir/MiniOzoneClusterImpl-62b8ca40-b77f-473e-90e4-dff00127bbe7/datanode-0/data/ratis] (custom)
2019-10-03 02:15:14,436 [pool-147-thread-1] INFO  impl.RaftServerImpl (RaftServerImpl.java:<init>(95)) - b2d63d03-1a37-48bd-acd4-f0bd9db4b6cb: new RaftServerImpl for group-AB7CF894CEDC:[b2d63d03-1a37-48bd-acd4-f0bd9db4b6cb:192.168.164.205:38263, 879d7b51-a7a6-44a4-b331-6899e2b0e1b1:192.168.164.205:38822, a9ba3a12-e899-44aa-94f5-c4ebe24e67b6:192.168.164.205:33608] with ContainerStateMachine:uninitialized
2019-10-03 02:15:14,436 [pool-137-thread-1] INFO  server.RaftServerConfigKeys (ConfUtils.java:logGet(43)) - raft.server.sleep.deviation.threshold = 300 (default)
2019-10-03 02:15:14,436 [pool-127-thread-1] INFO  server.RaftServerConfigKeys (ConfUtils.java:logGet(43)) - raft.server.log.corruption.policy = EXCEPTION (default)
2019-10-03 02:15:14,436 [pool-137-thread-1] INFO  server.RaftServerConfigKeys (ConfUtils.java:logGet(43)) - raft.server.log.appender.install.snapshot.enabled = false (custom)
2019-10-03 02:15:14,436 [pool-147-thread-1] INFO  server.RaftServerConfigKeys (ConfUtils.java:logGet(43)) - raft.server.rpc.timeout.min = 5s (custom)
2019-10-03 02:15:14,436 [pool-127-thread-1] INFO  storage.RaftStorageDirectory (RaftStorageDirectory.java:analyzeStorage(246)) - The storage directory /workdir/hadoop-ozone/ozonefs/target/test-dir/MiniOzoneClusterImpl-62b8ca40-b77f-473e-90e4-dff00127bbe7/datanode-0/data/ratis/2bd01edd-cc6e-4aa3-8af7-ab7cf894cedc does not exist. Creating ...
2019-10-03 02:15:14,436 [pool-137-thread-1] INFO  impl.RaftServerImpl (ServerState.java:<init>(103)) - 879d7b51-a7a6-44a4-b331-6899e2b0e1b1@group-AB7CF894CEDC: ConfigurationManager, init=-1: [b2d63d03-1a37-48bd-acd4-f0bd9db4b6cb:192.168.164.205:38263, 879d7b51-a7a6-44a4-b331-6899e2b0e1b1:192.168.164.205:38822, a9ba3a12-e899-44aa-94f5-c4ebe24e67b6:192.168.164.205:33608], old=null, confs=<EMPTY_MAP>
2019-10-03 02:15:14,436 [pool-147-thread-1] INFO  server.RaftServerConfigKeys (ConfUtils.java:logGet(43)) - raft.server.rpc.timeout.max = 5200ms (custom)
2019-10-03 02:15:14,436 [pool-137-thread-1] INFO  server.RaftServerConfigKeys (ConfUtils.java:logGet(43)) - raft.server.storage.dir = [/workdir/hadoop-ozone/ozonefs/target/test-dir/MiniOzoneClusterImpl-62b8ca40-b77f-473e-90e4-dff00127bbe7/datanode-1/data/ratis] (custom)
2019-10-03 02:15:14,436 [pool-147-thread-1] INFO  server.RaftServerConfigKeys (ConfUtils.java:logGet(43)) - raft.server.rpcslowness.timeout = 120s (custom)
2019-10-03 02:15:14,437 [pool-147-thread-1] INFO  server.RaftServerConfigKeys (ConfUtils.java:logGet(43)) - raft.server.sleep.deviation.threshold = 300 (default)
2019-10-03 02:15:14,437 [pool-137-thread-1] INFO  server.RaftServerConfigKeys (ConfUtils.java:logGet(43)) - raft.server.log.corruption.policy = EXCEPTION (default)
2019-10-03 02:15:14,437 [pool-147-thread-1] INFO  server.RaftServerConfigKeys (ConfUtils.java:logGet(43)) - raft.server.log.appender.install.snapshot.enabled = false (custom)
2019-10-03 02:15:14,437 [pool-137-thread-1] INFO  storage.RaftStorageDirectory (RaftStorageDirectory.java:analyzeStorage(246)) - The storage directory /workdir/hadoop-ozone/ozonefs/target/test-dir/MiniOzoneClusterImpl-62b8ca40-b77f-473e-90e4-dff00127bbe7/datanode-1/data/ratis/2bd01edd-cc6e-4aa3-8af7-ab7cf894cedc does not exist. Creating ...
2019-10-03 02:15:14,437 [pool-147-thread-1] INFO  impl.RaftServerImpl (ServerState.java:<init>(103)) - b2d63d03-1a37-48bd-acd4-f0bd9db4b6cb@group-AB7CF894CEDC: ConfigurationManager, init=-1: [b2d63d03-1a37-48bd-acd4-f0bd9db4b6cb:192.168.164.205:38263, 879d7b51-a7a6-44a4-b331-6899e2b0e1b1:192.168.164.205:38822, a9ba3a12-e899-44aa-94f5-c4ebe24e67b6:192.168.164.205:33608], old=null, confs=<EMPTY_MAP>
2019-10-03 02:15:14,437 [pool-147-thread-1] INFO  server.RaftServerConfigKeys (ConfUtils.java:logGet(43)) - raft.server.storage.dir = [/workdir/hadoop-ozone/ozonefs/target/test-dir/MiniOzoneClusterImpl-62b8ca40-b77f-473e-90e4-dff00127bbe7/datanode-2/data/ratis] (custom)
2019-10-03 02:15:14,437 [pool-147-thread-1] INFO  server.RaftServerConfigKeys (ConfUtils.java:logGet(43)) - raft.server.log.corruption.policy = EXCEPTION (default)
2019-10-03 02:15:14,437 [pool-147-thread-1] INFO  storage.RaftStorageDirectory (RaftStorageDirectory.java:analyzeStorage(246)) - The storage directory /workdir/hadoop-ozone/ozonefs/target/test-dir/MiniOzoneClusterImpl-62b8ca40-b77f-473e-90e4-dff00127bbe7/datanode-2/data/ratis/2bd01edd-cc6e-4aa3-8af7-ab7cf894cedc does not exist. Creating ...
2019-10-03 02:15:14,461 [pool-127-thread-1] INFO  storage.RaftStorageDirectory (RaftStorageDirectory.java:tryLock(328)) - Lock on /workdir/hadoop-ozone/ozonefs/target/test-dir/MiniOzoneClusterImpl-62b8ca40-b77f-473e-90e4-dff00127bbe7/datanode-0/data/ratis/2bd01edd-cc6e-4aa3-8af7-ab7cf894cedc/in_use.lock acquired by nodename 8307@pr-hdds-1737-89jld-2007629010
2019-10-03 02:15:14,461 [pool-147-thread-1] INFO  storage.RaftStorageDirectory (RaftStorageDirectory.java:tryLock(328)) - Lock on /workdir/hadoop-ozone/ozonefs/target/test-dir/MiniOzoneClusterImpl-62b8ca40-b77f-473e-90e4-dff00127bbe7/datanode-2/data/ratis/2bd01edd-cc6e-4aa3-8af7-ab7cf894cedc/in_use.lock acquired by nodename 8307@pr-hdds-1737-89jld-2007629010
2019-10-03 02:15:14,461 [pool-137-thread-1] INFO  storage.RaftStorageDirectory (RaftStorageDirectory.java:tryLock(328)) - Lock on /workdir/hadoop-ozone/ozonefs/target/test-dir/MiniOzoneClusterImpl-62b8ca40-b77f-473e-90e4-dff00127bbe7/datanode-1/data/ratis/2bd01edd-cc6e-4aa3-8af7-ab7cf894cedc/in_use.lock acquired by nodename 8307@pr-hdds-1737-89jld-2007629010
2019-10-03 02:15:14,476 [pool-127-thread-1] INFO  storage.RaftStorage (RaftStorage.java:format(84)) - Storage directory /workdir/hadoop-ozone/ozonefs/target/test-dir/MiniOzoneClusterImpl-62b8ca40-b77f-473e-90e4-dff00127bbe7/datanode-0/data/ratis/2bd01edd-cc6e-4aa3-8af7-ab7cf894cedc has been successfully formatted.
2019-10-03 02:15:14,476 [pool-137-thread-1] INFO  storage.RaftStorage (RaftStorage.java:format(84)) - Storage directory /workdir/hadoop-ozone/ozonefs/target/test-dir/MiniOzoneClusterImpl-62b8ca40-b77f-473e-90e4-dff00127bbe7/datanode-1/data/ratis/2bd01edd-cc6e-4aa3-8af7-ab7cf894cedc has been successfully formatted.
2019-10-03 02:15:14,476 [pool-147-thread-1] INFO  storage.RaftStorage (RaftStorage.java:format(84)) - Storage directory /workdir/hadoop-ozone/ozonefs/target/test-dir/MiniOzoneClusterImpl-62b8ca40-b77f-473e-90e4-dff00127bbe7/datanode-2/data/ratis/2bd01edd-cc6e-4aa3-8af7-ab7cf894cedc has been successfully formatted.
2019-10-03 02:15:14,476 [pool-137-thread-1] INFO  ratis.ContainerStateMachine (ContainerStateMachine.java:loadSnapshot(230)) - group-AB7CF894CEDC: The snapshot info is null. Setting the last applied indexto:(t:0, i:~)
2019-10-03 02:15:14,476 [pool-127-thread-1] INFO  ratis.ContainerStateMachine (ContainerStateMachine.java:loadSnapshot(230)) - group-AB7CF894CEDC: The snapshot info is null. Setting the last applied indexto:(t:0, i:~)
2019-10-03 02:15:14,476 [pool-137-thread-1] INFO  server.RaftServerConfigKeys (ConfUtils.java:logGet(43)) - raft.server.notification.no-leader.timeout = 120s (custom)
2019-10-03 02:15:14,476 [pool-147-thread-1] INFO  ratis.ContainerStateMachine (ContainerStateMachine.java:loadSnapshot(230)) - group-AB7CF894CEDC: The snapshot info is null. Setting the last applied indexto:(t:0, i:~)
2019-10-03 02:15:14,476 [pool-137-thread-1] INFO  server.RaftServerConfigKeys (ConfUtils.java:logGet(43)) - raft.server.log.use.memory = false (default)
2019-10-03 02:15:14,476 [pool-127-thread-1] INFO  server.RaftServerConfigKeys (ConfUtils.java:logGet(43)) - raft.server.notification.no-leader.timeout = 120s (custom)
2019-10-03 02:15:14,477 [pool-137-thread-1] INFO  server.RaftServerConfigKeys (ConfUtils.java:logGet(43)) - raft.server.log.purge.gap = 1000000 (custom)
2019-10-03 02:15:14,476 [pool-147-thread-1] INFO  server.RaftServerConfigKeys (ConfUtils.java:logGet(43)) - raft.server.notification.no-leader.timeout = 120s (custom)
2019-10-03 02:15:14,477 [pool-137-thread-1] INFO  server.RaftServerConfigKeys (ConfUtils.java:logGet(43)) - raft.server.log.appender.buffer.byte-limit = 33554432 (custom)
2019-10-03 02:15:14,477 [pool-127-thread-1] INFO  server.RaftServerConfigKeys (ConfUtils.java:logGet(43)) - raft.server.log.use.memory = false (default)
2019-10-03 02:15:14,477 [pool-137-thread-1] INFO  server.RaftServerConfigKeys (ConfUtils.java:logGet(43)) - raft.server.log.segment.size.max = 1048576 (custom)
2019-10-03 02:15:14,477 [pool-147-thread-1] INFO  server.RaftServerConfigKeys (ConfUtils.java:logGet(43)) - raft.server.log.use.memory = false (default)
2019-10-03 02:15:14,477 [pool-137-thread-1] INFO  server.RaftServerConfigKeys (ConfUtils.java:logGet(43)) - raft.server.log.segment.cache.num.max = 2 (custom)
2019-10-03 02:15:14,477 [pool-127-thread-1] INFO  server.RaftServerConfigKeys (ConfUtils.java:logGet(43)) - raft.server.log.purge.gap = 1000000 (custom)
2019-10-03 02:15:14,478 [pool-137-thread-1] INFO  segmented.SegmentedRaftLogWorker (SegmentedRaftLogWorker.java:<init>(173)) - new 879d7b51-a7a6-44a4-b331-6899e2b0e1b1@group-AB7CF894CEDC-SegmentedRaftLogWorker for RaftStorage:Storage Directory /workdir/hadoop-ozone/ozonefs/target/test-dir/MiniOzoneClusterImpl-62b8ca40-b77f-473e-90e4-dff00127bbe7/datanode-1/data/ratis/2bd01edd-cc6e-4aa3-8af7-ab7cf894cedc
2019-10-03 02:15:14,477 [pool-147-thread-1] INFO  server.RaftServerConfigKeys (ConfUtils.java:logGet(43)) - raft.server.log.purge.gap = 1000000 (custom)
2019-10-03 02:15:14,478 [pool-137-thread-1] INFO  server.RaftServerConfigKeys (ConfUtils.java:logGet(43)) - raft.server.log.queue.byte-limit = 2147483647 (custom)
2019-10-03 02:15:14,478 [pool-127-thread-1] INFO  server.RaftServerConfigKeys (ConfUtils.java:logGet(43)) - raft.server.log.appender.buffer.byte-limit = 33554432 (custom)
2019-10-03 02:15:14,478 [pool-137-thread-1] INFO  server.RaftServerConfigKeys (ConfUtils.java:logGet(43)) - raft.server.log.queue.element-limit = 1024 (custom)
2019-10-03 02:15:14,478 [pool-147-thread-1] INFO  server.RaftServerConfigKeys (ConfUtils.java:logGet(43)) - raft.server.log.appender.buffer.byte-limit = 33554432 (custom)
2019-10-03 02:15:14,478 [pool-137-thread-1] INFO  server.RaftServerConfigKeys (ConfUtils.java:logGet(43)) - raft.server.log.segment.size.max = 1048576 (custom)
2019-10-03 02:15:14,478 [pool-127-thread-1] INFO  server.RaftServerConfigKeys (ConfUtils.java:logGet(43)) - raft.server.log.segment.size.max = 1048576 (custom)
2019-10-03 02:15:14,479 [pool-137-thread-1] INFO  server.RaftServerConfigKeys (ConfUtils.java:logGet(43)) - raft.server.log.preallocated.size = 16384 (custom)
2019-10-03 02:15:14,479 [pool-147-thread-1] INFO  server.RaftServerConfigKeys (ConfUtils.java:logGet(43)) - raft.server.log.segment.size.max = 1048576 (custom)
2019-10-03 02:15:14,479 [pool-137-thread-1] INFO  server.RaftServerConfigKeys (ConfUtils.java:logGet(43)) - raft.server.log.write.buffer.size = 33554432 (custom)
2019-10-03 02:15:14,479 [pool-127-thread-1] INFO  server.RaftServerConfigKeys (ConfUtils.java:logGet(43)) - raft.server.log.segment.cache.num.max = 2 (custom)
2019-10-03 02:15:14,479 [pool-137-thread-1] INFO  server.RaftServerConfigKeys (ConfUtils.java:logGet(43)) - raft.server.log.force.sync.num = 128 (default)
2019-10-03 02:15:14,479 [pool-147-thread-1] INFO  server.RaftServerConfigKeys (ConfUtils.java:logGet(43)) - raft.server.log.segment.cache.num.max = 2 (custom)
2019-10-03 02:15:14,479 [pool-137-thread-1] INFO  server.RaftServerConfigKeys (ConfUtils.java:logGet(43)) - raft.server.log.statemachine.data.sync = true (default)
2019-10-03 02:15:14,479 [pool-127-thread-1] INFO  segmented.SegmentedRaftLogWorker (SegmentedRaftLogWorker.java:<init>(173)) - new a9ba3a12-e899-44aa-94f5-c4ebe24e67b6@group-AB7CF894CEDC-SegmentedRaftLogWorker for RaftStorage:Storage Directory /workdir/hadoop-ozone/ozonefs/target/test-dir/MiniOzoneClusterImpl-62b8ca40-b77f-473e-90e4-dff00127bbe7/datanode-0/data/ratis/2bd01edd-cc6e-4aa3-8af7-ab7cf894cedc
2019-10-03 02:15:14,480 [pool-137-thread-1] INFO  server.RaftServerConfigKeys (ConfUtils.java:logGet(43)) - raft.server.log.statemachine.data.sync.timeout = 10s (default)
2019-10-03 02:15:14,480 [pool-147-thread-1] INFO  segmented.SegmentedRaftLogWorker (SegmentedRaftLogWorker.java:<init>(173)) - new b2d63d03-1a37-48bd-acd4-f0bd9db4b6cb@group-AB7CF894CEDC-SegmentedRaftLogWorker for RaftStorage:Storage Directory /workdir/hadoop-ozone/ozonefs/target/test-dir/MiniOzoneClusterImpl-62b8ca40-b77f-473e-90e4-dff00127bbe7/datanode-2/data/ratis/2bd01edd-cc6e-4aa3-8af7-ab7cf894cedc
2019-10-03 02:15:14,480 [pool-137-thread-1] INFO  server.RaftServerConfigKeys (ConfUtils.java:logGet(43)) - raft.server.log.statemachine.data.sync.timeout.retry = -1 (default)
2019-10-03 02:15:14,480 [pool-127-thread-1] INFO  server.RaftServerConfigKeys (ConfUtils.java:logGet(43)) - raft.server.log.queue.byte-limit = 2147483647 (custom)
2019-10-03 02:15:14,480 [pool-147-thread-1] INFO  server.RaftServerConfigKeys (ConfUtils.java:logGet(43)) - raft.server.log.queue.byte-limit = 2147483647 (custom)
2019-10-03 02:15:14,481 [pool-137-thread-1] INFO  server.RaftServerConfigKeys (ConfUtils.java:logGet(43)) - raft.server.log.statemachine.data.caching.enabled = true (custom)
2019-10-03 02:15:14,480 [pool-127-thread-1] INFO  server.RaftServerConfigKeys (ConfUtils.java:logGet(43)) - raft.server.log.queue.element-limit = 1024 (custom)
2019-10-03 02:15:14,481 [pool-147-thread-1] INFO  server.RaftServerConfigKeys (ConfUtils.java:logGet(43)) - raft.server.log.queue.element-limit = 1024 (custom)
2019-10-03 02:15:14,481 [pool-137-thread-1] INFO  segmented.SegmentedRaftLogWorker (SegmentedRaftLogWorker.java:lambda$new$0(128)) - 879d7b51-a7a6-44a4-b331-6899e2b0e1b1@group-AB7CF894CEDC-SegmentedRaftLogWorker: flushIndex: setUnconditionally 0 -> -1
2019-10-03 02:15:14,481 [pool-127-thread-1] INFO  server.RaftServerConfigKeys (ConfUtils.java:logGet(43)) - raft.server.log.segment.size.max = 1048576 (custom)
2019-10-03 02:15:14,481 [pool-147-thread-1] INFO  server.RaftServerConfigKeys (ConfUtils.java:logGet(43)) - raft.server.log.segment.size.max = 1048576 (custom)
2019-10-03 02:15:14,481 [pool-137-thread-1] INFO  server.RaftServerConfigKeys (ConfUtils.java:logGet(43)) - raft.server.snapshot.auto.trigger.enabled = true (custom)
2019-10-03 02:15:14,481 [pool-127-thread-1] INFO  server.RaftServerConfigKeys (ConfUtils.java:logGet(43)) - raft.server.log.preallocated.size = 16384 (custom)
2019-10-03 02:15:14,482 [pool-137-thread-1] INFO  server.RaftServerConfigKeys (ConfUtils.java:logGet(43)) - raft.server.snapshot.auto.trigger.threshold = 10000 (custom)
2019-10-03 02:15:14,482 [pool-147-thread-1] INFO  server.RaftServerConfigKeys (ConfUtils.java:logGet(43)) - raft.server.log.preallocated.size = 16384 (custom)
2019-10-03 02:15:14,482 [pool-137-thread-1] INFO  server.RaftServerConfigKeys (ConfUtils.java:logGet(43)) - raft.server.snapshot.retention.file.num = 5 (custom)
2019-10-03 02:15:14,482 [pool-127-thread-1] INFO  server.RaftServerConfigKeys (ConfUtils.java:logGet(43)) - raft.server.log.write.buffer.size = 33554432 (custom)
2019-10-03 02:15:14,482 [pool-147-thread-1] INFO  server.RaftServerConfigKeys (ConfUtils.java:logGet(43)) - raft.server.log.write.buffer.size = 33554432 (custom)
2019-10-03 02:15:14,482 [pool-137-thread-1] INFO  server.RaftServerConfigKeys (ConfUtils.java:logGet(43)) - raft.server.retrycache.expirytime = 600000ms (custom)
2019-10-03 02:15:14,482 [pool-127-thread-1] INFO  server.RaftServerConfigKeys (ConfUtils.java:logGet(43)) - raft.server.log.force.sync.num = 128 (default)
2019-10-03 02:15:14,482 [pool-147-thread-1] INFO  server.RaftServerConfigKeys (ConfUtils.java:logGet(43)) - raft.server.log.force.sync.num = 128 (default)
2019-10-03 02:15:14,483 [pool-127-thread-1] INFO  server.RaftServerConfigKeys (ConfUtils.java:logGet(43)) - raft.server.log.statemachine.data.sync = true (default)
2019-10-03 02:15:14,483 [pool-147-thread-1] INFO  server.RaftServerConfigKeys (ConfUtils.java:logGet(43)) - raft.server.log.statemachine.data.sync = true (default)
2019-10-03 02:15:14,483 [pool-127-thread-1] INFO  server.RaftServerConfigKeys (ConfUtils.java:logGet(43)) - raft.server.log.statemachine.data.sync.timeout = 10s (default)
2019-10-03 02:15:14,483 [pool-147-thread-1] INFO  server.RaftServerConfigKeys (ConfUtils.java:logGet(43)) - raft.server.log.statemachine.data.sync.timeout = 10s (default)
2019-10-03 02:15:14,483 [pool-127-thread-1] INFO  server.RaftServerConfigKeys (ConfUtils.java:logGet(43)) - raft.server.log.statemachine.data.sync.timeout.retry = -1 (default)
2019-10-03 02:15:14,483 [pool-147-thread-1] INFO  server.RaftServerConfigKeys (ConfUtils.java:logGet(43)) - raft.server.log.statemachine.data.sync.timeout.retry = -1 (default)
2019-10-03 02:15:14,484 [pool-127-thread-1] INFO  server.RaftServerConfigKeys (ConfUtils.java:logGet(43)) - raft.server.log.statemachine.data.caching.enabled = true (custom)
2019-10-03 02:15:14,484 [pool-147-thread-1] INFO  server.RaftServerConfigKeys (ConfUtils.java:logGet(43)) - raft.server.log.statemachine.data.caching.enabled = true (custom)
2019-10-03 02:15:14,484 [pool-127-thread-1] INFO  segmented.SegmentedRaftLogWorker (SegmentedRaftLogWorker.java:lambda$new$0(128)) - a9ba3a12-e899-44aa-94f5-c4ebe24e67b6@group-AB7CF894CEDC-SegmentedRaftLogWorker: flushIndex: setUnconditionally 0 -> -1
2019-10-03 02:15:14,484 [pool-127-thread-1] INFO  server.RaftServerConfigKeys (ConfUtils.java:logGet(43)) - raft.server.snapshot.auto.trigger.enabled = true (custom)
2019-10-03 02:15:14,484 [pool-147-thread-1] INFO  segmented.SegmentedRaftLogWorker (SegmentedRaftLogWorker.java:lambda$new$0(128)) - b2d63d03-1a37-48bd-acd4-f0bd9db4b6cb@group-AB7CF894CEDC-SegmentedRaftLogWorker: flushIndex: setUnconditionally 0 -> -1
2019-10-03 02:15:14,484 [pool-127-thread-1] INFO  server.RaftServerConfigKeys (ConfUtils.java:logGet(43)) - raft.server.snapshot.auto.trigger.threshold = 10000 (custom)
2019-10-03 02:15:14,485 [pool-127-thread-1] INFO  server.RaftServerConfigKeys (ConfUtils.java:logGet(43)) - raft.server.snapshot.retention.file.num = 5 (custom)
2019-10-03 02:15:14,485 [pool-147-thread-1] INFO  server.RaftServerConfigKeys (ConfUtils.java:logGet(43)) - raft.server.snapshot.auto.trigger.enabled = true (custom)
2019-10-03 02:15:14,485 [pool-127-thread-1] INFO  server.RaftServerConfigKeys (ConfUtils.java:logGet(43)) - raft.server.retrycache.expirytime = 600000ms (custom)
2019-10-03 02:15:14,485 [pool-147-thread-1] INFO  server.RaftServerConfigKeys (ConfUtils.java:logGet(43)) - raft.server.snapshot.auto.trigger.threshold = 10000 (custom)
2019-10-03 02:15:14,485 [pool-147-thread-1] INFO  server.RaftServerConfigKeys (ConfUtils.java:logGet(43)) - raft.server.snapshot.retention.file.num = 5 (custom)
2019-10-03 02:15:14,485 [pool-147-thread-1] INFO  server.RaftServerConfigKeys (ConfUtils.java:logGet(43)) - raft.server.retrycache.expirytime = 600000ms (custom)
2019-10-03 02:15:14,486 [pool-137-thread-1] INFO  impl.RaftServerImpl (RaftServerImpl.java:start(181)) - 879d7b51-a7a6-44a4-b331-6899e2b0e1b1@group-AB7CF894CEDC: start as a follower, conf=-1: [b2d63d03-1a37-48bd-acd4-f0bd9db4b6cb:192.168.164.205:38263, 879d7b51-a7a6-44a4-b331-6899e2b0e1b1:192.168.164.205:38822, a9ba3a12-e899-44aa-94f5-c4ebe24e67b6:192.168.164.205:33608], old=null
2019-10-03 02:15:14,486 [pool-137-thread-1] INFO  impl.RaftServerImpl (RaftServerImpl.java:setRole(170)) - 879d7b51-a7a6-44a4-b331-6899e2b0e1b1@group-AB7CF894CEDC: changes role from      null to FOLLOWER at term 0 for startAsFollower
2019-10-03 02:15:14,486 [pool-137-thread-1] INFO  impl.RoleInfo (RoleInfo.java:updateAndGet(143)) - 879d7b51-a7a6-44a4-b331-6899e2b0e1b1: start FollowerState
2019-10-03 02:15:14,487 [pool-137-thread-1] INFO  util.JmxRegister (JmxRegister.java:tryRegister(44)) - Successfully registered JMX Bean with object name Ratis:service=RaftServer,group=group-AB7CF894CEDC,id=879d7b51-a7a6-44a4-b331-6899e2b0e1b1
2019-10-03 02:15:14,487 [pool-127-thread-1] INFO  impl.RaftServerImpl (RaftServerImpl.java:start(181)) - a9ba3a12-e899-44aa-94f5-c4ebe24e67b6@group-AB7CF894CEDC: start as a follower, conf=-1: [b2d63d03-1a37-48bd-acd4-f0bd9db4b6cb:192.168.164.205:38263, 879d7b51-a7a6-44a4-b331-6899e2b0e1b1:192.168.164.205:38822, a9ba3a12-e899-44aa-94f5-c4ebe24e67b6:192.168.164.205:33608], old=null
2019-10-03 02:15:14,487 [pool-127-thread-1] INFO  impl.RaftServerImpl (RaftServerImpl.java:setRole(170)) - a9ba3a12-e899-44aa-94f5-c4ebe24e67b6@group-AB7CF894CEDC: changes role from      null to FOLLOWER at term 0 for startAsFollower
2019-10-03 02:15:14,487 [pool-127-thread-1] INFO  impl.RoleInfo (RoleInfo.java:updateAndGet(143)) - a9ba3a12-e899-44aa-94f5-c4ebe24e67b6: start FollowerState
2019-10-03 02:15:14,488 [pool-127-thread-1] INFO  util.JmxRegister (JmxRegister.java:tryRegister(44)) - Successfully registered JMX Bean with object name Ratis:service=RaftServer,group=group-AB7CF894CEDC,id=a9ba3a12-e899-44aa-94f5-c4ebe24e67b6
2019-10-03 02:15:14,489 [pool-147-thread-1] INFO  impl.RaftServerImpl (RaftServerImpl.java:start(181)) - b2d63d03-1a37-48bd-acd4-f0bd9db4b6cb@group-AB7CF894CEDC: start as a follower, conf=-1: [b2d63d03-1a37-48bd-acd4-f0bd9db4b6cb:192.168.164.205:38263, 879d7b51-a7a6-44a4-b331-6899e2b0e1b1:192.168.164.205:38822, a9ba3a12-e899-44aa-94f5-c4ebe24e67b6:192.168.164.205:33608], old=null
2019-10-03 02:15:14,489 [pool-147-thread-1] INFO  impl.RaftServerImpl (RaftServerImpl.java:setRole(170)) - b2d63d03-1a37-48bd-acd4-f0bd9db4b6cb@group-AB7CF894CEDC: changes role from      null to FOLLOWER at term 0 for startAsFollower
2019-10-03 02:15:14,490 [pool-147-thread-1] INFO  impl.RoleInfo (RoleInfo.java:updateAndGet(143)) - b2d63d03-1a37-48bd-acd4-f0bd9db4b6cb: start FollowerState
2019-10-03 02:15:14,490 [pool-147-thread-1] INFO  util.JmxRegister (JmxRegister.java:tryRegister(44)) - Successfully registered JMX Bean with object name Ratis:service=RaftServer,group=group-AB7CF894CEDC,id=b2d63d03-1a37-48bd-acd4-f0bd9db4b6cb
2019-10-03 02:15:14,504 [RatisPipelineUtilsThread] INFO  pipeline.PipelineStateManager (PipelineStateManager.java:addPipeline(56)) - Created pipeline Pipeline[ Id: 2bd01edd-cc6e-4aa3-8af7-ab7cf894cedc, Nodes: 879d7b51-a7a6-44a4-b331-6899e2b0e1b1{ip: 192.168.164.205, host: pr-hdds-1737-89jld-2007629010, networkLocation: /default-rack, certSerialId: null}b2d63d03-1a37-48bd-acd4-f0bd9db4b6cb{ip: 192.168.164.205, host: pr-hdds-1737-89jld-2007629010, networkLocation: /default-rack, certSerialId: null}a9ba3a12-e899-44aa-94f5-c4ebe24e67b6{ip: 192.168.164.205, host: pr-hdds-1737-89jld-2007629010, networkLocation: /default-rack, certSerialId: null}, Type:RATIS, Factor:THREE, State:OPEN]
2019-10-03 02:15:15,354 [Thread-439] INFO  ozone.MiniOzoneClusterImpl (MiniOzoneClusterImpl.java:lambda$waitForClusterToBeReady$0(147)) - Cluster is ready. Got 3 of 3 DN Heartbeats.
2019-10-03 02:15:15,405 [Thread-439] INFO  rpc.RpcClient (RpcClient.java:createVolume(276)) - Creating Volume: volume44185, with user32112 as owner.
2019-10-03 02:15:15,409 [IPC Server handler 0 on 45059] INFO  volume.OMVolumeCreateRequest (OMVolumeCreateRequest.java:validateAndUpdateCache(194)) - created volume:volume44185 for user:user32112
2019-10-03 02:15:15,425 [Thread-439] INFO  rpc.RpcClient (RpcClient.java:createBucket(415)) - Creating Bucket: volume44185/bucket17961, with Versioning false and Storage Type set to DISK and Encryption set to false 
02:15:15.465 [IPC Server handler 9 on 45059] ERROR OMAudit - user=jenkins1000 | ip=127.0.0.1 | op=CREATE_DIRECTORY {volume=volume44185, bucket=bucket17961, key=dir1/dir11/dir111, dataSize=0, replicationType=RATIS, replicationFactor=ONE, keyLocationInfo=[]} | ret=FAILURE
org.apache.hadoop.ozone.om.exceptions.OMException: Volume not found volume44185
	at org.apache.hadoop.ozone.om.request.file.OMDirectoryCreateRequest.validateAndUpdateCache(OMDirectoryCreateRequest.java:146) ~[hadoop-ozone-ozone-manager-0.5.0-SNAPSHOT.jar:?]
	at org.apache.hadoop.ozone.protocolPB.OzoneManagerProtocolServerSideTranslatorPB.submitRequestDirectlyToOM(OzoneManagerProtocolServerSideTranslatorPB.java:219) ~[hadoop-ozone-ozone-manager-0.5.0-SNAPSHOT.jar:?]
	at org.apache.hadoop.ozone.protocolPB.OzoneManagerProtocolServerSideTranslatorPB.processRequest(OzoneManagerProtocolServerSideTranslatorPB.java:134) ~[hadoop-ozone-ozone-manager-0.5.0-SNAPSHOT.jar:?]
	at org.apache.hadoop.hdds.server.OzoneProtocolMessageDispatcher.processRequest(OzoneProtocolMessageDispatcher.java:72) [hadoop-hdds-server-framework-0.5.0-SNAPSHOT.jar:?]
	at org.apache.hadoop.ozone.protocolPB.OzoneManagerProtocolServerSideTranslatorPB.submitRequest(OzoneManagerProtocolServerSideTranslatorPB.java:100) [hadoop-ozone-ozone-manager-0.5.0-SNAPSHOT.jar:?]
	at org.apache.hadoop.ozone.protocol.proto.OzoneManagerProtocolProtos$OzoneManagerService$2.callBlockingMethod(OzoneManagerProtocolProtos.java) [hadoop-ozone-common-0.5.0-SNAPSHOT.jar:?]
	at org.apache.hadoop.ipc.ProtobufRpcEngine$Server$ProtoBufRpcInvoker.call(ProtobufRpcEngine.java:524) [hadoop-common-3.2.0.jar:?]
	at org.apache.hadoop.ipc.RPC$Server.call(RPC.java:1025) [hadoop-common-3.2.0.jar:?]
	at org.apache.hadoop.ipc.Server$RpcCall.run(Server.java:876) [hadoop-common-3.2.0.jar:?]
	at org.apache.hadoop.ipc.Server$RpcCall.run(Server.java:822) [hadoop-common-3.2.0.jar:?]
	at java.security.AccessController.doPrivileged(Native Method) [?:1.8.0_212]
	at javax.security.auth.Subject.doAs(Subject.java:422) [?:1.8.0_212]
	at org.apache.hadoop.security.UserGroupInformation.doAs(UserGroupInformation.java:1730) [hadoop-common-3.2.0.jar:?]
	at org.apache.hadoop.ipc.Server$Handler.run(Server.java:2682) [hadoop-common-3.2.0.jar:?]
2019-10-03 02:15:15,466 [IPC Server handler 9 on 45059] ERROR file.OMDirectoryCreateRequest (OMDirectoryCreateRequest.java:validateAndUpdateCache(212)) - CreateDirectory failed for Key: dir1/dir11/dir111 in volume/bucket:volume44185/bucket17961
VOLUME_NOT_FOUND org.apache.hadoop.ozone.om.exceptions.OMException: Volume not found volume44185
	at org.apache.hadoop.ozone.om.request.file.OMDirectoryCreateRequest.validateAndUpdateCache(OMDirectoryCreateRequest.java:146)
	at org.apache.hadoop.ozone.protocolPB.OzoneManagerProtocolServerSideTranslatorPB.submitRequestDirectlyToOM(OzoneManagerProtocolServerSideTranslatorPB.java:219)
	at org.apache.hadoop.ozone.protocolPB.OzoneManagerProtocolServerSideTranslatorPB.processRequest(OzoneManagerProtocolServerSideTranslatorPB.java:134)
	at org.apache.hadoop.hdds.server.OzoneProtocolMessageDispatcher.processRequest(OzoneProtocolMessageDispatcher.java:72)
	at org.apache.hadoop.ozone.protocolPB.OzoneManagerProtocolServerSideTranslatorPB.submitRequest(OzoneManagerProtocolServerSideTranslatorPB.java:100)
	at org.apache.hadoop.ozone.protocol.proto.OzoneManagerProtocolProtos$OzoneManagerService$2.callBlockingMethod(OzoneManagerProtocolProtos.java)
	at org.apache.hadoop.ipc.ProtobufRpcEngine$Server$ProtoBufRpcInvoker.call(ProtobufRpcEngine.java:524)
	at org.apache.hadoop.ipc.RPC$Server.call(RPC.java:1025)
	at org.apache.hadoop.ipc.Server$RpcCall.run(Server.java:876)
	at org.apache.hadoop.ipc.Server$RpcCall.run(Server.java:822)
	at java.security.AccessController.doPrivileged(Native Method)
	at javax.security.auth.Subject.doAs(Subject.java:422)
	at org.apache.hadoop.security.UserGroupInformation.doAs(UserGroupInformation.java:1730)
	at org.apache.hadoop.ipc.Server$Handler.run(Server.java:2682)
2019-10-03 02:15:15,469 [Thread-439] INFO  ozone.MiniOzoneClusterImpl (MiniOzoneClusterImpl.java:shutdown(314)) - Shutting down the Mini Ozone Cluster
2019-10-03 02:15:15,469 [Thread-439] INFO  ozone.MiniOzoneClusterImpl (MiniOzoneClusterImpl.java:stop(330)) - Stopping the Mini Ozone Cluster
2019-10-03 02:15:15,469 [Thread-439] INFO  ozone.MiniOzoneClusterImpl (MiniOzoneClusterImpl.java:stopOM(400)) - Stopping the OzoneManager
2019-10-03 02:15:15,469 [Thread-439] INFO  ipc.Server (Server.java:stop(3082)) - Stopping server on 45059
2019-10-03 02:15:15,473 [Thread-439] INFO  ratis.OzoneManagerDoubleBuffer (OzoneManagerDoubleBuffer.java:stop(248)) - Stopping OMDoubleBuffer flush thread
2019-10-03 02:15:15,473 [IPC Server listener on 45059] INFO  ipc.Server (Server.java:run(1185)) - Stopping IPC Server listener on 45059
2019-10-03 02:15:15,473 [IPC Server Responder] INFO  ipc.Server (Server.java:run(1319)) - Stopping IPC Server Responder
2019-10-03 02:15:15,475 [OMDoubleBufferFlushThread] INFO  ratis.OzoneManagerDoubleBuffer (OzoneManagerDoubleBuffer.java:flushTransactions(191)) - OMDoubleBuffer flush thread OMDoubleBufferFlushThread is interrupted and will exit. OMDoubleBufferFlushThread
2019-10-03 02:15:15,476 [Thread-439] INFO  utils.BackgroundService (BackgroundService.java:shutdown(148)) - Shutting down service KeyDeletingService
2019-10-03 02:15:15,478 [Thread-439] INFO  handler.ContextHandler (ContextHandler.java:doStop(910)) - Stopped o.e.j.w.WebAppContext@1910bd73{/,null,UNAVAILABLE}{/ozoneManager}
2019-10-03 02:15:15,479 [Thread-439] INFO  server.AbstractConnector (AbstractConnector.java:doStop(318)) - Stopped ServerConnector@cc0510b{HTTP/1.1,[http/1.1]}{0.0.0.0:0}
2019-10-03 02:15:15,479 [Thread-439] INFO  handler.ContextHandler (ContextHandler.java:doStop(910)) - Stopped o.e.j.s.ServletContextHandler@fd4a52b{/static,jar:file:/home/user/.m2/repository/org/apache/hadoop/hadoop-ozone-ozone-manager/0.5.0-SNAPSHOT/hadoop-ozone-ozone-manager-0.5.0-SNAPSHOT.jar!/webapps/static,UNAVAILABLE}
2019-10-03 02:15:15,480 [Thread-439] INFO  handler.ContextHandler (ContextHandler.java:doStop(910)) - Stopped o.e.j.s.ServletContextHandler@4328618e{/logs,file:///workdir/hadoop-ozone/ozonefs/target/log,UNAVAILABLE}
2019-10-03 02:15:15,482 [Thread-439] INFO  ozone.MiniOzoneClusterImpl (MiniOzoneClusterImpl.java:stopDatanodes(377)) - Stopping the HddsDatanodes
2019-10-03 02:15:16,198 [Datanode State Machine Thread - 0] INFO  statemachine.DatanodeStateMachine (DatanodeStateMachine.java:lambda$startDaemon$0(350)) - Ozone container server started.
2019-10-03 02:15:16,278 [Datanode State Machine Thread - 0] INFO  statemachine.DatanodeStateMachine (DatanodeStateMachine.java:lambda$startDaemon$0(350)) - Ozone container server started.
2019-10-03 02:15:17,209 [Thread-611] INFO  container.ReplicationManager (ReplicationManager.java:start(162)) - Starting Replication Monitor Thread.
2019-10-03 02:15:17,213 [ReplicationMonitor] INFO  container.ReplicationManager (ReplicationManager.java:run(225)) - Replication Monitor Thread took 0 milliseconds for processing 0 containers.
2019-10-03 02:15:19,386 [Thread-616] INFO  impl.FollowerState (FollowerState.java:run(108)) - 879d7b51-a7a6-44a4-b331-6899e2b0e1b1@group-7EDCDAF581E9-FollowerState: change to CANDIDATE, lastRpcTime:5061ms, electionTimeout:5061ms
2019-10-03 02:15:19,386 [Thread-616] INFO  impl.RoleInfo (RoleInfo.java:shutdownFollowerState(121)) - 879d7b51-a7a6-44a4-b331-6899e2b0e1b1: shutdown FollowerState
2019-10-03 02:15:19,386 [Thread-616] INFO  impl.RaftServerImpl (RaftServerImpl.java:setRole(170)) - 879d7b51-a7a6-44a4-b331-6899e2b0e1b1@group-7EDCDAF581E9: changes role from  FOLLOWER to CANDIDATE at term 0 for changeToCandidate
2019-10-03 02:15:19,387 [Thread-616] INFO  impl.RoleInfo (RoleInfo.java:updateAndGet(143)) - 879d7b51-a7a6-44a4-b331-6899e2b0e1b1: start LeaderElection
2019-10-03 02:15:19,426 [879d7b51-a7a6-44a4-b331-6899e2b0e1b1@group-7EDCDAF581E9-LeaderElection9] INFO  impl.LeaderElection (LeaderElection.java:askForVotes(178)) - 879d7b51-a7a6-44a4-b331-6899e2b0e1b1@group-7EDCDAF581E9-LeaderElection9: begin an election at term 1 for -1: [879d7b51-a7a6-44a4-b331-6899e2b0e1b1:192.168.164.205:38822], old=null
2019-10-03 02:15:19,427 [879d7b51-a7a6-44a4-b331-6899e2b0e1b1@group-7EDCDAF581E9-LeaderElection9] INFO  impl.RoleInfo (RoleInfo.java:shutdownLeaderElection(134)) - 879d7b51-a7a6-44a4-b331-6899e2b0e1b1: shutdown LeaderElection
2019-10-03 02:15:19,427 [879d7b51-a7a6-44a4-b331-6899e2b0e1b1@group-7EDCDAF581E9-LeaderElection9] INFO  impl.RaftServerImpl (RaftServerImpl.java:setRole(170)) - 879d7b51-a7a6-44a4-b331-6899e2b0e1b1@group-7EDCDAF581E9: changes role from CANDIDATE to LEADER at term 1 for changeToLeader
2019-10-03 02:15:19,427 [879d7b51-a7a6-44a4-b331-6899e2b0e1b1@group-7EDCDAF581E9-LeaderElection9] INFO  impl.RaftServerImpl (ServerState.java:setLeader(255)) - 879d7b51-a7a6-44a4-b331-6899e2b0e1b1@group-7EDCDAF581E9: change Leader from null to 879d7b51-a7a6-44a4-b331-6899e2b0e1b1 at term 1 for becomeLeader, leader elected after 5108ms
2019-10-03 02:15:19,427 [879d7b51-a7a6-44a4-b331-6899e2b0e1b1@group-7EDCDAF581E9-LeaderElection9] INFO  server.RaftServerConfigKeys (ConfUtils.java:logGet(43)) - raft.server.staging.catchup.gap = 1000 (default)
2019-10-03 02:15:19,427 [879d7b51-a7a6-44a4-b331-6899e2b0e1b1@group-7EDCDAF581E9-LeaderElection9] INFO  server.RaftServerConfigKeys (ConfUtils.java:logGet(43)) - raft.server.rpc.sleep.time = 25ms (default)
2019-10-03 02:15:19,428 [879d7b51-a7a6-44a4-b331-6899e2b0e1b1@group-7EDCDAF581E9-LeaderElection9] INFO  server.RaftServerConfigKeys (ConfUtils.java:logGet(43)) - raft.server.write.element-limit = 4096 (default)
2019-10-03 02:15:19,428 [879d7b51-a7a6-44a4-b331-6899e2b0e1b1@group-7EDCDAF581E9-LeaderElection9] INFO  server.RaftServerConfigKeys (ConfUtils.java:logGet(43)) - raft.server.watch.timeout = 10s (default)
2019-10-03 02:15:19,428 [879d7b51-a7a6-44a4-b331-6899e2b0e1b1@group-7EDCDAF581E9-LeaderElection9] INFO  server.RaftServerConfigKeys (ConfUtils.java:logGet(43)) - raft.server.watch.timeout.denomination = 1s (default)
2019-10-03 02:15:19,428 [879d7b51-a7a6-44a4-b331-6899e2b0e1b1@group-7EDCDAF581E9-LeaderElection9] INFO  server.RaftServerConfigKeys (ConfUtils.java:logGet(43)) - raft.server.watch.element-limit = 65536 (default)
2019-10-03 02:15:19,432 [879d7b51-a7a6-44a4-b331-6899e2b0e1b1@group-7EDCDAF581E9-LeaderElection9] INFO  impl.RoleInfo (RoleInfo.java:updateAndGet(143)) - 879d7b51-a7a6-44a4-b331-6899e2b0e1b1: start LeaderState
2019-10-03 02:15:19,433 [879d7b51-a7a6-44a4-b331-6899e2b0e1b1@group-7EDCDAF581E9-LeaderElection9] INFO  segmented.SegmentedRaftLogWorker (SegmentedRaftLogWorker.java:startLogSegment(385)) - 879d7b51-a7a6-44a4-b331-6899e2b0e1b1@group-7EDCDAF581E9-SegmentedRaftLogWorker: Starting segment from index:0
2019-10-03 02:15:19,433 [879d7b51-a7a6-44a4-b331-6899e2b0e1b1@group-7EDCDAF581E9-LeaderElection9] INFO  impl.RaftServerImpl (ServerState.java:setRaftConf(356)) - 879d7b51-a7a6-44a4-b331-6899e2b0e1b1@group-7EDCDAF581E9: set configuration 0: [879d7b51-a7a6-44a4-b331-6899e2b0e1b1:192.168.164.205:38822], old=null at 0
2019-10-03 02:15:19,469 [Thread-613] INFO  impl.FollowerState (FollowerState.java:run(108)) - a9ba3a12-e899-44aa-94f5-c4ebe24e67b6@group-7B2E464DC6FE-FollowerState: change to CANDIDATE, lastRpcTime:5204ms, electionTimeout:5182ms
2019-10-03 02:15:19,469 [Thread-619] INFO  impl.FollowerState (FollowerState.java:run(108)) - b2d63d03-1a37-48bd-acd4-f0bd9db4b6cb@group-FD6D978EAD89-FollowerState: change to CANDIDATE, lastRpcTime:5067ms, electionTimeout:5053ms
2019-10-03 02:15:19,469 [Thread-613] INFO  impl.RoleInfo (RoleInfo.java:shutdownFollowerState(121)) - a9ba3a12-e899-44aa-94f5-c4ebe24e67b6: shutdown FollowerState
2019-10-03 02:15:19,469 [Thread-619] INFO  impl.RoleInfo (RoleInfo.java:shutdownFollowerState(121)) - b2d63d03-1a37-48bd-acd4-f0bd9db4b6cb: shutdown FollowerState
2019-10-03 02:15:19,469 [Thread-613] INFO  impl.RaftServerImpl (RaftServerImpl.java:setRole(170)) - a9ba3a12-e899-44aa-94f5-c4ebe24e67b6@group-7B2E464DC6FE: changes role from  FOLLOWER to CANDIDATE at term 0 for changeToCandidate
2019-10-03 02:15:19,469 [Thread-619] INFO  impl.RaftServerImpl (RaftServerImpl.java:setRole(170)) - b2d63d03-1a37-48bd-acd4-f0bd9db4b6cb@group-FD6D978EAD89: changes role from  FOLLOWER to CANDIDATE at term 0 for changeToCandidate
2019-10-03 02:15:19,470 [Thread-613] INFO  impl.RoleInfo (RoleInfo.java:updateAndGet(143)) - a9ba3a12-e899-44aa-94f5-c4ebe24e67b6: start LeaderElection
2019-10-03 02:15:19,470 [Thread-619] INFO  impl.RoleInfo (RoleInfo.java:updateAndGet(143)) - b2d63d03-1a37-48bd-acd4-f0bd9db4b6cb: start LeaderElection
2019-10-03 02:15:19,481 [879d7b51-a7a6-44a4-b331-6899e2b0e1b1@group-7EDCDAF581E9-SegmentedRaftLogWorker] INFO  segmented.SegmentedRaftLogWorker (SegmentedRaftLogWorker.java:execute(574)) - 879d7b51-a7a6-44a4-b331-6899e2b0e1b1@group-7EDCDAF581E9-SegmentedRaftLogWorker: created new log segment /workdir/hadoop-ozone/ozonefs/target/test-dir/MiniOzoneClusterImpl-62b8ca40-b77f-473e-90e4-dff00127bbe7/datanode-1/data/ratis/c055ef57-e33a-4ab8-a889-7edcdaf581e9/current/log_inprogress_0
2019-10-03 02:15:19,481 [b2d63d03-1a37-48bd-acd4-f0bd9db4b6cb@group-FD6D978EAD89-LeaderElection11] INFO  impl.LeaderElection (LeaderElection.java:askForVotes(178)) - b2d63d03-1a37-48bd-acd4-f0bd9db4b6cb@group-FD6D978EAD89-LeaderElection11: begin an election at term 1 for -1: [b2d63d03-1a37-48bd-acd4-f0bd9db4b6cb:192.168.164.205:38263], old=null
2019-10-03 02:15:19,481 [a9ba3a12-e899-44aa-94f5-c4ebe24e67b6@group-7B2E464DC6FE-LeaderElection10] INFO  impl.LeaderElection (LeaderElection.java:askForVotes(178)) - a9ba3a12-e899-44aa-94f5-c4ebe24e67b6@group-7B2E464DC6FE-LeaderElection10: begin an election at term 1 for -1: [a9ba3a12-e899-44aa-94f5-c4ebe24e67b6:192.168.164.205:33608], old=null
2019-10-03 02:15:19,482 [b2d63d03-1a37-48bd-acd4-f0bd9db4b6cb@group-FD6D978EAD89-LeaderElection11] INFO  impl.RoleInfo (RoleInfo.java:shutdownLeaderElection(134)) - b2d63d03-1a37-48bd-acd4-f0bd9db4b6cb: shutdown LeaderElection
2019-10-03 02:15:19,482 [a9ba3a12-e899-44aa-94f5-c4ebe24e67b6@group-7B2E464DC6FE-LeaderElection10] INFO  impl.RoleInfo (RoleInfo.java:shutdownLeaderElection(134)) - a9ba3a12-e899-44aa-94f5-c4ebe24e67b6: shutdown LeaderElection
2019-10-03 02:15:19,482 [b2d63d03-1a37-48bd-acd4-f0bd9db4b6cb@group-FD6D978EAD89-LeaderElection11] INFO  impl.RaftServerImpl (RaftServerImpl.java:setRole(170)) - b2d63d03-1a37-48bd-acd4-f0bd9db4b6cb@group-FD6D978EAD89: changes role from CANDIDATE to LEADER at term 1 for changeToLeader
2019-10-03 02:15:19,482 [a9ba3a12-e899-44aa-94f5-c4ebe24e67b6@group-7B2E464DC6FE-LeaderElection10] INFO  impl.RaftServerImpl (RaftServerImpl.java:setRole(170)) - a9ba3a12-e899-44aa-94f5-c4ebe24e67b6@group-7B2E464DC6FE: changes role from CANDIDATE to LEADER at term 1 for changeToLeader
2019-10-03 02:15:19,482 [b2d63d03-1a37-48bd-acd4-f0bd9db4b6cb@group-FD6D978EAD89-LeaderElection11] INFO  impl.RaftServerImpl (ServerState.java:setLeader(255)) - b2d63d03-1a37-48bd-acd4-f0bd9db4b6cb@group-FD6D978EAD89: change Leader from null to b2d63d03-1a37-48bd-acd4-f0bd9db4b6cb at term 1 for becomeLeader, leader elected after 5087ms
2019-10-03 02:15:19,482 [a9ba3a12-e899-44aa-94f5-c4ebe24e67b6@group-7B2E464DC6FE-LeaderElection10] INFO  impl.RaftServerImpl (ServerState.java:setLeader(255)) - a9ba3a12-e899-44aa-94f5-c4ebe24e67b6@group-7B2E464DC6FE: change Leader from null to a9ba3a12-e899-44aa-94f5-c4ebe24e67b6 at term 1 for becomeLeader, leader elected after 5229ms
2019-10-03 02:15:19,483 [b2d63d03-1a37-48bd-acd4-f0bd9db4b6cb@group-FD6D978EAD89-LeaderElection11] INFO  server.RaftServerConfigKeys (ConfUtils.java:logGet(43)) - raft.server.staging.catchup.gap = 1000 (default)
2019-10-03 02:15:19,483 [a9ba3a12-e899-44aa-94f5-c4ebe24e67b6@group-7B2E464DC6FE-LeaderElection10] INFO  server.RaftServerConfigKeys (ConfUtils.java:logGet(43)) - raft.server.staging.catchup.gap = 1000 (default)
2019-10-03 02:15:19,483 [b2d63d03-1a37-48bd-acd4-f0bd9db4b6cb@group-FD6D978EAD89-LeaderElection11] INFO  server.RaftServerConfigKeys (ConfUtils.java:logGet(43)) - raft.server.rpc.sleep.time = 25ms (default)
2019-10-03 02:15:19,483 [a9ba3a12-e899-44aa-94f5-c4ebe24e67b6@group-7B2E464DC6FE-LeaderElection10] INFO  server.RaftServerConfigKeys (ConfUtils.java:logGet(43)) - raft.server.rpc.sleep.time = 25ms (default)
2019-10-03 02:15:19,483 [b2d63d03-1a37-48bd-acd4-f0bd9db4b6cb@group-FD6D978EAD89-LeaderElection11] INFO  server.RaftServerConfigKeys (ConfUtils.java:logGet(43)) - raft.server.write.element-limit = 4096 (default)
2019-10-03 02:15:19,484 [a9ba3a12-e899-44aa-94f5-c4ebe24e67b6@group-7B2E464DC6FE-LeaderElection10] INFO  server.RaftServerConfigKeys (ConfUtils.java:logGet(43)) - raft.server.write.element-limit = 4096 (default)
2019-10-03 02:15:19,484 [b2d63d03-1a37-48bd-acd4-f0bd9db4b6cb@group-FD6D978EAD89-LeaderElection11] INFO  server.RaftServerConfigKeys (ConfUtils.java:logGet(43)) - raft.server.watch.timeout = 10s (default)
2019-10-03 02:15:19,484 [a9ba3a12-e899-44aa-94f5-c4ebe24e67b6@group-7B2E464DC6FE-LeaderElection10] INFO  server.RaftServerConfigKeys (ConfUtils.java:logGet(43)) - raft.server.watch.timeout = 10s (default)
2019-10-03 02:15:19,484 [b2d63d03-1a37-48bd-acd4-f0bd9db4b6cb@group-FD6D978EAD89-LeaderElection11] INFO  server.RaftServerConfigKeys (ConfUtils.java:logGet(43)) - raft.server.watch.timeout.denomination = 1s (default)
2019-10-03 02:15:19,484 [a9ba3a12-e899-44aa-94f5-c4ebe24e67b6@group-7B2E464DC6FE-LeaderElection10] INFO  server.RaftServerConfigKeys (ConfUtils.java:logGet(43)) - raft.server.watch.timeout.denomination = 1s (default)
2019-10-03 02:15:19,484 [b2d63d03-1a37-48bd-acd4-f0bd9db4b6cb@group-FD6D978EAD89-LeaderElection11] INFO  server.RaftServerConfigKeys (ConfUtils.java:logGet(43)) - raft.server.watch.element-limit = 65536 (default)
2019-10-03 02:15:19,484 [a9ba3a12-e899-44aa-94f5-c4ebe24e67b6@group-7B2E464DC6FE-LeaderElection10] INFO  server.RaftServerConfigKeys (ConfUtils.java:logGet(43)) - raft.server.watch.element-limit = 65536 (default)
2019-10-03 02:15:19,488 [b2d63d03-1a37-48bd-acd4-f0bd9db4b6cb@group-FD6D978EAD89-LeaderElection11] INFO  impl.RoleInfo (RoleInfo.java:updateAndGet(143)) - b2d63d03-1a37-48bd-acd4-f0bd9db4b6cb: start LeaderState
2019-10-03 02:15:19,489 [a9ba3a12-e899-44aa-94f5-c4ebe24e67b6@group-7B2E464DC6FE-LeaderElection10] INFO  impl.RoleInfo (RoleInfo.java:updateAndGet(143)) - a9ba3a12-e899-44aa-94f5-c4ebe24e67b6: start LeaderState
2019-10-03 02:15:19,489 [b2d63d03-1a37-48bd-acd4-f0bd9db4b6cb@group-FD6D978EAD89-LeaderElection11] INFO  segmented.SegmentedRaftLogWorker (SegmentedRaftLogWorker.java:startLogSegment(385)) - b2d63d03-1a37-48bd-acd4-f0bd9db4b6cb@group-FD6D978EAD89-SegmentedRaftLogWorker: Starting segment from index:0
2019-10-03 02:15:19,489 [a9ba3a12-e899-44aa-94f5-c4ebe24e67b6@group-7B2E464DC6FE-LeaderElection10] INFO  segmented.SegmentedRaftLogWorker (SegmentedRaftLogWorker.java:startLogSegment(385)) - a9ba3a12-e899-44aa-94f5-c4ebe24e67b6@group-7B2E464DC6FE-SegmentedRaftLogWorker: Starting segment from index:0
2019-10-03 02:15:19,490 [b2d63d03-1a37-48bd-acd4-f0bd9db4b6cb@group-FD6D978EAD89-LeaderElection11] INFO  impl.RaftServerImpl (ServerState.java:setRaftConf(356)) - b2d63d03-1a37-48bd-acd4-f0bd9db4b6cb@group-FD6D978EAD89: set configuration 0: [b2d63d03-1a37-48bd-acd4-f0bd9db4b6cb:192.168.164.205:38263], old=null at 0
2019-10-03 02:15:19,524 [a9ba3a12-e899-44aa-94f5-c4ebe24e67b6@group-7B2E464DC6FE-LeaderElection10] INFO  impl.RaftServerImpl (ServerState.java:setRaftConf(356)) - a9ba3a12-e899-44aa-94f5-c4ebe24e67b6@group-7B2E464DC6FE: set configuration 0: [a9ba3a12-e899-44aa-94f5-c4ebe24e67b6:192.168.164.205:33608], old=null at 0
2019-10-03 02:15:19,527 [Thread-625] INFO  impl.FollowerState (FollowerState.java:run(108)) - a9ba3a12-e899-44aa-94f5-c4ebe24e67b6@group-AB7CF894CEDC-FollowerState: change to CANDIDATE, lastRpcTime:5039ms, electionTimeout:5039ms
2019-10-03 02:15:19,527 [Thread-625] INFO  impl.RoleInfo (RoleInfo.java:shutdownFollowerState(121)) - a9ba3a12-e899-44aa-94f5-c4ebe24e67b6: shutdown FollowerState
2019-10-03 02:15:19,527 [Thread-625] INFO  impl.RaftServerImpl (RaftServerImpl.java:setRole(170)) - a9ba3a12-e899-44aa-94f5-c4ebe24e67b6@group-AB7CF894CEDC: changes role from  FOLLOWER to CANDIDATE at term 0 for changeToCandidate
2019-10-03 02:15:19,527 [Thread-625] INFO  impl.RoleInfo (RoleInfo.java:updateAndGet(143)) - a9ba3a12-e899-44aa-94f5-c4ebe24e67b6: start LeaderElection
2019-10-03 02:15:19,569 [b2d63d03-1a37-48bd-acd4-f0bd9db4b6cb@group-FD6D978EAD89-SegmentedRaftLogWorker] INFO  segmented.SegmentedRaftLogWorker (SegmentedRaftLogWorker.java:execute(574)) - b2d63d03-1a37-48bd-acd4-f0bd9db4b6cb@group-FD6D978EAD89-SegmentedRaftLogWorker: created new log segment /workdir/hadoop-ozone/ozonefs/target/test-dir/MiniOzoneClusterImpl-62b8ca40-b77f-473e-90e4-dff00127bbe7/datanode-2/data/ratis/c2adf277-0047-48e1-b8a7-fd6d978ead89/current/log_inprogress_0
2019-10-03 02:15:19,580 [a9ba3a12-e899-44aa-94f5-c4ebe24e67b6@group-7B2E464DC6FE-SegmentedRaftLogWorker] INFO  segmented.SegmentedRaftLogWorker (SegmentedRaftLogWorker.java:execute(574)) - a9ba3a12-e899-44aa-94f5-c4ebe24e67b6@group-7B2E464DC6FE-SegmentedRaftLogWorker: created new log segment /workdir/hadoop-ozone/ozonefs/target/test-dir/MiniOzoneClusterImpl-62b8ca40-b77f-473e-90e4-dff00127bbe7/datanode-0/data/ratis/f6a8f48b-6223-4ff6-ab2c-7b2e464dc6fe/current/log_inprogress_0
2019-10-03 02:15:19,580 [a9ba3a12-e899-44aa-94f5-c4ebe24e67b6@group-AB7CF894CEDC-LeaderElection12] INFO  impl.LeaderElection (LeaderElection.java:askForVotes(178)) - a9ba3a12-e899-44aa-94f5-c4ebe24e67b6@group-AB7CF894CEDC-LeaderElection12: begin an election at term 1 for -1: [b2d63d03-1a37-48bd-acd4-f0bd9db4b6cb:192.168.164.205:38263, 879d7b51-a7a6-44a4-b331-6899e2b0e1b1:192.168.164.205:38822, a9ba3a12-e899-44aa-94f5-c4ebe24e67b6:192.168.164.205:33608], old=null
2019-10-03 02:15:19,598 [Thread-626] INFO  impl.FollowerState (FollowerState.java:run(108)) - b2d63d03-1a37-48bd-acd4-f0bd9db4b6cb@group-AB7CF894CEDC-FollowerState: change to CANDIDATE, lastRpcTime:5108ms, electionTimeout:5106ms
2019-10-03 02:15:19,598 [Thread-626] INFO  impl.RoleInfo (RoleInfo.java:shutdownFollowerState(121)) - b2d63d03-1a37-48bd-acd4-f0bd9db4b6cb: shutdown FollowerState
2019-10-03 02:15:19,600 [grpc-default-executor-0] INFO  impl.RaftServerImpl (RaftServerImpl.java:setRole(170)) - 879d7b51-a7a6-44a4-b331-6899e2b0e1b1@group-AB7CF894CEDC: changes role from  FOLLOWER to FOLLOWER at term 1 for recognizeCandidate:a9ba3a12-e899-44aa-94f5-c4ebe24e67b6
2019-10-03 02:15:19,601 [grpc-default-executor-0] INFO  impl.RoleInfo (RoleInfo.java:shutdownFollowerState(121)) - 879d7b51-a7a6-44a4-b331-6899e2b0e1b1: shutdown FollowerState
2019-10-03 02:15:19,600 [Thread-626] INFO  impl.RaftServerImpl (RaftServerImpl.java:setRole(170)) - b2d63d03-1a37-48bd-acd4-f0bd9db4b6cb@group-AB7CF894CEDC: changes role from  FOLLOWER to CANDIDATE at term 0 for changeToCandidate
2019-10-03 02:15:19,602 [Thread-624] INFO  impl.FollowerState (FollowerState.java:run(117)) - 879d7b51-a7a6-44a4-b331-6899e2b0e1b1@group-AB7CF894CEDC-FollowerState was interrupted: java.lang.InterruptedException: sleep interrupted
2019-10-03 02:15:19,602 [grpc-default-executor-0] INFO  impl.RoleInfo (RoleInfo.java:updateAndGet(143)) - 879d7b51-a7a6-44a4-b331-6899e2b0e1b1: start FollowerState
2019-10-03 02:15:19,602 [Thread-626] INFO  impl.RoleInfo (RoleInfo.java:updateAndGet(143)) - b2d63d03-1a37-48bd-acd4-f0bd9db4b6cb: start LeaderElection
2019-10-03 02:15:19,604 [grpc-default-executor-1] INFO  impl.RaftServerImpl (RaftServerImpl.java:setRole(170)) - b2d63d03-1a37-48bd-acd4-f0bd9db4b6cb@group-AB7CF894CEDC: changes role from CANDIDATE to FOLLOWER at term 1 for recognizeCandidate:a9ba3a12-e899-44aa-94f5-c4ebe24e67b6
2019-10-03 02:15:19,605 [grpc-default-executor-1] INFO  impl.RoleInfo (RoleInfo.java:shutdownLeaderElection(134)) - b2d63d03-1a37-48bd-acd4-f0bd9db4b6cb: shutdown LeaderElection
2019-10-03 02:15:19,605 [grpc-default-executor-1] INFO  impl.RoleInfo (RoleInfo.java:updateAndGet(143)) - b2d63d03-1a37-48bd-acd4-f0bd9db4b6cb: start FollowerState
2019-10-03 02:15:19,615 [b2d63d03-1a37-48bd-acd4-f0bd9db4b6cb@group-AB7CF894CEDC-LeaderElection13] INFO  impl.LeaderElection (LeaderElection.java:askForVotes(178)) - b2d63d03-1a37-48bd-acd4-f0bd9db4b6cb@group-AB7CF894CEDC-LeaderElection13: begin an election at term 2 for -1: [b2d63d03-1a37-48bd-acd4-f0bd9db4b6cb:192.168.164.205:38263, 879d7b51-a7a6-44a4-b331-6899e2b0e1b1:192.168.164.205:38822, a9ba3a12-e899-44aa-94f5-c4ebe24e67b6:192.168.164.205:33608], old=null
2019-10-03 02:15:19,615 [a9ba3a12-e899-44aa-94f5-c4ebe24e67b6@group-AB7CF894CEDC-LeaderElection12] INFO  impl.LeaderElection (LeaderElection.java:logAndReturn(56)) - a9ba3a12-e899-44aa-94f5-c4ebe24e67b6@group-AB7CF894CEDC-LeaderElection12: Election PASSED; received 1 response(s) [a9ba3a12-e899-44aa-94f5-c4ebe24e67b6<-879d7b51-a7a6-44a4-b331-6899e2b0e1b1#0:OK-t1] and 0 exception(s); a9ba3a12-e899-44aa-94f5-c4ebe24e67b6@group-AB7CF894CEDC:t1, leader=null, voted=a9ba3a12-e899-44aa-94f5-c4ebe24e67b6, raftlog=a9ba3a12-e899-44aa-94f5-c4ebe24e67b6@group-AB7CF894CEDC-SegmentedRaftLog:OPENED:c-1,f-1,i0, conf=-1: [b2d63d03-1a37-48bd-acd4-f0bd9db4b6cb:192.168.164.205:38263, 879d7b51-a7a6-44a4-b331-6899e2b0e1b1:192.168.164.205:38822, a9ba3a12-e899-44aa-94f5-c4ebe24e67b6:192.168.164.205:33608], old=null
2019-10-03 02:15:19,616 [a9ba3a12-e899-44aa-94f5-c4ebe24e67b6@group-AB7CF894CEDC-LeaderElection12] INFO  impl.RoleInfo (RoleInfo.java:shutdownLeaderElection(134)) - a9ba3a12-e899-44aa-94f5-c4ebe24e67b6: shutdown LeaderElection
2019-10-03 02:15:19,616 [a9ba3a12-e899-44aa-94f5-c4ebe24e67b6@group-AB7CF894CEDC-LeaderElection12] INFO  impl.RaftServerImpl (RaftServerImpl.java:setRole(170)) - a9ba3a12-e899-44aa-94f5-c4ebe24e67b6@group-AB7CF894CEDC: changes role from CANDIDATE to LEADER at term 1 for changeToLeader
2019-10-03 02:15:19,618 [a9ba3a12-e899-44aa-94f5-c4ebe24e67b6@group-AB7CF894CEDC-LeaderElection12] INFO  impl.RaftServerImpl (ServerState.java:setLeader(255)) - a9ba3a12-e899-44aa-94f5-c4ebe24e67b6@group-AB7CF894CEDC: change Leader from null to a9ba3a12-e899-44aa-94f5-c4ebe24e67b6 at term 1 for becomeLeader, leader elected after 5141ms
2019-10-03 02:15:19,618 [b2d63d03-1a37-48bd-acd4-f0bd9db4b6cb@group-AB7CF894CEDC-LeaderElection13] INFO  impl.LeaderElection (LeaderElection.java:logAndReturn(56)) - b2d63d03-1a37-48bd-acd4-f0bd9db4b6cb@group-AB7CF894CEDC-LeaderElection13: Election REJECTED; received 0 response(s) [] and 0 exception(s); b2d63d03-1a37-48bd-acd4-f0bd9db4b6cb@group-AB7CF894CEDC:t2, leader=null, voted=b2d63d03-1a37-48bd-acd4-f0bd9db4b6cb, raftlog=b2d63d03-1a37-48bd-acd4-f0bd9db4b6cb@group-AB7CF894CEDC-SegmentedRaftLog:OPENED:c-1,f-1,i0, conf=-1: [b2d63d03-1a37-48bd-acd4-f0bd9db4b6cb:192.168.164.205:38263, 879d7b51-a7a6-44a4-b331-6899e2b0e1b1:192.168.164.205:38822, a9ba3a12-e899-44aa-94f5-c4ebe24e67b6:192.168.164.205:33608], old=null
2019-10-03 02:15:19,618 [a9ba3a12-e899-44aa-94f5-c4ebe24e67b6@group-AB7CF894CEDC-LeaderElection12] INFO  server.RaftServerConfigKeys (ConfUtils.java:logGet(43)) - raft.server.staging.catchup.gap = 1000 (default)
2019-10-03 02:15:19,623 [a9ba3a12-e899-44aa-94f5-c4ebe24e67b6@group-AB7CF894CEDC-LeaderElection12] INFO  server.RaftServerConfigKeys (ConfUtils.java:logGet(43)) - raft.server.rpc.sleep.time = 25ms (default)
2019-10-03 02:15:19,625 [a9ba3a12-e899-44aa-94f5-c4ebe24e67b6@group-AB7CF894CEDC-LeaderElection12] INFO  server.RaftServerConfigKeys (ConfUtils.java:logGet(43)) - raft.server.write.element-limit = 4096 (default)
2019-10-03 02:15:19,625 [a9ba3a12-e899-44aa-94f5-c4ebe24e67b6@group-AB7CF894CEDC-LeaderElection12] INFO  server.RaftServerConfigKeys (ConfUtils.java:logGet(43)) - raft.server.watch.timeout = 10s (default)
2019-10-03 02:15:19,626 [a9ba3a12-e899-44aa-94f5-c4ebe24e67b6@group-AB7CF894CEDC-LeaderElection12] INFO  server.RaftServerConfigKeys (ConfUtils.java:logGet(43)) - raft.server.watch.timeout.denomination = 1s (default)
2019-10-03 02:15:19,626 [a9ba3a12-e899-44aa-94f5-c4ebe24e67b6@group-AB7CF894CEDC-LeaderElection12] INFO  server.RaftServerConfigKeys (ConfUtils.java:logGet(43)) - raft.server.watch.element-limit = 65536 (default)
2019-10-03 02:15:19,630 [a9ba3a12-e899-44aa-94f5-c4ebe24e67b6@group-AB7CF894CEDC-LeaderElection12] INFO  server.RaftServerConfigKeys (ConfUtils.java:logGet(43)) - raft.server.log.appender.snapshot.chunk.size.max = 16MB (=16777216) (default)
2019-10-03 02:15:19,631 [a9ba3a12-e899-44aa-94f5-c4ebe24e67b6@group-AB7CF894CEDC-LeaderElection12] INFO  server.RaftServerConfigKeys (ConfUtils.java:logGet(43)) - raft.server.log.appender.buffer.byte-limit = 33554432 (custom)
2019-10-03 02:15:19,633 [a9ba3a12-e899-44aa-94f5-c4ebe24e67b6@group-AB7CF894CEDC-LeaderElection12] INFO  server.RaftServerConfigKeys (ConfUtils.java:logGet(43)) - raft.server.log.appender.buffer.element-limit = 1 (custom)
2019-10-03 02:15:19,634 [grpc-default-executor-0] INFO  impl.RaftServerImpl (RaftServerImpl.java:setRole(170)) - 879d7b51-a7a6-44a4-b331-6899e2b0e1b1@group-AB7CF894CEDC: changes role from  FOLLOWER to FOLLOWER at term 2 for recognizeCandidate:b2d63d03-1a37-48bd-acd4-f0bd9db4b6cb
2019-10-03 02:15:19,635 [a9ba3a12-e899-44aa-94f5-c4ebe24e67b6@group-AB7CF894CEDC-LeaderElection12] INFO  grpc.GrpcConfigKeys$Server (ConfUtils.java:logGet(43)) - raft.grpc.server.leader.outstanding.appends.max = 128 (default)
2019-10-03 02:15:19,636 [grpc-default-executor-0] INFO  impl.RoleInfo (RoleInfo.java:shutdownFollowerState(121)) - 879d7b51-a7a6-44a4-b331-6899e2b0e1b1: shutdown FollowerState
2019-10-03 02:15:19,636 [a9ba3a12-e899-44aa-94f5-c4ebe24e67b6@group-AB7CF894CEDC-LeaderElection12] INFO  server.RaftServerConfigKeys (ConfUtils.java:logGet(43)) - raft.server.rpc.request.timeout = 3000ms (default)
2019-10-03 02:15:19,636 [Thread-643] INFO  impl.FollowerState (FollowerState.java:run(117)) - 879d7b51-a7a6-44a4-b331-6899e2b0e1b1@group-AB7CF894CEDC-FollowerState was interrupted: java.lang.InterruptedException: sleep interrupted
2019-10-03 02:15:19,636 [grpc-default-executor-0] INFO  impl.RoleInfo (RoleInfo.java:updateAndGet(143)) - 879d7b51-a7a6-44a4-b331-6899e2b0e1b1: start FollowerState
2019-10-03 02:15:19,636 [a9ba3a12-e899-44aa-94f5-c4ebe24e67b6@group-AB7CF894CEDC-LeaderElection12] INFO  server.RaftServerConfigKeys (ConfUtils.java:logGet(43)) - raft.server.log.appender.install.snapshot.enabled = false (custom)
2019-10-03 02:15:19,638 [a9ba3a12-e899-44aa-94f5-c4ebe24e67b6@group-AB7CF894CEDC-LeaderElection12] INFO  server.RaftServerConfigKeys (ConfUtils.java:logGet(43)) - raft.server.log.appender.snapshot.chunk.size.max = 16MB (=16777216) (default)
2019-10-03 02:15:19,639 [a9ba3a12-e899-44aa-94f5-c4ebe24e67b6@group-AB7CF894CEDC-LeaderElection12] INFO  server.RaftServerConfigKeys (ConfUtils.java:logGet(43)) - raft.server.log.appender.buffer.byte-limit = 33554432 (custom)
2019-10-03 02:15:19,639 [a9ba3a12-e899-44aa-94f5-c4ebe24e67b6@group-AB7CF894CEDC-LeaderElection12] INFO  server.RaftServerConfigKeys (ConfUtils.java:logGet(43)) - raft.server.log.appender.buffer.element-limit = 1 (custom)
2019-10-03 02:15:19,639 [a9ba3a12-e899-44aa-94f5-c4ebe24e67b6@group-AB7CF894CEDC-LeaderElection12] INFO  grpc.GrpcConfigKeys$Server (ConfUtils.java:logGet(43)) - raft.grpc.server.leader.outstanding.appends.max = 128 (default)
2019-10-03 02:15:19,640 [a9ba3a12-e899-44aa-94f5-c4ebe24e67b6@group-AB7CF894CEDC-LeaderElection12] INFO  server.RaftServerConfigKeys (ConfUtils.java:logGet(43)) - raft.server.rpc.request.timeout = 3000ms (default)
2019-10-03 02:15:19,640 [a9ba3a12-e899-44aa-94f5-c4ebe24e67b6@group-AB7CF894CEDC-LeaderElection12] INFO  server.RaftServerConfigKeys (ConfUtils.java:logGet(43)) - raft.server.log.appender.install.snapshot.enabled = false (custom)
2019-10-03 02:15:19,640 [a9ba3a12-e899-44aa-94f5-c4ebe24e67b6@group-AB7CF894CEDC-LeaderElection12] INFO  impl.RoleInfo (RoleInfo.java:updateAndGet(143)) - a9ba3a12-e899-44aa-94f5-c4ebe24e67b6: start LeaderState
2019-10-03 02:15:19,641 [a9ba3a12-e899-44aa-94f5-c4ebe24e67b6@group-AB7CF894CEDC-LeaderElection12] INFO  segmented.SegmentedRaftLogWorker (SegmentedRaftLogWorker.java:startLogSegment(385)) - a9ba3a12-e899-44aa-94f5-c4ebe24e67b6@group-AB7CF894CEDC-SegmentedRaftLogWorker: Starting segment from index:0
2019-10-03 02:15:19,642 [a9ba3a12-e899-44aa-94f5-c4ebe24e67b6@group-AB7CF894CEDC-LeaderElection12] INFO  impl.RaftServerImpl (ServerState.java:setRaftConf(356)) - a9ba3a12-e899-44aa-94f5-c4ebe24e67b6@group-AB7CF894CEDC: set configuration 0: [b2d63d03-1a37-48bd-acd4-f0bd9db4b6cb:192.168.164.205:38263, 879d7b51-a7a6-44a4-b331-6899e2b0e1b1:192.168.164.205:38822, a9ba3a12-e899-44aa-94f5-c4ebe24e67b6:192.168.164.205:33608], old=null at 0
2019-10-03 02:15:19,682 [grpc-default-executor-1] INFO  impl.RaftServerImpl (ServerState.java:setLeader(255)) - a9ba3a12-e899-44aa-94f5-c4ebe24e67b6@group-AB7CF894CEDC: change Leader from a9ba3a12-e899-44aa-94f5-c4ebe24e67b6 to null at term 2 for updateCurrentTerm
2019-10-03 02:15:19,682 [grpc-default-executor-1] INFO  impl.RaftServerImpl (RaftServerImpl.java:setRole(170)) - a9ba3a12-e899-44aa-94f5-c4ebe24e67b6@group-AB7CF894CEDC: changes role from    LEADER to FOLLOWER at term 2 for recognizeCandidate:b2d63d03-1a37-48bd-acd4-f0bd9db4b6cb
2019-10-03 02:15:19,682 [grpc-default-executor-1] INFO  impl.RoleInfo (RoleInfo.java:shutdownLeaderState(104)) - a9ba3a12-e899-44aa-94f5-c4ebe24e67b6: shutdown LeaderState
2019-10-03 02:15:19,689 [org.apache.ratis.server.impl.LogAppender$AppenderDaemon$$Lambda$441/533741322@122e220d] WARN  server.GrpcLogAppender (GrpcLogAppender.java:mayWait(143)) - a9ba3a12-e899-44aa-94f5-c4ebe24e67b6@group-AB7CF894CEDC->b2d63d03-1a37-48bd-acd4-f0bd9db4b6cb-GrpcLogAppender: Wait interrupted by java.lang.InterruptedException
2019-10-03 02:15:19,689 [grpc-default-executor-1] INFO  impl.PendingRequests (PendingRequests.java:sendNotLeaderResponses(202)) - a9ba3a12-e899-44aa-94f5-c4ebe24e67b6@group-AB7CF894CEDC-PendingRequests: sendNotLeaderResponses
2019-10-03 02:15:19,691 [org.apache.ratis.server.impl.LogAppender$AppenderDaemon$$Lambda$441/533741322@69eeb699] WARN  server.GrpcLogAppender (GrpcLogAppender.java:mayWait(143)) - a9ba3a12-e899-44aa-94f5-c4ebe24e67b6@group-AB7CF894CEDC->879d7b51-a7a6-44a4-b331-6899e2b0e1b1-GrpcLogAppender: Wait interrupted by java.lang.InterruptedException
2019-10-03 02:15:19,691 [grpc-default-executor-1] INFO  impl.RoleInfo (RoleInfo.java:updateAndGet(143)) - a9ba3a12-e899-44aa-94f5-c4ebe24e67b6: start FollowerState
2019-10-03 02:15:19,695 [a9ba3a12-e899-44aa-94f5-c4ebe24e67b6@group-AB7CF894CEDC-SegmentedRaftLogWorker] INFO  segmented.SegmentedRaftLogWorker (SegmentedRaftLogWorker.java:execute(574)) - a9ba3a12-e899-44aa-94f5-c4ebe24e67b6@group-AB7CF894CEDC-SegmentedRaftLogWorker: created new log segment /workdir/hadoop-ozone/ozonefs/target/test-dir/MiniOzoneClusterImpl-62b8ca40-b77f-473e-90e4-dff00127bbe7/datanode-0/data/ratis/2bd01edd-cc6e-4aa3-8af7-ab7cf894cedc/current/log_inprogress_0
2019-10-03 02:15:19,696 [grpc-default-executor-3] INFO  server.GrpcServerProtocolService (GrpcServerProtocolService.java:onCompleted(113)) - b2d63d03-1a37-48bd-acd4-f0bd9db4b6cb: Completed APPEND_ENTRIES, lastRequest: a9ba3a12-e899-44aa-94f5-c4ebe24e67b6->b2d63d03-1a37-48bd-acd4-f0bd9db4b6cb#0-t1, previous=(t:0, i:0), leaderCommit=-1, initializing? false, entries: <empty>
2019-10-03 02:15:19,696 [grpc-default-executor-2] INFO  server.GrpcServerProtocolService (GrpcServerProtocolService.java:onCompleted(113)) - 879d7b51-a7a6-44a4-b331-6899e2b0e1b1: Completed APPEND_ENTRIES, lastRequest: a9ba3a12-e899-44aa-94f5-c4ebe24e67b6->879d7b51-a7a6-44a4-b331-6899e2b0e1b1#0-t1, previous=(t:0, i:0), leaderCommit=-1, initializing? false, entries: <empty>
2019-10-03 02:15:19,708 [grpc-default-executor-2] INFO  server.GrpcLogAppender (GrpcLogAppender.java:onCompleted(293)) - a9ba3a12-e899-44aa-94f5-c4ebe24e67b6@group-AB7CF894CEDC->879d7b51-a7a6-44a4-b331-6899e2b0e1b1-AppendLogResponseHandler: follower responses appendEntries COMPLETED
2019-10-03 02:15:19,708 [grpc-default-executor-3] INFO  server.GrpcLogAppender (GrpcLogAppender.java:onCompleted(293)) - a9ba3a12-e899-44aa-94f5-c4ebe24e67b6@group-AB7CF894CEDC->b2d63d03-1a37-48bd-acd4-f0bd9db4b6cb-AppendLogResponseHandler: follower responses appendEntries COMPLETED
2019-10-03 02:15:19,712 [grpc-default-executor-2] INFO  impl.FollowerInfo (FollowerInfo.java:lambda$new$0(51)) - a9ba3a12-e899-44aa-94f5-c4ebe24e67b6@group-AB7CF894CEDC->879d7b51-a7a6-44a4-b331-6899e2b0e1b1: nextIndex: updateUnconditionally 0 -> 0
2019-10-03 02:15:19,716 [grpc-default-executor-3] INFO  impl.FollowerInfo (FollowerInfo.java:lambda$new$0(51)) - a9ba3a12-e899-44aa-94f5-c4ebe24e67b6@group-AB7CF894CEDC->b2d63d03-1a37-48bd-acd4-f0bd9db4b6cb: nextIndex: updateUnconditionally 0 -> 0
2019-10-03 02:15:20,488 [ForkJoinPool.commonPool-worker-0] INFO  ozoneimpl.OzoneContainer (OzoneContainer.java:stop(231)) - Attempting to stop container services.
2019-10-03 02:15:20,488 [Thread-439] INFO  ozoneimpl.OzoneContainer (OzoneContainer.java:stop(231)) - Attempting to stop container services.
2019-10-03 02:15:20,490 [ForkJoinPool.commonPool-worker-0] INFO  impl.RaftServerProxy (RaftServerProxy.java:lambda$close$4(314)) - a9ba3a12-e899-44aa-94f5-c4ebe24e67b6: close
2019-10-03 02:15:20,490 [Thread-439] INFO  impl.RaftServerProxy (RaftServerProxy.java:lambda$close$4(314)) - 879d7b51-a7a6-44a4-b331-6899e2b0e1b1: close
2019-10-03 02:15:20,490 [ForkJoinPool.commonPool-worker-0] INFO  impl.RaftServerImpl (RaftServerImpl.java:lambda$shutdown$3(247)) - a9ba3a12-e899-44aa-94f5-c4ebe24e67b6@group-AB7CF894CEDC: shutdown
2019-10-03 02:15:20,490 [Thread-439] INFO  impl.RaftServerImpl (RaftServerImpl.java:lambda$shutdown$3(247)) - 879d7b51-a7a6-44a4-b331-6899e2b0e1b1@group-AB7CF894CEDC: shutdown
2019-10-03 02:15:20,491 [ForkJoinPool.commonPool-worker-0] INFO  util.JmxRegister (JmxRegister.java:unregister(73)) - Successfully un-registered JMX Bean with object name Ratis:service=RaftServer,group=group-AB7CF894CEDC,id=a9ba3a12-e899-44aa-94f5-c4ebe24e67b6
2019-10-03 02:15:20,491 [Thread-439] INFO  util.JmxRegister (JmxRegister.java:unregister(73)) - Successfully un-registered JMX Bean with object name Ratis:service=RaftServer,group=group-AB7CF894CEDC,id=879d7b51-a7a6-44a4-b331-6899e2b0e1b1
2019-10-03 02:15:20,492 [ForkJoinPool.commonPool-worker-0] INFO  impl.RoleInfo (RoleInfo.java:shutdownFollowerState(121)) - a9ba3a12-e899-44aa-94f5-c4ebe24e67b6: shutdown FollowerState
2019-10-03 02:15:20,492 [Thread-439] INFO  impl.RoleInfo (RoleInfo.java:shutdownFollowerState(121)) - 879d7b51-a7a6-44a4-b331-6899e2b0e1b1: shutdown FollowerState
2019-10-03 02:15:20,493 [Thread-654] INFO  impl.FollowerState (FollowerState.java:run(117)) - a9ba3a12-e899-44aa-94f5-c4ebe24e67b6@group-AB7CF894CEDC-FollowerState was interrupted: java.lang.InterruptedException: sleep interrupted
2019-10-03 02:15:20,492 [ForkJoinPool.commonPool-worker-0] INFO  impl.StateMachineUpdater (StateMachineUpdater.java:stopAndJoin(136)) - a9ba3a12-e899-44aa-94f5-c4ebe24e67b6@group-AB7CF894CEDC-StateMachineUpdater: set stopIndex = -1
2019-10-03 02:15:20,500 [ForkJoinPool.commonPool-worker-0] INFO  impl.RaftServerImpl (ServerState.java:close(387)) - a9ba3a12-e899-44aa-94f5-c4ebe24e67b6@group-AB7CF894CEDC: closes. applyIndex: -1
2019-10-03 02:15:20,493 [Thread-650] INFO  impl.FollowerState (FollowerState.java:run(117)) - 879d7b51-a7a6-44a4-b331-6899e2b0e1b1@group-AB7CF894CEDC-FollowerState was interrupted: java.lang.InterruptedException: sleep interrupted
2019-10-03 02:15:20,493 [Thread-439] INFO  impl.StateMachineUpdater (StateMachineUpdater.java:stopAndJoin(136)) - 879d7b51-a7a6-44a4-b331-6899e2b0e1b1@group-AB7CF894CEDC-StateMachineUpdater: set stopIndex = -1
2019-10-03 02:15:20,502 [a9ba3a12-e899-44aa-94f5-c4ebe24e67b6@group-AB7CF894CEDC-SegmentedRaftLogWorker] INFO  segmented.SegmentedRaftLogWorker (SegmentedRaftLogWorker.java:run(316)) - a9ba3a12-e899-44aa-94f5-c4ebe24e67b6@group-AB7CF894CEDC-SegmentedRaftLogWorker was interrupted, exiting. There are 0 tasks remaining in the queue.
2019-10-03 02:15:20,503 [Thread-439] INFO  impl.RaftServerImpl (ServerState.java:close(387)) - 879d7b51-a7a6-44a4-b331-6899e2b0e1b1@group-AB7CF894CEDC: closes. applyIndex: -1
2019-10-03 02:15:20,506 [ForkJoinPool.commonPool-worker-0] INFO  segmented.SegmentedRaftLogWorker (SegmentedRaftLogWorker.java:close(224)) - a9ba3a12-e899-44aa-94f5-c4ebe24e67b6@group-AB7CF894CEDC-SegmentedRaftLogWorker close()
2019-10-03 02:15:20,506 [879d7b51-a7a6-44a4-b331-6899e2b0e1b1@group-AB7CF894CEDC-SegmentedRaftLogWorker] INFO  segmented.SegmentedRaftLogWorker (SegmentedRaftLogWorker.java:run(316)) - 879d7b51-a7a6-44a4-b331-6899e2b0e1b1@group-AB7CF894CEDC-SegmentedRaftLogWorker was interrupted, exiting. There are 0 tasks remaining in the queue.
2019-10-03 02:15:20,510 [Thread-439] INFO  segmented.SegmentedRaftLogWorker (SegmentedRaftLogWorker.java:close(224)) - 879d7b51-a7a6-44a4-b331-6899e2b0e1b1@group-AB7CF894CEDC-SegmentedRaftLogWorker close()
2019-10-03 02:15:20,510 [ForkJoinPool.commonPool-worker-0] INFO  impl.RaftServerImpl (RaftServerImpl.java:lambda$shutdown$3(247)) - a9ba3a12-e899-44aa-94f5-c4ebe24e67b6@group-7B2E464DC6FE: shutdown
2019-10-03 02:15:20,513 [Thread-439] INFO  impl.RaftServerImpl (RaftServerImpl.java:lambda$shutdown$3(247)) - 879d7b51-a7a6-44a4-b331-6899e2b0e1b1@group-7EDCDAF581E9: shutdown
2019-10-03 02:15:20,513 [ForkJoinPool.commonPool-worker-0] INFO  util.JmxRegister (JmxRegister.java:unregister(73)) - Successfully un-registered JMX Bean with object name Ratis:service=RaftServer,group=group-7B2E464DC6FE,id=a9ba3a12-e899-44aa-94f5-c4ebe24e67b6
2019-10-03 02:15:20,514 [Thread-439] INFO  util.JmxRegister (JmxRegister.java:unregister(73)) - Successfully un-registered JMX Bean with object name Ratis:service=RaftServer,group=group-7EDCDAF581E9,id=879d7b51-a7a6-44a4-b331-6899e2b0e1b1
2019-10-03 02:15:20,514 [ForkJoinPool.commonPool-worker-0] INFO  impl.RoleInfo (RoleInfo.java:shutdownLeaderState(104)) - a9ba3a12-e899-44aa-94f5-c4ebe24e67b6: shutdown LeaderState
2019-10-03 02:15:20,514 [Thread-439] INFO  impl.RoleInfo (RoleInfo.java:shutdownLeaderState(104)) - 879d7b51-a7a6-44a4-b331-6899e2b0e1b1: shutdown LeaderState
2019-10-03 02:15:20,515 [ForkJoinPool.commonPool-worker-0] INFO  impl.PendingRequests (PendingRequests.java:sendNotLeaderResponses(202)) - a9ba3a12-e899-44aa-94f5-c4ebe24e67b6@group-7B2E464DC6FE-PendingRequests: sendNotLeaderResponses
2019-10-03 02:15:20,515 [Thread-439] INFO  impl.PendingRequests (PendingRequests.java:sendNotLeaderResponses(202)) - 879d7b51-a7a6-44a4-b331-6899e2b0e1b1@group-7EDCDAF581E9-PendingRequests: sendNotLeaderResponses
2019-10-03 02:15:20,515 [ForkJoinPool.commonPool-worker-0] INFO  impl.StateMachineUpdater (StateMachineUpdater.java:stopAndJoin(136)) - a9ba3a12-e899-44aa-94f5-c4ebe24e67b6@group-7B2E464DC6FE-StateMachineUpdater: set stopIndex = 0
2019-10-03 02:15:20,516 [Thread-439] INFO  impl.StateMachineUpdater (StateMachineUpdater.java:stopAndJoin(136)) - 879d7b51-a7a6-44a4-b331-6899e2b0e1b1@group-7EDCDAF581E9-StateMachineUpdater: set stopIndex = 0
2019-10-03 02:15:20,519 [Thread-439] INFO  impl.RaftServerImpl (ServerState.java:close(387)) - 879d7b51-a7a6-44a4-b331-6899e2b0e1b1@group-7EDCDAF581E9: closes. applyIndex: 0
2019-10-03 02:15:20,518 [ForkJoinPool.commonPool-worker-0] INFO  impl.RaftServerImpl (ServerState.java:close(387)) - a9ba3a12-e899-44aa-94f5-c4ebe24e67b6@group-7B2E464DC6FE: closes. applyIndex: 0
2019-10-03 02:15:20,520 [879d7b51-a7a6-44a4-b331-6899e2b0e1b1@group-7EDCDAF581E9-SegmentedRaftLogWorker] INFO  segmented.SegmentedRaftLogWorker (SegmentedRaftLogWorker.java:run(316)) - 879d7b51-a7a6-44a4-b331-6899e2b0e1b1@group-7EDCDAF581E9-SegmentedRaftLogWorker was interrupted, exiting. There are 0 tasks remaining in the queue.
2019-10-03 02:15:20,520 [a9ba3a12-e899-44aa-94f5-c4ebe24e67b6@group-7B2E464DC6FE-SegmentedRaftLogWorker] INFO  segmented.SegmentedRaftLogWorker (SegmentedRaftLogWorker.java:run(316)) - a9ba3a12-e899-44aa-94f5-c4ebe24e67b6@group-7B2E464DC6FE-SegmentedRaftLogWorker was interrupted, exiting. There are 0 tasks remaining in the queue.
2019-10-03 02:15:20,522 [Thread-439] INFO  segmented.SegmentedRaftLogWorker (SegmentedRaftLogWorker.java:close(224)) - 879d7b51-a7a6-44a4-b331-6899e2b0e1b1@group-7EDCDAF581E9-SegmentedRaftLogWorker close()
2019-10-03 02:15:20,524 [ForkJoinPool.commonPool-worker-0] INFO  segmented.SegmentedRaftLogWorker (SegmentedRaftLogWorker.java:close(224)) - a9ba3a12-e899-44aa-94f5-c4ebe24e67b6@group-7B2E464DC6FE-SegmentedRaftLogWorker close()
2019-10-03 02:15:20,527 [Thread-439] INFO  server.GrpcService (GrpcService.java:closeImpl(164)) - 879d7b51-a7a6-44a4-b331-6899e2b0e1b1: shutdown server with port 38822 now
2019-10-03 02:15:20,529 [ForkJoinPool.commonPool-worker-0] INFO  server.GrpcService (GrpcService.java:closeImpl(164)) - a9ba3a12-e899-44aa-94f5-c4ebe24e67b6: shutdown server with port 33608 now
2019-10-03 02:15:20,531 [ForkJoinPool.commonPool-worker-0] INFO  server.GrpcService (GrpcService.java:closeImpl(172)) - a9ba3a12-e899-44aa-94f5-c4ebe24e67b6: shutdown server with port 33608 successfully
2019-10-03 02:15:20,531 [Thread-439] INFO  server.GrpcService (GrpcService.java:closeImpl(172)) - 879d7b51-a7a6-44a4-b331-6899e2b0e1b1: shutdown server with port 38822 successfully
2019-10-03 02:15:20,535 [refreshUsed-/workdir/hadoop-ozone/ozonefs/target/test-dir/MiniOzoneClusterImpl-62b8ca40-b77f-473e-90e4-dff00127bbe7/datanode-0/data/containers] WARN  fs.CachingGetSpaceUsed (CachingGetSpaceUsed.java:run(183)) - Thread Interrupted waiting to refresh disk information: sleep interrupted
2019-10-03 02:15:20,543 [refreshUsed-/workdir/hadoop-ozone/ozonefs/target/test-dir/MiniOzoneClusterImpl-62b8ca40-b77f-473e-90e4-dff00127bbe7/datanode-1/data/containers] WARN  fs.CachingGetSpaceUsed (CachingGetSpaceUsed.java:run(183)) - Thread Interrupted waiting to refresh disk information: sleep interrupted
2019-10-03 02:15:20,568 [ForkJoinPool.commonPool-worker-0] INFO  utils.BackgroundService (BackgroundService.java:shutdown(148)) - Shutting down service BlockDeletingService
2019-10-03 02:15:20,573 [ForkJoinPool.commonPool-worker-0] INFO  statemachine.DatanodeStateMachine (DatanodeStateMachine.java:stopDaemon(395)) - Ozone container server stopped.
2019-10-03 02:15:20,579 [Thread-439] INFO  utils.BackgroundService (BackgroundService.java:shutdown(148)) - Shutting down service BlockDeletingService
2019-10-03 02:15:20,583 [Thread-439] INFO  statemachine.DatanodeStateMachine (DatanodeStateMachine.java:stopDaemon(395)) - Ozone container server stopped.
2019-10-03 02:15:20,589 [ForkJoinPool.commonPool-worker-0] INFO  handler.ContextHandler (ContextHandler.java:doStop(910)) - Stopped o.e.j.w.WebAppContext@579b0b7d{/,null,UNAVAILABLE}{/hddsDatanode}
2019-10-03 02:15:20,589 [Thread-439] INFO  handler.ContextHandler (ContextHandler.java:doStop(910)) - Stopped o.e.j.w.WebAppContext@5efde7e2{/,null,UNAVAILABLE}{/hddsDatanode}
2019-10-03 02:15:20,590 [ForkJoinPool.commonPool-worker-0] INFO  server.AbstractConnector (AbstractConnector.java:doStop(318)) - Stopped ServerConnector@273e264{HTTP/1.1,[http/1.1]}{0.0.0.0:0}
2019-10-03 02:15:20,591 [ForkJoinPool.commonPool-worker-0] INFO  handler.ContextHandler (ContextHandler.java:doStop(910)) - Stopped o.e.j.s.ServletContextHandler@5e449a0d{/static,jar:file:/home/user/.m2/repository/org/apache/hadoop/hadoop-hdds-container-service/0.5.0-SNAPSHOT/hadoop-hdds-container-service-0.5.0-SNAPSHOT.jar!/webapps/static,UNAVAILABLE}
2019-10-03 02:15:20,591 [Thread-439] INFO  server.AbstractConnector (AbstractConnector.java:doStop(318)) - Stopped ServerConnector@6e1bbf8e{HTTP/1.1,[http/1.1]}{0.0.0.0:0}
2019-10-03 02:15:20,592 [ForkJoinPool.commonPool-worker-0] INFO  handler.ContextHandler (ContextHandler.java:doStop(910)) - Stopped o.e.j.s.ServletContextHandler@7f4ce4ba{/logs,file:///workdir/hadoop-ozone/ozonefs/target/log,UNAVAILABLE}
2019-10-03 02:15:20,593 [Thread-439] INFO  handler.ContextHandler (ContextHandler.java:doStop(910)) - Stopped o.e.j.s.ServletContextHandler@5d82203a{/static,jar:file:/home/user/.m2/repository/org/apache/hadoop/hadoop-hdds-container-service/0.5.0-SNAPSHOT/hadoop-hdds-container-service-0.5.0-SNAPSHOT.jar!/webapps/static,UNAVAILABLE}
2019-10-03 02:15:20,594 [Thread-439] INFO  handler.ContextHandler (ContextHandler.java:doStop(910)) - Stopped o.e.j.s.ServletContextHandler@569dd584{/logs,file:///workdir/hadoop-ozone/ozonefs/target/log,UNAVAILABLE}
2019-10-03 02:15:21,357 [Datanode State Machine Thread - 0] INFO  statemachine.DatanodeStateMachine (DatanodeStateMachine.java:lambda$startDaemon$0(350)) - Ozone container server started.
2019-10-03 02:15:24,773 [Thread-645] INFO  impl.FollowerState (FollowerState.java:run(108)) - b2d63d03-1a37-48bd-acd4-f0bd9db4b6cb@group-AB7CF894CEDC-FollowerState: change to CANDIDATE, lastRpcTime:5167ms, electionTimeout:5167ms
2019-10-03 02:15:24,773 [Thread-645] INFO  impl.RoleInfo (RoleInfo.java:shutdownFollowerState(121)) - b2d63d03-1a37-48bd-acd4-f0bd9db4b6cb: shutdown FollowerState
2019-10-03 02:15:24,773 [Thread-645] INFO  impl.RaftServerImpl (RaftServerImpl.java:setRole(170)) - b2d63d03-1a37-48bd-acd4-f0bd9db4b6cb@group-AB7CF894CEDC: changes role from  FOLLOWER to CANDIDATE at term 2 for changeToCandidate
2019-10-03 02:15:24,774 [Thread-645] INFO  impl.RoleInfo (RoleInfo.java:updateAndGet(143)) - b2d63d03-1a37-48bd-acd4-f0bd9db4b6cb: start LeaderElection
2019-10-03 02:15:24,790 [b2d63d03-1a37-48bd-acd4-f0bd9db4b6cb@group-AB7CF894CEDC-LeaderElection14] INFO  impl.LeaderElection (LeaderElection.java:askForVotes(178)) - b2d63d03-1a37-48bd-acd4-f0bd9db4b6cb@group-AB7CF894CEDC-LeaderElection14: begin an election at term 3 for -1: [b2d63d03-1a37-48bd-acd4-f0bd9db4b6cb:192.168.164.205:38263, 879d7b51-a7a6-44a4-b331-6899e2b0e1b1:192.168.164.205:38822, a9ba3a12-e899-44aa-94f5-c4ebe24e67b6:192.168.164.205:33608], old=null
2019-10-03 02:15:24,798 [b2d63d03-1a37-48bd-acd4-f0bd9db4b6cb@group-AB7CF894CEDC-LeaderElection14] INFO  impl.LeaderElection (LogUtils.java:infoOrTrace(149)) - b2d63d03-1a37-48bd-acd4-f0bd9db4b6cb@group-AB7CF894CEDC-LeaderElection14 got exception when requesting votes: {}
java.util.concurrent.ExecutionException: org.apache.ratis.thirdparty.io.grpc.StatusRuntimeException: UNAVAILABLE: io exception
	at java.util.concurrent.FutureTask.report(FutureTask.java:122)
	at java.util.concurrent.FutureTask.get(FutureTask.java:192)
	at org.apache.ratis.server.impl.LeaderElection.waitForResults(LeaderElection.java:259)
	at org.apache.ratis.server.impl.LeaderElection.askForVotes(LeaderElection.java:197)
	at org.apache.ratis.server.impl.LeaderElection.run(LeaderElection.java:133)
	at java.lang.Thread.run(Thread.java:748)
Caused by: org.apache.ratis.thirdparty.io.grpc.StatusRuntimeException: UNAVAILABLE: io exception
	at org.apache.ratis.thirdparty.io.grpc.stub.ClientCalls.toStatusRuntimeException(ClientCalls.java:233)
	at org.apache.ratis.thirdparty.io.grpc.stub.ClientCalls.getUnchecked(ClientCalls.java:214)
	at org.apache.ratis.thirdparty.io.grpc.stub.ClientCalls.blockingUnaryCall(ClientCalls.java:139)
	at org.apache.ratis.proto.grpc.RaftServerProtocolServiceGrpc$RaftServerProtocolServiceBlockingStub.requestVote(RaftServerProtocolServiceGrpc.java:265)
	at org.apache.ratis.grpc.server.GrpcServerProtocolClient.requestVote(GrpcServerProtocolClient.java:99)
	at org.apache.ratis.grpc.server.GrpcService.requestVote(GrpcService.java:204)
	at org.apache.ratis.server.impl.LeaderElection.lambda$submitRequests$1(LeaderElection.java:234)
	at java.util.concurrent.FutureTask.run(FutureTask.java:266)
	at java.util.concurrent.Executors$RunnableAdapter.call(Executors.java:511)
	at java.util.concurrent.FutureTask.run(FutureTask.java:266)
	at java.util.concurrent.ThreadPoolExecutor.runWorker(ThreadPoolExecutor.java:1149)
	at java.util.concurrent.ThreadPoolExecutor$Worker.run(ThreadPoolExecutor.java:624)
	... 1 more
Caused by: org.apache.ratis.thirdparty.io.netty.channel.AbstractChannel$AnnotatedConnectException: Connection refused: /192.168.164.205:38822
	at sun.nio.ch.SocketChannelImpl.checkConnect(Native Method)
	at sun.nio.ch.SocketChannelImpl.finishConnect(SocketChannelImpl.java:717)
	at org.apache.ratis.thirdparty.io.netty.channel.socket.nio.NioSocketChannel.doFinishConnect(NioSocketChannel.java:327)
	at org.apache.ratis.thirdparty.io.netty.channel.nio.AbstractNioChannel$AbstractNioUnsafe.finishConnect(AbstractNioChannel.java:340)
	at org.apache.ratis.thirdparty.io.netty.channel.nio.NioEventLoop.processSelectedKey(NioEventLoop.java:632)
	at org.apache.ratis.thirdparty.io.netty.channel.nio.NioEventLoop.processSelectedKeysOptimized(NioEventLoop.java:579)
	at org.apache.ratis.thirdparty.io.netty.channel.nio.NioEventLoop.processSelectedKeys(NioEventLoop.java:496)
	at org.apache.ratis.thirdparty.io.netty.channel.nio.NioEventLoop.run(NioEventLoop.java:458)
	at org.apache.ratis.thirdparty.io.netty.util.concurrent.SingleThreadEventExecutor$5.run(SingleThreadEventExecutor.java:897)
	at org.apache.ratis.thirdparty.io.netty.util.concurrent.FastThreadLocalRunnable.run(FastThreadLocalRunnable.java:30)
	... 1 more
Caused by: java.net.ConnectException: Connection refused
	... 11 more
2019-10-03 02:15:24,800 [b2d63d03-1a37-48bd-acd4-f0bd9db4b6cb@group-AB7CF894CEDC-LeaderElection14] INFO  impl.LeaderElection (LogUtils.java:infoOrTrace(149)) - b2d63d03-1a37-48bd-acd4-f0bd9db4b6cb@group-AB7CF894CEDC-LeaderElection14 got exception when requesting votes: {}
java.util.concurrent.ExecutionException: org.apache.ratis.thirdparty.io.grpc.StatusRuntimeException: UNAVAILABLE: io exception
	at java.util.concurrent.FutureTask.report(FutureTask.java:122)
	at java.util.concurrent.FutureTask.get(FutureTask.java:192)
	at org.apache.ratis.server.impl.LeaderElection.waitForResults(LeaderElection.java:259)
	at org.apache.ratis.server.impl.LeaderElection.askForVotes(LeaderElection.java:197)
	at org.apache.ratis.server.impl.LeaderElection.run(LeaderElection.java:133)
	at java.lang.Thread.run(Thread.java:748)
Caused by: org.apache.ratis.thirdparty.io.grpc.StatusRuntimeException: UNAVAILABLE: io exception
	at org.apache.ratis.thirdparty.io.grpc.stub.ClientCalls.toStatusRuntimeException(ClientCalls.java:233)
	at org.apache.ratis.thirdparty.io.grpc.stub.ClientCalls.getUnchecked(ClientCalls.java:214)
	at org.apache.ratis.thirdparty.io.grpc.stub.ClientCalls.blockingUnaryCall(ClientCalls.java:139)
	at org.apache.ratis.proto.grpc.RaftServerProtocolServiceGrpc$RaftServerProtocolServiceBlockingStub.requestVote(RaftServerProtocolServiceGrpc.java:265)
	at org.apache.ratis.grpc.server.GrpcServerProtocolClient.requestVote(GrpcServerProtocolClient.java:99)
	at org.apache.ratis.grpc.server.GrpcService.requestVote(GrpcService.java:204)
	at org.apache.ratis.server.impl.LeaderElection.lambda$submitRequests$1(LeaderElection.java:234)
	at java.util.concurrent.FutureTask.run(FutureTask.java:266)
	at java.util.concurrent.Executors$RunnableAdapter.call(Executors.java:511)
	at java.util.concurrent.FutureTask.run(FutureTask.java:266)
	at java.util.concurrent.ThreadPoolExecutor.runWorker(ThreadPoolExecutor.java:1149)
	at java.util.concurrent.ThreadPoolExecutor$Worker.run(ThreadPoolExecutor.java:624)
	... 1 more
Caused by: org.apache.ratis.thirdparty.io.netty.channel.AbstractChannel$AnnotatedConnectException: Connection refused: /192.168.164.205:33608
	at sun.nio.ch.SocketChannelImpl.checkConnect(Native Method)
	at sun.nio.ch.SocketChannelImpl.finishConnect(SocketChannelImpl.java:717)
	at org.apache.ratis.thirdparty.io.netty.channel.socket.nio.NioSocketChannel.doFinishConnect(NioSocketChannel.java:327)
	at org.apache.ratis.thirdparty.io.netty.channel.nio.AbstractNioChannel$AbstractNioUnsafe.finishConnect(AbstractNioChannel.java:340)
	at org.apache.ratis.thirdparty.io.netty.channel.nio.NioEventLoop.processSelectedKey(NioEventLoop.java:632)
	at org.apache.ratis.thirdparty.io.netty.channel.nio.NioEventLoop.processSelectedKeysOptimized(NioEventLoop.java:579)
	at org.apache.ratis.thirdparty.io.netty.channel.nio.NioEventLoop.processSelectedKeys(NioEventLoop.java:496)
	at org.apache.ratis.thirdparty.io.netty.channel.nio.NioEventLoop.run(NioEventLoop.java:458)
	at org.apache.ratis.thirdparty.io.netty.util.concurrent.SingleThreadEventExecutor$5.run(SingleThreadEventExecutor.java:897)
	at org.apache.ratis.thirdparty.io.netty.util.concurrent.FastThreadLocalRunnable.run(FastThreadLocalRunnable.java:30)
	... 1 more
Caused by: java.net.ConnectException: Connection refused
	... 11 more
2019-10-03 02:15:24,802 [b2d63d03-1a37-48bd-acd4-f0bd9db4b6cb@group-AB7CF894CEDC-LeaderElection14] INFO  impl.LeaderElection (LeaderElection.java:logAndReturn(56)) - b2d63d03-1a37-48bd-acd4-f0bd9db4b6cb@group-AB7CF894CEDC-LeaderElection14: Election REJECTED; received 0 response(s) [] and 2 exception(s); b2d63d03-1a37-48bd-acd4-f0bd9db4b6cb@group-AB7CF894CEDC:t3, leader=null, voted=b2d63d03-1a37-48bd-acd4-f0bd9db4b6cb, raftlog=b2d63d03-1a37-48bd-acd4-f0bd9db4b6cb@group-AB7CF894CEDC-SegmentedRaftLog:OPENED:c-1,f-1,i0, conf=-1: [b2d63d03-1a37-48bd-acd4-f0bd9db4b6cb:192.168.164.205:38263, 879d7b51-a7a6-44a4-b331-6899e2b0e1b1:192.168.164.205:38822, a9ba3a12-e899-44aa-94f5-c4ebe24e67b6:192.168.164.205:33608], old=null
2019-10-03 02:15:24,802 [b2d63d03-1a37-48bd-acd4-f0bd9db4b6cb@group-AB7CF894CEDC-LeaderElection14] INFO  impl.LeaderElection (LogUtils.java:infoOrTrace(149)) -   Exception 0: {}
java.util.concurrent.ExecutionException: org.apache.ratis.thirdparty.io.grpc.StatusRuntimeException: UNAVAILABLE: io exception
	at java.util.concurrent.FutureTask.report(FutureTask.java:122)
	at java.util.concurrent.FutureTask.get(FutureTask.java:192)
	at org.apache.ratis.server.impl.LeaderElection.waitForResults(LeaderElection.java:259)
	at org.apache.ratis.server.impl.LeaderElection.askForVotes(LeaderElection.java:197)
	at org.apache.ratis.server.impl.LeaderElection.run(LeaderElection.java:133)
	at java.lang.Thread.run(Thread.java:748)
Caused by: org.apache.ratis.thirdparty.io.grpc.StatusRuntimeException: UNAVAILABLE: io exception
	at org.apache.ratis.thirdparty.io.grpc.stub.ClientCalls.toStatusRuntimeException(ClientCalls.java:233)
	at org.apache.ratis.thirdparty.io.grpc.stub.ClientCalls.getUnchecked(ClientCalls.java:214)
	at org.apache.ratis.thirdparty.io.grpc.stub.ClientCalls.blockingUnaryCall(ClientCalls.java:139)
	at org.apache.ratis.proto.grpc.RaftServerProtocolServiceGrpc$RaftServerProtocolServiceBlockingStub.requestVote(RaftServerProtocolServiceGrpc.java:265)
	at org.apache.ratis.grpc.server.GrpcServerProtocolClient.requestVote(GrpcServerProtocolClient.java:99)
	at org.apache.ratis.grpc.server.GrpcService.requestVote(GrpcService.java:204)
	at org.apache.ratis.server.impl.LeaderElection.lambda$submitRequests$1(LeaderElection.java:234)
	at java.util.concurrent.FutureTask.run(FutureTask.java:266)
	at java.util.concurrent.Executors$RunnableAdapter.call(Executors.java:511)
	at java.util.concurrent.FutureTask.run(FutureTask.java:266)
	at java.util.concurrent.ThreadPoolExecutor.runWorker(ThreadPoolExecutor.java:1149)
	at java.util.concurrent.ThreadPoolExecutor$Worker.run(ThreadPoolExecutor.java:624)
	... 1 more
Caused by: org.apache.ratis.thirdparty.io.netty.channel.AbstractChannel$AnnotatedConnectException: Connection refused: /192.168.164.205:38822
	at sun.nio.ch.SocketChannelImpl.checkConnect(Native Method)
	at sun.nio.ch.SocketChannelImpl.finishConnect(SocketChannelImpl.java:717)
	at org.apache.ratis.thirdparty.io.netty.channel.socket.nio.NioSocketChannel.doFinishConnect(NioSocketChannel.java:327)
	at org.apache.ratis.thirdparty.io.netty.channel.nio.AbstractNioChannel$AbstractNioUnsafe.finishConnect(AbstractNioChannel.java:340)
	at org.apache.ratis.thirdparty.io.netty.channel.nio.NioEventLoop.processSelectedKey(NioEventLoop.java:632)
	at org.apache.ratis.thirdparty.io.netty.channel.nio.NioEventLoop.processSelectedKeysOptimized(NioEventLoop.java:579)
	at org.apache.ratis.thirdparty.io.netty.channel.nio.NioEventLoop.processSelectedKeys(NioEventLoop.java:496)
	at org.apache.ratis.thirdparty.io.netty.channel.nio.NioEventLoop.run(NioEventLoop.java:458)
	at org.apache.ratis.thirdparty.io.netty.util.concurrent.SingleThreadEventExecutor$5.run(SingleThreadEventExecutor.java:897)
	at org.apache.ratis.thirdparty.io.netty.util.concurrent.FastThreadLocalRunnable.run(FastThreadLocalRunnable.java:30)
	... 1 more
Caused by: java.net.ConnectException: Connection refused
	... 11 more
2019-10-03 02:15:24,803 [b2d63d03-1a37-48bd-acd4-f0bd9db4b6cb@group-AB7CF894CEDC-LeaderElection14] INFO  impl.LeaderElection (LogUtils.java:infoOrTrace(149)) -   Exception 1: {}
java.util.concurrent.ExecutionException: org.apache.ratis.thirdparty.io.grpc.StatusRuntimeException: UNAVAILABLE: io exception
	at java.util.concurrent.FutureTask.report(FutureTask.java:122)
	at java.util.concurrent.FutureTask.get(FutureTask.java:192)
	at org.apache.ratis.server.impl.LeaderElection.waitForResults(LeaderElection.java:259)
	at org.apache.ratis.server.impl.LeaderElection.askForVotes(LeaderElection.java:197)
	at org.apache.ratis.server.impl.LeaderElection.run(LeaderElection.java:133)
	at java.lang.Thread.run(Thread.java:748)
Caused by: org.apache.ratis.thirdparty.io.grpc.StatusRuntimeException: UNAVAILABLE: io exception
	at org.apache.ratis.thirdparty.io.grpc.stub.ClientCalls.toStatusRuntimeException(ClientCalls.java:233)
	at org.apache.ratis.thirdparty.io.grpc.stub.ClientCalls.getUnchecked(ClientCalls.java:214)
	at org.apache.ratis.thirdparty.io.grpc.stub.ClientCalls.blockingUnaryCall(ClientCalls.java:139)
	at org.apache.ratis.proto.grpc.RaftServerProtocolServiceGrpc$RaftServerProtocolServiceBlockingStub.requestVote(RaftServerProtocolServiceGrpc.java:265)
	at org.apache.ratis.grpc.server.GrpcServerProtocolClient.requestVote(GrpcServerProtocolClient.java:99)
	at org.apache.ratis.grpc.server.GrpcService.requestVote(GrpcService.java:204)
	at org.apache.ratis.server.impl.LeaderElection.lambda$submitRequests$1(LeaderElection.java:234)
	at java.util.concurrent.FutureTask.run(FutureTask.java:266)
	at java.util.concurrent.Executors$RunnableAdapter.call(Executors.java:511)
	at java.util.concurrent.FutureTask.run(FutureTask.java:266)
	at java.util.concurrent.ThreadPoolExecutor.runWorker(ThreadPoolExecutor.java:1149)
	at java.util.concurrent.ThreadPoolExecutor$Worker.run(ThreadPoolExecutor.java:624)
	... 1 more
Caused by: org.apache.ratis.thirdparty.io.netty.channel.AbstractChannel$AnnotatedConnectException: Connection refused: /192.168.164.205:33608
	at sun.nio.ch.SocketChannelImpl.checkConnect(Native Method)
	at sun.nio.ch.SocketChannelImpl.finishConnect(SocketChannelImpl.java:717)
	at org.apache.ratis.thirdparty.io.netty.channel.socket.nio.NioSocketChannel.doFinishConnect(NioSocketChannel.java:327)
	at org.apache.ratis.thirdparty.io.netty.channel.nio.AbstractNioChannel$AbstractNioUnsafe.finishConnect(AbstractNioChannel.java:340)
	at org.apache.ratis.thirdparty.io.netty.channel.nio.NioEventLoop.processSelectedKey(NioEventLoop.java:632)
	at org.apache.ratis.thirdparty.io.netty.channel.nio.NioEventLoop.processSelectedKeysOptimized(NioEventLoop.java:579)
	at org.apache.ratis.thirdparty.io.netty.channel.nio.NioEventLoop.processSelectedKeys(NioEventLoop.java:496)
	at org.apache.ratis.thirdparty.io.netty.channel.nio.NioEventLoop.run(NioEventLoop.java:458)
	at org.apache.ratis.thirdparty.io.netty.util.concurrent.SingleThreadEventExecutor$5.run(SingleThreadEventExecutor.java:897)
	at org.apache.ratis.thirdparty.io.netty.util.concurrent.FastThreadLocalRunnable.run(FastThreadLocalRunnable.java:30)
	... 1 more
Caused by: java.net.ConnectException: Connection refused
	... 11 more
2019-10-03 02:15:24,810 [b2d63d03-1a37-48bd-acd4-f0bd9db4b6cb@group-AB7CF894CEDC-LeaderElection14] INFO  impl.RaftServerImpl (RaftServerImpl.java:setRole(170)) - b2d63d03-1a37-48bd-acd4-f0bd9db4b6cb@group-AB7CF894CEDC: changes role from CANDIDATE to FOLLOWER at term 3 for DISCOVERED_A_NEW_TERM
2019-10-03 02:15:24,810 [b2d63d03-1a37-48bd-acd4-f0bd9db4b6cb@group-AB7CF894CEDC-LeaderElection14] INFO  impl.RoleInfo (RoleInfo.java:shutdownLeaderElection(134)) - b2d63d03-1a37-48bd-acd4-f0bd9db4b6cb: shutdown LeaderElection
2019-10-03 02:15:24,810 [b2d63d03-1a37-48bd-acd4-f0bd9db4b6cb@group-AB7CF894CEDC-LeaderElection14] INFO  impl.RoleInfo (RoleInfo.java:updateAndGet(143)) - b2d63d03-1a37-48bd-acd4-f0bd9db4b6cb: start FollowerState
2019-10-03 02:15:25,594 [ForkJoinPool.commonPool-worker-0] INFO  ozoneimpl.OzoneContainer (OzoneContainer.java:stop(231)) - Attempting to stop container services.
2019-10-03 02:15:25,597 [ForkJoinPool.commonPool-worker-0] INFO  impl.RaftServerProxy (RaftServerProxy.java:lambda$close$4(314)) - b2d63d03-1a37-48bd-acd4-f0bd9db4b6cb: close
2019-10-03 02:15:25,597 [ForkJoinPool.commonPool-worker-0] INFO  impl.RaftServerImpl (RaftServerImpl.java:lambda$shutdown$3(247)) - b2d63d03-1a37-48bd-acd4-f0bd9db4b6cb@group-FD6D978EAD89: shutdown
2019-10-03 02:15:25,597 [ForkJoinPool.commonPool-worker-0] INFO  util.JmxRegister (JmxRegister.java:unregister(73)) - Successfully un-registered JMX Bean with object name Ratis:service=RaftServer,group=group-FD6D978EAD89,id=b2d63d03-1a37-48bd-acd4-f0bd9db4b6cb
2019-10-03 02:15:25,597 [ForkJoinPool.commonPool-worker-0] INFO  impl.RoleInfo (RoleInfo.java:shutdownLeaderState(104)) - b2d63d03-1a37-48bd-acd4-f0bd9db4b6cb: shutdown LeaderState
2019-10-03 02:15:25,597 [ForkJoinPool.commonPool-worker-0] INFO  impl.PendingRequests (PendingRequests.java:sendNotLeaderResponses(202)) - b2d63d03-1a37-48bd-acd4-f0bd9db4b6cb@group-FD6D978EAD89-PendingRequests: sendNotLeaderResponses
2019-10-03 02:15:25,598 [ForkJoinPool.commonPool-worker-0] INFO  impl.StateMachineUpdater (StateMachineUpdater.java:stopAndJoin(136)) - b2d63d03-1a37-48bd-acd4-f0bd9db4b6cb@group-FD6D978EAD89-StateMachineUpdater: set stopIndex = 0
2019-10-03 02:15:25,598 [ForkJoinPool.commonPool-worker-0] INFO  impl.RaftServerImpl (ServerState.java:close(387)) - b2d63d03-1a37-48bd-acd4-f0bd9db4b6cb@group-FD6D978EAD89: closes. applyIndex: 0
2019-10-03 02:15:25,599 [b2d63d03-1a37-48bd-acd4-f0bd9db4b6cb@group-FD6D978EAD89-SegmentedRaftLogWorker] INFO  segmented.SegmentedRaftLogWorker (SegmentedRaftLogWorker.java:run(316)) - b2d63d03-1a37-48bd-acd4-f0bd9db4b6cb@group-FD6D978EAD89-SegmentedRaftLogWorker was interrupted, exiting. There are 0 tasks remaining in the queue.
2019-10-03 02:15:25,600 [ForkJoinPool.commonPool-worker-0] INFO  segmented.SegmentedRaftLogWorker (SegmentedRaftLogWorker.java:close(224)) - b2d63d03-1a37-48bd-acd4-f0bd9db4b6cb@group-FD6D978EAD89-SegmentedRaftLogWorker close()
2019-10-03 02:15:25,602 [ForkJoinPool.commonPool-worker-0] INFO  impl.RaftServerImpl (RaftServerImpl.java:lambda$shutdown$3(247)) - b2d63d03-1a37-48bd-acd4-f0bd9db4b6cb@group-AB7CF894CEDC: shutdown
2019-10-03 02:15:25,603 [ForkJoinPool.commonPool-worker-0] INFO  util.JmxRegister (JmxRegister.java:unregister(73)) - Successfully un-registered JMX Bean with object name Ratis:service=RaftServer,group=group-AB7CF894CEDC,id=b2d63d03-1a37-48bd-acd4-f0bd9db4b6cb
2019-10-03 02:15:25,603 [ForkJoinPool.commonPool-worker-0] INFO  impl.RoleInfo (RoleInfo.java:shutdownFollowerState(121)) - b2d63d03-1a37-48bd-acd4-f0bd9db4b6cb: shutdown FollowerState
2019-10-03 02:15:25,603 [ForkJoinPool.commonPool-worker-0] INFO  impl.StateMachineUpdater (StateMachineUpdater.java:stopAndJoin(136)) - b2d63d03-1a37-48bd-acd4-f0bd9db4b6cb@group-AB7CF894CEDC-StateMachineUpdater: set stopIndex = -1
2019-10-03 02:15:25,603 [Thread-658] INFO  impl.FollowerState (FollowerState.java:run(117)) - b2d63d03-1a37-48bd-acd4-f0bd9db4b6cb@group-AB7CF894CEDC-FollowerState was interrupted: java.lang.InterruptedException: sleep interrupted
2019-10-03 02:15:25,603 [ForkJoinPool.commonPool-worker-0] INFO  impl.RaftServerImpl (ServerState.java:close(387)) - b2d63d03-1a37-48bd-acd4-f0bd9db4b6cb@group-AB7CF894CEDC: closes. applyIndex: -1
2019-10-03 02:15:25,605 [b2d63d03-1a37-48bd-acd4-f0bd9db4b6cb@group-AB7CF894CEDC-SegmentedRaftLogWorker] INFO  segmented.SegmentedRaftLogWorker (SegmentedRaftLogWorker.java:run(316)) - b2d63d03-1a37-48bd-acd4-f0bd9db4b6cb@group-AB7CF894CEDC-SegmentedRaftLogWorker was interrupted, exiting. There are 0 tasks remaining in the queue.
2019-10-03 02:15:25,605 [ForkJoinPool.commonPool-worker-0] INFO  segmented.SegmentedRaftLogWorker (SegmentedRaftLogWorker.java:close(224)) - b2d63d03-1a37-48bd-acd4-f0bd9db4b6cb@group-AB7CF894CEDC-SegmentedRaftLogWorker close()
2019-10-03 02:15:25,607 [ForkJoinPool.commonPool-worker-0] INFO  server.GrpcService (GrpcService.java:closeImpl(164)) - b2d63d03-1a37-48bd-acd4-f0bd9db4b6cb: shutdown server with port 38263 now
2019-10-03 02:15:25,611 [ForkJoinPool.commonPool-worker-0] INFO  server.GrpcService (GrpcService.java:closeImpl(172)) - b2d63d03-1a37-48bd-acd4-f0bd9db4b6cb: shutdown server with port 38263 successfully
2019-10-03 02:15:25,614 [refreshUsed-/workdir/hadoop-ozone/ozonefs/target/test-dir/MiniOzoneClusterImpl-62b8ca40-b77f-473e-90e4-dff00127bbe7/datanode-2/data/containers] WARN  fs.CachingGetSpaceUsed (CachingGetSpaceUsed.java:run(183)) - Thread Interrupted waiting to refresh disk information: sleep interrupted
2019-10-03 02:15:25,640 [ForkJoinPool.commonPool-worker-0] INFO  utils.BackgroundService (BackgroundService.java:shutdown(148)) - Shutting down service BlockDeletingService
2019-10-03 02:15:25,643 [ForkJoinPool.commonPool-worker-0] INFO  statemachine.DatanodeStateMachine (DatanodeStateMachine.java:stopDaemon(395)) - Ozone container server stopped.
2019-10-03 02:15:25,658 [ForkJoinPool.commonPool-worker-0] INFO  handler.ContextHandler (ContextHandler.java:doStop(910)) - Stopped o.e.j.w.WebAppContext@35db664f{/,null,UNAVAILABLE}{/hddsDatanode}
2019-10-03 02:15:25,659 [ForkJoinPool.commonPool-worker-0] INFO  server.AbstractConnector (AbstractConnector.java:doStop(318)) - Stopped ServerConnector@33ece0ed{HTTP/1.1,[http/1.1]}{0.0.0.0:0}
2019-10-03 02:15:25,660 [ForkJoinPool.commonPool-worker-0] INFO  handler.ContextHandler (ContextHandler.java:doStop(910)) - Stopped o.e.j.s.ServletContextHandler@3dc31cc7{/static,jar:file:/home/user/.m2/repository/org/apache/hadoop/hadoop-hdds-container-service/0.5.0-SNAPSHOT/hadoop-hdds-container-service-0.5.0-SNAPSHOT.jar!/webapps/static,UNAVAILABLE}
2019-10-03 02:15:25,661 [ForkJoinPool.commonPool-worker-0] INFO  handler.ContextHandler (ContextHandler.java:doStop(910)) - Stopped o.e.j.s.ServletContextHandler@3ff3f899{/logs,file:///workdir/hadoop-ozone/ozonefs/target/log,UNAVAILABLE}
2019-10-03 02:15:25,662 [Thread-439] INFO  ozone.MiniOzoneClusterImpl (MiniOzoneClusterImpl.java:stopSCM(392)) - Stopping the StorageContainerManager
2019-10-03 02:15:25,663 [Thread-439] INFO  server.StorageContainerManager (StorageContainerManager.java:stop(808)) - Stopping Replication Manager Service.
2019-10-03 02:15:25,663 [Thread-439] INFO  container.ReplicationManager (ReplicationManager.java:stop(203)) - Stopping Replication Monitor Thread.
2019-10-03 02:15:25,663 [Thread-439] INFO  server.StorageContainerManager (StorageContainerManager.java:stop(815)) - Stopping Lease Manager of the command watchers
2019-10-03 02:15:25,663 [Thread-439] INFO  server.StorageContainerManager (StorageContainerManager.java:stop(822)) - Stopping datanode service RPC server
2019-10-03 02:15:25,664 [Thread-439] INFO  server.SCMDatanodeProtocolServer (SCMDatanodeProtocolServer.java:stop(367)) - Stopping the RPC server for DataNodes
2019-10-03 02:15:25,664 [Thread-439] INFO  ipc.Server (Server.java:stop(3082)) - Stopping server on 41886
2019-10-03 02:15:25,666 [IPC Server listener on 41886] INFO  ipc.Server (Server.java:run(1185)) - Stopping IPC Server listener on 41886
2019-10-03 02:15:25,666 [IPC Server Responder] INFO  ipc.Server (Server.java:run(1319)) - Stopping IPC Server Responder
2019-10-03 02:15:25,735 [SCM Heartbeat Processing Thread - 0] WARN  node.NodeStateManager (NodeStateManager.java:scheduleNextHealthCheck(646)) - Current Thread is interrupted, shutting down HB processing thread for Node Manager.
2019-10-03 02:15:25,735 [Thread-439] INFO  server.StorageContainerManager (StorageContainerManager.java:stop(830)) - Stopping block service RPC server
2019-10-03 02:15:25,736 [Thread-439] INFO  server.SCMBlockProtocolServer (SCMBlockProtocolServer.java:stop(155)) - Stopping the RPC server for Block Protocol
2019-10-03 02:15:25,736 [Thread-439] INFO  ipc.Server (Server.java:stop(3082)) - Stopping server on 35674
2019-10-03 02:15:25,738 [IPC Server listener on 35674] INFO  ipc.Server (Server.java:run(1185)) - Stopping IPC Server listener on 35674
2019-10-03 02:15:25,739 [IPC Server Responder] INFO  ipc.Server (Server.java:run(1319)) - Stopping IPC Server Responder
2019-10-03 02:15:25,739 [Thread-439] INFO  server.StorageContainerManager (StorageContainerManager.java:stop(837)) - Stopping the StorageContainerLocationProtocol RPC server
2019-10-03 02:15:25,740 [Thread-439] INFO  server.SCMClientProtocolServer (SCMClientProtocolServer.java:stop(158)) - Stopping the RPC server for Client Protocol
2019-10-03 02:15:25,740 [Thread-439] INFO  ipc.Server (Server.java:stop(3082)) - Stopping server on 44939
2019-10-03 02:15:25,742 [IPC Server listener on 44939] INFO  ipc.Server (Server.java:run(1185)) - Stopping IPC Server listener on 44939
2019-10-03 02:15:25,742 [IPC Server Responder] INFO  ipc.Server (Server.java:run(1319)) - Stopping IPC Server Responder
2019-10-03 02:15:25,742 [Thread-439] INFO  server.StorageContainerManager (StorageContainerManager.java:stop(844)) - Stopping Storage Container Manager HTTP server.
2019-10-03 02:15:25,745 [Thread-439] INFO  handler.ContextHandler (ContextHandler.java:doStop(910)) - Stopped o.e.j.w.WebAppContext@1c15bed2{/,null,UNAVAILABLE}{/scm}
2019-10-03 02:15:25,746 [Thread-439] INFO  server.AbstractConnector (AbstractConnector.java:doStop(318)) - Stopped ServerConnector@9534e5d{HTTP/1.1,[http/1.1]}{0.0.0.0:0}
2019-10-03 02:15:25,746 [Thread-439] INFO  handler.ContextHandler (ContextHandler.java:doStop(910)) - Stopped o.e.j.s.ServletContextHandler@5dc01ae{/static,jar:file:/home/user/.m2/repository/org/apache/hadoop/hadoop-hdds-server-scm/0.5.0-SNAPSHOT/hadoop-hdds-server-scm-0.5.0-SNAPSHOT.jar!/webapps/static,UNAVAILABLE}
2019-10-03 02:15:25,747 [Thread-439] INFO  handler.ContextHandler (ContextHandler.java:doStop(910)) - Stopped o.e.j.s.ServletContextHandler@575aacc5{/logs,file:///workdir/hadoop-ozone/ozonefs/target/log,UNAVAILABLE}
2019-10-03 02:15:25,748 [Thread-439] INFO  server.StorageContainerManager (StorageContainerManager.java:stop(855)) - Stopping Block Manager Service.
2019-10-03 02:15:25,748 [Thread-439] INFO  utils.BackgroundService (BackgroundService.java:shutdown(148)) - Shutting down service SCMBlockDeletingService
2019-10-03 02:15:25,748 [Thread-439] INFO  utils.BackgroundService (BackgroundService.java:shutdown(148)) - Shutting down service SCMBlockDeletingService
2019-10-03 02:15:25,749 [Thread-439] INFO  server.StorageContainerManager (StorageContainerManager.java:stop(877)) - Stopping SCM Event Queue.
2019-10-03 02:15:25,754 [Thread-439] INFO  impl.MetricsSystemImpl (MetricsSystemImpl.java:stop(210)) - Stopping HddsDatanode metrics system...
2019-10-03 02:15:25,760 [Thread-439] INFO  impl.MetricsSystemImpl (MetricsSystemImpl.java:stop(216)) - HddsDatanode metrics system stopped.
]]></system-out>
  </testcase>
  <testcase name="testListStatus" classname="org.apache.hadoop.fs.ozone.TestOzoneFileSystem" time="17.361"/>
  <testcase name="testCreateDoesNotAddParentDirKeys" classname="org.apache.hadoop.fs.ozone.TestOzoneFileSystem" time="17.044"/>
  <testcase name="testDeleteCreatesFakeParentDir" classname="org.apache.hadoop.fs.ozone.TestOzoneFileSystem" time="16.126">
    <error message="Key not found" type="KEY_NOT_FOUND org.apache.hadoop.ozone.om.exceptions.OMException">KEY_NOT_FOUND org.apache.hadoop.ozone.om.exceptions.OMException: Key not found
	at org.apache.hadoop.ozone.om.protocolPB.OzoneManagerProtocolClientSideTranslatorPB.handleError(OzoneManagerProtocolClientSideTranslatorPB.java:732)
	at org.apache.hadoop.ozone.om.protocolPB.OzoneManagerProtocolClientSideTranslatorPB.lookupKey(OzoneManagerProtocolClientSideTranslatorPB.java:812)
	at sun.reflect.NativeMethodAccessorImpl.invoke0(Native Method)
	at sun.reflect.NativeMethodAccessorImpl.invoke(NativeMethodAccessorImpl.java:62)
	at sun.reflect.DelegatingMethodAccessorImpl.invoke(DelegatingMethodAccessorImpl.java:43)
	at java.lang.reflect.Method.invoke(Method.java:498)
	at org.apache.hadoop.hdds.tracing.TraceAllMethod.invoke(TraceAllMethod.java:66)
	at com.sun.proxy.$Proxy38.lookupKey(Unknown Source)
	at org.apache.hadoop.ozone.client.rpc.RpcClient.getKeyDetails(RpcClient.java:706)
	at org.apache.hadoop.ozone.client.OzoneBucket.getKey(OzoneBucket.java:345)
	at org.apache.hadoop.fs.ozone.TestOzoneFileSystem.getKey(TestOzoneFileSystem.java:299)
	at org.apache.hadoop.fs.ozone.TestOzoneFileSystem.testDeleteCreatesFakeParentDir(TestOzoneFileSystem.java:150)
	at sun.reflect.NativeMethodAccessorImpl.invoke0(Native Method)
	at sun.reflect.NativeMethodAccessorImpl.invoke(NativeMethodAccessorImpl.java:62)
	at sun.reflect.DelegatingMethodAccessorImpl.invoke(DelegatingMethodAccessorImpl.java:43)
	at java.lang.reflect.Method.invoke(Method.java:498)
	at org.junit.runners.model.FrameworkMethod$1.runReflectiveCall(FrameworkMethod.java:47)
	at org.junit.internal.runners.model.ReflectiveCallable.run(ReflectiveCallable.java:12)
	at org.junit.runners.model.FrameworkMethod.invokeExplosively(FrameworkMethod.java:44)
	at org.junit.internal.runners.statements.InvokeMethod.evaluate(InvokeMethod.java:17)
	at org.junit.internal.runners.statements.RunBefores.evaluate(RunBefores.java:26)
	at org.junit.internal.runners.statements.RunAfters.evaluate(RunAfters.java:27)
	at org.junit.internal.runners.statements.FailOnTimeout$StatementThread.run(FailOnTimeout.java:74)
</error>
    <system-out><![CDATA[2019-10-03 02:16:00,214 [Thread-1092] WARN  server.ServerUtils (ServerUtils.java:getScmDbDir(145)) - ozone.scm.db.dirs is not configured. We recommend adding this setting. Falling back to ozone.metadata.dirs instead.
2019-10-03 02:16:00,230 [Thread-1092] WARN  server.ServerUtils (ServerUtils.java:getScmDbDir(145)) - ozone.scm.db.dirs is not configured. We recommend adding this setting. Falling back to ozone.metadata.dirs instead.
2019-10-03 02:16:00,230 [Thread-1092] WARN  server.ServerUtils (ServerUtils.java:getScmDbDir(145)) - ozone.scm.db.dirs is not configured. We recommend adding this setting. Falling back to ozone.metadata.dirs instead.
2019-10-03 02:16:00,231 [Thread-1092] INFO  db.DBStoreBuilder (DBStoreBuilder.java:addTable(110)) - using custom profile for table: deletedBlocks
2019-10-03 02:16:00,231 [Thread-1092] INFO  db.DBStoreBuilder (DBStoreBuilder.java:processTables(161)) - Using default column profile:DBProfile.DISK for Table:deletedBlocks
2019-10-03 02:16:00,231 [Thread-1092] INFO  db.DBStoreBuilder (DBStoreBuilder.java:addTable(110)) - using custom profile for table: validCerts
2019-10-03 02:16:00,232 [Thread-1092] INFO  db.DBStoreBuilder (DBStoreBuilder.java:processTables(161)) - Using default column profile:DBProfile.DISK for Table:validCerts
2019-10-03 02:16:00,232 [Thread-1092] INFO  db.DBStoreBuilder (DBStoreBuilder.java:addTable(110)) - using custom profile for table: revokedCerts
2019-10-03 02:16:00,232 [Thread-1092] INFO  db.DBStoreBuilder (DBStoreBuilder.java:processTables(161)) - Using default column profile:DBProfile.DISK for Table:revokedCerts
2019-10-03 02:16:00,232 [Thread-1092] INFO  db.DBStoreBuilder (DBStoreBuilder.java:addTable(110)) - using custom profile for table: default
2019-10-03 02:16:00,233 [Thread-1092] INFO  db.DBStoreBuilder (DBStoreBuilder.java:processTables(167)) - Using default column profile:DBProfile.DISK for Table:default
2019-10-03 02:16:00,233 [Thread-1092] INFO  db.DBStoreBuilder (DBStoreBuilder.java:getDbProfile(198)) - Using default options. DBProfile.DISK
2019-10-03 02:16:00,432 [Thread-1092] INFO  net.NodeSchemaLoader (NodeSchemaLoader.java:loadSchemaFromFile(125)) - Loading file from sun.misc.CompoundEnumeration@3a7d9583
2019-10-03 02:16:00,432 [Thread-1092] INFO  net.NodeSchemaLoader (NodeSchemaLoader.java:loadSchema(171)) - Loading network topology layer schema file
2019-10-03 02:16:00,438 [Thread-1092] WARN  server.ServerUtils (ServerUtils.java:sanitizeUserArgs(70)) - ozone.scm.stale.node.interval value = 300000 is larger than max = 100000 based on the key value of ozone.scm.heartbeat.thread.interval, reset to the max value 100000.
2019-10-03 02:16:00,439 [Thread-1092] WARN  server.ServerUtils (ServerUtils.java:sanitizeUserArgs(70)) - ozone.scm.stale.node.interval value = 300000 is larger than max = 100000 based on the key value of ozone.scm.heartbeat.thread.interval, reset to the max value 100000.
2019-10-03 02:16:00,439 [Thread-1092] INFO  node.SCMNodeManager (SCMNodeManager.java:<init>(114)) - Entering startup safe mode.
2019-10-03 02:16:00,440 [Thread-1092] INFO  algorithms.ContainerPlacementPolicyFactory (ContainerPlacementPolicyFactory.java:getPolicy(57)) - Create container placement policy of type org.apache.hadoop.hdds.scm.container.placement.algorithms.SCMContainerPlacementRandom
2019-10-03 02:16:00,440 [Thread-1092] WARN  server.ServerUtils (ServerUtils.java:getScmDbDir(145)) - ozone.scm.db.dirs is not configured. We recommend adding this setting. Falling back to ozone.metadata.dirs instead.
2019-10-03 02:16:00,485 [Thread-1092] INFO  pipeline.SCMPipelineManager (SCMPipelineManager.java:initializePipelineState(132)) - No pipeline exists in current db
2019-10-03 02:16:00,486 [Thread-1092] WARN  server.ServerUtils (ServerUtils.java:getScmDbDir(145)) - ozone.scm.db.dirs is not configured. We recommend adding this setting. Falling back to ozone.metadata.dirs instead.
2019-10-03 02:16:00,556 [Thread-1092] WARN  events.EventQueue (EventQueue.java:fireEvent(183)) - No event handler registered for event TypedEvent{payloadType=SafeModeStatus, name='SafeModeStatus'}
2019-10-03 02:16:00,557 [Thread-1092] INFO  ipc.CallQueueManager (CallQueueManager.java:<init>(84)) - Using callQueue: class java.util.concurrent.LinkedBlockingQueue, queueCapacity: 2000, scheduler: class org.apache.hadoop.ipc.DefaultRpcScheduler, ipcBackoff: false.
2019-10-03 02:16:00,558 [Socket Reader #1 for port 44824] INFO  ipc.Server (Server.java:run(1074)) - Starting Socket Reader #1 for port 44824
2019-10-03 02:16:00,560 [Thread-1092] INFO  ipc.CallQueueManager (CallQueueManager.java:<init>(84)) - Using callQueue: class java.util.concurrent.LinkedBlockingQueue, queueCapacity: 2000, scheduler: class org.apache.hadoop.ipc.DefaultRpcScheduler, ipcBackoff: false.
2019-10-03 02:16:00,561 [Socket Reader #1 for port 45537] INFO  ipc.Server (Server.java:run(1074)) - Starting Socket Reader #1 for port 45537
2019-10-03 02:16:00,563 [Thread-1092] INFO  ipc.CallQueueManager (CallQueueManager.java:<init>(84)) - Using callQueue: class java.util.concurrent.LinkedBlockingQueue, queueCapacity: 2000, scheduler: class org.apache.hadoop.ipc.DefaultRpcScheduler, ipcBackoff: false.
2019-10-03 02:16:00,563 [Socket Reader #1 for port 35356] INFO  ipc.Server (Server.java:run(1074)) - Starting Socket Reader #1 for port 35356
2019-10-03 02:16:00,569 [Thread-1092] INFO  hdfs.DFSUtil (DFSUtil.java:httpServerTemplateForNNAndJN(1641)) - Starting Web-server for scm at: http://0.0.0.0:0
2019-10-03 02:16:00,572 [Thread-1092] INFO  server.AuthenticationFilter (AuthenticationFilter.java:constructSecretProvider(240)) - Unable to initialize FileSignerSecretProvider, falling back to use random secrets.
2019-10-03 02:16:00,573 [Thread-1092] WARN  http.HttpRequestLog (HttpRequestLog.java:getRequestLog(97)) - Jetty request log can only be enabled using Log4j
2019-10-03 02:16:00,575 [Thread-1092] INFO  http.HttpServer2 (HttpServer2.java:addGlobalFilter(975)) - Added global filter 'safety' (class=org.apache.hadoop.http.HttpServer2$QuotingInputFilter)
2019-10-03 02:16:00,576 [Thread-1092] INFO  http.HttpServer2 (HttpServer2.java:addFilter(948)) - Added filter static_user_filter (class=org.apache.hadoop.http.lib.StaticUserWebFilter$StaticUserFilter) to context scm
2019-10-03 02:16:00,576 [Thread-1092] INFO  http.HttpServer2 (HttpServer2.java:addFilter(958)) - Added filter static_user_filter (class=org.apache.hadoop.http.lib.StaticUserWebFilter$StaticUserFilter) to context logs
2019-10-03 02:16:00,576 [Thread-1092] INFO  http.HttpServer2 (HttpServer2.java:addFilter(958)) - Added filter static_user_filter (class=org.apache.hadoop.http.lib.StaticUserWebFilter$StaticUserFilter) to context static
2019-10-03 02:16:00,578 [Thread-1092] INFO  server.StorageContainerManager (StorageContainerManager.java:start(770)) - StorageContainerLocationProtocol RPC server is listening at /0.0.0.0:35356
2019-10-03 02:16:00,581 [Thread-1092] WARN  impl.MetricsConfig (MetricsConfig.java:loadFirst(134)) - Cannot locate configuration: tried hadoop-metrics2-storagecontainermanager.properties,hadoop-metrics2.properties
2019-10-03 02:16:00,582 [Thread-1092] INFO  impl.MetricsSystemImpl (MetricsSystemImpl.java:startTimer(374)) - Scheduled Metric snapshot period at 10 second(s).
2019-10-03 02:16:00,582 [Thread-1092] INFO  impl.MetricsSystemImpl (MetricsSystemImpl.java:start(191)) - StorageContainerManager metrics system started
2019-10-03 02:16:00,608 [Thread-1092] WARN  impl.MetricsSystemImpl (MetricsSystemImpl.java:register(276)) - Sink prometheus already exists!
2019-10-03 02:16:00,667 [Thread-1092] INFO  server.SCMClientProtocolServer (SCMClientProtocolServer.java:start(150)) - RPC server for Client  is listening at /0.0.0.0:35356
2019-10-03 02:16:00,668 [IPC Server Responder] INFO  ipc.Server (Server.java:run(1314)) - IPC Server Responder: starting
2019-10-03 02:16:00,668 [IPC Server listener on 35356] INFO  ipc.Server (Server.java:run(1153)) - IPC Server listener on 35356: starting
2019-10-03 02:16:00,672 [Thread-1092] INFO  server.StorageContainerManager (StorageContainerManager.java:start(780)) - ScmBlockLocationProtocol RPC server is listening at /0.0.0.0:45537
2019-10-03 02:16:00,672 [Thread-1092] INFO  server.SCMBlockProtocolServer (SCMBlockProtocolServer.java:start(146)) - RPC server for Block Protocol is listening at /0.0.0.0:45537
2019-10-03 02:16:00,672 [IPC Server Responder] INFO  ipc.Server (Server.java:run(1314)) - IPC Server Responder: starting
2019-10-03 02:16:00,672 [IPC Server listener on 45537] INFO  ipc.Server (Server.java:run(1153)) - IPC Server listener on 45537: starting
2019-10-03 02:16:00,676 [Thread-1092] INFO  server.StorageContainerManager (StorageContainerManager.java:start(784)) - ScmDatanodeProtocl RPC server is listening at /0.0.0.0:44824
2019-10-03 02:16:00,677 [Thread-1092] INFO  server.SCMDatanodeProtocolServer (SCMDatanodeProtocolServer.java:start(191)) - RPC server for DataNodes is listening at /0.0.0.0:44824
2019-10-03 02:16:00,677 [IPC Server Responder] INFO  ipc.Server (Server.java:run(1314)) - IPC Server Responder: starting
2019-10-03 02:16:00,677 [IPC Server listener on 44824] INFO  ipc.Server (Server.java:run(1153)) - IPC Server listener on 44824: starting
2019-10-03 02:16:00,685 [Thread-1092] INFO  http.HttpServer2 (HttpServer2.java:bindListener(1191)) - Jetty bound to port 39579
2019-10-03 02:16:00,685 [Thread-1092] INFO  server.Server (Server.java:doStart(351)) - jetty-9.3.25.v20180904, build timestamp: 2018-09-04T21:11:46Z, git hash: 3ce520221d0240229c862b122d2b06c12a625732
2019-10-03 02:16:00,688 [Thread-1092] INFO  handler.ContextHandler (ContextHandler.java:doStart(781)) - Started o.e.j.s.ServletContextHandler@613155a{/logs,file:///workdir/hadoop-ozone/ozonefs/target/log,AVAILABLE}
2019-10-03 02:16:00,689 [Thread-1092] INFO  handler.ContextHandler (ContextHandler.java:doStart(781)) - Started o.e.j.s.ServletContextHandler@4f25fdc{/static,jar:file:/home/user/.m2/repository/org/apache/hadoop/hadoop-hdds-server-scm/0.5.0-SNAPSHOT/hadoop-hdds-server-scm-0.5.0-SNAPSHOT.jar!/webapps/static,AVAILABLE}
2019-10-03 02:16:00,761 [Thread-1092] INFO  handler.ContextHandler (ContextHandler.java:doStart(781)) - Started o.e.j.w.WebAppContext@787d4277{/,file:///tmp/jetty-0.0.0.0-39579-scm-_-any-4025777953167812569.dir/webapp/,AVAILABLE}{/scm}
2019-10-03 02:16:00,762 [Thread-1092] INFO  server.AbstractConnector (AbstractConnector.java:doStart(278)) - Started ServerConnector@6651d450{HTTP/1.1,[http/1.1]}{0.0.0.0:39579}
2019-10-03 02:16:00,763 [Thread-1092] INFO  server.Server (Server.java:doStart(419)) - Started @92167ms
2019-10-03 02:16:00,764 [Thread-1092] WARN  impl.MetricsSystemImpl (MetricsSystemImpl.java:register(276)) - Sink prometheus already exists!
2019-10-03 02:16:00,764 [Thread-1092] INFO  server.BaseHttpServer (BaseHttpServer.java:updateConnectorAddress(215)) - HTTP server of SCM is listening at http://0.0.0.0:39579
2019-10-03 02:16:00,766 [Thread-1092] WARN  server.ServerUtils (ServerUtils.java:getDBPath(222)) - ozone.om.db.dirs is not configured. We recommend adding this setting. Falling back to ozone.metadata.dirs instead.
2019-10-03 02:16:00,766 [org.apache.hadoop.util.JvmPauseMonitor$Monitor@c148b46] INFO  util.JvmPauseMonitor (JvmPauseMonitor.java:run(188)) - Starting JVM pause monitor
2019-10-03 02:16:00,803 [Thread-1092] WARN  server.ServerUtils (ServerUtils.java:getDBPath(222)) - ozone.om.db.dirs is not configured. We recommend adding this setting. Falling back to ozone.metadata.dirs instead.
2019-10-03 02:16:00,803 [Thread-1092] WARN  server.ServerUtils (ServerUtils.java:getDBPath(222)) - ozone.om.db.dirs is not configured. We recommend adding this setting. Falling back to ozone.metadata.dirs instead.
2019-10-03 02:16:00,804 [Thread-1092] INFO  om.OzoneManager (OzoneManager.java:setOMNodeDetails(652)) - OM Service ID is not set. Setting it to the default ID: omServiceIdDefault
2019-10-03 02:16:00,804 [Thread-1092] INFO  om.OzoneManager (OzoneManager.java:setOMNodeDetails(658)) - OM Node ID is not set. Setting it to the OmStorage's OmID: bfa0db2d-586f-449e-88ed-43d9ef37c5b0
2019-10-03 02:16:00,804 [Thread-1092] INFO  om.OzoneManager (OzoneManager.java:loadOMHAConfigs(609)) - Found matching OM address with OMServiceId: null, OMNodeId: null, RPC Address: localhost:0 and Ratis port: 9872
2019-10-03 02:16:00,816 [Thread-1092] WARN  server.ServerUtils (ServerUtils.java:getDBPath(222)) - ozone.om.db.dirs is not configured. We recommend adding this setting. Falling back to ozone.metadata.dirs instead.
2019-10-03 02:16:00,817 [Thread-1092] INFO  db.DBStoreBuilder (DBStoreBuilder.java:addTable(110)) - using custom profile for table: userTable
2019-10-03 02:16:00,817 [Thread-1092] INFO  db.DBStoreBuilder (DBStoreBuilder.java:processTables(161)) - Using default column profile:DBProfile.DISK for Table:userTable
2019-10-03 02:16:00,817 [Thread-1092] INFO  db.DBStoreBuilder (DBStoreBuilder.java:addTable(110)) - using custom profile for table: volumeTable
2019-10-03 02:16:00,817 [Thread-1092] INFO  db.DBStoreBuilder (DBStoreBuilder.java:processTables(161)) - Using default column profile:DBProfile.DISK for Table:volumeTable
2019-10-03 02:16:00,818 [Thread-1092] INFO  db.DBStoreBuilder (DBStoreBuilder.java:addTable(110)) - using custom profile for table: bucketTable
2019-10-03 02:16:00,818 [Thread-1092] INFO  db.DBStoreBuilder (DBStoreBuilder.java:processTables(161)) - Using default column profile:DBProfile.DISK for Table:bucketTable
2019-10-03 02:16:00,818 [Thread-1092] INFO  db.DBStoreBuilder (DBStoreBuilder.java:addTable(110)) - using custom profile for table: keyTable
2019-10-03 02:16:00,818 [Thread-1092] INFO  db.DBStoreBuilder (DBStoreBuilder.java:processTables(161)) - Using default column profile:DBProfile.DISK for Table:keyTable
2019-10-03 02:16:00,819 [Thread-1092] INFO  db.DBStoreBuilder (DBStoreBuilder.java:addTable(110)) - using custom profile for table: deletedTable
2019-10-03 02:16:00,819 [Thread-1092] INFO  db.DBStoreBuilder (DBStoreBuilder.java:processTables(161)) - Using default column profile:DBProfile.DISK for Table:deletedTable
2019-10-03 02:16:00,819 [Thread-1092] INFO  db.DBStoreBuilder (DBStoreBuilder.java:addTable(110)) - using custom profile for table: openKeyTable
2019-10-03 02:16:00,819 [Thread-1092] INFO  db.DBStoreBuilder (DBStoreBuilder.java:processTables(161)) - Using default column profile:DBProfile.DISK for Table:openKeyTable
2019-10-03 02:16:00,819 [Thread-1092] INFO  db.DBStoreBuilder (DBStoreBuilder.java:addTable(110)) - using custom profile for table: s3Table
2019-10-03 02:16:00,820 [Thread-1092] INFO  db.DBStoreBuilder (DBStoreBuilder.java:processTables(161)) - Using default column profile:DBProfile.DISK for Table:s3Table
2019-10-03 02:16:00,820 [Thread-1092] INFO  db.DBStoreBuilder (DBStoreBuilder.java:addTable(110)) - using custom profile for table: multipartInfoTable
2019-10-03 02:16:00,820 [Thread-1092] INFO  db.DBStoreBuilder (DBStoreBuilder.java:processTables(161)) - Using default column profile:DBProfile.DISK for Table:multipartInfoTable
2019-10-03 02:16:00,820 [Thread-1092] INFO  db.DBStoreBuilder (DBStoreBuilder.java:addTable(110)) - using custom profile for table: dTokenTable
2019-10-03 02:16:00,821 [Thread-1092] INFO  db.DBStoreBuilder (DBStoreBuilder.java:processTables(161)) - Using default column profile:DBProfile.DISK for Table:dTokenTable
2019-10-03 02:16:00,821 [Thread-1092] INFO  db.DBStoreBuilder (DBStoreBuilder.java:addTable(110)) - using custom profile for table: s3SecretTable
2019-10-03 02:16:00,821 [Thread-1092] INFO  db.DBStoreBuilder (DBStoreBuilder.java:processTables(161)) - Using default column profile:DBProfile.DISK for Table:s3SecretTable
2019-10-03 02:16:00,821 [Thread-1092] INFO  db.DBStoreBuilder (DBStoreBuilder.java:addTable(110)) - using custom profile for table: prefixTable
2019-10-03 02:16:00,821 [Thread-1092] INFO  db.DBStoreBuilder (DBStoreBuilder.java:processTables(161)) - Using default column profile:DBProfile.DISK for Table:prefixTable
2019-10-03 02:16:00,822 [Thread-1092] INFO  db.DBStoreBuilder (DBStoreBuilder.java:addTable(110)) - using custom profile for table: default
2019-10-03 02:16:00,822 [Thread-1092] INFO  db.DBStoreBuilder (DBStoreBuilder.java:processTables(167)) - Using default column profile:DBProfile.DISK for Table:default
2019-10-03 02:16:00,822 [Thread-1092] INFO  db.DBStoreBuilder (DBStoreBuilder.java:getDbProfile(198)) - Using default options. DBProfile.DISK
2019-10-03 02:16:01,391 [Thread-1092] INFO  ipc.CallQueueManager (CallQueueManager.java:<init>(84)) - Using callQueue: class java.util.concurrent.LinkedBlockingQueue, queueCapacity: 2000, scheduler: class org.apache.hadoop.ipc.DefaultRpcScheduler, ipcBackoff: false.
2019-10-03 02:16:01,393 [Socket Reader #1 for port 35399] INFO  ipc.Server (Server.java:run(1074)) - Starting Socket Reader #1 for port 35399
2019-10-03 02:16:01,427 [Thread-1092] INFO  om.OzoneManager (OzoneManager.java:start(1243)) - OzoneManager RPC server is listening at localhost/127.0.0.1:35399
2019-10-03 02:16:01,428 [Thread-1092] INFO  impl.MetricsSystemImpl (MetricsSystemImpl.java:init(158)) - OzoneManager metrics system started (again)
2019-10-03 02:16:01,429 [IPC Server Responder] INFO  ipc.Server (Server.java:run(1314)) - IPC Server Responder: starting
2019-10-03 02:16:01,429 [IPC Server listener on 35399] INFO  ipc.Server (Server.java:run(1153)) - IPC Server listener on 35399: starting
2019-10-03 02:16:01,435 [Thread-1092] INFO  hdfs.DFSUtil (DFSUtil.java:httpServerTemplateForNNAndJN(1641)) - Starting Web-server for ozoneManager at: http://0.0.0.0:0
2019-10-03 02:16:01,439 [Thread-1092] INFO  server.AuthenticationFilter (AuthenticationFilter.java:constructSecretProvider(240)) - Unable to initialize FileSignerSecretProvider, falling back to use random secrets.
2019-10-03 02:16:01,439 [Thread-1092] WARN  http.HttpRequestLog (HttpRequestLog.java:getRequestLog(97)) - Jetty request log can only be enabled using Log4j
2019-10-03 02:16:01,442 [Thread-1092] INFO  http.HttpServer2 (HttpServer2.java:addGlobalFilter(975)) - Added global filter 'safety' (class=org.apache.hadoop.http.HttpServer2$QuotingInputFilter)
2019-10-03 02:16:01,443 [Thread-1092] INFO  http.HttpServer2 (HttpServer2.java:addFilter(948)) - Added filter static_user_filter (class=org.apache.hadoop.http.lib.StaticUserWebFilter$StaticUserFilter) to context ozoneManager
2019-10-03 02:16:01,444 [Thread-1092] INFO  http.HttpServer2 (HttpServer2.java:addFilter(958)) - Added filter static_user_filter (class=org.apache.hadoop.http.lib.StaticUserWebFilter$StaticUserFilter) to context logs
2019-10-03 02:16:01,444 [Thread-1092] INFO  http.HttpServer2 (HttpServer2.java:addFilter(958)) - Added filter static_user_filter (class=org.apache.hadoop.http.lib.StaticUserWebFilter$StaticUserFilter) to context static
2019-10-03 02:16:01,445 [Thread-1092] INFO  http.HttpServer2 (HttpServer2.java:bindListener(1191)) - Jetty bound to port 33516
2019-10-03 02:16:01,445 [Thread-1092] INFO  server.Server (Server.java:doStart(351)) - jetty-9.3.25.v20180904, build timestamp: 2018-09-04T21:11:46Z, git hash: 3ce520221d0240229c862b122d2b06c12a625732
2019-10-03 02:16:01,448 [Thread-1092] INFO  handler.ContextHandler (ContextHandler.java:doStart(781)) - Started o.e.j.s.ServletContextHandler@6dc636c4{/logs,file:///workdir/hadoop-ozone/ozonefs/target/log,AVAILABLE}
2019-10-03 02:16:01,448 [Thread-1092] INFO  handler.ContextHandler (ContextHandler.java:doStart(781)) - Started o.e.j.s.ServletContextHandler@648fc7a6{/static,jar:file:/home/user/.m2/repository/org/apache/hadoop/hadoop-ozone-ozone-manager/0.5.0-SNAPSHOT/hadoop-ozone-ozone-manager-0.5.0-SNAPSHOT.jar!/webapps/static,AVAILABLE}
2019-10-03 02:16:01,511 [Thread-1092] INFO  handler.ContextHandler (ContextHandler.java:doStart(781)) - Started o.e.j.w.WebAppContext@78f00c57{/,file:///tmp/jetty-0.0.0.0-33516-ozoneManager-_-any-1702477537196881102.dir/webapp/,AVAILABLE}{/ozoneManager}
2019-10-03 02:16:01,512 [Thread-1092] INFO  server.AbstractConnector (AbstractConnector.java:doStart(278)) - Started ServerConnector@3044ace4{HTTP/1.1,[http/1.1]}{0.0.0.0:33516}
2019-10-03 02:16:01,513 [Thread-1092] INFO  server.Server (Server.java:doStart(419)) - Started @92917ms
2019-10-03 02:16:01,514 [Thread-1092] WARN  impl.MetricsSystemImpl (MetricsSystemImpl.java:register(276)) - Sink prometheus already exists!
2019-10-03 02:16:01,516 [Thread-1092] INFO  server.BaseHttpServer (BaseHttpServer.java:updateConnectorAddress(215)) - HTTP server of OZONEMANAGER is listening at http://0.0.0.0:33516
2019-10-03 02:16:01,529 [Thread-1092] INFO  impl.MetricsSystemImpl (MetricsSystemImpl.java:init(158)) - HddsDatanode metrics system started (again)
2019-10-03 02:16:01,533 [Thread-1092] INFO  ozone.HddsDatanodeService (HddsDatanodeService.java:start(184)) - HddsDatanodeService host:pr-hdds-1737-89jld-2007629010 ip:192.168.164.205
2019-10-03 02:16:01,542 [Thread-1092] INFO  volume.HddsVolume (HddsVolume.java:<init>(176)) - Creating Volume: /workdir/hadoop-ozone/ozonefs/target/test-dir/MiniOzoneClusterImpl-eeeb1918-9560-49c3-a5cd-d264bab630ea/datanode-0/data/containers/hdds of  storage type : DISK and capacity : 1482555576320
2019-10-03 02:16:01,543 [Thread-1092] INFO  volume.VolumeSet (VolumeSet.java:initializeVolumeSet(170)) - Added Volume : /workdir/hadoop-ozone/ozonefs/target/test-dir/MiniOzoneClusterImpl-eeeb1918-9560-49c3-a5cd-d264bab630ea/datanode-0/data/containers/hdds to VolumeSet
2019-10-03 02:16:01,543 [Thread-1092] INFO  volume.ThrottledAsyncChecker (ThrottledAsyncChecker.java:schedule(139)) - Scheduling a check for org.apache.hadoop.ozone.container.common.volume.HddsVolume@572637fe
2019-10-03 02:16:01,544 [Thread-1092] INFO  volume.HddsVolumeChecker (HddsVolumeChecker.java:checkAllVolumes(202)) - Scheduled health check for volume org.apache.hadoop.ozone.container.common.volume.HddsVolume@572637fe
2019-10-03 02:16:01,572 [Thread-1092] INFO  impl.RaftServerProxy (ConfUtils.java:logGet(43)) - raft.rpc.type = GRPC (default)
2019-10-03 02:16:01,572 [Thread-1092] INFO  grpc.GrpcFactory (GrpcFactory.java:checkPooledByteBufAllocatorUseCacheForAllThreads(45)) - PERFORMANCE WARNING: useCacheForAllThreads is true that may cause Netty to create a lot garbage objects and, as a result, trigger GC.
	It is recommended to disable useCacheForAllThreads by setting -Dorg.apache.ratis.thirdparty.io.netty.allocator.useCacheForAllThreads=false in command line.
2019-10-03 02:16:01,572 [Thread-1092] INFO  grpc.GrpcConfigKeys$Server (ConfUtils.java:logGet(43)) - raft.grpc.server.port = 0 (default)
2019-10-03 02:16:01,573 [Thread-1092] INFO  server.GrpcService (ConfUtils.java:logGet(43)) - raft.grpc.message.size.max = 33570816 (custom)
2019-10-03 02:16:01,573 [Thread-1092] INFO  server.RaftServerConfigKeys (ConfUtils.java:logGet(43)) - raft.server.log.appender.buffer.byte-limit = 33554432 (custom)
2019-10-03 02:16:01,573 [Thread-1092] INFO  server.GrpcService (ConfUtils.java:logGet(43)) - raft.grpc.flow.control.window = 1MB (=1048576) (default)
2019-10-03 02:16:01,573 [Thread-1092] INFO  server.RaftServerConfigKeys (ConfUtils.java:logGet(43)) - raft.server.rpc.request.timeout = 3000ms (default)
2019-10-03 02:16:01,574 [Thread-1092] INFO  server.RaftServerConfigKeys (ConfUtils.java:logGet(43)) - raft.server.storage.dir = [/workdir/hadoop-ozone/ozonefs/target/test-dir/MiniOzoneClusterImpl-eeeb1918-9560-49c3-a5cd-d264bab630ea/datanode-0/data/ratis] (custom)
2019-10-03 02:16:01,577 [Thread-1092] INFO  hdfs.DFSUtil (DFSUtil.java:httpServerTemplateForNNAndJN(1641)) - Starting Web-server for hddsDatanode at: http://0.0.0.0:0
2019-10-03 02:16:01,580 [Thread-1092] INFO  server.AuthenticationFilter (AuthenticationFilter.java:constructSecretProvider(240)) - Unable to initialize FileSignerSecretProvider, falling back to use random secrets.
2019-10-03 02:16:01,580 [Thread-1092] WARN  http.HttpRequestLog (HttpRequestLog.java:getRequestLog(97)) - Jetty request log can only be enabled using Log4j
2019-10-03 02:16:01,583 [Thread-1092] INFO  http.HttpServer2 (HttpServer2.java:addGlobalFilter(975)) - Added global filter 'safety' (class=org.apache.hadoop.http.HttpServer2$QuotingInputFilter)
2019-10-03 02:16:01,584 [Thread-1092] INFO  http.HttpServer2 (HttpServer2.java:addFilter(948)) - Added filter static_user_filter (class=org.apache.hadoop.http.lib.StaticUserWebFilter$StaticUserFilter) to context hddsDatanode
2019-10-03 02:16:01,584 [Thread-1092] INFO  http.HttpServer2 (HttpServer2.java:addFilter(958)) - Added filter static_user_filter (class=org.apache.hadoop.http.lib.StaticUserWebFilter$StaticUserFilter) to context logs
2019-10-03 02:16:01,584 [Thread-1092] INFO  http.HttpServer2 (HttpServer2.java:addFilter(958)) - Added filter static_user_filter (class=org.apache.hadoop.http.lib.StaticUserWebFilter$StaticUserFilter) to context static
2019-10-03 02:16:01,585 [Thread-1092] INFO  http.HttpServer2 (HttpServer2.java:bindListener(1191)) - Jetty bound to port 35910
2019-10-03 02:16:01,586 [Thread-1092] INFO  server.Server (Server.java:doStart(351)) - jetty-9.3.25.v20180904, build timestamp: 2018-09-04T21:11:46Z, git hash: 3ce520221d0240229c862b122d2b06c12a625732
2019-10-03 02:16:01,588 [Thread-1092] INFO  handler.ContextHandler (ContextHandler.java:doStart(781)) - Started o.e.j.s.ServletContextHandler@2cf755f2{/logs,file:///workdir/hadoop-ozone/ozonefs/target/log,AVAILABLE}
2019-10-03 02:16:01,589 [Thread-1092] INFO  handler.ContextHandler (ContextHandler.java:doStart(781)) - Started o.e.j.s.ServletContextHandler@726ffc14{/static,jar:file:/home/user/.m2/repository/org/apache/hadoop/hadoop-hdds-container-service/0.5.0-SNAPSHOT/hadoop-hdds-container-service-0.5.0-SNAPSHOT.jar!/webapps/static,AVAILABLE}
2019-10-03 02:16:01,635 [Thread-1092] INFO  handler.ContextHandler (ContextHandler.java:doStart(781)) - Started o.e.j.w.WebAppContext@7410aa9{/,file:///tmp/jetty-0.0.0.0-35910-hddsDatanode-_-any-970406964807058582.dir/webapp/,AVAILABLE}{/hddsDatanode}
2019-10-03 02:16:01,635 [Thread-1092] INFO  server.AbstractConnector (AbstractConnector.java:doStart(278)) - Started ServerConnector@5b0dab9d{HTTP/1.1,[http/1.1]}{0.0.0.0:35910}
2019-10-03 02:16:01,637 [Thread-1092] INFO  server.Server (Server.java:doStart(419)) - Started @93040ms
2019-10-03 02:16:01,637 [Thread-1092] WARN  impl.MetricsSystemImpl (MetricsSystemImpl.java:register(276)) - Sink prometheus already exists!
2019-10-03 02:16:01,639 [Thread-1092] INFO  server.BaseHttpServer (BaseHttpServer.java:updateConnectorAddress(215)) - HTTP server of HDDSDATANODE is listening at http://0.0.0.0:35910
2019-10-03 02:16:01,639 [Thread-1092] INFO  impl.MetricsSystemImpl (MetricsSystemImpl.java:init(158)) - HddsDatanode metrics system started (again)
2019-10-03 02:16:01,643 [org.apache.hadoop.util.JvmPauseMonitor$Monitor@4ed9d33a] INFO  util.JvmPauseMonitor (JvmPauseMonitor.java:run(188)) - Starting JVM pause monitor
2019-10-03 02:16:01,644 [Thread-1092] INFO  ozone.HddsDatanodeService (HddsDatanodeService.java:start(184)) - HddsDatanodeService host:pr-hdds-1737-89jld-2007629010 ip:192.168.164.205
2019-10-03 02:16:01,650 [Datanode State Machine Thread - 0] INFO  datanode.InitDatanodeState (InitDatanodeState.java:persistContainerDatanodeDetails(140)) - DatanodeDetails is persisted to /workdir/hadoop-ozone/ozonefs/target/test-dir/MiniOzoneClusterImpl-eeeb1918-9560-49c3-a5cd-d264bab630ea/datanode-0/meta/datanode.id
2019-10-03 02:16:01,651 [Thread-1092] INFO  volume.HddsVolume (HddsVolume.java:<init>(176)) - Creating Volume: /workdir/hadoop-ozone/ozonefs/target/test-dir/MiniOzoneClusterImpl-eeeb1918-9560-49c3-a5cd-d264bab630ea/datanode-1/data/containers/hdds of  storage type : DISK and capacity : 1482555576320
2019-10-03 02:16:01,652 [Thread-1092] INFO  volume.VolumeSet (VolumeSet.java:initializeVolumeSet(170)) - Added Volume : /workdir/hadoop-ozone/ozonefs/target/test-dir/MiniOzoneClusterImpl-eeeb1918-9560-49c3-a5cd-d264bab630ea/datanode-1/data/containers/hdds to VolumeSet
2019-10-03 02:16:01,652 [Thread-1092] INFO  volume.ThrottledAsyncChecker (ThrottledAsyncChecker.java:schedule(139)) - Scheduling a check for org.apache.hadoop.ozone.container.common.volume.HddsVolume@6dc985a4
2019-10-03 02:16:01,653 [Thread-1092] INFO  volume.HddsVolumeChecker (HddsVolumeChecker.java:checkAllVolumes(202)) - Scheduled health check for volume org.apache.hadoop.ozone.container.common.volume.HddsVolume@6dc985a4
2019-10-03 02:16:01,678 [Thread-1092] INFO  impl.RaftServerProxy (ConfUtils.java:logGet(43)) - raft.rpc.type = GRPC (default)
2019-10-03 02:16:01,678 [Thread-1092] INFO  grpc.GrpcFactory (GrpcFactory.java:checkPooledByteBufAllocatorUseCacheForAllThreads(45)) - PERFORMANCE WARNING: useCacheForAllThreads is true that may cause Netty to create a lot garbage objects and, as a result, trigger GC.
	It is recommended to disable useCacheForAllThreads by setting -Dorg.apache.ratis.thirdparty.io.netty.allocator.useCacheForAllThreads=false in command line.
2019-10-03 02:16:01,679 [Thread-1092] INFO  grpc.GrpcConfigKeys$Server (ConfUtils.java:logGet(43)) - raft.grpc.server.port = 0 (default)
2019-10-03 02:16:01,679 [Thread-1092] INFO  server.GrpcService (ConfUtils.java:logGet(43)) - raft.grpc.message.size.max = 33570816 (custom)
2019-10-03 02:16:01,679 [Thread-1092] INFO  server.RaftServerConfigKeys (ConfUtils.java:logGet(43)) - raft.server.log.appender.buffer.byte-limit = 33554432 (custom)
2019-10-03 02:16:01,679 [Thread-1092] INFO  server.GrpcService (ConfUtils.java:logGet(43)) - raft.grpc.flow.control.window = 1MB (=1048576) (default)
2019-10-03 02:16:01,679 [Thread-1092] INFO  server.RaftServerConfigKeys (ConfUtils.java:logGet(43)) - raft.server.rpc.request.timeout = 3000ms (default)
2019-10-03 02:16:01,680 [Thread-1092] INFO  server.RaftServerConfigKeys (ConfUtils.java:logGet(43)) - raft.server.storage.dir = [/workdir/hadoop-ozone/ozonefs/target/test-dir/MiniOzoneClusterImpl-eeeb1918-9560-49c3-a5cd-d264bab630ea/datanode-1/data/ratis] (custom)
2019-10-03 02:16:01,681 [Thread-1092] INFO  hdfs.DFSUtil (DFSUtil.java:httpServerTemplateForNNAndJN(1641)) - Starting Web-server for hddsDatanode at: http://0.0.0.0:0
2019-10-03 02:16:01,683 [Thread-1092] INFO  server.AuthenticationFilter (AuthenticationFilter.java:constructSecretProvider(240)) - Unable to initialize FileSignerSecretProvider, falling back to use random secrets.
2019-10-03 02:16:01,683 [Thread-1092] WARN  http.HttpRequestLog (HttpRequestLog.java:getRequestLog(97)) - Jetty request log can only be enabled using Log4j
2019-10-03 02:16:01,685 [Thread-1092] INFO  http.HttpServer2 (HttpServer2.java:addGlobalFilter(975)) - Added global filter 'safety' (class=org.apache.hadoop.http.HttpServer2$QuotingInputFilter)
2019-10-03 02:16:01,686 [Thread-1092] INFO  http.HttpServer2 (HttpServer2.java:addFilter(948)) - Added filter static_user_filter (class=org.apache.hadoop.http.lib.StaticUserWebFilter$StaticUserFilter) to context hddsDatanode
2019-10-03 02:16:01,686 [Thread-1092] INFO  http.HttpServer2 (HttpServer2.java:addFilter(958)) - Added filter static_user_filter (class=org.apache.hadoop.http.lib.StaticUserWebFilter$StaticUserFilter) to context logs
2019-10-03 02:16:01,686 [Thread-1092] INFO  http.HttpServer2 (HttpServer2.java:addFilter(958)) - Added filter static_user_filter (class=org.apache.hadoop.http.lib.StaticUserWebFilter$StaticUserFilter) to context static
2019-10-03 02:16:01,687 [Thread-1092] INFO  http.HttpServer2 (HttpServer2.java:bindListener(1191)) - Jetty bound to port 45415
2019-10-03 02:16:01,687 [Thread-1092] INFO  server.Server (Server.java:doStart(351)) - jetty-9.3.25.v20180904, build timestamp: 2018-09-04T21:11:46Z, git hash: 3ce520221d0240229c862b122d2b06c12a625732
2019-10-03 02:16:01,689 [Thread-1092] INFO  handler.ContextHandler (ContextHandler.java:doStart(781)) - Started o.e.j.s.ServletContextHandler@4af2c60a{/logs,file:///workdir/hadoop-ozone/ozonefs/target/log,AVAILABLE}
2019-10-03 02:16:01,690 [Thread-1092] INFO  handler.ContextHandler (ContextHandler.java:doStart(781)) - Started o.e.j.s.ServletContextHandler@2496306e{/static,jar:file:/home/user/.m2/repository/org/apache/hadoop/hadoop-hdds-container-service/0.5.0-SNAPSHOT/hadoop-hdds-container-service-0.5.0-SNAPSHOT.jar!/webapps/static,AVAILABLE}
2019-10-03 02:16:01,718 [Thread-1092] INFO  handler.ContextHandler (ContextHandler.java:doStart(781)) - Started o.e.j.w.WebAppContext@31edccff{/,file:///tmp/jetty-0.0.0.0-45415-hddsDatanode-_-any-1931767091507170745.dir/webapp/,AVAILABLE}{/hddsDatanode}
2019-10-03 02:16:01,719 [Thread-1092] INFO  server.AbstractConnector (AbstractConnector.java:doStart(278)) - Started ServerConnector@122a0f8f{HTTP/1.1,[http/1.1]}{0.0.0.0:45415}
2019-10-03 02:16:01,720 [Thread-1092] INFO  server.Server (Server.java:doStart(419)) - Started @93123ms
2019-10-03 02:16:01,720 [Thread-1092] WARN  impl.MetricsSystemImpl (MetricsSystemImpl.java:register(276)) - Sink prometheus already exists!
2019-10-03 02:16:01,721 [Thread-1092] INFO  server.BaseHttpServer (BaseHttpServer.java:updateConnectorAddress(215)) - HTTP server of HDDSDATANODE is listening at http://0.0.0.0:45415
2019-10-03 02:16:01,721 [Thread-1092] INFO  impl.MetricsSystemImpl (MetricsSystemImpl.java:init(158)) - HddsDatanode metrics system started (again)
2019-10-03 02:16:01,725 [org.apache.hadoop.util.JvmPauseMonitor$Monitor@10dafd7e] INFO  util.JvmPauseMonitor (JvmPauseMonitor.java:run(188)) - Starting JVM pause monitor
2019-10-03 02:16:01,725 [Thread-1092] INFO  ozone.HddsDatanodeService (HddsDatanodeService.java:start(184)) - HddsDatanodeService host:pr-hdds-1737-89jld-2007629010 ip:192.168.164.205
2019-10-03 02:16:01,727 [Datanode State Machine Thread - 0] INFO  datanode.InitDatanodeState (InitDatanodeState.java:persistContainerDatanodeDetails(140)) - DatanodeDetails is persisted to /workdir/hadoop-ozone/ozonefs/target/test-dir/MiniOzoneClusterImpl-eeeb1918-9560-49c3-a5cd-d264bab630ea/datanode-1/meta/datanode.id
2019-10-03 02:16:01,731 [Thread-1092] INFO  volume.HddsVolume (HddsVolume.java:<init>(176)) - Creating Volume: /workdir/hadoop-ozone/ozonefs/target/test-dir/MiniOzoneClusterImpl-eeeb1918-9560-49c3-a5cd-d264bab630ea/datanode-2/data/containers/hdds of  storage type : DISK and capacity : 1482555576320
2019-10-03 02:16:01,732 [Thread-1092] INFO  volume.VolumeSet (VolumeSet.java:initializeVolumeSet(170)) - Added Volume : /workdir/hadoop-ozone/ozonefs/target/test-dir/MiniOzoneClusterImpl-eeeb1918-9560-49c3-a5cd-d264bab630ea/datanode-2/data/containers/hdds to VolumeSet
2019-10-03 02:16:01,732 [Thread-1092] INFO  volume.ThrottledAsyncChecker (ThrottledAsyncChecker.java:schedule(139)) - Scheduling a check for org.apache.hadoop.ozone.container.common.volume.HddsVolume@11112b34
2019-10-03 02:16:01,732 [Thread-1092] INFO  volume.HddsVolumeChecker (HddsVolumeChecker.java:checkAllVolumes(202)) - Scheduled health check for volume org.apache.hadoop.ozone.container.common.volume.HddsVolume@11112b34
2019-10-03 02:16:01,753 [Thread-1092] INFO  impl.RaftServerProxy (ConfUtils.java:logGet(43)) - raft.rpc.type = GRPC (default)
2019-10-03 02:16:01,753 [Thread-1092] INFO  grpc.GrpcFactory (GrpcFactory.java:checkPooledByteBufAllocatorUseCacheForAllThreads(45)) - PERFORMANCE WARNING: useCacheForAllThreads is true that may cause Netty to create a lot garbage objects and, as a result, trigger GC.
	It is recommended to disable useCacheForAllThreads by setting -Dorg.apache.ratis.thirdparty.io.netty.allocator.useCacheForAllThreads=false in command line.
2019-10-03 02:16:01,753 [Thread-1092] INFO  grpc.GrpcConfigKeys$Server (ConfUtils.java:logGet(43)) - raft.grpc.server.port = 0 (default)
2019-10-03 02:16:01,753 [Thread-1092] INFO  server.GrpcService (ConfUtils.java:logGet(43)) - raft.grpc.message.size.max = 33570816 (custom)
2019-10-03 02:16:01,754 [Thread-1092] INFO  server.RaftServerConfigKeys (ConfUtils.java:logGet(43)) - raft.server.log.appender.buffer.byte-limit = 33554432 (custom)
2019-10-03 02:16:01,754 [Thread-1092] INFO  server.GrpcService (ConfUtils.java:logGet(43)) - raft.grpc.flow.control.window = 1MB (=1048576) (default)
2019-10-03 02:16:01,754 [Thread-1092] INFO  server.RaftServerConfigKeys (ConfUtils.java:logGet(43)) - raft.server.rpc.request.timeout = 3000ms (default)
2019-10-03 02:16:01,754 [Thread-1092] INFO  server.RaftServerConfigKeys (ConfUtils.java:logGet(43)) - raft.server.storage.dir = [/workdir/hadoop-ozone/ozonefs/target/test-dir/MiniOzoneClusterImpl-eeeb1918-9560-49c3-a5cd-d264bab630ea/datanode-2/data/ratis] (custom)
2019-10-03 02:16:01,755 [Thread-1092] INFO  hdfs.DFSUtil (DFSUtil.java:httpServerTemplateForNNAndJN(1641)) - Starting Web-server for hddsDatanode at: http://0.0.0.0:0
2019-10-03 02:16:01,757 [Thread-1092] INFO  server.AuthenticationFilter (AuthenticationFilter.java:constructSecretProvider(240)) - Unable to initialize FileSignerSecretProvider, falling back to use random secrets.
2019-10-03 02:16:01,757 [Thread-1092] WARN  http.HttpRequestLog (HttpRequestLog.java:getRequestLog(97)) - Jetty request log can only be enabled using Log4j
2019-10-03 02:16:01,759 [Thread-1092] INFO  http.HttpServer2 (HttpServer2.java:addGlobalFilter(975)) - Added global filter 'safety' (class=org.apache.hadoop.http.HttpServer2$QuotingInputFilter)
2019-10-03 02:16:01,760 [Thread-1092] INFO  http.HttpServer2 (HttpServer2.java:addFilter(948)) - Added filter static_user_filter (class=org.apache.hadoop.http.lib.StaticUserWebFilter$StaticUserFilter) to context hddsDatanode
2019-10-03 02:16:01,760 [Thread-1092] INFO  http.HttpServer2 (HttpServer2.java:addFilter(958)) - Added filter static_user_filter (class=org.apache.hadoop.http.lib.StaticUserWebFilter$StaticUserFilter) to context static
2019-10-03 02:16:01,760 [Thread-1092] INFO  http.HttpServer2 (HttpServer2.java:addFilter(958)) - Added filter static_user_filter (class=org.apache.hadoop.http.lib.StaticUserWebFilter$StaticUserFilter) to context logs
2019-10-03 02:16:01,760 [Thread-1092] INFO  http.HttpServer2 (HttpServer2.java:bindListener(1191)) - Jetty bound to port 35269
2019-10-03 02:16:01,760 [Thread-1092] INFO  server.Server (Server.java:doStart(351)) - jetty-9.3.25.v20180904, build timestamp: 2018-09-04T21:11:46Z, git hash: 3ce520221d0240229c862b122d2b06c12a625732
2019-10-03 02:16:01,762 [Thread-1092] INFO  handler.ContextHandler (ContextHandler.java:doStart(781)) - Started o.e.j.s.ServletContextHandler@3bc5c3c8{/logs,file:///workdir/hadoop-ozone/ozonefs/target/log,AVAILABLE}
2019-10-03 02:16:01,763 [Thread-1092] INFO  handler.ContextHandler (ContextHandler.java:doStart(781)) - Started o.e.j.s.ServletContextHandler@7c55010c{/static,jar:file:/home/user/.m2/repository/org/apache/hadoop/hadoop-hdds-container-service/0.5.0-SNAPSHOT/hadoop-hdds-container-service-0.5.0-SNAPSHOT.jar!/webapps/static,AVAILABLE}
2019-10-03 02:16:01,789 [Thread-1092] INFO  handler.ContextHandler (ContextHandler.java:doStart(781)) - Started o.e.j.w.WebAppContext@6d5fadf6{/,file:///tmp/jetty-0.0.0.0-35269-hddsDatanode-_-any-4396130892297542195.dir/webapp/,AVAILABLE}{/hddsDatanode}
2019-10-03 02:16:01,789 [Thread-1092] INFO  server.AbstractConnector (AbstractConnector.java:doStart(278)) - Started ServerConnector@3f96cb8d{HTTP/1.1,[http/1.1]}{0.0.0.0:35269}
2019-10-03 02:16:01,791 [Thread-1092] INFO  server.Server (Server.java:doStart(419)) - Started @93194ms
2019-10-03 02:16:01,791 [Thread-1092] WARN  impl.MetricsSystemImpl (MetricsSystemImpl.java:register(276)) - Sink prometheus already exists!
2019-10-03 02:16:01,791 [Thread-1092] INFO  server.BaseHttpServer (BaseHttpServer.java:updateConnectorAddress(215)) - HTTP server of HDDSDATANODE is listening at http://0.0.0.0:35269
2019-10-03 02:16:01,792 [Thread-1092] INFO  ozone.MiniOzoneClusterImpl (MiniOzoneClusterImpl.java:lambda$waitForClusterToBeReady$0(147)) - Waiting for cluster to be ready. Got 0 of 3 DN Heartbeats.
2019-10-03 02:16:01,793 [org.apache.hadoop.util.JvmPauseMonitor$Monitor@607f09a9] INFO  util.JvmPauseMonitor (JvmPauseMonitor.java:run(188)) - Starting JVM pause monitor
2019-10-03 02:16:01,795 [Datanode State Machine Thread - 0] INFO  datanode.InitDatanodeState (InitDatanodeState.java:persistContainerDatanodeDetails(140)) - DatanodeDetails is persisted to /workdir/hadoop-ozone/ozonefs/target/test-dir/MiniOzoneClusterImpl-eeeb1918-9560-49c3-a5cd-d264bab630ea/datanode-2/meta/datanode.id
2019-10-03 02:16:02,793 [Thread-1092] INFO  ozone.MiniOzoneClusterImpl (MiniOzoneClusterImpl.java:lambda$waitForClusterToBeReady$0(147)) - Waiting for cluster to be ready. Got 0 of 3 DN Heartbeats.
2019-10-03 02:16:03,664 [Datanode State Machine Thread - 0] INFO  ozoneimpl.OzoneContainer (OzoneContainer.java:start(217)) - Attempting to start container services.
2019-10-03 02:16:03,666 [Datanode State Machine Thread - 0] INFO  ozoneimpl.OzoneContainer (OzoneContainer.java:startContainerScrub(179)) - Background container scanner has been disabled.
2019-10-03 02:16:03,666 [Datanode State Machine Thread - 0] INFO  ratis.XceiverServerRatis (XceiverServerRatis.java:start(417)) - Starting XceiverServerRatis cc76941a-20da-4762-850e-ef312799bf38 at port 0
2019-10-03 02:16:03,673 [Datanode State Machine Thread - 0] INFO  impl.RaftServerProxy (RaftServerProxy.java:lambda$start$3(299)) - cc76941a-20da-4762-850e-ef312799bf38: start RPC server
2019-10-03 02:16:03,675 [Datanode State Machine Thread - 0] INFO  server.GrpcService (GrpcService.java:startImpl(158)) - cc76941a-20da-4762-850e-ef312799bf38: GrpcService started, listening on 0.0.0.0/0.0.0.0:46596
2019-10-03 02:16:03,675 [Datanode State Machine Thread - 0] INFO  ratis.XceiverServerRatis (XceiverServerRatis.java:start(427)) - XceiverServerRatis cc76941a-20da-4762-850e-ef312799bf38 is started using port 46596
2019-10-03 02:16:03,677 [Datanode State Machine Thread - 0] INFO  server.XceiverServerGrpc (XceiverServerGrpc.java:start(149)) - XceiverServerGrpc cc76941a-20da-4762-850e-ef312799bf38 is started using port 41933
2019-10-03 02:16:03,739 [Datanode State Machine Thread - 0] INFO  ozoneimpl.OzoneContainer (OzoneContainer.java:start(217)) - Attempting to start container services.
2019-10-03 02:16:03,740 [Datanode State Machine Thread - 0] INFO  ozoneimpl.OzoneContainer (OzoneContainer.java:startContainerScrub(179)) - Background container scanner has been disabled.
2019-10-03 02:16:03,740 [Datanode State Machine Thread - 0] INFO  ratis.XceiverServerRatis (XceiverServerRatis.java:start(417)) - Starting XceiverServerRatis b38b99b5-3589-46c6-9ea1-90cffae86661 at port 0
2019-10-03 02:16:03,746 [Datanode State Machine Thread - 0] INFO  impl.RaftServerProxy (RaftServerProxy.java:lambda$start$3(299)) - b38b99b5-3589-46c6-9ea1-90cffae86661: start RPC server
2019-10-03 02:16:03,748 [Datanode State Machine Thread - 0] INFO  server.GrpcService (GrpcService.java:startImpl(158)) - b38b99b5-3589-46c6-9ea1-90cffae86661: GrpcService started, listening on 0.0.0.0/0.0.0.0:42230
2019-10-03 02:16:03,748 [Datanode State Machine Thread - 0] INFO  ratis.XceiverServerRatis (XceiverServerRatis.java:start(427)) - XceiverServerRatis b38b99b5-3589-46c6-9ea1-90cffae86661 is started using port 42230
2019-10-03 02:16:03,750 [Datanode State Machine Thread - 0] INFO  server.XceiverServerGrpc (XceiverServerGrpc.java:start(149)) - XceiverServerGrpc b38b99b5-3589-46c6-9ea1-90cffae86661 is started using port 46806
2019-10-03 02:16:03,793 [Thread-1092] INFO  ozone.MiniOzoneClusterImpl (MiniOzoneClusterImpl.java:lambda$waitForClusterToBeReady$0(147)) - Waiting for cluster to be ready. Got 0 of 3 DN Heartbeats.
2019-10-03 02:16:03,810 [Datanode State Machine Thread - 0] INFO  ozoneimpl.OzoneContainer (OzoneContainer.java:start(217)) - Attempting to start container services.
2019-10-03 02:16:03,810 [Datanode State Machine Thread - 0] INFO  ozoneimpl.OzoneContainer (OzoneContainer.java:startContainerScrub(179)) - Background container scanner has been disabled.
2019-10-03 02:16:03,810 [Datanode State Machine Thread - 0] INFO  ratis.XceiverServerRatis (XceiverServerRatis.java:start(417)) - Starting XceiverServerRatis cc4cf2b6-2748-4567-b455-87d8614b56f0 at port 0
2019-10-03 02:16:03,818 [Datanode State Machine Thread - 0] INFO  impl.RaftServerProxy (RaftServerProxy.java:lambda$start$3(299)) - cc4cf2b6-2748-4567-b455-87d8614b56f0: start RPC server
2019-10-03 02:16:03,819 [Datanode State Machine Thread - 0] INFO  server.GrpcService (GrpcService.java:startImpl(158)) - cc4cf2b6-2748-4567-b455-87d8614b56f0: GrpcService started, listening on 0.0.0.0/0.0.0.0:33193
2019-10-03 02:16:03,819 [Datanode State Machine Thread - 0] INFO  ratis.XceiverServerRatis (XceiverServerRatis.java:start(427)) - XceiverServerRatis cc4cf2b6-2748-4567-b455-87d8614b56f0 is started using port 33193
2019-10-03 02:16:03,820 [Datanode State Machine Thread - 0] INFO  server.XceiverServerGrpc (XceiverServerGrpc.java:start(149)) - XceiverServerGrpc cc4cf2b6-2748-4567-b455-87d8614b56f0 is started using port 46876
2019-10-03 02:16:04,794 [Thread-1092] INFO  ozone.MiniOzoneClusterImpl (MiniOzoneClusterImpl.java:lambda$waitForClusterToBeReady$0(147)) - Waiting for cluster to be ready. Got 0 of 3 DN Heartbeats.
2019-10-03 02:16:05,648 [IPC Server handler 2 on 44824] INFO  net.NetworkTopology (NetworkTopologyImpl.java:add(111)) - Added a new node: /default-rack/cc76941a-20da-4762-850e-ef312799bf38
2019-10-03 02:16:05,651 [IPC Server handler 2 on 44824] INFO  node.SCMNodeManager (SCMNodeManager.java:register(266)) - Registered Data node : cc76941a-20da-4762-850e-ef312799bf38{ip: 192.168.164.205, host: pr-hdds-1737-89jld-2007629010, networkLocation: /default-rack, certSerialId: null}
2019-10-03 02:16:05,652 [EventQueue-NodeRegistrationContainerReportForDataNodeSafeModeRule] INFO  safemode.SCMSafeModeManager (DataNodeSafeModeRule.java:process(71)) - SCM in safe mode. 1 DataNodes registered, 1 required.
2019-10-03 02:16:05,654 [EventQueue-NodeRegistrationContainerReportForDataNodeSafeModeRule] INFO  safemode.SCMSafeModeManager (SCMSafeModeManager.java:validateSafeModeExitRules(177)) - ScmSafeModeManager, all rules are successfully validated
2019-10-03 02:16:05,654 [EventQueue-NodeRegistrationContainerReportForDataNodeSafeModeRule] INFO  safemode.SCMSafeModeManager (SCMSafeModeManager.java:exitSafeMode(193)) - SCM exiting safe mode.
2019-10-03 02:16:05,672 [grpc-default-executor-0] INFO  impl.RaftServerProxy (RaftServerProxy.java:addNew(89)) - cc76941a-20da-4762-850e-ef312799bf38: addNew group-E97933867EBB:[cc76941a-20da-4762-850e-ef312799bf38:192.168.164.205:46596] returns group-E97933867EBB:java.util.concurrent.CompletableFuture@6d7c079b[Not completed]
2019-10-03 02:16:05,675 [pool-277-thread-1] INFO  impl.RaftServerImpl (RaftServerImpl.java:<init>(95)) - cc76941a-20da-4762-850e-ef312799bf38: new RaftServerImpl for group-E97933867EBB:[cc76941a-20da-4762-850e-ef312799bf38:192.168.164.205:46596] with ContainerStateMachine:uninitialized
2019-10-03 02:16:05,675 [pool-277-thread-1] INFO  server.RaftServerConfigKeys (ConfUtils.java:logGet(43)) - raft.server.rpc.timeout.min = 5s (custom)
2019-10-03 02:16:05,675 [pool-277-thread-1] INFO  server.RaftServerConfigKeys (ConfUtils.java:logGet(43)) - raft.server.rpc.timeout.max = 5200ms (custom)
2019-10-03 02:16:05,675 [pool-277-thread-1] INFO  server.RaftServerConfigKeys (ConfUtils.java:logGet(43)) - raft.server.rpcslowness.timeout = 120s (custom)
2019-10-03 02:16:05,676 [pool-277-thread-1] INFO  server.RaftServerConfigKeys (ConfUtils.java:logGet(43)) - raft.server.sleep.deviation.threshold = 300 (default)
2019-10-03 02:16:05,676 [pool-277-thread-1] INFO  server.RaftServerConfigKeys (ConfUtils.java:logGet(43)) - raft.server.log.appender.install.snapshot.enabled = false (custom)
2019-10-03 02:16:05,676 [pool-277-thread-1] INFO  impl.RaftServerImpl (ServerState.java:<init>(103)) - cc76941a-20da-4762-850e-ef312799bf38@group-E97933867EBB: ConfigurationManager, init=-1: [cc76941a-20da-4762-850e-ef312799bf38:192.168.164.205:46596], old=null, confs=<EMPTY_MAP>
2019-10-03 02:16:05,676 [pool-277-thread-1] INFO  server.RaftServerConfigKeys (ConfUtils.java:logGet(43)) - raft.server.storage.dir = [/workdir/hadoop-ozone/ozonefs/target/test-dir/MiniOzoneClusterImpl-eeeb1918-9560-49c3-a5cd-d264bab630ea/datanode-0/data/ratis] (custom)
2019-10-03 02:16:05,677 [pool-277-thread-1] INFO  server.RaftServerConfigKeys (ConfUtils.java:logGet(43)) - raft.server.log.corruption.policy = EXCEPTION (default)
2019-10-03 02:16:05,677 [pool-277-thread-1] INFO  storage.RaftStorageDirectory (RaftStorageDirectory.java:analyzeStorage(246)) - The storage directory /workdir/hadoop-ozone/ozonefs/target/test-dir/MiniOzoneClusterImpl-eeeb1918-9560-49c3-a5cd-d264bab630ea/datanode-0/data/ratis/c5a43159-4776-4525-aaa3-e97933867ebb does not exist. Creating ...
2019-10-03 02:16:05,691 [pool-277-thread-1] INFO  storage.RaftStorageDirectory (RaftStorageDirectory.java:tryLock(328)) - Lock on /workdir/hadoop-ozone/ozonefs/target/test-dir/MiniOzoneClusterImpl-eeeb1918-9560-49c3-a5cd-d264bab630ea/datanode-0/data/ratis/c5a43159-4776-4525-aaa3-e97933867ebb/in_use.lock acquired by nodename 8307@pr-hdds-1737-89jld-2007629010
2019-10-03 02:16:05,704 [pool-277-thread-1] INFO  storage.RaftStorage (RaftStorage.java:format(84)) - Storage directory /workdir/hadoop-ozone/ozonefs/target/test-dir/MiniOzoneClusterImpl-eeeb1918-9560-49c3-a5cd-d264bab630ea/datanode-0/data/ratis/c5a43159-4776-4525-aaa3-e97933867ebb has been successfully formatted.
2019-10-03 02:16:05,704 [pool-277-thread-1] INFO  ratis.ContainerStateMachine (ContainerStateMachine.java:loadSnapshot(230)) - group-E97933867EBB: The snapshot info is null. Setting the last applied indexto:(t:0, i:~)
2019-10-03 02:16:05,705 [pool-277-thread-1] INFO  server.RaftServerConfigKeys (ConfUtils.java:logGet(43)) - raft.server.notification.no-leader.timeout = 120s (custom)
2019-10-03 02:16:05,705 [pool-277-thread-1] INFO  server.RaftServerConfigKeys (ConfUtils.java:logGet(43)) - raft.server.log.use.memory = false (default)
2019-10-03 02:16:05,705 [pool-277-thread-1] INFO  server.RaftServerConfigKeys (ConfUtils.java:logGet(43)) - raft.server.log.purge.gap = 1000000 (custom)
2019-10-03 02:16:05,705 [pool-277-thread-1] INFO  server.RaftServerConfigKeys (ConfUtils.java:logGet(43)) - raft.server.log.appender.buffer.byte-limit = 33554432 (custom)
2019-10-03 02:16:05,705 [pool-277-thread-1] INFO  server.RaftServerConfigKeys (ConfUtils.java:logGet(43)) - raft.server.log.segment.size.max = 1048576 (custom)
2019-10-03 02:16:05,708 [pool-277-thread-1] INFO  server.RaftServerConfigKeys (ConfUtils.java:logGet(43)) - raft.server.log.segment.cache.num.max = 2 (custom)
2019-10-03 02:16:05,708 [pool-277-thread-1] INFO  segmented.SegmentedRaftLogWorker (SegmentedRaftLogWorker.java:<init>(173)) - new cc76941a-20da-4762-850e-ef312799bf38@group-E97933867EBB-SegmentedRaftLogWorker for RaftStorage:Storage Directory /workdir/hadoop-ozone/ozonefs/target/test-dir/MiniOzoneClusterImpl-eeeb1918-9560-49c3-a5cd-d264bab630ea/datanode-0/data/ratis/c5a43159-4776-4525-aaa3-e97933867ebb
2019-10-03 02:16:05,708 [pool-277-thread-1] INFO  server.RaftServerConfigKeys (ConfUtils.java:logGet(43)) - raft.server.log.queue.byte-limit = 2147483647 (custom)
2019-10-03 02:16:05,708 [pool-277-thread-1] INFO  server.RaftServerConfigKeys (ConfUtils.java:logGet(43)) - raft.server.log.queue.element-limit = 1024 (custom)
2019-10-03 02:16:05,709 [pool-277-thread-1] INFO  server.RaftServerConfigKeys (ConfUtils.java:logGet(43)) - raft.server.log.segment.size.max = 1048576 (custom)
2019-10-03 02:16:05,709 [pool-277-thread-1] INFO  server.RaftServerConfigKeys (ConfUtils.java:logGet(43)) - raft.server.log.preallocated.size = 16384 (custom)
2019-10-03 02:16:05,709 [pool-277-thread-1] INFO  server.RaftServerConfigKeys (ConfUtils.java:logGet(43)) - raft.server.log.write.buffer.size = 33554432 (custom)
2019-10-03 02:16:05,709 [pool-277-thread-1] INFO  server.RaftServerConfigKeys (ConfUtils.java:logGet(43)) - raft.server.log.force.sync.num = 128 (default)
2019-10-03 02:16:05,709 [pool-277-thread-1] INFO  server.RaftServerConfigKeys (ConfUtils.java:logGet(43)) - raft.server.log.statemachine.data.sync = true (default)
2019-10-03 02:16:05,710 [pool-277-thread-1] INFO  server.RaftServerConfigKeys (ConfUtils.java:logGet(43)) - raft.server.log.statemachine.data.sync.timeout = 10s (default)
2019-10-03 02:16:05,710 [pool-277-thread-1] INFO  server.RaftServerConfigKeys (ConfUtils.java:logGet(43)) - raft.server.log.statemachine.data.sync.timeout.retry = -1 (default)
2019-10-03 02:16:05,710 [pool-277-thread-1] INFO  server.RaftServerConfigKeys (ConfUtils.java:logGet(43)) - raft.server.log.statemachine.data.caching.enabled = true (custom)
2019-10-03 02:16:05,711 [pool-277-thread-1] INFO  segmented.SegmentedRaftLogWorker (SegmentedRaftLogWorker.java:lambda$new$0(128)) - cc76941a-20da-4762-850e-ef312799bf38@group-E97933867EBB-SegmentedRaftLogWorker: flushIndex: setUnconditionally 0 -> -1
2019-10-03 02:16:05,711 [pool-277-thread-1] INFO  server.RaftServerConfigKeys (ConfUtils.java:logGet(43)) - raft.server.snapshot.auto.trigger.enabled = true (custom)
2019-10-03 02:16:05,711 [pool-277-thread-1] INFO  server.RaftServerConfigKeys (ConfUtils.java:logGet(43)) - raft.server.snapshot.auto.trigger.threshold = 10000 (custom)
2019-10-03 02:16:05,712 [pool-277-thread-1] INFO  server.RaftServerConfigKeys (ConfUtils.java:logGet(43)) - raft.server.snapshot.retention.file.num = 5 (custom)
2019-10-03 02:16:05,712 [pool-277-thread-1] INFO  server.RaftServerConfigKeys (ConfUtils.java:logGet(43)) - raft.server.retrycache.expirytime = 600000ms (custom)
2019-10-03 02:16:05,714 [pool-277-thread-1] INFO  impl.RaftServerImpl (RaftServerImpl.java:start(181)) - cc76941a-20da-4762-850e-ef312799bf38@group-E97933867EBB: start as a follower, conf=-1: [cc76941a-20da-4762-850e-ef312799bf38:192.168.164.205:46596], old=null
2019-10-03 02:16:05,714 [pool-277-thread-1] INFO  impl.RaftServerImpl (RaftServerImpl.java:setRole(170)) - cc76941a-20da-4762-850e-ef312799bf38@group-E97933867EBB: changes role from      null to FOLLOWER at term 0 for startAsFollower
2019-10-03 02:16:05,714 [pool-277-thread-1] INFO  impl.RoleInfo (RoleInfo.java:updateAndGet(143)) - cc76941a-20da-4762-850e-ef312799bf38: start FollowerState
2019-10-03 02:16:05,715 [pool-277-thread-1] INFO  util.JmxRegister (JmxRegister.java:tryRegister(44)) - Successfully registered JMX Bean with object name Ratis:service=RaftServer,group=group-E97933867EBB,id=cc76941a-20da-4762-850e-ef312799bf38
2019-10-03 02:16:05,723 [RatisPipelineUtilsThread] INFO  pipeline.PipelineStateManager (PipelineStateManager.java:addPipeline(56)) - Created pipeline Pipeline[ Id: c5a43159-4776-4525-aaa3-e97933867ebb, Nodes: cc76941a-20da-4762-850e-ef312799bf38{ip: 192.168.164.205, host: pr-hdds-1737-89jld-2007629010, networkLocation: /default-rack, certSerialId: null}, Type:RATIS, Factor:ONE, State:OPEN]
2019-10-03 02:16:05,726 [IPC Server handler 1 on 44824] INFO  net.NetworkTopology (NetworkTopologyImpl.java:add(111)) - Added a new node: /default-rack/b38b99b5-3589-46c6-9ea1-90cffae86661
2019-10-03 02:16:05,727 [IPC Server handler 1 on 44824] INFO  node.SCMNodeManager (SCMNodeManager.java:register(266)) - Registered Data node : b38b99b5-3589-46c6-9ea1-90cffae86661{ip: 192.168.164.205, host: pr-hdds-1737-89jld-2007629010, networkLocation: /default-rack, certSerialId: null}
2019-10-03 02:16:05,740 [grpc-default-executor-0] INFO  impl.RaftServerProxy (RaftServerProxy.java:addNew(89)) - b38b99b5-3589-46c6-9ea1-90cffae86661: addNew group-FB243E1CC82F:[b38b99b5-3589-46c6-9ea1-90cffae86661:192.168.164.205:42230] returns group-FB243E1CC82F:java.util.concurrent.CompletableFuture@1e6793[Not completed]
2019-10-03 02:16:05,742 [pool-287-thread-1] INFO  impl.RaftServerImpl (RaftServerImpl.java:<init>(95)) - b38b99b5-3589-46c6-9ea1-90cffae86661: new RaftServerImpl for group-FB243E1CC82F:[b38b99b5-3589-46c6-9ea1-90cffae86661:192.168.164.205:42230] with ContainerStateMachine:uninitialized
2019-10-03 02:16:05,742 [pool-287-thread-1] INFO  server.RaftServerConfigKeys (ConfUtils.java:logGet(43)) - raft.server.rpc.timeout.min = 5s (custom)
2019-10-03 02:16:05,742 [pool-287-thread-1] INFO  server.RaftServerConfigKeys (ConfUtils.java:logGet(43)) - raft.server.rpc.timeout.max = 5200ms (custom)
2019-10-03 02:16:05,742 [pool-287-thread-1] INFO  server.RaftServerConfigKeys (ConfUtils.java:logGet(43)) - raft.server.rpcslowness.timeout = 120s (custom)
2019-10-03 02:16:05,742 [pool-287-thread-1] INFO  server.RaftServerConfigKeys (ConfUtils.java:logGet(43)) - raft.server.sleep.deviation.threshold = 300 (default)
2019-10-03 02:16:05,743 [pool-287-thread-1] INFO  server.RaftServerConfigKeys (ConfUtils.java:logGet(43)) - raft.server.log.appender.install.snapshot.enabled = false (custom)
2019-10-03 02:16:05,743 [pool-287-thread-1] INFO  impl.RaftServerImpl (ServerState.java:<init>(103)) - b38b99b5-3589-46c6-9ea1-90cffae86661@group-FB243E1CC82F: ConfigurationManager, init=-1: [b38b99b5-3589-46c6-9ea1-90cffae86661:192.168.164.205:42230], old=null, confs=<EMPTY_MAP>
2019-10-03 02:16:05,743 [pool-287-thread-1] INFO  server.RaftServerConfigKeys (ConfUtils.java:logGet(43)) - raft.server.storage.dir = [/workdir/hadoop-ozone/ozonefs/target/test-dir/MiniOzoneClusterImpl-eeeb1918-9560-49c3-a5cd-d264bab630ea/datanode-1/data/ratis] (custom)
2019-10-03 02:16:05,744 [pool-287-thread-1] INFO  server.RaftServerConfigKeys (ConfUtils.java:logGet(43)) - raft.server.log.corruption.policy = EXCEPTION (default)
2019-10-03 02:16:05,744 [pool-287-thread-1] INFO  storage.RaftStorageDirectory (RaftStorageDirectory.java:analyzeStorage(246)) - The storage directory /workdir/hadoop-ozone/ozonefs/target/test-dir/MiniOzoneClusterImpl-eeeb1918-9560-49c3-a5cd-d264bab630ea/datanode-1/data/ratis/eacc0b91-e11a-4e63-9cbb-fb243e1cc82f does not exist. Creating ...
2019-10-03 02:16:05,756 [pool-287-thread-1] INFO  storage.RaftStorageDirectory (RaftStorageDirectory.java:tryLock(328)) - Lock on /workdir/hadoop-ozone/ozonefs/target/test-dir/MiniOzoneClusterImpl-eeeb1918-9560-49c3-a5cd-d264bab630ea/datanode-1/data/ratis/eacc0b91-e11a-4e63-9cbb-fb243e1cc82f/in_use.lock acquired by nodename 8307@pr-hdds-1737-89jld-2007629010
2019-10-03 02:16:05,769 [pool-287-thread-1] INFO  storage.RaftStorage (RaftStorage.java:format(84)) - Storage directory /workdir/hadoop-ozone/ozonefs/target/test-dir/MiniOzoneClusterImpl-eeeb1918-9560-49c3-a5cd-d264bab630ea/datanode-1/data/ratis/eacc0b91-e11a-4e63-9cbb-fb243e1cc82f has been successfully formatted.
2019-10-03 02:16:05,770 [pool-287-thread-1] INFO  ratis.ContainerStateMachine (ContainerStateMachine.java:loadSnapshot(230)) - group-FB243E1CC82F: The snapshot info is null. Setting the last applied indexto:(t:0, i:~)
2019-10-03 02:16:05,770 [pool-287-thread-1] INFO  server.RaftServerConfigKeys (ConfUtils.java:logGet(43)) - raft.server.notification.no-leader.timeout = 120s (custom)
2019-10-03 02:16:05,770 [pool-287-thread-1] INFO  server.RaftServerConfigKeys (ConfUtils.java:logGet(43)) - raft.server.log.use.memory = false (default)
2019-10-03 02:16:05,770 [pool-287-thread-1] INFO  server.RaftServerConfigKeys (ConfUtils.java:logGet(43)) - raft.server.log.purge.gap = 1000000 (custom)
2019-10-03 02:16:05,771 [pool-287-thread-1] INFO  server.RaftServerConfigKeys (ConfUtils.java:logGet(43)) - raft.server.log.appender.buffer.byte-limit = 33554432 (custom)
2019-10-03 02:16:05,771 [pool-287-thread-1] INFO  server.RaftServerConfigKeys (ConfUtils.java:logGet(43)) - raft.server.log.segment.size.max = 1048576 (custom)
2019-10-03 02:16:05,774 [pool-287-thread-1] INFO  server.RaftServerConfigKeys (ConfUtils.java:logGet(43)) - raft.server.log.segment.cache.num.max = 2 (custom)
2019-10-03 02:16:05,775 [pool-287-thread-1] INFO  segmented.SegmentedRaftLogWorker (SegmentedRaftLogWorker.java:<init>(173)) - new b38b99b5-3589-46c6-9ea1-90cffae86661@group-FB243E1CC82F-SegmentedRaftLogWorker for RaftStorage:Storage Directory /workdir/hadoop-ozone/ozonefs/target/test-dir/MiniOzoneClusterImpl-eeeb1918-9560-49c3-a5cd-d264bab630ea/datanode-1/data/ratis/eacc0b91-e11a-4e63-9cbb-fb243e1cc82f
2019-10-03 02:16:05,775 [pool-287-thread-1] INFO  server.RaftServerConfigKeys (ConfUtils.java:logGet(43)) - raft.server.log.queue.byte-limit = 2147483647 (custom)
2019-10-03 02:16:05,775 [pool-287-thread-1] INFO  server.RaftServerConfigKeys (ConfUtils.java:logGet(43)) - raft.server.log.queue.element-limit = 1024 (custom)
2019-10-03 02:16:05,776 [pool-287-thread-1] INFO  server.RaftServerConfigKeys (ConfUtils.java:logGet(43)) - raft.server.log.segment.size.max = 1048576 (custom)
2019-10-03 02:16:05,776 [pool-287-thread-1] INFO  server.RaftServerConfigKeys (ConfUtils.java:logGet(43)) - raft.server.log.preallocated.size = 16384 (custom)
2019-10-03 02:16:05,776 [pool-287-thread-1] INFO  server.RaftServerConfigKeys (ConfUtils.java:logGet(43)) - raft.server.log.write.buffer.size = 33554432 (custom)
2019-10-03 02:16:05,776 [pool-287-thread-1] INFO  server.RaftServerConfigKeys (ConfUtils.java:logGet(43)) - raft.server.log.force.sync.num = 128 (default)
2019-10-03 02:16:05,777 [pool-287-thread-1] INFO  server.RaftServerConfigKeys (ConfUtils.java:logGet(43)) - raft.server.log.statemachine.data.sync = true (default)
2019-10-03 02:16:05,777 [pool-287-thread-1] INFO  server.RaftServerConfigKeys (ConfUtils.java:logGet(43)) - raft.server.log.statemachine.data.sync.timeout = 10s (default)
2019-10-03 02:16:05,777 [pool-287-thread-1] INFO  server.RaftServerConfigKeys (ConfUtils.java:logGet(43)) - raft.server.log.statemachine.data.sync.timeout.retry = -1 (default)
2019-10-03 02:16:05,778 [pool-287-thread-1] INFO  server.RaftServerConfigKeys (ConfUtils.java:logGet(43)) - raft.server.log.statemachine.data.caching.enabled = true (custom)
2019-10-03 02:16:05,779 [pool-287-thread-1] INFO  segmented.SegmentedRaftLogWorker (SegmentedRaftLogWorker.java:lambda$new$0(128)) - b38b99b5-3589-46c6-9ea1-90cffae86661@group-FB243E1CC82F-SegmentedRaftLogWorker: flushIndex: setUnconditionally 0 -> -1
2019-10-03 02:16:05,780 [pool-287-thread-1] INFO  server.RaftServerConfigKeys (ConfUtils.java:logGet(43)) - raft.server.snapshot.auto.trigger.enabled = true (custom)
2019-10-03 02:16:05,780 [pool-287-thread-1] INFO  server.RaftServerConfigKeys (ConfUtils.java:logGet(43)) - raft.server.snapshot.auto.trigger.threshold = 10000 (custom)
2019-10-03 02:16:05,780 [pool-287-thread-1] INFO  server.RaftServerConfigKeys (ConfUtils.java:logGet(43)) - raft.server.snapshot.retention.file.num = 5 (custom)
2019-10-03 02:16:05,780 [pool-287-thread-1] INFO  server.RaftServerConfigKeys (ConfUtils.java:logGet(43)) - raft.server.retrycache.expirytime = 600000ms (custom)
2019-10-03 02:16:05,784 [pool-287-thread-1] INFO  impl.RaftServerImpl (RaftServerImpl.java:start(181)) - b38b99b5-3589-46c6-9ea1-90cffae86661@group-FB243E1CC82F: start as a follower, conf=-1: [b38b99b5-3589-46c6-9ea1-90cffae86661:192.168.164.205:42230], old=null
2019-10-03 02:16:05,784 [pool-287-thread-1] INFO  impl.RaftServerImpl (RaftServerImpl.java:setRole(170)) - b38b99b5-3589-46c6-9ea1-90cffae86661@group-FB243E1CC82F: changes role from      null to FOLLOWER at term 0 for startAsFollower
2019-10-03 02:16:05,784 [pool-287-thread-1] INFO  impl.RoleInfo (RoleInfo.java:updateAndGet(143)) - b38b99b5-3589-46c6-9ea1-90cffae86661: start FollowerState
2019-10-03 02:16:05,785 [pool-287-thread-1] INFO  util.JmxRegister (JmxRegister.java:tryRegister(44)) - Successfully registered JMX Bean with object name Ratis:service=RaftServer,group=group-FB243E1CC82F,id=b38b99b5-3589-46c6-9ea1-90cffae86661
2019-10-03 02:16:05,794 [IPC Server handler 2 on 44824] INFO  net.NetworkTopology (NetworkTopologyImpl.java:add(111)) - Added a new node: /default-rack/cc4cf2b6-2748-4567-b455-87d8614b56f0
2019-10-03 02:16:05,794 [Thread-1092] INFO  ozone.MiniOzoneClusterImpl (MiniOzoneClusterImpl.java:lambda$waitForClusterToBeReady$0(147)) - Cluster is ready. Got 3 of 3 DN Heartbeats.
2019-10-03 02:16:05,795 [RatisPipelineUtilsThread] INFO  pipeline.PipelineStateManager (PipelineStateManager.java:addPipeline(56)) - Created pipeline Pipeline[ Id: eacc0b91-e11a-4e63-9cbb-fb243e1cc82f, Nodes: b38b99b5-3589-46c6-9ea1-90cffae86661{ip: 192.168.164.205, host: pr-hdds-1737-89jld-2007629010, networkLocation: /default-rack, certSerialId: null}, Type:RATIS, Factor:ONE, State:OPEN]
2019-10-03 02:16:05,794 [IPC Server handler 2 on 44824] INFO  node.SCMNodeManager (SCMNodeManager.java:register(266)) - Registered Data node : cc4cf2b6-2748-4567-b455-87d8614b56f0{ip: 192.168.164.205, host: pr-hdds-1737-89jld-2007629010, networkLocation: /default-rack, certSerialId: null}
2019-10-03 02:16:05,821 [grpc-default-executor-0] INFO  impl.RaftServerProxy (RaftServerProxy.java:addNew(89)) - cc4cf2b6-2748-4567-b455-87d8614b56f0: addNew group-501CCB59F83A:[cc4cf2b6-2748-4567-b455-87d8614b56f0:192.168.164.205:33193] returns group-501CCB59F83A:java.util.concurrent.CompletableFuture@68cb8fa4[Not completed]
2019-10-03 02:16:05,822 [pool-297-thread-1] INFO  impl.RaftServerImpl (RaftServerImpl.java:<init>(95)) - cc4cf2b6-2748-4567-b455-87d8614b56f0: new RaftServerImpl for group-501CCB59F83A:[cc4cf2b6-2748-4567-b455-87d8614b56f0:192.168.164.205:33193] with ContainerStateMachine:uninitialized
2019-10-03 02:16:05,823 [pool-297-thread-1] INFO  server.RaftServerConfigKeys (ConfUtils.java:logGet(43)) - raft.server.rpc.timeout.min = 5s (custom)
2019-10-03 02:16:05,824 [pool-297-thread-1] INFO  server.RaftServerConfigKeys (ConfUtils.java:logGet(43)) - raft.server.rpc.timeout.max = 5200ms (custom)
2019-10-03 02:16:05,824 [pool-297-thread-1] INFO  server.RaftServerConfigKeys (ConfUtils.java:logGet(43)) - raft.server.rpcslowness.timeout = 120s (custom)
2019-10-03 02:16:05,824 [pool-297-thread-1] INFO  server.RaftServerConfigKeys (ConfUtils.java:logGet(43)) - raft.server.sleep.deviation.threshold = 300 (default)
2019-10-03 02:16:05,825 [pool-297-thread-1] INFO  server.RaftServerConfigKeys (ConfUtils.java:logGet(43)) - raft.server.log.appender.install.snapshot.enabled = false (custom)
2019-10-03 02:16:05,825 [pool-297-thread-1] INFO  impl.RaftServerImpl (ServerState.java:<init>(103)) - cc4cf2b6-2748-4567-b455-87d8614b56f0@group-501CCB59F83A: ConfigurationManager, init=-1: [cc4cf2b6-2748-4567-b455-87d8614b56f0:192.168.164.205:33193], old=null, confs=<EMPTY_MAP>
2019-10-03 02:16:05,825 [pool-297-thread-1] INFO  server.RaftServerConfigKeys (ConfUtils.java:logGet(43)) - raft.server.storage.dir = [/workdir/hadoop-ozone/ozonefs/target/test-dir/MiniOzoneClusterImpl-eeeb1918-9560-49c3-a5cd-d264bab630ea/datanode-2/data/ratis] (custom)
2019-10-03 02:16:05,825 [pool-297-thread-1] INFO  server.RaftServerConfigKeys (ConfUtils.java:logGet(43)) - raft.server.log.corruption.policy = EXCEPTION (default)
2019-10-03 02:16:05,826 [pool-297-thread-1] INFO  storage.RaftStorageDirectory (RaftStorageDirectory.java:analyzeStorage(246)) - The storage directory /workdir/hadoop-ozone/ozonefs/target/test-dir/MiniOzoneClusterImpl-eeeb1918-9560-49c3-a5cd-d264bab630ea/datanode-2/data/ratis/98c629a5-68b2-4481-b80e-501ccb59f83a does not exist. Creating ...
2019-10-03 02:16:05,838 [pool-297-thread-1] INFO  storage.RaftStorageDirectory (RaftStorageDirectory.java:tryLock(328)) - Lock on /workdir/hadoop-ozone/ozonefs/target/test-dir/MiniOzoneClusterImpl-eeeb1918-9560-49c3-a5cd-d264bab630ea/datanode-2/data/ratis/98c629a5-68b2-4481-b80e-501ccb59f83a/in_use.lock acquired by nodename 8307@pr-hdds-1737-89jld-2007629010
2019-10-03 02:16:05,843 [Thread-1092] INFO  rpc.RpcClient (RpcClient.java:createVolume(276)) - Creating Volume: volume75653, with user04701 as owner.
2019-10-03 02:16:05,845 [IPC Server handler 1 on 35399] INFO  volume.OMVolumeCreateRequest (OMVolumeCreateRequest.java:validateAndUpdateCache(194)) - created volume:volume75653 for user:user04701
2019-10-03 02:16:05,855 [Thread-1092] INFO  rpc.RpcClient (RpcClient.java:createBucket(415)) - Creating Bucket: volume75653/bucket81169, with Versioning false and Storage Type set to DISK and Encryption set to false 
2019-10-03 02:16:05,856 [pool-297-thread-1] INFO  storage.RaftStorage (RaftStorage.java:format(84)) - Storage directory /workdir/hadoop-ozone/ozonefs/target/test-dir/MiniOzoneClusterImpl-eeeb1918-9560-49c3-a5cd-d264bab630ea/datanode-2/data/ratis/98c629a5-68b2-4481-b80e-501ccb59f83a has been successfully formatted.
2019-10-03 02:16:05,856 [pool-297-thread-1] INFO  ratis.ContainerStateMachine (ContainerStateMachine.java:loadSnapshot(230)) - group-501CCB59F83A: The snapshot info is null. Setting the last applied indexto:(t:0, i:~)
2019-10-03 02:16:05,856 [pool-297-thread-1] INFO  server.RaftServerConfigKeys (ConfUtils.java:logGet(43)) - raft.server.notification.no-leader.timeout = 120s (custom)
2019-10-03 02:16:05,856 [pool-297-thread-1] INFO  server.RaftServerConfigKeys (ConfUtils.java:logGet(43)) - raft.server.log.use.memory = false (default)
2019-10-03 02:16:05,856 [pool-297-thread-1] INFO  server.RaftServerConfigKeys (ConfUtils.java:logGet(43)) - raft.server.log.purge.gap = 1000000 (custom)
2019-10-03 02:16:05,857 [pool-297-thread-1] INFO  server.RaftServerConfigKeys (ConfUtils.java:logGet(43)) - raft.server.log.appender.buffer.byte-limit = 33554432 (custom)
2019-10-03 02:16:05,857 [pool-297-thread-1] INFO  server.RaftServerConfigKeys (ConfUtils.java:logGet(43)) - raft.server.log.segment.size.max = 1048576 (custom)
2019-10-03 02:16:05,861 [pool-297-thread-1] INFO  server.RaftServerConfigKeys (ConfUtils.java:logGet(43)) - raft.server.log.segment.cache.num.max = 2 (custom)
2019-10-03 02:16:05,861 [pool-297-thread-1] INFO  segmented.SegmentedRaftLogWorker (SegmentedRaftLogWorker.java:<init>(173)) - new cc4cf2b6-2748-4567-b455-87d8614b56f0@group-501CCB59F83A-SegmentedRaftLogWorker for RaftStorage:Storage Directory /workdir/hadoop-ozone/ozonefs/target/test-dir/MiniOzoneClusterImpl-eeeb1918-9560-49c3-a5cd-d264bab630ea/datanode-2/data/ratis/98c629a5-68b2-4481-b80e-501ccb59f83a
2019-10-03 02:16:05,861 [pool-297-thread-1] INFO  server.RaftServerConfigKeys (ConfUtils.java:logGet(43)) - raft.server.log.queue.byte-limit = 2147483647 (custom)
2019-10-03 02:16:05,861 [pool-297-thread-1] INFO  server.RaftServerConfigKeys (ConfUtils.java:logGet(43)) - raft.server.log.queue.element-limit = 1024 (custom)
2019-10-03 02:16:05,861 [pool-297-thread-1] INFO  server.RaftServerConfigKeys (ConfUtils.java:logGet(43)) - raft.server.log.segment.size.max = 1048576 (custom)
2019-10-03 02:16:05,862 [pool-297-thread-1] INFO  server.RaftServerConfigKeys (ConfUtils.java:logGet(43)) - raft.server.log.preallocated.size = 16384 (custom)
2019-10-03 02:16:05,862 [pool-297-thread-1] INFO  server.RaftServerConfigKeys (ConfUtils.java:logGet(43)) - raft.server.log.write.buffer.size = 33554432 (custom)
2019-10-03 02:16:05,862 [pool-297-thread-1] INFO  server.RaftServerConfigKeys (ConfUtils.java:logGet(43)) - raft.server.log.force.sync.num = 128 (default)
2019-10-03 02:16:05,862 [pool-297-thread-1] INFO  server.RaftServerConfigKeys (ConfUtils.java:logGet(43)) - raft.server.log.statemachine.data.sync = true (default)
2019-10-03 02:16:05,862 [pool-297-thread-1] INFO  server.RaftServerConfigKeys (ConfUtils.java:logGet(43)) - raft.server.log.statemachine.data.sync.timeout = 10s (default)
2019-10-03 02:16:05,862 [pool-297-thread-1] INFO  server.RaftServerConfigKeys (ConfUtils.java:logGet(43)) - raft.server.log.statemachine.data.sync.timeout.retry = -1 (default)
2019-10-03 02:16:05,863 [pool-297-thread-1] INFO  server.RaftServerConfigKeys (ConfUtils.java:logGet(43)) - raft.server.log.statemachine.data.caching.enabled = true (custom)
2019-10-03 02:16:05,863 [pool-297-thread-1] INFO  segmented.SegmentedRaftLogWorker (SegmentedRaftLogWorker.java:lambda$new$0(128)) - cc4cf2b6-2748-4567-b455-87d8614b56f0@group-501CCB59F83A-SegmentedRaftLogWorker: flushIndex: setUnconditionally 0 -> -1
2019-10-03 02:16:05,863 [pool-297-thread-1] INFO  server.RaftServerConfigKeys (ConfUtils.java:logGet(43)) - raft.server.snapshot.auto.trigger.enabled = true (custom)
2019-10-03 02:16:05,864 [pool-297-thread-1] INFO  server.RaftServerConfigKeys (ConfUtils.java:logGet(43)) - raft.server.snapshot.auto.trigger.threshold = 10000 (custom)
2019-10-03 02:16:05,864 [pool-297-thread-1] INFO  server.RaftServerConfigKeys (ConfUtils.java:logGet(43)) - raft.server.snapshot.retention.file.num = 5 (custom)
2019-10-03 02:16:05,864 [pool-297-thread-1] INFO  server.RaftServerConfigKeys (ConfUtils.java:logGet(43)) - raft.server.retrycache.expirytime = 600000ms (custom)
2019-10-03 02:16:05,869 [pool-297-thread-1] INFO  impl.RaftServerImpl (RaftServerImpl.java:start(181)) - cc4cf2b6-2748-4567-b455-87d8614b56f0@group-501CCB59F83A: start as a follower, conf=-1: [cc4cf2b6-2748-4567-b455-87d8614b56f0:192.168.164.205:33193], old=null
2019-10-03 02:16:05,869 [pool-297-thread-1] INFO  impl.RaftServerImpl (RaftServerImpl.java:setRole(170)) - cc4cf2b6-2748-4567-b455-87d8614b56f0@group-501CCB59F83A: changes role from      null to FOLLOWER at term 0 for startAsFollower
2019-10-03 02:16:05,870 [pool-297-thread-1] INFO  impl.RoleInfo (RoleInfo.java:updateAndGet(143)) - cc4cf2b6-2748-4567-b455-87d8614b56f0: start FollowerState
2019-10-03 02:16:05,870 [pool-297-thread-1] INFO  util.JmxRegister (JmxRegister.java:tryRegister(44)) - Successfully registered JMX Bean with object name Ratis:service=RaftServer,group=group-501CCB59F83A,id=cc4cf2b6-2748-4567-b455-87d8614b56f0
2019-10-03 02:16:05,878 [RatisPipelineUtilsThread] INFO  pipeline.PipelineStateManager (PipelineStateManager.java:addPipeline(56)) - Created pipeline Pipeline[ Id: 98c629a5-68b2-4481-b80e-501ccb59f83a, Nodes: cc4cf2b6-2748-4567-b455-87d8614b56f0{ip: 192.168.164.205, host: pr-hdds-1737-89jld-2007629010, networkLocation: /default-rack, certSerialId: null}, Type:RATIS, Factor:ONE, State:OPEN]
2019-10-03 02:16:05,895 [grpc-default-executor-2] INFO  impl.RaftServerProxy (RaftServerProxy.java:addNew(89)) - b38b99b5-3589-46c6-9ea1-90cffae86661: addNew group-E1944AADEB4E:[cc76941a-20da-4762-850e-ef312799bf38:192.168.164.205:46596, cc4cf2b6-2748-4567-b455-87d8614b56f0:192.168.164.205:33193, b38b99b5-3589-46c6-9ea1-90cffae86661:192.168.164.205:42230] returns group-E1944AADEB4E:java.util.concurrent.CompletableFuture@68788596[Not completed]
2019-10-03 02:16:05,898 [grpc-default-executor-1] INFO  impl.RaftServerProxy (RaftServerProxy.java:addNew(89)) - cc4cf2b6-2748-4567-b455-87d8614b56f0: addNew group-E1944AADEB4E:[cc76941a-20da-4762-850e-ef312799bf38:192.168.164.205:46596, cc4cf2b6-2748-4567-b455-87d8614b56f0:192.168.164.205:33193, b38b99b5-3589-46c6-9ea1-90cffae86661:192.168.164.205:42230] returns group-E1944AADEB4E:java.util.concurrent.CompletableFuture@6717485d[Not completed]
2019-10-03 02:16:05,898 [grpc-default-executor-0] INFO  impl.RaftServerProxy (RaftServerProxy.java:addNew(89)) - cc76941a-20da-4762-850e-ef312799bf38: addNew group-E1944AADEB4E:[cc76941a-20da-4762-850e-ef312799bf38:192.168.164.205:46596, cc4cf2b6-2748-4567-b455-87d8614b56f0:192.168.164.205:33193, b38b99b5-3589-46c6-9ea1-90cffae86661:192.168.164.205:42230] returns group-E1944AADEB4E:java.util.concurrent.CompletableFuture@4b3fca0[Not completed]
2019-10-03 02:16:05,899 [pool-297-thread-1] INFO  impl.RaftServerImpl (RaftServerImpl.java:<init>(95)) - cc4cf2b6-2748-4567-b455-87d8614b56f0: new RaftServerImpl for group-E1944AADEB4E:[cc76941a-20da-4762-850e-ef312799bf38:192.168.164.205:46596, cc4cf2b6-2748-4567-b455-87d8614b56f0:192.168.164.205:33193, b38b99b5-3589-46c6-9ea1-90cffae86661:192.168.164.205:42230] with ContainerStateMachine:uninitialized
2019-10-03 02:16:05,899 [pool-297-thread-1] INFO  server.RaftServerConfigKeys (ConfUtils.java:logGet(43)) - raft.server.rpc.timeout.min = 5s (custom)
2019-10-03 02:16:05,900 [pool-297-thread-1] INFO  server.RaftServerConfigKeys (ConfUtils.java:logGet(43)) - raft.server.rpc.timeout.max = 5200ms (custom)
2019-10-03 02:16:05,900 [pool-297-thread-1] INFO  server.RaftServerConfigKeys (ConfUtils.java:logGet(43)) - raft.server.rpcslowness.timeout = 120s (custom)
2019-10-03 02:16:05,900 [pool-297-thread-1] INFO  server.RaftServerConfigKeys (ConfUtils.java:logGet(43)) - raft.server.sleep.deviation.threshold = 300 (default)
2019-10-03 02:16:05,900 [pool-297-thread-1] INFO  server.RaftServerConfigKeys (ConfUtils.java:logGet(43)) - raft.server.log.appender.install.snapshot.enabled = false (custom)
2019-10-03 02:16:05,900 [pool-287-thread-1] INFO  impl.RaftServerImpl (RaftServerImpl.java:<init>(95)) - b38b99b5-3589-46c6-9ea1-90cffae86661: new RaftServerImpl for group-E1944AADEB4E:[cc76941a-20da-4762-850e-ef312799bf38:192.168.164.205:46596, cc4cf2b6-2748-4567-b455-87d8614b56f0:192.168.164.205:33193, b38b99b5-3589-46c6-9ea1-90cffae86661:192.168.164.205:42230] with ContainerStateMachine:uninitialized
2019-10-03 02:16:05,900 [pool-297-thread-1] INFO  impl.RaftServerImpl (ServerState.java:<init>(103)) - cc4cf2b6-2748-4567-b455-87d8614b56f0@group-E1944AADEB4E: ConfigurationManager, init=-1: [cc76941a-20da-4762-850e-ef312799bf38:192.168.164.205:46596, cc4cf2b6-2748-4567-b455-87d8614b56f0:192.168.164.205:33193, b38b99b5-3589-46c6-9ea1-90cffae86661:192.168.164.205:42230], old=null, confs=<EMPTY_MAP>
2019-10-03 02:16:05,900 [pool-287-thread-1] INFO  server.RaftServerConfigKeys (ConfUtils.java:logGet(43)) - raft.server.rpc.timeout.min = 5s (custom)
2019-10-03 02:16:05,901 [pool-277-thread-1] INFO  impl.RaftServerImpl (RaftServerImpl.java:<init>(95)) - cc76941a-20da-4762-850e-ef312799bf38: new RaftServerImpl for group-E1944AADEB4E:[cc76941a-20da-4762-850e-ef312799bf38:192.168.164.205:46596, cc4cf2b6-2748-4567-b455-87d8614b56f0:192.168.164.205:33193, b38b99b5-3589-46c6-9ea1-90cffae86661:192.168.164.205:42230] with ContainerStateMachine:uninitialized
2019-10-03 02:16:05,901 [pool-287-thread-1] INFO  server.RaftServerConfigKeys (ConfUtils.java:logGet(43)) - raft.server.rpc.timeout.max = 5200ms (custom)
2019-10-03 02:16:05,900 [pool-297-thread-1] INFO  server.RaftServerConfigKeys (ConfUtils.java:logGet(43)) - raft.server.storage.dir = [/workdir/hadoop-ozone/ozonefs/target/test-dir/MiniOzoneClusterImpl-eeeb1918-9560-49c3-a5cd-d264bab630ea/datanode-2/data/ratis] (custom)
2019-10-03 02:16:05,901 [pool-287-thread-1] INFO  server.RaftServerConfigKeys (ConfUtils.java:logGet(43)) - raft.server.rpcslowness.timeout = 120s (custom)
2019-10-03 02:16:05,901 [pool-277-thread-1] INFO  server.RaftServerConfigKeys (ConfUtils.java:logGet(43)) - raft.server.rpc.timeout.min = 5s (custom)
2019-10-03 02:16:05,901 [pool-297-thread-1] INFO  server.RaftServerConfigKeys (ConfUtils.java:logGet(43)) - raft.server.log.corruption.policy = EXCEPTION (default)
2019-10-03 02:16:05,901 [pool-287-thread-1] INFO  server.RaftServerConfigKeys (ConfUtils.java:logGet(43)) - raft.server.sleep.deviation.threshold = 300 (default)
2019-10-03 02:16:05,902 [pool-297-thread-1] INFO  storage.RaftStorageDirectory (RaftStorageDirectory.java:analyzeStorage(246)) - The storage directory /workdir/hadoop-ozone/ozonefs/target/test-dir/MiniOzoneClusterImpl-eeeb1918-9560-49c3-a5cd-d264bab630ea/datanode-2/data/ratis/42b5051c-585f-4c89-8be9-e1944aadeb4e does not exist. Creating ...
2019-10-03 02:16:05,901 [pool-277-thread-1] INFO  server.RaftServerConfigKeys (ConfUtils.java:logGet(43)) - raft.server.rpc.timeout.max = 5200ms (custom)
2019-10-03 02:16:05,902 [pool-287-thread-1] INFO  server.RaftServerConfigKeys (ConfUtils.java:logGet(43)) - raft.server.log.appender.install.snapshot.enabled = false (custom)
2019-10-03 02:16:05,902 [pool-277-thread-1] INFO  server.RaftServerConfigKeys (ConfUtils.java:logGet(43)) - raft.server.rpcslowness.timeout = 120s (custom)
2019-10-03 02:16:05,902 [pool-287-thread-1] INFO  impl.RaftServerImpl (ServerState.java:<init>(103)) - b38b99b5-3589-46c6-9ea1-90cffae86661@group-E1944AADEB4E: ConfigurationManager, init=-1: [cc76941a-20da-4762-850e-ef312799bf38:192.168.164.205:46596, cc4cf2b6-2748-4567-b455-87d8614b56f0:192.168.164.205:33193, b38b99b5-3589-46c6-9ea1-90cffae86661:192.168.164.205:42230], old=null, confs=<EMPTY_MAP>
2019-10-03 02:16:05,902 [pool-277-thread-1] INFO  server.RaftServerConfigKeys (ConfUtils.java:logGet(43)) - raft.server.sleep.deviation.threshold = 300 (default)
2019-10-03 02:16:05,902 [pool-287-thread-1] INFO  server.RaftServerConfigKeys (ConfUtils.java:logGet(43)) - raft.server.storage.dir = [/workdir/hadoop-ozone/ozonefs/target/test-dir/MiniOzoneClusterImpl-eeeb1918-9560-49c3-a5cd-d264bab630ea/datanode-1/data/ratis] (custom)
2019-10-03 02:16:05,902 [pool-277-thread-1] INFO  server.RaftServerConfigKeys (ConfUtils.java:logGet(43)) - raft.server.log.appender.install.snapshot.enabled = false (custom)
2019-10-03 02:16:05,903 [pool-287-thread-1] INFO  server.RaftServerConfigKeys (ConfUtils.java:logGet(43)) - raft.server.log.corruption.policy = EXCEPTION (default)
2019-10-03 02:16:05,903 [pool-277-thread-1] INFO  impl.RaftServerImpl (ServerState.java:<init>(103)) - cc76941a-20da-4762-850e-ef312799bf38@group-E1944AADEB4E: ConfigurationManager, init=-1: [cc76941a-20da-4762-850e-ef312799bf38:192.168.164.205:46596, cc4cf2b6-2748-4567-b455-87d8614b56f0:192.168.164.205:33193, b38b99b5-3589-46c6-9ea1-90cffae86661:192.168.164.205:42230], old=null, confs=<EMPTY_MAP>
2019-10-03 02:16:05,903 [pool-287-thread-1] INFO  storage.RaftStorageDirectory (RaftStorageDirectory.java:analyzeStorage(246)) - The storage directory /workdir/hadoop-ozone/ozonefs/target/test-dir/MiniOzoneClusterImpl-eeeb1918-9560-49c3-a5cd-d264bab630ea/datanode-1/data/ratis/42b5051c-585f-4c89-8be9-e1944aadeb4e does not exist. Creating ...
2019-10-03 02:16:05,903 [pool-277-thread-1] INFO  server.RaftServerConfigKeys (ConfUtils.java:logGet(43)) - raft.server.storage.dir = [/workdir/hadoop-ozone/ozonefs/target/test-dir/MiniOzoneClusterImpl-eeeb1918-9560-49c3-a5cd-d264bab630ea/datanode-0/data/ratis] (custom)
2019-10-03 02:16:05,903 [pool-277-thread-1] INFO  server.RaftServerConfigKeys (ConfUtils.java:logGet(43)) - raft.server.log.corruption.policy = EXCEPTION (default)
2019-10-03 02:16:05,903 [pool-277-thread-1] INFO  storage.RaftStorageDirectory (RaftStorageDirectory.java:analyzeStorage(246)) - The storage directory /workdir/hadoop-ozone/ozonefs/target/test-dir/MiniOzoneClusterImpl-eeeb1918-9560-49c3-a5cd-d264bab630ea/datanode-0/data/ratis/42b5051c-585f-4c89-8be9-e1944aadeb4e does not exist. Creating ...
2019-10-03 02:16:05,915 [pool-277-thread-1] INFO  storage.RaftStorageDirectory (RaftStorageDirectory.java:tryLock(328)) - Lock on /workdir/hadoop-ozone/ozonefs/target/test-dir/MiniOzoneClusterImpl-eeeb1918-9560-49c3-a5cd-d264bab630ea/datanode-0/data/ratis/42b5051c-585f-4c89-8be9-e1944aadeb4e/in_use.lock acquired by nodename 8307@pr-hdds-1737-89jld-2007629010
2019-10-03 02:16:05,915 [pool-297-thread-1] INFO  storage.RaftStorageDirectory (RaftStorageDirectory.java:tryLock(328)) - Lock on /workdir/hadoop-ozone/ozonefs/target/test-dir/MiniOzoneClusterImpl-eeeb1918-9560-49c3-a5cd-d264bab630ea/datanode-2/data/ratis/42b5051c-585f-4c89-8be9-e1944aadeb4e/in_use.lock acquired by nodename 8307@pr-hdds-1737-89jld-2007629010
2019-10-03 02:16:05,915 [pool-287-thread-1] INFO  storage.RaftStorageDirectory (RaftStorageDirectory.java:tryLock(328)) - Lock on /workdir/hadoop-ozone/ozonefs/target/test-dir/MiniOzoneClusterImpl-eeeb1918-9560-49c3-a5cd-d264bab630ea/datanode-1/data/ratis/42b5051c-585f-4c89-8be9-e1944aadeb4e/in_use.lock acquired by nodename 8307@pr-hdds-1737-89jld-2007629010
2019-10-03 02:16:05,919 [pool-287-thread-1] INFO  storage.RaftStorage (RaftStorage.java:format(84)) - Storage directory /workdir/hadoop-ozone/ozonefs/target/test-dir/MiniOzoneClusterImpl-eeeb1918-9560-49c3-a5cd-d264bab630ea/datanode-1/data/ratis/42b5051c-585f-4c89-8be9-e1944aadeb4e has been successfully formatted.
2019-10-03 02:16:05,919 [pool-297-thread-1] INFO  storage.RaftStorage (RaftStorage.java:format(84)) - Storage directory /workdir/hadoop-ozone/ozonefs/target/test-dir/MiniOzoneClusterImpl-eeeb1918-9560-49c3-a5cd-d264bab630ea/datanode-2/data/ratis/42b5051c-585f-4c89-8be9-e1944aadeb4e has been successfully formatted.
2019-10-03 02:16:05,919 [pool-277-thread-1] INFO  storage.RaftStorage (RaftStorage.java:format(84)) - Storage directory /workdir/hadoop-ozone/ozonefs/target/test-dir/MiniOzoneClusterImpl-eeeb1918-9560-49c3-a5cd-d264bab630ea/datanode-0/data/ratis/42b5051c-585f-4c89-8be9-e1944aadeb4e has been successfully formatted.
2019-10-03 02:16:05,919 [pool-297-thread-1] INFO  ratis.ContainerStateMachine (ContainerStateMachine.java:loadSnapshot(230)) - group-E1944AADEB4E: The snapshot info is null. Setting the last applied indexto:(t:0, i:~)
2019-10-03 02:16:05,919 [pool-287-thread-1] INFO  ratis.ContainerStateMachine (ContainerStateMachine.java:loadSnapshot(230)) - group-E1944AADEB4E: The snapshot info is null. Setting the last applied indexto:(t:0, i:~)
2019-10-03 02:16:05,919 [pool-297-thread-1] INFO  server.RaftServerConfigKeys (ConfUtils.java:logGet(43)) - raft.server.notification.no-leader.timeout = 120s (custom)
2019-10-03 02:16:05,919 [pool-277-thread-1] INFO  ratis.ContainerStateMachine (ContainerStateMachine.java:loadSnapshot(230)) - group-E1944AADEB4E: The snapshot info is null. Setting the last applied indexto:(t:0, i:~)
2019-10-03 02:16:05,919 [pool-297-thread-1] INFO  server.RaftServerConfigKeys (ConfUtils.java:logGet(43)) - raft.server.log.use.memory = false (default)
2019-10-03 02:16:05,919 [pool-287-thread-1] INFO  server.RaftServerConfigKeys (ConfUtils.java:logGet(43)) - raft.server.notification.no-leader.timeout = 120s (custom)
2019-10-03 02:16:05,920 [pool-297-thread-1] INFO  server.RaftServerConfigKeys (ConfUtils.java:logGet(43)) - raft.server.log.purge.gap = 1000000 (custom)
2019-10-03 02:16:05,919 [pool-277-thread-1] INFO  server.RaftServerConfigKeys (ConfUtils.java:logGet(43)) - raft.server.notification.no-leader.timeout = 120s (custom)
2019-10-03 02:16:05,920 [pool-297-thread-1] INFO  server.RaftServerConfigKeys (ConfUtils.java:logGet(43)) - raft.server.log.appender.buffer.byte-limit = 33554432 (custom)
2019-10-03 02:16:05,920 [pool-287-thread-1] INFO  server.RaftServerConfigKeys (ConfUtils.java:logGet(43)) - raft.server.log.use.memory = false (default)
2019-10-03 02:16:05,920 [pool-297-thread-1] INFO  server.RaftServerConfigKeys (ConfUtils.java:logGet(43)) - raft.server.log.segment.size.max = 1048576 (custom)
2019-10-03 02:16:05,920 [pool-277-thread-1] INFO  server.RaftServerConfigKeys (ConfUtils.java:logGet(43)) - raft.server.log.use.memory = false (default)
2019-10-03 02:16:05,920 [pool-297-thread-1] INFO  server.RaftServerConfigKeys (ConfUtils.java:logGet(43)) - raft.server.log.segment.cache.num.max = 2 (custom)
2019-10-03 02:16:05,920 [pool-287-thread-1] INFO  server.RaftServerConfigKeys (ConfUtils.java:logGet(43)) - raft.server.log.purge.gap = 1000000 (custom)
2019-10-03 02:16:05,920 [pool-297-thread-1] INFO  segmented.SegmentedRaftLogWorker (SegmentedRaftLogWorker.java:<init>(173)) - new cc4cf2b6-2748-4567-b455-87d8614b56f0@group-E1944AADEB4E-SegmentedRaftLogWorker for RaftStorage:Storage Directory /workdir/hadoop-ozone/ozonefs/target/test-dir/MiniOzoneClusterImpl-eeeb1918-9560-49c3-a5cd-d264bab630ea/datanode-2/data/ratis/42b5051c-585f-4c89-8be9-e1944aadeb4e
2019-10-03 02:16:05,920 [pool-277-thread-1] INFO  server.RaftServerConfigKeys (ConfUtils.java:logGet(43)) - raft.server.log.purge.gap = 1000000 (custom)
2019-10-03 02:16:05,921 [pool-297-thread-1] INFO  server.RaftServerConfigKeys (ConfUtils.java:logGet(43)) - raft.server.log.queue.byte-limit = 2147483647 (custom)
2019-10-03 02:16:05,920 [pool-287-thread-1] INFO  server.RaftServerConfigKeys (ConfUtils.java:logGet(43)) - raft.server.log.appender.buffer.byte-limit = 33554432 (custom)
2019-10-03 02:16:05,921 [pool-297-thread-1] INFO  server.RaftServerConfigKeys (ConfUtils.java:logGet(43)) - raft.server.log.queue.element-limit = 1024 (custom)
2019-10-03 02:16:05,921 [pool-277-thread-1] INFO  server.RaftServerConfigKeys (ConfUtils.java:logGet(43)) - raft.server.log.appender.buffer.byte-limit = 33554432 (custom)
2019-10-03 02:16:05,921 [pool-297-thread-1] INFO  server.RaftServerConfigKeys (ConfUtils.java:logGet(43)) - raft.server.log.segment.size.max = 1048576 (custom)
2019-10-03 02:16:05,921 [pool-287-thread-1] INFO  server.RaftServerConfigKeys (ConfUtils.java:logGet(43)) - raft.server.log.segment.size.max = 1048576 (custom)
2019-10-03 02:16:05,921 [pool-297-thread-1] INFO  server.RaftServerConfigKeys (ConfUtils.java:logGet(43)) - raft.server.log.preallocated.size = 16384 (custom)
2019-10-03 02:16:05,921 [pool-277-thread-1] INFO  server.RaftServerConfigKeys (ConfUtils.java:logGet(43)) - raft.server.log.segment.size.max = 1048576 (custom)
2019-10-03 02:16:05,921 [pool-297-thread-1] INFO  server.RaftServerConfigKeys (ConfUtils.java:logGet(43)) - raft.server.log.write.buffer.size = 33554432 (custom)
2019-10-03 02:16:05,921 [pool-287-thread-1] INFO  server.RaftServerConfigKeys (ConfUtils.java:logGet(43)) - raft.server.log.segment.cache.num.max = 2 (custom)
2019-10-03 02:16:05,922 [pool-297-thread-1] INFO  server.RaftServerConfigKeys (ConfUtils.java:logGet(43)) - raft.server.log.force.sync.num = 128 (default)
2019-10-03 02:16:05,922 [pool-277-thread-1] INFO  server.RaftServerConfigKeys (ConfUtils.java:logGet(43)) - raft.server.log.segment.cache.num.max = 2 (custom)
2019-10-03 02:16:05,922 [pool-297-thread-1] INFO  server.RaftServerConfigKeys (ConfUtils.java:logGet(43)) - raft.server.log.statemachine.data.sync = true (default)
2019-10-03 02:16:05,922 [pool-287-thread-1] INFO  segmented.SegmentedRaftLogWorker (SegmentedRaftLogWorker.java:<init>(173)) - new b38b99b5-3589-46c6-9ea1-90cffae86661@group-E1944AADEB4E-SegmentedRaftLogWorker for RaftStorage:Storage Directory /workdir/hadoop-ozone/ozonefs/target/test-dir/MiniOzoneClusterImpl-eeeb1918-9560-49c3-a5cd-d264bab630ea/datanode-1/data/ratis/42b5051c-585f-4c89-8be9-e1944aadeb4e
2019-10-03 02:16:05,922 [pool-297-thread-1] INFO  server.RaftServerConfigKeys (ConfUtils.java:logGet(43)) - raft.server.log.statemachine.data.sync.timeout = 10s (default)
2019-10-03 02:16:05,922 [pool-277-thread-1] INFO  segmented.SegmentedRaftLogWorker (SegmentedRaftLogWorker.java:<init>(173)) - new cc76941a-20da-4762-850e-ef312799bf38@group-E1944AADEB4E-SegmentedRaftLogWorker for RaftStorage:Storage Directory /workdir/hadoop-ozone/ozonefs/target/test-dir/MiniOzoneClusterImpl-eeeb1918-9560-49c3-a5cd-d264bab630ea/datanode-0/data/ratis/42b5051c-585f-4c89-8be9-e1944aadeb4e
2019-10-03 02:16:05,922 [pool-297-thread-1] INFO  server.RaftServerConfigKeys (ConfUtils.java:logGet(43)) - raft.server.log.statemachine.data.sync.timeout.retry = -1 (default)
2019-10-03 02:16:05,922 [pool-287-thread-1] INFO  server.RaftServerConfigKeys (ConfUtils.java:logGet(43)) - raft.server.log.queue.byte-limit = 2147483647 (custom)
2019-10-03 02:16:05,922 [pool-277-thread-1] INFO  server.RaftServerConfigKeys (ConfUtils.java:logGet(43)) - raft.server.log.queue.byte-limit = 2147483647 (custom)
2019-10-03 02:16:05,923 [pool-287-thread-1] INFO  server.RaftServerConfigKeys (ConfUtils.java:logGet(43)) - raft.server.log.queue.element-limit = 1024 (custom)
2019-10-03 02:16:05,923 [pool-297-thread-1] INFO  server.RaftServerConfigKeys (ConfUtils.java:logGet(43)) - raft.server.log.statemachine.data.caching.enabled = true (custom)
2019-10-03 02:16:05,923 [pool-287-thread-1] INFO  server.RaftServerConfigKeys (ConfUtils.java:logGet(43)) - raft.server.log.segment.size.max = 1048576 (custom)
2019-10-03 02:16:05,923 [pool-277-thread-1] INFO  server.RaftServerConfigKeys (ConfUtils.java:logGet(43)) - raft.server.log.queue.element-limit = 1024 (custom)
2019-10-03 02:16:05,923 [pool-297-thread-1] INFO  segmented.SegmentedRaftLogWorker (SegmentedRaftLogWorker.java:lambda$new$0(128)) - cc4cf2b6-2748-4567-b455-87d8614b56f0@group-E1944AADEB4E-SegmentedRaftLogWorker: flushIndex: setUnconditionally 0 -> -1
2019-10-03 02:16:05,923 [pool-287-thread-1] INFO  server.RaftServerConfigKeys (ConfUtils.java:logGet(43)) - raft.server.log.preallocated.size = 16384 (custom)
2019-10-03 02:16:05,923 [pool-277-thread-1] INFO  server.RaftServerConfigKeys (ConfUtils.java:logGet(43)) - raft.server.log.segment.size.max = 1048576 (custom)
2019-10-03 02:16:05,923 [pool-297-thread-1] INFO  server.RaftServerConfigKeys (ConfUtils.java:logGet(43)) - raft.server.snapshot.auto.trigger.enabled = true (custom)
2019-10-03 02:16:05,923 [pool-287-thread-1] INFO  server.RaftServerConfigKeys (ConfUtils.java:logGet(43)) - raft.server.log.write.buffer.size = 33554432 (custom)
2019-10-03 02:16:05,923 [pool-297-thread-1] INFO  server.RaftServerConfigKeys (ConfUtils.java:logGet(43)) - raft.server.snapshot.auto.trigger.threshold = 10000 (custom)
2019-10-03 02:16:05,923 [pool-277-thread-1] INFO  server.RaftServerConfigKeys (ConfUtils.java:logGet(43)) - raft.server.log.preallocated.size = 16384 (custom)
2019-10-03 02:16:05,924 [pool-297-thread-1] INFO  server.RaftServerConfigKeys (ConfUtils.java:logGet(43)) - raft.server.snapshot.retention.file.num = 5 (custom)
2019-10-03 02:16:05,924 [pool-287-thread-1] INFO  server.RaftServerConfigKeys (ConfUtils.java:logGet(43)) - raft.server.log.force.sync.num = 128 (default)
2019-10-03 02:16:05,924 [pool-297-thread-1] INFO  server.RaftServerConfigKeys (ConfUtils.java:logGet(43)) - raft.server.retrycache.expirytime = 600000ms (custom)
2019-10-03 02:16:05,924 [pool-277-thread-1] INFO  server.RaftServerConfigKeys (ConfUtils.java:logGet(43)) - raft.server.log.write.buffer.size = 33554432 (custom)
2019-10-03 02:16:05,924 [pool-287-thread-1] INFO  server.RaftServerConfigKeys (ConfUtils.java:logGet(43)) - raft.server.log.statemachine.data.sync = true (default)
2019-10-03 02:16:05,924 [pool-277-thread-1] INFO  server.RaftServerConfigKeys (ConfUtils.java:logGet(43)) - raft.server.log.force.sync.num = 128 (default)
2019-10-03 02:16:05,924 [pool-287-thread-1] INFO  server.RaftServerConfigKeys (ConfUtils.java:logGet(43)) - raft.server.log.statemachine.data.sync.timeout = 10s (default)
2019-10-03 02:16:05,924 [pool-277-thread-1] INFO  server.RaftServerConfigKeys (ConfUtils.java:logGet(43)) - raft.server.log.statemachine.data.sync = true (default)
2019-10-03 02:16:05,924 [pool-287-thread-1] INFO  server.RaftServerConfigKeys (ConfUtils.java:logGet(43)) - raft.server.log.statemachine.data.sync.timeout.retry = -1 (default)
2019-10-03 02:16:05,925 [pool-277-thread-1] INFO  server.RaftServerConfigKeys (ConfUtils.java:logGet(43)) - raft.server.log.statemachine.data.sync.timeout = 10s (default)
2019-10-03 02:16:05,925 [pool-287-thread-1] INFO  server.RaftServerConfigKeys (ConfUtils.java:logGet(43)) - raft.server.log.statemachine.data.caching.enabled = true (custom)
2019-10-03 02:16:05,925 [pool-277-thread-1] INFO  server.RaftServerConfigKeys (ConfUtils.java:logGet(43)) - raft.server.log.statemachine.data.sync.timeout.retry = -1 (default)
2019-10-03 02:16:05,925 [pool-287-thread-1] INFO  segmented.SegmentedRaftLogWorker (SegmentedRaftLogWorker.java:lambda$new$0(128)) - b38b99b5-3589-46c6-9ea1-90cffae86661@group-E1944AADEB4E-SegmentedRaftLogWorker: flushIndex: setUnconditionally 0 -> -1
2019-10-03 02:16:05,925 [pool-277-thread-1] INFO  server.RaftServerConfigKeys (ConfUtils.java:logGet(43)) - raft.server.log.statemachine.data.caching.enabled = true (custom)
2019-10-03 02:16:05,925 [pool-287-thread-1] INFO  server.RaftServerConfigKeys (ConfUtils.java:logGet(43)) - raft.server.snapshot.auto.trigger.enabled = true (custom)
2019-10-03 02:16:05,925 [pool-287-thread-1] INFO  server.RaftServerConfigKeys (ConfUtils.java:logGet(43)) - raft.server.snapshot.auto.trigger.threshold = 10000 (custom)
2019-10-03 02:16:05,925 [pool-277-thread-1] INFO  segmented.SegmentedRaftLogWorker (SegmentedRaftLogWorker.java:lambda$new$0(128)) - cc76941a-20da-4762-850e-ef312799bf38@group-E1944AADEB4E-SegmentedRaftLogWorker: flushIndex: setUnconditionally 0 -> -1
2019-10-03 02:16:05,925 [pool-287-thread-1] INFO  server.RaftServerConfigKeys (ConfUtils.java:logGet(43)) - raft.server.snapshot.retention.file.num = 5 (custom)
2019-10-03 02:16:05,926 [pool-287-thread-1] INFO  server.RaftServerConfigKeys (ConfUtils.java:logGet(43)) - raft.server.retrycache.expirytime = 600000ms (custom)
2019-10-03 02:16:05,926 [pool-297-thread-1] INFO  impl.RaftServerImpl (RaftServerImpl.java:start(181)) - cc4cf2b6-2748-4567-b455-87d8614b56f0@group-E1944AADEB4E: start as a follower, conf=-1: [cc76941a-20da-4762-850e-ef312799bf38:192.168.164.205:46596, cc4cf2b6-2748-4567-b455-87d8614b56f0:192.168.164.205:33193, b38b99b5-3589-46c6-9ea1-90cffae86661:192.168.164.205:42230], old=null
2019-10-03 02:16:05,926 [pool-277-thread-1] INFO  server.RaftServerConfigKeys (ConfUtils.java:logGet(43)) - raft.server.snapshot.auto.trigger.enabled = true (custom)
2019-10-03 02:16:05,926 [pool-297-thread-1] INFO  impl.RaftServerImpl (RaftServerImpl.java:setRole(170)) - cc4cf2b6-2748-4567-b455-87d8614b56f0@group-E1944AADEB4E: changes role from      null to FOLLOWER at term 0 for startAsFollower
2019-10-03 02:16:05,926 [pool-277-thread-1] INFO  server.RaftServerConfigKeys (ConfUtils.java:logGet(43)) - raft.server.snapshot.auto.trigger.threshold = 10000 (custom)
2019-10-03 02:16:05,926 [pool-297-thread-1] INFO  impl.RoleInfo (RoleInfo.java:updateAndGet(143)) - cc4cf2b6-2748-4567-b455-87d8614b56f0: start FollowerState
2019-10-03 02:16:05,926 [pool-277-thread-1] INFO  server.RaftServerConfigKeys (ConfUtils.java:logGet(43)) - raft.server.snapshot.retention.file.num = 5 (custom)
2019-10-03 02:16:05,926 [pool-277-thread-1] INFO  server.RaftServerConfigKeys (ConfUtils.java:logGet(43)) - raft.server.retrycache.expirytime = 600000ms (custom)
2019-10-03 02:16:05,926 [pool-297-thread-1] INFO  util.JmxRegister (JmxRegister.java:tryRegister(44)) - Successfully registered JMX Bean with object name Ratis:service=RaftServer,group=group-E1944AADEB4E,id=cc4cf2b6-2748-4567-b455-87d8614b56f0
2019-10-03 02:16:05,927 [pool-287-thread-1] INFO  impl.RaftServerImpl (RaftServerImpl.java:start(181)) - b38b99b5-3589-46c6-9ea1-90cffae86661@group-E1944AADEB4E: start as a follower, conf=-1: [cc76941a-20da-4762-850e-ef312799bf38:192.168.164.205:46596, cc4cf2b6-2748-4567-b455-87d8614b56f0:192.168.164.205:33193, b38b99b5-3589-46c6-9ea1-90cffae86661:192.168.164.205:42230], old=null
2019-10-03 02:16:05,928 [pool-287-thread-1] INFO  impl.RaftServerImpl (RaftServerImpl.java:setRole(170)) - b38b99b5-3589-46c6-9ea1-90cffae86661@group-E1944AADEB4E: changes role from      null to FOLLOWER at term 0 for startAsFollower
2019-10-03 02:16:05,928 [pool-287-thread-1] INFO  impl.RoleInfo (RoleInfo.java:updateAndGet(143)) - b38b99b5-3589-46c6-9ea1-90cffae86661: start FollowerState
2019-10-03 02:16:05,928 [pool-287-thread-1] INFO  util.JmxRegister (JmxRegister.java:tryRegister(44)) - Successfully registered JMX Bean with object name Ratis:service=RaftServer,group=group-E1944AADEB4E,id=b38b99b5-3589-46c6-9ea1-90cffae86661
2019-10-03 02:16:05,929 [pool-277-thread-1] INFO  impl.RaftServerImpl (RaftServerImpl.java:start(181)) - cc76941a-20da-4762-850e-ef312799bf38@group-E1944AADEB4E: start as a follower, conf=-1: [cc76941a-20da-4762-850e-ef312799bf38:192.168.164.205:46596, cc4cf2b6-2748-4567-b455-87d8614b56f0:192.168.164.205:33193, b38b99b5-3589-46c6-9ea1-90cffae86661:192.168.164.205:42230], old=null
2019-10-03 02:16:05,929 [pool-277-thread-1] INFO  impl.RaftServerImpl (RaftServerImpl.java:setRole(170)) - cc76941a-20da-4762-850e-ef312799bf38@group-E1944AADEB4E: changes role from      null to FOLLOWER at term 0 for startAsFollower
2019-10-03 02:16:05,929 [pool-277-thread-1] INFO  impl.RoleInfo (RoleInfo.java:updateAndGet(143)) - cc76941a-20da-4762-850e-ef312799bf38: start FollowerState
2019-10-03 02:16:05,929 [pool-277-thread-1] INFO  util.JmxRegister (JmxRegister.java:tryRegister(44)) - Successfully registered JMX Bean with object name Ratis:service=RaftServer,group=group-E1944AADEB4E,id=cc76941a-20da-4762-850e-ef312799bf38
2019-10-03 02:16:05,939 [RatisPipelineUtilsThread] INFO  pipeline.PipelineStateManager (PipelineStateManager.java:addPipeline(56)) - Created pipeline Pipeline[ Id: 42b5051c-585f-4c89-8be9-e1944aadeb4e, Nodes: cc4cf2b6-2748-4567-b455-87d8614b56f0{ip: 192.168.164.205, host: pr-hdds-1737-89jld-2007629010, networkLocation: /default-rack, certSerialId: null}b38b99b5-3589-46c6-9ea1-90cffae86661{ip: 192.168.164.205, host: pr-hdds-1737-89jld-2007629010, networkLocation: /default-rack, certSerialId: null}cc76941a-20da-4762-850e-ef312799bf38{ip: 192.168.164.205, host: pr-hdds-1737-89jld-2007629010, networkLocation: /default-rack, certSerialId: null}, Type:RATIS, Factor:THREE, State:OPEN]
02:16:05.970 [IPC Server handler 13 on 35399] ERROR OMAudit - user=jenkins1000 | ip=127.0.0.1 | op=READ_KEY {volume=volume75653, bucket=bucket81169, key=testDeleteCreatesFakeParentDir/parent/, dataSize=0, replicationType=null, replicationFactor=null, keyLocationInfo=null} | ret=FAILURE
org.apache.hadoop.ozone.om.exceptions.OMException: Key not found
	at org.apache.hadoop.ozone.om.KeyManagerImpl.lookupKey(KeyManagerImpl.java:683) ~[hadoop-ozone-ozone-manager-0.5.0-SNAPSHOT.jar:?]
	at org.apache.hadoop.ozone.om.OzoneManager.lookupKey(OzoneManager.java:2312) ~[hadoop-ozone-ozone-manager-0.5.0-SNAPSHOT.jar:?]
	at org.apache.hadoop.ozone.protocolPB.OzoneManagerRequestHandler.lookupKey(OzoneManagerRequestHandler.java:621) ~[hadoop-ozone-ozone-manager-0.5.0-SNAPSHOT.jar:?]
	at org.apache.hadoop.ozone.protocolPB.OzoneManagerRequestHandler.handle(OzoneManagerRequestHandler.java:220) ~[hadoop-ozone-ozone-manager-0.5.0-SNAPSHOT.jar:?]
	at org.apache.hadoop.ozone.protocolPB.OzoneManagerProtocolServerSideTranslatorPB.submitRequestDirectlyToOM(OzoneManagerProtocolServerSideTranslatorPB.java:210) ~[hadoop-ozone-ozone-manager-0.5.0-SNAPSHOT.jar:?]
	at org.apache.hadoop.ozone.protocolPB.OzoneManagerProtocolServerSideTranslatorPB.processRequest(OzoneManagerProtocolServerSideTranslatorPB.java:134) ~[hadoop-ozone-ozone-manager-0.5.0-SNAPSHOT.jar:?]
	at org.apache.hadoop.hdds.server.OzoneProtocolMessageDispatcher.processRequest(OzoneProtocolMessageDispatcher.java:72) [hadoop-hdds-server-framework-0.5.0-SNAPSHOT.jar:?]
	at org.apache.hadoop.ozone.protocolPB.OzoneManagerProtocolServerSideTranslatorPB.submitRequest(OzoneManagerProtocolServerSideTranslatorPB.java:100) [hadoop-ozone-ozone-manager-0.5.0-SNAPSHOT.jar:?]
	at org.apache.hadoop.ozone.protocol.proto.OzoneManagerProtocolProtos$OzoneManagerService$2.callBlockingMethod(OzoneManagerProtocolProtos.java) [hadoop-ozone-common-0.5.0-SNAPSHOT.jar:?]
	at org.apache.hadoop.ipc.ProtobufRpcEngine$Server$ProtoBufRpcInvoker.call(ProtobufRpcEngine.java:524) [hadoop-common-3.2.0.jar:?]
	at org.apache.hadoop.ipc.RPC$Server.call(RPC.java:1025) [hadoop-common-3.2.0.jar:?]
	at org.apache.hadoop.ipc.Server$RpcCall.run(Server.java:876) [hadoop-common-3.2.0.jar:?]
	at org.apache.hadoop.ipc.Server$RpcCall.run(Server.java:822) [hadoop-common-3.2.0.jar:?]
	at java.security.AccessController.doPrivileged(Native Method) [?:1.8.0_212]
	at javax.security.auth.Subject.doAs(Subject.java:422) [?:1.8.0_212]
	at org.apache.hadoop.security.UserGroupInformation.doAs(UserGroupInformation.java:1730) [hadoop-common-3.2.0.jar:?]
	at org.apache.hadoop.ipc.Server$Handler.run(Server.java:2682) [hadoop-common-3.2.0.jar:?]
02:16:05.982 [IPC Server handler 16 on 35399] ERROR OMAudit - user=jenkins1000 | ip=127.0.0.1 | op=DELETE_KEY {volume=volume75653, bucket=bucket81169, key=testDeleteCreatesFakeParentDir/parent/child, dataSize=0, replicationType=RATIS, replicationFactor=ONE, keyLocationInfo=[]} | ret=FAILURE
org.apache.hadoop.ozone.om.exceptions.OMException: Volume not found volume75653
	at org.apache.hadoop.ozone.om.request.key.OMKeyDeleteRequest.validateAndUpdateCache(OMKeyDeleteRequest.java:127) ~[hadoop-ozone-ozone-manager-0.5.0-SNAPSHOT.jar:?]
	at org.apache.hadoop.ozone.protocolPB.OzoneManagerProtocolServerSideTranslatorPB.submitRequestDirectlyToOM(OzoneManagerProtocolServerSideTranslatorPB.java:219) ~[hadoop-ozone-ozone-manager-0.5.0-SNAPSHOT.jar:?]
	at org.apache.hadoop.ozone.protocolPB.OzoneManagerProtocolServerSideTranslatorPB.processRequest(OzoneManagerProtocolServerSideTranslatorPB.java:134) ~[hadoop-ozone-ozone-manager-0.5.0-SNAPSHOT.jar:?]
	at org.apache.hadoop.hdds.server.OzoneProtocolMessageDispatcher.processRequest(OzoneProtocolMessageDispatcher.java:72) [hadoop-hdds-server-framework-0.5.0-SNAPSHOT.jar:?]
	at org.apache.hadoop.ozone.protocolPB.OzoneManagerProtocolServerSideTranslatorPB.submitRequest(OzoneManagerProtocolServerSideTranslatorPB.java:100) [hadoop-ozone-ozone-manager-0.5.0-SNAPSHOT.jar:?]
	at org.apache.hadoop.ozone.protocol.proto.OzoneManagerProtocolProtos$OzoneManagerService$2.callBlockingMethod(OzoneManagerProtocolProtos.java) [hadoop-ozone-common-0.5.0-SNAPSHOT.jar:?]
	at org.apache.hadoop.ipc.ProtobufRpcEngine$Server$ProtoBufRpcInvoker.call(ProtobufRpcEngine.java:524) [hadoop-common-3.2.0.jar:?]
	at org.apache.hadoop.ipc.RPC$Server.call(RPC.java:1025) [hadoop-common-3.2.0.jar:?]
	at org.apache.hadoop.ipc.Server$RpcCall.run(Server.java:876) [hadoop-common-3.2.0.jar:?]
	at org.apache.hadoop.ipc.Server$RpcCall.run(Server.java:822) [hadoop-common-3.2.0.jar:?]
	at java.security.AccessController.doPrivileged(Native Method) [?:1.8.0_212]
	at javax.security.auth.Subject.doAs(Subject.java:422) [?:1.8.0_212]
	at org.apache.hadoop.security.UserGroupInformation.doAs(UserGroupInformation.java:1730) [hadoop-common-3.2.0.jar:?]
	at org.apache.hadoop.ipc.Server$Handler.run(Server.java:2682) [hadoop-common-3.2.0.jar:?]
2019-10-03 02:16:05,983 [Thread-1092] ERROR ozone.BasicOzoneClientAdapterImpl (BasicOzoneClientAdapterImpl.java:deleteObject(260)) - delete key failed Volume not found volume75653
02:16:06.000 [IPC Server handler 19 on 35399] ERROR OMAudit - user=jenkins1000 | ip=127.0.0.1 | op=READ_KEY {volume=volume75653, bucket=bucket81169, key=testDeleteCreatesFakeParentDir/parent/, dataSize=0, replicationType=null, replicationFactor=null, keyLocationInfo=null} | ret=FAILURE
org.apache.hadoop.ozone.om.exceptions.OMException: Key not found
	at org.apache.hadoop.ozone.om.KeyManagerImpl.lookupKey(KeyManagerImpl.java:683) ~[hadoop-ozone-ozone-manager-0.5.0-SNAPSHOT.jar:?]
	at org.apache.hadoop.ozone.om.OzoneManager.lookupKey(OzoneManager.java:2312) ~[hadoop-ozone-ozone-manager-0.5.0-SNAPSHOT.jar:?]
	at org.apache.hadoop.ozone.protocolPB.OzoneManagerRequestHandler.lookupKey(OzoneManagerRequestHandler.java:621) ~[hadoop-ozone-ozone-manager-0.5.0-SNAPSHOT.jar:?]
	at org.apache.hadoop.ozone.protocolPB.OzoneManagerRequestHandler.handle(OzoneManagerRequestHandler.java:220) ~[hadoop-ozone-ozone-manager-0.5.0-SNAPSHOT.jar:?]
	at org.apache.hadoop.ozone.protocolPB.OzoneManagerProtocolServerSideTranslatorPB.submitRequestDirectlyToOM(OzoneManagerProtocolServerSideTranslatorPB.java:210) ~[hadoop-ozone-ozone-manager-0.5.0-SNAPSHOT.jar:?]
	at org.apache.hadoop.ozone.protocolPB.OzoneManagerProtocolServerSideTranslatorPB.processRequest(OzoneManagerProtocolServerSideTranslatorPB.java:134) ~[hadoop-ozone-ozone-manager-0.5.0-SNAPSHOT.jar:?]
	at org.apache.hadoop.hdds.server.OzoneProtocolMessageDispatcher.processRequest(OzoneProtocolMessageDispatcher.java:72) [hadoop-hdds-server-framework-0.5.0-SNAPSHOT.jar:?]
	at org.apache.hadoop.ozone.protocolPB.OzoneManagerProtocolServerSideTranslatorPB.submitRequest(OzoneManagerProtocolServerSideTranslatorPB.java:100) [hadoop-ozone-ozone-manager-0.5.0-SNAPSHOT.jar:?]
	at org.apache.hadoop.ozone.protocol.proto.OzoneManagerProtocolProtos$OzoneManagerService$2.callBlockingMethod(OzoneManagerProtocolProtos.java) [hadoop-ozone-common-0.5.0-SNAPSHOT.jar:?]
	at org.apache.hadoop.ipc.ProtobufRpcEngine$Server$ProtoBufRpcInvoker.call(ProtobufRpcEngine.java:524) [hadoop-common-3.2.0.jar:?]
	at org.apache.hadoop.ipc.RPC$Server.call(RPC.java:1025) [hadoop-common-3.2.0.jar:?]
	at org.apache.hadoop.ipc.Server$RpcCall.run(Server.java:876) [hadoop-common-3.2.0.jar:?]
	at org.apache.hadoop.ipc.Server$RpcCall.run(Server.java:822) [hadoop-common-3.2.0.jar:?]
	at java.security.AccessController.doPrivileged(Native Method) [?:1.8.0_212]
	at javax.security.auth.Subject.doAs(Subject.java:422) [?:1.8.0_212]
	at org.apache.hadoop.security.UserGroupInformation.doAs(UserGroupInformation.java:1730) [hadoop-common-3.2.0.jar:?]
	at org.apache.hadoop.ipc.Server$Handler.run(Server.java:2682) [hadoop-common-3.2.0.jar:?]
2019-10-03 02:16:06,001 [Thread-1092] INFO  ozone.MiniOzoneClusterImpl (MiniOzoneClusterImpl.java:shutdown(314)) - Shutting down the Mini Ozone Cluster
2019-10-03 02:16:06,001 [Thread-1092] INFO  ozone.MiniOzoneClusterImpl (MiniOzoneClusterImpl.java:stop(330)) - Stopping the Mini Ozone Cluster
2019-10-03 02:16:06,001 [Thread-1092] INFO  ozone.MiniOzoneClusterImpl (MiniOzoneClusterImpl.java:stopOM(400)) - Stopping the OzoneManager
2019-10-03 02:16:06,001 [Thread-1092] INFO  ipc.Server (Server.java:stop(3082)) - Stopping server on 35399
2019-10-03 02:16:06,005 [IPC Server listener on 35399] INFO  ipc.Server (Server.java:run(1185)) - Stopping IPC Server listener on 35399
2019-10-03 02:16:06,005 [Thread-1092] INFO  ratis.OzoneManagerDoubleBuffer (OzoneManagerDoubleBuffer.java:stop(248)) - Stopping OMDoubleBuffer flush thread
2019-10-03 02:16:06,013 [IPC Server Responder] INFO  ipc.Server (Server.java:run(1319)) - Stopping IPC Server Responder
2019-10-03 02:16:06,014 [OMDoubleBufferFlushThread] INFO  ratis.OzoneManagerDoubleBuffer (OzoneManagerDoubleBuffer.java:flushTransactions(191)) - OMDoubleBuffer flush thread OMDoubleBufferFlushThread is interrupted and will exit. OMDoubleBufferFlushThread
2019-10-03 02:16:06,015 [Thread-1092] INFO  utils.BackgroundService (BackgroundService.java:shutdown(148)) - Shutting down service KeyDeletingService
2019-10-03 02:16:06,027 [Thread-1092] INFO  handler.ContextHandler (ContextHandler.java:doStop(910)) - Stopped o.e.j.w.WebAppContext@78f00c57{/,null,UNAVAILABLE}{/ozoneManager}
2019-10-03 02:16:06,027 [Thread-1092] INFO  server.AbstractConnector (AbstractConnector.java:doStop(318)) - Stopped ServerConnector@3044ace4{HTTP/1.1,[http/1.1]}{0.0.0.0:0}
2019-10-03 02:16:06,028 [Thread-1092] INFO  handler.ContextHandler (ContextHandler.java:doStop(910)) - Stopped o.e.j.s.ServletContextHandler@648fc7a6{/static,jar:file:/home/user/.m2/repository/org/apache/hadoop/hadoop-ozone-ozone-manager/0.5.0-SNAPSHOT/hadoop-ozone-ozone-manager-0.5.0-SNAPSHOT.jar!/webapps/static,UNAVAILABLE}
2019-10-03 02:16:06,028 [Thread-1092] INFO  handler.ContextHandler (ContextHandler.java:doStop(910)) - Stopped o.e.j.s.ServletContextHandler@6dc636c4{/logs,file:///workdir/hadoop-ozone/ozonefs/target/log,UNAVAILABLE}
2019-10-03 02:16:06,029 [Thread-1092] INFO  ozone.MiniOzoneClusterImpl (MiniOzoneClusterImpl.java:stopDatanodes(377)) - Stopping the HddsDatanodes
2019-10-03 02:16:07,643 [Datanode State Machine Thread - 0] INFO  statemachine.DatanodeStateMachine (DatanodeStateMachine.java:lambda$startDaemon$0(350)) - Ozone container server started.
2019-10-03 02:16:07,725 [Datanode State Machine Thread - 0] INFO  statemachine.DatanodeStateMachine (DatanodeStateMachine.java:lambda$startDaemon$0(350)) - Ozone container server started.
2019-10-03 02:16:08,656 [Thread-1264] INFO  container.ReplicationManager (ReplicationManager.java:start(162)) - Starting Replication Monitor Thread.
2019-10-03 02:16:08,659 [ReplicationMonitor] INFO  container.ReplicationManager (ReplicationManager.java:run(225)) - Replication Monitor Thread took 0 milliseconds for processing 1 containers.
2019-10-03 02:16:10,740 [Thread-1266] INFO  impl.FollowerState (FollowerState.java:run(108)) - cc76941a-20da-4762-850e-ef312799bf38@group-E97933867EBB-FollowerState: change to CANDIDATE, lastRpcTime:5025ms, electionTimeout:5025ms
2019-10-03 02:16:10,741 [Thread-1266] INFO  impl.RoleInfo (RoleInfo.java:shutdownFollowerState(121)) - cc76941a-20da-4762-850e-ef312799bf38: shutdown FollowerState
2019-10-03 02:16:10,741 [Thread-1266] INFO  impl.RaftServerImpl (RaftServerImpl.java:setRole(170)) - cc76941a-20da-4762-850e-ef312799bf38@group-E97933867EBB: changes role from  FOLLOWER to CANDIDATE at term 0 for changeToCandidate
2019-10-03 02:16:10,741 [Thread-1266] INFO  impl.RoleInfo (RoleInfo.java:updateAndGet(143)) - cc76941a-20da-4762-850e-ef312799bf38: start LeaderElection
2019-10-03 02:16:10,782 [cc76941a-20da-4762-850e-ef312799bf38@group-E97933867EBB-LeaderElection24] INFO  impl.LeaderElection (LeaderElection.java:askForVotes(178)) - cc76941a-20da-4762-850e-ef312799bf38@group-E97933867EBB-LeaderElection24: begin an election at term 1 for -1: [cc76941a-20da-4762-850e-ef312799bf38:192.168.164.205:46596], old=null
2019-10-03 02:16:10,782 [cc76941a-20da-4762-850e-ef312799bf38@group-E97933867EBB-LeaderElection24] INFO  impl.RoleInfo (RoleInfo.java:shutdownLeaderElection(134)) - cc76941a-20da-4762-850e-ef312799bf38: shutdown LeaderElection
2019-10-03 02:16:10,782 [cc76941a-20da-4762-850e-ef312799bf38@group-E97933867EBB-LeaderElection24] INFO  impl.RaftServerImpl (RaftServerImpl.java:setRole(170)) - cc76941a-20da-4762-850e-ef312799bf38@group-E97933867EBB: changes role from CANDIDATE to LEADER at term 1 for changeToLeader
2019-10-03 02:16:10,782 [cc76941a-20da-4762-850e-ef312799bf38@group-E97933867EBB-LeaderElection24] INFO  impl.RaftServerImpl (ServerState.java:setLeader(255)) - cc76941a-20da-4762-850e-ef312799bf38@group-E97933867EBB: change Leader from null to cc76941a-20da-4762-850e-ef312799bf38 at term 1 for becomeLeader, leader elected after 5077ms
2019-10-03 02:16:10,783 [cc76941a-20da-4762-850e-ef312799bf38@group-E97933867EBB-LeaderElection24] INFO  server.RaftServerConfigKeys (ConfUtils.java:logGet(43)) - raft.server.staging.catchup.gap = 1000 (default)
2019-10-03 02:16:10,783 [cc76941a-20da-4762-850e-ef312799bf38@group-E97933867EBB-LeaderElection24] INFO  server.RaftServerConfigKeys (ConfUtils.java:logGet(43)) - raft.server.rpc.sleep.time = 25ms (default)
2019-10-03 02:16:10,783 [cc76941a-20da-4762-850e-ef312799bf38@group-E97933867EBB-LeaderElection24] INFO  server.RaftServerConfigKeys (ConfUtils.java:logGet(43)) - raft.server.write.element-limit = 4096 (default)
2019-10-03 02:16:10,783 [cc76941a-20da-4762-850e-ef312799bf38@group-E97933867EBB-LeaderElection24] INFO  server.RaftServerConfigKeys (ConfUtils.java:logGet(43)) - raft.server.watch.timeout = 10s (default)
2019-10-03 02:16:10,784 [cc76941a-20da-4762-850e-ef312799bf38@group-E97933867EBB-LeaderElection24] INFO  server.RaftServerConfigKeys (ConfUtils.java:logGet(43)) - raft.server.watch.timeout.denomination = 1s (default)
2019-10-03 02:16:10,784 [cc76941a-20da-4762-850e-ef312799bf38@group-E97933867EBB-LeaderElection24] INFO  server.RaftServerConfigKeys (ConfUtils.java:logGet(43)) - raft.server.watch.element-limit = 65536 (default)
2019-10-03 02:16:10,786 [cc76941a-20da-4762-850e-ef312799bf38@group-E97933867EBB-LeaderElection24] INFO  impl.RoleInfo (RoleInfo.java:updateAndGet(143)) - cc76941a-20da-4762-850e-ef312799bf38: start LeaderState
2019-10-03 02:16:10,787 [cc76941a-20da-4762-850e-ef312799bf38@group-E97933867EBB-LeaderElection24] INFO  segmented.SegmentedRaftLogWorker (SegmentedRaftLogWorker.java:startLogSegment(385)) - cc76941a-20da-4762-850e-ef312799bf38@group-E97933867EBB-SegmentedRaftLogWorker: Starting segment from index:0
2019-10-03 02:16:10,788 [cc76941a-20da-4762-850e-ef312799bf38@group-E97933867EBB-LeaderElection24] INFO  impl.RaftServerImpl (ServerState.java:setRaftConf(356)) - cc76941a-20da-4762-850e-ef312799bf38@group-E97933867EBB: set configuration 0: [cc76941a-20da-4762-850e-ef312799bf38:192.168.164.205:46596], old=null at 0
2019-10-03 02:16:10,840 [cc76941a-20da-4762-850e-ef312799bf38@group-E97933867EBB-SegmentedRaftLogWorker] INFO  segmented.SegmentedRaftLogWorker (SegmentedRaftLogWorker.java:execute(574)) - cc76941a-20da-4762-850e-ef312799bf38@group-E97933867EBB-SegmentedRaftLogWorker: created new log segment /workdir/hadoop-ozone/ozonefs/target/test-dir/MiniOzoneClusterImpl-eeeb1918-9560-49c3-a5cd-d264bab630ea/datanode-0/data/ratis/c5a43159-4776-4525-aaa3-e97933867ebb/current/log_inprogress_0
2019-10-03 02:16:10,863 [Thread-1269] INFO  impl.FollowerState (FollowerState.java:run(108)) - b38b99b5-3589-46c6-9ea1-90cffae86661@group-FB243E1CC82F-FollowerState: change to CANDIDATE, lastRpcTime:5078ms, electionTimeout:5078ms
2019-10-03 02:16:10,863 [Thread-1269] INFO  impl.RoleInfo (RoleInfo.java:shutdownFollowerState(121)) - b38b99b5-3589-46c6-9ea1-90cffae86661: shutdown FollowerState
2019-10-03 02:16:10,863 [Thread-1269] INFO  impl.RaftServerImpl (RaftServerImpl.java:setRole(170)) - b38b99b5-3589-46c6-9ea1-90cffae86661@group-FB243E1CC82F: changes role from  FOLLOWER to CANDIDATE at term 0 for changeToCandidate
2019-10-03 02:16:10,864 [Thread-1269] INFO  impl.RoleInfo (RoleInfo.java:updateAndGet(143)) - b38b99b5-3589-46c6-9ea1-90cffae86661: start LeaderElection
2019-10-03 02:16:10,882 [b38b99b5-3589-46c6-9ea1-90cffae86661@group-FB243E1CC82F-LeaderElection25] INFO  impl.LeaderElection (LeaderElection.java:askForVotes(178)) - b38b99b5-3589-46c6-9ea1-90cffae86661@group-FB243E1CC82F-LeaderElection25: begin an election at term 1 for -1: [b38b99b5-3589-46c6-9ea1-90cffae86661:192.168.164.205:42230], old=null
2019-10-03 02:16:10,882 [b38b99b5-3589-46c6-9ea1-90cffae86661@group-FB243E1CC82F-LeaderElection25] INFO  impl.RoleInfo (RoleInfo.java:shutdownLeaderElection(134)) - b38b99b5-3589-46c6-9ea1-90cffae86661: shutdown LeaderElection
2019-10-03 02:16:10,883 [b38b99b5-3589-46c6-9ea1-90cffae86661@group-FB243E1CC82F-LeaderElection25] INFO  impl.RaftServerImpl (RaftServerImpl.java:setRole(170)) - b38b99b5-3589-46c6-9ea1-90cffae86661@group-FB243E1CC82F: changes role from CANDIDATE to LEADER at term 1 for changeToLeader
2019-10-03 02:16:10,883 [b38b99b5-3589-46c6-9ea1-90cffae86661@group-FB243E1CC82F-LeaderElection25] INFO  impl.RaftServerImpl (ServerState.java:setLeader(255)) - b38b99b5-3589-46c6-9ea1-90cffae86661@group-FB243E1CC82F: change Leader from null to b38b99b5-3589-46c6-9ea1-90cffae86661 at term 1 for becomeLeader, leader elected after 5112ms
2019-10-03 02:16:10,883 [b38b99b5-3589-46c6-9ea1-90cffae86661@group-FB243E1CC82F-LeaderElection25] INFO  server.RaftServerConfigKeys (ConfUtils.java:logGet(43)) - raft.server.staging.catchup.gap = 1000 (default)
2019-10-03 02:16:10,883 [b38b99b5-3589-46c6-9ea1-90cffae86661@group-FB243E1CC82F-LeaderElection25] INFO  server.RaftServerConfigKeys (ConfUtils.java:logGet(43)) - raft.server.rpc.sleep.time = 25ms (default)
2019-10-03 02:16:10,883 [b38b99b5-3589-46c6-9ea1-90cffae86661@group-FB243E1CC82F-LeaderElection25] INFO  server.RaftServerConfigKeys (ConfUtils.java:logGet(43)) - raft.server.write.element-limit = 4096 (default)
2019-10-03 02:16:10,884 [b38b99b5-3589-46c6-9ea1-90cffae86661@group-FB243E1CC82F-LeaderElection25] INFO  server.RaftServerConfigKeys (ConfUtils.java:logGet(43)) - raft.server.watch.timeout = 10s (default)
2019-10-03 02:16:10,884 [b38b99b5-3589-46c6-9ea1-90cffae86661@group-FB243E1CC82F-LeaderElection25] INFO  server.RaftServerConfigKeys (ConfUtils.java:logGet(43)) - raft.server.watch.timeout.denomination = 1s (default)
2019-10-03 02:16:10,884 [b38b99b5-3589-46c6-9ea1-90cffae86661@group-FB243E1CC82F-LeaderElection25] INFO  server.RaftServerConfigKeys (ConfUtils.java:logGet(43)) - raft.server.watch.element-limit = 65536 (default)
2019-10-03 02:16:10,886 [b38b99b5-3589-46c6-9ea1-90cffae86661@group-FB243E1CC82F-LeaderElection25] INFO  impl.RoleInfo (RoleInfo.java:updateAndGet(143)) - b38b99b5-3589-46c6-9ea1-90cffae86661: start LeaderState
2019-10-03 02:16:10,887 [b38b99b5-3589-46c6-9ea1-90cffae86661@group-FB243E1CC82F-LeaderElection25] INFO  segmented.SegmentedRaftLogWorker (SegmentedRaftLogWorker.java:startLogSegment(385)) - b38b99b5-3589-46c6-9ea1-90cffae86661@group-FB243E1CC82F-SegmentedRaftLogWorker: Starting segment from index:0
2019-10-03 02:16:10,887 [b38b99b5-3589-46c6-9ea1-90cffae86661@group-FB243E1CC82F-LeaderElection25] INFO  impl.RaftServerImpl (ServerState.java:setRaftConf(356)) - b38b99b5-3589-46c6-9ea1-90cffae86661@group-FB243E1CC82F: set configuration 0: [b38b99b5-3589-46c6-9ea1-90cffae86661:192.168.164.205:42230], old=null at 0
2019-10-03 02:16:10,933 [Thread-1281] INFO  impl.FollowerState (FollowerState.java:run(108)) - b38b99b5-3589-46c6-9ea1-90cffae86661@group-E1944AADEB4E-FollowerState: change to CANDIDATE, lastRpcTime:5005ms, electionTimeout:5005ms
2019-10-03 02:16:10,933 [Thread-1281] INFO  impl.RoleInfo (RoleInfo.java:shutdownFollowerState(121)) - b38b99b5-3589-46c6-9ea1-90cffae86661: shutdown FollowerState
2019-10-03 02:16:10,933 [Thread-1281] INFO  impl.RaftServerImpl (RaftServerImpl.java:setRole(170)) - b38b99b5-3589-46c6-9ea1-90cffae86661@group-E1944AADEB4E: changes role from  FOLLOWER to CANDIDATE at term 0 for changeToCandidate
2019-10-03 02:16:10,934 [Thread-1281] INFO  impl.RoleInfo (RoleInfo.java:updateAndGet(143)) - b38b99b5-3589-46c6-9ea1-90cffae86661: start LeaderElection
2019-10-03 02:16:10,938 [b38b99b5-3589-46c6-9ea1-90cffae86661@group-FB243E1CC82F-SegmentedRaftLogWorker] INFO  segmented.SegmentedRaftLogWorker (SegmentedRaftLogWorker.java:execute(574)) - b38b99b5-3589-46c6-9ea1-90cffae86661@group-FB243E1CC82F-SegmentedRaftLogWorker: created new log segment /workdir/hadoop-ozone/ozonefs/target/test-dir/MiniOzoneClusterImpl-eeeb1918-9560-49c3-a5cd-d264bab630ea/datanode-1/data/ratis/eacc0b91-e11a-4e63-9cbb-fb243e1cc82f/current/log_inprogress_0
2019-10-03 02:16:10,944 [b38b99b5-3589-46c6-9ea1-90cffae86661@group-E1944AADEB4E-LeaderElection26] INFO  impl.LeaderElection (LeaderElection.java:askForVotes(178)) - b38b99b5-3589-46c6-9ea1-90cffae86661@group-E1944AADEB4E-LeaderElection26: begin an election at term 1 for -1: [cc76941a-20da-4762-850e-ef312799bf38:192.168.164.205:46596, cc4cf2b6-2748-4567-b455-87d8614b56f0:192.168.164.205:33193, b38b99b5-3589-46c6-9ea1-90cffae86661:192.168.164.205:42230], old=null
2019-10-03 02:16:10,953 [Thread-1282] INFO  impl.FollowerState (FollowerState.java:run(108)) - cc76941a-20da-4762-850e-ef312799bf38@group-E1944AADEB4E-FollowerState: change to CANDIDATE, lastRpcTime:5023ms, electionTimeout:5020ms
2019-10-03 02:16:10,953 [Thread-1282] INFO  impl.RoleInfo (RoleInfo.java:shutdownFollowerState(121)) - cc76941a-20da-4762-850e-ef312799bf38: shutdown FollowerState
2019-10-03 02:16:10,953 [Thread-1282] INFO  impl.RaftServerImpl (RaftServerImpl.java:setRole(170)) - cc76941a-20da-4762-850e-ef312799bf38@group-E1944AADEB4E: changes role from  FOLLOWER to CANDIDATE at term 0 for changeToCandidate
2019-10-03 02:16:10,954 [Thread-1282] INFO  impl.RoleInfo (RoleInfo.java:updateAndGet(143)) - cc76941a-20da-4762-850e-ef312799bf38: start LeaderElection
2019-10-03 02:16:10,962 [cc76941a-20da-4762-850e-ef312799bf38@group-E1944AADEB4E-LeaderElection27] INFO  impl.LeaderElection (LeaderElection.java:askForVotes(178)) - cc76941a-20da-4762-850e-ef312799bf38@group-E1944AADEB4E-LeaderElection27: begin an election at term 1 for -1: [cc76941a-20da-4762-850e-ef312799bf38:192.168.164.205:46596, cc4cf2b6-2748-4567-b455-87d8614b56f0:192.168.164.205:33193, b38b99b5-3589-46c6-9ea1-90cffae86661:192.168.164.205:42230], old=null
2019-10-03 02:16:10,972 [grpc-default-executor-1] INFO  impl.RaftServerImpl (RaftServerImpl.java:setRole(170)) - cc4cf2b6-2748-4567-b455-87d8614b56f0@group-E1944AADEB4E: changes role from  FOLLOWER to FOLLOWER at term 1 for recognizeCandidate:b38b99b5-3589-46c6-9ea1-90cffae86661
2019-10-03 02:16:10,972 [grpc-default-executor-1] INFO  impl.RoleInfo (RoleInfo.java:shutdownFollowerState(121)) - cc4cf2b6-2748-4567-b455-87d8614b56f0: shutdown FollowerState
2019-10-03 02:16:10,972 [grpc-default-executor-1] INFO  impl.RoleInfo (RoleInfo.java:updateAndGet(143)) - cc4cf2b6-2748-4567-b455-87d8614b56f0: start FollowerState
2019-10-03 02:16:10,972 [Thread-1279] INFO  impl.FollowerState (FollowerState.java:run(117)) - cc4cf2b6-2748-4567-b455-87d8614b56f0@group-E1944AADEB4E-FollowerState was interrupted: java.lang.InterruptedException: sleep interrupted
2019-10-03 02:16:10,989 [b38b99b5-3589-46c6-9ea1-90cffae86661@group-E1944AADEB4E-LeaderElection26] INFO  impl.LeaderElection (LeaderElection.java:logAndReturn(56)) - b38b99b5-3589-46c6-9ea1-90cffae86661@group-E1944AADEB4E-LeaderElection26: Election PASSED; received 2 response(s) [b38b99b5-3589-46c6-9ea1-90cffae86661<-cc76941a-20da-4762-850e-ef312799bf38#0:FAIL-t1, b38b99b5-3589-46c6-9ea1-90cffae86661<-cc4cf2b6-2748-4567-b455-87d8614b56f0#0:OK-t1] and 0 exception(s); b38b99b5-3589-46c6-9ea1-90cffae86661@group-E1944AADEB4E:t1, leader=null, voted=b38b99b5-3589-46c6-9ea1-90cffae86661, raftlog=b38b99b5-3589-46c6-9ea1-90cffae86661@group-E1944AADEB4E-SegmentedRaftLog:OPENED:c-1,f-1,i0, conf=-1: [cc76941a-20da-4762-850e-ef312799bf38:192.168.164.205:46596, cc4cf2b6-2748-4567-b455-87d8614b56f0:192.168.164.205:33193, b38b99b5-3589-46c6-9ea1-90cffae86661:192.168.164.205:42230], old=null
2019-10-03 02:16:10,990 [b38b99b5-3589-46c6-9ea1-90cffae86661@group-E1944AADEB4E-LeaderElection26] INFO  impl.RoleInfo (RoleInfo.java:shutdownLeaderElection(134)) - b38b99b5-3589-46c6-9ea1-90cffae86661: shutdown LeaderElection
2019-10-03 02:16:10,990 [b38b99b5-3589-46c6-9ea1-90cffae86661@group-E1944AADEB4E-LeaderElection26] INFO  impl.RaftServerImpl (RaftServerImpl.java:setRole(170)) - b38b99b5-3589-46c6-9ea1-90cffae86661@group-E1944AADEB4E: changes role from CANDIDATE to LEADER at term 1 for changeToLeader
2019-10-03 02:16:10,997 [b38b99b5-3589-46c6-9ea1-90cffae86661@group-E1944AADEB4E-LeaderElection26] INFO  impl.RaftServerImpl (ServerState.java:setLeader(255)) - b38b99b5-3589-46c6-9ea1-90cffae86661@group-E1944AADEB4E: change Leader from null to b38b99b5-3589-46c6-9ea1-90cffae86661 at term 1 for becomeLeader, leader elected after 5071ms
2019-10-03 02:16:10,997 [Thread-1275] INFO  impl.FollowerState (FollowerState.java:run(108)) - cc4cf2b6-2748-4567-b455-87d8614b56f0@group-501CCB59F83A-FollowerState: change to CANDIDATE, lastRpcTime:5127ms, electionTimeout:5119ms
2019-10-03 02:16:10,998 [b38b99b5-3589-46c6-9ea1-90cffae86661@group-E1944AADEB4E-LeaderElection26] INFO  server.RaftServerConfigKeys (ConfUtils.java:logGet(43)) - raft.server.staging.catchup.gap = 1000 (default)
2019-10-03 02:16:10,999 [Thread-1275] INFO  impl.RoleInfo (RoleInfo.java:shutdownFollowerState(121)) - cc4cf2b6-2748-4567-b455-87d8614b56f0: shutdown FollowerState
2019-10-03 02:16:10,999 [b38b99b5-3589-46c6-9ea1-90cffae86661@group-E1944AADEB4E-LeaderElection26] INFO  server.RaftServerConfigKeys (ConfUtils.java:logGet(43)) - raft.server.rpc.sleep.time = 25ms (default)
2019-10-03 02:16:10,999 [cc76941a-20da-4762-850e-ef312799bf38@group-E1944AADEB4E-LeaderElection27] INFO  impl.LeaderElection (LeaderElection.java:logAndReturn(56)) - cc76941a-20da-4762-850e-ef312799bf38@group-E1944AADEB4E-LeaderElection27: Election REJECTED; received 2 response(s) [cc76941a-20da-4762-850e-ef312799bf38<-cc4cf2b6-2748-4567-b455-87d8614b56f0#0:FAIL-t1, cc76941a-20da-4762-850e-ef312799bf38<-b38b99b5-3589-46c6-9ea1-90cffae86661#0:FAIL-t1] and 0 exception(s); cc76941a-20da-4762-850e-ef312799bf38@group-E1944AADEB4E:t1, leader=null, voted=cc76941a-20da-4762-850e-ef312799bf38, raftlog=cc76941a-20da-4762-850e-ef312799bf38@group-E1944AADEB4E-SegmentedRaftLog:OPENED:c-1,f-1,i0, conf=-1: [cc76941a-20da-4762-850e-ef312799bf38:192.168.164.205:46596, cc4cf2b6-2748-4567-b455-87d8614b56f0:192.168.164.205:33193, b38b99b5-3589-46c6-9ea1-90cffae86661:192.168.164.205:42230], old=null
2019-10-03 02:16:10,999 [Thread-1275] INFO  impl.RaftServerImpl (RaftServerImpl.java:setRole(170)) - cc4cf2b6-2748-4567-b455-87d8614b56f0@group-501CCB59F83A: changes role from  FOLLOWER to CANDIDATE at term 0 for changeToCandidate
2019-10-03 02:16:10,999 [cc76941a-20da-4762-850e-ef312799bf38@group-E1944AADEB4E-LeaderElection27] INFO  impl.RaftServerImpl (RaftServerImpl.java:setRole(170)) - cc76941a-20da-4762-850e-ef312799bf38@group-E1944AADEB4E: changes role from CANDIDATE to FOLLOWER at term 1 for DISCOVERED_A_NEW_TERM
2019-10-03 02:16:10,999 [b38b99b5-3589-46c6-9ea1-90cffae86661@group-E1944AADEB4E-LeaderElection26] INFO  server.RaftServerConfigKeys (ConfUtils.java:logGet(43)) - raft.server.write.element-limit = 4096 (default)
2019-10-03 02:16:11,001 [Thread-1275] INFO  impl.RoleInfo (RoleInfo.java:updateAndGet(143)) - cc4cf2b6-2748-4567-b455-87d8614b56f0: start LeaderElection
2019-10-03 02:16:11,001 [cc76941a-20da-4762-850e-ef312799bf38@group-E1944AADEB4E-LeaderElection27] INFO  impl.RoleInfo (RoleInfo.java:shutdownLeaderElection(134)) - cc76941a-20da-4762-850e-ef312799bf38: shutdown LeaderElection
2019-10-03 02:16:11,001 [b38b99b5-3589-46c6-9ea1-90cffae86661@group-E1944AADEB4E-LeaderElection26] INFO  server.RaftServerConfigKeys (ConfUtils.java:logGet(43)) - raft.server.watch.timeout = 10s (default)
2019-10-03 02:16:11,003 [cc76941a-20da-4762-850e-ef312799bf38@group-E1944AADEB4E-LeaderElection27] INFO  impl.RoleInfo (RoleInfo.java:updateAndGet(143)) - cc76941a-20da-4762-850e-ef312799bf38: start FollowerState
2019-10-03 02:16:11,006 [b38b99b5-3589-46c6-9ea1-90cffae86661@group-E1944AADEB4E-LeaderElection26] INFO  server.RaftServerConfigKeys (ConfUtils.java:logGet(43)) - raft.server.watch.timeout.denomination = 1s (default)
2019-10-03 02:16:11,006 [b38b99b5-3589-46c6-9ea1-90cffae86661@group-E1944AADEB4E-LeaderElection26] INFO  server.RaftServerConfigKeys (ConfUtils.java:logGet(43)) - raft.server.watch.element-limit = 65536 (default)
2019-10-03 02:16:11,008 [b38b99b5-3589-46c6-9ea1-90cffae86661@group-E1944AADEB4E-LeaderElection26] INFO  server.RaftServerConfigKeys (ConfUtils.java:logGet(43)) - raft.server.log.appender.snapshot.chunk.size.max = 16MB (=16777216) (default)
2019-10-03 02:16:11,008 [b38b99b5-3589-46c6-9ea1-90cffae86661@group-E1944AADEB4E-LeaderElection26] INFO  server.RaftServerConfigKeys (ConfUtils.java:logGet(43)) - raft.server.log.appender.buffer.byte-limit = 33554432 (custom)
2019-10-03 02:16:11,009 [b38b99b5-3589-46c6-9ea1-90cffae86661@group-E1944AADEB4E-LeaderElection26] INFO  server.RaftServerConfigKeys (ConfUtils.java:logGet(43)) - raft.server.log.appender.buffer.element-limit = 1 (custom)
2019-10-03 02:16:11,009 [b38b99b5-3589-46c6-9ea1-90cffae86661@group-E1944AADEB4E-LeaderElection26] INFO  grpc.GrpcConfigKeys$Server (ConfUtils.java:logGet(43)) - raft.grpc.server.leader.outstanding.appends.max = 128 (default)
2019-10-03 02:16:11,009 [cc4cf2b6-2748-4567-b455-87d8614b56f0@group-501CCB59F83A-LeaderElection28] INFO  impl.LeaderElection (LeaderElection.java:askForVotes(178)) - cc4cf2b6-2748-4567-b455-87d8614b56f0@group-501CCB59F83A-LeaderElection28: begin an election at term 1 for -1: [cc4cf2b6-2748-4567-b455-87d8614b56f0:192.168.164.205:33193], old=null
2019-10-03 02:16:11,009 [b38b99b5-3589-46c6-9ea1-90cffae86661@group-E1944AADEB4E-LeaderElection26] INFO  server.RaftServerConfigKeys (ConfUtils.java:logGet(43)) - raft.server.rpc.request.timeout = 3000ms (default)
2019-10-03 02:16:11,009 [cc4cf2b6-2748-4567-b455-87d8614b56f0@group-501CCB59F83A-LeaderElection28] INFO  impl.RoleInfo (RoleInfo.java:shutdownLeaderElection(134)) - cc4cf2b6-2748-4567-b455-87d8614b56f0: shutdown LeaderElection
2019-10-03 02:16:11,009 [b38b99b5-3589-46c6-9ea1-90cffae86661@group-E1944AADEB4E-LeaderElection26] INFO  server.RaftServerConfigKeys (ConfUtils.java:logGet(43)) - raft.server.log.appender.install.snapshot.enabled = false (custom)
2019-10-03 02:16:11,009 [cc4cf2b6-2748-4567-b455-87d8614b56f0@group-501CCB59F83A-LeaderElection28] INFO  impl.RaftServerImpl (RaftServerImpl.java:setRole(170)) - cc4cf2b6-2748-4567-b455-87d8614b56f0@group-501CCB59F83A: changes role from CANDIDATE to LEADER at term 1 for changeToLeader
2019-10-03 02:16:11,010 [b38b99b5-3589-46c6-9ea1-90cffae86661@group-E1944AADEB4E-LeaderElection26] INFO  server.RaftServerConfigKeys (ConfUtils.java:logGet(43)) - raft.server.log.appender.snapshot.chunk.size.max = 16MB (=16777216) (default)
2019-10-03 02:16:11,010 [cc4cf2b6-2748-4567-b455-87d8614b56f0@group-501CCB59F83A-LeaderElection28] INFO  impl.RaftServerImpl (ServerState.java:setLeader(255)) - cc4cf2b6-2748-4567-b455-87d8614b56f0@group-501CCB59F83A: change Leader from null to cc4cf2b6-2748-4567-b455-87d8614b56f0 at term 1 for becomeLeader, leader elected after 5153ms
2019-10-03 02:16:11,010 [b38b99b5-3589-46c6-9ea1-90cffae86661@group-E1944AADEB4E-LeaderElection26] INFO  server.RaftServerConfigKeys (ConfUtils.java:logGet(43)) - raft.server.log.appender.buffer.byte-limit = 33554432 (custom)
2019-10-03 02:16:11,010 [cc4cf2b6-2748-4567-b455-87d8614b56f0@group-501CCB59F83A-LeaderElection28] INFO  server.RaftServerConfigKeys (ConfUtils.java:logGet(43)) - raft.server.staging.catchup.gap = 1000 (default)
2019-10-03 02:16:11,010 [b38b99b5-3589-46c6-9ea1-90cffae86661@group-E1944AADEB4E-LeaderElection26] INFO  server.RaftServerConfigKeys (ConfUtils.java:logGet(43)) - raft.server.log.appender.buffer.element-limit = 1 (custom)
2019-10-03 02:16:11,010 [cc4cf2b6-2748-4567-b455-87d8614b56f0@group-501CCB59F83A-LeaderElection28] INFO  server.RaftServerConfigKeys (ConfUtils.java:logGet(43)) - raft.server.rpc.sleep.time = 25ms (default)
2019-10-03 02:16:11,011 [b38b99b5-3589-46c6-9ea1-90cffae86661@group-E1944AADEB4E-LeaderElection26] INFO  grpc.GrpcConfigKeys$Server (ConfUtils.java:logGet(43)) - raft.grpc.server.leader.outstanding.appends.max = 128 (default)
2019-10-03 02:16:11,011 [cc4cf2b6-2748-4567-b455-87d8614b56f0@group-501CCB59F83A-LeaderElection28] INFO  server.RaftServerConfigKeys (ConfUtils.java:logGet(43)) - raft.server.write.element-limit = 4096 (default)
2019-10-03 02:16:11,011 [b38b99b5-3589-46c6-9ea1-90cffae86661@group-E1944AADEB4E-LeaderElection26] INFO  server.RaftServerConfigKeys (ConfUtils.java:logGet(43)) - raft.server.rpc.request.timeout = 3000ms (default)
2019-10-03 02:16:11,011 [cc4cf2b6-2748-4567-b455-87d8614b56f0@group-501CCB59F83A-LeaderElection28] INFO  server.RaftServerConfigKeys (ConfUtils.java:logGet(43)) - raft.server.watch.timeout = 10s (default)
2019-10-03 02:16:11,011 [b38b99b5-3589-46c6-9ea1-90cffae86661@group-E1944AADEB4E-LeaderElection26] INFO  server.RaftServerConfigKeys (ConfUtils.java:logGet(43)) - raft.server.log.appender.install.snapshot.enabled = false (custom)
2019-10-03 02:16:11,011 [cc4cf2b6-2748-4567-b455-87d8614b56f0@group-501CCB59F83A-LeaderElection28] INFO  server.RaftServerConfigKeys (ConfUtils.java:logGet(43)) - raft.server.watch.timeout.denomination = 1s (default)
2019-10-03 02:16:11,012 [b38b99b5-3589-46c6-9ea1-90cffae86661@group-E1944AADEB4E-LeaderElection26] INFO  impl.RoleInfo (RoleInfo.java:updateAndGet(143)) - b38b99b5-3589-46c6-9ea1-90cffae86661: start LeaderState
2019-10-03 02:16:11,012 [cc4cf2b6-2748-4567-b455-87d8614b56f0@group-501CCB59F83A-LeaderElection28] INFO  server.RaftServerConfigKeys (ConfUtils.java:logGet(43)) - raft.server.watch.element-limit = 65536 (default)
2019-10-03 02:16:11,012 [b38b99b5-3589-46c6-9ea1-90cffae86661@group-E1944AADEB4E-LeaderElection26] INFO  segmented.SegmentedRaftLogWorker (SegmentedRaftLogWorker.java:startLogSegment(385)) - b38b99b5-3589-46c6-9ea1-90cffae86661@group-E1944AADEB4E-SegmentedRaftLogWorker: Starting segment from index:0
2019-10-03 02:16:11,013 [b38b99b5-3589-46c6-9ea1-90cffae86661@group-E1944AADEB4E-LeaderElection26] INFO  impl.RaftServerImpl (ServerState.java:setRaftConf(356)) - b38b99b5-3589-46c6-9ea1-90cffae86661@group-E1944AADEB4E: set configuration 0: [cc76941a-20da-4762-850e-ef312799bf38:192.168.164.205:46596, cc4cf2b6-2748-4567-b455-87d8614b56f0:192.168.164.205:33193, b38b99b5-3589-46c6-9ea1-90cffae86661:192.168.164.205:42230], old=null at 0
2019-10-03 02:16:11,015 [cc4cf2b6-2748-4567-b455-87d8614b56f0@group-501CCB59F83A-LeaderElection28] INFO  impl.RoleInfo (RoleInfo.java:updateAndGet(143)) - cc4cf2b6-2748-4567-b455-87d8614b56f0: start LeaderState
2019-10-03 02:16:11,015 [cc4cf2b6-2748-4567-b455-87d8614b56f0@group-501CCB59F83A-LeaderElection28] INFO  segmented.SegmentedRaftLogWorker (SegmentedRaftLogWorker.java:startLogSegment(385)) - cc4cf2b6-2748-4567-b455-87d8614b56f0@group-501CCB59F83A-SegmentedRaftLogWorker: Starting segment from index:0
2019-10-03 02:16:11,015 [grpc-default-executor-1] INFO  impl.RaftServerImpl (ServerState.java:setLeader(255)) - cc76941a-20da-4762-850e-ef312799bf38@group-E1944AADEB4E: change Leader from null to b38b99b5-3589-46c6-9ea1-90cffae86661 at term 1 for appendEntries, leader elected after 5096ms
2019-10-03 02:16:11,016 [grpc-default-executor-0] INFO  impl.RaftServerImpl (ServerState.java:setLeader(255)) - cc4cf2b6-2748-4567-b455-87d8614b56f0@group-E1944AADEB4E: change Leader from null to b38b99b5-3589-46c6-9ea1-90cffae86661 at term 1 for appendEntries, leader elected after 5096ms
2019-10-03 02:16:11,016 [cc4cf2b6-2748-4567-b455-87d8614b56f0@group-501CCB59F83A-LeaderElection28] INFO  impl.RaftServerImpl (ServerState.java:setRaftConf(356)) - cc4cf2b6-2748-4567-b455-87d8614b56f0@group-501CCB59F83A: set configuration 0: [cc4cf2b6-2748-4567-b455-87d8614b56f0:192.168.164.205:33193], old=null at 0
2019-10-03 02:16:11,020 [grpc-default-executor-0] INFO  impl.RaftServerImpl (ServerState.java:setRaftConf(356)) - cc4cf2b6-2748-4567-b455-87d8614b56f0@group-E1944AADEB4E: set configuration 0: [cc76941a-20da-4762-850e-ef312799bf38:192.168.164.205:46596, cc4cf2b6-2748-4567-b455-87d8614b56f0:192.168.164.205:33193, b38b99b5-3589-46c6-9ea1-90cffae86661:192.168.164.205:42230], old=null at 0
2019-10-03 02:16:11,020 [grpc-default-executor-1] INFO  impl.RaftServerImpl (ServerState.java:setRaftConf(356)) - cc76941a-20da-4762-850e-ef312799bf38@group-E1944AADEB4E: set configuration 0: [cc76941a-20da-4762-850e-ef312799bf38:192.168.164.205:46596, cc4cf2b6-2748-4567-b455-87d8614b56f0:192.168.164.205:33193, b38b99b5-3589-46c6-9ea1-90cffae86661:192.168.164.205:42230], old=null at 0
2019-10-03 02:16:11,020 [grpc-default-executor-0] INFO  segmented.SegmentedRaftLogWorker (SegmentedRaftLogWorker.java:startLogSegment(385)) - cc4cf2b6-2748-4567-b455-87d8614b56f0@group-E1944AADEB4E-SegmentedRaftLogWorker: Starting segment from index:0
2019-10-03 02:16:11,020 [grpc-default-executor-1] INFO  segmented.SegmentedRaftLogWorker (SegmentedRaftLogWorker.java:startLogSegment(385)) - cc76941a-20da-4762-850e-ef312799bf38@group-E1944AADEB4E-SegmentedRaftLogWorker: Starting segment from index:0
2019-10-03 02:16:11,030 [Thread-1092] INFO  ozoneimpl.OzoneContainer (OzoneContainer.java:stop(231)) - Attempting to stop container services.
2019-10-03 02:16:11,030 [ForkJoinPool.commonPool-worker-1] INFO  ozoneimpl.OzoneContainer (OzoneContainer.java:stop(231)) - Attempting to stop container services.
2019-10-03 02:16:11,031 [Thread-1092] INFO  impl.RaftServerProxy (RaftServerProxy.java:lambda$close$4(314)) - b38b99b5-3589-46c6-9ea1-90cffae86661: close
2019-10-03 02:16:11,031 [ForkJoinPool.commonPool-worker-1] INFO  impl.RaftServerProxy (RaftServerProxy.java:lambda$close$4(314)) - cc76941a-20da-4762-850e-ef312799bf38: close
2019-10-03 02:16:11,031 [Thread-1092] INFO  impl.RaftServerImpl (RaftServerImpl.java:lambda$shutdown$3(247)) - b38b99b5-3589-46c6-9ea1-90cffae86661@group-E1944AADEB4E: shutdown
2019-10-03 02:16:11,031 [ForkJoinPool.commonPool-worker-1] INFO  impl.RaftServerImpl (RaftServerImpl.java:lambda$shutdown$3(247)) - cc76941a-20da-4762-850e-ef312799bf38@group-E1944AADEB4E: shutdown
2019-10-03 02:16:11,032 [Thread-1092] INFO  util.JmxRegister (JmxRegister.java:unregister(73)) - Successfully un-registered JMX Bean with object name Ratis:service=RaftServer,group=group-E1944AADEB4E,id=b38b99b5-3589-46c6-9ea1-90cffae86661
2019-10-03 02:16:11,032 [ForkJoinPool.commonPool-worker-1] INFO  util.JmxRegister (JmxRegister.java:unregister(73)) - Successfully un-registered JMX Bean with object name Ratis:service=RaftServer,group=group-E1944AADEB4E,id=cc76941a-20da-4762-850e-ef312799bf38
2019-10-03 02:16:11,032 [Thread-1092] INFO  impl.RoleInfo (RoleInfo.java:shutdownLeaderState(104)) - b38b99b5-3589-46c6-9ea1-90cffae86661: shutdown LeaderState
2019-10-03 02:16:11,033 [ForkJoinPool.commonPool-worker-1] INFO  impl.RoleInfo (RoleInfo.java:shutdownFollowerState(121)) - cc76941a-20da-4762-850e-ef312799bf38: shutdown FollowerState
2019-10-03 02:16:11,056 [Thread-1092] INFO  impl.PendingRequests (PendingRequests.java:sendNotLeaderResponses(202)) - b38b99b5-3589-46c6-9ea1-90cffae86661@group-E1944AADEB4E-PendingRequests: sendNotLeaderResponses
2019-10-03 02:16:11,056 [org.apache.ratis.server.impl.LogAppender$AppenderDaemon$$Lambda$441/533741322@53295ab6] WARN  server.GrpcLogAppender (GrpcLogAppender.java:mayWait(143)) - b38b99b5-3589-46c6-9ea1-90cffae86661@group-E1944AADEB4E->cc4cf2b6-2748-4567-b455-87d8614b56f0-GrpcLogAppender: Wait interrupted by java.lang.InterruptedException
2019-10-03 02:16:11,057 [Thread-1092] INFO  impl.StateMachineUpdater (StateMachineUpdater.java:stopAndJoin(136)) - b38b99b5-3589-46c6-9ea1-90cffae86661@group-E1944AADEB4E-StateMachineUpdater: set stopIndex = -1
2019-10-03 02:16:11,057 [Thread-1092] INFO  impl.RaftServerImpl (ServerState.java:close(387)) - b38b99b5-3589-46c6-9ea1-90cffae86661@group-E1944AADEB4E: closes. applyIndex: -1
2019-10-03 02:16:11,056 [org.apache.ratis.server.impl.LogAppender$AppenderDaemon$$Lambda$441/533741322@14d96dbf] WARN  server.GrpcLogAppender (GrpcLogAppender.java:mayWait(143)) - b38b99b5-3589-46c6-9ea1-90cffae86661@group-E1944AADEB4E->cc76941a-20da-4762-850e-ef312799bf38-GrpcLogAppender: Wait interrupted by java.lang.InterruptedException
2019-10-03 02:16:11,058 [grpc-default-executor-1] INFO  server.GrpcServerProtocolService (GrpcServerProtocolService.java:onCompleted(113)) - cc4cf2b6-2748-4567-b455-87d8614b56f0: Completed APPEND_ENTRIES, lastRequest: b38b99b5-3589-46c6-9ea1-90cffae86661->cc4cf2b6-2748-4567-b455-87d8614b56f0#1-t1, previous=(t:0, i:0), leaderCommit=-1, initializing? false, entries: size=1, first=(t:1, i:0), CONFIGURATIONENTRY
2019-10-03 02:16:11,056 [Thread-1300] INFO  impl.FollowerState (FollowerState.java:run(117)) - cc76941a-20da-4762-850e-ef312799bf38@group-E1944AADEB4E-FollowerState was interrupted: java.lang.InterruptedException: sleep interrupted
2019-10-03 02:16:11,056 [ForkJoinPool.commonPool-worker-1] INFO  impl.StateMachineUpdater (StateMachineUpdater.java:stopAndJoin(136)) - cc76941a-20da-4762-850e-ef312799bf38@group-E1944AADEB4E-StateMachineUpdater: set stopIndex = -1
2019-10-03 02:16:11,062 [grpc-default-executor-0] INFO  server.GrpcLogAppender (GrpcLogAppender.java:onCompleted(293)) - b38b99b5-3589-46c6-9ea1-90cffae86661@group-E1944AADEB4E->cc4cf2b6-2748-4567-b455-87d8614b56f0-AppendLogResponseHandler: follower responses appendEntries COMPLETED
2019-10-03 02:16:11,062 [grpc-default-executor-1] INFO  server.GrpcServerProtocolService (GrpcServerProtocolService.java:onCompleted(113)) - cc76941a-20da-4762-850e-ef312799bf38: Completed APPEND_ENTRIES, lastRequest: b38b99b5-3589-46c6-9ea1-90cffae86661->cc76941a-20da-4762-850e-ef312799bf38#1-t1, previous=(t:0, i:0), leaderCommit=-1, initializing? false, entries: size=1, first=(t:1, i:0), CONFIGURATIONENTRY
2019-10-03 02:16:11,062 [ForkJoinPool.commonPool-worker-1] INFO  impl.RaftServerImpl (ServerState.java:close(387)) - cc76941a-20da-4762-850e-ef312799bf38@group-E1944AADEB4E: closes. applyIndex: -1
2019-10-03 02:16:11,068 [grpc-default-executor-1] INFO  server.GrpcLogAppender (GrpcLogAppender.java:onCompleted(293)) - b38b99b5-3589-46c6-9ea1-90cffae86661@group-E1944AADEB4E->cc76941a-20da-4762-850e-ef312799bf38-AppendLogResponseHandler: follower responses appendEntries COMPLETED
2019-10-03 02:16:11,075 [cc4cf2b6-2748-4567-b455-87d8614b56f0@group-E1944AADEB4E-SegmentedRaftLogWorker] INFO  segmented.SegmentedRaftLogWorker (SegmentedRaftLogWorker.java:execute(574)) - cc4cf2b6-2748-4567-b455-87d8614b56f0@group-E1944AADEB4E-SegmentedRaftLogWorker: created new log segment /workdir/hadoop-ozone/ozonefs/target/test-dir/MiniOzoneClusterImpl-eeeb1918-9560-49c3-a5cd-d264bab630ea/datanode-2/data/ratis/42b5051c-585f-4c89-8be9-e1944aadeb4e/current/log_inprogress_0
2019-10-03 02:16:11,075 [grpc-default-executor-0] INFO  impl.FollowerInfo (FollowerInfo.java:lambda$new$0(51)) - b38b99b5-3589-46c6-9ea1-90cffae86661@group-E1944AADEB4E->cc4cf2b6-2748-4567-b455-87d8614b56f0: nextIndex: updateUnconditionally 1 -> 0
2019-10-03 02:16:11,076 [cc4cf2b6-2748-4567-b455-87d8614b56f0@group-501CCB59F83A-SegmentedRaftLogWorker] INFO  segmented.SegmentedRaftLogWorker (SegmentedRaftLogWorker.java:execute(574)) - cc4cf2b6-2748-4567-b455-87d8614b56f0@group-501CCB59F83A-SegmentedRaftLogWorker: created new log segment /workdir/hadoop-ozone/ozonefs/target/test-dir/MiniOzoneClusterImpl-eeeb1918-9560-49c3-a5cd-d264bab630ea/datanode-2/data/ratis/98c629a5-68b2-4481-b80e-501ccb59f83a/current/log_inprogress_0
2019-10-03 02:16:11,077 [cc76941a-20da-4762-850e-ef312799bf38@group-E1944AADEB4E-SegmentedRaftLogWorker] WARN  segmented.SegmentedRaftLogOutputStream (SegmentedRaftLogOutputStream.java:<init>(77)) - Hit IOException while creating log segment /workdir/hadoop-ozone/ozonefs/target/test-dir/MiniOzoneClusterImpl-eeeb1918-9560-49c3-a5cd-d264bab630ea/datanode-0/data/ratis/42b5051c-585f-4c89-8be9-e1944aadeb4e/current/log_inprogress_0, delete the partial file.
2019-10-03 02:16:11,077 [b38b99b5-3589-46c6-9ea1-90cffae86661@group-E1944AADEB4E-SegmentedRaftLogWorker] WARN  segmented.SegmentedRaftLogOutputStream (SegmentedRaftLogOutputStream.java:<init>(77)) - Hit IOException while creating log segment /workdir/hadoop-ozone/ozonefs/target/test-dir/MiniOzoneClusterImpl-eeeb1918-9560-49c3-a5cd-d264bab630ea/datanode-1/data/ratis/42b5051c-585f-4c89-8be9-e1944aadeb4e/current/log_inprogress_0, delete the partial file.
2019-10-03 02:16:11,079 [grpc-default-executor-1] INFO  impl.FollowerInfo (FollowerInfo.java:lambda$new$0(51)) - b38b99b5-3589-46c6-9ea1-90cffae86661@group-E1944AADEB4E->cc76941a-20da-4762-850e-ef312799bf38: nextIndex: updateUnconditionally 1 -> 0
2019-10-03 02:16:11,083 [ForkJoinPool.commonPool-worker-1] INFO  segmented.SegmentedRaftLogWorker (SegmentedRaftLogWorker.java:close(224)) - cc76941a-20da-4762-850e-ef312799bf38@group-E1944AADEB4E-SegmentedRaftLogWorker close()
2019-10-03 02:16:11,083 [Thread-1092] INFO  segmented.SegmentedRaftLogWorker (SegmentedRaftLogWorker.java:close(224)) - b38b99b5-3589-46c6-9ea1-90cffae86661@group-E1944AADEB4E-SegmentedRaftLogWorker close()
2019-10-03 02:16:11,086 [ForkJoinPool.commonPool-worker-1] INFO  impl.RaftServerImpl (RaftServerImpl.java:lambda$shutdown$3(247)) - cc76941a-20da-4762-850e-ef312799bf38@group-E97933867EBB: shutdown
2019-10-03 02:16:11,088 [Thread-1092] INFO  impl.RaftServerImpl (RaftServerImpl.java:lambda$shutdown$3(247)) - b38b99b5-3589-46c6-9ea1-90cffae86661@group-FB243E1CC82F: shutdown
2019-10-03 02:16:11,089 [ForkJoinPool.commonPool-worker-1] INFO  util.JmxRegister (JmxRegister.java:unregister(73)) - Successfully un-registered JMX Bean with object name Ratis:service=RaftServer,group=group-E97933867EBB,id=cc76941a-20da-4762-850e-ef312799bf38
2019-10-03 02:16:11,089 [Thread-1092] INFO  util.JmxRegister (JmxRegister.java:unregister(73)) - Successfully un-registered JMX Bean with object name Ratis:service=RaftServer,group=group-FB243E1CC82F,id=b38b99b5-3589-46c6-9ea1-90cffae86661
2019-10-03 02:16:11,089 [ForkJoinPool.commonPool-worker-1] INFO  impl.RoleInfo (RoleInfo.java:shutdownLeaderState(104)) - cc76941a-20da-4762-850e-ef312799bf38: shutdown LeaderState
2019-10-03 02:16:11,090 [Thread-1092] INFO  impl.RoleInfo (RoleInfo.java:shutdownLeaderState(104)) - b38b99b5-3589-46c6-9ea1-90cffae86661: shutdown LeaderState
2019-10-03 02:16:11,090 [ForkJoinPool.commonPool-worker-1] INFO  impl.PendingRequests (PendingRequests.java:sendNotLeaderResponses(202)) - cc76941a-20da-4762-850e-ef312799bf38@group-E97933867EBB-PendingRequests: sendNotLeaderResponses
2019-10-03 02:16:11,090 [Thread-1092] INFO  impl.PendingRequests (PendingRequests.java:sendNotLeaderResponses(202)) - b38b99b5-3589-46c6-9ea1-90cffae86661@group-FB243E1CC82F-PendingRequests: sendNotLeaderResponses
2019-10-03 02:16:11,091 [ForkJoinPool.commonPool-worker-1] INFO  impl.StateMachineUpdater (StateMachineUpdater.java:stopAndJoin(136)) - cc76941a-20da-4762-850e-ef312799bf38@group-E97933867EBB-StateMachineUpdater: set stopIndex = 0
2019-10-03 02:16:11,091 [Thread-1092] INFO  impl.StateMachineUpdater (StateMachineUpdater.java:stopAndJoin(136)) - b38b99b5-3589-46c6-9ea1-90cffae86661@group-FB243E1CC82F-StateMachineUpdater: set stopIndex = 0
2019-10-03 02:16:11,091 [Thread-1092] INFO  impl.RaftServerImpl (ServerState.java:close(387)) - b38b99b5-3589-46c6-9ea1-90cffae86661@group-FB243E1CC82F: closes. applyIndex: 0
2019-10-03 02:16:11,091 [ForkJoinPool.commonPool-worker-1] INFO  impl.RaftServerImpl (ServerState.java:close(387)) - cc76941a-20da-4762-850e-ef312799bf38@group-E97933867EBB: closes. applyIndex: 0
2019-10-03 02:16:11,092 [b38b99b5-3589-46c6-9ea1-90cffae86661@group-FB243E1CC82F-SegmentedRaftLogWorker] INFO  segmented.SegmentedRaftLogWorker (SegmentedRaftLogWorker.java:run(316)) - b38b99b5-3589-46c6-9ea1-90cffae86661@group-FB243E1CC82F-SegmentedRaftLogWorker was interrupted, exiting. There are 0 tasks remaining in the queue.
2019-10-03 02:16:11,092 [cc76941a-20da-4762-850e-ef312799bf38@group-E97933867EBB-SegmentedRaftLogWorker] INFO  segmented.SegmentedRaftLogWorker (SegmentedRaftLogWorker.java:run(316)) - cc76941a-20da-4762-850e-ef312799bf38@group-E97933867EBB-SegmentedRaftLogWorker was interrupted, exiting. There are 0 tasks remaining in the queue.
2019-10-03 02:16:11,094 [Thread-1092] INFO  segmented.SegmentedRaftLogWorker (SegmentedRaftLogWorker.java:close(224)) - b38b99b5-3589-46c6-9ea1-90cffae86661@group-FB243E1CC82F-SegmentedRaftLogWorker close()
2019-10-03 02:16:11,095 [ForkJoinPool.commonPool-worker-1] INFO  segmented.SegmentedRaftLogWorker (SegmentedRaftLogWorker.java:close(224)) - cc76941a-20da-4762-850e-ef312799bf38@group-E97933867EBB-SegmentedRaftLogWorker close()
2019-10-03 02:16:11,098 [Thread-1092] INFO  server.GrpcService (GrpcService.java:closeImpl(164)) - b38b99b5-3589-46c6-9ea1-90cffae86661: shutdown server with port 42230 now
2019-10-03 02:16:11,101 [ForkJoinPool.commonPool-worker-1] INFO  server.GrpcService (GrpcService.java:closeImpl(164)) - cc76941a-20da-4762-850e-ef312799bf38: shutdown server with port 46596 now
2019-10-03 02:16:11,103 [Thread-1092] INFO  server.GrpcService (GrpcService.java:closeImpl(172)) - b38b99b5-3589-46c6-9ea1-90cffae86661: shutdown server with port 42230 successfully
2019-10-03 02:16:11,104 [ForkJoinPool.commonPool-worker-1] INFO  server.GrpcService (GrpcService.java:closeImpl(172)) - cc76941a-20da-4762-850e-ef312799bf38: shutdown server with port 46596 successfully
2019-10-03 02:16:11,106 [refreshUsed-/workdir/hadoop-ozone/ozonefs/target/test-dir/MiniOzoneClusterImpl-eeeb1918-9560-49c3-a5cd-d264bab630ea/datanode-0/data/containers] WARN  fs.CachingGetSpaceUsed (CachingGetSpaceUsed.java:run(183)) - Thread Interrupted waiting to refresh disk information: sleep interrupted
2019-10-03 02:16:11,106 [refreshUsed-/workdir/hadoop-ozone/ozonefs/target/test-dir/MiniOzoneClusterImpl-eeeb1918-9560-49c3-a5cd-d264bab630ea/datanode-1/data/containers] WARN  fs.CachingGetSpaceUsed (CachingGetSpaceUsed.java:run(183)) - Thread Interrupted waiting to refresh disk information: sleep interrupted
2019-10-03 02:16:11,133 [ForkJoinPool.commonPool-worker-1] INFO  utils.BackgroundService (BackgroundService.java:shutdown(148)) - Shutting down service BlockDeletingService
2019-10-03 02:16:11,140 [ForkJoinPool.commonPool-worker-1] INFO  statemachine.DatanodeStateMachine (DatanodeStateMachine.java:stopDaemon(395)) - Ozone container server stopped.
2019-10-03 02:16:11,144 [ForkJoinPool.commonPool-worker-1] INFO  handler.ContextHandler (ContextHandler.java:doStop(910)) - Stopped o.e.j.w.WebAppContext@7410aa9{/,null,UNAVAILABLE}{/hddsDatanode}
2019-10-03 02:16:11,144 [ForkJoinPool.commonPool-worker-1] INFO  server.AbstractConnector (AbstractConnector.java:doStop(318)) - Stopped ServerConnector@5b0dab9d{HTTP/1.1,[http/1.1]}{0.0.0.0:0}
2019-10-03 02:16:11,145 [ForkJoinPool.commonPool-worker-1] INFO  handler.ContextHandler (ContextHandler.java:doStop(910)) - Stopped o.e.j.s.ServletContextHandler@726ffc14{/static,jar:file:/home/user/.m2/repository/org/apache/hadoop/hadoop-hdds-container-service/0.5.0-SNAPSHOT/hadoop-hdds-container-service-0.5.0-SNAPSHOT.jar!/webapps/static,UNAVAILABLE}
2019-10-03 02:16:11,147 [Thread-1092] INFO  utils.BackgroundService (BackgroundService.java:shutdown(148)) - Shutting down service BlockDeletingService
2019-10-03 02:16:11,147 [ForkJoinPool.commonPool-worker-1] INFO  handler.ContextHandler (ContextHandler.java:doStop(910)) - Stopped o.e.j.s.ServletContextHandler@2cf755f2{/logs,file:///workdir/hadoop-ozone/ozonefs/target/log,UNAVAILABLE}
2019-10-03 02:16:11,149 [Thread-1092] INFO  statemachine.DatanodeStateMachine (DatanodeStateMachine.java:stopDaemon(395)) - Ozone container server stopped.
2019-10-03 02:16:11,150 [Thread-1092] INFO  handler.ContextHandler (ContextHandler.java:doStop(910)) - Stopped o.e.j.w.WebAppContext@31edccff{/,null,UNAVAILABLE}{/hddsDatanode}
2019-10-03 02:16:11,151 [Thread-1092] INFO  server.AbstractConnector (AbstractConnector.java:doStop(318)) - Stopped ServerConnector@122a0f8f{HTTP/1.1,[http/1.1]}{0.0.0.0:0}
2019-10-03 02:16:11,151 [Thread-1092] INFO  handler.ContextHandler (ContextHandler.java:doStop(910)) - Stopped o.e.j.s.ServletContextHandler@2496306e{/static,jar:file:/home/user/.m2/repository/org/apache/hadoop/hadoop-hdds-container-service/0.5.0-SNAPSHOT/hadoop-hdds-container-service-0.5.0-SNAPSHOT.jar!/webapps/static,UNAVAILABLE}
2019-10-03 02:16:11,152 [Thread-1092] INFO  handler.ContextHandler (ContextHandler.java:doStop(910)) - Stopped o.e.j.s.ServletContextHandler@4af2c60a{/logs,file:///workdir/hadoop-ozone/ozonefs/target/log,UNAVAILABLE}
2019-10-03 02:16:11,793 [Datanode State Machine Thread - 0] INFO  statemachine.DatanodeStateMachine (DatanodeStateMachine.java:lambda$startDaemon$0(350)) - Ozone container server started.
2019-10-03 02:16:16,151 [ForkJoinPool.commonPool-worker-1] INFO  ozoneimpl.OzoneContainer (OzoneContainer.java:stop(231)) - Attempting to stop container services.
2019-10-03 02:16:16,151 [ForkJoinPool.commonPool-worker-1] INFO  impl.RaftServerProxy (RaftServerProxy.java:lambda$close$4(314)) - cc4cf2b6-2748-4567-b455-87d8614b56f0: close
2019-10-03 02:16:16,151 [ForkJoinPool.commonPool-worker-1] INFO  impl.RaftServerImpl (RaftServerImpl.java:lambda$shutdown$3(247)) - cc4cf2b6-2748-4567-b455-87d8614b56f0@group-501CCB59F83A: shutdown
2019-10-03 02:16:16,152 [ForkJoinPool.commonPool-worker-1] INFO  util.JmxRegister (JmxRegister.java:unregister(73)) - Successfully un-registered JMX Bean with object name Ratis:service=RaftServer,group=group-501CCB59F83A,id=cc4cf2b6-2748-4567-b455-87d8614b56f0
2019-10-03 02:16:16,152 [ForkJoinPool.commonPool-worker-1] INFO  impl.RoleInfo (RoleInfo.java:shutdownLeaderState(104)) - cc4cf2b6-2748-4567-b455-87d8614b56f0: shutdown LeaderState
2019-10-03 02:16:16,152 [ForkJoinPool.commonPool-worker-1] INFO  impl.PendingRequests (PendingRequests.java:sendNotLeaderResponses(202)) - cc4cf2b6-2748-4567-b455-87d8614b56f0@group-501CCB59F83A-PendingRequests: sendNotLeaderResponses
2019-10-03 02:16:16,153 [ForkJoinPool.commonPool-worker-1] INFO  impl.StateMachineUpdater (StateMachineUpdater.java:stopAndJoin(136)) - cc4cf2b6-2748-4567-b455-87d8614b56f0@group-501CCB59F83A-StateMachineUpdater: set stopIndex = 0
2019-10-03 02:16:16,153 [ForkJoinPool.commonPool-worker-1] INFO  impl.RaftServerImpl (ServerState.java:close(387)) - cc4cf2b6-2748-4567-b455-87d8614b56f0@group-501CCB59F83A: closes. applyIndex: 0
2019-10-03 02:16:16,153 [cc4cf2b6-2748-4567-b455-87d8614b56f0@group-501CCB59F83A-SegmentedRaftLogWorker] INFO  segmented.SegmentedRaftLogWorker (SegmentedRaftLogWorker.java:run(316)) - cc4cf2b6-2748-4567-b455-87d8614b56f0@group-501CCB59F83A-SegmentedRaftLogWorker was interrupted, exiting. There are 0 tasks remaining in the queue.
2019-10-03 02:16:16,156 [ForkJoinPool.commonPool-worker-1] INFO  segmented.SegmentedRaftLogWorker (SegmentedRaftLogWorker.java:close(224)) - cc4cf2b6-2748-4567-b455-87d8614b56f0@group-501CCB59F83A-SegmentedRaftLogWorker close()
2019-10-03 02:16:16,158 [ForkJoinPool.commonPool-worker-1] INFO  impl.RaftServerImpl (RaftServerImpl.java:lambda$shutdown$3(247)) - cc4cf2b6-2748-4567-b455-87d8614b56f0@group-E1944AADEB4E: shutdown
2019-10-03 02:16:16,158 [ForkJoinPool.commonPool-worker-1] INFO  util.JmxRegister (JmxRegister.java:unregister(73)) - Successfully un-registered JMX Bean with object name Ratis:service=RaftServer,group=group-E1944AADEB4E,id=cc4cf2b6-2748-4567-b455-87d8614b56f0
2019-10-03 02:16:16,159 [ForkJoinPool.commonPool-worker-1] INFO  impl.RoleInfo (RoleInfo.java:shutdownFollowerState(121)) - cc4cf2b6-2748-4567-b455-87d8614b56f0: shutdown FollowerState
2019-10-03 02:16:16,159 [ForkJoinPool.commonPool-worker-1] INFO  impl.StateMachineUpdater (StateMachineUpdater.java:stopAndJoin(136)) - cc4cf2b6-2748-4567-b455-87d8614b56f0@group-E1944AADEB4E-StateMachineUpdater: set stopIndex = -1
2019-10-03 02:16:16,159 [ForkJoinPool.commonPool-worker-1] INFO  impl.RaftServerImpl (ServerState.java:close(387)) - cc4cf2b6-2748-4567-b455-87d8614b56f0@group-E1944AADEB4E: closes. applyIndex: -1
2019-10-03 02:16:16,159 [Thread-1297] INFO  impl.FollowerState (FollowerState.java:run(117)) - cc4cf2b6-2748-4567-b455-87d8614b56f0@group-E1944AADEB4E-FollowerState was interrupted: java.lang.InterruptedException: sleep interrupted
2019-10-03 02:16:16,159 [cc4cf2b6-2748-4567-b455-87d8614b56f0@group-E1944AADEB4E-SegmentedRaftLogWorker] INFO  segmented.SegmentedRaftLogWorker (SegmentedRaftLogWorker.java:run(316)) - cc4cf2b6-2748-4567-b455-87d8614b56f0@group-E1944AADEB4E-SegmentedRaftLogWorker was interrupted, exiting. There are 0 tasks remaining in the queue.
2019-10-03 02:16:16,161 [ForkJoinPool.commonPool-worker-1] INFO  segmented.SegmentedRaftLogWorker (SegmentedRaftLogWorker.java:close(224)) - cc4cf2b6-2748-4567-b455-87d8614b56f0@group-E1944AADEB4E-SegmentedRaftLogWorker close()
2019-10-03 02:16:16,163 [ForkJoinPool.commonPool-worker-1] INFO  server.GrpcService (GrpcService.java:closeImpl(164)) - cc4cf2b6-2748-4567-b455-87d8614b56f0: shutdown server with port 33193 now
2019-10-03 02:16:16,164 [ForkJoinPool.commonPool-worker-1] INFO  server.GrpcService (GrpcService.java:closeImpl(172)) - cc4cf2b6-2748-4567-b455-87d8614b56f0: shutdown server with port 33193 successfully
2019-10-03 02:16:16,169 [refreshUsed-/workdir/hadoop-ozone/ozonefs/target/test-dir/MiniOzoneClusterImpl-eeeb1918-9560-49c3-a5cd-d264bab630ea/datanode-2/data/containers] WARN  fs.CachingGetSpaceUsed (CachingGetSpaceUsed.java:run(183)) - Thread Interrupted waiting to refresh disk information: sleep interrupted
2019-10-03 02:16:16,191 [ForkJoinPool.commonPool-worker-1] INFO  utils.BackgroundService (BackgroundService.java:shutdown(148)) - Shutting down service BlockDeletingService
2019-10-03 02:16:16,195 [ForkJoinPool.commonPool-worker-1] INFO  statemachine.DatanodeStateMachine (DatanodeStateMachine.java:stopDaemon(395)) - Ozone container server stopped.
2019-10-03 02:16:16,199 [ForkJoinPool.commonPool-worker-1] INFO  handler.ContextHandler (ContextHandler.java:doStop(910)) - Stopped o.e.j.w.WebAppContext@6d5fadf6{/,null,UNAVAILABLE}{/hddsDatanode}
2019-10-03 02:16:16,200 [ForkJoinPool.commonPool-worker-1] INFO  server.AbstractConnector (AbstractConnector.java:doStop(318)) - Stopped ServerConnector@3f96cb8d{HTTP/1.1,[http/1.1]}{0.0.0.0:0}
2019-10-03 02:16:16,201 [ForkJoinPool.commonPool-worker-1] INFO  handler.ContextHandler (ContextHandler.java:doStop(910)) - Stopped o.e.j.s.ServletContextHandler@7c55010c{/static,jar:file:/home/user/.m2/repository/org/apache/hadoop/hadoop-hdds-container-service/0.5.0-SNAPSHOT/hadoop-hdds-container-service-0.5.0-SNAPSHOT.jar!/webapps/static,UNAVAILABLE}
2019-10-03 02:16:16,202 [ForkJoinPool.commonPool-worker-1] INFO  handler.ContextHandler (ContextHandler.java:doStop(910)) - Stopped o.e.j.s.ServletContextHandler@3bc5c3c8{/logs,file:///workdir/hadoop-ozone/ozonefs/target/log,UNAVAILABLE}
2019-10-03 02:16:16,203 [Thread-1092] INFO  ozone.MiniOzoneClusterImpl (MiniOzoneClusterImpl.java:stopSCM(392)) - Stopping the StorageContainerManager
2019-10-03 02:16:16,203 [Thread-1092] INFO  server.StorageContainerManager (StorageContainerManager.java:stop(808)) - Stopping Replication Manager Service.
2019-10-03 02:16:16,203 [Thread-1092] INFO  container.ReplicationManager (ReplicationManager.java:stop(203)) - Stopping Replication Monitor Thread.
2019-10-03 02:16:16,204 [Thread-1092] INFO  server.StorageContainerManager (StorageContainerManager.java:stop(815)) - Stopping Lease Manager of the command watchers
2019-10-03 02:16:16,204 [Thread-1092] INFO  server.StorageContainerManager (StorageContainerManager.java:stop(822)) - Stopping datanode service RPC server
2019-10-03 02:16:16,204 [Thread-1092] INFO  server.SCMDatanodeProtocolServer (SCMDatanodeProtocolServer.java:stop(367)) - Stopping the RPC server for DataNodes
2019-10-03 02:16:16,204 [Thread-1092] INFO  ipc.Server (Server.java:stop(3082)) - Stopping server on 44824
2019-10-03 02:16:16,206 [IPC Server listener on 44824] INFO  ipc.Server (Server.java:run(1185)) - Stopping IPC Server listener on 44824
2019-10-03 02:16:16,207 [IPC Server Responder] INFO  ipc.Server (Server.java:run(1319)) - Stopping IPC Server Responder
2019-10-03 02:16:16,271 [SCM Heartbeat Processing Thread - 0] WARN  node.NodeStateManager (NodeStateManager.java:scheduleNextHealthCheck(646)) - Current Thread is interrupted, shutting down HB processing thread for Node Manager.
2019-10-03 02:16:16,271 [Thread-1092] INFO  server.StorageContainerManager (StorageContainerManager.java:stop(830)) - Stopping block service RPC server
2019-10-03 02:16:16,271 [Thread-1092] INFO  server.SCMBlockProtocolServer (SCMBlockProtocolServer.java:stop(155)) - Stopping the RPC server for Block Protocol
2019-10-03 02:16:16,271 [Thread-1092] INFO  ipc.Server (Server.java:stop(3082)) - Stopping server on 45537
2019-10-03 02:16:16,274 [IPC Server listener on 45537] INFO  ipc.Server (Server.java:run(1185)) - Stopping IPC Server listener on 45537
2019-10-03 02:16:16,277 [IPC Server Responder] INFO  ipc.Server (Server.java:run(1319)) - Stopping IPC Server Responder
2019-10-03 02:16:16,277 [Thread-1092] INFO  server.StorageContainerManager (StorageContainerManager.java:stop(837)) - Stopping the StorageContainerLocationProtocol RPC server
2019-10-03 02:16:16,279 [Thread-1092] INFO  server.SCMClientProtocolServer (SCMClientProtocolServer.java:stop(158)) - Stopping the RPC server for Client Protocol
2019-10-03 02:16:16,279 [Thread-1092] INFO  ipc.Server (Server.java:stop(3082)) - Stopping server on 35356
2019-10-03 02:16:16,281 [IPC Server listener on 35356] INFO  ipc.Server (Server.java:run(1185)) - Stopping IPC Server listener on 35356
2019-10-03 02:16:16,282 [IPC Server Responder] INFO  ipc.Server (Server.java:run(1319)) - Stopping IPC Server Responder
2019-10-03 02:16:16,282 [Thread-1092] INFO  server.StorageContainerManager (StorageContainerManager.java:stop(844)) - Stopping Storage Container Manager HTTP server.
2019-10-03 02:16:16,285 [Thread-1092] INFO  handler.ContextHandler (ContextHandler.java:doStop(910)) - Stopped o.e.j.w.WebAppContext@787d4277{/,null,UNAVAILABLE}{/scm}
2019-10-03 02:16:16,285 [Thread-1092] INFO  server.AbstractConnector (AbstractConnector.java:doStop(318)) - Stopped ServerConnector@6651d450{HTTP/1.1,[http/1.1]}{0.0.0.0:0}
2019-10-03 02:16:16,286 [Thread-1092] INFO  handler.ContextHandler (ContextHandler.java:doStop(910)) - Stopped o.e.j.s.ServletContextHandler@4f25fdc{/static,jar:file:/home/user/.m2/repository/org/apache/hadoop/hadoop-hdds-server-scm/0.5.0-SNAPSHOT/hadoop-hdds-server-scm-0.5.0-SNAPSHOT.jar!/webapps/static,UNAVAILABLE}
2019-10-03 02:16:16,286 [Thread-1092] INFO  handler.ContextHandler (ContextHandler.java:doStop(910)) - Stopped o.e.j.s.ServletContextHandler@613155a{/logs,file:///workdir/hadoop-ozone/ozonefs/target/log,UNAVAILABLE}
2019-10-03 02:16:16,287 [Thread-1092] INFO  server.StorageContainerManager (StorageContainerManager.java:stop(855)) - Stopping Block Manager Service.
2019-10-03 02:16:16,287 [Thread-1092] INFO  utils.BackgroundService (BackgroundService.java:shutdown(148)) - Shutting down service SCMBlockDeletingService
2019-10-03 02:16:16,287 [Thread-1092] INFO  utils.BackgroundService (BackgroundService.java:shutdown(148)) - Shutting down service SCMBlockDeletingService
2019-10-03 02:16:16,287 [Thread-1092] INFO  server.StorageContainerManager (StorageContainerManager.java:stop(877)) - Stopping SCM Event Queue.
2019-10-03 02:16:16,291 [Thread-1092] INFO  impl.MetricsSystemImpl (MetricsSystemImpl.java:stop(210)) - Stopping HddsDatanode metrics system...
2019-10-03 02:16:16,295 [Thread-1092] INFO  impl.MetricsSystemImpl (MetricsSystemImpl.java:stop(216)) - HddsDatanode metrics system stopped.
]]></system-out>
  </testcase>
  <testcase name="testNonExplicitlyCreatedPathExistsAfterItsLeafsWereRemoved" classname="org.apache.hadoop.fs.ozone.TestOzoneFileSystem" time="17.011">
    <error message="Volume not found volume69961" type="VOLUME_NOT_FOUND org.apache.hadoop.ozone.om.exceptions.OMException">VOLUME_NOT_FOUND org.apache.hadoop.ozone.om.exceptions.OMException: Volume not found volume69961
	at org.apache.hadoop.ozone.om.protocolPB.OzoneManagerProtocolClientSideTranslatorPB.handleError(OzoneManagerProtocolClientSideTranslatorPB.java:732)
	at org.apache.hadoop.ozone.om.protocolPB.OzoneManagerProtocolClientSideTranslatorPB.createDirectory(OzoneManagerProtocolClientSideTranslatorPB.java:1377)
	at sun.reflect.NativeMethodAccessorImpl.invoke0(Native Method)
	at sun.reflect.NativeMethodAccessorImpl.invoke(NativeMethodAccessorImpl.java:62)
	at sun.reflect.DelegatingMethodAccessorImpl.invoke(DelegatingMethodAccessorImpl.java:43)
	at java.lang.reflect.Method.invoke(Method.java:498)
	at org.apache.hadoop.hdds.tracing.TraceAllMethod.invoke(TraceAllMethod.java:66)
	at com.sun.proxy.$Proxy38.createDirectory(Unknown Source)
	at org.apache.hadoop.ozone.client.rpc.RpcClient.createDirectory(RpcClient.java:976)
	at org.apache.hadoop.ozone.client.OzoneBucket.createDirectory(OzoneBucket.java:503)
	at org.apache.hadoop.fs.ozone.BasicOzoneClientAdapterImpl.createDirectory(BasicOzoneClientAdapterImpl.java:236)
	at org.apache.hadoop.fs.ozone.BasicOzoneFileSystem.mkdir(BasicOzoneFileSystem.java:597)
	at org.apache.hadoop.fs.ozone.BasicOzoneFileSystem.mkdirs(BasicOzoneFileSystem.java:607)
	at org.apache.hadoop.fs.FileSystem.mkdirs(FileSystem.java:2275)
	at org.apache.hadoop.fs.ozone.TestOzoneFileSystem.testNonExplicitlyCreatedPathExistsAfterItsLeafsWereRemoved(TestOzoneFileSystem.java:277)
	at sun.reflect.NativeMethodAccessorImpl.invoke0(Native Method)
	at sun.reflect.NativeMethodAccessorImpl.invoke(NativeMethodAccessorImpl.java:62)
	at sun.reflect.DelegatingMethodAccessorImpl.invoke(DelegatingMethodAccessorImpl.java:43)
	at java.lang.reflect.Method.invoke(Method.java:498)
	at org.junit.runners.model.FrameworkMethod$1.runReflectiveCall(FrameworkMethod.java:47)
	at org.junit.internal.runners.model.ReflectiveCallable.run(ReflectiveCallable.java:12)
	at org.junit.runners.model.FrameworkMethod.invokeExplosively(FrameworkMethod.java:44)
	at org.junit.internal.runners.statements.InvokeMethod.evaluate(InvokeMethod.java:17)
	at org.junit.internal.runners.statements.RunBefores.evaluate(RunBefores.java:26)
	at org.junit.internal.runners.statements.RunAfters.evaluate(RunAfters.java:27)
	at org.junit.internal.runners.statements.FailOnTimeout$StatementThread.run(FailOnTimeout.java:74)
</error>
    <system-out><![CDATA[2019-10-03 02:16:16,334 [Thread-1309] WARN  server.ServerUtils (ServerUtils.java:getScmDbDir(145)) - ozone.scm.db.dirs is not configured. We recommend adding this setting. Falling back to ozone.metadata.dirs instead.
2019-10-03 02:16:16,347 [Thread-1309] WARN  server.ServerUtils (ServerUtils.java:getScmDbDir(145)) - ozone.scm.db.dirs is not configured. We recommend adding this setting. Falling back to ozone.metadata.dirs instead.
2019-10-03 02:16:16,348 [Thread-1309] WARN  server.ServerUtils (ServerUtils.java:getScmDbDir(145)) - ozone.scm.db.dirs is not configured. We recommend adding this setting. Falling back to ozone.metadata.dirs instead.
2019-10-03 02:16:16,348 [Thread-1309] INFO  db.DBStoreBuilder (DBStoreBuilder.java:addTable(110)) - using custom profile for table: deletedBlocks
2019-10-03 02:16:16,348 [Thread-1309] INFO  db.DBStoreBuilder (DBStoreBuilder.java:processTables(161)) - Using default column profile:DBProfile.DISK for Table:deletedBlocks
2019-10-03 02:16:16,349 [Thread-1309] INFO  db.DBStoreBuilder (DBStoreBuilder.java:addTable(110)) - using custom profile for table: validCerts
2019-10-03 02:16:16,349 [Thread-1309] INFO  db.DBStoreBuilder (DBStoreBuilder.java:processTables(161)) - Using default column profile:DBProfile.DISK for Table:validCerts
2019-10-03 02:16:16,349 [Thread-1309] INFO  db.DBStoreBuilder (DBStoreBuilder.java:addTable(110)) - using custom profile for table: revokedCerts
2019-10-03 02:16:16,349 [Thread-1309] INFO  db.DBStoreBuilder (DBStoreBuilder.java:processTables(161)) - Using default column profile:DBProfile.DISK for Table:revokedCerts
2019-10-03 02:16:16,349 [Thread-1309] INFO  db.DBStoreBuilder (DBStoreBuilder.java:addTable(110)) - using custom profile for table: default
2019-10-03 02:16:16,349 [Thread-1309] INFO  db.DBStoreBuilder (DBStoreBuilder.java:processTables(167)) - Using default column profile:DBProfile.DISK for Table:default
2019-10-03 02:16:16,350 [Thread-1309] INFO  db.DBStoreBuilder (DBStoreBuilder.java:getDbProfile(198)) - Using default options. DBProfile.DISK
2019-10-03 02:16:16,525 [Thread-1309] INFO  net.NodeSchemaLoader (NodeSchemaLoader.java:loadSchemaFromFile(125)) - Loading file from sun.misc.CompoundEnumeration@100f80a
2019-10-03 02:16:16,526 [Thread-1309] INFO  net.NodeSchemaLoader (NodeSchemaLoader.java:loadSchema(171)) - Loading network topology layer schema file
2019-10-03 02:16:16,530 [Thread-1309] WARN  server.ServerUtils (ServerUtils.java:sanitizeUserArgs(70)) - ozone.scm.stale.node.interval value = 300000 is larger than max = 100000 based on the key value of ozone.scm.heartbeat.thread.interval, reset to the max value 100000.
2019-10-03 02:16:16,530 [Thread-1309] WARN  server.ServerUtils (ServerUtils.java:sanitizeUserArgs(70)) - ozone.scm.stale.node.interval value = 300000 is larger than max = 100000 based on the key value of ozone.scm.heartbeat.thread.interval, reset to the max value 100000.
2019-10-03 02:16:16,531 [Thread-1309] INFO  node.SCMNodeManager (SCMNodeManager.java:<init>(114)) - Entering startup safe mode.
2019-10-03 02:16:16,531 [Thread-1309] INFO  algorithms.ContainerPlacementPolicyFactory (ContainerPlacementPolicyFactory.java:getPolicy(57)) - Create container placement policy of type org.apache.hadoop.hdds.scm.container.placement.algorithms.SCMContainerPlacementRandom
2019-10-03 02:16:16,532 [Thread-1309] WARN  server.ServerUtils (ServerUtils.java:getScmDbDir(145)) - ozone.scm.db.dirs is not configured. We recommend adding this setting. Falling back to ozone.metadata.dirs instead.
2019-10-03 02:16:16,574 [Thread-1309] INFO  pipeline.SCMPipelineManager (SCMPipelineManager.java:initializePipelineState(132)) - No pipeline exists in current db
2019-10-03 02:16:16,574 [Thread-1309] WARN  server.ServerUtils (ServerUtils.java:getScmDbDir(145)) - ozone.scm.db.dirs is not configured. We recommend adding this setting. Falling back to ozone.metadata.dirs instead.
2019-10-03 02:16:16,623 [Thread-1309] WARN  events.EventQueue (EventQueue.java:fireEvent(183)) - No event handler registered for event TypedEvent{payloadType=SafeModeStatus, name='SafeModeStatus'}
2019-10-03 02:16:16,624 [Thread-1309] INFO  ipc.CallQueueManager (CallQueueManager.java:<init>(84)) - Using callQueue: class java.util.concurrent.LinkedBlockingQueue, queueCapacity: 2000, scheduler: class org.apache.hadoop.ipc.DefaultRpcScheduler, ipcBackoff: false.
2019-10-03 02:16:16,625 [Socket Reader #1 for port 36275] INFO  ipc.Server (Server.java:run(1074)) - Starting Socket Reader #1 for port 36275
2019-10-03 02:16:16,628 [Thread-1309] INFO  ipc.CallQueueManager (CallQueueManager.java:<init>(84)) - Using callQueue: class java.util.concurrent.LinkedBlockingQueue, queueCapacity: 2000, scheduler: class org.apache.hadoop.ipc.DefaultRpcScheduler, ipcBackoff: false.
2019-10-03 02:16:16,629 [Socket Reader #1 for port 33852] INFO  ipc.Server (Server.java:run(1074)) - Starting Socket Reader #1 for port 33852
2019-10-03 02:16:16,630 [Thread-1309] INFO  ipc.CallQueueManager (CallQueueManager.java:<init>(84)) - Using callQueue: class java.util.concurrent.LinkedBlockingQueue, queueCapacity: 2000, scheduler: class org.apache.hadoop.ipc.DefaultRpcScheduler, ipcBackoff: false.
2019-10-03 02:16:16,631 [Socket Reader #1 for port 40195] INFO  ipc.Server (Server.java:run(1074)) - Starting Socket Reader #1 for port 40195
2019-10-03 02:16:16,634 [Thread-1309] INFO  hdfs.DFSUtil (DFSUtil.java:httpServerTemplateForNNAndJN(1641)) - Starting Web-server for scm at: http://0.0.0.0:0
2019-10-03 02:16:16,637 [Thread-1309] INFO  server.AuthenticationFilter (AuthenticationFilter.java:constructSecretProvider(240)) - Unable to initialize FileSignerSecretProvider, falling back to use random secrets.
2019-10-03 02:16:16,638 [Thread-1309] WARN  http.HttpRequestLog (HttpRequestLog.java:getRequestLog(97)) - Jetty request log can only be enabled using Log4j
2019-10-03 02:16:16,641 [Thread-1309] INFO  http.HttpServer2 (HttpServer2.java:addGlobalFilter(975)) - Added global filter 'safety' (class=org.apache.hadoop.http.HttpServer2$QuotingInputFilter)
2019-10-03 02:16:16,642 [Thread-1309] INFO  http.HttpServer2 (HttpServer2.java:addFilter(948)) - Added filter static_user_filter (class=org.apache.hadoop.http.lib.StaticUserWebFilter$StaticUserFilter) to context scm
2019-10-03 02:16:16,642 [Thread-1309] INFO  http.HttpServer2 (HttpServer2.java:addFilter(958)) - Added filter static_user_filter (class=org.apache.hadoop.http.lib.StaticUserWebFilter$StaticUserFilter) to context static
2019-10-03 02:16:16,642 [Thread-1309] INFO  http.HttpServer2 (HttpServer2.java:addFilter(958)) - Added filter static_user_filter (class=org.apache.hadoop.http.lib.StaticUserWebFilter$StaticUserFilter) to context logs
2019-10-03 02:16:16,644 [Thread-1309] INFO  server.StorageContainerManager (StorageContainerManager.java:start(770)) - StorageContainerLocationProtocol RPC server is listening at /0.0.0.0:40195
2019-10-03 02:16:16,647 [Thread-1309] WARN  impl.MetricsConfig (MetricsConfig.java:loadFirst(134)) - Cannot locate configuration: tried hadoop-metrics2-storagecontainermanager.properties,hadoop-metrics2.properties
2019-10-03 02:16:16,648 [Thread-1309] INFO  impl.MetricsSystemImpl (MetricsSystemImpl.java:startTimer(374)) - Scheduled Metric snapshot period at 10 second(s).
2019-10-03 02:16:16,648 [Thread-1309] INFO  impl.MetricsSystemImpl (MetricsSystemImpl.java:start(191)) - StorageContainerManager metrics system started
2019-10-03 02:16:16,688 [Thread-1309] WARN  impl.MetricsSystemImpl (MetricsSystemImpl.java:register(276)) - Sink prometheus already exists!
2019-10-03 02:16:16,757 [Thread-1309] INFO  server.SCMClientProtocolServer (SCMClientProtocolServer.java:start(150)) - RPC server for Client  is listening at /0.0.0.0:40195
2019-10-03 02:16:16,758 [IPC Server Responder] INFO  ipc.Server (Server.java:run(1314)) - IPC Server Responder: starting
2019-10-03 02:16:16,758 [IPC Server listener on 40195] INFO  ipc.Server (Server.java:run(1153)) - IPC Server listener on 40195: starting
2019-10-03 02:16:16,762 [Thread-1309] INFO  server.StorageContainerManager (StorageContainerManager.java:start(780)) - ScmBlockLocationProtocol RPC server is listening at /0.0.0.0:33852
2019-10-03 02:16:16,762 [Thread-1309] INFO  server.SCMBlockProtocolServer (SCMBlockProtocolServer.java:start(146)) - RPC server for Block Protocol is listening at /0.0.0.0:33852
2019-10-03 02:16:16,762 [IPC Server Responder] INFO  ipc.Server (Server.java:run(1314)) - IPC Server Responder: starting
2019-10-03 02:16:16,762 [IPC Server listener on 33852] INFO  ipc.Server (Server.java:run(1153)) - IPC Server listener on 33852: starting
2019-10-03 02:16:16,766 [Thread-1309] INFO  server.StorageContainerManager (StorageContainerManager.java:start(784)) - ScmDatanodeProtocl RPC server is listening at /0.0.0.0:36275
2019-10-03 02:16:16,767 [Thread-1309] INFO  server.SCMDatanodeProtocolServer (SCMDatanodeProtocolServer.java:start(191)) - RPC server for DataNodes is listening at /0.0.0.0:36275
2019-10-03 02:16:16,767 [IPC Server Responder] INFO  ipc.Server (Server.java:run(1314)) - IPC Server Responder: starting
2019-10-03 02:16:16,767 [IPC Server listener on 36275] INFO  ipc.Server (Server.java:run(1153)) - IPC Server listener on 36275: starting
2019-10-03 02:16:16,772 [Thread-1309] INFO  http.HttpServer2 (HttpServer2.java:bindListener(1191)) - Jetty bound to port 34549
2019-10-03 02:16:16,772 [Thread-1309] INFO  server.Server (Server.java:doStart(351)) - jetty-9.3.25.v20180904, build timestamp: 2018-09-04T21:11:46Z, git hash: 3ce520221d0240229c862b122d2b06c12a625732
2019-10-03 02:16:16,773 [Thread-1309] INFO  handler.ContextHandler (ContextHandler.java:doStart(781)) - Started o.e.j.s.ServletContextHandler@bc42fae{/logs,file:///workdir/hadoop-ozone/ozonefs/target/log,AVAILABLE}
2019-10-03 02:16:16,774 [Thread-1309] INFO  handler.ContextHandler (ContextHandler.java:doStart(781)) - Started o.e.j.s.ServletContextHandler@4e25b6d4{/static,jar:file:/home/user/.m2/repository/org/apache/hadoop/hadoop-hdds-server-scm/0.5.0-SNAPSHOT/hadoop-hdds-server-scm-0.5.0-SNAPSHOT.jar!/webapps/static,AVAILABLE}
2019-10-03 02:16:16,814 [Thread-1309] INFO  handler.ContextHandler (ContextHandler.java:doStart(781)) - Started o.e.j.w.WebAppContext@443d744c{/,file:///tmp/jetty-0.0.0.0-34549-scm-_-any-1416271690850974647.dir/webapp/,AVAILABLE}{/scm}
2019-10-03 02:16:16,814 [Thread-1309] INFO  server.AbstractConnector (AbstractConnector.java:doStart(278)) - Started ServerConnector@7770cf20{HTTP/1.1,[http/1.1]}{0.0.0.0:34549}
2019-10-03 02:16:16,815 [Thread-1309] INFO  server.Server (Server.java:doStart(419)) - Started @108218ms
2019-10-03 02:16:16,815 [Thread-1309] WARN  impl.MetricsSystemImpl (MetricsSystemImpl.java:register(276)) - Sink prometheus already exists!
2019-10-03 02:16:16,816 [Thread-1309] INFO  server.BaseHttpServer (BaseHttpServer.java:updateConnectorAddress(215)) - HTTP server of SCM is listening at http://0.0.0.0:34549
2019-10-03 02:16:16,816 [Thread-1309] WARN  server.ServerUtils (ServerUtils.java:getDBPath(222)) - ozone.om.db.dirs is not configured. We recommend adding this setting. Falling back to ozone.metadata.dirs instead.
2019-10-03 02:16:16,816 [org.apache.hadoop.util.JvmPauseMonitor$Monitor@2cbca010] INFO  util.JvmPauseMonitor (JvmPauseMonitor.java:run(188)) - Starting JVM pause monitor
2019-10-03 02:16:16,830 [Thread-1309] WARN  server.ServerUtils (ServerUtils.java:getDBPath(222)) - ozone.om.db.dirs is not configured. We recommend adding this setting. Falling back to ozone.metadata.dirs instead.
2019-10-03 02:16:16,831 [Thread-1309] WARN  server.ServerUtils (ServerUtils.java:getDBPath(222)) - ozone.om.db.dirs is not configured. We recommend adding this setting. Falling back to ozone.metadata.dirs instead.
2019-10-03 02:16:16,831 [Thread-1309] INFO  om.OzoneManager (OzoneManager.java:setOMNodeDetails(652)) - OM Service ID is not set. Setting it to the default ID: omServiceIdDefault
2019-10-03 02:16:16,831 [Thread-1309] INFO  om.OzoneManager (OzoneManager.java:setOMNodeDetails(658)) - OM Node ID is not set. Setting it to the OmStorage's OmID: 454ba9ef-d0bb-4547-8247-b642bf093fd6
2019-10-03 02:16:16,831 [Thread-1309] INFO  om.OzoneManager (OzoneManager.java:loadOMHAConfigs(609)) - Found matching OM address with OMServiceId: null, OMNodeId: null, RPC Address: localhost:0 and Ratis port: 9872
2019-10-03 02:16:16,837 [Thread-1309] WARN  server.ServerUtils (ServerUtils.java:getDBPath(222)) - ozone.om.db.dirs is not configured. We recommend adding this setting. Falling back to ozone.metadata.dirs instead.
2019-10-03 02:16:16,837 [Thread-1309] INFO  db.DBStoreBuilder (DBStoreBuilder.java:addTable(110)) - using custom profile for table: userTable
2019-10-03 02:16:16,837 [Thread-1309] INFO  db.DBStoreBuilder (DBStoreBuilder.java:processTables(161)) - Using default column profile:DBProfile.DISK for Table:userTable
2019-10-03 02:16:16,838 [Thread-1309] INFO  db.DBStoreBuilder (DBStoreBuilder.java:addTable(110)) - using custom profile for table: volumeTable
2019-10-03 02:16:16,838 [Thread-1309] INFO  db.DBStoreBuilder (DBStoreBuilder.java:processTables(161)) - Using default column profile:DBProfile.DISK for Table:volumeTable
2019-10-03 02:16:16,838 [Thread-1309] INFO  db.DBStoreBuilder (DBStoreBuilder.java:addTable(110)) - using custom profile for table: bucketTable
2019-10-03 02:16:16,838 [Thread-1309] INFO  db.DBStoreBuilder (DBStoreBuilder.java:processTables(161)) - Using default column profile:DBProfile.DISK for Table:bucketTable
2019-10-03 02:16:16,838 [Thread-1309] INFO  db.DBStoreBuilder (DBStoreBuilder.java:addTable(110)) - using custom profile for table: keyTable
2019-10-03 02:16:16,838 [Thread-1309] INFO  db.DBStoreBuilder (DBStoreBuilder.java:processTables(161)) - Using default column profile:DBProfile.DISK for Table:keyTable
2019-10-03 02:16:16,838 [Thread-1309] INFO  db.DBStoreBuilder (DBStoreBuilder.java:addTable(110)) - using custom profile for table: deletedTable
2019-10-03 02:16:16,838 [Thread-1309] INFO  db.DBStoreBuilder (DBStoreBuilder.java:processTables(161)) - Using default column profile:DBProfile.DISK for Table:deletedTable
2019-10-03 02:16:16,839 [Thread-1309] INFO  db.DBStoreBuilder (DBStoreBuilder.java:addTable(110)) - using custom profile for table: openKeyTable
2019-10-03 02:16:16,839 [Thread-1309] INFO  db.DBStoreBuilder (DBStoreBuilder.java:processTables(161)) - Using default column profile:DBProfile.DISK for Table:openKeyTable
2019-10-03 02:16:16,839 [Thread-1309] INFO  db.DBStoreBuilder (DBStoreBuilder.java:addTable(110)) - using custom profile for table: s3Table
2019-10-03 02:16:16,839 [Thread-1309] INFO  db.DBStoreBuilder (DBStoreBuilder.java:processTables(161)) - Using default column profile:DBProfile.DISK for Table:s3Table
2019-10-03 02:16:16,839 [Thread-1309] INFO  db.DBStoreBuilder (DBStoreBuilder.java:addTable(110)) - using custom profile for table: multipartInfoTable
2019-10-03 02:16:16,839 [Thread-1309] INFO  db.DBStoreBuilder (DBStoreBuilder.java:processTables(161)) - Using default column profile:DBProfile.DISK for Table:multipartInfoTable
2019-10-03 02:16:16,839 [Thread-1309] INFO  db.DBStoreBuilder (DBStoreBuilder.java:addTable(110)) - using custom profile for table: dTokenTable
2019-10-03 02:16:16,839 [Thread-1309] INFO  db.DBStoreBuilder (DBStoreBuilder.java:processTables(161)) - Using default column profile:DBProfile.DISK for Table:dTokenTable
2019-10-03 02:16:16,840 [Thread-1309] INFO  db.DBStoreBuilder (DBStoreBuilder.java:addTable(110)) - using custom profile for table: s3SecretTable
2019-10-03 02:16:16,840 [Thread-1309] INFO  db.DBStoreBuilder (DBStoreBuilder.java:processTables(161)) - Using default column profile:DBProfile.DISK for Table:s3SecretTable
2019-10-03 02:16:16,840 [Thread-1309] INFO  db.DBStoreBuilder (DBStoreBuilder.java:addTable(110)) - using custom profile for table: prefixTable
2019-10-03 02:16:16,840 [Thread-1309] INFO  db.DBStoreBuilder (DBStoreBuilder.java:processTables(161)) - Using default column profile:DBProfile.DISK for Table:prefixTable
2019-10-03 02:16:16,840 [Thread-1309] INFO  db.DBStoreBuilder (DBStoreBuilder.java:addTable(110)) - using custom profile for table: default
2019-10-03 02:16:16,840 [Thread-1309] INFO  db.DBStoreBuilder (DBStoreBuilder.java:processTables(167)) - Using default column profile:DBProfile.DISK for Table:default
2019-10-03 02:16:16,840 [Thread-1309] INFO  db.DBStoreBuilder (DBStoreBuilder.java:getDbProfile(198)) - Using default options. DBProfile.DISK
2019-10-03 02:16:17,514 [Thread-1309] INFO  ipc.CallQueueManager (CallQueueManager.java:<init>(84)) - Using callQueue: class java.util.concurrent.LinkedBlockingQueue, queueCapacity: 2000, scheduler: class org.apache.hadoop.ipc.DefaultRpcScheduler, ipcBackoff: false.
2019-10-03 02:16:17,515 [Socket Reader #1 for port 41976] INFO  ipc.Server (Server.java:run(1074)) - Starting Socket Reader #1 for port 41976
2019-10-03 02:16:17,542 [Thread-1309] INFO  om.OzoneManager (OzoneManager.java:start(1243)) - OzoneManager RPC server is listening at localhost/127.0.0.1:41976
2019-10-03 02:16:17,542 [Thread-1309] INFO  impl.MetricsSystemImpl (MetricsSystemImpl.java:init(158)) - OzoneManager metrics system started (again)
2019-10-03 02:16:17,543 [IPC Server Responder] INFO  ipc.Server (Server.java:run(1314)) - IPC Server Responder: starting
2019-10-03 02:16:17,543 [IPC Server listener on 41976] INFO  ipc.Server (Server.java:run(1153)) - IPC Server listener on 41976: starting
2019-10-03 02:16:17,548 [Thread-1309] INFO  hdfs.DFSUtil (DFSUtil.java:httpServerTemplateForNNAndJN(1641)) - Starting Web-server for ozoneManager at: http://0.0.0.0:0
2019-10-03 02:16:17,551 [Thread-1309] INFO  server.AuthenticationFilter (AuthenticationFilter.java:constructSecretProvider(240)) - Unable to initialize FileSignerSecretProvider, falling back to use random secrets.
2019-10-03 02:16:17,552 [Thread-1309] WARN  http.HttpRequestLog (HttpRequestLog.java:getRequestLog(97)) - Jetty request log can only be enabled using Log4j
2019-10-03 02:16:17,555 [Thread-1309] INFO  http.HttpServer2 (HttpServer2.java:addGlobalFilter(975)) - Added global filter 'safety' (class=org.apache.hadoop.http.HttpServer2$QuotingInputFilter)
2019-10-03 02:16:17,556 [Thread-1309] INFO  http.HttpServer2 (HttpServer2.java:addFilter(948)) - Added filter static_user_filter (class=org.apache.hadoop.http.lib.StaticUserWebFilter$StaticUserFilter) to context ozoneManager
2019-10-03 02:16:17,556 [Thread-1309] INFO  http.HttpServer2 (HttpServer2.java:addFilter(958)) - Added filter static_user_filter (class=org.apache.hadoop.http.lib.StaticUserWebFilter$StaticUserFilter) to context logs
2019-10-03 02:16:17,556 [Thread-1309] INFO  http.HttpServer2 (HttpServer2.java:addFilter(958)) - Added filter static_user_filter (class=org.apache.hadoop.http.lib.StaticUserWebFilter$StaticUserFilter) to context static
2019-10-03 02:16:17,557 [Thread-1309] INFO  http.HttpServer2 (HttpServer2.java:bindListener(1191)) - Jetty bound to port 45255
2019-10-03 02:16:17,558 [Thread-1309] INFO  server.Server (Server.java:doStart(351)) - jetty-9.3.25.v20180904, build timestamp: 2018-09-04T21:11:46Z, git hash: 3ce520221d0240229c862b122d2b06c12a625732
2019-10-03 02:16:17,560 [Thread-1309] INFO  handler.ContextHandler (ContextHandler.java:doStart(781)) - Started o.e.j.s.ServletContextHandler@53c89bd9{/logs,file:///workdir/hadoop-ozone/ozonefs/target/log,AVAILABLE}
2019-10-03 02:16:17,561 [Thread-1309] INFO  handler.ContextHandler (ContextHandler.java:doStart(781)) - Started o.e.j.s.ServletContextHandler@aa7dec8{/static,jar:file:/home/user/.m2/repository/org/apache/hadoop/hadoop-ozone-ozone-manager/0.5.0-SNAPSHOT/hadoop-ozone-ozone-manager-0.5.0-SNAPSHOT.jar!/webapps/static,AVAILABLE}
2019-10-03 02:16:17,628 [Thread-1309] INFO  handler.ContextHandler (ContextHandler.java:doStart(781)) - Started o.e.j.w.WebAppContext@734be5c5{/,file:///tmp/jetty-0.0.0.0-45255-ozoneManager-_-any-5437434480737535210.dir/webapp/,AVAILABLE}{/ozoneManager}
2019-10-03 02:16:17,628 [Thread-1309] INFO  server.AbstractConnector (AbstractConnector.java:doStart(278)) - Started ServerConnector@3002bd79{HTTP/1.1,[http/1.1]}{0.0.0.0:45255}
2019-10-03 02:16:17,628 [Thread-1309] INFO  server.Server (Server.java:doStart(419)) - Started @109032ms
2019-10-03 02:16:17,630 [Thread-1309] WARN  impl.MetricsSystemImpl (MetricsSystemImpl.java:register(276)) - Sink prometheus already exists!
2019-10-03 02:16:17,630 [Thread-1309] INFO  server.BaseHttpServer (BaseHttpServer.java:updateConnectorAddress(215)) - HTTP server of OZONEMANAGER is listening at http://0.0.0.0:45255
2019-10-03 02:16:17,641 [Thread-1309] INFO  impl.MetricsSystemImpl (MetricsSystemImpl.java:init(158)) - HddsDatanode metrics system started (again)
2019-10-03 02:16:17,647 [Thread-1309] INFO  ozone.HddsDatanodeService (HddsDatanodeService.java:start(184)) - HddsDatanodeService host:pr-hdds-1737-89jld-2007629010 ip:192.168.164.205
2019-10-03 02:16:17,655 [Thread-1309] INFO  volume.HddsVolume (HddsVolume.java:<init>(176)) - Creating Volume: /workdir/hadoop-ozone/ozonefs/target/test-dir/MiniOzoneClusterImpl-75afc97a-78a0-417c-b1fb-82bdf829096d/datanode-0/data/containers/hdds of  storage type : DISK and capacity : 1482555576320
2019-10-03 02:16:17,656 [Thread-1309] INFO  volume.VolumeSet (VolumeSet.java:initializeVolumeSet(170)) - Added Volume : /workdir/hadoop-ozone/ozonefs/target/test-dir/MiniOzoneClusterImpl-75afc97a-78a0-417c-b1fb-82bdf829096d/datanode-0/data/containers/hdds to VolumeSet
2019-10-03 02:16:17,656 [Thread-1309] INFO  volume.ThrottledAsyncChecker (ThrottledAsyncChecker.java:schedule(139)) - Scheduling a check for org.apache.hadoop.ozone.container.common.volume.HddsVolume@3a1d2fce
2019-10-03 02:16:17,657 [Thread-1309] INFO  volume.HddsVolumeChecker (HddsVolumeChecker.java:checkAllVolumes(202)) - Scheduled health check for volume org.apache.hadoop.ozone.container.common.volume.HddsVolume@3a1d2fce
2019-10-03 02:16:17,689 [Thread-1309] INFO  impl.RaftServerProxy (ConfUtils.java:logGet(43)) - raft.rpc.type = GRPC (default)
2019-10-03 02:16:17,689 [Thread-1309] INFO  grpc.GrpcFactory (GrpcFactory.java:checkPooledByteBufAllocatorUseCacheForAllThreads(45)) - PERFORMANCE WARNING: useCacheForAllThreads is true that may cause Netty to create a lot garbage objects and, as a result, trigger GC.
	It is recommended to disable useCacheForAllThreads by setting -Dorg.apache.ratis.thirdparty.io.netty.allocator.useCacheForAllThreads=false in command line.
2019-10-03 02:16:17,689 [Thread-1309] INFO  grpc.GrpcConfigKeys$Server (ConfUtils.java:logGet(43)) - raft.grpc.server.port = 0 (default)
2019-10-03 02:16:17,690 [Thread-1309] INFO  server.GrpcService (ConfUtils.java:logGet(43)) - raft.grpc.message.size.max = 33570816 (custom)
2019-10-03 02:16:17,690 [Thread-1309] INFO  server.RaftServerConfigKeys (ConfUtils.java:logGet(43)) - raft.server.log.appender.buffer.byte-limit = 33554432 (custom)
2019-10-03 02:16:17,690 [Thread-1309] INFO  server.GrpcService (ConfUtils.java:logGet(43)) - raft.grpc.flow.control.window = 1MB (=1048576) (default)
2019-10-03 02:16:17,690 [Thread-1309] INFO  server.RaftServerConfigKeys (ConfUtils.java:logGet(43)) - raft.server.rpc.request.timeout = 3000ms (default)
2019-10-03 02:16:17,691 [Thread-1309] INFO  server.RaftServerConfigKeys (ConfUtils.java:logGet(43)) - raft.server.storage.dir = [/workdir/hadoop-ozone/ozonefs/target/test-dir/MiniOzoneClusterImpl-75afc97a-78a0-417c-b1fb-82bdf829096d/datanode-0/data/ratis] (custom)
2019-10-03 02:16:17,693 [Thread-1309] INFO  hdfs.DFSUtil (DFSUtil.java:httpServerTemplateForNNAndJN(1641)) - Starting Web-server for hddsDatanode at: http://0.0.0.0:0
2019-10-03 02:16:17,695 [Thread-1309] INFO  server.AuthenticationFilter (AuthenticationFilter.java:constructSecretProvider(240)) - Unable to initialize FileSignerSecretProvider, falling back to use random secrets.
2019-10-03 02:16:17,696 [Thread-1309] WARN  http.HttpRequestLog (HttpRequestLog.java:getRequestLog(97)) - Jetty request log can only be enabled using Log4j
2019-10-03 02:16:17,698 [Thread-1309] INFO  http.HttpServer2 (HttpServer2.java:addGlobalFilter(975)) - Added global filter 'safety' (class=org.apache.hadoop.http.HttpServer2$QuotingInputFilter)
2019-10-03 02:16:17,699 [Thread-1309] INFO  http.HttpServer2 (HttpServer2.java:addFilter(948)) - Added filter static_user_filter (class=org.apache.hadoop.http.lib.StaticUserWebFilter$StaticUserFilter) to context hddsDatanode
2019-10-03 02:16:17,699 [Thread-1309] INFO  http.HttpServer2 (HttpServer2.java:addFilter(958)) - Added filter static_user_filter (class=org.apache.hadoop.http.lib.StaticUserWebFilter$StaticUserFilter) to context logs
2019-10-03 02:16:17,700 [Thread-1309] INFO  http.HttpServer2 (HttpServer2.java:addFilter(958)) - Added filter static_user_filter (class=org.apache.hadoop.http.lib.StaticUserWebFilter$StaticUserFilter) to context static
2019-10-03 02:16:17,700 [Thread-1309] INFO  http.HttpServer2 (HttpServer2.java:bindListener(1191)) - Jetty bound to port 45998
2019-10-03 02:16:17,701 [Thread-1309] INFO  server.Server (Server.java:doStart(351)) - jetty-9.3.25.v20180904, build timestamp: 2018-09-04T21:11:46Z, git hash: 3ce520221d0240229c862b122d2b06c12a625732
2019-10-03 02:16:17,703 [Thread-1309] INFO  handler.ContextHandler (ContextHandler.java:doStart(781)) - Started o.e.j.s.ServletContextHandler@41e302ef{/logs,file:///workdir/hadoop-ozone/ozonefs/target/log,AVAILABLE}
2019-10-03 02:16:17,704 [Thread-1309] INFO  handler.ContextHandler (ContextHandler.java:doStart(781)) - Started o.e.j.s.ServletContextHandler@378a87f5{/static,jar:file:/home/user/.m2/repository/org/apache/hadoop/hadoop-hdds-container-service/0.5.0-SNAPSHOT/hadoop-hdds-container-service-0.5.0-SNAPSHOT.jar!/webapps/static,AVAILABLE}
2019-10-03 02:16:17,746 [Thread-1309] INFO  handler.ContextHandler (ContextHandler.java:doStart(781)) - Started o.e.j.w.WebAppContext@44aa36c9{/,file:///tmp/jetty-0.0.0.0-45998-hddsDatanode-_-any-6691229551347717595.dir/webapp/,AVAILABLE}{/hddsDatanode}
2019-10-03 02:16:17,747 [Thread-1309] INFO  server.AbstractConnector (AbstractConnector.java:doStart(278)) - Started ServerConnector@2bffc9ce{HTTP/1.1,[http/1.1]}{0.0.0.0:45998}
2019-10-03 02:16:17,749 [Thread-1309] INFO  server.Server (Server.java:doStart(419)) - Started @109152ms
2019-10-03 02:16:17,749 [Thread-1309] WARN  impl.MetricsSystemImpl (MetricsSystemImpl.java:register(276)) - Sink prometheus already exists!
2019-10-03 02:16:17,750 [Thread-1309] INFO  server.BaseHttpServer (BaseHttpServer.java:updateConnectorAddress(215)) - HTTP server of HDDSDATANODE is listening at http://0.0.0.0:45998
2019-10-03 02:16:17,750 [Thread-1309] INFO  impl.MetricsSystemImpl (MetricsSystemImpl.java:init(158)) - HddsDatanode metrics system started (again)
2019-10-03 02:16:17,755 [org.apache.hadoop.util.JvmPauseMonitor$Monitor@156087a] INFO  util.JvmPauseMonitor (JvmPauseMonitor.java:run(188)) - Starting JVM pause monitor
2019-10-03 02:16:17,756 [Thread-1309] INFO  ozone.HddsDatanodeService (HddsDatanodeService.java:start(184)) - HddsDatanodeService host:pr-hdds-1737-89jld-2007629010 ip:192.168.164.205
2019-10-03 02:16:17,757 [Datanode State Machine Thread - 0] INFO  datanode.InitDatanodeState (InitDatanodeState.java:persistContainerDatanodeDetails(140)) - DatanodeDetails is persisted to /workdir/hadoop-ozone/ozonefs/target/test-dir/MiniOzoneClusterImpl-75afc97a-78a0-417c-b1fb-82bdf829096d/datanode-0/meta/datanode.id
2019-10-03 02:16:17,763 [Thread-1309] INFO  volume.HddsVolume (HddsVolume.java:<init>(176)) - Creating Volume: /workdir/hadoop-ozone/ozonefs/target/test-dir/MiniOzoneClusterImpl-75afc97a-78a0-417c-b1fb-82bdf829096d/datanode-1/data/containers/hdds of  storage type : DISK and capacity : 1482555576320
2019-10-03 02:16:17,763 [Thread-1309] INFO  volume.VolumeSet (VolumeSet.java:initializeVolumeSet(170)) - Added Volume : /workdir/hadoop-ozone/ozonefs/target/test-dir/MiniOzoneClusterImpl-75afc97a-78a0-417c-b1fb-82bdf829096d/datanode-1/data/containers/hdds to VolumeSet
2019-10-03 02:16:17,764 [Thread-1309] INFO  volume.ThrottledAsyncChecker (ThrottledAsyncChecker.java:schedule(139)) - Scheduling a check for org.apache.hadoop.ozone.container.common.volume.HddsVolume@26f18c5b
2019-10-03 02:16:17,764 [Thread-1309] INFO  volume.HddsVolumeChecker (HddsVolumeChecker.java:checkAllVolumes(202)) - Scheduled health check for volume org.apache.hadoop.ozone.container.common.volume.HddsVolume@26f18c5b
2019-10-03 02:16:17,791 [Thread-1309] INFO  impl.RaftServerProxy (ConfUtils.java:logGet(43)) - raft.rpc.type = GRPC (default)
2019-10-03 02:16:17,791 [Thread-1309] INFO  grpc.GrpcFactory (GrpcFactory.java:checkPooledByteBufAllocatorUseCacheForAllThreads(45)) - PERFORMANCE WARNING: useCacheForAllThreads is true that may cause Netty to create a lot garbage objects and, as a result, trigger GC.
	It is recommended to disable useCacheForAllThreads by setting -Dorg.apache.ratis.thirdparty.io.netty.allocator.useCacheForAllThreads=false in command line.
2019-10-03 02:16:17,792 [Thread-1309] INFO  grpc.GrpcConfigKeys$Server (ConfUtils.java:logGet(43)) - raft.grpc.server.port = 0 (default)
2019-10-03 02:16:17,792 [Thread-1309] INFO  server.GrpcService (ConfUtils.java:logGet(43)) - raft.grpc.message.size.max = 33570816 (custom)
2019-10-03 02:16:17,792 [Thread-1309] INFO  server.RaftServerConfigKeys (ConfUtils.java:logGet(43)) - raft.server.log.appender.buffer.byte-limit = 33554432 (custom)
2019-10-03 02:16:17,792 [Thread-1309] INFO  server.GrpcService (ConfUtils.java:logGet(43)) - raft.grpc.flow.control.window = 1MB (=1048576) (default)
2019-10-03 02:16:17,793 [Thread-1309] INFO  server.RaftServerConfigKeys (ConfUtils.java:logGet(43)) - raft.server.rpc.request.timeout = 3000ms (default)
2019-10-03 02:16:17,793 [Thread-1309] INFO  server.RaftServerConfigKeys (ConfUtils.java:logGet(43)) - raft.server.storage.dir = [/workdir/hadoop-ozone/ozonefs/target/test-dir/MiniOzoneClusterImpl-75afc97a-78a0-417c-b1fb-82bdf829096d/datanode-1/data/ratis] (custom)
2019-10-03 02:16:17,795 [Thread-1309] INFO  hdfs.DFSUtil (DFSUtil.java:httpServerTemplateForNNAndJN(1641)) - Starting Web-server for hddsDatanode at: http://0.0.0.0:0
2019-10-03 02:16:17,796 [Thread-1309] INFO  server.AuthenticationFilter (AuthenticationFilter.java:constructSecretProvider(240)) - Unable to initialize FileSignerSecretProvider, falling back to use random secrets.
2019-10-03 02:16:17,797 [Thread-1309] WARN  http.HttpRequestLog (HttpRequestLog.java:getRequestLog(97)) - Jetty request log can only be enabled using Log4j
2019-10-03 02:16:17,799 [Thread-1309] INFO  http.HttpServer2 (HttpServer2.java:addGlobalFilter(975)) - Added global filter 'safety' (class=org.apache.hadoop.http.HttpServer2$QuotingInputFilter)
2019-10-03 02:16:17,800 [Thread-1309] INFO  http.HttpServer2 (HttpServer2.java:addFilter(948)) - Added filter static_user_filter (class=org.apache.hadoop.http.lib.StaticUserWebFilter$StaticUserFilter) to context hddsDatanode
2019-10-03 02:16:17,800 [Thread-1309] INFO  http.HttpServer2 (HttpServer2.java:addFilter(958)) - Added filter static_user_filter (class=org.apache.hadoop.http.lib.StaticUserWebFilter$StaticUserFilter) to context static
2019-10-03 02:16:17,800 [Thread-1309] INFO  http.HttpServer2 (HttpServer2.java:addFilter(958)) - Added filter static_user_filter (class=org.apache.hadoop.http.lib.StaticUserWebFilter$StaticUserFilter) to context logs
2019-10-03 02:16:17,801 [Thread-1309] INFO  http.HttpServer2 (HttpServer2.java:bindListener(1191)) - Jetty bound to port 46201
2019-10-03 02:16:17,801 [Thread-1309] INFO  server.Server (Server.java:doStart(351)) - jetty-9.3.25.v20180904, build timestamp: 2018-09-04T21:11:46Z, git hash: 3ce520221d0240229c862b122d2b06c12a625732
2019-10-03 02:16:17,803 [Thread-1309] INFO  handler.ContextHandler (ContextHandler.java:doStart(781)) - Started o.e.j.s.ServletContextHandler@1c0bdd94{/logs,file:///workdir/hadoop-ozone/ozonefs/target/log,AVAILABLE}
2019-10-03 02:16:17,803 [Thread-1309] INFO  handler.ContextHandler (ContextHandler.java:doStart(781)) - Started o.e.j.s.ServletContextHandler@5d518929{/static,jar:file:/home/user/.m2/repository/org/apache/hadoop/hadoop-hdds-container-service/0.5.0-SNAPSHOT/hadoop-hdds-container-service-0.5.0-SNAPSHOT.jar!/webapps/static,AVAILABLE}
2019-10-03 02:16:17,837 [Thread-1309] INFO  handler.ContextHandler (ContextHandler.java:doStart(781)) - Started o.e.j.w.WebAppContext@35a30807{/,file:///tmp/jetty-0.0.0.0-46201-hddsDatanode-_-any-5492969848307966682.dir/webapp/,AVAILABLE}{/hddsDatanode}
2019-10-03 02:16:17,837 [Thread-1309] INFO  server.AbstractConnector (AbstractConnector.java:doStart(278)) - Started ServerConnector@393f97aa{HTTP/1.1,[http/1.1]}{0.0.0.0:46201}
2019-10-03 02:16:17,839 [Thread-1309] INFO  server.Server (Server.java:doStart(419)) - Started @109242ms
2019-10-03 02:16:17,839 [Thread-1309] WARN  impl.MetricsSystemImpl (MetricsSystemImpl.java:register(276)) - Sink prometheus already exists!
2019-10-03 02:16:17,840 [Thread-1309] INFO  server.BaseHttpServer (BaseHttpServer.java:updateConnectorAddress(215)) - HTTP server of HDDSDATANODE is listening at http://0.0.0.0:46201
2019-10-03 02:16:17,840 [Thread-1309] INFO  impl.MetricsSystemImpl (MetricsSystemImpl.java:init(158)) - HddsDatanode metrics system started (again)
2019-10-03 02:16:17,844 [org.apache.hadoop.util.JvmPauseMonitor$Monitor@25d290b3] INFO  util.JvmPauseMonitor (JvmPauseMonitor.java:run(188)) - Starting JVM pause monitor
2019-10-03 02:16:17,845 [Thread-1309] INFO  ozone.HddsDatanodeService (HddsDatanodeService.java:start(184)) - HddsDatanodeService host:pr-hdds-1737-89jld-2007629010 ip:192.168.164.205
2019-10-03 02:16:17,848 [Datanode State Machine Thread - 0] INFO  datanode.InitDatanodeState (InitDatanodeState.java:persistContainerDatanodeDetails(140)) - DatanodeDetails is persisted to /workdir/hadoop-ozone/ozonefs/target/test-dir/MiniOzoneClusterImpl-75afc97a-78a0-417c-b1fb-82bdf829096d/datanode-1/meta/datanode.id
2019-10-03 02:16:17,854 [Thread-1309] INFO  volume.HddsVolume (HddsVolume.java:<init>(176)) - Creating Volume: /workdir/hadoop-ozone/ozonefs/target/test-dir/MiniOzoneClusterImpl-75afc97a-78a0-417c-b1fb-82bdf829096d/datanode-2/data/containers/hdds of  storage type : DISK and capacity : 1482555576320
2019-10-03 02:16:17,854 [Thread-1309] INFO  volume.VolumeSet (VolumeSet.java:initializeVolumeSet(170)) - Added Volume : /workdir/hadoop-ozone/ozonefs/target/test-dir/MiniOzoneClusterImpl-75afc97a-78a0-417c-b1fb-82bdf829096d/datanode-2/data/containers/hdds to VolumeSet
2019-10-03 02:16:17,855 [Thread-1309] INFO  volume.ThrottledAsyncChecker (ThrottledAsyncChecker.java:schedule(139)) - Scheduling a check for org.apache.hadoop.ozone.container.common.volume.HddsVolume@28c187ad
2019-10-03 02:16:17,855 [Thread-1309] INFO  volume.HddsVolumeChecker (HddsVolumeChecker.java:checkAllVolumes(202)) - Scheduled health check for volume org.apache.hadoop.ozone.container.common.volume.HddsVolume@28c187ad
2019-10-03 02:16:17,881 [Thread-1309] INFO  impl.RaftServerProxy (ConfUtils.java:logGet(43)) - raft.rpc.type = GRPC (default)
2019-10-03 02:16:17,881 [Thread-1309] INFO  grpc.GrpcFactory (GrpcFactory.java:checkPooledByteBufAllocatorUseCacheForAllThreads(45)) - PERFORMANCE WARNING: useCacheForAllThreads is true that may cause Netty to create a lot garbage objects and, as a result, trigger GC.
	It is recommended to disable useCacheForAllThreads by setting -Dorg.apache.ratis.thirdparty.io.netty.allocator.useCacheForAllThreads=false in command line.
2019-10-03 02:16:17,881 [Thread-1309] INFO  grpc.GrpcConfigKeys$Server (ConfUtils.java:logGet(43)) - raft.grpc.server.port = 0 (default)
2019-10-03 02:16:17,882 [Thread-1309] INFO  server.GrpcService (ConfUtils.java:logGet(43)) - raft.grpc.message.size.max = 33570816 (custom)
2019-10-03 02:16:17,882 [Thread-1309] INFO  server.RaftServerConfigKeys (ConfUtils.java:logGet(43)) - raft.server.log.appender.buffer.byte-limit = 33554432 (custom)
2019-10-03 02:16:17,882 [Thread-1309] INFO  server.GrpcService (ConfUtils.java:logGet(43)) - raft.grpc.flow.control.window = 1MB (=1048576) (default)
2019-10-03 02:16:17,882 [Thread-1309] INFO  server.RaftServerConfigKeys (ConfUtils.java:logGet(43)) - raft.server.rpc.request.timeout = 3000ms (default)
2019-10-03 02:16:17,883 [Thread-1309] INFO  server.RaftServerConfigKeys (ConfUtils.java:logGet(43)) - raft.server.storage.dir = [/workdir/hadoop-ozone/ozonefs/target/test-dir/MiniOzoneClusterImpl-75afc97a-78a0-417c-b1fb-82bdf829096d/datanode-2/data/ratis] (custom)
2019-10-03 02:16:17,884 [Thread-1309] INFO  hdfs.DFSUtil (DFSUtil.java:httpServerTemplateForNNAndJN(1641)) - Starting Web-server for hddsDatanode at: http://0.0.0.0:0
2019-10-03 02:16:17,886 [Thread-1309] INFO  server.AuthenticationFilter (AuthenticationFilter.java:constructSecretProvider(240)) - Unable to initialize FileSignerSecretProvider, falling back to use random secrets.
2019-10-03 02:16:17,886 [Thread-1309] WARN  http.HttpRequestLog (HttpRequestLog.java:getRequestLog(97)) - Jetty request log can only be enabled using Log4j
2019-10-03 02:16:17,888 [Thread-1309] INFO  http.HttpServer2 (HttpServer2.java:addGlobalFilter(975)) - Added global filter 'safety' (class=org.apache.hadoop.http.HttpServer2$QuotingInputFilter)
2019-10-03 02:16:17,889 [Thread-1309] INFO  http.HttpServer2 (HttpServer2.java:addFilter(948)) - Added filter static_user_filter (class=org.apache.hadoop.http.lib.StaticUserWebFilter$StaticUserFilter) to context hddsDatanode
2019-10-03 02:16:17,889 [Thread-1309] INFO  http.HttpServer2 (HttpServer2.java:addFilter(958)) - Added filter static_user_filter (class=org.apache.hadoop.http.lib.StaticUserWebFilter$StaticUserFilter) to context static
2019-10-03 02:16:17,889 [Thread-1309] INFO  http.HttpServer2 (HttpServer2.java:addFilter(958)) - Added filter static_user_filter (class=org.apache.hadoop.http.lib.StaticUserWebFilter$StaticUserFilter) to context logs
2019-10-03 02:16:17,890 [Thread-1309] INFO  http.HttpServer2 (HttpServer2.java:bindListener(1191)) - Jetty bound to port 44783
2019-10-03 02:16:17,890 [Thread-1309] INFO  server.Server (Server.java:doStart(351)) - jetty-9.3.25.v20180904, build timestamp: 2018-09-04T21:11:46Z, git hash: 3ce520221d0240229c862b122d2b06c12a625732
2019-10-03 02:16:17,892 [Thread-1309] INFO  handler.ContextHandler (ContextHandler.java:doStart(781)) - Started o.e.j.s.ServletContextHandler@75607087{/logs,file:///workdir/hadoop-ozone/ozonefs/target/log,AVAILABLE}
2019-10-03 02:16:17,893 [Thread-1309] INFO  handler.ContextHandler (ContextHandler.java:doStart(781)) - Started o.e.j.s.ServletContextHandler@23230882{/static,jar:file:/home/user/.m2/repository/org/apache/hadoop/hadoop-hdds-container-service/0.5.0-SNAPSHOT/hadoop-hdds-container-service-0.5.0-SNAPSHOT.jar!/webapps/static,AVAILABLE}
2019-10-03 02:16:17,924 [Thread-1309] INFO  handler.ContextHandler (ContextHandler.java:doStart(781)) - Started o.e.j.w.WebAppContext@66dbf512{/,file:///tmp/jetty-0.0.0.0-44783-hddsDatanode-_-any-8802756529461128720.dir/webapp/,AVAILABLE}{/hddsDatanode}
2019-10-03 02:16:17,925 [Thread-1309] INFO  server.AbstractConnector (AbstractConnector.java:doStart(278)) - Started ServerConnector@503915c5{HTTP/1.1,[http/1.1]}{0.0.0.0:44783}
2019-10-03 02:16:17,927 [Thread-1309] INFO  server.Server (Server.java:doStart(419)) - Started @109330ms
2019-10-03 02:16:17,927 [Thread-1309] WARN  impl.MetricsSystemImpl (MetricsSystemImpl.java:register(276)) - Sink prometheus already exists!
2019-10-03 02:16:17,928 [Thread-1309] INFO  server.BaseHttpServer (BaseHttpServer.java:updateConnectorAddress(215)) - HTTP server of HDDSDATANODE is listening at http://0.0.0.0:44783
2019-10-03 02:16:17,928 [Thread-1309] INFO  ozone.MiniOzoneClusterImpl (MiniOzoneClusterImpl.java:lambda$waitForClusterToBeReady$0(147)) - Waiting for cluster to be ready. Got 0 of 3 DN Heartbeats.
2019-10-03 02:16:17,929 [org.apache.hadoop.util.JvmPauseMonitor$Monitor@1af23dca] INFO  util.JvmPauseMonitor (JvmPauseMonitor.java:run(188)) - Starting JVM pause monitor
2019-10-03 02:16:17,931 [Datanode State Machine Thread - 0] INFO  datanode.InitDatanodeState (InitDatanodeState.java:persistContainerDatanodeDetails(140)) - DatanodeDetails is persisted to /workdir/hadoop-ozone/ozonefs/target/test-dir/MiniOzoneClusterImpl-75afc97a-78a0-417c-b1fb-82bdf829096d/datanode-2/meta/datanode.id
2019-10-03 02:16:18,928 [Thread-1309] INFO  ozone.MiniOzoneClusterImpl (MiniOzoneClusterImpl.java:lambda$waitForClusterToBeReady$0(147)) - Waiting for cluster to be ready. Got 0 of 3 DN Heartbeats.
2019-10-03 02:16:19,776 [Datanode State Machine Thread - 0] INFO  ozoneimpl.OzoneContainer (OzoneContainer.java:start(217)) - Attempting to start container services.
2019-10-03 02:16:19,776 [Datanode State Machine Thread - 0] INFO  ozoneimpl.OzoneContainer (OzoneContainer.java:startContainerScrub(179)) - Background container scanner has been disabled.
2019-10-03 02:16:19,776 [Datanode State Machine Thread - 0] INFO  ratis.XceiverServerRatis (XceiverServerRatis.java:start(417)) - Starting XceiverServerRatis 324ef8a6-4703-4492-af92-2f252eab6a12 at port 0
2019-10-03 02:16:19,784 [Datanode State Machine Thread - 0] INFO  impl.RaftServerProxy (RaftServerProxy.java:lambda$start$3(299)) - 324ef8a6-4703-4492-af92-2f252eab6a12: start RPC server
2019-10-03 02:16:19,788 [Datanode State Machine Thread - 0] INFO  server.GrpcService (GrpcService.java:startImpl(158)) - 324ef8a6-4703-4492-af92-2f252eab6a12: GrpcService started, listening on 0.0.0.0/0.0.0.0:40225
2019-10-03 02:16:19,788 [Datanode State Machine Thread - 0] INFO  ratis.XceiverServerRatis (XceiverServerRatis.java:start(427)) - XceiverServerRatis 324ef8a6-4703-4492-af92-2f252eab6a12 is started using port 40225
2019-10-03 02:16:19,798 [Datanode State Machine Thread - 0] INFO  server.XceiverServerGrpc (XceiverServerGrpc.java:start(149)) - XceiverServerGrpc 324ef8a6-4703-4492-af92-2f252eab6a12 is started using port 37702
2019-10-03 02:16:19,859 [Datanode State Machine Thread - 0] INFO  ozoneimpl.OzoneContainer (OzoneContainer.java:start(217)) - Attempting to start container services.
2019-10-03 02:16:19,860 [Datanode State Machine Thread - 0] INFO  ozoneimpl.OzoneContainer (OzoneContainer.java:startContainerScrub(179)) - Background container scanner has been disabled.
2019-10-03 02:16:19,860 [Datanode State Machine Thread - 0] INFO  ratis.XceiverServerRatis (XceiverServerRatis.java:start(417)) - Starting XceiverServerRatis 157f8f22-adb5-42aa-b730-909d1f9802f3 at port 0
2019-10-03 02:16:19,866 [Datanode State Machine Thread - 0] INFO  impl.RaftServerProxy (RaftServerProxy.java:lambda$start$3(299)) - 157f8f22-adb5-42aa-b730-909d1f9802f3: start RPC server
2019-10-03 02:16:19,867 [Datanode State Machine Thread - 0] INFO  server.GrpcService (GrpcService.java:startImpl(158)) - 157f8f22-adb5-42aa-b730-909d1f9802f3: GrpcService started, listening on 0.0.0.0/0.0.0.0:43136
2019-10-03 02:16:19,867 [Datanode State Machine Thread - 0] INFO  ratis.XceiverServerRatis (XceiverServerRatis.java:start(427)) - XceiverServerRatis 157f8f22-adb5-42aa-b730-909d1f9802f3 is started using port 43136
2019-10-03 02:16:19,867 [Datanode State Machine Thread - 0] INFO  server.XceiverServerGrpc (XceiverServerGrpc.java:start(149)) - XceiverServerGrpc 157f8f22-adb5-42aa-b730-909d1f9802f3 is started using port 42633
2019-10-03 02:16:19,929 [Thread-1309] INFO  ozone.MiniOzoneClusterImpl (MiniOzoneClusterImpl.java:lambda$waitForClusterToBeReady$0(147)) - Waiting for cluster to be ready. Got 0 of 3 DN Heartbeats.
2019-10-03 02:16:19,946 [Datanode State Machine Thread - 0] INFO  ozoneimpl.OzoneContainer (OzoneContainer.java:start(217)) - Attempting to start container services.
2019-10-03 02:16:19,946 [Datanode State Machine Thread - 0] INFO  ozoneimpl.OzoneContainer (OzoneContainer.java:startContainerScrub(179)) - Background container scanner has been disabled.
2019-10-03 02:16:19,946 [Datanode State Machine Thread - 0] INFO  ratis.XceiverServerRatis (XceiverServerRatis.java:start(417)) - Starting XceiverServerRatis d1d5e9d1-2bb0-440e-a598-b6a4827a19e1 at port 0
2019-10-03 02:16:19,953 [Datanode State Machine Thread - 0] INFO  impl.RaftServerProxy (RaftServerProxy.java:lambda$start$3(299)) - d1d5e9d1-2bb0-440e-a598-b6a4827a19e1: start RPC server
2019-10-03 02:16:19,954 [Datanode State Machine Thread - 0] INFO  server.GrpcService (GrpcService.java:startImpl(158)) - d1d5e9d1-2bb0-440e-a598-b6a4827a19e1: GrpcService started, listening on 0.0.0.0/0.0.0.0:44014
2019-10-03 02:16:19,954 [Datanode State Machine Thread - 0] INFO  ratis.XceiverServerRatis (XceiverServerRatis.java:start(427)) - XceiverServerRatis d1d5e9d1-2bb0-440e-a598-b6a4827a19e1 is started using port 44014
2019-10-03 02:16:19,957 [Datanode State Machine Thread - 0] INFO  server.XceiverServerGrpc (XceiverServerGrpc.java:start(149)) - XceiverServerGrpc d1d5e9d1-2bb0-440e-a598-b6a4827a19e1 is started using port 43367
2019-10-03 02:16:20,929 [Thread-1309] INFO  ozone.MiniOzoneClusterImpl (MiniOzoneClusterImpl.java:lambda$waitForClusterToBeReady$0(147)) - Waiting for cluster to be ready. Got 0 of 3 DN Heartbeats.
2019-10-03 02:16:21,759 [IPC Server handler 0 on 36275] INFO  net.NetworkTopology (NetworkTopologyImpl.java:add(111)) - Added a new node: /default-rack/324ef8a6-4703-4492-af92-2f252eab6a12
2019-10-03 02:16:21,762 [IPC Server handler 0 on 36275] INFO  node.SCMNodeManager (SCMNodeManager.java:register(266)) - Registered Data node : 324ef8a6-4703-4492-af92-2f252eab6a12{ip: 192.168.164.205, host: pr-hdds-1737-89jld-2007629010, networkLocation: /default-rack, certSerialId: null}
2019-10-03 02:16:21,763 [EventQueue-NodeRegistrationContainerReportForDataNodeSafeModeRule] INFO  safemode.SCMSafeModeManager (DataNodeSafeModeRule.java:process(71)) - SCM in safe mode. 1 DataNodes registered, 1 required.
2019-10-03 02:16:21,765 [EventQueue-NodeRegistrationContainerReportForDataNodeSafeModeRule] INFO  safemode.SCMSafeModeManager (SCMSafeModeManager.java:validateSafeModeExitRules(177)) - ScmSafeModeManager, all rules are successfully validated
2019-10-03 02:16:21,765 [EventQueue-NodeRegistrationContainerReportForDataNodeSafeModeRule] INFO  safemode.SCMSafeModeManager (SCMSafeModeManager.java:exitSafeMode(193)) - SCM exiting safe mode.
2019-10-03 02:16:21,780 [grpc-default-executor-0] INFO  impl.RaftServerProxy (RaftServerProxy.java:addNew(89)) - 324ef8a6-4703-4492-af92-2f252eab6a12: addNew group-CED11B7F84EE:[324ef8a6-4703-4492-af92-2f252eab6a12:192.168.164.205:40225] returns group-CED11B7F84EE:java.util.concurrent.CompletableFuture@af5ab8a[Not completed]
2019-10-03 02:16:21,782 [pool-327-thread-1] INFO  impl.RaftServerImpl (RaftServerImpl.java:<init>(95)) - 324ef8a6-4703-4492-af92-2f252eab6a12: new RaftServerImpl for group-CED11B7F84EE:[324ef8a6-4703-4492-af92-2f252eab6a12:192.168.164.205:40225] with ContainerStateMachine:uninitialized
2019-10-03 02:16:21,782 [pool-327-thread-1] INFO  server.RaftServerConfigKeys (ConfUtils.java:logGet(43)) - raft.server.rpc.timeout.min = 5s (custom)
2019-10-03 02:16:21,782 [pool-327-thread-1] INFO  server.RaftServerConfigKeys (ConfUtils.java:logGet(43)) - raft.server.rpc.timeout.max = 5200ms (custom)
2019-10-03 02:16:21,782 [pool-327-thread-1] INFO  server.RaftServerConfigKeys (ConfUtils.java:logGet(43)) - raft.server.rpcslowness.timeout = 120s (custom)
2019-10-03 02:16:21,782 [pool-327-thread-1] INFO  server.RaftServerConfigKeys (ConfUtils.java:logGet(43)) - raft.server.sleep.deviation.threshold = 300 (default)
2019-10-03 02:16:21,782 [pool-327-thread-1] INFO  server.RaftServerConfigKeys (ConfUtils.java:logGet(43)) - raft.server.log.appender.install.snapshot.enabled = false (custom)
2019-10-03 02:16:21,783 [pool-327-thread-1] INFO  impl.RaftServerImpl (ServerState.java:<init>(103)) - 324ef8a6-4703-4492-af92-2f252eab6a12@group-CED11B7F84EE: ConfigurationManager, init=-1: [324ef8a6-4703-4492-af92-2f252eab6a12:192.168.164.205:40225], old=null, confs=<EMPTY_MAP>
2019-10-03 02:16:21,783 [pool-327-thread-1] INFO  server.RaftServerConfigKeys (ConfUtils.java:logGet(43)) - raft.server.storage.dir = [/workdir/hadoop-ozone/ozonefs/target/test-dir/MiniOzoneClusterImpl-75afc97a-78a0-417c-b1fb-82bdf829096d/datanode-0/data/ratis] (custom)
2019-10-03 02:16:21,783 [pool-327-thread-1] INFO  server.RaftServerConfigKeys (ConfUtils.java:logGet(43)) - raft.server.log.corruption.policy = EXCEPTION (default)
2019-10-03 02:16:21,783 [pool-327-thread-1] INFO  storage.RaftStorageDirectory (RaftStorageDirectory.java:analyzeStorage(246)) - The storage directory /workdir/hadoop-ozone/ozonefs/target/test-dir/MiniOzoneClusterImpl-75afc97a-78a0-417c-b1fb-82bdf829096d/datanode-0/data/ratis/1ecee805-6690-4b4d-8de4-ced11b7f84ee does not exist. Creating ...
2019-10-03 02:16:21,809 [pool-327-thread-1] INFO  storage.RaftStorageDirectory (RaftStorageDirectory.java:tryLock(328)) - Lock on /workdir/hadoop-ozone/ozonefs/target/test-dir/MiniOzoneClusterImpl-75afc97a-78a0-417c-b1fb-82bdf829096d/datanode-0/data/ratis/1ecee805-6690-4b4d-8de4-ced11b7f84ee/in_use.lock acquired by nodename 8307@pr-hdds-1737-89jld-2007629010
2019-10-03 02:16:21,822 [pool-327-thread-1] INFO  storage.RaftStorage (RaftStorage.java:format(84)) - Storage directory /workdir/hadoop-ozone/ozonefs/target/test-dir/MiniOzoneClusterImpl-75afc97a-78a0-417c-b1fb-82bdf829096d/datanode-0/data/ratis/1ecee805-6690-4b4d-8de4-ced11b7f84ee has been successfully formatted.
2019-10-03 02:16:21,822 [pool-327-thread-1] INFO  ratis.ContainerStateMachine (ContainerStateMachine.java:loadSnapshot(230)) - group-CED11B7F84EE: The snapshot info is null. Setting the last applied indexto:(t:0, i:~)
2019-10-03 02:16:21,822 [pool-327-thread-1] INFO  server.RaftServerConfigKeys (ConfUtils.java:logGet(43)) - raft.server.notification.no-leader.timeout = 120s (custom)
2019-10-03 02:16:21,823 [pool-327-thread-1] INFO  server.RaftServerConfigKeys (ConfUtils.java:logGet(43)) - raft.server.log.use.memory = false (default)
2019-10-03 02:16:21,823 [pool-327-thread-1] INFO  server.RaftServerConfigKeys (ConfUtils.java:logGet(43)) - raft.server.log.purge.gap = 1000000 (custom)
2019-10-03 02:16:21,823 [pool-327-thread-1] INFO  server.RaftServerConfigKeys (ConfUtils.java:logGet(43)) - raft.server.log.appender.buffer.byte-limit = 33554432 (custom)
2019-10-03 02:16:21,823 [pool-327-thread-1] INFO  server.RaftServerConfigKeys (ConfUtils.java:logGet(43)) - raft.server.log.segment.size.max = 1048576 (custom)
2019-10-03 02:16:21,825 [pool-327-thread-1] INFO  server.RaftServerConfigKeys (ConfUtils.java:logGet(43)) - raft.server.log.segment.cache.num.max = 2 (custom)
2019-10-03 02:16:21,826 [pool-327-thread-1] INFO  segmented.SegmentedRaftLogWorker (SegmentedRaftLogWorker.java:<init>(173)) - new 324ef8a6-4703-4492-af92-2f252eab6a12@group-CED11B7F84EE-SegmentedRaftLogWorker for RaftStorage:Storage Directory /workdir/hadoop-ozone/ozonefs/target/test-dir/MiniOzoneClusterImpl-75afc97a-78a0-417c-b1fb-82bdf829096d/datanode-0/data/ratis/1ecee805-6690-4b4d-8de4-ced11b7f84ee
2019-10-03 02:16:21,826 [pool-327-thread-1] INFO  server.RaftServerConfigKeys (ConfUtils.java:logGet(43)) - raft.server.log.queue.byte-limit = 2147483647 (custom)
2019-10-03 02:16:21,826 [pool-327-thread-1] INFO  server.RaftServerConfigKeys (ConfUtils.java:logGet(43)) - raft.server.log.queue.element-limit = 1024 (custom)
2019-10-03 02:16:21,826 [pool-327-thread-1] INFO  server.RaftServerConfigKeys (ConfUtils.java:logGet(43)) - raft.server.log.segment.size.max = 1048576 (custom)
2019-10-03 02:16:21,826 [pool-327-thread-1] INFO  server.RaftServerConfigKeys (ConfUtils.java:logGet(43)) - raft.server.log.preallocated.size = 16384 (custom)
2019-10-03 02:16:21,827 [pool-327-thread-1] INFO  server.RaftServerConfigKeys (ConfUtils.java:logGet(43)) - raft.server.log.write.buffer.size = 33554432 (custom)
2019-10-03 02:16:21,827 [pool-327-thread-1] INFO  server.RaftServerConfigKeys (ConfUtils.java:logGet(43)) - raft.server.log.force.sync.num = 128 (default)
2019-10-03 02:16:21,827 [pool-327-thread-1] INFO  server.RaftServerConfigKeys (ConfUtils.java:logGet(43)) - raft.server.log.statemachine.data.sync = true (default)
2019-10-03 02:16:21,827 [pool-327-thread-1] INFO  server.RaftServerConfigKeys (ConfUtils.java:logGet(43)) - raft.server.log.statemachine.data.sync.timeout = 10s (default)
2019-10-03 02:16:21,827 [pool-327-thread-1] INFO  server.RaftServerConfigKeys (ConfUtils.java:logGet(43)) - raft.server.log.statemachine.data.sync.timeout.retry = -1 (default)
2019-10-03 02:16:21,828 [pool-327-thread-1] INFO  server.RaftServerConfigKeys (ConfUtils.java:logGet(43)) - raft.server.log.statemachine.data.caching.enabled = true (custom)
2019-10-03 02:16:21,828 [pool-327-thread-1] INFO  segmented.SegmentedRaftLogWorker (SegmentedRaftLogWorker.java:lambda$new$0(128)) - 324ef8a6-4703-4492-af92-2f252eab6a12@group-CED11B7F84EE-SegmentedRaftLogWorker: flushIndex: setUnconditionally 0 -> -1
2019-10-03 02:16:21,829 [pool-327-thread-1] INFO  server.RaftServerConfigKeys (ConfUtils.java:logGet(43)) - raft.server.snapshot.auto.trigger.enabled = true (custom)
2019-10-03 02:16:21,829 [pool-327-thread-1] INFO  server.RaftServerConfigKeys (ConfUtils.java:logGet(43)) - raft.server.snapshot.auto.trigger.threshold = 10000 (custom)
2019-10-03 02:16:21,829 [pool-327-thread-1] INFO  server.RaftServerConfigKeys (ConfUtils.java:logGet(43)) - raft.server.snapshot.retention.file.num = 5 (custom)
2019-10-03 02:16:21,829 [pool-327-thread-1] INFO  server.RaftServerConfigKeys (ConfUtils.java:logGet(43)) - raft.server.retrycache.expirytime = 600000ms (custom)
2019-10-03 02:16:21,831 [pool-327-thread-1] INFO  impl.RaftServerImpl (RaftServerImpl.java:start(181)) - 324ef8a6-4703-4492-af92-2f252eab6a12@group-CED11B7F84EE: start as a follower, conf=-1: [324ef8a6-4703-4492-af92-2f252eab6a12:192.168.164.205:40225], old=null
2019-10-03 02:16:21,831 [pool-327-thread-1] INFO  impl.RaftServerImpl (RaftServerImpl.java:setRole(170)) - 324ef8a6-4703-4492-af92-2f252eab6a12@group-CED11B7F84EE: changes role from      null to FOLLOWER at term 0 for startAsFollower
2019-10-03 02:16:21,832 [pool-327-thread-1] INFO  impl.RoleInfo (RoleInfo.java:updateAndGet(143)) - 324ef8a6-4703-4492-af92-2f252eab6a12: start FollowerState
2019-10-03 02:16:21,832 [pool-327-thread-1] INFO  util.JmxRegister (JmxRegister.java:tryRegister(44)) - Successfully registered JMX Bean with object name Ratis:service=RaftServer,group=group-CED11B7F84EE,id=324ef8a6-4703-4492-af92-2f252eab6a12
2019-10-03 02:16:21,841 [RatisPipelineUtilsThread] INFO  pipeline.PipelineStateManager (PipelineStateManager.java:addPipeline(56)) - Created pipeline Pipeline[ Id: 1ecee805-6690-4b4d-8de4-ced11b7f84ee, Nodes: 324ef8a6-4703-4492-af92-2f252eab6a12{ip: 192.168.164.205, host: pr-hdds-1737-89jld-2007629010, networkLocation: /default-rack, certSerialId: null}, Type:RATIS, Factor:ONE, State:OPEN]
2019-10-03 02:16:21,846 [IPC Server handler 1 on 36275] INFO  net.NetworkTopology (NetworkTopologyImpl.java:add(111)) - Added a new node: /default-rack/157f8f22-adb5-42aa-b730-909d1f9802f3
2019-10-03 02:16:21,846 [IPC Server handler 1 on 36275] INFO  node.SCMNodeManager (SCMNodeManager.java:register(266)) - Registered Data node : 157f8f22-adb5-42aa-b730-909d1f9802f3{ip: 192.168.164.205, host: pr-hdds-1737-89jld-2007629010, networkLocation: /default-rack, certSerialId: null}
2019-10-03 02:16:21,868 [grpc-default-executor-0] INFO  impl.RaftServerProxy (RaftServerProxy.java:addNew(89)) - 157f8f22-adb5-42aa-b730-909d1f9802f3: addNew group-4032D9ACD354:[157f8f22-adb5-42aa-b730-909d1f9802f3:192.168.164.205:43136] returns group-4032D9ACD354:java.util.concurrent.CompletableFuture@4dd40f0e[Not completed]
2019-10-03 02:16:21,869 [pool-337-thread-1] INFO  impl.RaftServerImpl (RaftServerImpl.java:<init>(95)) - 157f8f22-adb5-42aa-b730-909d1f9802f3: new RaftServerImpl for group-4032D9ACD354:[157f8f22-adb5-42aa-b730-909d1f9802f3:192.168.164.205:43136] with ContainerStateMachine:uninitialized
2019-10-03 02:16:21,870 [pool-337-thread-1] INFO  server.RaftServerConfigKeys (ConfUtils.java:logGet(43)) - raft.server.rpc.timeout.min = 5s (custom)
2019-10-03 02:16:21,870 [pool-337-thread-1] INFO  server.RaftServerConfigKeys (ConfUtils.java:logGet(43)) - raft.server.rpc.timeout.max = 5200ms (custom)
2019-10-03 02:16:21,870 [pool-337-thread-1] INFO  server.RaftServerConfigKeys (ConfUtils.java:logGet(43)) - raft.server.rpcslowness.timeout = 120s (custom)
2019-10-03 02:16:21,870 [pool-337-thread-1] INFO  server.RaftServerConfigKeys (ConfUtils.java:logGet(43)) - raft.server.sleep.deviation.threshold = 300 (default)
2019-10-03 02:16:21,870 [pool-337-thread-1] INFO  server.RaftServerConfigKeys (ConfUtils.java:logGet(43)) - raft.server.log.appender.install.snapshot.enabled = false (custom)
2019-10-03 02:16:21,870 [pool-337-thread-1] INFO  impl.RaftServerImpl (ServerState.java:<init>(103)) - 157f8f22-adb5-42aa-b730-909d1f9802f3@group-4032D9ACD354: ConfigurationManager, init=-1: [157f8f22-adb5-42aa-b730-909d1f9802f3:192.168.164.205:43136], old=null, confs=<EMPTY_MAP>
2019-10-03 02:16:21,871 [pool-337-thread-1] INFO  server.RaftServerConfigKeys (ConfUtils.java:logGet(43)) - raft.server.storage.dir = [/workdir/hadoop-ozone/ozonefs/target/test-dir/MiniOzoneClusterImpl-75afc97a-78a0-417c-b1fb-82bdf829096d/datanode-1/data/ratis] (custom)
2019-10-03 02:16:21,871 [pool-337-thread-1] INFO  server.RaftServerConfigKeys (ConfUtils.java:logGet(43)) - raft.server.log.corruption.policy = EXCEPTION (default)
2019-10-03 02:16:21,871 [pool-337-thread-1] INFO  storage.RaftStorageDirectory (RaftStorageDirectory.java:analyzeStorage(246)) - The storage directory /workdir/hadoop-ozone/ozonefs/target/test-dir/MiniOzoneClusterImpl-75afc97a-78a0-417c-b1fb-82bdf829096d/datanode-1/data/ratis/8504580f-74c0-4475-a127-4032d9acd354 does not exist. Creating ...
2019-10-03 02:16:21,895 [pool-337-thread-1] INFO  storage.RaftStorageDirectory (RaftStorageDirectory.java:tryLock(328)) - Lock on /workdir/hadoop-ozone/ozonefs/target/test-dir/MiniOzoneClusterImpl-75afc97a-78a0-417c-b1fb-82bdf829096d/datanode-1/data/ratis/8504580f-74c0-4475-a127-4032d9acd354/in_use.lock acquired by nodename 8307@pr-hdds-1737-89jld-2007629010
2019-10-03 02:16:21,907 [pool-337-thread-1] INFO  storage.RaftStorage (RaftStorage.java:format(84)) - Storage directory /workdir/hadoop-ozone/ozonefs/target/test-dir/MiniOzoneClusterImpl-75afc97a-78a0-417c-b1fb-82bdf829096d/datanode-1/data/ratis/8504580f-74c0-4475-a127-4032d9acd354 has been successfully formatted.
2019-10-03 02:16:21,908 [pool-337-thread-1] INFO  ratis.ContainerStateMachine (ContainerStateMachine.java:loadSnapshot(230)) - group-4032D9ACD354: The snapshot info is null. Setting the last applied indexto:(t:0, i:~)
2019-10-03 02:16:21,908 [pool-337-thread-1] INFO  server.RaftServerConfigKeys (ConfUtils.java:logGet(43)) - raft.server.notification.no-leader.timeout = 120s (custom)
2019-10-03 02:16:21,908 [pool-337-thread-1] INFO  server.RaftServerConfigKeys (ConfUtils.java:logGet(43)) - raft.server.log.use.memory = false (default)
2019-10-03 02:16:21,908 [pool-337-thread-1] INFO  server.RaftServerConfigKeys (ConfUtils.java:logGet(43)) - raft.server.log.purge.gap = 1000000 (custom)
2019-10-03 02:16:21,908 [pool-337-thread-1] INFO  server.RaftServerConfigKeys (ConfUtils.java:logGet(43)) - raft.server.log.appender.buffer.byte-limit = 33554432 (custom)
2019-10-03 02:16:21,908 [pool-337-thread-1] INFO  server.RaftServerConfigKeys (ConfUtils.java:logGet(43)) - raft.server.log.segment.size.max = 1048576 (custom)
2019-10-03 02:16:21,910 [pool-337-thread-1] INFO  server.RaftServerConfigKeys (ConfUtils.java:logGet(43)) - raft.server.log.segment.cache.num.max = 2 (custom)
2019-10-03 02:16:21,910 [pool-337-thread-1] INFO  segmented.SegmentedRaftLogWorker (SegmentedRaftLogWorker.java:<init>(173)) - new 157f8f22-adb5-42aa-b730-909d1f9802f3@group-4032D9ACD354-SegmentedRaftLogWorker for RaftStorage:Storage Directory /workdir/hadoop-ozone/ozonefs/target/test-dir/MiniOzoneClusterImpl-75afc97a-78a0-417c-b1fb-82bdf829096d/datanode-1/data/ratis/8504580f-74c0-4475-a127-4032d9acd354
2019-10-03 02:16:21,910 [pool-337-thread-1] INFO  server.RaftServerConfigKeys (ConfUtils.java:logGet(43)) - raft.server.log.queue.byte-limit = 2147483647 (custom)
2019-10-03 02:16:21,910 [pool-337-thread-1] INFO  server.RaftServerConfigKeys (ConfUtils.java:logGet(43)) - raft.server.log.queue.element-limit = 1024 (custom)
2019-10-03 02:16:21,911 [pool-337-thread-1] INFO  server.RaftServerConfigKeys (ConfUtils.java:logGet(43)) - raft.server.log.segment.size.max = 1048576 (custom)
2019-10-03 02:16:21,911 [pool-337-thread-1] INFO  server.RaftServerConfigKeys (ConfUtils.java:logGet(43)) - raft.server.log.preallocated.size = 16384 (custom)
2019-10-03 02:16:21,911 [pool-337-thread-1] INFO  server.RaftServerConfigKeys (ConfUtils.java:logGet(43)) - raft.server.log.write.buffer.size = 33554432 (custom)
2019-10-03 02:16:21,911 [pool-337-thread-1] INFO  server.RaftServerConfigKeys (ConfUtils.java:logGet(43)) - raft.server.log.force.sync.num = 128 (default)
2019-10-03 02:16:21,911 [pool-337-thread-1] INFO  server.RaftServerConfigKeys (ConfUtils.java:logGet(43)) - raft.server.log.statemachine.data.sync = true (default)
2019-10-03 02:16:21,911 [pool-337-thread-1] INFO  server.RaftServerConfigKeys (ConfUtils.java:logGet(43)) - raft.server.log.statemachine.data.sync.timeout = 10s (default)
2019-10-03 02:16:21,911 [pool-337-thread-1] INFO  server.RaftServerConfigKeys (ConfUtils.java:logGet(43)) - raft.server.log.statemachine.data.sync.timeout.retry = -1 (default)
2019-10-03 02:16:21,912 [pool-337-thread-1] INFO  server.RaftServerConfigKeys (ConfUtils.java:logGet(43)) - raft.server.log.statemachine.data.caching.enabled = true (custom)
2019-10-03 02:16:21,912 [pool-337-thread-1] INFO  segmented.SegmentedRaftLogWorker (SegmentedRaftLogWorker.java:lambda$new$0(128)) - 157f8f22-adb5-42aa-b730-909d1f9802f3@group-4032D9ACD354-SegmentedRaftLogWorker: flushIndex: setUnconditionally 0 -> -1
2019-10-03 02:16:21,912 [pool-337-thread-1] INFO  server.RaftServerConfigKeys (ConfUtils.java:logGet(43)) - raft.server.snapshot.auto.trigger.enabled = true (custom)
2019-10-03 02:16:21,912 [pool-337-thread-1] INFO  server.RaftServerConfigKeys (ConfUtils.java:logGet(43)) - raft.server.snapshot.auto.trigger.threshold = 10000 (custom)
2019-10-03 02:16:21,912 [pool-337-thread-1] INFO  server.RaftServerConfigKeys (ConfUtils.java:logGet(43)) - raft.server.snapshot.retention.file.num = 5 (custom)
2019-10-03 02:16:21,913 [pool-337-thread-1] INFO  server.RaftServerConfigKeys (ConfUtils.java:logGet(43)) - raft.server.retrycache.expirytime = 600000ms (custom)
2019-10-03 02:16:21,914 [pool-337-thread-1] INFO  impl.RaftServerImpl (RaftServerImpl.java:start(181)) - 157f8f22-adb5-42aa-b730-909d1f9802f3@group-4032D9ACD354: start as a follower, conf=-1: [157f8f22-adb5-42aa-b730-909d1f9802f3:192.168.164.205:43136], old=null
2019-10-03 02:16:21,914 [pool-337-thread-1] INFO  impl.RaftServerImpl (RaftServerImpl.java:setRole(170)) - 157f8f22-adb5-42aa-b730-909d1f9802f3@group-4032D9ACD354: changes role from      null to FOLLOWER at term 0 for startAsFollower
2019-10-03 02:16:21,914 [pool-337-thread-1] INFO  impl.RoleInfo (RoleInfo.java:updateAndGet(143)) - 157f8f22-adb5-42aa-b730-909d1f9802f3: start FollowerState
2019-10-03 02:16:21,915 [pool-337-thread-1] INFO  util.JmxRegister (JmxRegister.java:tryRegister(44)) - Successfully registered JMX Bean with object name Ratis:service=RaftServer,group=group-4032D9ACD354,id=157f8f22-adb5-42aa-b730-909d1f9802f3
2019-10-03 02:16:21,922 [RatisPipelineUtilsThread] INFO  pipeline.PipelineStateManager (PipelineStateManager.java:addPipeline(56)) - Created pipeline Pipeline[ Id: 8504580f-74c0-4475-a127-4032d9acd354, Nodes: 157f8f22-adb5-42aa-b730-909d1f9802f3{ip: 192.168.164.205, host: pr-hdds-1737-89jld-2007629010, networkLocation: /default-rack, certSerialId: null}, Type:RATIS, Factor:ONE, State:OPEN]
2019-10-03 02:16:21,930 [Thread-1309] INFO  ozone.MiniOzoneClusterImpl (MiniOzoneClusterImpl.java:lambda$waitForClusterToBeReady$0(147)) - Waiting for cluster to be ready. Got 2 of 3 DN Heartbeats.
2019-10-03 02:16:21,930 [IPC Server handler 2 on 36275] INFO  net.NetworkTopology (NetworkTopologyImpl.java:add(111)) - Added a new node: /default-rack/d1d5e9d1-2bb0-440e-a598-b6a4827a19e1
2019-10-03 02:16:21,930 [IPC Server handler 2 on 36275] INFO  node.SCMNodeManager (SCMNodeManager.java:register(266)) - Registered Data node : d1d5e9d1-2bb0-440e-a598-b6a4827a19e1{ip: 192.168.164.205, host: pr-hdds-1737-89jld-2007629010, networkLocation: /default-rack, certSerialId: null}
2019-10-03 02:16:21,940 [grpc-default-executor-0] INFO  impl.RaftServerProxy (RaftServerProxy.java:addNew(89)) - d1d5e9d1-2bb0-440e-a598-b6a4827a19e1: addNew group-FFC75D3D3757:[d1d5e9d1-2bb0-440e-a598-b6a4827a19e1:192.168.164.205:44014] returns group-FFC75D3D3757:java.util.concurrent.CompletableFuture@3b9104ce[Not completed]
2019-10-03 02:16:21,942 [pool-347-thread-1] INFO  impl.RaftServerImpl (RaftServerImpl.java:<init>(95)) - d1d5e9d1-2bb0-440e-a598-b6a4827a19e1: new RaftServerImpl for group-FFC75D3D3757:[d1d5e9d1-2bb0-440e-a598-b6a4827a19e1:192.168.164.205:44014] with ContainerStateMachine:uninitialized
2019-10-03 02:16:21,943 [pool-347-thread-1] INFO  server.RaftServerConfigKeys (ConfUtils.java:logGet(43)) - raft.server.rpc.timeout.min = 5s (custom)
2019-10-03 02:16:21,943 [pool-347-thread-1] INFO  server.RaftServerConfigKeys (ConfUtils.java:logGet(43)) - raft.server.rpc.timeout.max = 5200ms (custom)
2019-10-03 02:16:21,943 [pool-347-thread-1] INFO  server.RaftServerConfigKeys (ConfUtils.java:logGet(43)) - raft.server.rpcslowness.timeout = 120s (custom)
2019-10-03 02:16:21,943 [pool-347-thread-1] INFO  server.RaftServerConfigKeys (ConfUtils.java:logGet(43)) - raft.server.sleep.deviation.threshold = 300 (default)
2019-10-03 02:16:21,943 [pool-347-thread-1] INFO  server.RaftServerConfigKeys (ConfUtils.java:logGet(43)) - raft.server.log.appender.install.snapshot.enabled = false (custom)
2019-10-03 02:16:21,943 [pool-347-thread-1] INFO  impl.RaftServerImpl (ServerState.java:<init>(103)) - d1d5e9d1-2bb0-440e-a598-b6a4827a19e1@group-FFC75D3D3757: ConfigurationManager, init=-1: [d1d5e9d1-2bb0-440e-a598-b6a4827a19e1:192.168.164.205:44014], old=null, confs=<EMPTY_MAP>
2019-10-03 02:16:21,944 [pool-347-thread-1] INFO  server.RaftServerConfigKeys (ConfUtils.java:logGet(43)) - raft.server.storage.dir = [/workdir/hadoop-ozone/ozonefs/target/test-dir/MiniOzoneClusterImpl-75afc97a-78a0-417c-b1fb-82bdf829096d/datanode-2/data/ratis] (custom)
2019-10-03 02:16:21,944 [pool-347-thread-1] INFO  server.RaftServerConfigKeys (ConfUtils.java:logGet(43)) - raft.server.log.corruption.policy = EXCEPTION (default)
2019-10-03 02:16:21,944 [pool-347-thread-1] INFO  storage.RaftStorageDirectory (RaftStorageDirectory.java:analyzeStorage(246)) - The storage directory /workdir/hadoop-ozone/ozonefs/target/test-dir/MiniOzoneClusterImpl-75afc97a-78a0-417c-b1fb-82bdf829096d/datanode-2/data/ratis/41bf4905-77ba-4443-890a-ffc75d3d3757 does not exist. Creating ...
2019-10-03 02:16:21,957 [pool-347-thread-1] INFO  storage.RaftStorageDirectory (RaftStorageDirectory.java:tryLock(328)) - Lock on /workdir/hadoop-ozone/ozonefs/target/test-dir/MiniOzoneClusterImpl-75afc97a-78a0-417c-b1fb-82bdf829096d/datanode-2/data/ratis/41bf4905-77ba-4443-890a-ffc75d3d3757/in_use.lock acquired by nodename 8307@pr-hdds-1737-89jld-2007629010
2019-10-03 02:16:21,970 [pool-347-thread-1] INFO  storage.RaftStorage (RaftStorage.java:format(84)) - Storage directory /workdir/hadoop-ozone/ozonefs/target/test-dir/MiniOzoneClusterImpl-75afc97a-78a0-417c-b1fb-82bdf829096d/datanode-2/data/ratis/41bf4905-77ba-4443-890a-ffc75d3d3757 has been successfully formatted.
2019-10-03 02:16:21,971 [pool-347-thread-1] INFO  ratis.ContainerStateMachine (ContainerStateMachine.java:loadSnapshot(230)) - group-FFC75D3D3757: The snapshot info is null. Setting the last applied indexto:(t:0, i:~)
2019-10-03 02:16:21,971 [pool-347-thread-1] INFO  server.RaftServerConfigKeys (ConfUtils.java:logGet(43)) - raft.server.notification.no-leader.timeout = 120s (custom)
2019-10-03 02:16:21,971 [pool-347-thread-1] INFO  server.RaftServerConfigKeys (ConfUtils.java:logGet(43)) - raft.server.log.use.memory = false (default)
2019-10-03 02:16:21,971 [pool-347-thread-1] INFO  server.RaftServerConfigKeys (ConfUtils.java:logGet(43)) - raft.server.log.purge.gap = 1000000 (custom)
2019-10-03 02:16:21,971 [pool-347-thread-1] INFO  server.RaftServerConfigKeys (ConfUtils.java:logGet(43)) - raft.server.log.appender.buffer.byte-limit = 33554432 (custom)
2019-10-03 02:16:21,972 [pool-347-thread-1] INFO  server.RaftServerConfigKeys (ConfUtils.java:logGet(43)) - raft.server.log.segment.size.max = 1048576 (custom)
2019-10-03 02:16:21,975 [pool-347-thread-1] INFO  server.RaftServerConfigKeys (ConfUtils.java:logGet(43)) - raft.server.log.segment.cache.num.max = 2 (custom)
2019-10-03 02:16:21,975 [pool-347-thread-1] INFO  segmented.SegmentedRaftLogWorker (SegmentedRaftLogWorker.java:<init>(173)) - new d1d5e9d1-2bb0-440e-a598-b6a4827a19e1@group-FFC75D3D3757-SegmentedRaftLogWorker for RaftStorage:Storage Directory /workdir/hadoop-ozone/ozonefs/target/test-dir/MiniOzoneClusterImpl-75afc97a-78a0-417c-b1fb-82bdf829096d/datanode-2/data/ratis/41bf4905-77ba-4443-890a-ffc75d3d3757
2019-10-03 02:16:21,975 [pool-347-thread-1] INFO  server.RaftServerConfigKeys (ConfUtils.java:logGet(43)) - raft.server.log.queue.byte-limit = 2147483647 (custom)
2019-10-03 02:16:21,975 [pool-347-thread-1] INFO  server.RaftServerConfigKeys (ConfUtils.java:logGet(43)) - raft.server.log.queue.element-limit = 1024 (custom)
2019-10-03 02:16:21,975 [pool-347-thread-1] INFO  server.RaftServerConfigKeys (ConfUtils.java:logGet(43)) - raft.server.log.segment.size.max = 1048576 (custom)
2019-10-03 02:16:21,976 [pool-347-thread-1] INFO  server.RaftServerConfigKeys (ConfUtils.java:logGet(43)) - raft.server.log.preallocated.size = 16384 (custom)
2019-10-03 02:16:21,976 [pool-347-thread-1] INFO  server.RaftServerConfigKeys (ConfUtils.java:logGet(43)) - raft.server.log.write.buffer.size = 33554432 (custom)
2019-10-03 02:16:21,976 [pool-347-thread-1] INFO  server.RaftServerConfigKeys (ConfUtils.java:logGet(43)) - raft.server.log.force.sync.num = 128 (default)
2019-10-03 02:16:21,976 [pool-347-thread-1] INFO  server.RaftServerConfigKeys (ConfUtils.java:logGet(43)) - raft.server.log.statemachine.data.sync = true (default)
2019-10-03 02:16:21,976 [pool-347-thread-1] INFO  server.RaftServerConfigKeys (ConfUtils.java:logGet(43)) - raft.server.log.statemachine.data.sync.timeout = 10s (default)
2019-10-03 02:16:21,976 [pool-347-thread-1] INFO  server.RaftServerConfigKeys (ConfUtils.java:logGet(43)) - raft.server.log.statemachine.data.sync.timeout.retry = -1 (default)
2019-10-03 02:16:21,977 [pool-347-thread-1] INFO  server.RaftServerConfigKeys (ConfUtils.java:logGet(43)) - raft.server.log.statemachine.data.caching.enabled = true (custom)
2019-10-03 02:16:21,977 [pool-347-thread-1] INFO  segmented.SegmentedRaftLogWorker (SegmentedRaftLogWorker.java:lambda$new$0(128)) - d1d5e9d1-2bb0-440e-a598-b6a4827a19e1@group-FFC75D3D3757-SegmentedRaftLogWorker: flushIndex: setUnconditionally 0 -> -1
2019-10-03 02:16:21,978 [pool-347-thread-1] INFO  server.RaftServerConfigKeys (ConfUtils.java:logGet(43)) - raft.server.snapshot.auto.trigger.enabled = true (custom)
2019-10-03 02:16:21,978 [pool-347-thread-1] INFO  server.RaftServerConfigKeys (ConfUtils.java:logGet(43)) - raft.server.snapshot.auto.trigger.threshold = 10000 (custom)
2019-10-03 02:16:21,978 [pool-347-thread-1] INFO  server.RaftServerConfigKeys (ConfUtils.java:logGet(43)) - raft.server.snapshot.retention.file.num = 5 (custom)
2019-10-03 02:16:21,978 [pool-347-thread-1] INFO  server.RaftServerConfigKeys (ConfUtils.java:logGet(43)) - raft.server.retrycache.expirytime = 600000ms (custom)
2019-10-03 02:16:21,980 [pool-347-thread-1] INFO  impl.RaftServerImpl (RaftServerImpl.java:start(181)) - d1d5e9d1-2bb0-440e-a598-b6a4827a19e1@group-FFC75D3D3757: start as a follower, conf=-1: [d1d5e9d1-2bb0-440e-a598-b6a4827a19e1:192.168.164.205:44014], old=null
2019-10-03 02:16:21,981 [pool-347-thread-1] INFO  impl.RaftServerImpl (RaftServerImpl.java:setRole(170)) - d1d5e9d1-2bb0-440e-a598-b6a4827a19e1@group-FFC75D3D3757: changes role from      null to FOLLOWER at term 0 for startAsFollower
2019-10-03 02:16:21,981 [pool-347-thread-1] INFO  impl.RoleInfo (RoleInfo.java:updateAndGet(143)) - d1d5e9d1-2bb0-440e-a598-b6a4827a19e1: start FollowerState
2019-10-03 02:16:21,981 [pool-347-thread-1] INFO  util.JmxRegister (JmxRegister.java:tryRegister(44)) - Successfully registered JMX Bean with object name Ratis:service=RaftServer,group=group-FFC75D3D3757,id=d1d5e9d1-2bb0-440e-a598-b6a4827a19e1
2019-10-03 02:16:21,988 [RatisPipelineUtilsThread] INFO  pipeline.PipelineStateManager (PipelineStateManager.java:addPipeline(56)) - Created pipeline Pipeline[ Id: 41bf4905-77ba-4443-890a-ffc75d3d3757, Nodes: d1d5e9d1-2bb0-440e-a598-b6a4827a19e1{ip: 192.168.164.205, host: pr-hdds-1737-89jld-2007629010, networkLocation: /default-rack, certSerialId: null}, Type:RATIS, Factor:ONE, State:OPEN]
2019-10-03 02:16:22,009 [grpc-default-executor-2] INFO  impl.RaftServerProxy (RaftServerProxy.java:addNew(89)) - 324ef8a6-4703-4492-af92-2f252eab6a12: addNew group-87B3A98DB570:[324ef8a6-4703-4492-af92-2f252eab6a12:192.168.164.205:40225, d1d5e9d1-2bb0-440e-a598-b6a4827a19e1:192.168.164.205:44014, 157f8f22-adb5-42aa-b730-909d1f9802f3:192.168.164.205:43136] returns group-87B3A98DB570:java.util.concurrent.CompletableFuture@48cae8a4[Not completed]
2019-10-03 02:16:22,012 [grpc-default-executor-1] INFO  impl.RaftServerProxy (RaftServerProxy.java:addNew(89)) - d1d5e9d1-2bb0-440e-a598-b6a4827a19e1: addNew group-87B3A98DB570:[324ef8a6-4703-4492-af92-2f252eab6a12:192.168.164.205:40225, d1d5e9d1-2bb0-440e-a598-b6a4827a19e1:192.168.164.205:44014, 157f8f22-adb5-42aa-b730-909d1f9802f3:192.168.164.205:43136] returns group-87B3A98DB570:java.util.concurrent.CompletableFuture@7d74d4c9[Not completed]
2019-10-03 02:16:22,014 [grpc-default-executor-2] INFO  impl.RaftServerProxy (RaftServerProxy.java:addNew(89)) - 157f8f22-adb5-42aa-b730-909d1f9802f3: addNew group-87B3A98DB570:[324ef8a6-4703-4492-af92-2f252eab6a12:192.168.164.205:40225, d1d5e9d1-2bb0-440e-a598-b6a4827a19e1:192.168.164.205:44014, 157f8f22-adb5-42aa-b730-909d1f9802f3:192.168.164.205:43136] returns group-87B3A98DB570:java.util.concurrent.CompletableFuture@9f7e29f[Not completed]
2019-10-03 02:16:22,014 [pool-327-thread-1] INFO  impl.RaftServerImpl (RaftServerImpl.java:<init>(95)) - 324ef8a6-4703-4492-af92-2f252eab6a12: new RaftServerImpl for group-87B3A98DB570:[324ef8a6-4703-4492-af92-2f252eab6a12:192.168.164.205:40225, d1d5e9d1-2bb0-440e-a598-b6a4827a19e1:192.168.164.205:44014, 157f8f22-adb5-42aa-b730-909d1f9802f3:192.168.164.205:43136] with ContainerStateMachine:uninitialized
2019-10-03 02:16:22,014 [pool-327-thread-1] INFO  server.RaftServerConfigKeys (ConfUtils.java:logGet(43)) - raft.server.rpc.timeout.min = 5s (custom)
2019-10-03 02:16:22,014 [pool-327-thread-1] INFO  server.RaftServerConfigKeys (ConfUtils.java:logGet(43)) - raft.server.rpc.timeout.max = 5200ms (custom)
2019-10-03 02:16:22,015 [pool-327-thread-1] INFO  server.RaftServerConfigKeys (ConfUtils.java:logGet(43)) - raft.server.rpcslowness.timeout = 120s (custom)
2019-10-03 02:16:22,015 [pool-327-thread-1] INFO  server.RaftServerConfigKeys (ConfUtils.java:logGet(43)) - raft.server.sleep.deviation.threshold = 300 (default)
2019-10-03 02:16:22,015 [pool-327-thread-1] INFO  server.RaftServerConfigKeys (ConfUtils.java:logGet(43)) - raft.server.log.appender.install.snapshot.enabled = false (custom)
2019-10-03 02:16:22,015 [pool-327-thread-1] INFO  impl.RaftServerImpl (ServerState.java:<init>(103)) - 324ef8a6-4703-4492-af92-2f252eab6a12@group-87B3A98DB570: ConfigurationManager, init=-1: [324ef8a6-4703-4492-af92-2f252eab6a12:192.168.164.205:40225, d1d5e9d1-2bb0-440e-a598-b6a4827a19e1:192.168.164.205:44014, 157f8f22-adb5-42aa-b730-909d1f9802f3:192.168.164.205:43136], old=null, confs=<EMPTY_MAP>
2019-10-03 02:16:22,015 [pool-347-thread-1] INFO  impl.RaftServerImpl (RaftServerImpl.java:<init>(95)) - d1d5e9d1-2bb0-440e-a598-b6a4827a19e1: new RaftServerImpl for group-87B3A98DB570:[324ef8a6-4703-4492-af92-2f252eab6a12:192.168.164.205:40225, d1d5e9d1-2bb0-440e-a598-b6a4827a19e1:192.168.164.205:44014, 157f8f22-adb5-42aa-b730-909d1f9802f3:192.168.164.205:43136] with ContainerStateMachine:uninitialized
2019-10-03 02:16:22,015 [pool-327-thread-1] INFO  server.RaftServerConfigKeys (ConfUtils.java:logGet(43)) - raft.server.storage.dir = [/workdir/hadoop-ozone/ozonefs/target/test-dir/MiniOzoneClusterImpl-75afc97a-78a0-417c-b1fb-82bdf829096d/datanode-0/data/ratis] (custom)
2019-10-03 02:16:22,015 [pool-347-thread-1] INFO  server.RaftServerConfigKeys (ConfUtils.java:logGet(43)) - raft.server.rpc.timeout.min = 5s (custom)
2019-10-03 02:16:22,016 [pool-347-thread-1] INFO  server.RaftServerConfigKeys (ConfUtils.java:logGet(43)) - raft.server.rpc.timeout.max = 5200ms (custom)
2019-10-03 02:16:22,016 [pool-327-thread-1] INFO  server.RaftServerConfigKeys (ConfUtils.java:logGet(43)) - raft.server.log.corruption.policy = EXCEPTION (default)
2019-10-03 02:16:22,016 [pool-337-thread-1] INFO  impl.RaftServerImpl (RaftServerImpl.java:<init>(95)) - 157f8f22-adb5-42aa-b730-909d1f9802f3: new RaftServerImpl for group-87B3A98DB570:[324ef8a6-4703-4492-af92-2f252eab6a12:192.168.164.205:40225, d1d5e9d1-2bb0-440e-a598-b6a4827a19e1:192.168.164.205:44014, 157f8f22-adb5-42aa-b730-909d1f9802f3:192.168.164.205:43136] with ContainerStateMachine:uninitialized
2019-10-03 02:16:22,016 [pool-347-thread-1] INFO  server.RaftServerConfigKeys (ConfUtils.java:logGet(43)) - raft.server.rpcslowness.timeout = 120s (custom)
2019-10-03 02:16:22,016 [pool-337-thread-1] INFO  server.RaftServerConfigKeys (ConfUtils.java:logGet(43)) - raft.server.rpc.timeout.min = 5s (custom)
2019-10-03 02:16:22,016 [pool-327-thread-1] INFO  storage.RaftStorageDirectory (RaftStorageDirectory.java:analyzeStorage(246)) - The storage directory /workdir/hadoop-ozone/ozonefs/target/test-dir/MiniOzoneClusterImpl-75afc97a-78a0-417c-b1fb-82bdf829096d/datanode-0/data/ratis/796d1a9e-613c-4d03-a573-87b3a98db570 does not exist. Creating ...
2019-10-03 02:16:22,016 [pool-337-thread-1] INFO  server.RaftServerConfigKeys (ConfUtils.java:logGet(43)) - raft.server.rpc.timeout.max = 5200ms (custom)
2019-10-03 02:16:22,016 [pool-347-thread-1] INFO  server.RaftServerConfigKeys (ConfUtils.java:logGet(43)) - raft.server.sleep.deviation.threshold = 300 (default)
2019-10-03 02:16:22,016 [pool-337-thread-1] INFO  server.RaftServerConfigKeys (ConfUtils.java:logGet(43)) - raft.server.rpcslowness.timeout = 120s (custom)
2019-10-03 02:16:22,017 [pool-347-thread-1] INFO  server.RaftServerConfigKeys (ConfUtils.java:logGet(43)) - raft.server.log.appender.install.snapshot.enabled = false (custom)
2019-10-03 02:16:22,017 [pool-337-thread-1] INFO  server.RaftServerConfigKeys (ConfUtils.java:logGet(43)) - raft.server.sleep.deviation.threshold = 300 (default)
2019-10-03 02:16:22,017 [pool-347-thread-1] INFO  impl.RaftServerImpl (ServerState.java:<init>(103)) - d1d5e9d1-2bb0-440e-a598-b6a4827a19e1@group-87B3A98DB570: ConfigurationManager, init=-1: [324ef8a6-4703-4492-af92-2f252eab6a12:192.168.164.205:40225, d1d5e9d1-2bb0-440e-a598-b6a4827a19e1:192.168.164.205:44014, 157f8f22-adb5-42aa-b730-909d1f9802f3:192.168.164.205:43136], old=null, confs=<EMPTY_MAP>
2019-10-03 02:16:22,017 [pool-337-thread-1] INFO  server.RaftServerConfigKeys (ConfUtils.java:logGet(43)) - raft.server.log.appender.install.snapshot.enabled = false (custom)
2019-10-03 02:16:22,017 [pool-347-thread-1] INFO  server.RaftServerConfigKeys (ConfUtils.java:logGet(43)) - raft.server.storage.dir = [/workdir/hadoop-ozone/ozonefs/target/test-dir/MiniOzoneClusterImpl-75afc97a-78a0-417c-b1fb-82bdf829096d/datanode-2/data/ratis] (custom)
2019-10-03 02:16:22,017 [pool-337-thread-1] INFO  impl.RaftServerImpl (ServerState.java:<init>(103)) - 157f8f22-adb5-42aa-b730-909d1f9802f3@group-87B3A98DB570: ConfigurationManager, init=-1: [324ef8a6-4703-4492-af92-2f252eab6a12:192.168.164.205:40225, d1d5e9d1-2bb0-440e-a598-b6a4827a19e1:192.168.164.205:44014, 157f8f22-adb5-42aa-b730-909d1f9802f3:192.168.164.205:43136], old=null, confs=<EMPTY_MAP>
2019-10-03 02:16:22,018 [pool-347-thread-1] INFO  server.RaftServerConfigKeys (ConfUtils.java:logGet(43)) - raft.server.log.corruption.policy = EXCEPTION (default)
2019-10-03 02:16:22,018 [pool-337-thread-1] INFO  server.RaftServerConfigKeys (ConfUtils.java:logGet(43)) - raft.server.storage.dir = [/workdir/hadoop-ozone/ozonefs/target/test-dir/MiniOzoneClusterImpl-75afc97a-78a0-417c-b1fb-82bdf829096d/datanode-1/data/ratis] (custom)
2019-10-03 02:16:22,018 [pool-347-thread-1] INFO  storage.RaftStorageDirectory (RaftStorageDirectory.java:analyzeStorage(246)) - The storage directory /workdir/hadoop-ozone/ozonefs/target/test-dir/MiniOzoneClusterImpl-75afc97a-78a0-417c-b1fb-82bdf829096d/datanode-2/data/ratis/796d1a9e-613c-4d03-a573-87b3a98db570 does not exist. Creating ...
2019-10-03 02:16:22,018 [pool-337-thread-1] INFO  server.RaftServerConfigKeys (ConfUtils.java:logGet(43)) - raft.server.log.corruption.policy = EXCEPTION (default)
2019-10-03 02:16:22,018 [pool-337-thread-1] INFO  storage.RaftStorageDirectory (RaftStorageDirectory.java:analyzeStorage(246)) - The storage directory /workdir/hadoop-ozone/ozonefs/target/test-dir/MiniOzoneClusterImpl-75afc97a-78a0-417c-b1fb-82bdf829096d/datanode-1/data/ratis/796d1a9e-613c-4d03-a573-87b3a98db570 does not exist. Creating ...
2019-10-03 02:16:22,041 [pool-347-thread-1] INFO  storage.RaftStorageDirectory (RaftStorageDirectory.java:tryLock(328)) - Lock on /workdir/hadoop-ozone/ozonefs/target/test-dir/MiniOzoneClusterImpl-75afc97a-78a0-417c-b1fb-82bdf829096d/datanode-2/data/ratis/796d1a9e-613c-4d03-a573-87b3a98db570/in_use.lock acquired by nodename 8307@pr-hdds-1737-89jld-2007629010
2019-10-03 02:16:22,041 [pool-337-thread-1] INFO  storage.RaftStorageDirectory (RaftStorageDirectory.java:tryLock(328)) - Lock on /workdir/hadoop-ozone/ozonefs/target/test-dir/MiniOzoneClusterImpl-75afc97a-78a0-417c-b1fb-82bdf829096d/datanode-1/data/ratis/796d1a9e-613c-4d03-a573-87b3a98db570/in_use.lock acquired by nodename 8307@pr-hdds-1737-89jld-2007629010
2019-10-03 02:16:22,041 [pool-327-thread-1] INFO  storage.RaftStorageDirectory (RaftStorageDirectory.java:tryLock(328)) - Lock on /workdir/hadoop-ozone/ozonefs/target/test-dir/MiniOzoneClusterImpl-75afc97a-78a0-417c-b1fb-82bdf829096d/datanode-0/data/ratis/796d1a9e-613c-4d03-a573-87b3a98db570/in_use.lock acquired by nodename 8307@pr-hdds-1737-89jld-2007629010
2019-10-03 02:16:22,047 [pool-327-thread-1] INFO  storage.RaftStorage (RaftStorage.java:format(84)) - Storage directory /workdir/hadoop-ozone/ozonefs/target/test-dir/MiniOzoneClusterImpl-75afc97a-78a0-417c-b1fb-82bdf829096d/datanode-0/data/ratis/796d1a9e-613c-4d03-a573-87b3a98db570 has been successfully formatted.
2019-10-03 02:16:22,047 [pool-337-thread-1] INFO  storage.RaftStorage (RaftStorage.java:format(84)) - Storage directory /workdir/hadoop-ozone/ozonefs/target/test-dir/MiniOzoneClusterImpl-75afc97a-78a0-417c-b1fb-82bdf829096d/datanode-1/data/ratis/796d1a9e-613c-4d03-a573-87b3a98db570 has been successfully formatted.
2019-10-03 02:16:22,047 [pool-347-thread-1] INFO  storage.RaftStorage (RaftStorage.java:format(84)) - Storage directory /workdir/hadoop-ozone/ozonefs/target/test-dir/MiniOzoneClusterImpl-75afc97a-78a0-417c-b1fb-82bdf829096d/datanode-2/data/ratis/796d1a9e-613c-4d03-a573-87b3a98db570 has been successfully formatted.
2019-10-03 02:16:22,047 [pool-327-thread-1] INFO  ratis.ContainerStateMachine (ContainerStateMachine.java:loadSnapshot(230)) - group-87B3A98DB570: The snapshot info is null. Setting the last applied indexto:(t:0, i:~)
2019-10-03 02:16:22,047 [pool-337-thread-1] INFO  ratis.ContainerStateMachine (ContainerStateMachine.java:loadSnapshot(230)) - group-87B3A98DB570: The snapshot info is null. Setting the last applied indexto:(t:0, i:~)
2019-10-03 02:16:22,048 [pool-327-thread-1] INFO  server.RaftServerConfigKeys (ConfUtils.java:logGet(43)) - raft.server.notification.no-leader.timeout = 120s (custom)
2019-10-03 02:16:22,047 [pool-347-thread-1] INFO  ratis.ContainerStateMachine (ContainerStateMachine.java:loadSnapshot(230)) - group-87B3A98DB570: The snapshot info is null. Setting the last applied indexto:(t:0, i:~)
2019-10-03 02:16:22,048 [pool-327-thread-1] INFO  server.RaftServerConfigKeys (ConfUtils.java:logGet(43)) - raft.server.log.use.memory = false (default)
2019-10-03 02:16:22,048 [pool-337-thread-1] INFO  server.RaftServerConfigKeys (ConfUtils.java:logGet(43)) - raft.server.notification.no-leader.timeout = 120s (custom)
2019-10-03 02:16:22,048 [pool-327-thread-1] INFO  server.RaftServerConfigKeys (ConfUtils.java:logGet(43)) - raft.server.log.purge.gap = 1000000 (custom)
2019-10-03 02:16:22,048 [pool-347-thread-1] INFO  server.RaftServerConfigKeys (ConfUtils.java:logGet(43)) - raft.server.notification.no-leader.timeout = 120s (custom)
2019-10-03 02:16:22,048 [pool-327-thread-1] INFO  server.RaftServerConfigKeys (ConfUtils.java:logGet(43)) - raft.server.log.appender.buffer.byte-limit = 33554432 (custom)
2019-10-03 02:16:22,048 [pool-337-thread-1] INFO  server.RaftServerConfigKeys (ConfUtils.java:logGet(43)) - raft.server.log.use.memory = false (default)
2019-10-03 02:16:22,048 [pool-327-thread-1] INFO  server.RaftServerConfigKeys (ConfUtils.java:logGet(43)) - raft.server.log.segment.size.max = 1048576 (custom)
2019-10-03 02:16:22,048 [pool-347-thread-1] INFO  server.RaftServerConfigKeys (ConfUtils.java:logGet(43)) - raft.server.log.use.memory = false (default)
2019-10-03 02:16:22,049 [pool-327-thread-1] INFO  server.RaftServerConfigKeys (ConfUtils.java:logGet(43)) - raft.server.log.segment.cache.num.max = 2 (custom)
2019-10-03 02:16:22,049 [pool-337-thread-1] INFO  server.RaftServerConfigKeys (ConfUtils.java:logGet(43)) - raft.server.log.purge.gap = 1000000 (custom)
2019-10-03 02:16:22,049 [pool-327-thread-1] INFO  segmented.SegmentedRaftLogWorker (SegmentedRaftLogWorker.java:<init>(173)) - new 324ef8a6-4703-4492-af92-2f252eab6a12@group-87B3A98DB570-SegmentedRaftLogWorker for RaftStorage:Storage Directory /workdir/hadoop-ozone/ozonefs/target/test-dir/MiniOzoneClusterImpl-75afc97a-78a0-417c-b1fb-82bdf829096d/datanode-0/data/ratis/796d1a9e-613c-4d03-a573-87b3a98db570
2019-10-03 02:16:22,049 [pool-347-thread-1] INFO  server.RaftServerConfigKeys (ConfUtils.java:logGet(43)) - raft.server.log.purge.gap = 1000000 (custom)
2019-10-03 02:16:22,049 [pool-327-thread-1] INFO  server.RaftServerConfigKeys (ConfUtils.java:logGet(43)) - raft.server.log.queue.byte-limit = 2147483647 (custom)
2019-10-03 02:16:22,049 [pool-337-thread-1] INFO  server.RaftServerConfigKeys (ConfUtils.java:logGet(43)) - raft.server.log.appender.buffer.byte-limit = 33554432 (custom)
2019-10-03 02:16:22,049 [pool-327-thread-1] INFO  server.RaftServerConfigKeys (ConfUtils.java:logGet(43)) - raft.server.log.queue.element-limit = 1024 (custom)
2019-10-03 02:16:22,049 [pool-347-thread-1] INFO  server.RaftServerConfigKeys (ConfUtils.java:logGet(43)) - raft.server.log.appender.buffer.byte-limit = 33554432 (custom)
2019-10-03 02:16:22,050 [pool-327-thread-1] INFO  server.RaftServerConfigKeys (ConfUtils.java:logGet(43)) - raft.server.log.segment.size.max = 1048576 (custom)
2019-10-03 02:16:22,050 [pool-327-thread-1] INFO  server.RaftServerConfigKeys (ConfUtils.java:logGet(43)) - raft.server.log.preallocated.size = 16384 (custom)
2019-10-03 02:16:22,050 [pool-337-thread-1] INFO  server.RaftServerConfigKeys (ConfUtils.java:logGet(43)) - raft.server.log.segment.size.max = 1048576 (custom)
2019-10-03 02:16:22,050 [pool-327-thread-1] INFO  server.RaftServerConfigKeys (ConfUtils.java:logGet(43)) - raft.server.log.write.buffer.size = 33554432 (custom)
2019-10-03 02:16:22,050 [pool-347-thread-1] INFO  server.RaftServerConfigKeys (ConfUtils.java:logGet(43)) - raft.server.log.segment.size.max = 1048576 (custom)
2019-10-03 02:16:22,050 [pool-327-thread-1] INFO  server.RaftServerConfigKeys (ConfUtils.java:logGet(43)) - raft.server.log.force.sync.num = 128 (default)
2019-10-03 02:16:22,050 [pool-337-thread-1] INFO  server.RaftServerConfigKeys (ConfUtils.java:logGet(43)) - raft.server.log.segment.cache.num.max = 2 (custom)
2019-10-03 02:16:22,051 [pool-327-thread-1] INFO  server.RaftServerConfigKeys (ConfUtils.java:logGet(43)) - raft.server.log.statemachine.data.sync = true (default)
2019-10-03 02:16:22,051 [pool-327-thread-1] INFO  server.RaftServerConfigKeys (ConfUtils.java:logGet(43)) - raft.server.log.statemachine.data.sync.timeout = 10s (default)
2019-10-03 02:16:22,050 [pool-347-thread-1] INFO  server.RaftServerConfigKeys (ConfUtils.java:logGet(43)) - raft.server.log.segment.cache.num.max = 2 (custom)
2019-10-03 02:16:22,051 [pool-327-thread-1] INFO  server.RaftServerConfigKeys (ConfUtils.java:logGet(43)) - raft.server.log.statemachine.data.sync.timeout.retry = -1 (default)
2019-10-03 02:16:22,051 [pool-337-thread-1] INFO  segmented.SegmentedRaftLogWorker (SegmentedRaftLogWorker.java:<init>(173)) - new 157f8f22-adb5-42aa-b730-909d1f9802f3@group-87B3A98DB570-SegmentedRaftLogWorker for RaftStorage:Storage Directory /workdir/hadoop-ozone/ozonefs/target/test-dir/MiniOzoneClusterImpl-75afc97a-78a0-417c-b1fb-82bdf829096d/datanode-1/data/ratis/796d1a9e-613c-4d03-a573-87b3a98db570
2019-10-03 02:16:22,051 [pool-327-thread-1] INFO  server.RaftServerConfigKeys (ConfUtils.java:logGet(43)) - raft.server.log.statemachine.data.caching.enabled = true (custom)
2019-10-03 02:16:22,051 [pool-347-thread-1] INFO  segmented.SegmentedRaftLogWorker (SegmentedRaftLogWorker.java:<init>(173)) - new d1d5e9d1-2bb0-440e-a598-b6a4827a19e1@group-87B3A98DB570-SegmentedRaftLogWorker for RaftStorage:Storage Directory /workdir/hadoop-ozone/ozonefs/target/test-dir/MiniOzoneClusterImpl-75afc97a-78a0-417c-b1fb-82bdf829096d/datanode-2/data/ratis/796d1a9e-613c-4d03-a573-87b3a98db570
2019-10-03 02:16:22,051 [pool-337-thread-1] INFO  server.RaftServerConfigKeys (ConfUtils.java:logGet(43)) - raft.server.log.queue.byte-limit = 2147483647 (custom)
2019-10-03 02:16:22,052 [pool-327-thread-1] INFO  segmented.SegmentedRaftLogWorker (SegmentedRaftLogWorker.java:lambda$new$0(128)) - 324ef8a6-4703-4492-af92-2f252eab6a12@group-87B3A98DB570-SegmentedRaftLogWorker: flushIndex: setUnconditionally 0 -> -1
2019-10-03 02:16:22,052 [pool-347-thread-1] INFO  server.RaftServerConfigKeys (ConfUtils.java:logGet(43)) - raft.server.log.queue.byte-limit = 2147483647 (custom)
2019-10-03 02:16:22,052 [pool-337-thread-1] INFO  server.RaftServerConfigKeys (ConfUtils.java:logGet(43)) - raft.server.log.queue.element-limit = 1024 (custom)
2019-10-03 02:16:22,052 [pool-347-thread-1] INFO  server.RaftServerConfigKeys (ConfUtils.java:logGet(43)) - raft.server.log.queue.element-limit = 1024 (custom)
2019-10-03 02:16:22,052 [pool-327-thread-1] INFO  server.RaftServerConfigKeys (ConfUtils.java:logGet(43)) - raft.server.snapshot.auto.trigger.enabled = true (custom)
2019-10-03 02:16:22,052 [pool-347-thread-1] INFO  server.RaftServerConfigKeys (ConfUtils.java:logGet(43)) - raft.server.log.segment.size.max = 1048576 (custom)
2019-10-03 02:16:22,052 [pool-337-thread-1] INFO  server.RaftServerConfigKeys (ConfUtils.java:logGet(43)) - raft.server.log.segment.size.max = 1048576 (custom)
2019-10-03 02:16:22,052 [pool-347-thread-1] INFO  server.RaftServerConfigKeys (ConfUtils.java:logGet(43)) - raft.server.log.preallocated.size = 16384 (custom)
2019-10-03 02:16:22,052 [pool-327-thread-1] INFO  server.RaftServerConfigKeys (ConfUtils.java:logGet(43)) - raft.server.snapshot.auto.trigger.threshold = 10000 (custom)
2019-10-03 02:16:22,053 [pool-347-thread-1] INFO  server.RaftServerConfigKeys (ConfUtils.java:logGet(43)) - raft.server.log.write.buffer.size = 33554432 (custom)
2019-10-03 02:16:22,053 [pool-337-thread-1] INFO  server.RaftServerConfigKeys (ConfUtils.java:logGet(43)) - raft.server.log.preallocated.size = 16384 (custom)
2019-10-03 02:16:22,053 [pool-347-thread-1] INFO  server.RaftServerConfigKeys (ConfUtils.java:logGet(43)) - raft.server.log.force.sync.num = 128 (default)
2019-10-03 02:16:22,053 [pool-327-thread-1] INFO  server.RaftServerConfigKeys (ConfUtils.java:logGet(43)) - raft.server.snapshot.retention.file.num = 5 (custom)
2019-10-03 02:16:22,053 [pool-347-thread-1] INFO  server.RaftServerConfigKeys (ConfUtils.java:logGet(43)) - raft.server.log.statemachine.data.sync = true (default)
2019-10-03 02:16:22,053 [pool-337-thread-1] INFO  server.RaftServerConfigKeys (ConfUtils.java:logGet(43)) - raft.server.log.write.buffer.size = 33554432 (custom)
2019-10-03 02:16:22,054 [pool-347-thread-1] INFO  server.RaftServerConfigKeys (ConfUtils.java:logGet(43)) - raft.server.log.statemachine.data.sync.timeout = 10s (default)
2019-10-03 02:16:22,053 [pool-327-thread-1] INFO  server.RaftServerConfigKeys (ConfUtils.java:logGet(43)) - raft.server.retrycache.expirytime = 600000ms (custom)
2019-10-03 02:16:22,054 [pool-347-thread-1] INFO  server.RaftServerConfigKeys (ConfUtils.java:logGet(43)) - raft.server.log.statemachine.data.sync.timeout.retry = -1 (default)
2019-10-03 02:16:22,054 [pool-337-thread-1] INFO  server.RaftServerConfigKeys (ConfUtils.java:logGet(43)) - raft.server.log.force.sync.num = 128 (default)
2019-10-03 02:16:22,054 [pool-347-thread-1] INFO  server.RaftServerConfigKeys (ConfUtils.java:logGet(43)) - raft.server.log.statemachine.data.caching.enabled = true (custom)
2019-10-03 02:16:22,054 [pool-337-thread-1] INFO  server.RaftServerConfigKeys (ConfUtils.java:logGet(43)) - raft.server.log.statemachine.data.sync = true (default)
2019-10-03 02:16:22,054 [pool-347-thread-1] INFO  segmented.SegmentedRaftLogWorker (SegmentedRaftLogWorker.java:lambda$new$0(128)) - d1d5e9d1-2bb0-440e-a598-b6a4827a19e1@group-87B3A98DB570-SegmentedRaftLogWorker: flushIndex: setUnconditionally 0 -> -1
2019-10-03 02:16:22,054 [pool-337-thread-1] INFO  server.RaftServerConfigKeys (ConfUtils.java:logGet(43)) - raft.server.log.statemachine.data.sync.timeout = 10s (default)
2019-10-03 02:16:22,055 [pool-347-thread-1] INFO  server.RaftServerConfigKeys (ConfUtils.java:logGet(43)) - raft.server.snapshot.auto.trigger.enabled = true (custom)
2019-10-03 02:16:22,055 [pool-337-thread-1] INFO  server.RaftServerConfigKeys (ConfUtils.java:logGet(43)) - raft.server.log.statemachine.data.sync.timeout.retry = -1 (default)
2019-10-03 02:16:22,055 [pool-347-thread-1] INFO  server.RaftServerConfigKeys (ConfUtils.java:logGet(43)) - raft.server.snapshot.auto.trigger.threshold = 10000 (custom)
2019-10-03 02:16:22,055 [pool-337-thread-1] INFO  server.RaftServerConfigKeys (ConfUtils.java:logGet(43)) - raft.server.log.statemachine.data.caching.enabled = true (custom)
2019-10-03 02:16:22,055 [pool-347-thread-1] INFO  server.RaftServerConfigKeys (ConfUtils.java:logGet(43)) - raft.server.snapshot.retention.file.num = 5 (custom)
2019-10-03 02:16:22,055 [pool-327-thread-1] INFO  impl.RaftServerImpl (RaftServerImpl.java:start(181)) - 324ef8a6-4703-4492-af92-2f252eab6a12@group-87B3A98DB570: start as a follower, conf=-1: [324ef8a6-4703-4492-af92-2f252eab6a12:192.168.164.205:40225, d1d5e9d1-2bb0-440e-a598-b6a4827a19e1:192.168.164.205:44014, 157f8f22-adb5-42aa-b730-909d1f9802f3:192.168.164.205:43136], old=null
2019-10-03 02:16:22,056 [pool-347-thread-1] INFO  server.RaftServerConfigKeys (ConfUtils.java:logGet(43)) - raft.server.retrycache.expirytime = 600000ms (custom)
2019-10-03 02:16:22,055 [pool-337-thread-1] INFO  segmented.SegmentedRaftLogWorker (SegmentedRaftLogWorker.java:lambda$new$0(128)) - 157f8f22-adb5-42aa-b730-909d1f9802f3@group-87B3A98DB570-SegmentedRaftLogWorker: flushIndex: setUnconditionally 0 -> -1
2019-10-03 02:16:22,056 [pool-327-thread-1] INFO  impl.RaftServerImpl (RaftServerImpl.java:setRole(170)) - 324ef8a6-4703-4492-af92-2f252eab6a12@group-87B3A98DB570: changes role from      null to FOLLOWER at term 0 for startAsFollower
2019-10-03 02:16:22,056 [pool-327-thread-1] INFO  impl.RoleInfo (RoleInfo.java:updateAndGet(143)) - 324ef8a6-4703-4492-af92-2f252eab6a12: start FollowerState
2019-10-03 02:16:22,056 [pool-337-thread-1] INFO  server.RaftServerConfigKeys (ConfUtils.java:logGet(43)) - raft.server.snapshot.auto.trigger.enabled = true (custom)
2019-10-03 02:16:22,056 [pool-337-thread-1] INFO  server.RaftServerConfigKeys (ConfUtils.java:logGet(43)) - raft.server.snapshot.auto.trigger.threshold = 10000 (custom)
2019-10-03 02:16:22,056 [pool-327-thread-1] INFO  util.JmxRegister (JmxRegister.java:tryRegister(44)) - Successfully registered JMX Bean with object name Ratis:service=RaftServer,group=group-87B3A98DB570,id=324ef8a6-4703-4492-af92-2f252eab6a12
2019-10-03 02:16:22,056 [pool-337-thread-1] INFO  server.RaftServerConfigKeys (ConfUtils.java:logGet(43)) - raft.server.snapshot.retention.file.num = 5 (custom)
2019-10-03 02:16:22,057 [pool-337-thread-1] INFO  server.RaftServerConfigKeys (ConfUtils.java:logGet(43)) - raft.server.retrycache.expirytime = 600000ms (custom)
2019-10-03 02:16:22,058 [pool-347-thread-1] INFO  impl.RaftServerImpl (RaftServerImpl.java:start(181)) - d1d5e9d1-2bb0-440e-a598-b6a4827a19e1@group-87B3A98DB570: start as a follower, conf=-1: [324ef8a6-4703-4492-af92-2f252eab6a12:192.168.164.205:40225, d1d5e9d1-2bb0-440e-a598-b6a4827a19e1:192.168.164.205:44014, 157f8f22-adb5-42aa-b730-909d1f9802f3:192.168.164.205:43136], old=null
2019-10-03 02:16:22,058 [pool-347-thread-1] INFO  impl.RaftServerImpl (RaftServerImpl.java:setRole(170)) - d1d5e9d1-2bb0-440e-a598-b6a4827a19e1@group-87B3A98DB570: changes role from      null to FOLLOWER at term 0 for startAsFollower
2019-10-03 02:16:22,059 [pool-347-thread-1] INFO  impl.RoleInfo (RoleInfo.java:updateAndGet(143)) - d1d5e9d1-2bb0-440e-a598-b6a4827a19e1: start FollowerState
2019-10-03 02:16:22,059 [pool-347-thread-1] INFO  util.JmxRegister (JmxRegister.java:tryRegister(44)) - Successfully registered JMX Bean with object name Ratis:service=RaftServer,group=group-87B3A98DB570,id=d1d5e9d1-2bb0-440e-a598-b6a4827a19e1
2019-10-03 02:16:22,060 [pool-337-thread-1] INFO  impl.RaftServerImpl (RaftServerImpl.java:start(181)) - 157f8f22-adb5-42aa-b730-909d1f9802f3@group-87B3A98DB570: start as a follower, conf=-1: [324ef8a6-4703-4492-af92-2f252eab6a12:192.168.164.205:40225, d1d5e9d1-2bb0-440e-a598-b6a4827a19e1:192.168.164.205:44014, 157f8f22-adb5-42aa-b730-909d1f9802f3:192.168.164.205:43136], old=null
2019-10-03 02:16:22,060 [pool-337-thread-1] INFO  impl.RaftServerImpl (RaftServerImpl.java:setRole(170)) - 157f8f22-adb5-42aa-b730-909d1f9802f3@group-87B3A98DB570: changes role from      null to FOLLOWER at term 0 for startAsFollower
2019-10-03 02:16:22,060 [pool-337-thread-1] INFO  impl.RoleInfo (RoleInfo.java:updateAndGet(143)) - 157f8f22-adb5-42aa-b730-909d1f9802f3: start FollowerState
2019-10-03 02:16:22,065 [pool-337-thread-1] INFO  util.JmxRegister (JmxRegister.java:tryRegister(44)) - Successfully registered JMX Bean with object name Ratis:service=RaftServer,group=group-87B3A98DB570,id=157f8f22-adb5-42aa-b730-909d1f9802f3
2019-10-03 02:16:22,075 [RatisPipelineUtilsThread] INFO  pipeline.PipelineStateManager (PipelineStateManager.java:addPipeline(56)) - Created pipeline Pipeline[ Id: 796d1a9e-613c-4d03-a573-87b3a98db570, Nodes: 157f8f22-adb5-42aa-b730-909d1f9802f3{ip: 192.168.164.205, host: pr-hdds-1737-89jld-2007629010, networkLocation: /default-rack, certSerialId: null}324ef8a6-4703-4492-af92-2f252eab6a12{ip: 192.168.164.205, host: pr-hdds-1737-89jld-2007629010, networkLocation: /default-rack, certSerialId: null}d1d5e9d1-2bb0-440e-a598-b6a4827a19e1{ip: 192.168.164.205, host: pr-hdds-1737-89jld-2007629010, networkLocation: /default-rack, certSerialId: null}, Type:RATIS, Factor:THREE, State:OPEN]
2019-10-03 02:16:22,930 [Thread-1309] INFO  ozone.MiniOzoneClusterImpl (MiniOzoneClusterImpl.java:lambda$waitForClusterToBeReady$0(147)) - Cluster is ready. Got 3 of 3 DN Heartbeats.
2019-10-03 02:16:22,997 [Thread-1309] INFO  rpc.RpcClient (RpcClient.java:createVolume(276)) - Creating Volume: volume69961, with user11426 as owner.
2019-10-03 02:16:23,001 [IPC Server handler 1 on 41976] INFO  volume.OMVolumeCreateRequest (OMVolumeCreateRequest.java:validateAndUpdateCache(194)) - created volume:volume69961 for user:user11426
2019-10-03 02:16:23,023 [Thread-1309] INFO  rpc.RpcClient (RpcClient.java:createBucket(415)) - Creating Bucket: volume69961/bucket83237, with Versioning false and Storage Type set to DISK and Encryption set to false 
02:16:23.081 [IPC Server handler 7 on 41976] ERROR OMAudit - user=jenkins1000 | ip=127.0.0.1 | op=CREATE_DIRECTORY {volume=volume69961, bucket=bucket83237, key=source, dataSize=0, replicationType=RATIS, replicationFactor=ONE, keyLocationInfo=[]} | ret=FAILURE
org.apache.hadoop.ozone.om.exceptions.OMException: Volume not found volume69961
	at org.apache.hadoop.ozone.om.request.file.OMDirectoryCreateRequest.validateAndUpdateCache(OMDirectoryCreateRequest.java:146) ~[hadoop-ozone-ozone-manager-0.5.0-SNAPSHOT.jar:?]
	at org.apache.hadoop.ozone.protocolPB.OzoneManagerProtocolServerSideTranslatorPB.submitRequestDirectlyToOM(OzoneManagerProtocolServerSideTranslatorPB.java:219) ~[hadoop-ozone-ozone-manager-0.5.0-SNAPSHOT.jar:?]
	at org.apache.hadoop.ozone.protocolPB.OzoneManagerProtocolServerSideTranslatorPB.processRequest(OzoneManagerProtocolServerSideTranslatorPB.java:134) ~[hadoop-ozone-ozone-manager-0.5.0-SNAPSHOT.jar:?]
	at org.apache.hadoop.hdds.server.OzoneProtocolMessageDispatcher.processRequest(OzoneProtocolMessageDispatcher.java:72) [hadoop-hdds-server-framework-0.5.0-SNAPSHOT.jar:?]
	at org.apache.hadoop.ozone.protocolPB.OzoneManagerProtocolServerSideTranslatorPB.submitRequest(OzoneManagerProtocolServerSideTranslatorPB.java:100) [hadoop-ozone-ozone-manager-0.5.0-SNAPSHOT.jar:?]
	at org.apache.hadoop.ozone.protocol.proto.OzoneManagerProtocolProtos$OzoneManagerService$2.callBlockingMethod(OzoneManagerProtocolProtos.java) [hadoop-ozone-common-0.5.0-SNAPSHOT.jar:?]
	at org.apache.hadoop.ipc.ProtobufRpcEngine$Server$ProtoBufRpcInvoker.call(ProtobufRpcEngine.java:524) [hadoop-common-3.2.0.jar:?]
	at org.apache.hadoop.ipc.RPC$Server.call(RPC.java:1025) [hadoop-common-3.2.0.jar:?]
	at org.apache.hadoop.ipc.Server$RpcCall.run(Server.java:876) [hadoop-common-3.2.0.jar:?]
	at org.apache.hadoop.ipc.Server$RpcCall.run(Server.java:822) [hadoop-common-3.2.0.jar:?]
	at java.security.AccessController.doPrivileged(Native Method) [?:1.8.0_212]
	at javax.security.auth.Subject.doAs(Subject.java:422) [?:1.8.0_212]
	at org.apache.hadoop.security.UserGroupInformation.doAs(UserGroupInformation.java:1730) [hadoop-common-3.2.0.jar:?]
	at org.apache.hadoop.ipc.Server$Handler.run(Server.java:2682) [hadoop-common-3.2.0.jar:?]
2019-10-03 02:16:23,082 [IPC Server handler 7 on 41976] ERROR file.OMDirectoryCreateRequest (OMDirectoryCreateRequest.java:validateAndUpdateCache(212)) - CreateDirectory failed for Key: source in volume/bucket:volume69961/bucket83237
VOLUME_NOT_FOUND org.apache.hadoop.ozone.om.exceptions.OMException: Volume not found volume69961
	at org.apache.hadoop.ozone.om.request.file.OMDirectoryCreateRequest.validateAndUpdateCache(OMDirectoryCreateRequest.java:146)
	at org.apache.hadoop.ozone.protocolPB.OzoneManagerProtocolServerSideTranslatorPB.submitRequestDirectlyToOM(OzoneManagerProtocolServerSideTranslatorPB.java:219)
	at org.apache.hadoop.ozone.protocolPB.OzoneManagerProtocolServerSideTranslatorPB.processRequest(OzoneManagerProtocolServerSideTranslatorPB.java:134)
	at org.apache.hadoop.hdds.server.OzoneProtocolMessageDispatcher.processRequest(OzoneProtocolMessageDispatcher.java:72)
	at org.apache.hadoop.ozone.protocolPB.OzoneManagerProtocolServerSideTranslatorPB.submitRequest(OzoneManagerProtocolServerSideTranslatorPB.java:100)
	at org.apache.hadoop.ozone.protocol.proto.OzoneManagerProtocolProtos$OzoneManagerService$2.callBlockingMethod(OzoneManagerProtocolProtos.java)
	at org.apache.hadoop.ipc.ProtobufRpcEngine$Server$ProtoBufRpcInvoker.call(ProtobufRpcEngine.java:524)
	at org.apache.hadoop.ipc.RPC$Server.call(RPC.java:1025)
	at org.apache.hadoop.ipc.Server$RpcCall.run(Server.java:876)
	at org.apache.hadoop.ipc.Server$RpcCall.run(Server.java:822)
	at java.security.AccessController.doPrivileged(Native Method)
	at javax.security.auth.Subject.doAs(Subject.java:422)
	at org.apache.hadoop.security.UserGroupInformation.doAs(UserGroupInformation.java:1730)
	at org.apache.hadoop.ipc.Server$Handler.run(Server.java:2682)
2019-10-03 02:16:23,083 [Thread-1309] INFO  ozone.MiniOzoneClusterImpl (MiniOzoneClusterImpl.java:shutdown(314)) - Shutting down the Mini Ozone Cluster
2019-10-03 02:16:23,083 [Thread-1309] INFO  ozone.MiniOzoneClusterImpl (MiniOzoneClusterImpl.java:stop(330)) - Stopping the Mini Ozone Cluster
2019-10-03 02:16:23,084 [Thread-1309] INFO  ozone.MiniOzoneClusterImpl (MiniOzoneClusterImpl.java:stopOM(400)) - Stopping the OzoneManager
2019-10-03 02:16:23,084 [Thread-1309] INFO  ipc.Server (Server.java:stop(3082)) - Stopping server on 41976
2019-10-03 02:16:23,089 [IPC Server listener on 41976] INFO  ipc.Server (Server.java:run(1185)) - Stopping IPC Server listener on 41976
2019-10-03 02:16:23,089 [Thread-1309] INFO  ratis.OzoneManagerDoubleBuffer (OzoneManagerDoubleBuffer.java:stop(248)) - Stopping OMDoubleBuffer flush thread
2019-10-03 02:16:23,091 [IPC Server Responder] INFO  ipc.Server (Server.java:run(1319)) - Stopping IPC Server Responder
2019-10-03 02:16:23,091 [OMDoubleBufferFlushThread] INFO  ratis.OzoneManagerDoubleBuffer (OzoneManagerDoubleBuffer.java:flushTransactions(191)) - OMDoubleBuffer flush thread OMDoubleBufferFlushThread is interrupted and will exit. OMDoubleBufferFlushThread
2019-10-03 02:16:23,091 [Thread-1309] INFO  utils.BackgroundService (BackgroundService.java:shutdown(148)) - Shutting down service KeyDeletingService
2019-10-03 02:16:23,093 [Thread-1309] INFO  handler.ContextHandler (ContextHandler.java:doStop(910)) - Stopped o.e.j.w.WebAppContext@734be5c5{/,null,UNAVAILABLE}{/ozoneManager}
2019-10-03 02:16:23,094 [Thread-1309] INFO  server.AbstractConnector (AbstractConnector.java:doStop(318)) - Stopped ServerConnector@3002bd79{HTTP/1.1,[http/1.1]}{0.0.0.0:0}
2019-10-03 02:16:23,094 [Thread-1309] INFO  handler.ContextHandler (ContextHandler.java:doStop(910)) - Stopped o.e.j.s.ServletContextHandler@aa7dec8{/static,jar:file:/home/user/.m2/repository/org/apache/hadoop/hadoop-ozone-ozone-manager/0.5.0-SNAPSHOT/hadoop-ozone-ozone-manager-0.5.0-SNAPSHOT.jar!/webapps/static,UNAVAILABLE}
2019-10-03 02:16:23,094 [Thread-1309] INFO  handler.ContextHandler (ContextHandler.java:doStop(910)) - Stopped o.e.j.s.ServletContextHandler@53c89bd9{/logs,file:///workdir/hadoop-ozone/ozonefs/target/log,UNAVAILABLE}
2019-10-03 02:16:23,096 [Thread-1309] INFO  ozone.MiniOzoneClusterImpl (MiniOzoneClusterImpl.java:stopDatanodes(377)) - Stopping the HddsDatanodes
2019-10-03 02:16:23,755 [Datanode State Machine Thread - 0] INFO  statemachine.DatanodeStateMachine (DatanodeStateMachine.java:lambda$startDaemon$0(350)) - Ozone container server started.
2019-10-03 02:16:23,844 [Datanode State Machine Thread - 0] INFO  statemachine.DatanodeStateMachine (DatanodeStateMachine.java:lambda$startDaemon$0(350)) - Ozone container server started.
2019-10-03 02:16:24,767 [Thread-1481] INFO  container.ReplicationManager (ReplicationManager.java:start(162)) - Starting Replication Monitor Thread.
2019-10-03 02:16:24,770 [ReplicationMonitor] INFO  container.ReplicationManager (ReplicationManager.java:run(225)) - Replication Monitor Thread took 1 milliseconds for processing 0 containers.
2019-10-03 02:16:26,914 [Thread-1483] INFO  impl.FollowerState (FollowerState.java:run(108)) - 324ef8a6-4703-4492-af92-2f252eab6a12@group-CED11B7F84EE-FollowerState: change to CANDIDATE, lastRpcTime:5082ms, electionTimeout:5082ms
2019-10-03 02:16:26,915 [Thread-1483] INFO  impl.RoleInfo (RoleInfo.java:shutdownFollowerState(121)) - 324ef8a6-4703-4492-af92-2f252eab6a12: shutdown FollowerState
2019-10-03 02:16:26,915 [Thread-1483] INFO  impl.RaftServerImpl (RaftServerImpl.java:setRole(170)) - 324ef8a6-4703-4492-af92-2f252eab6a12@group-CED11B7F84EE: changes role from  FOLLOWER to CANDIDATE at term 0 for changeToCandidate
2019-10-03 02:16:26,916 [Thread-1483] INFO  impl.RoleInfo (RoleInfo.java:updateAndGet(143)) - 324ef8a6-4703-4492-af92-2f252eab6a12: start LeaderElection
2019-10-03 02:16:26,957 [324ef8a6-4703-4492-af92-2f252eab6a12@group-CED11B7F84EE-LeaderElection29] INFO  impl.LeaderElection (LeaderElection.java:askForVotes(178)) - 324ef8a6-4703-4492-af92-2f252eab6a12@group-CED11B7F84EE-LeaderElection29: begin an election at term 1 for -1: [324ef8a6-4703-4492-af92-2f252eab6a12:192.168.164.205:40225], old=null
2019-10-03 02:16:26,957 [324ef8a6-4703-4492-af92-2f252eab6a12@group-CED11B7F84EE-LeaderElection29] INFO  impl.RoleInfo (RoleInfo.java:shutdownLeaderElection(134)) - 324ef8a6-4703-4492-af92-2f252eab6a12: shutdown LeaderElection
2019-10-03 02:16:26,957 [324ef8a6-4703-4492-af92-2f252eab6a12@group-CED11B7F84EE-LeaderElection29] INFO  impl.RaftServerImpl (RaftServerImpl.java:setRole(170)) - 324ef8a6-4703-4492-af92-2f252eab6a12@group-CED11B7F84EE: changes role from CANDIDATE to LEADER at term 1 for changeToLeader
2019-10-03 02:16:26,957 [324ef8a6-4703-4492-af92-2f252eab6a12@group-CED11B7F84EE-LeaderElection29] INFO  impl.RaftServerImpl (ServerState.java:setLeader(255)) - 324ef8a6-4703-4492-af92-2f252eab6a12@group-CED11B7F84EE: change Leader from null to 324ef8a6-4703-4492-af92-2f252eab6a12 at term 1 for becomeLeader, leader elected after 5134ms
2019-10-03 02:16:26,958 [324ef8a6-4703-4492-af92-2f252eab6a12@group-CED11B7F84EE-LeaderElection29] INFO  server.RaftServerConfigKeys (ConfUtils.java:logGet(43)) - raft.server.staging.catchup.gap = 1000 (default)
2019-10-03 02:16:26,958 [324ef8a6-4703-4492-af92-2f252eab6a12@group-CED11B7F84EE-LeaderElection29] INFO  server.RaftServerConfigKeys (ConfUtils.java:logGet(43)) - raft.server.rpc.sleep.time = 25ms (default)
2019-10-03 02:16:26,958 [324ef8a6-4703-4492-af92-2f252eab6a12@group-CED11B7F84EE-LeaderElection29] INFO  server.RaftServerConfigKeys (ConfUtils.java:logGet(43)) - raft.server.write.element-limit = 4096 (default)
2019-10-03 02:16:26,959 [324ef8a6-4703-4492-af92-2f252eab6a12@group-CED11B7F84EE-LeaderElection29] INFO  server.RaftServerConfigKeys (ConfUtils.java:logGet(43)) - raft.server.watch.timeout = 10s (default)
2019-10-03 02:16:26,959 [324ef8a6-4703-4492-af92-2f252eab6a12@group-CED11B7F84EE-LeaderElection29] INFO  server.RaftServerConfigKeys (ConfUtils.java:logGet(43)) - raft.server.watch.timeout.denomination = 1s (default)
2019-10-03 02:16:26,959 [324ef8a6-4703-4492-af92-2f252eab6a12@group-CED11B7F84EE-LeaderElection29] INFO  server.RaftServerConfigKeys (ConfUtils.java:logGet(43)) - raft.server.watch.element-limit = 65536 (default)
2019-10-03 02:16:26,962 [324ef8a6-4703-4492-af92-2f252eab6a12@group-CED11B7F84EE-LeaderElection29] INFO  impl.RoleInfo (RoleInfo.java:updateAndGet(143)) - 324ef8a6-4703-4492-af92-2f252eab6a12: start LeaderState
2019-10-03 02:16:26,962 [324ef8a6-4703-4492-af92-2f252eab6a12@group-CED11B7F84EE-LeaderElection29] INFO  segmented.SegmentedRaftLogWorker (SegmentedRaftLogWorker.java:startLogSegment(385)) - 324ef8a6-4703-4492-af92-2f252eab6a12@group-CED11B7F84EE-SegmentedRaftLogWorker: Starting segment from index:0
2019-10-03 02:16:26,963 [324ef8a6-4703-4492-af92-2f252eab6a12@group-CED11B7F84EE-LeaderElection29] INFO  impl.RaftServerImpl (ServerState.java:setRaftConf(356)) - 324ef8a6-4703-4492-af92-2f252eab6a12@group-CED11B7F84EE: set configuration 0: [324ef8a6-4703-4492-af92-2f252eab6a12:192.168.164.205:40225], old=null at 0
2019-10-03 02:16:26,982 [Thread-1486] INFO  impl.FollowerState (FollowerState.java:run(108)) - 157f8f22-adb5-42aa-b730-909d1f9802f3@group-4032D9ACD354-FollowerState: change to CANDIDATE, lastRpcTime:5067ms, electionTimeout:5067ms
2019-10-03 02:16:26,982 [Thread-1486] INFO  impl.RoleInfo (RoleInfo.java:shutdownFollowerState(121)) - 157f8f22-adb5-42aa-b730-909d1f9802f3: shutdown FollowerState
2019-10-03 02:16:26,983 [Thread-1486] INFO  impl.RaftServerImpl (RaftServerImpl.java:setRole(170)) - 157f8f22-adb5-42aa-b730-909d1f9802f3@group-4032D9ACD354: changes role from  FOLLOWER to CANDIDATE at term 0 for changeToCandidate
2019-10-03 02:16:26,983 [Thread-1486] INFO  impl.RoleInfo (RoleInfo.java:updateAndGet(143)) - 157f8f22-adb5-42aa-b730-909d1f9802f3: start LeaderElection
2019-10-03 02:16:27,019 [324ef8a6-4703-4492-af92-2f252eab6a12@group-CED11B7F84EE-SegmentedRaftLogWorker] INFO  segmented.SegmentedRaftLogWorker (SegmentedRaftLogWorker.java:execute(574)) - 324ef8a6-4703-4492-af92-2f252eab6a12@group-CED11B7F84EE-SegmentedRaftLogWorker: created new log segment /workdir/hadoop-ozone/ozonefs/target/test-dir/MiniOzoneClusterImpl-75afc97a-78a0-417c-b1fb-82bdf829096d/datanode-0/data/ratis/1ecee805-6690-4b4d-8de4-ced11b7f84ee/current/log_inprogress_0
2019-10-03 02:16:27,019 [157f8f22-adb5-42aa-b730-909d1f9802f3@group-4032D9ACD354-LeaderElection30] INFO  impl.LeaderElection (LeaderElection.java:askForVotes(178)) - 157f8f22-adb5-42aa-b730-909d1f9802f3@group-4032D9ACD354-LeaderElection30: begin an election at term 1 for -1: [157f8f22-adb5-42aa-b730-909d1f9802f3:192.168.164.205:43136], old=null
2019-10-03 02:16:27,019 [157f8f22-adb5-42aa-b730-909d1f9802f3@group-4032D9ACD354-LeaderElection30] INFO  impl.RoleInfo (RoleInfo.java:shutdownLeaderElection(134)) - 157f8f22-adb5-42aa-b730-909d1f9802f3: shutdown LeaderElection
2019-10-03 02:16:27,019 [157f8f22-adb5-42aa-b730-909d1f9802f3@group-4032D9ACD354-LeaderElection30] INFO  impl.RaftServerImpl (RaftServerImpl.java:setRole(170)) - 157f8f22-adb5-42aa-b730-909d1f9802f3@group-4032D9ACD354: changes role from CANDIDATE to LEADER at term 1 for changeToLeader
2019-10-03 02:16:27,020 [157f8f22-adb5-42aa-b730-909d1f9802f3@group-4032D9ACD354-LeaderElection30] INFO  impl.RaftServerImpl (ServerState.java:setLeader(255)) - 157f8f22-adb5-42aa-b730-909d1f9802f3@group-4032D9ACD354: change Leader from null to 157f8f22-adb5-42aa-b730-909d1f9802f3 at term 1 for becomeLeader, leader elected after 5111ms
2019-10-03 02:16:27,020 [157f8f22-adb5-42aa-b730-909d1f9802f3@group-4032D9ACD354-LeaderElection30] INFO  server.RaftServerConfigKeys (ConfUtils.java:logGet(43)) - raft.server.staging.catchup.gap = 1000 (default)
2019-10-03 02:16:27,020 [157f8f22-adb5-42aa-b730-909d1f9802f3@group-4032D9ACD354-LeaderElection30] INFO  server.RaftServerConfigKeys (ConfUtils.java:logGet(43)) - raft.server.rpc.sleep.time = 25ms (default)
2019-10-03 02:16:27,021 [157f8f22-adb5-42aa-b730-909d1f9802f3@group-4032D9ACD354-LeaderElection30] INFO  server.RaftServerConfigKeys (ConfUtils.java:logGet(43)) - raft.server.write.element-limit = 4096 (default)
2019-10-03 02:16:27,021 [157f8f22-adb5-42aa-b730-909d1f9802f3@group-4032D9ACD354-LeaderElection30] INFO  server.RaftServerConfigKeys (ConfUtils.java:logGet(43)) - raft.server.watch.timeout = 10s (default)
2019-10-03 02:16:27,021 [157f8f22-adb5-42aa-b730-909d1f9802f3@group-4032D9ACD354-LeaderElection30] INFO  server.RaftServerConfigKeys (ConfUtils.java:logGet(43)) - raft.server.watch.timeout.denomination = 1s (default)
2019-10-03 02:16:27,021 [157f8f22-adb5-42aa-b730-909d1f9802f3@group-4032D9ACD354-LeaderElection30] INFO  server.RaftServerConfigKeys (ConfUtils.java:logGet(43)) - raft.server.watch.element-limit = 65536 (default)
2019-10-03 02:16:27,025 [157f8f22-adb5-42aa-b730-909d1f9802f3@group-4032D9ACD354-LeaderElection30] INFO  impl.RoleInfo (RoleInfo.java:updateAndGet(143)) - 157f8f22-adb5-42aa-b730-909d1f9802f3: start LeaderState
2019-10-03 02:16:27,025 [157f8f22-adb5-42aa-b730-909d1f9802f3@group-4032D9ACD354-LeaderElection30] INFO  segmented.SegmentedRaftLogWorker (SegmentedRaftLogWorker.java:startLogSegment(385)) - 157f8f22-adb5-42aa-b730-909d1f9802f3@group-4032D9ACD354-SegmentedRaftLogWorker: Starting segment from index:0
2019-10-03 02:16:27,026 [157f8f22-adb5-42aa-b730-909d1f9802f3@group-4032D9ACD354-LeaderElection30] INFO  impl.RaftServerImpl (ServerState.java:setRaftConf(356)) - 157f8f22-adb5-42aa-b730-909d1f9802f3@group-4032D9ACD354: set configuration 0: [157f8f22-adb5-42aa-b730-909d1f9802f3:192.168.164.205:43136], old=null at 0
2019-10-03 02:16:27,083 [Thread-1489] INFO  impl.FollowerState (FollowerState.java:run(108)) - d1d5e9d1-2bb0-440e-a598-b6a4827a19e1@group-FFC75D3D3757-FollowerState: change to CANDIDATE, lastRpcTime:5102ms, electionTimeout:5102ms
2019-10-03 02:16:27,084 [Thread-1489] INFO  impl.RoleInfo (RoleInfo.java:shutdownFollowerState(121)) - d1d5e9d1-2bb0-440e-a598-b6a4827a19e1: shutdown FollowerState
2019-10-03 02:16:27,084 [Thread-1489] INFO  impl.RaftServerImpl (RaftServerImpl.java:setRole(170)) - d1d5e9d1-2bb0-440e-a598-b6a4827a19e1@group-FFC75D3D3757: changes role from  FOLLOWER to CANDIDATE at term 0 for changeToCandidate
2019-10-03 02:16:27,084 [Thread-1489] INFO  impl.RoleInfo (RoleInfo.java:updateAndGet(143)) - d1d5e9d1-2bb0-440e-a598-b6a4827a19e1: start LeaderElection
2019-10-03 02:16:27,091 [157f8f22-adb5-42aa-b730-909d1f9802f3@group-4032D9ACD354-SegmentedRaftLogWorker] INFO  segmented.SegmentedRaftLogWorker (SegmentedRaftLogWorker.java:execute(574)) - 157f8f22-adb5-42aa-b730-909d1f9802f3@group-4032D9ACD354-SegmentedRaftLogWorker: created new log segment /workdir/hadoop-ozone/ozonefs/target/test-dir/MiniOzoneClusterImpl-75afc97a-78a0-417c-b1fb-82bdf829096d/datanode-1/data/ratis/8504580f-74c0-4475-a127-4032d9acd354/current/log_inprogress_0
2019-10-03 02:16:27,105 [d1d5e9d1-2bb0-440e-a598-b6a4827a19e1@group-FFC75D3D3757-LeaderElection31] INFO  impl.LeaderElection (LeaderElection.java:askForVotes(178)) - d1d5e9d1-2bb0-440e-a598-b6a4827a19e1@group-FFC75D3D3757-LeaderElection31: begin an election at term 1 for -1: [d1d5e9d1-2bb0-440e-a598-b6a4827a19e1:192.168.164.205:44014], old=null
2019-10-03 02:16:27,105 [d1d5e9d1-2bb0-440e-a598-b6a4827a19e1@group-FFC75D3D3757-LeaderElection31] INFO  impl.RoleInfo (RoleInfo.java:shutdownLeaderElection(134)) - d1d5e9d1-2bb0-440e-a598-b6a4827a19e1: shutdown LeaderElection
2019-10-03 02:16:27,105 [d1d5e9d1-2bb0-440e-a598-b6a4827a19e1@group-FFC75D3D3757-LeaderElection31] INFO  impl.RaftServerImpl (RaftServerImpl.java:setRole(170)) - d1d5e9d1-2bb0-440e-a598-b6a4827a19e1@group-FFC75D3D3757: changes role from CANDIDATE to LEADER at term 1 for changeToLeader
2019-10-03 02:16:27,105 [d1d5e9d1-2bb0-440e-a598-b6a4827a19e1@group-FFC75D3D3757-LeaderElection31] INFO  impl.RaftServerImpl (ServerState.java:setLeader(255)) - d1d5e9d1-2bb0-440e-a598-b6a4827a19e1@group-FFC75D3D3757: change Leader from null to d1d5e9d1-2bb0-440e-a598-b6a4827a19e1 at term 1 for becomeLeader, leader elected after 5134ms
2019-10-03 02:16:27,105 [d1d5e9d1-2bb0-440e-a598-b6a4827a19e1@group-FFC75D3D3757-LeaderElection31] INFO  server.RaftServerConfigKeys (ConfUtils.java:logGet(43)) - raft.server.staging.catchup.gap = 1000 (default)
2019-10-03 02:16:27,106 [d1d5e9d1-2bb0-440e-a598-b6a4827a19e1@group-FFC75D3D3757-LeaderElection31] INFO  server.RaftServerConfigKeys (ConfUtils.java:logGet(43)) - raft.server.rpc.sleep.time = 25ms (default)
2019-10-03 02:16:27,106 [d1d5e9d1-2bb0-440e-a598-b6a4827a19e1@group-FFC75D3D3757-LeaderElection31] INFO  server.RaftServerConfigKeys (ConfUtils.java:logGet(43)) - raft.server.write.element-limit = 4096 (default)
2019-10-03 02:16:27,106 [d1d5e9d1-2bb0-440e-a598-b6a4827a19e1@group-FFC75D3D3757-LeaderElection31] INFO  server.RaftServerConfigKeys (ConfUtils.java:logGet(43)) - raft.server.watch.timeout = 10s (default)
2019-10-03 02:16:27,106 [d1d5e9d1-2bb0-440e-a598-b6a4827a19e1@group-FFC75D3D3757-LeaderElection31] INFO  server.RaftServerConfigKeys (ConfUtils.java:logGet(43)) - raft.server.watch.timeout.denomination = 1s (default)
2019-10-03 02:16:27,106 [d1d5e9d1-2bb0-440e-a598-b6a4827a19e1@group-FFC75D3D3757-LeaderElection31] INFO  server.RaftServerConfigKeys (ConfUtils.java:logGet(43)) - raft.server.watch.element-limit = 65536 (default)
2019-10-03 02:16:27,109 [d1d5e9d1-2bb0-440e-a598-b6a4827a19e1@group-FFC75D3D3757-LeaderElection31] INFO  impl.RoleInfo (RoleInfo.java:updateAndGet(143)) - d1d5e9d1-2bb0-440e-a598-b6a4827a19e1: start LeaderState
2019-10-03 02:16:27,109 [d1d5e9d1-2bb0-440e-a598-b6a4827a19e1@group-FFC75D3D3757-LeaderElection31] INFO  segmented.SegmentedRaftLogWorker (SegmentedRaftLogWorker.java:startLogSegment(385)) - d1d5e9d1-2bb0-440e-a598-b6a4827a19e1@group-FFC75D3D3757-SegmentedRaftLogWorker: Starting segment from index:0
2019-10-03 02:16:27,110 [d1d5e9d1-2bb0-440e-a598-b6a4827a19e1@group-FFC75D3D3757-LeaderElection31] INFO  impl.RaftServerImpl (ServerState.java:setRaftConf(356)) - d1d5e9d1-2bb0-440e-a598-b6a4827a19e1@group-FFC75D3D3757: set configuration 0: [d1d5e9d1-2bb0-440e-a598-b6a4827a19e1:192.168.164.205:44014], old=null at 0
2019-10-03 02:16:27,157 [d1d5e9d1-2bb0-440e-a598-b6a4827a19e1@group-FFC75D3D3757-SegmentedRaftLogWorker] INFO  segmented.SegmentedRaftLogWorker (SegmentedRaftLogWorker.java:execute(574)) - d1d5e9d1-2bb0-440e-a598-b6a4827a19e1@group-FFC75D3D3757-SegmentedRaftLogWorker: created new log segment /workdir/hadoop-ozone/ozonefs/target/test-dir/MiniOzoneClusterImpl-75afc97a-78a0-417c-b1fb-82bdf829096d/datanode-2/data/ratis/41bf4905-77ba-4443-890a-ffc75d3d3757/current/log_inprogress_0
2019-10-03 02:16:27,177 [Thread-1497] INFO  impl.FollowerState (FollowerState.java:run(108)) - 157f8f22-adb5-42aa-b730-909d1f9802f3@group-87B3A98DB570-FollowerState: change to CANDIDATE, lastRpcTime:5116ms, electionTimeout:5112ms
2019-10-03 02:16:27,177 [Thread-1497] INFO  impl.RoleInfo (RoleInfo.java:shutdownFollowerState(121)) - 157f8f22-adb5-42aa-b730-909d1f9802f3: shutdown FollowerState
2019-10-03 02:16:27,177 [Thread-1497] INFO  impl.RaftServerImpl (RaftServerImpl.java:setRole(170)) - 157f8f22-adb5-42aa-b730-909d1f9802f3@group-87B3A98DB570: changes role from  FOLLOWER to CANDIDATE at term 0 for changeToCandidate
2019-10-03 02:16:27,178 [Thread-1497] INFO  impl.RoleInfo (RoleInfo.java:updateAndGet(143)) - 157f8f22-adb5-42aa-b730-909d1f9802f3: start LeaderElection
2019-10-03 02:16:27,199 [157f8f22-adb5-42aa-b730-909d1f9802f3@group-87B3A98DB570-LeaderElection32] INFO  impl.LeaderElection (LeaderElection.java:askForVotes(178)) - 157f8f22-adb5-42aa-b730-909d1f9802f3@group-87B3A98DB570-LeaderElection32: begin an election at term 1 for -1: [324ef8a6-4703-4492-af92-2f252eab6a12:192.168.164.205:40225, d1d5e9d1-2bb0-440e-a598-b6a4827a19e1:192.168.164.205:44014, 157f8f22-adb5-42aa-b730-909d1f9802f3:192.168.164.205:43136], old=null
2019-10-03 02:16:27,213 [Thread-1493] INFO  impl.FollowerState (FollowerState.java:run(108)) - 324ef8a6-4703-4492-af92-2f252eab6a12@group-87B3A98DB570-FollowerState: change to CANDIDATE, lastRpcTime:5157ms, electionTimeout:5157ms
2019-10-03 02:16:27,215 [grpc-default-executor-2] INFO  impl.RaftServerImpl (RaftServerImpl.java:setRole(170)) - d1d5e9d1-2bb0-440e-a598-b6a4827a19e1@group-87B3A98DB570: changes role from  FOLLOWER to FOLLOWER at term 1 for recognizeCandidate:157f8f22-adb5-42aa-b730-909d1f9802f3
2019-10-03 02:16:27,217 [Thread-1493] INFO  impl.RoleInfo (RoleInfo.java:shutdownFollowerState(121)) - 324ef8a6-4703-4492-af92-2f252eab6a12: shutdown FollowerState
2019-10-03 02:16:27,217 [grpc-default-executor-2] INFO  impl.RoleInfo (RoleInfo.java:shutdownFollowerState(121)) - d1d5e9d1-2bb0-440e-a598-b6a4827a19e1: shutdown FollowerState
2019-10-03 02:16:27,217 [Thread-1493] INFO  impl.RaftServerImpl (RaftServerImpl.java:setRole(170)) - 324ef8a6-4703-4492-af92-2f252eab6a12@group-87B3A98DB570: changes role from  FOLLOWER to CANDIDATE at term 0 for changeToCandidate
2019-10-03 02:16:27,217 [grpc-default-executor-2] INFO  impl.RoleInfo (RoleInfo.java:updateAndGet(143)) - d1d5e9d1-2bb0-440e-a598-b6a4827a19e1: start FollowerState
2019-10-03 02:16:27,217 [Thread-1493] INFO  impl.RoleInfo (RoleInfo.java:updateAndGet(143)) - 324ef8a6-4703-4492-af92-2f252eab6a12: start LeaderElection
2019-10-03 02:16:27,217 [Thread-1495] INFO  impl.FollowerState (FollowerState.java:run(117)) - d1d5e9d1-2bb0-440e-a598-b6a4827a19e1@group-87B3A98DB570-FollowerState was interrupted: java.lang.InterruptedException: sleep interrupted
2019-10-03 02:16:27,219 [grpc-default-executor-1] INFO  impl.RaftServerImpl (RaftServerImpl.java:setRole(170)) - 324ef8a6-4703-4492-af92-2f252eab6a12@group-87B3A98DB570: changes role from CANDIDATE to FOLLOWER at term 1 for recognizeCandidate:157f8f22-adb5-42aa-b730-909d1f9802f3
2019-10-03 02:16:27,219 [grpc-default-executor-1] INFO  impl.RoleInfo (RoleInfo.java:shutdownLeaderElection(134)) - 324ef8a6-4703-4492-af92-2f252eab6a12: shutdown LeaderElection
2019-10-03 02:16:27,220 [grpc-default-executor-1] INFO  impl.RoleInfo (RoleInfo.java:updateAndGet(143)) - 324ef8a6-4703-4492-af92-2f252eab6a12: start FollowerState
2019-10-03 02:16:27,237 [157f8f22-adb5-42aa-b730-909d1f9802f3@group-87B3A98DB570-LeaderElection32] INFO  impl.LeaderElection (LeaderElection.java:logAndReturn(56)) - 157f8f22-adb5-42aa-b730-909d1f9802f3@group-87B3A98DB570-LeaderElection32: Election PASSED; received 2 response(s) [157f8f22-adb5-42aa-b730-909d1f9802f3<-324ef8a6-4703-4492-af92-2f252eab6a12#0:FAIL-t1, 157f8f22-adb5-42aa-b730-909d1f9802f3<-d1d5e9d1-2bb0-440e-a598-b6a4827a19e1#0:OK-t1] and 0 exception(s); 157f8f22-adb5-42aa-b730-909d1f9802f3@group-87B3A98DB570:t1, leader=null, voted=157f8f22-adb5-42aa-b730-909d1f9802f3, raftlog=157f8f22-adb5-42aa-b730-909d1f9802f3@group-87B3A98DB570-SegmentedRaftLog:OPENED:c-1,f-1,i0, conf=-1: [324ef8a6-4703-4492-af92-2f252eab6a12:192.168.164.205:40225, d1d5e9d1-2bb0-440e-a598-b6a4827a19e1:192.168.164.205:44014, 157f8f22-adb5-42aa-b730-909d1f9802f3:192.168.164.205:43136], old=null
2019-10-03 02:16:27,237 [157f8f22-adb5-42aa-b730-909d1f9802f3@group-87B3A98DB570-LeaderElection32] INFO  impl.RoleInfo (RoleInfo.java:shutdownLeaderElection(134)) - 157f8f22-adb5-42aa-b730-909d1f9802f3: shutdown LeaderElection
2019-10-03 02:16:27,237 [157f8f22-adb5-42aa-b730-909d1f9802f3@group-87B3A98DB570-LeaderElection32] INFO  impl.RaftServerImpl (RaftServerImpl.java:setRole(170)) - 157f8f22-adb5-42aa-b730-909d1f9802f3@group-87B3A98DB570: changes role from CANDIDATE to LEADER at term 1 for changeToLeader
2019-10-03 02:16:27,237 [157f8f22-adb5-42aa-b730-909d1f9802f3@group-87B3A98DB570-LeaderElection32] INFO  impl.RaftServerImpl (ServerState.java:setLeader(255)) - 157f8f22-adb5-42aa-b730-909d1f9802f3@group-87B3A98DB570: change Leader from null to 157f8f22-adb5-42aa-b730-909d1f9802f3 at term 1 for becomeLeader, leader elected after 5189ms
2019-10-03 02:16:27,237 [157f8f22-adb5-42aa-b730-909d1f9802f3@group-87B3A98DB570-LeaderElection32] INFO  server.RaftServerConfigKeys (ConfUtils.java:logGet(43)) - raft.server.staging.catchup.gap = 1000 (default)
2019-10-03 02:16:27,238 [157f8f22-adb5-42aa-b730-909d1f9802f3@group-87B3A98DB570-LeaderElection32] INFO  server.RaftServerConfigKeys (ConfUtils.java:logGet(43)) - raft.server.rpc.sleep.time = 25ms (default)
2019-10-03 02:16:27,238 [157f8f22-adb5-42aa-b730-909d1f9802f3@group-87B3A98DB570-LeaderElection32] INFO  server.RaftServerConfigKeys (ConfUtils.java:logGet(43)) - raft.server.write.element-limit = 4096 (default)
2019-10-03 02:16:27,238 [157f8f22-adb5-42aa-b730-909d1f9802f3@group-87B3A98DB570-LeaderElection32] INFO  server.RaftServerConfigKeys (ConfUtils.java:logGet(43)) - raft.server.watch.timeout = 10s (default)
2019-10-03 02:16:27,238 [157f8f22-adb5-42aa-b730-909d1f9802f3@group-87B3A98DB570-LeaderElection32] INFO  server.RaftServerConfigKeys (ConfUtils.java:logGet(43)) - raft.server.watch.timeout.denomination = 1s (default)
2019-10-03 02:16:27,238 [157f8f22-adb5-42aa-b730-909d1f9802f3@group-87B3A98DB570-LeaderElection32] INFO  server.RaftServerConfigKeys (ConfUtils.java:logGet(43)) - raft.server.watch.element-limit = 65536 (default)
2019-10-03 02:16:27,240 [157f8f22-adb5-42aa-b730-909d1f9802f3@group-87B3A98DB570-LeaderElection32] INFO  server.RaftServerConfigKeys (ConfUtils.java:logGet(43)) - raft.server.log.appender.snapshot.chunk.size.max = 16MB (=16777216) (default)
2019-10-03 02:16:27,241 [157f8f22-adb5-42aa-b730-909d1f9802f3@group-87B3A98DB570-LeaderElection32] INFO  server.RaftServerConfigKeys (ConfUtils.java:logGet(43)) - raft.server.log.appender.buffer.byte-limit = 33554432 (custom)
2019-10-03 02:16:27,241 [157f8f22-adb5-42aa-b730-909d1f9802f3@group-87B3A98DB570-LeaderElection32] INFO  server.RaftServerConfigKeys (ConfUtils.java:logGet(43)) - raft.server.log.appender.buffer.element-limit = 1 (custom)
2019-10-03 02:16:27,241 [157f8f22-adb5-42aa-b730-909d1f9802f3@group-87B3A98DB570-LeaderElection32] INFO  grpc.GrpcConfigKeys$Server (ConfUtils.java:logGet(43)) - raft.grpc.server.leader.outstanding.appends.max = 128 (default)
2019-10-03 02:16:27,241 [157f8f22-adb5-42aa-b730-909d1f9802f3@group-87B3A98DB570-LeaderElection32] INFO  server.RaftServerConfigKeys (ConfUtils.java:logGet(43)) - raft.server.rpc.request.timeout = 3000ms (default)
2019-10-03 02:16:27,241 [157f8f22-adb5-42aa-b730-909d1f9802f3@group-87B3A98DB570-LeaderElection32] INFO  server.RaftServerConfigKeys (ConfUtils.java:logGet(43)) - raft.server.log.appender.install.snapshot.enabled = false (custom)
2019-10-03 02:16:27,241 [157f8f22-adb5-42aa-b730-909d1f9802f3@group-87B3A98DB570-LeaderElection32] INFO  server.RaftServerConfigKeys (ConfUtils.java:logGet(43)) - raft.server.log.appender.snapshot.chunk.size.max = 16MB (=16777216) (default)
2019-10-03 02:16:27,242 [157f8f22-adb5-42aa-b730-909d1f9802f3@group-87B3A98DB570-LeaderElection32] INFO  server.RaftServerConfigKeys (ConfUtils.java:logGet(43)) - raft.server.log.appender.buffer.byte-limit = 33554432 (custom)
2019-10-03 02:16:27,242 [157f8f22-adb5-42aa-b730-909d1f9802f3@group-87B3A98DB570-LeaderElection32] INFO  server.RaftServerConfigKeys (ConfUtils.java:logGet(43)) - raft.server.log.appender.buffer.element-limit = 1 (custom)
2019-10-03 02:16:27,242 [157f8f22-adb5-42aa-b730-909d1f9802f3@group-87B3A98DB570-LeaderElection32] INFO  grpc.GrpcConfigKeys$Server (ConfUtils.java:logGet(43)) - raft.grpc.server.leader.outstanding.appends.max = 128 (default)
2019-10-03 02:16:27,242 [157f8f22-adb5-42aa-b730-909d1f9802f3@group-87B3A98DB570-LeaderElection32] INFO  server.RaftServerConfigKeys (ConfUtils.java:logGet(43)) - raft.server.rpc.request.timeout = 3000ms (default)
2019-10-03 02:16:27,242 [157f8f22-adb5-42aa-b730-909d1f9802f3@group-87B3A98DB570-LeaderElection32] INFO  server.RaftServerConfigKeys (ConfUtils.java:logGet(43)) - raft.server.log.appender.install.snapshot.enabled = false (custom)
2019-10-03 02:16:27,242 [157f8f22-adb5-42aa-b730-909d1f9802f3@group-87B3A98DB570-LeaderElection32] INFO  impl.RoleInfo (RoleInfo.java:updateAndGet(143)) - 157f8f22-adb5-42aa-b730-909d1f9802f3: start LeaderState
2019-10-03 02:16:27,242 [157f8f22-adb5-42aa-b730-909d1f9802f3@group-87B3A98DB570-LeaderElection32] INFO  segmented.SegmentedRaftLogWorker (SegmentedRaftLogWorker.java:startLogSegment(385)) - 157f8f22-adb5-42aa-b730-909d1f9802f3@group-87B3A98DB570-SegmentedRaftLogWorker: Starting segment from index:0
2019-10-03 02:16:27,243 [157f8f22-adb5-42aa-b730-909d1f9802f3@group-87B3A98DB570-LeaderElection32] INFO  impl.RaftServerImpl (ServerState.java:setRaftConf(356)) - 157f8f22-adb5-42aa-b730-909d1f9802f3@group-87B3A98DB570: set configuration 0: [324ef8a6-4703-4492-af92-2f252eab6a12:192.168.164.205:40225, d1d5e9d1-2bb0-440e-a598-b6a4827a19e1:192.168.164.205:44014, 157f8f22-adb5-42aa-b730-909d1f9802f3:192.168.164.205:43136], old=null at 0
2019-10-03 02:16:27,270 [324ef8a6-4703-4492-af92-2f252eab6a12@group-87B3A98DB570-LeaderElection33] INFO  impl.LeaderElection (LeaderElection.java:askForVotes(178)) - 324ef8a6-4703-4492-af92-2f252eab6a12@group-87B3A98DB570-LeaderElection33: begin an election at term 2 for -1: [324ef8a6-4703-4492-af92-2f252eab6a12:192.168.164.205:40225, d1d5e9d1-2bb0-440e-a598-b6a4827a19e1:192.168.164.205:44014, 157f8f22-adb5-42aa-b730-909d1f9802f3:192.168.164.205:43136], old=null
2019-10-03 02:16:27,272 [324ef8a6-4703-4492-af92-2f252eab6a12@group-87B3A98DB570-LeaderElection33] INFO  impl.LeaderElection (LeaderElection.java:logAndReturn(56)) - 324ef8a6-4703-4492-af92-2f252eab6a12@group-87B3A98DB570-LeaderElection33: Election REJECTED; received 0 response(s) [] and 0 exception(s); 324ef8a6-4703-4492-af92-2f252eab6a12@group-87B3A98DB570:t2, leader=null, voted=324ef8a6-4703-4492-af92-2f252eab6a12, raftlog=324ef8a6-4703-4492-af92-2f252eab6a12@group-87B3A98DB570-SegmentedRaftLog:OPENED:c-1,f-1,i0, conf=-1: [324ef8a6-4703-4492-af92-2f252eab6a12:192.168.164.205:40225, d1d5e9d1-2bb0-440e-a598-b6a4827a19e1:192.168.164.205:44014, 157f8f22-adb5-42aa-b730-909d1f9802f3:192.168.164.205:43136], old=null
2019-10-03 02:16:27,278 [grpc-default-executor-0] INFO  impl.RaftServerImpl (ServerState.java:setLeader(255)) - d1d5e9d1-2bb0-440e-a598-b6a4827a19e1@group-87B3A98DB570: change Leader from null to 157f8f22-adb5-42aa-b730-909d1f9802f3 at term 1 for appendEntries, leader elected after 5229ms
2019-10-03 02:16:27,281 [157f8f22-adb5-42aa-b730-909d1f9802f3@group-87B3A98DB570-SegmentedRaftLogWorker] INFO  segmented.SegmentedRaftLogWorker (SegmentedRaftLogWorker.java:execute(574)) - 157f8f22-adb5-42aa-b730-909d1f9802f3@group-87B3A98DB570-SegmentedRaftLogWorker: created new log segment /workdir/hadoop-ozone/ozonefs/target/test-dir/MiniOzoneClusterImpl-75afc97a-78a0-417c-b1fb-82bdf829096d/datanode-1/data/ratis/796d1a9e-613c-4d03-a573-87b3a98db570/current/log_inprogress_0
2019-10-03 02:16:27,284 [Thread-1516] INFO  impl.RaftServerImpl (ServerState.java:setLeader(255)) - 157f8f22-adb5-42aa-b730-909d1f9802f3@group-87B3A98DB570: change Leader from 157f8f22-adb5-42aa-b730-909d1f9802f3 to null at term 2 for updateCurrentTerm
2019-10-03 02:16:27,284 [Thread-1516] INFO  impl.RaftServerImpl (RaftServerImpl.java:setRole(170)) - 157f8f22-adb5-42aa-b730-909d1f9802f3@group-87B3A98DB570: changes role from    LEADER to FOLLOWER at term 2 for stepDown
2019-10-03 02:16:27,284 [Thread-1516] INFO  impl.RoleInfo (RoleInfo.java:shutdownLeaderState(104)) - 157f8f22-adb5-42aa-b730-909d1f9802f3: shutdown LeaderState
2019-10-03 02:16:27,290 [org.apache.ratis.server.impl.LogAppender$AppenderDaemon$$Lambda$441/533741322@2bf7bfac] WARN  server.GrpcLogAppender (GrpcLogAppender.java:mayWait(143)) - 157f8f22-adb5-42aa-b730-909d1f9802f3@group-87B3A98DB570->d1d5e9d1-2bb0-440e-a598-b6a4827a19e1-GrpcLogAppender: Wait interrupted by java.lang.InterruptedException
2019-10-03 02:16:27,290 [Thread-1516] INFO  impl.PendingRequests (PendingRequests.java:sendNotLeaderResponses(202)) - 157f8f22-adb5-42aa-b730-909d1f9802f3@group-87B3A98DB570-PendingRequests: sendNotLeaderResponses
2019-10-03 02:16:27,290 [org.apache.ratis.server.impl.LogAppender$AppenderDaemon$$Lambda$441/533741322@20367961] WARN  server.GrpcLogAppender (GrpcLogAppender.java:mayWait(143)) - 157f8f22-adb5-42aa-b730-909d1f9802f3@group-87B3A98DB570->324ef8a6-4703-4492-af92-2f252eab6a12-GrpcLogAppender: Wait interrupted by java.lang.InterruptedException
2019-10-03 02:16:27,290 [grpc-default-executor-0] INFO  impl.RaftServerImpl (ServerState.java:setRaftConf(356)) - d1d5e9d1-2bb0-440e-a598-b6a4827a19e1@group-87B3A98DB570: set configuration 0: [324ef8a6-4703-4492-af92-2f252eab6a12:192.168.164.205:40225, d1d5e9d1-2bb0-440e-a598-b6a4827a19e1:192.168.164.205:44014, 157f8f22-adb5-42aa-b730-909d1f9802f3:192.168.164.205:43136], old=null at 0
2019-10-03 02:16:27,290 [Thread-1516] INFO  impl.RoleInfo (RoleInfo.java:updateAndGet(143)) - 157f8f22-adb5-42aa-b730-909d1f9802f3: start FollowerState
2019-10-03 02:16:27,292 [grpc-default-executor-0] INFO  segmented.SegmentedRaftLogWorker (SegmentedRaftLogWorker.java:startLogSegment(385)) - d1d5e9d1-2bb0-440e-a598-b6a4827a19e1@group-87B3A98DB570-SegmentedRaftLogWorker: Starting segment from index:0
2019-10-03 02:16:27,292 [grpc-default-executor-2] INFO  impl.RaftServerImpl (ServerState.java:setLeader(255)) - d1d5e9d1-2bb0-440e-a598-b6a4827a19e1@group-87B3A98DB570: change Leader from 157f8f22-adb5-42aa-b730-909d1f9802f3 to null at term 2 for updateCurrentTerm
2019-10-03 02:16:27,292 [grpc-default-executor-2] INFO  impl.RaftServerImpl (RaftServerImpl.java:setRole(170)) - d1d5e9d1-2bb0-440e-a598-b6a4827a19e1@group-87B3A98DB570: changes role from  FOLLOWER to FOLLOWER at term 2 for recognizeCandidate:324ef8a6-4703-4492-af92-2f252eab6a12
2019-10-03 02:16:27,292 [grpc-default-executor-0] INFO  server.GrpcServerProtocolService (GrpcServerProtocolService.java:onCompleted(113)) - d1d5e9d1-2bb0-440e-a598-b6a4827a19e1: Completed APPEND_ENTRIES, lastRequest: 157f8f22-adb5-42aa-b730-909d1f9802f3->d1d5e9d1-2bb0-440e-a598-b6a4827a19e1#1-t1, previous=(t:0, i:0), leaderCommit=-1, initializing? false, entries: size=1, first=(t:1, i:0), CONFIGURATIONENTRY
2019-10-03 02:16:27,292 [grpc-default-executor-2] INFO  impl.RoleInfo (RoleInfo.java:shutdownFollowerState(121)) - d1d5e9d1-2bb0-440e-a598-b6a4827a19e1: shutdown FollowerState
2019-10-03 02:16:27,293 [grpc-default-executor-2] INFO  impl.RoleInfo (RoleInfo.java:updateAndGet(143)) - d1d5e9d1-2bb0-440e-a598-b6a4827a19e1: start FollowerState
2019-10-03 02:16:27,293 [grpc-default-executor-3] INFO  server.GrpcServerProtocolService (GrpcServerProtocolService.java:onCompleted(113)) - 324ef8a6-4703-4492-af92-2f252eab6a12: Completed APPEND_ENTRIES, lastRequest: 157f8f22-adb5-42aa-b730-909d1f9802f3->324ef8a6-4703-4492-af92-2f252eab6a12#0-t1, previous=(t:0, i:0), leaderCommit=-1, initializing? false, entries: <empty>
2019-10-03 02:16:27,293 [Thread-1513] INFO  impl.FollowerState (FollowerState.java:run(117)) - d1d5e9d1-2bb0-440e-a598-b6a4827a19e1@group-87B3A98DB570-FollowerState was interrupted: java.lang.InterruptedException: sleep interrupted
2019-10-03 02:16:27,293 [grpc-default-executor-0] INFO  server.GrpcLogAppender (GrpcLogAppender.java:onCompleted(293)) - 157f8f22-adb5-42aa-b730-909d1f9802f3@group-87B3A98DB570->d1d5e9d1-2bb0-440e-a598-b6a4827a19e1-AppendLogResponseHandler: follower responses appendEntries COMPLETED
2019-10-03 02:16:27,329 [grpc-default-executor-1] INFO  impl.RaftServerImpl (RaftServerImpl.java:setRole(170)) - 157f8f22-adb5-42aa-b730-909d1f9802f3@group-87B3A98DB570: changes role from  FOLLOWER to FOLLOWER at term 2 for recognizeCandidate:324ef8a6-4703-4492-af92-2f252eab6a12
2019-10-03 02:16:27,329 [grpc-default-executor-1] INFO  impl.RoleInfo (RoleInfo.java:shutdownFollowerState(121)) - 157f8f22-adb5-42aa-b730-909d1f9802f3: shutdown FollowerState
2019-10-03 02:16:27,330 [grpc-default-executor-1] INFO  impl.RoleInfo (RoleInfo.java:updateAndGet(143)) - 157f8f22-adb5-42aa-b730-909d1f9802f3: start FollowerState
2019-10-03 02:16:27,330 [grpc-default-executor-4] INFO  server.GrpcLogAppender (GrpcLogAppender.java:onCompleted(293)) - 157f8f22-adb5-42aa-b730-909d1f9802f3@group-87B3A98DB570->324ef8a6-4703-4492-af92-2f252eab6a12-AppendLogResponseHandler: follower responses appendEntries COMPLETED
2019-10-03 02:16:27,330 [grpc-default-executor-0] INFO  impl.FollowerInfo (FollowerInfo.java:lambda$new$0(51)) - 157f8f22-adb5-42aa-b730-909d1f9802f3@group-87B3A98DB570->d1d5e9d1-2bb0-440e-a598-b6a4827a19e1: nextIndex: updateUnconditionally 1 -> 0
2019-10-03 02:16:27,330 [Thread-1524] INFO  impl.FollowerState (FollowerState.java:run(117)) - 157f8f22-adb5-42aa-b730-909d1f9802f3@group-87B3A98DB570-FollowerState was interrupted: java.lang.InterruptedException: sleep interrupted
2019-10-03 02:16:27,333 [grpc-default-executor-4] INFO  impl.FollowerInfo (FollowerInfo.java:lambda$new$0(51)) - 157f8f22-adb5-42aa-b730-909d1f9802f3@group-87B3A98DB570->324ef8a6-4703-4492-af92-2f252eab6a12: nextIndex: updateUnconditionally 0 -> 0
2019-10-03 02:16:27,339 [d1d5e9d1-2bb0-440e-a598-b6a4827a19e1@group-87B3A98DB570-SegmentedRaftLogWorker] INFO  segmented.SegmentedRaftLogWorker (SegmentedRaftLogWorker.java:execute(574)) - d1d5e9d1-2bb0-440e-a598-b6a4827a19e1@group-87B3A98DB570-SegmentedRaftLogWorker: created new log segment /workdir/hadoop-ozone/ozonefs/target/test-dir/MiniOzoneClusterImpl-75afc97a-78a0-417c-b1fb-82bdf829096d/datanode-2/data/ratis/796d1a9e-613c-4d03-a573-87b3a98db570/current/log_inprogress_0
2019-10-03 02:16:28,097 [Thread-1309] INFO  ozoneimpl.OzoneContainer (OzoneContainer.java:stop(231)) - Attempting to stop container services.
2019-10-03 02:16:28,097 [ForkJoinPool.commonPool-worker-0] INFO  ozoneimpl.OzoneContainer (OzoneContainer.java:stop(231)) - Attempting to stop container services.
2019-10-03 02:16:28,098 [Thread-1309] INFO  impl.RaftServerProxy (RaftServerProxy.java:lambda$close$4(314)) - 157f8f22-adb5-42aa-b730-909d1f9802f3: close
2019-10-03 02:16:28,098 [ForkJoinPool.commonPool-worker-0] INFO  impl.RaftServerProxy (RaftServerProxy.java:lambda$close$4(314)) - 324ef8a6-4703-4492-af92-2f252eab6a12: close
2019-10-03 02:16:28,098 [Thread-1309] INFO  impl.RaftServerImpl (RaftServerImpl.java:lambda$shutdown$3(247)) - 157f8f22-adb5-42aa-b730-909d1f9802f3@group-87B3A98DB570: shutdown
2019-10-03 02:16:28,099 [ForkJoinPool.commonPool-worker-0] INFO  impl.RaftServerImpl (RaftServerImpl.java:lambda$shutdown$3(247)) - 324ef8a6-4703-4492-af92-2f252eab6a12@group-87B3A98DB570: shutdown
2019-10-03 02:16:28,099 [Thread-1309] INFO  util.JmxRegister (JmxRegister.java:unregister(73)) - Successfully un-registered JMX Bean with object name Ratis:service=RaftServer,group=group-87B3A98DB570,id=157f8f22-adb5-42aa-b730-909d1f9802f3
2019-10-03 02:16:28,099 [ForkJoinPool.commonPool-worker-0] INFO  util.JmxRegister (JmxRegister.java:unregister(73)) - Successfully un-registered JMX Bean with object name Ratis:service=RaftServer,group=group-87B3A98DB570,id=324ef8a6-4703-4492-af92-2f252eab6a12
2019-10-03 02:16:28,100 [Thread-1309] INFO  impl.RoleInfo (RoleInfo.java:shutdownFollowerState(121)) - 157f8f22-adb5-42aa-b730-909d1f9802f3: shutdown FollowerState
2019-10-03 02:16:28,100 [ForkJoinPool.commonPool-worker-0] INFO  impl.RoleInfo (RoleInfo.java:shutdownFollowerState(121)) - 324ef8a6-4703-4492-af92-2f252eab6a12: shutdown FollowerState
2019-10-03 02:16:28,100 [Thread-1526] INFO  impl.FollowerState (FollowerState.java:run(117)) - 157f8f22-adb5-42aa-b730-909d1f9802f3@group-87B3A98DB570-FollowerState was interrupted: java.lang.InterruptedException: sleep interrupted
2019-10-03 02:16:28,100 [Thread-1309] INFO  impl.StateMachineUpdater (StateMachineUpdater.java:stopAndJoin(136)) - 157f8f22-adb5-42aa-b730-909d1f9802f3@group-87B3A98DB570-StateMachineUpdater: set stopIndex = -1
2019-10-03 02:16:28,103 [Thread-1309] INFO  impl.RaftServerImpl (ServerState.java:close(387)) - 157f8f22-adb5-42aa-b730-909d1f9802f3@group-87B3A98DB570: closes. applyIndex: -1
2019-10-03 02:16:28,101 [Thread-1515] INFO  impl.FollowerState (FollowerState.java:run(117)) - 324ef8a6-4703-4492-af92-2f252eab6a12@group-87B3A98DB570-FollowerState was interrupted: java.lang.InterruptedException: sleep interrupted
2019-10-03 02:16:28,101 [ForkJoinPool.commonPool-worker-0] INFO  impl.StateMachineUpdater (StateMachineUpdater.java:stopAndJoin(136)) - 324ef8a6-4703-4492-af92-2f252eab6a12@group-87B3A98DB570-StateMachineUpdater: set stopIndex = -1
2019-10-03 02:16:28,105 [157f8f22-adb5-42aa-b730-909d1f9802f3@group-87B3A98DB570-SegmentedRaftLogWorker] INFO  segmented.SegmentedRaftLogWorker (SegmentedRaftLogWorker.java:run(316)) - 157f8f22-adb5-42aa-b730-909d1f9802f3@group-87B3A98DB570-SegmentedRaftLogWorker was interrupted, exiting. There are 0 tasks remaining in the queue.
2019-10-03 02:16:28,105 [ForkJoinPool.commonPool-worker-0] INFO  impl.RaftServerImpl (ServerState.java:close(387)) - 324ef8a6-4703-4492-af92-2f252eab6a12@group-87B3A98DB570: closes. applyIndex: -1
2019-10-03 02:16:28,107 [Thread-1309] INFO  segmented.SegmentedRaftLogWorker (SegmentedRaftLogWorker.java:close(224)) - 157f8f22-adb5-42aa-b730-909d1f9802f3@group-87B3A98DB570-SegmentedRaftLogWorker close()
2019-10-03 02:16:28,107 [324ef8a6-4703-4492-af92-2f252eab6a12@group-87B3A98DB570-SegmentedRaftLogWorker] INFO  segmented.SegmentedRaftLogWorker (SegmentedRaftLogWorker.java:run(316)) - 324ef8a6-4703-4492-af92-2f252eab6a12@group-87B3A98DB570-SegmentedRaftLogWorker was interrupted, exiting. There are 0 tasks remaining in the queue.
2019-10-03 02:16:28,110 [Thread-1309] INFO  impl.RaftServerImpl (RaftServerImpl.java:lambda$shutdown$3(247)) - 157f8f22-adb5-42aa-b730-909d1f9802f3@group-4032D9ACD354: shutdown
2019-10-03 02:16:28,110 [ForkJoinPool.commonPool-worker-0] INFO  segmented.SegmentedRaftLogWorker (SegmentedRaftLogWorker.java:close(224)) - 324ef8a6-4703-4492-af92-2f252eab6a12@group-87B3A98DB570-SegmentedRaftLogWorker close()
2019-10-03 02:16:28,110 [Thread-1309] INFO  util.JmxRegister (JmxRegister.java:unregister(73)) - Successfully un-registered JMX Bean with object name Ratis:service=RaftServer,group=group-4032D9ACD354,id=157f8f22-adb5-42aa-b730-909d1f9802f3
2019-10-03 02:16:28,113 [ForkJoinPool.commonPool-worker-0] INFO  impl.RaftServerImpl (RaftServerImpl.java:lambda$shutdown$3(247)) - 324ef8a6-4703-4492-af92-2f252eab6a12@group-CED11B7F84EE: shutdown
2019-10-03 02:16:28,113 [Thread-1309] INFO  impl.RoleInfo (RoleInfo.java:shutdownLeaderState(104)) - 157f8f22-adb5-42aa-b730-909d1f9802f3: shutdown LeaderState
2019-10-03 02:16:28,114 [ForkJoinPool.commonPool-worker-0] INFO  util.JmxRegister (JmxRegister.java:unregister(73)) - Successfully un-registered JMX Bean with object name Ratis:service=RaftServer,group=group-CED11B7F84EE,id=324ef8a6-4703-4492-af92-2f252eab6a12
2019-10-03 02:16:28,114 [Thread-1309] INFO  impl.PendingRequests (PendingRequests.java:sendNotLeaderResponses(202)) - 157f8f22-adb5-42aa-b730-909d1f9802f3@group-4032D9ACD354-PendingRequests: sendNotLeaderResponses
2019-10-03 02:16:28,114 [ForkJoinPool.commonPool-worker-0] INFO  impl.RoleInfo (RoleInfo.java:shutdownLeaderState(104)) - 324ef8a6-4703-4492-af92-2f252eab6a12: shutdown LeaderState
2019-10-03 02:16:28,115 [Thread-1309] INFO  impl.StateMachineUpdater (StateMachineUpdater.java:stopAndJoin(136)) - 157f8f22-adb5-42aa-b730-909d1f9802f3@group-4032D9ACD354-StateMachineUpdater: set stopIndex = 0
2019-10-03 02:16:28,116 [Thread-1309] INFO  impl.RaftServerImpl (ServerState.java:close(387)) - 157f8f22-adb5-42aa-b730-909d1f9802f3@group-4032D9ACD354: closes. applyIndex: 0
2019-10-03 02:16:28,115 [ForkJoinPool.commonPool-worker-0] INFO  impl.PendingRequests (PendingRequests.java:sendNotLeaderResponses(202)) - 324ef8a6-4703-4492-af92-2f252eab6a12@group-CED11B7F84EE-PendingRequests: sendNotLeaderResponses
2019-10-03 02:16:28,116 [157f8f22-adb5-42aa-b730-909d1f9802f3@group-4032D9ACD354-SegmentedRaftLogWorker] INFO  segmented.SegmentedRaftLogWorker (SegmentedRaftLogWorker.java:run(316)) - 157f8f22-adb5-42aa-b730-909d1f9802f3@group-4032D9ACD354-SegmentedRaftLogWorker was interrupted, exiting. There are 0 tasks remaining in the queue.
2019-10-03 02:16:28,116 [ForkJoinPool.commonPool-worker-0] INFO  impl.StateMachineUpdater (StateMachineUpdater.java:stopAndJoin(136)) - 324ef8a6-4703-4492-af92-2f252eab6a12@group-CED11B7F84EE-StateMachineUpdater: set stopIndex = 0
2019-10-03 02:16:28,118 [Thread-1309] INFO  segmented.SegmentedRaftLogWorker (SegmentedRaftLogWorker.java:close(224)) - 157f8f22-adb5-42aa-b730-909d1f9802f3@group-4032D9ACD354-SegmentedRaftLogWorker close()
2019-10-03 02:16:28,118 [ForkJoinPool.commonPool-worker-0] INFO  impl.RaftServerImpl (ServerState.java:close(387)) - 324ef8a6-4703-4492-af92-2f252eab6a12@group-CED11B7F84EE: closes. applyIndex: 0
2019-10-03 02:16:28,121 [Thread-1309] INFO  server.GrpcService (GrpcService.java:closeImpl(164)) - 157f8f22-adb5-42aa-b730-909d1f9802f3: shutdown server with port 43136 now
2019-10-03 02:16:28,121 [324ef8a6-4703-4492-af92-2f252eab6a12@group-CED11B7F84EE-SegmentedRaftLogWorker] INFO  segmented.SegmentedRaftLogWorker (SegmentedRaftLogWorker.java:run(316)) - 324ef8a6-4703-4492-af92-2f252eab6a12@group-CED11B7F84EE-SegmentedRaftLogWorker was interrupted, exiting. There are 0 tasks remaining in the queue.
2019-10-03 02:16:28,122 [ForkJoinPool.commonPool-worker-0] INFO  segmented.SegmentedRaftLogWorker (SegmentedRaftLogWorker.java:close(224)) - 324ef8a6-4703-4492-af92-2f252eab6a12@group-CED11B7F84EE-SegmentedRaftLogWorker close()
2019-10-03 02:16:28,125 [ForkJoinPool.commonPool-worker-0] INFO  server.GrpcService (GrpcService.java:closeImpl(164)) - 324ef8a6-4703-4492-af92-2f252eab6a12: shutdown server with port 40225 now
2019-10-03 02:16:28,125 [Thread-1309] INFO  server.GrpcService (GrpcService.java:closeImpl(172)) - 157f8f22-adb5-42aa-b730-909d1f9802f3: shutdown server with port 43136 successfully
2019-10-03 02:16:28,131 [ForkJoinPool.commonPool-worker-0] INFO  server.GrpcService (GrpcService.java:closeImpl(172)) - 324ef8a6-4703-4492-af92-2f252eab6a12: shutdown server with port 40225 successfully
2019-10-03 02:16:28,132 [refreshUsed-/workdir/hadoop-ozone/ozonefs/target/test-dir/MiniOzoneClusterImpl-75afc97a-78a0-417c-b1fb-82bdf829096d/datanode-1/data/containers] WARN  fs.CachingGetSpaceUsed (CachingGetSpaceUsed.java:run(183)) - Thread Interrupted waiting to refresh disk information: sleep interrupted
2019-10-03 02:16:28,134 [refreshUsed-/workdir/hadoop-ozone/ozonefs/target/test-dir/MiniOzoneClusterImpl-75afc97a-78a0-417c-b1fb-82bdf829096d/datanode-0/data/containers] WARN  fs.CachingGetSpaceUsed (CachingGetSpaceUsed.java:run(183)) - Thread Interrupted waiting to refresh disk information: sleep interrupted
2019-10-03 02:16:28,165 [Thread-1309] INFO  utils.BackgroundService (BackgroundService.java:shutdown(148)) - Shutting down service BlockDeletingService
2019-10-03 02:16:28,165 [ForkJoinPool.commonPool-worker-0] INFO  utils.BackgroundService (BackgroundService.java:shutdown(148)) - Shutting down service BlockDeletingService
2019-10-03 02:16:28,169 [Thread-1309] INFO  statemachine.DatanodeStateMachine (DatanodeStateMachine.java:stopDaemon(395)) - Ozone container server stopped.
2019-10-03 02:16:28,178 [ForkJoinPool.commonPool-worker-0] INFO  statemachine.DatanodeStateMachine (DatanodeStateMachine.java:stopDaemon(395)) - Ozone container server stopped.
2019-10-03 02:16:28,181 [Thread-1309] INFO  handler.ContextHandler (ContextHandler.java:doStop(910)) - Stopped o.e.j.w.WebAppContext@35a30807{/,null,UNAVAILABLE}{/hddsDatanode}
2019-10-03 02:16:28,183 [ForkJoinPool.commonPool-worker-0] INFO  handler.ContextHandler (ContextHandler.java:doStop(910)) - Stopped o.e.j.w.WebAppContext@44aa36c9{/,null,UNAVAILABLE}{/hddsDatanode}
2019-10-03 02:16:28,184 [ForkJoinPool.commonPool-worker-0] INFO  server.AbstractConnector (AbstractConnector.java:doStop(318)) - Stopped ServerConnector@2bffc9ce{HTTP/1.1,[http/1.1]}{0.0.0.0:0}
2019-10-03 02:16:28,184 [Thread-1309] INFO  server.AbstractConnector (AbstractConnector.java:doStop(318)) - Stopped ServerConnector@393f97aa{HTTP/1.1,[http/1.1]}{0.0.0.0:0}
2019-10-03 02:16:28,185 [ForkJoinPool.commonPool-worker-0] INFO  handler.ContextHandler (ContextHandler.java:doStop(910)) - Stopped o.e.j.s.ServletContextHandler@378a87f5{/static,jar:file:/home/user/.m2/repository/org/apache/hadoop/hadoop-hdds-container-service/0.5.0-SNAPSHOT/hadoop-hdds-container-service-0.5.0-SNAPSHOT.jar!/webapps/static,UNAVAILABLE}
2019-10-03 02:16:28,185 [Thread-1309] INFO  handler.ContextHandler (ContextHandler.java:doStop(910)) - Stopped o.e.j.s.ServletContextHandler@5d518929{/static,jar:file:/home/user/.m2/repository/org/apache/hadoop/hadoop-hdds-container-service/0.5.0-SNAPSHOT/hadoop-hdds-container-service-0.5.0-SNAPSHOT.jar!/webapps/static,UNAVAILABLE}
2019-10-03 02:16:28,187 [ForkJoinPool.commonPool-worker-0] INFO  handler.ContextHandler (ContextHandler.java:doStop(910)) - Stopped o.e.j.s.ServletContextHandler@41e302ef{/logs,file:///workdir/hadoop-ozone/ozonefs/target/log,UNAVAILABLE}
2019-10-03 02:16:28,187 [Thread-1309] INFO  handler.ContextHandler (ContextHandler.java:doStop(910)) - Stopped o.e.j.s.ServletContextHandler@1c0bdd94{/logs,file:///workdir/hadoop-ozone/ozonefs/target/log,UNAVAILABLE}
2019-10-03 02:16:28,930 [Datanode State Machine Thread - 0] INFO  statemachine.DatanodeStateMachine (DatanodeStateMachine.java:lambda$startDaemon$0(350)) - Ozone container server started.
2019-10-03 02:16:32,349 [Thread-1525] INFO  impl.FollowerState (FollowerState.java:run(108)) - d1d5e9d1-2bb0-440e-a598-b6a4827a19e1@group-87B3A98DB570-FollowerState: change to CANDIDATE, lastRpcTime:5056ms, electionTimeout:5056ms
2019-10-03 02:16:32,350 [Thread-1525] INFO  impl.RoleInfo (RoleInfo.java:shutdownFollowerState(121)) - d1d5e9d1-2bb0-440e-a598-b6a4827a19e1: shutdown FollowerState
2019-10-03 02:16:32,350 [Thread-1525] INFO  impl.RaftServerImpl (RaftServerImpl.java:setRole(170)) - d1d5e9d1-2bb0-440e-a598-b6a4827a19e1@group-87B3A98DB570: changes role from  FOLLOWER to CANDIDATE at term 2 for changeToCandidate
2019-10-03 02:16:32,350 [Thread-1525] INFO  impl.RoleInfo (RoleInfo.java:updateAndGet(143)) - d1d5e9d1-2bb0-440e-a598-b6a4827a19e1: start LeaderElection
2019-10-03 02:16:32,366 [d1d5e9d1-2bb0-440e-a598-b6a4827a19e1@group-87B3A98DB570-LeaderElection34] INFO  impl.LeaderElection (LeaderElection.java:askForVotes(178)) - d1d5e9d1-2bb0-440e-a598-b6a4827a19e1@group-87B3A98DB570-LeaderElection34: begin an election at term 3 for 0: [324ef8a6-4703-4492-af92-2f252eab6a12:192.168.164.205:40225, d1d5e9d1-2bb0-440e-a598-b6a4827a19e1:192.168.164.205:44014, 157f8f22-adb5-42aa-b730-909d1f9802f3:192.168.164.205:43136], old=null
2019-10-03 02:16:32,374 [d1d5e9d1-2bb0-440e-a598-b6a4827a19e1@group-87B3A98DB570-LeaderElection34] INFO  impl.LeaderElection (LogUtils.java:infoOrTrace(149)) - d1d5e9d1-2bb0-440e-a598-b6a4827a19e1@group-87B3A98DB570-LeaderElection34 got exception when requesting votes: {}
java.util.concurrent.ExecutionException: org.apache.ratis.thirdparty.io.grpc.StatusRuntimeException: UNAVAILABLE: io exception
	at java.util.concurrent.FutureTask.report(FutureTask.java:122)
	at java.util.concurrent.FutureTask.get(FutureTask.java:192)
	at org.apache.ratis.server.impl.LeaderElection.waitForResults(LeaderElection.java:259)
	at org.apache.ratis.server.impl.LeaderElection.askForVotes(LeaderElection.java:197)
	at org.apache.ratis.server.impl.LeaderElection.run(LeaderElection.java:133)
	at java.lang.Thread.run(Thread.java:748)
Caused by: org.apache.ratis.thirdparty.io.grpc.StatusRuntimeException: UNAVAILABLE: io exception
	at org.apache.ratis.thirdparty.io.grpc.stub.ClientCalls.toStatusRuntimeException(ClientCalls.java:233)
	at org.apache.ratis.thirdparty.io.grpc.stub.ClientCalls.getUnchecked(ClientCalls.java:214)
	at org.apache.ratis.thirdparty.io.grpc.stub.ClientCalls.blockingUnaryCall(ClientCalls.java:139)
	at org.apache.ratis.proto.grpc.RaftServerProtocolServiceGrpc$RaftServerProtocolServiceBlockingStub.requestVote(RaftServerProtocolServiceGrpc.java:265)
	at org.apache.ratis.grpc.server.GrpcServerProtocolClient.requestVote(GrpcServerProtocolClient.java:99)
	at org.apache.ratis.grpc.server.GrpcService.requestVote(GrpcService.java:204)
	at org.apache.ratis.server.impl.LeaderElection.lambda$submitRequests$1(LeaderElection.java:234)
	at java.util.concurrent.FutureTask.run(FutureTask.java:266)
	at java.util.concurrent.Executors$RunnableAdapter.call(Executors.java:511)
	at java.util.concurrent.FutureTask.run(FutureTask.java:266)
	at java.util.concurrent.ThreadPoolExecutor.runWorker(ThreadPoolExecutor.java:1149)
	at java.util.concurrent.ThreadPoolExecutor$Worker.run(ThreadPoolExecutor.java:624)
	... 1 more
Caused by: org.apache.ratis.thirdparty.io.netty.channel.AbstractChannel$AnnotatedConnectException: Connection refused: /192.168.164.205:43136
	at sun.nio.ch.SocketChannelImpl.checkConnect(Native Method)
	at sun.nio.ch.SocketChannelImpl.finishConnect(SocketChannelImpl.java:717)
	at org.apache.ratis.thirdparty.io.netty.channel.socket.nio.NioSocketChannel.doFinishConnect(NioSocketChannel.java:327)
	at org.apache.ratis.thirdparty.io.netty.channel.nio.AbstractNioChannel$AbstractNioUnsafe.finishConnect(AbstractNioChannel.java:340)
	at org.apache.ratis.thirdparty.io.netty.channel.nio.NioEventLoop.processSelectedKey(NioEventLoop.java:632)
	at org.apache.ratis.thirdparty.io.netty.channel.nio.NioEventLoop.processSelectedKeysOptimized(NioEventLoop.java:579)
	at org.apache.ratis.thirdparty.io.netty.channel.nio.NioEventLoop.processSelectedKeys(NioEventLoop.java:496)
	at org.apache.ratis.thirdparty.io.netty.channel.nio.NioEventLoop.run(NioEventLoop.java:458)
	at org.apache.ratis.thirdparty.io.netty.util.concurrent.SingleThreadEventExecutor$5.run(SingleThreadEventExecutor.java:897)
	at org.apache.ratis.thirdparty.io.netty.util.concurrent.FastThreadLocalRunnable.run(FastThreadLocalRunnable.java:30)
	... 1 more
Caused by: java.net.ConnectException: Connection refused
	... 11 more
2019-10-03 02:16:32,376 [d1d5e9d1-2bb0-440e-a598-b6a4827a19e1@group-87B3A98DB570-LeaderElection34] INFO  impl.LeaderElection (LogUtils.java:infoOrTrace(149)) - d1d5e9d1-2bb0-440e-a598-b6a4827a19e1@group-87B3A98DB570-LeaderElection34 got exception when requesting votes: {}
java.util.concurrent.ExecutionException: org.apache.ratis.thirdparty.io.grpc.StatusRuntimeException: UNAVAILABLE: io exception
	at java.util.concurrent.FutureTask.report(FutureTask.java:122)
	at java.util.concurrent.FutureTask.get(FutureTask.java:192)
	at org.apache.ratis.server.impl.LeaderElection.waitForResults(LeaderElection.java:259)
	at org.apache.ratis.server.impl.LeaderElection.askForVotes(LeaderElection.java:197)
	at org.apache.ratis.server.impl.LeaderElection.run(LeaderElection.java:133)
	at java.lang.Thread.run(Thread.java:748)
Caused by: org.apache.ratis.thirdparty.io.grpc.StatusRuntimeException: UNAVAILABLE: io exception
	at org.apache.ratis.thirdparty.io.grpc.stub.ClientCalls.toStatusRuntimeException(ClientCalls.java:233)
	at org.apache.ratis.thirdparty.io.grpc.stub.ClientCalls.getUnchecked(ClientCalls.java:214)
	at org.apache.ratis.thirdparty.io.grpc.stub.ClientCalls.blockingUnaryCall(ClientCalls.java:139)
	at org.apache.ratis.proto.grpc.RaftServerProtocolServiceGrpc$RaftServerProtocolServiceBlockingStub.requestVote(RaftServerProtocolServiceGrpc.java:265)
	at org.apache.ratis.grpc.server.GrpcServerProtocolClient.requestVote(GrpcServerProtocolClient.java:99)
	at org.apache.ratis.grpc.server.GrpcService.requestVote(GrpcService.java:204)
	at org.apache.ratis.server.impl.LeaderElection.lambda$submitRequests$1(LeaderElection.java:234)
	at java.util.concurrent.FutureTask.run(FutureTask.java:266)
	at java.util.concurrent.Executors$RunnableAdapter.call(Executors.java:511)
	at java.util.concurrent.FutureTask.run(FutureTask.java:266)
	at java.util.concurrent.ThreadPoolExecutor.runWorker(ThreadPoolExecutor.java:1149)
	at java.util.concurrent.ThreadPoolExecutor$Worker.run(ThreadPoolExecutor.java:624)
	... 1 more
Caused by: org.apache.ratis.thirdparty.io.netty.channel.AbstractChannel$AnnotatedConnectException: Connection refused: /192.168.164.205:40225
	at sun.nio.ch.SocketChannelImpl.checkConnect(Native Method)
	at sun.nio.ch.SocketChannelImpl.finishConnect(SocketChannelImpl.java:717)
	at org.apache.ratis.thirdparty.io.netty.channel.socket.nio.NioSocketChannel.doFinishConnect(NioSocketChannel.java:327)
	at org.apache.ratis.thirdparty.io.netty.channel.nio.AbstractNioChannel$AbstractNioUnsafe.finishConnect(AbstractNioChannel.java:340)
	at org.apache.ratis.thirdparty.io.netty.channel.nio.NioEventLoop.processSelectedKey(NioEventLoop.java:632)
	at org.apache.ratis.thirdparty.io.netty.channel.nio.NioEventLoop.processSelectedKeysOptimized(NioEventLoop.java:579)
	at org.apache.ratis.thirdparty.io.netty.channel.nio.NioEventLoop.processSelectedKeys(NioEventLoop.java:496)
	at org.apache.ratis.thirdparty.io.netty.channel.nio.NioEventLoop.run(NioEventLoop.java:458)
	at org.apache.ratis.thirdparty.io.netty.util.concurrent.SingleThreadEventExecutor$5.run(SingleThreadEventExecutor.java:897)
	at org.apache.ratis.thirdparty.io.netty.util.concurrent.FastThreadLocalRunnable.run(FastThreadLocalRunnable.java:30)
	... 1 more
Caused by: java.net.ConnectException: Connection refused
	... 11 more
2019-10-03 02:16:32,378 [d1d5e9d1-2bb0-440e-a598-b6a4827a19e1@group-87B3A98DB570-LeaderElection34] INFO  impl.LeaderElection (LeaderElection.java:logAndReturn(56)) - d1d5e9d1-2bb0-440e-a598-b6a4827a19e1@group-87B3A98DB570-LeaderElection34: Election REJECTED; received 0 response(s) [] and 2 exception(s); d1d5e9d1-2bb0-440e-a598-b6a4827a19e1@group-87B3A98DB570:t3, leader=null, voted=d1d5e9d1-2bb0-440e-a598-b6a4827a19e1, raftlog=d1d5e9d1-2bb0-440e-a598-b6a4827a19e1@group-87B3A98DB570-SegmentedRaftLog:OPENED:c-1,f0,i0, conf=0: [324ef8a6-4703-4492-af92-2f252eab6a12:192.168.164.205:40225, d1d5e9d1-2bb0-440e-a598-b6a4827a19e1:192.168.164.205:44014, 157f8f22-adb5-42aa-b730-909d1f9802f3:192.168.164.205:43136], old=null
2019-10-03 02:16:32,379 [d1d5e9d1-2bb0-440e-a598-b6a4827a19e1@group-87B3A98DB570-LeaderElection34] INFO  impl.LeaderElection (LogUtils.java:infoOrTrace(149)) -   Exception 0: {}
java.util.concurrent.ExecutionException: org.apache.ratis.thirdparty.io.grpc.StatusRuntimeException: UNAVAILABLE: io exception
	at java.util.concurrent.FutureTask.report(FutureTask.java:122)
	at java.util.concurrent.FutureTask.get(FutureTask.java:192)
	at org.apache.ratis.server.impl.LeaderElection.waitForResults(LeaderElection.java:259)
	at org.apache.ratis.server.impl.LeaderElection.askForVotes(LeaderElection.java:197)
	at org.apache.ratis.server.impl.LeaderElection.run(LeaderElection.java:133)
	at java.lang.Thread.run(Thread.java:748)
Caused by: org.apache.ratis.thirdparty.io.grpc.StatusRuntimeException: UNAVAILABLE: io exception
	at org.apache.ratis.thirdparty.io.grpc.stub.ClientCalls.toStatusRuntimeException(ClientCalls.java:233)
	at org.apache.ratis.thirdparty.io.grpc.stub.ClientCalls.getUnchecked(ClientCalls.java:214)
	at org.apache.ratis.thirdparty.io.grpc.stub.ClientCalls.blockingUnaryCall(ClientCalls.java:139)
	at org.apache.ratis.proto.grpc.RaftServerProtocolServiceGrpc$RaftServerProtocolServiceBlockingStub.requestVote(RaftServerProtocolServiceGrpc.java:265)
	at org.apache.ratis.grpc.server.GrpcServerProtocolClient.requestVote(GrpcServerProtocolClient.java:99)
	at org.apache.ratis.grpc.server.GrpcService.requestVote(GrpcService.java:204)
	at org.apache.ratis.server.impl.LeaderElection.lambda$submitRequests$1(LeaderElection.java:234)
	at java.util.concurrent.FutureTask.run(FutureTask.java:266)
	at java.util.concurrent.Executors$RunnableAdapter.call(Executors.java:511)
	at java.util.concurrent.FutureTask.run(FutureTask.java:266)
	at java.util.concurrent.ThreadPoolExecutor.runWorker(ThreadPoolExecutor.java:1149)
	at java.util.concurrent.ThreadPoolExecutor$Worker.run(ThreadPoolExecutor.java:624)
	... 1 more
Caused by: org.apache.ratis.thirdparty.io.netty.channel.AbstractChannel$AnnotatedConnectException: Connection refused: /192.168.164.205:43136
	at sun.nio.ch.SocketChannelImpl.checkConnect(Native Method)
	at sun.nio.ch.SocketChannelImpl.finishConnect(SocketChannelImpl.java:717)
	at org.apache.ratis.thirdparty.io.netty.channel.socket.nio.NioSocketChannel.doFinishConnect(NioSocketChannel.java:327)
	at org.apache.ratis.thirdparty.io.netty.channel.nio.AbstractNioChannel$AbstractNioUnsafe.finishConnect(AbstractNioChannel.java:340)
	at org.apache.ratis.thirdparty.io.netty.channel.nio.NioEventLoop.processSelectedKey(NioEventLoop.java:632)
	at org.apache.ratis.thirdparty.io.netty.channel.nio.NioEventLoop.processSelectedKeysOptimized(NioEventLoop.java:579)
	at org.apache.ratis.thirdparty.io.netty.channel.nio.NioEventLoop.processSelectedKeys(NioEventLoop.java:496)
	at org.apache.ratis.thirdparty.io.netty.channel.nio.NioEventLoop.run(NioEventLoop.java:458)
	at org.apache.ratis.thirdparty.io.netty.util.concurrent.SingleThreadEventExecutor$5.run(SingleThreadEventExecutor.java:897)
	at org.apache.ratis.thirdparty.io.netty.util.concurrent.FastThreadLocalRunnable.run(FastThreadLocalRunnable.java:30)
	... 1 more
Caused by: java.net.ConnectException: Connection refused
	... 11 more
2019-10-03 02:16:32,379 [d1d5e9d1-2bb0-440e-a598-b6a4827a19e1@group-87B3A98DB570-LeaderElection34] INFO  impl.LeaderElection (LogUtils.java:infoOrTrace(149)) -   Exception 1: {}
java.util.concurrent.ExecutionException: org.apache.ratis.thirdparty.io.grpc.StatusRuntimeException: UNAVAILABLE: io exception
	at java.util.concurrent.FutureTask.report(FutureTask.java:122)
	at java.util.concurrent.FutureTask.get(FutureTask.java:192)
	at org.apache.ratis.server.impl.LeaderElection.waitForResults(LeaderElection.java:259)
	at org.apache.ratis.server.impl.LeaderElection.askForVotes(LeaderElection.java:197)
	at org.apache.ratis.server.impl.LeaderElection.run(LeaderElection.java:133)
	at java.lang.Thread.run(Thread.java:748)
Caused by: org.apache.ratis.thirdparty.io.grpc.StatusRuntimeException: UNAVAILABLE: io exception
	at org.apache.ratis.thirdparty.io.grpc.stub.ClientCalls.toStatusRuntimeException(ClientCalls.java:233)
	at org.apache.ratis.thirdparty.io.grpc.stub.ClientCalls.getUnchecked(ClientCalls.java:214)
	at org.apache.ratis.thirdparty.io.grpc.stub.ClientCalls.blockingUnaryCall(ClientCalls.java:139)
	at org.apache.ratis.proto.grpc.RaftServerProtocolServiceGrpc$RaftServerProtocolServiceBlockingStub.requestVote(RaftServerProtocolServiceGrpc.java:265)
	at org.apache.ratis.grpc.server.GrpcServerProtocolClient.requestVote(GrpcServerProtocolClient.java:99)
	at org.apache.ratis.grpc.server.GrpcService.requestVote(GrpcService.java:204)
	at org.apache.ratis.server.impl.LeaderElection.lambda$submitRequests$1(LeaderElection.java:234)
	at java.util.concurrent.FutureTask.run(FutureTask.java:266)
	at java.util.concurrent.Executors$RunnableAdapter.call(Executors.java:511)
	at java.util.concurrent.FutureTask.run(FutureTask.java:266)
	at java.util.concurrent.ThreadPoolExecutor.runWorker(ThreadPoolExecutor.java:1149)
	at java.util.concurrent.ThreadPoolExecutor$Worker.run(ThreadPoolExecutor.java:624)
	... 1 more
Caused by: org.apache.ratis.thirdparty.io.netty.channel.AbstractChannel$AnnotatedConnectException: Connection refused: /192.168.164.205:40225
	at sun.nio.ch.SocketChannelImpl.checkConnect(Native Method)
	at sun.nio.ch.SocketChannelImpl.finishConnect(SocketChannelImpl.java:717)
	at org.apache.ratis.thirdparty.io.netty.channel.socket.nio.NioSocketChannel.doFinishConnect(NioSocketChannel.java:327)
	at org.apache.ratis.thirdparty.io.netty.channel.nio.AbstractNioChannel$AbstractNioUnsafe.finishConnect(AbstractNioChannel.java:340)
	at org.apache.ratis.thirdparty.io.netty.channel.nio.NioEventLoop.processSelectedKey(NioEventLoop.java:632)
	at org.apache.ratis.thirdparty.io.netty.channel.nio.NioEventLoop.processSelectedKeysOptimized(NioEventLoop.java:579)
	at org.apache.ratis.thirdparty.io.netty.channel.nio.NioEventLoop.processSelectedKeys(NioEventLoop.java:496)
	at org.apache.ratis.thirdparty.io.netty.channel.nio.NioEventLoop.run(NioEventLoop.java:458)
	at org.apache.ratis.thirdparty.io.netty.util.concurrent.SingleThreadEventExecutor$5.run(SingleThreadEventExecutor.java:897)
	at org.apache.ratis.thirdparty.io.netty.util.concurrent.FastThreadLocalRunnable.run(FastThreadLocalRunnable.java:30)
	... 1 more
Caused by: java.net.ConnectException: Connection refused
	... 11 more
2019-10-03 02:16:32,380 [d1d5e9d1-2bb0-440e-a598-b6a4827a19e1@group-87B3A98DB570-LeaderElection34] INFO  impl.RaftServerImpl (RaftServerImpl.java:setRole(170)) - d1d5e9d1-2bb0-440e-a598-b6a4827a19e1@group-87B3A98DB570: changes role from CANDIDATE to FOLLOWER at term 3 for DISCOVERED_A_NEW_TERM
2019-10-03 02:16:32,380 [d1d5e9d1-2bb0-440e-a598-b6a4827a19e1@group-87B3A98DB570-LeaderElection34] INFO  impl.RoleInfo (RoleInfo.java:shutdownLeaderElection(134)) - d1d5e9d1-2bb0-440e-a598-b6a4827a19e1: shutdown LeaderElection
2019-10-03 02:16:32,380 [d1d5e9d1-2bb0-440e-a598-b6a4827a19e1@group-87B3A98DB570-LeaderElection34] INFO  impl.RoleInfo (RoleInfo.java:updateAndGet(143)) - d1d5e9d1-2bb0-440e-a598-b6a4827a19e1: start FollowerState
2019-10-03 02:16:33,189 [ForkJoinPool.commonPool-worker-0] INFO  ozoneimpl.OzoneContainer (OzoneContainer.java:stop(231)) - Attempting to stop container services.
2019-10-03 02:16:33,191 [ForkJoinPool.commonPool-worker-0] INFO  impl.RaftServerProxy (RaftServerProxy.java:lambda$close$4(314)) - d1d5e9d1-2bb0-440e-a598-b6a4827a19e1: close
2019-10-03 02:16:33,192 [ForkJoinPool.commonPool-worker-0] INFO  impl.RaftServerImpl (RaftServerImpl.java:lambda$shutdown$3(247)) - d1d5e9d1-2bb0-440e-a598-b6a4827a19e1@group-87B3A98DB570: shutdown
2019-10-03 02:16:33,192 [ForkJoinPool.commonPool-worker-0] INFO  util.JmxRegister (JmxRegister.java:unregister(73)) - Successfully un-registered JMX Bean with object name Ratis:service=RaftServer,group=group-87B3A98DB570,id=d1d5e9d1-2bb0-440e-a598-b6a4827a19e1
2019-10-03 02:16:33,192 [ForkJoinPool.commonPool-worker-0] INFO  impl.RoleInfo (RoleInfo.java:shutdownFollowerState(121)) - d1d5e9d1-2bb0-440e-a598-b6a4827a19e1: shutdown FollowerState
2019-10-03 02:16:33,193 [ForkJoinPool.commonPool-worker-0] INFO  impl.StateMachineUpdater (StateMachineUpdater.java:stopAndJoin(136)) - d1d5e9d1-2bb0-440e-a598-b6a4827a19e1@group-87B3A98DB570-StateMachineUpdater: set stopIndex = -1
2019-10-03 02:16:33,193 [Thread-1531] INFO  impl.FollowerState (FollowerState.java:run(117)) - d1d5e9d1-2bb0-440e-a598-b6a4827a19e1@group-87B3A98DB570-FollowerState was interrupted: java.lang.InterruptedException: sleep interrupted
2019-10-03 02:16:33,193 [ForkJoinPool.commonPool-worker-0] INFO  impl.RaftServerImpl (ServerState.java:close(387)) - d1d5e9d1-2bb0-440e-a598-b6a4827a19e1@group-87B3A98DB570: closes. applyIndex: -1
2019-10-03 02:16:33,195 [d1d5e9d1-2bb0-440e-a598-b6a4827a19e1@group-87B3A98DB570-SegmentedRaftLogWorker] INFO  segmented.SegmentedRaftLogWorker (SegmentedRaftLogWorker.java:run(316)) - d1d5e9d1-2bb0-440e-a598-b6a4827a19e1@group-87B3A98DB570-SegmentedRaftLogWorker was interrupted, exiting. There are 0 tasks remaining in the queue.
2019-10-03 02:16:33,197 [ForkJoinPool.commonPool-worker-0] INFO  segmented.SegmentedRaftLogWorker (SegmentedRaftLogWorker.java:close(224)) - d1d5e9d1-2bb0-440e-a598-b6a4827a19e1@group-87B3A98DB570-SegmentedRaftLogWorker close()
2019-10-03 02:16:33,199 [ForkJoinPool.commonPool-worker-0] INFO  impl.RaftServerImpl (RaftServerImpl.java:lambda$shutdown$3(247)) - d1d5e9d1-2bb0-440e-a598-b6a4827a19e1@group-FFC75D3D3757: shutdown
2019-10-03 02:16:33,200 [ForkJoinPool.commonPool-worker-0] INFO  util.JmxRegister (JmxRegister.java:unregister(73)) - Successfully un-registered JMX Bean with object name Ratis:service=RaftServer,group=group-FFC75D3D3757,id=d1d5e9d1-2bb0-440e-a598-b6a4827a19e1
2019-10-03 02:16:33,200 [ForkJoinPool.commonPool-worker-0] INFO  impl.RoleInfo (RoleInfo.java:shutdownLeaderState(104)) - d1d5e9d1-2bb0-440e-a598-b6a4827a19e1: shutdown LeaderState
2019-10-03 02:16:33,200 [ForkJoinPool.commonPool-worker-0] INFO  impl.PendingRequests (PendingRequests.java:sendNotLeaderResponses(202)) - d1d5e9d1-2bb0-440e-a598-b6a4827a19e1@group-FFC75D3D3757-PendingRequests: sendNotLeaderResponses
2019-10-03 02:16:33,201 [ForkJoinPool.commonPool-worker-0] INFO  impl.StateMachineUpdater (StateMachineUpdater.java:stopAndJoin(136)) - d1d5e9d1-2bb0-440e-a598-b6a4827a19e1@group-FFC75D3D3757-StateMachineUpdater: set stopIndex = 0
2019-10-03 02:16:33,201 [ForkJoinPool.commonPool-worker-0] INFO  impl.RaftServerImpl (ServerState.java:close(387)) - d1d5e9d1-2bb0-440e-a598-b6a4827a19e1@group-FFC75D3D3757: closes. applyIndex: 0
2019-10-03 02:16:33,201 [d1d5e9d1-2bb0-440e-a598-b6a4827a19e1@group-FFC75D3D3757-SegmentedRaftLogWorker] INFO  segmented.SegmentedRaftLogWorker (SegmentedRaftLogWorker.java:run(316)) - d1d5e9d1-2bb0-440e-a598-b6a4827a19e1@group-FFC75D3D3757-SegmentedRaftLogWorker was interrupted, exiting. There are 0 tasks remaining in the queue.
2019-10-03 02:16:33,203 [ForkJoinPool.commonPool-worker-0] INFO  segmented.SegmentedRaftLogWorker (SegmentedRaftLogWorker.java:close(224)) - d1d5e9d1-2bb0-440e-a598-b6a4827a19e1@group-FFC75D3D3757-SegmentedRaftLogWorker close()
2019-10-03 02:16:33,205 [ForkJoinPool.commonPool-worker-0] INFO  server.GrpcService (GrpcService.java:closeImpl(164)) - d1d5e9d1-2bb0-440e-a598-b6a4827a19e1: shutdown server with port 44014 now
2019-10-03 02:16:33,209 [ForkJoinPool.commonPool-worker-0] INFO  server.GrpcService (GrpcService.java:closeImpl(172)) - d1d5e9d1-2bb0-440e-a598-b6a4827a19e1: shutdown server with port 44014 successfully
2019-10-03 02:16:33,214 [refreshUsed-/workdir/hadoop-ozone/ozonefs/target/test-dir/MiniOzoneClusterImpl-75afc97a-78a0-417c-b1fb-82bdf829096d/datanode-2/data/containers] WARN  fs.CachingGetSpaceUsed (CachingGetSpaceUsed.java:run(183)) - Thread Interrupted waiting to refresh disk information: sleep interrupted
2019-10-03 02:16:33,244 [ForkJoinPool.commonPool-worker-0] INFO  utils.BackgroundService (BackgroundService.java:shutdown(148)) - Shutting down service BlockDeletingService
2019-10-03 02:16:33,246 [ForkJoinPool.commonPool-worker-0] INFO  statemachine.DatanodeStateMachine (DatanodeStateMachine.java:stopDaemon(395)) - Ozone container server stopped.
2019-10-03 02:16:33,250 [ForkJoinPool.commonPool-worker-0] INFO  handler.ContextHandler (ContextHandler.java:doStop(910)) - Stopped o.e.j.w.WebAppContext@66dbf512{/,null,UNAVAILABLE}{/hddsDatanode}
2019-10-03 02:16:33,250 [ForkJoinPool.commonPool-worker-0] INFO  server.AbstractConnector (AbstractConnector.java:doStop(318)) - Stopped ServerConnector@503915c5{HTTP/1.1,[http/1.1]}{0.0.0.0:0}
2019-10-03 02:16:33,251 [ForkJoinPool.commonPool-worker-0] INFO  handler.ContextHandler (ContextHandler.java:doStop(910)) - Stopped o.e.j.s.ServletContextHandler@23230882{/static,jar:file:/home/user/.m2/repository/org/apache/hadoop/hadoop-hdds-container-service/0.5.0-SNAPSHOT/hadoop-hdds-container-service-0.5.0-SNAPSHOT.jar!/webapps/static,UNAVAILABLE}
2019-10-03 02:16:33,253 [ForkJoinPool.commonPool-worker-0] INFO  handler.ContextHandler (ContextHandler.java:doStop(910)) - Stopped o.e.j.s.ServletContextHandler@75607087{/logs,file:///workdir/hadoop-ozone/ozonefs/target/log,UNAVAILABLE}
2019-10-03 02:16:33,254 [Thread-1309] INFO  ozone.MiniOzoneClusterImpl (MiniOzoneClusterImpl.java:stopSCM(392)) - Stopping the StorageContainerManager
2019-10-03 02:16:33,254 [Thread-1309] INFO  server.StorageContainerManager (StorageContainerManager.java:stop(808)) - Stopping Replication Manager Service.
2019-10-03 02:16:33,255 [Thread-1309] INFO  container.ReplicationManager (ReplicationManager.java:stop(203)) - Stopping Replication Monitor Thread.
2019-10-03 02:16:33,255 [Thread-1309] INFO  server.StorageContainerManager (StorageContainerManager.java:stop(815)) - Stopping Lease Manager of the command watchers
2019-10-03 02:16:33,255 [Thread-1309] INFO  server.StorageContainerManager (StorageContainerManager.java:stop(822)) - Stopping datanode service RPC server
2019-10-03 02:16:33,255 [Thread-1309] INFO  server.SCMDatanodeProtocolServer (SCMDatanodeProtocolServer.java:stop(367)) - Stopping the RPC server for DataNodes
2019-10-03 02:16:33,255 [Thread-1309] INFO  ipc.Server (Server.java:stop(3082)) - Stopping server on 36275
2019-10-03 02:16:33,258 [IPC Server listener on 36275] INFO  ipc.Server (Server.java:run(1185)) - Stopping IPC Server listener on 36275
2019-10-03 02:16:33,259 [IPC Server Responder] INFO  ipc.Server (Server.java:run(1319)) - Stopping IPC Server Responder
2019-10-03 02:16:33,281 [SCM Heartbeat Processing Thread - 0] WARN  node.NodeStateManager (NodeStateManager.java:scheduleNextHealthCheck(646)) - Current Thread is interrupted, shutting down HB processing thread for Node Manager.
2019-10-03 02:16:33,282 [Thread-1309] INFO  server.StorageContainerManager (StorageContainerManager.java:stop(830)) - Stopping block service RPC server
2019-10-03 02:16:33,282 [Thread-1309] INFO  server.SCMBlockProtocolServer (SCMBlockProtocolServer.java:stop(155)) - Stopping the RPC server for Block Protocol
2019-10-03 02:16:33,282 [Thread-1309] INFO  ipc.Server (Server.java:stop(3082)) - Stopping server on 33852
2019-10-03 02:16:33,284 [Thread-1309] INFO  server.StorageContainerManager (StorageContainerManager.java:stop(837)) - Stopping the StorageContainerLocationProtocol RPC server
2019-10-03 02:16:33,285 [Thread-1309] INFO  server.SCMClientProtocolServer (SCMClientProtocolServer.java:stop(158)) - Stopping the RPC server for Client Protocol
2019-10-03 02:16:33,285 [IPC Server Responder] INFO  ipc.Server (Server.java:run(1319)) - Stopping IPC Server Responder
2019-10-03 02:16:33,285 [Thread-1309] INFO  ipc.Server (Server.java:stop(3082)) - Stopping server on 40195
2019-10-03 02:16:33,285 [IPC Server listener on 33852] INFO  ipc.Server (Server.java:run(1185)) - Stopping IPC Server listener on 33852
2019-10-03 02:16:33,287 [Thread-1309] INFO  server.StorageContainerManager (StorageContainerManager.java:stop(844)) - Stopping Storage Container Manager HTTP server.
2019-10-03 02:16:33,288 [IPC Server listener on 40195] INFO  ipc.Server (Server.java:run(1185)) - Stopping IPC Server listener on 40195
2019-10-03 02:16:33,288 [IPC Server Responder] INFO  ipc.Server (Server.java:run(1319)) - Stopping IPC Server Responder
2019-10-03 02:16:33,290 [Thread-1309] INFO  handler.ContextHandler (ContextHandler.java:doStop(910)) - Stopped o.e.j.w.WebAppContext@443d744c{/,null,UNAVAILABLE}{/scm}
2019-10-03 02:16:33,290 [Thread-1309] INFO  server.AbstractConnector (AbstractConnector.java:doStop(318)) - Stopped ServerConnector@7770cf20{HTTP/1.1,[http/1.1]}{0.0.0.0:0}
2019-10-03 02:16:33,291 [Thread-1309] INFO  handler.ContextHandler (ContextHandler.java:doStop(910)) - Stopped o.e.j.s.ServletContextHandler@4e25b6d4{/static,jar:file:/home/user/.m2/repository/org/apache/hadoop/hadoop-hdds-server-scm/0.5.0-SNAPSHOT/hadoop-hdds-server-scm-0.5.0-SNAPSHOT.jar!/webapps/static,UNAVAILABLE}
2019-10-03 02:16:33,291 [Thread-1309] INFO  handler.ContextHandler (ContextHandler.java:doStop(910)) - Stopped o.e.j.s.ServletContextHandler@bc42fae{/logs,file:///workdir/hadoop-ozone/ozonefs/target/log,UNAVAILABLE}
2019-10-03 02:16:33,292 [Thread-1309] INFO  server.StorageContainerManager (StorageContainerManager.java:stop(855)) - Stopping Block Manager Service.
2019-10-03 02:16:33,293 [Thread-1309] INFO  utils.BackgroundService (BackgroundService.java:shutdown(148)) - Shutting down service SCMBlockDeletingService
2019-10-03 02:16:33,293 [Thread-1309] INFO  utils.BackgroundService (BackgroundService.java:shutdown(148)) - Shutting down service SCMBlockDeletingService
2019-10-03 02:16:33,293 [Thread-1309] INFO  server.StorageContainerManager (StorageContainerManager.java:stop(877)) - Stopping SCM Event Queue.
2019-10-03 02:16:33,299 [Thread-1309] INFO  impl.MetricsSystemImpl (MetricsSystemImpl.java:stop(210)) - Stopping HddsDatanode metrics system...
2019-10-03 02:16:33,304 [Thread-1309] INFO  impl.MetricsSystemImpl (MetricsSystemImpl.java:stop(216)) - HddsDatanode metrics system stopped.
]]></system-out>
  </testcase>
  <testcase name="testListStatusOnLargeDirectory" classname="org.apache.hadoop.fs.ozone.TestOzoneFileSystem" time="16.936">
    <error message="Volume not found volume80167" type="VOLUME_NOT_FOUND org.apache.hadoop.ozone.om.exceptions.OMException">VOLUME_NOT_FOUND org.apache.hadoop.ozone.om.exceptions.OMException: Volume not found volume80167
	at org.apache.hadoop.ozone.om.protocolPB.OzoneManagerProtocolClientSideTranslatorPB.handleError(OzoneManagerProtocolClientSideTranslatorPB.java:732)
	at org.apache.hadoop.ozone.om.protocolPB.OzoneManagerProtocolClientSideTranslatorPB.createDirectory(OzoneManagerProtocolClientSideTranslatorPB.java:1377)
	at sun.reflect.NativeMethodAccessorImpl.invoke0(Native Method)
	at sun.reflect.NativeMethodAccessorImpl.invoke(NativeMethodAccessorImpl.java:62)
	at sun.reflect.DelegatingMethodAccessorImpl.invoke(DelegatingMethodAccessorImpl.java:43)
	at java.lang.reflect.Method.invoke(Method.java:498)
	at org.apache.hadoop.hdds.tracing.TraceAllMethod.invoke(TraceAllMethod.java:66)
	at com.sun.proxy.$Proxy38.createDirectory(Unknown Source)
	at org.apache.hadoop.ozone.client.rpc.RpcClient.createDirectory(RpcClient.java:976)
	at org.apache.hadoop.ozone.client.OzoneBucket.createDirectory(OzoneBucket.java:503)
	at org.apache.hadoop.fs.ozone.BasicOzoneClientAdapterImpl.createDirectory(BasicOzoneClientAdapterImpl.java:236)
	at org.apache.hadoop.fs.ozone.BasicOzoneFileSystem.mkdir(BasicOzoneFileSystem.java:597)
	at org.apache.hadoop.fs.ozone.BasicOzoneFileSystem.mkdirs(BasicOzoneFileSystem.java:607)
	at org.apache.hadoop.fs.FileSystem.mkdirs(FileSystem.java:2275)
	at org.apache.hadoop.fs.ozone.TestOzoneFileSystem.testListStatusOnLargeDirectory(TestOzoneFileSystem.java:215)
	at sun.reflect.NativeMethodAccessorImpl.invoke0(Native Method)
	at sun.reflect.NativeMethodAccessorImpl.invoke(NativeMethodAccessorImpl.java:62)
	at sun.reflect.DelegatingMethodAccessorImpl.invoke(DelegatingMethodAccessorImpl.java:43)
	at java.lang.reflect.Method.invoke(Method.java:498)
	at org.junit.runners.model.FrameworkMethod$1.runReflectiveCall(FrameworkMethod.java:47)
	at org.junit.internal.runners.model.ReflectiveCallable.run(ReflectiveCallable.java:12)
	at org.junit.runners.model.FrameworkMethod.invokeExplosively(FrameworkMethod.java:44)
	at org.junit.internal.runners.statements.InvokeMethod.evaluate(InvokeMethod.java:17)
	at org.junit.internal.runners.statements.RunBefores.evaluate(RunBefores.java:26)
	at org.junit.internal.runners.statements.RunAfters.evaluate(RunAfters.java:27)
	at org.junit.internal.runners.statements.FailOnTimeout$StatementThread.run(FailOnTimeout.java:74)
</error>
    <system-out><![CDATA[2019-10-03 02:16:33,343 [Thread-1532] WARN  server.ServerUtils (ServerUtils.java:getScmDbDir(145)) - ozone.scm.db.dirs is not configured. We recommend adding this setting. Falling back to ozone.metadata.dirs instead.
2019-10-03 02:16:33,358 [Thread-1532] WARN  server.ServerUtils (ServerUtils.java:getScmDbDir(145)) - ozone.scm.db.dirs is not configured. We recommend adding this setting. Falling back to ozone.metadata.dirs instead.
2019-10-03 02:16:33,358 [Thread-1532] WARN  server.ServerUtils (ServerUtils.java:getScmDbDir(145)) - ozone.scm.db.dirs is not configured. We recommend adding this setting. Falling back to ozone.metadata.dirs instead.
2019-10-03 02:16:33,358 [Thread-1532] INFO  db.DBStoreBuilder (DBStoreBuilder.java:addTable(110)) - using custom profile for table: deletedBlocks
2019-10-03 02:16:33,359 [Thread-1532] INFO  db.DBStoreBuilder (DBStoreBuilder.java:processTables(161)) - Using default column profile:DBProfile.DISK for Table:deletedBlocks
2019-10-03 02:16:33,359 [Thread-1532] INFO  db.DBStoreBuilder (DBStoreBuilder.java:addTable(110)) - using custom profile for table: validCerts
2019-10-03 02:16:33,359 [Thread-1532] INFO  db.DBStoreBuilder (DBStoreBuilder.java:processTables(161)) - Using default column profile:DBProfile.DISK for Table:validCerts
2019-10-03 02:16:33,359 [Thread-1532] INFO  db.DBStoreBuilder (DBStoreBuilder.java:addTable(110)) - using custom profile for table: revokedCerts
2019-10-03 02:16:33,359 [Thread-1532] INFO  db.DBStoreBuilder (DBStoreBuilder.java:processTables(161)) - Using default column profile:DBProfile.DISK for Table:revokedCerts
2019-10-03 02:16:33,359 [Thread-1532] INFO  db.DBStoreBuilder (DBStoreBuilder.java:addTable(110)) - using custom profile for table: default
2019-10-03 02:16:33,360 [Thread-1532] INFO  db.DBStoreBuilder (DBStoreBuilder.java:processTables(167)) - Using default column profile:DBProfile.DISK for Table:default
2019-10-03 02:16:33,360 [Thread-1532] INFO  db.DBStoreBuilder (DBStoreBuilder.java:getDbProfile(198)) - Using default options. DBProfile.DISK
2019-10-03 02:16:33,575 [Thread-1532] INFO  net.NodeSchemaLoader (NodeSchemaLoader.java:loadSchemaFromFile(125)) - Loading file from sun.misc.CompoundEnumeration@20cb5f64
2019-10-03 02:16:33,576 [Thread-1532] INFO  net.NodeSchemaLoader (NodeSchemaLoader.java:loadSchema(171)) - Loading network topology layer schema file
2019-10-03 02:16:33,581 [Thread-1532] WARN  server.ServerUtils (ServerUtils.java:sanitizeUserArgs(70)) - ozone.scm.stale.node.interval value = 300000 is larger than max = 100000 based on the key value of ozone.scm.heartbeat.thread.interval, reset to the max value 100000.
2019-10-03 02:16:33,581 [Thread-1532] WARN  server.ServerUtils (ServerUtils.java:sanitizeUserArgs(70)) - ozone.scm.stale.node.interval value = 300000 is larger than max = 100000 based on the key value of ozone.scm.heartbeat.thread.interval, reset to the max value 100000.
2019-10-03 02:16:33,581 [Thread-1532] INFO  node.SCMNodeManager (SCMNodeManager.java:<init>(114)) - Entering startup safe mode.
2019-10-03 02:16:33,582 [Thread-1532] INFO  algorithms.ContainerPlacementPolicyFactory (ContainerPlacementPolicyFactory.java:getPolicy(57)) - Create container placement policy of type org.apache.hadoop.hdds.scm.container.placement.algorithms.SCMContainerPlacementRandom
2019-10-03 02:16:33,582 [Thread-1532] WARN  server.ServerUtils (ServerUtils.java:getScmDbDir(145)) - ozone.scm.db.dirs is not configured. We recommend adding this setting. Falling back to ozone.metadata.dirs instead.
2019-10-03 02:16:33,677 [Thread-1532] INFO  pipeline.SCMPipelineManager (SCMPipelineManager.java:initializePipelineState(132)) - No pipeline exists in current db
2019-10-03 02:16:33,677 [Thread-1532] WARN  server.ServerUtils (ServerUtils.java:getScmDbDir(145)) - ozone.scm.db.dirs is not configured. We recommend adding this setting. Falling back to ozone.metadata.dirs instead.
2019-10-03 02:16:33,758 [Thread-1532] WARN  events.EventQueue (EventQueue.java:fireEvent(183)) - No event handler registered for event TypedEvent{payloadType=SafeModeStatus, name='SafeModeStatus'}
2019-10-03 02:16:33,759 [Thread-1532] INFO  ipc.CallQueueManager (CallQueueManager.java:<init>(84)) - Using callQueue: class java.util.concurrent.LinkedBlockingQueue, queueCapacity: 2000, scheduler: class org.apache.hadoop.ipc.DefaultRpcScheduler, ipcBackoff: false.
2019-10-03 02:16:33,760 [Socket Reader #1 for port 37515] INFO  ipc.Server (Server.java:run(1074)) - Starting Socket Reader #1 for port 37515
2019-10-03 02:16:33,762 [Thread-1532] INFO  ipc.CallQueueManager (CallQueueManager.java:<init>(84)) - Using callQueue: class java.util.concurrent.LinkedBlockingQueue, queueCapacity: 2000, scheduler: class org.apache.hadoop.ipc.DefaultRpcScheduler, ipcBackoff: false.
2019-10-03 02:16:33,763 [Socket Reader #1 for port 35737] INFO  ipc.Server (Server.java:run(1074)) - Starting Socket Reader #1 for port 35737
2019-10-03 02:16:33,764 [Thread-1532] INFO  ipc.CallQueueManager (CallQueueManager.java:<init>(84)) - Using callQueue: class java.util.concurrent.LinkedBlockingQueue, queueCapacity: 2000, scheduler: class org.apache.hadoop.ipc.DefaultRpcScheduler, ipcBackoff: false.
2019-10-03 02:16:33,765 [Socket Reader #1 for port 34265] INFO  ipc.Server (Server.java:run(1074)) - Starting Socket Reader #1 for port 34265
2019-10-03 02:16:33,768 [Thread-1532] INFO  hdfs.DFSUtil (DFSUtil.java:httpServerTemplateForNNAndJN(1641)) - Starting Web-server for scm at: http://0.0.0.0:0
2019-10-03 02:16:33,770 [Thread-1532] INFO  server.AuthenticationFilter (AuthenticationFilter.java:constructSecretProvider(240)) - Unable to initialize FileSignerSecretProvider, falling back to use random secrets.
2019-10-03 02:16:33,771 [Thread-1532] WARN  http.HttpRequestLog (HttpRequestLog.java:getRequestLog(97)) - Jetty request log can only be enabled using Log4j
2019-10-03 02:16:33,773 [Thread-1532] INFO  http.HttpServer2 (HttpServer2.java:addGlobalFilter(975)) - Added global filter 'safety' (class=org.apache.hadoop.http.HttpServer2$QuotingInputFilter)
2019-10-03 02:16:33,774 [Thread-1532] INFO  http.HttpServer2 (HttpServer2.java:addFilter(948)) - Added filter static_user_filter (class=org.apache.hadoop.http.lib.StaticUserWebFilter$StaticUserFilter) to context scm
2019-10-03 02:16:33,774 [Thread-1532] INFO  http.HttpServer2 (HttpServer2.java:addFilter(958)) - Added filter static_user_filter (class=org.apache.hadoop.http.lib.StaticUserWebFilter$StaticUserFilter) to context logs
2019-10-03 02:16:33,774 [Thread-1532] INFO  http.HttpServer2 (HttpServer2.java:addFilter(958)) - Added filter static_user_filter (class=org.apache.hadoop.http.lib.StaticUserWebFilter$StaticUserFilter) to context static
2019-10-03 02:16:33,776 [Thread-1532] INFO  server.StorageContainerManager (StorageContainerManager.java:start(770)) - StorageContainerLocationProtocol RPC server is listening at /0.0.0.0:34265
2019-10-03 02:16:33,778 [Thread-1532] WARN  impl.MetricsConfig (MetricsConfig.java:loadFirst(134)) - Cannot locate configuration: tried hadoop-metrics2-storagecontainermanager.properties,hadoop-metrics2.properties
2019-10-03 02:16:33,779 [Thread-1532] INFO  impl.MetricsSystemImpl (MetricsSystemImpl.java:startTimer(374)) - Scheduled Metric snapshot period at 10 second(s).
2019-10-03 02:16:33,779 [Thread-1532] INFO  impl.MetricsSystemImpl (MetricsSystemImpl.java:start(191)) - StorageContainerManager metrics system started
2019-10-03 02:16:33,808 [Thread-1532] WARN  impl.MetricsSystemImpl (MetricsSystemImpl.java:register(276)) - Sink prometheus already exists!
2019-10-03 02:16:33,887 [Thread-1532] INFO  server.SCMClientProtocolServer (SCMClientProtocolServer.java:start(150)) - RPC server for Client  is listening at /0.0.0.0:34265
2019-10-03 02:16:33,887 [IPC Server Responder] INFO  ipc.Server (Server.java:run(1314)) - IPC Server Responder: starting
2019-10-03 02:16:33,888 [IPC Server listener on 34265] INFO  ipc.Server (Server.java:run(1153)) - IPC Server listener on 34265: starting
2019-10-03 02:16:33,892 [Thread-1532] INFO  server.StorageContainerManager (StorageContainerManager.java:start(780)) - ScmBlockLocationProtocol RPC server is listening at /0.0.0.0:35737
2019-10-03 02:16:33,892 [Thread-1532] INFO  server.SCMBlockProtocolServer (SCMBlockProtocolServer.java:start(146)) - RPC server for Block Protocol is listening at /0.0.0.0:35737
2019-10-03 02:16:33,893 [IPC Server Responder] INFO  ipc.Server (Server.java:run(1314)) - IPC Server Responder: starting
2019-10-03 02:16:33,893 [IPC Server listener on 35737] INFO  ipc.Server (Server.java:run(1153)) - IPC Server listener on 35737: starting
2019-10-03 02:16:33,897 [Thread-1532] INFO  server.StorageContainerManager (StorageContainerManager.java:start(784)) - ScmDatanodeProtocl RPC server is listening at /0.0.0.0:37515
2019-10-03 02:16:33,897 [Thread-1532] INFO  server.SCMDatanodeProtocolServer (SCMDatanodeProtocolServer.java:start(191)) - RPC server for DataNodes is listening at /0.0.0.0:37515
2019-10-03 02:16:33,897 [IPC Server Responder] INFO  ipc.Server (Server.java:run(1314)) - IPC Server Responder: starting
2019-10-03 02:16:33,899 [IPC Server listener on 37515] INFO  ipc.Server (Server.java:run(1153)) - IPC Server listener on 37515: starting
2019-10-03 02:16:33,902 [Thread-1532] INFO  http.HttpServer2 (HttpServer2.java:bindListener(1191)) - Jetty bound to port 42129
2019-10-03 02:16:33,902 [Thread-1532] INFO  server.Server (Server.java:doStart(351)) - jetty-9.3.25.v20180904, build timestamp: 2018-09-04T21:11:46Z, git hash: 3ce520221d0240229c862b122d2b06c12a625732
2019-10-03 02:16:33,903 [Thread-1532] INFO  handler.ContextHandler (ContextHandler.java:doStart(781)) - Started o.e.j.s.ServletContextHandler@32db806{/logs,file:///workdir/hadoop-ozone/ozonefs/target/log,AVAILABLE}
2019-10-03 02:16:33,904 [Thread-1532] INFO  handler.ContextHandler (ContextHandler.java:doStart(781)) - Started o.e.j.s.ServletContextHandler@66ceda{/static,jar:file:/home/user/.m2/repository/org/apache/hadoop/hadoop-hdds-server-scm/0.5.0-SNAPSHOT/hadoop-hdds-server-scm-0.5.0-SNAPSHOT.jar!/webapps/static,AVAILABLE}
2019-10-03 02:16:33,944 [Thread-1532] INFO  handler.ContextHandler (ContextHandler.java:doStart(781)) - Started o.e.j.w.WebAppContext@6d5e8c0e{/,file:///tmp/jetty-0.0.0.0-42129-scm-_-any-2836308590449561215.dir/webapp/,AVAILABLE}{/scm}
2019-10-03 02:16:33,944 [Thread-1532] INFO  server.AbstractConnector (AbstractConnector.java:doStart(278)) - Started ServerConnector@102ea5b4{HTTP/1.1,[http/1.1]}{0.0.0.0:42129}
2019-10-03 02:16:33,945 [Thread-1532] INFO  server.Server (Server.java:doStart(419)) - Started @125348ms
2019-10-03 02:16:33,945 [Thread-1532] WARN  impl.MetricsSystemImpl (MetricsSystemImpl.java:register(276)) - Sink prometheus already exists!
2019-10-03 02:16:33,946 [Thread-1532] INFO  server.BaseHttpServer (BaseHttpServer.java:updateConnectorAddress(215)) - HTTP server of SCM is listening at http://0.0.0.0:42129
2019-10-03 02:16:33,946 [Thread-1532] WARN  server.ServerUtils (ServerUtils.java:getDBPath(222)) - ozone.om.db.dirs is not configured. We recommend adding this setting. Falling back to ozone.metadata.dirs instead.
2019-10-03 02:16:33,947 [org.apache.hadoop.util.JvmPauseMonitor$Monitor@48aaca54] INFO  util.JvmPauseMonitor (JvmPauseMonitor.java:run(188)) - Starting JVM pause monitor
2019-10-03 02:16:33,961 [Thread-1532] WARN  server.ServerUtils (ServerUtils.java:getDBPath(222)) - ozone.om.db.dirs is not configured. We recommend adding this setting. Falling back to ozone.metadata.dirs instead.
2019-10-03 02:16:33,962 [Thread-1532] WARN  server.ServerUtils (ServerUtils.java:getDBPath(222)) - ozone.om.db.dirs is not configured. We recommend adding this setting. Falling back to ozone.metadata.dirs instead.
2019-10-03 02:16:33,962 [Thread-1532] INFO  om.OzoneManager (OzoneManager.java:setOMNodeDetails(652)) - OM Service ID is not set. Setting it to the default ID: omServiceIdDefault
2019-10-03 02:16:33,963 [Thread-1532] INFO  om.OzoneManager (OzoneManager.java:setOMNodeDetails(658)) - OM Node ID is not set. Setting it to the OmStorage's OmID: 7884d47e-27e6-4868-9688-87c2ecc8d2bb
2019-10-03 02:16:33,963 [Thread-1532] INFO  om.OzoneManager (OzoneManager.java:loadOMHAConfigs(609)) - Found matching OM address with OMServiceId: null, OMNodeId: null, RPC Address: localhost:0 and Ratis port: 9872
2019-10-03 02:16:33,971 [Thread-1532] WARN  server.ServerUtils (ServerUtils.java:getDBPath(222)) - ozone.om.db.dirs is not configured. We recommend adding this setting. Falling back to ozone.metadata.dirs instead.
2019-10-03 02:16:33,972 [Thread-1532] INFO  db.DBStoreBuilder (DBStoreBuilder.java:addTable(110)) - using custom profile for table: userTable
2019-10-03 02:16:33,972 [Thread-1532] INFO  db.DBStoreBuilder (DBStoreBuilder.java:processTables(161)) - Using default column profile:DBProfile.DISK for Table:userTable
2019-10-03 02:16:33,972 [Thread-1532] INFO  db.DBStoreBuilder (DBStoreBuilder.java:addTable(110)) - using custom profile for table: volumeTable
2019-10-03 02:16:33,972 [Thread-1532] INFO  db.DBStoreBuilder (DBStoreBuilder.java:processTables(161)) - Using default column profile:DBProfile.DISK for Table:volumeTable
2019-10-03 02:16:33,972 [Thread-1532] INFO  db.DBStoreBuilder (DBStoreBuilder.java:addTable(110)) - using custom profile for table: bucketTable
2019-10-03 02:16:33,972 [Thread-1532] INFO  db.DBStoreBuilder (DBStoreBuilder.java:processTables(161)) - Using default column profile:DBProfile.DISK for Table:bucketTable
2019-10-03 02:16:33,973 [Thread-1532] INFO  db.DBStoreBuilder (DBStoreBuilder.java:addTable(110)) - using custom profile for table: keyTable
2019-10-03 02:16:33,973 [Thread-1532] INFO  db.DBStoreBuilder (DBStoreBuilder.java:processTables(161)) - Using default column profile:DBProfile.DISK for Table:keyTable
2019-10-03 02:16:33,973 [Thread-1532] INFO  db.DBStoreBuilder (DBStoreBuilder.java:addTable(110)) - using custom profile for table: deletedTable
2019-10-03 02:16:33,973 [Thread-1532] INFO  db.DBStoreBuilder (DBStoreBuilder.java:processTables(161)) - Using default column profile:DBProfile.DISK for Table:deletedTable
2019-10-03 02:16:33,973 [Thread-1532] INFO  db.DBStoreBuilder (DBStoreBuilder.java:addTable(110)) - using custom profile for table: openKeyTable
2019-10-03 02:16:33,973 [Thread-1532] INFO  db.DBStoreBuilder (DBStoreBuilder.java:processTables(161)) - Using default column profile:DBProfile.DISK for Table:openKeyTable
2019-10-03 02:16:33,973 [Thread-1532] INFO  db.DBStoreBuilder (DBStoreBuilder.java:addTable(110)) - using custom profile for table: s3Table
2019-10-03 02:16:33,974 [Thread-1532] INFO  db.DBStoreBuilder (DBStoreBuilder.java:processTables(161)) - Using default column profile:DBProfile.DISK for Table:s3Table
2019-10-03 02:16:33,974 [Thread-1532] INFO  db.DBStoreBuilder (DBStoreBuilder.java:addTable(110)) - using custom profile for table: multipartInfoTable
2019-10-03 02:16:33,974 [Thread-1532] INFO  db.DBStoreBuilder (DBStoreBuilder.java:processTables(161)) - Using default column profile:DBProfile.DISK for Table:multipartInfoTable
2019-10-03 02:16:33,974 [Thread-1532] INFO  db.DBStoreBuilder (DBStoreBuilder.java:addTable(110)) - using custom profile for table: dTokenTable
2019-10-03 02:16:33,974 [Thread-1532] INFO  db.DBStoreBuilder (DBStoreBuilder.java:processTables(161)) - Using default column profile:DBProfile.DISK for Table:dTokenTable
2019-10-03 02:16:33,974 [Thread-1532] INFO  db.DBStoreBuilder (DBStoreBuilder.java:addTable(110)) - using custom profile for table: s3SecretTable
2019-10-03 02:16:33,974 [Thread-1532] INFO  db.DBStoreBuilder (DBStoreBuilder.java:processTables(161)) - Using default column profile:DBProfile.DISK for Table:s3SecretTable
2019-10-03 02:16:33,974 [Thread-1532] INFO  db.DBStoreBuilder (DBStoreBuilder.java:addTable(110)) - using custom profile for table: prefixTable
2019-10-03 02:16:33,975 [Thread-1532] INFO  db.DBStoreBuilder (DBStoreBuilder.java:processTables(161)) - Using default column profile:DBProfile.DISK for Table:prefixTable
2019-10-03 02:16:33,975 [Thread-1532] INFO  db.DBStoreBuilder (DBStoreBuilder.java:addTable(110)) - using custom profile for table: default
2019-10-03 02:16:33,975 [Thread-1532] INFO  db.DBStoreBuilder (DBStoreBuilder.java:processTables(167)) - Using default column profile:DBProfile.DISK for Table:default
2019-10-03 02:16:33,975 [Thread-1532] INFO  db.DBStoreBuilder (DBStoreBuilder.java:getDbProfile(198)) - Using default options. DBProfile.DISK
2019-10-03 02:16:34,532 [Thread-1532] INFO  ipc.CallQueueManager (CallQueueManager.java:<init>(84)) - Using callQueue: class java.util.concurrent.LinkedBlockingQueue, queueCapacity: 2000, scheduler: class org.apache.hadoop.ipc.DefaultRpcScheduler, ipcBackoff: false.
2019-10-03 02:16:34,533 [Socket Reader #1 for port 39554] INFO  ipc.Server (Server.java:run(1074)) - Starting Socket Reader #1 for port 39554
2019-10-03 02:16:34,552 [Thread-1532] INFO  om.OzoneManager (OzoneManager.java:start(1243)) - OzoneManager RPC server is listening at localhost/127.0.0.1:39554
2019-10-03 02:16:34,552 [Thread-1532] INFO  impl.MetricsSystemImpl (MetricsSystemImpl.java:init(158)) - OzoneManager metrics system started (again)
2019-10-03 02:16:34,553 [IPC Server Responder] INFO  ipc.Server (Server.java:run(1314)) - IPC Server Responder: starting
2019-10-03 02:16:34,554 [IPC Server listener on 39554] INFO  ipc.Server (Server.java:run(1153)) - IPC Server listener on 39554: starting
2019-10-03 02:16:34,559 [Thread-1532] INFO  hdfs.DFSUtil (DFSUtil.java:httpServerTemplateForNNAndJN(1641)) - Starting Web-server for ozoneManager at: http://0.0.0.0:0
2019-10-03 02:16:34,560 [Thread-1532] INFO  server.AuthenticationFilter (AuthenticationFilter.java:constructSecretProvider(240)) - Unable to initialize FileSignerSecretProvider, falling back to use random secrets.
2019-10-03 02:16:34,561 [Thread-1532] WARN  http.HttpRequestLog (HttpRequestLog.java:getRequestLog(97)) - Jetty request log can only be enabled using Log4j
2019-10-03 02:16:34,562 [Thread-1532] INFO  http.HttpServer2 (HttpServer2.java:addGlobalFilter(975)) - Added global filter 'safety' (class=org.apache.hadoop.http.HttpServer2$QuotingInputFilter)
2019-10-03 02:16:34,563 [Thread-1532] INFO  http.HttpServer2 (HttpServer2.java:addFilter(948)) - Added filter static_user_filter (class=org.apache.hadoop.http.lib.StaticUserWebFilter$StaticUserFilter) to context ozoneManager
2019-10-03 02:16:34,563 [Thread-1532] INFO  http.HttpServer2 (HttpServer2.java:addFilter(958)) - Added filter static_user_filter (class=org.apache.hadoop.http.lib.StaticUserWebFilter$StaticUserFilter) to context static
2019-10-03 02:16:34,563 [Thread-1532] INFO  http.HttpServer2 (HttpServer2.java:addFilter(958)) - Added filter static_user_filter (class=org.apache.hadoop.http.lib.StaticUserWebFilter$StaticUserFilter) to context logs
2019-10-03 02:16:34,564 [Thread-1532] INFO  http.HttpServer2 (HttpServer2.java:bindListener(1191)) - Jetty bound to port 35986
2019-10-03 02:16:34,564 [Thread-1532] INFO  server.Server (Server.java:doStart(351)) - jetty-9.3.25.v20180904, build timestamp: 2018-09-04T21:11:46Z, git hash: 3ce520221d0240229c862b122d2b06c12a625732
2019-10-03 02:16:34,565 [Thread-1532] INFO  handler.ContextHandler (ContextHandler.java:doStart(781)) - Started o.e.j.s.ServletContextHandler@9e5c5ff{/logs,file:///workdir/hadoop-ozone/ozonefs/target/log,AVAILABLE}
2019-10-03 02:16:34,566 [Thread-1532] INFO  handler.ContextHandler (ContextHandler.java:doStart(781)) - Started o.e.j.s.ServletContextHandler@7f240287{/static,jar:file:/home/user/.m2/repository/org/apache/hadoop/hadoop-ozone-ozone-manager/0.5.0-SNAPSHOT/hadoop-ozone-ozone-manager-0.5.0-SNAPSHOT.jar!/webapps/static,AVAILABLE}
2019-10-03 02:16:34,610 [Thread-1532] INFO  handler.ContextHandler (ContextHandler.java:doStart(781)) - Started o.e.j.w.WebAppContext@450fd513{/,file:///tmp/jetty-0.0.0.0-35986-ozoneManager-_-any-3819738724690770086.dir/webapp/,AVAILABLE}{/ozoneManager}
2019-10-03 02:16:34,610 [Thread-1532] INFO  server.AbstractConnector (AbstractConnector.java:doStart(278)) - Started ServerConnector@4485b21a{HTTP/1.1,[http/1.1]}{0.0.0.0:35986}
2019-10-03 02:16:34,611 [Thread-1532] INFO  server.Server (Server.java:doStart(419)) - Started @126015ms
2019-10-03 02:16:34,611 [Thread-1532] WARN  impl.MetricsSystemImpl (MetricsSystemImpl.java:register(276)) - Sink prometheus already exists!
2019-10-03 02:16:34,612 [Thread-1532] INFO  server.BaseHttpServer (BaseHttpServer.java:updateConnectorAddress(215)) - HTTP server of OZONEMANAGER is listening at http://0.0.0.0:35986
2019-10-03 02:16:34,619 [Thread-1532] INFO  impl.MetricsSystemImpl (MetricsSystemImpl.java:init(158)) - HddsDatanode metrics system started (again)
2019-10-03 02:16:34,622 [Thread-1532] INFO  ozone.HddsDatanodeService (HddsDatanodeService.java:start(184)) - HddsDatanodeService host:pr-hdds-1737-89jld-2007629010 ip:192.168.164.205
2019-10-03 02:16:34,628 [Thread-1532] INFO  volume.HddsVolume (HddsVolume.java:<init>(176)) - Creating Volume: /workdir/hadoop-ozone/ozonefs/target/test-dir/MiniOzoneClusterImpl-d59555dc-2224-4dbc-966a-a3860c504393/datanode-0/data/containers/hdds of  storage type : DISK and capacity : 1482555576320
2019-10-03 02:16:34,628 [Thread-1532] INFO  volume.VolumeSet (VolumeSet.java:initializeVolumeSet(170)) - Added Volume : /workdir/hadoop-ozone/ozonefs/target/test-dir/MiniOzoneClusterImpl-d59555dc-2224-4dbc-966a-a3860c504393/datanode-0/data/containers/hdds to VolumeSet
2019-10-03 02:16:34,628 [Thread-1532] INFO  volume.ThrottledAsyncChecker (ThrottledAsyncChecker.java:schedule(139)) - Scheduling a check for org.apache.hadoop.ozone.container.common.volume.HddsVolume@7361d680
2019-10-03 02:16:34,629 [Thread-1532] INFO  volume.HddsVolumeChecker (HddsVolumeChecker.java:checkAllVolumes(202)) - Scheduled health check for volume org.apache.hadoop.ozone.container.common.volume.HddsVolume@7361d680
2019-10-03 02:16:34,647 [Thread-1532] INFO  impl.RaftServerProxy (ConfUtils.java:logGet(43)) - raft.rpc.type = GRPC (default)
2019-10-03 02:16:34,647 [Thread-1532] INFO  grpc.GrpcFactory (GrpcFactory.java:checkPooledByteBufAllocatorUseCacheForAllThreads(45)) - PERFORMANCE WARNING: useCacheForAllThreads is true that may cause Netty to create a lot garbage objects and, as a result, trigger GC.
	It is recommended to disable useCacheForAllThreads by setting -Dorg.apache.ratis.thirdparty.io.netty.allocator.useCacheForAllThreads=false in command line.
2019-10-03 02:16:34,647 [Thread-1532] INFO  grpc.GrpcConfigKeys$Server (ConfUtils.java:logGet(43)) - raft.grpc.server.port = 0 (default)
2019-10-03 02:16:34,648 [Thread-1532] INFO  server.GrpcService (ConfUtils.java:logGet(43)) - raft.grpc.message.size.max = 33570816 (custom)
2019-10-03 02:16:34,648 [Thread-1532] INFO  server.RaftServerConfigKeys (ConfUtils.java:logGet(43)) - raft.server.log.appender.buffer.byte-limit = 33554432 (custom)
2019-10-03 02:16:34,648 [Thread-1532] INFO  server.GrpcService (ConfUtils.java:logGet(43)) - raft.grpc.flow.control.window = 1MB (=1048576) (default)
2019-10-03 02:16:34,648 [Thread-1532] INFO  server.RaftServerConfigKeys (ConfUtils.java:logGet(43)) - raft.server.rpc.request.timeout = 3000ms (default)
2019-10-03 02:16:34,649 [Thread-1532] INFO  server.RaftServerConfigKeys (ConfUtils.java:logGet(43)) - raft.server.storage.dir = [/workdir/hadoop-ozone/ozonefs/target/test-dir/MiniOzoneClusterImpl-d59555dc-2224-4dbc-966a-a3860c504393/datanode-0/data/ratis] (custom)
2019-10-03 02:16:34,650 [Thread-1532] INFO  hdfs.DFSUtil (DFSUtil.java:httpServerTemplateForNNAndJN(1641)) - Starting Web-server for hddsDatanode at: http://0.0.0.0:0
2019-10-03 02:16:34,651 [Thread-1532] INFO  server.AuthenticationFilter (AuthenticationFilter.java:constructSecretProvider(240)) - Unable to initialize FileSignerSecretProvider, falling back to use random secrets.
2019-10-03 02:16:34,652 [Thread-1532] WARN  http.HttpRequestLog (HttpRequestLog.java:getRequestLog(97)) - Jetty request log can only be enabled using Log4j
2019-10-03 02:16:34,653 [Thread-1532] INFO  http.HttpServer2 (HttpServer2.java:addGlobalFilter(975)) - Added global filter 'safety' (class=org.apache.hadoop.http.HttpServer2$QuotingInputFilter)
2019-10-03 02:16:34,654 [Thread-1532] INFO  http.HttpServer2 (HttpServer2.java:addFilter(948)) - Added filter static_user_filter (class=org.apache.hadoop.http.lib.StaticUserWebFilter$StaticUserFilter) to context hddsDatanode
2019-10-03 02:16:34,654 [Thread-1532] INFO  http.HttpServer2 (HttpServer2.java:addFilter(958)) - Added filter static_user_filter (class=org.apache.hadoop.http.lib.StaticUserWebFilter$StaticUserFilter) to context static
2019-10-03 02:16:34,654 [Thread-1532] INFO  http.HttpServer2 (HttpServer2.java:addFilter(958)) - Added filter static_user_filter (class=org.apache.hadoop.http.lib.StaticUserWebFilter$StaticUserFilter) to context logs
2019-10-03 02:16:34,655 [Thread-1532] INFO  http.HttpServer2 (HttpServer2.java:bindListener(1191)) - Jetty bound to port 34578
2019-10-03 02:16:34,655 [Thread-1532] INFO  server.Server (Server.java:doStart(351)) - jetty-9.3.25.v20180904, build timestamp: 2018-09-04T21:11:46Z, git hash: 3ce520221d0240229c862b122d2b06c12a625732
2019-10-03 02:16:34,656 [Thread-1532] INFO  handler.ContextHandler (ContextHandler.java:doStart(781)) - Started o.e.j.s.ServletContextHandler@64a927b{/logs,file:///workdir/hadoop-ozone/ozonefs/target/log,AVAILABLE}
2019-10-03 02:16:34,657 [Thread-1532] INFO  handler.ContextHandler (ContextHandler.java:doStart(781)) - Started o.e.j.s.ServletContextHandler@6388ca78{/static,jar:file:/home/user/.m2/repository/org/apache/hadoop/hadoop-hdds-container-service/0.5.0-SNAPSHOT/hadoop-hdds-container-service-0.5.0-SNAPSHOT.jar!/webapps/static,AVAILABLE}
2019-10-03 02:16:34,684 [Thread-1532] INFO  handler.ContextHandler (ContextHandler.java:doStart(781)) - Started o.e.j.w.WebAppContext@b3eed98{/,file:///tmp/jetty-0.0.0.0-34578-hddsDatanode-_-any-860000939630545123.dir/webapp/,AVAILABLE}{/hddsDatanode}
2019-10-03 02:16:34,684 [Thread-1532] INFO  server.AbstractConnector (AbstractConnector.java:doStart(278)) - Started ServerConnector@28bd4f38{HTTP/1.1,[http/1.1]}{0.0.0.0:34578}
2019-10-03 02:16:34,685 [Thread-1532] INFO  server.Server (Server.java:doStart(419)) - Started @126088ms
2019-10-03 02:16:34,685 [Thread-1532] WARN  impl.MetricsSystemImpl (MetricsSystemImpl.java:register(276)) - Sink prometheus already exists!
2019-10-03 02:16:34,686 [Thread-1532] INFO  server.BaseHttpServer (BaseHttpServer.java:updateConnectorAddress(215)) - HTTP server of HDDSDATANODE is listening at http://0.0.0.0:34578
2019-10-03 02:16:34,686 [Thread-1532] INFO  impl.MetricsSystemImpl (MetricsSystemImpl.java:init(158)) - HddsDatanode metrics system started (again)
2019-10-03 02:16:34,690 [org.apache.hadoop.util.JvmPauseMonitor$Monitor@dc092f2] INFO  util.JvmPauseMonitor (JvmPauseMonitor.java:run(188)) - Starting JVM pause monitor
2019-10-03 02:16:34,690 [Thread-1532] INFO  ozone.HddsDatanodeService (HddsDatanodeService.java:start(184)) - HddsDatanodeService host:pr-hdds-1737-89jld-2007629010 ip:192.168.164.205
2019-10-03 02:16:34,692 [Datanode State Machine Thread - 0] INFO  datanode.InitDatanodeState (InitDatanodeState.java:persistContainerDatanodeDetails(140)) - DatanodeDetails is persisted to /workdir/hadoop-ozone/ozonefs/target/test-dir/MiniOzoneClusterImpl-d59555dc-2224-4dbc-966a-a3860c504393/datanode-0/meta/datanode.id
2019-10-03 02:16:34,695 [Thread-1532] INFO  volume.HddsVolume (HddsVolume.java:<init>(176)) - Creating Volume: /workdir/hadoop-ozone/ozonefs/target/test-dir/MiniOzoneClusterImpl-d59555dc-2224-4dbc-966a-a3860c504393/datanode-1/data/containers/hdds of  storage type : DISK and capacity : 1482555576320
2019-10-03 02:16:34,696 [Thread-1532] INFO  volume.VolumeSet (VolumeSet.java:initializeVolumeSet(170)) - Added Volume : /workdir/hadoop-ozone/ozonefs/target/test-dir/MiniOzoneClusterImpl-d59555dc-2224-4dbc-966a-a3860c504393/datanode-1/data/containers/hdds to VolumeSet
2019-10-03 02:16:34,696 [Thread-1532] INFO  volume.ThrottledAsyncChecker (ThrottledAsyncChecker.java:schedule(139)) - Scheduling a check for org.apache.hadoop.ozone.container.common.volume.HddsVolume@436965f2
2019-10-03 02:16:34,696 [Thread-1532] INFO  volume.HddsVolumeChecker (HddsVolumeChecker.java:checkAllVolumes(202)) - Scheduled health check for volume org.apache.hadoop.ozone.container.common.volume.HddsVolume@436965f2
2019-10-03 02:16:34,714 [Thread-1532] INFO  impl.RaftServerProxy (ConfUtils.java:logGet(43)) - raft.rpc.type = GRPC (default)
2019-10-03 02:16:34,715 [Thread-1532] INFO  grpc.GrpcFactory (GrpcFactory.java:checkPooledByteBufAllocatorUseCacheForAllThreads(45)) - PERFORMANCE WARNING: useCacheForAllThreads is true that may cause Netty to create a lot garbage objects and, as a result, trigger GC.
	It is recommended to disable useCacheForAllThreads by setting -Dorg.apache.ratis.thirdparty.io.netty.allocator.useCacheForAllThreads=false in command line.
2019-10-03 02:16:34,715 [Thread-1532] INFO  grpc.GrpcConfigKeys$Server (ConfUtils.java:logGet(43)) - raft.grpc.server.port = 0 (default)
2019-10-03 02:16:34,715 [Thread-1532] INFO  server.GrpcService (ConfUtils.java:logGet(43)) - raft.grpc.message.size.max = 33570816 (custom)
2019-10-03 02:16:34,715 [Thread-1532] INFO  server.RaftServerConfigKeys (ConfUtils.java:logGet(43)) - raft.server.log.appender.buffer.byte-limit = 33554432 (custom)
2019-10-03 02:16:34,715 [Thread-1532] INFO  server.GrpcService (ConfUtils.java:logGet(43)) - raft.grpc.flow.control.window = 1MB (=1048576) (default)
2019-10-03 02:16:34,715 [Thread-1532] INFO  server.RaftServerConfigKeys (ConfUtils.java:logGet(43)) - raft.server.rpc.request.timeout = 3000ms (default)
2019-10-03 02:16:34,716 [Thread-1532] INFO  server.RaftServerConfigKeys (ConfUtils.java:logGet(43)) - raft.server.storage.dir = [/workdir/hadoop-ozone/ozonefs/target/test-dir/MiniOzoneClusterImpl-d59555dc-2224-4dbc-966a-a3860c504393/datanode-1/data/ratis] (custom)
2019-10-03 02:16:34,717 [Thread-1532] INFO  hdfs.DFSUtil (DFSUtil.java:httpServerTemplateForNNAndJN(1641)) - Starting Web-server for hddsDatanode at: http://0.0.0.0:0
2019-10-03 02:16:34,719 [Thread-1532] INFO  server.AuthenticationFilter (AuthenticationFilter.java:constructSecretProvider(240)) - Unable to initialize FileSignerSecretProvider, falling back to use random secrets.
2019-10-03 02:16:34,719 [Thread-1532] WARN  http.HttpRequestLog (HttpRequestLog.java:getRequestLog(97)) - Jetty request log can only be enabled using Log4j
2019-10-03 02:16:34,721 [Thread-1532] INFO  http.HttpServer2 (HttpServer2.java:addGlobalFilter(975)) - Added global filter 'safety' (class=org.apache.hadoop.http.HttpServer2$QuotingInputFilter)
2019-10-03 02:16:34,721 [Thread-1532] INFO  http.HttpServer2 (HttpServer2.java:addFilter(948)) - Added filter static_user_filter (class=org.apache.hadoop.http.lib.StaticUserWebFilter$StaticUserFilter) to context hddsDatanode
2019-10-03 02:16:34,722 [Thread-1532] INFO  http.HttpServer2 (HttpServer2.java:addFilter(958)) - Added filter static_user_filter (class=org.apache.hadoop.http.lib.StaticUserWebFilter$StaticUserFilter) to context logs
2019-10-03 02:16:34,722 [Thread-1532] INFO  http.HttpServer2 (HttpServer2.java:addFilter(958)) - Added filter static_user_filter (class=org.apache.hadoop.http.lib.StaticUserWebFilter$StaticUserFilter) to context static
2019-10-03 02:16:34,722 [Thread-1532] INFO  http.HttpServer2 (HttpServer2.java:bindListener(1191)) - Jetty bound to port 33969
2019-10-03 02:16:34,722 [Thread-1532] INFO  server.Server (Server.java:doStart(351)) - jetty-9.3.25.v20180904, build timestamp: 2018-09-04T21:11:46Z, git hash: 3ce520221d0240229c862b122d2b06c12a625732
2019-10-03 02:16:34,724 [Thread-1532] INFO  handler.ContextHandler (ContextHandler.java:doStart(781)) - Started o.e.j.s.ServletContextHandler@4f753ea9{/logs,file:///workdir/hadoop-ozone/ozonefs/target/log,AVAILABLE}
2019-10-03 02:16:34,724 [Thread-1532] INFO  handler.ContextHandler (ContextHandler.java:doStart(781)) - Started o.e.j.s.ServletContextHandler@a9f6c92{/static,jar:file:/home/user/.m2/repository/org/apache/hadoop/hadoop-hdds-container-service/0.5.0-SNAPSHOT/hadoop-hdds-container-service-0.5.0-SNAPSHOT.jar!/webapps/static,AVAILABLE}
2019-10-03 02:16:34,751 [Thread-1532] INFO  handler.ContextHandler (ContextHandler.java:doStart(781)) - Started o.e.j.w.WebAppContext@3e6dcefc{/,file:///tmp/jetty-0.0.0.0-33969-hddsDatanode-_-any-3636684448603055048.dir/webapp/,AVAILABLE}{/hddsDatanode}
2019-10-03 02:16:34,751 [Thread-1532] INFO  server.AbstractConnector (AbstractConnector.java:doStart(278)) - Started ServerConnector@220b765e{HTTP/1.1,[http/1.1]}{0.0.0.0:33969}
2019-10-03 02:16:34,752 [Thread-1532] INFO  server.Server (Server.java:doStart(419)) - Started @126156ms
2019-10-03 02:16:34,752 [Thread-1532] WARN  impl.MetricsSystemImpl (MetricsSystemImpl.java:register(276)) - Sink prometheus already exists!
2019-10-03 02:16:34,753 [Thread-1532] INFO  server.BaseHttpServer (BaseHttpServer.java:updateConnectorAddress(215)) - HTTP server of HDDSDATANODE is listening at http://0.0.0.0:33969
2019-10-03 02:16:34,753 [Thread-1532] INFO  impl.MetricsSystemImpl (MetricsSystemImpl.java:init(158)) - HddsDatanode metrics system started (again)
2019-10-03 02:16:34,757 [org.apache.hadoop.util.JvmPauseMonitor$Monitor@7ac05986] INFO  util.JvmPauseMonitor (JvmPauseMonitor.java:run(188)) - Starting JVM pause monitor
2019-10-03 02:16:34,758 [Thread-1532] INFO  ozone.HddsDatanodeService (HddsDatanodeService.java:start(184)) - HddsDatanodeService host:pr-hdds-1737-89jld-2007629010 ip:192.168.164.205
2019-10-03 02:16:34,759 [Datanode State Machine Thread - 0] INFO  datanode.InitDatanodeState (InitDatanodeState.java:persistContainerDatanodeDetails(140)) - DatanodeDetails is persisted to /workdir/hadoop-ozone/ozonefs/target/test-dir/MiniOzoneClusterImpl-d59555dc-2224-4dbc-966a-a3860c504393/datanode-1/meta/datanode.id
2019-10-03 02:16:34,764 [Thread-1532] INFO  volume.HddsVolume (HddsVolume.java:<init>(176)) - Creating Volume: /workdir/hadoop-ozone/ozonefs/target/test-dir/MiniOzoneClusterImpl-d59555dc-2224-4dbc-966a-a3860c504393/datanode-2/data/containers/hdds of  storage type : DISK and capacity : 1482555576320
2019-10-03 02:16:34,764 [Thread-1532] INFO  volume.VolumeSet (VolumeSet.java:initializeVolumeSet(170)) - Added Volume : /workdir/hadoop-ozone/ozonefs/target/test-dir/MiniOzoneClusterImpl-d59555dc-2224-4dbc-966a-a3860c504393/datanode-2/data/containers/hdds to VolumeSet
2019-10-03 02:16:34,764 [Thread-1532] INFO  volume.ThrottledAsyncChecker (ThrottledAsyncChecker.java:schedule(139)) - Scheduling a check for org.apache.hadoop.ozone.container.common.volume.HddsVolume@661a76c9
2019-10-03 02:16:34,764 [Thread-1532] INFO  volume.HddsVolumeChecker (HddsVolumeChecker.java:checkAllVolumes(202)) - Scheduled health check for volume org.apache.hadoop.ozone.container.common.volume.HddsVolume@661a76c9
2019-10-03 02:16:34,784 [Thread-1532] INFO  impl.RaftServerProxy (ConfUtils.java:logGet(43)) - raft.rpc.type = GRPC (default)
2019-10-03 02:16:34,784 [Thread-1532] INFO  grpc.GrpcFactory (GrpcFactory.java:checkPooledByteBufAllocatorUseCacheForAllThreads(45)) - PERFORMANCE WARNING: useCacheForAllThreads is true that may cause Netty to create a lot garbage objects and, as a result, trigger GC.
	It is recommended to disable useCacheForAllThreads by setting -Dorg.apache.ratis.thirdparty.io.netty.allocator.useCacheForAllThreads=false in command line.
2019-10-03 02:16:34,785 [Thread-1532] INFO  grpc.GrpcConfigKeys$Server (ConfUtils.java:logGet(43)) - raft.grpc.server.port = 0 (default)
2019-10-03 02:16:34,785 [Thread-1532] INFO  server.GrpcService (ConfUtils.java:logGet(43)) - raft.grpc.message.size.max = 33570816 (custom)
2019-10-03 02:16:34,785 [Thread-1532] INFO  server.RaftServerConfigKeys (ConfUtils.java:logGet(43)) - raft.server.log.appender.buffer.byte-limit = 33554432 (custom)
2019-10-03 02:16:34,785 [Thread-1532] INFO  server.GrpcService (ConfUtils.java:logGet(43)) - raft.grpc.flow.control.window = 1MB (=1048576) (default)
2019-10-03 02:16:34,786 [Thread-1532] INFO  server.RaftServerConfigKeys (ConfUtils.java:logGet(43)) - raft.server.rpc.request.timeout = 3000ms (default)
2019-10-03 02:16:34,786 [Thread-1532] INFO  server.RaftServerConfigKeys (ConfUtils.java:logGet(43)) - raft.server.storage.dir = [/workdir/hadoop-ozone/ozonefs/target/test-dir/MiniOzoneClusterImpl-d59555dc-2224-4dbc-966a-a3860c504393/datanode-2/data/ratis] (custom)
2019-10-03 02:16:34,788 [Thread-1532] INFO  hdfs.DFSUtil (DFSUtil.java:httpServerTemplateForNNAndJN(1641)) - Starting Web-server for hddsDatanode at: http://0.0.0.0:0
2019-10-03 02:16:34,790 [Thread-1532] INFO  server.AuthenticationFilter (AuthenticationFilter.java:constructSecretProvider(240)) - Unable to initialize FileSignerSecretProvider, falling back to use random secrets.
2019-10-03 02:16:34,790 [Thread-1532] WARN  http.HttpRequestLog (HttpRequestLog.java:getRequestLog(97)) - Jetty request log can only be enabled using Log4j
2019-10-03 02:16:34,793 [Thread-1532] INFO  http.HttpServer2 (HttpServer2.java:addGlobalFilter(975)) - Added global filter 'safety' (class=org.apache.hadoop.http.HttpServer2$QuotingInputFilter)
2019-10-03 02:16:34,794 [Thread-1532] INFO  http.HttpServer2 (HttpServer2.java:addFilter(948)) - Added filter static_user_filter (class=org.apache.hadoop.http.lib.StaticUserWebFilter$StaticUserFilter) to context hddsDatanode
2019-10-03 02:16:34,794 [Thread-1532] INFO  http.HttpServer2 (HttpServer2.java:addFilter(958)) - Added filter static_user_filter (class=org.apache.hadoop.http.lib.StaticUserWebFilter$StaticUserFilter) to context static
2019-10-03 02:16:34,794 [Thread-1532] INFO  http.HttpServer2 (HttpServer2.java:addFilter(958)) - Added filter static_user_filter (class=org.apache.hadoop.http.lib.StaticUserWebFilter$StaticUserFilter) to context logs
2019-10-03 02:16:34,795 [Thread-1532] INFO  http.HttpServer2 (HttpServer2.java:bindListener(1191)) - Jetty bound to port 45085
2019-10-03 02:16:34,795 [Thread-1532] INFO  server.Server (Server.java:doStart(351)) - jetty-9.3.25.v20180904, build timestamp: 2018-09-04T21:11:46Z, git hash: 3ce520221d0240229c862b122d2b06c12a625732
2019-10-03 02:16:34,797 [Thread-1532] INFO  handler.ContextHandler (ContextHandler.java:doStart(781)) - Started o.e.j.s.ServletContextHandler@323350e8{/logs,file:///workdir/hadoop-ozone/ozonefs/target/log,AVAILABLE}
2019-10-03 02:16:34,797 [Thread-1532] INFO  handler.ContextHandler (ContextHandler.java:doStart(781)) - Started o.e.j.s.ServletContextHandler@6811a592{/static,jar:file:/home/user/.m2/repository/org/apache/hadoop/hadoop-hdds-container-service/0.5.0-SNAPSHOT/hadoop-hdds-container-service-0.5.0-SNAPSHOT.jar!/webapps/static,AVAILABLE}
2019-10-03 02:16:34,840 [Thread-1532] INFO  handler.ContextHandler (ContextHandler.java:doStart(781)) - Started o.e.j.w.WebAppContext@5f359f6f{/,file:///tmp/jetty-0.0.0.0-45085-hddsDatanode-_-any-2156614597318614127.dir/webapp/,AVAILABLE}{/hddsDatanode}
2019-10-03 02:16:34,841 [Thread-1532] INFO  server.AbstractConnector (AbstractConnector.java:doStart(278)) - Started ServerConnector@3d5b578b{HTTP/1.1,[http/1.1]}{0.0.0.0:45085}
2019-10-03 02:16:34,843 [Thread-1532] INFO  server.Server (Server.java:doStart(419)) - Started @126246ms
2019-10-03 02:16:34,843 [Thread-1532] WARN  impl.MetricsSystemImpl (MetricsSystemImpl.java:register(276)) - Sink prometheus already exists!
2019-10-03 02:16:34,844 [Thread-1532] INFO  server.BaseHttpServer (BaseHttpServer.java:updateConnectorAddress(215)) - HTTP server of HDDSDATANODE is listening at http://0.0.0.0:45085
2019-10-03 02:16:34,844 [Thread-1532] INFO  ozone.MiniOzoneClusterImpl (MiniOzoneClusterImpl.java:lambda$waitForClusterToBeReady$0(147)) - Waiting for cluster to be ready. Got 0 of 3 DN Heartbeats.
2019-10-03 02:16:34,846 [org.apache.hadoop.util.JvmPauseMonitor$Monitor@2b558f10] INFO  util.JvmPauseMonitor (JvmPauseMonitor.java:run(188)) - Starting JVM pause monitor
2019-10-03 02:16:34,848 [Datanode State Machine Thread - 0] INFO  datanode.InitDatanodeState (InitDatanodeState.java:persistContainerDatanodeDetails(140)) - DatanodeDetails is persisted to /workdir/hadoop-ozone/ozonefs/target/test-dir/MiniOzoneClusterImpl-d59555dc-2224-4dbc-966a-a3860c504393/datanode-2/meta/datanode.id
2019-10-03 02:16:35,845 [Thread-1532] INFO  ozone.MiniOzoneClusterImpl (MiniOzoneClusterImpl.java:lambda$waitForClusterToBeReady$0(147)) - Waiting for cluster to be ready. Got 0 of 3 DN Heartbeats.
2019-10-03 02:16:36,711 [Datanode State Machine Thread - 0] INFO  ozoneimpl.OzoneContainer (OzoneContainer.java:start(217)) - Attempting to start container services.
2019-10-03 02:16:36,711 [Datanode State Machine Thread - 0] INFO  ozoneimpl.OzoneContainer (OzoneContainer.java:startContainerScrub(179)) - Background container scanner has been disabled.
2019-10-03 02:16:36,712 [Datanode State Machine Thread - 0] INFO  ratis.XceiverServerRatis (XceiverServerRatis.java:start(417)) - Starting XceiverServerRatis 5a12b43c-de12-46a5-82a1-fa668305245d at port 0
2019-10-03 02:16:36,719 [Datanode State Machine Thread - 0] INFO  impl.RaftServerProxy (RaftServerProxy.java:lambda$start$3(299)) - 5a12b43c-de12-46a5-82a1-fa668305245d: start RPC server
2019-10-03 02:16:36,722 [Datanode State Machine Thread - 0] INFO  server.GrpcService (GrpcService.java:startImpl(158)) - 5a12b43c-de12-46a5-82a1-fa668305245d: GrpcService started, listening on 0.0.0.0/0.0.0.0:34339
2019-10-03 02:16:36,722 [Datanode State Machine Thread - 0] INFO  ratis.XceiverServerRatis (XceiverServerRatis.java:start(427)) - XceiverServerRatis 5a12b43c-de12-46a5-82a1-fa668305245d is started using port 34339
2019-10-03 02:16:36,722 [Datanode State Machine Thread - 0] INFO  server.XceiverServerGrpc (XceiverServerGrpc.java:start(149)) - XceiverServerGrpc 5a12b43c-de12-46a5-82a1-fa668305245d is started using port 36153
2019-10-03 02:16:36,773 [Datanode State Machine Thread - 0] INFO  ozoneimpl.OzoneContainer (OzoneContainer.java:start(217)) - Attempting to start container services.
2019-10-03 02:16:36,773 [Datanode State Machine Thread - 0] INFO  ozoneimpl.OzoneContainer (OzoneContainer.java:startContainerScrub(179)) - Background container scanner has been disabled.
2019-10-03 02:16:36,773 [Datanode State Machine Thread - 0] INFO  ratis.XceiverServerRatis (XceiverServerRatis.java:start(417)) - Starting XceiverServerRatis 7db359e7-c962-4304-985e-19cae86d321c at port 0
2019-10-03 02:16:36,780 [Datanode State Machine Thread - 0] INFO  impl.RaftServerProxy (RaftServerProxy.java:lambda$start$3(299)) - 7db359e7-c962-4304-985e-19cae86d321c: start RPC server
2019-10-03 02:16:36,782 [Datanode State Machine Thread - 0] INFO  server.GrpcService (GrpcService.java:startImpl(158)) - 7db359e7-c962-4304-985e-19cae86d321c: GrpcService started, listening on 0.0.0.0/0.0.0.0:37390
2019-10-03 02:16:36,782 [Datanode State Machine Thread - 0] INFO  ratis.XceiverServerRatis (XceiverServerRatis.java:start(427)) - XceiverServerRatis 7db359e7-c962-4304-985e-19cae86d321c is started using port 37390
2019-10-03 02:16:36,782 [Datanode State Machine Thread - 0] INFO  server.XceiverServerGrpc (XceiverServerGrpc.java:start(149)) - XceiverServerGrpc 7db359e7-c962-4304-985e-19cae86d321c is started using port 34161
2019-10-03 02:16:36,845 [Thread-1532] INFO  ozone.MiniOzoneClusterImpl (MiniOzoneClusterImpl.java:lambda$waitForClusterToBeReady$0(147)) - Waiting for cluster to be ready. Got 0 of 3 DN Heartbeats.
2019-10-03 02:16:36,859 [Datanode State Machine Thread - 0] INFO  ozoneimpl.OzoneContainer (OzoneContainer.java:start(217)) - Attempting to start container services.
2019-10-03 02:16:36,860 [Datanode State Machine Thread - 0] INFO  ozoneimpl.OzoneContainer (OzoneContainer.java:startContainerScrub(179)) - Background container scanner has been disabled.
2019-10-03 02:16:36,860 [Datanode State Machine Thread - 0] INFO  ratis.XceiverServerRatis (XceiverServerRatis.java:start(417)) - Starting XceiverServerRatis 83ea03b2-3e7a-4b27-90c3-04682805bb81 at port 0
2019-10-03 02:16:36,865 [Datanode State Machine Thread - 0] INFO  impl.RaftServerProxy (RaftServerProxy.java:lambda$start$3(299)) - 83ea03b2-3e7a-4b27-90c3-04682805bb81: start RPC server
2019-10-03 02:16:36,866 [Datanode State Machine Thread - 0] INFO  server.GrpcService (GrpcService.java:startImpl(158)) - 83ea03b2-3e7a-4b27-90c3-04682805bb81: GrpcService started, listening on 0.0.0.0/0.0.0.0:36151
2019-10-03 02:16:36,866 [Datanode State Machine Thread - 0] INFO  ratis.XceiverServerRatis (XceiverServerRatis.java:start(427)) - XceiverServerRatis 83ea03b2-3e7a-4b27-90c3-04682805bb81 is started using port 36151
2019-10-03 02:16:36,866 [Datanode State Machine Thread - 0] INFO  server.XceiverServerGrpc (XceiverServerGrpc.java:start(149)) - XceiverServerGrpc 83ea03b2-3e7a-4b27-90c3-04682805bb81 is started using port 41393
2019-10-03 02:16:37,846 [Thread-1532] INFO  ozone.MiniOzoneClusterImpl (MiniOzoneClusterImpl.java:lambda$waitForClusterToBeReady$0(147)) - Waiting for cluster to be ready. Got 0 of 3 DN Heartbeats.
2019-10-03 02:16:38,695 [IPC Server handler 2 on 37515] INFO  net.NetworkTopology (NetworkTopologyImpl.java:add(111)) - Added a new node: /default-rack/5a12b43c-de12-46a5-82a1-fa668305245d
2019-10-03 02:16:38,697 [IPC Server handler 2 on 37515] INFO  node.SCMNodeManager (SCMNodeManager.java:register(266)) - Registered Data node : 5a12b43c-de12-46a5-82a1-fa668305245d{ip: 192.168.164.205, host: pr-hdds-1737-89jld-2007629010, networkLocation: /default-rack, certSerialId: null}
2019-10-03 02:16:38,698 [EventQueue-NodeRegistrationContainerReportForDataNodeSafeModeRule] INFO  safemode.SCMSafeModeManager (DataNodeSafeModeRule.java:process(71)) - SCM in safe mode. 1 DataNodes registered, 1 required.
2019-10-03 02:16:38,700 [EventQueue-NodeRegistrationContainerReportForContainerSafeModeRule] INFO  safemode.SCMSafeModeManager (SCMSafeModeManager.java:validateSafeModeExitRules(177)) - ScmSafeModeManager, all rules are successfully validated
2019-10-03 02:16:38,700 [EventQueue-NodeRegistrationContainerReportForContainerSafeModeRule] INFO  safemode.SCMSafeModeManager (SCMSafeModeManager.java:exitSafeMode(193)) - SCM exiting safe mode.
2019-10-03 02:16:38,716 [grpc-default-executor-0] INFO  impl.RaftServerProxy (RaftServerProxy.java:addNew(89)) - 5a12b43c-de12-46a5-82a1-fa668305245d: addNew group-68FFDA3EBC52:[5a12b43c-de12-46a5-82a1-fa668305245d:192.168.164.205:34339] returns group-68FFDA3EBC52:java.util.concurrent.CompletableFuture@65b53367[Not completed]
2019-10-03 02:16:38,719 [pool-377-thread-1] INFO  impl.RaftServerImpl (RaftServerImpl.java:<init>(95)) - 5a12b43c-de12-46a5-82a1-fa668305245d: new RaftServerImpl for group-68FFDA3EBC52:[5a12b43c-de12-46a5-82a1-fa668305245d:192.168.164.205:34339] with ContainerStateMachine:uninitialized
2019-10-03 02:16:38,719 [pool-377-thread-1] INFO  server.RaftServerConfigKeys (ConfUtils.java:logGet(43)) - raft.server.rpc.timeout.min = 5s (custom)
2019-10-03 02:16:38,719 [pool-377-thread-1] INFO  server.RaftServerConfigKeys (ConfUtils.java:logGet(43)) - raft.server.rpc.timeout.max = 5200ms (custom)
2019-10-03 02:16:38,720 [pool-377-thread-1] INFO  server.RaftServerConfigKeys (ConfUtils.java:logGet(43)) - raft.server.rpcslowness.timeout = 120s (custom)
2019-10-03 02:16:38,720 [pool-377-thread-1] INFO  server.RaftServerConfigKeys (ConfUtils.java:logGet(43)) - raft.server.sleep.deviation.threshold = 300 (default)
2019-10-03 02:16:38,720 [pool-377-thread-1] INFO  server.RaftServerConfigKeys (ConfUtils.java:logGet(43)) - raft.server.log.appender.install.snapshot.enabled = false (custom)
2019-10-03 02:16:38,720 [pool-377-thread-1] INFO  impl.RaftServerImpl (ServerState.java:<init>(103)) - 5a12b43c-de12-46a5-82a1-fa668305245d@group-68FFDA3EBC52: ConfigurationManager, init=-1: [5a12b43c-de12-46a5-82a1-fa668305245d:192.168.164.205:34339], old=null, confs=<EMPTY_MAP>
2019-10-03 02:16:38,720 [pool-377-thread-1] INFO  server.RaftServerConfigKeys (ConfUtils.java:logGet(43)) - raft.server.storage.dir = [/workdir/hadoop-ozone/ozonefs/target/test-dir/MiniOzoneClusterImpl-d59555dc-2224-4dbc-966a-a3860c504393/datanode-0/data/ratis] (custom)
2019-10-03 02:16:38,721 [pool-377-thread-1] INFO  server.RaftServerConfigKeys (ConfUtils.java:logGet(43)) - raft.server.log.corruption.policy = EXCEPTION (default)
2019-10-03 02:16:38,721 [pool-377-thread-1] INFO  storage.RaftStorageDirectory (RaftStorageDirectory.java:analyzeStorage(246)) - The storage directory /workdir/hadoop-ozone/ozonefs/target/test-dir/MiniOzoneClusterImpl-d59555dc-2224-4dbc-966a-a3860c504393/datanode-0/data/ratis/3049ce24-1c5c-455f-a913-68ffda3ebc52 does not exist. Creating ...
2019-10-03 02:16:38,734 [pool-377-thread-1] INFO  storage.RaftStorageDirectory (RaftStorageDirectory.java:tryLock(328)) - Lock on /workdir/hadoop-ozone/ozonefs/target/test-dir/MiniOzoneClusterImpl-d59555dc-2224-4dbc-966a-a3860c504393/datanode-0/data/ratis/3049ce24-1c5c-455f-a913-68ffda3ebc52/in_use.lock acquired by nodename 8307@pr-hdds-1737-89jld-2007629010
2019-10-03 02:16:38,747 [pool-377-thread-1] INFO  storage.RaftStorage (RaftStorage.java:format(84)) - Storage directory /workdir/hadoop-ozone/ozonefs/target/test-dir/MiniOzoneClusterImpl-d59555dc-2224-4dbc-966a-a3860c504393/datanode-0/data/ratis/3049ce24-1c5c-455f-a913-68ffda3ebc52 has been successfully formatted.
2019-10-03 02:16:38,747 [pool-377-thread-1] INFO  ratis.ContainerStateMachine (ContainerStateMachine.java:loadSnapshot(230)) - group-68FFDA3EBC52: The snapshot info is null. Setting the last applied indexto:(t:0, i:~)
2019-10-03 02:16:38,747 [pool-377-thread-1] INFO  server.RaftServerConfigKeys (ConfUtils.java:logGet(43)) - raft.server.notification.no-leader.timeout = 120s (custom)
2019-10-03 02:16:38,748 [pool-377-thread-1] INFO  server.RaftServerConfigKeys (ConfUtils.java:logGet(43)) - raft.server.log.use.memory = false (default)
2019-10-03 02:16:38,748 [pool-377-thread-1] INFO  server.RaftServerConfigKeys (ConfUtils.java:logGet(43)) - raft.server.log.purge.gap = 1000000 (custom)
2019-10-03 02:16:38,748 [pool-377-thread-1] INFO  server.RaftServerConfigKeys (ConfUtils.java:logGet(43)) - raft.server.log.appender.buffer.byte-limit = 33554432 (custom)
2019-10-03 02:16:38,748 [pool-377-thread-1] INFO  server.RaftServerConfigKeys (ConfUtils.java:logGet(43)) - raft.server.log.segment.size.max = 1048576 (custom)
2019-10-03 02:16:38,751 [pool-377-thread-1] INFO  server.RaftServerConfigKeys (ConfUtils.java:logGet(43)) - raft.server.log.segment.cache.num.max = 2 (custom)
2019-10-03 02:16:38,751 [pool-377-thread-1] INFO  segmented.SegmentedRaftLogWorker (SegmentedRaftLogWorker.java:<init>(173)) - new 5a12b43c-de12-46a5-82a1-fa668305245d@group-68FFDA3EBC52-SegmentedRaftLogWorker for RaftStorage:Storage Directory /workdir/hadoop-ozone/ozonefs/target/test-dir/MiniOzoneClusterImpl-d59555dc-2224-4dbc-966a-a3860c504393/datanode-0/data/ratis/3049ce24-1c5c-455f-a913-68ffda3ebc52
2019-10-03 02:16:38,751 [pool-377-thread-1] INFO  server.RaftServerConfigKeys (ConfUtils.java:logGet(43)) - raft.server.log.queue.byte-limit = 2147483647 (custom)
2019-10-03 02:16:38,751 [pool-377-thread-1] INFO  server.RaftServerConfigKeys (ConfUtils.java:logGet(43)) - raft.server.log.queue.element-limit = 1024 (custom)
2019-10-03 02:16:38,751 [pool-377-thread-1] INFO  server.RaftServerConfigKeys (ConfUtils.java:logGet(43)) - raft.server.log.segment.size.max = 1048576 (custom)
2019-10-03 02:16:38,752 [pool-377-thread-1] INFO  server.RaftServerConfigKeys (ConfUtils.java:logGet(43)) - raft.server.log.preallocated.size = 16384 (custom)
2019-10-03 02:16:38,752 [pool-377-thread-1] INFO  server.RaftServerConfigKeys (ConfUtils.java:logGet(43)) - raft.server.log.write.buffer.size = 33554432 (custom)
2019-10-03 02:16:38,752 [pool-377-thread-1] INFO  server.RaftServerConfigKeys (ConfUtils.java:logGet(43)) - raft.server.log.force.sync.num = 128 (default)
2019-10-03 02:16:38,752 [pool-377-thread-1] INFO  server.RaftServerConfigKeys (ConfUtils.java:logGet(43)) - raft.server.log.statemachine.data.sync = true (default)
2019-10-03 02:16:38,752 [pool-377-thread-1] INFO  server.RaftServerConfigKeys (ConfUtils.java:logGet(43)) - raft.server.log.statemachine.data.sync.timeout = 10s (default)
2019-10-03 02:16:38,753 [pool-377-thread-1] INFO  server.RaftServerConfigKeys (ConfUtils.java:logGet(43)) - raft.server.log.statemachine.data.sync.timeout.retry = -1 (default)
2019-10-03 02:16:38,753 [pool-377-thread-1] INFO  server.RaftServerConfigKeys (ConfUtils.java:logGet(43)) - raft.server.log.statemachine.data.caching.enabled = true (custom)
2019-10-03 02:16:38,753 [pool-377-thread-1] INFO  segmented.SegmentedRaftLogWorker (SegmentedRaftLogWorker.java:lambda$new$0(128)) - 5a12b43c-de12-46a5-82a1-fa668305245d@group-68FFDA3EBC52-SegmentedRaftLogWorker: flushIndex: setUnconditionally 0 -> -1
2019-10-03 02:16:38,754 [pool-377-thread-1] INFO  server.RaftServerConfigKeys (ConfUtils.java:logGet(43)) - raft.server.snapshot.auto.trigger.enabled = true (custom)
2019-10-03 02:16:38,754 [pool-377-thread-1] INFO  server.RaftServerConfigKeys (ConfUtils.java:logGet(43)) - raft.server.snapshot.auto.trigger.threshold = 10000 (custom)
2019-10-03 02:16:38,754 [pool-377-thread-1] INFO  server.RaftServerConfigKeys (ConfUtils.java:logGet(43)) - raft.server.snapshot.retention.file.num = 5 (custom)
2019-10-03 02:16:38,754 [pool-377-thread-1] INFO  server.RaftServerConfigKeys (ConfUtils.java:logGet(43)) - raft.server.retrycache.expirytime = 600000ms (custom)
2019-10-03 02:16:38,757 [pool-377-thread-1] INFO  impl.RaftServerImpl (RaftServerImpl.java:start(181)) - 5a12b43c-de12-46a5-82a1-fa668305245d@group-68FFDA3EBC52: start as a follower, conf=-1: [5a12b43c-de12-46a5-82a1-fa668305245d:192.168.164.205:34339], old=null
2019-10-03 02:16:38,757 [pool-377-thread-1] INFO  impl.RaftServerImpl (RaftServerImpl.java:setRole(170)) - 5a12b43c-de12-46a5-82a1-fa668305245d@group-68FFDA3EBC52: changes role from      null to FOLLOWER at term 0 for startAsFollower
2019-10-03 02:16:38,757 [pool-377-thread-1] INFO  impl.RoleInfo (RoleInfo.java:updateAndGet(143)) - 5a12b43c-de12-46a5-82a1-fa668305245d: start FollowerState
2019-10-03 02:16:38,758 [pool-377-thread-1] INFO  util.JmxRegister (JmxRegister.java:tryRegister(44)) - Successfully registered JMX Bean with object name Ratis:service=RaftServer,group=group-68FFDA3EBC52,id=5a12b43c-de12-46a5-82a1-fa668305245d
2019-10-03 02:16:38,759 [IPC Server handler 4 on 37515] INFO  net.NetworkTopology (NetworkTopologyImpl.java:add(111)) - Added a new node: /default-rack/7db359e7-c962-4304-985e-19cae86d321c
2019-10-03 02:16:38,760 [IPC Server handler 4 on 37515] INFO  node.SCMNodeManager (SCMNodeManager.java:register(266)) - Registered Data node : 7db359e7-c962-4304-985e-19cae86d321c{ip: 192.168.164.205, host: pr-hdds-1737-89jld-2007629010, networkLocation: /default-rack, certSerialId: null}
2019-10-03 02:16:38,766 [RatisPipelineUtilsThread] INFO  pipeline.PipelineStateManager (PipelineStateManager.java:addPipeline(56)) - Created pipeline Pipeline[ Id: 3049ce24-1c5c-455f-a913-68ffda3ebc52, Nodes: 5a12b43c-de12-46a5-82a1-fa668305245d{ip: 192.168.164.205, host: pr-hdds-1737-89jld-2007629010, networkLocation: /default-rack, certSerialId: null}, Type:RATIS, Factor:ONE, State:OPEN]
2019-10-03 02:16:38,778 [grpc-default-executor-0] INFO  impl.RaftServerProxy (RaftServerProxy.java:addNew(89)) - 7db359e7-c962-4304-985e-19cae86d321c: addNew group-831C27836CA3:[7db359e7-c962-4304-985e-19cae86d321c:192.168.164.205:37390] returns group-831C27836CA3:java.util.concurrent.CompletableFuture@49f8e07b[Not completed]
2019-10-03 02:16:38,779 [pool-387-thread-1] INFO  impl.RaftServerImpl (RaftServerImpl.java:<init>(95)) - 7db359e7-c962-4304-985e-19cae86d321c: new RaftServerImpl for group-831C27836CA3:[7db359e7-c962-4304-985e-19cae86d321c:192.168.164.205:37390] with ContainerStateMachine:uninitialized
2019-10-03 02:16:38,779 [pool-387-thread-1] INFO  server.RaftServerConfigKeys (ConfUtils.java:logGet(43)) - raft.server.rpc.timeout.min = 5s (custom)
2019-10-03 02:16:38,780 [pool-387-thread-1] INFO  server.RaftServerConfigKeys (ConfUtils.java:logGet(43)) - raft.server.rpc.timeout.max = 5200ms (custom)
2019-10-03 02:16:38,780 [pool-387-thread-1] INFO  server.RaftServerConfigKeys (ConfUtils.java:logGet(43)) - raft.server.rpcslowness.timeout = 120s (custom)
2019-10-03 02:16:38,780 [pool-387-thread-1] INFO  server.RaftServerConfigKeys (ConfUtils.java:logGet(43)) - raft.server.sleep.deviation.threshold = 300 (default)
2019-10-03 02:16:38,780 [pool-387-thread-1] INFO  server.RaftServerConfigKeys (ConfUtils.java:logGet(43)) - raft.server.log.appender.install.snapshot.enabled = false (custom)
2019-10-03 02:16:38,780 [pool-387-thread-1] INFO  impl.RaftServerImpl (ServerState.java:<init>(103)) - 7db359e7-c962-4304-985e-19cae86d321c@group-831C27836CA3: ConfigurationManager, init=-1: [7db359e7-c962-4304-985e-19cae86d321c:192.168.164.205:37390], old=null, confs=<EMPTY_MAP>
2019-10-03 02:16:38,781 [pool-387-thread-1] INFO  server.RaftServerConfigKeys (ConfUtils.java:logGet(43)) - raft.server.storage.dir = [/workdir/hadoop-ozone/ozonefs/target/test-dir/MiniOzoneClusterImpl-d59555dc-2224-4dbc-966a-a3860c504393/datanode-1/data/ratis] (custom)
2019-10-03 02:16:38,781 [pool-387-thread-1] INFO  server.RaftServerConfigKeys (ConfUtils.java:logGet(43)) - raft.server.log.corruption.policy = EXCEPTION (default)
2019-10-03 02:16:38,781 [pool-387-thread-1] INFO  storage.RaftStorageDirectory (RaftStorageDirectory.java:analyzeStorage(246)) - The storage directory /workdir/hadoop-ozone/ozonefs/target/test-dir/MiniOzoneClusterImpl-d59555dc-2224-4dbc-966a-a3860c504393/datanode-1/data/ratis/24e1fc1b-d9a5-4c0d-be64-831c27836ca3 does not exist. Creating ...
2019-10-03 02:16:38,794 [pool-387-thread-1] INFO  storage.RaftStorageDirectory (RaftStorageDirectory.java:tryLock(328)) - Lock on /workdir/hadoop-ozone/ozonefs/target/test-dir/MiniOzoneClusterImpl-d59555dc-2224-4dbc-966a-a3860c504393/datanode-1/data/ratis/24e1fc1b-d9a5-4c0d-be64-831c27836ca3/in_use.lock acquired by nodename 8307@pr-hdds-1737-89jld-2007629010
2019-10-03 02:16:38,807 [pool-387-thread-1] INFO  storage.RaftStorage (RaftStorage.java:format(84)) - Storage directory /workdir/hadoop-ozone/ozonefs/target/test-dir/MiniOzoneClusterImpl-d59555dc-2224-4dbc-966a-a3860c504393/datanode-1/data/ratis/24e1fc1b-d9a5-4c0d-be64-831c27836ca3 has been successfully formatted.
2019-10-03 02:16:38,807 [pool-387-thread-1] INFO  ratis.ContainerStateMachine (ContainerStateMachine.java:loadSnapshot(230)) - group-831C27836CA3: The snapshot info is null. Setting the last applied indexto:(t:0, i:~)
2019-10-03 02:16:38,807 [pool-387-thread-1] INFO  server.RaftServerConfigKeys (ConfUtils.java:logGet(43)) - raft.server.notification.no-leader.timeout = 120s (custom)
2019-10-03 02:16:38,807 [pool-387-thread-1] INFO  server.RaftServerConfigKeys (ConfUtils.java:logGet(43)) - raft.server.log.use.memory = false (default)
2019-10-03 02:16:38,808 [pool-387-thread-1] INFO  server.RaftServerConfigKeys (ConfUtils.java:logGet(43)) - raft.server.log.purge.gap = 1000000 (custom)
2019-10-03 02:16:38,808 [pool-387-thread-1] INFO  server.RaftServerConfigKeys (ConfUtils.java:logGet(43)) - raft.server.log.appender.buffer.byte-limit = 33554432 (custom)
2019-10-03 02:16:38,808 [pool-387-thread-1] INFO  server.RaftServerConfigKeys (ConfUtils.java:logGet(43)) - raft.server.log.segment.size.max = 1048576 (custom)
2019-10-03 02:16:38,810 [pool-387-thread-1] INFO  server.RaftServerConfigKeys (ConfUtils.java:logGet(43)) - raft.server.log.segment.cache.num.max = 2 (custom)
2019-10-03 02:16:38,810 [pool-387-thread-1] INFO  segmented.SegmentedRaftLogWorker (SegmentedRaftLogWorker.java:<init>(173)) - new 7db359e7-c962-4304-985e-19cae86d321c@group-831C27836CA3-SegmentedRaftLogWorker for RaftStorage:Storage Directory /workdir/hadoop-ozone/ozonefs/target/test-dir/MiniOzoneClusterImpl-d59555dc-2224-4dbc-966a-a3860c504393/datanode-1/data/ratis/24e1fc1b-d9a5-4c0d-be64-831c27836ca3
2019-10-03 02:16:38,810 [pool-387-thread-1] INFO  server.RaftServerConfigKeys (ConfUtils.java:logGet(43)) - raft.server.log.queue.byte-limit = 2147483647 (custom)
2019-10-03 02:16:38,810 [pool-387-thread-1] INFO  server.RaftServerConfigKeys (ConfUtils.java:logGet(43)) - raft.server.log.queue.element-limit = 1024 (custom)
2019-10-03 02:16:38,810 [pool-387-thread-1] INFO  server.RaftServerConfigKeys (ConfUtils.java:logGet(43)) - raft.server.log.segment.size.max = 1048576 (custom)
2019-10-03 02:16:38,810 [pool-387-thread-1] INFO  server.RaftServerConfigKeys (ConfUtils.java:logGet(43)) - raft.server.log.preallocated.size = 16384 (custom)
2019-10-03 02:16:38,811 [pool-387-thread-1] INFO  server.RaftServerConfigKeys (ConfUtils.java:logGet(43)) - raft.server.log.write.buffer.size = 33554432 (custom)
2019-10-03 02:16:38,811 [pool-387-thread-1] INFO  server.RaftServerConfigKeys (ConfUtils.java:logGet(43)) - raft.server.log.force.sync.num = 128 (default)
2019-10-03 02:16:38,811 [pool-387-thread-1] INFO  server.RaftServerConfigKeys (ConfUtils.java:logGet(43)) - raft.server.log.statemachine.data.sync = true (default)
2019-10-03 02:16:38,811 [pool-387-thread-1] INFO  server.RaftServerConfigKeys (ConfUtils.java:logGet(43)) - raft.server.log.statemachine.data.sync.timeout = 10s (default)
2019-10-03 02:16:38,811 [pool-387-thread-1] INFO  server.RaftServerConfigKeys (ConfUtils.java:logGet(43)) - raft.server.log.statemachine.data.sync.timeout.retry = -1 (default)
2019-10-03 02:16:38,812 [pool-387-thread-1] INFO  server.RaftServerConfigKeys (ConfUtils.java:logGet(43)) - raft.server.log.statemachine.data.caching.enabled = true (custom)
2019-10-03 02:16:38,812 [pool-387-thread-1] INFO  segmented.SegmentedRaftLogWorker (SegmentedRaftLogWorker.java:lambda$new$0(128)) - 7db359e7-c962-4304-985e-19cae86d321c@group-831C27836CA3-SegmentedRaftLogWorker: flushIndex: setUnconditionally 0 -> -1
2019-10-03 02:16:38,812 [pool-387-thread-1] INFO  server.RaftServerConfigKeys (ConfUtils.java:logGet(43)) - raft.server.snapshot.auto.trigger.enabled = true (custom)
2019-10-03 02:16:38,812 [pool-387-thread-1] INFO  server.RaftServerConfigKeys (ConfUtils.java:logGet(43)) - raft.server.snapshot.auto.trigger.threshold = 10000 (custom)
2019-10-03 02:16:38,813 [pool-387-thread-1] INFO  server.RaftServerConfigKeys (ConfUtils.java:logGet(43)) - raft.server.snapshot.retention.file.num = 5 (custom)
2019-10-03 02:16:38,813 [pool-387-thread-1] INFO  server.RaftServerConfigKeys (ConfUtils.java:logGet(43)) - raft.server.retrycache.expirytime = 600000ms (custom)
2019-10-03 02:16:38,815 [pool-387-thread-1] INFO  impl.RaftServerImpl (RaftServerImpl.java:start(181)) - 7db359e7-c962-4304-985e-19cae86d321c@group-831C27836CA3: start as a follower, conf=-1: [7db359e7-c962-4304-985e-19cae86d321c:192.168.164.205:37390], old=null
2019-10-03 02:16:38,815 [pool-387-thread-1] INFO  impl.RaftServerImpl (RaftServerImpl.java:setRole(170)) - 7db359e7-c962-4304-985e-19cae86d321c@group-831C27836CA3: changes role from      null to FOLLOWER at term 0 for startAsFollower
2019-10-03 02:16:38,815 [pool-387-thread-1] INFO  impl.RoleInfo (RoleInfo.java:updateAndGet(143)) - 7db359e7-c962-4304-985e-19cae86d321c: start FollowerState
2019-10-03 02:16:38,815 [pool-387-thread-1] INFO  util.JmxRegister (JmxRegister.java:tryRegister(44)) - Successfully registered JMX Bean with object name Ratis:service=RaftServer,group=group-831C27836CA3,id=7db359e7-c962-4304-985e-19cae86d321c
2019-10-03 02:16:38,822 [RatisPipelineUtilsThread] INFO  pipeline.PipelineStateManager (PipelineStateManager.java:addPipeline(56)) - Created pipeline Pipeline[ Id: 24e1fc1b-d9a5-4c0d-be64-831c27836ca3, Nodes: 7db359e7-c962-4304-985e-19cae86d321c{ip: 192.168.164.205, host: pr-hdds-1737-89jld-2007629010, networkLocation: /default-rack, certSerialId: null}, Type:RATIS, Factor:ONE, State:OPEN]
2019-10-03 02:16:38,846 [Thread-1532] INFO  ozone.MiniOzoneClusterImpl (MiniOzoneClusterImpl.java:lambda$waitForClusterToBeReady$0(147)) - Waiting for cluster to be ready. Got 2 of 3 DN Heartbeats.
2019-10-03 02:16:38,847 [IPC Server handler 3 on 37515] INFO  net.NetworkTopology (NetworkTopologyImpl.java:add(111)) - Added a new node: /default-rack/83ea03b2-3e7a-4b27-90c3-04682805bb81
2019-10-03 02:16:38,847 [IPC Server handler 3 on 37515] INFO  node.SCMNodeManager (SCMNodeManager.java:register(266)) - Registered Data node : 83ea03b2-3e7a-4b27-90c3-04682805bb81{ip: 192.168.164.205, host: pr-hdds-1737-89jld-2007629010, networkLocation: /default-rack, certSerialId: null}
2019-10-03 02:16:38,857 [grpc-default-executor-0] INFO  impl.RaftServerProxy (RaftServerProxy.java:addNew(89)) - 83ea03b2-3e7a-4b27-90c3-04682805bb81: addNew group-53CE2C249D46:[83ea03b2-3e7a-4b27-90c3-04682805bb81:192.168.164.205:36151] returns group-53CE2C249D46:java.util.concurrent.CompletableFuture@5c891022[Not completed]
2019-10-03 02:16:38,859 [pool-397-thread-1] INFO  impl.RaftServerImpl (RaftServerImpl.java:<init>(95)) - 83ea03b2-3e7a-4b27-90c3-04682805bb81: new RaftServerImpl for group-53CE2C249D46:[83ea03b2-3e7a-4b27-90c3-04682805bb81:192.168.164.205:36151] with ContainerStateMachine:uninitialized
2019-10-03 02:16:38,859 [pool-397-thread-1] INFO  server.RaftServerConfigKeys (ConfUtils.java:logGet(43)) - raft.server.rpc.timeout.min = 5s (custom)
2019-10-03 02:16:38,859 [pool-397-thread-1] INFO  server.RaftServerConfigKeys (ConfUtils.java:logGet(43)) - raft.server.rpc.timeout.max = 5200ms (custom)
2019-10-03 02:16:38,859 [pool-397-thread-1] INFO  server.RaftServerConfigKeys (ConfUtils.java:logGet(43)) - raft.server.rpcslowness.timeout = 120s (custom)
2019-10-03 02:16:38,859 [pool-397-thread-1] INFO  server.RaftServerConfigKeys (ConfUtils.java:logGet(43)) - raft.server.sleep.deviation.threshold = 300 (default)
2019-10-03 02:16:38,860 [pool-397-thread-1] INFO  server.RaftServerConfigKeys (ConfUtils.java:logGet(43)) - raft.server.log.appender.install.snapshot.enabled = false (custom)
2019-10-03 02:16:38,860 [pool-397-thread-1] INFO  impl.RaftServerImpl (ServerState.java:<init>(103)) - 83ea03b2-3e7a-4b27-90c3-04682805bb81@group-53CE2C249D46: ConfigurationManager, init=-1: [83ea03b2-3e7a-4b27-90c3-04682805bb81:192.168.164.205:36151], old=null, confs=<EMPTY_MAP>
2019-10-03 02:16:38,860 [pool-397-thread-1] INFO  server.RaftServerConfigKeys (ConfUtils.java:logGet(43)) - raft.server.storage.dir = [/workdir/hadoop-ozone/ozonefs/target/test-dir/MiniOzoneClusterImpl-d59555dc-2224-4dbc-966a-a3860c504393/datanode-2/data/ratis] (custom)
2019-10-03 02:16:38,860 [pool-397-thread-1] INFO  server.RaftServerConfigKeys (ConfUtils.java:logGet(43)) - raft.server.log.corruption.policy = EXCEPTION (default)
2019-10-03 02:16:38,860 [pool-397-thread-1] INFO  storage.RaftStorageDirectory (RaftStorageDirectory.java:analyzeStorage(246)) - The storage directory /workdir/hadoop-ozone/ozonefs/target/test-dir/MiniOzoneClusterImpl-d59555dc-2224-4dbc-966a-a3860c504393/datanode-2/data/ratis/1a2393cb-074e-4505-9012-53ce2c249d46 does not exist. Creating ...
2019-10-03 02:16:38,873 [pool-397-thread-1] INFO  storage.RaftStorageDirectory (RaftStorageDirectory.java:tryLock(328)) - Lock on /workdir/hadoop-ozone/ozonefs/target/test-dir/MiniOzoneClusterImpl-d59555dc-2224-4dbc-966a-a3860c504393/datanode-2/data/ratis/1a2393cb-074e-4505-9012-53ce2c249d46/in_use.lock acquired by nodename 8307@pr-hdds-1737-89jld-2007629010
2019-10-03 02:16:38,876 [pool-397-thread-1] INFO  storage.RaftStorage (RaftStorage.java:format(84)) - Storage directory /workdir/hadoop-ozone/ozonefs/target/test-dir/MiniOzoneClusterImpl-d59555dc-2224-4dbc-966a-a3860c504393/datanode-2/data/ratis/1a2393cb-074e-4505-9012-53ce2c249d46 has been successfully formatted.
2019-10-03 02:16:38,876 [pool-397-thread-1] INFO  ratis.ContainerStateMachine (ContainerStateMachine.java:loadSnapshot(230)) - group-53CE2C249D46: The snapshot info is null. Setting the last applied indexto:(t:0, i:~)
2019-10-03 02:16:38,877 [pool-397-thread-1] INFO  server.RaftServerConfigKeys (ConfUtils.java:logGet(43)) - raft.server.notification.no-leader.timeout = 120s (custom)
2019-10-03 02:16:38,877 [pool-397-thread-1] INFO  server.RaftServerConfigKeys (ConfUtils.java:logGet(43)) - raft.server.log.use.memory = false (default)
2019-10-03 02:16:38,877 [pool-397-thread-1] INFO  server.RaftServerConfigKeys (ConfUtils.java:logGet(43)) - raft.server.log.purge.gap = 1000000 (custom)
2019-10-03 02:16:38,877 [pool-397-thread-1] INFO  server.RaftServerConfigKeys (ConfUtils.java:logGet(43)) - raft.server.log.appender.buffer.byte-limit = 33554432 (custom)
2019-10-03 02:16:38,877 [pool-397-thread-1] INFO  server.RaftServerConfigKeys (ConfUtils.java:logGet(43)) - raft.server.log.segment.size.max = 1048576 (custom)
2019-10-03 02:16:38,879 [pool-397-thread-1] INFO  server.RaftServerConfigKeys (ConfUtils.java:logGet(43)) - raft.server.log.segment.cache.num.max = 2 (custom)
2019-10-03 02:16:38,879 [pool-397-thread-1] INFO  segmented.SegmentedRaftLogWorker (SegmentedRaftLogWorker.java:<init>(173)) - new 83ea03b2-3e7a-4b27-90c3-04682805bb81@group-53CE2C249D46-SegmentedRaftLogWorker for RaftStorage:Storage Directory /workdir/hadoop-ozone/ozonefs/target/test-dir/MiniOzoneClusterImpl-d59555dc-2224-4dbc-966a-a3860c504393/datanode-2/data/ratis/1a2393cb-074e-4505-9012-53ce2c249d46
2019-10-03 02:16:38,879 [pool-397-thread-1] INFO  server.RaftServerConfigKeys (ConfUtils.java:logGet(43)) - raft.server.log.queue.byte-limit = 2147483647 (custom)
2019-10-03 02:16:38,879 [pool-397-thread-1] INFO  server.RaftServerConfigKeys (ConfUtils.java:logGet(43)) - raft.server.log.queue.element-limit = 1024 (custom)
2019-10-03 02:16:38,879 [pool-397-thread-1] INFO  server.RaftServerConfigKeys (ConfUtils.java:logGet(43)) - raft.server.log.segment.size.max = 1048576 (custom)
2019-10-03 02:16:38,879 [pool-397-thread-1] INFO  server.RaftServerConfigKeys (ConfUtils.java:logGet(43)) - raft.server.log.preallocated.size = 16384 (custom)
2019-10-03 02:16:38,880 [pool-397-thread-1] INFO  server.RaftServerConfigKeys (ConfUtils.java:logGet(43)) - raft.server.log.write.buffer.size = 33554432 (custom)
2019-10-03 02:16:38,880 [pool-397-thread-1] INFO  server.RaftServerConfigKeys (ConfUtils.java:logGet(43)) - raft.server.log.force.sync.num = 128 (default)
2019-10-03 02:16:38,880 [pool-397-thread-1] INFO  server.RaftServerConfigKeys (ConfUtils.java:logGet(43)) - raft.server.log.statemachine.data.sync = true (default)
2019-10-03 02:16:38,880 [pool-397-thread-1] INFO  server.RaftServerConfigKeys (ConfUtils.java:logGet(43)) - raft.server.log.statemachine.data.sync.timeout = 10s (default)
2019-10-03 02:16:38,880 [pool-397-thread-1] INFO  server.RaftServerConfigKeys (ConfUtils.java:logGet(43)) - raft.server.log.statemachine.data.sync.timeout.retry = -1 (default)
2019-10-03 02:16:38,881 [pool-397-thread-1] INFO  server.RaftServerConfigKeys (ConfUtils.java:logGet(43)) - raft.server.log.statemachine.data.caching.enabled = true (custom)
2019-10-03 02:16:38,881 [pool-397-thread-1] INFO  segmented.SegmentedRaftLogWorker (SegmentedRaftLogWorker.java:lambda$new$0(128)) - 83ea03b2-3e7a-4b27-90c3-04682805bb81@group-53CE2C249D46-SegmentedRaftLogWorker: flushIndex: setUnconditionally 0 -> -1
2019-10-03 02:16:38,881 [pool-397-thread-1] INFO  server.RaftServerConfigKeys (ConfUtils.java:logGet(43)) - raft.server.snapshot.auto.trigger.enabled = true (custom)
2019-10-03 02:16:38,881 [pool-397-thread-1] INFO  server.RaftServerConfigKeys (ConfUtils.java:logGet(43)) - raft.server.snapshot.auto.trigger.threshold = 10000 (custom)
2019-10-03 02:16:38,881 [pool-397-thread-1] INFO  server.RaftServerConfigKeys (ConfUtils.java:logGet(43)) - raft.server.snapshot.retention.file.num = 5 (custom)
2019-10-03 02:16:38,882 [pool-397-thread-1] INFO  server.RaftServerConfigKeys (ConfUtils.java:logGet(43)) - raft.server.retrycache.expirytime = 600000ms (custom)
2019-10-03 02:16:38,883 [pool-397-thread-1] INFO  impl.RaftServerImpl (RaftServerImpl.java:start(181)) - 83ea03b2-3e7a-4b27-90c3-04682805bb81@group-53CE2C249D46: start as a follower, conf=-1: [83ea03b2-3e7a-4b27-90c3-04682805bb81:192.168.164.205:36151], old=null
2019-10-03 02:16:38,883 [pool-397-thread-1] INFO  impl.RaftServerImpl (RaftServerImpl.java:setRole(170)) - 83ea03b2-3e7a-4b27-90c3-04682805bb81@group-53CE2C249D46: changes role from      null to FOLLOWER at term 0 for startAsFollower
2019-10-03 02:16:38,884 [pool-397-thread-1] INFO  impl.RoleInfo (RoleInfo.java:updateAndGet(143)) - 83ea03b2-3e7a-4b27-90c3-04682805bb81: start FollowerState
2019-10-03 02:16:38,884 [pool-397-thread-1] INFO  util.JmxRegister (JmxRegister.java:tryRegister(44)) - Successfully registered JMX Bean with object name Ratis:service=RaftServer,group=group-53CE2C249D46,id=83ea03b2-3e7a-4b27-90c3-04682805bb81
2019-10-03 02:16:38,891 [RatisPipelineUtilsThread] INFO  pipeline.PipelineStateManager (PipelineStateManager.java:addPipeline(56)) - Created pipeline Pipeline[ Id: 1a2393cb-074e-4505-9012-53ce2c249d46, Nodes: 83ea03b2-3e7a-4b27-90c3-04682805bb81{ip: 192.168.164.205, host: pr-hdds-1737-89jld-2007629010, networkLocation: /default-rack, certSerialId: null}, Type:RATIS, Factor:ONE, State:OPEN]
2019-10-03 02:16:38,913 [grpc-default-executor-2] INFO  impl.RaftServerProxy (RaftServerProxy.java:addNew(89)) - 7db359e7-c962-4304-985e-19cae86d321c: addNew group-E8CAA4997BE0:[5a12b43c-de12-46a5-82a1-fa668305245d:192.168.164.205:34339, 83ea03b2-3e7a-4b27-90c3-04682805bb81:192.168.164.205:36151, 7db359e7-c962-4304-985e-19cae86d321c:192.168.164.205:37390] returns group-E8CAA4997BE0:java.util.concurrent.CompletableFuture@e99e0d1[Not completed]
2019-10-03 02:16:38,913 [grpc-default-executor-1] INFO  impl.RaftServerProxy (RaftServerProxy.java:addNew(89)) - 5a12b43c-de12-46a5-82a1-fa668305245d: addNew group-E8CAA4997BE0:[5a12b43c-de12-46a5-82a1-fa668305245d:192.168.164.205:34339, 83ea03b2-3e7a-4b27-90c3-04682805bb81:192.168.164.205:36151, 7db359e7-c962-4304-985e-19cae86d321c:192.168.164.205:37390] returns group-E8CAA4997BE0:java.util.concurrent.CompletableFuture@502c5d11[Not completed]
2019-10-03 02:16:38,916 [grpc-default-executor-0] INFO  impl.RaftServerProxy (RaftServerProxy.java:addNew(89)) - 83ea03b2-3e7a-4b27-90c3-04682805bb81: addNew group-E8CAA4997BE0:[5a12b43c-de12-46a5-82a1-fa668305245d:192.168.164.205:34339, 83ea03b2-3e7a-4b27-90c3-04682805bb81:192.168.164.205:36151, 7db359e7-c962-4304-985e-19cae86d321c:192.168.164.205:37390] returns group-E8CAA4997BE0:java.util.concurrent.CompletableFuture@1d4b50b[Not completed]
2019-10-03 02:16:38,917 [pool-377-thread-1] INFO  impl.RaftServerImpl (RaftServerImpl.java:<init>(95)) - 5a12b43c-de12-46a5-82a1-fa668305245d: new RaftServerImpl for group-E8CAA4997BE0:[5a12b43c-de12-46a5-82a1-fa668305245d:192.168.164.205:34339, 83ea03b2-3e7a-4b27-90c3-04682805bb81:192.168.164.205:36151, 7db359e7-c962-4304-985e-19cae86d321c:192.168.164.205:37390] with ContainerStateMachine:uninitialized
2019-10-03 02:16:38,917 [pool-377-thread-1] INFO  server.RaftServerConfigKeys (ConfUtils.java:logGet(43)) - raft.server.rpc.timeout.min = 5s (custom)
2019-10-03 02:16:38,917 [pool-377-thread-1] INFO  server.RaftServerConfigKeys (ConfUtils.java:logGet(43)) - raft.server.rpc.timeout.max = 5200ms (custom)
2019-10-03 02:16:38,917 [pool-377-thread-1] INFO  server.RaftServerConfigKeys (ConfUtils.java:logGet(43)) - raft.server.rpcslowness.timeout = 120s (custom)
2019-10-03 02:16:38,918 [pool-397-thread-1] INFO  impl.RaftServerImpl (RaftServerImpl.java:<init>(95)) - 83ea03b2-3e7a-4b27-90c3-04682805bb81: new RaftServerImpl for group-E8CAA4997BE0:[5a12b43c-de12-46a5-82a1-fa668305245d:192.168.164.205:34339, 83ea03b2-3e7a-4b27-90c3-04682805bb81:192.168.164.205:36151, 7db359e7-c962-4304-985e-19cae86d321c:192.168.164.205:37390] with ContainerStateMachine:uninitialized
2019-10-03 02:16:38,918 [pool-377-thread-1] INFO  server.RaftServerConfigKeys (ConfUtils.java:logGet(43)) - raft.server.sleep.deviation.threshold = 300 (default)
2019-10-03 02:16:38,918 [pool-397-thread-1] INFO  server.RaftServerConfigKeys (ConfUtils.java:logGet(43)) - raft.server.rpc.timeout.min = 5s (custom)
2019-10-03 02:16:38,918 [pool-377-thread-1] INFO  server.RaftServerConfigKeys (ConfUtils.java:logGet(43)) - raft.server.log.appender.install.snapshot.enabled = false (custom)
2019-10-03 02:16:38,918 [pool-397-thread-1] INFO  server.RaftServerConfigKeys (ConfUtils.java:logGet(43)) - raft.server.rpc.timeout.max = 5200ms (custom)
2019-10-03 02:16:38,918 [pool-397-thread-1] INFO  server.RaftServerConfigKeys (ConfUtils.java:logGet(43)) - raft.server.rpcslowness.timeout = 120s (custom)
2019-10-03 02:16:38,918 [pool-387-thread-1] INFO  impl.RaftServerImpl (RaftServerImpl.java:<init>(95)) - 7db359e7-c962-4304-985e-19cae86d321c: new RaftServerImpl for group-E8CAA4997BE0:[5a12b43c-de12-46a5-82a1-fa668305245d:192.168.164.205:34339, 83ea03b2-3e7a-4b27-90c3-04682805bb81:192.168.164.205:36151, 7db359e7-c962-4304-985e-19cae86d321c:192.168.164.205:37390] with ContainerStateMachine:uninitialized
2019-10-03 02:16:38,918 [pool-397-thread-1] INFO  server.RaftServerConfigKeys (ConfUtils.java:logGet(43)) - raft.server.sleep.deviation.threshold = 300 (default)
2019-10-03 02:16:38,919 [pool-397-thread-1] INFO  server.RaftServerConfigKeys (ConfUtils.java:logGet(43)) - raft.server.log.appender.install.snapshot.enabled = false (custom)
2019-10-03 02:16:38,918 [pool-377-thread-1] INFO  impl.RaftServerImpl (ServerState.java:<init>(103)) - 5a12b43c-de12-46a5-82a1-fa668305245d@group-E8CAA4997BE0: ConfigurationManager, init=-1: [5a12b43c-de12-46a5-82a1-fa668305245d:192.168.164.205:34339, 83ea03b2-3e7a-4b27-90c3-04682805bb81:192.168.164.205:36151, 7db359e7-c962-4304-985e-19cae86d321c:192.168.164.205:37390], old=null, confs=<EMPTY_MAP>
2019-10-03 02:16:38,919 [pool-397-thread-1] INFO  impl.RaftServerImpl (ServerState.java:<init>(103)) - 83ea03b2-3e7a-4b27-90c3-04682805bb81@group-E8CAA4997BE0: ConfigurationManager, init=-1: [5a12b43c-de12-46a5-82a1-fa668305245d:192.168.164.205:34339, 83ea03b2-3e7a-4b27-90c3-04682805bb81:192.168.164.205:36151, 7db359e7-c962-4304-985e-19cae86d321c:192.168.164.205:37390], old=null, confs=<EMPTY_MAP>
2019-10-03 02:16:38,919 [pool-387-thread-1] INFO  server.RaftServerConfigKeys (ConfUtils.java:logGet(43)) - raft.server.rpc.timeout.min = 5s (custom)
2019-10-03 02:16:38,919 [pool-397-thread-1] INFO  server.RaftServerConfigKeys (ConfUtils.java:logGet(43)) - raft.server.storage.dir = [/workdir/hadoop-ozone/ozonefs/target/test-dir/MiniOzoneClusterImpl-d59555dc-2224-4dbc-966a-a3860c504393/datanode-2/data/ratis] (custom)
2019-10-03 02:16:38,919 [pool-377-thread-1] INFO  server.RaftServerConfigKeys (ConfUtils.java:logGet(43)) - raft.server.storage.dir = [/workdir/hadoop-ozone/ozonefs/target/test-dir/MiniOzoneClusterImpl-d59555dc-2224-4dbc-966a-a3860c504393/datanode-0/data/ratis] (custom)
2019-10-03 02:16:38,919 [pool-387-thread-1] INFO  server.RaftServerConfigKeys (ConfUtils.java:logGet(43)) - raft.server.rpc.timeout.max = 5200ms (custom)
2019-10-03 02:16:38,920 [pool-397-thread-1] INFO  server.RaftServerConfigKeys (ConfUtils.java:logGet(43)) - raft.server.log.corruption.policy = EXCEPTION (default)
2019-10-03 02:16:38,920 [pool-377-thread-1] INFO  server.RaftServerConfigKeys (ConfUtils.java:logGet(43)) - raft.server.log.corruption.policy = EXCEPTION (default)
2019-10-03 02:16:38,920 [pool-387-thread-1] INFO  server.RaftServerConfigKeys (ConfUtils.java:logGet(43)) - raft.server.rpcslowness.timeout = 120s (custom)
2019-10-03 02:16:38,920 [pool-377-thread-1] INFO  storage.RaftStorageDirectory (RaftStorageDirectory.java:analyzeStorage(246)) - The storage directory /workdir/hadoop-ozone/ozonefs/target/test-dir/MiniOzoneClusterImpl-d59555dc-2224-4dbc-966a-a3860c504393/datanode-0/data/ratis/5bbcfa38-4903-4fbc-a31a-e8caa4997be0 does not exist. Creating ...
2019-10-03 02:16:38,920 [pool-397-thread-1] INFO  storage.RaftStorageDirectory (RaftStorageDirectory.java:analyzeStorage(246)) - The storage directory /workdir/hadoop-ozone/ozonefs/target/test-dir/MiniOzoneClusterImpl-d59555dc-2224-4dbc-966a-a3860c504393/datanode-2/data/ratis/5bbcfa38-4903-4fbc-a31a-e8caa4997be0 does not exist. Creating ...
2019-10-03 02:16:38,920 [pool-387-thread-1] INFO  server.RaftServerConfigKeys (ConfUtils.java:logGet(43)) - raft.server.sleep.deviation.threshold = 300 (default)
2019-10-03 02:16:38,921 [pool-387-thread-1] INFO  server.RaftServerConfigKeys (ConfUtils.java:logGet(43)) - raft.server.log.appender.install.snapshot.enabled = false (custom)
2019-10-03 02:16:38,921 [pool-387-thread-1] INFO  impl.RaftServerImpl (ServerState.java:<init>(103)) - 7db359e7-c962-4304-985e-19cae86d321c@group-E8CAA4997BE0: ConfigurationManager, init=-1: [5a12b43c-de12-46a5-82a1-fa668305245d:192.168.164.205:34339, 83ea03b2-3e7a-4b27-90c3-04682805bb81:192.168.164.205:36151, 7db359e7-c962-4304-985e-19cae86d321c:192.168.164.205:37390], old=null, confs=<EMPTY_MAP>
2019-10-03 02:16:38,921 [pool-387-thread-1] INFO  server.RaftServerConfigKeys (ConfUtils.java:logGet(43)) - raft.server.storage.dir = [/workdir/hadoop-ozone/ozonefs/target/test-dir/MiniOzoneClusterImpl-d59555dc-2224-4dbc-966a-a3860c504393/datanode-1/data/ratis] (custom)
2019-10-03 02:16:38,921 [pool-387-thread-1] INFO  server.RaftServerConfigKeys (ConfUtils.java:logGet(43)) - raft.server.log.corruption.policy = EXCEPTION (default)
2019-10-03 02:16:38,922 [pool-387-thread-1] INFO  storage.RaftStorageDirectory (RaftStorageDirectory.java:analyzeStorage(246)) - The storage directory /workdir/hadoop-ozone/ozonefs/target/test-dir/MiniOzoneClusterImpl-d59555dc-2224-4dbc-966a-a3860c504393/datanode-1/data/ratis/5bbcfa38-4903-4fbc-a31a-e8caa4997be0 does not exist. Creating ...
2019-10-03 02:16:38,933 [pool-387-thread-1] INFO  storage.RaftStorageDirectory (RaftStorageDirectory.java:tryLock(328)) - Lock on /workdir/hadoop-ozone/ozonefs/target/test-dir/MiniOzoneClusterImpl-d59555dc-2224-4dbc-966a-a3860c504393/datanode-1/data/ratis/5bbcfa38-4903-4fbc-a31a-e8caa4997be0/in_use.lock acquired by nodename 8307@pr-hdds-1737-89jld-2007629010
2019-10-03 02:16:38,933 [pool-377-thread-1] INFO  storage.RaftStorageDirectory (RaftStorageDirectory.java:tryLock(328)) - Lock on /workdir/hadoop-ozone/ozonefs/target/test-dir/MiniOzoneClusterImpl-d59555dc-2224-4dbc-966a-a3860c504393/datanode-0/data/ratis/5bbcfa38-4903-4fbc-a31a-e8caa4997be0/in_use.lock acquired by nodename 8307@pr-hdds-1737-89jld-2007629010
2019-10-03 02:16:38,933 [pool-397-thread-1] INFO  storage.RaftStorageDirectory (RaftStorageDirectory.java:tryLock(328)) - Lock on /workdir/hadoop-ozone/ozonefs/target/test-dir/MiniOzoneClusterImpl-d59555dc-2224-4dbc-966a-a3860c504393/datanode-2/data/ratis/5bbcfa38-4903-4fbc-a31a-e8caa4997be0/in_use.lock acquired by nodename 8307@pr-hdds-1737-89jld-2007629010
2019-10-03 02:16:38,938 [pool-397-thread-1] INFO  storage.RaftStorage (RaftStorage.java:format(84)) - Storage directory /workdir/hadoop-ozone/ozonefs/target/test-dir/MiniOzoneClusterImpl-d59555dc-2224-4dbc-966a-a3860c504393/datanode-2/data/ratis/5bbcfa38-4903-4fbc-a31a-e8caa4997be0 has been successfully formatted.
2019-10-03 02:16:38,938 [pool-377-thread-1] INFO  storage.RaftStorage (RaftStorage.java:format(84)) - Storage directory /workdir/hadoop-ozone/ozonefs/target/test-dir/MiniOzoneClusterImpl-d59555dc-2224-4dbc-966a-a3860c504393/datanode-0/data/ratis/5bbcfa38-4903-4fbc-a31a-e8caa4997be0 has been successfully formatted.
2019-10-03 02:16:38,938 [pool-397-thread-1] INFO  ratis.ContainerStateMachine (ContainerStateMachine.java:loadSnapshot(230)) - group-E8CAA4997BE0: The snapshot info is null. Setting the last applied indexto:(t:0, i:~)
2019-10-03 02:16:38,938 [pool-387-thread-1] INFO  storage.RaftStorage (RaftStorage.java:format(84)) - Storage directory /workdir/hadoop-ozone/ozonefs/target/test-dir/MiniOzoneClusterImpl-d59555dc-2224-4dbc-966a-a3860c504393/datanode-1/data/ratis/5bbcfa38-4903-4fbc-a31a-e8caa4997be0 has been successfully formatted.
2019-10-03 02:16:38,938 [pool-377-thread-1] INFO  ratis.ContainerStateMachine (ContainerStateMachine.java:loadSnapshot(230)) - group-E8CAA4997BE0: The snapshot info is null. Setting the last applied indexto:(t:0, i:~)
2019-10-03 02:16:38,938 [pool-397-thread-1] INFO  server.RaftServerConfigKeys (ConfUtils.java:logGet(43)) - raft.server.notification.no-leader.timeout = 120s (custom)
2019-10-03 02:16:38,938 [pool-377-thread-1] INFO  server.RaftServerConfigKeys (ConfUtils.java:logGet(43)) - raft.server.notification.no-leader.timeout = 120s (custom)
2019-10-03 02:16:38,938 [pool-387-thread-1] INFO  ratis.ContainerStateMachine (ContainerStateMachine.java:loadSnapshot(230)) - group-E8CAA4997BE0: The snapshot info is null. Setting the last applied indexto:(t:0, i:~)
2019-10-03 02:16:38,939 [pool-377-thread-1] INFO  server.RaftServerConfigKeys (ConfUtils.java:logGet(43)) - raft.server.log.use.memory = false (default)
2019-10-03 02:16:38,939 [pool-397-thread-1] INFO  server.RaftServerConfigKeys (ConfUtils.java:logGet(43)) - raft.server.log.use.memory = false (default)
2019-10-03 02:16:38,939 [pool-377-thread-1] INFO  server.RaftServerConfigKeys (ConfUtils.java:logGet(43)) - raft.server.log.purge.gap = 1000000 (custom)
2019-10-03 02:16:38,939 [pool-387-thread-1] INFO  server.RaftServerConfigKeys (ConfUtils.java:logGet(43)) - raft.server.notification.no-leader.timeout = 120s (custom)
2019-10-03 02:16:38,939 [pool-377-thread-1] INFO  server.RaftServerConfigKeys (ConfUtils.java:logGet(43)) - raft.server.log.appender.buffer.byte-limit = 33554432 (custom)
2019-10-03 02:16:38,939 [pool-397-thread-1] INFO  server.RaftServerConfigKeys (ConfUtils.java:logGet(43)) - raft.server.log.purge.gap = 1000000 (custom)
2019-10-03 02:16:38,940 [pool-377-thread-1] INFO  server.RaftServerConfigKeys (ConfUtils.java:logGet(43)) - raft.server.log.segment.size.max = 1048576 (custom)
2019-10-03 02:16:38,940 [pool-387-thread-1] INFO  server.RaftServerConfigKeys (ConfUtils.java:logGet(43)) - raft.server.log.use.memory = false (default)
2019-10-03 02:16:38,940 [pool-377-thread-1] INFO  server.RaftServerConfigKeys (ConfUtils.java:logGet(43)) - raft.server.log.segment.cache.num.max = 2 (custom)
2019-10-03 02:16:38,940 [pool-397-thread-1] INFO  server.RaftServerConfigKeys (ConfUtils.java:logGet(43)) - raft.server.log.appender.buffer.byte-limit = 33554432 (custom)
2019-10-03 02:16:38,940 [pool-377-thread-1] INFO  segmented.SegmentedRaftLogWorker (SegmentedRaftLogWorker.java:<init>(173)) - new 5a12b43c-de12-46a5-82a1-fa668305245d@group-E8CAA4997BE0-SegmentedRaftLogWorker for RaftStorage:Storage Directory /workdir/hadoop-ozone/ozonefs/target/test-dir/MiniOzoneClusterImpl-d59555dc-2224-4dbc-966a-a3860c504393/datanode-0/data/ratis/5bbcfa38-4903-4fbc-a31a-e8caa4997be0
2019-10-03 02:16:38,941 [pool-377-thread-1] INFO  server.RaftServerConfigKeys (ConfUtils.java:logGet(43)) - raft.server.log.queue.byte-limit = 2147483647 (custom)
2019-10-03 02:16:38,940 [pool-387-thread-1] INFO  server.RaftServerConfigKeys (ConfUtils.java:logGet(43)) - raft.server.log.purge.gap = 1000000 (custom)
2019-10-03 02:16:38,941 [pool-377-thread-1] INFO  server.RaftServerConfigKeys (ConfUtils.java:logGet(43)) - raft.server.log.queue.element-limit = 1024 (custom)
2019-10-03 02:16:38,941 [pool-397-thread-1] INFO  server.RaftServerConfigKeys (ConfUtils.java:logGet(43)) - raft.server.log.segment.size.max = 1048576 (custom)
2019-10-03 02:16:38,941 [pool-377-thread-1] INFO  server.RaftServerConfigKeys (ConfUtils.java:logGet(43)) - raft.server.log.segment.size.max = 1048576 (custom)
2019-10-03 02:16:38,942 [pool-377-thread-1] INFO  server.RaftServerConfigKeys (ConfUtils.java:logGet(43)) - raft.server.log.preallocated.size = 16384 (custom)
2019-10-03 02:16:38,941 [pool-387-thread-1] INFO  server.RaftServerConfigKeys (ConfUtils.java:logGet(43)) - raft.server.log.appender.buffer.byte-limit = 33554432 (custom)
2019-10-03 02:16:38,942 [pool-377-thread-1] INFO  server.RaftServerConfigKeys (ConfUtils.java:logGet(43)) - raft.server.log.write.buffer.size = 33554432 (custom)
2019-10-03 02:16:38,941 [pool-397-thread-1] INFO  server.RaftServerConfigKeys (ConfUtils.java:logGet(43)) - raft.server.log.segment.cache.num.max = 2 (custom)
2019-10-03 02:16:38,942 [pool-377-thread-1] INFO  server.RaftServerConfigKeys (ConfUtils.java:logGet(43)) - raft.server.log.force.sync.num = 128 (default)
2019-10-03 02:16:38,943 [pool-377-thread-1] INFO  server.RaftServerConfigKeys (ConfUtils.java:logGet(43)) - raft.server.log.statemachine.data.sync = true (default)
2019-10-03 02:16:38,942 [pool-387-thread-1] INFO  server.RaftServerConfigKeys (ConfUtils.java:logGet(43)) - raft.server.log.segment.size.max = 1048576 (custom)
2019-10-03 02:16:38,943 [pool-377-thread-1] INFO  server.RaftServerConfigKeys (ConfUtils.java:logGet(43)) - raft.server.log.statemachine.data.sync.timeout = 10s (default)
2019-10-03 02:16:38,942 [pool-397-thread-1] INFO  segmented.SegmentedRaftLogWorker (SegmentedRaftLogWorker.java:<init>(173)) - new 83ea03b2-3e7a-4b27-90c3-04682805bb81@group-E8CAA4997BE0-SegmentedRaftLogWorker for RaftStorage:Storage Directory /workdir/hadoop-ozone/ozonefs/target/test-dir/MiniOzoneClusterImpl-d59555dc-2224-4dbc-966a-a3860c504393/datanode-2/data/ratis/5bbcfa38-4903-4fbc-a31a-e8caa4997be0
2019-10-03 02:16:38,943 [pool-377-thread-1] INFO  server.RaftServerConfigKeys (ConfUtils.java:logGet(43)) - raft.server.log.statemachine.data.sync.timeout.retry = -1 (default)
2019-10-03 02:16:38,943 [pool-387-thread-1] INFO  server.RaftServerConfigKeys (ConfUtils.java:logGet(43)) - raft.server.log.segment.cache.num.max = 2 (custom)
2019-10-03 02:16:38,943 [pool-377-thread-1] INFO  server.RaftServerConfigKeys (ConfUtils.java:logGet(43)) - raft.server.log.statemachine.data.caching.enabled = true (custom)
2019-10-03 02:16:38,943 [pool-397-thread-1] INFO  server.RaftServerConfigKeys (ConfUtils.java:logGet(43)) - raft.server.log.queue.byte-limit = 2147483647 (custom)
2019-10-03 02:16:38,944 [pool-377-thread-1] INFO  segmented.SegmentedRaftLogWorker (SegmentedRaftLogWorker.java:lambda$new$0(128)) - 5a12b43c-de12-46a5-82a1-fa668305245d@group-E8CAA4997BE0-SegmentedRaftLogWorker: flushIndex: setUnconditionally 0 -> -1
2019-10-03 02:16:38,943 [pool-387-thread-1] INFO  segmented.SegmentedRaftLogWorker (SegmentedRaftLogWorker.java:<init>(173)) - new 7db359e7-c962-4304-985e-19cae86d321c@group-E8CAA4997BE0-SegmentedRaftLogWorker for RaftStorage:Storage Directory /workdir/hadoop-ozone/ozonefs/target/test-dir/MiniOzoneClusterImpl-d59555dc-2224-4dbc-966a-a3860c504393/datanode-1/data/ratis/5bbcfa38-4903-4fbc-a31a-e8caa4997be0
2019-10-03 02:16:38,944 [pool-397-thread-1] INFO  server.RaftServerConfigKeys (ConfUtils.java:logGet(43)) - raft.server.log.queue.element-limit = 1024 (custom)
2019-10-03 02:16:38,944 [pool-377-thread-1] INFO  server.RaftServerConfigKeys (ConfUtils.java:logGet(43)) - raft.server.snapshot.auto.trigger.enabled = true (custom)
2019-10-03 02:16:38,944 [pool-387-thread-1] INFO  server.RaftServerConfigKeys (ConfUtils.java:logGet(43)) - raft.server.log.queue.byte-limit = 2147483647 (custom)
2019-10-03 02:16:38,945 [pool-377-thread-1] INFO  server.RaftServerConfigKeys (ConfUtils.java:logGet(43)) - raft.server.snapshot.auto.trigger.threshold = 10000 (custom)
2019-10-03 02:16:38,944 [pool-397-thread-1] INFO  server.RaftServerConfigKeys (ConfUtils.java:logGet(43)) - raft.server.log.segment.size.max = 1048576 (custom)
2019-10-03 02:16:38,945 [pool-377-thread-1] INFO  server.RaftServerConfigKeys (ConfUtils.java:logGet(43)) - raft.server.snapshot.retention.file.num = 5 (custom)
2019-10-03 02:16:38,945 [pool-387-thread-1] INFO  server.RaftServerConfigKeys (ConfUtils.java:logGet(43)) - raft.server.log.queue.element-limit = 1024 (custom)
2019-10-03 02:16:38,945 [pool-377-thread-1] INFO  server.RaftServerConfigKeys (ConfUtils.java:logGet(43)) - raft.server.retrycache.expirytime = 600000ms (custom)
2019-10-03 02:16:38,945 [pool-397-thread-1] INFO  server.RaftServerConfigKeys (ConfUtils.java:logGet(43)) - raft.server.log.preallocated.size = 16384 (custom)
2019-10-03 02:16:38,945 [pool-387-thread-1] INFO  server.RaftServerConfigKeys (ConfUtils.java:logGet(43)) - raft.server.log.segment.size.max = 1048576 (custom)
2019-10-03 02:16:38,946 [pool-397-thread-1] INFO  server.RaftServerConfigKeys (ConfUtils.java:logGet(43)) - raft.server.log.write.buffer.size = 33554432 (custom)
2019-10-03 02:16:38,946 [pool-387-thread-1] INFO  server.RaftServerConfigKeys (ConfUtils.java:logGet(43)) - raft.server.log.preallocated.size = 16384 (custom)
2019-10-03 02:16:38,946 [pool-397-thread-1] INFO  server.RaftServerConfigKeys (ConfUtils.java:logGet(43)) - raft.server.log.force.sync.num = 128 (default)
2019-10-03 02:16:38,946 [pool-387-thread-1] INFO  server.RaftServerConfigKeys (ConfUtils.java:logGet(43)) - raft.server.log.write.buffer.size = 33554432 (custom)
2019-10-03 02:16:38,946 [pool-397-thread-1] INFO  server.RaftServerConfigKeys (ConfUtils.java:logGet(43)) - raft.server.log.statemachine.data.sync = true (default)
2019-10-03 02:16:38,947 [pool-387-thread-1] INFO  server.RaftServerConfigKeys (ConfUtils.java:logGet(43)) - raft.server.log.force.sync.num = 128 (default)
2019-10-03 02:16:38,947 [pool-397-thread-1] INFO  server.RaftServerConfigKeys (ConfUtils.java:logGet(43)) - raft.server.log.statemachine.data.sync.timeout = 10s (default)
2019-10-03 02:16:38,947 [pool-387-thread-1] INFO  server.RaftServerConfigKeys (ConfUtils.java:logGet(43)) - raft.server.log.statemachine.data.sync = true (default)
2019-10-03 02:16:38,947 [pool-397-thread-1] INFO  server.RaftServerConfigKeys (ConfUtils.java:logGet(43)) - raft.server.log.statemachine.data.sync.timeout.retry = -1 (default)
2019-10-03 02:16:38,947 [pool-387-thread-1] INFO  server.RaftServerConfigKeys (ConfUtils.java:logGet(43)) - raft.server.log.statemachine.data.sync.timeout = 10s (default)
2019-10-03 02:16:38,947 [pool-397-thread-1] INFO  server.RaftServerConfigKeys (ConfUtils.java:logGet(43)) - raft.server.log.statemachine.data.caching.enabled = true (custom)
2019-10-03 02:16:38,948 [pool-387-thread-1] INFO  server.RaftServerConfigKeys (ConfUtils.java:logGet(43)) - raft.server.log.statemachine.data.sync.timeout.retry = -1 (default)
2019-10-03 02:16:38,948 [pool-387-thread-1] INFO  server.RaftServerConfigKeys (ConfUtils.java:logGet(43)) - raft.server.log.statemachine.data.caching.enabled = true (custom)
2019-10-03 02:16:38,948 [pool-377-thread-1] INFO  impl.RaftServerImpl (RaftServerImpl.java:start(181)) - 5a12b43c-de12-46a5-82a1-fa668305245d@group-E8CAA4997BE0: start as a follower, conf=-1: [5a12b43c-de12-46a5-82a1-fa668305245d:192.168.164.205:34339, 83ea03b2-3e7a-4b27-90c3-04682805bb81:192.168.164.205:36151, 7db359e7-c962-4304-985e-19cae86d321c:192.168.164.205:37390], old=null
2019-10-03 02:16:38,948 [pool-397-thread-1] INFO  segmented.SegmentedRaftLogWorker (SegmentedRaftLogWorker.java:lambda$new$0(128)) - 83ea03b2-3e7a-4b27-90c3-04682805bb81@group-E8CAA4997BE0-SegmentedRaftLogWorker: flushIndex: setUnconditionally 0 -> -1
2019-10-03 02:16:38,948 [pool-377-thread-1] INFO  impl.RaftServerImpl (RaftServerImpl.java:setRole(170)) - 5a12b43c-de12-46a5-82a1-fa668305245d@group-E8CAA4997BE0: changes role from      null to FOLLOWER at term 0 for startAsFollower
2019-10-03 02:16:38,948 [pool-387-thread-1] INFO  segmented.SegmentedRaftLogWorker (SegmentedRaftLogWorker.java:lambda$new$0(128)) - 7db359e7-c962-4304-985e-19cae86d321c@group-E8CAA4997BE0-SegmentedRaftLogWorker: flushIndex: setUnconditionally 0 -> -1
2019-10-03 02:16:38,949 [pool-377-thread-1] INFO  impl.RoleInfo (RoleInfo.java:updateAndGet(143)) - 5a12b43c-de12-46a5-82a1-fa668305245d: start FollowerState
2019-10-03 02:16:38,949 [pool-397-thread-1] INFO  server.RaftServerConfigKeys (ConfUtils.java:logGet(43)) - raft.server.snapshot.auto.trigger.enabled = true (custom)
2019-10-03 02:16:38,949 [pool-387-thread-1] INFO  server.RaftServerConfigKeys (ConfUtils.java:logGet(43)) - raft.server.snapshot.auto.trigger.enabled = true (custom)
2019-10-03 02:16:38,949 [pool-397-thread-1] INFO  server.RaftServerConfigKeys (ConfUtils.java:logGet(43)) - raft.server.snapshot.auto.trigger.threshold = 10000 (custom)
2019-10-03 02:16:38,949 [pool-377-thread-1] INFO  util.JmxRegister (JmxRegister.java:tryRegister(44)) - Successfully registered JMX Bean with object name Ratis:service=RaftServer,group=group-E8CAA4997BE0,id=5a12b43c-de12-46a5-82a1-fa668305245d
2019-10-03 02:16:38,949 [pool-387-thread-1] INFO  server.RaftServerConfigKeys (ConfUtils.java:logGet(43)) - raft.server.snapshot.auto.trigger.threshold = 10000 (custom)
2019-10-03 02:16:38,949 [pool-397-thread-1] INFO  server.RaftServerConfigKeys (ConfUtils.java:logGet(43)) - raft.server.snapshot.retention.file.num = 5 (custom)
2019-10-03 02:16:38,950 [pool-387-thread-1] INFO  server.RaftServerConfigKeys (ConfUtils.java:logGet(43)) - raft.server.snapshot.retention.file.num = 5 (custom)
2019-10-03 02:16:38,950 [pool-397-thread-1] INFO  server.RaftServerConfigKeys (ConfUtils.java:logGet(43)) - raft.server.retrycache.expirytime = 600000ms (custom)
2019-10-03 02:16:38,950 [pool-387-thread-1] INFO  server.RaftServerConfigKeys (ConfUtils.java:logGet(43)) - raft.server.retrycache.expirytime = 600000ms (custom)
2019-10-03 02:16:38,955 [pool-397-thread-1] INFO  impl.RaftServerImpl (RaftServerImpl.java:start(181)) - 83ea03b2-3e7a-4b27-90c3-04682805bb81@group-E8CAA4997BE0: start as a follower, conf=-1: [5a12b43c-de12-46a5-82a1-fa668305245d:192.168.164.205:34339, 83ea03b2-3e7a-4b27-90c3-04682805bb81:192.168.164.205:36151, 7db359e7-c962-4304-985e-19cae86d321c:192.168.164.205:37390], old=null
2019-10-03 02:16:38,955 [pool-387-thread-1] INFO  impl.RaftServerImpl (RaftServerImpl.java:start(181)) - 7db359e7-c962-4304-985e-19cae86d321c@group-E8CAA4997BE0: start as a follower, conf=-1: [5a12b43c-de12-46a5-82a1-fa668305245d:192.168.164.205:34339, 83ea03b2-3e7a-4b27-90c3-04682805bb81:192.168.164.205:36151, 7db359e7-c962-4304-985e-19cae86d321c:192.168.164.205:37390], old=null
2019-10-03 02:16:38,955 [pool-397-thread-1] INFO  impl.RaftServerImpl (RaftServerImpl.java:setRole(170)) - 83ea03b2-3e7a-4b27-90c3-04682805bb81@group-E8CAA4997BE0: changes role from      null to FOLLOWER at term 0 for startAsFollower
2019-10-03 02:16:38,955 [pool-387-thread-1] INFO  impl.RaftServerImpl (RaftServerImpl.java:setRole(170)) - 7db359e7-c962-4304-985e-19cae86d321c@group-E8CAA4997BE0: changes role from      null to FOLLOWER at term 0 for startAsFollower
2019-10-03 02:16:38,955 [pool-397-thread-1] INFO  impl.RoleInfo (RoleInfo.java:updateAndGet(143)) - 83ea03b2-3e7a-4b27-90c3-04682805bb81: start FollowerState
2019-10-03 02:16:38,957 [pool-387-thread-1] INFO  impl.RoleInfo (RoleInfo.java:updateAndGet(143)) - 7db359e7-c962-4304-985e-19cae86d321c: start FollowerState
2019-10-03 02:16:38,957 [pool-397-thread-1] INFO  util.JmxRegister (JmxRegister.java:tryRegister(44)) - Successfully registered JMX Bean with object name Ratis:service=RaftServer,group=group-E8CAA4997BE0,id=83ea03b2-3e7a-4b27-90c3-04682805bb81
2019-10-03 02:16:38,958 [pool-387-thread-1] INFO  util.JmxRegister (JmxRegister.java:tryRegister(44)) - Successfully registered JMX Bean with object name Ratis:service=RaftServer,group=group-E8CAA4997BE0,id=7db359e7-c962-4304-985e-19cae86d321c
2019-10-03 02:16:38,967 [RatisPipelineUtilsThread] INFO  pipeline.PipelineStateManager (PipelineStateManager.java:addPipeline(56)) - Created pipeline Pipeline[ Id: 5bbcfa38-4903-4fbc-a31a-e8caa4997be0, Nodes: 5a12b43c-de12-46a5-82a1-fa668305245d{ip: 192.168.164.205, host: pr-hdds-1737-89jld-2007629010, networkLocation: /default-rack, certSerialId: null}7db359e7-c962-4304-985e-19cae86d321c{ip: 192.168.164.205, host: pr-hdds-1737-89jld-2007629010, networkLocation: /default-rack, certSerialId: null}83ea03b2-3e7a-4b27-90c3-04682805bb81{ip: 192.168.164.205, host: pr-hdds-1737-89jld-2007629010, networkLocation: /default-rack, certSerialId: null}, Type:RATIS, Factor:THREE, State:OPEN]
2019-10-03 02:16:39,847 [Thread-1532] INFO  ozone.MiniOzoneClusterImpl (MiniOzoneClusterImpl.java:lambda$waitForClusterToBeReady$0(147)) - Cluster is ready. Got 3 of 3 DN Heartbeats.
2019-10-03 02:16:39,896 [Thread-1532] INFO  rpc.RpcClient (RpcClient.java:createVolume(276)) - Creating Volume: volume80167, with user68527 as owner.
2019-10-03 02:16:39,899 [IPC Server handler 1 on 39554] INFO  volume.OMVolumeCreateRequest (OMVolumeCreateRequest.java:validateAndUpdateCache(194)) - created volume:volume80167 for user:user68527
2019-10-03 02:16:39,910 [Thread-1532] INFO  rpc.RpcClient (RpcClient.java:createBucket(415)) - Creating Bucket: volume80167/bucket18437, with Versioning false and Storage Type set to DISK and Encryption set to false 
02:16:39.961 [IPC Server handler 9 on 39554] ERROR OMAudit - user=jenkins1000 | ip=127.0.0.1 | op=CREATE_DIRECTORY {volume=volume80167, bucket=bucket18437, key=0, dataSize=0, replicationType=RATIS, replicationFactor=ONE, keyLocationInfo=[]} | ret=FAILURE
org.apache.hadoop.ozone.om.exceptions.OMException: Volume not found volume80167
	at org.apache.hadoop.ozone.om.request.file.OMDirectoryCreateRequest.validateAndUpdateCache(OMDirectoryCreateRequest.java:146) ~[hadoop-ozone-ozone-manager-0.5.0-SNAPSHOT.jar:?]
	at org.apache.hadoop.ozone.protocolPB.OzoneManagerProtocolServerSideTranslatorPB.submitRequestDirectlyToOM(OzoneManagerProtocolServerSideTranslatorPB.java:219) ~[hadoop-ozone-ozone-manager-0.5.0-SNAPSHOT.jar:?]
	at org.apache.hadoop.ozone.protocolPB.OzoneManagerProtocolServerSideTranslatorPB.processRequest(OzoneManagerProtocolServerSideTranslatorPB.java:134) ~[hadoop-ozone-ozone-manager-0.5.0-SNAPSHOT.jar:?]
	at org.apache.hadoop.hdds.server.OzoneProtocolMessageDispatcher.processRequest(OzoneProtocolMessageDispatcher.java:72) [hadoop-hdds-server-framework-0.5.0-SNAPSHOT.jar:?]
	at org.apache.hadoop.ozone.protocolPB.OzoneManagerProtocolServerSideTranslatorPB.submitRequest(OzoneManagerProtocolServerSideTranslatorPB.java:100) [hadoop-ozone-ozone-manager-0.5.0-SNAPSHOT.jar:?]
	at org.apache.hadoop.ozone.protocol.proto.OzoneManagerProtocolProtos$OzoneManagerService$2.callBlockingMethod(OzoneManagerProtocolProtos.java) [hadoop-ozone-common-0.5.0-SNAPSHOT.jar:?]
	at org.apache.hadoop.ipc.ProtobufRpcEngine$Server$ProtoBufRpcInvoker.call(ProtobufRpcEngine.java:524) [hadoop-common-3.2.0.jar:?]
	at org.apache.hadoop.ipc.RPC$Server.call(RPC.java:1025) [hadoop-common-3.2.0.jar:?]
	at org.apache.hadoop.ipc.Server$RpcCall.run(Server.java:876) [hadoop-common-3.2.0.jar:?]
	at org.apache.hadoop.ipc.Server$RpcCall.run(Server.java:822) [hadoop-common-3.2.0.jar:?]
	at java.security.AccessController.doPrivileged(Native Method) [?:1.8.0_212]
	at javax.security.auth.Subject.doAs(Subject.java:422) [?:1.8.0_212]
	at org.apache.hadoop.security.UserGroupInformation.doAs(UserGroupInformation.java:1730) [hadoop-common-3.2.0.jar:?]
	at org.apache.hadoop.ipc.Server$Handler.run(Server.java:2682) [hadoop-common-3.2.0.jar:?]
2019-10-03 02:16:39,962 [IPC Server handler 9 on 39554] ERROR file.OMDirectoryCreateRequest (OMDirectoryCreateRequest.java:validateAndUpdateCache(212)) - CreateDirectory failed for Key: 0 in volume/bucket:volume80167/bucket18437
VOLUME_NOT_FOUND org.apache.hadoop.ozone.om.exceptions.OMException: Volume not found volume80167
	at org.apache.hadoop.ozone.om.request.file.OMDirectoryCreateRequest.validateAndUpdateCache(OMDirectoryCreateRequest.java:146)
	at org.apache.hadoop.ozone.protocolPB.OzoneManagerProtocolServerSideTranslatorPB.submitRequestDirectlyToOM(OzoneManagerProtocolServerSideTranslatorPB.java:219)
	at org.apache.hadoop.ozone.protocolPB.OzoneManagerProtocolServerSideTranslatorPB.processRequest(OzoneManagerProtocolServerSideTranslatorPB.java:134)
	at org.apache.hadoop.hdds.server.OzoneProtocolMessageDispatcher.processRequest(OzoneProtocolMessageDispatcher.java:72)
	at org.apache.hadoop.ozone.protocolPB.OzoneManagerProtocolServerSideTranslatorPB.submitRequest(OzoneManagerProtocolServerSideTranslatorPB.java:100)
	at org.apache.hadoop.ozone.protocol.proto.OzoneManagerProtocolProtos$OzoneManagerService$2.callBlockingMethod(OzoneManagerProtocolProtos.java)
	at org.apache.hadoop.ipc.ProtobufRpcEngine$Server$ProtoBufRpcInvoker.call(ProtobufRpcEngine.java:524)
	at org.apache.hadoop.ipc.RPC$Server.call(RPC.java:1025)
	at org.apache.hadoop.ipc.Server$RpcCall.run(Server.java:876)
	at org.apache.hadoop.ipc.Server$RpcCall.run(Server.java:822)
	at java.security.AccessController.doPrivileged(Native Method)
	at javax.security.auth.Subject.doAs(Subject.java:422)
	at org.apache.hadoop.security.UserGroupInformation.doAs(UserGroupInformation.java:1730)
	at org.apache.hadoop.ipc.Server$Handler.run(Server.java:2682)
2019-10-03 02:16:39,963 [Thread-1532] INFO  ozone.MiniOzoneClusterImpl (MiniOzoneClusterImpl.java:shutdown(314)) - Shutting down the Mini Ozone Cluster
2019-10-03 02:16:39,964 [Thread-1532] INFO  ozone.MiniOzoneClusterImpl (MiniOzoneClusterImpl.java:stop(330)) - Stopping the Mini Ozone Cluster
2019-10-03 02:16:39,964 [Thread-1532] INFO  ozone.MiniOzoneClusterImpl (MiniOzoneClusterImpl.java:stopOM(400)) - Stopping the OzoneManager
2019-10-03 02:16:39,964 [Thread-1532] INFO  ipc.Server (Server.java:stop(3082)) - Stopping server on 39554
2019-10-03 02:16:39,970 [IPC Server listener on 39554] INFO  ipc.Server (Server.java:run(1185)) - Stopping IPC Server listener on 39554
2019-10-03 02:16:39,970 [Thread-1532] INFO  ratis.OzoneManagerDoubleBuffer (OzoneManagerDoubleBuffer.java:stop(248)) - Stopping OMDoubleBuffer flush thread
2019-10-03 02:16:39,970 [IPC Server Responder] INFO  ipc.Server (Server.java:run(1319)) - Stopping IPC Server Responder
2019-10-03 02:16:39,973 [OMDoubleBufferFlushThread] INFO  ratis.OzoneManagerDoubleBuffer (OzoneManagerDoubleBuffer.java:flushTransactions(191)) - OMDoubleBuffer flush thread OMDoubleBufferFlushThread is interrupted and will exit. OMDoubleBufferFlushThread
2019-10-03 02:16:39,973 [Thread-1532] INFO  utils.BackgroundService (BackgroundService.java:shutdown(148)) - Shutting down service KeyDeletingService
2019-10-03 02:16:39,975 [Thread-1532] INFO  handler.ContextHandler (ContextHandler.java:doStop(910)) - Stopped o.e.j.w.WebAppContext@450fd513{/,null,UNAVAILABLE}{/ozoneManager}
2019-10-03 02:16:39,975 [Thread-1532] INFO  server.AbstractConnector (AbstractConnector.java:doStop(318)) - Stopped ServerConnector@4485b21a{HTTP/1.1,[http/1.1]}{0.0.0.0:0}
2019-10-03 02:16:39,975 [Thread-1532] INFO  handler.ContextHandler (ContextHandler.java:doStop(910)) - Stopped o.e.j.s.ServletContextHandler@7f240287{/static,jar:file:/home/user/.m2/repository/org/apache/hadoop/hadoop-ozone-ozone-manager/0.5.0-SNAPSHOT/hadoop-ozone-ozone-manager-0.5.0-SNAPSHOT.jar!/webapps/static,UNAVAILABLE}
2019-10-03 02:16:39,975 [Thread-1532] INFO  handler.ContextHandler (ContextHandler.java:doStop(910)) - Stopped o.e.j.s.ServletContextHandler@9e5c5ff{/logs,file:///workdir/hadoop-ozone/ozonefs/target/log,UNAVAILABLE}
2019-10-03 02:16:39,977 [Thread-1532] INFO  ozone.MiniOzoneClusterImpl (MiniOzoneClusterImpl.java:stopDatanodes(377)) - Stopping the HddsDatanodes
2019-10-03 02:16:40,690 [Datanode State Machine Thread - 0] INFO  statemachine.DatanodeStateMachine (DatanodeStateMachine.java:lambda$startDaemon$0(350)) - Ozone container server started.
2019-10-03 02:16:40,758 [Datanode State Machine Thread - 0] INFO  statemachine.DatanodeStateMachine (DatanodeStateMachine.java:lambda$startDaemon$0(350)) - Ozone container server started.
2019-10-03 02:16:41,702 [Thread-1704] INFO  container.ReplicationManager (ReplicationManager.java:start(162)) - Starting Replication Monitor Thread.
2019-10-03 02:16:41,705 [ReplicationMonitor] INFO  container.ReplicationManager (ReplicationManager.java:run(225)) - Replication Monitor Thread took 0 milliseconds for processing 0 containers.
2019-10-03 02:16:43,822 [Thread-1706] INFO  impl.FollowerState (FollowerState.java:run(108)) - 5a12b43c-de12-46a5-82a1-fa668305245d@group-68FFDA3EBC52-FollowerState: change to CANDIDATE, lastRpcTime:5064ms, electionTimeout:5064ms
2019-10-03 02:16:43,822 [Thread-1706] INFO  impl.RoleInfo (RoleInfo.java:shutdownFollowerState(121)) - 5a12b43c-de12-46a5-82a1-fa668305245d: shutdown FollowerState
2019-10-03 02:16:43,822 [Thread-1706] INFO  impl.RaftServerImpl (RaftServerImpl.java:setRole(170)) - 5a12b43c-de12-46a5-82a1-fa668305245d@group-68FFDA3EBC52: changes role from  FOLLOWER to CANDIDATE at term 0 for changeToCandidate
2019-10-03 02:16:43,823 [Thread-1706] INFO  impl.RoleInfo (RoleInfo.java:updateAndGet(143)) - 5a12b43c-de12-46a5-82a1-fa668305245d: start LeaderElection
2019-10-03 02:16:43,856 [5a12b43c-de12-46a5-82a1-fa668305245d@group-68FFDA3EBC52-LeaderElection35] INFO  impl.LeaderElection (LeaderElection.java:askForVotes(178)) - 5a12b43c-de12-46a5-82a1-fa668305245d@group-68FFDA3EBC52-LeaderElection35: begin an election at term 1 for -1: [5a12b43c-de12-46a5-82a1-fa668305245d:192.168.164.205:34339], old=null
2019-10-03 02:16:43,857 [5a12b43c-de12-46a5-82a1-fa668305245d@group-68FFDA3EBC52-LeaderElection35] INFO  impl.RoleInfo (RoleInfo.java:shutdownLeaderElection(134)) - 5a12b43c-de12-46a5-82a1-fa668305245d: shutdown LeaderElection
2019-10-03 02:16:43,857 [5a12b43c-de12-46a5-82a1-fa668305245d@group-68FFDA3EBC52-LeaderElection35] INFO  impl.RaftServerImpl (RaftServerImpl.java:setRole(170)) - 5a12b43c-de12-46a5-82a1-fa668305245d@group-68FFDA3EBC52: changes role from CANDIDATE to LEADER at term 1 for changeToLeader
2019-10-03 02:16:43,857 [5a12b43c-de12-46a5-82a1-fa668305245d@group-68FFDA3EBC52-LeaderElection35] INFO  impl.RaftServerImpl (ServerState.java:setLeader(255)) - 5a12b43c-de12-46a5-82a1-fa668305245d@group-68FFDA3EBC52: change Leader from null to 5a12b43c-de12-46a5-82a1-fa668305245d at term 1 for becomeLeader, leader elected after 5109ms
2019-10-03 02:16:43,857 [5a12b43c-de12-46a5-82a1-fa668305245d@group-68FFDA3EBC52-LeaderElection35] INFO  server.RaftServerConfigKeys (ConfUtils.java:logGet(43)) - raft.server.staging.catchup.gap = 1000 (default)
2019-10-03 02:16:43,857 [5a12b43c-de12-46a5-82a1-fa668305245d@group-68FFDA3EBC52-LeaderElection35] INFO  server.RaftServerConfigKeys (ConfUtils.java:logGet(43)) - raft.server.rpc.sleep.time = 25ms (default)
2019-10-03 02:16:43,858 [5a12b43c-de12-46a5-82a1-fa668305245d@group-68FFDA3EBC52-LeaderElection35] INFO  server.RaftServerConfigKeys (ConfUtils.java:logGet(43)) - raft.server.write.element-limit = 4096 (default)
2019-10-03 02:16:43,858 [5a12b43c-de12-46a5-82a1-fa668305245d@group-68FFDA3EBC52-LeaderElection35] INFO  server.RaftServerConfigKeys (ConfUtils.java:logGet(43)) - raft.server.watch.timeout = 10s (default)
2019-10-03 02:16:43,858 [5a12b43c-de12-46a5-82a1-fa668305245d@group-68FFDA3EBC52-LeaderElection35] INFO  server.RaftServerConfigKeys (ConfUtils.java:logGet(43)) - raft.server.watch.timeout.denomination = 1s (default)
2019-10-03 02:16:43,858 [5a12b43c-de12-46a5-82a1-fa668305245d@group-68FFDA3EBC52-LeaderElection35] INFO  server.RaftServerConfigKeys (ConfUtils.java:logGet(43)) - raft.server.watch.element-limit = 65536 (default)
2019-10-03 02:16:43,860 [5a12b43c-de12-46a5-82a1-fa668305245d@group-68FFDA3EBC52-LeaderElection35] INFO  impl.RoleInfo (RoleInfo.java:updateAndGet(143)) - 5a12b43c-de12-46a5-82a1-fa668305245d: start LeaderState
2019-10-03 02:16:43,860 [5a12b43c-de12-46a5-82a1-fa668305245d@group-68FFDA3EBC52-LeaderElection35] INFO  segmented.SegmentedRaftLogWorker (SegmentedRaftLogWorker.java:startLogSegment(385)) - 5a12b43c-de12-46a5-82a1-fa668305245d@group-68FFDA3EBC52-SegmentedRaftLogWorker: Starting segment from index:0
2019-10-03 02:16:43,861 [5a12b43c-de12-46a5-82a1-fa668305245d@group-68FFDA3EBC52-LeaderElection35] INFO  impl.RaftServerImpl (ServerState.java:setRaftConf(356)) - 5a12b43c-de12-46a5-82a1-fa668305245d@group-68FFDA3EBC52: set configuration 0: [5a12b43c-de12-46a5-82a1-fa668305245d:192.168.164.205:34339], old=null at 0
2019-10-03 02:16:43,879 [Thread-1709] INFO  impl.FollowerState (FollowerState.java:run(108)) - 7db359e7-c962-4304-985e-19cae86d321c@group-831C27836CA3-FollowerState: change to CANDIDATE, lastRpcTime:5063ms, electionTimeout:5063ms
2019-10-03 02:16:43,879 [Thread-1709] INFO  impl.RoleInfo (RoleInfo.java:shutdownFollowerState(121)) - 7db359e7-c962-4304-985e-19cae86d321c: shutdown FollowerState
2019-10-03 02:16:43,879 [Thread-1709] INFO  impl.RaftServerImpl (RaftServerImpl.java:setRole(170)) - 7db359e7-c962-4304-985e-19cae86d321c@group-831C27836CA3: changes role from  FOLLOWER to CANDIDATE at term 0 for changeToCandidate
2019-10-03 02:16:43,879 [Thread-1709] INFO  impl.RoleInfo (RoleInfo.java:updateAndGet(143)) - 7db359e7-c962-4304-985e-19cae86d321c: start LeaderElection
2019-10-03 02:16:43,905 [5a12b43c-de12-46a5-82a1-fa668305245d@group-68FFDA3EBC52-SegmentedRaftLogWorker] INFO  segmented.SegmentedRaftLogWorker (SegmentedRaftLogWorker.java:execute(574)) - 5a12b43c-de12-46a5-82a1-fa668305245d@group-68FFDA3EBC52-SegmentedRaftLogWorker: created new log segment /workdir/hadoop-ozone/ozonefs/target/test-dir/MiniOzoneClusterImpl-d59555dc-2224-4dbc-966a-a3860c504393/datanode-0/data/ratis/3049ce24-1c5c-455f-a913-68ffda3ebc52/current/log_inprogress_0
2019-10-03 02:16:43,905 [7db359e7-c962-4304-985e-19cae86d321c@group-831C27836CA3-LeaderElection36] INFO  impl.LeaderElection (LeaderElection.java:askForVotes(178)) - 7db359e7-c962-4304-985e-19cae86d321c@group-831C27836CA3-LeaderElection36: begin an election at term 1 for -1: [7db359e7-c962-4304-985e-19cae86d321c:192.168.164.205:37390], old=null
2019-10-03 02:16:43,906 [7db359e7-c962-4304-985e-19cae86d321c@group-831C27836CA3-LeaderElection36] INFO  impl.RoleInfo (RoleInfo.java:shutdownLeaderElection(134)) - 7db359e7-c962-4304-985e-19cae86d321c: shutdown LeaderElection
2019-10-03 02:16:43,906 [7db359e7-c962-4304-985e-19cae86d321c@group-831C27836CA3-LeaderElection36] INFO  impl.RaftServerImpl (RaftServerImpl.java:setRole(170)) - 7db359e7-c962-4304-985e-19cae86d321c@group-831C27836CA3: changes role from CANDIDATE to LEADER at term 1 for changeToLeader
2019-10-03 02:16:43,906 [7db359e7-c962-4304-985e-19cae86d321c@group-831C27836CA3-LeaderElection36] INFO  impl.RaftServerImpl (ServerState.java:setLeader(255)) - 7db359e7-c962-4304-985e-19cae86d321c@group-831C27836CA3: change Leader from null to 7db359e7-c962-4304-985e-19cae86d321c at term 1 for becomeLeader, leader elected after 5098ms
2019-10-03 02:16:43,906 [7db359e7-c962-4304-985e-19cae86d321c@group-831C27836CA3-LeaderElection36] INFO  server.RaftServerConfigKeys (ConfUtils.java:logGet(43)) - raft.server.staging.catchup.gap = 1000 (default)
2019-10-03 02:16:43,906 [7db359e7-c962-4304-985e-19cae86d321c@group-831C27836CA3-LeaderElection36] INFO  server.RaftServerConfigKeys (ConfUtils.java:logGet(43)) - raft.server.rpc.sleep.time = 25ms (default)
2019-10-03 02:16:43,907 [7db359e7-c962-4304-985e-19cae86d321c@group-831C27836CA3-LeaderElection36] INFO  server.RaftServerConfigKeys (ConfUtils.java:logGet(43)) - raft.server.write.element-limit = 4096 (default)
2019-10-03 02:16:43,907 [7db359e7-c962-4304-985e-19cae86d321c@group-831C27836CA3-LeaderElection36] INFO  server.RaftServerConfigKeys (ConfUtils.java:logGet(43)) - raft.server.watch.timeout = 10s (default)
2019-10-03 02:16:43,907 [7db359e7-c962-4304-985e-19cae86d321c@group-831C27836CA3-LeaderElection36] INFO  server.RaftServerConfigKeys (ConfUtils.java:logGet(43)) - raft.server.watch.timeout.denomination = 1s (default)
2019-10-03 02:16:43,907 [7db359e7-c962-4304-985e-19cae86d321c@group-831C27836CA3-LeaderElection36] INFO  server.RaftServerConfigKeys (ConfUtils.java:logGet(43)) - raft.server.watch.element-limit = 65536 (default)
2019-10-03 02:16:43,909 [7db359e7-c962-4304-985e-19cae86d321c@group-831C27836CA3-LeaderElection36] INFO  impl.RoleInfo (RoleInfo.java:updateAndGet(143)) - 7db359e7-c962-4304-985e-19cae86d321c: start LeaderState
2019-10-03 02:16:43,909 [7db359e7-c962-4304-985e-19cae86d321c@group-831C27836CA3-LeaderElection36] INFO  segmented.SegmentedRaftLogWorker (SegmentedRaftLogWorker.java:startLogSegment(385)) - 7db359e7-c962-4304-985e-19cae86d321c@group-831C27836CA3-SegmentedRaftLogWorker: Starting segment from index:0
2019-10-03 02:16:43,910 [7db359e7-c962-4304-985e-19cae86d321c@group-831C27836CA3-LeaderElection36] INFO  impl.RaftServerImpl (ServerState.java:setRaftConf(356)) - 7db359e7-c962-4304-985e-19cae86d321c@group-831C27836CA3: set configuration 0: [7db359e7-c962-4304-985e-19cae86d321c:192.168.164.205:37390], old=null at 0
2019-10-03 02:16:43,949 [7db359e7-c962-4304-985e-19cae86d321c@group-831C27836CA3-SegmentedRaftLogWorker] INFO  segmented.SegmentedRaftLogWorker (SegmentedRaftLogWorker.java:execute(574)) - 7db359e7-c962-4304-985e-19cae86d321c@group-831C27836CA3-SegmentedRaftLogWorker: created new log segment /workdir/hadoop-ozone/ozonefs/target/test-dir/MiniOzoneClusterImpl-d59555dc-2224-4dbc-966a-a3860c504393/datanode-1/data/ratis/24e1fc1b-d9a5-4c0d-be64-831c27836ca3/current/log_inprogress_0
2019-10-03 02:16:44,005 [Thread-1712] INFO  impl.FollowerState (FollowerState.java:run(108)) - 83ea03b2-3e7a-4b27-90c3-04682805bb81@group-53CE2C249D46-FollowerState: change to CANDIDATE, lastRpcTime:5121ms, electionTimeout:5121ms
2019-10-03 02:16:44,006 [Thread-1712] INFO  impl.RoleInfo (RoleInfo.java:shutdownFollowerState(121)) - 83ea03b2-3e7a-4b27-90c3-04682805bb81: shutdown FollowerState
2019-10-03 02:16:44,006 [Thread-1712] INFO  impl.RaftServerImpl (RaftServerImpl.java:setRole(170)) - 83ea03b2-3e7a-4b27-90c3-04682805bb81@group-53CE2C249D46: changes role from  FOLLOWER to CANDIDATE at term 0 for changeToCandidate
2019-10-03 02:16:44,006 [Thread-1712] INFO  impl.RoleInfo (RoleInfo.java:updateAndGet(143)) - 83ea03b2-3e7a-4b27-90c3-04682805bb81: start LeaderElection
2019-10-03 02:16:44,024 [83ea03b2-3e7a-4b27-90c3-04682805bb81@group-53CE2C249D46-LeaderElection37] INFO  impl.LeaderElection (LeaderElection.java:askForVotes(178)) - 83ea03b2-3e7a-4b27-90c3-04682805bb81@group-53CE2C249D46-LeaderElection37: begin an election at term 1 for -1: [83ea03b2-3e7a-4b27-90c3-04682805bb81:192.168.164.205:36151], old=null
2019-10-03 02:16:44,024 [83ea03b2-3e7a-4b27-90c3-04682805bb81@group-53CE2C249D46-LeaderElection37] INFO  impl.RoleInfo (RoleInfo.java:shutdownLeaderElection(134)) - 83ea03b2-3e7a-4b27-90c3-04682805bb81: shutdown LeaderElection
2019-10-03 02:16:44,024 [83ea03b2-3e7a-4b27-90c3-04682805bb81@group-53CE2C249D46-LeaderElection37] INFO  impl.RaftServerImpl (RaftServerImpl.java:setRole(170)) - 83ea03b2-3e7a-4b27-90c3-04682805bb81@group-53CE2C249D46: changes role from CANDIDATE to LEADER at term 1 for changeToLeader
2019-10-03 02:16:44,024 [83ea03b2-3e7a-4b27-90c3-04682805bb81@group-53CE2C249D46-LeaderElection37] INFO  impl.RaftServerImpl (ServerState.java:setLeader(255)) - 83ea03b2-3e7a-4b27-90c3-04682805bb81@group-53CE2C249D46: change Leader from null to 83ea03b2-3e7a-4b27-90c3-04682805bb81 at term 1 for becomeLeader, leader elected after 5147ms
2019-10-03 02:16:44,025 [83ea03b2-3e7a-4b27-90c3-04682805bb81@group-53CE2C249D46-LeaderElection37] INFO  server.RaftServerConfigKeys (ConfUtils.java:logGet(43)) - raft.server.staging.catchup.gap = 1000 (default)
2019-10-03 02:16:44,025 [83ea03b2-3e7a-4b27-90c3-04682805bb81@group-53CE2C249D46-LeaderElection37] INFO  server.RaftServerConfigKeys (ConfUtils.java:logGet(43)) - raft.server.rpc.sleep.time = 25ms (default)
2019-10-03 02:16:44,025 [83ea03b2-3e7a-4b27-90c3-04682805bb81@group-53CE2C249D46-LeaderElection37] INFO  server.RaftServerConfigKeys (ConfUtils.java:logGet(43)) - raft.server.write.element-limit = 4096 (default)
2019-10-03 02:16:44,025 [83ea03b2-3e7a-4b27-90c3-04682805bb81@group-53CE2C249D46-LeaderElection37] INFO  server.RaftServerConfigKeys (ConfUtils.java:logGet(43)) - raft.server.watch.timeout = 10s (default)
2019-10-03 02:16:44,026 [83ea03b2-3e7a-4b27-90c3-04682805bb81@group-53CE2C249D46-LeaderElection37] INFO  server.RaftServerConfigKeys (ConfUtils.java:logGet(43)) - raft.server.watch.timeout.denomination = 1s (default)
2019-10-03 02:16:44,026 [83ea03b2-3e7a-4b27-90c3-04682805bb81@group-53CE2C249D46-LeaderElection37] INFO  server.RaftServerConfigKeys (ConfUtils.java:logGet(43)) - raft.server.watch.element-limit = 65536 (default)
2019-10-03 02:16:44,028 [83ea03b2-3e7a-4b27-90c3-04682805bb81@group-53CE2C249D46-LeaderElection37] INFO  impl.RoleInfo (RoleInfo.java:updateAndGet(143)) - 83ea03b2-3e7a-4b27-90c3-04682805bb81: start LeaderState
2019-10-03 02:16:44,028 [83ea03b2-3e7a-4b27-90c3-04682805bb81@group-53CE2C249D46-LeaderElection37] INFO  segmented.SegmentedRaftLogWorker (SegmentedRaftLogWorker.java:startLogSegment(385)) - 83ea03b2-3e7a-4b27-90c3-04682805bb81@group-53CE2C249D46-SegmentedRaftLogWorker: Starting segment from index:0
2019-10-03 02:16:44,029 [83ea03b2-3e7a-4b27-90c3-04682805bb81@group-53CE2C249D46-LeaderElection37] INFO  impl.RaftServerImpl (ServerState.java:setRaftConf(356)) - 83ea03b2-3e7a-4b27-90c3-04682805bb81@group-53CE2C249D46: set configuration 0: [83ea03b2-3e7a-4b27-90c3-04682805bb81:192.168.164.205:36151], old=null at 0
2019-10-03 02:16:44,073 [Thread-1715] INFO  impl.FollowerState (FollowerState.java:run(108)) - 5a12b43c-de12-46a5-82a1-fa668305245d@group-E8CAA4997BE0-FollowerState: change to CANDIDATE, lastRpcTime:5124ms, electionTimeout:5124ms
2019-10-03 02:16:44,074 [Thread-1715] INFO  impl.RoleInfo (RoleInfo.java:shutdownFollowerState(121)) - 5a12b43c-de12-46a5-82a1-fa668305245d: shutdown FollowerState
2019-10-03 02:16:44,074 [Thread-1715] INFO  impl.RaftServerImpl (RaftServerImpl.java:setRole(170)) - 5a12b43c-de12-46a5-82a1-fa668305245d@group-E8CAA4997BE0: changes role from  FOLLOWER to CANDIDATE at term 0 for changeToCandidate
2019-10-03 02:16:44,074 [Thread-1715] INFO  impl.RoleInfo (RoleInfo.java:updateAndGet(143)) - 5a12b43c-de12-46a5-82a1-fa668305245d: start LeaderElection
2019-10-03 02:16:44,082 [83ea03b2-3e7a-4b27-90c3-04682805bb81@group-53CE2C249D46-SegmentedRaftLogWorker] INFO  segmented.SegmentedRaftLogWorker (SegmentedRaftLogWorker.java:execute(574)) - 83ea03b2-3e7a-4b27-90c3-04682805bb81@group-53CE2C249D46-SegmentedRaftLogWorker: created new log segment /workdir/hadoop-ozone/ozonefs/target/test-dir/MiniOzoneClusterImpl-d59555dc-2224-4dbc-966a-a3860c504393/datanode-2/data/ratis/1a2393cb-074e-4505-9012-53ce2c249d46/current/log_inprogress_0
2019-10-03 02:16:44,084 [5a12b43c-de12-46a5-82a1-fa668305245d@group-E8CAA4997BE0-LeaderElection38] INFO  impl.LeaderElection (LeaderElection.java:askForVotes(178)) - 5a12b43c-de12-46a5-82a1-fa668305245d@group-E8CAA4997BE0-LeaderElection38: begin an election at term 1 for -1: [5a12b43c-de12-46a5-82a1-fa668305245d:192.168.164.205:34339, 83ea03b2-3e7a-4b27-90c3-04682805bb81:192.168.164.205:36151, 7db359e7-c962-4304-985e-19cae86d321c:192.168.164.205:37390], old=null
2019-10-03 02:16:44,096 [grpc-default-executor-0] INFO  impl.RaftServerImpl (RaftServerImpl.java:setRole(170)) - 7db359e7-c962-4304-985e-19cae86d321c@group-E8CAA4997BE0: changes role from  FOLLOWER to FOLLOWER at term 1 for recognizeCandidate:5a12b43c-de12-46a5-82a1-fa668305245d
2019-10-03 02:16:44,096 [grpc-default-executor-1] INFO  impl.RaftServerImpl (RaftServerImpl.java:setRole(170)) - 83ea03b2-3e7a-4b27-90c3-04682805bb81@group-E8CAA4997BE0: changes role from  FOLLOWER to FOLLOWER at term 1 for recognizeCandidate:5a12b43c-de12-46a5-82a1-fa668305245d
2019-10-03 02:16:44,096 [grpc-default-executor-0] INFO  impl.RoleInfo (RoleInfo.java:shutdownFollowerState(121)) - 7db359e7-c962-4304-985e-19cae86d321c: shutdown FollowerState
2019-10-03 02:16:44,097 [grpc-default-executor-1] INFO  impl.RoleInfo (RoleInfo.java:shutdownFollowerState(121)) - 83ea03b2-3e7a-4b27-90c3-04682805bb81: shutdown FollowerState
2019-10-03 02:16:44,097 [grpc-default-executor-0] INFO  impl.RoleInfo (RoleInfo.java:updateAndGet(143)) - 7db359e7-c962-4304-985e-19cae86d321c: start FollowerState
2019-10-03 02:16:44,097 [Thread-1720] INFO  impl.FollowerState (FollowerState.java:run(117)) - 7db359e7-c962-4304-985e-19cae86d321c@group-E8CAA4997BE0-FollowerState was interrupted: java.lang.InterruptedException: sleep interrupted
2019-10-03 02:16:44,097 [Thread-1719] INFO  impl.FollowerState (FollowerState.java:run(117)) - 83ea03b2-3e7a-4b27-90c3-04682805bb81@group-E8CAA4997BE0-FollowerState was interrupted: java.lang.InterruptedException: sleep interrupted
2019-10-03 02:16:44,097 [grpc-default-executor-1] INFO  impl.RoleInfo (RoleInfo.java:updateAndGet(143)) - 83ea03b2-3e7a-4b27-90c3-04682805bb81: start FollowerState
2019-10-03 02:16:44,110 [5a12b43c-de12-46a5-82a1-fa668305245d@group-E8CAA4997BE0-LeaderElection38] INFO  impl.LeaderElection (LeaderElection.java:logAndReturn(56)) - 5a12b43c-de12-46a5-82a1-fa668305245d@group-E8CAA4997BE0-LeaderElection38: Election PASSED; received 1 response(s) [5a12b43c-de12-46a5-82a1-fa668305245d<-83ea03b2-3e7a-4b27-90c3-04682805bb81#0:OK-t1] and 0 exception(s); 5a12b43c-de12-46a5-82a1-fa668305245d@group-E8CAA4997BE0:t1, leader=null, voted=5a12b43c-de12-46a5-82a1-fa668305245d, raftlog=5a12b43c-de12-46a5-82a1-fa668305245d@group-E8CAA4997BE0-SegmentedRaftLog:OPENED:c-1,f-1,i0, conf=-1: [5a12b43c-de12-46a5-82a1-fa668305245d:192.168.164.205:34339, 83ea03b2-3e7a-4b27-90c3-04682805bb81:192.168.164.205:36151, 7db359e7-c962-4304-985e-19cae86d321c:192.168.164.205:37390], old=null
2019-10-03 02:16:44,110 [5a12b43c-de12-46a5-82a1-fa668305245d@group-E8CAA4997BE0-LeaderElection38] INFO  impl.RoleInfo (RoleInfo.java:shutdownLeaderElection(134)) - 5a12b43c-de12-46a5-82a1-fa668305245d: shutdown LeaderElection
2019-10-03 02:16:44,110 [5a12b43c-de12-46a5-82a1-fa668305245d@group-E8CAA4997BE0-LeaderElection38] INFO  impl.RaftServerImpl (RaftServerImpl.java:setRole(170)) - 5a12b43c-de12-46a5-82a1-fa668305245d@group-E8CAA4997BE0: changes role from CANDIDATE to LEADER at term 1 for changeToLeader
2019-10-03 02:16:44,110 [5a12b43c-de12-46a5-82a1-fa668305245d@group-E8CAA4997BE0-LeaderElection38] INFO  impl.RaftServerImpl (ServerState.java:setLeader(255)) - 5a12b43c-de12-46a5-82a1-fa668305245d@group-E8CAA4997BE0: change Leader from null to 5a12b43c-de12-46a5-82a1-fa668305245d at term 1 for becomeLeader, leader elected after 5172ms
2019-10-03 02:16:44,111 [5a12b43c-de12-46a5-82a1-fa668305245d@group-E8CAA4997BE0-LeaderElection38] INFO  server.RaftServerConfigKeys (ConfUtils.java:logGet(43)) - raft.server.staging.catchup.gap = 1000 (default)
2019-10-03 02:16:44,111 [5a12b43c-de12-46a5-82a1-fa668305245d@group-E8CAA4997BE0-LeaderElection38] INFO  server.RaftServerConfigKeys (ConfUtils.java:logGet(43)) - raft.server.rpc.sleep.time = 25ms (default)
2019-10-03 02:16:44,111 [5a12b43c-de12-46a5-82a1-fa668305245d@group-E8CAA4997BE0-LeaderElection38] INFO  server.RaftServerConfigKeys (ConfUtils.java:logGet(43)) - raft.server.write.element-limit = 4096 (default)
2019-10-03 02:16:44,111 [5a12b43c-de12-46a5-82a1-fa668305245d@group-E8CAA4997BE0-LeaderElection38] INFO  server.RaftServerConfigKeys (ConfUtils.java:logGet(43)) - raft.server.watch.timeout = 10s (default)
2019-10-03 02:16:44,111 [5a12b43c-de12-46a5-82a1-fa668305245d@group-E8CAA4997BE0-LeaderElection38] INFO  server.RaftServerConfigKeys (ConfUtils.java:logGet(43)) - raft.server.watch.timeout.denomination = 1s (default)
2019-10-03 02:16:44,111 [5a12b43c-de12-46a5-82a1-fa668305245d@group-E8CAA4997BE0-LeaderElection38] INFO  server.RaftServerConfigKeys (ConfUtils.java:logGet(43)) - raft.server.watch.element-limit = 65536 (default)
2019-10-03 02:16:44,113 [5a12b43c-de12-46a5-82a1-fa668305245d@group-E8CAA4997BE0-LeaderElection38] INFO  server.RaftServerConfigKeys (ConfUtils.java:logGet(43)) - raft.server.log.appender.snapshot.chunk.size.max = 16MB (=16777216) (default)
2019-10-03 02:16:44,113 [5a12b43c-de12-46a5-82a1-fa668305245d@group-E8CAA4997BE0-LeaderElection38] INFO  server.RaftServerConfigKeys (ConfUtils.java:logGet(43)) - raft.server.log.appender.buffer.byte-limit = 33554432 (custom)
2019-10-03 02:16:44,113 [5a12b43c-de12-46a5-82a1-fa668305245d@group-E8CAA4997BE0-LeaderElection38] INFO  server.RaftServerConfigKeys (ConfUtils.java:logGet(43)) - raft.server.log.appender.buffer.element-limit = 1 (custom)
2019-10-03 02:16:44,113 [5a12b43c-de12-46a5-82a1-fa668305245d@group-E8CAA4997BE0-LeaderElection38] INFO  grpc.GrpcConfigKeys$Server (ConfUtils.java:logGet(43)) - raft.grpc.server.leader.outstanding.appends.max = 128 (default)
2019-10-03 02:16:44,114 [5a12b43c-de12-46a5-82a1-fa668305245d@group-E8CAA4997BE0-LeaderElection38] INFO  server.RaftServerConfigKeys (ConfUtils.java:logGet(43)) - raft.server.rpc.request.timeout = 3000ms (default)
2019-10-03 02:16:44,114 [5a12b43c-de12-46a5-82a1-fa668305245d@group-E8CAA4997BE0-LeaderElection38] INFO  server.RaftServerConfigKeys (ConfUtils.java:logGet(43)) - raft.server.log.appender.install.snapshot.enabled = false (custom)
2019-10-03 02:16:44,114 [5a12b43c-de12-46a5-82a1-fa668305245d@group-E8CAA4997BE0-LeaderElection38] INFO  server.RaftServerConfigKeys (ConfUtils.java:logGet(43)) - raft.server.log.appender.snapshot.chunk.size.max = 16MB (=16777216) (default)
2019-10-03 02:16:44,114 [5a12b43c-de12-46a5-82a1-fa668305245d@group-E8CAA4997BE0-LeaderElection38] INFO  server.RaftServerConfigKeys (ConfUtils.java:logGet(43)) - raft.server.log.appender.buffer.byte-limit = 33554432 (custom)
2019-10-03 02:16:44,114 [5a12b43c-de12-46a5-82a1-fa668305245d@group-E8CAA4997BE0-LeaderElection38] INFO  server.RaftServerConfigKeys (ConfUtils.java:logGet(43)) - raft.server.log.appender.buffer.element-limit = 1 (custom)
2019-10-03 02:16:44,114 [5a12b43c-de12-46a5-82a1-fa668305245d@group-E8CAA4997BE0-LeaderElection38] INFO  grpc.GrpcConfigKeys$Server (ConfUtils.java:logGet(43)) - raft.grpc.server.leader.outstanding.appends.max = 128 (default)
2019-10-03 02:16:44,115 [5a12b43c-de12-46a5-82a1-fa668305245d@group-E8CAA4997BE0-LeaderElection38] INFO  server.RaftServerConfigKeys (ConfUtils.java:logGet(43)) - raft.server.rpc.request.timeout = 3000ms (default)
2019-10-03 02:16:44,115 [5a12b43c-de12-46a5-82a1-fa668305245d@group-E8CAA4997BE0-LeaderElection38] INFO  server.RaftServerConfigKeys (ConfUtils.java:logGet(43)) - raft.server.log.appender.install.snapshot.enabled = false (custom)
2019-10-03 02:16:44,115 [5a12b43c-de12-46a5-82a1-fa668305245d@group-E8CAA4997BE0-LeaderElection38] INFO  impl.RoleInfo (RoleInfo.java:updateAndGet(143)) - 5a12b43c-de12-46a5-82a1-fa668305245d: start LeaderState
2019-10-03 02:16:44,115 [5a12b43c-de12-46a5-82a1-fa668305245d@group-E8CAA4997BE0-LeaderElection38] INFO  segmented.SegmentedRaftLogWorker (SegmentedRaftLogWorker.java:startLogSegment(385)) - 5a12b43c-de12-46a5-82a1-fa668305245d@group-E8CAA4997BE0-SegmentedRaftLogWorker: Starting segment from index:0
2019-10-03 02:16:44,116 [5a12b43c-de12-46a5-82a1-fa668305245d@group-E8CAA4997BE0-LeaderElection38] INFO  impl.RaftServerImpl (ServerState.java:setRaftConf(356)) - 5a12b43c-de12-46a5-82a1-fa668305245d@group-E8CAA4997BE0: set configuration 0: [5a12b43c-de12-46a5-82a1-fa668305245d:192.168.164.205:34339, 83ea03b2-3e7a-4b27-90c3-04682805bb81:192.168.164.205:36151, 7db359e7-c962-4304-985e-19cae86d321c:192.168.164.205:37390], old=null at 0
2019-10-03 02:16:44,150 [grpc-default-executor-0] INFO  impl.RaftServerImpl (ServerState.java:setLeader(255)) - 83ea03b2-3e7a-4b27-90c3-04682805bb81@group-E8CAA4997BE0: change Leader from null to 5a12b43c-de12-46a5-82a1-fa668305245d at term 1 for appendEntries, leader elected after 5211ms
2019-10-03 02:16:44,154 [grpc-default-executor-1] INFO  impl.RaftServerImpl (ServerState.java:setLeader(255)) - 7db359e7-c962-4304-985e-19cae86d321c@group-E8CAA4997BE0: change Leader from null to 5a12b43c-de12-46a5-82a1-fa668305245d at term 1 for appendEntries, leader elected after 5215ms
2019-10-03 02:16:44,157 [grpc-default-executor-1] INFO  impl.RaftServerImpl (ServerState.java:setRaftConf(356)) - 83ea03b2-3e7a-4b27-90c3-04682805bb81@group-E8CAA4997BE0: set configuration 0: [5a12b43c-de12-46a5-82a1-fa668305245d:192.168.164.205:34339, 83ea03b2-3e7a-4b27-90c3-04682805bb81:192.168.164.205:36151, 7db359e7-c962-4304-985e-19cae86d321c:192.168.164.205:37390], old=null at 0
2019-10-03 02:16:44,157 [grpc-default-executor-1] INFO  segmented.SegmentedRaftLogWorker (SegmentedRaftLogWorker.java:startLogSegment(385)) - 83ea03b2-3e7a-4b27-90c3-04682805bb81@group-E8CAA4997BE0-SegmentedRaftLogWorker: Starting segment from index:0
2019-10-03 02:16:44,157 [grpc-default-executor-0] INFO  impl.RaftServerImpl (ServerState.java:setRaftConf(356)) - 7db359e7-c962-4304-985e-19cae86d321c@group-E8CAA4997BE0: set configuration 0: [5a12b43c-de12-46a5-82a1-fa668305245d:192.168.164.205:34339, 83ea03b2-3e7a-4b27-90c3-04682805bb81:192.168.164.205:36151, 7db359e7-c962-4304-985e-19cae86d321c:192.168.164.205:37390], old=null at 0
2019-10-03 02:16:44,158 [grpc-default-executor-0] INFO  segmented.SegmentedRaftLogWorker (SegmentedRaftLogWorker.java:startLogSegment(385)) - 7db359e7-c962-4304-985e-19cae86d321c@group-E8CAA4997BE0-SegmentedRaftLogWorker: Starting segment from index:0
2019-10-03 02:16:44,165 [5a12b43c-de12-46a5-82a1-fa668305245d@group-E8CAA4997BE0-SegmentedRaftLogWorker] INFO  segmented.SegmentedRaftLogWorker (SegmentedRaftLogWorker.java:execute(574)) - 5a12b43c-de12-46a5-82a1-fa668305245d@group-E8CAA4997BE0-SegmentedRaftLogWorker: created new log segment /workdir/hadoop-ozone/ozonefs/target/test-dir/MiniOzoneClusterImpl-d59555dc-2224-4dbc-966a-a3860c504393/datanode-0/data/ratis/5bbcfa38-4903-4fbc-a31a-e8caa4997be0/current/log_inprogress_0
2019-10-03 02:16:44,197 [83ea03b2-3e7a-4b27-90c3-04682805bb81@group-E8CAA4997BE0-SegmentedRaftLogWorker] INFO  segmented.SegmentedRaftLogWorker (SegmentedRaftLogWorker.java:execute(574)) - 83ea03b2-3e7a-4b27-90c3-04682805bb81@group-E8CAA4997BE0-SegmentedRaftLogWorker: created new log segment /workdir/hadoop-ozone/ozonefs/target/test-dir/MiniOzoneClusterImpl-d59555dc-2224-4dbc-966a-a3860c504393/datanode-2/data/ratis/5bbcfa38-4903-4fbc-a31a-e8caa4997be0/current/log_inprogress_0
2019-10-03 02:16:44,197 [7db359e7-c962-4304-985e-19cae86d321c@group-E8CAA4997BE0-SegmentedRaftLogWorker] INFO  segmented.SegmentedRaftLogWorker (SegmentedRaftLogWorker.java:execute(574)) - 7db359e7-c962-4304-985e-19cae86d321c@group-E8CAA4997BE0-SegmentedRaftLogWorker: created new log segment /workdir/hadoop-ozone/ozonefs/target/test-dir/MiniOzoneClusterImpl-d59555dc-2224-4dbc-966a-a3860c504393/datanode-1/data/ratis/5bbcfa38-4903-4fbc-a31a-e8caa4997be0/current/log_inprogress_0
2019-10-03 02:16:44,978 [Thread-1532] INFO  ozoneimpl.OzoneContainer (OzoneContainer.java:stop(231)) - Attempting to stop container services.
2019-10-03 02:16:44,978 [ForkJoinPool.commonPool-worker-1] INFO  ozoneimpl.OzoneContainer (OzoneContainer.java:stop(231)) - Attempting to stop container services.
2019-10-03 02:16:44,978 [Thread-1532] INFO  impl.RaftServerProxy (RaftServerProxy.java:lambda$close$4(314)) - 7db359e7-c962-4304-985e-19cae86d321c: close
2019-10-03 02:16:44,979 [ForkJoinPool.commonPool-worker-1] INFO  impl.RaftServerProxy (RaftServerProxy.java:lambda$close$4(314)) - 5a12b43c-de12-46a5-82a1-fa668305245d: close
2019-10-03 02:16:44,979 [Thread-1532] INFO  impl.RaftServerImpl (RaftServerImpl.java:lambda$shutdown$3(247)) - 7db359e7-c962-4304-985e-19cae86d321c@group-E8CAA4997BE0: shutdown
2019-10-03 02:16:44,979 [ForkJoinPool.commonPool-worker-1] INFO  impl.RaftServerImpl (RaftServerImpl.java:lambda$shutdown$3(247)) - 5a12b43c-de12-46a5-82a1-fa668305245d@group-E8CAA4997BE0: shutdown
2019-10-03 02:16:44,980 [Thread-1532] INFO  util.JmxRegister (JmxRegister.java:unregister(73)) - Successfully un-registered JMX Bean with object name Ratis:service=RaftServer,group=group-E8CAA4997BE0,id=7db359e7-c962-4304-985e-19cae86d321c
2019-10-03 02:16:44,980 [Thread-1532] INFO  impl.RoleInfo (RoleInfo.java:shutdownFollowerState(121)) - 7db359e7-c962-4304-985e-19cae86d321c: shutdown FollowerState
2019-10-03 02:16:44,980 [ForkJoinPool.commonPool-worker-1] INFO  util.JmxRegister (JmxRegister.java:unregister(73)) - Successfully un-registered JMX Bean with object name Ratis:service=RaftServer,group=group-E8CAA4997BE0,id=5a12b43c-de12-46a5-82a1-fa668305245d
2019-10-03 02:16:44,981 [Thread-1736] INFO  impl.FollowerState (FollowerState.java:run(117)) - 7db359e7-c962-4304-985e-19cae86d321c@group-E8CAA4997BE0-FollowerState was interrupted: java.lang.InterruptedException: sleep interrupted
2019-10-03 02:16:44,981 [Thread-1532] INFO  impl.StateMachineUpdater (StateMachineUpdater.java:stopAndJoin(136)) - 7db359e7-c962-4304-985e-19cae86d321c@group-E8CAA4997BE0-StateMachineUpdater: set stopIndex = -1
2019-10-03 02:16:44,983 [Thread-1532] INFO  impl.RaftServerImpl (ServerState.java:close(387)) - 7db359e7-c962-4304-985e-19cae86d321c@group-E8CAA4997BE0: closes. applyIndex: -1
2019-10-03 02:16:44,981 [ForkJoinPool.commonPool-worker-1] INFO  impl.RoleInfo (RoleInfo.java:shutdownLeaderState(104)) - 5a12b43c-de12-46a5-82a1-fa668305245d: shutdown LeaderState
2019-10-03 02:16:44,984 [7db359e7-c962-4304-985e-19cae86d321c@group-E8CAA4997BE0-SegmentedRaftLogWorker] INFO  segmented.SegmentedRaftLogWorker (SegmentedRaftLogWorker.java:run(316)) - 7db359e7-c962-4304-985e-19cae86d321c@group-E8CAA4997BE0-SegmentedRaftLogWorker was interrupted, exiting. There are 0 tasks remaining in the queue.
2019-10-03 02:16:44,987 [org.apache.ratis.server.impl.LogAppender$AppenderDaemon$$Lambda$441/533741322@354d6bc7] WARN  server.GrpcLogAppender (GrpcLogAppender.java:mayWait(143)) - 5a12b43c-de12-46a5-82a1-fa668305245d@group-E8CAA4997BE0->7db359e7-c962-4304-985e-19cae86d321c-GrpcLogAppender: Wait interrupted by java.lang.InterruptedException
2019-10-03 02:16:44,987 [ForkJoinPool.commonPool-worker-1] INFO  impl.PendingRequests (PendingRequests.java:sendNotLeaderResponses(202)) - 5a12b43c-de12-46a5-82a1-fa668305245d@group-E8CAA4997BE0-PendingRequests: sendNotLeaderResponses
2019-10-03 02:16:44,989 [Thread-1532] INFO  segmented.SegmentedRaftLogWorker (SegmentedRaftLogWorker.java:close(224)) - 7db359e7-c962-4304-985e-19cae86d321c@group-E8CAA4997BE0-SegmentedRaftLogWorker close()
2019-10-03 02:16:44,987 [org.apache.ratis.server.impl.LogAppender$AppenderDaemon$$Lambda$441/533741322@1bc5bde8] WARN  server.GrpcLogAppender (GrpcLogAppender.java:mayWait(143)) - 5a12b43c-de12-46a5-82a1-fa668305245d@group-E8CAA4997BE0->83ea03b2-3e7a-4b27-90c3-04682805bb81-GrpcLogAppender: Wait interrupted by java.lang.InterruptedException
2019-10-03 02:16:44,993 [Thread-1532] INFO  impl.RaftServerImpl (RaftServerImpl.java:lambda$shutdown$3(247)) - 7db359e7-c962-4304-985e-19cae86d321c@group-831C27836CA3: shutdown
2019-10-03 02:16:44,993 [grpc-default-executor-1] INFO  server.GrpcServerProtocolService (GrpcServerProtocolService.java:onCompleted(113)) - 7db359e7-c962-4304-985e-19cae86d321c: Completed APPEND_ENTRIES, lastRequest: 5a12b43c-de12-46a5-82a1-fa668305245d->7db359e7-c962-4304-985e-19cae86d321c#1-t1, previous=(t:0, i:0), leaderCommit=-1, initializing? false, entries: size=1, first=(t:1, i:0), CONFIGURATIONENTRY
2019-10-03 02:16:44,989 [ForkJoinPool.commonPool-worker-1] INFO  impl.StateMachineUpdater (StateMachineUpdater.java:stopAndJoin(136)) - 5a12b43c-de12-46a5-82a1-fa668305245d@group-E8CAA4997BE0-StateMachineUpdater: set stopIndex = 0
2019-10-03 02:16:44,994 [grpc-default-executor-0] INFO  server.GrpcServerProtocolService (GrpcServerProtocolService.java:onCompleted(113)) - 83ea03b2-3e7a-4b27-90c3-04682805bb81: Completed APPEND_ENTRIES, lastRequest: 5a12b43c-de12-46a5-82a1-fa668305245d->83ea03b2-3e7a-4b27-90c3-04682805bb81#1-t1, previous=(t:0, i:0), leaderCommit=-1, initializing? false, entries: size=1, first=(t:1, i:0), CONFIGURATIONENTRY
2019-10-03 02:16:44,994 [Thread-1532] INFO  util.JmxRegister (JmxRegister.java:unregister(73)) - Successfully un-registered JMX Bean with object name Ratis:service=RaftServer,group=group-831C27836CA3,id=7db359e7-c962-4304-985e-19cae86d321c
2019-10-03 02:16:45,003 [grpc-default-executor-1] INFO  server.GrpcLogAppender (GrpcLogAppender.java:onCompleted(293)) - 5a12b43c-de12-46a5-82a1-fa668305245d@group-E8CAA4997BE0->7db359e7-c962-4304-985e-19cae86d321c-AppendLogResponseHandler: follower responses appendEntries COMPLETED
2019-10-03 02:16:44,994 [ForkJoinPool.commonPool-worker-1] INFO  impl.RaftServerImpl (ServerState.java:close(387)) - 5a12b43c-de12-46a5-82a1-fa668305245d@group-E8CAA4997BE0: closes. applyIndex: 0
2019-10-03 02:16:45,005 [grpc-default-executor-2] INFO  server.GrpcLogAppender (GrpcLogAppender.java:onCompleted(293)) - 5a12b43c-de12-46a5-82a1-fa668305245d@group-E8CAA4997BE0->83ea03b2-3e7a-4b27-90c3-04682805bb81-AppendLogResponseHandler: follower responses appendEntries COMPLETED
2019-10-03 02:16:45,004 [Thread-1532] INFO  impl.RoleInfo (RoleInfo.java:shutdownLeaderState(104)) - 7db359e7-c962-4304-985e-19cae86d321c: shutdown LeaderState
2019-10-03 02:16:45,006 [grpc-default-executor-1] INFO  impl.FollowerInfo (FollowerInfo.java:lambda$new$0(51)) - 5a12b43c-de12-46a5-82a1-fa668305245d@group-E8CAA4997BE0->7db359e7-c962-4304-985e-19cae86d321c: nextIndex: updateUnconditionally 1 -> 0
2019-10-03 02:16:45,006 [5a12b43c-de12-46a5-82a1-fa668305245d@group-E8CAA4997BE0-SegmentedRaftLogWorker] INFO  segmented.SegmentedRaftLogWorker (SegmentedRaftLogWorker.java:run(316)) - 5a12b43c-de12-46a5-82a1-fa668305245d@group-E8CAA4997BE0-SegmentedRaftLogWorker was interrupted, exiting. There are 0 tasks remaining in the queue.
2019-10-03 02:16:45,008 [Thread-1532] INFO  impl.PendingRequests (PendingRequests.java:sendNotLeaderResponses(202)) - 7db359e7-c962-4304-985e-19cae86d321c@group-831C27836CA3-PendingRequests: sendNotLeaderResponses
2019-10-03 02:16:45,012 [ForkJoinPool.commonPool-worker-1] INFO  segmented.SegmentedRaftLogWorker (SegmentedRaftLogWorker.java:close(224)) - 5a12b43c-de12-46a5-82a1-fa668305245d@group-E8CAA4997BE0-SegmentedRaftLogWorker close()
2019-10-03 02:16:45,010 [grpc-default-executor-2] INFO  impl.FollowerInfo (FollowerInfo.java:lambda$new$0(51)) - 5a12b43c-de12-46a5-82a1-fa668305245d@group-E8CAA4997BE0->83ea03b2-3e7a-4b27-90c3-04682805bb81: nextIndex: updateUnconditionally 1 -> 0
2019-10-03 02:16:45,015 [ForkJoinPool.commonPool-worker-1] INFO  impl.RaftServerImpl (RaftServerImpl.java:lambda$shutdown$3(247)) - 5a12b43c-de12-46a5-82a1-fa668305245d@group-68FFDA3EBC52: shutdown
2019-10-03 02:16:45,012 [Thread-1532] INFO  impl.StateMachineUpdater (StateMachineUpdater.java:stopAndJoin(136)) - 7db359e7-c962-4304-985e-19cae86d321c@group-831C27836CA3-StateMachineUpdater: set stopIndex = 0
2019-10-03 02:16:45,015 [ForkJoinPool.commonPool-worker-1] INFO  util.JmxRegister (JmxRegister.java:unregister(73)) - Successfully un-registered JMX Bean with object name Ratis:service=RaftServer,group=group-68FFDA3EBC52,id=5a12b43c-de12-46a5-82a1-fa668305245d
2019-10-03 02:16:45,016 [Thread-1532] INFO  impl.RaftServerImpl (ServerState.java:close(387)) - 7db359e7-c962-4304-985e-19cae86d321c@group-831C27836CA3: closes. applyIndex: 0
2019-10-03 02:16:45,016 [ForkJoinPool.commonPool-worker-1] INFO  impl.RoleInfo (RoleInfo.java:shutdownLeaderState(104)) - 5a12b43c-de12-46a5-82a1-fa668305245d: shutdown LeaderState
2019-10-03 02:16:45,016 [7db359e7-c962-4304-985e-19cae86d321c@group-831C27836CA3-SegmentedRaftLogWorker] INFO  segmented.SegmentedRaftLogWorker (SegmentedRaftLogWorker.java:run(316)) - 7db359e7-c962-4304-985e-19cae86d321c@group-831C27836CA3-SegmentedRaftLogWorker was interrupted, exiting. There are 0 tasks remaining in the queue.
2019-10-03 02:16:45,016 [ForkJoinPool.commonPool-worker-1] INFO  impl.PendingRequests (PendingRequests.java:sendNotLeaderResponses(202)) - 5a12b43c-de12-46a5-82a1-fa668305245d@group-68FFDA3EBC52-PendingRequests: sendNotLeaderResponses
2019-10-03 02:16:45,018 [Thread-1532] INFO  segmented.SegmentedRaftLogWorker (SegmentedRaftLogWorker.java:close(224)) - 7db359e7-c962-4304-985e-19cae86d321c@group-831C27836CA3-SegmentedRaftLogWorker close()
2019-10-03 02:16:45,018 [ForkJoinPool.commonPool-worker-1] INFO  impl.StateMachineUpdater (StateMachineUpdater.java:stopAndJoin(136)) - 5a12b43c-de12-46a5-82a1-fa668305245d@group-68FFDA3EBC52-StateMachineUpdater: set stopIndex = 0
2019-10-03 02:16:45,021 [Thread-1532] INFO  server.GrpcService (GrpcService.java:closeImpl(164)) - 7db359e7-c962-4304-985e-19cae86d321c: shutdown server with port 37390 now
2019-10-03 02:16:45,021 [ForkJoinPool.commonPool-worker-1] INFO  impl.RaftServerImpl (ServerState.java:close(387)) - 5a12b43c-de12-46a5-82a1-fa668305245d@group-68FFDA3EBC52: closes. applyIndex: 0
2019-10-03 02:16:45,022 [Thread-1532] INFO  server.GrpcService (GrpcService.java:closeImpl(172)) - 7db359e7-c962-4304-985e-19cae86d321c: shutdown server with port 37390 successfully
2019-10-03 02:16:45,022 [5a12b43c-de12-46a5-82a1-fa668305245d@group-68FFDA3EBC52-SegmentedRaftLogWorker] INFO  segmented.SegmentedRaftLogWorker (SegmentedRaftLogWorker.java:run(316)) - 5a12b43c-de12-46a5-82a1-fa668305245d@group-68FFDA3EBC52-SegmentedRaftLogWorker was interrupted, exiting. There are 0 tasks remaining in the queue.
2019-10-03 02:16:45,024 [ForkJoinPool.commonPool-worker-1] INFO  segmented.SegmentedRaftLogWorker (SegmentedRaftLogWorker.java:close(224)) - 5a12b43c-de12-46a5-82a1-fa668305245d@group-68FFDA3EBC52-SegmentedRaftLogWorker close()
2019-10-03 02:16:45,027 [ForkJoinPool.commonPool-worker-1] INFO  server.GrpcService (GrpcService.java:closeImpl(164)) - 5a12b43c-de12-46a5-82a1-fa668305245d: shutdown server with port 34339 now
2019-10-03 02:16:45,027 [ForkJoinPool.commonPool-worker-1] INFO  server.GrpcService (GrpcService.java:closeImpl(172)) - 5a12b43c-de12-46a5-82a1-fa668305245d: shutdown server with port 34339 successfully
2019-10-03 02:16:45,031 [refreshUsed-/workdir/hadoop-ozone/ozonefs/target/test-dir/MiniOzoneClusterImpl-d59555dc-2224-4dbc-966a-a3860c504393/datanode-0/data/containers] WARN  fs.CachingGetSpaceUsed (CachingGetSpaceUsed.java:run(183)) - Thread Interrupted waiting to refresh disk information: sleep interrupted
2019-10-03 02:16:45,031 [refreshUsed-/workdir/hadoop-ozone/ozonefs/target/test-dir/MiniOzoneClusterImpl-d59555dc-2224-4dbc-966a-a3860c504393/datanode-1/data/containers] WARN  fs.CachingGetSpaceUsed (CachingGetSpaceUsed.java:run(183)) - Thread Interrupted waiting to refresh disk information: sleep interrupted
2019-10-03 02:16:45,055 [ForkJoinPool.commonPool-worker-1] INFO  utils.BackgroundService (BackgroundService.java:shutdown(148)) - Shutting down service BlockDeletingService
2019-10-03 02:16:45,060 [ForkJoinPool.commonPool-worker-1] INFO  statemachine.DatanodeStateMachine (DatanodeStateMachine.java:stopDaemon(395)) - Ozone container server stopped.
2019-10-03 02:16:45,064 [ForkJoinPool.commonPool-worker-1] INFO  handler.ContextHandler (ContextHandler.java:doStop(910)) - Stopped o.e.j.w.WebAppContext@b3eed98{/,null,UNAVAILABLE}{/hddsDatanode}
2019-10-03 02:16:45,065 [ForkJoinPool.commonPool-worker-1] INFO  server.AbstractConnector (AbstractConnector.java:doStop(318)) - Stopped ServerConnector@28bd4f38{HTTP/1.1,[http/1.1]}{0.0.0.0:0}
2019-10-03 02:16:45,066 [ForkJoinPool.commonPool-worker-1] INFO  handler.ContextHandler (ContextHandler.java:doStop(910)) - Stopped o.e.j.s.ServletContextHandler@6388ca78{/static,jar:file:/home/user/.m2/repository/org/apache/hadoop/hadoop-hdds-container-service/0.5.0-SNAPSHOT/hadoop-hdds-container-service-0.5.0-SNAPSHOT.jar!/webapps/static,UNAVAILABLE}
2019-10-03 02:16:45,068 [ForkJoinPool.commonPool-worker-1] INFO  handler.ContextHandler (ContextHandler.java:doStop(910)) - Stopped o.e.j.s.ServletContextHandler@64a927b{/logs,file:///workdir/hadoop-ozone/ozonefs/target/log,UNAVAILABLE}
2019-10-03 02:16:45,070 [Thread-1532] INFO  utils.BackgroundService (BackgroundService.java:shutdown(148)) - Shutting down service BlockDeletingService
2019-10-03 02:16:45,074 [Thread-1532] INFO  statemachine.DatanodeStateMachine (DatanodeStateMachine.java:stopDaemon(395)) - Ozone container server stopped.
2019-10-03 02:16:45,075 [Thread-1532] INFO  handler.ContextHandler (ContextHandler.java:doStop(910)) - Stopped o.e.j.w.WebAppContext@3e6dcefc{/,null,UNAVAILABLE}{/hddsDatanode}
2019-10-03 02:16:45,076 [Thread-1532] INFO  server.AbstractConnector (AbstractConnector.java:doStop(318)) - Stopped ServerConnector@220b765e{HTTP/1.1,[http/1.1]}{0.0.0.0:0}
2019-10-03 02:16:45,076 [Thread-1532] INFO  handler.ContextHandler (ContextHandler.java:doStop(910)) - Stopped o.e.j.s.ServletContextHandler@a9f6c92{/static,jar:file:/home/user/.m2/repository/org/apache/hadoop/hadoop-hdds-container-service/0.5.0-SNAPSHOT/hadoop-hdds-container-service-0.5.0-SNAPSHOT.jar!/webapps/static,UNAVAILABLE}
2019-10-03 02:16:45,076 [Thread-1532] INFO  handler.ContextHandler (ContextHandler.java:doStop(910)) - Stopped o.e.j.s.ServletContextHandler@4f753ea9{/logs,file:///workdir/hadoop-ozone/ozonefs/target/log,UNAVAILABLE}
2019-10-03 02:16:45,847 [Datanode State Machine Thread - 0] INFO  statemachine.DatanodeStateMachine (DatanodeStateMachine.java:lambda$startDaemon$0(350)) - Ozone container server started.
2019-10-03 02:16:50,070 [ForkJoinPool.commonPool-worker-1] INFO  ozoneimpl.OzoneContainer (OzoneContainer.java:stop(231)) - Attempting to stop container services.
2019-10-03 02:16:50,070 [ForkJoinPool.commonPool-worker-1] INFO  impl.RaftServerProxy (RaftServerProxy.java:lambda$close$4(314)) - 83ea03b2-3e7a-4b27-90c3-04682805bb81: close
2019-10-03 02:16:50,071 [ForkJoinPool.commonPool-worker-1] INFO  impl.RaftServerImpl (RaftServerImpl.java:lambda$shutdown$3(247)) - 83ea03b2-3e7a-4b27-90c3-04682805bb81@group-E8CAA4997BE0: shutdown
2019-10-03 02:16:50,071 [ForkJoinPool.commonPool-worker-1] INFO  util.JmxRegister (JmxRegister.java:unregister(73)) - Successfully un-registered JMX Bean with object name Ratis:service=RaftServer,group=group-E8CAA4997BE0,id=83ea03b2-3e7a-4b27-90c3-04682805bb81
2019-10-03 02:16:50,071 [ForkJoinPool.commonPool-worker-1] INFO  impl.RoleInfo (RoleInfo.java:shutdownFollowerState(121)) - 83ea03b2-3e7a-4b27-90c3-04682805bb81: shutdown FollowerState
2019-10-03 02:16:50,072 [ForkJoinPool.commonPool-worker-1] INFO  impl.StateMachineUpdater (StateMachineUpdater.java:stopAndJoin(136)) - 83ea03b2-3e7a-4b27-90c3-04682805bb81@group-E8CAA4997BE0-StateMachineUpdater: set stopIndex = -1
2019-10-03 02:16:50,072 [Thread-1737] INFO  impl.FollowerState (FollowerState.java:run(117)) - 83ea03b2-3e7a-4b27-90c3-04682805bb81@group-E8CAA4997BE0-FollowerState was interrupted: java.lang.InterruptedException: sleep interrupted
2019-10-03 02:16:50,072 [ForkJoinPool.commonPool-worker-1] INFO  impl.RaftServerImpl (ServerState.java:close(387)) - 83ea03b2-3e7a-4b27-90c3-04682805bb81@group-E8CAA4997BE0: closes. applyIndex: -1
2019-10-03 02:16:50,074 [83ea03b2-3e7a-4b27-90c3-04682805bb81@group-E8CAA4997BE0-SegmentedRaftLogWorker] INFO  segmented.SegmentedRaftLogWorker (SegmentedRaftLogWorker.java:run(316)) - 83ea03b2-3e7a-4b27-90c3-04682805bb81@group-E8CAA4997BE0-SegmentedRaftLogWorker was interrupted, exiting. There are 0 tasks remaining in the queue.
2019-10-03 02:16:50,080 [ForkJoinPool.commonPool-worker-1] INFO  segmented.SegmentedRaftLogWorker (SegmentedRaftLogWorker.java:close(224)) - 83ea03b2-3e7a-4b27-90c3-04682805bb81@group-E8CAA4997BE0-SegmentedRaftLogWorker close()
2019-10-03 02:16:50,081 [ForkJoinPool.commonPool-worker-1] INFO  impl.RaftServerImpl (RaftServerImpl.java:lambda$shutdown$3(247)) - 83ea03b2-3e7a-4b27-90c3-04682805bb81@group-53CE2C249D46: shutdown
2019-10-03 02:16:50,082 [ForkJoinPool.commonPool-worker-1] INFO  util.JmxRegister (JmxRegister.java:unregister(73)) - Successfully un-registered JMX Bean with object name Ratis:service=RaftServer,group=group-53CE2C249D46,id=83ea03b2-3e7a-4b27-90c3-04682805bb81
2019-10-03 02:16:50,082 [ForkJoinPool.commonPool-worker-1] INFO  impl.RoleInfo (RoleInfo.java:shutdownLeaderState(104)) - 83ea03b2-3e7a-4b27-90c3-04682805bb81: shutdown LeaderState
2019-10-03 02:16:50,082 [ForkJoinPool.commonPool-worker-1] INFO  impl.PendingRequests (PendingRequests.java:sendNotLeaderResponses(202)) - 83ea03b2-3e7a-4b27-90c3-04682805bb81@group-53CE2C249D46-PendingRequests: sendNotLeaderResponses
2019-10-03 02:16:50,082 [ForkJoinPool.commonPool-worker-1] INFO  impl.StateMachineUpdater (StateMachineUpdater.java:stopAndJoin(136)) - 83ea03b2-3e7a-4b27-90c3-04682805bb81@group-53CE2C249D46-StateMachineUpdater: set stopIndex = 0
2019-10-03 02:16:50,083 [ForkJoinPool.commonPool-worker-1] INFO  impl.RaftServerImpl (ServerState.java:close(387)) - 83ea03b2-3e7a-4b27-90c3-04682805bb81@group-53CE2C249D46: closes. applyIndex: 0
2019-10-03 02:16:50,083 [83ea03b2-3e7a-4b27-90c3-04682805bb81@group-53CE2C249D46-SegmentedRaftLogWorker] INFO  segmented.SegmentedRaftLogWorker (SegmentedRaftLogWorker.java:run(316)) - 83ea03b2-3e7a-4b27-90c3-04682805bb81@group-53CE2C249D46-SegmentedRaftLogWorker was interrupted, exiting. There are 0 tasks remaining in the queue.
2019-10-03 02:16:50,083 [ForkJoinPool.commonPool-worker-1] INFO  segmented.SegmentedRaftLogWorker (SegmentedRaftLogWorker.java:close(224)) - 83ea03b2-3e7a-4b27-90c3-04682805bb81@group-53CE2C249D46-SegmentedRaftLogWorker close()
2019-10-03 02:16:50,085 [ForkJoinPool.commonPool-worker-1] INFO  server.GrpcService (GrpcService.java:closeImpl(164)) - 83ea03b2-3e7a-4b27-90c3-04682805bb81: shutdown server with port 36151 now
2019-10-03 02:16:50,086 [ForkJoinPool.commonPool-worker-1] INFO  server.GrpcService (GrpcService.java:closeImpl(172)) - 83ea03b2-3e7a-4b27-90c3-04682805bb81: shutdown server with port 36151 successfully
2019-10-03 02:16:50,092 [refreshUsed-/workdir/hadoop-ozone/ozonefs/target/test-dir/MiniOzoneClusterImpl-d59555dc-2224-4dbc-966a-a3860c504393/datanode-2/data/containers] WARN  fs.CachingGetSpaceUsed (CachingGetSpaceUsed.java:run(183)) - Thread Interrupted waiting to refresh disk information: sleep interrupted
2019-10-03 02:16:50,116 [ForkJoinPool.commonPool-worker-1] INFO  utils.BackgroundService (BackgroundService.java:shutdown(148)) - Shutting down service BlockDeletingService
2019-10-03 02:16:50,119 [ForkJoinPool.commonPool-worker-1] INFO  statemachine.DatanodeStateMachine (DatanodeStateMachine.java:stopDaemon(395)) - Ozone container server stopped.
2019-10-03 02:16:50,124 [ForkJoinPool.commonPool-worker-1] INFO  handler.ContextHandler (ContextHandler.java:doStop(910)) - Stopped o.e.j.w.WebAppContext@5f359f6f{/,null,UNAVAILABLE}{/hddsDatanode}
2019-10-03 02:16:50,124 [ForkJoinPool.commonPool-worker-1] INFO  server.AbstractConnector (AbstractConnector.java:doStop(318)) - Stopped ServerConnector@3d5b578b{HTTP/1.1,[http/1.1]}{0.0.0.0:0}
2019-10-03 02:16:50,125 [ForkJoinPool.commonPool-worker-1] INFO  handler.ContextHandler (ContextHandler.java:doStop(910)) - Stopped o.e.j.s.ServletContextHandler@6811a592{/static,jar:file:/home/user/.m2/repository/org/apache/hadoop/hadoop-hdds-container-service/0.5.0-SNAPSHOT/hadoop-hdds-container-service-0.5.0-SNAPSHOT.jar!/webapps/static,UNAVAILABLE}
2019-10-03 02:16:50,127 [ForkJoinPool.commonPool-worker-1] INFO  handler.ContextHandler (ContextHandler.java:doStop(910)) - Stopped o.e.j.s.ServletContextHandler@323350e8{/logs,file:///workdir/hadoop-ozone/ozonefs/target/log,UNAVAILABLE}
2019-10-03 02:16:50,128 [Thread-1532] INFO  ozone.MiniOzoneClusterImpl (MiniOzoneClusterImpl.java:stopSCM(392)) - Stopping the StorageContainerManager
2019-10-03 02:16:50,128 [Thread-1532] INFO  server.StorageContainerManager (StorageContainerManager.java:stop(808)) - Stopping Replication Manager Service.
2019-10-03 02:16:50,128 [Thread-1532] INFO  container.ReplicationManager (ReplicationManager.java:stop(203)) - Stopping Replication Monitor Thread.
2019-10-03 02:16:50,128 [Thread-1532] INFO  server.StorageContainerManager (StorageContainerManager.java:stop(815)) - Stopping Lease Manager of the command watchers
2019-10-03 02:16:50,128 [Thread-1532] INFO  server.StorageContainerManager (StorageContainerManager.java:stop(822)) - Stopping datanode service RPC server
2019-10-03 02:16:50,128 [Thread-1532] INFO  server.SCMDatanodeProtocolServer (SCMDatanodeProtocolServer.java:stop(367)) - Stopping the RPC server for DataNodes
2019-10-03 02:16:50,129 [Thread-1532] INFO  ipc.Server (Server.java:stop(3082)) - Stopping server on 37515
2019-10-03 02:16:50,131 [IPC Server listener on 37515] INFO  ipc.Server (Server.java:run(1185)) - Stopping IPC Server listener on 37515
2019-10-03 02:16:50,131 [IPC Server Responder] INFO  ipc.Server (Server.java:run(1319)) - Stopping IPC Server Responder
2019-10-03 02:16:50,211 [SCM Heartbeat Processing Thread - 0] WARN  node.NodeStateManager (NodeStateManager.java:scheduleNextHealthCheck(646)) - Current Thread is interrupted, shutting down HB processing thread for Node Manager.
2019-10-03 02:16:50,211 [Thread-1532] INFO  server.StorageContainerManager (StorageContainerManager.java:stop(830)) - Stopping block service RPC server
2019-10-03 02:16:50,212 [Thread-1532] INFO  server.SCMBlockProtocolServer (SCMBlockProtocolServer.java:stop(155)) - Stopping the RPC server for Block Protocol
2019-10-03 02:16:50,212 [Thread-1532] INFO  ipc.Server (Server.java:stop(3082)) - Stopping server on 35737
2019-10-03 02:16:50,214 [IPC Server listener on 35737] INFO  ipc.Server (Server.java:run(1185)) - Stopping IPC Server listener on 35737
2019-10-03 02:16:50,214 [IPC Server Responder] INFO  ipc.Server (Server.java:run(1319)) - Stopping IPC Server Responder
2019-10-03 02:16:50,214 [Thread-1532] INFO  server.StorageContainerManager (StorageContainerManager.java:stop(837)) - Stopping the StorageContainerLocationProtocol RPC server
2019-10-03 02:16:50,216 [Thread-1532] INFO  server.SCMClientProtocolServer (SCMClientProtocolServer.java:stop(158)) - Stopping the RPC server for Client Protocol
2019-10-03 02:16:50,216 [Thread-1532] INFO  ipc.Server (Server.java:stop(3082)) - Stopping server on 34265
2019-10-03 02:16:50,218 [IPC Server listener on 34265] INFO  ipc.Server (Server.java:run(1185)) - Stopping IPC Server listener on 34265
2019-10-03 02:16:50,219 [IPC Server Responder] INFO  ipc.Server (Server.java:run(1319)) - Stopping IPC Server Responder
2019-10-03 02:16:50,218 [Thread-1532] INFO  server.StorageContainerManager (StorageContainerManager.java:stop(844)) - Stopping Storage Container Manager HTTP server.
2019-10-03 02:16:50,222 [Thread-1532] INFO  handler.ContextHandler (ContextHandler.java:doStop(910)) - Stopped o.e.j.w.WebAppContext@6d5e8c0e{/,null,UNAVAILABLE}{/scm}
2019-10-03 02:16:50,223 [Thread-1532] INFO  server.AbstractConnector (AbstractConnector.java:doStop(318)) - Stopped ServerConnector@102ea5b4{HTTP/1.1,[http/1.1]}{0.0.0.0:0}
2019-10-03 02:16:50,223 [Thread-1532] INFO  handler.ContextHandler (ContextHandler.java:doStop(910)) - Stopped o.e.j.s.ServletContextHandler@66ceda{/static,jar:file:/home/user/.m2/repository/org/apache/hadoop/hadoop-hdds-server-scm/0.5.0-SNAPSHOT/hadoop-hdds-server-scm-0.5.0-SNAPSHOT.jar!/webapps/static,UNAVAILABLE}
2019-10-03 02:16:50,224 [Thread-1532] INFO  handler.ContextHandler (ContextHandler.java:doStop(910)) - Stopped o.e.j.s.ServletContextHandler@32db806{/logs,file:///workdir/hadoop-ozone/ozonefs/target/log,UNAVAILABLE}
2019-10-03 02:16:50,224 [Thread-1532] INFO  server.StorageContainerManager (StorageContainerManager.java:stop(855)) - Stopping Block Manager Service.
2019-10-03 02:16:50,225 [Thread-1532] INFO  utils.BackgroundService (BackgroundService.java:shutdown(148)) - Shutting down service SCMBlockDeletingService
2019-10-03 02:16:50,225 [Thread-1532] INFO  utils.BackgroundService (BackgroundService.java:shutdown(148)) - Shutting down service SCMBlockDeletingService
2019-10-03 02:16:50,225 [Thread-1532] INFO  server.StorageContainerManager (StorageContainerManager.java:stop(877)) - Stopping SCM Event Queue.
2019-10-03 02:16:50,231 [Thread-1532] INFO  impl.MetricsSystemImpl (MetricsSystemImpl.java:stop(210)) - Stopping HddsDatanode metrics system...
2019-10-03 02:16:50,241 [Thread-1532] INFO  impl.MetricsSystemImpl (MetricsSystemImpl.java:stop(216)) - HddsDatanode metrics system stopped.
]]></system-out>
  </testcase>
</testsuite>