<?xml version="1.0" encoding="UTF-8"?>
<testsuite xmlns:xsi="http://www.w3.org/2001/XMLSchema-instance" xsi:noNamespaceSchemaLocation="https://maven.apache.org/surefire/maven-surefire-plugin/xsd/surefire-test-report.xsd" name="org.apache.hadoop.ozone.client.rpc.TestWatchForCommit" time="249.79" tests="5" errors="1" skipped="0" failures="1">
  <properties>
    <property name="awt.toolkit" value="sun.awt.X11.XToolkit"/>
    <property name="file.encoding.pkg" value="sun.io"/>
    <property name="java.specification.version" value="1.8"/>
    <property name="sun.cpu.isalist" value=""/>
    <property name="sun.jnu.encoding" value="UTF-8"/>
    <property name="java.class.path" value="/workdir/hadoop-ozone/integration-test/target/test-classes:/workdir/hadoop-ozone/integration-test/target/classes:/home/user/.m2/repository/org/apache/hadoop/hadoop-ozone-common/0.5.0-SNAPSHOT/hadoop-ozone-common-0.5.0-SNAPSHOT.jar:/home/user/.m2/repository/org/apache/commons/commons-compress/1.4.1/commons-compress-1.4.1.jar:/home/user/.m2/repository/org/tukaani/xz/1.0/xz-1.0.jar:/home/user/.m2/repository/org/apache/hadoop/hadoop-common/3.2.0/hadoop-common-3.2.0.jar:/home/user/.m2/repository/org/apache/hadoop/hadoop-hdfs/3.2.0/hadoop-hdfs-3.2.0.jar:/home/user/.m2/repository/org/apache/hadoop/hadoop-hdfs-client/3.2.0/hadoop-hdfs-client-3.2.0.jar:/home/user/.m2/repository/com/fasterxml/jackson/core/jackson-annotations/2.9.9/jackson-annotations-2.9.9.jar:/home/user/.m2/repository/org/apache/hadoop/hadoop-hdds-common/0.5.0-SNAPSHOT/hadoop-hdds-common-0.5.0-SNAPSHOT.jar:/home/user/.m2/repository/javax/annotation/javax.annotation-api/1.2/javax.annotation-api-1.2.jar:/home/user/.m2/repository/org/apache/ratis/ratis-server/0.5.0-201fc85-SNAPSHOT/ratis-server-0.5.0-201fc85-SNAPSHOT.jar:/home/user/.m2/repository/org/apache/ratis/ratis-thirdparty-misc/0.2.0/ratis-thirdparty-misc-0.2.0.jar:/home/user/.m2/repository/org/apache/ratis/ratis-proto/0.5.0-201fc85-SNAPSHOT/ratis-proto-0.5.0-201fc85-SNAPSHOT.jar:/home/user/.m2/repository/org/apache/ratis/ratis-common/0.5.0-201fc85-SNAPSHOT/ratis-common-0.5.0-201fc85-SNAPSHOT.jar:/home/user/.m2/repository/org/apache/ratis/ratis-client/0.5.0-201fc85-SNAPSHOT/ratis-client-0.5.0-201fc85-SNAPSHOT.jar:/home/user/.m2/repository/org/apache/ratis/ratis-metrics/0.5.0-201fc85-SNAPSHOT/ratis-metrics-0.5.0-201fc85-SNAPSHOT.jar:/home/user/.m2/repository/com/github/joshelser/dropwizard-metrics-hadoop-metrics2-reporter/0.1.2/dropwizard-metrics-hadoop-metrics2-reporter-0.1.2.jar:/home/user/.m2/repository/io/dropwizard/metrics/metrics-jvm/3.2.5/metrics-jvm-3.2.5.jar:/home/user/.m2/repository/io/dropwizard/metrics/metrics-ganglia/3.2.5/metrics-ganglia-3.2.5.jar:/home/user/.m2/repository/info/ganglia/gmetric4j/gmetric4j/1.0.7/gmetric4j-1.0.7.jar:/home/user/.m2/repository/org/apache/ratis/ratis-netty/0.5.0-201fc85-SNAPSHOT/ratis-netty-0.5.0-201fc85-SNAPSHOT.jar:/home/user/.m2/repository/org/apache/ratis/ratis-grpc/0.5.0-201fc85-SNAPSHOT/ratis-grpc-0.5.0-201fc85-SNAPSHOT.jar:/home/user/.m2/repository/org/rocksdb/rocksdbjni/6.0.1/rocksdbjni-6.0.1.jar:/home/user/.m2/repository/org/apache/logging/log4j/log4j-api/2.11.0/log4j-api-2.11.0.jar:/home/user/.m2/repository/org/apache/logging/log4j/log4j-core/2.11.0/log4j-core-2.11.0.jar:/home/user/.m2/repository/com/lmax/disruptor/3.4.2/disruptor-3.4.2.jar:/home/user/.m2/repository/org/apache/commons/commons-pool2/2.6.0/commons-pool2-2.6.0.jar:/home/user/.m2/repository/org/bouncycastle/bcpkix-jdk15on/1.60/bcpkix-jdk15on-1.60.jar:/home/user/.m2/repository/commons-validator/commons-validator/1.6/commons-validator-1.6.jar:/home/user/.m2/repository/commons-digester/commons-digester/1.8.1/commons-digester-1.8.1.jar:/home/user/.m2/repository/io/jaegertracing/jaeger-client/0.34.0/jaeger-client-0.34.0.jar:/home/user/.m2/repository/io/jaegertracing/jaeger-thrift/0.34.0/jaeger-thrift-0.34.0.jar:/home/user/.m2/repository/org/apache/thrift/libthrift/0.12.0/libthrift-0.12.0.jar:/home/user/.m2/repository/com/squareup/okhttp3/okhttp/3.9.0/okhttp-3.9.0.jar:/home/user/.m2/repository/com/squareup/okio/okio/1.13.0/okio-1.13.0.jar:/home/user/.m2/repository/io/jaegertracing/jaeger-core/0.34.0/jaeger-core-0.34.0.jar:/home/user/.m2/repository/io/jaegertracing/jaeger-tracerresolver/0.34.0/jaeger-tracerresolver-0.34.0.jar:/home/user/.m2/repository/io/opentracing/contrib/opentracing-tracerresolver/0.1.5/opentracing-tracerresolver-0.1.5.jar:/home/user/.m2/repository/io/opentracing/opentracing-util/0.31.0/opentracing-util-0.31.0.jar:/home/user/.m2/repository/io/opentracing/opentracing-api/0.31.0/opentracing-api-0.31.0.jar:/home/user/.m2/repository/io/opentracing/opentracing-noop/0.31.0/opentracing-noop-0.31.0.jar:/home/user/.m2/repository/org/apache/hadoop/hadoop-hdds-server-framework/0.5.0-SNAPSHOT/hadoop-hdds-server-framework-0.5.0-SNAPSHOT.jar:/home/user/.m2/repository/org/apache/hadoop/hadoop-hdds-container-service/0.5.0-SNAPSHOT/hadoop-hdds-container-service-0.5.0-SNAPSHOT.jar:/home/user/.m2/repository/org/apache/hadoop/hadoop-hdds-client/0.5.0-SNAPSHOT/hadoop-hdds-client-0.5.0-SNAPSHOT.jar:/home/user/.m2/repository/org/apache/hadoop/hadoop-hdds-tools/0.5.0-SNAPSHOT/hadoop-hdds-tools-0.5.0-SNAPSHOT.jar:/home/user/.m2/repository/org/apache/hadoop/hadoop-hdds-server-scm/0.5.0-SNAPSHOT/hadoop-hdds-server-scm-0.5.0-SNAPSHOT.jar:/home/user/.m2/repository/org/apache/hadoop/hadoop-hdds-docs/0.5.0-SNAPSHOT/hadoop-hdds-docs-0.5.0-SNAPSHOT.jar:/home/user/.m2/repository/io/dropwizard/metrics/metrics-core/3.2.4/metrics-core-3.2.4.jar:/home/user/.m2/repository/org/hamcrest/hamcrest-all/1.3/hamcrest-all-1.3.jar:/home/user/.m2/repository/org/bouncycastle/bcprov-jdk15on/1.60/bcprov-jdk15on-1.60.jar:/home/user/.m2/repository/info/picocli/picocli/3.9.6/picocli-3.9.6.jar:/home/user/.m2/repository/com/google/protobuf/protobuf-java/2.5.0/protobuf-java-2.5.0.jar:/home/user/.m2/repository/com/google/guava/guava/11.0.2/guava-11.0.2.jar:/home/user/.m2/repository/org/apache/hadoop/hadoop-ozone-ozone-manager/0.5.0-SNAPSHOT/hadoop-ozone-ozone-manager-0.5.0-SNAPSHOT.jar:/home/user/.m2/repository/org/apache/hadoop/hadoop-minikdc/3.2.0/hadoop-minikdc-3.2.0.jar:/home/user/.m2/repository/commons-io/commons-io/2.5/commons-io-2.5.jar:/home/user/.m2/repository/org/apache/kerby/kerb-simplekdc/1.0.1/kerb-simplekdc-1.0.1.jar:/home/user/.m2/repository/org/apache/kerby/kerb-client/1.0.1/kerb-client-1.0.1.jar:/home/user/.m2/repository/org/apache/kerby/kerby-config/1.0.1/kerby-config-1.0.1.jar:/home/user/.m2/repository/org/apache/kerby/kerb-core/1.0.1/kerb-core-1.0.1.jar:/home/user/.m2/repository/org/apache/kerby/kerby-pkix/1.0.1/kerby-pkix-1.0.1.jar:/home/user/.m2/repository/org/apache/kerby/kerby-asn1/1.0.1/kerby-asn1-1.0.1.jar:/home/user/.m2/repository/org/apache/kerby/kerby-util/1.0.1/kerby-util-1.0.1.jar:/home/user/.m2/repository/org/apache/kerby/kerb-common/1.0.1/kerb-common-1.0.1.jar:/home/user/.m2/repository/org/apache/kerby/kerb-crypto/1.0.1/kerb-crypto-1.0.1.jar:/home/user/.m2/repository/org/apache/kerby/kerb-util/1.0.1/kerb-util-1.0.1.jar:/home/user/.m2/repository/org/apache/kerby/token-provider/1.0.1/token-provider-1.0.1.jar:/home/user/.m2/repository/org/apache/kerby/kerb-admin/1.0.1/kerb-admin-1.0.1.jar:/home/user/.m2/repository/org/apache/kerby/kerb-server/1.0.1/kerb-server-1.0.1.jar:/home/user/.m2/repository/org/apache/kerby/kerb-identity/1.0.1/kerb-identity-1.0.1.jar:/home/user/.m2/repository/org/apache/kerby/kerby-xdr/1.0.1/kerby-xdr-1.0.1.jar:/home/user/.m2/repository/org/slf4j/slf4j-log4j12/1.7.25/slf4j-log4j12-1.7.25.jar:/home/user/.m2/repository/org/apache/hadoop/hadoop-ozone-s3gateway/0.5.0-SNAPSHOT/hadoop-ozone-s3gateway-0.5.0-SNAPSHOT.jar:/home/user/.m2/repository/org/jboss/weld/servlet/weld-servlet/2.4.7.Final/weld-servlet-2.4.7.Final.jar:/home/user/.m2/repository/org/glassfish/jersey/containers/jersey-container-servlet-core/2.27/jersey-container-servlet-core-2.27.jar:/home/user/.m2/repository/org/glassfish/hk2/external/javax.inject/2.5.0-b42/javax.inject-2.5.0-b42.jar:/home/user/.m2/repository/org/glassfish/jersey/core/jersey-common/2.27/jersey-common-2.27.jar:/home/user/.m2/repository/org/glassfish/hk2/osgi-resource-locator/1.0.1/osgi-resource-locator-1.0.1.jar:/home/user/.m2/repository/javax/ws/rs/javax.ws.rs-api/2.1/javax.ws.rs-api-2.1.jar:/home/user/.m2/repository/org/glassfish/jersey/ext/cdi/jersey-cdi1x/2.27/jersey-cdi1x-2.27.jar:/home/user/.m2/repository/org/glassfish/jersey/inject/jersey-hk2/2.27/jersey-hk2-2.27.jar:/home/user/.m2/repository/org/glassfish/hk2/hk2-locator/2.5.0-b42/hk2-locator-2.5.0-b42.jar:/home/user/.m2/repository/org/javassist/javassist/3.22.0-CR2/javassist-3.22.0-CR2.jar:/home/user/.m2/repository/org/glassfish/hk2/hk2-api/2.5.0/hk2-api-2.5.0.jar:/home/user/.m2/repository/org/glassfish/hk2/external/jakarta.inject/2.5.0/jakarta.inject-2.5.0.jar:/home/user/.m2/repository/org/glassfish/hk2/hk2-utils/2.5.0/hk2-utils-2.5.0.jar:/home/user/.m2/repository/jakarta/annotation/jakarta.annotation-api/1.3.4/jakarta.annotation-api-1.3.4.jar:/home/user/.m2/repository/org/glassfish/hk2/external/aopalliance-repackaged/2.5.0/aopalliance-repackaged-2.5.0.jar:/home/user/.m2/repository/com/fasterxml/jackson/dataformat/jackson-dataformat-xml/2.9.0/jackson-dataformat-xml-2.9.0.jar:/home/user/.m2/repository/com/fasterxml/jackson/core/jackson-core/2.9.9/jackson-core-2.9.9.jar:/home/user/.m2/repository/com/fasterxml/jackson/module/jackson-module-jaxb-annotations/2.9.9/jackson-module-jaxb-annotations-2.9.9.jar:/home/user/.m2/repository/javax/enterprise/cdi-api/1.2/cdi-api-1.2.jar:/home/user/.m2/repository/javax/el/javax.el-api/3.0.0/javax.el-api-3.0.0.jar:/home/user/.m2/repository/javax/interceptor/javax.interceptor-api/1.2/javax.interceptor-api-1.2.jar:/home/user/.m2/repository/javax/inject/javax.inject/1/javax.inject-1.jar:/home/user/.m2/repository/com/sun/xml/bind/jaxb-impl/2.3.0.1/jaxb-impl-2.3.0.1.jar:/home/user/.m2/repository/com/sun/xml/bind/jaxb-core/2.3.0.1/jaxb-core-2.3.0.1.jar:/home/user/.m2/repository/javax/xml/bind/jaxb-api/2.3.0/jaxb-api-2.3.0.jar:/home/user/.m2/repository/javax/activation/activation/1.1.1/activation-1.1.1.jar:/home/user/.m2/repository/org/apache/hadoop/hadoop-ozone-csi/0.5.0-SNAPSHOT/hadoop-ozone-csi-0.5.0-SNAPSHOT.jar:/home/user/.m2/repository/com/google/protobuf/protobuf-java-util/3.5.1/protobuf-java-util-3.5.1.jar:/home/user/.m2/repository/org/apache/hadoop/hadoop-hdds-config/0.5.0-SNAPSHOT/hadoop-hdds-config-0.5.0-SNAPSHOT.jar:/home/user/.m2/repository/io/grpc/grpc-netty/1.17.1/grpc-netty-1.17.1.jar:/home/user/.m2/repository/io/grpc/grpc-core/1.17.1/grpc-core-1.17.1.jar:/home/user/.m2/repository/io/grpc/grpc-context/1.17.1/grpc-context-1.17.1.jar:/home/user/.m2/repository/com/google/errorprone/error_prone_annotations/2.2.0/error_prone_annotations-2.2.0.jar:/home/user/.m2/repository/org/codehaus/mojo/animal-sniffer-annotations/1.17/animal-sniffer-annotations-1.17.jar:/home/user/.m2/repository/io/opencensus/opencensus-api/0.17.0/opencensus-api-0.17.0.jar:/home/user/.m2/repository/io/opencensus/opencensus-contrib-grpc-metrics/0.17.0/opencensus-contrib-grpc-metrics-0.17.0.jar:/home/user/.m2/repository/io/netty/netty-codec-http2/4.1.30.Final/netty-codec-http2-4.1.30.Final.jar:/home/user/.m2/repository/io/netty/netty-codec-http/4.1.30.Final/netty-codec-http-4.1.30.Final.jar:/home/user/.m2/repository/io/netty/netty-codec/4.1.30.Final/netty-codec-4.1.30.Final.jar:/home/user/.m2/repository/io/netty/netty-handler/4.1.30.Final/netty-handler-4.1.30.Final.jar:/home/user/.m2/repository/io/netty/netty-handler-proxy/4.1.30.Final/netty-handler-proxy-4.1.30.Final.jar:/home/user/.m2/repository/io/netty/netty-codec-socks/4.1.30.Final/netty-codec-socks-4.1.30.Final.jar:/home/user/.m2/repository/io/netty/netty-transport-native-epoll/4.1.30.Final/netty-transport-native-epoll-4.1.30.Final.jar:/home/user/.m2/repository/io/netty/netty-common/4.1.30.Final/netty-common-4.1.30.Final.jar:/home/user/.m2/repository/io/netty/netty-buffer/4.1.30.Final/netty-buffer-4.1.30.Final.jar:/home/user/.m2/repository/io/netty/netty-transport/4.1.30.Final/netty-transport-4.1.30.Final.jar:/home/user/.m2/repository/io/netty/netty-resolver/4.1.30.Final/netty-resolver-4.1.30.Final.jar:/home/user/.m2/repository/io/netty/netty-transport-native-unix-common/4.1.30.Final/netty-transport-native-unix-common-4.1.30.Final.jar:/home/user/.m2/repository/io/grpc/grpc-protobuf/1.17.1/grpc-protobuf-1.17.1.jar:/home/user/.m2/repository/com/google/api/grpc/proto-google-common-protos/1.0.0/proto-google-common-protos-1.0.0.jar:/home/user/.m2/repository/io/grpc/grpc-protobuf-lite/1.17.1/grpc-protobuf-lite-1.17.1.jar:/home/user/.m2/repository/io/grpc/grpc-stub/1.17.1/grpc-stub-1.17.1.jar:/home/user/.m2/repository/org/apache/hadoop/hadoop-ozone-recon/0.5.0-SNAPSHOT/hadoop-ozone-recon-0.5.0-SNAPSHOT.jar:/home/user/.m2/repository/org/apache/hadoop/hadoop-ozone-reconcodegen/0.5.0-SNAPSHOT/hadoop-ozone-reconcodegen-0.5.0-SNAPSHOT.jar:/home/user/.m2/repository/com/google/inject/extensions/guice-multibindings/4.0/guice-multibindings-4.0.jar:/home/user/.m2/repository/com/google/inject/guice/4.0/guice-4.0.jar:/home/user/.m2/repository/aopalliance/aopalliance/1.0/aopalliance-1.0.jar:/home/user/.m2/repository/com/google/inject/extensions/guice-servlet/4.0/guice-servlet-4.0.jar:/home/user/.m2/repository/org/glassfish/jersey/containers/jersey-container-servlet/2.27/jersey-container-servlet-2.27.jar:/home/user/.m2/repository/org/glassfish/hk2/guice-bridge/2.5.0/guice-bridge-2.5.0.jar:/home/user/.m2/repository/org/glassfish/jersey/core/jersey-server/2.27/jersey-server-2.27.jar:/home/user/.m2/repository/org/glassfish/jersey/core/jersey-client/2.27/jersey-client-2.27.jar:/home/user/.m2/repository/org/glassfish/jersey/media/jersey-media-jaxb/2.27/jersey-media-jaxb-2.27.jar:/home/user/.m2/repository/javax/validation/validation-api/1.1.0.Final/validation-api-1.1.0.Final.jar:/home/user/.m2/repository/org/glassfish/jersey/media/jersey-media-json-jackson/2.27/jersey-media-json-jackson-2.27.jar:/home/user/.m2/repository/org/glassfish/jersey/ext/jersey-entity-filtering/2.27/jersey-entity-filtering-2.27.jar:/home/user/.m2/repository/com/google/inject/extensions/guice-assistedinject/4.0/guice-assistedinject-4.0.jar:/home/user/.m2/repository/org/jooq/jooq/3.11.10/jooq-3.11.10.jar:/home/user/.m2/repository/org/jooq/jooq-meta/3.11.10/jooq-meta-3.11.10.jar:/home/user/.m2/repository/org/jooq/jooq-codegen/3.11.10/jooq-codegen-3.11.10.jar:/home/user/.m2/repository/com/jolbox/bonecp/0.8.0.RELEASE/bonecp-0.8.0.RELEASE.jar:/home/user/.m2/repository/org/xerial/sqlite-jdbc/3.25.2/sqlite-jdbc-3.25.2.jar:/home/user/.m2/repository/org/springframework/spring-jdbc/5.1.3.RELEASE/spring-jdbc-5.1.3.RELEASE.jar:/home/user/.m2/repository/org/springframework/spring-beans/5.1.3.RELEASE/spring-beans-5.1.3.RELEASE.jar:/home/user/.m2/repository/org/springframework/spring-core/5.1.3.RELEASE/spring-core-5.1.3.RELEASE.jar:/home/user/.m2/repository/org/springframework/spring-jcl/5.1.3.RELEASE/spring-jcl-5.1.3.RELEASE.jar:/home/user/.m2/repository/org/springframework/spring-tx/5.1.3.RELEASE/spring-tx-5.1.3.RELEASE.jar:/home/user/.m2/repository/org/apache/hadoop/hadoop-ozone-client/0.5.0-SNAPSHOT/hadoop-ozone-client-0.5.0-SNAPSHOT.jar:/home/user/.m2/repository/commons-lang/commons-lang/2.6/commons-lang-2.6.jar:/home/user/.m2/repository/org/apache/hadoop/hadoop-ozone-ozone-manager/0.5.0-SNAPSHOT/hadoop-ozone-ozone-manager-0.5.0-SNAPSHOT-tests.jar:/home/user/.m2/repository/junit/junit/4.11/junit-4.11.jar:/home/user/.m2/repository/org/hamcrest/hamcrest-core/1.3/hamcrest-core-1.3.jar:/home/user/.m2/repository/org/openjdk/jmh/jmh-core/1.19/jmh-core-1.19.jar:/home/user/.m2/repository/net/sf/jopt-simple/jopt-simple/4.6/jopt-simple-4.6.jar:/home/user/.m2/repository/org/apache/commons/commons-math3/3.1.1/commons-math3-3.1.1.jar:/home/user/.m2/repository/org/openjdk/jmh/jmh-generator-annprocess/1.19/jmh-generator-annprocess-1.19.jar:/home/user/.m2/repository/org/mockito/mockito-all/1.8.5/mockito-all-1.8.5.jar:/home/user/.m2/repository/org/apache/hadoop/hadoop-kms/3.2.0/hadoop-kms-3.2.0.jar:/home/user/.m2/repository/org/apache/hadoop/hadoop-auth/3.2.0/hadoop-auth-3.2.0.jar:/home/user/.m2/repository/com/nimbusds/nimbus-jose-jwt/4.41.1/nimbus-jose-jwt-4.41.1.jar:/home/user/.m2/repository/com/github/stephenc/jcip/jcip-annotations/1.0-1/jcip-annotations-1.0-1.jar:/home/user/.m2/repository/net/minidev/json-smart/2.3/json-smart-2.3.jar:/home/user/.m2/repository/net/minidev/accessors-smart/1.2/accessors-smart-1.2.jar:/home/user/.m2/repository/org/ow2/asm/asm/5.0.4/asm-5.0.4.jar:/home/user/.m2/repository/org/apache/curator/curator-framework/2.12.0/curator-framework-2.12.0.jar:/home/user/.m2/repository/com/sun/jersey/jersey-core/1.19/jersey-core-1.19.jar:/home/user/.m2/repository/javax/ws/rs/jsr311-api/1.1.1/jsr311-api-1.1.1.jar:/home/user/.m2/repository/com/sun/jersey/jersey-server/1.19/jersey-server-1.19.jar:/home/user/.m2/repository/javax/servlet/javax.servlet-api/3.1.0/javax.servlet-api-3.1.0.jar:/home/user/.m2/repository/org/eclipse/jetty/jetty-server/9.3.25.v20180904/jetty-server-9.3.25.v20180904.jar:/home/user/.m2/repository/org/eclipse/jetty/jetty-http/9.3.25.v20180904/jetty-http-9.3.25.v20180904.jar:/home/user/.m2/repository/org/eclipse/jetty/jetty-io/9.3.25.v20180904/jetty-io-9.3.25.v20180904.jar:/home/user/.m2/repository/org/eclipse/jetty/jetty-webapp/9.3.25.v20180904/jetty-webapp-9.3.25.v20180904.jar:/home/user/.m2/repository/org/eclipse/jetty/jetty-xml/9.3.25.v20180904/jetty-xml-9.3.25.v20180904.jar:/home/user/.m2/repository/log4j/log4j/1.2.17/log4j-1.2.17.jar:/home/user/.m2/repository/org/slf4j/slf4j-api/1.7.25/slf4j-api-1.7.25.jar:/home/user/.m2/repository/org/slf4j/jul-to-slf4j/1.7.25/jul-to-slf4j-1.7.25.jar:/home/user/.m2/repository/org/eclipse/jetty/jetty-util/9.3.25.v20180904/jetty-util-9.3.25.v20180904.jar:/home/user/.m2/repository/com/fasterxml/jackson/core/jackson-databind/2.9.9/jackson-databind-2.9.9.jar:/home/user/.m2/repository/org/apache/hadoop/hadoop-kms/3.2.0/hadoop-kms-3.2.0-tests.jar:/home/user/.m2/repository/org/apache/hadoop/hadoop-hdds-server-scm/0.5.0-SNAPSHOT/hadoop-hdds-server-scm-0.5.0-SNAPSHOT-tests.jar:/home/user/.m2/repository/org/apache/hadoop/hadoop-hdds-container-service/0.5.0-SNAPSHOT/hadoop-hdds-container-service-0.5.0-SNAPSHOT-tests.jar:/home/user/.m2/repository/org/yaml/snakeyaml/1.16/snakeyaml-1.16.jar:/home/user/.m2/repository/org/apache/hadoop/hadoop-common/3.2.0/hadoop-common-3.2.0-tests.jar:/home/user/.m2/repository/org/apache/hadoop/hadoop-annotations/3.2.0/hadoop-annotations-3.2.0.jar:/usr/lib/jvm/java-1.8-openjdk/jre/../lib/tools.jar:/home/user/.m2/repository/commons-cli/commons-cli/1.2/commons-cli-1.2.jar:/home/user/.m2/repository/org/apache/httpcomponents/httpclient/4.5.2/httpclient-4.5.2.jar:/home/user/.m2/repository/org/apache/httpcomponents/httpcore/4.4.4/httpcore-4.4.4.jar:/home/user/.m2/repository/commons-codec/commons-codec/1.11/commons-codec-1.11.jar:/home/user/.m2/repository/commons-net/commons-net/3.6/commons-net-3.6.jar:/home/user/.m2/repository/commons-collections/commons-collections/3.2.2/commons-collections-3.2.2.jar:/home/user/.m2/repository/org/eclipse/jetty/jetty-servlet/9.3.25.v20180904/jetty-servlet-9.3.25.v20180904.jar:/home/user/.m2/repository/org/eclipse/jetty/jetty-security/9.3.25.v20180904/jetty-security-9.3.25.v20180904.jar:/home/user/.m2/repository/javax/servlet/jsp/jsp-api/2.1/jsp-api-2.1.jar:/home/user/.m2/repository/com/sun/jersey/jersey-servlet/1.19/jersey-servlet-1.19.jar:/home/user/.m2/repository/com/sun/jersey/jersey-json/1.19/jersey-json-1.19.jar:/home/user/.m2/repository/org/codehaus/jettison/jettison/1.1/jettison-1.1.jar:/home/user/.m2/repository/org/codehaus/jackson/jackson-core-asl/1.9.13/jackson-core-asl-1.9.13.jar:/home/user/.m2/repository/org/codehaus/jackson/jackson-mapper-asl/1.9.13/jackson-mapper-asl-1.9.13.jar:/home/user/.m2/repository/org/codehaus/jackson/jackson-jaxrs/1.9.13/jackson-jaxrs-1.9.13.jar:/home/user/.m2/repository/org/codehaus/jackson/jackson-xc/1.9.13/jackson-xc-1.9.13.jar:/home/user/.m2/repository/commons-logging/commons-logging/1.1.3/commons-logging-1.1.3.jar:/home/user/.m2/repository/commons-beanutils/commons-beanutils/1.9.4/commons-beanutils-1.9.4.jar:/home/user/.m2/repository/org/apache/commons/commons-configuration2/2.1.1/commons-configuration2-2.1.1.jar:/home/user/.m2/repository/org/apache/commons/commons-lang3/3.7/commons-lang3-3.7.jar:/home/user/.m2/repository/org/apache/commons/commons-text/1.4/commons-text-1.4.jar:/home/user/.m2/repository/org/apache/avro/avro/1.7.7/avro-1.7.7.jar:/home/user/.m2/repository/com/thoughtworks/paranamer/paranamer/2.3/paranamer-2.3.jar:/home/user/.m2/repository/org/xerial/snappy/snappy-java/1.0.5/snappy-java-1.0.5.jar:/home/user/.m2/repository/com/google/re2j/re2j/1.1/re2j-1.1.jar:/home/user/.m2/repository/com/google/code/gson/gson/2.2.4/gson-2.2.4.jar:/home/user/.m2/repository/com/jcraft/jsch/0.1.54/jsch-0.1.54.jar:/home/user/.m2/repository/org/apache/curator/curator-client/2.12.0/curator-client-2.12.0.jar:/home/user/.m2/repository/org/apache/curator/curator-recipes/2.12.0/curator-recipes-2.12.0.jar:/home/user/.m2/repository/com/google/code/findbugs/jsr305/3.0.0/jsr305-3.0.0.jar:/home/user/.m2/repository/org/apache/htrace/htrace-core4/4.1.0-incubating/htrace-core4-4.1.0-incubating.jar:/home/user/.m2/repository/org/apache/zookeeper/zookeeper/3.4.13/zookeeper-3.4.13.jar:/home/user/.m2/repository/jline/jline/0.9.94/jline-0.9.94.jar:/home/user/.m2/repository/org/apache/yetus/audience-annotations/0.5.0/audience-annotations-0.5.0.jar:/home/user/.m2/repository/org/codehaus/woodstox/stax2-api/3.1.4/stax2-api-3.1.4.jar:/home/user/.m2/repository/com/fasterxml/woodstox/woodstox-core/5.0.3/woodstox-core-5.0.3.jar:/home/user/.m2/repository/dnsjava/dnsjava/2.1.7/dnsjava-2.1.7.jar:/home/user/.m2/repository/org/apache/hadoop/hadoop-hdfs/3.2.0/hadoop-hdfs-3.2.0-tests.jar:/home/user/.m2/repository/org/eclipse/jetty/jetty-util-ajax/9.3.25.v20180904/jetty-util-ajax-9.3.25.v20180904.jar:/home/user/.m2/repository/commons-daemon/commons-daemon/1.0.13/commons-daemon-1.0.13.jar:/home/user/.m2/repository/io/netty/netty/3.10.5.Final/netty-3.10.5.Final.jar:/home/user/.m2/repository/io/netty/netty-all/4.0.52.Final/netty-all-4.0.52.Final.jar:/home/user/.m2/repository/org/fusesource/leveldbjni/leveldbjni-all/1.8/leveldbjni-all-1.8.jar:"/>
    <property name="java.vm.vendor" value="IcedTea"/>
    <property name="sun.arch.data.model" value="64"/>
    <property name="test.build.dir" value="/workdir/hadoop-ozone/integration-test/target/test-dir"/>
    <property name="test.cache.data" value=""/>
    <property name="java.vendor.url" value="https://icedtea.classpath.org"/>
    <property name="user.timezone" value=""/>
    <property name="java.vm.specification.version" value="1.8"/>
    <property name="os.name" value="Linux"/>
    <property name="test.build.data" value="/workdir/hadoop-ozone/integration-test/target/test-dir"/>
    <property name="user.country" value="US"/>
    <property name="sun.java.launcher" value="SUN_STANDARD"/>
    <property name="sun.boot.library.path" value="/usr/lib/jvm/java-1.8-openjdk/jre/lib/amd64"/>
    <property name="sun.java.command" value="/workdir/hadoop-ozone/integration-test/target/surefire/surefirebooter6159052789490473363.jar /workdir/hadoop-ozone/integration-test/target/surefire 2019-10-04T02-01-45_558-jvmRun1 surefire3072510784928849433tmp surefire_543776324614608298349tmp"/>
    <property name="test" value="!TestMiniChaosOzoneCluster"/>
    <property name="surefire.test.class.path" value="/workdir/hadoop-ozone/integration-test/target/test-classes:/workdir/hadoop-ozone/integration-test/target/classes:/home/user/.m2/repository/org/apache/hadoop/hadoop-ozone-common/0.5.0-SNAPSHOT/hadoop-ozone-common-0.5.0-SNAPSHOT.jar:/home/user/.m2/repository/org/apache/commons/commons-compress/1.4.1/commons-compress-1.4.1.jar:/home/user/.m2/repository/org/tukaani/xz/1.0/xz-1.0.jar:/home/user/.m2/repository/org/apache/hadoop/hadoop-common/3.2.0/hadoop-common-3.2.0.jar:/home/user/.m2/repository/org/apache/hadoop/hadoop-hdfs/3.2.0/hadoop-hdfs-3.2.0.jar:/home/user/.m2/repository/org/apache/hadoop/hadoop-hdfs-client/3.2.0/hadoop-hdfs-client-3.2.0.jar:/home/user/.m2/repository/com/fasterxml/jackson/core/jackson-annotations/2.9.9/jackson-annotations-2.9.9.jar:/home/user/.m2/repository/org/apache/hadoop/hadoop-hdds-common/0.5.0-SNAPSHOT/hadoop-hdds-common-0.5.0-SNAPSHOT.jar:/home/user/.m2/repository/javax/annotation/javax.annotation-api/1.2/javax.annotation-api-1.2.jar:/home/user/.m2/repository/org/apache/ratis/ratis-server/0.5.0-201fc85-SNAPSHOT/ratis-server-0.5.0-201fc85-SNAPSHOT.jar:/home/user/.m2/repository/org/apache/ratis/ratis-thirdparty-misc/0.2.0/ratis-thirdparty-misc-0.2.0.jar:/home/user/.m2/repository/org/apache/ratis/ratis-proto/0.5.0-201fc85-SNAPSHOT/ratis-proto-0.5.0-201fc85-SNAPSHOT.jar:/home/user/.m2/repository/org/apache/ratis/ratis-common/0.5.0-201fc85-SNAPSHOT/ratis-common-0.5.0-201fc85-SNAPSHOT.jar:/home/user/.m2/repository/org/apache/ratis/ratis-client/0.5.0-201fc85-SNAPSHOT/ratis-client-0.5.0-201fc85-SNAPSHOT.jar:/home/user/.m2/repository/org/apache/ratis/ratis-metrics/0.5.0-201fc85-SNAPSHOT/ratis-metrics-0.5.0-201fc85-SNAPSHOT.jar:/home/user/.m2/repository/com/github/joshelser/dropwizard-metrics-hadoop-metrics2-reporter/0.1.2/dropwizard-metrics-hadoop-metrics2-reporter-0.1.2.jar:/home/user/.m2/repository/io/dropwizard/metrics/metrics-jvm/3.2.5/metrics-jvm-3.2.5.jar:/home/user/.m2/repository/io/dropwizard/metrics/metrics-ganglia/3.2.5/metrics-ganglia-3.2.5.jar:/home/user/.m2/repository/info/ganglia/gmetric4j/gmetric4j/1.0.7/gmetric4j-1.0.7.jar:/home/user/.m2/repository/org/apache/ratis/ratis-netty/0.5.0-201fc85-SNAPSHOT/ratis-netty-0.5.0-201fc85-SNAPSHOT.jar:/home/user/.m2/repository/org/apache/ratis/ratis-grpc/0.5.0-201fc85-SNAPSHOT/ratis-grpc-0.5.0-201fc85-SNAPSHOT.jar:/home/user/.m2/repository/org/rocksdb/rocksdbjni/6.0.1/rocksdbjni-6.0.1.jar:/home/user/.m2/repository/org/apache/logging/log4j/log4j-api/2.11.0/log4j-api-2.11.0.jar:/home/user/.m2/repository/org/apache/logging/log4j/log4j-core/2.11.0/log4j-core-2.11.0.jar:/home/user/.m2/repository/com/lmax/disruptor/3.4.2/disruptor-3.4.2.jar:/home/user/.m2/repository/org/apache/commons/commons-pool2/2.6.0/commons-pool2-2.6.0.jar:/home/user/.m2/repository/org/bouncycastle/bcpkix-jdk15on/1.60/bcpkix-jdk15on-1.60.jar:/home/user/.m2/repository/commons-validator/commons-validator/1.6/commons-validator-1.6.jar:/home/user/.m2/repository/commons-digester/commons-digester/1.8.1/commons-digester-1.8.1.jar:/home/user/.m2/repository/io/jaegertracing/jaeger-client/0.34.0/jaeger-client-0.34.0.jar:/home/user/.m2/repository/io/jaegertracing/jaeger-thrift/0.34.0/jaeger-thrift-0.34.0.jar:/home/user/.m2/repository/org/apache/thrift/libthrift/0.12.0/libthrift-0.12.0.jar:/home/user/.m2/repository/com/squareup/okhttp3/okhttp/3.9.0/okhttp-3.9.0.jar:/home/user/.m2/repository/com/squareup/okio/okio/1.13.0/okio-1.13.0.jar:/home/user/.m2/repository/io/jaegertracing/jaeger-core/0.34.0/jaeger-core-0.34.0.jar:/home/user/.m2/repository/io/jaegertracing/jaeger-tracerresolver/0.34.0/jaeger-tracerresolver-0.34.0.jar:/home/user/.m2/repository/io/opentracing/contrib/opentracing-tracerresolver/0.1.5/opentracing-tracerresolver-0.1.5.jar:/home/user/.m2/repository/io/opentracing/opentracing-util/0.31.0/opentracing-util-0.31.0.jar:/home/user/.m2/repository/io/opentracing/opentracing-api/0.31.0/opentracing-api-0.31.0.jar:/home/user/.m2/repository/io/opentracing/opentracing-noop/0.31.0/opentracing-noop-0.31.0.jar:/home/user/.m2/repository/org/apache/hadoop/hadoop-hdds-server-framework/0.5.0-SNAPSHOT/hadoop-hdds-server-framework-0.5.0-SNAPSHOT.jar:/home/user/.m2/repository/org/apache/hadoop/hadoop-hdds-container-service/0.5.0-SNAPSHOT/hadoop-hdds-container-service-0.5.0-SNAPSHOT.jar:/home/user/.m2/repository/org/apache/hadoop/hadoop-hdds-client/0.5.0-SNAPSHOT/hadoop-hdds-client-0.5.0-SNAPSHOT.jar:/home/user/.m2/repository/org/apache/hadoop/hadoop-hdds-tools/0.5.0-SNAPSHOT/hadoop-hdds-tools-0.5.0-SNAPSHOT.jar:/home/user/.m2/repository/org/apache/hadoop/hadoop-hdds-server-scm/0.5.0-SNAPSHOT/hadoop-hdds-server-scm-0.5.0-SNAPSHOT.jar:/home/user/.m2/repository/org/apache/hadoop/hadoop-hdds-docs/0.5.0-SNAPSHOT/hadoop-hdds-docs-0.5.0-SNAPSHOT.jar:/home/user/.m2/repository/io/dropwizard/metrics/metrics-core/3.2.4/metrics-core-3.2.4.jar:/home/user/.m2/repository/org/hamcrest/hamcrest-all/1.3/hamcrest-all-1.3.jar:/home/user/.m2/repository/org/bouncycastle/bcprov-jdk15on/1.60/bcprov-jdk15on-1.60.jar:/home/user/.m2/repository/info/picocli/picocli/3.9.6/picocli-3.9.6.jar:/home/user/.m2/repository/com/google/protobuf/protobuf-java/2.5.0/protobuf-java-2.5.0.jar:/home/user/.m2/repository/com/google/guava/guava/11.0.2/guava-11.0.2.jar:/home/user/.m2/repository/org/apache/hadoop/hadoop-ozone-ozone-manager/0.5.0-SNAPSHOT/hadoop-ozone-ozone-manager-0.5.0-SNAPSHOT.jar:/home/user/.m2/repository/org/apache/hadoop/hadoop-minikdc/3.2.0/hadoop-minikdc-3.2.0.jar:/home/user/.m2/repository/commons-io/commons-io/2.5/commons-io-2.5.jar:/home/user/.m2/repository/org/apache/kerby/kerb-simplekdc/1.0.1/kerb-simplekdc-1.0.1.jar:/home/user/.m2/repository/org/apache/kerby/kerb-client/1.0.1/kerb-client-1.0.1.jar:/home/user/.m2/repository/org/apache/kerby/kerby-config/1.0.1/kerby-config-1.0.1.jar:/home/user/.m2/repository/org/apache/kerby/kerb-core/1.0.1/kerb-core-1.0.1.jar:/home/user/.m2/repository/org/apache/kerby/kerby-pkix/1.0.1/kerby-pkix-1.0.1.jar:/home/user/.m2/repository/org/apache/kerby/kerby-asn1/1.0.1/kerby-asn1-1.0.1.jar:/home/user/.m2/repository/org/apache/kerby/kerby-util/1.0.1/kerby-util-1.0.1.jar:/home/user/.m2/repository/org/apache/kerby/kerb-common/1.0.1/kerb-common-1.0.1.jar:/home/user/.m2/repository/org/apache/kerby/kerb-crypto/1.0.1/kerb-crypto-1.0.1.jar:/home/user/.m2/repository/org/apache/kerby/kerb-util/1.0.1/kerb-util-1.0.1.jar:/home/user/.m2/repository/org/apache/kerby/token-provider/1.0.1/token-provider-1.0.1.jar:/home/user/.m2/repository/org/apache/kerby/kerb-admin/1.0.1/kerb-admin-1.0.1.jar:/home/user/.m2/repository/org/apache/kerby/kerb-server/1.0.1/kerb-server-1.0.1.jar:/home/user/.m2/repository/org/apache/kerby/kerb-identity/1.0.1/kerb-identity-1.0.1.jar:/home/user/.m2/repository/org/apache/kerby/kerby-xdr/1.0.1/kerby-xdr-1.0.1.jar:/home/user/.m2/repository/org/slf4j/slf4j-log4j12/1.7.25/slf4j-log4j12-1.7.25.jar:/home/user/.m2/repository/org/apache/hadoop/hadoop-ozone-s3gateway/0.5.0-SNAPSHOT/hadoop-ozone-s3gateway-0.5.0-SNAPSHOT.jar:/home/user/.m2/repository/org/jboss/weld/servlet/weld-servlet/2.4.7.Final/weld-servlet-2.4.7.Final.jar:/home/user/.m2/repository/org/glassfish/jersey/containers/jersey-container-servlet-core/2.27/jersey-container-servlet-core-2.27.jar:/home/user/.m2/repository/org/glassfish/hk2/external/javax.inject/2.5.0-b42/javax.inject-2.5.0-b42.jar:/home/user/.m2/repository/org/glassfish/jersey/core/jersey-common/2.27/jersey-common-2.27.jar:/home/user/.m2/repository/org/glassfish/hk2/osgi-resource-locator/1.0.1/osgi-resource-locator-1.0.1.jar:/home/user/.m2/repository/javax/ws/rs/javax.ws.rs-api/2.1/javax.ws.rs-api-2.1.jar:/home/user/.m2/repository/org/glassfish/jersey/ext/cdi/jersey-cdi1x/2.27/jersey-cdi1x-2.27.jar:/home/user/.m2/repository/org/glassfish/jersey/inject/jersey-hk2/2.27/jersey-hk2-2.27.jar:/home/user/.m2/repository/org/glassfish/hk2/hk2-locator/2.5.0-b42/hk2-locator-2.5.0-b42.jar:/home/user/.m2/repository/org/javassist/javassist/3.22.0-CR2/javassist-3.22.0-CR2.jar:/home/user/.m2/repository/org/glassfish/hk2/hk2-api/2.5.0/hk2-api-2.5.0.jar:/home/user/.m2/repository/org/glassfish/hk2/external/jakarta.inject/2.5.0/jakarta.inject-2.5.0.jar:/home/user/.m2/repository/org/glassfish/hk2/hk2-utils/2.5.0/hk2-utils-2.5.0.jar:/home/user/.m2/repository/jakarta/annotation/jakarta.annotation-api/1.3.4/jakarta.annotation-api-1.3.4.jar:/home/user/.m2/repository/org/glassfish/hk2/external/aopalliance-repackaged/2.5.0/aopalliance-repackaged-2.5.0.jar:/home/user/.m2/repository/com/fasterxml/jackson/dataformat/jackson-dataformat-xml/2.9.0/jackson-dataformat-xml-2.9.0.jar:/home/user/.m2/repository/com/fasterxml/jackson/core/jackson-core/2.9.9/jackson-core-2.9.9.jar:/home/user/.m2/repository/com/fasterxml/jackson/module/jackson-module-jaxb-annotations/2.9.9/jackson-module-jaxb-annotations-2.9.9.jar:/home/user/.m2/repository/javax/enterprise/cdi-api/1.2/cdi-api-1.2.jar:/home/user/.m2/repository/javax/el/javax.el-api/3.0.0/javax.el-api-3.0.0.jar:/home/user/.m2/repository/javax/interceptor/javax.interceptor-api/1.2/javax.interceptor-api-1.2.jar:/home/user/.m2/repository/javax/inject/javax.inject/1/javax.inject-1.jar:/home/user/.m2/repository/com/sun/xml/bind/jaxb-impl/2.3.0.1/jaxb-impl-2.3.0.1.jar:/home/user/.m2/repository/com/sun/xml/bind/jaxb-core/2.3.0.1/jaxb-core-2.3.0.1.jar:/home/user/.m2/repository/javax/xml/bind/jaxb-api/2.3.0/jaxb-api-2.3.0.jar:/home/user/.m2/repository/javax/activation/activation/1.1.1/activation-1.1.1.jar:/home/user/.m2/repository/org/apache/hadoop/hadoop-ozone-csi/0.5.0-SNAPSHOT/hadoop-ozone-csi-0.5.0-SNAPSHOT.jar:/home/user/.m2/repository/com/google/protobuf/protobuf-java-util/3.5.1/protobuf-java-util-3.5.1.jar:/home/user/.m2/repository/org/apache/hadoop/hadoop-hdds-config/0.5.0-SNAPSHOT/hadoop-hdds-config-0.5.0-SNAPSHOT.jar:/home/user/.m2/repository/io/grpc/grpc-netty/1.17.1/grpc-netty-1.17.1.jar:/home/user/.m2/repository/io/grpc/grpc-core/1.17.1/grpc-core-1.17.1.jar:/home/user/.m2/repository/io/grpc/grpc-context/1.17.1/grpc-context-1.17.1.jar:/home/user/.m2/repository/com/google/errorprone/error_prone_annotations/2.2.0/error_prone_annotations-2.2.0.jar:/home/user/.m2/repository/org/codehaus/mojo/animal-sniffer-annotations/1.17/animal-sniffer-annotations-1.17.jar:/home/user/.m2/repository/io/opencensus/opencensus-api/0.17.0/opencensus-api-0.17.0.jar:/home/user/.m2/repository/io/opencensus/opencensus-contrib-grpc-metrics/0.17.0/opencensus-contrib-grpc-metrics-0.17.0.jar:/home/user/.m2/repository/io/netty/netty-codec-http2/4.1.30.Final/netty-codec-http2-4.1.30.Final.jar:/home/user/.m2/repository/io/netty/netty-codec-http/4.1.30.Final/netty-codec-http-4.1.30.Final.jar:/home/user/.m2/repository/io/netty/netty-codec/4.1.30.Final/netty-codec-4.1.30.Final.jar:/home/user/.m2/repository/io/netty/netty-handler/4.1.30.Final/netty-handler-4.1.30.Final.jar:/home/user/.m2/repository/io/netty/netty-handler-proxy/4.1.30.Final/netty-handler-proxy-4.1.30.Final.jar:/home/user/.m2/repository/io/netty/netty-codec-socks/4.1.30.Final/netty-codec-socks-4.1.30.Final.jar:/home/user/.m2/repository/io/netty/netty-transport-native-epoll/4.1.30.Final/netty-transport-native-epoll-4.1.30.Final.jar:/home/user/.m2/repository/io/netty/netty-common/4.1.30.Final/netty-common-4.1.30.Final.jar:/home/user/.m2/repository/io/netty/netty-buffer/4.1.30.Final/netty-buffer-4.1.30.Final.jar:/home/user/.m2/repository/io/netty/netty-transport/4.1.30.Final/netty-transport-4.1.30.Final.jar:/home/user/.m2/repository/io/netty/netty-resolver/4.1.30.Final/netty-resolver-4.1.30.Final.jar:/home/user/.m2/repository/io/netty/netty-transport-native-unix-common/4.1.30.Final/netty-transport-native-unix-common-4.1.30.Final.jar:/home/user/.m2/repository/io/grpc/grpc-protobuf/1.17.1/grpc-protobuf-1.17.1.jar:/home/user/.m2/repository/com/google/api/grpc/proto-google-common-protos/1.0.0/proto-google-common-protos-1.0.0.jar:/home/user/.m2/repository/io/grpc/grpc-protobuf-lite/1.17.1/grpc-protobuf-lite-1.17.1.jar:/home/user/.m2/repository/io/grpc/grpc-stub/1.17.1/grpc-stub-1.17.1.jar:/home/user/.m2/repository/org/apache/hadoop/hadoop-ozone-recon/0.5.0-SNAPSHOT/hadoop-ozone-recon-0.5.0-SNAPSHOT.jar:/home/user/.m2/repository/org/apache/hadoop/hadoop-ozone-reconcodegen/0.5.0-SNAPSHOT/hadoop-ozone-reconcodegen-0.5.0-SNAPSHOT.jar:/home/user/.m2/repository/com/google/inject/extensions/guice-multibindings/4.0/guice-multibindings-4.0.jar:/home/user/.m2/repository/com/google/inject/guice/4.0/guice-4.0.jar:/home/user/.m2/repository/aopalliance/aopalliance/1.0/aopalliance-1.0.jar:/home/user/.m2/repository/com/google/inject/extensions/guice-servlet/4.0/guice-servlet-4.0.jar:/home/user/.m2/repository/org/glassfish/jersey/containers/jersey-container-servlet/2.27/jersey-container-servlet-2.27.jar:/home/user/.m2/repository/org/glassfish/hk2/guice-bridge/2.5.0/guice-bridge-2.5.0.jar:/home/user/.m2/repository/org/glassfish/jersey/core/jersey-server/2.27/jersey-server-2.27.jar:/home/user/.m2/repository/org/glassfish/jersey/core/jersey-client/2.27/jersey-client-2.27.jar:/home/user/.m2/repository/org/glassfish/jersey/media/jersey-media-jaxb/2.27/jersey-media-jaxb-2.27.jar:/home/user/.m2/repository/javax/validation/validation-api/1.1.0.Final/validation-api-1.1.0.Final.jar:/home/user/.m2/repository/org/glassfish/jersey/media/jersey-media-json-jackson/2.27/jersey-media-json-jackson-2.27.jar:/home/user/.m2/repository/org/glassfish/jersey/ext/jersey-entity-filtering/2.27/jersey-entity-filtering-2.27.jar:/home/user/.m2/repository/com/google/inject/extensions/guice-assistedinject/4.0/guice-assistedinject-4.0.jar:/home/user/.m2/repository/org/jooq/jooq/3.11.10/jooq-3.11.10.jar:/home/user/.m2/repository/org/jooq/jooq-meta/3.11.10/jooq-meta-3.11.10.jar:/home/user/.m2/repository/org/jooq/jooq-codegen/3.11.10/jooq-codegen-3.11.10.jar:/home/user/.m2/repository/com/jolbox/bonecp/0.8.0.RELEASE/bonecp-0.8.0.RELEASE.jar:/home/user/.m2/repository/org/xerial/sqlite-jdbc/3.25.2/sqlite-jdbc-3.25.2.jar:/home/user/.m2/repository/org/springframework/spring-jdbc/5.1.3.RELEASE/spring-jdbc-5.1.3.RELEASE.jar:/home/user/.m2/repository/org/springframework/spring-beans/5.1.3.RELEASE/spring-beans-5.1.3.RELEASE.jar:/home/user/.m2/repository/org/springframework/spring-core/5.1.3.RELEASE/spring-core-5.1.3.RELEASE.jar:/home/user/.m2/repository/org/springframework/spring-jcl/5.1.3.RELEASE/spring-jcl-5.1.3.RELEASE.jar:/home/user/.m2/repository/org/springframework/spring-tx/5.1.3.RELEASE/spring-tx-5.1.3.RELEASE.jar:/home/user/.m2/repository/org/apache/hadoop/hadoop-ozone-client/0.5.0-SNAPSHOT/hadoop-ozone-client-0.5.0-SNAPSHOT.jar:/home/user/.m2/repository/commons-lang/commons-lang/2.6/commons-lang-2.6.jar:/home/user/.m2/repository/org/apache/hadoop/hadoop-ozone-ozone-manager/0.5.0-SNAPSHOT/hadoop-ozone-ozone-manager-0.5.0-SNAPSHOT-tests.jar:/home/user/.m2/repository/junit/junit/4.11/junit-4.11.jar:/home/user/.m2/repository/org/hamcrest/hamcrest-core/1.3/hamcrest-core-1.3.jar:/home/user/.m2/repository/org/openjdk/jmh/jmh-core/1.19/jmh-core-1.19.jar:/home/user/.m2/repository/net/sf/jopt-simple/jopt-simple/4.6/jopt-simple-4.6.jar:/home/user/.m2/repository/org/apache/commons/commons-math3/3.1.1/commons-math3-3.1.1.jar:/home/user/.m2/repository/org/openjdk/jmh/jmh-generator-annprocess/1.19/jmh-generator-annprocess-1.19.jar:/home/user/.m2/repository/org/mockito/mockito-all/1.8.5/mockito-all-1.8.5.jar:/home/user/.m2/repository/org/apache/hadoop/hadoop-kms/3.2.0/hadoop-kms-3.2.0.jar:/home/user/.m2/repository/org/apache/hadoop/hadoop-auth/3.2.0/hadoop-auth-3.2.0.jar:/home/user/.m2/repository/com/nimbusds/nimbus-jose-jwt/4.41.1/nimbus-jose-jwt-4.41.1.jar:/home/user/.m2/repository/com/github/stephenc/jcip/jcip-annotations/1.0-1/jcip-annotations-1.0-1.jar:/home/user/.m2/repository/net/minidev/json-smart/2.3/json-smart-2.3.jar:/home/user/.m2/repository/net/minidev/accessors-smart/1.2/accessors-smart-1.2.jar:/home/user/.m2/repository/org/ow2/asm/asm/5.0.4/asm-5.0.4.jar:/home/user/.m2/repository/org/apache/curator/curator-framework/2.12.0/curator-framework-2.12.0.jar:/home/user/.m2/repository/com/sun/jersey/jersey-core/1.19/jersey-core-1.19.jar:/home/user/.m2/repository/javax/ws/rs/jsr311-api/1.1.1/jsr311-api-1.1.1.jar:/home/user/.m2/repository/com/sun/jersey/jersey-server/1.19/jersey-server-1.19.jar:/home/user/.m2/repository/javax/servlet/javax.servlet-api/3.1.0/javax.servlet-api-3.1.0.jar:/home/user/.m2/repository/org/eclipse/jetty/jetty-server/9.3.25.v20180904/jetty-server-9.3.25.v20180904.jar:/home/user/.m2/repository/org/eclipse/jetty/jetty-http/9.3.25.v20180904/jetty-http-9.3.25.v20180904.jar:/home/user/.m2/repository/org/eclipse/jetty/jetty-io/9.3.25.v20180904/jetty-io-9.3.25.v20180904.jar:/home/user/.m2/repository/org/eclipse/jetty/jetty-webapp/9.3.25.v20180904/jetty-webapp-9.3.25.v20180904.jar:/home/user/.m2/repository/org/eclipse/jetty/jetty-xml/9.3.25.v20180904/jetty-xml-9.3.25.v20180904.jar:/home/user/.m2/repository/log4j/log4j/1.2.17/log4j-1.2.17.jar:/home/user/.m2/repository/org/slf4j/slf4j-api/1.7.25/slf4j-api-1.7.25.jar:/home/user/.m2/repository/org/slf4j/jul-to-slf4j/1.7.25/jul-to-slf4j-1.7.25.jar:/home/user/.m2/repository/org/eclipse/jetty/jetty-util/9.3.25.v20180904/jetty-util-9.3.25.v20180904.jar:/home/user/.m2/repository/com/fasterxml/jackson/core/jackson-databind/2.9.9/jackson-databind-2.9.9.jar:/home/user/.m2/repository/org/apache/hadoop/hadoop-kms/3.2.0/hadoop-kms-3.2.0-tests.jar:/home/user/.m2/repository/org/apache/hadoop/hadoop-hdds-server-scm/0.5.0-SNAPSHOT/hadoop-hdds-server-scm-0.5.0-SNAPSHOT-tests.jar:/home/user/.m2/repository/org/apache/hadoop/hadoop-hdds-container-service/0.5.0-SNAPSHOT/hadoop-hdds-container-service-0.5.0-SNAPSHOT-tests.jar:/home/user/.m2/repository/org/yaml/snakeyaml/1.16/snakeyaml-1.16.jar:/home/user/.m2/repository/org/apache/hadoop/hadoop-common/3.2.0/hadoop-common-3.2.0-tests.jar:/home/user/.m2/repository/org/apache/hadoop/hadoop-annotations/3.2.0/hadoop-annotations-3.2.0.jar:/usr/lib/jvm/java-1.8-openjdk/jre/../lib/tools.jar:/home/user/.m2/repository/commons-cli/commons-cli/1.2/commons-cli-1.2.jar:/home/user/.m2/repository/org/apache/httpcomponents/httpclient/4.5.2/httpclient-4.5.2.jar:/home/user/.m2/repository/org/apache/httpcomponents/httpcore/4.4.4/httpcore-4.4.4.jar:/home/user/.m2/repository/commons-codec/commons-codec/1.11/commons-codec-1.11.jar:/home/user/.m2/repository/commons-net/commons-net/3.6/commons-net-3.6.jar:/home/user/.m2/repository/commons-collections/commons-collections/3.2.2/commons-collections-3.2.2.jar:/home/user/.m2/repository/org/eclipse/jetty/jetty-servlet/9.3.25.v20180904/jetty-servlet-9.3.25.v20180904.jar:/home/user/.m2/repository/org/eclipse/jetty/jetty-security/9.3.25.v20180904/jetty-security-9.3.25.v20180904.jar:/home/user/.m2/repository/javax/servlet/jsp/jsp-api/2.1/jsp-api-2.1.jar:/home/user/.m2/repository/com/sun/jersey/jersey-servlet/1.19/jersey-servlet-1.19.jar:/home/user/.m2/repository/com/sun/jersey/jersey-json/1.19/jersey-json-1.19.jar:/home/user/.m2/repository/org/codehaus/jettison/jettison/1.1/jettison-1.1.jar:/home/user/.m2/repository/org/codehaus/jackson/jackson-core-asl/1.9.13/jackson-core-asl-1.9.13.jar:/home/user/.m2/repository/org/codehaus/jackson/jackson-mapper-asl/1.9.13/jackson-mapper-asl-1.9.13.jar:/home/user/.m2/repository/org/codehaus/jackson/jackson-jaxrs/1.9.13/jackson-jaxrs-1.9.13.jar:/home/user/.m2/repository/org/codehaus/jackson/jackson-xc/1.9.13/jackson-xc-1.9.13.jar:/home/user/.m2/repository/commons-logging/commons-logging/1.1.3/commons-logging-1.1.3.jar:/home/user/.m2/repository/commons-beanutils/commons-beanutils/1.9.4/commons-beanutils-1.9.4.jar:/home/user/.m2/repository/org/apache/commons/commons-configuration2/2.1.1/commons-configuration2-2.1.1.jar:/home/user/.m2/repository/org/apache/commons/commons-lang3/3.7/commons-lang3-3.7.jar:/home/user/.m2/repository/org/apache/commons/commons-text/1.4/commons-text-1.4.jar:/home/user/.m2/repository/org/apache/avro/avro/1.7.7/avro-1.7.7.jar:/home/user/.m2/repository/com/thoughtworks/paranamer/paranamer/2.3/paranamer-2.3.jar:/home/user/.m2/repository/org/xerial/snappy/snappy-java/1.0.5/snappy-java-1.0.5.jar:/home/user/.m2/repository/com/google/re2j/re2j/1.1/re2j-1.1.jar:/home/user/.m2/repository/com/google/code/gson/gson/2.2.4/gson-2.2.4.jar:/home/user/.m2/repository/com/jcraft/jsch/0.1.54/jsch-0.1.54.jar:/home/user/.m2/repository/org/apache/curator/curator-client/2.12.0/curator-client-2.12.0.jar:/home/user/.m2/repository/org/apache/curator/curator-recipes/2.12.0/curator-recipes-2.12.0.jar:/home/user/.m2/repository/com/google/code/findbugs/jsr305/3.0.0/jsr305-3.0.0.jar:/home/user/.m2/repository/org/apache/htrace/htrace-core4/4.1.0-incubating/htrace-core4-4.1.0-incubating.jar:/home/user/.m2/repository/org/apache/zookeeper/zookeeper/3.4.13/zookeeper-3.4.13.jar:/home/user/.m2/repository/jline/jline/0.9.94/jline-0.9.94.jar:/home/user/.m2/repository/org/apache/yetus/audience-annotations/0.5.0/audience-annotations-0.5.0.jar:/home/user/.m2/repository/org/codehaus/woodstox/stax2-api/3.1.4/stax2-api-3.1.4.jar:/home/user/.m2/repository/com/fasterxml/woodstox/woodstox-core/5.0.3/woodstox-core-5.0.3.jar:/home/user/.m2/repository/dnsjava/dnsjava/2.1.7/dnsjava-2.1.7.jar:/home/user/.m2/repository/org/apache/hadoop/hadoop-hdfs/3.2.0/hadoop-hdfs-3.2.0-tests.jar:/home/user/.m2/repository/org/eclipse/jetty/jetty-util-ajax/9.3.25.v20180904/jetty-util-ajax-9.3.25.v20180904.jar:/home/user/.m2/repository/commons-daemon/commons-daemon/1.0.13/commons-daemon-1.0.13.jar:/home/user/.m2/repository/io/netty/netty/3.10.5.Final/netty-3.10.5.Final.jar:/home/user/.m2/repository/io/netty/netty-all/4.0.52.Final/netty-all-4.0.52.Final.jar:/home/user/.m2/repository/org/fusesource/leveldbjni/leveldbjni-all/1.8/leveldbjni-all-1.8.jar:"/>
    <property name="sun.cpu.endian" value="little"/>
    <property name="user.home" value="/home/user"/>
    <property name="user.language" value="en"/>
    <property name="java.specification.vendor" value="Oracle Corporation"/>
    <property name="java.home" value="/usr/lib/jvm/java-1.8-openjdk/jre"/>
    <property name="java.security.krb5.conf" value="/workdir/hadoop-ozone/integration-test/target/test-classes/krb5.conf"/>
    <property name="basedir" value="/workdir/hadoop-ozone/integration-test"/>
    <property name="file.separator" value="/"/>
    <property name="line.separator" value="&#10;"/>
    <property name="java.vm.specification.vendor" value="Oracle Corporation"/>
    <property name="java.specification.name" value="Java Platform API Specification"/>
    <property name="java.awt.graphicsenv" value="sun.awt.X11GraphicsEnvironment"/>
    <property name="surefire.real.class.path" value="/workdir/hadoop-ozone/integration-test/target/surefire/surefirebooter6159052789490473363.jar"/>
    <property name="hadoop.log.dir" value="/workdir/hadoop-ozone/integration-test/target/log"/>
    <property name="sun.boot.class.path" value="/usr/lib/jvm/java-1.8-openjdk/jre/lib/resources.jar:/usr/lib/jvm/java-1.8-openjdk/jre/lib/rt.jar:/usr/lib/jvm/java-1.8-openjdk/jre/lib/sunrsasign.jar:/usr/lib/jvm/java-1.8-openjdk/jre/lib/jsse.jar:/usr/lib/jvm/java-1.8-openjdk/jre/lib/jce.jar:/usr/lib/jvm/java-1.8-openjdk/jre/lib/charsets.jar:/usr/lib/jvm/java-1.8-openjdk/jre/lib/jfr.jar:/usr/lib/jvm/java-1.8-openjdk/jre/classes"/>
    <property name="sun.management.compiler" value="HotSpot 64-Bit Tiered Compilers"/>
    <property name="java.runtime.version" value="1.8.0_212-b04"/>
    <property name="java.net.preferIPv4Stack" value="true"/>
    <property name="user.name" value="jenkins1000"/>
    <property name="path.separator" value=":"/>
    <property name="java.security.egd" value="file:///dev/urandom"/>
    <property name="os.version" value="3.10.0-957.12.2.el7.x86_64"/>
    <property name="java.endorsed.dirs" value="/usr/lib/jvm/java-1.8-openjdk/jre/lib/endorsed"/>
    <property name="java.runtime.name" value="OpenJDK Runtime Environment"/>
    <property name="file.encoding" value="UTF-8"/>
    <property name="java.vm.name" value="OpenJDK 64-Bit Server VM"/>
    <property name="test.build.webapps" value=""/>
    <property name="localRepository" value="/home/user/.m2/repository"/>
    <property name="java.vendor.url.bug" value="https://icedtea.classpath.org/bugzilla"/>
    <property name="java.io.tmpdir" value="/tmp"/>
    <property name="require.test.libhadoop" value=""/>
    <property name="java.version" value="1.8.0_212"/>
    <property name="user.dir" value="/workdir/hadoop-ozone/integration-test"/>
    <property name="os.arch" value="amd64"/>
    <property name="java.vm.specification.name" value="Java Virtual Machine Specification"/>
    <property name="test.build.classes" value="/workdir/hadoop-ozone/integration-test/target/test-classes"/>
    <property name="java.awt.printerjob" value="sun.print.PSPrinterJob"/>
    <property name="sun.os.patch.level" value="unknown"/>
    <property name="hadoop.tmp.dir" value="/workdir/hadoop-ozone/integration-test/target/tmp"/>
    <property name="java.library.path" value="/usr/lib/jvm/java-1.8-openjdk/jre/lib/amd64/server:/usr/lib/jvm/java-1.8-openjdk/jre/lib/amd64:/usr/lib/jvm/java-1.8-openjdk/jre/../lib/amd64:/workdir/hadoop-ozone/integration-test/target/native/target/usr/local/lib:/workdir/hadoop-ozone/integration-test/../../hadoop-common-project/hadoop-common/target/native/target/usr/local/lib:/usr/java/packages/lib/amd64:/usr/lib64:/lib64:/lib:/usr/lib"/>
    <property name="java.vm.info" value="mixed mode"/>
    <property name="java.vendor" value="IcedTea"/>
    <property name="java.vm.version" value="25.212-b04"/>
    <property name="java.ext.dirs" value="/usr/lib/jvm/java-1.8-openjdk/jre/lib/ext:/usr/java/packages/lib/ext"/>
    <property name="sun.io.unicode.encoding" value="UnicodeLittle"/>
    <property name="java.class.version" value="52.0"/>
  </properties>
  <testcase name="testWatchForCommitWithKeyWrite" classname="org.apache.hadoop.ozone.client.rpc.TestWatchForCommit" time="75.697"/>
  <testcase name="testWatchForCommitWithSmallerTimeoutValue" classname="org.apache.hadoop.ozone.client.rpc.TestWatchForCommit" time="55.544"/>
  <testcase name="testWatchForCommitForRetryfailure" classname="org.apache.hadoop.ozone.client.rpc.TestWatchForCommit" time="62.937">
    <failure type="java.lang.AssertionError">java.lang.AssertionError
	at org.junit.Assert.fail(Assert.java:86)
	at org.junit.Assert.assertTrue(Assert.java:41)
	at org.junit.Assert.assertTrue(Assert.java:52)
	at org.apache.hadoop.ozone.client.rpc.TestWatchForCommit.testWatchForCommitForRetryfailure(TestWatchForCommit.java:348)
	at sun.reflect.NativeMethodAccessorImpl.invoke0(Native Method)
	at sun.reflect.NativeMethodAccessorImpl.invoke(NativeMethodAccessorImpl.java:62)
	at sun.reflect.DelegatingMethodAccessorImpl.invoke(DelegatingMethodAccessorImpl.java:43)
	at java.lang.reflect.Method.invoke(Method.java:498)
	at org.junit.runners.model.FrameworkMethod$1.runReflectiveCall(FrameworkMethod.java:47)
	at org.junit.internal.runners.model.ReflectiveCallable.run(ReflectiveCallable.java:12)
	at org.junit.runners.model.FrameworkMethod.invokeExplosively(FrameworkMethod.java:44)
	at org.junit.internal.runners.statements.InvokeMethod.evaluate(InvokeMethod.java:17)
	at org.junit.runners.ParentRunner.runLeaf(ParentRunner.java:271)
	at org.junit.runners.BlockJUnit4ClassRunner.runChild(BlockJUnit4ClassRunner.java:70)
	at org.junit.runners.BlockJUnit4ClassRunner.runChild(BlockJUnit4ClassRunner.java:50)
	at org.junit.runners.ParentRunner$3.run(ParentRunner.java:238)
	at org.junit.runners.ParentRunner$1.schedule(ParentRunner.java:63)
	at org.junit.runners.ParentRunner.runChildren(ParentRunner.java:236)
	at org.junit.runners.ParentRunner.access$000(ParentRunner.java:53)
	at org.junit.runners.ParentRunner$2.evaluate(ParentRunner.java:229)
	at org.junit.runners.ParentRunner.run(ParentRunner.java:309)
	at org.apache.maven.surefire.junit4.JUnit4Provider.execute(JUnit4Provider.java:365)
	at org.apache.maven.surefire.junit4.JUnit4Provider.executeWithRerun(JUnit4Provider.java:273)
	at org.apache.maven.surefire.junit4.JUnit4Provider.executeTestSet(JUnit4Provider.java:238)
	at org.apache.maven.surefire.junit4.JUnit4Provider.invoke(JUnit4Provider.java:159)
	at org.apache.maven.surefire.booter.ForkedBooter.invokeProviderInSameClassLoader(ForkedBooter.java:384)
	at org.apache.maven.surefire.booter.ForkedBooter.runSuitesInProcess(ForkedBooter.java:345)
	at org.apache.maven.surefire.booter.ForkedBooter.execute(ForkedBooter.java:126)
	at org.apache.maven.surefire.booter.ForkedBooter.main(ForkedBooter.java:418)
</failure>
    <system-out><![CDATA[2019-10-04 02:48:40,291 [main] WARN  server.ServerUtils (ServerUtils.java:getScmDbDir(145)) - ozone.scm.db.dirs is not configured. We recommend adding this setting. Falling back to ozone.metadata.dirs instead.
2019-10-04 02:48:40,309 [main] WARN  server.ServerUtils (ServerUtils.java:getScmDbDir(145)) - ozone.scm.db.dirs is not configured. We recommend adding this setting. Falling back to ozone.metadata.dirs instead.
2019-10-04 02:48:40,309 [main] WARN  server.ServerUtils (ServerUtils.java:getScmDbDir(145)) - ozone.scm.db.dirs is not configured. We recommend adding this setting. Falling back to ozone.metadata.dirs instead.
2019-10-04 02:48:40,310 [main] INFO  db.DBStoreBuilder (DBStoreBuilder.java:addTable(110)) - using custom profile for table: deletedBlocks
2019-10-04 02:48:40,310 [main] INFO  db.DBStoreBuilder (DBStoreBuilder.java:processTables(161)) - Using default column profile:DBProfile.DISK for Table:deletedBlocks
2019-10-04 02:48:40,310 [main] INFO  db.DBStoreBuilder (DBStoreBuilder.java:addTable(110)) - using custom profile for table: validCerts
2019-10-04 02:48:40,310 [main] INFO  db.DBStoreBuilder (DBStoreBuilder.java:processTables(161)) - Using default column profile:DBProfile.DISK for Table:validCerts
2019-10-04 02:48:40,311 [main] INFO  db.DBStoreBuilder (DBStoreBuilder.java:addTable(110)) - using custom profile for table: revokedCerts
2019-10-04 02:48:40,311 [main] INFO  db.DBStoreBuilder (DBStoreBuilder.java:processTables(161)) - Using default column profile:DBProfile.DISK for Table:revokedCerts
2019-10-04 02:48:40,311 [main] INFO  db.DBStoreBuilder (DBStoreBuilder.java:addTable(110)) - using custom profile for table: default
2019-10-04 02:48:40,311 [main] INFO  db.DBStoreBuilder (DBStoreBuilder.java:processTables(167)) - Using default column profile:DBProfile.DISK for Table:default
2019-10-04 02:48:40,311 [main] INFO  db.DBStoreBuilder (DBStoreBuilder.java:getDbProfile(198)) - Using default options. DBProfile.DISK
2019-10-04 02:48:40,525 [main] INFO  net.NodeSchemaLoader (NodeSchemaLoader.java:loadSchemaFromFile(125)) - Loading file from sun.misc.CompoundEnumeration@f0a66bd
2019-10-04 02:48:40,525 [main] INFO  net.NodeSchemaLoader (NodeSchemaLoader.java:loadSchema(171)) - Loading network topology layer schema file
2019-10-04 02:48:40,533 [main] WARN  server.ServerUtils (ServerUtils.java:sanitizeUserArgs(70)) - ozone.scm.stale.node.interval value = 300000 is larger than max = 100000 based on the key value of ozone.scm.heartbeat.thread.interval, reset to the max value 100000.
2019-10-04 02:48:40,533 [main] WARN  server.ServerUtils (ServerUtils.java:sanitizeUserArgs(70)) - ozone.scm.stale.node.interval value = 300000 is larger than max = 100000 based on the key value of ozone.scm.heartbeat.thread.interval, reset to the max value 100000.
2019-10-04 02:48:40,533 [main] INFO  node.SCMNodeManager (SCMNodeManager.java:<init>(114)) - Entering startup safe mode.
2019-10-04 02:48:40,534 [main] INFO  algorithms.ContainerPlacementPolicyFactory (ContainerPlacementPolicyFactory.java:getPolicy(57)) - Create container placement policy of type org.apache.hadoop.hdds.scm.container.placement.algorithms.SCMContainerPlacementRandom
2019-10-04 02:48:40,535 [main] WARN  server.ServerUtils (ServerUtils.java:getScmDbDir(145)) - ozone.scm.db.dirs is not configured. We recommend adding this setting. Falling back to ozone.metadata.dirs instead.
2019-10-04 02:48:40,606 [main] INFO  pipeline.SCMPipelineManager (SCMPipelineManager.java:initializePipelineState(132)) - No pipeline exists in current db
2019-10-04 02:48:40,606 [main] WARN  server.ServerUtils (ServerUtils.java:getScmDbDir(145)) - ozone.scm.db.dirs is not configured. We recommend adding this setting. Falling back to ozone.metadata.dirs instead.
2019-10-04 02:48:40,704 [main] WARN  events.EventQueue (EventQueue.java:fireEvent(183)) - No event handler registered for event TypedEvent{payloadType=SafeModeStatus, name='SafeModeStatus'}
2019-10-04 02:48:40,705 [main] INFO  ipc.CallQueueManager (CallQueueManager.java:<init>(84)) - Using callQueue: class java.util.concurrent.LinkedBlockingQueue, queueCapacity: 2000, scheduler: class org.apache.hadoop.ipc.DefaultRpcScheduler, ipcBackoff: false.
2019-10-04 02:48:40,706 [Socket Reader #1 for port 37918] INFO  ipc.Server (Server.java:run(1074)) - Starting Socket Reader #1 for port 37918
2019-10-04 02:48:40,709 [main] INFO  ipc.CallQueueManager (CallQueueManager.java:<init>(84)) - Using callQueue: class java.util.concurrent.LinkedBlockingQueue, queueCapacity: 2000, scheduler: class org.apache.hadoop.ipc.DefaultRpcScheduler, ipcBackoff: false.
2019-10-04 02:48:40,709 [Socket Reader #1 for port 44910] INFO  ipc.Server (Server.java:run(1074)) - Starting Socket Reader #1 for port 44910
2019-10-04 02:48:40,711 [main] INFO  ipc.CallQueueManager (CallQueueManager.java:<init>(84)) - Using callQueue: class java.util.concurrent.LinkedBlockingQueue, queueCapacity: 2000, scheduler: class org.apache.hadoop.ipc.DefaultRpcScheduler, ipcBackoff: false.
2019-10-04 02:48:40,712 [Socket Reader #1 for port 44387] INFO  ipc.Server (Server.java:run(1074)) - Starting Socket Reader #1 for port 44387
2019-10-04 02:48:40,714 [main] INFO  hdfs.DFSUtil (DFSUtil.java:httpServerTemplateForNNAndJN(1641)) - Starting Web-server for scm at: http://0.0.0.0:0
2019-10-04 02:48:40,716 [main] INFO  server.AuthenticationFilter (AuthenticationFilter.java:constructSecretProvider(240)) - Unable to initialize FileSignerSecretProvider, falling back to use random secrets.
2019-10-04 02:48:40,717 [main] WARN  http.HttpRequestLog (HttpRequestLog.java:getRequestLog(97)) - Jetty request log can only be enabled using Log4j
2019-10-04 02:48:40,719 [main] INFO  http.HttpServer2 (HttpServer2.java:addGlobalFilter(975)) - Added global filter 'safety' (class=org.apache.hadoop.http.HttpServer2$QuotingInputFilter)
2019-10-04 02:48:40,720 [main] INFO  http.HttpServer2 (HttpServer2.java:addFilter(948)) - Added filter static_user_filter (class=org.apache.hadoop.http.lib.StaticUserWebFilter$StaticUserFilter) to context scm
2019-10-04 02:48:40,720 [main] INFO  http.HttpServer2 (HttpServer2.java:addFilter(958)) - Added filter static_user_filter (class=org.apache.hadoop.http.lib.StaticUserWebFilter$StaticUserFilter) to context logs
2019-10-04 02:48:40,721 [main] INFO  http.HttpServer2 (HttpServer2.java:addFilter(958)) - Added filter static_user_filter (class=org.apache.hadoop.http.lib.StaticUserWebFilter$StaticUserFilter) to context static
2019-10-04 02:48:40,723 [main] INFO  server.StorageContainerManager (StorageContainerManager.java:start(770)) - StorageContainerLocationProtocol RPC server is listening at /0.0.0.0:44387
2019-10-04 02:48:40,726 [main] WARN  impl.MetricsConfig (MetricsConfig.java:loadFirst(134)) - Cannot locate configuration: tried hadoop-metrics2-storagecontainermanager.properties,hadoop-metrics2.properties
2019-10-04 02:48:40,727 [main] INFO  impl.MetricsSystemImpl (MetricsSystemImpl.java:startTimer(374)) - Scheduled Metric snapshot period at 10 second(s).
2019-10-04 02:48:40,727 [main] INFO  impl.MetricsSystemImpl (MetricsSystemImpl.java:start(191)) - StorageContainerManager metrics system started
2019-10-04 02:48:40,755 [main] INFO  lib.Interns (Interns.java:removeEldestEntry(50)) - Metrics intern cache overflow at 2011 for MetricsSystem={MetricsSystem=MetricsInfoImpl{name=MetricsSystem, description=MetricsSystem}, MetricsSystem record=MetricsInfoImpl{name=MetricsSystem, description=MetricsSystem record}}
2019-10-04 02:48:40,773 [main] WARN  impl.MetricsSystemImpl (MetricsSystemImpl.java:register(276)) - Sink prometheus already exists!
2019-10-04 02:48:40,824 [main] INFO  server.SCMClientProtocolServer (SCMClientProtocolServer.java:start(159)) - RPC server for Client  is listening at /0.0.0.0:44387
2019-10-04 02:48:40,825 [IPC Server listener on 44387] INFO  ipc.Server (Server.java:run(1153)) - IPC Server listener on 44387: starting
2019-10-04 02:48:40,825 [IPC Server Responder] INFO  ipc.Server (Server.java:run(1314)) - IPC Server Responder: starting
2019-10-04 02:48:40,828 [main] INFO  server.StorageContainerManager (StorageContainerManager.java:start(780)) - ScmBlockLocationProtocol RPC server is listening at /0.0.0.0:44910
2019-10-04 02:48:40,829 [main] INFO  server.SCMBlockProtocolServer (SCMBlockProtocolServer.java:start(146)) - RPC server for Block Protocol is listening at /0.0.0.0:44910
2019-10-04 02:48:40,829 [IPC Server listener on 44910] INFO  ipc.Server (Server.java:run(1153)) - IPC Server listener on 44910: starting
2019-10-04 02:48:40,829 [IPC Server Responder] INFO  ipc.Server (Server.java:run(1314)) - IPC Server Responder: starting
2019-10-04 02:48:40,832 [main] INFO  server.StorageContainerManager (StorageContainerManager.java:start(784)) - ScmDatanodeProtocl RPC server is listening at /0.0.0.0:37918
2019-10-04 02:48:40,832 [main] INFO  server.SCMDatanodeProtocolServer (SCMDatanodeProtocolServer.java:start(169)) - RPC server for DataNodes is listening at /0.0.0.0:37918
2019-10-04 02:48:40,833 [IPC Server Responder] INFO  ipc.Server (Server.java:run(1314)) - IPC Server Responder: starting
2019-10-04 02:48:40,834 [IPC Server listener on 37918] INFO  ipc.Server (Server.java:run(1153)) - IPC Server listener on 37918: starting
2019-10-04 02:48:40,836 [main] INFO  http.HttpServer2 (HttpServer2.java:bindListener(1191)) - Jetty bound to port 42837
2019-10-04 02:48:40,836 [main] INFO  server.Server (Server.java:doStart(351)) - jetty-9.3.25.v20180904, build timestamp: 2018-09-04T21:11:46Z, git hash: 3ce520221d0240229c862b122d2b06c12a625732
2019-10-04 02:48:40,838 [main] INFO  handler.ContextHandler (ContextHandler.java:doStart(781)) - Started o.e.j.s.ServletContextHandler@164642a4{/logs,file:///workdir/hadoop-ozone/integration-test/target/log,AVAILABLE}
2019-10-04 02:48:40,838 [main] INFO  handler.ContextHandler (ContextHandler.java:doStart(781)) - Started o.e.j.s.ServletContextHandler@50b0afd7{/static,file:///workdir/hadoop-ozone/integration-test/target/test-classes/webapps/static,AVAILABLE}
2019-10-04 02:48:40,843 [main] INFO  handler.ContextHandler (ContextHandler.java:doStart(781)) - Started o.e.j.w.WebAppContext@7a687d8d{/,file:///workdir/hadoop-ozone/integration-test/target/test-classes/webapps/scm/,AVAILABLE}{/scm}
2019-10-04 02:48:40,843 [main] INFO  server.AbstractConnector (AbstractConnector.java:doStart(278)) - Started ServerConnector@4c82b5df{HTTP/1.1,[http/1.1]}{0.0.0.0:42837}
2019-10-04 02:48:40,844 [main] INFO  server.Server (Server.java:doStart(419)) - Started @132230ms
2019-10-04 02:48:40,844 [main] WARN  impl.MetricsSystemImpl (MetricsSystemImpl.java:register(276)) - Sink prometheus already exists!
2019-10-04 02:48:40,845 [main] INFO  server.BaseHttpServer (BaseHttpServer.java:updateConnectorAddress(215)) - HTTP server of SCM is listening at http://0.0.0.0:42837
2019-10-04 02:48:40,845 [main] WARN  server.ServerUtils (ServerUtils.java:getDBPath(222)) - ozone.om.db.dirs is not configured. We recommend adding this setting. Falling back to ozone.metadata.dirs instead.
2019-10-04 02:48:40,846 [org.apache.hadoop.util.JvmPauseMonitor$Monitor@4214ae8f] INFO  util.JvmPauseMonitor (JvmPauseMonitor.java:run(188)) - Starting JVM pause monitor
2019-10-04 02:48:40,859 [main] INFO  ha.OMHANodeDetails (OMHANodeDetails.java:loadOMHAConfig(190)) - Configuration either no ozone.om.address set. Falling back to the default OM address /127.0.0.1:0
2019-10-04 02:48:40,859 [main] INFO  ha.OMHANodeDetails (OMHANodeDetails.java:getOMNodeDetails(220)) - OM Service ID is not set. Setting it to the default ID: omServiceIdDefault
2019-10-04 02:48:40,859 [main] WARN  server.ServerUtils (ServerUtils.java:getDBPath(222)) - ozone.om.db.dirs is not configured. We recommend adding this setting. Falling back to ozone.metadata.dirs instead.
2019-10-04 02:48:40,860 [main] WARN  server.ServerUtils (ServerUtils.java:getDBPath(222)) - ozone.om.db.dirs is not configured. We recommend adding this setting. Falling back to ozone.metadata.dirs instead.
2019-10-04 02:48:40,867 [main] WARN  server.ServerUtils (ServerUtils.java:getDBPath(222)) - ozone.om.db.dirs is not configured. We recommend adding this setting. Falling back to ozone.metadata.dirs instead.
2019-10-04 02:48:40,867 [main] INFO  db.DBStoreBuilder (DBStoreBuilder.java:addTable(110)) - using custom profile for table: userTable
2019-10-04 02:48:40,867 [main] INFO  db.DBStoreBuilder (DBStoreBuilder.java:processTables(161)) - Using default column profile:DBProfile.DISK for Table:userTable
2019-10-04 02:48:40,867 [main] INFO  db.DBStoreBuilder (DBStoreBuilder.java:addTable(110)) - using custom profile for table: volumeTable
2019-10-04 02:48:40,868 [main] INFO  db.DBStoreBuilder (DBStoreBuilder.java:processTables(161)) - Using default column profile:DBProfile.DISK for Table:volumeTable
2019-10-04 02:48:40,868 [main] INFO  db.DBStoreBuilder (DBStoreBuilder.java:addTable(110)) - using custom profile for table: bucketTable
2019-10-04 02:48:40,868 [main] INFO  db.DBStoreBuilder (DBStoreBuilder.java:processTables(161)) - Using default column profile:DBProfile.DISK for Table:bucketTable
2019-10-04 02:48:40,868 [main] INFO  db.DBStoreBuilder (DBStoreBuilder.java:addTable(110)) - using custom profile for table: keyTable
2019-10-04 02:48:40,868 [main] INFO  db.DBStoreBuilder (DBStoreBuilder.java:processTables(161)) - Using default column profile:DBProfile.DISK for Table:keyTable
2019-10-04 02:48:40,869 [main] INFO  db.DBStoreBuilder (DBStoreBuilder.java:addTable(110)) - using custom profile for table: deletedTable
2019-10-04 02:48:40,869 [main] INFO  db.DBStoreBuilder (DBStoreBuilder.java:processTables(161)) - Using default column profile:DBProfile.DISK for Table:deletedTable
2019-10-04 02:48:40,869 [main] INFO  db.DBStoreBuilder (DBStoreBuilder.java:addTable(110)) - using custom profile for table: openKeyTable
2019-10-04 02:48:40,869 [main] INFO  db.DBStoreBuilder (DBStoreBuilder.java:processTables(161)) - Using default column profile:DBProfile.DISK for Table:openKeyTable
2019-10-04 02:48:40,869 [main] INFO  db.DBStoreBuilder (DBStoreBuilder.java:addTable(110)) - using custom profile for table: s3Table
2019-10-04 02:48:40,870 [main] INFO  db.DBStoreBuilder (DBStoreBuilder.java:processTables(161)) - Using default column profile:DBProfile.DISK for Table:s3Table
2019-10-04 02:48:40,870 [main] INFO  db.DBStoreBuilder (DBStoreBuilder.java:addTable(110)) - using custom profile for table: multipartInfoTable
2019-10-04 02:48:40,870 [main] INFO  db.DBStoreBuilder (DBStoreBuilder.java:processTables(161)) - Using default column profile:DBProfile.DISK for Table:multipartInfoTable
2019-10-04 02:48:40,870 [main] INFO  db.DBStoreBuilder (DBStoreBuilder.java:addTable(110)) - using custom profile for table: dTokenTable
2019-10-04 02:48:40,870 [main] INFO  db.DBStoreBuilder (DBStoreBuilder.java:processTables(161)) - Using default column profile:DBProfile.DISK for Table:dTokenTable
2019-10-04 02:48:40,871 [main] INFO  db.DBStoreBuilder (DBStoreBuilder.java:addTable(110)) - using custom profile for table: s3SecretTable
2019-10-04 02:48:40,871 [main] INFO  db.DBStoreBuilder (DBStoreBuilder.java:processTables(161)) - Using default column profile:DBProfile.DISK for Table:s3SecretTable
2019-10-04 02:48:40,871 [main] INFO  db.DBStoreBuilder (DBStoreBuilder.java:addTable(110)) - using custom profile for table: prefixTable
2019-10-04 02:48:40,871 [main] INFO  db.DBStoreBuilder (DBStoreBuilder.java:processTables(161)) - Using default column profile:DBProfile.DISK for Table:prefixTable
2019-10-04 02:48:40,871 [main] INFO  db.DBStoreBuilder (DBStoreBuilder.java:addTable(110)) - using custom profile for table: default
2019-10-04 02:48:40,871 [main] INFO  db.DBStoreBuilder (DBStoreBuilder.java:processTables(167)) - Using default column profile:DBProfile.DISK for Table:default
2019-10-04 02:48:40,872 [main] INFO  db.DBStoreBuilder (DBStoreBuilder.java:getDbProfile(198)) - Using default options. DBProfile.DISK
2019-10-04 02:48:42,255 [main] INFO  ipc.CallQueueManager (CallQueueManager.java:<init>(84)) - Using callQueue: class java.util.concurrent.LinkedBlockingQueue, queueCapacity: 2000, scheduler: class org.apache.hadoop.ipc.DefaultRpcScheduler, ipcBackoff: false.
2019-10-04 02:48:42,256 [Socket Reader #1 for port 38120] INFO  ipc.Server (Server.java:run(1074)) - Starting Socket Reader #1 for port 38120
2019-10-04 02:48:42,276 [main] INFO  om.OzoneManager (OzoneManager.java:start(1069)) - OzoneManager RPC server is listening at localhost/127.0.0.1:38120
2019-10-04 02:48:42,276 [main] INFO  impl.MetricsSystemImpl (MetricsSystemImpl.java:init(158)) - OzoneManager metrics system started (again)
2019-10-04 02:48:42,277 [IPC Server Responder] INFO  ipc.Server (Server.java:run(1314)) - IPC Server Responder: starting
2019-10-04 02:48:42,277 [IPC Server listener on 38120] INFO  ipc.Server (Server.java:run(1153)) - IPC Server listener on 38120: starting
2019-10-04 02:48:42,281 [main] INFO  hdfs.DFSUtil (DFSUtil.java:httpServerTemplateForNNAndJN(1641)) - Starting Web-server for ozoneManager at: http://0.0.0.0:0
2019-10-04 02:48:42,283 [main] INFO  server.AuthenticationFilter (AuthenticationFilter.java:constructSecretProvider(240)) - Unable to initialize FileSignerSecretProvider, falling back to use random secrets.
2019-10-04 02:48:42,283 [main] WARN  http.HttpRequestLog (HttpRequestLog.java:getRequestLog(97)) - Jetty request log can only be enabled using Log4j
2019-10-04 02:48:42,285 [main] INFO  http.HttpServer2 (HttpServer2.java:addGlobalFilter(975)) - Added global filter 'safety' (class=org.apache.hadoop.http.HttpServer2$QuotingInputFilter)
2019-10-04 02:48:42,285 [main] INFO  http.HttpServer2 (HttpServer2.java:addFilter(948)) - Added filter static_user_filter (class=org.apache.hadoop.http.lib.StaticUserWebFilter$StaticUserFilter) to context ozoneManager
2019-10-04 02:48:42,286 [main] INFO  http.HttpServer2 (HttpServer2.java:addFilter(958)) - Added filter static_user_filter (class=org.apache.hadoop.http.lib.StaticUserWebFilter$StaticUserFilter) to context logs
2019-10-04 02:48:42,286 [main] INFO  http.HttpServer2 (HttpServer2.java:addFilter(958)) - Added filter static_user_filter (class=org.apache.hadoop.http.lib.StaticUserWebFilter$StaticUserFilter) to context static
2019-10-04 02:48:42,287 [main] INFO  http.HttpServer2 (HttpServer2.java:bindListener(1191)) - Jetty bound to port 45953
2019-10-04 02:48:42,287 [main] INFO  server.Server (Server.java:doStart(351)) - jetty-9.3.25.v20180904, build timestamp: 2018-09-04T21:11:46Z, git hash: 3ce520221d0240229c862b122d2b06c12a625732
2019-10-04 02:48:42,288 [main] INFO  handler.ContextHandler (ContextHandler.java:doStart(781)) - Started o.e.j.s.ServletContextHandler@2272cbb0{/logs,file:///workdir/hadoop-ozone/integration-test/target/log,AVAILABLE}
2019-10-04 02:48:42,288 [main] INFO  handler.ContextHandler (ContextHandler.java:doStart(781)) - Started o.e.j.s.ServletContextHandler@180b3819{/static,file:///workdir/hadoop-ozone/integration-test/target/test-classes/webapps/static,AVAILABLE}
2019-10-04 02:48:42,292 [main] INFO  handler.ContextHandler (ContextHandler.java:doStart(781)) - Started o.e.j.w.WebAppContext@5a058be5{/,file:///workdir/hadoop-ozone/integration-test/target/test-classes/webapps/ozoneManager/,AVAILABLE}{/ozoneManager}
2019-10-04 02:48:42,292 [main] INFO  server.AbstractConnector (AbstractConnector.java:doStart(278)) - Started ServerConnector@4eaf7902{HTTP/1.1,[http/1.1]}{0.0.0.0:45953}
2019-10-04 02:48:42,293 [main] INFO  server.Server (Server.java:doStart(419)) - Started @133679ms
2019-10-04 02:48:42,293 [main] WARN  impl.MetricsSystemImpl (MetricsSystemImpl.java:register(276)) - Sink prometheus already exists!
2019-10-04 02:48:42,294 [main] INFO  server.BaseHttpServer (BaseHttpServer.java:updateConnectorAddress(215)) - HTTP server of OZONEMANAGER is listening at http://0.0.0.0:45953
2019-10-04 02:48:42,308 [main] INFO  impl.MetricsSystemImpl (MetricsSystemImpl.java:init(158)) - HddsDatanode metrics system started (again)
2019-10-04 02:48:42,310 [main] INFO  ozone.HddsDatanodeService (HddsDatanodeService.java:start(184)) - HddsDatanodeService host:pr-hdds-2181-xhd89-2114587330 ip:192.168.164.196
2019-10-04 02:48:42,315 [main] INFO  volume.HddsVolume (HddsVolume.java:<init>(176)) - Creating Volume: /workdir/hadoop-ozone/integration-test/target/test-dir/MiniOzoneClusterImpl-68127e83-87a8-436e-a22b-35b6c2951a0a/datanode-0/data/containers/hdds of  storage type : DISK and capacity : 1482555576320
2019-10-04 02:48:42,315 [main] INFO  volume.VolumeSet (VolumeSet.java:initializeVolumeSet(170)) - Added Volume : /workdir/hadoop-ozone/integration-test/target/test-dir/MiniOzoneClusterImpl-68127e83-87a8-436e-a22b-35b6c2951a0a/datanode-0/data/containers/hdds to VolumeSet
2019-10-04 02:48:42,315 [main] INFO  volume.ThrottledAsyncChecker (ThrottledAsyncChecker.java:schedule(139)) - Scheduling a check for org.apache.hadoop.ozone.container.common.volume.HddsVolume@66c9b52f
2019-10-04 02:48:42,316 [main] INFO  volume.HddsVolumeChecker (HddsVolumeChecker.java:checkAllVolumes(202)) - Scheduled health check for volume org.apache.hadoop.ozone.container.common.volume.HddsVolume@66c9b52f
2019-10-04 02:48:42,328 [main] INFO  impl.RaftServerProxy (ConfUtils.java:logGet(43)) - raft.rpc.type = GRPC (default)
2019-10-04 02:48:42,329 [main] INFO  grpc.GrpcFactory (GrpcFactory.java:checkPooledByteBufAllocatorUseCacheForAllThreads(45)) - PERFORMANCE WARNING: useCacheForAllThreads is true that may cause Netty to create a lot garbage objects and, as a result, trigger GC.
	It is recommended to disable useCacheForAllThreads by setting -Dorg.apache.ratis.thirdparty.io.netty.allocator.useCacheForAllThreads=false in command line.
2019-10-04 02:48:42,329 [main] INFO  grpc.GrpcConfigKeys$Server (ConfUtils.java:logGet(43)) - raft.grpc.server.port = 0 (default)
2019-10-04 02:48:42,329 [main] INFO  server.GrpcService (ConfUtils.java:logGet(43)) - raft.grpc.message.size.max = 33570816 (custom)
2019-10-04 02:48:42,329 [main] INFO  server.RaftServerConfigKeys (ConfUtils.java:logGet(43)) - raft.server.log.appender.buffer.byte-limit = 33554432 (custom)
2019-10-04 02:48:42,330 [main] INFO  server.GrpcService (ConfUtils.java:logGet(43)) - raft.grpc.flow.control.window = 1MB (=1048576) (default)
2019-10-04 02:48:42,330 [main] INFO  server.RaftServerConfigKeys (ConfUtils.java:logGet(43)) - raft.server.rpc.request.timeout = 3000ms (default)
2019-10-04 02:48:42,331 [main] INFO  server.RaftServerConfigKeys (ConfUtils.java:logGet(43)) - raft.server.storage.dir = [/workdir/hadoop-ozone/integration-test/target/test-dir/MiniOzoneClusterImpl-68127e83-87a8-436e-a22b-35b6c2951a0a/datanode-0/data/ratis] (custom)
2019-10-04 02:48:42,332 [main] INFO  hdfs.DFSUtil (DFSUtil.java:httpServerTemplateForNNAndJN(1641)) - Starting Web-server for hddsDatanode at: http://0.0.0.0:0
2019-10-04 02:48:42,336 [main] INFO  server.AuthenticationFilter (AuthenticationFilter.java:constructSecretProvider(240)) - Unable to initialize FileSignerSecretProvider, falling back to use random secrets.
2019-10-04 02:48:42,337 [main] WARN  http.HttpRequestLog (HttpRequestLog.java:getRequestLog(97)) - Jetty request log can only be enabled using Log4j
2019-10-04 02:48:42,338 [main] INFO  http.HttpServer2 (HttpServer2.java:addGlobalFilter(975)) - Added global filter 'safety' (class=org.apache.hadoop.http.HttpServer2$QuotingInputFilter)
2019-10-04 02:48:42,339 [main] INFO  http.HttpServer2 (HttpServer2.java:addFilter(948)) - Added filter static_user_filter (class=org.apache.hadoop.http.lib.StaticUserWebFilter$StaticUserFilter) to context hddsDatanode
2019-10-04 02:48:42,339 [main] INFO  http.HttpServer2 (HttpServer2.java:addFilter(958)) - Added filter static_user_filter (class=org.apache.hadoop.http.lib.StaticUserWebFilter$StaticUserFilter) to context logs
2019-10-04 02:48:42,339 [main] INFO  http.HttpServer2 (HttpServer2.java:addFilter(958)) - Added filter static_user_filter (class=org.apache.hadoop.http.lib.StaticUserWebFilter$StaticUserFilter) to context static
2019-10-04 02:48:42,340 [main] INFO  http.HttpServer2 (HttpServer2.java:bindListener(1191)) - Jetty bound to port 38995
2019-10-04 02:48:42,340 [main] INFO  server.Server (Server.java:doStart(351)) - jetty-9.3.25.v20180904, build timestamp: 2018-09-04T21:11:46Z, git hash: 3ce520221d0240229c862b122d2b06c12a625732
2019-10-04 02:48:42,341 [main] INFO  handler.ContextHandler (ContextHandler.java:doStart(781)) - Started o.e.j.s.ServletContextHandler@3d620a1{/logs,file:///workdir/hadoop-ozone/integration-test/target/log,AVAILABLE}
2019-10-04 02:48:42,342 [main] INFO  handler.ContextHandler (ContextHandler.java:doStart(781)) - Started o.e.j.s.ServletContextHandler@51e3d37e{/static,jar:file:/home/user/.m2/repository/org/apache/hadoop/hadoop-hdds-container-service/0.5.0-SNAPSHOT/hadoop-hdds-container-service-0.5.0-SNAPSHOT.jar!/webapps/static,AVAILABLE}
2019-10-04 02:48:42,372 [main] INFO  handler.ContextHandler (ContextHandler.java:doStart(781)) - Started o.e.j.w.WebAppContext@4aa2877c{/,file:///tmp/jetty-0.0.0.0-38995-hddsDatanode-_-any-3967428985650124353.dir/webapp/,AVAILABLE}{/hddsDatanode}
2019-10-04 02:48:42,372 [main] INFO  server.AbstractConnector (AbstractConnector.java:doStart(278)) - Started ServerConnector@307e4c44{HTTP/1.1,[http/1.1]}{0.0.0.0:38995}
2019-10-04 02:48:42,375 [main] INFO  server.Server (Server.java:doStart(419)) - Started @133761ms
2019-10-04 02:48:42,375 [main] WARN  impl.MetricsSystemImpl (MetricsSystemImpl.java:register(276)) - Sink prometheus already exists!
2019-10-04 02:48:42,376 [main] INFO  server.BaseHttpServer (BaseHttpServer.java:updateConnectorAddress(215)) - HTTP server of HDDSDATANODE is listening at http://0.0.0.0:38995
2019-10-04 02:48:42,376 [main] INFO  impl.MetricsSystemImpl (MetricsSystemImpl.java:init(158)) - HddsDatanode metrics system started (again)
2019-10-04 02:48:42,379 [org.apache.hadoop.util.JvmPauseMonitor$Monitor@6e877b78] INFO  util.JvmPauseMonitor (JvmPauseMonitor.java:run(188)) - Starting JVM pause monitor
2019-10-04 02:48:42,380 [main] INFO  ozone.HddsDatanodeService (HddsDatanodeService.java:start(184)) - HddsDatanodeService host:pr-hdds-2181-xhd89-2114587330 ip:192.168.164.196
2019-10-04 02:48:42,381 [Datanode State Machine Thread - 0] INFO  datanode.InitDatanodeState (InitDatanodeState.java:persistContainerDatanodeDetails(140)) - DatanodeDetails is persisted to /workdir/hadoop-ozone/integration-test/target/test-dir/MiniOzoneClusterImpl-68127e83-87a8-436e-a22b-35b6c2951a0a/datanode-0/meta/datanode.id
2019-10-04 02:48:42,385 [main] INFO  volume.HddsVolume (HddsVolume.java:<init>(176)) - Creating Volume: /workdir/hadoop-ozone/integration-test/target/test-dir/MiniOzoneClusterImpl-68127e83-87a8-436e-a22b-35b6c2951a0a/datanode-1/data/containers/hdds of  storage type : DISK and capacity : 1482555576320
2019-10-04 02:48:42,386 [main] INFO  volume.VolumeSet (VolumeSet.java:initializeVolumeSet(170)) - Added Volume : /workdir/hadoop-ozone/integration-test/target/test-dir/MiniOzoneClusterImpl-68127e83-87a8-436e-a22b-35b6c2951a0a/datanode-1/data/containers/hdds to VolumeSet
2019-10-04 02:48:42,386 [main] INFO  volume.ThrottledAsyncChecker (ThrottledAsyncChecker.java:schedule(139)) - Scheduling a check for org.apache.hadoop.ozone.container.common.volume.HddsVolume@1e3ff233
2019-10-04 02:48:42,387 [main] INFO  volume.HddsVolumeChecker (HddsVolumeChecker.java:checkAllVolumes(202)) - Scheduled health check for volume org.apache.hadoop.ozone.container.common.volume.HddsVolume@1e3ff233
2019-10-04 02:48:42,404 [main] INFO  impl.RaftServerProxy (ConfUtils.java:logGet(43)) - raft.rpc.type = GRPC (default)
2019-10-04 02:48:42,404 [main] INFO  grpc.GrpcFactory (GrpcFactory.java:checkPooledByteBufAllocatorUseCacheForAllThreads(45)) - PERFORMANCE WARNING: useCacheForAllThreads is true that may cause Netty to create a lot garbage objects and, as a result, trigger GC.
	It is recommended to disable useCacheForAllThreads by setting -Dorg.apache.ratis.thirdparty.io.netty.allocator.useCacheForAllThreads=false in command line.
2019-10-04 02:48:42,405 [main] INFO  grpc.GrpcConfigKeys$Server (ConfUtils.java:logGet(43)) - raft.grpc.server.port = 0 (default)
2019-10-04 02:48:42,405 [main] INFO  server.GrpcService (ConfUtils.java:logGet(43)) - raft.grpc.message.size.max = 33570816 (custom)
2019-10-04 02:48:42,405 [main] INFO  server.RaftServerConfigKeys (ConfUtils.java:logGet(43)) - raft.server.log.appender.buffer.byte-limit = 33554432 (custom)
2019-10-04 02:48:42,405 [main] INFO  server.GrpcService (ConfUtils.java:logGet(43)) - raft.grpc.flow.control.window = 1MB (=1048576) (default)
2019-10-04 02:48:42,406 [main] INFO  server.RaftServerConfigKeys (ConfUtils.java:logGet(43)) - raft.server.rpc.request.timeout = 3000ms (default)
2019-10-04 02:48:42,406 [main] INFO  server.RaftServerConfigKeys (ConfUtils.java:logGet(43)) - raft.server.storage.dir = [/workdir/hadoop-ozone/integration-test/target/test-dir/MiniOzoneClusterImpl-68127e83-87a8-436e-a22b-35b6c2951a0a/datanode-1/data/ratis] (custom)
2019-10-04 02:48:42,410 [main] INFO  hdfs.DFSUtil (DFSUtil.java:httpServerTemplateForNNAndJN(1641)) - Starting Web-server for hddsDatanode at: http://0.0.0.0:0
2019-10-04 02:48:42,411 [main] INFO  server.AuthenticationFilter (AuthenticationFilter.java:constructSecretProvider(240)) - Unable to initialize FileSignerSecretProvider, falling back to use random secrets.
2019-10-04 02:48:42,412 [main] WARN  http.HttpRequestLog (HttpRequestLog.java:getRequestLog(97)) - Jetty request log can only be enabled using Log4j
2019-10-04 02:48:42,413 [main] INFO  http.HttpServer2 (HttpServer2.java:addGlobalFilter(975)) - Added global filter 'safety' (class=org.apache.hadoop.http.HttpServer2$QuotingInputFilter)
2019-10-04 02:48:42,414 [main] INFO  http.HttpServer2 (HttpServer2.java:addFilter(948)) - Added filter static_user_filter (class=org.apache.hadoop.http.lib.StaticUserWebFilter$StaticUserFilter) to context hddsDatanode
2019-10-04 02:48:42,414 [main] INFO  http.HttpServer2 (HttpServer2.java:addFilter(958)) - Added filter static_user_filter (class=org.apache.hadoop.http.lib.StaticUserWebFilter$StaticUserFilter) to context static
2019-10-04 02:48:42,414 [main] INFO  http.HttpServer2 (HttpServer2.java:addFilter(958)) - Added filter static_user_filter (class=org.apache.hadoop.http.lib.StaticUserWebFilter$StaticUserFilter) to context logs
2019-10-04 02:48:42,415 [main] INFO  http.HttpServer2 (HttpServer2.java:bindListener(1191)) - Jetty bound to port 35858
2019-10-04 02:48:42,415 [main] INFO  server.Server (Server.java:doStart(351)) - jetty-9.3.25.v20180904, build timestamp: 2018-09-04T21:11:46Z, git hash: 3ce520221d0240229c862b122d2b06c12a625732
2019-10-04 02:48:42,417 [main] INFO  handler.ContextHandler (ContextHandler.java:doStart(781)) - Started o.e.j.s.ServletContextHandler@691500ab{/logs,file:///workdir/hadoop-ozone/integration-test/target/log,AVAILABLE}
2019-10-04 02:48:42,418 [main] INFO  handler.ContextHandler (ContextHandler.java:doStart(781)) - Started o.e.j.s.ServletContextHandler@34414ffc{/static,jar:file:/home/user/.m2/repository/org/apache/hadoop/hadoop-hdds-container-service/0.5.0-SNAPSHOT/hadoop-hdds-container-service-0.5.0-SNAPSHOT.jar!/webapps/static,AVAILABLE}
2019-10-04 02:48:42,446 [main] INFO  handler.ContextHandler (ContextHandler.java:doStart(781)) - Started o.e.j.w.WebAppContext@73afe2b7{/,file:///tmp/jetty-0.0.0.0-35858-hddsDatanode-_-any-7006652874273421371.dir/webapp/,AVAILABLE}{/hddsDatanode}
2019-10-04 02:48:42,447 [main] INFO  server.AbstractConnector (AbstractConnector.java:doStart(278)) - Started ServerConnector@9687f55{HTTP/1.1,[http/1.1]}{0.0.0.0:35858}
2019-10-04 02:48:42,448 [main] INFO  server.Server (Server.java:doStart(419)) - Started @133834ms
2019-10-04 02:48:42,448 [main] WARN  impl.MetricsSystemImpl (MetricsSystemImpl.java:register(276)) - Sink prometheus already exists!
2019-10-04 02:48:42,448 [main] INFO  server.BaseHttpServer (BaseHttpServer.java:updateConnectorAddress(215)) - HTTP server of HDDSDATANODE is listening at http://0.0.0.0:35858
2019-10-04 02:48:42,449 [main] INFO  impl.MetricsSystemImpl (MetricsSystemImpl.java:init(158)) - HddsDatanode metrics system started (again)
2019-10-04 02:48:42,451 [org.apache.hadoop.util.JvmPauseMonitor$Monitor@465f20c8] INFO  util.JvmPauseMonitor (JvmPauseMonitor.java:run(188)) - Starting JVM pause monitor
2019-10-04 02:48:42,451 [main] INFO  ozone.HddsDatanodeService (HddsDatanodeService.java:start(184)) - HddsDatanodeService host:pr-hdds-2181-xhd89-2114587330 ip:192.168.164.196
2019-10-04 02:48:42,456 [main] INFO  volume.HddsVolume (HddsVolume.java:<init>(176)) - Creating Volume: /workdir/hadoop-ozone/integration-test/target/test-dir/MiniOzoneClusterImpl-68127e83-87a8-436e-a22b-35b6c2951a0a/datanode-2/data/containers/hdds of  storage type : DISK and capacity : 1482555576320
2019-10-04 02:48:42,457 [main] INFO  volume.VolumeSet (VolumeSet.java:initializeVolumeSet(170)) - Added Volume : /workdir/hadoop-ozone/integration-test/target/test-dir/MiniOzoneClusterImpl-68127e83-87a8-436e-a22b-35b6c2951a0a/datanode-2/data/containers/hdds to VolumeSet
2019-10-04 02:48:42,457 [main] INFO  volume.ThrottledAsyncChecker (ThrottledAsyncChecker.java:schedule(139)) - Scheduling a check for org.apache.hadoop.ozone.container.common.volume.HddsVolume@41b64020
2019-10-04 02:48:42,457 [Datanode State Machine Thread - 0] INFO  datanode.InitDatanodeState (InitDatanodeState.java:persistContainerDatanodeDetails(140)) - DatanodeDetails is persisted to /workdir/hadoop-ozone/integration-test/target/test-dir/MiniOzoneClusterImpl-68127e83-87a8-436e-a22b-35b6c2951a0a/datanode-1/meta/datanode.id
2019-10-04 02:48:42,457 [main] INFO  volume.HddsVolumeChecker (HddsVolumeChecker.java:checkAllVolumes(202)) - Scheduled health check for volume org.apache.hadoop.ozone.container.common.volume.HddsVolume@41b64020
2019-10-04 02:48:42,469 [main] INFO  impl.RaftServerProxy (ConfUtils.java:logGet(43)) - raft.rpc.type = GRPC (default)
2019-10-04 02:48:42,469 [main] INFO  grpc.GrpcFactory (GrpcFactory.java:checkPooledByteBufAllocatorUseCacheForAllThreads(45)) - PERFORMANCE WARNING: useCacheForAllThreads is true that may cause Netty to create a lot garbage objects and, as a result, trigger GC.
	It is recommended to disable useCacheForAllThreads by setting -Dorg.apache.ratis.thirdparty.io.netty.allocator.useCacheForAllThreads=false in command line.
2019-10-04 02:48:42,469 [main] INFO  grpc.GrpcConfigKeys$Server (ConfUtils.java:logGet(43)) - raft.grpc.server.port = 0 (default)
2019-10-04 02:48:42,469 [main] INFO  server.GrpcService (ConfUtils.java:logGet(43)) - raft.grpc.message.size.max = 33570816 (custom)
2019-10-04 02:48:42,470 [main] INFO  server.RaftServerConfigKeys (ConfUtils.java:logGet(43)) - raft.server.log.appender.buffer.byte-limit = 33554432 (custom)
2019-10-04 02:48:42,470 [main] INFO  server.GrpcService (ConfUtils.java:logGet(43)) - raft.grpc.flow.control.window = 1MB (=1048576) (default)
2019-10-04 02:48:42,470 [main] INFO  server.RaftServerConfigKeys (ConfUtils.java:logGet(43)) - raft.server.rpc.request.timeout = 3000ms (default)
2019-10-04 02:48:42,470 [main] INFO  server.RaftServerConfigKeys (ConfUtils.java:logGet(43)) - raft.server.storage.dir = [/workdir/hadoop-ozone/integration-test/target/test-dir/MiniOzoneClusterImpl-68127e83-87a8-436e-a22b-35b6c2951a0a/datanode-2/data/ratis] (custom)
2019-10-04 02:48:42,472 [main] INFO  hdfs.DFSUtil (DFSUtil.java:httpServerTemplateForNNAndJN(1641)) - Starting Web-server for hddsDatanode at: http://0.0.0.0:0
2019-10-04 02:48:42,473 [main] INFO  server.AuthenticationFilter (AuthenticationFilter.java:constructSecretProvider(240)) - Unable to initialize FileSignerSecretProvider, falling back to use random secrets.
2019-10-04 02:48:42,473 [main] WARN  http.HttpRequestLog (HttpRequestLog.java:getRequestLog(97)) - Jetty request log can only be enabled using Log4j
2019-10-04 02:48:42,474 [main] INFO  http.HttpServer2 (HttpServer2.java:addGlobalFilter(975)) - Added global filter 'safety' (class=org.apache.hadoop.http.HttpServer2$QuotingInputFilter)
2019-10-04 02:48:42,475 [main] INFO  http.HttpServer2 (HttpServer2.java:addFilter(948)) - Added filter static_user_filter (class=org.apache.hadoop.http.lib.StaticUserWebFilter$StaticUserFilter) to context hddsDatanode
2019-10-04 02:48:42,475 [main] INFO  http.HttpServer2 (HttpServer2.java:addFilter(958)) - Added filter static_user_filter (class=org.apache.hadoop.http.lib.StaticUserWebFilter$StaticUserFilter) to context logs
2019-10-04 02:48:42,475 [main] INFO  http.HttpServer2 (HttpServer2.java:addFilter(958)) - Added filter static_user_filter (class=org.apache.hadoop.http.lib.StaticUserWebFilter$StaticUserFilter) to context static
2019-10-04 02:48:42,476 [main] INFO  http.HttpServer2 (HttpServer2.java:bindListener(1191)) - Jetty bound to port 40079
2019-10-04 02:48:42,476 [main] INFO  server.Server (Server.java:doStart(351)) - jetty-9.3.25.v20180904, build timestamp: 2018-09-04T21:11:46Z, git hash: 3ce520221d0240229c862b122d2b06c12a625732
2019-10-04 02:48:42,477 [main] INFO  handler.ContextHandler (ContextHandler.java:doStart(781)) - Started o.e.j.s.ServletContextHandler@67bb4dcd{/logs,file:///workdir/hadoop-ozone/integration-test/target/log,AVAILABLE}
2019-10-04 02:48:42,478 [main] INFO  handler.ContextHandler (ContextHandler.java:doStart(781)) - Started o.e.j.s.ServletContextHandler@6fa2448b{/static,jar:file:/home/user/.m2/repository/org/apache/hadoop/hadoop-hdds-container-service/0.5.0-SNAPSHOT/hadoop-hdds-container-service-0.5.0-SNAPSHOT.jar!/webapps/static,AVAILABLE}
2019-10-04 02:48:42,506 [main] INFO  handler.ContextHandler (ContextHandler.java:doStart(781)) - Started o.e.j.w.WebAppContext@1cc8416a{/,file:///tmp/jetty-0.0.0.0-40079-hddsDatanode-_-any-453460137350243310.dir/webapp/,AVAILABLE}{/hddsDatanode}
2019-10-04 02:48:42,506 [main] INFO  server.AbstractConnector (AbstractConnector.java:doStart(278)) - Started ServerConnector@331ff3ac{HTTP/1.1,[http/1.1]}{0.0.0.0:40079}
2019-10-04 02:48:42,507 [main] INFO  server.Server (Server.java:doStart(419)) - Started @133893ms
2019-10-04 02:48:42,507 [main] WARN  impl.MetricsSystemImpl (MetricsSystemImpl.java:register(276)) - Sink prometheus already exists!
2019-10-04 02:48:42,508 [main] INFO  server.BaseHttpServer (BaseHttpServer.java:updateConnectorAddress(215)) - HTTP server of HDDSDATANODE is listening at http://0.0.0.0:40079
2019-10-04 02:48:42,508 [main] INFO  impl.MetricsSystemImpl (MetricsSystemImpl.java:init(158)) - HddsDatanode metrics system started (again)
2019-10-04 02:48:42,511 [org.apache.hadoop.util.JvmPauseMonitor$Monitor@3f958e24] INFO  util.JvmPauseMonitor (JvmPauseMonitor.java:run(188)) - Starting JVM pause monitor
2019-10-04 02:48:42,511 [main] INFO  ozone.HddsDatanodeService (HddsDatanodeService.java:start(184)) - HddsDatanodeService host:pr-hdds-2181-xhd89-2114587330 ip:192.168.164.196
2019-10-04 02:48:42,512 [Datanode State Machine Thread - 0] INFO  datanode.InitDatanodeState (InitDatanodeState.java:persistContainerDatanodeDetails(140)) - DatanodeDetails is persisted to /workdir/hadoop-ozone/integration-test/target/test-dir/MiniOzoneClusterImpl-68127e83-87a8-436e-a22b-35b6c2951a0a/datanode-2/meta/datanode.id
2019-10-04 02:48:42,517 [main] INFO  volume.HddsVolume (HddsVolume.java:<init>(176)) - Creating Volume: /workdir/hadoop-ozone/integration-test/target/test-dir/MiniOzoneClusterImpl-68127e83-87a8-436e-a22b-35b6c2951a0a/datanode-3/data/containers/hdds of  storage type : DISK and capacity : 1482555576320
2019-10-04 02:48:42,517 [main] INFO  volume.VolumeSet (VolumeSet.java:initializeVolumeSet(170)) - Added Volume : /workdir/hadoop-ozone/integration-test/target/test-dir/MiniOzoneClusterImpl-68127e83-87a8-436e-a22b-35b6c2951a0a/datanode-3/data/containers/hdds to VolumeSet
2019-10-04 02:48:42,517 [main] INFO  volume.ThrottledAsyncChecker (ThrottledAsyncChecker.java:schedule(139)) - Scheduling a check for org.apache.hadoop.ozone.container.common.volume.HddsVolume@11dcd42c
2019-10-04 02:48:42,517 [main] INFO  volume.HddsVolumeChecker (HddsVolumeChecker.java:checkAllVolumes(202)) - Scheduled health check for volume org.apache.hadoop.ozone.container.common.volume.HddsVolume@11dcd42c
2019-10-04 02:48:42,530 [main] INFO  impl.RaftServerProxy (ConfUtils.java:logGet(43)) - raft.rpc.type = GRPC (default)
2019-10-04 02:48:42,531 [main] INFO  grpc.GrpcFactory (GrpcFactory.java:checkPooledByteBufAllocatorUseCacheForAllThreads(45)) - PERFORMANCE WARNING: useCacheForAllThreads is true that may cause Netty to create a lot garbage objects and, as a result, trigger GC.
	It is recommended to disable useCacheForAllThreads by setting -Dorg.apache.ratis.thirdparty.io.netty.allocator.useCacheForAllThreads=false in command line.
2019-10-04 02:48:42,531 [main] INFO  grpc.GrpcConfigKeys$Server (ConfUtils.java:logGet(43)) - raft.grpc.server.port = 0 (default)
2019-10-04 02:48:42,531 [main] INFO  server.GrpcService (ConfUtils.java:logGet(43)) - raft.grpc.message.size.max = 33570816 (custom)
2019-10-04 02:48:42,531 [main] INFO  server.RaftServerConfigKeys (ConfUtils.java:logGet(43)) - raft.server.log.appender.buffer.byte-limit = 33554432 (custom)
2019-10-04 02:48:42,531 [main] INFO  server.GrpcService (ConfUtils.java:logGet(43)) - raft.grpc.flow.control.window = 1MB (=1048576) (default)
2019-10-04 02:48:42,531 [main] INFO  server.RaftServerConfigKeys (ConfUtils.java:logGet(43)) - raft.server.rpc.request.timeout = 3000ms (default)
2019-10-04 02:48:42,532 [main] INFO  server.RaftServerConfigKeys (ConfUtils.java:logGet(43)) - raft.server.storage.dir = [/workdir/hadoop-ozone/integration-test/target/test-dir/MiniOzoneClusterImpl-68127e83-87a8-436e-a22b-35b6c2951a0a/datanode-3/data/ratis] (custom)
2019-10-04 02:48:42,533 [main] INFO  hdfs.DFSUtil (DFSUtil.java:httpServerTemplateForNNAndJN(1641)) - Starting Web-server for hddsDatanode at: http://0.0.0.0:0
2019-10-04 02:48:42,534 [main] INFO  server.AuthenticationFilter (AuthenticationFilter.java:constructSecretProvider(240)) - Unable to initialize FileSignerSecretProvider, falling back to use random secrets.
2019-10-04 02:48:42,534 [main] WARN  http.HttpRequestLog (HttpRequestLog.java:getRequestLog(97)) - Jetty request log can only be enabled using Log4j
2019-10-04 02:48:42,536 [main] INFO  http.HttpServer2 (HttpServer2.java:addGlobalFilter(975)) - Added global filter 'safety' (class=org.apache.hadoop.http.HttpServer2$QuotingInputFilter)
2019-10-04 02:48:42,536 [main] INFO  http.HttpServer2 (HttpServer2.java:addFilter(948)) - Added filter static_user_filter (class=org.apache.hadoop.http.lib.StaticUserWebFilter$StaticUserFilter) to context hddsDatanode
2019-10-04 02:48:42,536 [main] INFO  http.HttpServer2 (HttpServer2.java:addFilter(958)) - Added filter static_user_filter (class=org.apache.hadoop.http.lib.StaticUserWebFilter$StaticUserFilter) to context static
2019-10-04 02:48:42,536 [main] INFO  http.HttpServer2 (HttpServer2.java:addFilter(958)) - Added filter static_user_filter (class=org.apache.hadoop.http.lib.StaticUserWebFilter$StaticUserFilter) to context logs
2019-10-04 02:48:42,537 [main] INFO  http.HttpServer2 (HttpServer2.java:bindListener(1191)) - Jetty bound to port 43006
2019-10-04 02:48:42,537 [main] INFO  server.Server (Server.java:doStart(351)) - jetty-9.3.25.v20180904, build timestamp: 2018-09-04T21:11:46Z, git hash: 3ce520221d0240229c862b122d2b06c12a625732
2019-10-04 02:48:42,538 [main] INFO  handler.ContextHandler (ContextHandler.java:doStart(781)) - Started o.e.j.s.ServletContextHandler@2251b3bc{/logs,file:///workdir/hadoop-ozone/integration-test/target/log,AVAILABLE}
2019-10-04 02:48:42,539 [main] INFO  handler.ContextHandler (ContextHandler.java:doStart(781)) - Started o.e.j.s.ServletContextHandler@3c232051{/static,jar:file:/home/user/.m2/repository/org/apache/hadoop/hadoop-hdds-container-service/0.5.0-SNAPSHOT/hadoop-hdds-container-service-0.5.0-SNAPSHOT.jar!/webapps/static,AVAILABLE}
2019-10-04 02:48:42,566 [main] INFO  handler.ContextHandler (ContextHandler.java:doStart(781)) - Started o.e.j.w.WebAppContext@67f63d26{/,file:///tmp/jetty-0.0.0.0-43006-hddsDatanode-_-any-871144186936732278.dir/webapp/,AVAILABLE}{/hddsDatanode}
2019-10-04 02:48:42,567 [main] INFO  server.AbstractConnector (AbstractConnector.java:doStart(278)) - Started ServerConnector@536b71b4{HTTP/1.1,[http/1.1]}{0.0.0.0:43006}
2019-10-04 02:48:42,568 [main] INFO  server.Server (Server.java:doStart(419)) - Started @133954ms
2019-10-04 02:48:42,568 [main] WARN  impl.MetricsSystemImpl (MetricsSystemImpl.java:register(276)) - Sink prometheus already exists!
2019-10-04 02:48:42,569 [main] INFO  server.BaseHttpServer (BaseHttpServer.java:updateConnectorAddress(215)) - HTTP server of HDDSDATANODE is listening at http://0.0.0.0:43006
2019-10-04 02:48:42,569 [main] INFO  impl.MetricsSystemImpl (MetricsSystemImpl.java:init(158)) - HddsDatanode metrics system started (again)
2019-10-04 02:48:42,572 [org.apache.hadoop.util.JvmPauseMonitor$Monitor@3cb59701] INFO  util.JvmPauseMonitor (JvmPauseMonitor.java:run(188)) - Starting JVM pause monitor
2019-10-04 02:48:42,572 [main] INFO  ozone.HddsDatanodeService (HddsDatanodeService.java:start(184)) - HddsDatanodeService host:pr-hdds-2181-xhd89-2114587330 ip:192.168.164.196
2019-10-04 02:48:42,575 [Datanode State Machine Thread - 0] INFO  datanode.InitDatanodeState (InitDatanodeState.java:persistContainerDatanodeDetails(140)) - DatanodeDetails is persisted to /workdir/hadoop-ozone/integration-test/target/test-dir/MiniOzoneClusterImpl-68127e83-87a8-436e-a22b-35b6c2951a0a/datanode-3/meta/datanode.id
2019-10-04 02:48:42,585 [main] INFO  volume.HddsVolume (HddsVolume.java:<init>(176)) - Creating Volume: /workdir/hadoop-ozone/integration-test/target/test-dir/MiniOzoneClusterImpl-68127e83-87a8-436e-a22b-35b6c2951a0a/datanode-4/data/containers/hdds of  storage type : DISK and capacity : 1482555576320
2019-10-04 02:48:42,585 [main] INFO  volume.VolumeSet (VolumeSet.java:initializeVolumeSet(170)) - Added Volume : /workdir/hadoop-ozone/integration-test/target/test-dir/MiniOzoneClusterImpl-68127e83-87a8-436e-a22b-35b6c2951a0a/datanode-4/data/containers/hdds to VolumeSet
2019-10-04 02:48:42,585 [main] INFO  volume.ThrottledAsyncChecker (ThrottledAsyncChecker.java:schedule(139)) - Scheduling a check for org.apache.hadoop.ozone.container.common.volume.HddsVolume@7f79edee
2019-10-04 02:48:42,586 [main] INFO  volume.HddsVolumeChecker (HddsVolumeChecker.java:checkAllVolumes(202)) - Scheduled health check for volume org.apache.hadoop.ozone.container.common.volume.HddsVolume@7f79edee
2019-10-04 02:48:42,603 [main] INFO  impl.RaftServerProxy (ConfUtils.java:logGet(43)) - raft.rpc.type = GRPC (default)
2019-10-04 02:48:42,604 [main] INFO  grpc.GrpcFactory (GrpcFactory.java:checkPooledByteBufAllocatorUseCacheForAllThreads(45)) - PERFORMANCE WARNING: useCacheForAllThreads is true that may cause Netty to create a lot garbage objects and, as a result, trigger GC.
	It is recommended to disable useCacheForAllThreads by setting -Dorg.apache.ratis.thirdparty.io.netty.allocator.useCacheForAllThreads=false in command line.
2019-10-04 02:48:42,604 [main] INFO  grpc.GrpcConfigKeys$Server (ConfUtils.java:logGet(43)) - raft.grpc.server.port = 0 (default)
2019-10-04 02:48:42,604 [main] INFO  server.GrpcService (ConfUtils.java:logGet(43)) - raft.grpc.message.size.max = 33570816 (custom)
2019-10-04 02:48:42,605 [main] INFO  server.RaftServerConfigKeys (ConfUtils.java:logGet(43)) - raft.server.log.appender.buffer.byte-limit = 33554432 (custom)
2019-10-04 02:48:42,605 [main] INFO  server.GrpcService (ConfUtils.java:logGet(43)) - raft.grpc.flow.control.window = 1MB (=1048576) (default)
2019-10-04 02:48:42,605 [main] INFO  server.RaftServerConfigKeys (ConfUtils.java:logGet(43)) - raft.server.rpc.request.timeout = 3000ms (default)
2019-10-04 02:48:42,606 [main] INFO  server.RaftServerConfigKeys (ConfUtils.java:logGet(43)) - raft.server.storage.dir = [/workdir/hadoop-ozone/integration-test/target/test-dir/MiniOzoneClusterImpl-68127e83-87a8-436e-a22b-35b6c2951a0a/datanode-4/data/ratis] (custom)
2019-10-04 02:48:42,608 [main] INFO  hdfs.DFSUtil (DFSUtil.java:httpServerTemplateForNNAndJN(1641)) - Starting Web-server for hddsDatanode at: http://0.0.0.0:0
2019-10-04 02:48:42,610 [main] INFO  server.AuthenticationFilter (AuthenticationFilter.java:constructSecretProvider(240)) - Unable to initialize FileSignerSecretProvider, falling back to use random secrets.
2019-10-04 02:48:42,611 [main] WARN  http.HttpRequestLog (HttpRequestLog.java:getRequestLog(97)) - Jetty request log can only be enabled using Log4j
2019-10-04 02:48:42,613 [main] INFO  http.HttpServer2 (HttpServer2.java:addGlobalFilter(975)) - Added global filter 'safety' (class=org.apache.hadoop.http.HttpServer2$QuotingInputFilter)
2019-10-04 02:48:42,613 [main] INFO  http.HttpServer2 (HttpServer2.java:addFilter(948)) - Added filter static_user_filter (class=org.apache.hadoop.http.lib.StaticUserWebFilter$StaticUserFilter) to context hddsDatanode
2019-10-04 02:48:42,614 [main] INFO  http.HttpServer2 (HttpServer2.java:addFilter(958)) - Added filter static_user_filter (class=org.apache.hadoop.http.lib.StaticUserWebFilter$StaticUserFilter) to context logs
2019-10-04 02:48:42,614 [main] INFO  http.HttpServer2 (HttpServer2.java:addFilter(958)) - Added filter static_user_filter (class=org.apache.hadoop.http.lib.StaticUserWebFilter$StaticUserFilter) to context static
2019-10-04 02:48:42,615 [main] INFO  http.HttpServer2 (HttpServer2.java:bindListener(1191)) - Jetty bound to port 35455
2019-10-04 02:48:42,615 [main] INFO  server.Server (Server.java:doStart(351)) - jetty-9.3.25.v20180904, build timestamp: 2018-09-04T21:11:46Z, git hash: 3ce520221d0240229c862b122d2b06c12a625732
2019-10-04 02:48:42,617 [main] INFO  handler.ContextHandler (ContextHandler.java:doStart(781)) - Started o.e.j.s.ServletContextHandler@4391a2d8{/logs,file:///workdir/hadoop-ozone/integration-test/target/log,AVAILABLE}
2019-10-04 02:48:42,618 [main] INFO  handler.ContextHandler (ContextHandler.java:doStart(781)) - Started o.e.j.s.ServletContextHandler@71e7adbb{/static,jar:file:/home/user/.m2/repository/org/apache/hadoop/hadoop-hdds-container-service/0.5.0-SNAPSHOT/hadoop-hdds-container-service-0.5.0-SNAPSHOT.jar!/webapps/static,AVAILABLE}
2019-10-04 02:48:42,651 [main] INFO  handler.ContextHandler (ContextHandler.java:doStart(781)) - Started o.e.j.w.WebAppContext@6fe595dc{/,file:///tmp/jetty-0.0.0.0-35455-hddsDatanode-_-any-2900235592516199123.dir/webapp/,AVAILABLE}{/hddsDatanode}
2019-10-04 02:48:42,651 [main] INFO  server.AbstractConnector (AbstractConnector.java:doStart(278)) - Started ServerConnector@5af5d76f{HTTP/1.1,[http/1.1]}{0.0.0.0:35455}
2019-10-04 02:48:42,653 [main] INFO  server.Server (Server.java:doStart(419)) - Started @134039ms
2019-10-04 02:48:42,653 [main] WARN  impl.MetricsSystemImpl (MetricsSystemImpl.java:register(276)) - Sink prometheus already exists!
2019-10-04 02:48:42,654 [main] INFO  server.BaseHttpServer (BaseHttpServer.java:updateConnectorAddress(215)) - HTTP server of HDDSDATANODE is listening at http://0.0.0.0:35455
2019-10-04 02:48:42,654 [main] INFO  impl.MetricsSystemImpl (MetricsSystemImpl.java:init(158)) - HddsDatanode metrics system started (again)
2019-10-04 02:48:42,657 [org.apache.hadoop.util.JvmPauseMonitor$Monitor@39a7d934] INFO  util.JvmPauseMonitor (JvmPauseMonitor.java:run(188)) - Starting JVM pause monitor
2019-10-04 02:48:42,658 [main] INFO  ozone.HddsDatanodeService (HddsDatanodeService.java:start(184)) - HddsDatanodeService host:pr-hdds-2181-xhd89-2114587330 ip:192.168.164.196
2019-10-04 02:48:42,659 [Datanode State Machine Thread - 0] INFO  datanode.InitDatanodeState (InitDatanodeState.java:persistContainerDatanodeDetails(140)) - DatanodeDetails is persisted to /workdir/hadoop-ozone/integration-test/target/test-dir/MiniOzoneClusterImpl-68127e83-87a8-436e-a22b-35b6c2951a0a/datanode-4/meta/datanode.id
2019-10-04 02:48:42,664 [main] INFO  volume.HddsVolume (HddsVolume.java:<init>(176)) - Creating Volume: /workdir/hadoop-ozone/integration-test/target/test-dir/MiniOzoneClusterImpl-68127e83-87a8-436e-a22b-35b6c2951a0a/datanode-5/data/containers/hdds of  storage type : DISK and capacity : 1482555576320
2019-10-04 02:48:42,664 [main] INFO  volume.VolumeSet (VolumeSet.java:initializeVolumeSet(170)) - Added Volume : /workdir/hadoop-ozone/integration-test/target/test-dir/MiniOzoneClusterImpl-68127e83-87a8-436e-a22b-35b6c2951a0a/datanode-5/data/containers/hdds to VolumeSet
2019-10-04 02:48:42,664 [main] INFO  volume.ThrottledAsyncChecker (ThrottledAsyncChecker.java:schedule(139)) - Scheduling a check for org.apache.hadoop.ozone.container.common.volume.HddsVolume@2921a36a
2019-10-04 02:48:42,664 [main] INFO  volume.HddsVolumeChecker (HddsVolumeChecker.java:checkAllVolumes(202)) - Scheduled health check for volume org.apache.hadoop.ozone.container.common.volume.HddsVolume@2921a36a
2019-10-04 02:48:42,677 [main] INFO  impl.RaftServerProxy (ConfUtils.java:logGet(43)) - raft.rpc.type = GRPC (default)
2019-10-04 02:48:42,677 [main] INFO  grpc.GrpcFactory (GrpcFactory.java:checkPooledByteBufAllocatorUseCacheForAllThreads(45)) - PERFORMANCE WARNING: useCacheForAllThreads is true that may cause Netty to create a lot garbage objects and, as a result, trigger GC.
	It is recommended to disable useCacheForAllThreads by setting -Dorg.apache.ratis.thirdparty.io.netty.allocator.useCacheForAllThreads=false in command line.
2019-10-04 02:48:42,677 [main] INFO  grpc.GrpcConfigKeys$Server (ConfUtils.java:logGet(43)) - raft.grpc.server.port = 0 (default)
2019-10-04 02:48:42,677 [main] INFO  server.GrpcService (ConfUtils.java:logGet(43)) - raft.grpc.message.size.max = 33570816 (custom)
2019-10-04 02:48:42,677 [main] INFO  server.RaftServerConfigKeys (ConfUtils.java:logGet(43)) - raft.server.log.appender.buffer.byte-limit = 33554432 (custom)
2019-10-04 02:48:42,678 [main] INFO  server.GrpcService (ConfUtils.java:logGet(43)) - raft.grpc.flow.control.window = 1MB (=1048576) (default)
2019-10-04 02:48:42,678 [main] INFO  server.RaftServerConfigKeys (ConfUtils.java:logGet(43)) - raft.server.rpc.request.timeout = 3000ms (default)
2019-10-04 02:48:42,678 [main] INFO  server.RaftServerConfigKeys (ConfUtils.java:logGet(43)) - raft.server.storage.dir = [/workdir/hadoop-ozone/integration-test/target/test-dir/MiniOzoneClusterImpl-68127e83-87a8-436e-a22b-35b6c2951a0a/datanode-5/data/ratis] (custom)
2019-10-04 02:48:42,679 [main] INFO  hdfs.DFSUtil (DFSUtil.java:httpServerTemplateForNNAndJN(1641)) - Starting Web-server for hddsDatanode at: http://0.0.0.0:0
2019-10-04 02:48:42,680 [main] INFO  server.AuthenticationFilter (AuthenticationFilter.java:constructSecretProvider(240)) - Unable to initialize FileSignerSecretProvider, falling back to use random secrets.
2019-10-04 02:48:42,681 [main] WARN  http.HttpRequestLog (HttpRequestLog.java:getRequestLog(97)) - Jetty request log can only be enabled using Log4j
2019-10-04 02:48:42,682 [main] INFO  http.HttpServer2 (HttpServer2.java:addGlobalFilter(975)) - Added global filter 'safety' (class=org.apache.hadoop.http.HttpServer2$QuotingInputFilter)
2019-10-04 02:48:42,682 [main] INFO  http.HttpServer2 (HttpServer2.java:addFilter(948)) - Added filter static_user_filter (class=org.apache.hadoop.http.lib.StaticUserWebFilter$StaticUserFilter) to context hddsDatanode
2019-10-04 02:48:42,683 [main] INFO  http.HttpServer2 (HttpServer2.java:addFilter(958)) - Added filter static_user_filter (class=org.apache.hadoop.http.lib.StaticUserWebFilter$StaticUserFilter) to context static
2019-10-04 02:48:42,683 [main] INFO  http.HttpServer2 (HttpServer2.java:addFilter(958)) - Added filter static_user_filter (class=org.apache.hadoop.http.lib.StaticUserWebFilter$StaticUserFilter) to context logs
2019-10-04 02:48:42,683 [main] INFO  http.HttpServer2 (HttpServer2.java:bindListener(1191)) - Jetty bound to port 37137
2019-10-04 02:48:42,684 [main] INFO  server.Server (Server.java:doStart(351)) - jetty-9.3.25.v20180904, build timestamp: 2018-09-04T21:11:46Z, git hash: 3ce520221d0240229c862b122d2b06c12a625732
2019-10-04 02:48:42,685 [main] INFO  handler.ContextHandler (ContextHandler.java:doStart(781)) - Started o.e.j.s.ServletContextHandler@6f9e08d4{/logs,file:///workdir/hadoop-ozone/integration-test/target/log,AVAILABLE}
2019-10-04 02:48:42,685 [main] INFO  handler.ContextHandler (ContextHandler.java:doStart(781)) - Started o.e.j.s.ServletContextHandler@704067c6{/static,jar:file:/home/user/.m2/repository/org/apache/hadoop/hadoop-hdds-container-service/0.5.0-SNAPSHOT/hadoop-hdds-container-service-0.5.0-SNAPSHOT.jar!/webapps/static,AVAILABLE}
2019-10-04 02:48:42,713 [main] INFO  handler.ContextHandler (ContextHandler.java:doStart(781)) - Started o.e.j.w.WebAppContext@3fe512d2{/,file:///tmp/jetty-0.0.0.0-37137-hddsDatanode-_-any-6258136731411384660.dir/webapp/,AVAILABLE}{/hddsDatanode}
2019-10-04 02:48:42,714 [main] INFO  server.AbstractConnector (AbstractConnector.java:doStart(278)) - Started ServerConnector@3fde8f7c{HTTP/1.1,[http/1.1]}{0.0.0.0:37137}
2019-10-04 02:48:42,715 [main] INFO  server.Server (Server.java:doStart(419)) - Started @134101ms
2019-10-04 02:48:42,715 [main] WARN  impl.MetricsSystemImpl (MetricsSystemImpl.java:register(276)) - Sink prometheus already exists!
2019-10-04 02:48:42,716 [main] INFO  server.BaseHttpServer (BaseHttpServer.java:updateConnectorAddress(215)) - HTTP server of HDDSDATANODE is listening at http://0.0.0.0:37137
2019-10-04 02:48:42,716 [main] INFO  impl.MetricsSystemImpl (MetricsSystemImpl.java:init(158)) - HddsDatanode metrics system started (again)
2019-10-04 02:48:42,719 [org.apache.hadoop.util.JvmPauseMonitor$Monitor@5459f1d] INFO  util.JvmPauseMonitor (JvmPauseMonitor.java:run(188)) - Starting JVM pause monitor
2019-10-04 02:48:42,720 [main] INFO  ozone.HddsDatanodeService (HddsDatanodeService.java:start(184)) - HddsDatanodeService host:pr-hdds-2181-xhd89-2114587330 ip:192.168.164.196
2019-10-04 02:48:42,720 [Datanode State Machine Thread - 0] INFO  datanode.InitDatanodeState (InitDatanodeState.java:persistContainerDatanodeDetails(140)) - DatanodeDetails is persisted to /workdir/hadoop-ozone/integration-test/target/test-dir/MiniOzoneClusterImpl-68127e83-87a8-436e-a22b-35b6c2951a0a/datanode-5/meta/datanode.id
2019-10-04 02:48:42,725 [main] INFO  volume.HddsVolume (HddsVolume.java:<init>(176)) - Creating Volume: /workdir/hadoop-ozone/integration-test/target/test-dir/MiniOzoneClusterImpl-68127e83-87a8-436e-a22b-35b6c2951a0a/datanode-6/data/containers/hdds of  storage type : DISK and capacity : 1482555576320
2019-10-04 02:48:42,725 [main] INFO  volume.VolumeSet (VolumeSet.java:initializeVolumeSet(170)) - Added Volume : /workdir/hadoop-ozone/integration-test/target/test-dir/MiniOzoneClusterImpl-68127e83-87a8-436e-a22b-35b6c2951a0a/datanode-6/data/containers/hdds to VolumeSet
2019-10-04 02:48:42,725 [main] INFO  volume.ThrottledAsyncChecker (ThrottledAsyncChecker.java:schedule(139)) - Scheduling a check for org.apache.hadoop.ozone.container.common.volume.HddsVolume@122635ef
2019-10-04 02:48:42,726 [main] INFO  volume.HddsVolumeChecker (HddsVolumeChecker.java:checkAllVolumes(202)) - Scheduled health check for volume org.apache.hadoop.ozone.container.common.volume.HddsVolume@122635ef
2019-10-04 02:48:42,738 [main] INFO  impl.RaftServerProxy (ConfUtils.java:logGet(43)) - raft.rpc.type = GRPC (default)
2019-10-04 02:48:42,738 [main] INFO  grpc.GrpcFactory (GrpcFactory.java:checkPooledByteBufAllocatorUseCacheForAllThreads(45)) - PERFORMANCE WARNING: useCacheForAllThreads is true that may cause Netty to create a lot garbage objects and, as a result, trigger GC.
	It is recommended to disable useCacheForAllThreads by setting -Dorg.apache.ratis.thirdparty.io.netty.allocator.useCacheForAllThreads=false in command line.
2019-10-04 02:48:42,739 [main] INFO  grpc.GrpcConfigKeys$Server (ConfUtils.java:logGet(43)) - raft.grpc.server.port = 0 (default)
2019-10-04 02:48:42,739 [main] INFO  server.GrpcService (ConfUtils.java:logGet(43)) - raft.grpc.message.size.max = 33570816 (custom)
2019-10-04 02:48:42,739 [main] INFO  server.RaftServerConfigKeys (ConfUtils.java:logGet(43)) - raft.server.log.appender.buffer.byte-limit = 33554432 (custom)
2019-10-04 02:48:42,739 [main] INFO  server.GrpcService (ConfUtils.java:logGet(43)) - raft.grpc.flow.control.window = 1MB (=1048576) (default)
2019-10-04 02:48:42,739 [main] INFO  server.RaftServerConfigKeys (ConfUtils.java:logGet(43)) - raft.server.rpc.request.timeout = 3000ms (default)
2019-10-04 02:48:42,740 [main] INFO  server.RaftServerConfigKeys (ConfUtils.java:logGet(43)) - raft.server.storage.dir = [/workdir/hadoop-ozone/integration-test/target/test-dir/MiniOzoneClusterImpl-68127e83-87a8-436e-a22b-35b6c2951a0a/datanode-6/data/ratis] (custom)
2019-10-04 02:48:42,741 [main] INFO  hdfs.DFSUtil (DFSUtil.java:httpServerTemplateForNNAndJN(1641)) - Starting Web-server for hddsDatanode at: http://0.0.0.0:0
2019-10-04 02:48:42,742 [main] INFO  server.AuthenticationFilter (AuthenticationFilter.java:constructSecretProvider(240)) - Unable to initialize FileSignerSecretProvider, falling back to use random secrets.
2019-10-04 02:48:42,742 [main] WARN  http.HttpRequestLog (HttpRequestLog.java:getRequestLog(97)) - Jetty request log can only be enabled using Log4j
2019-10-04 02:48:42,743 [main] INFO  http.HttpServer2 (HttpServer2.java:addGlobalFilter(975)) - Added global filter 'safety' (class=org.apache.hadoop.http.HttpServer2$QuotingInputFilter)
2019-10-04 02:48:42,744 [main] INFO  http.HttpServer2 (HttpServer2.java:addFilter(948)) - Added filter static_user_filter (class=org.apache.hadoop.http.lib.StaticUserWebFilter$StaticUserFilter) to context hddsDatanode
2019-10-04 02:48:42,744 [main] INFO  http.HttpServer2 (HttpServer2.java:addFilter(958)) - Added filter static_user_filter (class=org.apache.hadoop.http.lib.StaticUserWebFilter$StaticUserFilter) to context logs
2019-10-04 02:48:42,744 [main] INFO  http.HttpServer2 (HttpServer2.java:addFilter(958)) - Added filter static_user_filter (class=org.apache.hadoop.http.lib.StaticUserWebFilter$StaticUserFilter) to context static
2019-10-04 02:48:42,745 [main] INFO  http.HttpServer2 (HttpServer2.java:bindListener(1191)) - Jetty bound to port 43440
2019-10-04 02:48:42,745 [main] INFO  server.Server (Server.java:doStart(351)) - jetty-9.3.25.v20180904, build timestamp: 2018-09-04T21:11:46Z, git hash: 3ce520221d0240229c862b122d2b06c12a625732
2019-10-04 02:48:42,746 [main] INFO  handler.ContextHandler (ContextHandler.java:doStart(781)) - Started o.e.j.s.ServletContextHandler@59a2388e{/logs,file:///workdir/hadoop-ozone/integration-test/target/log,AVAILABLE}
2019-10-04 02:48:42,747 [main] INFO  handler.ContextHandler (ContextHandler.java:doStart(781)) - Started o.e.j.s.ServletContextHandler@3dc40ab9{/static,jar:file:/home/user/.m2/repository/org/apache/hadoop/hadoop-hdds-container-service/0.5.0-SNAPSHOT/hadoop-hdds-container-service-0.5.0-SNAPSHOT.jar!/webapps/static,AVAILABLE}
2019-10-04 02:48:42,775 [main] INFO  handler.ContextHandler (ContextHandler.java:doStart(781)) - Started o.e.j.w.WebAppContext@23468512{/,file:///tmp/jetty-0.0.0.0-43440-hddsDatanode-_-any-3858991743514260225.dir/webapp/,AVAILABLE}{/hddsDatanode}
2019-10-04 02:48:42,775 [main] INFO  server.AbstractConnector (AbstractConnector.java:doStart(278)) - Started ServerConnector@69cd7630{HTTP/1.1,[http/1.1]}{0.0.0.0:43440}
2019-10-04 02:48:42,777 [main] INFO  server.Server (Server.java:doStart(419)) - Started @134162ms
2019-10-04 02:48:42,777 [main] WARN  impl.MetricsSystemImpl (MetricsSystemImpl.java:register(276)) - Sink prometheus already exists!
2019-10-04 02:48:42,777 [main] INFO  server.BaseHttpServer (BaseHttpServer.java:updateConnectorAddress(215)) - HTTP server of HDDSDATANODE is listening at http://0.0.0.0:43440
2019-10-04 02:48:42,778 [main] INFO  ozone.MiniOzoneClusterImpl (MiniOzoneClusterImpl.java:lambda$waitForClusterToBeReady$0(147)) - Waiting for cluster to be ready. Got 0 of 7 DN Heartbeats.
2019-10-04 02:48:42,779 [org.apache.hadoop.util.JvmPauseMonitor$Monitor@18d03afe] INFO  util.JvmPauseMonitor (JvmPauseMonitor.java:run(188)) - Starting JVM pause monitor
2019-10-04 02:48:42,780 [Datanode State Machine Thread - 0] INFO  datanode.InitDatanodeState (InitDatanodeState.java:persistContainerDatanodeDetails(140)) - DatanodeDetails is persisted to /workdir/hadoop-ozone/integration-test/target/test-dir/MiniOzoneClusterImpl-68127e83-87a8-436e-a22b-35b6c2951a0a/datanode-6/meta/datanode.id
2019-10-04 02:48:43,778 [main] INFO  ozone.MiniOzoneClusterImpl (MiniOzoneClusterImpl.java:lambda$waitForClusterToBeReady$0(147)) - Waiting for cluster to be ready. Got 0 of 7 DN Heartbeats.
2019-10-04 02:48:44,439 [Datanode State Machine Thread - 0] INFO  ozoneimpl.OzoneContainer (OzoneContainer.java:start(217)) - Attempting to start container services.
2019-10-04 02:48:44,440 [Datanode State Machine Thread - 0] INFO  ozoneimpl.OzoneContainer (OzoneContainer.java:startContainerScrub(179)) - Background container scanner has been disabled.
2019-10-04 02:48:44,440 [Datanode State Machine Thread - 0] INFO  ratis.XceiverServerRatis (XceiverServerRatis.java:start(417)) - Starting XceiverServerRatis b83a6a27-b6a1-4e2a-a9cc-dc8f8dad53d5 at port 0
2019-10-04 02:48:44,445 [Datanode State Machine Thread - 0] INFO  impl.RaftServerProxy (RaftServerProxy.java:lambda$start$3(299)) - b83a6a27-b6a1-4e2a-a9cc-dc8f8dad53d5: start RPC server
2019-10-04 02:48:44,448 [Datanode State Machine Thread - 0] INFO  server.GrpcService (GrpcService.java:startImpl(158)) - b83a6a27-b6a1-4e2a-a9cc-dc8f8dad53d5: GrpcService started, listening on 0.0.0.0/0.0.0.0:43518
2019-10-04 02:48:44,448 [Datanode State Machine Thread - 0] INFO  ratis.XceiverServerRatis (XceiverServerRatis.java:start(427)) - XceiverServerRatis b83a6a27-b6a1-4e2a-a9cc-dc8f8dad53d5 is started using port 43518
2019-10-04 02:48:44,449 [Datanode State Machine Thread - 0] INFO  server.XceiverServerGrpc (XceiverServerGrpc.java:start(149)) - XceiverServerGrpc b83a6a27-b6a1-4e2a-a9cc-dc8f8dad53d5 is started using port 40677
2019-10-04 02:48:44,472 [Datanode State Machine Thread - 0] INFO  ozoneimpl.OzoneContainer (OzoneContainer.java:start(217)) - Attempting to start container services.
2019-10-04 02:48:44,473 [Datanode State Machine Thread - 0] INFO  ozoneimpl.OzoneContainer (OzoneContainer.java:startContainerScrub(179)) - Background container scanner has been disabled.
2019-10-04 02:48:44,473 [Datanode State Machine Thread - 0] INFO  ratis.XceiverServerRatis (XceiverServerRatis.java:start(417)) - Starting XceiverServerRatis dfe0ab3c-9bcd-4203-8d69-f85e2a82e83f at port 0
2019-10-04 02:48:44,478 [Datanode State Machine Thread - 0] INFO  impl.RaftServerProxy (RaftServerProxy.java:lambda$start$3(299)) - dfe0ab3c-9bcd-4203-8d69-f85e2a82e83f: start RPC server
2019-10-04 02:48:44,478 [Datanode State Machine Thread - 0] INFO  server.GrpcService (GrpcService.java:startImpl(158)) - dfe0ab3c-9bcd-4203-8d69-f85e2a82e83f: GrpcService started, listening on 0.0.0.0/0.0.0.0:44321
2019-10-04 02:48:44,478 [Datanode State Machine Thread - 0] INFO  ratis.XceiverServerRatis (XceiverServerRatis.java:start(427)) - XceiverServerRatis dfe0ab3c-9bcd-4203-8d69-f85e2a82e83f is started using port 44321
2019-10-04 02:48:44,479 [Datanode State Machine Thread - 0] INFO  server.XceiverServerGrpc (XceiverServerGrpc.java:start(149)) - XceiverServerGrpc dfe0ab3c-9bcd-4203-8d69-f85e2a82e83f is started using port 43835
2019-10-04 02:48:44,526 [Datanode State Machine Thread - 0] INFO  ozoneimpl.OzoneContainer (OzoneContainer.java:start(217)) - Attempting to start container services.
2019-10-04 02:48:44,527 [Datanode State Machine Thread - 0] INFO  ozoneimpl.OzoneContainer (OzoneContainer.java:startContainerScrub(179)) - Background container scanner has been disabled.
2019-10-04 02:48:44,527 [Datanode State Machine Thread - 0] INFO  ratis.XceiverServerRatis (XceiverServerRatis.java:start(417)) - Starting XceiverServerRatis e380016e-3489-43b9-9f3c-71e3ad62c659 at port 0
2019-10-04 02:48:44,532 [Datanode State Machine Thread - 0] INFO  impl.RaftServerProxy (RaftServerProxy.java:lambda$start$3(299)) - e380016e-3489-43b9-9f3c-71e3ad62c659: start RPC server
2019-10-04 02:48:44,533 [Datanode State Machine Thread - 0] INFO  server.GrpcService (GrpcService.java:startImpl(158)) - e380016e-3489-43b9-9f3c-71e3ad62c659: GrpcService started, listening on 0.0.0.0/0.0.0.0:44558
2019-10-04 02:48:44,533 [Datanode State Machine Thread - 0] INFO  ratis.XceiverServerRatis (XceiverServerRatis.java:start(427)) - XceiverServerRatis e380016e-3489-43b9-9f3c-71e3ad62c659 is started using port 44558
2019-10-04 02:48:44,533 [Datanode State Machine Thread - 0] INFO  server.XceiverServerGrpc (XceiverServerGrpc.java:start(149)) - XceiverServerGrpc e380016e-3489-43b9-9f3c-71e3ad62c659 is started using port 34804
2019-10-04 02:48:44,586 [Datanode State Machine Thread - 0] INFO  ozoneimpl.OzoneContainer (OzoneContainer.java:start(217)) - Attempting to start container services.
2019-10-04 02:48:44,587 [Datanode State Machine Thread - 0] INFO  ozoneimpl.OzoneContainer (OzoneContainer.java:startContainerScrub(179)) - Background container scanner has been disabled.
2019-10-04 02:48:44,588 [Datanode State Machine Thread - 0] INFO  ratis.XceiverServerRatis (XceiverServerRatis.java:start(417)) - Starting XceiverServerRatis 501d81d3-386f-4669-a872-bef8b5c9a2d0 at port 0
2019-10-04 02:48:44,594 [Datanode State Machine Thread - 0] INFO  impl.RaftServerProxy (RaftServerProxy.java:lambda$start$3(299)) - 501d81d3-386f-4669-a872-bef8b5c9a2d0: start RPC server
2019-10-04 02:48:44,594 [Datanode State Machine Thread - 0] INFO  server.GrpcService (GrpcService.java:startImpl(158)) - 501d81d3-386f-4669-a872-bef8b5c9a2d0: GrpcService started, listening on 0.0.0.0/0.0.0.0:45421
2019-10-04 02:48:44,594 [Datanode State Machine Thread - 0] INFO  ratis.XceiverServerRatis (XceiverServerRatis.java:start(427)) - XceiverServerRatis 501d81d3-386f-4669-a872-bef8b5c9a2d0 is started using port 45421
2019-10-04 02:48:44,595 [Datanode State Machine Thread - 0] INFO  server.XceiverServerGrpc (XceiverServerGrpc.java:start(149)) - XceiverServerGrpc 501d81d3-386f-4669-a872-bef8b5c9a2d0 is started using port 42373
2019-10-04 02:48:44,672 [Datanode State Machine Thread - 0] INFO  ozoneimpl.OzoneContainer (OzoneContainer.java:start(217)) - Attempting to start container services.
2019-10-04 02:48:44,672 [Datanode State Machine Thread - 0] INFO  ozoneimpl.OzoneContainer (OzoneContainer.java:startContainerScrub(179)) - Background container scanner has been disabled.
2019-10-04 02:48:44,672 [Datanode State Machine Thread - 0] INFO  ratis.XceiverServerRatis (XceiverServerRatis.java:start(417)) - Starting XceiverServerRatis 6b165801-3d58-4909-92ef-f78ea72236f6 at port 0
2019-10-04 02:48:44,677 [Datanode State Machine Thread - 0] INFO  impl.RaftServerProxy (RaftServerProxy.java:lambda$start$3(299)) - 6b165801-3d58-4909-92ef-f78ea72236f6: start RPC server
2019-10-04 02:48:44,678 [Datanode State Machine Thread - 0] INFO  server.GrpcService (GrpcService.java:startImpl(158)) - 6b165801-3d58-4909-92ef-f78ea72236f6: GrpcService started, listening on 0.0.0.0/0.0.0.0:36986
2019-10-04 02:48:44,678 [Datanode State Machine Thread - 0] INFO  ratis.XceiverServerRatis (XceiverServerRatis.java:start(427)) - XceiverServerRatis 6b165801-3d58-4909-92ef-f78ea72236f6 is started using port 36986
2019-10-04 02:48:44,678 [Datanode State Machine Thread - 0] INFO  server.XceiverServerGrpc (XceiverServerGrpc.java:start(149)) - XceiverServerGrpc 6b165801-3d58-4909-92ef-f78ea72236f6 is started using port 35651
2019-10-04 02:48:44,734 [Datanode State Machine Thread - 0] INFO  ozoneimpl.OzoneContainer (OzoneContainer.java:start(217)) - Attempting to start container services.
2019-10-04 02:48:44,734 [Datanode State Machine Thread - 0] INFO  ozoneimpl.OzoneContainer (OzoneContainer.java:startContainerScrub(179)) - Background container scanner has been disabled.
2019-10-04 02:48:44,734 [Datanode State Machine Thread - 0] INFO  ratis.XceiverServerRatis (XceiverServerRatis.java:start(417)) - Starting XceiverServerRatis 8a9d0394-6e08-4fd6-b83a-6e77b18dc275 at port 0
2019-10-04 02:48:44,740 [Datanode State Machine Thread - 0] INFO  impl.RaftServerProxy (RaftServerProxy.java:lambda$start$3(299)) - 8a9d0394-6e08-4fd6-b83a-6e77b18dc275: start RPC server
2019-10-04 02:48:44,741 [Datanode State Machine Thread - 0] INFO  server.GrpcService (GrpcService.java:startImpl(158)) - 8a9d0394-6e08-4fd6-b83a-6e77b18dc275: GrpcService started, listening on 0.0.0.0/0.0.0.0:46007
2019-10-04 02:48:44,741 [Datanode State Machine Thread - 0] INFO  ratis.XceiverServerRatis (XceiverServerRatis.java:start(427)) - XceiverServerRatis 8a9d0394-6e08-4fd6-b83a-6e77b18dc275 is started using port 46007
2019-10-04 02:48:44,744 [Datanode State Machine Thread - 0] INFO  server.XceiverServerGrpc (XceiverServerGrpc.java:start(149)) - XceiverServerGrpc 8a9d0394-6e08-4fd6-b83a-6e77b18dc275 is started using port 42768
2019-10-04 02:48:44,779 [main] INFO  ozone.MiniOzoneClusterImpl (MiniOzoneClusterImpl.java:lambda$waitForClusterToBeReady$0(147)) - Waiting for cluster to be ready. Got 0 of 7 DN Heartbeats.
2019-10-04 02:48:44,786 [Datanode State Machine Thread - 0] INFO  ozoneimpl.OzoneContainer (OzoneContainer.java:start(217)) - Attempting to start container services.
2019-10-04 02:48:44,786 [Datanode State Machine Thread - 0] INFO  ozoneimpl.OzoneContainer (OzoneContainer.java:startContainerScrub(179)) - Background container scanner has been disabled.
2019-10-04 02:48:44,786 [Datanode State Machine Thread - 0] INFO  ratis.XceiverServerRatis (XceiverServerRatis.java:start(417)) - Starting XceiverServerRatis d671373c-1081-4d63-a046-6062bd8f5c49 at port 0
2019-10-04 02:48:44,792 [Datanode State Machine Thread - 0] INFO  impl.RaftServerProxy (RaftServerProxy.java:lambda$start$3(299)) - d671373c-1081-4d63-a046-6062bd8f5c49: start RPC server
2019-10-04 02:48:44,793 [Datanode State Machine Thread - 0] INFO  server.GrpcService (GrpcService.java:startImpl(158)) - d671373c-1081-4d63-a046-6062bd8f5c49: GrpcService started, listening on 0.0.0.0/0.0.0.0:37423
2019-10-04 02:48:44,793 [Datanode State Machine Thread - 0] INFO  ratis.XceiverServerRatis (XceiverServerRatis.java:start(427)) - XceiverServerRatis d671373c-1081-4d63-a046-6062bd8f5c49 is started using port 37423
2019-10-04 02:48:44,793 [Datanode State Machine Thread - 0] INFO  server.XceiverServerGrpc (XceiverServerGrpc.java:start(149)) - XceiverServerGrpc d671373c-1081-4d63-a046-6062bd8f5c49 is started using port 34489
2019-10-04 02:48:45,780 [main] INFO  ozone.MiniOzoneClusterImpl (MiniOzoneClusterImpl.java:lambda$waitForClusterToBeReady$0(147)) - Waiting for cluster to be ready. Got 0 of 7 DN Heartbeats.
2019-10-04 02:48:46,384 [IPC Server handler 0 on 37918] INFO  net.NetworkTopology (NetworkTopologyImpl.java:add(111)) - Added a new node: /default-rack/b83a6a27-b6a1-4e2a-a9cc-dc8f8dad53d5
2019-10-04 02:48:46,385 [IPC Server handler 0 on 37918] INFO  node.SCMNodeManager (SCMNodeManager.java:register(266)) - Registered Data node : b83a6a27-b6a1-4e2a-a9cc-dc8f8dad53d5{ip: 192.168.164.196, host: pr-hdds-2181-xhd89-2114587330, networkLocation: /default-rack, certSerialId: null}
2019-10-04 02:48:46,386 [EventQueue-NodeRegistrationContainerReportForDataNodeSafeModeRule] INFO  safemode.SCMSafeModeManager (DataNodeSafeModeRule.java:process(71)) - SCM in safe mode. 1 DataNodes registered, 1 required.
2019-10-04 02:48:46,388 [EventQueue-NodeRegistrationContainerReportForDataNodeSafeModeRule] INFO  safemode.SCMSafeModeManager (SCMSafeModeManager.java:validateSafeModeExitRules(177)) - ScmSafeModeManager, all rules are successfully validated
2019-10-04 02:48:46,388 [EventQueue-NodeRegistrationContainerReportForDataNodeSafeModeRule] INFO  safemode.SCMSafeModeManager (SCMSafeModeManager.java:exitSafeMode(193)) - SCM exiting safe mode.
2019-10-04 02:48:46,399 [grpc-default-executor-8] INFO  impl.RaftServerProxy (RaftServerProxy.java:addNew(89)) - b83a6a27-b6a1-4e2a-a9cc-dc8f8dad53d5: addNew group-C1D3AF41D652:[b83a6a27-b6a1-4e2a-a9cc-dc8f8dad53d5:192.168.164.196:43518] returns group-C1D3AF41D652:java.util.concurrent.CompletableFuture@e4f0086[Not completed]
2019-10-04 02:48:46,403 [pool-207-thread-1] INFO  impl.RaftServerImpl (RaftServerImpl.java:<init>(95)) - b83a6a27-b6a1-4e2a-a9cc-dc8f8dad53d5: new RaftServerImpl for group-C1D3AF41D652:[b83a6a27-b6a1-4e2a-a9cc-dc8f8dad53d5:192.168.164.196:43518] with ContainerStateMachine:uninitialized
2019-10-04 02:48:46,403 [pool-207-thread-1] INFO  server.RaftServerConfigKeys (ConfUtils.java:logGet(43)) - raft.server.rpc.timeout.min = 5s (custom)
2019-10-04 02:48:46,403 [pool-207-thread-1] INFO  server.RaftServerConfigKeys (ConfUtils.java:logGet(43)) - raft.server.rpc.timeout.max = 5200ms (custom)
2019-10-04 02:48:46,403 [pool-207-thread-1] INFO  server.RaftServerConfigKeys (ConfUtils.java:logGet(43)) - raft.server.rpcslowness.timeout = 120s (custom)
2019-10-04 02:48:46,404 [pool-207-thread-1] INFO  server.RaftServerConfigKeys (ConfUtils.java:logGet(43)) - raft.server.sleep.deviation.threshold = 300 (default)
2019-10-04 02:48:46,404 [pool-207-thread-1] INFO  server.RaftServerConfigKeys (ConfUtils.java:logGet(43)) - raft.server.log.appender.install.snapshot.enabled = false (custom)
2019-10-04 02:48:46,404 [pool-207-thread-1] INFO  impl.RaftServerImpl (ServerState.java:<init>(103)) - b83a6a27-b6a1-4e2a-a9cc-dc8f8dad53d5@group-C1D3AF41D652: ConfigurationManager, init=-1: [b83a6a27-b6a1-4e2a-a9cc-dc8f8dad53d5:192.168.164.196:43518], old=null, confs=<EMPTY_MAP>
2019-10-04 02:48:46,404 [pool-207-thread-1] INFO  server.RaftServerConfigKeys (ConfUtils.java:logGet(43)) - raft.server.storage.dir = [/workdir/hadoop-ozone/integration-test/target/test-dir/MiniOzoneClusterImpl-68127e83-87a8-436e-a22b-35b6c2951a0a/datanode-0/data/ratis] (custom)
2019-10-04 02:48:46,405 [pool-207-thread-1] INFO  server.RaftServerConfigKeys (ConfUtils.java:logGet(43)) - raft.server.log.corruption.policy = EXCEPTION (default)
2019-10-04 02:48:46,405 [pool-207-thread-1] INFO  storage.RaftStorageDirectory (RaftStorageDirectory.java:analyzeStorage(246)) - The storage directory /workdir/hadoop-ozone/integration-test/target/test-dir/MiniOzoneClusterImpl-68127e83-87a8-436e-a22b-35b6c2951a0a/datanode-0/data/ratis/ecb81e68-0822-40e5-8642-c1d3af41d652 does not exist. Creating ...
2019-10-04 02:48:46,419 [pool-207-thread-1] INFO  storage.RaftStorageDirectory (RaftStorageDirectory.java:tryLock(328)) - Lock on /workdir/hadoop-ozone/integration-test/target/test-dir/MiniOzoneClusterImpl-68127e83-87a8-436e-a22b-35b6c2951a0a/datanode-0/data/ratis/ecb81e68-0822-40e5-8642-c1d3af41d652/in_use.lock acquired by nodename 16149@pr-hdds-2181-xhd89-2114587330
2019-10-04 02:48:46,433 [pool-207-thread-1] INFO  storage.RaftStorage (RaftStorage.java:format(84)) - Storage directory /workdir/hadoop-ozone/integration-test/target/test-dir/MiniOzoneClusterImpl-68127e83-87a8-436e-a22b-35b6c2951a0a/datanode-0/data/ratis/ecb81e68-0822-40e5-8642-c1d3af41d652 has been successfully formatted.
2019-10-04 02:48:46,433 [pool-207-thread-1] INFO  ratis.ContainerStateMachine (ContainerStateMachine.java:loadSnapshot(230)) - group-C1D3AF41D652: The snapshot info is null. Setting the last applied indexto:(t:0, i:~)
2019-10-04 02:48:46,433 [pool-207-thread-1] INFO  server.RaftServerConfigKeys (ConfUtils.java:logGet(43)) - raft.server.notification.no-leader.timeout = 120s (custom)
2019-10-04 02:48:46,434 [pool-207-thread-1] INFO  server.RaftServerConfigKeys (ConfUtils.java:logGet(43)) - raft.server.log.use.memory = false (default)
2019-10-04 02:48:46,434 [pool-207-thread-1] INFO  server.RaftServerConfigKeys (ConfUtils.java:logGet(43)) - raft.server.log.purge.gap = 1000000 (custom)
2019-10-04 02:48:46,434 [pool-207-thread-1] INFO  server.RaftServerConfigKeys (ConfUtils.java:logGet(43)) - raft.server.log.appender.buffer.byte-limit = 33554432 (custom)
2019-10-04 02:48:46,434 [pool-207-thread-1] INFO  server.RaftServerConfigKeys (ConfUtils.java:logGet(43)) - raft.server.log.segment.size.max = 1048576 (custom)
2019-10-04 02:48:46,437 [pool-207-thread-1] INFO  server.RaftServerConfigKeys (ConfUtils.java:logGet(43)) - raft.server.log.segment.cache.num.max = 2 (custom)
2019-10-04 02:48:46,437 [pool-207-thread-1] INFO  segmented.SegmentedRaftLogWorker (SegmentedRaftLogWorker.java:<init>(173)) - new b83a6a27-b6a1-4e2a-a9cc-dc8f8dad53d5@group-C1D3AF41D652-SegmentedRaftLogWorker for RaftStorage:Storage Directory /workdir/hadoop-ozone/integration-test/target/test-dir/MiniOzoneClusterImpl-68127e83-87a8-436e-a22b-35b6c2951a0a/datanode-0/data/ratis/ecb81e68-0822-40e5-8642-c1d3af41d652
2019-10-04 02:48:46,437 [pool-207-thread-1] INFO  server.RaftServerConfigKeys (ConfUtils.java:logGet(43)) - raft.server.log.queue.byte-limit = 2147483647 (custom)
2019-10-04 02:48:46,437 [pool-207-thread-1] INFO  server.RaftServerConfigKeys (ConfUtils.java:logGet(43)) - raft.server.log.queue.element-limit = 1024 (custom)
2019-10-04 02:48:46,437 [pool-207-thread-1] INFO  server.RaftServerConfigKeys (ConfUtils.java:logGet(43)) - raft.server.log.segment.size.max = 1048576 (custom)
2019-10-04 02:48:46,438 [pool-207-thread-1] INFO  server.RaftServerConfigKeys (ConfUtils.java:logGet(43)) - raft.server.log.preallocated.size = 16384 (custom)
2019-10-04 02:48:46,438 [pool-207-thread-1] INFO  server.RaftServerConfigKeys (ConfUtils.java:logGet(43)) - raft.server.log.write.buffer.size = 33554432 (custom)
2019-10-04 02:48:46,438 [pool-207-thread-1] INFO  server.RaftServerConfigKeys (ConfUtils.java:logGet(43)) - raft.server.log.force.sync.num = 128 (default)
2019-10-04 02:48:46,438 [pool-207-thread-1] INFO  server.RaftServerConfigKeys (ConfUtils.java:logGet(43)) - raft.server.log.statemachine.data.sync = true (default)
2019-10-04 02:48:46,438 [pool-207-thread-1] INFO  server.RaftServerConfigKeys (ConfUtils.java:logGet(43)) - raft.server.log.statemachine.data.sync.timeout = 10s (default)
2019-10-04 02:48:46,438 [pool-207-thread-1] INFO  server.RaftServerConfigKeys (ConfUtils.java:logGet(43)) - raft.server.log.statemachine.data.sync.timeout.retry = -1 (default)
2019-10-04 02:48:46,439 [pool-207-thread-1] INFO  server.RaftServerConfigKeys (ConfUtils.java:logGet(43)) - raft.server.log.statemachine.data.caching.enabled = true (custom)
2019-10-04 02:48:46,439 [pool-207-thread-1] INFO  segmented.SegmentedRaftLogWorker (SegmentedRaftLogWorker.java:lambda$new$0(128)) - b83a6a27-b6a1-4e2a-a9cc-dc8f8dad53d5@group-C1D3AF41D652-SegmentedRaftLogWorker: flushIndex: setUnconditionally 0 -> -1
2019-10-04 02:48:46,440 [pool-207-thread-1] INFO  server.RaftServerConfigKeys (ConfUtils.java:logGet(43)) - raft.server.snapshot.auto.trigger.enabled = true (custom)
2019-10-04 02:48:46,440 [pool-207-thread-1] INFO  server.RaftServerConfigKeys (ConfUtils.java:logGet(43)) - raft.server.snapshot.auto.trigger.threshold = 10000 (custom)
2019-10-04 02:48:46,440 [pool-207-thread-1] INFO  server.RaftServerConfigKeys (ConfUtils.java:logGet(43)) - raft.server.snapshot.retention.file.num = 5 (custom)
2019-10-04 02:48:46,440 [pool-207-thread-1] INFO  server.RaftServerConfigKeys (ConfUtils.java:logGet(43)) - raft.server.retrycache.expirytime = 600000ms (custom)
2019-10-04 02:48:46,442 [pool-207-thread-1] INFO  impl.RaftServerImpl (RaftServerImpl.java:start(181)) - b83a6a27-b6a1-4e2a-a9cc-dc8f8dad53d5@group-C1D3AF41D652: start as a follower, conf=-1: [b83a6a27-b6a1-4e2a-a9cc-dc8f8dad53d5:192.168.164.196:43518], old=null
2019-10-04 02:48:46,442 [pool-207-thread-1] INFO  impl.RaftServerImpl (RaftServerImpl.java:setRole(170)) - b83a6a27-b6a1-4e2a-a9cc-dc8f8dad53d5@group-C1D3AF41D652: changes role from      null to FOLLOWER at term 0 for startAsFollower
2019-10-04 02:48:46,442 [pool-207-thread-1] INFO  impl.RoleInfo (RoleInfo.java:updateAndGet(143)) - b83a6a27-b6a1-4e2a-a9cc-dc8f8dad53d5: start FollowerState
2019-10-04 02:48:46,443 [pool-207-thread-1] INFO  util.JmxRegister (JmxRegister.java:tryRegister(44)) - Successfully registered JMX Bean with object name Ratis:service=RaftServer,group=group-C1D3AF41D652,id=b83a6a27-b6a1-4e2a-a9cc-dc8f8dad53d5
2019-10-04 02:48:46,448 [RatisPipelineUtilsThread] INFO  pipeline.PipelineStateManager (PipelineStateManager.java:addPipeline(56)) - Created pipeline Pipeline[ Id: ecb81e68-0822-40e5-8642-c1d3af41d652, Nodes: b83a6a27-b6a1-4e2a-a9cc-dc8f8dad53d5{ip: 192.168.164.196, host: pr-hdds-2181-xhd89-2114587330, networkLocation: /default-rack, certSerialId: null}, Type:RATIS, Factor:ONE, State:OPEN]
2019-10-04 02:48:46,459 [IPC Server handler 3 on 37918] INFO  net.NetworkTopology (NetworkTopologyImpl.java:add(111)) - Added a new node: /default-rack/dfe0ab3c-9bcd-4203-8d69-f85e2a82e83f
2019-10-04 02:48:46,460 [IPC Server handler 3 on 37918] INFO  node.SCMNodeManager (SCMNodeManager.java:register(266)) - Registered Data node : dfe0ab3c-9bcd-4203-8d69-f85e2a82e83f{ip: 192.168.164.196, host: pr-hdds-2181-xhd89-2114587330, networkLocation: /default-rack, certSerialId: null}
2019-10-04 02:48:46,481 [grpc-default-executor-8] INFO  impl.RaftServerProxy (RaftServerProxy.java:addNew(89)) - dfe0ab3c-9bcd-4203-8d69-f85e2a82e83f: addNew group-14B2B18D2AFF:[dfe0ab3c-9bcd-4203-8d69-f85e2a82e83f:192.168.164.196:44321] returns group-14B2B18D2AFF:java.util.concurrent.CompletableFuture@55888cb5[Not completed]
2019-10-04 02:48:46,483 [pool-217-thread-1] INFO  impl.RaftServerImpl (RaftServerImpl.java:<init>(95)) - dfe0ab3c-9bcd-4203-8d69-f85e2a82e83f: new RaftServerImpl for group-14B2B18D2AFF:[dfe0ab3c-9bcd-4203-8d69-f85e2a82e83f:192.168.164.196:44321] with ContainerStateMachine:uninitialized
2019-10-04 02:48:46,483 [pool-217-thread-1] INFO  server.RaftServerConfigKeys (ConfUtils.java:logGet(43)) - raft.server.rpc.timeout.min = 5s (custom)
2019-10-04 02:48:46,483 [pool-217-thread-1] INFO  server.RaftServerConfigKeys (ConfUtils.java:logGet(43)) - raft.server.rpc.timeout.max = 5200ms (custom)
2019-10-04 02:48:46,483 [pool-217-thread-1] INFO  server.RaftServerConfigKeys (ConfUtils.java:logGet(43)) - raft.server.rpcslowness.timeout = 120s (custom)
2019-10-04 02:48:46,483 [pool-217-thread-1] INFO  server.RaftServerConfigKeys (ConfUtils.java:logGet(43)) - raft.server.sleep.deviation.threshold = 300 (default)
2019-10-04 02:48:46,483 [pool-217-thread-1] INFO  server.RaftServerConfigKeys (ConfUtils.java:logGet(43)) - raft.server.log.appender.install.snapshot.enabled = false (custom)
2019-10-04 02:48:46,483 [pool-217-thread-1] INFO  impl.RaftServerImpl (ServerState.java:<init>(103)) - dfe0ab3c-9bcd-4203-8d69-f85e2a82e83f@group-14B2B18D2AFF: ConfigurationManager, init=-1: [dfe0ab3c-9bcd-4203-8d69-f85e2a82e83f:192.168.164.196:44321], old=null, confs=<EMPTY_MAP>
2019-10-04 02:48:46,483 [pool-217-thread-1] INFO  server.RaftServerConfigKeys (ConfUtils.java:logGet(43)) - raft.server.storage.dir = [/workdir/hadoop-ozone/integration-test/target/test-dir/MiniOzoneClusterImpl-68127e83-87a8-436e-a22b-35b6c2951a0a/datanode-1/data/ratis] (custom)
2019-10-04 02:48:46,484 [pool-217-thread-1] INFO  server.RaftServerConfigKeys (ConfUtils.java:logGet(43)) - raft.server.log.corruption.policy = EXCEPTION (default)
2019-10-04 02:48:46,484 [pool-217-thread-1] INFO  storage.RaftStorageDirectory (RaftStorageDirectory.java:analyzeStorage(246)) - The storage directory /workdir/hadoop-ozone/integration-test/target/test-dir/MiniOzoneClusterImpl-68127e83-87a8-436e-a22b-35b6c2951a0a/datanode-1/data/ratis/22b5ed98-0625-468c-b4a4-14b2b18d2aff does not exist. Creating ...
2019-10-04 02:48:46,497 [pool-217-thread-1] INFO  storage.RaftStorageDirectory (RaftStorageDirectory.java:tryLock(328)) - Lock on /workdir/hadoop-ozone/integration-test/target/test-dir/MiniOzoneClusterImpl-68127e83-87a8-436e-a22b-35b6c2951a0a/datanode-1/data/ratis/22b5ed98-0625-468c-b4a4-14b2b18d2aff/in_use.lock acquired by nodename 16149@pr-hdds-2181-xhd89-2114587330
2019-10-04 02:48:46,510 [pool-217-thread-1] INFO  storage.RaftStorage (RaftStorage.java:format(84)) - Storage directory /workdir/hadoop-ozone/integration-test/target/test-dir/MiniOzoneClusterImpl-68127e83-87a8-436e-a22b-35b6c2951a0a/datanode-1/data/ratis/22b5ed98-0625-468c-b4a4-14b2b18d2aff has been successfully formatted.
2019-10-04 02:48:46,510 [pool-217-thread-1] INFO  ratis.ContainerStateMachine (ContainerStateMachine.java:loadSnapshot(230)) - group-14B2B18D2AFF: The snapshot info is null. Setting the last applied indexto:(t:0, i:~)
2019-10-04 02:48:46,510 [pool-217-thread-1] INFO  server.RaftServerConfigKeys (ConfUtils.java:logGet(43)) - raft.server.notification.no-leader.timeout = 120s (custom)
2019-10-04 02:48:46,510 [pool-217-thread-1] INFO  server.RaftServerConfigKeys (ConfUtils.java:logGet(43)) - raft.server.log.use.memory = false (default)
2019-10-04 02:48:46,511 [pool-217-thread-1] INFO  server.RaftServerConfigKeys (ConfUtils.java:logGet(43)) - raft.server.log.purge.gap = 1000000 (custom)
2019-10-04 02:48:46,511 [pool-217-thread-1] INFO  server.RaftServerConfigKeys (ConfUtils.java:logGet(43)) - raft.server.log.appender.buffer.byte-limit = 33554432 (custom)
2019-10-04 02:48:46,511 [pool-217-thread-1] INFO  server.RaftServerConfigKeys (ConfUtils.java:logGet(43)) - raft.server.log.segment.size.max = 1048576 (custom)
2019-10-04 02:48:46,512 [IPC Server handler 2 on 37918] INFO  net.NetworkTopology (NetworkTopologyImpl.java:add(111)) - Added a new node: /default-rack/e380016e-3489-43b9-9f3c-71e3ad62c659
2019-10-04 02:48:46,512 [pool-217-thread-1] INFO  server.RaftServerConfigKeys (ConfUtils.java:logGet(43)) - raft.server.log.segment.cache.num.max = 2 (custom)
2019-10-04 02:48:46,512 [IPC Server handler 2 on 37918] INFO  node.SCMNodeManager (SCMNodeManager.java:register(266)) - Registered Data node : e380016e-3489-43b9-9f3c-71e3ad62c659{ip: 192.168.164.196, host: pr-hdds-2181-xhd89-2114587330, networkLocation: /default-rack, certSerialId: null}
2019-10-04 02:48:46,512 [pool-217-thread-1] INFO  segmented.SegmentedRaftLogWorker (SegmentedRaftLogWorker.java:<init>(173)) - new dfe0ab3c-9bcd-4203-8d69-f85e2a82e83f@group-14B2B18D2AFF-SegmentedRaftLogWorker for RaftStorage:Storage Directory /workdir/hadoop-ozone/integration-test/target/test-dir/MiniOzoneClusterImpl-68127e83-87a8-436e-a22b-35b6c2951a0a/datanode-1/data/ratis/22b5ed98-0625-468c-b4a4-14b2b18d2aff
2019-10-04 02:48:46,513 [pool-217-thread-1] INFO  server.RaftServerConfigKeys (ConfUtils.java:logGet(43)) - raft.server.log.queue.byte-limit = 2147483647 (custom)
2019-10-04 02:48:46,513 [pool-217-thread-1] INFO  server.RaftServerConfigKeys (ConfUtils.java:logGet(43)) - raft.server.log.queue.element-limit = 1024 (custom)
2019-10-04 02:48:46,513 [pool-217-thread-1] INFO  server.RaftServerConfigKeys (ConfUtils.java:logGet(43)) - raft.server.log.segment.size.max = 1048576 (custom)
2019-10-04 02:48:46,513 [pool-217-thread-1] INFO  server.RaftServerConfigKeys (ConfUtils.java:logGet(43)) - raft.server.log.preallocated.size = 16384 (custom)
2019-10-04 02:48:46,513 [pool-217-thread-1] INFO  server.RaftServerConfigKeys (ConfUtils.java:logGet(43)) - raft.server.log.write.buffer.size = 33554432 (custom)
2019-10-04 02:48:46,513 [pool-217-thread-1] INFO  server.RaftServerConfigKeys (ConfUtils.java:logGet(43)) - raft.server.log.force.sync.num = 128 (default)
2019-10-04 02:48:46,513 [pool-217-thread-1] INFO  server.RaftServerConfigKeys (ConfUtils.java:logGet(43)) - raft.server.log.statemachine.data.sync = true (default)
2019-10-04 02:48:46,513 [pool-217-thread-1] INFO  server.RaftServerConfigKeys (ConfUtils.java:logGet(43)) - raft.server.log.statemachine.data.sync.timeout = 10s (default)
2019-10-04 02:48:46,513 [pool-217-thread-1] INFO  server.RaftServerConfigKeys (ConfUtils.java:logGet(43)) - raft.server.log.statemachine.data.sync.timeout.retry = -1 (default)
2019-10-04 02:48:46,514 [pool-217-thread-1] INFO  server.RaftServerConfigKeys (ConfUtils.java:logGet(43)) - raft.server.log.statemachine.data.caching.enabled = true (custom)
2019-10-04 02:48:46,514 [pool-217-thread-1] INFO  segmented.SegmentedRaftLogWorker (SegmentedRaftLogWorker.java:lambda$new$0(128)) - dfe0ab3c-9bcd-4203-8d69-f85e2a82e83f@group-14B2B18D2AFF-SegmentedRaftLogWorker: flushIndex: setUnconditionally 0 -> -1
2019-10-04 02:48:46,514 [pool-217-thread-1] INFO  server.RaftServerConfigKeys (ConfUtils.java:logGet(43)) - raft.server.snapshot.auto.trigger.enabled = true (custom)
2019-10-04 02:48:46,514 [pool-217-thread-1] INFO  server.RaftServerConfigKeys (ConfUtils.java:logGet(43)) - raft.server.snapshot.auto.trigger.threshold = 10000 (custom)
2019-10-04 02:48:46,514 [pool-217-thread-1] INFO  server.RaftServerConfigKeys (ConfUtils.java:logGet(43)) - raft.server.snapshot.retention.file.num = 5 (custom)
2019-10-04 02:48:46,515 [pool-217-thread-1] INFO  server.RaftServerConfigKeys (ConfUtils.java:logGet(43)) - raft.server.retrycache.expirytime = 600000ms (custom)
2019-10-04 02:48:46,516 [pool-217-thread-1] INFO  impl.RaftServerImpl (RaftServerImpl.java:start(181)) - dfe0ab3c-9bcd-4203-8d69-f85e2a82e83f@group-14B2B18D2AFF: start as a follower, conf=-1: [dfe0ab3c-9bcd-4203-8d69-f85e2a82e83f:192.168.164.196:44321], old=null
2019-10-04 02:48:46,516 [pool-217-thread-1] INFO  impl.RaftServerImpl (RaftServerImpl.java:setRole(170)) - dfe0ab3c-9bcd-4203-8d69-f85e2a82e83f@group-14B2B18D2AFF: changes role from      null to FOLLOWER at term 0 for startAsFollower
2019-10-04 02:48:46,516 [pool-217-thread-1] INFO  impl.RoleInfo (RoleInfo.java:updateAndGet(143)) - dfe0ab3c-9bcd-4203-8d69-f85e2a82e83f: start FollowerState
2019-10-04 02:48:46,517 [pool-217-thread-1] INFO  util.JmxRegister (JmxRegister.java:tryRegister(44)) - Successfully registered JMX Bean with object name Ratis:service=RaftServer,group=group-14B2B18D2AFF,id=dfe0ab3c-9bcd-4203-8d69-f85e2a82e83f
2019-10-04 02:48:46,520 [RatisPipelineUtilsThread] INFO  pipeline.PipelineStateManager (PipelineStateManager.java:addPipeline(56)) - Created pipeline Pipeline[ Id: 22b5ed98-0625-468c-b4a4-14b2b18d2aff, Nodes: dfe0ab3c-9bcd-4203-8d69-f85e2a82e83f{ip: 192.168.164.196, host: pr-hdds-2181-xhd89-2114587330, networkLocation: /default-rack, certSerialId: null}, Type:RATIS, Factor:ONE, State:OPEN]
2019-10-04 02:48:46,534 [grpc-default-executor-8] INFO  impl.RaftServerProxy (RaftServerProxy.java:addNew(89)) - e380016e-3489-43b9-9f3c-71e3ad62c659: addNew group-D79C4C8A01A8:[e380016e-3489-43b9-9f3c-71e3ad62c659:192.168.164.196:44558] returns group-D79C4C8A01A8:java.util.concurrent.CompletableFuture@1c527c67[Not completed]
2019-10-04 02:48:46,534 [pool-227-thread-1] INFO  impl.RaftServerImpl (RaftServerImpl.java:<init>(95)) - e380016e-3489-43b9-9f3c-71e3ad62c659: new RaftServerImpl for group-D79C4C8A01A8:[e380016e-3489-43b9-9f3c-71e3ad62c659:192.168.164.196:44558] with ContainerStateMachine:uninitialized
2019-10-04 02:48:46,535 [pool-227-thread-1] INFO  server.RaftServerConfigKeys (ConfUtils.java:logGet(43)) - raft.server.rpc.timeout.min = 5s (custom)
2019-10-04 02:48:46,535 [pool-227-thread-1] INFO  server.RaftServerConfigKeys (ConfUtils.java:logGet(43)) - raft.server.rpc.timeout.max = 5200ms (custom)
2019-10-04 02:48:46,535 [pool-227-thread-1] INFO  server.RaftServerConfigKeys (ConfUtils.java:logGet(43)) - raft.server.rpcslowness.timeout = 120s (custom)
2019-10-04 02:48:46,535 [pool-227-thread-1] INFO  server.RaftServerConfigKeys (ConfUtils.java:logGet(43)) - raft.server.sleep.deviation.threshold = 300 (default)
2019-10-04 02:48:46,535 [pool-227-thread-1] INFO  server.RaftServerConfigKeys (ConfUtils.java:logGet(43)) - raft.server.log.appender.install.snapshot.enabled = false (custom)
2019-10-04 02:48:46,535 [pool-227-thread-1] INFO  impl.RaftServerImpl (ServerState.java:<init>(103)) - e380016e-3489-43b9-9f3c-71e3ad62c659@group-D79C4C8A01A8: ConfigurationManager, init=-1: [e380016e-3489-43b9-9f3c-71e3ad62c659:192.168.164.196:44558], old=null, confs=<EMPTY_MAP>
2019-10-04 02:48:46,535 [pool-227-thread-1] INFO  server.RaftServerConfigKeys (ConfUtils.java:logGet(43)) - raft.server.storage.dir = [/workdir/hadoop-ozone/integration-test/target/test-dir/MiniOzoneClusterImpl-68127e83-87a8-436e-a22b-35b6c2951a0a/datanode-2/data/ratis] (custom)
2019-10-04 02:48:46,535 [pool-227-thread-1] INFO  server.RaftServerConfigKeys (ConfUtils.java:logGet(43)) - raft.server.log.corruption.policy = EXCEPTION (default)
2019-10-04 02:48:46,535 [pool-227-thread-1] INFO  storage.RaftStorageDirectory (RaftStorageDirectory.java:analyzeStorage(246)) - The storage directory /workdir/hadoop-ozone/integration-test/target/test-dir/MiniOzoneClusterImpl-68127e83-87a8-436e-a22b-35b6c2951a0a/datanode-2/data/ratis/0b75f428-91c3-4418-a0ef-d79c4c8a01a8 does not exist. Creating ...
2019-10-04 02:48:46,548 [pool-227-thread-1] INFO  storage.RaftStorageDirectory (RaftStorageDirectory.java:tryLock(328)) - Lock on /workdir/hadoop-ozone/integration-test/target/test-dir/MiniOzoneClusterImpl-68127e83-87a8-436e-a22b-35b6c2951a0a/datanode-2/data/ratis/0b75f428-91c3-4418-a0ef-d79c4c8a01a8/in_use.lock acquired by nodename 16149@pr-hdds-2181-xhd89-2114587330
2019-10-04 02:48:46,562 [pool-227-thread-1] INFO  storage.RaftStorage (RaftStorage.java:format(84)) - Storage directory /workdir/hadoop-ozone/integration-test/target/test-dir/MiniOzoneClusterImpl-68127e83-87a8-436e-a22b-35b6c2951a0a/datanode-2/data/ratis/0b75f428-91c3-4418-a0ef-d79c4c8a01a8 has been successfully formatted.
2019-10-04 02:48:46,562 [pool-227-thread-1] INFO  ratis.ContainerStateMachine (ContainerStateMachine.java:loadSnapshot(230)) - group-D79C4C8A01A8: The snapshot info is null. Setting the last applied indexto:(t:0, i:~)
2019-10-04 02:48:46,562 [pool-227-thread-1] INFO  server.RaftServerConfigKeys (ConfUtils.java:logGet(43)) - raft.server.notification.no-leader.timeout = 120s (custom)
2019-10-04 02:48:46,562 [pool-227-thread-1] INFO  server.RaftServerConfigKeys (ConfUtils.java:logGet(43)) - raft.server.log.use.memory = false (default)
2019-10-04 02:48:46,562 [pool-227-thread-1] INFO  server.RaftServerConfigKeys (ConfUtils.java:logGet(43)) - raft.server.log.purge.gap = 1000000 (custom)
2019-10-04 02:48:46,562 [pool-227-thread-1] INFO  server.RaftServerConfigKeys (ConfUtils.java:logGet(43)) - raft.server.log.appender.buffer.byte-limit = 33554432 (custom)
2019-10-04 02:48:46,562 [pool-227-thread-1] INFO  server.RaftServerConfigKeys (ConfUtils.java:logGet(43)) - raft.server.log.segment.size.max = 1048576 (custom)
2019-10-04 02:48:46,563 [pool-227-thread-1] INFO  server.RaftServerConfigKeys (ConfUtils.java:logGet(43)) - raft.server.log.segment.cache.num.max = 2 (custom)
2019-10-04 02:48:46,564 [pool-227-thread-1] INFO  segmented.SegmentedRaftLogWorker (SegmentedRaftLogWorker.java:<init>(173)) - new e380016e-3489-43b9-9f3c-71e3ad62c659@group-D79C4C8A01A8-SegmentedRaftLogWorker for RaftStorage:Storage Directory /workdir/hadoop-ozone/integration-test/target/test-dir/MiniOzoneClusterImpl-68127e83-87a8-436e-a22b-35b6c2951a0a/datanode-2/data/ratis/0b75f428-91c3-4418-a0ef-d79c4c8a01a8
2019-10-04 02:48:46,564 [pool-227-thread-1] INFO  server.RaftServerConfigKeys (ConfUtils.java:logGet(43)) - raft.server.log.queue.byte-limit = 2147483647 (custom)
2019-10-04 02:48:46,564 [pool-227-thread-1] INFO  server.RaftServerConfigKeys (ConfUtils.java:logGet(43)) - raft.server.log.queue.element-limit = 1024 (custom)
2019-10-04 02:48:46,564 [pool-227-thread-1] INFO  server.RaftServerConfigKeys (ConfUtils.java:logGet(43)) - raft.server.log.segment.size.max = 1048576 (custom)
2019-10-04 02:48:46,564 [pool-227-thread-1] INFO  server.RaftServerConfigKeys (ConfUtils.java:logGet(43)) - raft.server.log.preallocated.size = 16384 (custom)
2019-10-04 02:48:46,564 [pool-227-thread-1] INFO  server.RaftServerConfigKeys (ConfUtils.java:logGet(43)) - raft.server.log.write.buffer.size = 33554432 (custom)
2019-10-04 02:48:46,564 [pool-227-thread-1] INFO  server.RaftServerConfigKeys (ConfUtils.java:logGet(43)) - raft.server.log.force.sync.num = 128 (default)
2019-10-04 02:48:46,564 [pool-227-thread-1] INFO  server.RaftServerConfigKeys (ConfUtils.java:logGet(43)) - raft.server.log.statemachine.data.sync = true (default)
2019-10-04 02:48:46,564 [pool-227-thread-1] INFO  server.RaftServerConfigKeys (ConfUtils.java:logGet(43)) - raft.server.log.statemachine.data.sync.timeout = 10s (default)
2019-10-04 02:48:46,564 [pool-227-thread-1] INFO  server.RaftServerConfigKeys (ConfUtils.java:logGet(43)) - raft.server.log.statemachine.data.sync.timeout.retry = -1 (default)
2019-10-04 02:48:46,565 [pool-227-thread-1] INFO  server.RaftServerConfigKeys (ConfUtils.java:logGet(43)) - raft.server.log.statemachine.data.caching.enabled = true (custom)
2019-10-04 02:48:46,565 [pool-227-thread-1] INFO  segmented.SegmentedRaftLogWorker (SegmentedRaftLogWorker.java:lambda$new$0(128)) - e380016e-3489-43b9-9f3c-71e3ad62c659@group-D79C4C8A01A8-SegmentedRaftLogWorker: flushIndex: setUnconditionally 0 -> -1
2019-10-04 02:48:46,565 [pool-227-thread-1] INFO  server.RaftServerConfigKeys (ConfUtils.java:logGet(43)) - raft.server.snapshot.auto.trigger.enabled = true (custom)
2019-10-04 02:48:46,565 [pool-227-thread-1] INFO  server.RaftServerConfigKeys (ConfUtils.java:logGet(43)) - raft.server.snapshot.auto.trigger.threshold = 10000 (custom)
2019-10-04 02:48:46,565 [pool-227-thread-1] INFO  server.RaftServerConfigKeys (ConfUtils.java:logGet(43)) - raft.server.snapshot.retention.file.num = 5 (custom)
2019-10-04 02:48:46,565 [pool-227-thread-1] INFO  server.RaftServerConfigKeys (ConfUtils.java:logGet(43)) - raft.server.retrycache.expirytime = 600000ms (custom)
2019-10-04 02:48:46,566 [pool-227-thread-1] INFO  impl.RaftServerImpl (RaftServerImpl.java:start(181)) - e380016e-3489-43b9-9f3c-71e3ad62c659@group-D79C4C8A01A8: start as a follower, conf=-1: [e380016e-3489-43b9-9f3c-71e3ad62c659:192.168.164.196:44558], old=null
2019-10-04 02:48:46,567 [pool-227-thread-1] INFO  impl.RaftServerImpl (RaftServerImpl.java:setRole(170)) - e380016e-3489-43b9-9f3c-71e3ad62c659@group-D79C4C8A01A8: changes role from      null to FOLLOWER at term 0 for startAsFollower
2019-10-04 02:48:46,567 [pool-227-thread-1] INFO  impl.RoleInfo (RoleInfo.java:updateAndGet(143)) - e380016e-3489-43b9-9f3c-71e3ad62c659: start FollowerState
2019-10-04 02:48:46,567 [pool-227-thread-1] INFO  util.JmxRegister (JmxRegister.java:tryRegister(44)) - Successfully registered JMX Bean with object name Ratis:service=RaftServer,group=group-D79C4C8A01A8,id=e380016e-3489-43b9-9f3c-71e3ad62c659
2019-10-04 02:48:46,570 [RatisPipelineUtilsThread] INFO  pipeline.PipelineStateManager (PipelineStateManager.java:addPipeline(56)) - Created pipeline Pipeline[ Id: 0b75f428-91c3-4418-a0ef-d79c4c8a01a8, Nodes: e380016e-3489-43b9-9f3c-71e3ad62c659{ip: 192.168.164.196, host: pr-hdds-2181-xhd89-2114587330, networkLocation: /default-rack, certSerialId: null}, Type:RATIS, Factor:ONE, State:OPEN]
2019-10-04 02:48:46,574 [IPC Server handler 5 on 37918] INFO  net.NetworkTopology (NetworkTopologyImpl.java:add(111)) - Added a new node: /default-rack/501d81d3-386f-4669-a872-bef8b5c9a2d0
2019-10-04 02:48:46,574 [IPC Server handler 5 on 37918] INFO  node.SCMNodeManager (SCMNodeManager.java:register(266)) - Registered Data node : 501d81d3-386f-4669-a872-bef8b5c9a2d0{ip: 192.168.164.196, host: pr-hdds-2181-xhd89-2114587330, networkLocation: /default-rack, certSerialId: null}
2019-10-04 02:48:46,583 [grpc-default-executor-6] INFO  impl.RaftServerProxy (RaftServerProxy.java:addNew(89)) - dfe0ab3c-9bcd-4203-8d69-f85e2a82e83f: addNew group-BACDF191FE77:[b83a6a27-b6a1-4e2a-a9cc-dc8f8dad53d5:192.168.164.196:43518, e380016e-3489-43b9-9f3c-71e3ad62c659:192.168.164.196:44558, dfe0ab3c-9bcd-4203-8d69-f85e2a82e83f:192.168.164.196:44321] returns group-BACDF191FE77:java.util.concurrent.CompletableFuture@7cb4b596[Not completed]
2019-10-04 02:48:46,583 [grpc-default-executor-8] INFO  impl.RaftServerProxy (RaftServerProxy.java:addNew(89)) - e380016e-3489-43b9-9f3c-71e3ad62c659: addNew group-BACDF191FE77:[b83a6a27-b6a1-4e2a-a9cc-dc8f8dad53d5:192.168.164.196:43518, e380016e-3489-43b9-9f3c-71e3ad62c659:192.168.164.196:44558, dfe0ab3c-9bcd-4203-8d69-f85e2a82e83f:192.168.164.196:44321] returns group-BACDF191FE77:java.util.concurrent.CompletableFuture@17a8216[Not completed]
2019-10-04 02:48:46,584 [pool-217-thread-1] INFO  impl.RaftServerImpl (RaftServerImpl.java:<init>(95)) - dfe0ab3c-9bcd-4203-8d69-f85e2a82e83f: new RaftServerImpl for group-BACDF191FE77:[b83a6a27-b6a1-4e2a-a9cc-dc8f8dad53d5:192.168.164.196:43518, e380016e-3489-43b9-9f3c-71e3ad62c659:192.168.164.196:44558, dfe0ab3c-9bcd-4203-8d69-f85e2a82e83f:192.168.164.196:44321] with ContainerStateMachine:uninitialized
2019-10-04 02:48:46,584 [pool-217-thread-1] INFO  server.RaftServerConfigKeys (ConfUtils.java:logGet(43)) - raft.server.rpc.timeout.min = 5s (custom)
2019-10-04 02:48:46,584 [pool-217-thread-1] INFO  server.RaftServerConfigKeys (ConfUtils.java:logGet(43)) - raft.server.rpc.timeout.max = 5200ms (custom)
2019-10-04 02:48:46,584 [pool-217-thread-1] INFO  server.RaftServerConfigKeys (ConfUtils.java:logGet(43)) - raft.server.rpcslowness.timeout = 120s (custom)
2019-10-04 02:48:46,584 [pool-217-thread-1] INFO  server.RaftServerConfigKeys (ConfUtils.java:logGet(43)) - raft.server.sleep.deviation.threshold = 300 (default)
2019-10-04 02:48:46,584 [pool-217-thread-1] INFO  server.RaftServerConfigKeys (ConfUtils.java:logGet(43)) - raft.server.log.appender.install.snapshot.enabled = false (custom)
2019-10-04 02:48:46,585 [pool-217-thread-1] INFO  impl.RaftServerImpl (ServerState.java:<init>(103)) - dfe0ab3c-9bcd-4203-8d69-f85e2a82e83f@group-BACDF191FE77: ConfigurationManager, init=-1: [b83a6a27-b6a1-4e2a-a9cc-dc8f8dad53d5:192.168.164.196:43518, e380016e-3489-43b9-9f3c-71e3ad62c659:192.168.164.196:44558, dfe0ab3c-9bcd-4203-8d69-f85e2a82e83f:192.168.164.196:44321], old=null, confs=<EMPTY_MAP>
2019-10-04 02:48:46,585 [pool-217-thread-1] INFO  server.RaftServerConfigKeys (ConfUtils.java:logGet(43)) - raft.server.storage.dir = [/workdir/hadoop-ozone/integration-test/target/test-dir/MiniOzoneClusterImpl-68127e83-87a8-436e-a22b-35b6c2951a0a/datanode-1/data/ratis] (custom)
2019-10-04 02:48:46,585 [grpc-default-executor-8] INFO  impl.RaftServerProxy (RaftServerProxy.java:addNew(89)) - b83a6a27-b6a1-4e2a-a9cc-dc8f8dad53d5: addNew group-BACDF191FE77:[b83a6a27-b6a1-4e2a-a9cc-dc8f8dad53d5:192.168.164.196:43518, e380016e-3489-43b9-9f3c-71e3ad62c659:192.168.164.196:44558, dfe0ab3c-9bcd-4203-8d69-f85e2a82e83f:192.168.164.196:44321] returns group-BACDF191FE77:java.util.concurrent.CompletableFuture@4233165c[Not completed]
2019-10-04 02:48:46,585 [pool-217-thread-1] INFO  server.RaftServerConfigKeys (ConfUtils.java:logGet(43)) - raft.server.log.corruption.policy = EXCEPTION (default)
2019-10-04 02:48:46,585 [pool-227-thread-1] INFO  impl.RaftServerImpl (RaftServerImpl.java:<init>(95)) - e380016e-3489-43b9-9f3c-71e3ad62c659: new RaftServerImpl for group-BACDF191FE77:[b83a6a27-b6a1-4e2a-a9cc-dc8f8dad53d5:192.168.164.196:43518, e380016e-3489-43b9-9f3c-71e3ad62c659:192.168.164.196:44558, dfe0ab3c-9bcd-4203-8d69-f85e2a82e83f:192.168.164.196:44321] with ContainerStateMachine:uninitialized
2019-10-04 02:48:46,585 [pool-217-thread-1] INFO  storage.RaftStorageDirectory (RaftStorageDirectory.java:analyzeStorage(246)) - The storage directory /workdir/hadoop-ozone/integration-test/target/test-dir/MiniOzoneClusterImpl-68127e83-87a8-436e-a22b-35b6c2951a0a/datanode-1/data/ratis/8f1a2581-79dc-4915-afd9-bacdf191fe77 does not exist. Creating ...
2019-10-04 02:48:46,585 [pool-227-thread-1] INFO  server.RaftServerConfigKeys (ConfUtils.java:logGet(43)) - raft.server.rpc.timeout.min = 5s (custom)
2019-10-04 02:48:46,586 [pool-227-thread-1] INFO  server.RaftServerConfigKeys (ConfUtils.java:logGet(43)) - raft.server.rpc.timeout.max = 5200ms (custom)
2019-10-04 02:48:46,586 [pool-227-thread-1] INFO  server.RaftServerConfigKeys (ConfUtils.java:logGet(43)) - raft.server.rpcslowness.timeout = 120s (custom)
2019-10-04 02:48:46,586 [pool-227-thread-1] INFO  server.RaftServerConfigKeys (ConfUtils.java:logGet(43)) - raft.server.sleep.deviation.threshold = 300 (default)
2019-10-04 02:48:46,586 [pool-227-thread-1] INFO  server.RaftServerConfigKeys (ConfUtils.java:logGet(43)) - raft.server.log.appender.install.snapshot.enabled = false (custom)
2019-10-04 02:48:46,586 [pool-207-thread-1] INFO  impl.RaftServerImpl (RaftServerImpl.java:<init>(95)) - b83a6a27-b6a1-4e2a-a9cc-dc8f8dad53d5: new RaftServerImpl for group-BACDF191FE77:[b83a6a27-b6a1-4e2a-a9cc-dc8f8dad53d5:192.168.164.196:43518, e380016e-3489-43b9-9f3c-71e3ad62c659:192.168.164.196:44558, dfe0ab3c-9bcd-4203-8d69-f85e2a82e83f:192.168.164.196:44321] with ContainerStateMachine:uninitialized
2019-10-04 02:48:46,587 [pool-227-thread-1] INFO  impl.RaftServerImpl (ServerState.java:<init>(103)) - e380016e-3489-43b9-9f3c-71e3ad62c659@group-BACDF191FE77: ConfigurationManager, init=-1: [b83a6a27-b6a1-4e2a-a9cc-dc8f8dad53d5:192.168.164.196:43518, e380016e-3489-43b9-9f3c-71e3ad62c659:192.168.164.196:44558, dfe0ab3c-9bcd-4203-8d69-f85e2a82e83f:192.168.164.196:44321], old=null, confs=<EMPTY_MAP>
2019-10-04 02:48:46,587 [pool-207-thread-1] INFO  server.RaftServerConfigKeys (ConfUtils.java:logGet(43)) - raft.server.rpc.timeout.min = 5s (custom)
2019-10-04 02:48:46,587 [pool-227-thread-1] INFO  server.RaftServerConfigKeys (ConfUtils.java:logGet(43)) - raft.server.storage.dir = [/workdir/hadoop-ozone/integration-test/target/test-dir/MiniOzoneClusterImpl-68127e83-87a8-436e-a22b-35b6c2951a0a/datanode-2/data/ratis] (custom)
2019-10-04 02:48:46,587 [pool-207-thread-1] INFO  server.RaftServerConfigKeys (ConfUtils.java:logGet(43)) - raft.server.rpc.timeout.max = 5200ms (custom)
2019-10-04 02:48:46,587 [pool-227-thread-1] INFO  server.RaftServerConfigKeys (ConfUtils.java:logGet(43)) - raft.server.log.corruption.policy = EXCEPTION (default)
2019-10-04 02:48:46,587 [pool-207-thread-1] INFO  server.RaftServerConfigKeys (ConfUtils.java:logGet(43)) - raft.server.rpcslowness.timeout = 120s (custom)
2019-10-04 02:48:46,588 [pool-227-thread-1] INFO  storage.RaftStorageDirectory (RaftStorageDirectory.java:analyzeStorage(246)) - The storage directory /workdir/hadoop-ozone/integration-test/target/test-dir/MiniOzoneClusterImpl-68127e83-87a8-436e-a22b-35b6c2951a0a/datanode-2/data/ratis/8f1a2581-79dc-4915-afd9-bacdf191fe77 does not exist. Creating ...
2019-10-04 02:48:46,588 [pool-207-thread-1] INFO  server.RaftServerConfigKeys (ConfUtils.java:logGet(43)) - raft.server.sleep.deviation.threshold = 300 (default)
2019-10-04 02:48:46,588 [pool-207-thread-1] INFO  server.RaftServerConfigKeys (ConfUtils.java:logGet(43)) - raft.server.log.appender.install.snapshot.enabled = false (custom)
2019-10-04 02:48:46,588 [pool-207-thread-1] INFO  impl.RaftServerImpl (ServerState.java:<init>(103)) - b83a6a27-b6a1-4e2a-a9cc-dc8f8dad53d5@group-BACDF191FE77: ConfigurationManager, init=-1: [b83a6a27-b6a1-4e2a-a9cc-dc8f8dad53d5:192.168.164.196:43518, e380016e-3489-43b9-9f3c-71e3ad62c659:192.168.164.196:44558, dfe0ab3c-9bcd-4203-8d69-f85e2a82e83f:192.168.164.196:44321], old=null, confs=<EMPTY_MAP>
2019-10-04 02:48:46,589 [pool-207-thread-1] INFO  server.RaftServerConfigKeys (ConfUtils.java:logGet(43)) - raft.server.storage.dir = [/workdir/hadoop-ozone/integration-test/target/test-dir/MiniOzoneClusterImpl-68127e83-87a8-436e-a22b-35b6c2951a0a/datanode-0/data/ratis] (custom)
2019-10-04 02:48:46,589 [pool-217-thread-1] INFO  storage.RaftStorageDirectory (RaftStorageDirectory.java:tryLock(328)) - Lock on /workdir/hadoop-ozone/integration-test/target/test-dir/MiniOzoneClusterImpl-68127e83-87a8-436e-a22b-35b6c2951a0a/datanode-1/data/ratis/8f1a2581-79dc-4915-afd9-bacdf191fe77/in_use.lock acquired by nodename 16149@pr-hdds-2181-xhd89-2114587330
2019-10-04 02:48:46,589 [pool-207-thread-1] INFO  server.RaftServerConfigKeys (ConfUtils.java:logGet(43)) - raft.server.log.corruption.policy = EXCEPTION (default)
2019-10-04 02:48:46,589 [pool-207-thread-1] INFO  storage.RaftStorageDirectory (RaftStorageDirectory.java:analyzeStorage(246)) - The storage directory /workdir/hadoop-ozone/integration-test/target/test-dir/MiniOzoneClusterImpl-68127e83-87a8-436e-a22b-35b6c2951a0a/datanode-0/data/ratis/8f1a2581-79dc-4915-afd9-bacdf191fe77 does not exist. Creating ...
2019-10-04 02:48:46,591 [pool-227-thread-1] INFO  storage.RaftStorageDirectory (RaftStorageDirectory.java:tryLock(328)) - Lock on /workdir/hadoop-ozone/integration-test/target/test-dir/MiniOzoneClusterImpl-68127e83-87a8-436e-a22b-35b6c2951a0a/datanode-2/data/ratis/8f1a2581-79dc-4915-afd9-bacdf191fe77/in_use.lock acquired by nodename 16149@pr-hdds-2181-xhd89-2114587330
2019-10-04 02:48:46,593 [pool-207-thread-1] INFO  storage.RaftStorageDirectory (RaftStorageDirectory.java:tryLock(328)) - Lock on /workdir/hadoop-ozone/integration-test/target/test-dir/MiniOzoneClusterImpl-68127e83-87a8-436e-a22b-35b6c2951a0a/datanode-0/data/ratis/8f1a2581-79dc-4915-afd9-bacdf191fe77/in_use.lock acquired by nodename 16149@pr-hdds-2181-xhd89-2114587330
2019-10-04 02:48:46,594 [pool-217-thread-1] INFO  storage.RaftStorage (RaftStorage.java:format(84)) - Storage directory /workdir/hadoop-ozone/integration-test/target/test-dir/MiniOzoneClusterImpl-68127e83-87a8-436e-a22b-35b6c2951a0a/datanode-1/data/ratis/8f1a2581-79dc-4915-afd9-bacdf191fe77 has been successfully formatted.
2019-10-04 02:48:46,594 [pool-217-thread-1] INFO  ratis.ContainerStateMachine (ContainerStateMachine.java:loadSnapshot(230)) - group-BACDF191FE77: The snapshot info is null. Setting the last applied indexto:(t:0, i:~)
2019-10-04 02:48:46,594 [pool-217-thread-1] INFO  server.RaftServerConfigKeys (ConfUtils.java:logGet(43)) - raft.server.notification.no-leader.timeout = 120s (custom)
2019-10-04 02:48:46,594 [pool-217-thread-1] INFO  server.RaftServerConfigKeys (ConfUtils.java:logGet(43)) - raft.server.log.use.memory = false (default)
2019-10-04 02:48:46,595 [pool-217-thread-1] INFO  server.RaftServerConfigKeys (ConfUtils.java:logGet(43)) - raft.server.log.purge.gap = 1000000 (custom)
2019-10-04 02:48:46,595 [pool-217-thread-1] INFO  server.RaftServerConfigKeys (ConfUtils.java:logGet(43)) - raft.server.log.appender.buffer.byte-limit = 33554432 (custom)
2019-10-04 02:48:46,595 [pool-217-thread-1] INFO  server.RaftServerConfigKeys (ConfUtils.java:logGet(43)) - raft.server.log.segment.size.max = 1048576 (custom)
2019-10-04 02:48:46,595 [pool-217-thread-1] INFO  server.RaftServerConfigKeys (ConfUtils.java:logGet(43)) - raft.server.log.segment.cache.num.max = 2 (custom)
2019-10-04 02:48:46,595 [pool-217-thread-1] INFO  segmented.SegmentedRaftLogWorker (SegmentedRaftLogWorker.java:<init>(173)) - new dfe0ab3c-9bcd-4203-8d69-f85e2a82e83f@group-BACDF191FE77-SegmentedRaftLogWorker for RaftStorage:Storage Directory /workdir/hadoop-ozone/integration-test/target/test-dir/MiniOzoneClusterImpl-68127e83-87a8-436e-a22b-35b6c2951a0a/datanode-1/data/ratis/8f1a2581-79dc-4915-afd9-bacdf191fe77
2019-10-04 02:48:46,595 [pool-217-thread-1] INFO  server.RaftServerConfigKeys (ConfUtils.java:logGet(43)) - raft.server.log.queue.byte-limit = 2147483647 (custom)
2019-10-04 02:48:46,596 [pool-217-thread-1] INFO  server.RaftServerConfigKeys (ConfUtils.java:logGet(43)) - raft.server.log.queue.element-limit = 1024 (custom)
2019-10-04 02:48:46,596 [pool-217-thread-1] INFO  server.RaftServerConfigKeys (ConfUtils.java:logGet(43)) - raft.server.log.segment.size.max = 1048576 (custom)
2019-10-04 02:48:46,596 [pool-217-thread-1] INFO  server.RaftServerConfigKeys (ConfUtils.java:logGet(43)) - raft.server.log.preallocated.size = 16384 (custom)
2019-10-04 02:48:46,596 [pool-217-thread-1] INFO  server.RaftServerConfigKeys (ConfUtils.java:logGet(43)) - raft.server.log.write.buffer.size = 33554432 (custom)
2019-10-04 02:48:46,596 [pool-217-thread-1] INFO  server.RaftServerConfigKeys (ConfUtils.java:logGet(43)) - raft.server.log.force.sync.num = 128 (default)
2019-10-04 02:48:46,596 [pool-217-thread-1] INFO  server.RaftServerConfigKeys (ConfUtils.java:logGet(43)) - raft.server.log.statemachine.data.sync = true (default)
2019-10-04 02:48:46,596 [pool-217-thread-1] INFO  server.RaftServerConfigKeys (ConfUtils.java:logGet(43)) - raft.server.log.statemachine.data.sync.timeout = 10s (default)
2019-10-04 02:48:46,597 [pool-217-thread-1] INFO  server.RaftServerConfigKeys (ConfUtils.java:logGet(43)) - raft.server.log.statemachine.data.sync.timeout.retry = -1 (default)
2019-10-04 02:48:46,597 [pool-217-thread-1] INFO  server.RaftServerConfigKeys (ConfUtils.java:logGet(43)) - raft.server.log.statemachine.data.caching.enabled = true (custom)
2019-10-04 02:48:46,597 [pool-217-thread-1] INFO  segmented.SegmentedRaftLogWorker (SegmentedRaftLogWorker.java:lambda$new$0(128)) - dfe0ab3c-9bcd-4203-8d69-f85e2a82e83f@group-BACDF191FE77-SegmentedRaftLogWorker: flushIndex: setUnconditionally 0 -> -1
2019-10-04 02:48:46,597 [pool-207-thread-1] INFO  storage.RaftStorage (RaftStorage.java:format(84)) - Storage directory /workdir/hadoop-ozone/integration-test/target/test-dir/MiniOzoneClusterImpl-68127e83-87a8-436e-a22b-35b6c2951a0a/datanode-0/data/ratis/8f1a2581-79dc-4915-afd9-bacdf191fe77 has been successfully formatted.
2019-10-04 02:48:46,597 [pool-227-thread-1] INFO  storage.RaftStorage (RaftStorage.java:format(84)) - Storage directory /workdir/hadoop-ozone/integration-test/target/test-dir/MiniOzoneClusterImpl-68127e83-87a8-436e-a22b-35b6c2951a0a/datanode-2/data/ratis/8f1a2581-79dc-4915-afd9-bacdf191fe77 has been successfully formatted.
2019-10-04 02:48:46,598 [pool-217-thread-1] INFO  server.RaftServerConfigKeys (ConfUtils.java:logGet(43)) - raft.server.snapshot.auto.trigger.enabled = true (custom)
2019-10-04 02:48:46,598 [pool-227-thread-1] INFO  ratis.ContainerStateMachine (ContainerStateMachine.java:loadSnapshot(230)) - group-BACDF191FE77: The snapshot info is null. Setting the last applied indexto:(t:0, i:~)
2019-10-04 02:48:46,598 [pool-207-thread-1] INFO  ratis.ContainerStateMachine (ContainerStateMachine.java:loadSnapshot(230)) - group-BACDF191FE77: The snapshot info is null. Setting the last applied indexto:(t:0, i:~)
2019-10-04 02:48:46,598 [pool-227-thread-1] INFO  server.RaftServerConfigKeys (ConfUtils.java:logGet(43)) - raft.server.notification.no-leader.timeout = 120s (custom)
2019-10-04 02:48:46,598 [pool-217-thread-1] INFO  server.RaftServerConfigKeys (ConfUtils.java:logGet(43)) - raft.server.snapshot.auto.trigger.threshold = 10000 (custom)
2019-10-04 02:48:46,598 [pool-227-thread-1] INFO  server.RaftServerConfigKeys (ConfUtils.java:logGet(43)) - raft.server.log.use.memory = false (default)
2019-10-04 02:48:46,598 [pool-207-thread-1] INFO  server.RaftServerConfigKeys (ConfUtils.java:logGet(43)) - raft.server.notification.no-leader.timeout = 120s (custom)
2019-10-04 02:48:46,599 [pool-227-thread-1] INFO  server.RaftServerConfigKeys (ConfUtils.java:logGet(43)) - raft.server.log.purge.gap = 1000000 (custom)
2019-10-04 02:48:46,598 [pool-217-thread-1] INFO  server.RaftServerConfigKeys (ConfUtils.java:logGet(43)) - raft.server.snapshot.retention.file.num = 5 (custom)
2019-10-04 02:48:46,599 [pool-227-thread-1] INFO  server.RaftServerConfigKeys (ConfUtils.java:logGet(43)) - raft.server.log.appender.buffer.byte-limit = 33554432 (custom)
2019-10-04 02:48:46,599 [pool-207-thread-1] INFO  server.RaftServerConfigKeys (ConfUtils.java:logGet(43)) - raft.server.log.use.memory = false (default)
2019-10-04 02:48:46,599 [pool-227-thread-1] INFO  server.RaftServerConfigKeys (ConfUtils.java:logGet(43)) - raft.server.log.segment.size.max = 1048576 (custom)
2019-10-04 02:48:46,599 [pool-217-thread-1] INFO  server.RaftServerConfigKeys (ConfUtils.java:logGet(43)) - raft.server.retrycache.expirytime = 600000ms (custom)
2019-10-04 02:48:46,600 [pool-227-thread-1] INFO  server.RaftServerConfigKeys (ConfUtils.java:logGet(43)) - raft.server.log.segment.cache.num.max = 2 (custom)
2019-10-04 02:48:46,599 [pool-207-thread-1] INFO  server.RaftServerConfigKeys (ConfUtils.java:logGet(43)) - raft.server.log.purge.gap = 1000000 (custom)
2019-10-04 02:48:46,600 [pool-227-thread-1] INFO  segmented.SegmentedRaftLogWorker (SegmentedRaftLogWorker.java:<init>(173)) - new e380016e-3489-43b9-9f3c-71e3ad62c659@group-BACDF191FE77-SegmentedRaftLogWorker for RaftStorage:Storage Directory /workdir/hadoop-ozone/integration-test/target/test-dir/MiniOzoneClusterImpl-68127e83-87a8-436e-a22b-35b6c2951a0a/datanode-2/data/ratis/8f1a2581-79dc-4915-afd9-bacdf191fe77
2019-10-04 02:48:46,600 [pool-207-thread-1] INFO  server.RaftServerConfigKeys (ConfUtils.java:logGet(43)) - raft.server.log.appender.buffer.byte-limit = 33554432 (custom)
2019-10-04 02:48:46,600 [pool-227-thread-1] INFO  server.RaftServerConfigKeys (ConfUtils.java:logGet(43)) - raft.server.log.queue.byte-limit = 2147483647 (custom)
2019-10-04 02:48:46,600 [pool-207-thread-1] INFO  server.RaftServerConfigKeys (ConfUtils.java:logGet(43)) - raft.server.log.segment.size.max = 1048576 (custom)
2019-10-04 02:48:46,600 [pool-227-thread-1] INFO  server.RaftServerConfigKeys (ConfUtils.java:logGet(43)) - raft.server.log.queue.element-limit = 1024 (custom)
2019-10-04 02:48:46,600 [pool-207-thread-1] INFO  server.RaftServerConfigKeys (ConfUtils.java:logGet(43)) - raft.server.log.segment.cache.num.max = 2 (custom)
2019-10-04 02:48:46,601 [pool-227-thread-1] INFO  server.RaftServerConfigKeys (ConfUtils.java:logGet(43)) - raft.server.log.segment.size.max = 1048576 (custom)
2019-10-04 02:48:46,601 [pool-207-thread-1] INFO  segmented.SegmentedRaftLogWorker (SegmentedRaftLogWorker.java:<init>(173)) - new b83a6a27-b6a1-4e2a-a9cc-dc8f8dad53d5@group-BACDF191FE77-SegmentedRaftLogWorker for RaftStorage:Storage Directory /workdir/hadoop-ozone/integration-test/target/test-dir/MiniOzoneClusterImpl-68127e83-87a8-436e-a22b-35b6c2951a0a/datanode-0/data/ratis/8f1a2581-79dc-4915-afd9-bacdf191fe77
2019-10-04 02:48:46,601 [pool-227-thread-1] INFO  server.RaftServerConfigKeys (ConfUtils.java:logGet(43)) - raft.server.log.preallocated.size = 16384 (custom)
2019-10-04 02:48:46,601 [pool-207-thread-1] INFO  server.RaftServerConfigKeys (ConfUtils.java:logGet(43)) - raft.server.log.queue.byte-limit = 2147483647 (custom)
2019-10-04 02:48:46,601 [pool-227-thread-1] INFO  server.RaftServerConfigKeys (ConfUtils.java:logGet(43)) - raft.server.log.write.buffer.size = 33554432 (custom)
2019-10-04 02:48:46,601 [pool-207-thread-1] INFO  server.RaftServerConfigKeys (ConfUtils.java:logGet(43)) - raft.server.log.queue.element-limit = 1024 (custom)
2019-10-04 02:48:46,601 [pool-227-thread-1] INFO  server.RaftServerConfigKeys (ConfUtils.java:logGet(43)) - raft.server.log.force.sync.num = 128 (default)
2019-10-04 02:48:46,602 [pool-217-thread-1] INFO  impl.RaftServerImpl (RaftServerImpl.java:start(181)) - dfe0ab3c-9bcd-4203-8d69-f85e2a82e83f@group-BACDF191FE77: start as a follower, conf=-1: [b83a6a27-b6a1-4e2a-a9cc-dc8f8dad53d5:192.168.164.196:43518, e380016e-3489-43b9-9f3c-71e3ad62c659:192.168.164.196:44558, dfe0ab3c-9bcd-4203-8d69-f85e2a82e83f:192.168.164.196:44321], old=null
2019-10-04 02:48:46,602 [pool-207-thread-1] INFO  server.RaftServerConfigKeys (ConfUtils.java:logGet(43)) - raft.server.log.segment.size.max = 1048576 (custom)
2019-10-04 02:48:46,602 [pool-217-thread-1] INFO  impl.RaftServerImpl (RaftServerImpl.java:setRole(170)) - dfe0ab3c-9bcd-4203-8d69-f85e2a82e83f@group-BACDF191FE77: changes role from      null to FOLLOWER at term 0 for startAsFollower
2019-10-04 02:48:46,602 [pool-227-thread-1] INFO  server.RaftServerConfigKeys (ConfUtils.java:logGet(43)) - raft.server.log.statemachine.data.sync = true (default)
2019-10-04 02:48:46,602 [pool-217-thread-1] INFO  impl.RoleInfo (RoleInfo.java:updateAndGet(143)) - dfe0ab3c-9bcd-4203-8d69-f85e2a82e83f: start FollowerState
2019-10-04 02:48:46,602 [pool-207-thread-1] INFO  server.RaftServerConfigKeys (ConfUtils.java:logGet(43)) - raft.server.log.preallocated.size = 16384 (custom)
2019-10-04 02:48:46,602 [pool-227-thread-1] INFO  server.RaftServerConfigKeys (ConfUtils.java:logGet(43)) - raft.server.log.statemachine.data.sync.timeout = 10s (default)
2019-10-04 02:48:46,603 [pool-217-thread-1] INFO  util.JmxRegister (JmxRegister.java:tryRegister(44)) - Successfully registered JMX Bean with object name Ratis:service=RaftServer,group=group-BACDF191FE77,id=dfe0ab3c-9bcd-4203-8d69-f85e2a82e83f
2019-10-04 02:48:46,603 [pool-207-thread-1] INFO  server.RaftServerConfigKeys (ConfUtils.java:logGet(43)) - raft.server.log.write.buffer.size = 33554432 (custom)
2019-10-04 02:48:46,603 [pool-227-thread-1] INFO  server.RaftServerConfigKeys (ConfUtils.java:logGet(43)) - raft.server.log.statemachine.data.sync.timeout.retry = -1 (default)
2019-10-04 02:48:46,603 [pool-207-thread-1] INFO  server.RaftServerConfigKeys (ConfUtils.java:logGet(43)) - raft.server.log.force.sync.num = 128 (default)
2019-10-04 02:48:46,604 [pool-207-thread-1] INFO  server.RaftServerConfigKeys (ConfUtils.java:logGet(43)) - raft.server.log.statemachine.data.sync = true (default)
2019-10-04 02:48:46,604 [pool-227-thread-1] INFO  server.RaftServerConfigKeys (ConfUtils.java:logGet(43)) - raft.server.log.statemachine.data.caching.enabled = true (custom)
2019-10-04 02:48:46,604 [pool-207-thread-1] INFO  server.RaftServerConfigKeys (ConfUtils.java:logGet(43)) - raft.server.log.statemachine.data.sync.timeout = 10s (default)
2019-10-04 02:48:46,604 [pool-207-thread-1] INFO  server.RaftServerConfigKeys (ConfUtils.java:logGet(43)) - raft.server.log.statemachine.data.sync.timeout.retry = -1 (default)
2019-10-04 02:48:46,604 [pool-227-thread-1] INFO  segmented.SegmentedRaftLogWorker (SegmentedRaftLogWorker.java:lambda$new$0(128)) - e380016e-3489-43b9-9f3c-71e3ad62c659@group-BACDF191FE77-SegmentedRaftLogWorker: flushIndex: setUnconditionally 0 -> -1
2019-10-04 02:48:46,604 [pool-207-thread-1] INFO  server.RaftServerConfigKeys (ConfUtils.java:logGet(43)) - raft.server.log.statemachine.data.caching.enabled = true (custom)
2019-10-04 02:48:46,605 [pool-227-thread-1] INFO  server.RaftServerConfigKeys (ConfUtils.java:logGet(43)) - raft.server.snapshot.auto.trigger.enabled = true (custom)
2019-10-04 02:48:46,605 [pool-207-thread-1] INFO  segmented.SegmentedRaftLogWorker (SegmentedRaftLogWorker.java:lambda$new$0(128)) - b83a6a27-b6a1-4e2a-a9cc-dc8f8dad53d5@group-BACDF191FE77-SegmentedRaftLogWorker: flushIndex: setUnconditionally 0 -> -1
2019-10-04 02:48:46,605 [pool-227-thread-1] INFO  server.RaftServerConfigKeys (ConfUtils.java:logGet(43)) - raft.server.snapshot.auto.trigger.threshold = 10000 (custom)
2019-10-04 02:48:46,605 [pool-207-thread-1] INFO  server.RaftServerConfigKeys (ConfUtils.java:logGet(43)) - raft.server.snapshot.auto.trigger.enabled = true (custom)
2019-10-04 02:48:46,605 [pool-227-thread-1] INFO  server.RaftServerConfigKeys (ConfUtils.java:logGet(43)) - raft.server.snapshot.retention.file.num = 5 (custom)
2019-10-04 02:48:46,605 [pool-207-thread-1] INFO  server.RaftServerConfigKeys (ConfUtils.java:logGet(43)) - raft.server.snapshot.auto.trigger.threshold = 10000 (custom)
2019-10-04 02:48:46,605 [pool-227-thread-1] INFO  server.RaftServerConfigKeys (ConfUtils.java:logGet(43)) - raft.server.retrycache.expirytime = 600000ms (custom)
2019-10-04 02:48:46,605 [pool-207-thread-1] INFO  server.RaftServerConfigKeys (ConfUtils.java:logGet(43)) - raft.server.snapshot.retention.file.num = 5 (custom)
2019-10-04 02:48:46,606 [pool-207-thread-1] INFO  server.RaftServerConfigKeys (ConfUtils.java:logGet(43)) - raft.server.retrycache.expirytime = 600000ms (custom)
2019-10-04 02:48:46,609 [pool-207-thread-1] INFO  impl.RaftServerImpl (RaftServerImpl.java:start(181)) - b83a6a27-b6a1-4e2a-a9cc-dc8f8dad53d5@group-BACDF191FE77: start as a follower, conf=-1: [b83a6a27-b6a1-4e2a-a9cc-dc8f8dad53d5:192.168.164.196:43518, e380016e-3489-43b9-9f3c-71e3ad62c659:192.168.164.196:44558, dfe0ab3c-9bcd-4203-8d69-f85e2a82e83f:192.168.164.196:44321], old=null
2019-10-04 02:48:46,609 [pool-207-thread-1] INFO  impl.RaftServerImpl (RaftServerImpl.java:setRole(170)) - b83a6a27-b6a1-4e2a-a9cc-dc8f8dad53d5@group-BACDF191FE77: changes role from      null to FOLLOWER at term 0 for startAsFollower
2019-10-04 02:48:46,609 [pool-227-thread-1] INFO  impl.RaftServerImpl (RaftServerImpl.java:start(181)) - e380016e-3489-43b9-9f3c-71e3ad62c659@group-BACDF191FE77: start as a follower, conf=-1: [b83a6a27-b6a1-4e2a-a9cc-dc8f8dad53d5:192.168.164.196:43518, e380016e-3489-43b9-9f3c-71e3ad62c659:192.168.164.196:44558, dfe0ab3c-9bcd-4203-8d69-f85e2a82e83f:192.168.164.196:44321], old=null
2019-10-04 02:48:46,609 [pool-207-thread-1] INFO  impl.RoleInfo (RoleInfo.java:updateAndGet(143)) - b83a6a27-b6a1-4e2a-a9cc-dc8f8dad53d5: start FollowerState
2019-10-04 02:48:46,609 [pool-227-thread-1] INFO  impl.RaftServerImpl (RaftServerImpl.java:setRole(170)) - e380016e-3489-43b9-9f3c-71e3ad62c659@group-BACDF191FE77: changes role from      null to FOLLOWER at term 0 for startAsFollower
2019-10-04 02:48:46,610 [pool-227-thread-1] INFO  impl.RoleInfo (RoleInfo.java:updateAndGet(143)) - e380016e-3489-43b9-9f3c-71e3ad62c659: start FollowerState
2019-10-04 02:48:46,610 [pool-207-thread-1] INFO  util.JmxRegister (JmxRegister.java:tryRegister(44)) - Successfully registered JMX Bean with object name Ratis:service=RaftServer,group=group-BACDF191FE77,id=b83a6a27-b6a1-4e2a-a9cc-dc8f8dad53d5
2019-10-04 02:48:46,610 [pool-227-thread-1] INFO  util.JmxRegister (JmxRegister.java:tryRegister(44)) - Successfully registered JMX Bean with object name Ratis:service=RaftServer,group=group-BACDF191FE77,id=e380016e-3489-43b9-9f3c-71e3ad62c659
2019-10-04 02:48:46,615 [RatisPipelineUtilsThread] INFO  pipeline.PipelineStateManager (PipelineStateManager.java:addPipeline(56)) - Created pipeline Pipeline[ Id: 8f1a2581-79dc-4915-afd9-bacdf191fe77, Nodes: dfe0ab3c-9bcd-4203-8d69-f85e2a82e83f{ip: 192.168.164.196, host: pr-hdds-2181-xhd89-2114587330, networkLocation: /default-rack, certSerialId: null}e380016e-3489-43b9-9f3c-71e3ad62c659{ip: 192.168.164.196, host: pr-hdds-2181-xhd89-2114587330, networkLocation: /default-rack, certSerialId: null}b83a6a27-b6a1-4e2a-a9cc-dc8f8dad53d5{ip: 192.168.164.196, host: pr-hdds-2181-xhd89-2114587330, networkLocation: /default-rack, certSerialId: null}, Type:RATIS, Factor:THREE, State:OPEN]
2019-10-04 02:48:46,658 [IPC Server handler 4 on 37918] INFO  net.NetworkTopology (NetworkTopologyImpl.java:add(111)) - Added a new node: /default-rack/6b165801-3d58-4909-92ef-f78ea72236f6
2019-10-04 02:48:46,658 [IPC Server handler 4 on 37918] INFO  node.SCMNodeManager (SCMNodeManager.java:register(266)) - Registered Data node : 6b165801-3d58-4909-92ef-f78ea72236f6{ip: 192.168.164.196, host: pr-hdds-2181-xhd89-2114587330, networkLocation: /default-rack, certSerialId: null}
2019-10-04 02:48:46,668 [grpc-default-executor-8] INFO  impl.RaftServerProxy (RaftServerProxy.java:addNew(89)) - 6b165801-3d58-4909-92ef-f78ea72236f6: addNew group-64C8E85AC8C2:[6b165801-3d58-4909-92ef-f78ea72236f6:192.168.164.196:36986] returns group-64C8E85AC8C2:java.util.concurrent.CompletableFuture@6057772b[Not completed]
2019-10-04 02:48:46,672 [pool-247-thread-1] INFO  impl.RaftServerImpl (RaftServerImpl.java:<init>(95)) - 6b165801-3d58-4909-92ef-f78ea72236f6: new RaftServerImpl for group-64C8E85AC8C2:[6b165801-3d58-4909-92ef-f78ea72236f6:192.168.164.196:36986] with ContainerStateMachine:uninitialized
2019-10-04 02:48:46,673 [pool-247-thread-1] INFO  server.RaftServerConfigKeys (ConfUtils.java:logGet(43)) - raft.server.rpc.timeout.min = 5s (custom)
2019-10-04 02:48:46,673 [pool-247-thread-1] INFO  server.RaftServerConfigKeys (ConfUtils.java:logGet(43)) - raft.server.rpc.timeout.max = 5200ms (custom)
2019-10-04 02:48:46,673 [pool-247-thread-1] INFO  server.RaftServerConfigKeys (ConfUtils.java:logGet(43)) - raft.server.rpcslowness.timeout = 120s (custom)
2019-10-04 02:48:46,673 [pool-247-thread-1] INFO  server.RaftServerConfigKeys (ConfUtils.java:logGet(43)) - raft.server.sleep.deviation.threshold = 300 (default)
2019-10-04 02:48:46,673 [pool-247-thread-1] INFO  server.RaftServerConfigKeys (ConfUtils.java:logGet(43)) - raft.server.log.appender.install.snapshot.enabled = false (custom)
2019-10-04 02:48:46,673 [pool-247-thread-1] INFO  impl.RaftServerImpl (ServerState.java:<init>(103)) - 6b165801-3d58-4909-92ef-f78ea72236f6@group-64C8E85AC8C2: ConfigurationManager, init=-1: [6b165801-3d58-4909-92ef-f78ea72236f6:192.168.164.196:36986], old=null, confs=<EMPTY_MAP>
2019-10-04 02:48:46,673 [pool-247-thread-1] INFO  server.RaftServerConfigKeys (ConfUtils.java:logGet(43)) - raft.server.storage.dir = [/workdir/hadoop-ozone/integration-test/target/test-dir/MiniOzoneClusterImpl-68127e83-87a8-436e-a22b-35b6c2951a0a/datanode-4/data/ratis] (custom)
2019-10-04 02:48:46,674 [pool-247-thread-1] INFO  server.RaftServerConfigKeys (ConfUtils.java:logGet(43)) - raft.server.log.corruption.policy = EXCEPTION (default)
2019-10-04 02:48:46,674 [pool-247-thread-1] INFO  storage.RaftStorageDirectory (RaftStorageDirectory.java:analyzeStorage(246)) - The storage directory /workdir/hadoop-ozone/integration-test/target/test-dir/MiniOzoneClusterImpl-68127e83-87a8-436e-a22b-35b6c2951a0a/datanode-4/data/ratis/21c3e315-f636-4e39-bffd-64c8e85ac8c2 does not exist. Creating ...
2019-10-04 02:48:46,687 [pool-247-thread-1] INFO  storage.RaftStorageDirectory (RaftStorageDirectory.java:tryLock(328)) - Lock on /workdir/hadoop-ozone/integration-test/target/test-dir/MiniOzoneClusterImpl-68127e83-87a8-436e-a22b-35b6c2951a0a/datanode-4/data/ratis/21c3e315-f636-4e39-bffd-64c8e85ac8c2/in_use.lock acquired by nodename 16149@pr-hdds-2181-xhd89-2114587330
2019-10-04 02:48:46,700 [pool-247-thread-1] INFO  storage.RaftStorage (RaftStorage.java:format(84)) - Storage directory /workdir/hadoop-ozone/integration-test/target/test-dir/MiniOzoneClusterImpl-68127e83-87a8-436e-a22b-35b6c2951a0a/datanode-4/data/ratis/21c3e315-f636-4e39-bffd-64c8e85ac8c2 has been successfully formatted.
2019-10-04 02:48:46,700 [pool-247-thread-1] INFO  ratis.ContainerStateMachine (ContainerStateMachine.java:loadSnapshot(230)) - group-64C8E85AC8C2: The snapshot info is null. Setting the last applied indexto:(t:0, i:~)
2019-10-04 02:48:46,700 [pool-247-thread-1] INFO  server.RaftServerConfigKeys (ConfUtils.java:logGet(43)) - raft.server.notification.no-leader.timeout = 120s (custom)
2019-10-04 02:48:46,701 [pool-247-thread-1] INFO  server.RaftServerConfigKeys (ConfUtils.java:logGet(43)) - raft.server.log.use.memory = false (default)
2019-10-04 02:48:46,701 [pool-247-thread-1] INFO  server.RaftServerConfigKeys (ConfUtils.java:logGet(43)) - raft.server.log.purge.gap = 1000000 (custom)
2019-10-04 02:48:46,701 [pool-247-thread-1] INFO  server.RaftServerConfigKeys (ConfUtils.java:logGet(43)) - raft.server.log.appender.buffer.byte-limit = 33554432 (custom)
2019-10-04 02:48:46,701 [pool-247-thread-1] INFO  server.RaftServerConfigKeys (ConfUtils.java:logGet(43)) - raft.server.log.segment.size.max = 1048576 (custom)
2019-10-04 02:48:46,703 [pool-247-thread-1] INFO  server.RaftServerConfigKeys (ConfUtils.java:logGet(43)) - raft.server.log.segment.cache.num.max = 2 (custom)
2019-10-04 02:48:46,703 [pool-247-thread-1] INFO  segmented.SegmentedRaftLogWorker (SegmentedRaftLogWorker.java:<init>(173)) - new 6b165801-3d58-4909-92ef-f78ea72236f6@group-64C8E85AC8C2-SegmentedRaftLogWorker for RaftStorage:Storage Directory /workdir/hadoop-ozone/integration-test/target/test-dir/MiniOzoneClusterImpl-68127e83-87a8-436e-a22b-35b6c2951a0a/datanode-4/data/ratis/21c3e315-f636-4e39-bffd-64c8e85ac8c2
2019-10-04 02:48:46,703 [pool-247-thread-1] INFO  server.RaftServerConfigKeys (ConfUtils.java:logGet(43)) - raft.server.log.queue.byte-limit = 2147483647 (custom)
2019-10-04 02:48:46,703 [pool-247-thread-1] INFO  server.RaftServerConfigKeys (ConfUtils.java:logGet(43)) - raft.server.log.queue.element-limit = 1024 (custom)
2019-10-04 02:48:46,703 [pool-247-thread-1] INFO  server.RaftServerConfigKeys (ConfUtils.java:logGet(43)) - raft.server.log.segment.size.max = 1048576 (custom)
2019-10-04 02:48:46,703 [pool-247-thread-1] INFO  server.RaftServerConfigKeys (ConfUtils.java:logGet(43)) - raft.server.log.preallocated.size = 16384 (custom)
2019-10-04 02:48:46,703 [pool-247-thread-1] INFO  server.RaftServerConfigKeys (ConfUtils.java:logGet(43)) - raft.server.log.write.buffer.size = 33554432 (custom)
2019-10-04 02:48:46,703 [pool-247-thread-1] INFO  server.RaftServerConfigKeys (ConfUtils.java:logGet(43)) - raft.server.log.force.sync.num = 128 (default)
2019-10-04 02:48:46,704 [pool-247-thread-1] INFO  server.RaftServerConfigKeys (ConfUtils.java:logGet(43)) - raft.server.log.statemachine.data.sync = true (default)
2019-10-04 02:48:46,704 [pool-247-thread-1] INFO  server.RaftServerConfigKeys (ConfUtils.java:logGet(43)) - raft.server.log.statemachine.data.sync.timeout = 10s (default)
2019-10-04 02:48:46,704 [pool-247-thread-1] INFO  server.RaftServerConfigKeys (ConfUtils.java:logGet(43)) - raft.server.log.statemachine.data.sync.timeout.retry = -1 (default)
2019-10-04 02:48:46,704 [pool-247-thread-1] INFO  server.RaftServerConfigKeys (ConfUtils.java:logGet(43)) - raft.server.log.statemachine.data.caching.enabled = true (custom)
2019-10-04 02:48:46,704 [pool-247-thread-1] INFO  segmented.SegmentedRaftLogWorker (SegmentedRaftLogWorker.java:lambda$new$0(128)) - 6b165801-3d58-4909-92ef-f78ea72236f6@group-64C8E85AC8C2-SegmentedRaftLogWorker: flushIndex: setUnconditionally 0 -> -1
2019-10-04 02:48:46,705 [pool-247-thread-1] INFO  server.RaftServerConfigKeys (ConfUtils.java:logGet(43)) - raft.server.snapshot.auto.trigger.enabled = true (custom)
2019-10-04 02:48:46,705 [pool-247-thread-1] INFO  server.RaftServerConfigKeys (ConfUtils.java:logGet(43)) - raft.server.snapshot.auto.trigger.threshold = 10000 (custom)
2019-10-04 02:48:46,705 [pool-247-thread-1] INFO  server.RaftServerConfigKeys (ConfUtils.java:logGet(43)) - raft.server.snapshot.retention.file.num = 5 (custom)
2019-10-04 02:48:46,705 [pool-247-thread-1] INFO  server.RaftServerConfigKeys (ConfUtils.java:logGet(43)) - raft.server.retrycache.expirytime = 600000ms (custom)
2019-10-04 02:48:46,708 [pool-247-thread-1] INFO  impl.RaftServerImpl (RaftServerImpl.java:start(181)) - 6b165801-3d58-4909-92ef-f78ea72236f6@group-64C8E85AC8C2: start as a follower, conf=-1: [6b165801-3d58-4909-92ef-f78ea72236f6:192.168.164.196:36986], old=null
2019-10-04 02:48:46,708 [pool-247-thread-1] INFO  impl.RaftServerImpl (RaftServerImpl.java:setRole(170)) - 6b165801-3d58-4909-92ef-f78ea72236f6@group-64C8E85AC8C2: changes role from      null to FOLLOWER at term 0 for startAsFollower
2019-10-04 02:48:46,708 [pool-247-thread-1] INFO  impl.RoleInfo (RoleInfo.java:updateAndGet(143)) - 6b165801-3d58-4909-92ef-f78ea72236f6: start FollowerState
2019-10-04 02:48:46,708 [pool-247-thread-1] INFO  util.JmxRegister (JmxRegister.java:tryRegister(44)) - Successfully registered JMX Bean with object name Ratis:service=RaftServer,group=group-64C8E85AC8C2,id=6b165801-3d58-4909-92ef-f78ea72236f6
2019-10-04 02:48:46,713 [RatisPipelineUtilsThread] INFO  pipeline.PipelineStateManager (PipelineStateManager.java:addPipeline(56)) - Created pipeline Pipeline[ Id: 21c3e315-f636-4e39-bffd-64c8e85ac8c2, Nodes: 6b165801-3d58-4909-92ef-f78ea72236f6{ip: 192.168.164.196, host: pr-hdds-2181-xhd89-2114587330, networkLocation: /default-rack, certSerialId: null}, Type:RATIS, Factor:ONE, State:OPEN]
2019-10-04 02:48:46,720 [grpc-default-executor-8] INFO  impl.RaftServerProxy (RaftServerProxy.java:addNew(89)) - 501d81d3-386f-4669-a872-bef8b5c9a2d0: addNew group-62BE9160F6E7:[501d81d3-386f-4669-a872-bef8b5c9a2d0:192.168.164.196:45421] returns group-62BE9160F6E7:java.util.concurrent.CompletableFuture@6c2b73d4[Not completed]
2019-10-04 02:48:46,721 [IPC Server handler 6 on 37918] INFO  net.NetworkTopology (NetworkTopologyImpl.java:add(111)) - Added a new node: /default-rack/8a9d0394-6e08-4fd6-b83a-6e77b18dc275
2019-10-04 02:48:46,721 [IPC Server handler 6 on 37918] INFO  node.SCMNodeManager (SCMNodeManager.java:register(266)) - Registered Data node : 8a9d0394-6e08-4fd6-b83a-6e77b18dc275{ip: 192.168.164.196, host: pr-hdds-2181-xhd89-2114587330, networkLocation: /default-rack, certSerialId: null}
2019-10-04 02:48:46,722 [pool-237-thread-1] INFO  impl.RaftServerImpl (RaftServerImpl.java:<init>(95)) - 501d81d3-386f-4669-a872-bef8b5c9a2d0: new RaftServerImpl for group-62BE9160F6E7:[501d81d3-386f-4669-a872-bef8b5c9a2d0:192.168.164.196:45421] with ContainerStateMachine:uninitialized
2019-10-04 02:48:46,723 [pool-237-thread-1] INFO  server.RaftServerConfigKeys (ConfUtils.java:logGet(43)) - raft.server.rpc.timeout.min = 5s (custom)
2019-10-04 02:48:46,723 [pool-237-thread-1] INFO  server.RaftServerConfigKeys (ConfUtils.java:logGet(43)) - raft.server.rpc.timeout.max = 5200ms (custom)
2019-10-04 02:48:46,723 [pool-237-thread-1] INFO  server.RaftServerConfigKeys (ConfUtils.java:logGet(43)) - raft.server.rpcslowness.timeout = 120s (custom)
2019-10-04 02:48:46,723 [pool-237-thread-1] INFO  server.RaftServerConfigKeys (ConfUtils.java:logGet(43)) - raft.server.sleep.deviation.threshold = 300 (default)
2019-10-04 02:48:46,723 [pool-237-thread-1] INFO  server.RaftServerConfigKeys (ConfUtils.java:logGet(43)) - raft.server.log.appender.install.snapshot.enabled = false (custom)
2019-10-04 02:48:46,724 [pool-237-thread-1] INFO  impl.RaftServerImpl (ServerState.java:<init>(103)) - 501d81d3-386f-4669-a872-bef8b5c9a2d0@group-62BE9160F6E7: ConfigurationManager, init=-1: [501d81d3-386f-4669-a872-bef8b5c9a2d0:192.168.164.196:45421], old=null, confs=<EMPTY_MAP>
2019-10-04 02:48:46,724 [pool-237-thread-1] INFO  server.RaftServerConfigKeys (ConfUtils.java:logGet(43)) - raft.server.storage.dir = [/workdir/hadoop-ozone/integration-test/target/test-dir/MiniOzoneClusterImpl-68127e83-87a8-436e-a22b-35b6c2951a0a/datanode-3/data/ratis] (custom)
2019-10-04 02:48:46,724 [pool-237-thread-1] INFO  server.RaftServerConfigKeys (ConfUtils.java:logGet(43)) - raft.server.log.corruption.policy = EXCEPTION (default)
2019-10-04 02:48:46,724 [pool-237-thread-1] INFO  storage.RaftStorageDirectory (RaftStorageDirectory.java:analyzeStorage(246)) - The storage directory /workdir/hadoop-ozone/integration-test/target/test-dir/MiniOzoneClusterImpl-68127e83-87a8-436e-a22b-35b6c2951a0a/datanode-3/data/ratis/6a680ca8-c7b3-43f8-bf21-62be9160f6e7 does not exist. Creating ...
2019-10-04 02:48:46,738 [pool-237-thread-1] INFO  storage.RaftStorageDirectory (RaftStorageDirectory.java:tryLock(328)) - Lock on /workdir/hadoop-ozone/integration-test/target/test-dir/MiniOzoneClusterImpl-68127e83-87a8-436e-a22b-35b6c2951a0a/datanode-3/data/ratis/6a680ca8-c7b3-43f8-bf21-62be9160f6e7/in_use.lock acquired by nodename 16149@pr-hdds-2181-xhd89-2114587330
2019-10-04 02:48:46,780 [IPC Server handler 7 on 37918] INFO  net.NetworkTopology (NetworkTopologyImpl.java:add(111)) - Added a new node: /default-rack/d671373c-1081-4d63-a046-6062bd8f5c49
2019-10-04 02:48:46,780 [IPC Server handler 7 on 37918] INFO  node.SCMNodeManager (SCMNodeManager.java:register(266)) - Registered Data node : d671373c-1081-4d63-a046-6062bd8f5c49{ip: 192.168.164.196, host: pr-hdds-2181-xhd89-2114587330, networkLocation: /default-rack, certSerialId: null}
2019-10-04 02:48:46,780 [main] INFO  ozone.MiniOzoneClusterImpl (MiniOzoneClusterImpl.java:lambda$waitForClusterToBeReady$0(147)) - Cluster is ready. Got 7 of 7 DN Heartbeats.
2019-10-04 02:48:46,813 [main] INFO  rpc.RpcClient (RpcClient.java:createVolume(277)) - Creating Volume: watchforcommithandlingtest, with jenkins1000 as owner.
2019-10-04 02:48:46,816 [IPC Server handler 0 on 38120] INFO  volume.OMVolumeCreateRequest (OMVolumeCreateRequest.java:validateAndUpdateCache(193)) - created volume:watchforcommithandlingtest for user:jenkins1000
2019-10-04 02:48:46,826 [pool-237-thread-1] INFO  storage.RaftStorage (RaftStorage.java:format(84)) - Storage directory /workdir/hadoop-ozone/integration-test/target/test-dir/MiniOzoneClusterImpl-68127e83-87a8-436e-a22b-35b6c2951a0a/datanode-3/data/ratis/6a680ca8-c7b3-43f8-bf21-62be9160f6e7 has been successfully formatted.
2019-10-04 02:48:46,826 [main] INFO  rpc.RpcClient (RpcClient.java:createBucket(416)) - Creating Bucket: watchforcommithandlingtest/watchforcommithandlingtest, with Versioning false and Storage Type set to DISK and Encryption set to false 
2019-10-04 02:48:46,827 [pool-237-thread-1] INFO  ratis.ContainerStateMachine (ContainerStateMachine.java:loadSnapshot(230)) - group-62BE9160F6E7: The snapshot info is null. Setting the last applied indexto:(t:0, i:~)
2019-10-04 02:48:46,827 [pool-237-thread-1] INFO  server.RaftServerConfigKeys (ConfUtils.java:logGet(43)) - raft.server.notification.no-leader.timeout = 120s (custom)
2019-10-04 02:48:46,827 [pool-237-thread-1] INFO  server.RaftServerConfigKeys (ConfUtils.java:logGet(43)) - raft.server.log.use.memory = false (default)
2019-10-04 02:48:46,827 [pool-237-thread-1] INFO  server.RaftServerConfigKeys (ConfUtils.java:logGet(43)) - raft.server.log.purge.gap = 1000000 (custom)
2019-10-04 02:48:46,828 [pool-237-thread-1] INFO  server.RaftServerConfigKeys (ConfUtils.java:logGet(43)) - raft.server.log.appender.buffer.byte-limit = 33554432 (custom)
2019-10-04 02:48:46,828 [pool-237-thread-1] INFO  server.RaftServerConfigKeys (ConfUtils.java:logGet(43)) - raft.server.log.segment.size.max = 1048576 (custom)
2019-10-04 02:48:46,830 [main] INFO  ozone.MiniOzoneClusterImpl (MiniOzoneClusterImpl.java:getStorageContainerLocationClient(234)) - Creating StorageContainerLocationProtocol RPC client with address /0.0.0.0:44387
2019-10-04 02:48:46,833 [pool-237-thread-1] INFO  server.RaftServerConfigKeys (ConfUtils.java:logGet(43)) - raft.server.log.segment.cache.num.max = 2 (custom)
2019-10-04 02:48:46,833 [pool-237-thread-1] INFO  segmented.SegmentedRaftLogWorker (SegmentedRaftLogWorker.java:<init>(173)) - new 501d81d3-386f-4669-a872-bef8b5c9a2d0@group-62BE9160F6E7-SegmentedRaftLogWorker for RaftStorage:Storage Directory /workdir/hadoop-ozone/integration-test/target/test-dir/MiniOzoneClusterImpl-68127e83-87a8-436e-a22b-35b6c2951a0a/datanode-3/data/ratis/6a680ca8-c7b3-43f8-bf21-62be9160f6e7
2019-10-04 02:48:46,833 [pool-237-thread-1] INFO  server.RaftServerConfigKeys (ConfUtils.java:logGet(43)) - raft.server.log.queue.byte-limit = 2147483647 (custom)
2019-10-04 02:48:46,834 [pool-237-thread-1] INFO  server.RaftServerConfigKeys (ConfUtils.java:logGet(43)) - raft.server.log.queue.element-limit = 1024 (custom)
2019-10-04 02:48:46,834 [pool-237-thread-1] INFO  server.RaftServerConfigKeys (ConfUtils.java:logGet(43)) - raft.server.log.segment.size.max = 1048576 (custom)
2019-10-04 02:48:46,834 [pool-237-thread-1] INFO  server.RaftServerConfigKeys (ConfUtils.java:logGet(43)) - raft.server.log.preallocated.size = 16384 (custom)
2019-10-04 02:48:46,834 [pool-237-thread-1] INFO  server.RaftServerConfigKeys (ConfUtils.java:logGet(43)) - raft.server.log.write.buffer.size = 33554432 (custom)
2019-10-04 02:48:46,834 [pool-237-thread-1] INFO  server.RaftServerConfigKeys (ConfUtils.java:logGet(43)) - raft.server.log.force.sync.num = 128 (default)
2019-10-04 02:48:46,835 [pool-237-thread-1] INFO  server.RaftServerConfigKeys (ConfUtils.java:logGet(43)) - raft.server.log.statemachine.data.sync = true (default)
2019-10-04 02:48:46,835 [pool-237-thread-1] INFO  server.RaftServerConfigKeys (ConfUtils.java:logGet(43)) - raft.server.log.statemachine.data.sync.timeout = 10s (default)
2019-10-04 02:48:46,835 [pool-237-thread-1] INFO  server.RaftServerConfigKeys (ConfUtils.java:logGet(43)) - raft.server.log.statemachine.data.sync.timeout.retry = -1 (default)
2019-10-04 02:48:46,836 [pool-237-thread-1] INFO  server.RaftServerConfigKeys (ConfUtils.java:logGet(43)) - raft.server.log.statemachine.data.caching.enabled = true (custom)
2019-10-04 02:48:46,836 [pool-237-thread-1] INFO  segmented.SegmentedRaftLogWorker (SegmentedRaftLogWorker.java:lambda$new$0(128)) - 501d81d3-386f-4669-a872-bef8b5c9a2d0@group-62BE9160F6E7-SegmentedRaftLogWorker: flushIndex: setUnconditionally 0 -> -1
2019-10-04 02:48:46,837 [pool-237-thread-1] INFO  server.RaftServerConfigKeys (ConfUtils.java:logGet(43)) - raft.server.snapshot.auto.trigger.enabled = true (custom)
2019-10-04 02:48:46,837 [pool-237-thread-1] INFO  server.RaftServerConfigKeys (ConfUtils.java:logGet(43)) - raft.server.snapshot.auto.trigger.threshold = 10000 (custom)
2019-10-04 02:48:46,837 [pool-237-thread-1] INFO  server.RaftServerConfigKeys (ConfUtils.java:logGet(43)) - raft.server.snapshot.retention.file.num = 5 (custom)
2019-10-04 02:48:46,838 [pool-237-thread-1] INFO  server.RaftServerConfigKeys (ConfUtils.java:logGet(43)) - raft.server.retrycache.expirytime = 600000ms (custom)
2019-10-04 02:48:46,841 [pool-237-thread-1] INFO  impl.RaftServerImpl (RaftServerImpl.java:start(181)) - 501d81d3-386f-4669-a872-bef8b5c9a2d0@group-62BE9160F6E7: start as a follower, conf=-1: [501d81d3-386f-4669-a872-bef8b5c9a2d0:192.168.164.196:45421], old=null
2019-10-04 02:48:46,841 [pool-237-thread-1] INFO  impl.RaftServerImpl (RaftServerImpl.java:setRole(170)) - 501d81d3-386f-4669-a872-bef8b5c9a2d0@group-62BE9160F6E7: changes role from      null to FOLLOWER at term 0 for startAsFollower
2019-10-04 02:48:46,842 [pool-237-thread-1] INFO  impl.RoleInfo (RoleInfo.java:updateAndGet(143)) - 501d81d3-386f-4669-a872-bef8b5c9a2d0: start FollowerState
2019-10-04 02:48:46,842 [pool-237-thread-1] INFO  util.JmxRegister (JmxRegister.java:tryRegister(44)) - Successfully registered JMX Bean with object name Ratis:service=RaftServer,group=group-62BE9160F6E7,id=501d81d3-386f-4669-a872-bef8b5c9a2d0
2019-10-04 02:48:46,848 [RatisPipelineUtilsThread] INFO  pipeline.PipelineStateManager (PipelineStateManager.java:addPipeline(56)) - Created pipeline Pipeline[ Id: 6a680ca8-c7b3-43f8-bf21-62be9160f6e7, Nodes: 501d81d3-386f-4669-a872-bef8b5c9a2d0{ip: 192.168.164.196, host: pr-hdds-2181-xhd89-2114587330, networkLocation: /default-rack, certSerialId: null}, Type:RATIS, Factor:ONE, State:OPEN]
2019-10-04 02:48:46,858 [grpc-default-executor-8] INFO  impl.RaftServerProxy (RaftServerProxy.java:addNew(89)) - 8a9d0394-6e08-4fd6-b83a-6e77b18dc275: addNew group-87AE6969A44A:[8a9d0394-6e08-4fd6-b83a-6e77b18dc275:192.168.164.196:46007] returns group-87AE6969A44A:java.util.concurrent.CompletableFuture@227f6860[Not completed]
2019-10-04 02:48:46,860 [pool-257-thread-1] INFO  impl.RaftServerImpl (RaftServerImpl.java:<init>(95)) - 8a9d0394-6e08-4fd6-b83a-6e77b18dc275: new RaftServerImpl for group-87AE6969A44A:[8a9d0394-6e08-4fd6-b83a-6e77b18dc275:192.168.164.196:46007] with ContainerStateMachine:uninitialized
2019-10-04 02:48:46,860 [pool-257-thread-1] INFO  server.RaftServerConfigKeys (ConfUtils.java:logGet(43)) - raft.server.rpc.timeout.min = 5s (custom)
2019-10-04 02:48:46,860 [pool-257-thread-1] INFO  server.RaftServerConfigKeys (ConfUtils.java:logGet(43)) - raft.server.rpc.timeout.max = 5200ms (custom)
2019-10-04 02:48:46,860 [pool-257-thread-1] INFO  server.RaftServerConfigKeys (ConfUtils.java:logGet(43)) - raft.server.rpcslowness.timeout = 120s (custom)
2019-10-04 02:48:46,860 [pool-257-thread-1] INFO  server.RaftServerConfigKeys (ConfUtils.java:logGet(43)) - raft.server.sleep.deviation.threshold = 300 (default)
2019-10-04 02:48:46,860 [pool-257-thread-1] INFO  server.RaftServerConfigKeys (ConfUtils.java:logGet(43)) - raft.server.log.appender.install.snapshot.enabled = false (custom)
2019-10-04 02:48:46,861 [pool-257-thread-1] INFO  impl.RaftServerImpl (ServerState.java:<init>(103)) - 8a9d0394-6e08-4fd6-b83a-6e77b18dc275@group-87AE6969A44A: ConfigurationManager, init=-1: [8a9d0394-6e08-4fd6-b83a-6e77b18dc275:192.168.164.196:46007], old=null, confs=<EMPTY_MAP>
2019-10-04 02:48:46,861 [pool-257-thread-1] INFO  server.RaftServerConfigKeys (ConfUtils.java:logGet(43)) - raft.server.storage.dir = [/workdir/hadoop-ozone/integration-test/target/test-dir/MiniOzoneClusterImpl-68127e83-87a8-436e-a22b-35b6c2951a0a/datanode-5/data/ratis] (custom)
2019-10-04 02:48:46,861 [pool-257-thread-1] INFO  server.RaftServerConfigKeys (ConfUtils.java:logGet(43)) - raft.server.log.corruption.policy = EXCEPTION (default)
2019-10-04 02:48:46,861 [pool-257-thread-1] INFO  storage.RaftStorageDirectory (RaftStorageDirectory.java:analyzeStorage(246)) - The storage directory /workdir/hadoop-ozone/integration-test/target/test-dir/MiniOzoneClusterImpl-68127e83-87a8-436e-a22b-35b6c2951a0a/datanode-5/data/ratis/30a07506-82aa-454c-b6cf-87ae6969a44a does not exist. Creating ...
2019-10-04 02:48:46,875 [pool-257-thread-1] INFO  storage.RaftStorageDirectory (RaftStorageDirectory.java:tryLock(328)) - Lock on /workdir/hadoop-ozone/integration-test/target/test-dir/MiniOzoneClusterImpl-68127e83-87a8-436e-a22b-35b6c2951a0a/datanode-5/data/ratis/30a07506-82aa-454c-b6cf-87ae6969a44a/in_use.lock acquired by nodename 16149@pr-hdds-2181-xhd89-2114587330
2019-10-04 02:48:46,895 [pool-257-thread-1] INFO  storage.RaftStorage (RaftStorage.java:format(84)) - Storage directory /workdir/hadoop-ozone/integration-test/target/test-dir/MiniOzoneClusterImpl-68127e83-87a8-436e-a22b-35b6c2951a0a/datanode-5/data/ratis/30a07506-82aa-454c-b6cf-87ae6969a44a has been successfully formatted.
2019-10-04 02:48:46,896 [pool-257-thread-1] INFO  ratis.ContainerStateMachine (ContainerStateMachine.java:loadSnapshot(230)) - group-87AE6969A44A: The snapshot info is null. Setting the last applied indexto:(t:0, i:~)
2019-10-04 02:48:46,896 [pool-257-thread-1] INFO  server.RaftServerConfigKeys (ConfUtils.java:logGet(43)) - raft.server.notification.no-leader.timeout = 120s (custom)
2019-10-04 02:48:46,896 [pool-257-thread-1] INFO  server.RaftServerConfigKeys (ConfUtils.java:logGet(43)) - raft.server.log.use.memory = false (default)
2019-10-04 02:48:46,896 [pool-257-thread-1] INFO  server.RaftServerConfigKeys (ConfUtils.java:logGet(43)) - raft.server.log.purge.gap = 1000000 (custom)
2019-10-04 02:48:46,896 [pool-257-thread-1] INFO  server.RaftServerConfigKeys (ConfUtils.java:logGet(43)) - raft.server.log.appender.buffer.byte-limit = 33554432 (custom)
2019-10-04 02:48:46,897 [pool-257-thread-1] INFO  server.RaftServerConfigKeys (ConfUtils.java:logGet(43)) - raft.server.log.segment.size.max = 1048576 (custom)
2019-10-04 02:48:46,899 [pool-257-thread-1] INFO  server.RaftServerConfigKeys (ConfUtils.java:logGet(43)) - raft.server.log.segment.cache.num.max = 2 (custom)
2019-10-04 02:48:46,899 [pool-257-thread-1] INFO  segmented.SegmentedRaftLogWorker (SegmentedRaftLogWorker.java:<init>(173)) - new 8a9d0394-6e08-4fd6-b83a-6e77b18dc275@group-87AE6969A44A-SegmentedRaftLogWorker for RaftStorage:Storage Directory /workdir/hadoop-ozone/integration-test/target/test-dir/MiniOzoneClusterImpl-68127e83-87a8-436e-a22b-35b6c2951a0a/datanode-5/data/ratis/30a07506-82aa-454c-b6cf-87ae6969a44a
2019-10-04 02:48:46,899 [pool-257-thread-1] INFO  server.RaftServerConfigKeys (ConfUtils.java:logGet(43)) - raft.server.log.queue.byte-limit = 2147483647 (custom)
2019-10-04 02:48:46,899 [pool-257-thread-1] INFO  server.RaftServerConfigKeys (ConfUtils.java:logGet(43)) - raft.server.log.queue.element-limit = 1024 (custom)
2019-10-04 02:48:46,900 [pool-257-thread-1] INFO  server.RaftServerConfigKeys (ConfUtils.java:logGet(43)) - raft.server.log.segment.size.max = 1048576 (custom)
2019-10-04 02:48:46,900 [pool-257-thread-1] INFO  server.RaftServerConfigKeys (ConfUtils.java:logGet(43)) - raft.server.log.preallocated.size = 16384 (custom)
2019-10-04 02:48:46,900 [pool-257-thread-1] INFO  server.RaftServerConfigKeys (ConfUtils.java:logGet(43)) - raft.server.log.write.buffer.size = 33554432 (custom)
2019-10-04 02:48:46,900 [pool-257-thread-1] INFO  server.RaftServerConfigKeys (ConfUtils.java:logGet(43)) - raft.server.log.force.sync.num = 128 (default)
2019-10-04 02:48:46,900 [pool-257-thread-1] INFO  server.RaftServerConfigKeys (ConfUtils.java:logGet(43)) - raft.server.log.statemachine.data.sync = true (default)
2019-10-04 02:48:46,900 [pool-257-thread-1] INFO  server.RaftServerConfigKeys (ConfUtils.java:logGet(43)) - raft.server.log.statemachine.data.sync.timeout = 10s (default)
2019-10-04 02:48:46,901 [pool-257-thread-1] INFO  server.RaftServerConfigKeys (ConfUtils.java:logGet(43)) - raft.server.log.statemachine.data.sync.timeout.retry = -1 (default)
2019-10-04 02:48:46,901 [pool-257-thread-1] INFO  server.RaftServerConfigKeys (ConfUtils.java:logGet(43)) - raft.server.log.statemachine.data.caching.enabled = true (custom)
2019-10-04 02:48:46,902 [pool-257-thread-1] INFO  segmented.SegmentedRaftLogWorker (SegmentedRaftLogWorker.java:lambda$new$0(128)) - 8a9d0394-6e08-4fd6-b83a-6e77b18dc275@group-87AE6969A44A-SegmentedRaftLogWorker: flushIndex: setUnconditionally 0 -> -1
2019-10-04 02:48:46,902 [pool-257-thread-1] INFO  server.RaftServerConfigKeys (ConfUtils.java:logGet(43)) - raft.server.snapshot.auto.trigger.enabled = true (custom)
2019-10-04 02:48:46,902 [pool-257-thread-1] INFO  server.RaftServerConfigKeys (ConfUtils.java:logGet(43)) - raft.server.snapshot.auto.trigger.threshold = 10000 (custom)
2019-10-04 02:48:46,902 [pool-257-thread-1] INFO  server.RaftServerConfigKeys (ConfUtils.java:logGet(43)) - raft.server.snapshot.retention.file.num = 5 (custom)
2019-10-04 02:48:46,902 [pool-257-thread-1] INFO  server.RaftServerConfigKeys (ConfUtils.java:logGet(43)) - raft.server.retrycache.expirytime = 600000ms (custom)
2019-10-04 02:48:46,904 [pool-257-thread-1] INFO  impl.RaftServerImpl (RaftServerImpl.java:start(181)) - 8a9d0394-6e08-4fd6-b83a-6e77b18dc275@group-87AE6969A44A: start as a follower, conf=-1: [8a9d0394-6e08-4fd6-b83a-6e77b18dc275:192.168.164.196:46007], old=null
2019-10-04 02:48:46,905 [pool-257-thread-1] INFO  impl.RaftServerImpl (RaftServerImpl.java:setRole(170)) - 8a9d0394-6e08-4fd6-b83a-6e77b18dc275@group-87AE6969A44A: changes role from      null to FOLLOWER at term 0 for startAsFollower
2019-10-04 02:48:46,905 [pool-257-thread-1] INFO  impl.RoleInfo (RoleInfo.java:updateAndGet(143)) - 8a9d0394-6e08-4fd6-b83a-6e77b18dc275: start FollowerState
2019-10-04 02:48:46,905 [pool-257-thread-1] INFO  util.JmxRegister (JmxRegister.java:tryRegister(44)) - Successfully registered JMX Bean with object name Ratis:service=RaftServer,group=group-87AE6969A44A,id=8a9d0394-6e08-4fd6-b83a-6e77b18dc275
2019-10-04 02:48:46,911 [RatisPipelineUtilsThread] INFO  pipeline.PipelineStateManager (PipelineStateManager.java:addPipeline(56)) - Created pipeline Pipeline[ Id: 30a07506-82aa-454c-b6cf-87ae6969a44a, Nodes: 8a9d0394-6e08-4fd6-b83a-6e77b18dc275{ip: 192.168.164.196, host: pr-hdds-2181-xhd89-2114587330, networkLocation: /default-rack, certSerialId: null}, Type:RATIS, Factor:ONE, State:OPEN]
2019-10-04 02:48:46,916 [grpc-default-executor-8] INFO  impl.RaftServerProxy (RaftServerProxy.java:addNew(89)) - d671373c-1081-4d63-a046-6062bd8f5c49: addNew group-B03E5D61F7E1:[d671373c-1081-4d63-a046-6062bd8f5c49:192.168.164.196:37423] returns group-B03E5D61F7E1:java.util.concurrent.CompletableFuture@5e552b8a[Not completed]
2019-10-04 02:48:46,917 [pool-267-thread-1] INFO  impl.RaftServerImpl (RaftServerImpl.java:<init>(95)) - d671373c-1081-4d63-a046-6062bd8f5c49: new RaftServerImpl for group-B03E5D61F7E1:[d671373c-1081-4d63-a046-6062bd8f5c49:192.168.164.196:37423] with ContainerStateMachine:uninitialized
2019-10-04 02:48:46,917 [pool-267-thread-1] INFO  server.RaftServerConfigKeys (ConfUtils.java:logGet(43)) - raft.server.rpc.timeout.min = 5s (custom)
2019-10-04 02:48:46,917 [pool-267-thread-1] INFO  server.RaftServerConfigKeys (ConfUtils.java:logGet(43)) - raft.server.rpc.timeout.max = 5200ms (custom)
2019-10-04 02:48:46,917 [pool-267-thread-1] INFO  server.RaftServerConfigKeys (ConfUtils.java:logGet(43)) - raft.server.rpcslowness.timeout = 120s (custom)
2019-10-04 02:48:46,918 [pool-267-thread-1] INFO  server.RaftServerConfigKeys (ConfUtils.java:logGet(43)) - raft.server.sleep.deviation.threshold = 300 (default)
2019-10-04 02:48:46,918 [pool-267-thread-1] INFO  server.RaftServerConfigKeys (ConfUtils.java:logGet(43)) - raft.server.log.appender.install.snapshot.enabled = false (custom)
2019-10-04 02:48:46,918 [pool-267-thread-1] INFO  impl.RaftServerImpl (ServerState.java:<init>(103)) - d671373c-1081-4d63-a046-6062bd8f5c49@group-B03E5D61F7E1: ConfigurationManager, init=-1: [d671373c-1081-4d63-a046-6062bd8f5c49:192.168.164.196:37423], old=null, confs=<EMPTY_MAP>
2019-10-04 02:48:46,918 [pool-267-thread-1] INFO  server.RaftServerConfigKeys (ConfUtils.java:logGet(43)) - raft.server.storage.dir = [/workdir/hadoop-ozone/integration-test/target/test-dir/MiniOzoneClusterImpl-68127e83-87a8-436e-a22b-35b6c2951a0a/datanode-6/data/ratis] (custom)
2019-10-04 02:48:46,918 [pool-267-thread-1] INFO  server.RaftServerConfigKeys (ConfUtils.java:logGet(43)) - raft.server.log.corruption.policy = EXCEPTION (default)
2019-10-04 02:48:46,918 [pool-267-thread-1] INFO  storage.RaftStorageDirectory (RaftStorageDirectory.java:analyzeStorage(246)) - The storage directory /workdir/hadoop-ozone/integration-test/target/test-dir/MiniOzoneClusterImpl-68127e83-87a8-436e-a22b-35b6c2951a0a/datanode-6/data/ratis/4b55ee48-0cd6-4b1b-9cf6-b03e5d61f7e1 does not exist. Creating ...
2019-10-04 02:48:46,932 [pool-267-thread-1] INFO  storage.RaftStorageDirectory (RaftStorageDirectory.java:tryLock(328)) - Lock on /workdir/hadoop-ozone/integration-test/target/test-dir/MiniOzoneClusterImpl-68127e83-87a8-436e-a22b-35b6c2951a0a/datanode-6/data/ratis/4b55ee48-0cd6-4b1b-9cf6-b03e5d61f7e1/in_use.lock acquired by nodename 16149@pr-hdds-2181-xhd89-2114587330
2019-10-04 02:48:46,945 [pool-267-thread-1] INFO  storage.RaftStorage (RaftStorage.java:format(84)) - Storage directory /workdir/hadoop-ozone/integration-test/target/test-dir/MiniOzoneClusterImpl-68127e83-87a8-436e-a22b-35b6c2951a0a/datanode-6/data/ratis/4b55ee48-0cd6-4b1b-9cf6-b03e5d61f7e1 has been successfully formatted.
2019-10-04 02:48:46,945 [pool-267-thread-1] INFO  ratis.ContainerStateMachine (ContainerStateMachine.java:loadSnapshot(230)) - group-B03E5D61F7E1: The snapshot info is null. Setting the last applied indexto:(t:0, i:~)
2019-10-04 02:48:46,946 [pool-267-thread-1] INFO  server.RaftServerConfigKeys (ConfUtils.java:logGet(43)) - raft.server.notification.no-leader.timeout = 120s (custom)
2019-10-04 02:48:46,946 [pool-267-thread-1] INFO  server.RaftServerConfigKeys (ConfUtils.java:logGet(43)) - raft.server.log.use.memory = false (default)
2019-10-04 02:48:46,946 [pool-267-thread-1] INFO  server.RaftServerConfigKeys (ConfUtils.java:logGet(43)) - raft.server.log.purge.gap = 1000000 (custom)
2019-10-04 02:48:46,946 [pool-267-thread-1] INFO  server.RaftServerConfigKeys (ConfUtils.java:logGet(43)) - raft.server.log.appender.buffer.byte-limit = 33554432 (custom)
2019-10-04 02:48:46,946 [pool-267-thread-1] INFO  server.RaftServerConfigKeys (ConfUtils.java:logGet(43)) - raft.server.log.segment.size.max = 1048576 (custom)
2019-10-04 02:48:46,947 [pool-267-thread-1] INFO  server.RaftServerConfigKeys (ConfUtils.java:logGet(43)) - raft.server.log.segment.cache.num.max = 2 (custom)
2019-10-04 02:48:46,948 [pool-267-thread-1] INFO  segmented.SegmentedRaftLogWorker (SegmentedRaftLogWorker.java:<init>(173)) - new d671373c-1081-4d63-a046-6062bd8f5c49@group-B03E5D61F7E1-SegmentedRaftLogWorker for RaftStorage:Storage Directory /workdir/hadoop-ozone/integration-test/target/test-dir/MiniOzoneClusterImpl-68127e83-87a8-436e-a22b-35b6c2951a0a/datanode-6/data/ratis/4b55ee48-0cd6-4b1b-9cf6-b03e5d61f7e1
2019-10-04 02:48:46,948 [pool-267-thread-1] INFO  server.RaftServerConfigKeys (ConfUtils.java:logGet(43)) - raft.server.log.queue.byte-limit = 2147483647 (custom)
2019-10-04 02:48:46,948 [pool-267-thread-1] INFO  server.RaftServerConfigKeys (ConfUtils.java:logGet(43)) - raft.server.log.queue.element-limit = 1024 (custom)
2019-10-04 02:48:46,948 [pool-267-thread-1] INFO  server.RaftServerConfigKeys (ConfUtils.java:logGet(43)) - raft.server.log.segment.size.max = 1048576 (custom)
2019-10-04 02:48:46,948 [pool-267-thread-1] INFO  server.RaftServerConfigKeys (ConfUtils.java:logGet(43)) - raft.server.log.preallocated.size = 16384 (custom)
2019-10-04 02:48:46,948 [pool-267-thread-1] INFO  server.RaftServerConfigKeys (ConfUtils.java:logGet(43)) - raft.server.log.write.buffer.size = 33554432 (custom)
2019-10-04 02:48:46,948 [pool-267-thread-1] INFO  server.RaftServerConfigKeys (ConfUtils.java:logGet(43)) - raft.server.log.force.sync.num = 128 (default)
2019-10-04 02:48:46,948 [pool-267-thread-1] INFO  server.RaftServerConfigKeys (ConfUtils.java:logGet(43)) - raft.server.log.statemachine.data.sync = true (default)
2019-10-04 02:48:46,948 [pool-267-thread-1] INFO  server.RaftServerConfigKeys (ConfUtils.java:logGet(43)) - raft.server.log.statemachine.data.sync.timeout = 10s (default)
2019-10-04 02:48:46,949 [pool-267-thread-1] INFO  server.RaftServerConfigKeys (ConfUtils.java:logGet(43)) - raft.server.log.statemachine.data.sync.timeout.retry = -1 (default)
2019-10-04 02:48:46,949 [pool-267-thread-1] INFO  server.RaftServerConfigKeys (ConfUtils.java:logGet(43)) - raft.server.log.statemachine.data.caching.enabled = true (custom)
2019-10-04 02:48:46,949 [pool-267-thread-1] INFO  segmented.SegmentedRaftLogWorker (SegmentedRaftLogWorker.java:lambda$new$0(128)) - d671373c-1081-4d63-a046-6062bd8f5c49@group-B03E5D61F7E1-SegmentedRaftLogWorker: flushIndex: setUnconditionally 0 -> -1
2019-10-04 02:48:46,949 [pool-267-thread-1] INFO  server.RaftServerConfigKeys (ConfUtils.java:logGet(43)) - raft.server.snapshot.auto.trigger.enabled = true (custom)
2019-10-04 02:48:46,950 [pool-267-thread-1] INFO  server.RaftServerConfigKeys (ConfUtils.java:logGet(43)) - raft.server.snapshot.auto.trigger.threshold = 10000 (custom)
2019-10-04 02:48:46,950 [pool-267-thread-1] INFO  server.RaftServerConfigKeys (ConfUtils.java:logGet(43)) - raft.server.snapshot.retention.file.num = 5 (custom)
2019-10-04 02:48:46,950 [pool-267-thread-1] INFO  server.RaftServerConfigKeys (ConfUtils.java:logGet(43)) - raft.server.retrycache.expirytime = 600000ms (custom)
2019-10-04 02:48:46,951 [pool-267-thread-1] INFO  impl.RaftServerImpl (RaftServerImpl.java:start(181)) - d671373c-1081-4d63-a046-6062bd8f5c49@group-B03E5D61F7E1: start as a follower, conf=-1: [d671373c-1081-4d63-a046-6062bd8f5c49:192.168.164.196:37423], old=null
2019-10-04 02:48:46,951 [pool-267-thread-1] INFO  impl.RaftServerImpl (RaftServerImpl.java:setRole(170)) - d671373c-1081-4d63-a046-6062bd8f5c49@group-B03E5D61F7E1: changes role from      null to FOLLOWER at term 0 for startAsFollower
2019-10-04 02:48:46,951 [pool-267-thread-1] INFO  impl.RoleInfo (RoleInfo.java:updateAndGet(143)) - d671373c-1081-4d63-a046-6062bd8f5c49: start FollowerState
2019-10-04 02:48:46,952 [pool-267-thread-1] INFO  util.JmxRegister (JmxRegister.java:tryRegister(44)) - Successfully registered JMX Bean with object name Ratis:service=RaftServer,group=group-B03E5D61F7E1,id=d671373c-1081-4d63-a046-6062bd8f5c49
2019-10-04 02:48:46,956 [RatisPipelineUtilsThread] INFO  pipeline.PipelineStateManager (PipelineStateManager.java:addPipeline(56)) - Created pipeline Pipeline[ Id: 4b55ee48-0cd6-4b1b-9cf6-b03e5d61f7e1, Nodes: d671373c-1081-4d63-a046-6062bd8f5c49{ip: 192.168.164.196, host: pr-hdds-2181-xhd89-2114587330, networkLocation: /default-rack, certSerialId: null}, Type:RATIS, Factor:ONE, State:OPEN]
2019-10-04 02:48:46,965 [grpc-default-executor-8] INFO  impl.RaftServerProxy (RaftServerProxy.java:addNew(89)) - 501d81d3-386f-4669-a872-bef8b5c9a2d0: addNew group-D3C4A7E27716:[6b165801-3d58-4909-92ef-f78ea72236f6:192.168.164.196:36986, 8a9d0394-6e08-4fd6-b83a-6e77b18dc275:192.168.164.196:46007, 501d81d3-386f-4669-a872-bef8b5c9a2d0:192.168.164.196:45421] returns group-D3C4A7E27716:java.util.concurrent.CompletableFuture@7ae182dc[Not completed]
2019-10-04 02:48:46,967 [grpc-default-executor-6] INFO  impl.RaftServerProxy (RaftServerProxy.java:addNew(89)) - 8a9d0394-6e08-4fd6-b83a-6e77b18dc275: addNew group-D3C4A7E27716:[6b165801-3d58-4909-92ef-f78ea72236f6:192.168.164.196:36986, 8a9d0394-6e08-4fd6-b83a-6e77b18dc275:192.168.164.196:46007, 501d81d3-386f-4669-a872-bef8b5c9a2d0:192.168.164.196:45421] returns group-D3C4A7E27716:java.util.concurrent.CompletableFuture@525e68dd[Not completed]
2019-10-04 02:48:46,967 [grpc-default-executor-7] INFO  impl.RaftServerProxy (RaftServerProxy.java:addNew(89)) - 6b165801-3d58-4909-92ef-f78ea72236f6: addNew group-D3C4A7E27716:[6b165801-3d58-4909-92ef-f78ea72236f6:192.168.164.196:36986, 8a9d0394-6e08-4fd6-b83a-6e77b18dc275:192.168.164.196:46007, 501d81d3-386f-4669-a872-bef8b5c9a2d0:192.168.164.196:45421] returns group-D3C4A7E27716:java.util.concurrent.CompletableFuture@6d107b4b[Not completed]
2019-10-04 02:48:46,969 [pool-257-thread-1] INFO  impl.RaftServerImpl (RaftServerImpl.java:<init>(95)) - 8a9d0394-6e08-4fd6-b83a-6e77b18dc275: new RaftServerImpl for group-D3C4A7E27716:[6b165801-3d58-4909-92ef-f78ea72236f6:192.168.164.196:36986, 8a9d0394-6e08-4fd6-b83a-6e77b18dc275:192.168.164.196:46007, 501d81d3-386f-4669-a872-bef8b5c9a2d0:192.168.164.196:45421] with ContainerStateMachine:uninitialized
2019-10-04 02:48:46,969 [pool-257-thread-1] INFO  server.RaftServerConfigKeys (ConfUtils.java:logGet(43)) - raft.server.rpc.timeout.min = 5s (custom)
2019-10-04 02:48:46,969 [pool-257-thread-1] INFO  server.RaftServerConfigKeys (ConfUtils.java:logGet(43)) - raft.server.rpc.timeout.max = 5200ms (custom)
2019-10-04 02:48:46,969 [pool-257-thread-1] INFO  server.RaftServerConfigKeys (ConfUtils.java:logGet(43)) - raft.server.rpcslowness.timeout = 120s (custom)
2019-10-04 02:48:46,970 [pool-247-thread-1] INFO  impl.RaftServerImpl (RaftServerImpl.java:<init>(95)) - 6b165801-3d58-4909-92ef-f78ea72236f6: new RaftServerImpl for group-D3C4A7E27716:[6b165801-3d58-4909-92ef-f78ea72236f6:192.168.164.196:36986, 8a9d0394-6e08-4fd6-b83a-6e77b18dc275:192.168.164.196:46007, 501d81d3-386f-4669-a872-bef8b5c9a2d0:192.168.164.196:45421] with ContainerStateMachine:uninitialized
2019-10-04 02:48:46,970 [pool-257-thread-1] INFO  server.RaftServerConfigKeys (ConfUtils.java:logGet(43)) - raft.server.sleep.deviation.threshold = 300 (default)
2019-10-04 02:48:46,970 [pool-247-thread-1] INFO  server.RaftServerConfigKeys (ConfUtils.java:logGet(43)) - raft.server.rpc.timeout.min = 5s (custom)
2019-10-04 02:48:46,970 [pool-257-thread-1] INFO  server.RaftServerConfigKeys (ConfUtils.java:logGet(43)) - raft.server.log.appender.install.snapshot.enabled = false (custom)
2019-10-04 02:48:46,970 [pool-247-thread-1] INFO  server.RaftServerConfigKeys (ConfUtils.java:logGet(43)) - raft.server.rpc.timeout.max = 5200ms (custom)
2019-10-04 02:48:46,970 [pool-257-thread-1] INFO  impl.RaftServerImpl (ServerState.java:<init>(103)) - 8a9d0394-6e08-4fd6-b83a-6e77b18dc275@group-D3C4A7E27716: ConfigurationManager, init=-1: [6b165801-3d58-4909-92ef-f78ea72236f6:192.168.164.196:36986, 8a9d0394-6e08-4fd6-b83a-6e77b18dc275:192.168.164.196:46007, 501d81d3-386f-4669-a872-bef8b5c9a2d0:192.168.164.196:45421], old=null, confs=<EMPTY_MAP>
2019-10-04 02:48:46,970 [pool-237-thread-1] INFO  impl.RaftServerImpl (RaftServerImpl.java:<init>(95)) - 501d81d3-386f-4669-a872-bef8b5c9a2d0: new RaftServerImpl for group-D3C4A7E27716:[6b165801-3d58-4909-92ef-f78ea72236f6:192.168.164.196:36986, 8a9d0394-6e08-4fd6-b83a-6e77b18dc275:192.168.164.196:46007, 501d81d3-386f-4669-a872-bef8b5c9a2d0:192.168.164.196:45421] with ContainerStateMachine:uninitialized
2019-10-04 02:48:46,971 [pool-257-thread-1] INFO  server.RaftServerConfigKeys (ConfUtils.java:logGet(43)) - raft.server.storage.dir = [/workdir/hadoop-ozone/integration-test/target/test-dir/MiniOzoneClusterImpl-68127e83-87a8-436e-a22b-35b6c2951a0a/datanode-5/data/ratis] (custom)
2019-10-04 02:48:46,970 [pool-247-thread-1] INFO  server.RaftServerConfigKeys (ConfUtils.java:logGet(43)) - raft.server.rpcslowness.timeout = 120s (custom)
2019-10-04 02:48:46,971 [pool-237-thread-1] INFO  server.RaftServerConfigKeys (ConfUtils.java:logGet(43)) - raft.server.rpc.timeout.min = 5s (custom)
2019-10-04 02:48:46,971 [pool-257-thread-1] INFO  server.RaftServerConfigKeys (ConfUtils.java:logGet(43)) - raft.server.log.corruption.policy = EXCEPTION (default)
2019-10-04 02:48:46,971 [pool-247-thread-1] INFO  server.RaftServerConfigKeys (ConfUtils.java:logGet(43)) - raft.server.sleep.deviation.threshold = 300 (default)
2019-10-04 02:48:46,971 [pool-257-thread-1] INFO  storage.RaftStorageDirectory (RaftStorageDirectory.java:analyzeStorage(246)) - The storage directory /workdir/hadoop-ozone/integration-test/target/test-dir/MiniOzoneClusterImpl-68127e83-87a8-436e-a22b-35b6c2951a0a/datanode-5/data/ratis/45a61e74-8cf4-41eb-8fdb-d3c4a7e27716 does not exist. Creating ...
2019-10-04 02:48:46,971 [pool-247-thread-1] INFO  server.RaftServerConfigKeys (ConfUtils.java:logGet(43)) - raft.server.log.appender.install.snapshot.enabled = false (custom)
2019-10-04 02:48:46,971 [pool-237-thread-1] INFO  server.RaftServerConfigKeys (ConfUtils.java:logGet(43)) - raft.server.rpc.timeout.max = 5200ms (custom)
2019-10-04 02:48:46,972 [pool-247-thread-1] INFO  impl.RaftServerImpl (ServerState.java:<init>(103)) - 6b165801-3d58-4909-92ef-f78ea72236f6@group-D3C4A7E27716: ConfigurationManager, init=-1: [6b165801-3d58-4909-92ef-f78ea72236f6:192.168.164.196:36986, 8a9d0394-6e08-4fd6-b83a-6e77b18dc275:192.168.164.196:46007, 501d81d3-386f-4669-a872-bef8b5c9a2d0:192.168.164.196:45421], old=null, confs=<EMPTY_MAP>
2019-10-04 02:48:46,972 [pool-237-thread-1] INFO  server.RaftServerConfigKeys (ConfUtils.java:logGet(43)) - raft.server.rpcslowness.timeout = 120s (custom)
2019-10-04 02:48:46,972 [pool-247-thread-1] INFO  server.RaftServerConfigKeys (ConfUtils.java:logGet(43)) - raft.server.storage.dir = [/workdir/hadoop-ozone/integration-test/target/test-dir/MiniOzoneClusterImpl-68127e83-87a8-436e-a22b-35b6c2951a0a/datanode-4/data/ratis] (custom)
2019-10-04 02:48:46,972 [pool-237-thread-1] INFO  server.RaftServerConfigKeys (ConfUtils.java:logGet(43)) - raft.server.sleep.deviation.threshold = 300 (default)
2019-10-04 02:48:46,972 [pool-237-thread-1] INFO  server.RaftServerConfigKeys (ConfUtils.java:logGet(43)) - raft.server.log.appender.install.snapshot.enabled = false (custom)
2019-10-04 02:48:46,972 [pool-247-thread-1] INFO  server.RaftServerConfigKeys (ConfUtils.java:logGet(43)) - raft.server.log.corruption.policy = EXCEPTION (default)
2019-10-04 02:48:46,972 [pool-237-thread-1] INFO  impl.RaftServerImpl (ServerState.java:<init>(103)) - 501d81d3-386f-4669-a872-bef8b5c9a2d0@group-D3C4A7E27716: ConfigurationManager, init=-1: [6b165801-3d58-4909-92ef-f78ea72236f6:192.168.164.196:36986, 8a9d0394-6e08-4fd6-b83a-6e77b18dc275:192.168.164.196:46007, 501d81d3-386f-4669-a872-bef8b5c9a2d0:192.168.164.196:45421], old=null, confs=<EMPTY_MAP>
2019-10-04 02:48:46,972 [pool-247-thread-1] INFO  storage.RaftStorageDirectory (RaftStorageDirectory.java:analyzeStorage(246)) - The storage directory /workdir/hadoop-ozone/integration-test/target/test-dir/MiniOzoneClusterImpl-68127e83-87a8-436e-a22b-35b6c2951a0a/datanode-4/data/ratis/45a61e74-8cf4-41eb-8fdb-d3c4a7e27716 does not exist. Creating ...
2019-10-04 02:48:46,972 [pool-237-thread-1] INFO  server.RaftServerConfigKeys (ConfUtils.java:logGet(43)) - raft.server.storage.dir = [/workdir/hadoop-ozone/integration-test/target/test-dir/MiniOzoneClusterImpl-68127e83-87a8-436e-a22b-35b6c2951a0a/datanode-3/data/ratis] (custom)
2019-10-04 02:48:46,973 [pool-237-thread-1] INFO  server.RaftServerConfigKeys (ConfUtils.java:logGet(43)) - raft.server.log.corruption.policy = EXCEPTION (default)
2019-10-04 02:48:46,973 [pool-237-thread-1] INFO  storage.RaftStorageDirectory (RaftStorageDirectory.java:analyzeStorage(246)) - The storage directory /workdir/hadoop-ozone/integration-test/target/test-dir/MiniOzoneClusterImpl-68127e83-87a8-436e-a22b-35b6c2951a0a/datanode-3/data/ratis/45a61e74-8cf4-41eb-8fdb-d3c4a7e27716 does not exist. Creating ...
2019-10-04 02:48:46,985 [pool-237-thread-1] INFO  storage.RaftStorageDirectory (RaftStorageDirectory.java:tryLock(328)) - Lock on /workdir/hadoop-ozone/integration-test/target/test-dir/MiniOzoneClusterImpl-68127e83-87a8-436e-a22b-35b6c2951a0a/datanode-3/data/ratis/45a61e74-8cf4-41eb-8fdb-d3c4a7e27716/in_use.lock acquired by nodename 16149@pr-hdds-2181-xhd89-2114587330
2019-10-04 02:48:46,985 [pool-257-thread-1] INFO  storage.RaftStorageDirectory (RaftStorageDirectory.java:tryLock(328)) - Lock on /workdir/hadoop-ozone/integration-test/target/test-dir/MiniOzoneClusterImpl-68127e83-87a8-436e-a22b-35b6c2951a0a/datanode-5/data/ratis/45a61e74-8cf4-41eb-8fdb-d3c4a7e27716/in_use.lock acquired by nodename 16149@pr-hdds-2181-xhd89-2114587330
2019-10-04 02:48:46,985 [pool-247-thread-1] INFO  storage.RaftStorageDirectory (RaftStorageDirectory.java:tryLock(328)) - Lock on /workdir/hadoop-ozone/integration-test/target/test-dir/MiniOzoneClusterImpl-68127e83-87a8-436e-a22b-35b6c2951a0a/datanode-4/data/ratis/45a61e74-8cf4-41eb-8fdb-d3c4a7e27716/in_use.lock acquired by nodename 16149@pr-hdds-2181-xhd89-2114587330
2019-10-04 02:48:46,999 [pool-237-thread-1] INFO  storage.RaftStorage (RaftStorage.java:format(84)) - Storage directory /workdir/hadoop-ozone/integration-test/target/test-dir/MiniOzoneClusterImpl-68127e83-87a8-436e-a22b-35b6c2951a0a/datanode-3/data/ratis/45a61e74-8cf4-41eb-8fdb-d3c4a7e27716 has been successfully formatted.
2019-10-04 02:48:46,999 [pool-247-thread-1] INFO  storage.RaftStorage (RaftStorage.java:format(84)) - Storage directory /workdir/hadoop-ozone/integration-test/target/test-dir/MiniOzoneClusterImpl-68127e83-87a8-436e-a22b-35b6c2951a0a/datanode-4/data/ratis/45a61e74-8cf4-41eb-8fdb-d3c4a7e27716 has been successfully formatted.
2019-10-04 02:48:46,999 [pool-257-thread-1] INFO  storage.RaftStorage (RaftStorage.java:format(84)) - Storage directory /workdir/hadoop-ozone/integration-test/target/test-dir/MiniOzoneClusterImpl-68127e83-87a8-436e-a22b-35b6c2951a0a/datanode-5/data/ratis/45a61e74-8cf4-41eb-8fdb-d3c4a7e27716 has been successfully formatted.
2019-10-04 02:48:46,999 [pool-247-thread-1] INFO  ratis.ContainerStateMachine (ContainerStateMachine.java:loadSnapshot(230)) - group-D3C4A7E27716: The snapshot info is null. Setting the last applied indexto:(t:0, i:~)
2019-10-04 02:48:46,999 [pool-237-thread-1] INFO  ratis.ContainerStateMachine (ContainerStateMachine.java:loadSnapshot(230)) - group-D3C4A7E27716: The snapshot info is null. Setting the last applied indexto:(t:0, i:~)
2019-10-04 02:48:47,000 [pool-247-thread-1] INFO  server.RaftServerConfigKeys (ConfUtils.java:logGet(43)) - raft.server.notification.no-leader.timeout = 120s (custom)
2019-10-04 02:48:47,000 [pool-257-thread-1] INFO  ratis.ContainerStateMachine (ContainerStateMachine.java:loadSnapshot(230)) - group-D3C4A7E27716: The snapshot info is null. Setting the last applied indexto:(t:0, i:~)
2019-10-04 02:48:47,000 [pool-247-thread-1] INFO  server.RaftServerConfigKeys (ConfUtils.java:logGet(43)) - raft.server.log.use.memory = false (default)
2019-10-04 02:48:47,000 [pool-237-thread-1] INFO  server.RaftServerConfigKeys (ConfUtils.java:logGet(43)) - raft.server.notification.no-leader.timeout = 120s (custom)
2019-10-04 02:48:47,000 [pool-247-thread-1] INFO  server.RaftServerConfigKeys (ConfUtils.java:logGet(43)) - raft.server.log.purge.gap = 1000000 (custom)
2019-10-04 02:48:47,000 [pool-257-thread-1] INFO  server.RaftServerConfigKeys (ConfUtils.java:logGet(43)) - raft.server.notification.no-leader.timeout = 120s (custom)
2019-10-04 02:48:47,001 [pool-247-thread-1] INFO  server.RaftServerConfigKeys (ConfUtils.java:logGet(43)) - raft.server.log.appender.buffer.byte-limit = 33554432 (custom)
2019-10-04 02:48:47,000 [pool-237-thread-1] INFO  server.RaftServerConfigKeys (ConfUtils.java:logGet(43)) - raft.server.log.use.memory = false (default)
2019-10-04 02:48:47,001 [pool-247-thread-1] INFO  server.RaftServerConfigKeys (ConfUtils.java:logGet(43)) - raft.server.log.segment.size.max = 1048576 (custom)
2019-10-04 02:48:47,001 [pool-257-thread-1] INFO  server.RaftServerConfigKeys (ConfUtils.java:logGet(43)) - raft.server.log.use.memory = false (default)
2019-10-04 02:48:47,001 [pool-247-thread-1] INFO  server.RaftServerConfigKeys (ConfUtils.java:logGet(43)) - raft.server.log.segment.cache.num.max = 2 (custom)
2019-10-04 02:48:47,001 [pool-237-thread-1] INFO  server.RaftServerConfigKeys (ConfUtils.java:logGet(43)) - raft.server.log.purge.gap = 1000000 (custom)
2019-10-04 02:48:47,002 [pool-247-thread-1] INFO  segmented.SegmentedRaftLogWorker (SegmentedRaftLogWorker.java:<init>(173)) - new 6b165801-3d58-4909-92ef-f78ea72236f6@group-D3C4A7E27716-SegmentedRaftLogWorker for RaftStorage:Storage Directory /workdir/hadoop-ozone/integration-test/target/test-dir/MiniOzoneClusterImpl-68127e83-87a8-436e-a22b-35b6c2951a0a/datanode-4/data/ratis/45a61e74-8cf4-41eb-8fdb-d3c4a7e27716
2019-10-04 02:48:47,001 [pool-257-thread-1] INFO  server.RaftServerConfigKeys (ConfUtils.java:logGet(43)) - raft.server.log.purge.gap = 1000000 (custom)
2019-10-04 02:48:47,002 [pool-247-thread-1] INFO  server.RaftServerConfigKeys (ConfUtils.java:logGet(43)) - raft.server.log.queue.byte-limit = 2147483647 (custom)
2019-10-04 02:48:47,002 [pool-237-thread-1] INFO  server.RaftServerConfigKeys (ConfUtils.java:logGet(43)) - raft.server.log.appender.buffer.byte-limit = 33554432 (custom)
2019-10-04 02:48:47,002 [pool-247-thread-1] INFO  server.RaftServerConfigKeys (ConfUtils.java:logGet(43)) - raft.server.log.queue.element-limit = 1024 (custom)
2019-10-04 02:48:47,002 [pool-257-thread-1] INFO  server.RaftServerConfigKeys (ConfUtils.java:logGet(43)) - raft.server.log.appender.buffer.byte-limit = 33554432 (custom)
2019-10-04 02:48:47,003 [pool-247-thread-1] INFO  server.RaftServerConfigKeys (ConfUtils.java:logGet(43)) - raft.server.log.segment.size.max = 1048576 (custom)
2019-10-04 02:48:47,002 [pool-237-thread-1] INFO  server.RaftServerConfigKeys (ConfUtils.java:logGet(43)) - raft.server.log.segment.size.max = 1048576 (custom)
2019-10-04 02:48:47,003 [pool-247-thread-1] INFO  server.RaftServerConfigKeys (ConfUtils.java:logGet(43)) - raft.server.log.preallocated.size = 16384 (custom)
2019-10-04 02:48:47,003 [pool-257-thread-1] INFO  server.RaftServerConfigKeys (ConfUtils.java:logGet(43)) - raft.server.log.segment.size.max = 1048576 (custom)
2019-10-04 02:48:47,003 [pool-247-thread-1] INFO  server.RaftServerConfigKeys (ConfUtils.java:logGet(43)) - raft.server.log.write.buffer.size = 33554432 (custom)
2019-10-04 02:48:47,003 [pool-237-thread-1] INFO  server.RaftServerConfigKeys (ConfUtils.java:logGet(43)) - raft.server.log.segment.cache.num.max = 2 (custom)
2019-10-04 02:48:47,003 [pool-247-thread-1] INFO  server.RaftServerConfigKeys (ConfUtils.java:logGet(43)) - raft.server.log.force.sync.num = 128 (default)
2019-10-04 02:48:47,003 [pool-257-thread-1] INFO  server.RaftServerConfigKeys (ConfUtils.java:logGet(43)) - raft.server.log.segment.cache.num.max = 2 (custom)
2019-10-04 02:48:47,004 [pool-247-thread-1] INFO  server.RaftServerConfigKeys (ConfUtils.java:logGet(43)) - raft.server.log.statemachine.data.sync = true (default)
2019-10-04 02:48:47,004 [pool-237-thread-1] INFO  segmented.SegmentedRaftLogWorker (SegmentedRaftLogWorker.java:<init>(173)) - new 501d81d3-386f-4669-a872-bef8b5c9a2d0@group-D3C4A7E27716-SegmentedRaftLogWorker for RaftStorage:Storage Directory /workdir/hadoop-ozone/integration-test/target/test-dir/MiniOzoneClusterImpl-68127e83-87a8-436e-a22b-35b6c2951a0a/datanode-3/data/ratis/45a61e74-8cf4-41eb-8fdb-d3c4a7e27716
2019-10-04 02:48:47,004 [pool-237-thread-1] INFO  server.RaftServerConfigKeys (ConfUtils.java:logGet(43)) - raft.server.log.queue.byte-limit = 2147483647 (custom)
2019-10-04 02:48:47,004 [pool-247-thread-1] INFO  server.RaftServerConfigKeys (ConfUtils.java:logGet(43)) - raft.server.log.statemachine.data.sync.timeout = 10s (default)
2019-10-04 02:48:47,004 [pool-257-thread-1] INFO  segmented.SegmentedRaftLogWorker (SegmentedRaftLogWorker.java:<init>(173)) - new 8a9d0394-6e08-4fd6-b83a-6e77b18dc275@group-D3C4A7E27716-SegmentedRaftLogWorker for RaftStorage:Storage Directory /workdir/hadoop-ozone/integration-test/target/test-dir/MiniOzoneClusterImpl-68127e83-87a8-436e-a22b-35b6c2951a0a/datanode-5/data/ratis/45a61e74-8cf4-41eb-8fdb-d3c4a7e27716
2019-10-04 02:48:47,005 [pool-247-thread-1] INFO  server.RaftServerConfigKeys (ConfUtils.java:logGet(43)) - raft.server.log.statemachine.data.sync.timeout.retry = -1 (default)
2019-10-04 02:48:47,004 [pool-237-thread-1] INFO  server.RaftServerConfigKeys (ConfUtils.java:logGet(43)) - raft.server.log.queue.element-limit = 1024 (custom)
2019-10-04 02:48:47,005 [pool-247-thread-1] INFO  server.RaftServerConfigKeys (ConfUtils.java:logGet(43)) - raft.server.log.statemachine.data.caching.enabled = true (custom)
2019-10-04 02:48:47,005 [pool-257-thread-1] INFO  server.RaftServerConfigKeys (ConfUtils.java:logGet(43)) - raft.server.log.queue.byte-limit = 2147483647 (custom)
2019-10-04 02:48:47,005 [pool-237-thread-1] INFO  server.RaftServerConfigKeys (ConfUtils.java:logGet(43)) - raft.server.log.segment.size.max = 1048576 (custom)
2019-10-04 02:48:47,005 [pool-257-thread-1] INFO  server.RaftServerConfigKeys (ConfUtils.java:logGet(43)) - raft.server.log.queue.element-limit = 1024 (custom)
2019-10-04 02:48:47,006 [pool-247-thread-1] INFO  segmented.SegmentedRaftLogWorker (SegmentedRaftLogWorker.java:lambda$new$0(128)) - 6b165801-3d58-4909-92ef-f78ea72236f6@group-D3C4A7E27716-SegmentedRaftLogWorker: flushIndex: setUnconditionally 0 -> -1
2019-10-04 02:48:47,006 [pool-237-thread-1] INFO  server.RaftServerConfigKeys (ConfUtils.java:logGet(43)) - raft.server.log.preallocated.size = 16384 (custom)
2019-10-04 02:48:47,006 [pool-257-thread-1] INFO  server.RaftServerConfigKeys (ConfUtils.java:logGet(43)) - raft.server.log.segment.size.max = 1048576 (custom)
2019-10-04 02:48:47,006 [pool-247-thread-1] INFO  server.RaftServerConfigKeys (ConfUtils.java:logGet(43)) - raft.server.snapshot.auto.trigger.enabled = true (custom)
2019-10-04 02:48:47,006 [pool-237-thread-1] INFO  server.RaftServerConfigKeys (ConfUtils.java:logGet(43)) - raft.server.log.write.buffer.size = 33554432 (custom)
2019-10-04 02:48:47,007 [pool-247-thread-1] INFO  server.RaftServerConfigKeys (ConfUtils.java:logGet(43)) - raft.server.snapshot.auto.trigger.threshold = 10000 (custom)
2019-10-04 02:48:47,006 [pool-257-thread-1] INFO  server.RaftServerConfigKeys (ConfUtils.java:logGet(43)) - raft.server.log.preallocated.size = 16384 (custom)
2019-10-04 02:48:47,007 [pool-247-thread-1] INFO  server.RaftServerConfigKeys (ConfUtils.java:logGet(43)) - raft.server.snapshot.retention.file.num = 5 (custom)
2019-10-04 02:48:47,007 [pool-237-thread-1] INFO  server.RaftServerConfigKeys (ConfUtils.java:logGet(43)) - raft.server.log.force.sync.num = 128 (default)
2019-10-04 02:48:47,007 [pool-247-thread-1] INFO  server.RaftServerConfigKeys (ConfUtils.java:logGet(43)) - raft.server.retrycache.expirytime = 600000ms (custom)
2019-10-04 02:48:47,007 [pool-257-thread-1] INFO  server.RaftServerConfigKeys (ConfUtils.java:logGet(43)) - raft.server.log.write.buffer.size = 33554432 (custom)
2019-10-04 02:48:47,007 [pool-237-thread-1] INFO  server.RaftServerConfigKeys (ConfUtils.java:logGet(43)) - raft.server.log.statemachine.data.sync = true (default)
2019-10-04 02:48:47,008 [pool-257-thread-1] INFO  server.RaftServerConfigKeys (ConfUtils.java:logGet(43)) - raft.server.log.force.sync.num = 128 (default)
2019-10-04 02:48:47,008 [pool-237-thread-1] INFO  server.RaftServerConfigKeys (ConfUtils.java:logGet(43)) - raft.server.log.statemachine.data.sync.timeout = 10s (default)
2019-10-04 02:48:47,008 [pool-257-thread-1] INFO  server.RaftServerConfigKeys (ConfUtils.java:logGet(43)) - raft.server.log.statemachine.data.sync = true (default)
2019-10-04 02:48:47,008 [pool-237-thread-1] INFO  server.RaftServerConfigKeys (ConfUtils.java:logGet(43)) - raft.server.log.statemachine.data.sync.timeout.retry = -1 (default)
2019-10-04 02:48:47,008 [pool-257-thread-1] INFO  server.RaftServerConfigKeys (ConfUtils.java:logGet(43)) - raft.server.log.statemachine.data.sync.timeout = 10s (default)
2019-10-04 02:48:47,008 [pool-237-thread-1] INFO  server.RaftServerConfigKeys (ConfUtils.java:logGet(43)) - raft.server.log.statemachine.data.caching.enabled = true (custom)
2019-10-04 02:48:47,009 [pool-257-thread-1] INFO  server.RaftServerConfigKeys (ConfUtils.java:logGet(43)) - raft.server.log.statemachine.data.sync.timeout.retry = -1 (default)
2019-10-04 02:48:47,009 [pool-237-thread-1] INFO  segmented.SegmentedRaftLogWorker (SegmentedRaftLogWorker.java:lambda$new$0(128)) - 501d81d3-386f-4669-a872-bef8b5c9a2d0@group-D3C4A7E27716-SegmentedRaftLogWorker: flushIndex: setUnconditionally 0 -> -1
2019-10-04 02:48:47,009 [pool-257-thread-1] INFO  server.RaftServerConfigKeys (ConfUtils.java:logGet(43)) - raft.server.log.statemachine.data.caching.enabled = true (custom)
2019-10-04 02:48:47,009 [pool-237-thread-1] INFO  server.RaftServerConfigKeys (ConfUtils.java:logGet(43)) - raft.server.snapshot.auto.trigger.enabled = true (custom)
2019-10-04 02:48:47,009 [pool-237-thread-1] INFO  server.RaftServerConfigKeys (ConfUtils.java:logGet(43)) - raft.server.snapshot.auto.trigger.threshold = 10000 (custom)
2019-10-04 02:48:47,009 [pool-257-thread-1] INFO  segmented.SegmentedRaftLogWorker (SegmentedRaftLogWorker.java:lambda$new$0(128)) - 8a9d0394-6e08-4fd6-b83a-6e77b18dc275@group-D3C4A7E27716-SegmentedRaftLogWorker: flushIndex: setUnconditionally 0 -> -1
2019-10-04 02:48:47,009 [pool-237-thread-1] INFO  server.RaftServerConfigKeys (ConfUtils.java:logGet(43)) - raft.server.snapshot.retention.file.num = 5 (custom)
2019-10-04 02:48:47,010 [pool-237-thread-1] INFO  server.RaftServerConfigKeys (ConfUtils.java:logGet(43)) - raft.server.retrycache.expirytime = 600000ms (custom)
2019-10-04 02:48:47,010 [pool-257-thread-1] INFO  server.RaftServerConfigKeys (ConfUtils.java:logGet(43)) - raft.server.snapshot.auto.trigger.enabled = true (custom)
2019-10-04 02:48:47,010 [pool-247-thread-1] INFO  impl.RaftServerImpl (RaftServerImpl.java:start(181)) - 6b165801-3d58-4909-92ef-f78ea72236f6@group-D3C4A7E27716: start as a follower, conf=-1: [6b165801-3d58-4909-92ef-f78ea72236f6:192.168.164.196:36986, 8a9d0394-6e08-4fd6-b83a-6e77b18dc275:192.168.164.196:46007, 501d81d3-386f-4669-a872-bef8b5c9a2d0:192.168.164.196:45421], old=null
2019-10-04 02:48:47,010 [pool-257-thread-1] INFO  server.RaftServerConfigKeys (ConfUtils.java:logGet(43)) - raft.server.snapshot.auto.trigger.threshold = 10000 (custom)
2019-10-04 02:48:47,010 [pool-247-thread-1] INFO  impl.RaftServerImpl (RaftServerImpl.java:setRole(170)) - 6b165801-3d58-4909-92ef-f78ea72236f6@group-D3C4A7E27716: changes role from      null to FOLLOWER at term 0 for startAsFollower
2019-10-04 02:48:47,010 [pool-257-thread-1] INFO  server.RaftServerConfigKeys (ConfUtils.java:logGet(43)) - raft.server.snapshot.retention.file.num = 5 (custom)
2019-10-04 02:48:47,010 [pool-247-thread-1] INFO  impl.RoleInfo (RoleInfo.java:updateAndGet(143)) - 6b165801-3d58-4909-92ef-f78ea72236f6: start FollowerState
2019-10-04 02:48:47,011 [pool-257-thread-1] INFO  server.RaftServerConfigKeys (ConfUtils.java:logGet(43)) - raft.server.retrycache.expirytime = 600000ms (custom)
2019-10-04 02:48:47,011 [pool-247-thread-1] INFO  util.JmxRegister (JmxRegister.java:tryRegister(44)) - Successfully registered JMX Bean with object name Ratis:service=RaftServer,group=group-D3C4A7E27716,id=6b165801-3d58-4909-92ef-f78ea72236f6
2019-10-04 02:48:47,013 [pool-237-thread-1] INFO  impl.RaftServerImpl (RaftServerImpl.java:start(181)) - 501d81d3-386f-4669-a872-bef8b5c9a2d0@group-D3C4A7E27716: start as a follower, conf=-1: [6b165801-3d58-4909-92ef-f78ea72236f6:192.168.164.196:36986, 8a9d0394-6e08-4fd6-b83a-6e77b18dc275:192.168.164.196:46007, 501d81d3-386f-4669-a872-bef8b5c9a2d0:192.168.164.196:45421], old=null
2019-10-04 02:48:47,013 [pool-237-thread-1] INFO  impl.RaftServerImpl (RaftServerImpl.java:setRole(170)) - 501d81d3-386f-4669-a872-bef8b5c9a2d0@group-D3C4A7E27716: changes role from      null to FOLLOWER at term 0 for startAsFollower
2019-10-04 02:48:47,013 [pool-237-thread-1] INFO  impl.RoleInfo (RoleInfo.java:updateAndGet(143)) - 501d81d3-386f-4669-a872-bef8b5c9a2d0: start FollowerState
2019-10-04 02:48:47,013 [pool-237-thread-1] INFO  util.JmxRegister (JmxRegister.java:tryRegister(44)) - Successfully registered JMX Bean with object name Ratis:service=RaftServer,group=group-D3C4A7E27716,id=501d81d3-386f-4669-a872-bef8b5c9a2d0
2019-10-04 02:48:47,014 [pool-257-thread-1] INFO  impl.RaftServerImpl (RaftServerImpl.java:start(181)) - 8a9d0394-6e08-4fd6-b83a-6e77b18dc275@group-D3C4A7E27716: start as a follower, conf=-1: [6b165801-3d58-4909-92ef-f78ea72236f6:192.168.164.196:36986, 8a9d0394-6e08-4fd6-b83a-6e77b18dc275:192.168.164.196:46007, 501d81d3-386f-4669-a872-bef8b5c9a2d0:192.168.164.196:45421], old=null
2019-10-04 02:48:47,014 [pool-257-thread-1] INFO  impl.RaftServerImpl (RaftServerImpl.java:setRole(170)) - 8a9d0394-6e08-4fd6-b83a-6e77b18dc275@group-D3C4A7E27716: changes role from      null to FOLLOWER at term 0 for startAsFollower
2019-10-04 02:48:47,014 [pool-257-thread-1] INFO  impl.RoleInfo (RoleInfo.java:updateAndGet(143)) - 8a9d0394-6e08-4fd6-b83a-6e77b18dc275: start FollowerState
2019-10-04 02:48:47,015 [pool-257-thread-1] INFO  util.JmxRegister (JmxRegister.java:tryRegister(44)) - Successfully registered JMX Bean with object name Ratis:service=RaftServer,group=group-D3C4A7E27716,id=8a9d0394-6e08-4fd6-b83a-6e77b18dc275
2019-10-04 02:48:47,020 [RatisPipelineUtilsThread] INFO  pipeline.PipelineStateManager (PipelineStateManager.java:addPipeline(56)) - Created pipeline Pipeline[ Id: 45a61e74-8cf4-41eb-8fdb-d3c4a7e27716, Nodes: 8a9d0394-6e08-4fd6-b83a-6e77b18dc275{ip: 192.168.164.196, host: pr-hdds-2181-xhd89-2114587330, networkLocation: /default-rack, certSerialId: null}6b165801-3d58-4909-92ef-f78ea72236f6{ip: 192.168.164.196, host: pr-hdds-2181-xhd89-2114587330, networkLocation: /default-rack, certSerialId: null}501d81d3-386f-4669-a872-bef8b5c9a2d0{ip: 192.168.164.196, host: pr-hdds-2181-xhd89-2114587330, networkLocation: /default-rack, certSerialId: null}, Type:RATIS, Factor:THREE, State:OPEN]
2019-10-04 02:48:49,389 [Thread-1478] INFO  container.ReplicationManager (ReplicationManager.java:start(162)) - Starting Replication Monitor Thread.
2019-10-04 02:48:49,395 [ReplicationMonitor] INFO  container.ReplicationManager (ReplicationManager.java:run(225)) - Replication Monitor Thread took 0 milliseconds for processing 1 containers.
2019-10-04 02:48:51,560 [Thread-1483] INFO  impl.FollowerState (FollowerState.java:run(108)) - dfe0ab3c-9bcd-4203-8d69-f85e2a82e83f@group-14B2B18D2AFF-FollowerState: change to CANDIDATE, lastRpcTime:5043ms, electionTimeout:5043ms
2019-10-04 02:48:51,561 [Thread-1483] INFO  impl.RoleInfo (RoleInfo.java:shutdownFollowerState(121)) - dfe0ab3c-9bcd-4203-8d69-f85e2a82e83f: shutdown FollowerState
2019-10-04 02:48:51,561 [Thread-1483] INFO  impl.RaftServerImpl (RaftServerImpl.java:setRole(170)) - dfe0ab3c-9bcd-4203-8d69-f85e2a82e83f@group-14B2B18D2AFF: changes role from  FOLLOWER to CANDIDATE at term 0 for changeToCandidate
2019-10-04 02:48:51,562 [Thread-1483] INFO  impl.RoleInfo (RoleInfo.java:updateAndGet(143)) - dfe0ab3c-9bcd-4203-8d69-f85e2a82e83f: start LeaderElection
2019-10-04 02:48:51,585 [Thread-1480] INFO  impl.FollowerState (FollowerState.java:run(108)) - b83a6a27-b6a1-4e2a-a9cc-dc8f8dad53d5@group-C1D3AF41D652-FollowerState: change to CANDIDATE, lastRpcTime:5142ms, electionTimeout:5140ms
2019-10-04 02:48:51,585 [Thread-1480] INFO  impl.RoleInfo (RoleInfo.java:shutdownFollowerState(121)) - b83a6a27-b6a1-4e2a-a9cc-dc8f8dad53d5: shutdown FollowerState
2019-10-04 02:48:51,585 [Thread-1480] INFO  impl.RaftServerImpl (RaftServerImpl.java:setRole(170)) - b83a6a27-b6a1-4e2a-a9cc-dc8f8dad53d5@group-C1D3AF41D652: changes role from  FOLLOWER to CANDIDATE at term 0 for changeToCandidate
2019-10-04 02:48:51,585 [Thread-1480] INFO  impl.RoleInfo (RoleInfo.java:updateAndGet(143)) - b83a6a27-b6a1-4e2a-a9cc-dc8f8dad53d5: start LeaderElection
2019-10-04 02:48:51,585 [dfe0ab3c-9bcd-4203-8d69-f85e2a82e83f@group-14B2B18D2AFF-LeaderElection36] INFO  impl.LeaderElection (LeaderElection.java:askForVotes(178)) - dfe0ab3c-9bcd-4203-8d69-f85e2a82e83f@group-14B2B18D2AFF-LeaderElection36: begin an election at term 1 for -1: [dfe0ab3c-9bcd-4203-8d69-f85e2a82e83f:192.168.164.196:44321], old=null
2019-10-04 02:48:51,599 [dfe0ab3c-9bcd-4203-8d69-f85e2a82e83f@group-14B2B18D2AFF-LeaderElection36] INFO  impl.RoleInfo (RoleInfo.java:shutdownLeaderElection(134)) - dfe0ab3c-9bcd-4203-8d69-f85e2a82e83f: shutdown LeaderElection
2019-10-04 02:48:51,599 [dfe0ab3c-9bcd-4203-8d69-f85e2a82e83f@group-14B2B18D2AFF-LeaderElection36] INFO  impl.RaftServerImpl (RaftServerImpl.java:setRole(170)) - dfe0ab3c-9bcd-4203-8d69-f85e2a82e83f@group-14B2B18D2AFF: changes role from CANDIDATE to LEADER at term 1 for changeToLeader
2019-10-04 02:48:51,600 [dfe0ab3c-9bcd-4203-8d69-f85e2a82e83f@group-14B2B18D2AFF-LeaderElection36] INFO  impl.RaftServerImpl (ServerState.java:setLeader(255)) - dfe0ab3c-9bcd-4203-8d69-f85e2a82e83f@group-14B2B18D2AFF: change Leader from null to dfe0ab3c-9bcd-4203-8d69-f85e2a82e83f at term 1 for becomeLeader, leader elected after 5089ms
2019-10-04 02:48:51,600 [dfe0ab3c-9bcd-4203-8d69-f85e2a82e83f@group-14B2B18D2AFF-LeaderElection36] INFO  server.RaftServerConfigKeys (ConfUtils.java:logGet(43)) - raft.server.staging.catchup.gap = 1000 (default)
2019-10-04 02:48:51,600 [dfe0ab3c-9bcd-4203-8d69-f85e2a82e83f@group-14B2B18D2AFF-LeaderElection36] INFO  server.RaftServerConfigKeys (ConfUtils.java:logGet(43)) - raft.server.rpc.sleep.time = 25ms (default)
2019-10-04 02:48:51,601 [dfe0ab3c-9bcd-4203-8d69-f85e2a82e83f@group-14B2B18D2AFF-LeaderElection36] INFO  server.RaftServerConfigKeys (ConfUtils.java:logGet(43)) - raft.server.write.element-limit = 4096 (default)
2019-10-04 02:48:51,601 [dfe0ab3c-9bcd-4203-8d69-f85e2a82e83f@group-14B2B18D2AFF-LeaderElection36] INFO  server.RaftServerConfigKeys (ConfUtils.java:logGet(43)) - raft.server.watch.timeout = 10s (default)
2019-10-04 02:48:51,601 [dfe0ab3c-9bcd-4203-8d69-f85e2a82e83f@group-14B2B18D2AFF-LeaderElection36] INFO  server.RaftServerConfigKeys (ConfUtils.java:logGet(43)) - raft.server.watch.timeout.denomination = 1s (default)
2019-10-04 02:48:51,601 [dfe0ab3c-9bcd-4203-8d69-f85e2a82e83f@group-14B2B18D2AFF-LeaderElection36] INFO  server.RaftServerConfigKeys (ConfUtils.java:logGet(43)) - raft.server.watch.element-limit = 65536 (default)
2019-10-04 02:48:51,607 [dfe0ab3c-9bcd-4203-8d69-f85e2a82e83f@group-14B2B18D2AFF-LeaderElection36] INFO  impl.RoleInfo (RoleInfo.java:updateAndGet(143)) - dfe0ab3c-9bcd-4203-8d69-f85e2a82e83f: start LeaderState
2019-10-04 02:48:51,607 [b83a6a27-b6a1-4e2a-a9cc-dc8f8dad53d5@group-C1D3AF41D652-LeaderElection37] INFO  impl.LeaderElection (LeaderElection.java:askForVotes(178)) - b83a6a27-b6a1-4e2a-a9cc-dc8f8dad53d5@group-C1D3AF41D652-LeaderElection37: begin an election at term 1 for -1: [b83a6a27-b6a1-4e2a-a9cc-dc8f8dad53d5:192.168.164.196:43518], old=null
2019-10-04 02:48:51,607 [b83a6a27-b6a1-4e2a-a9cc-dc8f8dad53d5@group-C1D3AF41D652-LeaderElection37] INFO  impl.RoleInfo (RoleInfo.java:shutdownLeaderElection(134)) - b83a6a27-b6a1-4e2a-a9cc-dc8f8dad53d5: shutdown LeaderElection
2019-10-04 02:48:51,607 [b83a6a27-b6a1-4e2a-a9cc-dc8f8dad53d5@group-C1D3AF41D652-LeaderElection37] INFO  impl.RaftServerImpl (RaftServerImpl.java:setRole(170)) - b83a6a27-b6a1-4e2a-a9cc-dc8f8dad53d5@group-C1D3AF41D652: changes role from CANDIDATE to LEADER at term 1 for changeToLeader
2019-10-04 02:48:51,607 [b83a6a27-b6a1-4e2a-a9cc-dc8f8dad53d5@group-C1D3AF41D652-LeaderElection37] INFO  impl.RaftServerImpl (ServerState.java:setLeader(255)) - b83a6a27-b6a1-4e2a-a9cc-dc8f8dad53d5@group-C1D3AF41D652: change Leader from null to b83a6a27-b6a1-4e2a-a9cc-dc8f8dad53d5 at term 1 for becomeLeader, leader elected after 5173ms
2019-10-04 02:48:51,608 [b83a6a27-b6a1-4e2a-a9cc-dc8f8dad53d5@group-C1D3AF41D652-LeaderElection37] INFO  server.RaftServerConfigKeys (ConfUtils.java:logGet(43)) - raft.server.staging.catchup.gap = 1000 (default)
2019-10-04 02:48:51,608 [dfe0ab3c-9bcd-4203-8d69-f85e2a82e83f@group-14B2B18D2AFF-LeaderElection36] INFO  segmented.SegmentedRaftLogWorker (SegmentedRaftLogWorker.java:startLogSegment(385)) - dfe0ab3c-9bcd-4203-8d69-f85e2a82e83f@group-14B2B18D2AFF-SegmentedRaftLogWorker: Starting segment from index:0
2019-10-04 02:48:51,608 [b83a6a27-b6a1-4e2a-a9cc-dc8f8dad53d5@group-C1D3AF41D652-LeaderElection37] INFO  server.RaftServerConfigKeys (ConfUtils.java:logGet(43)) - raft.server.rpc.sleep.time = 25ms (default)
2019-10-04 02:48:51,609 [dfe0ab3c-9bcd-4203-8d69-f85e2a82e83f@group-14B2B18D2AFF-LeaderElection36] INFO  impl.RaftServerImpl (ServerState.java:setRaftConf(356)) - dfe0ab3c-9bcd-4203-8d69-f85e2a82e83f@group-14B2B18D2AFF: set configuration 0: [dfe0ab3c-9bcd-4203-8d69-f85e2a82e83f:192.168.164.196:44321], old=null at 0
2019-10-04 02:48:51,609 [b83a6a27-b6a1-4e2a-a9cc-dc8f8dad53d5@group-C1D3AF41D652-LeaderElection37] INFO  server.RaftServerConfigKeys (ConfUtils.java:logGet(43)) - raft.server.write.element-limit = 4096 (default)
2019-10-04 02:48:51,609 [b83a6a27-b6a1-4e2a-a9cc-dc8f8dad53d5@group-C1D3AF41D652-LeaderElection37] INFO  server.RaftServerConfigKeys (ConfUtils.java:logGet(43)) - raft.server.watch.timeout = 10s (default)
2019-10-04 02:48:51,610 [Thread-1486] INFO  impl.FollowerState (FollowerState.java:run(108)) - e380016e-3489-43b9-9f3c-71e3ad62c659@group-D79C4C8A01A8-FollowerState: change to CANDIDATE, lastRpcTime:5042ms, electionTimeout:5042ms
2019-10-04 02:48:51,610 [b83a6a27-b6a1-4e2a-a9cc-dc8f8dad53d5@group-C1D3AF41D652-LeaderElection37] INFO  server.RaftServerConfigKeys (ConfUtils.java:logGet(43)) - raft.server.watch.timeout.denomination = 1s (default)
2019-10-04 02:48:51,610 [Thread-1486] INFO  impl.RoleInfo (RoleInfo.java:shutdownFollowerState(121)) - e380016e-3489-43b9-9f3c-71e3ad62c659: shutdown FollowerState
2019-10-04 02:48:51,610 [b83a6a27-b6a1-4e2a-a9cc-dc8f8dad53d5@group-C1D3AF41D652-LeaderElection37] INFO  server.RaftServerConfigKeys (ConfUtils.java:logGet(43)) - raft.server.watch.element-limit = 65536 (default)
2019-10-04 02:48:51,610 [Thread-1486] INFO  impl.RaftServerImpl (RaftServerImpl.java:setRole(170)) - e380016e-3489-43b9-9f3c-71e3ad62c659@group-D79C4C8A01A8: changes role from  FOLLOWER to CANDIDATE at term 0 for changeToCandidate
2019-10-04 02:48:51,610 [Thread-1486] INFO  impl.RoleInfo (RoleInfo.java:updateAndGet(143)) - e380016e-3489-43b9-9f3c-71e3ad62c659: start LeaderElection
2019-10-04 02:48:51,641 [b83a6a27-b6a1-4e2a-a9cc-dc8f8dad53d5@group-C1D3AF41D652-LeaderElection37] INFO  impl.RoleInfo (RoleInfo.java:updateAndGet(143)) - b83a6a27-b6a1-4e2a-a9cc-dc8f8dad53d5: start LeaderState
2019-10-04 02:48:51,642 [b83a6a27-b6a1-4e2a-a9cc-dc8f8dad53d5@group-C1D3AF41D652-LeaderElection37] INFO  segmented.SegmentedRaftLogWorker (SegmentedRaftLogWorker.java:startLogSegment(385)) - b83a6a27-b6a1-4e2a-a9cc-dc8f8dad53d5@group-C1D3AF41D652-SegmentedRaftLogWorker: Starting segment from index:0
2019-10-04 02:48:51,643 [b83a6a27-b6a1-4e2a-a9cc-dc8f8dad53d5@group-C1D3AF41D652-LeaderElection37] INFO  impl.RaftServerImpl (ServerState.java:setRaftConf(356)) - b83a6a27-b6a1-4e2a-a9cc-dc8f8dad53d5@group-C1D3AF41D652: set configuration 0: [b83a6a27-b6a1-4e2a-a9cc-dc8f8dad53d5:192.168.164.196:43518], old=null at 0
2019-10-04 02:48:51,675 [dfe0ab3c-9bcd-4203-8d69-f85e2a82e83f@group-14B2B18D2AFF-SegmentedRaftLogWorker] INFO  segmented.SegmentedRaftLogWorker (SegmentedRaftLogWorker.java:execute(574)) - dfe0ab3c-9bcd-4203-8d69-f85e2a82e83f@group-14B2B18D2AFF-SegmentedRaftLogWorker: created new log segment /workdir/hadoop-ozone/integration-test/target/test-dir/MiniOzoneClusterImpl-68127e83-87a8-436e-a22b-35b6c2951a0a/datanode-1/data/ratis/22b5ed98-0625-468c-b4a4-14b2b18d2aff/current/log_inprogress_0
2019-10-04 02:48:51,693 [Thread-1493] INFO  impl.FollowerState (FollowerState.java:run(108)) - b83a6a27-b6a1-4e2a-a9cc-dc8f8dad53d5@group-BACDF191FE77-FollowerState: change to CANDIDATE, lastRpcTime:5083ms, electionTimeout:5083ms
2019-10-04 02:48:51,693 [Thread-1493] INFO  impl.RoleInfo (RoleInfo.java:shutdownFollowerState(121)) - b83a6a27-b6a1-4e2a-a9cc-dc8f8dad53d5: shutdown FollowerState
2019-10-04 02:48:51,693 [Thread-1493] INFO  impl.RaftServerImpl (RaftServerImpl.java:setRole(170)) - b83a6a27-b6a1-4e2a-a9cc-dc8f8dad53d5@group-BACDF191FE77: changes role from  FOLLOWER to CANDIDATE at term 0 for changeToCandidate
2019-10-04 02:48:51,693 [Thread-1493] INFO  impl.RoleInfo (RoleInfo.java:updateAndGet(143)) - b83a6a27-b6a1-4e2a-a9cc-dc8f8dad53d5: start LeaderElection
2019-10-04 02:48:51,698 [b83a6a27-b6a1-4e2a-a9cc-dc8f8dad53d5@group-C1D3AF41D652-SegmentedRaftLogWorker] INFO  segmented.SegmentedRaftLogWorker (SegmentedRaftLogWorker.java:execute(574)) - b83a6a27-b6a1-4e2a-a9cc-dc8f8dad53d5@group-C1D3AF41D652-SegmentedRaftLogWorker: created new log segment /workdir/hadoop-ozone/integration-test/target/test-dir/MiniOzoneClusterImpl-68127e83-87a8-436e-a22b-35b6c2951a0a/datanode-0/data/ratis/ecb81e68-0822-40e5-8642-c1d3af41d652/current/log_inprogress_0
2019-10-04 02:48:51,698 [e380016e-3489-43b9-9f3c-71e3ad62c659@group-D79C4C8A01A8-LeaderElection38] INFO  impl.LeaderElection (LeaderElection.java:askForVotes(178)) - e380016e-3489-43b9-9f3c-71e3ad62c659@group-D79C4C8A01A8-LeaderElection38: begin an election at term 1 for -1: [e380016e-3489-43b9-9f3c-71e3ad62c659:192.168.164.196:44558], old=null
2019-10-04 02:48:51,698 [e380016e-3489-43b9-9f3c-71e3ad62c659@group-D79C4C8A01A8-LeaderElection38] INFO  impl.RoleInfo (RoleInfo.java:shutdownLeaderElection(134)) - e380016e-3489-43b9-9f3c-71e3ad62c659: shutdown LeaderElection
2019-10-04 02:48:51,698 [e380016e-3489-43b9-9f3c-71e3ad62c659@group-D79C4C8A01A8-LeaderElection38] INFO  impl.RaftServerImpl (RaftServerImpl.java:setRole(170)) - e380016e-3489-43b9-9f3c-71e3ad62c659@group-D79C4C8A01A8: changes role from CANDIDATE to LEADER at term 1 for changeToLeader
2019-10-04 02:48:51,699 [e380016e-3489-43b9-9f3c-71e3ad62c659@group-D79C4C8A01A8-LeaderElection38] INFO  impl.RaftServerImpl (ServerState.java:setLeader(255)) - e380016e-3489-43b9-9f3c-71e3ad62c659@group-D79C4C8A01A8: change Leader from null to e380016e-3489-43b9-9f3c-71e3ad62c659 at term 1 for becomeLeader, leader elected after 5136ms
2019-10-04 02:48:51,699 [e380016e-3489-43b9-9f3c-71e3ad62c659@group-D79C4C8A01A8-LeaderElection38] INFO  server.RaftServerConfigKeys (ConfUtils.java:logGet(43)) - raft.server.staging.catchup.gap = 1000 (default)
2019-10-04 02:48:51,699 [e380016e-3489-43b9-9f3c-71e3ad62c659@group-D79C4C8A01A8-LeaderElection38] INFO  server.RaftServerConfigKeys (ConfUtils.java:logGet(43)) - raft.server.rpc.sleep.time = 25ms (default)
2019-10-04 02:48:51,699 [e380016e-3489-43b9-9f3c-71e3ad62c659@group-D79C4C8A01A8-LeaderElection38] INFO  server.RaftServerConfigKeys (ConfUtils.java:logGet(43)) - raft.server.write.element-limit = 4096 (default)
2019-10-04 02:48:51,699 [e380016e-3489-43b9-9f3c-71e3ad62c659@group-D79C4C8A01A8-LeaderElection38] INFO  server.RaftServerConfigKeys (ConfUtils.java:logGet(43)) - raft.server.watch.timeout = 10s (default)
2019-10-04 02:48:51,699 [e380016e-3489-43b9-9f3c-71e3ad62c659@group-D79C4C8A01A8-LeaderElection38] INFO  server.RaftServerConfigKeys (ConfUtils.java:logGet(43)) - raft.server.watch.timeout.denomination = 1s (default)
2019-10-04 02:48:51,699 [e380016e-3489-43b9-9f3c-71e3ad62c659@group-D79C4C8A01A8-LeaderElection38] INFO  server.RaftServerConfigKeys (ConfUtils.java:logGet(43)) - raft.server.watch.element-limit = 65536 (default)
2019-10-04 02:48:51,701 [e380016e-3489-43b9-9f3c-71e3ad62c659@group-D79C4C8A01A8-LeaderElection38] INFO  impl.RoleInfo (RoleInfo.java:updateAndGet(143)) - e380016e-3489-43b9-9f3c-71e3ad62c659: start LeaderState
2019-10-04 02:48:51,701 [e380016e-3489-43b9-9f3c-71e3ad62c659@group-D79C4C8A01A8-LeaderElection38] INFO  segmented.SegmentedRaftLogWorker (SegmentedRaftLogWorker.java:startLogSegment(385)) - e380016e-3489-43b9-9f3c-71e3ad62c659@group-D79C4C8A01A8-SegmentedRaftLogWorker: Starting segment from index:0
2019-10-04 02:48:51,701 [e380016e-3489-43b9-9f3c-71e3ad62c659@group-D79C4C8A01A8-LeaderElection38] INFO  impl.RaftServerImpl (ServerState.java:setRaftConf(356)) - e380016e-3489-43b9-9f3c-71e3ad62c659@group-D79C4C8A01A8: set configuration 0: [e380016e-3489-43b9-9f3c-71e3ad62c659:192.168.164.196:44558], old=null at 0
2019-10-04 02:48:51,741 [e380016e-3489-43b9-9f3c-71e3ad62c659@group-D79C4C8A01A8-SegmentedRaftLogWorker] INFO  segmented.SegmentedRaftLogWorker (SegmentedRaftLogWorker.java:execute(574)) - e380016e-3489-43b9-9f3c-71e3ad62c659@group-D79C4C8A01A8-SegmentedRaftLogWorker: created new log segment /workdir/hadoop-ozone/integration-test/target/test-dir/MiniOzoneClusterImpl-68127e83-87a8-436e-a22b-35b6c2951a0a/datanode-2/data/ratis/0b75f428-91c3-4418-a0ef-d79c4c8a01a8/current/log_inprogress_0
2019-10-04 02:48:51,741 [b83a6a27-b6a1-4e2a-a9cc-dc8f8dad53d5@group-BACDF191FE77-LeaderElection39] INFO  impl.LeaderElection (LeaderElection.java:askForVotes(178)) - b83a6a27-b6a1-4e2a-a9cc-dc8f8dad53d5@group-BACDF191FE77-LeaderElection39: begin an election at term 1 for -1: [b83a6a27-b6a1-4e2a-a9cc-dc8f8dad53d5:192.168.164.196:43518, e380016e-3489-43b9-9f3c-71e3ad62c659:192.168.164.196:44558, dfe0ab3c-9bcd-4203-8d69-f85e2a82e83f:192.168.164.196:44321], old=null
2019-10-04 02:48:51,747 [grpc-default-executor-7] INFO  impl.RaftServerImpl (RaftServerImpl.java:setRole(170)) - e380016e-3489-43b9-9f3c-71e3ad62c659@group-BACDF191FE77: changes role from  FOLLOWER to FOLLOWER at term 1 for recognizeCandidate:b83a6a27-b6a1-4e2a-a9cc-dc8f8dad53d5
2019-10-04 02:48:51,747 [grpc-default-executor-7] INFO  impl.RoleInfo (RoleInfo.java:shutdownFollowerState(121)) - e380016e-3489-43b9-9f3c-71e3ad62c659: shutdown FollowerState
2019-10-04 02:48:51,747 [grpc-default-executor-7] INFO  impl.RoleInfo (RoleInfo.java:updateAndGet(143)) - e380016e-3489-43b9-9f3c-71e3ad62c659: start FollowerState
2019-10-04 02:48:51,747 [Thread-1494] INFO  impl.FollowerState (FollowerState.java:run(117)) - e380016e-3489-43b9-9f3c-71e3ad62c659@group-BACDF191FE77-FollowerState was interrupted: java.lang.InterruptedException: sleep interrupted
2019-10-04 02:48:51,756 [grpc-default-executor-6] INFO  impl.RaftServerImpl (RaftServerImpl.java:setRole(170)) - dfe0ab3c-9bcd-4203-8d69-f85e2a82e83f@group-BACDF191FE77: changes role from  FOLLOWER to FOLLOWER at term 1 for recognizeCandidate:b83a6a27-b6a1-4e2a-a9cc-dc8f8dad53d5
2019-10-04 02:48:51,756 [b83a6a27-b6a1-4e2a-a9cc-dc8f8dad53d5@group-BACDF191FE77-LeaderElection39] INFO  impl.LeaderElection (LeaderElection.java:logAndReturn(56)) - b83a6a27-b6a1-4e2a-a9cc-dc8f8dad53d5@group-BACDF191FE77-LeaderElection39: Election PASSED; received 1 response(s) [b83a6a27-b6a1-4e2a-a9cc-dc8f8dad53d5<-e380016e-3489-43b9-9f3c-71e3ad62c659#0:OK-t1] and 0 exception(s); b83a6a27-b6a1-4e2a-a9cc-dc8f8dad53d5@group-BACDF191FE77:t1, leader=null, voted=b83a6a27-b6a1-4e2a-a9cc-dc8f8dad53d5, raftlog=b83a6a27-b6a1-4e2a-a9cc-dc8f8dad53d5@group-BACDF191FE77-SegmentedRaftLog:OPENED:c-1,f-1,i0, conf=-1: [b83a6a27-b6a1-4e2a-a9cc-dc8f8dad53d5:192.168.164.196:43518, e380016e-3489-43b9-9f3c-71e3ad62c659:192.168.164.196:44558, dfe0ab3c-9bcd-4203-8d69-f85e2a82e83f:192.168.164.196:44321], old=null
2019-10-04 02:48:51,756 [grpc-default-executor-6] INFO  impl.RoleInfo (RoleInfo.java:shutdownFollowerState(121)) - dfe0ab3c-9bcd-4203-8d69-f85e2a82e83f: shutdown FollowerState
2019-10-04 02:48:51,756 [b83a6a27-b6a1-4e2a-a9cc-dc8f8dad53d5@group-BACDF191FE77-LeaderElection39] INFO  impl.RoleInfo (RoleInfo.java:shutdownLeaderElection(134)) - b83a6a27-b6a1-4e2a-a9cc-dc8f8dad53d5: shutdown LeaderElection
2019-10-04 02:48:51,770 [b83a6a27-b6a1-4e2a-a9cc-dc8f8dad53d5@group-BACDF191FE77-LeaderElection39] INFO  impl.RaftServerImpl (RaftServerImpl.java:setRole(170)) - b83a6a27-b6a1-4e2a-a9cc-dc8f8dad53d5@group-BACDF191FE77: changes role from CANDIDATE to LEADER at term 1 for changeToLeader
2019-10-04 02:48:51,770 [b83a6a27-b6a1-4e2a-a9cc-dc8f8dad53d5@group-BACDF191FE77-LeaderElection39] INFO  impl.RaftServerImpl (ServerState.java:setLeader(255)) - b83a6a27-b6a1-4e2a-a9cc-dc8f8dad53d5@group-BACDF191FE77: change Leader from null to b83a6a27-b6a1-4e2a-a9cc-dc8f8dad53d5 at term 1 for becomeLeader, leader elected after 5171ms
2019-10-04 02:48:51,770 [b83a6a27-b6a1-4e2a-a9cc-dc8f8dad53d5@group-BACDF191FE77-LeaderElection39] INFO  server.RaftServerConfigKeys (ConfUtils.java:logGet(43)) - raft.server.staging.catchup.gap = 1000 (default)
2019-10-04 02:48:51,770 [b83a6a27-b6a1-4e2a-a9cc-dc8f8dad53d5@group-BACDF191FE77-LeaderElection39] INFO  server.RaftServerConfigKeys (ConfUtils.java:logGet(43)) - raft.server.rpc.sleep.time = 25ms (default)
2019-10-04 02:48:51,770 [b83a6a27-b6a1-4e2a-a9cc-dc8f8dad53d5@group-BACDF191FE77-LeaderElection39] INFO  server.RaftServerConfigKeys (ConfUtils.java:logGet(43)) - raft.server.write.element-limit = 4096 (default)
2019-10-04 02:48:51,770 [b83a6a27-b6a1-4e2a-a9cc-dc8f8dad53d5@group-BACDF191FE77-LeaderElection39] INFO  server.RaftServerConfigKeys (ConfUtils.java:logGet(43)) - raft.server.watch.timeout = 10s (default)
2019-10-04 02:48:51,771 [b83a6a27-b6a1-4e2a-a9cc-dc8f8dad53d5@group-BACDF191FE77-LeaderElection39] INFO  server.RaftServerConfigKeys (ConfUtils.java:logGet(43)) - raft.server.watch.timeout.denomination = 1s (default)
2019-10-04 02:48:51,771 [b83a6a27-b6a1-4e2a-a9cc-dc8f8dad53d5@group-BACDF191FE77-LeaderElection39] INFO  server.RaftServerConfigKeys (ConfUtils.java:logGet(43)) - raft.server.watch.element-limit = 65536 (default)
2019-10-04 02:48:51,772 [b83a6a27-b6a1-4e2a-a9cc-dc8f8dad53d5@group-BACDF191FE77-LeaderElection39] INFO  server.RaftServerConfigKeys (ConfUtils.java:logGet(43)) - raft.server.log.appender.snapshot.chunk.size.max = 16MB (=16777216) (default)
2019-10-04 02:48:51,772 [b83a6a27-b6a1-4e2a-a9cc-dc8f8dad53d5@group-BACDF191FE77-LeaderElection39] INFO  server.RaftServerConfigKeys (ConfUtils.java:logGet(43)) - raft.server.log.appender.buffer.byte-limit = 33554432 (custom)
2019-10-04 02:48:51,772 [b83a6a27-b6a1-4e2a-a9cc-dc8f8dad53d5@group-BACDF191FE77-LeaderElection39] INFO  server.RaftServerConfigKeys (ConfUtils.java:logGet(43)) - raft.server.log.appender.buffer.element-limit = 1 (custom)
2019-10-04 02:48:51,773 [b83a6a27-b6a1-4e2a-a9cc-dc8f8dad53d5@group-BACDF191FE77-LeaderElection39] INFO  grpc.GrpcConfigKeys$Server (ConfUtils.java:logGet(43)) - raft.grpc.server.leader.outstanding.appends.max = 128 (default)
2019-10-04 02:48:51,773 [b83a6a27-b6a1-4e2a-a9cc-dc8f8dad53d5@group-BACDF191FE77-LeaderElection39] INFO  server.RaftServerConfigKeys (ConfUtils.java:logGet(43)) - raft.server.rpc.request.timeout = 3000ms (default)
2019-10-04 02:48:51,773 [b83a6a27-b6a1-4e2a-a9cc-dc8f8dad53d5@group-BACDF191FE77-LeaderElection39] INFO  server.RaftServerConfigKeys (ConfUtils.java:logGet(43)) - raft.server.log.appender.install.snapshot.enabled = false (custom)
2019-10-04 02:48:51,773 [b83a6a27-b6a1-4e2a-a9cc-dc8f8dad53d5@group-BACDF191FE77-LeaderElection39] INFO  server.RaftServerConfigKeys (ConfUtils.java:logGet(43)) - raft.server.log.appender.snapshot.chunk.size.max = 16MB (=16777216) (default)
2019-10-04 02:48:51,773 [b83a6a27-b6a1-4e2a-a9cc-dc8f8dad53d5@group-BACDF191FE77-LeaderElection39] INFO  server.RaftServerConfigKeys (ConfUtils.java:logGet(43)) - raft.server.log.appender.buffer.byte-limit = 33554432 (custom)
2019-10-04 02:48:51,773 [b83a6a27-b6a1-4e2a-a9cc-dc8f8dad53d5@group-BACDF191FE77-LeaderElection39] INFO  server.RaftServerConfigKeys (ConfUtils.java:logGet(43)) - raft.server.log.appender.buffer.element-limit = 1 (custom)
2019-10-04 02:48:51,773 [b83a6a27-b6a1-4e2a-a9cc-dc8f8dad53d5@group-BACDF191FE77-LeaderElection39] INFO  grpc.GrpcConfigKeys$Server (ConfUtils.java:logGet(43)) - raft.grpc.server.leader.outstanding.appends.max = 128 (default)
2019-10-04 02:48:51,774 [b83a6a27-b6a1-4e2a-a9cc-dc8f8dad53d5@group-BACDF191FE77-LeaderElection39] INFO  server.RaftServerConfigKeys (ConfUtils.java:logGet(43)) - raft.server.rpc.request.timeout = 3000ms (default)
2019-10-04 02:48:51,774 [b83a6a27-b6a1-4e2a-a9cc-dc8f8dad53d5@group-BACDF191FE77-LeaderElection39] INFO  server.RaftServerConfigKeys (ConfUtils.java:logGet(43)) - raft.server.log.appender.install.snapshot.enabled = false (custom)
2019-10-04 02:48:51,774 [b83a6a27-b6a1-4e2a-a9cc-dc8f8dad53d5@group-BACDF191FE77-LeaderElection39] INFO  impl.RoleInfo (RoleInfo.java:updateAndGet(143)) - b83a6a27-b6a1-4e2a-a9cc-dc8f8dad53d5: start LeaderState
2019-10-04 02:48:51,774 [b83a6a27-b6a1-4e2a-a9cc-dc8f8dad53d5@group-BACDF191FE77-LeaderElection39] INFO  segmented.SegmentedRaftLogWorker (SegmentedRaftLogWorker.java:startLogSegment(385)) - b83a6a27-b6a1-4e2a-a9cc-dc8f8dad53d5@group-BACDF191FE77-SegmentedRaftLogWorker: Starting segment from index:0
2019-10-04 02:48:51,774 [Thread-1489] INFO  impl.FollowerState (FollowerState.java:run(117)) - dfe0ab3c-9bcd-4203-8d69-f85e2a82e83f@group-BACDF191FE77-FollowerState was interrupted: java.lang.InterruptedException: sleep interrupted
2019-10-04 02:48:51,774 [grpc-default-executor-6] INFO  impl.RoleInfo (RoleInfo.java:updateAndGet(143)) - dfe0ab3c-9bcd-4203-8d69-f85e2a82e83f: start FollowerState
2019-10-04 02:48:51,812 [grpc-default-executor-7] INFO  impl.RaftServerImpl (ServerState.java:setLeader(255)) - e380016e-3489-43b9-9f3c-71e3ad62c659@group-BACDF191FE77: change Leader from null to b83a6a27-b6a1-4e2a-a9cc-dc8f8dad53d5 at term 1 for appendEntries, leader elected after 5213ms
2019-10-04 02:48:51,812 [b83a6a27-b6a1-4e2a-a9cc-dc8f8dad53d5@group-BACDF191FE77-LeaderElection39] INFO  impl.RaftServerImpl (ServerState.java:setRaftConf(356)) - b83a6a27-b6a1-4e2a-a9cc-dc8f8dad53d5@group-BACDF191FE77: set configuration 0: [b83a6a27-b6a1-4e2a-a9cc-dc8f8dad53d5:192.168.164.196:43518, e380016e-3489-43b9-9f3c-71e3ad62c659:192.168.164.196:44558, dfe0ab3c-9bcd-4203-8d69-f85e2a82e83f:192.168.164.196:44321], old=null at 0
2019-10-04 02:48:51,822 [grpc-default-executor-7] INFO  impl.RaftServerImpl (ServerState.java:setRaftConf(356)) - e380016e-3489-43b9-9f3c-71e3ad62c659@group-BACDF191FE77: set configuration 0: [b83a6a27-b6a1-4e2a-a9cc-dc8f8dad53d5:192.168.164.196:43518, e380016e-3489-43b9-9f3c-71e3ad62c659:192.168.164.196:44558, dfe0ab3c-9bcd-4203-8d69-f85e2a82e83f:192.168.164.196:44321], old=null at 0
2019-10-04 02:48:51,822 [grpc-default-executor-7] INFO  segmented.SegmentedRaftLogWorker (SegmentedRaftLogWorker.java:startLogSegment(385)) - e380016e-3489-43b9-9f3c-71e3ad62c659@group-BACDF191FE77-SegmentedRaftLogWorker: Starting segment from index:0
2019-10-04 02:48:51,823 [b83a6a27-b6a1-4e2a-a9cc-dc8f8dad53d5@group-BACDF191FE77-SegmentedRaftLogWorker] INFO  segmented.SegmentedRaftLogWorker (SegmentedRaftLogWorker.java:execute(574)) - b83a6a27-b6a1-4e2a-a9cc-dc8f8dad53d5@group-BACDF191FE77-SegmentedRaftLogWorker: created new log segment /workdir/hadoop-ozone/integration-test/target/test-dir/MiniOzoneClusterImpl-68127e83-87a8-436e-a22b-35b6c2951a0a/datanode-0/data/ratis/8f1a2581-79dc-4915-afd9-bacdf191fe77/current/log_inprogress_0
2019-10-04 02:48:51,824 [grpc-default-executor-8] INFO  impl.RaftServerImpl (ServerState.java:setLeader(255)) - dfe0ab3c-9bcd-4203-8d69-f85e2a82e83f@group-BACDF191FE77: change Leader from null to b83a6a27-b6a1-4e2a-a9cc-dc8f8dad53d5 at term 1 for appendEntries, leader elected after 5229ms
2019-10-04 02:48:51,826 [grpc-default-executor-8] INFO  impl.RaftServerImpl (ServerState.java:setRaftConf(356)) - dfe0ab3c-9bcd-4203-8d69-f85e2a82e83f@group-BACDF191FE77: set configuration 0: [b83a6a27-b6a1-4e2a-a9cc-dc8f8dad53d5:192.168.164.196:43518, e380016e-3489-43b9-9f3c-71e3ad62c659:192.168.164.196:44558, dfe0ab3c-9bcd-4203-8d69-f85e2a82e83f:192.168.164.196:44321], old=null at 0
2019-10-04 02:48:51,827 [grpc-default-executor-8] INFO  segmented.SegmentedRaftLogWorker (SegmentedRaftLogWorker.java:startLogSegment(385)) - dfe0ab3c-9bcd-4203-8d69-f85e2a82e83f@group-BACDF191FE77-SegmentedRaftLogWorker: Starting segment from index:0
2019-10-04 02:48:51,866 [dfe0ab3c-9bcd-4203-8d69-f85e2a82e83f@group-BACDF191FE77-SegmentedRaftLogWorker] INFO  segmented.SegmentedRaftLogWorker (SegmentedRaftLogWorker.java:execute(574)) - dfe0ab3c-9bcd-4203-8d69-f85e2a82e83f@group-BACDF191FE77-SegmentedRaftLogWorker: created new log segment /workdir/hadoop-ozone/integration-test/target/test-dir/MiniOzoneClusterImpl-68127e83-87a8-436e-a22b-35b6c2951a0a/datanode-1/data/ratis/8f1a2581-79dc-4915-afd9-bacdf191fe77/current/log_inprogress_0
2019-10-04 02:48:51,866 [e380016e-3489-43b9-9f3c-71e3ad62c659@group-BACDF191FE77-SegmentedRaftLogWorker] INFO  segmented.SegmentedRaftLogWorker (SegmentedRaftLogWorker.java:execute(574)) - e380016e-3489-43b9-9f3c-71e3ad62c659@group-BACDF191FE77-SegmentedRaftLogWorker: created new log segment /workdir/hadoop-ozone/integration-test/target/test-dir/MiniOzoneClusterImpl-68127e83-87a8-436e-a22b-35b6c2951a0a/datanode-2/data/ratis/8f1a2581-79dc-4915-afd9-bacdf191fe77/current/log_inprogress_0
2019-10-04 02:48:51,880 [Thread-1498] INFO  impl.FollowerState (FollowerState.java:run(108)) - 6b165801-3d58-4909-92ef-f78ea72236f6@group-64C8E85AC8C2-FollowerState: change to CANDIDATE, lastRpcTime:5172ms, electionTimeout:5163ms
2019-10-04 02:48:51,881 [Thread-1498] INFO  impl.RoleInfo (RoleInfo.java:shutdownFollowerState(121)) - 6b165801-3d58-4909-92ef-f78ea72236f6: shutdown FollowerState
2019-10-04 02:48:51,881 [Thread-1498] INFO  impl.RaftServerImpl (RaftServerImpl.java:setRole(170)) - 6b165801-3d58-4909-92ef-f78ea72236f6@group-64C8E85AC8C2: changes role from  FOLLOWER to CANDIDATE at term 0 for changeToCandidate
2019-10-04 02:48:51,881 [Thread-1498] INFO  impl.RoleInfo (RoleInfo.java:updateAndGet(143)) - 6b165801-3d58-4909-92ef-f78ea72236f6: start LeaderElection
2019-10-04 02:48:51,923 [6b165801-3d58-4909-92ef-f78ea72236f6@group-64C8E85AC8C2-LeaderElection40] INFO  impl.LeaderElection (LeaderElection.java:askForVotes(178)) - 6b165801-3d58-4909-92ef-f78ea72236f6@group-64C8E85AC8C2-LeaderElection40: begin an election at term 1 for -1: [6b165801-3d58-4909-92ef-f78ea72236f6:192.168.164.196:36986], old=null
2019-10-04 02:48:51,923 [6b165801-3d58-4909-92ef-f78ea72236f6@group-64C8E85AC8C2-LeaderElection40] INFO  impl.RoleInfo (RoleInfo.java:shutdownLeaderElection(134)) - 6b165801-3d58-4909-92ef-f78ea72236f6: shutdown LeaderElection
2019-10-04 02:48:51,924 [6b165801-3d58-4909-92ef-f78ea72236f6@group-64C8E85AC8C2-LeaderElection40] INFO  impl.RaftServerImpl (RaftServerImpl.java:setRole(170)) - 6b165801-3d58-4909-92ef-f78ea72236f6@group-64C8E85AC8C2: changes role from CANDIDATE to LEADER at term 1 for changeToLeader
2019-10-04 02:48:51,924 [6b165801-3d58-4909-92ef-f78ea72236f6@group-64C8E85AC8C2-LeaderElection40] INFO  impl.RaftServerImpl (ServerState.java:setLeader(255)) - 6b165801-3d58-4909-92ef-f78ea72236f6@group-64C8E85AC8C2: change Leader from null to 6b165801-3d58-4909-92ef-f78ea72236f6 at term 1 for becomeLeader, leader elected after 5223ms
2019-10-04 02:48:51,924 [6b165801-3d58-4909-92ef-f78ea72236f6@group-64C8E85AC8C2-LeaderElection40] INFO  server.RaftServerConfigKeys (ConfUtils.java:logGet(43)) - raft.server.staging.catchup.gap = 1000 (default)
2019-10-04 02:48:51,924 [6b165801-3d58-4909-92ef-f78ea72236f6@group-64C8E85AC8C2-LeaderElection40] INFO  server.RaftServerConfigKeys (ConfUtils.java:logGet(43)) - raft.server.rpc.sleep.time = 25ms (default)
2019-10-04 02:48:51,924 [6b165801-3d58-4909-92ef-f78ea72236f6@group-64C8E85AC8C2-LeaderElection40] INFO  server.RaftServerConfigKeys (ConfUtils.java:logGet(43)) - raft.server.write.element-limit = 4096 (default)
2019-10-04 02:48:51,924 [6b165801-3d58-4909-92ef-f78ea72236f6@group-64C8E85AC8C2-LeaderElection40] INFO  server.RaftServerConfigKeys (ConfUtils.java:logGet(43)) - raft.server.watch.timeout = 10s (default)
2019-10-04 02:48:51,925 [6b165801-3d58-4909-92ef-f78ea72236f6@group-64C8E85AC8C2-LeaderElection40] INFO  server.RaftServerConfigKeys (ConfUtils.java:logGet(43)) - raft.server.watch.timeout.denomination = 1s (default)
2019-10-04 02:48:51,925 [6b165801-3d58-4909-92ef-f78ea72236f6@group-64C8E85AC8C2-LeaderElection40] INFO  server.RaftServerConfigKeys (ConfUtils.java:logGet(43)) - raft.server.watch.element-limit = 65536 (default)
2019-10-04 02:48:51,927 [6b165801-3d58-4909-92ef-f78ea72236f6@group-64C8E85AC8C2-LeaderElection40] INFO  impl.RoleInfo (RoleInfo.java:updateAndGet(143)) - 6b165801-3d58-4909-92ef-f78ea72236f6: start LeaderState
2019-10-04 02:48:51,927 [6b165801-3d58-4909-92ef-f78ea72236f6@group-64C8E85AC8C2-LeaderElection40] INFO  segmented.SegmentedRaftLogWorker (SegmentedRaftLogWorker.java:startLogSegment(385)) - 6b165801-3d58-4909-92ef-f78ea72236f6@group-64C8E85AC8C2-SegmentedRaftLogWorker: Starting segment from index:0
2019-10-04 02:48:51,928 [6b165801-3d58-4909-92ef-f78ea72236f6@group-64C8E85AC8C2-LeaderElection40] INFO  impl.RaftServerImpl (ServerState.java:setRaftConf(356)) - 6b165801-3d58-4909-92ef-f78ea72236f6@group-64C8E85AC8C2: set configuration 0: [6b165801-3d58-4909-92ef-f78ea72236f6:192.168.164.196:36986], old=null at 0
2019-10-04 02:48:51,961 [Thread-1503] INFO  impl.FollowerState (FollowerState.java:run(108)) - 501d81d3-386f-4669-a872-bef8b5c9a2d0@group-62BE9160F6E7-FollowerState: change to CANDIDATE, lastRpcTime:5119ms, electionTimeout:5119ms
2019-10-04 02:48:51,962 [Thread-1503] INFO  impl.RoleInfo (RoleInfo.java:shutdownFollowerState(121)) - 501d81d3-386f-4669-a872-bef8b5c9a2d0: shutdown FollowerState
2019-10-04 02:48:51,962 [Thread-1503] INFO  impl.RaftServerImpl (RaftServerImpl.java:setRole(170)) - 501d81d3-386f-4669-a872-bef8b5c9a2d0@group-62BE9160F6E7: changes role from  FOLLOWER to CANDIDATE at term 0 for changeToCandidate
2019-10-04 02:48:51,962 [Thread-1503] INFO  impl.RoleInfo (RoleInfo.java:updateAndGet(143)) - 501d81d3-386f-4669-a872-bef8b5c9a2d0: start LeaderElection
2019-10-04 02:48:52,058 [Thread-1513] INFO  impl.FollowerState (FollowerState.java:run(108)) - 6b165801-3d58-4909-92ef-f78ea72236f6@group-D3C4A7E27716-FollowerState: change to CANDIDATE, lastRpcTime:5047ms, electionTimeout:5047ms
2019-10-04 02:48:52,059 [Thread-1513] INFO  impl.RoleInfo (RoleInfo.java:shutdownFollowerState(121)) - 6b165801-3d58-4909-92ef-f78ea72236f6: shutdown FollowerState
2019-10-04 02:48:52,059 [Thread-1513] INFO  impl.RaftServerImpl (RaftServerImpl.java:setRole(170)) - 6b165801-3d58-4909-92ef-f78ea72236f6@group-D3C4A7E27716: changes role from  FOLLOWER to CANDIDATE at term 0 for changeToCandidate
2019-10-04 02:48:52,059 [Thread-1513] INFO  impl.RoleInfo (RoleInfo.java:updateAndGet(143)) - 6b165801-3d58-4909-92ef-f78ea72236f6: start LeaderElection
2019-10-04 02:48:52,069 [6b165801-3d58-4909-92ef-f78ea72236f6@group-64C8E85AC8C2-SegmentedRaftLogWorker] INFO  segmented.SegmentedRaftLogWorker (SegmentedRaftLogWorker.java:execute(574)) - 6b165801-3d58-4909-92ef-f78ea72236f6@group-64C8E85AC8C2-SegmentedRaftLogWorker: created new log segment /workdir/hadoop-ozone/integration-test/target/test-dir/MiniOzoneClusterImpl-68127e83-87a8-436e-a22b-35b6c2951a0a/datanode-4/data/ratis/21c3e315-f636-4e39-bffd-64c8e85ac8c2/current/log_inprogress_0
2019-10-04 02:48:52,070 [501d81d3-386f-4669-a872-bef8b5c9a2d0@group-62BE9160F6E7-LeaderElection41] INFO  impl.LeaderElection (LeaderElection.java:askForVotes(178)) - 501d81d3-386f-4669-a872-bef8b5c9a2d0@group-62BE9160F6E7-LeaderElection41: begin an election at term 1 for -1: [501d81d3-386f-4669-a872-bef8b5c9a2d0:192.168.164.196:45421], old=null
2019-10-04 02:48:52,070 [501d81d3-386f-4669-a872-bef8b5c9a2d0@group-62BE9160F6E7-LeaderElection41] INFO  impl.RoleInfo (RoleInfo.java:shutdownLeaderElection(134)) - 501d81d3-386f-4669-a872-bef8b5c9a2d0: shutdown LeaderElection
2019-10-04 02:48:52,072 [501d81d3-386f-4669-a872-bef8b5c9a2d0@group-62BE9160F6E7-LeaderElection41] INFO  impl.RaftServerImpl (RaftServerImpl.java:setRole(170)) - 501d81d3-386f-4669-a872-bef8b5c9a2d0@group-62BE9160F6E7: changes role from CANDIDATE to LEADER at term 1 for changeToLeader
2019-10-04 02:48:52,072 [501d81d3-386f-4669-a872-bef8b5c9a2d0@group-62BE9160F6E7-LeaderElection41] INFO  impl.RaftServerImpl (ServerState.java:setLeader(255)) - 501d81d3-386f-4669-a872-bef8b5c9a2d0@group-62BE9160F6E7: change Leader from null to 501d81d3-386f-4669-a872-bef8b5c9a2d0 at term 1 for becomeLeader, leader elected after 5245ms
2019-10-04 02:48:52,072 [501d81d3-386f-4669-a872-bef8b5c9a2d0@group-62BE9160F6E7-LeaderElection41] INFO  server.RaftServerConfigKeys (ConfUtils.java:logGet(43)) - raft.server.staging.catchup.gap = 1000 (default)
2019-10-04 02:48:52,073 [501d81d3-386f-4669-a872-bef8b5c9a2d0@group-62BE9160F6E7-LeaderElection41] INFO  server.RaftServerConfigKeys (ConfUtils.java:logGet(43)) - raft.server.rpc.sleep.time = 25ms (default)
2019-10-04 02:48:52,073 [501d81d3-386f-4669-a872-bef8b5c9a2d0@group-62BE9160F6E7-LeaderElection41] INFO  server.RaftServerConfigKeys (ConfUtils.java:logGet(43)) - raft.server.write.element-limit = 4096 (default)
2019-10-04 02:48:52,073 [501d81d3-386f-4669-a872-bef8b5c9a2d0@group-62BE9160F6E7-LeaderElection41] INFO  server.RaftServerConfigKeys (ConfUtils.java:logGet(43)) - raft.server.watch.timeout = 10s (default)
2019-10-04 02:48:52,073 [501d81d3-386f-4669-a872-bef8b5c9a2d0@group-62BE9160F6E7-LeaderElection41] INFO  server.RaftServerConfigKeys (ConfUtils.java:logGet(43)) - raft.server.watch.timeout.denomination = 1s (default)
2019-10-04 02:48:52,073 [501d81d3-386f-4669-a872-bef8b5c9a2d0@group-62BE9160F6E7-LeaderElection41] INFO  server.RaftServerConfigKeys (ConfUtils.java:logGet(43)) - raft.server.watch.element-limit = 65536 (default)
2019-10-04 02:48:52,075 [501d81d3-386f-4669-a872-bef8b5c9a2d0@group-62BE9160F6E7-LeaderElection41] INFO  impl.RoleInfo (RoleInfo.java:updateAndGet(143)) - 501d81d3-386f-4669-a872-bef8b5c9a2d0: start LeaderState
2019-10-04 02:48:52,075 [501d81d3-386f-4669-a872-bef8b5c9a2d0@group-62BE9160F6E7-LeaderElection41] INFO  segmented.SegmentedRaftLogWorker (SegmentedRaftLogWorker.java:startLogSegment(385)) - 501d81d3-386f-4669-a872-bef8b5c9a2d0@group-62BE9160F6E7-SegmentedRaftLogWorker: Starting segment from index:0
2019-10-04 02:48:52,076 [501d81d3-386f-4669-a872-bef8b5c9a2d0@group-62BE9160F6E7-LeaderElection41] INFO  impl.RaftServerImpl (ServerState.java:setRaftConf(356)) - 501d81d3-386f-4669-a872-bef8b5c9a2d0@group-62BE9160F6E7: set configuration 0: [501d81d3-386f-4669-a872-bef8b5c9a2d0:192.168.164.196:45421], old=null at 0
2019-10-04 02:48:52,083 [6b165801-3d58-4909-92ef-f78ea72236f6@group-D3C4A7E27716-LeaderElection42] INFO  impl.LeaderElection (LeaderElection.java:askForVotes(178)) - 6b165801-3d58-4909-92ef-f78ea72236f6@group-D3C4A7E27716-LeaderElection42: begin an election at term 1 for -1: [6b165801-3d58-4909-92ef-f78ea72236f6:192.168.164.196:36986, 8a9d0394-6e08-4fd6-b83a-6e77b18dc275:192.168.164.196:46007, 501d81d3-386f-4669-a872-bef8b5c9a2d0:192.168.164.196:45421], old=null
2019-10-04 02:48:52,085 [Thread-1509] INFO  impl.FollowerState (FollowerState.java:run(108)) - d671373c-1081-4d63-a046-6062bd8f5c49@group-B03E5D61F7E1-FollowerState: change to CANDIDATE, lastRpcTime:5134ms, electionTimeout:5133ms
2019-10-04 02:48:52,086 [Thread-1509] INFO  impl.RoleInfo (RoleInfo.java:shutdownFollowerState(121)) - d671373c-1081-4d63-a046-6062bd8f5c49: shutdown FollowerState
2019-10-04 02:48:52,086 [Thread-1509] INFO  impl.RaftServerImpl (RaftServerImpl.java:setRole(170)) - d671373c-1081-4d63-a046-6062bd8f5c49@group-B03E5D61F7E1: changes role from  FOLLOWER to CANDIDATE at term 0 for changeToCandidate
2019-10-04 02:48:52,090 [Thread-1509] INFO  impl.RoleInfo (RoleInfo.java:updateAndGet(143)) - d671373c-1081-4d63-a046-6062bd8f5c49: start LeaderElection
2019-10-04 02:48:52,107 [grpc-default-executor-8] INFO  impl.RaftServerImpl (RaftServerImpl.java:setRole(170)) - 8a9d0394-6e08-4fd6-b83a-6e77b18dc275@group-D3C4A7E27716: changes role from  FOLLOWER to FOLLOWER at term 1 for recognizeCandidate:6b165801-3d58-4909-92ef-f78ea72236f6
2019-10-04 02:48:52,107 [grpc-default-executor-8] INFO  impl.RoleInfo (RoleInfo.java:shutdownFollowerState(121)) - 8a9d0394-6e08-4fd6-b83a-6e77b18dc275: shutdown FollowerState
2019-10-04 02:48:52,107 [Thread-1506] INFO  impl.FollowerState (FollowerState.java:run(108)) - 8a9d0394-6e08-4fd6-b83a-6e77b18dc275@group-87AE6969A44A-FollowerState: change to CANDIDATE, lastRpcTime:5202ms, electionTimeout:5184ms
2019-10-04 02:48:52,107 [grpc-default-executor-8] INFO  impl.RoleInfo (RoleInfo.java:updateAndGet(143)) - 8a9d0394-6e08-4fd6-b83a-6e77b18dc275: start FollowerState
2019-10-04 02:48:52,108 [Thread-1516] INFO  impl.FollowerState (FollowerState.java:run(117)) - 8a9d0394-6e08-4fd6-b83a-6e77b18dc275@group-D3C4A7E27716-FollowerState was interrupted: java.lang.InterruptedException: sleep interrupted
2019-10-04 02:48:52,121 [501d81d3-386f-4669-a872-bef8b5c9a2d0@group-62BE9160F6E7-SegmentedRaftLogWorker] INFO  segmented.SegmentedRaftLogWorker (SegmentedRaftLogWorker.java:execute(574)) - 501d81d3-386f-4669-a872-bef8b5c9a2d0@group-62BE9160F6E7-SegmentedRaftLogWorker: created new log segment /workdir/hadoop-ozone/integration-test/target/test-dir/MiniOzoneClusterImpl-68127e83-87a8-436e-a22b-35b6c2951a0a/datanode-3/data/ratis/6a680ca8-c7b3-43f8-bf21-62be9160f6e7/current/log_inprogress_0
2019-10-04 02:48:52,123 [6b165801-3d58-4909-92ef-f78ea72236f6@group-D3C4A7E27716-LeaderElection42] INFO  impl.LeaderElection (LeaderElection.java:logAndReturn(56)) - 6b165801-3d58-4909-92ef-f78ea72236f6@group-D3C4A7E27716-LeaderElection42: Election PASSED; received 1 response(s) [6b165801-3d58-4909-92ef-f78ea72236f6<-8a9d0394-6e08-4fd6-b83a-6e77b18dc275#0:OK-t1] and 0 exception(s); 6b165801-3d58-4909-92ef-f78ea72236f6@group-D3C4A7E27716:t1, leader=null, voted=6b165801-3d58-4909-92ef-f78ea72236f6, raftlog=6b165801-3d58-4909-92ef-f78ea72236f6@group-D3C4A7E27716-SegmentedRaftLog:OPENED:c-1,f-1,i0, conf=-1: [6b165801-3d58-4909-92ef-f78ea72236f6:192.168.164.196:36986, 8a9d0394-6e08-4fd6-b83a-6e77b18dc275:192.168.164.196:46007, 501d81d3-386f-4669-a872-bef8b5c9a2d0:192.168.164.196:45421], old=null
2019-10-04 02:48:52,123 [6b165801-3d58-4909-92ef-f78ea72236f6@group-D3C4A7E27716-LeaderElection42] INFO  impl.RoleInfo (RoleInfo.java:shutdownLeaderElection(134)) - 6b165801-3d58-4909-92ef-f78ea72236f6: shutdown LeaderElection
2019-10-04 02:48:52,124 [6b165801-3d58-4909-92ef-f78ea72236f6@group-D3C4A7E27716-LeaderElection42] INFO  impl.RaftServerImpl (RaftServerImpl.java:setRole(170)) - 6b165801-3d58-4909-92ef-f78ea72236f6@group-D3C4A7E27716: changes role from CANDIDATE to LEADER at term 1 for changeToLeader
2019-10-04 02:48:52,124 [6b165801-3d58-4909-92ef-f78ea72236f6@group-D3C4A7E27716-LeaderElection42] INFO  impl.RaftServerImpl (ServerState.java:setLeader(255)) - 6b165801-3d58-4909-92ef-f78ea72236f6@group-D3C4A7E27716: change Leader from null to 6b165801-3d58-4909-92ef-f78ea72236f6 at term 1 for becomeLeader, leader elected after 5124ms
2019-10-04 02:48:52,124 [6b165801-3d58-4909-92ef-f78ea72236f6@group-D3C4A7E27716-LeaderElection42] INFO  server.RaftServerConfigKeys (ConfUtils.java:logGet(43)) - raft.server.staging.catchup.gap = 1000 (default)
2019-10-04 02:48:52,124 [6b165801-3d58-4909-92ef-f78ea72236f6@group-D3C4A7E27716-LeaderElection42] INFO  server.RaftServerConfigKeys (ConfUtils.java:logGet(43)) - raft.server.rpc.sleep.time = 25ms (default)
2019-10-04 02:48:52,124 [6b165801-3d58-4909-92ef-f78ea72236f6@group-D3C4A7E27716-LeaderElection42] INFO  server.RaftServerConfigKeys (ConfUtils.java:logGet(43)) - raft.server.write.element-limit = 4096 (default)
2019-10-04 02:48:52,124 [6b165801-3d58-4909-92ef-f78ea72236f6@group-D3C4A7E27716-LeaderElection42] INFO  server.RaftServerConfigKeys (ConfUtils.java:logGet(43)) - raft.server.watch.timeout = 10s (default)
2019-10-04 02:48:52,124 [6b165801-3d58-4909-92ef-f78ea72236f6@group-D3C4A7E27716-LeaderElection42] INFO  server.RaftServerConfigKeys (ConfUtils.java:logGet(43)) - raft.server.watch.timeout.denomination = 1s (default)
2019-10-04 02:48:52,125 [6b165801-3d58-4909-92ef-f78ea72236f6@group-D3C4A7E27716-LeaderElection42] INFO  server.RaftServerConfigKeys (ConfUtils.java:logGet(43)) - raft.server.watch.element-limit = 65536 (default)
2019-10-04 02:48:52,135 [Thread-1506] INFO  impl.RoleInfo (RoleInfo.java:shutdownFollowerState(121)) - 8a9d0394-6e08-4fd6-b83a-6e77b18dc275: shutdown FollowerState
2019-10-04 02:48:52,138 [Thread-1506] INFO  impl.RaftServerImpl (RaftServerImpl.java:setRole(170)) - 8a9d0394-6e08-4fd6-b83a-6e77b18dc275@group-87AE6969A44A: changes role from  FOLLOWER to CANDIDATE at term 0 for changeToCandidate
2019-10-04 02:48:52,138 [d671373c-1081-4d63-a046-6062bd8f5c49@group-B03E5D61F7E1-LeaderElection43] INFO  impl.LeaderElection (LeaderElection.java:askForVotes(178)) - d671373c-1081-4d63-a046-6062bd8f5c49@group-B03E5D61F7E1-LeaderElection43: begin an election at term 1 for -1: [d671373c-1081-4d63-a046-6062bd8f5c49:192.168.164.196:37423], old=null
2019-10-04 02:48:52,138 [Thread-1506] INFO  impl.RoleInfo (RoleInfo.java:updateAndGet(143)) - 8a9d0394-6e08-4fd6-b83a-6e77b18dc275: start LeaderElection
2019-10-04 02:48:52,139 [d671373c-1081-4d63-a046-6062bd8f5c49@group-B03E5D61F7E1-LeaderElection43] INFO  impl.RoleInfo (RoleInfo.java:shutdownLeaderElection(134)) - d671373c-1081-4d63-a046-6062bd8f5c49: shutdown LeaderElection
2019-10-04 02:48:52,151 [6b165801-3d58-4909-92ef-f78ea72236f6@group-D3C4A7E27716-LeaderElection42] INFO  server.RaftServerConfigKeys (ConfUtils.java:logGet(43)) - raft.server.log.appender.snapshot.chunk.size.max = 16MB (=16777216) (default)
2019-10-04 02:48:52,151 [6b165801-3d58-4909-92ef-f78ea72236f6@group-D3C4A7E27716-LeaderElection42] INFO  server.RaftServerConfigKeys (ConfUtils.java:logGet(43)) - raft.server.log.appender.buffer.byte-limit = 33554432 (custom)
2019-10-04 02:48:52,151 [6b165801-3d58-4909-92ef-f78ea72236f6@group-D3C4A7E27716-LeaderElection42] INFO  server.RaftServerConfigKeys (ConfUtils.java:logGet(43)) - raft.server.log.appender.buffer.element-limit = 1 (custom)
2019-10-04 02:48:52,151 [6b165801-3d58-4909-92ef-f78ea72236f6@group-D3C4A7E27716-LeaderElection42] INFO  grpc.GrpcConfigKeys$Server (ConfUtils.java:logGet(43)) - raft.grpc.server.leader.outstanding.appends.max = 128 (default)
2019-10-04 02:48:52,151 [6b165801-3d58-4909-92ef-f78ea72236f6@group-D3C4A7E27716-LeaderElection42] INFO  server.RaftServerConfigKeys (ConfUtils.java:logGet(43)) - raft.server.rpc.request.timeout = 3000ms (default)
2019-10-04 02:48:52,152 [6b165801-3d58-4909-92ef-f78ea72236f6@group-D3C4A7E27716-LeaderElection42] INFO  server.RaftServerConfigKeys (ConfUtils.java:logGet(43)) - raft.server.log.appender.install.snapshot.enabled = false (custom)
2019-10-04 02:48:52,152 [6b165801-3d58-4909-92ef-f78ea72236f6@group-D3C4A7E27716-LeaderElection42] INFO  server.RaftServerConfigKeys (ConfUtils.java:logGet(43)) - raft.server.log.appender.snapshot.chunk.size.max = 16MB (=16777216) (default)
2019-10-04 02:48:52,152 [6b165801-3d58-4909-92ef-f78ea72236f6@group-D3C4A7E27716-LeaderElection42] INFO  server.RaftServerConfigKeys (ConfUtils.java:logGet(43)) - raft.server.log.appender.buffer.byte-limit = 33554432 (custom)
2019-10-04 02:48:52,152 [6b165801-3d58-4909-92ef-f78ea72236f6@group-D3C4A7E27716-LeaderElection42] INFO  server.RaftServerConfigKeys (ConfUtils.java:logGet(43)) - raft.server.log.appender.buffer.element-limit = 1 (custom)
2019-10-04 02:48:52,152 [6b165801-3d58-4909-92ef-f78ea72236f6@group-D3C4A7E27716-LeaderElection42] INFO  grpc.GrpcConfigKeys$Server (ConfUtils.java:logGet(43)) - raft.grpc.server.leader.outstanding.appends.max = 128 (default)
2019-10-04 02:48:52,153 [6b165801-3d58-4909-92ef-f78ea72236f6@group-D3C4A7E27716-LeaderElection42] INFO  server.RaftServerConfigKeys (ConfUtils.java:logGet(43)) - raft.server.rpc.request.timeout = 3000ms (default)
2019-10-04 02:48:52,153 [6b165801-3d58-4909-92ef-f78ea72236f6@group-D3C4A7E27716-LeaderElection42] INFO  server.RaftServerConfigKeys (ConfUtils.java:logGet(43)) - raft.server.log.appender.install.snapshot.enabled = false (custom)
2019-10-04 02:48:52,153 [6b165801-3d58-4909-92ef-f78ea72236f6@group-D3C4A7E27716-LeaderElection42] INFO  impl.RoleInfo (RoleInfo.java:updateAndGet(143)) - 6b165801-3d58-4909-92ef-f78ea72236f6: start LeaderState
2019-10-04 02:48:52,153 [6b165801-3d58-4909-92ef-f78ea72236f6@group-D3C4A7E27716-LeaderElection42] INFO  segmented.SegmentedRaftLogWorker (SegmentedRaftLogWorker.java:startLogSegment(385)) - 6b165801-3d58-4909-92ef-f78ea72236f6@group-D3C4A7E27716-SegmentedRaftLogWorker: Starting segment from index:0
2019-10-04 02:48:52,154 [d671373c-1081-4d63-a046-6062bd8f5c49@group-B03E5D61F7E1-LeaderElection43] INFO  impl.RaftServerImpl (RaftServerImpl.java:setRole(170)) - d671373c-1081-4d63-a046-6062bd8f5c49@group-B03E5D61F7E1: changes role from CANDIDATE to LEADER at term 1 for changeToLeader
2019-10-04 02:48:52,154 [d671373c-1081-4d63-a046-6062bd8f5c49@group-B03E5D61F7E1-LeaderElection43] INFO  impl.RaftServerImpl (ServerState.java:setLeader(255)) - d671373c-1081-4d63-a046-6062bd8f5c49@group-B03E5D61F7E1: change Leader from null to d671373c-1081-4d63-a046-6062bd8f5c49 at term 1 for becomeLeader, leader elected after 5208ms
2019-10-04 02:48:52,154 [d671373c-1081-4d63-a046-6062bd8f5c49@group-B03E5D61F7E1-LeaderElection43] INFO  server.RaftServerConfigKeys (ConfUtils.java:logGet(43)) - raft.server.staging.catchup.gap = 1000 (default)
2019-10-04 02:48:52,154 [6b165801-3d58-4909-92ef-f78ea72236f6@group-D3C4A7E27716-LeaderElection42] INFO  impl.RaftServerImpl (ServerState.java:setRaftConf(356)) - 6b165801-3d58-4909-92ef-f78ea72236f6@group-D3C4A7E27716: set configuration 0: [6b165801-3d58-4909-92ef-f78ea72236f6:192.168.164.196:36986, 8a9d0394-6e08-4fd6-b83a-6e77b18dc275:192.168.164.196:46007, 501d81d3-386f-4669-a872-bef8b5c9a2d0:192.168.164.196:45421], old=null at 0
2019-10-04 02:48:52,154 [d671373c-1081-4d63-a046-6062bd8f5c49@group-B03E5D61F7E1-LeaderElection43] INFO  server.RaftServerConfigKeys (ConfUtils.java:logGet(43)) - raft.server.rpc.sleep.time = 25ms (default)
2019-10-04 02:48:52,155 [d671373c-1081-4d63-a046-6062bd8f5c49@group-B03E5D61F7E1-LeaderElection43] INFO  server.RaftServerConfigKeys (ConfUtils.java:logGet(43)) - raft.server.write.element-limit = 4096 (default)
2019-10-04 02:48:52,180 [grpc-default-executor-6] INFO  impl.RaftServerImpl (RaftServerImpl.java:setRole(170)) - 501d81d3-386f-4669-a872-bef8b5c9a2d0@group-D3C4A7E27716: changes role from  FOLLOWER to FOLLOWER at term 1 for recognizeCandidate:6b165801-3d58-4909-92ef-f78ea72236f6
2019-10-04 02:48:52,183 [d671373c-1081-4d63-a046-6062bd8f5c49@group-B03E5D61F7E1-LeaderElection43] INFO  server.RaftServerConfigKeys (ConfUtils.java:logGet(43)) - raft.server.watch.timeout = 10s (default)
2019-10-04 02:48:52,183 [grpc-default-executor-6] INFO  impl.RoleInfo (RoleInfo.java:shutdownFollowerState(121)) - 501d81d3-386f-4669-a872-bef8b5c9a2d0: shutdown FollowerState
2019-10-04 02:48:52,183 [d671373c-1081-4d63-a046-6062bd8f5c49@group-B03E5D61F7E1-LeaderElection43] INFO  server.RaftServerConfigKeys (ConfUtils.java:logGet(43)) - raft.server.watch.timeout.denomination = 1s (default)
2019-10-04 02:48:52,184 [d671373c-1081-4d63-a046-6062bd8f5c49@group-B03E5D61F7E1-LeaderElection43] INFO  server.RaftServerConfigKeys (ConfUtils.java:logGet(43)) - raft.server.watch.element-limit = 65536 (default)
2019-10-04 02:48:52,184 [8a9d0394-6e08-4fd6-b83a-6e77b18dc275@group-87AE6969A44A-LeaderElection44] INFO  impl.LeaderElection (LeaderElection.java:askForVotes(178)) - 8a9d0394-6e08-4fd6-b83a-6e77b18dc275@group-87AE6969A44A-LeaderElection44: begin an election at term 1 for -1: [8a9d0394-6e08-4fd6-b83a-6e77b18dc275:192.168.164.196:46007], old=null
2019-10-04 02:48:52,184 [8a9d0394-6e08-4fd6-b83a-6e77b18dc275@group-87AE6969A44A-LeaderElection44] INFO  impl.RoleInfo (RoleInfo.java:shutdownLeaderElection(134)) - 8a9d0394-6e08-4fd6-b83a-6e77b18dc275: shutdown LeaderElection
2019-10-04 02:48:52,185 [8a9d0394-6e08-4fd6-b83a-6e77b18dc275@group-87AE6969A44A-LeaderElection44] INFO  impl.RaftServerImpl (RaftServerImpl.java:setRole(170)) - 8a9d0394-6e08-4fd6-b83a-6e77b18dc275@group-87AE6969A44A: changes role from CANDIDATE to LEADER at term 1 for changeToLeader
2019-10-04 02:48:52,185 [8a9d0394-6e08-4fd6-b83a-6e77b18dc275@group-87AE6969A44A-LeaderElection44] INFO  impl.RaftServerImpl (ServerState.java:setLeader(255)) - 8a9d0394-6e08-4fd6-b83a-6e77b18dc275@group-87AE6969A44A: change Leader from null to 8a9d0394-6e08-4fd6-b83a-6e77b18dc275 at term 1 for becomeLeader, leader elected after 5288ms
2019-10-04 02:48:52,185 [8a9d0394-6e08-4fd6-b83a-6e77b18dc275@group-87AE6969A44A-LeaderElection44] INFO  server.RaftServerConfigKeys (ConfUtils.java:logGet(43)) - raft.server.staging.catchup.gap = 1000 (default)
2019-10-04 02:48:52,185 [8a9d0394-6e08-4fd6-b83a-6e77b18dc275@group-87AE6969A44A-LeaderElection44] INFO  server.RaftServerConfigKeys (ConfUtils.java:logGet(43)) - raft.server.rpc.sleep.time = 25ms (default)
2019-10-04 02:48:52,184 [grpc-default-executor-6] INFO  impl.RoleInfo (RoleInfo.java:updateAndGet(143)) - 501d81d3-386f-4669-a872-bef8b5c9a2d0: start FollowerState
2019-10-04 02:48:52,194 [6b165801-3d58-4909-92ef-f78ea72236f6@group-D3C4A7E27716-SegmentedRaftLogWorker] INFO  segmented.SegmentedRaftLogWorker (SegmentedRaftLogWorker.java:execute(574)) - 6b165801-3d58-4909-92ef-f78ea72236f6@group-D3C4A7E27716-SegmentedRaftLogWorker: created new log segment /workdir/hadoop-ozone/integration-test/target/test-dir/MiniOzoneClusterImpl-68127e83-87a8-436e-a22b-35b6c2951a0a/datanode-4/data/ratis/45a61e74-8cf4-41eb-8fdb-d3c4a7e27716/current/log_inprogress_0
2019-10-04 02:48:52,196 [grpc-default-executor-8] INFO  impl.RaftServerImpl (ServerState.java:setLeader(255)) - 8a9d0394-6e08-4fd6-b83a-6e77b18dc275@group-D3C4A7E27716: change Leader from null to 6b165801-3d58-4909-92ef-f78ea72236f6 at term 1 for appendEntries, leader elected after 5195ms
2019-10-04 02:48:52,213 [d671373c-1081-4d63-a046-6062bd8f5c49@group-B03E5D61F7E1-LeaderElection43] INFO  impl.RoleInfo (RoleInfo.java:updateAndGet(143)) - d671373c-1081-4d63-a046-6062bd8f5c49: start LeaderState
2019-10-04 02:48:52,268 [8a9d0394-6e08-4fd6-b83a-6e77b18dc275@group-87AE6969A44A-LeaderElection44] INFO  server.RaftServerConfigKeys (ConfUtils.java:logGet(43)) - raft.server.write.element-limit = 4096 (default)
2019-10-04 02:48:52,269 [8a9d0394-6e08-4fd6-b83a-6e77b18dc275@group-87AE6969A44A-LeaderElection44] INFO  server.RaftServerConfigKeys (ConfUtils.java:logGet(43)) - raft.server.watch.timeout = 10s (default)
2019-10-04 02:48:52,269 [8a9d0394-6e08-4fd6-b83a-6e77b18dc275@group-87AE6969A44A-LeaderElection44] INFO  server.RaftServerConfigKeys (ConfUtils.java:logGet(43)) - raft.server.watch.timeout.denomination = 1s (default)
2019-10-04 02:48:52,269 [8a9d0394-6e08-4fd6-b83a-6e77b18dc275@group-87AE6969A44A-LeaderElection44] INFO  server.RaftServerConfigKeys (ConfUtils.java:logGet(43)) - raft.server.watch.element-limit = 65536 (default)
2019-10-04 02:48:52,271 [8a9d0394-6e08-4fd6-b83a-6e77b18dc275@group-87AE6969A44A-LeaderElection44] INFO  impl.RoleInfo (RoleInfo.java:updateAndGet(143)) - 8a9d0394-6e08-4fd6-b83a-6e77b18dc275: start LeaderState
2019-10-04 02:48:52,272 [8a9d0394-6e08-4fd6-b83a-6e77b18dc275@group-87AE6969A44A-LeaderElection44] INFO  segmented.SegmentedRaftLogWorker (SegmentedRaftLogWorker.java:startLogSegment(385)) - 8a9d0394-6e08-4fd6-b83a-6e77b18dc275@group-87AE6969A44A-SegmentedRaftLogWorker: Starting segment from index:0
2019-10-04 02:48:52,275 [d671373c-1081-4d63-a046-6062bd8f5c49@group-B03E5D61F7E1-LeaderElection43] INFO  segmented.SegmentedRaftLogWorker (SegmentedRaftLogWorker.java:startLogSegment(385)) - d671373c-1081-4d63-a046-6062bd8f5c49@group-B03E5D61F7E1-SegmentedRaftLogWorker: Starting segment from index:0
2019-10-04 02:48:52,280 [8a9d0394-6e08-4fd6-b83a-6e77b18dc275@group-87AE6969A44A-LeaderElection44] INFO  impl.RaftServerImpl (ServerState.java:setRaftConf(356)) - 8a9d0394-6e08-4fd6-b83a-6e77b18dc275@group-87AE6969A44A: set configuration 0: [8a9d0394-6e08-4fd6-b83a-6e77b18dc275:192.168.164.196:46007], old=null at 0
2019-10-04 02:48:52,292 [d671373c-1081-4d63-a046-6062bd8f5c49@group-B03E5D61F7E1-LeaderElection43] INFO  impl.RaftServerImpl (ServerState.java:setRaftConf(356)) - d671373c-1081-4d63-a046-6062bd8f5c49@group-B03E5D61F7E1: set configuration 0: [d671373c-1081-4d63-a046-6062bd8f5c49:192.168.164.196:37423], old=null at 0
2019-10-04 02:48:52,310 [grpc-default-executor-4] INFO  impl.RaftServerImpl (ServerState.java:setRaftConf(356)) - 8a9d0394-6e08-4fd6-b83a-6e77b18dc275@group-D3C4A7E27716: set configuration 0: [6b165801-3d58-4909-92ef-f78ea72236f6:192.168.164.196:36986, 8a9d0394-6e08-4fd6-b83a-6e77b18dc275:192.168.164.196:46007, 501d81d3-386f-4669-a872-bef8b5c9a2d0:192.168.164.196:45421], old=null at 0
2019-10-04 02:48:52,310 [grpc-default-executor-4] INFO  segmented.SegmentedRaftLogWorker (SegmentedRaftLogWorker.java:startLogSegment(385)) - 8a9d0394-6e08-4fd6-b83a-6e77b18dc275@group-D3C4A7E27716-SegmentedRaftLogWorker: Starting segment from index:0
2019-10-04 02:48:52,724 [grpc-default-executor-7] INFO  impl.RaftServerImpl (ServerState.java:setLeader(255)) - 501d81d3-386f-4669-a872-bef8b5c9a2d0@group-D3C4A7E27716: change Leader from null to 6b165801-3d58-4909-92ef-f78ea72236f6 at term 1 for appendEntries, leader elected after 5723ms
2019-10-04 02:48:52,731 [grpc-default-executor-6] INFO  impl.RaftServerImpl (ServerState.java:setRaftConf(356)) - 501d81d3-386f-4669-a872-bef8b5c9a2d0@group-D3C4A7E27716: set configuration 0: [6b165801-3d58-4909-92ef-f78ea72236f6:192.168.164.196:36986, 8a9d0394-6e08-4fd6-b83a-6e77b18dc275:192.168.164.196:46007, 501d81d3-386f-4669-a872-bef8b5c9a2d0:192.168.164.196:45421], old=null at 0
2019-10-04 02:48:52,731 [grpc-default-executor-6] INFO  segmented.SegmentedRaftLogWorker (SegmentedRaftLogWorker.java:startLogSegment(385)) - 501d81d3-386f-4669-a872-bef8b5c9a2d0@group-D3C4A7E27716-SegmentedRaftLogWorker: Starting segment from index:0
2019-10-04 02:48:52,745 [d671373c-1081-4d63-a046-6062bd8f5c49@group-B03E5D61F7E1-SegmentedRaftLogWorker] INFO  segmented.SegmentedRaftLogWorker (SegmentedRaftLogWorker.java:execute(574)) - d671373c-1081-4d63-a046-6062bd8f5c49@group-B03E5D61F7E1-SegmentedRaftLogWorker: created new log segment /workdir/hadoop-ozone/integration-test/target/test-dir/MiniOzoneClusterImpl-68127e83-87a8-436e-a22b-35b6c2951a0a/datanode-6/data/ratis/4b55ee48-0cd6-4b1b-9cf6-b03e5d61f7e1/current/log_inprogress_0
2019-10-04 02:48:52,745 [8a9d0394-6e08-4fd6-b83a-6e77b18dc275@group-87AE6969A44A-SegmentedRaftLogWorker] INFO  segmented.SegmentedRaftLogWorker (SegmentedRaftLogWorker.java:execute(574)) - 8a9d0394-6e08-4fd6-b83a-6e77b18dc275@group-87AE6969A44A-SegmentedRaftLogWorker: created new log segment /workdir/hadoop-ozone/integration-test/target/test-dir/MiniOzoneClusterImpl-68127e83-87a8-436e-a22b-35b6c2951a0a/datanode-5/data/ratis/30a07506-82aa-454c-b6cf-87ae6969a44a/current/log_inprogress_0
2019-10-04 02:48:52,745 [8a9d0394-6e08-4fd6-b83a-6e77b18dc275@group-D3C4A7E27716-SegmentedRaftLogWorker] INFO  segmented.SegmentedRaftLogWorker (SegmentedRaftLogWorker.java:execute(574)) - 8a9d0394-6e08-4fd6-b83a-6e77b18dc275@group-D3C4A7E27716-SegmentedRaftLogWorker: created new log segment /workdir/hadoop-ozone/integration-test/target/test-dir/MiniOzoneClusterImpl-68127e83-87a8-436e-a22b-35b6c2951a0a/datanode-5/data/ratis/45a61e74-8cf4-41eb-8fdb-d3c4a7e27716/current/log_inprogress_0
2019-10-04 02:48:52,963 [501d81d3-386f-4669-a872-bef8b5c9a2d0@group-D3C4A7E27716-SegmentedRaftLogWorker] INFO  segmented.SegmentedRaftLogWorker (SegmentedRaftLogWorker.java:execute(574)) - 501d81d3-386f-4669-a872-bef8b5c9a2d0@group-D3C4A7E27716-SegmentedRaftLogWorker: created new log segment /workdir/hadoop-ozone/integration-test/target/test-dir/MiniOzoneClusterImpl-68127e83-87a8-436e-a22b-35b6c2951a0a/datanode-3/data/ratis/45a61e74-8cf4-41eb-8fdb-d3c4a7e27716/current/log_inprogress_0
2019-10-04 02:48:53,054 [Datanode State Machine Thread - 0] INFO  statemachine.DatanodeStateMachine (DatanodeStateMachine.java:lambda$startDaemon$0(350)) - Ozone container server started.
2019-10-04 02:48:58,046 [main] INFO  ozoneimpl.OzoneContainer (OzoneContainer.java:stop(231)) - Attempting to stop container services.
2019-10-04 02:48:58,047 [main] INFO  impl.RaftServerProxy (RaftServerProxy.java:lambda$close$4(314)) - dfe0ab3c-9bcd-4203-8d69-f85e2a82e83f: close
2019-10-04 02:48:58,048 [main] INFO  impl.RaftServerImpl (RaftServerImpl.java:lambda$shutdown$3(247)) - dfe0ab3c-9bcd-4203-8d69-f85e2a82e83f@group-14B2B18D2AFF: shutdown
2019-10-04 02:48:58,048 [main] INFO  util.JmxRegister (JmxRegister.java:unregister(73)) - Successfully un-registered JMX Bean with object name Ratis:service=RaftServer,group=group-14B2B18D2AFF,id=dfe0ab3c-9bcd-4203-8d69-f85e2a82e83f
2019-10-04 02:48:58,049 [main] INFO  impl.RoleInfo (RoleInfo.java:shutdownLeaderState(104)) - dfe0ab3c-9bcd-4203-8d69-f85e2a82e83f: shutdown LeaderState
2019-10-04 02:48:58,049 [main] INFO  impl.PendingRequests (PendingRequests.java:sendNotLeaderResponses(202)) - dfe0ab3c-9bcd-4203-8d69-f85e2a82e83f@group-14B2B18D2AFF-PendingRequests: sendNotLeaderResponses
2019-10-04 02:48:58,049 [main] INFO  impl.StateMachineUpdater (StateMachineUpdater.java:stopAndJoin(136)) - dfe0ab3c-9bcd-4203-8d69-f85e2a82e83f@group-14B2B18D2AFF-StateMachineUpdater: set stopIndex = 0
2019-10-04 02:48:58,050 [main] INFO  impl.RaftServerImpl (ServerState.java:close(387)) - dfe0ab3c-9bcd-4203-8d69-f85e2a82e83f@group-14B2B18D2AFF: closes. applyIndex: 0
2019-10-04 02:48:58,050 [dfe0ab3c-9bcd-4203-8d69-f85e2a82e83f@group-14B2B18D2AFF-SegmentedRaftLogWorker] INFO  segmented.SegmentedRaftLogWorker (SegmentedRaftLogWorker.java:run(316)) - dfe0ab3c-9bcd-4203-8d69-f85e2a82e83f@group-14B2B18D2AFF-SegmentedRaftLogWorker was interrupted, exiting. There are 0 tasks remaining in the queue.
2019-10-04 02:48:58,054 [main] INFO  segmented.SegmentedRaftLogWorker (SegmentedRaftLogWorker.java:close(224)) - dfe0ab3c-9bcd-4203-8d69-f85e2a82e83f@group-14B2B18D2AFF-SegmentedRaftLogWorker close()
2019-10-04 02:48:58,057 [main] INFO  impl.RaftServerImpl (RaftServerImpl.java:lambda$shutdown$3(247)) - dfe0ab3c-9bcd-4203-8d69-f85e2a82e83f@group-BACDF191FE77: shutdown
2019-10-04 02:48:58,057 [main] INFO  util.JmxRegister (JmxRegister.java:unregister(73)) - Successfully un-registered JMX Bean with object name Ratis:service=RaftServer,group=group-BACDF191FE77,id=dfe0ab3c-9bcd-4203-8d69-f85e2a82e83f
2019-10-04 02:48:58,057 [main] INFO  impl.RoleInfo (RoleInfo.java:shutdownFollowerState(121)) - dfe0ab3c-9bcd-4203-8d69-f85e2a82e83f: shutdown FollowerState
2019-10-04 02:48:58,057 [main] INFO  impl.StateMachineUpdater (StateMachineUpdater.java:stopAndJoin(136)) - dfe0ab3c-9bcd-4203-8d69-f85e2a82e83f@group-BACDF191FE77-StateMachineUpdater: set stopIndex = 2
2019-10-04 02:48:58,058 [dfe0ab3c-9bcd-4203-8d69-f85e2a82e83f@group-BACDF191FE77-StateMachineUpdater] INFO  ratis.ContainerStateMachine (ContainerStateMachine.java:takeSnapshot(293)) - group-BACDF191FE77: Taking a snapshot at:(t:1, i:1) file /workdir/hadoop-ozone/integration-test/target/test-dir/MiniOzoneClusterImpl-68127e83-87a8-436e-a22b-35b6c2951a0a/datanode-1/data/ratis/8f1a2581-79dc-4915-afd9-bacdf191fe77/sm/snapshot.1_1
2019-10-04 02:48:58,057 [Thread-1542] INFO  impl.FollowerState (FollowerState.java:run(117)) - dfe0ab3c-9bcd-4203-8d69-f85e2a82e83f@group-BACDF191FE77-FollowerState was interrupted: java.lang.InterruptedException: sleep interrupted
2019-10-04 02:48:58,068 [dfe0ab3c-9bcd-4203-8d69-f85e2a82e83f@group-BACDF191FE77-StateMachineUpdater] INFO  ratis.ContainerStateMachine (ContainerStateMachine.java:takeSnapshot(304)) - group-BACDF191FE77: Finished taking a snapshot at:(t:1, i:1) file:/workdir/hadoop-ozone/integration-test/target/test-dir/MiniOzoneClusterImpl-68127e83-87a8-436e-a22b-35b6c2951a0a/datanode-1/data/ratis/8f1a2581-79dc-4915-afd9-bacdf191fe77/sm/snapshot.1_1 time:10
2019-10-04 02:48:58,068 [dfe0ab3c-9bcd-4203-8d69-f85e2a82e83f@group-BACDF191FE77-StateMachineUpdater] INFO  impl.StateMachineUpdater (StateMachineUpdater.java:takeSnapshot(269)) - dfe0ab3c-9bcd-4203-8d69-f85e2a82e83f@group-BACDF191FE77-StateMachineUpdater: Took a snapshot at index 1
2019-10-04 02:48:58,068 [dfe0ab3c-9bcd-4203-8d69-f85e2a82e83f@group-BACDF191FE77-StateMachineUpdater] INFO  impl.StateMachineUpdater (StateMachineUpdater.java:lambda$new$0(84)) - dfe0ab3c-9bcd-4203-8d69-f85e2a82e83f@group-BACDF191FE77-StateMachineUpdater: snapshotIndex: updateIncreasingly -1 -> 1
2019-10-04 02:48:58,069 [dfe0ab3c-9bcd-4203-8d69-f85e2a82e83f@group-BACDF191FE77-StateMachineUpdater] INFO  ratis.ContainerStateMachine (ContainerStateMachine.java:takeSnapshot(293)) - group-BACDF191FE77: Taking a snapshot at:(t:1, i:1) file /workdir/hadoop-ozone/integration-test/target/test-dir/MiniOzoneClusterImpl-68127e83-87a8-436e-a22b-35b6c2951a0a/datanode-1/data/ratis/8f1a2581-79dc-4915-afd9-bacdf191fe77/sm/snapshot.1_1
2019-10-04 02:48:58,082 [dfe0ab3c-9bcd-4203-8d69-f85e2a82e83f@group-BACDF191FE77-StateMachineUpdater] INFO  ratis.ContainerStateMachine (ContainerStateMachine.java:takeSnapshot(304)) - group-BACDF191FE77: Finished taking a snapshot at:(t:1, i:1) file:/workdir/hadoop-ozone/integration-test/target/test-dir/MiniOzoneClusterImpl-68127e83-87a8-436e-a22b-35b6c2951a0a/datanode-1/data/ratis/8f1a2581-79dc-4915-afd9-bacdf191fe77/sm/snapshot.1_1 time:13
2019-10-04 02:48:58,082 [dfe0ab3c-9bcd-4203-8d69-f85e2a82e83f@group-BACDF191FE77-StateMachineUpdater] INFO  impl.StateMachineUpdater (StateMachineUpdater.java:takeSnapshot(269)) - dfe0ab3c-9bcd-4203-8d69-f85e2a82e83f@group-BACDF191FE77-StateMachineUpdater: Took a snapshot at index 1
2019-10-04 02:48:58,082 [dfe0ab3c-9bcd-4203-8d69-f85e2a82e83f@group-BACDF191FE77-StateMachineUpdater] INFO  impl.StateMachineUpdater (StateMachineUpdater.java:lambda$new$0(84)) - dfe0ab3c-9bcd-4203-8d69-f85e2a82e83f@group-BACDF191FE77-StateMachineUpdater: snapshotIndex: updateIncreasingly 1 -> 1
2019-10-04 02:48:58,082 [main] INFO  impl.RaftServerImpl (ServerState.java:close(387)) - dfe0ab3c-9bcd-4203-8d69-f85e2a82e83f@group-BACDF191FE77: closes. applyIndex: 2
2019-10-04 02:48:58,083 [dfe0ab3c-9bcd-4203-8d69-f85e2a82e83f@group-BACDF191FE77-SegmentedRaftLogWorker] INFO  segmented.SegmentedRaftLogWorker (SegmentedRaftLogWorker.java:run(316)) - dfe0ab3c-9bcd-4203-8d69-f85e2a82e83f@group-BACDF191FE77-SegmentedRaftLogWorker was interrupted, exiting. There are 0 tasks remaining in the queue.
2019-10-04 02:48:58,085 [main] INFO  segmented.SegmentedRaftLogWorker (SegmentedRaftLogWorker.java:close(224)) - dfe0ab3c-9bcd-4203-8d69-f85e2a82e83f@group-BACDF191FE77-SegmentedRaftLogWorker close()
2019-10-04 02:48:58,088 [main] INFO  server.GrpcService (GrpcService.java:closeImpl(164)) - dfe0ab3c-9bcd-4203-8d69-f85e2a82e83f: shutdown server with port 44321 now
2019-10-04 02:48:58,090 [grpc-default-executor-6] WARN  server.GrpcServerProtocolService (LogUtils.java:warn(134)) - dfe0ab3c-9bcd-4203-8d69-f85e2a82e83f: installSnapshot onError, lastRequest: b83a6a27-b6a1-4e2a-a9cc-dc8f8dad53d5->dfe0ab3c-9bcd-4203-8d69-f85e2a82e83f#5-t1, previous=(t:1, i:2), leaderCommit=2, initializing? false, entries: <empty>: org.apache.ratis.thirdparty.io.grpc.StatusRuntimeException: CANCELLED: cancelled before receiving half close
2019-10-04 02:48:58,090 [main] INFO  server.GrpcService (GrpcService.java:closeImpl(172)) - dfe0ab3c-9bcd-4203-8d69-f85e2a82e83f: shutdown server with port 44321 successfully
2019-10-04 02:48:58,090 [grpc-default-executor-8] WARN  server.GrpcLogAppender (LogUtils.java:warn(134)) - b83a6a27-b6a1-4e2a-a9cc-dc8f8dad53d5@group-BACDF191FE77->dfe0ab3c-9bcd-4203-8d69-f85e2a82e83f-AppendLogResponseHandler: Failed appendEntries: org.apache.ratis.thirdparty.io.grpc.StatusRuntimeException: CANCELLED: HTTP/2 error code: CANCEL
Received Rst Stream
2019-10-04 02:48:58,091 [grpc-default-executor-8] INFO  impl.FollowerInfo (FollowerInfo.java:lambda$new$0(51)) - b83a6a27-b6a1-4e2a-a9cc-dc8f8dad53d5@group-BACDF191FE77->dfe0ab3c-9bcd-4203-8d69-f85e2a82e83f: nextIndex: updateUnconditionally 3 -> 2
2019-10-04 02:48:58,092 [refreshUsed-/workdir/hadoop-ozone/integration-test/target/test-dir/MiniOzoneClusterImpl-68127e83-87a8-436e-a22b-35b6c2951a0a/datanode-1/data/containers] WARN  fs.CachingGetSpaceUsed (CachingGetSpaceUsed.java:run(183)) - Thread Interrupted waiting to refresh disk information: sleep interrupted
2019-10-04 02:48:58,106 [main] INFO  utils.BackgroundService (BackgroundService.java:shutdown(148)) - Shutting down service BlockDeletingService
2019-10-04 02:48:58,111 [main] INFO  statemachine.DatanodeStateMachine (DatanodeStateMachine.java:stopDaemon(395)) - Ozone container server stopped.
2019-10-04 02:48:58,112 [main] INFO  handler.ContextHandler (ContextHandler.java:doStop(910)) - Stopped o.e.j.w.WebAppContext@73afe2b7{/,null,UNAVAILABLE}{/hddsDatanode}
2019-10-04 02:48:58,113 [main] INFO  server.AbstractConnector (AbstractConnector.java:doStop(318)) - Stopped ServerConnector@9687f55{HTTP/1.1,[http/1.1]}{0.0.0.0:0}
2019-10-04 02:48:58,113 [main] INFO  handler.ContextHandler (ContextHandler.java:doStop(910)) - Stopped o.e.j.s.ServletContextHandler@34414ffc{/static,jar:file:/home/user/.m2/repository/org/apache/hadoop/hadoop-hdds-container-service/0.5.0-SNAPSHOT/hadoop-hdds-container-service-0.5.0-SNAPSHOT.jar!/webapps/static,UNAVAILABLE}
2019-10-04 02:48:58,114 [main] INFO  handler.ContextHandler (ContextHandler.java:doStop(910)) - Stopped o.e.j.s.ServletContextHandler@691500ab{/logs,file:///workdir/hadoop-ozone/integration-test/target/log,UNAVAILABLE}
2019-10-04 02:48:59,057 [Datanode State Machine Thread - 0] INFO  statemachine.DatanodeStateMachine (DatanodeStateMachine.java:lambda$startDaemon$0(350)) - Ozone container server started.
2019-10-04 02:49:00,239 [grpc-default-executor-6] WARN  server.GrpcLogAppender (LogUtils.java:warn(134)) - b83a6a27-b6a1-4e2a-a9cc-dc8f8dad53d5@group-BACDF191FE77->dfe0ab3c-9bcd-4203-8d69-f85e2a82e83f-AppendLogResponseHandler: Failed appendEntries: org.apache.ratis.thirdparty.io.grpc.StatusRuntimeException: UNAVAILABLE: io exception
2019-10-04 02:49:00,239 [grpc-default-executor-6] INFO  impl.FollowerInfo (FollowerInfo.java:lambda$new$0(51)) - b83a6a27-b6a1-4e2a-a9cc-dc8f8dad53d5@group-BACDF191FE77->dfe0ab3c-9bcd-4203-8d69-f85e2a82e83f: nextIndex: updateUnconditionally 2 -> 1
2019-10-04 02:49:02,740 [grpc-default-executor-6] WARN  server.GrpcLogAppender (LogUtils.java:warn(134)) - b83a6a27-b6a1-4e2a-a9cc-dc8f8dad53d5@group-BACDF191FE77->dfe0ab3c-9bcd-4203-8d69-f85e2a82e83f-AppendLogResponseHandler: Failed appendEntries: org.apache.ratis.thirdparty.io.grpc.StatusRuntimeException: UNAVAILABLE: io exception
2019-10-04 02:49:02,740 [grpc-default-executor-6] INFO  impl.FollowerInfo (FollowerInfo.java:lambda$new$0(51)) - b83a6a27-b6a1-4e2a-a9cc-dc8f8dad53d5@group-BACDF191FE77->dfe0ab3c-9bcd-4203-8d69-f85e2a82e83f: nextIndex: updateUnconditionally 1 -> 0
2019-10-04 02:49:03,116 [main] INFO  ozoneimpl.OzoneContainer (OzoneContainer.java:stop(231)) - Attempting to stop container services.
2019-10-04 02:49:03,117 [main] INFO  impl.RaftServerProxy (RaftServerProxy.java:lambda$close$4(314)) - e380016e-3489-43b9-9f3c-71e3ad62c659: close
2019-10-04 02:49:03,118 [main] INFO  impl.RaftServerImpl (RaftServerImpl.java:lambda$shutdown$3(247)) - e380016e-3489-43b9-9f3c-71e3ad62c659@group-BACDF191FE77: shutdown
2019-10-04 02:49:03,118 [main] INFO  util.JmxRegister (JmxRegister.java:unregister(73)) - Successfully un-registered JMX Bean with object name Ratis:service=RaftServer,group=group-BACDF191FE77,id=e380016e-3489-43b9-9f3c-71e3ad62c659
2019-10-04 02:49:03,119 [main] INFO  impl.RoleInfo (RoleInfo.java:shutdownFollowerState(121)) - e380016e-3489-43b9-9f3c-71e3ad62c659: shutdown FollowerState
2019-10-04 02:49:03,119 [main] INFO  impl.StateMachineUpdater (StateMachineUpdater.java:stopAndJoin(136)) - e380016e-3489-43b9-9f3c-71e3ad62c659@group-BACDF191FE77-StateMachineUpdater: set stopIndex = 2
2019-10-04 02:49:03,119 [e380016e-3489-43b9-9f3c-71e3ad62c659@group-BACDF191FE77-StateMachineUpdater] INFO  ratis.ContainerStateMachine (ContainerStateMachine.java:takeSnapshot(293)) - group-BACDF191FE77: Taking a snapshot at:(t:1, i:1) file /workdir/hadoop-ozone/integration-test/target/test-dir/MiniOzoneClusterImpl-68127e83-87a8-436e-a22b-35b6c2951a0a/datanode-2/data/ratis/8f1a2581-79dc-4915-afd9-bacdf191fe77/sm/snapshot.1_1
2019-10-04 02:49:03,119 [Thread-1541] INFO  impl.FollowerState (FollowerState.java:run(117)) - e380016e-3489-43b9-9f3c-71e3ad62c659@group-BACDF191FE77-FollowerState was interrupted: java.lang.InterruptedException: sleep interrupted
2019-10-04 02:49:03,135 [e380016e-3489-43b9-9f3c-71e3ad62c659@group-BACDF191FE77-StateMachineUpdater] INFO  ratis.ContainerStateMachine (ContainerStateMachine.java:takeSnapshot(304)) - group-BACDF191FE77: Finished taking a snapshot at:(t:1, i:1) file:/workdir/hadoop-ozone/integration-test/target/test-dir/MiniOzoneClusterImpl-68127e83-87a8-436e-a22b-35b6c2951a0a/datanode-2/data/ratis/8f1a2581-79dc-4915-afd9-bacdf191fe77/sm/snapshot.1_1 time:16
2019-10-04 02:49:03,135 [e380016e-3489-43b9-9f3c-71e3ad62c659@group-BACDF191FE77-StateMachineUpdater] INFO  impl.StateMachineUpdater (StateMachineUpdater.java:takeSnapshot(269)) - e380016e-3489-43b9-9f3c-71e3ad62c659@group-BACDF191FE77-StateMachineUpdater: Took a snapshot at index 1
2019-10-04 02:49:03,136 [e380016e-3489-43b9-9f3c-71e3ad62c659@group-BACDF191FE77-StateMachineUpdater] INFO  impl.StateMachineUpdater (StateMachineUpdater.java:lambda$new$0(84)) - e380016e-3489-43b9-9f3c-71e3ad62c659@group-BACDF191FE77-StateMachineUpdater: snapshotIndex: updateIncreasingly -1 -> 1
2019-10-04 02:49:03,136 [e380016e-3489-43b9-9f3c-71e3ad62c659@group-BACDF191FE77-StateMachineUpdater] INFO  ratis.ContainerStateMachine (ContainerStateMachine.java:takeSnapshot(293)) - group-BACDF191FE77: Taking a snapshot at:(t:1, i:1) file /workdir/hadoop-ozone/integration-test/target/test-dir/MiniOzoneClusterImpl-68127e83-87a8-436e-a22b-35b6c2951a0a/datanode-2/data/ratis/8f1a2581-79dc-4915-afd9-bacdf191fe77/sm/snapshot.1_1
2019-10-04 02:49:03,148 [e380016e-3489-43b9-9f3c-71e3ad62c659@group-BACDF191FE77-StateMachineUpdater] INFO  ratis.ContainerStateMachine (ContainerStateMachine.java:takeSnapshot(304)) - group-BACDF191FE77: Finished taking a snapshot at:(t:1, i:1) file:/workdir/hadoop-ozone/integration-test/target/test-dir/MiniOzoneClusterImpl-68127e83-87a8-436e-a22b-35b6c2951a0a/datanode-2/data/ratis/8f1a2581-79dc-4915-afd9-bacdf191fe77/sm/snapshot.1_1 time:12
2019-10-04 02:49:03,148 [e380016e-3489-43b9-9f3c-71e3ad62c659@group-BACDF191FE77-StateMachineUpdater] INFO  impl.StateMachineUpdater (StateMachineUpdater.java:takeSnapshot(269)) - e380016e-3489-43b9-9f3c-71e3ad62c659@group-BACDF191FE77-StateMachineUpdater: Took a snapshot at index 1
2019-10-04 02:49:03,149 [e380016e-3489-43b9-9f3c-71e3ad62c659@group-BACDF191FE77-StateMachineUpdater] INFO  impl.StateMachineUpdater (StateMachineUpdater.java:lambda$new$0(84)) - e380016e-3489-43b9-9f3c-71e3ad62c659@group-BACDF191FE77-StateMachineUpdater: snapshotIndex: updateIncreasingly 1 -> 1
2019-10-04 02:49:03,149 [main] INFO  impl.RaftServerImpl (ServerState.java:close(387)) - e380016e-3489-43b9-9f3c-71e3ad62c659@group-BACDF191FE77: closes. applyIndex: 2
2019-10-04 02:49:03,150 [e380016e-3489-43b9-9f3c-71e3ad62c659@group-BACDF191FE77-SegmentedRaftLogWorker] INFO  segmented.SegmentedRaftLogWorker (SegmentedRaftLogWorker.java:run(316)) - e380016e-3489-43b9-9f3c-71e3ad62c659@group-BACDF191FE77-SegmentedRaftLogWorker was interrupted, exiting. There are 0 tasks remaining in the queue.
2019-10-04 02:49:03,153 [main] INFO  segmented.SegmentedRaftLogWorker (SegmentedRaftLogWorker.java:close(224)) - e380016e-3489-43b9-9f3c-71e3ad62c659@group-BACDF191FE77-SegmentedRaftLogWorker close()
2019-10-04 02:49:03,158 [main] INFO  impl.RaftServerImpl (RaftServerImpl.java:lambda$shutdown$3(247)) - e380016e-3489-43b9-9f3c-71e3ad62c659@group-D79C4C8A01A8: shutdown
2019-10-04 02:49:03,158 [main] INFO  util.JmxRegister (JmxRegister.java:unregister(73)) - Successfully un-registered JMX Bean with object name Ratis:service=RaftServer,group=group-D79C4C8A01A8,id=e380016e-3489-43b9-9f3c-71e3ad62c659
2019-10-04 02:49:03,158 [main] INFO  impl.RoleInfo (RoleInfo.java:shutdownLeaderState(104)) - e380016e-3489-43b9-9f3c-71e3ad62c659: shutdown LeaderState
2019-10-04 02:49:03,159 [main] INFO  impl.PendingRequests (PendingRequests.java:sendNotLeaderResponses(202)) - e380016e-3489-43b9-9f3c-71e3ad62c659@group-D79C4C8A01A8-PendingRequests: sendNotLeaderResponses
2019-10-04 02:49:03,159 [main] INFO  impl.StateMachineUpdater (StateMachineUpdater.java:stopAndJoin(136)) - e380016e-3489-43b9-9f3c-71e3ad62c659@group-D79C4C8A01A8-StateMachineUpdater: set stopIndex = 0
2019-10-04 02:49:03,159 [main] INFO  impl.RaftServerImpl (ServerState.java:close(387)) - e380016e-3489-43b9-9f3c-71e3ad62c659@group-D79C4C8A01A8: closes. applyIndex: 0
2019-10-04 02:49:03,160 [e380016e-3489-43b9-9f3c-71e3ad62c659@group-D79C4C8A01A8-SegmentedRaftLogWorker] INFO  segmented.SegmentedRaftLogWorker (SegmentedRaftLogWorker.java:run(316)) - e380016e-3489-43b9-9f3c-71e3ad62c659@group-D79C4C8A01A8-SegmentedRaftLogWorker was interrupted, exiting. There are 0 tasks remaining in the queue.
2019-10-04 02:49:03,162 [main] INFO  segmented.SegmentedRaftLogWorker (SegmentedRaftLogWorker.java:close(224)) - e380016e-3489-43b9-9f3c-71e3ad62c659@group-D79C4C8A01A8-SegmentedRaftLogWorker close()
2019-10-04 02:49:03,165 [main] INFO  server.GrpcService (GrpcService.java:closeImpl(164)) - e380016e-3489-43b9-9f3c-71e3ad62c659: shutdown server with port 44558 now
2019-10-04 02:49:03,167 [grpc-default-executor-8] WARN  server.GrpcServerProtocolService (LogUtils.java:warn(134)) - e380016e-3489-43b9-9f3c-71e3ad62c659: installSnapshot onError, lastRequest: b83a6a27-b6a1-4e2a-a9cc-dc8f8dad53d5->e380016e-3489-43b9-9f3c-71e3ad62c659#7-t1, previous=(t:1, i:2), leaderCommit=2, initializing? false, entries: <empty>: org.apache.ratis.thirdparty.io.grpc.StatusRuntimeException: CANCELLED: cancelled before receiving half close
2019-10-04 02:49:03,167 [main] INFO  server.GrpcService (GrpcService.java:closeImpl(172)) - e380016e-3489-43b9-9f3c-71e3ad62c659: shutdown server with port 44558 successfully
2019-10-04 02:49:03,167 [grpc-default-executor-6] WARN  server.GrpcLogAppender (LogUtils.java:warn(134)) - b83a6a27-b6a1-4e2a-a9cc-dc8f8dad53d5@group-BACDF191FE77->e380016e-3489-43b9-9f3c-71e3ad62c659-AppendLogResponseHandler: Failed appendEntries: org.apache.ratis.thirdparty.io.grpc.StatusRuntimeException: CANCELLED: HTTP/2 error code: CANCEL
Received Rst Stream
2019-10-04 02:49:03,168 [grpc-default-executor-6] INFO  impl.FollowerInfo (FollowerInfo.java:lambda$new$0(51)) - b83a6a27-b6a1-4e2a-a9cc-dc8f8dad53d5@group-BACDF191FE77->e380016e-3489-43b9-9f3c-71e3ad62c659: nextIndex: updateUnconditionally 3 -> 2
2019-10-04 02:49:03,170 [refreshUsed-/workdir/hadoop-ozone/integration-test/target/test-dir/MiniOzoneClusterImpl-68127e83-87a8-436e-a22b-35b6c2951a0a/datanode-2/data/containers] WARN  fs.CachingGetSpaceUsed (CachingGetSpaceUsed.java:run(183)) - Thread Interrupted waiting to refresh disk information: sleep interrupted
2019-10-04 02:49:03,187 [main] INFO  utils.BackgroundService (BackgroundService.java:shutdown(148)) - Shutting down service BlockDeletingService
2019-10-04 02:49:03,193 [main] INFO  statemachine.DatanodeStateMachine (DatanodeStateMachine.java:stopDaemon(395)) - Ozone container server stopped.
2019-10-04 02:49:03,194 [main] INFO  handler.ContextHandler (ContextHandler.java:doStop(910)) - Stopped o.e.j.w.WebAppContext@1cc8416a{/,null,UNAVAILABLE}{/hddsDatanode}
2019-10-04 02:49:03,195 [main] INFO  server.AbstractConnector (AbstractConnector.java:doStop(318)) - Stopped ServerConnector@331ff3ac{HTTP/1.1,[http/1.1]}{0.0.0.0:0}
2019-10-04 02:49:03,195 [main] INFO  handler.ContextHandler (ContextHandler.java:doStop(910)) - Stopped o.e.j.s.ServletContextHandler@6fa2448b{/static,jar:file:/home/user/.m2/repository/org/apache/hadoop/hadoop-hdds-container-service/0.5.0-SNAPSHOT/hadoop-hdds-container-service-0.5.0-SNAPSHOT.jar!/webapps/static,UNAVAILABLE}
2019-10-04 02:49:03,196 [main] INFO  handler.ContextHandler (ContextHandler.java:doStop(910)) - Stopped o.e.j.s.ServletContextHandler@67bb4dcd{/logs,file:///workdir/hadoop-ozone/integration-test/target/log,UNAVAILABLE}
2019-10-04 02:49:05,241 [grpc-default-executor-4] WARN  server.GrpcLogAppender (LogUtils.java:warn(134)) - b83a6a27-b6a1-4e2a-a9cc-dc8f8dad53d5@group-BACDF191FE77->dfe0ab3c-9bcd-4203-8d69-f85e2a82e83f-AppendLogResponseHandler: Failed appendEntries: org.apache.ratis.thirdparty.io.grpc.StatusRuntimeException: UNAVAILABLE: io exception
2019-10-04 02:49:05,241 [grpc-default-executor-4] INFO  impl.FollowerInfo (FollowerInfo.java:lambda$new$0(51)) - b83a6a27-b6a1-4e2a-a9cc-dc8f8dad53d5@group-BACDF191FE77->dfe0ab3c-9bcd-4203-8d69-f85e2a82e83f: nextIndex: updateUnconditionally 0 -> 0
2019-10-04 02:49:05,241 [grpc-default-executor-6] WARN  server.GrpcLogAppender (LogUtils.java:warn(134)) - b83a6a27-b6a1-4e2a-a9cc-dc8f8dad53d5@group-BACDF191FE77->e380016e-3489-43b9-9f3c-71e3ad62c659-AppendLogResponseHandler: Failed appendEntries: org.apache.ratis.thirdparty.io.grpc.StatusRuntimeException: UNAVAILABLE: io exception
2019-10-04 02:49:05,241 [grpc-default-executor-6] INFO  impl.FollowerInfo (FollowerInfo.java:lambda$new$0(51)) - b83a6a27-b6a1-4e2a-a9cc-dc8f8dad53d5@group-BACDF191FE77->e380016e-3489-43b9-9f3c-71e3ad62c659: nextIndex: updateUnconditionally 2 -> 1
2019-10-04 02:49:07,743 [grpc-default-executor-7] WARN  server.GrpcLogAppender (LogUtils.java:warn(134)) - b83a6a27-b6a1-4e2a-a9cc-dc8f8dad53d5@group-BACDF191FE77->dfe0ab3c-9bcd-4203-8d69-f85e2a82e83f-AppendLogResponseHandler: Failed appendEntries: org.apache.ratis.thirdparty.io.grpc.StatusRuntimeException: UNAVAILABLE: io exception
2019-10-04 02:49:07,743 [grpc-default-executor-4] WARN  server.GrpcLogAppender (LogUtils.java:warn(134)) - b83a6a27-b6a1-4e2a-a9cc-dc8f8dad53d5@group-BACDF191FE77->e380016e-3489-43b9-9f3c-71e3ad62c659-AppendLogResponseHandler: Failed appendEntries: org.apache.ratis.thirdparty.io.grpc.StatusRuntimeException: UNAVAILABLE: io exception
2019-10-04 02:49:07,744 [grpc-default-executor-7] INFO  impl.FollowerInfo (FollowerInfo.java:lambda$new$0(51)) - b83a6a27-b6a1-4e2a-a9cc-dc8f8dad53d5@group-BACDF191FE77->dfe0ab3c-9bcd-4203-8d69-f85e2a82e83f: nextIndex: updateUnconditionally 0 -> 0
2019-10-04 02:49:07,744 [grpc-default-executor-4] INFO  impl.FollowerInfo (FollowerInfo.java:lambda$new$0(51)) - b83a6a27-b6a1-4e2a-a9cc-dc8f8dad53d5@group-BACDF191FE77->e380016e-3489-43b9-9f3c-71e3ad62c659: nextIndex: updateUnconditionally 1 -> 0
2019-10-04 02:49:10,244 [grpc-default-executor-8] WARN  server.GrpcLogAppender (LogUtils.java:warn(134)) - b83a6a27-b6a1-4e2a-a9cc-dc8f8dad53d5@group-BACDF191FE77->e380016e-3489-43b9-9f3c-71e3ad62c659-AppendLogResponseHandler: Failed appendEntries: org.apache.ratis.thirdparty.io.grpc.StatusRuntimeException: UNAVAILABLE: io exception
2019-10-04 02:49:10,244 [grpc-default-executor-4] WARN  server.GrpcLogAppender (LogUtils.java:warn(134)) - b83a6a27-b6a1-4e2a-a9cc-dc8f8dad53d5@group-BACDF191FE77->dfe0ab3c-9bcd-4203-8d69-f85e2a82e83f-AppendLogResponseHandler: Failed appendEntries: org.apache.ratis.thirdparty.io.grpc.StatusRuntimeException: UNAVAILABLE: io exception
2019-10-04 02:49:10,245 [grpc-default-executor-8] INFO  impl.FollowerInfo (FollowerInfo.java:lambda$new$0(51)) - b83a6a27-b6a1-4e2a-a9cc-dc8f8dad53d5@group-BACDF191FE77->e380016e-3489-43b9-9f3c-71e3ad62c659: nextIndex: updateUnconditionally 0 -> 0
2019-10-04 02:49:10,245 [grpc-default-executor-4] INFO  impl.FollowerInfo (FollowerInfo.java:lambda$new$0(51)) - b83a6a27-b6a1-4e2a-a9cc-dc8f8dad53d5@group-BACDF191FE77->dfe0ab3c-9bcd-4203-8d69-f85e2a82e83f: nextIndex: updateUnconditionally 0 -> 0
2019-10-04 02:49:12,745 [grpc-default-executor-6] WARN  server.GrpcLogAppender (LogUtils.java:warn(134)) - b83a6a27-b6a1-4e2a-a9cc-dc8f8dad53d5@group-BACDF191FE77->dfe0ab3c-9bcd-4203-8d69-f85e2a82e83f-AppendLogResponseHandler: Failed appendEntries: org.apache.ratis.thirdparty.io.grpc.StatusRuntimeException: UNAVAILABLE: io exception
2019-10-04 02:49:12,745 [grpc-default-executor-2] WARN  server.GrpcLogAppender (LogUtils.java:warn(134)) - b83a6a27-b6a1-4e2a-a9cc-dc8f8dad53d5@group-BACDF191FE77->e380016e-3489-43b9-9f3c-71e3ad62c659-AppendLogResponseHandler: Failed appendEntries: org.apache.ratis.thirdparty.io.grpc.StatusRuntimeException: UNAVAILABLE: io exception
2019-10-04 02:49:12,746 [grpc-default-executor-2] INFO  impl.FollowerInfo (FollowerInfo.java:lambda$new$0(51)) - b83a6a27-b6a1-4e2a-a9cc-dc8f8dad53d5@group-BACDF191FE77->e380016e-3489-43b9-9f3c-71e3ad62c659: nextIndex: updateUnconditionally 0 -> 0
2019-10-04 02:49:12,746 [grpc-default-executor-6] INFO  impl.FollowerInfo (FollowerInfo.java:lambda$new$0(51)) - b83a6a27-b6a1-4e2a-a9cc-dc8f8dad53d5@group-BACDF191FE77->dfe0ab3c-9bcd-4203-8d69-f85e2a82e83f: nextIndex: updateUnconditionally 0 -> 0
2019-10-04 02:49:13,687 [Thread-1614] INFO  client.GrpcClientProtocolService (GrpcClientProtocolService.java:lambda$processClientRequest$0(278)) - Failed RaftClientRequest:client-303C5685160E->b83a6a27-b6a1-4e2a-a9cc-dc8f8dad53d5@group-BACDF191FE77, cid=67, seq=0, Watch-ALL_COMMITTED(49), Message:<EMPTY>, reply=RaftClientReply:client-303C5685160E->b83a6a27-b6a1-4e2a-a9cc-dc8f8dad53d5@group-BACDF191FE77, cid=67, FAILED org.apache.ratis.protocol.NotReplicatedException: Request with call Id 67 and log index 49 is not yet replicated to ALL_COMMITTED, logIndex=49, commits[b83a6a27-b6a1-4e2a-a9cc-dc8f8dad53d5:c2, e380016e-3489-43b9-9f3c-71e3ad62c659:c2, dfe0ab3c-9bcd-4203-8d69-f85e2a82e83f:c2]
2019-10-04 02:49:15,245 [grpc-default-executor-4] WARN  server.GrpcLogAppender (LogUtils.java:warn(134)) - b83a6a27-b6a1-4e2a-a9cc-dc8f8dad53d5@group-BACDF191FE77->e380016e-3489-43b9-9f3c-71e3ad62c659-AppendLogResponseHandler: Failed appendEntries: org.apache.ratis.thirdparty.io.grpc.StatusRuntimeException: UNAVAILABLE: io exception
2019-10-04 02:49:15,246 [grpc-default-executor-7] WARN  server.GrpcLogAppender (LogUtils.java:warn(134)) - b83a6a27-b6a1-4e2a-a9cc-dc8f8dad53d5@group-BACDF191FE77->dfe0ab3c-9bcd-4203-8d69-f85e2a82e83f-AppendLogResponseHandler: Failed appendEntries: org.apache.ratis.thirdparty.io.grpc.StatusRuntimeException: UNAVAILABLE: io exception
2019-10-04 02:49:15,249 [grpc-default-executor-4] INFO  impl.FollowerInfo (FollowerInfo.java:lambda$new$0(51)) - b83a6a27-b6a1-4e2a-a9cc-dc8f8dad53d5@group-BACDF191FE77->e380016e-3489-43b9-9f3c-71e3ad62c659: nextIndex: updateUnconditionally 0 -> 0
2019-10-04 02:49:15,249 [grpc-default-executor-7] INFO  impl.FollowerInfo (FollowerInfo.java:lambda$new$0(51)) - b83a6a27-b6a1-4e2a-a9cc-dc8f8dad53d5@group-BACDF191FE77->dfe0ab3c-9bcd-4203-8d69-f85e2a82e83f: nextIndex: updateUnconditionally 0 -> 0
2019-10-04 02:49:17,746 [grpc-default-executor-4] WARN  server.GrpcLogAppender (LogUtils.java:warn(134)) - b83a6a27-b6a1-4e2a-a9cc-dc8f8dad53d5@group-BACDF191FE77->dfe0ab3c-9bcd-4203-8d69-f85e2a82e83f-AppendLogResponseHandler: Failed appendEntries: org.apache.ratis.thirdparty.io.grpc.StatusRuntimeException: UNAVAILABLE: io exception
2019-10-04 02:49:17,746 [grpc-default-executor-7] WARN  server.GrpcLogAppender (LogUtils.java:warn(134)) - b83a6a27-b6a1-4e2a-a9cc-dc8f8dad53d5@group-BACDF191FE77->e380016e-3489-43b9-9f3c-71e3ad62c659-AppendLogResponseHandler: Failed appendEntries: org.apache.ratis.thirdparty.io.grpc.StatusRuntimeException: UNAVAILABLE: io exception
2019-10-04 02:49:17,747 [grpc-default-executor-4] INFO  impl.FollowerInfo (FollowerInfo.java:lambda$new$0(51)) - b83a6a27-b6a1-4e2a-a9cc-dc8f8dad53d5@group-BACDF191FE77->dfe0ab3c-9bcd-4203-8d69-f85e2a82e83f: nextIndex: updateUnconditionally 0 -> 0
2019-10-04 02:49:17,747 [grpc-default-executor-7] INFO  impl.FollowerInfo (FollowerInfo.java:lambda$new$0(51)) - b83a6a27-b6a1-4e2a-a9cc-dc8f8dad53d5@group-BACDF191FE77->e380016e-3489-43b9-9f3c-71e3ad62c659: nextIndex: updateUnconditionally 0 -> 0
2019-10-04 02:49:20,247 [grpc-default-executor-8] WARN  server.GrpcLogAppender (LogUtils.java:warn(134)) - b83a6a27-b6a1-4e2a-a9cc-dc8f8dad53d5@group-BACDF191FE77->e380016e-3489-43b9-9f3c-71e3ad62c659-AppendLogResponseHandler: Failed appendEntries: org.apache.ratis.thirdparty.io.grpc.StatusRuntimeException: UNAVAILABLE: io exception
2019-10-04 02:49:20,247 [grpc-default-executor-4] WARN  server.GrpcLogAppender (LogUtils.java:warn(134)) - b83a6a27-b6a1-4e2a-a9cc-dc8f8dad53d5@group-BACDF191FE77->dfe0ab3c-9bcd-4203-8d69-f85e2a82e83f-AppendLogResponseHandler: Failed appendEntries: org.apache.ratis.thirdparty.io.grpc.StatusRuntimeException: UNAVAILABLE: io exception
2019-10-04 02:49:20,247 [grpc-default-executor-8] INFO  impl.FollowerInfo (FollowerInfo.java:lambda$new$0(51)) - b83a6a27-b6a1-4e2a-a9cc-dc8f8dad53d5@group-BACDF191FE77->e380016e-3489-43b9-9f3c-71e3ad62c659: nextIndex: updateUnconditionally 0 -> 0
2019-10-04 02:49:20,247 [grpc-default-executor-4] INFO  impl.FollowerInfo (FollowerInfo.java:lambda$new$0(51)) - b83a6a27-b6a1-4e2a-a9cc-dc8f8dad53d5@group-BACDF191FE77->dfe0ab3c-9bcd-4203-8d69-f85e2a82e83f: nextIndex: updateUnconditionally 0 -> 0
2019-10-04 02:49:22,751 [grpc-default-executor-8] WARN  server.GrpcLogAppender (LogUtils.java:warn(134)) - b83a6a27-b6a1-4e2a-a9cc-dc8f8dad53d5@group-BACDF191FE77->e380016e-3489-43b9-9f3c-71e3ad62c659-AppendLogResponseHandler: Failed appendEntries: org.apache.ratis.thirdparty.io.grpc.StatusRuntimeException: UNAVAILABLE: io exception
2019-10-04 02:49:22,751 [grpc-default-executor-2] WARN  server.GrpcLogAppender (LogUtils.java:warn(134)) - b83a6a27-b6a1-4e2a-a9cc-dc8f8dad53d5@group-BACDF191FE77->dfe0ab3c-9bcd-4203-8d69-f85e2a82e83f-AppendLogResponseHandler: Failed appendEntries: org.apache.ratis.thirdparty.io.grpc.StatusRuntimeException: UNAVAILABLE: io exception
2019-10-04 02:49:22,752 [grpc-default-executor-8] INFO  impl.FollowerInfo (FollowerInfo.java:lambda$new$0(51)) - b83a6a27-b6a1-4e2a-a9cc-dc8f8dad53d5@group-BACDF191FE77->e380016e-3489-43b9-9f3c-71e3ad62c659: nextIndex: updateUnconditionally 0 -> 0
2019-10-04 02:49:22,752 [grpc-default-executor-2] INFO  impl.FollowerInfo (FollowerInfo.java:lambda$new$0(51)) - b83a6a27-b6a1-4e2a-a9cc-dc8f8dad53d5@group-BACDF191FE77->dfe0ab3c-9bcd-4203-8d69-f85e2a82e83f: nextIndex: updateUnconditionally 0 -> 0
2019-10-04 02:49:23,199 [main] WARN  scm.XceiverClientRatis (XceiverClientRatis.java:watchForCommit(292)) - 3 way commit failed on pipeline Pipeline[ Id: 8f1a2581-79dc-4915-afd9-bacdf191fe77, Nodes: dfe0ab3c-9bcd-4203-8d69-f85e2a82e83f{ip: 192.168.164.196, host: pr-hdds-2181-xhd89-2114587330, networkLocation: /default-rack, certSerialId: null}e380016e-3489-43b9-9f3c-71e3ad62c659{ip: 192.168.164.196, host: pr-hdds-2181-xhd89-2114587330, networkLocation: /default-rack, certSerialId: null}b83a6a27-b6a1-4e2a-a9cc-dc8f8dad53d5{ip: 192.168.164.196, host: pr-hdds-2181-xhd89-2114587330, networkLocation: /default-rack, certSerialId: null}, Type:RATIS, Factor:THREE, State:OPEN]
java.util.concurrent.TimeoutException
	at java.util.concurrent.CompletableFuture.timedGet(CompletableFuture.java:1771)
	at java.util.concurrent.CompletableFuture.get(CompletableFuture.java:1915)
	at org.apache.hadoop.hdds.scm.XceiverClientRatis.watchForCommit(XceiverClientRatis.java:289)
	at org.apache.hadoop.ozone.client.rpc.TestWatchForCommit.testWatchForCommitForRetryfailure(TestWatchForCommit.java:345)
	at sun.reflect.NativeMethodAccessorImpl.invoke0(Native Method)
	at sun.reflect.NativeMethodAccessorImpl.invoke(NativeMethodAccessorImpl.java:62)
	at sun.reflect.DelegatingMethodAccessorImpl.invoke(DelegatingMethodAccessorImpl.java:43)
	at java.lang.reflect.Method.invoke(Method.java:498)
	at org.junit.runners.model.FrameworkMethod$1.runReflectiveCall(FrameworkMethod.java:47)
	at org.junit.internal.runners.model.ReflectiveCallable.run(ReflectiveCallable.java:12)
	at org.junit.runners.model.FrameworkMethod.invokeExplosively(FrameworkMethod.java:44)
	at org.junit.internal.runners.statements.InvokeMethod.evaluate(InvokeMethod.java:17)
	at org.junit.runners.ParentRunner.runLeaf(ParentRunner.java:271)
	at org.junit.runners.BlockJUnit4ClassRunner.runChild(BlockJUnit4ClassRunner.java:70)
	at org.junit.runners.BlockJUnit4ClassRunner.runChild(BlockJUnit4ClassRunner.java:50)
	at org.junit.runners.ParentRunner$3.run(ParentRunner.java:238)
	at org.junit.runners.ParentRunner$1.schedule(ParentRunner.java:63)
	at org.junit.runners.ParentRunner.runChildren(ParentRunner.java:236)
	at org.junit.runners.ParentRunner.access$000(ParentRunner.java:53)
	at org.junit.runners.ParentRunner$2.evaluate(ParentRunner.java:229)
	at org.junit.runners.ParentRunner.run(ParentRunner.java:309)
	at org.apache.maven.surefire.junit4.JUnit4Provider.execute(JUnit4Provider.java:365)
	at org.apache.maven.surefire.junit4.JUnit4Provider.executeWithRerun(JUnit4Provider.java:273)
	at org.apache.maven.surefire.junit4.JUnit4Provider.executeTestSet(JUnit4Provider.java:238)
	at org.apache.maven.surefire.junit4.JUnit4Provider.invoke(JUnit4Provider.java:159)
	at org.apache.maven.surefire.booter.ForkedBooter.invokeProviderInSameClassLoader(ForkedBooter.java:384)
	at org.apache.maven.surefire.booter.ForkedBooter.runSuitesInProcess(ForkedBooter.java:345)
	at org.apache.maven.surefire.booter.ForkedBooter.execute(ForkedBooter.java:126)
	at org.apache.maven.surefire.booter.ForkedBooter.main(ForkedBooter.java:418)
2019-10-04 02:49:25,250 [grpc-default-executor-2] WARN  server.GrpcLogAppender (LogUtils.java:warn(134)) - b83a6a27-b6a1-4e2a-a9cc-dc8f8dad53d5@group-BACDF191FE77->e380016e-3489-43b9-9f3c-71e3ad62c659-AppendLogResponseHandler: Failed appendEntries: org.apache.ratis.thirdparty.io.grpc.StatusRuntimeException: UNAVAILABLE: io exception
2019-10-04 02:49:25,250 [grpc-default-executor-6] WARN  server.GrpcLogAppender (LogUtils.java:warn(134)) - b83a6a27-b6a1-4e2a-a9cc-dc8f8dad53d5@group-BACDF191FE77->dfe0ab3c-9bcd-4203-8d69-f85e2a82e83f-AppendLogResponseHandler: Failed appendEntries: org.apache.ratis.thirdparty.io.grpc.StatusRuntimeException: UNAVAILABLE: io exception
2019-10-04 02:49:25,252 [grpc-default-executor-2] INFO  impl.FollowerInfo (FollowerInfo.java:lambda$new$0(51)) - b83a6a27-b6a1-4e2a-a9cc-dc8f8dad53d5@group-BACDF191FE77->e380016e-3489-43b9-9f3c-71e3ad62c659: nextIndex: updateUnconditionally 0 -> 0
2019-10-04 02:49:25,252 [grpc-default-executor-6] INFO  impl.FollowerInfo (FollowerInfo.java:lambda$new$0(51)) - b83a6a27-b6a1-4e2a-a9cc-dc8f8dad53d5@group-BACDF191FE77->dfe0ab3c-9bcd-4203-8d69-f85e2a82e83f: nextIndex: updateUnconditionally 0 -> 0
2019-10-04 02:49:27,682 [Thread-1636] INFO  client.GrpcClientProtocolService (GrpcClientProtocolService.java:lambda$processClientRequest$0(278)) - Failed RaftClientRequest:client-303C5685160E->b83a6a27-b6a1-4e2a-a9cc-dc8f8dad53d5@group-BACDF191FE77, cid=67, seq=0, Watch-ALL_COMMITTED(49), Message:<EMPTY>, reply=RaftClientReply:client-303C5685160E->b83a6a27-b6a1-4e2a-a9cc-dc8f8dad53d5@group-BACDF191FE77, cid=67, FAILED org.apache.ratis.protocol.NotReplicatedException: Request with call Id 67 and log index 49 is not yet replicated to ALL_COMMITTED, logIndex=49, commits[b83a6a27-b6a1-4e2a-a9cc-dc8f8dad53d5:c2, e380016e-3489-43b9-9f3c-71e3ad62c659:c2, dfe0ab3c-9bcd-4203-8d69-f85e2a82e83f:c2]
2019-10-04 02:49:27,750 [grpc-default-executor-6] WARN  server.GrpcLogAppender (LogUtils.java:warn(134)) - b83a6a27-b6a1-4e2a-a9cc-dc8f8dad53d5@group-BACDF191FE77->e380016e-3489-43b9-9f3c-71e3ad62c659-AppendLogResponseHandler: Failed appendEntries: org.apache.ratis.thirdparty.io.grpc.StatusRuntimeException: UNAVAILABLE: io exception
2019-10-04 02:49:27,750 [grpc-default-executor-2] WARN  server.GrpcLogAppender (LogUtils.java:warn(134)) - b83a6a27-b6a1-4e2a-a9cc-dc8f8dad53d5@group-BACDF191FE77->dfe0ab3c-9bcd-4203-8d69-f85e2a82e83f-AppendLogResponseHandler: Failed appendEntries: org.apache.ratis.thirdparty.io.grpc.StatusRuntimeException: UNAVAILABLE: io exception
2019-10-04 02:49:27,753 [grpc-default-executor-6] INFO  impl.FollowerInfo (FollowerInfo.java:lambda$new$0(51)) - b83a6a27-b6a1-4e2a-a9cc-dc8f8dad53d5@group-BACDF191FE77->e380016e-3489-43b9-9f3c-71e3ad62c659: nextIndex: updateUnconditionally 0 -> 0
2019-10-04 02:49:27,754 [grpc-default-executor-2] INFO  impl.FollowerInfo (FollowerInfo.java:lambda$new$0(51)) - b83a6a27-b6a1-4e2a-a9cc-dc8f8dad53d5@group-BACDF191FE77->dfe0ab3c-9bcd-4203-8d69-f85e2a82e83f: nextIndex: updateUnconditionally 0 -> 0
2019-10-04 02:49:30,251 [grpc-default-executor-7] WARN  server.GrpcLogAppender (LogUtils.java:warn(134)) - b83a6a27-b6a1-4e2a-a9cc-dc8f8dad53d5@group-BACDF191FE77->e380016e-3489-43b9-9f3c-71e3ad62c659-AppendLogResponseHandler: Failed appendEntries: org.apache.ratis.thirdparty.io.grpc.StatusRuntimeException: UNAVAILABLE: io exception
2019-10-04 02:49:30,251 [grpc-default-executor-6] WARN  server.GrpcLogAppender (LogUtils.java:warn(134)) - b83a6a27-b6a1-4e2a-a9cc-dc8f8dad53d5@group-BACDF191FE77->dfe0ab3c-9bcd-4203-8d69-f85e2a82e83f-AppendLogResponseHandler: Failed appendEntries: org.apache.ratis.thirdparty.io.grpc.StatusRuntimeException: UNAVAILABLE: io exception
2019-10-04 02:49:30,251 [grpc-default-executor-7] INFO  impl.FollowerInfo (FollowerInfo.java:lambda$new$0(51)) - b83a6a27-b6a1-4e2a-a9cc-dc8f8dad53d5@group-BACDF191FE77->e380016e-3489-43b9-9f3c-71e3ad62c659: nextIndex: updateUnconditionally 0 -> 0
2019-10-04 02:49:30,251 [grpc-default-executor-6] INFO  impl.FollowerInfo (FollowerInfo.java:lambda$new$0(51)) - b83a6a27-b6a1-4e2a-a9cc-dc8f8dad53d5@group-BACDF191FE77->dfe0ab3c-9bcd-4203-8d69-f85e2a82e83f: nextIndex: updateUnconditionally 0 -> 0
2019-10-04 02:49:32,753 [grpc-default-executor-7] WARN  server.GrpcLogAppender (LogUtils.java:warn(134)) - b83a6a27-b6a1-4e2a-a9cc-dc8f8dad53d5@group-BACDF191FE77->e380016e-3489-43b9-9f3c-71e3ad62c659-AppendLogResponseHandler: Failed appendEntries: org.apache.ratis.thirdparty.io.grpc.StatusRuntimeException: UNAVAILABLE: io exception
2019-10-04 02:49:32,753 [grpc-default-executor-4] WARN  server.GrpcLogAppender (LogUtils.java:warn(134)) - b83a6a27-b6a1-4e2a-a9cc-dc8f8dad53d5@group-BACDF191FE77->dfe0ab3c-9bcd-4203-8d69-f85e2a82e83f-AppendLogResponseHandler: Failed appendEntries: org.apache.ratis.thirdparty.io.grpc.StatusRuntimeException: UNAVAILABLE: io exception
2019-10-04 02:49:32,753 [grpc-default-executor-7] INFO  impl.FollowerInfo (FollowerInfo.java:lambda$new$0(51)) - b83a6a27-b6a1-4e2a-a9cc-dc8f8dad53d5@group-BACDF191FE77->e380016e-3489-43b9-9f3c-71e3ad62c659: nextIndex: updateUnconditionally 0 -> 0
2019-10-04 02:49:32,753 [grpc-default-executor-4] INFO  impl.FollowerInfo (FollowerInfo.java:lambda$new$0(51)) - b83a6a27-b6a1-4e2a-a9cc-dc8f8dad53d5@group-BACDF191FE77->dfe0ab3c-9bcd-4203-8d69-f85e2a82e83f: nextIndex: updateUnconditionally 0 -> 0
2019-10-04 02:49:35,253 [grpc-default-executor-2] WARN  server.GrpcLogAppender (LogUtils.java:warn(134)) - b83a6a27-b6a1-4e2a-a9cc-dc8f8dad53d5@group-BACDF191FE77->dfe0ab3c-9bcd-4203-8d69-f85e2a82e83f-AppendLogResponseHandler: Failed appendEntries: org.apache.ratis.thirdparty.io.grpc.StatusRuntimeException: UNAVAILABLE: io exception
2019-10-04 02:49:35,253 [grpc-default-executor-4] WARN  server.GrpcLogAppender (LogUtils.java:warn(134)) - b83a6a27-b6a1-4e2a-a9cc-dc8f8dad53d5@group-BACDF191FE77->e380016e-3489-43b9-9f3c-71e3ad62c659-AppendLogResponseHandler: Failed appendEntries: org.apache.ratis.thirdparty.io.grpc.StatusRuntimeException: UNAVAILABLE: io exception
2019-10-04 02:49:35,254 [grpc-default-executor-2] INFO  impl.FollowerInfo (FollowerInfo.java:lambda$new$0(51)) - b83a6a27-b6a1-4e2a-a9cc-dc8f8dad53d5@group-BACDF191FE77->dfe0ab3c-9bcd-4203-8d69-f85e2a82e83f: nextIndex: updateUnconditionally 0 -> 0
2019-10-04 02:49:35,254 [grpc-default-executor-4] INFO  impl.FollowerInfo (FollowerInfo.java:lambda$new$0(51)) - b83a6a27-b6a1-4e2a-a9cc-dc8f8dad53d5@group-BACDF191FE77->e380016e-3489-43b9-9f3c-71e3ad62c659: nextIndex: updateUnconditionally 0 -> 0
2019-10-04 02:49:36,682 [Thread-1653] INFO  client.GrpcClientProtocolService (GrpcClientProtocolService.java:lambda$processClientRequest$0(278)) - Failed RaftClientRequest:client-303C5685160E->b83a6a27-b6a1-4e2a-a9cc-dc8f8dad53d5@group-BACDF191FE77, cid=68, seq=0, Watch-MAJORITY_COMMITTED(49), Message:<EMPTY>, reply=RaftClientReply:client-303C5685160E->b83a6a27-b6a1-4e2a-a9cc-dc8f8dad53d5@group-BACDF191FE77, cid=68, FAILED org.apache.ratis.protocol.NotReplicatedException: Request with call Id 68 and log index 49 is not yet replicated to MAJORITY_COMMITTED, logIndex=49, commits[b83a6a27-b6a1-4e2a-a9cc-dc8f8dad53d5:c2, e380016e-3489-43b9-9f3c-71e3ad62c659:c2, dfe0ab3c-9bcd-4203-8d69-f85e2a82e83f:c2]
2019-10-04 02:49:36,683 [Thread-1654] INFO  client.GrpcClientProtocolService (GrpcClientProtocolService.java:lambda$processClientRequest$0(278)) - Failed RaftClientRequest:client-303C5685160E->b83a6a27-b6a1-4e2a-a9cc-dc8f8dad53d5@group-BACDF191FE77, cid=67, seq=0, Watch-ALL_COMMITTED(49), Message:<EMPTY>, reply=RaftClientReply:client-303C5685160E->b83a6a27-b6a1-4e2a-a9cc-dc8f8dad53d5@group-BACDF191FE77, cid=67, FAILED org.apache.ratis.protocol.NotReplicatedException: Request with call Id 67 and log index 49 is not yet replicated to ALL_COMMITTED, logIndex=49, commits[b83a6a27-b6a1-4e2a-a9cc-dc8f8dad53d5:c2, e380016e-3489-43b9-9f3c-71e3ad62c659:c2, dfe0ab3c-9bcd-4203-8d69-f85e2a82e83f:c2]
2019-10-04 02:49:37,754 [grpc-default-executor-2] WARN  server.GrpcLogAppender (LogUtils.java:warn(134)) - b83a6a27-b6a1-4e2a-a9cc-dc8f8dad53d5@group-BACDF191FE77->dfe0ab3c-9bcd-4203-8d69-f85e2a82e83f-AppendLogResponseHandler: Failed appendEntries: org.apache.ratis.thirdparty.io.grpc.StatusRuntimeException: UNAVAILABLE: io exception
2019-10-04 02:49:37,754 [grpc-default-executor-7] WARN  server.GrpcLogAppender (LogUtils.java:warn(134)) - b83a6a27-b6a1-4e2a-a9cc-dc8f8dad53d5@group-BACDF191FE77->e380016e-3489-43b9-9f3c-71e3ad62c659-AppendLogResponseHandler: Failed appendEntries: org.apache.ratis.thirdparty.io.grpc.StatusRuntimeException: UNAVAILABLE: io exception
2019-10-04 02:49:37,757 [grpc-default-executor-2] INFO  impl.FollowerInfo (FollowerInfo.java:lambda$new$0(51)) - b83a6a27-b6a1-4e2a-a9cc-dc8f8dad53d5@group-BACDF191FE77->dfe0ab3c-9bcd-4203-8d69-f85e2a82e83f: nextIndex: updateUnconditionally 0 -> 0
2019-10-04 02:49:37,758 [grpc-default-executor-7] INFO  impl.FollowerInfo (FollowerInfo.java:lambda$new$0(51)) - b83a6a27-b6a1-4e2a-a9cc-dc8f8dad53d5@group-BACDF191FE77->e380016e-3489-43b9-9f3c-71e3ad62c659: nextIndex: updateUnconditionally 0 -> 0
2019-10-04 02:49:40,257 [grpc-default-executor-2] WARN  server.GrpcLogAppender (LogUtils.java:warn(134)) - b83a6a27-b6a1-4e2a-a9cc-dc8f8dad53d5@group-BACDF191FE77->e380016e-3489-43b9-9f3c-71e3ad62c659-AppendLogResponseHandler: Failed appendEntries: org.apache.ratis.thirdparty.io.grpc.StatusRuntimeException: UNAVAILABLE: io exception
2019-10-04 02:49:40,257 [grpc-default-executor-7] WARN  server.GrpcLogAppender (LogUtils.java:warn(134)) - b83a6a27-b6a1-4e2a-a9cc-dc8f8dad53d5@group-BACDF191FE77->dfe0ab3c-9bcd-4203-8d69-f85e2a82e83f-AppendLogResponseHandler: Failed appendEntries: org.apache.ratis.thirdparty.io.grpc.StatusRuntimeException: UNAVAILABLE: io exception
2019-10-04 02:49:40,258 [grpc-default-executor-2] INFO  impl.FollowerInfo (FollowerInfo.java:lambda$new$0(51)) - b83a6a27-b6a1-4e2a-a9cc-dc8f8dad53d5@group-BACDF191FE77->e380016e-3489-43b9-9f3c-71e3ad62c659: nextIndex: updateUnconditionally 0 -> 0
2019-10-04 02:49:40,258 [grpc-default-executor-7] INFO  impl.FollowerInfo (FollowerInfo.java:lambda$new$0(51)) - b83a6a27-b6a1-4e2a-a9cc-dc8f8dad53d5@group-BACDF191FE77->dfe0ab3c-9bcd-4203-8d69-f85e2a82e83f: nextIndex: updateUnconditionally 0 -> 0
2019-10-04 02:49:42,760 [grpc-default-executor-7] WARN  server.GrpcLogAppender (LogUtils.java:warn(134)) - b83a6a27-b6a1-4e2a-a9cc-dc8f8dad53d5@group-BACDF191FE77->dfe0ab3c-9bcd-4203-8d69-f85e2a82e83f-AppendLogResponseHandler: Failed appendEntries: org.apache.ratis.thirdparty.io.grpc.StatusRuntimeException: UNAVAILABLE: io exception
2019-10-04 02:49:42,760 [grpc-default-executor-2] WARN  server.GrpcLogAppender (LogUtils.java:warn(134)) - b83a6a27-b6a1-4e2a-a9cc-dc8f8dad53d5@group-BACDF191FE77->e380016e-3489-43b9-9f3c-71e3ad62c659-AppendLogResponseHandler: Failed appendEntries: org.apache.ratis.thirdparty.io.grpc.StatusRuntimeException: UNAVAILABLE: io exception
2019-10-04 02:49:42,761 [grpc-default-executor-7] INFO  impl.FollowerInfo (FollowerInfo.java:lambda$new$0(51)) - b83a6a27-b6a1-4e2a-a9cc-dc8f8dad53d5@group-BACDF191FE77->dfe0ab3c-9bcd-4203-8d69-f85e2a82e83f: nextIndex: updateUnconditionally 0 -> 0
2019-10-04 02:49:42,761 [grpc-default-executor-2] INFO  impl.FollowerInfo (FollowerInfo.java:lambda$new$0(51)) - b83a6a27-b6a1-4e2a-a9cc-dc8f8dad53d5@group-BACDF191FE77->e380016e-3489-43b9-9f3c-71e3ad62c659: nextIndex: updateUnconditionally 0 -> 0
]]></system-out>
    <system-err><![CDATA[Oct 04, 2019 2:48:58 AM org.apache.ratis.thirdparty.io.grpc.internal.SerializingExecutor run
SEVERE: Exception while executing runnable org.apache.ratis.thirdparty.io.grpc.internal.ServerImpl$JumpToApplicationThreadServerStreamListener$1Closed@6e487664
org.apache.ratis.thirdparty.io.grpc.StatusRuntimeException: CANCELLED: call already cancelled
	at org.apache.ratis.thirdparty.io.grpc.Status.asRuntimeException(Status.java:517)
	at org.apache.ratis.thirdparty.io.grpc.stub.ServerCalls$ServerCallStreamObserverImpl.onCompleted(ServerCalls.java:356)
	at org.apache.ratis.grpc.server.GrpcServerProtocolService$ServerRequestStreamObserver.onError(GrpcServerProtocolService.java:121)
	at org.apache.ratis.thirdparty.io.grpc.stub.ServerCalls$StreamingServerCallHandler$StreamingServerCallListener.onCancel(ServerCalls.java:269)
	at org.apache.ratis.thirdparty.io.grpc.internal.ServerCallImpl$ServerStreamListenerImpl.closed(ServerCallImpl.java:293)
	at org.apache.ratis.thirdparty.io.grpc.internal.ServerImpl$JumpToApplicationThreadServerStreamListener$1Closed.runInContext(ServerImpl.java:741)
	at org.apache.ratis.thirdparty.io.grpc.internal.ContextRunnable.run(ContextRunnable.java:37)
	at org.apache.ratis.thirdparty.io.grpc.internal.SerializingExecutor.run(SerializingExecutor.java:123)
	at java.util.concurrent.ThreadPoolExecutor.runWorker(ThreadPoolExecutor.java:1149)
	at java.util.concurrent.ThreadPoolExecutor$Worker.run(ThreadPoolExecutor.java:624)
	at java.lang.Thread.run(Thread.java:748)

Oct 04, 2019 2:49:03 AM org.apache.ratis.thirdparty.io.grpc.internal.SerializingExecutor run
SEVERE: Exception while executing runnable org.apache.ratis.thirdparty.io.grpc.internal.ServerImpl$JumpToApplicationThreadServerStreamListener$1Closed@51237aa
org.apache.ratis.thirdparty.io.grpc.StatusRuntimeException: CANCELLED: call already cancelled
	at org.apache.ratis.thirdparty.io.grpc.Status.asRuntimeException(Status.java:517)
	at org.apache.ratis.thirdparty.io.grpc.stub.ServerCalls$ServerCallStreamObserverImpl.onCompleted(ServerCalls.java:356)
	at org.apache.ratis.grpc.server.GrpcServerProtocolService$ServerRequestStreamObserver.onError(GrpcServerProtocolService.java:121)
	at org.apache.ratis.thirdparty.io.grpc.stub.ServerCalls$StreamingServerCallHandler$StreamingServerCallListener.onCancel(ServerCalls.java:269)
	at org.apache.ratis.thirdparty.io.grpc.internal.ServerCallImpl$ServerStreamListenerImpl.closed(ServerCallImpl.java:293)
	at org.apache.ratis.thirdparty.io.grpc.internal.ServerImpl$JumpToApplicationThreadServerStreamListener$1Closed.runInContext(ServerImpl.java:741)
	at org.apache.ratis.thirdparty.io.grpc.internal.ContextRunnable.run(ContextRunnable.java:37)
	at org.apache.ratis.thirdparty.io.grpc.internal.SerializingExecutor.run(SerializingExecutor.java:123)
	at java.util.concurrent.ThreadPoolExecutor.runWorker(ThreadPoolExecutor.java:1149)
	at java.util.concurrent.ThreadPoolExecutor$Worker.run(ThreadPoolExecutor.java:624)
	at java.lang.Thread.run(Thread.java:748)

]]></system-err>
  </testcase>
  <testcase name="testWatchForCommitForGroupMismatchException" classname="org.apache.hadoop.ozone.client.rpc.TestWatchForCommit" time="32.508"/>
  <testcase name="test2WayCommitForTimeoutException" classname="org.apache.hadoop.ozone.client.rpc.TestWatchForCommit" time="23.037">
    <error type="java.util.concurrent.TimeoutException">java.util.concurrent.TimeoutException
	at java.util.concurrent.CompletableFuture.timedGet(CompletableFuture.java:1771)
	at java.util.concurrent.CompletableFuture.get(CompletableFuture.java:1915)
	at org.apache.hadoop.hdds.scm.XceiverClientRatis.watchForCommit(XceiverClientRatis.java:298)
	at org.apache.hadoop.ozone.client.rpc.TestWatchForCommit.test2WayCommitForTimeoutException(TestWatchForCommit.java:391)
	at sun.reflect.NativeMethodAccessorImpl.invoke0(Native Method)
	at sun.reflect.NativeMethodAccessorImpl.invoke(NativeMethodAccessorImpl.java:62)
	at sun.reflect.DelegatingMethodAccessorImpl.invoke(DelegatingMethodAccessorImpl.java:43)
	at java.lang.reflect.Method.invoke(Method.java:498)
	at org.junit.runners.model.FrameworkMethod$1.runReflectiveCall(FrameworkMethod.java:47)
	at org.junit.internal.runners.model.ReflectiveCallable.run(ReflectiveCallable.java:12)
	at org.junit.runners.model.FrameworkMethod.invokeExplosively(FrameworkMethod.java:44)
	at org.junit.internal.runners.statements.InvokeMethod.evaluate(InvokeMethod.java:17)
	at org.junit.runners.ParentRunner.runLeaf(ParentRunner.java:271)
	at org.junit.runners.BlockJUnit4ClassRunner.runChild(BlockJUnit4ClassRunner.java:70)
	at org.junit.runners.BlockJUnit4ClassRunner.runChild(BlockJUnit4ClassRunner.java:50)
	at org.junit.runners.ParentRunner$3.run(ParentRunner.java:238)
	at org.junit.runners.ParentRunner$1.schedule(ParentRunner.java:63)
	at org.junit.runners.ParentRunner.runChildren(ParentRunner.java:236)
	at org.junit.runners.ParentRunner.access$000(ParentRunner.java:53)
	at org.junit.runners.ParentRunner$2.evaluate(ParentRunner.java:229)
	at org.junit.runners.ParentRunner.run(ParentRunner.java:309)
	at org.apache.maven.surefire.junit4.JUnit4Provider.execute(JUnit4Provider.java:365)
	at org.apache.maven.surefire.junit4.JUnit4Provider.executeWithRerun(JUnit4Provider.java:273)
	at org.apache.maven.surefire.junit4.JUnit4Provider.executeTestSet(JUnit4Provider.java:238)
	at org.apache.maven.surefire.junit4.JUnit4Provider.invoke(JUnit4Provider.java:159)
	at org.apache.maven.surefire.booter.ForkedBooter.invokeProviderInSameClassLoader(ForkedBooter.java:384)
	at org.apache.maven.surefire.booter.ForkedBooter.runSuitesInProcess(ForkedBooter.java:345)
	at org.apache.maven.surefire.booter.ForkedBooter.execute(ForkedBooter.java:126)
	at org.apache.maven.surefire.booter.ForkedBooter.main(ForkedBooter.java:418)
</error>
    <system-out><![CDATA[2019-10-04 02:50:15,739 [main] WARN  server.ServerUtils (ServerUtils.java:getScmDbDir(145)) - ozone.scm.db.dirs is not configured. We recommend adding this setting. Falling back to ozone.metadata.dirs instead.
2019-10-04 02:50:15,755 [main] WARN  server.ServerUtils (ServerUtils.java:getScmDbDir(145)) - ozone.scm.db.dirs is not configured. We recommend adding this setting. Falling back to ozone.metadata.dirs instead.
2019-10-04 02:50:15,755 [main] WARN  server.ServerUtils (ServerUtils.java:getScmDbDir(145)) - ozone.scm.db.dirs is not configured. We recommend adding this setting. Falling back to ozone.metadata.dirs instead.
2019-10-04 02:50:15,755 [main] INFO  db.DBStoreBuilder (DBStoreBuilder.java:addTable(110)) - using custom profile for table: deletedBlocks
2019-10-04 02:50:15,755 [main] INFO  db.DBStoreBuilder (DBStoreBuilder.java:processTables(161)) - Using default column profile:DBProfile.DISK for Table:deletedBlocks
2019-10-04 02:50:15,756 [main] INFO  db.DBStoreBuilder (DBStoreBuilder.java:addTable(110)) - using custom profile for table: validCerts
2019-10-04 02:50:15,756 [main] INFO  db.DBStoreBuilder (DBStoreBuilder.java:processTables(161)) - Using default column profile:DBProfile.DISK for Table:validCerts
2019-10-04 02:50:15,756 [main] INFO  db.DBStoreBuilder (DBStoreBuilder.java:addTable(110)) - using custom profile for table: revokedCerts
2019-10-04 02:50:15,756 [main] INFO  db.DBStoreBuilder (DBStoreBuilder.java:processTables(161)) - Using default column profile:DBProfile.DISK for Table:revokedCerts
2019-10-04 02:50:15,756 [main] INFO  db.DBStoreBuilder (DBStoreBuilder.java:addTable(110)) - using custom profile for table: default
2019-10-04 02:50:15,756 [main] INFO  db.DBStoreBuilder (DBStoreBuilder.java:processTables(167)) - Using default column profile:DBProfile.DISK for Table:default
2019-10-04 02:50:15,756 [main] INFO  db.DBStoreBuilder (DBStoreBuilder.java:getDbProfile(198)) - Using default options. DBProfile.DISK
2019-10-04 02:50:15,978 [main] INFO  net.NodeSchemaLoader (NodeSchemaLoader.java:loadSchemaFromFile(125)) - Loading file from sun.misc.CompoundEnumeration@72ecbcb3
2019-10-04 02:50:15,979 [main] INFO  net.NodeSchemaLoader (NodeSchemaLoader.java:loadSchema(171)) - Loading network topology layer schema file
2019-10-04 02:50:15,982 [main] WARN  server.ServerUtils (ServerUtils.java:sanitizeUserArgs(70)) - ozone.scm.stale.node.interval value = 300000 is larger than max = 100000 based on the key value of ozone.scm.heartbeat.thread.interval, reset to the max value 100000.
2019-10-04 02:50:15,982 [main] WARN  server.ServerUtils (ServerUtils.java:sanitizeUserArgs(70)) - ozone.scm.stale.node.interval value = 300000 is larger than max = 100000 based on the key value of ozone.scm.heartbeat.thread.interval, reset to the max value 100000.
2019-10-04 02:50:15,982 [main] INFO  node.SCMNodeManager (SCMNodeManager.java:<init>(114)) - Entering startup safe mode.
2019-10-04 02:50:15,983 [main] INFO  algorithms.ContainerPlacementPolicyFactory (ContainerPlacementPolicyFactory.java:getPolicy(57)) - Create container placement policy of type org.apache.hadoop.hdds.scm.container.placement.algorithms.SCMContainerPlacementRandom
2019-10-04 02:50:15,983 [main] WARN  server.ServerUtils (ServerUtils.java:getScmDbDir(145)) - ozone.scm.db.dirs is not configured. We recommend adding this setting. Falling back to ozone.metadata.dirs instead.
2019-10-04 02:50:16,060 [main] INFO  pipeline.SCMPipelineManager (SCMPipelineManager.java:initializePipelineState(132)) - No pipeline exists in current db
2019-10-04 02:50:16,060 [main] WARN  server.ServerUtils (ServerUtils.java:getScmDbDir(145)) - ozone.scm.db.dirs is not configured. We recommend adding this setting. Falling back to ozone.metadata.dirs instead.
2019-10-04 02:50:16,138 [main] WARN  events.EventQueue (EventQueue.java:fireEvent(183)) - No event handler registered for event TypedEvent{payloadType=SafeModeStatus, name='SafeModeStatus'}
2019-10-04 02:50:16,138 [main] INFO  ipc.CallQueueManager (CallQueueManager.java:<init>(84)) - Using callQueue: class java.util.concurrent.LinkedBlockingQueue, queueCapacity: 2000, scheduler: class org.apache.hadoop.ipc.DefaultRpcScheduler, ipcBackoff: false.
2019-10-04 02:50:16,139 [Socket Reader #1 for port 42580] INFO  ipc.Server (Server.java:run(1074)) - Starting Socket Reader #1 for port 42580
2019-10-04 02:50:16,143 [main] INFO  ipc.CallQueueManager (CallQueueManager.java:<init>(84)) - Using callQueue: class java.util.concurrent.LinkedBlockingQueue, queueCapacity: 2000, scheduler: class org.apache.hadoop.ipc.DefaultRpcScheduler, ipcBackoff: false.
2019-10-04 02:50:16,143 [Socket Reader #1 for port 38477] INFO  ipc.Server (Server.java:run(1074)) - Starting Socket Reader #1 for port 38477
2019-10-04 02:50:16,146 [main] INFO  ipc.CallQueueManager (CallQueueManager.java:<init>(84)) - Using callQueue: class java.util.concurrent.LinkedBlockingQueue, queueCapacity: 2000, scheduler: class org.apache.hadoop.ipc.DefaultRpcScheduler, ipcBackoff: false.
2019-10-04 02:50:16,146 [Socket Reader #1 for port 40908] INFO  ipc.Server (Server.java:run(1074)) - Starting Socket Reader #1 for port 40908
2019-10-04 02:50:16,150 [main] INFO  hdfs.DFSUtil (DFSUtil.java:httpServerTemplateForNNAndJN(1641)) - Starting Web-server for scm at: http://0.0.0.0:0
2019-10-04 02:50:16,153 [main] INFO  server.AuthenticationFilter (AuthenticationFilter.java:constructSecretProvider(240)) - Unable to initialize FileSignerSecretProvider, falling back to use random secrets.
2019-10-04 02:50:16,154 [main] WARN  http.HttpRequestLog (HttpRequestLog.java:getRequestLog(97)) - Jetty request log can only be enabled using Log4j
2019-10-04 02:50:16,156 [main] INFO  http.HttpServer2 (HttpServer2.java:addGlobalFilter(975)) - Added global filter 'safety' (class=org.apache.hadoop.http.HttpServer2$QuotingInputFilter)
2019-10-04 02:50:16,156 [main] INFO  http.HttpServer2 (HttpServer2.java:addFilter(948)) - Added filter static_user_filter (class=org.apache.hadoop.http.lib.StaticUserWebFilter$StaticUserFilter) to context scm
2019-10-04 02:50:16,157 [main] INFO  http.HttpServer2 (HttpServer2.java:addFilter(958)) - Added filter static_user_filter (class=org.apache.hadoop.http.lib.StaticUserWebFilter$StaticUserFilter) to context logs
2019-10-04 02:50:16,157 [main] INFO  http.HttpServer2 (HttpServer2.java:addFilter(958)) - Added filter static_user_filter (class=org.apache.hadoop.http.lib.StaticUserWebFilter$StaticUserFilter) to context static
2019-10-04 02:50:16,159 [main] INFO  server.StorageContainerManager (StorageContainerManager.java:start(770)) - StorageContainerLocationProtocol RPC server is listening at /0.0.0.0:40908
2019-10-04 02:50:16,161 [main] WARN  impl.MetricsConfig (MetricsConfig.java:loadFirst(134)) - Cannot locate configuration: tried hadoop-metrics2-storagecontainermanager.properties,hadoop-metrics2.properties
2019-10-04 02:50:16,162 [main] INFO  impl.MetricsSystemImpl (MetricsSystemImpl.java:startTimer(374)) - Scheduled Metric snapshot period at 10 second(s).
2019-10-04 02:50:16,163 [main] INFO  impl.MetricsSystemImpl (MetricsSystemImpl.java:start(191)) - StorageContainerManager metrics system started
2019-10-04 02:50:16,451 [main] WARN  impl.MetricsSystemImpl (MetricsSystemImpl.java:register(276)) - Sink prometheus already exists!
2019-10-04 02:50:16,722 [main] INFO  server.SCMClientProtocolServer (SCMClientProtocolServer.java:start(159)) - RPC server for Client  is listening at /0.0.0.0:40908
2019-10-04 02:50:16,722 [IPC Server Responder] INFO  ipc.Server (Server.java:run(1314)) - IPC Server Responder: starting
2019-10-04 02:50:16,722 [IPC Server listener on 40908] INFO  ipc.Server (Server.java:run(1153)) - IPC Server listener on 40908: starting
2019-10-04 02:50:16,732 [main] INFO  server.StorageContainerManager (StorageContainerManager.java:start(780)) - ScmBlockLocationProtocol RPC server is listening at /0.0.0.0:38477
2019-10-04 02:50:16,733 [main] INFO  server.SCMBlockProtocolServer (SCMBlockProtocolServer.java:start(146)) - RPC server for Block Protocol is listening at /0.0.0.0:38477
2019-10-04 02:50:16,733 [IPC Server Responder] INFO  ipc.Server (Server.java:run(1314)) - IPC Server Responder: starting
2019-10-04 02:50:16,733 [IPC Server listener on 38477] INFO  ipc.Server (Server.java:run(1153)) - IPC Server listener on 38477: starting
2019-10-04 02:50:16,738 [main] INFO  server.StorageContainerManager (StorageContainerManager.java:start(784)) - ScmDatanodeProtocl RPC server is listening at /0.0.0.0:42580
2019-10-04 02:50:16,738 [main] INFO  server.SCMDatanodeProtocolServer (SCMDatanodeProtocolServer.java:start(169)) - RPC server for DataNodes is listening at /0.0.0.0:42580
2019-10-04 02:50:16,739 [IPC Server Responder] INFO  ipc.Server (Server.java:run(1314)) - IPC Server Responder: starting
2019-10-04 02:50:16,763 [IPC Server listener on 42580] INFO  ipc.Server (Server.java:run(1153)) - IPC Server listener on 42580: starting
2019-10-04 02:50:16,766 [main] INFO  http.HttpServer2 (HttpServer2.java:bindListener(1191)) - Jetty bound to port 35118
2019-10-04 02:50:16,767 [main] INFO  server.Server (Server.java:doStart(351)) - jetty-9.3.25.v20180904, build timestamp: 2018-09-04T21:11:46Z, git hash: 3ce520221d0240229c862b122d2b06c12a625732
2019-10-04 02:50:16,768 [main] INFO  handler.ContextHandler (ContextHandler.java:doStart(781)) - Started o.e.j.s.ServletContextHandler@7abeabe9{/logs,file:///workdir/hadoop-ozone/integration-test/target/log,AVAILABLE}
2019-10-04 02:50:16,769 [main] INFO  handler.ContextHandler (ContextHandler.java:doStart(781)) - Started o.e.j.s.ServletContextHandler@1b52699c{/static,file:///workdir/hadoop-ozone/integration-test/target/test-classes/webapps/static,AVAILABLE}
2019-10-04 02:50:16,774 [main] INFO  handler.ContextHandler (ContextHandler.java:doStart(781)) - Started o.e.j.w.WebAppContext@3c7b137a{/,file:///workdir/hadoop-ozone/integration-test/target/test-classes/webapps/scm/,AVAILABLE}{/scm}
2019-10-04 02:50:16,776 [main] INFO  server.AbstractConnector (AbstractConnector.java:doStart(278)) - Started ServerConnector@68631b1d{HTTP/1.1,[http/1.1]}{0.0.0.0:35118}
2019-10-04 02:50:16,776 [main] INFO  server.Server (Server.java:doStart(419)) - Started @228162ms
2019-10-04 02:50:16,776 [main] WARN  impl.MetricsSystemImpl (MetricsSystemImpl.java:register(276)) - Sink prometheus already exists!
2019-10-04 02:50:16,777 [main] INFO  server.BaseHttpServer (BaseHttpServer.java:updateConnectorAddress(215)) - HTTP server of SCM is listening at http://0.0.0.0:35118
2019-10-04 02:50:16,782 [main] WARN  server.ServerUtils (ServerUtils.java:getDBPath(222)) - ozone.om.db.dirs is not configured. We recommend adding this setting. Falling back to ozone.metadata.dirs instead.
2019-10-04 02:50:16,783 [org.apache.hadoop.util.JvmPauseMonitor$Monitor@a0c5be] INFO  util.JvmPauseMonitor (JvmPauseMonitor.java:run(188)) - Starting JVM pause monitor
2019-10-04 02:50:16,791 [main] INFO  ha.OMHANodeDetails (OMHANodeDetails.java:loadOMHAConfig(190)) - Configuration either no ozone.om.address set. Falling back to the default OM address /127.0.0.1:0
2019-10-04 02:50:16,792 [main] INFO  ha.OMHANodeDetails (OMHANodeDetails.java:getOMNodeDetails(220)) - OM Service ID is not set. Setting it to the default ID: omServiceIdDefault
2019-10-04 02:50:16,792 [main] WARN  server.ServerUtils (ServerUtils.java:getDBPath(222)) - ozone.om.db.dirs is not configured. We recommend adding this setting. Falling back to ozone.metadata.dirs instead.
2019-10-04 02:50:16,792 [main] WARN  server.ServerUtils (ServerUtils.java:getDBPath(222)) - ozone.om.db.dirs is not configured. We recommend adding this setting. Falling back to ozone.metadata.dirs instead.
2019-10-04 02:50:16,802 [main] WARN  server.ServerUtils (ServerUtils.java:getDBPath(222)) - ozone.om.db.dirs is not configured. We recommend adding this setting. Falling back to ozone.metadata.dirs instead.
2019-10-04 02:50:16,803 [main] INFO  db.DBStoreBuilder (DBStoreBuilder.java:addTable(110)) - using custom profile for table: userTable
2019-10-04 02:50:16,803 [main] INFO  db.DBStoreBuilder (DBStoreBuilder.java:processTables(161)) - Using default column profile:DBProfile.DISK for Table:userTable
2019-10-04 02:50:16,803 [main] INFO  db.DBStoreBuilder (DBStoreBuilder.java:addTable(110)) - using custom profile for table: volumeTable
2019-10-04 02:50:16,803 [main] INFO  db.DBStoreBuilder (DBStoreBuilder.java:processTables(161)) - Using default column profile:DBProfile.DISK for Table:volumeTable
2019-10-04 02:50:16,803 [main] INFO  db.DBStoreBuilder (DBStoreBuilder.java:addTable(110)) - using custom profile for table: bucketTable
2019-10-04 02:50:16,804 [main] INFO  db.DBStoreBuilder (DBStoreBuilder.java:processTables(161)) - Using default column profile:DBProfile.DISK for Table:bucketTable
2019-10-04 02:50:16,804 [main] INFO  db.DBStoreBuilder (DBStoreBuilder.java:addTable(110)) - using custom profile for table: keyTable
2019-10-04 02:50:16,804 [main] INFO  db.DBStoreBuilder (DBStoreBuilder.java:processTables(161)) - Using default column profile:DBProfile.DISK for Table:keyTable
2019-10-04 02:50:16,804 [main] INFO  db.DBStoreBuilder (DBStoreBuilder.java:addTable(110)) - using custom profile for table: deletedTable
2019-10-04 02:50:16,804 [main] INFO  db.DBStoreBuilder (DBStoreBuilder.java:processTables(161)) - Using default column profile:DBProfile.DISK for Table:deletedTable
2019-10-04 02:50:16,805 [main] INFO  db.DBStoreBuilder (DBStoreBuilder.java:addTable(110)) - using custom profile for table: openKeyTable
2019-10-04 02:50:16,805 [main] INFO  db.DBStoreBuilder (DBStoreBuilder.java:processTables(161)) - Using default column profile:DBProfile.DISK for Table:openKeyTable
2019-10-04 02:50:16,805 [main] INFO  db.DBStoreBuilder (DBStoreBuilder.java:addTable(110)) - using custom profile for table: s3Table
2019-10-04 02:50:16,805 [main] INFO  db.DBStoreBuilder (DBStoreBuilder.java:processTables(161)) - Using default column profile:DBProfile.DISK for Table:s3Table
2019-10-04 02:50:16,806 [main] INFO  db.DBStoreBuilder (DBStoreBuilder.java:addTable(110)) - using custom profile for table: multipartInfoTable
2019-10-04 02:50:16,806 [main] INFO  db.DBStoreBuilder (DBStoreBuilder.java:processTables(161)) - Using default column profile:DBProfile.DISK for Table:multipartInfoTable
2019-10-04 02:50:16,806 [main] INFO  db.DBStoreBuilder (DBStoreBuilder.java:addTable(110)) - using custom profile for table: dTokenTable
2019-10-04 02:50:16,806 [main] INFO  db.DBStoreBuilder (DBStoreBuilder.java:processTables(161)) - Using default column profile:DBProfile.DISK for Table:dTokenTable
2019-10-04 02:50:16,806 [main] INFO  db.DBStoreBuilder (DBStoreBuilder.java:addTable(110)) - using custom profile for table: s3SecretTable
2019-10-04 02:50:16,807 [main] INFO  db.DBStoreBuilder (DBStoreBuilder.java:processTables(161)) - Using default column profile:DBProfile.DISK for Table:s3SecretTable
2019-10-04 02:50:16,807 [main] INFO  db.DBStoreBuilder (DBStoreBuilder.java:addTable(110)) - using custom profile for table: prefixTable
2019-10-04 02:50:16,807 [main] INFO  db.DBStoreBuilder (DBStoreBuilder.java:processTables(161)) - Using default column profile:DBProfile.DISK for Table:prefixTable
2019-10-04 02:50:16,807 [main] INFO  db.DBStoreBuilder (DBStoreBuilder.java:addTable(110)) - using custom profile for table: default
2019-10-04 02:50:16,807 [main] INFO  db.DBStoreBuilder (DBStoreBuilder.java:processTables(167)) - Using default column profile:DBProfile.DISK for Table:default
2019-10-04 02:50:16,808 [main] INFO  db.DBStoreBuilder (DBStoreBuilder.java:getDbProfile(198)) - Using default options. DBProfile.DISK
2019-10-04 02:50:17,358 [main] INFO  ipc.CallQueueManager (CallQueueManager.java:<init>(84)) - Using callQueue: class java.util.concurrent.LinkedBlockingQueue, queueCapacity: 2000, scheduler: class org.apache.hadoop.ipc.DefaultRpcScheduler, ipcBackoff: false.
2019-10-04 02:50:17,359 [Socket Reader #1 for port 35857] INFO  ipc.Server (Server.java:run(1074)) - Starting Socket Reader #1 for port 35857
2019-10-04 02:50:17,371 [main] INFO  om.OzoneManager (OzoneManager.java:start(1069)) - OzoneManager RPC server is listening at localhost/127.0.0.1:35857
2019-10-04 02:50:17,371 [main] INFO  impl.MetricsSystemImpl (MetricsSystemImpl.java:init(158)) - OzoneManager metrics system started (again)
2019-10-04 02:50:17,371 [IPC Server Responder] INFO  ipc.Server (Server.java:run(1314)) - IPC Server Responder: starting
2019-10-04 02:50:17,371 [IPC Server listener on 35857] INFO  ipc.Server (Server.java:run(1153)) - IPC Server listener on 35857: starting
2019-10-04 02:50:17,378 [main] INFO  hdfs.DFSUtil (DFSUtil.java:httpServerTemplateForNNAndJN(1641)) - Starting Web-server for ozoneManager at: http://0.0.0.0:0
2019-10-04 02:50:17,379 [main] INFO  server.AuthenticationFilter (AuthenticationFilter.java:constructSecretProvider(240)) - Unable to initialize FileSignerSecretProvider, falling back to use random secrets.
2019-10-04 02:50:17,380 [main] WARN  http.HttpRequestLog (HttpRequestLog.java:getRequestLog(97)) - Jetty request log can only be enabled using Log4j
2019-10-04 02:50:17,381 [main] INFO  http.HttpServer2 (HttpServer2.java:addGlobalFilter(975)) - Added global filter 'safety' (class=org.apache.hadoop.http.HttpServer2$QuotingInputFilter)
2019-10-04 02:50:17,382 [main] INFO  http.HttpServer2 (HttpServer2.java:addFilter(948)) - Added filter static_user_filter (class=org.apache.hadoop.http.lib.StaticUserWebFilter$StaticUserFilter) to context ozoneManager
2019-10-04 02:50:17,382 [main] INFO  http.HttpServer2 (HttpServer2.java:addFilter(958)) - Added filter static_user_filter (class=org.apache.hadoop.http.lib.StaticUserWebFilter$StaticUserFilter) to context logs
2019-10-04 02:50:17,382 [main] INFO  http.HttpServer2 (HttpServer2.java:addFilter(958)) - Added filter static_user_filter (class=org.apache.hadoop.http.lib.StaticUserWebFilter$StaticUserFilter) to context static
2019-10-04 02:50:17,383 [main] INFO  http.HttpServer2 (HttpServer2.java:bindListener(1191)) - Jetty bound to port 45520
2019-10-04 02:50:17,383 [main] INFO  server.Server (Server.java:doStart(351)) - jetty-9.3.25.v20180904, build timestamp: 2018-09-04T21:11:46Z, git hash: 3ce520221d0240229c862b122d2b06c12a625732
2019-10-04 02:50:17,384 [main] INFO  handler.ContextHandler (ContextHandler.java:doStart(781)) - Started o.e.j.s.ServletContextHandler@257f30f7{/logs,file:///workdir/hadoop-ozone/integration-test/target/log,AVAILABLE}
2019-10-04 02:50:17,385 [main] INFO  handler.ContextHandler (ContextHandler.java:doStart(781)) - Started o.e.j.s.ServletContextHandler@1f916219{/static,file:///workdir/hadoop-ozone/integration-test/target/test-classes/webapps/static,AVAILABLE}
2019-10-04 02:50:17,389 [main] INFO  handler.ContextHandler (ContextHandler.java:doStart(781)) - Started o.e.j.w.WebAppContext@2a0b901c{/,file:///workdir/hadoop-ozone/integration-test/target/test-classes/webapps/ozoneManager/,AVAILABLE}{/ozoneManager}
2019-10-04 02:50:17,389 [main] INFO  server.AbstractConnector (AbstractConnector.java:doStart(278)) - Started ServerConnector@3d104c9b{HTTP/1.1,[http/1.1]}{0.0.0.0:45520}
2019-10-04 02:50:17,392 [main] INFO  server.Server (Server.java:doStart(419)) - Started @228777ms
2019-10-04 02:50:17,392 [main] WARN  impl.MetricsSystemImpl (MetricsSystemImpl.java:register(276)) - Sink prometheus already exists!
2019-10-04 02:50:17,392 [main] INFO  server.BaseHttpServer (BaseHttpServer.java:updateConnectorAddress(215)) - HTTP server of OZONEMANAGER is listening at http://0.0.0.0:45520
2019-10-04 02:50:17,417 [main] INFO  impl.MetricsSystemImpl (MetricsSystemImpl.java:init(158)) - HddsDatanode metrics system started (again)
2019-10-04 02:50:17,436 [main] INFO  ozone.HddsDatanodeService (HddsDatanodeService.java:start(184)) - HddsDatanodeService host:pr-hdds-2181-xhd89-2114587330 ip:192.168.164.196
2019-10-04 02:50:17,444 [main] INFO  volume.HddsVolume (HddsVolume.java:<init>(176)) - Creating Volume: /workdir/hadoop-ozone/integration-test/target/test-dir/MiniOzoneClusterImpl-6853f8fe-c5bc-4689-8468-e23c9095c6f3/datanode-0/data/containers/hdds of  storage type : DISK and capacity : 1482555576320
2019-10-04 02:50:17,445 [main] INFO  volume.VolumeSet (VolumeSet.java:initializeVolumeSet(170)) - Added Volume : /workdir/hadoop-ozone/integration-test/target/test-dir/MiniOzoneClusterImpl-6853f8fe-c5bc-4689-8468-e23c9095c6f3/datanode-0/data/containers/hdds to VolumeSet
2019-10-04 02:50:17,445 [main] INFO  volume.ThrottledAsyncChecker (ThrottledAsyncChecker.java:schedule(139)) - Scheduling a check for org.apache.hadoop.ozone.container.common.volume.HddsVolume@256bb5be
2019-10-04 02:50:17,445 [main] INFO  volume.HddsVolumeChecker (HddsVolumeChecker.java:checkAllVolumes(202)) - Scheduled health check for volume org.apache.hadoop.ozone.container.common.volume.HddsVolume@256bb5be
2019-10-04 02:50:17,459 [main] INFO  impl.RaftServerProxy (ConfUtils.java:logGet(43)) - raft.rpc.type = GRPC (default)
2019-10-04 02:50:17,460 [main] INFO  grpc.GrpcFactory (GrpcFactory.java:checkPooledByteBufAllocatorUseCacheForAllThreads(45)) - PERFORMANCE WARNING: useCacheForAllThreads is true that may cause Netty to create a lot garbage objects and, as a result, trigger GC.
	It is recommended to disable useCacheForAllThreads by setting -Dorg.apache.ratis.thirdparty.io.netty.allocator.useCacheForAllThreads=false in command line.
2019-10-04 02:50:17,460 [main] INFO  grpc.GrpcConfigKeys$Server (ConfUtils.java:logGet(43)) - raft.grpc.server.port = 0 (default)
2019-10-04 02:50:17,460 [main] INFO  server.GrpcService (ConfUtils.java:logGet(43)) - raft.grpc.message.size.max = 33570816 (custom)
2019-10-04 02:50:17,460 [main] INFO  server.RaftServerConfigKeys (ConfUtils.java:logGet(43)) - raft.server.log.appender.buffer.byte-limit = 33554432 (custom)
2019-10-04 02:50:17,460 [main] INFO  server.GrpcService (ConfUtils.java:logGet(43)) - raft.grpc.flow.control.window = 1MB (=1048576) (default)
2019-10-04 02:50:17,460 [main] INFO  server.RaftServerConfigKeys (ConfUtils.java:logGet(43)) - raft.server.rpc.request.timeout = 3000ms (default)
2019-10-04 02:50:17,461 [main] INFO  server.RaftServerConfigKeys (ConfUtils.java:logGet(43)) - raft.server.storage.dir = [/workdir/hadoop-ozone/integration-test/target/test-dir/MiniOzoneClusterImpl-6853f8fe-c5bc-4689-8468-e23c9095c6f3/datanode-0/data/ratis] (custom)
2019-10-04 02:50:17,462 [main] INFO  hdfs.DFSUtil (DFSUtil.java:httpServerTemplateForNNAndJN(1641)) - Starting Web-server for hddsDatanode at: http://0.0.0.0:0
2019-10-04 02:50:17,464 [main] INFO  server.AuthenticationFilter (AuthenticationFilter.java:constructSecretProvider(240)) - Unable to initialize FileSignerSecretProvider, falling back to use random secrets.
2019-10-04 02:50:17,464 [main] WARN  http.HttpRequestLog (HttpRequestLog.java:getRequestLog(97)) - Jetty request log can only be enabled using Log4j
2019-10-04 02:50:17,466 [main] INFO  http.HttpServer2 (HttpServer2.java:addGlobalFilter(975)) - Added global filter 'safety' (class=org.apache.hadoop.http.HttpServer2$QuotingInputFilter)
2019-10-04 02:50:17,467 [main] INFO  http.HttpServer2 (HttpServer2.java:addFilter(948)) - Added filter static_user_filter (class=org.apache.hadoop.http.lib.StaticUserWebFilter$StaticUserFilter) to context hddsDatanode
2019-10-04 02:50:17,467 [main] INFO  http.HttpServer2 (HttpServer2.java:addFilter(958)) - Added filter static_user_filter (class=org.apache.hadoop.http.lib.StaticUserWebFilter$StaticUserFilter) to context logs
2019-10-04 02:50:17,467 [main] INFO  http.HttpServer2 (HttpServer2.java:addFilter(958)) - Added filter static_user_filter (class=org.apache.hadoop.http.lib.StaticUserWebFilter$StaticUserFilter) to context static
2019-10-04 02:50:17,468 [main] INFO  http.HttpServer2 (HttpServer2.java:bindListener(1191)) - Jetty bound to port 35606
2019-10-04 02:50:17,468 [main] INFO  server.Server (Server.java:doStart(351)) - jetty-9.3.25.v20180904, build timestamp: 2018-09-04T21:11:46Z, git hash: 3ce520221d0240229c862b122d2b06c12a625732
2019-10-04 02:50:17,470 [main] INFO  handler.ContextHandler (ContextHandler.java:doStart(781)) - Started o.e.j.s.ServletContextHandler@11f23038{/logs,file:///workdir/hadoop-ozone/integration-test/target/log,AVAILABLE}
2019-10-04 02:50:17,470 [main] INFO  handler.ContextHandler (ContextHandler.java:doStart(781)) - Started o.e.j.s.ServletContextHandler@691567ea{/static,jar:file:/home/user/.m2/repository/org/apache/hadoop/hadoop-hdds-container-service/0.5.0-SNAPSHOT/hadoop-hdds-container-service-0.5.0-SNAPSHOT.jar!/webapps/static,AVAILABLE}
2019-10-04 02:50:17,507 [main] INFO  handler.ContextHandler (ContextHandler.java:doStart(781)) - Started o.e.j.w.WebAppContext@27a9f025{/,file:///tmp/jetty-0.0.0.0-35606-hddsDatanode-_-any-994511045715982656.dir/webapp/,AVAILABLE}{/hddsDatanode}
2019-10-04 02:50:17,508 [main] INFO  server.AbstractConnector (AbstractConnector.java:doStart(278)) - Started ServerConnector@71936a92{HTTP/1.1,[http/1.1]}{0.0.0.0:35606}
2019-10-04 02:50:17,511 [main] INFO  server.Server (Server.java:doStart(419)) - Started @228896ms
2019-10-04 02:50:17,511 [main] WARN  impl.MetricsSystemImpl (MetricsSystemImpl.java:register(276)) - Sink prometheus already exists!
2019-10-04 02:50:17,512 [main] INFO  server.BaseHttpServer (BaseHttpServer.java:updateConnectorAddress(215)) - HTTP server of HDDSDATANODE is listening at http://0.0.0.0:35606
2019-10-04 02:50:17,512 [main] INFO  impl.MetricsSystemImpl (MetricsSystemImpl.java:init(158)) - HddsDatanode metrics system started (again)
2019-10-04 02:50:17,529 [org.apache.hadoop.util.JvmPauseMonitor$Monitor@1569c422] INFO  util.JvmPauseMonitor (JvmPauseMonitor.java:run(188)) - Starting JVM pause monitor
2019-10-04 02:50:17,531 [Datanode State Machine Thread - 0] INFO  datanode.InitDatanodeState (InitDatanodeState.java:persistContainerDatanodeDetails(140)) - DatanodeDetails is persisted to /workdir/hadoop-ozone/integration-test/target/test-dir/MiniOzoneClusterImpl-6853f8fe-c5bc-4689-8468-e23c9095c6f3/datanode-0/meta/datanode.id
2019-10-04 02:50:17,531 [main] INFO  ozone.HddsDatanodeService (HddsDatanodeService.java:start(184)) - HddsDatanodeService host:pr-hdds-2181-xhd89-2114587330 ip:192.168.164.196
2019-10-04 02:50:17,540 [main] INFO  volume.HddsVolume (HddsVolume.java:<init>(176)) - Creating Volume: /workdir/hadoop-ozone/integration-test/target/test-dir/MiniOzoneClusterImpl-6853f8fe-c5bc-4689-8468-e23c9095c6f3/datanode-1/data/containers/hdds of  storage type : DISK and capacity : 1482555576320
2019-10-04 02:50:17,540 [main] INFO  volume.VolumeSet (VolumeSet.java:initializeVolumeSet(170)) - Added Volume : /workdir/hadoop-ozone/integration-test/target/test-dir/MiniOzoneClusterImpl-6853f8fe-c5bc-4689-8468-e23c9095c6f3/datanode-1/data/containers/hdds to VolumeSet
2019-10-04 02:50:17,541 [main] INFO  volume.ThrottledAsyncChecker (ThrottledAsyncChecker.java:schedule(139)) - Scheduling a check for org.apache.hadoop.ozone.container.common.volume.HddsVolume@20349058
2019-10-04 02:50:17,541 [main] INFO  volume.HddsVolumeChecker (HddsVolumeChecker.java:checkAllVolumes(202)) - Scheduled health check for volume org.apache.hadoop.ozone.container.common.volume.HddsVolume@20349058
2019-10-04 02:50:17,560 [main] INFO  impl.RaftServerProxy (ConfUtils.java:logGet(43)) - raft.rpc.type = GRPC (default)
2019-10-04 02:50:17,560 [main] INFO  grpc.GrpcFactory (GrpcFactory.java:checkPooledByteBufAllocatorUseCacheForAllThreads(45)) - PERFORMANCE WARNING: useCacheForAllThreads is true that may cause Netty to create a lot garbage objects and, as a result, trigger GC.
	It is recommended to disable useCacheForAllThreads by setting -Dorg.apache.ratis.thirdparty.io.netty.allocator.useCacheForAllThreads=false in command line.
2019-10-04 02:50:17,561 [main] INFO  grpc.GrpcConfigKeys$Server (ConfUtils.java:logGet(43)) - raft.grpc.server.port = 0 (default)
2019-10-04 02:50:17,561 [main] INFO  server.GrpcService (ConfUtils.java:logGet(43)) - raft.grpc.message.size.max = 33570816 (custom)
2019-10-04 02:50:17,561 [main] INFO  server.RaftServerConfigKeys (ConfUtils.java:logGet(43)) - raft.server.log.appender.buffer.byte-limit = 33554432 (custom)
2019-10-04 02:50:17,561 [main] INFO  server.GrpcService (ConfUtils.java:logGet(43)) - raft.grpc.flow.control.window = 1MB (=1048576) (default)
2019-10-04 02:50:17,562 [main] INFO  server.RaftServerConfigKeys (ConfUtils.java:logGet(43)) - raft.server.rpc.request.timeout = 3000ms (default)
2019-10-04 02:50:17,562 [main] INFO  server.RaftServerConfigKeys (ConfUtils.java:logGet(43)) - raft.server.storage.dir = [/workdir/hadoop-ozone/integration-test/target/test-dir/MiniOzoneClusterImpl-6853f8fe-c5bc-4689-8468-e23c9095c6f3/datanode-1/data/ratis] (custom)
2019-10-04 02:50:17,564 [main] INFO  hdfs.DFSUtil (DFSUtil.java:httpServerTemplateForNNAndJN(1641)) - Starting Web-server for hddsDatanode at: http://0.0.0.0:0
2019-10-04 02:50:17,565 [main] INFO  server.AuthenticationFilter (AuthenticationFilter.java:constructSecretProvider(240)) - Unable to initialize FileSignerSecretProvider, falling back to use random secrets.
2019-10-04 02:50:17,566 [main] WARN  http.HttpRequestLog (HttpRequestLog.java:getRequestLog(97)) - Jetty request log can only be enabled using Log4j
2019-10-04 02:50:17,567 [main] INFO  http.HttpServer2 (HttpServer2.java:addGlobalFilter(975)) - Added global filter 'safety' (class=org.apache.hadoop.http.HttpServer2$QuotingInputFilter)
2019-10-04 02:50:17,568 [main] INFO  http.HttpServer2 (HttpServer2.java:addFilter(948)) - Added filter static_user_filter (class=org.apache.hadoop.http.lib.StaticUserWebFilter$StaticUserFilter) to context hddsDatanode
2019-10-04 02:50:17,568 [main] INFO  http.HttpServer2 (HttpServer2.java:addFilter(958)) - Added filter static_user_filter (class=org.apache.hadoop.http.lib.StaticUserWebFilter$StaticUserFilter) to context static
2019-10-04 02:50:17,568 [main] INFO  http.HttpServer2 (HttpServer2.java:addFilter(958)) - Added filter static_user_filter (class=org.apache.hadoop.http.lib.StaticUserWebFilter$StaticUserFilter) to context logs
2019-10-04 02:50:17,569 [main] INFO  http.HttpServer2 (HttpServer2.java:bindListener(1191)) - Jetty bound to port 39538
2019-10-04 02:50:17,569 [main] INFO  server.Server (Server.java:doStart(351)) - jetty-9.3.25.v20180904, build timestamp: 2018-09-04T21:11:46Z, git hash: 3ce520221d0240229c862b122d2b06c12a625732
2019-10-04 02:50:17,572 [main] INFO  handler.ContextHandler (ContextHandler.java:doStart(781)) - Started o.e.j.s.ServletContextHandler@8641b7d{/logs,file:///workdir/hadoop-ozone/integration-test/target/log,AVAILABLE}
2019-10-04 02:50:17,572 [main] INFO  handler.ContextHandler (ContextHandler.java:doStart(781)) - Started o.e.j.s.ServletContextHandler@3fb450d7{/static,jar:file:/home/user/.m2/repository/org/apache/hadoop/hadoop-hdds-container-service/0.5.0-SNAPSHOT/hadoop-hdds-container-service-0.5.0-SNAPSHOT.jar!/webapps/static,AVAILABLE}
2019-10-04 02:50:17,618 [main] INFO  handler.ContextHandler (ContextHandler.java:doStart(781)) - Started o.e.j.w.WebAppContext@6d294ddc{/,file:///tmp/jetty-0.0.0.0-39538-hddsDatanode-_-any-2838286418321306685.dir/webapp/,AVAILABLE}{/hddsDatanode}
2019-10-04 02:50:17,618 [main] INFO  server.AbstractConnector (AbstractConnector.java:doStart(278)) - Started ServerConnector@2801827a{HTTP/1.1,[http/1.1]}{0.0.0.0:39538}
2019-10-04 02:50:17,621 [main] INFO  server.Server (Server.java:doStart(419)) - Started @229007ms
2019-10-04 02:50:17,621 [main] WARN  impl.MetricsSystemImpl (MetricsSystemImpl.java:register(276)) - Sink prometheus already exists!
2019-10-04 02:50:17,622 [main] INFO  server.BaseHttpServer (BaseHttpServer.java:updateConnectorAddress(215)) - HTTP server of HDDSDATANODE is listening at http://0.0.0.0:39538
2019-10-04 02:50:17,622 [main] INFO  impl.MetricsSystemImpl (MetricsSystemImpl.java:init(158)) - HddsDatanode metrics system started (again)
2019-10-04 02:50:17,639 [org.apache.hadoop.util.JvmPauseMonitor$Monitor@39028505] INFO  util.JvmPauseMonitor (JvmPauseMonitor.java:run(188)) - Starting JVM pause monitor
2019-10-04 02:50:17,641 [main] INFO  ozone.HddsDatanodeService (HddsDatanodeService.java:start(184)) - HddsDatanodeService host:pr-hdds-2181-xhd89-2114587330 ip:192.168.164.196
2019-10-04 02:50:17,641 [Datanode State Machine Thread - 0] INFO  datanode.InitDatanodeState (InitDatanodeState.java:persistContainerDatanodeDetails(140)) - DatanodeDetails is persisted to /workdir/hadoop-ozone/integration-test/target/test-dir/MiniOzoneClusterImpl-6853f8fe-c5bc-4689-8468-e23c9095c6f3/datanode-1/meta/datanode.id
2019-10-04 02:50:17,650 [main] INFO  volume.HddsVolume (HddsVolume.java:<init>(176)) - Creating Volume: /workdir/hadoop-ozone/integration-test/target/test-dir/MiniOzoneClusterImpl-6853f8fe-c5bc-4689-8468-e23c9095c6f3/datanode-2/data/containers/hdds of  storage type : DISK and capacity : 1482555576320
2019-10-04 02:50:17,650 [main] INFO  volume.VolumeSet (VolumeSet.java:initializeVolumeSet(170)) - Added Volume : /workdir/hadoop-ozone/integration-test/target/test-dir/MiniOzoneClusterImpl-6853f8fe-c5bc-4689-8468-e23c9095c6f3/datanode-2/data/containers/hdds to VolumeSet
2019-10-04 02:50:17,650 [main] INFO  volume.ThrottledAsyncChecker (ThrottledAsyncChecker.java:schedule(139)) - Scheduling a check for org.apache.hadoop.ozone.container.common.volume.HddsVolume@3f6cce7f
2019-10-04 02:50:17,652 [main] INFO  volume.HddsVolumeChecker (HddsVolumeChecker.java:checkAllVolumes(202)) - Scheduled health check for volume org.apache.hadoop.ozone.container.common.volume.HddsVolume@3f6cce7f
2019-10-04 02:50:17,665 [main] INFO  impl.RaftServerProxy (ConfUtils.java:logGet(43)) - raft.rpc.type = GRPC (default)
2019-10-04 02:50:17,665 [main] INFO  grpc.GrpcFactory (GrpcFactory.java:checkPooledByteBufAllocatorUseCacheForAllThreads(45)) - PERFORMANCE WARNING: useCacheForAllThreads is true that may cause Netty to create a lot garbage objects and, as a result, trigger GC.
	It is recommended to disable useCacheForAllThreads by setting -Dorg.apache.ratis.thirdparty.io.netty.allocator.useCacheForAllThreads=false in command line.
2019-10-04 02:50:17,666 [main] INFO  grpc.GrpcConfigKeys$Server (ConfUtils.java:logGet(43)) - raft.grpc.server.port = 0 (default)
2019-10-04 02:50:17,666 [main] INFO  server.GrpcService (ConfUtils.java:logGet(43)) - raft.grpc.message.size.max = 33570816 (custom)
2019-10-04 02:50:17,666 [main] INFO  server.RaftServerConfigKeys (ConfUtils.java:logGet(43)) - raft.server.log.appender.buffer.byte-limit = 33554432 (custom)
2019-10-04 02:50:17,666 [main] INFO  server.GrpcService (ConfUtils.java:logGet(43)) - raft.grpc.flow.control.window = 1MB (=1048576) (default)
2019-10-04 02:50:17,666 [main] INFO  server.RaftServerConfigKeys (ConfUtils.java:logGet(43)) - raft.server.rpc.request.timeout = 3000ms (default)
2019-10-04 02:50:17,667 [main] INFO  server.RaftServerConfigKeys (ConfUtils.java:logGet(43)) - raft.server.storage.dir = [/workdir/hadoop-ozone/integration-test/target/test-dir/MiniOzoneClusterImpl-6853f8fe-c5bc-4689-8468-e23c9095c6f3/datanode-2/data/ratis] (custom)
2019-10-04 02:50:17,668 [main] INFO  hdfs.DFSUtil (DFSUtil.java:httpServerTemplateForNNAndJN(1641)) - Starting Web-server for hddsDatanode at: http://0.0.0.0:0
2019-10-04 02:50:17,669 [main] INFO  server.AuthenticationFilter (AuthenticationFilter.java:constructSecretProvider(240)) - Unable to initialize FileSignerSecretProvider, falling back to use random secrets.
2019-10-04 02:50:17,669 [main] WARN  http.HttpRequestLog (HttpRequestLog.java:getRequestLog(97)) - Jetty request log can only be enabled using Log4j
2019-10-04 02:50:17,671 [main] INFO  http.HttpServer2 (HttpServer2.java:addGlobalFilter(975)) - Added global filter 'safety' (class=org.apache.hadoop.http.HttpServer2$QuotingInputFilter)
2019-10-04 02:50:17,671 [main] INFO  http.HttpServer2 (HttpServer2.java:addFilter(948)) - Added filter static_user_filter (class=org.apache.hadoop.http.lib.StaticUserWebFilter$StaticUserFilter) to context hddsDatanode
2019-10-04 02:50:17,672 [main] INFO  http.HttpServer2 (HttpServer2.java:addFilter(958)) - Added filter static_user_filter (class=org.apache.hadoop.http.lib.StaticUserWebFilter$StaticUserFilter) to context static
2019-10-04 02:50:17,672 [main] INFO  http.HttpServer2 (HttpServer2.java:addFilter(958)) - Added filter static_user_filter (class=org.apache.hadoop.http.lib.StaticUserWebFilter$StaticUserFilter) to context logs
2019-10-04 02:50:17,673 [main] INFO  http.HttpServer2 (HttpServer2.java:bindListener(1191)) - Jetty bound to port 44533
2019-10-04 02:50:17,673 [main] INFO  server.Server (Server.java:doStart(351)) - jetty-9.3.25.v20180904, build timestamp: 2018-09-04T21:11:46Z, git hash: 3ce520221d0240229c862b122d2b06c12a625732
2019-10-04 02:50:17,674 [main] INFO  handler.ContextHandler (ContextHandler.java:doStart(781)) - Started o.e.j.s.ServletContextHandler@6075b369{/logs,file:///workdir/hadoop-ozone/integration-test/target/log,AVAILABLE}
2019-10-04 02:50:17,675 [main] INFO  handler.ContextHandler (ContextHandler.java:doStart(781)) - Started o.e.j.s.ServletContextHandler@6b70d1fb{/static,jar:file:/home/user/.m2/repository/org/apache/hadoop/hadoop-hdds-container-service/0.5.0-SNAPSHOT/hadoop-hdds-container-service-0.5.0-SNAPSHOT.jar!/webapps/static,AVAILABLE}
2019-10-04 02:50:17,682 [Thread-2257] INFO  client.GrpcClientProtocolService (GrpcClientProtocolService.java:lambda$processClientRequest$0(278)) - Failed RaftClientRequest:client-303C5685160E->b83a6a27-b6a1-4e2a-a9cc-dc8f8dad53d5@group-BACDF191FE77, cid=67, seq=0, Watch-ALL_COMMITTED(49), Message:<EMPTY>, reply=RaftClientReply:client-303C5685160E->b83a6a27-b6a1-4e2a-a9cc-dc8f8dad53d5@group-BACDF191FE77, cid=67, FAILED org.apache.ratis.protocol.NotReplicatedException: Request with call Id 67 and log index 49 is not yet replicated to ALL_COMMITTED, logIndex=49, commits[b83a6a27-b6a1-4e2a-a9cc-dc8f8dad53d5:c2, e380016e-3489-43b9-9f3c-71e3ad62c659:c2, dfe0ab3c-9bcd-4203-8d69-f85e2a82e83f:c2]
2019-10-04 02:50:17,682 [Thread-2258] INFO  client.GrpcClientProtocolService (GrpcClientProtocolService.java:lambda$processClientRequest$0(278)) - Failed RaftClientRequest:client-303C5685160E->b83a6a27-b6a1-4e2a-a9cc-dc8f8dad53d5@group-BACDF191FE77, cid=68, seq=0, Watch-MAJORITY_COMMITTED(49), Message:<EMPTY>, reply=RaftClientReply:client-303C5685160E->b83a6a27-b6a1-4e2a-a9cc-dc8f8dad53d5@group-BACDF191FE77, cid=68, FAILED org.apache.ratis.protocol.NotReplicatedException: Request with call Id 68 and log index 49 is not yet replicated to MAJORITY_COMMITTED, logIndex=49, commits[b83a6a27-b6a1-4e2a-a9cc-dc8f8dad53d5:c2, e380016e-3489-43b9-9f3c-71e3ad62c659:c2, dfe0ab3c-9bcd-4203-8d69-f85e2a82e83f:c2]
2019-10-04 02:50:17,703 [main] INFO  handler.ContextHandler (ContextHandler.java:doStart(781)) - Started o.e.j.w.WebAppContext@4f3356c0{/,file:///tmp/jetty-0.0.0.0-44533-hddsDatanode-_-any-3476253299649402921.dir/webapp/,AVAILABLE}{/hddsDatanode}
2019-10-04 02:50:17,706 [main] INFO  server.AbstractConnector (AbstractConnector.java:doStart(278)) - Started ServerConnector@586cc15d{HTTP/1.1,[http/1.1]}{0.0.0.0:44533}
2019-10-04 02:50:17,709 [main] INFO  server.Server (Server.java:doStart(419)) - Started @229095ms
2019-10-04 02:50:17,710 [main] WARN  impl.MetricsSystemImpl (MetricsSystemImpl.java:register(276)) - Sink prometheus already exists!
2019-10-04 02:50:17,713 [main] INFO  server.BaseHttpServer (BaseHttpServer.java:updateConnectorAddress(215)) - HTTP server of HDDSDATANODE is listening at http://0.0.0.0:44533
2019-10-04 02:50:17,713 [main] INFO  impl.MetricsSystemImpl (MetricsSystemImpl.java:init(158)) - HddsDatanode metrics system started (again)
2019-10-04 02:50:17,732 [org.apache.hadoop.util.JvmPauseMonitor$Monitor@6552a118] INFO  util.JvmPauseMonitor (JvmPauseMonitor.java:run(188)) - Starting JVM pause monitor
2019-10-04 02:50:17,736 [Datanode State Machine Thread - 0] INFO  datanode.InitDatanodeState (InitDatanodeState.java:persistContainerDatanodeDetails(140)) - DatanodeDetails is persisted to /workdir/hadoop-ozone/integration-test/target/test-dir/MiniOzoneClusterImpl-6853f8fe-c5bc-4689-8468-e23c9095c6f3/datanode-2/meta/datanode.id
2019-10-04 02:50:17,736 [main] INFO  ozone.HddsDatanodeService (HddsDatanodeService.java:start(184)) - HddsDatanodeService host:pr-hdds-2181-xhd89-2114587330 ip:192.168.164.196
2019-10-04 02:50:17,744 [main] INFO  volume.HddsVolume (HddsVolume.java:<init>(176)) - Creating Volume: /workdir/hadoop-ozone/integration-test/target/test-dir/MiniOzoneClusterImpl-6853f8fe-c5bc-4689-8468-e23c9095c6f3/datanode-3/data/containers/hdds of  storage type : DISK and capacity : 1482555576320
2019-10-04 02:50:17,744 [main] INFO  volume.VolumeSet (VolumeSet.java:initializeVolumeSet(170)) - Added Volume : /workdir/hadoop-ozone/integration-test/target/test-dir/MiniOzoneClusterImpl-6853f8fe-c5bc-4689-8468-e23c9095c6f3/datanode-3/data/containers/hdds to VolumeSet
2019-10-04 02:50:17,744 [main] INFO  volume.ThrottledAsyncChecker (ThrottledAsyncChecker.java:schedule(139)) - Scheduling a check for org.apache.hadoop.ozone.container.common.volume.HddsVolume@5ec9eefa
2019-10-04 02:50:17,745 [main] INFO  volume.HddsVolumeChecker (HddsVolumeChecker.java:checkAllVolumes(202)) - Scheduled health check for volume org.apache.hadoop.ozone.container.common.volume.HddsVolume@5ec9eefa
2019-10-04 02:50:17,760 [main] INFO  impl.RaftServerProxy (ConfUtils.java:logGet(43)) - raft.rpc.type = GRPC (default)
2019-10-04 02:50:17,760 [main] INFO  grpc.GrpcFactory (GrpcFactory.java:checkPooledByteBufAllocatorUseCacheForAllThreads(45)) - PERFORMANCE WARNING: useCacheForAllThreads is true that may cause Netty to create a lot garbage objects and, as a result, trigger GC.
	It is recommended to disable useCacheForAllThreads by setting -Dorg.apache.ratis.thirdparty.io.netty.allocator.useCacheForAllThreads=false in command line.
2019-10-04 02:50:17,761 [main] INFO  grpc.GrpcConfigKeys$Server (ConfUtils.java:logGet(43)) - raft.grpc.server.port = 0 (default)
2019-10-04 02:50:17,761 [main] INFO  server.GrpcService (ConfUtils.java:logGet(43)) - raft.grpc.message.size.max = 33570816 (custom)
2019-10-04 02:50:17,761 [main] INFO  server.RaftServerConfigKeys (ConfUtils.java:logGet(43)) - raft.server.log.appender.buffer.byte-limit = 33554432 (custom)
2019-10-04 02:50:17,761 [main] INFO  server.GrpcService (ConfUtils.java:logGet(43)) - raft.grpc.flow.control.window = 1MB (=1048576) (default)
2019-10-04 02:50:17,761 [main] INFO  server.RaftServerConfigKeys (ConfUtils.java:logGet(43)) - raft.server.rpc.request.timeout = 3000ms (default)
2019-10-04 02:50:17,762 [main] INFO  server.RaftServerConfigKeys (ConfUtils.java:logGet(43)) - raft.server.storage.dir = [/workdir/hadoop-ozone/integration-test/target/test-dir/MiniOzoneClusterImpl-6853f8fe-c5bc-4689-8468-e23c9095c6f3/datanode-3/data/ratis] (custom)
2019-10-04 02:50:17,763 [main] INFO  hdfs.DFSUtil (DFSUtil.java:httpServerTemplateForNNAndJN(1641)) - Starting Web-server for hddsDatanode at: http://0.0.0.0:0
2019-10-04 02:50:17,765 [main] INFO  server.AuthenticationFilter (AuthenticationFilter.java:constructSecretProvider(240)) - Unable to initialize FileSignerSecretProvider, falling back to use random secrets.
2019-10-04 02:50:17,765 [main] WARN  http.HttpRequestLog (HttpRequestLog.java:getRequestLog(97)) - Jetty request log can only be enabled using Log4j
2019-10-04 02:50:17,767 [main] INFO  http.HttpServer2 (HttpServer2.java:addGlobalFilter(975)) - Added global filter 'safety' (class=org.apache.hadoop.http.HttpServer2$QuotingInputFilter)
2019-10-04 02:50:17,767 [main] INFO  http.HttpServer2 (HttpServer2.java:addFilter(948)) - Added filter static_user_filter (class=org.apache.hadoop.http.lib.StaticUserWebFilter$StaticUserFilter) to context hddsDatanode
2019-10-04 02:50:17,767 [main] INFO  http.HttpServer2 (HttpServer2.java:addFilter(958)) - Added filter static_user_filter (class=org.apache.hadoop.http.lib.StaticUserWebFilter$StaticUserFilter) to context static
2019-10-04 02:50:17,767 [main] INFO  http.HttpServer2 (HttpServer2.java:addFilter(958)) - Added filter static_user_filter (class=org.apache.hadoop.http.lib.StaticUserWebFilter$StaticUserFilter) to context logs
2019-10-04 02:50:17,768 [main] INFO  http.HttpServer2 (HttpServer2.java:bindListener(1191)) - Jetty bound to port 44511
2019-10-04 02:50:17,768 [main] INFO  server.Server (Server.java:doStart(351)) - jetty-9.3.25.v20180904, build timestamp: 2018-09-04T21:11:46Z, git hash: 3ce520221d0240229c862b122d2b06c12a625732
2019-10-04 02:50:17,770 [main] INFO  handler.ContextHandler (ContextHandler.java:doStart(781)) - Started o.e.j.s.ServletContextHandler@31ab1e67{/logs,file:///workdir/hadoop-ozone/integration-test/target/log,AVAILABLE}
2019-10-04 02:50:17,770 [main] INFO  handler.ContextHandler (ContextHandler.java:doStart(781)) - Started o.e.j.s.ServletContextHandler@3487442d{/static,jar:file:/home/user/.m2/repository/org/apache/hadoop/hadoop-hdds-container-service/0.5.0-SNAPSHOT/hadoop-hdds-container-service-0.5.0-SNAPSHOT.jar!/webapps/static,AVAILABLE}
2019-10-04 02:50:17,784 [grpc-default-executor-4] WARN  server.GrpcLogAppender (LogUtils.java:warn(134)) - b83a6a27-b6a1-4e2a-a9cc-dc8f8dad53d5@group-BACDF191FE77->dfe0ab3c-9bcd-4203-8d69-f85e2a82e83f-AppendLogResponseHandler: Failed appendEntries: org.apache.ratis.thirdparty.io.grpc.StatusRuntimeException: UNAVAILABLE: io exception
2019-10-04 02:50:17,784 [grpc-default-executor-2] WARN  server.GrpcLogAppender (LogUtils.java:warn(134)) - b83a6a27-b6a1-4e2a-a9cc-dc8f8dad53d5@group-BACDF191FE77->e380016e-3489-43b9-9f3c-71e3ad62c659-AppendLogResponseHandler: Failed appendEntries: org.apache.ratis.thirdparty.io.grpc.StatusRuntimeException: UNAVAILABLE: io exception
2019-10-04 02:50:17,785 [grpc-default-executor-4] INFO  impl.FollowerInfo (FollowerInfo.java:lambda$new$0(51)) - b83a6a27-b6a1-4e2a-a9cc-dc8f8dad53d5@group-BACDF191FE77->dfe0ab3c-9bcd-4203-8d69-f85e2a82e83f: nextIndex: updateUnconditionally 0 -> 0
2019-10-04 02:50:17,785 [grpc-default-executor-2] INFO  impl.FollowerInfo (FollowerInfo.java:lambda$new$0(51)) - b83a6a27-b6a1-4e2a-a9cc-dc8f8dad53d5@group-BACDF191FE77->e380016e-3489-43b9-9f3c-71e3ad62c659: nextIndex: updateUnconditionally 0 -> 0
2019-10-04 02:50:17,802 [main] INFO  handler.ContextHandler (ContextHandler.java:doStart(781)) - Started o.e.j.w.WebAppContext@72c9ebfa{/,file:///tmp/jetty-0.0.0.0-44511-hddsDatanode-_-any-3681299071869534496.dir/webapp/,AVAILABLE}{/hddsDatanode}
2019-10-04 02:50:17,802 [main] INFO  server.AbstractConnector (AbstractConnector.java:doStart(278)) - Started ServerConnector@686cf8ad{HTTP/1.1,[http/1.1]}{0.0.0.0:44511}
2019-10-04 02:50:17,806 [main] INFO  server.Server (Server.java:doStart(419)) - Started @229191ms
2019-10-04 02:50:17,806 [main] WARN  impl.MetricsSystemImpl (MetricsSystemImpl.java:register(276)) - Sink prometheus already exists!
2019-10-04 02:50:17,806 [main] INFO  server.BaseHttpServer (BaseHttpServer.java:updateConnectorAddress(215)) - HTTP server of HDDSDATANODE is listening at http://0.0.0.0:44511
2019-10-04 02:50:17,807 [main] INFO  impl.MetricsSystemImpl (MetricsSystemImpl.java:init(158)) - HddsDatanode metrics system started (again)
2019-10-04 02:50:17,825 [org.apache.hadoop.util.JvmPauseMonitor$Monitor@72e99486] INFO  util.JvmPauseMonitor (JvmPauseMonitor.java:run(188)) - Starting JVM pause monitor
2019-10-04 02:50:17,826 [Datanode State Machine Thread - 0] INFO  datanode.InitDatanodeState (InitDatanodeState.java:persistContainerDatanodeDetails(140)) - DatanodeDetails is persisted to /workdir/hadoop-ozone/integration-test/target/test-dir/MiniOzoneClusterImpl-6853f8fe-c5bc-4689-8468-e23c9095c6f3/datanode-3/meta/datanode.id
2019-10-04 02:50:17,827 [main] INFO  ozone.HddsDatanodeService (HddsDatanodeService.java:start(184)) - HddsDatanodeService host:pr-hdds-2181-xhd89-2114587330 ip:192.168.164.196
2019-10-04 02:50:17,836 [main] INFO  volume.HddsVolume (HddsVolume.java:<init>(176)) - Creating Volume: /workdir/hadoop-ozone/integration-test/target/test-dir/MiniOzoneClusterImpl-6853f8fe-c5bc-4689-8468-e23c9095c6f3/datanode-4/data/containers/hdds of  storage type : DISK and capacity : 1482555576320
2019-10-04 02:50:17,836 [main] INFO  volume.VolumeSet (VolumeSet.java:initializeVolumeSet(170)) - Added Volume : /workdir/hadoop-ozone/integration-test/target/test-dir/MiniOzoneClusterImpl-6853f8fe-c5bc-4689-8468-e23c9095c6f3/datanode-4/data/containers/hdds to VolumeSet
2019-10-04 02:50:17,837 [main] INFO  volume.ThrottledAsyncChecker (ThrottledAsyncChecker.java:schedule(139)) - Scheduling a check for org.apache.hadoop.ozone.container.common.volume.HddsVolume@3dec3f87
2019-10-04 02:50:17,837 [main] INFO  volume.HddsVolumeChecker (HddsVolumeChecker.java:checkAllVolumes(202)) - Scheduled health check for volume org.apache.hadoop.ozone.container.common.volume.HddsVolume@3dec3f87
2019-10-04 02:50:17,850 [main] INFO  impl.RaftServerProxy (ConfUtils.java:logGet(43)) - raft.rpc.type = GRPC (default)
2019-10-04 02:50:17,851 [main] INFO  grpc.GrpcFactory (GrpcFactory.java:checkPooledByteBufAllocatorUseCacheForAllThreads(45)) - PERFORMANCE WARNING: useCacheForAllThreads is true that may cause Netty to create a lot garbage objects and, as a result, trigger GC.
	It is recommended to disable useCacheForAllThreads by setting -Dorg.apache.ratis.thirdparty.io.netty.allocator.useCacheForAllThreads=false in command line.
2019-10-04 02:50:17,851 [main] INFO  grpc.GrpcConfigKeys$Server (ConfUtils.java:logGet(43)) - raft.grpc.server.port = 0 (default)
2019-10-04 02:50:17,851 [main] INFO  server.GrpcService (ConfUtils.java:logGet(43)) - raft.grpc.message.size.max = 33570816 (custom)
2019-10-04 02:50:17,851 [main] INFO  server.RaftServerConfigKeys (ConfUtils.java:logGet(43)) - raft.server.log.appender.buffer.byte-limit = 33554432 (custom)
2019-10-04 02:50:17,851 [main] INFO  server.GrpcService (ConfUtils.java:logGet(43)) - raft.grpc.flow.control.window = 1MB (=1048576) (default)
2019-10-04 02:50:17,851 [main] INFO  server.RaftServerConfigKeys (ConfUtils.java:logGet(43)) - raft.server.rpc.request.timeout = 3000ms (default)
2019-10-04 02:50:17,852 [main] INFO  server.RaftServerConfigKeys (ConfUtils.java:logGet(43)) - raft.server.storage.dir = [/workdir/hadoop-ozone/integration-test/target/test-dir/MiniOzoneClusterImpl-6853f8fe-c5bc-4689-8468-e23c9095c6f3/datanode-4/data/ratis] (custom)
2019-10-04 02:50:17,853 [main] INFO  hdfs.DFSUtil (DFSUtil.java:httpServerTemplateForNNAndJN(1641)) - Starting Web-server for hddsDatanode at: http://0.0.0.0:0
2019-10-04 02:50:17,854 [main] INFO  server.AuthenticationFilter (AuthenticationFilter.java:constructSecretProvider(240)) - Unable to initialize FileSignerSecretProvider, falling back to use random secrets.
2019-10-04 02:50:17,855 [main] WARN  http.HttpRequestLog (HttpRequestLog.java:getRequestLog(97)) - Jetty request log can only be enabled using Log4j
2019-10-04 02:50:17,856 [main] INFO  http.HttpServer2 (HttpServer2.java:addGlobalFilter(975)) - Added global filter 'safety' (class=org.apache.hadoop.http.HttpServer2$QuotingInputFilter)
2019-10-04 02:50:17,856 [main] INFO  http.HttpServer2 (HttpServer2.java:addFilter(948)) - Added filter static_user_filter (class=org.apache.hadoop.http.lib.StaticUserWebFilter$StaticUserFilter) to context hddsDatanode
2019-10-04 02:50:17,856 [main] INFO  http.HttpServer2 (HttpServer2.java:addFilter(958)) - Added filter static_user_filter (class=org.apache.hadoop.http.lib.StaticUserWebFilter$StaticUserFilter) to context logs
2019-10-04 02:50:17,857 [main] INFO  http.HttpServer2 (HttpServer2.java:addFilter(958)) - Added filter static_user_filter (class=org.apache.hadoop.http.lib.StaticUserWebFilter$StaticUserFilter) to context static
2019-10-04 02:50:17,857 [main] INFO  http.HttpServer2 (HttpServer2.java:bindListener(1191)) - Jetty bound to port 36592
2019-10-04 02:50:17,857 [main] INFO  server.Server (Server.java:doStart(351)) - jetty-9.3.25.v20180904, build timestamp: 2018-09-04T21:11:46Z, git hash: 3ce520221d0240229c862b122d2b06c12a625732
2019-10-04 02:50:17,859 [main] INFO  handler.ContextHandler (ContextHandler.java:doStart(781)) - Started o.e.j.s.ServletContextHandler@3a0b6a{/logs,file:///workdir/hadoop-ozone/integration-test/target/log,AVAILABLE}
2019-10-04 02:50:17,860 [main] INFO  handler.ContextHandler (ContextHandler.java:doStart(781)) - Started o.e.j.s.ServletContextHandler@6f1fa1d0{/static,jar:file:/home/user/.m2/repository/org/apache/hadoop/hadoop-hdds-container-service/0.5.0-SNAPSHOT/hadoop-hdds-container-service-0.5.0-SNAPSHOT.jar!/webapps/static,AVAILABLE}
2019-10-04 02:50:17,888 [main] INFO  handler.ContextHandler (ContextHandler.java:doStart(781)) - Started o.e.j.w.WebAppContext@272778ae{/,file:///tmp/jetty-0.0.0.0-36592-hddsDatanode-_-any-2848116462505920699.dir/webapp/,AVAILABLE}{/hddsDatanode}
2019-10-04 02:50:17,889 [main] INFO  server.AbstractConnector (AbstractConnector.java:doStart(278)) - Started ServerConnector@2cccf134{HTTP/1.1,[http/1.1]}{0.0.0.0:36592}
2019-10-04 02:50:17,893 [main] INFO  server.Server (Server.java:doStart(419)) - Started @229279ms
2019-10-04 02:50:17,893 [main] WARN  impl.MetricsSystemImpl (MetricsSystemImpl.java:register(276)) - Sink prometheus already exists!
2019-10-04 02:50:17,894 [main] INFO  server.BaseHttpServer (BaseHttpServer.java:updateConnectorAddress(215)) - HTTP server of HDDSDATANODE is listening at http://0.0.0.0:36592
2019-10-04 02:50:17,894 [main] INFO  impl.MetricsSystemImpl (MetricsSystemImpl.java:init(158)) - HddsDatanode metrics system started (again)
2019-10-04 02:50:17,913 [org.apache.hadoop.util.JvmPauseMonitor$Monitor@2c649d49] INFO  util.JvmPauseMonitor (JvmPauseMonitor.java:run(188)) - Starting JVM pause monitor
2019-10-04 02:50:17,915 [Datanode State Machine Thread - 0] INFO  datanode.InitDatanodeState (InitDatanodeState.java:persistContainerDatanodeDetails(140)) - DatanodeDetails is persisted to /workdir/hadoop-ozone/integration-test/target/test-dir/MiniOzoneClusterImpl-6853f8fe-c5bc-4689-8468-e23c9095c6f3/datanode-4/meta/datanode.id
2019-10-04 02:50:17,915 [main] INFO  ozone.HddsDatanodeService (HddsDatanodeService.java:start(184)) - HddsDatanodeService host:pr-hdds-2181-xhd89-2114587330 ip:192.168.164.196
2019-10-04 02:50:17,925 [main] INFO  volume.HddsVolume (HddsVolume.java:<init>(176)) - Creating Volume: /workdir/hadoop-ozone/integration-test/target/test-dir/MiniOzoneClusterImpl-6853f8fe-c5bc-4689-8468-e23c9095c6f3/datanode-5/data/containers/hdds of  storage type : DISK and capacity : 1482555576320
2019-10-04 02:50:17,925 [main] INFO  volume.VolumeSet (VolumeSet.java:initializeVolumeSet(170)) - Added Volume : /workdir/hadoop-ozone/integration-test/target/test-dir/MiniOzoneClusterImpl-6853f8fe-c5bc-4689-8468-e23c9095c6f3/datanode-5/data/containers/hdds to VolumeSet
2019-10-04 02:50:17,926 [main] INFO  volume.ThrottledAsyncChecker (ThrottledAsyncChecker.java:schedule(139)) - Scheduling a check for org.apache.hadoop.ozone.container.common.volume.HddsVolume@3a788fe0
2019-10-04 02:50:17,929 [main] INFO  volume.HddsVolumeChecker (HddsVolumeChecker.java:checkAllVolumes(202)) - Scheduled health check for volume org.apache.hadoop.ozone.container.common.volume.HddsVolume@3a788fe0
2019-10-04 02:50:17,944 [main] INFO  impl.RaftServerProxy (ConfUtils.java:logGet(43)) - raft.rpc.type = GRPC (default)
2019-10-04 02:50:17,944 [main] INFO  grpc.GrpcFactory (GrpcFactory.java:checkPooledByteBufAllocatorUseCacheForAllThreads(45)) - PERFORMANCE WARNING: useCacheForAllThreads is true that may cause Netty to create a lot garbage objects and, as a result, trigger GC.
	It is recommended to disable useCacheForAllThreads by setting -Dorg.apache.ratis.thirdparty.io.netty.allocator.useCacheForAllThreads=false in command line.
2019-10-04 02:50:17,944 [main] INFO  grpc.GrpcConfigKeys$Server (ConfUtils.java:logGet(43)) - raft.grpc.server.port = 0 (default)
2019-10-04 02:50:17,945 [main] INFO  server.GrpcService (ConfUtils.java:logGet(43)) - raft.grpc.message.size.max = 33570816 (custom)
2019-10-04 02:50:17,945 [main] INFO  server.RaftServerConfigKeys (ConfUtils.java:logGet(43)) - raft.server.log.appender.buffer.byte-limit = 33554432 (custom)
2019-10-04 02:50:17,945 [main] INFO  server.GrpcService (ConfUtils.java:logGet(43)) - raft.grpc.flow.control.window = 1MB (=1048576) (default)
2019-10-04 02:50:17,945 [main] INFO  server.RaftServerConfigKeys (ConfUtils.java:logGet(43)) - raft.server.rpc.request.timeout = 3000ms (default)
2019-10-04 02:50:17,946 [main] INFO  server.RaftServerConfigKeys (ConfUtils.java:logGet(43)) - raft.server.storage.dir = [/workdir/hadoop-ozone/integration-test/target/test-dir/MiniOzoneClusterImpl-6853f8fe-c5bc-4689-8468-e23c9095c6f3/datanode-5/data/ratis] (custom)
2019-10-04 02:50:17,948 [main] INFO  hdfs.DFSUtil (DFSUtil.java:httpServerTemplateForNNAndJN(1641)) - Starting Web-server for hddsDatanode at: http://0.0.0.0:0
2019-10-04 02:50:17,949 [main] INFO  server.AuthenticationFilter (AuthenticationFilter.java:constructSecretProvider(240)) - Unable to initialize FileSignerSecretProvider, falling back to use random secrets.
2019-10-04 02:50:17,949 [main] WARN  http.HttpRequestLog (HttpRequestLog.java:getRequestLog(97)) - Jetty request log can only be enabled using Log4j
2019-10-04 02:50:17,951 [main] INFO  http.HttpServer2 (HttpServer2.java:addGlobalFilter(975)) - Added global filter 'safety' (class=org.apache.hadoop.http.HttpServer2$QuotingInputFilter)
2019-10-04 02:50:17,952 [main] INFO  http.HttpServer2 (HttpServer2.java:addFilter(948)) - Added filter static_user_filter (class=org.apache.hadoop.http.lib.StaticUserWebFilter$StaticUserFilter) to context hddsDatanode
2019-10-04 02:50:17,952 [main] INFO  http.HttpServer2 (HttpServer2.java:addFilter(958)) - Added filter static_user_filter (class=org.apache.hadoop.http.lib.StaticUserWebFilter$StaticUserFilter) to context static
2019-10-04 02:50:17,952 [main] INFO  http.HttpServer2 (HttpServer2.java:addFilter(958)) - Added filter static_user_filter (class=org.apache.hadoop.http.lib.StaticUserWebFilter$StaticUserFilter) to context logs
2019-10-04 02:50:17,953 [main] INFO  http.HttpServer2 (HttpServer2.java:bindListener(1191)) - Jetty bound to port 35941
2019-10-04 02:50:17,954 [main] INFO  server.Server (Server.java:doStart(351)) - jetty-9.3.25.v20180904, build timestamp: 2018-09-04T21:11:46Z, git hash: 3ce520221d0240229c862b122d2b06c12a625732
2019-10-04 02:50:17,956 [main] INFO  handler.ContextHandler (ContextHandler.java:doStart(781)) - Started o.e.j.s.ServletContextHandler@29c53c4f{/logs,file:///workdir/hadoop-ozone/integration-test/target/log,AVAILABLE}
2019-10-04 02:50:17,957 [main] INFO  handler.ContextHandler (ContextHandler.java:doStart(781)) - Started o.e.j.s.ServletContextHandler@2ee4706d{/static,jar:file:/home/user/.m2/repository/org/apache/hadoop/hadoop-hdds-container-service/0.5.0-SNAPSHOT/hadoop-hdds-container-service-0.5.0-SNAPSHOT.jar!/webapps/static,AVAILABLE}
2019-10-04 02:50:18,003 [main] INFO  handler.ContextHandler (ContextHandler.java:doStart(781)) - Started o.e.j.w.WebAppContext@11810917{/,file:///tmp/jetty-0.0.0.0-35941-hddsDatanode-_-any-7825054274826822326.dir/webapp/,AVAILABLE}{/hddsDatanode}
2019-10-04 02:50:18,003 [main] INFO  server.AbstractConnector (AbstractConnector.java:doStart(278)) - Started ServerConnector@13278a41{HTTP/1.1,[http/1.1]}{0.0.0.0:35941}
2019-10-04 02:50:18,007 [main] INFO  server.Server (Server.java:doStart(419)) - Started @229393ms
2019-10-04 02:50:18,007 [main] WARN  impl.MetricsSystemImpl (MetricsSystemImpl.java:register(276)) - Sink prometheus already exists!
2019-10-04 02:50:18,008 [main] INFO  server.BaseHttpServer (BaseHttpServer.java:updateConnectorAddress(215)) - HTTP server of HDDSDATANODE is listening at http://0.0.0.0:35941
2019-10-04 02:50:18,008 [main] INFO  impl.MetricsSystemImpl (MetricsSystemImpl.java:init(158)) - HddsDatanode metrics system started (again)
2019-10-04 02:50:18,009 [org.apache.hadoop.util.JvmPauseMonitor$Monitor@50243d55] INFO  util.JvmPauseMonitor (JvmPauseMonitor.java:run(188)) - Starting JVM pause monitor
2019-10-04 02:50:18,010 [Datanode State Machine Thread - 0] INFO  datanode.InitDatanodeState (InitDatanodeState.java:persistContainerDatanodeDetails(140)) - DatanodeDetails is persisted to /workdir/hadoop-ozone/integration-test/target/test-dir/MiniOzoneClusterImpl-6853f8fe-c5bc-4689-8468-e23c9095c6f3/datanode-5/meta/datanode.id
2019-10-04 02:50:18,031 [main] INFO  ozone.HddsDatanodeService (HddsDatanodeService.java:start(184)) - HddsDatanodeService host:pr-hdds-2181-xhd89-2114587330 ip:192.168.164.196
2019-10-04 02:50:18,039 [main] INFO  volume.HddsVolume (HddsVolume.java:<init>(176)) - Creating Volume: /workdir/hadoop-ozone/integration-test/target/test-dir/MiniOzoneClusterImpl-6853f8fe-c5bc-4689-8468-e23c9095c6f3/datanode-6/data/containers/hdds of  storage type : DISK and capacity : 1482555576320
2019-10-04 02:50:18,040 [main] INFO  volume.VolumeSet (VolumeSet.java:initializeVolumeSet(170)) - Added Volume : /workdir/hadoop-ozone/integration-test/target/test-dir/MiniOzoneClusterImpl-6853f8fe-c5bc-4689-8468-e23c9095c6f3/datanode-6/data/containers/hdds to VolumeSet
2019-10-04 02:50:18,040 [main] INFO  volume.ThrottledAsyncChecker (ThrottledAsyncChecker.java:schedule(139)) - Scheduling a check for org.apache.hadoop.ozone.container.common.volume.HddsVolume@3e53c4ad
2019-10-04 02:50:18,040 [main] INFO  volume.HddsVolumeChecker (HddsVolumeChecker.java:checkAllVolumes(202)) - Scheduled health check for volume org.apache.hadoop.ozone.container.common.volume.HddsVolume@3e53c4ad
2019-10-04 02:50:18,057 [main] INFO  impl.RaftServerProxy (ConfUtils.java:logGet(43)) - raft.rpc.type = GRPC (default)
2019-10-04 02:50:18,058 [main] INFO  grpc.GrpcFactory (GrpcFactory.java:checkPooledByteBufAllocatorUseCacheForAllThreads(45)) - PERFORMANCE WARNING: useCacheForAllThreads is true that may cause Netty to create a lot garbage objects and, as a result, trigger GC.
	It is recommended to disable useCacheForAllThreads by setting -Dorg.apache.ratis.thirdparty.io.netty.allocator.useCacheForAllThreads=false in command line.
2019-10-04 02:50:18,058 [main] INFO  grpc.GrpcConfigKeys$Server (ConfUtils.java:logGet(43)) - raft.grpc.server.port = 0 (default)
2019-10-04 02:50:18,058 [main] INFO  server.GrpcService (ConfUtils.java:logGet(43)) - raft.grpc.message.size.max = 33570816 (custom)
2019-10-04 02:50:18,058 [main] INFO  server.RaftServerConfigKeys (ConfUtils.java:logGet(43)) - raft.server.log.appender.buffer.byte-limit = 33554432 (custom)
2019-10-04 02:50:18,058 [main] INFO  server.GrpcService (ConfUtils.java:logGet(43)) - raft.grpc.flow.control.window = 1MB (=1048576) (default)
2019-10-04 02:50:18,059 [main] INFO  server.RaftServerConfigKeys (ConfUtils.java:logGet(43)) - raft.server.rpc.request.timeout = 3000ms (default)
2019-10-04 02:50:18,059 [main] INFO  server.RaftServerConfigKeys (ConfUtils.java:logGet(43)) - raft.server.storage.dir = [/workdir/hadoop-ozone/integration-test/target/test-dir/MiniOzoneClusterImpl-6853f8fe-c5bc-4689-8468-e23c9095c6f3/datanode-6/data/ratis] (custom)
2019-10-04 02:50:18,060 [main] INFO  hdfs.DFSUtil (DFSUtil.java:httpServerTemplateForNNAndJN(1641)) - Starting Web-server for hddsDatanode at: http://0.0.0.0:0
2019-10-04 02:50:18,061 [main] INFO  server.AuthenticationFilter (AuthenticationFilter.java:constructSecretProvider(240)) - Unable to initialize FileSignerSecretProvider, falling back to use random secrets.
2019-10-04 02:50:18,062 [main] WARN  http.HttpRequestLog (HttpRequestLog.java:getRequestLog(97)) - Jetty request log can only be enabled using Log4j
2019-10-04 02:50:18,065 [main] INFO  http.HttpServer2 (HttpServer2.java:addGlobalFilter(975)) - Added global filter 'safety' (class=org.apache.hadoop.http.HttpServer2$QuotingInputFilter)
2019-10-04 02:50:18,065 [main] INFO  http.HttpServer2 (HttpServer2.java:addFilter(948)) - Added filter static_user_filter (class=org.apache.hadoop.http.lib.StaticUserWebFilter$StaticUserFilter) to context hddsDatanode
2019-10-04 02:50:18,065 [main] INFO  http.HttpServer2 (HttpServer2.java:addFilter(958)) - Added filter static_user_filter (class=org.apache.hadoop.http.lib.StaticUserWebFilter$StaticUserFilter) to context static
2019-10-04 02:50:18,066 [main] INFO  http.HttpServer2 (HttpServer2.java:addFilter(958)) - Added filter static_user_filter (class=org.apache.hadoop.http.lib.StaticUserWebFilter$StaticUserFilter) to context logs
2019-10-04 02:50:18,066 [main] INFO  http.HttpServer2 (HttpServer2.java:bindListener(1191)) - Jetty bound to port 34618
2019-10-04 02:50:18,067 [main] INFO  server.Server (Server.java:doStart(351)) - jetty-9.3.25.v20180904, build timestamp: 2018-09-04T21:11:46Z, git hash: 3ce520221d0240229c862b122d2b06c12a625732
2019-10-04 02:50:18,068 [main] INFO  handler.ContextHandler (ContextHandler.java:doStart(781)) - Started o.e.j.s.ServletContextHandler@545d2560{/logs,file:///workdir/hadoop-ozone/integration-test/target/log,AVAILABLE}
2019-10-04 02:50:18,069 [main] INFO  handler.ContextHandler (ContextHandler.java:doStart(781)) - Started o.e.j.s.ServletContextHandler@6885ed19{/static,jar:file:/home/user/.m2/repository/org/apache/hadoop/hadoop-hdds-container-service/0.5.0-SNAPSHOT/hadoop-hdds-container-service-0.5.0-SNAPSHOT.jar!/webapps/static,AVAILABLE}
2019-10-04 02:50:18,096 [main] INFO  handler.ContextHandler (ContextHandler.java:doStart(781)) - Started o.e.j.w.WebAppContext@46bb0bdf{/,file:///tmp/jetty-0.0.0.0-34618-hddsDatanode-_-any-5456031358825638361.dir/webapp/,AVAILABLE}{/hddsDatanode}
2019-10-04 02:50:18,100 [main] INFO  server.AbstractConnector (AbstractConnector.java:doStart(278)) - Started ServerConnector@561f9d92{HTTP/1.1,[http/1.1]}{0.0.0.0:34618}
2019-10-04 02:50:18,100 [main] INFO  server.Server (Server.java:doStart(419)) - Started @229486ms
2019-10-04 02:50:18,100 [main] WARN  impl.MetricsSystemImpl (MetricsSystemImpl.java:register(276)) - Sink prometheus already exists!
2019-10-04 02:50:18,101 [main] INFO  server.BaseHttpServer (BaseHttpServer.java:updateConnectorAddress(215)) - HTTP server of HDDSDATANODE is listening at http://0.0.0.0:34618
2019-10-04 02:50:18,101 [main] INFO  ozone.MiniOzoneClusterImpl (MiniOzoneClusterImpl.java:lambda$waitForClusterToBeReady$0(147)) - Waiting for cluster to be ready. Got 0 of 7 DN Heartbeats.
2019-10-04 02:50:18,102 [org.apache.hadoop.util.JvmPauseMonitor$Monitor@9c2f454] INFO  util.JvmPauseMonitor (JvmPauseMonitor.java:run(188)) - Starting JVM pause monitor
2019-10-04 02:50:18,104 [Datanode State Machine Thread - 0] INFO  datanode.InitDatanodeState (InitDatanodeState.java:persistContainerDatanodeDetails(140)) - DatanodeDetails is persisted to /workdir/hadoop-ozone/integration-test/target/test-dir/MiniOzoneClusterImpl-6853f8fe-c5bc-4689-8468-e23c9095c6f3/datanode-6/meta/datanode.id
2019-10-04 02:50:19,101 [main] INFO  ozone.MiniOzoneClusterImpl (MiniOzoneClusterImpl.java:lambda$waitForClusterToBeReady$0(147)) - Waiting for cluster to be ready. Got 0 of 7 DN Heartbeats.
2019-10-04 02:50:19,633 [Datanode State Machine Thread - 0] INFO  ozoneimpl.OzoneContainer (OzoneContainer.java:start(217)) - Attempting to start container services.
2019-10-04 02:50:19,633 [Datanode State Machine Thread - 0] INFO  ozoneimpl.OzoneContainer (OzoneContainer.java:startContainerScrub(179)) - Background container scanner has been disabled.
2019-10-04 02:50:19,633 [Datanode State Machine Thread - 0] INFO  ratis.XceiverServerRatis (XceiverServerRatis.java:start(417)) - Starting XceiverServerRatis 59a36ea5-c9b1-471c-a7e2-5ded742c5318 at port 0
2019-10-04 02:50:19,638 [Datanode State Machine Thread - 0] INFO  impl.RaftServerProxy (RaftServerProxy.java:lambda$start$3(299)) - 59a36ea5-c9b1-471c-a7e2-5ded742c5318: start RPC server
2019-10-04 02:50:19,646 [Datanode State Machine Thread - 0] INFO  server.GrpcService (GrpcService.java:startImpl(158)) - 59a36ea5-c9b1-471c-a7e2-5ded742c5318: GrpcService started, listening on 0.0.0.0/0.0.0.0:39026
2019-10-04 02:50:19,647 [Datanode State Machine Thread - 0] INFO  ratis.XceiverServerRatis (XceiverServerRatis.java:start(427)) - XceiverServerRatis 59a36ea5-c9b1-471c-a7e2-5ded742c5318 is started using port 39026
2019-10-04 02:50:19,647 [Datanode State Machine Thread - 0] INFO  server.XceiverServerGrpc (XceiverServerGrpc.java:start(149)) - XceiverServerGrpc 59a36ea5-c9b1-471c-a7e2-5ded742c5318 is started using port 37517
2019-10-04 02:50:19,660 [Datanode State Machine Thread - 0] INFO  ozoneimpl.OzoneContainer (OzoneContainer.java:start(217)) - Attempting to start container services.
2019-10-04 02:50:19,660 [Datanode State Machine Thread - 0] INFO  ozoneimpl.OzoneContainer (OzoneContainer.java:startContainerScrub(179)) - Background container scanner has been disabled.
2019-10-04 02:50:19,660 [Datanode State Machine Thread - 0] INFO  ratis.XceiverServerRatis (XceiverServerRatis.java:start(417)) - Starting XceiverServerRatis 5d386dc5-aef6-4fdc-9315-174121a43b8d at port 0
2019-10-04 02:50:19,665 [Datanode State Machine Thread - 0] INFO  impl.RaftServerProxy (RaftServerProxy.java:lambda$start$3(299)) - 5d386dc5-aef6-4fdc-9315-174121a43b8d: start RPC server
2019-10-04 02:50:19,666 [Datanode State Machine Thread - 0] INFO  server.GrpcService (GrpcService.java:startImpl(158)) - 5d386dc5-aef6-4fdc-9315-174121a43b8d: GrpcService started, listening on 0.0.0.0/0.0.0.0:42180
2019-10-04 02:50:19,666 [Datanode State Machine Thread - 0] INFO  ratis.XceiverServerRatis (XceiverServerRatis.java:start(427)) - XceiverServerRatis 5d386dc5-aef6-4fdc-9315-174121a43b8d is started using port 42180
2019-10-04 02:50:19,666 [Datanode State Machine Thread - 0] INFO  server.XceiverServerGrpc (XceiverServerGrpc.java:start(149)) - XceiverServerGrpc 5d386dc5-aef6-4fdc-9315-174121a43b8d is started using port 38464
2019-10-04 02:50:19,746 [Datanode State Machine Thread - 0] INFO  ozoneimpl.OzoneContainer (OzoneContainer.java:start(217)) - Attempting to start container services.
2019-10-04 02:50:19,746 [Datanode State Machine Thread - 0] INFO  ozoneimpl.OzoneContainer (OzoneContainer.java:startContainerScrub(179)) - Background container scanner has been disabled.
2019-10-04 02:50:19,746 [Datanode State Machine Thread - 0] INFO  ratis.XceiverServerRatis (XceiverServerRatis.java:start(417)) - Starting XceiverServerRatis f6d53d00-79b3-42a2-b41c-6d71791e39d3 at port 0
2019-10-04 02:50:19,750 [Datanode State Machine Thread - 0] INFO  impl.RaftServerProxy (RaftServerProxy.java:lambda$start$3(299)) - f6d53d00-79b3-42a2-b41c-6d71791e39d3: start RPC server
2019-10-04 02:50:19,761 [Datanode State Machine Thread - 0] INFO  server.GrpcService (GrpcService.java:startImpl(158)) - f6d53d00-79b3-42a2-b41c-6d71791e39d3: GrpcService started, listening on 0.0.0.0/0.0.0.0:38281
2019-10-04 02:50:19,761 [Datanode State Machine Thread - 0] INFO  ratis.XceiverServerRatis (XceiverServerRatis.java:start(427)) - XceiverServerRatis f6d53d00-79b3-42a2-b41c-6d71791e39d3 is started using port 38281
2019-10-04 02:50:19,761 [Datanode State Machine Thread - 0] INFO  server.XceiverServerGrpc (XceiverServerGrpc.java:start(149)) - XceiverServerGrpc f6d53d00-79b3-42a2-b41c-6d71791e39d3 is started using port 40869
2019-10-04 02:50:19,839 [Datanode State Machine Thread - 0] INFO  ozoneimpl.OzoneContainer (OzoneContainer.java:start(217)) - Attempting to start container services.
2019-10-04 02:50:19,839 [Datanode State Machine Thread - 0] INFO  ozoneimpl.OzoneContainer (OzoneContainer.java:startContainerScrub(179)) - Background container scanner has been disabled.
2019-10-04 02:50:19,840 [Datanode State Machine Thread - 0] INFO  ratis.XceiverServerRatis (XceiverServerRatis.java:start(417)) - Starting XceiverServerRatis 1f2f438b-8057-4805-a00e-2c4ee45f7665 at port 0
2019-10-04 02:50:19,845 [Datanode State Machine Thread - 0] INFO  impl.RaftServerProxy (RaftServerProxy.java:lambda$start$3(299)) - 1f2f438b-8057-4805-a00e-2c4ee45f7665: start RPC server
2019-10-04 02:50:19,846 [Datanode State Machine Thread - 0] INFO  server.GrpcService (GrpcService.java:startImpl(158)) - 1f2f438b-8057-4805-a00e-2c4ee45f7665: GrpcService started, listening on 0.0.0.0/0.0.0.0:45378
2019-10-04 02:50:19,846 [Datanode State Machine Thread - 0] INFO  ratis.XceiverServerRatis (XceiverServerRatis.java:start(427)) - XceiverServerRatis 1f2f438b-8057-4805-a00e-2c4ee45f7665 is started using port 45378
2019-10-04 02:50:19,849 [Datanode State Machine Thread - 0] INFO  server.XceiverServerGrpc (XceiverServerGrpc.java:start(149)) - XceiverServerGrpc 1f2f438b-8057-4805-a00e-2c4ee45f7665 is started using port 36059
2019-10-04 02:50:19,929 [Datanode State Machine Thread - 0] INFO  ozoneimpl.OzoneContainer (OzoneContainer.java:start(217)) - Attempting to start container services.
2019-10-04 02:50:19,929 [Datanode State Machine Thread - 0] INFO  ozoneimpl.OzoneContainer (OzoneContainer.java:startContainerScrub(179)) - Background container scanner has been disabled.
2019-10-04 02:50:19,929 [Datanode State Machine Thread - 0] INFO  ratis.XceiverServerRatis (XceiverServerRatis.java:start(417)) - Starting XceiverServerRatis d23dcb3d-0105-474e-b7f1-87cd0090b695 at port 0
2019-10-04 02:50:19,937 [Datanode State Machine Thread - 0] INFO  impl.RaftServerProxy (RaftServerProxy.java:lambda$start$3(299)) - d23dcb3d-0105-474e-b7f1-87cd0090b695: start RPC server
2019-10-04 02:50:19,937 [Datanode State Machine Thread - 0] INFO  server.GrpcService (GrpcService.java:startImpl(158)) - d23dcb3d-0105-474e-b7f1-87cd0090b695: GrpcService started, listening on 0.0.0.0/0.0.0.0:39248
2019-10-04 02:50:19,937 [Datanode State Machine Thread - 0] INFO  ratis.XceiverServerRatis (XceiverServerRatis.java:start(427)) - XceiverServerRatis d23dcb3d-0105-474e-b7f1-87cd0090b695 is started using port 39248
2019-10-04 02:50:19,941 [Datanode State Machine Thread - 0] INFO  server.XceiverServerGrpc (XceiverServerGrpc.java:start(149)) - XceiverServerGrpc d23dcb3d-0105-474e-b7f1-87cd0090b695 is started using port 41244
2019-10-04 02:50:20,022 [Datanode State Machine Thread - 0] INFO  ozoneimpl.OzoneContainer (OzoneContainer.java:start(217)) - Attempting to start container services.
2019-10-04 02:50:20,023 [Datanode State Machine Thread - 0] INFO  ozoneimpl.OzoneContainer (OzoneContainer.java:startContainerScrub(179)) - Background container scanner has been disabled.
2019-10-04 02:50:20,023 [Datanode State Machine Thread - 0] INFO  ratis.XceiverServerRatis (XceiverServerRatis.java:start(417)) - Starting XceiverServerRatis 828dabb6-9794-405b-8ff2-d748374bd963 at port 0
2019-10-04 02:50:20,027 [Datanode State Machine Thread - 0] INFO  impl.RaftServerProxy (RaftServerProxy.java:lambda$start$3(299)) - 828dabb6-9794-405b-8ff2-d748374bd963: start RPC server
2019-10-04 02:50:20,028 [Datanode State Machine Thread - 0] INFO  server.GrpcService (GrpcService.java:startImpl(158)) - 828dabb6-9794-405b-8ff2-d748374bd963: GrpcService started, listening on 0.0.0.0/0.0.0.0:42864
2019-10-04 02:50:20,028 [Datanode State Machine Thread - 0] INFO  ratis.XceiverServerRatis (XceiverServerRatis.java:start(427)) - XceiverServerRatis 828dabb6-9794-405b-8ff2-d748374bd963 is started using port 42864
2019-10-04 02:50:20,032 [Datanode State Machine Thread - 0] INFO  server.XceiverServerGrpc (XceiverServerGrpc.java:start(149)) - XceiverServerGrpc 828dabb6-9794-405b-8ff2-d748374bd963 is started using port 39342
2019-10-04 02:50:20,102 [main] INFO  ozone.MiniOzoneClusterImpl (MiniOzoneClusterImpl.java:lambda$waitForClusterToBeReady$0(147)) - Waiting for cluster to be ready. Got 0 of 7 DN Heartbeats.
2019-10-04 02:50:20,115 [Datanode State Machine Thread - 0] INFO  ozoneimpl.OzoneContainer (OzoneContainer.java:start(217)) - Attempting to start container services.
2019-10-04 02:50:20,116 [Datanode State Machine Thread - 0] INFO  ozoneimpl.OzoneContainer (OzoneContainer.java:startContainerScrub(179)) - Background container scanner has been disabled.
2019-10-04 02:50:20,116 [Datanode State Machine Thread - 0] INFO  ratis.XceiverServerRatis (XceiverServerRatis.java:start(417)) - Starting XceiverServerRatis 8b1698d0-e18d-4631-bac1-486bb7bdd068 at port 0
2019-10-04 02:50:20,121 [Datanode State Machine Thread - 0] INFO  impl.RaftServerProxy (RaftServerProxy.java:lambda$start$3(299)) - 8b1698d0-e18d-4631-bac1-486bb7bdd068: start RPC server
2019-10-04 02:50:20,121 [Datanode State Machine Thread - 0] INFO  server.GrpcService (GrpcService.java:startImpl(158)) - 8b1698d0-e18d-4631-bac1-486bb7bdd068: GrpcService started, listening on 0.0.0.0/0.0.0.0:44530
2019-10-04 02:50:20,121 [Datanode State Machine Thread - 0] INFO  ratis.XceiverServerRatis (XceiverServerRatis.java:start(427)) - XceiverServerRatis 8b1698d0-e18d-4631-bac1-486bb7bdd068 is started using port 44530
2019-10-04 02:50:20,122 [Datanode State Machine Thread - 0] INFO  server.XceiverServerGrpc (XceiverServerGrpc.java:start(149)) - XceiverServerGrpc 8b1698d0-e18d-4631-bac1-486bb7bdd068 is started using port 42530
2019-10-04 02:50:20,285 [grpc-default-executor-2] WARN  server.GrpcLogAppender (LogUtils.java:warn(134)) - b83a6a27-b6a1-4e2a-a9cc-dc8f8dad53d5@group-BACDF191FE77->e380016e-3489-43b9-9f3c-71e3ad62c659-AppendLogResponseHandler: Failed appendEntries: org.apache.ratis.thirdparty.io.grpc.StatusRuntimeException: UNAVAILABLE: io exception
2019-10-04 02:50:20,285 [grpc-default-executor-4] WARN  server.GrpcLogAppender (LogUtils.java:warn(134)) - b83a6a27-b6a1-4e2a-a9cc-dc8f8dad53d5@group-BACDF191FE77->dfe0ab3c-9bcd-4203-8d69-f85e2a82e83f-AppendLogResponseHandler: Failed appendEntries: org.apache.ratis.thirdparty.io.grpc.StatusRuntimeException: UNAVAILABLE: io exception
2019-10-04 02:50:20,286 [grpc-default-executor-2] INFO  impl.FollowerInfo (FollowerInfo.java:lambda$new$0(51)) - b83a6a27-b6a1-4e2a-a9cc-dc8f8dad53d5@group-BACDF191FE77->e380016e-3489-43b9-9f3c-71e3ad62c659: nextIndex: updateUnconditionally 0 -> 0
2019-10-04 02:50:20,286 [grpc-default-executor-4] INFO  impl.FollowerInfo (FollowerInfo.java:lambda$new$0(51)) - b83a6a27-b6a1-4e2a-a9cc-dc8f8dad53d5@group-BACDF191FE77->dfe0ab3c-9bcd-4203-8d69-f85e2a82e83f: nextIndex: updateUnconditionally 0 -> 0
2019-10-04 02:50:21,102 [main] INFO  ozone.MiniOzoneClusterImpl (MiniOzoneClusterImpl.java:lambda$waitForClusterToBeReady$0(147)) - Waiting for cluster to be ready. Got 0 of 7 DN Heartbeats.
2019-10-04 02:50:21,535 [IPC Server handler 5 on 42580] INFO  net.NetworkTopology (NetworkTopologyImpl.java:add(111)) - Added a new node: /default-rack/59a36ea5-c9b1-471c-a7e2-5ded742c5318
2019-10-04 02:50:21,536 [IPC Server handler 5 on 42580] INFO  node.SCMNodeManager (SCMNodeManager.java:register(266)) - Registered Data node : 59a36ea5-c9b1-471c-a7e2-5ded742c5318{ip: 192.168.164.196, host: pr-hdds-2181-xhd89-2114587330, networkLocation: /default-rack, certSerialId: null}
2019-10-04 02:50:21,536 [EventQueue-NodeRegistrationContainerReportForDataNodeSafeModeRule] INFO  safemode.SCMSafeModeManager (DataNodeSafeModeRule.java:process(71)) - SCM in safe mode. 1 DataNodes registered, 1 required.
2019-10-04 02:50:21,544 [EventQueue-NodeRegistrationContainerReportForDataNodeSafeModeRule] INFO  safemode.SCMSafeModeManager (SCMSafeModeManager.java:validateSafeModeExitRules(177)) - ScmSafeModeManager, all rules are successfully validated
2019-10-04 02:50:21,545 [EventQueue-NodeRegistrationContainerReportForDataNodeSafeModeRule] INFO  safemode.SCMSafeModeManager (SCMSafeModeManager.java:exitSafeMode(193)) - SCM exiting safe mode.
2019-10-04 02:50:21,554 [grpc-default-executor-2] INFO  impl.RaftServerProxy (RaftServerProxy.java:addNew(89)) - 59a36ea5-c9b1-471c-a7e2-5ded742c5318: addNew group-A90DDC70653C:[59a36ea5-c9b1-471c-a7e2-5ded742c5318:192.168.164.196:39026] returns group-A90DDC70653C:java.util.concurrent.CompletableFuture@1bfb98e5[Not completed]
2019-10-04 02:50:21,556 [pool-383-thread-1] INFO  impl.RaftServerImpl (RaftServerImpl.java:<init>(95)) - 59a36ea5-c9b1-471c-a7e2-5ded742c5318: new RaftServerImpl for group-A90DDC70653C:[59a36ea5-c9b1-471c-a7e2-5ded742c5318:192.168.164.196:39026] with ContainerStateMachine:uninitialized
2019-10-04 02:50:21,556 [pool-383-thread-1] INFO  server.RaftServerConfigKeys (ConfUtils.java:logGet(43)) - raft.server.rpc.timeout.min = 5s (custom)
2019-10-04 02:50:21,556 [pool-383-thread-1] INFO  server.RaftServerConfigKeys (ConfUtils.java:logGet(43)) - raft.server.rpc.timeout.max = 5200ms (custom)
2019-10-04 02:50:21,556 [pool-383-thread-1] INFO  server.RaftServerConfigKeys (ConfUtils.java:logGet(43)) - raft.server.rpcslowness.timeout = 120s (custom)
2019-10-04 02:50:21,556 [pool-383-thread-1] INFO  server.RaftServerConfigKeys (ConfUtils.java:logGet(43)) - raft.server.sleep.deviation.threshold = 300 (default)
2019-10-04 02:50:21,556 [pool-383-thread-1] INFO  server.RaftServerConfigKeys (ConfUtils.java:logGet(43)) - raft.server.log.appender.install.snapshot.enabled = false (custom)
2019-10-04 02:50:21,556 [pool-383-thread-1] INFO  impl.RaftServerImpl (ServerState.java:<init>(103)) - 59a36ea5-c9b1-471c-a7e2-5ded742c5318@group-A90DDC70653C: ConfigurationManager, init=-1: [59a36ea5-c9b1-471c-a7e2-5ded742c5318:192.168.164.196:39026], old=null, confs=<EMPTY_MAP>
2019-10-04 02:50:21,557 [pool-383-thread-1] INFO  server.RaftServerConfigKeys (ConfUtils.java:logGet(43)) - raft.server.storage.dir = [/workdir/hadoop-ozone/integration-test/target/test-dir/MiniOzoneClusterImpl-6853f8fe-c5bc-4689-8468-e23c9095c6f3/datanode-0/data/ratis] (custom)
2019-10-04 02:50:21,557 [pool-383-thread-1] INFO  server.RaftServerConfigKeys (ConfUtils.java:logGet(43)) - raft.server.log.corruption.policy = EXCEPTION (default)
2019-10-04 02:50:21,557 [pool-383-thread-1] INFO  storage.RaftStorageDirectory (RaftStorageDirectory.java:analyzeStorage(246)) - The storage directory /workdir/hadoop-ozone/integration-test/target/test-dir/MiniOzoneClusterImpl-6853f8fe-c5bc-4689-8468-e23c9095c6f3/datanode-0/data/ratis/65dd588a-3606-4a1c-a85b-a90ddc70653c does not exist. Creating ...
2019-10-04 02:50:21,571 [pool-383-thread-1] INFO  storage.RaftStorageDirectory (RaftStorageDirectory.java:tryLock(328)) - Lock on /workdir/hadoop-ozone/integration-test/target/test-dir/MiniOzoneClusterImpl-6853f8fe-c5bc-4689-8468-e23c9095c6f3/datanode-0/data/ratis/65dd588a-3606-4a1c-a85b-a90ddc70653c/in_use.lock acquired by nodename 16149@pr-hdds-2181-xhd89-2114587330
2019-10-04 02:50:21,584 [pool-383-thread-1] INFO  storage.RaftStorage (RaftStorage.java:format(84)) - Storage directory /workdir/hadoop-ozone/integration-test/target/test-dir/MiniOzoneClusterImpl-6853f8fe-c5bc-4689-8468-e23c9095c6f3/datanode-0/data/ratis/65dd588a-3606-4a1c-a85b-a90ddc70653c has been successfully formatted.
2019-10-04 02:50:21,584 [pool-383-thread-1] INFO  ratis.ContainerStateMachine (ContainerStateMachine.java:loadSnapshot(230)) - group-A90DDC70653C: The snapshot info is null. Setting the last applied indexto:(t:0, i:~)
2019-10-04 02:50:21,584 [pool-383-thread-1] INFO  server.RaftServerConfigKeys (ConfUtils.java:logGet(43)) - raft.server.notification.no-leader.timeout = 120s (custom)
2019-10-04 02:50:21,584 [pool-383-thread-1] INFO  server.RaftServerConfigKeys (ConfUtils.java:logGet(43)) - raft.server.log.use.memory = false (default)
2019-10-04 02:50:21,584 [pool-383-thread-1] INFO  server.RaftServerConfigKeys (ConfUtils.java:logGet(43)) - raft.server.log.purge.gap = 1000000 (custom)
2019-10-04 02:50:21,585 [pool-383-thread-1] INFO  server.RaftServerConfigKeys (ConfUtils.java:logGet(43)) - raft.server.log.appender.buffer.byte-limit = 33554432 (custom)
2019-10-04 02:50:21,585 [pool-383-thread-1] INFO  server.RaftServerConfigKeys (ConfUtils.java:logGet(43)) - raft.server.log.segment.size.max = 1048576 (custom)
2019-10-04 02:50:21,587 [pool-383-thread-1] INFO  server.RaftServerConfigKeys (ConfUtils.java:logGet(43)) - raft.server.log.segment.cache.num.max = 2 (custom)
2019-10-04 02:50:21,587 [pool-383-thread-1] INFO  segmented.SegmentedRaftLogWorker (SegmentedRaftLogWorker.java:<init>(173)) - new 59a36ea5-c9b1-471c-a7e2-5ded742c5318@group-A90DDC70653C-SegmentedRaftLogWorker for RaftStorage:Storage Directory /workdir/hadoop-ozone/integration-test/target/test-dir/MiniOzoneClusterImpl-6853f8fe-c5bc-4689-8468-e23c9095c6f3/datanode-0/data/ratis/65dd588a-3606-4a1c-a85b-a90ddc70653c
2019-10-04 02:50:21,587 [pool-383-thread-1] INFO  server.RaftServerConfigKeys (ConfUtils.java:logGet(43)) - raft.server.log.queue.byte-limit = 2147483647 (custom)
2019-10-04 02:50:21,587 [pool-383-thread-1] INFO  server.RaftServerConfigKeys (ConfUtils.java:logGet(43)) - raft.server.log.queue.element-limit = 1024 (custom)
2019-10-04 02:50:21,587 [pool-383-thread-1] INFO  server.RaftServerConfigKeys (ConfUtils.java:logGet(43)) - raft.server.log.segment.size.max = 1048576 (custom)
2019-10-04 02:50:21,588 [pool-383-thread-1] INFO  server.RaftServerConfigKeys (ConfUtils.java:logGet(43)) - raft.server.log.preallocated.size = 16384 (custom)
2019-10-04 02:50:21,588 [pool-383-thread-1] INFO  server.RaftServerConfigKeys (ConfUtils.java:logGet(43)) - raft.server.log.write.buffer.size = 33554432 (custom)
2019-10-04 02:50:21,588 [pool-383-thread-1] INFO  server.RaftServerConfigKeys (ConfUtils.java:logGet(43)) - raft.server.log.force.sync.num = 128 (default)
2019-10-04 02:50:21,588 [pool-383-thread-1] INFO  server.RaftServerConfigKeys (ConfUtils.java:logGet(43)) - raft.server.log.statemachine.data.sync = true (default)
2019-10-04 02:50:21,588 [pool-383-thread-1] INFO  server.RaftServerConfigKeys (ConfUtils.java:logGet(43)) - raft.server.log.statemachine.data.sync.timeout = 10s (default)
2019-10-04 02:50:21,588 [pool-383-thread-1] INFO  server.RaftServerConfigKeys (ConfUtils.java:logGet(43)) - raft.server.log.statemachine.data.sync.timeout.retry = -1 (default)
2019-10-04 02:50:21,589 [pool-383-thread-1] INFO  server.RaftServerConfigKeys (ConfUtils.java:logGet(43)) - raft.server.log.statemachine.data.caching.enabled = true (custom)
2019-10-04 02:50:21,589 [pool-383-thread-1] INFO  segmented.SegmentedRaftLogWorker (SegmentedRaftLogWorker.java:lambda$new$0(128)) - 59a36ea5-c9b1-471c-a7e2-5ded742c5318@group-A90DDC70653C-SegmentedRaftLogWorker: flushIndex: setUnconditionally 0 -> -1
2019-10-04 02:50:21,589 [pool-383-thread-1] INFO  server.RaftServerConfigKeys (ConfUtils.java:logGet(43)) - raft.server.snapshot.auto.trigger.enabled = true (custom)
2019-10-04 02:50:21,589 [pool-383-thread-1] INFO  server.RaftServerConfigKeys (ConfUtils.java:logGet(43)) - raft.server.snapshot.auto.trigger.threshold = 10000 (custom)
2019-10-04 02:50:21,589 [pool-383-thread-1] INFO  server.RaftServerConfigKeys (ConfUtils.java:logGet(43)) - raft.server.snapshot.retention.file.num = 5 (custom)
2019-10-04 02:50:21,590 [pool-383-thread-1] INFO  server.RaftServerConfigKeys (ConfUtils.java:logGet(43)) - raft.server.retrycache.expirytime = 600000ms (custom)
2019-10-04 02:50:21,591 [pool-383-thread-1] INFO  impl.RaftServerImpl (RaftServerImpl.java:start(181)) - 59a36ea5-c9b1-471c-a7e2-5ded742c5318@group-A90DDC70653C: start as a follower, conf=-1: [59a36ea5-c9b1-471c-a7e2-5ded742c5318:192.168.164.196:39026], old=null
2019-10-04 02:50:21,591 [pool-383-thread-1] INFO  impl.RaftServerImpl (RaftServerImpl.java:setRole(170)) - 59a36ea5-c9b1-471c-a7e2-5ded742c5318@group-A90DDC70653C: changes role from      null to FOLLOWER at term 0 for startAsFollower
2019-10-04 02:50:21,591 [pool-383-thread-1] INFO  impl.RoleInfo (RoleInfo.java:updateAndGet(143)) - 59a36ea5-c9b1-471c-a7e2-5ded742c5318: start FollowerState
2019-10-04 02:50:21,592 [pool-383-thread-1] INFO  util.JmxRegister (JmxRegister.java:tryRegister(44)) - Successfully registered JMX Bean with object name Ratis:service=RaftServer,group=group-A90DDC70653C,id=59a36ea5-c9b1-471c-a7e2-5ded742c5318
2019-10-04 02:50:21,608 [RatisPipelineUtilsThread] INFO  pipeline.PipelineStateManager (PipelineStateManager.java:addPipeline(56)) - Created pipeline Pipeline[ Id: 65dd588a-3606-4a1c-a85b-a90ddc70653c, Nodes: 59a36ea5-c9b1-471c-a7e2-5ded742c5318{ip: 192.168.164.196, host: pr-hdds-2181-xhd89-2114587330, networkLocation: /default-rack, certSerialId: null}, Type:RATIS, Factor:ONE, State:OPEN]
2019-10-04 02:50:21,640 [IPC Server handler 6 on 42580] INFO  net.NetworkTopology (NetworkTopologyImpl.java:add(111)) - Added a new node: /default-rack/5d386dc5-aef6-4fdc-9315-174121a43b8d
2019-10-04 02:50:21,640 [IPC Server handler 6 on 42580] INFO  node.SCMNodeManager (SCMNodeManager.java:register(266)) - Registered Data node : 5d386dc5-aef6-4fdc-9315-174121a43b8d{ip: 192.168.164.196, host: pr-hdds-2181-xhd89-2114587330, networkLocation: /default-rack, certSerialId: null}
2019-10-04 02:50:21,648 [grpc-default-executor-2] INFO  impl.RaftServerProxy (RaftServerProxy.java:addNew(89)) - 5d386dc5-aef6-4fdc-9315-174121a43b8d: addNew group-75DA1EBDCC8F:[5d386dc5-aef6-4fdc-9315-174121a43b8d:192.168.164.196:42180] returns group-75DA1EBDCC8F:java.util.concurrent.CompletableFuture@36a4d03f[Not completed]
2019-10-04 02:50:21,649 [pool-393-thread-1] INFO  impl.RaftServerImpl (RaftServerImpl.java:<init>(95)) - 5d386dc5-aef6-4fdc-9315-174121a43b8d: new RaftServerImpl for group-75DA1EBDCC8F:[5d386dc5-aef6-4fdc-9315-174121a43b8d:192.168.164.196:42180] with ContainerStateMachine:uninitialized
2019-10-04 02:50:21,649 [pool-393-thread-1] INFO  server.RaftServerConfigKeys (ConfUtils.java:logGet(43)) - raft.server.rpc.timeout.min = 5s (custom)
2019-10-04 02:50:21,649 [pool-393-thread-1] INFO  server.RaftServerConfigKeys (ConfUtils.java:logGet(43)) - raft.server.rpc.timeout.max = 5200ms (custom)
2019-10-04 02:50:21,650 [pool-393-thread-1] INFO  server.RaftServerConfigKeys (ConfUtils.java:logGet(43)) - raft.server.rpcslowness.timeout = 120s (custom)
2019-10-04 02:50:21,650 [pool-393-thread-1] INFO  server.RaftServerConfigKeys (ConfUtils.java:logGet(43)) - raft.server.sleep.deviation.threshold = 300 (default)
2019-10-04 02:50:21,650 [pool-393-thread-1] INFO  server.RaftServerConfigKeys (ConfUtils.java:logGet(43)) - raft.server.log.appender.install.snapshot.enabled = false (custom)
2019-10-04 02:50:21,650 [pool-393-thread-1] INFO  impl.RaftServerImpl (ServerState.java:<init>(103)) - 5d386dc5-aef6-4fdc-9315-174121a43b8d@group-75DA1EBDCC8F: ConfigurationManager, init=-1: [5d386dc5-aef6-4fdc-9315-174121a43b8d:192.168.164.196:42180], old=null, confs=<EMPTY_MAP>
2019-10-04 02:50:21,650 [pool-393-thread-1] INFO  server.RaftServerConfigKeys (ConfUtils.java:logGet(43)) - raft.server.storage.dir = [/workdir/hadoop-ozone/integration-test/target/test-dir/MiniOzoneClusterImpl-6853f8fe-c5bc-4689-8468-e23c9095c6f3/datanode-1/data/ratis] (custom)
2019-10-04 02:50:21,650 [pool-393-thread-1] INFO  server.RaftServerConfigKeys (ConfUtils.java:logGet(43)) - raft.server.log.corruption.policy = EXCEPTION (default)
2019-10-04 02:50:21,650 [pool-393-thread-1] INFO  storage.RaftStorageDirectory (RaftStorageDirectory.java:analyzeStorage(246)) - The storage directory /workdir/hadoop-ozone/integration-test/target/test-dir/MiniOzoneClusterImpl-6853f8fe-c5bc-4689-8468-e23c9095c6f3/datanode-1/data/ratis/a1185921-2201-4244-ac2d-75da1ebdcc8f does not exist. Creating ...
2019-10-04 02:50:21,664 [pool-393-thread-1] INFO  storage.RaftStorageDirectory (RaftStorageDirectory.java:tryLock(328)) - Lock on /workdir/hadoop-ozone/integration-test/target/test-dir/MiniOzoneClusterImpl-6853f8fe-c5bc-4689-8468-e23c9095c6f3/datanode-1/data/ratis/a1185921-2201-4244-ac2d-75da1ebdcc8f/in_use.lock acquired by nodename 16149@pr-hdds-2181-xhd89-2114587330
2019-10-04 02:50:21,676 [pool-393-thread-1] INFO  storage.RaftStorage (RaftStorage.java:format(84)) - Storage directory /workdir/hadoop-ozone/integration-test/target/test-dir/MiniOzoneClusterImpl-6853f8fe-c5bc-4689-8468-e23c9095c6f3/datanode-1/data/ratis/a1185921-2201-4244-ac2d-75da1ebdcc8f has been successfully formatted.
2019-10-04 02:50:21,677 [pool-393-thread-1] INFO  ratis.ContainerStateMachine (ContainerStateMachine.java:loadSnapshot(230)) - group-75DA1EBDCC8F: The snapshot info is null. Setting the last applied indexto:(t:0, i:~)
2019-10-04 02:50:21,677 [pool-393-thread-1] INFO  server.RaftServerConfigKeys (ConfUtils.java:logGet(43)) - raft.server.notification.no-leader.timeout = 120s (custom)
2019-10-04 02:50:21,677 [pool-393-thread-1] INFO  server.RaftServerConfigKeys (ConfUtils.java:logGet(43)) - raft.server.log.use.memory = false (default)
2019-10-04 02:50:21,677 [pool-393-thread-1] INFO  server.RaftServerConfigKeys (ConfUtils.java:logGet(43)) - raft.server.log.purge.gap = 1000000 (custom)
2019-10-04 02:50:21,677 [pool-393-thread-1] INFO  server.RaftServerConfigKeys (ConfUtils.java:logGet(43)) - raft.server.log.appender.buffer.byte-limit = 33554432 (custom)
2019-10-04 02:50:21,677 [pool-393-thread-1] INFO  server.RaftServerConfigKeys (ConfUtils.java:logGet(43)) - raft.server.log.segment.size.max = 1048576 (custom)
2019-10-04 02:50:21,679 [pool-393-thread-1] INFO  server.RaftServerConfigKeys (ConfUtils.java:logGet(43)) - raft.server.log.segment.cache.num.max = 2 (custom)
2019-10-04 02:50:21,679 [pool-393-thread-1] INFO  segmented.SegmentedRaftLogWorker (SegmentedRaftLogWorker.java:<init>(173)) - new 5d386dc5-aef6-4fdc-9315-174121a43b8d@group-75DA1EBDCC8F-SegmentedRaftLogWorker for RaftStorage:Storage Directory /workdir/hadoop-ozone/integration-test/target/test-dir/MiniOzoneClusterImpl-6853f8fe-c5bc-4689-8468-e23c9095c6f3/datanode-1/data/ratis/a1185921-2201-4244-ac2d-75da1ebdcc8f
2019-10-04 02:50:21,679 [pool-393-thread-1] INFO  server.RaftServerConfigKeys (ConfUtils.java:logGet(43)) - raft.server.log.queue.byte-limit = 2147483647 (custom)
2019-10-04 02:50:21,679 [pool-393-thread-1] INFO  server.RaftServerConfigKeys (ConfUtils.java:logGet(43)) - raft.server.log.queue.element-limit = 1024 (custom)
2019-10-04 02:50:21,679 [pool-393-thread-1] INFO  server.RaftServerConfigKeys (ConfUtils.java:logGet(43)) - raft.server.log.segment.size.max = 1048576 (custom)
2019-10-04 02:50:21,679 [pool-393-thread-1] INFO  server.RaftServerConfigKeys (ConfUtils.java:logGet(43)) - raft.server.log.preallocated.size = 16384 (custom)
2019-10-04 02:50:21,679 [pool-393-thread-1] INFO  server.RaftServerConfigKeys (ConfUtils.java:logGet(43)) - raft.server.log.write.buffer.size = 33554432 (custom)
2019-10-04 02:50:21,679 [pool-393-thread-1] INFO  server.RaftServerConfigKeys (ConfUtils.java:logGet(43)) - raft.server.log.force.sync.num = 128 (default)
2019-10-04 02:50:21,680 [pool-393-thread-1] INFO  server.RaftServerConfigKeys (ConfUtils.java:logGet(43)) - raft.server.log.statemachine.data.sync = true (default)
2019-10-04 02:50:21,680 [pool-393-thread-1] INFO  server.RaftServerConfigKeys (ConfUtils.java:logGet(43)) - raft.server.log.statemachine.data.sync.timeout = 10s (default)
2019-10-04 02:50:21,680 [pool-393-thread-1] INFO  server.RaftServerConfigKeys (ConfUtils.java:logGet(43)) - raft.server.log.statemachine.data.sync.timeout.retry = -1 (default)
2019-10-04 02:50:21,680 [pool-393-thread-1] INFO  server.RaftServerConfigKeys (ConfUtils.java:logGet(43)) - raft.server.log.statemachine.data.caching.enabled = true (custom)
2019-10-04 02:50:21,680 [pool-393-thread-1] INFO  segmented.SegmentedRaftLogWorker (SegmentedRaftLogWorker.java:lambda$new$0(128)) - 5d386dc5-aef6-4fdc-9315-174121a43b8d@group-75DA1EBDCC8F-SegmentedRaftLogWorker: flushIndex: setUnconditionally 0 -> -1
2019-10-04 02:50:21,680 [pool-393-thread-1] INFO  server.RaftServerConfigKeys (ConfUtils.java:logGet(43)) - raft.server.snapshot.auto.trigger.enabled = true (custom)
2019-10-04 02:50:21,681 [pool-393-thread-1] INFO  server.RaftServerConfigKeys (ConfUtils.java:logGet(43)) - raft.server.snapshot.auto.trigger.threshold = 10000 (custom)
2019-10-04 02:50:21,681 [pool-393-thread-1] INFO  server.RaftServerConfigKeys (ConfUtils.java:logGet(43)) - raft.server.snapshot.retention.file.num = 5 (custom)
2019-10-04 02:50:21,681 [pool-393-thread-1] INFO  server.RaftServerConfigKeys (ConfUtils.java:logGet(43)) - raft.server.retrycache.expirytime = 600000ms (custom)
2019-10-04 02:50:21,682 [pool-393-thread-1] INFO  impl.RaftServerImpl (RaftServerImpl.java:start(181)) - 5d386dc5-aef6-4fdc-9315-174121a43b8d@group-75DA1EBDCC8F: start as a follower, conf=-1: [5d386dc5-aef6-4fdc-9315-174121a43b8d:192.168.164.196:42180], old=null
2019-10-04 02:50:21,683 [pool-393-thread-1] INFO  impl.RaftServerImpl (RaftServerImpl.java:setRole(170)) - 5d386dc5-aef6-4fdc-9315-174121a43b8d@group-75DA1EBDCC8F: changes role from      null to FOLLOWER at term 0 for startAsFollower
2019-10-04 02:50:21,683 [pool-393-thread-1] INFO  impl.RoleInfo (RoleInfo.java:updateAndGet(143)) - 5d386dc5-aef6-4fdc-9315-174121a43b8d: start FollowerState
2019-10-04 02:50:21,683 [pool-393-thread-1] INFO  util.JmxRegister (JmxRegister.java:tryRegister(44)) - Successfully registered JMX Bean with object name Ratis:service=RaftServer,group=group-75DA1EBDCC8F,id=5d386dc5-aef6-4fdc-9315-174121a43b8d
2019-10-04 02:50:21,686 [RatisPipelineUtilsThread] INFO  pipeline.PipelineStateManager (PipelineStateManager.java:addPipeline(56)) - Created pipeline Pipeline[ Id: a1185921-2201-4244-ac2d-75da1ebdcc8f, Nodes: 5d386dc5-aef6-4fdc-9315-174121a43b8d{ip: 192.168.164.196, host: pr-hdds-2181-xhd89-2114587330, networkLocation: /default-rack, certSerialId: null}, Type:RATIS, Factor:ONE, State:OPEN]
2019-10-04 02:50:21,733 [IPC Server handler 4 on 42580] INFO  net.NetworkTopology (NetworkTopologyImpl.java:add(111)) - Added a new node: /default-rack/f6d53d00-79b3-42a2-b41c-6d71791e39d3
2019-10-04 02:50:21,733 [IPC Server handler 4 on 42580] INFO  node.SCMNodeManager (SCMNodeManager.java:register(266)) - Registered Data node : f6d53d00-79b3-42a2-b41c-6d71791e39d3{ip: 192.168.164.196, host: pr-hdds-2181-xhd89-2114587330, networkLocation: /default-rack, certSerialId: null}
2019-10-04 02:50:21,740 [grpc-default-executor-2] INFO  impl.RaftServerProxy (RaftServerProxy.java:addNew(89)) - f6d53d00-79b3-42a2-b41c-6d71791e39d3: addNew group-B0971B6EB602:[f6d53d00-79b3-42a2-b41c-6d71791e39d3:192.168.164.196:38281] returns group-B0971B6EB602:java.util.concurrent.CompletableFuture@1c960bc0[Not completed]
2019-10-04 02:50:21,741 [pool-403-thread-1] INFO  impl.RaftServerImpl (RaftServerImpl.java:<init>(95)) - f6d53d00-79b3-42a2-b41c-6d71791e39d3: new RaftServerImpl for group-B0971B6EB602:[f6d53d00-79b3-42a2-b41c-6d71791e39d3:192.168.164.196:38281] with ContainerStateMachine:uninitialized
2019-10-04 02:50:21,741 [pool-403-thread-1] INFO  server.RaftServerConfigKeys (ConfUtils.java:logGet(43)) - raft.server.rpc.timeout.min = 5s (custom)
2019-10-04 02:50:21,741 [pool-403-thread-1] INFO  server.RaftServerConfigKeys (ConfUtils.java:logGet(43)) - raft.server.rpc.timeout.max = 5200ms (custom)
2019-10-04 02:50:21,741 [pool-403-thread-1] INFO  server.RaftServerConfigKeys (ConfUtils.java:logGet(43)) - raft.server.rpcslowness.timeout = 120s (custom)
2019-10-04 02:50:21,741 [pool-403-thread-1] INFO  server.RaftServerConfigKeys (ConfUtils.java:logGet(43)) - raft.server.sleep.deviation.threshold = 300 (default)
2019-10-04 02:50:21,741 [pool-403-thread-1] INFO  server.RaftServerConfigKeys (ConfUtils.java:logGet(43)) - raft.server.log.appender.install.snapshot.enabled = false (custom)
2019-10-04 02:50:21,742 [pool-403-thread-1] INFO  impl.RaftServerImpl (ServerState.java:<init>(103)) - f6d53d00-79b3-42a2-b41c-6d71791e39d3@group-B0971B6EB602: ConfigurationManager, init=-1: [f6d53d00-79b3-42a2-b41c-6d71791e39d3:192.168.164.196:38281], old=null, confs=<EMPTY_MAP>
2019-10-04 02:50:21,742 [pool-403-thread-1] INFO  server.RaftServerConfigKeys (ConfUtils.java:logGet(43)) - raft.server.storage.dir = [/workdir/hadoop-ozone/integration-test/target/test-dir/MiniOzoneClusterImpl-6853f8fe-c5bc-4689-8468-e23c9095c6f3/datanode-2/data/ratis] (custom)
2019-10-04 02:50:21,742 [pool-403-thread-1] INFO  server.RaftServerConfigKeys (ConfUtils.java:logGet(43)) - raft.server.log.corruption.policy = EXCEPTION (default)
2019-10-04 02:50:21,742 [pool-403-thread-1] INFO  storage.RaftStorageDirectory (RaftStorageDirectory.java:analyzeStorage(246)) - The storage directory /workdir/hadoop-ozone/integration-test/target/test-dir/MiniOzoneClusterImpl-6853f8fe-c5bc-4689-8468-e23c9095c6f3/datanode-2/data/ratis/683e43c1-e5e8-46ac-9664-b0971b6eb602 does not exist. Creating ...
2019-10-04 02:50:21,755 [pool-403-thread-1] INFO  storage.RaftStorageDirectory (RaftStorageDirectory.java:tryLock(328)) - Lock on /workdir/hadoop-ozone/integration-test/target/test-dir/MiniOzoneClusterImpl-6853f8fe-c5bc-4689-8468-e23c9095c6f3/datanode-2/data/ratis/683e43c1-e5e8-46ac-9664-b0971b6eb602/in_use.lock acquired by nodename 16149@pr-hdds-2181-xhd89-2114587330
2019-10-04 02:50:21,768 [pool-403-thread-1] INFO  storage.RaftStorage (RaftStorage.java:format(84)) - Storage directory /workdir/hadoop-ozone/integration-test/target/test-dir/MiniOzoneClusterImpl-6853f8fe-c5bc-4689-8468-e23c9095c6f3/datanode-2/data/ratis/683e43c1-e5e8-46ac-9664-b0971b6eb602 has been successfully formatted.
2019-10-04 02:50:21,768 [pool-403-thread-1] INFO  ratis.ContainerStateMachine (ContainerStateMachine.java:loadSnapshot(230)) - group-B0971B6EB602: The snapshot info is null. Setting the last applied indexto:(t:0, i:~)
2019-10-04 02:50:21,768 [pool-403-thread-1] INFO  server.RaftServerConfigKeys (ConfUtils.java:logGet(43)) - raft.server.notification.no-leader.timeout = 120s (custom)
2019-10-04 02:50:21,768 [pool-403-thread-1] INFO  server.RaftServerConfigKeys (ConfUtils.java:logGet(43)) - raft.server.log.use.memory = false (default)
2019-10-04 02:50:21,769 [pool-403-thread-1] INFO  server.RaftServerConfigKeys (ConfUtils.java:logGet(43)) - raft.server.log.purge.gap = 1000000 (custom)
2019-10-04 02:50:21,769 [pool-403-thread-1] INFO  server.RaftServerConfigKeys (ConfUtils.java:logGet(43)) - raft.server.log.appender.buffer.byte-limit = 33554432 (custom)
2019-10-04 02:50:21,769 [pool-403-thread-1] INFO  server.RaftServerConfigKeys (ConfUtils.java:logGet(43)) - raft.server.log.segment.size.max = 1048576 (custom)
2019-10-04 02:50:21,770 [pool-403-thread-1] INFO  server.RaftServerConfigKeys (ConfUtils.java:logGet(43)) - raft.server.log.segment.cache.num.max = 2 (custom)
2019-10-04 02:50:21,770 [pool-403-thread-1] INFO  segmented.SegmentedRaftLogWorker (SegmentedRaftLogWorker.java:<init>(173)) - new f6d53d00-79b3-42a2-b41c-6d71791e39d3@group-B0971B6EB602-SegmentedRaftLogWorker for RaftStorage:Storage Directory /workdir/hadoop-ozone/integration-test/target/test-dir/MiniOzoneClusterImpl-6853f8fe-c5bc-4689-8468-e23c9095c6f3/datanode-2/data/ratis/683e43c1-e5e8-46ac-9664-b0971b6eb602
2019-10-04 02:50:21,770 [pool-403-thread-1] INFO  server.RaftServerConfigKeys (ConfUtils.java:logGet(43)) - raft.server.log.queue.byte-limit = 2147483647 (custom)
2019-10-04 02:50:21,771 [pool-403-thread-1] INFO  server.RaftServerConfigKeys (ConfUtils.java:logGet(43)) - raft.server.log.queue.element-limit = 1024 (custom)
2019-10-04 02:50:21,771 [pool-403-thread-1] INFO  server.RaftServerConfigKeys (ConfUtils.java:logGet(43)) - raft.server.log.segment.size.max = 1048576 (custom)
2019-10-04 02:50:21,771 [pool-403-thread-1] INFO  server.RaftServerConfigKeys (ConfUtils.java:logGet(43)) - raft.server.log.preallocated.size = 16384 (custom)
2019-10-04 02:50:21,771 [pool-403-thread-1] INFO  server.RaftServerConfigKeys (ConfUtils.java:logGet(43)) - raft.server.log.write.buffer.size = 33554432 (custom)
2019-10-04 02:50:21,771 [pool-403-thread-1] INFO  server.RaftServerConfigKeys (ConfUtils.java:logGet(43)) - raft.server.log.force.sync.num = 128 (default)
2019-10-04 02:50:21,771 [pool-403-thread-1] INFO  server.RaftServerConfigKeys (ConfUtils.java:logGet(43)) - raft.server.log.statemachine.data.sync = true (default)
2019-10-04 02:50:21,771 [pool-403-thread-1] INFO  server.RaftServerConfigKeys (ConfUtils.java:logGet(43)) - raft.server.log.statemachine.data.sync.timeout = 10s (default)
2019-10-04 02:50:21,771 [pool-403-thread-1] INFO  server.RaftServerConfigKeys (ConfUtils.java:logGet(43)) - raft.server.log.statemachine.data.sync.timeout.retry = -1 (default)
2019-10-04 02:50:21,772 [pool-403-thread-1] INFO  server.RaftServerConfigKeys (ConfUtils.java:logGet(43)) - raft.server.log.statemachine.data.caching.enabled = true (custom)
2019-10-04 02:50:21,772 [pool-403-thread-1] INFO  segmented.SegmentedRaftLogWorker (SegmentedRaftLogWorker.java:lambda$new$0(128)) - f6d53d00-79b3-42a2-b41c-6d71791e39d3@group-B0971B6EB602-SegmentedRaftLogWorker: flushIndex: setUnconditionally 0 -> -1
2019-10-04 02:50:21,772 [pool-403-thread-1] INFO  server.RaftServerConfigKeys (ConfUtils.java:logGet(43)) - raft.server.snapshot.auto.trigger.enabled = true (custom)
2019-10-04 02:50:21,772 [pool-403-thread-1] INFO  server.RaftServerConfigKeys (ConfUtils.java:logGet(43)) - raft.server.snapshot.auto.trigger.threshold = 10000 (custom)
2019-10-04 02:50:21,772 [pool-403-thread-1] INFO  server.RaftServerConfigKeys (ConfUtils.java:logGet(43)) - raft.server.snapshot.retention.file.num = 5 (custom)
2019-10-04 02:50:21,773 [pool-403-thread-1] INFO  server.RaftServerConfigKeys (ConfUtils.java:logGet(43)) - raft.server.retrycache.expirytime = 600000ms (custom)
2019-10-04 02:50:21,774 [pool-403-thread-1] INFO  impl.RaftServerImpl (RaftServerImpl.java:start(181)) - f6d53d00-79b3-42a2-b41c-6d71791e39d3@group-B0971B6EB602: start as a follower, conf=-1: [f6d53d00-79b3-42a2-b41c-6d71791e39d3:192.168.164.196:38281], old=null
2019-10-04 02:50:21,774 [pool-403-thread-1] INFO  impl.RaftServerImpl (RaftServerImpl.java:setRole(170)) - f6d53d00-79b3-42a2-b41c-6d71791e39d3@group-B0971B6EB602: changes role from      null to FOLLOWER at term 0 for startAsFollower
2019-10-04 02:50:21,774 [pool-403-thread-1] INFO  impl.RoleInfo (RoleInfo.java:updateAndGet(143)) - f6d53d00-79b3-42a2-b41c-6d71791e39d3: start FollowerState
2019-10-04 02:50:21,774 [pool-403-thread-1] INFO  util.JmxRegister (JmxRegister.java:tryRegister(44)) - Successfully registered JMX Bean with object name Ratis:service=RaftServer,group=group-B0971B6EB602,id=f6d53d00-79b3-42a2-b41c-6d71791e39d3
2019-10-04 02:50:21,778 [RatisPipelineUtilsThread] INFO  pipeline.PipelineStateManager (PipelineStateManager.java:addPipeline(56)) - Created pipeline Pipeline[ Id: 683e43c1-e5e8-46ac-9664-b0971b6eb602, Nodes: f6d53d00-79b3-42a2-b41c-6d71791e39d3{ip: 192.168.164.196, host: pr-hdds-2181-xhd89-2114587330, networkLocation: /default-rack, certSerialId: null}, Type:RATIS, Factor:ONE, State:OPEN]
2019-10-04 02:50:21,815 [grpc-default-executor-2] INFO  impl.RaftServerProxy (RaftServerProxy.java:addNew(89)) - f6d53d00-79b3-42a2-b41c-6d71791e39d3: addNew group-93BA0FA0F8C5:[5d386dc5-aef6-4fdc-9315-174121a43b8d:192.168.164.196:42180, 59a36ea5-c9b1-471c-a7e2-5ded742c5318:192.168.164.196:39026, f6d53d00-79b3-42a2-b41c-6d71791e39d3:192.168.164.196:38281] returns group-93BA0FA0F8C5:java.util.concurrent.CompletableFuture@71040a69[Not completed]
2019-10-04 02:50:21,815 [grpc-default-executor-4] INFO  impl.RaftServerProxy (RaftServerProxy.java:addNew(89)) - 5d386dc5-aef6-4fdc-9315-174121a43b8d: addNew group-93BA0FA0F8C5:[5d386dc5-aef6-4fdc-9315-174121a43b8d:192.168.164.196:42180, 59a36ea5-c9b1-471c-a7e2-5ded742c5318:192.168.164.196:39026, f6d53d00-79b3-42a2-b41c-6d71791e39d3:192.168.164.196:38281] returns group-93BA0FA0F8C5:java.util.concurrent.CompletableFuture@76f8f12e[Not completed]
2019-10-04 02:50:21,815 [grpc-default-executor-8] INFO  impl.RaftServerProxy (RaftServerProxy.java:addNew(89)) - 59a36ea5-c9b1-471c-a7e2-5ded742c5318: addNew group-93BA0FA0F8C5:[5d386dc5-aef6-4fdc-9315-174121a43b8d:192.168.164.196:42180, 59a36ea5-c9b1-471c-a7e2-5ded742c5318:192.168.164.196:39026, f6d53d00-79b3-42a2-b41c-6d71791e39d3:192.168.164.196:38281] returns group-93BA0FA0F8C5:java.util.concurrent.CompletableFuture@739f680e[Not completed]
2019-10-04 02:50:21,816 [pool-403-thread-1] INFO  impl.RaftServerImpl (RaftServerImpl.java:<init>(95)) - f6d53d00-79b3-42a2-b41c-6d71791e39d3: new RaftServerImpl for group-93BA0FA0F8C5:[5d386dc5-aef6-4fdc-9315-174121a43b8d:192.168.164.196:42180, 59a36ea5-c9b1-471c-a7e2-5ded742c5318:192.168.164.196:39026, f6d53d00-79b3-42a2-b41c-6d71791e39d3:192.168.164.196:38281] with ContainerStateMachine:uninitialized
2019-10-04 02:50:21,816 [pool-403-thread-1] INFO  server.RaftServerConfigKeys (ConfUtils.java:logGet(43)) - raft.server.rpc.timeout.min = 5s (custom)
2019-10-04 02:50:21,816 [pool-403-thread-1] INFO  server.RaftServerConfigKeys (ConfUtils.java:logGet(43)) - raft.server.rpc.timeout.max = 5200ms (custom)
2019-10-04 02:50:21,816 [pool-403-thread-1] INFO  server.RaftServerConfigKeys (ConfUtils.java:logGet(43)) - raft.server.rpcslowness.timeout = 120s (custom)
2019-10-04 02:50:21,816 [pool-403-thread-1] INFO  server.RaftServerConfigKeys (ConfUtils.java:logGet(43)) - raft.server.sleep.deviation.threshold = 300 (default)
2019-10-04 02:50:21,816 [pool-403-thread-1] INFO  server.RaftServerConfigKeys (ConfUtils.java:logGet(43)) - raft.server.log.appender.install.snapshot.enabled = false (custom)
2019-10-04 02:50:21,816 [pool-383-thread-1] INFO  impl.RaftServerImpl (RaftServerImpl.java:<init>(95)) - 59a36ea5-c9b1-471c-a7e2-5ded742c5318: new RaftServerImpl for group-93BA0FA0F8C5:[5d386dc5-aef6-4fdc-9315-174121a43b8d:192.168.164.196:42180, 59a36ea5-c9b1-471c-a7e2-5ded742c5318:192.168.164.196:39026, f6d53d00-79b3-42a2-b41c-6d71791e39d3:192.168.164.196:38281] with ContainerStateMachine:uninitialized
2019-10-04 02:50:21,817 [pool-403-thread-1] INFO  impl.RaftServerImpl (ServerState.java:<init>(103)) - f6d53d00-79b3-42a2-b41c-6d71791e39d3@group-93BA0FA0F8C5: ConfigurationManager, init=-1: [5d386dc5-aef6-4fdc-9315-174121a43b8d:192.168.164.196:42180, 59a36ea5-c9b1-471c-a7e2-5ded742c5318:192.168.164.196:39026, f6d53d00-79b3-42a2-b41c-6d71791e39d3:192.168.164.196:38281], old=null, confs=<EMPTY_MAP>
2019-10-04 02:50:21,817 [pool-383-thread-1] INFO  server.RaftServerConfigKeys (ConfUtils.java:logGet(43)) - raft.server.rpc.timeout.min = 5s (custom)
2019-10-04 02:50:21,817 [pool-403-thread-1] INFO  server.RaftServerConfigKeys (ConfUtils.java:logGet(43)) - raft.server.storage.dir = [/workdir/hadoop-ozone/integration-test/target/test-dir/MiniOzoneClusterImpl-6853f8fe-c5bc-4689-8468-e23c9095c6f3/datanode-2/data/ratis] (custom)
2019-10-04 02:50:21,817 [pool-383-thread-1] INFO  server.RaftServerConfigKeys (ConfUtils.java:logGet(43)) - raft.server.rpc.timeout.max = 5200ms (custom)
2019-10-04 02:50:21,817 [pool-383-thread-1] INFO  server.RaftServerConfigKeys (ConfUtils.java:logGet(43)) - raft.server.rpcslowness.timeout = 120s (custom)
2019-10-04 02:50:21,817 [pool-393-thread-1] INFO  impl.RaftServerImpl (RaftServerImpl.java:<init>(95)) - 5d386dc5-aef6-4fdc-9315-174121a43b8d: new RaftServerImpl for group-93BA0FA0F8C5:[5d386dc5-aef6-4fdc-9315-174121a43b8d:192.168.164.196:42180, 59a36ea5-c9b1-471c-a7e2-5ded742c5318:192.168.164.196:39026, f6d53d00-79b3-42a2-b41c-6d71791e39d3:192.168.164.196:38281] with ContainerStateMachine:uninitialized
2019-10-04 02:50:21,817 [pool-403-thread-1] INFO  server.RaftServerConfigKeys (ConfUtils.java:logGet(43)) - raft.server.log.corruption.policy = EXCEPTION (default)
2019-10-04 02:50:21,817 [pool-393-thread-1] INFO  server.RaftServerConfigKeys (ConfUtils.java:logGet(43)) - raft.server.rpc.timeout.min = 5s (custom)
2019-10-04 02:50:21,817 [pool-383-thread-1] INFO  server.RaftServerConfigKeys (ConfUtils.java:logGet(43)) - raft.server.sleep.deviation.threshold = 300 (default)
2019-10-04 02:50:21,817 [pool-393-thread-1] INFO  server.RaftServerConfigKeys (ConfUtils.java:logGet(43)) - raft.server.rpc.timeout.max = 5200ms (custom)
2019-10-04 02:50:21,817 [pool-403-thread-1] INFO  storage.RaftStorageDirectory (RaftStorageDirectory.java:analyzeStorage(246)) - The storage directory /workdir/hadoop-ozone/integration-test/target/test-dir/MiniOzoneClusterImpl-6853f8fe-c5bc-4689-8468-e23c9095c6f3/datanode-2/data/ratis/a64b6623-a911-41c8-be46-93ba0fa0f8c5 does not exist. Creating ...
2019-10-04 02:50:21,818 [pool-393-thread-1] INFO  server.RaftServerConfigKeys (ConfUtils.java:logGet(43)) - raft.server.rpcslowness.timeout = 120s (custom)
2019-10-04 02:50:21,817 [pool-383-thread-1] INFO  server.RaftServerConfigKeys (ConfUtils.java:logGet(43)) - raft.server.log.appender.install.snapshot.enabled = false (custom)
2019-10-04 02:50:21,818 [pool-393-thread-1] INFO  server.RaftServerConfigKeys (ConfUtils.java:logGet(43)) - raft.server.sleep.deviation.threshold = 300 (default)
2019-10-04 02:50:21,818 [pool-383-thread-1] INFO  impl.RaftServerImpl (ServerState.java:<init>(103)) - 59a36ea5-c9b1-471c-a7e2-5ded742c5318@group-93BA0FA0F8C5: ConfigurationManager, init=-1: [5d386dc5-aef6-4fdc-9315-174121a43b8d:192.168.164.196:42180, 59a36ea5-c9b1-471c-a7e2-5ded742c5318:192.168.164.196:39026, f6d53d00-79b3-42a2-b41c-6d71791e39d3:192.168.164.196:38281], old=null, confs=<EMPTY_MAP>
2019-10-04 02:50:21,818 [pool-393-thread-1] INFO  server.RaftServerConfigKeys (ConfUtils.java:logGet(43)) - raft.server.log.appender.install.snapshot.enabled = false (custom)
2019-10-04 02:50:21,818 [pool-383-thread-1] INFO  server.RaftServerConfigKeys (ConfUtils.java:logGet(43)) - raft.server.storage.dir = [/workdir/hadoop-ozone/integration-test/target/test-dir/MiniOzoneClusterImpl-6853f8fe-c5bc-4689-8468-e23c9095c6f3/datanode-0/data/ratis] (custom)
2019-10-04 02:50:21,818 [pool-393-thread-1] INFO  impl.RaftServerImpl (ServerState.java:<init>(103)) - 5d386dc5-aef6-4fdc-9315-174121a43b8d@group-93BA0FA0F8C5: ConfigurationManager, init=-1: [5d386dc5-aef6-4fdc-9315-174121a43b8d:192.168.164.196:42180, 59a36ea5-c9b1-471c-a7e2-5ded742c5318:192.168.164.196:39026, f6d53d00-79b3-42a2-b41c-6d71791e39d3:192.168.164.196:38281], old=null, confs=<EMPTY_MAP>
2019-10-04 02:50:21,818 [pool-393-thread-1] INFO  server.RaftServerConfigKeys (ConfUtils.java:logGet(43)) - raft.server.storage.dir = [/workdir/hadoop-ozone/integration-test/target/test-dir/MiniOzoneClusterImpl-6853f8fe-c5bc-4689-8468-e23c9095c6f3/datanode-1/data/ratis] (custom)
2019-10-04 02:50:21,818 [pool-383-thread-1] INFO  server.RaftServerConfigKeys (ConfUtils.java:logGet(43)) - raft.server.log.corruption.policy = EXCEPTION (default)
2019-10-04 02:50:21,819 [pool-393-thread-1] INFO  server.RaftServerConfigKeys (ConfUtils.java:logGet(43)) - raft.server.log.corruption.policy = EXCEPTION (default)
2019-10-04 02:50:21,819 [pool-383-thread-1] INFO  storage.RaftStorageDirectory (RaftStorageDirectory.java:analyzeStorage(246)) - The storage directory /workdir/hadoop-ozone/integration-test/target/test-dir/MiniOzoneClusterImpl-6853f8fe-c5bc-4689-8468-e23c9095c6f3/datanode-0/data/ratis/a64b6623-a911-41c8-be46-93ba0fa0f8c5 does not exist. Creating ...
2019-10-04 02:50:21,819 [pool-393-thread-1] INFO  storage.RaftStorageDirectory (RaftStorageDirectory.java:analyzeStorage(246)) - The storage directory /workdir/hadoop-ozone/integration-test/target/test-dir/MiniOzoneClusterImpl-6853f8fe-c5bc-4689-8468-e23c9095c6f3/datanode-1/data/ratis/a64b6623-a911-41c8-be46-93ba0fa0f8c5 does not exist. Creating ...
2019-10-04 02:50:21,826 [IPC Server handler 0 on 42580] INFO  net.NetworkTopology (NetworkTopologyImpl.java:add(111)) - Added a new node: /default-rack/1f2f438b-8057-4805-a00e-2c4ee45f7665
2019-10-04 02:50:21,826 [IPC Server handler 0 on 42580] INFO  node.SCMNodeManager (SCMNodeManager.java:register(266)) - Registered Data node : 1f2f438b-8057-4805-a00e-2c4ee45f7665{ip: 192.168.164.196, host: pr-hdds-2181-xhd89-2114587330, networkLocation: /default-rack, certSerialId: null}
2019-10-04 02:50:21,831 [pool-393-thread-1] INFO  storage.RaftStorageDirectory (RaftStorageDirectory.java:tryLock(328)) - Lock on /workdir/hadoop-ozone/integration-test/target/test-dir/MiniOzoneClusterImpl-6853f8fe-c5bc-4689-8468-e23c9095c6f3/datanode-1/data/ratis/a64b6623-a911-41c8-be46-93ba0fa0f8c5/in_use.lock acquired by nodename 16149@pr-hdds-2181-xhd89-2114587330
2019-10-04 02:50:21,831 [pool-383-thread-1] INFO  storage.RaftStorageDirectory (RaftStorageDirectory.java:tryLock(328)) - Lock on /workdir/hadoop-ozone/integration-test/target/test-dir/MiniOzoneClusterImpl-6853f8fe-c5bc-4689-8468-e23c9095c6f3/datanode-0/data/ratis/a64b6623-a911-41c8-be46-93ba0fa0f8c5/in_use.lock acquired by nodename 16149@pr-hdds-2181-xhd89-2114587330
2019-10-04 02:50:21,832 [pool-403-thread-1] INFO  storage.RaftStorageDirectory (RaftStorageDirectory.java:tryLock(328)) - Lock on /workdir/hadoop-ozone/integration-test/target/test-dir/MiniOzoneClusterImpl-6853f8fe-c5bc-4689-8468-e23c9095c6f3/datanode-2/data/ratis/a64b6623-a911-41c8-be46-93ba0fa0f8c5/in_use.lock acquired by nodename 16149@pr-hdds-2181-xhd89-2114587330
2019-10-04 02:50:21,837 [pool-383-thread-1] INFO  storage.RaftStorage (RaftStorage.java:format(84)) - Storage directory /workdir/hadoop-ozone/integration-test/target/test-dir/MiniOzoneClusterImpl-6853f8fe-c5bc-4689-8468-e23c9095c6f3/datanode-0/data/ratis/a64b6623-a911-41c8-be46-93ba0fa0f8c5 has been successfully formatted.
2019-10-04 02:50:21,837 [pool-403-thread-1] INFO  storage.RaftStorage (RaftStorage.java:format(84)) - Storage directory /workdir/hadoop-ozone/integration-test/target/test-dir/MiniOzoneClusterImpl-6853f8fe-c5bc-4689-8468-e23c9095c6f3/datanode-2/data/ratis/a64b6623-a911-41c8-be46-93ba0fa0f8c5 has been successfully formatted.
2019-10-04 02:50:21,837 [pool-393-thread-1] INFO  storage.RaftStorage (RaftStorage.java:format(84)) - Storage directory /workdir/hadoop-ozone/integration-test/target/test-dir/MiniOzoneClusterImpl-6853f8fe-c5bc-4689-8468-e23c9095c6f3/datanode-1/data/ratis/a64b6623-a911-41c8-be46-93ba0fa0f8c5 has been successfully formatted.
2019-10-04 02:50:21,838 [pool-403-thread-1] INFO  ratis.ContainerStateMachine (ContainerStateMachine.java:loadSnapshot(230)) - group-93BA0FA0F8C5: The snapshot info is null. Setting the last applied indexto:(t:0, i:~)
2019-10-04 02:50:21,838 [pool-383-thread-1] INFO  ratis.ContainerStateMachine (ContainerStateMachine.java:loadSnapshot(230)) - group-93BA0FA0F8C5: The snapshot info is null. Setting the last applied indexto:(t:0, i:~)
2019-10-04 02:50:21,838 [pool-403-thread-1] INFO  server.RaftServerConfigKeys (ConfUtils.java:logGet(43)) - raft.server.notification.no-leader.timeout = 120s (custom)
2019-10-04 02:50:21,838 [pool-393-thread-1] INFO  ratis.ContainerStateMachine (ContainerStateMachine.java:loadSnapshot(230)) - group-93BA0FA0F8C5: The snapshot info is null. Setting the last applied indexto:(t:0, i:~)
2019-10-04 02:50:21,838 [pool-403-thread-1] INFO  server.RaftServerConfigKeys (ConfUtils.java:logGet(43)) - raft.server.log.use.memory = false (default)
2019-10-04 02:50:21,838 [pool-383-thread-1] INFO  server.RaftServerConfigKeys (ConfUtils.java:logGet(43)) - raft.server.notification.no-leader.timeout = 120s (custom)
2019-10-04 02:50:21,838 [pool-403-thread-1] INFO  server.RaftServerConfigKeys (ConfUtils.java:logGet(43)) - raft.server.log.purge.gap = 1000000 (custom)
2019-10-04 02:50:21,838 [pool-393-thread-1] INFO  server.RaftServerConfigKeys (ConfUtils.java:logGet(43)) - raft.server.notification.no-leader.timeout = 120s (custom)
2019-10-04 02:50:21,838 [pool-403-thread-1] INFO  server.RaftServerConfigKeys (ConfUtils.java:logGet(43)) - raft.server.log.appender.buffer.byte-limit = 33554432 (custom)
2019-10-04 02:50:21,838 [pool-383-thread-1] INFO  server.RaftServerConfigKeys (ConfUtils.java:logGet(43)) - raft.server.log.use.memory = false (default)
2019-10-04 02:50:21,839 [pool-403-thread-1] INFO  server.RaftServerConfigKeys (ConfUtils.java:logGet(43)) - raft.server.log.segment.size.max = 1048576 (custom)
2019-10-04 02:50:21,839 [pool-393-thread-1] INFO  server.RaftServerConfigKeys (ConfUtils.java:logGet(43)) - raft.server.log.use.memory = false (default)
2019-10-04 02:50:21,839 [pool-403-thread-1] INFO  server.RaftServerConfigKeys (ConfUtils.java:logGet(43)) - raft.server.log.segment.cache.num.max = 2 (custom)
2019-10-04 02:50:21,839 [pool-383-thread-1] INFO  server.RaftServerConfigKeys (ConfUtils.java:logGet(43)) - raft.server.log.purge.gap = 1000000 (custom)
2019-10-04 02:50:21,839 [pool-403-thread-1] INFO  segmented.SegmentedRaftLogWorker (SegmentedRaftLogWorker.java:<init>(173)) - new f6d53d00-79b3-42a2-b41c-6d71791e39d3@group-93BA0FA0F8C5-SegmentedRaftLogWorker for RaftStorage:Storage Directory /workdir/hadoop-ozone/integration-test/target/test-dir/MiniOzoneClusterImpl-6853f8fe-c5bc-4689-8468-e23c9095c6f3/datanode-2/data/ratis/a64b6623-a911-41c8-be46-93ba0fa0f8c5
2019-10-04 02:50:21,839 [pool-393-thread-1] INFO  server.RaftServerConfigKeys (ConfUtils.java:logGet(43)) - raft.server.log.purge.gap = 1000000 (custom)
2019-10-04 02:50:21,839 [pool-403-thread-1] INFO  server.RaftServerConfigKeys (ConfUtils.java:logGet(43)) - raft.server.log.queue.byte-limit = 2147483647 (custom)
2019-10-04 02:50:21,839 [pool-383-thread-1] INFO  server.RaftServerConfigKeys (ConfUtils.java:logGet(43)) - raft.server.log.appender.buffer.byte-limit = 33554432 (custom)
2019-10-04 02:50:21,839 [pool-403-thread-1] INFO  server.RaftServerConfigKeys (ConfUtils.java:logGet(43)) - raft.server.log.queue.element-limit = 1024 (custom)
2019-10-04 02:50:21,839 [pool-393-thread-1] INFO  server.RaftServerConfigKeys (ConfUtils.java:logGet(43)) - raft.server.log.appender.buffer.byte-limit = 33554432 (custom)
2019-10-04 02:50:21,840 [pool-403-thread-1] INFO  server.RaftServerConfigKeys (ConfUtils.java:logGet(43)) - raft.server.log.segment.size.max = 1048576 (custom)
2019-10-04 02:50:21,839 [pool-383-thread-1] INFO  server.RaftServerConfigKeys (ConfUtils.java:logGet(43)) - raft.server.log.segment.size.max = 1048576 (custom)
2019-10-04 02:50:21,840 [pool-403-thread-1] INFO  server.RaftServerConfigKeys (ConfUtils.java:logGet(43)) - raft.server.log.preallocated.size = 16384 (custom)
2019-10-04 02:50:21,840 [pool-393-thread-1] INFO  server.RaftServerConfigKeys (ConfUtils.java:logGet(43)) - raft.server.log.segment.size.max = 1048576 (custom)
2019-10-04 02:50:21,840 [pool-403-thread-1] INFO  server.RaftServerConfigKeys (ConfUtils.java:logGet(43)) - raft.server.log.write.buffer.size = 33554432 (custom)
2019-10-04 02:50:21,840 [pool-383-thread-1] INFO  server.RaftServerConfigKeys (ConfUtils.java:logGet(43)) - raft.server.log.segment.cache.num.max = 2 (custom)
2019-10-04 02:50:21,840 [pool-403-thread-1] INFO  server.RaftServerConfigKeys (ConfUtils.java:logGet(43)) - raft.server.log.force.sync.num = 128 (default)
2019-10-04 02:50:21,840 [pool-393-thread-1] INFO  server.RaftServerConfigKeys (ConfUtils.java:logGet(43)) - raft.server.log.segment.cache.num.max = 2 (custom)
2019-10-04 02:50:21,840 [pool-403-thread-1] INFO  server.RaftServerConfigKeys (ConfUtils.java:logGet(43)) - raft.server.log.statemachine.data.sync = true (default)
2019-10-04 02:50:21,840 [pool-383-thread-1] INFO  segmented.SegmentedRaftLogWorker (SegmentedRaftLogWorker.java:<init>(173)) - new 59a36ea5-c9b1-471c-a7e2-5ded742c5318@group-93BA0FA0F8C5-SegmentedRaftLogWorker for RaftStorage:Storage Directory /workdir/hadoop-ozone/integration-test/target/test-dir/MiniOzoneClusterImpl-6853f8fe-c5bc-4689-8468-e23c9095c6f3/datanode-0/data/ratis/a64b6623-a911-41c8-be46-93ba0fa0f8c5
2019-10-04 02:50:21,841 [pool-403-thread-1] INFO  server.RaftServerConfigKeys (ConfUtils.java:logGet(43)) - raft.server.log.statemachine.data.sync.timeout = 10s (default)
2019-10-04 02:50:21,840 [pool-393-thread-1] INFO  segmented.SegmentedRaftLogWorker (SegmentedRaftLogWorker.java:<init>(173)) - new 5d386dc5-aef6-4fdc-9315-174121a43b8d@group-93BA0FA0F8C5-SegmentedRaftLogWorker for RaftStorage:Storage Directory /workdir/hadoop-ozone/integration-test/target/test-dir/MiniOzoneClusterImpl-6853f8fe-c5bc-4689-8468-e23c9095c6f3/datanode-1/data/ratis/a64b6623-a911-41c8-be46-93ba0fa0f8c5
2019-10-04 02:50:21,841 [pool-403-thread-1] INFO  server.RaftServerConfigKeys (ConfUtils.java:logGet(43)) - raft.server.log.statemachine.data.sync.timeout.retry = -1 (default)
2019-10-04 02:50:21,841 [pool-383-thread-1] INFO  server.RaftServerConfigKeys (ConfUtils.java:logGet(43)) - raft.server.log.queue.byte-limit = 2147483647 (custom)
2019-10-04 02:50:21,841 [pool-403-thread-1] INFO  server.RaftServerConfigKeys (ConfUtils.java:logGet(43)) - raft.server.log.statemachine.data.caching.enabled = true (custom)
2019-10-04 02:50:21,841 [pool-393-thread-1] INFO  server.RaftServerConfigKeys (ConfUtils.java:logGet(43)) - raft.server.log.queue.byte-limit = 2147483647 (custom)
2019-10-04 02:50:21,841 [pool-383-thread-1] INFO  server.RaftServerConfigKeys (ConfUtils.java:logGet(43)) - raft.server.log.queue.element-limit = 1024 (custom)
2019-10-04 02:50:21,841 [pool-393-thread-1] INFO  server.RaftServerConfigKeys (ConfUtils.java:logGet(43)) - raft.server.log.queue.element-limit = 1024 (custom)
2019-10-04 02:50:21,841 [pool-383-thread-1] INFO  server.RaftServerConfigKeys (ConfUtils.java:logGet(43)) - raft.server.log.segment.size.max = 1048576 (custom)
2019-10-04 02:50:21,841 [pool-403-thread-1] INFO  segmented.SegmentedRaftLogWorker (SegmentedRaftLogWorker.java:lambda$new$0(128)) - f6d53d00-79b3-42a2-b41c-6d71791e39d3@group-93BA0FA0F8C5-SegmentedRaftLogWorker: flushIndex: setUnconditionally 0 -> -1
2019-10-04 02:50:21,842 [pool-383-thread-1] INFO  server.RaftServerConfigKeys (ConfUtils.java:logGet(43)) - raft.server.log.preallocated.size = 16384 (custom)
2019-10-04 02:50:21,841 [pool-393-thread-1] INFO  server.RaftServerConfigKeys (ConfUtils.java:logGet(43)) - raft.server.log.segment.size.max = 1048576 (custom)
2019-10-04 02:50:21,842 [pool-383-thread-1] INFO  server.RaftServerConfigKeys (ConfUtils.java:logGet(43)) - raft.server.log.write.buffer.size = 33554432 (custom)
2019-10-04 02:50:21,842 [pool-393-thread-1] INFO  server.RaftServerConfigKeys (ConfUtils.java:logGet(43)) - raft.server.log.preallocated.size = 16384 (custom)
2019-10-04 02:50:21,842 [pool-403-thread-1] INFO  server.RaftServerConfigKeys (ConfUtils.java:logGet(43)) - raft.server.snapshot.auto.trigger.enabled = true (custom)
2019-10-04 02:50:21,842 [pool-393-thread-1] INFO  server.RaftServerConfigKeys (ConfUtils.java:logGet(43)) - raft.server.log.write.buffer.size = 33554432 (custom)
2019-10-04 02:50:21,842 [pool-383-thread-1] INFO  server.RaftServerConfigKeys (ConfUtils.java:logGet(43)) - raft.server.log.force.sync.num = 128 (default)
2019-10-04 02:50:21,842 [pool-393-thread-1] INFO  server.RaftServerConfigKeys (ConfUtils.java:logGet(43)) - raft.server.log.force.sync.num = 128 (default)
2019-10-04 02:50:21,842 [pool-403-thread-1] INFO  server.RaftServerConfigKeys (ConfUtils.java:logGet(43)) - raft.server.snapshot.auto.trigger.threshold = 10000 (custom)
2019-10-04 02:50:21,842 [pool-393-thread-1] INFO  server.RaftServerConfigKeys (ConfUtils.java:logGet(43)) - raft.server.log.statemachine.data.sync = true (default)
2019-10-04 02:50:21,842 [pool-383-thread-1] INFO  server.RaftServerConfigKeys (ConfUtils.java:logGet(43)) - raft.server.log.statemachine.data.sync = true (default)
2019-10-04 02:50:21,843 [pool-393-thread-1] INFO  server.RaftServerConfigKeys (ConfUtils.java:logGet(43)) - raft.server.log.statemachine.data.sync.timeout = 10s (default)
2019-10-04 02:50:21,843 [pool-403-thread-1] INFO  server.RaftServerConfigKeys (ConfUtils.java:logGet(43)) - raft.server.snapshot.retention.file.num = 5 (custom)
2019-10-04 02:50:21,843 [pool-393-thread-1] INFO  server.RaftServerConfigKeys (ConfUtils.java:logGet(43)) - raft.server.log.statemachine.data.sync.timeout.retry = -1 (default)
2019-10-04 02:50:21,843 [pool-383-thread-1] INFO  server.RaftServerConfigKeys (ConfUtils.java:logGet(43)) - raft.server.log.statemachine.data.sync.timeout = 10s (default)
2019-10-04 02:50:21,843 [pool-393-thread-1] INFO  server.RaftServerConfigKeys (ConfUtils.java:logGet(43)) - raft.server.log.statemachine.data.caching.enabled = true (custom)
2019-10-04 02:50:21,843 [pool-403-thread-1] INFO  server.RaftServerConfigKeys (ConfUtils.java:logGet(43)) - raft.server.retrycache.expirytime = 600000ms (custom)
2019-10-04 02:50:21,843 [pool-383-thread-1] INFO  server.RaftServerConfigKeys (ConfUtils.java:logGet(43)) - raft.server.log.statemachine.data.sync.timeout.retry = -1 (default)
2019-10-04 02:50:21,843 [pool-393-thread-1] INFO  segmented.SegmentedRaftLogWorker (SegmentedRaftLogWorker.java:lambda$new$0(128)) - 5d386dc5-aef6-4fdc-9315-174121a43b8d@group-93BA0FA0F8C5-SegmentedRaftLogWorker: flushIndex: setUnconditionally 0 -> -1
2019-10-04 02:50:21,843 [pool-383-thread-1] INFO  server.RaftServerConfigKeys (ConfUtils.java:logGet(43)) - raft.server.log.statemachine.data.caching.enabled = true (custom)
2019-10-04 02:50:21,844 [pool-393-thread-1] INFO  server.RaftServerConfigKeys (ConfUtils.java:logGet(43)) - raft.server.snapshot.auto.trigger.enabled = true (custom)
2019-10-04 02:50:21,844 [pool-383-thread-1] INFO  segmented.SegmentedRaftLogWorker (SegmentedRaftLogWorker.java:lambda$new$0(128)) - 59a36ea5-c9b1-471c-a7e2-5ded742c5318@group-93BA0FA0F8C5-SegmentedRaftLogWorker: flushIndex: setUnconditionally 0 -> -1
2019-10-04 02:50:21,844 [pool-393-thread-1] INFO  server.RaftServerConfigKeys (ConfUtils.java:logGet(43)) - raft.server.snapshot.auto.trigger.threshold = 10000 (custom)
2019-10-04 02:50:21,844 [pool-383-thread-1] INFO  server.RaftServerConfigKeys (ConfUtils.java:logGet(43)) - raft.server.snapshot.auto.trigger.enabled = true (custom)
2019-10-04 02:50:21,844 [pool-393-thread-1] INFO  server.RaftServerConfigKeys (ConfUtils.java:logGet(43)) - raft.server.snapshot.retention.file.num = 5 (custom)
2019-10-04 02:50:21,844 [pool-383-thread-1] INFO  server.RaftServerConfigKeys (ConfUtils.java:logGet(43)) - raft.server.snapshot.auto.trigger.threshold = 10000 (custom)
2019-10-04 02:50:21,844 [pool-393-thread-1] INFO  server.RaftServerConfigKeys (ConfUtils.java:logGet(43)) - raft.server.retrycache.expirytime = 600000ms (custom)
2019-10-04 02:50:21,844 [pool-383-thread-1] INFO  server.RaftServerConfigKeys (ConfUtils.java:logGet(43)) - raft.server.snapshot.retention.file.num = 5 (custom)
2019-10-04 02:50:21,845 [pool-383-thread-1] INFO  server.RaftServerConfigKeys (ConfUtils.java:logGet(43)) - raft.server.retrycache.expirytime = 600000ms (custom)
2019-10-04 02:50:21,845 [pool-403-thread-1] INFO  impl.RaftServerImpl (RaftServerImpl.java:start(181)) - f6d53d00-79b3-42a2-b41c-6d71791e39d3@group-93BA0FA0F8C5: start as a follower, conf=-1: [5d386dc5-aef6-4fdc-9315-174121a43b8d:192.168.164.196:42180, 59a36ea5-c9b1-471c-a7e2-5ded742c5318:192.168.164.196:39026, f6d53d00-79b3-42a2-b41c-6d71791e39d3:192.168.164.196:38281], old=null
2019-10-04 02:50:21,845 [pool-403-thread-1] INFO  impl.RaftServerImpl (RaftServerImpl.java:setRole(170)) - f6d53d00-79b3-42a2-b41c-6d71791e39d3@group-93BA0FA0F8C5: changes role from      null to FOLLOWER at term 0 for startAsFollower
2019-10-04 02:50:21,845 [pool-403-thread-1] INFO  impl.RoleInfo (RoleInfo.java:updateAndGet(143)) - f6d53d00-79b3-42a2-b41c-6d71791e39d3: start FollowerState
2019-10-04 02:50:21,845 [pool-403-thread-1] INFO  util.JmxRegister (JmxRegister.java:tryRegister(44)) - Successfully registered JMX Bean with object name Ratis:service=RaftServer,group=group-93BA0FA0F8C5,id=f6d53d00-79b3-42a2-b41c-6d71791e39d3
2019-10-04 02:50:21,847 [pool-393-thread-1] INFO  impl.RaftServerImpl (RaftServerImpl.java:start(181)) - 5d386dc5-aef6-4fdc-9315-174121a43b8d@group-93BA0FA0F8C5: start as a follower, conf=-1: [5d386dc5-aef6-4fdc-9315-174121a43b8d:192.168.164.196:42180, 59a36ea5-c9b1-471c-a7e2-5ded742c5318:192.168.164.196:39026, f6d53d00-79b3-42a2-b41c-6d71791e39d3:192.168.164.196:38281], old=null
2019-10-04 02:50:21,847 [pool-393-thread-1] INFO  impl.RaftServerImpl (RaftServerImpl.java:setRole(170)) - 5d386dc5-aef6-4fdc-9315-174121a43b8d@group-93BA0FA0F8C5: changes role from      null to FOLLOWER at term 0 for startAsFollower
2019-10-04 02:50:21,847 [pool-383-thread-1] INFO  impl.RaftServerImpl (RaftServerImpl.java:start(181)) - 59a36ea5-c9b1-471c-a7e2-5ded742c5318@group-93BA0FA0F8C5: start as a follower, conf=-1: [5d386dc5-aef6-4fdc-9315-174121a43b8d:192.168.164.196:42180, 59a36ea5-c9b1-471c-a7e2-5ded742c5318:192.168.164.196:39026, f6d53d00-79b3-42a2-b41c-6d71791e39d3:192.168.164.196:38281], old=null
2019-10-04 02:50:21,847 [pool-393-thread-1] INFO  impl.RoleInfo (RoleInfo.java:updateAndGet(143)) - 5d386dc5-aef6-4fdc-9315-174121a43b8d: start FollowerState
2019-10-04 02:50:21,847 [pool-383-thread-1] INFO  impl.RaftServerImpl (RaftServerImpl.java:setRole(170)) - 59a36ea5-c9b1-471c-a7e2-5ded742c5318@group-93BA0FA0F8C5: changes role from      null to FOLLOWER at term 0 for startAsFollower
2019-10-04 02:50:21,847 [pool-393-thread-1] INFO  util.JmxRegister (JmxRegister.java:tryRegister(44)) - Successfully registered JMX Bean with object name Ratis:service=RaftServer,group=group-93BA0FA0F8C5,id=5d386dc5-aef6-4fdc-9315-174121a43b8d
2019-10-04 02:50:21,847 [pool-383-thread-1] INFO  impl.RoleInfo (RoleInfo.java:updateAndGet(143)) - 59a36ea5-c9b1-471c-a7e2-5ded742c5318: start FollowerState
2019-10-04 02:50:21,848 [pool-383-thread-1] INFO  util.JmxRegister (JmxRegister.java:tryRegister(44)) - Successfully registered JMX Bean with object name Ratis:service=RaftServer,group=group-93BA0FA0F8C5,id=59a36ea5-c9b1-471c-a7e2-5ded742c5318
2019-10-04 02:50:21,851 [RatisPipelineUtilsThread] INFO  pipeline.PipelineStateManager (PipelineStateManager.java:addPipeline(56)) - Created pipeline Pipeline[ Id: a64b6623-a911-41c8-be46-93ba0fa0f8c5, Nodes: 59a36ea5-c9b1-471c-a7e2-5ded742c5318{ip: 192.168.164.196, host: pr-hdds-2181-xhd89-2114587330, networkLocation: /default-rack, certSerialId: null}f6d53d00-79b3-42a2-b41c-6d71791e39d3{ip: 192.168.164.196, host: pr-hdds-2181-xhd89-2114587330, networkLocation: /default-rack, certSerialId: null}5d386dc5-aef6-4fdc-9315-174121a43b8d{ip: 192.168.164.196, host: pr-hdds-2181-xhd89-2114587330, networkLocation: /default-rack, certSerialId: null}, Type:RATIS, Factor:THREE, State:OPEN]
2019-10-04 02:50:21,916 [IPC Server handler 2 on 42580] INFO  net.NetworkTopology (NetworkTopologyImpl.java:add(111)) - Added a new node: /default-rack/d23dcb3d-0105-474e-b7f1-87cd0090b695
2019-10-04 02:50:21,916 [IPC Server handler 2 on 42580] INFO  node.SCMNodeManager (SCMNodeManager.java:register(266)) - Registered Data node : d23dcb3d-0105-474e-b7f1-87cd0090b695{ip: 192.168.164.196, host: pr-hdds-2181-xhd89-2114587330, networkLocation: /default-rack, certSerialId: null}
2019-10-04 02:50:21,923 [grpc-default-executor-8] INFO  impl.RaftServerProxy (RaftServerProxy.java:addNew(89)) - d23dcb3d-0105-474e-b7f1-87cd0090b695: addNew group-E804122ED9D5:[d23dcb3d-0105-474e-b7f1-87cd0090b695:192.168.164.196:39248] returns group-E804122ED9D5:java.util.concurrent.CompletableFuture@13436ede[Not completed]
2019-10-04 02:50:21,927 [pool-423-thread-1] INFO  impl.RaftServerImpl (RaftServerImpl.java:<init>(95)) - d23dcb3d-0105-474e-b7f1-87cd0090b695: new RaftServerImpl for group-E804122ED9D5:[d23dcb3d-0105-474e-b7f1-87cd0090b695:192.168.164.196:39248] with ContainerStateMachine:uninitialized
2019-10-04 02:50:21,927 [pool-423-thread-1] INFO  server.RaftServerConfigKeys (ConfUtils.java:logGet(43)) - raft.server.rpc.timeout.min = 5s (custom)
2019-10-04 02:50:21,927 [pool-423-thread-1] INFO  server.RaftServerConfigKeys (ConfUtils.java:logGet(43)) - raft.server.rpc.timeout.max = 5200ms (custom)
2019-10-04 02:50:21,928 [pool-423-thread-1] INFO  server.RaftServerConfigKeys (ConfUtils.java:logGet(43)) - raft.server.rpcslowness.timeout = 120s (custom)
2019-10-04 02:50:21,928 [pool-423-thread-1] INFO  server.RaftServerConfigKeys (ConfUtils.java:logGet(43)) - raft.server.sleep.deviation.threshold = 300 (default)
2019-10-04 02:50:21,928 [pool-423-thread-1] INFO  server.RaftServerConfigKeys (ConfUtils.java:logGet(43)) - raft.server.log.appender.install.snapshot.enabled = false (custom)
2019-10-04 02:50:21,928 [pool-423-thread-1] INFO  impl.RaftServerImpl (ServerState.java:<init>(103)) - d23dcb3d-0105-474e-b7f1-87cd0090b695@group-E804122ED9D5: ConfigurationManager, init=-1: [d23dcb3d-0105-474e-b7f1-87cd0090b695:192.168.164.196:39248], old=null, confs=<EMPTY_MAP>
2019-10-04 02:50:21,928 [pool-423-thread-1] INFO  server.RaftServerConfigKeys (ConfUtils.java:logGet(43)) - raft.server.storage.dir = [/workdir/hadoop-ozone/integration-test/target/test-dir/MiniOzoneClusterImpl-6853f8fe-c5bc-4689-8468-e23c9095c6f3/datanode-4/data/ratis] (custom)
2019-10-04 02:50:21,928 [pool-423-thread-1] INFO  server.RaftServerConfigKeys (ConfUtils.java:logGet(43)) - raft.server.log.corruption.policy = EXCEPTION (default)
2019-10-04 02:50:21,928 [pool-423-thread-1] INFO  storage.RaftStorageDirectory (RaftStorageDirectory.java:analyzeStorage(246)) - The storage directory /workdir/hadoop-ozone/integration-test/target/test-dir/MiniOzoneClusterImpl-6853f8fe-c5bc-4689-8468-e23c9095c6f3/datanode-4/data/ratis/de154621-2fbf-4a8b-8fe6-e804122ed9d5 does not exist. Creating ...
2019-10-04 02:50:21,941 [pool-423-thread-1] INFO  storage.RaftStorageDirectory (RaftStorageDirectory.java:tryLock(328)) - Lock on /workdir/hadoop-ozone/integration-test/target/test-dir/MiniOzoneClusterImpl-6853f8fe-c5bc-4689-8468-e23c9095c6f3/datanode-4/data/ratis/de154621-2fbf-4a8b-8fe6-e804122ed9d5/in_use.lock acquired by nodename 16149@pr-hdds-2181-xhd89-2114587330
2019-10-04 02:50:21,954 [pool-423-thread-1] INFO  storage.RaftStorage (RaftStorage.java:format(84)) - Storage directory /workdir/hadoop-ozone/integration-test/target/test-dir/MiniOzoneClusterImpl-6853f8fe-c5bc-4689-8468-e23c9095c6f3/datanode-4/data/ratis/de154621-2fbf-4a8b-8fe6-e804122ed9d5 has been successfully formatted.
2019-10-04 02:50:21,954 [pool-423-thread-1] INFO  ratis.ContainerStateMachine (ContainerStateMachine.java:loadSnapshot(230)) - group-E804122ED9D5: The snapshot info is null. Setting the last applied indexto:(t:0, i:~)
2019-10-04 02:50:21,955 [pool-423-thread-1] INFO  server.RaftServerConfigKeys (ConfUtils.java:logGet(43)) - raft.server.notification.no-leader.timeout = 120s (custom)
2019-10-04 02:50:21,955 [pool-423-thread-1] INFO  server.RaftServerConfigKeys (ConfUtils.java:logGet(43)) - raft.server.log.use.memory = false (default)
2019-10-04 02:50:21,955 [pool-423-thread-1] INFO  server.RaftServerConfigKeys (ConfUtils.java:logGet(43)) - raft.server.log.purge.gap = 1000000 (custom)
2019-10-04 02:50:21,955 [pool-423-thread-1] INFO  server.RaftServerConfigKeys (ConfUtils.java:logGet(43)) - raft.server.log.appender.buffer.byte-limit = 33554432 (custom)
2019-10-04 02:50:21,955 [pool-423-thread-1] INFO  server.RaftServerConfigKeys (ConfUtils.java:logGet(43)) - raft.server.log.segment.size.max = 1048576 (custom)
2019-10-04 02:50:21,956 [pool-423-thread-1] INFO  server.RaftServerConfigKeys (ConfUtils.java:logGet(43)) - raft.server.log.segment.cache.num.max = 2 (custom)
2019-10-04 02:50:21,957 [pool-423-thread-1] INFO  segmented.SegmentedRaftLogWorker (SegmentedRaftLogWorker.java:<init>(173)) - new d23dcb3d-0105-474e-b7f1-87cd0090b695@group-E804122ED9D5-SegmentedRaftLogWorker for RaftStorage:Storage Directory /workdir/hadoop-ozone/integration-test/target/test-dir/MiniOzoneClusterImpl-6853f8fe-c5bc-4689-8468-e23c9095c6f3/datanode-4/data/ratis/de154621-2fbf-4a8b-8fe6-e804122ed9d5
2019-10-04 02:50:21,957 [pool-423-thread-1] INFO  server.RaftServerConfigKeys (ConfUtils.java:logGet(43)) - raft.server.log.queue.byte-limit = 2147483647 (custom)
2019-10-04 02:50:21,957 [pool-423-thread-1] INFO  server.RaftServerConfigKeys (ConfUtils.java:logGet(43)) - raft.server.log.queue.element-limit = 1024 (custom)
2019-10-04 02:50:21,957 [pool-423-thread-1] INFO  server.RaftServerConfigKeys (ConfUtils.java:logGet(43)) - raft.server.log.segment.size.max = 1048576 (custom)
2019-10-04 02:50:21,957 [pool-423-thread-1] INFO  server.RaftServerConfigKeys (ConfUtils.java:logGet(43)) - raft.server.log.preallocated.size = 16384 (custom)
2019-10-04 02:50:21,957 [pool-423-thread-1] INFO  server.RaftServerConfigKeys (ConfUtils.java:logGet(43)) - raft.server.log.write.buffer.size = 33554432 (custom)
2019-10-04 02:50:21,957 [pool-423-thread-1] INFO  server.RaftServerConfigKeys (ConfUtils.java:logGet(43)) - raft.server.log.force.sync.num = 128 (default)
2019-10-04 02:50:21,957 [pool-423-thread-1] INFO  server.RaftServerConfigKeys (ConfUtils.java:logGet(43)) - raft.server.log.statemachine.data.sync = true (default)
2019-10-04 02:50:21,957 [pool-423-thread-1] INFO  server.RaftServerConfigKeys (ConfUtils.java:logGet(43)) - raft.server.log.statemachine.data.sync.timeout = 10s (default)
2019-10-04 02:50:21,957 [pool-423-thread-1] INFO  server.RaftServerConfigKeys (ConfUtils.java:logGet(43)) - raft.server.log.statemachine.data.sync.timeout.retry = -1 (default)
2019-10-04 02:50:21,958 [pool-423-thread-1] INFO  server.RaftServerConfigKeys (ConfUtils.java:logGet(43)) - raft.server.log.statemachine.data.caching.enabled = true (custom)
2019-10-04 02:50:21,958 [pool-423-thread-1] INFO  segmented.SegmentedRaftLogWorker (SegmentedRaftLogWorker.java:lambda$new$0(128)) - d23dcb3d-0105-474e-b7f1-87cd0090b695@group-E804122ED9D5-SegmentedRaftLogWorker: flushIndex: setUnconditionally 0 -> -1
2019-10-04 02:50:21,958 [pool-423-thread-1] INFO  server.RaftServerConfigKeys (ConfUtils.java:logGet(43)) - raft.server.snapshot.auto.trigger.enabled = true (custom)
2019-10-04 02:50:21,958 [pool-423-thread-1] INFO  server.RaftServerConfigKeys (ConfUtils.java:logGet(43)) - raft.server.snapshot.auto.trigger.threshold = 10000 (custom)
2019-10-04 02:50:21,958 [pool-423-thread-1] INFO  server.RaftServerConfigKeys (ConfUtils.java:logGet(43)) - raft.server.snapshot.retention.file.num = 5 (custom)
2019-10-04 02:50:21,958 [pool-423-thread-1] INFO  server.RaftServerConfigKeys (ConfUtils.java:logGet(43)) - raft.server.retrycache.expirytime = 600000ms (custom)
2019-10-04 02:50:21,959 [pool-423-thread-1] INFO  impl.RaftServerImpl (RaftServerImpl.java:start(181)) - d23dcb3d-0105-474e-b7f1-87cd0090b695@group-E804122ED9D5: start as a follower, conf=-1: [d23dcb3d-0105-474e-b7f1-87cd0090b695:192.168.164.196:39248], old=null
2019-10-04 02:50:21,959 [pool-423-thread-1] INFO  impl.RaftServerImpl (RaftServerImpl.java:setRole(170)) - d23dcb3d-0105-474e-b7f1-87cd0090b695@group-E804122ED9D5: changes role from      null to FOLLOWER at term 0 for startAsFollower
2019-10-04 02:50:21,960 [pool-423-thread-1] INFO  impl.RoleInfo (RoleInfo.java:updateAndGet(143)) - d23dcb3d-0105-474e-b7f1-87cd0090b695: start FollowerState
2019-10-04 02:50:21,960 [pool-423-thread-1] INFO  util.JmxRegister (JmxRegister.java:tryRegister(44)) - Successfully registered JMX Bean with object name Ratis:service=RaftServer,group=group-E804122ED9D5,id=d23dcb3d-0105-474e-b7f1-87cd0090b695
2019-10-04 02:50:21,963 [RatisPipelineUtilsThread] INFO  pipeline.PipelineStateManager (PipelineStateManager.java:addPipeline(56)) - Created pipeline Pipeline[ Id: de154621-2fbf-4a8b-8fe6-e804122ed9d5, Nodes: d23dcb3d-0105-474e-b7f1-87cd0090b695{ip: 192.168.164.196, host: pr-hdds-2181-xhd89-2114587330, networkLocation: /default-rack, certSerialId: null}, Type:RATIS, Factor:ONE, State:OPEN]
2019-10-04 02:50:21,971 [grpc-default-executor-4] INFO  impl.RaftServerProxy (RaftServerProxy.java:addNew(89)) - 1f2f438b-8057-4805-a00e-2c4ee45f7665: addNew group-68E97784DDCD:[1f2f438b-8057-4805-a00e-2c4ee45f7665:192.168.164.196:45378] returns group-68E97784DDCD:java.util.concurrent.CompletableFuture@3082ffe5[Not completed]
2019-10-04 02:50:21,972 [pool-413-thread-1] INFO  impl.RaftServerImpl (RaftServerImpl.java:<init>(95)) - 1f2f438b-8057-4805-a00e-2c4ee45f7665: new RaftServerImpl for group-68E97784DDCD:[1f2f438b-8057-4805-a00e-2c4ee45f7665:192.168.164.196:45378] with ContainerStateMachine:uninitialized
2019-10-04 02:50:21,972 [pool-413-thread-1] INFO  server.RaftServerConfigKeys (ConfUtils.java:logGet(43)) - raft.server.rpc.timeout.min = 5s (custom)
2019-10-04 02:50:21,972 [pool-413-thread-1] INFO  server.RaftServerConfigKeys (ConfUtils.java:logGet(43)) - raft.server.rpc.timeout.max = 5200ms (custom)
2019-10-04 02:50:21,972 [pool-413-thread-1] INFO  server.RaftServerConfigKeys (ConfUtils.java:logGet(43)) - raft.server.rpcslowness.timeout = 120s (custom)
2019-10-04 02:50:21,972 [pool-413-thread-1] INFO  server.RaftServerConfigKeys (ConfUtils.java:logGet(43)) - raft.server.sleep.deviation.threshold = 300 (default)
2019-10-04 02:50:21,973 [pool-413-thread-1] INFO  server.RaftServerConfigKeys (ConfUtils.java:logGet(43)) - raft.server.log.appender.install.snapshot.enabled = false (custom)
2019-10-04 02:50:21,973 [pool-413-thread-1] INFO  impl.RaftServerImpl (ServerState.java:<init>(103)) - 1f2f438b-8057-4805-a00e-2c4ee45f7665@group-68E97784DDCD: ConfigurationManager, init=-1: [1f2f438b-8057-4805-a00e-2c4ee45f7665:192.168.164.196:45378], old=null, confs=<EMPTY_MAP>
2019-10-04 02:50:21,973 [pool-413-thread-1] INFO  server.RaftServerConfigKeys (ConfUtils.java:logGet(43)) - raft.server.storage.dir = [/workdir/hadoop-ozone/integration-test/target/test-dir/MiniOzoneClusterImpl-6853f8fe-c5bc-4689-8468-e23c9095c6f3/datanode-3/data/ratis] (custom)
2019-10-04 02:50:21,973 [pool-413-thread-1] INFO  server.RaftServerConfigKeys (ConfUtils.java:logGet(43)) - raft.server.log.corruption.policy = EXCEPTION (default)
2019-10-04 02:50:21,973 [pool-413-thread-1] INFO  storage.RaftStorageDirectory (RaftStorageDirectory.java:analyzeStorage(246)) - The storage directory /workdir/hadoop-ozone/integration-test/target/test-dir/MiniOzoneClusterImpl-6853f8fe-c5bc-4689-8468-e23c9095c6f3/datanode-3/data/ratis/b71c0f48-ca1c-4c27-84e9-68e97784ddcd does not exist. Creating ...
2019-10-04 02:50:21,987 [pool-413-thread-1] INFO  storage.RaftStorageDirectory (RaftStorageDirectory.java:tryLock(328)) - Lock on /workdir/hadoop-ozone/integration-test/target/test-dir/MiniOzoneClusterImpl-6853f8fe-c5bc-4689-8468-e23c9095c6f3/datanode-3/data/ratis/b71c0f48-ca1c-4c27-84e9-68e97784ddcd/in_use.lock acquired by nodename 16149@pr-hdds-2181-xhd89-2114587330
2019-10-04 02:50:22,003 [pool-413-thread-1] INFO  storage.RaftStorage (RaftStorage.java:format(84)) - Storage directory /workdir/hadoop-ozone/integration-test/target/test-dir/MiniOzoneClusterImpl-6853f8fe-c5bc-4689-8468-e23c9095c6f3/datanode-3/data/ratis/b71c0f48-ca1c-4c27-84e9-68e97784ddcd has been successfully formatted.
2019-10-04 02:50:22,003 [pool-413-thread-1] INFO  ratis.ContainerStateMachine (ContainerStateMachine.java:loadSnapshot(230)) - group-68E97784DDCD: The snapshot info is null. Setting the last applied indexto:(t:0, i:~)
2019-10-04 02:50:22,003 [pool-413-thread-1] INFO  server.RaftServerConfigKeys (ConfUtils.java:logGet(43)) - raft.server.notification.no-leader.timeout = 120s (custom)
2019-10-04 02:50:22,003 [pool-413-thread-1] INFO  server.RaftServerConfigKeys (ConfUtils.java:logGet(43)) - raft.server.log.use.memory = false (default)
2019-10-04 02:50:22,003 [pool-413-thread-1] INFO  server.RaftServerConfigKeys (ConfUtils.java:logGet(43)) - raft.server.log.purge.gap = 1000000 (custom)
2019-10-04 02:50:22,004 [pool-413-thread-1] INFO  server.RaftServerConfigKeys (ConfUtils.java:logGet(43)) - raft.server.log.appender.buffer.byte-limit = 33554432 (custom)
2019-10-04 02:50:22,004 [pool-413-thread-1] INFO  server.RaftServerConfigKeys (ConfUtils.java:logGet(43)) - raft.server.log.segment.size.max = 1048576 (custom)
2019-10-04 02:50:22,006 [pool-413-thread-1] INFO  server.RaftServerConfigKeys (ConfUtils.java:logGet(43)) - raft.server.log.segment.cache.num.max = 2 (custom)
2019-10-04 02:50:22,006 [pool-413-thread-1] INFO  segmented.SegmentedRaftLogWorker (SegmentedRaftLogWorker.java:<init>(173)) - new 1f2f438b-8057-4805-a00e-2c4ee45f7665@group-68E97784DDCD-SegmentedRaftLogWorker for RaftStorage:Storage Directory /workdir/hadoop-ozone/integration-test/target/test-dir/MiniOzoneClusterImpl-6853f8fe-c5bc-4689-8468-e23c9095c6f3/datanode-3/data/ratis/b71c0f48-ca1c-4c27-84e9-68e97784ddcd
2019-10-04 02:50:22,006 [pool-413-thread-1] INFO  server.RaftServerConfigKeys (ConfUtils.java:logGet(43)) - raft.server.log.queue.byte-limit = 2147483647 (custom)
2019-10-04 02:50:22,006 [pool-413-thread-1] INFO  server.RaftServerConfigKeys (ConfUtils.java:logGet(43)) - raft.server.log.queue.element-limit = 1024 (custom)
2019-10-04 02:50:22,006 [pool-413-thread-1] INFO  server.RaftServerConfigKeys (ConfUtils.java:logGet(43)) - raft.server.log.segment.size.max = 1048576 (custom)
2019-10-04 02:50:22,006 [pool-413-thread-1] INFO  server.RaftServerConfigKeys (ConfUtils.java:logGet(43)) - raft.server.log.preallocated.size = 16384 (custom)
2019-10-04 02:50:22,007 [pool-413-thread-1] INFO  server.RaftServerConfigKeys (ConfUtils.java:logGet(43)) - raft.server.log.write.buffer.size = 33554432 (custom)
2019-10-04 02:50:22,007 [pool-413-thread-1] INFO  server.RaftServerConfigKeys (ConfUtils.java:logGet(43)) - raft.server.log.force.sync.num = 128 (default)
2019-10-04 02:50:22,007 [pool-413-thread-1] INFO  server.RaftServerConfigKeys (ConfUtils.java:logGet(43)) - raft.server.log.statemachine.data.sync = true (default)
2019-10-04 02:50:22,007 [pool-413-thread-1] INFO  server.RaftServerConfigKeys (ConfUtils.java:logGet(43)) - raft.server.log.statemachine.data.sync.timeout = 10s (default)
2019-10-04 02:50:22,007 [pool-413-thread-1] INFO  server.RaftServerConfigKeys (ConfUtils.java:logGet(43)) - raft.server.log.statemachine.data.sync.timeout.retry = -1 (default)
2019-10-04 02:50:22,008 [pool-413-thread-1] INFO  server.RaftServerConfigKeys (ConfUtils.java:logGet(43)) - raft.server.log.statemachine.data.caching.enabled = true (custom)
2019-10-04 02:50:22,008 [pool-413-thread-1] INFO  segmented.SegmentedRaftLogWorker (SegmentedRaftLogWorker.java:lambda$new$0(128)) - 1f2f438b-8057-4805-a00e-2c4ee45f7665@group-68E97784DDCD-SegmentedRaftLogWorker: flushIndex: setUnconditionally 0 -> -1
2019-10-04 02:50:22,008 [pool-413-thread-1] INFO  server.RaftServerConfigKeys (ConfUtils.java:logGet(43)) - raft.server.snapshot.auto.trigger.enabled = true (custom)
2019-10-04 02:50:22,008 [pool-413-thread-1] INFO  server.RaftServerConfigKeys (ConfUtils.java:logGet(43)) - raft.server.snapshot.auto.trigger.threshold = 10000 (custom)
2019-10-04 02:50:22,009 [pool-413-thread-1] INFO  server.RaftServerConfigKeys (ConfUtils.java:logGet(43)) - raft.server.snapshot.retention.file.num = 5 (custom)
2019-10-04 02:50:22,009 [pool-413-thread-1] INFO  server.RaftServerConfigKeys (ConfUtils.java:logGet(43)) - raft.server.retrycache.expirytime = 600000ms (custom)
2019-10-04 02:50:22,010 [IPC Server handler 3 on 42580] INFO  net.NetworkTopology (NetworkTopologyImpl.java:add(111)) - Added a new node: /default-rack/828dabb6-9794-405b-8ff2-d748374bd963
2019-10-04 02:50:22,010 [IPC Server handler 3 on 42580] INFO  node.SCMNodeManager (SCMNodeManager.java:register(266)) - Registered Data node : 828dabb6-9794-405b-8ff2-d748374bd963{ip: 192.168.164.196, host: pr-hdds-2181-xhd89-2114587330, networkLocation: /default-rack, certSerialId: null}
2019-10-04 02:50:22,010 [pool-413-thread-1] INFO  impl.RaftServerImpl (RaftServerImpl.java:start(181)) - 1f2f438b-8057-4805-a00e-2c4ee45f7665@group-68E97784DDCD: start as a follower, conf=-1: [1f2f438b-8057-4805-a00e-2c4ee45f7665:192.168.164.196:45378], old=null
2019-10-04 02:50:22,010 [pool-413-thread-1] INFO  impl.RaftServerImpl (RaftServerImpl.java:setRole(170)) - 1f2f438b-8057-4805-a00e-2c4ee45f7665@group-68E97784DDCD: changes role from      null to FOLLOWER at term 0 for startAsFollower
2019-10-04 02:50:22,011 [pool-413-thread-1] INFO  impl.RoleInfo (RoleInfo.java:updateAndGet(143)) - 1f2f438b-8057-4805-a00e-2c4ee45f7665: start FollowerState
2019-10-04 02:50:22,011 [pool-413-thread-1] INFO  util.JmxRegister (JmxRegister.java:tryRegister(44)) - Successfully registered JMX Bean with object name Ratis:service=RaftServer,group=group-68E97784DDCD,id=1f2f438b-8057-4805-a00e-2c4ee45f7665
2019-10-04 02:50:22,014 [RatisPipelineUtilsThread] INFO  pipeline.PipelineStateManager (PipelineStateManager.java:addPipeline(56)) - Created pipeline Pipeline[ Id: b71c0f48-ca1c-4c27-84e9-68e97784ddcd, Nodes: 1f2f438b-8057-4805-a00e-2c4ee45f7665{ip: 192.168.164.196, host: pr-hdds-2181-xhd89-2114587330, networkLocation: /default-rack, certSerialId: null}, Type:RATIS, Factor:ONE, State:OPEN]
2019-10-04 02:50:22,025 [grpc-default-executor-4] INFO  impl.RaftServerProxy (RaftServerProxy.java:addNew(89)) - 828dabb6-9794-405b-8ff2-d748374bd963: addNew group-FBDC470065E1:[828dabb6-9794-405b-8ff2-d748374bd963:192.168.164.196:42864] returns group-FBDC470065E1:java.util.concurrent.CompletableFuture@2be92dca[Not completed]
2019-10-04 02:50:22,026 [pool-433-thread-1] INFO  impl.RaftServerImpl (RaftServerImpl.java:<init>(95)) - 828dabb6-9794-405b-8ff2-d748374bd963: new RaftServerImpl for group-FBDC470065E1:[828dabb6-9794-405b-8ff2-d748374bd963:192.168.164.196:42864] with ContainerStateMachine:uninitialized
2019-10-04 02:50:22,026 [pool-433-thread-1] INFO  server.RaftServerConfigKeys (ConfUtils.java:logGet(43)) - raft.server.rpc.timeout.min = 5s (custom)
2019-10-04 02:50:22,026 [pool-433-thread-1] INFO  server.RaftServerConfigKeys (ConfUtils.java:logGet(43)) - raft.server.rpc.timeout.max = 5200ms (custom)
2019-10-04 02:50:22,026 [pool-433-thread-1] INFO  server.RaftServerConfigKeys (ConfUtils.java:logGet(43)) - raft.server.rpcslowness.timeout = 120s (custom)
2019-10-04 02:50:22,026 [pool-433-thread-1] INFO  server.RaftServerConfigKeys (ConfUtils.java:logGet(43)) - raft.server.sleep.deviation.threshold = 300 (default)
2019-10-04 02:50:22,026 [pool-433-thread-1] INFO  server.RaftServerConfigKeys (ConfUtils.java:logGet(43)) - raft.server.log.appender.install.snapshot.enabled = false (custom)
2019-10-04 02:50:22,027 [pool-433-thread-1] INFO  impl.RaftServerImpl (ServerState.java:<init>(103)) - 828dabb6-9794-405b-8ff2-d748374bd963@group-FBDC470065E1: ConfigurationManager, init=-1: [828dabb6-9794-405b-8ff2-d748374bd963:192.168.164.196:42864], old=null, confs=<EMPTY_MAP>
2019-10-04 02:50:22,027 [pool-433-thread-1] INFO  server.RaftServerConfigKeys (ConfUtils.java:logGet(43)) - raft.server.storage.dir = [/workdir/hadoop-ozone/integration-test/target/test-dir/MiniOzoneClusterImpl-6853f8fe-c5bc-4689-8468-e23c9095c6f3/datanode-5/data/ratis] (custom)
2019-10-04 02:50:22,027 [pool-433-thread-1] INFO  server.RaftServerConfigKeys (ConfUtils.java:logGet(43)) - raft.server.log.corruption.policy = EXCEPTION (default)
2019-10-04 02:50:22,027 [pool-433-thread-1] INFO  storage.RaftStorageDirectory (RaftStorageDirectory.java:analyzeStorage(246)) - The storage directory /workdir/hadoop-ozone/integration-test/target/test-dir/MiniOzoneClusterImpl-6853f8fe-c5bc-4689-8468-e23c9095c6f3/datanode-5/data/ratis/0afbcb16-f230-4c89-a76c-fbdc470065e1 does not exist. Creating ...
2019-10-04 02:50:22,040 [pool-433-thread-1] INFO  storage.RaftStorageDirectory (RaftStorageDirectory.java:tryLock(328)) - Lock on /workdir/hadoop-ozone/integration-test/target/test-dir/MiniOzoneClusterImpl-6853f8fe-c5bc-4689-8468-e23c9095c6f3/datanode-5/data/ratis/0afbcb16-f230-4c89-a76c-fbdc470065e1/in_use.lock acquired by nodename 16149@pr-hdds-2181-xhd89-2114587330
2019-10-04 02:50:22,052 [pool-433-thread-1] INFO  storage.RaftStorage (RaftStorage.java:format(84)) - Storage directory /workdir/hadoop-ozone/integration-test/target/test-dir/MiniOzoneClusterImpl-6853f8fe-c5bc-4689-8468-e23c9095c6f3/datanode-5/data/ratis/0afbcb16-f230-4c89-a76c-fbdc470065e1 has been successfully formatted.
2019-10-04 02:50:22,053 [pool-433-thread-1] INFO  ratis.ContainerStateMachine (ContainerStateMachine.java:loadSnapshot(230)) - group-FBDC470065E1: The snapshot info is null. Setting the last applied indexto:(t:0, i:~)
2019-10-04 02:50:22,053 [pool-433-thread-1] INFO  server.RaftServerConfigKeys (ConfUtils.java:logGet(43)) - raft.server.notification.no-leader.timeout = 120s (custom)
2019-10-04 02:50:22,053 [pool-433-thread-1] INFO  server.RaftServerConfigKeys (ConfUtils.java:logGet(43)) - raft.server.log.use.memory = false (default)
2019-10-04 02:50:22,053 [pool-433-thread-1] INFO  server.RaftServerConfigKeys (ConfUtils.java:logGet(43)) - raft.server.log.purge.gap = 1000000 (custom)
2019-10-04 02:50:22,053 [pool-433-thread-1] INFO  server.RaftServerConfigKeys (ConfUtils.java:logGet(43)) - raft.server.log.appender.buffer.byte-limit = 33554432 (custom)
2019-10-04 02:50:22,053 [pool-433-thread-1] INFO  server.RaftServerConfigKeys (ConfUtils.java:logGet(43)) - raft.server.log.segment.size.max = 1048576 (custom)
2019-10-04 02:50:22,054 [pool-433-thread-1] INFO  server.RaftServerConfigKeys (ConfUtils.java:logGet(43)) - raft.server.log.segment.cache.num.max = 2 (custom)
2019-10-04 02:50:22,054 [pool-433-thread-1] INFO  segmented.SegmentedRaftLogWorker (SegmentedRaftLogWorker.java:<init>(173)) - new 828dabb6-9794-405b-8ff2-d748374bd963@group-FBDC470065E1-SegmentedRaftLogWorker for RaftStorage:Storage Directory /workdir/hadoop-ozone/integration-test/target/test-dir/MiniOzoneClusterImpl-6853f8fe-c5bc-4689-8468-e23c9095c6f3/datanode-5/data/ratis/0afbcb16-f230-4c89-a76c-fbdc470065e1
2019-10-04 02:50:22,054 [pool-433-thread-1] INFO  server.RaftServerConfigKeys (ConfUtils.java:logGet(43)) - raft.server.log.queue.byte-limit = 2147483647 (custom)
2019-10-04 02:50:22,054 [pool-433-thread-1] INFO  server.RaftServerConfigKeys (ConfUtils.java:logGet(43)) - raft.server.log.queue.element-limit = 1024 (custom)
2019-10-04 02:50:22,054 [pool-433-thread-1] INFO  server.RaftServerConfigKeys (ConfUtils.java:logGet(43)) - raft.server.log.segment.size.max = 1048576 (custom)
2019-10-04 02:50:22,054 [pool-433-thread-1] INFO  server.RaftServerConfigKeys (ConfUtils.java:logGet(43)) - raft.server.log.preallocated.size = 16384 (custom)
2019-10-04 02:50:22,054 [pool-433-thread-1] INFO  server.RaftServerConfigKeys (ConfUtils.java:logGet(43)) - raft.server.log.write.buffer.size = 33554432 (custom)
2019-10-04 02:50:22,054 [pool-433-thread-1] INFO  server.RaftServerConfigKeys (ConfUtils.java:logGet(43)) - raft.server.log.force.sync.num = 128 (default)
2019-10-04 02:50:22,054 [pool-433-thread-1] INFO  server.RaftServerConfigKeys (ConfUtils.java:logGet(43)) - raft.server.log.statemachine.data.sync = true (default)
2019-10-04 02:50:22,055 [pool-433-thread-1] INFO  server.RaftServerConfigKeys (ConfUtils.java:logGet(43)) - raft.server.log.statemachine.data.sync.timeout = 10s (default)
2019-10-04 02:50:22,055 [pool-433-thread-1] INFO  server.RaftServerConfigKeys (ConfUtils.java:logGet(43)) - raft.server.log.statemachine.data.sync.timeout.retry = -1 (default)
2019-10-04 02:50:22,055 [pool-433-thread-1] INFO  server.RaftServerConfigKeys (ConfUtils.java:logGet(43)) - raft.server.log.statemachine.data.caching.enabled = true (custom)
2019-10-04 02:50:22,055 [pool-433-thread-1] INFO  segmented.SegmentedRaftLogWorker (SegmentedRaftLogWorker.java:lambda$new$0(128)) - 828dabb6-9794-405b-8ff2-d748374bd963@group-FBDC470065E1-SegmentedRaftLogWorker: flushIndex: setUnconditionally 0 -> -1
2019-10-04 02:50:22,055 [pool-433-thread-1] INFO  server.RaftServerConfigKeys (ConfUtils.java:logGet(43)) - raft.server.snapshot.auto.trigger.enabled = true (custom)
2019-10-04 02:50:22,055 [pool-433-thread-1] INFO  server.RaftServerConfigKeys (ConfUtils.java:logGet(43)) - raft.server.snapshot.auto.trigger.threshold = 10000 (custom)
2019-10-04 02:50:22,055 [pool-433-thread-1] INFO  server.RaftServerConfigKeys (ConfUtils.java:logGet(43)) - raft.server.snapshot.retention.file.num = 5 (custom)
2019-10-04 02:50:22,055 [pool-433-thread-1] INFO  server.RaftServerConfigKeys (ConfUtils.java:logGet(43)) - raft.server.retrycache.expirytime = 600000ms (custom)
2019-10-04 02:50:22,056 [pool-433-thread-1] INFO  impl.RaftServerImpl (RaftServerImpl.java:start(181)) - 828dabb6-9794-405b-8ff2-d748374bd963@group-FBDC470065E1: start as a follower, conf=-1: [828dabb6-9794-405b-8ff2-d748374bd963:192.168.164.196:42864], old=null
2019-10-04 02:50:22,057 [pool-433-thread-1] INFO  impl.RaftServerImpl (RaftServerImpl.java:setRole(170)) - 828dabb6-9794-405b-8ff2-d748374bd963@group-FBDC470065E1: changes role from      null to FOLLOWER at term 0 for startAsFollower
2019-10-04 02:50:22,057 [pool-433-thread-1] INFO  impl.RoleInfo (RoleInfo.java:updateAndGet(143)) - 828dabb6-9794-405b-8ff2-d748374bd963: start FollowerState
2019-10-04 02:50:22,057 [pool-433-thread-1] INFO  util.JmxRegister (JmxRegister.java:tryRegister(44)) - Successfully registered JMX Bean with object name Ratis:service=RaftServer,group=group-FBDC470065E1,id=828dabb6-9794-405b-8ff2-d748374bd963
2019-10-04 02:50:22,059 [RatisPipelineUtilsThread] INFO  pipeline.PipelineStateManager (PipelineStateManager.java:addPipeline(56)) - Created pipeline Pipeline[ Id: 0afbcb16-f230-4c89-a76c-fbdc470065e1, Nodes: 828dabb6-9794-405b-8ff2-d748374bd963{ip: 192.168.164.196, host: pr-hdds-2181-xhd89-2114587330, networkLocation: /default-rack, certSerialId: null}, Type:RATIS, Factor:ONE, State:OPEN]
2019-10-04 02:50:22,074 [grpc-default-executor-2] INFO  impl.RaftServerProxy (RaftServerProxy.java:addNew(89)) - 828dabb6-9794-405b-8ff2-d748374bd963: addNew group-D511D6DF0DF4:[1f2f438b-8057-4805-a00e-2c4ee45f7665:192.168.164.196:45378, d23dcb3d-0105-474e-b7f1-87cd0090b695:192.168.164.196:39248, 828dabb6-9794-405b-8ff2-d748374bd963:192.168.164.196:42864] returns group-D511D6DF0DF4:java.util.concurrent.CompletableFuture@497d7846[Not completed]
2019-10-04 02:50:22,074 [grpc-default-executor-4] INFO  impl.RaftServerProxy (RaftServerProxy.java:addNew(89)) - d23dcb3d-0105-474e-b7f1-87cd0090b695: addNew group-D511D6DF0DF4:[1f2f438b-8057-4805-a00e-2c4ee45f7665:192.168.164.196:45378, d23dcb3d-0105-474e-b7f1-87cd0090b695:192.168.164.196:39248, 828dabb6-9794-405b-8ff2-d748374bd963:192.168.164.196:42864] returns group-D511D6DF0DF4:java.util.concurrent.CompletableFuture@7c3f78ae[Not completed]
2019-10-04 02:50:22,074 [grpc-default-executor-8] INFO  impl.RaftServerProxy (RaftServerProxy.java:addNew(89)) - 1f2f438b-8057-4805-a00e-2c4ee45f7665: addNew group-D511D6DF0DF4:[1f2f438b-8057-4805-a00e-2c4ee45f7665:192.168.164.196:45378, d23dcb3d-0105-474e-b7f1-87cd0090b695:192.168.164.196:39248, 828dabb6-9794-405b-8ff2-d748374bd963:192.168.164.196:42864] returns group-D511D6DF0DF4:java.util.concurrent.CompletableFuture@122454ea[Not completed]
2019-10-04 02:50:22,075 [pool-413-thread-1] INFO  impl.RaftServerImpl (RaftServerImpl.java:<init>(95)) - 1f2f438b-8057-4805-a00e-2c4ee45f7665: new RaftServerImpl for group-D511D6DF0DF4:[1f2f438b-8057-4805-a00e-2c4ee45f7665:192.168.164.196:45378, d23dcb3d-0105-474e-b7f1-87cd0090b695:192.168.164.196:39248, 828dabb6-9794-405b-8ff2-d748374bd963:192.168.164.196:42864] with ContainerStateMachine:uninitialized
2019-10-04 02:50:22,075 [pool-413-thread-1] INFO  server.RaftServerConfigKeys (ConfUtils.java:logGet(43)) - raft.server.rpc.timeout.min = 5s (custom)
2019-10-04 02:50:22,075 [pool-413-thread-1] INFO  server.RaftServerConfigKeys (ConfUtils.java:logGet(43)) - raft.server.rpc.timeout.max = 5200ms (custom)
2019-10-04 02:50:22,075 [pool-413-thread-1] INFO  server.RaftServerConfigKeys (ConfUtils.java:logGet(43)) - raft.server.rpcslowness.timeout = 120s (custom)
2019-10-04 02:50:22,075 [pool-433-thread-1] INFO  impl.RaftServerImpl (RaftServerImpl.java:<init>(95)) - 828dabb6-9794-405b-8ff2-d748374bd963: new RaftServerImpl for group-D511D6DF0DF4:[1f2f438b-8057-4805-a00e-2c4ee45f7665:192.168.164.196:45378, d23dcb3d-0105-474e-b7f1-87cd0090b695:192.168.164.196:39248, 828dabb6-9794-405b-8ff2-d748374bd963:192.168.164.196:42864] with ContainerStateMachine:uninitialized
2019-10-04 02:50:22,075 [pool-413-thread-1] INFO  server.RaftServerConfigKeys (ConfUtils.java:logGet(43)) - raft.server.sleep.deviation.threshold = 300 (default)
2019-10-04 02:50:22,076 [pool-433-thread-1] INFO  server.RaftServerConfigKeys (ConfUtils.java:logGet(43)) - raft.server.rpc.timeout.min = 5s (custom)
2019-10-04 02:50:22,076 [pool-413-thread-1] INFO  server.RaftServerConfigKeys (ConfUtils.java:logGet(43)) - raft.server.log.appender.install.snapshot.enabled = false (custom)
2019-10-04 02:50:22,076 [pool-433-thread-1] INFO  server.RaftServerConfigKeys (ConfUtils.java:logGet(43)) - raft.server.rpc.timeout.max = 5200ms (custom)
2019-10-04 02:50:22,076 [pool-413-thread-1] INFO  impl.RaftServerImpl (ServerState.java:<init>(103)) - 1f2f438b-8057-4805-a00e-2c4ee45f7665@group-D511D6DF0DF4: ConfigurationManager, init=-1: [1f2f438b-8057-4805-a00e-2c4ee45f7665:192.168.164.196:45378, d23dcb3d-0105-474e-b7f1-87cd0090b695:192.168.164.196:39248, 828dabb6-9794-405b-8ff2-d748374bd963:192.168.164.196:42864], old=null, confs=<EMPTY_MAP>
2019-10-04 02:50:22,076 [pool-423-thread-1] INFO  impl.RaftServerImpl (RaftServerImpl.java:<init>(95)) - d23dcb3d-0105-474e-b7f1-87cd0090b695: new RaftServerImpl for group-D511D6DF0DF4:[1f2f438b-8057-4805-a00e-2c4ee45f7665:192.168.164.196:45378, d23dcb3d-0105-474e-b7f1-87cd0090b695:192.168.164.196:39248, 828dabb6-9794-405b-8ff2-d748374bd963:192.168.164.196:42864] with ContainerStateMachine:uninitialized
2019-10-04 02:50:22,076 [pool-433-thread-1] INFO  server.RaftServerConfigKeys (ConfUtils.java:logGet(43)) - raft.server.rpcslowness.timeout = 120s (custom)
2019-10-04 02:50:22,076 [pool-423-thread-1] INFO  server.RaftServerConfigKeys (ConfUtils.java:logGet(43)) - raft.server.rpc.timeout.min = 5s (custom)
2019-10-04 02:50:22,076 [pool-413-thread-1] INFO  server.RaftServerConfigKeys (ConfUtils.java:logGet(43)) - raft.server.storage.dir = [/workdir/hadoop-ozone/integration-test/target/test-dir/MiniOzoneClusterImpl-6853f8fe-c5bc-4689-8468-e23c9095c6f3/datanode-3/data/ratis] (custom)
2019-10-04 02:50:22,076 [pool-423-thread-1] INFO  server.RaftServerConfigKeys (ConfUtils.java:logGet(43)) - raft.server.rpc.timeout.max = 5200ms (custom)
2019-10-04 02:50:22,076 [pool-433-thread-1] INFO  server.RaftServerConfigKeys (ConfUtils.java:logGet(43)) - raft.server.sleep.deviation.threshold = 300 (default)
2019-10-04 02:50:22,076 [pool-423-thread-1] INFO  server.RaftServerConfigKeys (ConfUtils.java:logGet(43)) - raft.server.rpcslowness.timeout = 120s (custom)
2019-10-04 02:50:22,076 [pool-413-thread-1] INFO  server.RaftServerConfigKeys (ConfUtils.java:logGet(43)) - raft.server.log.corruption.policy = EXCEPTION (default)
2019-10-04 02:50:22,077 [pool-423-thread-1] INFO  server.RaftServerConfigKeys (ConfUtils.java:logGet(43)) - raft.server.sleep.deviation.threshold = 300 (default)
2019-10-04 02:50:22,077 [pool-433-thread-1] INFO  server.RaftServerConfigKeys (ConfUtils.java:logGet(43)) - raft.server.log.appender.install.snapshot.enabled = false (custom)
2019-10-04 02:50:22,077 [pool-423-thread-1] INFO  server.RaftServerConfigKeys (ConfUtils.java:logGet(43)) - raft.server.log.appender.install.snapshot.enabled = false (custom)
2019-10-04 02:50:22,077 [pool-413-thread-1] INFO  storage.RaftStorageDirectory (RaftStorageDirectory.java:analyzeStorage(246)) - The storage directory /workdir/hadoop-ozone/integration-test/target/test-dir/MiniOzoneClusterImpl-6853f8fe-c5bc-4689-8468-e23c9095c6f3/datanode-3/data/ratis/a0398f0a-f2fb-4a19-8059-d511d6df0df4 does not exist. Creating ...
2019-10-04 02:50:22,077 [pool-423-thread-1] INFO  impl.RaftServerImpl (ServerState.java:<init>(103)) - d23dcb3d-0105-474e-b7f1-87cd0090b695@group-D511D6DF0DF4: ConfigurationManager, init=-1: [1f2f438b-8057-4805-a00e-2c4ee45f7665:192.168.164.196:45378, d23dcb3d-0105-474e-b7f1-87cd0090b695:192.168.164.196:39248, 828dabb6-9794-405b-8ff2-d748374bd963:192.168.164.196:42864], old=null, confs=<EMPTY_MAP>
2019-10-04 02:50:22,077 [pool-433-thread-1] INFO  impl.RaftServerImpl (ServerState.java:<init>(103)) - 828dabb6-9794-405b-8ff2-d748374bd963@group-D511D6DF0DF4: ConfigurationManager, init=-1: [1f2f438b-8057-4805-a00e-2c4ee45f7665:192.168.164.196:45378, d23dcb3d-0105-474e-b7f1-87cd0090b695:192.168.164.196:39248, 828dabb6-9794-405b-8ff2-d748374bd963:192.168.164.196:42864], old=null, confs=<EMPTY_MAP>
2019-10-04 02:50:22,077 [pool-423-thread-1] INFO  server.RaftServerConfigKeys (ConfUtils.java:logGet(43)) - raft.server.storage.dir = [/workdir/hadoop-ozone/integration-test/target/test-dir/MiniOzoneClusterImpl-6853f8fe-c5bc-4689-8468-e23c9095c6f3/datanode-4/data/ratis] (custom)
2019-10-04 02:50:22,077 [pool-433-thread-1] INFO  server.RaftServerConfigKeys (ConfUtils.java:logGet(43)) - raft.server.storage.dir = [/workdir/hadoop-ozone/integration-test/target/test-dir/MiniOzoneClusterImpl-6853f8fe-c5bc-4689-8468-e23c9095c6f3/datanode-5/data/ratis] (custom)
2019-10-04 02:50:22,078 [pool-433-thread-1] INFO  server.RaftServerConfigKeys (ConfUtils.java:logGet(43)) - raft.server.log.corruption.policy = EXCEPTION (default)
2019-10-04 02:50:22,078 [pool-423-thread-1] INFO  server.RaftServerConfigKeys (ConfUtils.java:logGet(43)) - raft.server.log.corruption.policy = EXCEPTION (default)
2019-10-04 02:50:22,078 [pool-433-thread-1] INFO  storage.RaftStorageDirectory (RaftStorageDirectory.java:analyzeStorage(246)) - The storage directory /workdir/hadoop-ozone/integration-test/target/test-dir/MiniOzoneClusterImpl-6853f8fe-c5bc-4689-8468-e23c9095c6f3/datanode-5/data/ratis/a0398f0a-f2fb-4a19-8059-d511d6df0df4 does not exist. Creating ...
2019-10-04 02:50:22,078 [pool-423-thread-1] INFO  storage.RaftStorageDirectory (RaftStorageDirectory.java:analyzeStorage(246)) - The storage directory /workdir/hadoop-ozone/integration-test/target/test-dir/MiniOzoneClusterImpl-6853f8fe-c5bc-4689-8468-e23c9095c6f3/datanode-4/data/ratis/a0398f0a-f2fb-4a19-8059-d511d6df0df4 does not exist. Creating ...
2019-10-04 02:50:22,090 [pool-433-thread-1] INFO  storage.RaftStorageDirectory (RaftStorageDirectory.java:tryLock(328)) - Lock on /workdir/hadoop-ozone/integration-test/target/test-dir/MiniOzoneClusterImpl-6853f8fe-c5bc-4689-8468-e23c9095c6f3/datanode-5/data/ratis/a0398f0a-f2fb-4a19-8059-d511d6df0df4/in_use.lock acquired by nodename 16149@pr-hdds-2181-xhd89-2114587330
2019-10-04 02:50:22,090 [pool-423-thread-1] INFO  storage.RaftStorageDirectory (RaftStorageDirectory.java:tryLock(328)) - Lock on /workdir/hadoop-ozone/integration-test/target/test-dir/MiniOzoneClusterImpl-6853f8fe-c5bc-4689-8468-e23c9095c6f3/datanode-4/data/ratis/a0398f0a-f2fb-4a19-8059-d511d6df0df4/in_use.lock acquired by nodename 16149@pr-hdds-2181-xhd89-2114587330
2019-10-04 02:50:22,090 [pool-413-thread-1] INFO  storage.RaftStorageDirectory (RaftStorageDirectory.java:tryLock(328)) - Lock on /workdir/hadoop-ozone/integration-test/target/test-dir/MiniOzoneClusterImpl-6853f8fe-c5bc-4689-8468-e23c9095c6f3/datanode-3/data/ratis/a0398f0a-f2fb-4a19-8059-d511d6df0df4/in_use.lock acquired by nodename 16149@pr-hdds-2181-xhd89-2114587330
2019-10-04 02:50:22,103 [main] INFO  ozone.MiniOzoneClusterImpl (MiniOzoneClusterImpl.java:lambda$waitForClusterToBeReady$0(147)) - Waiting for cluster to be ready. Got 6 of 7 DN Heartbeats.
2019-10-04 02:50:22,103 [IPC Server handler 5 on 42580] INFO  net.NetworkTopology (NetworkTopologyImpl.java:add(111)) - Added a new node: /default-rack/8b1698d0-e18d-4631-bac1-486bb7bdd068
2019-10-04 02:50:22,103 [IPC Server handler 5 on 42580] INFO  node.SCMNodeManager (SCMNodeManager.java:register(266)) - Registered Data node : 8b1698d0-e18d-4631-bac1-486bb7bdd068{ip: 192.168.164.196, host: pr-hdds-2181-xhd89-2114587330, networkLocation: /default-rack, certSerialId: null}
2019-10-04 02:50:22,104 [pool-433-thread-1] INFO  storage.RaftStorage (RaftStorage.java:format(84)) - Storage directory /workdir/hadoop-ozone/integration-test/target/test-dir/MiniOzoneClusterImpl-6853f8fe-c5bc-4689-8468-e23c9095c6f3/datanode-5/data/ratis/a0398f0a-f2fb-4a19-8059-d511d6df0df4 has been successfully formatted.
2019-10-04 02:50:22,104 [pool-413-thread-1] INFO  storage.RaftStorage (RaftStorage.java:format(84)) - Storage directory /workdir/hadoop-ozone/integration-test/target/test-dir/MiniOzoneClusterImpl-6853f8fe-c5bc-4689-8468-e23c9095c6f3/datanode-3/data/ratis/a0398f0a-f2fb-4a19-8059-d511d6df0df4 has been successfully formatted.
2019-10-04 02:50:22,104 [pool-423-thread-1] INFO  storage.RaftStorage (RaftStorage.java:format(84)) - Storage directory /workdir/hadoop-ozone/integration-test/target/test-dir/MiniOzoneClusterImpl-6853f8fe-c5bc-4689-8468-e23c9095c6f3/datanode-4/data/ratis/a0398f0a-f2fb-4a19-8059-d511d6df0df4 has been successfully formatted.
2019-10-04 02:50:22,104 [pool-413-thread-1] INFO  ratis.ContainerStateMachine (ContainerStateMachine.java:loadSnapshot(230)) - group-D511D6DF0DF4: The snapshot info is null. Setting the last applied indexto:(t:0, i:~)
2019-10-04 02:50:22,105 [pool-423-thread-1] INFO  ratis.ContainerStateMachine (ContainerStateMachine.java:loadSnapshot(230)) - group-D511D6DF0DF4: The snapshot info is null. Setting the last applied indexto:(t:0, i:~)
2019-10-04 02:50:22,104 [pool-433-thread-1] INFO  ratis.ContainerStateMachine (ContainerStateMachine.java:loadSnapshot(230)) - group-D511D6DF0DF4: The snapshot info is null. Setting the last applied indexto:(t:0, i:~)
2019-10-04 02:50:22,105 [pool-423-thread-1] INFO  server.RaftServerConfigKeys (ConfUtils.java:logGet(43)) - raft.server.notification.no-leader.timeout = 120s (custom)
2019-10-04 02:50:22,105 [pool-413-thread-1] INFO  server.RaftServerConfigKeys (ConfUtils.java:logGet(43)) - raft.server.notification.no-leader.timeout = 120s (custom)
2019-10-04 02:50:22,105 [pool-423-thread-1] INFO  server.RaftServerConfigKeys (ConfUtils.java:logGet(43)) - raft.server.log.use.memory = false (default)
2019-10-04 02:50:22,105 [pool-433-thread-1] INFO  server.RaftServerConfigKeys (ConfUtils.java:logGet(43)) - raft.server.notification.no-leader.timeout = 120s (custom)
2019-10-04 02:50:22,105 [pool-423-thread-1] INFO  server.RaftServerConfigKeys (ConfUtils.java:logGet(43)) - raft.server.log.purge.gap = 1000000 (custom)
2019-10-04 02:50:22,105 [pool-413-thread-1] INFO  server.RaftServerConfigKeys (ConfUtils.java:logGet(43)) - raft.server.log.use.memory = false (default)
2019-10-04 02:50:22,105 [pool-423-thread-1] INFO  server.RaftServerConfigKeys (ConfUtils.java:logGet(43)) - raft.server.log.appender.buffer.byte-limit = 33554432 (custom)
2019-10-04 02:50:22,105 [pool-433-thread-1] INFO  server.RaftServerConfigKeys (ConfUtils.java:logGet(43)) - raft.server.log.use.memory = false (default)
2019-10-04 02:50:22,106 [pool-423-thread-1] INFO  server.RaftServerConfigKeys (ConfUtils.java:logGet(43)) - raft.server.log.segment.size.max = 1048576 (custom)
2019-10-04 02:50:22,106 [pool-413-thread-1] INFO  server.RaftServerConfigKeys (ConfUtils.java:logGet(43)) - raft.server.log.purge.gap = 1000000 (custom)
2019-10-04 02:50:22,106 [pool-423-thread-1] INFO  server.RaftServerConfigKeys (ConfUtils.java:logGet(43)) - raft.server.log.segment.cache.num.max = 2 (custom)
2019-10-04 02:50:22,106 [pool-433-thread-1] INFO  server.RaftServerConfigKeys (ConfUtils.java:logGet(43)) - raft.server.log.purge.gap = 1000000 (custom)
2019-10-04 02:50:22,106 [pool-423-thread-1] INFO  segmented.SegmentedRaftLogWorker (SegmentedRaftLogWorker.java:<init>(173)) - new d23dcb3d-0105-474e-b7f1-87cd0090b695@group-D511D6DF0DF4-SegmentedRaftLogWorker for RaftStorage:Storage Directory /workdir/hadoop-ozone/integration-test/target/test-dir/MiniOzoneClusterImpl-6853f8fe-c5bc-4689-8468-e23c9095c6f3/datanode-4/data/ratis/a0398f0a-f2fb-4a19-8059-d511d6df0df4
2019-10-04 02:50:22,106 [pool-413-thread-1] INFO  server.RaftServerConfigKeys (ConfUtils.java:logGet(43)) - raft.server.log.appender.buffer.byte-limit = 33554432 (custom)
2019-10-04 02:50:22,106 [pool-423-thread-1] INFO  server.RaftServerConfigKeys (ConfUtils.java:logGet(43)) - raft.server.log.queue.byte-limit = 2147483647 (custom)
2019-10-04 02:50:22,106 [pool-433-thread-1] INFO  server.RaftServerConfigKeys (ConfUtils.java:logGet(43)) - raft.server.log.appender.buffer.byte-limit = 33554432 (custom)
2019-10-04 02:50:22,107 [pool-423-thread-1] INFO  server.RaftServerConfigKeys (ConfUtils.java:logGet(43)) - raft.server.log.queue.element-limit = 1024 (custom)
2019-10-04 02:50:22,107 [pool-413-thread-1] INFO  server.RaftServerConfigKeys (ConfUtils.java:logGet(43)) - raft.server.log.segment.size.max = 1048576 (custom)
2019-10-04 02:50:22,107 [pool-423-thread-1] INFO  server.RaftServerConfigKeys (ConfUtils.java:logGet(43)) - raft.server.log.segment.size.max = 1048576 (custom)
2019-10-04 02:50:22,107 [pool-433-thread-1] INFO  server.RaftServerConfigKeys (ConfUtils.java:logGet(43)) - raft.server.log.segment.size.max = 1048576 (custom)
2019-10-04 02:50:22,107 [pool-423-thread-1] INFO  server.RaftServerConfigKeys (ConfUtils.java:logGet(43)) - raft.server.log.preallocated.size = 16384 (custom)
2019-10-04 02:50:22,107 [pool-423-thread-1] INFO  server.RaftServerConfigKeys (ConfUtils.java:logGet(43)) - raft.server.log.write.buffer.size = 33554432 (custom)
2019-10-04 02:50:22,107 [pool-413-thread-1] INFO  server.RaftServerConfigKeys (ConfUtils.java:logGet(43)) - raft.server.log.segment.cache.num.max = 2 (custom)
2019-10-04 02:50:22,107 [pool-423-thread-1] INFO  server.RaftServerConfigKeys (ConfUtils.java:logGet(43)) - raft.server.log.force.sync.num = 128 (default)
2019-10-04 02:50:22,108 [pool-423-thread-1] INFO  server.RaftServerConfigKeys (ConfUtils.java:logGet(43)) - raft.server.log.statemachine.data.sync = true (default)
2019-10-04 02:50:22,107 [pool-433-thread-1] INFO  server.RaftServerConfigKeys (ConfUtils.java:logGet(43)) - raft.server.log.segment.cache.num.max = 2 (custom)
2019-10-04 02:50:22,108 [pool-423-thread-1] INFO  server.RaftServerConfigKeys (ConfUtils.java:logGet(43)) - raft.server.log.statemachine.data.sync.timeout = 10s (default)
2019-10-04 02:50:22,108 [pool-413-thread-1] INFO  segmented.SegmentedRaftLogWorker (SegmentedRaftLogWorker.java:<init>(173)) - new 1f2f438b-8057-4805-a00e-2c4ee45f7665@group-D511D6DF0DF4-SegmentedRaftLogWorker for RaftStorage:Storage Directory /workdir/hadoop-ozone/integration-test/target/test-dir/MiniOzoneClusterImpl-6853f8fe-c5bc-4689-8468-e23c9095c6f3/datanode-3/data/ratis/a0398f0a-f2fb-4a19-8059-d511d6df0df4
2019-10-04 02:50:22,108 [pool-423-thread-1] INFO  server.RaftServerConfigKeys (ConfUtils.java:logGet(43)) - raft.server.log.statemachine.data.sync.timeout.retry = -1 (default)
2019-10-04 02:50:22,108 [pool-433-thread-1] INFO  segmented.SegmentedRaftLogWorker (SegmentedRaftLogWorker.java:<init>(173)) - new 828dabb6-9794-405b-8ff2-d748374bd963@group-D511D6DF0DF4-SegmentedRaftLogWorker for RaftStorage:Storage Directory /workdir/hadoop-ozone/integration-test/target/test-dir/MiniOzoneClusterImpl-6853f8fe-c5bc-4689-8468-e23c9095c6f3/datanode-5/data/ratis/a0398f0a-f2fb-4a19-8059-d511d6df0df4
2019-10-04 02:50:22,108 [pool-423-thread-1] INFO  server.RaftServerConfigKeys (ConfUtils.java:logGet(43)) - raft.server.log.statemachine.data.caching.enabled = true (custom)
2019-10-04 02:50:22,108 [pool-413-thread-1] INFO  server.RaftServerConfigKeys (ConfUtils.java:logGet(43)) - raft.server.log.queue.byte-limit = 2147483647 (custom)
2019-10-04 02:50:22,109 [pool-423-thread-1] INFO  segmented.SegmentedRaftLogWorker (SegmentedRaftLogWorker.java:lambda$new$0(128)) - d23dcb3d-0105-474e-b7f1-87cd0090b695@group-D511D6DF0DF4-SegmentedRaftLogWorker: flushIndex: setUnconditionally 0 -> -1
2019-10-04 02:50:22,108 [pool-433-thread-1] INFO  server.RaftServerConfigKeys (ConfUtils.java:logGet(43)) - raft.server.log.queue.byte-limit = 2147483647 (custom)
2019-10-04 02:50:22,109 [pool-413-thread-1] INFO  server.RaftServerConfigKeys (ConfUtils.java:logGet(43)) - raft.server.log.queue.element-limit = 1024 (custom)
2019-10-04 02:50:22,109 [pool-423-thread-1] INFO  server.RaftServerConfigKeys (ConfUtils.java:logGet(43)) - raft.server.snapshot.auto.trigger.enabled = true (custom)
2019-10-04 02:50:22,109 [pool-433-thread-1] INFO  server.RaftServerConfigKeys (ConfUtils.java:logGet(43)) - raft.server.log.queue.element-limit = 1024 (custom)
2019-10-04 02:50:22,109 [pool-423-thread-1] INFO  server.RaftServerConfigKeys (ConfUtils.java:logGet(43)) - raft.server.snapshot.auto.trigger.threshold = 10000 (custom)
2019-10-04 02:50:22,109 [pool-413-thread-1] INFO  server.RaftServerConfigKeys (ConfUtils.java:logGet(43)) - raft.server.log.segment.size.max = 1048576 (custom)
2019-10-04 02:50:22,109 [pool-423-thread-1] INFO  server.RaftServerConfigKeys (ConfUtils.java:logGet(43)) - raft.server.snapshot.retention.file.num = 5 (custom)
2019-10-04 02:50:22,109 [pool-433-thread-1] INFO  server.RaftServerConfigKeys (ConfUtils.java:logGet(43)) - raft.server.log.segment.size.max = 1048576 (custom)
2019-10-04 02:50:22,110 [pool-423-thread-1] INFO  server.RaftServerConfigKeys (ConfUtils.java:logGet(43)) - raft.server.retrycache.expirytime = 600000ms (custom)
2019-10-04 02:50:22,109 [pool-413-thread-1] INFO  server.RaftServerConfigKeys (ConfUtils.java:logGet(43)) - raft.server.log.preallocated.size = 16384 (custom)
2019-10-04 02:50:22,110 [pool-433-thread-1] INFO  server.RaftServerConfigKeys (ConfUtils.java:logGet(43)) - raft.server.log.preallocated.size = 16384 (custom)
2019-10-04 02:50:22,110 [pool-413-thread-1] INFO  server.RaftServerConfigKeys (ConfUtils.java:logGet(43)) - raft.server.log.write.buffer.size = 33554432 (custom)
2019-10-04 02:50:22,110 [pool-433-thread-1] INFO  server.RaftServerConfigKeys (ConfUtils.java:logGet(43)) - raft.server.log.write.buffer.size = 33554432 (custom)
2019-10-04 02:50:22,110 [pool-413-thread-1] INFO  server.RaftServerConfigKeys (ConfUtils.java:logGet(43)) - raft.server.log.force.sync.num = 128 (default)
2019-10-04 02:50:22,110 [pool-433-thread-1] INFO  server.RaftServerConfigKeys (ConfUtils.java:logGet(43)) - raft.server.log.force.sync.num = 128 (default)
2019-10-04 02:50:22,111 [pool-413-thread-1] INFO  server.RaftServerConfigKeys (ConfUtils.java:logGet(43)) - raft.server.log.statemachine.data.sync = true (default)
2019-10-04 02:50:22,111 [pool-433-thread-1] INFO  server.RaftServerConfigKeys (ConfUtils.java:logGet(43)) - raft.server.log.statemachine.data.sync = true (default)
2019-10-04 02:50:22,111 [pool-423-thread-1] INFO  impl.RaftServerImpl (RaftServerImpl.java:start(181)) - d23dcb3d-0105-474e-b7f1-87cd0090b695@group-D511D6DF0DF4: start as a follower, conf=-1: [1f2f438b-8057-4805-a00e-2c4ee45f7665:192.168.164.196:45378, d23dcb3d-0105-474e-b7f1-87cd0090b695:192.168.164.196:39248, 828dabb6-9794-405b-8ff2-d748374bd963:192.168.164.196:42864], old=null
2019-10-04 02:50:22,111 [pool-413-thread-1] INFO  server.RaftServerConfigKeys (ConfUtils.java:logGet(43)) - raft.server.log.statemachine.data.sync.timeout = 10s (default)
2019-10-04 02:50:22,111 [pool-423-thread-1] INFO  impl.RaftServerImpl (RaftServerImpl.java:setRole(170)) - d23dcb3d-0105-474e-b7f1-87cd0090b695@group-D511D6DF0DF4: changes role from      null to FOLLOWER at term 0 for startAsFollower
2019-10-04 02:50:22,111 [pool-433-thread-1] INFO  server.RaftServerConfigKeys (ConfUtils.java:logGet(43)) - raft.server.log.statemachine.data.sync.timeout = 10s (default)
2019-10-04 02:50:22,112 [pool-423-thread-1] INFO  impl.RoleInfo (RoleInfo.java:updateAndGet(143)) - d23dcb3d-0105-474e-b7f1-87cd0090b695: start FollowerState
2019-10-04 02:50:22,111 [pool-413-thread-1] INFO  server.RaftServerConfigKeys (ConfUtils.java:logGet(43)) - raft.server.log.statemachine.data.sync.timeout.retry = -1 (default)
2019-10-04 02:50:22,112 [pool-423-thread-1] INFO  util.JmxRegister (JmxRegister.java:tryRegister(44)) - Successfully registered JMX Bean with object name Ratis:service=RaftServer,group=group-D511D6DF0DF4,id=d23dcb3d-0105-474e-b7f1-87cd0090b695
2019-10-04 02:50:22,112 [pool-413-thread-1] INFO  server.RaftServerConfigKeys (ConfUtils.java:logGet(43)) - raft.server.log.statemachine.data.caching.enabled = true (custom)
2019-10-04 02:50:22,112 [pool-433-thread-1] INFO  server.RaftServerConfigKeys (ConfUtils.java:logGet(43)) - raft.server.log.statemachine.data.sync.timeout.retry = -1 (default)
2019-10-04 02:50:22,113 [pool-433-thread-1] INFO  server.RaftServerConfigKeys (ConfUtils.java:logGet(43)) - raft.server.log.statemachine.data.caching.enabled = true (custom)
2019-10-04 02:50:22,113 [pool-413-thread-1] INFO  segmented.SegmentedRaftLogWorker (SegmentedRaftLogWorker.java:lambda$new$0(128)) - 1f2f438b-8057-4805-a00e-2c4ee45f7665@group-D511D6DF0DF4-SegmentedRaftLogWorker: flushIndex: setUnconditionally 0 -> -1
2019-10-04 02:50:22,113 [pool-433-thread-1] INFO  segmented.SegmentedRaftLogWorker (SegmentedRaftLogWorker.java:lambda$new$0(128)) - 828dabb6-9794-405b-8ff2-d748374bd963@group-D511D6DF0DF4-SegmentedRaftLogWorker: flushIndex: setUnconditionally 0 -> -1
2019-10-04 02:50:22,113 [pool-413-thread-1] INFO  server.RaftServerConfigKeys (ConfUtils.java:logGet(43)) - raft.server.snapshot.auto.trigger.enabled = true (custom)
2019-10-04 02:50:22,113 [pool-433-thread-1] INFO  server.RaftServerConfigKeys (ConfUtils.java:logGet(43)) - raft.server.snapshot.auto.trigger.enabled = true (custom)
2019-10-04 02:50:22,113 [pool-413-thread-1] INFO  server.RaftServerConfigKeys (ConfUtils.java:logGet(43)) - raft.server.snapshot.auto.trigger.threshold = 10000 (custom)
2019-10-04 02:50:22,113 [pool-433-thread-1] INFO  server.RaftServerConfigKeys (ConfUtils.java:logGet(43)) - raft.server.snapshot.auto.trigger.threshold = 10000 (custom)
2019-10-04 02:50:22,113 [pool-413-thread-1] INFO  server.RaftServerConfigKeys (ConfUtils.java:logGet(43)) - raft.server.snapshot.retention.file.num = 5 (custom)
2019-10-04 02:50:22,113 [pool-433-thread-1] INFO  server.RaftServerConfigKeys (ConfUtils.java:logGet(43)) - raft.server.snapshot.retention.file.num = 5 (custom)
2019-10-04 02:50:22,114 [pool-413-thread-1] INFO  server.RaftServerConfigKeys (ConfUtils.java:logGet(43)) - raft.server.retrycache.expirytime = 600000ms (custom)
2019-10-04 02:50:22,114 [pool-433-thread-1] INFO  server.RaftServerConfigKeys (ConfUtils.java:logGet(43)) - raft.server.retrycache.expirytime = 600000ms (custom)
2019-10-04 02:50:22,117 [pool-433-thread-1] INFO  impl.RaftServerImpl (RaftServerImpl.java:start(181)) - 828dabb6-9794-405b-8ff2-d748374bd963@group-D511D6DF0DF4: start as a follower, conf=-1: [1f2f438b-8057-4805-a00e-2c4ee45f7665:192.168.164.196:45378, d23dcb3d-0105-474e-b7f1-87cd0090b695:192.168.164.196:39248, 828dabb6-9794-405b-8ff2-d748374bd963:192.168.164.196:42864], old=null
2019-10-04 02:50:22,117 [pool-413-thread-1] INFO  impl.RaftServerImpl (RaftServerImpl.java:start(181)) - 1f2f438b-8057-4805-a00e-2c4ee45f7665@group-D511D6DF0DF4: start as a follower, conf=-1: [1f2f438b-8057-4805-a00e-2c4ee45f7665:192.168.164.196:45378, d23dcb3d-0105-474e-b7f1-87cd0090b695:192.168.164.196:39248, 828dabb6-9794-405b-8ff2-d748374bd963:192.168.164.196:42864], old=null
2019-10-04 02:50:22,117 [pool-433-thread-1] INFO  impl.RaftServerImpl (RaftServerImpl.java:setRole(170)) - 828dabb6-9794-405b-8ff2-d748374bd963@group-D511D6DF0DF4: changes role from      null to FOLLOWER at term 0 for startAsFollower
2019-10-04 02:50:22,117 [pool-413-thread-1] INFO  impl.RaftServerImpl (RaftServerImpl.java:setRole(170)) - 1f2f438b-8057-4805-a00e-2c4ee45f7665@group-D511D6DF0DF4: changes role from      null to FOLLOWER at term 0 for startAsFollower
2019-10-04 02:50:22,117 [pool-433-thread-1] INFO  impl.RoleInfo (RoleInfo.java:updateAndGet(143)) - 828dabb6-9794-405b-8ff2-d748374bd963: start FollowerState
2019-10-04 02:50:22,117 [pool-413-thread-1] INFO  impl.RoleInfo (RoleInfo.java:updateAndGet(143)) - 1f2f438b-8057-4805-a00e-2c4ee45f7665: start FollowerState
2019-10-04 02:50:22,118 [pool-433-thread-1] INFO  util.JmxRegister (JmxRegister.java:tryRegister(44)) - Successfully registered JMX Bean with object name Ratis:service=RaftServer,group=group-D511D6DF0DF4,id=828dabb6-9794-405b-8ff2-d748374bd963
2019-10-04 02:50:22,118 [pool-413-thread-1] INFO  util.JmxRegister (JmxRegister.java:tryRegister(44)) - Successfully registered JMX Bean with object name Ratis:service=RaftServer,group=group-D511D6DF0DF4,id=1f2f438b-8057-4805-a00e-2c4ee45f7665
2019-10-04 02:50:22,122 [RatisPipelineUtilsThread] INFO  pipeline.PipelineStateManager (PipelineStateManager.java:addPipeline(56)) - Created pipeline Pipeline[ Id: a0398f0a-f2fb-4a19-8059-d511d6df0df4, Nodes: d23dcb3d-0105-474e-b7f1-87cd0090b695{ip: 192.168.164.196, host: pr-hdds-2181-xhd89-2114587330, networkLocation: /default-rack, certSerialId: null}828dabb6-9794-405b-8ff2-d748374bd963{ip: 192.168.164.196, host: pr-hdds-2181-xhd89-2114587330, networkLocation: /default-rack, certSerialId: null}1f2f438b-8057-4805-a00e-2c4ee45f7665{ip: 192.168.164.196, host: pr-hdds-2181-xhd89-2114587330, networkLocation: /default-rack, certSerialId: null}, Type:RATIS, Factor:THREE, State:OPEN]
2019-10-04 02:50:22,786 [grpc-default-executor-4] WARN  server.GrpcLogAppender (LogUtils.java:warn(134)) - b83a6a27-b6a1-4e2a-a9cc-dc8f8dad53d5@group-BACDF191FE77->dfe0ab3c-9bcd-4203-8d69-f85e2a82e83f-AppendLogResponseHandler: Failed appendEntries: org.apache.ratis.thirdparty.io.grpc.StatusRuntimeException: UNAVAILABLE: io exception
2019-10-04 02:50:22,786 [grpc-default-executor-4] INFO  impl.FollowerInfo (FollowerInfo.java:lambda$new$0(51)) - b83a6a27-b6a1-4e2a-a9cc-dc8f8dad53d5@group-BACDF191FE77->dfe0ab3c-9bcd-4203-8d69-f85e2a82e83f: nextIndex: updateUnconditionally 0 -> 0
2019-10-04 02:50:22,786 [grpc-default-executor-8] WARN  server.GrpcLogAppender (LogUtils.java:warn(134)) - b83a6a27-b6a1-4e2a-a9cc-dc8f8dad53d5@group-BACDF191FE77->e380016e-3489-43b9-9f3c-71e3ad62c659-AppendLogResponseHandler: Failed appendEntries: org.apache.ratis.thirdparty.io.grpc.StatusRuntimeException: UNAVAILABLE: io exception
2019-10-04 02:50:22,790 [grpc-default-executor-8] INFO  impl.FollowerInfo (FollowerInfo.java:lambda$new$0(51)) - b83a6a27-b6a1-4e2a-a9cc-dc8f8dad53d5@group-BACDF191FE77->e380016e-3489-43b9-9f3c-71e3ad62c659: nextIndex: updateUnconditionally 0 -> 0
2019-10-04 02:50:23,103 [main] INFO  ozone.MiniOzoneClusterImpl (MiniOzoneClusterImpl.java:lambda$waitForClusterToBeReady$0(147)) - Cluster is ready. Got 7 of 7 DN Heartbeats.
2019-10-04 02:50:23,153 [main] INFO  rpc.RpcClient (RpcClient.java:createVolume(277)) - Creating Volume: watchforcommithandlingtest, with jenkins1000 as owner.
2019-10-04 02:50:23,156 [IPC Server handler 1 on 35857] INFO  volume.OMVolumeCreateRequest (OMVolumeCreateRequest.java:validateAndUpdateCache(193)) - created volume:watchforcommithandlingtest for user:jenkins1000
2019-10-04 02:50:23,173 [main] INFO  rpc.RpcClient (RpcClient.java:createBucket(416)) - Creating Bucket: watchforcommithandlingtest/watchforcommithandlingtest, with Versioning false and Storage Type set to DISK and Encryption set to false 
2019-10-04 02:50:23,177 [main] INFO  ozone.MiniOzoneClusterImpl (MiniOzoneClusterImpl.java:getStorageContainerLocationClient(234)) - Creating StorageContainerLocationProtocol RPC client with address /0.0.0.0:40908
2019-10-04 02:50:24,546 [Thread-2343] INFO  container.ReplicationManager (ReplicationManager.java:start(162)) - Starting Replication Monitor Thread.
2019-10-04 02:50:24,552 [ReplicationMonitor] INFO  container.ReplicationManager (ReplicationManager.java:run(225)) - Replication Monitor Thread took 0 milliseconds for processing 1 containers.
2019-10-04 02:50:25,286 [grpc-default-executor-8] WARN  server.GrpcLogAppender (LogUtils.java:warn(134)) - b83a6a27-b6a1-4e2a-a9cc-dc8f8dad53d5@group-BACDF191FE77->dfe0ab3c-9bcd-4203-8d69-f85e2a82e83f-AppendLogResponseHandler: Failed appendEntries: org.apache.ratis.thirdparty.io.grpc.StatusRuntimeException: UNAVAILABLE: io exception
2019-10-04 02:50:25,286 [grpc-default-executor-7] WARN  server.GrpcLogAppender (LogUtils.java:warn(134)) - b83a6a27-b6a1-4e2a-a9cc-dc8f8dad53d5@group-BACDF191FE77->e380016e-3489-43b9-9f3c-71e3ad62c659-AppendLogResponseHandler: Failed appendEntries: org.apache.ratis.thirdparty.io.grpc.StatusRuntimeException: UNAVAILABLE: io exception
2019-10-04 02:50:25,287 [grpc-default-executor-8] INFO  impl.FollowerInfo (FollowerInfo.java:lambda$new$0(51)) - b83a6a27-b6a1-4e2a-a9cc-dc8f8dad53d5@group-BACDF191FE77->dfe0ab3c-9bcd-4203-8d69-f85e2a82e83f: nextIndex: updateUnconditionally 0 -> 0
2019-10-04 02:50:25,287 [grpc-default-executor-7] INFO  impl.FollowerInfo (FollowerInfo.java:lambda$new$0(51)) - b83a6a27-b6a1-4e2a-a9cc-dc8f8dad53d5@group-BACDF191FE77->e380016e-3489-43b9-9f3c-71e3ad62c659: nextIndex: updateUnconditionally 0 -> 0
2019-10-04 02:50:26,738 [Thread-2345] INFO  impl.FollowerState (FollowerState.java:run(108)) - 59a36ea5-c9b1-471c-a7e2-5ded742c5318@group-A90DDC70653C-FollowerState: change to CANDIDATE, lastRpcTime:5146ms, electionTimeout:5146ms
2019-10-04 02:50:26,738 [Thread-2345] INFO  impl.RoleInfo (RoleInfo.java:shutdownFollowerState(121)) - 59a36ea5-c9b1-471c-a7e2-5ded742c5318: shutdown FollowerState
2019-10-04 02:50:26,738 [Thread-2345] INFO  impl.RaftServerImpl (RaftServerImpl.java:setRole(170)) - 59a36ea5-c9b1-471c-a7e2-5ded742c5318@group-A90DDC70653C: changes role from  FOLLOWER to CANDIDATE at term 0 for changeToCandidate
2019-10-04 02:50:26,739 [Thread-2345] INFO  impl.RoleInfo (RoleInfo.java:updateAndGet(143)) - 59a36ea5-c9b1-471c-a7e2-5ded742c5318: start LeaderElection
2019-10-04 02:50:26,753 [Thread-2348] INFO  impl.FollowerState (FollowerState.java:run(108)) - 5d386dc5-aef6-4fdc-9315-174121a43b8d@group-75DA1EBDCC8F-FollowerState: change to CANDIDATE, lastRpcTime:5070ms, electionTimeout:5070ms
2019-10-04 02:50:26,753 [Thread-2348] INFO  impl.RoleInfo (RoleInfo.java:shutdownFollowerState(121)) - 5d386dc5-aef6-4fdc-9315-174121a43b8d: shutdown FollowerState
2019-10-04 02:50:26,753 [Thread-2348] INFO  impl.RaftServerImpl (RaftServerImpl.java:setRole(170)) - 5d386dc5-aef6-4fdc-9315-174121a43b8d@group-75DA1EBDCC8F: changes role from  FOLLOWER to CANDIDATE at term 0 for changeToCandidate
2019-10-04 02:50:26,754 [Thread-2348] INFO  impl.RoleInfo (RoleInfo.java:updateAndGet(143)) - 5d386dc5-aef6-4fdc-9315-174121a43b8d: start LeaderElection
2019-10-04 02:50:26,766 [59a36ea5-c9b1-471c-a7e2-5ded742c5318@group-A90DDC70653C-LeaderElection55] INFO  impl.LeaderElection (LeaderElection.java:askForVotes(178)) - 59a36ea5-c9b1-471c-a7e2-5ded742c5318@group-A90DDC70653C-LeaderElection55: begin an election at term 1 for -1: [59a36ea5-c9b1-471c-a7e2-5ded742c5318:192.168.164.196:39026], old=null
2019-10-04 02:50:26,766 [59a36ea5-c9b1-471c-a7e2-5ded742c5318@group-A90DDC70653C-LeaderElection55] INFO  impl.RoleInfo (RoleInfo.java:shutdownLeaderElection(134)) - 59a36ea5-c9b1-471c-a7e2-5ded742c5318: shutdown LeaderElection
2019-10-04 02:50:26,767 [59a36ea5-c9b1-471c-a7e2-5ded742c5318@group-A90DDC70653C-LeaderElection55] INFO  impl.RaftServerImpl (RaftServerImpl.java:setRole(170)) - 59a36ea5-c9b1-471c-a7e2-5ded742c5318@group-A90DDC70653C: changes role from CANDIDATE to LEADER at term 1 for changeToLeader
2019-10-04 02:50:26,767 [59a36ea5-c9b1-471c-a7e2-5ded742c5318@group-A90DDC70653C-LeaderElection55] INFO  impl.RaftServerImpl (ServerState.java:setLeader(255)) - 59a36ea5-c9b1-471c-a7e2-5ded742c5318@group-A90DDC70653C: change Leader from null to 59a36ea5-c9b1-471c-a7e2-5ded742c5318 at term 1 for becomeLeader, leader elected after 5182ms
2019-10-04 02:50:26,767 [59a36ea5-c9b1-471c-a7e2-5ded742c5318@group-A90DDC70653C-LeaderElection55] INFO  server.RaftServerConfigKeys (ConfUtils.java:logGet(43)) - raft.server.staging.catchup.gap = 1000 (default)
2019-10-04 02:50:26,767 [59a36ea5-c9b1-471c-a7e2-5ded742c5318@group-A90DDC70653C-LeaderElection55] INFO  server.RaftServerConfigKeys (ConfUtils.java:logGet(43)) - raft.server.rpc.sleep.time = 25ms (default)
2019-10-04 02:50:26,768 [59a36ea5-c9b1-471c-a7e2-5ded742c5318@group-A90DDC70653C-LeaderElection55] INFO  server.RaftServerConfigKeys (ConfUtils.java:logGet(43)) - raft.server.write.element-limit = 4096 (default)
2019-10-04 02:50:26,768 [59a36ea5-c9b1-471c-a7e2-5ded742c5318@group-A90DDC70653C-LeaderElection55] INFO  server.RaftServerConfigKeys (ConfUtils.java:logGet(43)) - raft.server.watch.timeout = 10s (default)
2019-10-04 02:50:26,768 [59a36ea5-c9b1-471c-a7e2-5ded742c5318@group-A90DDC70653C-LeaderElection55] INFO  server.RaftServerConfigKeys (ConfUtils.java:logGet(43)) - raft.server.watch.timeout.denomination = 1s (default)
2019-10-04 02:50:26,768 [59a36ea5-c9b1-471c-a7e2-5ded742c5318@group-A90DDC70653C-LeaderElection55] INFO  server.RaftServerConfigKeys (ConfUtils.java:logGet(43)) - raft.server.watch.element-limit = 65536 (default)
2019-10-04 02:50:26,770 [59a36ea5-c9b1-471c-a7e2-5ded742c5318@group-A90DDC70653C-LeaderElection55] INFO  impl.RoleInfo (RoleInfo.java:updateAndGet(143)) - 59a36ea5-c9b1-471c-a7e2-5ded742c5318: start LeaderState
2019-10-04 02:50:26,771 [59a36ea5-c9b1-471c-a7e2-5ded742c5318@group-A90DDC70653C-LeaderElection55] INFO  segmented.SegmentedRaftLogWorker (SegmentedRaftLogWorker.java:startLogSegment(385)) - 59a36ea5-c9b1-471c-a7e2-5ded742c5318@group-A90DDC70653C-SegmentedRaftLogWorker: Starting segment from index:0
2019-10-04 02:50:26,771 [59a36ea5-c9b1-471c-a7e2-5ded742c5318@group-A90DDC70653C-LeaderElection55] INFO  impl.RaftServerImpl (ServerState.java:setRaftConf(356)) - 59a36ea5-c9b1-471c-a7e2-5ded742c5318@group-A90DDC70653C: set configuration 0: [59a36ea5-c9b1-471c-a7e2-5ded742c5318:192.168.164.196:39026], old=null at 0
2019-10-04 02:50:26,779 [5d386dc5-aef6-4fdc-9315-174121a43b8d@group-75DA1EBDCC8F-LeaderElection56] INFO  impl.LeaderElection (LeaderElection.java:askForVotes(178)) - 5d386dc5-aef6-4fdc-9315-174121a43b8d@group-75DA1EBDCC8F-LeaderElection56: begin an election at term 1 for -1: [5d386dc5-aef6-4fdc-9315-174121a43b8d:192.168.164.196:42180], old=null
2019-10-04 02:50:26,779 [5d386dc5-aef6-4fdc-9315-174121a43b8d@group-75DA1EBDCC8F-LeaderElection56] INFO  impl.RoleInfo (RoleInfo.java:shutdownLeaderElection(134)) - 5d386dc5-aef6-4fdc-9315-174121a43b8d: shutdown LeaderElection
2019-10-04 02:50:26,779 [5d386dc5-aef6-4fdc-9315-174121a43b8d@group-75DA1EBDCC8F-LeaderElection56] INFO  impl.RaftServerImpl (RaftServerImpl.java:setRole(170)) - 5d386dc5-aef6-4fdc-9315-174121a43b8d@group-75DA1EBDCC8F: changes role from CANDIDATE to LEADER at term 1 for changeToLeader
2019-10-04 02:50:26,779 [5d386dc5-aef6-4fdc-9315-174121a43b8d@group-75DA1EBDCC8F-LeaderElection56] INFO  impl.RaftServerImpl (ServerState.java:setLeader(255)) - 5d386dc5-aef6-4fdc-9315-174121a43b8d@group-75DA1EBDCC8F: change Leader from null to 5d386dc5-aef6-4fdc-9315-174121a43b8d at term 1 for becomeLeader, leader elected after 5102ms
2019-10-04 02:50:26,779 [5d386dc5-aef6-4fdc-9315-174121a43b8d@group-75DA1EBDCC8F-LeaderElection56] INFO  server.RaftServerConfigKeys (ConfUtils.java:logGet(43)) - raft.server.staging.catchup.gap = 1000 (default)
2019-10-04 02:50:26,779 [5d386dc5-aef6-4fdc-9315-174121a43b8d@group-75DA1EBDCC8F-LeaderElection56] INFO  server.RaftServerConfigKeys (ConfUtils.java:logGet(43)) - raft.server.rpc.sleep.time = 25ms (default)
2019-10-04 02:50:26,779 [5d386dc5-aef6-4fdc-9315-174121a43b8d@group-75DA1EBDCC8F-LeaderElection56] INFO  server.RaftServerConfigKeys (ConfUtils.java:logGet(43)) - raft.server.write.element-limit = 4096 (default)
2019-10-04 02:50:26,780 [5d386dc5-aef6-4fdc-9315-174121a43b8d@group-75DA1EBDCC8F-LeaderElection56] INFO  server.RaftServerConfigKeys (ConfUtils.java:logGet(43)) - raft.server.watch.timeout = 10s (default)
2019-10-04 02:50:26,780 [5d386dc5-aef6-4fdc-9315-174121a43b8d@group-75DA1EBDCC8F-LeaderElection56] INFO  server.RaftServerConfigKeys (ConfUtils.java:logGet(43)) - raft.server.watch.timeout.denomination = 1s (default)
2019-10-04 02:50:26,780 [5d386dc5-aef6-4fdc-9315-174121a43b8d@group-75DA1EBDCC8F-LeaderElection56] INFO  server.RaftServerConfigKeys (ConfUtils.java:logGet(43)) - raft.server.watch.element-limit = 65536 (default)
2019-10-04 02:50:26,784 [5d386dc5-aef6-4fdc-9315-174121a43b8d@group-75DA1EBDCC8F-LeaderElection56] INFO  impl.RoleInfo (RoleInfo.java:updateAndGet(143)) - 5d386dc5-aef6-4fdc-9315-174121a43b8d: start LeaderState
2019-10-04 02:50:26,785 [5d386dc5-aef6-4fdc-9315-174121a43b8d@group-75DA1EBDCC8F-LeaderElection56] INFO  segmented.SegmentedRaftLogWorker (SegmentedRaftLogWorker.java:startLogSegment(385)) - 5d386dc5-aef6-4fdc-9315-174121a43b8d@group-75DA1EBDCC8F-SegmentedRaftLogWorker: Starting segment from index:0
2019-10-04 02:50:26,792 [5d386dc5-aef6-4fdc-9315-174121a43b8d@group-75DA1EBDCC8F-LeaderElection56] INFO  impl.RaftServerImpl (ServerState.java:setRaftConf(356)) - 5d386dc5-aef6-4fdc-9315-174121a43b8d@group-75DA1EBDCC8F: set configuration 0: [5d386dc5-aef6-4fdc-9315-174121a43b8d:192.168.164.196:42180], old=null at 0
2019-10-04 02:50:26,824 [59a36ea5-c9b1-471c-a7e2-5ded742c5318@group-A90DDC70653C-SegmentedRaftLogWorker] INFO  segmented.SegmentedRaftLogWorker (SegmentedRaftLogWorker.java:execute(574)) - 59a36ea5-c9b1-471c-a7e2-5ded742c5318@group-A90DDC70653C-SegmentedRaftLogWorker: created new log segment /workdir/hadoop-ozone/integration-test/target/test-dir/MiniOzoneClusterImpl-6853f8fe-c5bc-4689-8468-e23c9095c6f3/datanode-0/data/ratis/65dd588a-3606-4a1c-a85b-a90ddc70653c/current/log_inprogress_0
2019-10-04 02:50:26,826 [5d386dc5-aef6-4fdc-9315-174121a43b8d@group-75DA1EBDCC8F-SegmentedRaftLogWorker] INFO  segmented.SegmentedRaftLogWorker (SegmentedRaftLogWorker.java:execute(574)) - 5d386dc5-aef6-4fdc-9315-174121a43b8d@group-75DA1EBDCC8F-SegmentedRaftLogWorker: created new log segment /workdir/hadoop-ozone/integration-test/target/test-dir/MiniOzoneClusterImpl-6853f8fe-c5bc-4689-8468-e23c9095c6f3/datanode-1/data/ratis/a1185921-2201-4244-ac2d-75da1ebdcc8f/current/log_inprogress_0
2019-10-04 02:50:26,868 [Thread-2356] INFO  impl.FollowerState (FollowerState.java:run(108)) - f6d53d00-79b3-42a2-b41c-6d71791e39d3@group-93BA0FA0F8C5-FollowerState: change to CANDIDATE, lastRpcTime:5023ms, electionTimeout:5023ms
2019-10-04 02:50:26,869 [Thread-2356] INFO  impl.RoleInfo (RoleInfo.java:shutdownFollowerState(121)) - f6d53d00-79b3-42a2-b41c-6d71791e39d3: shutdown FollowerState
2019-10-04 02:50:26,869 [Thread-2356] INFO  impl.RaftServerImpl (RaftServerImpl.java:setRole(170)) - f6d53d00-79b3-42a2-b41c-6d71791e39d3@group-93BA0FA0F8C5: changes role from  FOLLOWER to CANDIDATE at term 0 for changeToCandidate
2019-10-04 02:50:26,869 [Thread-2356] INFO  impl.RoleInfo (RoleInfo.java:updateAndGet(143)) - f6d53d00-79b3-42a2-b41c-6d71791e39d3: start LeaderElection
2019-10-04 02:50:26,880 [Thread-2358] INFO  impl.FollowerState (FollowerState.java:run(108)) - 59a36ea5-c9b1-471c-a7e2-5ded742c5318@group-93BA0FA0F8C5-FollowerState: change to CANDIDATE, lastRpcTime:5032ms, electionTimeout:5032ms
2019-10-04 02:50:26,880 [Thread-2358] INFO  impl.RoleInfo (RoleInfo.java:shutdownFollowerState(121)) - 59a36ea5-c9b1-471c-a7e2-5ded742c5318: shutdown FollowerState
2019-10-04 02:50:26,880 [Thread-2358] INFO  impl.RaftServerImpl (RaftServerImpl.java:setRole(170)) - 59a36ea5-c9b1-471c-a7e2-5ded742c5318@group-93BA0FA0F8C5: changes role from  FOLLOWER to CANDIDATE at term 0 for changeToCandidate
2019-10-04 02:50:26,881 [Thread-2358] INFO  impl.RoleInfo (RoleInfo.java:updateAndGet(143)) - 59a36ea5-c9b1-471c-a7e2-5ded742c5318: start LeaderElection
2019-10-04 02:50:26,889 [f6d53d00-79b3-42a2-b41c-6d71791e39d3@group-93BA0FA0F8C5-LeaderElection57] INFO  impl.LeaderElection (LeaderElection.java:askForVotes(178)) - f6d53d00-79b3-42a2-b41c-6d71791e39d3@group-93BA0FA0F8C5-LeaderElection57: begin an election at term 1 for -1: [5d386dc5-aef6-4fdc-9315-174121a43b8d:192.168.164.196:42180, 59a36ea5-c9b1-471c-a7e2-5ded742c5318:192.168.164.196:39026, f6d53d00-79b3-42a2-b41c-6d71791e39d3:192.168.164.196:38281], old=null
2019-10-04 02:50:26,892 [grpc-default-executor-8] INFO  impl.RaftServerImpl (RaftServerImpl.java:setRole(170)) - 5d386dc5-aef6-4fdc-9315-174121a43b8d@group-93BA0FA0F8C5: changes role from  FOLLOWER to FOLLOWER at term 1 for recognizeCandidate:f6d53d00-79b3-42a2-b41c-6d71791e39d3
2019-10-04 02:50:26,893 [grpc-default-executor-8] INFO  impl.RoleInfo (RoleInfo.java:shutdownFollowerState(121)) - 5d386dc5-aef6-4fdc-9315-174121a43b8d: shutdown FollowerState
2019-10-04 02:50:26,893 [grpc-default-executor-8] INFO  impl.RoleInfo (RoleInfo.java:updateAndGet(143)) - 5d386dc5-aef6-4fdc-9315-174121a43b8d: start FollowerState
2019-10-04 02:50:26,893 [Thread-2357] INFO  impl.FollowerState (FollowerState.java:run(117)) - 5d386dc5-aef6-4fdc-9315-174121a43b8d@group-93BA0FA0F8C5-FollowerState was interrupted: java.lang.InterruptedException: sleep interrupted
2019-10-04 02:50:26,897 [Thread-2351] INFO  impl.FollowerState (FollowerState.java:run(108)) - f6d53d00-79b3-42a2-b41c-6d71791e39d3@group-B0971B6EB602-FollowerState: change to CANDIDATE, lastRpcTime:5122ms, electionTimeout:5120ms
2019-10-04 02:50:26,897 [59a36ea5-c9b1-471c-a7e2-5ded742c5318@group-93BA0FA0F8C5-LeaderElection58] INFO  impl.LeaderElection (LeaderElection.java:askForVotes(178)) - 59a36ea5-c9b1-471c-a7e2-5ded742c5318@group-93BA0FA0F8C5-LeaderElection58: begin an election at term 1 for -1: [5d386dc5-aef6-4fdc-9315-174121a43b8d:192.168.164.196:42180, 59a36ea5-c9b1-471c-a7e2-5ded742c5318:192.168.164.196:39026, f6d53d00-79b3-42a2-b41c-6d71791e39d3:192.168.164.196:38281], old=null
2019-10-04 02:50:26,897 [Thread-2351] INFO  impl.RoleInfo (RoleInfo.java:shutdownFollowerState(121)) - f6d53d00-79b3-42a2-b41c-6d71791e39d3: shutdown FollowerState
2019-10-04 02:50:26,897 [Thread-2351] INFO  impl.RaftServerImpl (RaftServerImpl.java:setRole(170)) - f6d53d00-79b3-42a2-b41c-6d71791e39d3@group-B0971B6EB602: changes role from  FOLLOWER to CANDIDATE at term 0 for changeToCandidate
2019-10-04 02:50:26,897 [Thread-2351] INFO  impl.RoleInfo (RoleInfo.java:updateAndGet(143)) - f6d53d00-79b3-42a2-b41c-6d71791e39d3: start LeaderElection
2019-10-04 02:50:26,908 [f6d53d00-79b3-42a2-b41c-6d71791e39d3@group-93BA0FA0F8C5-LeaderElection57] INFO  impl.LeaderElection (LeaderElection.java:logAndReturn(56)) - f6d53d00-79b3-42a2-b41c-6d71791e39d3@group-93BA0FA0F8C5-LeaderElection57: Election PASSED; received 2 response(s) [f6d53d00-79b3-42a2-b41c-6d71791e39d3<-5d386dc5-aef6-4fdc-9315-174121a43b8d#0:OK-t1, f6d53d00-79b3-42a2-b41c-6d71791e39d3<-59a36ea5-c9b1-471c-a7e2-5ded742c5318#0:FAIL-t1] and 0 exception(s); f6d53d00-79b3-42a2-b41c-6d71791e39d3@group-93BA0FA0F8C5:t1, leader=null, voted=f6d53d00-79b3-42a2-b41c-6d71791e39d3, raftlog=f6d53d00-79b3-42a2-b41c-6d71791e39d3@group-93BA0FA0F8C5-SegmentedRaftLog:OPENED:c-1,f-1,i0, conf=-1: [5d386dc5-aef6-4fdc-9315-174121a43b8d:192.168.164.196:42180, 59a36ea5-c9b1-471c-a7e2-5ded742c5318:192.168.164.196:39026, f6d53d00-79b3-42a2-b41c-6d71791e39d3:192.168.164.196:38281], old=null
2019-10-04 02:50:26,908 [f6d53d00-79b3-42a2-b41c-6d71791e39d3@group-93BA0FA0F8C5-LeaderElection57] INFO  impl.RoleInfo (RoleInfo.java:shutdownLeaderElection(134)) - f6d53d00-79b3-42a2-b41c-6d71791e39d3: shutdown LeaderElection
2019-10-04 02:50:26,908 [f6d53d00-79b3-42a2-b41c-6d71791e39d3@group-93BA0FA0F8C5-LeaderElection57] INFO  impl.RaftServerImpl (RaftServerImpl.java:setRole(170)) - f6d53d00-79b3-42a2-b41c-6d71791e39d3@group-93BA0FA0F8C5: changes role from CANDIDATE to LEADER at term 1 for changeToLeader
2019-10-04 02:50:26,911 [f6d53d00-79b3-42a2-b41c-6d71791e39d3@group-B0971B6EB602-LeaderElection59] INFO  impl.LeaderElection (LeaderElection.java:askForVotes(178)) - f6d53d00-79b3-42a2-b41c-6d71791e39d3@group-B0971B6EB602-LeaderElection59: begin an election at term 1 for -1: [f6d53d00-79b3-42a2-b41c-6d71791e39d3:192.168.164.196:38281], old=null
2019-10-04 02:50:26,914 [f6d53d00-79b3-42a2-b41c-6d71791e39d3@group-B0971B6EB602-LeaderElection59] INFO  impl.RoleInfo (RoleInfo.java:shutdownLeaderElection(134)) - f6d53d00-79b3-42a2-b41c-6d71791e39d3: shutdown LeaderElection
2019-10-04 02:50:26,912 [f6d53d00-79b3-42a2-b41c-6d71791e39d3@group-93BA0FA0F8C5-LeaderElection57] INFO  impl.RaftServerImpl (ServerState.java:setLeader(255)) - f6d53d00-79b3-42a2-b41c-6d71791e39d3@group-93BA0FA0F8C5: change Leader from null to f6d53d00-79b3-42a2-b41c-6d71791e39d3 at term 1 for becomeLeader, leader elected after 5073ms
2019-10-04 02:50:26,914 [f6d53d00-79b3-42a2-b41c-6d71791e39d3@group-B0971B6EB602-LeaderElection59] INFO  impl.RaftServerImpl (RaftServerImpl.java:setRole(170)) - f6d53d00-79b3-42a2-b41c-6d71791e39d3@group-B0971B6EB602: changes role from CANDIDATE to LEADER at term 1 for changeToLeader
2019-10-04 02:50:26,914 [f6d53d00-79b3-42a2-b41c-6d71791e39d3@group-93BA0FA0F8C5-LeaderElection57] INFO  server.RaftServerConfigKeys (ConfUtils.java:logGet(43)) - raft.server.staging.catchup.gap = 1000 (default)
2019-10-04 02:50:26,914 [f6d53d00-79b3-42a2-b41c-6d71791e39d3@group-93BA0FA0F8C5-LeaderElection57] INFO  server.RaftServerConfigKeys (ConfUtils.java:logGet(43)) - raft.server.rpc.sleep.time = 25ms (default)
2019-10-04 02:50:26,914 [f6d53d00-79b3-42a2-b41c-6d71791e39d3@group-93BA0FA0F8C5-LeaderElection57] INFO  server.RaftServerConfigKeys (ConfUtils.java:logGet(43)) - raft.server.write.element-limit = 4096 (default)
2019-10-04 02:50:26,914 [f6d53d00-79b3-42a2-b41c-6d71791e39d3@group-93BA0FA0F8C5-LeaderElection57] INFO  server.RaftServerConfigKeys (ConfUtils.java:logGet(43)) - raft.server.watch.timeout = 10s (default)
2019-10-04 02:50:26,915 [f6d53d00-79b3-42a2-b41c-6d71791e39d3@group-93BA0FA0F8C5-LeaderElection57] INFO  server.RaftServerConfigKeys (ConfUtils.java:logGet(43)) - raft.server.watch.timeout.denomination = 1s (default)
2019-10-04 02:50:26,915 [f6d53d00-79b3-42a2-b41c-6d71791e39d3@group-93BA0FA0F8C5-LeaderElection57] INFO  server.RaftServerConfigKeys (ConfUtils.java:logGet(43)) - raft.server.watch.element-limit = 65536 (default)
2019-10-04 02:50:26,914 [f6d53d00-79b3-42a2-b41c-6d71791e39d3@group-B0971B6EB602-LeaderElection59] INFO  impl.RaftServerImpl (ServerState.java:setLeader(255)) - f6d53d00-79b3-42a2-b41c-6d71791e39d3@group-B0971B6EB602: change Leader from null to f6d53d00-79b3-42a2-b41c-6d71791e39d3 at term 1 for becomeLeader, leader elected after 5145ms
2019-10-04 02:50:26,915 [f6d53d00-79b3-42a2-b41c-6d71791e39d3@group-B0971B6EB602-LeaderElection59] INFO  server.RaftServerConfigKeys (ConfUtils.java:logGet(43)) - raft.server.staging.catchup.gap = 1000 (default)
2019-10-04 02:50:26,915 [f6d53d00-79b3-42a2-b41c-6d71791e39d3@group-B0971B6EB602-LeaderElection59] INFO  server.RaftServerConfigKeys (ConfUtils.java:logGet(43)) - raft.server.rpc.sleep.time = 25ms (default)
2019-10-04 02:50:26,916 [f6d53d00-79b3-42a2-b41c-6d71791e39d3@group-B0971B6EB602-LeaderElection59] INFO  server.RaftServerConfigKeys (ConfUtils.java:logGet(43)) - raft.server.write.element-limit = 4096 (default)
2019-10-04 02:50:26,916 [f6d53d00-79b3-42a2-b41c-6d71791e39d3@group-B0971B6EB602-LeaderElection59] INFO  server.RaftServerConfigKeys (ConfUtils.java:logGet(43)) - raft.server.watch.timeout = 10s (default)
2019-10-04 02:50:26,916 [f6d53d00-79b3-42a2-b41c-6d71791e39d3@group-B0971B6EB602-LeaderElection59] INFO  server.RaftServerConfigKeys (ConfUtils.java:logGet(43)) - raft.server.watch.timeout.denomination = 1s (default)
2019-10-04 02:50:26,916 [f6d53d00-79b3-42a2-b41c-6d71791e39d3@group-B0971B6EB602-LeaderElection59] INFO  server.RaftServerConfigKeys (ConfUtils.java:logGet(43)) - raft.server.watch.element-limit = 65536 (default)
2019-10-04 02:50:26,916 [f6d53d00-79b3-42a2-b41c-6d71791e39d3@group-93BA0FA0F8C5-LeaderElection57] INFO  server.RaftServerConfigKeys (ConfUtils.java:logGet(43)) - raft.server.log.appender.snapshot.chunk.size.max = 16MB (=16777216) (default)
2019-10-04 02:50:26,916 [f6d53d00-79b3-42a2-b41c-6d71791e39d3@group-93BA0FA0F8C5-LeaderElection57] INFO  server.RaftServerConfigKeys (ConfUtils.java:logGet(43)) - raft.server.log.appender.buffer.byte-limit = 33554432 (custom)
2019-10-04 02:50:26,916 [f6d53d00-79b3-42a2-b41c-6d71791e39d3@group-93BA0FA0F8C5-LeaderElection57] INFO  server.RaftServerConfigKeys (ConfUtils.java:logGet(43)) - raft.server.log.appender.buffer.element-limit = 1 (custom)
2019-10-04 02:50:26,916 [f6d53d00-79b3-42a2-b41c-6d71791e39d3@group-93BA0FA0F8C5-LeaderElection57] INFO  grpc.GrpcConfigKeys$Server (ConfUtils.java:logGet(43)) - raft.grpc.server.leader.outstanding.appends.max = 128 (default)
2019-10-04 02:50:26,916 [f6d53d00-79b3-42a2-b41c-6d71791e39d3@group-93BA0FA0F8C5-LeaderElection57] INFO  server.RaftServerConfigKeys (ConfUtils.java:logGet(43)) - raft.server.rpc.request.timeout = 3000ms (default)
2019-10-04 02:50:26,917 [f6d53d00-79b3-42a2-b41c-6d71791e39d3@group-93BA0FA0F8C5-LeaderElection57] INFO  server.RaftServerConfigKeys (ConfUtils.java:logGet(43)) - raft.server.log.appender.install.snapshot.enabled = false (custom)
2019-10-04 02:50:26,917 [f6d53d00-79b3-42a2-b41c-6d71791e39d3@group-93BA0FA0F8C5-LeaderElection57] INFO  server.RaftServerConfigKeys (ConfUtils.java:logGet(43)) - raft.server.log.appender.snapshot.chunk.size.max = 16MB (=16777216) (default)
2019-10-04 02:50:26,917 [f6d53d00-79b3-42a2-b41c-6d71791e39d3@group-93BA0FA0F8C5-LeaderElection57] INFO  server.RaftServerConfigKeys (ConfUtils.java:logGet(43)) - raft.server.log.appender.buffer.byte-limit = 33554432 (custom)
2019-10-04 02:50:26,917 [f6d53d00-79b3-42a2-b41c-6d71791e39d3@group-93BA0FA0F8C5-LeaderElection57] INFO  server.RaftServerConfigKeys (ConfUtils.java:logGet(43)) - raft.server.log.appender.buffer.element-limit = 1 (custom)
2019-10-04 02:50:26,917 [f6d53d00-79b3-42a2-b41c-6d71791e39d3@group-B0971B6EB602-LeaderElection59] INFO  impl.RoleInfo (RoleInfo.java:updateAndGet(143)) - f6d53d00-79b3-42a2-b41c-6d71791e39d3: start LeaderState
2019-10-04 02:50:26,917 [f6d53d00-79b3-42a2-b41c-6d71791e39d3@group-93BA0FA0F8C5-LeaderElection57] INFO  grpc.GrpcConfigKeys$Server (ConfUtils.java:logGet(43)) - raft.grpc.server.leader.outstanding.appends.max = 128 (default)
2019-10-04 02:50:26,917 [f6d53d00-79b3-42a2-b41c-6d71791e39d3@group-93BA0FA0F8C5-LeaderElection57] INFO  server.RaftServerConfigKeys (ConfUtils.java:logGet(43)) - raft.server.rpc.request.timeout = 3000ms (default)
2019-10-04 02:50:26,917 [f6d53d00-79b3-42a2-b41c-6d71791e39d3@group-B0971B6EB602-LeaderElection59] INFO  segmented.SegmentedRaftLogWorker (SegmentedRaftLogWorker.java:startLogSegment(385)) - f6d53d00-79b3-42a2-b41c-6d71791e39d3@group-B0971B6EB602-SegmentedRaftLogWorker: Starting segment from index:0
2019-10-04 02:50:26,917 [f6d53d00-79b3-42a2-b41c-6d71791e39d3@group-93BA0FA0F8C5-LeaderElection57] INFO  server.RaftServerConfigKeys (ConfUtils.java:logGet(43)) - raft.server.log.appender.install.snapshot.enabled = false (custom)
2019-10-04 02:50:26,918 [f6d53d00-79b3-42a2-b41c-6d71791e39d3@group-93BA0FA0F8C5-LeaderElection57] INFO  impl.RoleInfo (RoleInfo.java:updateAndGet(143)) - f6d53d00-79b3-42a2-b41c-6d71791e39d3: start LeaderState
2019-10-04 02:50:26,918 [f6d53d00-79b3-42a2-b41c-6d71791e39d3@group-B0971B6EB602-LeaderElection59] INFO  impl.RaftServerImpl (ServerState.java:setRaftConf(356)) - f6d53d00-79b3-42a2-b41c-6d71791e39d3@group-B0971B6EB602: set configuration 0: [f6d53d00-79b3-42a2-b41c-6d71791e39d3:192.168.164.196:38281], old=null at 0
2019-10-04 02:50:26,918 [f6d53d00-79b3-42a2-b41c-6d71791e39d3@group-93BA0FA0F8C5-LeaderElection57] INFO  segmented.SegmentedRaftLogWorker (SegmentedRaftLogWorker.java:startLogSegment(385)) - f6d53d00-79b3-42a2-b41c-6d71791e39d3@group-93BA0FA0F8C5-SegmentedRaftLogWorker: Starting segment from index:0
2019-10-04 02:50:26,918 [f6d53d00-79b3-42a2-b41c-6d71791e39d3@group-93BA0FA0F8C5-LeaderElection57] INFO  impl.RaftServerImpl (ServerState.java:setRaftConf(356)) - f6d53d00-79b3-42a2-b41c-6d71791e39d3@group-93BA0FA0F8C5: set configuration 0: [5d386dc5-aef6-4fdc-9315-174121a43b8d:192.168.164.196:42180, 59a36ea5-c9b1-471c-a7e2-5ded742c5318:192.168.164.196:39026, f6d53d00-79b3-42a2-b41c-6d71791e39d3:192.168.164.196:38281], old=null at 0
2019-10-04 02:50:26,944 [grpc-default-executor-8] INFO  impl.RaftServerImpl (RaftServerImpl.java:requestVote(754)) - f6d53d00-79b3-42a2-b41c-6d71791e39d3@group-93BA0FA0F8C5-   LEADER: Withhold vote from candidate 59a36ea5-c9b1-471c-a7e2-5ded742c5318 with term 1. State: leader=f6d53d00-79b3-42a2-b41c-6d71791e39d3, term=1, lastRpcElapsed=null
2019-10-04 02:50:26,945 [grpc-default-executor-8] INFO  impl.RaftServerImpl (ServerState.java:setLeader(255)) - 5d386dc5-aef6-4fdc-9315-174121a43b8d@group-93BA0FA0F8C5: change Leader from null to f6d53d00-79b3-42a2-b41c-6d71791e39d3 at term 1 for appendEntries, leader elected after 5106ms
2019-10-04 02:50:26,945 [59a36ea5-c9b1-471c-a7e2-5ded742c5318@group-93BA0FA0F8C5-LeaderElection58] INFO  impl.LeaderElection (LeaderElection.java:logAndReturn(56)) - 59a36ea5-c9b1-471c-a7e2-5ded742c5318@group-93BA0FA0F8C5-LeaderElection58: Election REJECTED; received 2 response(s) [59a36ea5-c9b1-471c-a7e2-5ded742c5318<-5d386dc5-aef6-4fdc-9315-174121a43b8d#0:FAIL-t1, 59a36ea5-c9b1-471c-a7e2-5ded742c5318<-f6d53d00-79b3-42a2-b41c-6d71791e39d3#0:FAIL-t1] and 0 exception(s); 59a36ea5-c9b1-471c-a7e2-5ded742c5318@group-93BA0FA0F8C5:t1, leader=null, voted=59a36ea5-c9b1-471c-a7e2-5ded742c5318, raftlog=59a36ea5-c9b1-471c-a7e2-5ded742c5318@group-93BA0FA0F8C5-SegmentedRaftLog:OPENED:c-1,f-1,i0, conf=-1: [5d386dc5-aef6-4fdc-9315-174121a43b8d:192.168.164.196:42180, 59a36ea5-c9b1-471c-a7e2-5ded742c5318:192.168.164.196:39026, f6d53d00-79b3-42a2-b41c-6d71791e39d3:192.168.164.196:38281], old=null
2019-10-04 02:50:26,945 [grpc-default-executor-7] INFO  impl.RaftServerImpl (RaftServerImpl.java:setRole(170)) - 59a36ea5-c9b1-471c-a7e2-5ded742c5318@group-93BA0FA0F8C5: changes role from CANDIDATE to FOLLOWER at term 1 for appendEntries
2019-10-04 02:50:26,945 [grpc-default-executor-7] INFO  impl.RoleInfo (RoleInfo.java:shutdownLeaderElection(134)) - 59a36ea5-c9b1-471c-a7e2-5ded742c5318: shutdown LeaderElection
2019-10-04 02:50:26,946 [grpc-default-executor-7] INFO  impl.RoleInfo (RoleInfo.java:updateAndGet(143)) - 59a36ea5-c9b1-471c-a7e2-5ded742c5318: start FollowerState
2019-10-04 02:50:26,946 [grpc-default-executor-7] INFO  impl.RaftServerImpl (ServerState.java:setLeader(255)) - 59a36ea5-c9b1-471c-a7e2-5ded742c5318@group-93BA0FA0F8C5: change Leader from null to f6d53d00-79b3-42a2-b41c-6d71791e39d3 at term 1 for appendEntries, leader elected after 5108ms
2019-10-04 02:50:26,947 [grpc-default-executor-7] INFO  impl.RaftServerImpl (ServerState.java:setRaftConf(356)) - 5d386dc5-aef6-4fdc-9315-174121a43b8d@group-93BA0FA0F8C5: set configuration 0: [5d386dc5-aef6-4fdc-9315-174121a43b8d:192.168.164.196:42180, 59a36ea5-c9b1-471c-a7e2-5ded742c5318:192.168.164.196:39026, f6d53d00-79b3-42a2-b41c-6d71791e39d3:192.168.164.196:38281], old=null at 0
2019-10-04 02:50:26,947 [grpc-default-executor-7] INFO  segmented.SegmentedRaftLogWorker (SegmentedRaftLogWorker.java:startLogSegment(385)) - 5d386dc5-aef6-4fdc-9315-174121a43b8d@group-93BA0FA0F8C5-SegmentedRaftLogWorker: Starting segment from index:0
2019-10-04 02:50:26,947 [grpc-default-executor-8] INFO  impl.RaftServerImpl (ServerState.java:setRaftConf(356)) - 59a36ea5-c9b1-471c-a7e2-5ded742c5318@group-93BA0FA0F8C5: set configuration 0: [5d386dc5-aef6-4fdc-9315-174121a43b8d:192.168.164.196:42180, 59a36ea5-c9b1-471c-a7e2-5ded742c5318:192.168.164.196:39026, f6d53d00-79b3-42a2-b41c-6d71791e39d3:192.168.164.196:38281], old=null at 0
2019-10-04 02:50:26,970 [f6d53d00-79b3-42a2-b41c-6d71791e39d3@group-B0971B6EB602-SegmentedRaftLogWorker] INFO  segmented.SegmentedRaftLogWorker (SegmentedRaftLogWorker.java:execute(574)) - f6d53d00-79b3-42a2-b41c-6d71791e39d3@group-B0971B6EB602-SegmentedRaftLogWorker: created new log segment /workdir/hadoop-ozone/integration-test/target/test-dir/MiniOzoneClusterImpl-6853f8fe-c5bc-4689-8468-e23c9095c6f3/datanode-2/data/ratis/683e43c1-e5e8-46ac-9664-b0971b6eb602/current/log_inprogress_0
2019-10-04 02:50:26,970 [grpc-default-executor-8] INFO  segmented.SegmentedRaftLogWorker (SegmentedRaftLogWorker.java:startLogSegment(385)) - 59a36ea5-c9b1-471c-a7e2-5ded742c5318@group-93BA0FA0F8C5-SegmentedRaftLogWorker: Starting segment from index:0
2019-10-04 02:50:26,983 [f6d53d00-79b3-42a2-b41c-6d71791e39d3@group-93BA0FA0F8C5-SegmentedRaftLogWorker] INFO  segmented.SegmentedRaftLogWorker (SegmentedRaftLogWorker.java:execute(574)) - f6d53d00-79b3-42a2-b41c-6d71791e39d3@group-93BA0FA0F8C5-SegmentedRaftLogWorker: created new log segment /workdir/hadoop-ozone/integration-test/target/test-dir/MiniOzoneClusterImpl-6853f8fe-c5bc-4689-8468-e23c9095c6f3/datanode-2/data/ratis/a64b6623-a911-41c8-be46-93ba0fa0f8c5/current/log_inprogress_0
2019-10-04 02:50:27,006 [59a36ea5-c9b1-471c-a7e2-5ded742c5318@group-93BA0FA0F8C5-SegmentedRaftLogWorker] INFO  segmented.SegmentedRaftLogWorker (SegmentedRaftLogWorker.java:execute(574)) - 59a36ea5-c9b1-471c-a7e2-5ded742c5318@group-93BA0FA0F8C5-SegmentedRaftLogWorker: created new log segment /workdir/hadoop-ozone/integration-test/target/test-dir/MiniOzoneClusterImpl-6853f8fe-c5bc-4689-8468-e23c9095c6f3/datanode-0/data/ratis/a64b6623-a911-41c8-be46-93ba0fa0f8c5/current/log_inprogress_0
2019-10-04 02:50:27,006 [5d386dc5-aef6-4fdc-9315-174121a43b8d@group-93BA0FA0F8C5-SegmentedRaftLogWorker] INFO  segmented.SegmentedRaftLogWorker (SegmentedRaftLogWorker.java:execute(574)) - 5d386dc5-aef6-4fdc-9315-174121a43b8d@group-93BA0FA0F8C5-SegmentedRaftLogWorker: created new log segment /workdir/hadoop-ozone/integration-test/target/test-dir/MiniOzoneClusterImpl-6853f8fe-c5bc-4689-8468-e23c9095c6f3/datanode-1/data/ratis/a64b6623-a911-41c8-be46-93ba0fa0f8c5/current/log_inprogress_0
2019-10-04 02:50:27,120 [Thread-2376] INFO  impl.FollowerState (FollowerState.java:run(108)) - 828dabb6-9794-405b-8ff2-d748374bd963@group-D511D6DF0DF4-FollowerState: change to CANDIDATE, lastRpcTime:5002ms, electionTimeout:5002ms
2019-10-04 02:50:27,120 [Thread-2376] INFO  impl.RoleInfo (RoleInfo.java:shutdownFollowerState(121)) - 828dabb6-9794-405b-8ff2-d748374bd963: shutdown FollowerState
2019-10-04 02:50:27,120 [Thread-2376] INFO  impl.RaftServerImpl (RaftServerImpl.java:setRole(170)) - 828dabb6-9794-405b-8ff2-d748374bd963@group-D511D6DF0DF4: changes role from  FOLLOWER to CANDIDATE at term 0 for changeToCandidate
2019-10-04 02:50:27,120 [Thread-2376] INFO  impl.RoleInfo (RoleInfo.java:updateAndGet(143)) - 828dabb6-9794-405b-8ff2-d748374bd963: start LeaderElection
2019-10-04 02:50:27,145 [828dabb6-9794-405b-8ff2-d748374bd963@group-D511D6DF0DF4-LeaderElection60] INFO  impl.LeaderElection (LeaderElection.java:askForVotes(178)) - 828dabb6-9794-405b-8ff2-d748374bd963@group-D511D6DF0DF4-LeaderElection60: begin an election at term 1 for -1: [1f2f438b-8057-4805-a00e-2c4ee45f7665:192.168.164.196:45378, d23dcb3d-0105-474e-b7f1-87cd0090b695:192.168.164.196:39248, 828dabb6-9794-405b-8ff2-d748374bd963:192.168.164.196:42864], old=null
2019-10-04 02:50:27,151 [grpc-default-executor-7] INFO  impl.RaftServerImpl (RaftServerImpl.java:setRole(170)) - 1f2f438b-8057-4805-a00e-2c4ee45f7665@group-D511D6DF0DF4: changes role from  FOLLOWER to FOLLOWER at term 1 for recognizeCandidate:828dabb6-9794-405b-8ff2-d748374bd963
2019-10-04 02:50:27,151 [grpc-default-executor-8] INFO  impl.RaftServerImpl (RaftServerImpl.java:setRole(170)) - d23dcb3d-0105-474e-b7f1-87cd0090b695@group-D511D6DF0DF4: changes role from  FOLLOWER to FOLLOWER at term 1 for recognizeCandidate:828dabb6-9794-405b-8ff2-d748374bd963
2019-10-04 02:50:27,152 [grpc-default-executor-7] INFO  impl.RoleInfo (RoleInfo.java:shutdownFollowerState(121)) - 1f2f438b-8057-4805-a00e-2c4ee45f7665: shutdown FollowerState
2019-10-04 02:50:27,152 [grpc-default-executor-8] INFO  impl.RoleInfo (RoleInfo.java:shutdownFollowerState(121)) - d23dcb3d-0105-474e-b7f1-87cd0090b695: shutdown FollowerState
2019-10-04 02:50:27,152 [Thread-2377] INFO  impl.FollowerState (FollowerState.java:run(117)) - 1f2f438b-8057-4805-a00e-2c4ee45f7665@group-D511D6DF0DF4-FollowerState was interrupted: java.lang.InterruptedException: sleep interrupted
2019-10-04 02:50:27,152 [grpc-default-executor-7] INFO  impl.RoleInfo (RoleInfo.java:updateAndGet(143)) - 1f2f438b-8057-4805-a00e-2c4ee45f7665: start FollowerState
2019-10-04 02:50:27,152 [Thread-2372] INFO  impl.FollowerState (FollowerState.java:run(117)) - d23dcb3d-0105-474e-b7f1-87cd0090b695@group-D511D6DF0DF4-FollowerState was interrupted: java.lang.InterruptedException: sleep interrupted
2019-10-04 02:50:27,152 [grpc-default-executor-8] INFO  impl.RoleInfo (RoleInfo.java:updateAndGet(143)) - d23dcb3d-0105-474e-b7f1-87cd0090b695: start FollowerState
2019-10-04 02:50:27,159 [Thread-2363] INFO  impl.FollowerState (FollowerState.java:run(108)) - d23dcb3d-0105-474e-b7f1-87cd0090b695@group-E804122ED9D5-FollowerState: change to CANDIDATE, lastRpcTime:5199ms, electionTimeout:5196ms
2019-10-04 02:50:27,160 [Thread-2363] INFO  impl.RoleInfo (RoleInfo.java:shutdownFollowerState(121)) - d23dcb3d-0105-474e-b7f1-87cd0090b695: shutdown FollowerState
2019-10-04 02:50:27,160 [Thread-2363] INFO  impl.RaftServerImpl (RaftServerImpl.java:setRole(170)) - d23dcb3d-0105-474e-b7f1-87cd0090b695@group-E804122ED9D5: changes role from  FOLLOWER to CANDIDATE at term 0 for changeToCandidate
2019-10-04 02:50:27,160 [Thread-2363] INFO  impl.RoleInfo (RoleInfo.java:updateAndGet(143)) - d23dcb3d-0105-474e-b7f1-87cd0090b695: start LeaderElection
2019-10-04 02:50:27,172 [d23dcb3d-0105-474e-b7f1-87cd0090b695@group-E804122ED9D5-LeaderElection61] INFO  impl.LeaderElection (LeaderElection.java:askForVotes(178)) - d23dcb3d-0105-474e-b7f1-87cd0090b695@group-E804122ED9D5-LeaderElection61: begin an election at term 1 for -1: [d23dcb3d-0105-474e-b7f1-87cd0090b695:192.168.164.196:39248], old=null
2019-10-04 02:50:27,172 [d23dcb3d-0105-474e-b7f1-87cd0090b695@group-E804122ED9D5-LeaderElection61] INFO  impl.RoleInfo (RoleInfo.java:shutdownLeaderElection(134)) - d23dcb3d-0105-474e-b7f1-87cd0090b695: shutdown LeaderElection
2019-10-04 02:50:27,173 [d23dcb3d-0105-474e-b7f1-87cd0090b695@group-E804122ED9D5-LeaderElection61] INFO  impl.RaftServerImpl (RaftServerImpl.java:setRole(170)) - d23dcb3d-0105-474e-b7f1-87cd0090b695@group-E804122ED9D5: changes role from CANDIDATE to LEADER at term 1 for changeToLeader
2019-10-04 02:50:27,173 [d23dcb3d-0105-474e-b7f1-87cd0090b695@group-E804122ED9D5-LeaderElection61] INFO  impl.RaftServerImpl (ServerState.java:setLeader(255)) - d23dcb3d-0105-474e-b7f1-87cd0090b695@group-E804122ED9D5: change Leader from null to d23dcb3d-0105-474e-b7f1-87cd0090b695 at term 1 for becomeLeader, leader elected after 5218ms
2019-10-04 02:50:27,173 [d23dcb3d-0105-474e-b7f1-87cd0090b695@group-E804122ED9D5-LeaderElection61] INFO  server.RaftServerConfigKeys (ConfUtils.java:logGet(43)) - raft.server.staging.catchup.gap = 1000 (default)
2019-10-04 02:50:27,173 [d23dcb3d-0105-474e-b7f1-87cd0090b695@group-E804122ED9D5-LeaderElection61] INFO  server.RaftServerConfigKeys (ConfUtils.java:logGet(43)) - raft.server.rpc.sleep.time = 25ms (default)
2019-10-04 02:50:27,173 [d23dcb3d-0105-474e-b7f1-87cd0090b695@group-E804122ED9D5-LeaderElection61] INFO  server.RaftServerConfigKeys (ConfUtils.java:logGet(43)) - raft.server.write.element-limit = 4096 (default)
2019-10-04 02:50:27,173 [828dabb6-9794-405b-8ff2-d748374bd963@group-D511D6DF0DF4-LeaderElection60] INFO  impl.LeaderElection (LeaderElection.java:logAndReturn(56)) - 828dabb6-9794-405b-8ff2-d748374bd963@group-D511D6DF0DF4-LeaderElection60: Election PASSED; received 1 response(s) [828dabb6-9794-405b-8ff2-d748374bd963<-d23dcb3d-0105-474e-b7f1-87cd0090b695#0:OK-t1] and 0 exception(s); 828dabb6-9794-405b-8ff2-d748374bd963@group-D511D6DF0DF4:t1, leader=null, voted=828dabb6-9794-405b-8ff2-d748374bd963, raftlog=828dabb6-9794-405b-8ff2-d748374bd963@group-D511D6DF0DF4-SegmentedRaftLog:OPENED:c-1,f-1,i0, conf=-1: [1f2f438b-8057-4805-a00e-2c4ee45f7665:192.168.164.196:45378, d23dcb3d-0105-474e-b7f1-87cd0090b695:192.168.164.196:39248, 828dabb6-9794-405b-8ff2-d748374bd963:192.168.164.196:42864], old=null
2019-10-04 02:50:27,173 [d23dcb3d-0105-474e-b7f1-87cd0090b695@group-E804122ED9D5-LeaderElection61] INFO  server.RaftServerConfigKeys (ConfUtils.java:logGet(43)) - raft.server.watch.timeout = 10s (default)
2019-10-04 02:50:27,173 [828dabb6-9794-405b-8ff2-d748374bd963@group-D511D6DF0DF4-LeaderElection60] INFO  impl.RoleInfo (RoleInfo.java:shutdownLeaderElection(134)) - 828dabb6-9794-405b-8ff2-d748374bd963: shutdown LeaderElection
2019-10-04 02:50:27,174 [d23dcb3d-0105-474e-b7f1-87cd0090b695@group-E804122ED9D5-LeaderElection61] INFO  server.RaftServerConfigKeys (ConfUtils.java:logGet(43)) - raft.server.watch.timeout.denomination = 1s (default)
2019-10-04 02:50:27,177 [828dabb6-9794-405b-8ff2-d748374bd963@group-D511D6DF0DF4-LeaderElection60] INFO  impl.RaftServerImpl (RaftServerImpl.java:setRole(170)) - 828dabb6-9794-405b-8ff2-d748374bd963@group-D511D6DF0DF4: changes role from CANDIDATE to LEADER at term 1 for changeToLeader
2019-10-04 02:50:27,177 [d23dcb3d-0105-474e-b7f1-87cd0090b695@group-E804122ED9D5-LeaderElection61] INFO  server.RaftServerConfigKeys (ConfUtils.java:logGet(43)) - raft.server.watch.element-limit = 65536 (default)
2019-10-04 02:50:27,177 [828dabb6-9794-405b-8ff2-d748374bd963@group-D511D6DF0DF4-LeaderElection60] INFO  impl.RaftServerImpl (ServerState.java:setLeader(255)) - 828dabb6-9794-405b-8ff2-d748374bd963@group-D511D6DF0DF4: change Leader from null to 828dabb6-9794-405b-8ff2-d748374bd963 at term 1 for becomeLeader, leader elected after 5072ms
2019-10-04 02:50:27,177 [828dabb6-9794-405b-8ff2-d748374bd963@group-D511D6DF0DF4-LeaderElection60] INFO  server.RaftServerConfigKeys (ConfUtils.java:logGet(43)) - raft.server.staging.catchup.gap = 1000 (default)
2019-10-04 02:50:27,177 [828dabb6-9794-405b-8ff2-d748374bd963@group-D511D6DF0DF4-LeaderElection60] INFO  server.RaftServerConfigKeys (ConfUtils.java:logGet(43)) - raft.server.rpc.sleep.time = 25ms (default)
2019-10-04 02:50:27,178 [828dabb6-9794-405b-8ff2-d748374bd963@group-D511D6DF0DF4-LeaderElection60] INFO  server.RaftServerConfigKeys (ConfUtils.java:logGet(43)) - raft.server.write.element-limit = 4096 (default)
2019-10-04 02:50:27,178 [828dabb6-9794-405b-8ff2-d748374bd963@group-D511D6DF0DF4-LeaderElection60] INFO  server.RaftServerConfigKeys (ConfUtils.java:logGet(43)) - raft.server.watch.timeout = 10s (default)
2019-10-04 02:50:27,178 [828dabb6-9794-405b-8ff2-d748374bd963@group-D511D6DF0DF4-LeaderElection60] INFO  server.RaftServerConfigKeys (ConfUtils.java:logGet(43)) - raft.server.watch.timeout.denomination = 1s (default)
2019-10-04 02:50:27,178 [828dabb6-9794-405b-8ff2-d748374bd963@group-D511D6DF0DF4-LeaderElection60] INFO  server.RaftServerConfigKeys (ConfUtils.java:logGet(43)) - raft.server.watch.element-limit = 65536 (default)
2019-10-04 02:50:27,178 [d23dcb3d-0105-474e-b7f1-87cd0090b695@group-E804122ED9D5-LeaderElection61] INFO  impl.RoleInfo (RoleInfo.java:updateAndGet(143)) - d23dcb3d-0105-474e-b7f1-87cd0090b695: start LeaderState
2019-10-04 02:50:27,179 [d23dcb3d-0105-474e-b7f1-87cd0090b695@group-E804122ED9D5-LeaderElection61] INFO  segmented.SegmentedRaftLogWorker (SegmentedRaftLogWorker.java:startLogSegment(385)) - d23dcb3d-0105-474e-b7f1-87cd0090b695@group-E804122ED9D5-SegmentedRaftLogWorker: Starting segment from index:0
2019-10-04 02:50:27,179 [d23dcb3d-0105-474e-b7f1-87cd0090b695@group-E804122ED9D5-LeaderElection61] INFO  impl.RaftServerImpl (ServerState.java:setRaftConf(356)) - d23dcb3d-0105-474e-b7f1-87cd0090b695@group-E804122ED9D5: set configuration 0: [d23dcb3d-0105-474e-b7f1-87cd0090b695:192.168.164.196:39248], old=null at 0
2019-10-04 02:50:27,179 [828dabb6-9794-405b-8ff2-d748374bd963@group-D511D6DF0DF4-LeaderElection60] INFO  server.RaftServerConfigKeys (ConfUtils.java:logGet(43)) - raft.server.log.appender.snapshot.chunk.size.max = 16MB (=16777216) (default)
2019-10-04 02:50:27,180 [828dabb6-9794-405b-8ff2-d748374bd963@group-D511D6DF0DF4-LeaderElection60] INFO  server.RaftServerConfigKeys (ConfUtils.java:logGet(43)) - raft.server.log.appender.buffer.byte-limit = 33554432 (custom)
2019-10-04 02:50:27,180 [828dabb6-9794-405b-8ff2-d748374bd963@group-D511D6DF0DF4-LeaderElection60] INFO  server.RaftServerConfigKeys (ConfUtils.java:logGet(43)) - raft.server.log.appender.buffer.element-limit = 1 (custom)
2019-10-04 02:50:27,180 [828dabb6-9794-405b-8ff2-d748374bd963@group-D511D6DF0DF4-LeaderElection60] INFO  grpc.GrpcConfigKeys$Server (ConfUtils.java:logGet(43)) - raft.grpc.server.leader.outstanding.appends.max = 128 (default)
2019-10-04 02:50:27,180 [828dabb6-9794-405b-8ff2-d748374bd963@group-D511D6DF0DF4-LeaderElection60] INFO  server.RaftServerConfigKeys (ConfUtils.java:logGet(43)) - raft.server.rpc.request.timeout = 3000ms (default)
2019-10-04 02:50:27,180 [828dabb6-9794-405b-8ff2-d748374bd963@group-D511D6DF0DF4-LeaderElection60] INFO  server.RaftServerConfigKeys (ConfUtils.java:logGet(43)) - raft.server.log.appender.install.snapshot.enabled = false (custom)
2019-10-04 02:50:27,181 [828dabb6-9794-405b-8ff2-d748374bd963@group-D511D6DF0DF4-LeaderElection60] INFO  server.RaftServerConfigKeys (ConfUtils.java:logGet(43)) - raft.server.log.appender.snapshot.chunk.size.max = 16MB (=16777216) (default)
2019-10-04 02:50:27,181 [828dabb6-9794-405b-8ff2-d748374bd963@group-D511D6DF0DF4-LeaderElection60] INFO  server.RaftServerConfigKeys (ConfUtils.java:logGet(43)) - raft.server.log.appender.buffer.byte-limit = 33554432 (custom)
2019-10-04 02:50:27,181 [828dabb6-9794-405b-8ff2-d748374bd963@group-D511D6DF0DF4-LeaderElection60] INFO  server.RaftServerConfigKeys (ConfUtils.java:logGet(43)) - raft.server.log.appender.buffer.element-limit = 1 (custom)
2019-10-04 02:50:27,181 [828dabb6-9794-405b-8ff2-d748374bd963@group-D511D6DF0DF4-LeaderElection60] INFO  grpc.GrpcConfigKeys$Server (ConfUtils.java:logGet(43)) - raft.grpc.server.leader.outstanding.appends.max = 128 (default)
2019-10-04 02:50:27,181 [828dabb6-9794-405b-8ff2-d748374bd963@group-D511D6DF0DF4-LeaderElection60] INFO  server.RaftServerConfigKeys (ConfUtils.java:logGet(43)) - raft.server.rpc.request.timeout = 3000ms (default)
2019-10-04 02:50:27,181 [828dabb6-9794-405b-8ff2-d748374bd963@group-D511D6DF0DF4-LeaderElection60] INFO  server.RaftServerConfigKeys (ConfUtils.java:logGet(43)) - raft.server.log.appender.install.snapshot.enabled = false (custom)
2019-10-04 02:50:27,182 [828dabb6-9794-405b-8ff2-d748374bd963@group-D511D6DF0DF4-LeaderElection60] INFO  impl.RoleInfo (RoleInfo.java:updateAndGet(143)) - 828dabb6-9794-405b-8ff2-d748374bd963: start LeaderState
2019-10-04 02:50:27,182 [828dabb6-9794-405b-8ff2-d748374bd963@group-D511D6DF0DF4-LeaderElection60] INFO  segmented.SegmentedRaftLogWorker (SegmentedRaftLogWorker.java:startLogSegment(385)) - 828dabb6-9794-405b-8ff2-d748374bd963@group-D511D6DF0DF4-SegmentedRaftLogWorker: Starting segment from index:0
2019-10-04 02:50:27,182 [Thread-2366] INFO  impl.FollowerState (FollowerState.java:run(108)) - 1f2f438b-8057-4805-a00e-2c4ee45f7665@group-68E97784DDCD-FollowerState: change to CANDIDATE, lastRpcTime:5171ms, electionTimeout:5171ms
2019-10-04 02:50:27,182 [Thread-2366] INFO  impl.RoleInfo (RoleInfo.java:shutdownFollowerState(121)) - 1f2f438b-8057-4805-a00e-2c4ee45f7665: shutdown FollowerState
2019-10-04 02:50:27,182 [Thread-2366] INFO  impl.RaftServerImpl (RaftServerImpl.java:setRole(170)) - 1f2f438b-8057-4805-a00e-2c4ee45f7665@group-68E97784DDCD: changes role from  FOLLOWER to CANDIDATE at term 0 for changeToCandidate
2019-10-04 02:50:27,182 [Thread-2366] INFO  impl.RoleInfo (RoleInfo.java:updateAndGet(143)) - 1f2f438b-8057-4805-a00e-2c4ee45f7665: start LeaderElection
2019-10-04 02:50:27,183 [828dabb6-9794-405b-8ff2-d748374bd963@group-D511D6DF0DF4-LeaderElection60] INFO  impl.RaftServerImpl (ServerState.java:setRaftConf(356)) - 828dabb6-9794-405b-8ff2-d748374bd963@group-D511D6DF0DF4: set configuration 0: [1f2f438b-8057-4805-a00e-2c4ee45f7665:192.168.164.196:45378, d23dcb3d-0105-474e-b7f1-87cd0090b695:192.168.164.196:39248, 828dabb6-9794-405b-8ff2-d748374bd963:192.168.164.196:42864], old=null at 0
2019-10-04 02:50:27,210 [Thread-2369] INFO  impl.FollowerState (FollowerState.java:run(108)) - 828dabb6-9794-405b-8ff2-d748374bd963@group-FBDC470065E1-FollowerState: change to CANDIDATE, lastRpcTime:5153ms, electionTimeout:5150ms
2019-10-04 02:50:27,210 [Thread-2369] INFO  impl.RoleInfo (RoleInfo.java:shutdownFollowerState(121)) - 828dabb6-9794-405b-8ff2-d748374bd963: shutdown FollowerState
2019-10-04 02:50:27,210 [Thread-2369] INFO  impl.RaftServerImpl (RaftServerImpl.java:setRole(170)) - 828dabb6-9794-405b-8ff2-d748374bd963@group-FBDC470065E1: changes role from  FOLLOWER to CANDIDATE at term 0 for changeToCandidate
2019-10-04 02:50:27,217 [Thread-2369] INFO  impl.RoleInfo (RoleInfo.java:updateAndGet(143)) - 828dabb6-9794-405b-8ff2-d748374bd963: start LeaderElection
2019-10-04 02:50:27,224 [grpc-default-executor-8] INFO  impl.RaftServerImpl (ServerState.java:setLeader(255)) - d23dcb3d-0105-474e-b7f1-87cd0090b695@group-D511D6DF0DF4: change Leader from null to 828dabb6-9794-405b-8ff2-d748374bd963 at term 1 for appendEntries, leader elected after 5119ms
2019-10-04 02:50:27,224 [828dabb6-9794-405b-8ff2-d748374bd963@group-D511D6DF0DF4-SegmentedRaftLogWorker] INFO  segmented.SegmentedRaftLogWorker (SegmentedRaftLogWorker.java:execute(574)) - 828dabb6-9794-405b-8ff2-d748374bd963@group-D511D6DF0DF4-SegmentedRaftLogWorker: created new log segment /workdir/hadoop-ozone/integration-test/target/test-dir/MiniOzoneClusterImpl-6853f8fe-c5bc-4689-8468-e23c9095c6f3/datanode-5/data/ratis/a0398f0a-f2fb-4a19-8059-d511d6df0df4/current/log_inprogress_0
2019-10-04 02:50:27,224 [d23dcb3d-0105-474e-b7f1-87cd0090b695@group-E804122ED9D5-SegmentedRaftLogWorker] INFO  segmented.SegmentedRaftLogWorker (SegmentedRaftLogWorker.java:execute(574)) - d23dcb3d-0105-474e-b7f1-87cd0090b695@group-E804122ED9D5-SegmentedRaftLogWorker: created new log segment /workdir/hadoop-ozone/integration-test/target/test-dir/MiniOzoneClusterImpl-6853f8fe-c5bc-4689-8468-e23c9095c6f3/datanode-4/data/ratis/de154621-2fbf-4a8b-8fe6-e804122ed9d5/current/log_inprogress_0
2019-10-04 02:50:27,224 [grpc-default-executor-7] INFO  impl.RaftServerImpl (ServerState.java:setLeader(255)) - 1f2f438b-8057-4805-a00e-2c4ee45f7665@group-D511D6DF0DF4: change Leader from null to 828dabb6-9794-405b-8ff2-d748374bd963 at term 1 for appendEntries, leader elected after 5119ms
2019-10-04 02:50:27,224 [1f2f438b-8057-4805-a00e-2c4ee45f7665@group-68E97784DDCD-LeaderElection62] INFO  impl.LeaderElection (LeaderElection.java:askForVotes(178)) - 1f2f438b-8057-4805-a00e-2c4ee45f7665@group-68E97784DDCD-LeaderElection62: begin an election at term 1 for -1: [1f2f438b-8057-4805-a00e-2c4ee45f7665:192.168.164.196:45378], old=null
2019-10-04 02:50:27,228 [1f2f438b-8057-4805-a00e-2c4ee45f7665@group-68E97784DDCD-LeaderElection62] INFO  impl.RoleInfo (RoleInfo.java:shutdownLeaderElection(134)) - 1f2f438b-8057-4805-a00e-2c4ee45f7665: shutdown LeaderElection
2019-10-04 02:50:27,229 [1f2f438b-8057-4805-a00e-2c4ee45f7665@group-68E97784DDCD-LeaderElection62] INFO  impl.RaftServerImpl (RaftServerImpl.java:setRole(170)) - 1f2f438b-8057-4805-a00e-2c4ee45f7665@group-68E97784DDCD: changes role from CANDIDATE to LEADER at term 1 for changeToLeader
2019-10-04 02:50:27,229 [1f2f438b-8057-4805-a00e-2c4ee45f7665@group-68E97784DDCD-LeaderElection62] INFO  impl.RaftServerImpl (ServerState.java:setLeader(255)) - 1f2f438b-8057-4805-a00e-2c4ee45f7665@group-68E97784DDCD: change Leader from null to 1f2f438b-8057-4805-a00e-2c4ee45f7665 at term 1 for becomeLeader, leader elected after 5225ms
2019-10-04 02:50:27,233 [1f2f438b-8057-4805-a00e-2c4ee45f7665@group-68E97784DDCD-LeaderElection62] INFO  server.RaftServerConfigKeys (ConfUtils.java:logGet(43)) - raft.server.staging.catchup.gap = 1000 (default)
2019-10-04 02:50:27,233 [1f2f438b-8057-4805-a00e-2c4ee45f7665@group-68E97784DDCD-LeaderElection62] INFO  server.RaftServerConfigKeys (ConfUtils.java:logGet(43)) - raft.server.rpc.sleep.time = 25ms (default)
2019-10-04 02:50:27,233 [1f2f438b-8057-4805-a00e-2c4ee45f7665@group-68E97784DDCD-LeaderElection62] INFO  server.RaftServerConfigKeys (ConfUtils.java:logGet(43)) - raft.server.write.element-limit = 4096 (default)
2019-10-04 02:50:27,233 [1f2f438b-8057-4805-a00e-2c4ee45f7665@group-68E97784DDCD-LeaderElection62] INFO  server.RaftServerConfigKeys (ConfUtils.java:logGet(43)) - raft.server.watch.timeout = 10s (default)
2019-10-04 02:50:27,233 [1f2f438b-8057-4805-a00e-2c4ee45f7665@group-68E97784DDCD-LeaderElection62] INFO  server.RaftServerConfigKeys (ConfUtils.java:logGet(43)) - raft.server.watch.timeout.denomination = 1s (default)
2019-10-04 02:50:27,233 [1f2f438b-8057-4805-a00e-2c4ee45f7665@group-68E97784DDCD-LeaderElection62] INFO  server.RaftServerConfigKeys (ConfUtils.java:logGet(43)) - raft.server.watch.element-limit = 65536 (default)
2019-10-04 02:50:27,233 [grpc-default-executor-8] INFO  impl.RaftServerImpl (ServerState.java:setRaftConf(356)) - d23dcb3d-0105-474e-b7f1-87cd0090b695@group-D511D6DF0DF4: set configuration 0: [1f2f438b-8057-4805-a00e-2c4ee45f7665:192.168.164.196:45378, d23dcb3d-0105-474e-b7f1-87cd0090b695:192.168.164.196:39248, 828dabb6-9794-405b-8ff2-d748374bd963:192.168.164.196:42864], old=null at 0
2019-10-04 02:50:27,233 [grpc-default-executor-7] INFO  impl.RaftServerImpl (ServerState.java:setRaftConf(356)) - 1f2f438b-8057-4805-a00e-2c4ee45f7665@group-D511D6DF0DF4: set configuration 0: [1f2f438b-8057-4805-a00e-2c4ee45f7665:192.168.164.196:45378, d23dcb3d-0105-474e-b7f1-87cd0090b695:192.168.164.196:39248, 828dabb6-9794-405b-8ff2-d748374bd963:192.168.164.196:42864], old=null at 0
2019-10-04 02:50:27,233 [grpc-default-executor-8] INFO  segmented.SegmentedRaftLogWorker (SegmentedRaftLogWorker.java:startLogSegment(385)) - d23dcb3d-0105-474e-b7f1-87cd0090b695@group-D511D6DF0DF4-SegmentedRaftLogWorker: Starting segment from index:0
2019-10-04 02:50:27,234 [grpc-default-executor-7] INFO  segmented.SegmentedRaftLogWorker (SegmentedRaftLogWorker.java:startLogSegment(385)) - 1f2f438b-8057-4805-a00e-2c4ee45f7665@group-D511D6DF0DF4-SegmentedRaftLogWorker: Starting segment from index:0
2019-10-04 02:50:27,235 [1f2f438b-8057-4805-a00e-2c4ee45f7665@group-68E97784DDCD-LeaderElection62] INFO  impl.RoleInfo (RoleInfo.java:updateAndGet(143)) - 1f2f438b-8057-4805-a00e-2c4ee45f7665: start LeaderState
2019-10-04 02:50:27,235 [1f2f438b-8057-4805-a00e-2c4ee45f7665@group-68E97784DDCD-LeaderElection62] INFO  segmented.SegmentedRaftLogWorker (SegmentedRaftLogWorker.java:startLogSegment(385)) - 1f2f438b-8057-4805-a00e-2c4ee45f7665@group-68E97784DDCD-SegmentedRaftLogWorker: Starting segment from index:0
2019-10-04 02:50:27,235 [1f2f438b-8057-4805-a00e-2c4ee45f7665@group-68E97784DDCD-LeaderElection62] INFO  impl.RaftServerImpl (ServerState.java:setRaftConf(356)) - 1f2f438b-8057-4805-a00e-2c4ee45f7665@group-68E97784DDCD: set configuration 0: [1f2f438b-8057-4805-a00e-2c4ee45f7665:192.168.164.196:45378], old=null at 0
2019-10-04 02:50:27,239 [828dabb6-9794-405b-8ff2-d748374bd963@group-FBDC470065E1-LeaderElection63] INFO  impl.LeaderElection (LeaderElection.java:askForVotes(178)) - 828dabb6-9794-405b-8ff2-d748374bd963@group-FBDC470065E1-LeaderElection63: begin an election at term 1 for -1: [828dabb6-9794-405b-8ff2-d748374bd963:192.168.164.196:42864], old=null
2019-10-04 02:50:27,239 [828dabb6-9794-405b-8ff2-d748374bd963@group-FBDC470065E1-LeaderElection63] INFO  impl.RoleInfo (RoleInfo.java:shutdownLeaderElection(134)) - 828dabb6-9794-405b-8ff2-d748374bd963: shutdown LeaderElection
2019-10-04 02:50:27,239 [828dabb6-9794-405b-8ff2-d748374bd963@group-FBDC470065E1-LeaderElection63] INFO  impl.RaftServerImpl (RaftServerImpl.java:setRole(170)) - 828dabb6-9794-405b-8ff2-d748374bd963@group-FBDC470065E1: changes role from CANDIDATE to LEADER at term 1 for changeToLeader
2019-10-04 02:50:27,239 [828dabb6-9794-405b-8ff2-d748374bd963@group-FBDC470065E1-LeaderElection63] INFO  impl.RaftServerImpl (ServerState.java:setLeader(255)) - 828dabb6-9794-405b-8ff2-d748374bd963@group-FBDC470065E1: change Leader from null to 828dabb6-9794-405b-8ff2-d748374bd963 at term 1 for becomeLeader, leader elected after 5186ms
2019-10-04 02:50:27,239 [828dabb6-9794-405b-8ff2-d748374bd963@group-FBDC470065E1-LeaderElection63] INFO  server.RaftServerConfigKeys (ConfUtils.java:logGet(43)) - raft.server.staging.catchup.gap = 1000 (default)
2019-10-04 02:50:27,239 [828dabb6-9794-405b-8ff2-d748374bd963@group-FBDC470065E1-LeaderElection63] INFO  server.RaftServerConfigKeys (ConfUtils.java:logGet(43)) - raft.server.rpc.sleep.time = 25ms (default)
2019-10-04 02:50:27,240 [828dabb6-9794-405b-8ff2-d748374bd963@group-FBDC470065E1-LeaderElection63] INFO  server.RaftServerConfigKeys (ConfUtils.java:logGet(43)) - raft.server.write.element-limit = 4096 (default)
2019-10-04 02:50:27,240 [828dabb6-9794-405b-8ff2-d748374bd963@group-FBDC470065E1-LeaderElection63] INFO  server.RaftServerConfigKeys (ConfUtils.java:logGet(43)) - raft.server.watch.timeout = 10s (default)
2019-10-04 02:50:27,240 [828dabb6-9794-405b-8ff2-d748374bd963@group-FBDC470065E1-LeaderElection63] INFO  server.RaftServerConfigKeys (ConfUtils.java:logGet(43)) - raft.server.watch.timeout.denomination = 1s (default)
2019-10-04 02:50:27,240 [828dabb6-9794-405b-8ff2-d748374bd963@group-FBDC470065E1-LeaderElection63] INFO  server.RaftServerConfigKeys (ConfUtils.java:logGet(43)) - raft.server.watch.element-limit = 65536 (default)
2019-10-04 02:50:27,241 [828dabb6-9794-405b-8ff2-d748374bd963@group-FBDC470065E1-LeaderElection63] INFO  impl.RoleInfo (RoleInfo.java:updateAndGet(143)) - 828dabb6-9794-405b-8ff2-d748374bd963: start LeaderState
2019-10-04 02:50:27,241 [828dabb6-9794-405b-8ff2-d748374bd963@group-FBDC470065E1-LeaderElection63] INFO  segmented.SegmentedRaftLogWorker (SegmentedRaftLogWorker.java:startLogSegment(385)) - 828dabb6-9794-405b-8ff2-d748374bd963@group-FBDC470065E1-SegmentedRaftLogWorker: Starting segment from index:0
2019-10-04 02:50:27,241 [828dabb6-9794-405b-8ff2-d748374bd963@group-FBDC470065E1-LeaderElection63] INFO  impl.RaftServerImpl (ServerState.java:setRaftConf(356)) - 828dabb6-9794-405b-8ff2-d748374bd963@group-FBDC470065E1: set configuration 0: [828dabb6-9794-405b-8ff2-d748374bd963:192.168.164.196:42864], old=null at 0
2019-10-04 02:50:27,284 [1f2f438b-8057-4805-a00e-2c4ee45f7665@group-D511D6DF0DF4-SegmentedRaftLogWorker] INFO  segmented.SegmentedRaftLogWorker (SegmentedRaftLogWorker.java:execute(574)) - 1f2f438b-8057-4805-a00e-2c4ee45f7665@group-D511D6DF0DF4-SegmentedRaftLogWorker: created new log segment /workdir/hadoop-ozone/integration-test/target/test-dir/MiniOzoneClusterImpl-6853f8fe-c5bc-4689-8468-e23c9095c6f3/datanode-3/data/ratis/a0398f0a-f2fb-4a19-8059-d511d6df0df4/current/log_inprogress_0
2019-10-04 02:50:27,285 [1f2f438b-8057-4805-a00e-2c4ee45f7665@group-68E97784DDCD-SegmentedRaftLogWorker] INFO  segmented.SegmentedRaftLogWorker (SegmentedRaftLogWorker.java:execute(574)) - 1f2f438b-8057-4805-a00e-2c4ee45f7665@group-68E97784DDCD-SegmentedRaftLogWorker: created new log segment /workdir/hadoop-ozone/integration-test/target/test-dir/MiniOzoneClusterImpl-6853f8fe-c5bc-4689-8468-e23c9095c6f3/datanode-3/data/ratis/b71c0f48-ca1c-4c27-84e9-68e97784ddcd/current/log_inprogress_0
2019-10-04 02:50:27,284 [d23dcb3d-0105-474e-b7f1-87cd0090b695@group-D511D6DF0DF4-SegmentedRaftLogWorker] INFO  segmented.SegmentedRaftLogWorker (SegmentedRaftLogWorker.java:execute(574)) - d23dcb3d-0105-474e-b7f1-87cd0090b695@group-D511D6DF0DF4-SegmentedRaftLogWorker: created new log segment /workdir/hadoop-ozone/integration-test/target/test-dir/MiniOzoneClusterImpl-6853f8fe-c5bc-4689-8468-e23c9095c6f3/datanode-4/data/ratis/a0398f0a-f2fb-4a19-8059-d511d6df0df4/current/log_inprogress_0
2019-10-04 02:50:27,284 [828dabb6-9794-405b-8ff2-d748374bd963@group-FBDC470065E1-SegmentedRaftLogWorker] INFO  segmented.SegmentedRaftLogWorker (SegmentedRaftLogWorker.java:execute(574)) - 828dabb6-9794-405b-8ff2-d748374bd963@group-FBDC470065E1-SegmentedRaftLogWorker: created new log segment /workdir/hadoop-ozone/integration-test/target/test-dir/MiniOzoneClusterImpl-6853f8fe-c5bc-4689-8468-e23c9095c6f3/datanode-5/data/ratis/0afbcb16-f230-4c89-a76c-fbdc470065e1/current/log_inprogress_0
2019-10-04 02:50:27,682 [Thread-2453] INFO  client.GrpcClientProtocolService (GrpcClientProtocolService.java:lambda$processClientRequest$0(278)) - Failed RaftClientRequest:client-303C5685160E->b83a6a27-b6a1-4e2a-a9cc-dc8f8dad53d5@group-BACDF191FE77, cid=67, seq=0, Watch-ALL_COMMITTED(49), Message:<EMPTY>, reply=RaftClientReply:client-303C5685160E->b83a6a27-b6a1-4e2a-a9cc-dc8f8dad53d5@group-BACDF191FE77, cid=67, FAILED org.apache.ratis.protocol.NotReplicatedException: Request with call Id 67 and log index 49 is not yet replicated to ALL_COMMITTED, logIndex=49, commits[b83a6a27-b6a1-4e2a-a9cc-dc8f8dad53d5:c2, e380016e-3489-43b9-9f3c-71e3ad62c659:c2, dfe0ab3c-9bcd-4203-8d69-f85e2a82e83f:c2]
2019-10-04 02:50:27,682 [Thread-2452] INFO  client.GrpcClientProtocolService (GrpcClientProtocolService.java:lambda$processClientRequest$0(278)) - Failed RaftClientRequest:client-303C5685160E->b83a6a27-b6a1-4e2a-a9cc-dc8f8dad53d5@group-BACDF191FE77, cid=68, seq=0, Watch-MAJORITY_COMMITTED(49), Message:<EMPTY>, reply=RaftClientReply:client-303C5685160E->b83a6a27-b6a1-4e2a-a9cc-dc8f8dad53d5@group-BACDF191FE77, cid=68, FAILED org.apache.ratis.protocol.NotReplicatedException: Request with call Id 68 and log index 49 is not yet replicated to MAJORITY_COMMITTED, logIndex=49, commits[b83a6a27-b6a1-4e2a-a9cc-dc8f8dad53d5:c2, e380016e-3489-43b9-9f3c-71e3ad62c659:c2, dfe0ab3c-9bcd-4203-8d69-f85e2a82e83f:c2]
2019-10-04 02:50:27,787 [grpc-default-executor-6] WARN  server.GrpcLogAppender (LogUtils.java:warn(134)) - b83a6a27-b6a1-4e2a-a9cc-dc8f8dad53d5@group-BACDF191FE77->dfe0ab3c-9bcd-4203-8d69-f85e2a82e83f-AppendLogResponseHandler: Failed appendEntries: org.apache.ratis.thirdparty.io.grpc.StatusRuntimeException: UNAVAILABLE: io exception
2019-10-04 02:50:27,787 [grpc-default-executor-4] WARN  server.GrpcLogAppender (LogUtils.java:warn(134)) - b83a6a27-b6a1-4e2a-a9cc-dc8f8dad53d5@group-BACDF191FE77->e380016e-3489-43b9-9f3c-71e3ad62c659-AppendLogResponseHandler: Failed appendEntries: org.apache.ratis.thirdparty.io.grpc.StatusRuntimeException: UNAVAILABLE: io exception
2019-10-04 02:50:27,796 [grpc-default-executor-6] INFO  impl.FollowerInfo (FollowerInfo.java:lambda$new$0(51)) - b83a6a27-b6a1-4e2a-a9cc-dc8f8dad53d5@group-BACDF191FE77->dfe0ab3c-9bcd-4203-8d69-f85e2a82e83f: nextIndex: updateUnconditionally 0 -> 0
2019-10-04 02:50:27,796 [grpc-default-executor-4] INFO  impl.FollowerInfo (FollowerInfo.java:lambda$new$0(51)) - b83a6a27-b6a1-4e2a-a9cc-dc8f8dad53d5@group-BACDF191FE77->e380016e-3489-43b9-9f3c-71e3ad62c659: nextIndex: updateUnconditionally 0 -> 0
2019-10-04 02:50:30,287 [grpc-default-executor-4] WARN  server.GrpcLogAppender (LogUtils.java:warn(134)) - b83a6a27-b6a1-4e2a-a9cc-dc8f8dad53d5@group-BACDF191FE77->dfe0ab3c-9bcd-4203-8d69-f85e2a82e83f-AppendLogResponseHandler: Failed appendEntries: org.apache.ratis.thirdparty.io.grpc.StatusRuntimeException: UNAVAILABLE: io exception
2019-10-04 02:50:30,287 [grpc-default-executor-7] WARN  server.GrpcLogAppender (LogUtils.java:warn(134)) - b83a6a27-b6a1-4e2a-a9cc-dc8f8dad53d5@group-BACDF191FE77->e380016e-3489-43b9-9f3c-71e3ad62c659-AppendLogResponseHandler: Failed appendEntries: org.apache.ratis.thirdparty.io.grpc.StatusRuntimeException: UNAVAILABLE: io exception
2019-10-04 02:50:30,288 [grpc-default-executor-4] INFO  impl.FollowerInfo (FollowerInfo.java:lambda$new$0(51)) - b83a6a27-b6a1-4e2a-a9cc-dc8f8dad53d5@group-BACDF191FE77->dfe0ab3c-9bcd-4203-8d69-f85e2a82e83f: nextIndex: updateUnconditionally 0 -> 0
2019-10-04 02:50:30,288 [grpc-default-executor-7] INFO  impl.FollowerInfo (FollowerInfo.java:lambda$new$0(51)) - b83a6a27-b6a1-4e2a-a9cc-dc8f8dad53d5@group-BACDF191FE77->e380016e-3489-43b9-9f3c-71e3ad62c659: nextIndex: updateUnconditionally 0 -> 0
2019-10-04 02:50:32,424 [Datanode State Machine Thread - 0] INFO  statemachine.DatanodeStateMachine (DatanodeStateMachine.java:lambda$startDaemon$0(350)) - Ozone container server started.
2019-10-04 02:50:32,424 [main] INFO  ozoneimpl.OzoneContainer (OzoneContainer.java:stop(231)) - Attempting to stop container services.
2019-10-04 02:50:32,425 [main] INFO  impl.RaftServerProxy (RaftServerProxy.java:lambda$close$4(314)) - 59a36ea5-c9b1-471c-a7e2-5ded742c5318: close
2019-10-04 02:50:32,425 [main] INFO  impl.RaftServerImpl (RaftServerImpl.java:lambda$shutdown$3(247)) - 59a36ea5-c9b1-471c-a7e2-5ded742c5318@group-A90DDC70653C: shutdown
2019-10-04 02:50:32,426 [main] INFO  util.JmxRegister (JmxRegister.java:unregister(73)) - Successfully un-registered JMX Bean with object name Ratis:service=RaftServer,group=group-A90DDC70653C,id=59a36ea5-c9b1-471c-a7e2-5ded742c5318
2019-10-04 02:50:32,426 [main] INFO  impl.RoleInfo (RoleInfo.java:shutdownLeaderState(104)) - 59a36ea5-c9b1-471c-a7e2-5ded742c5318: shutdown LeaderState
2019-10-04 02:50:32,426 [main] INFO  impl.PendingRequests (PendingRequests.java:sendNotLeaderResponses(202)) - 59a36ea5-c9b1-471c-a7e2-5ded742c5318@group-A90DDC70653C-PendingRequests: sendNotLeaderResponses
2019-10-04 02:50:32,425 [ForkJoinPool.commonPool-worker-1] INFO  impl.RaftServerImpl (RaftServerImpl.java:lambda$shutdown$3(247)) - 59a36ea5-c9b1-471c-a7e2-5ded742c5318@group-93BA0FA0F8C5: shutdown
2019-10-04 02:50:32,427 [main] INFO  impl.StateMachineUpdater (StateMachineUpdater.java:stopAndJoin(136)) - 59a36ea5-c9b1-471c-a7e2-5ded742c5318@group-A90DDC70653C-StateMachineUpdater: set stopIndex = 0
2019-10-04 02:50:32,427 [ForkJoinPool.commonPool-worker-1] INFO  util.JmxRegister (JmxRegister.java:unregister(73)) - Successfully un-registered JMX Bean with object name Ratis:service=RaftServer,group=group-93BA0FA0F8C5,id=59a36ea5-c9b1-471c-a7e2-5ded742c5318
2019-10-04 02:50:32,427 [main] INFO  impl.RaftServerImpl (ServerState.java:close(387)) - 59a36ea5-c9b1-471c-a7e2-5ded742c5318@group-A90DDC70653C: closes. applyIndex: 0
2019-10-04 02:50:32,427 [59a36ea5-c9b1-471c-a7e2-5ded742c5318@group-A90DDC70653C-SegmentedRaftLogWorker] INFO  segmented.SegmentedRaftLogWorker (SegmentedRaftLogWorker.java:run(316)) - 59a36ea5-c9b1-471c-a7e2-5ded742c5318@group-A90DDC70653C-SegmentedRaftLogWorker was interrupted, exiting. There are 0 tasks remaining in the queue.
2019-10-04 02:50:32,427 [ForkJoinPool.commonPool-worker-1] INFO  impl.RoleInfo (RoleInfo.java:shutdownFollowerState(121)) - 59a36ea5-c9b1-471c-a7e2-5ded742c5318: shutdown FollowerState
2019-10-04 02:50:32,433 [main] INFO  segmented.SegmentedRaftLogWorker (SegmentedRaftLogWorker.java:close(224)) - 59a36ea5-c9b1-471c-a7e2-5ded742c5318@group-A90DDC70653C-SegmentedRaftLogWorker close()
2019-10-04 02:50:32,433 [59a36ea5-c9b1-471c-a7e2-5ded742c5318@group-93BA0FA0F8C5-StateMachineUpdater] INFO  ratis.ContainerStateMachine (ContainerStateMachine.java:takeSnapshot(293)) - group-93BA0FA0F8C5: Taking a snapshot at:(t:1, i:1) file /workdir/hadoop-ozone/integration-test/target/test-dir/MiniOzoneClusterImpl-6853f8fe-c5bc-4689-8468-e23c9095c6f3/datanode-0/data/ratis/a64b6623-a911-41c8-be46-93ba0fa0f8c5/sm/snapshot.1_1
2019-10-04 02:50:32,433 [Thread-2416] INFO  impl.FollowerState (FollowerState.java:run(117)) - 59a36ea5-c9b1-471c-a7e2-5ded742c5318@group-93BA0FA0F8C5-FollowerState was interrupted: java.lang.InterruptedException: sleep interrupted
2019-10-04 02:50:32,433 [ForkJoinPool.commonPool-worker-1] INFO  impl.StateMachineUpdater (StateMachineUpdater.java:stopAndJoin(136)) - 59a36ea5-c9b1-471c-a7e2-5ded742c5318@group-93BA0FA0F8C5-StateMachineUpdater: set stopIndex = 2
2019-10-04 02:50:32,447 [59a36ea5-c9b1-471c-a7e2-5ded742c5318@group-93BA0FA0F8C5-StateMachineUpdater] INFO  ratis.ContainerStateMachine (ContainerStateMachine.java:takeSnapshot(304)) - group-93BA0FA0F8C5: Finished taking a snapshot at:(t:1, i:1) file:/workdir/hadoop-ozone/integration-test/target/test-dir/MiniOzoneClusterImpl-6853f8fe-c5bc-4689-8468-e23c9095c6f3/datanode-0/data/ratis/a64b6623-a911-41c8-be46-93ba0fa0f8c5/sm/snapshot.1_1 time:14
2019-10-04 02:50:32,447 [59a36ea5-c9b1-471c-a7e2-5ded742c5318@group-93BA0FA0F8C5-StateMachineUpdater] INFO  impl.StateMachineUpdater (StateMachineUpdater.java:takeSnapshot(269)) - 59a36ea5-c9b1-471c-a7e2-5ded742c5318@group-93BA0FA0F8C5-StateMachineUpdater: Took a snapshot at index 1
2019-10-04 02:50:32,447 [59a36ea5-c9b1-471c-a7e2-5ded742c5318@group-93BA0FA0F8C5-StateMachineUpdater] INFO  impl.StateMachineUpdater (StateMachineUpdater.java:lambda$new$0(84)) - 59a36ea5-c9b1-471c-a7e2-5ded742c5318@group-93BA0FA0F8C5-StateMachineUpdater: snapshotIndex: updateIncreasingly -1 -> 1
2019-10-04 02:50:32,447 [59a36ea5-c9b1-471c-a7e2-5ded742c5318@group-93BA0FA0F8C5-StateMachineUpdater] INFO  ratis.ContainerStateMachine (ContainerStateMachine.java:takeSnapshot(293)) - group-93BA0FA0F8C5: Taking a snapshot at:(t:1, i:1) file /workdir/hadoop-ozone/integration-test/target/test-dir/MiniOzoneClusterImpl-6853f8fe-c5bc-4689-8468-e23c9095c6f3/datanode-0/data/ratis/a64b6623-a911-41c8-be46-93ba0fa0f8c5/sm/snapshot.1_1
2019-10-04 02:50:32,459 [59a36ea5-c9b1-471c-a7e2-5ded742c5318@group-93BA0FA0F8C5-StateMachineUpdater] INFO  ratis.ContainerStateMachine (ContainerStateMachine.java:takeSnapshot(304)) - group-93BA0FA0F8C5: Finished taking a snapshot at:(t:1, i:1) file:/workdir/hadoop-ozone/integration-test/target/test-dir/MiniOzoneClusterImpl-6853f8fe-c5bc-4689-8468-e23c9095c6f3/datanode-0/data/ratis/a64b6623-a911-41c8-be46-93ba0fa0f8c5/sm/snapshot.1_1 time:13
2019-10-04 02:50:32,460 [59a36ea5-c9b1-471c-a7e2-5ded742c5318@group-93BA0FA0F8C5-StateMachineUpdater] INFO  impl.StateMachineUpdater (StateMachineUpdater.java:takeSnapshot(269)) - 59a36ea5-c9b1-471c-a7e2-5ded742c5318@group-93BA0FA0F8C5-StateMachineUpdater: Took a snapshot at index 1
2019-10-04 02:50:32,460 [59a36ea5-c9b1-471c-a7e2-5ded742c5318@group-93BA0FA0F8C5-StateMachineUpdater] INFO  impl.StateMachineUpdater (StateMachineUpdater.java:lambda$new$0(84)) - 59a36ea5-c9b1-471c-a7e2-5ded742c5318@group-93BA0FA0F8C5-StateMachineUpdater: snapshotIndex: updateIncreasingly 1 -> 1
2019-10-04 02:50:32,460 [ForkJoinPool.commonPool-worker-1] INFO  impl.RaftServerImpl (ServerState.java:close(387)) - 59a36ea5-c9b1-471c-a7e2-5ded742c5318@group-93BA0FA0F8C5: closes. applyIndex: 2
2019-10-04 02:50:32,460 [59a36ea5-c9b1-471c-a7e2-5ded742c5318@group-93BA0FA0F8C5-SegmentedRaftLogWorker] INFO  segmented.SegmentedRaftLogWorker (SegmentedRaftLogWorker.java:run(316)) - 59a36ea5-c9b1-471c-a7e2-5ded742c5318@group-93BA0FA0F8C5-SegmentedRaftLogWorker was interrupted, exiting. There are 0 tasks remaining in the queue.
2019-10-04 02:50:32,464 [ForkJoinPool.commonPool-worker-1] INFO  segmented.SegmentedRaftLogWorker (SegmentedRaftLogWorker.java:close(224)) - 59a36ea5-c9b1-471c-a7e2-5ded742c5318@group-93BA0FA0F8C5-SegmentedRaftLogWorker close()
2019-10-04 02:50:32,490 [main] INFO  server.GrpcService (GrpcService.java:closeImpl(164)) - 59a36ea5-c9b1-471c-a7e2-5ded742c5318: shutdown server with port 39026 now
2019-10-04 02:50:32,491 [main] INFO  server.GrpcService (GrpcService.java:closeImpl(172)) - 59a36ea5-c9b1-471c-a7e2-5ded742c5318: shutdown server with port 39026 successfully
2019-10-04 02:50:32,491 [grpc-default-executor-7] WARN  server.GrpcLogAppender (LogUtils.java:warn(134)) - f6d53d00-79b3-42a2-b41c-6d71791e39d3@group-93BA0FA0F8C5->59a36ea5-c9b1-471c-a7e2-5ded742c5318-AppendLogResponseHandler: Failed appendEntries: org.apache.ratis.thirdparty.io.grpc.StatusRuntimeException: CANCELLED: HTTP/2 error code: CANCEL
Received Rst Stream
2019-10-04 02:50:32,492 [grpc-default-executor-7] INFO  impl.FollowerInfo (FollowerInfo.java:lambda$new$0(51)) - f6d53d00-79b3-42a2-b41c-6d71791e39d3@group-93BA0FA0F8C5->59a36ea5-c9b1-471c-a7e2-5ded742c5318: nextIndex: updateUnconditionally 3 -> 2
2019-10-04 02:50:32,491 [grpc-default-executor-4] WARN  server.GrpcServerProtocolService (LogUtils.java:warn(134)) - 59a36ea5-c9b1-471c-a7e2-5ded742c5318: installSnapshot onError, lastRequest: f6d53d00-79b3-42a2-b41c-6d71791e39d3->59a36ea5-c9b1-471c-a7e2-5ded742c5318#5-t1, previous=(t:1, i:2), leaderCommit=2, initializing? false, entries: <empty>: org.apache.ratis.thirdparty.io.grpc.StatusRuntimeException: CANCELLED: cancelled before receiving half close
2019-10-04 02:50:32,492 [EventQueue-StaleNodeForStaleNodeHandler] INFO  node.StaleNodeHandler (StaleNodeHandler.java:onMessage(58)) - Datanode dfe0ab3c-9bcd-4203-8d69-f85e2a82e83f{ip: 192.168.164.196, host: pr-hdds-2181-xhd89-2114587330, networkLocation: /default-rack, certSerialId: null} moved to stale state. Finalizing its pipelines [PipelineID=22b5ed98-0625-468c-b4a4-14b2b18d2aff, PipelineID=8f1a2581-79dc-4915-afd9-bacdf191fe77]
2019-10-04 02:50:32,495 [refreshUsed-/workdir/hadoop-ozone/integration-test/target/test-dir/MiniOzoneClusterImpl-6853f8fe-c5bc-4689-8468-e23c9095c6f3/datanode-0/data/containers] WARN  fs.CachingGetSpaceUsed (CachingGetSpaceUsed.java:run(183)) - Thread Interrupted waiting to refresh disk information: sleep interrupted
2019-10-04 02:50:32,495 [EventQueue-StaleNodeForStaleNodeHandler] INFO  pipeline.SCMPipelineManager (SCMPipelineManager.java:finalizeAndDestroyPipeline(315)) - destroying pipeline:Pipeline[ Id: 22b5ed98-0625-468c-b4a4-14b2b18d2aff, Nodes: dfe0ab3c-9bcd-4203-8d69-f85e2a82e83f{ip: 192.168.164.196, host: pr-hdds-2181-xhd89-2114587330, networkLocation: /default-rack, certSerialId: null}, Type:RATIS, Factor:ONE, State:OPEN]
2019-10-04 02:50:32,509 [EventQueue-StaleNodeForStaleNodeHandler] INFO  pipeline.PipelineStateManager (PipelineStateManager.java:finalizePipeline(123)) - Pipeline Pipeline[ Id: 22b5ed98-0625-468c-b4a4-14b2b18d2aff, Nodes: dfe0ab3c-9bcd-4203-8d69-f85e2a82e83f{ip: 192.168.164.196, host: pr-hdds-2181-xhd89-2114587330, networkLocation: /default-rack, certSerialId: null}, Type:RATIS, Factor:ONE, State:CLOSED] moved to CLOSED state
2019-10-04 02:50:32,510 [EventQueue-StaleNodeForStaleNodeHandler] INFO  pipeline.SCMPipelineManager (SCMPipelineManager.java:finalizeAndDestroyPipeline(315)) - destroying pipeline:Pipeline[ Id: 8f1a2581-79dc-4915-afd9-bacdf191fe77, Nodes: dfe0ab3c-9bcd-4203-8d69-f85e2a82e83f{ip: 192.168.164.196, host: pr-hdds-2181-xhd89-2114587330, networkLocation: /default-rack, certSerialId: null}e380016e-3489-43b9-9f3c-71e3ad62c659{ip: 192.168.164.196, host: pr-hdds-2181-xhd89-2114587330, networkLocation: /default-rack, certSerialId: null}b83a6a27-b6a1-4e2a-a9cc-dc8f8dad53d5{ip: 192.168.164.196, host: pr-hdds-2181-xhd89-2114587330, networkLocation: /default-rack, certSerialId: null}, Type:RATIS, Factor:THREE, State:OPEN]
2019-10-04 02:50:32,510 [EventQueue-StaleNodeForStaleNodeHandler] INFO  pipeline.PipelineStateManager (PipelineStateManager.java:finalizePipeline(123)) - Pipeline Pipeline[ Id: 8f1a2581-79dc-4915-afd9-bacdf191fe77, Nodes: dfe0ab3c-9bcd-4203-8d69-f85e2a82e83f{ip: 192.168.164.196, host: pr-hdds-2181-xhd89-2114587330, networkLocation: /default-rack, certSerialId: null}e380016e-3489-43b9-9f3c-71e3ad62c659{ip: 192.168.164.196, host: pr-hdds-2181-xhd89-2114587330, networkLocation: /default-rack, certSerialId: null}b83a6a27-b6a1-4e2a-a9cc-dc8f8dad53d5{ip: 192.168.164.196, host: pr-hdds-2181-xhd89-2114587330, networkLocation: /default-rack, certSerialId: null}, Type:RATIS, Factor:THREE, State:CLOSED] moved to CLOSED state
2019-10-04 02:50:32,511 [EventQueue-CloseContainerForCloseContainerEventHandler] INFO  container.CloseContainerEventHandler (CloseContainerEventHandler.java:onMessage(61)) - Close container Event triggered for container : #1
2019-10-04 02:50:32,519 [main] INFO  utils.BackgroundService (BackgroundService.java:shutdown(148)) - Shutting down service BlockDeletingService
2019-10-04 02:50:32,537 [main] INFO  statemachine.DatanodeStateMachine (DatanodeStateMachine.java:stopDaemon(395)) - Ozone container server stopped.
2019-10-04 02:50:32,538 [main] INFO  handler.ContextHandler (ContextHandler.java:doStop(910)) - Stopped o.e.j.w.WebAppContext@27a9f025{/,null,UNAVAILABLE}{/hddsDatanode}
2019-10-04 02:50:32,538 [main] INFO  server.AbstractConnector (AbstractConnector.java:doStop(318)) - Stopped ServerConnector@71936a92{HTTP/1.1,[http/1.1]}{0.0.0.0:0}
2019-10-04 02:50:32,538 [main] INFO  handler.ContextHandler (ContextHandler.java:doStop(910)) - Stopped o.e.j.s.ServletContextHandler@691567ea{/static,jar:file:/home/user/.m2/repository/org/apache/hadoop/hadoop-hdds-container-service/0.5.0-SNAPSHOT/hadoop-hdds-container-service-0.5.0-SNAPSHOT.jar!/webapps/static,UNAVAILABLE}
2019-10-04 02:50:32,538 [main] INFO  handler.ContextHandler (ContextHandler.java:doStop(910)) - Stopped o.e.j.s.ServletContextHandler@11f23038{/logs,file:///workdir/hadoop-ozone/integration-test/target/log,UNAVAILABLE}
2019-10-04 02:50:32,552 [grpc-default-executor-4] WARN  server.GrpcLogAppender (LogUtils.java:warn(134)) - f6d53d00-79b3-42a2-b41c-6d71791e39d3@group-93BA0FA0F8C5->59a36ea5-c9b1-471c-a7e2-5ded742c5318-AppendLogResponseHandler: Failed appendEntries: org.apache.ratis.thirdparty.io.grpc.StatusRuntimeException: UNAVAILABLE: io exception
2019-10-04 02:50:32,552 [grpc-default-executor-4] INFO  impl.FollowerInfo (FollowerInfo.java:lambda$new$0(51)) - f6d53d00-79b3-42a2-b41c-6d71791e39d3@group-93BA0FA0F8C5->59a36ea5-c9b1-471c-a7e2-5ded742c5318: nextIndex: updateUnconditionally 3 -> 2
2019-10-04 02:50:32,564 [grpc-default-executor-8] WARN  server.GrpcLogAppender (LogUtils.java:warn(134)) - f6d53d00-79b3-42a2-b41c-6d71791e39d3@group-93BA0FA0F8C5->59a36ea5-c9b1-471c-a7e2-5ded742c5318-AppendLogResponseHandler: Failed appendEntries: org.apache.ratis.thirdparty.io.grpc.StatusRuntimeException: UNAVAILABLE: io exception
2019-10-04 02:50:32,564 [grpc-default-executor-8] INFO  impl.FollowerInfo (FollowerInfo.java:lambda$new$0(51)) - f6d53d00-79b3-42a2-b41c-6d71791e39d3@group-93BA0FA0F8C5->59a36ea5-c9b1-471c-a7e2-5ded742c5318: nextIndex: updateUnconditionally 3 -> 2
2019-10-04 02:50:32,574 [grpc-default-executor-8] WARN  server.GrpcLogAppender (LogUtils.java:warn(134)) - f6d53d00-79b3-42a2-b41c-6d71791e39d3@group-93BA0FA0F8C5->59a36ea5-c9b1-471c-a7e2-5ded742c5318-AppendLogResponseHandler: Failed appendEntries: org.apache.ratis.thirdparty.io.grpc.StatusRuntimeException: UNAVAILABLE: io exception
2019-10-04 02:50:32,575 [grpc-default-executor-8] INFO  impl.FollowerInfo (FollowerInfo.java:lambda$new$0(51)) - f6d53d00-79b3-42a2-b41c-6d71791e39d3@group-93BA0FA0F8C5->59a36ea5-c9b1-471c-a7e2-5ded742c5318: nextIndex: updateUnconditionally 3 -> 2
2019-10-04 02:50:32,575 [EventQueue-IncrementalContainerReportForIncrementalContainerReportHandler] WARN  container.IncrementalContainerReportHandler (AbstractContainerReportHandler.java:updateContainerState(143)) - Container #1 is in OPEN state, but the datanode f6d53d00-79b3-42a2-b41c-6d71791e39d3{ip: 192.168.164.196, host: pr-hdds-2181-xhd89-2114587330, networkLocation: /default-rack, certSerialId: null} reports an CLOSING replica.
2019-10-04 02:50:32,600 [EventQueue-IncrementalContainerReportForIncrementalContainerReportHandler] WARN  container.IncrementalContainerReportHandler (AbstractContainerReportHandler.java:updateContainerState(143)) - Container #1 is in OPEN state, but the datanode 5d386dc5-aef6-4fdc-9315-174121a43b8d{ip: 192.168.164.196, host: pr-hdds-2181-xhd89-2114587330, networkLocation: /default-rack, certSerialId: null} reports an CLOSING replica.
2019-10-04 02:50:32,633 [RatisApplyTransactionExecutor 1] INFO  interfaces.Container (KeyValueContainer.java:flushAndSyncDB(386)) - Container 1 is synced with bcsId 0.
2019-10-04 02:50:32,690 [RatisApplyTransactionExecutor 1] INFO  interfaces.Container (KeyValueContainer.java:flushAndSyncDB(386)) - Container 1 is synced with bcsId 0.
2019-10-04 02:50:32,701 [RatisApplyTransactionExecutor 1] INFO  interfaces.Container (KeyValueContainer.java:flushAndSyncDB(386)) - Container 1 is synced with bcsId 0.
2019-10-04 02:50:32,701 [RatisApplyTransactionExecutor 1] INFO  interfaces.Container (KeyValueContainer.java:flushAndSyncDB(386)) - Container 1 is synced with bcsId 0.
2019-10-04 02:50:32,715 [RatisApplyTransactionExecutor 1] INFO  interfaces.Container (KeyValueContainer.java:close(335)) - Container 1 is closed with bcsId 0.
2019-10-04 02:50:32,715 [RatisApplyTransactionExecutor 1] INFO  interfaces.Container (KeyValueContainer.java:close(335)) - Container 1 is closed with bcsId 0.
2019-10-04 02:50:32,725 [EventQueue-IncrementalContainerReportForIncrementalContainerReportHandler] WARN  container.IncrementalContainerReportHandler (AbstractContainerReportHandler.java:updateContainerState(143)) - Container #1 is in OPEN state, but the datanode 5d386dc5-aef6-4fdc-9315-174121a43b8d{ip: 192.168.164.196, host: pr-hdds-2181-xhd89-2114587330, networkLocation: /default-rack, certSerialId: null} reports an CLOSED replica.
2019-10-04 02:50:32,725 [EventQueue-IncrementalContainerReportForIncrementalContainerReportHandler] WARN  container.IncrementalContainerReportHandler (AbstractContainerReportHandler.java:updateContainerState(143)) - Container #1 is in OPEN state, but the datanode f6d53d00-79b3-42a2-b41c-6d71791e39d3{ip: 192.168.164.196, host: pr-hdds-2181-xhd89-2114587330, networkLocation: /default-rack, certSerialId: null} reports an CLOSED replica.
2019-10-04 02:50:32,788 [grpc-default-executor-6] WARN  server.GrpcLogAppender (LogUtils.java:warn(134)) - b83a6a27-b6a1-4e2a-a9cc-dc8f8dad53d5@group-BACDF191FE77->e380016e-3489-43b9-9f3c-71e3ad62c659-AppendLogResponseHandler: Failed appendEntries: org.apache.ratis.thirdparty.io.grpc.StatusRuntimeException: UNAVAILABLE: io exception
2019-10-04 02:50:32,789 [grpc-default-executor-6] INFO  impl.FollowerInfo (FollowerInfo.java:lambda$new$0(51)) - b83a6a27-b6a1-4e2a-a9cc-dc8f8dad53d5@group-BACDF191FE77->e380016e-3489-43b9-9f3c-71e3ad62c659: nextIndex: updateUnconditionally 0 -> 0
2019-10-04 02:50:32,789 [grpc-default-executor-4] WARN  server.GrpcLogAppender (LogUtils.java:warn(134)) - b83a6a27-b6a1-4e2a-a9cc-dc8f8dad53d5@group-BACDF191FE77->dfe0ab3c-9bcd-4203-8d69-f85e2a82e83f-AppendLogResponseHandler: Failed appendEntries: org.apache.ratis.thirdparty.io.grpc.StatusRuntimeException: UNAVAILABLE: io exception
2019-10-04 02:50:32,789 [grpc-default-executor-4] INFO  impl.FollowerInfo (FollowerInfo.java:lambda$new$0(51)) - b83a6a27-b6a1-4e2a-a9cc-dc8f8dad53d5@group-BACDF191FE77->dfe0ab3c-9bcd-4203-8d69-f85e2a82e83f: nextIndex: updateUnconditionally 0 -> 0
2019-10-04 02:50:35,071 [grpc-default-executor-8] WARN  server.GrpcLogAppender (LogUtils.java:warn(134)) - b83a6a27-b6a1-4e2a-a9cc-dc8f8dad53d5@group-BACDF191FE77->e380016e-3489-43b9-9f3c-71e3ad62c659-AppendLogResponseHandler: Failed appendEntries: org.apache.ratis.thirdparty.io.grpc.StatusRuntimeException: UNAVAILABLE: io exception
2019-10-04 02:50:35,071 [grpc-default-executor-7] WARN  server.GrpcLogAppender (LogUtils.java:warn(134)) - b83a6a27-b6a1-4e2a-a9cc-dc8f8dad53d5@group-BACDF191FE77->dfe0ab3c-9bcd-4203-8d69-f85e2a82e83f-AppendLogResponseHandler: Failed appendEntries: org.apache.ratis.thirdparty.io.grpc.StatusRuntimeException: UNAVAILABLE: io exception
2019-10-04 02:50:35,071 [grpc-default-executor-8] INFO  impl.FollowerInfo (FollowerInfo.java:lambda$new$0(51)) - b83a6a27-b6a1-4e2a-a9cc-dc8f8dad53d5@group-BACDF191FE77->e380016e-3489-43b9-9f3c-71e3ad62c659: nextIndex: updateUnconditionally 1 -> 0
2019-10-04 02:50:35,071 [grpc-default-executor-7] INFO  impl.FollowerInfo (FollowerInfo.java:lambda$new$0(51)) - b83a6a27-b6a1-4e2a-a9cc-dc8f8dad53d5@group-BACDF191FE77->dfe0ab3c-9bcd-4203-8d69-f85e2a82e83f: nextIndex: updateUnconditionally 1 -> 0
2019-10-04 02:50:35,074 [grpc-default-executor-8] WARN  server.GrpcLogAppender (LogUtils.java:warn(134)) - f6d53d00-79b3-42a2-b41c-6d71791e39d3@group-93BA0FA0F8C5->59a36ea5-c9b1-471c-a7e2-5ded742c5318-AppendLogResponseHandler: Failed appendEntries: org.apache.ratis.thirdparty.io.grpc.StatusRuntimeException: UNAVAILABLE: io exception
2019-10-04 02:50:35,074 [grpc-default-executor-8] INFO  impl.FollowerInfo (FollowerInfo.java:lambda$new$0(51)) - f6d53d00-79b3-42a2-b41c-6d71791e39d3@group-93BA0FA0F8C5->59a36ea5-c9b1-471c-a7e2-5ded742c5318: nextIndex: updateUnconditionally 2 -> 1
2019-10-04 02:50:35,753 [main] WARN  scm.XceiverClientRatis (XceiverClientRatis.java:watchForCommit(292)) - 3 way commit failed on pipeline Pipeline[ Id: a64b6623-a911-41c8-be46-93ba0fa0f8c5, Nodes: 59a36ea5-c9b1-471c-a7e2-5ded742c5318{ip: 192.168.164.196, host: pr-hdds-2181-xhd89-2114587330, networkLocation: /default-rack, certSerialId: null}f6d53d00-79b3-42a2-b41c-6d71791e39d3{ip: 192.168.164.196, host: pr-hdds-2181-xhd89-2114587330, networkLocation: /default-rack, certSerialId: null}5d386dc5-aef6-4fdc-9315-174121a43b8d{ip: 192.168.164.196, host: pr-hdds-2181-xhd89-2114587330, networkLocation: /default-rack, certSerialId: null}, Type:RATIS, Factor:THREE, State:OPEN]
java.util.concurrent.TimeoutException
	at java.util.concurrent.CompletableFuture.timedGet(CompletableFuture.java:1771)
	at java.util.concurrent.CompletableFuture.get(CompletableFuture.java:1915)
	at org.apache.hadoop.hdds.scm.XceiverClientRatis.watchForCommit(XceiverClientRatis.java:289)
	at org.apache.hadoop.ozone.client.rpc.TestWatchForCommit.test2WayCommitForTimeoutException(TestWatchForCommit.java:391)
	at sun.reflect.NativeMethodAccessorImpl.invoke0(Native Method)
	at sun.reflect.NativeMethodAccessorImpl.invoke(NativeMethodAccessorImpl.java:62)
	at sun.reflect.DelegatingMethodAccessorImpl.invoke(DelegatingMethodAccessorImpl.java:43)
	at java.lang.reflect.Method.invoke(Method.java:498)
	at org.junit.runners.model.FrameworkMethod$1.runReflectiveCall(FrameworkMethod.java:47)
	at org.junit.internal.runners.model.ReflectiveCallable.run(ReflectiveCallable.java:12)
	at org.junit.runners.model.FrameworkMethod.invokeExplosively(FrameworkMethod.java:44)
	at org.junit.internal.runners.statements.InvokeMethod.evaluate(InvokeMethod.java:17)
	at org.junit.runners.ParentRunner.runLeaf(ParentRunner.java:271)
	at org.junit.runners.BlockJUnit4ClassRunner.runChild(BlockJUnit4ClassRunner.java:70)
	at org.junit.runners.BlockJUnit4ClassRunner.runChild(BlockJUnit4ClassRunner.java:50)
	at org.junit.runners.ParentRunner$3.run(ParentRunner.java:238)
	at org.junit.runners.ParentRunner$1.schedule(ParentRunner.java:63)
	at org.junit.runners.ParentRunner.runChildren(ParentRunner.java:236)
	at org.junit.runners.ParentRunner.access$000(ParentRunner.java:53)
	at org.junit.runners.ParentRunner$2.evaluate(ParentRunner.java:229)
	at org.junit.runners.ParentRunner.run(ParentRunner.java:309)
	at org.apache.maven.surefire.junit4.JUnit4Provider.execute(JUnit4Provider.java:365)
	at org.apache.maven.surefire.junit4.JUnit4Provider.executeWithRerun(JUnit4Provider.java:273)
	at org.apache.maven.surefire.junit4.JUnit4Provider.executeTestSet(JUnit4Provider.java:238)
	at org.apache.maven.surefire.junit4.JUnit4Provider.invoke(JUnit4Provider.java:159)
	at org.apache.maven.surefire.booter.ForkedBooter.invokeProviderInSameClassLoader(ForkedBooter.java:384)
	at org.apache.maven.surefire.booter.ForkedBooter.runSuitesInProcess(ForkedBooter.java:345)
	at org.apache.maven.surefire.booter.ForkedBooter.execute(ForkedBooter.java:126)
	at org.apache.maven.surefire.booter.ForkedBooter.main(ForkedBooter.java:418)
2019-10-04 02:50:36,682 [Thread-2488] INFO  client.GrpcClientProtocolService (GrpcClientProtocolService.java:lambda$processClientRequest$0(278)) - Failed RaftClientRequest:client-303C5685160E->b83a6a27-b6a1-4e2a-a9cc-dc8f8dad53d5@group-BACDF191FE77, cid=68, seq=0, Watch-MAJORITY_COMMITTED(49), Message:<EMPTY>, reply=RaftClientReply:client-303C5685160E->b83a6a27-b6a1-4e2a-a9cc-dc8f8dad53d5@group-BACDF191FE77, cid=68, FAILED org.apache.ratis.protocol.NotReplicatedException: Request with call Id 68 and log index 49 is not yet replicated to MAJORITY_COMMITTED, logIndex=49, commits[b83a6a27-b6a1-4e2a-a9cc-dc8f8dad53d5:c2, e380016e-3489-43b9-9f3c-71e3ad62c659:c2, dfe0ab3c-9bcd-4203-8d69-f85e2a82e83f:c2]
2019-10-04 02:50:36,682 [Thread-2489] INFO  client.GrpcClientProtocolService (GrpcClientProtocolService.java:lambda$processClientRequest$0(278)) - Failed RaftClientRequest:client-303C5685160E->b83a6a27-b6a1-4e2a-a9cc-dc8f8dad53d5@group-BACDF191FE77, cid=67, seq=0, Watch-ALL_COMMITTED(49), Message:<EMPTY>, reply=RaftClientReply:client-303C5685160E->b83a6a27-b6a1-4e2a-a9cc-dc8f8dad53d5@group-BACDF191FE77, cid=67, FAILED org.apache.ratis.protocol.NotReplicatedException: Request with call Id 67 and log index 49 is not yet replicated to ALL_COMMITTED, logIndex=49, commits[b83a6a27-b6a1-4e2a-a9cc-dc8f8dad53d5:c2, e380016e-3489-43b9-9f3c-71e3ad62c659:c2, dfe0ab3c-9bcd-4203-8d69-f85e2a82e83f:c2]
2019-10-04 02:50:37,573 [grpc-default-executor-8] WARN  server.GrpcLogAppender (LogUtils.java:warn(134)) - b83a6a27-b6a1-4e2a-a9cc-dc8f8dad53d5@group-BACDF191FE77->dfe0ab3c-9bcd-4203-8d69-f85e2a82e83f-AppendLogResponseHandler: Failed appendEntries: org.apache.ratis.thirdparty.io.grpc.StatusRuntimeException: UNAVAILABLE: io exception
2019-10-04 02:50:37,573 [grpc-default-executor-7] WARN  server.GrpcLogAppender (LogUtils.java:warn(134)) - b83a6a27-b6a1-4e2a-a9cc-dc8f8dad53d5@group-BACDF191FE77->e380016e-3489-43b9-9f3c-71e3ad62c659-AppendLogResponseHandler: Failed appendEntries: org.apache.ratis.thirdparty.io.grpc.StatusRuntimeException: UNAVAILABLE: io exception
2019-10-04 02:50:37,581 [grpc-default-executor-7] INFO  impl.FollowerInfo (FollowerInfo.java:lambda$new$0(51)) - b83a6a27-b6a1-4e2a-a9cc-dc8f8dad53d5@group-BACDF191FE77->e380016e-3489-43b9-9f3c-71e3ad62c659: nextIndex: updateUnconditionally 0 -> 0
2019-10-04 02:50:37,581 [grpc-default-executor-8] INFO  impl.FollowerInfo (FollowerInfo.java:lambda$new$0(51)) - b83a6a27-b6a1-4e2a-a9cc-dc8f8dad53d5@group-BACDF191FE77->dfe0ab3c-9bcd-4203-8d69-f85e2a82e83f: nextIndex: updateUnconditionally 0 -> 0
2019-10-04 02:50:37,581 [grpc-default-executor-2] WARN  server.GrpcLogAppender (LogUtils.java:warn(134)) - f6d53d00-79b3-42a2-b41c-6d71791e39d3@group-93BA0FA0F8C5->59a36ea5-c9b1-471c-a7e2-5ded742c5318-AppendLogResponseHandler: Failed appendEntries: org.apache.ratis.thirdparty.io.grpc.StatusRuntimeException: UNAVAILABLE: io exception
2019-10-04 02:50:37,582 [grpc-default-executor-2] INFO  impl.FollowerInfo (FollowerInfo.java:lambda$new$0(51)) - f6d53d00-79b3-42a2-b41c-6d71791e39d3@group-93BA0FA0F8C5->59a36ea5-c9b1-471c-a7e2-5ded742c5318: nextIndex: updateUnconditionally 1 -> 0
2019-10-04 02:50:38,097 [EventQueue-StaleNodeForStaleNodeHandler] INFO  node.StaleNodeHandler (StaleNodeHandler.java:onMessage(58)) - Datanode e380016e-3489-43b9-9f3c-71e3ad62c659{ip: 192.168.164.196, host: pr-hdds-2181-xhd89-2114587330, networkLocation: /default-rack, certSerialId: null} moved to stale state. Finalizing its pipelines [PipelineID=8f1a2581-79dc-4915-afd9-bacdf191fe77, PipelineID=0b75f428-91c3-4418-a0ef-d79c4c8a01a8]
2019-10-04 02:50:38,098 [EventQueue-StaleNodeForStaleNodeHandler] INFO  pipeline.SCMPipelineManager (SCMPipelineManager.java:finalizeAndDestroyPipeline(315)) - destroying pipeline:Pipeline[ Id: 8f1a2581-79dc-4915-afd9-bacdf191fe77, Nodes: dfe0ab3c-9bcd-4203-8d69-f85e2a82e83f{ip: 192.168.164.196, host: pr-hdds-2181-xhd89-2114587330, networkLocation: /default-rack, certSerialId: null}e380016e-3489-43b9-9f3c-71e3ad62c659{ip: 192.168.164.196, host: pr-hdds-2181-xhd89-2114587330, networkLocation: /default-rack, certSerialId: null}b83a6a27-b6a1-4e2a-a9cc-dc8f8dad53d5{ip: 192.168.164.196, host: pr-hdds-2181-xhd89-2114587330, networkLocation: /default-rack, certSerialId: null}, Type:RATIS, Factor:THREE, State:CLOSED]
2019-10-04 02:50:38,098 [EventQueue-StaleNodeForStaleNodeHandler] INFO  pipeline.SCMPipelineManager (SCMPipelineManager.java:finalizeAndDestroyPipeline(315)) - destroying pipeline:Pipeline[ Id: 0b75f428-91c3-4418-a0ef-d79c4c8a01a8, Nodes: e380016e-3489-43b9-9f3c-71e3ad62c659{ip: 192.168.164.196, host: pr-hdds-2181-xhd89-2114587330, networkLocation: /default-rack, certSerialId: null}, Type:RATIS, Factor:ONE, State:OPEN]
2019-10-04 02:50:38,098 [EventQueue-StaleNodeForStaleNodeHandler] INFO  pipeline.PipelineStateManager (PipelineStateManager.java:finalizePipeline(123)) - Pipeline Pipeline[ Id: 0b75f428-91c3-4418-a0ef-d79c4c8a01a8, Nodes: e380016e-3489-43b9-9f3c-71e3ad62c659{ip: 192.168.164.196, host: pr-hdds-2181-xhd89-2114587330, networkLocation: /default-rack, certSerialId: null}, Type:RATIS, Factor:ONE, State:CLOSED] moved to CLOSED state
]]></system-out>
    <system-err><![CDATA[Oct 04, 2019 2:50:32 AM org.apache.ratis.thirdparty.io.grpc.internal.SerializingExecutor run
SEVERE: Exception while executing runnable org.apache.ratis.thirdparty.io.grpc.internal.ServerImpl$JumpToApplicationThreadServerStreamListener$1Closed@50518a07
org.apache.ratis.thirdparty.io.grpc.StatusRuntimeException: CANCELLED: call already cancelled
	at org.apache.ratis.thirdparty.io.grpc.Status.asRuntimeException(Status.java:517)
	at org.apache.ratis.thirdparty.io.grpc.stub.ServerCalls$ServerCallStreamObserverImpl.onCompleted(ServerCalls.java:356)
	at org.apache.ratis.grpc.server.GrpcServerProtocolService$ServerRequestStreamObserver.onError(GrpcServerProtocolService.java:121)
	at org.apache.ratis.thirdparty.io.grpc.stub.ServerCalls$StreamingServerCallHandler$StreamingServerCallListener.onCancel(ServerCalls.java:269)
	at org.apache.ratis.thirdparty.io.grpc.internal.ServerCallImpl$ServerStreamListenerImpl.closed(ServerCallImpl.java:293)
	at org.apache.ratis.thirdparty.io.grpc.internal.ServerImpl$JumpToApplicationThreadServerStreamListener$1Closed.runInContext(ServerImpl.java:741)
	at org.apache.ratis.thirdparty.io.grpc.internal.ContextRunnable.run(ContextRunnable.java:37)
	at org.apache.ratis.thirdparty.io.grpc.internal.SerializingExecutor.run(SerializingExecutor.java:123)
	at java.util.concurrent.ThreadPoolExecutor.runWorker(ThreadPoolExecutor.java:1149)
	at java.util.concurrent.ThreadPoolExecutor$Worker.run(ThreadPoolExecutor.java:624)
	at java.lang.Thread.run(Thread.java:748)

]]></system-err>
  </testcase>
</testsuite>