<?xml version="1.0" encoding="UTF-8"?>
<testsuite xmlns:xsi="http://www.w3.org/2001/XMLSchema-instance" xsi:noNamespaceSchemaLocation="https://maven.apache.org/surefire/maven-surefire-plugin/xsd/surefire-test-report.xsd" name="org.apache.hadoop.ozone.client.rpc.Test2WayCommitInRatis" time="32.672" tests="1" errors="1" skipped="0" failures="0">
  <properties>
    <property name="awt.toolkit" value="sun.awt.X11.XToolkit"/>
    <property name="file.encoding.pkg" value="sun.io"/>
    <property name="java.specification.version" value="1.8"/>
    <property name="sun.cpu.isalist" value=""/>
    <property name="sun.jnu.encoding" value="UTF-8"/>
    <property name="java.class.path" value="/workdir/hadoop-ozone/integration-test/target/test-classes:/workdir/hadoop-ozone/integration-test/target/classes:/home/user/.m2/repository/org/apache/hadoop/hadoop-ozone-common/0.5.0-SNAPSHOT/hadoop-ozone-common-0.5.0-SNAPSHOT.jar:/home/user/.m2/repository/org/apache/commons/commons-compress/1.4.1/commons-compress-1.4.1.jar:/home/user/.m2/repository/org/tukaani/xz/1.0/xz-1.0.jar:/home/user/.m2/repository/org/apache/hadoop/hadoop-common/3.2.0/hadoop-common-3.2.0.jar:/home/user/.m2/repository/org/apache/hadoop/hadoop-hdfs/3.2.0/hadoop-hdfs-3.2.0.jar:/home/user/.m2/repository/org/apache/hadoop/hadoop-hdfs-client/3.2.0/hadoop-hdfs-client-3.2.0.jar:/home/user/.m2/repository/com/fasterxml/jackson/core/jackson-annotations/2.9.9/jackson-annotations-2.9.9.jar:/home/user/.m2/repository/org/apache/hadoop/hadoop-hdds-common/0.5.0-SNAPSHOT/hadoop-hdds-common-0.5.0-SNAPSHOT.jar:/home/user/.m2/repository/javax/annotation/javax.annotation-api/1.2/javax.annotation-api-1.2.jar:/home/user/.m2/repository/org/apache/ratis/ratis-server/0.5.0-201fc85-SNAPSHOT/ratis-server-0.5.0-201fc85-SNAPSHOT.jar:/home/user/.m2/repository/org/apache/ratis/ratis-thirdparty-misc/0.2.0/ratis-thirdparty-misc-0.2.0.jar:/home/user/.m2/repository/org/apache/ratis/ratis-proto/0.5.0-201fc85-SNAPSHOT/ratis-proto-0.5.0-201fc85-SNAPSHOT.jar:/home/user/.m2/repository/org/apache/ratis/ratis-common/0.5.0-201fc85-SNAPSHOT/ratis-common-0.5.0-201fc85-SNAPSHOT.jar:/home/user/.m2/repository/org/apache/ratis/ratis-client/0.5.0-201fc85-SNAPSHOT/ratis-client-0.5.0-201fc85-SNAPSHOT.jar:/home/user/.m2/repository/org/apache/ratis/ratis-metrics/0.5.0-201fc85-SNAPSHOT/ratis-metrics-0.5.0-201fc85-SNAPSHOT.jar:/home/user/.m2/repository/com/github/joshelser/dropwizard-metrics-hadoop-metrics2-reporter/0.1.2/dropwizard-metrics-hadoop-metrics2-reporter-0.1.2.jar:/home/user/.m2/repository/io/dropwizard/metrics/metrics-jvm/3.2.5/metrics-jvm-3.2.5.jar:/home/user/.m2/repository/io/dropwizard/metrics/metrics-ganglia/3.2.5/metrics-ganglia-3.2.5.jar:/home/user/.m2/repository/info/ganglia/gmetric4j/gmetric4j/1.0.7/gmetric4j-1.0.7.jar:/home/user/.m2/repository/org/apache/ratis/ratis-netty/0.5.0-201fc85-SNAPSHOT/ratis-netty-0.5.0-201fc85-SNAPSHOT.jar:/home/user/.m2/repository/org/apache/ratis/ratis-grpc/0.5.0-201fc85-SNAPSHOT/ratis-grpc-0.5.0-201fc85-SNAPSHOT.jar:/home/user/.m2/repository/org/rocksdb/rocksdbjni/6.0.1/rocksdbjni-6.0.1.jar:/home/user/.m2/repository/org/apache/logging/log4j/log4j-api/2.11.0/log4j-api-2.11.0.jar:/home/user/.m2/repository/org/apache/logging/log4j/log4j-core/2.11.0/log4j-core-2.11.0.jar:/home/user/.m2/repository/com/lmax/disruptor/3.4.2/disruptor-3.4.2.jar:/home/user/.m2/repository/org/apache/commons/commons-pool2/2.6.0/commons-pool2-2.6.0.jar:/home/user/.m2/repository/org/bouncycastle/bcpkix-jdk15on/1.60/bcpkix-jdk15on-1.60.jar:/home/user/.m2/repository/commons-validator/commons-validator/1.6/commons-validator-1.6.jar:/home/user/.m2/repository/commons-digester/commons-digester/1.8.1/commons-digester-1.8.1.jar:/home/user/.m2/repository/io/jaegertracing/jaeger-client/0.34.0/jaeger-client-0.34.0.jar:/home/user/.m2/repository/io/jaegertracing/jaeger-thrift/0.34.0/jaeger-thrift-0.34.0.jar:/home/user/.m2/repository/org/apache/thrift/libthrift/0.12.0/libthrift-0.12.0.jar:/home/user/.m2/repository/com/squareup/okhttp3/okhttp/3.9.0/okhttp-3.9.0.jar:/home/user/.m2/repository/com/squareup/okio/okio/1.13.0/okio-1.13.0.jar:/home/user/.m2/repository/io/jaegertracing/jaeger-core/0.34.0/jaeger-core-0.34.0.jar:/home/user/.m2/repository/io/jaegertracing/jaeger-tracerresolver/0.34.0/jaeger-tracerresolver-0.34.0.jar:/home/user/.m2/repository/io/opentracing/contrib/opentracing-tracerresolver/0.1.5/opentracing-tracerresolver-0.1.5.jar:/home/user/.m2/repository/io/opentracing/opentracing-util/0.31.0/opentracing-util-0.31.0.jar:/home/user/.m2/repository/io/opentracing/opentracing-api/0.31.0/opentracing-api-0.31.0.jar:/home/user/.m2/repository/io/opentracing/opentracing-noop/0.31.0/opentracing-noop-0.31.0.jar:/home/user/.m2/repository/org/apache/hadoop/hadoop-hdds-server-framework/0.5.0-SNAPSHOT/hadoop-hdds-server-framework-0.5.0-SNAPSHOT.jar:/home/user/.m2/repository/org/apache/hadoop/hadoop-hdds-container-service/0.5.0-SNAPSHOT/hadoop-hdds-container-service-0.5.0-SNAPSHOT.jar:/home/user/.m2/repository/org/apache/hadoop/hadoop-hdds-client/0.5.0-SNAPSHOT/hadoop-hdds-client-0.5.0-SNAPSHOT.jar:/home/user/.m2/repository/org/apache/hadoop/hadoop-hdds-tools/0.5.0-SNAPSHOT/hadoop-hdds-tools-0.5.0-SNAPSHOT.jar:/home/user/.m2/repository/org/apache/hadoop/hadoop-hdds-server-scm/0.5.0-SNAPSHOT/hadoop-hdds-server-scm-0.5.0-SNAPSHOT.jar:/home/user/.m2/repository/org/apache/hadoop/hadoop-hdds-docs/0.5.0-SNAPSHOT/hadoop-hdds-docs-0.5.0-SNAPSHOT.jar:/home/user/.m2/repository/io/dropwizard/metrics/metrics-core/3.2.4/metrics-core-3.2.4.jar:/home/user/.m2/repository/org/hamcrest/hamcrest-all/1.3/hamcrest-all-1.3.jar:/home/user/.m2/repository/org/bouncycastle/bcprov-jdk15on/1.60/bcprov-jdk15on-1.60.jar:/home/user/.m2/repository/info/picocli/picocli/3.9.6/picocli-3.9.6.jar:/home/user/.m2/repository/com/google/protobuf/protobuf-java/2.5.0/protobuf-java-2.5.0.jar:/home/user/.m2/repository/com/google/guava/guava/11.0.2/guava-11.0.2.jar:/home/user/.m2/repository/org/apache/hadoop/hadoop-ozone-ozone-manager/0.5.0-SNAPSHOT/hadoop-ozone-ozone-manager-0.5.0-SNAPSHOT.jar:/home/user/.m2/repository/org/apache/hadoop/hadoop-minikdc/3.2.0/hadoop-minikdc-3.2.0.jar:/home/user/.m2/repository/commons-io/commons-io/2.5/commons-io-2.5.jar:/home/user/.m2/repository/org/apache/kerby/kerb-simplekdc/1.0.1/kerb-simplekdc-1.0.1.jar:/home/user/.m2/repository/org/apache/kerby/kerb-client/1.0.1/kerb-client-1.0.1.jar:/home/user/.m2/repository/org/apache/kerby/kerby-config/1.0.1/kerby-config-1.0.1.jar:/home/user/.m2/repository/org/apache/kerby/kerb-core/1.0.1/kerb-core-1.0.1.jar:/home/user/.m2/repository/org/apache/kerby/kerby-pkix/1.0.1/kerby-pkix-1.0.1.jar:/home/user/.m2/repository/org/apache/kerby/kerby-asn1/1.0.1/kerby-asn1-1.0.1.jar:/home/user/.m2/repository/org/apache/kerby/kerby-util/1.0.1/kerby-util-1.0.1.jar:/home/user/.m2/repository/org/apache/kerby/kerb-common/1.0.1/kerb-common-1.0.1.jar:/home/user/.m2/repository/org/apache/kerby/kerb-crypto/1.0.1/kerb-crypto-1.0.1.jar:/home/user/.m2/repository/org/apache/kerby/kerb-util/1.0.1/kerb-util-1.0.1.jar:/home/user/.m2/repository/org/apache/kerby/token-provider/1.0.1/token-provider-1.0.1.jar:/home/user/.m2/repository/org/apache/kerby/kerb-admin/1.0.1/kerb-admin-1.0.1.jar:/home/user/.m2/repository/org/apache/kerby/kerb-server/1.0.1/kerb-server-1.0.1.jar:/home/user/.m2/repository/org/apache/kerby/kerb-identity/1.0.1/kerb-identity-1.0.1.jar:/home/user/.m2/repository/org/apache/kerby/kerby-xdr/1.0.1/kerby-xdr-1.0.1.jar:/home/user/.m2/repository/org/slf4j/slf4j-log4j12/1.7.25/slf4j-log4j12-1.7.25.jar:/home/user/.m2/repository/org/apache/hadoop/hadoop-ozone-s3gateway/0.5.0-SNAPSHOT/hadoop-ozone-s3gateway-0.5.0-SNAPSHOT.jar:/home/user/.m2/repository/org/jboss/weld/servlet/weld-servlet/2.4.7.Final/weld-servlet-2.4.7.Final.jar:/home/user/.m2/repository/org/glassfish/jersey/containers/jersey-container-servlet-core/2.27/jersey-container-servlet-core-2.27.jar:/home/user/.m2/repository/org/glassfish/hk2/external/javax.inject/2.5.0-b42/javax.inject-2.5.0-b42.jar:/home/user/.m2/repository/org/glassfish/jersey/core/jersey-common/2.27/jersey-common-2.27.jar:/home/user/.m2/repository/org/glassfish/hk2/osgi-resource-locator/1.0.1/osgi-resource-locator-1.0.1.jar:/home/user/.m2/repository/javax/ws/rs/javax.ws.rs-api/2.1/javax.ws.rs-api-2.1.jar:/home/user/.m2/repository/org/glassfish/jersey/ext/cdi/jersey-cdi1x/2.27/jersey-cdi1x-2.27.jar:/home/user/.m2/repository/org/glassfish/jersey/inject/jersey-hk2/2.27/jersey-hk2-2.27.jar:/home/user/.m2/repository/org/glassfish/hk2/hk2-locator/2.5.0-b42/hk2-locator-2.5.0-b42.jar:/home/user/.m2/repository/org/javassist/javassist/3.22.0-CR2/javassist-3.22.0-CR2.jar:/home/user/.m2/repository/org/glassfish/hk2/hk2-api/2.5.0/hk2-api-2.5.0.jar:/home/user/.m2/repository/org/glassfish/hk2/external/jakarta.inject/2.5.0/jakarta.inject-2.5.0.jar:/home/user/.m2/repository/org/glassfish/hk2/hk2-utils/2.5.0/hk2-utils-2.5.0.jar:/home/user/.m2/repository/jakarta/annotation/jakarta.annotation-api/1.3.4/jakarta.annotation-api-1.3.4.jar:/home/user/.m2/repository/org/glassfish/hk2/external/aopalliance-repackaged/2.5.0/aopalliance-repackaged-2.5.0.jar:/home/user/.m2/repository/com/fasterxml/jackson/dataformat/jackson-dataformat-xml/2.9.0/jackson-dataformat-xml-2.9.0.jar:/home/user/.m2/repository/com/fasterxml/jackson/core/jackson-core/2.9.9/jackson-core-2.9.9.jar:/home/user/.m2/repository/com/fasterxml/jackson/module/jackson-module-jaxb-annotations/2.9.9/jackson-module-jaxb-annotations-2.9.9.jar:/home/user/.m2/repository/javax/enterprise/cdi-api/1.2/cdi-api-1.2.jar:/home/user/.m2/repository/javax/el/javax.el-api/3.0.0/javax.el-api-3.0.0.jar:/home/user/.m2/repository/javax/interceptor/javax.interceptor-api/1.2/javax.interceptor-api-1.2.jar:/home/user/.m2/repository/javax/inject/javax.inject/1/javax.inject-1.jar:/home/user/.m2/repository/com/sun/xml/bind/jaxb-impl/2.3.0.1/jaxb-impl-2.3.0.1.jar:/home/user/.m2/repository/com/sun/xml/bind/jaxb-core/2.3.0.1/jaxb-core-2.3.0.1.jar:/home/user/.m2/repository/javax/xml/bind/jaxb-api/2.3.0/jaxb-api-2.3.0.jar:/home/user/.m2/repository/javax/activation/activation/1.1.1/activation-1.1.1.jar:/home/user/.m2/repository/org/apache/hadoop/hadoop-ozone-csi/0.5.0-SNAPSHOT/hadoop-ozone-csi-0.5.0-SNAPSHOT.jar:/home/user/.m2/repository/com/google/protobuf/protobuf-java-util/3.5.1/protobuf-java-util-3.5.1.jar:/home/user/.m2/repository/org/apache/hadoop/hadoop-hdds-config/0.5.0-SNAPSHOT/hadoop-hdds-config-0.5.0-SNAPSHOT.jar:/home/user/.m2/repository/io/grpc/grpc-netty/1.17.1/grpc-netty-1.17.1.jar:/home/user/.m2/repository/io/grpc/grpc-core/1.17.1/grpc-core-1.17.1.jar:/home/user/.m2/repository/io/grpc/grpc-context/1.17.1/grpc-context-1.17.1.jar:/home/user/.m2/repository/com/google/errorprone/error_prone_annotations/2.2.0/error_prone_annotations-2.2.0.jar:/home/user/.m2/repository/org/codehaus/mojo/animal-sniffer-annotations/1.17/animal-sniffer-annotations-1.17.jar:/home/user/.m2/repository/io/opencensus/opencensus-api/0.17.0/opencensus-api-0.17.0.jar:/home/user/.m2/repository/io/opencensus/opencensus-contrib-grpc-metrics/0.17.0/opencensus-contrib-grpc-metrics-0.17.0.jar:/home/user/.m2/repository/io/netty/netty-codec-http2/4.1.30.Final/netty-codec-http2-4.1.30.Final.jar:/home/user/.m2/repository/io/netty/netty-codec-http/4.1.30.Final/netty-codec-http-4.1.30.Final.jar:/home/user/.m2/repository/io/netty/netty-codec/4.1.30.Final/netty-codec-4.1.30.Final.jar:/home/user/.m2/repository/io/netty/netty-handler/4.1.30.Final/netty-handler-4.1.30.Final.jar:/home/user/.m2/repository/io/netty/netty-handler-proxy/4.1.30.Final/netty-handler-proxy-4.1.30.Final.jar:/home/user/.m2/repository/io/netty/netty-codec-socks/4.1.30.Final/netty-codec-socks-4.1.30.Final.jar:/home/user/.m2/repository/io/netty/netty-transport-native-epoll/4.1.30.Final/netty-transport-native-epoll-4.1.30.Final.jar:/home/user/.m2/repository/io/netty/netty-common/4.1.30.Final/netty-common-4.1.30.Final.jar:/home/user/.m2/repository/io/netty/netty-buffer/4.1.30.Final/netty-buffer-4.1.30.Final.jar:/home/user/.m2/repository/io/netty/netty-transport/4.1.30.Final/netty-transport-4.1.30.Final.jar:/home/user/.m2/repository/io/netty/netty-resolver/4.1.30.Final/netty-resolver-4.1.30.Final.jar:/home/user/.m2/repository/io/netty/netty-transport-native-unix-common/4.1.30.Final/netty-transport-native-unix-common-4.1.30.Final.jar:/home/user/.m2/repository/io/grpc/grpc-protobuf/1.17.1/grpc-protobuf-1.17.1.jar:/home/user/.m2/repository/com/google/api/grpc/proto-google-common-protos/1.0.0/proto-google-common-protos-1.0.0.jar:/home/user/.m2/repository/io/grpc/grpc-protobuf-lite/1.17.1/grpc-protobuf-lite-1.17.1.jar:/home/user/.m2/repository/io/grpc/grpc-stub/1.17.1/grpc-stub-1.17.1.jar:/home/user/.m2/repository/org/apache/hadoop/hadoop-ozone-recon/0.5.0-SNAPSHOT/hadoop-ozone-recon-0.5.0-SNAPSHOT.jar:/home/user/.m2/repository/org/apache/hadoop/hadoop-ozone-reconcodegen/0.5.0-SNAPSHOT/hadoop-ozone-reconcodegen-0.5.0-SNAPSHOT.jar:/home/user/.m2/repository/com/google/inject/extensions/guice-multibindings/4.0/guice-multibindings-4.0.jar:/home/user/.m2/repository/com/google/inject/guice/4.0/guice-4.0.jar:/home/user/.m2/repository/aopalliance/aopalliance/1.0/aopalliance-1.0.jar:/home/user/.m2/repository/com/google/inject/extensions/guice-servlet/4.0/guice-servlet-4.0.jar:/home/user/.m2/repository/org/glassfish/jersey/containers/jersey-container-servlet/2.27/jersey-container-servlet-2.27.jar:/home/user/.m2/repository/org/glassfish/hk2/guice-bridge/2.5.0/guice-bridge-2.5.0.jar:/home/user/.m2/repository/org/glassfish/jersey/core/jersey-server/2.27/jersey-server-2.27.jar:/home/user/.m2/repository/org/glassfish/jersey/core/jersey-client/2.27/jersey-client-2.27.jar:/home/user/.m2/repository/org/glassfish/jersey/media/jersey-media-jaxb/2.27/jersey-media-jaxb-2.27.jar:/home/user/.m2/repository/javax/validation/validation-api/1.1.0.Final/validation-api-1.1.0.Final.jar:/home/user/.m2/repository/org/glassfish/jersey/media/jersey-media-json-jackson/2.27/jersey-media-json-jackson-2.27.jar:/home/user/.m2/repository/org/glassfish/jersey/ext/jersey-entity-filtering/2.27/jersey-entity-filtering-2.27.jar:/home/user/.m2/repository/com/google/inject/extensions/guice-assistedinject/4.0/guice-assistedinject-4.0.jar:/home/user/.m2/repository/org/jooq/jooq/3.11.10/jooq-3.11.10.jar:/home/user/.m2/repository/org/jooq/jooq-meta/3.11.10/jooq-meta-3.11.10.jar:/home/user/.m2/repository/org/jooq/jooq-codegen/3.11.10/jooq-codegen-3.11.10.jar:/home/user/.m2/repository/com/jolbox/bonecp/0.8.0.RELEASE/bonecp-0.8.0.RELEASE.jar:/home/user/.m2/repository/org/xerial/sqlite-jdbc/3.25.2/sqlite-jdbc-3.25.2.jar:/home/user/.m2/repository/org/springframework/spring-jdbc/5.1.3.RELEASE/spring-jdbc-5.1.3.RELEASE.jar:/home/user/.m2/repository/org/springframework/spring-beans/5.1.3.RELEASE/spring-beans-5.1.3.RELEASE.jar:/home/user/.m2/repository/org/springframework/spring-core/5.1.3.RELEASE/spring-core-5.1.3.RELEASE.jar:/home/user/.m2/repository/org/springframework/spring-jcl/5.1.3.RELEASE/spring-jcl-5.1.3.RELEASE.jar:/home/user/.m2/repository/org/springframework/spring-tx/5.1.3.RELEASE/spring-tx-5.1.3.RELEASE.jar:/home/user/.m2/repository/org/apache/hadoop/hadoop-ozone-client/0.5.0-SNAPSHOT/hadoop-ozone-client-0.5.0-SNAPSHOT.jar:/home/user/.m2/repository/commons-lang/commons-lang/2.6/commons-lang-2.6.jar:/home/user/.m2/repository/org/apache/hadoop/hadoop-ozone-ozone-manager/0.5.0-SNAPSHOT/hadoop-ozone-ozone-manager-0.5.0-SNAPSHOT-tests.jar:/home/user/.m2/repository/junit/junit/4.11/junit-4.11.jar:/home/user/.m2/repository/org/hamcrest/hamcrest-core/1.3/hamcrest-core-1.3.jar:/home/user/.m2/repository/org/openjdk/jmh/jmh-core/1.19/jmh-core-1.19.jar:/home/user/.m2/repository/net/sf/jopt-simple/jopt-simple/4.6/jopt-simple-4.6.jar:/home/user/.m2/repository/org/apache/commons/commons-math3/3.1.1/commons-math3-3.1.1.jar:/home/user/.m2/repository/org/openjdk/jmh/jmh-generator-annprocess/1.19/jmh-generator-annprocess-1.19.jar:/home/user/.m2/repository/org/mockito/mockito-all/1.8.5/mockito-all-1.8.5.jar:/home/user/.m2/repository/org/apache/hadoop/hadoop-kms/3.2.0/hadoop-kms-3.2.0.jar:/home/user/.m2/repository/org/apache/hadoop/hadoop-auth/3.2.0/hadoop-auth-3.2.0.jar:/home/user/.m2/repository/com/nimbusds/nimbus-jose-jwt/4.41.1/nimbus-jose-jwt-4.41.1.jar:/home/user/.m2/repository/com/github/stephenc/jcip/jcip-annotations/1.0-1/jcip-annotations-1.0-1.jar:/home/user/.m2/repository/net/minidev/json-smart/2.3/json-smart-2.3.jar:/home/user/.m2/repository/net/minidev/accessors-smart/1.2/accessors-smart-1.2.jar:/home/user/.m2/repository/org/ow2/asm/asm/5.0.4/asm-5.0.4.jar:/home/user/.m2/repository/org/apache/curator/curator-framework/2.12.0/curator-framework-2.12.0.jar:/home/user/.m2/repository/com/sun/jersey/jersey-core/1.19/jersey-core-1.19.jar:/home/user/.m2/repository/javax/ws/rs/jsr311-api/1.1.1/jsr311-api-1.1.1.jar:/home/user/.m2/repository/com/sun/jersey/jersey-server/1.19/jersey-server-1.19.jar:/home/user/.m2/repository/javax/servlet/javax.servlet-api/3.1.0/javax.servlet-api-3.1.0.jar:/home/user/.m2/repository/org/eclipse/jetty/jetty-server/9.3.25.v20180904/jetty-server-9.3.25.v20180904.jar:/home/user/.m2/repository/org/eclipse/jetty/jetty-http/9.3.25.v20180904/jetty-http-9.3.25.v20180904.jar:/home/user/.m2/repository/org/eclipse/jetty/jetty-io/9.3.25.v20180904/jetty-io-9.3.25.v20180904.jar:/home/user/.m2/repository/org/eclipse/jetty/jetty-webapp/9.3.25.v20180904/jetty-webapp-9.3.25.v20180904.jar:/home/user/.m2/repository/org/eclipse/jetty/jetty-xml/9.3.25.v20180904/jetty-xml-9.3.25.v20180904.jar:/home/user/.m2/repository/log4j/log4j/1.2.17/log4j-1.2.17.jar:/home/user/.m2/repository/org/slf4j/slf4j-api/1.7.25/slf4j-api-1.7.25.jar:/home/user/.m2/repository/org/slf4j/jul-to-slf4j/1.7.25/jul-to-slf4j-1.7.25.jar:/home/user/.m2/repository/org/eclipse/jetty/jetty-util/9.3.25.v20180904/jetty-util-9.3.25.v20180904.jar:/home/user/.m2/repository/com/fasterxml/jackson/core/jackson-databind/2.9.9/jackson-databind-2.9.9.jar:/home/user/.m2/repository/org/apache/hadoop/hadoop-kms/3.2.0/hadoop-kms-3.2.0-tests.jar:/home/user/.m2/repository/org/apache/hadoop/hadoop-hdds-server-scm/0.5.0-SNAPSHOT/hadoop-hdds-server-scm-0.5.0-SNAPSHOT-tests.jar:/home/user/.m2/repository/org/apache/hadoop/hadoop-hdds-container-service/0.5.0-SNAPSHOT/hadoop-hdds-container-service-0.5.0-SNAPSHOT-tests.jar:/home/user/.m2/repository/org/yaml/snakeyaml/1.16/snakeyaml-1.16.jar:/home/user/.m2/repository/org/apache/hadoop/hadoop-common/3.2.0/hadoop-common-3.2.0-tests.jar:/home/user/.m2/repository/org/apache/hadoop/hadoop-annotations/3.2.0/hadoop-annotations-3.2.0.jar:/usr/lib/jvm/java-1.8-openjdk/jre/../lib/tools.jar:/home/user/.m2/repository/commons-cli/commons-cli/1.2/commons-cli-1.2.jar:/home/user/.m2/repository/org/apache/httpcomponents/httpclient/4.5.2/httpclient-4.5.2.jar:/home/user/.m2/repository/org/apache/httpcomponents/httpcore/4.4.4/httpcore-4.4.4.jar:/home/user/.m2/repository/commons-codec/commons-codec/1.11/commons-codec-1.11.jar:/home/user/.m2/repository/commons-net/commons-net/3.6/commons-net-3.6.jar:/home/user/.m2/repository/commons-collections/commons-collections/3.2.2/commons-collections-3.2.2.jar:/home/user/.m2/repository/org/eclipse/jetty/jetty-servlet/9.3.25.v20180904/jetty-servlet-9.3.25.v20180904.jar:/home/user/.m2/repository/org/eclipse/jetty/jetty-security/9.3.25.v20180904/jetty-security-9.3.25.v20180904.jar:/home/user/.m2/repository/javax/servlet/jsp/jsp-api/2.1/jsp-api-2.1.jar:/home/user/.m2/repository/com/sun/jersey/jersey-servlet/1.19/jersey-servlet-1.19.jar:/home/user/.m2/repository/com/sun/jersey/jersey-json/1.19/jersey-json-1.19.jar:/home/user/.m2/repository/org/codehaus/jettison/jettison/1.1/jettison-1.1.jar:/home/user/.m2/repository/org/codehaus/jackson/jackson-core-asl/1.9.13/jackson-core-asl-1.9.13.jar:/home/user/.m2/repository/org/codehaus/jackson/jackson-mapper-asl/1.9.13/jackson-mapper-asl-1.9.13.jar:/home/user/.m2/repository/org/codehaus/jackson/jackson-jaxrs/1.9.13/jackson-jaxrs-1.9.13.jar:/home/user/.m2/repository/org/codehaus/jackson/jackson-xc/1.9.13/jackson-xc-1.9.13.jar:/home/user/.m2/repository/commons-logging/commons-logging/1.1.3/commons-logging-1.1.3.jar:/home/user/.m2/repository/commons-beanutils/commons-beanutils/1.9.4/commons-beanutils-1.9.4.jar:/home/user/.m2/repository/org/apache/commons/commons-configuration2/2.1.1/commons-configuration2-2.1.1.jar:/home/user/.m2/repository/org/apache/commons/commons-lang3/3.7/commons-lang3-3.7.jar:/home/user/.m2/repository/org/apache/commons/commons-text/1.4/commons-text-1.4.jar:/home/user/.m2/repository/org/apache/avro/avro/1.7.7/avro-1.7.7.jar:/home/user/.m2/repository/com/thoughtworks/paranamer/paranamer/2.3/paranamer-2.3.jar:/home/user/.m2/repository/org/xerial/snappy/snappy-java/1.0.5/snappy-java-1.0.5.jar:/home/user/.m2/repository/com/google/re2j/re2j/1.1/re2j-1.1.jar:/home/user/.m2/repository/com/google/code/gson/gson/2.2.4/gson-2.2.4.jar:/home/user/.m2/repository/com/jcraft/jsch/0.1.54/jsch-0.1.54.jar:/home/user/.m2/repository/org/apache/curator/curator-client/2.12.0/curator-client-2.12.0.jar:/home/user/.m2/repository/org/apache/curator/curator-recipes/2.12.0/curator-recipes-2.12.0.jar:/home/user/.m2/repository/com/google/code/findbugs/jsr305/3.0.0/jsr305-3.0.0.jar:/home/user/.m2/repository/org/apache/htrace/htrace-core4/4.1.0-incubating/htrace-core4-4.1.0-incubating.jar:/home/user/.m2/repository/org/apache/zookeeper/zookeeper/3.4.13/zookeeper-3.4.13.jar:/home/user/.m2/repository/jline/jline/0.9.94/jline-0.9.94.jar:/home/user/.m2/repository/org/apache/yetus/audience-annotations/0.5.0/audience-annotations-0.5.0.jar:/home/user/.m2/repository/org/codehaus/woodstox/stax2-api/3.1.4/stax2-api-3.1.4.jar:/home/user/.m2/repository/com/fasterxml/woodstox/woodstox-core/5.0.3/woodstox-core-5.0.3.jar:/home/user/.m2/repository/dnsjava/dnsjava/2.1.7/dnsjava-2.1.7.jar:/home/user/.m2/repository/org/apache/hadoop/hadoop-hdfs/3.2.0/hadoop-hdfs-3.2.0-tests.jar:/home/user/.m2/repository/org/eclipse/jetty/jetty-util-ajax/9.3.25.v20180904/jetty-util-ajax-9.3.25.v20180904.jar:/home/user/.m2/repository/commons-daemon/commons-daemon/1.0.13/commons-daemon-1.0.13.jar:/home/user/.m2/repository/io/netty/netty/3.10.5.Final/netty-3.10.5.Final.jar:/home/user/.m2/repository/io/netty/netty-all/4.0.52.Final/netty-all-4.0.52.Final.jar:/home/user/.m2/repository/org/fusesource/leveldbjni/leveldbjni-all/1.8/leveldbjni-all-1.8.jar:"/>
    <property name="java.vm.vendor" value="IcedTea"/>
    <property name="sun.arch.data.model" value="64"/>
    <property name="test.build.dir" value="/workdir/hadoop-ozone/integration-test/target/test-dir"/>
    <property name="test.cache.data" value=""/>
    <property name="java.vendor.url" value="https://icedtea.classpath.org"/>
    <property name="user.timezone" value=""/>
    <property name="java.vm.specification.version" value="1.8"/>
    <property name="os.name" value="Linux"/>
    <property name="test.build.data" value="/workdir/hadoop-ozone/integration-test/target/test-dir"/>
    <property name="user.country" value="US"/>
    <property name="sun.java.launcher" value="SUN_STANDARD"/>
    <property name="sun.boot.library.path" value="/usr/lib/jvm/java-1.8-openjdk/jre/lib/amd64"/>
    <property name="sun.java.command" value="/workdir/hadoop-ozone/integration-test/target/surefire/surefirebooter5211099503887260626.jar /workdir/hadoop-ozone/integration-test/target/surefire 2019-10-04T02-01-45_558-jvmRun1 surefire7598654317408880602tmp surefire_462519363010477884486tmp"/>
    <property name="test" value="!TestMiniChaosOzoneCluster"/>
    <property name="surefire.test.class.path" value="/workdir/hadoop-ozone/integration-test/target/test-classes:/workdir/hadoop-ozone/integration-test/target/classes:/home/user/.m2/repository/org/apache/hadoop/hadoop-ozone-common/0.5.0-SNAPSHOT/hadoop-ozone-common-0.5.0-SNAPSHOT.jar:/home/user/.m2/repository/org/apache/commons/commons-compress/1.4.1/commons-compress-1.4.1.jar:/home/user/.m2/repository/org/tukaani/xz/1.0/xz-1.0.jar:/home/user/.m2/repository/org/apache/hadoop/hadoop-common/3.2.0/hadoop-common-3.2.0.jar:/home/user/.m2/repository/org/apache/hadoop/hadoop-hdfs/3.2.0/hadoop-hdfs-3.2.0.jar:/home/user/.m2/repository/org/apache/hadoop/hadoop-hdfs-client/3.2.0/hadoop-hdfs-client-3.2.0.jar:/home/user/.m2/repository/com/fasterxml/jackson/core/jackson-annotations/2.9.9/jackson-annotations-2.9.9.jar:/home/user/.m2/repository/org/apache/hadoop/hadoop-hdds-common/0.5.0-SNAPSHOT/hadoop-hdds-common-0.5.0-SNAPSHOT.jar:/home/user/.m2/repository/javax/annotation/javax.annotation-api/1.2/javax.annotation-api-1.2.jar:/home/user/.m2/repository/org/apache/ratis/ratis-server/0.5.0-201fc85-SNAPSHOT/ratis-server-0.5.0-201fc85-SNAPSHOT.jar:/home/user/.m2/repository/org/apache/ratis/ratis-thirdparty-misc/0.2.0/ratis-thirdparty-misc-0.2.0.jar:/home/user/.m2/repository/org/apache/ratis/ratis-proto/0.5.0-201fc85-SNAPSHOT/ratis-proto-0.5.0-201fc85-SNAPSHOT.jar:/home/user/.m2/repository/org/apache/ratis/ratis-common/0.5.0-201fc85-SNAPSHOT/ratis-common-0.5.0-201fc85-SNAPSHOT.jar:/home/user/.m2/repository/org/apache/ratis/ratis-client/0.5.0-201fc85-SNAPSHOT/ratis-client-0.5.0-201fc85-SNAPSHOT.jar:/home/user/.m2/repository/org/apache/ratis/ratis-metrics/0.5.0-201fc85-SNAPSHOT/ratis-metrics-0.5.0-201fc85-SNAPSHOT.jar:/home/user/.m2/repository/com/github/joshelser/dropwizard-metrics-hadoop-metrics2-reporter/0.1.2/dropwizard-metrics-hadoop-metrics2-reporter-0.1.2.jar:/home/user/.m2/repository/io/dropwizard/metrics/metrics-jvm/3.2.5/metrics-jvm-3.2.5.jar:/home/user/.m2/repository/io/dropwizard/metrics/metrics-ganglia/3.2.5/metrics-ganglia-3.2.5.jar:/home/user/.m2/repository/info/ganglia/gmetric4j/gmetric4j/1.0.7/gmetric4j-1.0.7.jar:/home/user/.m2/repository/org/apache/ratis/ratis-netty/0.5.0-201fc85-SNAPSHOT/ratis-netty-0.5.0-201fc85-SNAPSHOT.jar:/home/user/.m2/repository/org/apache/ratis/ratis-grpc/0.5.0-201fc85-SNAPSHOT/ratis-grpc-0.5.0-201fc85-SNAPSHOT.jar:/home/user/.m2/repository/org/rocksdb/rocksdbjni/6.0.1/rocksdbjni-6.0.1.jar:/home/user/.m2/repository/org/apache/logging/log4j/log4j-api/2.11.0/log4j-api-2.11.0.jar:/home/user/.m2/repository/org/apache/logging/log4j/log4j-core/2.11.0/log4j-core-2.11.0.jar:/home/user/.m2/repository/com/lmax/disruptor/3.4.2/disruptor-3.4.2.jar:/home/user/.m2/repository/org/apache/commons/commons-pool2/2.6.0/commons-pool2-2.6.0.jar:/home/user/.m2/repository/org/bouncycastle/bcpkix-jdk15on/1.60/bcpkix-jdk15on-1.60.jar:/home/user/.m2/repository/commons-validator/commons-validator/1.6/commons-validator-1.6.jar:/home/user/.m2/repository/commons-digester/commons-digester/1.8.1/commons-digester-1.8.1.jar:/home/user/.m2/repository/io/jaegertracing/jaeger-client/0.34.0/jaeger-client-0.34.0.jar:/home/user/.m2/repository/io/jaegertracing/jaeger-thrift/0.34.0/jaeger-thrift-0.34.0.jar:/home/user/.m2/repository/org/apache/thrift/libthrift/0.12.0/libthrift-0.12.0.jar:/home/user/.m2/repository/com/squareup/okhttp3/okhttp/3.9.0/okhttp-3.9.0.jar:/home/user/.m2/repository/com/squareup/okio/okio/1.13.0/okio-1.13.0.jar:/home/user/.m2/repository/io/jaegertracing/jaeger-core/0.34.0/jaeger-core-0.34.0.jar:/home/user/.m2/repository/io/jaegertracing/jaeger-tracerresolver/0.34.0/jaeger-tracerresolver-0.34.0.jar:/home/user/.m2/repository/io/opentracing/contrib/opentracing-tracerresolver/0.1.5/opentracing-tracerresolver-0.1.5.jar:/home/user/.m2/repository/io/opentracing/opentracing-util/0.31.0/opentracing-util-0.31.0.jar:/home/user/.m2/repository/io/opentracing/opentracing-api/0.31.0/opentracing-api-0.31.0.jar:/home/user/.m2/repository/io/opentracing/opentracing-noop/0.31.0/opentracing-noop-0.31.0.jar:/home/user/.m2/repository/org/apache/hadoop/hadoop-hdds-server-framework/0.5.0-SNAPSHOT/hadoop-hdds-server-framework-0.5.0-SNAPSHOT.jar:/home/user/.m2/repository/org/apache/hadoop/hadoop-hdds-container-service/0.5.0-SNAPSHOT/hadoop-hdds-container-service-0.5.0-SNAPSHOT.jar:/home/user/.m2/repository/org/apache/hadoop/hadoop-hdds-client/0.5.0-SNAPSHOT/hadoop-hdds-client-0.5.0-SNAPSHOT.jar:/home/user/.m2/repository/org/apache/hadoop/hadoop-hdds-tools/0.5.0-SNAPSHOT/hadoop-hdds-tools-0.5.0-SNAPSHOT.jar:/home/user/.m2/repository/org/apache/hadoop/hadoop-hdds-server-scm/0.5.0-SNAPSHOT/hadoop-hdds-server-scm-0.5.0-SNAPSHOT.jar:/home/user/.m2/repository/org/apache/hadoop/hadoop-hdds-docs/0.5.0-SNAPSHOT/hadoop-hdds-docs-0.5.0-SNAPSHOT.jar:/home/user/.m2/repository/io/dropwizard/metrics/metrics-core/3.2.4/metrics-core-3.2.4.jar:/home/user/.m2/repository/org/hamcrest/hamcrest-all/1.3/hamcrest-all-1.3.jar:/home/user/.m2/repository/org/bouncycastle/bcprov-jdk15on/1.60/bcprov-jdk15on-1.60.jar:/home/user/.m2/repository/info/picocli/picocli/3.9.6/picocli-3.9.6.jar:/home/user/.m2/repository/com/google/protobuf/protobuf-java/2.5.0/protobuf-java-2.5.0.jar:/home/user/.m2/repository/com/google/guava/guava/11.0.2/guava-11.0.2.jar:/home/user/.m2/repository/org/apache/hadoop/hadoop-ozone-ozone-manager/0.5.0-SNAPSHOT/hadoop-ozone-ozone-manager-0.5.0-SNAPSHOT.jar:/home/user/.m2/repository/org/apache/hadoop/hadoop-minikdc/3.2.0/hadoop-minikdc-3.2.0.jar:/home/user/.m2/repository/commons-io/commons-io/2.5/commons-io-2.5.jar:/home/user/.m2/repository/org/apache/kerby/kerb-simplekdc/1.0.1/kerb-simplekdc-1.0.1.jar:/home/user/.m2/repository/org/apache/kerby/kerb-client/1.0.1/kerb-client-1.0.1.jar:/home/user/.m2/repository/org/apache/kerby/kerby-config/1.0.1/kerby-config-1.0.1.jar:/home/user/.m2/repository/org/apache/kerby/kerb-core/1.0.1/kerb-core-1.0.1.jar:/home/user/.m2/repository/org/apache/kerby/kerby-pkix/1.0.1/kerby-pkix-1.0.1.jar:/home/user/.m2/repository/org/apache/kerby/kerby-asn1/1.0.1/kerby-asn1-1.0.1.jar:/home/user/.m2/repository/org/apache/kerby/kerby-util/1.0.1/kerby-util-1.0.1.jar:/home/user/.m2/repository/org/apache/kerby/kerb-common/1.0.1/kerb-common-1.0.1.jar:/home/user/.m2/repository/org/apache/kerby/kerb-crypto/1.0.1/kerb-crypto-1.0.1.jar:/home/user/.m2/repository/org/apache/kerby/kerb-util/1.0.1/kerb-util-1.0.1.jar:/home/user/.m2/repository/org/apache/kerby/token-provider/1.0.1/token-provider-1.0.1.jar:/home/user/.m2/repository/org/apache/kerby/kerb-admin/1.0.1/kerb-admin-1.0.1.jar:/home/user/.m2/repository/org/apache/kerby/kerb-server/1.0.1/kerb-server-1.0.1.jar:/home/user/.m2/repository/org/apache/kerby/kerb-identity/1.0.1/kerb-identity-1.0.1.jar:/home/user/.m2/repository/org/apache/kerby/kerby-xdr/1.0.1/kerby-xdr-1.0.1.jar:/home/user/.m2/repository/org/slf4j/slf4j-log4j12/1.7.25/slf4j-log4j12-1.7.25.jar:/home/user/.m2/repository/org/apache/hadoop/hadoop-ozone-s3gateway/0.5.0-SNAPSHOT/hadoop-ozone-s3gateway-0.5.0-SNAPSHOT.jar:/home/user/.m2/repository/org/jboss/weld/servlet/weld-servlet/2.4.7.Final/weld-servlet-2.4.7.Final.jar:/home/user/.m2/repository/org/glassfish/jersey/containers/jersey-container-servlet-core/2.27/jersey-container-servlet-core-2.27.jar:/home/user/.m2/repository/org/glassfish/hk2/external/javax.inject/2.5.0-b42/javax.inject-2.5.0-b42.jar:/home/user/.m2/repository/org/glassfish/jersey/core/jersey-common/2.27/jersey-common-2.27.jar:/home/user/.m2/repository/org/glassfish/hk2/osgi-resource-locator/1.0.1/osgi-resource-locator-1.0.1.jar:/home/user/.m2/repository/javax/ws/rs/javax.ws.rs-api/2.1/javax.ws.rs-api-2.1.jar:/home/user/.m2/repository/org/glassfish/jersey/ext/cdi/jersey-cdi1x/2.27/jersey-cdi1x-2.27.jar:/home/user/.m2/repository/org/glassfish/jersey/inject/jersey-hk2/2.27/jersey-hk2-2.27.jar:/home/user/.m2/repository/org/glassfish/hk2/hk2-locator/2.5.0-b42/hk2-locator-2.5.0-b42.jar:/home/user/.m2/repository/org/javassist/javassist/3.22.0-CR2/javassist-3.22.0-CR2.jar:/home/user/.m2/repository/org/glassfish/hk2/hk2-api/2.5.0/hk2-api-2.5.0.jar:/home/user/.m2/repository/org/glassfish/hk2/external/jakarta.inject/2.5.0/jakarta.inject-2.5.0.jar:/home/user/.m2/repository/org/glassfish/hk2/hk2-utils/2.5.0/hk2-utils-2.5.0.jar:/home/user/.m2/repository/jakarta/annotation/jakarta.annotation-api/1.3.4/jakarta.annotation-api-1.3.4.jar:/home/user/.m2/repository/org/glassfish/hk2/external/aopalliance-repackaged/2.5.0/aopalliance-repackaged-2.5.0.jar:/home/user/.m2/repository/com/fasterxml/jackson/dataformat/jackson-dataformat-xml/2.9.0/jackson-dataformat-xml-2.9.0.jar:/home/user/.m2/repository/com/fasterxml/jackson/core/jackson-core/2.9.9/jackson-core-2.9.9.jar:/home/user/.m2/repository/com/fasterxml/jackson/module/jackson-module-jaxb-annotations/2.9.9/jackson-module-jaxb-annotations-2.9.9.jar:/home/user/.m2/repository/javax/enterprise/cdi-api/1.2/cdi-api-1.2.jar:/home/user/.m2/repository/javax/el/javax.el-api/3.0.0/javax.el-api-3.0.0.jar:/home/user/.m2/repository/javax/interceptor/javax.interceptor-api/1.2/javax.interceptor-api-1.2.jar:/home/user/.m2/repository/javax/inject/javax.inject/1/javax.inject-1.jar:/home/user/.m2/repository/com/sun/xml/bind/jaxb-impl/2.3.0.1/jaxb-impl-2.3.0.1.jar:/home/user/.m2/repository/com/sun/xml/bind/jaxb-core/2.3.0.1/jaxb-core-2.3.0.1.jar:/home/user/.m2/repository/javax/xml/bind/jaxb-api/2.3.0/jaxb-api-2.3.0.jar:/home/user/.m2/repository/javax/activation/activation/1.1.1/activation-1.1.1.jar:/home/user/.m2/repository/org/apache/hadoop/hadoop-ozone-csi/0.5.0-SNAPSHOT/hadoop-ozone-csi-0.5.0-SNAPSHOT.jar:/home/user/.m2/repository/com/google/protobuf/protobuf-java-util/3.5.1/protobuf-java-util-3.5.1.jar:/home/user/.m2/repository/org/apache/hadoop/hadoop-hdds-config/0.5.0-SNAPSHOT/hadoop-hdds-config-0.5.0-SNAPSHOT.jar:/home/user/.m2/repository/io/grpc/grpc-netty/1.17.1/grpc-netty-1.17.1.jar:/home/user/.m2/repository/io/grpc/grpc-core/1.17.1/grpc-core-1.17.1.jar:/home/user/.m2/repository/io/grpc/grpc-context/1.17.1/grpc-context-1.17.1.jar:/home/user/.m2/repository/com/google/errorprone/error_prone_annotations/2.2.0/error_prone_annotations-2.2.0.jar:/home/user/.m2/repository/org/codehaus/mojo/animal-sniffer-annotations/1.17/animal-sniffer-annotations-1.17.jar:/home/user/.m2/repository/io/opencensus/opencensus-api/0.17.0/opencensus-api-0.17.0.jar:/home/user/.m2/repository/io/opencensus/opencensus-contrib-grpc-metrics/0.17.0/opencensus-contrib-grpc-metrics-0.17.0.jar:/home/user/.m2/repository/io/netty/netty-codec-http2/4.1.30.Final/netty-codec-http2-4.1.30.Final.jar:/home/user/.m2/repository/io/netty/netty-codec-http/4.1.30.Final/netty-codec-http-4.1.30.Final.jar:/home/user/.m2/repository/io/netty/netty-codec/4.1.30.Final/netty-codec-4.1.30.Final.jar:/home/user/.m2/repository/io/netty/netty-handler/4.1.30.Final/netty-handler-4.1.30.Final.jar:/home/user/.m2/repository/io/netty/netty-handler-proxy/4.1.30.Final/netty-handler-proxy-4.1.30.Final.jar:/home/user/.m2/repository/io/netty/netty-codec-socks/4.1.30.Final/netty-codec-socks-4.1.30.Final.jar:/home/user/.m2/repository/io/netty/netty-transport-native-epoll/4.1.30.Final/netty-transport-native-epoll-4.1.30.Final.jar:/home/user/.m2/repository/io/netty/netty-common/4.1.30.Final/netty-common-4.1.30.Final.jar:/home/user/.m2/repository/io/netty/netty-buffer/4.1.30.Final/netty-buffer-4.1.30.Final.jar:/home/user/.m2/repository/io/netty/netty-transport/4.1.30.Final/netty-transport-4.1.30.Final.jar:/home/user/.m2/repository/io/netty/netty-resolver/4.1.30.Final/netty-resolver-4.1.30.Final.jar:/home/user/.m2/repository/io/netty/netty-transport-native-unix-common/4.1.30.Final/netty-transport-native-unix-common-4.1.30.Final.jar:/home/user/.m2/repository/io/grpc/grpc-protobuf/1.17.1/grpc-protobuf-1.17.1.jar:/home/user/.m2/repository/com/google/api/grpc/proto-google-common-protos/1.0.0/proto-google-common-protos-1.0.0.jar:/home/user/.m2/repository/io/grpc/grpc-protobuf-lite/1.17.1/grpc-protobuf-lite-1.17.1.jar:/home/user/.m2/repository/io/grpc/grpc-stub/1.17.1/grpc-stub-1.17.1.jar:/home/user/.m2/repository/org/apache/hadoop/hadoop-ozone-recon/0.5.0-SNAPSHOT/hadoop-ozone-recon-0.5.0-SNAPSHOT.jar:/home/user/.m2/repository/org/apache/hadoop/hadoop-ozone-reconcodegen/0.5.0-SNAPSHOT/hadoop-ozone-reconcodegen-0.5.0-SNAPSHOT.jar:/home/user/.m2/repository/com/google/inject/extensions/guice-multibindings/4.0/guice-multibindings-4.0.jar:/home/user/.m2/repository/com/google/inject/guice/4.0/guice-4.0.jar:/home/user/.m2/repository/aopalliance/aopalliance/1.0/aopalliance-1.0.jar:/home/user/.m2/repository/com/google/inject/extensions/guice-servlet/4.0/guice-servlet-4.0.jar:/home/user/.m2/repository/org/glassfish/jersey/containers/jersey-container-servlet/2.27/jersey-container-servlet-2.27.jar:/home/user/.m2/repository/org/glassfish/hk2/guice-bridge/2.5.0/guice-bridge-2.5.0.jar:/home/user/.m2/repository/org/glassfish/jersey/core/jersey-server/2.27/jersey-server-2.27.jar:/home/user/.m2/repository/org/glassfish/jersey/core/jersey-client/2.27/jersey-client-2.27.jar:/home/user/.m2/repository/org/glassfish/jersey/media/jersey-media-jaxb/2.27/jersey-media-jaxb-2.27.jar:/home/user/.m2/repository/javax/validation/validation-api/1.1.0.Final/validation-api-1.1.0.Final.jar:/home/user/.m2/repository/org/glassfish/jersey/media/jersey-media-json-jackson/2.27/jersey-media-json-jackson-2.27.jar:/home/user/.m2/repository/org/glassfish/jersey/ext/jersey-entity-filtering/2.27/jersey-entity-filtering-2.27.jar:/home/user/.m2/repository/com/google/inject/extensions/guice-assistedinject/4.0/guice-assistedinject-4.0.jar:/home/user/.m2/repository/org/jooq/jooq/3.11.10/jooq-3.11.10.jar:/home/user/.m2/repository/org/jooq/jooq-meta/3.11.10/jooq-meta-3.11.10.jar:/home/user/.m2/repository/org/jooq/jooq-codegen/3.11.10/jooq-codegen-3.11.10.jar:/home/user/.m2/repository/com/jolbox/bonecp/0.8.0.RELEASE/bonecp-0.8.0.RELEASE.jar:/home/user/.m2/repository/org/xerial/sqlite-jdbc/3.25.2/sqlite-jdbc-3.25.2.jar:/home/user/.m2/repository/org/springframework/spring-jdbc/5.1.3.RELEASE/spring-jdbc-5.1.3.RELEASE.jar:/home/user/.m2/repository/org/springframework/spring-beans/5.1.3.RELEASE/spring-beans-5.1.3.RELEASE.jar:/home/user/.m2/repository/org/springframework/spring-core/5.1.3.RELEASE/spring-core-5.1.3.RELEASE.jar:/home/user/.m2/repository/org/springframework/spring-jcl/5.1.3.RELEASE/spring-jcl-5.1.3.RELEASE.jar:/home/user/.m2/repository/org/springframework/spring-tx/5.1.3.RELEASE/spring-tx-5.1.3.RELEASE.jar:/home/user/.m2/repository/org/apache/hadoop/hadoop-ozone-client/0.5.0-SNAPSHOT/hadoop-ozone-client-0.5.0-SNAPSHOT.jar:/home/user/.m2/repository/commons-lang/commons-lang/2.6/commons-lang-2.6.jar:/home/user/.m2/repository/org/apache/hadoop/hadoop-ozone-ozone-manager/0.5.0-SNAPSHOT/hadoop-ozone-ozone-manager-0.5.0-SNAPSHOT-tests.jar:/home/user/.m2/repository/junit/junit/4.11/junit-4.11.jar:/home/user/.m2/repository/org/hamcrest/hamcrest-core/1.3/hamcrest-core-1.3.jar:/home/user/.m2/repository/org/openjdk/jmh/jmh-core/1.19/jmh-core-1.19.jar:/home/user/.m2/repository/net/sf/jopt-simple/jopt-simple/4.6/jopt-simple-4.6.jar:/home/user/.m2/repository/org/apache/commons/commons-math3/3.1.1/commons-math3-3.1.1.jar:/home/user/.m2/repository/org/openjdk/jmh/jmh-generator-annprocess/1.19/jmh-generator-annprocess-1.19.jar:/home/user/.m2/repository/org/mockito/mockito-all/1.8.5/mockito-all-1.8.5.jar:/home/user/.m2/repository/org/apache/hadoop/hadoop-kms/3.2.0/hadoop-kms-3.2.0.jar:/home/user/.m2/repository/org/apache/hadoop/hadoop-auth/3.2.0/hadoop-auth-3.2.0.jar:/home/user/.m2/repository/com/nimbusds/nimbus-jose-jwt/4.41.1/nimbus-jose-jwt-4.41.1.jar:/home/user/.m2/repository/com/github/stephenc/jcip/jcip-annotations/1.0-1/jcip-annotations-1.0-1.jar:/home/user/.m2/repository/net/minidev/json-smart/2.3/json-smart-2.3.jar:/home/user/.m2/repository/net/minidev/accessors-smart/1.2/accessors-smart-1.2.jar:/home/user/.m2/repository/org/ow2/asm/asm/5.0.4/asm-5.0.4.jar:/home/user/.m2/repository/org/apache/curator/curator-framework/2.12.0/curator-framework-2.12.0.jar:/home/user/.m2/repository/com/sun/jersey/jersey-core/1.19/jersey-core-1.19.jar:/home/user/.m2/repository/javax/ws/rs/jsr311-api/1.1.1/jsr311-api-1.1.1.jar:/home/user/.m2/repository/com/sun/jersey/jersey-server/1.19/jersey-server-1.19.jar:/home/user/.m2/repository/javax/servlet/javax.servlet-api/3.1.0/javax.servlet-api-3.1.0.jar:/home/user/.m2/repository/org/eclipse/jetty/jetty-server/9.3.25.v20180904/jetty-server-9.3.25.v20180904.jar:/home/user/.m2/repository/org/eclipse/jetty/jetty-http/9.3.25.v20180904/jetty-http-9.3.25.v20180904.jar:/home/user/.m2/repository/org/eclipse/jetty/jetty-io/9.3.25.v20180904/jetty-io-9.3.25.v20180904.jar:/home/user/.m2/repository/org/eclipse/jetty/jetty-webapp/9.3.25.v20180904/jetty-webapp-9.3.25.v20180904.jar:/home/user/.m2/repository/org/eclipse/jetty/jetty-xml/9.3.25.v20180904/jetty-xml-9.3.25.v20180904.jar:/home/user/.m2/repository/log4j/log4j/1.2.17/log4j-1.2.17.jar:/home/user/.m2/repository/org/slf4j/slf4j-api/1.7.25/slf4j-api-1.7.25.jar:/home/user/.m2/repository/org/slf4j/jul-to-slf4j/1.7.25/jul-to-slf4j-1.7.25.jar:/home/user/.m2/repository/org/eclipse/jetty/jetty-util/9.3.25.v20180904/jetty-util-9.3.25.v20180904.jar:/home/user/.m2/repository/com/fasterxml/jackson/core/jackson-databind/2.9.9/jackson-databind-2.9.9.jar:/home/user/.m2/repository/org/apache/hadoop/hadoop-kms/3.2.0/hadoop-kms-3.2.0-tests.jar:/home/user/.m2/repository/org/apache/hadoop/hadoop-hdds-server-scm/0.5.0-SNAPSHOT/hadoop-hdds-server-scm-0.5.0-SNAPSHOT-tests.jar:/home/user/.m2/repository/org/apache/hadoop/hadoop-hdds-container-service/0.5.0-SNAPSHOT/hadoop-hdds-container-service-0.5.0-SNAPSHOT-tests.jar:/home/user/.m2/repository/org/yaml/snakeyaml/1.16/snakeyaml-1.16.jar:/home/user/.m2/repository/org/apache/hadoop/hadoop-common/3.2.0/hadoop-common-3.2.0-tests.jar:/home/user/.m2/repository/org/apache/hadoop/hadoop-annotations/3.2.0/hadoop-annotations-3.2.0.jar:/usr/lib/jvm/java-1.8-openjdk/jre/../lib/tools.jar:/home/user/.m2/repository/commons-cli/commons-cli/1.2/commons-cli-1.2.jar:/home/user/.m2/repository/org/apache/httpcomponents/httpclient/4.5.2/httpclient-4.5.2.jar:/home/user/.m2/repository/org/apache/httpcomponents/httpcore/4.4.4/httpcore-4.4.4.jar:/home/user/.m2/repository/commons-codec/commons-codec/1.11/commons-codec-1.11.jar:/home/user/.m2/repository/commons-net/commons-net/3.6/commons-net-3.6.jar:/home/user/.m2/repository/commons-collections/commons-collections/3.2.2/commons-collections-3.2.2.jar:/home/user/.m2/repository/org/eclipse/jetty/jetty-servlet/9.3.25.v20180904/jetty-servlet-9.3.25.v20180904.jar:/home/user/.m2/repository/org/eclipse/jetty/jetty-security/9.3.25.v20180904/jetty-security-9.3.25.v20180904.jar:/home/user/.m2/repository/javax/servlet/jsp/jsp-api/2.1/jsp-api-2.1.jar:/home/user/.m2/repository/com/sun/jersey/jersey-servlet/1.19/jersey-servlet-1.19.jar:/home/user/.m2/repository/com/sun/jersey/jersey-json/1.19/jersey-json-1.19.jar:/home/user/.m2/repository/org/codehaus/jettison/jettison/1.1/jettison-1.1.jar:/home/user/.m2/repository/org/codehaus/jackson/jackson-core-asl/1.9.13/jackson-core-asl-1.9.13.jar:/home/user/.m2/repository/org/codehaus/jackson/jackson-mapper-asl/1.9.13/jackson-mapper-asl-1.9.13.jar:/home/user/.m2/repository/org/codehaus/jackson/jackson-jaxrs/1.9.13/jackson-jaxrs-1.9.13.jar:/home/user/.m2/repository/org/codehaus/jackson/jackson-xc/1.9.13/jackson-xc-1.9.13.jar:/home/user/.m2/repository/commons-logging/commons-logging/1.1.3/commons-logging-1.1.3.jar:/home/user/.m2/repository/commons-beanutils/commons-beanutils/1.9.4/commons-beanutils-1.9.4.jar:/home/user/.m2/repository/org/apache/commons/commons-configuration2/2.1.1/commons-configuration2-2.1.1.jar:/home/user/.m2/repository/org/apache/commons/commons-lang3/3.7/commons-lang3-3.7.jar:/home/user/.m2/repository/org/apache/commons/commons-text/1.4/commons-text-1.4.jar:/home/user/.m2/repository/org/apache/avro/avro/1.7.7/avro-1.7.7.jar:/home/user/.m2/repository/com/thoughtworks/paranamer/paranamer/2.3/paranamer-2.3.jar:/home/user/.m2/repository/org/xerial/snappy/snappy-java/1.0.5/snappy-java-1.0.5.jar:/home/user/.m2/repository/com/google/re2j/re2j/1.1/re2j-1.1.jar:/home/user/.m2/repository/com/google/code/gson/gson/2.2.4/gson-2.2.4.jar:/home/user/.m2/repository/com/jcraft/jsch/0.1.54/jsch-0.1.54.jar:/home/user/.m2/repository/org/apache/curator/curator-client/2.12.0/curator-client-2.12.0.jar:/home/user/.m2/repository/org/apache/curator/curator-recipes/2.12.0/curator-recipes-2.12.0.jar:/home/user/.m2/repository/com/google/code/findbugs/jsr305/3.0.0/jsr305-3.0.0.jar:/home/user/.m2/repository/org/apache/htrace/htrace-core4/4.1.0-incubating/htrace-core4-4.1.0-incubating.jar:/home/user/.m2/repository/org/apache/zookeeper/zookeeper/3.4.13/zookeeper-3.4.13.jar:/home/user/.m2/repository/jline/jline/0.9.94/jline-0.9.94.jar:/home/user/.m2/repository/org/apache/yetus/audience-annotations/0.5.0/audience-annotations-0.5.0.jar:/home/user/.m2/repository/org/codehaus/woodstox/stax2-api/3.1.4/stax2-api-3.1.4.jar:/home/user/.m2/repository/com/fasterxml/woodstox/woodstox-core/5.0.3/woodstox-core-5.0.3.jar:/home/user/.m2/repository/dnsjava/dnsjava/2.1.7/dnsjava-2.1.7.jar:/home/user/.m2/repository/org/apache/hadoop/hadoop-hdfs/3.2.0/hadoop-hdfs-3.2.0-tests.jar:/home/user/.m2/repository/org/eclipse/jetty/jetty-util-ajax/9.3.25.v20180904/jetty-util-ajax-9.3.25.v20180904.jar:/home/user/.m2/repository/commons-daemon/commons-daemon/1.0.13/commons-daemon-1.0.13.jar:/home/user/.m2/repository/io/netty/netty/3.10.5.Final/netty-3.10.5.Final.jar:/home/user/.m2/repository/io/netty/netty-all/4.0.52.Final/netty-all-4.0.52.Final.jar:/home/user/.m2/repository/org/fusesource/leveldbjni/leveldbjni-all/1.8/leveldbjni-all-1.8.jar:"/>
    <property name="sun.cpu.endian" value="little"/>
    <property name="user.home" value="/home/user"/>
    <property name="user.language" value="en"/>
    <property name="java.specification.vendor" value="Oracle Corporation"/>
    <property name="java.home" value="/usr/lib/jvm/java-1.8-openjdk/jre"/>
    <property name="java.security.krb5.conf" value="/workdir/hadoop-ozone/integration-test/target/test-classes/krb5.conf"/>
    <property name="basedir" value="/workdir/hadoop-ozone/integration-test"/>
    <property name="file.separator" value="/"/>
    <property name="line.separator" value="&#10;"/>
    <property name="java.vm.specification.vendor" value="Oracle Corporation"/>
    <property name="java.specification.name" value="Java Platform API Specification"/>
    <property name="java.awt.graphicsenv" value="sun.awt.X11GraphicsEnvironment"/>
    <property name="surefire.real.class.path" value="/workdir/hadoop-ozone/integration-test/target/surefire/surefirebooter5211099503887260626.jar"/>
    <property name="hadoop.log.dir" value="/workdir/hadoop-ozone/integration-test/target/log"/>
    <property name="sun.boot.class.path" value="/usr/lib/jvm/java-1.8-openjdk/jre/lib/resources.jar:/usr/lib/jvm/java-1.8-openjdk/jre/lib/rt.jar:/usr/lib/jvm/java-1.8-openjdk/jre/lib/sunrsasign.jar:/usr/lib/jvm/java-1.8-openjdk/jre/lib/jsse.jar:/usr/lib/jvm/java-1.8-openjdk/jre/lib/jce.jar:/usr/lib/jvm/java-1.8-openjdk/jre/lib/charsets.jar:/usr/lib/jvm/java-1.8-openjdk/jre/lib/jfr.jar:/usr/lib/jvm/java-1.8-openjdk/jre/classes"/>
    <property name="sun.management.compiler" value="HotSpot 64-Bit Tiered Compilers"/>
    <property name="java.runtime.version" value="1.8.0_212-b04"/>
    <property name="java.net.preferIPv4Stack" value="true"/>
    <property name="user.name" value="jenkins1000"/>
    <property name="path.separator" value=":"/>
    <property name="java.security.egd" value="file:///dev/urandom"/>
    <property name="os.version" value="3.10.0-957.12.2.el7.x86_64"/>
    <property name="java.endorsed.dirs" value="/usr/lib/jvm/java-1.8-openjdk/jre/lib/endorsed"/>
    <property name="java.runtime.name" value="OpenJDK Runtime Environment"/>
    <property name="file.encoding" value="UTF-8"/>
    <property name="java.vm.name" value="OpenJDK 64-Bit Server VM"/>
    <property name="test.build.webapps" value=""/>
    <property name="localRepository" value="/home/user/.m2/repository"/>
    <property name="java.vendor.url.bug" value="https://icedtea.classpath.org/bugzilla"/>
    <property name="java.io.tmpdir" value="/tmp"/>
    <property name="require.test.libhadoop" value=""/>
    <property name="java.version" value="1.8.0_212"/>
    <property name="user.dir" value="/workdir/hadoop-ozone/integration-test"/>
    <property name="os.arch" value="amd64"/>
    <property name="java.vm.specification.name" value="Java Virtual Machine Specification"/>
    <property name="test.build.classes" value="/workdir/hadoop-ozone/integration-test/target/test-classes"/>
    <property name="java.awt.printerjob" value="sun.print.PSPrinterJob"/>
    <property name="sun.os.patch.level" value="unknown"/>
    <property name="hadoop.tmp.dir" value="/workdir/hadoop-ozone/integration-test/target/tmp"/>
    <property name="java.library.path" value="/usr/lib/jvm/java-1.8-openjdk/jre/lib/amd64/server:/usr/lib/jvm/java-1.8-openjdk/jre/lib/amd64:/usr/lib/jvm/java-1.8-openjdk/jre/../lib/amd64:/workdir/hadoop-ozone/integration-test/target/native/target/usr/local/lib:/workdir/hadoop-ozone/integration-test/../../hadoop-common-project/hadoop-common/target/native/target/usr/local/lib:/usr/java/packages/lib/amd64:/usr/lib64:/lib64:/lib:/usr/lib"/>
    <property name="java.vm.info" value="mixed mode"/>
    <property name="java.vendor" value="IcedTea"/>
    <property name="java.vm.version" value="25.212-b04"/>
    <property name="java.ext.dirs" value="/usr/lib/jvm/java-1.8-openjdk/jre/lib/ext:/usr/java/packages/lib/ext"/>
    <property name="sun.io.unicode.encoding" value="UnicodeLittle"/>
    <property name="java.class.version" value="52.0"/>
  </properties>
  <testcase name="test2WayCommitForRetryfailure" classname="org.apache.hadoop.ozone.client.rpc.Test2WayCommitInRatis" time="32.613">
    <error message="org.apache.ratis.protocol.RaftRetryFailureException: Failed RaftClientRequest:client-F39668AF8E78-&gt;c13f9db6-dbd2-45bd-8caa-43586fad62aa@group-3C2EF1E94944, cid=14, seq=2*, RW, org.apache.hadoop.hdds.scm.XceiverClientRatis$$Lambda$365/1202790087@3be73c87 for 20 attempts with RetryLimited(maxAttempts=20, sleepTime=1000ms)" type="java.util.concurrent.ExecutionException">java.util.concurrent.ExecutionException: org.apache.ratis.protocol.RaftRetryFailureException: Failed RaftClientRequest:client-F39668AF8E78->c13f9db6-dbd2-45bd-8caa-43586fad62aa@group-3C2EF1E94944, cid=14, seq=2*, RW, org.apache.hadoop.hdds.scm.XceiverClientRatis$$Lambda$365/1202790087@3be73c87 for 20 attempts with RetryLimited(maxAttempts=20, sleepTime=1000ms)
	at java.util.concurrent.CompletableFuture.reportGet(CompletableFuture.java:357)
	at java.util.concurrent.CompletableFuture.get(CompletableFuture.java:1895)
	at org.apache.hadoop.ozone.client.rpc.Test2WayCommitInRatis.test2WayCommitForRetryfailure(Test2WayCommitInRatis.java:144)
	at sun.reflect.NativeMethodAccessorImpl.invoke0(Native Method)
	at sun.reflect.NativeMethodAccessorImpl.invoke(NativeMethodAccessorImpl.java:62)
	at sun.reflect.DelegatingMethodAccessorImpl.invoke(DelegatingMethodAccessorImpl.java:43)
	at java.lang.reflect.Method.invoke(Method.java:498)
	at org.junit.runners.model.FrameworkMethod$1.runReflectiveCall(FrameworkMethod.java:47)
	at org.junit.internal.runners.model.ReflectiveCallable.run(ReflectiveCallable.java:12)
	at org.junit.runners.model.FrameworkMethod.invokeExplosively(FrameworkMethod.java:44)
	at org.junit.internal.runners.statements.InvokeMethod.evaluate(InvokeMethod.java:17)
	at org.junit.runners.ParentRunner.runLeaf(ParentRunner.java:271)
	at org.junit.runners.BlockJUnit4ClassRunner.runChild(BlockJUnit4ClassRunner.java:70)
	at org.junit.runners.BlockJUnit4ClassRunner.runChild(BlockJUnit4ClassRunner.java:50)
	at org.junit.runners.ParentRunner$3.run(ParentRunner.java:238)
	at org.junit.runners.ParentRunner$1.schedule(ParentRunner.java:63)
	at org.junit.runners.ParentRunner.runChildren(ParentRunner.java:236)
	at org.junit.runners.ParentRunner.access$000(ParentRunner.java:53)
	at org.junit.runners.ParentRunner$2.evaluate(ParentRunner.java:229)
	at org.junit.runners.ParentRunner.run(ParentRunner.java:309)
	at org.apache.maven.surefire.junit4.JUnit4Provider.execute(JUnit4Provider.java:365)
	at org.apache.maven.surefire.junit4.JUnit4Provider.executeWithRerun(JUnit4Provider.java:273)
	at org.apache.maven.surefire.junit4.JUnit4Provider.executeTestSet(JUnit4Provider.java:238)
	at org.apache.maven.surefire.junit4.JUnit4Provider.invoke(JUnit4Provider.java:159)
	at org.apache.maven.surefire.booter.ForkedBooter.invokeProviderInSameClassLoader(ForkedBooter.java:384)
	at org.apache.maven.surefire.booter.ForkedBooter.runSuitesInProcess(ForkedBooter.java:345)
	at org.apache.maven.surefire.booter.ForkedBooter.execute(ForkedBooter.java:126)
	at org.apache.maven.surefire.booter.ForkedBooter.main(ForkedBooter.java:418)
Caused by: org.apache.ratis.protocol.RaftRetryFailureException: Failed RaftClientRequest:client-F39668AF8E78->c13f9db6-dbd2-45bd-8caa-43586fad62aa@group-3C2EF1E94944, cid=14, seq=2*, RW, org.apache.hadoop.hdds.scm.XceiverClientRatis$$Lambda$365/1202790087@3be73c87 for 20 attempts with RetryLimited(maxAttempts=20, sleepTime=1000ms)
	at org.apache.ratis.client.impl.RaftClientImpl.noMoreRetries(RaftClientImpl.java:271)
	at org.apache.ratis.client.impl.OrderedAsync.handleAsyncRetryFailure(OrderedAsync.java:138)
	at org.apache.ratis.client.impl.OrderedAsync.lambda$sendRequest$10(OrderedAsync.java:230)
	at java.util.concurrent.CompletableFuture.uniExceptionally(CompletableFuture.java:870)
	at java.util.concurrent.CompletableFuture.uniExceptionallyStage(CompletableFuture.java:884)
	at java.util.concurrent.CompletableFuture.exceptionally(CompletableFuture.java:2196)
	at org.apache.ratis.client.impl.OrderedAsync.sendRequest(OrderedAsync.java:221)
	at org.apache.ratis.client.impl.OrderedAsync.sendRequestWithRetry(OrderedAsync.java:169)
	at org.apache.ratis.util.SlidingWindow$Client.sendOrDelayRequest(SlidingWindow.java:278)
	at org.apache.ratis.util.SlidingWindow$Client.retry(SlidingWindow.java:294)
	at org.apache.ratis.client.impl.OrderedAsync.lambda$scheduleWithTimeout$7(OrderedAsync.java:195)
	at org.apache.ratis.util.TimeoutScheduler.lambda$onTimeout$0(TimeoutScheduler.java:113)
	at org.apache.ratis.util.TimeoutScheduler.lambda$onTimeout$1(TimeoutScheduler.java:133)
	at org.apache.ratis.util.LogUtils.runAndLog(LogUtils.java:50)
	at org.apache.ratis.util.LogUtils$1.run(LogUtils.java:91)
	at java.util.concurrent.Executors$RunnableAdapter.call(Executors.java:511)
	at java.util.concurrent.FutureTask.run(FutureTask.java:266)
	at java.util.concurrent.ScheduledThreadPoolExecutor$ScheduledFutureTask.access$201(ScheduledThreadPoolExecutor.java:180)
	at java.util.concurrent.ScheduledThreadPoolExecutor$ScheduledFutureTask.run(ScheduledThreadPoolExecutor.java:293)
	at java.util.concurrent.ThreadPoolExecutor.runWorker(ThreadPoolExecutor.java:1149)
	at java.util.concurrent.ThreadPoolExecutor$Worker.run(ThreadPoolExecutor.java:624)
	at java.lang.Thread.run(Thread.java:748)
Caused by: org.apache.ratis.protocol.AlreadyClosedException: client-F39668AF8E78->c13f9db6-dbd2-45bd-8caa-43586fad62aa is closed.
	at org.apache.ratis.grpc.client.GrpcClientProtocolClient$AsyncStreamObservers.onNext(GrpcClientProtocolClient.java:307)
	at org.apache.ratis.grpc.client.GrpcClientRpc.sendRequestAsync(GrpcClientRpc.java:68)
	at org.apache.ratis.client.impl.OrderedAsync.sendRequest(OrderedAsync.java:208)
	... 15 more
</error>
    <system-out><![CDATA[2019-10-04 02:36:05,810 [main] WARN  server.ServerUtils (ServerUtils.java:getScmDbDir(145)) - ozone.scm.db.dirs is not configured. We recommend adding this setting. Falling back to ozone.metadata.dirs instead.
2019-10-04 02:36:05,978 [main] WARN  server.ServerUtils (ServerUtils.java:getScmDbDir(145)) - ozone.scm.db.dirs is not configured. We recommend adding this setting. Falling back to ozone.metadata.dirs instead.
2019-10-04 02:36:05,981 [main] WARN  server.ServerUtils (ServerUtils.java:getScmDbDir(145)) - ozone.scm.db.dirs is not configured. We recommend adding this setting. Falling back to ozone.metadata.dirs instead.
2019-10-04 02:36:05,999 [main] INFO  util.log (Log.java:initialized(192)) - Logging initialized @969ms
2019-10-04 02:36:06,112 [main] INFO  db.DBStoreBuilder (DBStoreBuilder.java:addTable(110)) - using custom profile for table: deletedBlocks
2019-10-04 02:36:06,114 [main] INFO  db.DBStoreBuilder (DBStoreBuilder.java:processTables(161)) - Using default column profile:DBProfile.DISK for Table:deletedBlocks
2019-10-04 02:36:06,115 [main] INFO  db.DBStoreBuilder (DBStoreBuilder.java:addTable(110)) - using custom profile for table: validCerts
2019-10-04 02:36:06,115 [main] INFO  db.DBStoreBuilder (DBStoreBuilder.java:processTables(161)) - Using default column profile:DBProfile.DISK for Table:validCerts
2019-10-04 02:36:06,116 [main] INFO  db.DBStoreBuilder (DBStoreBuilder.java:addTable(110)) - using custom profile for table: revokedCerts
2019-10-04 02:36:06,116 [main] INFO  db.DBStoreBuilder (DBStoreBuilder.java:processTables(161)) - Using default column profile:DBProfile.DISK for Table:revokedCerts
2019-10-04 02:36:06,129 [main] INFO  db.DBStoreBuilder (DBStoreBuilder.java:addTable(110)) - using custom profile for table: default
2019-10-04 02:36:06,130 [main] INFO  db.DBStoreBuilder (DBStoreBuilder.java:processTables(167)) - Using default column profile:DBProfile.DISK for Table:default
2019-10-04 02:36:06,131 [main] INFO  db.DBStoreBuilder (DBStoreBuilder.java:getDbProfile(198)) - Using default options. DBProfile.DISK
2019-10-04 02:36:06,473 [main] INFO  net.NodeSchemaLoader (NodeSchemaLoader.java:loadSchemaFromFile(125)) - Loading file from sun.misc.CompoundEnumeration@77888435
2019-10-04 02:36:06,476 [main] INFO  net.NodeSchemaLoader (NodeSchemaLoader.java:loadSchema(171)) - Loading network topology layer schema file
2019-10-04 02:36:06,546 [main] WARN  server.ServerUtils (ServerUtils.java:sanitizeUserArgs(70)) - ozone.scm.stale.node.interval value = 300000 is larger than max = 100000 based on the key value of ozone.scm.heartbeat.thread.interval, reset to the max value 100000.
2019-10-04 02:36:06,548 [main] WARN  server.ServerUtils (ServerUtils.java:sanitizeUserArgs(70)) - ozone.scm.stale.node.interval value = 300000 is larger than max = 100000 based on the key value of ozone.scm.heartbeat.thread.interval, reset to the max value 100000.
2019-10-04 02:36:06,550 [main] INFO  node.SCMNodeManager (SCMNodeManager.java:<init>(114)) - Entering startup safe mode.
2019-10-04 02:36:06,622 [main] INFO  algorithms.ContainerPlacementPolicyFactory (ContainerPlacementPolicyFactory.java:getPolicy(57)) - Create container placement policy of type org.apache.hadoop.hdds.scm.container.placement.algorithms.SCMContainerPlacementRandom
2019-10-04 02:36:06,636 [main] WARN  server.ServerUtils (ServerUtils.java:getScmDbDir(145)) - ozone.scm.db.dirs is not configured. We recommend adding this setting. Falling back to ozone.metadata.dirs instead.
2019-10-04 02:36:06,740 [main] INFO  pipeline.SCMPipelineManager (SCMPipelineManager.java:initializePipelineState(132)) - No pipeline exists in current db
2019-10-04 02:36:06,743 [main] WARN  server.ServerUtils (ServerUtils.java:getScmDbDir(145)) - ozone.scm.db.dirs is not configured. We recommend adding this setting. Falling back to ozone.metadata.dirs instead.
2019-10-04 02:36:06,895 [main] WARN  events.EventQueue (EventQueue.java:fireEvent(183)) - No event handler registered for event TypedEvent{payloadType=SafeModeStatus, name='SafeModeStatus'}
2019-10-04 02:36:07,248 [main] INFO  ipc.CallQueueManager (CallQueueManager.java:<init>(84)) - Using callQueue: class java.util.concurrent.LinkedBlockingQueue, queueCapacity: 2000, scheduler: class org.apache.hadoop.ipc.DefaultRpcScheduler, ipcBackoff: false.
2019-10-04 02:36:07,284 [Socket Reader #1 for port 37238] INFO  ipc.Server (Server.java:run(1074)) - Starting Socket Reader #1 for port 37238
2019-10-04 02:36:07,425 [main] INFO  ipc.CallQueueManager (CallQueueManager.java:<init>(84)) - Using callQueue: class java.util.concurrent.LinkedBlockingQueue, queueCapacity: 2000, scheduler: class org.apache.hadoop.ipc.DefaultRpcScheduler, ipcBackoff: false.
2019-10-04 02:36:07,426 [Socket Reader #1 for port 42957] INFO  ipc.Server (Server.java:run(1074)) - Starting Socket Reader #1 for port 42957
2019-10-04 02:36:07,435 [main] INFO  ipc.CallQueueManager (CallQueueManager.java:<init>(84)) - Using callQueue: class java.util.concurrent.LinkedBlockingQueue, queueCapacity: 2000, scheduler: class org.apache.hadoop.ipc.DefaultRpcScheduler, ipcBackoff: false.
2019-10-04 02:36:07,436 [Socket Reader #1 for port 44728] INFO  ipc.Server (Server.java:run(1074)) - Starting Socket Reader #1 for port 44728
2019-10-04 02:36:07,459 [main] INFO  hdfs.DFSUtil (DFSUtil.java:httpServerTemplateForNNAndJN(1641)) - Starting Web-server for scm at: http://0.0.0.0:0
2019-10-04 02:36:07,622 [main] INFO  server.AuthenticationFilter (AuthenticationFilter.java:constructSecretProvider(240)) - Unable to initialize FileSignerSecretProvider, falling back to use random secrets.
2019-10-04 02:36:07,634 [main] WARN  http.HttpRequestLog (HttpRequestLog.java:getRequestLog(97)) - Jetty request log can only be enabled using Log4j
2019-10-04 02:36:07,648 [main] INFO  http.HttpServer2 (HttpServer2.java:addGlobalFilter(975)) - Added global filter 'safety' (class=org.apache.hadoop.http.HttpServer2$QuotingInputFilter)
2019-10-04 02:36:07,652 [main] INFO  http.HttpServer2 (HttpServer2.java:addFilter(948)) - Added filter static_user_filter (class=org.apache.hadoop.http.lib.StaticUserWebFilter$StaticUserFilter) to context scm
2019-10-04 02:36:07,653 [main] INFO  http.HttpServer2 (HttpServer2.java:addFilter(958)) - Added filter static_user_filter (class=org.apache.hadoop.http.lib.StaticUserWebFilter$StaticUserFilter) to context static
2019-10-04 02:36:07,653 [main] INFO  http.HttpServer2 (HttpServer2.java:addFilter(958)) - Added filter static_user_filter (class=org.apache.hadoop.http.lib.StaticUserWebFilter$StaticUserFilter) to context logs
2019-10-04 02:36:07,694 [main] INFO  server.StorageContainerManager (StorageContainerManager.java:start(770)) - StorageContainerLocationProtocol RPC server is listening at /0.0.0.0:44728
2019-10-04 02:36:07,771 [main] WARN  impl.MetricsConfig (MetricsConfig.java:loadFirst(134)) - Cannot locate configuration: tried hadoop-metrics2-storagecontainermanager.properties,hadoop-metrics2.properties
2019-10-04 02:36:07,787 [main] INFO  impl.MetricsSystemImpl (MetricsSystemImpl.java:startTimer(374)) - Scheduled Metric snapshot period at 10 second(s).
2019-10-04 02:36:07,787 [main] INFO  impl.MetricsSystemImpl (MetricsSystemImpl.java:start(191)) - StorageContainerManager metrics system started
2019-10-04 02:36:08,027 [main] INFO  server.SCMClientProtocolServer (SCMClientProtocolServer.java:start(159)) - RPC server for Client  is listening at /0.0.0.0:44728
2019-10-04 02:36:08,028 [IPC Server listener on 44728] INFO  ipc.Server (Server.java:run(1153)) - IPC Server listener on 44728: starting
2019-10-04 02:36:08,028 [IPC Server Responder] INFO  ipc.Server (Server.java:run(1314)) - IPC Server Responder: starting
2019-10-04 02:36:08,030 [main] INFO  server.StorageContainerManager (StorageContainerManager.java:start(780)) - ScmBlockLocationProtocol RPC server is listening at /0.0.0.0:42957
2019-10-04 02:36:08,031 [main] INFO  server.SCMBlockProtocolServer (SCMBlockProtocolServer.java:start(146)) - RPC server for Block Protocol is listening at /0.0.0.0:42957
2019-10-04 02:36:08,032 [IPC Server Responder] INFO  ipc.Server (Server.java:run(1314)) - IPC Server Responder: starting
2019-10-04 02:36:08,032 [IPC Server listener on 42957] INFO  ipc.Server (Server.java:run(1153)) - IPC Server listener on 42957: starting
2019-10-04 02:36:08,034 [main] INFO  server.StorageContainerManager (StorageContainerManager.java:start(784)) - ScmDatanodeProtocl RPC server is listening at /0.0.0.0:37238
2019-10-04 02:36:08,034 [main] INFO  server.SCMDatanodeProtocolServer (SCMDatanodeProtocolServer.java:start(169)) - RPC server for DataNodes is listening at /0.0.0.0:37238
2019-10-04 02:36:08,035 [IPC Server Responder] INFO  ipc.Server (Server.java:run(1314)) - IPC Server Responder: starting
2019-10-04 02:36:08,035 [IPC Server listener on 37238] INFO  ipc.Server (Server.java:run(1153)) - IPC Server listener on 37238: starting
2019-10-04 02:36:08,039 [main] INFO  http.HttpServer2 (HttpServer2.java:bindListener(1191)) - Jetty bound to port 46818
2019-10-04 02:36:08,041 [main] INFO  server.Server (Server.java:doStart(351)) - jetty-9.3.25.v20180904, build timestamp: 2018-09-04T21:11:46Z, git hash: 3ce520221d0240229c862b122d2b06c12a625732
2019-10-04 02:36:08,079 [main] INFO  handler.ContextHandler (ContextHandler.java:doStart(781)) - Started o.e.j.s.ServletContextHandler@4c550889{/logs,file:///workdir/hadoop-ozone/integration-test/target/log,AVAILABLE}
2019-10-04 02:36:08,080 [main] INFO  handler.ContextHandler (ContextHandler.java:doStart(781)) - Started o.e.j.s.ServletContextHandler@44040454{/static,file:///workdir/hadoop-ozone/integration-test/target/test-classes/webapps/static,AVAILABLE}
2019-10-04 02:36:08,115 [main] INFO  handler.ContextHandler (ContextHandler.java:doStart(781)) - Started o.e.j.w.WebAppContext@64f857e7{/,file:///workdir/hadoop-ozone/integration-test/target/test-classes/webapps/scm/,AVAILABLE}{/scm}
2019-10-04 02:36:08,121 [main] INFO  server.AbstractConnector (AbstractConnector.java:doStart(278)) - Started ServerConnector@617fe9e1{HTTP/1.1,[http/1.1]}{0.0.0.0:46818}
2019-10-04 02:36:08,121 [main] INFO  server.Server (Server.java:doStart(419)) - Started @3091ms
2019-10-04 02:36:08,123 [main] INFO  impl.MetricsSinkAdapter (MetricsSinkAdapter.java:start(204)) - Sink prometheus started
2019-10-04 02:36:08,123 [main] INFO  impl.MetricsSystemImpl (MetricsSystemImpl.java:registerSink(301)) - Registered sink prometheus
2019-10-04 02:36:08,125 [main] INFO  server.BaseHttpServer (BaseHttpServer.java:updateConnectorAddress(215)) - HTTP server of SCM is listening at http://0.0.0.0:46818
2019-10-04 02:36:08,134 [org.apache.hadoop.util.JvmPauseMonitor$Monitor@42257bdd] INFO  util.JvmPauseMonitor (JvmPauseMonitor.java:run(188)) - Starting JVM pause monitor
2019-10-04 02:36:08,140 [main] WARN  server.ServerUtils (ServerUtils.java:getDBPath(222)) - ozone.om.db.dirs is not configured. We recommend adding this setting. Falling back to ozone.metadata.dirs instead.
2019-10-04 02:36:08,256 [main] INFO  ha.OMHANodeDetails (OMHANodeDetails.java:loadOMHAConfig(190)) - Configuration either no ozone.om.address set. Falling back to the default OM address /127.0.0.1:0
2019-10-04 02:36:08,256 [main] INFO  ha.OMHANodeDetails (OMHANodeDetails.java:getOMNodeDetails(220)) - OM Service ID is not set. Setting it to the default ID: omServiceIdDefault
2019-10-04 02:36:08,258 [main] WARN  server.ServerUtils (ServerUtils.java:getDBPath(222)) - ozone.om.db.dirs is not configured. We recommend adding this setting. Falling back to ozone.metadata.dirs instead.
2019-10-04 02:36:08,259 [main] WARN  server.ServerUtils (ServerUtils.java:getDBPath(222)) - ozone.om.db.dirs is not configured. We recommend adding this setting. Falling back to ozone.metadata.dirs instead.
2019-10-04 02:36:09,019 [main] WARN  server.ServerUtils (ServerUtils.java:getDBPath(222)) - ozone.om.db.dirs is not configured. We recommend adding this setting. Falling back to ozone.metadata.dirs instead.
2019-10-04 02:36:09,028 [main] INFO  db.DBStoreBuilder (DBStoreBuilder.java:addTable(110)) - using custom profile for table: userTable
2019-10-04 02:36:09,029 [main] INFO  db.DBStoreBuilder (DBStoreBuilder.java:processTables(161)) - Using default column profile:DBProfile.DISK for Table:userTable
2019-10-04 02:36:09,029 [main] INFO  db.DBStoreBuilder (DBStoreBuilder.java:addTable(110)) - using custom profile for table: volumeTable
2019-10-04 02:36:09,029 [main] INFO  db.DBStoreBuilder (DBStoreBuilder.java:processTables(161)) - Using default column profile:DBProfile.DISK for Table:volumeTable
2019-10-04 02:36:09,030 [main] INFO  db.DBStoreBuilder (DBStoreBuilder.java:addTable(110)) - using custom profile for table: bucketTable
2019-10-04 02:36:09,030 [main] INFO  db.DBStoreBuilder (DBStoreBuilder.java:processTables(161)) - Using default column profile:DBProfile.DISK for Table:bucketTable
2019-10-04 02:36:09,030 [main] INFO  db.DBStoreBuilder (DBStoreBuilder.java:addTable(110)) - using custom profile for table: keyTable
2019-10-04 02:36:09,031 [main] INFO  db.DBStoreBuilder (DBStoreBuilder.java:processTables(161)) - Using default column profile:DBProfile.DISK for Table:keyTable
2019-10-04 02:36:09,031 [main] INFO  db.DBStoreBuilder (DBStoreBuilder.java:addTable(110)) - using custom profile for table: deletedTable
2019-10-04 02:36:09,031 [main] INFO  db.DBStoreBuilder (DBStoreBuilder.java:processTables(161)) - Using default column profile:DBProfile.DISK for Table:deletedTable
2019-10-04 02:36:09,032 [main] INFO  db.DBStoreBuilder (DBStoreBuilder.java:addTable(110)) - using custom profile for table: openKeyTable
2019-10-04 02:36:09,032 [main] INFO  db.DBStoreBuilder (DBStoreBuilder.java:processTables(161)) - Using default column profile:DBProfile.DISK for Table:openKeyTable
2019-10-04 02:36:09,032 [main] INFO  db.DBStoreBuilder (DBStoreBuilder.java:addTable(110)) - using custom profile for table: s3Table
2019-10-04 02:36:09,032 [main] INFO  db.DBStoreBuilder (DBStoreBuilder.java:processTables(161)) - Using default column profile:DBProfile.DISK for Table:s3Table
2019-10-04 02:36:09,033 [main] INFO  db.DBStoreBuilder (DBStoreBuilder.java:addTable(110)) - using custom profile for table: multipartInfoTable
2019-10-04 02:36:09,033 [main] INFO  db.DBStoreBuilder (DBStoreBuilder.java:processTables(161)) - Using default column profile:DBProfile.DISK for Table:multipartInfoTable
2019-10-04 02:36:09,033 [main] INFO  db.DBStoreBuilder (DBStoreBuilder.java:addTable(110)) - using custom profile for table: dTokenTable
2019-10-04 02:36:09,033 [main] INFO  db.DBStoreBuilder (DBStoreBuilder.java:processTables(161)) - Using default column profile:DBProfile.DISK for Table:dTokenTable
2019-10-04 02:36:09,034 [main] INFO  db.DBStoreBuilder (DBStoreBuilder.java:addTable(110)) - using custom profile for table: s3SecretTable
2019-10-04 02:36:09,034 [main] INFO  db.DBStoreBuilder (DBStoreBuilder.java:processTables(161)) - Using default column profile:DBProfile.DISK for Table:s3SecretTable
2019-10-04 02:36:09,034 [main] INFO  db.DBStoreBuilder (DBStoreBuilder.java:addTable(110)) - using custom profile for table: prefixTable
2019-10-04 02:36:09,035 [main] INFO  db.DBStoreBuilder (DBStoreBuilder.java:processTables(161)) - Using default column profile:DBProfile.DISK for Table:prefixTable
2019-10-04 02:36:09,035 [main] INFO  db.DBStoreBuilder (DBStoreBuilder.java:addTable(110)) - using custom profile for table: default
2019-10-04 02:36:09,035 [main] INFO  db.DBStoreBuilder (DBStoreBuilder.java:processTables(167)) - Using default column profile:DBProfile.DISK for Table:default
2019-10-04 02:36:09,035 [main] INFO  db.DBStoreBuilder (DBStoreBuilder.java:getDbProfile(198)) - Using default options. DBProfile.DISK
2019-10-04 02:36:09,684 [main] INFO  ipc.CallQueueManager (CallQueueManager.java:<init>(84)) - Using callQueue: class java.util.concurrent.LinkedBlockingQueue, queueCapacity: 2000, scheduler: class org.apache.hadoop.ipc.DefaultRpcScheduler, ipcBackoff: false.
2019-10-04 02:36:09,686 [Socket Reader #1 for port 36657] INFO  ipc.Server (Server.java:run(1074)) - Starting Socket Reader #1 for port 36657
2019-10-04 02:36:09,708 [main] INFO  om.OzoneManager (OzoneManager.java:start(1069)) - OzoneManager RPC server is listening at localhost/127.0.0.1:36657
2019-10-04 02:36:09,708 [main] INFO  impl.MetricsSystemImpl (MetricsSystemImpl.java:init(158)) - OzoneManager metrics system started (again)
2019-10-04 02:36:09,709 [IPC Server Responder] INFO  ipc.Server (Server.java:run(1314)) - IPC Server Responder: starting
2019-10-04 02:36:09,710 [IPC Server listener on 36657] INFO  ipc.Server (Server.java:run(1153)) - IPC Server listener on 36657: starting
2019-10-04 02:36:09,717 [main] INFO  hdfs.DFSUtil (DFSUtil.java:httpServerTemplateForNNAndJN(1641)) - Starting Web-server for ozoneManager at: http://0.0.0.0:0
2019-10-04 02:36:09,719 [main] INFO  server.AuthenticationFilter (AuthenticationFilter.java:constructSecretProvider(240)) - Unable to initialize FileSignerSecretProvider, falling back to use random secrets.
2019-10-04 02:36:09,720 [main] WARN  http.HttpRequestLog (HttpRequestLog.java:getRequestLog(97)) - Jetty request log can only be enabled using Log4j
2019-10-04 02:36:09,724 [main] INFO  http.HttpServer2 (HttpServer2.java:addGlobalFilter(975)) - Added global filter 'safety' (class=org.apache.hadoop.http.HttpServer2$QuotingInputFilter)
2019-10-04 02:36:09,725 [main] INFO  http.HttpServer2 (HttpServer2.java:addFilter(948)) - Added filter static_user_filter (class=org.apache.hadoop.http.lib.StaticUserWebFilter$StaticUserFilter) to context ozoneManager
2019-10-04 02:36:09,725 [main] INFO  http.HttpServer2 (HttpServer2.java:addFilter(958)) - Added filter static_user_filter (class=org.apache.hadoop.http.lib.StaticUserWebFilter$StaticUserFilter) to context static
2019-10-04 02:36:09,726 [main] INFO  http.HttpServer2 (HttpServer2.java:addFilter(958)) - Added filter static_user_filter (class=org.apache.hadoop.http.lib.StaticUserWebFilter$StaticUserFilter) to context logs
2019-10-04 02:36:09,729 [main] INFO  http.HttpServer2 (HttpServer2.java:bindListener(1191)) - Jetty bound to port 41742
2019-10-04 02:36:09,729 [main] INFO  server.Server (Server.java:doStart(351)) - jetty-9.3.25.v20180904, build timestamp: 2018-09-04T21:11:46Z, git hash: 3ce520221d0240229c862b122d2b06c12a625732
2019-10-04 02:36:09,732 [main] INFO  handler.ContextHandler (ContextHandler.java:doStart(781)) - Started o.e.j.s.ServletContextHandler@4c27d39d{/logs,file:///workdir/hadoop-ozone/integration-test/target/log,AVAILABLE}
2019-10-04 02:36:09,733 [main] INFO  handler.ContextHandler (ContextHandler.java:doStart(781)) - Started o.e.j.s.ServletContextHandler@7bde1f3a{/static,file:///workdir/hadoop-ozone/integration-test/target/test-classes/webapps/static,AVAILABLE}
2019-10-04 02:36:09,752 [main] INFO  handler.ContextHandler (ContextHandler.java:doStart(781)) - Started o.e.j.w.WebAppContext@3e48e859{/,file:///workdir/hadoop-ozone/integration-test/target/test-classes/webapps/ozoneManager/,AVAILABLE}{/ozoneManager}
2019-10-04 02:36:09,754 [main] INFO  server.AbstractConnector (AbstractConnector.java:doStart(278)) - Started ServerConnector@31ddd4a4{HTTP/1.1,[http/1.1]}{0.0.0.0:41742}
2019-10-04 02:36:09,755 [main] INFO  server.Server (Server.java:doStart(419)) - Started @4724ms
2019-10-04 02:36:09,755 [main] WARN  impl.MetricsSystemImpl (MetricsSystemImpl.java:register(276)) - Sink prometheus already exists!
2019-10-04 02:36:09,756 [main] INFO  server.BaseHttpServer (BaseHttpServer.java:updateConnectorAddress(215)) - HTTP server of OZONEMANAGER is listening at http://0.0.0.0:41742
2019-10-04 02:36:10,133 [main] INFO  impl.MetricsSystemImpl (MetricsSystemImpl.java:init(158)) - HddsDatanode metrics system started (again)
2019-10-04 02:36:10,201 [main] INFO  ozone.HddsDatanodeService (HddsDatanodeService.java:start(184)) - HddsDatanodeService host:pr-hdds-2181-xhd89-2114587330 ip:192.168.164.196
2019-10-04 02:36:10,236 [main] INFO  volume.HddsVolume (HddsVolume.java:<init>(176)) - Creating Volume: /workdir/hadoop-ozone/integration-test/target/test-dir/MiniOzoneClusterImpl-55dc459c-4f9d-491d-9aa1-7f15d9a1da2f/datanode-0/data/containers/hdds of  storage type : DISK and capacity : 1482555576320
2019-10-04 02:36:10,238 [main] INFO  volume.VolumeSet (VolumeSet.java:initializeVolumeSet(170)) - Added Volume : /workdir/hadoop-ozone/integration-test/target/test-dir/MiniOzoneClusterImpl-55dc459c-4f9d-491d-9aa1-7f15d9a1da2f/datanode-0/data/containers/hdds to VolumeSet
2019-10-04 02:36:10,242 [main] INFO  volume.ThrottledAsyncChecker (ThrottledAsyncChecker.java:schedule(139)) - Scheduling a check for org.apache.hadoop.ozone.container.common.volume.HddsVolume@5136207f
2019-10-04 02:36:10,261 [main] INFO  volume.HddsVolumeChecker (HddsVolumeChecker.java:checkAllVolumes(202)) - Scheduled health check for volume org.apache.hadoop.ozone.container.common.volume.HddsVolume@5136207f
2019-10-04 02:36:10,373 [main] INFO  impl.RaftServerProxy (ConfUtils.java:logGet(43)) - raft.rpc.type = GRPC (default)
2019-10-04 02:36:10,442 [main] INFO  grpc.GrpcFactory (GrpcFactory.java:checkPooledByteBufAllocatorUseCacheForAllThreads(45)) - PERFORMANCE WARNING: useCacheForAllThreads is true that may cause Netty to create a lot garbage objects and, as a result, trigger GC.
	It is recommended to disable useCacheForAllThreads by setting -Dorg.apache.ratis.thirdparty.io.netty.allocator.useCacheForAllThreads=false in command line.
2019-10-04 02:36:10,447 [main] INFO  grpc.GrpcConfigKeys$Server (ConfUtils.java:logGet(43)) - raft.grpc.server.port = 0 (default)
2019-10-04 02:36:10,448 [main] INFO  server.GrpcService (ConfUtils.java:logGet(43)) - raft.grpc.message.size.max = 33570816 (custom)
2019-10-04 02:36:10,449 [main] INFO  server.RaftServerConfigKeys (ConfUtils.java:logGet(43)) - raft.server.log.appender.buffer.byte-limit = 33554432 (custom)
2019-10-04 02:36:10,450 [main] INFO  server.GrpcService (ConfUtils.java:logGet(43)) - raft.grpc.flow.control.window = 1MB (=1048576) (default)
2019-10-04 02:36:10,451 [main] INFO  server.RaftServerConfigKeys (ConfUtils.java:logGet(43)) - raft.server.rpc.request.timeout = 3000ms (default)
2019-10-04 02:36:10,620 [main] INFO  server.RaftServerConfigKeys (ConfUtils.java:logGet(43)) - raft.server.storage.dir = [/workdir/hadoop-ozone/integration-test/target/test-dir/MiniOzoneClusterImpl-55dc459c-4f9d-491d-9aa1-7f15d9a1da2f/datanode-0/data/ratis] (custom)
2019-10-04 02:36:10,674 [main] INFO  hdfs.DFSUtil (DFSUtil.java:httpServerTemplateForNNAndJN(1641)) - Starting Web-server for hddsDatanode at: http://0.0.0.0:0
2019-10-04 02:36:10,678 [main] INFO  server.AuthenticationFilter (AuthenticationFilter.java:constructSecretProvider(240)) - Unable to initialize FileSignerSecretProvider, falling back to use random secrets.
2019-10-04 02:36:10,679 [main] WARN  http.HttpRequestLog (HttpRequestLog.java:getRequestLog(97)) - Jetty request log can only be enabled using Log4j
2019-10-04 02:36:10,682 [main] INFO  http.HttpServer2 (HttpServer2.java:addGlobalFilter(975)) - Added global filter 'safety' (class=org.apache.hadoop.http.HttpServer2$QuotingInputFilter)
2019-10-04 02:36:10,684 [main] INFO  http.HttpServer2 (HttpServer2.java:addFilter(948)) - Added filter static_user_filter (class=org.apache.hadoop.http.lib.StaticUserWebFilter$StaticUserFilter) to context hddsDatanode
2019-10-04 02:36:10,684 [main] INFO  http.HttpServer2 (HttpServer2.java:addFilter(958)) - Added filter static_user_filter (class=org.apache.hadoop.http.lib.StaticUserWebFilter$StaticUserFilter) to context logs
2019-10-04 02:36:10,684 [main] INFO  http.HttpServer2 (HttpServer2.java:addFilter(958)) - Added filter static_user_filter (class=org.apache.hadoop.http.lib.StaticUserWebFilter$StaticUserFilter) to context static
2019-10-04 02:36:10,687 [main] INFO  http.HttpServer2 (HttpServer2.java:bindListener(1191)) - Jetty bound to port 43420
2019-10-04 02:36:10,687 [main] INFO  server.Server (Server.java:doStart(351)) - jetty-9.3.25.v20180904, build timestamp: 2018-09-04T21:11:46Z, git hash: 3ce520221d0240229c862b122d2b06c12a625732
2019-10-04 02:36:10,692 [main] INFO  handler.ContextHandler (ContextHandler.java:doStart(781)) - Started o.e.j.s.ServletContextHandler@26dc9bd5{/logs,file:///workdir/hadoop-ozone/integration-test/target/log,AVAILABLE}
2019-10-04 02:36:10,693 [main] INFO  handler.ContextHandler (ContextHandler.java:doStart(781)) - Started o.e.j.s.ServletContextHandler@43045f9f{/static,jar:file:/home/user/.m2/repository/org/apache/hadoop/hadoop-hdds-container-service/0.5.0-SNAPSHOT/hadoop-hdds-container-service-0.5.0-SNAPSHOT.jar!/webapps/static,AVAILABLE}
2019-10-04 02:36:10,745 [main] INFO  handler.ContextHandler (ContextHandler.java:doStart(781)) - Started o.e.j.w.WebAppContext@2f5ac102{/,file:///tmp/jetty-0.0.0.0-43420-hddsDatanode-_-any-3832300683726035832.dir/webapp/,AVAILABLE}{/hddsDatanode}
2019-10-04 02:36:10,746 [main] INFO  server.AbstractConnector (AbstractConnector.java:doStart(278)) - Started ServerConnector@5df778c3{HTTP/1.1,[http/1.1]}{0.0.0.0:43420}
2019-10-04 02:36:10,747 [main] INFO  server.Server (Server.java:doStart(419)) - Started @5718ms
2019-10-04 02:36:10,747 [main] WARN  impl.MetricsSystemImpl (MetricsSystemImpl.java:register(276)) - Sink prometheus already exists!
2019-10-04 02:36:10,749 [main] INFO  server.BaseHttpServer (BaseHttpServer.java:updateConnectorAddress(215)) - HTTP server of HDDSDATANODE is listening at http://0.0.0.0:43420
2019-10-04 02:36:10,750 [main] INFO  impl.MetricsSystemImpl (MetricsSystemImpl.java:init(158)) - HddsDatanode metrics system started (again)
2019-10-04 02:36:10,754 [main] INFO  ozone.HddsDatanodeService (HddsDatanodeService.java:start(184)) - HddsDatanodeService host:pr-hdds-2181-xhd89-2114587330 ip:192.168.164.196
2019-10-04 02:36:10,756 [org.apache.hadoop.util.JvmPauseMonitor$Monitor@63d92ca5] INFO  util.JvmPauseMonitor (JvmPauseMonitor.java:run(188)) - Starting JVM pause monitor
2019-10-04 02:36:10,763 [main] INFO  volume.HddsVolume (HddsVolume.java:<init>(176)) - Creating Volume: /workdir/hadoop-ozone/integration-test/target/test-dir/MiniOzoneClusterImpl-55dc459c-4f9d-491d-9aa1-7f15d9a1da2f/datanode-1/data/containers/hdds of  storage type : DISK and capacity : 1482555576320
2019-10-04 02:36:10,764 [main] INFO  volume.VolumeSet (VolumeSet.java:initializeVolumeSet(170)) - Added Volume : /workdir/hadoop-ozone/integration-test/target/test-dir/MiniOzoneClusterImpl-55dc459c-4f9d-491d-9aa1-7f15d9a1da2f/datanode-1/data/containers/hdds to VolumeSet
2019-10-04 02:36:10,765 [main] INFO  volume.ThrottledAsyncChecker (ThrottledAsyncChecker.java:schedule(139)) - Scheduling a check for org.apache.hadoop.ozone.container.common.volume.HddsVolume@22a6e998
2019-10-04 02:36:10,765 [main] INFO  volume.HddsVolumeChecker (HddsVolumeChecker.java:checkAllVolumes(202)) - Scheduled health check for volume org.apache.hadoop.ozone.container.common.volume.HddsVolume@22a6e998
2019-10-04 02:36:10,782 [main] INFO  impl.RaftServerProxy (ConfUtils.java:logGet(43)) - raft.rpc.type = GRPC (default)
2019-10-04 02:36:10,782 [main] INFO  grpc.GrpcFactory (GrpcFactory.java:checkPooledByteBufAllocatorUseCacheForAllThreads(45)) - PERFORMANCE WARNING: useCacheForAllThreads is true that may cause Netty to create a lot garbage objects and, as a result, trigger GC.
	It is recommended to disable useCacheForAllThreads by setting -Dorg.apache.ratis.thirdparty.io.netty.allocator.useCacheForAllThreads=false in command line.
2019-10-04 02:36:10,782 [main] INFO  grpc.GrpcConfigKeys$Server (ConfUtils.java:logGet(43)) - raft.grpc.server.port = 0 (default)
2019-10-04 02:36:10,783 [main] INFO  server.GrpcService (ConfUtils.java:logGet(43)) - raft.grpc.message.size.max = 33570816 (custom)
2019-10-04 02:36:10,783 [main] INFO  server.RaftServerConfigKeys (ConfUtils.java:logGet(43)) - raft.server.log.appender.buffer.byte-limit = 33554432 (custom)
2019-10-04 02:36:10,783 [main] INFO  server.GrpcService (ConfUtils.java:logGet(43)) - raft.grpc.flow.control.window = 1MB (=1048576) (default)
2019-10-04 02:36:10,783 [main] INFO  server.RaftServerConfigKeys (ConfUtils.java:logGet(43)) - raft.server.rpc.request.timeout = 3000ms (default)
2019-10-04 02:36:10,784 [main] INFO  server.RaftServerConfigKeys (ConfUtils.java:logGet(43)) - raft.server.storage.dir = [/workdir/hadoop-ozone/integration-test/target/test-dir/MiniOzoneClusterImpl-55dc459c-4f9d-491d-9aa1-7f15d9a1da2f/datanode-1/data/ratis] (custom)
2019-10-04 02:36:10,786 [main] INFO  hdfs.DFSUtil (DFSUtil.java:httpServerTemplateForNNAndJN(1641)) - Starting Web-server for hddsDatanode at: http://0.0.0.0:0
2019-10-04 02:36:10,788 [main] INFO  server.AuthenticationFilter (AuthenticationFilter.java:constructSecretProvider(240)) - Unable to initialize FileSignerSecretProvider, falling back to use random secrets.
2019-10-04 02:36:10,788 [main] WARN  http.HttpRequestLog (HttpRequestLog.java:getRequestLog(97)) - Jetty request log can only be enabled using Log4j
2019-10-04 02:36:10,790 [main] INFO  http.HttpServer2 (HttpServer2.java:addGlobalFilter(975)) - Added global filter 'safety' (class=org.apache.hadoop.http.HttpServer2$QuotingInputFilter)
2019-10-04 02:36:10,791 [main] INFO  http.HttpServer2 (HttpServer2.java:addFilter(948)) - Added filter static_user_filter (class=org.apache.hadoop.http.lib.StaticUserWebFilter$StaticUserFilter) to context hddsDatanode
2019-10-04 02:36:10,791 [main] INFO  http.HttpServer2 (HttpServer2.java:addFilter(958)) - Added filter static_user_filter (class=org.apache.hadoop.http.lib.StaticUserWebFilter$StaticUserFilter) to context logs
2019-10-04 02:36:10,791 [main] INFO  http.HttpServer2 (HttpServer2.java:addFilter(958)) - Added filter static_user_filter (class=org.apache.hadoop.http.lib.StaticUserWebFilter$StaticUserFilter) to context static
2019-10-04 02:36:10,792 [main] INFO  http.HttpServer2 (HttpServer2.java:bindListener(1191)) - Jetty bound to port 41758
2019-10-04 02:36:10,792 [main] INFO  server.Server (Server.java:doStart(351)) - jetty-9.3.25.v20180904, build timestamp: 2018-09-04T21:11:46Z, git hash: 3ce520221d0240229c862b122d2b06c12a625732
2019-10-04 02:36:10,795 [main] INFO  handler.ContextHandler (ContextHandler.java:doStart(781)) - Started o.e.j.s.ServletContextHandler@5460b754{/logs,file:///workdir/hadoop-ozone/integration-test/target/log,AVAILABLE}
2019-10-04 02:36:10,796 [main] INFO  handler.ContextHandler (ContextHandler.java:doStart(781)) - Started o.e.j.s.ServletContextHandler@c27a3a2{/static,jar:file:/home/user/.m2/repository/org/apache/hadoop/hadoop-hdds-container-service/0.5.0-SNAPSHOT/hadoop-hdds-container-service-0.5.0-SNAPSHOT.jar!/webapps/static,AVAILABLE}
2019-10-04 02:36:10,827 [main] INFO  handler.ContextHandler (ContextHandler.java:doStart(781)) - Started o.e.j.w.WebAppContext@53e800f9{/,file:///tmp/jetty-0.0.0.0-41758-hddsDatanode-_-any-5301869702771164803.dir/webapp/,AVAILABLE}{/hddsDatanode}
2019-10-04 02:36:10,827 [main] INFO  server.AbstractConnector (AbstractConnector.java:doStart(278)) - Started ServerConnector@337bbfdf{HTTP/1.1,[http/1.1]}{0.0.0.0:41758}
2019-10-04 02:36:10,828 [main] INFO  server.Server (Server.java:doStart(419)) - Started @5799ms
2019-10-04 02:36:10,828 [main] WARN  impl.MetricsSystemImpl (MetricsSystemImpl.java:register(276)) - Sink prometheus already exists!
2019-10-04 02:36:10,830 [main] INFO  server.BaseHttpServer (BaseHttpServer.java:updateConnectorAddress(215)) - HTTP server of HDDSDATANODE is listening at http://0.0.0.0:41758
2019-10-04 02:36:10,830 [main] INFO  impl.MetricsSystemImpl (MetricsSystemImpl.java:init(158)) - HddsDatanode metrics system started (again)
2019-10-04 02:36:10,833 [main] INFO  ozone.HddsDatanodeService (HddsDatanodeService.java:start(184)) - HddsDatanodeService host:pr-hdds-2181-xhd89-2114587330 ip:192.168.164.196
2019-10-04 02:36:10,833 [org.apache.hadoop.util.JvmPauseMonitor$Monitor@2fedab1c] INFO  util.JvmPauseMonitor (JvmPauseMonitor.java:run(188)) - Starting JVM pause monitor
2019-10-04 02:36:10,841 [main] INFO  volume.HddsVolume (HddsVolume.java:<init>(176)) - Creating Volume: /workdir/hadoop-ozone/integration-test/target/test-dir/MiniOzoneClusterImpl-55dc459c-4f9d-491d-9aa1-7f15d9a1da2f/datanode-2/data/containers/hdds of  storage type : DISK and capacity : 1482555576320
2019-10-04 02:36:10,842 [main] INFO  volume.VolumeSet (VolumeSet.java:initializeVolumeSet(170)) - Added Volume : /workdir/hadoop-ozone/integration-test/target/test-dir/MiniOzoneClusterImpl-55dc459c-4f9d-491d-9aa1-7f15d9a1da2f/datanode-2/data/containers/hdds to VolumeSet
2019-10-04 02:36:10,842 [main] INFO  volume.ThrottledAsyncChecker (ThrottledAsyncChecker.java:schedule(139)) - Scheduling a check for org.apache.hadoop.ozone.container.common.volume.HddsVolume@7cbeac65
2019-10-04 02:36:10,842 [main] INFO  volume.HddsVolumeChecker (HddsVolumeChecker.java:checkAllVolumes(202)) - Scheduled health check for volume org.apache.hadoop.ozone.container.common.volume.HddsVolume@7cbeac65
2019-10-04 02:36:10,858 [main] INFO  impl.RaftServerProxy (ConfUtils.java:logGet(43)) - raft.rpc.type = GRPC (default)
2019-10-04 02:36:10,858 [main] INFO  grpc.GrpcFactory (GrpcFactory.java:checkPooledByteBufAllocatorUseCacheForAllThreads(45)) - PERFORMANCE WARNING: useCacheForAllThreads is true that may cause Netty to create a lot garbage objects and, as a result, trigger GC.
	It is recommended to disable useCacheForAllThreads by setting -Dorg.apache.ratis.thirdparty.io.netty.allocator.useCacheForAllThreads=false in command line.
2019-10-04 02:36:10,859 [main] INFO  grpc.GrpcConfigKeys$Server (ConfUtils.java:logGet(43)) - raft.grpc.server.port = 0 (default)
2019-10-04 02:36:10,859 [main] INFO  server.GrpcService (ConfUtils.java:logGet(43)) - raft.grpc.message.size.max = 33570816 (custom)
2019-10-04 02:36:10,859 [main] INFO  server.RaftServerConfigKeys (ConfUtils.java:logGet(43)) - raft.server.log.appender.buffer.byte-limit = 33554432 (custom)
2019-10-04 02:36:10,859 [main] INFO  server.GrpcService (ConfUtils.java:logGet(43)) - raft.grpc.flow.control.window = 1MB (=1048576) (default)
2019-10-04 02:36:10,860 [main] INFO  server.RaftServerConfigKeys (ConfUtils.java:logGet(43)) - raft.server.rpc.request.timeout = 3000ms (default)
2019-10-04 02:36:10,860 [main] INFO  server.RaftServerConfigKeys (ConfUtils.java:logGet(43)) - raft.server.storage.dir = [/workdir/hadoop-ozone/integration-test/target/test-dir/MiniOzoneClusterImpl-55dc459c-4f9d-491d-9aa1-7f15d9a1da2f/datanode-2/data/ratis] (custom)
2019-10-04 02:36:10,862 [main] INFO  hdfs.DFSUtil (DFSUtil.java:httpServerTemplateForNNAndJN(1641)) - Starting Web-server for hddsDatanode at: http://0.0.0.0:0
2019-10-04 02:36:10,864 [main] INFO  server.AuthenticationFilter (AuthenticationFilter.java:constructSecretProvider(240)) - Unable to initialize FileSignerSecretProvider, falling back to use random secrets.
2019-10-04 02:36:10,864 [main] WARN  http.HttpRequestLog (HttpRequestLog.java:getRequestLog(97)) - Jetty request log can only be enabled using Log4j
2019-10-04 02:36:10,866 [main] INFO  http.HttpServer2 (HttpServer2.java:addGlobalFilter(975)) - Added global filter 'safety' (class=org.apache.hadoop.http.HttpServer2$QuotingInputFilter)
2019-10-04 02:36:10,867 [main] INFO  http.HttpServer2 (HttpServer2.java:addFilter(948)) - Added filter static_user_filter (class=org.apache.hadoop.http.lib.StaticUserWebFilter$StaticUserFilter) to context hddsDatanode
2019-10-04 02:36:10,867 [main] INFO  http.HttpServer2 (HttpServer2.java:addFilter(958)) - Added filter static_user_filter (class=org.apache.hadoop.http.lib.StaticUserWebFilter$StaticUserFilter) to context static
2019-10-04 02:36:10,867 [main] INFO  http.HttpServer2 (HttpServer2.java:addFilter(958)) - Added filter static_user_filter (class=org.apache.hadoop.http.lib.StaticUserWebFilter$StaticUserFilter) to context logs
2019-10-04 02:36:10,868 [main] INFO  http.HttpServer2 (HttpServer2.java:bindListener(1191)) - Jetty bound to port 37302
2019-10-04 02:36:10,868 [main] INFO  server.Server (Server.java:doStart(351)) - jetty-9.3.25.v20180904, build timestamp: 2018-09-04T21:11:46Z, git hash: 3ce520221d0240229c862b122d2b06c12a625732
2019-10-04 02:36:10,871 [main] INFO  handler.ContextHandler (ContextHandler.java:doStart(781)) - Started o.e.j.s.ServletContextHandler@36681447{/logs,file:///workdir/hadoop-ozone/integration-test/target/log,AVAILABLE}
2019-10-04 02:36:10,872 [main] INFO  handler.ContextHandler (ContextHandler.java:doStart(781)) - Started o.e.j.s.ServletContextHandler@726aa968{/static,jar:file:/home/user/.m2/repository/org/apache/hadoop/hadoop-hdds-container-service/0.5.0-SNAPSHOT/hadoop-hdds-container-service-0.5.0-SNAPSHOT.jar!/webapps/static,AVAILABLE}
2019-10-04 02:36:10,875 [Datanode State Machine Thread - 0] INFO  datanode.InitDatanodeState (InitDatanodeState.java:persistContainerDatanodeDetails(140)) - DatanodeDetails is persisted to /workdir/hadoop-ozone/integration-test/target/test-dir/MiniOzoneClusterImpl-55dc459c-4f9d-491d-9aa1-7f15d9a1da2f/datanode-0/meta/datanode.id
2019-10-04 02:36:10,879 [Datanode State Machine Thread - 0] INFO  datanode.InitDatanodeState (InitDatanodeState.java:persistContainerDatanodeDetails(140)) - DatanodeDetails is persisted to /workdir/hadoop-ozone/integration-test/target/test-dir/MiniOzoneClusterImpl-55dc459c-4f9d-491d-9aa1-7f15d9a1da2f/datanode-1/meta/datanode.id
2019-10-04 02:36:10,903 [main] INFO  handler.ContextHandler (ContextHandler.java:doStart(781)) - Started o.e.j.w.WebAppContext@7e642b88{/,file:///tmp/jetty-0.0.0.0-37302-hddsDatanode-_-any-6919794833787739269.dir/webapp/,AVAILABLE}{/hddsDatanode}
2019-10-04 02:36:10,903 [main] INFO  server.AbstractConnector (AbstractConnector.java:doStart(278)) - Started ServerConnector@6b350309{HTTP/1.1,[http/1.1]}{0.0.0.0:37302}
2019-10-04 02:36:10,904 [main] INFO  server.Server (Server.java:doStart(419)) - Started @5874ms
2019-10-04 02:36:10,905 [main] WARN  impl.MetricsSystemImpl (MetricsSystemImpl.java:register(276)) - Sink prometheus already exists!
2019-10-04 02:36:10,905 [main] INFO  server.BaseHttpServer (BaseHttpServer.java:updateConnectorAddress(215)) - HTTP server of HDDSDATANODE is listening at http://0.0.0.0:37302
2019-10-04 02:36:10,906 [main] INFO  impl.MetricsSystemImpl (MetricsSystemImpl.java:init(158)) - HddsDatanode metrics system started (again)
2019-10-04 02:36:10,909 [main] INFO  ozone.HddsDatanodeService (HddsDatanodeService.java:start(184)) - HddsDatanodeService host:pr-hdds-2181-xhd89-2114587330 ip:192.168.164.196
2019-10-04 02:36:10,909 [org.apache.hadoop.util.JvmPauseMonitor$Monitor@1e2b9486] INFO  util.JvmPauseMonitor (JvmPauseMonitor.java:run(188)) - Starting JVM pause monitor
2019-10-04 02:36:10,912 [Datanode State Machine Thread - 0] INFO  datanode.InitDatanodeState (InitDatanodeState.java:persistContainerDatanodeDetails(140)) - DatanodeDetails is persisted to /workdir/hadoop-ozone/integration-test/target/test-dir/MiniOzoneClusterImpl-55dc459c-4f9d-491d-9aa1-7f15d9a1da2f/datanode-2/meta/datanode.id
2019-10-04 02:36:10,916 [main] INFO  volume.HddsVolume (HddsVolume.java:<init>(176)) - Creating Volume: /workdir/hadoop-ozone/integration-test/target/test-dir/MiniOzoneClusterImpl-55dc459c-4f9d-491d-9aa1-7f15d9a1da2f/datanode-3/data/containers/hdds of  storage type : DISK and capacity : 1482555576320
2019-10-04 02:36:10,917 [main] INFO  volume.VolumeSet (VolumeSet.java:initializeVolumeSet(170)) - Added Volume : /workdir/hadoop-ozone/integration-test/target/test-dir/MiniOzoneClusterImpl-55dc459c-4f9d-491d-9aa1-7f15d9a1da2f/datanode-3/data/containers/hdds to VolumeSet
2019-10-04 02:36:10,917 [main] INFO  volume.ThrottledAsyncChecker (ThrottledAsyncChecker.java:schedule(139)) - Scheduling a check for org.apache.hadoop.ozone.container.common.volume.HddsVolume@bc042d5
2019-10-04 02:36:10,918 [main] INFO  volume.HddsVolumeChecker (HddsVolumeChecker.java:checkAllVolumes(202)) - Scheduled health check for volume org.apache.hadoop.ozone.container.common.volume.HddsVolume@bc042d5
2019-10-04 02:36:10,939 [main] INFO  impl.RaftServerProxy (ConfUtils.java:logGet(43)) - raft.rpc.type = GRPC (default)
2019-10-04 02:36:10,939 [main] INFO  grpc.GrpcFactory (GrpcFactory.java:checkPooledByteBufAllocatorUseCacheForAllThreads(45)) - PERFORMANCE WARNING: useCacheForAllThreads is true that may cause Netty to create a lot garbage objects and, as a result, trigger GC.
	It is recommended to disable useCacheForAllThreads by setting -Dorg.apache.ratis.thirdparty.io.netty.allocator.useCacheForAllThreads=false in command line.
2019-10-04 02:36:10,940 [main] INFO  grpc.GrpcConfigKeys$Server (ConfUtils.java:logGet(43)) - raft.grpc.server.port = 0 (default)
2019-10-04 02:36:10,940 [main] INFO  server.GrpcService (ConfUtils.java:logGet(43)) - raft.grpc.message.size.max = 33570816 (custom)
2019-10-04 02:36:10,940 [main] INFO  server.RaftServerConfigKeys (ConfUtils.java:logGet(43)) - raft.server.log.appender.buffer.byte-limit = 33554432 (custom)
2019-10-04 02:36:10,941 [main] INFO  server.GrpcService (ConfUtils.java:logGet(43)) - raft.grpc.flow.control.window = 1MB (=1048576) (default)
2019-10-04 02:36:10,941 [main] INFO  server.RaftServerConfigKeys (ConfUtils.java:logGet(43)) - raft.server.rpc.request.timeout = 3000ms (default)
2019-10-04 02:36:10,942 [main] INFO  server.RaftServerConfigKeys (ConfUtils.java:logGet(43)) - raft.server.storage.dir = [/workdir/hadoop-ozone/integration-test/target/test-dir/MiniOzoneClusterImpl-55dc459c-4f9d-491d-9aa1-7f15d9a1da2f/datanode-3/data/ratis] (custom)
2019-10-04 02:36:10,944 [main] INFO  hdfs.DFSUtil (DFSUtil.java:httpServerTemplateForNNAndJN(1641)) - Starting Web-server for hddsDatanode at: http://0.0.0.0:0
2019-10-04 02:36:10,946 [main] INFO  server.AuthenticationFilter (AuthenticationFilter.java:constructSecretProvider(240)) - Unable to initialize FileSignerSecretProvider, falling back to use random secrets.
2019-10-04 02:36:10,946 [main] WARN  http.HttpRequestLog (HttpRequestLog.java:getRequestLog(97)) - Jetty request log can only be enabled using Log4j
2019-10-04 02:36:10,948 [main] INFO  http.HttpServer2 (HttpServer2.java:addGlobalFilter(975)) - Added global filter 'safety' (class=org.apache.hadoop.http.HttpServer2$QuotingInputFilter)
2019-10-04 02:36:10,948 [main] INFO  http.HttpServer2 (HttpServer2.java:addFilter(948)) - Added filter static_user_filter (class=org.apache.hadoop.http.lib.StaticUserWebFilter$StaticUserFilter) to context hddsDatanode
2019-10-04 02:36:10,948 [main] INFO  http.HttpServer2 (HttpServer2.java:addFilter(958)) - Added filter static_user_filter (class=org.apache.hadoop.http.lib.StaticUserWebFilter$StaticUserFilter) to context logs
2019-10-04 02:36:10,949 [main] INFO  http.HttpServer2 (HttpServer2.java:addFilter(958)) - Added filter static_user_filter (class=org.apache.hadoop.http.lib.StaticUserWebFilter$StaticUserFilter) to context static
2019-10-04 02:36:10,949 [main] INFO  http.HttpServer2 (HttpServer2.java:bindListener(1191)) - Jetty bound to port 43224
2019-10-04 02:36:10,950 [main] INFO  server.Server (Server.java:doStart(351)) - jetty-9.3.25.v20180904, build timestamp: 2018-09-04T21:11:46Z, git hash: 3ce520221d0240229c862b122d2b06c12a625732
2019-10-04 02:36:10,953 [main] INFO  handler.ContextHandler (ContextHandler.java:doStart(781)) - Started o.e.j.s.ServletContextHandler@5e7c141d{/logs,file:///workdir/hadoop-ozone/integration-test/target/log,AVAILABLE}
2019-10-04 02:36:10,954 [main] INFO  handler.ContextHandler (ContextHandler.java:doStart(781)) - Started o.e.j.s.ServletContextHandler@1305c126{/static,jar:file:/home/user/.m2/repository/org/apache/hadoop/hadoop-hdds-container-service/0.5.0-SNAPSHOT/hadoop-hdds-container-service-0.5.0-SNAPSHOT.jar!/webapps/static,AVAILABLE}
2019-10-04 02:36:10,984 [main] INFO  handler.ContextHandler (ContextHandler.java:doStart(781)) - Started o.e.j.w.WebAppContext@518bfd90{/,file:///tmp/jetty-0.0.0.0-43224-hddsDatanode-_-any-3583723457774528632.dir/webapp/,AVAILABLE}{/hddsDatanode}
2019-10-04 02:36:10,985 [main] INFO  server.AbstractConnector (AbstractConnector.java:doStart(278)) - Started ServerConnector@317a118b{HTTP/1.1,[http/1.1]}{0.0.0.0:43224}
2019-10-04 02:36:10,986 [main] INFO  server.Server (Server.java:doStart(419)) - Started @5956ms
2019-10-04 02:36:10,987 [main] WARN  impl.MetricsSystemImpl (MetricsSystemImpl.java:register(276)) - Sink prometheus already exists!
2019-10-04 02:36:10,987 [main] INFO  server.BaseHttpServer (BaseHttpServer.java:updateConnectorAddress(215)) - HTTP server of HDDSDATANODE is listening at http://0.0.0.0:43224
2019-10-04 02:36:10,988 [main] INFO  impl.MetricsSystemImpl (MetricsSystemImpl.java:init(158)) - HddsDatanode metrics system started (again)
2019-10-04 02:36:10,990 [main] INFO  ozone.HddsDatanodeService (HddsDatanodeService.java:start(184)) - HddsDatanodeService host:pr-hdds-2181-xhd89-2114587330 ip:192.168.164.196
2019-10-04 02:36:10,991 [org.apache.hadoop.util.JvmPauseMonitor$Monitor@47e44ed5] INFO  util.JvmPauseMonitor (JvmPauseMonitor.java:run(188)) - Starting JVM pause monitor
2019-10-04 02:36:10,994 [Datanode State Machine Thread - 0] INFO  datanode.InitDatanodeState (InitDatanodeState.java:persistContainerDatanodeDetails(140)) - DatanodeDetails is persisted to /workdir/hadoop-ozone/integration-test/target/test-dir/MiniOzoneClusterImpl-55dc459c-4f9d-491d-9aa1-7f15d9a1da2f/datanode-3/meta/datanode.id
2019-10-04 02:36:11,000 [main] INFO  volume.HddsVolume (HddsVolume.java:<init>(176)) - Creating Volume: /workdir/hadoop-ozone/integration-test/target/test-dir/MiniOzoneClusterImpl-55dc459c-4f9d-491d-9aa1-7f15d9a1da2f/datanode-4/data/containers/hdds of  storage type : DISK and capacity : 1482555576320
2019-10-04 02:36:11,000 [main] INFO  volume.VolumeSet (VolumeSet.java:initializeVolumeSet(170)) - Added Volume : /workdir/hadoop-ozone/integration-test/target/test-dir/MiniOzoneClusterImpl-55dc459c-4f9d-491d-9aa1-7f15d9a1da2f/datanode-4/data/containers/hdds to VolumeSet
2019-10-04 02:36:11,000 [main] INFO  volume.ThrottledAsyncChecker (ThrottledAsyncChecker.java:schedule(139)) - Scheduling a check for org.apache.hadoop.ozone.container.common.volume.HddsVolume@d5d5353
2019-10-04 02:36:11,001 [main] INFO  volume.HddsVolumeChecker (HddsVolumeChecker.java:checkAllVolumes(202)) - Scheduled health check for volume org.apache.hadoop.ozone.container.common.volume.HddsVolume@d5d5353
2019-10-04 02:36:11,014 [main] INFO  impl.RaftServerProxy (ConfUtils.java:logGet(43)) - raft.rpc.type = GRPC (default)
2019-10-04 02:36:11,014 [main] INFO  grpc.GrpcFactory (GrpcFactory.java:checkPooledByteBufAllocatorUseCacheForAllThreads(45)) - PERFORMANCE WARNING: useCacheForAllThreads is true that may cause Netty to create a lot garbage objects and, as a result, trigger GC.
	It is recommended to disable useCacheForAllThreads by setting -Dorg.apache.ratis.thirdparty.io.netty.allocator.useCacheForAllThreads=false in command line.
2019-10-04 02:36:11,014 [main] INFO  grpc.GrpcConfigKeys$Server (ConfUtils.java:logGet(43)) - raft.grpc.server.port = 0 (default)
2019-10-04 02:36:11,015 [main] INFO  server.GrpcService (ConfUtils.java:logGet(43)) - raft.grpc.message.size.max = 33570816 (custom)
2019-10-04 02:36:11,015 [main] INFO  server.RaftServerConfigKeys (ConfUtils.java:logGet(43)) - raft.server.log.appender.buffer.byte-limit = 33554432 (custom)
2019-10-04 02:36:11,015 [main] INFO  server.GrpcService (ConfUtils.java:logGet(43)) - raft.grpc.flow.control.window = 1MB (=1048576) (default)
2019-10-04 02:36:11,015 [main] INFO  server.RaftServerConfigKeys (ConfUtils.java:logGet(43)) - raft.server.rpc.request.timeout = 3000ms (default)
2019-10-04 02:36:11,017 [main] INFO  server.RaftServerConfigKeys (ConfUtils.java:logGet(43)) - raft.server.storage.dir = [/workdir/hadoop-ozone/integration-test/target/test-dir/MiniOzoneClusterImpl-55dc459c-4f9d-491d-9aa1-7f15d9a1da2f/datanode-4/data/ratis] (custom)
2019-10-04 02:36:11,019 [main] INFO  hdfs.DFSUtil (DFSUtil.java:httpServerTemplateForNNAndJN(1641)) - Starting Web-server for hddsDatanode at: http://0.0.0.0:0
2019-10-04 02:36:11,020 [main] INFO  server.AuthenticationFilter (AuthenticationFilter.java:constructSecretProvider(240)) - Unable to initialize FileSignerSecretProvider, falling back to use random secrets.
2019-10-04 02:36:11,021 [main] WARN  http.HttpRequestLog (HttpRequestLog.java:getRequestLog(97)) - Jetty request log can only be enabled using Log4j
2019-10-04 02:36:11,022 [main] INFO  http.HttpServer2 (HttpServer2.java:addGlobalFilter(975)) - Added global filter 'safety' (class=org.apache.hadoop.http.HttpServer2$QuotingInputFilter)
2019-10-04 02:36:11,023 [main] INFO  http.HttpServer2 (HttpServer2.java:addFilter(948)) - Added filter static_user_filter (class=org.apache.hadoop.http.lib.StaticUserWebFilter$StaticUserFilter) to context hddsDatanode
2019-10-04 02:36:11,023 [main] INFO  http.HttpServer2 (HttpServer2.java:addFilter(958)) - Added filter static_user_filter (class=org.apache.hadoop.http.lib.StaticUserWebFilter$StaticUserFilter) to context logs
2019-10-04 02:36:11,023 [main] INFO  http.HttpServer2 (HttpServer2.java:addFilter(958)) - Added filter static_user_filter (class=org.apache.hadoop.http.lib.StaticUserWebFilter$StaticUserFilter) to context static
2019-10-04 02:36:11,024 [main] INFO  http.HttpServer2 (HttpServer2.java:bindListener(1191)) - Jetty bound to port 41774
2019-10-04 02:36:11,024 [main] INFO  server.Server (Server.java:doStart(351)) - jetty-9.3.25.v20180904, build timestamp: 2018-09-04T21:11:46Z, git hash: 3ce520221d0240229c862b122d2b06c12a625732
2019-10-04 02:36:11,026 [main] INFO  handler.ContextHandler (ContextHandler.java:doStart(781)) - Started o.e.j.s.ServletContextHandler@2cae9b8{/logs,file:///workdir/hadoop-ozone/integration-test/target/log,AVAILABLE}
2019-10-04 02:36:11,026 [main] INFO  handler.ContextHandler (ContextHandler.java:doStart(781)) - Started o.e.j.s.ServletContextHandler@6f94fb9d{/static,jar:file:/home/user/.m2/repository/org/apache/hadoop/hadoop-hdds-container-service/0.5.0-SNAPSHOT/hadoop-hdds-container-service-0.5.0-SNAPSHOT.jar!/webapps/static,AVAILABLE}
2019-10-04 02:36:11,070 [main] INFO  handler.ContextHandler (ContextHandler.java:doStart(781)) - Started o.e.j.w.WebAppContext@7b306b9f{/,file:///tmp/jetty-0.0.0.0-41774-hddsDatanode-_-any-4335767690889148113.dir/webapp/,AVAILABLE}{/hddsDatanode}
2019-10-04 02:36:11,071 [main] INFO  server.AbstractConnector (AbstractConnector.java:doStart(278)) - Started ServerConnector@142213d5{HTTP/1.1,[http/1.1]}{0.0.0.0:41774}
2019-10-04 02:36:11,071 [main] INFO  server.Server (Server.java:doStart(419)) - Started @6042ms
2019-10-04 02:36:11,072 [main] WARN  impl.MetricsSystemImpl (MetricsSystemImpl.java:register(276)) - Sink prometheus already exists!
2019-10-04 02:36:11,072 [main] INFO  server.BaseHttpServer (BaseHttpServer.java:updateConnectorAddress(215)) - HTTP server of HDDSDATANODE is listening at http://0.0.0.0:41774
2019-10-04 02:36:11,073 [main] INFO  impl.MetricsSystemImpl (MetricsSystemImpl.java:init(158)) - HddsDatanode metrics system started (again)
2019-10-04 02:36:11,077 [main] INFO  ozone.HddsDatanodeService (HddsDatanodeService.java:start(184)) - HddsDatanodeService host:pr-hdds-2181-xhd89-2114587330 ip:192.168.164.196
2019-10-04 02:36:11,077 [org.apache.hadoop.util.JvmPauseMonitor$Monitor@2fbdc75b] INFO  util.JvmPauseMonitor (JvmPauseMonitor.java:run(188)) - Starting JVM pause monitor
2019-10-04 02:36:11,081 [Datanode State Machine Thread - 0] INFO  datanode.InitDatanodeState (InitDatanodeState.java:persistContainerDatanodeDetails(140)) - DatanodeDetails is persisted to /workdir/hadoop-ozone/integration-test/target/test-dir/MiniOzoneClusterImpl-55dc459c-4f9d-491d-9aa1-7f15d9a1da2f/datanode-4/meta/datanode.id
2019-10-04 02:36:11,085 [main] INFO  volume.HddsVolume (HddsVolume.java:<init>(176)) - Creating Volume: /workdir/hadoop-ozone/integration-test/target/test-dir/MiniOzoneClusterImpl-55dc459c-4f9d-491d-9aa1-7f15d9a1da2f/datanode-5/data/containers/hdds of  storage type : DISK and capacity : 1482555576320
2019-10-04 02:36:11,086 [main] INFO  volume.VolumeSet (VolumeSet.java:initializeVolumeSet(170)) - Added Volume : /workdir/hadoop-ozone/integration-test/target/test-dir/MiniOzoneClusterImpl-55dc459c-4f9d-491d-9aa1-7f15d9a1da2f/datanode-5/data/containers/hdds to VolumeSet
2019-10-04 02:36:11,086 [main] INFO  volume.ThrottledAsyncChecker (ThrottledAsyncChecker.java:schedule(139)) - Scheduling a check for org.apache.hadoop.ozone.container.common.volume.HddsVolume@6e4f263e
2019-10-04 02:36:11,090 [main] INFO  volume.HddsVolumeChecker (HddsVolumeChecker.java:checkAllVolumes(202)) - Scheduled health check for volume org.apache.hadoop.ozone.container.common.volume.HddsVolume@6e4f263e
2019-10-04 02:36:11,114 [main] INFO  impl.RaftServerProxy (ConfUtils.java:logGet(43)) - raft.rpc.type = GRPC (default)
2019-10-04 02:36:11,114 [main] INFO  grpc.GrpcFactory (GrpcFactory.java:checkPooledByteBufAllocatorUseCacheForAllThreads(45)) - PERFORMANCE WARNING: useCacheForAllThreads is true that may cause Netty to create a lot garbage objects and, as a result, trigger GC.
	It is recommended to disable useCacheForAllThreads by setting -Dorg.apache.ratis.thirdparty.io.netty.allocator.useCacheForAllThreads=false in command line.
2019-10-04 02:36:11,114 [main] INFO  grpc.GrpcConfigKeys$Server (ConfUtils.java:logGet(43)) - raft.grpc.server.port = 0 (default)
2019-10-04 02:36:11,115 [main] INFO  server.GrpcService (ConfUtils.java:logGet(43)) - raft.grpc.message.size.max = 33570816 (custom)
2019-10-04 02:36:11,115 [main] INFO  server.RaftServerConfigKeys (ConfUtils.java:logGet(43)) - raft.server.log.appender.buffer.byte-limit = 33554432 (custom)
2019-10-04 02:36:11,115 [main] INFO  server.GrpcService (ConfUtils.java:logGet(43)) - raft.grpc.flow.control.window = 1MB (=1048576) (default)
2019-10-04 02:36:11,116 [main] INFO  server.RaftServerConfigKeys (ConfUtils.java:logGet(43)) - raft.server.rpc.request.timeout = 3000ms (default)
2019-10-04 02:36:11,117 [main] INFO  server.RaftServerConfigKeys (ConfUtils.java:logGet(43)) - raft.server.storage.dir = [/workdir/hadoop-ozone/integration-test/target/test-dir/MiniOzoneClusterImpl-55dc459c-4f9d-491d-9aa1-7f15d9a1da2f/datanode-5/data/ratis] (custom)
2019-10-04 02:36:11,119 [main] INFO  hdfs.DFSUtil (DFSUtil.java:httpServerTemplateForNNAndJN(1641)) - Starting Web-server for hddsDatanode at: http://0.0.0.0:0
2019-10-04 02:36:11,121 [main] INFO  server.AuthenticationFilter (AuthenticationFilter.java:constructSecretProvider(240)) - Unable to initialize FileSignerSecretProvider, falling back to use random secrets.
2019-10-04 02:36:11,122 [main] WARN  http.HttpRequestLog (HttpRequestLog.java:getRequestLog(97)) - Jetty request log can only be enabled using Log4j
2019-10-04 02:36:11,124 [main] INFO  http.HttpServer2 (HttpServer2.java:addGlobalFilter(975)) - Added global filter 'safety' (class=org.apache.hadoop.http.HttpServer2$QuotingInputFilter)
2019-10-04 02:36:11,125 [main] INFO  http.HttpServer2 (HttpServer2.java:addFilter(948)) - Added filter static_user_filter (class=org.apache.hadoop.http.lib.StaticUserWebFilter$StaticUserFilter) to context hddsDatanode
2019-10-04 02:36:11,125 [main] INFO  http.HttpServer2 (HttpServer2.java:addFilter(958)) - Added filter static_user_filter (class=org.apache.hadoop.http.lib.StaticUserWebFilter$StaticUserFilter) to context logs
2019-10-04 02:36:11,125 [main] INFO  http.HttpServer2 (HttpServer2.java:addFilter(958)) - Added filter static_user_filter (class=org.apache.hadoop.http.lib.StaticUserWebFilter$StaticUserFilter) to context static
2019-10-04 02:36:11,126 [main] INFO  http.HttpServer2 (HttpServer2.java:bindListener(1191)) - Jetty bound to port 38188
2019-10-04 02:36:11,126 [main] INFO  server.Server (Server.java:doStart(351)) - jetty-9.3.25.v20180904, build timestamp: 2018-09-04T21:11:46Z, git hash: 3ce520221d0240229c862b122d2b06c12a625732
2019-10-04 02:36:11,129 [main] INFO  handler.ContextHandler (ContextHandler.java:doStart(781)) - Started o.e.j.s.ServletContextHandler@7e53339{/logs,file:///workdir/hadoop-ozone/integration-test/target/log,AVAILABLE}
2019-10-04 02:36:11,130 [main] INFO  handler.ContextHandler (ContextHandler.java:doStart(781)) - Started o.e.j.s.ServletContextHandler@31ddb930{/static,jar:file:/home/user/.m2/repository/org/apache/hadoop/hadoop-hdds-container-service/0.5.0-SNAPSHOT/hadoop-hdds-container-service-0.5.0-SNAPSHOT.jar!/webapps/static,AVAILABLE}
2019-10-04 02:36:11,162 [main] INFO  handler.ContextHandler (ContextHandler.java:doStart(781)) - Started o.e.j.w.WebAppContext@2bc378f7{/,file:///tmp/jetty-0.0.0.0-38188-hddsDatanode-_-any-2807850171097908047.dir/webapp/,AVAILABLE}{/hddsDatanode}
2019-10-04 02:36:11,163 [main] INFO  server.AbstractConnector (AbstractConnector.java:doStart(278)) - Started ServerConnector@268cbb86{HTTP/1.1,[http/1.1]}{0.0.0.0:38188}
2019-10-04 02:36:11,163 [main] INFO  server.Server (Server.java:doStart(419)) - Started @6134ms
2019-10-04 02:36:11,164 [main] WARN  impl.MetricsSystemImpl (MetricsSystemImpl.java:register(276)) - Sink prometheus already exists!
2019-10-04 02:36:11,164 [main] INFO  server.BaseHttpServer (BaseHttpServer.java:updateConnectorAddress(215)) - HTTP server of HDDSDATANODE is listening at http://0.0.0.0:38188
2019-10-04 02:36:11,165 [main] INFO  impl.MetricsSystemImpl (MetricsSystemImpl.java:init(158)) - HddsDatanode metrics system started (again)
2019-10-04 02:36:11,169 [main] INFO  ozone.HddsDatanodeService (HddsDatanodeService.java:start(184)) - HddsDatanodeService host:pr-hdds-2181-xhd89-2114587330 ip:192.168.164.196
2019-10-04 02:36:11,169 [org.apache.hadoop.util.JvmPauseMonitor$Monitor@1c9f5e3c] INFO  util.JvmPauseMonitor (JvmPauseMonitor.java:run(188)) - Starting JVM pause monitor
2019-10-04 02:36:11,173 [Datanode State Machine Thread - 0] INFO  datanode.InitDatanodeState (InitDatanodeState.java:persistContainerDatanodeDetails(140)) - DatanodeDetails is persisted to /workdir/hadoop-ozone/integration-test/target/test-dir/MiniOzoneClusterImpl-55dc459c-4f9d-491d-9aa1-7f15d9a1da2f/datanode-5/meta/datanode.id
2019-10-04 02:36:11,177 [main] INFO  volume.HddsVolume (HddsVolume.java:<init>(176)) - Creating Volume: /workdir/hadoop-ozone/integration-test/target/test-dir/MiniOzoneClusterImpl-55dc459c-4f9d-491d-9aa1-7f15d9a1da2f/datanode-6/data/containers/hdds of  storage type : DISK and capacity : 1482555576320
2019-10-04 02:36:11,177 [main] INFO  volume.VolumeSet (VolumeSet.java:initializeVolumeSet(170)) - Added Volume : /workdir/hadoop-ozone/integration-test/target/test-dir/MiniOzoneClusterImpl-55dc459c-4f9d-491d-9aa1-7f15d9a1da2f/datanode-6/data/containers/hdds to VolumeSet
2019-10-04 02:36:11,178 [main] INFO  volume.ThrottledAsyncChecker (ThrottledAsyncChecker.java:schedule(139)) - Scheduling a check for org.apache.hadoop.ozone.container.common.volume.HddsVolume@7afc4db9
2019-10-04 02:36:11,178 [main] INFO  volume.HddsVolumeChecker (HddsVolumeChecker.java:checkAllVolumes(202)) - Scheduled health check for volume org.apache.hadoop.ozone.container.common.volume.HddsVolume@7afc4db9
2019-10-04 02:36:11,196 [main] INFO  impl.RaftServerProxy (ConfUtils.java:logGet(43)) - raft.rpc.type = GRPC (default)
2019-10-04 02:36:11,197 [main] INFO  grpc.GrpcFactory (GrpcFactory.java:checkPooledByteBufAllocatorUseCacheForAllThreads(45)) - PERFORMANCE WARNING: useCacheForAllThreads is true that may cause Netty to create a lot garbage objects and, as a result, trigger GC.
	It is recommended to disable useCacheForAllThreads by setting -Dorg.apache.ratis.thirdparty.io.netty.allocator.useCacheForAllThreads=false in command line.
2019-10-04 02:36:11,197 [main] INFO  grpc.GrpcConfigKeys$Server (ConfUtils.java:logGet(43)) - raft.grpc.server.port = 0 (default)
2019-10-04 02:36:11,197 [main] INFO  server.GrpcService (ConfUtils.java:logGet(43)) - raft.grpc.message.size.max = 33570816 (custom)
2019-10-04 02:36:11,198 [main] INFO  server.RaftServerConfigKeys (ConfUtils.java:logGet(43)) - raft.server.log.appender.buffer.byte-limit = 33554432 (custom)
2019-10-04 02:36:11,198 [main] INFO  server.GrpcService (ConfUtils.java:logGet(43)) - raft.grpc.flow.control.window = 1MB (=1048576) (default)
2019-10-04 02:36:11,198 [main] INFO  server.RaftServerConfigKeys (ConfUtils.java:logGet(43)) - raft.server.rpc.request.timeout = 3000ms (default)
2019-10-04 02:36:11,199 [main] INFO  server.RaftServerConfigKeys (ConfUtils.java:logGet(43)) - raft.server.storage.dir = [/workdir/hadoop-ozone/integration-test/target/test-dir/MiniOzoneClusterImpl-55dc459c-4f9d-491d-9aa1-7f15d9a1da2f/datanode-6/data/ratis] (custom)
2019-10-04 02:36:11,200 [main] INFO  hdfs.DFSUtil (DFSUtil.java:httpServerTemplateForNNAndJN(1641)) - Starting Web-server for hddsDatanode at: http://0.0.0.0:0
2019-10-04 02:36:11,202 [main] INFO  server.AuthenticationFilter (AuthenticationFilter.java:constructSecretProvider(240)) - Unable to initialize FileSignerSecretProvider, falling back to use random secrets.
2019-10-04 02:36:11,202 [main] WARN  http.HttpRequestLog (HttpRequestLog.java:getRequestLog(97)) - Jetty request log can only be enabled using Log4j
2019-10-04 02:36:11,204 [main] INFO  http.HttpServer2 (HttpServer2.java:addGlobalFilter(975)) - Added global filter 'safety' (class=org.apache.hadoop.http.HttpServer2$QuotingInputFilter)
2019-10-04 02:36:11,205 [main] INFO  http.HttpServer2 (HttpServer2.java:addFilter(948)) - Added filter static_user_filter (class=org.apache.hadoop.http.lib.StaticUserWebFilter$StaticUserFilter) to context hddsDatanode
2019-10-04 02:36:11,205 [main] INFO  http.HttpServer2 (HttpServer2.java:addFilter(958)) - Added filter static_user_filter (class=org.apache.hadoop.http.lib.StaticUserWebFilter$StaticUserFilter) to context logs
2019-10-04 02:36:11,205 [main] INFO  http.HttpServer2 (HttpServer2.java:addFilter(958)) - Added filter static_user_filter (class=org.apache.hadoop.http.lib.StaticUserWebFilter$StaticUserFilter) to context static
2019-10-04 02:36:11,206 [main] INFO  http.HttpServer2 (HttpServer2.java:bindListener(1191)) - Jetty bound to port 33042
2019-10-04 02:36:11,206 [main] INFO  server.Server (Server.java:doStart(351)) - jetty-9.3.25.v20180904, build timestamp: 2018-09-04T21:11:46Z, git hash: 3ce520221d0240229c862b122d2b06c12a625732
2019-10-04 02:36:11,209 [main] INFO  handler.ContextHandler (ContextHandler.java:doStart(781)) - Started o.e.j.s.ServletContextHandler@1ab5f08a{/logs,file:///workdir/hadoop-ozone/integration-test/target/log,AVAILABLE}
2019-10-04 02:36:11,209 [main] INFO  handler.ContextHandler (ContextHandler.java:doStart(781)) - Started o.e.j.s.ServletContextHandler@79a04e5f{/static,jar:file:/home/user/.m2/repository/org/apache/hadoop/hadoop-hdds-container-service/0.5.0-SNAPSHOT/hadoop-hdds-container-service-0.5.0-SNAPSHOT.jar!/webapps/static,AVAILABLE}
2019-10-04 02:36:11,240 [main] INFO  handler.ContextHandler (ContextHandler.java:doStart(781)) - Started o.e.j.w.WebAppContext@5a08efdc{/,file:///tmp/jetty-0.0.0.0-33042-hddsDatanode-_-any-7770314394905290948.dir/webapp/,AVAILABLE}{/hddsDatanode}
2019-10-04 02:36:11,240 [main] INFO  server.AbstractConnector (AbstractConnector.java:doStart(278)) - Started ServerConnector@57272109{HTTP/1.1,[http/1.1]}{0.0.0.0:33042}
2019-10-04 02:36:11,241 [main] INFO  server.Server (Server.java:doStart(419)) - Started @6211ms
2019-10-04 02:36:11,241 [main] WARN  impl.MetricsSystemImpl (MetricsSystemImpl.java:register(276)) - Sink prometheus already exists!
2019-10-04 02:36:11,242 [main] INFO  server.BaseHttpServer (BaseHttpServer.java:updateConnectorAddress(215)) - HTTP server of HDDSDATANODE is listening at http://0.0.0.0:33042
2019-10-04 02:36:11,245 [org.apache.hadoop.util.JvmPauseMonitor$Monitor@5d59c16c] INFO  util.JvmPauseMonitor (JvmPauseMonitor.java:run(188)) - Starting JVM pause monitor
2019-10-04 02:36:11,245 [main] INFO  ozone.MiniOzoneClusterImpl (MiniOzoneClusterImpl.java:lambda$waitForClusterToBeReady$0(147)) - Waiting for cluster to be ready. Got 0 of 7 DN Heartbeats.
2019-10-04 02:36:11,247 [Datanode State Machine Thread - 0] INFO  datanode.InitDatanodeState (InitDatanodeState.java:persistContainerDatanodeDetails(140)) - DatanodeDetails is persisted to /workdir/hadoop-ozone/integration-test/target/test-dir/MiniOzoneClusterImpl-55dc459c-4f9d-491d-9aa1-7f15d9a1da2f/datanode-6/meta/datanode.id
2019-10-04 02:36:12,246 [main] INFO  ozone.MiniOzoneClusterImpl (MiniOzoneClusterImpl.java:lambda$waitForClusterToBeReady$0(147)) - Waiting for cluster to be ready. Got 0 of 7 DN Heartbeats.
2019-10-04 02:36:12,901 [Datanode State Machine Thread - 0] INFO  ozoneimpl.OzoneContainer (OzoneContainer.java:start(217)) - Attempting to start container services.
2019-10-04 02:36:12,901 [Datanode State Machine Thread - 0] INFO  ozoneimpl.OzoneContainer (OzoneContainer.java:start(217)) - Attempting to start container services.
2019-10-04 02:36:12,905 [Datanode State Machine Thread - 0] INFO  ozoneimpl.OzoneContainer (OzoneContainer.java:startContainerScrub(179)) - Background container scanner has been disabled.
2019-10-04 02:36:12,905 [Datanode State Machine Thread - 0] INFO  ozoneimpl.OzoneContainer (OzoneContainer.java:startContainerScrub(179)) - Background container scanner has been disabled.
2019-10-04 02:36:12,905 [Datanode State Machine Thread - 0] INFO  ratis.XceiverServerRatis (XceiverServerRatis.java:start(417)) - Starting XceiverServerRatis 942988af-fa3d-4753-9e3b-dae2bed50966 at port 0
2019-10-04 02:36:12,906 [Datanode State Machine Thread - 0] INFO  ratis.XceiverServerRatis (XceiverServerRatis.java:start(417)) - Starting XceiverServerRatis 6557d500-20a6-4d13-b391-ea93ffff5fb1 at port 0
2019-10-04 02:36:12,927 [Datanode State Machine Thread - 0] INFO  ozoneimpl.OzoneContainer (OzoneContainer.java:start(217)) - Attempting to start container services.
2019-10-04 02:36:12,940 [Datanode State Machine Thread - 0] INFO  ozoneimpl.OzoneContainer (OzoneContainer.java:startContainerScrub(179)) - Background container scanner has been disabled.
2019-10-04 02:36:12,940 [Datanode State Machine Thread - 0] INFO  ratis.XceiverServerRatis (XceiverServerRatis.java:start(417)) - Starting XceiverServerRatis c13f9db6-dbd2-45bd-8caa-43586fad62aa at port 0
2019-10-04 02:36:12,957 [Datanode State Machine Thread - 0] INFO  impl.RaftServerProxy (RaftServerProxy.java:lambda$start$3(299)) - c13f9db6-dbd2-45bd-8caa-43586fad62aa: start RPC server
2019-10-04 02:36:12,957 [Datanode State Machine Thread - 0] INFO  impl.RaftServerProxy (RaftServerProxy.java:lambda$start$3(299)) - 6557d500-20a6-4d13-b391-ea93ffff5fb1: start RPC server
2019-10-04 02:36:12,957 [Datanode State Machine Thread - 0] INFO  impl.RaftServerProxy (RaftServerProxy.java:lambda$start$3(299)) - 942988af-fa3d-4753-9e3b-dae2bed50966: start RPC server
2019-10-04 02:36:13,009 [Datanode State Machine Thread - 0] INFO  ozoneimpl.OzoneContainer (OzoneContainer.java:start(217)) - Attempting to start container services.
2019-10-04 02:36:13,009 [Datanode State Machine Thread - 0] INFO  ozoneimpl.OzoneContainer (OzoneContainer.java:startContainerScrub(179)) - Background container scanner has been disabled.
2019-10-04 02:36:13,009 [Datanode State Machine Thread - 0] INFO  ratis.XceiverServerRatis (XceiverServerRatis.java:start(417)) - Starting XceiverServerRatis 17757683-1fb4-4950-8121-37d40baca579 at port 0
2019-10-04 02:36:13,019 [Datanode State Machine Thread - 0] INFO  impl.RaftServerProxy (RaftServerProxy.java:lambda$start$3(299)) - 17757683-1fb4-4950-8121-37d40baca579: start RPC server
2019-10-04 02:36:13,092 [Datanode State Machine Thread - 0] INFO  ozoneimpl.OzoneContainer (OzoneContainer.java:start(217)) - Attempting to start container services.
2019-10-04 02:36:13,092 [Datanode State Machine Thread - 0] INFO  ozoneimpl.OzoneContainer (OzoneContainer.java:startContainerScrub(179)) - Background container scanner has been disabled.
2019-10-04 02:36:13,092 [Datanode State Machine Thread - 0] INFO  ratis.XceiverServerRatis (XceiverServerRatis.java:start(417)) - Starting XceiverServerRatis 5635463c-e05f-4687-a088-7f1b01f803bd at port 0
2019-10-04 02:36:13,110 [Datanode State Machine Thread - 0] INFO  impl.RaftServerProxy (RaftServerProxy.java:lambda$start$3(299)) - 5635463c-e05f-4687-a088-7f1b01f803bd: start RPC server
2019-10-04 02:36:13,118 [Datanode State Machine Thread - 0] INFO  server.GrpcService (GrpcService.java:startImpl(158)) - 5635463c-e05f-4687-a088-7f1b01f803bd: GrpcService started, listening on 0.0.0.0/0.0.0.0:37448
2019-10-04 02:36:13,118 [Datanode State Machine Thread - 0] INFO  server.GrpcService (GrpcService.java:startImpl(158)) - 942988af-fa3d-4753-9e3b-dae2bed50966: GrpcService started, listening on 0.0.0.0/0.0.0.0:38957
2019-10-04 02:36:13,118 [Datanode State Machine Thread - 0] INFO  server.GrpcService (GrpcService.java:startImpl(158)) - 6557d500-20a6-4d13-b391-ea93ffff5fb1: GrpcService started, listening on 0.0.0.0/0.0.0.0:45999
2019-10-04 02:36:13,118 [Datanode State Machine Thread - 0] INFO  server.GrpcService (GrpcService.java:startImpl(158)) - 17757683-1fb4-4950-8121-37d40baca579: GrpcService started, listening on 0.0.0.0/0.0.0.0:37423
2019-10-04 02:36:13,118 [Datanode State Machine Thread - 0] INFO  server.GrpcService (GrpcService.java:startImpl(158)) - c13f9db6-dbd2-45bd-8caa-43586fad62aa: GrpcService started, listening on 0.0.0.0/0.0.0.0:41062
2019-10-04 02:36:13,120 [Datanode State Machine Thread - 0] INFO  ratis.XceiverServerRatis (XceiverServerRatis.java:start(427)) - XceiverServerRatis 17757683-1fb4-4950-8121-37d40baca579 is started using port 37423
2019-10-04 02:36:13,120 [Datanode State Machine Thread - 0] INFO  ratis.XceiverServerRatis (XceiverServerRatis.java:start(427)) - XceiverServerRatis 6557d500-20a6-4d13-b391-ea93ffff5fb1 is started using port 45999
2019-10-04 02:36:13,119 [Datanode State Machine Thread - 0] INFO  ratis.XceiverServerRatis (XceiverServerRatis.java:start(427)) - XceiverServerRatis 942988af-fa3d-4753-9e3b-dae2bed50966 is started using port 38957
2019-10-04 02:36:13,119 [Datanode State Machine Thread - 0] INFO  ratis.XceiverServerRatis (XceiverServerRatis.java:start(427)) - XceiverServerRatis 5635463c-e05f-4687-a088-7f1b01f803bd is started using port 37448
2019-10-04 02:36:13,120 [Datanode State Machine Thread - 0] INFO  ratis.XceiverServerRatis (XceiverServerRatis.java:start(427)) - XceiverServerRatis c13f9db6-dbd2-45bd-8caa-43586fad62aa is started using port 41062
2019-10-04 02:36:13,133 [Datanode State Machine Thread - 0] INFO  server.XceiverServerGrpc (XceiverServerGrpc.java:start(149)) - XceiverServerGrpc 5635463c-e05f-4687-a088-7f1b01f803bd is started using port 34116
2019-10-04 02:36:13,134 [Datanode State Machine Thread - 0] INFO  server.XceiverServerGrpc (XceiverServerGrpc.java:start(149)) - XceiverServerGrpc 17757683-1fb4-4950-8121-37d40baca579 is started using port 35926
2019-10-04 02:36:13,134 [Datanode State Machine Thread - 0] INFO  server.XceiverServerGrpc (XceiverServerGrpc.java:start(149)) - XceiverServerGrpc 6557d500-20a6-4d13-b391-ea93ffff5fb1 is started using port 40124
2019-10-04 02:36:13,133 [Datanode State Machine Thread - 0] INFO  server.XceiverServerGrpc (XceiverServerGrpc.java:start(149)) - XceiverServerGrpc c13f9db6-dbd2-45bd-8caa-43586fad62aa is started using port 36618
2019-10-04 02:36:13,134 [Datanode State Machine Thread - 0] INFO  server.XceiverServerGrpc (XceiverServerGrpc.java:start(149)) - XceiverServerGrpc 942988af-fa3d-4753-9e3b-dae2bed50966 is started using port 35778
2019-10-04 02:36:13,195 [Datanode State Machine Thread - 0] INFO  ozoneimpl.OzoneContainer (OzoneContainer.java:start(217)) - Attempting to start container services.
2019-10-04 02:36:13,195 [Datanode State Machine Thread - 0] INFO  ozoneimpl.OzoneContainer (OzoneContainer.java:startContainerScrub(179)) - Background container scanner has been disabled.
2019-10-04 02:36:13,195 [Datanode State Machine Thread - 0] INFO  ratis.XceiverServerRatis (XceiverServerRatis.java:start(417)) - Starting XceiverServerRatis a636c584-b1ba-41d4-9455-83e8d3b98ab2 at port 0
2019-10-04 02:36:13,203 [Datanode State Machine Thread - 0] INFO  impl.RaftServerProxy (RaftServerProxy.java:lambda$start$3(299)) - a636c584-b1ba-41d4-9455-83e8d3b98ab2: start RPC server
2019-10-04 02:36:13,207 [Datanode State Machine Thread - 0] INFO  server.GrpcService (GrpcService.java:startImpl(158)) - a636c584-b1ba-41d4-9455-83e8d3b98ab2: GrpcService started, listening on 0.0.0.0/0.0.0.0:40690
2019-10-04 02:36:13,207 [Datanode State Machine Thread - 0] INFO  ratis.XceiverServerRatis (XceiverServerRatis.java:start(427)) - XceiverServerRatis a636c584-b1ba-41d4-9455-83e8d3b98ab2 is started using port 40690
2019-10-04 02:36:13,211 [Datanode State Machine Thread - 0] INFO  server.XceiverServerGrpc (XceiverServerGrpc.java:start(149)) - XceiverServerGrpc a636c584-b1ba-41d4-9455-83e8d3b98ab2 is started using port 34516
2019-10-04 02:36:13,247 [main] INFO  ozone.MiniOzoneClusterImpl (MiniOzoneClusterImpl.java:lambda$waitForClusterToBeReady$0(147)) - Waiting for cluster to be ready. Got 0 of 7 DN Heartbeats.
2019-10-04 02:36:13,261 [Datanode State Machine Thread - 0] INFO  ozoneimpl.OzoneContainer (OzoneContainer.java:start(217)) - Attempting to start container services.
2019-10-04 02:36:13,262 [Datanode State Machine Thread - 0] INFO  ozoneimpl.OzoneContainer (OzoneContainer.java:startContainerScrub(179)) - Background container scanner has been disabled.
2019-10-04 02:36:13,262 [Datanode State Machine Thread - 0] INFO  ratis.XceiverServerRatis (XceiverServerRatis.java:start(417)) - Starting XceiverServerRatis a648b77d-ebbe-442f-b9f5-71c97c023339 at port 0
2019-10-04 02:36:13,272 [Datanode State Machine Thread - 0] INFO  impl.RaftServerProxy (RaftServerProxy.java:lambda$start$3(299)) - a648b77d-ebbe-442f-b9f5-71c97c023339: start RPC server
2019-10-04 02:36:13,276 [Datanode State Machine Thread - 0] INFO  server.GrpcService (GrpcService.java:startImpl(158)) - a648b77d-ebbe-442f-b9f5-71c97c023339: GrpcService started, listening on 0.0.0.0/0.0.0.0:33812
2019-10-04 02:36:13,277 [Datanode State Machine Thread - 0] INFO  ratis.XceiverServerRatis (XceiverServerRatis.java:start(427)) - XceiverServerRatis a648b77d-ebbe-442f-b9f5-71c97c023339 is started using port 33812
2019-10-04 02:36:13,280 [Datanode State Machine Thread - 0] INFO  server.XceiverServerGrpc (XceiverServerGrpc.java:start(149)) - XceiverServerGrpc a648b77d-ebbe-442f-b9f5-71c97c023339 is started using port 44622
2019-10-04 02:36:14,248 [main] INFO  ozone.MiniOzoneClusterImpl (MiniOzoneClusterImpl.java:lambda$waitForClusterToBeReady$0(147)) - Waiting for cluster to be ready. Got 0 of 7 DN Heartbeats.
2019-10-04 02:36:14,802 [IPC Server handler 3 on 37238] INFO  net.NetworkTopology (NetworkTopologyImpl.java:add(111)) - Added a new node: /default-rack/6557d500-20a6-4d13-b391-ea93ffff5fb1
2019-10-04 02:36:14,802 [IPC Server handler 3 on 37238] INFO  node.SCMNodeManager (SCMNodeManager.java:register(266)) - Registered Data node : 6557d500-20a6-4d13-b391-ea93ffff5fb1{ip: 192.168.164.196, host: pr-hdds-2181-xhd89-2114587330, networkLocation: /default-rack, certSerialId: null}
2019-10-04 02:36:14,807 [EventQueue-NodeRegistrationContainerReportForDataNodeSafeModeRule] INFO  safemode.SCMSafeModeManager (DataNodeSafeModeRule.java:process(71)) - SCM in safe mode. 1 DataNodes registered, 1 required.
2019-10-04 02:36:14,807 [EventQueue-NodeRegistrationContainerReportForDataNodeSafeModeRule] INFO  safemode.SCMSafeModeManager (SCMSafeModeManager.java:validateSafeModeExitRules(177)) - ScmSafeModeManager, all rules are successfully validated
2019-10-04 02:36:14,807 [EventQueue-NodeRegistrationContainerReportForDataNodeSafeModeRule] INFO  safemode.SCMSafeModeManager (SCMSafeModeManager.java:exitSafeMode(193)) - SCM exiting safe mode.
2019-10-04 02:36:14,837 [IPC Server handler 4 on 37238] INFO  net.NetworkTopology (NetworkTopologyImpl.java:add(111)) - Added a new node: /default-rack/942988af-fa3d-4753-9e3b-dae2bed50966
2019-10-04 02:36:14,837 [IPC Server handler 4 on 37238] INFO  node.SCMNodeManager (SCMNodeManager.java:register(266)) - Registered Data node : 942988af-fa3d-4753-9e3b-dae2bed50966{ip: 192.168.164.196, host: pr-hdds-2181-xhd89-2114587330, networkLocation: /default-rack, certSerialId: null}
2019-10-04 02:36:14,913 [IPC Server handler 5 on 37238] INFO  net.NetworkTopology (NetworkTopologyImpl.java:add(111)) - Added a new node: /default-rack/c13f9db6-dbd2-45bd-8caa-43586fad62aa
2019-10-04 02:36:14,913 [IPC Server handler 5 on 37238] INFO  node.SCMNodeManager (SCMNodeManager.java:register(266)) - Registered Data node : c13f9db6-dbd2-45bd-8caa-43586fad62aa{ip: 192.168.164.196, host: pr-hdds-2181-xhd89-2114587330, networkLocation: /default-rack, certSerialId: null}
2019-10-04 02:36:14,995 [IPC Server handler 6 on 37238] INFO  net.NetworkTopology (NetworkTopologyImpl.java:add(111)) - Added a new node: /default-rack/17757683-1fb4-4950-8121-37d40baca579
2019-10-04 02:36:14,995 [IPC Server handler 6 on 37238] INFO  node.SCMNodeManager (SCMNodeManager.java:register(266)) - Registered Data node : 17757683-1fb4-4950-8121-37d40baca579{ip: 192.168.164.196, host: pr-hdds-2181-xhd89-2114587330, networkLocation: /default-rack, certSerialId: null}
2019-10-04 02:36:15,081 [IPC Server handler 2 on 37238] INFO  net.NetworkTopology (NetworkTopologyImpl.java:add(111)) - Added a new node: /default-rack/5635463c-e05f-4687-a088-7f1b01f803bd
2019-10-04 02:36:15,081 [IPC Server handler 2 on 37238] INFO  node.SCMNodeManager (SCMNodeManager.java:register(266)) - Registered Data node : 5635463c-e05f-4687-a088-7f1b01f803bd{ip: 192.168.164.196, host: pr-hdds-2181-xhd89-2114587330, networkLocation: /default-rack, certSerialId: null}
2019-10-04 02:36:15,174 [IPC Server handler 1 on 37238] INFO  net.NetworkTopology (NetworkTopologyImpl.java:add(111)) - Added a new node: /default-rack/a636c584-b1ba-41d4-9455-83e8d3b98ab2
2019-10-04 02:36:15,174 [IPC Server handler 1 on 37238] INFO  node.SCMNodeManager (SCMNodeManager.java:register(266)) - Registered Data node : a636c584-b1ba-41d4-9455-83e8d3b98ab2{ip: 192.168.164.196, host: pr-hdds-2181-xhd89-2114587330, networkLocation: /default-rack, certSerialId: null}
2019-10-04 02:36:15,249 [main] INFO  ozone.MiniOzoneClusterImpl (MiniOzoneClusterImpl.java:lambda$waitForClusterToBeReady$0(147)) - Waiting for cluster to be ready. Got 6 of 7 DN Heartbeats.
2019-10-04 02:36:15,249 [IPC Server handler 3 on 37238] INFO  net.NetworkTopology (NetworkTopologyImpl.java:add(111)) - Added a new node: /default-rack/a648b77d-ebbe-442f-b9f5-71c97c023339
2019-10-04 02:36:15,249 [IPC Server handler 3 on 37238] INFO  node.SCMNodeManager (SCMNodeManager.java:register(266)) - Registered Data node : a648b77d-ebbe-442f-b9f5-71c97c023339{ip: 192.168.164.196, host: pr-hdds-2181-xhd89-2114587330, networkLocation: /default-rack, certSerialId: null}
2019-10-04 02:36:15,404 [grpc-default-executor-0] INFO  impl.RaftServerProxy (RaftServerProxy.java:addNew(89)) - 6557d500-20a6-4d13-b391-ea93ffff5fb1: addNew group-5B4662E53C09:[6557d500-20a6-4d13-b391-ea93ffff5fb1:192.168.164.196:45999] returns group-5B4662E53C09:java.util.concurrent.CompletableFuture@62c494b3[Not completed]
2019-10-04 02:36:15,421 [pool-27-thread-1] INFO  impl.RaftServerImpl (RaftServerImpl.java:<init>(95)) - 6557d500-20a6-4d13-b391-ea93ffff5fb1: new RaftServerImpl for group-5B4662E53C09:[6557d500-20a6-4d13-b391-ea93ffff5fb1:192.168.164.196:45999] with ContainerStateMachine:uninitialized
2019-10-04 02:36:15,423 [pool-27-thread-1] INFO  server.RaftServerConfigKeys (ConfUtils.java:logGet(43)) - raft.server.rpc.timeout.min = 5s (custom)
2019-10-04 02:36:15,425 [pool-27-thread-1] INFO  server.RaftServerConfigKeys (ConfUtils.java:logGet(43)) - raft.server.rpc.timeout.max = 5200ms (custom)
2019-10-04 02:36:15,426 [pool-27-thread-1] INFO  server.RaftServerConfigKeys (ConfUtils.java:logGet(43)) - raft.server.rpcslowness.timeout = 120s (custom)
2019-10-04 02:36:15,426 [pool-27-thread-1] INFO  server.RaftServerConfigKeys (ConfUtils.java:logGet(43)) - raft.server.sleep.deviation.threshold = 300 (default)
2019-10-04 02:36:15,427 [pool-27-thread-1] INFO  server.RaftServerConfigKeys (ConfUtils.java:logGet(43)) - raft.server.log.appender.install.snapshot.enabled = false (custom)
2019-10-04 02:36:15,438 [pool-27-thread-1] INFO  impl.RaftServerImpl (ServerState.java:<init>(103)) - 6557d500-20a6-4d13-b391-ea93ffff5fb1@group-5B4662E53C09: ConfigurationManager, init=-1: [6557d500-20a6-4d13-b391-ea93ffff5fb1:192.168.164.196:45999], old=null, confs=<EMPTY_MAP>
2019-10-04 02:36:15,438 [pool-27-thread-1] INFO  server.RaftServerConfigKeys (ConfUtils.java:logGet(43)) - raft.server.storage.dir = [/workdir/hadoop-ozone/integration-test/target/test-dir/MiniOzoneClusterImpl-55dc459c-4f9d-491d-9aa1-7f15d9a1da2f/datanode-0/data/ratis] (custom)
2019-10-04 02:36:15,446 [pool-27-thread-1] INFO  server.RaftServerConfigKeys (ConfUtils.java:logGet(43)) - raft.server.log.corruption.policy = EXCEPTION (default)
2019-10-04 02:36:15,448 [pool-27-thread-1] INFO  storage.RaftStorageDirectory (RaftStorageDirectory.java:analyzeStorage(246)) - The storage directory /workdir/hadoop-ozone/integration-test/target/test-dir/MiniOzoneClusterImpl-55dc459c-4f9d-491d-9aa1-7f15d9a1da2f/datanode-0/data/ratis/704675d8-a4f4-45c7-bc0a-5b4662e53c09 does not exist. Creating ...
2019-10-04 02:36:15,460 [pool-27-thread-1] INFO  storage.RaftStorageDirectory (RaftStorageDirectory.java:tryLock(328)) - Lock on /workdir/hadoop-ozone/integration-test/target/test-dir/MiniOzoneClusterImpl-55dc459c-4f9d-491d-9aa1-7f15d9a1da2f/datanode-0/data/ratis/704675d8-a4f4-45c7-bc0a-5b4662e53c09/in_use.lock acquired by nodename 1567@pr-hdds-2181-xhd89-2114587330
2019-10-04 02:36:15,470 [pool-27-thread-1] INFO  storage.RaftStorage (RaftStorage.java:format(84)) - Storage directory /workdir/hadoop-ozone/integration-test/target/test-dir/MiniOzoneClusterImpl-55dc459c-4f9d-491d-9aa1-7f15d9a1da2f/datanode-0/data/ratis/704675d8-a4f4-45c7-bc0a-5b4662e53c09 has been successfully formatted.
2019-10-04 02:36:15,472 [pool-27-thread-1] INFO  ratis.ContainerStateMachine (ContainerStateMachine.java:loadSnapshot(230)) - group-5B4662E53C09: The snapshot info is null. Setting the last applied indexto:(t:0, i:~)
2019-10-04 02:36:15,472 [pool-27-thread-1] INFO  server.RaftServerConfigKeys (ConfUtils.java:logGet(43)) - raft.server.notification.no-leader.timeout = 120s (custom)
2019-10-04 02:36:15,475 [pool-27-thread-1] INFO  server.RaftServerConfigKeys (ConfUtils.java:logGet(43)) - raft.server.log.use.memory = false (default)
2019-10-04 02:36:15,481 [pool-27-thread-1] INFO  server.RaftServerConfigKeys (ConfUtils.java:logGet(43)) - raft.server.log.purge.gap = 1000000 (custom)
2019-10-04 02:36:15,482 [pool-27-thread-1] INFO  server.RaftServerConfigKeys (ConfUtils.java:logGet(43)) - raft.server.log.appender.buffer.byte-limit = 33554432 (custom)
2019-10-04 02:36:15,484 [pool-27-thread-1] INFO  server.RaftServerConfigKeys (ConfUtils.java:logGet(43)) - raft.server.log.segment.size.max = 1048576 (custom)
2019-10-04 02:36:15,486 [pool-27-thread-1] INFO  impl.MetricsSystemImpl (MetricsSystemImpl.java:init(158)) - ratis metrics system started (again)
2019-10-04 02:36:15,491 [pool-27-thread-1] INFO  metrics.MetricRegistries (MetricRegistriesLoader.java:load(64)) - Loaded MetricRegistries class org.apache.ratis.metrics.impl.MetricRegistriesImpl
2019-10-04 02:36:15,534 [pool-27-thread-1] INFO  server.RaftServerConfigKeys (ConfUtils.java:logGet(43)) - raft.server.log.segment.cache.num.max = 2 (custom)
2019-10-04 02:36:15,540 [pool-27-thread-1] INFO  segmented.SegmentedRaftLogWorker (SegmentedRaftLogWorker.java:<init>(173)) - new 6557d500-20a6-4d13-b391-ea93ffff5fb1@group-5B4662E53C09-SegmentedRaftLogWorker for RaftStorage:Storage Directory /workdir/hadoop-ozone/integration-test/target/test-dir/MiniOzoneClusterImpl-55dc459c-4f9d-491d-9aa1-7f15d9a1da2f/datanode-0/data/ratis/704675d8-a4f4-45c7-bc0a-5b4662e53c09
2019-10-04 02:36:15,547 [pool-27-thread-1] INFO  server.RaftServerConfigKeys (ConfUtils.java:logGet(43)) - raft.server.log.queue.byte-limit = 2147483647 (custom)
2019-10-04 02:36:15,547 [pool-27-thread-1] INFO  server.RaftServerConfigKeys (ConfUtils.java:logGet(43)) - raft.server.log.queue.element-limit = 1024 (custom)
2019-10-04 02:36:15,549 [pool-27-thread-1] INFO  server.RaftServerConfigKeys (ConfUtils.java:logGet(43)) - raft.server.log.segment.size.max = 1048576 (custom)
2019-10-04 02:36:15,549 [pool-27-thread-1] INFO  server.RaftServerConfigKeys (ConfUtils.java:logGet(43)) - raft.server.log.preallocated.size = 16384 (custom)
2019-10-04 02:36:15,549 [pool-27-thread-1] INFO  server.RaftServerConfigKeys (ConfUtils.java:logGet(43)) - raft.server.log.write.buffer.size = 33554432 (custom)
2019-10-04 02:36:15,550 [pool-27-thread-1] INFO  server.RaftServerConfigKeys (ConfUtils.java:logGet(43)) - raft.server.log.force.sync.num = 128 (default)
2019-10-04 02:36:15,551 [pool-27-thread-1] INFO  server.RaftServerConfigKeys (ConfUtils.java:logGet(43)) - raft.server.log.statemachine.data.sync = true (default)
2019-10-04 02:36:15,551 [pool-27-thread-1] INFO  server.RaftServerConfigKeys (ConfUtils.java:logGet(43)) - raft.server.log.statemachine.data.sync.timeout = 10s (default)
2019-10-04 02:36:15,551 [pool-27-thread-1] INFO  server.RaftServerConfigKeys (ConfUtils.java:logGet(43)) - raft.server.log.statemachine.data.sync.timeout.retry = -1 (default)
2019-10-04 02:36:15,563 [pool-27-thread-1] INFO  server.RaftServerConfigKeys (ConfUtils.java:logGet(43)) - raft.server.log.statemachine.data.caching.enabled = true (custom)
2019-10-04 02:36:15,567 [pool-27-thread-1] INFO  segmented.SegmentedRaftLogWorker (SegmentedRaftLogWorker.java:lambda$new$0(128)) - 6557d500-20a6-4d13-b391-ea93ffff5fb1@group-5B4662E53C09-SegmentedRaftLogWorker: flushIndex: setUnconditionally 0 -> -1
2019-10-04 02:36:15,571 [pool-27-thread-1] INFO  server.RaftServerConfigKeys (ConfUtils.java:logGet(43)) - raft.server.snapshot.auto.trigger.enabled = true (custom)
2019-10-04 02:36:15,572 [pool-27-thread-1] INFO  server.RaftServerConfigKeys (ConfUtils.java:logGet(43)) - raft.server.snapshot.auto.trigger.threshold = 10000 (custom)
2019-10-04 02:36:15,573 [pool-27-thread-1] INFO  server.RaftServerConfigKeys (ConfUtils.java:logGet(43)) - raft.server.snapshot.retention.file.num = 5 (custom)
2019-10-04 02:36:15,573 [pool-27-thread-1] INFO  server.RaftServerConfigKeys (ConfUtils.java:logGet(43)) - raft.server.retrycache.expirytime = 600000ms (custom)
2019-10-04 02:36:15,600 [pool-27-thread-1] INFO  impl.RaftServerImpl (RaftServerImpl.java:start(181)) - 6557d500-20a6-4d13-b391-ea93ffff5fb1@group-5B4662E53C09: start as a follower, conf=-1: [6557d500-20a6-4d13-b391-ea93ffff5fb1:192.168.164.196:45999], old=null
2019-10-04 02:36:15,601 [pool-27-thread-1] INFO  impl.RaftServerImpl (RaftServerImpl.java:setRole(170)) - 6557d500-20a6-4d13-b391-ea93ffff5fb1@group-5B4662E53C09: changes role from      null to FOLLOWER at term 0 for startAsFollower
2019-10-04 02:36:15,602 [pool-27-thread-1] INFO  impl.RoleInfo (RoleInfo.java:updateAndGet(143)) - 6557d500-20a6-4d13-b391-ea93ffff5fb1: start FollowerState
2019-10-04 02:36:15,604 [pool-27-thread-1] INFO  util.JmxRegister (JmxRegister.java:tryRegister(44)) - Successfully registered JMX Bean with object name Ratis:service=RaftServer,group=group-5B4662E53C09,id=6557d500-20a6-4d13-b391-ea93ffff5fb1
2019-10-04 02:36:15,687 [RatisPipelineUtilsThread] INFO  pipeline.PipelineStateManager (PipelineStateManager.java:addPipeline(56)) - Created pipeline Pipeline[ Id: 704675d8-a4f4-45c7-bc0a-5b4662e53c09, Nodes: 6557d500-20a6-4d13-b391-ea93ffff5fb1{ip: 192.168.164.196, host: pr-hdds-2181-xhd89-2114587330, networkLocation: /default-rack, certSerialId: null}, Type:RATIS, Factor:ONE, State:OPEN]
2019-10-04 02:36:15,717 [grpc-default-executor-0] INFO  impl.RaftServerProxy (RaftServerProxy.java:addNew(89)) - 942988af-fa3d-4753-9e3b-dae2bed50966: addNew group-4089BD02929C:[942988af-fa3d-4753-9e3b-dae2bed50966:192.168.164.196:38957] returns group-4089BD02929C:java.util.concurrent.CompletableFuture@59cf4960[Not completed]
2019-10-04 02:36:15,777 [pool-37-thread-1] INFO  impl.RaftServerImpl (RaftServerImpl.java:<init>(95)) - 942988af-fa3d-4753-9e3b-dae2bed50966: new RaftServerImpl for group-4089BD02929C:[942988af-fa3d-4753-9e3b-dae2bed50966:192.168.164.196:38957] with ContainerStateMachine:uninitialized
2019-10-04 02:36:15,779 [pool-37-thread-1] INFO  server.RaftServerConfigKeys (ConfUtils.java:logGet(43)) - raft.server.rpc.timeout.min = 5s (custom)
2019-10-04 02:36:15,779 [pool-37-thread-1] INFO  server.RaftServerConfigKeys (ConfUtils.java:logGet(43)) - raft.server.rpc.timeout.max = 5200ms (custom)
2019-10-04 02:36:15,780 [pool-37-thread-1] INFO  server.RaftServerConfigKeys (ConfUtils.java:logGet(43)) - raft.server.rpcslowness.timeout = 120s (custom)
2019-10-04 02:36:15,780 [pool-37-thread-1] INFO  server.RaftServerConfigKeys (ConfUtils.java:logGet(43)) - raft.server.sleep.deviation.threshold = 300 (default)
2019-10-04 02:36:15,780 [pool-37-thread-1] INFO  server.RaftServerConfigKeys (ConfUtils.java:logGet(43)) - raft.server.log.appender.install.snapshot.enabled = false (custom)
2019-10-04 02:36:15,780 [pool-37-thread-1] INFO  impl.RaftServerImpl (ServerState.java:<init>(103)) - 942988af-fa3d-4753-9e3b-dae2bed50966@group-4089BD02929C: ConfigurationManager, init=-1: [942988af-fa3d-4753-9e3b-dae2bed50966:192.168.164.196:38957], old=null, confs=<EMPTY_MAP>
2019-10-04 02:36:15,780 [pool-37-thread-1] INFO  server.RaftServerConfigKeys (ConfUtils.java:logGet(43)) - raft.server.storage.dir = [/workdir/hadoop-ozone/integration-test/target/test-dir/MiniOzoneClusterImpl-55dc459c-4f9d-491d-9aa1-7f15d9a1da2f/datanode-1/data/ratis] (custom)
2019-10-04 02:36:15,781 [pool-37-thread-1] INFO  server.RaftServerConfigKeys (ConfUtils.java:logGet(43)) - raft.server.log.corruption.policy = EXCEPTION (default)
2019-10-04 02:36:15,781 [pool-37-thread-1] INFO  storage.RaftStorageDirectory (RaftStorageDirectory.java:analyzeStorage(246)) - The storage directory /workdir/hadoop-ozone/integration-test/target/test-dir/MiniOzoneClusterImpl-55dc459c-4f9d-491d-9aa1-7f15d9a1da2f/datanode-1/data/ratis/884c70ca-7078-4f09-8652-4089bd02929c does not exist. Creating ...
2019-10-04 02:36:15,808 [pool-37-thread-1] INFO  storage.RaftStorageDirectory (RaftStorageDirectory.java:tryLock(328)) - Lock on /workdir/hadoop-ozone/integration-test/target/test-dir/MiniOzoneClusterImpl-55dc459c-4f9d-491d-9aa1-7f15d9a1da2f/datanode-1/data/ratis/884c70ca-7078-4f09-8652-4089bd02929c/in_use.lock acquired by nodename 1567@pr-hdds-2181-xhd89-2114587330
2019-10-04 02:36:15,822 [pool-37-thread-1] INFO  storage.RaftStorage (RaftStorage.java:format(84)) - Storage directory /workdir/hadoop-ozone/integration-test/target/test-dir/MiniOzoneClusterImpl-55dc459c-4f9d-491d-9aa1-7f15d9a1da2f/datanode-1/data/ratis/884c70ca-7078-4f09-8652-4089bd02929c has been successfully formatted.
2019-10-04 02:36:15,824 [pool-37-thread-1] INFO  ratis.ContainerStateMachine (ContainerStateMachine.java:loadSnapshot(230)) - group-4089BD02929C: The snapshot info is null. Setting the last applied indexto:(t:0, i:~)
2019-10-04 02:36:15,826 [pool-37-thread-1] INFO  server.RaftServerConfigKeys (ConfUtils.java:logGet(43)) - raft.server.notification.no-leader.timeout = 120s (custom)
2019-10-04 02:36:15,827 [pool-37-thread-1] INFO  server.RaftServerConfigKeys (ConfUtils.java:logGet(43)) - raft.server.log.use.memory = false (default)
2019-10-04 02:36:15,827 [pool-37-thread-1] INFO  server.RaftServerConfigKeys (ConfUtils.java:logGet(43)) - raft.server.log.purge.gap = 1000000 (custom)
2019-10-04 02:36:15,827 [pool-37-thread-1] INFO  server.RaftServerConfigKeys (ConfUtils.java:logGet(43)) - raft.server.log.appender.buffer.byte-limit = 33554432 (custom)
2019-10-04 02:36:15,827 [pool-37-thread-1] INFO  server.RaftServerConfigKeys (ConfUtils.java:logGet(43)) - raft.server.log.segment.size.max = 1048576 (custom)
2019-10-04 02:36:15,832 [pool-37-thread-1] INFO  server.RaftServerConfigKeys (ConfUtils.java:logGet(43)) - raft.server.log.segment.cache.num.max = 2 (custom)
2019-10-04 02:36:15,832 [pool-37-thread-1] INFO  segmented.SegmentedRaftLogWorker (SegmentedRaftLogWorker.java:<init>(173)) - new 942988af-fa3d-4753-9e3b-dae2bed50966@group-4089BD02929C-SegmentedRaftLogWorker for RaftStorage:Storage Directory /workdir/hadoop-ozone/integration-test/target/test-dir/MiniOzoneClusterImpl-55dc459c-4f9d-491d-9aa1-7f15d9a1da2f/datanode-1/data/ratis/884c70ca-7078-4f09-8652-4089bd02929c
2019-10-04 02:36:15,834 [pool-37-thread-1] INFO  server.RaftServerConfigKeys (ConfUtils.java:logGet(43)) - raft.server.log.queue.byte-limit = 2147483647 (custom)
2019-10-04 02:36:15,834 [pool-37-thread-1] INFO  server.RaftServerConfigKeys (ConfUtils.java:logGet(43)) - raft.server.log.queue.element-limit = 1024 (custom)
2019-10-04 02:36:15,834 [pool-37-thread-1] INFO  server.RaftServerConfigKeys (ConfUtils.java:logGet(43)) - raft.server.log.segment.size.max = 1048576 (custom)
2019-10-04 02:36:15,834 [pool-37-thread-1] INFO  server.RaftServerConfigKeys (ConfUtils.java:logGet(43)) - raft.server.log.preallocated.size = 16384 (custom)
2019-10-04 02:36:15,834 [pool-37-thread-1] INFO  server.RaftServerConfigKeys (ConfUtils.java:logGet(43)) - raft.server.log.write.buffer.size = 33554432 (custom)
2019-10-04 02:36:15,834 [pool-37-thread-1] INFO  server.RaftServerConfigKeys (ConfUtils.java:logGet(43)) - raft.server.log.force.sync.num = 128 (default)
2019-10-04 02:36:15,834 [pool-37-thread-1] INFO  server.RaftServerConfigKeys (ConfUtils.java:logGet(43)) - raft.server.log.statemachine.data.sync = true (default)
2019-10-04 02:36:15,835 [pool-37-thread-1] INFO  server.RaftServerConfigKeys (ConfUtils.java:logGet(43)) - raft.server.log.statemachine.data.sync.timeout = 10s (default)
2019-10-04 02:36:15,835 [pool-37-thread-1] INFO  server.RaftServerConfigKeys (ConfUtils.java:logGet(43)) - raft.server.log.statemachine.data.sync.timeout.retry = -1 (default)
2019-10-04 02:36:15,835 [pool-37-thread-1] INFO  server.RaftServerConfigKeys (ConfUtils.java:logGet(43)) - raft.server.log.statemachine.data.caching.enabled = true (custom)
2019-10-04 02:36:15,836 [pool-37-thread-1] INFO  segmented.SegmentedRaftLogWorker (SegmentedRaftLogWorker.java:lambda$new$0(128)) - 942988af-fa3d-4753-9e3b-dae2bed50966@group-4089BD02929C-SegmentedRaftLogWorker: flushIndex: setUnconditionally 0 -> -1
2019-10-04 02:36:15,836 [pool-37-thread-1] INFO  server.RaftServerConfigKeys (ConfUtils.java:logGet(43)) - raft.server.snapshot.auto.trigger.enabled = true (custom)
2019-10-04 02:36:15,836 [pool-37-thread-1] INFO  server.RaftServerConfigKeys (ConfUtils.java:logGet(43)) - raft.server.snapshot.auto.trigger.threshold = 10000 (custom)
2019-10-04 02:36:15,836 [pool-37-thread-1] INFO  server.RaftServerConfigKeys (ConfUtils.java:logGet(43)) - raft.server.snapshot.retention.file.num = 5 (custom)
2019-10-04 02:36:15,836 [pool-37-thread-1] INFO  server.RaftServerConfigKeys (ConfUtils.java:logGet(43)) - raft.server.retrycache.expirytime = 600000ms (custom)
2019-10-04 02:36:15,840 [pool-37-thread-1] INFO  impl.RaftServerImpl (RaftServerImpl.java:start(181)) - 942988af-fa3d-4753-9e3b-dae2bed50966@group-4089BD02929C: start as a follower, conf=-1: [942988af-fa3d-4753-9e3b-dae2bed50966:192.168.164.196:38957], old=null
2019-10-04 02:36:15,840 [pool-37-thread-1] INFO  impl.RaftServerImpl (RaftServerImpl.java:setRole(170)) - 942988af-fa3d-4753-9e3b-dae2bed50966@group-4089BD02929C: changes role from      null to FOLLOWER at term 0 for startAsFollower
2019-10-04 02:36:15,841 [pool-37-thread-1] INFO  impl.RoleInfo (RoleInfo.java:updateAndGet(143)) - 942988af-fa3d-4753-9e3b-dae2bed50966: start FollowerState
2019-10-04 02:36:15,843 [pool-37-thread-1] INFO  util.JmxRegister (JmxRegister.java:tryRegister(44)) - Successfully registered JMX Bean with object name Ratis:service=RaftServer,group=group-4089BD02929C,id=942988af-fa3d-4753-9e3b-dae2bed50966
2019-10-04 02:36:15,878 [RatisPipelineUtilsThread] INFO  pipeline.PipelineStateManager (PipelineStateManager.java:addPipeline(56)) - Created pipeline Pipeline[ Id: 884c70ca-7078-4f09-8652-4089bd02929c, Nodes: 942988af-fa3d-4753-9e3b-dae2bed50966{ip: 192.168.164.196, host: pr-hdds-2181-xhd89-2114587330, networkLocation: /default-rack, certSerialId: null}, Type:RATIS, Factor:ONE, State:OPEN]
2019-10-04 02:36:15,905 [grpc-default-executor-0] INFO  impl.RaftServerProxy (RaftServerProxy.java:addNew(89)) - 17757683-1fb4-4950-8121-37d40baca579: addNew group-6E2AE8813993:[17757683-1fb4-4950-8121-37d40baca579:192.168.164.196:37423] returns group-6E2AE8813993:java.util.concurrent.CompletableFuture@6f9fbe45[Not completed]
2019-10-04 02:36:15,932 [pool-57-thread-1] INFO  impl.RaftServerImpl (RaftServerImpl.java:<init>(95)) - 17757683-1fb4-4950-8121-37d40baca579: new RaftServerImpl for group-6E2AE8813993:[17757683-1fb4-4950-8121-37d40baca579:192.168.164.196:37423] with ContainerStateMachine:uninitialized
2019-10-04 02:36:15,932 [pool-57-thread-1] INFO  server.RaftServerConfigKeys (ConfUtils.java:logGet(43)) - raft.server.rpc.timeout.min = 5s (custom)
2019-10-04 02:36:15,932 [pool-57-thread-1] INFO  server.RaftServerConfigKeys (ConfUtils.java:logGet(43)) - raft.server.rpc.timeout.max = 5200ms (custom)
2019-10-04 02:36:15,933 [pool-57-thread-1] INFO  server.RaftServerConfigKeys (ConfUtils.java:logGet(43)) - raft.server.rpcslowness.timeout = 120s (custom)
2019-10-04 02:36:15,933 [pool-57-thread-1] INFO  server.RaftServerConfigKeys (ConfUtils.java:logGet(43)) - raft.server.sleep.deviation.threshold = 300 (default)
2019-10-04 02:36:15,933 [pool-57-thread-1] INFO  server.RaftServerConfigKeys (ConfUtils.java:logGet(43)) - raft.server.log.appender.install.snapshot.enabled = false (custom)
2019-10-04 02:36:15,933 [pool-57-thread-1] INFO  impl.RaftServerImpl (ServerState.java:<init>(103)) - 17757683-1fb4-4950-8121-37d40baca579@group-6E2AE8813993: ConfigurationManager, init=-1: [17757683-1fb4-4950-8121-37d40baca579:192.168.164.196:37423], old=null, confs=<EMPTY_MAP>
2019-10-04 02:36:15,933 [pool-57-thread-1] INFO  server.RaftServerConfigKeys (ConfUtils.java:logGet(43)) - raft.server.storage.dir = [/workdir/hadoop-ozone/integration-test/target/test-dir/MiniOzoneClusterImpl-55dc459c-4f9d-491d-9aa1-7f15d9a1da2f/datanode-3/data/ratis] (custom)
2019-10-04 02:36:15,934 [pool-57-thread-1] INFO  server.RaftServerConfigKeys (ConfUtils.java:logGet(43)) - raft.server.log.corruption.policy = EXCEPTION (default)
2019-10-04 02:36:15,934 [pool-57-thread-1] INFO  storage.RaftStorageDirectory (RaftStorageDirectory.java:analyzeStorage(246)) - The storage directory /workdir/hadoop-ozone/integration-test/target/test-dir/MiniOzoneClusterImpl-55dc459c-4f9d-491d-9aa1-7f15d9a1da2f/datanode-3/data/ratis/c9310caa-cc09-42b7-bfda-6e2ae8813993 does not exist. Creating ...
2019-10-04 02:36:15,947 [pool-57-thread-1] INFO  storage.RaftStorageDirectory (RaftStorageDirectory.java:tryLock(328)) - Lock on /workdir/hadoop-ozone/integration-test/target/test-dir/MiniOzoneClusterImpl-55dc459c-4f9d-491d-9aa1-7f15d9a1da2f/datanode-3/data/ratis/c9310caa-cc09-42b7-bfda-6e2ae8813993/in_use.lock acquired by nodename 1567@pr-hdds-2181-xhd89-2114587330
2019-10-04 02:36:15,996 [pool-57-thread-1] INFO  storage.RaftStorage (RaftStorage.java:format(84)) - Storage directory /workdir/hadoop-ozone/integration-test/target/test-dir/MiniOzoneClusterImpl-55dc459c-4f9d-491d-9aa1-7f15d9a1da2f/datanode-3/data/ratis/c9310caa-cc09-42b7-bfda-6e2ae8813993 has been successfully formatted.
2019-10-04 02:36:15,996 [pool-57-thread-1] INFO  ratis.ContainerStateMachine (ContainerStateMachine.java:loadSnapshot(230)) - group-6E2AE8813993: The snapshot info is null. Setting the last applied indexto:(t:0, i:~)
2019-10-04 02:36:15,997 [pool-57-thread-1] INFO  server.RaftServerConfigKeys (ConfUtils.java:logGet(43)) - raft.server.notification.no-leader.timeout = 120s (custom)
2019-10-04 02:36:15,997 [pool-57-thread-1] INFO  server.RaftServerConfigKeys (ConfUtils.java:logGet(43)) - raft.server.log.use.memory = false (default)
2019-10-04 02:36:15,997 [pool-57-thread-1] INFO  server.RaftServerConfigKeys (ConfUtils.java:logGet(43)) - raft.server.log.purge.gap = 1000000 (custom)
2019-10-04 02:36:15,997 [pool-57-thread-1] INFO  server.RaftServerConfigKeys (ConfUtils.java:logGet(43)) - raft.server.log.appender.buffer.byte-limit = 33554432 (custom)
2019-10-04 02:36:15,997 [pool-57-thread-1] INFO  server.RaftServerConfigKeys (ConfUtils.java:logGet(43)) - raft.server.log.segment.size.max = 1048576 (custom)
2019-10-04 02:36:16,032 [pool-57-thread-1] INFO  server.RaftServerConfigKeys (ConfUtils.java:logGet(43)) - raft.server.log.segment.cache.num.max = 2 (custom)
2019-10-04 02:36:16,032 [pool-57-thread-1] INFO  segmented.SegmentedRaftLogWorker (SegmentedRaftLogWorker.java:<init>(173)) - new 17757683-1fb4-4950-8121-37d40baca579@group-6E2AE8813993-SegmentedRaftLogWorker for RaftStorage:Storage Directory /workdir/hadoop-ozone/integration-test/target/test-dir/MiniOzoneClusterImpl-55dc459c-4f9d-491d-9aa1-7f15d9a1da2f/datanode-3/data/ratis/c9310caa-cc09-42b7-bfda-6e2ae8813993
2019-10-04 02:36:16,032 [pool-57-thread-1] INFO  server.RaftServerConfigKeys (ConfUtils.java:logGet(43)) - raft.server.log.queue.byte-limit = 2147483647 (custom)
2019-10-04 02:36:16,032 [pool-57-thread-1] INFO  server.RaftServerConfigKeys (ConfUtils.java:logGet(43)) - raft.server.log.queue.element-limit = 1024 (custom)
2019-10-04 02:36:16,033 [pool-57-thread-1] INFO  server.RaftServerConfigKeys (ConfUtils.java:logGet(43)) - raft.server.log.segment.size.max = 1048576 (custom)
2019-10-04 02:36:16,033 [pool-57-thread-1] INFO  server.RaftServerConfigKeys (ConfUtils.java:logGet(43)) - raft.server.log.preallocated.size = 16384 (custom)
2019-10-04 02:36:16,033 [pool-57-thread-1] INFO  server.RaftServerConfigKeys (ConfUtils.java:logGet(43)) - raft.server.log.write.buffer.size = 33554432 (custom)
2019-10-04 02:36:16,033 [pool-57-thread-1] INFO  server.RaftServerConfigKeys (ConfUtils.java:logGet(43)) - raft.server.log.force.sync.num = 128 (default)
2019-10-04 02:36:16,033 [pool-57-thread-1] INFO  server.RaftServerConfigKeys (ConfUtils.java:logGet(43)) - raft.server.log.statemachine.data.sync = true (default)
2019-10-04 02:36:16,033 [pool-57-thread-1] INFO  server.RaftServerConfigKeys (ConfUtils.java:logGet(43)) - raft.server.log.statemachine.data.sync.timeout = 10s (default)
2019-10-04 02:36:16,033 [pool-57-thread-1] INFO  server.RaftServerConfigKeys (ConfUtils.java:logGet(43)) - raft.server.log.statemachine.data.sync.timeout.retry = -1 (default)
2019-10-04 02:36:16,034 [pool-57-thread-1] INFO  server.RaftServerConfigKeys (ConfUtils.java:logGet(43)) - raft.server.log.statemachine.data.caching.enabled = true (custom)
2019-10-04 02:36:16,034 [pool-57-thread-1] INFO  segmented.SegmentedRaftLogWorker (SegmentedRaftLogWorker.java:lambda$new$0(128)) - 17757683-1fb4-4950-8121-37d40baca579@group-6E2AE8813993-SegmentedRaftLogWorker: flushIndex: setUnconditionally 0 -> -1
2019-10-04 02:36:16,035 [pool-57-thread-1] INFO  server.RaftServerConfigKeys (ConfUtils.java:logGet(43)) - raft.server.snapshot.auto.trigger.enabled = true (custom)
2019-10-04 02:36:16,035 [pool-57-thread-1] INFO  server.RaftServerConfigKeys (ConfUtils.java:logGet(43)) - raft.server.snapshot.auto.trigger.threshold = 10000 (custom)
2019-10-04 02:36:16,035 [pool-57-thread-1] INFO  server.RaftServerConfigKeys (ConfUtils.java:logGet(43)) - raft.server.snapshot.retention.file.num = 5 (custom)
2019-10-04 02:36:16,035 [pool-57-thread-1] INFO  server.RaftServerConfigKeys (ConfUtils.java:logGet(43)) - raft.server.retrycache.expirytime = 600000ms (custom)
2019-10-04 02:36:16,039 [pool-57-thread-1] INFO  impl.RaftServerImpl (RaftServerImpl.java:start(181)) - 17757683-1fb4-4950-8121-37d40baca579@group-6E2AE8813993: start as a follower, conf=-1: [17757683-1fb4-4950-8121-37d40baca579:192.168.164.196:37423], old=null
2019-10-04 02:36:16,039 [pool-57-thread-1] INFO  impl.RaftServerImpl (RaftServerImpl.java:setRole(170)) - 17757683-1fb4-4950-8121-37d40baca579@group-6E2AE8813993: changes role from      null to FOLLOWER at term 0 for startAsFollower
2019-10-04 02:36:16,039 [pool-57-thread-1] INFO  impl.RoleInfo (RoleInfo.java:updateAndGet(143)) - 17757683-1fb4-4950-8121-37d40baca579: start FollowerState
2019-10-04 02:36:16,040 [pool-57-thread-1] INFO  util.JmxRegister (JmxRegister.java:tryRegister(44)) - Successfully registered JMX Bean with object name Ratis:service=RaftServer,group=group-6E2AE8813993,id=17757683-1fb4-4950-8121-37d40baca579
2019-10-04 02:36:16,059 [RatisPipelineUtilsThread] INFO  pipeline.PipelineStateManager (PipelineStateManager.java:addPipeline(56)) - Created pipeline Pipeline[ Id: c9310caa-cc09-42b7-bfda-6e2ae8813993, Nodes: 17757683-1fb4-4950-8121-37d40baca579{ip: 192.168.164.196, host: pr-hdds-2181-xhd89-2114587330, networkLocation: /default-rack, certSerialId: null}, Type:RATIS, Factor:ONE, State:OPEN]
2019-10-04 02:36:16,079 [grpc-default-executor-0] INFO  impl.RaftServerProxy (RaftServerProxy.java:addNew(89)) - c13f9db6-dbd2-45bd-8caa-43586fad62aa: addNew group-72E9E41A50F5:[c13f9db6-dbd2-45bd-8caa-43586fad62aa:192.168.164.196:41062] returns group-72E9E41A50F5:java.util.concurrent.CompletableFuture@20dd7d09[Not completed]
2019-10-04 02:36:16,083 [pool-47-thread-1] INFO  impl.RaftServerImpl (RaftServerImpl.java:<init>(95)) - c13f9db6-dbd2-45bd-8caa-43586fad62aa: new RaftServerImpl for group-72E9E41A50F5:[c13f9db6-dbd2-45bd-8caa-43586fad62aa:192.168.164.196:41062] with ContainerStateMachine:uninitialized
2019-10-04 02:36:16,083 [pool-47-thread-1] INFO  server.RaftServerConfigKeys (ConfUtils.java:logGet(43)) - raft.server.rpc.timeout.min = 5s (custom)
2019-10-04 02:36:16,084 [pool-47-thread-1] INFO  server.RaftServerConfigKeys (ConfUtils.java:logGet(43)) - raft.server.rpc.timeout.max = 5200ms (custom)
2019-10-04 02:36:16,084 [pool-47-thread-1] INFO  server.RaftServerConfigKeys (ConfUtils.java:logGet(43)) - raft.server.rpcslowness.timeout = 120s (custom)
2019-10-04 02:36:16,084 [pool-47-thread-1] INFO  server.RaftServerConfigKeys (ConfUtils.java:logGet(43)) - raft.server.sleep.deviation.threshold = 300 (default)
2019-10-04 02:36:16,084 [pool-47-thread-1] INFO  server.RaftServerConfigKeys (ConfUtils.java:logGet(43)) - raft.server.log.appender.install.snapshot.enabled = false (custom)
2019-10-04 02:36:16,084 [pool-47-thread-1] INFO  impl.RaftServerImpl (ServerState.java:<init>(103)) - c13f9db6-dbd2-45bd-8caa-43586fad62aa@group-72E9E41A50F5: ConfigurationManager, init=-1: [c13f9db6-dbd2-45bd-8caa-43586fad62aa:192.168.164.196:41062], old=null, confs=<EMPTY_MAP>
2019-10-04 02:36:16,085 [pool-47-thread-1] INFO  server.RaftServerConfigKeys (ConfUtils.java:logGet(43)) - raft.server.storage.dir = [/workdir/hadoop-ozone/integration-test/target/test-dir/MiniOzoneClusterImpl-55dc459c-4f9d-491d-9aa1-7f15d9a1da2f/datanode-2/data/ratis] (custom)
2019-10-04 02:36:16,085 [pool-47-thread-1] INFO  server.RaftServerConfigKeys (ConfUtils.java:logGet(43)) - raft.server.log.corruption.policy = EXCEPTION (default)
2019-10-04 02:36:16,085 [pool-47-thread-1] INFO  storage.RaftStorageDirectory (RaftStorageDirectory.java:analyzeStorage(246)) - The storage directory /workdir/hadoop-ozone/integration-test/target/test-dir/MiniOzoneClusterImpl-55dc459c-4f9d-491d-9aa1-7f15d9a1da2f/datanode-2/data/ratis/d66cc968-2560-4d66-a158-72e9e41a50f5 does not exist. Creating ...
2019-10-04 02:36:16,100 [pool-47-thread-1] INFO  storage.RaftStorageDirectory (RaftStorageDirectory.java:tryLock(328)) - Lock on /workdir/hadoop-ozone/integration-test/target/test-dir/MiniOzoneClusterImpl-55dc459c-4f9d-491d-9aa1-7f15d9a1da2f/datanode-2/data/ratis/d66cc968-2560-4d66-a158-72e9e41a50f5/in_use.lock acquired by nodename 1567@pr-hdds-2181-xhd89-2114587330
2019-10-04 02:36:16,113 [pool-47-thread-1] INFO  storage.RaftStorage (RaftStorage.java:format(84)) - Storage directory /workdir/hadoop-ozone/integration-test/target/test-dir/MiniOzoneClusterImpl-55dc459c-4f9d-491d-9aa1-7f15d9a1da2f/datanode-2/data/ratis/d66cc968-2560-4d66-a158-72e9e41a50f5 has been successfully formatted.
2019-10-04 02:36:16,114 [pool-47-thread-1] INFO  ratis.ContainerStateMachine (ContainerStateMachine.java:loadSnapshot(230)) - group-72E9E41A50F5: The snapshot info is null. Setting the last applied indexto:(t:0, i:~)
2019-10-04 02:36:16,114 [pool-47-thread-1] INFO  server.RaftServerConfigKeys (ConfUtils.java:logGet(43)) - raft.server.notification.no-leader.timeout = 120s (custom)
2019-10-04 02:36:16,114 [pool-47-thread-1] INFO  server.RaftServerConfigKeys (ConfUtils.java:logGet(43)) - raft.server.log.use.memory = false (default)
2019-10-04 02:36:16,114 [pool-47-thread-1] INFO  server.RaftServerConfigKeys (ConfUtils.java:logGet(43)) - raft.server.log.purge.gap = 1000000 (custom)
2019-10-04 02:36:16,114 [pool-47-thread-1] INFO  server.RaftServerConfigKeys (ConfUtils.java:logGet(43)) - raft.server.log.appender.buffer.byte-limit = 33554432 (custom)
2019-10-04 02:36:16,114 [pool-47-thread-1] INFO  server.RaftServerConfigKeys (ConfUtils.java:logGet(43)) - raft.server.log.segment.size.max = 1048576 (custom)
2019-10-04 02:36:16,120 [pool-47-thread-1] INFO  server.RaftServerConfigKeys (ConfUtils.java:logGet(43)) - raft.server.log.segment.cache.num.max = 2 (custom)
2019-10-04 02:36:16,120 [pool-47-thread-1] INFO  segmented.SegmentedRaftLogWorker (SegmentedRaftLogWorker.java:<init>(173)) - new c13f9db6-dbd2-45bd-8caa-43586fad62aa@group-72E9E41A50F5-SegmentedRaftLogWorker for RaftStorage:Storage Directory /workdir/hadoop-ozone/integration-test/target/test-dir/MiniOzoneClusterImpl-55dc459c-4f9d-491d-9aa1-7f15d9a1da2f/datanode-2/data/ratis/d66cc968-2560-4d66-a158-72e9e41a50f5
2019-10-04 02:36:16,120 [pool-47-thread-1] INFO  server.RaftServerConfigKeys (ConfUtils.java:logGet(43)) - raft.server.log.queue.byte-limit = 2147483647 (custom)
2019-10-04 02:36:16,120 [pool-47-thread-1] INFO  server.RaftServerConfigKeys (ConfUtils.java:logGet(43)) - raft.server.log.queue.element-limit = 1024 (custom)
2019-10-04 02:36:16,121 [pool-47-thread-1] INFO  server.RaftServerConfigKeys (ConfUtils.java:logGet(43)) - raft.server.log.segment.size.max = 1048576 (custom)
2019-10-04 02:36:16,121 [pool-47-thread-1] INFO  server.RaftServerConfigKeys (ConfUtils.java:logGet(43)) - raft.server.log.preallocated.size = 16384 (custom)
2019-10-04 02:36:16,121 [pool-47-thread-1] INFO  server.RaftServerConfigKeys (ConfUtils.java:logGet(43)) - raft.server.log.write.buffer.size = 33554432 (custom)
2019-10-04 02:36:16,121 [pool-47-thread-1] INFO  server.RaftServerConfigKeys (ConfUtils.java:logGet(43)) - raft.server.log.force.sync.num = 128 (default)
2019-10-04 02:36:16,121 [pool-47-thread-1] INFO  server.RaftServerConfigKeys (ConfUtils.java:logGet(43)) - raft.server.log.statemachine.data.sync = true (default)
2019-10-04 02:36:16,121 [pool-47-thread-1] INFO  server.RaftServerConfigKeys (ConfUtils.java:logGet(43)) - raft.server.log.statemachine.data.sync.timeout = 10s (default)
2019-10-04 02:36:16,122 [pool-47-thread-1] INFO  server.RaftServerConfigKeys (ConfUtils.java:logGet(43)) - raft.server.log.statemachine.data.sync.timeout.retry = -1 (default)
2019-10-04 02:36:16,122 [pool-47-thread-1] INFO  server.RaftServerConfigKeys (ConfUtils.java:logGet(43)) - raft.server.log.statemachine.data.caching.enabled = true (custom)
2019-10-04 02:36:16,123 [pool-47-thread-1] INFO  segmented.SegmentedRaftLogWorker (SegmentedRaftLogWorker.java:lambda$new$0(128)) - c13f9db6-dbd2-45bd-8caa-43586fad62aa@group-72E9E41A50F5-SegmentedRaftLogWorker: flushIndex: setUnconditionally 0 -> -1
2019-10-04 02:36:16,123 [pool-47-thread-1] INFO  server.RaftServerConfigKeys (ConfUtils.java:logGet(43)) - raft.server.snapshot.auto.trigger.enabled = true (custom)
2019-10-04 02:36:16,123 [pool-47-thread-1] INFO  server.RaftServerConfigKeys (ConfUtils.java:logGet(43)) - raft.server.snapshot.auto.trigger.threshold = 10000 (custom)
2019-10-04 02:36:16,123 [pool-47-thread-1] INFO  server.RaftServerConfigKeys (ConfUtils.java:logGet(43)) - raft.server.snapshot.retention.file.num = 5 (custom)
2019-10-04 02:36:16,124 [pool-47-thread-1] INFO  server.RaftServerConfigKeys (ConfUtils.java:logGet(43)) - raft.server.retrycache.expirytime = 600000ms (custom)
2019-10-04 02:36:16,128 [pool-47-thread-1] INFO  impl.RaftServerImpl (RaftServerImpl.java:start(181)) - c13f9db6-dbd2-45bd-8caa-43586fad62aa@group-72E9E41A50F5: start as a follower, conf=-1: [c13f9db6-dbd2-45bd-8caa-43586fad62aa:192.168.164.196:41062], old=null
2019-10-04 02:36:16,128 [pool-47-thread-1] INFO  impl.RaftServerImpl (RaftServerImpl.java:setRole(170)) - c13f9db6-dbd2-45bd-8caa-43586fad62aa@group-72E9E41A50F5: changes role from      null to FOLLOWER at term 0 for startAsFollower
2019-10-04 02:36:16,128 [pool-47-thread-1] INFO  impl.RoleInfo (RoleInfo.java:updateAndGet(143)) - c13f9db6-dbd2-45bd-8caa-43586fad62aa: start FollowerState
2019-10-04 02:36:16,129 [pool-47-thread-1] INFO  util.JmxRegister (JmxRegister.java:tryRegister(44)) - Successfully registered JMX Bean with object name Ratis:service=RaftServer,group=group-72E9E41A50F5,id=c13f9db6-dbd2-45bd-8caa-43586fad62aa
2019-10-04 02:36:16,145 [RatisPipelineUtilsThread] INFO  pipeline.PipelineStateManager (PipelineStateManager.java:addPipeline(56)) - Created pipeline Pipeline[ Id: d66cc968-2560-4d66-a158-72e9e41a50f5, Nodes: c13f9db6-dbd2-45bd-8caa-43586fad62aa{ip: 192.168.164.196, host: pr-hdds-2181-xhd89-2114587330, networkLocation: /default-rack, certSerialId: null}, Type:RATIS, Factor:ONE, State:OPEN]
2019-10-04 02:36:16,164 [grpc-default-executor-0] INFO  impl.RaftServerProxy (RaftServerProxy.java:addNew(89)) - a648b77d-ebbe-442f-b9f5-71c97c023339: addNew group-5AEC278E8E7B:[a648b77d-ebbe-442f-b9f5-71c97c023339:192.168.164.196:33812] returns group-5AEC278E8E7B:java.util.concurrent.CompletableFuture@1bc3fa72[Not completed]
2019-10-04 02:36:16,168 [pool-87-thread-1] INFO  impl.RaftServerImpl (RaftServerImpl.java:<init>(95)) - a648b77d-ebbe-442f-b9f5-71c97c023339: new RaftServerImpl for group-5AEC278E8E7B:[a648b77d-ebbe-442f-b9f5-71c97c023339:192.168.164.196:33812] with ContainerStateMachine:uninitialized
2019-10-04 02:36:16,168 [pool-87-thread-1] INFO  server.RaftServerConfigKeys (ConfUtils.java:logGet(43)) - raft.server.rpc.timeout.min = 5s (custom)
2019-10-04 02:36:16,168 [pool-87-thread-1] INFO  server.RaftServerConfigKeys (ConfUtils.java:logGet(43)) - raft.server.rpc.timeout.max = 5200ms (custom)
2019-10-04 02:36:16,169 [pool-87-thread-1] INFO  server.RaftServerConfigKeys (ConfUtils.java:logGet(43)) - raft.server.rpcslowness.timeout = 120s (custom)
2019-10-04 02:36:16,169 [pool-87-thread-1] INFO  server.RaftServerConfigKeys (ConfUtils.java:logGet(43)) - raft.server.sleep.deviation.threshold = 300 (default)
2019-10-04 02:36:16,169 [pool-87-thread-1] INFO  server.RaftServerConfigKeys (ConfUtils.java:logGet(43)) - raft.server.log.appender.install.snapshot.enabled = false (custom)
2019-10-04 02:36:16,169 [pool-87-thread-1] INFO  impl.RaftServerImpl (ServerState.java:<init>(103)) - a648b77d-ebbe-442f-b9f5-71c97c023339@group-5AEC278E8E7B: ConfigurationManager, init=-1: [a648b77d-ebbe-442f-b9f5-71c97c023339:192.168.164.196:33812], old=null, confs=<EMPTY_MAP>
2019-10-04 02:36:16,169 [pool-87-thread-1] INFO  server.RaftServerConfigKeys (ConfUtils.java:logGet(43)) - raft.server.storage.dir = [/workdir/hadoop-ozone/integration-test/target/test-dir/MiniOzoneClusterImpl-55dc459c-4f9d-491d-9aa1-7f15d9a1da2f/datanode-6/data/ratis] (custom)
2019-10-04 02:36:16,170 [pool-87-thread-1] INFO  server.RaftServerConfigKeys (ConfUtils.java:logGet(43)) - raft.server.log.corruption.policy = EXCEPTION (default)
2019-10-04 02:36:16,170 [pool-87-thread-1] INFO  storage.RaftStorageDirectory (RaftStorageDirectory.java:analyzeStorage(246)) - The storage directory /workdir/hadoop-ozone/integration-test/target/test-dir/MiniOzoneClusterImpl-55dc459c-4f9d-491d-9aa1-7f15d9a1da2f/datanode-6/data/ratis/efec3af1-d0e6-4030-b8c5-5aec278e8e7b does not exist. Creating ...
2019-10-04 02:36:16,183 [pool-87-thread-1] INFO  storage.RaftStorageDirectory (RaftStorageDirectory.java:tryLock(328)) - Lock on /workdir/hadoop-ozone/integration-test/target/test-dir/MiniOzoneClusterImpl-55dc459c-4f9d-491d-9aa1-7f15d9a1da2f/datanode-6/data/ratis/efec3af1-d0e6-4030-b8c5-5aec278e8e7b/in_use.lock acquired by nodename 1567@pr-hdds-2181-xhd89-2114587330
2019-10-04 02:36:16,196 [pool-87-thread-1] INFO  storage.RaftStorage (RaftStorage.java:format(84)) - Storage directory /workdir/hadoop-ozone/integration-test/target/test-dir/MiniOzoneClusterImpl-55dc459c-4f9d-491d-9aa1-7f15d9a1da2f/datanode-6/data/ratis/efec3af1-d0e6-4030-b8c5-5aec278e8e7b has been successfully formatted.
2019-10-04 02:36:16,196 [pool-87-thread-1] INFO  ratis.ContainerStateMachine (ContainerStateMachine.java:loadSnapshot(230)) - group-5AEC278E8E7B: The snapshot info is null. Setting the last applied indexto:(t:0, i:~)
2019-10-04 02:36:16,196 [pool-87-thread-1] INFO  server.RaftServerConfigKeys (ConfUtils.java:logGet(43)) - raft.server.notification.no-leader.timeout = 120s (custom)
2019-10-04 02:36:16,196 [pool-87-thread-1] INFO  server.RaftServerConfigKeys (ConfUtils.java:logGet(43)) - raft.server.log.use.memory = false (default)
2019-10-04 02:36:16,197 [pool-87-thread-1] INFO  server.RaftServerConfigKeys (ConfUtils.java:logGet(43)) - raft.server.log.purge.gap = 1000000 (custom)
2019-10-04 02:36:16,197 [pool-87-thread-1] INFO  server.RaftServerConfigKeys (ConfUtils.java:logGet(43)) - raft.server.log.appender.buffer.byte-limit = 33554432 (custom)
2019-10-04 02:36:16,197 [pool-87-thread-1] INFO  server.RaftServerConfigKeys (ConfUtils.java:logGet(43)) - raft.server.log.segment.size.max = 1048576 (custom)
2019-10-04 02:36:16,200 [pool-87-thread-1] INFO  server.RaftServerConfigKeys (ConfUtils.java:logGet(43)) - raft.server.log.segment.cache.num.max = 2 (custom)
2019-10-04 02:36:16,200 [pool-87-thread-1] INFO  segmented.SegmentedRaftLogWorker (SegmentedRaftLogWorker.java:<init>(173)) - new a648b77d-ebbe-442f-b9f5-71c97c023339@group-5AEC278E8E7B-SegmentedRaftLogWorker for RaftStorage:Storage Directory /workdir/hadoop-ozone/integration-test/target/test-dir/MiniOzoneClusterImpl-55dc459c-4f9d-491d-9aa1-7f15d9a1da2f/datanode-6/data/ratis/efec3af1-d0e6-4030-b8c5-5aec278e8e7b
2019-10-04 02:36:16,200 [pool-87-thread-1] INFO  server.RaftServerConfigKeys (ConfUtils.java:logGet(43)) - raft.server.log.queue.byte-limit = 2147483647 (custom)
2019-10-04 02:36:16,201 [pool-87-thread-1] INFO  server.RaftServerConfigKeys (ConfUtils.java:logGet(43)) - raft.server.log.queue.element-limit = 1024 (custom)
2019-10-04 02:36:16,201 [pool-87-thread-1] INFO  server.RaftServerConfigKeys (ConfUtils.java:logGet(43)) - raft.server.log.segment.size.max = 1048576 (custom)
2019-10-04 02:36:16,201 [pool-87-thread-1] INFO  server.RaftServerConfigKeys (ConfUtils.java:logGet(43)) - raft.server.log.preallocated.size = 16384 (custom)
2019-10-04 02:36:16,201 [pool-87-thread-1] INFO  server.RaftServerConfigKeys (ConfUtils.java:logGet(43)) - raft.server.log.write.buffer.size = 33554432 (custom)
2019-10-04 02:36:16,201 [pool-87-thread-1] INFO  server.RaftServerConfigKeys (ConfUtils.java:logGet(43)) - raft.server.log.force.sync.num = 128 (default)
2019-10-04 02:36:16,201 [pool-87-thread-1] INFO  server.RaftServerConfigKeys (ConfUtils.java:logGet(43)) - raft.server.log.statemachine.data.sync = true (default)
2019-10-04 02:36:16,201 [pool-87-thread-1] INFO  server.RaftServerConfigKeys (ConfUtils.java:logGet(43)) - raft.server.log.statemachine.data.sync.timeout = 10s (default)
2019-10-04 02:36:16,202 [pool-87-thread-1] INFO  server.RaftServerConfigKeys (ConfUtils.java:logGet(43)) - raft.server.log.statemachine.data.sync.timeout.retry = -1 (default)
2019-10-04 02:36:16,202 [pool-87-thread-1] INFO  server.RaftServerConfigKeys (ConfUtils.java:logGet(43)) - raft.server.log.statemachine.data.caching.enabled = true (custom)
2019-10-04 02:36:16,203 [pool-87-thread-1] INFO  segmented.SegmentedRaftLogWorker (SegmentedRaftLogWorker.java:lambda$new$0(128)) - a648b77d-ebbe-442f-b9f5-71c97c023339@group-5AEC278E8E7B-SegmentedRaftLogWorker: flushIndex: setUnconditionally 0 -> -1
2019-10-04 02:36:16,203 [pool-87-thread-1] INFO  server.RaftServerConfigKeys (ConfUtils.java:logGet(43)) - raft.server.snapshot.auto.trigger.enabled = true (custom)
2019-10-04 02:36:16,203 [pool-87-thread-1] INFO  server.RaftServerConfigKeys (ConfUtils.java:logGet(43)) - raft.server.snapshot.auto.trigger.threshold = 10000 (custom)
2019-10-04 02:36:16,203 [pool-87-thread-1] INFO  server.RaftServerConfigKeys (ConfUtils.java:logGet(43)) - raft.server.snapshot.retention.file.num = 5 (custom)
2019-10-04 02:36:16,203 [pool-87-thread-1] INFO  server.RaftServerConfigKeys (ConfUtils.java:logGet(43)) - raft.server.retrycache.expirytime = 600000ms (custom)
2019-10-04 02:36:16,207 [pool-87-thread-1] INFO  impl.RaftServerImpl (RaftServerImpl.java:start(181)) - a648b77d-ebbe-442f-b9f5-71c97c023339@group-5AEC278E8E7B: start as a follower, conf=-1: [a648b77d-ebbe-442f-b9f5-71c97c023339:192.168.164.196:33812], old=null
2019-10-04 02:36:16,207 [pool-87-thread-1] INFO  impl.RaftServerImpl (RaftServerImpl.java:setRole(170)) - a648b77d-ebbe-442f-b9f5-71c97c023339@group-5AEC278E8E7B: changes role from      null to FOLLOWER at term 0 for startAsFollower
2019-10-04 02:36:16,207 [pool-87-thread-1] INFO  impl.RoleInfo (RoleInfo.java:updateAndGet(143)) - a648b77d-ebbe-442f-b9f5-71c97c023339: start FollowerState
2019-10-04 02:36:16,207 [pool-87-thread-1] INFO  util.JmxRegister (JmxRegister.java:tryRegister(44)) - Successfully registered JMX Bean with object name Ratis:service=RaftServer,group=group-5AEC278E8E7B,id=a648b77d-ebbe-442f-b9f5-71c97c023339
2019-10-04 02:36:16,225 [RatisPipelineUtilsThread] INFO  pipeline.PipelineStateManager (PipelineStateManager.java:addPipeline(56)) - Created pipeline Pipeline[ Id: efec3af1-d0e6-4030-b8c5-5aec278e8e7b, Nodes: a648b77d-ebbe-442f-b9f5-71c97c023339{ip: 192.168.164.196, host: pr-hdds-2181-xhd89-2114587330, networkLocation: /default-rack, certSerialId: null}, Type:RATIS, Factor:ONE, State:OPEN]
2019-10-04 02:36:16,249 [main] INFO  ozone.MiniOzoneClusterImpl (MiniOzoneClusterImpl.java:lambda$waitForClusterToBeReady$0(147)) - Cluster is ready. Got 7 of 7 DN Heartbeats.
2019-10-04 02:36:16,249 [grpc-default-executor-0] INFO  impl.RaftServerProxy (RaftServerProxy.java:addNew(89)) - 5635463c-e05f-4687-a088-7f1b01f803bd: addNew group-B86C8ACA712E:[5635463c-e05f-4687-a088-7f1b01f803bd:192.168.164.196:37448] returns group-B86C8ACA712E:java.util.concurrent.CompletableFuture@4509e80d[Not completed]
2019-10-04 02:36:16,255 [pool-67-thread-1] INFO  impl.RaftServerImpl (RaftServerImpl.java:<init>(95)) - 5635463c-e05f-4687-a088-7f1b01f803bd: new RaftServerImpl for group-B86C8ACA712E:[5635463c-e05f-4687-a088-7f1b01f803bd:192.168.164.196:37448] with ContainerStateMachine:uninitialized
2019-10-04 02:36:16,255 [pool-67-thread-1] INFO  server.RaftServerConfigKeys (ConfUtils.java:logGet(43)) - raft.server.rpc.timeout.min = 5s (custom)
2019-10-04 02:36:16,255 [pool-67-thread-1] INFO  server.RaftServerConfigKeys (ConfUtils.java:logGet(43)) - raft.server.rpc.timeout.max = 5200ms (custom)
2019-10-04 02:36:16,255 [pool-67-thread-1] INFO  server.RaftServerConfigKeys (ConfUtils.java:logGet(43)) - raft.server.rpcslowness.timeout = 120s (custom)
2019-10-04 02:36:16,255 [pool-67-thread-1] INFO  server.RaftServerConfigKeys (ConfUtils.java:logGet(43)) - raft.server.sleep.deviation.threshold = 300 (default)
2019-10-04 02:36:16,255 [pool-67-thread-1] INFO  server.RaftServerConfigKeys (ConfUtils.java:logGet(43)) - raft.server.log.appender.install.snapshot.enabled = false (custom)
2019-10-04 02:36:16,255 [pool-67-thread-1] INFO  impl.RaftServerImpl (ServerState.java:<init>(103)) - 5635463c-e05f-4687-a088-7f1b01f803bd@group-B86C8ACA712E: ConfigurationManager, init=-1: [5635463c-e05f-4687-a088-7f1b01f803bd:192.168.164.196:37448], old=null, confs=<EMPTY_MAP>
2019-10-04 02:36:16,256 [pool-67-thread-1] INFO  server.RaftServerConfigKeys (ConfUtils.java:logGet(43)) - raft.server.storage.dir = [/workdir/hadoop-ozone/integration-test/target/test-dir/MiniOzoneClusterImpl-55dc459c-4f9d-491d-9aa1-7f15d9a1da2f/datanode-4/data/ratis] (custom)
2019-10-04 02:36:16,256 [pool-67-thread-1] INFO  server.RaftServerConfigKeys (ConfUtils.java:logGet(43)) - raft.server.log.corruption.policy = EXCEPTION (default)
2019-10-04 02:36:16,256 [pool-67-thread-1] INFO  storage.RaftStorageDirectory (RaftStorageDirectory.java:analyzeStorage(246)) - The storage directory /workdir/hadoop-ozone/integration-test/target/test-dir/MiniOzoneClusterImpl-55dc459c-4f9d-491d-9aa1-7f15d9a1da2f/datanode-4/data/ratis/01430df6-05ed-4308-9b97-b86c8aca712e does not exist. Creating ...
2019-10-04 02:36:16,270 [pool-67-thread-1] INFO  storage.RaftStorageDirectory (RaftStorageDirectory.java:tryLock(328)) - Lock on /workdir/hadoop-ozone/integration-test/target/test-dir/MiniOzoneClusterImpl-55dc459c-4f9d-491d-9aa1-7f15d9a1da2f/datanode-4/data/ratis/01430df6-05ed-4308-9b97-b86c8aca712e/in_use.lock acquired by nodename 1567@pr-hdds-2181-xhd89-2114587330
2019-10-04 02:36:16,285 [pool-67-thread-1] INFO  storage.RaftStorage (RaftStorage.java:format(84)) - Storage directory /workdir/hadoop-ozone/integration-test/target/test-dir/MiniOzoneClusterImpl-55dc459c-4f9d-491d-9aa1-7f15d9a1da2f/datanode-4/data/ratis/01430df6-05ed-4308-9b97-b86c8aca712e has been successfully formatted.
2019-10-04 02:36:16,285 [pool-67-thread-1] INFO  ratis.ContainerStateMachine (ContainerStateMachine.java:loadSnapshot(230)) - group-B86C8ACA712E: The snapshot info is null. Setting the last applied indexto:(t:0, i:~)
2019-10-04 02:36:16,285 [pool-67-thread-1] INFO  server.RaftServerConfigKeys (ConfUtils.java:logGet(43)) - raft.server.notification.no-leader.timeout = 120s (custom)
2019-10-04 02:36:16,285 [pool-67-thread-1] INFO  server.RaftServerConfigKeys (ConfUtils.java:logGet(43)) - raft.server.log.use.memory = false (default)
2019-10-04 02:36:16,286 [pool-67-thread-1] INFO  server.RaftServerConfigKeys (ConfUtils.java:logGet(43)) - raft.server.log.purge.gap = 1000000 (custom)
2019-10-04 02:36:16,286 [pool-67-thread-1] INFO  server.RaftServerConfigKeys (ConfUtils.java:logGet(43)) - raft.server.log.appender.buffer.byte-limit = 33554432 (custom)
2019-10-04 02:36:16,286 [pool-67-thread-1] INFO  server.RaftServerConfigKeys (ConfUtils.java:logGet(43)) - raft.server.log.segment.size.max = 1048576 (custom)
2019-10-04 02:36:16,289 [pool-67-thread-1] INFO  server.RaftServerConfigKeys (ConfUtils.java:logGet(43)) - raft.server.log.segment.cache.num.max = 2 (custom)
2019-10-04 02:36:16,289 [pool-67-thread-1] INFO  segmented.SegmentedRaftLogWorker (SegmentedRaftLogWorker.java:<init>(173)) - new 5635463c-e05f-4687-a088-7f1b01f803bd@group-B86C8ACA712E-SegmentedRaftLogWorker for RaftStorage:Storage Directory /workdir/hadoop-ozone/integration-test/target/test-dir/MiniOzoneClusterImpl-55dc459c-4f9d-491d-9aa1-7f15d9a1da2f/datanode-4/data/ratis/01430df6-05ed-4308-9b97-b86c8aca712e
2019-10-04 02:36:16,289 [pool-67-thread-1] INFO  server.RaftServerConfigKeys (ConfUtils.java:logGet(43)) - raft.server.log.queue.byte-limit = 2147483647 (custom)
2019-10-04 02:36:16,289 [pool-67-thread-1] INFO  server.RaftServerConfigKeys (ConfUtils.java:logGet(43)) - raft.server.log.queue.element-limit = 1024 (custom)
2019-10-04 02:36:16,290 [pool-67-thread-1] INFO  server.RaftServerConfigKeys (ConfUtils.java:logGet(43)) - raft.server.log.segment.size.max = 1048576 (custom)
2019-10-04 02:36:16,290 [pool-67-thread-1] INFO  server.RaftServerConfigKeys (ConfUtils.java:logGet(43)) - raft.server.log.preallocated.size = 16384 (custom)
2019-10-04 02:36:16,290 [pool-67-thread-1] INFO  server.RaftServerConfigKeys (ConfUtils.java:logGet(43)) - raft.server.log.write.buffer.size = 33554432 (custom)
2019-10-04 02:36:16,290 [pool-67-thread-1] INFO  server.RaftServerConfigKeys (ConfUtils.java:logGet(43)) - raft.server.log.force.sync.num = 128 (default)
2019-10-04 02:36:16,290 [pool-67-thread-1] INFO  server.RaftServerConfigKeys (ConfUtils.java:logGet(43)) - raft.server.log.statemachine.data.sync = true (default)
2019-10-04 02:36:16,290 [pool-67-thread-1] INFO  server.RaftServerConfigKeys (ConfUtils.java:logGet(43)) - raft.server.log.statemachine.data.sync.timeout = 10s (default)
2019-10-04 02:36:16,290 [pool-67-thread-1] INFO  server.RaftServerConfigKeys (ConfUtils.java:logGet(43)) - raft.server.log.statemachine.data.sync.timeout.retry = -1 (default)
2019-10-04 02:36:16,291 [pool-67-thread-1] INFO  server.RaftServerConfigKeys (ConfUtils.java:logGet(43)) - raft.server.log.statemachine.data.caching.enabled = true (custom)
2019-10-04 02:36:16,291 [pool-67-thread-1] INFO  segmented.SegmentedRaftLogWorker (SegmentedRaftLogWorker.java:lambda$new$0(128)) - 5635463c-e05f-4687-a088-7f1b01f803bd@group-B86C8ACA712E-SegmentedRaftLogWorker: flushIndex: setUnconditionally 0 -> -1
2019-10-04 02:36:16,291 [pool-67-thread-1] INFO  server.RaftServerConfigKeys (ConfUtils.java:logGet(43)) - raft.server.snapshot.auto.trigger.enabled = true (custom)
2019-10-04 02:36:16,292 [pool-67-thread-1] INFO  server.RaftServerConfigKeys (ConfUtils.java:logGet(43)) - raft.server.snapshot.auto.trigger.threshold = 10000 (custom)
2019-10-04 02:36:16,292 [pool-67-thread-1] INFO  server.RaftServerConfigKeys (ConfUtils.java:logGet(43)) - raft.server.snapshot.retention.file.num = 5 (custom)
2019-10-04 02:36:16,292 [pool-67-thread-1] INFO  server.RaftServerConfigKeys (ConfUtils.java:logGet(43)) - raft.server.retrycache.expirytime = 600000ms (custom)
2019-10-04 02:36:16,294 [pool-67-thread-1] INFO  impl.RaftServerImpl (RaftServerImpl.java:start(181)) - 5635463c-e05f-4687-a088-7f1b01f803bd@group-B86C8ACA712E: start as a follower, conf=-1: [5635463c-e05f-4687-a088-7f1b01f803bd:192.168.164.196:37448], old=null
2019-10-04 02:36:16,294 [pool-67-thread-1] INFO  impl.RaftServerImpl (RaftServerImpl.java:setRole(170)) - 5635463c-e05f-4687-a088-7f1b01f803bd@group-B86C8ACA712E: changes role from      null to FOLLOWER at term 0 for startAsFollower
2019-10-04 02:36:16,294 [pool-67-thread-1] INFO  impl.RoleInfo (RoleInfo.java:updateAndGet(143)) - 5635463c-e05f-4687-a088-7f1b01f803bd: start FollowerState
2019-10-04 02:36:16,295 [pool-67-thread-1] INFO  util.JmxRegister (JmxRegister.java:tryRegister(44)) - Successfully registered JMX Bean with object name Ratis:service=RaftServer,group=group-B86C8ACA712E,id=5635463c-e05f-4687-a088-7f1b01f803bd
2019-10-04 02:36:16,310 [RatisPipelineUtilsThread] INFO  pipeline.PipelineStateManager (PipelineStateManager.java:addPipeline(56)) - Created pipeline Pipeline[ Id: 01430df6-05ed-4308-9b97-b86c8aca712e, Nodes: 5635463c-e05f-4687-a088-7f1b01f803bd{ip: 192.168.164.196, host: pr-hdds-2181-xhd89-2114587330, networkLocation: /default-rack, certSerialId: null}, Type:RATIS, Factor:ONE, State:OPEN]
2019-10-04 02:36:16,334 [grpc-default-executor-0] INFO  impl.RaftServerProxy (RaftServerProxy.java:addNew(89)) - a636c584-b1ba-41d4-9455-83e8d3b98ab2: addNew group-EB9D05701118:[a636c584-b1ba-41d4-9455-83e8d3b98ab2:192.168.164.196:40690] returns group-EB9D05701118:java.util.concurrent.CompletableFuture@761a6945[Not completed]
2019-10-04 02:36:16,341 [pool-77-thread-1] INFO  impl.RaftServerImpl (RaftServerImpl.java:<init>(95)) - a636c584-b1ba-41d4-9455-83e8d3b98ab2: new RaftServerImpl for group-EB9D05701118:[a636c584-b1ba-41d4-9455-83e8d3b98ab2:192.168.164.196:40690] with ContainerStateMachine:uninitialized
2019-10-04 02:36:16,341 [pool-77-thread-1] INFO  server.RaftServerConfigKeys (ConfUtils.java:logGet(43)) - raft.server.rpc.timeout.min = 5s (custom)
2019-10-04 02:36:16,342 [pool-77-thread-1] INFO  server.RaftServerConfigKeys (ConfUtils.java:logGet(43)) - raft.server.rpc.timeout.max = 5200ms (custom)
2019-10-04 02:36:16,342 [pool-77-thread-1] INFO  server.RaftServerConfigKeys (ConfUtils.java:logGet(43)) - raft.server.rpcslowness.timeout = 120s (custom)
2019-10-04 02:36:16,342 [pool-77-thread-1] INFO  server.RaftServerConfigKeys (ConfUtils.java:logGet(43)) - raft.server.sleep.deviation.threshold = 300 (default)
2019-10-04 02:36:16,342 [pool-77-thread-1] INFO  server.RaftServerConfigKeys (ConfUtils.java:logGet(43)) - raft.server.log.appender.install.snapshot.enabled = false (custom)
2019-10-04 02:36:16,342 [pool-77-thread-1] INFO  impl.RaftServerImpl (ServerState.java:<init>(103)) - a636c584-b1ba-41d4-9455-83e8d3b98ab2@group-EB9D05701118: ConfigurationManager, init=-1: [a636c584-b1ba-41d4-9455-83e8d3b98ab2:192.168.164.196:40690], old=null, confs=<EMPTY_MAP>
2019-10-04 02:36:16,342 [pool-77-thread-1] INFO  server.RaftServerConfigKeys (ConfUtils.java:logGet(43)) - raft.server.storage.dir = [/workdir/hadoop-ozone/integration-test/target/test-dir/MiniOzoneClusterImpl-55dc459c-4f9d-491d-9aa1-7f15d9a1da2f/datanode-5/data/ratis] (custom)
2019-10-04 02:36:16,343 [pool-77-thread-1] INFO  server.RaftServerConfigKeys (ConfUtils.java:logGet(43)) - raft.server.log.corruption.policy = EXCEPTION (default)
2019-10-04 02:36:16,343 [pool-77-thread-1] INFO  storage.RaftStorageDirectory (RaftStorageDirectory.java:analyzeStorage(246)) - The storage directory /workdir/hadoop-ozone/integration-test/target/test-dir/MiniOzoneClusterImpl-55dc459c-4f9d-491d-9aa1-7f15d9a1da2f/datanode-5/data/ratis/1f6b8049-46aa-4adc-9ae1-eb9d05701118 does not exist. Creating ...
2019-10-04 02:36:16,367 [pool-77-thread-1] INFO  storage.RaftStorageDirectory (RaftStorageDirectory.java:tryLock(328)) - Lock on /workdir/hadoop-ozone/integration-test/target/test-dir/MiniOzoneClusterImpl-55dc459c-4f9d-491d-9aa1-7f15d9a1da2f/datanode-5/data/ratis/1f6b8049-46aa-4adc-9ae1-eb9d05701118/in_use.lock acquired by nodename 1567@pr-hdds-2181-xhd89-2114587330
2019-10-04 02:36:16,379 [pool-77-thread-1] INFO  storage.RaftStorage (RaftStorage.java:format(84)) - Storage directory /workdir/hadoop-ozone/integration-test/target/test-dir/MiniOzoneClusterImpl-55dc459c-4f9d-491d-9aa1-7f15d9a1da2f/datanode-5/data/ratis/1f6b8049-46aa-4adc-9ae1-eb9d05701118 has been successfully formatted.
2019-10-04 02:36:16,380 [pool-77-thread-1] INFO  ratis.ContainerStateMachine (ContainerStateMachine.java:loadSnapshot(230)) - group-EB9D05701118: The snapshot info is null. Setting the last applied indexto:(t:0, i:~)
2019-10-04 02:36:16,380 [pool-77-thread-1] INFO  server.RaftServerConfigKeys (ConfUtils.java:logGet(43)) - raft.server.notification.no-leader.timeout = 120s (custom)
2019-10-04 02:36:16,380 [pool-77-thread-1] INFO  server.RaftServerConfigKeys (ConfUtils.java:logGet(43)) - raft.server.log.use.memory = false (default)
2019-10-04 02:36:16,380 [pool-77-thread-1] INFO  server.RaftServerConfigKeys (ConfUtils.java:logGet(43)) - raft.server.log.purge.gap = 1000000 (custom)
2019-10-04 02:36:16,380 [pool-77-thread-1] INFO  server.RaftServerConfigKeys (ConfUtils.java:logGet(43)) - raft.server.log.appender.buffer.byte-limit = 33554432 (custom)
2019-10-04 02:36:16,380 [pool-77-thread-1] INFO  server.RaftServerConfigKeys (ConfUtils.java:logGet(43)) - raft.server.log.segment.size.max = 1048576 (custom)
2019-10-04 02:36:16,383 [pool-77-thread-1] INFO  server.RaftServerConfigKeys (ConfUtils.java:logGet(43)) - raft.server.log.segment.cache.num.max = 2 (custom)
2019-10-04 02:36:16,383 [pool-77-thread-1] INFO  segmented.SegmentedRaftLogWorker (SegmentedRaftLogWorker.java:<init>(173)) - new a636c584-b1ba-41d4-9455-83e8d3b98ab2@group-EB9D05701118-SegmentedRaftLogWorker for RaftStorage:Storage Directory /workdir/hadoop-ozone/integration-test/target/test-dir/MiniOzoneClusterImpl-55dc459c-4f9d-491d-9aa1-7f15d9a1da2f/datanode-5/data/ratis/1f6b8049-46aa-4adc-9ae1-eb9d05701118
2019-10-04 02:36:16,383 [pool-77-thread-1] INFO  server.RaftServerConfigKeys (ConfUtils.java:logGet(43)) - raft.server.log.queue.byte-limit = 2147483647 (custom)
2019-10-04 02:36:16,383 [pool-77-thread-1] INFO  server.RaftServerConfigKeys (ConfUtils.java:logGet(43)) - raft.server.log.queue.element-limit = 1024 (custom)
2019-10-04 02:36:16,383 [pool-77-thread-1] INFO  server.RaftServerConfigKeys (ConfUtils.java:logGet(43)) - raft.server.log.segment.size.max = 1048576 (custom)
2019-10-04 02:36:16,383 [pool-77-thread-1] INFO  server.RaftServerConfigKeys (ConfUtils.java:logGet(43)) - raft.server.log.preallocated.size = 16384 (custom)
2019-10-04 02:36:16,383 [pool-77-thread-1] INFO  server.RaftServerConfigKeys (ConfUtils.java:logGet(43)) - raft.server.log.write.buffer.size = 33554432 (custom)
2019-10-04 02:36:16,383 [pool-77-thread-1] INFO  server.RaftServerConfigKeys (ConfUtils.java:logGet(43)) - raft.server.log.force.sync.num = 128 (default)
2019-10-04 02:36:16,384 [pool-77-thread-1] INFO  server.RaftServerConfigKeys (ConfUtils.java:logGet(43)) - raft.server.log.statemachine.data.sync = true (default)
2019-10-04 02:36:16,384 [pool-77-thread-1] INFO  server.RaftServerConfigKeys (ConfUtils.java:logGet(43)) - raft.server.log.statemachine.data.sync.timeout = 10s (default)
2019-10-04 02:36:16,384 [pool-77-thread-1] INFO  server.RaftServerConfigKeys (ConfUtils.java:logGet(43)) - raft.server.log.statemachine.data.sync.timeout.retry = -1 (default)
2019-10-04 02:36:16,384 [pool-77-thread-1] INFO  server.RaftServerConfigKeys (ConfUtils.java:logGet(43)) - raft.server.log.statemachine.data.caching.enabled = true (custom)
2019-10-04 02:36:16,385 [pool-77-thread-1] INFO  segmented.SegmentedRaftLogWorker (SegmentedRaftLogWorker.java:lambda$new$0(128)) - a636c584-b1ba-41d4-9455-83e8d3b98ab2@group-EB9D05701118-SegmentedRaftLogWorker: flushIndex: setUnconditionally 0 -> -1
2019-10-04 02:36:16,385 [pool-77-thread-1] INFO  server.RaftServerConfigKeys (ConfUtils.java:logGet(43)) - raft.server.snapshot.auto.trigger.enabled = true (custom)
2019-10-04 02:36:16,385 [pool-77-thread-1] INFO  server.RaftServerConfigKeys (ConfUtils.java:logGet(43)) - raft.server.snapshot.auto.trigger.threshold = 10000 (custom)
2019-10-04 02:36:16,385 [pool-77-thread-1] INFO  server.RaftServerConfigKeys (ConfUtils.java:logGet(43)) - raft.server.snapshot.retention.file.num = 5 (custom)
2019-10-04 02:36:16,385 [pool-77-thread-1] INFO  server.RaftServerConfigKeys (ConfUtils.java:logGet(43)) - raft.server.retrycache.expirytime = 600000ms (custom)
2019-10-04 02:36:16,388 [pool-77-thread-1] INFO  impl.RaftServerImpl (RaftServerImpl.java:start(181)) - a636c584-b1ba-41d4-9455-83e8d3b98ab2@group-EB9D05701118: start as a follower, conf=-1: [a636c584-b1ba-41d4-9455-83e8d3b98ab2:192.168.164.196:40690], old=null
2019-10-04 02:36:16,388 [pool-77-thread-1] INFO  impl.RaftServerImpl (RaftServerImpl.java:setRole(170)) - a636c584-b1ba-41d4-9455-83e8d3b98ab2@group-EB9D05701118: changes role from      null to FOLLOWER at term 0 for startAsFollower
2019-10-04 02:36:16,388 [pool-77-thread-1] INFO  impl.RoleInfo (RoleInfo.java:updateAndGet(143)) - a636c584-b1ba-41d4-9455-83e8d3b98ab2: start FollowerState
2019-10-04 02:36:16,388 [pool-77-thread-1] INFO  util.JmxRegister (JmxRegister.java:tryRegister(44)) - Successfully registered JMX Bean with object name Ratis:service=RaftServer,group=group-EB9D05701118,id=a636c584-b1ba-41d4-9455-83e8d3b98ab2
2019-10-04 02:36:16,411 [RatisPipelineUtilsThread] INFO  pipeline.PipelineStateManager (PipelineStateManager.java:addPipeline(56)) - Created pipeline Pipeline[ Id: 1f6b8049-46aa-4adc-9ae1-eb9d05701118, Nodes: a636c584-b1ba-41d4-9455-83e8d3b98ab2{ip: 192.168.164.196, host: pr-hdds-2181-xhd89-2114587330, networkLocation: /default-rack, certSerialId: null}, Type:RATIS, Factor:ONE, State:OPEN]
2019-10-04 02:36:16,451 [grpc-default-executor-2] INFO  impl.RaftServerProxy (RaftServerProxy.java:addNew(89)) - 17757683-1fb4-4950-8121-37d40baca579: addNew group-3C2EF1E94944:[17757683-1fb4-4950-8121-37d40baca579:192.168.164.196:37423, 942988af-fa3d-4753-9e3b-dae2bed50966:192.168.164.196:38957, c13f9db6-dbd2-45bd-8caa-43586fad62aa:192.168.164.196:41062] returns group-3C2EF1E94944:java.util.concurrent.CompletableFuture@7e373a70[Not completed]
2019-10-04 02:36:16,456 [pool-57-thread-1] INFO  impl.RaftServerImpl (RaftServerImpl.java:<init>(95)) - 17757683-1fb4-4950-8121-37d40baca579: new RaftServerImpl for group-3C2EF1E94944:[17757683-1fb4-4950-8121-37d40baca579:192.168.164.196:37423, 942988af-fa3d-4753-9e3b-dae2bed50966:192.168.164.196:38957, c13f9db6-dbd2-45bd-8caa-43586fad62aa:192.168.164.196:41062] with ContainerStateMachine:uninitialized
2019-10-04 02:36:16,456 [pool-57-thread-1] INFO  server.RaftServerConfigKeys (ConfUtils.java:logGet(43)) - raft.server.rpc.timeout.min = 5s (custom)
2019-10-04 02:36:16,456 [pool-57-thread-1] INFO  server.RaftServerConfigKeys (ConfUtils.java:logGet(43)) - raft.server.rpc.timeout.max = 5200ms (custom)
2019-10-04 02:36:16,456 [pool-57-thread-1] INFO  server.RaftServerConfigKeys (ConfUtils.java:logGet(43)) - raft.server.rpcslowness.timeout = 120s (custom)
2019-10-04 02:36:16,456 [grpc-default-executor-2] INFO  impl.RaftServerProxy (RaftServerProxy.java:addNew(89)) - 942988af-fa3d-4753-9e3b-dae2bed50966: addNew group-3C2EF1E94944:[17757683-1fb4-4950-8121-37d40baca579:192.168.164.196:37423, 942988af-fa3d-4753-9e3b-dae2bed50966:192.168.164.196:38957, c13f9db6-dbd2-45bd-8caa-43586fad62aa:192.168.164.196:41062] returns group-3C2EF1E94944:java.util.concurrent.CompletableFuture@3f0a304b[Not completed]
2019-10-04 02:36:16,457 [grpc-default-executor-1] INFO  impl.RaftServerProxy (RaftServerProxy.java:addNew(89)) - c13f9db6-dbd2-45bd-8caa-43586fad62aa: addNew group-3C2EF1E94944:[17757683-1fb4-4950-8121-37d40baca579:192.168.164.196:37423, 942988af-fa3d-4753-9e3b-dae2bed50966:192.168.164.196:38957, c13f9db6-dbd2-45bd-8caa-43586fad62aa:192.168.164.196:41062] returns group-3C2EF1E94944:java.util.concurrent.CompletableFuture@1de59902[Not completed]
2019-10-04 02:36:16,456 [pool-57-thread-1] INFO  server.RaftServerConfigKeys (ConfUtils.java:logGet(43)) - raft.server.sleep.deviation.threshold = 300 (default)
2019-10-04 02:36:16,457 [pool-57-thread-1] INFO  server.RaftServerConfigKeys (ConfUtils.java:logGet(43)) - raft.server.log.appender.install.snapshot.enabled = false (custom)
2019-10-04 02:36:16,457 [pool-57-thread-1] INFO  impl.RaftServerImpl (ServerState.java:<init>(103)) - 17757683-1fb4-4950-8121-37d40baca579@group-3C2EF1E94944: ConfigurationManager, init=-1: [17757683-1fb4-4950-8121-37d40baca579:192.168.164.196:37423, 942988af-fa3d-4753-9e3b-dae2bed50966:192.168.164.196:38957, c13f9db6-dbd2-45bd-8caa-43586fad62aa:192.168.164.196:41062], old=null, confs=<EMPTY_MAP>
2019-10-04 02:36:16,457 [pool-57-thread-1] INFO  server.RaftServerConfigKeys (ConfUtils.java:logGet(43)) - raft.server.storage.dir = [/workdir/hadoop-ozone/integration-test/target/test-dir/MiniOzoneClusterImpl-55dc459c-4f9d-491d-9aa1-7f15d9a1da2f/datanode-3/data/ratis] (custom)
2019-10-04 02:36:16,458 [pool-57-thread-1] INFO  server.RaftServerConfigKeys (ConfUtils.java:logGet(43)) - raft.server.log.corruption.policy = EXCEPTION (default)
2019-10-04 02:36:16,458 [pool-57-thread-1] INFO  storage.RaftStorageDirectory (RaftStorageDirectory.java:analyzeStorage(246)) - The storage directory /workdir/hadoop-ozone/integration-test/target/test-dir/MiniOzoneClusterImpl-55dc459c-4f9d-491d-9aa1-7f15d9a1da2f/datanode-3/data/ratis/bdad85d9-5a6e-42fe-aa6a-3c2ef1e94944 does not exist. Creating ...
2019-10-04 02:36:16,459 [pool-37-thread-1] INFO  impl.RaftServerImpl (RaftServerImpl.java:<init>(95)) - 942988af-fa3d-4753-9e3b-dae2bed50966: new RaftServerImpl for group-3C2EF1E94944:[17757683-1fb4-4950-8121-37d40baca579:192.168.164.196:37423, 942988af-fa3d-4753-9e3b-dae2bed50966:192.168.164.196:38957, c13f9db6-dbd2-45bd-8caa-43586fad62aa:192.168.164.196:41062] with ContainerStateMachine:uninitialized
2019-10-04 02:36:16,459 [pool-37-thread-1] INFO  server.RaftServerConfigKeys (ConfUtils.java:logGet(43)) - raft.server.rpc.timeout.min = 5s (custom)
2019-10-04 02:36:16,459 [pool-37-thread-1] INFO  server.RaftServerConfigKeys (ConfUtils.java:logGet(43)) - raft.server.rpc.timeout.max = 5200ms (custom)
2019-10-04 02:36:16,459 [pool-37-thread-1] INFO  server.RaftServerConfigKeys (ConfUtils.java:logGet(43)) - raft.server.rpcslowness.timeout = 120s (custom)
2019-10-04 02:36:16,459 [pool-37-thread-1] INFO  server.RaftServerConfigKeys (ConfUtils.java:logGet(43)) - raft.server.sleep.deviation.threshold = 300 (default)
2019-10-04 02:36:16,460 [pool-37-thread-1] INFO  server.RaftServerConfigKeys (ConfUtils.java:logGet(43)) - raft.server.log.appender.install.snapshot.enabled = false (custom)
2019-10-04 02:36:16,460 [pool-37-thread-1] INFO  impl.RaftServerImpl (ServerState.java:<init>(103)) - 942988af-fa3d-4753-9e3b-dae2bed50966@group-3C2EF1E94944: ConfigurationManager, init=-1: [17757683-1fb4-4950-8121-37d40baca579:192.168.164.196:37423, 942988af-fa3d-4753-9e3b-dae2bed50966:192.168.164.196:38957, c13f9db6-dbd2-45bd-8caa-43586fad62aa:192.168.164.196:41062], old=null, confs=<EMPTY_MAP>
2019-10-04 02:36:16,460 [pool-37-thread-1] INFO  server.RaftServerConfigKeys (ConfUtils.java:logGet(43)) - raft.server.storage.dir = [/workdir/hadoop-ozone/integration-test/target/test-dir/MiniOzoneClusterImpl-55dc459c-4f9d-491d-9aa1-7f15d9a1da2f/datanode-1/data/ratis] (custom)
2019-10-04 02:36:16,460 [pool-47-thread-1] INFO  impl.RaftServerImpl (RaftServerImpl.java:<init>(95)) - c13f9db6-dbd2-45bd-8caa-43586fad62aa: new RaftServerImpl for group-3C2EF1E94944:[17757683-1fb4-4950-8121-37d40baca579:192.168.164.196:37423, 942988af-fa3d-4753-9e3b-dae2bed50966:192.168.164.196:38957, c13f9db6-dbd2-45bd-8caa-43586fad62aa:192.168.164.196:41062] with ContainerStateMachine:uninitialized
2019-10-04 02:36:16,460 [pool-37-thread-1] INFO  server.RaftServerConfigKeys (ConfUtils.java:logGet(43)) - raft.server.log.corruption.policy = EXCEPTION (default)
2019-10-04 02:36:16,460 [pool-47-thread-1] INFO  server.RaftServerConfigKeys (ConfUtils.java:logGet(43)) - raft.server.rpc.timeout.min = 5s (custom)
2019-10-04 02:36:16,461 [pool-37-thread-1] INFO  storage.RaftStorageDirectory (RaftStorageDirectory.java:analyzeStorage(246)) - The storage directory /workdir/hadoop-ozone/integration-test/target/test-dir/MiniOzoneClusterImpl-55dc459c-4f9d-491d-9aa1-7f15d9a1da2f/datanode-1/data/ratis/bdad85d9-5a6e-42fe-aa6a-3c2ef1e94944 does not exist. Creating ...
2019-10-04 02:36:16,461 [pool-47-thread-1] INFO  server.RaftServerConfigKeys (ConfUtils.java:logGet(43)) - raft.server.rpc.timeout.max = 5200ms (custom)
2019-10-04 02:36:16,461 [pool-47-thread-1] INFO  server.RaftServerConfigKeys (ConfUtils.java:logGet(43)) - raft.server.rpcslowness.timeout = 120s (custom)
2019-10-04 02:36:16,461 [pool-47-thread-1] INFO  server.RaftServerConfigKeys (ConfUtils.java:logGet(43)) - raft.server.sleep.deviation.threshold = 300 (default)
2019-10-04 02:36:16,461 [pool-47-thread-1] INFO  server.RaftServerConfigKeys (ConfUtils.java:logGet(43)) - raft.server.log.appender.install.snapshot.enabled = false (custom)
2019-10-04 02:36:16,462 [pool-47-thread-1] INFO  impl.RaftServerImpl (ServerState.java:<init>(103)) - c13f9db6-dbd2-45bd-8caa-43586fad62aa@group-3C2EF1E94944: ConfigurationManager, init=-1: [17757683-1fb4-4950-8121-37d40baca579:192.168.164.196:37423, 942988af-fa3d-4753-9e3b-dae2bed50966:192.168.164.196:38957, c13f9db6-dbd2-45bd-8caa-43586fad62aa:192.168.164.196:41062], old=null, confs=<EMPTY_MAP>
2019-10-04 02:36:16,462 [pool-47-thread-1] INFO  server.RaftServerConfigKeys (ConfUtils.java:logGet(43)) - raft.server.storage.dir = [/workdir/hadoop-ozone/integration-test/target/test-dir/MiniOzoneClusterImpl-55dc459c-4f9d-491d-9aa1-7f15d9a1da2f/datanode-2/data/ratis] (custom)
2019-10-04 02:36:16,462 [pool-47-thread-1] INFO  server.RaftServerConfigKeys (ConfUtils.java:logGet(43)) - raft.server.log.corruption.policy = EXCEPTION (default)
2019-10-04 02:36:16,463 [pool-47-thread-1] INFO  storage.RaftStorageDirectory (RaftStorageDirectory.java:analyzeStorage(246)) - The storage directory /workdir/hadoop-ozone/integration-test/target/test-dir/MiniOzoneClusterImpl-55dc459c-4f9d-491d-9aa1-7f15d9a1da2f/datanode-2/data/ratis/bdad85d9-5a6e-42fe-aa6a-3c2ef1e94944 does not exist. Creating ...
2019-10-04 02:36:16,483 [pool-57-thread-1] INFO  storage.RaftStorageDirectory (RaftStorageDirectory.java:tryLock(328)) - Lock on /workdir/hadoop-ozone/integration-test/target/test-dir/MiniOzoneClusterImpl-55dc459c-4f9d-491d-9aa1-7f15d9a1da2f/datanode-3/data/ratis/bdad85d9-5a6e-42fe-aa6a-3c2ef1e94944/in_use.lock acquired by nodename 1567@pr-hdds-2181-xhd89-2114587330
2019-10-04 02:36:16,483 [pool-47-thread-1] INFO  storage.RaftStorageDirectory (RaftStorageDirectory.java:tryLock(328)) - Lock on /workdir/hadoop-ozone/integration-test/target/test-dir/MiniOzoneClusterImpl-55dc459c-4f9d-491d-9aa1-7f15d9a1da2f/datanode-2/data/ratis/bdad85d9-5a6e-42fe-aa6a-3c2ef1e94944/in_use.lock acquired by nodename 1567@pr-hdds-2181-xhd89-2114587330
2019-10-04 02:36:16,483 [pool-37-thread-1] INFO  storage.RaftStorageDirectory (RaftStorageDirectory.java:tryLock(328)) - Lock on /workdir/hadoop-ozone/integration-test/target/test-dir/MiniOzoneClusterImpl-55dc459c-4f9d-491d-9aa1-7f15d9a1da2f/datanode-1/data/ratis/bdad85d9-5a6e-42fe-aa6a-3c2ef1e94944/in_use.lock acquired by nodename 1567@pr-hdds-2181-xhd89-2114587330
2019-10-04 02:36:16,519 [pool-47-thread-1] INFO  storage.RaftStorage (RaftStorage.java:format(84)) - Storage directory /workdir/hadoop-ozone/integration-test/target/test-dir/MiniOzoneClusterImpl-55dc459c-4f9d-491d-9aa1-7f15d9a1da2f/datanode-2/data/ratis/bdad85d9-5a6e-42fe-aa6a-3c2ef1e94944 has been successfully formatted.
2019-10-04 02:36:16,519 [pool-57-thread-1] INFO  storage.RaftStorage (RaftStorage.java:format(84)) - Storage directory /workdir/hadoop-ozone/integration-test/target/test-dir/MiniOzoneClusterImpl-55dc459c-4f9d-491d-9aa1-7f15d9a1da2f/datanode-3/data/ratis/bdad85d9-5a6e-42fe-aa6a-3c2ef1e94944 has been successfully formatted.
2019-10-04 02:36:16,519 [pool-37-thread-1] INFO  storage.RaftStorage (RaftStorage.java:format(84)) - Storage directory /workdir/hadoop-ozone/integration-test/target/test-dir/MiniOzoneClusterImpl-55dc459c-4f9d-491d-9aa1-7f15d9a1da2f/datanode-1/data/ratis/bdad85d9-5a6e-42fe-aa6a-3c2ef1e94944 has been successfully formatted.
2019-10-04 02:36:16,519 [pool-47-thread-1] INFO  ratis.ContainerStateMachine (ContainerStateMachine.java:loadSnapshot(230)) - group-3C2EF1E94944: The snapshot info is null. Setting the last applied indexto:(t:0, i:~)
2019-10-04 02:36:16,520 [pool-37-thread-1] INFO  ratis.ContainerStateMachine (ContainerStateMachine.java:loadSnapshot(230)) - group-3C2EF1E94944: The snapshot info is null. Setting the last applied indexto:(t:0, i:~)
2019-10-04 02:36:16,520 [pool-57-thread-1] INFO  ratis.ContainerStateMachine (ContainerStateMachine.java:loadSnapshot(230)) - group-3C2EF1E94944: The snapshot info is null. Setting the last applied indexto:(t:0, i:~)
2019-10-04 02:36:16,520 [pool-37-thread-1] INFO  server.RaftServerConfigKeys (ConfUtils.java:logGet(43)) - raft.server.notification.no-leader.timeout = 120s (custom)
2019-10-04 02:36:16,520 [pool-47-thread-1] INFO  server.RaftServerConfigKeys (ConfUtils.java:logGet(43)) - raft.server.notification.no-leader.timeout = 120s (custom)
2019-10-04 02:36:16,520 [pool-37-thread-1] INFO  server.RaftServerConfigKeys (ConfUtils.java:logGet(43)) - raft.server.log.use.memory = false (default)
2019-10-04 02:36:16,520 [pool-57-thread-1] INFO  server.RaftServerConfigKeys (ConfUtils.java:logGet(43)) - raft.server.notification.no-leader.timeout = 120s (custom)
2019-10-04 02:36:16,521 [pool-37-thread-1] INFO  server.RaftServerConfigKeys (ConfUtils.java:logGet(43)) - raft.server.log.purge.gap = 1000000 (custom)
2019-10-04 02:36:16,520 [pool-47-thread-1] INFO  server.RaftServerConfigKeys (ConfUtils.java:logGet(43)) - raft.server.log.use.memory = false (default)
2019-10-04 02:36:16,521 [pool-37-thread-1] INFO  server.RaftServerConfigKeys (ConfUtils.java:logGet(43)) - raft.server.log.appender.buffer.byte-limit = 33554432 (custom)
2019-10-04 02:36:16,521 [pool-57-thread-1] INFO  server.RaftServerConfigKeys (ConfUtils.java:logGet(43)) - raft.server.log.use.memory = false (default)
2019-10-04 02:36:16,521 [pool-37-thread-1] INFO  server.RaftServerConfigKeys (ConfUtils.java:logGet(43)) - raft.server.log.segment.size.max = 1048576 (custom)
2019-10-04 02:36:16,521 [pool-47-thread-1] INFO  server.RaftServerConfigKeys (ConfUtils.java:logGet(43)) - raft.server.log.purge.gap = 1000000 (custom)
2019-10-04 02:36:16,522 [pool-37-thread-1] INFO  server.RaftServerConfigKeys (ConfUtils.java:logGet(43)) - raft.server.log.segment.cache.num.max = 2 (custom)
2019-10-04 02:36:16,522 [pool-57-thread-1] INFO  server.RaftServerConfigKeys (ConfUtils.java:logGet(43)) - raft.server.log.purge.gap = 1000000 (custom)
2019-10-04 02:36:16,522 [pool-37-thread-1] INFO  segmented.SegmentedRaftLogWorker (SegmentedRaftLogWorker.java:<init>(173)) - new 942988af-fa3d-4753-9e3b-dae2bed50966@group-3C2EF1E94944-SegmentedRaftLogWorker for RaftStorage:Storage Directory /workdir/hadoop-ozone/integration-test/target/test-dir/MiniOzoneClusterImpl-55dc459c-4f9d-491d-9aa1-7f15d9a1da2f/datanode-1/data/ratis/bdad85d9-5a6e-42fe-aa6a-3c2ef1e94944
2019-10-04 02:36:16,522 [pool-47-thread-1] INFO  server.RaftServerConfigKeys (ConfUtils.java:logGet(43)) - raft.server.log.appender.buffer.byte-limit = 33554432 (custom)
2019-10-04 02:36:16,522 [pool-37-thread-1] INFO  server.RaftServerConfigKeys (ConfUtils.java:logGet(43)) - raft.server.log.queue.byte-limit = 2147483647 (custom)
2019-10-04 02:36:16,522 [pool-57-thread-1] INFO  server.RaftServerConfigKeys (ConfUtils.java:logGet(43)) - raft.server.log.appender.buffer.byte-limit = 33554432 (custom)
2019-10-04 02:36:16,523 [pool-37-thread-1] INFO  server.RaftServerConfigKeys (ConfUtils.java:logGet(43)) - raft.server.log.queue.element-limit = 1024 (custom)
2019-10-04 02:36:16,523 [pool-47-thread-1] INFO  server.RaftServerConfigKeys (ConfUtils.java:logGet(43)) - raft.server.log.segment.size.max = 1048576 (custom)
2019-10-04 02:36:16,523 [pool-37-thread-1] INFO  server.RaftServerConfigKeys (ConfUtils.java:logGet(43)) - raft.server.log.segment.size.max = 1048576 (custom)
2019-10-04 02:36:16,523 [pool-57-thread-1] INFO  server.RaftServerConfigKeys (ConfUtils.java:logGet(43)) - raft.server.log.segment.size.max = 1048576 (custom)
2019-10-04 02:36:16,523 [pool-37-thread-1] INFO  server.RaftServerConfigKeys (ConfUtils.java:logGet(43)) - raft.server.log.preallocated.size = 16384 (custom)
2019-10-04 02:36:16,523 [pool-47-thread-1] INFO  server.RaftServerConfigKeys (ConfUtils.java:logGet(43)) - raft.server.log.segment.cache.num.max = 2 (custom)
2019-10-04 02:36:16,524 [pool-37-thread-1] INFO  server.RaftServerConfigKeys (ConfUtils.java:logGet(43)) - raft.server.log.write.buffer.size = 33554432 (custom)
2019-10-04 02:36:16,524 [pool-57-thread-1] INFO  server.RaftServerConfigKeys (ConfUtils.java:logGet(43)) - raft.server.log.segment.cache.num.max = 2 (custom)
2019-10-04 02:36:16,524 [pool-37-thread-1] INFO  server.RaftServerConfigKeys (ConfUtils.java:logGet(43)) - raft.server.log.force.sync.num = 128 (default)
2019-10-04 02:36:16,524 [pool-47-thread-1] INFO  segmented.SegmentedRaftLogWorker (SegmentedRaftLogWorker.java:<init>(173)) - new c13f9db6-dbd2-45bd-8caa-43586fad62aa@group-3C2EF1E94944-SegmentedRaftLogWorker for RaftStorage:Storage Directory /workdir/hadoop-ozone/integration-test/target/test-dir/MiniOzoneClusterImpl-55dc459c-4f9d-491d-9aa1-7f15d9a1da2f/datanode-2/data/ratis/bdad85d9-5a6e-42fe-aa6a-3c2ef1e94944
2019-10-04 02:36:16,524 [pool-37-thread-1] INFO  server.RaftServerConfigKeys (ConfUtils.java:logGet(43)) - raft.server.log.statemachine.data.sync = true (default)
2019-10-04 02:36:16,524 [pool-57-thread-1] INFO  segmented.SegmentedRaftLogWorker (SegmentedRaftLogWorker.java:<init>(173)) - new 17757683-1fb4-4950-8121-37d40baca579@group-3C2EF1E94944-SegmentedRaftLogWorker for RaftStorage:Storage Directory /workdir/hadoop-ozone/integration-test/target/test-dir/MiniOzoneClusterImpl-55dc459c-4f9d-491d-9aa1-7f15d9a1da2f/datanode-3/data/ratis/bdad85d9-5a6e-42fe-aa6a-3c2ef1e94944
2019-10-04 02:36:16,525 [pool-37-thread-1] INFO  server.RaftServerConfigKeys (ConfUtils.java:logGet(43)) - raft.server.log.statemachine.data.sync.timeout = 10s (default)
2019-10-04 02:36:16,525 [pool-47-thread-1] INFO  server.RaftServerConfigKeys (ConfUtils.java:logGet(43)) - raft.server.log.queue.byte-limit = 2147483647 (custom)
2019-10-04 02:36:16,525 [pool-37-thread-1] INFO  server.RaftServerConfigKeys (ConfUtils.java:logGet(43)) - raft.server.log.statemachine.data.sync.timeout.retry = -1 (default)
2019-10-04 02:36:16,525 [pool-57-thread-1] INFO  server.RaftServerConfigKeys (ConfUtils.java:logGet(43)) - raft.server.log.queue.byte-limit = 2147483647 (custom)
2019-10-04 02:36:16,525 [pool-47-thread-1] INFO  server.RaftServerConfigKeys (ConfUtils.java:logGet(43)) - raft.server.log.queue.element-limit = 1024 (custom)
2019-10-04 02:36:16,525 [pool-57-thread-1] INFO  server.RaftServerConfigKeys (ConfUtils.java:logGet(43)) - raft.server.log.queue.element-limit = 1024 (custom)
2019-10-04 02:36:16,525 [pool-37-thread-1] INFO  server.RaftServerConfigKeys (ConfUtils.java:logGet(43)) - raft.server.log.statemachine.data.caching.enabled = true (custom)
2019-10-04 02:36:16,526 [pool-57-thread-1] INFO  server.RaftServerConfigKeys (ConfUtils.java:logGet(43)) - raft.server.log.segment.size.max = 1048576 (custom)
2019-10-04 02:36:16,526 [pool-47-thread-1] INFO  server.RaftServerConfigKeys (ConfUtils.java:logGet(43)) - raft.server.log.segment.size.max = 1048576 (custom)
2019-10-04 02:36:16,526 [pool-37-thread-1] INFO  segmented.SegmentedRaftLogWorker (SegmentedRaftLogWorker.java:lambda$new$0(128)) - 942988af-fa3d-4753-9e3b-dae2bed50966@group-3C2EF1E94944-SegmentedRaftLogWorker: flushIndex: setUnconditionally 0 -> -1
2019-10-04 02:36:16,526 [pool-57-thread-1] INFO  server.RaftServerConfigKeys (ConfUtils.java:logGet(43)) - raft.server.log.preallocated.size = 16384 (custom)
2019-10-04 02:36:16,526 [pool-47-thread-1] INFO  server.RaftServerConfigKeys (ConfUtils.java:logGet(43)) - raft.server.log.preallocated.size = 16384 (custom)
2019-10-04 02:36:16,527 [pool-37-thread-1] INFO  server.RaftServerConfigKeys (ConfUtils.java:logGet(43)) - raft.server.snapshot.auto.trigger.enabled = true (custom)
2019-10-04 02:36:16,527 [pool-57-thread-1] INFO  server.RaftServerConfigKeys (ConfUtils.java:logGet(43)) - raft.server.log.write.buffer.size = 33554432 (custom)
2019-10-04 02:36:16,527 [pool-37-thread-1] INFO  server.RaftServerConfigKeys (ConfUtils.java:logGet(43)) - raft.server.snapshot.auto.trigger.threshold = 10000 (custom)
2019-10-04 02:36:16,527 [pool-47-thread-1] INFO  server.RaftServerConfigKeys (ConfUtils.java:logGet(43)) - raft.server.log.write.buffer.size = 33554432 (custom)
2019-10-04 02:36:16,527 [pool-37-thread-1] INFO  server.RaftServerConfigKeys (ConfUtils.java:logGet(43)) - raft.server.snapshot.retention.file.num = 5 (custom)
2019-10-04 02:36:16,527 [pool-57-thread-1] INFO  server.RaftServerConfigKeys (ConfUtils.java:logGet(43)) - raft.server.log.force.sync.num = 128 (default)
2019-10-04 02:36:16,528 [pool-37-thread-1] INFO  server.RaftServerConfigKeys (ConfUtils.java:logGet(43)) - raft.server.retrycache.expirytime = 600000ms (custom)
2019-10-04 02:36:16,527 [pool-47-thread-1] INFO  server.RaftServerConfigKeys (ConfUtils.java:logGet(43)) - raft.server.log.force.sync.num = 128 (default)
2019-10-04 02:36:16,528 [pool-57-thread-1] INFO  server.RaftServerConfigKeys (ConfUtils.java:logGet(43)) - raft.server.log.statemachine.data.sync = true (default)
2019-10-04 02:36:16,528 [pool-47-thread-1] INFO  server.RaftServerConfigKeys (ConfUtils.java:logGet(43)) - raft.server.log.statemachine.data.sync = true (default)
2019-10-04 02:36:16,528 [pool-57-thread-1] INFO  server.RaftServerConfigKeys (ConfUtils.java:logGet(43)) - raft.server.log.statemachine.data.sync.timeout = 10s (default)
2019-10-04 02:36:16,528 [pool-47-thread-1] INFO  server.RaftServerConfigKeys (ConfUtils.java:logGet(43)) - raft.server.log.statemachine.data.sync.timeout = 10s (default)
2019-10-04 02:36:16,529 [pool-57-thread-1] INFO  server.RaftServerConfigKeys (ConfUtils.java:logGet(43)) - raft.server.log.statemachine.data.sync.timeout.retry = -1 (default)
2019-10-04 02:36:16,529 [pool-47-thread-1] INFO  server.RaftServerConfigKeys (ConfUtils.java:logGet(43)) - raft.server.log.statemachine.data.sync.timeout.retry = -1 (default)
2019-10-04 02:36:16,531 [pool-57-thread-1] INFO  server.RaftServerConfigKeys (ConfUtils.java:logGet(43)) - raft.server.log.statemachine.data.caching.enabled = true (custom)
2019-10-04 02:36:16,532 [pool-47-thread-1] INFO  server.RaftServerConfigKeys (ConfUtils.java:logGet(43)) - raft.server.log.statemachine.data.caching.enabled = true (custom)
2019-10-04 02:36:16,532 [pool-57-thread-1] INFO  segmented.SegmentedRaftLogWorker (SegmentedRaftLogWorker.java:lambda$new$0(128)) - 17757683-1fb4-4950-8121-37d40baca579@group-3C2EF1E94944-SegmentedRaftLogWorker: flushIndex: setUnconditionally 0 -> -1
2019-10-04 02:36:16,532 [pool-47-thread-1] INFO  segmented.SegmentedRaftLogWorker (SegmentedRaftLogWorker.java:lambda$new$0(128)) - c13f9db6-dbd2-45bd-8caa-43586fad62aa@group-3C2EF1E94944-SegmentedRaftLogWorker: flushIndex: setUnconditionally 0 -> -1
2019-10-04 02:36:16,532 [pool-57-thread-1] INFO  server.RaftServerConfigKeys (ConfUtils.java:logGet(43)) - raft.server.snapshot.auto.trigger.enabled = true (custom)
2019-10-04 02:36:16,533 [pool-47-thread-1] INFO  server.RaftServerConfigKeys (ConfUtils.java:logGet(43)) - raft.server.snapshot.auto.trigger.enabled = true (custom)
2019-10-04 02:36:16,533 [pool-57-thread-1] INFO  server.RaftServerConfigKeys (ConfUtils.java:logGet(43)) - raft.server.snapshot.auto.trigger.threshold = 10000 (custom)
2019-10-04 02:36:16,533 [pool-47-thread-1] INFO  server.RaftServerConfigKeys (ConfUtils.java:logGet(43)) - raft.server.snapshot.auto.trigger.threshold = 10000 (custom)
2019-10-04 02:36:16,533 [pool-57-thread-1] INFO  server.RaftServerConfigKeys (ConfUtils.java:logGet(43)) - raft.server.snapshot.retention.file.num = 5 (custom)
2019-10-04 02:36:16,533 [pool-47-thread-1] INFO  server.RaftServerConfigKeys (ConfUtils.java:logGet(43)) - raft.server.snapshot.retention.file.num = 5 (custom)
2019-10-04 02:36:16,533 [pool-57-thread-1] INFO  server.RaftServerConfigKeys (ConfUtils.java:logGet(43)) - raft.server.retrycache.expirytime = 600000ms (custom)
2019-10-04 02:36:16,533 [pool-47-thread-1] INFO  server.RaftServerConfigKeys (ConfUtils.java:logGet(43)) - raft.server.retrycache.expirytime = 600000ms (custom)
2019-10-04 02:36:16,534 [pool-37-thread-1] INFO  impl.RaftServerImpl (RaftServerImpl.java:start(181)) - 942988af-fa3d-4753-9e3b-dae2bed50966@group-3C2EF1E94944: start as a follower, conf=-1: [17757683-1fb4-4950-8121-37d40baca579:192.168.164.196:37423, 942988af-fa3d-4753-9e3b-dae2bed50966:192.168.164.196:38957, c13f9db6-dbd2-45bd-8caa-43586fad62aa:192.168.164.196:41062], old=null
2019-10-04 02:36:16,535 [pool-37-thread-1] INFO  impl.RaftServerImpl (RaftServerImpl.java:setRole(170)) - 942988af-fa3d-4753-9e3b-dae2bed50966@group-3C2EF1E94944: changes role from      null to FOLLOWER at term 0 for startAsFollower
2019-10-04 02:36:16,535 [pool-37-thread-1] INFO  impl.RoleInfo (RoleInfo.java:updateAndGet(143)) - 942988af-fa3d-4753-9e3b-dae2bed50966: start FollowerState
2019-10-04 02:36:16,535 [pool-37-thread-1] INFO  util.JmxRegister (JmxRegister.java:tryRegister(44)) - Successfully registered JMX Bean with object name Ratis:service=RaftServer,group=group-3C2EF1E94944,id=942988af-fa3d-4753-9e3b-dae2bed50966
2019-10-04 02:36:16,549 [pool-57-thread-1] INFO  impl.RaftServerImpl (RaftServerImpl.java:start(181)) - 17757683-1fb4-4950-8121-37d40baca579@group-3C2EF1E94944: start as a follower, conf=-1: [17757683-1fb4-4950-8121-37d40baca579:192.168.164.196:37423, 942988af-fa3d-4753-9e3b-dae2bed50966:192.168.164.196:38957, c13f9db6-dbd2-45bd-8caa-43586fad62aa:192.168.164.196:41062], old=null
2019-10-04 02:36:16,551 [pool-57-thread-1] INFO  impl.RaftServerImpl (RaftServerImpl.java:setRole(170)) - 17757683-1fb4-4950-8121-37d40baca579@group-3C2EF1E94944: changes role from      null to FOLLOWER at term 0 for startAsFollower
2019-10-04 02:36:16,556 [pool-57-thread-1] INFO  impl.RoleInfo (RoleInfo.java:updateAndGet(143)) - 17757683-1fb4-4950-8121-37d40baca579: start FollowerState
2019-10-04 02:36:16,566 [pool-57-thread-1] INFO  util.JmxRegister (JmxRegister.java:tryRegister(44)) - Successfully registered JMX Bean with object name Ratis:service=RaftServer,group=group-3C2EF1E94944,id=17757683-1fb4-4950-8121-37d40baca579
2019-10-04 02:36:16,566 [pool-47-thread-1] INFO  impl.RaftServerImpl (RaftServerImpl.java:start(181)) - c13f9db6-dbd2-45bd-8caa-43586fad62aa@group-3C2EF1E94944: start as a follower, conf=-1: [17757683-1fb4-4950-8121-37d40baca579:192.168.164.196:37423, 942988af-fa3d-4753-9e3b-dae2bed50966:192.168.164.196:38957, c13f9db6-dbd2-45bd-8caa-43586fad62aa:192.168.164.196:41062], old=null
2019-10-04 02:36:16,567 [pool-47-thread-1] INFO  impl.RaftServerImpl (RaftServerImpl.java:setRole(170)) - c13f9db6-dbd2-45bd-8caa-43586fad62aa@group-3C2EF1E94944: changes role from      null to FOLLOWER at term 0 for startAsFollower
2019-10-04 02:36:16,567 [pool-47-thread-1] INFO  impl.RoleInfo (RoleInfo.java:updateAndGet(143)) - c13f9db6-dbd2-45bd-8caa-43586fad62aa: start FollowerState
2019-10-04 02:36:16,567 [pool-47-thread-1] INFO  util.JmxRegister (JmxRegister.java:tryRegister(44)) - Successfully registered JMX Bean with object name Ratis:service=RaftServer,group=group-3C2EF1E94944,id=c13f9db6-dbd2-45bd-8caa-43586fad62aa
2019-10-04 02:36:16,600 [RatisPipelineUtilsThread] INFO  pipeline.PipelineStateManager (PipelineStateManager.java:addPipeline(56)) - Created pipeline Pipeline[ Id: bdad85d9-5a6e-42fe-aa6a-3c2ef1e94944, Nodes: 942988af-fa3d-4753-9e3b-dae2bed50966{ip: 192.168.164.196, host: pr-hdds-2181-xhd89-2114587330, networkLocation: /default-rack, certSerialId: null}17757683-1fb4-4950-8121-37d40baca579{ip: 192.168.164.196, host: pr-hdds-2181-xhd89-2114587330, networkLocation: /default-rack, certSerialId: null}c13f9db6-dbd2-45bd-8caa-43586fad62aa{ip: 192.168.164.196, host: pr-hdds-2181-xhd89-2114587330, networkLocation: /default-rack, certSerialId: null}, Type:RATIS, Factor:THREE, State:OPEN]
2019-10-04 02:36:16,644 [grpc-default-executor-0] INFO  impl.RaftServerProxy (RaftServerProxy.java:addNew(89)) - a636c584-b1ba-41d4-9455-83e8d3b98ab2: addNew group-1CF6CA298444:[a648b77d-ebbe-442f-b9f5-71c97c023339:192.168.164.196:33812, 5635463c-e05f-4687-a088-7f1b01f803bd:192.168.164.196:37448, a636c584-b1ba-41d4-9455-83e8d3b98ab2:192.168.164.196:40690] returns group-1CF6CA298444:java.util.concurrent.CompletableFuture@1e5a9fae[Not completed]
2019-10-04 02:36:16,644 [grpc-default-executor-2] INFO  impl.RaftServerProxy (RaftServerProxy.java:addNew(89)) - a648b77d-ebbe-442f-b9f5-71c97c023339: addNew group-1CF6CA298444:[a648b77d-ebbe-442f-b9f5-71c97c023339:192.168.164.196:33812, 5635463c-e05f-4687-a088-7f1b01f803bd:192.168.164.196:37448, a636c584-b1ba-41d4-9455-83e8d3b98ab2:192.168.164.196:40690] returns group-1CF6CA298444:java.util.concurrent.CompletableFuture@3143390f[Not completed]
2019-10-04 02:36:16,648 [grpc-default-executor-0] INFO  impl.RaftServerProxy (RaftServerProxy.java:addNew(89)) - 5635463c-e05f-4687-a088-7f1b01f803bd: addNew group-1CF6CA298444:[a648b77d-ebbe-442f-b9f5-71c97c023339:192.168.164.196:33812, 5635463c-e05f-4687-a088-7f1b01f803bd:192.168.164.196:37448, a636c584-b1ba-41d4-9455-83e8d3b98ab2:192.168.164.196:40690] returns group-1CF6CA298444:java.util.concurrent.CompletableFuture@3b2f9d61[Not completed]
2019-10-04 02:36:16,650 [pool-77-thread-1] INFO  impl.RaftServerImpl (RaftServerImpl.java:<init>(95)) - a636c584-b1ba-41d4-9455-83e8d3b98ab2: new RaftServerImpl for group-1CF6CA298444:[a648b77d-ebbe-442f-b9f5-71c97c023339:192.168.164.196:33812, 5635463c-e05f-4687-a088-7f1b01f803bd:192.168.164.196:37448, a636c584-b1ba-41d4-9455-83e8d3b98ab2:192.168.164.196:40690] with ContainerStateMachine:uninitialized
2019-10-04 02:36:16,650 [pool-77-thread-1] INFO  server.RaftServerConfigKeys (ConfUtils.java:logGet(43)) - raft.server.rpc.timeout.min = 5s (custom)
2019-10-04 02:36:16,650 [pool-77-thread-1] INFO  server.RaftServerConfigKeys (ConfUtils.java:logGet(43)) - raft.server.rpc.timeout.max = 5200ms (custom)
2019-10-04 02:36:16,650 [pool-77-thread-1] INFO  server.RaftServerConfigKeys (ConfUtils.java:logGet(43)) - raft.server.rpcslowness.timeout = 120s (custom)
2019-10-04 02:36:16,650 [pool-77-thread-1] INFO  server.RaftServerConfigKeys (ConfUtils.java:logGet(43)) - raft.server.sleep.deviation.threshold = 300 (default)
2019-10-04 02:36:16,651 [pool-77-thread-1] INFO  server.RaftServerConfigKeys (ConfUtils.java:logGet(43)) - raft.server.log.appender.install.snapshot.enabled = false (custom)
2019-10-04 02:36:16,651 [pool-67-thread-1] INFO  impl.RaftServerImpl (RaftServerImpl.java:<init>(95)) - 5635463c-e05f-4687-a088-7f1b01f803bd: new RaftServerImpl for group-1CF6CA298444:[a648b77d-ebbe-442f-b9f5-71c97c023339:192.168.164.196:33812, 5635463c-e05f-4687-a088-7f1b01f803bd:192.168.164.196:37448, a636c584-b1ba-41d4-9455-83e8d3b98ab2:192.168.164.196:40690] with ContainerStateMachine:uninitialized
2019-10-04 02:36:16,651 [pool-77-thread-1] INFO  impl.RaftServerImpl (ServerState.java:<init>(103)) - a636c584-b1ba-41d4-9455-83e8d3b98ab2@group-1CF6CA298444: ConfigurationManager, init=-1: [a648b77d-ebbe-442f-b9f5-71c97c023339:192.168.164.196:33812, 5635463c-e05f-4687-a088-7f1b01f803bd:192.168.164.196:37448, a636c584-b1ba-41d4-9455-83e8d3b98ab2:192.168.164.196:40690], old=null, confs=<EMPTY_MAP>
2019-10-04 02:36:16,651 [pool-67-thread-1] INFO  server.RaftServerConfigKeys (ConfUtils.java:logGet(43)) - raft.server.rpc.timeout.min = 5s (custom)
2019-10-04 02:36:16,651 [pool-77-thread-1] INFO  server.RaftServerConfigKeys (ConfUtils.java:logGet(43)) - raft.server.storage.dir = [/workdir/hadoop-ozone/integration-test/target/test-dir/MiniOzoneClusterImpl-55dc459c-4f9d-491d-9aa1-7f15d9a1da2f/datanode-5/data/ratis] (custom)
2019-10-04 02:36:16,651 [pool-67-thread-1] INFO  server.RaftServerConfigKeys (ConfUtils.java:logGet(43)) - raft.server.rpc.timeout.max = 5200ms (custom)
2019-10-04 02:36:16,651 [pool-67-thread-1] INFO  server.RaftServerConfigKeys (ConfUtils.java:logGet(43)) - raft.server.rpcslowness.timeout = 120s (custom)
2019-10-04 02:36:16,652 [pool-77-thread-1] INFO  server.RaftServerConfigKeys (ConfUtils.java:logGet(43)) - raft.server.log.corruption.policy = EXCEPTION (default)
2019-10-04 02:36:16,652 [pool-67-thread-1] INFO  server.RaftServerConfigKeys (ConfUtils.java:logGet(43)) - raft.server.sleep.deviation.threshold = 300 (default)
2019-10-04 02:36:16,652 [pool-77-thread-1] INFO  storage.RaftStorageDirectory (RaftStorageDirectory.java:analyzeStorage(246)) - The storage directory /workdir/hadoop-ozone/integration-test/target/test-dir/MiniOzoneClusterImpl-55dc459c-4f9d-491d-9aa1-7f15d9a1da2f/datanode-5/data/ratis/91084e95-80cb-49e3-aa7c-1cf6ca298444 does not exist. Creating ...
2019-10-04 02:36:16,652 [pool-67-thread-1] INFO  server.RaftServerConfigKeys (ConfUtils.java:logGet(43)) - raft.server.log.appender.install.snapshot.enabled = false (custom)
2019-10-04 02:36:16,652 [pool-67-thread-1] INFO  impl.RaftServerImpl (ServerState.java:<init>(103)) - 5635463c-e05f-4687-a088-7f1b01f803bd@group-1CF6CA298444: ConfigurationManager, init=-1: [a648b77d-ebbe-442f-b9f5-71c97c023339:192.168.164.196:33812, 5635463c-e05f-4687-a088-7f1b01f803bd:192.168.164.196:37448, a636c584-b1ba-41d4-9455-83e8d3b98ab2:192.168.164.196:40690], old=null, confs=<EMPTY_MAP>
2019-10-04 02:36:16,652 [pool-87-thread-1] INFO  impl.RaftServerImpl (RaftServerImpl.java:<init>(95)) - a648b77d-ebbe-442f-b9f5-71c97c023339: new RaftServerImpl for group-1CF6CA298444:[a648b77d-ebbe-442f-b9f5-71c97c023339:192.168.164.196:33812, 5635463c-e05f-4687-a088-7f1b01f803bd:192.168.164.196:37448, a636c584-b1ba-41d4-9455-83e8d3b98ab2:192.168.164.196:40690] with ContainerStateMachine:uninitialized
2019-10-04 02:36:16,652 [pool-67-thread-1] INFO  server.RaftServerConfigKeys (ConfUtils.java:logGet(43)) - raft.server.storage.dir = [/workdir/hadoop-ozone/integration-test/target/test-dir/MiniOzoneClusterImpl-55dc459c-4f9d-491d-9aa1-7f15d9a1da2f/datanode-4/data/ratis] (custom)
2019-10-04 02:36:16,653 [pool-87-thread-1] INFO  server.RaftServerConfigKeys (ConfUtils.java:logGet(43)) - raft.server.rpc.timeout.min = 5s (custom)
2019-10-04 02:36:16,653 [pool-67-thread-1] INFO  server.RaftServerConfigKeys (ConfUtils.java:logGet(43)) - raft.server.log.corruption.policy = EXCEPTION (default)
2019-10-04 02:36:16,653 [pool-87-thread-1] INFO  server.RaftServerConfigKeys (ConfUtils.java:logGet(43)) - raft.server.rpc.timeout.max = 5200ms (custom)
2019-10-04 02:36:16,653 [pool-67-thread-1] INFO  storage.RaftStorageDirectory (RaftStorageDirectory.java:analyzeStorage(246)) - The storage directory /workdir/hadoop-ozone/integration-test/target/test-dir/MiniOzoneClusterImpl-55dc459c-4f9d-491d-9aa1-7f15d9a1da2f/datanode-4/data/ratis/91084e95-80cb-49e3-aa7c-1cf6ca298444 does not exist. Creating ...
2019-10-04 02:36:16,653 [pool-87-thread-1] INFO  server.RaftServerConfigKeys (ConfUtils.java:logGet(43)) - raft.server.rpcslowness.timeout = 120s (custom)
2019-10-04 02:36:16,653 [pool-87-thread-1] INFO  server.RaftServerConfigKeys (ConfUtils.java:logGet(43)) - raft.server.sleep.deviation.threshold = 300 (default)
2019-10-04 02:36:16,653 [pool-87-thread-1] INFO  server.RaftServerConfigKeys (ConfUtils.java:logGet(43)) - raft.server.log.appender.install.snapshot.enabled = false (custom)
2019-10-04 02:36:16,654 [pool-87-thread-1] INFO  impl.RaftServerImpl (ServerState.java:<init>(103)) - a648b77d-ebbe-442f-b9f5-71c97c023339@group-1CF6CA298444: ConfigurationManager, init=-1: [a648b77d-ebbe-442f-b9f5-71c97c023339:192.168.164.196:33812, 5635463c-e05f-4687-a088-7f1b01f803bd:192.168.164.196:37448, a636c584-b1ba-41d4-9455-83e8d3b98ab2:192.168.164.196:40690], old=null, confs=<EMPTY_MAP>
2019-10-04 02:36:16,654 [pool-87-thread-1] INFO  server.RaftServerConfigKeys (ConfUtils.java:logGet(43)) - raft.server.storage.dir = [/workdir/hadoop-ozone/integration-test/target/test-dir/MiniOzoneClusterImpl-55dc459c-4f9d-491d-9aa1-7f15d9a1da2f/datanode-6/data/ratis] (custom)
2019-10-04 02:36:16,654 [pool-87-thread-1] INFO  server.RaftServerConfigKeys (ConfUtils.java:logGet(43)) - raft.server.log.corruption.policy = EXCEPTION (default)
2019-10-04 02:36:16,655 [pool-87-thread-1] INFO  storage.RaftStorageDirectory (RaftStorageDirectory.java:analyzeStorage(246)) - The storage directory /workdir/hadoop-ozone/integration-test/target/test-dir/MiniOzoneClusterImpl-55dc459c-4f9d-491d-9aa1-7f15d9a1da2f/datanode-6/data/ratis/91084e95-80cb-49e3-aa7c-1cf6ca298444 does not exist. Creating ...
2019-10-04 02:36:16,667 [pool-67-thread-1] INFO  storage.RaftStorageDirectory (RaftStorageDirectory.java:tryLock(328)) - Lock on /workdir/hadoop-ozone/integration-test/target/test-dir/MiniOzoneClusterImpl-55dc459c-4f9d-491d-9aa1-7f15d9a1da2f/datanode-4/data/ratis/91084e95-80cb-49e3-aa7c-1cf6ca298444/in_use.lock acquired by nodename 1567@pr-hdds-2181-xhd89-2114587330
2019-10-04 02:36:16,667 [pool-87-thread-1] INFO  storage.RaftStorageDirectory (RaftStorageDirectory.java:tryLock(328)) - Lock on /workdir/hadoop-ozone/integration-test/target/test-dir/MiniOzoneClusterImpl-55dc459c-4f9d-491d-9aa1-7f15d9a1da2f/datanode-6/data/ratis/91084e95-80cb-49e3-aa7c-1cf6ca298444/in_use.lock acquired by nodename 1567@pr-hdds-2181-xhd89-2114587330
2019-10-04 02:36:16,667 [pool-77-thread-1] INFO  storage.RaftStorageDirectory (RaftStorageDirectory.java:tryLock(328)) - Lock on /workdir/hadoop-ozone/integration-test/target/test-dir/MiniOzoneClusterImpl-55dc459c-4f9d-491d-9aa1-7f15d9a1da2f/datanode-5/data/ratis/91084e95-80cb-49e3-aa7c-1cf6ca298444/in_use.lock acquired by nodename 1567@pr-hdds-2181-xhd89-2114587330
2019-10-04 02:36:16,681 [pool-67-thread-1] INFO  storage.RaftStorage (RaftStorage.java:format(84)) - Storage directory /workdir/hadoop-ozone/integration-test/target/test-dir/MiniOzoneClusterImpl-55dc459c-4f9d-491d-9aa1-7f15d9a1da2f/datanode-4/data/ratis/91084e95-80cb-49e3-aa7c-1cf6ca298444 has been successfully formatted.
2019-10-04 02:36:16,681 [pool-77-thread-1] INFO  storage.RaftStorage (RaftStorage.java:format(84)) - Storage directory /workdir/hadoop-ozone/integration-test/target/test-dir/MiniOzoneClusterImpl-55dc459c-4f9d-491d-9aa1-7f15d9a1da2f/datanode-5/data/ratis/91084e95-80cb-49e3-aa7c-1cf6ca298444 has been successfully formatted.
2019-10-04 02:36:16,681 [pool-87-thread-1] INFO  storage.RaftStorage (RaftStorage.java:format(84)) - Storage directory /workdir/hadoop-ozone/integration-test/target/test-dir/MiniOzoneClusterImpl-55dc459c-4f9d-491d-9aa1-7f15d9a1da2f/datanode-6/data/ratis/91084e95-80cb-49e3-aa7c-1cf6ca298444 has been successfully formatted.
2019-10-04 02:36:16,681 [pool-77-thread-1] INFO  ratis.ContainerStateMachine (ContainerStateMachine.java:loadSnapshot(230)) - group-1CF6CA298444: The snapshot info is null. Setting the last applied indexto:(t:0, i:~)
2019-10-04 02:36:16,681 [pool-67-thread-1] INFO  ratis.ContainerStateMachine (ContainerStateMachine.java:loadSnapshot(230)) - group-1CF6CA298444: The snapshot info is null. Setting the last applied indexto:(t:0, i:~)
2019-10-04 02:36:16,681 [pool-87-thread-1] INFO  ratis.ContainerStateMachine (ContainerStateMachine.java:loadSnapshot(230)) - group-1CF6CA298444: The snapshot info is null. Setting the last applied indexto:(t:0, i:~)
2019-10-04 02:36:16,681 [pool-77-thread-1] INFO  server.RaftServerConfigKeys (ConfUtils.java:logGet(43)) - raft.server.notification.no-leader.timeout = 120s (custom)
2019-10-04 02:36:16,682 [pool-87-thread-1] INFO  server.RaftServerConfigKeys (ConfUtils.java:logGet(43)) - raft.server.notification.no-leader.timeout = 120s (custom)
2019-10-04 02:36:16,681 [pool-67-thread-1] INFO  server.RaftServerConfigKeys (ConfUtils.java:logGet(43)) - raft.server.notification.no-leader.timeout = 120s (custom)
2019-10-04 02:36:16,682 [pool-87-thread-1] INFO  server.RaftServerConfigKeys (ConfUtils.java:logGet(43)) - raft.server.log.use.memory = false (default)
2019-10-04 02:36:16,682 [pool-77-thread-1] INFO  server.RaftServerConfigKeys (ConfUtils.java:logGet(43)) - raft.server.log.use.memory = false (default)
2019-10-04 02:36:16,682 [pool-87-thread-1] INFO  server.RaftServerConfigKeys (ConfUtils.java:logGet(43)) - raft.server.log.purge.gap = 1000000 (custom)
2019-10-04 02:36:16,682 [pool-67-thread-1] INFO  server.RaftServerConfigKeys (ConfUtils.java:logGet(43)) - raft.server.log.use.memory = false (default)
2019-10-04 02:36:16,683 [pool-87-thread-1] INFO  server.RaftServerConfigKeys (ConfUtils.java:logGet(43)) - raft.server.log.appender.buffer.byte-limit = 33554432 (custom)
2019-10-04 02:36:16,682 [pool-77-thread-1] INFO  server.RaftServerConfigKeys (ConfUtils.java:logGet(43)) - raft.server.log.purge.gap = 1000000 (custom)
2019-10-04 02:36:16,683 [pool-87-thread-1] INFO  server.RaftServerConfigKeys (ConfUtils.java:logGet(43)) - raft.server.log.segment.size.max = 1048576 (custom)
2019-10-04 02:36:16,683 [pool-67-thread-1] INFO  server.RaftServerConfigKeys (ConfUtils.java:logGet(43)) - raft.server.log.purge.gap = 1000000 (custom)
2019-10-04 02:36:16,683 [pool-87-thread-1] INFO  server.RaftServerConfigKeys (ConfUtils.java:logGet(43)) - raft.server.log.segment.cache.num.max = 2 (custom)
2019-10-04 02:36:16,683 [pool-77-thread-1] INFO  server.RaftServerConfigKeys (ConfUtils.java:logGet(43)) - raft.server.log.appender.buffer.byte-limit = 33554432 (custom)
2019-10-04 02:36:16,684 [pool-87-thread-1] INFO  segmented.SegmentedRaftLogWorker (SegmentedRaftLogWorker.java:<init>(173)) - new a648b77d-ebbe-442f-b9f5-71c97c023339@group-1CF6CA298444-SegmentedRaftLogWorker for RaftStorage:Storage Directory /workdir/hadoop-ozone/integration-test/target/test-dir/MiniOzoneClusterImpl-55dc459c-4f9d-491d-9aa1-7f15d9a1da2f/datanode-6/data/ratis/91084e95-80cb-49e3-aa7c-1cf6ca298444
2019-10-04 02:36:16,683 [pool-67-thread-1] INFO  server.RaftServerConfigKeys (ConfUtils.java:logGet(43)) - raft.server.log.appender.buffer.byte-limit = 33554432 (custom)
2019-10-04 02:36:16,684 [pool-87-thread-1] INFO  server.RaftServerConfigKeys (ConfUtils.java:logGet(43)) - raft.server.log.queue.byte-limit = 2147483647 (custom)
2019-10-04 02:36:16,684 [pool-77-thread-1] INFO  server.RaftServerConfigKeys (ConfUtils.java:logGet(43)) - raft.server.log.segment.size.max = 1048576 (custom)
2019-10-04 02:36:16,684 [pool-87-thread-1] INFO  server.RaftServerConfigKeys (ConfUtils.java:logGet(43)) - raft.server.log.queue.element-limit = 1024 (custom)
2019-10-04 02:36:16,684 [pool-67-thread-1] INFO  server.RaftServerConfigKeys (ConfUtils.java:logGet(43)) - raft.server.log.segment.size.max = 1048576 (custom)
2019-10-04 02:36:16,685 [pool-87-thread-1] INFO  server.RaftServerConfigKeys (ConfUtils.java:logGet(43)) - raft.server.log.segment.size.max = 1048576 (custom)
2019-10-04 02:36:16,685 [pool-77-thread-1] INFO  server.RaftServerConfigKeys (ConfUtils.java:logGet(43)) - raft.server.log.segment.cache.num.max = 2 (custom)
2019-10-04 02:36:16,685 [pool-87-thread-1] INFO  server.RaftServerConfigKeys (ConfUtils.java:logGet(43)) - raft.server.log.preallocated.size = 16384 (custom)
2019-10-04 02:36:16,685 [pool-67-thread-1] INFO  server.RaftServerConfigKeys (ConfUtils.java:logGet(43)) - raft.server.log.segment.cache.num.max = 2 (custom)
2019-10-04 02:36:16,685 [pool-77-thread-1] INFO  segmented.SegmentedRaftLogWorker (SegmentedRaftLogWorker.java:<init>(173)) - new a636c584-b1ba-41d4-9455-83e8d3b98ab2@group-1CF6CA298444-SegmentedRaftLogWorker for RaftStorage:Storage Directory /workdir/hadoop-ozone/integration-test/target/test-dir/MiniOzoneClusterImpl-55dc459c-4f9d-491d-9aa1-7f15d9a1da2f/datanode-5/data/ratis/91084e95-80cb-49e3-aa7c-1cf6ca298444
2019-10-04 02:36:16,685 [pool-67-thread-1] INFO  segmented.SegmentedRaftLogWorker (SegmentedRaftLogWorker.java:<init>(173)) - new 5635463c-e05f-4687-a088-7f1b01f803bd@group-1CF6CA298444-SegmentedRaftLogWorker for RaftStorage:Storage Directory /workdir/hadoop-ozone/integration-test/target/test-dir/MiniOzoneClusterImpl-55dc459c-4f9d-491d-9aa1-7f15d9a1da2f/datanode-4/data/ratis/91084e95-80cb-49e3-aa7c-1cf6ca298444
2019-10-04 02:36:16,685 [pool-87-thread-1] INFO  server.RaftServerConfigKeys (ConfUtils.java:logGet(43)) - raft.server.log.write.buffer.size = 33554432 (custom)
2019-10-04 02:36:16,686 [pool-67-thread-1] INFO  server.RaftServerConfigKeys (ConfUtils.java:logGet(43)) - raft.server.log.queue.byte-limit = 2147483647 (custom)
2019-10-04 02:36:16,686 [pool-77-thread-1] INFO  server.RaftServerConfigKeys (ConfUtils.java:logGet(43)) - raft.server.log.queue.byte-limit = 2147483647 (custom)
2019-10-04 02:36:16,686 [pool-67-thread-1] INFO  server.RaftServerConfigKeys (ConfUtils.java:logGet(43)) - raft.server.log.queue.element-limit = 1024 (custom)
2019-10-04 02:36:16,686 [pool-87-thread-1] INFO  server.RaftServerConfigKeys (ConfUtils.java:logGet(43)) - raft.server.log.force.sync.num = 128 (default)
2019-10-04 02:36:16,686 [pool-67-thread-1] INFO  server.RaftServerConfigKeys (ConfUtils.java:logGet(43)) - raft.server.log.segment.size.max = 1048576 (custom)
2019-10-04 02:36:16,686 [pool-77-thread-1] INFO  server.RaftServerConfigKeys (ConfUtils.java:logGet(43)) - raft.server.log.queue.element-limit = 1024 (custom)
2019-10-04 02:36:16,687 [pool-67-thread-1] INFO  server.RaftServerConfigKeys (ConfUtils.java:logGet(43)) - raft.server.log.preallocated.size = 16384 (custom)
2019-10-04 02:36:16,686 [pool-87-thread-1] INFO  server.RaftServerConfigKeys (ConfUtils.java:logGet(43)) - raft.server.log.statemachine.data.sync = true (default)
2019-10-04 02:36:16,687 [pool-67-thread-1] INFO  server.RaftServerConfigKeys (ConfUtils.java:logGet(43)) - raft.server.log.write.buffer.size = 33554432 (custom)
2019-10-04 02:36:16,687 [pool-77-thread-1] INFO  server.RaftServerConfigKeys (ConfUtils.java:logGet(43)) - raft.server.log.segment.size.max = 1048576 (custom)
2019-10-04 02:36:16,687 [pool-67-thread-1] INFO  server.RaftServerConfigKeys (ConfUtils.java:logGet(43)) - raft.server.log.force.sync.num = 128 (default)
2019-10-04 02:36:16,687 [pool-87-thread-1] INFO  server.RaftServerConfigKeys (ConfUtils.java:logGet(43)) - raft.server.log.statemachine.data.sync.timeout = 10s (default)
2019-10-04 02:36:16,687 [pool-67-thread-1] INFO  server.RaftServerConfigKeys (ConfUtils.java:logGet(43)) - raft.server.log.statemachine.data.sync = true (default)
2019-10-04 02:36:16,687 [pool-77-thread-1] INFO  server.RaftServerConfigKeys (ConfUtils.java:logGet(43)) - raft.server.log.preallocated.size = 16384 (custom)
2019-10-04 02:36:16,688 [pool-67-thread-1] INFO  server.RaftServerConfigKeys (ConfUtils.java:logGet(43)) - raft.server.log.statemachine.data.sync.timeout = 10s (default)
2019-10-04 02:36:16,688 [pool-67-thread-1] INFO  server.RaftServerConfigKeys (ConfUtils.java:logGet(43)) - raft.server.log.statemachine.data.sync.timeout.retry = -1 (default)
2019-10-04 02:36:16,688 [pool-87-thread-1] INFO  server.RaftServerConfigKeys (ConfUtils.java:logGet(43)) - raft.server.log.statemachine.data.sync.timeout.retry = -1 (default)
2019-10-04 02:36:16,688 [pool-67-thread-1] INFO  server.RaftServerConfigKeys (ConfUtils.java:logGet(43)) - raft.server.log.statemachine.data.caching.enabled = true (custom)
2019-10-04 02:36:16,688 [pool-77-thread-1] INFO  server.RaftServerConfigKeys (ConfUtils.java:logGet(43)) - raft.server.log.write.buffer.size = 33554432 (custom)
2019-10-04 02:36:16,689 [pool-67-thread-1] INFO  segmented.SegmentedRaftLogWorker (SegmentedRaftLogWorker.java:lambda$new$0(128)) - 5635463c-e05f-4687-a088-7f1b01f803bd@group-1CF6CA298444-SegmentedRaftLogWorker: flushIndex: setUnconditionally 0 -> -1
2019-10-04 02:36:16,689 [pool-87-thread-1] INFO  server.RaftServerConfigKeys (ConfUtils.java:logGet(43)) - raft.server.log.statemachine.data.caching.enabled = true (custom)
2019-10-04 02:36:16,689 [pool-77-thread-1] INFO  server.RaftServerConfigKeys (ConfUtils.java:logGet(43)) - raft.server.log.force.sync.num = 128 (default)
2019-10-04 02:36:16,689 [pool-67-thread-1] INFO  server.RaftServerConfigKeys (ConfUtils.java:logGet(43)) - raft.server.snapshot.auto.trigger.enabled = true (custom)
2019-10-04 02:36:16,689 [pool-77-thread-1] INFO  server.RaftServerConfigKeys (ConfUtils.java:logGet(43)) - raft.server.log.statemachine.data.sync = true (default)
2019-10-04 02:36:16,689 [pool-67-thread-1] INFO  server.RaftServerConfigKeys (ConfUtils.java:logGet(43)) - raft.server.snapshot.auto.trigger.threshold = 10000 (custom)
2019-10-04 02:36:16,689 [pool-87-thread-1] INFO  segmented.SegmentedRaftLogWorker (SegmentedRaftLogWorker.java:lambda$new$0(128)) - a648b77d-ebbe-442f-b9f5-71c97c023339@group-1CF6CA298444-SegmentedRaftLogWorker: flushIndex: setUnconditionally 0 -> -1
2019-10-04 02:36:16,690 [pool-67-thread-1] INFO  server.RaftServerConfigKeys (ConfUtils.java:logGet(43)) - raft.server.snapshot.retention.file.num = 5 (custom)
2019-10-04 02:36:16,690 [pool-77-thread-1] INFO  server.RaftServerConfigKeys (ConfUtils.java:logGet(43)) - raft.server.log.statemachine.data.sync.timeout = 10s (default)
2019-10-04 02:36:16,690 [pool-87-thread-1] INFO  server.RaftServerConfigKeys (ConfUtils.java:logGet(43)) - raft.server.snapshot.auto.trigger.enabled = true (custom)
2019-10-04 02:36:16,690 [pool-67-thread-1] INFO  server.RaftServerConfigKeys (ConfUtils.java:logGet(43)) - raft.server.retrycache.expirytime = 600000ms (custom)
2019-10-04 02:36:16,690 [pool-87-thread-1] INFO  server.RaftServerConfigKeys (ConfUtils.java:logGet(43)) - raft.server.snapshot.auto.trigger.threshold = 10000 (custom)
2019-10-04 02:36:16,690 [pool-77-thread-1] INFO  server.RaftServerConfigKeys (ConfUtils.java:logGet(43)) - raft.server.log.statemachine.data.sync.timeout.retry = -1 (default)
2019-10-04 02:36:16,691 [pool-87-thread-1] INFO  server.RaftServerConfigKeys (ConfUtils.java:logGet(43)) - raft.server.snapshot.retention.file.num = 5 (custom)
2019-10-04 02:36:16,691 [pool-77-thread-1] INFO  server.RaftServerConfigKeys (ConfUtils.java:logGet(43)) - raft.server.log.statemachine.data.caching.enabled = true (custom)
2019-10-04 02:36:16,691 [pool-87-thread-1] INFO  server.RaftServerConfigKeys (ConfUtils.java:logGet(43)) - raft.server.retrycache.expirytime = 600000ms (custom)
2019-10-04 02:36:16,691 [pool-77-thread-1] INFO  segmented.SegmentedRaftLogWorker (SegmentedRaftLogWorker.java:lambda$new$0(128)) - a636c584-b1ba-41d4-9455-83e8d3b98ab2@group-1CF6CA298444-SegmentedRaftLogWorker: flushIndex: setUnconditionally 0 -> -1
2019-10-04 02:36:16,692 [pool-77-thread-1] INFO  server.RaftServerConfigKeys (ConfUtils.java:logGet(43)) - raft.server.snapshot.auto.trigger.enabled = true (custom)
2019-10-04 02:36:16,692 [pool-77-thread-1] INFO  server.RaftServerConfigKeys (ConfUtils.java:logGet(43)) - raft.server.snapshot.auto.trigger.threshold = 10000 (custom)
2019-10-04 02:36:16,692 [pool-77-thread-1] INFO  server.RaftServerConfigKeys (ConfUtils.java:logGet(43)) - raft.server.snapshot.retention.file.num = 5 (custom)
2019-10-04 02:36:16,692 [pool-77-thread-1] INFO  server.RaftServerConfigKeys (ConfUtils.java:logGet(43)) - raft.server.retrycache.expirytime = 600000ms (custom)
2019-10-04 02:36:16,693 [pool-67-thread-1] INFO  impl.RaftServerImpl (RaftServerImpl.java:start(181)) - 5635463c-e05f-4687-a088-7f1b01f803bd@group-1CF6CA298444: start as a follower, conf=-1: [a648b77d-ebbe-442f-b9f5-71c97c023339:192.168.164.196:33812, 5635463c-e05f-4687-a088-7f1b01f803bd:192.168.164.196:37448, a636c584-b1ba-41d4-9455-83e8d3b98ab2:192.168.164.196:40690], old=null
2019-10-04 02:36:16,693 [pool-67-thread-1] INFO  impl.RaftServerImpl (RaftServerImpl.java:setRole(170)) - 5635463c-e05f-4687-a088-7f1b01f803bd@group-1CF6CA298444: changes role from      null to FOLLOWER at term 0 for startAsFollower
2019-10-04 02:36:16,694 [pool-67-thread-1] INFO  impl.RoleInfo (RoleInfo.java:updateAndGet(143)) - 5635463c-e05f-4687-a088-7f1b01f803bd: start FollowerState
2019-10-04 02:36:16,694 [pool-67-thread-1] INFO  util.JmxRegister (JmxRegister.java:tryRegister(44)) - Successfully registered JMX Bean with object name Ratis:service=RaftServer,group=group-1CF6CA298444,id=5635463c-e05f-4687-a088-7f1b01f803bd
2019-10-04 02:36:16,696 [pool-87-thread-1] INFO  impl.RaftServerImpl (RaftServerImpl.java:start(181)) - a648b77d-ebbe-442f-b9f5-71c97c023339@group-1CF6CA298444: start as a follower, conf=-1: [a648b77d-ebbe-442f-b9f5-71c97c023339:192.168.164.196:33812, 5635463c-e05f-4687-a088-7f1b01f803bd:192.168.164.196:37448, a636c584-b1ba-41d4-9455-83e8d3b98ab2:192.168.164.196:40690], old=null
2019-10-04 02:36:16,696 [pool-87-thread-1] INFO  impl.RaftServerImpl (RaftServerImpl.java:setRole(170)) - a648b77d-ebbe-442f-b9f5-71c97c023339@group-1CF6CA298444: changes role from      null to FOLLOWER at term 0 for startAsFollower
2019-10-04 02:36:16,696 [pool-87-thread-1] INFO  impl.RoleInfo (RoleInfo.java:updateAndGet(143)) - a648b77d-ebbe-442f-b9f5-71c97c023339: start FollowerState
2019-10-04 02:36:16,697 [pool-87-thread-1] INFO  util.JmxRegister (JmxRegister.java:tryRegister(44)) - Successfully registered JMX Bean with object name Ratis:service=RaftServer,group=group-1CF6CA298444,id=a648b77d-ebbe-442f-b9f5-71c97c023339
2019-10-04 02:36:16,697 [pool-77-thread-1] INFO  impl.RaftServerImpl (RaftServerImpl.java:start(181)) - a636c584-b1ba-41d4-9455-83e8d3b98ab2@group-1CF6CA298444: start as a follower, conf=-1: [a648b77d-ebbe-442f-b9f5-71c97c023339:192.168.164.196:33812, 5635463c-e05f-4687-a088-7f1b01f803bd:192.168.164.196:37448, a636c584-b1ba-41d4-9455-83e8d3b98ab2:192.168.164.196:40690], old=null
2019-10-04 02:36:16,697 [pool-77-thread-1] INFO  impl.RaftServerImpl (RaftServerImpl.java:setRole(170)) - a636c584-b1ba-41d4-9455-83e8d3b98ab2@group-1CF6CA298444: changes role from      null to FOLLOWER at term 0 for startAsFollower
2019-10-04 02:36:16,697 [pool-77-thread-1] INFO  impl.RoleInfo (RoleInfo.java:updateAndGet(143)) - a636c584-b1ba-41d4-9455-83e8d3b98ab2: start FollowerState
2019-10-04 02:36:16,701 [pool-77-thread-1] INFO  util.JmxRegister (JmxRegister.java:tryRegister(44)) - Successfully registered JMX Bean with object name Ratis:service=RaftServer,group=group-1CF6CA298444,id=a636c584-b1ba-41d4-9455-83e8d3b98ab2
2019-10-04 02:36:16,736 [RatisPipelineUtilsThread] INFO  pipeline.PipelineStateManager (PipelineStateManager.java:addPipeline(56)) - Created pipeline Pipeline[ Id: 91084e95-80cb-49e3-aa7c-1cf6ca298444, Nodes: a648b77d-ebbe-442f-b9f5-71c97c023339{ip: 192.168.164.196, host: pr-hdds-2181-xhd89-2114587330, networkLocation: /default-rack, certSerialId: null}5635463c-e05f-4687-a088-7f1b01f803bd{ip: 192.168.164.196, host: pr-hdds-2181-xhd89-2114587330, networkLocation: /default-rack, certSerialId: null}a636c584-b1ba-41d4-9455-83e8d3b98ab2{ip: 192.168.164.196, host: pr-hdds-2181-xhd89-2114587330, networkLocation: /default-rack, certSerialId: null}, Type:RATIS, Factor:THREE, State:OPEN]
2019-10-04 02:36:17,060 [main] INFO  rpc.RpcClient (RpcClient.java:createVolume(277)) - Creating Volume: watchforcommithandlingtest, with jenkins1000 as owner.
2019-10-04 02:36:17,600 [IPC Server handler 2 on 36657] INFO  volume.OMVolumeCreateRequest (OMVolumeCreateRequest.java:validateAndUpdateCache(193)) - created volume:watchforcommithandlingtest for user:jenkins1000
2019-10-04 02:36:17,635 [main] INFO  rpc.RpcClient (RpcClient.java:createBucket(416)) - Creating Bucket: watchforcommithandlingtest/watchforcommithandlingtest, with Versioning false and Storage Type set to DISK and Encryption set to false 
2019-10-04 02:36:17,663 [main] INFO  ozone.MiniOzoneClusterImpl (MiniOzoneClusterImpl.java:getStorageContainerLocationClient(234)) - Creating StorageContainerLocationProtocol RPC client with address /0.0.0.0:44728
2019-10-04 02:36:17,704 [main] INFO  impl.MetricsSystemImpl (MetricsSystemImpl.java:init(158)) - XceiverClientMetrics metrics system started (again)
2019-10-04 02:36:18,062 [Thread-238] INFO  container.ReplicationManager (ReplicationManager.java:start(162)) - Starting Replication Monitor Thread.
2019-10-04 02:36:18,066 [ReplicationMonitor] INFO  container.ReplicationManager (ReplicationManager.java:run(225)) - Replication Monitor Thread took 2 milliseconds for processing 1 containers.
2019-10-04 02:36:20,648 [Thread-240] INFO  impl.FollowerState (FollowerState.java:run(108)) - 6557d500-20a6-4d13-b391-ea93ffff5fb1@group-5B4662E53C09-FollowerState: change to CANDIDATE, lastRpcTime:5046ms, electionTimeout:5033ms
2019-10-04 02:36:20,652 [Thread-240] INFO  impl.RoleInfo (RoleInfo.java:shutdownFollowerState(121)) - 6557d500-20a6-4d13-b391-ea93ffff5fb1: shutdown FollowerState
2019-10-04 02:36:20,652 [Thread-240] INFO  impl.RaftServerImpl (RaftServerImpl.java:setRole(170)) - 6557d500-20a6-4d13-b391-ea93ffff5fb1@group-5B4662E53C09: changes role from  FOLLOWER to CANDIDATE at term 0 for changeToCandidate
2019-10-04 02:36:20,662 [Thread-240] INFO  impl.RoleInfo (RoleInfo.java:updateAndGet(143)) - 6557d500-20a6-4d13-b391-ea93ffff5fb1: start LeaderElection
2019-10-04 02:36:20,683 [6557d500-20a6-4d13-b391-ea93ffff5fb1@group-5B4662E53C09-LeaderElection1] INFO  impl.LeaderElection (LeaderElection.java:askForVotes(178)) - 6557d500-20a6-4d13-b391-ea93ffff5fb1@group-5B4662E53C09-LeaderElection1: begin an election at term 1 for -1: [6557d500-20a6-4d13-b391-ea93ffff5fb1:192.168.164.196:45999], old=null
2019-10-04 02:36:20,685 [6557d500-20a6-4d13-b391-ea93ffff5fb1@group-5B4662E53C09-LeaderElection1] INFO  impl.RoleInfo (RoleInfo.java:shutdownLeaderElection(134)) - 6557d500-20a6-4d13-b391-ea93ffff5fb1: shutdown LeaderElection
2019-10-04 02:36:20,685 [6557d500-20a6-4d13-b391-ea93ffff5fb1@group-5B4662E53C09-LeaderElection1] INFO  impl.RaftServerImpl (RaftServerImpl.java:setRole(170)) - 6557d500-20a6-4d13-b391-ea93ffff5fb1@group-5B4662E53C09: changes role from CANDIDATE to LEADER at term 1 for changeToLeader
2019-10-04 02:36:20,686 [6557d500-20a6-4d13-b391-ea93ffff5fb1@group-5B4662E53C09-LeaderElection1] INFO  impl.RaftServerImpl (ServerState.java:setLeader(255)) - 6557d500-20a6-4d13-b391-ea93ffff5fb1@group-5B4662E53C09: change Leader from null to 6557d500-20a6-4d13-b391-ea93ffff5fb1 at term 1 for becomeLeader, leader elected after 5213ms
2019-10-04 02:36:20,694 [6557d500-20a6-4d13-b391-ea93ffff5fb1@group-5B4662E53C09-LeaderElection1] INFO  server.RaftServerConfigKeys (ConfUtils.java:logGet(43)) - raft.server.staging.catchup.gap = 1000 (default)
2019-10-04 02:36:20,694 [6557d500-20a6-4d13-b391-ea93ffff5fb1@group-5B4662E53C09-LeaderElection1] INFO  server.RaftServerConfigKeys (ConfUtils.java:logGet(43)) - raft.server.rpc.sleep.time = 25ms (default)
2019-10-04 02:36:20,699 [6557d500-20a6-4d13-b391-ea93ffff5fb1@group-5B4662E53C09-LeaderElection1] INFO  server.RaftServerConfigKeys (ConfUtils.java:logGet(43)) - raft.server.write.element-limit = 4096 (default)
2019-10-04 02:36:20,702 [6557d500-20a6-4d13-b391-ea93ffff5fb1@group-5B4662E53C09-LeaderElection1] INFO  server.RaftServerConfigKeys (ConfUtils.java:logGet(43)) - raft.server.watch.timeout = 10s (default)
2019-10-04 02:36:20,702 [6557d500-20a6-4d13-b391-ea93ffff5fb1@group-5B4662E53C09-LeaderElection1] INFO  server.RaftServerConfigKeys (ConfUtils.java:logGet(43)) - raft.server.watch.timeout.denomination = 1s (default)
2019-10-04 02:36:20,703 [6557d500-20a6-4d13-b391-ea93ffff5fb1@group-5B4662E53C09-LeaderElection1] INFO  server.RaftServerConfigKeys (ConfUtils.java:logGet(43)) - raft.server.watch.element-limit = 65536 (default)
2019-10-04 02:36:20,716 [6557d500-20a6-4d13-b391-ea93ffff5fb1@group-5B4662E53C09-LeaderElection1] INFO  impl.RoleInfo (RoleInfo.java:updateAndGet(143)) - 6557d500-20a6-4d13-b391-ea93ffff5fb1: start LeaderState
2019-10-04 02:36:20,747 [6557d500-20a6-4d13-b391-ea93ffff5fb1@group-5B4662E53C09-LeaderElection1] INFO  segmented.SegmentedRaftLogWorker (SegmentedRaftLogWorker.java:startLogSegment(385)) - 6557d500-20a6-4d13-b391-ea93ffff5fb1@group-5B4662E53C09-SegmentedRaftLogWorker: Starting segment from index:0
2019-10-04 02:36:20,759 [6557d500-20a6-4d13-b391-ea93ffff5fb1@group-5B4662E53C09-LeaderElection1] INFO  impl.RaftServerImpl (ServerState.java:setRaftConf(356)) - 6557d500-20a6-4d13-b391-ea93ffff5fb1@group-5B4662E53C09: set configuration 0: [6557d500-20a6-4d13-b391-ea93ffff5fb1:192.168.164.196:45999], old=null at 0
2019-10-04 02:36:20,956 [6557d500-20a6-4d13-b391-ea93ffff5fb1@group-5B4662E53C09-SegmentedRaftLogWorker] INFO  segmented.SegmentedRaftLogWorker (SegmentedRaftLogWorker.java:execute(574)) - 6557d500-20a6-4d13-b391-ea93ffff5fb1@group-5B4662E53C09-SegmentedRaftLogWorker: created new log segment /workdir/hadoop-ozone/integration-test/target/test-dir/MiniOzoneClusterImpl-55dc459c-4f9d-491d-9aa1-7f15d9a1da2f/datanode-0/data/ratis/704675d8-a4f4-45c7-bc0a-5b4662e53c09/current/log_inprogress_0
2019-10-04 02:36:21,016 [Thread-243] INFO  impl.FollowerState (FollowerState.java:run(108)) - 942988af-fa3d-4753-9e3b-dae2bed50966@group-4089BD02929C-FollowerState: change to CANDIDATE, lastRpcTime:5175ms, electionTimeout:5173ms
2019-10-04 02:36:21,018 [Thread-243] INFO  impl.RoleInfo (RoleInfo.java:shutdownFollowerState(121)) - 942988af-fa3d-4753-9e3b-dae2bed50966: shutdown FollowerState
2019-10-04 02:36:21,018 [Thread-243] INFO  impl.RaftServerImpl (RaftServerImpl.java:setRole(170)) - 942988af-fa3d-4753-9e3b-dae2bed50966@group-4089BD02929C: changes role from  FOLLOWER to CANDIDATE at term 0 for changeToCandidate
2019-10-04 02:36:21,019 [Thread-243] INFO  impl.RoleInfo (RoleInfo.java:updateAndGet(143)) - 942988af-fa3d-4753-9e3b-dae2bed50966: start LeaderElection
2019-10-04 02:36:21,037 [942988af-fa3d-4753-9e3b-dae2bed50966@group-4089BD02929C-LeaderElection2] INFO  impl.LeaderElection (LeaderElection.java:askForVotes(178)) - 942988af-fa3d-4753-9e3b-dae2bed50966@group-4089BD02929C-LeaderElection2: begin an election at term 1 for -1: [942988af-fa3d-4753-9e3b-dae2bed50966:192.168.164.196:38957], old=null
2019-10-04 02:36:21,039 [942988af-fa3d-4753-9e3b-dae2bed50966@group-4089BD02929C-LeaderElection2] INFO  impl.RoleInfo (RoleInfo.java:shutdownLeaderElection(134)) - 942988af-fa3d-4753-9e3b-dae2bed50966: shutdown LeaderElection
2019-10-04 02:36:21,039 [942988af-fa3d-4753-9e3b-dae2bed50966@group-4089BD02929C-LeaderElection2] INFO  impl.RaftServerImpl (RaftServerImpl.java:setRole(170)) - 942988af-fa3d-4753-9e3b-dae2bed50966@group-4089BD02929C: changes role from CANDIDATE to LEADER at term 1 for changeToLeader
2019-10-04 02:36:21,039 [942988af-fa3d-4753-9e3b-dae2bed50966@group-4089BD02929C-LeaderElection2] INFO  impl.RaftServerImpl (ServerState.java:setLeader(255)) - 942988af-fa3d-4753-9e3b-dae2bed50966@group-4089BD02929C: change Leader from null to 942988af-fa3d-4753-9e3b-dae2bed50966 at term 1 for becomeLeader, leader elected after 5212ms
2019-10-04 02:36:21,041 [942988af-fa3d-4753-9e3b-dae2bed50966@group-4089BD02929C-LeaderElection2] INFO  server.RaftServerConfigKeys (ConfUtils.java:logGet(43)) - raft.server.staging.catchup.gap = 1000 (default)
2019-10-04 02:36:21,041 [942988af-fa3d-4753-9e3b-dae2bed50966@group-4089BD02929C-LeaderElection2] INFO  server.RaftServerConfigKeys (ConfUtils.java:logGet(43)) - raft.server.rpc.sleep.time = 25ms (default)
2019-10-04 02:36:21,041 [942988af-fa3d-4753-9e3b-dae2bed50966@group-4089BD02929C-LeaderElection2] INFO  server.RaftServerConfigKeys (ConfUtils.java:logGet(43)) - raft.server.write.element-limit = 4096 (default)
2019-10-04 02:36:21,042 [942988af-fa3d-4753-9e3b-dae2bed50966@group-4089BD02929C-LeaderElection2] INFO  server.RaftServerConfigKeys (ConfUtils.java:logGet(43)) - raft.server.watch.timeout = 10s (default)
2019-10-04 02:36:21,042 [942988af-fa3d-4753-9e3b-dae2bed50966@group-4089BD02929C-LeaderElection2] INFO  server.RaftServerConfigKeys (ConfUtils.java:logGet(43)) - raft.server.watch.timeout.denomination = 1s (default)
2019-10-04 02:36:21,042 [942988af-fa3d-4753-9e3b-dae2bed50966@group-4089BD02929C-LeaderElection2] INFO  server.RaftServerConfigKeys (ConfUtils.java:logGet(43)) - raft.server.watch.element-limit = 65536 (default)
2019-10-04 02:36:21,045 [942988af-fa3d-4753-9e3b-dae2bed50966@group-4089BD02929C-LeaderElection2] INFO  impl.RoleInfo (RoleInfo.java:updateAndGet(143)) - 942988af-fa3d-4753-9e3b-dae2bed50966: start LeaderState
2019-10-04 02:36:21,046 [942988af-fa3d-4753-9e3b-dae2bed50966@group-4089BD02929C-LeaderElection2] INFO  segmented.SegmentedRaftLogWorker (SegmentedRaftLogWorker.java:startLogSegment(385)) - 942988af-fa3d-4753-9e3b-dae2bed50966@group-4089BD02929C-SegmentedRaftLogWorker: Starting segment from index:0
2019-10-04 02:36:21,046 [942988af-fa3d-4753-9e3b-dae2bed50966@group-4089BD02929C-LeaderElection2] INFO  impl.RaftServerImpl (ServerState.java:setRaftConf(356)) - 942988af-fa3d-4753-9e3b-dae2bed50966@group-4089BD02929C: set configuration 0: [942988af-fa3d-4753-9e3b-dae2bed50966:192.168.164.196:38957], old=null at 0
2019-10-04 02:36:21,091 [942988af-fa3d-4753-9e3b-dae2bed50966@group-4089BD02929C-SegmentedRaftLogWorker] INFO  segmented.SegmentedRaftLogWorker (SegmentedRaftLogWorker.java:execute(574)) - 942988af-fa3d-4753-9e3b-dae2bed50966@group-4089BD02929C-SegmentedRaftLogWorker: created new log segment /workdir/hadoop-ozone/integration-test/target/test-dir/MiniOzoneClusterImpl-55dc459c-4f9d-491d-9aa1-7f15d9a1da2f/datanode-1/data/ratis/884c70ca-7078-4f09-8652-4089bd02929c/current/log_inprogress_0
2019-10-04 02:36:21,144 [Thread-246] INFO  impl.FollowerState (FollowerState.java:run(108)) - 17757683-1fb4-4950-8121-37d40baca579@group-6E2AE8813993-FollowerState: change to CANDIDATE, lastRpcTime:5104ms, electionTimeout:5104ms
2019-10-04 02:36:21,144 [Thread-246] INFO  impl.RoleInfo (RoleInfo.java:shutdownFollowerState(121)) - 17757683-1fb4-4950-8121-37d40baca579: shutdown FollowerState
2019-10-04 02:36:21,144 [Thread-246] INFO  impl.RaftServerImpl (RaftServerImpl.java:setRole(170)) - 17757683-1fb4-4950-8121-37d40baca579@group-6E2AE8813993: changes role from  FOLLOWER to CANDIDATE at term 0 for changeToCandidate
2019-10-04 02:36:21,144 [Thread-246] INFO  impl.RoleInfo (RoleInfo.java:updateAndGet(143)) - 17757683-1fb4-4950-8121-37d40baca579: start LeaderElection
2019-10-04 02:36:21,162 [17757683-1fb4-4950-8121-37d40baca579@group-6E2AE8813993-LeaderElection3] INFO  impl.LeaderElection (LeaderElection.java:askForVotes(178)) - 17757683-1fb4-4950-8121-37d40baca579@group-6E2AE8813993-LeaderElection3: begin an election at term 1 for -1: [17757683-1fb4-4950-8121-37d40baca579:192.168.164.196:37423], old=null
2019-10-04 02:36:21,162 [17757683-1fb4-4950-8121-37d40baca579@group-6E2AE8813993-LeaderElection3] INFO  impl.RoleInfo (RoleInfo.java:shutdownLeaderElection(134)) - 17757683-1fb4-4950-8121-37d40baca579: shutdown LeaderElection
2019-10-04 02:36:21,163 [17757683-1fb4-4950-8121-37d40baca579@group-6E2AE8813993-LeaderElection3] INFO  impl.RaftServerImpl (RaftServerImpl.java:setRole(170)) - 17757683-1fb4-4950-8121-37d40baca579@group-6E2AE8813993: changes role from CANDIDATE to LEADER at term 1 for changeToLeader
2019-10-04 02:36:21,163 [17757683-1fb4-4950-8121-37d40baca579@group-6E2AE8813993-LeaderElection3] INFO  impl.RaftServerImpl (ServerState.java:setLeader(255)) - 17757683-1fb4-4950-8121-37d40baca579@group-6E2AE8813993: change Leader from null to 17757683-1fb4-4950-8121-37d40baca579 at term 1 for becomeLeader, leader elected after 5166ms
2019-10-04 02:36:21,165 [17757683-1fb4-4950-8121-37d40baca579@group-6E2AE8813993-LeaderElection3] INFO  server.RaftServerConfigKeys (ConfUtils.java:logGet(43)) - raft.server.staging.catchup.gap = 1000 (default)
2019-10-04 02:36:21,165 [17757683-1fb4-4950-8121-37d40baca579@group-6E2AE8813993-LeaderElection3] INFO  server.RaftServerConfigKeys (ConfUtils.java:logGet(43)) - raft.server.rpc.sleep.time = 25ms (default)
2019-10-04 02:36:21,165 [17757683-1fb4-4950-8121-37d40baca579@group-6E2AE8813993-LeaderElection3] INFO  server.RaftServerConfigKeys (ConfUtils.java:logGet(43)) - raft.server.write.element-limit = 4096 (default)
2019-10-04 02:36:21,166 [17757683-1fb4-4950-8121-37d40baca579@group-6E2AE8813993-LeaderElection3] INFO  server.RaftServerConfigKeys (ConfUtils.java:logGet(43)) - raft.server.watch.timeout = 10s (default)
2019-10-04 02:36:21,166 [17757683-1fb4-4950-8121-37d40baca579@group-6E2AE8813993-LeaderElection3] INFO  server.RaftServerConfigKeys (ConfUtils.java:logGet(43)) - raft.server.watch.timeout.denomination = 1s (default)
2019-10-04 02:36:21,166 [17757683-1fb4-4950-8121-37d40baca579@group-6E2AE8813993-LeaderElection3] INFO  server.RaftServerConfigKeys (ConfUtils.java:logGet(43)) - raft.server.watch.element-limit = 65536 (default)
2019-10-04 02:36:21,169 [17757683-1fb4-4950-8121-37d40baca579@group-6E2AE8813993-LeaderElection3] INFO  impl.RoleInfo (RoleInfo.java:updateAndGet(143)) - 17757683-1fb4-4950-8121-37d40baca579: start LeaderState
2019-10-04 02:36:21,169 [17757683-1fb4-4950-8121-37d40baca579@group-6E2AE8813993-LeaderElection3] INFO  segmented.SegmentedRaftLogWorker (SegmentedRaftLogWorker.java:startLogSegment(385)) - 17757683-1fb4-4950-8121-37d40baca579@group-6E2AE8813993-SegmentedRaftLogWorker: Starting segment from index:0
2019-10-04 02:36:21,172 [17757683-1fb4-4950-8121-37d40baca579@group-6E2AE8813993-LeaderElection3] INFO  impl.RaftServerImpl (ServerState.java:setRaftConf(356)) - 17757683-1fb4-4950-8121-37d40baca579@group-6E2AE8813993: set configuration 0: [17757683-1fb4-4950-8121-37d40baca579:192.168.164.196:37423], old=null at 0
2019-10-04 02:36:21,212 [Thread-249] INFO  impl.FollowerState (FollowerState.java:run(108)) - c13f9db6-dbd2-45bd-8caa-43586fad62aa@group-72E9E41A50F5-FollowerState: change to CANDIDATE, lastRpcTime:5083ms, electionTimeout:5045ms
2019-10-04 02:36:21,213 [Thread-249] INFO  impl.RoleInfo (RoleInfo.java:shutdownFollowerState(121)) - c13f9db6-dbd2-45bd-8caa-43586fad62aa: shutdown FollowerState
2019-10-04 02:36:21,213 [Thread-249] INFO  impl.RaftServerImpl (RaftServerImpl.java:setRole(170)) - c13f9db6-dbd2-45bd-8caa-43586fad62aa@group-72E9E41A50F5: changes role from  FOLLOWER to CANDIDATE at term 0 for changeToCandidate
2019-10-04 02:36:21,213 [Thread-249] INFO  impl.RoleInfo (RoleInfo.java:updateAndGet(143)) - c13f9db6-dbd2-45bd-8caa-43586fad62aa: start LeaderElection
2019-10-04 02:36:21,236 [17757683-1fb4-4950-8121-37d40baca579@group-6E2AE8813993-SegmentedRaftLogWorker] INFO  segmented.SegmentedRaftLogWorker (SegmentedRaftLogWorker.java:execute(574)) - 17757683-1fb4-4950-8121-37d40baca579@group-6E2AE8813993-SegmentedRaftLogWorker: created new log segment /workdir/hadoop-ozone/integration-test/target/test-dir/MiniOzoneClusterImpl-55dc459c-4f9d-491d-9aa1-7f15d9a1da2f/datanode-3/data/ratis/c9310caa-cc09-42b7-bfda-6e2ae8813993/current/log_inprogress_0
2019-10-04 02:36:21,237 [c13f9db6-dbd2-45bd-8caa-43586fad62aa@group-72E9E41A50F5-LeaderElection4] INFO  impl.LeaderElection (LeaderElection.java:askForVotes(178)) - c13f9db6-dbd2-45bd-8caa-43586fad62aa@group-72E9E41A50F5-LeaderElection4: begin an election at term 1 for -1: [c13f9db6-dbd2-45bd-8caa-43586fad62aa:192.168.164.196:41062], old=null
2019-10-04 02:36:21,237 [c13f9db6-dbd2-45bd-8caa-43586fad62aa@group-72E9E41A50F5-LeaderElection4] INFO  impl.RoleInfo (RoleInfo.java:shutdownLeaderElection(134)) - c13f9db6-dbd2-45bd-8caa-43586fad62aa: shutdown LeaderElection
2019-10-04 02:36:21,237 [c13f9db6-dbd2-45bd-8caa-43586fad62aa@group-72E9E41A50F5-LeaderElection4] INFO  impl.RaftServerImpl (RaftServerImpl.java:setRole(170)) - c13f9db6-dbd2-45bd-8caa-43586fad62aa@group-72E9E41A50F5: changes role from CANDIDATE to LEADER at term 1 for changeToLeader
2019-10-04 02:36:21,237 [c13f9db6-dbd2-45bd-8caa-43586fad62aa@group-72E9E41A50F5-LeaderElection4] INFO  impl.RaftServerImpl (ServerState.java:setLeader(255)) - c13f9db6-dbd2-45bd-8caa-43586fad62aa@group-72E9E41A50F5: change Leader from null to c13f9db6-dbd2-45bd-8caa-43586fad62aa at term 1 for becomeLeader, leader elected after 5123ms
2019-10-04 02:36:21,240 [c13f9db6-dbd2-45bd-8caa-43586fad62aa@group-72E9E41A50F5-LeaderElection4] INFO  server.RaftServerConfigKeys (ConfUtils.java:logGet(43)) - raft.server.staging.catchup.gap = 1000 (default)
2019-10-04 02:36:21,240 [c13f9db6-dbd2-45bd-8caa-43586fad62aa@group-72E9E41A50F5-LeaderElection4] INFO  server.RaftServerConfigKeys (ConfUtils.java:logGet(43)) - raft.server.rpc.sleep.time = 25ms (default)
2019-10-04 02:36:21,240 [c13f9db6-dbd2-45bd-8caa-43586fad62aa@group-72E9E41A50F5-LeaderElection4] INFO  server.RaftServerConfigKeys (ConfUtils.java:logGet(43)) - raft.server.write.element-limit = 4096 (default)
2019-10-04 02:36:21,240 [c13f9db6-dbd2-45bd-8caa-43586fad62aa@group-72E9E41A50F5-LeaderElection4] INFO  server.RaftServerConfigKeys (ConfUtils.java:logGet(43)) - raft.server.watch.timeout = 10s (default)
2019-10-04 02:36:21,240 [c13f9db6-dbd2-45bd-8caa-43586fad62aa@group-72E9E41A50F5-LeaderElection4] INFO  server.RaftServerConfigKeys (ConfUtils.java:logGet(43)) - raft.server.watch.timeout.denomination = 1s (default)
2019-10-04 02:36:21,241 [c13f9db6-dbd2-45bd-8caa-43586fad62aa@group-72E9E41A50F5-LeaderElection4] INFO  server.RaftServerConfigKeys (ConfUtils.java:logGet(43)) - raft.server.watch.element-limit = 65536 (default)
2019-10-04 02:36:21,242 [Thread-252] INFO  impl.FollowerState (FollowerState.java:run(108)) - a648b77d-ebbe-442f-b9f5-71c97c023339@group-5AEC278E8E7B-FollowerState: change to CANDIDATE, lastRpcTime:5035ms, electionTimeout:5035ms
2019-10-04 02:36:21,243 [Thread-252] INFO  impl.RoleInfo (RoleInfo.java:shutdownFollowerState(121)) - a648b77d-ebbe-442f-b9f5-71c97c023339: shutdown FollowerState
2019-10-04 02:36:21,243 [Thread-252] INFO  impl.RaftServerImpl (RaftServerImpl.java:setRole(170)) - a648b77d-ebbe-442f-b9f5-71c97c023339@group-5AEC278E8E7B: changes role from  FOLLOWER to CANDIDATE at term 0 for changeToCandidate
2019-10-04 02:36:21,243 [Thread-252] INFO  impl.RoleInfo (RoleInfo.java:updateAndGet(143)) - a648b77d-ebbe-442f-b9f5-71c97c023339: start LeaderElection
2019-10-04 02:36:21,250 [c13f9db6-dbd2-45bd-8caa-43586fad62aa@group-72E9E41A50F5-LeaderElection4] INFO  impl.RoleInfo (RoleInfo.java:updateAndGet(143)) - c13f9db6-dbd2-45bd-8caa-43586fad62aa: start LeaderState
2019-10-04 02:36:21,251 [c13f9db6-dbd2-45bd-8caa-43586fad62aa@group-72E9E41A50F5-LeaderElection4] INFO  segmented.SegmentedRaftLogWorker (SegmentedRaftLogWorker.java:startLogSegment(385)) - c13f9db6-dbd2-45bd-8caa-43586fad62aa@group-72E9E41A50F5-SegmentedRaftLogWorker: Starting segment from index:0
2019-10-04 02:36:21,252 [c13f9db6-dbd2-45bd-8caa-43586fad62aa@group-72E9E41A50F5-LeaderElection4] INFO  impl.RaftServerImpl (ServerState.java:setRaftConf(356)) - c13f9db6-dbd2-45bd-8caa-43586fad62aa@group-72E9E41A50F5: set configuration 0: [c13f9db6-dbd2-45bd-8caa-43586fad62aa:192.168.164.196:41062], old=null at 0
2019-10-04 02:36:21,291 [a648b77d-ebbe-442f-b9f5-71c97c023339@group-5AEC278E8E7B-LeaderElection5] INFO  impl.LeaderElection (LeaderElection.java:askForVotes(178)) - a648b77d-ebbe-442f-b9f5-71c97c023339@group-5AEC278E8E7B-LeaderElection5: begin an election at term 1 for -1: [a648b77d-ebbe-442f-b9f5-71c97c023339:192.168.164.196:33812], old=null
2019-10-04 02:36:21,292 [a648b77d-ebbe-442f-b9f5-71c97c023339@group-5AEC278E8E7B-LeaderElection5] INFO  impl.RoleInfo (RoleInfo.java:shutdownLeaderElection(134)) - a648b77d-ebbe-442f-b9f5-71c97c023339: shutdown LeaderElection
2019-10-04 02:36:21,292 [a648b77d-ebbe-442f-b9f5-71c97c023339@group-5AEC278E8E7B-LeaderElection5] INFO  impl.RaftServerImpl (RaftServerImpl.java:setRole(170)) - a648b77d-ebbe-442f-b9f5-71c97c023339@group-5AEC278E8E7B: changes role from CANDIDATE to LEADER at term 1 for changeToLeader
2019-10-04 02:36:21,292 [a648b77d-ebbe-442f-b9f5-71c97c023339@group-5AEC278E8E7B-LeaderElection5] INFO  impl.RaftServerImpl (ServerState.java:setLeader(255)) - a648b77d-ebbe-442f-b9f5-71c97c023339@group-5AEC278E8E7B: change Leader from null to a648b77d-ebbe-442f-b9f5-71c97c023339 at term 1 for becomeLeader, leader elected after 5095ms
2019-10-04 02:36:21,294 [a648b77d-ebbe-442f-b9f5-71c97c023339@group-5AEC278E8E7B-LeaderElection5] INFO  server.RaftServerConfigKeys (ConfUtils.java:logGet(43)) - raft.server.staging.catchup.gap = 1000 (default)
2019-10-04 02:36:21,294 [a648b77d-ebbe-442f-b9f5-71c97c023339@group-5AEC278E8E7B-LeaderElection5] INFO  server.RaftServerConfigKeys (ConfUtils.java:logGet(43)) - raft.server.rpc.sleep.time = 25ms (default)
2019-10-04 02:36:21,295 [a648b77d-ebbe-442f-b9f5-71c97c023339@group-5AEC278E8E7B-LeaderElection5] INFO  server.RaftServerConfigKeys (ConfUtils.java:logGet(43)) - raft.server.write.element-limit = 4096 (default)
2019-10-04 02:36:21,295 [a648b77d-ebbe-442f-b9f5-71c97c023339@group-5AEC278E8E7B-LeaderElection5] INFO  server.RaftServerConfigKeys (ConfUtils.java:logGet(43)) - raft.server.watch.timeout = 10s (default)
2019-10-04 02:36:21,295 [Thread-255] INFO  impl.FollowerState (FollowerState.java:run(108)) - 5635463c-e05f-4687-a088-7f1b01f803bd@group-B86C8ACA712E-FollowerState: change to CANDIDATE, lastRpcTime:5000ms, electionTimeout:5000ms
2019-10-04 02:36:21,295 [a648b77d-ebbe-442f-b9f5-71c97c023339@group-5AEC278E8E7B-LeaderElection5] INFO  server.RaftServerConfigKeys (ConfUtils.java:logGet(43)) - raft.server.watch.timeout.denomination = 1s (default)
2019-10-04 02:36:21,295 [Thread-255] INFO  impl.RoleInfo (RoleInfo.java:shutdownFollowerState(121)) - 5635463c-e05f-4687-a088-7f1b01f803bd: shutdown FollowerState
2019-10-04 02:36:21,295 [a648b77d-ebbe-442f-b9f5-71c97c023339@group-5AEC278E8E7B-LeaderElection5] INFO  server.RaftServerConfigKeys (ConfUtils.java:logGet(43)) - raft.server.watch.element-limit = 65536 (default)
2019-10-04 02:36:21,295 [Thread-255] INFO  impl.RaftServerImpl (RaftServerImpl.java:setRole(170)) - 5635463c-e05f-4687-a088-7f1b01f803bd@group-B86C8ACA712E: changes role from  FOLLOWER to CANDIDATE at term 0 for changeToCandidate
2019-10-04 02:36:21,296 [Thread-255] INFO  impl.RoleInfo (RoleInfo.java:updateAndGet(143)) - 5635463c-e05f-4687-a088-7f1b01f803bd: start LeaderElection
2019-10-04 02:36:21,302 [a648b77d-ebbe-442f-b9f5-71c97c023339@group-5AEC278E8E7B-LeaderElection5] INFO  impl.RoleInfo (RoleInfo.java:updateAndGet(143)) - a648b77d-ebbe-442f-b9f5-71c97c023339: start LeaderState
2019-10-04 02:36:21,303 [a648b77d-ebbe-442f-b9f5-71c97c023339@group-5AEC278E8E7B-LeaderElection5] INFO  segmented.SegmentedRaftLogWorker (SegmentedRaftLogWorker.java:startLogSegment(385)) - a648b77d-ebbe-442f-b9f5-71c97c023339@group-5AEC278E8E7B-SegmentedRaftLogWorker: Starting segment from index:0
2019-10-04 02:36:21,303 [a648b77d-ebbe-442f-b9f5-71c97c023339@group-5AEC278E8E7B-LeaderElection5] INFO  impl.RaftServerImpl (ServerState.java:setRaftConf(356)) - a648b77d-ebbe-442f-b9f5-71c97c023339@group-5AEC278E8E7B: set configuration 0: [a648b77d-ebbe-442f-b9f5-71c97c023339:192.168.164.196:33812], old=null at 0
2019-10-04 02:36:21,344 [c13f9db6-dbd2-45bd-8caa-43586fad62aa@group-72E9E41A50F5-SegmentedRaftLogWorker] INFO  segmented.SegmentedRaftLogWorker (SegmentedRaftLogWorker.java:execute(574)) - c13f9db6-dbd2-45bd-8caa-43586fad62aa@group-72E9E41A50F5-SegmentedRaftLogWorker: created new log segment /workdir/hadoop-ozone/integration-test/target/test-dir/MiniOzoneClusterImpl-55dc459c-4f9d-491d-9aa1-7f15d9a1da2f/datanode-2/data/ratis/d66cc968-2560-4d66-a158-72e9e41a50f5/current/log_inprogress_0
2019-10-04 02:36:21,344 [5635463c-e05f-4687-a088-7f1b01f803bd@group-B86C8ACA712E-LeaderElection6] INFO  impl.LeaderElection (LeaderElection.java:askForVotes(178)) - 5635463c-e05f-4687-a088-7f1b01f803bd@group-B86C8ACA712E-LeaderElection6: begin an election at term 1 for -1: [5635463c-e05f-4687-a088-7f1b01f803bd:192.168.164.196:37448], old=null
2019-10-04 02:36:21,345 [5635463c-e05f-4687-a088-7f1b01f803bd@group-B86C8ACA712E-LeaderElection6] INFO  impl.RoleInfo (RoleInfo.java:shutdownLeaderElection(134)) - 5635463c-e05f-4687-a088-7f1b01f803bd: shutdown LeaderElection
2019-10-04 02:36:21,345 [5635463c-e05f-4687-a088-7f1b01f803bd@group-B86C8ACA712E-LeaderElection6] INFO  impl.RaftServerImpl (RaftServerImpl.java:setRole(170)) - 5635463c-e05f-4687-a088-7f1b01f803bd@group-B86C8ACA712E: changes role from CANDIDATE to LEADER at term 1 for changeToLeader
2019-10-04 02:36:21,345 [5635463c-e05f-4687-a088-7f1b01f803bd@group-B86C8ACA712E-LeaderElection6] INFO  impl.RaftServerImpl (ServerState.java:setLeader(255)) - 5635463c-e05f-4687-a088-7f1b01f803bd@group-B86C8ACA712E: change Leader from null to 5635463c-e05f-4687-a088-7f1b01f803bd at term 1 for becomeLeader, leader elected after 5059ms
2019-10-04 02:36:21,348 [5635463c-e05f-4687-a088-7f1b01f803bd@group-B86C8ACA712E-LeaderElection6] INFO  server.RaftServerConfigKeys (ConfUtils.java:logGet(43)) - raft.server.staging.catchup.gap = 1000 (default)
2019-10-04 02:36:21,348 [5635463c-e05f-4687-a088-7f1b01f803bd@group-B86C8ACA712E-LeaderElection6] INFO  server.RaftServerConfigKeys (ConfUtils.java:logGet(43)) - raft.server.rpc.sleep.time = 25ms (default)
2019-10-04 02:36:21,348 [5635463c-e05f-4687-a088-7f1b01f803bd@group-B86C8ACA712E-LeaderElection6] INFO  server.RaftServerConfigKeys (ConfUtils.java:logGet(43)) - raft.server.write.element-limit = 4096 (default)
2019-10-04 02:36:21,348 [5635463c-e05f-4687-a088-7f1b01f803bd@group-B86C8ACA712E-LeaderElection6] INFO  server.RaftServerConfigKeys (ConfUtils.java:logGet(43)) - raft.server.watch.timeout = 10s (default)
2019-10-04 02:36:21,349 [5635463c-e05f-4687-a088-7f1b01f803bd@group-B86C8ACA712E-LeaderElection6] INFO  server.RaftServerConfigKeys (ConfUtils.java:logGet(43)) - raft.server.watch.timeout.denomination = 1s (default)
2019-10-04 02:36:21,349 [5635463c-e05f-4687-a088-7f1b01f803bd@group-B86C8ACA712E-LeaderElection6] INFO  server.RaftServerConfigKeys (ConfUtils.java:logGet(43)) - raft.server.watch.element-limit = 65536 (default)
2019-10-04 02:36:21,352 [5635463c-e05f-4687-a088-7f1b01f803bd@group-B86C8ACA712E-LeaderElection6] INFO  impl.RoleInfo (RoleInfo.java:updateAndGet(143)) - 5635463c-e05f-4687-a088-7f1b01f803bd: start LeaderState
2019-10-04 02:36:21,352 [5635463c-e05f-4687-a088-7f1b01f803bd@group-B86C8ACA712E-LeaderElection6] INFO  segmented.SegmentedRaftLogWorker (SegmentedRaftLogWorker.java:startLogSegment(385)) - 5635463c-e05f-4687-a088-7f1b01f803bd@group-B86C8ACA712E-SegmentedRaftLogWorker: Starting segment from index:0
2019-10-04 02:36:21,353 [5635463c-e05f-4687-a088-7f1b01f803bd@group-B86C8ACA712E-LeaderElection6] INFO  impl.RaftServerImpl (ServerState.java:setRaftConf(356)) - 5635463c-e05f-4687-a088-7f1b01f803bd@group-B86C8ACA712E: set configuration 0: [5635463c-e05f-4687-a088-7f1b01f803bd:192.168.164.196:37448], old=null at 0
2019-10-04 02:36:21,396 [a648b77d-ebbe-442f-b9f5-71c97c023339@group-5AEC278E8E7B-SegmentedRaftLogWorker] INFO  segmented.SegmentedRaftLogWorker (SegmentedRaftLogWorker.java:execute(574)) - a648b77d-ebbe-442f-b9f5-71c97c023339@group-5AEC278E8E7B-SegmentedRaftLogWorker: created new log segment /workdir/hadoop-ozone/integration-test/target/test-dir/MiniOzoneClusterImpl-55dc459c-4f9d-491d-9aa1-7f15d9a1da2f/datanode-6/data/ratis/efec3af1-d0e6-4030-b8c5-5aec278e8e7b/current/log_inprogress_0
2019-10-04 02:36:21,420 [5635463c-e05f-4687-a088-7f1b01f803bd@group-B86C8ACA712E-SegmentedRaftLogWorker] INFO  segmented.SegmentedRaftLogWorker (SegmentedRaftLogWorker.java:execute(574)) - 5635463c-e05f-4687-a088-7f1b01f803bd@group-B86C8ACA712E-SegmentedRaftLogWorker: created new log segment /workdir/hadoop-ozone/integration-test/target/test-dir/MiniOzoneClusterImpl-55dc459c-4f9d-491d-9aa1-7f15d9a1da2f/datanode-4/data/ratis/01430df6-05ed-4308-9b97-b86c8aca712e/current/log_inprogress_0
2019-10-04 02:36:21,432 [Thread-258] INFO  impl.FollowerState (FollowerState.java:run(108)) - a636c584-b1ba-41d4-9455-83e8d3b98ab2@group-EB9D05701118-FollowerState: change to CANDIDATE, lastRpcTime:5043ms, electionTimeout:5043ms
2019-10-04 02:36:21,432 [Thread-258] INFO  impl.RoleInfo (RoleInfo.java:shutdownFollowerState(121)) - a636c584-b1ba-41d4-9455-83e8d3b98ab2: shutdown FollowerState
2019-10-04 02:36:21,432 [Thread-258] INFO  impl.RaftServerImpl (RaftServerImpl.java:setRole(170)) - a636c584-b1ba-41d4-9455-83e8d3b98ab2@group-EB9D05701118: changes role from  FOLLOWER to CANDIDATE at term 0 for changeToCandidate
2019-10-04 02:36:21,433 [Thread-258] INFO  impl.RoleInfo (RoleInfo.java:updateAndGet(143)) - a636c584-b1ba-41d4-9455-83e8d3b98ab2: start LeaderElection
2019-10-04 02:36:21,451 [a636c584-b1ba-41d4-9455-83e8d3b98ab2@group-EB9D05701118-LeaderElection7] INFO  impl.LeaderElection (LeaderElection.java:askForVotes(178)) - a636c584-b1ba-41d4-9455-83e8d3b98ab2@group-EB9D05701118-LeaderElection7: begin an election at term 1 for -1: [a636c584-b1ba-41d4-9455-83e8d3b98ab2:192.168.164.196:40690], old=null
2019-10-04 02:36:21,451 [a636c584-b1ba-41d4-9455-83e8d3b98ab2@group-EB9D05701118-LeaderElection7] INFO  impl.RoleInfo (RoleInfo.java:shutdownLeaderElection(134)) - a636c584-b1ba-41d4-9455-83e8d3b98ab2: shutdown LeaderElection
2019-10-04 02:36:21,451 [a636c584-b1ba-41d4-9455-83e8d3b98ab2@group-EB9D05701118-LeaderElection7] INFO  impl.RaftServerImpl (RaftServerImpl.java:setRole(170)) - a636c584-b1ba-41d4-9455-83e8d3b98ab2@group-EB9D05701118: changes role from CANDIDATE to LEADER at term 1 for changeToLeader
2019-10-04 02:36:21,451 [a636c584-b1ba-41d4-9455-83e8d3b98ab2@group-EB9D05701118-LeaderElection7] INFO  impl.RaftServerImpl (ServerState.java:setLeader(255)) - a636c584-b1ba-41d4-9455-83e8d3b98ab2@group-EB9D05701118: change Leader from null to a636c584-b1ba-41d4-9455-83e8d3b98ab2 at term 1 for becomeLeader, leader elected after 5071ms
2019-10-04 02:36:21,454 [a636c584-b1ba-41d4-9455-83e8d3b98ab2@group-EB9D05701118-LeaderElection7] INFO  server.RaftServerConfigKeys (ConfUtils.java:logGet(43)) - raft.server.staging.catchup.gap = 1000 (default)
2019-10-04 02:36:21,454 [a636c584-b1ba-41d4-9455-83e8d3b98ab2@group-EB9D05701118-LeaderElection7] INFO  server.RaftServerConfigKeys (ConfUtils.java:logGet(43)) - raft.server.rpc.sleep.time = 25ms (default)
2019-10-04 02:36:21,454 [a636c584-b1ba-41d4-9455-83e8d3b98ab2@group-EB9D05701118-LeaderElection7] INFO  server.RaftServerConfigKeys (ConfUtils.java:logGet(43)) - raft.server.write.element-limit = 4096 (default)
2019-10-04 02:36:21,455 [a636c584-b1ba-41d4-9455-83e8d3b98ab2@group-EB9D05701118-LeaderElection7] INFO  server.RaftServerConfigKeys (ConfUtils.java:logGet(43)) - raft.server.watch.timeout = 10s (default)
2019-10-04 02:36:21,455 [a636c584-b1ba-41d4-9455-83e8d3b98ab2@group-EB9D05701118-LeaderElection7] INFO  server.RaftServerConfigKeys (ConfUtils.java:logGet(43)) - raft.server.watch.timeout.denomination = 1s (default)
2019-10-04 02:36:21,455 [a636c584-b1ba-41d4-9455-83e8d3b98ab2@group-EB9D05701118-LeaderElection7] INFO  server.RaftServerConfigKeys (ConfUtils.java:logGet(43)) - raft.server.watch.element-limit = 65536 (default)
2019-10-04 02:36:21,458 [a636c584-b1ba-41d4-9455-83e8d3b98ab2@group-EB9D05701118-LeaderElection7] INFO  impl.RoleInfo (RoleInfo.java:updateAndGet(143)) - a636c584-b1ba-41d4-9455-83e8d3b98ab2: start LeaderState
2019-10-04 02:36:21,459 [a636c584-b1ba-41d4-9455-83e8d3b98ab2@group-EB9D05701118-LeaderElection7] INFO  segmented.SegmentedRaftLogWorker (SegmentedRaftLogWorker.java:startLogSegment(385)) - a636c584-b1ba-41d4-9455-83e8d3b98ab2@group-EB9D05701118-SegmentedRaftLogWorker: Starting segment from index:0
2019-10-04 02:36:21,459 [a636c584-b1ba-41d4-9455-83e8d3b98ab2@group-EB9D05701118-LeaderElection7] INFO  impl.RaftServerImpl (ServerState.java:setRaftConf(356)) - a636c584-b1ba-41d4-9455-83e8d3b98ab2@group-EB9D05701118: set configuration 0: [a636c584-b1ba-41d4-9455-83e8d3b98ab2:192.168.164.196:40690], old=null at 0
2019-10-04 02:36:21,513 [a636c584-b1ba-41d4-9455-83e8d3b98ab2@group-EB9D05701118-SegmentedRaftLogWorker] INFO  segmented.SegmentedRaftLogWorker (SegmentedRaftLogWorker.java:execute(574)) - a636c584-b1ba-41d4-9455-83e8d3b98ab2@group-EB9D05701118-SegmentedRaftLogWorker: created new log segment /workdir/hadoop-ozone/integration-test/target/test-dir/MiniOzoneClusterImpl-55dc459c-4f9d-491d-9aa1-7f15d9a1da2f/datanode-5/data/ratis/1f6b8049-46aa-4adc-9ae1-eb9d05701118/current/log_inprogress_0
2019-10-04 02:36:21,542 [Thread-263] INFO  impl.FollowerState (FollowerState.java:run(108)) - 942988af-fa3d-4753-9e3b-dae2bed50966@group-3C2EF1E94944-FollowerState: change to CANDIDATE, lastRpcTime:5007ms, electionTimeout:5007ms
2019-10-04 02:36:21,543 [Thread-263] INFO  impl.RoleInfo (RoleInfo.java:shutdownFollowerState(121)) - 942988af-fa3d-4753-9e3b-dae2bed50966: shutdown FollowerState
2019-10-04 02:36:21,543 [Thread-263] INFO  impl.RaftServerImpl (RaftServerImpl.java:setRole(170)) - 942988af-fa3d-4753-9e3b-dae2bed50966@group-3C2EF1E94944: changes role from  FOLLOWER to CANDIDATE at term 0 for changeToCandidate
2019-10-04 02:36:21,543 [Thread-263] INFO  impl.RoleInfo (RoleInfo.java:updateAndGet(143)) - 942988af-fa3d-4753-9e3b-dae2bed50966: start LeaderElection
2019-10-04 02:36:21,563 [942988af-fa3d-4753-9e3b-dae2bed50966@group-3C2EF1E94944-LeaderElection8] INFO  impl.LeaderElection (LeaderElection.java:askForVotes(178)) - 942988af-fa3d-4753-9e3b-dae2bed50966@group-3C2EF1E94944-LeaderElection8: begin an election at term 1 for -1: [17757683-1fb4-4950-8121-37d40baca579:192.168.164.196:37423, 942988af-fa3d-4753-9e3b-dae2bed50966:192.168.164.196:38957, c13f9db6-dbd2-45bd-8caa-43586fad62aa:192.168.164.196:41062], old=null
2019-10-04 02:36:21,568 [Thread-265] INFO  impl.FollowerState (FollowerState.java:run(108)) - 17757683-1fb4-4950-8121-37d40baca579@group-3C2EF1E94944-FollowerState: change to CANDIDATE, lastRpcTime:5012ms, electionTimeout:5002ms
2019-10-04 02:36:21,568 [Thread-265] INFO  impl.RoleInfo (RoleInfo.java:shutdownFollowerState(121)) - 17757683-1fb4-4950-8121-37d40baca579: shutdown FollowerState
2019-10-04 02:36:21,569 [Thread-265] INFO  impl.RaftServerImpl (RaftServerImpl.java:setRole(170)) - 17757683-1fb4-4950-8121-37d40baca579@group-3C2EF1E94944: changes role from  FOLLOWER to CANDIDATE at term 0 for changeToCandidate
2019-10-04 02:36:21,569 [Thread-265] INFO  impl.RoleInfo (RoleInfo.java:updateAndGet(143)) - 17757683-1fb4-4950-8121-37d40baca579: start LeaderElection
2019-10-04 02:36:21,586 [17757683-1fb4-4950-8121-37d40baca579@group-3C2EF1E94944-LeaderElection9] INFO  impl.LeaderElection (LeaderElection.java:askForVotes(178)) - 17757683-1fb4-4950-8121-37d40baca579@group-3C2EF1E94944-LeaderElection9: begin an election at term 1 for -1: [17757683-1fb4-4950-8121-37d40baca579:192.168.164.196:37423, 942988af-fa3d-4753-9e3b-dae2bed50966:192.168.164.196:38957, c13f9db6-dbd2-45bd-8caa-43586fad62aa:192.168.164.196:41062], old=null
2019-10-04 02:36:21,605 [grpc-default-executor-3] INFO  impl.RaftServerImpl (RaftServerImpl.java:setRole(170)) - c13f9db6-dbd2-45bd-8caa-43586fad62aa@group-3C2EF1E94944: changes role from  FOLLOWER to FOLLOWER at term 1 for recognizeCandidate:942988af-fa3d-4753-9e3b-dae2bed50966
2019-10-04 02:36:21,605 [grpc-default-executor-3] INFO  impl.RoleInfo (RoleInfo.java:shutdownFollowerState(121)) - c13f9db6-dbd2-45bd-8caa-43586fad62aa: shutdown FollowerState
2019-10-04 02:36:21,606 [Thread-266] INFO  impl.FollowerState (FollowerState.java:run(117)) - c13f9db6-dbd2-45bd-8caa-43586fad62aa@group-3C2EF1E94944-FollowerState was interrupted: java.lang.InterruptedException: sleep interrupted
2019-10-04 02:36:21,606 [grpc-default-executor-3] INFO  impl.RoleInfo (RoleInfo.java:updateAndGet(143)) - c13f9db6-dbd2-45bd-8caa-43586fad62aa: start FollowerState
2019-10-04 02:36:21,649 [942988af-fa3d-4753-9e3b-dae2bed50966@group-3C2EF1E94944-LeaderElection8] INFO  impl.LeaderElection (LeaderElection.java:logAndReturn(56)) - 942988af-fa3d-4753-9e3b-dae2bed50966@group-3C2EF1E94944-LeaderElection8: Election PASSED; received 2 response(s) [942988af-fa3d-4753-9e3b-dae2bed50966<-17757683-1fb4-4950-8121-37d40baca579#0:FAIL-t1, 942988af-fa3d-4753-9e3b-dae2bed50966<-c13f9db6-dbd2-45bd-8caa-43586fad62aa#0:OK-t1] and 0 exception(s); 942988af-fa3d-4753-9e3b-dae2bed50966@group-3C2EF1E94944:t1, leader=null, voted=942988af-fa3d-4753-9e3b-dae2bed50966, raftlog=942988af-fa3d-4753-9e3b-dae2bed50966@group-3C2EF1E94944-SegmentedRaftLog:OPENED:c-1,f-1,i0, conf=-1: [17757683-1fb4-4950-8121-37d40baca579:192.168.164.196:37423, 942988af-fa3d-4753-9e3b-dae2bed50966:192.168.164.196:38957, c13f9db6-dbd2-45bd-8caa-43586fad62aa:192.168.164.196:41062], old=null
2019-10-04 02:36:21,649 [17757683-1fb4-4950-8121-37d40baca579@group-3C2EF1E94944-LeaderElection9] INFO  impl.LeaderElection (LeaderElection.java:logAndReturn(56)) - 17757683-1fb4-4950-8121-37d40baca579@group-3C2EF1E94944-LeaderElection9: Election REJECTED; received 2 response(s) [17757683-1fb4-4950-8121-37d40baca579<-942988af-fa3d-4753-9e3b-dae2bed50966#0:FAIL-t1, 17757683-1fb4-4950-8121-37d40baca579<-c13f9db6-dbd2-45bd-8caa-43586fad62aa#0:FAIL-t1] and 0 exception(s); 17757683-1fb4-4950-8121-37d40baca579@group-3C2EF1E94944:t1, leader=null, voted=17757683-1fb4-4950-8121-37d40baca579, raftlog=17757683-1fb4-4950-8121-37d40baca579@group-3C2EF1E94944-SegmentedRaftLog:OPENED:c-1,f-1,i0, conf=-1: [17757683-1fb4-4950-8121-37d40baca579:192.168.164.196:37423, 942988af-fa3d-4753-9e3b-dae2bed50966:192.168.164.196:38957, c13f9db6-dbd2-45bd-8caa-43586fad62aa:192.168.164.196:41062], old=null
2019-10-04 02:36:21,649 [942988af-fa3d-4753-9e3b-dae2bed50966@group-3C2EF1E94944-LeaderElection8] INFO  impl.RoleInfo (RoleInfo.java:shutdownLeaderElection(134)) - 942988af-fa3d-4753-9e3b-dae2bed50966: shutdown LeaderElection
2019-10-04 02:36:21,651 [942988af-fa3d-4753-9e3b-dae2bed50966@group-3C2EF1E94944-LeaderElection8] INFO  impl.RaftServerImpl (RaftServerImpl.java:setRole(170)) - 942988af-fa3d-4753-9e3b-dae2bed50966@group-3C2EF1E94944: changes role from CANDIDATE to LEADER at term 1 for changeToLeader
2019-10-04 02:36:21,651 [17757683-1fb4-4950-8121-37d40baca579@group-3C2EF1E94944-LeaderElection9] INFO  impl.RaftServerImpl (RaftServerImpl.java:setRole(170)) - 17757683-1fb4-4950-8121-37d40baca579@group-3C2EF1E94944: changes role from CANDIDATE to FOLLOWER at term 1 for DISCOVERED_A_NEW_TERM
2019-10-04 02:36:21,653 [942988af-fa3d-4753-9e3b-dae2bed50966@group-3C2EF1E94944-LeaderElection8] INFO  impl.RaftServerImpl (ServerState.java:setLeader(255)) - 942988af-fa3d-4753-9e3b-dae2bed50966@group-3C2EF1E94944: change Leader from null to 942988af-fa3d-4753-9e3b-dae2bed50966 at term 1 for becomeLeader, leader elected after 5131ms
2019-10-04 02:36:21,664 [17757683-1fb4-4950-8121-37d40baca579@group-3C2EF1E94944-LeaderElection9] INFO  impl.RoleInfo (RoleInfo.java:shutdownLeaderElection(134)) - 17757683-1fb4-4950-8121-37d40baca579: shutdown LeaderElection
2019-10-04 02:36:21,664 [942988af-fa3d-4753-9e3b-dae2bed50966@group-3C2EF1E94944-LeaderElection8] INFO  server.RaftServerConfigKeys (ConfUtils.java:logGet(43)) - raft.server.staging.catchup.gap = 1000 (default)
2019-10-04 02:36:21,664 [17757683-1fb4-4950-8121-37d40baca579@group-3C2EF1E94944-LeaderElection9] INFO  impl.RoleInfo (RoleInfo.java:updateAndGet(143)) - 17757683-1fb4-4950-8121-37d40baca579: start FollowerState
2019-10-04 02:36:21,664 [942988af-fa3d-4753-9e3b-dae2bed50966@group-3C2EF1E94944-LeaderElection8] INFO  server.RaftServerConfigKeys (ConfUtils.java:logGet(43)) - raft.server.rpc.sleep.time = 25ms (default)
2019-10-04 02:36:21,666 [942988af-fa3d-4753-9e3b-dae2bed50966@group-3C2EF1E94944-LeaderElection8] INFO  server.RaftServerConfigKeys (ConfUtils.java:logGet(43)) - raft.server.write.element-limit = 4096 (default)
2019-10-04 02:36:21,666 [942988af-fa3d-4753-9e3b-dae2bed50966@group-3C2EF1E94944-LeaderElection8] INFO  server.RaftServerConfigKeys (ConfUtils.java:logGet(43)) - raft.server.watch.timeout = 10s (default)
2019-10-04 02:36:21,666 [942988af-fa3d-4753-9e3b-dae2bed50966@group-3C2EF1E94944-LeaderElection8] INFO  server.RaftServerConfigKeys (ConfUtils.java:logGet(43)) - raft.server.watch.timeout.denomination = 1s (default)
2019-10-04 02:36:21,666 [942988af-fa3d-4753-9e3b-dae2bed50966@group-3C2EF1E94944-LeaderElection8] INFO  server.RaftServerConfigKeys (ConfUtils.java:logGet(43)) - raft.server.watch.element-limit = 65536 (default)
2019-10-04 02:36:21,674 [942988af-fa3d-4753-9e3b-dae2bed50966@group-3C2EF1E94944-LeaderElection8] INFO  server.RaftServerConfigKeys (ConfUtils.java:logGet(43)) - raft.server.log.appender.snapshot.chunk.size.max = 16MB (=16777216) (default)
2019-10-04 02:36:21,675 [942988af-fa3d-4753-9e3b-dae2bed50966@group-3C2EF1E94944-LeaderElection8] INFO  server.RaftServerConfigKeys (ConfUtils.java:logGet(43)) - raft.server.log.appender.buffer.byte-limit = 33554432 (custom)
2019-10-04 02:36:21,675 [942988af-fa3d-4753-9e3b-dae2bed50966@group-3C2EF1E94944-LeaderElection8] INFO  server.RaftServerConfigKeys (ConfUtils.java:logGet(43)) - raft.server.log.appender.buffer.element-limit = 1 (custom)
2019-10-04 02:36:21,678 [942988af-fa3d-4753-9e3b-dae2bed50966@group-3C2EF1E94944-LeaderElection8] INFO  grpc.GrpcConfigKeys$Server (ConfUtils.java:logGet(43)) - raft.grpc.server.leader.outstanding.appends.max = 128 (default)
2019-10-04 02:36:21,679 [942988af-fa3d-4753-9e3b-dae2bed50966@group-3C2EF1E94944-LeaderElection8] INFO  server.RaftServerConfigKeys (ConfUtils.java:logGet(43)) - raft.server.rpc.request.timeout = 3000ms (default)
2019-10-04 02:36:21,679 [942988af-fa3d-4753-9e3b-dae2bed50966@group-3C2EF1E94944-LeaderElection8] INFO  server.RaftServerConfigKeys (ConfUtils.java:logGet(43)) - raft.server.log.appender.install.snapshot.enabled = false (custom)
2019-10-04 02:36:21,680 [942988af-fa3d-4753-9e3b-dae2bed50966@group-3C2EF1E94944-LeaderElection8] INFO  server.RaftServerConfigKeys (ConfUtils.java:logGet(43)) - raft.server.log.appender.snapshot.chunk.size.max = 16MB (=16777216) (default)
2019-10-04 02:36:21,680 [942988af-fa3d-4753-9e3b-dae2bed50966@group-3C2EF1E94944-LeaderElection8] INFO  server.RaftServerConfigKeys (ConfUtils.java:logGet(43)) - raft.server.log.appender.buffer.byte-limit = 33554432 (custom)
2019-10-04 02:36:21,680 [942988af-fa3d-4753-9e3b-dae2bed50966@group-3C2EF1E94944-LeaderElection8] INFO  server.RaftServerConfigKeys (ConfUtils.java:logGet(43)) - raft.server.log.appender.buffer.element-limit = 1 (custom)
2019-10-04 02:36:21,680 [942988af-fa3d-4753-9e3b-dae2bed50966@group-3C2EF1E94944-LeaderElection8] INFO  grpc.GrpcConfigKeys$Server (ConfUtils.java:logGet(43)) - raft.grpc.server.leader.outstanding.appends.max = 128 (default)
2019-10-04 02:36:21,680 [942988af-fa3d-4753-9e3b-dae2bed50966@group-3C2EF1E94944-LeaderElection8] INFO  server.RaftServerConfigKeys (ConfUtils.java:logGet(43)) - raft.server.rpc.request.timeout = 3000ms (default)
2019-10-04 02:36:21,681 [942988af-fa3d-4753-9e3b-dae2bed50966@group-3C2EF1E94944-LeaderElection8] INFO  server.RaftServerConfigKeys (ConfUtils.java:logGet(43)) - raft.server.log.appender.install.snapshot.enabled = false (custom)
2019-10-04 02:36:21,682 [942988af-fa3d-4753-9e3b-dae2bed50966@group-3C2EF1E94944-LeaderElection8] INFO  impl.RoleInfo (RoleInfo.java:updateAndGet(143)) - 942988af-fa3d-4753-9e3b-dae2bed50966: start LeaderState
2019-10-04 02:36:21,682 [942988af-fa3d-4753-9e3b-dae2bed50966@group-3C2EF1E94944-LeaderElection8] INFO  segmented.SegmentedRaftLogWorker (SegmentedRaftLogWorker.java:startLogSegment(385)) - 942988af-fa3d-4753-9e3b-dae2bed50966@group-3C2EF1E94944-SegmentedRaftLogWorker: Starting segment from index:0
2019-10-04 02:36:21,683 [942988af-fa3d-4753-9e3b-dae2bed50966@group-3C2EF1E94944-LeaderElection8] INFO  impl.RaftServerImpl (ServerState.java:setRaftConf(356)) - 942988af-fa3d-4753-9e3b-dae2bed50966@group-3C2EF1E94944: set configuration 0: [17757683-1fb4-4950-8121-37d40baca579:192.168.164.196:37423, 942988af-fa3d-4753-9e3b-dae2bed50966:192.168.164.196:38957, c13f9db6-dbd2-45bd-8caa-43586fad62aa:192.168.164.196:41062], old=null at 0
2019-10-04 02:36:21,740 [942988af-fa3d-4753-9e3b-dae2bed50966@group-3C2EF1E94944-SegmentedRaftLogWorker] INFO  segmented.SegmentedRaftLogWorker (SegmentedRaftLogWorker.java:execute(574)) - 942988af-fa3d-4753-9e3b-dae2bed50966@group-3C2EF1E94944-SegmentedRaftLogWorker: created new log segment /workdir/hadoop-ozone/integration-test/target/test-dir/MiniOzoneClusterImpl-55dc459c-4f9d-491d-9aa1-7f15d9a1da2f/datanode-1/data/ratis/bdad85d9-5a6e-42fe-aa6a-3c2ef1e94944/current/log_inprogress_0
2019-10-04 02:36:21,749 [grpc-default-executor-3] INFO  impl.RaftServerImpl (ServerState.java:setLeader(255)) - 17757683-1fb4-4950-8121-37d40baca579@group-3C2EF1E94944: change Leader from null to 942988af-fa3d-4753-9e3b-dae2bed50966 at term 1 for appendEntries, leader elected after 5228ms
2019-10-04 02:36:21,749 [grpc-default-executor-1] INFO  impl.RaftServerImpl (ServerState.java:setLeader(255)) - c13f9db6-dbd2-45bd-8caa-43586fad62aa@group-3C2EF1E94944: change Leader from null to 942988af-fa3d-4753-9e3b-dae2bed50966 at term 1 for appendEntries, leader elected after 5228ms
2019-10-04 02:36:21,768 [Thread-274] INFO  impl.FollowerState (FollowerState.java:run(108)) - a648b77d-ebbe-442f-b9f5-71c97c023339@group-1CF6CA298444-FollowerState: change to CANDIDATE, lastRpcTime:5071ms, electionTimeout:5071ms
2019-10-04 02:36:21,768 [Thread-274] INFO  impl.RoleInfo (RoleInfo.java:shutdownFollowerState(121)) - a648b77d-ebbe-442f-b9f5-71c97c023339: shutdown FollowerState
2019-10-04 02:36:21,768 [Thread-274] INFO  impl.RaftServerImpl (RaftServerImpl.java:setRole(170)) - a648b77d-ebbe-442f-b9f5-71c97c023339@group-1CF6CA298444: changes role from  FOLLOWER to CANDIDATE at term 0 for changeToCandidate
2019-10-04 02:36:21,769 [Thread-274] INFO  impl.RoleInfo (RoleInfo.java:updateAndGet(143)) - a648b77d-ebbe-442f-b9f5-71c97c023339: start LeaderElection
2019-10-04 02:36:21,794 [grpc-default-executor-1] INFO  impl.RaftServerImpl (ServerState.java:setRaftConf(356)) - c13f9db6-dbd2-45bd-8caa-43586fad62aa@group-3C2EF1E94944: set configuration 0: [17757683-1fb4-4950-8121-37d40baca579:192.168.164.196:37423, 942988af-fa3d-4753-9e3b-dae2bed50966:192.168.164.196:38957, c13f9db6-dbd2-45bd-8caa-43586fad62aa:192.168.164.196:41062], old=null at 0
2019-10-04 02:36:21,794 [grpc-default-executor-3] INFO  impl.RaftServerImpl (ServerState.java:setRaftConf(356)) - 17757683-1fb4-4950-8121-37d40baca579@group-3C2EF1E94944: set configuration 0: [17757683-1fb4-4950-8121-37d40baca579:192.168.164.196:37423, 942988af-fa3d-4753-9e3b-dae2bed50966:192.168.164.196:38957, c13f9db6-dbd2-45bd-8caa-43586fad62aa:192.168.164.196:41062], old=null at 0
2019-10-04 02:36:21,794 [grpc-default-executor-1] INFO  segmented.SegmentedRaftLogWorker (SegmentedRaftLogWorker.java:startLogSegment(385)) - c13f9db6-dbd2-45bd-8caa-43586fad62aa@group-3C2EF1E94944-SegmentedRaftLogWorker: Starting segment from index:0
2019-10-04 02:36:21,795 [grpc-default-executor-3] INFO  segmented.SegmentedRaftLogWorker (SegmentedRaftLogWorker.java:startLogSegment(385)) - 17757683-1fb4-4950-8121-37d40baca579@group-3C2EF1E94944-SegmentedRaftLogWorker: Starting segment from index:0
2019-10-04 02:36:21,832 [a648b77d-ebbe-442f-b9f5-71c97c023339@group-1CF6CA298444-LeaderElection10] INFO  impl.LeaderElection (LeaderElection.java:askForVotes(178)) - a648b77d-ebbe-442f-b9f5-71c97c023339@group-1CF6CA298444-LeaderElection10: begin an election at term 1 for -1: [a648b77d-ebbe-442f-b9f5-71c97c023339:192.168.164.196:33812, 5635463c-e05f-4687-a088-7f1b01f803bd:192.168.164.196:37448, a636c584-b1ba-41d4-9455-83e8d3b98ab2:192.168.164.196:40690], old=null
2019-10-04 02:36:21,835 [17757683-1fb4-4950-8121-37d40baca579@group-3C2EF1E94944-SegmentedRaftLogWorker] INFO  segmented.SegmentedRaftLogWorker (SegmentedRaftLogWorker.java:execute(574)) - 17757683-1fb4-4950-8121-37d40baca579@group-3C2EF1E94944-SegmentedRaftLogWorker: created new log segment /workdir/hadoop-ozone/integration-test/target/test-dir/MiniOzoneClusterImpl-55dc459c-4f9d-491d-9aa1-7f15d9a1da2f/datanode-3/data/ratis/bdad85d9-5a6e-42fe-aa6a-3c2ef1e94944/current/log_inprogress_0
2019-10-04 02:36:21,835 [c13f9db6-dbd2-45bd-8caa-43586fad62aa@group-3C2EF1E94944-SegmentedRaftLogWorker] INFO  segmented.SegmentedRaftLogWorker (SegmentedRaftLogWorker.java:execute(574)) - c13f9db6-dbd2-45bd-8caa-43586fad62aa@group-3C2EF1E94944-SegmentedRaftLogWorker: created new log segment /workdir/hadoop-ozone/integration-test/target/test-dir/MiniOzoneClusterImpl-55dc459c-4f9d-491d-9aa1-7f15d9a1da2f/datanode-2/data/ratis/bdad85d9-5a6e-42fe-aa6a-3c2ef1e94944/current/log_inprogress_0
2019-10-04 02:36:21,852 [Thread-275] INFO  impl.FollowerState (FollowerState.java:run(108)) - a636c584-b1ba-41d4-9455-83e8d3b98ab2@group-1CF6CA298444-FollowerState: change to CANDIDATE, lastRpcTime:5154ms, electionTimeout:5151ms
2019-10-04 02:36:21,859 [Thread-275] INFO  impl.RoleInfo (RoleInfo.java:shutdownFollowerState(121)) - a636c584-b1ba-41d4-9455-83e8d3b98ab2: shutdown FollowerState
2019-10-04 02:36:21,859 [Thread-275] INFO  impl.RaftServerImpl (RaftServerImpl.java:setRole(170)) - a636c584-b1ba-41d4-9455-83e8d3b98ab2@group-1CF6CA298444: changes role from  FOLLOWER to CANDIDATE at term 0 for changeToCandidate
2019-10-04 02:36:21,860 [Thread-275] INFO  impl.RoleInfo (RoleInfo.java:updateAndGet(143)) - a636c584-b1ba-41d4-9455-83e8d3b98ab2: start LeaderElection
2019-10-04 02:36:21,867 [a636c584-b1ba-41d4-9455-83e8d3b98ab2@group-1CF6CA298444-LeaderElection11] INFO  impl.LeaderElection (LeaderElection.java:askForVotes(178)) - a636c584-b1ba-41d4-9455-83e8d3b98ab2@group-1CF6CA298444-LeaderElection11: begin an election at term 1 for -1: [a648b77d-ebbe-442f-b9f5-71c97c023339:192.168.164.196:33812, 5635463c-e05f-4687-a088-7f1b01f803bd:192.168.164.196:37448, a636c584-b1ba-41d4-9455-83e8d3b98ab2:192.168.164.196:40690], old=null
2019-10-04 02:36:21,870 [grpc-default-executor-3] INFO  impl.RaftServerImpl (RaftServerImpl.java:setRole(170)) - 5635463c-e05f-4687-a088-7f1b01f803bd@group-1CF6CA298444: changes role from  FOLLOWER to FOLLOWER at term 1 for recognizeCandidate:a648b77d-ebbe-442f-b9f5-71c97c023339
2019-10-04 02:36:21,870 [grpc-default-executor-3] INFO  impl.RoleInfo (RoleInfo.java:shutdownFollowerState(121)) - 5635463c-e05f-4687-a088-7f1b01f803bd: shutdown FollowerState
2019-10-04 02:36:21,870 [Thread-273] INFO  impl.FollowerState (FollowerState.java:run(117)) - 5635463c-e05f-4687-a088-7f1b01f803bd@group-1CF6CA298444-FollowerState was interrupted: java.lang.InterruptedException: sleep interrupted
2019-10-04 02:36:21,870 [grpc-default-executor-3] INFO  impl.RoleInfo (RoleInfo.java:updateAndGet(143)) - 5635463c-e05f-4687-a088-7f1b01f803bd: start FollowerState
2019-10-04 02:36:21,888 [a648b77d-ebbe-442f-b9f5-71c97c023339@group-1CF6CA298444-LeaderElection10] INFO  impl.LeaderElection (LeaderElection.java:logAndReturn(56)) - a648b77d-ebbe-442f-b9f5-71c97c023339@group-1CF6CA298444-LeaderElection10: Election PASSED; received 2 response(s) [a648b77d-ebbe-442f-b9f5-71c97c023339<-5635463c-e05f-4687-a088-7f1b01f803bd#0:OK-t1, a648b77d-ebbe-442f-b9f5-71c97c023339<-a636c584-b1ba-41d4-9455-83e8d3b98ab2#0:FAIL-t1] and 0 exception(s); a648b77d-ebbe-442f-b9f5-71c97c023339@group-1CF6CA298444:t1, leader=null, voted=a648b77d-ebbe-442f-b9f5-71c97c023339, raftlog=a648b77d-ebbe-442f-b9f5-71c97c023339@group-1CF6CA298444-SegmentedRaftLog:OPENED:c-1,f-1,i0, conf=-1: [a648b77d-ebbe-442f-b9f5-71c97c023339:192.168.164.196:33812, 5635463c-e05f-4687-a088-7f1b01f803bd:192.168.164.196:37448, a636c584-b1ba-41d4-9455-83e8d3b98ab2:192.168.164.196:40690], old=null
2019-10-04 02:36:21,893 [a648b77d-ebbe-442f-b9f5-71c97c023339@group-1CF6CA298444-LeaderElection10] INFO  impl.RoleInfo (RoleInfo.java:shutdownLeaderElection(134)) - a648b77d-ebbe-442f-b9f5-71c97c023339: shutdown LeaderElection
2019-10-04 02:36:21,893 [a648b77d-ebbe-442f-b9f5-71c97c023339@group-1CF6CA298444-LeaderElection10] INFO  impl.RaftServerImpl (RaftServerImpl.java:setRole(170)) - a648b77d-ebbe-442f-b9f5-71c97c023339@group-1CF6CA298444: changes role from CANDIDATE to LEADER at term 1 for changeToLeader
2019-10-04 02:36:21,895 [a648b77d-ebbe-442f-b9f5-71c97c023339@group-1CF6CA298444-LeaderElection10] INFO  impl.RaftServerImpl (ServerState.java:setLeader(255)) - a648b77d-ebbe-442f-b9f5-71c97c023339@group-1CF6CA298444: change Leader from null to a648b77d-ebbe-442f-b9f5-71c97c023339 at term 1 for becomeLeader, leader elected after 5213ms
2019-10-04 02:36:21,895 [a648b77d-ebbe-442f-b9f5-71c97c023339@group-1CF6CA298444-LeaderElection10] INFO  server.RaftServerConfigKeys (ConfUtils.java:logGet(43)) - raft.server.staging.catchup.gap = 1000 (default)
2019-10-04 02:36:21,895 [a648b77d-ebbe-442f-b9f5-71c97c023339@group-1CF6CA298444-LeaderElection10] INFO  server.RaftServerConfigKeys (ConfUtils.java:logGet(43)) - raft.server.rpc.sleep.time = 25ms (default)
2019-10-04 02:36:21,895 [a636c584-b1ba-41d4-9455-83e8d3b98ab2@group-1CF6CA298444-LeaderElection11] INFO  impl.LeaderElection (LeaderElection.java:logAndReturn(56)) - a636c584-b1ba-41d4-9455-83e8d3b98ab2@group-1CF6CA298444-LeaderElection11: Election REJECTED; received 2 response(s) [a636c584-b1ba-41d4-9455-83e8d3b98ab2<-a648b77d-ebbe-442f-b9f5-71c97c023339#0:FAIL-t1, a636c584-b1ba-41d4-9455-83e8d3b98ab2<-5635463c-e05f-4687-a088-7f1b01f803bd#0:FAIL-t1] and 0 exception(s); a636c584-b1ba-41d4-9455-83e8d3b98ab2@group-1CF6CA298444:t1, leader=null, voted=a636c584-b1ba-41d4-9455-83e8d3b98ab2, raftlog=a636c584-b1ba-41d4-9455-83e8d3b98ab2@group-1CF6CA298444-SegmentedRaftLog:OPENED:c-1,f-1,i0, conf=-1: [a648b77d-ebbe-442f-b9f5-71c97c023339:192.168.164.196:33812, 5635463c-e05f-4687-a088-7f1b01f803bd:192.168.164.196:37448, a636c584-b1ba-41d4-9455-83e8d3b98ab2:192.168.164.196:40690], old=null
2019-10-04 02:36:21,897 [a648b77d-ebbe-442f-b9f5-71c97c023339@group-1CF6CA298444-LeaderElection10] INFO  server.RaftServerConfigKeys (ConfUtils.java:logGet(43)) - raft.server.write.element-limit = 4096 (default)
2019-10-04 02:36:21,897 [a636c584-b1ba-41d4-9455-83e8d3b98ab2@group-1CF6CA298444-LeaderElection11] INFO  impl.RaftServerImpl (RaftServerImpl.java:setRole(170)) - a636c584-b1ba-41d4-9455-83e8d3b98ab2@group-1CF6CA298444: changes role from CANDIDATE to FOLLOWER at term 1 for DISCOVERED_A_NEW_TERM
2019-10-04 02:36:21,906 [a648b77d-ebbe-442f-b9f5-71c97c023339@group-1CF6CA298444-LeaderElection10] INFO  server.RaftServerConfigKeys (ConfUtils.java:logGet(43)) - raft.server.watch.timeout = 10s (default)
2019-10-04 02:36:21,906 [a636c584-b1ba-41d4-9455-83e8d3b98ab2@group-1CF6CA298444-LeaderElection11] INFO  impl.RoleInfo (RoleInfo.java:shutdownLeaderElection(134)) - a636c584-b1ba-41d4-9455-83e8d3b98ab2: shutdown LeaderElection
2019-10-04 02:36:21,906 [a648b77d-ebbe-442f-b9f5-71c97c023339@group-1CF6CA298444-LeaderElection10] INFO  server.RaftServerConfigKeys (ConfUtils.java:logGet(43)) - raft.server.watch.timeout.denomination = 1s (default)
2019-10-04 02:36:21,906 [a636c584-b1ba-41d4-9455-83e8d3b98ab2@group-1CF6CA298444-LeaderElection11] INFO  impl.RoleInfo (RoleInfo.java:updateAndGet(143)) - a636c584-b1ba-41d4-9455-83e8d3b98ab2: start FollowerState
2019-10-04 02:36:21,906 [a648b77d-ebbe-442f-b9f5-71c97c023339@group-1CF6CA298444-LeaderElection10] INFO  server.RaftServerConfigKeys (ConfUtils.java:logGet(43)) - raft.server.watch.element-limit = 65536 (default)
2019-10-04 02:36:21,908 [a648b77d-ebbe-442f-b9f5-71c97c023339@group-1CF6CA298444-LeaderElection10] INFO  server.RaftServerConfigKeys (ConfUtils.java:logGet(43)) - raft.server.log.appender.snapshot.chunk.size.max = 16MB (=16777216) (default)
2019-10-04 02:36:21,909 [a648b77d-ebbe-442f-b9f5-71c97c023339@group-1CF6CA298444-LeaderElection10] INFO  server.RaftServerConfigKeys (ConfUtils.java:logGet(43)) - raft.server.log.appender.buffer.byte-limit = 33554432 (custom)
2019-10-04 02:36:21,909 [a648b77d-ebbe-442f-b9f5-71c97c023339@group-1CF6CA298444-LeaderElection10] INFO  server.RaftServerConfigKeys (ConfUtils.java:logGet(43)) - raft.server.log.appender.buffer.element-limit = 1 (custom)
2019-10-04 02:36:21,909 [a648b77d-ebbe-442f-b9f5-71c97c023339@group-1CF6CA298444-LeaderElection10] INFO  grpc.GrpcConfigKeys$Server (ConfUtils.java:logGet(43)) - raft.grpc.server.leader.outstanding.appends.max = 128 (default)
2019-10-04 02:36:21,910 [a648b77d-ebbe-442f-b9f5-71c97c023339@group-1CF6CA298444-LeaderElection10] INFO  server.RaftServerConfigKeys (ConfUtils.java:logGet(43)) - raft.server.rpc.request.timeout = 3000ms (default)
2019-10-04 02:36:21,911 [a648b77d-ebbe-442f-b9f5-71c97c023339@group-1CF6CA298444-LeaderElection10] INFO  server.RaftServerConfigKeys (ConfUtils.java:logGet(43)) - raft.server.log.appender.install.snapshot.enabled = false (custom)
2019-10-04 02:36:21,911 [a648b77d-ebbe-442f-b9f5-71c97c023339@group-1CF6CA298444-LeaderElection10] INFO  server.RaftServerConfigKeys (ConfUtils.java:logGet(43)) - raft.server.log.appender.snapshot.chunk.size.max = 16MB (=16777216) (default)
2019-10-04 02:36:21,911 [a648b77d-ebbe-442f-b9f5-71c97c023339@group-1CF6CA298444-LeaderElection10] INFO  server.RaftServerConfigKeys (ConfUtils.java:logGet(43)) - raft.server.log.appender.buffer.byte-limit = 33554432 (custom)
2019-10-04 02:36:21,911 [a648b77d-ebbe-442f-b9f5-71c97c023339@group-1CF6CA298444-LeaderElection10] INFO  server.RaftServerConfigKeys (ConfUtils.java:logGet(43)) - raft.server.log.appender.buffer.element-limit = 1 (custom)
2019-10-04 02:36:21,911 [a648b77d-ebbe-442f-b9f5-71c97c023339@group-1CF6CA298444-LeaderElection10] INFO  grpc.GrpcConfigKeys$Server (ConfUtils.java:logGet(43)) - raft.grpc.server.leader.outstanding.appends.max = 128 (default)
2019-10-04 02:36:21,911 [a648b77d-ebbe-442f-b9f5-71c97c023339@group-1CF6CA298444-LeaderElection10] INFO  server.RaftServerConfigKeys (ConfUtils.java:logGet(43)) - raft.server.rpc.request.timeout = 3000ms (default)
2019-10-04 02:36:21,911 [a648b77d-ebbe-442f-b9f5-71c97c023339@group-1CF6CA298444-LeaderElection10] INFO  server.RaftServerConfigKeys (ConfUtils.java:logGet(43)) - raft.server.log.appender.install.snapshot.enabled = false (custom)
2019-10-04 02:36:21,912 [a648b77d-ebbe-442f-b9f5-71c97c023339@group-1CF6CA298444-LeaderElection10] INFO  impl.RoleInfo (RoleInfo.java:updateAndGet(143)) - a648b77d-ebbe-442f-b9f5-71c97c023339: start LeaderState
2019-10-04 02:36:21,912 [a648b77d-ebbe-442f-b9f5-71c97c023339@group-1CF6CA298444-LeaderElection10] INFO  segmented.SegmentedRaftLogWorker (SegmentedRaftLogWorker.java:startLogSegment(385)) - a648b77d-ebbe-442f-b9f5-71c97c023339@group-1CF6CA298444-SegmentedRaftLogWorker: Starting segment from index:0
2019-10-04 02:36:21,913 [a648b77d-ebbe-442f-b9f5-71c97c023339@group-1CF6CA298444-LeaderElection10] INFO  impl.RaftServerImpl (ServerState.java:setRaftConf(356)) - a648b77d-ebbe-442f-b9f5-71c97c023339@group-1CF6CA298444: set configuration 0: [a648b77d-ebbe-442f-b9f5-71c97c023339:192.168.164.196:33812, 5635463c-e05f-4687-a088-7f1b01f803bd:192.168.164.196:37448, a636c584-b1ba-41d4-9455-83e8d3b98ab2:192.168.164.196:40690], old=null at 0
2019-10-04 02:36:21,915 [grpc-default-executor-1] INFO  impl.RaftServerImpl (ServerState.java:setLeader(255)) - a636c584-b1ba-41d4-9455-83e8d3b98ab2@group-1CF6CA298444: change Leader from null to a648b77d-ebbe-442f-b9f5-71c97c023339 at term 1 for appendEntries, leader elected after 5233ms
2019-10-04 02:36:21,915 [grpc-default-executor-3] INFO  impl.RaftServerImpl (ServerState.java:setLeader(255)) - 5635463c-e05f-4687-a088-7f1b01f803bd@group-1CF6CA298444: change Leader from null to a648b77d-ebbe-442f-b9f5-71c97c023339 at term 1 for appendEntries, leader elected after 5233ms
2019-10-04 02:36:21,918 [grpc-default-executor-1] INFO  impl.RaftServerImpl (ServerState.java:setRaftConf(356)) - 5635463c-e05f-4687-a088-7f1b01f803bd@group-1CF6CA298444: set configuration 0: [a648b77d-ebbe-442f-b9f5-71c97c023339:192.168.164.196:33812, 5635463c-e05f-4687-a088-7f1b01f803bd:192.168.164.196:37448, a636c584-b1ba-41d4-9455-83e8d3b98ab2:192.168.164.196:40690], old=null at 0
2019-10-04 02:36:21,918 [grpc-default-executor-1] INFO  segmented.SegmentedRaftLogWorker (SegmentedRaftLogWorker.java:startLogSegment(385)) - 5635463c-e05f-4687-a088-7f1b01f803bd@group-1CF6CA298444-SegmentedRaftLogWorker: Starting segment from index:0
2019-10-04 02:36:21,919 [grpc-default-executor-3] INFO  impl.RaftServerImpl (ServerState.java:setRaftConf(356)) - a636c584-b1ba-41d4-9455-83e8d3b98ab2@group-1CF6CA298444: set configuration 0: [a648b77d-ebbe-442f-b9f5-71c97c023339:192.168.164.196:33812, 5635463c-e05f-4687-a088-7f1b01f803bd:192.168.164.196:37448, a636c584-b1ba-41d4-9455-83e8d3b98ab2:192.168.164.196:40690], old=null at 0
2019-10-04 02:36:21,919 [grpc-default-executor-3] INFO  segmented.SegmentedRaftLogWorker (SegmentedRaftLogWorker.java:startLogSegment(385)) - a636c584-b1ba-41d4-9455-83e8d3b98ab2@group-1CF6CA298444-SegmentedRaftLogWorker: Starting segment from index:0
2019-10-04 02:36:21,949 [a636c584-b1ba-41d4-9455-83e8d3b98ab2@group-1CF6CA298444-SegmentedRaftLogWorker] INFO  segmented.SegmentedRaftLogWorker (SegmentedRaftLogWorker.java:execute(574)) - a636c584-b1ba-41d4-9455-83e8d3b98ab2@group-1CF6CA298444-SegmentedRaftLogWorker: created new log segment /workdir/hadoop-ozone/integration-test/target/test-dir/MiniOzoneClusterImpl-55dc459c-4f9d-491d-9aa1-7f15d9a1da2f/datanode-5/data/ratis/91084e95-80cb-49e3-aa7c-1cf6ca298444/current/log_inprogress_0
2019-10-04 02:36:21,949 [a648b77d-ebbe-442f-b9f5-71c97c023339@group-1CF6CA298444-SegmentedRaftLogWorker] INFO  segmented.SegmentedRaftLogWorker (SegmentedRaftLogWorker.java:execute(574)) - a648b77d-ebbe-442f-b9f5-71c97c023339@group-1CF6CA298444-SegmentedRaftLogWorker: created new log segment /workdir/hadoop-ozone/integration-test/target/test-dir/MiniOzoneClusterImpl-55dc459c-4f9d-491d-9aa1-7f15d9a1da2f/datanode-6/data/ratis/91084e95-80cb-49e3-aa7c-1cf6ca298444/current/log_inprogress_0
2019-10-04 02:36:21,956 [5635463c-e05f-4687-a088-7f1b01f803bd@group-1CF6CA298444-SegmentedRaftLogWorker] INFO  segmented.SegmentedRaftLogWorker (SegmentedRaftLogWorker.java:execute(574)) - 5635463c-e05f-4687-a088-7f1b01f803bd@group-1CF6CA298444-SegmentedRaftLogWorker: created new log segment /workdir/hadoop-ozone/integration-test/target/test-dir/MiniOzoneClusterImpl-55dc459c-4f9d-491d-9aa1-7f15d9a1da2f/datanode-4/data/ratis/91084e95-80cb-49e3-aa7c-1cf6ca298444/current/log_inprogress_0
2019-10-04 02:36:23,271 [Datanode State Machine Thread - 0] INFO  statemachine.DatanodeStateMachine (DatanodeStateMachine.java:lambda$startDaemon$0(350)) - Ozone container server started.
2019-10-04 02:36:27,325 [main] INFO  ozoneimpl.OzoneContainer (OzoneContainer.java:stop(231)) - Attempting to stop container services.
2019-10-04 02:36:27,327 [main] INFO  impl.RaftServerProxy (RaftServerProxy.java:lambda$close$4(314)) - 942988af-fa3d-4753-9e3b-dae2bed50966: close
2019-10-04 02:36:27,331 [main] INFO  impl.RaftServerImpl (RaftServerImpl.java:lambda$shutdown$3(247)) - 942988af-fa3d-4753-9e3b-dae2bed50966@group-4089BD02929C: shutdown
2019-10-04 02:36:27,331 [ForkJoinPool.commonPool-worker-0] INFO  impl.RaftServerImpl (RaftServerImpl.java:lambda$shutdown$3(247)) - 942988af-fa3d-4753-9e3b-dae2bed50966@group-3C2EF1E94944: shutdown
2019-10-04 02:36:27,331 [main] INFO  util.JmxRegister (JmxRegister.java:unregister(73)) - Successfully un-registered JMX Bean with object name Ratis:service=RaftServer,group=group-4089BD02929C,id=942988af-fa3d-4753-9e3b-dae2bed50966
2019-10-04 02:36:27,331 [ForkJoinPool.commonPool-worker-0] INFO  util.JmxRegister (JmxRegister.java:unregister(73)) - Successfully un-registered JMX Bean with object name Ratis:service=RaftServer,group=group-3C2EF1E94944,id=942988af-fa3d-4753-9e3b-dae2bed50966
2019-10-04 02:36:27,332 [main] INFO  impl.RoleInfo (RoleInfo.java:shutdownLeaderState(104)) - 942988af-fa3d-4753-9e3b-dae2bed50966: shutdown LeaderState
2019-10-04 02:36:27,332 [ForkJoinPool.commonPool-worker-0] INFO  impl.RoleInfo (RoleInfo.java:shutdownLeaderState(104)) - 942988af-fa3d-4753-9e3b-dae2bed50966: shutdown LeaderState
2019-10-04 02:36:27,333 [main] INFO  impl.PendingRequests (PendingRequests.java:sendNotLeaderResponses(202)) - 942988af-fa3d-4753-9e3b-dae2bed50966@group-4089BD02929C-PendingRequests: sendNotLeaderResponses
2019-10-04 02:36:27,339 [org.apache.ratis.server.impl.LogAppender$AppenderDaemon$$Lambda$500/744402672@1741e886] WARN  server.GrpcLogAppender (GrpcLogAppender.java:mayWait(143)) - 942988af-fa3d-4753-9e3b-dae2bed50966@group-3C2EF1E94944->c13f9db6-dbd2-45bd-8caa-43586fad62aa-GrpcLogAppender: Wait interrupted by java.lang.InterruptedException
2019-10-04 02:36:27,339 [org.apache.ratis.server.impl.LogAppender$AppenderDaemon$$Lambda$500/744402672@651c2c57] WARN  server.GrpcLogAppender (GrpcLogAppender.java:mayWait(143)) - 942988af-fa3d-4753-9e3b-dae2bed50966@group-3C2EF1E94944->17757683-1fb4-4950-8121-37d40baca579-GrpcLogAppender: Wait interrupted by java.lang.InterruptedException
2019-10-04 02:36:27,337 [ForkJoinPool.commonPool-worker-0] INFO  impl.PendingRequests (PendingRequests.java:sendNotLeaderResponses(202)) - 942988af-fa3d-4753-9e3b-dae2bed50966@group-3C2EF1E94944-PendingRequests: sendNotLeaderResponses
2019-10-04 02:36:27,351 [main] INFO  impl.StateMachineUpdater (StateMachineUpdater.java:stopAndJoin(136)) - 942988af-fa3d-4753-9e3b-dae2bed50966@group-4089BD02929C-StateMachineUpdater: set stopIndex = 0
2019-10-04 02:36:27,351 [ForkJoinPool.commonPool-worker-0] INFO  impl.StateMachineUpdater (StateMachineUpdater.java:stopAndJoin(136)) - 942988af-fa3d-4753-9e3b-dae2bed50966@group-3C2EF1E94944-StateMachineUpdater: set stopIndex = 2
2019-10-04 02:36:27,353 [942988af-fa3d-4753-9e3b-dae2bed50966@group-3C2EF1E94944-StateMachineUpdater] INFO  ratis.ContainerStateMachine (ContainerStateMachine.java:takeSnapshot(293)) - group-3C2EF1E94944: Taking a snapshot at:(t:1, i:2) file /workdir/hadoop-ozone/integration-test/target/test-dir/MiniOzoneClusterImpl-55dc459c-4f9d-491d-9aa1-7f15d9a1da2f/datanode-1/data/ratis/bdad85d9-5a6e-42fe-aa6a-3c2ef1e94944/sm/snapshot.1_2
2019-10-04 02:36:27,354 [main] INFO  impl.RaftServerImpl (ServerState.java:close(387)) - 942988af-fa3d-4753-9e3b-dae2bed50966@group-4089BD02929C: closes. applyIndex: 0
2019-10-04 02:36:27,354 [grpc-default-executor-1] INFO  server.GrpcServerProtocolService (GrpcServerProtocolService.java:onCompleted(113)) - c13f9db6-dbd2-45bd-8caa-43586fad62aa: Completed APPEND_ENTRIES, lastRequest: 942988af-fa3d-4753-9e3b-dae2bed50966->c13f9db6-dbd2-45bd-8caa-43586fad62aa#5-t1, previous=(t:1, i:2), leaderCommit=2, initializing? false, entries: <empty>
2019-10-04 02:36:27,354 [grpc-default-executor-3] INFO  server.GrpcServerProtocolService (GrpcServerProtocolService.java:onCompleted(113)) - 17757683-1fb4-4950-8121-37d40baca579: Completed APPEND_ENTRIES, lastRequest: 942988af-fa3d-4753-9e3b-dae2bed50966->17757683-1fb4-4950-8121-37d40baca579#5-t1, previous=(t:1, i:2), leaderCommit=2, initializing? false, entries: <empty>
2019-10-04 02:36:27,364 [grpc-default-executor-2] INFO  server.GrpcLogAppender (GrpcLogAppender.java:onCompleted(293)) - 942988af-fa3d-4753-9e3b-dae2bed50966@group-3C2EF1E94944->c13f9db6-dbd2-45bd-8caa-43586fad62aa-AppendLogResponseHandler: follower responses appendEntries COMPLETED
2019-10-04 02:36:27,367 [grpc-default-executor-3] INFO  server.GrpcLogAppender (GrpcLogAppender.java:onCompleted(293)) - 942988af-fa3d-4753-9e3b-dae2bed50966@group-3C2EF1E94944->17757683-1fb4-4950-8121-37d40baca579-AppendLogResponseHandler: follower responses appendEntries COMPLETED
2019-10-04 02:36:27,367 [942988af-fa3d-4753-9e3b-dae2bed50966@group-4089BD02929C-SegmentedRaftLogWorker] INFO  segmented.SegmentedRaftLogWorker (SegmentedRaftLogWorker.java:run(316)) - 942988af-fa3d-4753-9e3b-dae2bed50966@group-4089BD02929C-SegmentedRaftLogWorker was interrupted, exiting. There are 0 tasks remaining in the queue.
2019-10-04 02:36:27,369 [main] INFO  segmented.SegmentedRaftLogWorker (SegmentedRaftLogWorker.java:close(224)) - 942988af-fa3d-4753-9e3b-dae2bed50966@group-4089BD02929C-SegmentedRaftLogWorker close()
2019-10-04 02:36:27,376 [grpc-default-executor-2] INFO  impl.FollowerInfo (FollowerInfo.java:lambda$new$0(51)) - 942988af-fa3d-4753-9e3b-dae2bed50966@group-3C2EF1E94944->c13f9db6-dbd2-45bd-8caa-43586fad62aa: nextIndex: updateUnconditionally 3 -> 2
2019-10-04 02:36:27,377 [grpc-default-executor-3] INFO  impl.FollowerInfo (FollowerInfo.java:lambda$new$0(51)) - 942988af-fa3d-4753-9e3b-dae2bed50966@group-3C2EF1E94944->17757683-1fb4-4950-8121-37d40baca579: nextIndex: updateUnconditionally 3 -> 2
2019-10-04 02:36:27,479 [942988af-fa3d-4753-9e3b-dae2bed50966@group-3C2EF1E94944-StateMachineUpdater] INFO  ratis.ContainerStateMachine (ContainerStateMachine.java:takeSnapshot(304)) - group-3C2EF1E94944: Finished taking a snapshot at:(t:1, i:2) file:/workdir/hadoop-ozone/integration-test/target/test-dir/MiniOzoneClusterImpl-55dc459c-4f9d-491d-9aa1-7f15d9a1da2f/datanode-1/data/ratis/bdad85d9-5a6e-42fe-aa6a-3c2ef1e94944/sm/snapshot.1_2 time:126
2019-10-04 02:36:27,480 [942988af-fa3d-4753-9e3b-dae2bed50966@group-3C2EF1E94944-StateMachineUpdater] INFO  impl.StateMachineUpdater (StateMachineUpdater.java:takeSnapshot(269)) - 942988af-fa3d-4753-9e3b-dae2bed50966@group-3C2EF1E94944-StateMachineUpdater: Took a snapshot at index 2
2019-10-04 02:36:27,480 [942988af-fa3d-4753-9e3b-dae2bed50966@group-3C2EF1E94944-StateMachineUpdater] INFO  impl.StateMachineUpdater (StateMachineUpdater.java:lambda$new$0(84)) - 942988af-fa3d-4753-9e3b-dae2bed50966@group-3C2EF1E94944-StateMachineUpdater: snapshotIndex: updateIncreasingly -1 -> 2
2019-10-04 02:36:27,489 [ForkJoinPool.commonPool-worker-0] INFO  impl.RaftServerImpl (ServerState.java:close(387)) - 942988af-fa3d-4753-9e3b-dae2bed50966@group-3C2EF1E94944: closes. applyIndex: 2
2019-10-04 02:36:27,489 [942988af-fa3d-4753-9e3b-dae2bed50966@group-3C2EF1E94944-SegmentedRaftLogWorker] INFO  segmented.SegmentedRaftLogWorker (SegmentedRaftLogWorker.java:run(316)) - 942988af-fa3d-4753-9e3b-dae2bed50966@group-3C2EF1E94944-SegmentedRaftLogWorker was interrupted, exiting. There are 0 tasks remaining in the queue.
2019-10-04 02:36:27,491 [ForkJoinPool.commonPool-worker-0] INFO  segmented.SegmentedRaftLogWorker (SegmentedRaftLogWorker.java:close(224)) - 942988af-fa3d-4753-9e3b-dae2bed50966@group-3C2EF1E94944-SegmentedRaftLogWorker close()
2019-10-04 02:36:27,494 [main] INFO  server.GrpcService (GrpcService.java:closeImpl(164)) - 942988af-fa3d-4753-9e3b-dae2bed50966: shutdown server with port 38957 now
2019-10-04 02:36:27,499 [main] INFO  server.GrpcService (GrpcService.java:closeImpl(172)) - 942988af-fa3d-4753-9e3b-dae2bed50966: shutdown server with port 38957 successfully
2019-10-04 02:36:27,503 [refreshUsed-/workdir/hadoop-ozone/integration-test/target/test-dir/MiniOzoneClusterImpl-55dc459c-4f9d-491d-9aa1-7f15d9a1da2f/datanode-1/data/containers] WARN  fs.CachingGetSpaceUsed (CachingGetSpaceUsed.java:run(183)) - Thread Interrupted waiting to refresh disk information: sleep interrupted
2019-10-04 02:36:27,526 [main] INFO  utils.BackgroundService (BackgroundService.java:shutdown(148)) - Shutting down service BlockDeletingService
2019-10-04 02:36:27,532 [main] INFO  statemachine.DatanodeStateMachine (DatanodeStateMachine.java:stopDaemon(395)) - Ozone container server stopped.
2019-10-04 02:36:27,540 [main] INFO  handler.ContextHandler (ContextHandler.java:doStop(910)) - Stopped o.e.j.w.WebAppContext@53e800f9{/,null,UNAVAILABLE}{/hddsDatanode}
2019-10-04 02:36:27,547 [main] INFO  server.AbstractConnector (AbstractConnector.java:doStop(318)) - Stopped ServerConnector@337bbfdf{HTTP/1.1,[http/1.1]}{0.0.0.0:0}
2019-10-04 02:36:27,548 [main] INFO  handler.ContextHandler (ContextHandler.java:doStop(910)) - Stopped o.e.j.s.ServletContextHandler@c27a3a2{/static,jar:file:/home/user/.m2/repository/org/apache/hadoop/hadoop-hdds-container-service/0.5.0-SNAPSHOT/hadoop-hdds-container-service-0.5.0-SNAPSHOT.jar!/webapps/static,UNAVAILABLE}
2019-10-04 02:36:27,549 [main] INFO  handler.ContextHandler (ContextHandler.java:doStop(910)) - Stopped o.e.j.s.ServletContextHandler@5460b754{/logs,file:///workdir/hadoop-ozone/integration-test/target/log,UNAVAILABLE}
2019-10-04 02:36:36,866 [Thread-311] INFO  impl.FollowerState (FollowerState.java:run(108)) - c13f9db6-dbd2-45bd-8caa-43586fad62aa@group-3C2EF1E94944-FollowerState: change to CANDIDATE, lastRpcTime:9778ms, electionTimeout:5136ms
2019-10-04 02:36:36,867 [Thread-311] INFO  impl.RoleInfo (RoleInfo.java:shutdownFollowerState(121)) - c13f9db6-dbd2-45bd-8caa-43586fad62aa: shutdown FollowerState
2019-10-04 02:36:36,867 [Thread-311] INFO  impl.RaftServerImpl (RaftServerImpl.java:setRole(170)) - c13f9db6-dbd2-45bd-8caa-43586fad62aa@group-3C2EF1E94944: changes role from  FOLLOWER to CANDIDATE at term 1 for changeToCandidate
2019-10-04 02:36:36,867 [Thread-311] INFO  impl.RoleInfo (RoleInfo.java:updateAndGet(143)) - c13f9db6-dbd2-45bd-8caa-43586fad62aa: start LeaderElection
2019-10-04 02:36:36,870 [c13f9db6-dbd2-45bd-8caa-43586fad62aa@group-3C2EF1E94944-LeaderElection12] INFO  impl.RaftServerImpl (ServerState.java:setLeader(255)) - c13f9db6-dbd2-45bd-8caa-43586fad62aa@group-3C2EF1E94944: change Leader from 942988af-fa3d-4753-9e3b-dae2bed50966 to null at term 1 for initElection
2019-10-04 02:36:36,884 [c13f9db6-dbd2-45bd-8caa-43586fad62aa@group-3C2EF1E94944-LeaderElection12] INFO  impl.LeaderElection (LeaderElection.java:askForVotes(178)) - c13f9db6-dbd2-45bd-8caa-43586fad62aa@group-3C2EF1E94944-LeaderElection12: begin an election at term 2 for 0: [17757683-1fb4-4950-8121-37d40baca579:192.168.164.196:37423, 942988af-fa3d-4753-9e3b-dae2bed50966:192.168.164.196:38957, c13f9db6-dbd2-45bd-8caa-43586fad62aa:192.168.164.196:41062], old=null
2019-10-04 02:36:36,894 [grpc-default-executor-2] INFO  impl.RaftServerImpl (ServerState.java:setLeader(255)) - 17757683-1fb4-4950-8121-37d40baca579@group-3C2EF1E94944: change Leader from 942988af-fa3d-4753-9e3b-dae2bed50966 to null at term 2 for updateCurrentTerm
2019-10-04 02:36:36,895 [grpc-default-executor-2] INFO  impl.RaftServerImpl (RaftServerImpl.java:setRole(170)) - 17757683-1fb4-4950-8121-37d40baca579@group-3C2EF1E94944: changes role from  FOLLOWER to FOLLOWER at term 2 for recognizeCandidate:c13f9db6-dbd2-45bd-8caa-43586fad62aa
2019-10-04 02:36:36,895 [grpc-default-executor-2] INFO  impl.RoleInfo (RoleInfo.java:shutdownFollowerState(121)) - 17757683-1fb4-4950-8121-37d40baca579: shutdown FollowerState
2019-10-04 02:36:36,895 [grpc-default-executor-2] INFO  impl.RoleInfo (RoleInfo.java:updateAndGet(143)) - 17757683-1fb4-4950-8121-37d40baca579: start FollowerState
2019-10-04 02:36:36,895 [Thread-312] INFO  impl.FollowerState (FollowerState.java:run(117)) - 17757683-1fb4-4950-8121-37d40baca579@group-3C2EF1E94944-FollowerState was interrupted: java.lang.InterruptedException: sleep interrupted
2019-10-04 02:36:36,902 [c13f9db6-dbd2-45bd-8caa-43586fad62aa@group-3C2EF1E94944-LeaderElection12] INFO  impl.LeaderElection (LogUtils.java:infoOrTrace(149)) - c13f9db6-dbd2-45bd-8caa-43586fad62aa@group-3C2EF1E94944-LeaderElection12 got exception when requesting votes: {}
java.util.concurrent.ExecutionException: org.apache.ratis.thirdparty.io.grpc.StatusRuntimeException: UNAVAILABLE: io exception
	at java.util.concurrent.FutureTask.report(FutureTask.java:122)
	at java.util.concurrent.FutureTask.get(FutureTask.java:192)
	at org.apache.ratis.server.impl.LeaderElection.waitForResults(LeaderElection.java:259)
	at org.apache.ratis.server.impl.LeaderElection.askForVotes(LeaderElection.java:197)
	at org.apache.ratis.server.impl.LeaderElection.run(LeaderElection.java:133)
	at java.lang.Thread.run(Thread.java:748)
Caused by: org.apache.ratis.thirdparty.io.grpc.StatusRuntimeException: UNAVAILABLE: io exception
	at org.apache.ratis.thirdparty.io.grpc.stub.ClientCalls.toStatusRuntimeException(ClientCalls.java:233)
	at org.apache.ratis.thirdparty.io.grpc.stub.ClientCalls.getUnchecked(ClientCalls.java:214)
	at org.apache.ratis.thirdparty.io.grpc.stub.ClientCalls.blockingUnaryCall(ClientCalls.java:139)
	at org.apache.ratis.proto.grpc.RaftServerProtocolServiceGrpc$RaftServerProtocolServiceBlockingStub.requestVote(RaftServerProtocolServiceGrpc.java:265)
	at org.apache.ratis.grpc.server.GrpcServerProtocolClient.requestVote(GrpcServerProtocolClient.java:99)
	at org.apache.ratis.grpc.server.GrpcService.requestVote(GrpcService.java:204)
	at org.apache.ratis.server.impl.LeaderElection.lambda$submitRequests$1(LeaderElection.java:234)
	at java.util.concurrent.FutureTask.run(FutureTask.java:266)
	at java.util.concurrent.Executors$RunnableAdapter.call(Executors.java:511)
	at java.util.concurrent.FutureTask.run(FutureTask.java:266)
	at java.util.concurrent.ThreadPoolExecutor.runWorker(ThreadPoolExecutor.java:1149)
	at java.util.concurrent.ThreadPoolExecutor$Worker.run(ThreadPoolExecutor.java:624)
	... 1 more
Caused by: org.apache.ratis.thirdparty.io.netty.channel.AbstractChannel$AnnotatedConnectException: Connection refused: /192.168.164.196:38957
	at sun.nio.ch.SocketChannelImpl.checkConnect(Native Method)
	at sun.nio.ch.SocketChannelImpl.finishConnect(SocketChannelImpl.java:717)
	at org.apache.ratis.thirdparty.io.netty.channel.socket.nio.NioSocketChannel.doFinishConnect(NioSocketChannel.java:327)
	at org.apache.ratis.thirdparty.io.netty.channel.nio.AbstractNioChannel$AbstractNioUnsafe.finishConnect(AbstractNioChannel.java:340)
	at org.apache.ratis.thirdparty.io.netty.channel.nio.NioEventLoop.processSelectedKey(NioEventLoop.java:632)
	at org.apache.ratis.thirdparty.io.netty.channel.nio.NioEventLoop.processSelectedKeysOptimized(NioEventLoop.java:579)
	at org.apache.ratis.thirdparty.io.netty.channel.nio.NioEventLoop.processSelectedKeys(NioEventLoop.java:496)
	at org.apache.ratis.thirdparty.io.netty.channel.nio.NioEventLoop.run(NioEventLoop.java:458)
	at org.apache.ratis.thirdparty.io.netty.util.concurrent.SingleThreadEventExecutor$5.run(SingleThreadEventExecutor.java:897)
	at org.apache.ratis.thirdparty.io.netty.util.concurrent.FastThreadLocalRunnable.run(FastThreadLocalRunnable.java:30)
	... 1 more
Caused by: java.net.ConnectException: Connection refused
	... 11 more
2019-10-04 02:36:36,918 [c13f9db6-dbd2-45bd-8caa-43586fad62aa@group-3C2EF1E94944-LeaderElection12] INFO  impl.LeaderElection (LeaderElection.java:logAndReturn(56)) - c13f9db6-dbd2-45bd-8caa-43586fad62aa@group-3C2EF1E94944-LeaderElection12: Election PASSED; received 1 response(s) [c13f9db6-dbd2-45bd-8caa-43586fad62aa<-17757683-1fb4-4950-8121-37d40baca579#0:OK-t2] and 1 exception(s); c13f9db6-dbd2-45bd-8caa-43586fad62aa@group-3C2EF1E94944:t2, leader=null, voted=c13f9db6-dbd2-45bd-8caa-43586fad62aa, raftlog=c13f9db6-dbd2-45bd-8caa-43586fad62aa@group-3C2EF1E94944-SegmentedRaftLog:OPENED:c2,f2,i2, conf=0: [17757683-1fb4-4950-8121-37d40baca579:192.168.164.196:37423, 942988af-fa3d-4753-9e3b-dae2bed50966:192.168.164.196:38957, c13f9db6-dbd2-45bd-8caa-43586fad62aa:192.168.164.196:41062], old=null
2019-10-04 02:36:36,919 [c13f9db6-dbd2-45bd-8caa-43586fad62aa@group-3C2EF1E94944-LeaderElection12] INFO  impl.LeaderElection (LogUtils.java:infoOrTrace(149)) -   Exception 0: {}
java.util.concurrent.ExecutionException: org.apache.ratis.thirdparty.io.grpc.StatusRuntimeException: UNAVAILABLE: io exception
	at java.util.concurrent.FutureTask.report(FutureTask.java:122)
	at java.util.concurrent.FutureTask.get(FutureTask.java:192)
	at org.apache.ratis.server.impl.LeaderElection.waitForResults(LeaderElection.java:259)
	at org.apache.ratis.server.impl.LeaderElection.askForVotes(LeaderElection.java:197)
	at org.apache.ratis.server.impl.LeaderElection.run(LeaderElection.java:133)
	at java.lang.Thread.run(Thread.java:748)
Caused by: org.apache.ratis.thirdparty.io.grpc.StatusRuntimeException: UNAVAILABLE: io exception
	at org.apache.ratis.thirdparty.io.grpc.stub.ClientCalls.toStatusRuntimeException(ClientCalls.java:233)
	at org.apache.ratis.thirdparty.io.grpc.stub.ClientCalls.getUnchecked(ClientCalls.java:214)
	at org.apache.ratis.thirdparty.io.grpc.stub.ClientCalls.blockingUnaryCall(ClientCalls.java:139)
	at org.apache.ratis.proto.grpc.RaftServerProtocolServiceGrpc$RaftServerProtocolServiceBlockingStub.requestVote(RaftServerProtocolServiceGrpc.java:265)
	at org.apache.ratis.grpc.server.GrpcServerProtocolClient.requestVote(GrpcServerProtocolClient.java:99)
	at org.apache.ratis.grpc.server.GrpcService.requestVote(GrpcService.java:204)
	at org.apache.ratis.server.impl.LeaderElection.lambda$submitRequests$1(LeaderElection.java:234)
	at java.util.concurrent.FutureTask.run(FutureTask.java:266)
	at java.util.concurrent.Executors$RunnableAdapter.call(Executors.java:511)
	at java.util.concurrent.FutureTask.run(FutureTask.java:266)
	at java.util.concurrent.ThreadPoolExecutor.runWorker(ThreadPoolExecutor.java:1149)
	at java.util.concurrent.ThreadPoolExecutor$Worker.run(ThreadPoolExecutor.java:624)
	... 1 more
Caused by: org.apache.ratis.thirdparty.io.netty.channel.AbstractChannel$AnnotatedConnectException: Connection refused: /192.168.164.196:38957
	at sun.nio.ch.SocketChannelImpl.checkConnect(Native Method)
	at sun.nio.ch.SocketChannelImpl.finishConnect(SocketChannelImpl.java:717)
	at org.apache.ratis.thirdparty.io.netty.channel.socket.nio.NioSocketChannel.doFinishConnect(NioSocketChannel.java:327)
	at org.apache.ratis.thirdparty.io.netty.channel.nio.AbstractNioChannel$AbstractNioUnsafe.finishConnect(AbstractNioChannel.java:340)
	at org.apache.ratis.thirdparty.io.netty.channel.nio.NioEventLoop.processSelectedKey(NioEventLoop.java:632)
	at org.apache.ratis.thirdparty.io.netty.channel.nio.NioEventLoop.processSelectedKeysOptimized(NioEventLoop.java:579)
	at org.apache.ratis.thirdparty.io.netty.channel.nio.NioEventLoop.processSelectedKeys(NioEventLoop.java:496)
	at org.apache.ratis.thirdparty.io.netty.channel.nio.NioEventLoop.run(NioEventLoop.java:458)
	at org.apache.ratis.thirdparty.io.netty.util.concurrent.SingleThreadEventExecutor$5.run(SingleThreadEventExecutor.java:897)
	at org.apache.ratis.thirdparty.io.netty.util.concurrent.FastThreadLocalRunnable.run(FastThreadLocalRunnable.java:30)
	... 1 more
Caused by: java.net.ConnectException: Connection refused
	... 11 more
2019-10-04 02:36:36,919 [c13f9db6-dbd2-45bd-8caa-43586fad62aa@group-3C2EF1E94944-LeaderElection12] INFO  impl.RoleInfo (RoleInfo.java:shutdownLeaderElection(134)) - c13f9db6-dbd2-45bd-8caa-43586fad62aa: shutdown LeaderElection
2019-10-04 02:36:36,920 [c13f9db6-dbd2-45bd-8caa-43586fad62aa@group-3C2EF1E94944-LeaderElection12] INFO  impl.RaftServerImpl (RaftServerImpl.java:setRole(170)) - c13f9db6-dbd2-45bd-8caa-43586fad62aa@group-3C2EF1E94944: changes role from CANDIDATE to LEADER at term 2 for changeToLeader
2019-10-04 02:36:36,920 [c13f9db6-dbd2-45bd-8caa-43586fad62aa@group-3C2EF1E94944-LeaderElection12] INFO  impl.RaftServerImpl (ServerState.java:setLeader(255)) - c13f9db6-dbd2-45bd-8caa-43586fad62aa@group-3C2EF1E94944: change Leader from null to c13f9db6-dbd2-45bd-8caa-43586fad62aa at term 2 for becomeLeader, leader elected after 50ms
2019-10-04 02:36:36,920 [c13f9db6-dbd2-45bd-8caa-43586fad62aa@group-3C2EF1E94944-LeaderElection12] INFO  server.RaftServerConfigKeys (ConfUtils.java:logGet(43)) - raft.server.staging.catchup.gap = 1000 (default)
2019-10-04 02:36:36,920 [c13f9db6-dbd2-45bd-8caa-43586fad62aa@group-3C2EF1E94944-LeaderElection12] INFO  server.RaftServerConfigKeys (ConfUtils.java:logGet(43)) - raft.server.rpc.sleep.time = 25ms (default)
2019-10-04 02:36:36,921 [c13f9db6-dbd2-45bd-8caa-43586fad62aa@group-3C2EF1E94944-LeaderElection12] INFO  server.RaftServerConfigKeys (ConfUtils.java:logGet(43)) - raft.server.write.element-limit = 4096 (default)
2019-10-04 02:36:36,921 [c13f9db6-dbd2-45bd-8caa-43586fad62aa@group-3C2EF1E94944-LeaderElection12] INFO  server.RaftServerConfigKeys (ConfUtils.java:logGet(43)) - raft.server.watch.timeout = 10s (default)
2019-10-04 02:36:36,921 [c13f9db6-dbd2-45bd-8caa-43586fad62aa@group-3C2EF1E94944-LeaderElection12] INFO  server.RaftServerConfigKeys (ConfUtils.java:logGet(43)) - raft.server.watch.timeout.denomination = 1s (default)
2019-10-04 02:36:36,921 [c13f9db6-dbd2-45bd-8caa-43586fad62aa@group-3C2EF1E94944-LeaderElection12] INFO  server.RaftServerConfigKeys (ConfUtils.java:logGet(43)) - raft.server.watch.element-limit = 65536 (default)
2019-10-04 02:36:36,925 [c13f9db6-dbd2-45bd-8caa-43586fad62aa@group-3C2EF1E94944-LeaderElection12] INFO  server.RaftServerConfigKeys (ConfUtils.java:logGet(43)) - raft.server.log.appender.snapshot.chunk.size.max = 16MB (=16777216) (default)
2019-10-04 02:36:36,926 [c13f9db6-dbd2-45bd-8caa-43586fad62aa@group-3C2EF1E94944-LeaderElection12] INFO  server.RaftServerConfigKeys (ConfUtils.java:logGet(43)) - raft.server.log.appender.buffer.byte-limit = 33554432 (custom)
2019-10-04 02:36:36,926 [c13f9db6-dbd2-45bd-8caa-43586fad62aa@group-3C2EF1E94944-LeaderElection12] INFO  server.RaftServerConfigKeys (ConfUtils.java:logGet(43)) - raft.server.log.appender.buffer.element-limit = 1 (custom)
2019-10-04 02:36:36,926 [c13f9db6-dbd2-45bd-8caa-43586fad62aa@group-3C2EF1E94944-LeaderElection12] INFO  grpc.GrpcConfigKeys$Server (ConfUtils.java:logGet(43)) - raft.grpc.server.leader.outstanding.appends.max = 128 (default)
2019-10-04 02:36:36,926 [c13f9db6-dbd2-45bd-8caa-43586fad62aa@group-3C2EF1E94944-LeaderElection12] INFO  server.RaftServerConfigKeys (ConfUtils.java:logGet(43)) - raft.server.rpc.request.timeout = 3000ms (default)
2019-10-04 02:36:36,926 [c13f9db6-dbd2-45bd-8caa-43586fad62aa@group-3C2EF1E94944-LeaderElection12] INFO  server.RaftServerConfigKeys (ConfUtils.java:logGet(43)) - raft.server.log.appender.install.snapshot.enabled = false (custom)
2019-10-04 02:36:36,927 [c13f9db6-dbd2-45bd-8caa-43586fad62aa@group-3C2EF1E94944-LeaderElection12] INFO  server.RaftServerConfigKeys (ConfUtils.java:logGet(43)) - raft.server.log.appender.snapshot.chunk.size.max = 16MB (=16777216) (default)
2019-10-04 02:36:36,927 [c13f9db6-dbd2-45bd-8caa-43586fad62aa@group-3C2EF1E94944-LeaderElection12] INFO  server.RaftServerConfigKeys (ConfUtils.java:logGet(43)) - raft.server.log.appender.buffer.byte-limit = 33554432 (custom)
2019-10-04 02:36:36,927 [c13f9db6-dbd2-45bd-8caa-43586fad62aa@group-3C2EF1E94944-LeaderElection12] INFO  server.RaftServerConfigKeys (ConfUtils.java:logGet(43)) - raft.server.log.appender.buffer.element-limit = 1 (custom)
2019-10-04 02:36:36,927 [c13f9db6-dbd2-45bd-8caa-43586fad62aa@group-3C2EF1E94944-LeaderElection12] INFO  grpc.GrpcConfigKeys$Server (ConfUtils.java:logGet(43)) - raft.grpc.server.leader.outstanding.appends.max = 128 (default)
2019-10-04 02:36:36,927 [c13f9db6-dbd2-45bd-8caa-43586fad62aa@group-3C2EF1E94944-LeaderElection12] INFO  server.RaftServerConfigKeys (ConfUtils.java:logGet(43)) - raft.server.rpc.request.timeout = 3000ms (default)
2019-10-04 02:36:36,928 [c13f9db6-dbd2-45bd-8caa-43586fad62aa@group-3C2EF1E94944-LeaderElection12] INFO  server.RaftServerConfigKeys (ConfUtils.java:logGet(43)) - raft.server.log.appender.install.snapshot.enabled = false (custom)
2019-10-04 02:36:36,928 [c13f9db6-dbd2-45bd-8caa-43586fad62aa@group-3C2EF1E94944-LeaderElection12] INFO  impl.RoleInfo (RoleInfo.java:updateAndGet(143)) - c13f9db6-dbd2-45bd-8caa-43586fad62aa: start LeaderState
2019-10-04 02:36:36,929 [c13f9db6-dbd2-45bd-8caa-43586fad62aa@group-3C2EF1E94944-LeaderElection12] INFO  segmented.SegmentedRaftLogWorker (SegmentedRaftLogWorker.java:rollLogSegment(390)) - c13f9db6-dbd2-45bd-8caa-43586fad62aa@group-3C2EF1E94944-SegmentedRaftLogWorker: Rolling segment log-0_2 to index:2
2019-10-04 02:36:36,933 [c13f9db6-dbd2-45bd-8caa-43586fad62aa@group-3C2EF1E94944-LeaderElection12] INFO  impl.RaftServerImpl (ServerState.java:setRaftConf(356)) - c13f9db6-dbd2-45bd-8caa-43586fad62aa@group-3C2EF1E94944: set configuration 3: [17757683-1fb4-4950-8121-37d40baca579:192.168.164.196:37423, 942988af-fa3d-4753-9e3b-dae2bed50966:192.168.164.196:38957, c13f9db6-dbd2-45bd-8caa-43586fad62aa:192.168.164.196:41062], old=null at 3
2019-10-04 02:36:36,933 [c13f9db6-dbd2-45bd-8caa-43586fad62aa@group-3C2EF1E94944-SegmentedRaftLogWorker] INFO  segmented.SegmentedRaftLogWorker (SegmentedRaftLogWorker.java:execute(531)) - c13f9db6-dbd2-45bd-8caa-43586fad62aa@group-3C2EF1E94944-SegmentedRaftLogWorker: Rolled log segment from /workdir/hadoop-ozone/integration-test/target/test-dir/MiniOzoneClusterImpl-55dc459c-4f9d-491d-9aa1-7f15d9a1da2f/datanode-2/data/ratis/bdad85d9-5a6e-42fe-aa6a-3c2ef1e94944/current/log_inprogress_0 to /workdir/hadoop-ozone/integration-test/target/test-dir/MiniOzoneClusterImpl-55dc459c-4f9d-491d-9aa1-7f15d9a1da2f/datanode-2/data/ratis/bdad85d9-5a6e-42fe-aa6a-3c2ef1e94944/current/log_0-2
2019-10-04 02:36:36,936 [grpc-default-executor-2] WARN  server.GrpcLogAppender (LogUtils.java:warn(134)) - c13f9db6-dbd2-45bd-8caa-43586fad62aa@group-3C2EF1E94944->942988af-fa3d-4753-9e3b-dae2bed50966-AppendLogResponseHandler: Failed appendEntries: org.apache.ratis.thirdparty.io.grpc.StatusRuntimeException: UNAVAILABLE: io exception
2019-10-04 02:36:36,968 [grpc-default-executor-2] INFO  impl.FollowerInfo (FollowerInfo.java:lambda$new$0(51)) - c13f9db6-dbd2-45bd-8caa-43586fad62aa@group-3C2EF1E94944->942988af-fa3d-4753-9e3b-dae2bed50966: nextIndex: updateUnconditionally 3 -> 1
2019-10-04 02:36:36,970 [grpc-default-executor-2] INFO  impl.RaftServerImpl (ServerState.java:setLeader(255)) - 17757683-1fb4-4950-8121-37d40baca579@group-3C2EF1E94944: change Leader from null to c13f9db6-dbd2-45bd-8caa-43586fad62aa at term 2 for appendEntries, leader elected after 75ms
2019-10-04 02:36:36,978 [grpc-default-executor-2] INFO  impl.RaftServerImpl (ServerState.java:setRaftConf(356)) - 17757683-1fb4-4950-8121-37d40baca579@group-3C2EF1E94944: set configuration 3: [17757683-1fb4-4950-8121-37d40baca579:192.168.164.196:37423, 942988af-fa3d-4753-9e3b-dae2bed50966:192.168.164.196:38957, c13f9db6-dbd2-45bd-8caa-43586fad62aa:192.168.164.196:41062], old=null at 3
2019-10-04 02:36:36,980 [grpc-default-executor-2] INFO  segmented.SegmentedRaftLogWorker (SegmentedRaftLogWorker.java:rollLogSegment(390)) - 17757683-1fb4-4950-8121-37d40baca579@group-3C2EF1E94944-SegmentedRaftLogWorker: Rolling segment log-0_2 to index:2
2019-10-04 02:36:36,986 [17757683-1fb4-4950-8121-37d40baca579@group-3C2EF1E94944-SegmentedRaftLogWorker] INFO  segmented.SegmentedRaftLogWorker (SegmentedRaftLogWorker.java:execute(531)) - 17757683-1fb4-4950-8121-37d40baca579@group-3C2EF1E94944-SegmentedRaftLogWorker: Rolled log segment from /workdir/hadoop-ozone/integration-test/target/test-dir/MiniOzoneClusterImpl-55dc459c-4f9d-491d-9aa1-7f15d9a1da2f/datanode-3/data/ratis/bdad85d9-5a6e-42fe-aa6a-3c2ef1e94944/current/log_inprogress_0 to /workdir/hadoop-ozone/integration-test/target/test-dir/MiniOzoneClusterImpl-55dc459c-4f9d-491d-9aa1-7f15d9a1da2f/datanode-3/data/ratis/bdad85d9-5a6e-42fe-aa6a-3c2ef1e94944/current/log_0-2
2019-10-04 02:36:37,022 [c13f9db6-dbd2-45bd-8caa-43586fad62aa@group-3C2EF1E94944-SegmentedRaftLogWorker] INFO  segmented.SegmentedRaftLogWorker (SegmentedRaftLogWorker.java:execute(574)) - c13f9db6-dbd2-45bd-8caa-43586fad62aa@group-3C2EF1E94944-SegmentedRaftLogWorker: created new log segment /workdir/hadoop-ozone/integration-test/target/test-dir/MiniOzoneClusterImpl-55dc459c-4f9d-491d-9aa1-7f15d9a1da2f/datanode-2/data/ratis/bdad85d9-5a6e-42fe-aa6a-3c2ef1e94944/current/log_inprogress_3
2019-10-04 02:36:37,046 [17757683-1fb4-4950-8121-37d40baca579@group-3C2EF1E94944-SegmentedRaftLogWorker] INFO  segmented.SegmentedRaftLogWorker (SegmentedRaftLogWorker.java:execute(574)) - 17757683-1fb4-4950-8121-37d40baca579@group-3C2EF1E94944-SegmentedRaftLogWorker: created new log segment /workdir/hadoop-ozone/integration-test/target/test-dir/MiniOzoneClusterImpl-55dc459c-4f9d-491d-9aa1-7f15d9a1da2f/datanode-3/data/ratis/bdad85d9-5a6e-42fe-aa6a-3c2ef1e94944/current/log_inprogress_3
2019-10-04 02:36:37,067 [grpc-default-executor-0] WARN  server.GrpcLogAppender (LogUtils.java:warn(134)) - c13f9db6-dbd2-45bd-8caa-43586fad62aa@group-3C2EF1E94944->942988af-fa3d-4753-9e3b-dae2bed50966-AppendLogResponseHandler: Failed appendEntries: org.apache.ratis.thirdparty.io.grpc.StatusRuntimeException: UNAVAILABLE: io exception
2019-10-04 02:36:37,069 [grpc-default-executor-0] INFO  impl.FollowerInfo (FollowerInfo.java:lambda$new$0(51)) - c13f9db6-dbd2-45bd-8caa-43586fad62aa@group-3C2EF1E94944->942988af-fa3d-4753-9e3b-dae2bed50966: nextIndex: updateUnconditionally 2 -> 1
2019-10-04 02:36:37,083 [grpc-default-executor-1] WARN  server.GrpcLogAppender (LogUtils.java:warn(134)) - c13f9db6-dbd2-45bd-8caa-43586fad62aa@group-3C2EF1E94944->942988af-fa3d-4753-9e3b-dae2bed50966-AppendLogResponseHandler: Failed appendEntries: org.apache.ratis.thirdparty.io.grpc.StatusRuntimeException: UNAVAILABLE: io exception
2019-10-04 02:36:37,085 [grpc-default-executor-1] INFO  impl.FollowerInfo (FollowerInfo.java:lambda$new$0(51)) - c13f9db6-dbd2-45bd-8caa-43586fad62aa@group-3C2EF1E94944->942988af-fa3d-4753-9e3b-dae2bed50966: nextIndex: updateUnconditionally 2 -> 1
]]></system-out>
    <system-err><![CDATA[ERROR StatusLogger No Log4j 2 configuration file found. Using default configuration (logging only errors to the console), or user programmatically provided configurations. Set system property 'log4j2.debug' to show Log4j 2 internal initialization logging. See https://logging.apache.org/log4j/2.x/manual/configuration.html for instructions on how to configure Log4j 2
]]></system-err>
  </testcase>
</testsuite>